MODULE_NAME: /usr/bin/gs
MODULE_START: 0x7f9a28852000
+B+: 0x7f9a28853000 0x7f9a2885300f
+B+: 0x7f9a28853012 0x7f9a28853016
+B+: 0x7f9a28853020 0x7f9a2885302b
+B+: 0x7f9a28853030 0x7f9a28853035
+B+: 0x7f9a28853036 0x7f9a2885303f
+B+: 0x7f9a28853040 0x7f9a28853045
+B+: 0x7f9a28853046 0x7f9a2885304f
+B+: 0x7f9a28853050 0x7f9a28853055
+B+: 0x7f9a28853056 0x7f9a2885305f
+B+: 0x7f9a28853090 0x7f9a28853095
+B+: 0x7f9a28853096 0x7f9a2885309f
+B+: 0x7f9a288530b0 0x7f9a288530b5
+B+: 0x7f9a288530b6 0x7f9a288530bf
+B+: 0x7f9a288530c0 0x7f9a288530c5
+B+: 0x7f9a288530c6 0x7f9a288530cf
+B+: 0x7f9a288530d0 0x7f9a288530d5
+B+: 0x7f9a288530d6 0x7f9a288530df
+B+: 0x7f9a288530e0 0x7f9a288530e5
+B+: 0x7f9a288530f0 0x7f9a28853121
+B+: 0x7f9a28853122 0x7f9a28853127
+B+: 0x7f9a28853128 0x7f9a28853130
+B+: 0x7f9a28853131 0x7f9a28853132
+B+: 0x7f9a28853133 0x7f9a28853137
+B+: 0x7f9a28853138 0x7f9a28853152
+B+: 0x7f9a28853153 0x7f9a2885315b
+B+: 0x7f9a28853184 0x7f9a288531a2
+B+: 0x7f9a288531a3 0x7f9a288531b1
+B+: 0x7f9a288531b2 0x7f9a288531b7
+B+: 0x7f9a288531b8 0x7f9a288531c1
+B+: 0x7f9a288531c2 0x7f9a288531c5
+B+: 0x7f9a288531c6 0x7f9a288531ca
+B+: 0x7f9a288531cb 0x7f9a288531d6
+B+: 0x7f9a288531d7 0x7f9a288531db
+B+: 0x7f9a28853220 0x7f9a28853249
+B+: 0x7f9a28853250 0x7f9a28853262
+B+: 0x7f9a28853278 0x7f9a28853278
+B+: 0x7f9a28853280 0x7f9a288532a3
+B+: 0x7f9a288532b8 0x7f9a288532b8
+B+: 0x7f9a288532c0 0x7f9a288532c8
+B+: 0x7f9a288532c9 0x7f9a288532d6
+B+: 0x7f9a288532d7 0x7f9a288532e2
+B+: 0x7f9a288532e3 0x7f9a288532e7
+B+: 0x7f9a288532e8 0x7f9a288532f0
+B+: 0x7f9a28853300 0x7f9a28853304
+B+: 0x7f9a28853350 0x7f9a28853373
+B+: 0x7f9a28853374 0x7f9a2885337c
+B+: 0x7f9a2885337d 0x7f9a28853385
+B+: 0x7f9a288533c0 0x7f9a288533ec
+B+: 0x7f9a288533ed 0x7f9a288533f2
+B+: 0x7f9a288533f3 0x7f9a28853404
+B+: 0x7f9a28853405 0x7f9a2885340d
+B+: 0x7f9a2885340e 0x7f9a2885341c
+B+: 0x7f9a28853424 0x7f9a2885342c
+CND+ 0x7f9a2885300e: taken
+CND+ 0x7f9a28853126: taken
+CND+ 0x7f9a2885312b: not taken
+CND+ 0x7f9a28853131: not taken
+CND+ 0x7f9a28853136: not taken
+CND+ 0x7f9a2885314d: not taken
+CND+ 0x7f9a288531b6: not taken
+CND+ 0x7f9a288531c4: not taken
+CND+ 0x7f9a288531c9: not taken
+CND+ 0x7f9a28853261: taken
+CND+ 0x7f9a288532a2: taken
+CND+ 0x7f9a288532c7: not taken
+CND+ 0x7f9a288532d5: not taken
+CND+ 0x7f9a288533f1: not taken
+CND+ 0x7f9a2885340c: not taken
@0x7f9a28853026 to 0x7f9a2c842500 7
@0x7f9a28853030 to 0x7f9a28853036 1
@0x7f9a28853040 to 0x7f9a28853046 1
@0x7f9a28853050 to 0x7f9a28853056 1
@0x7f9a28853090 to 0x7f9a28853096 1
@0x7f9a288530b0 to 0x7f9a288530b6 1
@0x7f9a288530c0 to 0x7f9a288530c6 1
@0x7f9a288530d0 to 0x7f9a288530d6 1
@0x7f9a288530e0 to 0x7f9a2b3a81c0 1
@0x7f9a28853244 to 0x7f9a2b391fb0 1
@0x7f9a28853401 to 0x7f9a28853300 1
