MODULE_NAME: /bin/dash
MODULE_START: 0x7fd4ad172000
+B+: 0x7fd4ad176000 0x7fd4ad17600f
+B+: 0x7fd4ad176012 0x7fd4ad176016
+B+: 0x7fd4ad176050 0x7fd4ad176055
+B+: 0x7fd4ad176080 0x7fd4ad176085
+B+: 0x7fd4ad176090 0x7fd4ad176095
+B+: 0x7fd4ad1760a0 0x7fd4ad1760a5
+B+: 0x7fd4ad1760d0 0x7fd4ad1760d5
+B+: 0x7fd4ad1760f0 0x7fd4ad1760f5
+B+: 0x7fd4ad176130 0x7fd4ad176135
+B+: 0x7fd4ad176140 0x7fd4ad176145
+B+: 0x7fd4ad176150 0x7fd4ad176155
+B+: 0x7fd4ad176160 0x7fd4ad176165
+B+: 0x7fd4ad176190 0x7fd4ad176195
+B+: 0x7fd4ad1761c0 0x7fd4ad1761c5
+B+: 0x7fd4ad1761e0 0x7fd4ad1761e5
+B+: 0x7fd4ad176220 0x7fd4ad176225
+B+: 0x7fd4ad176230 0x7fd4ad176235
+B+: 0x7fd4ad176280 0x7fd4ad176285
+B+: 0x7fd4ad1762a0 0x7fd4ad1762a5
+B+: 0x7fd4ad1762d0 0x7fd4ad1762d5
+B+: 0x7fd4ad176320 0x7fd4ad176325
+B+: 0x7fd4ad176330 0x7fd4ad176335
+B+: 0x7fd4ad176350 0x7fd4ad176355
+B+: 0x7fd4ad176370 0x7fd4ad176375
+B+: 0x7fd4ad176390 0x7fd4ad176395
+B+: 0x7fd4ad1763b0 0x7fd4ad1763b5
+B+: 0x7fd4ad1763c0 0x7fd4ad1763c5
+B+: 0x7fd4ad1763e0 0x7fd4ad1763e5
+B+: 0x7fd4ad176410 0x7fd4ad176415
+B+: 0x7fd4ad176460 0x7fd4ad176465
+B+: 0x7fd4ad176510 0x7fd4ad176515
+B+: 0x7fd4ad176560 0x7fd4ad176565
+B+: 0x7fd4ad176570 0x7fd4ad176575
+B+: 0x7fd4ad176590 0x7fd4ad1765b8
+B+: 0x7fd4ad1765b9 0x7fd4ad1765c4
+B+: 0x7fd4ad1765c5 0x7fd4ad1765cf
+B+: 0x7fd4ad1765d0 0x7fd4ad1765e7
+B+: 0x7fd4ad1765e8 0x7fd4ad1765ef
+B+: 0x7fd4ad1765f0 0x7fd4ad176600
+B+: 0x7fd4ad176601 0x7fd4ad17660b
+B+: 0x7fd4ad17660c 0x7fd4ad176615
+B+: 0x7fd4ad176616 0x7fd4ad176623
+B+: 0x7fd4ad176624 0x7fd4ad17662b
+B+: 0x7fd4ad17662c 0x7fd4ad17663c
+B+: 0x7fd4ad176657 0x7fd4ad176660
+B+: 0x7fd4ad176661 0x7fd4ad176678
+B+: 0x7fd4ad176679 0x7fd4ad17667f
+B+: 0x7fd4ad176680 0x7fd4ad17668c
+B+: 0x7fd4ad17668d 0x7fd4ad176696
+B+: 0x7fd4ad176697 0x7fd4ad17669b
+B+: 0x7fd4ad176760 0x7fd4ad176789
+B+: 0x7fd4ad1767c0 0x7fd4ad1767e3
+B+: 0x7fd4ad1767f8 0x7fd4ad1767f8
+B+: 0x7fd4ad176840 0x7fd4ad176844
+B+: 0x7fd4ad176850 0x7fd4ad176863
+B+: 0x7fd4ad176864 0x7fd4ad17686f
+B+: 0x7fd4ad176870 0x7fd4ad17687d
+B+: 0x7fd4ad17687e 0x7fd4ad1768aa
+B+: 0x7fd4ad1768ab 0x7fd4ad1768ac
+B+: 0x7fd4ad1768cb 0x7fd4ad1768d2
+B+: 0x7fd4ad176a50 0x7fd4ad176a57
+B+: 0x7fd4ad176a58 0x7fd4ad176a5e
+B+: 0x7fd4ad176a5f 0x7fd4ad176a63
+B+: 0x7fd4ad176a71 0x7fd4ad176a72
+B+: 0x7fd4ad1776d0 0x7fd4ad1776eb
+B+: 0x7fd4ad1776ec 0x7fd4ad177705
+B+: 0x7fd4ad177717 0x7fd4ad17771b
+B+: 0x7fd4ad17771c 0x7fd4ad177720
+B+: 0x7fd4ad17772c 0x7fd4ad177730
+B+: 0x7fd4ad17773e 0x7fd4ad17774d
+B+: 0x7fd4ad17774e 0x7fd4ad177757
+B+: 0x7fd4ad177758 0x7fd4ad177775
+B+: 0x7fd4ad177780 0x7fd4ad177788
+B+: 0x7fd4ad177789 0x7fd4ad177790
+B+: 0x7fd4ad177791 0x7fd4ad17779c
+B+: 0x7fd4ad178060 0x7fd4ad17807e
+B+: 0x7fd4ad17810d 0x7fd4ad17811c
+B+: 0x7fd4ad17811d 0x7fd4ad178123
+B+: 0x7fd4ad178140 0x7fd4ad17814a
+B+: 0x7fd4ad17814b 0x7fd4ad178152
+B+: 0x7fd4ad178153 0x7fd4ad17815d
+B+: 0x7fd4ad17815e 0x7fd4ad17816f
+B+: 0x7fd4ad178188 0x7fd4ad17818c
+B+: 0x7fd4ad17818d 0x7fd4ad178191
+B+: 0x7fd4ad178192 0x7fd4ad17819c
+B+: 0x7fd4ad1781a7 0x7fd4ad1781ad
+B+: 0x7fd4ad1781ae 0x7fd4ad1781b5
+B+: 0x7fd4ad1781c0 0x7fd4ad1781cf
+B+: 0x7fd4ad178bc0 0x7fd4ad178bfa
+B+: 0x7fd4ad178bfb 0x7fd4ad178c07
+B+: 0x7fd4ad178c08 0x7fd4ad178c0f
+B+: 0x7fd4ad178c10 0x7fd4ad178c11
+B+: 0x7fd4ad178c18 0x7fd4ad178c21
+B+: 0x7fd4ad178c22 0x7fd4ad178c2e
+B+: 0x7fd4ad178c32 0x7fd4ad178c39
+B+: 0x7fd4ad178c3a 0x7fd4ad178c49
+B+: 0x7fd4ad178c4a 0x7fd4ad178c51
+B+: 0x7fd4ad178c52 0x7fd4ad178c58
+B+: 0x7fd4ad178c59 0x7fd4ad178c60
+B+: 0x7fd4ad178c61 0x7fd4ad178c68
+B+: 0x7fd4ad178c69 0x7fd4ad178c6d
+B+: 0x7fd4ad178c6e 0x7fd4ad178c77
+B+: 0x7fd4ad178c78 0x7fd4ad178c89
+B+: 0x7fd4ad178c8a 0x7fd4ad178c98
+B+: 0x7fd4ad178e90 0x7fd4ad178ed3
+B+: 0x7fd4ad178edf 0x7fd4ad178ef5
+B+: 0x7fd4ad178ef6 0x7fd4ad178efa
+B+: 0x7fd4ad178efb 0x7fd4ad178f5a
+B+: 0x7fd4ad178f5b 0x7fd4ad178f67
+B+: 0x7fd4ad178f68 0x7fd4ad178f77
+B+: 0x7fd4ad178f78 0x7fd4ad178f7f
+B+: 0x7fd4ad178f80 0x7fd4ad178f8b
+B+: 0x7fd4ad178f8c 0x7fd4ad178f94
+B+: 0x7fd4ad178f95 0x7fd4ad178f9b
+B+: 0x7fd4ad178fa0 0x7fd4ad178faf
+B+: 0x7fd4ad178fb0 0x7fd4ad178fc5
+B+: 0x7fd4ad178fc6 0x7fd4ad178fcf
+B+: 0x7fd4ad178fd0 0x7fd4ad178fe3
+B+: 0x7fd4ad178fe4 0x7fd4ad178ffc
+B+: 0x7fd4ad179019 0x7fd4ad17902b
+B+: 0x7fd4ad17902c 0x7fd4ad179034
+B+: 0x7fd4ad179035 0x7fd4ad179047
+B+: 0x7fd4ad179048 0x7fd4ad17905b
+B+: 0x7fd4ad1790a8 0x7fd4ad1790b4
+B+: 0x7fd4ad1790b5 0x7fd4ad1790b9
+B+: 0x7fd4ad1790db 0x7fd4ad1790e1
+B+: 0x7fd4ad1790f0 0x7fd4ad179103
+B+: 0x7fd4ad179104 0x7fd4ad179113
+B+: 0x7fd4ad179114 0x7fd4ad17911b
+B+: 0x7fd4ad17911c 0x7fd4ad179122
+B+: 0x7fd4ad179123 0x7fd4ad179152
+B+: 0x7fd4ad179153 0x7fd4ad17915f
+B+: 0x7fd4ad179160 0x7fd4ad179168
+B+: 0x7fd4ad179216 0x7fd4ad17921c
+B+: 0x7fd4ad179224 0x7fd4ad17922d
+B+: 0x7fd4ad17922e 0x7fd4ad179237
+B+: 0x7fd4ad179238 0x7fd4ad179241
+B+: 0x7fd4ad179242 0x7fd4ad17924b
+B+: 0x7fd4ad17925d 0x7fd4ad179266
+B+: 0x7fd4ad179267 0x7fd4ad179281
+B+: 0x7fd4ad179282 0x7fd4ad179293
+B+: 0x7fd4ad17934c 0x7fd4ad179353
+B+: 0x7fd4ad179354 0x7fd4ad17936f
+B+: 0x7fd4ad17951b 0x7fd4ad179525
+B+: 0x7fd4ad179526 0x7fd4ad17952e
+B+: 0x7fd4ad17952f 0x7fd4ad179537
+B+: 0x7fd4ad1798d0 0x7fd4ad1798ec
+B+: 0x7fd4ad1798ed 0x7fd4ad1798f1
+B+: 0x7fd4ad1798f8 0x7fd4ad1798fa
+B+: 0x7fd4ad1798fb 0x7fd4ad179907
+B+: 0x7fd4ad179908 0x7fd4ad17993e
+B+: 0x7fd4ad17993f 0x7fd4ad179940
+B+: 0x7fd4ad179963 0x7fd4ad179977
+B+: 0x7fd4ad179980 0x7fd4ad179986
+B+: 0x7fd4ad179987 0x7fd4ad17998e
+B+: 0x7fd4ad17998f 0x7fd4ad179997
+B+: 0x7fd4ad179998 0x7fd4ad1799ba
+B+: 0x7fd4ad1799bb 0x7fd4ad1799bc
+B+: 0x7fd4ad1799c0 0x7fd4ad1799e7
+B+: 0x7fd4ad1799e8 0x7fd4ad1799f7
+B+: 0x7fd4ad179a19 0x7fd4ad179a21
+B+: 0x7fd4ad179a22 0x7fd4ad179a2a
+B+: 0x7fd4ad179a2b 0x7fd4ad179a34
+B+: 0x7fd4ad179a35 0x7fd4ad179a3f
+B+: 0x7fd4ad179ad0 0x7fd4ad179ae9
+B+: 0x7fd4ad179aea 0x7fd4ad179b00
+B+: 0x7fd4ad179b10 0x7fd4ad179b1f
+B+: 0x7fd4ad179b20 0x7fd4ad179b2b
+B+: 0x7fd4ad179b2c 0x7fd4ad179b31
+B+: 0x7fd4ad179b32 0x7fd4ad179b41
+B+: 0x7fd4ad179b56 0x7fd4ad179b61
+B+: 0x7fd4ad179b62 0x7fd4ad179b6f
+B+: 0x7fd4ad179b70 0x7fd4ad179b85
+B+: 0x7fd4ad179b86 0x7fd4ad179b97
+B+: 0x7fd4ad179b98 0x7fd4ad179bc0
+B+: 0x7fd4ad179bc8 0x7fd4ad179bcc
+B+: 0x7fd4ad179bcd 0x7fd4ad179bea
+B+: 0x7fd4ad179d70 0x7fd4ad179d98
+B+: 0x7fd4ad179da0 0x7fd4ad179da1
+B+: 0x7fd4ad179da2 0x7fd4ad179daa
+B+: 0x7fd4ad179dab 0x7fd4ad179dc5
+B+: 0x7fd4ad179dc6 0x7fd4ad179dc9
+B+: 0x7fd4ad179dca 0x7fd4ad179dd1
+B+: 0x7fd4ad179dd2 0x7fd4ad179de6
+B+: 0x7fd4ad179df0 0x7fd4ad179e2a
+B+: 0x7fd4ad179e2b 0x7fd4ad179e2f
+B+: 0x7fd4ad179e46 0x7fd4ad179e5c
+B+: 0x7fd4ad179e5d 0x7fd4ad179e6e
+B+: 0x7fd4ad179e90 0x7fd4ad179ead
+B+: 0x7fd4ad179ec8 0x7fd4ad179ed1
+B+: 0x7fd4ad179ed2 0x7fd4ad179edd
+B+: 0x7fd4ad179f6c 0x7fd4ad179f8f
+B+: 0x7fd4ad179f90 0x7fd4ad179f9c
+B+: 0x7fd4ad179f9d 0x7fd4ad179fa8
+B+: 0x7fd4ad179fa9 0x7fd4ad179fb0
+B+: 0x7fd4ad179fb1 0x7fd4ad179fc5
+B+: 0x7fd4ad17a008 0x7fd4ad17a012
+B+: 0x7fd4ad17a013 0x7fd4ad17a01e
+B+: 0x7fd4ad17a01f 0x7fd4ad17a02e
+B+: 0x7fd4ad17a060 0x7fd4ad17a066
+B+: 0x7fd4ad17a067 0x7fd4ad17a074
+B+: 0x7fd4ad17a075 0x7fd4ad17a086
+B+: 0x7fd4ad17a087 0x7fd4ad17a08e
+B+: 0x7fd4ad17a08f 0x7fd4ad17a0a2
+B+: 0x7fd4ad17a0a3 0x7fd4ad17a0b0
+B+: 0x7fd4ad17a100 0x7fd4ad17a116
+B+: 0x7fd4ad17a145 0x7fd4ad17a14d
+B+: 0x7fd4ad17a14e 0x7fd4ad17a157
+B+: 0x7fd4ad17a160 0x7fd4ad17a166
+B+: 0x7fd4ad17a1c0 0x7fd4ad17a1d1
+B+: 0x7fd4ad17a1e8 0x7fd4ad17a1ef
+B+: 0x7fd4ad17a248 0x7fd4ad17a25b
+B+: 0x7fd4ad17a25c 0x7fd4ad17a271
+B+: 0x7fd4ad17a7d0 0x7fd4ad17a7ff
+B+: 0x7fd4ad17a80f 0x7fd4ad17a812
+B+: 0x7fd4ad17a813 0x7fd4ad17a81c
+B+: 0x7fd4ad17a81d 0x7fd4ad17a820
+B+: 0x7fd4ad17a821 0x7fd4ad17a82f
+B+: 0x7fd4ad17a830 0x7fd4ad17a83a
+B+: 0x7fd4ad17a84f 0x7fd4ad17a85a
+B+: 0x7fd4ad17a85f 0x7fd4ad17a862
+B+: 0x7fd4ad17a870 0x7fd4ad17a877
+B+: 0x7fd4ad17a878 0x7fd4ad17a88d
+B+: 0x7fd4ad17b440 0x7fd4ad17b464
+B+: 0x7fd4ad17b61e 0x7fd4ad17b627
+B+: 0x7fd4ad17b628 0x7fd4ad17b631
+B+: 0x7fd4ad17b632 0x7fd4ad17b659
+B+: 0x7fd4ad17b6af 0x7fd4ad17b6bc
+B+: 0x7fd4ad17b6c0 0x7fd4ad17b6cb
+B+: 0x7fd4ad17b730 0x7fd4ad17b73b
+B+: 0x7fd4ad17b740 0x7fd4ad17b75e
+B+: 0x7fd4ad17b75f 0x7fd4ad17b767
+B+: 0x7fd4ad17b7d2 0x7fd4ad17b7e3
+B+: 0x7fd4ad17b8a0 0x7fd4ad17b8a7
+B+: 0x7fd4ad17c260 0x7fd4ad17c2a5
+B+: 0x7fd4ad17c2b5 0x7fd4ad17c2be
+B+: 0x7fd4ad17c2bf 0x7fd4ad17c2d2
+B+: 0x7fd4ad17c2d3 0x7fd4ad17c2fc
+B+: 0x7fd4ad17c2fd 0x7fd4ad17c310
+B+: 0x7fd4ad17c324 0x7fd4ad17c328
+B+: 0x7fd4ad17c336 0x7fd4ad17c33f
+B+: 0x7fd4ad17c340 0x7fd4ad17c344
+B+: 0x7fd4ad17c370 0x7fd4ad17c386
+B+: 0x7fd4ad17c387 0x7fd4ad17c398
+B+: 0x7fd4ad17c3a0 0x7fd4ad17c3b6
+B+: 0x7fd4ad17c3b7 0x7fd4ad17c3d7
+B+: 0x7fd4ad17c3dd 0x7fd4ad17c3ec
+B+: 0x7fd4ad17c850 0x7fd4ad17c886
+B+: 0x7fd4ad17c887 0x7fd4ad17c89a
+B+: 0x7fd4ad17c89b 0x7fd4ad17c8ad
+B+: 0x7fd4ad17c8ae 0x7fd4ad17c8c4
+B+: 0x7fd4ad17c8c5 0x7fd4ad17c8d7
+B+: 0x7fd4ad17c8d8 0x7fd4ad17c8e7
+B+: 0x7fd4ad17c8e8 0x7fd4ad17c90c
+B+: 0x7fd4ad17c90d 0x7fd4ad17c915
+B+: 0x7fd4ad17c924 0x7fd4ad17c933
+B+: 0x7fd4ad17c934 0x7fd4ad17c947
+B+: 0x7fd4ad17c948 0x7fd4ad17c954
+B+: 0x7fd4ad17c955 0x7fd4ad17c95f
+B+: 0x7fd4ad17c960 0x7fd4ad17c964
+B+: 0x7fd4ad17ca6a 0x7fd4ad17ca7c
+B+: 0x7fd4ad17ca7d 0x7fd4ad17ca9c
+B+: 0x7fd4ad17cba0 0x7fd4ad17cbad
+B+: 0x7fd4ad17cbae 0x7fd4ad17cbe1
+B+: 0x7fd4ad17cbf0 0x7fd4ad17cbfb
+B+: 0x7fd4ad17cdb0 0x7fd4ad17cdbd
+B+: 0x7fd4ad17cdbe 0x7fd4ad17cdca
+B+: 0x7fd4ad17cdcb 0x7fd4ad17cde3
+B+: 0x7fd4ad17cde8 0x7fd4ad17cdf4
+B+: 0x7fd4ad17cdf8 0x7fd4ad17ce04
+B+: 0x7fd4ad17ce05 0x7fd4ad17ce12
+B+: 0x7fd4ad17ce13 0x7fd4ad17ce1d
+B+: 0x7fd4ad17ceb4 0x7fd4ad17cec1
+B+: 0x7fd4ad17d160 0x7fd4ad17d174
+B+: 0x7fd4ad17d175 0x7fd4ad17d187
+B+: 0x7fd4ad17d188 0x7fd4ad17d1a2
+B+: 0x7fd4ad17d1a3 0x7fd4ad17d1ac
+B+: 0x7fd4ad17d1ad 0x7fd4ad17d1b3
+B+: 0x7fd4ad17d1d0 0x7fd4ad17d1e5
+B+: 0x7fd4ad17d1eb 0x7fd4ad17d1f3
+B+: 0x7fd4ad17d205 0x7fd4ad17d20b
+B+: 0x7fd4ad17d20c 0x7fd4ad17d21d
+B+: 0x7fd4ad17d21e 0x7fd4ad17d226
+B+: 0x7fd4ad17d227 0x7fd4ad17d230
+B+: 0x7fd4ad17d231 0x7fd4ad17d232
+B+: 0x7fd4ad17d240 0x7fd4ad17d248
+B+: 0x7fd4ad17d260 0x7fd4ad17d260
+B+: 0x7fd4ad17d520 0x7fd4ad17d534
+B+: 0x7fd4ad17d572 0x7fd4ad17d578
+B+: 0x7fd4ad17d580 0x7fd4ad17d583
+B+: 0x7fd4ad17d610 0x7fd4ad17d656
+B+: 0x7fd4ad17d65b 0x7fd4ad17d686
+B+: 0x7fd4ad17d687 0x7fd4ad17d69d
+B+: 0x7fd4ad17d6fc 0x7fd4ad17d708
+B+: 0x7fd4ad17d709 0x7fd4ad17d711
+B+: 0x7fd4ad17d712 0x7fd4ad17d72a
+B+: 0x7fd4ad17d72b 0x7fd4ad17d73c
+B+: 0x7fd4ad17d740 0x7fd4ad17d747
+B+: 0x7fd4ad17d748 0x7fd4ad17d75f
+B+: 0x7fd4ad17d760 0x7fd4ad17d766
+B+: 0x7fd4ad17d767 0x7fd4ad17d780
+B+: 0x7fd4ad17d790 0x7fd4ad17d793
+B+: 0x7fd4ad17d794 0x7fd4ad17d798
+B+: 0x7fd4ad17d7a2 0x7fd4ad17d7aa
+B+: 0x7fd4ad17d7ab 0x7fd4ad17d7ae
+B+: 0x7fd4ad17d7af 0x7fd4ad17d7bd
+B+: 0x7fd4ad17d7cb 0x7fd4ad17d7d3
+B+: 0x7fd4ad17d825 0x7fd4ad17d841
+B+: 0x7fd4ad17d842 0x7fd4ad17d84d
+B+: 0x7fd4ad17d87e 0x7fd4ad17d88e
+B+: 0x7fd4ad17d88f 0x7fd4ad17d8a0
+B+: 0x7fd4ad17d8a1 0x7fd4ad17d8ad
+B+: 0x7fd4ad17dc10 0x7fd4ad17dc30
+B+: 0x7fd4ad17dc31 0x7fd4ad17dc58
+B+: 0x7fd4ad17dc5e 0x7fd4ad17dc66
+B+: 0x7fd4ad17dc67 0x7fd4ad17dc6f
+B+: 0x7fd4ad17dc78 0x7fd4ad17dc87
+B+: 0x7fd4ad17dc88 0x7fd4ad17dc89
+B+: 0x7fd4ad17dca0 0x7fd4ad17dcaf
+B+: 0x7fd4ad17dcba 0x7fd4ad17dcc4
+B+: 0x7fd4ad17dce0 0x7fd4ad17dce8
+B+: 0x7fd4ad17e360 0x7fd4ad17e36b
+B+: 0x7fd4ad17e480 0x7fd4ad17e480
+B+: 0x7fd4ad17e9c0 0x7fd4ad17e9db
+B+: 0x7fd4ad17ea16 0x7fd4ad17ea32
+B+: 0x7fd4ad17ea33 0x7fd4ad17ea52
+B+: 0x7fd4ad17ea63 0x7fd4ad17ea6a
+B+: 0x7fd4ad17ea90 0x7fd4ad17eaa6
+B+: 0x7fd4ad17eaa7 0x7fd4ad17eaae
+B+: 0x7fd4ad17eaaf 0x7fd4ad17eab6
+B+: 0x7fd4ad17eaf6 0x7fd4ad17eb01
+B+: 0x7fd4ad17eb0c 0x7fd4ad17eb34
+B+: 0x7fd4ad17eb40 0x7fd4ad17eb57
+B+: 0x7fd4ad17eb58 0x7fd4ad17eb5f
+B+: 0x7fd4ad17eb60 0x7fd4ad17eb67
+B+: 0x7fd4ad17eb68 0x7fd4ad17eb70
+B+: 0x7fd4ad17eb71 0x7fd4ad17eb7a
+B+: 0x7fd4ad17eb7b 0x7fd4ad17eb80
+B+: 0x7fd4ad17eb97 0x7fd4ad17eb9c
+B+: 0x7fd4ad17ec0a 0x7fd4ad17ec3d
+B+: 0x7fd4ad17ec47 0x7fd4ad17ec53
+B+: 0x7fd4ad17eed0 0x7fd4ad17eede
+B+: 0x7fd4ad17eedf 0x7fd4ad17eee7
+B+: 0x7fd4ad17eee8 0x7fd4ad17eefc
+B+: 0x7fd4ad17eefd 0x7fd4ad17ef02
+B+: 0x7fd4ad17ef03 0x7fd4ad17ef1b
+B+: 0x7fd4ad17ef1c 0x7fd4ad17ef21
+B+: 0x7fd4ad17ef22 0x7fd4ad17ef2b
+B+: 0x7fd4ad17efc0 0x7fd4ad17efc7
+B+: 0x7fd4ad17efc8 0x7fd4ad17efd0
+B+: 0x7fd4ad17f760 0x7fd4ad17f768
+B+: 0x7fd4ad17f769 0x7fd4ad17f76d
+B+: 0x7fd4ad17f76e 0x7fd4ad17f772
+B+: 0x7fd4ad17f780 0x7fd4ad17f788
+B+: 0x7fd4ad17f789 0x7fd4ad17f78d
+B+: 0x7fd4ad17f78e 0x7fd4ad17f792
+B+: 0x7fd4ad17f7c0 0x7fd4ad17f7d9
+B+: 0x7fd4ad17f7da 0x7fd4ad17f7e6
+B+: 0x7fd4ad17f7f7 0x7fd4ad17f802
+B+: 0x7fd4ad17f803 0x7fd4ad17f80b
+B+: 0x7fd4ad17f80c 0x7fd4ad17f841
+B+: 0x7fd4ad17f842 0x7fd4ad17f84b
+B+: 0x7fd4ad17f84c 0x7fd4ad17f852
+B+: 0x7fd4ad17f853 0x7fd4ad17f875
+B+: 0x7fd4ad17f880 0x7fd4ad17f88e
+B+: 0x7fd4ad17f8b0 0x7fd4ad17f8c8
+B+: 0x7fd4ad17f900 0x7fd4ad17f941
+B+: 0x7fd4ad17f950 0x7fd4ad17f966
+B+: 0x7fd4ad17f967 0x7fd4ad17f97e
+B+: 0x7fd4ad17f97f 0x7fd4ad17f98a
+B+: 0x7fd4ad17f98b 0x7fd4ad17f9b3
+B+: 0x7fd4ad17f9b4 0x7fd4ad17f9bd
+B+: 0x7fd4ad17f9be 0x7fd4ad17f9bf
+B+: 0x7fd4ad17f9d0 0x7fd4ad17f9e8
+B+: 0x7fd4ad17f9e9 0x7fd4ad17fa14
+B+: 0x7fd4ad17fa1e 0x7fd4ad17fa25
+B+: 0x7fd4ad17fa26 0x7fd4ad17fa33
+B+: 0x7fd4ad17fa34 0x7fd4ad17fa46
+B+: 0x7fd4ad17fae0 0x7fd4ad17fafe
+B+: 0x7fd4ad17faff 0x7fd4ad17fb0c
+B+: 0x7fd4ad17fb0d 0x7fd4ad17fb1b
+B+: 0x7fd4ad17fb1c 0x7fd4ad17fb2c
+B+: 0x7fd4ad17fb40 0x7fd4ad17fb62
+B+: 0x7fd4ad17fb98 0x7fd4ad17fba9
+B+: 0x7fd4ad1806d0 0x7fd4ad1806f4
+B+: 0x7fd4ad1806f5 0x7fd4ad18070d
+B+: 0x7fd4ad18070e 0x7fd4ad180712
+B+: 0x7fd4ad180713 0x7fd4ad18071e
+B+: 0x7fd4ad18071f 0x7fd4ad180723
+B+: 0x7fd4ad180724 0x7fd4ad180728
+B+: 0x7fd4ad180729 0x7fd4ad180730
+B+: 0x7fd4ad18073c 0x7fd4ad180749
+B+: 0x7fd4ad18074a 0x7fd4ad18074d
+B+: 0x7fd4ad18074e 0x7fd4ad180760
+B+: 0x7fd4ad180761 0x7fd4ad18076b
+B+: 0x7fd4ad180790 0x7fd4ad18079d
+B+: 0x7fd4ad18079e 0x7fd4ad1807a5
+B+: 0x7fd4ad1807a6 0x7fd4ad1807a7
+B+: 0x7fd4ad180890 0x7fd4ad18089d
+B+: 0x7fd4ad18089e 0x7fd4ad1808a9
+B+: 0x7fd4ad1808aa 0x7fd4ad1808bd
+B+: 0x7fd4ad1808c0 0x7fd4ad1808ca
+B+: 0x7fd4ad1808d0 0x7fd4ad1808ef
+B+: 0x7fd4ad1808f0 0x7fd4ad1808f4
+B+: 0x7fd4ad1808f5 0x7fd4ad18090c
+B+: 0x7fd4ad18090d 0x7fd4ad180910
+B+: 0x7fd4ad180911 0x7fd4ad180912
+B+: 0x7fd4ad180913 0x7fd4ad18091b
+B+: 0x7fd4ad18091c 0x7fd4ad180930
+B+: 0x7fd4ad180938 0x7fd4ad18093c
+B+: 0x7fd4ad180980 0x7fd4ad18098f
+B+: 0x7fd4ad180990 0x7fd4ad18099b
+B+: 0x7fd4ad18099c 0x7fd4ad1809ab
+B+: 0x7fd4ad180a80 0x7fd4ad180a93
+B+: 0x7fd4ad180a94 0x7fd4ad180aac
+B+: 0x7fd4ad180aad 0x7fd4ad180abf
+B+: 0x7fd4ad180ac0 0x7fd4ad180ada
+B+: 0x7fd4ad180adb 0x7fd4ad180ae3
+B+: 0x7fd4ad180aec 0x7fd4ad180af8
+B+: 0x7fd4ad180af9 0x7fd4ad180b02
+B+: 0x7fd4ad180b03 0x7fd4ad180b06
+B+: 0x7fd4ad180b07 0x7fd4ad180b1a
+B+: 0x7fd4ad180c49 0x7fd4ad180c55
+B+: 0x7fd4ad180c56 0x7fd4ad180c67
+B+: 0x7fd4ad180c82 0x7fd4ad180c93
+B+: 0x7fd4ad180d77 0x7fd4ad180d82
+B+: 0x7fd4ad180da0 0x7fd4ad180db2
+B+: 0x7fd4ad180db3 0x7fd4ad180ddf
+B+: 0x7fd4ad180de0 0x7fd4ad180deb
+B+: 0x7fd4ad180dec 0x7fd4ad180dfc
+B+: 0x7fd4ad180dfd 0x7fd4ad180e18
+B+: 0x7fd4ad180e19 0x7fd4ad180e25
+B+: 0x7fd4ad180e26 0x7fd4ad180e2e
+B+: 0x7fd4ad180e2f 0x7fd4ad180e3f
+B+: 0x7fd4ad180e40 0x7fd4ad180e44
+B+: 0x7fd4ad180e45 0x7fd4ad180e50
+B+: 0x7fd4ad180e51 0x7fd4ad180e5d
+B+: 0x7fd4ad180e5e 0x7fd4ad180e77
+B+: 0x7fd4ad180ece 0x7fd4ad180ed2
+B+: 0x7fd4ad180ed3 0x7fd4ad180ede
+B+: 0x7fd4ad180ee0 0x7fd4ad180eec
+B+: 0x7fd4ad180f60 0x7fd4ad180f7c
+B+: 0x7fd4ad181120 0x7fd4ad181128
+B+: 0x7fd4ad181129 0x7fd4ad181147
+B+: 0x7fd4ad181750 0x7fd4ad18175e
+B+: 0x7fd4ad18175f 0x7fd4ad181763
+B+: 0x7fd4ad181764 0x7fd4ad181770
+B+: 0x7fd4ad181771 0x7fd4ad181777
+B+: 0x7fd4ad181778 0x7fd4ad181783
+B+: 0x7fd4ad181784 0x7fd4ad181788
+B+: 0x7fd4ad181789 0x7fd4ad18178d
+B+: 0x7fd4ad18178e 0x7fd4ad181796
+B+: 0x7fd4ad181797 0x7fd4ad18179e
+B+: 0x7fd4ad181890 0x7fd4ad181892
+B+: 0x7fd4ad1818a7 0x7fd4ad1818ab
+B+: 0x7fd4ad1818ac 0x7fd4ad1818b2
+B+: 0x7fd4ad1818b3 0x7fd4ad1818b6
+B+: 0x7fd4ad1818d0 0x7fd4ad1818e1
+B+: 0x7fd4ad1818e2 0x7fd4ad1818e6
+B+: 0x7fd4ad1818e7 0x7fd4ad1818eb
+B+: 0x7fd4ad1818ec 0x7fd4ad1818f1
+B+: 0x7fd4ad1818f2 0x7fd4ad1818fa
+B+: 0x7fd4ad1818fb 0x7fd4ad1818fc
+B+: 0x7fd4ad181940 0x7fd4ad181948
+B+: 0x7fd4ad181949 0x7fd4ad181951
+B+: 0x7fd4ad181980 0x7fd4ad181988
+B+: 0x7fd4ad181989 0x7fd4ad18198a
+B+: 0x7fd4ad18198b 0x7fd4ad181991
+B+: 0x7fd4ad181992 0x7fd4ad1819a2
+B+: 0x7fd4ad1819a8 0x7fd4ad1819ac
+B+: 0x7fd4ad1819eb 0x7fd4ad181a00
+B+: 0x7fd4ad181a08 0x7fd4ad181a10
+B+: 0x7fd4ad181af0 0x7fd4ad181b11
+B+: 0x7fd4ad181b12 0x7fd4ad181b16
+B+: 0x7fd4ad181b17 0x7fd4ad181b1d
+B+: 0x7fd4ad181b1e 0x7fd4ad181b26
+B+: 0x7fd4ad181b27 0x7fd4ad181b34
+B+: 0x7fd4ad181b35 0x7fd4ad181b3c
+B+: 0x7fd4ad181b3d 0x7fd4ad181b49
+B+: 0x7fd4ad181b4a 0x7fd4ad181b5a
+B+: 0x7fd4ad181b5b 0x7fd4ad181b63
+B+: 0x7fd4ad181b7f 0x7fd4ad181b93
+B+: 0x7fd4ad181b94 0x7fd4ad181b9c
+B+: 0x7fd4ad181be0 0x7fd4ad181bf7
+B+: 0x7fd4ad181bf8 0x7fd4ad181c00
+B+: 0x7fd4ad181c1b 0x7fd4ad181c2b
+B+: 0x7fd4ad181d40 0x7fd4ad181d5e
+B+: 0x7fd4ad181d5f 0x7fd4ad181d6d
+B+: 0x7fd4ad181d6e 0x7fd4ad181d72
+B+: 0x7fd4ad181d7d 0x7fd4ad181d90
+B+: 0x7fd4ad181d91 0x7fd4ad181d95
+B+: 0x7fd4ad181d96 0x7fd4ad181d9a
+B+: 0x7fd4ad181da0 0x7fd4ad181da4
+B+: 0x7fd4ad181dd5 0x7fd4ad181dd9
+B+: 0x7fd4ad181dda 0x7fd4ad181dde
+B+: 0x7fd4ad181df0 0x7fd4ad181dfb
+B+: 0x7fd4ad181dfc 0x7fd4ad181e07
+B+: 0x7fd4ad181e08 0x7fd4ad181e10
+B+: 0x7fd4ad181e2c 0x7fd4ad181e30
+B+: 0x7fd4ad181e31 0x7fd4ad181e36
+B+: 0x7fd4ad181e41 0x7fd4ad181e45
+B+: 0x7fd4ad181e46 0x7fd4ad181e54
+B+: 0x7fd4ad181e55 0x7fd4ad181e5d
+B+: 0x7fd4ad181e5e 0x7fd4ad181e62
+B+: 0x7fd4ad181e63 0x7fd4ad181e74
+B+: 0x7fd4ad181e78 0x7fd4ad181e84
+B+: 0x7fd4ad181ea0 0x7fd4ad181ea4
+B+: 0x7fd4ad181ef0 0x7fd4ad181f03
+B+: 0x7fd4ad181f40 0x7fd4ad181f76
+B+: 0x7fd4ad181f77 0x7fd4ad181f82
+B+: 0x7fd4ad181f83 0x7fd4ad181f92
+B+: 0x7fd4ad18201b 0x7fd4ad182031
+B+: 0x7fd4ad182032 0x7fd4ad182040
+B+: 0x7fd4ad182075 0x7fd4ad1820b8
+B+: 0x7fd4ad1820b9 0x7fd4ad1820c3
+B+: 0x7fd4ad1820c4 0x7fd4ad1820cc
+B+: 0x7fd4ad1820cd 0x7fd4ad1820d5
+B+: 0x7fd4ad1820d6 0x7fd4ad1820de
+B+: 0x7fd4ad1820df 0x7fd4ad182106
+B+: 0x7fd4ad182107 0x7fd4ad182133
+B+: 0x7fd4ad182578 0x7fd4ad182581
+B+: 0x7fd4ad182582 0x7fd4ad1825a8
+B+: 0x7fd4ad1825a9 0x7fd4ad1825b6
+B+: 0x7fd4ad1825d0 0x7fd4ad1825e0
+B+: 0x7fd4ad1825e1 0x7fd4ad1825ee
+B+: 0x7fd4ad1825ef 0x7fd4ad1825f3
+B+: 0x7fd4ad182670 0x7fd4ad18267e
+B+: 0x7fd4ad18267f 0x7fd4ad182683
+B+: 0x7fd4ad182684 0x7fd4ad182692
+B+: 0x7fd4ad182693 0x7fd4ad18269a
+B+: 0x7fd4ad18269b 0x7fd4ad1826a2
+B+: 0x7fd4ad1826a3 0x7fd4ad1826b7
+B+: 0x7fd4ad182790 0x7fd4ad1827bc
+B+: 0x7fd4ad1827bd 0x7fd4ad1827d4
+B+: 0x7fd4ad1827e0 0x7fd4ad18283a
+B+: 0x7fd4ad18283b 0x7fd4ad182875
+B+: 0x7fd4ad182876 0x7fd4ad182893
+B+: 0x7fd4ad182894 0x7fd4ad1828a3
+B+: 0x7fd4ad1828a4 0x7fd4ad1828b0
+B+: 0x7fd4ad1829b4 0x7fd4ad1829b8
+B+: 0x7fd4ad1829b9 0x7fd4ad1829cf
+B+: 0x7fd4ad1829d0 0x7fd4ad1829dc
+B+: 0x7fd4ad1829dd 0x7fd4ad1829ef
+B+: 0x7fd4ad1829f0 0x7fd4ad1829f7
+B+: 0x7fd4ad182a01 0x7fd4ad182a16
+B+: 0x7fd4ad182a28 0x7fd4ad182a3d
+B+: 0x7fd4ad182a3e 0x7fd4ad182a4d
+B+: 0x7fd4ad182a79 0x7fd4ad182a97
+B+: 0x7fd4ad182a98 0x7fd4ad182ac0
+B+: 0x7fd4ad182ac1 0x7fd4ad182acf
+B+: 0x7fd4ad183148 0x7fd4ad183154
+B+: 0x7fd4ad183155 0x7fd4ad183174
+B+: 0x7fd4ad183175 0x7fd4ad18317f
+B+: 0x7fd4ad1831ac 0x7fd4ad1831b0
+B+: 0x7fd4ad1831b1 0x7fd4ad1831b5
+B+: 0x7fd4ad183a40 0x7fd4ad183a64
+B+: 0x7fd4ad183b10 0x7fd4ad183b1a
+B+: 0x7fd4ad183b40 0x7fd4ad183b47
+B+: 0x7fd4ad183b48 0x7fd4ad183b51
+B+: 0x7fd4ad183b58 0x7fd4ad183b60
+B+: 0x7fd4ad183b61 0x7fd4ad183b6a
+B+: 0x7fd4ad183b88 0x7fd4ad183b8c
+B+: 0x7fd4ad183b8d 0x7fd4ad183b94
+B+: 0x7fd4ad183ba0 0x7fd4ad183ba4
+B+: 0x7fd4ad183d00 0x7fd4ad183d30
+B+: 0x7fd4ad183e3f 0x7fd4ad183e55
+B+: 0x7fd4ad183e56 0x7fd4ad183e67
+B+: 0x7fd4ad1841e0 0x7fd4ad184222
+B+: 0x7fd4ad184223 0x7fd4ad184228
+B+: 0x7fd4ad18424c 0x7fd4ad184260
+B+: 0x7fd4ad184261 0x7fd4ad184269
+B+: 0x7fd4ad184270 0x7fd4ad184279
+B+: 0x7fd4ad184288 0x7fd4ad1842a0
+B+: 0x7fd4ad1842a1 0x7fd4ad1842ba
+B+: 0x7fd4ad1842bb 0x7fd4ad1842bc
+B+: 0x7fd4ad1842d0 0x7fd4ad1842d8
+B+: 0x7fd4ad1842f8 0x7fd4ad1842f8
+B+: 0x7fd4ad184300 0x7fd4ad18430c
+B+: 0x7fd4ad18433f 0x7fd4ad184343
+B+: 0x7fd4ad184380 0x7fd4ad184384
+B+: 0x7fd4ad1843d0 0x7fd4ad1843e3
+B+: 0x7fd4ad184400 0x7fd4ad184400
+B+: 0x7fd4ad184420 0x7fd4ad18445b
+B+: 0x7fd4ad184467 0x7fd4ad184471
+B+: 0x7fd4ad184472 0x7fd4ad184489
+B+: 0x7fd4ad18448a 0x7fd4ad18448d
+B+: 0x7fd4ad18448e 0x7fd4ad184494
+B+: 0x7fd4ad184495 0x7fd4ad18449d
+B+: 0x7fd4ad18449e 0x7fd4ad1844a9
+B+: 0x7fd4ad1844aa 0x7fd4ad1844c2
+B+: 0x7fd4ad1844c3 0x7fd4ad1844ce
+B+: 0x7fd4ad1844cf 0x7fd4ad1844e5
+B+: 0x7fd4ad1844e6 0x7fd4ad1844f5
+B+: 0x7fd4ad184500 0x7fd4ad18450e
+B+: 0x7fd4ad18450f 0x7fd4ad184513
+B+: 0x7fd4ad184514 0x7fd4ad18451e
+B+: 0x7fd4ad184540 0x7fd4ad184549
+B+: 0x7fd4ad18454a 0x7fd4ad18454e
+B+: 0x7fd4ad18454f 0x7fd4ad184560
+B+: 0x7fd4ad184568 0x7fd4ad184577
+B+: 0x7fd4ad184580 0x7fd4ad184589
+B+: 0x7fd4ad1845a8 0x7fd4ad1845bb
+B+: 0x7fd4ad1845c0 0x7fd4ad1845ce
+B+: 0x7fd4ad1845cf 0x7fd4ad1845dc
+B+: 0x7fd4ad1846f0 0x7fd4ad1846fd
+B+: 0x7fd4ad1847a0 0x7fd4ad1847a0
+B+: 0x7fd4ad1847b0 0x7fd4ad1847ba
+B+: 0x7fd4ad1847bb 0x7fd4ad1847ce
+B+: 0x7fd4ad1847cf 0x7fd4ad1847d8
+B+: 0x7fd4ad1847d9 0x7fd4ad1847e6
+B+: 0x7fd4ad184800 0x7fd4ad18482d
+B+: 0x7fd4ad18482e 0x7fd4ad184831
+B+: 0x7fd4ad184832 0x7fd4ad184847
+B+: 0x7fd4ad184864 0x7fd4ad18486b
+B+: 0x7fd4ad18486c 0x7fd4ad18486f
+B+: 0x7fd4ad184870 0x7fd4ad184876
+B+: 0x7fd4ad184877 0x7fd4ad18487b
+B+: 0x7fd4ad18487c 0x7fd4ad184886
+B+: 0x7fd4ad184ae0 0x7fd4ad184b01
+B+: 0x7fd4ad184b02 0x7fd4ad184b0a
+B+: 0x7fd4ad184b0b 0x7fd4ad184b14
+B+: 0x7fd4ad184b15 0x7fd4ad184b19
+B+: 0x7fd4ad184c00 0x7fd4ad184c19
+B+: 0x7fd4ad184c51 0x7fd4ad184c8e
+B+: 0x7fd4ad184c8f 0x7fd4ad184c9e
+B+: 0x7fd4ad184c9f 0x7fd4ad184ca6
+B+: 0x7fd4ad184df0 0x7fd4ad184dfb
+B+: 0x7fd4ad184e20 0x7fd4ad184e20
+B+: 0x7fd4ad184e30 0x7fd4ad184e38
+B+: 0x7fd4ad186940 0x7fd4ad18694b
+B+: 0x7fd4ad18694c 0x7fd4ad186957
+B+: 0x7fd4ad186958 0x7fd4ad186964
+B+: 0x7fd4ad186965 0x7fd4ad186969
+B+: 0x7fd4ad18696a 0x7fd4ad18696f
+B+: 0x7fd4ad186970 0x7fd4ad186976
+B+: 0x7fd4ad186980 0x7fd4ad186987
+B+: 0x7fd4ad186988 0x7fd4ad18698c
+B+: 0x7fd4ad18698d 0x7fd4ad18699b
+B+: 0x7fd4ad18699c 0x7fd4ad1869a0
+B+: 0x7fd4ad1869a1 0x7fd4ad1869a8
+B+: 0x7fd4ad1869a9 0x7fd4ad1869ad
+B+: 0x7fd4ad1869ae 0x7fd4ad1869b8
+B+: 0x7fd4ad1869b9 0x7fd4ad1869b9
+B+: 0x7fd4ad1869c0 0x7fd4ad1869c5
+B+: 0x7fd4ad1869c6 0x7fd4ad1869c9
+B+: 0x7fd4ad1869d0 0x7fd4ad1869d0
+B+: 0x7fd4ad1869d1 0x7fd4ad1869d5
+B+: 0x7fd4ad1869d6 0x7fd4ad1869d9
+B+: 0x7fd4ad1869e0 0x7fd4ad1869ff
+B+: 0x7fd4ad186a00 0x7fd4ad186a11
+B+: 0x7fd4ad186a12 0x7fd4ad186a16
+B+: 0x7fd4ad186a20 0x7fd4ad186a22
+B+: 0x7fd4ad186a23 0x7fd4ad186a2f
+B+: 0x7fd4ad186a30 0x7fd4ad186a33
+B+: 0x7fd4ad186a34 0x7fd4ad186a5d
+B+: 0x7fd4ad186a5e 0x7fd4ad186a62
+B+: 0x7fd4ad186a63 0x7fd4ad186a82
+B+: 0x7fd4ad186ac0 0x7fd4ad186ade
+B+: 0x7fd4ad186adf 0x7fd4ad186ae3
+B+: 0x7fd4ad186ae4 0x7fd4ad186ae8
+B+: 0x7fd4ad186af0 0x7fd4ad186af2
+B+: 0x7fd4ad186af3 0x7fd4ad186aff
+B+: 0x7fd4ad186b00 0x7fd4ad186b03
+B+: 0x7fd4ad186b04 0x7fd4ad186b3e
+B+: 0x7fd4ad186b3f 0x7fd4ad186b49
+B+: 0x7fd4ad186b4a 0x7fd4ad186b57
+B+: 0x7fd4ad186b58 0x7fd4ad186b5d
+B+: 0x7fd4ad186b5e 0x7fd4ad186b66
+B+: 0x7fd4ad186b67 0x7fd4ad186b70
+B+: 0x7fd4ad186b71 0x7fd4ad186b7a
+B+: 0x7fd4ad186b7b 0x7fd4ad186b9a
+B+: 0x7fd4ad186b9b 0x7fd4ad186ba3
+B+: 0x7fd4ad186ba4 0x7fd4ad186bbd
+B+: 0x7fd4ad186bc0 0x7fd4ad186bc5
+B+: 0x7fd4ad186bc6 0x7fd4ad186bcf
+B+: 0x7fd4ad186bd0 0x7fd4ad186bd9
+B+: 0x7fd4ad186bda 0x7fd4ad186bf7
+B+: 0x7fd4ad186c08 0x7fd4ad186c14
+B+: 0x7fd4ad186c15 0x7fd4ad186c1b
+B+: 0x7fd4ad186c1c 0x7fd4ad186c29
+B+: 0x7fd4ad186cb0 0x7fd4ad186cca
+B+: 0x7fd4ad186ccb 0x7fd4ad186cda
+B+: 0x7fd4ad186cdb 0x7fd4ad186ce6
+B+: 0x7fd4ad186ce7 0x7fd4ad186cef
+B+: 0x7fd4ad186cf0 0x7fd4ad186cf4
+B+: 0x7fd4ad186cf5 0x7fd4ad186cfc
+B+: 0x7fd4ad186cfd 0x7fd4ad186d10
+B+: 0x7fd4ad186d11 0x7fd4ad186d21
+B+: 0x7fd4ad186d22 0x7fd4ad186d26
+B+: 0x7fd4ad186d27 0x7fd4ad186d38
+B+: 0x7fd4ad186d39 0x7fd4ad186d4b
+B+: 0x7fd4ad186d4c 0x7fd4ad186d54
+B+: 0x7fd4ad186d55 0x7fd4ad186d5e
+B+: 0x7fd4ad186d5f 0x7fd4ad186d6d
+B+: 0x7fd4ad186ea0 0x7fd4ad186eb6
+B+: 0x7fd4ad186eb7 0x7fd4ad186ebb
+B+: 0x7fd4ad186ebc 0x7fd4ad186ec0
+B+: 0x7fd4ad186ec8 0x7fd4ad186ecb
+B+: 0x7fd4ad186ecc 0x7fd4ad186ed9
+B+: 0x7fd4ad186eda 0x7fd4ad186edd
+B+: 0x7fd4ad186ede 0x7fd4ad186f06
+B+: 0x7fd4ad186f07 0x7fd4ad186f10
+B+: 0x7fd4ad186f11 0x7fd4ad186f16
+B+: 0x7fd4ad186f17 0x7fd4ad186f24
+B+: 0x7fd4ad186f25 0x7fd4ad186f2d
+B+: 0x7fd4ad187440 0x7fd4ad18746b
+B+: 0x7fd4ad18746c 0x7fd4ad187470
+B+: 0x7fd4ad187471 0x7fd4ad187475
+B+: 0x7fd4ad187536 0x7fd4ad18753e
+B+: 0x7fd4ad18753f 0x7fd4ad187548
+B+: 0x7fd4ad187549 0x7fd4ad187551
+B+: 0x7fd4ad1875d0 0x7fd4ad1875e4
+B+: 0x7fd4ad1875e5 0x7fd4ad187606
+B+: 0x7fd4ad187607 0x7fd4ad187610
+B+: 0x7fd4ad187611 0x7fd4ad187618
+B+: 0x7fd4ad187640 0x7fd4ad187648
+B+: 0x7fd4ad187649 0x7fd4ad187656
+B+: 0x7fd4ad187657 0x7fd4ad18765f
+B+: 0x7fd4ad187660 0x7fd4ad187661
+B+: 0x7fd4ad187760 0x7fd4ad1877aa
+B+: 0x7fd4ad1877ab 0x7fd4ad1877af
+B+: 0x7fd4ad1877b0 0x7fd4ad1877be
+B+: 0x7fd4ad1877c8 0x7fd4ad1877d3
+B+: 0x7fd4ad1877d4 0x7fd4ad1877d8
+B+: 0x7fd4ad1877d9 0x7fd4ad1877e0
+B+: 0x7fd4ad1877e1 0x7fd4ad1877e5
+B+: 0x7fd4ad1877e6 0x7fd4ad1877f3
+B+: 0x7fd4ad1877f4 0x7fd4ad1877fb
+B+: 0x7fd4ad187800 0x7fd4ad187810
+B+: 0x7fd4ad187811 0x7fd4ad187815
+B+: 0x7fd4ad187816 0x7fd4ad187832
+B+: 0x7fd4ad187833 0x7fd4ad187843
+B+: 0x7fd4ad187844 0x7fd4ad18784f
+B+: 0x7fd4ad187850 0x7fd4ad187857
+B+: 0x7fd4ad187858 0x7fd4ad18785c
+B+: 0x7fd4ad18785d 0x7fd4ad187868
+B+: 0x7fd4ad187869 0x7fd4ad18787b
+B+: 0x7fd4ad18787c 0x7fd4ad187884
+B+: 0x7fd4ad187888 0x7fd4ad187897
+B+: 0x7fd4ad187898 0x7fd4ad18789b
+B+: 0x7fd4ad18789c 0x7fd4ad1878b4
+B+: 0x7fd4ad1878b5 0x7fd4ad1878b8
+B+: 0x7fd4ad1878b9 0x7fd4ad1878c6
+B+: 0x7fd4ad1878c7 0x7fd4ad1878d5
+B+: 0x7fd4ad187dc0 0x7fd4ad187dec
+B+: 0x7fd4ad187ded 0x7fd4ad187df2
+B+: 0x7fd4ad187df3 0x7fd4ad187e04
+B+: 0x7fd4ad187e05 0x7fd4ad187e0d
+B+: 0x7fd4ad187e0e 0x7fd4ad187e1c
+CND+ 0x7fd4ad17600e: taken
+CND+ 0x7fd4ad1765ea: not taken
+CND+ 0x7fd4ad176626: not taken
+CND+ 0x7fd4ad17663b: taken
+CND+ 0x7fd4ad176673: not taken
+CND+ 0x7fd4ad176687: not taken
+CND+ 0x7fd4ad176695: not taken
+CND+ 0x7fd4ad1767e2: taken
+CND+ 0x7fd4ad176862: not taken
+CND+ 0x7fd4ad17687c: both
+CND+ 0x7fd4ad1768a9: not taken
+CND+ 0x7fd4ad176a5d: not taken
+CND+ 0x7fd4ad176a62: taken
+CND+ 0x7fd4ad1776e6: not taken
+CND+ 0x7fd4ad177704: taken
+CND+ 0x7fd4ad17771a: not taken
+CND+ 0x7fd4ad17771f: taken
+CND+ 0x7fd4ad17772f: taken
+CND+ 0x7fd4ad17774c: not taken
+CND+ 0x7fd4ad177756: not taken
+CND+ 0x7fd4ad17778f: not taken
+CND+ 0x7fd4ad17779b: taken
+CND+ 0x7fd4ad178079: taken
+CND+ 0x7fd4ad17811b: not taken
+CND+ 0x7fd4ad178149: not taken
+CND+ 0x7fd4ad178158: not taken
+CND+ 0x7fd4ad178190: not taken
+CND+ 0x7fd4ad1781ce: taken
+CND+ 0x7fd4ad178c20: not taken
+CND+ 0x7fd4ad178c2d: taken
+CND+ 0x7fd4ad178c48: not taken
+CND+ 0x7fd4ad178c5f: both
+CND+ 0x7fd4ad178c88: not taken
+CND+ 0x7fd4ad178ed2: taken
+CND+ 0x7fd4ad178f55: not taken
+CND+ 0x7fd4ad178f7e: not taken
+CND+ 0x7fd4ad178f8a: not taken
+CND+ 0x7fd4ad178f93: both
+CND+ 0x7fd4ad178fc4: not taken
+CND+ 0x7fd4ad178fe2: both
+CND+ 0x7fd4ad178ffb: taken
+CND+ 0x7fd4ad17905a: taken
+CND+ 0x7fd4ad1790af: not taken
+CND+ 0x7fd4ad1790b8: taken
+CND+ 0x7fd4ad1790e0: taken
+CND+ 0x7fd4ad179116: not taken
+CND+ 0x7fd4ad17915a: not taken
+CND+ 0x7fd4ad179163: taken
+CND+ 0x7fd4ad17921b: taken
+CND+ 0x7fd4ad17924a: taken
+CND+ 0x7fd4ad17927c: not taken
+CND+ 0x7fd4ad17936a: taken
+CND+ 0x7fd4ad179520: not taken
+CND+ 0x7fd4ad179529: not taken
+CND+ 0x7fd4ad179532: taken
+CND+ 0x7fd4ad1798eb: not taken
+CND+ 0x7fd4ad179906: both
+CND+ 0x7fd4ad17993d: not taken
+CND+ 0x7fd4ad179985: both
+CND+ 0x7fd4ad1799f6: taken
+CND+ 0x7fd4ad179a20: both
+CND+ 0x7fd4ad179a29: not taken
+CND+ 0x7fd4ad179a33: not taken
+CND+ 0x7fd4ad179ae4: not taken
+CND+ 0x7fd4ad179afb: taken
+CND+ 0x7fd4ad179b2a: both
+CND+ 0x7fd4ad179b30: both
+CND+ 0x7fd4ad179b40: taken
+CND+ 0x7fd4ad179b60: not taken
+CND+ 0x7fd4ad179b96: not taken
+CND+ 0x7fd4ad179be5: taken
+CND+ 0x7fd4ad179da0: not taken
+CND+ 0x7fd4ad179da9: not taken
+CND+ 0x7fd4ad179dc8: both
+CND+ 0x7fd4ad179dd0: both
+CND+ 0x7fd4ad179e2e: taken
+CND+ 0x7fd4ad179e57: not taken
+CND+ 0x7fd4ad179eac: taken
+CND+ 0x7fd4ad179ed8: taken
+CND+ 0x7fd4ad179fa3: not taken
+CND+ 0x7fd4ad179fc0: taken
+CND+ 0x7fd4ad17a019: not taken
+CND+ 0x7fd4ad17a065: not taken
+CND+ 0x7fd4ad17a06f: not taken
+CND+ 0x7fd4ad17a089: both
+CND+ 0x7fd4ad17a09d: not taken
+CND+ 0x7fd4ad17a0ab: taken
+CND+ 0x7fd4ad17a14c: not taken
+CND+ 0x7fd4ad17a156: taken
+CND+ 0x7fd4ad17a1cc: taken
+CND+ 0x7fd4ad17a1ee: taken
+CND+ 0x7fd4ad17a811: both
+CND+ 0x7fd4ad17a81b: not taken
+CND+ 0x7fd4ad17a81f: not taken
+CND+ 0x7fd4ad17a839: taken
+CND+ 0x7fd4ad17a859: taken
+CND+ 0x7fd4ad17a861: taken
+CND+ 0x7fd4ad17b45f: taken
+CND+ 0x7fd4ad17b626: not taken
+CND+ 0x7fd4ad17b6ca: taken
+CND+ 0x7fd4ad17b762: taken
+CND+ 0x7fd4ad17c2a4: taken
+CND+ 0x7fd4ad17c2bd: not taken
+CND+ 0x7fd4ad17c2cd: not taken
+CND+ 0x7fd4ad17c30f: taken
+CND+ 0x7fd4ad17c327: taken
+CND+ 0x7fd4ad17c33a: not taken
+CND+ 0x7fd4ad17c343: taken
+CND+ 0x7fd4ad17c381: not taken
+CND+ 0x7fd4ad17c3d6: taken
+CND+ 0x7fd4ad17c3e7: taken
+CND+ 0x7fd4ad17c895: not taken
+CND+ 0x7fd4ad17c8a8: not taken
+CND+ 0x7fd4ad17c8d2: not taken
+CND+ 0x7fd4ad17c907: not taken
+CND+ 0x7fd4ad17c942: taken
+CND+ 0x7fd4ad17c953: not taken
+CND+ 0x7fd4ad17c963: taken
+CND+ 0x7fd4ad17ca7b: not taken
+CND+ 0x7fd4ad17cdbc: both
+CND+ 0x7fd4ad17cdc9: both
+CND+ 0x7fd4ad17ce03: not taken
+CND+ 0x7fd4ad17ce0d: not taken
+CND+ 0x7fd4ad17ce18: taken
+CND+ 0x7fd4ad17d1a1: not taken
+CND+ 0x7fd4ad17d1ab: not taken
+CND+ 0x7fd4ad17d1e4: taken
+CND+ 0x7fd4ad17d1f2: taken
+CND+ 0x7fd4ad17d20a: not taken
+CND+ 0x7fd4ad17d225: not taken
+CND+ 0x7fd4ad17d22f: not taken
+CND+ 0x7fd4ad17d247: taken
+CND+ 0x7fd4ad17d533: taken
+CND+ 0x7fd4ad17d582: taken
+CND+ 0x7fd4ad17d655: taken
+CND+ 0x7fd4ad17d698: taken
+CND+ 0x7fd4ad17d703: not taken
+CND+ 0x7fd4ad17d70c: taken
+CND+ 0x7fd4ad17d725: not taken
+CND+ 0x7fd4ad17d742: not taken
+CND+ 0x7fd4ad17d75a: not taken
+CND+ 0x7fd4ad17d765: not taken
+CND+ 0x7fd4ad17d792: not taken
+CND+ 0x7fd4ad17d797: taken
+CND+ 0x7fd4ad17d7a9: taken
+CND+ 0x7fd4ad17d7ad: not taken
+CND+ 0x7fd4ad17d7bc: taken
+CND+ 0x7fd4ad17d7ce: taken
+CND+ 0x7fd4ad17d848: taken
+CND+ 0x7fd4ad17d889: not taken
+CND+ 0x7fd4ad17d89b: not taken
+CND+ 0x7fd4ad17d8a8: taken
+CND+ 0x7fd4ad17dc2f: not taken
+CND+ 0x7fd4ad17dc57: taken
+CND+ 0x7fd4ad17dc65: not taken
+CND+ 0x7fd4ad17dc6e: taken
+CND+ 0x7fd4ad17dc86: not taken
+CND+ 0x7fd4ad17dcae: taken
+CND+ 0x7fd4ad17e366: taken
+CND+ 0x7fd4ad17e9d6: taken
+CND+ 0x7fd4ad17ea31: not taken
+CND+ 0x7fd4ad17ea51: taken
+CND+ 0x7fd4ad17eaad: not taken
+CND+ 0x7fd4ad17eab5: taken
+CND+ 0x7fd4ad17eb00: taken
+CND+ 0x7fd4ad17eb5a: not taken
+CND+ 0x7fd4ad17eb62: not taken
+CND+ 0x7fd4ad17eb6b: not taken
+CND+ 0x7fd4ad17eb75: not taken
+CND+ 0x7fd4ad17eb7f: taken
+CND+ 0x7fd4ad17eb9b: taken
+CND+ 0x7fd4ad17ec3c: taken
+CND+ 0x7fd4ad17eed9: not taken
+CND+ 0x7fd4ad17eee6: not taken
+CND+ 0x7fd4ad17ef01: not taken
+CND+ 0x7fd4ad17ef1a: not taken
+CND+ 0x7fd4ad17ef20: not taken
+CND+ 0x7fd4ad17ef26: taken
+CND+ 0x7fd4ad17f76c: not taken
+CND+ 0x7fd4ad17f78c: not taken
+CND+ 0x7fd4ad17f7d8: both
+CND+ 0x7fd4ad17f7e1: taken
+CND+ 0x7fd4ad17f806: not taken
+CND+ 0x7fd4ad17f840: not taken
+CND+ 0x7fd4ad17f84a: not taken
+CND+ 0x7fd4ad17f965: both
+CND+ 0x7fd4ad17f989: not taken
+CND+ 0x7fd4ad17f9b2: not taken
+CND+ 0x7fd4ad17f9bc: not taken
+CND+ 0x7fd4ad17f9e3: not taken
+CND+ 0x7fd4ad17fa13: taken
+CND+ 0x7fd4ad17fafd: not taken
+CND+ 0x7fd4ad17fb1a: not taken
+CND+ 0x7fd4ad17fb61: taken
+CND+ 0x7fd4ad180711: not taken
+CND+ 0x7fd4ad18071d: not taken
+CND+ 0x7fd4ad180722: not taken
+CND+ 0x7fd4ad180748: not taken
+CND+ 0x7fd4ad18074c: not taken
+CND+ 0x7fd4ad18075f: not taken
+CND+ 0x7fd4ad1807a4: not taken
+CND+ 0x7fd4ad1808f3: both
+CND+ 0x7fd4ad18090f: both
+CND+ 0x7fd4ad180911: not taken
+CND+ 0x7fd4ad18091a: taken
+CND+ 0x7fd4ad180a92: not taken
+CND+ 0x7fd4ad180aba: not taken
+CND+ 0x7fd4ad180ad5: both
+CND+ 0x7fd4ad180ade: taken
+CND+ 0x7fd4ad180af7: not taken
+CND+ 0x7fd4ad180b01: not taken
+CND+ 0x7fd4ad180b05: not taken
+CND+ 0x7fd4ad180b19: taken
+CND+ 0x7fd4ad180c50: not taken
+CND+ 0x7fd4ad180c62: taken
+CND+ 0x7fd4ad180db1: not taken
+CND+ 0x7fd4ad180dea: both
+CND+ 0x7fd4ad180e13: not taken
+CND+ 0x7fd4ad180e20: taken
+CND+ 0x7fd4ad180e2d: not taken
+CND+ 0x7fd4ad180e43: not taken
+CND+ 0x7fd4ad180e4f: both
+CND+ 0x7fd4ad180e58: not taken
+CND+ 0x7fd4ad180e72: taken
+CND+ 0x7fd4ad180ee7: taken
+CND+ 0x7fd4ad18175d: both
+CND+ 0x7fd4ad18176f: not taken
+CND+ 0x7fd4ad181782: both
+CND+ 0x7fd4ad181787: both
+CND+ 0x7fd4ad181795: both
+CND+ 0x7fd4ad1818b1: not taken
+CND+ 0x7fd4ad1818dc: not taken
+CND+ 0x7fd4ad1818ea: not taken
+CND+ 0x7fd4ad1818ec: both
+CND+ 0x7fd4ad1818f5: not taken
+CND+ 0x7fd4ad1818fb: taken
+CND+ 0x7fd4ad181943: not taken
+CND+ 0x7fd4ad18194c: taken
+CND+ 0x7fd4ad181983: not taken
+CND+ 0x7fd4ad181989: both
+CND+ 0x7fd4ad181990: not taken
+CND+ 0x7fd4ad1819ab: taken
+CND+ 0x7fd4ad181a0b: taken
+CND+ 0x7fd4ad181b10: both
+CND+ 0x7fd4ad181b1c: not taken
+CND+ 0x7fd4ad181b21: both
+CND+ 0x7fd4ad181b2f: not taken
+CND+ 0x7fd4ad181b37: both
+CND+ 0x7fd4ad181b44: both
+CND+ 0x7fd4ad181b5e: taken
+CND+ 0x7fd4ad181b92: both
+CND+ 0x7fd4ad181b9b: taken
+CND+ 0x7fd4ad181bfb: taken
+CND+ 0x7fd4ad181d68: both
+CND+ 0x7fd4ad181d71: taken
+CND+ 0x7fd4ad181d8b: not taken
+CND+ 0x7fd4ad181da3: taken
+CND+ 0x7fd4ad181ddd: taken
+CND+ 0x7fd4ad181e02: not taken
+CND+ 0x7fd4ad181e0b: taken
+CND+ 0x7fd4ad181e2f: not taken
+CND+ 0x7fd4ad181e35: taken
+CND+ 0x7fd4ad181e4f: not taken
+CND+ 0x7fd4ad181e58: both
+CND+ 0x7fd4ad181f7d: not taken
+CND+ 0x7fd4ad18202c: not taken
+CND+ 0x7fd4ad1820c7: not taken
+CND+ 0x7fd4ad1820d0: both
+CND+ 0x7fd4ad1820d9: not taken
+CND+ 0x7fd4ad1825a7: both
+CND+ 0x7fd4ad1825ed: not taken
+CND+ 0x7fd4ad1825f2: taken
+CND+ 0x7fd4ad182682: not taken
+CND+ 0x7fd4ad1826a1: not taken
+CND+ 0x7fd4ad1827bb: not taken
+CND+ 0x7fd4ad182835: not taken
+CND+ 0x7fd4ad182870: not taken
+CND+ 0x7fd4ad18288e: not taken
+CND+ 0x7fd4ad18289e: not taken
+CND+ 0x7fd4ad1829ca: both
+CND+ 0x7fd4ad1829ea: taken
+CND+ 0x7fd4ad1829f6: taken
+CND+ 0x7fd4ad182a15: taken
+CND+ 0x7fd4ad182a38: not taken
+CND+ 0x7fd4ad182a48: taken
+CND+ 0x7fd4ad182abb: not taken
+CND+ 0x7fd4ad18314f: not taken
+CND+ 0x7fd4ad18316f: not taken
+CND+ 0x7fd4ad18317e: taken
+CND+ 0x7fd4ad183a5f: taken
+CND+ 0x7fd4ad183b46: not taken
+CND+ 0x7fd4ad183b50: taken
+CND+ 0x7fd4ad183b69: taken
+CND+ 0x7fd4ad183b93: taken
+CND+ 0x7fd4ad183d2b: taken
+CND+ 0x7fd4ad183e50: not taken
+CND+ 0x7fd4ad184227: taken
+CND+ 0x7fd4ad18425f: not taken
+CND+ 0x7fd4ad184278: taken
+CND+ 0x7fd4ad1842b9: not taken
+CND+ 0x7fd4ad1842d7: taken
+CND+ 0x7fd4ad18430b: taken
+CND+ 0x7fd4ad184383: taken
+CND+ 0x7fd4ad1843e2: taken
+CND+ 0x7fd4ad184456: taken
+CND+ 0x7fd4ad184488: both
+CND+ 0x7fd4ad18448c: not taken
+CND+ 0x7fd4ad184493: not taken
+CND+ 0x7fd4ad184498: both
+CND+ 0x7fd4ad1844e0: not taken
+CND+ 0x7fd4ad184512: not taken
+CND+ 0x7fd4ad184519: taken
+CND+ 0x7fd4ad184548: not taken
+CND+ 0x7fd4ad18454d: not taken
+CND+ 0x7fd4ad1845c9: not taken
+CND+ 0x7fd4ad1845d7: taken
+CND+ 0x7fd4ad1846f8: taken
+CND+ 0x7fd4ad1847b9: not taken
+CND+ 0x7fd4ad184830: not taken
+CND+ 0x7fd4ad184846: taken
+CND+ 0x7fd4ad18486e: not taken
+CND+ 0x7fd4ad184b09: not taken
+CND+ 0x7fd4ad184b13: not taken
+CND+ 0x7fd4ad184c18: taken
+CND+ 0x7fd4ad184c9d: not taken
+CND+ 0x7fd4ad184dfa: taken
+CND+ 0x7fd4ad186946: both
+CND+ 0x7fd4ad186963: both
+CND+ 0x7fd4ad186968: not taken
+CND+ 0x7fd4ad18696e: not taken
+CND+ 0x7fd4ad186986: not taken
+CND+ 0x7fd4ad18698b: both
+CND+ 0x7fd4ad18699a: both
+CND+ 0x7fd4ad18699f: both
+CND+ 0x7fd4ad1869ac: both
+CND+ 0x7fd4ad1869b7: both
+CND+ 0x7fd4ad1869c4: not taken
+CND+ 0x7fd4ad186a10: not taken
+CND+ 0x7fd4ad186a15: taken
+CND+ 0x7fd4ad186a2e: both
+CND+ 0x7fd4ad186a32: both
+CND+ 0x7fd4ad186a5c: both
+CND+ 0x7fd4ad186add: not taken
+CND+ 0x7fd4ad186ae2: not taken
+CND+ 0x7fd4ad186afe: not taken
+CND+ 0x7fd4ad186b02: both
+CND+ 0x7fd4ad186b48: both
+CND+ 0x7fd4ad186b52: not taken
+CND+ 0x7fd4ad186b5c: not taken
+CND+ 0x7fd4ad186b65: both
+CND+ 0x7fd4ad186b6b: taken
+CND+ 0x7fd4ad186b75: not taken
+CND+ 0x7fd4ad186b95: not taken
+CND+ 0x7fd4ad186ba2: not taken
+CND+ 0x7fd4ad186bc4: not taken
+CND+ 0x7fd4ad186bce: not taken
+CND+ 0x7fd4ad186bf6: taken
+CND+ 0x7fd4ad186c24: taken
+CND+ 0x7fd4ad186ce1: not taken
+CND+ 0x7fd4ad186cea: not taken
+CND+ 0x7fd4ad186cf3: not taken
+CND+ 0x7fd4ad186d25: not taken
+CND+ 0x7fd4ad186d53: not taken
+CND+ 0x7fd4ad186d5d: not taken
+CND+ 0x7fd4ad186eb5: not taken
+CND+ 0x7fd4ad186eba: not taken
+CND+ 0x7fd4ad186ed8: both
+CND+ 0x7fd4ad186edc: taken
+CND+ 0x7fd4ad186f0f: not taken
+CND+ 0x7fd4ad186f15: not taken
+CND+ 0x7fd4ad18746f: not taken
+CND+ 0x7fd4ad18753d: not taken
+CND+ 0x7fd4ad187547: not taken
+CND+ 0x7fd4ad187605: not taken
+CND+ 0x7fd4ad18760f: not taken
+CND+ 0x7fd4ad187647: not taken
+CND+ 0x7fd4ad18765e: not taken
+CND+ 0x7fd4ad1877bd: taken
+CND+ 0x7fd4ad1877d2: taken
+CND+ 0x7fd4ad1877df: not taken
+CND+ 0x7fd4ad1877e4: both
+CND+ 0x7fd4ad1877fa: taken
+CND+ 0x7fd4ad187856: not taken
+CND+ 0x7fd4ad18785b: taken
+CND+ 0x7fd4ad18787a: not taken
+CND+ 0x7fd4ad18789a: not taken
+CND+ 0x7fd4ad1878b7: not taken
+CND+ 0x7fd4ad1878c5: not taken
+CND+ 0x7fd4ad1878d4: taken
+CND+ 0x7fd4ad187df1: not taken
+CND+ 0x7fd4ad187e0c: not taken
@0x7fd4ad176050 to 0x7fd4b0cafa30 4
@0x7fd4ad176080 to 0x7fd4b0c4f330 2
@0x7fd4ad176090 to 0x7fd4b0cf1710 1
@0x7fd4ad1760a0 to 0x7fd4b0cc7e70 5
@0x7fd4ad1760d0 to 0x7fd4b0c62a20 7
@0x7fd4ad1760f0 to 0x7fd4b0d86800 4
@0x7fd4ad176130 to 0x7fd4b0cf21e0 1
@0x7fd4ad176140 to 0x7fd4b0c66c10 1
@0x7fd4ad176150 to 0x7fd4b0d14800 4
@0x7fd4ad176160 to 0x7fd4b0cf1230 1
@0x7fd4ad176190 to 0x7fd4b0d86bc0 8
@0x7fd4ad1761c0 to 0x7fd4b0cf2200 1
@0x7fd4ad1761e0 to 0x7fd4b0d865d0 1
@0x7fd4ad176220 to 0x7fd4b0cf2210 2
@0x7fd4ad176230 to 0x7fd4b0d15b10 1
@0x7fd4ad17816e to 0x7fd4ad1781c0 1
@0x7fd4ad176280 to 0x7fd4b0d81d10 12
@0x7fd4ad1762a0 to 0x7fd4b0c62450 4
@0x7fd4ad1781ac to 0x7fd4ad178e90 1
@0x7fd4ad1762d0 to 0x7fd4b0d82100 9
@0x7fd4ad176320 to 0x7fd4b0c630f0 4
@0x7fd4ad176330 to 0x7fd4b0d87100 6
@0x7fd4ad176350 to 0x7fd4b0cf2220 1
@0x7fd4ad176370 to 0x7fd4b0d14800 2
@0x7fd4ad176390 to 0x7fd4b0caf3e0 23
@0x7fd4ad1763b0 to 0x7fd4b0cf2230 1
@0x7fd4ad1763c0 to 0x7fd4b0d81e90 24
@0x7fd4ad1763e0 to 0x7fd4b0d32ba0 1
@0x7fd4ad176410 to 0x7fd4b0cafc80 1
@0x7fd4ad176460 to 0x7fd4b0d870e0 14
@0x7fd4ad176510 to 0x7fd4b0cf21f0 1
@0x7fd4ad176560 to 0x7fd4b0cf14e0 1
@0x7fd4ad176570 to 0x7fd4b0c5b580 191
@0x7fd4ad181f91 to 0x7fd4ad182075 1
@0x7fd4ad176784 to 0x7fd4b0c4efb0 1
@0x7fd4ad187e01 to 0x7fd4ad176840 1
@0x7fd4ad18455f to 0x7fd4ad184580 1
@0x7fd4ad18455f to 0x7fd4ad1845c0 1
@0x7fd4ad18455f to 0x7fd4ad1845a8 2
@0x7fd4ad1828af to 0x7fd4ad182a01 203
@0x7fd4ad1828af to 0x7fd4ad1829f0 11
@0x7fd4ad1828af to 0x7fd4ad182a28 1
@0x7fd4ad186c19 to 0x7fd4ad17a7d0 1
@0x7fd4ad186c19 to 0x7fd4ad181120 1
