MODULE_NAME: /usr/bin/gs
MODULE_START: 0x7f95e7ace000
+B+: 0x7f95e7acf000 0x7f95e7acf00f
+B+: 0x7f95e7acf012 0x7f95e7acf016
+B+: 0x7f95e7acf020 0x7f95e7acf02b
+B+: 0x7f95e7acf030 0x7f95e7acf035
+B+: 0x7f95e7acf036 0x7f95e7acf03f
+B+: 0x7f95e7acf040 0x7f95e7acf045
+B+: 0x7f95e7acf046 0x7f95e7acf04f
+B+: 0x7f95e7acf050 0x7f95e7acf055
+B+: 0x7f95e7acf056 0x7f95e7acf05f
+B+: 0x7f95e7acf0b0 0x7f95e7acf0b5
+B+: 0x7f95e7acf0b6 0x7f95e7acf0bf
+B+: 0x7f95e7acf0c0 0x7f95e7acf0c5
+B+: 0x7f95e7acf0c6 0x7f95e7acf0cf
+B+: 0x7f95e7acf0e0 0x7f95e7acf0e5
+B+: 0x7f95e7acf0f0 0x7f95e7acf121
+B+: 0x7f95e7acf122 0x7f95e7acf127
+B+: 0x7f95e7acf128 0x7f95e7acf130
+B+: 0x7f95e7acf131 0x7f95e7acf132
+B+: 0x7f95e7acf133 0x7f95e7acf137
+B+: 0x7f95e7acf13d 0x7f95e7acf152
+B+: 0x7f95e7acf153 0x7f95e7acf15b
+B+: 0x7f95e7acf178 0x7f95e7acf183
+B+: 0x7f95e7acf184 0x7f95e7acf1a2
+B+: 0x7f95e7acf1a3 0x7f95e7acf1b1
+B+: 0x7f95e7acf1b2 0x7f95e7acf1b7
+B+: 0x7f95e7acf1b8 0x7f95e7acf1c1
+B+: 0x7f95e7acf1c2 0x7f95e7acf1c5
+B+: 0x7f95e7acf1c6 0x7f95e7acf1ca
+B+: 0x7f95e7acf1cb 0x7f95e7acf1d6
+B+: 0x7f95e7acf1d7 0x7f95e7acf1db
+B+: 0x7f95e7acf1dc 0x7f95e7acf1e0
+B+: 0x7f95e7acf213 0x7f95e7acf216
+B+: 0x7f95e7acf220 0x7f95e7acf249
+B+: 0x7f95e7acf250 0x7f95e7acf262
+B+: 0x7f95e7acf278 0x7f95e7acf278
+B+: 0x7f95e7acf280 0x7f95e7acf2a3
+B+: 0x7f95e7acf2b8 0x7f95e7acf2b8
+B+: 0x7f95e7acf2c0 0x7f95e7acf2c8
+B+: 0x7f95e7acf2c9 0x7f95e7acf2d6
+B+: 0x7f95e7acf2d7 0x7f95e7acf2e2
+B+: 0x7f95e7acf2e3 0x7f95e7acf2e7
+B+: 0x7f95e7acf2e8 0x7f95e7acf2f0
+B+: 0x7f95e7acf300 0x7f95e7acf304
+B+: 0x7f95e7acf3c0 0x7f95e7acf3ec
+B+: 0x7f95e7acf3ed 0x7f95e7acf3f2
+B+: 0x7f95e7acf3f3 0x7f95e7acf404
+B+: 0x7f95e7acf405 0x7f95e7acf40d
+B+: 0x7f95e7acf40e 0x7f95e7acf41c
+B+: 0x7f95e7acf424 0x7f95e7acf42c
+CND+ 0x7f95e7acf00e: taken
+CND+ 0x7f95e7acf126: taken
+CND+ 0x7f95e7acf12b: not taken
+CND+ 0x7f95e7acf131: not taken
+CND+ 0x7f95e7acf136: taken
+CND+ 0x7f95e7acf14d: not taken
+CND+ 0x7f95e7acf1b6: not taken
+CND+ 0x7f95e7acf1c4: not taken
+CND+ 0x7f95e7acf1c9: taken
+CND+ 0x7f95e7acf1df: taken
+CND+ 0x7f95e7acf261: taken
+CND+ 0x7f95e7acf2a2: taken
+CND+ 0x7f95e7acf2c7: not taken
+CND+ 0x7f95e7acf2d5: not taken
+CND+ 0x7f95e7acf3f1: not taken
+CND+ 0x7f95e7acf40c: not taken
@0x7f95e7acf026 to 0x7f95ebabe500 5
@0x7f95e7acf030 to 0x7f95e7acf036 1
@0x7f95e7acf040 to 0x7f95e7acf046 1
@0x7f95e7acf050 to 0x7f95e7acf056 1
@0x7f95e7acf0b0 to 0x7f95e7acf0b6 1
@0x7f95e7acf0c0 to 0x7f95e7acf0c6 1
@0x7f95e7acf0e0 to 0x7f95ea6241c0 1
@0x7f95e7acf244 to 0x7f95ea60dfb0 1
@0x7f95e7acf401 to 0x7f95e7acf300 1
