MODULE_NAME: /usr/bin/gs
MODULE_START: 0x7f4defb89000
+B+: 0x7f4defb8a000 0x7f4defb8a00f
+B+: 0x7f4defb8a012 0x7f4defb8a016
+B+: 0x7f4defb8a020 0x7f4defb8a02b
+B+: 0x7f4defb8a030 0x7f4defb8a035
+B+: 0x7f4defb8a036 0x7f4defb8a03f
+B+: 0x7f4defb8a040 0x7f4defb8a045
+B+: 0x7f4defb8a046 0x7f4defb8a04f
+B+: 0x7f4defb8a050 0x7f4defb8a055
+B+: 0x7f4defb8a056 0x7f4defb8a05f
+B+: 0x7f4defb8a0b0 0x7f4defb8a0b5
+B+: 0x7f4defb8a0b6 0x7f4defb8a0bf
+B+: 0x7f4defb8a0c0 0x7f4defb8a0c5
+B+: 0x7f4defb8a0c6 0x7f4defb8a0cf
+B+: 0x7f4defb8a0e0 0x7f4defb8a0e5
+B+: 0x7f4defb8a0f0 0x7f4defb8a121
+B+: 0x7f4defb8a122 0x7f4defb8a127
+B+: 0x7f4defb8a128 0x7f4defb8a130
+B+: 0x7f4defb8a131 0x7f4defb8a132
+B+: 0x7f4defb8a133 0x7f4defb8a137
+B+: 0x7f4defb8a13d 0x7f4defb8a152
+B+: 0x7f4defb8a153 0x7f4defb8a15b
+B+: 0x7f4defb8a178 0x7f4defb8a183
+B+: 0x7f4defb8a184 0x7f4defb8a1a2
+B+: 0x7f4defb8a1a3 0x7f4defb8a1b1
+B+: 0x7f4defb8a1b2 0x7f4defb8a1b7
+B+: 0x7f4defb8a1b8 0x7f4defb8a1c1
+B+: 0x7f4defb8a1c2 0x7f4defb8a1c5
+B+: 0x7f4defb8a1c6 0x7f4defb8a1ca
+B+: 0x7f4defb8a1cb 0x7f4defb8a1d6
+B+: 0x7f4defb8a1d7 0x7f4defb8a1db
+B+: 0x7f4defb8a1dc 0x7f4defb8a1e0
+B+: 0x7f4defb8a213 0x7f4defb8a216
+B+: 0x7f4defb8a220 0x7f4defb8a249
+B+: 0x7f4defb8a250 0x7f4defb8a262
+B+: 0x7f4defb8a278 0x7f4defb8a278
+B+: 0x7f4defb8a280 0x7f4defb8a2a3
+B+: 0x7f4defb8a2b8 0x7f4defb8a2b8
+B+: 0x7f4defb8a2c0 0x7f4defb8a2c8
+B+: 0x7f4defb8a2c9 0x7f4defb8a2d6
+B+: 0x7f4defb8a2d7 0x7f4defb8a2e2
+B+: 0x7f4defb8a2e3 0x7f4defb8a2e7
+B+: 0x7f4defb8a2e8 0x7f4defb8a2f0
+B+: 0x7f4defb8a300 0x7f4defb8a304
+B+: 0x7f4defb8a3c0 0x7f4defb8a3ec
+B+: 0x7f4defb8a3ed 0x7f4defb8a3f2
+B+: 0x7f4defb8a3f3 0x7f4defb8a404
+B+: 0x7f4defb8a405 0x7f4defb8a40d
+B+: 0x7f4defb8a40e 0x7f4defb8a41c
+B+: 0x7f4defb8a424 0x7f4defb8a42c
+CND+ 0x7f4defb8a00e: taken
+CND+ 0x7f4defb8a126: taken
+CND+ 0x7f4defb8a12b: not taken
+CND+ 0x7f4defb8a131: not taken
+CND+ 0x7f4defb8a136: taken
+CND+ 0x7f4defb8a14d: not taken
+CND+ 0x7f4defb8a1b6: not taken
+CND+ 0x7f4defb8a1c4: not taken
+CND+ 0x7f4defb8a1c9: taken
+CND+ 0x7f4defb8a1df: taken
+CND+ 0x7f4defb8a261: taken
+CND+ 0x7f4defb8a2a2: taken
+CND+ 0x7f4defb8a2c7: not taken
+CND+ 0x7f4defb8a2d5: not taken
+CND+ 0x7f4defb8a3f1: not taken
+CND+ 0x7f4defb8a40c: not taken
@0x7f4defb8a026 to 0x7f4df3b79500 5
@0x7f4defb8a030 to 0x7f4defb8a036 1
@0x7f4defb8a040 to 0x7f4defb8a046 1
@0x7f4defb8a050 to 0x7f4defb8a056 1
@0x7f4defb8a0b0 to 0x7f4defb8a0b6 1
@0x7f4defb8a0c0 to 0x7f4defb8a0c6 1
@0x7f4defb8a0e0 to 0x7f4df26df1c0 1
@0x7f4defb8a244 to 0x7f4df26c8fb0 1
@0x7f4defb8a401 to 0x7f4defb8a300 1
