MODULE_NAME: /usr/bin/gs
MODULE_START: 0x7fc287fc2000
+B+: 0x7fc287fc3000 0x7fc287fc300f
+B+: 0x7fc287fc3012 0x7fc287fc3016
+B+: 0x7fc287fc3020 0x7fc287fc302b
+B+: 0x7fc287fc3030 0x7fc287fc3035
+B+: 0x7fc287fc3036 0x7fc287fc303f
+B+: 0x7fc287fc3040 0x7fc287fc3045
+B+: 0x7fc287fc3046 0x7fc287fc304f
+B+: 0x7fc287fc3050 0x7fc287fc3055
+B+: 0x7fc287fc3056 0x7fc287fc305f
+B+: 0x7fc287fc3090 0x7fc287fc3095
+B+: 0x7fc287fc3096 0x7fc287fc309f
+B+: 0x7fc287fc30b0 0x7fc287fc30b5
+B+: 0x7fc287fc30b6 0x7fc287fc30bf
+B+: 0x7fc287fc30c0 0x7fc287fc30c5
+B+: 0x7fc287fc30c6 0x7fc287fc30cf
+B+: 0x7fc287fc30d0 0x7fc287fc30d5
+B+: 0x7fc287fc30d6 0x7fc287fc30df
+B+: 0x7fc287fc30e0 0x7fc287fc30e5
+B+: 0x7fc287fc30f0 0x7fc287fc3121
+B+: 0x7fc287fc3122 0x7fc287fc3127
+B+: 0x7fc287fc3128 0x7fc287fc3130
+B+: 0x7fc287fc3131 0x7fc287fc3132
+B+: 0x7fc287fc3133 0x7fc287fc3137
+B+: 0x7fc287fc3138 0x7fc287fc3152
+B+: 0x7fc287fc3153 0x7fc287fc315b
+B+: 0x7fc287fc3184 0x7fc287fc31a2
+B+: 0x7fc287fc31a3 0x7fc287fc31b1
+B+: 0x7fc287fc31b2 0x7fc287fc31b7
+B+: 0x7fc287fc31b8 0x7fc287fc31c1
+B+: 0x7fc287fc31c2 0x7fc287fc31c5
+B+: 0x7fc287fc31c6 0x7fc287fc31ca
+B+: 0x7fc287fc31cb 0x7fc287fc31d6
+B+: 0x7fc287fc31d7 0x7fc287fc31db
+B+: 0x7fc287fc3220 0x7fc287fc3249
+B+: 0x7fc287fc3250 0x7fc287fc3262
+B+: 0x7fc287fc3278 0x7fc287fc3278
+B+: 0x7fc287fc3280 0x7fc287fc32a3
+B+: 0x7fc287fc32b8 0x7fc287fc32b8
+B+: 0x7fc287fc32c0 0x7fc287fc32c8
+B+: 0x7fc287fc32c9 0x7fc287fc32d6
+B+: 0x7fc287fc32d7 0x7fc287fc32e2
+B+: 0x7fc287fc32e3 0x7fc287fc32e7
+B+: 0x7fc287fc32e8 0x7fc287fc32f0
+B+: 0x7fc287fc3300 0x7fc287fc3304
+B+: 0x7fc287fc3350 0x7fc287fc3373
+B+: 0x7fc287fc3374 0x7fc287fc337c
+B+: 0x7fc287fc337d 0x7fc287fc3385
+B+: 0x7fc287fc33c0 0x7fc287fc33ec
+B+: 0x7fc287fc33ed 0x7fc287fc33f2
+B+: 0x7fc287fc33f3 0x7fc287fc3404
+B+: 0x7fc287fc3405 0x7fc287fc340d
+B+: 0x7fc287fc340e 0x7fc287fc341c
+B+: 0x7fc287fc3424 0x7fc287fc342c
+CND+ 0x7fc287fc300e: taken
+CND+ 0x7fc287fc3126: taken
+CND+ 0x7fc287fc312b: not taken
+CND+ 0x7fc287fc3131: not taken
+CND+ 0x7fc287fc3136: not taken
+CND+ 0x7fc287fc314d: not taken
+CND+ 0x7fc287fc31b6: not taken
+CND+ 0x7fc287fc31c4: not taken
+CND+ 0x7fc287fc31c9: not taken
+CND+ 0x7fc287fc3261: taken
+CND+ 0x7fc287fc32a2: taken
+CND+ 0x7fc287fc32c7: not taken
+CND+ 0x7fc287fc32d5: not taken
+CND+ 0x7fc287fc33f1: not taken
+CND+ 0x7fc287fc340c: not taken
@0x7fc287fc3244 to 0x7fc28ab01fb0 1
@0x7fc287fc3401 to 0x7fc287fc3300 1
@0x7fc287fc3026 to 0x7fc28bfb2500 7
@0x7fc287fc3030 to 0x7fc287fc3036 1
@0x7fc287fc3040 to 0x7fc287fc3046 1
@0x7fc287fc3050 to 0x7fc287fc3056 1
@0x7fc287fc3090 to 0x7fc287fc3096 1
@0x7fc287fc30b0 to 0x7fc287fc30b6 1
@0x7fc287fc30c0 to 0x7fc287fc30c6 1
@0x7fc287fc30d0 to 0x7fc287fc30d6 1
@0x7fc287fc30e0 to 0x7fc28ab181c0 1
