MODULE_NAME: /bin/dash
MODULE_START: 0x7f1673575000
+B+: 0x7f1673579000 0x7f167357900f
+B+: 0x7f1673579012 0x7f1673579016
+B+: 0x7f1673579050 0x7f1673579055
+B+: 0x7f1673579080 0x7f1673579085
+B+: 0x7f1673579090 0x7f1673579095
+B+: 0x7f16735790a0 0x7f16735790a5
+B+: 0x7f16735790d0 0x7f16735790d5
+B+: 0x7f16735790f0 0x7f16735790f5
+B+: 0x7f1673579130 0x7f1673579135
+B+: 0x7f1673579140 0x7f1673579145
+B+: 0x7f1673579150 0x7f1673579155
+B+: 0x7f1673579160 0x7f1673579165
+B+: 0x7f1673579190 0x7f1673579195
+B+: 0x7f16735791c0 0x7f16735791c5
+B+: 0x7f16735791e0 0x7f16735791e5
+B+: 0x7f1673579220 0x7f1673579225
+B+: 0x7f1673579230 0x7f1673579235
+B+: 0x7f1673579280 0x7f1673579285
+B+: 0x7f16735792a0 0x7f16735792a5
+B+: 0x7f16735792d0 0x7f16735792d5
+B+: 0x7f1673579320 0x7f1673579325
+B+: 0x7f1673579330 0x7f1673579335
+B+: 0x7f1673579350 0x7f1673579355
+B+: 0x7f1673579370 0x7f1673579375
+B+: 0x7f1673579390 0x7f1673579395
+B+: 0x7f16735793b0 0x7f16735793b5
+B+: 0x7f16735793c0 0x7f16735793c5
+B+: 0x7f16735793e0 0x7f16735793e5
+B+: 0x7f1673579410 0x7f1673579415
+B+: 0x7f1673579460 0x7f1673579465
+B+: 0x7f1673579510 0x7f1673579515
+B+: 0x7f1673579560 0x7f1673579565
+B+: 0x7f1673579570 0x7f1673579575
+B+: 0x7f1673579590 0x7f16735795b8
+B+: 0x7f16735795b9 0x7f16735795c4
+B+: 0x7f16735795c5 0x7f16735795cf
+B+: 0x7f16735795d0 0x7f16735795e7
+B+: 0x7f16735795e8 0x7f16735795ef
+B+: 0x7f16735795f0 0x7f1673579600
+B+: 0x7f1673579601 0x7f167357960b
+B+: 0x7f167357960c 0x7f1673579615
+B+: 0x7f1673579616 0x7f1673579623
+B+: 0x7f1673579624 0x7f167357962b
+B+: 0x7f167357962c 0x7f167357963c
+B+: 0x7f1673579657 0x7f1673579660
+B+: 0x7f1673579661 0x7f1673579678
+B+: 0x7f1673579679 0x7f167357967f
+B+: 0x7f1673579680 0x7f167357968c
+B+: 0x7f167357968d 0x7f1673579696
+B+: 0x7f1673579697 0x7f167357969b
+B+: 0x7f1673579760 0x7f1673579789
+B+: 0x7f16735797c0 0x7f16735797e3
+B+: 0x7f16735797f8 0x7f16735797f8
+B+: 0x7f1673579840 0x7f1673579844
+B+: 0x7f1673579850 0x7f1673579863
+B+: 0x7f1673579864 0x7f167357986f
+B+: 0x7f1673579870 0x7f167357987d
+B+: 0x7f167357987e 0x7f16735798aa
+B+: 0x7f16735798ab 0x7f16735798ac
+B+: 0x7f16735798cb 0x7f16735798d2
+B+: 0x7f1673579a50 0x7f1673579a57
+B+: 0x7f1673579a58 0x7f1673579a5e
+B+: 0x7f1673579a5f 0x7f1673579a63
+B+: 0x7f1673579a71 0x7f1673579a72
+B+: 0x7f167357a6d0 0x7f167357a6eb
+B+: 0x7f167357a6ec 0x7f167357a705
+B+: 0x7f167357a717 0x7f167357a71b
+B+: 0x7f167357a71c 0x7f167357a720
+B+: 0x7f167357a72c 0x7f167357a730
+B+: 0x7f167357a73e 0x7f167357a74d
+B+: 0x7f167357a74e 0x7f167357a757
+B+: 0x7f167357a758 0x7f167357a775
+B+: 0x7f167357a780 0x7f167357a788
+B+: 0x7f167357a789 0x7f167357a790
+B+: 0x7f167357a791 0x7f167357a79c
+B+: 0x7f167357b060 0x7f167357b07e
+B+: 0x7f167357b10d 0x7f167357b11c
+B+: 0x7f167357b11d 0x7f167357b123
+B+: 0x7f167357b140 0x7f167357b14a
+B+: 0x7f167357b14b 0x7f167357b152
+B+: 0x7f167357b153 0x7f167357b15d
+B+: 0x7f167357b15e 0x7f167357b16f
+B+: 0x7f167357b188 0x7f167357b18c
+B+: 0x7f167357b18d 0x7f167357b191
+B+: 0x7f167357b192 0x7f167357b19c
+B+: 0x7f167357b1a7 0x7f167357b1ad
+B+: 0x7f167357b1ae 0x7f167357b1b5
+B+: 0x7f167357b1c0 0x7f167357b1cf
+B+: 0x7f167357bbc0 0x7f167357bbfa
+B+: 0x7f167357bbfb 0x7f167357bc07
+B+: 0x7f167357bc08 0x7f167357bc0f
+B+: 0x7f167357bc10 0x7f167357bc11
+B+: 0x7f167357bc18 0x7f167357bc21
+B+: 0x7f167357bc22 0x7f167357bc2e
+B+: 0x7f167357bc32 0x7f167357bc39
+B+: 0x7f167357bc3a 0x7f167357bc49
+B+: 0x7f167357bc4a 0x7f167357bc51
+B+: 0x7f167357bc52 0x7f167357bc58
+B+: 0x7f167357bc59 0x7f167357bc60
+B+: 0x7f167357bc61 0x7f167357bc68
+B+: 0x7f167357bc69 0x7f167357bc6d
+B+: 0x7f167357bc6e 0x7f167357bc77
+B+: 0x7f167357bc78 0x7f167357bc89
+B+: 0x7f167357bc8a 0x7f167357bc98
+B+: 0x7f167357be90 0x7f167357bed3
+B+: 0x7f167357bedf 0x7f167357bef5
+B+: 0x7f167357bef6 0x7f167357befa
+B+: 0x7f167357befb 0x7f167357bf5a
+B+: 0x7f167357bf5b 0x7f167357bf67
+B+: 0x7f167357bf68 0x7f167357bf77
+B+: 0x7f167357bf78 0x7f167357bf7f
+B+: 0x7f167357bf80 0x7f167357bf8b
+B+: 0x7f167357bf8c 0x7f167357bf94
+B+: 0x7f167357bf95 0x7f167357bf9b
+B+: 0x7f167357bfa0 0x7f167357bfaf
+B+: 0x7f167357bfb0 0x7f167357bfc5
+B+: 0x7f167357bfc6 0x7f167357bfcf
+B+: 0x7f167357bfd0 0x7f167357bfe3
+B+: 0x7f167357bfe4 0x7f167357bffc
+B+: 0x7f167357c019 0x7f167357c02b
+B+: 0x7f167357c02c 0x7f167357c034
+B+: 0x7f167357c035 0x7f167357c047
+B+: 0x7f167357c048 0x7f167357c05b
+B+: 0x7f167357c0a8 0x7f167357c0b4
+B+: 0x7f167357c0b5 0x7f167357c0b9
+B+: 0x7f167357c0db 0x7f167357c0e1
+B+: 0x7f167357c0f0 0x7f167357c103
+B+: 0x7f167357c104 0x7f167357c113
+B+: 0x7f167357c114 0x7f167357c11b
+B+: 0x7f167357c11c 0x7f167357c122
+B+: 0x7f167357c123 0x7f167357c152
+B+: 0x7f167357c153 0x7f167357c15f
+B+: 0x7f167357c160 0x7f167357c168
+B+: 0x7f167357c216 0x7f167357c21c
+B+: 0x7f167357c224 0x7f167357c22d
+B+: 0x7f167357c22e 0x7f167357c237
+B+: 0x7f167357c238 0x7f167357c241
+B+: 0x7f167357c242 0x7f167357c24b
+B+: 0x7f167357c25d 0x7f167357c266
+B+: 0x7f167357c267 0x7f167357c281
+B+: 0x7f167357c282 0x7f167357c293
+B+: 0x7f167357c34c 0x7f167357c353
+B+: 0x7f167357c354 0x7f167357c36f
+B+: 0x7f167357c51b 0x7f167357c525
+B+: 0x7f167357c526 0x7f167357c52e
+B+: 0x7f167357c52f 0x7f167357c537
+B+: 0x7f167357c8d0 0x7f167357c8ec
+B+: 0x7f167357c8ed 0x7f167357c8f1
+B+: 0x7f167357c8f8 0x7f167357c8fa
+B+: 0x7f167357c8fb 0x7f167357c907
+B+: 0x7f167357c908 0x7f167357c93e
+B+: 0x7f167357c93f 0x7f167357c940
+B+: 0x7f167357c963 0x7f167357c977
+B+: 0x7f167357c980 0x7f167357c986
+B+: 0x7f167357c987 0x7f167357c98e
+B+: 0x7f167357c98f 0x7f167357c997
+B+: 0x7f167357c998 0x7f167357c9ba
+B+: 0x7f167357c9bb 0x7f167357c9bc
+B+: 0x7f167357c9c0 0x7f167357c9e7
+B+: 0x7f167357c9e8 0x7f167357c9f7
+B+: 0x7f167357ca19 0x7f167357ca21
+B+: 0x7f167357ca22 0x7f167357ca2a
+B+: 0x7f167357ca2b 0x7f167357ca34
+B+: 0x7f167357ca35 0x7f167357ca3f
+B+: 0x7f167357cad0 0x7f167357cae9
+B+: 0x7f167357caea 0x7f167357cb00
+B+: 0x7f167357cb10 0x7f167357cb1f
+B+: 0x7f167357cb20 0x7f167357cb2b
+B+: 0x7f167357cb2c 0x7f167357cb31
+B+: 0x7f167357cb32 0x7f167357cb41
+B+: 0x7f167357cb56 0x7f167357cb61
+B+: 0x7f167357cb62 0x7f167357cb6f
+B+: 0x7f167357cb70 0x7f167357cb85
+B+: 0x7f167357cb86 0x7f167357cb97
+B+: 0x7f167357cb98 0x7f167357cbc0
+B+: 0x7f167357cbc8 0x7f167357cbcc
+B+: 0x7f167357cbcd 0x7f167357cbea
+B+: 0x7f167357cd70 0x7f167357cd98
+B+: 0x7f167357cda0 0x7f167357cda1
+B+: 0x7f167357cda2 0x7f167357cdaa
+B+: 0x7f167357cdab 0x7f167357cdc5
+B+: 0x7f167357cdc6 0x7f167357cdc9
+B+: 0x7f167357cdca 0x7f167357cdd1
+B+: 0x7f167357cdd2 0x7f167357cde6
+B+: 0x7f167357cdf0 0x7f167357ce2a
+B+: 0x7f167357ce2b 0x7f167357ce2f
+B+: 0x7f167357ce46 0x7f167357ce5c
+B+: 0x7f167357ce5d 0x7f167357ce6e
+B+: 0x7f167357ce90 0x7f167357cead
+B+: 0x7f167357cec8 0x7f167357ced1
+B+: 0x7f167357ced2 0x7f167357cedd
+B+: 0x7f167357cf6c 0x7f167357cf8f
+B+: 0x7f167357cf90 0x7f167357cf9c
+B+: 0x7f167357cf9d 0x7f167357cfa8
+B+: 0x7f167357cfa9 0x7f167357cfb0
+B+: 0x7f167357cfb1 0x7f167357cfc5
+B+: 0x7f167357d008 0x7f167357d012
+B+: 0x7f167357d013 0x7f167357d01e
+B+: 0x7f167357d01f 0x7f167357d02e
+B+: 0x7f167357d060 0x7f167357d066
+B+: 0x7f167357d067 0x7f167357d074
+B+: 0x7f167357d075 0x7f167357d086
+B+: 0x7f167357d087 0x7f167357d08e
+B+: 0x7f167357d08f 0x7f167357d0a2
+B+: 0x7f167357d0a3 0x7f167357d0b0
+B+: 0x7f167357d100 0x7f167357d116
+B+: 0x7f167357d145 0x7f167357d14d
+B+: 0x7f167357d14e 0x7f167357d157
+B+: 0x7f167357d160 0x7f167357d166
+B+: 0x7f167357d1c0 0x7f167357d1d1
+B+: 0x7f167357d1e8 0x7f167357d1ef
+B+: 0x7f167357d248 0x7f167357d25b
+B+: 0x7f167357d25c 0x7f167357d271
+B+: 0x7f167357d7d0 0x7f167357d7ff
+B+: 0x7f167357d80f 0x7f167357d812
+B+: 0x7f167357d813 0x7f167357d81c
+B+: 0x7f167357d81d 0x7f167357d820
+B+: 0x7f167357d821 0x7f167357d82f
+B+: 0x7f167357d830 0x7f167357d83a
+B+: 0x7f167357d84f 0x7f167357d85a
+B+: 0x7f167357d85f 0x7f167357d862
+B+: 0x7f167357d870 0x7f167357d877
+B+: 0x7f167357d878 0x7f167357d88d
+B+: 0x7f167357e440 0x7f167357e464
+B+: 0x7f167357e61e 0x7f167357e627
+B+: 0x7f167357e628 0x7f167357e631
+B+: 0x7f167357e632 0x7f167357e659
+B+: 0x7f167357e6af 0x7f167357e6bc
+B+: 0x7f167357e6c0 0x7f167357e6cb
+B+: 0x7f167357e730 0x7f167357e73b
+B+: 0x7f167357e740 0x7f167357e75e
+B+: 0x7f167357e75f 0x7f167357e767
+B+: 0x7f167357e7d2 0x7f167357e7e3
+B+: 0x7f167357e8a0 0x7f167357e8a7
+B+: 0x7f167357f260 0x7f167357f2a5
+B+: 0x7f167357f2b5 0x7f167357f2be
+B+: 0x7f167357f2bf 0x7f167357f2d2
+B+: 0x7f167357f2d3 0x7f167357f2fc
+B+: 0x7f167357f2fd 0x7f167357f310
+B+: 0x7f167357f324 0x7f167357f328
+B+: 0x7f167357f336 0x7f167357f33f
+B+: 0x7f167357f340 0x7f167357f344
+B+: 0x7f167357f370 0x7f167357f386
+B+: 0x7f167357f387 0x7f167357f398
+B+: 0x7f167357f3a0 0x7f167357f3b6
+B+: 0x7f167357f3b7 0x7f167357f3d7
+B+: 0x7f167357f3dd 0x7f167357f3ec
+B+: 0x7f167357f850 0x7f167357f886
+B+: 0x7f167357f887 0x7f167357f89a
+B+: 0x7f167357f89b 0x7f167357f8ad
+B+: 0x7f167357f8ae 0x7f167357f8c4
+B+: 0x7f167357f8c5 0x7f167357f8d7
+B+: 0x7f167357f8d8 0x7f167357f8e7
+B+: 0x7f167357f8e8 0x7f167357f90c
+B+: 0x7f167357f90d 0x7f167357f915
+B+: 0x7f167357f924 0x7f167357f933
+B+: 0x7f167357f934 0x7f167357f947
+B+: 0x7f167357f948 0x7f167357f954
+B+: 0x7f167357f955 0x7f167357f95f
+B+: 0x7f167357f960 0x7f167357f964
+B+: 0x7f167357fa6a 0x7f167357fa7c
+B+: 0x7f167357fa7d 0x7f167357fa9c
+B+: 0x7f167357fba0 0x7f167357fbad
+B+: 0x7f167357fbae 0x7f167357fbe1
+B+: 0x7f167357fbf0 0x7f167357fbfb
+B+: 0x7f167357fdb0 0x7f167357fdbd
+B+: 0x7f167357fdbe 0x7f167357fdca
+B+: 0x7f167357fdcb 0x7f167357fde3
+B+: 0x7f167357fde8 0x7f167357fdf4
+B+: 0x7f167357fdf8 0x7f167357fe04
+B+: 0x7f167357fe05 0x7f167357fe12
+B+: 0x7f167357fe13 0x7f167357fe1d
+B+: 0x7f167357feb4 0x7f167357fec1
+B+: 0x7f1673580160 0x7f1673580174
+B+: 0x7f1673580175 0x7f1673580187
+B+: 0x7f1673580188 0x7f16735801a2
+B+: 0x7f16735801a3 0x7f16735801ac
+B+: 0x7f16735801ad 0x7f16735801b3
+B+: 0x7f16735801d0 0x7f16735801e5
+B+: 0x7f16735801eb 0x7f16735801f3
+B+: 0x7f1673580205 0x7f167358020b
+B+: 0x7f167358020c 0x7f167358021d
+B+: 0x7f167358021e 0x7f1673580226
+B+: 0x7f1673580227 0x7f1673580230
+B+: 0x7f1673580231 0x7f1673580232
+B+: 0x7f1673580240 0x7f1673580248
+B+: 0x7f1673580260 0x7f1673580260
+B+: 0x7f1673580520 0x7f1673580534
+B+: 0x7f1673580572 0x7f1673580578
+B+: 0x7f1673580580 0x7f1673580583
+B+: 0x7f1673580610 0x7f1673580656
+B+: 0x7f167358065b 0x7f1673580686
+B+: 0x7f1673580687 0x7f167358069d
+B+: 0x7f16735806fc 0x7f1673580708
+B+: 0x7f1673580709 0x7f1673580711
+B+: 0x7f1673580712 0x7f167358072a
+B+: 0x7f167358072b 0x7f167358073c
+B+: 0x7f1673580740 0x7f1673580747
+B+: 0x7f1673580748 0x7f167358075f
+B+: 0x7f1673580760 0x7f1673580766
+B+: 0x7f1673580767 0x7f1673580780
+B+: 0x7f1673580790 0x7f1673580793
+B+: 0x7f1673580794 0x7f1673580798
+B+: 0x7f16735807a2 0x7f16735807aa
+B+: 0x7f16735807ab 0x7f16735807ae
+B+: 0x7f16735807af 0x7f16735807bd
+B+: 0x7f16735807cb 0x7f16735807d3
+B+: 0x7f1673580825 0x7f1673580841
+B+: 0x7f1673580842 0x7f167358084d
+B+: 0x7f167358087e 0x7f167358088e
+B+: 0x7f167358088f 0x7f16735808a0
+B+: 0x7f16735808a1 0x7f16735808ad
+B+: 0x7f1673580c10 0x7f1673580c30
+B+: 0x7f1673580c31 0x7f1673580c58
+B+: 0x7f1673580c5e 0x7f1673580c66
+B+: 0x7f1673580c67 0x7f1673580c6f
+B+: 0x7f1673580c78 0x7f1673580c87
+B+: 0x7f1673580c88 0x7f1673580c89
+B+: 0x7f1673580ca0 0x7f1673580caf
+B+: 0x7f1673580cba 0x7f1673580cc4
+B+: 0x7f1673580ce0 0x7f1673580ce8
+B+: 0x7f1673581360 0x7f167358136b
+B+: 0x7f1673581480 0x7f1673581480
+B+: 0x7f16735819c0 0x7f16735819db
+B+: 0x7f1673581a16 0x7f1673581a32
+B+: 0x7f1673581a33 0x7f1673581a52
+B+: 0x7f1673581a63 0x7f1673581a6a
+B+: 0x7f1673581a90 0x7f1673581aa6
+B+: 0x7f1673581aa7 0x7f1673581aae
+B+: 0x7f1673581aaf 0x7f1673581ab6
+B+: 0x7f1673581af6 0x7f1673581b01
+B+: 0x7f1673581b0c 0x7f1673581b34
+B+: 0x7f1673581b40 0x7f1673581b57
+B+: 0x7f1673581b58 0x7f1673581b5f
+B+: 0x7f1673581b60 0x7f1673581b67
+B+: 0x7f1673581b68 0x7f1673581b70
+B+: 0x7f1673581b71 0x7f1673581b7a
+B+: 0x7f1673581b7b 0x7f1673581b80
+B+: 0x7f1673581b97 0x7f1673581b9c
+B+: 0x7f1673581c0a 0x7f1673581c3d
+B+: 0x7f1673581c47 0x7f1673581c53
+B+: 0x7f1673581ed0 0x7f1673581ede
+B+: 0x7f1673581edf 0x7f1673581ee7
+B+: 0x7f1673581ee8 0x7f1673581efc
+B+: 0x7f1673581efd 0x7f1673581f02
+B+: 0x7f1673581f03 0x7f1673581f1b
+B+: 0x7f1673581f1c 0x7f1673581f21
+B+: 0x7f1673581f22 0x7f1673581f2b
+B+: 0x7f1673581fc0 0x7f1673581fc7
+B+: 0x7f1673581fc8 0x7f1673581fd0
+B+: 0x7f1673582760 0x7f1673582768
+B+: 0x7f1673582769 0x7f167358276d
+B+: 0x7f167358276e 0x7f1673582772
+B+: 0x7f1673582780 0x7f1673582788
+B+: 0x7f1673582789 0x7f167358278d
+B+: 0x7f167358278e 0x7f1673582792
+B+: 0x7f16735827c0 0x7f16735827d9
+B+: 0x7f16735827da 0x7f16735827e6
+B+: 0x7f16735827f7 0x7f1673582802
+B+: 0x7f1673582803 0x7f167358280b
+B+: 0x7f167358280c 0x7f1673582841
+B+: 0x7f1673582842 0x7f167358284b
+B+: 0x7f167358284c 0x7f1673582852
+B+: 0x7f1673582853 0x7f1673582875
+B+: 0x7f1673582880 0x7f167358288e
+B+: 0x7f16735828b0 0x7f16735828c8
+B+: 0x7f1673582900 0x7f1673582941
+B+: 0x7f1673582950 0x7f1673582966
+B+: 0x7f1673582967 0x7f167358297e
+B+: 0x7f167358297f 0x7f167358298a
+B+: 0x7f167358298b 0x7f16735829b3
+B+: 0x7f16735829b4 0x7f16735829bd
+B+: 0x7f16735829be 0x7f16735829bf
+B+: 0x7f16735829d0 0x7f16735829e8
+B+: 0x7f16735829e9 0x7f1673582a14
+B+: 0x7f1673582a1e 0x7f1673582a25
+B+: 0x7f1673582a26 0x7f1673582a33
+B+: 0x7f1673582a34 0x7f1673582a46
+B+: 0x7f1673582ae0 0x7f1673582afe
+B+: 0x7f1673582aff 0x7f1673582b0c
+B+: 0x7f1673582b0d 0x7f1673582b1b
+B+: 0x7f1673582b1c 0x7f1673582b2c
+B+: 0x7f1673582b40 0x7f1673582b62
+B+: 0x7f1673582b98 0x7f1673582ba9
+B+: 0x7f16735836d0 0x7f16735836f4
+B+: 0x7f16735836f5 0x7f167358370d
+B+: 0x7f167358370e 0x7f1673583712
+B+: 0x7f1673583713 0x7f167358371e
+B+: 0x7f167358371f 0x7f1673583723
+B+: 0x7f1673583724 0x7f1673583728
+B+: 0x7f1673583729 0x7f1673583730
+B+: 0x7f167358373c 0x7f1673583749
+B+: 0x7f167358374a 0x7f167358374d
+B+: 0x7f167358374e 0x7f1673583760
+B+: 0x7f1673583761 0x7f167358376b
+B+: 0x7f1673583790 0x7f167358379d
+B+: 0x7f167358379e 0x7f16735837a5
+B+: 0x7f16735837a6 0x7f16735837a7
+B+: 0x7f1673583890 0x7f167358389d
+B+: 0x7f167358389e 0x7f16735838a9
+B+: 0x7f16735838aa 0x7f16735838bd
+B+: 0x7f16735838c0 0x7f16735838ca
+B+: 0x7f16735838d0 0x7f16735838ef
+B+: 0x7f16735838f0 0x7f16735838f4
+B+: 0x7f16735838f5 0x7f167358390c
+B+: 0x7f167358390d 0x7f1673583910
+B+: 0x7f1673583911 0x7f1673583912
+B+: 0x7f1673583913 0x7f167358391b
+B+: 0x7f167358391c 0x7f1673583930
+B+: 0x7f1673583938 0x7f167358393c
+B+: 0x7f1673583980 0x7f167358398f
+B+: 0x7f1673583990 0x7f167358399b
+B+: 0x7f167358399c 0x7f16735839ab
+B+: 0x7f1673583a80 0x7f1673583a93
+B+: 0x7f1673583a94 0x7f1673583aac
+B+: 0x7f1673583aad 0x7f1673583abf
+B+: 0x7f1673583ac0 0x7f1673583ada
+B+: 0x7f1673583adb 0x7f1673583ae3
+B+: 0x7f1673583aec 0x7f1673583af8
+B+: 0x7f1673583af9 0x7f1673583b02
+B+: 0x7f1673583b03 0x7f1673583b06
+B+: 0x7f1673583b07 0x7f1673583b1a
+B+: 0x7f1673583c49 0x7f1673583c55
+B+: 0x7f1673583c56 0x7f1673583c67
+B+: 0x7f1673583c82 0x7f1673583c93
+B+: 0x7f1673583d77 0x7f1673583d82
+B+: 0x7f1673583da0 0x7f1673583db2
+B+: 0x7f1673583db3 0x7f1673583ddf
+B+: 0x7f1673583de0 0x7f1673583deb
+B+: 0x7f1673583dec 0x7f1673583dfc
+B+: 0x7f1673583dfd 0x7f1673583e18
+B+: 0x7f1673583e19 0x7f1673583e25
+B+: 0x7f1673583e26 0x7f1673583e2e
+B+: 0x7f1673583e2f 0x7f1673583e3f
+B+: 0x7f1673583e40 0x7f1673583e44
+B+: 0x7f1673583e45 0x7f1673583e50
+B+: 0x7f1673583e51 0x7f1673583e5d
+B+: 0x7f1673583e5e 0x7f1673583e77
+B+: 0x7f1673583ece 0x7f1673583ed2
+B+: 0x7f1673583ed3 0x7f1673583ede
+B+: 0x7f1673583ee0 0x7f1673583eec
+B+: 0x7f1673583f60 0x7f1673583f7c
+B+: 0x7f1673584120 0x7f1673584128
+B+: 0x7f1673584129 0x7f1673584147
+B+: 0x7f1673584750 0x7f167358475e
+B+: 0x7f167358475f 0x7f1673584763
+B+: 0x7f1673584764 0x7f1673584770
+B+: 0x7f1673584771 0x7f1673584777
+B+: 0x7f1673584778 0x7f1673584783
+B+: 0x7f1673584784 0x7f1673584788
+B+: 0x7f1673584789 0x7f167358478d
+B+: 0x7f167358478e 0x7f1673584796
+B+: 0x7f1673584797 0x7f167358479e
+B+: 0x7f1673584890 0x7f1673584892
+B+: 0x7f16735848a7 0x7f16735848ab
+B+: 0x7f16735848ac 0x7f16735848b2
+B+: 0x7f16735848b3 0x7f16735848b6
+B+: 0x7f16735848d0 0x7f16735848e1
+B+: 0x7f16735848e2 0x7f16735848e6
+B+: 0x7f16735848e7 0x7f16735848eb
+B+: 0x7f16735848ec 0x7f16735848f1
+B+: 0x7f16735848f2 0x7f16735848fa
+B+: 0x7f16735848fb 0x7f16735848fc
+B+: 0x7f1673584940 0x7f1673584948
+B+: 0x7f1673584949 0x7f1673584951
+B+: 0x7f1673584980 0x7f1673584988
+B+: 0x7f1673584989 0x7f167358498a
+B+: 0x7f167358498b 0x7f1673584991
+B+: 0x7f1673584992 0x7f16735849a2
+B+: 0x7f16735849a8 0x7f16735849ac
+B+: 0x7f16735849eb 0x7f1673584a00
+B+: 0x7f1673584a08 0x7f1673584a10
+B+: 0x7f1673584af0 0x7f1673584b11
+B+: 0x7f1673584b12 0x7f1673584b16
+B+: 0x7f1673584b17 0x7f1673584b1d
+B+: 0x7f1673584b1e 0x7f1673584b26
+B+: 0x7f1673584b27 0x7f1673584b34
+B+: 0x7f1673584b35 0x7f1673584b3c
+B+: 0x7f1673584b3d 0x7f1673584b49
+B+: 0x7f1673584b4a 0x7f1673584b5a
+B+: 0x7f1673584b5b 0x7f1673584b63
+B+: 0x7f1673584b7f 0x7f1673584b93
+B+: 0x7f1673584b94 0x7f1673584b9c
+B+: 0x7f1673584be0 0x7f1673584bf7
+B+: 0x7f1673584bf8 0x7f1673584c00
+B+: 0x7f1673584c1b 0x7f1673584c2b
+B+: 0x7f1673584d40 0x7f1673584d5e
+B+: 0x7f1673584d5f 0x7f1673584d6d
+B+: 0x7f1673584d6e 0x7f1673584d72
+B+: 0x7f1673584d7d 0x7f1673584d90
+B+: 0x7f1673584d91 0x7f1673584d95
+B+: 0x7f1673584d96 0x7f1673584d9a
+B+: 0x7f1673584da0 0x7f1673584da4
+B+: 0x7f1673584dd5 0x7f1673584dd9
+B+: 0x7f1673584dda 0x7f1673584dde
+B+: 0x7f1673584df0 0x7f1673584dfb
+B+: 0x7f1673584dfc 0x7f1673584e07
+B+: 0x7f1673584e08 0x7f1673584e10
+B+: 0x7f1673584e2c 0x7f1673584e30
+B+: 0x7f1673584e31 0x7f1673584e36
+B+: 0x7f1673584e41 0x7f1673584e45
+B+: 0x7f1673584e46 0x7f1673584e54
+B+: 0x7f1673584e55 0x7f1673584e5d
+B+: 0x7f1673584e5e 0x7f1673584e62
+B+: 0x7f1673584e63 0x7f1673584e74
+B+: 0x7f1673584e78 0x7f1673584e84
+B+: 0x7f1673584ea0 0x7f1673584ea4
+B+: 0x7f1673584ef0 0x7f1673584f03
+B+: 0x7f1673584f40 0x7f1673584f76
+B+: 0x7f1673584f77 0x7f1673584f82
+B+: 0x7f1673584f83 0x7f1673584f92
+B+: 0x7f167358501b 0x7f1673585031
+B+: 0x7f1673585032 0x7f1673585040
+B+: 0x7f1673585075 0x7f16735850b8
+B+: 0x7f16735850b9 0x7f16735850c3
+B+: 0x7f16735850c4 0x7f16735850cc
+B+: 0x7f16735850cd 0x7f16735850d5
+B+: 0x7f16735850d6 0x7f16735850de
+B+: 0x7f16735850df 0x7f1673585106
+B+: 0x7f1673585107 0x7f1673585133
+B+: 0x7f1673585578 0x7f1673585581
+B+: 0x7f1673585582 0x7f16735855a8
+B+: 0x7f16735855a9 0x7f16735855b6
+B+: 0x7f16735855d0 0x7f16735855e0
+B+: 0x7f16735855e1 0x7f16735855ee
+B+: 0x7f16735855ef 0x7f16735855f3
+B+: 0x7f1673585670 0x7f167358567e
+B+: 0x7f167358567f 0x7f1673585683
+B+: 0x7f1673585684 0x7f1673585692
+B+: 0x7f1673585693 0x7f167358569a
+B+: 0x7f167358569b 0x7f16735856a2
+B+: 0x7f16735856a3 0x7f16735856b7
+B+: 0x7f1673585790 0x7f16735857bc
+B+: 0x7f16735857bd 0x7f16735857d4
+B+: 0x7f16735857e0 0x7f167358583a
+B+: 0x7f167358583b 0x7f1673585875
+B+: 0x7f1673585876 0x7f1673585893
+B+: 0x7f1673585894 0x7f16735858a3
+B+: 0x7f16735858a4 0x7f16735858b0
+B+: 0x7f16735859b4 0x7f16735859b8
+B+: 0x7f16735859b9 0x7f16735859cf
+B+: 0x7f16735859d0 0x7f16735859dc
+B+: 0x7f16735859dd 0x7f16735859ef
+B+: 0x7f16735859f0 0x7f16735859f7
+B+: 0x7f1673585a01 0x7f1673585a16
+B+: 0x7f1673585a28 0x7f1673585a3d
+B+: 0x7f1673585a3e 0x7f1673585a4d
+B+: 0x7f1673585a79 0x7f1673585a97
+B+: 0x7f1673585a98 0x7f1673585ac0
+B+: 0x7f1673585ac1 0x7f1673585acf
+B+: 0x7f1673586148 0x7f1673586154
+B+: 0x7f1673586155 0x7f1673586174
+B+: 0x7f1673586175 0x7f167358617f
+B+: 0x7f16735861ac 0x7f16735861b0
+B+: 0x7f16735861b1 0x7f16735861b5
+B+: 0x7f1673586a40 0x7f1673586a64
+B+: 0x7f1673586b10 0x7f1673586b1a
+B+: 0x7f1673586b40 0x7f1673586b47
+B+: 0x7f1673586b48 0x7f1673586b51
+B+: 0x7f1673586b58 0x7f1673586b60
+B+: 0x7f1673586b61 0x7f1673586b6a
+B+: 0x7f1673586b88 0x7f1673586b8c
+B+: 0x7f1673586b8d 0x7f1673586b94
+B+: 0x7f1673586ba0 0x7f1673586ba4
+B+: 0x7f1673586d00 0x7f1673586d30
+B+: 0x7f1673586e3f 0x7f1673586e55
+B+: 0x7f1673586e56 0x7f1673586e67
+B+: 0x7f16735871e0 0x7f1673587222
+B+: 0x7f1673587223 0x7f1673587228
+B+: 0x7f167358724c 0x7f1673587260
+B+: 0x7f1673587261 0x7f1673587269
+B+: 0x7f1673587270 0x7f1673587279
+B+: 0x7f1673587288 0x7f16735872a0
+B+: 0x7f16735872a1 0x7f16735872ba
+B+: 0x7f16735872bb 0x7f16735872bc
+B+: 0x7f16735872d0 0x7f16735872d8
+B+: 0x7f16735872f8 0x7f16735872f8
+B+: 0x7f1673587300 0x7f167358730c
+B+: 0x7f167358733f 0x7f1673587343
+B+: 0x7f1673587380 0x7f1673587384
+B+: 0x7f16735873d0 0x7f16735873e3
+B+: 0x7f1673587400 0x7f1673587400
+B+: 0x7f1673587420 0x7f167358745b
+B+: 0x7f1673587467 0x7f1673587471
+B+: 0x7f1673587472 0x7f1673587489
+B+: 0x7f167358748a 0x7f167358748d
+B+: 0x7f167358748e 0x7f1673587494
+B+: 0x7f1673587495 0x7f167358749d
+B+: 0x7f167358749e 0x7f16735874a9
+B+: 0x7f16735874aa 0x7f16735874c2
+B+: 0x7f16735874c3 0x7f16735874ce
+B+: 0x7f16735874cf 0x7f16735874e5
+B+: 0x7f16735874e6 0x7f16735874f5
+B+: 0x7f1673587500 0x7f167358750e
+B+: 0x7f167358750f 0x7f1673587513
+B+: 0x7f1673587514 0x7f167358751e
+B+: 0x7f1673587540 0x7f1673587549
+B+: 0x7f167358754a 0x7f167358754e
+B+: 0x7f167358754f 0x7f1673587560
+B+: 0x7f1673587568 0x7f1673587577
+B+: 0x7f1673587580 0x7f1673587589
+B+: 0x7f16735875a8 0x7f16735875bb
+B+: 0x7f16735875c0 0x7f16735875ce
+B+: 0x7f16735875cf 0x7f16735875dc
+B+: 0x7f16735876f0 0x7f16735876fd
+B+: 0x7f16735877a0 0x7f16735877a0
+B+: 0x7f16735877b0 0x7f16735877ba
+B+: 0x7f16735877bb 0x7f16735877ce
+B+: 0x7f16735877cf 0x7f16735877d8
+B+: 0x7f16735877d9 0x7f16735877e6
+B+: 0x7f1673587800 0x7f167358782d
+B+: 0x7f167358782e 0x7f1673587831
+B+: 0x7f1673587832 0x7f1673587847
+B+: 0x7f1673587864 0x7f167358786b
+B+: 0x7f167358786c 0x7f167358786f
+B+: 0x7f1673587870 0x7f1673587876
+B+: 0x7f1673587877 0x7f167358787b
+B+: 0x7f167358787c 0x7f1673587886
+B+: 0x7f1673587ae0 0x7f1673587b01
+B+: 0x7f1673587b02 0x7f1673587b0a
+B+: 0x7f1673587b0b 0x7f1673587b14
+B+: 0x7f1673587b15 0x7f1673587b19
+B+: 0x7f1673587c00 0x7f1673587c19
+B+: 0x7f1673587c51 0x7f1673587c8e
+B+: 0x7f1673587c8f 0x7f1673587c9e
+B+: 0x7f1673587c9f 0x7f1673587ca6
+B+: 0x7f1673587df0 0x7f1673587dfb
+B+: 0x7f1673587e20 0x7f1673587e20
+B+: 0x7f1673587e30 0x7f1673587e38
+B+: 0x7f1673589940 0x7f167358994b
+B+: 0x7f167358994c 0x7f1673589957
+B+: 0x7f1673589958 0x7f1673589964
+B+: 0x7f1673589965 0x7f1673589969
+B+: 0x7f167358996a 0x7f167358996f
+B+: 0x7f1673589970 0x7f1673589976
+B+: 0x7f1673589980 0x7f1673589987
+B+: 0x7f1673589988 0x7f167358998c
+B+: 0x7f167358998d 0x7f167358999b
+B+: 0x7f167358999c 0x7f16735899a0
+B+: 0x7f16735899a1 0x7f16735899a8
+B+: 0x7f16735899a9 0x7f16735899ad
+B+: 0x7f16735899ae 0x7f16735899b8
+B+: 0x7f16735899b9 0x7f16735899b9
+B+: 0x7f16735899c0 0x7f16735899c5
+B+: 0x7f16735899c6 0x7f16735899c9
+B+: 0x7f16735899d0 0x7f16735899d0
+B+: 0x7f16735899d1 0x7f16735899d5
+B+: 0x7f16735899d6 0x7f16735899d9
+B+: 0x7f16735899e0 0x7f16735899ff
+B+: 0x7f1673589a00 0x7f1673589a11
+B+: 0x7f1673589a12 0x7f1673589a16
+B+: 0x7f1673589a20 0x7f1673589a22
+B+: 0x7f1673589a23 0x7f1673589a2f
+B+: 0x7f1673589a30 0x7f1673589a33
+B+: 0x7f1673589a34 0x7f1673589a5d
+B+: 0x7f1673589a5e 0x7f1673589a62
+B+: 0x7f1673589a63 0x7f1673589a82
+B+: 0x7f1673589ac0 0x7f1673589ade
+B+: 0x7f1673589adf 0x7f1673589ae3
+B+: 0x7f1673589ae4 0x7f1673589ae8
+B+: 0x7f1673589af0 0x7f1673589af2
+B+: 0x7f1673589af3 0x7f1673589aff
+B+: 0x7f1673589b00 0x7f1673589b03
+B+: 0x7f1673589b04 0x7f1673589b3e
+B+: 0x7f1673589b3f 0x7f1673589b49
+B+: 0x7f1673589b4a 0x7f1673589b57
+B+: 0x7f1673589b58 0x7f1673589b5d
+B+: 0x7f1673589b5e 0x7f1673589b66
+B+: 0x7f1673589b67 0x7f1673589b70
+B+: 0x7f1673589b71 0x7f1673589b7a
+B+: 0x7f1673589b7b 0x7f1673589b9a
+B+: 0x7f1673589b9b 0x7f1673589ba3
+B+: 0x7f1673589ba4 0x7f1673589bbd
+B+: 0x7f1673589bc0 0x7f1673589bc5
+B+: 0x7f1673589bc6 0x7f1673589bcf
+B+: 0x7f1673589bd0 0x7f1673589bd9
+B+: 0x7f1673589bda 0x7f1673589bf7
+B+: 0x7f1673589c08 0x7f1673589c14
+B+: 0x7f1673589c15 0x7f1673589c1b
+B+: 0x7f1673589c1c 0x7f1673589c29
+B+: 0x7f1673589cb0 0x7f1673589cca
+B+: 0x7f1673589ccb 0x7f1673589cda
+B+: 0x7f1673589cdb 0x7f1673589ce6
+B+: 0x7f1673589ce7 0x7f1673589cef
+B+: 0x7f1673589cf0 0x7f1673589cf4
+B+: 0x7f1673589cf5 0x7f1673589cfc
+B+: 0x7f1673589cfd 0x7f1673589d10
+B+: 0x7f1673589d11 0x7f1673589d21
+B+: 0x7f1673589d22 0x7f1673589d26
+B+: 0x7f1673589d27 0x7f1673589d38
+B+: 0x7f1673589d39 0x7f1673589d4b
+B+: 0x7f1673589d4c 0x7f1673589d54
+B+: 0x7f1673589d55 0x7f1673589d5e
+B+: 0x7f1673589d5f 0x7f1673589d6d
+B+: 0x7f1673589ea0 0x7f1673589eb6
+B+: 0x7f1673589eb7 0x7f1673589ebb
+B+: 0x7f1673589ebc 0x7f1673589ec0
+B+: 0x7f1673589ec8 0x7f1673589ecb
+B+: 0x7f1673589ecc 0x7f1673589ed9
+B+: 0x7f1673589eda 0x7f1673589edd
+B+: 0x7f1673589ede 0x7f1673589f06
+B+: 0x7f1673589f07 0x7f1673589f10
+B+: 0x7f1673589f11 0x7f1673589f16
+B+: 0x7f1673589f17 0x7f1673589f24
+B+: 0x7f1673589f25 0x7f1673589f2d
+B+: 0x7f167358a440 0x7f167358a46b
+B+: 0x7f167358a46c 0x7f167358a470
+B+: 0x7f167358a471 0x7f167358a475
+B+: 0x7f167358a536 0x7f167358a53e
+B+: 0x7f167358a53f 0x7f167358a548
+B+: 0x7f167358a549 0x7f167358a551
+B+: 0x7f167358a5d0 0x7f167358a5e4
+B+: 0x7f167358a5e5 0x7f167358a606
+B+: 0x7f167358a607 0x7f167358a610
+B+: 0x7f167358a611 0x7f167358a618
+B+: 0x7f167358a640 0x7f167358a648
+B+: 0x7f167358a649 0x7f167358a656
+B+: 0x7f167358a657 0x7f167358a65f
+B+: 0x7f167358a660 0x7f167358a661
+B+: 0x7f167358a760 0x7f167358a7aa
+B+: 0x7f167358a7ab 0x7f167358a7af
+B+: 0x7f167358a7b0 0x7f167358a7be
+B+: 0x7f167358a7c8 0x7f167358a7d3
+B+: 0x7f167358a7d4 0x7f167358a7d8
+B+: 0x7f167358a7d9 0x7f167358a7e0
+B+: 0x7f167358a7e1 0x7f167358a7e5
+B+: 0x7f167358a7e6 0x7f167358a7f3
+B+: 0x7f167358a7f4 0x7f167358a7fb
+B+: 0x7f167358a800 0x7f167358a810
+B+: 0x7f167358a811 0x7f167358a815
+B+: 0x7f167358a816 0x7f167358a832
+B+: 0x7f167358a833 0x7f167358a843
+B+: 0x7f167358a844 0x7f167358a84f
+B+: 0x7f167358a850 0x7f167358a857
+B+: 0x7f167358a858 0x7f167358a85c
+B+: 0x7f167358a85d 0x7f167358a868
+B+: 0x7f167358a869 0x7f167358a87b
+B+: 0x7f167358a87c 0x7f167358a884
+B+: 0x7f167358a888 0x7f167358a897
+B+: 0x7f167358a898 0x7f167358a89b
+B+: 0x7f167358a89c 0x7f167358a8b4
+B+: 0x7f167358a8b5 0x7f167358a8b8
+B+: 0x7f167358a8b9 0x7f167358a8c6
+B+: 0x7f167358a8c7 0x7f167358a8d5
+B+: 0x7f167358adc0 0x7f167358adec
+B+: 0x7f167358aded 0x7f167358adf2
+B+: 0x7f167358adf3 0x7f167358ae04
+B+: 0x7f167358ae05 0x7f167358ae0d
+B+: 0x7f167358ae0e 0x7f167358ae1c
+CND+ 0x7f167357900e: taken
+CND+ 0x7f16735795ea: not taken
+CND+ 0x7f1673579626: not taken
+CND+ 0x7f167357963b: taken
+CND+ 0x7f1673579673: not taken
+CND+ 0x7f1673579687: not taken
+CND+ 0x7f1673579695: not taken
+CND+ 0x7f16735797e2: taken
+CND+ 0x7f1673579862: not taken
+CND+ 0x7f167357987c: both
+CND+ 0x7f16735798a9: not taken
+CND+ 0x7f1673579a5d: not taken
+CND+ 0x7f1673579a62: taken
+CND+ 0x7f167357a6e6: not taken
+CND+ 0x7f167357a704: taken
+CND+ 0x7f167357a71a: not taken
+CND+ 0x7f167357a71f: taken
+CND+ 0x7f167357a72f: taken
+CND+ 0x7f167357a74c: not taken
+CND+ 0x7f167357a756: not taken
+CND+ 0x7f167357a78f: not taken
+CND+ 0x7f167357a79b: taken
+CND+ 0x7f167357b079: taken
+CND+ 0x7f167357b11b: not taken
+CND+ 0x7f167357b149: not taken
+CND+ 0x7f167357b158: not taken
+CND+ 0x7f167357b190: not taken
+CND+ 0x7f167357b1ce: taken
+CND+ 0x7f167357bc20: not taken
+CND+ 0x7f167357bc2d: taken
+CND+ 0x7f167357bc48: not taken
+CND+ 0x7f167357bc5f: both
+CND+ 0x7f167357bc88: not taken
+CND+ 0x7f167357bed2: taken
+CND+ 0x7f167357bf55: not taken
+CND+ 0x7f167357bf7e: not taken
+CND+ 0x7f167357bf8a: not taken
+CND+ 0x7f167357bf93: both
+CND+ 0x7f167357bfc4: not taken
+CND+ 0x7f167357bfe2: both
+CND+ 0x7f167357bffb: taken
+CND+ 0x7f167357c05a: taken
+CND+ 0x7f167357c0af: not taken
+CND+ 0x7f167357c0b8: taken
+CND+ 0x7f167357c0e0: taken
+CND+ 0x7f167357c116: not taken
+CND+ 0x7f167357c15a: not taken
+CND+ 0x7f167357c163: taken
+CND+ 0x7f167357c21b: taken
+CND+ 0x7f167357c24a: taken
+CND+ 0x7f167357c27c: not taken
+CND+ 0x7f167357c36a: taken
+CND+ 0x7f167357c520: not taken
+CND+ 0x7f167357c529: not taken
+CND+ 0x7f167357c532: taken
+CND+ 0x7f167357c8eb: not taken
+CND+ 0x7f167357c906: both
+CND+ 0x7f167357c93d: not taken
+CND+ 0x7f167357c985: both
+CND+ 0x7f167357c9f6: taken
+CND+ 0x7f167357ca20: both
+CND+ 0x7f167357ca29: not taken
+CND+ 0x7f167357ca33: not taken
+CND+ 0x7f167357cae4: not taken
+CND+ 0x7f167357cafb: taken
+CND+ 0x7f167357cb2a: both
+CND+ 0x7f167357cb30: both
+CND+ 0x7f167357cb40: taken
+CND+ 0x7f167357cb60: not taken
+CND+ 0x7f167357cb96: not taken
+CND+ 0x7f167357cbe5: taken
+CND+ 0x7f167357cda0: not taken
+CND+ 0x7f167357cda9: not taken
+CND+ 0x7f167357cdc8: both
+CND+ 0x7f167357cdd0: both
+CND+ 0x7f167357ce2e: taken
+CND+ 0x7f167357ce57: not taken
+CND+ 0x7f167357ceac: taken
+CND+ 0x7f167357ced8: taken
+CND+ 0x7f167357cfa3: not taken
+CND+ 0x7f167357cfc0: taken
+CND+ 0x7f167357d019: not taken
+CND+ 0x7f167357d065: not taken
+CND+ 0x7f167357d06f: not taken
+CND+ 0x7f167357d089: both
+CND+ 0x7f167357d09d: not taken
+CND+ 0x7f167357d0ab: taken
+CND+ 0x7f167357d14c: not taken
+CND+ 0x7f167357d156: taken
+CND+ 0x7f167357d1cc: taken
+CND+ 0x7f167357d1ee: taken
+CND+ 0x7f167357d811: both
+CND+ 0x7f167357d81b: not taken
+CND+ 0x7f167357d81f: not taken
+CND+ 0x7f167357d839: taken
+CND+ 0x7f167357d859: taken
+CND+ 0x7f167357d861: taken
+CND+ 0x7f167357e45f: taken
+CND+ 0x7f167357e626: not taken
+CND+ 0x7f167357e6ca: taken
+CND+ 0x7f167357e762: taken
+CND+ 0x7f167357f2a4: taken
+CND+ 0x7f167357f2bd: not taken
+CND+ 0x7f167357f2cd: not taken
+CND+ 0x7f167357f30f: taken
+CND+ 0x7f167357f327: taken
+CND+ 0x7f167357f33a: not taken
+CND+ 0x7f167357f343: taken
+CND+ 0x7f167357f381: not taken
+CND+ 0x7f167357f3d6: taken
+CND+ 0x7f167357f3e7: taken
+CND+ 0x7f167357f895: not taken
+CND+ 0x7f167357f8a8: not taken
+CND+ 0x7f167357f8d2: not taken
+CND+ 0x7f167357f907: not taken
+CND+ 0x7f167357f942: taken
+CND+ 0x7f167357f953: not taken
+CND+ 0x7f167357f963: taken
+CND+ 0x7f167357fa7b: not taken
+CND+ 0x7f167357fdbc: both
+CND+ 0x7f167357fdc9: both
+CND+ 0x7f167357fe03: not taken
+CND+ 0x7f167357fe0d: not taken
+CND+ 0x7f167357fe18: taken
+CND+ 0x7f16735801a1: not taken
+CND+ 0x7f16735801ab: not taken
+CND+ 0x7f16735801e4: taken
+CND+ 0x7f16735801f2: taken
+CND+ 0x7f167358020a: not taken
+CND+ 0x7f1673580225: not taken
+CND+ 0x7f167358022f: not taken
+CND+ 0x7f1673580247: taken
+CND+ 0x7f1673580533: taken
+CND+ 0x7f1673580582: taken
+CND+ 0x7f1673580655: taken
+CND+ 0x7f1673580698: taken
+CND+ 0x7f1673580703: not taken
+CND+ 0x7f167358070c: taken
+CND+ 0x7f1673580725: not taken
+CND+ 0x7f1673580742: not taken
+CND+ 0x7f167358075a: not taken
+CND+ 0x7f1673580765: not taken
+CND+ 0x7f1673580792: not taken
+CND+ 0x7f1673580797: taken
+CND+ 0x7f16735807a9: taken
+CND+ 0x7f16735807ad: not taken
+CND+ 0x7f16735807bc: taken
+CND+ 0x7f16735807ce: taken
+CND+ 0x7f1673580848: taken
+CND+ 0x7f1673580889: not taken
+CND+ 0x7f167358089b: not taken
+CND+ 0x7f16735808a8: taken
+CND+ 0x7f1673580c2f: not taken
+CND+ 0x7f1673580c57: taken
+CND+ 0x7f1673580c65: not taken
+CND+ 0x7f1673580c6e: taken
+CND+ 0x7f1673580c86: not taken
+CND+ 0x7f1673580cae: taken
+CND+ 0x7f1673581366: taken
+CND+ 0x7f16735819d6: taken
+CND+ 0x7f1673581a31: not taken
+CND+ 0x7f1673581a51: taken
+CND+ 0x7f1673581aad: not taken
+CND+ 0x7f1673581ab5: taken
+CND+ 0x7f1673581b00: taken
+CND+ 0x7f1673581b5a: not taken
+CND+ 0x7f1673581b62: not taken
+CND+ 0x7f1673581b6b: not taken
+CND+ 0x7f1673581b75: not taken
+CND+ 0x7f1673581b7f: taken
+CND+ 0x7f1673581b9b: taken
+CND+ 0x7f1673581c3c: taken
+CND+ 0x7f1673581ed9: not taken
+CND+ 0x7f1673581ee6: not taken
+CND+ 0x7f1673581f01: not taken
+CND+ 0x7f1673581f1a: not taken
+CND+ 0x7f1673581f20: not taken
+CND+ 0x7f1673581f26: taken
+CND+ 0x7f167358276c: not taken
+CND+ 0x7f167358278c: not taken
+CND+ 0x7f16735827d8: both
+CND+ 0x7f16735827e1: taken
+CND+ 0x7f1673582806: not taken
+CND+ 0x7f1673582840: not taken
+CND+ 0x7f167358284a: not taken
+CND+ 0x7f1673582965: both
+CND+ 0x7f1673582989: not taken
+CND+ 0x7f16735829b2: not taken
+CND+ 0x7f16735829bc: not taken
+CND+ 0x7f16735829e3: not taken
+CND+ 0x7f1673582a13: taken
+CND+ 0x7f1673582afd: not taken
+CND+ 0x7f1673582b1a: not taken
+CND+ 0x7f1673582b61: taken
+CND+ 0x7f1673583711: not taken
+CND+ 0x7f167358371d: not taken
+CND+ 0x7f1673583722: not taken
+CND+ 0x7f1673583748: not taken
+CND+ 0x7f167358374c: not taken
+CND+ 0x7f167358375f: not taken
+CND+ 0x7f16735837a4: not taken
+CND+ 0x7f16735838f3: both
+CND+ 0x7f167358390f: both
+CND+ 0x7f1673583911: not taken
+CND+ 0x7f167358391a: taken
+CND+ 0x7f1673583a92: not taken
+CND+ 0x7f1673583aba: not taken
+CND+ 0x7f1673583ad5: both
+CND+ 0x7f1673583ade: taken
+CND+ 0x7f1673583af7: not taken
+CND+ 0x7f1673583b01: not taken
+CND+ 0x7f1673583b05: not taken
+CND+ 0x7f1673583b19: taken
+CND+ 0x7f1673583c50: not taken
+CND+ 0x7f1673583c62: taken
+CND+ 0x7f1673583db1: not taken
+CND+ 0x7f1673583dea: both
+CND+ 0x7f1673583e13: not taken
+CND+ 0x7f1673583e20: taken
+CND+ 0x7f1673583e2d: not taken
+CND+ 0x7f1673583e43: not taken
+CND+ 0x7f1673583e4f: both
+CND+ 0x7f1673583e58: not taken
+CND+ 0x7f1673583e72: taken
+CND+ 0x7f1673583ee7: taken
+CND+ 0x7f167358475d: both
+CND+ 0x7f167358476f: not taken
+CND+ 0x7f1673584782: both
+CND+ 0x7f1673584787: both
+CND+ 0x7f1673584795: both
+CND+ 0x7f16735848b1: not taken
+CND+ 0x7f16735848dc: not taken
+CND+ 0x7f16735848ea: not taken
+CND+ 0x7f16735848ec: both
+CND+ 0x7f16735848f5: not taken
+CND+ 0x7f16735848fb: taken
+CND+ 0x7f1673584943: not taken
+CND+ 0x7f167358494c: taken
+CND+ 0x7f1673584983: not taken
+CND+ 0x7f1673584989: both
+CND+ 0x7f1673584990: not taken
+CND+ 0x7f16735849ab: taken
+CND+ 0x7f1673584a0b: taken
+CND+ 0x7f1673584b10: both
+CND+ 0x7f1673584b1c: not taken
+CND+ 0x7f1673584b21: both
+CND+ 0x7f1673584b2f: not taken
+CND+ 0x7f1673584b37: both
+CND+ 0x7f1673584b44: both
+CND+ 0x7f1673584b5e: taken
+CND+ 0x7f1673584b92: both
+CND+ 0x7f1673584b9b: taken
+CND+ 0x7f1673584bfb: taken
+CND+ 0x7f1673584d68: both
+CND+ 0x7f1673584d71: taken
+CND+ 0x7f1673584d8b: not taken
+CND+ 0x7f1673584da3: taken
+CND+ 0x7f1673584ddd: taken
+CND+ 0x7f1673584e02: not taken
+CND+ 0x7f1673584e0b: taken
+CND+ 0x7f1673584e2f: not taken
+CND+ 0x7f1673584e35: taken
+CND+ 0x7f1673584e4f: not taken
+CND+ 0x7f1673584e58: both
+CND+ 0x7f1673584f7d: not taken
+CND+ 0x7f167358502c: not taken
+CND+ 0x7f16735850c7: not taken
+CND+ 0x7f16735850d0: both
+CND+ 0x7f16735850d9: not taken
+CND+ 0x7f16735855a7: both
+CND+ 0x7f16735855ed: not taken
+CND+ 0x7f16735855f2: taken
+CND+ 0x7f1673585682: not taken
+CND+ 0x7f16735856a1: not taken
+CND+ 0x7f16735857bb: not taken
+CND+ 0x7f1673585835: not taken
+CND+ 0x7f1673585870: not taken
+CND+ 0x7f167358588e: not taken
+CND+ 0x7f167358589e: not taken
+CND+ 0x7f16735859ca: both
+CND+ 0x7f16735859ea: taken
+CND+ 0x7f16735859f6: taken
+CND+ 0x7f1673585a15: taken
+CND+ 0x7f1673585a38: not taken
+CND+ 0x7f1673585a48: taken
+CND+ 0x7f1673585abb: not taken
+CND+ 0x7f167358614f: not taken
+CND+ 0x7f167358616f: not taken
+CND+ 0x7f167358617e: taken
+CND+ 0x7f1673586a5f: taken
+CND+ 0x7f1673586b46: not taken
+CND+ 0x7f1673586b50: taken
+CND+ 0x7f1673586b69: taken
+CND+ 0x7f1673586b93: taken
+CND+ 0x7f1673586d2b: taken
+CND+ 0x7f1673586e50: not taken
+CND+ 0x7f1673587227: taken
+CND+ 0x7f167358725f: not taken
+CND+ 0x7f1673587278: taken
+CND+ 0x7f16735872b9: not taken
+CND+ 0x7f16735872d7: taken
+CND+ 0x7f167358730b: taken
+CND+ 0x7f1673587383: taken
+CND+ 0x7f16735873e2: taken
+CND+ 0x7f1673587456: taken
+CND+ 0x7f1673587488: both
+CND+ 0x7f167358748c: not taken
+CND+ 0x7f1673587493: not taken
+CND+ 0x7f1673587498: both
+CND+ 0x7f16735874e0: not taken
+CND+ 0x7f1673587512: not taken
+CND+ 0x7f1673587519: taken
+CND+ 0x7f1673587548: not taken
+CND+ 0x7f167358754d: not taken
+CND+ 0x7f16735875c9: not taken
+CND+ 0x7f16735875d7: taken
+CND+ 0x7f16735876f8: taken
+CND+ 0x7f16735877b9: not taken
+CND+ 0x7f1673587830: not taken
+CND+ 0x7f1673587846: taken
+CND+ 0x7f167358786e: not taken
+CND+ 0x7f1673587b09: not taken
+CND+ 0x7f1673587b13: not taken
+CND+ 0x7f1673587c18: taken
+CND+ 0x7f1673587c9d: not taken
+CND+ 0x7f1673587dfa: taken
+CND+ 0x7f1673589946: both
+CND+ 0x7f1673589963: both
+CND+ 0x7f1673589968: not taken
+CND+ 0x7f167358996e: not taken
+CND+ 0x7f1673589986: not taken
+CND+ 0x7f167358998b: both
+CND+ 0x7f167358999a: both
+CND+ 0x7f167358999f: both
+CND+ 0x7f16735899ac: both
+CND+ 0x7f16735899b7: both
+CND+ 0x7f16735899c4: not taken
+CND+ 0x7f1673589a10: not taken
+CND+ 0x7f1673589a15: taken
+CND+ 0x7f1673589a2e: both
+CND+ 0x7f1673589a32: both
+CND+ 0x7f1673589a5c: both
+CND+ 0x7f1673589add: not taken
+CND+ 0x7f1673589ae2: not taken
+CND+ 0x7f1673589afe: not taken
+CND+ 0x7f1673589b02: both
+CND+ 0x7f1673589b48: both
+CND+ 0x7f1673589b52: not taken
+CND+ 0x7f1673589b5c: not taken
+CND+ 0x7f1673589b65: both
+CND+ 0x7f1673589b6b: taken
+CND+ 0x7f1673589b75: not taken
+CND+ 0x7f1673589b95: not taken
+CND+ 0x7f1673589ba2: not taken
+CND+ 0x7f1673589bc4: not taken
+CND+ 0x7f1673589bce: not taken
+CND+ 0x7f1673589bf6: taken
+CND+ 0x7f1673589c24: taken
+CND+ 0x7f1673589ce1: not taken
+CND+ 0x7f1673589cea: not taken
+CND+ 0x7f1673589cf3: not taken
+CND+ 0x7f1673589d25: not taken
+CND+ 0x7f1673589d53: not taken
+CND+ 0x7f1673589d5d: not taken
+CND+ 0x7f1673589eb5: not taken
+CND+ 0x7f1673589eba: not taken
+CND+ 0x7f1673589ed8: both
+CND+ 0x7f1673589edc: taken
+CND+ 0x7f1673589f0f: not taken
+CND+ 0x7f1673589f15: not taken
+CND+ 0x7f167358a46f: not taken
+CND+ 0x7f167358a53d: not taken
+CND+ 0x7f167358a547: not taken
+CND+ 0x7f167358a605: not taken
+CND+ 0x7f167358a60f: not taken
+CND+ 0x7f167358a647: not taken
+CND+ 0x7f167358a65e: not taken
+CND+ 0x7f167358a7bd: taken
+CND+ 0x7f167358a7d2: taken
+CND+ 0x7f167358a7df: not taken
+CND+ 0x7f167358a7e4: both
+CND+ 0x7f167358a7fa: taken
+CND+ 0x7f167358a856: not taken
+CND+ 0x7f167358a85b: taken
+CND+ 0x7f167358a87a: not taken
+CND+ 0x7f167358a89a: not taken
+CND+ 0x7f167358a8b7: not taken
+CND+ 0x7f167358a8c5: not taken
+CND+ 0x7f167358a8d4: taken
+CND+ 0x7f167358adf1: not taken
+CND+ 0x7f167358ae0c: not taken
@0x7f167358755f to 0x7f1673587580 1
@0x7f167358755f to 0x7f16735875c0 1
@0x7f167358755f to 0x7f16735875a8 2
@0x7f16735858af to 0x7f1673585a01 203
@0x7f16735858af to 0x7f16735859f0 11
@0x7f16735858af to 0x7f1673585a28 1
@0x7f1673589c19 to 0x7f167357d7d0 1
@0x7f1673589c19 to 0x7f1673584120 1
@0x7f1673579050 to 0x7f16770b2a30 4
@0x7f1673579080 to 0x7f1677052330 2
@0x7f1673579090 to 0x7f16770f4710 1
@0x7f16735790a0 to 0x7f16770cae70 5
@0x7f16735790d0 to 0x7f1677065a20 7
@0x7f16735790f0 to 0x7f1677189800 4
@0x7f1673579130 to 0x7f16770f51e0 1
@0x7f1673579140 to 0x7f1677069c10 1
@0x7f1673579150 to 0x7f1677117800 4
@0x7f1673579160 to 0x7f16770f4230 1
@0x7f1673579190 to 0x7f1677189bc0 8
@0x7f16735791c0 to 0x7f16770f5200 1
@0x7f16735791e0 to 0x7f16771895d0 1
@0x7f1673579220 to 0x7f16770f5210 2
@0x7f1673579230 to 0x7f1677118b10 1
@0x7f167357b16e to 0x7f167357b1c0 1
@0x7f1673579280 to 0x7f1677184d10 12
@0x7f16735792a0 to 0x7f1677065450 4
@0x7f167357b1ac to 0x7f167357be90 1
@0x7f16735792d0 to 0x7f1677185100 9
@0x7f1673579320 to 0x7f16770660f0 4
@0x7f1673579330 to 0x7f167718a100 6
@0x7f1673579350 to 0x7f16770f5220 1
@0x7f1673579370 to 0x7f1677117800 2
@0x7f1673579390 to 0x7f16770b23e0 23
@0x7f16735793b0 to 0x7f16770f5230 1
@0x7f16735793c0 to 0x7f1677184e90 24
@0x7f16735793e0 to 0x7f1677135ba0 1
@0x7f1673579410 to 0x7f16770b2c80 1
@0x7f1673579460 to 0x7f167718a0e0 14
@0x7f1673579510 to 0x7f16770f51f0 1
@0x7f1673579560 to 0x7f16770f44e0 1
@0x7f1673579570 to 0x7f167705e580 191
@0x7f1673584f91 to 0x7f1673585075 1
@0x7f1673579784 to 0x7f1677051fb0 1
@0x7f167358ae01 to 0x7f1673579840 1
