MODULE_NAME: /usr/bin/gs
MODULE_START: 0x7fc5f5471000
+B+: 0x7fc5f5472000 0x7fc5f547200f
+B+: 0x7fc5f5472012 0x7fc5f5472016
+B+: 0x7fc5f5472020 0x7fc5f547202b
+B+: 0x7fc5f5472030 0x7fc5f5472035
+B+: 0x7fc5f5472036 0x7fc5f547203f
+B+: 0x7fc5f5472040 0x7fc5f5472045
+B+: 0x7fc5f5472046 0x7fc5f547204f
+B+: 0x7fc5f5472050 0x7fc5f5472055
+B+: 0x7fc5f5472056 0x7fc5f547205f
+B+: 0x7fc5f5472090 0x7fc5f5472095
+B+: 0x7fc5f5472096 0x7fc5f547209f
+B+: 0x7fc5f54720b0 0x7fc5f54720b5
+B+: 0x7fc5f54720b6 0x7fc5f54720bf
+B+: 0x7fc5f54720c0 0x7fc5f54720c5
+B+: 0x7fc5f54720c6 0x7fc5f54720cf
+B+: 0x7fc5f54720d0 0x7fc5f54720d5
+B+: 0x7fc5f54720d6 0x7fc5f54720df
+B+: 0x7fc5f54720e0 0x7fc5f54720e5
+B+: 0x7fc5f54720f0 0x7fc5f5472121
+B+: 0x7fc5f5472122 0x7fc5f5472127
+B+: 0x7fc5f5472128 0x7fc5f5472130
+B+: 0x7fc5f5472131 0x7fc5f5472132
+B+: 0x7fc5f5472133 0x7fc5f5472137
+B+: 0x7fc5f5472138 0x7fc5f5472152
+B+: 0x7fc5f5472153 0x7fc5f547215b
+B+: 0x7fc5f5472184 0x7fc5f54721a2
+B+: 0x7fc5f54721a3 0x7fc5f54721b1
+B+: 0x7fc5f54721b2 0x7fc5f54721b7
+B+: 0x7fc5f54721b8 0x7fc5f54721c1
+B+: 0x7fc5f54721c2 0x7fc5f54721c5
+B+: 0x7fc5f54721c6 0x7fc5f54721ca
+B+: 0x7fc5f54721cb 0x7fc5f54721d6
+B+: 0x7fc5f54721d7 0x7fc5f54721db
+B+: 0x7fc5f5472220 0x7fc5f5472249
+B+: 0x7fc5f5472250 0x7fc5f5472262
+B+: 0x7fc5f5472278 0x7fc5f5472278
+B+: 0x7fc5f5472280 0x7fc5f54722a3
+B+: 0x7fc5f54722b8 0x7fc5f54722b8
+B+: 0x7fc5f54722c0 0x7fc5f54722c8
+B+: 0x7fc5f54722c9 0x7fc5f54722d6
+B+: 0x7fc5f54722d7 0x7fc5f54722e2
+B+: 0x7fc5f54722e3 0x7fc5f54722e7
+B+: 0x7fc5f54722e8 0x7fc5f54722f0
+B+: 0x7fc5f5472300 0x7fc5f5472304
+B+: 0x7fc5f5472350 0x7fc5f5472373
+B+: 0x7fc5f5472374 0x7fc5f547237c
+B+: 0x7fc5f547237d 0x7fc5f5472385
+B+: 0x7fc5f54723c0 0x7fc5f54723ec
+B+: 0x7fc5f54723ed 0x7fc5f54723f2
+B+: 0x7fc5f54723f3 0x7fc5f5472404
+B+: 0x7fc5f5472405 0x7fc5f547240d
+B+: 0x7fc5f547240e 0x7fc5f547241c
+B+: 0x7fc5f5472424 0x7fc5f547242c
+CND+ 0x7fc5f547200e: taken
+CND+ 0x7fc5f5472126: taken
+CND+ 0x7fc5f547212b: not taken
+CND+ 0x7fc5f5472131: not taken
+CND+ 0x7fc5f5472136: not taken
+CND+ 0x7fc5f547214d: not taken
+CND+ 0x7fc5f54721b6: not taken
+CND+ 0x7fc5f54721c4: not taken
+CND+ 0x7fc5f54721c9: not taken
+CND+ 0x7fc5f5472261: taken
+CND+ 0x7fc5f54722a2: taken
+CND+ 0x7fc5f54722c7: not taken
+CND+ 0x7fc5f54722d5: not taken
+CND+ 0x7fc5f54723f1: not taken
+CND+ 0x7fc5f547240c: not taken
@0x7fc5f5472026 to 0x7fc5f9461500 7
@0x7fc5f5472030 to 0x7fc5f5472036 1
@0x7fc5f5472040 to 0x7fc5f5472046 1
@0x7fc5f5472050 to 0x7fc5f5472056 1
@0x7fc5f5472090 to 0x7fc5f5472096 1
@0x7fc5f54720b0 to 0x7fc5f54720b6 1
@0x7fc5f54720c0 to 0x7fc5f54720c6 1
@0x7fc5f54720d0 to 0x7fc5f54720d6 1
@0x7fc5f54720e0 to 0x7fc5f7fc71c0 1
@0x7fc5f5472244 to 0x7fc5f7fb0fb0 1
@0x7fc5f5472401 to 0x7fc5f5472300 1
