MODULE_NAME: /usr/bin/gs
MODULE_START: 0x7fe933970000
+B+: 0x7fe933971000 0x7fe93397100f
+B+: 0x7fe933971012 0x7fe933971016
+B+: 0x7fe933971020 0x7fe93397102b
+B+: 0x7fe933971030 0x7fe933971035
+B+: 0x7fe933971036 0x7fe93397103f
+B+: 0x7fe933971040 0x7fe933971045
+B+: 0x7fe933971046 0x7fe93397104f
+B+: 0x7fe933971050 0x7fe933971055
+B+: 0x7fe933971056 0x7fe93397105f
+B+: 0x7fe933971090 0x7fe933971095
+B+: 0x7fe933971096 0x7fe93397109f
+B+: 0x7fe9339710b0 0x7fe9339710b5
+B+: 0x7fe9339710b6 0x7fe9339710bf
+B+: 0x7fe9339710c0 0x7fe9339710c5
+B+: 0x7fe9339710c6 0x7fe9339710cf
+B+: 0x7fe9339710d0 0x7fe9339710d5
+B+: 0x7fe9339710d6 0x7fe9339710df
+B+: 0x7fe9339710e0 0x7fe9339710e5
+B+: 0x7fe9339710f0 0x7fe933971121
+B+: 0x7fe933971122 0x7fe933971127
+B+: 0x7fe933971128 0x7fe933971130
+B+: 0x7fe933971131 0x7fe933971132
+B+: 0x7fe933971133 0x7fe933971137
+B+: 0x7fe933971138 0x7fe933971152
+B+: 0x7fe933971153 0x7fe93397115b
+B+: 0x7fe933971184 0x7fe9339711a2
+B+: 0x7fe9339711a3 0x7fe9339711b1
+B+: 0x7fe9339711b2 0x7fe9339711b7
+B+: 0x7fe9339711b8 0x7fe9339711c1
+B+: 0x7fe9339711c2 0x7fe9339711c5
+B+: 0x7fe9339711c6 0x7fe9339711ca
+B+: 0x7fe9339711cb 0x7fe9339711d6
+B+: 0x7fe9339711d7 0x7fe9339711db
+B+: 0x7fe933971220 0x7fe933971249
+B+: 0x7fe933971250 0x7fe933971262
+B+: 0x7fe933971278 0x7fe933971278
+B+: 0x7fe933971280 0x7fe9339712a3
+B+: 0x7fe9339712b8 0x7fe9339712b8
+B+: 0x7fe9339712c0 0x7fe9339712c8
+B+: 0x7fe9339712c9 0x7fe9339712d6
+B+: 0x7fe9339712d7 0x7fe9339712e2
+B+: 0x7fe9339712e3 0x7fe9339712e7
+B+: 0x7fe9339712e8 0x7fe9339712f0
+B+: 0x7fe933971300 0x7fe933971304
+B+: 0x7fe933971350 0x7fe933971373
+B+: 0x7fe933971374 0x7fe93397137c
+B+: 0x7fe93397137d 0x7fe933971385
+B+: 0x7fe9339713c0 0x7fe9339713ec
+B+: 0x7fe9339713ed 0x7fe9339713f2
+B+: 0x7fe9339713f3 0x7fe933971404
+B+: 0x7fe933971405 0x7fe93397140d
+B+: 0x7fe93397140e 0x7fe93397141c
+B+: 0x7fe933971424 0x7fe93397142c
+CND+ 0x7fe93397100e: taken
+CND+ 0x7fe933971126: taken
+CND+ 0x7fe93397112b: not taken
+CND+ 0x7fe933971131: not taken
+CND+ 0x7fe933971136: not taken
+CND+ 0x7fe93397114d: not taken
+CND+ 0x7fe9339711b6: not taken
+CND+ 0x7fe9339711c4: not taken
+CND+ 0x7fe9339711c9: not taken
+CND+ 0x7fe933971261: taken
+CND+ 0x7fe9339712a2: taken
+CND+ 0x7fe9339712c7: not taken
+CND+ 0x7fe9339712d5: not taken
+CND+ 0x7fe9339713f1: not taken
+CND+ 0x7fe93397140c: not taken
@0x7fe933971026 to 0x7fe937960500 7
@0x7fe933971030 to 0x7fe933971036 1
@0x7fe933971040 to 0x7fe933971046 1
@0x7fe933971050 to 0x7fe933971056 1
@0x7fe933971090 to 0x7fe933971096 1
@0x7fe9339710b0 to 0x7fe9339710b6 1
@0x7fe9339710c0 to 0x7fe9339710c6 1
@0x7fe9339710d0 to 0x7fe9339710d6 1
@0x7fe9339710e0 to 0x7fe9364c61c0 1
@0x7fe933971244 to 0x7fe9364affb0 1
@0x7fe933971401 to 0x7fe933971300 1
