MODULE_NAME: /usr/bin/gs
MODULE_START: 0x7f2f5c5f8000
+B+: 0x7f2f5c5f9000 0x7f2f5c5f900f
+B+: 0x7f2f5c5f9012 0x7f2f5c5f9016
+B+: 0x7f2f5c5f9020 0x7f2f5c5f902b
+B+: 0x7f2f5c5f9030 0x7f2f5c5f9035
+B+: 0x7f2f5c5f9036 0x7f2f5c5f903f
+B+: 0x7f2f5c5f9040 0x7f2f5c5f9045
+B+: 0x7f2f5c5f9046 0x7f2f5c5f904f
+B+: 0x7f2f5c5f9050 0x7f2f5c5f9055
+B+: 0x7f2f5c5f9056 0x7f2f5c5f905f
+B+: 0x7f2f5c5f9090 0x7f2f5c5f9095
+B+: 0x7f2f5c5f9096 0x7f2f5c5f909f
+B+: 0x7f2f5c5f90b0 0x7f2f5c5f90b5
+B+: 0x7f2f5c5f90b6 0x7f2f5c5f90bf
+B+: 0x7f2f5c5f90c0 0x7f2f5c5f90c5
+B+: 0x7f2f5c5f90c6 0x7f2f5c5f90cf
+B+: 0x7f2f5c5f90d0 0x7f2f5c5f90d5
+B+: 0x7f2f5c5f90d6 0x7f2f5c5f90df
+B+: 0x7f2f5c5f90e0 0x7f2f5c5f90e5
+B+: 0x7f2f5c5f90f0 0x7f2f5c5f9121
+B+: 0x7f2f5c5f9122 0x7f2f5c5f9127
+B+: 0x7f2f5c5f9128 0x7f2f5c5f9130
+B+: 0x7f2f5c5f9131 0x7f2f5c5f9132
+B+: 0x7f2f5c5f9133 0x7f2f5c5f9137
+B+: 0x7f2f5c5f9138 0x7f2f5c5f9152
+B+: 0x7f2f5c5f9153 0x7f2f5c5f915b
+B+: 0x7f2f5c5f9184 0x7f2f5c5f91a2
+B+: 0x7f2f5c5f91a3 0x7f2f5c5f91b1
+B+: 0x7f2f5c5f91b2 0x7f2f5c5f91b7
+B+: 0x7f2f5c5f91b8 0x7f2f5c5f91c1
+B+: 0x7f2f5c5f91c2 0x7f2f5c5f91c5
+B+: 0x7f2f5c5f91c6 0x7f2f5c5f91ca
+B+: 0x7f2f5c5f91cb 0x7f2f5c5f91d6
+B+: 0x7f2f5c5f91d7 0x7f2f5c5f91db
+B+: 0x7f2f5c5f9220 0x7f2f5c5f9249
+B+: 0x7f2f5c5f9250 0x7f2f5c5f9262
+B+: 0x7f2f5c5f9278 0x7f2f5c5f9278
+B+: 0x7f2f5c5f9280 0x7f2f5c5f92a3
+B+: 0x7f2f5c5f92b8 0x7f2f5c5f92b8
+B+: 0x7f2f5c5f92c0 0x7f2f5c5f92c8
+B+: 0x7f2f5c5f92c9 0x7f2f5c5f92d6
+B+: 0x7f2f5c5f92d7 0x7f2f5c5f92e2
+B+: 0x7f2f5c5f92e3 0x7f2f5c5f92e7
+B+: 0x7f2f5c5f92e8 0x7f2f5c5f92f0
+B+: 0x7f2f5c5f9300 0x7f2f5c5f9304
+B+: 0x7f2f5c5f9350 0x7f2f5c5f9373
+B+: 0x7f2f5c5f9374 0x7f2f5c5f937c
+B+: 0x7f2f5c5f937d 0x7f2f5c5f9385
+B+: 0x7f2f5c5f93c0 0x7f2f5c5f93ec
+B+: 0x7f2f5c5f93ed 0x7f2f5c5f93f2
+B+: 0x7f2f5c5f93f3 0x7f2f5c5f9404
+B+: 0x7f2f5c5f9405 0x7f2f5c5f940d
+B+: 0x7f2f5c5f940e 0x7f2f5c5f941c
+B+: 0x7f2f5c5f9424 0x7f2f5c5f942c
+CND+ 0x7f2f5c5f900e: taken
+CND+ 0x7f2f5c5f9126: taken
+CND+ 0x7f2f5c5f912b: not taken
+CND+ 0x7f2f5c5f9131: not taken
+CND+ 0x7f2f5c5f9136: not taken
+CND+ 0x7f2f5c5f914d: not taken
+CND+ 0x7f2f5c5f91b6: not taken
+CND+ 0x7f2f5c5f91c4: not taken
+CND+ 0x7f2f5c5f91c9: not taken
+CND+ 0x7f2f5c5f9261: taken
+CND+ 0x7f2f5c5f92a2: taken
+CND+ 0x7f2f5c5f92c7: not taken
+CND+ 0x7f2f5c5f92d5: not taken
+CND+ 0x7f2f5c5f93f1: not taken
+CND+ 0x7f2f5c5f940c: not taken
@0x7f2f5c5f9026 to 0x7f2f605e8500 7
@0x7f2f5c5f9030 to 0x7f2f5c5f9036 1
@0x7f2f5c5f9040 to 0x7f2f5c5f9046 1
@0x7f2f5c5f9050 to 0x7f2f5c5f9056 1
@0x7f2f5c5f9090 to 0x7f2f5c5f9096 1
@0x7f2f5c5f90b0 to 0x7f2f5c5f90b6 1
@0x7f2f5c5f90c0 to 0x7f2f5c5f90c6 1
@0x7f2f5c5f90d0 to 0x7f2f5c5f90d6 1
@0x7f2f5c5f90e0 to 0x7f2f5f14e1c0 1
@0x7f2f5c5f9244 to 0x7f2f5f137fb0 1
@0x7f2f5c5f9401 to 0x7f2f5c5f9300 1
