MODULE_NAME: /bin/dash
MODULE_START: 0x7f480f680000
+B+: 0x7f480f684000 0x7f480f68400f
+B+: 0x7f480f684012 0x7f480f684016
+B+: 0x7f480f684050 0x7f480f684055
+B+: 0x7f480f684080 0x7f480f684085
+B+: 0x7f480f684090 0x7f480f684095
+B+: 0x7f480f6840a0 0x7f480f6840a5
+B+: 0x7f480f6840d0 0x7f480f6840d5
+B+: 0x7f480f6840f0 0x7f480f6840f5
+B+: 0x7f480f684130 0x7f480f684135
+B+: 0x7f480f684140 0x7f480f684145
+B+: 0x7f480f684150 0x7f480f684155
+B+: 0x7f480f684160 0x7f480f684165
+B+: 0x7f480f684190 0x7f480f684195
+B+: 0x7f480f6841c0 0x7f480f6841c5
+B+: 0x7f480f6841e0 0x7f480f6841e5
+B+: 0x7f480f684220 0x7f480f684225
+B+: 0x7f480f684230 0x7f480f684235
+B+: 0x7f480f684280 0x7f480f684285
+B+: 0x7f480f6842a0 0x7f480f6842a5
+B+: 0x7f480f6842d0 0x7f480f6842d5
+B+: 0x7f480f684320 0x7f480f684325
+B+: 0x7f480f684330 0x7f480f684335
+B+: 0x7f480f684350 0x7f480f684355
+B+: 0x7f480f684370 0x7f480f684375
+B+: 0x7f480f684390 0x7f480f684395
+B+: 0x7f480f6843b0 0x7f480f6843b5
+B+: 0x7f480f6843c0 0x7f480f6843c5
+B+: 0x7f480f6843e0 0x7f480f6843e5
+B+: 0x7f480f684410 0x7f480f684415
+B+: 0x7f480f684460 0x7f480f684465
+B+: 0x7f480f684510 0x7f480f684515
+B+: 0x7f480f684560 0x7f480f684565
+B+: 0x7f480f684570 0x7f480f684575
+B+: 0x7f480f684590 0x7f480f6845b8
+B+: 0x7f480f6845b9 0x7f480f6845c4
+B+: 0x7f480f6845c5 0x7f480f6845cf
+B+: 0x7f480f6845d0 0x7f480f6845e7
+B+: 0x7f480f6845e8 0x7f480f6845ef
+B+: 0x7f480f6845f0 0x7f480f684600
+B+: 0x7f480f684601 0x7f480f68460b
+B+: 0x7f480f68460c 0x7f480f684615
+B+: 0x7f480f684616 0x7f480f684623
+B+: 0x7f480f684624 0x7f480f68462b
+B+: 0x7f480f68462c 0x7f480f68463c
+B+: 0x7f480f684657 0x7f480f684660
+B+: 0x7f480f684661 0x7f480f684678
+B+: 0x7f480f684679 0x7f480f68467f
+B+: 0x7f480f684680 0x7f480f68468c
+B+: 0x7f480f68468d 0x7f480f684696
+B+: 0x7f480f684697 0x7f480f68469b
+B+: 0x7f480f684760 0x7f480f684789
+B+: 0x7f480f6847c0 0x7f480f6847e3
+B+: 0x7f480f6847f8 0x7f480f6847f8
+B+: 0x7f480f684840 0x7f480f684844
+B+: 0x7f480f684850 0x7f480f684863
+B+: 0x7f480f684864 0x7f480f68486f
+B+: 0x7f480f684870 0x7f480f68487d
+B+: 0x7f480f68487e 0x7f480f6848aa
+B+: 0x7f480f6848ab 0x7f480f6848ac
+B+: 0x7f480f6848cb 0x7f480f6848d2
+B+: 0x7f480f684a50 0x7f480f684a57
+B+: 0x7f480f684a58 0x7f480f684a5e
+B+: 0x7f480f684a5f 0x7f480f684a63
+B+: 0x7f480f684a71 0x7f480f684a72
+B+: 0x7f480f6856d0 0x7f480f6856eb
+B+: 0x7f480f6856ec 0x7f480f685705
+B+: 0x7f480f685717 0x7f480f68571b
+B+: 0x7f480f68571c 0x7f480f685720
+B+: 0x7f480f68572c 0x7f480f685730
+B+: 0x7f480f68573e 0x7f480f68574d
+B+: 0x7f480f68574e 0x7f480f685757
+B+: 0x7f480f685758 0x7f480f685775
+B+: 0x7f480f685780 0x7f480f685788
+B+: 0x7f480f685789 0x7f480f685790
+B+: 0x7f480f685791 0x7f480f68579c
+B+: 0x7f480f686060 0x7f480f68607e
+B+: 0x7f480f68610d 0x7f480f68611c
+B+: 0x7f480f68611d 0x7f480f686123
+B+: 0x7f480f686140 0x7f480f68614a
+B+: 0x7f480f68614b 0x7f480f686152
+B+: 0x7f480f686153 0x7f480f68615d
+B+: 0x7f480f68615e 0x7f480f68616f
+B+: 0x7f480f686188 0x7f480f68618c
+B+: 0x7f480f68618d 0x7f480f686191
+B+: 0x7f480f686192 0x7f480f68619c
+B+: 0x7f480f6861a7 0x7f480f6861ad
+B+: 0x7f480f6861ae 0x7f480f6861b5
+B+: 0x7f480f6861c0 0x7f480f6861cf
+B+: 0x7f480f686bc0 0x7f480f686bfa
+B+: 0x7f480f686bfb 0x7f480f686c07
+B+: 0x7f480f686c08 0x7f480f686c0f
+B+: 0x7f480f686c10 0x7f480f686c11
+B+: 0x7f480f686c18 0x7f480f686c21
+B+: 0x7f480f686c22 0x7f480f686c2e
+B+: 0x7f480f686c32 0x7f480f686c39
+B+: 0x7f480f686c3a 0x7f480f686c49
+B+: 0x7f480f686c4a 0x7f480f686c51
+B+: 0x7f480f686c52 0x7f480f686c58
+B+: 0x7f480f686c59 0x7f480f686c60
+B+: 0x7f480f686c61 0x7f480f686c68
+B+: 0x7f480f686c69 0x7f480f686c6d
+B+: 0x7f480f686c6e 0x7f480f686c77
+B+: 0x7f480f686c78 0x7f480f686c89
+B+: 0x7f480f686c8a 0x7f480f686c98
+B+: 0x7f480f686e90 0x7f480f686ed3
+B+: 0x7f480f686edf 0x7f480f686ef5
+B+: 0x7f480f686ef6 0x7f480f686efa
+B+: 0x7f480f686efb 0x7f480f686f5a
+B+: 0x7f480f686f5b 0x7f480f686f67
+B+: 0x7f480f686f68 0x7f480f686f77
+B+: 0x7f480f686f78 0x7f480f686f7f
+B+: 0x7f480f686f80 0x7f480f686f8b
+B+: 0x7f480f686f8c 0x7f480f686f94
+B+: 0x7f480f686f95 0x7f480f686f9b
+B+: 0x7f480f686fa0 0x7f480f686faf
+B+: 0x7f480f686fb0 0x7f480f686fc5
+B+: 0x7f480f686fc6 0x7f480f686fcf
+B+: 0x7f480f686fd0 0x7f480f686fe3
+B+: 0x7f480f686fe4 0x7f480f686ffc
+B+: 0x7f480f687019 0x7f480f68702b
+B+: 0x7f480f68702c 0x7f480f687034
+B+: 0x7f480f687035 0x7f480f687047
+B+: 0x7f480f687048 0x7f480f68705b
+B+: 0x7f480f6870a8 0x7f480f6870b4
+B+: 0x7f480f6870b5 0x7f480f6870b9
+B+: 0x7f480f6870db 0x7f480f6870e1
+B+: 0x7f480f6870f0 0x7f480f687103
+B+: 0x7f480f687104 0x7f480f687113
+B+: 0x7f480f687114 0x7f480f68711b
+B+: 0x7f480f68711c 0x7f480f687122
+B+: 0x7f480f687123 0x7f480f687152
+B+: 0x7f480f687153 0x7f480f68715f
+B+: 0x7f480f687160 0x7f480f687168
+B+: 0x7f480f687216 0x7f480f68721c
+B+: 0x7f480f687224 0x7f480f68722d
+B+: 0x7f480f68722e 0x7f480f687237
+B+: 0x7f480f687238 0x7f480f687241
+B+: 0x7f480f687242 0x7f480f68724b
+B+: 0x7f480f68725d 0x7f480f687266
+B+: 0x7f480f687267 0x7f480f687281
+B+: 0x7f480f687282 0x7f480f687293
+B+: 0x7f480f68734c 0x7f480f687353
+B+: 0x7f480f687354 0x7f480f68736f
+B+: 0x7f480f68751b 0x7f480f687525
+B+: 0x7f480f687526 0x7f480f68752e
+B+: 0x7f480f68752f 0x7f480f687537
+B+: 0x7f480f6878d0 0x7f480f6878ec
+B+: 0x7f480f6878ed 0x7f480f6878f1
+B+: 0x7f480f6878f8 0x7f480f6878fa
+B+: 0x7f480f6878fb 0x7f480f687907
+B+: 0x7f480f687908 0x7f480f68793e
+B+: 0x7f480f68793f 0x7f480f687940
+B+: 0x7f480f687963 0x7f480f687977
+B+: 0x7f480f687980 0x7f480f687986
+B+: 0x7f480f687987 0x7f480f68798e
+B+: 0x7f480f68798f 0x7f480f687997
+B+: 0x7f480f687998 0x7f480f6879ba
+B+: 0x7f480f6879bb 0x7f480f6879bc
+B+: 0x7f480f6879c0 0x7f480f6879e7
+B+: 0x7f480f6879e8 0x7f480f6879f7
+B+: 0x7f480f687a19 0x7f480f687a21
+B+: 0x7f480f687a22 0x7f480f687a2a
+B+: 0x7f480f687a2b 0x7f480f687a34
+B+: 0x7f480f687a35 0x7f480f687a3f
+B+: 0x7f480f687ad0 0x7f480f687ae9
+B+: 0x7f480f687aea 0x7f480f687b00
+B+: 0x7f480f687b10 0x7f480f687b1f
+B+: 0x7f480f687b20 0x7f480f687b2b
+B+: 0x7f480f687b2c 0x7f480f687b31
+B+: 0x7f480f687b32 0x7f480f687b41
+B+: 0x7f480f687b56 0x7f480f687b61
+B+: 0x7f480f687b62 0x7f480f687b6f
+B+: 0x7f480f687b70 0x7f480f687b85
+B+: 0x7f480f687b86 0x7f480f687b97
+B+: 0x7f480f687b98 0x7f480f687bc0
+B+: 0x7f480f687bc8 0x7f480f687bcc
+B+: 0x7f480f687bcd 0x7f480f687bea
+B+: 0x7f480f687d70 0x7f480f687d98
+B+: 0x7f480f687da0 0x7f480f687da1
+B+: 0x7f480f687da2 0x7f480f687daa
+B+: 0x7f480f687dab 0x7f480f687dc5
+B+: 0x7f480f687dc6 0x7f480f687dc9
+B+: 0x7f480f687dca 0x7f480f687dd1
+B+: 0x7f480f687dd2 0x7f480f687de6
+B+: 0x7f480f687df0 0x7f480f687e2a
+B+: 0x7f480f687e2b 0x7f480f687e2f
+B+: 0x7f480f687e46 0x7f480f687e5c
+B+: 0x7f480f687e5d 0x7f480f687e6e
+B+: 0x7f480f687e90 0x7f480f687ead
+B+: 0x7f480f687ec8 0x7f480f687ed1
+B+: 0x7f480f687ed2 0x7f480f687edd
+B+: 0x7f480f687f6c 0x7f480f687f8f
+B+: 0x7f480f687f90 0x7f480f687f9c
+B+: 0x7f480f687f9d 0x7f480f687fa8
+B+: 0x7f480f687fa9 0x7f480f687fb0
+B+: 0x7f480f687fb1 0x7f480f687fc5
+B+: 0x7f480f688008 0x7f480f688012
+B+: 0x7f480f688013 0x7f480f68801e
+B+: 0x7f480f68801f 0x7f480f68802e
+B+: 0x7f480f688060 0x7f480f688066
+B+: 0x7f480f688067 0x7f480f688074
+B+: 0x7f480f688075 0x7f480f688086
+B+: 0x7f480f688087 0x7f480f68808e
+B+: 0x7f480f68808f 0x7f480f6880a2
+B+: 0x7f480f6880a3 0x7f480f6880b0
+B+: 0x7f480f688100 0x7f480f688116
+B+: 0x7f480f688145 0x7f480f68814d
+B+: 0x7f480f68814e 0x7f480f688157
+B+: 0x7f480f688160 0x7f480f688166
+B+: 0x7f480f6881c0 0x7f480f6881d1
+B+: 0x7f480f6881e8 0x7f480f6881ef
+B+: 0x7f480f688248 0x7f480f68825b
+B+: 0x7f480f68825c 0x7f480f688271
+B+: 0x7f480f6887d0 0x7f480f6887ff
+B+: 0x7f480f68880f 0x7f480f688812
+B+: 0x7f480f688813 0x7f480f68881c
+B+: 0x7f480f68881d 0x7f480f688820
+B+: 0x7f480f688821 0x7f480f68882f
+B+: 0x7f480f688830 0x7f480f68883a
+B+: 0x7f480f68884f 0x7f480f68885a
+B+: 0x7f480f68885f 0x7f480f688862
+B+: 0x7f480f688870 0x7f480f688877
+B+: 0x7f480f688878 0x7f480f68888d
+B+: 0x7f480f689440 0x7f480f689464
+B+: 0x7f480f68961e 0x7f480f689627
+B+: 0x7f480f689628 0x7f480f689631
+B+: 0x7f480f689632 0x7f480f689659
+B+: 0x7f480f6896af 0x7f480f6896bc
+B+: 0x7f480f6896c0 0x7f480f6896cb
+B+: 0x7f480f689730 0x7f480f68973b
+B+: 0x7f480f689740 0x7f480f68975e
+B+: 0x7f480f68975f 0x7f480f689767
+B+: 0x7f480f6897d2 0x7f480f6897e3
+B+: 0x7f480f6898a0 0x7f480f6898a7
+B+: 0x7f480f68a260 0x7f480f68a2a5
+B+: 0x7f480f68a2b5 0x7f480f68a2be
+B+: 0x7f480f68a2bf 0x7f480f68a2d2
+B+: 0x7f480f68a2d3 0x7f480f68a2fc
+B+: 0x7f480f68a2fd 0x7f480f68a310
+B+: 0x7f480f68a324 0x7f480f68a328
+B+: 0x7f480f68a336 0x7f480f68a33f
+B+: 0x7f480f68a340 0x7f480f68a344
+B+: 0x7f480f68a370 0x7f480f68a386
+B+: 0x7f480f68a387 0x7f480f68a398
+B+: 0x7f480f68a3a0 0x7f480f68a3b6
+B+: 0x7f480f68a3b7 0x7f480f68a3d7
+B+: 0x7f480f68a3dd 0x7f480f68a3ec
+B+: 0x7f480f68a850 0x7f480f68a886
+B+: 0x7f480f68a887 0x7f480f68a89a
+B+: 0x7f480f68a89b 0x7f480f68a8ad
+B+: 0x7f480f68a8ae 0x7f480f68a8c4
+B+: 0x7f480f68a8c5 0x7f480f68a8d7
+B+: 0x7f480f68a8d8 0x7f480f68a8e7
+B+: 0x7f480f68a8e8 0x7f480f68a90c
+B+: 0x7f480f68a90d 0x7f480f68a915
+B+: 0x7f480f68a924 0x7f480f68a933
+B+: 0x7f480f68a934 0x7f480f68a947
+B+: 0x7f480f68a948 0x7f480f68a954
+B+: 0x7f480f68a955 0x7f480f68a95f
+B+: 0x7f480f68a960 0x7f480f68a964
+B+: 0x7f480f68aa6a 0x7f480f68aa7c
+B+: 0x7f480f68aa7d 0x7f480f68aa9c
+B+: 0x7f480f68aba0 0x7f480f68abad
+B+: 0x7f480f68abae 0x7f480f68abe1
+B+: 0x7f480f68abf0 0x7f480f68abfb
+B+: 0x7f480f68adb0 0x7f480f68adbd
+B+: 0x7f480f68adbe 0x7f480f68adca
+B+: 0x7f480f68adcb 0x7f480f68ade3
+B+: 0x7f480f68ade8 0x7f480f68adf4
+B+: 0x7f480f68adf8 0x7f480f68ae04
+B+: 0x7f480f68ae05 0x7f480f68ae12
+B+: 0x7f480f68ae13 0x7f480f68ae1d
+B+: 0x7f480f68aeb4 0x7f480f68aec1
+B+: 0x7f480f68b160 0x7f480f68b174
+B+: 0x7f480f68b175 0x7f480f68b187
+B+: 0x7f480f68b188 0x7f480f68b1a2
+B+: 0x7f480f68b1a3 0x7f480f68b1ac
+B+: 0x7f480f68b1ad 0x7f480f68b1b3
+B+: 0x7f480f68b1d0 0x7f480f68b1e5
+B+: 0x7f480f68b1eb 0x7f480f68b1f3
+B+: 0x7f480f68b205 0x7f480f68b20b
+B+: 0x7f480f68b20c 0x7f480f68b21d
+B+: 0x7f480f68b21e 0x7f480f68b226
+B+: 0x7f480f68b227 0x7f480f68b230
+B+: 0x7f480f68b231 0x7f480f68b232
+B+: 0x7f480f68b240 0x7f480f68b248
+B+: 0x7f480f68b260 0x7f480f68b260
+B+: 0x7f480f68b520 0x7f480f68b534
+B+: 0x7f480f68b572 0x7f480f68b578
+B+: 0x7f480f68b580 0x7f480f68b583
+B+: 0x7f480f68b610 0x7f480f68b656
+B+: 0x7f480f68b65b 0x7f480f68b686
+B+: 0x7f480f68b687 0x7f480f68b69d
+B+: 0x7f480f68b6fc 0x7f480f68b708
+B+: 0x7f480f68b709 0x7f480f68b711
+B+: 0x7f480f68b712 0x7f480f68b72a
+B+: 0x7f480f68b72b 0x7f480f68b73c
+B+: 0x7f480f68b740 0x7f480f68b747
+B+: 0x7f480f68b748 0x7f480f68b75f
+B+: 0x7f480f68b760 0x7f480f68b766
+B+: 0x7f480f68b767 0x7f480f68b780
+B+: 0x7f480f68b790 0x7f480f68b793
+B+: 0x7f480f68b794 0x7f480f68b798
+B+: 0x7f480f68b7a2 0x7f480f68b7aa
+B+: 0x7f480f68b7ab 0x7f480f68b7ae
+B+: 0x7f480f68b7af 0x7f480f68b7bd
+B+: 0x7f480f68b7cb 0x7f480f68b7d3
+B+: 0x7f480f68b825 0x7f480f68b841
+B+: 0x7f480f68b842 0x7f480f68b84d
+B+: 0x7f480f68b87e 0x7f480f68b88e
+B+: 0x7f480f68b88f 0x7f480f68b8a0
+B+: 0x7f480f68b8a1 0x7f480f68b8ad
+B+: 0x7f480f68bc10 0x7f480f68bc30
+B+: 0x7f480f68bc31 0x7f480f68bc58
+B+: 0x7f480f68bc5e 0x7f480f68bc66
+B+: 0x7f480f68bc67 0x7f480f68bc6f
+B+: 0x7f480f68bc78 0x7f480f68bc87
+B+: 0x7f480f68bc88 0x7f480f68bc89
+B+: 0x7f480f68bca0 0x7f480f68bcaf
+B+: 0x7f480f68bcba 0x7f480f68bcc4
+B+: 0x7f480f68bce0 0x7f480f68bce8
+B+: 0x7f480f68c360 0x7f480f68c36b
+B+: 0x7f480f68c480 0x7f480f68c480
+B+: 0x7f480f68c9c0 0x7f480f68c9db
+B+: 0x7f480f68ca16 0x7f480f68ca32
+B+: 0x7f480f68ca33 0x7f480f68ca52
+B+: 0x7f480f68ca63 0x7f480f68ca6a
+B+: 0x7f480f68ca90 0x7f480f68caa6
+B+: 0x7f480f68caa7 0x7f480f68caae
+B+: 0x7f480f68caaf 0x7f480f68cab6
+B+: 0x7f480f68caf6 0x7f480f68cb01
+B+: 0x7f480f68cb0c 0x7f480f68cb34
+B+: 0x7f480f68cb40 0x7f480f68cb57
+B+: 0x7f480f68cb58 0x7f480f68cb5f
+B+: 0x7f480f68cb60 0x7f480f68cb67
+B+: 0x7f480f68cb68 0x7f480f68cb70
+B+: 0x7f480f68cb71 0x7f480f68cb7a
+B+: 0x7f480f68cb7b 0x7f480f68cb80
+B+: 0x7f480f68cb97 0x7f480f68cb9c
+B+: 0x7f480f68cc0a 0x7f480f68cc3d
+B+: 0x7f480f68cc47 0x7f480f68cc53
+B+: 0x7f480f68ced0 0x7f480f68cede
+B+: 0x7f480f68cedf 0x7f480f68cee7
+B+: 0x7f480f68cee8 0x7f480f68cefc
+B+: 0x7f480f68cefd 0x7f480f68cf02
+B+: 0x7f480f68cf03 0x7f480f68cf1b
+B+: 0x7f480f68cf1c 0x7f480f68cf21
+B+: 0x7f480f68cf22 0x7f480f68cf2b
+B+: 0x7f480f68cfc0 0x7f480f68cfc7
+B+: 0x7f480f68cfc8 0x7f480f68cfd0
+B+: 0x7f480f68d760 0x7f480f68d768
+B+: 0x7f480f68d769 0x7f480f68d76d
+B+: 0x7f480f68d76e 0x7f480f68d772
+B+: 0x7f480f68d780 0x7f480f68d788
+B+: 0x7f480f68d789 0x7f480f68d78d
+B+: 0x7f480f68d78e 0x7f480f68d792
+B+: 0x7f480f68d7c0 0x7f480f68d7d9
+B+: 0x7f480f68d7da 0x7f480f68d7e6
+B+: 0x7f480f68d7f7 0x7f480f68d802
+B+: 0x7f480f68d803 0x7f480f68d80b
+B+: 0x7f480f68d80c 0x7f480f68d841
+B+: 0x7f480f68d842 0x7f480f68d84b
+B+: 0x7f480f68d84c 0x7f480f68d852
+B+: 0x7f480f68d853 0x7f480f68d875
+B+: 0x7f480f68d880 0x7f480f68d88e
+B+: 0x7f480f68d8b0 0x7f480f68d8c8
+B+: 0x7f480f68d900 0x7f480f68d941
+B+: 0x7f480f68d950 0x7f480f68d966
+B+: 0x7f480f68d967 0x7f480f68d97e
+B+: 0x7f480f68d97f 0x7f480f68d98a
+B+: 0x7f480f68d98b 0x7f480f68d9b3
+B+: 0x7f480f68d9b4 0x7f480f68d9bd
+B+: 0x7f480f68d9be 0x7f480f68d9bf
+B+: 0x7f480f68d9d0 0x7f480f68d9e8
+B+: 0x7f480f68d9e9 0x7f480f68da14
+B+: 0x7f480f68da1e 0x7f480f68da25
+B+: 0x7f480f68da26 0x7f480f68da33
+B+: 0x7f480f68da34 0x7f480f68da46
+B+: 0x7f480f68dae0 0x7f480f68dafe
+B+: 0x7f480f68daff 0x7f480f68db0c
+B+: 0x7f480f68db0d 0x7f480f68db1b
+B+: 0x7f480f68db1c 0x7f480f68db2c
+B+: 0x7f480f68db40 0x7f480f68db62
+B+: 0x7f480f68db98 0x7f480f68dba9
+B+: 0x7f480f68e6d0 0x7f480f68e6f4
+B+: 0x7f480f68e6f5 0x7f480f68e70d
+B+: 0x7f480f68e70e 0x7f480f68e712
+B+: 0x7f480f68e713 0x7f480f68e71e
+B+: 0x7f480f68e71f 0x7f480f68e723
+B+: 0x7f480f68e724 0x7f480f68e728
+B+: 0x7f480f68e729 0x7f480f68e730
+B+: 0x7f480f68e73c 0x7f480f68e749
+B+: 0x7f480f68e74a 0x7f480f68e74d
+B+: 0x7f480f68e74e 0x7f480f68e760
+B+: 0x7f480f68e761 0x7f480f68e76b
+B+: 0x7f480f68e790 0x7f480f68e79d
+B+: 0x7f480f68e79e 0x7f480f68e7a5
+B+: 0x7f480f68e7a6 0x7f480f68e7a7
+B+: 0x7f480f68e890 0x7f480f68e89d
+B+: 0x7f480f68e89e 0x7f480f68e8a9
+B+: 0x7f480f68e8aa 0x7f480f68e8bd
+B+: 0x7f480f68e8c0 0x7f480f68e8ca
+B+: 0x7f480f68e8d0 0x7f480f68e8ef
+B+: 0x7f480f68e8f0 0x7f480f68e8f4
+B+: 0x7f480f68e8f5 0x7f480f68e90c
+B+: 0x7f480f68e90d 0x7f480f68e910
+B+: 0x7f480f68e911 0x7f480f68e912
+B+: 0x7f480f68e913 0x7f480f68e91b
+B+: 0x7f480f68e91c 0x7f480f68e930
+B+: 0x7f480f68e938 0x7f480f68e93c
+B+: 0x7f480f68e980 0x7f480f68e98f
+B+: 0x7f480f68e990 0x7f480f68e99b
+B+: 0x7f480f68e99c 0x7f480f68e9ab
+B+: 0x7f480f68ea80 0x7f480f68ea93
+B+: 0x7f480f68ea94 0x7f480f68eaac
+B+: 0x7f480f68eaad 0x7f480f68eabf
+B+: 0x7f480f68eac0 0x7f480f68eada
+B+: 0x7f480f68eadb 0x7f480f68eae3
+B+: 0x7f480f68eaec 0x7f480f68eaf8
+B+: 0x7f480f68eaf9 0x7f480f68eb02
+B+: 0x7f480f68eb03 0x7f480f68eb06
+B+: 0x7f480f68eb07 0x7f480f68eb1a
+B+: 0x7f480f68ec49 0x7f480f68ec55
+B+: 0x7f480f68ec56 0x7f480f68ec67
+B+: 0x7f480f68ec82 0x7f480f68ec93
+B+: 0x7f480f68ed77 0x7f480f68ed82
+B+: 0x7f480f68eda0 0x7f480f68edb2
+B+: 0x7f480f68edb3 0x7f480f68eddf
+B+: 0x7f480f68ede0 0x7f480f68edeb
+B+: 0x7f480f68edec 0x7f480f68edfc
+B+: 0x7f480f68edfd 0x7f480f68ee18
+B+: 0x7f480f68ee19 0x7f480f68ee25
+B+: 0x7f480f68ee26 0x7f480f68ee2e
+B+: 0x7f480f68ee2f 0x7f480f68ee3f
+B+: 0x7f480f68ee40 0x7f480f68ee44
+B+: 0x7f480f68ee45 0x7f480f68ee50
+B+: 0x7f480f68ee51 0x7f480f68ee5d
+B+: 0x7f480f68ee5e 0x7f480f68ee77
+B+: 0x7f480f68eece 0x7f480f68eed2
+B+: 0x7f480f68eed3 0x7f480f68eede
+B+: 0x7f480f68eee0 0x7f480f68eeec
+B+: 0x7f480f68ef60 0x7f480f68ef7c
+B+: 0x7f480f68f120 0x7f480f68f128
+B+: 0x7f480f68f129 0x7f480f68f147
+B+: 0x7f480f68f750 0x7f480f68f75e
+B+: 0x7f480f68f75f 0x7f480f68f763
+B+: 0x7f480f68f764 0x7f480f68f770
+B+: 0x7f480f68f771 0x7f480f68f777
+B+: 0x7f480f68f778 0x7f480f68f783
+B+: 0x7f480f68f784 0x7f480f68f788
+B+: 0x7f480f68f789 0x7f480f68f78d
+B+: 0x7f480f68f78e 0x7f480f68f796
+B+: 0x7f480f68f797 0x7f480f68f79e
+B+: 0x7f480f68f890 0x7f480f68f892
+B+: 0x7f480f68f8a7 0x7f480f68f8ab
+B+: 0x7f480f68f8ac 0x7f480f68f8b2
+B+: 0x7f480f68f8b3 0x7f480f68f8b6
+B+: 0x7f480f68f8d0 0x7f480f68f8e1
+B+: 0x7f480f68f8e2 0x7f480f68f8e6
+B+: 0x7f480f68f8e7 0x7f480f68f8eb
+B+: 0x7f480f68f8ec 0x7f480f68f8f1
+B+: 0x7f480f68f8f2 0x7f480f68f8fa
+B+: 0x7f480f68f8fb 0x7f480f68f8fc
+B+: 0x7f480f68f940 0x7f480f68f948
+B+: 0x7f480f68f949 0x7f480f68f951
+B+: 0x7f480f68f980 0x7f480f68f988
+B+: 0x7f480f68f989 0x7f480f68f98a
+B+: 0x7f480f68f98b 0x7f480f68f991
+B+: 0x7f480f68f992 0x7f480f68f9a2
+B+: 0x7f480f68f9a8 0x7f480f68f9ac
+B+: 0x7f480f68f9eb 0x7f480f68fa00
+B+: 0x7f480f68fa08 0x7f480f68fa10
+B+: 0x7f480f68faf0 0x7f480f68fb11
+B+: 0x7f480f68fb12 0x7f480f68fb16
+B+: 0x7f480f68fb17 0x7f480f68fb1d
+B+: 0x7f480f68fb1e 0x7f480f68fb26
+B+: 0x7f480f68fb27 0x7f480f68fb34
+B+: 0x7f480f68fb35 0x7f480f68fb3c
+B+: 0x7f480f68fb3d 0x7f480f68fb49
+B+: 0x7f480f68fb4a 0x7f480f68fb5a
+B+: 0x7f480f68fb5b 0x7f480f68fb63
+B+: 0x7f480f68fb7f 0x7f480f68fb93
+B+: 0x7f480f68fb94 0x7f480f68fb9c
+B+: 0x7f480f68fbe0 0x7f480f68fbf7
+B+: 0x7f480f68fbf8 0x7f480f68fc00
+B+: 0x7f480f68fc1b 0x7f480f68fc2b
+B+: 0x7f480f68fd40 0x7f480f68fd5e
+B+: 0x7f480f68fd5f 0x7f480f68fd6d
+B+: 0x7f480f68fd6e 0x7f480f68fd72
+B+: 0x7f480f68fd7d 0x7f480f68fd90
+B+: 0x7f480f68fd91 0x7f480f68fd95
+B+: 0x7f480f68fd96 0x7f480f68fd9a
+B+: 0x7f480f68fda0 0x7f480f68fda4
+B+: 0x7f480f68fdd5 0x7f480f68fdd9
+B+: 0x7f480f68fdda 0x7f480f68fdde
+B+: 0x7f480f68fdf0 0x7f480f68fdfb
+B+: 0x7f480f68fdfc 0x7f480f68fe07
+B+: 0x7f480f68fe08 0x7f480f68fe10
+B+: 0x7f480f68fe2c 0x7f480f68fe30
+B+: 0x7f480f68fe31 0x7f480f68fe36
+B+: 0x7f480f68fe41 0x7f480f68fe45
+B+: 0x7f480f68fe46 0x7f480f68fe54
+B+: 0x7f480f68fe55 0x7f480f68fe5d
+B+: 0x7f480f68fe5e 0x7f480f68fe62
+B+: 0x7f480f68fe63 0x7f480f68fe74
+B+: 0x7f480f68fe78 0x7f480f68fe84
+B+: 0x7f480f68fea0 0x7f480f68fea4
+B+: 0x7f480f68fef0 0x7f480f68ff03
+B+: 0x7f480f68ff40 0x7f480f68ff76
+B+: 0x7f480f68ff77 0x7f480f68ff82
+B+: 0x7f480f68ff83 0x7f480f68ff92
+B+: 0x7f480f69001b 0x7f480f690031
+B+: 0x7f480f690032 0x7f480f690040
+B+: 0x7f480f690075 0x7f480f6900b8
+B+: 0x7f480f6900b9 0x7f480f6900c3
+B+: 0x7f480f6900c4 0x7f480f6900cc
+B+: 0x7f480f6900cd 0x7f480f6900d5
+B+: 0x7f480f6900d6 0x7f480f6900de
+B+: 0x7f480f6900df 0x7f480f690106
+B+: 0x7f480f690107 0x7f480f690133
+B+: 0x7f480f690578 0x7f480f690581
+B+: 0x7f480f690582 0x7f480f6905a8
+B+: 0x7f480f6905a9 0x7f480f6905b6
+B+: 0x7f480f6905d0 0x7f480f6905e0
+B+: 0x7f480f6905e1 0x7f480f6905ee
+B+: 0x7f480f6905ef 0x7f480f6905f3
+B+: 0x7f480f690670 0x7f480f69067e
+B+: 0x7f480f69067f 0x7f480f690683
+B+: 0x7f480f690684 0x7f480f690692
+B+: 0x7f480f690693 0x7f480f69069a
+B+: 0x7f480f69069b 0x7f480f6906a2
+B+: 0x7f480f6906a3 0x7f480f6906b7
+B+: 0x7f480f690790 0x7f480f6907bc
+B+: 0x7f480f6907bd 0x7f480f6907d4
+B+: 0x7f480f6907e0 0x7f480f69083a
+B+: 0x7f480f69083b 0x7f480f690875
+B+: 0x7f480f690876 0x7f480f690893
+B+: 0x7f480f690894 0x7f480f6908a3
+B+: 0x7f480f6908a4 0x7f480f6908b0
+B+: 0x7f480f6909b4 0x7f480f6909b8
+B+: 0x7f480f6909b9 0x7f480f6909cf
+B+: 0x7f480f6909d0 0x7f480f6909dc
+B+: 0x7f480f6909dd 0x7f480f6909ef
+B+: 0x7f480f6909f0 0x7f480f6909f7
+B+: 0x7f480f690a01 0x7f480f690a16
+B+: 0x7f480f690a28 0x7f480f690a3d
+B+: 0x7f480f690a3e 0x7f480f690a4d
+B+: 0x7f480f690a79 0x7f480f690a97
+B+: 0x7f480f690a98 0x7f480f690ac0
+B+: 0x7f480f690ac1 0x7f480f690acf
+B+: 0x7f480f691148 0x7f480f691154
+B+: 0x7f480f691155 0x7f480f691174
+B+: 0x7f480f691175 0x7f480f69117f
+B+: 0x7f480f6911ac 0x7f480f6911b0
+B+: 0x7f480f6911b1 0x7f480f6911b5
+B+: 0x7f480f691a40 0x7f480f691a64
+B+: 0x7f480f691b10 0x7f480f691b1a
+B+: 0x7f480f691b40 0x7f480f691b47
+B+: 0x7f480f691b48 0x7f480f691b51
+B+: 0x7f480f691b58 0x7f480f691b60
+B+: 0x7f480f691b61 0x7f480f691b6a
+B+: 0x7f480f691b88 0x7f480f691b8c
+B+: 0x7f480f691b8d 0x7f480f691b94
+B+: 0x7f480f691ba0 0x7f480f691ba4
+B+: 0x7f480f691d00 0x7f480f691d30
+B+: 0x7f480f691e3f 0x7f480f691e55
+B+: 0x7f480f691e56 0x7f480f691e67
+B+: 0x7f480f6921e0 0x7f480f692222
+B+: 0x7f480f692223 0x7f480f692228
+B+: 0x7f480f69224c 0x7f480f692260
+B+: 0x7f480f692261 0x7f480f692269
+B+: 0x7f480f692270 0x7f480f692279
+B+: 0x7f480f692288 0x7f480f6922a0
+B+: 0x7f480f6922a1 0x7f480f6922ba
+B+: 0x7f480f6922bb 0x7f480f6922bc
+B+: 0x7f480f6922d0 0x7f480f6922d8
+B+: 0x7f480f6922f8 0x7f480f6922f8
+B+: 0x7f480f692300 0x7f480f69230c
+B+: 0x7f480f69233f 0x7f480f692343
+B+: 0x7f480f692380 0x7f480f692384
+B+: 0x7f480f6923d0 0x7f480f6923e3
+B+: 0x7f480f692400 0x7f480f692400
+B+: 0x7f480f692420 0x7f480f69245b
+B+: 0x7f480f692467 0x7f480f692471
+B+: 0x7f480f692472 0x7f480f692489
+B+: 0x7f480f69248a 0x7f480f69248d
+B+: 0x7f480f69248e 0x7f480f692494
+B+: 0x7f480f692495 0x7f480f69249d
+B+: 0x7f480f69249e 0x7f480f6924a9
+B+: 0x7f480f6924aa 0x7f480f6924c2
+B+: 0x7f480f6924c3 0x7f480f6924ce
+B+: 0x7f480f6924cf 0x7f480f6924e5
+B+: 0x7f480f6924e6 0x7f480f6924f5
+B+: 0x7f480f692500 0x7f480f69250e
+B+: 0x7f480f69250f 0x7f480f692513
+B+: 0x7f480f692514 0x7f480f69251e
+B+: 0x7f480f692540 0x7f480f692549
+B+: 0x7f480f69254a 0x7f480f69254e
+B+: 0x7f480f69254f 0x7f480f692560
+B+: 0x7f480f692568 0x7f480f692577
+B+: 0x7f480f692580 0x7f480f692589
+B+: 0x7f480f6925a8 0x7f480f6925bb
+B+: 0x7f480f6925c0 0x7f480f6925ce
+B+: 0x7f480f6925cf 0x7f480f6925dc
+B+: 0x7f480f6926f0 0x7f480f6926fd
+B+: 0x7f480f6927a0 0x7f480f6927a0
+B+: 0x7f480f6927b0 0x7f480f6927ba
+B+: 0x7f480f6927bb 0x7f480f6927ce
+B+: 0x7f480f6927cf 0x7f480f6927d8
+B+: 0x7f480f6927d9 0x7f480f6927e6
+B+: 0x7f480f692800 0x7f480f69282d
+B+: 0x7f480f69282e 0x7f480f692831
+B+: 0x7f480f692832 0x7f480f692847
+B+: 0x7f480f692864 0x7f480f69286b
+B+: 0x7f480f69286c 0x7f480f69286f
+B+: 0x7f480f692870 0x7f480f692876
+B+: 0x7f480f692877 0x7f480f69287b
+B+: 0x7f480f69287c 0x7f480f692886
+B+: 0x7f480f692ae0 0x7f480f692b01
+B+: 0x7f480f692b02 0x7f480f692b0a
+B+: 0x7f480f692b0b 0x7f480f692b14
+B+: 0x7f480f692b15 0x7f480f692b19
+B+: 0x7f480f692c00 0x7f480f692c19
+B+: 0x7f480f692c51 0x7f480f692c8e
+B+: 0x7f480f692c8f 0x7f480f692c9e
+B+: 0x7f480f692c9f 0x7f480f692ca6
+B+: 0x7f480f692df0 0x7f480f692dfb
+B+: 0x7f480f692e20 0x7f480f692e20
+B+: 0x7f480f692e30 0x7f480f692e38
+B+: 0x7f480f694940 0x7f480f69494b
+B+: 0x7f480f69494c 0x7f480f694957
+B+: 0x7f480f694958 0x7f480f694964
+B+: 0x7f480f694965 0x7f480f694969
+B+: 0x7f480f69496a 0x7f480f69496f
+B+: 0x7f480f694970 0x7f480f694976
+B+: 0x7f480f694980 0x7f480f694987
+B+: 0x7f480f694988 0x7f480f69498c
+B+: 0x7f480f69498d 0x7f480f69499b
+B+: 0x7f480f69499c 0x7f480f6949a0
+B+: 0x7f480f6949a1 0x7f480f6949a8
+B+: 0x7f480f6949a9 0x7f480f6949ad
+B+: 0x7f480f6949ae 0x7f480f6949b8
+B+: 0x7f480f6949b9 0x7f480f6949b9
+B+: 0x7f480f6949c0 0x7f480f6949c5
+B+: 0x7f480f6949c6 0x7f480f6949c9
+B+: 0x7f480f6949d0 0x7f480f6949d0
+B+: 0x7f480f6949d1 0x7f480f6949d5
+B+: 0x7f480f6949d6 0x7f480f6949d9
+B+: 0x7f480f6949e0 0x7f480f6949ff
+B+: 0x7f480f694a00 0x7f480f694a11
+B+: 0x7f480f694a12 0x7f480f694a16
+B+: 0x7f480f694a20 0x7f480f694a22
+B+: 0x7f480f694a23 0x7f480f694a2f
+B+: 0x7f480f694a30 0x7f480f694a33
+B+: 0x7f480f694a34 0x7f480f694a5d
+B+: 0x7f480f694a5e 0x7f480f694a62
+B+: 0x7f480f694a63 0x7f480f694a82
+B+: 0x7f480f694ac0 0x7f480f694ade
+B+: 0x7f480f694adf 0x7f480f694ae3
+B+: 0x7f480f694ae4 0x7f480f694ae8
+B+: 0x7f480f694af0 0x7f480f694af2
+B+: 0x7f480f694af3 0x7f480f694aff
+B+: 0x7f480f694b00 0x7f480f694b03
+B+: 0x7f480f694b04 0x7f480f694b3e
+B+: 0x7f480f694b3f 0x7f480f694b49
+B+: 0x7f480f694b4a 0x7f480f694b57
+B+: 0x7f480f694b58 0x7f480f694b5d
+B+: 0x7f480f694b5e 0x7f480f694b66
+B+: 0x7f480f694b67 0x7f480f694b70
+B+: 0x7f480f694b71 0x7f480f694b7a
+B+: 0x7f480f694b7b 0x7f480f694b9a
+B+: 0x7f480f694b9b 0x7f480f694ba3
+B+: 0x7f480f694ba4 0x7f480f694bbd
+B+: 0x7f480f694bc0 0x7f480f694bc5
+B+: 0x7f480f694bc6 0x7f480f694bcf
+B+: 0x7f480f694bd0 0x7f480f694bd9
+B+: 0x7f480f694bda 0x7f480f694bf7
+B+: 0x7f480f694c08 0x7f480f694c14
+B+: 0x7f480f694c15 0x7f480f694c1b
+B+: 0x7f480f694c1c 0x7f480f694c29
+B+: 0x7f480f694cb0 0x7f480f694cca
+B+: 0x7f480f694ccb 0x7f480f694cda
+B+: 0x7f480f694cdb 0x7f480f694ce6
+B+: 0x7f480f694ce7 0x7f480f694cef
+B+: 0x7f480f694cf0 0x7f480f694cf4
+B+: 0x7f480f694cf5 0x7f480f694cfc
+B+: 0x7f480f694cfd 0x7f480f694d10
+B+: 0x7f480f694d11 0x7f480f694d21
+B+: 0x7f480f694d22 0x7f480f694d26
+B+: 0x7f480f694d27 0x7f480f694d38
+B+: 0x7f480f694d39 0x7f480f694d4b
+B+: 0x7f480f694d4c 0x7f480f694d54
+B+: 0x7f480f694d55 0x7f480f694d5e
+B+: 0x7f480f694d5f 0x7f480f694d6d
+B+: 0x7f480f694ea0 0x7f480f694eb6
+B+: 0x7f480f694eb7 0x7f480f694ebb
+B+: 0x7f480f694ebc 0x7f480f694ec0
+B+: 0x7f480f694ec8 0x7f480f694ecb
+B+: 0x7f480f694ecc 0x7f480f694ed9
+B+: 0x7f480f694eda 0x7f480f694edd
+B+: 0x7f480f694ede 0x7f480f694f06
+B+: 0x7f480f694f07 0x7f480f694f10
+B+: 0x7f480f694f11 0x7f480f694f16
+B+: 0x7f480f694f17 0x7f480f694f24
+B+: 0x7f480f694f25 0x7f480f694f2d
+B+: 0x7f480f695440 0x7f480f69546b
+B+: 0x7f480f69546c 0x7f480f695470
+B+: 0x7f480f695471 0x7f480f695475
+B+: 0x7f480f695536 0x7f480f69553e
+B+: 0x7f480f69553f 0x7f480f695548
+B+: 0x7f480f695549 0x7f480f695551
+B+: 0x7f480f6955d0 0x7f480f6955e4
+B+: 0x7f480f6955e5 0x7f480f695606
+B+: 0x7f480f695607 0x7f480f695610
+B+: 0x7f480f695611 0x7f480f695618
+B+: 0x7f480f695640 0x7f480f695648
+B+: 0x7f480f695649 0x7f480f695656
+B+: 0x7f480f695657 0x7f480f69565f
+B+: 0x7f480f695660 0x7f480f695661
+B+: 0x7f480f695760 0x7f480f6957aa
+B+: 0x7f480f6957ab 0x7f480f6957af
+B+: 0x7f480f6957b0 0x7f480f6957be
+B+: 0x7f480f6957c8 0x7f480f6957d3
+B+: 0x7f480f6957d4 0x7f480f6957d8
+B+: 0x7f480f6957d9 0x7f480f6957e0
+B+: 0x7f480f6957e1 0x7f480f6957e5
+B+: 0x7f480f6957e6 0x7f480f6957f3
+B+: 0x7f480f6957f4 0x7f480f6957fb
+B+: 0x7f480f695800 0x7f480f695810
+B+: 0x7f480f695811 0x7f480f695815
+B+: 0x7f480f695816 0x7f480f695832
+B+: 0x7f480f695833 0x7f480f695843
+B+: 0x7f480f695844 0x7f480f69584f
+B+: 0x7f480f695850 0x7f480f695857
+B+: 0x7f480f695858 0x7f480f69585c
+B+: 0x7f480f69585d 0x7f480f695868
+B+: 0x7f480f695869 0x7f480f69587b
+B+: 0x7f480f69587c 0x7f480f695884
+B+: 0x7f480f695888 0x7f480f695897
+B+: 0x7f480f695898 0x7f480f69589b
+B+: 0x7f480f69589c 0x7f480f6958b4
+B+: 0x7f480f6958b5 0x7f480f6958b8
+B+: 0x7f480f6958b9 0x7f480f6958c6
+B+: 0x7f480f6958c7 0x7f480f6958d5
+B+: 0x7f480f695dc0 0x7f480f695dec
+B+: 0x7f480f695ded 0x7f480f695df2
+B+: 0x7f480f695df3 0x7f480f695e04
+B+: 0x7f480f695e05 0x7f480f695e0d
+B+: 0x7f480f695e0e 0x7f480f695e1c
+CND+ 0x7f480f68400e: taken
+CND+ 0x7f480f6845ea: not taken
+CND+ 0x7f480f684626: not taken
+CND+ 0x7f480f68463b: taken
+CND+ 0x7f480f684673: not taken
+CND+ 0x7f480f684687: not taken
+CND+ 0x7f480f684695: not taken
+CND+ 0x7f480f6847e2: taken
+CND+ 0x7f480f684862: not taken
+CND+ 0x7f480f68487c: both
+CND+ 0x7f480f6848a9: not taken
+CND+ 0x7f480f684a5d: not taken
+CND+ 0x7f480f684a62: taken
+CND+ 0x7f480f6856e6: not taken
+CND+ 0x7f480f685704: taken
+CND+ 0x7f480f68571a: not taken
+CND+ 0x7f480f68571f: taken
+CND+ 0x7f480f68572f: taken
+CND+ 0x7f480f68574c: not taken
+CND+ 0x7f480f685756: not taken
+CND+ 0x7f480f68578f: not taken
+CND+ 0x7f480f68579b: taken
+CND+ 0x7f480f686079: taken
+CND+ 0x7f480f68611b: not taken
+CND+ 0x7f480f686149: not taken
+CND+ 0x7f480f686158: not taken
+CND+ 0x7f480f686190: not taken
+CND+ 0x7f480f6861ce: taken
+CND+ 0x7f480f686c20: not taken
+CND+ 0x7f480f686c2d: taken
+CND+ 0x7f480f686c48: not taken
+CND+ 0x7f480f686c5f: both
+CND+ 0x7f480f686c88: not taken
+CND+ 0x7f480f686ed2: taken
+CND+ 0x7f480f686f55: not taken
+CND+ 0x7f480f686f7e: not taken
+CND+ 0x7f480f686f8a: not taken
+CND+ 0x7f480f686f93: both
+CND+ 0x7f480f686fc4: not taken
+CND+ 0x7f480f686fe2: both
+CND+ 0x7f480f686ffb: taken
+CND+ 0x7f480f68705a: taken
+CND+ 0x7f480f6870af: not taken
+CND+ 0x7f480f6870b8: taken
+CND+ 0x7f480f6870e0: taken
+CND+ 0x7f480f687116: not taken
+CND+ 0x7f480f68715a: not taken
+CND+ 0x7f480f687163: taken
+CND+ 0x7f480f68721b: taken
+CND+ 0x7f480f68724a: taken
+CND+ 0x7f480f68727c: not taken
+CND+ 0x7f480f68736a: taken
+CND+ 0x7f480f687520: not taken
+CND+ 0x7f480f687529: not taken
+CND+ 0x7f480f687532: taken
+CND+ 0x7f480f6878eb: not taken
+CND+ 0x7f480f687906: both
+CND+ 0x7f480f68793d: not taken
+CND+ 0x7f480f687985: both
+CND+ 0x7f480f6879f6: taken
+CND+ 0x7f480f687a20: both
+CND+ 0x7f480f687a29: not taken
+CND+ 0x7f480f687a33: not taken
+CND+ 0x7f480f687ae4: not taken
+CND+ 0x7f480f687afb: taken
+CND+ 0x7f480f687b2a: both
+CND+ 0x7f480f687b30: both
+CND+ 0x7f480f687b40: taken
+CND+ 0x7f480f687b60: not taken
+CND+ 0x7f480f687b96: not taken
+CND+ 0x7f480f687be5: taken
+CND+ 0x7f480f687da0: not taken
+CND+ 0x7f480f687da9: not taken
+CND+ 0x7f480f687dc8: both
+CND+ 0x7f480f687dd0: both
+CND+ 0x7f480f687e2e: taken
+CND+ 0x7f480f687e57: not taken
+CND+ 0x7f480f687eac: taken
+CND+ 0x7f480f687ed8: taken
+CND+ 0x7f480f687fa3: not taken
+CND+ 0x7f480f687fc0: taken
+CND+ 0x7f480f688019: not taken
+CND+ 0x7f480f688065: not taken
+CND+ 0x7f480f68806f: not taken
+CND+ 0x7f480f688089: both
+CND+ 0x7f480f68809d: not taken
+CND+ 0x7f480f6880ab: taken
+CND+ 0x7f480f68814c: not taken
+CND+ 0x7f480f688156: taken
+CND+ 0x7f480f6881cc: taken
+CND+ 0x7f480f6881ee: taken
+CND+ 0x7f480f688811: both
+CND+ 0x7f480f68881b: not taken
+CND+ 0x7f480f68881f: not taken
+CND+ 0x7f480f688839: taken
+CND+ 0x7f480f688859: taken
+CND+ 0x7f480f688861: taken
+CND+ 0x7f480f68945f: taken
+CND+ 0x7f480f689626: not taken
+CND+ 0x7f480f6896ca: taken
+CND+ 0x7f480f689762: taken
+CND+ 0x7f480f68a2a4: taken
+CND+ 0x7f480f68a2bd: not taken
+CND+ 0x7f480f68a2cd: not taken
+CND+ 0x7f480f68a30f: taken
+CND+ 0x7f480f68a327: taken
+CND+ 0x7f480f68a33a: not taken
+CND+ 0x7f480f68a343: taken
+CND+ 0x7f480f68a381: not taken
+CND+ 0x7f480f68a3d6: taken
+CND+ 0x7f480f68a3e7: taken
+CND+ 0x7f480f68a895: not taken
+CND+ 0x7f480f68a8a8: not taken
+CND+ 0x7f480f68a8d2: not taken
+CND+ 0x7f480f68a907: not taken
+CND+ 0x7f480f68a942: taken
+CND+ 0x7f480f68a953: not taken
+CND+ 0x7f480f68a963: taken
+CND+ 0x7f480f68aa7b: not taken
+CND+ 0x7f480f68adbc: both
+CND+ 0x7f480f68adc9: both
+CND+ 0x7f480f68ae03: not taken
+CND+ 0x7f480f68ae0d: not taken
+CND+ 0x7f480f68ae18: taken
+CND+ 0x7f480f68b1a1: not taken
+CND+ 0x7f480f68b1ab: not taken
+CND+ 0x7f480f68b1e4: taken
+CND+ 0x7f480f68b1f2: taken
+CND+ 0x7f480f68b20a: not taken
+CND+ 0x7f480f68b225: not taken
+CND+ 0x7f480f68b22f: not taken
+CND+ 0x7f480f68b247: taken
+CND+ 0x7f480f68b533: taken
+CND+ 0x7f480f68b582: taken
+CND+ 0x7f480f68b655: taken
+CND+ 0x7f480f68b698: taken
+CND+ 0x7f480f68b703: not taken
+CND+ 0x7f480f68b70c: taken
+CND+ 0x7f480f68b725: not taken
+CND+ 0x7f480f68b742: not taken
+CND+ 0x7f480f68b75a: not taken
+CND+ 0x7f480f68b765: not taken
+CND+ 0x7f480f68b792: not taken
+CND+ 0x7f480f68b797: taken
+CND+ 0x7f480f68b7a9: taken
+CND+ 0x7f480f68b7ad: not taken
+CND+ 0x7f480f68b7bc: taken
+CND+ 0x7f480f68b7ce: taken
+CND+ 0x7f480f68b848: taken
+CND+ 0x7f480f68b889: not taken
+CND+ 0x7f480f68b89b: not taken
+CND+ 0x7f480f68b8a8: taken
+CND+ 0x7f480f68bc2f: not taken
+CND+ 0x7f480f68bc57: taken
+CND+ 0x7f480f68bc65: not taken
+CND+ 0x7f480f68bc6e: taken
+CND+ 0x7f480f68bc86: not taken
+CND+ 0x7f480f68bcae: taken
+CND+ 0x7f480f68c366: taken
+CND+ 0x7f480f68c9d6: taken
+CND+ 0x7f480f68ca31: not taken
+CND+ 0x7f480f68ca51: taken
+CND+ 0x7f480f68caad: not taken
+CND+ 0x7f480f68cab5: taken
+CND+ 0x7f480f68cb00: taken
+CND+ 0x7f480f68cb5a: not taken
+CND+ 0x7f480f68cb62: not taken
+CND+ 0x7f480f68cb6b: not taken
+CND+ 0x7f480f68cb75: not taken
+CND+ 0x7f480f68cb7f: taken
+CND+ 0x7f480f68cb9b: taken
+CND+ 0x7f480f68cc3c: taken
+CND+ 0x7f480f68ced9: not taken
+CND+ 0x7f480f68cee6: not taken
+CND+ 0x7f480f68cf01: not taken
+CND+ 0x7f480f68cf1a: not taken
+CND+ 0x7f480f68cf20: not taken
+CND+ 0x7f480f68cf26: taken
+CND+ 0x7f480f68d76c: not taken
+CND+ 0x7f480f68d78c: not taken
+CND+ 0x7f480f68d7d8: both
+CND+ 0x7f480f68d7e1: taken
+CND+ 0x7f480f68d806: not taken
+CND+ 0x7f480f68d840: not taken
+CND+ 0x7f480f68d84a: not taken
+CND+ 0x7f480f68d965: both
+CND+ 0x7f480f68d989: not taken
+CND+ 0x7f480f68d9b2: not taken
+CND+ 0x7f480f68d9bc: not taken
+CND+ 0x7f480f68d9e3: not taken
+CND+ 0x7f480f68da13: taken
+CND+ 0x7f480f68dafd: not taken
+CND+ 0x7f480f68db1a: not taken
+CND+ 0x7f480f68db61: taken
+CND+ 0x7f480f68e711: not taken
+CND+ 0x7f480f68e71d: not taken
+CND+ 0x7f480f68e722: not taken
+CND+ 0x7f480f68e748: not taken
+CND+ 0x7f480f68e74c: not taken
+CND+ 0x7f480f68e75f: not taken
+CND+ 0x7f480f68e7a4: not taken
+CND+ 0x7f480f68e8f3: both
+CND+ 0x7f480f68e90f: both
+CND+ 0x7f480f68e911: not taken
+CND+ 0x7f480f68e91a: taken
+CND+ 0x7f480f68ea92: not taken
+CND+ 0x7f480f68eaba: not taken
+CND+ 0x7f480f68ead5: both
+CND+ 0x7f480f68eade: taken
+CND+ 0x7f480f68eaf7: not taken
+CND+ 0x7f480f68eb01: not taken
+CND+ 0x7f480f68eb05: not taken
+CND+ 0x7f480f68eb19: taken
+CND+ 0x7f480f68ec50: not taken
+CND+ 0x7f480f68ec62: taken
+CND+ 0x7f480f68edb1: not taken
+CND+ 0x7f480f68edea: both
+CND+ 0x7f480f68ee13: not taken
+CND+ 0x7f480f68ee20: taken
+CND+ 0x7f480f68ee2d: not taken
+CND+ 0x7f480f68ee43: not taken
+CND+ 0x7f480f68ee4f: both
+CND+ 0x7f480f68ee58: not taken
+CND+ 0x7f480f68ee72: taken
+CND+ 0x7f480f68eee7: taken
+CND+ 0x7f480f68f75d: both
+CND+ 0x7f480f68f76f: not taken
+CND+ 0x7f480f68f782: both
+CND+ 0x7f480f68f787: both
+CND+ 0x7f480f68f795: both
+CND+ 0x7f480f68f8b1: not taken
+CND+ 0x7f480f68f8dc: not taken
+CND+ 0x7f480f68f8ea: not taken
+CND+ 0x7f480f68f8ec: both
+CND+ 0x7f480f68f8f5: not taken
+CND+ 0x7f480f68f8fb: taken
+CND+ 0x7f480f68f943: not taken
+CND+ 0x7f480f68f94c: taken
+CND+ 0x7f480f68f983: not taken
+CND+ 0x7f480f68f989: both
+CND+ 0x7f480f68f990: not taken
+CND+ 0x7f480f68f9ab: taken
+CND+ 0x7f480f68fa0b: taken
+CND+ 0x7f480f68fb10: both
+CND+ 0x7f480f68fb1c: not taken
+CND+ 0x7f480f68fb21: both
+CND+ 0x7f480f68fb2f: not taken
+CND+ 0x7f480f68fb37: both
+CND+ 0x7f480f68fb44: both
+CND+ 0x7f480f68fb5e: taken
+CND+ 0x7f480f68fb92: both
+CND+ 0x7f480f68fb9b: taken
+CND+ 0x7f480f68fbfb: taken
+CND+ 0x7f480f68fd68: both
+CND+ 0x7f480f68fd71: taken
+CND+ 0x7f480f68fd8b: not taken
+CND+ 0x7f480f68fda3: taken
+CND+ 0x7f480f68fddd: taken
+CND+ 0x7f480f68fe02: not taken
+CND+ 0x7f480f68fe0b: taken
+CND+ 0x7f480f68fe2f: not taken
+CND+ 0x7f480f68fe35: taken
+CND+ 0x7f480f68fe4f: not taken
+CND+ 0x7f480f68fe58: both
+CND+ 0x7f480f68ff7d: not taken
+CND+ 0x7f480f69002c: not taken
+CND+ 0x7f480f6900c7: not taken
+CND+ 0x7f480f6900d0: both
+CND+ 0x7f480f6900d9: not taken
+CND+ 0x7f480f6905a7: both
+CND+ 0x7f480f6905ed: not taken
+CND+ 0x7f480f6905f2: taken
+CND+ 0x7f480f690682: not taken
+CND+ 0x7f480f6906a1: not taken
+CND+ 0x7f480f6907bb: not taken
+CND+ 0x7f480f690835: not taken
+CND+ 0x7f480f690870: not taken
+CND+ 0x7f480f69088e: not taken
+CND+ 0x7f480f69089e: not taken
+CND+ 0x7f480f6909ca: both
+CND+ 0x7f480f6909ea: taken
+CND+ 0x7f480f6909f6: taken
+CND+ 0x7f480f690a15: taken
+CND+ 0x7f480f690a38: not taken
+CND+ 0x7f480f690a48: taken
+CND+ 0x7f480f690abb: not taken
+CND+ 0x7f480f69114f: not taken
+CND+ 0x7f480f69116f: not taken
+CND+ 0x7f480f69117e: taken
+CND+ 0x7f480f691a5f: taken
+CND+ 0x7f480f691b46: not taken
+CND+ 0x7f480f691b50: taken
+CND+ 0x7f480f691b69: taken
+CND+ 0x7f480f691b93: taken
+CND+ 0x7f480f691d2b: taken
+CND+ 0x7f480f691e50: not taken
+CND+ 0x7f480f692227: taken
+CND+ 0x7f480f69225f: not taken
+CND+ 0x7f480f692278: taken
+CND+ 0x7f480f6922b9: not taken
+CND+ 0x7f480f6922d7: taken
+CND+ 0x7f480f69230b: taken
+CND+ 0x7f480f692383: taken
+CND+ 0x7f480f6923e2: taken
+CND+ 0x7f480f692456: taken
+CND+ 0x7f480f692488: both
+CND+ 0x7f480f69248c: not taken
+CND+ 0x7f480f692493: not taken
+CND+ 0x7f480f692498: both
+CND+ 0x7f480f6924e0: not taken
+CND+ 0x7f480f692512: not taken
+CND+ 0x7f480f692519: taken
+CND+ 0x7f480f692548: not taken
+CND+ 0x7f480f69254d: not taken
+CND+ 0x7f480f6925c9: not taken
+CND+ 0x7f480f6925d7: taken
+CND+ 0x7f480f6926f8: taken
+CND+ 0x7f480f6927b9: not taken
+CND+ 0x7f480f692830: not taken
+CND+ 0x7f480f692846: taken
+CND+ 0x7f480f69286e: not taken
+CND+ 0x7f480f692b09: not taken
+CND+ 0x7f480f692b13: not taken
+CND+ 0x7f480f692c18: taken
+CND+ 0x7f480f692c9d: not taken
+CND+ 0x7f480f692dfa: taken
+CND+ 0x7f480f694946: both
+CND+ 0x7f480f694963: both
+CND+ 0x7f480f694968: not taken
+CND+ 0x7f480f69496e: not taken
+CND+ 0x7f480f694986: not taken
+CND+ 0x7f480f69498b: both
+CND+ 0x7f480f69499a: both
+CND+ 0x7f480f69499f: both
+CND+ 0x7f480f6949ac: both
+CND+ 0x7f480f6949b7: both
+CND+ 0x7f480f6949c4: not taken
+CND+ 0x7f480f694a10: not taken
+CND+ 0x7f480f694a15: taken
+CND+ 0x7f480f694a2e: both
+CND+ 0x7f480f694a32: both
+CND+ 0x7f480f694a5c: both
+CND+ 0x7f480f694add: not taken
+CND+ 0x7f480f694ae2: not taken
+CND+ 0x7f480f694afe: not taken
+CND+ 0x7f480f694b02: both
+CND+ 0x7f480f694b48: both
+CND+ 0x7f480f694b52: not taken
+CND+ 0x7f480f694b5c: not taken
+CND+ 0x7f480f694b65: both
+CND+ 0x7f480f694b6b: taken
+CND+ 0x7f480f694b75: not taken
+CND+ 0x7f480f694b95: not taken
+CND+ 0x7f480f694ba2: not taken
+CND+ 0x7f480f694bc4: not taken
+CND+ 0x7f480f694bce: not taken
+CND+ 0x7f480f694bf6: taken
+CND+ 0x7f480f694c24: taken
+CND+ 0x7f480f694ce1: not taken
+CND+ 0x7f480f694cea: not taken
+CND+ 0x7f480f694cf3: not taken
+CND+ 0x7f480f694d25: not taken
+CND+ 0x7f480f694d53: not taken
+CND+ 0x7f480f694d5d: not taken
+CND+ 0x7f480f694eb5: not taken
+CND+ 0x7f480f694eba: not taken
+CND+ 0x7f480f694ed8: both
+CND+ 0x7f480f694edc: taken
+CND+ 0x7f480f694f0f: not taken
+CND+ 0x7f480f694f15: not taken
+CND+ 0x7f480f69546f: not taken
+CND+ 0x7f480f69553d: not taken
+CND+ 0x7f480f695547: not taken
+CND+ 0x7f480f695605: not taken
+CND+ 0x7f480f69560f: not taken
+CND+ 0x7f480f695647: not taken
+CND+ 0x7f480f69565e: not taken
+CND+ 0x7f480f6957bd: taken
+CND+ 0x7f480f6957d2: taken
+CND+ 0x7f480f6957df: not taken
+CND+ 0x7f480f6957e4: both
+CND+ 0x7f480f6957fa: taken
+CND+ 0x7f480f695856: not taken
+CND+ 0x7f480f69585b: taken
+CND+ 0x7f480f69587a: not taken
+CND+ 0x7f480f69589a: not taken
+CND+ 0x7f480f6958b7: not taken
+CND+ 0x7f480f6958c5: not taken
+CND+ 0x7f480f6958d4: taken
+CND+ 0x7f480f695df1: not taken
+CND+ 0x7f480f695e0c: not taken
@0x7f480f6840d0 to 0x7f4813170a20 7
@0x7f480f6840f0 to 0x7f4813294800 4
@0x7f480f684130 to 0x7f48132001e0 1
@0x7f480f684140 to 0x7f4813174c10 1
@0x7f480f684150 to 0x7f4813222800 4
@0x7f480f684160 to 0x7f48131ff230 1
@0x7f480f684190 to 0x7f4813294bc0 8
@0x7f480f6841c0 to 0x7f4813200200 1
@0x7f480f6841e0 to 0x7f48132945d0 1
@0x7f480f684220 to 0x7f4813200210 2
@0x7f480f684230 to 0x7f4813223b10 1
@0x7f480f68616e to 0x7f480f6861c0 1
@0x7f480f684280 to 0x7f481328fd10 12
@0x7f480f6842a0 to 0x7f4813170450 4
@0x7f480f6861ac to 0x7f480f686e90 1
@0x7f480f6842d0 to 0x7f4813290100 9
@0x7f480f684320 to 0x7f48131710f0 4
@0x7f480f684330 to 0x7f4813295100 6
@0x7f480f684350 to 0x7f4813200220 1
@0x7f480f684370 to 0x7f4813222800 2
@0x7f480f684390 to 0x7f48131bd3e0 23
@0x7f480f6843b0 to 0x7f4813200230 1
@0x7f480f6843c0 to 0x7f481328fe90 24
@0x7f480f6843e0 to 0x7f4813240ba0 1
@0x7f480f684410 to 0x7f48131bdc80 1
@0x7f480f684460 to 0x7f48132950e0 14
@0x7f480f684510 to 0x7f48132001f0 1
@0x7f480f684560 to 0x7f48131ff4e0 1
@0x7f480f684570 to 0x7f4813169580 191
@0x7f480f68ff91 to 0x7f480f690075 1
@0x7f480f684784 to 0x7f481315cfb0 1
@0x7f480f695e01 to 0x7f480f684840 1
@0x7f480f69255f to 0x7f480f692580 1
@0x7f480f69255f to 0x7f480f6925c0 1
@0x7f480f69255f to 0x7f480f6925a8 2
@0x7f480f6908af to 0x7f480f690a01 201
@0x7f480f6908af to 0x7f480f6909f0 11
@0x7f480f6908af to 0x7f480f690a28 1
@0x7f480f694c19 to 0x7f480f6887d0 1
@0x7f480f694c19 to 0x7f480f68f120 1
@0x7f480f684050 to 0x7f48131bda30 4
@0x7f480f684080 to 0x7f481315d330 2
@0x7f480f684090 to 0x7f48131ff710 1
@0x7f480f6840a0 to 0x7f48131d5e70 5
