MODULE_NAME: /bin/dash
MODULE_START: 0x7fe039c55000
+B+: 0x7fe039c59000 0x7fe039c5900f
+B+: 0x7fe039c59012 0x7fe039c59016
+B+: 0x7fe039c59050 0x7fe039c59055
+B+: 0x7fe039c59080 0x7fe039c59085
+B+: 0x7fe039c59090 0x7fe039c59095
+B+: 0x7fe039c590a0 0x7fe039c590a5
+B+: 0x7fe039c590d0 0x7fe039c590d5
+B+: 0x7fe039c590f0 0x7fe039c590f5
+B+: 0x7fe039c59130 0x7fe039c59135
+B+: 0x7fe039c59140 0x7fe039c59145
+B+: 0x7fe039c59150 0x7fe039c59155
+B+: 0x7fe039c59160 0x7fe039c59165
+B+: 0x7fe039c59190 0x7fe039c59195
+B+: 0x7fe039c591c0 0x7fe039c591c5
+B+: 0x7fe039c591e0 0x7fe039c591e5
+B+: 0x7fe039c59220 0x7fe039c59225
+B+: 0x7fe039c59230 0x7fe039c59235
+B+: 0x7fe039c59280 0x7fe039c59285
+B+: 0x7fe039c592a0 0x7fe039c592a5
+B+: 0x7fe039c592d0 0x7fe039c592d5
+B+: 0x7fe039c59320 0x7fe039c59325
+B+: 0x7fe039c59330 0x7fe039c59335
+B+: 0x7fe039c59350 0x7fe039c59355
+B+: 0x7fe039c59370 0x7fe039c59375
+B+: 0x7fe039c59390 0x7fe039c59395
+B+: 0x7fe039c593b0 0x7fe039c593b5
+B+: 0x7fe039c593c0 0x7fe039c593c5
+B+: 0x7fe039c593e0 0x7fe039c593e5
+B+: 0x7fe039c59410 0x7fe039c59415
+B+: 0x7fe039c59460 0x7fe039c59465
+B+: 0x7fe039c59510 0x7fe039c59515
+B+: 0x7fe039c59560 0x7fe039c59565
+B+: 0x7fe039c59570 0x7fe039c59575
+B+: 0x7fe039c59590 0x7fe039c595b8
+B+: 0x7fe039c595b9 0x7fe039c595c4
+B+: 0x7fe039c595c5 0x7fe039c595cf
+B+: 0x7fe039c595d0 0x7fe039c595e7
+B+: 0x7fe039c595e8 0x7fe039c595ef
+B+: 0x7fe039c595f0 0x7fe039c59600
+B+: 0x7fe039c59601 0x7fe039c5960b
+B+: 0x7fe039c5960c 0x7fe039c59615
+B+: 0x7fe039c59616 0x7fe039c59623
+B+: 0x7fe039c59624 0x7fe039c5962b
+B+: 0x7fe039c5962c 0x7fe039c5963c
+B+: 0x7fe039c59657 0x7fe039c59660
+B+: 0x7fe039c59661 0x7fe039c59678
+B+: 0x7fe039c59679 0x7fe039c5967f
+B+: 0x7fe039c59680 0x7fe039c5968c
+B+: 0x7fe039c5968d 0x7fe039c59696
+B+: 0x7fe039c59697 0x7fe039c5969b
+B+: 0x7fe039c59760 0x7fe039c59789
+B+: 0x7fe039c597c0 0x7fe039c597e3
+B+: 0x7fe039c597f8 0x7fe039c597f8
+B+: 0x7fe039c59840 0x7fe039c59844
+B+: 0x7fe039c59850 0x7fe039c59863
+B+: 0x7fe039c59864 0x7fe039c5986f
+B+: 0x7fe039c59870 0x7fe039c5987d
+B+: 0x7fe039c5987e 0x7fe039c598aa
+B+: 0x7fe039c598ab 0x7fe039c598ac
+B+: 0x7fe039c598cb 0x7fe039c598d2
+B+: 0x7fe039c59a50 0x7fe039c59a57
+B+: 0x7fe039c59a58 0x7fe039c59a5e
+B+: 0x7fe039c59a5f 0x7fe039c59a63
+B+: 0x7fe039c59a71 0x7fe039c59a72
+B+: 0x7fe039c5a6d0 0x7fe039c5a6eb
+B+: 0x7fe039c5a6ec 0x7fe039c5a705
+B+: 0x7fe039c5a717 0x7fe039c5a71b
+B+: 0x7fe039c5a71c 0x7fe039c5a720
+B+: 0x7fe039c5a72c 0x7fe039c5a730
+B+: 0x7fe039c5a73e 0x7fe039c5a74d
+B+: 0x7fe039c5a74e 0x7fe039c5a757
+B+: 0x7fe039c5a758 0x7fe039c5a775
+B+: 0x7fe039c5a780 0x7fe039c5a788
+B+: 0x7fe039c5a789 0x7fe039c5a790
+B+: 0x7fe039c5a791 0x7fe039c5a79c
+B+: 0x7fe039c5b060 0x7fe039c5b07e
+B+: 0x7fe039c5b10d 0x7fe039c5b11c
+B+: 0x7fe039c5b11d 0x7fe039c5b123
+B+: 0x7fe039c5b140 0x7fe039c5b14a
+B+: 0x7fe039c5b14b 0x7fe039c5b152
+B+: 0x7fe039c5b153 0x7fe039c5b15d
+B+: 0x7fe039c5b15e 0x7fe039c5b16f
+B+: 0x7fe039c5b188 0x7fe039c5b18c
+B+: 0x7fe039c5b18d 0x7fe039c5b191
+B+: 0x7fe039c5b192 0x7fe039c5b19c
+B+: 0x7fe039c5b1a7 0x7fe039c5b1ad
+B+: 0x7fe039c5b1ae 0x7fe039c5b1b5
+B+: 0x7fe039c5b1c0 0x7fe039c5b1cf
+B+: 0x7fe039c5bbc0 0x7fe039c5bbfa
+B+: 0x7fe039c5bbfb 0x7fe039c5bc07
+B+: 0x7fe039c5bc08 0x7fe039c5bc0f
+B+: 0x7fe039c5bc10 0x7fe039c5bc11
+B+: 0x7fe039c5bc18 0x7fe039c5bc21
+B+: 0x7fe039c5bc22 0x7fe039c5bc2e
+B+: 0x7fe039c5bc32 0x7fe039c5bc39
+B+: 0x7fe039c5bc3a 0x7fe039c5bc49
+B+: 0x7fe039c5bc4a 0x7fe039c5bc51
+B+: 0x7fe039c5bc52 0x7fe039c5bc58
+B+: 0x7fe039c5bc59 0x7fe039c5bc60
+B+: 0x7fe039c5bc61 0x7fe039c5bc68
+B+: 0x7fe039c5bc69 0x7fe039c5bc6d
+B+: 0x7fe039c5bc6e 0x7fe039c5bc77
+B+: 0x7fe039c5bc78 0x7fe039c5bc89
+B+: 0x7fe039c5bc8a 0x7fe039c5bc98
+B+: 0x7fe039c5be90 0x7fe039c5bed3
+B+: 0x7fe039c5bedf 0x7fe039c5bef5
+B+: 0x7fe039c5bef6 0x7fe039c5befa
+B+: 0x7fe039c5befb 0x7fe039c5bf5a
+B+: 0x7fe039c5bf5b 0x7fe039c5bf67
+B+: 0x7fe039c5bf68 0x7fe039c5bf77
+B+: 0x7fe039c5bf78 0x7fe039c5bf7f
+B+: 0x7fe039c5bf80 0x7fe039c5bf8b
+B+: 0x7fe039c5bf8c 0x7fe039c5bf94
+B+: 0x7fe039c5bf95 0x7fe039c5bf9b
+B+: 0x7fe039c5bfa0 0x7fe039c5bfaf
+B+: 0x7fe039c5bfb0 0x7fe039c5bfc5
+B+: 0x7fe039c5bfc6 0x7fe039c5bfcf
+B+: 0x7fe039c5bfd0 0x7fe039c5bfe3
+B+: 0x7fe039c5bfe4 0x7fe039c5bffc
+B+: 0x7fe039c5c019 0x7fe039c5c02b
+B+: 0x7fe039c5c02c 0x7fe039c5c034
+B+: 0x7fe039c5c035 0x7fe039c5c047
+B+: 0x7fe039c5c048 0x7fe039c5c05b
+B+: 0x7fe039c5c0a8 0x7fe039c5c0b4
+B+: 0x7fe039c5c0b5 0x7fe039c5c0b9
+B+: 0x7fe039c5c0db 0x7fe039c5c0e1
+B+: 0x7fe039c5c0f0 0x7fe039c5c103
+B+: 0x7fe039c5c104 0x7fe039c5c113
+B+: 0x7fe039c5c114 0x7fe039c5c11b
+B+: 0x7fe039c5c11c 0x7fe039c5c122
+B+: 0x7fe039c5c123 0x7fe039c5c152
+B+: 0x7fe039c5c153 0x7fe039c5c15f
+B+: 0x7fe039c5c160 0x7fe039c5c168
+B+: 0x7fe039c5c216 0x7fe039c5c21c
+B+: 0x7fe039c5c224 0x7fe039c5c22d
+B+: 0x7fe039c5c22e 0x7fe039c5c237
+B+: 0x7fe039c5c238 0x7fe039c5c241
+B+: 0x7fe039c5c242 0x7fe039c5c24b
+B+: 0x7fe039c5c25d 0x7fe039c5c266
+B+: 0x7fe039c5c267 0x7fe039c5c281
+B+: 0x7fe039c5c282 0x7fe039c5c293
+B+: 0x7fe039c5c34c 0x7fe039c5c353
+B+: 0x7fe039c5c354 0x7fe039c5c36f
+B+: 0x7fe039c5c51b 0x7fe039c5c525
+B+: 0x7fe039c5c526 0x7fe039c5c52e
+B+: 0x7fe039c5c52f 0x7fe039c5c537
+B+: 0x7fe039c5c8d0 0x7fe039c5c8ec
+B+: 0x7fe039c5c8ed 0x7fe039c5c8f1
+B+: 0x7fe039c5c8f8 0x7fe039c5c8fa
+B+: 0x7fe039c5c8fb 0x7fe039c5c907
+B+: 0x7fe039c5c908 0x7fe039c5c93e
+B+: 0x7fe039c5c93f 0x7fe039c5c940
+B+: 0x7fe039c5c963 0x7fe039c5c977
+B+: 0x7fe039c5c980 0x7fe039c5c986
+B+: 0x7fe039c5c987 0x7fe039c5c98e
+B+: 0x7fe039c5c98f 0x7fe039c5c997
+B+: 0x7fe039c5c998 0x7fe039c5c9ba
+B+: 0x7fe039c5c9bb 0x7fe039c5c9bc
+B+: 0x7fe039c5c9c0 0x7fe039c5c9e7
+B+: 0x7fe039c5c9e8 0x7fe039c5c9f7
+B+: 0x7fe039c5ca19 0x7fe039c5ca21
+B+: 0x7fe039c5ca22 0x7fe039c5ca2a
+B+: 0x7fe039c5ca2b 0x7fe039c5ca34
+B+: 0x7fe039c5ca35 0x7fe039c5ca3f
+B+: 0x7fe039c5cad0 0x7fe039c5cae9
+B+: 0x7fe039c5caea 0x7fe039c5cb00
+B+: 0x7fe039c5cb10 0x7fe039c5cb1f
+B+: 0x7fe039c5cb20 0x7fe039c5cb2b
+B+: 0x7fe039c5cb2c 0x7fe039c5cb31
+B+: 0x7fe039c5cb32 0x7fe039c5cb41
+B+: 0x7fe039c5cb56 0x7fe039c5cb61
+B+: 0x7fe039c5cb62 0x7fe039c5cb6f
+B+: 0x7fe039c5cb70 0x7fe039c5cb85
+B+: 0x7fe039c5cb86 0x7fe039c5cb97
+B+: 0x7fe039c5cb98 0x7fe039c5cbc0
+B+: 0x7fe039c5cbc8 0x7fe039c5cbcc
+B+: 0x7fe039c5cbcd 0x7fe039c5cbea
+B+: 0x7fe039c5cd70 0x7fe039c5cd98
+B+: 0x7fe039c5cda0 0x7fe039c5cda1
+B+: 0x7fe039c5cda2 0x7fe039c5cdaa
+B+: 0x7fe039c5cdab 0x7fe039c5cdc5
+B+: 0x7fe039c5cdc6 0x7fe039c5cdc9
+B+: 0x7fe039c5cdca 0x7fe039c5cdd1
+B+: 0x7fe039c5cdd2 0x7fe039c5cde6
+B+: 0x7fe039c5cdf0 0x7fe039c5ce2a
+B+: 0x7fe039c5ce2b 0x7fe039c5ce2f
+B+: 0x7fe039c5ce46 0x7fe039c5ce5c
+B+: 0x7fe039c5ce5d 0x7fe039c5ce6e
+B+: 0x7fe039c5ce90 0x7fe039c5cead
+B+: 0x7fe039c5cec8 0x7fe039c5ced1
+B+: 0x7fe039c5ced2 0x7fe039c5cedd
+B+: 0x7fe039c5cf6c 0x7fe039c5cf8f
+B+: 0x7fe039c5cf90 0x7fe039c5cf9c
+B+: 0x7fe039c5cf9d 0x7fe039c5cfa8
+B+: 0x7fe039c5cfa9 0x7fe039c5cfb0
+B+: 0x7fe039c5cfb1 0x7fe039c5cfc5
+B+: 0x7fe039c5d008 0x7fe039c5d012
+B+: 0x7fe039c5d013 0x7fe039c5d01e
+B+: 0x7fe039c5d01f 0x7fe039c5d02e
+B+: 0x7fe039c5d060 0x7fe039c5d066
+B+: 0x7fe039c5d067 0x7fe039c5d074
+B+: 0x7fe039c5d075 0x7fe039c5d086
+B+: 0x7fe039c5d087 0x7fe039c5d08e
+B+: 0x7fe039c5d08f 0x7fe039c5d0a2
+B+: 0x7fe039c5d0a3 0x7fe039c5d0b0
+B+: 0x7fe039c5d100 0x7fe039c5d116
+B+: 0x7fe039c5d145 0x7fe039c5d14d
+B+: 0x7fe039c5d14e 0x7fe039c5d157
+B+: 0x7fe039c5d160 0x7fe039c5d166
+B+: 0x7fe039c5d1c0 0x7fe039c5d1d1
+B+: 0x7fe039c5d1e8 0x7fe039c5d1ef
+B+: 0x7fe039c5d248 0x7fe039c5d25b
+B+: 0x7fe039c5d25c 0x7fe039c5d271
+B+: 0x7fe039c5d7d0 0x7fe039c5d7ff
+B+: 0x7fe039c5d80f 0x7fe039c5d812
+B+: 0x7fe039c5d813 0x7fe039c5d81c
+B+: 0x7fe039c5d81d 0x7fe039c5d820
+B+: 0x7fe039c5d821 0x7fe039c5d82f
+B+: 0x7fe039c5d830 0x7fe039c5d83a
+B+: 0x7fe039c5d84f 0x7fe039c5d85a
+B+: 0x7fe039c5d85f 0x7fe039c5d862
+B+: 0x7fe039c5d870 0x7fe039c5d877
+B+: 0x7fe039c5d878 0x7fe039c5d88d
+B+: 0x7fe039c5e440 0x7fe039c5e464
+B+: 0x7fe039c5e61e 0x7fe039c5e627
+B+: 0x7fe039c5e628 0x7fe039c5e631
+B+: 0x7fe039c5e632 0x7fe039c5e659
+B+: 0x7fe039c5e6af 0x7fe039c5e6bc
+B+: 0x7fe039c5e6c0 0x7fe039c5e6cb
+B+: 0x7fe039c5e730 0x7fe039c5e73b
+B+: 0x7fe039c5e740 0x7fe039c5e75e
+B+: 0x7fe039c5e75f 0x7fe039c5e767
+B+: 0x7fe039c5e7d2 0x7fe039c5e7e3
+B+: 0x7fe039c5e8a0 0x7fe039c5e8a7
+B+: 0x7fe039c5f260 0x7fe039c5f2a5
+B+: 0x7fe039c5f2b5 0x7fe039c5f2be
+B+: 0x7fe039c5f2bf 0x7fe039c5f2d2
+B+: 0x7fe039c5f2d3 0x7fe039c5f2fc
+B+: 0x7fe039c5f2fd 0x7fe039c5f310
+B+: 0x7fe039c5f324 0x7fe039c5f328
+B+: 0x7fe039c5f336 0x7fe039c5f33f
+B+: 0x7fe039c5f340 0x7fe039c5f344
+B+: 0x7fe039c5f370 0x7fe039c5f386
+B+: 0x7fe039c5f387 0x7fe039c5f398
+B+: 0x7fe039c5f3a0 0x7fe039c5f3b6
+B+: 0x7fe039c5f3b7 0x7fe039c5f3d7
+B+: 0x7fe039c5f3dd 0x7fe039c5f3ec
+B+: 0x7fe039c5f850 0x7fe039c5f886
+B+: 0x7fe039c5f887 0x7fe039c5f89a
+B+: 0x7fe039c5f89b 0x7fe039c5f8ad
+B+: 0x7fe039c5f8ae 0x7fe039c5f8c4
+B+: 0x7fe039c5f8c5 0x7fe039c5f8d7
+B+: 0x7fe039c5f8d8 0x7fe039c5f8e7
+B+: 0x7fe039c5f8e8 0x7fe039c5f90c
+B+: 0x7fe039c5f90d 0x7fe039c5f915
+B+: 0x7fe039c5f924 0x7fe039c5f933
+B+: 0x7fe039c5f934 0x7fe039c5f947
+B+: 0x7fe039c5f948 0x7fe039c5f954
+B+: 0x7fe039c5f955 0x7fe039c5f95f
+B+: 0x7fe039c5f960 0x7fe039c5f964
+B+: 0x7fe039c5fa6a 0x7fe039c5fa7c
+B+: 0x7fe039c5fa7d 0x7fe039c5fa9c
+B+: 0x7fe039c5fba0 0x7fe039c5fbad
+B+: 0x7fe039c5fbae 0x7fe039c5fbe1
+B+: 0x7fe039c5fbf0 0x7fe039c5fbfb
+B+: 0x7fe039c5fdb0 0x7fe039c5fdbd
+B+: 0x7fe039c5fdbe 0x7fe039c5fdca
+B+: 0x7fe039c5fdcb 0x7fe039c5fde3
+B+: 0x7fe039c5fde8 0x7fe039c5fdf4
+B+: 0x7fe039c5fdf8 0x7fe039c5fe04
+B+: 0x7fe039c5fe05 0x7fe039c5fe12
+B+: 0x7fe039c5fe13 0x7fe039c5fe1d
+B+: 0x7fe039c5feb4 0x7fe039c5fec1
+B+: 0x7fe039c60160 0x7fe039c60174
+B+: 0x7fe039c60175 0x7fe039c60187
+B+: 0x7fe039c60188 0x7fe039c601a2
+B+: 0x7fe039c601a3 0x7fe039c601ac
+B+: 0x7fe039c601ad 0x7fe039c601b3
+B+: 0x7fe039c601d0 0x7fe039c601e5
+B+: 0x7fe039c601eb 0x7fe039c601f3
+B+: 0x7fe039c60205 0x7fe039c6020b
+B+: 0x7fe039c6020c 0x7fe039c6021d
+B+: 0x7fe039c6021e 0x7fe039c60226
+B+: 0x7fe039c60227 0x7fe039c60230
+B+: 0x7fe039c60231 0x7fe039c60232
+B+: 0x7fe039c60240 0x7fe039c60248
+B+: 0x7fe039c60260 0x7fe039c60260
+B+: 0x7fe039c60520 0x7fe039c60534
+B+: 0x7fe039c60572 0x7fe039c60578
+B+: 0x7fe039c60580 0x7fe039c60583
+B+: 0x7fe039c60610 0x7fe039c60656
+B+: 0x7fe039c6065b 0x7fe039c60686
+B+: 0x7fe039c60687 0x7fe039c6069d
+B+: 0x7fe039c606fc 0x7fe039c60708
+B+: 0x7fe039c60709 0x7fe039c60711
+B+: 0x7fe039c60712 0x7fe039c6072a
+B+: 0x7fe039c6072b 0x7fe039c6073c
+B+: 0x7fe039c60740 0x7fe039c60747
+B+: 0x7fe039c60748 0x7fe039c6075f
+B+: 0x7fe039c60760 0x7fe039c60766
+B+: 0x7fe039c60767 0x7fe039c60780
+B+: 0x7fe039c60790 0x7fe039c60793
+B+: 0x7fe039c60794 0x7fe039c60798
+B+: 0x7fe039c607a2 0x7fe039c607aa
+B+: 0x7fe039c607ab 0x7fe039c607ae
+B+: 0x7fe039c607af 0x7fe039c607bd
+B+: 0x7fe039c607cb 0x7fe039c607d3
+B+: 0x7fe039c60825 0x7fe039c60841
+B+: 0x7fe039c60842 0x7fe039c6084d
+B+: 0x7fe039c6087e 0x7fe039c6088e
+B+: 0x7fe039c6088f 0x7fe039c608a0
+B+: 0x7fe039c608a1 0x7fe039c608ad
+B+: 0x7fe039c60c10 0x7fe039c60c30
+B+: 0x7fe039c60c31 0x7fe039c60c58
+B+: 0x7fe039c60c5e 0x7fe039c60c66
+B+: 0x7fe039c60c67 0x7fe039c60c6f
+B+: 0x7fe039c60c78 0x7fe039c60c87
+B+: 0x7fe039c60c88 0x7fe039c60c89
+B+: 0x7fe039c60ca0 0x7fe039c60caf
+B+: 0x7fe039c60cba 0x7fe039c60cc4
+B+: 0x7fe039c60ce0 0x7fe039c60ce8
+B+: 0x7fe039c61360 0x7fe039c6136b
+B+: 0x7fe039c61480 0x7fe039c61480
+B+: 0x7fe039c619c0 0x7fe039c619db
+B+: 0x7fe039c61a16 0x7fe039c61a32
+B+: 0x7fe039c61a33 0x7fe039c61a52
+B+: 0x7fe039c61a63 0x7fe039c61a6a
+B+: 0x7fe039c61a90 0x7fe039c61aa6
+B+: 0x7fe039c61aa7 0x7fe039c61aae
+B+: 0x7fe039c61aaf 0x7fe039c61ab6
+B+: 0x7fe039c61af6 0x7fe039c61b01
+B+: 0x7fe039c61b0c 0x7fe039c61b34
+B+: 0x7fe039c61b40 0x7fe039c61b57
+B+: 0x7fe039c61b58 0x7fe039c61b5f
+B+: 0x7fe039c61b60 0x7fe039c61b67
+B+: 0x7fe039c61b68 0x7fe039c61b70
+B+: 0x7fe039c61b71 0x7fe039c61b7a
+B+: 0x7fe039c61b7b 0x7fe039c61b80
+B+: 0x7fe039c61b97 0x7fe039c61b9c
+B+: 0x7fe039c61c0a 0x7fe039c61c3d
+B+: 0x7fe039c61c47 0x7fe039c61c53
+B+: 0x7fe039c61ed0 0x7fe039c61ede
+B+: 0x7fe039c61edf 0x7fe039c61ee7
+B+: 0x7fe039c61ee8 0x7fe039c61efc
+B+: 0x7fe039c61efd 0x7fe039c61f02
+B+: 0x7fe039c61f03 0x7fe039c61f1b
+B+: 0x7fe039c61f1c 0x7fe039c61f21
+B+: 0x7fe039c61f22 0x7fe039c61f2b
+B+: 0x7fe039c61fc0 0x7fe039c61fc7
+B+: 0x7fe039c61fc8 0x7fe039c61fd0
+B+: 0x7fe039c62760 0x7fe039c62768
+B+: 0x7fe039c62769 0x7fe039c6276d
+B+: 0x7fe039c6276e 0x7fe039c62772
+B+: 0x7fe039c62780 0x7fe039c62788
+B+: 0x7fe039c62789 0x7fe039c6278d
+B+: 0x7fe039c6278e 0x7fe039c62792
+B+: 0x7fe039c627c0 0x7fe039c627d9
+B+: 0x7fe039c627da 0x7fe039c627e6
+B+: 0x7fe039c627f7 0x7fe039c62802
+B+: 0x7fe039c62803 0x7fe039c6280b
+B+: 0x7fe039c6280c 0x7fe039c62841
+B+: 0x7fe039c62842 0x7fe039c6284b
+B+: 0x7fe039c6284c 0x7fe039c62852
+B+: 0x7fe039c62853 0x7fe039c62875
+B+: 0x7fe039c62880 0x7fe039c6288e
+B+: 0x7fe039c628b0 0x7fe039c628c8
+B+: 0x7fe039c62900 0x7fe039c62941
+B+: 0x7fe039c62950 0x7fe039c62966
+B+: 0x7fe039c62967 0x7fe039c6297e
+B+: 0x7fe039c6297f 0x7fe039c6298a
+B+: 0x7fe039c6298b 0x7fe039c629b3
+B+: 0x7fe039c629b4 0x7fe039c629bd
+B+: 0x7fe039c629be 0x7fe039c629bf
+B+: 0x7fe039c629d0 0x7fe039c629e8
+B+: 0x7fe039c629e9 0x7fe039c62a14
+B+: 0x7fe039c62a1e 0x7fe039c62a25
+B+: 0x7fe039c62a26 0x7fe039c62a33
+B+: 0x7fe039c62a34 0x7fe039c62a46
+B+: 0x7fe039c62ae0 0x7fe039c62afe
+B+: 0x7fe039c62aff 0x7fe039c62b0c
+B+: 0x7fe039c62b0d 0x7fe039c62b1b
+B+: 0x7fe039c62b1c 0x7fe039c62b2c
+B+: 0x7fe039c62b40 0x7fe039c62b62
+B+: 0x7fe039c62b98 0x7fe039c62ba9
+B+: 0x7fe039c636d0 0x7fe039c636f4
+B+: 0x7fe039c636f5 0x7fe039c6370d
+B+: 0x7fe039c6370e 0x7fe039c63712
+B+: 0x7fe039c63713 0x7fe039c6371e
+B+: 0x7fe039c6371f 0x7fe039c63723
+B+: 0x7fe039c63724 0x7fe039c63728
+B+: 0x7fe039c63729 0x7fe039c63730
+B+: 0x7fe039c6373c 0x7fe039c63749
+B+: 0x7fe039c6374a 0x7fe039c6374d
+B+: 0x7fe039c6374e 0x7fe039c63760
+B+: 0x7fe039c63761 0x7fe039c6376b
+B+: 0x7fe039c63790 0x7fe039c6379d
+B+: 0x7fe039c6379e 0x7fe039c637a5
+B+: 0x7fe039c637a6 0x7fe039c637a7
+B+: 0x7fe039c63890 0x7fe039c6389d
+B+: 0x7fe039c6389e 0x7fe039c638a9
+B+: 0x7fe039c638aa 0x7fe039c638bd
+B+: 0x7fe039c638c0 0x7fe039c638ca
+B+: 0x7fe039c638d0 0x7fe039c638ef
+B+: 0x7fe039c638f0 0x7fe039c638f4
+B+: 0x7fe039c638f5 0x7fe039c6390c
+B+: 0x7fe039c6390d 0x7fe039c63910
+B+: 0x7fe039c63911 0x7fe039c63912
+B+: 0x7fe039c63913 0x7fe039c6391b
+B+: 0x7fe039c6391c 0x7fe039c63930
+B+: 0x7fe039c63938 0x7fe039c6393c
+B+: 0x7fe039c63980 0x7fe039c6398f
+B+: 0x7fe039c63990 0x7fe039c6399b
+B+: 0x7fe039c6399c 0x7fe039c639ab
+B+: 0x7fe039c63a80 0x7fe039c63a93
+B+: 0x7fe039c63a94 0x7fe039c63aac
+B+: 0x7fe039c63aad 0x7fe039c63abf
+B+: 0x7fe039c63ac0 0x7fe039c63ada
+B+: 0x7fe039c63adb 0x7fe039c63ae3
+B+: 0x7fe039c63aec 0x7fe039c63af8
+B+: 0x7fe039c63af9 0x7fe039c63b02
+B+: 0x7fe039c63b03 0x7fe039c63b06
+B+: 0x7fe039c63b07 0x7fe039c63b1a
+B+: 0x7fe039c63c49 0x7fe039c63c55
+B+: 0x7fe039c63c56 0x7fe039c63c67
+B+: 0x7fe039c63c82 0x7fe039c63c93
+B+: 0x7fe039c63d77 0x7fe039c63d82
+B+: 0x7fe039c63da0 0x7fe039c63db2
+B+: 0x7fe039c63db3 0x7fe039c63ddf
+B+: 0x7fe039c63de0 0x7fe039c63deb
+B+: 0x7fe039c63dec 0x7fe039c63dfc
+B+: 0x7fe039c63dfd 0x7fe039c63e18
+B+: 0x7fe039c63e19 0x7fe039c63e25
+B+: 0x7fe039c63e26 0x7fe039c63e2e
+B+: 0x7fe039c63e2f 0x7fe039c63e3f
+B+: 0x7fe039c63e40 0x7fe039c63e44
+B+: 0x7fe039c63e45 0x7fe039c63e50
+B+: 0x7fe039c63e51 0x7fe039c63e5d
+B+: 0x7fe039c63e5e 0x7fe039c63e77
+B+: 0x7fe039c63ece 0x7fe039c63ed2
+B+: 0x7fe039c63ed3 0x7fe039c63ede
+B+: 0x7fe039c63ee0 0x7fe039c63eec
+B+: 0x7fe039c63f60 0x7fe039c63f7c
+B+: 0x7fe039c64120 0x7fe039c64128
+B+: 0x7fe039c64129 0x7fe039c64147
+B+: 0x7fe039c64750 0x7fe039c6475e
+B+: 0x7fe039c6475f 0x7fe039c64763
+B+: 0x7fe039c64764 0x7fe039c64770
+B+: 0x7fe039c64771 0x7fe039c64777
+B+: 0x7fe039c64778 0x7fe039c64783
+B+: 0x7fe039c64784 0x7fe039c64788
+B+: 0x7fe039c64789 0x7fe039c6478d
+B+: 0x7fe039c6478e 0x7fe039c64796
+B+: 0x7fe039c64797 0x7fe039c6479e
+B+: 0x7fe039c64890 0x7fe039c64892
+B+: 0x7fe039c648a7 0x7fe039c648ab
+B+: 0x7fe039c648ac 0x7fe039c648b2
+B+: 0x7fe039c648b3 0x7fe039c648b6
+B+: 0x7fe039c648d0 0x7fe039c648e1
+B+: 0x7fe039c648e2 0x7fe039c648e6
+B+: 0x7fe039c648e7 0x7fe039c648eb
+B+: 0x7fe039c648ec 0x7fe039c648f1
+B+: 0x7fe039c648f2 0x7fe039c648fa
+B+: 0x7fe039c648fb 0x7fe039c648fc
+B+: 0x7fe039c64940 0x7fe039c64948
+B+: 0x7fe039c64949 0x7fe039c64951
+B+: 0x7fe039c64980 0x7fe039c64988
+B+: 0x7fe039c64989 0x7fe039c6498a
+B+: 0x7fe039c6498b 0x7fe039c64991
+B+: 0x7fe039c64992 0x7fe039c649a2
+B+: 0x7fe039c649a8 0x7fe039c649ac
+B+: 0x7fe039c649eb 0x7fe039c64a00
+B+: 0x7fe039c64a08 0x7fe039c64a10
+B+: 0x7fe039c64af0 0x7fe039c64b11
+B+: 0x7fe039c64b12 0x7fe039c64b16
+B+: 0x7fe039c64b17 0x7fe039c64b1d
+B+: 0x7fe039c64b1e 0x7fe039c64b26
+B+: 0x7fe039c64b27 0x7fe039c64b34
+B+: 0x7fe039c64b35 0x7fe039c64b3c
+B+: 0x7fe039c64b3d 0x7fe039c64b49
+B+: 0x7fe039c64b4a 0x7fe039c64b5a
+B+: 0x7fe039c64b5b 0x7fe039c64b63
+B+: 0x7fe039c64b7f 0x7fe039c64b93
+B+: 0x7fe039c64b94 0x7fe039c64b9c
+B+: 0x7fe039c64be0 0x7fe039c64bf7
+B+: 0x7fe039c64bf8 0x7fe039c64c00
+B+: 0x7fe039c64c1b 0x7fe039c64c2b
+B+: 0x7fe039c64d40 0x7fe039c64d5e
+B+: 0x7fe039c64d5f 0x7fe039c64d6d
+B+: 0x7fe039c64d6e 0x7fe039c64d72
+B+: 0x7fe039c64d7d 0x7fe039c64d90
+B+: 0x7fe039c64d91 0x7fe039c64d95
+B+: 0x7fe039c64d96 0x7fe039c64d9a
+B+: 0x7fe039c64da0 0x7fe039c64da4
+B+: 0x7fe039c64dd5 0x7fe039c64dd9
+B+: 0x7fe039c64dda 0x7fe039c64dde
+B+: 0x7fe039c64df0 0x7fe039c64dfb
+B+: 0x7fe039c64dfc 0x7fe039c64e07
+B+: 0x7fe039c64e08 0x7fe039c64e10
+B+: 0x7fe039c64e2c 0x7fe039c64e30
+B+: 0x7fe039c64e31 0x7fe039c64e36
+B+: 0x7fe039c64e41 0x7fe039c64e45
+B+: 0x7fe039c64e46 0x7fe039c64e54
+B+: 0x7fe039c64e55 0x7fe039c64e5d
+B+: 0x7fe039c64e5e 0x7fe039c64e62
+B+: 0x7fe039c64e63 0x7fe039c64e74
+B+: 0x7fe039c64e78 0x7fe039c64e84
+B+: 0x7fe039c64ea0 0x7fe039c64ea4
+B+: 0x7fe039c64ef0 0x7fe039c64f03
+B+: 0x7fe039c64f40 0x7fe039c64f76
+B+: 0x7fe039c64f77 0x7fe039c64f82
+B+: 0x7fe039c64f83 0x7fe039c64f92
+B+: 0x7fe039c6501b 0x7fe039c65031
+B+: 0x7fe039c65032 0x7fe039c65040
+B+: 0x7fe039c65075 0x7fe039c650b8
+B+: 0x7fe039c650b9 0x7fe039c650c3
+B+: 0x7fe039c650c4 0x7fe039c650cc
+B+: 0x7fe039c650cd 0x7fe039c650d5
+B+: 0x7fe039c650d6 0x7fe039c650de
+B+: 0x7fe039c650df 0x7fe039c65106
+B+: 0x7fe039c65107 0x7fe039c65133
+B+: 0x7fe039c65578 0x7fe039c65581
+B+: 0x7fe039c65582 0x7fe039c655a8
+B+: 0x7fe039c655a9 0x7fe039c655b6
+B+: 0x7fe039c655d0 0x7fe039c655e0
+B+: 0x7fe039c655e1 0x7fe039c655ee
+B+: 0x7fe039c655ef 0x7fe039c655f3
+B+: 0x7fe039c65670 0x7fe039c6567e
+B+: 0x7fe039c6567f 0x7fe039c65683
+B+: 0x7fe039c65684 0x7fe039c65692
+B+: 0x7fe039c65693 0x7fe039c6569a
+B+: 0x7fe039c6569b 0x7fe039c656a2
+B+: 0x7fe039c656a3 0x7fe039c656b7
+B+: 0x7fe039c65790 0x7fe039c657bc
+B+: 0x7fe039c657bd 0x7fe039c657d4
+B+: 0x7fe039c657e0 0x7fe039c6583a
+B+: 0x7fe039c6583b 0x7fe039c65875
+B+: 0x7fe039c65876 0x7fe039c65893
+B+: 0x7fe039c65894 0x7fe039c658a3
+B+: 0x7fe039c658a4 0x7fe039c658b0
+B+: 0x7fe039c659b4 0x7fe039c659b8
+B+: 0x7fe039c659b9 0x7fe039c659cf
+B+: 0x7fe039c659d0 0x7fe039c659dc
+B+: 0x7fe039c659dd 0x7fe039c659ef
+B+: 0x7fe039c659f0 0x7fe039c659f7
+B+: 0x7fe039c65a01 0x7fe039c65a16
+B+: 0x7fe039c65a28 0x7fe039c65a3d
+B+: 0x7fe039c65a3e 0x7fe039c65a4d
+B+: 0x7fe039c65a79 0x7fe039c65a97
+B+: 0x7fe039c65a98 0x7fe039c65ac0
+B+: 0x7fe039c65ac1 0x7fe039c65acf
+B+: 0x7fe039c66148 0x7fe039c66154
+B+: 0x7fe039c66155 0x7fe039c66174
+B+: 0x7fe039c66175 0x7fe039c6617f
+B+: 0x7fe039c661ac 0x7fe039c661b0
+B+: 0x7fe039c661b1 0x7fe039c661b5
+B+: 0x7fe039c66a40 0x7fe039c66a64
+B+: 0x7fe039c66b10 0x7fe039c66b1a
+B+: 0x7fe039c66b40 0x7fe039c66b47
+B+: 0x7fe039c66b48 0x7fe039c66b51
+B+: 0x7fe039c66b58 0x7fe039c66b60
+B+: 0x7fe039c66b61 0x7fe039c66b6a
+B+: 0x7fe039c66b88 0x7fe039c66b8c
+B+: 0x7fe039c66b8d 0x7fe039c66b94
+B+: 0x7fe039c66ba0 0x7fe039c66ba4
+B+: 0x7fe039c66d00 0x7fe039c66d30
+B+: 0x7fe039c66e3f 0x7fe039c66e55
+B+: 0x7fe039c66e56 0x7fe039c66e67
+B+: 0x7fe039c671e0 0x7fe039c67222
+B+: 0x7fe039c67223 0x7fe039c67228
+B+: 0x7fe039c6724c 0x7fe039c67260
+B+: 0x7fe039c67261 0x7fe039c67269
+B+: 0x7fe039c67270 0x7fe039c67279
+B+: 0x7fe039c67288 0x7fe039c672a0
+B+: 0x7fe039c672a1 0x7fe039c672ba
+B+: 0x7fe039c672bb 0x7fe039c672bc
+B+: 0x7fe039c672d0 0x7fe039c672d8
+B+: 0x7fe039c672f8 0x7fe039c672f8
+B+: 0x7fe039c67300 0x7fe039c6730c
+B+: 0x7fe039c6733f 0x7fe039c67343
+B+: 0x7fe039c67380 0x7fe039c67384
+B+: 0x7fe039c673d0 0x7fe039c673e3
+B+: 0x7fe039c67400 0x7fe039c67400
+B+: 0x7fe039c67420 0x7fe039c6745b
+B+: 0x7fe039c67467 0x7fe039c67471
+B+: 0x7fe039c67472 0x7fe039c67489
+B+: 0x7fe039c6748a 0x7fe039c6748d
+B+: 0x7fe039c6748e 0x7fe039c67494
+B+: 0x7fe039c67495 0x7fe039c6749d
+B+: 0x7fe039c6749e 0x7fe039c674a9
+B+: 0x7fe039c674aa 0x7fe039c674c2
+B+: 0x7fe039c674c3 0x7fe039c674ce
+B+: 0x7fe039c674cf 0x7fe039c674e5
+B+: 0x7fe039c674e6 0x7fe039c674f5
+B+: 0x7fe039c67500 0x7fe039c6750e
+B+: 0x7fe039c6750f 0x7fe039c67513
+B+: 0x7fe039c67514 0x7fe039c6751e
+B+: 0x7fe039c67540 0x7fe039c67549
+B+: 0x7fe039c6754a 0x7fe039c6754e
+B+: 0x7fe039c6754f 0x7fe039c67560
+B+: 0x7fe039c67568 0x7fe039c67577
+B+: 0x7fe039c67580 0x7fe039c67589
+B+: 0x7fe039c675a8 0x7fe039c675bb
+B+: 0x7fe039c675c0 0x7fe039c675ce
+B+: 0x7fe039c675cf 0x7fe039c675dc
+B+: 0x7fe039c676f0 0x7fe039c676fd
+B+: 0x7fe039c677a0 0x7fe039c677a0
+B+: 0x7fe039c677b0 0x7fe039c677ba
+B+: 0x7fe039c677bb 0x7fe039c677ce
+B+: 0x7fe039c677cf 0x7fe039c677d8
+B+: 0x7fe039c677d9 0x7fe039c677e6
+B+: 0x7fe039c67800 0x7fe039c6782d
+B+: 0x7fe039c6782e 0x7fe039c67831
+B+: 0x7fe039c67832 0x7fe039c67847
+B+: 0x7fe039c67864 0x7fe039c6786b
+B+: 0x7fe039c6786c 0x7fe039c6786f
+B+: 0x7fe039c67870 0x7fe039c67876
+B+: 0x7fe039c67877 0x7fe039c6787b
+B+: 0x7fe039c6787c 0x7fe039c67886
+B+: 0x7fe039c67ae0 0x7fe039c67b01
+B+: 0x7fe039c67b02 0x7fe039c67b0a
+B+: 0x7fe039c67b0b 0x7fe039c67b14
+B+: 0x7fe039c67b15 0x7fe039c67b19
+B+: 0x7fe039c67c00 0x7fe039c67c19
+B+: 0x7fe039c67c51 0x7fe039c67c8e
+B+: 0x7fe039c67c8f 0x7fe039c67c9e
+B+: 0x7fe039c67c9f 0x7fe039c67ca6
+B+: 0x7fe039c67df0 0x7fe039c67dfb
+B+: 0x7fe039c67e20 0x7fe039c67e20
+B+: 0x7fe039c67e30 0x7fe039c67e38
+B+: 0x7fe039c69940 0x7fe039c6994b
+B+: 0x7fe039c6994c 0x7fe039c69957
+B+: 0x7fe039c69958 0x7fe039c69964
+B+: 0x7fe039c69965 0x7fe039c69969
+B+: 0x7fe039c6996a 0x7fe039c6996f
+B+: 0x7fe039c69970 0x7fe039c69976
+B+: 0x7fe039c69980 0x7fe039c69987
+B+: 0x7fe039c69988 0x7fe039c6998c
+B+: 0x7fe039c6998d 0x7fe039c6999b
+B+: 0x7fe039c6999c 0x7fe039c699a0
+B+: 0x7fe039c699a1 0x7fe039c699a8
+B+: 0x7fe039c699a9 0x7fe039c699ad
+B+: 0x7fe039c699ae 0x7fe039c699b8
+B+: 0x7fe039c699b9 0x7fe039c699b9
+B+: 0x7fe039c699c0 0x7fe039c699c5
+B+: 0x7fe039c699c6 0x7fe039c699c9
+B+: 0x7fe039c699d0 0x7fe039c699d0
+B+: 0x7fe039c699d1 0x7fe039c699d5
+B+: 0x7fe039c699d6 0x7fe039c699d9
+B+: 0x7fe039c699e0 0x7fe039c699ff
+B+: 0x7fe039c69a00 0x7fe039c69a11
+B+: 0x7fe039c69a12 0x7fe039c69a16
+B+: 0x7fe039c69a20 0x7fe039c69a22
+B+: 0x7fe039c69a23 0x7fe039c69a2f
+B+: 0x7fe039c69a30 0x7fe039c69a33
+B+: 0x7fe039c69a34 0x7fe039c69a5d
+B+: 0x7fe039c69a5e 0x7fe039c69a62
+B+: 0x7fe039c69a63 0x7fe039c69a82
+B+: 0x7fe039c69ac0 0x7fe039c69ade
+B+: 0x7fe039c69adf 0x7fe039c69ae3
+B+: 0x7fe039c69ae4 0x7fe039c69ae8
+B+: 0x7fe039c69af0 0x7fe039c69af2
+B+: 0x7fe039c69af3 0x7fe039c69aff
+B+: 0x7fe039c69b00 0x7fe039c69b03
+B+: 0x7fe039c69b04 0x7fe039c69b3e
+B+: 0x7fe039c69b3f 0x7fe039c69b49
+B+: 0x7fe039c69b4a 0x7fe039c69b57
+B+: 0x7fe039c69b58 0x7fe039c69b5d
+B+: 0x7fe039c69b5e 0x7fe039c69b66
+B+: 0x7fe039c69b67 0x7fe039c69b70
+B+: 0x7fe039c69b71 0x7fe039c69b7a
+B+: 0x7fe039c69b7b 0x7fe039c69b9a
+B+: 0x7fe039c69b9b 0x7fe039c69ba3
+B+: 0x7fe039c69ba4 0x7fe039c69bbd
+B+: 0x7fe039c69bc0 0x7fe039c69bc5
+B+: 0x7fe039c69bc6 0x7fe039c69bcf
+B+: 0x7fe039c69bd0 0x7fe039c69bd9
+B+: 0x7fe039c69bda 0x7fe039c69bf7
+B+: 0x7fe039c69c08 0x7fe039c69c14
+B+: 0x7fe039c69c15 0x7fe039c69c1b
+B+: 0x7fe039c69c1c 0x7fe039c69c29
+B+: 0x7fe039c69cb0 0x7fe039c69cca
+B+: 0x7fe039c69ccb 0x7fe039c69cda
+B+: 0x7fe039c69cdb 0x7fe039c69ce6
+B+: 0x7fe039c69ce7 0x7fe039c69cef
+B+: 0x7fe039c69cf0 0x7fe039c69cf4
+B+: 0x7fe039c69cf5 0x7fe039c69cfc
+B+: 0x7fe039c69cfd 0x7fe039c69d10
+B+: 0x7fe039c69d11 0x7fe039c69d21
+B+: 0x7fe039c69d22 0x7fe039c69d26
+B+: 0x7fe039c69d27 0x7fe039c69d38
+B+: 0x7fe039c69d39 0x7fe039c69d4b
+B+: 0x7fe039c69d4c 0x7fe039c69d54
+B+: 0x7fe039c69d55 0x7fe039c69d5e
+B+: 0x7fe039c69d5f 0x7fe039c69d6d
+B+: 0x7fe039c69ea0 0x7fe039c69eb6
+B+: 0x7fe039c69eb7 0x7fe039c69ebb
+B+: 0x7fe039c69ebc 0x7fe039c69ec0
+B+: 0x7fe039c69ec8 0x7fe039c69ecb
+B+: 0x7fe039c69ecc 0x7fe039c69ed9
+B+: 0x7fe039c69eda 0x7fe039c69edd
+B+: 0x7fe039c69ede 0x7fe039c69f06
+B+: 0x7fe039c69f07 0x7fe039c69f10
+B+: 0x7fe039c69f11 0x7fe039c69f16
+B+: 0x7fe039c69f17 0x7fe039c69f24
+B+: 0x7fe039c69f25 0x7fe039c69f2d
+B+: 0x7fe039c6a440 0x7fe039c6a46b
+B+: 0x7fe039c6a46c 0x7fe039c6a470
+B+: 0x7fe039c6a471 0x7fe039c6a475
+B+: 0x7fe039c6a536 0x7fe039c6a53e
+B+: 0x7fe039c6a53f 0x7fe039c6a548
+B+: 0x7fe039c6a549 0x7fe039c6a551
+B+: 0x7fe039c6a5d0 0x7fe039c6a5e4
+B+: 0x7fe039c6a5e5 0x7fe039c6a606
+B+: 0x7fe039c6a607 0x7fe039c6a610
+B+: 0x7fe039c6a611 0x7fe039c6a618
+B+: 0x7fe039c6a640 0x7fe039c6a648
+B+: 0x7fe039c6a649 0x7fe039c6a656
+B+: 0x7fe039c6a657 0x7fe039c6a65f
+B+: 0x7fe039c6a660 0x7fe039c6a661
+B+: 0x7fe039c6a760 0x7fe039c6a7aa
+B+: 0x7fe039c6a7ab 0x7fe039c6a7af
+B+: 0x7fe039c6a7b0 0x7fe039c6a7be
+B+: 0x7fe039c6a7c8 0x7fe039c6a7d3
+B+: 0x7fe039c6a7d4 0x7fe039c6a7d8
+B+: 0x7fe039c6a7d9 0x7fe039c6a7e0
+B+: 0x7fe039c6a7e1 0x7fe039c6a7e5
+B+: 0x7fe039c6a7e6 0x7fe039c6a7f3
+B+: 0x7fe039c6a7f4 0x7fe039c6a7fb
+B+: 0x7fe039c6a800 0x7fe039c6a810
+B+: 0x7fe039c6a811 0x7fe039c6a815
+B+: 0x7fe039c6a816 0x7fe039c6a832
+B+: 0x7fe039c6a833 0x7fe039c6a843
+B+: 0x7fe039c6a844 0x7fe039c6a84f
+B+: 0x7fe039c6a850 0x7fe039c6a857
+B+: 0x7fe039c6a858 0x7fe039c6a85c
+B+: 0x7fe039c6a85d 0x7fe039c6a868
+B+: 0x7fe039c6a869 0x7fe039c6a87b
+B+: 0x7fe039c6a87c 0x7fe039c6a884
+B+: 0x7fe039c6a888 0x7fe039c6a897
+B+: 0x7fe039c6a898 0x7fe039c6a89b
+B+: 0x7fe039c6a89c 0x7fe039c6a8b4
+B+: 0x7fe039c6a8b5 0x7fe039c6a8b8
+B+: 0x7fe039c6a8b9 0x7fe039c6a8c6
+B+: 0x7fe039c6a8c7 0x7fe039c6a8d5
+B+: 0x7fe039c6adc0 0x7fe039c6adec
+B+: 0x7fe039c6aded 0x7fe039c6adf2
+B+: 0x7fe039c6adf3 0x7fe039c6ae04
+B+: 0x7fe039c6ae05 0x7fe039c6ae0d
+B+: 0x7fe039c6ae0e 0x7fe039c6ae1c
+CND+ 0x7fe039c5900e: taken
+CND+ 0x7fe039c595ea: not taken
+CND+ 0x7fe039c59626: not taken
+CND+ 0x7fe039c5963b: taken
+CND+ 0x7fe039c59673: not taken
+CND+ 0x7fe039c59687: not taken
+CND+ 0x7fe039c59695: not taken
+CND+ 0x7fe039c597e2: taken
+CND+ 0x7fe039c59862: not taken
+CND+ 0x7fe039c5987c: both
+CND+ 0x7fe039c598a9: not taken
+CND+ 0x7fe039c59a5d: not taken
+CND+ 0x7fe039c59a62: taken
+CND+ 0x7fe039c5a6e6: not taken
+CND+ 0x7fe039c5a704: taken
+CND+ 0x7fe039c5a71a: not taken
+CND+ 0x7fe039c5a71f: taken
+CND+ 0x7fe039c5a72f: taken
+CND+ 0x7fe039c5a74c: not taken
+CND+ 0x7fe039c5a756: not taken
+CND+ 0x7fe039c5a78f: not taken
+CND+ 0x7fe039c5a79b: taken
+CND+ 0x7fe039c5b079: taken
+CND+ 0x7fe039c5b11b: not taken
+CND+ 0x7fe039c5b149: not taken
+CND+ 0x7fe039c5b158: not taken
+CND+ 0x7fe039c5b190: not taken
+CND+ 0x7fe039c5b1ce: taken
+CND+ 0x7fe039c5bc20: not taken
+CND+ 0x7fe039c5bc2d: taken
+CND+ 0x7fe039c5bc48: not taken
+CND+ 0x7fe039c5bc5f: both
+CND+ 0x7fe039c5bc88: not taken
+CND+ 0x7fe039c5bed2: taken
+CND+ 0x7fe039c5bf55: not taken
+CND+ 0x7fe039c5bf7e: not taken
+CND+ 0x7fe039c5bf8a: not taken
+CND+ 0x7fe039c5bf93: both
+CND+ 0x7fe039c5bfc4: not taken
+CND+ 0x7fe039c5bfe2: both
+CND+ 0x7fe039c5bffb: taken
+CND+ 0x7fe039c5c05a: taken
+CND+ 0x7fe039c5c0af: not taken
+CND+ 0x7fe039c5c0b8: taken
+CND+ 0x7fe039c5c0e0: taken
+CND+ 0x7fe039c5c116: not taken
+CND+ 0x7fe039c5c15a: not taken
+CND+ 0x7fe039c5c163: taken
+CND+ 0x7fe039c5c21b: taken
+CND+ 0x7fe039c5c24a: taken
+CND+ 0x7fe039c5c27c: not taken
+CND+ 0x7fe039c5c36a: taken
+CND+ 0x7fe039c5c520: not taken
+CND+ 0x7fe039c5c529: not taken
+CND+ 0x7fe039c5c532: taken
+CND+ 0x7fe039c5c8eb: not taken
+CND+ 0x7fe039c5c906: both
+CND+ 0x7fe039c5c93d: not taken
+CND+ 0x7fe039c5c985: both
+CND+ 0x7fe039c5c9f6: taken
+CND+ 0x7fe039c5ca20: both
+CND+ 0x7fe039c5ca29: not taken
+CND+ 0x7fe039c5ca33: not taken
+CND+ 0x7fe039c5cae4: not taken
+CND+ 0x7fe039c5cafb: taken
+CND+ 0x7fe039c5cb2a: both
+CND+ 0x7fe039c5cb30: both
+CND+ 0x7fe039c5cb40: taken
+CND+ 0x7fe039c5cb60: not taken
+CND+ 0x7fe039c5cb96: not taken
+CND+ 0x7fe039c5cbe5: taken
+CND+ 0x7fe039c5cda0: not taken
+CND+ 0x7fe039c5cda9: not taken
+CND+ 0x7fe039c5cdc8: both
+CND+ 0x7fe039c5cdd0: both
+CND+ 0x7fe039c5ce2e: taken
+CND+ 0x7fe039c5ce57: not taken
+CND+ 0x7fe039c5ceac: taken
+CND+ 0x7fe039c5ced8: taken
+CND+ 0x7fe039c5cfa3: not taken
+CND+ 0x7fe039c5cfc0: taken
+CND+ 0x7fe039c5d019: not taken
+CND+ 0x7fe039c5d065: not taken
+CND+ 0x7fe039c5d06f: not taken
+CND+ 0x7fe039c5d089: both
+CND+ 0x7fe039c5d09d: not taken
+CND+ 0x7fe039c5d0ab: taken
+CND+ 0x7fe039c5d14c: not taken
+CND+ 0x7fe039c5d156: taken
+CND+ 0x7fe039c5d1cc: taken
+CND+ 0x7fe039c5d1ee: taken
+CND+ 0x7fe039c5d811: both
+CND+ 0x7fe039c5d81b: not taken
+CND+ 0x7fe039c5d81f: not taken
+CND+ 0x7fe039c5d839: taken
+CND+ 0x7fe039c5d859: taken
+CND+ 0x7fe039c5d861: taken
+CND+ 0x7fe039c5e45f: taken
+CND+ 0x7fe039c5e626: not taken
+CND+ 0x7fe039c5e6ca: taken
+CND+ 0x7fe039c5e762: taken
+CND+ 0x7fe039c5f2a4: taken
+CND+ 0x7fe039c5f2bd: not taken
+CND+ 0x7fe039c5f2cd: not taken
+CND+ 0x7fe039c5f30f: taken
+CND+ 0x7fe039c5f327: taken
+CND+ 0x7fe039c5f33a: not taken
+CND+ 0x7fe039c5f343: taken
+CND+ 0x7fe039c5f381: not taken
+CND+ 0x7fe039c5f3d6: taken
+CND+ 0x7fe039c5f3e7: taken
+CND+ 0x7fe039c5f895: not taken
+CND+ 0x7fe039c5f8a8: not taken
+CND+ 0x7fe039c5f8d2: not taken
+CND+ 0x7fe039c5f907: not taken
+CND+ 0x7fe039c5f942: taken
+CND+ 0x7fe039c5f953: not taken
+CND+ 0x7fe039c5f963: taken
+CND+ 0x7fe039c5fa7b: not taken
+CND+ 0x7fe039c5fdbc: both
+CND+ 0x7fe039c5fdc9: both
+CND+ 0x7fe039c5fe03: not taken
+CND+ 0x7fe039c5fe0d: not taken
+CND+ 0x7fe039c5fe18: taken
+CND+ 0x7fe039c601a1: not taken
+CND+ 0x7fe039c601ab: not taken
+CND+ 0x7fe039c601e4: taken
+CND+ 0x7fe039c601f2: taken
+CND+ 0x7fe039c6020a: not taken
+CND+ 0x7fe039c60225: not taken
+CND+ 0x7fe039c6022f: not taken
+CND+ 0x7fe039c60247: taken
+CND+ 0x7fe039c60533: taken
+CND+ 0x7fe039c60582: taken
+CND+ 0x7fe039c60655: taken
+CND+ 0x7fe039c60698: taken
+CND+ 0x7fe039c60703: not taken
+CND+ 0x7fe039c6070c: taken
+CND+ 0x7fe039c60725: not taken
+CND+ 0x7fe039c60742: not taken
+CND+ 0x7fe039c6075a: not taken
+CND+ 0x7fe039c60765: not taken
+CND+ 0x7fe039c60792: not taken
+CND+ 0x7fe039c60797: taken
+CND+ 0x7fe039c607a9: taken
+CND+ 0x7fe039c607ad: not taken
+CND+ 0x7fe039c607bc: taken
+CND+ 0x7fe039c607ce: taken
+CND+ 0x7fe039c60848: taken
+CND+ 0x7fe039c60889: not taken
+CND+ 0x7fe039c6089b: not taken
+CND+ 0x7fe039c608a8: taken
+CND+ 0x7fe039c60c2f: not taken
+CND+ 0x7fe039c60c57: taken
+CND+ 0x7fe039c60c65: not taken
+CND+ 0x7fe039c60c6e: taken
+CND+ 0x7fe039c60c86: not taken
+CND+ 0x7fe039c60cae: taken
+CND+ 0x7fe039c61366: taken
+CND+ 0x7fe039c619d6: taken
+CND+ 0x7fe039c61a31: not taken
+CND+ 0x7fe039c61a51: taken
+CND+ 0x7fe039c61aad: not taken
+CND+ 0x7fe039c61ab5: taken
+CND+ 0x7fe039c61b00: taken
+CND+ 0x7fe039c61b5a: not taken
+CND+ 0x7fe039c61b62: not taken
+CND+ 0x7fe039c61b6b: not taken
+CND+ 0x7fe039c61b75: not taken
+CND+ 0x7fe039c61b7f: taken
+CND+ 0x7fe039c61b9b: taken
+CND+ 0x7fe039c61c3c: taken
+CND+ 0x7fe039c61ed9: not taken
+CND+ 0x7fe039c61ee6: not taken
+CND+ 0x7fe039c61f01: not taken
+CND+ 0x7fe039c61f1a: not taken
+CND+ 0x7fe039c61f20: not taken
+CND+ 0x7fe039c61f26: taken
+CND+ 0x7fe039c6276c: not taken
+CND+ 0x7fe039c6278c: not taken
+CND+ 0x7fe039c627d8: both
+CND+ 0x7fe039c627e1: taken
+CND+ 0x7fe039c62806: not taken
+CND+ 0x7fe039c62840: not taken
+CND+ 0x7fe039c6284a: not taken
+CND+ 0x7fe039c62965: both
+CND+ 0x7fe039c62989: not taken
+CND+ 0x7fe039c629b2: not taken
+CND+ 0x7fe039c629bc: not taken
+CND+ 0x7fe039c629e3: not taken
+CND+ 0x7fe039c62a13: taken
+CND+ 0x7fe039c62afd: not taken
+CND+ 0x7fe039c62b1a: not taken
+CND+ 0x7fe039c62b61: taken
+CND+ 0x7fe039c63711: not taken
+CND+ 0x7fe039c6371d: not taken
+CND+ 0x7fe039c63722: not taken
+CND+ 0x7fe039c63748: not taken
+CND+ 0x7fe039c6374c: not taken
+CND+ 0x7fe039c6375f: not taken
+CND+ 0x7fe039c637a4: not taken
+CND+ 0x7fe039c638f3: both
+CND+ 0x7fe039c6390f: both
+CND+ 0x7fe039c63911: not taken
+CND+ 0x7fe039c6391a: taken
+CND+ 0x7fe039c63a92: not taken
+CND+ 0x7fe039c63aba: not taken
+CND+ 0x7fe039c63ad5: both
+CND+ 0x7fe039c63ade: taken
+CND+ 0x7fe039c63af7: not taken
+CND+ 0x7fe039c63b01: not taken
+CND+ 0x7fe039c63b05: not taken
+CND+ 0x7fe039c63b19: taken
+CND+ 0x7fe039c63c50: not taken
+CND+ 0x7fe039c63c62: taken
+CND+ 0x7fe039c63db1: not taken
+CND+ 0x7fe039c63dea: both
+CND+ 0x7fe039c63e13: not taken
+CND+ 0x7fe039c63e20: taken
+CND+ 0x7fe039c63e2d: not taken
+CND+ 0x7fe039c63e43: not taken
+CND+ 0x7fe039c63e4f: both
+CND+ 0x7fe039c63e58: not taken
+CND+ 0x7fe039c63e72: taken
+CND+ 0x7fe039c63ee7: taken
+CND+ 0x7fe039c6475d: both
+CND+ 0x7fe039c6476f: not taken
+CND+ 0x7fe039c64782: both
+CND+ 0x7fe039c64787: both
+CND+ 0x7fe039c64795: both
+CND+ 0x7fe039c648b1: not taken
+CND+ 0x7fe039c648dc: not taken
+CND+ 0x7fe039c648ea: not taken
+CND+ 0x7fe039c648ec: both
+CND+ 0x7fe039c648f5: not taken
+CND+ 0x7fe039c648fb: taken
+CND+ 0x7fe039c64943: not taken
+CND+ 0x7fe039c6494c: taken
+CND+ 0x7fe039c64983: not taken
+CND+ 0x7fe039c64989: both
+CND+ 0x7fe039c64990: not taken
+CND+ 0x7fe039c649ab: taken
+CND+ 0x7fe039c64a0b: taken
+CND+ 0x7fe039c64b10: both
+CND+ 0x7fe039c64b1c: not taken
+CND+ 0x7fe039c64b21: both
+CND+ 0x7fe039c64b2f: not taken
+CND+ 0x7fe039c64b37: both
+CND+ 0x7fe039c64b44: both
+CND+ 0x7fe039c64b5e: taken
+CND+ 0x7fe039c64b92: both
+CND+ 0x7fe039c64b9b: taken
+CND+ 0x7fe039c64bfb: taken
+CND+ 0x7fe039c64d68: both
+CND+ 0x7fe039c64d71: taken
+CND+ 0x7fe039c64d8b: not taken
+CND+ 0x7fe039c64da3: taken
+CND+ 0x7fe039c64ddd: taken
+CND+ 0x7fe039c64e02: not taken
+CND+ 0x7fe039c64e0b: taken
+CND+ 0x7fe039c64e2f: not taken
+CND+ 0x7fe039c64e35: taken
+CND+ 0x7fe039c64e4f: not taken
+CND+ 0x7fe039c64e58: both
+CND+ 0x7fe039c64f7d: not taken
+CND+ 0x7fe039c6502c: not taken
+CND+ 0x7fe039c650c7: not taken
+CND+ 0x7fe039c650d0: both
+CND+ 0x7fe039c650d9: not taken
+CND+ 0x7fe039c655a7: both
+CND+ 0x7fe039c655ed: not taken
+CND+ 0x7fe039c655f2: taken
+CND+ 0x7fe039c65682: not taken
+CND+ 0x7fe039c656a1: not taken
+CND+ 0x7fe039c657bb: not taken
+CND+ 0x7fe039c65835: not taken
+CND+ 0x7fe039c65870: not taken
+CND+ 0x7fe039c6588e: not taken
+CND+ 0x7fe039c6589e: not taken
+CND+ 0x7fe039c659ca: both
+CND+ 0x7fe039c659ea: taken
+CND+ 0x7fe039c659f6: taken
+CND+ 0x7fe039c65a15: taken
+CND+ 0x7fe039c65a38: not taken
+CND+ 0x7fe039c65a48: taken
+CND+ 0x7fe039c65abb: not taken
+CND+ 0x7fe039c6614f: not taken
+CND+ 0x7fe039c6616f: not taken
+CND+ 0x7fe039c6617e: taken
+CND+ 0x7fe039c66a5f: taken
+CND+ 0x7fe039c66b46: not taken
+CND+ 0x7fe039c66b50: taken
+CND+ 0x7fe039c66b69: taken
+CND+ 0x7fe039c66b93: taken
+CND+ 0x7fe039c66d2b: taken
+CND+ 0x7fe039c66e50: not taken
+CND+ 0x7fe039c67227: taken
+CND+ 0x7fe039c6725f: not taken
+CND+ 0x7fe039c67278: taken
+CND+ 0x7fe039c672b9: not taken
+CND+ 0x7fe039c672d7: taken
+CND+ 0x7fe039c6730b: taken
+CND+ 0x7fe039c67383: taken
+CND+ 0x7fe039c673e2: taken
+CND+ 0x7fe039c67456: taken
+CND+ 0x7fe039c67488: both
+CND+ 0x7fe039c6748c: not taken
+CND+ 0x7fe039c67493: not taken
+CND+ 0x7fe039c67498: both
+CND+ 0x7fe039c674e0: not taken
+CND+ 0x7fe039c67512: not taken
+CND+ 0x7fe039c67519: taken
+CND+ 0x7fe039c67548: not taken
+CND+ 0x7fe039c6754d: not taken
+CND+ 0x7fe039c675c9: not taken
+CND+ 0x7fe039c675d7: taken
+CND+ 0x7fe039c676f8: taken
+CND+ 0x7fe039c677b9: not taken
+CND+ 0x7fe039c67830: not taken
+CND+ 0x7fe039c67846: taken
+CND+ 0x7fe039c6786e: not taken
+CND+ 0x7fe039c67b09: not taken
+CND+ 0x7fe039c67b13: not taken
+CND+ 0x7fe039c67c18: taken
+CND+ 0x7fe039c67c9d: not taken
+CND+ 0x7fe039c67dfa: taken
+CND+ 0x7fe039c69946: both
+CND+ 0x7fe039c69963: both
+CND+ 0x7fe039c69968: not taken
+CND+ 0x7fe039c6996e: not taken
+CND+ 0x7fe039c69986: not taken
+CND+ 0x7fe039c6998b: both
+CND+ 0x7fe039c6999a: both
+CND+ 0x7fe039c6999f: both
+CND+ 0x7fe039c699ac: both
+CND+ 0x7fe039c699b7: both
+CND+ 0x7fe039c699c4: not taken
+CND+ 0x7fe039c69a10: not taken
+CND+ 0x7fe039c69a15: taken
+CND+ 0x7fe039c69a2e: both
+CND+ 0x7fe039c69a32: both
+CND+ 0x7fe039c69a5c: both
+CND+ 0x7fe039c69add: not taken
+CND+ 0x7fe039c69ae2: not taken
+CND+ 0x7fe039c69afe: not taken
+CND+ 0x7fe039c69b02: both
+CND+ 0x7fe039c69b48: both
+CND+ 0x7fe039c69b52: not taken
+CND+ 0x7fe039c69b5c: not taken
+CND+ 0x7fe039c69b65: both
+CND+ 0x7fe039c69b6b: taken
+CND+ 0x7fe039c69b75: not taken
+CND+ 0x7fe039c69b95: not taken
+CND+ 0x7fe039c69ba2: not taken
+CND+ 0x7fe039c69bc4: not taken
+CND+ 0x7fe039c69bce: not taken
+CND+ 0x7fe039c69bf6: taken
+CND+ 0x7fe039c69c24: taken
+CND+ 0x7fe039c69ce1: not taken
+CND+ 0x7fe039c69cea: not taken
+CND+ 0x7fe039c69cf3: not taken
+CND+ 0x7fe039c69d25: not taken
+CND+ 0x7fe039c69d53: not taken
+CND+ 0x7fe039c69d5d: not taken
+CND+ 0x7fe039c69eb5: not taken
+CND+ 0x7fe039c69eba: not taken
+CND+ 0x7fe039c69ed8: both
+CND+ 0x7fe039c69edc: taken
+CND+ 0x7fe039c69f0f: not taken
+CND+ 0x7fe039c69f15: not taken
+CND+ 0x7fe039c6a46f: not taken
+CND+ 0x7fe039c6a53d: not taken
+CND+ 0x7fe039c6a547: not taken
+CND+ 0x7fe039c6a605: not taken
+CND+ 0x7fe039c6a60f: not taken
+CND+ 0x7fe039c6a647: not taken
+CND+ 0x7fe039c6a65e: not taken
+CND+ 0x7fe039c6a7bd: taken
+CND+ 0x7fe039c6a7d2: taken
+CND+ 0x7fe039c6a7df: not taken
+CND+ 0x7fe039c6a7e4: both
+CND+ 0x7fe039c6a7fa: taken
+CND+ 0x7fe039c6a856: not taken
+CND+ 0x7fe039c6a85b: taken
+CND+ 0x7fe039c6a87a: not taken
+CND+ 0x7fe039c6a89a: not taken
+CND+ 0x7fe039c6a8b7: not taken
+CND+ 0x7fe039c6a8c5: not taken
+CND+ 0x7fe039c6a8d4: taken
+CND+ 0x7fe039c6adf1: not taken
+CND+ 0x7fe039c6ae0c: not taken
@0x7fe039c59784 to 0x7fe03d731fb0 1
@0x7fe039c6ae01 to 0x7fe039c59840 1
@0x7fe039c6755f to 0x7fe039c67580 1
@0x7fe039c6755f to 0x7fe039c675c0 1
@0x7fe039c6755f to 0x7fe039c675a8 2
@0x7fe039c658af to 0x7fe039c65a01 201
@0x7fe039c658af to 0x7fe039c659f0 11
@0x7fe039c658af to 0x7fe039c65a28 1
@0x7fe039c69c19 to 0x7fe039c5d7d0 1
@0x7fe039c69c19 to 0x7fe039c64120 1
@0x7fe039c59050 to 0x7fe03d792a30 4
@0x7fe039c59080 to 0x7fe03d732330 2
@0x7fe039c59090 to 0x7fe03d7d4710 1
@0x7fe039c590a0 to 0x7fe03d7aae70 5
@0x7fe039c590d0 to 0x7fe03d745a20 7
@0x7fe039c590f0 to 0x7fe03d869800 4
@0x7fe039c59130 to 0x7fe03d7d51e0 1
@0x7fe039c59140 to 0x7fe03d749c10 1
@0x7fe039c59150 to 0x7fe03d7f7800 4
@0x7fe039c59160 to 0x7fe03d7d4230 1
@0x7fe039c59190 to 0x7fe03d869bc0 8
@0x7fe039c591c0 to 0x7fe03d7d5200 1
@0x7fe039c591e0 to 0x7fe03d8695d0 1
@0x7fe039c59220 to 0x7fe03d7d5210 2
@0x7fe039c59230 to 0x7fe03d7f8b10 1
@0x7fe039c5b16e to 0x7fe039c5b1c0 1
@0x7fe039c59280 to 0x7fe03d864d10 12
@0x7fe039c592a0 to 0x7fe03d745450 4
@0x7fe039c5b1ac to 0x7fe039c5be90 1
@0x7fe039c592d0 to 0x7fe03d865100 9
@0x7fe039c59320 to 0x7fe03d7460f0 4
@0x7fe039c59330 to 0x7fe03d86a100 6
@0x7fe039c59350 to 0x7fe03d7d5220 1
@0x7fe039c59370 to 0x7fe03d7f7800 2
@0x7fe039c59390 to 0x7fe03d7923e0 23
@0x7fe039c593b0 to 0x7fe03d7d5230 1
@0x7fe039c593c0 to 0x7fe03d864e90 24
@0x7fe039c593e0 to 0x7fe03d815ba0 1
@0x7fe039c59410 to 0x7fe03d792c80 1
@0x7fe039c59460 to 0x7fe03d86a0e0 14
@0x7fe039c59510 to 0x7fe03d7d51f0 1
@0x7fe039c59560 to 0x7fe03d7d44e0 1
@0x7fe039c59570 to 0x7fe03d73e580 191
@0x7fe039c64f91 to 0x7fe039c65075 1
