MODULE_NAME: /usr/bin/gs
MODULE_START: 0x7f07ea368000
+B+: 0x7f07ea369000 0x7f07ea36900f
+B+: 0x7f07ea369012 0x7f07ea369016
+B+: 0x7f07ea369020 0x7f07ea36902b
+B+: 0x7f07ea369030 0x7f07ea369035
+B+: 0x7f07ea369036 0x7f07ea36903f
+B+: 0x7f07ea369040 0x7f07ea369045
+B+: 0x7f07ea369046 0x7f07ea36904f
+B+: 0x7f07ea369050 0x7f07ea369055
+B+: 0x7f07ea369056 0x7f07ea36905f
+B+: 0x7f07ea369090 0x7f07ea369095
+B+: 0x7f07ea369096 0x7f07ea36909f
+B+: 0x7f07ea3690b0 0x7f07ea3690b5
+B+: 0x7f07ea3690b6 0x7f07ea3690bf
+B+: 0x7f07ea3690c0 0x7f07ea3690c5
+B+: 0x7f07ea3690c6 0x7f07ea3690cf
+B+: 0x7f07ea3690d0 0x7f07ea3690d5
+B+: 0x7f07ea3690d6 0x7f07ea3690df
+B+: 0x7f07ea3690e0 0x7f07ea3690e5
+B+: 0x7f07ea3690f0 0x7f07ea369121
+B+: 0x7f07ea369122 0x7f07ea369127
+B+: 0x7f07ea369128 0x7f07ea369130
+B+: 0x7f07ea369131 0x7f07ea369132
+B+: 0x7f07ea369133 0x7f07ea369137
+B+: 0x7f07ea369138 0x7f07ea369152
+B+: 0x7f07ea369153 0x7f07ea36915b
+B+: 0x7f07ea369184 0x7f07ea3691a2
+B+: 0x7f07ea3691a3 0x7f07ea3691b1
+B+: 0x7f07ea3691b2 0x7f07ea3691b7
+B+: 0x7f07ea3691b8 0x7f07ea3691c1
+B+: 0x7f07ea3691c2 0x7f07ea3691c5
+B+: 0x7f07ea3691c6 0x7f07ea3691ca
+B+: 0x7f07ea3691cb 0x7f07ea3691d6
+B+: 0x7f07ea3691d7 0x7f07ea3691db
+B+: 0x7f07ea369220 0x7f07ea369249
+B+: 0x7f07ea369250 0x7f07ea369262
+B+: 0x7f07ea369278 0x7f07ea369278
+B+: 0x7f07ea369280 0x7f07ea3692a3
+B+: 0x7f07ea3692b8 0x7f07ea3692b8
+B+: 0x7f07ea3692c0 0x7f07ea3692c8
+B+: 0x7f07ea3692c9 0x7f07ea3692d6
+B+: 0x7f07ea3692d7 0x7f07ea3692e2
+B+: 0x7f07ea3692e3 0x7f07ea3692e7
+B+: 0x7f07ea3692e8 0x7f07ea3692f0
+B+: 0x7f07ea369300 0x7f07ea369304
+B+: 0x7f07ea369350 0x7f07ea369373
+B+: 0x7f07ea369374 0x7f07ea36937c
+B+: 0x7f07ea36937d 0x7f07ea369385
+B+: 0x7f07ea3693c0 0x7f07ea3693ec
+B+: 0x7f07ea3693ed 0x7f07ea3693f2
+B+: 0x7f07ea3693f3 0x7f07ea369404
+B+: 0x7f07ea369405 0x7f07ea36940d
+B+: 0x7f07ea36940e 0x7f07ea36941c
+B+: 0x7f07ea369424 0x7f07ea36942c
+CND+ 0x7f07ea36900e: taken
+CND+ 0x7f07ea369126: taken
+CND+ 0x7f07ea36912b: not taken
+CND+ 0x7f07ea369131: not taken
+CND+ 0x7f07ea369136: not taken
+CND+ 0x7f07ea36914d: not taken
+CND+ 0x7f07ea3691b6: not taken
+CND+ 0x7f07ea3691c4: not taken
+CND+ 0x7f07ea3691c9: not taken
+CND+ 0x7f07ea369261: taken
+CND+ 0x7f07ea3692a2: taken
+CND+ 0x7f07ea3692c7: not taken
+CND+ 0x7f07ea3692d5: not taken
+CND+ 0x7f07ea3693f1: not taken
+CND+ 0x7f07ea36940c: not taken
@0x7f07ea369026 to 0x7f07ee358500 7
@0x7f07ea369030 to 0x7f07ea369036 1
@0x7f07ea369040 to 0x7f07ea369046 1
@0x7f07ea369050 to 0x7f07ea369056 1
@0x7f07ea369090 to 0x7f07ea369096 1
@0x7f07ea3690b0 to 0x7f07ea3690b6 1
@0x7f07ea3690c0 to 0x7f07ea3690c6 1
@0x7f07ea3690d0 to 0x7f07ea3690d6 1
@0x7f07ea3690e0 to 0x7f07ecebe1c0 1
@0x7f07ea369244 to 0x7f07ecea7fb0 1
@0x7f07ea369401 to 0x7f07ea369300 1
