MODULE_NAME: /usr/bin/gs
MODULE_START: 0x7f22db40f000
+B+: 0x7f22db410000 0x7f22db41000f
+B+: 0x7f22db410012 0x7f22db410016
+B+: 0x7f22db410020 0x7f22db41002b
+B+: 0x7f22db410030 0x7f22db410035
+B+: 0x7f22db410036 0x7f22db41003f
+B+: 0x7f22db410040 0x7f22db410045
+B+: 0x7f22db410046 0x7f22db41004f
+B+: 0x7f22db410050 0x7f22db410055
+B+: 0x7f22db410056 0x7f22db41005f
+B+: 0x7f22db4100b0 0x7f22db4100b5
+B+: 0x7f22db4100b6 0x7f22db4100bf
+B+: 0x7f22db4100c0 0x7f22db4100c5
+B+: 0x7f22db4100c6 0x7f22db4100cf
+B+: 0x7f22db4100e0 0x7f22db4100e5
+B+: 0x7f22db4100f0 0x7f22db410121
+B+: 0x7f22db410122 0x7f22db410127
+B+: 0x7f22db410128 0x7f22db410130
+B+: 0x7f22db410131 0x7f22db410132
+B+: 0x7f22db410133 0x7f22db410137
+B+: 0x7f22db41013d 0x7f22db410152
+B+: 0x7f22db410153 0x7f22db41015b
+B+: 0x7f22db410178 0x7f22db410183
+B+: 0x7f22db410184 0x7f22db4101a2
+B+: 0x7f22db4101a3 0x7f22db4101b1
+B+: 0x7f22db4101b2 0x7f22db4101b7
+B+: 0x7f22db4101b8 0x7f22db4101c1
+B+: 0x7f22db4101c2 0x7f22db4101c5
+B+: 0x7f22db4101c6 0x7f22db4101ca
+B+: 0x7f22db4101cb 0x7f22db4101d6
+B+: 0x7f22db4101d7 0x7f22db4101db
+B+: 0x7f22db4101dc 0x7f22db4101e0
+B+: 0x7f22db410213 0x7f22db410216
+B+: 0x7f22db410220 0x7f22db410249
+B+: 0x7f22db410250 0x7f22db410262
+B+: 0x7f22db410278 0x7f22db410278
+B+: 0x7f22db410280 0x7f22db4102a3
+B+: 0x7f22db4102b8 0x7f22db4102b8
+B+: 0x7f22db4102c0 0x7f22db4102c8
+B+: 0x7f22db4102c9 0x7f22db4102d6
+B+: 0x7f22db4102d7 0x7f22db4102e2
+B+: 0x7f22db4102e3 0x7f22db4102e7
+B+: 0x7f22db4102e8 0x7f22db4102f0
+B+: 0x7f22db410300 0x7f22db410304
+B+: 0x7f22db4103c0 0x7f22db4103ec
+B+: 0x7f22db4103ed 0x7f22db4103f2
+B+: 0x7f22db4103f3 0x7f22db410404
+B+: 0x7f22db410405 0x7f22db41040d
+B+: 0x7f22db41040e 0x7f22db41041c
+B+: 0x7f22db410424 0x7f22db41042c
+CND+ 0x7f22db41000e: taken
+CND+ 0x7f22db410126: taken
+CND+ 0x7f22db41012b: not taken
+CND+ 0x7f22db410131: not taken
+CND+ 0x7f22db410136: taken
+CND+ 0x7f22db41014d: not taken
+CND+ 0x7f22db4101b6: not taken
+CND+ 0x7f22db4101c4: not taken
+CND+ 0x7f22db4101c9: taken
+CND+ 0x7f22db4101df: taken
+CND+ 0x7f22db410261: taken
+CND+ 0x7f22db4102a2: taken
+CND+ 0x7f22db4102c7: not taken
+CND+ 0x7f22db4102d5: not taken
+CND+ 0x7f22db4103f1: not taken
+CND+ 0x7f22db41040c: not taken
@0x7f22db410026 to 0x7f22df3ff500 5
@0x7f22db410030 to 0x7f22db410036 1
@0x7f22db410040 to 0x7f22db410046 1
@0x7f22db410050 to 0x7f22db410056 1
@0x7f22db4100b0 to 0x7f22db4100b6 1
@0x7f22db4100c0 to 0x7f22db4100c6 1
@0x7f22db4100e0 to 0x7f22ddf651c0 1
@0x7f22db410244 to 0x7f22ddf4efb0 1
@0x7f22db410401 to 0x7f22db410300 1
