MODULE_NAME: /usr/bin/gs
MODULE_START: 0x7f1dbff15000
+B+: 0x7f1dbff16000 0x7f1dbff1600f
+B+: 0x7f1dbff16012 0x7f1dbff16016
+B+: 0x7f1dbff16020 0x7f1dbff1602b
+B+: 0x7f1dbff16030 0x7f1dbff16035
+B+: 0x7f1dbff16036 0x7f1dbff1603f
+B+: 0x7f1dbff16040 0x7f1dbff16045
+B+: 0x7f1dbff16046 0x7f1dbff1604f
+B+: 0x7f1dbff16050 0x7f1dbff16055
+B+: 0x7f1dbff16056 0x7f1dbff1605f
+B+: 0x7f1dbff160b0 0x7f1dbff160b5
+B+: 0x7f1dbff160b6 0x7f1dbff160bf
+B+: 0x7f1dbff160c0 0x7f1dbff160c5
+B+: 0x7f1dbff160c6 0x7f1dbff160cf
+B+: 0x7f1dbff160e0 0x7f1dbff160e5
+B+: 0x7f1dbff160f0 0x7f1dbff16121
+B+: 0x7f1dbff16122 0x7f1dbff16127
+B+: 0x7f1dbff16128 0x7f1dbff16130
+B+: 0x7f1dbff16131 0x7f1dbff16132
+B+: 0x7f1dbff16133 0x7f1dbff16137
+B+: 0x7f1dbff1613d 0x7f1dbff16152
+B+: 0x7f1dbff16153 0x7f1dbff1615b
+B+: 0x7f1dbff16178 0x7f1dbff16183
+B+: 0x7f1dbff16184 0x7f1dbff161a2
+B+: 0x7f1dbff161a3 0x7f1dbff161b1
+B+: 0x7f1dbff161b2 0x7f1dbff161b7
+B+: 0x7f1dbff161b8 0x7f1dbff161c1
+B+: 0x7f1dbff161c2 0x7f1dbff161c5
+B+: 0x7f1dbff161c6 0x7f1dbff161ca
+B+: 0x7f1dbff161cb 0x7f1dbff161d6
+B+: 0x7f1dbff161d7 0x7f1dbff161db
+B+: 0x7f1dbff161dc 0x7f1dbff161e0
+B+: 0x7f1dbff16213 0x7f1dbff16216
+B+: 0x7f1dbff16220 0x7f1dbff16249
+B+: 0x7f1dbff16250 0x7f1dbff16262
+B+: 0x7f1dbff16278 0x7f1dbff16278
+B+: 0x7f1dbff16280 0x7f1dbff162a3
+B+: 0x7f1dbff162b8 0x7f1dbff162b8
+B+: 0x7f1dbff162c0 0x7f1dbff162c8
+B+: 0x7f1dbff162c9 0x7f1dbff162d6
+B+: 0x7f1dbff162d7 0x7f1dbff162e2
+B+: 0x7f1dbff162e3 0x7f1dbff162e7
+B+: 0x7f1dbff162e8 0x7f1dbff162f0
+B+: 0x7f1dbff16300 0x7f1dbff16304
+B+: 0x7f1dbff163c0 0x7f1dbff163ec
+B+: 0x7f1dbff163ed 0x7f1dbff163f2
+B+: 0x7f1dbff163f3 0x7f1dbff16404
+B+: 0x7f1dbff16405 0x7f1dbff1640d
+B+: 0x7f1dbff1640e 0x7f1dbff1641c
+B+: 0x7f1dbff16424 0x7f1dbff1642c
+CND+ 0x7f1dbff1600e: taken
+CND+ 0x7f1dbff16126: taken
+CND+ 0x7f1dbff1612b: not taken
+CND+ 0x7f1dbff16131: not taken
+CND+ 0x7f1dbff16136: taken
+CND+ 0x7f1dbff1614d: not taken
+CND+ 0x7f1dbff161b6: not taken
+CND+ 0x7f1dbff161c4: not taken
+CND+ 0x7f1dbff161c9: taken
+CND+ 0x7f1dbff161df: taken
+CND+ 0x7f1dbff16261: taken
+CND+ 0x7f1dbff162a2: taken
+CND+ 0x7f1dbff162c7: not taken
+CND+ 0x7f1dbff162d5: not taken
+CND+ 0x7f1dbff163f1: not taken
+CND+ 0x7f1dbff1640c: not taken
@0x7f1dbff16026 to 0x7f1dc3f05500 5
@0x7f1dbff16030 to 0x7f1dbff16036 1
@0x7f1dbff16040 to 0x7f1dbff16046 1
@0x7f1dbff16050 to 0x7f1dbff16056 1
@0x7f1dbff160b0 to 0x7f1dbff160b6 1
@0x7f1dbff160c0 to 0x7f1dbff160c6 1
@0x7f1dbff160e0 to 0x7f1dc2a6b1c0 1
@0x7f1dbff16244 to 0x7f1dc2a54fb0 1
@0x7f1dbff16401 to 0x7f1dbff16300 1
