MODULE_NAME: /usr/bin/gs
MODULE_START: 0x7ff421482000
+B+: 0x7ff421483000 0x7ff42148300f
+B+: 0x7ff421483012 0x7ff421483016
+B+: 0x7ff421483020 0x7ff42148302b
+B+: 0x7ff421483030 0x7ff421483035
+B+: 0x7ff421483036 0x7ff42148303f
+B+: 0x7ff421483040 0x7ff421483045
+B+: 0x7ff421483046 0x7ff42148304f
+B+: 0x7ff421483050 0x7ff421483055
+B+: 0x7ff421483056 0x7ff42148305f
+B+: 0x7ff421483090 0x7ff421483095
+B+: 0x7ff421483096 0x7ff42148309f
+B+: 0x7ff4214830b0 0x7ff4214830b5
+B+: 0x7ff4214830b6 0x7ff4214830bf
+B+: 0x7ff4214830c0 0x7ff4214830c5
+B+: 0x7ff4214830c6 0x7ff4214830cf
+B+: 0x7ff4214830d0 0x7ff4214830d5
+B+: 0x7ff4214830d6 0x7ff4214830df
+B+: 0x7ff4214830e0 0x7ff4214830e5
+B+: 0x7ff4214830f0 0x7ff421483121
+B+: 0x7ff421483122 0x7ff421483127
+B+: 0x7ff421483128 0x7ff421483130
+B+: 0x7ff421483131 0x7ff421483132
+B+: 0x7ff421483133 0x7ff421483137
+B+: 0x7ff421483138 0x7ff421483152
+B+: 0x7ff421483153 0x7ff42148315b
+B+: 0x7ff421483184 0x7ff4214831a2
+B+: 0x7ff4214831a3 0x7ff4214831b1
+B+: 0x7ff4214831b2 0x7ff4214831b7
+B+: 0x7ff4214831b8 0x7ff4214831c1
+B+: 0x7ff4214831c2 0x7ff4214831c5
+B+: 0x7ff4214831c6 0x7ff4214831ca
+B+: 0x7ff4214831cb 0x7ff4214831d6
+B+: 0x7ff4214831d7 0x7ff4214831db
+B+: 0x7ff421483220 0x7ff421483249
+B+: 0x7ff421483250 0x7ff421483262
+B+: 0x7ff421483278 0x7ff421483278
+B+: 0x7ff421483280 0x7ff4214832a3
+B+: 0x7ff4214832b8 0x7ff4214832b8
+B+: 0x7ff4214832c0 0x7ff4214832c8
+B+: 0x7ff4214832c9 0x7ff4214832d6
+B+: 0x7ff4214832d7 0x7ff4214832e2
+B+: 0x7ff4214832e3 0x7ff4214832e7
+B+: 0x7ff4214832e8 0x7ff4214832f0
+B+: 0x7ff421483300 0x7ff421483304
+B+: 0x7ff421483350 0x7ff421483373
+B+: 0x7ff421483374 0x7ff42148337c
+B+: 0x7ff42148337d 0x7ff421483385
+B+: 0x7ff4214833c0 0x7ff4214833ec
+B+: 0x7ff4214833ed 0x7ff4214833f2
+B+: 0x7ff4214833f3 0x7ff421483404
+B+: 0x7ff421483405 0x7ff42148340d
+B+: 0x7ff42148340e 0x7ff42148341c
+B+: 0x7ff421483424 0x7ff42148342c
+CND+ 0x7ff42148300e: taken
+CND+ 0x7ff421483126: taken
+CND+ 0x7ff42148312b: not taken
+CND+ 0x7ff421483131: not taken
+CND+ 0x7ff421483136: not taken
+CND+ 0x7ff42148314d: not taken
+CND+ 0x7ff4214831b6: not taken
+CND+ 0x7ff4214831c4: not taken
+CND+ 0x7ff4214831c9: not taken
+CND+ 0x7ff421483261: taken
+CND+ 0x7ff4214832a2: taken
+CND+ 0x7ff4214832c7: not taken
+CND+ 0x7ff4214832d5: not taken
+CND+ 0x7ff4214833f1: not taken
+CND+ 0x7ff42148340c: not taken
@0x7ff421483026 to 0x7ff425472500 7
@0x7ff421483030 to 0x7ff421483036 1
@0x7ff421483040 to 0x7ff421483046 1
@0x7ff421483050 to 0x7ff421483056 1
@0x7ff421483090 to 0x7ff421483096 1
@0x7ff4214830b0 to 0x7ff4214830b6 1
@0x7ff4214830c0 to 0x7ff4214830c6 1
@0x7ff4214830d0 to 0x7ff4214830d6 1
@0x7ff4214830e0 to 0x7ff423fd81c0 1
@0x7ff421483244 to 0x7ff423fc1fb0 1
@0x7ff421483401 to 0x7ff421483300 1
