MODULE_NAME: /usr/bin/gs
MODULE_START: 0x7f0f049d2000
+B+: 0x7f0f049d3000 0x7f0f049d300f
+B+: 0x7f0f049d3012 0x7f0f049d3016
+B+: 0x7f0f049d3020 0x7f0f049d302b
+B+: 0x7f0f049d3030 0x7f0f049d3035
+B+: 0x7f0f049d3036 0x7f0f049d303f
+B+: 0x7f0f049d3040 0x7f0f049d3045
+B+: 0x7f0f049d3046 0x7f0f049d304f
+B+: 0x7f0f049d3050 0x7f0f049d3055
+B+: 0x7f0f049d3056 0x7f0f049d305f
+B+: 0x7f0f049d30b0 0x7f0f049d30b5
+B+: 0x7f0f049d30b6 0x7f0f049d30bf
+B+: 0x7f0f049d30c0 0x7f0f049d30c5
+B+: 0x7f0f049d30c6 0x7f0f049d30cf
+B+: 0x7f0f049d30e0 0x7f0f049d30e5
+B+: 0x7f0f049d30f0 0x7f0f049d3121
+B+: 0x7f0f049d3122 0x7f0f049d3127
+B+: 0x7f0f049d3128 0x7f0f049d3130
+B+: 0x7f0f049d3131 0x7f0f049d3132
+B+: 0x7f0f049d3133 0x7f0f049d3137
+B+: 0x7f0f049d313d 0x7f0f049d3152
+B+: 0x7f0f049d3153 0x7f0f049d315b
+B+: 0x7f0f049d3178 0x7f0f049d3183
+B+: 0x7f0f049d3184 0x7f0f049d31a2
+B+: 0x7f0f049d31a3 0x7f0f049d31b1
+B+: 0x7f0f049d31b2 0x7f0f049d31b7
+B+: 0x7f0f049d31b8 0x7f0f049d31c1
+B+: 0x7f0f049d31c2 0x7f0f049d31c5
+B+: 0x7f0f049d31c6 0x7f0f049d31ca
+B+: 0x7f0f049d31cb 0x7f0f049d31d6
+B+: 0x7f0f049d31d7 0x7f0f049d31db
+B+: 0x7f0f049d31dc 0x7f0f049d31e0
+B+: 0x7f0f049d3213 0x7f0f049d3216
+B+: 0x7f0f049d3220 0x7f0f049d3249
+B+: 0x7f0f049d3250 0x7f0f049d3262
+B+: 0x7f0f049d3278 0x7f0f049d3278
+B+: 0x7f0f049d3280 0x7f0f049d32a3
+B+: 0x7f0f049d32b8 0x7f0f049d32b8
+B+: 0x7f0f049d32c0 0x7f0f049d32c8
+B+: 0x7f0f049d32c9 0x7f0f049d32d6
+B+: 0x7f0f049d32d7 0x7f0f049d32e2
+B+: 0x7f0f049d32e3 0x7f0f049d32e7
+B+: 0x7f0f049d32e8 0x7f0f049d32f0
+B+: 0x7f0f049d3300 0x7f0f049d3304
+B+: 0x7f0f049d33c0 0x7f0f049d33ec
+B+: 0x7f0f049d33ed 0x7f0f049d33f2
+B+: 0x7f0f049d33f3 0x7f0f049d3404
+B+: 0x7f0f049d3405 0x7f0f049d340d
+B+: 0x7f0f049d340e 0x7f0f049d341c
+B+: 0x7f0f049d3424 0x7f0f049d342c
+CND+ 0x7f0f049d300e: taken
+CND+ 0x7f0f049d3126: taken
+CND+ 0x7f0f049d312b: not taken
+CND+ 0x7f0f049d3131: not taken
+CND+ 0x7f0f049d3136: taken
+CND+ 0x7f0f049d314d: not taken
+CND+ 0x7f0f049d31b6: not taken
+CND+ 0x7f0f049d31c4: not taken
+CND+ 0x7f0f049d31c9: taken
+CND+ 0x7f0f049d31df: taken
+CND+ 0x7f0f049d3261: taken
+CND+ 0x7f0f049d32a2: taken
+CND+ 0x7f0f049d32c7: not taken
+CND+ 0x7f0f049d32d5: not taken
+CND+ 0x7f0f049d33f1: not taken
+CND+ 0x7f0f049d340c: not taken
@0x7f0f049d3026 to 0x7f0f089c2500 5
@0x7f0f049d3030 to 0x7f0f049d3036 1
@0x7f0f049d3040 to 0x7f0f049d3046 1
@0x7f0f049d3050 to 0x7f0f049d3056 1
@0x7f0f049d30b0 to 0x7f0f049d30b6 1
@0x7f0f049d30c0 to 0x7f0f049d30c6 1
@0x7f0f049d30e0 to 0x7f0f075281c0 1
@0x7f0f049d3244 to 0x7f0f07511fb0 1
@0x7f0f049d3401 to 0x7f0f049d3300 1
