MODULE_NAME: /bin/dash
MODULE_START: 0x7f4e64a97000
+B+: 0x7f4e64a9b000 0x7f4e64a9b00f
+B+: 0x7f4e64a9b012 0x7f4e64a9b016
+B+: 0x7f4e64a9b050 0x7f4e64a9b055
+B+: 0x7f4e64a9b080 0x7f4e64a9b085
+B+: 0x7f4e64a9b090 0x7f4e64a9b095
+B+: 0x7f4e64a9b0a0 0x7f4e64a9b0a5
+B+: 0x7f4e64a9b0d0 0x7f4e64a9b0d5
+B+: 0x7f4e64a9b0f0 0x7f4e64a9b0f5
+B+: 0x7f4e64a9b130 0x7f4e64a9b135
+B+: 0x7f4e64a9b140 0x7f4e64a9b145
+B+: 0x7f4e64a9b150 0x7f4e64a9b155
+B+: 0x7f4e64a9b160 0x7f4e64a9b165
+B+: 0x7f4e64a9b190 0x7f4e64a9b195
+B+: 0x7f4e64a9b1c0 0x7f4e64a9b1c5
+B+: 0x7f4e64a9b1e0 0x7f4e64a9b1e5
+B+: 0x7f4e64a9b220 0x7f4e64a9b225
+B+: 0x7f4e64a9b230 0x7f4e64a9b235
+B+: 0x7f4e64a9b280 0x7f4e64a9b285
+B+: 0x7f4e64a9b2a0 0x7f4e64a9b2a5
+B+: 0x7f4e64a9b2d0 0x7f4e64a9b2d5
+B+: 0x7f4e64a9b320 0x7f4e64a9b325
+B+: 0x7f4e64a9b330 0x7f4e64a9b335
+B+: 0x7f4e64a9b350 0x7f4e64a9b355
+B+: 0x7f4e64a9b370 0x7f4e64a9b375
+B+: 0x7f4e64a9b390 0x7f4e64a9b395
+B+: 0x7f4e64a9b3b0 0x7f4e64a9b3b5
+B+: 0x7f4e64a9b3c0 0x7f4e64a9b3c5
+B+: 0x7f4e64a9b3e0 0x7f4e64a9b3e5
+B+: 0x7f4e64a9b410 0x7f4e64a9b415
+B+: 0x7f4e64a9b460 0x7f4e64a9b465
+B+: 0x7f4e64a9b510 0x7f4e64a9b515
+B+: 0x7f4e64a9b560 0x7f4e64a9b565
+B+: 0x7f4e64a9b570 0x7f4e64a9b575
+B+: 0x7f4e64a9b590 0x7f4e64a9b5b8
+B+: 0x7f4e64a9b5b9 0x7f4e64a9b5c4
+B+: 0x7f4e64a9b5c5 0x7f4e64a9b5cf
+B+: 0x7f4e64a9b5d0 0x7f4e64a9b5e7
+B+: 0x7f4e64a9b5e8 0x7f4e64a9b5ef
+B+: 0x7f4e64a9b5f0 0x7f4e64a9b600
+B+: 0x7f4e64a9b601 0x7f4e64a9b60b
+B+: 0x7f4e64a9b60c 0x7f4e64a9b615
+B+: 0x7f4e64a9b616 0x7f4e64a9b623
+B+: 0x7f4e64a9b624 0x7f4e64a9b62b
+B+: 0x7f4e64a9b62c 0x7f4e64a9b63c
+B+: 0x7f4e64a9b657 0x7f4e64a9b660
+B+: 0x7f4e64a9b661 0x7f4e64a9b678
+B+: 0x7f4e64a9b679 0x7f4e64a9b67f
+B+: 0x7f4e64a9b680 0x7f4e64a9b68c
+B+: 0x7f4e64a9b68d 0x7f4e64a9b696
+B+: 0x7f4e64a9b697 0x7f4e64a9b69b
+B+: 0x7f4e64a9b760 0x7f4e64a9b789
+B+: 0x7f4e64a9b7c0 0x7f4e64a9b7e3
+B+: 0x7f4e64a9b7f8 0x7f4e64a9b7f8
+B+: 0x7f4e64a9b840 0x7f4e64a9b844
+B+: 0x7f4e64a9b850 0x7f4e64a9b863
+B+: 0x7f4e64a9b864 0x7f4e64a9b86f
+B+: 0x7f4e64a9b870 0x7f4e64a9b87d
+B+: 0x7f4e64a9b87e 0x7f4e64a9b8aa
+B+: 0x7f4e64a9b8ab 0x7f4e64a9b8ac
+B+: 0x7f4e64a9b8cb 0x7f4e64a9b8d2
+B+: 0x7f4e64a9ba50 0x7f4e64a9ba57
+B+: 0x7f4e64a9ba58 0x7f4e64a9ba5e
+B+: 0x7f4e64a9ba5f 0x7f4e64a9ba63
+B+: 0x7f4e64a9ba71 0x7f4e64a9ba72
+B+: 0x7f4e64a9c6d0 0x7f4e64a9c6eb
+B+: 0x7f4e64a9c6ec 0x7f4e64a9c705
+B+: 0x7f4e64a9c717 0x7f4e64a9c71b
+B+: 0x7f4e64a9c71c 0x7f4e64a9c720
+B+: 0x7f4e64a9c72c 0x7f4e64a9c730
+B+: 0x7f4e64a9c73e 0x7f4e64a9c74d
+B+: 0x7f4e64a9c74e 0x7f4e64a9c757
+B+: 0x7f4e64a9c758 0x7f4e64a9c775
+B+: 0x7f4e64a9c780 0x7f4e64a9c788
+B+: 0x7f4e64a9c789 0x7f4e64a9c790
+B+: 0x7f4e64a9c791 0x7f4e64a9c79c
+B+: 0x7f4e64a9d060 0x7f4e64a9d07e
+B+: 0x7f4e64a9d10d 0x7f4e64a9d11c
+B+: 0x7f4e64a9d11d 0x7f4e64a9d123
+B+: 0x7f4e64a9d140 0x7f4e64a9d14a
+B+: 0x7f4e64a9d14b 0x7f4e64a9d152
+B+: 0x7f4e64a9d153 0x7f4e64a9d15d
+B+: 0x7f4e64a9d15e 0x7f4e64a9d16f
+B+: 0x7f4e64a9d188 0x7f4e64a9d18c
+B+: 0x7f4e64a9d18d 0x7f4e64a9d191
+B+: 0x7f4e64a9d192 0x7f4e64a9d19c
+B+: 0x7f4e64a9d1a7 0x7f4e64a9d1ad
+B+: 0x7f4e64a9d1ae 0x7f4e64a9d1b5
+B+: 0x7f4e64a9d1c0 0x7f4e64a9d1cf
+B+: 0x7f4e64a9dbc0 0x7f4e64a9dbfa
+B+: 0x7f4e64a9dbfb 0x7f4e64a9dc07
+B+: 0x7f4e64a9dc08 0x7f4e64a9dc0f
+B+: 0x7f4e64a9dc10 0x7f4e64a9dc11
+B+: 0x7f4e64a9dc18 0x7f4e64a9dc21
+B+: 0x7f4e64a9dc22 0x7f4e64a9dc2e
+B+: 0x7f4e64a9dc32 0x7f4e64a9dc39
+B+: 0x7f4e64a9dc3a 0x7f4e64a9dc49
+B+: 0x7f4e64a9dc4a 0x7f4e64a9dc51
+B+: 0x7f4e64a9dc52 0x7f4e64a9dc58
+B+: 0x7f4e64a9dc59 0x7f4e64a9dc60
+B+: 0x7f4e64a9dc61 0x7f4e64a9dc68
+B+: 0x7f4e64a9dc69 0x7f4e64a9dc6d
+B+: 0x7f4e64a9dc6e 0x7f4e64a9dc77
+B+: 0x7f4e64a9dc78 0x7f4e64a9dc89
+B+: 0x7f4e64a9dc8a 0x7f4e64a9dc98
+B+: 0x7f4e64a9de90 0x7f4e64a9ded3
+B+: 0x7f4e64a9dedf 0x7f4e64a9def5
+B+: 0x7f4e64a9def6 0x7f4e64a9defa
+B+: 0x7f4e64a9defb 0x7f4e64a9df5a
+B+: 0x7f4e64a9df5b 0x7f4e64a9df67
+B+: 0x7f4e64a9df68 0x7f4e64a9df77
+B+: 0x7f4e64a9df78 0x7f4e64a9df7f
+B+: 0x7f4e64a9df80 0x7f4e64a9df8b
+B+: 0x7f4e64a9df8c 0x7f4e64a9df94
+B+: 0x7f4e64a9df95 0x7f4e64a9df9b
+B+: 0x7f4e64a9dfa0 0x7f4e64a9dfaf
+B+: 0x7f4e64a9dfb0 0x7f4e64a9dfc5
+B+: 0x7f4e64a9dfc6 0x7f4e64a9dfcf
+B+: 0x7f4e64a9dfd0 0x7f4e64a9dfe3
+B+: 0x7f4e64a9dfe4 0x7f4e64a9dffc
+B+: 0x7f4e64a9e019 0x7f4e64a9e02b
+B+: 0x7f4e64a9e02c 0x7f4e64a9e034
+B+: 0x7f4e64a9e035 0x7f4e64a9e047
+B+: 0x7f4e64a9e048 0x7f4e64a9e05b
+B+: 0x7f4e64a9e0a8 0x7f4e64a9e0b4
+B+: 0x7f4e64a9e0b5 0x7f4e64a9e0b9
+B+: 0x7f4e64a9e0db 0x7f4e64a9e0e1
+B+: 0x7f4e64a9e0f0 0x7f4e64a9e103
+B+: 0x7f4e64a9e104 0x7f4e64a9e113
+B+: 0x7f4e64a9e114 0x7f4e64a9e11b
+B+: 0x7f4e64a9e11c 0x7f4e64a9e122
+B+: 0x7f4e64a9e123 0x7f4e64a9e152
+B+: 0x7f4e64a9e153 0x7f4e64a9e15f
+B+: 0x7f4e64a9e160 0x7f4e64a9e168
+B+: 0x7f4e64a9e216 0x7f4e64a9e21c
+B+: 0x7f4e64a9e224 0x7f4e64a9e22d
+B+: 0x7f4e64a9e22e 0x7f4e64a9e237
+B+: 0x7f4e64a9e238 0x7f4e64a9e241
+B+: 0x7f4e64a9e242 0x7f4e64a9e24b
+B+: 0x7f4e64a9e25d 0x7f4e64a9e266
+B+: 0x7f4e64a9e267 0x7f4e64a9e281
+B+: 0x7f4e64a9e282 0x7f4e64a9e293
+B+: 0x7f4e64a9e34c 0x7f4e64a9e353
+B+: 0x7f4e64a9e354 0x7f4e64a9e36f
+B+: 0x7f4e64a9e51b 0x7f4e64a9e525
+B+: 0x7f4e64a9e526 0x7f4e64a9e52e
+B+: 0x7f4e64a9e52f 0x7f4e64a9e537
+B+: 0x7f4e64a9e8d0 0x7f4e64a9e8ec
+B+: 0x7f4e64a9e8ed 0x7f4e64a9e8f1
+B+: 0x7f4e64a9e8f8 0x7f4e64a9e8fa
+B+: 0x7f4e64a9e8fb 0x7f4e64a9e907
+B+: 0x7f4e64a9e908 0x7f4e64a9e93e
+B+: 0x7f4e64a9e93f 0x7f4e64a9e940
+B+: 0x7f4e64a9e963 0x7f4e64a9e977
+B+: 0x7f4e64a9e980 0x7f4e64a9e986
+B+: 0x7f4e64a9e987 0x7f4e64a9e98e
+B+: 0x7f4e64a9e98f 0x7f4e64a9e997
+B+: 0x7f4e64a9e998 0x7f4e64a9e9ba
+B+: 0x7f4e64a9e9bb 0x7f4e64a9e9bc
+B+: 0x7f4e64a9e9c0 0x7f4e64a9e9e7
+B+: 0x7f4e64a9e9e8 0x7f4e64a9e9f7
+B+: 0x7f4e64a9ea19 0x7f4e64a9ea21
+B+: 0x7f4e64a9ea22 0x7f4e64a9ea2a
+B+: 0x7f4e64a9ea2b 0x7f4e64a9ea34
+B+: 0x7f4e64a9ea35 0x7f4e64a9ea3f
+B+: 0x7f4e64a9ead0 0x7f4e64a9eae9
+B+: 0x7f4e64a9eaea 0x7f4e64a9eb00
+B+: 0x7f4e64a9eb10 0x7f4e64a9eb1f
+B+: 0x7f4e64a9eb20 0x7f4e64a9eb2b
+B+: 0x7f4e64a9eb2c 0x7f4e64a9eb31
+B+: 0x7f4e64a9eb32 0x7f4e64a9eb41
+B+: 0x7f4e64a9eb56 0x7f4e64a9eb61
+B+: 0x7f4e64a9eb62 0x7f4e64a9eb6f
+B+: 0x7f4e64a9eb70 0x7f4e64a9eb85
+B+: 0x7f4e64a9eb86 0x7f4e64a9eb97
+B+: 0x7f4e64a9eb98 0x7f4e64a9ebc0
+B+: 0x7f4e64a9ebc8 0x7f4e64a9ebcc
+B+: 0x7f4e64a9ebcd 0x7f4e64a9ebea
+B+: 0x7f4e64a9ed70 0x7f4e64a9ed98
+B+: 0x7f4e64a9eda0 0x7f4e64a9eda1
+B+: 0x7f4e64a9eda2 0x7f4e64a9edaa
+B+: 0x7f4e64a9edab 0x7f4e64a9edc5
+B+: 0x7f4e64a9edc6 0x7f4e64a9edc9
+B+: 0x7f4e64a9edca 0x7f4e64a9edd1
+B+: 0x7f4e64a9edd2 0x7f4e64a9ede6
+B+: 0x7f4e64a9edf0 0x7f4e64a9ee2a
+B+: 0x7f4e64a9ee2b 0x7f4e64a9ee2f
+B+: 0x7f4e64a9ee46 0x7f4e64a9ee5c
+B+: 0x7f4e64a9ee5d 0x7f4e64a9ee6e
+B+: 0x7f4e64a9ee90 0x7f4e64a9eead
+B+: 0x7f4e64a9eec8 0x7f4e64a9eed1
+B+: 0x7f4e64a9eed2 0x7f4e64a9eedd
+B+: 0x7f4e64a9ef6c 0x7f4e64a9ef8f
+B+: 0x7f4e64a9ef90 0x7f4e64a9ef9c
+B+: 0x7f4e64a9ef9d 0x7f4e64a9efa8
+B+: 0x7f4e64a9efa9 0x7f4e64a9efb0
+B+: 0x7f4e64a9efb1 0x7f4e64a9efc5
+B+: 0x7f4e64a9f008 0x7f4e64a9f012
+B+: 0x7f4e64a9f013 0x7f4e64a9f01e
+B+: 0x7f4e64a9f01f 0x7f4e64a9f02e
+B+: 0x7f4e64a9f060 0x7f4e64a9f066
+B+: 0x7f4e64a9f067 0x7f4e64a9f074
+B+: 0x7f4e64a9f075 0x7f4e64a9f086
+B+: 0x7f4e64a9f087 0x7f4e64a9f08e
+B+: 0x7f4e64a9f08f 0x7f4e64a9f0a2
+B+: 0x7f4e64a9f0a3 0x7f4e64a9f0b0
+B+: 0x7f4e64a9f100 0x7f4e64a9f116
+B+: 0x7f4e64a9f145 0x7f4e64a9f14d
+B+: 0x7f4e64a9f14e 0x7f4e64a9f157
+B+: 0x7f4e64a9f160 0x7f4e64a9f166
+B+: 0x7f4e64a9f1c0 0x7f4e64a9f1d1
+B+: 0x7f4e64a9f1e8 0x7f4e64a9f1ef
+B+: 0x7f4e64a9f248 0x7f4e64a9f25b
+B+: 0x7f4e64a9f25c 0x7f4e64a9f271
+B+: 0x7f4e64a9f7d0 0x7f4e64a9f7ff
+B+: 0x7f4e64a9f80f 0x7f4e64a9f812
+B+: 0x7f4e64a9f813 0x7f4e64a9f81c
+B+: 0x7f4e64a9f81d 0x7f4e64a9f820
+B+: 0x7f4e64a9f821 0x7f4e64a9f82f
+B+: 0x7f4e64a9f830 0x7f4e64a9f83a
+B+: 0x7f4e64a9f84f 0x7f4e64a9f85a
+B+: 0x7f4e64a9f85f 0x7f4e64a9f862
+B+: 0x7f4e64a9f870 0x7f4e64a9f877
+B+: 0x7f4e64a9f878 0x7f4e64a9f88d
+B+: 0x7f4e64aa0440 0x7f4e64aa0464
+B+: 0x7f4e64aa061e 0x7f4e64aa0627
+B+: 0x7f4e64aa0628 0x7f4e64aa0631
+B+: 0x7f4e64aa0632 0x7f4e64aa0659
+B+: 0x7f4e64aa06af 0x7f4e64aa06bc
+B+: 0x7f4e64aa06c0 0x7f4e64aa06cb
+B+: 0x7f4e64aa0730 0x7f4e64aa073b
+B+: 0x7f4e64aa0740 0x7f4e64aa075e
+B+: 0x7f4e64aa075f 0x7f4e64aa0767
+B+: 0x7f4e64aa07d2 0x7f4e64aa07e3
+B+: 0x7f4e64aa08a0 0x7f4e64aa08a7
+B+: 0x7f4e64aa1260 0x7f4e64aa12a5
+B+: 0x7f4e64aa12b5 0x7f4e64aa12be
+B+: 0x7f4e64aa12bf 0x7f4e64aa12d2
+B+: 0x7f4e64aa12d3 0x7f4e64aa12fc
+B+: 0x7f4e64aa12fd 0x7f4e64aa1310
+B+: 0x7f4e64aa1324 0x7f4e64aa1328
+B+: 0x7f4e64aa1336 0x7f4e64aa133f
+B+: 0x7f4e64aa1340 0x7f4e64aa1344
+B+: 0x7f4e64aa1370 0x7f4e64aa1386
+B+: 0x7f4e64aa1387 0x7f4e64aa1398
+B+: 0x7f4e64aa13a0 0x7f4e64aa13b6
+B+: 0x7f4e64aa13b7 0x7f4e64aa13d7
+B+: 0x7f4e64aa13dd 0x7f4e64aa13ec
+B+: 0x7f4e64aa1850 0x7f4e64aa1886
+B+: 0x7f4e64aa1887 0x7f4e64aa189a
+B+: 0x7f4e64aa189b 0x7f4e64aa18ad
+B+: 0x7f4e64aa18ae 0x7f4e64aa18c4
+B+: 0x7f4e64aa18c5 0x7f4e64aa18d7
+B+: 0x7f4e64aa18d8 0x7f4e64aa18e7
+B+: 0x7f4e64aa18e8 0x7f4e64aa190c
+B+: 0x7f4e64aa190d 0x7f4e64aa1915
+B+: 0x7f4e64aa1924 0x7f4e64aa1933
+B+: 0x7f4e64aa1934 0x7f4e64aa1947
+B+: 0x7f4e64aa1948 0x7f4e64aa1954
+B+: 0x7f4e64aa1955 0x7f4e64aa195f
+B+: 0x7f4e64aa1960 0x7f4e64aa1964
+B+: 0x7f4e64aa1a6a 0x7f4e64aa1a7c
+B+: 0x7f4e64aa1a7d 0x7f4e64aa1a9c
+B+: 0x7f4e64aa1ba0 0x7f4e64aa1bad
+B+: 0x7f4e64aa1bae 0x7f4e64aa1be1
+B+: 0x7f4e64aa1bf0 0x7f4e64aa1bfb
+B+: 0x7f4e64aa1db0 0x7f4e64aa1dbd
+B+: 0x7f4e64aa1dbe 0x7f4e64aa1dca
+B+: 0x7f4e64aa1dcb 0x7f4e64aa1de3
+B+: 0x7f4e64aa1de8 0x7f4e64aa1df4
+B+: 0x7f4e64aa1df8 0x7f4e64aa1e04
+B+: 0x7f4e64aa1e05 0x7f4e64aa1e12
+B+: 0x7f4e64aa1e13 0x7f4e64aa1e1d
+B+: 0x7f4e64aa1eb4 0x7f4e64aa1ec1
+B+: 0x7f4e64aa2160 0x7f4e64aa2174
+B+: 0x7f4e64aa2175 0x7f4e64aa2187
+B+: 0x7f4e64aa2188 0x7f4e64aa21a2
+B+: 0x7f4e64aa21a3 0x7f4e64aa21ac
+B+: 0x7f4e64aa21ad 0x7f4e64aa21b3
+B+: 0x7f4e64aa21d0 0x7f4e64aa21e5
+B+: 0x7f4e64aa21eb 0x7f4e64aa21f3
+B+: 0x7f4e64aa2205 0x7f4e64aa220b
+B+: 0x7f4e64aa220c 0x7f4e64aa221d
+B+: 0x7f4e64aa221e 0x7f4e64aa2226
+B+: 0x7f4e64aa2227 0x7f4e64aa2230
+B+: 0x7f4e64aa2231 0x7f4e64aa2232
+B+: 0x7f4e64aa2240 0x7f4e64aa2248
+B+: 0x7f4e64aa2260 0x7f4e64aa2260
+B+: 0x7f4e64aa2520 0x7f4e64aa2534
+B+: 0x7f4e64aa2572 0x7f4e64aa2578
+B+: 0x7f4e64aa2580 0x7f4e64aa2583
+B+: 0x7f4e64aa2610 0x7f4e64aa2656
+B+: 0x7f4e64aa265b 0x7f4e64aa2686
+B+: 0x7f4e64aa2687 0x7f4e64aa269d
+B+: 0x7f4e64aa26fc 0x7f4e64aa2708
+B+: 0x7f4e64aa2709 0x7f4e64aa2711
+B+: 0x7f4e64aa2712 0x7f4e64aa272a
+B+: 0x7f4e64aa272b 0x7f4e64aa273c
+B+: 0x7f4e64aa2740 0x7f4e64aa2747
+B+: 0x7f4e64aa2748 0x7f4e64aa275f
+B+: 0x7f4e64aa2760 0x7f4e64aa2766
+B+: 0x7f4e64aa2767 0x7f4e64aa2780
+B+: 0x7f4e64aa2790 0x7f4e64aa2793
+B+: 0x7f4e64aa2794 0x7f4e64aa2798
+B+: 0x7f4e64aa27a2 0x7f4e64aa27aa
+B+: 0x7f4e64aa27ab 0x7f4e64aa27ae
+B+: 0x7f4e64aa27af 0x7f4e64aa27bd
+B+: 0x7f4e64aa27cb 0x7f4e64aa27d3
+B+: 0x7f4e64aa2825 0x7f4e64aa2841
+B+: 0x7f4e64aa2842 0x7f4e64aa284d
+B+: 0x7f4e64aa287e 0x7f4e64aa288e
+B+: 0x7f4e64aa288f 0x7f4e64aa28a0
+B+: 0x7f4e64aa28a1 0x7f4e64aa28ad
+B+: 0x7f4e64aa2c10 0x7f4e64aa2c30
+B+: 0x7f4e64aa2c31 0x7f4e64aa2c58
+B+: 0x7f4e64aa2c5e 0x7f4e64aa2c66
+B+: 0x7f4e64aa2c67 0x7f4e64aa2c6f
+B+: 0x7f4e64aa2c78 0x7f4e64aa2c87
+B+: 0x7f4e64aa2c88 0x7f4e64aa2c89
+B+: 0x7f4e64aa2ca0 0x7f4e64aa2caf
+B+: 0x7f4e64aa2cba 0x7f4e64aa2cc4
+B+: 0x7f4e64aa2ce0 0x7f4e64aa2ce8
+B+: 0x7f4e64aa3360 0x7f4e64aa336b
+B+: 0x7f4e64aa3480 0x7f4e64aa3480
+B+: 0x7f4e64aa39c0 0x7f4e64aa39db
+B+: 0x7f4e64aa3a16 0x7f4e64aa3a32
+B+: 0x7f4e64aa3a33 0x7f4e64aa3a52
+B+: 0x7f4e64aa3a63 0x7f4e64aa3a6a
+B+: 0x7f4e64aa3a90 0x7f4e64aa3aa6
+B+: 0x7f4e64aa3aa7 0x7f4e64aa3aae
+B+: 0x7f4e64aa3aaf 0x7f4e64aa3ab6
+B+: 0x7f4e64aa3af6 0x7f4e64aa3b01
+B+: 0x7f4e64aa3b0c 0x7f4e64aa3b34
+B+: 0x7f4e64aa3b40 0x7f4e64aa3b57
+B+: 0x7f4e64aa3b58 0x7f4e64aa3b5f
+B+: 0x7f4e64aa3b60 0x7f4e64aa3b67
+B+: 0x7f4e64aa3b68 0x7f4e64aa3b70
+B+: 0x7f4e64aa3b71 0x7f4e64aa3b7a
+B+: 0x7f4e64aa3b7b 0x7f4e64aa3b80
+B+: 0x7f4e64aa3b97 0x7f4e64aa3b9c
+B+: 0x7f4e64aa3c0a 0x7f4e64aa3c3d
+B+: 0x7f4e64aa3c47 0x7f4e64aa3c53
+B+: 0x7f4e64aa3ed0 0x7f4e64aa3ede
+B+: 0x7f4e64aa3edf 0x7f4e64aa3ee7
+B+: 0x7f4e64aa3ee8 0x7f4e64aa3efc
+B+: 0x7f4e64aa3efd 0x7f4e64aa3f02
+B+: 0x7f4e64aa3f03 0x7f4e64aa3f1b
+B+: 0x7f4e64aa3f1c 0x7f4e64aa3f21
+B+: 0x7f4e64aa3f22 0x7f4e64aa3f2b
+B+: 0x7f4e64aa3fc0 0x7f4e64aa3fc7
+B+: 0x7f4e64aa3fc8 0x7f4e64aa3fd0
+B+: 0x7f4e64aa4760 0x7f4e64aa4768
+B+: 0x7f4e64aa4769 0x7f4e64aa476d
+B+: 0x7f4e64aa476e 0x7f4e64aa4772
+B+: 0x7f4e64aa4780 0x7f4e64aa4788
+B+: 0x7f4e64aa4789 0x7f4e64aa478d
+B+: 0x7f4e64aa478e 0x7f4e64aa4792
+B+: 0x7f4e64aa47c0 0x7f4e64aa47d9
+B+: 0x7f4e64aa47da 0x7f4e64aa47e6
+B+: 0x7f4e64aa47f7 0x7f4e64aa4802
+B+: 0x7f4e64aa4803 0x7f4e64aa480b
+B+: 0x7f4e64aa480c 0x7f4e64aa4841
+B+: 0x7f4e64aa4842 0x7f4e64aa484b
+B+: 0x7f4e64aa484c 0x7f4e64aa4852
+B+: 0x7f4e64aa4853 0x7f4e64aa4875
+B+: 0x7f4e64aa4880 0x7f4e64aa488e
+B+: 0x7f4e64aa48b0 0x7f4e64aa48c8
+B+: 0x7f4e64aa4900 0x7f4e64aa4941
+B+: 0x7f4e64aa4950 0x7f4e64aa4966
+B+: 0x7f4e64aa4967 0x7f4e64aa497e
+B+: 0x7f4e64aa497f 0x7f4e64aa498a
+B+: 0x7f4e64aa498b 0x7f4e64aa49b3
+B+: 0x7f4e64aa49b4 0x7f4e64aa49bd
+B+: 0x7f4e64aa49be 0x7f4e64aa49bf
+B+: 0x7f4e64aa49d0 0x7f4e64aa49e8
+B+: 0x7f4e64aa49e9 0x7f4e64aa4a14
+B+: 0x7f4e64aa4a1e 0x7f4e64aa4a25
+B+: 0x7f4e64aa4a26 0x7f4e64aa4a33
+B+: 0x7f4e64aa4a34 0x7f4e64aa4a46
+B+: 0x7f4e64aa4ae0 0x7f4e64aa4afe
+B+: 0x7f4e64aa4aff 0x7f4e64aa4b0c
+B+: 0x7f4e64aa4b0d 0x7f4e64aa4b1b
+B+: 0x7f4e64aa4b1c 0x7f4e64aa4b2c
+B+: 0x7f4e64aa4b40 0x7f4e64aa4b62
+B+: 0x7f4e64aa4b98 0x7f4e64aa4ba9
+B+: 0x7f4e64aa56d0 0x7f4e64aa56f4
+B+: 0x7f4e64aa56f5 0x7f4e64aa570d
+B+: 0x7f4e64aa570e 0x7f4e64aa5712
+B+: 0x7f4e64aa5713 0x7f4e64aa571e
+B+: 0x7f4e64aa571f 0x7f4e64aa5723
+B+: 0x7f4e64aa5724 0x7f4e64aa5728
+B+: 0x7f4e64aa5729 0x7f4e64aa5730
+B+: 0x7f4e64aa573c 0x7f4e64aa5749
+B+: 0x7f4e64aa574a 0x7f4e64aa574d
+B+: 0x7f4e64aa574e 0x7f4e64aa5760
+B+: 0x7f4e64aa5761 0x7f4e64aa576b
+B+: 0x7f4e64aa5790 0x7f4e64aa579d
+B+: 0x7f4e64aa579e 0x7f4e64aa57a5
+B+: 0x7f4e64aa57a6 0x7f4e64aa57a7
+B+: 0x7f4e64aa5890 0x7f4e64aa589d
+B+: 0x7f4e64aa589e 0x7f4e64aa58a9
+B+: 0x7f4e64aa58aa 0x7f4e64aa58bd
+B+: 0x7f4e64aa58c0 0x7f4e64aa58ca
+B+: 0x7f4e64aa58d0 0x7f4e64aa58ef
+B+: 0x7f4e64aa58f0 0x7f4e64aa58f4
+B+: 0x7f4e64aa58f5 0x7f4e64aa590c
+B+: 0x7f4e64aa590d 0x7f4e64aa5910
+B+: 0x7f4e64aa5911 0x7f4e64aa5912
+B+: 0x7f4e64aa5913 0x7f4e64aa591b
+B+: 0x7f4e64aa591c 0x7f4e64aa5930
+B+: 0x7f4e64aa5938 0x7f4e64aa593c
+B+: 0x7f4e64aa5980 0x7f4e64aa598f
+B+: 0x7f4e64aa5990 0x7f4e64aa599b
+B+: 0x7f4e64aa599c 0x7f4e64aa59ab
+B+: 0x7f4e64aa5a80 0x7f4e64aa5a93
+B+: 0x7f4e64aa5a94 0x7f4e64aa5aac
+B+: 0x7f4e64aa5aad 0x7f4e64aa5abf
+B+: 0x7f4e64aa5ac0 0x7f4e64aa5ada
+B+: 0x7f4e64aa5adb 0x7f4e64aa5ae3
+B+: 0x7f4e64aa5aec 0x7f4e64aa5af8
+B+: 0x7f4e64aa5af9 0x7f4e64aa5b02
+B+: 0x7f4e64aa5b03 0x7f4e64aa5b06
+B+: 0x7f4e64aa5b07 0x7f4e64aa5b1a
+B+: 0x7f4e64aa5c49 0x7f4e64aa5c55
+B+: 0x7f4e64aa5c56 0x7f4e64aa5c67
+B+: 0x7f4e64aa5c82 0x7f4e64aa5c93
+B+: 0x7f4e64aa5d77 0x7f4e64aa5d82
+B+: 0x7f4e64aa5da0 0x7f4e64aa5db2
+B+: 0x7f4e64aa5db3 0x7f4e64aa5ddf
+B+: 0x7f4e64aa5de0 0x7f4e64aa5deb
+B+: 0x7f4e64aa5dec 0x7f4e64aa5dfc
+B+: 0x7f4e64aa5dfd 0x7f4e64aa5e18
+B+: 0x7f4e64aa5e19 0x7f4e64aa5e25
+B+: 0x7f4e64aa5e26 0x7f4e64aa5e2e
+B+: 0x7f4e64aa5e2f 0x7f4e64aa5e3f
+B+: 0x7f4e64aa5e40 0x7f4e64aa5e44
+B+: 0x7f4e64aa5e45 0x7f4e64aa5e50
+B+: 0x7f4e64aa5e51 0x7f4e64aa5e5d
+B+: 0x7f4e64aa5e5e 0x7f4e64aa5e77
+B+: 0x7f4e64aa5ece 0x7f4e64aa5ed2
+B+: 0x7f4e64aa5ed3 0x7f4e64aa5ede
+B+: 0x7f4e64aa5ee0 0x7f4e64aa5eec
+B+: 0x7f4e64aa5f60 0x7f4e64aa5f7c
+B+: 0x7f4e64aa6120 0x7f4e64aa6128
+B+: 0x7f4e64aa6129 0x7f4e64aa6147
+B+: 0x7f4e64aa6750 0x7f4e64aa675e
+B+: 0x7f4e64aa675f 0x7f4e64aa6763
+B+: 0x7f4e64aa6764 0x7f4e64aa6770
+B+: 0x7f4e64aa6771 0x7f4e64aa6777
+B+: 0x7f4e64aa6778 0x7f4e64aa6783
+B+: 0x7f4e64aa6784 0x7f4e64aa6788
+B+: 0x7f4e64aa6789 0x7f4e64aa678d
+B+: 0x7f4e64aa678e 0x7f4e64aa6796
+B+: 0x7f4e64aa6797 0x7f4e64aa679e
+B+: 0x7f4e64aa6890 0x7f4e64aa6892
+B+: 0x7f4e64aa68a7 0x7f4e64aa68ab
+B+: 0x7f4e64aa68ac 0x7f4e64aa68b2
+B+: 0x7f4e64aa68b3 0x7f4e64aa68b6
+B+: 0x7f4e64aa68d0 0x7f4e64aa68e1
+B+: 0x7f4e64aa68e2 0x7f4e64aa68e6
+B+: 0x7f4e64aa68e7 0x7f4e64aa68eb
+B+: 0x7f4e64aa68ec 0x7f4e64aa68f1
+B+: 0x7f4e64aa68f2 0x7f4e64aa68fa
+B+: 0x7f4e64aa68fb 0x7f4e64aa68fc
+B+: 0x7f4e64aa6940 0x7f4e64aa6948
+B+: 0x7f4e64aa6949 0x7f4e64aa6951
+B+: 0x7f4e64aa6980 0x7f4e64aa6988
+B+: 0x7f4e64aa6989 0x7f4e64aa698a
+B+: 0x7f4e64aa698b 0x7f4e64aa6991
+B+: 0x7f4e64aa6992 0x7f4e64aa69a2
+B+: 0x7f4e64aa69a8 0x7f4e64aa69ac
+B+: 0x7f4e64aa69eb 0x7f4e64aa6a00
+B+: 0x7f4e64aa6a08 0x7f4e64aa6a10
+B+: 0x7f4e64aa6af0 0x7f4e64aa6b11
+B+: 0x7f4e64aa6b12 0x7f4e64aa6b16
+B+: 0x7f4e64aa6b17 0x7f4e64aa6b1d
+B+: 0x7f4e64aa6b1e 0x7f4e64aa6b26
+B+: 0x7f4e64aa6b27 0x7f4e64aa6b34
+B+: 0x7f4e64aa6b35 0x7f4e64aa6b3c
+B+: 0x7f4e64aa6b3d 0x7f4e64aa6b49
+B+: 0x7f4e64aa6b4a 0x7f4e64aa6b5a
+B+: 0x7f4e64aa6b5b 0x7f4e64aa6b63
+B+: 0x7f4e64aa6b7f 0x7f4e64aa6b93
+B+: 0x7f4e64aa6b94 0x7f4e64aa6b9c
+B+: 0x7f4e64aa6be0 0x7f4e64aa6bf7
+B+: 0x7f4e64aa6bf8 0x7f4e64aa6c00
+B+: 0x7f4e64aa6c1b 0x7f4e64aa6c2b
+B+: 0x7f4e64aa6d40 0x7f4e64aa6d5e
+B+: 0x7f4e64aa6d5f 0x7f4e64aa6d6d
+B+: 0x7f4e64aa6d6e 0x7f4e64aa6d72
+B+: 0x7f4e64aa6d7d 0x7f4e64aa6d90
+B+: 0x7f4e64aa6d91 0x7f4e64aa6d95
+B+: 0x7f4e64aa6d96 0x7f4e64aa6d9a
+B+: 0x7f4e64aa6da0 0x7f4e64aa6da4
+B+: 0x7f4e64aa6dd5 0x7f4e64aa6dd9
+B+: 0x7f4e64aa6dda 0x7f4e64aa6dde
+B+: 0x7f4e64aa6df0 0x7f4e64aa6dfb
+B+: 0x7f4e64aa6dfc 0x7f4e64aa6e07
+B+: 0x7f4e64aa6e08 0x7f4e64aa6e10
+B+: 0x7f4e64aa6e2c 0x7f4e64aa6e30
+B+: 0x7f4e64aa6e31 0x7f4e64aa6e36
+B+: 0x7f4e64aa6e41 0x7f4e64aa6e45
+B+: 0x7f4e64aa6e46 0x7f4e64aa6e54
+B+: 0x7f4e64aa6e55 0x7f4e64aa6e5d
+B+: 0x7f4e64aa6e5e 0x7f4e64aa6e62
+B+: 0x7f4e64aa6e63 0x7f4e64aa6e74
+B+: 0x7f4e64aa6e78 0x7f4e64aa6e84
+B+: 0x7f4e64aa6ea0 0x7f4e64aa6ea4
+B+: 0x7f4e64aa6ef0 0x7f4e64aa6f03
+B+: 0x7f4e64aa6f40 0x7f4e64aa6f76
+B+: 0x7f4e64aa6f77 0x7f4e64aa6f82
+B+: 0x7f4e64aa6f83 0x7f4e64aa6f92
+B+: 0x7f4e64aa701b 0x7f4e64aa7031
+B+: 0x7f4e64aa7032 0x7f4e64aa7040
+B+: 0x7f4e64aa7075 0x7f4e64aa70b8
+B+: 0x7f4e64aa70b9 0x7f4e64aa70c3
+B+: 0x7f4e64aa70c4 0x7f4e64aa70cc
+B+: 0x7f4e64aa70cd 0x7f4e64aa70d5
+B+: 0x7f4e64aa70d6 0x7f4e64aa70de
+B+: 0x7f4e64aa70df 0x7f4e64aa7106
+B+: 0x7f4e64aa7107 0x7f4e64aa7133
+B+: 0x7f4e64aa7578 0x7f4e64aa7581
+B+: 0x7f4e64aa7582 0x7f4e64aa75a8
+B+: 0x7f4e64aa75a9 0x7f4e64aa75b6
+B+: 0x7f4e64aa75d0 0x7f4e64aa75e0
+B+: 0x7f4e64aa75e1 0x7f4e64aa75ee
+B+: 0x7f4e64aa75ef 0x7f4e64aa75f3
+B+: 0x7f4e64aa7670 0x7f4e64aa767e
+B+: 0x7f4e64aa767f 0x7f4e64aa7683
+B+: 0x7f4e64aa7684 0x7f4e64aa7692
+B+: 0x7f4e64aa7693 0x7f4e64aa769a
+B+: 0x7f4e64aa769b 0x7f4e64aa76a2
+B+: 0x7f4e64aa76a3 0x7f4e64aa76b7
+B+: 0x7f4e64aa7790 0x7f4e64aa77bc
+B+: 0x7f4e64aa77bd 0x7f4e64aa77d4
+B+: 0x7f4e64aa77e0 0x7f4e64aa783a
+B+: 0x7f4e64aa783b 0x7f4e64aa7875
+B+: 0x7f4e64aa7876 0x7f4e64aa7893
+B+: 0x7f4e64aa7894 0x7f4e64aa78a3
+B+: 0x7f4e64aa78a4 0x7f4e64aa78b0
+B+: 0x7f4e64aa79b4 0x7f4e64aa79b8
+B+: 0x7f4e64aa79b9 0x7f4e64aa79cf
+B+: 0x7f4e64aa79d0 0x7f4e64aa79dc
+B+: 0x7f4e64aa79dd 0x7f4e64aa79ef
+B+: 0x7f4e64aa79f0 0x7f4e64aa79f7
+B+: 0x7f4e64aa7a01 0x7f4e64aa7a16
+B+: 0x7f4e64aa7a28 0x7f4e64aa7a3d
+B+: 0x7f4e64aa7a3e 0x7f4e64aa7a4d
+B+: 0x7f4e64aa7a79 0x7f4e64aa7a97
+B+: 0x7f4e64aa7a98 0x7f4e64aa7ac0
+B+: 0x7f4e64aa7ac1 0x7f4e64aa7acf
+B+: 0x7f4e64aa8148 0x7f4e64aa8154
+B+: 0x7f4e64aa8155 0x7f4e64aa8174
+B+: 0x7f4e64aa8175 0x7f4e64aa817f
+B+: 0x7f4e64aa81ac 0x7f4e64aa81b0
+B+: 0x7f4e64aa81b1 0x7f4e64aa81b5
+B+: 0x7f4e64aa8a40 0x7f4e64aa8a64
+B+: 0x7f4e64aa8b10 0x7f4e64aa8b1a
+B+: 0x7f4e64aa8b40 0x7f4e64aa8b47
+B+: 0x7f4e64aa8b48 0x7f4e64aa8b51
+B+: 0x7f4e64aa8b58 0x7f4e64aa8b60
+B+: 0x7f4e64aa8b61 0x7f4e64aa8b6a
+B+: 0x7f4e64aa8b88 0x7f4e64aa8b8c
+B+: 0x7f4e64aa8b8d 0x7f4e64aa8b94
+B+: 0x7f4e64aa8ba0 0x7f4e64aa8ba4
+B+: 0x7f4e64aa8d00 0x7f4e64aa8d30
+B+: 0x7f4e64aa8e3f 0x7f4e64aa8e55
+B+: 0x7f4e64aa8e56 0x7f4e64aa8e67
+B+: 0x7f4e64aa91e0 0x7f4e64aa9222
+B+: 0x7f4e64aa9223 0x7f4e64aa9228
+B+: 0x7f4e64aa924c 0x7f4e64aa9260
+B+: 0x7f4e64aa9261 0x7f4e64aa9269
+B+: 0x7f4e64aa9270 0x7f4e64aa9279
+B+: 0x7f4e64aa9288 0x7f4e64aa92a0
+B+: 0x7f4e64aa92a1 0x7f4e64aa92ba
+B+: 0x7f4e64aa92bb 0x7f4e64aa92bc
+B+: 0x7f4e64aa92d0 0x7f4e64aa92d8
+B+: 0x7f4e64aa92f8 0x7f4e64aa92f8
+B+: 0x7f4e64aa9300 0x7f4e64aa930c
+B+: 0x7f4e64aa933f 0x7f4e64aa9343
+B+: 0x7f4e64aa9380 0x7f4e64aa9384
+B+: 0x7f4e64aa93d0 0x7f4e64aa93e3
+B+: 0x7f4e64aa9400 0x7f4e64aa9400
+B+: 0x7f4e64aa9420 0x7f4e64aa945b
+B+: 0x7f4e64aa9467 0x7f4e64aa9471
+B+: 0x7f4e64aa9472 0x7f4e64aa9489
+B+: 0x7f4e64aa948a 0x7f4e64aa948d
+B+: 0x7f4e64aa948e 0x7f4e64aa9494
+B+: 0x7f4e64aa9495 0x7f4e64aa949d
+B+: 0x7f4e64aa949e 0x7f4e64aa94a9
+B+: 0x7f4e64aa94aa 0x7f4e64aa94c2
+B+: 0x7f4e64aa94c3 0x7f4e64aa94ce
+B+: 0x7f4e64aa94cf 0x7f4e64aa94e5
+B+: 0x7f4e64aa94e6 0x7f4e64aa94f5
+B+: 0x7f4e64aa9500 0x7f4e64aa950e
+B+: 0x7f4e64aa950f 0x7f4e64aa9513
+B+: 0x7f4e64aa9514 0x7f4e64aa951e
+B+: 0x7f4e64aa9540 0x7f4e64aa9549
+B+: 0x7f4e64aa954a 0x7f4e64aa954e
+B+: 0x7f4e64aa954f 0x7f4e64aa9560
+B+: 0x7f4e64aa9568 0x7f4e64aa9577
+B+: 0x7f4e64aa9580 0x7f4e64aa9589
+B+: 0x7f4e64aa95a8 0x7f4e64aa95bb
+B+: 0x7f4e64aa95c0 0x7f4e64aa95ce
+B+: 0x7f4e64aa95cf 0x7f4e64aa95dc
+B+: 0x7f4e64aa96f0 0x7f4e64aa96fd
+B+: 0x7f4e64aa97a0 0x7f4e64aa97a0
+B+: 0x7f4e64aa97b0 0x7f4e64aa97ba
+B+: 0x7f4e64aa97bb 0x7f4e64aa97ce
+B+: 0x7f4e64aa97cf 0x7f4e64aa97d8
+B+: 0x7f4e64aa97d9 0x7f4e64aa97e6
+B+: 0x7f4e64aa9800 0x7f4e64aa982d
+B+: 0x7f4e64aa982e 0x7f4e64aa9831
+B+: 0x7f4e64aa9832 0x7f4e64aa9847
+B+: 0x7f4e64aa9864 0x7f4e64aa986b
+B+: 0x7f4e64aa986c 0x7f4e64aa986f
+B+: 0x7f4e64aa9870 0x7f4e64aa9876
+B+: 0x7f4e64aa9877 0x7f4e64aa987b
+B+: 0x7f4e64aa987c 0x7f4e64aa9886
+B+: 0x7f4e64aa9ae0 0x7f4e64aa9b01
+B+: 0x7f4e64aa9b02 0x7f4e64aa9b0a
+B+: 0x7f4e64aa9b0b 0x7f4e64aa9b14
+B+: 0x7f4e64aa9b15 0x7f4e64aa9b19
+B+: 0x7f4e64aa9c00 0x7f4e64aa9c19
+B+: 0x7f4e64aa9c51 0x7f4e64aa9c8e
+B+: 0x7f4e64aa9c8f 0x7f4e64aa9c9e
+B+: 0x7f4e64aa9c9f 0x7f4e64aa9ca6
+B+: 0x7f4e64aa9df0 0x7f4e64aa9dfb
+B+: 0x7f4e64aa9e20 0x7f4e64aa9e20
+B+: 0x7f4e64aa9e30 0x7f4e64aa9e38
+B+: 0x7f4e64aab940 0x7f4e64aab94b
+B+: 0x7f4e64aab94c 0x7f4e64aab957
+B+: 0x7f4e64aab958 0x7f4e64aab964
+B+: 0x7f4e64aab965 0x7f4e64aab969
+B+: 0x7f4e64aab96a 0x7f4e64aab96f
+B+: 0x7f4e64aab970 0x7f4e64aab976
+B+: 0x7f4e64aab980 0x7f4e64aab987
+B+: 0x7f4e64aab988 0x7f4e64aab98c
+B+: 0x7f4e64aab98d 0x7f4e64aab99b
+B+: 0x7f4e64aab99c 0x7f4e64aab9a0
+B+: 0x7f4e64aab9a1 0x7f4e64aab9a8
+B+: 0x7f4e64aab9a9 0x7f4e64aab9ad
+B+: 0x7f4e64aab9ae 0x7f4e64aab9b8
+B+: 0x7f4e64aab9b9 0x7f4e64aab9b9
+B+: 0x7f4e64aab9c0 0x7f4e64aab9c5
+B+: 0x7f4e64aab9c6 0x7f4e64aab9c9
+B+: 0x7f4e64aab9d0 0x7f4e64aab9d0
+B+: 0x7f4e64aab9d1 0x7f4e64aab9d5
+B+: 0x7f4e64aab9d6 0x7f4e64aab9d9
+B+: 0x7f4e64aab9e0 0x7f4e64aab9ff
+B+: 0x7f4e64aaba00 0x7f4e64aaba11
+B+: 0x7f4e64aaba12 0x7f4e64aaba16
+B+: 0x7f4e64aaba20 0x7f4e64aaba22
+B+: 0x7f4e64aaba23 0x7f4e64aaba2f
+B+: 0x7f4e64aaba30 0x7f4e64aaba33
+B+: 0x7f4e64aaba34 0x7f4e64aaba5d
+B+: 0x7f4e64aaba5e 0x7f4e64aaba62
+B+: 0x7f4e64aaba63 0x7f4e64aaba82
+B+: 0x7f4e64aabac0 0x7f4e64aabade
+B+: 0x7f4e64aabadf 0x7f4e64aabae3
+B+: 0x7f4e64aabae4 0x7f4e64aabae8
+B+: 0x7f4e64aabaf0 0x7f4e64aabaf2
+B+: 0x7f4e64aabaf3 0x7f4e64aabaff
+B+: 0x7f4e64aabb00 0x7f4e64aabb03
+B+: 0x7f4e64aabb04 0x7f4e64aabb3e
+B+: 0x7f4e64aabb3f 0x7f4e64aabb49
+B+: 0x7f4e64aabb4a 0x7f4e64aabb57
+B+: 0x7f4e64aabb58 0x7f4e64aabb5d
+B+: 0x7f4e64aabb5e 0x7f4e64aabb66
+B+: 0x7f4e64aabb67 0x7f4e64aabb70
+B+: 0x7f4e64aabb71 0x7f4e64aabb7a
+B+: 0x7f4e64aabb7b 0x7f4e64aabb9a
+B+: 0x7f4e64aabb9b 0x7f4e64aabba3
+B+: 0x7f4e64aabba4 0x7f4e64aabbbd
+B+: 0x7f4e64aabbc0 0x7f4e64aabbc5
+B+: 0x7f4e64aabbc6 0x7f4e64aabbcf
+B+: 0x7f4e64aabbd0 0x7f4e64aabbd9
+B+: 0x7f4e64aabbda 0x7f4e64aabbf7
+B+: 0x7f4e64aabc08 0x7f4e64aabc14
+B+: 0x7f4e64aabc15 0x7f4e64aabc1b
+B+: 0x7f4e64aabc1c 0x7f4e64aabc29
+B+: 0x7f4e64aabcb0 0x7f4e64aabcca
+B+: 0x7f4e64aabccb 0x7f4e64aabcda
+B+: 0x7f4e64aabcdb 0x7f4e64aabce6
+B+: 0x7f4e64aabce7 0x7f4e64aabcef
+B+: 0x7f4e64aabcf0 0x7f4e64aabcf4
+B+: 0x7f4e64aabcf5 0x7f4e64aabcfc
+B+: 0x7f4e64aabcfd 0x7f4e64aabd10
+B+: 0x7f4e64aabd11 0x7f4e64aabd21
+B+: 0x7f4e64aabd22 0x7f4e64aabd26
+B+: 0x7f4e64aabd27 0x7f4e64aabd38
+B+: 0x7f4e64aabd39 0x7f4e64aabd4b
+B+: 0x7f4e64aabd4c 0x7f4e64aabd54
+B+: 0x7f4e64aabd55 0x7f4e64aabd5e
+B+: 0x7f4e64aabd5f 0x7f4e64aabd6d
+B+: 0x7f4e64aabea0 0x7f4e64aabeb6
+B+: 0x7f4e64aabeb7 0x7f4e64aabebb
+B+: 0x7f4e64aabebc 0x7f4e64aabec0
+B+: 0x7f4e64aabec8 0x7f4e64aabecb
+B+: 0x7f4e64aabecc 0x7f4e64aabed9
+B+: 0x7f4e64aabeda 0x7f4e64aabedd
+B+: 0x7f4e64aabede 0x7f4e64aabf06
+B+: 0x7f4e64aabf07 0x7f4e64aabf10
+B+: 0x7f4e64aabf11 0x7f4e64aabf16
+B+: 0x7f4e64aabf17 0x7f4e64aabf24
+B+: 0x7f4e64aabf25 0x7f4e64aabf2d
+B+: 0x7f4e64aac440 0x7f4e64aac46b
+B+: 0x7f4e64aac46c 0x7f4e64aac470
+B+: 0x7f4e64aac471 0x7f4e64aac475
+B+: 0x7f4e64aac536 0x7f4e64aac53e
+B+: 0x7f4e64aac53f 0x7f4e64aac548
+B+: 0x7f4e64aac549 0x7f4e64aac551
+B+: 0x7f4e64aac5d0 0x7f4e64aac5e4
+B+: 0x7f4e64aac5e5 0x7f4e64aac606
+B+: 0x7f4e64aac607 0x7f4e64aac610
+B+: 0x7f4e64aac611 0x7f4e64aac618
+B+: 0x7f4e64aac640 0x7f4e64aac648
+B+: 0x7f4e64aac649 0x7f4e64aac656
+B+: 0x7f4e64aac657 0x7f4e64aac65f
+B+: 0x7f4e64aac660 0x7f4e64aac661
+B+: 0x7f4e64aac760 0x7f4e64aac7aa
+B+: 0x7f4e64aac7ab 0x7f4e64aac7af
+B+: 0x7f4e64aac7b0 0x7f4e64aac7be
+B+: 0x7f4e64aac7c8 0x7f4e64aac7d3
+B+: 0x7f4e64aac7d4 0x7f4e64aac7d8
+B+: 0x7f4e64aac7d9 0x7f4e64aac7e0
+B+: 0x7f4e64aac7e1 0x7f4e64aac7e5
+B+: 0x7f4e64aac7e6 0x7f4e64aac7f3
+B+: 0x7f4e64aac7f4 0x7f4e64aac7fb
+B+: 0x7f4e64aac800 0x7f4e64aac810
+B+: 0x7f4e64aac811 0x7f4e64aac815
+B+: 0x7f4e64aac816 0x7f4e64aac832
+B+: 0x7f4e64aac833 0x7f4e64aac843
+B+: 0x7f4e64aac844 0x7f4e64aac84f
+B+: 0x7f4e64aac850 0x7f4e64aac857
+B+: 0x7f4e64aac858 0x7f4e64aac85c
+B+: 0x7f4e64aac85d 0x7f4e64aac868
+B+: 0x7f4e64aac869 0x7f4e64aac87b
+B+: 0x7f4e64aac87c 0x7f4e64aac884
+B+: 0x7f4e64aac888 0x7f4e64aac897
+B+: 0x7f4e64aac898 0x7f4e64aac89b
+B+: 0x7f4e64aac89c 0x7f4e64aac8b4
+B+: 0x7f4e64aac8b5 0x7f4e64aac8b8
+B+: 0x7f4e64aac8b9 0x7f4e64aac8c6
+B+: 0x7f4e64aac8c7 0x7f4e64aac8d5
+B+: 0x7f4e64aacdc0 0x7f4e64aacdec
+B+: 0x7f4e64aacded 0x7f4e64aacdf2
+B+: 0x7f4e64aacdf3 0x7f4e64aace04
+B+: 0x7f4e64aace05 0x7f4e64aace0d
+B+: 0x7f4e64aace0e 0x7f4e64aace1c
+CND+ 0x7f4e64a9b00e: taken
+CND+ 0x7f4e64a9b5ea: not taken
+CND+ 0x7f4e64a9b626: not taken
+CND+ 0x7f4e64a9b63b: taken
+CND+ 0x7f4e64a9b673: not taken
+CND+ 0x7f4e64a9b687: not taken
+CND+ 0x7f4e64a9b695: not taken
+CND+ 0x7f4e64a9b7e2: taken
+CND+ 0x7f4e64a9b862: not taken
+CND+ 0x7f4e64a9b87c: both
+CND+ 0x7f4e64a9b8a9: not taken
+CND+ 0x7f4e64a9ba5d: not taken
+CND+ 0x7f4e64a9ba62: taken
+CND+ 0x7f4e64a9c6e6: not taken
+CND+ 0x7f4e64a9c704: taken
+CND+ 0x7f4e64a9c71a: not taken
+CND+ 0x7f4e64a9c71f: taken
+CND+ 0x7f4e64a9c72f: taken
+CND+ 0x7f4e64a9c74c: not taken
+CND+ 0x7f4e64a9c756: not taken
+CND+ 0x7f4e64a9c78f: not taken
+CND+ 0x7f4e64a9c79b: taken
+CND+ 0x7f4e64a9d079: taken
+CND+ 0x7f4e64a9d11b: not taken
+CND+ 0x7f4e64a9d149: not taken
+CND+ 0x7f4e64a9d158: not taken
+CND+ 0x7f4e64a9d190: not taken
+CND+ 0x7f4e64a9d1ce: taken
+CND+ 0x7f4e64a9dc20: not taken
+CND+ 0x7f4e64a9dc2d: taken
+CND+ 0x7f4e64a9dc48: not taken
+CND+ 0x7f4e64a9dc5f: both
+CND+ 0x7f4e64a9dc88: not taken
+CND+ 0x7f4e64a9ded2: taken
+CND+ 0x7f4e64a9df55: not taken
+CND+ 0x7f4e64a9df7e: not taken
+CND+ 0x7f4e64a9df8a: not taken
+CND+ 0x7f4e64a9df93: both
+CND+ 0x7f4e64a9dfc4: not taken
+CND+ 0x7f4e64a9dfe2: both
+CND+ 0x7f4e64a9dffb: taken
+CND+ 0x7f4e64a9e05a: taken
+CND+ 0x7f4e64a9e0af: not taken
+CND+ 0x7f4e64a9e0b8: taken
+CND+ 0x7f4e64a9e0e0: taken
+CND+ 0x7f4e64a9e116: not taken
+CND+ 0x7f4e64a9e15a: not taken
+CND+ 0x7f4e64a9e163: taken
+CND+ 0x7f4e64a9e21b: taken
+CND+ 0x7f4e64a9e24a: taken
+CND+ 0x7f4e64a9e27c: not taken
+CND+ 0x7f4e64a9e36a: taken
+CND+ 0x7f4e64a9e520: not taken
+CND+ 0x7f4e64a9e529: not taken
+CND+ 0x7f4e64a9e532: taken
+CND+ 0x7f4e64a9e8eb: not taken
+CND+ 0x7f4e64a9e906: both
+CND+ 0x7f4e64a9e93d: not taken
+CND+ 0x7f4e64a9e985: both
+CND+ 0x7f4e64a9e9f6: taken
+CND+ 0x7f4e64a9ea20: both
+CND+ 0x7f4e64a9ea29: not taken
+CND+ 0x7f4e64a9ea33: not taken
+CND+ 0x7f4e64a9eae4: not taken
+CND+ 0x7f4e64a9eafb: taken
+CND+ 0x7f4e64a9eb2a: both
+CND+ 0x7f4e64a9eb30: both
+CND+ 0x7f4e64a9eb40: taken
+CND+ 0x7f4e64a9eb60: not taken
+CND+ 0x7f4e64a9eb96: not taken
+CND+ 0x7f4e64a9ebe5: taken
+CND+ 0x7f4e64a9eda0: not taken
+CND+ 0x7f4e64a9eda9: not taken
+CND+ 0x7f4e64a9edc8: both
+CND+ 0x7f4e64a9edd0: both
+CND+ 0x7f4e64a9ee2e: taken
+CND+ 0x7f4e64a9ee57: not taken
+CND+ 0x7f4e64a9eeac: taken
+CND+ 0x7f4e64a9eed8: taken
+CND+ 0x7f4e64a9efa3: not taken
+CND+ 0x7f4e64a9efc0: taken
+CND+ 0x7f4e64a9f019: not taken
+CND+ 0x7f4e64a9f065: not taken
+CND+ 0x7f4e64a9f06f: not taken
+CND+ 0x7f4e64a9f089: both
+CND+ 0x7f4e64a9f09d: not taken
+CND+ 0x7f4e64a9f0ab: taken
+CND+ 0x7f4e64a9f14c: not taken
+CND+ 0x7f4e64a9f156: taken
+CND+ 0x7f4e64a9f1cc: taken
+CND+ 0x7f4e64a9f1ee: taken
+CND+ 0x7f4e64a9f811: both
+CND+ 0x7f4e64a9f81b: not taken
+CND+ 0x7f4e64a9f81f: not taken
+CND+ 0x7f4e64a9f839: taken
+CND+ 0x7f4e64a9f859: taken
+CND+ 0x7f4e64a9f861: taken
+CND+ 0x7f4e64aa045f: taken
+CND+ 0x7f4e64aa0626: not taken
+CND+ 0x7f4e64aa06ca: taken
+CND+ 0x7f4e64aa0762: taken
+CND+ 0x7f4e64aa12a4: taken
+CND+ 0x7f4e64aa12bd: not taken
+CND+ 0x7f4e64aa12cd: not taken
+CND+ 0x7f4e64aa130f: taken
+CND+ 0x7f4e64aa1327: taken
+CND+ 0x7f4e64aa133a: not taken
+CND+ 0x7f4e64aa1343: taken
+CND+ 0x7f4e64aa1381: not taken
+CND+ 0x7f4e64aa13d6: taken
+CND+ 0x7f4e64aa13e7: taken
+CND+ 0x7f4e64aa1895: not taken
+CND+ 0x7f4e64aa18a8: not taken
+CND+ 0x7f4e64aa18d2: not taken
+CND+ 0x7f4e64aa1907: not taken
+CND+ 0x7f4e64aa1942: taken
+CND+ 0x7f4e64aa1953: not taken
+CND+ 0x7f4e64aa1963: taken
+CND+ 0x7f4e64aa1a7b: not taken
+CND+ 0x7f4e64aa1dbc: both
+CND+ 0x7f4e64aa1dc9: both
+CND+ 0x7f4e64aa1e03: not taken
+CND+ 0x7f4e64aa1e0d: not taken
+CND+ 0x7f4e64aa1e18: taken
+CND+ 0x7f4e64aa21a1: not taken
+CND+ 0x7f4e64aa21ab: not taken
+CND+ 0x7f4e64aa21e4: taken
+CND+ 0x7f4e64aa21f2: taken
+CND+ 0x7f4e64aa220a: not taken
+CND+ 0x7f4e64aa2225: not taken
+CND+ 0x7f4e64aa222f: not taken
+CND+ 0x7f4e64aa2247: taken
+CND+ 0x7f4e64aa2533: taken
+CND+ 0x7f4e64aa2582: taken
+CND+ 0x7f4e64aa2655: taken
+CND+ 0x7f4e64aa2698: taken
+CND+ 0x7f4e64aa2703: not taken
+CND+ 0x7f4e64aa270c: taken
+CND+ 0x7f4e64aa2725: not taken
+CND+ 0x7f4e64aa2742: not taken
+CND+ 0x7f4e64aa275a: not taken
+CND+ 0x7f4e64aa2765: not taken
+CND+ 0x7f4e64aa2792: not taken
+CND+ 0x7f4e64aa2797: taken
+CND+ 0x7f4e64aa27a9: taken
+CND+ 0x7f4e64aa27ad: not taken
+CND+ 0x7f4e64aa27bc: taken
+CND+ 0x7f4e64aa27ce: taken
+CND+ 0x7f4e64aa2848: taken
+CND+ 0x7f4e64aa2889: not taken
+CND+ 0x7f4e64aa289b: not taken
+CND+ 0x7f4e64aa28a8: taken
+CND+ 0x7f4e64aa2c2f: not taken
+CND+ 0x7f4e64aa2c57: taken
+CND+ 0x7f4e64aa2c65: not taken
+CND+ 0x7f4e64aa2c6e: taken
+CND+ 0x7f4e64aa2c86: not taken
+CND+ 0x7f4e64aa2cae: taken
+CND+ 0x7f4e64aa3366: taken
+CND+ 0x7f4e64aa39d6: taken
+CND+ 0x7f4e64aa3a31: not taken
+CND+ 0x7f4e64aa3a51: taken
+CND+ 0x7f4e64aa3aad: not taken
+CND+ 0x7f4e64aa3ab5: taken
+CND+ 0x7f4e64aa3b00: taken
+CND+ 0x7f4e64aa3b5a: not taken
+CND+ 0x7f4e64aa3b62: not taken
+CND+ 0x7f4e64aa3b6b: not taken
+CND+ 0x7f4e64aa3b75: not taken
+CND+ 0x7f4e64aa3b7f: taken
+CND+ 0x7f4e64aa3b9b: taken
+CND+ 0x7f4e64aa3c3c: taken
+CND+ 0x7f4e64aa3ed9: not taken
+CND+ 0x7f4e64aa3ee6: not taken
+CND+ 0x7f4e64aa3f01: not taken
+CND+ 0x7f4e64aa3f1a: not taken
+CND+ 0x7f4e64aa3f20: not taken
+CND+ 0x7f4e64aa3f26: taken
+CND+ 0x7f4e64aa476c: not taken
+CND+ 0x7f4e64aa478c: not taken
+CND+ 0x7f4e64aa47d8: both
+CND+ 0x7f4e64aa47e1: taken
+CND+ 0x7f4e64aa4806: not taken
+CND+ 0x7f4e64aa4840: not taken
+CND+ 0x7f4e64aa484a: not taken
+CND+ 0x7f4e64aa4965: both
+CND+ 0x7f4e64aa4989: not taken
+CND+ 0x7f4e64aa49b2: not taken
+CND+ 0x7f4e64aa49bc: not taken
+CND+ 0x7f4e64aa49e3: not taken
+CND+ 0x7f4e64aa4a13: taken
+CND+ 0x7f4e64aa4afd: not taken
+CND+ 0x7f4e64aa4b1a: not taken
+CND+ 0x7f4e64aa4b61: taken
+CND+ 0x7f4e64aa5711: not taken
+CND+ 0x7f4e64aa571d: not taken
+CND+ 0x7f4e64aa5722: not taken
+CND+ 0x7f4e64aa5748: not taken
+CND+ 0x7f4e64aa574c: not taken
+CND+ 0x7f4e64aa575f: not taken
+CND+ 0x7f4e64aa57a4: not taken
+CND+ 0x7f4e64aa58f3: both
+CND+ 0x7f4e64aa590f: both
+CND+ 0x7f4e64aa5911: not taken
+CND+ 0x7f4e64aa591a: taken
+CND+ 0x7f4e64aa5a92: not taken
+CND+ 0x7f4e64aa5aba: not taken
+CND+ 0x7f4e64aa5ad5: both
+CND+ 0x7f4e64aa5ade: taken
+CND+ 0x7f4e64aa5af7: not taken
+CND+ 0x7f4e64aa5b01: not taken
+CND+ 0x7f4e64aa5b05: not taken
+CND+ 0x7f4e64aa5b19: taken
+CND+ 0x7f4e64aa5c50: not taken
+CND+ 0x7f4e64aa5c62: taken
+CND+ 0x7f4e64aa5db1: not taken
+CND+ 0x7f4e64aa5dea: both
+CND+ 0x7f4e64aa5e13: not taken
+CND+ 0x7f4e64aa5e20: taken
+CND+ 0x7f4e64aa5e2d: not taken
+CND+ 0x7f4e64aa5e43: not taken
+CND+ 0x7f4e64aa5e4f: both
+CND+ 0x7f4e64aa5e58: not taken
+CND+ 0x7f4e64aa5e72: taken
+CND+ 0x7f4e64aa5ee7: taken
+CND+ 0x7f4e64aa675d: both
+CND+ 0x7f4e64aa676f: not taken
+CND+ 0x7f4e64aa6782: both
+CND+ 0x7f4e64aa6787: both
+CND+ 0x7f4e64aa6795: both
+CND+ 0x7f4e64aa68b1: not taken
+CND+ 0x7f4e64aa68dc: not taken
+CND+ 0x7f4e64aa68ea: not taken
+CND+ 0x7f4e64aa68ec: both
+CND+ 0x7f4e64aa68f5: not taken
+CND+ 0x7f4e64aa68fb: taken
+CND+ 0x7f4e64aa6943: not taken
+CND+ 0x7f4e64aa694c: taken
+CND+ 0x7f4e64aa6983: not taken
+CND+ 0x7f4e64aa6989: both
+CND+ 0x7f4e64aa6990: not taken
+CND+ 0x7f4e64aa69ab: taken
+CND+ 0x7f4e64aa6a0b: taken
+CND+ 0x7f4e64aa6b10: both
+CND+ 0x7f4e64aa6b1c: not taken
+CND+ 0x7f4e64aa6b21: both
+CND+ 0x7f4e64aa6b2f: not taken
+CND+ 0x7f4e64aa6b37: both
+CND+ 0x7f4e64aa6b44: both
+CND+ 0x7f4e64aa6b5e: taken
+CND+ 0x7f4e64aa6b92: both
+CND+ 0x7f4e64aa6b9b: taken
+CND+ 0x7f4e64aa6bfb: taken
+CND+ 0x7f4e64aa6d68: both
+CND+ 0x7f4e64aa6d71: taken
+CND+ 0x7f4e64aa6d8b: not taken
+CND+ 0x7f4e64aa6da3: taken
+CND+ 0x7f4e64aa6ddd: taken
+CND+ 0x7f4e64aa6e02: not taken
+CND+ 0x7f4e64aa6e0b: taken
+CND+ 0x7f4e64aa6e2f: not taken
+CND+ 0x7f4e64aa6e35: taken
+CND+ 0x7f4e64aa6e4f: not taken
+CND+ 0x7f4e64aa6e58: both
+CND+ 0x7f4e64aa6f7d: not taken
+CND+ 0x7f4e64aa702c: not taken
+CND+ 0x7f4e64aa70c7: not taken
+CND+ 0x7f4e64aa70d0: both
+CND+ 0x7f4e64aa70d9: not taken
+CND+ 0x7f4e64aa75a7: both
+CND+ 0x7f4e64aa75ed: not taken
+CND+ 0x7f4e64aa75f2: taken
+CND+ 0x7f4e64aa7682: not taken
+CND+ 0x7f4e64aa76a1: not taken
+CND+ 0x7f4e64aa77bb: not taken
+CND+ 0x7f4e64aa7835: not taken
+CND+ 0x7f4e64aa7870: not taken
+CND+ 0x7f4e64aa788e: not taken
+CND+ 0x7f4e64aa789e: not taken
+CND+ 0x7f4e64aa79ca: both
+CND+ 0x7f4e64aa79ea: taken
+CND+ 0x7f4e64aa79f6: taken
+CND+ 0x7f4e64aa7a15: taken
+CND+ 0x7f4e64aa7a38: not taken
+CND+ 0x7f4e64aa7a48: taken
+CND+ 0x7f4e64aa7abb: not taken
+CND+ 0x7f4e64aa814f: not taken
+CND+ 0x7f4e64aa816f: not taken
+CND+ 0x7f4e64aa817e: taken
+CND+ 0x7f4e64aa8a5f: taken
+CND+ 0x7f4e64aa8b46: not taken
+CND+ 0x7f4e64aa8b50: taken
+CND+ 0x7f4e64aa8b69: taken
+CND+ 0x7f4e64aa8b93: taken
+CND+ 0x7f4e64aa8d2b: taken
+CND+ 0x7f4e64aa8e50: not taken
+CND+ 0x7f4e64aa9227: taken
+CND+ 0x7f4e64aa925f: not taken
+CND+ 0x7f4e64aa9278: taken
+CND+ 0x7f4e64aa92b9: not taken
+CND+ 0x7f4e64aa92d7: taken
+CND+ 0x7f4e64aa930b: taken
+CND+ 0x7f4e64aa9383: taken
+CND+ 0x7f4e64aa93e2: taken
+CND+ 0x7f4e64aa9456: taken
+CND+ 0x7f4e64aa9488: both
+CND+ 0x7f4e64aa948c: not taken
+CND+ 0x7f4e64aa9493: not taken
+CND+ 0x7f4e64aa9498: both
+CND+ 0x7f4e64aa94e0: not taken
+CND+ 0x7f4e64aa9512: not taken
+CND+ 0x7f4e64aa9519: taken
+CND+ 0x7f4e64aa9548: not taken
+CND+ 0x7f4e64aa954d: not taken
+CND+ 0x7f4e64aa95c9: not taken
+CND+ 0x7f4e64aa95d7: taken
+CND+ 0x7f4e64aa96f8: taken
+CND+ 0x7f4e64aa97b9: not taken
+CND+ 0x7f4e64aa9830: not taken
+CND+ 0x7f4e64aa9846: taken
+CND+ 0x7f4e64aa986e: not taken
+CND+ 0x7f4e64aa9b09: not taken
+CND+ 0x7f4e64aa9b13: not taken
+CND+ 0x7f4e64aa9c18: taken
+CND+ 0x7f4e64aa9c9d: not taken
+CND+ 0x7f4e64aa9dfa: taken
+CND+ 0x7f4e64aab946: both
+CND+ 0x7f4e64aab963: both
+CND+ 0x7f4e64aab968: not taken
+CND+ 0x7f4e64aab96e: not taken
+CND+ 0x7f4e64aab986: not taken
+CND+ 0x7f4e64aab98b: both
+CND+ 0x7f4e64aab99a: both
+CND+ 0x7f4e64aab99f: both
+CND+ 0x7f4e64aab9ac: both
+CND+ 0x7f4e64aab9b7: both
+CND+ 0x7f4e64aab9c4: not taken
+CND+ 0x7f4e64aaba10: not taken
+CND+ 0x7f4e64aaba15: taken
+CND+ 0x7f4e64aaba2e: both
+CND+ 0x7f4e64aaba32: both
+CND+ 0x7f4e64aaba5c: both
+CND+ 0x7f4e64aabadd: not taken
+CND+ 0x7f4e64aabae2: not taken
+CND+ 0x7f4e64aabafe: not taken
+CND+ 0x7f4e64aabb02: both
+CND+ 0x7f4e64aabb48: both
+CND+ 0x7f4e64aabb52: not taken
+CND+ 0x7f4e64aabb5c: not taken
+CND+ 0x7f4e64aabb65: both
+CND+ 0x7f4e64aabb6b: taken
+CND+ 0x7f4e64aabb75: not taken
+CND+ 0x7f4e64aabb95: not taken
+CND+ 0x7f4e64aabba2: not taken
+CND+ 0x7f4e64aabbc4: not taken
+CND+ 0x7f4e64aabbce: not taken
+CND+ 0x7f4e64aabbf6: taken
+CND+ 0x7f4e64aabc24: taken
+CND+ 0x7f4e64aabce1: not taken
+CND+ 0x7f4e64aabcea: not taken
+CND+ 0x7f4e64aabcf3: not taken
+CND+ 0x7f4e64aabd25: not taken
+CND+ 0x7f4e64aabd53: not taken
+CND+ 0x7f4e64aabd5d: not taken
+CND+ 0x7f4e64aabeb5: not taken
+CND+ 0x7f4e64aabeba: not taken
+CND+ 0x7f4e64aabed8: both
+CND+ 0x7f4e64aabedc: taken
+CND+ 0x7f4e64aabf0f: not taken
+CND+ 0x7f4e64aabf15: not taken
+CND+ 0x7f4e64aac46f: not taken
+CND+ 0x7f4e64aac53d: not taken
+CND+ 0x7f4e64aac547: not taken
+CND+ 0x7f4e64aac605: not taken
+CND+ 0x7f4e64aac60f: not taken
+CND+ 0x7f4e64aac647: not taken
+CND+ 0x7f4e64aac65e: not taken
+CND+ 0x7f4e64aac7bd: taken
+CND+ 0x7f4e64aac7d2: taken
+CND+ 0x7f4e64aac7df: not taken
+CND+ 0x7f4e64aac7e4: both
+CND+ 0x7f4e64aac7fa: taken
+CND+ 0x7f4e64aac856: not taken
+CND+ 0x7f4e64aac85b: taken
+CND+ 0x7f4e64aac87a: not taken
+CND+ 0x7f4e64aac89a: not taken
+CND+ 0x7f4e64aac8b7: not taken
+CND+ 0x7f4e64aac8c5: not taken
+CND+ 0x7f4e64aac8d4: taken
+CND+ 0x7f4e64aacdf1: not taken
+CND+ 0x7f4e64aace0c: not taken
@0x7f4e64aa955f to 0x7f4e64aa9580 1
@0x7f4e64aa955f to 0x7f4e64aa95c0 1
@0x7f4e64aa955f to 0x7f4e64aa95a8 2
@0x7f4e64aa78af to 0x7f4e64aa7a01 203
@0x7f4e64aa78af to 0x7f4e64aa79f0 11
@0x7f4e64aa78af to 0x7f4e64aa7a28 1
@0x7f4e64aabc19 to 0x7f4e64a9f7d0 1
@0x7f4e64aabc19 to 0x7f4e64aa6120 1
@0x7f4e64a9b050 to 0x7f4e685d4a30 4
@0x7f4e64a9b080 to 0x7f4e68574330 2
@0x7f4e64a9b090 to 0x7f4e68616710 1
@0x7f4e64a9b0a0 to 0x7f4e685ece70 5
@0x7f4e64a9b0d0 to 0x7f4e68587a20 7
@0x7f4e64a9b0f0 to 0x7f4e686ab800 4
@0x7f4e64a9b130 to 0x7f4e686171e0 1
@0x7f4e64a9b140 to 0x7f4e6858bc10 1
@0x7f4e64a9b150 to 0x7f4e68639800 4
@0x7f4e64a9b160 to 0x7f4e68616230 1
@0x7f4e64a9b190 to 0x7f4e686abbc0 8
@0x7f4e64a9b1c0 to 0x7f4e68617200 1
@0x7f4e64a9b1e0 to 0x7f4e686ab5d0 1
@0x7f4e64a9b220 to 0x7f4e68617210 2
@0x7f4e64a9b230 to 0x7f4e6863ab10 1
@0x7f4e64a9d16e to 0x7f4e64a9d1c0 1
@0x7f4e64a9b280 to 0x7f4e686a6d10 12
@0x7f4e64a9b2a0 to 0x7f4e68587450 4
@0x7f4e64a9d1ac to 0x7f4e64a9de90 1
@0x7f4e64a9b2d0 to 0x7f4e686a7100 9
@0x7f4e64a9b320 to 0x7f4e685880f0 4
@0x7f4e64a9b330 to 0x7f4e686ac100 6
@0x7f4e64a9b350 to 0x7f4e68617220 1
@0x7f4e64a9b370 to 0x7f4e68639800 2
@0x7f4e64a9b390 to 0x7f4e685d43e0 23
@0x7f4e64a9b3b0 to 0x7f4e68617230 1
@0x7f4e64a9b3c0 to 0x7f4e686a6e90 24
@0x7f4e64a9b3e0 to 0x7f4e68657ba0 1
@0x7f4e64a9b410 to 0x7f4e685d4c80 1
@0x7f4e64a9b460 to 0x7f4e686ac0e0 14
@0x7f4e64a9b510 to 0x7f4e686171f0 1
@0x7f4e64a9b560 to 0x7f4e686164e0 1
@0x7f4e64a9b570 to 0x7f4e68580580 191
@0x7f4e64aa6f91 to 0x7f4e64aa7075 1
@0x7f4e64a9b784 to 0x7f4e68573fb0 1
@0x7f4e64aace01 to 0x7f4e64a9b840 1
