MODULE_NAME: /usr/bin/gs
MODULE_START: 0x7f30ad9c3000
+B+: 0x7f30ad9c4000 0x7f30ad9c400f
+B+: 0x7f30ad9c4012 0x7f30ad9c4016
+B+: 0x7f30ad9c4020 0x7f30ad9c402b
+B+: 0x7f30ad9c4030 0x7f30ad9c4035
+B+: 0x7f30ad9c4036 0x7f30ad9c403f
+B+: 0x7f30ad9c4040 0x7f30ad9c4045
+B+: 0x7f30ad9c4046 0x7f30ad9c404f
+B+: 0x7f30ad9c4050 0x7f30ad9c4055
+B+: 0x7f30ad9c4056 0x7f30ad9c405f
+B+: 0x7f30ad9c4090 0x7f30ad9c4095
+B+: 0x7f30ad9c4096 0x7f30ad9c409f
+B+: 0x7f30ad9c40b0 0x7f30ad9c40b5
+B+: 0x7f30ad9c40b6 0x7f30ad9c40bf
+B+: 0x7f30ad9c40c0 0x7f30ad9c40c5
+B+: 0x7f30ad9c40c6 0x7f30ad9c40cf
+B+: 0x7f30ad9c40d0 0x7f30ad9c40d5
+B+: 0x7f30ad9c40d6 0x7f30ad9c40df
+B+: 0x7f30ad9c40e0 0x7f30ad9c40e5
+B+: 0x7f30ad9c40f0 0x7f30ad9c4121
+B+: 0x7f30ad9c4122 0x7f30ad9c4127
+B+: 0x7f30ad9c4128 0x7f30ad9c4130
+B+: 0x7f30ad9c4131 0x7f30ad9c4132
+B+: 0x7f30ad9c4133 0x7f30ad9c4137
+B+: 0x7f30ad9c4138 0x7f30ad9c4152
+B+: 0x7f30ad9c4153 0x7f30ad9c415b
+B+: 0x7f30ad9c4184 0x7f30ad9c41a2
+B+: 0x7f30ad9c41a3 0x7f30ad9c41b1
+B+: 0x7f30ad9c41b2 0x7f30ad9c41b7
+B+: 0x7f30ad9c41b8 0x7f30ad9c41c1
+B+: 0x7f30ad9c41c2 0x7f30ad9c41c5
+B+: 0x7f30ad9c41c6 0x7f30ad9c41ca
+B+: 0x7f30ad9c41cb 0x7f30ad9c41d6
+B+: 0x7f30ad9c41d7 0x7f30ad9c41db
+B+: 0x7f30ad9c4220 0x7f30ad9c4249
+B+: 0x7f30ad9c4250 0x7f30ad9c4262
+B+: 0x7f30ad9c4278 0x7f30ad9c4278
+B+: 0x7f30ad9c4280 0x7f30ad9c42a3
+B+: 0x7f30ad9c42b8 0x7f30ad9c42b8
+B+: 0x7f30ad9c42c0 0x7f30ad9c42c8
+B+: 0x7f30ad9c42c9 0x7f30ad9c42d6
+B+: 0x7f30ad9c42d7 0x7f30ad9c42e2
+B+: 0x7f30ad9c42e3 0x7f30ad9c42e7
+B+: 0x7f30ad9c42e8 0x7f30ad9c42f0
+B+: 0x7f30ad9c4300 0x7f30ad9c4304
+B+: 0x7f30ad9c4350 0x7f30ad9c4373
+B+: 0x7f30ad9c4374 0x7f30ad9c437c
+B+: 0x7f30ad9c437d 0x7f30ad9c4385
+B+: 0x7f30ad9c43c0 0x7f30ad9c43ec
+B+: 0x7f30ad9c43ed 0x7f30ad9c43f2
+B+: 0x7f30ad9c43f3 0x7f30ad9c4404
+B+: 0x7f30ad9c4405 0x7f30ad9c440d
+B+: 0x7f30ad9c440e 0x7f30ad9c441c
+B+: 0x7f30ad9c4424 0x7f30ad9c442c
+CND+ 0x7f30ad9c400e: taken
+CND+ 0x7f30ad9c4126: taken
+CND+ 0x7f30ad9c412b: not taken
+CND+ 0x7f30ad9c4131: not taken
+CND+ 0x7f30ad9c4136: not taken
+CND+ 0x7f30ad9c414d: not taken
+CND+ 0x7f30ad9c41b6: not taken
+CND+ 0x7f30ad9c41c4: not taken
+CND+ 0x7f30ad9c41c9: not taken
+CND+ 0x7f30ad9c4261: taken
+CND+ 0x7f30ad9c42a2: taken
+CND+ 0x7f30ad9c42c7: not taken
+CND+ 0x7f30ad9c42d5: not taken
+CND+ 0x7f30ad9c43f1: not taken
+CND+ 0x7f30ad9c440c: not taken
@0x7f30ad9c4026 to 0x7f30b19b3500 7
@0x7f30ad9c4030 to 0x7f30ad9c4036 1
@0x7f30ad9c4040 to 0x7f30ad9c4046 1
@0x7f30ad9c4050 to 0x7f30ad9c4056 1
@0x7f30ad9c4090 to 0x7f30ad9c4096 1
@0x7f30ad9c40b0 to 0x7f30ad9c40b6 1
@0x7f30ad9c40c0 to 0x7f30ad9c40c6 1
@0x7f30ad9c40d0 to 0x7f30ad9c40d6 1
@0x7f30ad9c40e0 to 0x7f30b05191c0 1
@0x7f30ad9c4244 to 0x7f30b0502fb0 1
@0x7f30ad9c4401 to 0x7f30ad9c4300 1
