MODULE_NAME: /usr/bin/gs
MODULE_START: 0x7fd4da27b000
+B+: 0x7fd4da27c000 0x7fd4da27c00f
+B+: 0x7fd4da27c012 0x7fd4da27c016
+B+: 0x7fd4da27c020 0x7fd4da27c02b
+B+: 0x7fd4da27c030 0x7fd4da27c035
+B+: 0x7fd4da27c036 0x7fd4da27c03f
+B+: 0x7fd4da27c040 0x7fd4da27c045
+B+: 0x7fd4da27c046 0x7fd4da27c04f
+B+: 0x7fd4da27c050 0x7fd4da27c055
+B+: 0x7fd4da27c056 0x7fd4da27c05f
+B+: 0x7fd4da27c0b0 0x7fd4da27c0b5
+B+: 0x7fd4da27c0b6 0x7fd4da27c0bf
+B+: 0x7fd4da27c0c0 0x7fd4da27c0c5
+B+: 0x7fd4da27c0c6 0x7fd4da27c0cf
+B+: 0x7fd4da27c0e0 0x7fd4da27c0e5
+B+: 0x7fd4da27c0f0 0x7fd4da27c121
+B+: 0x7fd4da27c122 0x7fd4da27c127
+B+: 0x7fd4da27c128 0x7fd4da27c130
+B+: 0x7fd4da27c131 0x7fd4da27c132
+B+: 0x7fd4da27c133 0x7fd4da27c137
+B+: 0x7fd4da27c13d 0x7fd4da27c152
+B+: 0x7fd4da27c153 0x7fd4da27c15b
+B+: 0x7fd4da27c178 0x7fd4da27c183
+B+: 0x7fd4da27c184 0x7fd4da27c1a2
+B+: 0x7fd4da27c1a3 0x7fd4da27c1b1
+B+: 0x7fd4da27c1b2 0x7fd4da27c1b7
+B+: 0x7fd4da27c1b8 0x7fd4da27c1c1
+B+: 0x7fd4da27c1c2 0x7fd4da27c1c5
+B+: 0x7fd4da27c1c6 0x7fd4da27c1ca
+B+: 0x7fd4da27c1cb 0x7fd4da27c1d6
+B+: 0x7fd4da27c1d7 0x7fd4da27c1db
+B+: 0x7fd4da27c1dc 0x7fd4da27c1e0
+B+: 0x7fd4da27c213 0x7fd4da27c216
+B+: 0x7fd4da27c220 0x7fd4da27c249
+B+: 0x7fd4da27c250 0x7fd4da27c262
+B+: 0x7fd4da27c278 0x7fd4da27c278
+B+: 0x7fd4da27c280 0x7fd4da27c2a3
+B+: 0x7fd4da27c2b8 0x7fd4da27c2b8
+B+: 0x7fd4da27c2c0 0x7fd4da27c2c8
+B+: 0x7fd4da27c2c9 0x7fd4da27c2d6
+B+: 0x7fd4da27c2d7 0x7fd4da27c2e2
+B+: 0x7fd4da27c2e3 0x7fd4da27c2e7
+B+: 0x7fd4da27c2e8 0x7fd4da27c2f0
+B+: 0x7fd4da27c300 0x7fd4da27c304
+B+: 0x7fd4da27c3c0 0x7fd4da27c3ec
+B+: 0x7fd4da27c3ed 0x7fd4da27c3f2
+B+: 0x7fd4da27c3f3 0x7fd4da27c404
+B+: 0x7fd4da27c405 0x7fd4da27c40d
+B+: 0x7fd4da27c40e 0x7fd4da27c41c
+B+: 0x7fd4da27c424 0x7fd4da27c42c
+CND+ 0x7fd4da27c00e: taken
+CND+ 0x7fd4da27c126: taken
+CND+ 0x7fd4da27c12b: not taken
+CND+ 0x7fd4da27c131: not taken
+CND+ 0x7fd4da27c136: taken
+CND+ 0x7fd4da27c14d: not taken
+CND+ 0x7fd4da27c1b6: not taken
+CND+ 0x7fd4da27c1c4: not taken
+CND+ 0x7fd4da27c1c9: taken
+CND+ 0x7fd4da27c1df: taken
+CND+ 0x7fd4da27c261: taken
+CND+ 0x7fd4da27c2a2: taken
+CND+ 0x7fd4da27c2c7: not taken
+CND+ 0x7fd4da27c2d5: not taken
+CND+ 0x7fd4da27c3f1: not taken
+CND+ 0x7fd4da27c40c: not taken
@0x7fd4da27c026 to 0x7fd4de26b500 5
@0x7fd4da27c030 to 0x7fd4da27c036 1
@0x7fd4da27c040 to 0x7fd4da27c046 1
@0x7fd4da27c050 to 0x7fd4da27c056 1
@0x7fd4da27c0b0 to 0x7fd4da27c0b6 1
@0x7fd4da27c0c0 to 0x7fd4da27c0c6 1
@0x7fd4da27c0e0 to 0x7fd4dcdd11c0 1
@0x7fd4da27c244 to 0x7fd4dcdbafb0 1
@0x7fd4da27c401 to 0x7fd4da27c300 1
