MODULE_NAME: /usr/bin/gs
MODULE_START: 0x7fabb185c000
+B+: 0x7fabb185d000 0x7fabb185d00f
+B+: 0x7fabb185d012 0x7fabb185d016
+B+: 0x7fabb185d020 0x7fabb185d02b
+B+: 0x7fabb185d030 0x7fabb185d035
+B+: 0x7fabb185d036 0x7fabb185d03f
+B+: 0x7fabb185d040 0x7fabb185d045
+B+: 0x7fabb185d046 0x7fabb185d04f
+B+: 0x7fabb185d050 0x7fabb185d055
+B+: 0x7fabb185d056 0x7fabb185d05f
+B+: 0x7fabb185d0b0 0x7fabb185d0b5
+B+: 0x7fabb185d0b6 0x7fabb185d0bf
+B+: 0x7fabb185d0c0 0x7fabb185d0c5
+B+: 0x7fabb185d0c6 0x7fabb185d0cf
+B+: 0x7fabb185d0e0 0x7fabb185d0e5
+B+: 0x7fabb185d0f0 0x7fabb185d121
+B+: 0x7fabb185d122 0x7fabb185d127
+B+: 0x7fabb185d128 0x7fabb185d130
+B+: 0x7fabb185d131 0x7fabb185d132
+B+: 0x7fabb185d133 0x7fabb185d137
+B+: 0x7fabb185d13d 0x7fabb185d152
+B+: 0x7fabb185d153 0x7fabb185d15b
+B+: 0x7fabb185d178 0x7fabb185d183
+B+: 0x7fabb185d184 0x7fabb185d1a2
+B+: 0x7fabb185d1a3 0x7fabb185d1b1
+B+: 0x7fabb185d1b2 0x7fabb185d1b7
+B+: 0x7fabb185d1b8 0x7fabb185d1c1
+B+: 0x7fabb185d1c2 0x7fabb185d1c5
+B+: 0x7fabb185d1c6 0x7fabb185d1ca
+B+: 0x7fabb185d1cb 0x7fabb185d1d6
+B+: 0x7fabb185d1d7 0x7fabb185d1db
+B+: 0x7fabb185d1dc 0x7fabb185d1e0
+B+: 0x7fabb185d213 0x7fabb185d216
+B+: 0x7fabb185d220 0x7fabb185d249
+B+: 0x7fabb185d250 0x7fabb185d262
+B+: 0x7fabb185d278 0x7fabb185d278
+B+: 0x7fabb185d280 0x7fabb185d2a3
+B+: 0x7fabb185d2b8 0x7fabb185d2b8
+B+: 0x7fabb185d2c0 0x7fabb185d2c8
+B+: 0x7fabb185d2c9 0x7fabb185d2d6
+B+: 0x7fabb185d2d7 0x7fabb185d2e2
+B+: 0x7fabb185d2e3 0x7fabb185d2e7
+B+: 0x7fabb185d2e8 0x7fabb185d2f0
+B+: 0x7fabb185d300 0x7fabb185d304
+B+: 0x7fabb185d3c0 0x7fabb185d3ec
+B+: 0x7fabb185d3ed 0x7fabb185d3f2
+B+: 0x7fabb185d3f3 0x7fabb185d404
+B+: 0x7fabb185d405 0x7fabb185d40d
+B+: 0x7fabb185d40e 0x7fabb185d41c
+B+: 0x7fabb185d424 0x7fabb185d42c
+CND+ 0x7fabb185d00e: taken
+CND+ 0x7fabb185d126: taken
+CND+ 0x7fabb185d12b: not taken
+CND+ 0x7fabb185d131: not taken
+CND+ 0x7fabb185d136: taken
+CND+ 0x7fabb185d14d: not taken
+CND+ 0x7fabb185d1b6: not taken
+CND+ 0x7fabb185d1c4: not taken
+CND+ 0x7fabb185d1c9: taken
+CND+ 0x7fabb185d1df: taken
+CND+ 0x7fabb185d261: taken
+CND+ 0x7fabb185d2a2: taken
+CND+ 0x7fabb185d2c7: not taken
+CND+ 0x7fabb185d2d5: not taken
+CND+ 0x7fabb185d3f1: not taken
+CND+ 0x7fabb185d40c: not taken
@0x7fabb185d026 to 0x7fabb584c500 5
@0x7fabb185d030 to 0x7fabb185d036 1
@0x7fabb185d040 to 0x7fabb185d046 1
@0x7fabb185d050 to 0x7fabb185d056 1
@0x7fabb185d0b0 to 0x7fabb185d0b6 1
@0x7fabb185d0c0 to 0x7fabb185d0c6 1
@0x7fabb185d0e0 to 0x7fabb43b21c0 1
@0x7fabb185d244 to 0x7fabb439bfb0 1
@0x7fabb185d401 to 0x7fabb185d300 1
