MODULE_NAME: /bin/dash
MODULE_START: 0x7fc139718000
+B+: 0x7fc13971c000 0x7fc13971c00f
+B+: 0x7fc13971c012 0x7fc13971c016
+B+: 0x7fc13971c050 0x7fc13971c055
+B+: 0x7fc13971c080 0x7fc13971c085
+B+: 0x7fc13971c090 0x7fc13971c095
+B+: 0x7fc13971c0a0 0x7fc13971c0a5
+B+: 0x7fc13971c0d0 0x7fc13971c0d5
+B+: 0x7fc13971c0f0 0x7fc13971c0f5
+B+: 0x7fc13971c130 0x7fc13971c135
+B+: 0x7fc13971c140 0x7fc13971c145
+B+: 0x7fc13971c150 0x7fc13971c155
+B+: 0x7fc13971c160 0x7fc13971c165
+B+: 0x7fc13971c190 0x7fc13971c195
+B+: 0x7fc13971c1c0 0x7fc13971c1c5
+B+: 0x7fc13971c1e0 0x7fc13971c1e5
+B+: 0x7fc13971c220 0x7fc13971c225
+B+: 0x7fc13971c230 0x7fc13971c235
+B+: 0x7fc13971c280 0x7fc13971c285
+B+: 0x7fc13971c2a0 0x7fc13971c2a5
+B+: 0x7fc13971c2d0 0x7fc13971c2d5
+B+: 0x7fc13971c320 0x7fc13971c325
+B+: 0x7fc13971c330 0x7fc13971c335
+B+: 0x7fc13971c350 0x7fc13971c355
+B+: 0x7fc13971c370 0x7fc13971c375
+B+: 0x7fc13971c390 0x7fc13971c395
+B+: 0x7fc13971c3b0 0x7fc13971c3b5
+B+: 0x7fc13971c3c0 0x7fc13971c3c5
+B+: 0x7fc13971c3e0 0x7fc13971c3e5
+B+: 0x7fc13971c410 0x7fc13971c415
+B+: 0x7fc13971c460 0x7fc13971c465
+B+: 0x7fc13971c510 0x7fc13971c515
+B+: 0x7fc13971c560 0x7fc13971c565
+B+: 0x7fc13971c570 0x7fc13971c575
+B+: 0x7fc13971c590 0x7fc13971c5b8
+B+: 0x7fc13971c5b9 0x7fc13971c5c4
+B+: 0x7fc13971c5c5 0x7fc13971c5cf
+B+: 0x7fc13971c5d0 0x7fc13971c5e7
+B+: 0x7fc13971c5e8 0x7fc13971c5ef
+B+: 0x7fc13971c5f0 0x7fc13971c600
+B+: 0x7fc13971c601 0x7fc13971c60b
+B+: 0x7fc13971c60c 0x7fc13971c615
+B+: 0x7fc13971c616 0x7fc13971c623
+B+: 0x7fc13971c624 0x7fc13971c62b
+B+: 0x7fc13971c62c 0x7fc13971c63c
+B+: 0x7fc13971c657 0x7fc13971c660
+B+: 0x7fc13971c661 0x7fc13971c678
+B+: 0x7fc13971c679 0x7fc13971c67f
+B+: 0x7fc13971c680 0x7fc13971c68c
+B+: 0x7fc13971c68d 0x7fc13971c696
+B+: 0x7fc13971c697 0x7fc13971c69b
+B+: 0x7fc13971c760 0x7fc13971c789
+B+: 0x7fc13971c7c0 0x7fc13971c7e3
+B+: 0x7fc13971c7f8 0x7fc13971c7f8
+B+: 0x7fc13971c840 0x7fc13971c844
+B+: 0x7fc13971c850 0x7fc13971c863
+B+: 0x7fc13971c864 0x7fc13971c86f
+B+: 0x7fc13971c870 0x7fc13971c87d
+B+: 0x7fc13971c87e 0x7fc13971c8aa
+B+: 0x7fc13971c8ab 0x7fc13971c8ac
+B+: 0x7fc13971c8cb 0x7fc13971c8d2
+B+: 0x7fc13971ca50 0x7fc13971ca57
+B+: 0x7fc13971ca58 0x7fc13971ca5e
+B+: 0x7fc13971ca5f 0x7fc13971ca63
+B+: 0x7fc13971ca71 0x7fc13971ca72
+B+: 0x7fc13971d6d0 0x7fc13971d6eb
+B+: 0x7fc13971d6ec 0x7fc13971d705
+B+: 0x7fc13971d717 0x7fc13971d71b
+B+: 0x7fc13971d71c 0x7fc13971d720
+B+: 0x7fc13971d72c 0x7fc13971d730
+B+: 0x7fc13971d73e 0x7fc13971d74d
+B+: 0x7fc13971d74e 0x7fc13971d757
+B+: 0x7fc13971d758 0x7fc13971d775
+B+: 0x7fc13971d780 0x7fc13971d788
+B+: 0x7fc13971d789 0x7fc13971d790
+B+: 0x7fc13971d791 0x7fc13971d79c
+B+: 0x7fc13971e060 0x7fc13971e07e
+B+: 0x7fc13971e10d 0x7fc13971e11c
+B+: 0x7fc13971e11d 0x7fc13971e123
+B+: 0x7fc13971e140 0x7fc13971e14a
+B+: 0x7fc13971e14b 0x7fc13971e152
+B+: 0x7fc13971e153 0x7fc13971e15d
+B+: 0x7fc13971e15e 0x7fc13971e16f
+B+: 0x7fc13971e188 0x7fc13971e18c
+B+: 0x7fc13971e18d 0x7fc13971e191
+B+: 0x7fc13971e192 0x7fc13971e19c
+B+: 0x7fc13971e1a7 0x7fc13971e1ad
+B+: 0x7fc13971e1ae 0x7fc13971e1b5
+B+: 0x7fc13971e1c0 0x7fc13971e1cf
+B+: 0x7fc13971ebc0 0x7fc13971ebfa
+B+: 0x7fc13971ebfb 0x7fc13971ec07
+B+: 0x7fc13971ec08 0x7fc13971ec0f
+B+: 0x7fc13971ec10 0x7fc13971ec11
+B+: 0x7fc13971ec18 0x7fc13971ec21
+B+: 0x7fc13971ec22 0x7fc13971ec2e
+B+: 0x7fc13971ec32 0x7fc13971ec39
+B+: 0x7fc13971ec3a 0x7fc13971ec49
+B+: 0x7fc13971ec4a 0x7fc13971ec51
+B+: 0x7fc13971ec52 0x7fc13971ec58
+B+: 0x7fc13971ec59 0x7fc13971ec60
+B+: 0x7fc13971ec61 0x7fc13971ec68
+B+: 0x7fc13971ec69 0x7fc13971ec6d
+B+: 0x7fc13971ec6e 0x7fc13971ec77
+B+: 0x7fc13971ec78 0x7fc13971ec89
+B+: 0x7fc13971ec8a 0x7fc13971ec98
+B+: 0x7fc13971ee90 0x7fc13971eed3
+B+: 0x7fc13971eedf 0x7fc13971eef5
+B+: 0x7fc13971eef6 0x7fc13971eefa
+B+: 0x7fc13971eefb 0x7fc13971ef5a
+B+: 0x7fc13971ef5b 0x7fc13971ef67
+B+: 0x7fc13971ef68 0x7fc13971ef77
+B+: 0x7fc13971ef78 0x7fc13971ef7f
+B+: 0x7fc13971ef80 0x7fc13971ef8b
+B+: 0x7fc13971ef8c 0x7fc13971ef94
+B+: 0x7fc13971ef95 0x7fc13971ef9b
+B+: 0x7fc13971efa0 0x7fc13971efaf
+B+: 0x7fc13971efb0 0x7fc13971efc5
+B+: 0x7fc13971efc6 0x7fc13971efcf
+B+: 0x7fc13971efd0 0x7fc13971efe3
+B+: 0x7fc13971efe4 0x7fc13971effc
+B+: 0x7fc13971f019 0x7fc13971f02b
+B+: 0x7fc13971f02c 0x7fc13971f034
+B+: 0x7fc13971f035 0x7fc13971f047
+B+: 0x7fc13971f048 0x7fc13971f05b
+B+: 0x7fc13971f0a8 0x7fc13971f0b4
+B+: 0x7fc13971f0b5 0x7fc13971f0b9
+B+: 0x7fc13971f0db 0x7fc13971f0e1
+B+: 0x7fc13971f0f0 0x7fc13971f103
+B+: 0x7fc13971f104 0x7fc13971f113
+B+: 0x7fc13971f114 0x7fc13971f11b
+B+: 0x7fc13971f11c 0x7fc13971f122
+B+: 0x7fc13971f123 0x7fc13971f152
+B+: 0x7fc13971f153 0x7fc13971f15f
+B+: 0x7fc13971f160 0x7fc13971f168
+B+: 0x7fc13971f216 0x7fc13971f21c
+B+: 0x7fc13971f224 0x7fc13971f22d
+B+: 0x7fc13971f22e 0x7fc13971f237
+B+: 0x7fc13971f238 0x7fc13971f241
+B+: 0x7fc13971f242 0x7fc13971f24b
+B+: 0x7fc13971f25d 0x7fc13971f266
+B+: 0x7fc13971f267 0x7fc13971f281
+B+: 0x7fc13971f282 0x7fc13971f293
+B+: 0x7fc13971f34c 0x7fc13971f353
+B+: 0x7fc13971f354 0x7fc13971f36f
+B+: 0x7fc13971f51b 0x7fc13971f525
+B+: 0x7fc13971f526 0x7fc13971f52e
+B+: 0x7fc13971f52f 0x7fc13971f537
+B+: 0x7fc13971f8d0 0x7fc13971f8ec
+B+: 0x7fc13971f8ed 0x7fc13971f8f1
+B+: 0x7fc13971f8f8 0x7fc13971f8fa
+B+: 0x7fc13971f8fb 0x7fc13971f907
+B+: 0x7fc13971f908 0x7fc13971f93e
+B+: 0x7fc13971f93f 0x7fc13971f940
+B+: 0x7fc13971f963 0x7fc13971f977
+B+: 0x7fc13971f980 0x7fc13971f986
+B+: 0x7fc13971f987 0x7fc13971f98e
+B+: 0x7fc13971f98f 0x7fc13971f997
+B+: 0x7fc13971f998 0x7fc13971f9ba
+B+: 0x7fc13971f9bb 0x7fc13971f9bc
+B+: 0x7fc13971f9c0 0x7fc13971f9e7
+B+: 0x7fc13971f9e8 0x7fc13971f9f7
+B+: 0x7fc13971fa19 0x7fc13971fa21
+B+: 0x7fc13971fa22 0x7fc13971fa2a
+B+: 0x7fc13971fa2b 0x7fc13971fa34
+B+: 0x7fc13971fa35 0x7fc13971fa3f
+B+: 0x7fc13971fad0 0x7fc13971fae9
+B+: 0x7fc13971faea 0x7fc13971fb00
+B+: 0x7fc13971fb10 0x7fc13971fb1f
+B+: 0x7fc13971fb20 0x7fc13971fb2b
+B+: 0x7fc13971fb2c 0x7fc13971fb31
+B+: 0x7fc13971fb32 0x7fc13971fb41
+B+: 0x7fc13971fb56 0x7fc13971fb61
+B+: 0x7fc13971fb62 0x7fc13971fb6f
+B+: 0x7fc13971fb70 0x7fc13971fb85
+B+: 0x7fc13971fb86 0x7fc13971fb97
+B+: 0x7fc13971fb98 0x7fc13971fbc0
+B+: 0x7fc13971fbc8 0x7fc13971fbcc
+B+: 0x7fc13971fbcd 0x7fc13971fbea
+B+: 0x7fc13971fd70 0x7fc13971fd98
+B+: 0x7fc13971fda0 0x7fc13971fda1
+B+: 0x7fc13971fda2 0x7fc13971fdaa
+B+: 0x7fc13971fdab 0x7fc13971fdc5
+B+: 0x7fc13971fdc6 0x7fc13971fdc9
+B+: 0x7fc13971fdca 0x7fc13971fdd1
+B+: 0x7fc13971fdd2 0x7fc13971fde6
+B+: 0x7fc13971fdf0 0x7fc13971fe2a
+B+: 0x7fc13971fe2b 0x7fc13971fe2f
+B+: 0x7fc13971fe46 0x7fc13971fe5c
+B+: 0x7fc13971fe5d 0x7fc13971fe6e
+B+: 0x7fc13971fe90 0x7fc13971fead
+B+: 0x7fc13971fec8 0x7fc13971fed1
+B+: 0x7fc13971fed2 0x7fc13971fedd
+B+: 0x7fc13971ff6c 0x7fc13971ff8f
+B+: 0x7fc13971ff90 0x7fc13971ff9c
+B+: 0x7fc13971ff9d 0x7fc13971ffa8
+B+: 0x7fc13971ffa9 0x7fc13971ffb0
+B+: 0x7fc13971ffb1 0x7fc13971ffc5
+B+: 0x7fc139720008 0x7fc139720012
+B+: 0x7fc139720013 0x7fc13972001e
+B+: 0x7fc13972001f 0x7fc13972002e
+B+: 0x7fc139720060 0x7fc139720066
+B+: 0x7fc139720067 0x7fc139720074
+B+: 0x7fc139720075 0x7fc139720086
+B+: 0x7fc139720087 0x7fc13972008e
+B+: 0x7fc13972008f 0x7fc1397200a2
+B+: 0x7fc1397200a3 0x7fc1397200b0
+B+: 0x7fc139720100 0x7fc139720116
+B+: 0x7fc139720145 0x7fc13972014d
+B+: 0x7fc13972014e 0x7fc139720157
+B+: 0x7fc139720160 0x7fc139720166
+B+: 0x7fc1397201c0 0x7fc1397201d1
+B+: 0x7fc1397201e8 0x7fc1397201ef
+B+: 0x7fc139720248 0x7fc13972025b
+B+: 0x7fc13972025c 0x7fc139720271
+B+: 0x7fc1397207d0 0x7fc1397207ff
+B+: 0x7fc13972080f 0x7fc139720812
+B+: 0x7fc139720813 0x7fc13972081c
+B+: 0x7fc13972081d 0x7fc139720820
+B+: 0x7fc139720821 0x7fc13972082f
+B+: 0x7fc139720830 0x7fc13972083a
+B+: 0x7fc13972084f 0x7fc13972085a
+B+: 0x7fc13972085f 0x7fc139720862
+B+: 0x7fc139720870 0x7fc139720877
+B+: 0x7fc139720878 0x7fc13972088d
+B+: 0x7fc139721440 0x7fc139721464
+B+: 0x7fc13972161e 0x7fc139721627
+B+: 0x7fc139721628 0x7fc139721631
+B+: 0x7fc139721632 0x7fc139721659
+B+: 0x7fc1397216af 0x7fc1397216bc
+B+: 0x7fc1397216c0 0x7fc1397216cb
+B+: 0x7fc139721730 0x7fc13972173b
+B+: 0x7fc139721740 0x7fc13972175e
+B+: 0x7fc13972175f 0x7fc139721767
+B+: 0x7fc1397217d2 0x7fc1397217e3
+B+: 0x7fc1397218a0 0x7fc1397218a7
+B+: 0x7fc139722260 0x7fc1397222a5
+B+: 0x7fc1397222b5 0x7fc1397222be
+B+: 0x7fc1397222bf 0x7fc1397222d2
+B+: 0x7fc1397222d3 0x7fc1397222fc
+B+: 0x7fc1397222fd 0x7fc139722310
+B+: 0x7fc139722324 0x7fc139722328
+B+: 0x7fc139722336 0x7fc13972233f
+B+: 0x7fc139722340 0x7fc139722344
+B+: 0x7fc139722370 0x7fc139722386
+B+: 0x7fc139722387 0x7fc139722398
+B+: 0x7fc1397223a0 0x7fc1397223b6
+B+: 0x7fc1397223b7 0x7fc1397223d7
+B+: 0x7fc1397223dd 0x7fc1397223ec
+B+: 0x7fc139722850 0x7fc139722886
+B+: 0x7fc139722887 0x7fc13972289a
+B+: 0x7fc13972289b 0x7fc1397228ad
+B+: 0x7fc1397228ae 0x7fc1397228c4
+B+: 0x7fc1397228c5 0x7fc1397228d7
+B+: 0x7fc1397228d8 0x7fc1397228e7
+B+: 0x7fc1397228e8 0x7fc13972290c
+B+: 0x7fc13972290d 0x7fc139722915
+B+: 0x7fc139722924 0x7fc139722933
+B+: 0x7fc139722934 0x7fc139722947
+B+: 0x7fc139722948 0x7fc139722954
+B+: 0x7fc139722955 0x7fc13972295f
+B+: 0x7fc139722960 0x7fc139722964
+B+: 0x7fc139722a6a 0x7fc139722a7c
+B+: 0x7fc139722a7d 0x7fc139722a9c
+B+: 0x7fc139722ba0 0x7fc139722bad
+B+: 0x7fc139722bae 0x7fc139722be1
+B+: 0x7fc139722bf0 0x7fc139722bfb
+B+: 0x7fc139722db0 0x7fc139722dbd
+B+: 0x7fc139722dbe 0x7fc139722dca
+B+: 0x7fc139722dcb 0x7fc139722de3
+B+: 0x7fc139722de8 0x7fc139722df4
+B+: 0x7fc139722df8 0x7fc139722e04
+B+: 0x7fc139722e05 0x7fc139722e12
+B+: 0x7fc139722e13 0x7fc139722e1d
+B+: 0x7fc139722eb4 0x7fc139722ec1
+B+: 0x7fc139723160 0x7fc139723174
+B+: 0x7fc139723175 0x7fc139723187
+B+: 0x7fc139723188 0x7fc1397231a2
+B+: 0x7fc1397231a3 0x7fc1397231ac
+B+: 0x7fc1397231ad 0x7fc1397231b3
+B+: 0x7fc1397231d0 0x7fc1397231e5
+B+: 0x7fc1397231eb 0x7fc1397231f3
+B+: 0x7fc139723205 0x7fc13972320b
+B+: 0x7fc13972320c 0x7fc13972321d
+B+: 0x7fc13972321e 0x7fc139723226
+B+: 0x7fc139723227 0x7fc139723230
+B+: 0x7fc139723231 0x7fc139723232
+B+: 0x7fc139723240 0x7fc139723248
+B+: 0x7fc139723260 0x7fc139723260
+B+: 0x7fc139723520 0x7fc139723534
+B+: 0x7fc139723572 0x7fc139723578
+B+: 0x7fc139723580 0x7fc139723583
+B+: 0x7fc139723610 0x7fc139723656
+B+: 0x7fc13972365b 0x7fc139723686
+B+: 0x7fc139723687 0x7fc13972369d
+B+: 0x7fc1397236fc 0x7fc139723708
+B+: 0x7fc139723709 0x7fc139723711
+B+: 0x7fc139723712 0x7fc13972372a
+B+: 0x7fc13972372b 0x7fc13972373c
+B+: 0x7fc139723740 0x7fc139723747
+B+: 0x7fc139723748 0x7fc13972375f
+B+: 0x7fc139723760 0x7fc139723766
+B+: 0x7fc139723767 0x7fc139723780
+B+: 0x7fc139723790 0x7fc139723793
+B+: 0x7fc139723794 0x7fc139723798
+B+: 0x7fc1397237a2 0x7fc1397237aa
+B+: 0x7fc1397237ab 0x7fc1397237ae
+B+: 0x7fc1397237af 0x7fc1397237bd
+B+: 0x7fc1397237cb 0x7fc1397237d3
+B+: 0x7fc139723825 0x7fc139723841
+B+: 0x7fc139723842 0x7fc13972384d
+B+: 0x7fc13972387e 0x7fc13972388e
+B+: 0x7fc13972388f 0x7fc1397238a0
+B+: 0x7fc1397238a1 0x7fc1397238ad
+B+: 0x7fc139723c10 0x7fc139723c30
+B+: 0x7fc139723c31 0x7fc139723c58
+B+: 0x7fc139723c5e 0x7fc139723c66
+B+: 0x7fc139723c67 0x7fc139723c6f
+B+: 0x7fc139723c78 0x7fc139723c87
+B+: 0x7fc139723c88 0x7fc139723c89
+B+: 0x7fc139723ca0 0x7fc139723caf
+B+: 0x7fc139723cba 0x7fc139723cc4
+B+: 0x7fc139723ce0 0x7fc139723ce8
+B+: 0x7fc139724360 0x7fc13972436b
+B+: 0x7fc139724480 0x7fc139724480
+B+: 0x7fc1397249c0 0x7fc1397249db
+B+: 0x7fc139724a16 0x7fc139724a32
+B+: 0x7fc139724a33 0x7fc139724a52
+B+: 0x7fc139724a63 0x7fc139724a6a
+B+: 0x7fc139724a90 0x7fc139724aa6
+B+: 0x7fc139724aa7 0x7fc139724aae
+B+: 0x7fc139724aaf 0x7fc139724ab6
+B+: 0x7fc139724af6 0x7fc139724b01
+B+: 0x7fc139724b0c 0x7fc139724b34
+B+: 0x7fc139724b40 0x7fc139724b57
+B+: 0x7fc139724b58 0x7fc139724b5f
+B+: 0x7fc139724b60 0x7fc139724b67
+B+: 0x7fc139724b68 0x7fc139724b70
+B+: 0x7fc139724b71 0x7fc139724b7a
+B+: 0x7fc139724b7b 0x7fc139724b80
+B+: 0x7fc139724b97 0x7fc139724b9c
+B+: 0x7fc139724c0a 0x7fc139724c3d
+B+: 0x7fc139724c47 0x7fc139724c53
+B+: 0x7fc139724ed0 0x7fc139724ede
+B+: 0x7fc139724edf 0x7fc139724ee7
+B+: 0x7fc139724ee8 0x7fc139724efc
+B+: 0x7fc139724efd 0x7fc139724f02
+B+: 0x7fc139724f03 0x7fc139724f1b
+B+: 0x7fc139724f1c 0x7fc139724f21
+B+: 0x7fc139724f22 0x7fc139724f2b
+B+: 0x7fc139724fc0 0x7fc139724fc7
+B+: 0x7fc139724fc8 0x7fc139724fd0
+B+: 0x7fc139725760 0x7fc139725768
+B+: 0x7fc139725769 0x7fc13972576d
+B+: 0x7fc13972576e 0x7fc139725772
+B+: 0x7fc139725780 0x7fc139725788
+B+: 0x7fc139725789 0x7fc13972578d
+B+: 0x7fc13972578e 0x7fc139725792
+B+: 0x7fc1397257c0 0x7fc1397257d9
+B+: 0x7fc1397257da 0x7fc1397257e6
+B+: 0x7fc1397257f7 0x7fc139725802
+B+: 0x7fc139725803 0x7fc13972580b
+B+: 0x7fc13972580c 0x7fc139725841
+B+: 0x7fc139725842 0x7fc13972584b
+B+: 0x7fc13972584c 0x7fc139725852
+B+: 0x7fc139725853 0x7fc139725875
+B+: 0x7fc139725880 0x7fc13972588e
+B+: 0x7fc1397258b0 0x7fc1397258c8
+B+: 0x7fc139725900 0x7fc139725941
+B+: 0x7fc139725950 0x7fc139725966
+B+: 0x7fc139725967 0x7fc13972597e
+B+: 0x7fc13972597f 0x7fc13972598a
+B+: 0x7fc13972598b 0x7fc1397259b3
+B+: 0x7fc1397259b4 0x7fc1397259bd
+B+: 0x7fc1397259be 0x7fc1397259bf
+B+: 0x7fc1397259d0 0x7fc1397259e8
+B+: 0x7fc1397259e9 0x7fc139725a14
+B+: 0x7fc139725a1e 0x7fc139725a25
+B+: 0x7fc139725a26 0x7fc139725a33
+B+: 0x7fc139725a34 0x7fc139725a46
+B+: 0x7fc139725ae0 0x7fc139725afe
+B+: 0x7fc139725aff 0x7fc139725b0c
+B+: 0x7fc139725b0d 0x7fc139725b1b
+B+: 0x7fc139725b1c 0x7fc139725b2c
+B+: 0x7fc139725b40 0x7fc139725b62
+B+: 0x7fc139725b98 0x7fc139725ba9
+B+: 0x7fc1397266d0 0x7fc1397266f4
+B+: 0x7fc1397266f5 0x7fc13972670d
+B+: 0x7fc13972670e 0x7fc139726712
+B+: 0x7fc139726713 0x7fc13972671e
+B+: 0x7fc13972671f 0x7fc139726723
+B+: 0x7fc139726724 0x7fc139726728
+B+: 0x7fc139726729 0x7fc139726730
+B+: 0x7fc13972673c 0x7fc139726749
+B+: 0x7fc13972674a 0x7fc13972674d
+B+: 0x7fc13972674e 0x7fc139726760
+B+: 0x7fc139726761 0x7fc13972676b
+B+: 0x7fc139726790 0x7fc13972679d
+B+: 0x7fc13972679e 0x7fc1397267a5
+B+: 0x7fc1397267a6 0x7fc1397267a7
+B+: 0x7fc139726890 0x7fc13972689d
+B+: 0x7fc13972689e 0x7fc1397268a9
+B+: 0x7fc1397268aa 0x7fc1397268bd
+B+: 0x7fc1397268c0 0x7fc1397268ca
+B+: 0x7fc1397268d0 0x7fc1397268ef
+B+: 0x7fc1397268f0 0x7fc1397268f4
+B+: 0x7fc1397268f5 0x7fc13972690c
+B+: 0x7fc13972690d 0x7fc139726910
+B+: 0x7fc139726911 0x7fc139726912
+B+: 0x7fc139726913 0x7fc13972691b
+B+: 0x7fc13972691c 0x7fc139726930
+B+: 0x7fc139726938 0x7fc13972693c
+B+: 0x7fc139726980 0x7fc13972698f
+B+: 0x7fc139726990 0x7fc13972699b
+B+: 0x7fc13972699c 0x7fc1397269ab
+B+: 0x7fc139726a80 0x7fc139726a93
+B+: 0x7fc139726a94 0x7fc139726aac
+B+: 0x7fc139726aad 0x7fc139726abf
+B+: 0x7fc139726ac0 0x7fc139726ada
+B+: 0x7fc139726adb 0x7fc139726ae3
+B+: 0x7fc139726aec 0x7fc139726af8
+B+: 0x7fc139726af9 0x7fc139726b02
+B+: 0x7fc139726b03 0x7fc139726b06
+B+: 0x7fc139726b07 0x7fc139726b1a
+B+: 0x7fc139726c49 0x7fc139726c55
+B+: 0x7fc139726c56 0x7fc139726c67
+B+: 0x7fc139726c82 0x7fc139726c93
+B+: 0x7fc139726d77 0x7fc139726d82
+B+: 0x7fc139726da0 0x7fc139726db2
+B+: 0x7fc139726db3 0x7fc139726ddf
+B+: 0x7fc139726de0 0x7fc139726deb
+B+: 0x7fc139726dec 0x7fc139726dfc
+B+: 0x7fc139726dfd 0x7fc139726e18
+B+: 0x7fc139726e19 0x7fc139726e25
+B+: 0x7fc139726e26 0x7fc139726e2e
+B+: 0x7fc139726e2f 0x7fc139726e3f
+B+: 0x7fc139726e40 0x7fc139726e44
+B+: 0x7fc139726e45 0x7fc139726e50
+B+: 0x7fc139726e51 0x7fc139726e5d
+B+: 0x7fc139726e5e 0x7fc139726e77
+B+: 0x7fc139726ece 0x7fc139726ed2
+B+: 0x7fc139726ed3 0x7fc139726ede
+B+: 0x7fc139726ee0 0x7fc139726eec
+B+: 0x7fc139726f60 0x7fc139726f7c
+B+: 0x7fc139727120 0x7fc139727128
+B+: 0x7fc139727129 0x7fc139727147
+B+: 0x7fc139727750 0x7fc13972775e
+B+: 0x7fc13972775f 0x7fc139727763
+B+: 0x7fc139727764 0x7fc139727770
+B+: 0x7fc139727771 0x7fc139727777
+B+: 0x7fc139727778 0x7fc139727783
+B+: 0x7fc139727784 0x7fc139727788
+B+: 0x7fc139727789 0x7fc13972778d
+B+: 0x7fc13972778e 0x7fc139727796
+B+: 0x7fc139727797 0x7fc13972779e
+B+: 0x7fc139727890 0x7fc139727892
+B+: 0x7fc1397278a7 0x7fc1397278ab
+B+: 0x7fc1397278ac 0x7fc1397278b2
+B+: 0x7fc1397278b3 0x7fc1397278b6
+B+: 0x7fc1397278d0 0x7fc1397278e1
+B+: 0x7fc1397278e2 0x7fc1397278e6
+B+: 0x7fc1397278e7 0x7fc1397278eb
+B+: 0x7fc1397278ec 0x7fc1397278f1
+B+: 0x7fc1397278f2 0x7fc1397278fa
+B+: 0x7fc1397278fb 0x7fc1397278fc
+B+: 0x7fc139727940 0x7fc139727948
+B+: 0x7fc139727949 0x7fc139727951
+B+: 0x7fc139727980 0x7fc139727988
+B+: 0x7fc139727989 0x7fc13972798a
+B+: 0x7fc13972798b 0x7fc139727991
+B+: 0x7fc139727992 0x7fc1397279a2
+B+: 0x7fc1397279a8 0x7fc1397279ac
+B+: 0x7fc1397279eb 0x7fc139727a00
+B+: 0x7fc139727a08 0x7fc139727a10
+B+: 0x7fc139727af0 0x7fc139727b11
+B+: 0x7fc139727b12 0x7fc139727b16
+B+: 0x7fc139727b17 0x7fc139727b1d
+B+: 0x7fc139727b1e 0x7fc139727b26
+B+: 0x7fc139727b27 0x7fc139727b34
+B+: 0x7fc139727b35 0x7fc139727b3c
+B+: 0x7fc139727b3d 0x7fc139727b49
+B+: 0x7fc139727b4a 0x7fc139727b5a
+B+: 0x7fc139727b5b 0x7fc139727b63
+B+: 0x7fc139727b7f 0x7fc139727b93
+B+: 0x7fc139727b94 0x7fc139727b9c
+B+: 0x7fc139727be0 0x7fc139727bf7
+B+: 0x7fc139727bf8 0x7fc139727c00
+B+: 0x7fc139727c1b 0x7fc139727c2b
+B+: 0x7fc139727d40 0x7fc139727d5e
+B+: 0x7fc139727d5f 0x7fc139727d6d
+B+: 0x7fc139727d6e 0x7fc139727d72
+B+: 0x7fc139727d7d 0x7fc139727d90
+B+: 0x7fc139727d91 0x7fc139727d95
+B+: 0x7fc139727d96 0x7fc139727d9a
+B+: 0x7fc139727da0 0x7fc139727da4
+B+: 0x7fc139727dd5 0x7fc139727dd9
+B+: 0x7fc139727dda 0x7fc139727dde
+B+: 0x7fc139727df0 0x7fc139727dfb
+B+: 0x7fc139727dfc 0x7fc139727e07
+B+: 0x7fc139727e08 0x7fc139727e10
+B+: 0x7fc139727e2c 0x7fc139727e30
+B+: 0x7fc139727e31 0x7fc139727e36
+B+: 0x7fc139727e41 0x7fc139727e45
+B+: 0x7fc139727e46 0x7fc139727e54
+B+: 0x7fc139727e55 0x7fc139727e5d
+B+: 0x7fc139727e5e 0x7fc139727e62
+B+: 0x7fc139727e63 0x7fc139727e74
+B+: 0x7fc139727e78 0x7fc139727e84
+B+: 0x7fc139727ea0 0x7fc139727ea4
+B+: 0x7fc139727ef0 0x7fc139727f03
+B+: 0x7fc139727f40 0x7fc139727f76
+B+: 0x7fc139727f77 0x7fc139727f82
+B+: 0x7fc139727f83 0x7fc139727f92
+B+: 0x7fc13972801b 0x7fc139728031
+B+: 0x7fc139728032 0x7fc139728040
+B+: 0x7fc139728075 0x7fc1397280b8
+B+: 0x7fc1397280b9 0x7fc1397280c3
+B+: 0x7fc1397280c4 0x7fc1397280cc
+B+: 0x7fc1397280cd 0x7fc1397280d5
+B+: 0x7fc1397280d6 0x7fc1397280de
+B+: 0x7fc1397280df 0x7fc139728106
+B+: 0x7fc139728107 0x7fc139728133
+B+: 0x7fc139728578 0x7fc139728581
+B+: 0x7fc139728582 0x7fc1397285a8
+B+: 0x7fc1397285a9 0x7fc1397285b6
+B+: 0x7fc1397285d0 0x7fc1397285e0
+B+: 0x7fc1397285e1 0x7fc1397285ee
+B+: 0x7fc1397285ef 0x7fc1397285f3
+B+: 0x7fc139728670 0x7fc13972867e
+B+: 0x7fc13972867f 0x7fc139728683
+B+: 0x7fc139728684 0x7fc139728692
+B+: 0x7fc139728693 0x7fc13972869a
+B+: 0x7fc13972869b 0x7fc1397286a2
+B+: 0x7fc1397286a3 0x7fc1397286b7
+B+: 0x7fc139728790 0x7fc1397287bc
+B+: 0x7fc1397287bd 0x7fc1397287d4
+B+: 0x7fc1397287e0 0x7fc13972883a
+B+: 0x7fc13972883b 0x7fc139728875
+B+: 0x7fc139728876 0x7fc139728893
+B+: 0x7fc139728894 0x7fc1397288a3
+B+: 0x7fc1397288a4 0x7fc1397288b0
+B+: 0x7fc1397289b4 0x7fc1397289b8
+B+: 0x7fc1397289b9 0x7fc1397289cf
+B+: 0x7fc1397289d0 0x7fc1397289dc
+B+: 0x7fc1397289dd 0x7fc1397289ef
+B+: 0x7fc1397289f0 0x7fc1397289f7
+B+: 0x7fc139728a01 0x7fc139728a16
+B+: 0x7fc139728a28 0x7fc139728a3d
+B+: 0x7fc139728a3e 0x7fc139728a4d
+B+: 0x7fc139728a79 0x7fc139728a97
+B+: 0x7fc139728a98 0x7fc139728ac0
+B+: 0x7fc139728ac1 0x7fc139728acf
+B+: 0x7fc139729148 0x7fc139729154
+B+: 0x7fc139729155 0x7fc139729174
+B+: 0x7fc139729175 0x7fc13972917f
+B+: 0x7fc1397291ac 0x7fc1397291b0
+B+: 0x7fc1397291b1 0x7fc1397291b5
+B+: 0x7fc139729a40 0x7fc139729a64
+B+: 0x7fc139729b10 0x7fc139729b1a
+B+: 0x7fc139729b40 0x7fc139729b47
+B+: 0x7fc139729b48 0x7fc139729b51
+B+: 0x7fc139729b58 0x7fc139729b60
+B+: 0x7fc139729b61 0x7fc139729b6a
+B+: 0x7fc139729b88 0x7fc139729b8c
+B+: 0x7fc139729b8d 0x7fc139729b94
+B+: 0x7fc139729ba0 0x7fc139729ba4
+B+: 0x7fc139729d00 0x7fc139729d30
+B+: 0x7fc139729e3f 0x7fc139729e55
+B+: 0x7fc139729e56 0x7fc139729e67
+B+: 0x7fc13972a1e0 0x7fc13972a222
+B+: 0x7fc13972a223 0x7fc13972a228
+B+: 0x7fc13972a24c 0x7fc13972a260
+B+: 0x7fc13972a261 0x7fc13972a269
+B+: 0x7fc13972a270 0x7fc13972a279
+B+: 0x7fc13972a288 0x7fc13972a2a0
+B+: 0x7fc13972a2a1 0x7fc13972a2ba
+B+: 0x7fc13972a2bb 0x7fc13972a2bc
+B+: 0x7fc13972a2d0 0x7fc13972a2d8
+B+: 0x7fc13972a2f8 0x7fc13972a2f8
+B+: 0x7fc13972a300 0x7fc13972a30c
+B+: 0x7fc13972a33f 0x7fc13972a343
+B+: 0x7fc13972a380 0x7fc13972a384
+B+: 0x7fc13972a3d0 0x7fc13972a3e3
+B+: 0x7fc13972a400 0x7fc13972a400
+B+: 0x7fc13972a420 0x7fc13972a45b
+B+: 0x7fc13972a467 0x7fc13972a471
+B+: 0x7fc13972a472 0x7fc13972a489
+B+: 0x7fc13972a48a 0x7fc13972a48d
+B+: 0x7fc13972a48e 0x7fc13972a494
+B+: 0x7fc13972a495 0x7fc13972a49d
+B+: 0x7fc13972a49e 0x7fc13972a4a9
+B+: 0x7fc13972a4aa 0x7fc13972a4c2
+B+: 0x7fc13972a4c3 0x7fc13972a4ce
+B+: 0x7fc13972a4cf 0x7fc13972a4e5
+B+: 0x7fc13972a4e6 0x7fc13972a4f5
+B+: 0x7fc13972a500 0x7fc13972a50e
+B+: 0x7fc13972a50f 0x7fc13972a513
+B+: 0x7fc13972a514 0x7fc13972a51e
+B+: 0x7fc13972a540 0x7fc13972a549
+B+: 0x7fc13972a54a 0x7fc13972a54e
+B+: 0x7fc13972a54f 0x7fc13972a560
+B+: 0x7fc13972a568 0x7fc13972a577
+B+: 0x7fc13972a580 0x7fc13972a589
+B+: 0x7fc13972a5a8 0x7fc13972a5bb
+B+: 0x7fc13972a5c0 0x7fc13972a5ce
+B+: 0x7fc13972a5cf 0x7fc13972a5dc
+B+: 0x7fc13972a6f0 0x7fc13972a6fd
+B+: 0x7fc13972a7a0 0x7fc13972a7a0
+B+: 0x7fc13972a7b0 0x7fc13972a7ba
+B+: 0x7fc13972a7bb 0x7fc13972a7ce
+B+: 0x7fc13972a7cf 0x7fc13972a7d8
+B+: 0x7fc13972a7d9 0x7fc13972a7e6
+B+: 0x7fc13972a800 0x7fc13972a82d
+B+: 0x7fc13972a82e 0x7fc13972a831
+B+: 0x7fc13972a832 0x7fc13972a847
+B+: 0x7fc13972a864 0x7fc13972a86b
+B+: 0x7fc13972a86c 0x7fc13972a86f
+B+: 0x7fc13972a870 0x7fc13972a876
+B+: 0x7fc13972a877 0x7fc13972a87b
+B+: 0x7fc13972a87c 0x7fc13972a886
+B+: 0x7fc13972aae0 0x7fc13972ab01
+B+: 0x7fc13972ab02 0x7fc13972ab0a
+B+: 0x7fc13972ab0b 0x7fc13972ab14
+B+: 0x7fc13972ab15 0x7fc13972ab19
+B+: 0x7fc13972ac00 0x7fc13972ac19
+B+: 0x7fc13972ac51 0x7fc13972ac8e
+B+: 0x7fc13972ac8f 0x7fc13972ac9e
+B+: 0x7fc13972ac9f 0x7fc13972aca6
+B+: 0x7fc13972adf0 0x7fc13972adfb
+B+: 0x7fc13972ae20 0x7fc13972ae20
+B+: 0x7fc13972ae30 0x7fc13972ae38
+B+: 0x7fc13972c940 0x7fc13972c94b
+B+: 0x7fc13972c94c 0x7fc13972c957
+B+: 0x7fc13972c958 0x7fc13972c964
+B+: 0x7fc13972c965 0x7fc13972c969
+B+: 0x7fc13972c96a 0x7fc13972c96f
+B+: 0x7fc13972c970 0x7fc13972c976
+B+: 0x7fc13972c980 0x7fc13972c987
+B+: 0x7fc13972c988 0x7fc13972c98c
+B+: 0x7fc13972c98d 0x7fc13972c99b
+B+: 0x7fc13972c99c 0x7fc13972c9a0
+B+: 0x7fc13972c9a1 0x7fc13972c9a8
+B+: 0x7fc13972c9a9 0x7fc13972c9ad
+B+: 0x7fc13972c9ae 0x7fc13972c9b8
+B+: 0x7fc13972c9b9 0x7fc13972c9b9
+B+: 0x7fc13972c9c0 0x7fc13972c9c5
+B+: 0x7fc13972c9c6 0x7fc13972c9c9
+B+: 0x7fc13972c9d0 0x7fc13972c9d0
+B+: 0x7fc13972c9d1 0x7fc13972c9d5
+B+: 0x7fc13972c9d6 0x7fc13972c9d9
+B+: 0x7fc13972c9e0 0x7fc13972c9ff
+B+: 0x7fc13972ca00 0x7fc13972ca11
+B+: 0x7fc13972ca12 0x7fc13972ca16
+B+: 0x7fc13972ca20 0x7fc13972ca22
+B+: 0x7fc13972ca23 0x7fc13972ca2f
+B+: 0x7fc13972ca30 0x7fc13972ca33
+B+: 0x7fc13972ca34 0x7fc13972ca5d
+B+: 0x7fc13972ca5e 0x7fc13972ca62
+B+: 0x7fc13972ca63 0x7fc13972ca82
+B+: 0x7fc13972cac0 0x7fc13972cade
+B+: 0x7fc13972cadf 0x7fc13972cae3
+B+: 0x7fc13972cae4 0x7fc13972cae8
+B+: 0x7fc13972caf0 0x7fc13972caf2
+B+: 0x7fc13972caf3 0x7fc13972caff
+B+: 0x7fc13972cb00 0x7fc13972cb03
+B+: 0x7fc13972cb04 0x7fc13972cb3e
+B+: 0x7fc13972cb3f 0x7fc13972cb49
+B+: 0x7fc13972cb4a 0x7fc13972cb57
+B+: 0x7fc13972cb58 0x7fc13972cb5d
+B+: 0x7fc13972cb5e 0x7fc13972cb66
+B+: 0x7fc13972cb67 0x7fc13972cb70
+B+: 0x7fc13972cb71 0x7fc13972cb7a
+B+: 0x7fc13972cb7b 0x7fc13972cb9a
+B+: 0x7fc13972cb9b 0x7fc13972cba3
+B+: 0x7fc13972cba4 0x7fc13972cbbd
+B+: 0x7fc13972cbc0 0x7fc13972cbc5
+B+: 0x7fc13972cbc6 0x7fc13972cbcf
+B+: 0x7fc13972cbd0 0x7fc13972cbd9
+B+: 0x7fc13972cbda 0x7fc13972cbf7
+B+: 0x7fc13972cc08 0x7fc13972cc14
+B+: 0x7fc13972cc15 0x7fc13972cc1b
+B+: 0x7fc13972cc1c 0x7fc13972cc29
+B+: 0x7fc13972ccb0 0x7fc13972ccca
+B+: 0x7fc13972cccb 0x7fc13972ccda
+B+: 0x7fc13972ccdb 0x7fc13972cce6
+B+: 0x7fc13972cce7 0x7fc13972ccef
+B+: 0x7fc13972ccf0 0x7fc13972ccf4
+B+: 0x7fc13972ccf5 0x7fc13972ccfc
+B+: 0x7fc13972ccfd 0x7fc13972cd10
+B+: 0x7fc13972cd11 0x7fc13972cd21
+B+: 0x7fc13972cd22 0x7fc13972cd26
+B+: 0x7fc13972cd27 0x7fc13972cd38
+B+: 0x7fc13972cd39 0x7fc13972cd4b
+B+: 0x7fc13972cd4c 0x7fc13972cd54
+B+: 0x7fc13972cd55 0x7fc13972cd5e
+B+: 0x7fc13972cd5f 0x7fc13972cd6d
+B+: 0x7fc13972cea0 0x7fc13972ceb6
+B+: 0x7fc13972ceb7 0x7fc13972cebb
+B+: 0x7fc13972cebc 0x7fc13972cec0
+B+: 0x7fc13972cec8 0x7fc13972cecb
+B+: 0x7fc13972cecc 0x7fc13972ced9
+B+: 0x7fc13972ceda 0x7fc13972cedd
+B+: 0x7fc13972cede 0x7fc13972cf06
+B+: 0x7fc13972cf07 0x7fc13972cf10
+B+: 0x7fc13972cf11 0x7fc13972cf16
+B+: 0x7fc13972cf17 0x7fc13972cf24
+B+: 0x7fc13972cf25 0x7fc13972cf2d
+B+: 0x7fc13972d440 0x7fc13972d46b
+B+: 0x7fc13972d46c 0x7fc13972d470
+B+: 0x7fc13972d471 0x7fc13972d475
+B+: 0x7fc13972d536 0x7fc13972d53e
+B+: 0x7fc13972d53f 0x7fc13972d548
+B+: 0x7fc13972d549 0x7fc13972d551
+B+: 0x7fc13972d5d0 0x7fc13972d5e4
+B+: 0x7fc13972d5e5 0x7fc13972d606
+B+: 0x7fc13972d607 0x7fc13972d610
+B+: 0x7fc13972d611 0x7fc13972d618
+B+: 0x7fc13972d640 0x7fc13972d648
+B+: 0x7fc13972d649 0x7fc13972d656
+B+: 0x7fc13972d657 0x7fc13972d65f
+B+: 0x7fc13972d660 0x7fc13972d661
+B+: 0x7fc13972d760 0x7fc13972d7aa
+B+: 0x7fc13972d7ab 0x7fc13972d7af
+B+: 0x7fc13972d7b0 0x7fc13972d7be
+B+: 0x7fc13972d7c8 0x7fc13972d7d3
+B+: 0x7fc13972d7d4 0x7fc13972d7d8
+B+: 0x7fc13972d7d9 0x7fc13972d7e0
+B+: 0x7fc13972d7e1 0x7fc13972d7e5
+B+: 0x7fc13972d7e6 0x7fc13972d7f3
+B+: 0x7fc13972d7f4 0x7fc13972d7fb
+B+: 0x7fc13972d800 0x7fc13972d810
+B+: 0x7fc13972d811 0x7fc13972d815
+B+: 0x7fc13972d816 0x7fc13972d832
+B+: 0x7fc13972d833 0x7fc13972d843
+B+: 0x7fc13972d844 0x7fc13972d84f
+B+: 0x7fc13972d850 0x7fc13972d857
+B+: 0x7fc13972d858 0x7fc13972d85c
+B+: 0x7fc13972d85d 0x7fc13972d868
+B+: 0x7fc13972d869 0x7fc13972d87b
+B+: 0x7fc13972d87c 0x7fc13972d884
+B+: 0x7fc13972d888 0x7fc13972d897
+B+: 0x7fc13972d898 0x7fc13972d89b
+B+: 0x7fc13972d89c 0x7fc13972d8b4
+B+: 0x7fc13972d8b5 0x7fc13972d8b8
+B+: 0x7fc13972d8b9 0x7fc13972d8c6
+B+: 0x7fc13972d8c7 0x7fc13972d8d5
+B+: 0x7fc13972ddc0 0x7fc13972ddec
+B+: 0x7fc13972dded 0x7fc13972ddf2
+B+: 0x7fc13972ddf3 0x7fc13972de04
+B+: 0x7fc13972de05 0x7fc13972de0d
+B+: 0x7fc13972de0e 0x7fc13972de1c
+CND+ 0x7fc13971c00e: taken
+CND+ 0x7fc13971c5ea: not taken
+CND+ 0x7fc13971c626: not taken
+CND+ 0x7fc13971c63b: taken
+CND+ 0x7fc13971c673: not taken
+CND+ 0x7fc13971c687: not taken
+CND+ 0x7fc13971c695: not taken
+CND+ 0x7fc13971c7e2: taken
+CND+ 0x7fc13971c862: not taken
+CND+ 0x7fc13971c87c: both
+CND+ 0x7fc13971c8a9: not taken
+CND+ 0x7fc13971ca5d: not taken
+CND+ 0x7fc13971ca62: taken
+CND+ 0x7fc13971d6e6: not taken
+CND+ 0x7fc13971d704: taken
+CND+ 0x7fc13971d71a: not taken
+CND+ 0x7fc13971d71f: taken
+CND+ 0x7fc13971d72f: taken
+CND+ 0x7fc13971d74c: not taken
+CND+ 0x7fc13971d756: not taken
+CND+ 0x7fc13971d78f: not taken
+CND+ 0x7fc13971d79b: taken
+CND+ 0x7fc13971e079: taken
+CND+ 0x7fc13971e11b: not taken
+CND+ 0x7fc13971e149: not taken
+CND+ 0x7fc13971e158: not taken
+CND+ 0x7fc13971e190: not taken
+CND+ 0x7fc13971e1ce: taken
+CND+ 0x7fc13971ec20: not taken
+CND+ 0x7fc13971ec2d: taken
+CND+ 0x7fc13971ec48: not taken
+CND+ 0x7fc13971ec5f: both
+CND+ 0x7fc13971ec88: not taken
+CND+ 0x7fc13971eed2: taken
+CND+ 0x7fc13971ef55: not taken
+CND+ 0x7fc13971ef7e: not taken
+CND+ 0x7fc13971ef8a: not taken
+CND+ 0x7fc13971ef93: both
+CND+ 0x7fc13971efc4: not taken
+CND+ 0x7fc13971efe2: both
+CND+ 0x7fc13971effb: taken
+CND+ 0x7fc13971f05a: taken
+CND+ 0x7fc13971f0af: not taken
+CND+ 0x7fc13971f0b8: taken
+CND+ 0x7fc13971f0e0: taken
+CND+ 0x7fc13971f116: not taken
+CND+ 0x7fc13971f15a: not taken
+CND+ 0x7fc13971f163: taken
+CND+ 0x7fc13971f21b: taken
+CND+ 0x7fc13971f24a: taken
+CND+ 0x7fc13971f27c: not taken
+CND+ 0x7fc13971f36a: taken
+CND+ 0x7fc13971f520: not taken
+CND+ 0x7fc13971f529: not taken
+CND+ 0x7fc13971f532: taken
+CND+ 0x7fc13971f8eb: not taken
+CND+ 0x7fc13971f906: both
+CND+ 0x7fc13971f93d: not taken
+CND+ 0x7fc13971f985: both
+CND+ 0x7fc13971f9f6: taken
+CND+ 0x7fc13971fa20: both
+CND+ 0x7fc13971fa29: not taken
+CND+ 0x7fc13971fa33: not taken
+CND+ 0x7fc13971fae4: not taken
+CND+ 0x7fc13971fafb: taken
+CND+ 0x7fc13971fb2a: both
+CND+ 0x7fc13971fb30: both
+CND+ 0x7fc13971fb40: taken
+CND+ 0x7fc13971fb60: not taken
+CND+ 0x7fc13971fb96: not taken
+CND+ 0x7fc13971fbe5: taken
+CND+ 0x7fc13971fda0: not taken
+CND+ 0x7fc13971fda9: not taken
+CND+ 0x7fc13971fdc8: both
+CND+ 0x7fc13971fdd0: both
+CND+ 0x7fc13971fe2e: taken
+CND+ 0x7fc13971fe57: not taken
+CND+ 0x7fc13971feac: taken
+CND+ 0x7fc13971fed8: taken
+CND+ 0x7fc13971ffa3: not taken
+CND+ 0x7fc13971ffc0: taken
+CND+ 0x7fc139720019: not taken
+CND+ 0x7fc139720065: not taken
+CND+ 0x7fc13972006f: not taken
+CND+ 0x7fc139720089: both
+CND+ 0x7fc13972009d: not taken
+CND+ 0x7fc1397200ab: taken
+CND+ 0x7fc13972014c: not taken
+CND+ 0x7fc139720156: taken
+CND+ 0x7fc1397201cc: taken
+CND+ 0x7fc1397201ee: taken
+CND+ 0x7fc139720811: both
+CND+ 0x7fc13972081b: not taken
+CND+ 0x7fc13972081f: not taken
+CND+ 0x7fc139720839: taken
+CND+ 0x7fc139720859: taken
+CND+ 0x7fc139720861: taken
+CND+ 0x7fc13972145f: taken
+CND+ 0x7fc139721626: not taken
+CND+ 0x7fc1397216ca: taken
+CND+ 0x7fc139721762: taken
+CND+ 0x7fc1397222a4: taken
+CND+ 0x7fc1397222bd: not taken
+CND+ 0x7fc1397222cd: not taken
+CND+ 0x7fc13972230f: taken
+CND+ 0x7fc139722327: taken
+CND+ 0x7fc13972233a: not taken
+CND+ 0x7fc139722343: taken
+CND+ 0x7fc139722381: not taken
+CND+ 0x7fc1397223d6: taken
+CND+ 0x7fc1397223e7: taken
+CND+ 0x7fc139722895: not taken
+CND+ 0x7fc1397228a8: not taken
+CND+ 0x7fc1397228d2: not taken
+CND+ 0x7fc139722907: not taken
+CND+ 0x7fc139722942: taken
+CND+ 0x7fc139722953: not taken
+CND+ 0x7fc139722963: taken
+CND+ 0x7fc139722a7b: not taken
+CND+ 0x7fc139722dbc: both
+CND+ 0x7fc139722dc9: both
+CND+ 0x7fc139722e03: not taken
+CND+ 0x7fc139722e0d: not taken
+CND+ 0x7fc139722e18: taken
+CND+ 0x7fc1397231a1: not taken
+CND+ 0x7fc1397231ab: not taken
+CND+ 0x7fc1397231e4: taken
+CND+ 0x7fc1397231f2: taken
+CND+ 0x7fc13972320a: not taken
+CND+ 0x7fc139723225: not taken
+CND+ 0x7fc13972322f: not taken
+CND+ 0x7fc139723247: taken
+CND+ 0x7fc139723533: taken
+CND+ 0x7fc139723582: taken
+CND+ 0x7fc139723655: taken
+CND+ 0x7fc139723698: taken
+CND+ 0x7fc139723703: not taken
+CND+ 0x7fc13972370c: taken
+CND+ 0x7fc139723725: not taken
+CND+ 0x7fc139723742: not taken
+CND+ 0x7fc13972375a: not taken
+CND+ 0x7fc139723765: not taken
+CND+ 0x7fc139723792: not taken
+CND+ 0x7fc139723797: taken
+CND+ 0x7fc1397237a9: taken
+CND+ 0x7fc1397237ad: not taken
+CND+ 0x7fc1397237bc: taken
+CND+ 0x7fc1397237ce: taken
+CND+ 0x7fc139723848: taken
+CND+ 0x7fc139723889: not taken
+CND+ 0x7fc13972389b: not taken
+CND+ 0x7fc1397238a8: taken
+CND+ 0x7fc139723c2f: not taken
+CND+ 0x7fc139723c57: taken
+CND+ 0x7fc139723c65: not taken
+CND+ 0x7fc139723c6e: taken
+CND+ 0x7fc139723c86: not taken
+CND+ 0x7fc139723cae: taken
+CND+ 0x7fc139724366: taken
+CND+ 0x7fc1397249d6: taken
+CND+ 0x7fc139724a31: not taken
+CND+ 0x7fc139724a51: taken
+CND+ 0x7fc139724aad: not taken
+CND+ 0x7fc139724ab5: taken
+CND+ 0x7fc139724b00: taken
+CND+ 0x7fc139724b5a: not taken
+CND+ 0x7fc139724b62: not taken
+CND+ 0x7fc139724b6b: not taken
+CND+ 0x7fc139724b75: not taken
+CND+ 0x7fc139724b7f: taken
+CND+ 0x7fc139724b9b: taken
+CND+ 0x7fc139724c3c: taken
+CND+ 0x7fc139724ed9: not taken
+CND+ 0x7fc139724ee6: not taken
+CND+ 0x7fc139724f01: not taken
+CND+ 0x7fc139724f1a: not taken
+CND+ 0x7fc139724f20: not taken
+CND+ 0x7fc139724f26: taken
+CND+ 0x7fc13972576c: not taken
+CND+ 0x7fc13972578c: not taken
+CND+ 0x7fc1397257d8: both
+CND+ 0x7fc1397257e1: taken
+CND+ 0x7fc139725806: not taken
+CND+ 0x7fc139725840: not taken
+CND+ 0x7fc13972584a: not taken
+CND+ 0x7fc139725965: both
+CND+ 0x7fc139725989: not taken
+CND+ 0x7fc1397259b2: not taken
+CND+ 0x7fc1397259bc: not taken
+CND+ 0x7fc1397259e3: not taken
+CND+ 0x7fc139725a13: taken
+CND+ 0x7fc139725afd: not taken
+CND+ 0x7fc139725b1a: not taken
+CND+ 0x7fc139725b61: taken
+CND+ 0x7fc139726711: not taken
+CND+ 0x7fc13972671d: not taken
+CND+ 0x7fc139726722: not taken
+CND+ 0x7fc139726748: not taken
+CND+ 0x7fc13972674c: not taken
+CND+ 0x7fc13972675f: not taken
+CND+ 0x7fc1397267a4: not taken
+CND+ 0x7fc1397268f3: both
+CND+ 0x7fc13972690f: both
+CND+ 0x7fc139726911: not taken
+CND+ 0x7fc13972691a: taken
+CND+ 0x7fc139726a92: not taken
+CND+ 0x7fc139726aba: not taken
+CND+ 0x7fc139726ad5: both
+CND+ 0x7fc139726ade: taken
+CND+ 0x7fc139726af7: not taken
+CND+ 0x7fc139726b01: not taken
+CND+ 0x7fc139726b05: not taken
+CND+ 0x7fc139726b19: taken
+CND+ 0x7fc139726c50: not taken
+CND+ 0x7fc139726c62: taken
+CND+ 0x7fc139726db1: not taken
+CND+ 0x7fc139726dea: both
+CND+ 0x7fc139726e13: not taken
+CND+ 0x7fc139726e20: taken
+CND+ 0x7fc139726e2d: not taken
+CND+ 0x7fc139726e43: not taken
+CND+ 0x7fc139726e4f: both
+CND+ 0x7fc139726e58: not taken
+CND+ 0x7fc139726e72: taken
+CND+ 0x7fc139726ee7: taken
+CND+ 0x7fc13972775d: both
+CND+ 0x7fc13972776f: not taken
+CND+ 0x7fc139727782: both
+CND+ 0x7fc139727787: both
+CND+ 0x7fc139727795: both
+CND+ 0x7fc1397278b1: not taken
+CND+ 0x7fc1397278dc: not taken
+CND+ 0x7fc1397278ea: not taken
+CND+ 0x7fc1397278ec: both
+CND+ 0x7fc1397278f5: not taken
+CND+ 0x7fc1397278fb: taken
+CND+ 0x7fc139727943: not taken
+CND+ 0x7fc13972794c: taken
+CND+ 0x7fc139727983: not taken
+CND+ 0x7fc139727989: both
+CND+ 0x7fc139727990: not taken
+CND+ 0x7fc1397279ab: taken
+CND+ 0x7fc139727a0b: taken
+CND+ 0x7fc139727b10: both
+CND+ 0x7fc139727b1c: not taken
+CND+ 0x7fc139727b21: both
+CND+ 0x7fc139727b2f: not taken
+CND+ 0x7fc139727b37: both
+CND+ 0x7fc139727b44: both
+CND+ 0x7fc139727b5e: taken
+CND+ 0x7fc139727b92: both
+CND+ 0x7fc139727b9b: taken
+CND+ 0x7fc139727bfb: taken
+CND+ 0x7fc139727d68: both
+CND+ 0x7fc139727d71: taken
+CND+ 0x7fc139727d8b: not taken
+CND+ 0x7fc139727da3: taken
+CND+ 0x7fc139727ddd: taken
+CND+ 0x7fc139727e02: not taken
+CND+ 0x7fc139727e0b: taken
+CND+ 0x7fc139727e2f: not taken
+CND+ 0x7fc139727e35: taken
+CND+ 0x7fc139727e4f: not taken
+CND+ 0x7fc139727e58: both
+CND+ 0x7fc139727f7d: not taken
+CND+ 0x7fc13972802c: not taken
+CND+ 0x7fc1397280c7: not taken
+CND+ 0x7fc1397280d0: both
+CND+ 0x7fc1397280d9: not taken
+CND+ 0x7fc1397285a7: both
+CND+ 0x7fc1397285ed: not taken
+CND+ 0x7fc1397285f2: taken
+CND+ 0x7fc139728682: not taken
+CND+ 0x7fc1397286a1: not taken
+CND+ 0x7fc1397287bb: not taken
+CND+ 0x7fc139728835: not taken
+CND+ 0x7fc139728870: not taken
+CND+ 0x7fc13972888e: not taken
+CND+ 0x7fc13972889e: not taken
+CND+ 0x7fc1397289ca: both
+CND+ 0x7fc1397289ea: taken
+CND+ 0x7fc1397289f6: taken
+CND+ 0x7fc139728a15: taken
+CND+ 0x7fc139728a38: not taken
+CND+ 0x7fc139728a48: taken
+CND+ 0x7fc139728abb: not taken
+CND+ 0x7fc13972914f: not taken
+CND+ 0x7fc13972916f: not taken
+CND+ 0x7fc13972917e: taken
+CND+ 0x7fc139729a5f: taken
+CND+ 0x7fc139729b46: not taken
+CND+ 0x7fc139729b50: taken
+CND+ 0x7fc139729b69: taken
+CND+ 0x7fc139729b93: taken
+CND+ 0x7fc139729d2b: taken
+CND+ 0x7fc139729e50: not taken
+CND+ 0x7fc13972a227: taken
+CND+ 0x7fc13972a25f: not taken
+CND+ 0x7fc13972a278: taken
+CND+ 0x7fc13972a2b9: not taken
+CND+ 0x7fc13972a2d7: taken
+CND+ 0x7fc13972a30b: taken
+CND+ 0x7fc13972a383: taken
+CND+ 0x7fc13972a3e2: taken
+CND+ 0x7fc13972a456: taken
+CND+ 0x7fc13972a488: both
+CND+ 0x7fc13972a48c: not taken
+CND+ 0x7fc13972a493: not taken
+CND+ 0x7fc13972a498: both
+CND+ 0x7fc13972a4e0: not taken
+CND+ 0x7fc13972a512: not taken
+CND+ 0x7fc13972a519: taken
+CND+ 0x7fc13972a548: not taken
+CND+ 0x7fc13972a54d: not taken
+CND+ 0x7fc13972a5c9: not taken
+CND+ 0x7fc13972a5d7: taken
+CND+ 0x7fc13972a6f8: taken
+CND+ 0x7fc13972a7b9: not taken
+CND+ 0x7fc13972a830: not taken
+CND+ 0x7fc13972a846: taken
+CND+ 0x7fc13972a86e: not taken
+CND+ 0x7fc13972ab09: not taken
+CND+ 0x7fc13972ab13: not taken
+CND+ 0x7fc13972ac18: taken
+CND+ 0x7fc13972ac9d: not taken
+CND+ 0x7fc13972adfa: taken
+CND+ 0x7fc13972c946: both
+CND+ 0x7fc13972c963: both
+CND+ 0x7fc13972c968: not taken
+CND+ 0x7fc13972c96e: not taken
+CND+ 0x7fc13972c986: not taken
+CND+ 0x7fc13972c98b: both
+CND+ 0x7fc13972c99a: both
+CND+ 0x7fc13972c99f: both
+CND+ 0x7fc13972c9ac: both
+CND+ 0x7fc13972c9b7: both
+CND+ 0x7fc13972c9c4: not taken
+CND+ 0x7fc13972ca10: not taken
+CND+ 0x7fc13972ca15: taken
+CND+ 0x7fc13972ca2e: both
+CND+ 0x7fc13972ca32: both
+CND+ 0x7fc13972ca5c: both
+CND+ 0x7fc13972cadd: not taken
+CND+ 0x7fc13972cae2: not taken
+CND+ 0x7fc13972cafe: not taken
+CND+ 0x7fc13972cb02: both
+CND+ 0x7fc13972cb48: both
+CND+ 0x7fc13972cb52: not taken
+CND+ 0x7fc13972cb5c: not taken
+CND+ 0x7fc13972cb65: both
+CND+ 0x7fc13972cb6b: taken
+CND+ 0x7fc13972cb75: not taken
+CND+ 0x7fc13972cb95: not taken
+CND+ 0x7fc13972cba2: not taken
+CND+ 0x7fc13972cbc4: not taken
+CND+ 0x7fc13972cbce: not taken
+CND+ 0x7fc13972cbf6: taken
+CND+ 0x7fc13972cc24: taken
+CND+ 0x7fc13972cce1: not taken
+CND+ 0x7fc13972ccea: not taken
+CND+ 0x7fc13972ccf3: not taken
+CND+ 0x7fc13972cd25: not taken
+CND+ 0x7fc13972cd53: not taken
+CND+ 0x7fc13972cd5d: not taken
+CND+ 0x7fc13972ceb5: not taken
+CND+ 0x7fc13972ceba: not taken
+CND+ 0x7fc13972ced8: both
+CND+ 0x7fc13972cedc: taken
+CND+ 0x7fc13972cf0f: not taken
+CND+ 0x7fc13972cf15: not taken
+CND+ 0x7fc13972d46f: not taken
+CND+ 0x7fc13972d53d: not taken
+CND+ 0x7fc13972d547: not taken
+CND+ 0x7fc13972d605: not taken
+CND+ 0x7fc13972d60f: not taken
+CND+ 0x7fc13972d647: not taken
+CND+ 0x7fc13972d65e: not taken
+CND+ 0x7fc13972d7bd: taken
+CND+ 0x7fc13972d7d2: taken
+CND+ 0x7fc13972d7df: not taken
+CND+ 0x7fc13972d7e4: both
+CND+ 0x7fc13972d7fa: taken
+CND+ 0x7fc13972d856: not taken
+CND+ 0x7fc13972d85b: taken
+CND+ 0x7fc13972d87a: not taken
+CND+ 0x7fc13972d89a: not taken
+CND+ 0x7fc13972d8b7: not taken
+CND+ 0x7fc13972d8c5: not taken
+CND+ 0x7fc13972d8d4: taken
+CND+ 0x7fc13972ddf1: not taken
+CND+ 0x7fc13972de0c: not taken
@0x7fc13971c2a0 to 0x7fc13d208450 4
@0x7fc13971e1ac to 0x7fc13971ee90 1
@0x7fc13971c2d0 to 0x7fc13d328100 9
@0x7fc13971c320 to 0x7fc13d2090f0 4
@0x7fc13971c330 to 0x7fc13d32d100 6
@0x7fc13971c350 to 0x7fc13d298220 1
@0x7fc13971c370 to 0x7fc13d2ba800 2
@0x7fc13971c390 to 0x7fc13d2553e0 23
@0x7fc13971c3b0 to 0x7fc13d298230 1
@0x7fc13971c3c0 to 0x7fc13d327e90 24
@0x7fc13971c3e0 to 0x7fc13d2d8ba0 1
@0x7fc13971c410 to 0x7fc13d255c80 1
@0x7fc13971c460 to 0x7fc13d32d0e0 14
@0x7fc13971c510 to 0x7fc13d2981f0 1
@0x7fc13971c560 to 0x7fc13d2974e0 1
@0x7fc13971c570 to 0x7fc13d201580 191
@0x7fc139727f91 to 0x7fc139728075 1
@0x7fc13971c784 to 0x7fc13d1f4fb0 1
@0x7fc13972de01 to 0x7fc13971c840 1
@0x7fc13972a55f to 0x7fc13972a580 1
@0x7fc13972a55f to 0x7fc13972a5c0 1
@0x7fc13972a55f to 0x7fc13972a5a8 2
@0x7fc1397288af to 0x7fc139728a01 203
@0x7fc1397288af to 0x7fc1397289f0 11
@0x7fc1397288af to 0x7fc139728a28 1
@0x7fc13972cc19 to 0x7fc1397207d0 1
@0x7fc13972cc19 to 0x7fc139727120 1
@0x7fc13971c050 to 0x7fc13d255a30 4
@0x7fc13971c080 to 0x7fc13d1f5330 2
@0x7fc13971c090 to 0x7fc13d297710 1
@0x7fc13971c0a0 to 0x7fc13d26de70 5
@0x7fc13971c0d0 to 0x7fc13d208a20 7
@0x7fc13971c0f0 to 0x7fc13d32c800 4
@0x7fc13971c130 to 0x7fc13d2981e0 1
@0x7fc13971c140 to 0x7fc13d20cc10 1
@0x7fc13971c150 to 0x7fc13d2ba800 4
@0x7fc13971c160 to 0x7fc13d297230 1
@0x7fc13971c190 to 0x7fc13d32cbc0 8
@0x7fc13971c1c0 to 0x7fc13d298200 1
@0x7fc13971c1e0 to 0x7fc13d32c5d0 1
@0x7fc13971c220 to 0x7fc13d298210 2
@0x7fc13971c230 to 0x7fc13d2bbb10 1
@0x7fc13971e16e to 0x7fc13971e1c0 1
@0x7fc13971c280 to 0x7fc13d327d10 12
