MODULE_NAME: /bin/dash
MODULE_START: 0x7fa6bf2ef000
+B+: 0x7fa6bf2f3000 0x7fa6bf2f300f
+B+: 0x7fa6bf2f3012 0x7fa6bf2f3016
+B+: 0x7fa6bf2f3050 0x7fa6bf2f3055
+B+: 0x7fa6bf2f3080 0x7fa6bf2f3085
+B+: 0x7fa6bf2f3090 0x7fa6bf2f3095
+B+: 0x7fa6bf2f30a0 0x7fa6bf2f30a5
+B+: 0x7fa6bf2f30d0 0x7fa6bf2f30d5
+B+: 0x7fa6bf2f30f0 0x7fa6bf2f30f5
+B+: 0x7fa6bf2f3130 0x7fa6bf2f3135
+B+: 0x7fa6bf2f3140 0x7fa6bf2f3145
+B+: 0x7fa6bf2f3150 0x7fa6bf2f3155
+B+: 0x7fa6bf2f3160 0x7fa6bf2f3165
+B+: 0x7fa6bf2f3190 0x7fa6bf2f3195
+B+: 0x7fa6bf2f31c0 0x7fa6bf2f31c5
+B+: 0x7fa6bf2f31e0 0x7fa6bf2f31e5
+B+: 0x7fa6bf2f3220 0x7fa6bf2f3225
+B+: 0x7fa6bf2f3230 0x7fa6bf2f3235
+B+: 0x7fa6bf2f3280 0x7fa6bf2f3285
+B+: 0x7fa6bf2f32a0 0x7fa6bf2f32a5
+B+: 0x7fa6bf2f32d0 0x7fa6bf2f32d5
+B+: 0x7fa6bf2f3320 0x7fa6bf2f3325
+B+: 0x7fa6bf2f3330 0x7fa6bf2f3335
+B+: 0x7fa6bf2f3350 0x7fa6bf2f3355
+B+: 0x7fa6bf2f3370 0x7fa6bf2f3375
+B+: 0x7fa6bf2f3390 0x7fa6bf2f3395
+B+: 0x7fa6bf2f33b0 0x7fa6bf2f33b5
+B+: 0x7fa6bf2f33c0 0x7fa6bf2f33c5
+B+: 0x7fa6bf2f33e0 0x7fa6bf2f33e5
+B+: 0x7fa6bf2f3410 0x7fa6bf2f3415
+B+: 0x7fa6bf2f3460 0x7fa6bf2f3465
+B+: 0x7fa6bf2f3510 0x7fa6bf2f3515
+B+: 0x7fa6bf2f3560 0x7fa6bf2f3565
+B+: 0x7fa6bf2f3570 0x7fa6bf2f3575
+B+: 0x7fa6bf2f3590 0x7fa6bf2f35b8
+B+: 0x7fa6bf2f35b9 0x7fa6bf2f35c4
+B+: 0x7fa6bf2f35c5 0x7fa6bf2f35cf
+B+: 0x7fa6bf2f35d0 0x7fa6bf2f35e7
+B+: 0x7fa6bf2f35e8 0x7fa6bf2f35ef
+B+: 0x7fa6bf2f35f0 0x7fa6bf2f3600
+B+: 0x7fa6bf2f3601 0x7fa6bf2f360b
+B+: 0x7fa6bf2f360c 0x7fa6bf2f3615
+B+: 0x7fa6bf2f3616 0x7fa6bf2f3623
+B+: 0x7fa6bf2f3624 0x7fa6bf2f362b
+B+: 0x7fa6bf2f362c 0x7fa6bf2f363c
+B+: 0x7fa6bf2f3657 0x7fa6bf2f3660
+B+: 0x7fa6bf2f3661 0x7fa6bf2f3678
+B+: 0x7fa6bf2f3679 0x7fa6bf2f367f
+B+: 0x7fa6bf2f3680 0x7fa6bf2f368c
+B+: 0x7fa6bf2f368d 0x7fa6bf2f3696
+B+: 0x7fa6bf2f3697 0x7fa6bf2f369b
+B+: 0x7fa6bf2f3760 0x7fa6bf2f3789
+B+: 0x7fa6bf2f37c0 0x7fa6bf2f37e3
+B+: 0x7fa6bf2f37f8 0x7fa6bf2f37f8
+B+: 0x7fa6bf2f3840 0x7fa6bf2f3844
+B+: 0x7fa6bf2f3850 0x7fa6bf2f3863
+B+: 0x7fa6bf2f3864 0x7fa6bf2f386f
+B+: 0x7fa6bf2f3870 0x7fa6bf2f387d
+B+: 0x7fa6bf2f387e 0x7fa6bf2f38aa
+B+: 0x7fa6bf2f38ab 0x7fa6bf2f38ac
+B+: 0x7fa6bf2f38cb 0x7fa6bf2f38d2
+B+: 0x7fa6bf2f3a50 0x7fa6bf2f3a57
+B+: 0x7fa6bf2f3a58 0x7fa6bf2f3a5e
+B+: 0x7fa6bf2f3a5f 0x7fa6bf2f3a63
+B+: 0x7fa6bf2f3a71 0x7fa6bf2f3a72
+B+: 0x7fa6bf2f46d0 0x7fa6bf2f46eb
+B+: 0x7fa6bf2f46ec 0x7fa6bf2f4705
+B+: 0x7fa6bf2f4717 0x7fa6bf2f471b
+B+: 0x7fa6bf2f471c 0x7fa6bf2f4720
+B+: 0x7fa6bf2f472c 0x7fa6bf2f4730
+B+: 0x7fa6bf2f473e 0x7fa6bf2f474d
+B+: 0x7fa6bf2f474e 0x7fa6bf2f4757
+B+: 0x7fa6bf2f4758 0x7fa6bf2f4775
+B+: 0x7fa6bf2f4780 0x7fa6bf2f4788
+B+: 0x7fa6bf2f4789 0x7fa6bf2f4790
+B+: 0x7fa6bf2f4791 0x7fa6bf2f479c
+B+: 0x7fa6bf2f5060 0x7fa6bf2f507e
+B+: 0x7fa6bf2f510d 0x7fa6bf2f511c
+B+: 0x7fa6bf2f511d 0x7fa6bf2f5123
+B+: 0x7fa6bf2f5140 0x7fa6bf2f514a
+B+: 0x7fa6bf2f514b 0x7fa6bf2f5152
+B+: 0x7fa6bf2f5153 0x7fa6bf2f515d
+B+: 0x7fa6bf2f515e 0x7fa6bf2f516f
+B+: 0x7fa6bf2f5188 0x7fa6bf2f518c
+B+: 0x7fa6bf2f518d 0x7fa6bf2f5191
+B+: 0x7fa6bf2f5192 0x7fa6bf2f519c
+B+: 0x7fa6bf2f51a7 0x7fa6bf2f51ad
+B+: 0x7fa6bf2f51ae 0x7fa6bf2f51b5
+B+: 0x7fa6bf2f51c0 0x7fa6bf2f51cf
+B+: 0x7fa6bf2f5bc0 0x7fa6bf2f5bfa
+B+: 0x7fa6bf2f5bfb 0x7fa6bf2f5c07
+B+: 0x7fa6bf2f5c08 0x7fa6bf2f5c0f
+B+: 0x7fa6bf2f5c10 0x7fa6bf2f5c11
+B+: 0x7fa6bf2f5c18 0x7fa6bf2f5c21
+B+: 0x7fa6bf2f5c22 0x7fa6bf2f5c2e
+B+: 0x7fa6bf2f5c32 0x7fa6bf2f5c39
+B+: 0x7fa6bf2f5c3a 0x7fa6bf2f5c49
+B+: 0x7fa6bf2f5c4a 0x7fa6bf2f5c51
+B+: 0x7fa6bf2f5c52 0x7fa6bf2f5c58
+B+: 0x7fa6bf2f5c59 0x7fa6bf2f5c60
+B+: 0x7fa6bf2f5c61 0x7fa6bf2f5c68
+B+: 0x7fa6bf2f5c69 0x7fa6bf2f5c6d
+B+: 0x7fa6bf2f5c6e 0x7fa6bf2f5c77
+B+: 0x7fa6bf2f5c78 0x7fa6bf2f5c89
+B+: 0x7fa6bf2f5c8a 0x7fa6bf2f5c98
+B+: 0x7fa6bf2f5e90 0x7fa6bf2f5ed3
+B+: 0x7fa6bf2f5edf 0x7fa6bf2f5ef5
+B+: 0x7fa6bf2f5ef6 0x7fa6bf2f5efa
+B+: 0x7fa6bf2f5efb 0x7fa6bf2f5f5a
+B+: 0x7fa6bf2f5f5b 0x7fa6bf2f5f67
+B+: 0x7fa6bf2f5f68 0x7fa6bf2f5f77
+B+: 0x7fa6bf2f5f78 0x7fa6bf2f5f7f
+B+: 0x7fa6bf2f5f80 0x7fa6bf2f5f8b
+B+: 0x7fa6bf2f5f8c 0x7fa6bf2f5f94
+B+: 0x7fa6bf2f5f95 0x7fa6bf2f5f9b
+B+: 0x7fa6bf2f5fa0 0x7fa6bf2f5faf
+B+: 0x7fa6bf2f5fb0 0x7fa6bf2f5fc5
+B+: 0x7fa6bf2f5fc6 0x7fa6bf2f5fcf
+B+: 0x7fa6bf2f5fd0 0x7fa6bf2f5fe3
+B+: 0x7fa6bf2f5fe4 0x7fa6bf2f5ffc
+B+: 0x7fa6bf2f6019 0x7fa6bf2f602b
+B+: 0x7fa6bf2f602c 0x7fa6bf2f6034
+B+: 0x7fa6bf2f6035 0x7fa6bf2f6047
+B+: 0x7fa6bf2f6048 0x7fa6bf2f605b
+B+: 0x7fa6bf2f60a8 0x7fa6bf2f60b4
+B+: 0x7fa6bf2f60b5 0x7fa6bf2f60b9
+B+: 0x7fa6bf2f60db 0x7fa6bf2f60e1
+B+: 0x7fa6bf2f60f0 0x7fa6bf2f6103
+B+: 0x7fa6bf2f6104 0x7fa6bf2f6113
+B+: 0x7fa6bf2f6114 0x7fa6bf2f611b
+B+: 0x7fa6bf2f611c 0x7fa6bf2f6122
+B+: 0x7fa6bf2f6123 0x7fa6bf2f6152
+B+: 0x7fa6bf2f6153 0x7fa6bf2f615f
+B+: 0x7fa6bf2f6160 0x7fa6bf2f6168
+B+: 0x7fa6bf2f6216 0x7fa6bf2f621c
+B+: 0x7fa6bf2f6224 0x7fa6bf2f622d
+B+: 0x7fa6bf2f622e 0x7fa6bf2f6237
+B+: 0x7fa6bf2f6238 0x7fa6bf2f6241
+B+: 0x7fa6bf2f6242 0x7fa6bf2f624b
+B+: 0x7fa6bf2f625d 0x7fa6bf2f6266
+B+: 0x7fa6bf2f6267 0x7fa6bf2f6281
+B+: 0x7fa6bf2f6282 0x7fa6bf2f6293
+B+: 0x7fa6bf2f634c 0x7fa6bf2f6353
+B+: 0x7fa6bf2f6354 0x7fa6bf2f636f
+B+: 0x7fa6bf2f651b 0x7fa6bf2f6525
+B+: 0x7fa6bf2f6526 0x7fa6bf2f652e
+B+: 0x7fa6bf2f652f 0x7fa6bf2f6537
+B+: 0x7fa6bf2f68d0 0x7fa6bf2f68ec
+B+: 0x7fa6bf2f68ed 0x7fa6bf2f68f1
+B+: 0x7fa6bf2f68f8 0x7fa6bf2f68fa
+B+: 0x7fa6bf2f68fb 0x7fa6bf2f6907
+B+: 0x7fa6bf2f6908 0x7fa6bf2f693e
+B+: 0x7fa6bf2f693f 0x7fa6bf2f6940
+B+: 0x7fa6bf2f6963 0x7fa6bf2f6977
+B+: 0x7fa6bf2f6980 0x7fa6bf2f6986
+B+: 0x7fa6bf2f6987 0x7fa6bf2f698e
+B+: 0x7fa6bf2f698f 0x7fa6bf2f6997
+B+: 0x7fa6bf2f6998 0x7fa6bf2f69ba
+B+: 0x7fa6bf2f69bb 0x7fa6bf2f69bc
+B+: 0x7fa6bf2f69c0 0x7fa6bf2f69e7
+B+: 0x7fa6bf2f69e8 0x7fa6bf2f69f7
+B+: 0x7fa6bf2f6a19 0x7fa6bf2f6a21
+B+: 0x7fa6bf2f6a22 0x7fa6bf2f6a2a
+B+: 0x7fa6bf2f6a2b 0x7fa6bf2f6a34
+B+: 0x7fa6bf2f6a35 0x7fa6bf2f6a3f
+B+: 0x7fa6bf2f6ad0 0x7fa6bf2f6ae9
+B+: 0x7fa6bf2f6aea 0x7fa6bf2f6b00
+B+: 0x7fa6bf2f6b10 0x7fa6bf2f6b1f
+B+: 0x7fa6bf2f6b20 0x7fa6bf2f6b2b
+B+: 0x7fa6bf2f6b2c 0x7fa6bf2f6b31
+B+: 0x7fa6bf2f6b32 0x7fa6bf2f6b41
+B+: 0x7fa6bf2f6b56 0x7fa6bf2f6b61
+B+: 0x7fa6bf2f6b62 0x7fa6bf2f6b6f
+B+: 0x7fa6bf2f6b70 0x7fa6bf2f6b85
+B+: 0x7fa6bf2f6b86 0x7fa6bf2f6b97
+B+: 0x7fa6bf2f6b98 0x7fa6bf2f6bc0
+B+: 0x7fa6bf2f6bc8 0x7fa6bf2f6bcc
+B+: 0x7fa6bf2f6bcd 0x7fa6bf2f6bea
+B+: 0x7fa6bf2f6d70 0x7fa6bf2f6d98
+B+: 0x7fa6bf2f6da0 0x7fa6bf2f6da1
+B+: 0x7fa6bf2f6da2 0x7fa6bf2f6daa
+B+: 0x7fa6bf2f6dab 0x7fa6bf2f6dc5
+B+: 0x7fa6bf2f6dc6 0x7fa6bf2f6dc9
+B+: 0x7fa6bf2f6dca 0x7fa6bf2f6dd1
+B+: 0x7fa6bf2f6dd2 0x7fa6bf2f6de6
+B+: 0x7fa6bf2f6df0 0x7fa6bf2f6e2a
+B+: 0x7fa6bf2f6e2b 0x7fa6bf2f6e2f
+B+: 0x7fa6bf2f6e46 0x7fa6bf2f6e5c
+B+: 0x7fa6bf2f6e5d 0x7fa6bf2f6e6e
+B+: 0x7fa6bf2f6e90 0x7fa6bf2f6ead
+B+: 0x7fa6bf2f6ec8 0x7fa6bf2f6ed1
+B+: 0x7fa6bf2f6ed2 0x7fa6bf2f6edd
+B+: 0x7fa6bf2f6f6c 0x7fa6bf2f6f8f
+B+: 0x7fa6bf2f6f90 0x7fa6bf2f6f9c
+B+: 0x7fa6bf2f6f9d 0x7fa6bf2f6fa8
+B+: 0x7fa6bf2f6fa9 0x7fa6bf2f6fb0
+B+: 0x7fa6bf2f6fb1 0x7fa6bf2f6fc5
+B+: 0x7fa6bf2f7008 0x7fa6bf2f7012
+B+: 0x7fa6bf2f7013 0x7fa6bf2f701e
+B+: 0x7fa6bf2f701f 0x7fa6bf2f702e
+B+: 0x7fa6bf2f7060 0x7fa6bf2f7066
+B+: 0x7fa6bf2f7067 0x7fa6bf2f7074
+B+: 0x7fa6bf2f7075 0x7fa6bf2f7086
+B+: 0x7fa6bf2f7087 0x7fa6bf2f708e
+B+: 0x7fa6bf2f708f 0x7fa6bf2f70a2
+B+: 0x7fa6bf2f70a3 0x7fa6bf2f70b0
+B+: 0x7fa6bf2f7100 0x7fa6bf2f7116
+B+: 0x7fa6bf2f7145 0x7fa6bf2f714d
+B+: 0x7fa6bf2f714e 0x7fa6bf2f7157
+B+: 0x7fa6bf2f7160 0x7fa6bf2f7166
+B+: 0x7fa6bf2f71c0 0x7fa6bf2f71d1
+B+: 0x7fa6bf2f71e8 0x7fa6bf2f71ef
+B+: 0x7fa6bf2f7248 0x7fa6bf2f725b
+B+: 0x7fa6bf2f725c 0x7fa6bf2f7271
+B+: 0x7fa6bf2f77d0 0x7fa6bf2f77ff
+B+: 0x7fa6bf2f780f 0x7fa6bf2f7812
+B+: 0x7fa6bf2f7813 0x7fa6bf2f781c
+B+: 0x7fa6bf2f781d 0x7fa6bf2f7820
+B+: 0x7fa6bf2f7821 0x7fa6bf2f782f
+B+: 0x7fa6bf2f7830 0x7fa6bf2f783a
+B+: 0x7fa6bf2f784f 0x7fa6bf2f785a
+B+: 0x7fa6bf2f785f 0x7fa6bf2f7862
+B+: 0x7fa6bf2f7870 0x7fa6bf2f7877
+B+: 0x7fa6bf2f7878 0x7fa6bf2f788d
+B+: 0x7fa6bf2f8440 0x7fa6bf2f8464
+B+: 0x7fa6bf2f861e 0x7fa6bf2f8627
+B+: 0x7fa6bf2f8628 0x7fa6bf2f8631
+B+: 0x7fa6bf2f8632 0x7fa6bf2f8659
+B+: 0x7fa6bf2f86af 0x7fa6bf2f86bc
+B+: 0x7fa6bf2f86c0 0x7fa6bf2f86cb
+B+: 0x7fa6bf2f8730 0x7fa6bf2f873b
+B+: 0x7fa6bf2f8740 0x7fa6bf2f875e
+B+: 0x7fa6bf2f875f 0x7fa6bf2f8767
+B+: 0x7fa6bf2f87d2 0x7fa6bf2f87e3
+B+: 0x7fa6bf2f88a0 0x7fa6bf2f88a7
+B+: 0x7fa6bf2f9260 0x7fa6bf2f92a5
+B+: 0x7fa6bf2f92b5 0x7fa6bf2f92be
+B+: 0x7fa6bf2f92bf 0x7fa6bf2f92d2
+B+: 0x7fa6bf2f92d3 0x7fa6bf2f92fc
+B+: 0x7fa6bf2f92fd 0x7fa6bf2f9310
+B+: 0x7fa6bf2f9324 0x7fa6bf2f9328
+B+: 0x7fa6bf2f9336 0x7fa6bf2f933f
+B+: 0x7fa6bf2f9340 0x7fa6bf2f9344
+B+: 0x7fa6bf2f9370 0x7fa6bf2f9386
+B+: 0x7fa6bf2f9387 0x7fa6bf2f9398
+B+: 0x7fa6bf2f93a0 0x7fa6bf2f93b6
+B+: 0x7fa6bf2f93b7 0x7fa6bf2f93d7
+B+: 0x7fa6bf2f93dd 0x7fa6bf2f93ec
+B+: 0x7fa6bf2f9850 0x7fa6bf2f9886
+B+: 0x7fa6bf2f9887 0x7fa6bf2f989a
+B+: 0x7fa6bf2f989b 0x7fa6bf2f98ad
+B+: 0x7fa6bf2f98ae 0x7fa6bf2f98c4
+B+: 0x7fa6bf2f98c5 0x7fa6bf2f98d7
+B+: 0x7fa6bf2f98d8 0x7fa6bf2f98e7
+B+: 0x7fa6bf2f98e8 0x7fa6bf2f990c
+B+: 0x7fa6bf2f990d 0x7fa6bf2f9915
+B+: 0x7fa6bf2f9924 0x7fa6bf2f9933
+B+: 0x7fa6bf2f9934 0x7fa6bf2f9947
+B+: 0x7fa6bf2f9948 0x7fa6bf2f9954
+B+: 0x7fa6bf2f9955 0x7fa6bf2f995f
+B+: 0x7fa6bf2f9960 0x7fa6bf2f9964
+B+: 0x7fa6bf2f9a6a 0x7fa6bf2f9a7c
+B+: 0x7fa6bf2f9a7d 0x7fa6bf2f9a9c
+B+: 0x7fa6bf2f9ba0 0x7fa6bf2f9bad
+B+: 0x7fa6bf2f9bae 0x7fa6bf2f9be1
+B+: 0x7fa6bf2f9bf0 0x7fa6bf2f9bfb
+B+: 0x7fa6bf2f9db0 0x7fa6bf2f9dbd
+B+: 0x7fa6bf2f9dbe 0x7fa6bf2f9dca
+B+: 0x7fa6bf2f9dcb 0x7fa6bf2f9de3
+B+: 0x7fa6bf2f9de8 0x7fa6bf2f9df4
+B+: 0x7fa6bf2f9df8 0x7fa6bf2f9e04
+B+: 0x7fa6bf2f9e05 0x7fa6bf2f9e12
+B+: 0x7fa6bf2f9e13 0x7fa6bf2f9e1d
+B+: 0x7fa6bf2f9eb4 0x7fa6bf2f9ec1
+B+: 0x7fa6bf2fa160 0x7fa6bf2fa174
+B+: 0x7fa6bf2fa175 0x7fa6bf2fa187
+B+: 0x7fa6bf2fa188 0x7fa6bf2fa1a2
+B+: 0x7fa6bf2fa1a3 0x7fa6bf2fa1ac
+B+: 0x7fa6bf2fa1ad 0x7fa6bf2fa1b3
+B+: 0x7fa6bf2fa1d0 0x7fa6bf2fa1e5
+B+: 0x7fa6bf2fa1eb 0x7fa6bf2fa1f3
+B+: 0x7fa6bf2fa205 0x7fa6bf2fa20b
+B+: 0x7fa6bf2fa20c 0x7fa6bf2fa21d
+B+: 0x7fa6bf2fa21e 0x7fa6bf2fa226
+B+: 0x7fa6bf2fa227 0x7fa6bf2fa230
+B+: 0x7fa6bf2fa231 0x7fa6bf2fa232
+B+: 0x7fa6bf2fa240 0x7fa6bf2fa248
+B+: 0x7fa6bf2fa260 0x7fa6bf2fa260
+B+: 0x7fa6bf2fa520 0x7fa6bf2fa534
+B+: 0x7fa6bf2fa572 0x7fa6bf2fa578
+B+: 0x7fa6bf2fa580 0x7fa6bf2fa583
+B+: 0x7fa6bf2fa610 0x7fa6bf2fa656
+B+: 0x7fa6bf2fa65b 0x7fa6bf2fa686
+B+: 0x7fa6bf2fa687 0x7fa6bf2fa69d
+B+: 0x7fa6bf2fa6fc 0x7fa6bf2fa708
+B+: 0x7fa6bf2fa709 0x7fa6bf2fa711
+B+: 0x7fa6bf2fa712 0x7fa6bf2fa72a
+B+: 0x7fa6bf2fa72b 0x7fa6bf2fa73c
+B+: 0x7fa6bf2fa740 0x7fa6bf2fa747
+B+: 0x7fa6bf2fa748 0x7fa6bf2fa75f
+B+: 0x7fa6bf2fa760 0x7fa6bf2fa766
+B+: 0x7fa6bf2fa767 0x7fa6bf2fa780
+B+: 0x7fa6bf2fa790 0x7fa6bf2fa793
+B+: 0x7fa6bf2fa794 0x7fa6bf2fa798
+B+: 0x7fa6bf2fa7a2 0x7fa6bf2fa7aa
+B+: 0x7fa6bf2fa7ab 0x7fa6bf2fa7ae
+B+: 0x7fa6bf2fa7af 0x7fa6bf2fa7bd
+B+: 0x7fa6bf2fa7cb 0x7fa6bf2fa7d3
+B+: 0x7fa6bf2fa825 0x7fa6bf2fa841
+B+: 0x7fa6bf2fa842 0x7fa6bf2fa84d
+B+: 0x7fa6bf2fa87e 0x7fa6bf2fa88e
+B+: 0x7fa6bf2fa88f 0x7fa6bf2fa8a0
+B+: 0x7fa6bf2fa8a1 0x7fa6bf2fa8ad
+B+: 0x7fa6bf2fac10 0x7fa6bf2fac30
+B+: 0x7fa6bf2fac31 0x7fa6bf2fac58
+B+: 0x7fa6bf2fac5e 0x7fa6bf2fac66
+B+: 0x7fa6bf2fac67 0x7fa6bf2fac6f
+B+: 0x7fa6bf2fac78 0x7fa6bf2fac87
+B+: 0x7fa6bf2fac88 0x7fa6bf2fac89
+B+: 0x7fa6bf2faca0 0x7fa6bf2facaf
+B+: 0x7fa6bf2facba 0x7fa6bf2facc4
+B+: 0x7fa6bf2face0 0x7fa6bf2face8
+B+: 0x7fa6bf2fb360 0x7fa6bf2fb36b
+B+: 0x7fa6bf2fb480 0x7fa6bf2fb480
+B+: 0x7fa6bf2fb9c0 0x7fa6bf2fb9db
+B+: 0x7fa6bf2fba16 0x7fa6bf2fba32
+B+: 0x7fa6bf2fba33 0x7fa6bf2fba52
+B+: 0x7fa6bf2fba63 0x7fa6bf2fba6a
+B+: 0x7fa6bf2fba90 0x7fa6bf2fbaa6
+B+: 0x7fa6bf2fbaa7 0x7fa6bf2fbaae
+B+: 0x7fa6bf2fbaaf 0x7fa6bf2fbab6
+B+: 0x7fa6bf2fbaf6 0x7fa6bf2fbb01
+B+: 0x7fa6bf2fbb0c 0x7fa6bf2fbb34
+B+: 0x7fa6bf2fbb40 0x7fa6bf2fbb57
+B+: 0x7fa6bf2fbb58 0x7fa6bf2fbb5f
+B+: 0x7fa6bf2fbb60 0x7fa6bf2fbb67
+B+: 0x7fa6bf2fbb68 0x7fa6bf2fbb70
+B+: 0x7fa6bf2fbb71 0x7fa6bf2fbb7a
+B+: 0x7fa6bf2fbb7b 0x7fa6bf2fbb80
+B+: 0x7fa6bf2fbb97 0x7fa6bf2fbb9c
+B+: 0x7fa6bf2fbc0a 0x7fa6bf2fbc3d
+B+: 0x7fa6bf2fbc47 0x7fa6bf2fbc53
+B+: 0x7fa6bf2fbed0 0x7fa6bf2fbede
+B+: 0x7fa6bf2fbedf 0x7fa6bf2fbee7
+B+: 0x7fa6bf2fbee8 0x7fa6bf2fbefc
+B+: 0x7fa6bf2fbefd 0x7fa6bf2fbf02
+B+: 0x7fa6bf2fbf03 0x7fa6bf2fbf1b
+B+: 0x7fa6bf2fbf1c 0x7fa6bf2fbf21
+B+: 0x7fa6bf2fbf22 0x7fa6bf2fbf2b
+B+: 0x7fa6bf2fbfc0 0x7fa6bf2fbfc7
+B+: 0x7fa6bf2fbfc8 0x7fa6bf2fbfd0
+B+: 0x7fa6bf2fc760 0x7fa6bf2fc768
+B+: 0x7fa6bf2fc769 0x7fa6bf2fc76d
+B+: 0x7fa6bf2fc76e 0x7fa6bf2fc772
+B+: 0x7fa6bf2fc780 0x7fa6bf2fc788
+B+: 0x7fa6bf2fc789 0x7fa6bf2fc78d
+B+: 0x7fa6bf2fc78e 0x7fa6bf2fc792
+B+: 0x7fa6bf2fc7c0 0x7fa6bf2fc7d9
+B+: 0x7fa6bf2fc7da 0x7fa6bf2fc7e6
+B+: 0x7fa6bf2fc7f7 0x7fa6bf2fc802
+B+: 0x7fa6bf2fc803 0x7fa6bf2fc80b
+B+: 0x7fa6bf2fc80c 0x7fa6bf2fc841
+B+: 0x7fa6bf2fc842 0x7fa6bf2fc84b
+B+: 0x7fa6bf2fc84c 0x7fa6bf2fc852
+B+: 0x7fa6bf2fc853 0x7fa6bf2fc875
+B+: 0x7fa6bf2fc880 0x7fa6bf2fc88e
+B+: 0x7fa6bf2fc8b0 0x7fa6bf2fc8c8
+B+: 0x7fa6bf2fc900 0x7fa6bf2fc941
+B+: 0x7fa6bf2fc950 0x7fa6bf2fc966
+B+: 0x7fa6bf2fc967 0x7fa6bf2fc97e
+B+: 0x7fa6bf2fc97f 0x7fa6bf2fc98a
+B+: 0x7fa6bf2fc98b 0x7fa6bf2fc9b3
+B+: 0x7fa6bf2fc9b4 0x7fa6bf2fc9bd
+B+: 0x7fa6bf2fc9be 0x7fa6bf2fc9bf
+B+: 0x7fa6bf2fc9d0 0x7fa6bf2fc9e8
+B+: 0x7fa6bf2fc9e9 0x7fa6bf2fca14
+B+: 0x7fa6bf2fca1e 0x7fa6bf2fca25
+B+: 0x7fa6bf2fca26 0x7fa6bf2fca33
+B+: 0x7fa6bf2fca34 0x7fa6bf2fca46
+B+: 0x7fa6bf2fcae0 0x7fa6bf2fcafe
+B+: 0x7fa6bf2fcaff 0x7fa6bf2fcb0c
+B+: 0x7fa6bf2fcb0d 0x7fa6bf2fcb1b
+B+: 0x7fa6bf2fcb1c 0x7fa6bf2fcb2c
+B+: 0x7fa6bf2fcb40 0x7fa6bf2fcb62
+B+: 0x7fa6bf2fcb98 0x7fa6bf2fcba9
+B+: 0x7fa6bf2fd6d0 0x7fa6bf2fd6f4
+B+: 0x7fa6bf2fd6f5 0x7fa6bf2fd70d
+B+: 0x7fa6bf2fd70e 0x7fa6bf2fd712
+B+: 0x7fa6bf2fd713 0x7fa6bf2fd71e
+B+: 0x7fa6bf2fd71f 0x7fa6bf2fd723
+B+: 0x7fa6bf2fd724 0x7fa6bf2fd728
+B+: 0x7fa6bf2fd729 0x7fa6bf2fd730
+B+: 0x7fa6bf2fd73c 0x7fa6bf2fd749
+B+: 0x7fa6bf2fd74a 0x7fa6bf2fd74d
+B+: 0x7fa6bf2fd74e 0x7fa6bf2fd760
+B+: 0x7fa6bf2fd761 0x7fa6bf2fd76b
+B+: 0x7fa6bf2fd790 0x7fa6bf2fd79d
+B+: 0x7fa6bf2fd79e 0x7fa6bf2fd7a5
+B+: 0x7fa6bf2fd7a6 0x7fa6bf2fd7a7
+B+: 0x7fa6bf2fd890 0x7fa6bf2fd89d
+B+: 0x7fa6bf2fd89e 0x7fa6bf2fd8a9
+B+: 0x7fa6bf2fd8aa 0x7fa6bf2fd8bd
+B+: 0x7fa6bf2fd8c0 0x7fa6bf2fd8ca
+B+: 0x7fa6bf2fd8d0 0x7fa6bf2fd8ef
+B+: 0x7fa6bf2fd8f0 0x7fa6bf2fd8f4
+B+: 0x7fa6bf2fd8f5 0x7fa6bf2fd90c
+B+: 0x7fa6bf2fd90d 0x7fa6bf2fd910
+B+: 0x7fa6bf2fd911 0x7fa6bf2fd912
+B+: 0x7fa6bf2fd913 0x7fa6bf2fd91b
+B+: 0x7fa6bf2fd91c 0x7fa6bf2fd930
+B+: 0x7fa6bf2fd938 0x7fa6bf2fd93c
+B+: 0x7fa6bf2fd980 0x7fa6bf2fd98f
+B+: 0x7fa6bf2fd990 0x7fa6bf2fd99b
+B+: 0x7fa6bf2fd99c 0x7fa6bf2fd9ab
+B+: 0x7fa6bf2fda80 0x7fa6bf2fda93
+B+: 0x7fa6bf2fda94 0x7fa6bf2fdaac
+B+: 0x7fa6bf2fdaad 0x7fa6bf2fdabf
+B+: 0x7fa6bf2fdac0 0x7fa6bf2fdada
+B+: 0x7fa6bf2fdadb 0x7fa6bf2fdae3
+B+: 0x7fa6bf2fdaec 0x7fa6bf2fdaf8
+B+: 0x7fa6bf2fdaf9 0x7fa6bf2fdb02
+B+: 0x7fa6bf2fdb03 0x7fa6bf2fdb06
+B+: 0x7fa6bf2fdb07 0x7fa6bf2fdb1a
+B+: 0x7fa6bf2fdc49 0x7fa6bf2fdc55
+B+: 0x7fa6bf2fdc56 0x7fa6bf2fdc67
+B+: 0x7fa6bf2fdc82 0x7fa6bf2fdc93
+B+: 0x7fa6bf2fdd77 0x7fa6bf2fdd82
+B+: 0x7fa6bf2fdda0 0x7fa6bf2fddb2
+B+: 0x7fa6bf2fddb3 0x7fa6bf2fdddf
+B+: 0x7fa6bf2fdde0 0x7fa6bf2fddeb
+B+: 0x7fa6bf2fddec 0x7fa6bf2fddfc
+B+: 0x7fa6bf2fddfd 0x7fa6bf2fde18
+B+: 0x7fa6bf2fde19 0x7fa6bf2fde25
+B+: 0x7fa6bf2fde26 0x7fa6bf2fde2e
+B+: 0x7fa6bf2fde2f 0x7fa6bf2fde3f
+B+: 0x7fa6bf2fde40 0x7fa6bf2fde44
+B+: 0x7fa6bf2fde45 0x7fa6bf2fde50
+B+: 0x7fa6bf2fde51 0x7fa6bf2fde5d
+B+: 0x7fa6bf2fde5e 0x7fa6bf2fde77
+B+: 0x7fa6bf2fdece 0x7fa6bf2fded2
+B+: 0x7fa6bf2fded3 0x7fa6bf2fdede
+B+: 0x7fa6bf2fdee0 0x7fa6bf2fdeec
+B+: 0x7fa6bf2fdf60 0x7fa6bf2fdf7c
+B+: 0x7fa6bf2fe120 0x7fa6bf2fe128
+B+: 0x7fa6bf2fe129 0x7fa6bf2fe147
+B+: 0x7fa6bf2fe750 0x7fa6bf2fe75e
+B+: 0x7fa6bf2fe75f 0x7fa6bf2fe763
+B+: 0x7fa6bf2fe764 0x7fa6bf2fe770
+B+: 0x7fa6bf2fe771 0x7fa6bf2fe777
+B+: 0x7fa6bf2fe778 0x7fa6bf2fe783
+B+: 0x7fa6bf2fe784 0x7fa6bf2fe788
+B+: 0x7fa6bf2fe789 0x7fa6bf2fe78d
+B+: 0x7fa6bf2fe78e 0x7fa6bf2fe796
+B+: 0x7fa6bf2fe797 0x7fa6bf2fe79e
+B+: 0x7fa6bf2fe890 0x7fa6bf2fe892
+B+: 0x7fa6bf2fe8a7 0x7fa6bf2fe8ab
+B+: 0x7fa6bf2fe8ac 0x7fa6bf2fe8b2
+B+: 0x7fa6bf2fe8b3 0x7fa6bf2fe8b6
+B+: 0x7fa6bf2fe8d0 0x7fa6bf2fe8e1
+B+: 0x7fa6bf2fe8e2 0x7fa6bf2fe8e6
+B+: 0x7fa6bf2fe8e7 0x7fa6bf2fe8eb
+B+: 0x7fa6bf2fe8ec 0x7fa6bf2fe8f1
+B+: 0x7fa6bf2fe8f2 0x7fa6bf2fe8fa
+B+: 0x7fa6bf2fe8fb 0x7fa6bf2fe8fc
+B+: 0x7fa6bf2fe940 0x7fa6bf2fe948
+B+: 0x7fa6bf2fe949 0x7fa6bf2fe951
+B+: 0x7fa6bf2fe980 0x7fa6bf2fe988
+B+: 0x7fa6bf2fe989 0x7fa6bf2fe98a
+B+: 0x7fa6bf2fe98b 0x7fa6bf2fe991
+B+: 0x7fa6bf2fe992 0x7fa6bf2fe9a2
+B+: 0x7fa6bf2fe9a8 0x7fa6bf2fe9ac
+B+: 0x7fa6bf2fe9eb 0x7fa6bf2fea00
+B+: 0x7fa6bf2fea08 0x7fa6bf2fea10
+B+: 0x7fa6bf2feaf0 0x7fa6bf2feb11
+B+: 0x7fa6bf2feb12 0x7fa6bf2feb16
+B+: 0x7fa6bf2feb17 0x7fa6bf2feb1d
+B+: 0x7fa6bf2feb1e 0x7fa6bf2feb26
+B+: 0x7fa6bf2feb27 0x7fa6bf2feb34
+B+: 0x7fa6bf2feb35 0x7fa6bf2feb3c
+B+: 0x7fa6bf2feb3d 0x7fa6bf2feb49
+B+: 0x7fa6bf2feb4a 0x7fa6bf2feb5a
+B+: 0x7fa6bf2feb5b 0x7fa6bf2feb63
+B+: 0x7fa6bf2feb7f 0x7fa6bf2feb93
+B+: 0x7fa6bf2feb94 0x7fa6bf2feb9c
+B+: 0x7fa6bf2febe0 0x7fa6bf2febf7
+B+: 0x7fa6bf2febf8 0x7fa6bf2fec00
+B+: 0x7fa6bf2fec1b 0x7fa6bf2fec2b
+B+: 0x7fa6bf2fed40 0x7fa6bf2fed5e
+B+: 0x7fa6bf2fed5f 0x7fa6bf2fed6d
+B+: 0x7fa6bf2fed6e 0x7fa6bf2fed72
+B+: 0x7fa6bf2fed7d 0x7fa6bf2fed90
+B+: 0x7fa6bf2fed91 0x7fa6bf2fed95
+B+: 0x7fa6bf2fed96 0x7fa6bf2fed9a
+B+: 0x7fa6bf2feda0 0x7fa6bf2feda4
+B+: 0x7fa6bf2fedd5 0x7fa6bf2fedd9
+B+: 0x7fa6bf2fedda 0x7fa6bf2fedde
+B+: 0x7fa6bf2fedf0 0x7fa6bf2fedfb
+B+: 0x7fa6bf2fedfc 0x7fa6bf2fee07
+B+: 0x7fa6bf2fee08 0x7fa6bf2fee10
+B+: 0x7fa6bf2fee2c 0x7fa6bf2fee30
+B+: 0x7fa6bf2fee31 0x7fa6bf2fee36
+B+: 0x7fa6bf2fee41 0x7fa6bf2fee45
+B+: 0x7fa6bf2fee46 0x7fa6bf2fee54
+B+: 0x7fa6bf2fee55 0x7fa6bf2fee5d
+B+: 0x7fa6bf2fee5e 0x7fa6bf2fee62
+B+: 0x7fa6bf2fee63 0x7fa6bf2fee74
+B+: 0x7fa6bf2fee78 0x7fa6bf2fee84
+B+: 0x7fa6bf2feea0 0x7fa6bf2feea4
+B+: 0x7fa6bf2feef0 0x7fa6bf2fef03
+B+: 0x7fa6bf2fef40 0x7fa6bf2fef76
+B+: 0x7fa6bf2fef77 0x7fa6bf2fef82
+B+: 0x7fa6bf2fef83 0x7fa6bf2fef92
+B+: 0x7fa6bf2ff01b 0x7fa6bf2ff031
+B+: 0x7fa6bf2ff032 0x7fa6bf2ff040
+B+: 0x7fa6bf2ff075 0x7fa6bf2ff0b8
+B+: 0x7fa6bf2ff0b9 0x7fa6bf2ff0c3
+B+: 0x7fa6bf2ff0c4 0x7fa6bf2ff0cc
+B+: 0x7fa6bf2ff0cd 0x7fa6bf2ff0d5
+B+: 0x7fa6bf2ff0d6 0x7fa6bf2ff0de
+B+: 0x7fa6bf2ff0df 0x7fa6bf2ff106
+B+: 0x7fa6bf2ff107 0x7fa6bf2ff133
+B+: 0x7fa6bf2ff578 0x7fa6bf2ff581
+B+: 0x7fa6bf2ff582 0x7fa6bf2ff5a8
+B+: 0x7fa6bf2ff5a9 0x7fa6bf2ff5b6
+B+: 0x7fa6bf2ff5d0 0x7fa6bf2ff5e0
+B+: 0x7fa6bf2ff5e1 0x7fa6bf2ff5ee
+B+: 0x7fa6bf2ff5ef 0x7fa6bf2ff5f3
+B+: 0x7fa6bf2ff670 0x7fa6bf2ff67e
+B+: 0x7fa6bf2ff67f 0x7fa6bf2ff683
+B+: 0x7fa6bf2ff684 0x7fa6bf2ff692
+B+: 0x7fa6bf2ff693 0x7fa6bf2ff69a
+B+: 0x7fa6bf2ff69b 0x7fa6bf2ff6a2
+B+: 0x7fa6bf2ff6a3 0x7fa6bf2ff6b7
+B+: 0x7fa6bf2ff790 0x7fa6bf2ff7bc
+B+: 0x7fa6bf2ff7bd 0x7fa6bf2ff7d4
+B+: 0x7fa6bf2ff7e0 0x7fa6bf2ff83a
+B+: 0x7fa6bf2ff83b 0x7fa6bf2ff875
+B+: 0x7fa6bf2ff876 0x7fa6bf2ff893
+B+: 0x7fa6bf2ff894 0x7fa6bf2ff8a3
+B+: 0x7fa6bf2ff8a4 0x7fa6bf2ff8b0
+B+: 0x7fa6bf2ff9b4 0x7fa6bf2ff9b8
+B+: 0x7fa6bf2ff9b9 0x7fa6bf2ff9cf
+B+: 0x7fa6bf2ff9d0 0x7fa6bf2ff9dc
+B+: 0x7fa6bf2ff9dd 0x7fa6bf2ff9ef
+B+: 0x7fa6bf2ff9f0 0x7fa6bf2ff9f7
+B+: 0x7fa6bf2ffa01 0x7fa6bf2ffa16
+B+: 0x7fa6bf2ffa28 0x7fa6bf2ffa3d
+B+: 0x7fa6bf2ffa3e 0x7fa6bf2ffa4d
+B+: 0x7fa6bf2ffa79 0x7fa6bf2ffa97
+B+: 0x7fa6bf2ffa98 0x7fa6bf2ffac0
+B+: 0x7fa6bf2ffac1 0x7fa6bf2ffacf
+B+: 0x7fa6bf300148 0x7fa6bf300154
+B+: 0x7fa6bf300155 0x7fa6bf300174
+B+: 0x7fa6bf300175 0x7fa6bf30017f
+B+: 0x7fa6bf3001ac 0x7fa6bf3001b0
+B+: 0x7fa6bf3001b1 0x7fa6bf3001b5
+B+: 0x7fa6bf300a40 0x7fa6bf300a64
+B+: 0x7fa6bf300b10 0x7fa6bf300b1a
+B+: 0x7fa6bf300b40 0x7fa6bf300b47
+B+: 0x7fa6bf300b48 0x7fa6bf300b51
+B+: 0x7fa6bf300b58 0x7fa6bf300b60
+B+: 0x7fa6bf300b61 0x7fa6bf300b6a
+B+: 0x7fa6bf300b88 0x7fa6bf300b8c
+B+: 0x7fa6bf300b8d 0x7fa6bf300b94
+B+: 0x7fa6bf300ba0 0x7fa6bf300ba4
+B+: 0x7fa6bf300d00 0x7fa6bf300d30
+B+: 0x7fa6bf300e3f 0x7fa6bf300e55
+B+: 0x7fa6bf300e56 0x7fa6bf300e67
+B+: 0x7fa6bf3011e0 0x7fa6bf301222
+B+: 0x7fa6bf301223 0x7fa6bf301228
+B+: 0x7fa6bf30124c 0x7fa6bf301260
+B+: 0x7fa6bf301261 0x7fa6bf301269
+B+: 0x7fa6bf301270 0x7fa6bf301279
+B+: 0x7fa6bf301288 0x7fa6bf3012a0
+B+: 0x7fa6bf3012a1 0x7fa6bf3012ba
+B+: 0x7fa6bf3012bb 0x7fa6bf3012bc
+B+: 0x7fa6bf3012d0 0x7fa6bf3012d8
+B+: 0x7fa6bf3012f8 0x7fa6bf3012f8
+B+: 0x7fa6bf301300 0x7fa6bf30130c
+B+: 0x7fa6bf30133f 0x7fa6bf301343
+B+: 0x7fa6bf301380 0x7fa6bf301384
+B+: 0x7fa6bf3013d0 0x7fa6bf3013e3
+B+: 0x7fa6bf301400 0x7fa6bf301400
+B+: 0x7fa6bf301420 0x7fa6bf30145b
+B+: 0x7fa6bf301467 0x7fa6bf301471
+B+: 0x7fa6bf301472 0x7fa6bf301489
+B+: 0x7fa6bf30148a 0x7fa6bf30148d
+B+: 0x7fa6bf30148e 0x7fa6bf301494
+B+: 0x7fa6bf301495 0x7fa6bf30149d
+B+: 0x7fa6bf30149e 0x7fa6bf3014a9
+B+: 0x7fa6bf3014aa 0x7fa6bf3014c2
+B+: 0x7fa6bf3014c3 0x7fa6bf3014ce
+B+: 0x7fa6bf3014cf 0x7fa6bf3014e5
+B+: 0x7fa6bf3014e6 0x7fa6bf3014f5
+B+: 0x7fa6bf301500 0x7fa6bf30150e
+B+: 0x7fa6bf30150f 0x7fa6bf301513
+B+: 0x7fa6bf301514 0x7fa6bf30151e
+B+: 0x7fa6bf301540 0x7fa6bf301549
+B+: 0x7fa6bf30154a 0x7fa6bf30154e
+B+: 0x7fa6bf30154f 0x7fa6bf301560
+B+: 0x7fa6bf301568 0x7fa6bf301577
+B+: 0x7fa6bf301580 0x7fa6bf301589
+B+: 0x7fa6bf3015a8 0x7fa6bf3015bb
+B+: 0x7fa6bf3015c0 0x7fa6bf3015ce
+B+: 0x7fa6bf3015cf 0x7fa6bf3015dc
+B+: 0x7fa6bf3016f0 0x7fa6bf3016fd
+B+: 0x7fa6bf3017a0 0x7fa6bf3017a0
+B+: 0x7fa6bf3017b0 0x7fa6bf3017ba
+B+: 0x7fa6bf3017bb 0x7fa6bf3017ce
+B+: 0x7fa6bf3017cf 0x7fa6bf3017d8
+B+: 0x7fa6bf3017d9 0x7fa6bf3017e6
+B+: 0x7fa6bf301800 0x7fa6bf30182d
+B+: 0x7fa6bf30182e 0x7fa6bf301831
+B+: 0x7fa6bf301832 0x7fa6bf301847
+B+: 0x7fa6bf301864 0x7fa6bf30186b
+B+: 0x7fa6bf30186c 0x7fa6bf30186f
+B+: 0x7fa6bf301870 0x7fa6bf301876
+B+: 0x7fa6bf301877 0x7fa6bf30187b
+B+: 0x7fa6bf30187c 0x7fa6bf301886
+B+: 0x7fa6bf301ae0 0x7fa6bf301b01
+B+: 0x7fa6bf301b02 0x7fa6bf301b0a
+B+: 0x7fa6bf301b0b 0x7fa6bf301b14
+B+: 0x7fa6bf301b15 0x7fa6bf301b19
+B+: 0x7fa6bf301c00 0x7fa6bf301c19
+B+: 0x7fa6bf301c51 0x7fa6bf301c8e
+B+: 0x7fa6bf301c8f 0x7fa6bf301c9e
+B+: 0x7fa6bf301c9f 0x7fa6bf301ca6
+B+: 0x7fa6bf301df0 0x7fa6bf301dfb
+B+: 0x7fa6bf301e20 0x7fa6bf301e20
+B+: 0x7fa6bf301e30 0x7fa6bf301e38
+B+: 0x7fa6bf303940 0x7fa6bf30394b
+B+: 0x7fa6bf30394c 0x7fa6bf303957
+B+: 0x7fa6bf303958 0x7fa6bf303964
+B+: 0x7fa6bf303965 0x7fa6bf303969
+B+: 0x7fa6bf30396a 0x7fa6bf30396f
+B+: 0x7fa6bf303970 0x7fa6bf303976
+B+: 0x7fa6bf303980 0x7fa6bf303987
+B+: 0x7fa6bf303988 0x7fa6bf30398c
+B+: 0x7fa6bf30398d 0x7fa6bf30399b
+B+: 0x7fa6bf30399c 0x7fa6bf3039a0
+B+: 0x7fa6bf3039a1 0x7fa6bf3039a8
+B+: 0x7fa6bf3039a9 0x7fa6bf3039ad
+B+: 0x7fa6bf3039ae 0x7fa6bf3039b8
+B+: 0x7fa6bf3039b9 0x7fa6bf3039b9
+B+: 0x7fa6bf3039c0 0x7fa6bf3039c5
+B+: 0x7fa6bf3039c6 0x7fa6bf3039c9
+B+: 0x7fa6bf3039d0 0x7fa6bf3039d0
+B+: 0x7fa6bf3039d1 0x7fa6bf3039d5
+B+: 0x7fa6bf3039d6 0x7fa6bf3039d9
+B+: 0x7fa6bf3039e0 0x7fa6bf3039ff
+B+: 0x7fa6bf303a00 0x7fa6bf303a11
+B+: 0x7fa6bf303a12 0x7fa6bf303a16
+B+: 0x7fa6bf303a20 0x7fa6bf303a22
+B+: 0x7fa6bf303a23 0x7fa6bf303a2f
+B+: 0x7fa6bf303a30 0x7fa6bf303a33
+B+: 0x7fa6bf303a34 0x7fa6bf303a5d
+B+: 0x7fa6bf303a5e 0x7fa6bf303a62
+B+: 0x7fa6bf303a63 0x7fa6bf303a82
+B+: 0x7fa6bf303ac0 0x7fa6bf303ade
+B+: 0x7fa6bf303adf 0x7fa6bf303ae3
+B+: 0x7fa6bf303ae4 0x7fa6bf303ae8
+B+: 0x7fa6bf303af0 0x7fa6bf303af2
+B+: 0x7fa6bf303af3 0x7fa6bf303aff
+B+: 0x7fa6bf303b00 0x7fa6bf303b03
+B+: 0x7fa6bf303b04 0x7fa6bf303b3e
+B+: 0x7fa6bf303b3f 0x7fa6bf303b49
+B+: 0x7fa6bf303b4a 0x7fa6bf303b57
+B+: 0x7fa6bf303b58 0x7fa6bf303b5d
+B+: 0x7fa6bf303b5e 0x7fa6bf303b66
+B+: 0x7fa6bf303b67 0x7fa6bf303b70
+B+: 0x7fa6bf303b71 0x7fa6bf303b7a
+B+: 0x7fa6bf303b7b 0x7fa6bf303b9a
+B+: 0x7fa6bf303b9b 0x7fa6bf303ba3
+B+: 0x7fa6bf303ba4 0x7fa6bf303bbd
+B+: 0x7fa6bf303bc0 0x7fa6bf303bc5
+B+: 0x7fa6bf303bc6 0x7fa6bf303bcf
+B+: 0x7fa6bf303bd0 0x7fa6bf303bd9
+B+: 0x7fa6bf303bda 0x7fa6bf303bf7
+B+: 0x7fa6bf303c08 0x7fa6bf303c14
+B+: 0x7fa6bf303c15 0x7fa6bf303c1b
+B+: 0x7fa6bf303c1c 0x7fa6bf303c29
+B+: 0x7fa6bf303cb0 0x7fa6bf303cca
+B+: 0x7fa6bf303ccb 0x7fa6bf303cda
+B+: 0x7fa6bf303cdb 0x7fa6bf303ce6
+B+: 0x7fa6bf303ce7 0x7fa6bf303cef
+B+: 0x7fa6bf303cf0 0x7fa6bf303cf4
+B+: 0x7fa6bf303cf5 0x7fa6bf303cfc
+B+: 0x7fa6bf303cfd 0x7fa6bf303d10
+B+: 0x7fa6bf303d11 0x7fa6bf303d21
+B+: 0x7fa6bf303d22 0x7fa6bf303d26
+B+: 0x7fa6bf303d27 0x7fa6bf303d38
+B+: 0x7fa6bf303d39 0x7fa6bf303d4b
+B+: 0x7fa6bf303d4c 0x7fa6bf303d54
+B+: 0x7fa6bf303d55 0x7fa6bf303d5e
+B+: 0x7fa6bf303d5f 0x7fa6bf303d6d
+B+: 0x7fa6bf303ea0 0x7fa6bf303eb6
+B+: 0x7fa6bf303eb7 0x7fa6bf303ebb
+B+: 0x7fa6bf303ebc 0x7fa6bf303ec0
+B+: 0x7fa6bf303ec8 0x7fa6bf303ecb
+B+: 0x7fa6bf303ecc 0x7fa6bf303ed9
+B+: 0x7fa6bf303eda 0x7fa6bf303edd
+B+: 0x7fa6bf303ede 0x7fa6bf303f06
+B+: 0x7fa6bf303f07 0x7fa6bf303f10
+B+: 0x7fa6bf303f11 0x7fa6bf303f16
+B+: 0x7fa6bf303f17 0x7fa6bf303f24
+B+: 0x7fa6bf303f25 0x7fa6bf303f2d
+B+: 0x7fa6bf304440 0x7fa6bf30446b
+B+: 0x7fa6bf30446c 0x7fa6bf304470
+B+: 0x7fa6bf304471 0x7fa6bf304475
+B+: 0x7fa6bf304536 0x7fa6bf30453e
+B+: 0x7fa6bf30453f 0x7fa6bf304548
+B+: 0x7fa6bf304549 0x7fa6bf304551
+B+: 0x7fa6bf3045d0 0x7fa6bf3045e4
+B+: 0x7fa6bf3045e5 0x7fa6bf304606
+B+: 0x7fa6bf304607 0x7fa6bf304610
+B+: 0x7fa6bf304611 0x7fa6bf304618
+B+: 0x7fa6bf304640 0x7fa6bf304648
+B+: 0x7fa6bf304649 0x7fa6bf304656
+B+: 0x7fa6bf304657 0x7fa6bf30465f
+B+: 0x7fa6bf304660 0x7fa6bf304661
+B+: 0x7fa6bf304760 0x7fa6bf3047aa
+B+: 0x7fa6bf3047ab 0x7fa6bf3047af
+B+: 0x7fa6bf3047b0 0x7fa6bf3047be
+B+: 0x7fa6bf3047c8 0x7fa6bf3047d3
+B+: 0x7fa6bf3047d4 0x7fa6bf3047d8
+B+: 0x7fa6bf3047d9 0x7fa6bf3047e0
+B+: 0x7fa6bf3047e1 0x7fa6bf3047e5
+B+: 0x7fa6bf3047e6 0x7fa6bf3047f3
+B+: 0x7fa6bf3047f4 0x7fa6bf3047fb
+B+: 0x7fa6bf304800 0x7fa6bf304810
+B+: 0x7fa6bf304811 0x7fa6bf304815
+B+: 0x7fa6bf304816 0x7fa6bf304832
+B+: 0x7fa6bf304833 0x7fa6bf304843
+B+: 0x7fa6bf304844 0x7fa6bf30484f
+B+: 0x7fa6bf304850 0x7fa6bf304857
+B+: 0x7fa6bf304858 0x7fa6bf30485c
+B+: 0x7fa6bf30485d 0x7fa6bf304868
+B+: 0x7fa6bf304869 0x7fa6bf30487b
+B+: 0x7fa6bf30487c 0x7fa6bf304884
+B+: 0x7fa6bf304888 0x7fa6bf304897
+B+: 0x7fa6bf304898 0x7fa6bf30489b
+B+: 0x7fa6bf30489c 0x7fa6bf3048b4
+B+: 0x7fa6bf3048b5 0x7fa6bf3048b8
+B+: 0x7fa6bf3048b9 0x7fa6bf3048c6
+B+: 0x7fa6bf3048c7 0x7fa6bf3048d5
+B+: 0x7fa6bf304dc0 0x7fa6bf304dec
+B+: 0x7fa6bf304ded 0x7fa6bf304df2
+B+: 0x7fa6bf304df3 0x7fa6bf304e04
+B+: 0x7fa6bf304e05 0x7fa6bf304e0d
+B+: 0x7fa6bf304e0e 0x7fa6bf304e1c
+CND+ 0x7fa6bf2f300e: taken
+CND+ 0x7fa6bf2f35ea: not taken
+CND+ 0x7fa6bf2f3626: not taken
+CND+ 0x7fa6bf2f363b: taken
+CND+ 0x7fa6bf2f3673: not taken
+CND+ 0x7fa6bf2f3687: not taken
+CND+ 0x7fa6bf2f3695: not taken
+CND+ 0x7fa6bf2f37e2: taken
+CND+ 0x7fa6bf2f3862: not taken
+CND+ 0x7fa6bf2f387c: both
+CND+ 0x7fa6bf2f38a9: not taken
+CND+ 0x7fa6bf2f3a5d: not taken
+CND+ 0x7fa6bf2f3a62: taken
+CND+ 0x7fa6bf2f46e6: not taken
+CND+ 0x7fa6bf2f4704: taken
+CND+ 0x7fa6bf2f471a: not taken
+CND+ 0x7fa6bf2f471f: taken
+CND+ 0x7fa6bf2f472f: taken
+CND+ 0x7fa6bf2f474c: not taken
+CND+ 0x7fa6bf2f4756: not taken
+CND+ 0x7fa6bf2f478f: not taken
+CND+ 0x7fa6bf2f479b: taken
+CND+ 0x7fa6bf2f5079: taken
+CND+ 0x7fa6bf2f511b: not taken
+CND+ 0x7fa6bf2f5149: not taken
+CND+ 0x7fa6bf2f5158: not taken
+CND+ 0x7fa6bf2f5190: not taken
+CND+ 0x7fa6bf2f51ce: taken
+CND+ 0x7fa6bf2f5c20: not taken
+CND+ 0x7fa6bf2f5c2d: taken
+CND+ 0x7fa6bf2f5c48: not taken
+CND+ 0x7fa6bf2f5c5f: both
+CND+ 0x7fa6bf2f5c88: not taken
+CND+ 0x7fa6bf2f5ed2: taken
+CND+ 0x7fa6bf2f5f55: not taken
+CND+ 0x7fa6bf2f5f7e: not taken
+CND+ 0x7fa6bf2f5f8a: not taken
+CND+ 0x7fa6bf2f5f93: both
+CND+ 0x7fa6bf2f5fc4: not taken
+CND+ 0x7fa6bf2f5fe2: both
+CND+ 0x7fa6bf2f5ffb: taken
+CND+ 0x7fa6bf2f605a: taken
+CND+ 0x7fa6bf2f60af: not taken
+CND+ 0x7fa6bf2f60b8: taken
+CND+ 0x7fa6bf2f60e0: taken
+CND+ 0x7fa6bf2f6116: not taken
+CND+ 0x7fa6bf2f615a: not taken
+CND+ 0x7fa6bf2f6163: taken
+CND+ 0x7fa6bf2f621b: taken
+CND+ 0x7fa6bf2f624a: taken
+CND+ 0x7fa6bf2f627c: not taken
+CND+ 0x7fa6bf2f636a: taken
+CND+ 0x7fa6bf2f6520: not taken
+CND+ 0x7fa6bf2f6529: not taken
+CND+ 0x7fa6bf2f6532: taken
+CND+ 0x7fa6bf2f68eb: not taken
+CND+ 0x7fa6bf2f6906: both
+CND+ 0x7fa6bf2f693d: not taken
+CND+ 0x7fa6bf2f6985: both
+CND+ 0x7fa6bf2f69f6: taken
+CND+ 0x7fa6bf2f6a20: both
+CND+ 0x7fa6bf2f6a29: not taken
+CND+ 0x7fa6bf2f6a33: not taken
+CND+ 0x7fa6bf2f6ae4: not taken
+CND+ 0x7fa6bf2f6afb: taken
+CND+ 0x7fa6bf2f6b2a: both
+CND+ 0x7fa6bf2f6b30: both
+CND+ 0x7fa6bf2f6b40: taken
+CND+ 0x7fa6bf2f6b60: not taken
+CND+ 0x7fa6bf2f6b96: not taken
+CND+ 0x7fa6bf2f6be5: taken
+CND+ 0x7fa6bf2f6da0: not taken
+CND+ 0x7fa6bf2f6da9: not taken
+CND+ 0x7fa6bf2f6dc8: both
+CND+ 0x7fa6bf2f6dd0: both
+CND+ 0x7fa6bf2f6e2e: taken
+CND+ 0x7fa6bf2f6e57: not taken
+CND+ 0x7fa6bf2f6eac: taken
+CND+ 0x7fa6bf2f6ed8: taken
+CND+ 0x7fa6bf2f6fa3: not taken
+CND+ 0x7fa6bf2f6fc0: taken
+CND+ 0x7fa6bf2f7019: not taken
+CND+ 0x7fa6bf2f7065: not taken
+CND+ 0x7fa6bf2f706f: not taken
+CND+ 0x7fa6bf2f7089: both
+CND+ 0x7fa6bf2f709d: not taken
+CND+ 0x7fa6bf2f70ab: taken
+CND+ 0x7fa6bf2f714c: not taken
+CND+ 0x7fa6bf2f7156: taken
+CND+ 0x7fa6bf2f71cc: taken
+CND+ 0x7fa6bf2f71ee: taken
+CND+ 0x7fa6bf2f7811: both
+CND+ 0x7fa6bf2f781b: not taken
+CND+ 0x7fa6bf2f781f: not taken
+CND+ 0x7fa6bf2f7839: taken
+CND+ 0x7fa6bf2f7859: taken
+CND+ 0x7fa6bf2f7861: taken
+CND+ 0x7fa6bf2f845f: taken
+CND+ 0x7fa6bf2f8626: not taken
+CND+ 0x7fa6bf2f86ca: taken
+CND+ 0x7fa6bf2f8762: taken
+CND+ 0x7fa6bf2f92a4: taken
+CND+ 0x7fa6bf2f92bd: not taken
+CND+ 0x7fa6bf2f92cd: not taken
+CND+ 0x7fa6bf2f930f: taken
+CND+ 0x7fa6bf2f9327: taken
+CND+ 0x7fa6bf2f933a: not taken
+CND+ 0x7fa6bf2f9343: taken
+CND+ 0x7fa6bf2f9381: not taken
+CND+ 0x7fa6bf2f93d6: taken
+CND+ 0x7fa6bf2f93e7: taken
+CND+ 0x7fa6bf2f9895: not taken
+CND+ 0x7fa6bf2f98a8: not taken
+CND+ 0x7fa6bf2f98d2: not taken
+CND+ 0x7fa6bf2f9907: not taken
+CND+ 0x7fa6bf2f9942: taken
+CND+ 0x7fa6bf2f9953: not taken
+CND+ 0x7fa6bf2f9963: taken
+CND+ 0x7fa6bf2f9a7b: not taken
+CND+ 0x7fa6bf2f9dbc: both
+CND+ 0x7fa6bf2f9dc9: both
+CND+ 0x7fa6bf2f9e03: not taken
+CND+ 0x7fa6bf2f9e0d: not taken
+CND+ 0x7fa6bf2f9e18: taken
+CND+ 0x7fa6bf2fa1a1: not taken
+CND+ 0x7fa6bf2fa1ab: not taken
+CND+ 0x7fa6bf2fa1e4: taken
+CND+ 0x7fa6bf2fa1f2: taken
+CND+ 0x7fa6bf2fa20a: not taken
+CND+ 0x7fa6bf2fa225: not taken
+CND+ 0x7fa6bf2fa22f: not taken
+CND+ 0x7fa6bf2fa247: taken
+CND+ 0x7fa6bf2fa533: taken
+CND+ 0x7fa6bf2fa582: taken
+CND+ 0x7fa6bf2fa655: taken
+CND+ 0x7fa6bf2fa698: taken
+CND+ 0x7fa6bf2fa703: not taken
+CND+ 0x7fa6bf2fa70c: taken
+CND+ 0x7fa6bf2fa725: not taken
+CND+ 0x7fa6bf2fa742: not taken
+CND+ 0x7fa6bf2fa75a: not taken
+CND+ 0x7fa6bf2fa765: not taken
+CND+ 0x7fa6bf2fa792: not taken
+CND+ 0x7fa6bf2fa797: taken
+CND+ 0x7fa6bf2fa7a9: taken
+CND+ 0x7fa6bf2fa7ad: not taken
+CND+ 0x7fa6bf2fa7bc: taken
+CND+ 0x7fa6bf2fa7ce: taken
+CND+ 0x7fa6bf2fa848: taken
+CND+ 0x7fa6bf2fa889: not taken
+CND+ 0x7fa6bf2fa89b: not taken
+CND+ 0x7fa6bf2fa8a8: taken
+CND+ 0x7fa6bf2fac2f: not taken
+CND+ 0x7fa6bf2fac57: taken
+CND+ 0x7fa6bf2fac65: not taken
+CND+ 0x7fa6bf2fac6e: taken
+CND+ 0x7fa6bf2fac86: not taken
+CND+ 0x7fa6bf2facae: taken
+CND+ 0x7fa6bf2fb366: taken
+CND+ 0x7fa6bf2fb9d6: taken
+CND+ 0x7fa6bf2fba31: not taken
+CND+ 0x7fa6bf2fba51: taken
+CND+ 0x7fa6bf2fbaad: not taken
+CND+ 0x7fa6bf2fbab5: taken
+CND+ 0x7fa6bf2fbb00: taken
+CND+ 0x7fa6bf2fbb5a: not taken
+CND+ 0x7fa6bf2fbb62: not taken
+CND+ 0x7fa6bf2fbb6b: not taken
+CND+ 0x7fa6bf2fbb75: not taken
+CND+ 0x7fa6bf2fbb7f: taken
+CND+ 0x7fa6bf2fbb9b: taken
+CND+ 0x7fa6bf2fbc3c: taken
+CND+ 0x7fa6bf2fbed9: not taken
+CND+ 0x7fa6bf2fbee6: not taken
+CND+ 0x7fa6bf2fbf01: not taken
+CND+ 0x7fa6bf2fbf1a: not taken
+CND+ 0x7fa6bf2fbf20: not taken
+CND+ 0x7fa6bf2fbf26: taken
+CND+ 0x7fa6bf2fc76c: not taken
+CND+ 0x7fa6bf2fc78c: not taken
+CND+ 0x7fa6bf2fc7d8: both
+CND+ 0x7fa6bf2fc7e1: taken
+CND+ 0x7fa6bf2fc806: not taken
+CND+ 0x7fa6bf2fc840: not taken
+CND+ 0x7fa6bf2fc84a: not taken
+CND+ 0x7fa6bf2fc965: both
+CND+ 0x7fa6bf2fc989: not taken
+CND+ 0x7fa6bf2fc9b2: not taken
+CND+ 0x7fa6bf2fc9bc: not taken
+CND+ 0x7fa6bf2fc9e3: not taken
+CND+ 0x7fa6bf2fca13: taken
+CND+ 0x7fa6bf2fcafd: not taken
+CND+ 0x7fa6bf2fcb1a: not taken
+CND+ 0x7fa6bf2fcb61: taken
+CND+ 0x7fa6bf2fd711: not taken
+CND+ 0x7fa6bf2fd71d: not taken
+CND+ 0x7fa6bf2fd722: not taken
+CND+ 0x7fa6bf2fd748: not taken
+CND+ 0x7fa6bf2fd74c: not taken
+CND+ 0x7fa6bf2fd75f: not taken
+CND+ 0x7fa6bf2fd7a4: not taken
+CND+ 0x7fa6bf2fd8f3: both
+CND+ 0x7fa6bf2fd90f: both
+CND+ 0x7fa6bf2fd911: not taken
+CND+ 0x7fa6bf2fd91a: taken
+CND+ 0x7fa6bf2fda92: not taken
+CND+ 0x7fa6bf2fdaba: not taken
+CND+ 0x7fa6bf2fdad5: both
+CND+ 0x7fa6bf2fdade: taken
+CND+ 0x7fa6bf2fdaf7: not taken
+CND+ 0x7fa6bf2fdb01: not taken
+CND+ 0x7fa6bf2fdb05: not taken
+CND+ 0x7fa6bf2fdb19: taken
+CND+ 0x7fa6bf2fdc50: not taken
+CND+ 0x7fa6bf2fdc62: taken
+CND+ 0x7fa6bf2fddb1: not taken
+CND+ 0x7fa6bf2fddea: both
+CND+ 0x7fa6bf2fde13: not taken
+CND+ 0x7fa6bf2fde20: taken
+CND+ 0x7fa6bf2fde2d: not taken
+CND+ 0x7fa6bf2fde43: not taken
+CND+ 0x7fa6bf2fde4f: both
+CND+ 0x7fa6bf2fde58: not taken
+CND+ 0x7fa6bf2fde72: taken
+CND+ 0x7fa6bf2fdee7: taken
+CND+ 0x7fa6bf2fe75d: both
+CND+ 0x7fa6bf2fe76f: not taken
+CND+ 0x7fa6bf2fe782: both
+CND+ 0x7fa6bf2fe787: both
+CND+ 0x7fa6bf2fe795: both
+CND+ 0x7fa6bf2fe8b1: not taken
+CND+ 0x7fa6bf2fe8dc: not taken
+CND+ 0x7fa6bf2fe8ea: not taken
+CND+ 0x7fa6bf2fe8ec: both
+CND+ 0x7fa6bf2fe8f5: not taken
+CND+ 0x7fa6bf2fe8fb: taken
+CND+ 0x7fa6bf2fe943: not taken
+CND+ 0x7fa6bf2fe94c: taken
+CND+ 0x7fa6bf2fe983: not taken
+CND+ 0x7fa6bf2fe989: both
+CND+ 0x7fa6bf2fe990: not taken
+CND+ 0x7fa6bf2fe9ab: taken
+CND+ 0x7fa6bf2fea0b: taken
+CND+ 0x7fa6bf2feb10: both
+CND+ 0x7fa6bf2feb1c: not taken
+CND+ 0x7fa6bf2feb21: both
+CND+ 0x7fa6bf2feb2f: not taken
+CND+ 0x7fa6bf2feb37: both
+CND+ 0x7fa6bf2feb44: both
+CND+ 0x7fa6bf2feb5e: taken
+CND+ 0x7fa6bf2feb92: both
+CND+ 0x7fa6bf2feb9b: taken
+CND+ 0x7fa6bf2febfb: taken
+CND+ 0x7fa6bf2fed68: both
+CND+ 0x7fa6bf2fed71: taken
+CND+ 0x7fa6bf2fed8b: not taken
+CND+ 0x7fa6bf2feda3: taken
+CND+ 0x7fa6bf2feddd: taken
+CND+ 0x7fa6bf2fee02: not taken
+CND+ 0x7fa6bf2fee0b: taken
+CND+ 0x7fa6bf2fee2f: not taken
+CND+ 0x7fa6bf2fee35: taken
+CND+ 0x7fa6bf2fee4f: not taken
+CND+ 0x7fa6bf2fee58: both
+CND+ 0x7fa6bf2fef7d: not taken
+CND+ 0x7fa6bf2ff02c: not taken
+CND+ 0x7fa6bf2ff0c7: not taken
+CND+ 0x7fa6bf2ff0d0: both
+CND+ 0x7fa6bf2ff0d9: not taken
+CND+ 0x7fa6bf2ff5a7: both
+CND+ 0x7fa6bf2ff5ed: not taken
+CND+ 0x7fa6bf2ff5f2: taken
+CND+ 0x7fa6bf2ff682: not taken
+CND+ 0x7fa6bf2ff6a1: not taken
+CND+ 0x7fa6bf2ff7bb: not taken
+CND+ 0x7fa6bf2ff835: not taken
+CND+ 0x7fa6bf2ff870: not taken
+CND+ 0x7fa6bf2ff88e: not taken
+CND+ 0x7fa6bf2ff89e: not taken
+CND+ 0x7fa6bf2ff9ca: both
+CND+ 0x7fa6bf2ff9ea: taken
+CND+ 0x7fa6bf2ff9f6: taken
+CND+ 0x7fa6bf2ffa15: taken
+CND+ 0x7fa6bf2ffa38: not taken
+CND+ 0x7fa6bf2ffa48: taken
+CND+ 0x7fa6bf2ffabb: not taken
+CND+ 0x7fa6bf30014f: not taken
+CND+ 0x7fa6bf30016f: not taken
+CND+ 0x7fa6bf30017e: taken
+CND+ 0x7fa6bf300a5f: taken
+CND+ 0x7fa6bf300b46: not taken
+CND+ 0x7fa6bf300b50: taken
+CND+ 0x7fa6bf300b69: taken
+CND+ 0x7fa6bf300b93: taken
+CND+ 0x7fa6bf300d2b: taken
+CND+ 0x7fa6bf300e50: not taken
+CND+ 0x7fa6bf301227: taken
+CND+ 0x7fa6bf30125f: not taken
+CND+ 0x7fa6bf301278: taken
+CND+ 0x7fa6bf3012b9: not taken
+CND+ 0x7fa6bf3012d7: taken
+CND+ 0x7fa6bf30130b: taken
+CND+ 0x7fa6bf301383: taken
+CND+ 0x7fa6bf3013e2: taken
+CND+ 0x7fa6bf301456: taken
+CND+ 0x7fa6bf301488: both
+CND+ 0x7fa6bf30148c: not taken
+CND+ 0x7fa6bf301493: not taken
+CND+ 0x7fa6bf301498: both
+CND+ 0x7fa6bf3014e0: not taken
+CND+ 0x7fa6bf301512: not taken
+CND+ 0x7fa6bf301519: taken
+CND+ 0x7fa6bf301548: not taken
+CND+ 0x7fa6bf30154d: not taken
+CND+ 0x7fa6bf3015c9: not taken
+CND+ 0x7fa6bf3015d7: taken
+CND+ 0x7fa6bf3016f8: taken
+CND+ 0x7fa6bf3017b9: not taken
+CND+ 0x7fa6bf301830: not taken
+CND+ 0x7fa6bf301846: taken
+CND+ 0x7fa6bf30186e: not taken
+CND+ 0x7fa6bf301b09: not taken
+CND+ 0x7fa6bf301b13: not taken
+CND+ 0x7fa6bf301c18: taken
+CND+ 0x7fa6bf301c9d: not taken
+CND+ 0x7fa6bf301dfa: taken
+CND+ 0x7fa6bf303946: both
+CND+ 0x7fa6bf303963: both
+CND+ 0x7fa6bf303968: not taken
+CND+ 0x7fa6bf30396e: not taken
+CND+ 0x7fa6bf303986: not taken
+CND+ 0x7fa6bf30398b: both
+CND+ 0x7fa6bf30399a: both
+CND+ 0x7fa6bf30399f: both
+CND+ 0x7fa6bf3039ac: both
+CND+ 0x7fa6bf3039b7: both
+CND+ 0x7fa6bf3039c4: not taken
+CND+ 0x7fa6bf303a10: not taken
+CND+ 0x7fa6bf303a15: taken
+CND+ 0x7fa6bf303a2e: both
+CND+ 0x7fa6bf303a32: both
+CND+ 0x7fa6bf303a5c: both
+CND+ 0x7fa6bf303add: not taken
+CND+ 0x7fa6bf303ae2: not taken
+CND+ 0x7fa6bf303afe: not taken
+CND+ 0x7fa6bf303b02: both
+CND+ 0x7fa6bf303b48: both
+CND+ 0x7fa6bf303b52: not taken
+CND+ 0x7fa6bf303b5c: not taken
+CND+ 0x7fa6bf303b65: both
+CND+ 0x7fa6bf303b6b: taken
+CND+ 0x7fa6bf303b75: not taken
+CND+ 0x7fa6bf303b95: not taken
+CND+ 0x7fa6bf303ba2: not taken
+CND+ 0x7fa6bf303bc4: not taken
+CND+ 0x7fa6bf303bce: not taken
+CND+ 0x7fa6bf303bf6: taken
+CND+ 0x7fa6bf303c24: taken
+CND+ 0x7fa6bf303ce1: not taken
+CND+ 0x7fa6bf303cea: not taken
+CND+ 0x7fa6bf303cf3: not taken
+CND+ 0x7fa6bf303d25: not taken
+CND+ 0x7fa6bf303d53: not taken
+CND+ 0x7fa6bf303d5d: not taken
+CND+ 0x7fa6bf303eb5: not taken
+CND+ 0x7fa6bf303eba: not taken
+CND+ 0x7fa6bf303ed8: both
+CND+ 0x7fa6bf303edc: taken
+CND+ 0x7fa6bf303f0f: not taken
+CND+ 0x7fa6bf303f15: not taken
+CND+ 0x7fa6bf30446f: not taken
+CND+ 0x7fa6bf30453d: not taken
+CND+ 0x7fa6bf304547: not taken
+CND+ 0x7fa6bf304605: not taken
+CND+ 0x7fa6bf30460f: not taken
+CND+ 0x7fa6bf304647: not taken
+CND+ 0x7fa6bf30465e: not taken
+CND+ 0x7fa6bf3047bd: taken
+CND+ 0x7fa6bf3047d2: taken
+CND+ 0x7fa6bf3047df: not taken
+CND+ 0x7fa6bf3047e4: both
+CND+ 0x7fa6bf3047fa: taken
+CND+ 0x7fa6bf304856: not taken
+CND+ 0x7fa6bf30485b: taken
+CND+ 0x7fa6bf30487a: not taken
+CND+ 0x7fa6bf30489a: not taken
+CND+ 0x7fa6bf3048b7: not taken
+CND+ 0x7fa6bf3048c5: not taken
+CND+ 0x7fa6bf3048d4: taken
+CND+ 0x7fa6bf304df1: not taken
+CND+ 0x7fa6bf304e0c: not taken
@0x7fa6bf2f32a0 to 0x7fa6c2ddf450 4
@0x7fa6bf2f51ac to 0x7fa6bf2f5e90 1
@0x7fa6bf2f32d0 to 0x7fa6c2eff100 9
@0x7fa6bf2f3320 to 0x7fa6c2de00f0 4
@0x7fa6bf2f3330 to 0x7fa6c2f04100 6
@0x7fa6bf2f3350 to 0x7fa6c2e6f220 1
@0x7fa6bf2f3370 to 0x7fa6c2e91800 2
@0x7fa6bf2f3390 to 0x7fa6c2e2c3e0 23
@0x7fa6bf2f33b0 to 0x7fa6c2e6f230 1
@0x7fa6bf2f33c0 to 0x7fa6c2efee90 24
@0x7fa6bf2f33e0 to 0x7fa6c2eafba0 1
@0x7fa6bf2f3410 to 0x7fa6c2e2cc80 1
@0x7fa6bf2f3460 to 0x7fa6c2f040e0 14
@0x7fa6bf2f3510 to 0x7fa6c2e6f1f0 1
@0x7fa6bf2f3560 to 0x7fa6c2e6e4e0 1
@0x7fa6bf2f3570 to 0x7fa6c2dd8580 191
@0x7fa6bf2fef91 to 0x7fa6bf2ff075 1
@0x7fa6bf2f3784 to 0x7fa6c2dcbfb0 1
@0x7fa6bf304e01 to 0x7fa6bf2f3840 1
@0x7fa6bf30155f to 0x7fa6bf301580 1
@0x7fa6bf30155f to 0x7fa6bf3015c0 1
@0x7fa6bf30155f to 0x7fa6bf3015a8 2
@0x7fa6bf2ff8af to 0x7fa6bf2ffa01 203
@0x7fa6bf2ff8af to 0x7fa6bf2ff9f0 11
@0x7fa6bf2ff8af to 0x7fa6bf2ffa28 1
@0x7fa6bf303c19 to 0x7fa6bf2f77d0 1
@0x7fa6bf303c19 to 0x7fa6bf2fe120 1
@0x7fa6bf2f3050 to 0x7fa6c2e2ca30 4
@0x7fa6bf2f3080 to 0x7fa6c2dcc330 2
@0x7fa6bf2f3090 to 0x7fa6c2e6e710 1
@0x7fa6bf2f30a0 to 0x7fa6c2e44e70 5
@0x7fa6bf2f30d0 to 0x7fa6c2ddfa20 7
@0x7fa6bf2f30f0 to 0x7fa6c2f03800 4
@0x7fa6bf2f3130 to 0x7fa6c2e6f1e0 1
@0x7fa6bf2f3140 to 0x7fa6c2de3c10 1
@0x7fa6bf2f3150 to 0x7fa6c2e91800 4
@0x7fa6bf2f3160 to 0x7fa6c2e6e230 1
@0x7fa6bf2f3190 to 0x7fa6c2f03bc0 8
@0x7fa6bf2f31c0 to 0x7fa6c2e6f200 1
@0x7fa6bf2f31e0 to 0x7fa6c2f035d0 1
@0x7fa6bf2f3220 to 0x7fa6c2e6f210 2
@0x7fa6bf2f3230 to 0x7fa6c2e92b10 1
@0x7fa6bf2f516e to 0x7fa6bf2f51c0 1
@0x7fa6bf2f3280 to 0x7fa6c2efed10 12
