MODULE_NAME: /usr/bin/gs
MODULE_START: 0x7f5682b87000
+B+: 0x7f5682b88000 0x7f5682b8800f
+B+: 0x7f5682b88012 0x7f5682b88016
+B+: 0x7f5682b88020 0x7f5682b8802b
+B+: 0x7f5682b88030 0x7f5682b88035
+B+: 0x7f5682b88036 0x7f5682b8803f
+B+: 0x7f5682b88040 0x7f5682b88045
+B+: 0x7f5682b88046 0x7f5682b8804f
+B+: 0x7f5682b88050 0x7f5682b88055
+B+: 0x7f5682b88056 0x7f5682b8805f
+B+: 0x7f5682b88090 0x7f5682b88095
+B+: 0x7f5682b88096 0x7f5682b8809f
+B+: 0x7f5682b880b0 0x7f5682b880b5
+B+: 0x7f5682b880b6 0x7f5682b880bf
+B+: 0x7f5682b880c0 0x7f5682b880c5
+B+: 0x7f5682b880c6 0x7f5682b880cf
+B+: 0x7f5682b880d0 0x7f5682b880d5
+B+: 0x7f5682b880d6 0x7f5682b880df
+B+: 0x7f5682b880e0 0x7f5682b880e5
+B+: 0x7f5682b880f0 0x7f5682b88121
+B+: 0x7f5682b88122 0x7f5682b88127
+B+: 0x7f5682b88128 0x7f5682b88130
+B+: 0x7f5682b88131 0x7f5682b88132
+B+: 0x7f5682b88133 0x7f5682b88137
+B+: 0x7f5682b88138 0x7f5682b88152
+B+: 0x7f5682b88153 0x7f5682b8815b
+B+: 0x7f5682b88184 0x7f5682b881a2
+B+: 0x7f5682b881a3 0x7f5682b881b1
+B+: 0x7f5682b881b2 0x7f5682b881b7
+B+: 0x7f5682b881b8 0x7f5682b881c1
+B+: 0x7f5682b881c2 0x7f5682b881c5
+B+: 0x7f5682b881c6 0x7f5682b881ca
+B+: 0x7f5682b881cb 0x7f5682b881d6
+B+: 0x7f5682b881d7 0x7f5682b881db
+B+: 0x7f5682b88220 0x7f5682b88249
+B+: 0x7f5682b88250 0x7f5682b88262
+B+: 0x7f5682b88278 0x7f5682b88278
+B+: 0x7f5682b88280 0x7f5682b882a3
+B+: 0x7f5682b882b8 0x7f5682b882b8
+B+: 0x7f5682b882c0 0x7f5682b882c8
+B+: 0x7f5682b882c9 0x7f5682b882d6
+B+: 0x7f5682b882d7 0x7f5682b882e2
+B+: 0x7f5682b882e3 0x7f5682b882e7
+B+: 0x7f5682b882e8 0x7f5682b882f0
+B+: 0x7f5682b88300 0x7f5682b88304
+B+: 0x7f5682b88350 0x7f5682b88373
+B+: 0x7f5682b88374 0x7f5682b8837c
+B+: 0x7f5682b8837d 0x7f5682b88385
+B+: 0x7f5682b883c0 0x7f5682b883ec
+B+: 0x7f5682b883ed 0x7f5682b883f2
+B+: 0x7f5682b883f3 0x7f5682b88404
+B+: 0x7f5682b88405 0x7f5682b8840d
+B+: 0x7f5682b8840e 0x7f5682b8841c
+B+: 0x7f5682b88424 0x7f5682b8842c
+CND+ 0x7f5682b8800e: taken
+CND+ 0x7f5682b88126: taken
+CND+ 0x7f5682b8812b: not taken
+CND+ 0x7f5682b88131: not taken
+CND+ 0x7f5682b88136: not taken
+CND+ 0x7f5682b8814d: not taken
+CND+ 0x7f5682b881b6: not taken
+CND+ 0x7f5682b881c4: not taken
+CND+ 0x7f5682b881c9: not taken
+CND+ 0x7f5682b88261: taken
+CND+ 0x7f5682b882a2: taken
+CND+ 0x7f5682b882c7: not taken
+CND+ 0x7f5682b882d5: not taken
+CND+ 0x7f5682b883f1: not taken
+CND+ 0x7f5682b8840c: not taken
@0x7f5682b88026 to 0x7f5686b77500 7
@0x7f5682b88030 to 0x7f5682b88036 1
@0x7f5682b88040 to 0x7f5682b88046 1
@0x7f5682b88050 to 0x7f5682b88056 1
@0x7f5682b88090 to 0x7f5682b88096 1
@0x7f5682b880b0 to 0x7f5682b880b6 1
@0x7f5682b880c0 to 0x7f5682b880c6 1
@0x7f5682b880d0 to 0x7f5682b880d6 1
@0x7f5682b880e0 to 0x7f56856dd1c0 1
@0x7f5682b88244 to 0x7f56856c6fb0 1
@0x7f5682b88401 to 0x7f5682b88300 1
