MODULE_NAME: /usr/bin/gs
MODULE_START: 0x7f0bb9543000
+B+: 0x7f0bb9544000 0x7f0bb954400f
+B+: 0x7f0bb9544012 0x7f0bb9544016
+B+: 0x7f0bb9544020 0x7f0bb954402b
+B+: 0x7f0bb9544030 0x7f0bb9544035
+B+: 0x7f0bb9544036 0x7f0bb954403f
+B+: 0x7f0bb9544040 0x7f0bb9544045
+B+: 0x7f0bb9544046 0x7f0bb954404f
+B+: 0x7f0bb9544050 0x7f0bb9544055
+B+: 0x7f0bb9544056 0x7f0bb954405f
+B+: 0x7f0bb9544090 0x7f0bb9544095
+B+: 0x7f0bb9544096 0x7f0bb954409f
+B+: 0x7f0bb95440b0 0x7f0bb95440b5
+B+: 0x7f0bb95440b6 0x7f0bb95440bf
+B+: 0x7f0bb95440c0 0x7f0bb95440c5
+B+: 0x7f0bb95440c6 0x7f0bb95440cf
+B+: 0x7f0bb95440d0 0x7f0bb95440d5
+B+: 0x7f0bb95440d6 0x7f0bb95440df
+B+: 0x7f0bb95440e0 0x7f0bb95440e5
+B+: 0x7f0bb95440f0 0x7f0bb9544121
+B+: 0x7f0bb9544122 0x7f0bb9544127
+B+: 0x7f0bb9544128 0x7f0bb9544130
+B+: 0x7f0bb9544131 0x7f0bb9544132
+B+: 0x7f0bb9544133 0x7f0bb9544137
+B+: 0x7f0bb9544138 0x7f0bb9544152
+B+: 0x7f0bb9544153 0x7f0bb954415b
+B+: 0x7f0bb9544184 0x7f0bb95441a2
+B+: 0x7f0bb95441a3 0x7f0bb95441b1
+B+: 0x7f0bb95441b2 0x7f0bb95441b7
+B+: 0x7f0bb95441b8 0x7f0bb95441c1
+B+: 0x7f0bb95441c2 0x7f0bb95441c5
+B+: 0x7f0bb95441c6 0x7f0bb95441ca
+B+: 0x7f0bb95441cb 0x7f0bb95441d6
+B+: 0x7f0bb95441d7 0x7f0bb95441db
+B+: 0x7f0bb9544220 0x7f0bb9544249
+B+: 0x7f0bb9544250 0x7f0bb9544262
+B+: 0x7f0bb9544278 0x7f0bb9544278
+B+: 0x7f0bb9544280 0x7f0bb95442a3
+B+: 0x7f0bb95442b8 0x7f0bb95442b8
+B+: 0x7f0bb95442c0 0x7f0bb95442c8
+B+: 0x7f0bb95442c9 0x7f0bb95442d6
+B+: 0x7f0bb95442d7 0x7f0bb95442e2
+B+: 0x7f0bb95442e3 0x7f0bb95442e7
+B+: 0x7f0bb95442e8 0x7f0bb95442f0
+B+: 0x7f0bb9544300 0x7f0bb9544304
+B+: 0x7f0bb9544350 0x7f0bb9544373
+B+: 0x7f0bb9544374 0x7f0bb954437c
+B+: 0x7f0bb954437d 0x7f0bb9544385
+B+: 0x7f0bb95443c0 0x7f0bb95443ec
+B+: 0x7f0bb95443ed 0x7f0bb95443f2
+B+: 0x7f0bb95443f3 0x7f0bb9544404
+B+: 0x7f0bb9544405 0x7f0bb954440d
+B+: 0x7f0bb954440e 0x7f0bb954441c
+B+: 0x7f0bb9544424 0x7f0bb954442c
+CND+ 0x7f0bb954400e: taken
+CND+ 0x7f0bb9544126: taken
+CND+ 0x7f0bb954412b: not taken
+CND+ 0x7f0bb9544131: not taken
+CND+ 0x7f0bb9544136: not taken
+CND+ 0x7f0bb954414d: not taken
+CND+ 0x7f0bb95441b6: not taken
+CND+ 0x7f0bb95441c4: not taken
+CND+ 0x7f0bb95441c9: not taken
+CND+ 0x7f0bb9544261: taken
+CND+ 0x7f0bb95442a2: taken
+CND+ 0x7f0bb95442c7: not taken
+CND+ 0x7f0bb95442d5: not taken
+CND+ 0x7f0bb95443f1: not taken
+CND+ 0x7f0bb954440c: not taken
@0x7f0bb9544026 to 0x7f0bbd533500 7
@0x7f0bb9544030 to 0x7f0bb9544036 1
@0x7f0bb9544040 to 0x7f0bb9544046 1
@0x7f0bb9544050 to 0x7f0bb9544056 1
@0x7f0bb9544090 to 0x7f0bb9544096 1
@0x7f0bb95440b0 to 0x7f0bb95440b6 1
@0x7f0bb95440c0 to 0x7f0bb95440c6 1
@0x7f0bb95440d0 to 0x7f0bb95440d6 1
@0x7f0bb95440e0 to 0x7f0bbc0991c0 1
@0x7f0bb9544244 to 0x7f0bbc082fb0 1
@0x7f0bb9544401 to 0x7f0bb9544300 1
