MODULE_NAME: /usr/bin/gs
MODULE_START: 0x7f0a28a49000
+B+: 0x7f0a28a4a000 0x7f0a28a4a00f
+B+: 0x7f0a28a4a012 0x7f0a28a4a016
+B+: 0x7f0a28a4a020 0x7f0a28a4a02b
+B+: 0x7f0a28a4a030 0x7f0a28a4a035
+B+: 0x7f0a28a4a036 0x7f0a28a4a03f
+B+: 0x7f0a28a4a040 0x7f0a28a4a045
+B+: 0x7f0a28a4a046 0x7f0a28a4a04f
+B+: 0x7f0a28a4a050 0x7f0a28a4a055
+B+: 0x7f0a28a4a056 0x7f0a28a4a05f
+B+: 0x7f0a28a4a0b0 0x7f0a28a4a0b5
+B+: 0x7f0a28a4a0b6 0x7f0a28a4a0bf
+B+: 0x7f0a28a4a0c0 0x7f0a28a4a0c5
+B+: 0x7f0a28a4a0c6 0x7f0a28a4a0cf
+B+: 0x7f0a28a4a0e0 0x7f0a28a4a0e5
+B+: 0x7f0a28a4a0f0 0x7f0a28a4a121
+B+: 0x7f0a28a4a122 0x7f0a28a4a127
+B+: 0x7f0a28a4a128 0x7f0a28a4a130
+B+: 0x7f0a28a4a131 0x7f0a28a4a132
+B+: 0x7f0a28a4a133 0x7f0a28a4a137
+B+: 0x7f0a28a4a13d 0x7f0a28a4a152
+B+: 0x7f0a28a4a153 0x7f0a28a4a15b
+B+: 0x7f0a28a4a178 0x7f0a28a4a183
+B+: 0x7f0a28a4a184 0x7f0a28a4a1a2
+B+: 0x7f0a28a4a1a3 0x7f0a28a4a1b1
+B+: 0x7f0a28a4a1b2 0x7f0a28a4a1b7
+B+: 0x7f0a28a4a1b8 0x7f0a28a4a1c1
+B+: 0x7f0a28a4a1c2 0x7f0a28a4a1c5
+B+: 0x7f0a28a4a1c6 0x7f0a28a4a1ca
+B+: 0x7f0a28a4a1cb 0x7f0a28a4a1d6
+B+: 0x7f0a28a4a1d7 0x7f0a28a4a1db
+B+: 0x7f0a28a4a1dc 0x7f0a28a4a1e0
+B+: 0x7f0a28a4a213 0x7f0a28a4a216
+B+: 0x7f0a28a4a220 0x7f0a28a4a249
+B+: 0x7f0a28a4a250 0x7f0a28a4a262
+B+: 0x7f0a28a4a278 0x7f0a28a4a278
+B+: 0x7f0a28a4a280 0x7f0a28a4a2a3
+B+: 0x7f0a28a4a2b8 0x7f0a28a4a2b8
+B+: 0x7f0a28a4a2c0 0x7f0a28a4a2c8
+B+: 0x7f0a28a4a2c9 0x7f0a28a4a2d6
+B+: 0x7f0a28a4a2d7 0x7f0a28a4a2e2
+B+: 0x7f0a28a4a2e3 0x7f0a28a4a2e7
+B+: 0x7f0a28a4a2e8 0x7f0a28a4a2f0
+B+: 0x7f0a28a4a300 0x7f0a28a4a304
+B+: 0x7f0a28a4a3c0 0x7f0a28a4a3ec
+B+: 0x7f0a28a4a3ed 0x7f0a28a4a3f2
+B+: 0x7f0a28a4a3f3 0x7f0a28a4a404
+B+: 0x7f0a28a4a405 0x7f0a28a4a40d
+B+: 0x7f0a28a4a40e 0x7f0a28a4a41c
+B+: 0x7f0a28a4a424 0x7f0a28a4a42c
+CND+ 0x7f0a28a4a00e: taken
+CND+ 0x7f0a28a4a126: taken
+CND+ 0x7f0a28a4a12b: not taken
+CND+ 0x7f0a28a4a131: not taken
+CND+ 0x7f0a28a4a136: taken
+CND+ 0x7f0a28a4a14d: not taken
+CND+ 0x7f0a28a4a1b6: not taken
+CND+ 0x7f0a28a4a1c4: not taken
+CND+ 0x7f0a28a4a1c9: taken
+CND+ 0x7f0a28a4a1df: taken
+CND+ 0x7f0a28a4a261: taken
+CND+ 0x7f0a28a4a2a2: taken
+CND+ 0x7f0a28a4a2c7: not taken
+CND+ 0x7f0a28a4a2d5: not taken
+CND+ 0x7f0a28a4a3f1: not taken
+CND+ 0x7f0a28a4a40c: not taken
@0x7f0a28a4a026 to 0x7f0a2ca39500 5
@0x7f0a28a4a030 to 0x7f0a28a4a036 1
@0x7f0a28a4a040 to 0x7f0a28a4a046 1
@0x7f0a28a4a050 to 0x7f0a28a4a056 1
@0x7f0a28a4a0b0 to 0x7f0a28a4a0b6 1
@0x7f0a28a4a0c0 to 0x7f0a28a4a0c6 1
@0x7f0a28a4a0e0 to 0x7f0a2b59f1c0 1
@0x7f0a28a4a244 to 0x7f0a2b588fb0 1
@0x7f0a28a4a401 to 0x7f0a28a4a300 1
