MODULE_NAME: /bin/dash
MODULE_START: 0x7fbd01780000
+B+: 0x7fbd01784000 0x7fbd0178400f
+B+: 0x7fbd01784012 0x7fbd01784016
+B+: 0x7fbd01784050 0x7fbd01784055
+B+: 0x7fbd01784080 0x7fbd01784085
+B+: 0x7fbd01784090 0x7fbd01784095
+B+: 0x7fbd017840a0 0x7fbd017840a5
+B+: 0x7fbd017840d0 0x7fbd017840d5
+B+: 0x7fbd017840f0 0x7fbd017840f5
+B+: 0x7fbd01784130 0x7fbd01784135
+B+: 0x7fbd01784140 0x7fbd01784145
+B+: 0x7fbd01784150 0x7fbd01784155
+B+: 0x7fbd01784160 0x7fbd01784165
+B+: 0x7fbd01784190 0x7fbd01784195
+B+: 0x7fbd017841c0 0x7fbd017841c5
+B+: 0x7fbd017841e0 0x7fbd017841e5
+B+: 0x7fbd01784220 0x7fbd01784225
+B+: 0x7fbd01784230 0x7fbd01784235
+B+: 0x7fbd01784280 0x7fbd01784285
+B+: 0x7fbd017842a0 0x7fbd017842a5
+B+: 0x7fbd017842d0 0x7fbd017842d5
+B+: 0x7fbd01784320 0x7fbd01784325
+B+: 0x7fbd01784330 0x7fbd01784335
+B+: 0x7fbd01784350 0x7fbd01784355
+B+: 0x7fbd01784370 0x7fbd01784375
+B+: 0x7fbd01784390 0x7fbd01784395
+B+: 0x7fbd017843b0 0x7fbd017843b5
+B+: 0x7fbd017843c0 0x7fbd017843c5
+B+: 0x7fbd017843e0 0x7fbd017843e5
+B+: 0x7fbd01784410 0x7fbd01784415
+B+: 0x7fbd01784460 0x7fbd01784465
+B+: 0x7fbd01784510 0x7fbd01784515
+B+: 0x7fbd01784560 0x7fbd01784565
+B+: 0x7fbd01784570 0x7fbd01784575
+B+: 0x7fbd01784590 0x7fbd017845b8
+B+: 0x7fbd017845b9 0x7fbd017845c4
+B+: 0x7fbd017845c5 0x7fbd017845cf
+B+: 0x7fbd017845d0 0x7fbd017845e7
+B+: 0x7fbd017845e8 0x7fbd017845ef
+B+: 0x7fbd017845f0 0x7fbd01784600
+B+: 0x7fbd01784601 0x7fbd0178460b
+B+: 0x7fbd0178460c 0x7fbd01784615
+B+: 0x7fbd01784616 0x7fbd01784623
+B+: 0x7fbd01784624 0x7fbd0178462b
+B+: 0x7fbd0178462c 0x7fbd0178463c
+B+: 0x7fbd01784657 0x7fbd01784660
+B+: 0x7fbd01784661 0x7fbd01784678
+B+: 0x7fbd01784679 0x7fbd0178467f
+B+: 0x7fbd01784680 0x7fbd0178468c
+B+: 0x7fbd0178468d 0x7fbd01784696
+B+: 0x7fbd01784697 0x7fbd0178469b
+B+: 0x7fbd01784760 0x7fbd01784789
+B+: 0x7fbd017847c0 0x7fbd017847e3
+B+: 0x7fbd017847f8 0x7fbd017847f8
+B+: 0x7fbd01784840 0x7fbd01784844
+B+: 0x7fbd01784850 0x7fbd01784863
+B+: 0x7fbd01784864 0x7fbd0178486f
+B+: 0x7fbd01784870 0x7fbd0178487d
+B+: 0x7fbd0178487e 0x7fbd017848aa
+B+: 0x7fbd017848ab 0x7fbd017848ac
+B+: 0x7fbd017848cb 0x7fbd017848d2
+B+: 0x7fbd01784a50 0x7fbd01784a57
+B+: 0x7fbd01784a58 0x7fbd01784a5e
+B+: 0x7fbd01784a5f 0x7fbd01784a63
+B+: 0x7fbd01784a71 0x7fbd01784a72
+B+: 0x7fbd017856d0 0x7fbd017856eb
+B+: 0x7fbd017856ec 0x7fbd01785705
+B+: 0x7fbd01785717 0x7fbd0178571b
+B+: 0x7fbd0178571c 0x7fbd01785720
+B+: 0x7fbd0178572c 0x7fbd01785730
+B+: 0x7fbd0178573e 0x7fbd0178574d
+B+: 0x7fbd0178574e 0x7fbd01785757
+B+: 0x7fbd01785758 0x7fbd01785775
+B+: 0x7fbd01785780 0x7fbd01785788
+B+: 0x7fbd01785789 0x7fbd01785790
+B+: 0x7fbd01785791 0x7fbd0178579c
+B+: 0x7fbd01786060 0x7fbd0178607e
+B+: 0x7fbd0178610d 0x7fbd0178611c
+B+: 0x7fbd0178611d 0x7fbd01786123
+B+: 0x7fbd01786140 0x7fbd0178614a
+B+: 0x7fbd0178614b 0x7fbd01786152
+B+: 0x7fbd01786153 0x7fbd0178615d
+B+: 0x7fbd0178615e 0x7fbd0178616f
+B+: 0x7fbd01786188 0x7fbd0178618c
+B+: 0x7fbd0178618d 0x7fbd01786191
+B+: 0x7fbd01786192 0x7fbd0178619c
+B+: 0x7fbd017861a7 0x7fbd017861ad
+B+: 0x7fbd017861ae 0x7fbd017861b5
+B+: 0x7fbd017861c0 0x7fbd017861cf
+B+: 0x7fbd01786bc0 0x7fbd01786bfa
+B+: 0x7fbd01786bfb 0x7fbd01786c07
+B+: 0x7fbd01786c08 0x7fbd01786c0f
+B+: 0x7fbd01786c10 0x7fbd01786c11
+B+: 0x7fbd01786c18 0x7fbd01786c21
+B+: 0x7fbd01786c22 0x7fbd01786c2e
+B+: 0x7fbd01786c32 0x7fbd01786c39
+B+: 0x7fbd01786c3a 0x7fbd01786c49
+B+: 0x7fbd01786c4a 0x7fbd01786c51
+B+: 0x7fbd01786c52 0x7fbd01786c58
+B+: 0x7fbd01786c59 0x7fbd01786c60
+B+: 0x7fbd01786c61 0x7fbd01786c68
+B+: 0x7fbd01786c69 0x7fbd01786c6d
+B+: 0x7fbd01786c6e 0x7fbd01786c77
+B+: 0x7fbd01786c78 0x7fbd01786c89
+B+: 0x7fbd01786c8a 0x7fbd01786c98
+B+: 0x7fbd01786e90 0x7fbd01786ed3
+B+: 0x7fbd01786edf 0x7fbd01786ef5
+B+: 0x7fbd01786ef6 0x7fbd01786efa
+B+: 0x7fbd01786efb 0x7fbd01786f5a
+B+: 0x7fbd01786f5b 0x7fbd01786f67
+B+: 0x7fbd01786f68 0x7fbd01786f77
+B+: 0x7fbd01786f78 0x7fbd01786f7f
+B+: 0x7fbd01786f80 0x7fbd01786f8b
+B+: 0x7fbd01786f8c 0x7fbd01786f94
+B+: 0x7fbd01786f95 0x7fbd01786f9b
+B+: 0x7fbd01786fa0 0x7fbd01786faf
+B+: 0x7fbd01786fb0 0x7fbd01786fc5
+B+: 0x7fbd01786fc6 0x7fbd01786fcf
+B+: 0x7fbd01786fd0 0x7fbd01786fe3
+B+: 0x7fbd01786fe4 0x7fbd01786ffc
+B+: 0x7fbd01787019 0x7fbd0178702b
+B+: 0x7fbd0178702c 0x7fbd01787034
+B+: 0x7fbd01787035 0x7fbd01787047
+B+: 0x7fbd01787048 0x7fbd0178705b
+B+: 0x7fbd017870a8 0x7fbd017870b4
+B+: 0x7fbd017870b5 0x7fbd017870b9
+B+: 0x7fbd017870db 0x7fbd017870e1
+B+: 0x7fbd017870f0 0x7fbd01787103
+B+: 0x7fbd01787104 0x7fbd01787113
+B+: 0x7fbd01787114 0x7fbd0178711b
+B+: 0x7fbd0178711c 0x7fbd01787122
+B+: 0x7fbd01787123 0x7fbd01787152
+B+: 0x7fbd01787153 0x7fbd0178715f
+B+: 0x7fbd01787160 0x7fbd01787168
+B+: 0x7fbd01787216 0x7fbd0178721c
+B+: 0x7fbd01787224 0x7fbd0178722d
+B+: 0x7fbd0178722e 0x7fbd01787237
+B+: 0x7fbd01787238 0x7fbd01787241
+B+: 0x7fbd01787242 0x7fbd0178724b
+B+: 0x7fbd0178725d 0x7fbd01787266
+B+: 0x7fbd01787267 0x7fbd01787281
+B+: 0x7fbd01787282 0x7fbd01787293
+B+: 0x7fbd0178734c 0x7fbd01787353
+B+: 0x7fbd01787354 0x7fbd0178736f
+B+: 0x7fbd0178751b 0x7fbd01787525
+B+: 0x7fbd01787526 0x7fbd0178752e
+B+: 0x7fbd0178752f 0x7fbd01787537
+B+: 0x7fbd017878d0 0x7fbd017878ec
+B+: 0x7fbd017878ed 0x7fbd017878f1
+B+: 0x7fbd017878f8 0x7fbd017878fa
+B+: 0x7fbd017878fb 0x7fbd01787907
+B+: 0x7fbd01787908 0x7fbd0178793e
+B+: 0x7fbd0178793f 0x7fbd01787940
+B+: 0x7fbd01787963 0x7fbd01787977
+B+: 0x7fbd01787980 0x7fbd01787986
+B+: 0x7fbd01787987 0x7fbd0178798e
+B+: 0x7fbd0178798f 0x7fbd01787997
+B+: 0x7fbd01787998 0x7fbd017879ba
+B+: 0x7fbd017879bb 0x7fbd017879bc
+B+: 0x7fbd017879c0 0x7fbd017879e7
+B+: 0x7fbd017879e8 0x7fbd017879f7
+B+: 0x7fbd01787a19 0x7fbd01787a21
+B+: 0x7fbd01787a22 0x7fbd01787a2a
+B+: 0x7fbd01787a2b 0x7fbd01787a34
+B+: 0x7fbd01787a35 0x7fbd01787a3f
+B+: 0x7fbd01787ad0 0x7fbd01787ae9
+B+: 0x7fbd01787aea 0x7fbd01787b00
+B+: 0x7fbd01787b10 0x7fbd01787b1f
+B+: 0x7fbd01787b20 0x7fbd01787b2b
+B+: 0x7fbd01787b2c 0x7fbd01787b31
+B+: 0x7fbd01787b32 0x7fbd01787b41
+B+: 0x7fbd01787b56 0x7fbd01787b61
+B+: 0x7fbd01787b62 0x7fbd01787b6f
+B+: 0x7fbd01787b70 0x7fbd01787b85
+B+: 0x7fbd01787b86 0x7fbd01787b97
+B+: 0x7fbd01787b98 0x7fbd01787bc0
+B+: 0x7fbd01787bc8 0x7fbd01787bcc
+B+: 0x7fbd01787bcd 0x7fbd01787bea
+B+: 0x7fbd01787d70 0x7fbd01787d98
+B+: 0x7fbd01787da0 0x7fbd01787da1
+B+: 0x7fbd01787da2 0x7fbd01787daa
+B+: 0x7fbd01787dab 0x7fbd01787dc5
+B+: 0x7fbd01787dc6 0x7fbd01787dc9
+B+: 0x7fbd01787dca 0x7fbd01787dd1
+B+: 0x7fbd01787dd2 0x7fbd01787de6
+B+: 0x7fbd01787df0 0x7fbd01787e2a
+B+: 0x7fbd01787e2b 0x7fbd01787e2f
+B+: 0x7fbd01787e46 0x7fbd01787e5c
+B+: 0x7fbd01787e5d 0x7fbd01787e6e
+B+: 0x7fbd01787e90 0x7fbd01787ead
+B+: 0x7fbd01787ec8 0x7fbd01787ed1
+B+: 0x7fbd01787ed2 0x7fbd01787edd
+B+: 0x7fbd01787f6c 0x7fbd01787f8f
+B+: 0x7fbd01787f90 0x7fbd01787f9c
+B+: 0x7fbd01787f9d 0x7fbd01787fa8
+B+: 0x7fbd01787fa9 0x7fbd01787fb0
+B+: 0x7fbd01787fb1 0x7fbd01787fc5
+B+: 0x7fbd01788008 0x7fbd01788012
+B+: 0x7fbd01788013 0x7fbd0178801e
+B+: 0x7fbd0178801f 0x7fbd0178802e
+B+: 0x7fbd01788060 0x7fbd01788066
+B+: 0x7fbd01788067 0x7fbd01788074
+B+: 0x7fbd01788075 0x7fbd01788086
+B+: 0x7fbd01788087 0x7fbd0178808e
+B+: 0x7fbd0178808f 0x7fbd017880a2
+B+: 0x7fbd017880a3 0x7fbd017880b0
+B+: 0x7fbd01788100 0x7fbd01788116
+B+: 0x7fbd01788145 0x7fbd0178814d
+B+: 0x7fbd0178814e 0x7fbd01788157
+B+: 0x7fbd01788160 0x7fbd01788166
+B+: 0x7fbd017881c0 0x7fbd017881d1
+B+: 0x7fbd017881e8 0x7fbd017881ef
+B+: 0x7fbd01788248 0x7fbd0178825b
+B+: 0x7fbd0178825c 0x7fbd01788271
+B+: 0x7fbd017887d0 0x7fbd017887ff
+B+: 0x7fbd0178880f 0x7fbd01788812
+B+: 0x7fbd01788813 0x7fbd0178881c
+B+: 0x7fbd0178881d 0x7fbd01788820
+B+: 0x7fbd01788821 0x7fbd0178882f
+B+: 0x7fbd01788830 0x7fbd0178883a
+B+: 0x7fbd0178884f 0x7fbd0178885a
+B+: 0x7fbd0178885f 0x7fbd01788862
+B+: 0x7fbd01788870 0x7fbd01788877
+B+: 0x7fbd01788878 0x7fbd0178888d
+B+: 0x7fbd01789440 0x7fbd01789464
+B+: 0x7fbd0178961e 0x7fbd01789627
+B+: 0x7fbd01789628 0x7fbd01789631
+B+: 0x7fbd01789632 0x7fbd01789659
+B+: 0x7fbd017896af 0x7fbd017896bc
+B+: 0x7fbd017896c0 0x7fbd017896cb
+B+: 0x7fbd01789730 0x7fbd0178973b
+B+: 0x7fbd01789740 0x7fbd0178975e
+B+: 0x7fbd0178975f 0x7fbd01789767
+B+: 0x7fbd017897d2 0x7fbd017897e3
+B+: 0x7fbd017898a0 0x7fbd017898a7
+B+: 0x7fbd0178a260 0x7fbd0178a2a5
+B+: 0x7fbd0178a2b5 0x7fbd0178a2be
+B+: 0x7fbd0178a2bf 0x7fbd0178a2d2
+B+: 0x7fbd0178a2d3 0x7fbd0178a2fc
+B+: 0x7fbd0178a2fd 0x7fbd0178a310
+B+: 0x7fbd0178a324 0x7fbd0178a328
+B+: 0x7fbd0178a336 0x7fbd0178a33f
+B+: 0x7fbd0178a340 0x7fbd0178a344
+B+: 0x7fbd0178a370 0x7fbd0178a386
+B+: 0x7fbd0178a387 0x7fbd0178a398
+B+: 0x7fbd0178a3a0 0x7fbd0178a3b6
+B+: 0x7fbd0178a3b7 0x7fbd0178a3d7
+B+: 0x7fbd0178a3dd 0x7fbd0178a3ec
+B+: 0x7fbd0178a850 0x7fbd0178a886
+B+: 0x7fbd0178a887 0x7fbd0178a89a
+B+: 0x7fbd0178a89b 0x7fbd0178a8ad
+B+: 0x7fbd0178a8ae 0x7fbd0178a8c4
+B+: 0x7fbd0178a8c5 0x7fbd0178a8d7
+B+: 0x7fbd0178a8d8 0x7fbd0178a8e7
+B+: 0x7fbd0178a8e8 0x7fbd0178a90c
+B+: 0x7fbd0178a90d 0x7fbd0178a915
+B+: 0x7fbd0178a924 0x7fbd0178a933
+B+: 0x7fbd0178a934 0x7fbd0178a947
+B+: 0x7fbd0178a948 0x7fbd0178a954
+B+: 0x7fbd0178a955 0x7fbd0178a95f
+B+: 0x7fbd0178a960 0x7fbd0178a964
+B+: 0x7fbd0178aa6a 0x7fbd0178aa7c
+B+: 0x7fbd0178aa7d 0x7fbd0178aa9c
+B+: 0x7fbd0178aba0 0x7fbd0178abad
+B+: 0x7fbd0178abae 0x7fbd0178abe1
+B+: 0x7fbd0178abf0 0x7fbd0178abfb
+B+: 0x7fbd0178adb0 0x7fbd0178adbd
+B+: 0x7fbd0178adbe 0x7fbd0178adca
+B+: 0x7fbd0178adcb 0x7fbd0178ade3
+B+: 0x7fbd0178ade8 0x7fbd0178adf4
+B+: 0x7fbd0178adf8 0x7fbd0178ae04
+B+: 0x7fbd0178ae05 0x7fbd0178ae12
+B+: 0x7fbd0178ae13 0x7fbd0178ae1d
+B+: 0x7fbd0178aeb4 0x7fbd0178aec1
+B+: 0x7fbd0178b160 0x7fbd0178b174
+B+: 0x7fbd0178b175 0x7fbd0178b187
+B+: 0x7fbd0178b188 0x7fbd0178b1a2
+B+: 0x7fbd0178b1a3 0x7fbd0178b1ac
+B+: 0x7fbd0178b1ad 0x7fbd0178b1b3
+B+: 0x7fbd0178b1d0 0x7fbd0178b1e5
+B+: 0x7fbd0178b1eb 0x7fbd0178b1f3
+B+: 0x7fbd0178b205 0x7fbd0178b20b
+B+: 0x7fbd0178b20c 0x7fbd0178b21d
+B+: 0x7fbd0178b21e 0x7fbd0178b226
+B+: 0x7fbd0178b227 0x7fbd0178b230
+B+: 0x7fbd0178b231 0x7fbd0178b232
+B+: 0x7fbd0178b240 0x7fbd0178b248
+B+: 0x7fbd0178b260 0x7fbd0178b260
+B+: 0x7fbd0178b520 0x7fbd0178b534
+B+: 0x7fbd0178b572 0x7fbd0178b578
+B+: 0x7fbd0178b580 0x7fbd0178b583
+B+: 0x7fbd0178b610 0x7fbd0178b656
+B+: 0x7fbd0178b65b 0x7fbd0178b686
+B+: 0x7fbd0178b687 0x7fbd0178b69d
+B+: 0x7fbd0178b6fc 0x7fbd0178b708
+B+: 0x7fbd0178b709 0x7fbd0178b711
+B+: 0x7fbd0178b712 0x7fbd0178b72a
+B+: 0x7fbd0178b72b 0x7fbd0178b73c
+B+: 0x7fbd0178b740 0x7fbd0178b747
+B+: 0x7fbd0178b748 0x7fbd0178b75f
+B+: 0x7fbd0178b760 0x7fbd0178b766
+B+: 0x7fbd0178b767 0x7fbd0178b780
+B+: 0x7fbd0178b790 0x7fbd0178b793
+B+: 0x7fbd0178b794 0x7fbd0178b798
+B+: 0x7fbd0178b7a2 0x7fbd0178b7aa
+B+: 0x7fbd0178b7ab 0x7fbd0178b7ae
+B+: 0x7fbd0178b7af 0x7fbd0178b7bd
+B+: 0x7fbd0178b7cb 0x7fbd0178b7d3
+B+: 0x7fbd0178b825 0x7fbd0178b841
+B+: 0x7fbd0178b842 0x7fbd0178b84d
+B+: 0x7fbd0178b87e 0x7fbd0178b88e
+B+: 0x7fbd0178b88f 0x7fbd0178b8a0
+B+: 0x7fbd0178b8a1 0x7fbd0178b8ad
+B+: 0x7fbd0178bc10 0x7fbd0178bc30
+B+: 0x7fbd0178bc31 0x7fbd0178bc58
+B+: 0x7fbd0178bc5e 0x7fbd0178bc66
+B+: 0x7fbd0178bc67 0x7fbd0178bc6f
+B+: 0x7fbd0178bc78 0x7fbd0178bc87
+B+: 0x7fbd0178bc88 0x7fbd0178bc89
+B+: 0x7fbd0178bca0 0x7fbd0178bcaf
+B+: 0x7fbd0178bcba 0x7fbd0178bcc4
+B+: 0x7fbd0178bce0 0x7fbd0178bce8
+B+: 0x7fbd0178c360 0x7fbd0178c36b
+B+: 0x7fbd0178c480 0x7fbd0178c480
+B+: 0x7fbd0178c9c0 0x7fbd0178c9db
+B+: 0x7fbd0178ca16 0x7fbd0178ca32
+B+: 0x7fbd0178ca33 0x7fbd0178ca52
+B+: 0x7fbd0178ca63 0x7fbd0178ca6a
+B+: 0x7fbd0178ca90 0x7fbd0178caa6
+B+: 0x7fbd0178caa7 0x7fbd0178caae
+B+: 0x7fbd0178caaf 0x7fbd0178cab6
+B+: 0x7fbd0178caf6 0x7fbd0178cb01
+B+: 0x7fbd0178cb0c 0x7fbd0178cb34
+B+: 0x7fbd0178cb40 0x7fbd0178cb57
+B+: 0x7fbd0178cb58 0x7fbd0178cb5f
+B+: 0x7fbd0178cb60 0x7fbd0178cb67
+B+: 0x7fbd0178cb68 0x7fbd0178cb70
+B+: 0x7fbd0178cb71 0x7fbd0178cb7a
+B+: 0x7fbd0178cb7b 0x7fbd0178cb80
+B+: 0x7fbd0178cb97 0x7fbd0178cb9c
+B+: 0x7fbd0178cc0a 0x7fbd0178cc3d
+B+: 0x7fbd0178cc47 0x7fbd0178cc53
+B+: 0x7fbd0178ced0 0x7fbd0178cede
+B+: 0x7fbd0178cedf 0x7fbd0178cee7
+B+: 0x7fbd0178cee8 0x7fbd0178cefc
+B+: 0x7fbd0178cefd 0x7fbd0178cf02
+B+: 0x7fbd0178cf03 0x7fbd0178cf1b
+B+: 0x7fbd0178cf1c 0x7fbd0178cf21
+B+: 0x7fbd0178cf22 0x7fbd0178cf2b
+B+: 0x7fbd0178cfc0 0x7fbd0178cfc7
+B+: 0x7fbd0178cfc8 0x7fbd0178cfd0
+B+: 0x7fbd0178d760 0x7fbd0178d768
+B+: 0x7fbd0178d769 0x7fbd0178d76d
+B+: 0x7fbd0178d76e 0x7fbd0178d772
+B+: 0x7fbd0178d780 0x7fbd0178d788
+B+: 0x7fbd0178d789 0x7fbd0178d78d
+B+: 0x7fbd0178d78e 0x7fbd0178d792
+B+: 0x7fbd0178d7c0 0x7fbd0178d7d9
+B+: 0x7fbd0178d7da 0x7fbd0178d7e6
+B+: 0x7fbd0178d7f7 0x7fbd0178d802
+B+: 0x7fbd0178d803 0x7fbd0178d80b
+B+: 0x7fbd0178d80c 0x7fbd0178d841
+B+: 0x7fbd0178d842 0x7fbd0178d84b
+B+: 0x7fbd0178d84c 0x7fbd0178d852
+B+: 0x7fbd0178d853 0x7fbd0178d875
+B+: 0x7fbd0178d880 0x7fbd0178d88e
+B+: 0x7fbd0178d8b0 0x7fbd0178d8c8
+B+: 0x7fbd0178d900 0x7fbd0178d941
+B+: 0x7fbd0178d950 0x7fbd0178d966
+B+: 0x7fbd0178d967 0x7fbd0178d97e
+B+: 0x7fbd0178d97f 0x7fbd0178d98a
+B+: 0x7fbd0178d98b 0x7fbd0178d9b3
+B+: 0x7fbd0178d9b4 0x7fbd0178d9bd
+B+: 0x7fbd0178d9be 0x7fbd0178d9bf
+B+: 0x7fbd0178d9d0 0x7fbd0178d9e8
+B+: 0x7fbd0178d9e9 0x7fbd0178da14
+B+: 0x7fbd0178da1e 0x7fbd0178da25
+B+: 0x7fbd0178da26 0x7fbd0178da33
+B+: 0x7fbd0178da34 0x7fbd0178da46
+B+: 0x7fbd0178dae0 0x7fbd0178dafe
+B+: 0x7fbd0178daff 0x7fbd0178db0c
+B+: 0x7fbd0178db0d 0x7fbd0178db1b
+B+: 0x7fbd0178db1c 0x7fbd0178db2c
+B+: 0x7fbd0178db40 0x7fbd0178db62
+B+: 0x7fbd0178db98 0x7fbd0178dba9
+B+: 0x7fbd0178e6d0 0x7fbd0178e6f4
+B+: 0x7fbd0178e6f5 0x7fbd0178e70d
+B+: 0x7fbd0178e70e 0x7fbd0178e712
+B+: 0x7fbd0178e713 0x7fbd0178e71e
+B+: 0x7fbd0178e71f 0x7fbd0178e723
+B+: 0x7fbd0178e724 0x7fbd0178e728
+B+: 0x7fbd0178e729 0x7fbd0178e730
+B+: 0x7fbd0178e73c 0x7fbd0178e749
+B+: 0x7fbd0178e74a 0x7fbd0178e74d
+B+: 0x7fbd0178e74e 0x7fbd0178e760
+B+: 0x7fbd0178e761 0x7fbd0178e76b
+B+: 0x7fbd0178e790 0x7fbd0178e79d
+B+: 0x7fbd0178e79e 0x7fbd0178e7a5
+B+: 0x7fbd0178e7a6 0x7fbd0178e7a7
+B+: 0x7fbd0178e890 0x7fbd0178e89d
+B+: 0x7fbd0178e89e 0x7fbd0178e8a9
+B+: 0x7fbd0178e8aa 0x7fbd0178e8bd
+B+: 0x7fbd0178e8c0 0x7fbd0178e8ca
+B+: 0x7fbd0178e8d0 0x7fbd0178e8ef
+B+: 0x7fbd0178e8f0 0x7fbd0178e8f4
+B+: 0x7fbd0178e8f5 0x7fbd0178e90c
+B+: 0x7fbd0178e90d 0x7fbd0178e910
+B+: 0x7fbd0178e911 0x7fbd0178e912
+B+: 0x7fbd0178e913 0x7fbd0178e91b
+B+: 0x7fbd0178e91c 0x7fbd0178e930
+B+: 0x7fbd0178e938 0x7fbd0178e93c
+B+: 0x7fbd0178e980 0x7fbd0178e98f
+B+: 0x7fbd0178e990 0x7fbd0178e99b
+B+: 0x7fbd0178e99c 0x7fbd0178e9ab
+B+: 0x7fbd0178ea80 0x7fbd0178ea93
+B+: 0x7fbd0178ea94 0x7fbd0178eaac
+B+: 0x7fbd0178eaad 0x7fbd0178eabf
+B+: 0x7fbd0178eac0 0x7fbd0178eada
+B+: 0x7fbd0178eadb 0x7fbd0178eae3
+B+: 0x7fbd0178eaec 0x7fbd0178eaf8
+B+: 0x7fbd0178eaf9 0x7fbd0178eb02
+B+: 0x7fbd0178eb03 0x7fbd0178eb06
+B+: 0x7fbd0178eb07 0x7fbd0178eb1a
+B+: 0x7fbd0178ec49 0x7fbd0178ec55
+B+: 0x7fbd0178ec56 0x7fbd0178ec67
+B+: 0x7fbd0178ec82 0x7fbd0178ec93
+B+: 0x7fbd0178ed77 0x7fbd0178ed82
+B+: 0x7fbd0178eda0 0x7fbd0178edb2
+B+: 0x7fbd0178edb3 0x7fbd0178eddf
+B+: 0x7fbd0178ede0 0x7fbd0178edeb
+B+: 0x7fbd0178edec 0x7fbd0178edfc
+B+: 0x7fbd0178edfd 0x7fbd0178ee18
+B+: 0x7fbd0178ee19 0x7fbd0178ee25
+B+: 0x7fbd0178ee26 0x7fbd0178ee2e
+B+: 0x7fbd0178ee2f 0x7fbd0178ee3f
+B+: 0x7fbd0178ee40 0x7fbd0178ee44
+B+: 0x7fbd0178ee45 0x7fbd0178ee50
+B+: 0x7fbd0178ee51 0x7fbd0178ee5d
+B+: 0x7fbd0178ee5e 0x7fbd0178ee77
+B+: 0x7fbd0178eece 0x7fbd0178eed2
+B+: 0x7fbd0178eed3 0x7fbd0178eede
+B+: 0x7fbd0178eee0 0x7fbd0178eeec
+B+: 0x7fbd0178ef60 0x7fbd0178ef7c
+B+: 0x7fbd0178f120 0x7fbd0178f128
+B+: 0x7fbd0178f129 0x7fbd0178f147
+B+: 0x7fbd0178f750 0x7fbd0178f75e
+B+: 0x7fbd0178f75f 0x7fbd0178f763
+B+: 0x7fbd0178f764 0x7fbd0178f770
+B+: 0x7fbd0178f771 0x7fbd0178f777
+B+: 0x7fbd0178f778 0x7fbd0178f783
+B+: 0x7fbd0178f784 0x7fbd0178f788
+B+: 0x7fbd0178f789 0x7fbd0178f78d
+B+: 0x7fbd0178f78e 0x7fbd0178f796
+B+: 0x7fbd0178f797 0x7fbd0178f79e
+B+: 0x7fbd0178f890 0x7fbd0178f892
+B+: 0x7fbd0178f8a7 0x7fbd0178f8ab
+B+: 0x7fbd0178f8ac 0x7fbd0178f8b2
+B+: 0x7fbd0178f8b3 0x7fbd0178f8b6
+B+: 0x7fbd0178f8d0 0x7fbd0178f8e1
+B+: 0x7fbd0178f8e2 0x7fbd0178f8e6
+B+: 0x7fbd0178f8e7 0x7fbd0178f8eb
+B+: 0x7fbd0178f8ec 0x7fbd0178f8f1
+B+: 0x7fbd0178f8f2 0x7fbd0178f8fa
+B+: 0x7fbd0178f8fb 0x7fbd0178f8fc
+B+: 0x7fbd0178f940 0x7fbd0178f948
+B+: 0x7fbd0178f949 0x7fbd0178f951
+B+: 0x7fbd0178f980 0x7fbd0178f988
+B+: 0x7fbd0178f989 0x7fbd0178f98a
+B+: 0x7fbd0178f98b 0x7fbd0178f991
+B+: 0x7fbd0178f992 0x7fbd0178f9a2
+B+: 0x7fbd0178f9a8 0x7fbd0178f9ac
+B+: 0x7fbd0178f9eb 0x7fbd0178fa00
+B+: 0x7fbd0178fa08 0x7fbd0178fa10
+B+: 0x7fbd0178faf0 0x7fbd0178fb11
+B+: 0x7fbd0178fb12 0x7fbd0178fb16
+B+: 0x7fbd0178fb17 0x7fbd0178fb1d
+B+: 0x7fbd0178fb1e 0x7fbd0178fb26
+B+: 0x7fbd0178fb27 0x7fbd0178fb34
+B+: 0x7fbd0178fb35 0x7fbd0178fb3c
+B+: 0x7fbd0178fb3d 0x7fbd0178fb49
+B+: 0x7fbd0178fb4a 0x7fbd0178fb5a
+B+: 0x7fbd0178fb5b 0x7fbd0178fb63
+B+: 0x7fbd0178fb7f 0x7fbd0178fb93
+B+: 0x7fbd0178fb94 0x7fbd0178fb9c
+B+: 0x7fbd0178fbe0 0x7fbd0178fbf7
+B+: 0x7fbd0178fbf8 0x7fbd0178fc00
+B+: 0x7fbd0178fc1b 0x7fbd0178fc2b
+B+: 0x7fbd0178fd40 0x7fbd0178fd5e
+B+: 0x7fbd0178fd5f 0x7fbd0178fd6d
+B+: 0x7fbd0178fd6e 0x7fbd0178fd72
+B+: 0x7fbd0178fd7d 0x7fbd0178fd90
+B+: 0x7fbd0178fd91 0x7fbd0178fd95
+B+: 0x7fbd0178fd96 0x7fbd0178fd9a
+B+: 0x7fbd0178fda0 0x7fbd0178fda4
+B+: 0x7fbd0178fdd5 0x7fbd0178fdd9
+B+: 0x7fbd0178fdda 0x7fbd0178fdde
+B+: 0x7fbd0178fdf0 0x7fbd0178fdfb
+B+: 0x7fbd0178fdfc 0x7fbd0178fe07
+B+: 0x7fbd0178fe08 0x7fbd0178fe10
+B+: 0x7fbd0178fe2c 0x7fbd0178fe30
+B+: 0x7fbd0178fe31 0x7fbd0178fe36
+B+: 0x7fbd0178fe41 0x7fbd0178fe45
+B+: 0x7fbd0178fe46 0x7fbd0178fe54
+B+: 0x7fbd0178fe55 0x7fbd0178fe5d
+B+: 0x7fbd0178fe5e 0x7fbd0178fe62
+B+: 0x7fbd0178fe63 0x7fbd0178fe74
+B+: 0x7fbd0178fe78 0x7fbd0178fe84
+B+: 0x7fbd0178fea0 0x7fbd0178fea4
+B+: 0x7fbd0178fef0 0x7fbd0178ff03
+B+: 0x7fbd0178ff40 0x7fbd0178ff76
+B+: 0x7fbd0178ff77 0x7fbd0178ff82
+B+: 0x7fbd0178ff83 0x7fbd0178ff92
+B+: 0x7fbd0179001b 0x7fbd01790031
+B+: 0x7fbd01790032 0x7fbd01790040
+B+: 0x7fbd01790075 0x7fbd017900b8
+B+: 0x7fbd017900b9 0x7fbd017900c3
+B+: 0x7fbd017900c4 0x7fbd017900cc
+B+: 0x7fbd017900cd 0x7fbd017900d5
+B+: 0x7fbd017900d6 0x7fbd017900de
+B+: 0x7fbd017900df 0x7fbd01790106
+B+: 0x7fbd01790107 0x7fbd01790133
+B+: 0x7fbd01790578 0x7fbd01790581
+B+: 0x7fbd01790582 0x7fbd017905a8
+B+: 0x7fbd017905a9 0x7fbd017905b6
+B+: 0x7fbd017905d0 0x7fbd017905e0
+B+: 0x7fbd017905e1 0x7fbd017905ee
+B+: 0x7fbd017905ef 0x7fbd017905f3
+B+: 0x7fbd01790670 0x7fbd0179067e
+B+: 0x7fbd0179067f 0x7fbd01790683
+B+: 0x7fbd01790684 0x7fbd01790692
+B+: 0x7fbd01790693 0x7fbd0179069a
+B+: 0x7fbd0179069b 0x7fbd017906a2
+B+: 0x7fbd017906a3 0x7fbd017906b7
+B+: 0x7fbd01790790 0x7fbd017907bc
+B+: 0x7fbd017907bd 0x7fbd017907d4
+B+: 0x7fbd017907e0 0x7fbd0179083a
+B+: 0x7fbd0179083b 0x7fbd01790875
+B+: 0x7fbd01790876 0x7fbd01790893
+B+: 0x7fbd01790894 0x7fbd017908a3
+B+: 0x7fbd017908a4 0x7fbd017908b0
+B+: 0x7fbd017909b4 0x7fbd017909b8
+B+: 0x7fbd017909b9 0x7fbd017909cf
+B+: 0x7fbd017909d0 0x7fbd017909dc
+B+: 0x7fbd017909dd 0x7fbd017909ef
+B+: 0x7fbd017909f0 0x7fbd017909f7
+B+: 0x7fbd01790a01 0x7fbd01790a16
+B+: 0x7fbd01790a28 0x7fbd01790a3d
+B+: 0x7fbd01790a3e 0x7fbd01790a4d
+B+: 0x7fbd01790a79 0x7fbd01790a97
+B+: 0x7fbd01790a98 0x7fbd01790ac0
+B+: 0x7fbd01790ac1 0x7fbd01790acf
+B+: 0x7fbd01791148 0x7fbd01791154
+B+: 0x7fbd01791155 0x7fbd01791174
+B+: 0x7fbd01791175 0x7fbd0179117f
+B+: 0x7fbd017911ac 0x7fbd017911b0
+B+: 0x7fbd017911b1 0x7fbd017911b5
+B+: 0x7fbd01791a40 0x7fbd01791a64
+B+: 0x7fbd01791b10 0x7fbd01791b1a
+B+: 0x7fbd01791b40 0x7fbd01791b47
+B+: 0x7fbd01791b48 0x7fbd01791b51
+B+: 0x7fbd01791b58 0x7fbd01791b60
+B+: 0x7fbd01791b61 0x7fbd01791b6a
+B+: 0x7fbd01791b88 0x7fbd01791b8c
+B+: 0x7fbd01791b8d 0x7fbd01791b94
+B+: 0x7fbd01791ba0 0x7fbd01791ba4
+B+: 0x7fbd01791d00 0x7fbd01791d30
+B+: 0x7fbd01791e3f 0x7fbd01791e55
+B+: 0x7fbd01791e56 0x7fbd01791e67
+B+: 0x7fbd017921e0 0x7fbd01792222
+B+: 0x7fbd01792223 0x7fbd01792228
+B+: 0x7fbd0179224c 0x7fbd01792260
+B+: 0x7fbd01792261 0x7fbd01792269
+B+: 0x7fbd01792270 0x7fbd01792279
+B+: 0x7fbd01792288 0x7fbd017922a0
+B+: 0x7fbd017922a1 0x7fbd017922ba
+B+: 0x7fbd017922bb 0x7fbd017922bc
+B+: 0x7fbd017922d0 0x7fbd017922d8
+B+: 0x7fbd017922f8 0x7fbd017922f8
+B+: 0x7fbd01792300 0x7fbd0179230c
+B+: 0x7fbd0179233f 0x7fbd01792343
+B+: 0x7fbd01792380 0x7fbd01792384
+B+: 0x7fbd017923d0 0x7fbd017923e3
+B+: 0x7fbd01792400 0x7fbd01792400
+B+: 0x7fbd01792420 0x7fbd0179245b
+B+: 0x7fbd01792467 0x7fbd01792471
+B+: 0x7fbd01792472 0x7fbd01792489
+B+: 0x7fbd0179248a 0x7fbd0179248d
+B+: 0x7fbd0179248e 0x7fbd01792494
+B+: 0x7fbd01792495 0x7fbd0179249d
+B+: 0x7fbd0179249e 0x7fbd017924a9
+B+: 0x7fbd017924aa 0x7fbd017924c2
+B+: 0x7fbd017924c3 0x7fbd017924ce
+B+: 0x7fbd017924cf 0x7fbd017924e5
+B+: 0x7fbd017924e6 0x7fbd017924f5
+B+: 0x7fbd01792500 0x7fbd0179250e
+B+: 0x7fbd0179250f 0x7fbd01792513
+B+: 0x7fbd01792514 0x7fbd0179251e
+B+: 0x7fbd01792540 0x7fbd01792549
+B+: 0x7fbd0179254a 0x7fbd0179254e
+B+: 0x7fbd0179254f 0x7fbd01792560
+B+: 0x7fbd01792568 0x7fbd01792577
+B+: 0x7fbd01792580 0x7fbd01792589
+B+: 0x7fbd017925a8 0x7fbd017925bb
+B+: 0x7fbd017925c0 0x7fbd017925ce
+B+: 0x7fbd017925cf 0x7fbd017925dc
+B+: 0x7fbd017926f0 0x7fbd017926fd
+B+: 0x7fbd017927a0 0x7fbd017927a0
+B+: 0x7fbd017927b0 0x7fbd017927ba
+B+: 0x7fbd017927bb 0x7fbd017927ce
+B+: 0x7fbd017927cf 0x7fbd017927d8
+B+: 0x7fbd017927d9 0x7fbd017927e6
+B+: 0x7fbd01792800 0x7fbd0179282d
+B+: 0x7fbd0179282e 0x7fbd01792831
+B+: 0x7fbd01792832 0x7fbd01792847
+B+: 0x7fbd01792864 0x7fbd0179286b
+B+: 0x7fbd0179286c 0x7fbd0179286f
+B+: 0x7fbd01792870 0x7fbd01792876
+B+: 0x7fbd01792877 0x7fbd0179287b
+B+: 0x7fbd0179287c 0x7fbd01792886
+B+: 0x7fbd01792ae0 0x7fbd01792b01
+B+: 0x7fbd01792b02 0x7fbd01792b0a
+B+: 0x7fbd01792b0b 0x7fbd01792b14
+B+: 0x7fbd01792b15 0x7fbd01792b19
+B+: 0x7fbd01792c00 0x7fbd01792c19
+B+: 0x7fbd01792c51 0x7fbd01792c8e
+B+: 0x7fbd01792c8f 0x7fbd01792c9e
+B+: 0x7fbd01792c9f 0x7fbd01792ca6
+B+: 0x7fbd01792df0 0x7fbd01792dfb
+B+: 0x7fbd01792e20 0x7fbd01792e20
+B+: 0x7fbd01792e30 0x7fbd01792e38
+B+: 0x7fbd01794940 0x7fbd0179494b
+B+: 0x7fbd0179494c 0x7fbd01794957
+B+: 0x7fbd01794958 0x7fbd01794964
+B+: 0x7fbd01794965 0x7fbd01794969
+B+: 0x7fbd0179496a 0x7fbd0179496f
+B+: 0x7fbd01794970 0x7fbd01794976
+B+: 0x7fbd01794980 0x7fbd01794987
+B+: 0x7fbd01794988 0x7fbd0179498c
+B+: 0x7fbd0179498d 0x7fbd0179499b
+B+: 0x7fbd0179499c 0x7fbd017949a0
+B+: 0x7fbd017949a1 0x7fbd017949a8
+B+: 0x7fbd017949a9 0x7fbd017949ad
+B+: 0x7fbd017949ae 0x7fbd017949b8
+B+: 0x7fbd017949b9 0x7fbd017949b9
+B+: 0x7fbd017949c0 0x7fbd017949c5
+B+: 0x7fbd017949c6 0x7fbd017949c9
+B+: 0x7fbd017949d0 0x7fbd017949d0
+B+: 0x7fbd017949d1 0x7fbd017949d5
+B+: 0x7fbd017949d6 0x7fbd017949d9
+B+: 0x7fbd017949e0 0x7fbd017949ff
+B+: 0x7fbd01794a00 0x7fbd01794a11
+B+: 0x7fbd01794a12 0x7fbd01794a16
+B+: 0x7fbd01794a20 0x7fbd01794a22
+B+: 0x7fbd01794a23 0x7fbd01794a2f
+B+: 0x7fbd01794a30 0x7fbd01794a33
+B+: 0x7fbd01794a34 0x7fbd01794a5d
+B+: 0x7fbd01794a5e 0x7fbd01794a62
+B+: 0x7fbd01794a63 0x7fbd01794a82
+B+: 0x7fbd01794ac0 0x7fbd01794ade
+B+: 0x7fbd01794adf 0x7fbd01794ae3
+B+: 0x7fbd01794ae4 0x7fbd01794ae8
+B+: 0x7fbd01794af0 0x7fbd01794af2
+B+: 0x7fbd01794af3 0x7fbd01794aff
+B+: 0x7fbd01794b00 0x7fbd01794b03
+B+: 0x7fbd01794b04 0x7fbd01794b3e
+B+: 0x7fbd01794b3f 0x7fbd01794b49
+B+: 0x7fbd01794b4a 0x7fbd01794b57
+B+: 0x7fbd01794b58 0x7fbd01794b5d
+B+: 0x7fbd01794b5e 0x7fbd01794b66
+B+: 0x7fbd01794b67 0x7fbd01794b70
+B+: 0x7fbd01794b71 0x7fbd01794b7a
+B+: 0x7fbd01794b7b 0x7fbd01794b9a
+B+: 0x7fbd01794b9b 0x7fbd01794ba3
+B+: 0x7fbd01794ba4 0x7fbd01794bbd
+B+: 0x7fbd01794bc0 0x7fbd01794bc5
+B+: 0x7fbd01794bc6 0x7fbd01794bcf
+B+: 0x7fbd01794bd0 0x7fbd01794bd9
+B+: 0x7fbd01794bda 0x7fbd01794bf7
+B+: 0x7fbd01794c08 0x7fbd01794c14
+B+: 0x7fbd01794c15 0x7fbd01794c1b
+B+: 0x7fbd01794c1c 0x7fbd01794c29
+B+: 0x7fbd01794cb0 0x7fbd01794cca
+B+: 0x7fbd01794ccb 0x7fbd01794cda
+B+: 0x7fbd01794cdb 0x7fbd01794ce6
+B+: 0x7fbd01794ce7 0x7fbd01794cef
+B+: 0x7fbd01794cf0 0x7fbd01794cf4
+B+: 0x7fbd01794cf5 0x7fbd01794cfc
+B+: 0x7fbd01794cfd 0x7fbd01794d10
+B+: 0x7fbd01794d11 0x7fbd01794d21
+B+: 0x7fbd01794d22 0x7fbd01794d26
+B+: 0x7fbd01794d27 0x7fbd01794d38
+B+: 0x7fbd01794d39 0x7fbd01794d4b
+B+: 0x7fbd01794d4c 0x7fbd01794d54
+B+: 0x7fbd01794d55 0x7fbd01794d5e
+B+: 0x7fbd01794d5f 0x7fbd01794d6d
+B+: 0x7fbd01794ea0 0x7fbd01794eb6
+B+: 0x7fbd01794eb7 0x7fbd01794ebb
+B+: 0x7fbd01794ebc 0x7fbd01794ec0
+B+: 0x7fbd01794ec8 0x7fbd01794ecb
+B+: 0x7fbd01794ecc 0x7fbd01794ed9
+B+: 0x7fbd01794eda 0x7fbd01794edd
+B+: 0x7fbd01794ede 0x7fbd01794f06
+B+: 0x7fbd01794f07 0x7fbd01794f10
+B+: 0x7fbd01794f11 0x7fbd01794f16
+B+: 0x7fbd01794f17 0x7fbd01794f24
+B+: 0x7fbd01794f25 0x7fbd01794f2d
+B+: 0x7fbd01795440 0x7fbd0179546b
+B+: 0x7fbd0179546c 0x7fbd01795470
+B+: 0x7fbd01795471 0x7fbd01795475
+B+: 0x7fbd01795536 0x7fbd0179553e
+B+: 0x7fbd0179553f 0x7fbd01795548
+B+: 0x7fbd01795549 0x7fbd01795551
+B+: 0x7fbd017955d0 0x7fbd017955e4
+B+: 0x7fbd017955e5 0x7fbd01795606
+B+: 0x7fbd01795607 0x7fbd01795610
+B+: 0x7fbd01795611 0x7fbd01795618
+B+: 0x7fbd01795640 0x7fbd01795648
+B+: 0x7fbd01795649 0x7fbd01795656
+B+: 0x7fbd01795657 0x7fbd0179565f
+B+: 0x7fbd01795660 0x7fbd01795661
+B+: 0x7fbd01795760 0x7fbd017957aa
+B+: 0x7fbd017957ab 0x7fbd017957af
+B+: 0x7fbd017957b0 0x7fbd017957be
+B+: 0x7fbd017957c8 0x7fbd017957d3
+B+: 0x7fbd017957d4 0x7fbd017957d8
+B+: 0x7fbd017957d9 0x7fbd017957e0
+B+: 0x7fbd017957e1 0x7fbd017957e5
+B+: 0x7fbd017957e6 0x7fbd017957f3
+B+: 0x7fbd017957f4 0x7fbd017957fb
+B+: 0x7fbd01795800 0x7fbd01795810
+B+: 0x7fbd01795811 0x7fbd01795815
+B+: 0x7fbd01795816 0x7fbd01795832
+B+: 0x7fbd01795833 0x7fbd01795843
+B+: 0x7fbd01795844 0x7fbd0179584f
+B+: 0x7fbd01795850 0x7fbd01795857
+B+: 0x7fbd01795858 0x7fbd0179585c
+B+: 0x7fbd0179585d 0x7fbd01795868
+B+: 0x7fbd01795869 0x7fbd0179587b
+B+: 0x7fbd0179587c 0x7fbd01795884
+B+: 0x7fbd01795888 0x7fbd01795897
+B+: 0x7fbd01795898 0x7fbd0179589b
+B+: 0x7fbd0179589c 0x7fbd017958b4
+B+: 0x7fbd017958b5 0x7fbd017958b8
+B+: 0x7fbd017958b9 0x7fbd017958c6
+B+: 0x7fbd017958c7 0x7fbd017958d5
+B+: 0x7fbd01795dc0 0x7fbd01795dec
+B+: 0x7fbd01795ded 0x7fbd01795df2
+B+: 0x7fbd01795df3 0x7fbd01795e04
+B+: 0x7fbd01795e05 0x7fbd01795e0d
+B+: 0x7fbd01795e0e 0x7fbd01795e1c
+CND+ 0x7fbd0178400e: taken
+CND+ 0x7fbd017845ea: not taken
+CND+ 0x7fbd01784626: not taken
+CND+ 0x7fbd0178463b: taken
+CND+ 0x7fbd01784673: not taken
+CND+ 0x7fbd01784687: not taken
+CND+ 0x7fbd01784695: not taken
+CND+ 0x7fbd017847e2: taken
+CND+ 0x7fbd01784862: not taken
+CND+ 0x7fbd0178487c: both
+CND+ 0x7fbd017848a9: not taken
+CND+ 0x7fbd01784a5d: not taken
+CND+ 0x7fbd01784a62: taken
+CND+ 0x7fbd017856e6: not taken
+CND+ 0x7fbd01785704: taken
+CND+ 0x7fbd0178571a: not taken
+CND+ 0x7fbd0178571f: taken
+CND+ 0x7fbd0178572f: taken
+CND+ 0x7fbd0178574c: not taken
+CND+ 0x7fbd01785756: not taken
+CND+ 0x7fbd0178578f: not taken
+CND+ 0x7fbd0178579b: taken
+CND+ 0x7fbd01786079: taken
+CND+ 0x7fbd0178611b: not taken
+CND+ 0x7fbd01786149: not taken
+CND+ 0x7fbd01786158: not taken
+CND+ 0x7fbd01786190: not taken
+CND+ 0x7fbd017861ce: taken
+CND+ 0x7fbd01786c20: not taken
+CND+ 0x7fbd01786c2d: taken
+CND+ 0x7fbd01786c48: not taken
+CND+ 0x7fbd01786c5f: both
+CND+ 0x7fbd01786c88: not taken
+CND+ 0x7fbd01786ed2: taken
+CND+ 0x7fbd01786f55: not taken
+CND+ 0x7fbd01786f7e: not taken
+CND+ 0x7fbd01786f8a: not taken
+CND+ 0x7fbd01786f93: both
+CND+ 0x7fbd01786fc4: not taken
+CND+ 0x7fbd01786fe2: both
+CND+ 0x7fbd01786ffb: taken
+CND+ 0x7fbd0178705a: taken
+CND+ 0x7fbd017870af: not taken
+CND+ 0x7fbd017870b8: taken
+CND+ 0x7fbd017870e0: taken
+CND+ 0x7fbd01787116: not taken
+CND+ 0x7fbd0178715a: not taken
+CND+ 0x7fbd01787163: taken
+CND+ 0x7fbd0178721b: taken
+CND+ 0x7fbd0178724a: taken
+CND+ 0x7fbd0178727c: not taken
+CND+ 0x7fbd0178736a: taken
+CND+ 0x7fbd01787520: not taken
+CND+ 0x7fbd01787529: not taken
+CND+ 0x7fbd01787532: taken
+CND+ 0x7fbd017878eb: not taken
+CND+ 0x7fbd01787906: both
+CND+ 0x7fbd0178793d: not taken
+CND+ 0x7fbd01787985: both
+CND+ 0x7fbd017879f6: taken
+CND+ 0x7fbd01787a20: both
+CND+ 0x7fbd01787a29: not taken
+CND+ 0x7fbd01787a33: not taken
+CND+ 0x7fbd01787ae4: not taken
+CND+ 0x7fbd01787afb: taken
+CND+ 0x7fbd01787b2a: both
+CND+ 0x7fbd01787b30: both
+CND+ 0x7fbd01787b40: taken
+CND+ 0x7fbd01787b60: not taken
+CND+ 0x7fbd01787b96: not taken
+CND+ 0x7fbd01787be5: taken
+CND+ 0x7fbd01787da0: not taken
+CND+ 0x7fbd01787da9: not taken
+CND+ 0x7fbd01787dc8: both
+CND+ 0x7fbd01787dd0: both
+CND+ 0x7fbd01787e2e: taken
+CND+ 0x7fbd01787e57: not taken
+CND+ 0x7fbd01787eac: taken
+CND+ 0x7fbd01787ed8: taken
+CND+ 0x7fbd01787fa3: not taken
+CND+ 0x7fbd01787fc0: taken
+CND+ 0x7fbd01788019: not taken
+CND+ 0x7fbd01788065: not taken
+CND+ 0x7fbd0178806f: not taken
+CND+ 0x7fbd01788089: both
+CND+ 0x7fbd0178809d: not taken
+CND+ 0x7fbd017880ab: taken
+CND+ 0x7fbd0178814c: not taken
+CND+ 0x7fbd01788156: taken
+CND+ 0x7fbd017881cc: taken
+CND+ 0x7fbd017881ee: taken
+CND+ 0x7fbd01788811: both
+CND+ 0x7fbd0178881b: not taken
+CND+ 0x7fbd0178881f: not taken
+CND+ 0x7fbd01788839: taken
+CND+ 0x7fbd01788859: taken
+CND+ 0x7fbd01788861: taken
+CND+ 0x7fbd0178945f: taken
+CND+ 0x7fbd01789626: not taken
+CND+ 0x7fbd017896ca: taken
+CND+ 0x7fbd01789762: taken
+CND+ 0x7fbd0178a2a4: taken
+CND+ 0x7fbd0178a2bd: not taken
+CND+ 0x7fbd0178a2cd: not taken
+CND+ 0x7fbd0178a30f: taken
+CND+ 0x7fbd0178a327: taken
+CND+ 0x7fbd0178a33a: not taken
+CND+ 0x7fbd0178a343: taken
+CND+ 0x7fbd0178a381: not taken
+CND+ 0x7fbd0178a3d6: taken
+CND+ 0x7fbd0178a3e7: taken
+CND+ 0x7fbd0178a895: not taken
+CND+ 0x7fbd0178a8a8: not taken
+CND+ 0x7fbd0178a8d2: not taken
+CND+ 0x7fbd0178a907: not taken
+CND+ 0x7fbd0178a942: taken
+CND+ 0x7fbd0178a953: not taken
+CND+ 0x7fbd0178a963: taken
+CND+ 0x7fbd0178aa7b: not taken
+CND+ 0x7fbd0178adbc: both
+CND+ 0x7fbd0178adc9: both
+CND+ 0x7fbd0178ae03: not taken
+CND+ 0x7fbd0178ae0d: not taken
+CND+ 0x7fbd0178ae18: taken
+CND+ 0x7fbd0178b1a1: not taken
+CND+ 0x7fbd0178b1ab: not taken
+CND+ 0x7fbd0178b1e4: taken
+CND+ 0x7fbd0178b1f2: taken
+CND+ 0x7fbd0178b20a: not taken
+CND+ 0x7fbd0178b225: not taken
+CND+ 0x7fbd0178b22f: not taken
+CND+ 0x7fbd0178b247: taken
+CND+ 0x7fbd0178b533: taken
+CND+ 0x7fbd0178b582: taken
+CND+ 0x7fbd0178b655: taken
+CND+ 0x7fbd0178b698: taken
+CND+ 0x7fbd0178b703: not taken
+CND+ 0x7fbd0178b70c: taken
+CND+ 0x7fbd0178b725: not taken
+CND+ 0x7fbd0178b742: not taken
+CND+ 0x7fbd0178b75a: not taken
+CND+ 0x7fbd0178b765: not taken
+CND+ 0x7fbd0178b792: not taken
+CND+ 0x7fbd0178b797: taken
+CND+ 0x7fbd0178b7a9: taken
+CND+ 0x7fbd0178b7ad: not taken
+CND+ 0x7fbd0178b7bc: taken
+CND+ 0x7fbd0178b7ce: taken
+CND+ 0x7fbd0178b848: taken
+CND+ 0x7fbd0178b889: not taken
+CND+ 0x7fbd0178b89b: not taken
+CND+ 0x7fbd0178b8a8: taken
+CND+ 0x7fbd0178bc2f: not taken
+CND+ 0x7fbd0178bc57: taken
+CND+ 0x7fbd0178bc65: not taken
+CND+ 0x7fbd0178bc6e: taken
+CND+ 0x7fbd0178bc86: not taken
+CND+ 0x7fbd0178bcae: taken
+CND+ 0x7fbd0178c366: taken
+CND+ 0x7fbd0178c9d6: taken
+CND+ 0x7fbd0178ca31: not taken
+CND+ 0x7fbd0178ca51: taken
+CND+ 0x7fbd0178caad: not taken
+CND+ 0x7fbd0178cab5: taken
+CND+ 0x7fbd0178cb00: taken
+CND+ 0x7fbd0178cb5a: not taken
+CND+ 0x7fbd0178cb62: not taken
+CND+ 0x7fbd0178cb6b: not taken
+CND+ 0x7fbd0178cb75: not taken
+CND+ 0x7fbd0178cb7f: taken
+CND+ 0x7fbd0178cb9b: taken
+CND+ 0x7fbd0178cc3c: taken
+CND+ 0x7fbd0178ced9: not taken
+CND+ 0x7fbd0178cee6: not taken
+CND+ 0x7fbd0178cf01: not taken
+CND+ 0x7fbd0178cf1a: not taken
+CND+ 0x7fbd0178cf20: not taken
+CND+ 0x7fbd0178cf26: taken
+CND+ 0x7fbd0178d76c: not taken
+CND+ 0x7fbd0178d78c: not taken
+CND+ 0x7fbd0178d7d8: both
+CND+ 0x7fbd0178d7e1: taken
+CND+ 0x7fbd0178d806: not taken
+CND+ 0x7fbd0178d840: not taken
+CND+ 0x7fbd0178d84a: not taken
+CND+ 0x7fbd0178d965: both
+CND+ 0x7fbd0178d989: not taken
+CND+ 0x7fbd0178d9b2: not taken
+CND+ 0x7fbd0178d9bc: not taken
+CND+ 0x7fbd0178d9e3: not taken
+CND+ 0x7fbd0178da13: taken
+CND+ 0x7fbd0178dafd: not taken
+CND+ 0x7fbd0178db1a: not taken
+CND+ 0x7fbd0178db61: taken
+CND+ 0x7fbd0178e711: not taken
+CND+ 0x7fbd0178e71d: not taken
+CND+ 0x7fbd0178e722: not taken
+CND+ 0x7fbd0178e748: not taken
+CND+ 0x7fbd0178e74c: not taken
+CND+ 0x7fbd0178e75f: not taken
+CND+ 0x7fbd0178e7a4: not taken
+CND+ 0x7fbd0178e8f3: both
+CND+ 0x7fbd0178e90f: both
+CND+ 0x7fbd0178e911: not taken
+CND+ 0x7fbd0178e91a: taken
+CND+ 0x7fbd0178ea92: not taken
+CND+ 0x7fbd0178eaba: not taken
+CND+ 0x7fbd0178ead5: both
+CND+ 0x7fbd0178eade: taken
+CND+ 0x7fbd0178eaf7: not taken
+CND+ 0x7fbd0178eb01: not taken
+CND+ 0x7fbd0178eb05: not taken
+CND+ 0x7fbd0178eb19: taken
+CND+ 0x7fbd0178ec50: not taken
+CND+ 0x7fbd0178ec62: taken
+CND+ 0x7fbd0178edb1: not taken
+CND+ 0x7fbd0178edea: both
+CND+ 0x7fbd0178ee13: not taken
+CND+ 0x7fbd0178ee20: taken
+CND+ 0x7fbd0178ee2d: not taken
+CND+ 0x7fbd0178ee43: not taken
+CND+ 0x7fbd0178ee4f: both
+CND+ 0x7fbd0178ee58: not taken
+CND+ 0x7fbd0178ee72: taken
+CND+ 0x7fbd0178eee7: taken
+CND+ 0x7fbd0178f75d: both
+CND+ 0x7fbd0178f76f: not taken
+CND+ 0x7fbd0178f782: both
+CND+ 0x7fbd0178f787: both
+CND+ 0x7fbd0178f795: both
+CND+ 0x7fbd0178f8b1: not taken
+CND+ 0x7fbd0178f8dc: not taken
+CND+ 0x7fbd0178f8ea: not taken
+CND+ 0x7fbd0178f8ec: both
+CND+ 0x7fbd0178f8f5: not taken
+CND+ 0x7fbd0178f8fb: taken
+CND+ 0x7fbd0178f943: not taken
+CND+ 0x7fbd0178f94c: taken
+CND+ 0x7fbd0178f983: not taken
+CND+ 0x7fbd0178f989: both
+CND+ 0x7fbd0178f990: not taken
+CND+ 0x7fbd0178f9ab: taken
+CND+ 0x7fbd0178fa0b: taken
+CND+ 0x7fbd0178fb10: both
+CND+ 0x7fbd0178fb1c: not taken
+CND+ 0x7fbd0178fb21: both
+CND+ 0x7fbd0178fb2f: not taken
+CND+ 0x7fbd0178fb37: both
+CND+ 0x7fbd0178fb44: both
+CND+ 0x7fbd0178fb5e: taken
+CND+ 0x7fbd0178fb92: both
+CND+ 0x7fbd0178fb9b: taken
+CND+ 0x7fbd0178fbfb: taken
+CND+ 0x7fbd0178fd68: both
+CND+ 0x7fbd0178fd71: taken
+CND+ 0x7fbd0178fd8b: not taken
+CND+ 0x7fbd0178fda3: taken
+CND+ 0x7fbd0178fddd: taken
+CND+ 0x7fbd0178fe02: not taken
+CND+ 0x7fbd0178fe0b: taken
+CND+ 0x7fbd0178fe2f: not taken
+CND+ 0x7fbd0178fe35: taken
+CND+ 0x7fbd0178fe4f: not taken
+CND+ 0x7fbd0178fe58: both
+CND+ 0x7fbd0178ff7d: not taken
+CND+ 0x7fbd0179002c: not taken
+CND+ 0x7fbd017900c7: not taken
+CND+ 0x7fbd017900d0: both
+CND+ 0x7fbd017900d9: not taken
+CND+ 0x7fbd017905a7: both
+CND+ 0x7fbd017905ed: not taken
+CND+ 0x7fbd017905f2: taken
+CND+ 0x7fbd01790682: not taken
+CND+ 0x7fbd017906a1: not taken
+CND+ 0x7fbd017907bb: not taken
+CND+ 0x7fbd01790835: not taken
+CND+ 0x7fbd01790870: not taken
+CND+ 0x7fbd0179088e: not taken
+CND+ 0x7fbd0179089e: not taken
+CND+ 0x7fbd017909ca: both
+CND+ 0x7fbd017909ea: taken
+CND+ 0x7fbd017909f6: taken
+CND+ 0x7fbd01790a15: taken
+CND+ 0x7fbd01790a38: not taken
+CND+ 0x7fbd01790a48: taken
+CND+ 0x7fbd01790abb: not taken
+CND+ 0x7fbd0179114f: not taken
+CND+ 0x7fbd0179116f: not taken
+CND+ 0x7fbd0179117e: taken
+CND+ 0x7fbd01791a5f: taken
+CND+ 0x7fbd01791b46: not taken
+CND+ 0x7fbd01791b50: taken
+CND+ 0x7fbd01791b69: taken
+CND+ 0x7fbd01791b93: taken
+CND+ 0x7fbd01791d2b: taken
+CND+ 0x7fbd01791e50: not taken
+CND+ 0x7fbd01792227: taken
+CND+ 0x7fbd0179225f: not taken
+CND+ 0x7fbd01792278: taken
+CND+ 0x7fbd017922b9: not taken
+CND+ 0x7fbd017922d7: taken
+CND+ 0x7fbd0179230b: taken
+CND+ 0x7fbd01792383: taken
+CND+ 0x7fbd017923e2: taken
+CND+ 0x7fbd01792456: taken
+CND+ 0x7fbd01792488: both
+CND+ 0x7fbd0179248c: not taken
+CND+ 0x7fbd01792493: not taken
+CND+ 0x7fbd01792498: both
+CND+ 0x7fbd017924e0: not taken
+CND+ 0x7fbd01792512: not taken
+CND+ 0x7fbd01792519: taken
+CND+ 0x7fbd01792548: not taken
+CND+ 0x7fbd0179254d: not taken
+CND+ 0x7fbd017925c9: not taken
+CND+ 0x7fbd017925d7: taken
+CND+ 0x7fbd017926f8: taken
+CND+ 0x7fbd017927b9: not taken
+CND+ 0x7fbd01792830: not taken
+CND+ 0x7fbd01792846: taken
+CND+ 0x7fbd0179286e: not taken
+CND+ 0x7fbd01792b09: not taken
+CND+ 0x7fbd01792b13: not taken
+CND+ 0x7fbd01792c18: taken
+CND+ 0x7fbd01792c9d: not taken
+CND+ 0x7fbd01792dfa: taken
+CND+ 0x7fbd01794946: both
+CND+ 0x7fbd01794963: both
+CND+ 0x7fbd01794968: not taken
+CND+ 0x7fbd0179496e: not taken
+CND+ 0x7fbd01794986: not taken
+CND+ 0x7fbd0179498b: both
+CND+ 0x7fbd0179499a: both
+CND+ 0x7fbd0179499f: both
+CND+ 0x7fbd017949ac: both
+CND+ 0x7fbd017949b7: both
+CND+ 0x7fbd017949c4: not taken
+CND+ 0x7fbd01794a10: not taken
+CND+ 0x7fbd01794a15: taken
+CND+ 0x7fbd01794a2e: both
+CND+ 0x7fbd01794a32: both
+CND+ 0x7fbd01794a5c: both
+CND+ 0x7fbd01794add: not taken
+CND+ 0x7fbd01794ae2: not taken
+CND+ 0x7fbd01794afe: not taken
+CND+ 0x7fbd01794b02: both
+CND+ 0x7fbd01794b48: both
+CND+ 0x7fbd01794b52: not taken
+CND+ 0x7fbd01794b5c: not taken
+CND+ 0x7fbd01794b65: both
+CND+ 0x7fbd01794b6b: taken
+CND+ 0x7fbd01794b75: not taken
+CND+ 0x7fbd01794b95: not taken
+CND+ 0x7fbd01794ba2: not taken
+CND+ 0x7fbd01794bc4: not taken
+CND+ 0x7fbd01794bce: not taken
+CND+ 0x7fbd01794bf6: taken
+CND+ 0x7fbd01794c24: taken
+CND+ 0x7fbd01794ce1: not taken
+CND+ 0x7fbd01794cea: not taken
+CND+ 0x7fbd01794cf3: not taken
+CND+ 0x7fbd01794d25: not taken
+CND+ 0x7fbd01794d53: not taken
+CND+ 0x7fbd01794d5d: not taken
+CND+ 0x7fbd01794eb5: not taken
+CND+ 0x7fbd01794eba: not taken
+CND+ 0x7fbd01794ed8: both
+CND+ 0x7fbd01794edc: taken
+CND+ 0x7fbd01794f0f: not taken
+CND+ 0x7fbd01794f15: not taken
+CND+ 0x7fbd0179546f: not taken
+CND+ 0x7fbd0179553d: not taken
+CND+ 0x7fbd01795547: not taken
+CND+ 0x7fbd01795605: not taken
+CND+ 0x7fbd0179560f: not taken
+CND+ 0x7fbd01795647: not taken
+CND+ 0x7fbd0179565e: not taken
+CND+ 0x7fbd017957bd: taken
+CND+ 0x7fbd017957d2: taken
+CND+ 0x7fbd017957df: not taken
+CND+ 0x7fbd017957e4: both
+CND+ 0x7fbd017957fa: taken
+CND+ 0x7fbd01795856: not taken
+CND+ 0x7fbd0179585b: taken
+CND+ 0x7fbd0179587a: not taken
+CND+ 0x7fbd0179589a: not taken
+CND+ 0x7fbd017958b7: not taken
+CND+ 0x7fbd017958c5: not taken
+CND+ 0x7fbd017958d4: taken
+CND+ 0x7fbd01795df1: not taken
+CND+ 0x7fbd01795e0c: not taken
@0x7fbd0179255f to 0x7fbd01792580 1
@0x7fbd0179255f to 0x7fbd017925c0 1
@0x7fbd0179255f to 0x7fbd017925a8 2
@0x7fbd017908af to 0x7fbd01790a01 201
@0x7fbd017908af to 0x7fbd017909f0 11
@0x7fbd017908af to 0x7fbd01790a28 1
@0x7fbd01794c19 to 0x7fbd017887d0 1
@0x7fbd01794c19 to 0x7fbd0178f120 1
@0x7fbd01784050 to 0x7fbd052bda30 4
@0x7fbd01784080 to 0x7fbd0525d330 2
@0x7fbd01784090 to 0x7fbd052ff710 1
@0x7fbd017840a0 to 0x7fbd052d5e70 5
@0x7fbd017840d0 to 0x7fbd05270a20 7
@0x7fbd017840f0 to 0x7fbd05394800 4
@0x7fbd01784130 to 0x7fbd053001e0 1
@0x7fbd01784140 to 0x7fbd05274c10 1
@0x7fbd01784150 to 0x7fbd05322800 4
@0x7fbd01784160 to 0x7fbd052ff230 1
@0x7fbd01784190 to 0x7fbd05394bc0 8
@0x7fbd017841c0 to 0x7fbd05300200 1
@0x7fbd017841e0 to 0x7fbd053945d0 1
@0x7fbd01784220 to 0x7fbd05300210 2
@0x7fbd01784230 to 0x7fbd05323b10 1
@0x7fbd0178616e to 0x7fbd017861c0 1
@0x7fbd01784280 to 0x7fbd0538fd10 12
@0x7fbd017842a0 to 0x7fbd05270450 4
@0x7fbd017861ac to 0x7fbd01786e90 1
@0x7fbd017842d0 to 0x7fbd05390100 9
@0x7fbd01784320 to 0x7fbd052710f0 4
@0x7fbd01784330 to 0x7fbd05395100 6
@0x7fbd01784350 to 0x7fbd05300220 1
@0x7fbd01784370 to 0x7fbd05322800 2
@0x7fbd01784390 to 0x7fbd052bd3e0 23
@0x7fbd017843b0 to 0x7fbd05300230 1
@0x7fbd017843c0 to 0x7fbd0538fe90 24
@0x7fbd017843e0 to 0x7fbd05340ba0 1
@0x7fbd01784410 to 0x7fbd052bdc80 1
@0x7fbd01784460 to 0x7fbd053950e0 14
@0x7fbd01784510 to 0x7fbd053001f0 1
@0x7fbd01784560 to 0x7fbd052ff4e0 1
@0x7fbd01784570 to 0x7fbd05269580 191
@0x7fbd0178ff91 to 0x7fbd01790075 1
@0x7fbd01784784 to 0x7fbd0525cfb0 1
@0x7fbd01795e01 to 0x7fbd01784840 1
