MODULE_NAME: /usr/bin/gs
MODULE_START: 0x7fdbfe339000
+B+: 0x7fdbfe33a000 0x7fdbfe33a00f
+B+: 0x7fdbfe33a012 0x7fdbfe33a016
+B+: 0x7fdbfe33a020 0x7fdbfe33a02b
+B+: 0x7fdbfe33a030 0x7fdbfe33a035
+B+: 0x7fdbfe33a036 0x7fdbfe33a03f
+B+: 0x7fdbfe33a040 0x7fdbfe33a045
+B+: 0x7fdbfe33a046 0x7fdbfe33a04f
+B+: 0x7fdbfe33a050 0x7fdbfe33a055
+B+: 0x7fdbfe33a056 0x7fdbfe33a05f
+B+: 0x7fdbfe33a090 0x7fdbfe33a095
+B+: 0x7fdbfe33a096 0x7fdbfe33a09f
+B+: 0x7fdbfe33a0b0 0x7fdbfe33a0b5
+B+: 0x7fdbfe33a0b6 0x7fdbfe33a0bf
+B+: 0x7fdbfe33a0c0 0x7fdbfe33a0c5
+B+: 0x7fdbfe33a0c6 0x7fdbfe33a0cf
+B+: 0x7fdbfe33a0d0 0x7fdbfe33a0d5
+B+: 0x7fdbfe33a0d6 0x7fdbfe33a0df
+B+: 0x7fdbfe33a0e0 0x7fdbfe33a0e5
+B+: 0x7fdbfe33a0f0 0x7fdbfe33a121
+B+: 0x7fdbfe33a122 0x7fdbfe33a127
+B+: 0x7fdbfe33a128 0x7fdbfe33a130
+B+: 0x7fdbfe33a131 0x7fdbfe33a132
+B+: 0x7fdbfe33a133 0x7fdbfe33a137
+B+: 0x7fdbfe33a138 0x7fdbfe33a152
+B+: 0x7fdbfe33a153 0x7fdbfe33a15b
+B+: 0x7fdbfe33a184 0x7fdbfe33a1a2
+B+: 0x7fdbfe33a1a3 0x7fdbfe33a1b1
+B+: 0x7fdbfe33a1b2 0x7fdbfe33a1b7
+B+: 0x7fdbfe33a1b8 0x7fdbfe33a1c1
+B+: 0x7fdbfe33a1c2 0x7fdbfe33a1c5
+B+: 0x7fdbfe33a1c6 0x7fdbfe33a1ca
+B+: 0x7fdbfe33a1cb 0x7fdbfe33a1d6
+B+: 0x7fdbfe33a1d7 0x7fdbfe33a1db
+B+: 0x7fdbfe33a220 0x7fdbfe33a249
+B+: 0x7fdbfe33a250 0x7fdbfe33a262
+B+: 0x7fdbfe33a278 0x7fdbfe33a278
+B+: 0x7fdbfe33a280 0x7fdbfe33a2a3
+B+: 0x7fdbfe33a2b8 0x7fdbfe33a2b8
+B+: 0x7fdbfe33a2c0 0x7fdbfe33a2c8
+B+: 0x7fdbfe33a2c9 0x7fdbfe33a2d6
+B+: 0x7fdbfe33a2d7 0x7fdbfe33a2e2
+B+: 0x7fdbfe33a2e3 0x7fdbfe33a2e7
+B+: 0x7fdbfe33a2e8 0x7fdbfe33a2f0
+B+: 0x7fdbfe33a300 0x7fdbfe33a304
+B+: 0x7fdbfe33a350 0x7fdbfe33a373
+B+: 0x7fdbfe33a374 0x7fdbfe33a37c
+B+: 0x7fdbfe33a37d 0x7fdbfe33a385
+B+: 0x7fdbfe33a3c0 0x7fdbfe33a3ec
+B+: 0x7fdbfe33a3ed 0x7fdbfe33a3f2
+B+: 0x7fdbfe33a3f3 0x7fdbfe33a404
+B+: 0x7fdbfe33a405 0x7fdbfe33a40d
+B+: 0x7fdbfe33a40e 0x7fdbfe33a41c
+B+: 0x7fdbfe33a424 0x7fdbfe33a42c
+CND+ 0x7fdbfe33a00e: taken
+CND+ 0x7fdbfe33a126: taken
+CND+ 0x7fdbfe33a12b: not taken
+CND+ 0x7fdbfe33a131: not taken
+CND+ 0x7fdbfe33a136: not taken
+CND+ 0x7fdbfe33a14d: not taken
+CND+ 0x7fdbfe33a1b6: not taken
+CND+ 0x7fdbfe33a1c4: not taken
+CND+ 0x7fdbfe33a1c9: not taken
+CND+ 0x7fdbfe33a261: taken
+CND+ 0x7fdbfe33a2a2: taken
+CND+ 0x7fdbfe33a2c7: not taken
+CND+ 0x7fdbfe33a2d5: not taken
+CND+ 0x7fdbfe33a3f1: not taken
+CND+ 0x7fdbfe33a40c: not taken
@0x7fdbfe33a026 to 0x7fdc02329500 7
@0x7fdbfe33a030 to 0x7fdbfe33a036 1
@0x7fdbfe33a040 to 0x7fdbfe33a046 1
@0x7fdbfe33a050 to 0x7fdbfe33a056 1
@0x7fdbfe33a090 to 0x7fdbfe33a096 1
@0x7fdbfe33a0b0 to 0x7fdbfe33a0b6 1
@0x7fdbfe33a0c0 to 0x7fdbfe33a0c6 1
@0x7fdbfe33a0d0 to 0x7fdbfe33a0d6 1
@0x7fdbfe33a0e0 to 0x7fdc00e8f1c0 1
@0x7fdbfe33a244 to 0x7fdc00e78fb0 1
@0x7fdbfe33a401 to 0x7fdbfe33a300 1
