MODULE_NAME: /usr/bin/gs
MODULE_START: 0x7f2b9d011000
+B+: 0x7f2b9d012000 0x7f2b9d01200f
+B+: 0x7f2b9d012012 0x7f2b9d012016
+B+: 0x7f2b9d012020 0x7f2b9d01202b
+B+: 0x7f2b9d012030 0x7f2b9d012035
+B+: 0x7f2b9d012036 0x7f2b9d01203f
+B+: 0x7f2b9d012040 0x7f2b9d012045
+B+: 0x7f2b9d012046 0x7f2b9d01204f
+B+: 0x7f2b9d012050 0x7f2b9d012055
+B+: 0x7f2b9d012056 0x7f2b9d01205f
+B+: 0x7f2b9d0120b0 0x7f2b9d0120b5
+B+: 0x7f2b9d0120b6 0x7f2b9d0120bf
+B+: 0x7f2b9d0120c0 0x7f2b9d0120c5
+B+: 0x7f2b9d0120c6 0x7f2b9d0120cf
+B+: 0x7f2b9d0120e0 0x7f2b9d0120e5
+B+: 0x7f2b9d0120f0 0x7f2b9d012121
+B+: 0x7f2b9d012122 0x7f2b9d012127
+B+: 0x7f2b9d012128 0x7f2b9d012130
+B+: 0x7f2b9d012131 0x7f2b9d012132
+B+: 0x7f2b9d012133 0x7f2b9d012137
+B+: 0x7f2b9d01213d 0x7f2b9d012152
+B+: 0x7f2b9d012153 0x7f2b9d01215b
+B+: 0x7f2b9d012178 0x7f2b9d012183
+B+: 0x7f2b9d012184 0x7f2b9d0121a2
+B+: 0x7f2b9d0121a3 0x7f2b9d0121b1
+B+: 0x7f2b9d0121b2 0x7f2b9d0121b7
+B+: 0x7f2b9d0121b8 0x7f2b9d0121c1
+B+: 0x7f2b9d0121c2 0x7f2b9d0121c5
+B+: 0x7f2b9d0121c6 0x7f2b9d0121ca
+B+: 0x7f2b9d0121cb 0x7f2b9d0121d6
+B+: 0x7f2b9d0121d7 0x7f2b9d0121db
+B+: 0x7f2b9d0121dc 0x7f2b9d0121e0
+B+: 0x7f2b9d012213 0x7f2b9d012216
+B+: 0x7f2b9d012220 0x7f2b9d012249
+B+: 0x7f2b9d012250 0x7f2b9d012262
+B+: 0x7f2b9d012278 0x7f2b9d012278
+B+: 0x7f2b9d012280 0x7f2b9d0122a3
+B+: 0x7f2b9d0122b8 0x7f2b9d0122b8
+B+: 0x7f2b9d0122c0 0x7f2b9d0122c8
+B+: 0x7f2b9d0122c9 0x7f2b9d0122d6
+B+: 0x7f2b9d0122d7 0x7f2b9d0122e2
+B+: 0x7f2b9d0122e3 0x7f2b9d0122e7
+B+: 0x7f2b9d0122e8 0x7f2b9d0122f0
+B+: 0x7f2b9d012300 0x7f2b9d012304
+B+: 0x7f2b9d0123c0 0x7f2b9d0123ec
+B+: 0x7f2b9d0123ed 0x7f2b9d0123f2
+B+: 0x7f2b9d0123f3 0x7f2b9d012404
+B+: 0x7f2b9d012405 0x7f2b9d01240d
+B+: 0x7f2b9d01240e 0x7f2b9d01241c
+B+: 0x7f2b9d012424 0x7f2b9d01242c
+CND+ 0x7f2b9d01200e: taken
+CND+ 0x7f2b9d012126: taken
+CND+ 0x7f2b9d01212b: not taken
+CND+ 0x7f2b9d012131: not taken
+CND+ 0x7f2b9d012136: taken
+CND+ 0x7f2b9d01214d: not taken
+CND+ 0x7f2b9d0121b6: not taken
+CND+ 0x7f2b9d0121c4: not taken
+CND+ 0x7f2b9d0121c9: taken
+CND+ 0x7f2b9d0121df: taken
+CND+ 0x7f2b9d012261: taken
+CND+ 0x7f2b9d0122a2: taken
+CND+ 0x7f2b9d0122c7: not taken
+CND+ 0x7f2b9d0122d5: not taken
+CND+ 0x7f2b9d0123f1: not taken
+CND+ 0x7f2b9d01240c: not taken
@0x7f2b9d012026 to 0x7f2ba1001500 5
@0x7f2b9d012030 to 0x7f2b9d012036 1
@0x7f2b9d012040 to 0x7f2b9d012046 1
@0x7f2b9d012050 to 0x7f2b9d012056 1
@0x7f2b9d0120b0 to 0x7f2b9d0120b6 1
@0x7f2b9d0120c0 to 0x7f2b9d0120c6 1
@0x7f2b9d0120e0 to 0x7f2b9fb671c0 1
@0x7f2b9d012244 to 0x7f2b9fb50fb0 1
@0x7f2b9d012401 to 0x7f2b9d012300 1
