MODULE_NAME: /bin/dash
MODULE_START: 0x7f7434492000
+B+: 0x7f7434496000 0x7f743449600f
+B+: 0x7f7434496012 0x7f7434496016
+B+: 0x7f7434496050 0x7f7434496055
+B+: 0x7f7434496080 0x7f7434496085
+B+: 0x7f7434496090 0x7f7434496095
+B+: 0x7f74344960a0 0x7f74344960a5
+B+: 0x7f74344960d0 0x7f74344960d5
+B+: 0x7f74344960f0 0x7f74344960f5
+B+: 0x7f7434496130 0x7f7434496135
+B+: 0x7f7434496140 0x7f7434496145
+B+: 0x7f7434496150 0x7f7434496155
+B+: 0x7f7434496160 0x7f7434496165
+B+: 0x7f7434496190 0x7f7434496195
+B+: 0x7f74344961c0 0x7f74344961c5
+B+: 0x7f74344961e0 0x7f74344961e5
+B+: 0x7f7434496220 0x7f7434496225
+B+: 0x7f7434496230 0x7f7434496235
+B+: 0x7f7434496280 0x7f7434496285
+B+: 0x7f74344962a0 0x7f74344962a5
+B+: 0x7f74344962d0 0x7f74344962d5
+B+: 0x7f7434496320 0x7f7434496325
+B+: 0x7f7434496330 0x7f7434496335
+B+: 0x7f7434496350 0x7f7434496355
+B+: 0x7f7434496370 0x7f7434496375
+B+: 0x7f7434496390 0x7f7434496395
+B+: 0x7f74344963b0 0x7f74344963b5
+B+: 0x7f74344963c0 0x7f74344963c5
+B+: 0x7f74344963e0 0x7f74344963e5
+B+: 0x7f7434496410 0x7f7434496415
+B+: 0x7f7434496460 0x7f7434496465
+B+: 0x7f7434496510 0x7f7434496515
+B+: 0x7f7434496560 0x7f7434496565
+B+: 0x7f7434496570 0x7f7434496575
+B+: 0x7f7434496590 0x7f74344965b8
+B+: 0x7f74344965b9 0x7f74344965c4
+B+: 0x7f74344965c5 0x7f74344965cf
+B+: 0x7f74344965d0 0x7f74344965e7
+B+: 0x7f74344965e8 0x7f74344965ef
+B+: 0x7f74344965f0 0x7f7434496600
+B+: 0x7f7434496601 0x7f743449660b
+B+: 0x7f743449660c 0x7f7434496615
+B+: 0x7f7434496616 0x7f7434496623
+B+: 0x7f7434496624 0x7f743449662b
+B+: 0x7f743449662c 0x7f743449663c
+B+: 0x7f7434496657 0x7f7434496660
+B+: 0x7f7434496661 0x7f7434496678
+B+: 0x7f7434496679 0x7f743449667f
+B+: 0x7f7434496680 0x7f743449668c
+B+: 0x7f743449668d 0x7f7434496696
+B+: 0x7f7434496697 0x7f743449669b
+B+: 0x7f7434496760 0x7f7434496789
+B+: 0x7f74344967c0 0x7f74344967e3
+B+: 0x7f74344967f8 0x7f74344967f8
+B+: 0x7f7434496840 0x7f7434496844
+B+: 0x7f7434496850 0x7f7434496863
+B+: 0x7f7434496864 0x7f743449686f
+B+: 0x7f7434496870 0x7f743449687d
+B+: 0x7f743449687e 0x7f74344968aa
+B+: 0x7f74344968ab 0x7f74344968ac
+B+: 0x7f74344968cb 0x7f74344968d2
+B+: 0x7f7434496a50 0x7f7434496a57
+B+: 0x7f7434496a58 0x7f7434496a5e
+B+: 0x7f7434496a5f 0x7f7434496a63
+B+: 0x7f7434496a71 0x7f7434496a72
+B+: 0x7f74344976d0 0x7f74344976eb
+B+: 0x7f74344976ec 0x7f7434497705
+B+: 0x7f7434497717 0x7f743449771b
+B+: 0x7f743449771c 0x7f7434497720
+B+: 0x7f743449772c 0x7f7434497730
+B+: 0x7f743449773e 0x7f743449774d
+B+: 0x7f743449774e 0x7f7434497757
+B+: 0x7f7434497758 0x7f7434497775
+B+: 0x7f7434497780 0x7f7434497788
+B+: 0x7f7434497789 0x7f7434497790
+B+: 0x7f7434497791 0x7f743449779c
+B+: 0x7f7434498060 0x7f743449807e
+B+: 0x7f743449810d 0x7f743449811c
+B+: 0x7f743449811d 0x7f7434498123
+B+: 0x7f7434498140 0x7f743449814a
+B+: 0x7f743449814b 0x7f7434498152
+B+: 0x7f7434498153 0x7f743449815d
+B+: 0x7f743449815e 0x7f743449816f
+B+: 0x7f7434498188 0x7f743449818c
+B+: 0x7f743449818d 0x7f7434498191
+B+: 0x7f7434498192 0x7f743449819c
+B+: 0x7f74344981a7 0x7f74344981ad
+B+: 0x7f74344981ae 0x7f74344981b5
+B+: 0x7f74344981c0 0x7f74344981cf
+B+: 0x7f7434498bc0 0x7f7434498bfa
+B+: 0x7f7434498bfb 0x7f7434498c07
+B+: 0x7f7434498c08 0x7f7434498c0f
+B+: 0x7f7434498c10 0x7f7434498c11
+B+: 0x7f7434498c18 0x7f7434498c21
+B+: 0x7f7434498c22 0x7f7434498c2e
+B+: 0x7f7434498c32 0x7f7434498c39
+B+: 0x7f7434498c3a 0x7f7434498c49
+B+: 0x7f7434498c4a 0x7f7434498c51
+B+: 0x7f7434498c52 0x7f7434498c58
+B+: 0x7f7434498c59 0x7f7434498c60
+B+: 0x7f7434498c61 0x7f7434498c68
+B+: 0x7f7434498c69 0x7f7434498c6d
+B+: 0x7f7434498c6e 0x7f7434498c77
+B+: 0x7f7434498c78 0x7f7434498c89
+B+: 0x7f7434498c8a 0x7f7434498c98
+B+: 0x7f7434498e90 0x7f7434498ed3
+B+: 0x7f7434498edf 0x7f7434498ef5
+B+: 0x7f7434498ef6 0x7f7434498efa
+B+: 0x7f7434498efb 0x7f7434498f5a
+B+: 0x7f7434498f5b 0x7f7434498f67
+B+: 0x7f7434498f68 0x7f7434498f77
+B+: 0x7f7434498f78 0x7f7434498f7f
+B+: 0x7f7434498f80 0x7f7434498f8b
+B+: 0x7f7434498f8c 0x7f7434498f94
+B+: 0x7f7434498f95 0x7f7434498f9b
+B+: 0x7f7434498fa0 0x7f7434498faf
+B+: 0x7f7434498fb0 0x7f7434498fc5
+B+: 0x7f7434498fc6 0x7f7434498fcf
+B+: 0x7f7434498fd0 0x7f7434498fe3
+B+: 0x7f7434498fe4 0x7f7434498ffc
+B+: 0x7f7434499019 0x7f743449902b
+B+: 0x7f743449902c 0x7f7434499034
+B+: 0x7f7434499035 0x7f7434499047
+B+: 0x7f7434499048 0x7f743449905b
+B+: 0x7f74344990a8 0x7f74344990b4
+B+: 0x7f74344990b5 0x7f74344990b9
+B+: 0x7f74344990db 0x7f74344990e1
+B+: 0x7f74344990f0 0x7f7434499103
+B+: 0x7f7434499104 0x7f7434499113
+B+: 0x7f7434499114 0x7f743449911b
+B+: 0x7f743449911c 0x7f7434499122
+B+: 0x7f7434499123 0x7f7434499152
+B+: 0x7f7434499153 0x7f743449915f
+B+: 0x7f7434499160 0x7f7434499168
+B+: 0x7f7434499216 0x7f743449921c
+B+: 0x7f7434499224 0x7f743449922d
+B+: 0x7f743449922e 0x7f7434499237
+B+: 0x7f7434499238 0x7f7434499241
+B+: 0x7f7434499242 0x7f743449924b
+B+: 0x7f743449925d 0x7f7434499266
+B+: 0x7f7434499267 0x7f7434499281
+B+: 0x7f7434499282 0x7f7434499293
+B+: 0x7f743449934c 0x7f7434499353
+B+: 0x7f7434499354 0x7f743449936f
+B+: 0x7f743449951b 0x7f7434499525
+B+: 0x7f7434499526 0x7f743449952e
+B+: 0x7f743449952f 0x7f7434499537
+B+: 0x7f74344998d0 0x7f74344998ec
+B+: 0x7f74344998ed 0x7f74344998f1
+B+: 0x7f74344998f8 0x7f74344998fa
+B+: 0x7f74344998fb 0x7f7434499907
+B+: 0x7f7434499908 0x7f743449993e
+B+: 0x7f743449993f 0x7f7434499940
+B+: 0x7f7434499963 0x7f7434499977
+B+: 0x7f7434499980 0x7f7434499986
+B+: 0x7f7434499987 0x7f743449998e
+B+: 0x7f743449998f 0x7f7434499997
+B+: 0x7f7434499998 0x7f74344999ba
+B+: 0x7f74344999bb 0x7f74344999bc
+B+: 0x7f74344999c0 0x7f74344999e7
+B+: 0x7f74344999e8 0x7f74344999f7
+B+: 0x7f7434499a19 0x7f7434499a21
+B+: 0x7f7434499a22 0x7f7434499a2a
+B+: 0x7f7434499a2b 0x7f7434499a34
+B+: 0x7f7434499a35 0x7f7434499a3f
+B+: 0x7f7434499ad0 0x7f7434499ae9
+B+: 0x7f7434499aea 0x7f7434499b00
+B+: 0x7f7434499b10 0x7f7434499b1f
+B+: 0x7f7434499b20 0x7f7434499b2b
+B+: 0x7f7434499b2c 0x7f7434499b31
+B+: 0x7f7434499b32 0x7f7434499b41
+B+: 0x7f7434499b56 0x7f7434499b61
+B+: 0x7f7434499b62 0x7f7434499b6f
+B+: 0x7f7434499b70 0x7f7434499b85
+B+: 0x7f7434499b86 0x7f7434499b97
+B+: 0x7f7434499b98 0x7f7434499bc0
+B+: 0x7f7434499bc8 0x7f7434499bcc
+B+: 0x7f7434499bcd 0x7f7434499bea
+B+: 0x7f7434499d70 0x7f7434499d98
+B+: 0x7f7434499da0 0x7f7434499da1
+B+: 0x7f7434499da2 0x7f7434499daa
+B+: 0x7f7434499dab 0x7f7434499dc5
+B+: 0x7f7434499dc6 0x7f7434499dc9
+B+: 0x7f7434499dca 0x7f7434499dd1
+B+: 0x7f7434499dd2 0x7f7434499de6
+B+: 0x7f7434499df0 0x7f7434499e2a
+B+: 0x7f7434499e2b 0x7f7434499e2f
+B+: 0x7f7434499e46 0x7f7434499e5c
+B+: 0x7f7434499e5d 0x7f7434499e6e
+B+: 0x7f7434499e90 0x7f7434499ead
+B+: 0x7f7434499ec8 0x7f7434499ed1
+B+: 0x7f7434499ed2 0x7f7434499edd
+B+: 0x7f7434499f6c 0x7f7434499f8f
+B+: 0x7f7434499f90 0x7f7434499f9c
+B+: 0x7f7434499f9d 0x7f7434499fa8
+B+: 0x7f7434499fa9 0x7f7434499fb0
+B+: 0x7f7434499fb1 0x7f7434499fc5
+B+: 0x7f743449a008 0x7f743449a012
+B+: 0x7f743449a013 0x7f743449a01e
+B+: 0x7f743449a01f 0x7f743449a02e
+B+: 0x7f743449a060 0x7f743449a066
+B+: 0x7f743449a067 0x7f743449a074
+B+: 0x7f743449a075 0x7f743449a086
+B+: 0x7f743449a087 0x7f743449a08e
+B+: 0x7f743449a08f 0x7f743449a0a2
+B+: 0x7f743449a0a3 0x7f743449a0b0
+B+: 0x7f743449a100 0x7f743449a116
+B+: 0x7f743449a145 0x7f743449a14d
+B+: 0x7f743449a14e 0x7f743449a157
+B+: 0x7f743449a160 0x7f743449a166
+B+: 0x7f743449a1c0 0x7f743449a1d1
+B+: 0x7f743449a1e8 0x7f743449a1ef
+B+: 0x7f743449a248 0x7f743449a25b
+B+: 0x7f743449a25c 0x7f743449a271
+B+: 0x7f743449a7d0 0x7f743449a7ff
+B+: 0x7f743449a80f 0x7f743449a812
+B+: 0x7f743449a813 0x7f743449a81c
+B+: 0x7f743449a81d 0x7f743449a820
+B+: 0x7f743449a821 0x7f743449a82f
+B+: 0x7f743449a830 0x7f743449a83a
+B+: 0x7f743449a84f 0x7f743449a85a
+B+: 0x7f743449a85f 0x7f743449a862
+B+: 0x7f743449a870 0x7f743449a877
+B+: 0x7f743449a878 0x7f743449a88d
+B+: 0x7f743449b440 0x7f743449b464
+B+: 0x7f743449b61e 0x7f743449b627
+B+: 0x7f743449b628 0x7f743449b631
+B+: 0x7f743449b632 0x7f743449b659
+B+: 0x7f743449b6af 0x7f743449b6bc
+B+: 0x7f743449b6c0 0x7f743449b6cb
+B+: 0x7f743449b730 0x7f743449b73b
+B+: 0x7f743449b740 0x7f743449b75e
+B+: 0x7f743449b75f 0x7f743449b767
+B+: 0x7f743449b7d2 0x7f743449b7e3
+B+: 0x7f743449b8a0 0x7f743449b8a7
+B+: 0x7f743449c260 0x7f743449c2a5
+B+: 0x7f743449c2b5 0x7f743449c2be
+B+: 0x7f743449c2bf 0x7f743449c2d2
+B+: 0x7f743449c2d3 0x7f743449c2fc
+B+: 0x7f743449c2fd 0x7f743449c310
+B+: 0x7f743449c324 0x7f743449c328
+B+: 0x7f743449c336 0x7f743449c33f
+B+: 0x7f743449c340 0x7f743449c344
+B+: 0x7f743449c370 0x7f743449c386
+B+: 0x7f743449c387 0x7f743449c398
+B+: 0x7f743449c3a0 0x7f743449c3b6
+B+: 0x7f743449c3b7 0x7f743449c3d7
+B+: 0x7f743449c3dd 0x7f743449c3ec
+B+: 0x7f743449c850 0x7f743449c886
+B+: 0x7f743449c887 0x7f743449c89a
+B+: 0x7f743449c89b 0x7f743449c8ad
+B+: 0x7f743449c8ae 0x7f743449c8c4
+B+: 0x7f743449c8c5 0x7f743449c8d7
+B+: 0x7f743449c8d8 0x7f743449c8e7
+B+: 0x7f743449c8e8 0x7f743449c90c
+B+: 0x7f743449c90d 0x7f743449c915
+B+: 0x7f743449c924 0x7f743449c933
+B+: 0x7f743449c934 0x7f743449c947
+B+: 0x7f743449c948 0x7f743449c954
+B+: 0x7f743449c955 0x7f743449c95f
+B+: 0x7f743449c960 0x7f743449c964
+B+: 0x7f743449ca6a 0x7f743449ca7c
+B+: 0x7f743449ca7d 0x7f743449ca9c
+B+: 0x7f743449cba0 0x7f743449cbad
+B+: 0x7f743449cbae 0x7f743449cbe1
+B+: 0x7f743449cbf0 0x7f743449cbfb
+B+: 0x7f743449cdb0 0x7f743449cdbd
+B+: 0x7f743449cdbe 0x7f743449cdca
+B+: 0x7f743449cdcb 0x7f743449cde3
+B+: 0x7f743449cde8 0x7f743449cdf4
+B+: 0x7f743449cdf8 0x7f743449ce04
+B+: 0x7f743449ce05 0x7f743449ce12
+B+: 0x7f743449ce13 0x7f743449ce1d
+B+: 0x7f743449ceb4 0x7f743449cec1
+B+: 0x7f743449d160 0x7f743449d174
+B+: 0x7f743449d175 0x7f743449d187
+B+: 0x7f743449d188 0x7f743449d1a2
+B+: 0x7f743449d1a3 0x7f743449d1ac
+B+: 0x7f743449d1ad 0x7f743449d1b3
+B+: 0x7f743449d1d0 0x7f743449d1e5
+B+: 0x7f743449d1eb 0x7f743449d1f3
+B+: 0x7f743449d205 0x7f743449d20b
+B+: 0x7f743449d20c 0x7f743449d21d
+B+: 0x7f743449d21e 0x7f743449d226
+B+: 0x7f743449d227 0x7f743449d230
+B+: 0x7f743449d231 0x7f743449d232
+B+: 0x7f743449d240 0x7f743449d248
+B+: 0x7f743449d260 0x7f743449d260
+B+: 0x7f743449d520 0x7f743449d534
+B+: 0x7f743449d572 0x7f743449d578
+B+: 0x7f743449d580 0x7f743449d583
+B+: 0x7f743449d610 0x7f743449d656
+B+: 0x7f743449d65b 0x7f743449d686
+B+: 0x7f743449d687 0x7f743449d69d
+B+: 0x7f743449d6fc 0x7f743449d708
+B+: 0x7f743449d709 0x7f743449d711
+B+: 0x7f743449d712 0x7f743449d72a
+B+: 0x7f743449d72b 0x7f743449d73c
+B+: 0x7f743449d740 0x7f743449d747
+B+: 0x7f743449d748 0x7f743449d75f
+B+: 0x7f743449d760 0x7f743449d766
+B+: 0x7f743449d767 0x7f743449d780
+B+: 0x7f743449d790 0x7f743449d793
+B+: 0x7f743449d794 0x7f743449d798
+B+: 0x7f743449d7a2 0x7f743449d7aa
+B+: 0x7f743449d7ab 0x7f743449d7ae
+B+: 0x7f743449d7af 0x7f743449d7bd
+B+: 0x7f743449d7cb 0x7f743449d7d3
+B+: 0x7f743449d825 0x7f743449d841
+B+: 0x7f743449d842 0x7f743449d84d
+B+: 0x7f743449d87e 0x7f743449d88e
+B+: 0x7f743449d88f 0x7f743449d8a0
+B+: 0x7f743449d8a1 0x7f743449d8ad
+B+: 0x7f743449dc10 0x7f743449dc30
+B+: 0x7f743449dc31 0x7f743449dc58
+B+: 0x7f743449dc5e 0x7f743449dc66
+B+: 0x7f743449dc67 0x7f743449dc6f
+B+: 0x7f743449dc78 0x7f743449dc87
+B+: 0x7f743449dc88 0x7f743449dc89
+B+: 0x7f743449dca0 0x7f743449dcaf
+B+: 0x7f743449dcba 0x7f743449dcc4
+B+: 0x7f743449dce0 0x7f743449dce8
+B+: 0x7f743449e360 0x7f743449e36b
+B+: 0x7f743449e480 0x7f743449e480
+B+: 0x7f743449e9c0 0x7f743449e9db
+B+: 0x7f743449ea16 0x7f743449ea32
+B+: 0x7f743449ea33 0x7f743449ea52
+B+: 0x7f743449ea63 0x7f743449ea6a
+B+: 0x7f743449ea90 0x7f743449eaa6
+B+: 0x7f743449eaa7 0x7f743449eaae
+B+: 0x7f743449eaaf 0x7f743449eab6
+B+: 0x7f743449eaf6 0x7f743449eb01
+B+: 0x7f743449eb0c 0x7f743449eb34
+B+: 0x7f743449eb40 0x7f743449eb57
+B+: 0x7f743449eb58 0x7f743449eb5f
+B+: 0x7f743449eb60 0x7f743449eb67
+B+: 0x7f743449eb68 0x7f743449eb70
+B+: 0x7f743449eb71 0x7f743449eb7a
+B+: 0x7f743449eb7b 0x7f743449eb80
+B+: 0x7f743449eb97 0x7f743449eb9c
+B+: 0x7f743449ec0a 0x7f743449ec3d
+B+: 0x7f743449ec47 0x7f743449ec53
+B+: 0x7f743449eed0 0x7f743449eede
+B+: 0x7f743449eedf 0x7f743449eee7
+B+: 0x7f743449eee8 0x7f743449eefc
+B+: 0x7f743449eefd 0x7f743449ef02
+B+: 0x7f743449ef03 0x7f743449ef1b
+B+: 0x7f743449ef1c 0x7f743449ef21
+B+: 0x7f743449ef22 0x7f743449ef2b
+B+: 0x7f743449efc0 0x7f743449efc7
+B+: 0x7f743449efc8 0x7f743449efd0
+B+: 0x7f743449f760 0x7f743449f768
+B+: 0x7f743449f769 0x7f743449f76d
+B+: 0x7f743449f76e 0x7f743449f772
+B+: 0x7f743449f780 0x7f743449f788
+B+: 0x7f743449f789 0x7f743449f78d
+B+: 0x7f743449f78e 0x7f743449f792
+B+: 0x7f743449f7c0 0x7f743449f7d9
+B+: 0x7f743449f7da 0x7f743449f7e6
+B+: 0x7f743449f7f7 0x7f743449f802
+B+: 0x7f743449f803 0x7f743449f80b
+B+: 0x7f743449f80c 0x7f743449f841
+B+: 0x7f743449f842 0x7f743449f84b
+B+: 0x7f743449f84c 0x7f743449f852
+B+: 0x7f743449f853 0x7f743449f875
+B+: 0x7f743449f880 0x7f743449f88e
+B+: 0x7f743449f8b0 0x7f743449f8c8
+B+: 0x7f743449f900 0x7f743449f941
+B+: 0x7f743449f950 0x7f743449f966
+B+: 0x7f743449f967 0x7f743449f97e
+B+: 0x7f743449f97f 0x7f743449f98a
+B+: 0x7f743449f98b 0x7f743449f9b3
+B+: 0x7f743449f9b4 0x7f743449f9bd
+B+: 0x7f743449f9be 0x7f743449f9bf
+B+: 0x7f743449f9d0 0x7f743449f9e8
+B+: 0x7f743449f9e9 0x7f743449fa14
+B+: 0x7f743449fa1e 0x7f743449fa25
+B+: 0x7f743449fa26 0x7f743449fa33
+B+: 0x7f743449fa34 0x7f743449fa46
+B+: 0x7f743449fae0 0x7f743449fafe
+B+: 0x7f743449faff 0x7f743449fb0c
+B+: 0x7f743449fb0d 0x7f743449fb1b
+B+: 0x7f743449fb1c 0x7f743449fb2c
+B+: 0x7f743449fb40 0x7f743449fb62
+B+: 0x7f743449fb98 0x7f743449fba9
+B+: 0x7f74344a06d0 0x7f74344a06f4
+B+: 0x7f74344a06f5 0x7f74344a070d
+B+: 0x7f74344a070e 0x7f74344a0712
+B+: 0x7f74344a0713 0x7f74344a071e
+B+: 0x7f74344a071f 0x7f74344a0723
+B+: 0x7f74344a0724 0x7f74344a0728
+B+: 0x7f74344a0729 0x7f74344a0730
+B+: 0x7f74344a073c 0x7f74344a0749
+B+: 0x7f74344a074a 0x7f74344a074d
+B+: 0x7f74344a074e 0x7f74344a0760
+B+: 0x7f74344a0761 0x7f74344a076b
+B+: 0x7f74344a0790 0x7f74344a079d
+B+: 0x7f74344a079e 0x7f74344a07a5
+B+: 0x7f74344a07a6 0x7f74344a07a7
+B+: 0x7f74344a0890 0x7f74344a089d
+B+: 0x7f74344a089e 0x7f74344a08a9
+B+: 0x7f74344a08aa 0x7f74344a08bd
+B+: 0x7f74344a08c0 0x7f74344a08ca
+B+: 0x7f74344a08d0 0x7f74344a08ef
+B+: 0x7f74344a08f0 0x7f74344a08f4
+B+: 0x7f74344a08f5 0x7f74344a090c
+B+: 0x7f74344a090d 0x7f74344a0910
+B+: 0x7f74344a0911 0x7f74344a0912
+B+: 0x7f74344a0913 0x7f74344a091b
+B+: 0x7f74344a091c 0x7f74344a0930
+B+: 0x7f74344a0938 0x7f74344a093c
+B+: 0x7f74344a0980 0x7f74344a098f
+B+: 0x7f74344a0990 0x7f74344a099b
+B+: 0x7f74344a099c 0x7f74344a09ab
+B+: 0x7f74344a0a80 0x7f74344a0a93
+B+: 0x7f74344a0a94 0x7f74344a0aac
+B+: 0x7f74344a0aad 0x7f74344a0abf
+B+: 0x7f74344a0ac0 0x7f74344a0ada
+B+: 0x7f74344a0adb 0x7f74344a0ae3
+B+: 0x7f74344a0aec 0x7f74344a0af8
+B+: 0x7f74344a0af9 0x7f74344a0b02
+B+: 0x7f74344a0b03 0x7f74344a0b06
+B+: 0x7f74344a0b07 0x7f74344a0b1a
+B+: 0x7f74344a0c49 0x7f74344a0c55
+B+: 0x7f74344a0c56 0x7f74344a0c67
+B+: 0x7f74344a0c82 0x7f74344a0c93
+B+: 0x7f74344a0d77 0x7f74344a0d82
+B+: 0x7f74344a0da0 0x7f74344a0db2
+B+: 0x7f74344a0db3 0x7f74344a0ddf
+B+: 0x7f74344a0de0 0x7f74344a0deb
+B+: 0x7f74344a0dec 0x7f74344a0dfc
+B+: 0x7f74344a0dfd 0x7f74344a0e18
+B+: 0x7f74344a0e19 0x7f74344a0e25
+B+: 0x7f74344a0e26 0x7f74344a0e2e
+B+: 0x7f74344a0e2f 0x7f74344a0e3f
+B+: 0x7f74344a0e40 0x7f74344a0e44
+B+: 0x7f74344a0e45 0x7f74344a0e50
+B+: 0x7f74344a0e51 0x7f74344a0e5d
+B+: 0x7f74344a0e5e 0x7f74344a0e77
+B+: 0x7f74344a0ece 0x7f74344a0ed2
+B+: 0x7f74344a0ed3 0x7f74344a0ede
+B+: 0x7f74344a0ee0 0x7f74344a0eec
+B+: 0x7f74344a0f60 0x7f74344a0f7c
+B+: 0x7f74344a1120 0x7f74344a1128
+B+: 0x7f74344a1129 0x7f74344a1147
+B+: 0x7f74344a1750 0x7f74344a175e
+B+: 0x7f74344a175f 0x7f74344a1763
+B+: 0x7f74344a1764 0x7f74344a1770
+B+: 0x7f74344a1771 0x7f74344a1777
+B+: 0x7f74344a1778 0x7f74344a1783
+B+: 0x7f74344a1784 0x7f74344a1788
+B+: 0x7f74344a1789 0x7f74344a178d
+B+: 0x7f74344a178e 0x7f74344a1796
+B+: 0x7f74344a1797 0x7f74344a179e
+B+: 0x7f74344a1890 0x7f74344a1892
+B+: 0x7f74344a18a7 0x7f74344a18ab
+B+: 0x7f74344a18ac 0x7f74344a18b2
+B+: 0x7f74344a18b3 0x7f74344a18b6
+B+: 0x7f74344a18d0 0x7f74344a18e1
+B+: 0x7f74344a18e2 0x7f74344a18e6
+B+: 0x7f74344a18e7 0x7f74344a18eb
+B+: 0x7f74344a18ec 0x7f74344a18f1
+B+: 0x7f74344a18f2 0x7f74344a18fa
+B+: 0x7f74344a18fb 0x7f74344a18fc
+B+: 0x7f74344a1940 0x7f74344a1948
+B+: 0x7f74344a1949 0x7f74344a1951
+B+: 0x7f74344a1980 0x7f74344a1988
+B+: 0x7f74344a1989 0x7f74344a198a
+B+: 0x7f74344a198b 0x7f74344a1991
+B+: 0x7f74344a1992 0x7f74344a19a2
+B+: 0x7f74344a19a8 0x7f74344a19ac
+B+: 0x7f74344a19eb 0x7f74344a1a00
+B+: 0x7f74344a1a08 0x7f74344a1a10
+B+: 0x7f74344a1af0 0x7f74344a1b11
+B+: 0x7f74344a1b12 0x7f74344a1b16
+B+: 0x7f74344a1b17 0x7f74344a1b1d
+B+: 0x7f74344a1b1e 0x7f74344a1b26
+B+: 0x7f74344a1b27 0x7f74344a1b34
+B+: 0x7f74344a1b35 0x7f74344a1b3c
+B+: 0x7f74344a1b3d 0x7f74344a1b49
+B+: 0x7f74344a1b4a 0x7f74344a1b5a
+B+: 0x7f74344a1b5b 0x7f74344a1b63
+B+: 0x7f74344a1b7f 0x7f74344a1b93
+B+: 0x7f74344a1b94 0x7f74344a1b9c
+B+: 0x7f74344a1be0 0x7f74344a1bf7
+B+: 0x7f74344a1bf8 0x7f74344a1c00
+B+: 0x7f74344a1c1b 0x7f74344a1c2b
+B+: 0x7f74344a1d40 0x7f74344a1d5e
+B+: 0x7f74344a1d5f 0x7f74344a1d6d
+B+: 0x7f74344a1d6e 0x7f74344a1d72
+B+: 0x7f74344a1d7d 0x7f74344a1d90
+B+: 0x7f74344a1d91 0x7f74344a1d95
+B+: 0x7f74344a1d96 0x7f74344a1d9a
+B+: 0x7f74344a1da0 0x7f74344a1da4
+B+: 0x7f74344a1dd5 0x7f74344a1dd9
+B+: 0x7f74344a1dda 0x7f74344a1dde
+B+: 0x7f74344a1df0 0x7f74344a1dfb
+B+: 0x7f74344a1dfc 0x7f74344a1e07
+B+: 0x7f74344a1e08 0x7f74344a1e10
+B+: 0x7f74344a1e2c 0x7f74344a1e30
+B+: 0x7f74344a1e31 0x7f74344a1e36
+B+: 0x7f74344a1e41 0x7f74344a1e45
+B+: 0x7f74344a1e46 0x7f74344a1e54
+B+: 0x7f74344a1e55 0x7f74344a1e5d
+B+: 0x7f74344a1e5e 0x7f74344a1e62
+B+: 0x7f74344a1e63 0x7f74344a1e74
+B+: 0x7f74344a1e78 0x7f74344a1e84
+B+: 0x7f74344a1ea0 0x7f74344a1ea4
+B+: 0x7f74344a1ef0 0x7f74344a1f03
+B+: 0x7f74344a1f40 0x7f74344a1f76
+B+: 0x7f74344a1f77 0x7f74344a1f82
+B+: 0x7f74344a1f83 0x7f74344a1f92
+B+: 0x7f74344a201b 0x7f74344a2031
+B+: 0x7f74344a2032 0x7f74344a2040
+B+: 0x7f74344a2075 0x7f74344a20b8
+B+: 0x7f74344a20b9 0x7f74344a20c3
+B+: 0x7f74344a20c4 0x7f74344a20cc
+B+: 0x7f74344a20cd 0x7f74344a20d5
+B+: 0x7f74344a20d6 0x7f74344a20de
+B+: 0x7f74344a20df 0x7f74344a2106
+B+: 0x7f74344a2107 0x7f74344a2133
+B+: 0x7f74344a2578 0x7f74344a2581
+B+: 0x7f74344a2582 0x7f74344a25a8
+B+: 0x7f74344a25a9 0x7f74344a25b6
+B+: 0x7f74344a25d0 0x7f74344a25e0
+B+: 0x7f74344a25e1 0x7f74344a25ee
+B+: 0x7f74344a25ef 0x7f74344a25f3
+B+: 0x7f74344a2670 0x7f74344a267e
+B+: 0x7f74344a267f 0x7f74344a2683
+B+: 0x7f74344a2684 0x7f74344a2692
+B+: 0x7f74344a2693 0x7f74344a269a
+B+: 0x7f74344a269b 0x7f74344a26a2
+B+: 0x7f74344a26a3 0x7f74344a26b7
+B+: 0x7f74344a2790 0x7f74344a27bc
+B+: 0x7f74344a27bd 0x7f74344a27d4
+B+: 0x7f74344a27e0 0x7f74344a283a
+B+: 0x7f74344a283b 0x7f74344a2875
+B+: 0x7f74344a2876 0x7f74344a2893
+B+: 0x7f74344a2894 0x7f74344a28a3
+B+: 0x7f74344a28a4 0x7f74344a28b0
+B+: 0x7f74344a29b4 0x7f74344a29b8
+B+: 0x7f74344a29b9 0x7f74344a29cf
+B+: 0x7f74344a29d0 0x7f74344a29dc
+B+: 0x7f74344a29dd 0x7f74344a29ef
+B+: 0x7f74344a29f0 0x7f74344a29f7
+B+: 0x7f74344a2a01 0x7f74344a2a16
+B+: 0x7f74344a2a28 0x7f74344a2a3d
+B+: 0x7f74344a2a3e 0x7f74344a2a4d
+B+: 0x7f74344a2a79 0x7f74344a2a97
+B+: 0x7f74344a2a98 0x7f74344a2ac0
+B+: 0x7f74344a2ac1 0x7f74344a2acf
+B+: 0x7f74344a3148 0x7f74344a3154
+B+: 0x7f74344a3155 0x7f74344a3174
+B+: 0x7f74344a3175 0x7f74344a317f
+B+: 0x7f74344a31ac 0x7f74344a31b0
+B+: 0x7f74344a31b1 0x7f74344a31b5
+B+: 0x7f74344a3a40 0x7f74344a3a64
+B+: 0x7f74344a3b10 0x7f74344a3b1a
+B+: 0x7f74344a3b40 0x7f74344a3b47
+B+: 0x7f74344a3b48 0x7f74344a3b51
+B+: 0x7f74344a3b58 0x7f74344a3b60
+B+: 0x7f74344a3b61 0x7f74344a3b6a
+B+: 0x7f74344a3b88 0x7f74344a3b8c
+B+: 0x7f74344a3b8d 0x7f74344a3b94
+B+: 0x7f74344a3ba0 0x7f74344a3ba4
+B+: 0x7f74344a3d00 0x7f74344a3d30
+B+: 0x7f74344a3e3f 0x7f74344a3e55
+B+: 0x7f74344a3e56 0x7f74344a3e67
+B+: 0x7f74344a41e0 0x7f74344a4222
+B+: 0x7f74344a4223 0x7f74344a4228
+B+: 0x7f74344a424c 0x7f74344a4260
+B+: 0x7f74344a4261 0x7f74344a4269
+B+: 0x7f74344a4270 0x7f74344a4279
+B+: 0x7f74344a4288 0x7f74344a42a0
+B+: 0x7f74344a42a1 0x7f74344a42ba
+B+: 0x7f74344a42bb 0x7f74344a42bc
+B+: 0x7f74344a42d0 0x7f74344a42d8
+B+: 0x7f74344a42f8 0x7f74344a42f8
+B+: 0x7f74344a4300 0x7f74344a430c
+B+: 0x7f74344a433f 0x7f74344a4343
+B+: 0x7f74344a4380 0x7f74344a4384
+B+: 0x7f74344a43d0 0x7f74344a43e3
+B+: 0x7f74344a4400 0x7f74344a4400
+B+: 0x7f74344a4420 0x7f74344a445b
+B+: 0x7f74344a4467 0x7f74344a4471
+B+: 0x7f74344a4472 0x7f74344a4489
+B+: 0x7f74344a448a 0x7f74344a448d
+B+: 0x7f74344a448e 0x7f74344a4494
+B+: 0x7f74344a4495 0x7f74344a449d
+B+: 0x7f74344a449e 0x7f74344a44a9
+B+: 0x7f74344a44aa 0x7f74344a44c2
+B+: 0x7f74344a44c3 0x7f74344a44ce
+B+: 0x7f74344a44cf 0x7f74344a44e5
+B+: 0x7f74344a44e6 0x7f74344a44f5
+B+: 0x7f74344a4500 0x7f74344a450e
+B+: 0x7f74344a450f 0x7f74344a4513
+B+: 0x7f74344a4514 0x7f74344a451e
+B+: 0x7f74344a4540 0x7f74344a4549
+B+: 0x7f74344a454a 0x7f74344a454e
+B+: 0x7f74344a454f 0x7f74344a4560
+B+: 0x7f74344a4568 0x7f74344a4577
+B+: 0x7f74344a4580 0x7f74344a4589
+B+: 0x7f74344a45a8 0x7f74344a45bb
+B+: 0x7f74344a45c0 0x7f74344a45ce
+B+: 0x7f74344a45cf 0x7f74344a45dc
+B+: 0x7f74344a46f0 0x7f74344a46fd
+B+: 0x7f74344a47a0 0x7f74344a47a0
+B+: 0x7f74344a47b0 0x7f74344a47ba
+B+: 0x7f74344a47bb 0x7f74344a47ce
+B+: 0x7f74344a47cf 0x7f74344a47d8
+B+: 0x7f74344a47d9 0x7f74344a47e6
+B+: 0x7f74344a4800 0x7f74344a482d
+B+: 0x7f74344a482e 0x7f74344a4831
+B+: 0x7f74344a4832 0x7f74344a4847
+B+: 0x7f74344a4864 0x7f74344a486b
+B+: 0x7f74344a486c 0x7f74344a486f
+B+: 0x7f74344a4870 0x7f74344a4876
+B+: 0x7f74344a4877 0x7f74344a487b
+B+: 0x7f74344a487c 0x7f74344a4886
+B+: 0x7f74344a4ae0 0x7f74344a4b01
+B+: 0x7f74344a4b02 0x7f74344a4b0a
+B+: 0x7f74344a4b0b 0x7f74344a4b14
+B+: 0x7f74344a4b15 0x7f74344a4b19
+B+: 0x7f74344a4c00 0x7f74344a4c19
+B+: 0x7f74344a4c51 0x7f74344a4c8e
+B+: 0x7f74344a4c8f 0x7f74344a4c9e
+B+: 0x7f74344a4c9f 0x7f74344a4ca6
+B+: 0x7f74344a4df0 0x7f74344a4dfb
+B+: 0x7f74344a4e20 0x7f74344a4e20
+B+: 0x7f74344a4e30 0x7f74344a4e38
+B+: 0x7f74344a6940 0x7f74344a694b
+B+: 0x7f74344a694c 0x7f74344a6957
+B+: 0x7f74344a6958 0x7f74344a6964
+B+: 0x7f74344a6965 0x7f74344a6969
+B+: 0x7f74344a696a 0x7f74344a696f
+B+: 0x7f74344a6970 0x7f74344a6976
+B+: 0x7f74344a6980 0x7f74344a6987
+B+: 0x7f74344a6988 0x7f74344a698c
+B+: 0x7f74344a698d 0x7f74344a699b
+B+: 0x7f74344a699c 0x7f74344a69a0
+B+: 0x7f74344a69a1 0x7f74344a69a8
+B+: 0x7f74344a69a9 0x7f74344a69ad
+B+: 0x7f74344a69ae 0x7f74344a69b8
+B+: 0x7f74344a69b9 0x7f74344a69b9
+B+: 0x7f74344a69c0 0x7f74344a69c5
+B+: 0x7f74344a69c6 0x7f74344a69c9
+B+: 0x7f74344a69d0 0x7f74344a69d0
+B+: 0x7f74344a69d1 0x7f74344a69d5
+B+: 0x7f74344a69d6 0x7f74344a69d9
+B+: 0x7f74344a69e0 0x7f74344a69ff
+B+: 0x7f74344a6a00 0x7f74344a6a11
+B+: 0x7f74344a6a12 0x7f74344a6a16
+B+: 0x7f74344a6a20 0x7f74344a6a22
+B+: 0x7f74344a6a23 0x7f74344a6a2f
+B+: 0x7f74344a6a30 0x7f74344a6a33
+B+: 0x7f74344a6a34 0x7f74344a6a5d
+B+: 0x7f74344a6a5e 0x7f74344a6a62
+B+: 0x7f74344a6a63 0x7f74344a6a82
+B+: 0x7f74344a6ac0 0x7f74344a6ade
+B+: 0x7f74344a6adf 0x7f74344a6ae3
+B+: 0x7f74344a6ae4 0x7f74344a6ae8
+B+: 0x7f74344a6af0 0x7f74344a6af2
+B+: 0x7f74344a6af3 0x7f74344a6aff
+B+: 0x7f74344a6b00 0x7f74344a6b03
+B+: 0x7f74344a6b04 0x7f74344a6b3e
+B+: 0x7f74344a6b3f 0x7f74344a6b49
+B+: 0x7f74344a6b4a 0x7f74344a6b57
+B+: 0x7f74344a6b58 0x7f74344a6b5d
+B+: 0x7f74344a6b5e 0x7f74344a6b66
+B+: 0x7f74344a6b67 0x7f74344a6b70
+B+: 0x7f74344a6b71 0x7f74344a6b7a
+B+: 0x7f74344a6b7b 0x7f74344a6b9a
+B+: 0x7f74344a6b9b 0x7f74344a6ba3
+B+: 0x7f74344a6ba4 0x7f74344a6bbd
+B+: 0x7f74344a6bc0 0x7f74344a6bc5
+B+: 0x7f74344a6bc6 0x7f74344a6bcf
+B+: 0x7f74344a6bd0 0x7f74344a6bd9
+B+: 0x7f74344a6bda 0x7f74344a6bf7
+B+: 0x7f74344a6c08 0x7f74344a6c14
+B+: 0x7f74344a6c15 0x7f74344a6c1b
+B+: 0x7f74344a6c1c 0x7f74344a6c29
+B+: 0x7f74344a6cb0 0x7f74344a6cca
+B+: 0x7f74344a6ccb 0x7f74344a6cda
+B+: 0x7f74344a6cdb 0x7f74344a6ce6
+B+: 0x7f74344a6ce7 0x7f74344a6cef
+B+: 0x7f74344a6cf0 0x7f74344a6cf4
+B+: 0x7f74344a6cf5 0x7f74344a6cfc
+B+: 0x7f74344a6cfd 0x7f74344a6d10
+B+: 0x7f74344a6d11 0x7f74344a6d21
+B+: 0x7f74344a6d22 0x7f74344a6d26
+B+: 0x7f74344a6d27 0x7f74344a6d38
+B+: 0x7f74344a6d39 0x7f74344a6d4b
+B+: 0x7f74344a6d4c 0x7f74344a6d54
+B+: 0x7f74344a6d55 0x7f74344a6d5e
+B+: 0x7f74344a6d5f 0x7f74344a6d6d
+B+: 0x7f74344a6ea0 0x7f74344a6eb6
+B+: 0x7f74344a6eb7 0x7f74344a6ebb
+B+: 0x7f74344a6ebc 0x7f74344a6ec0
+B+: 0x7f74344a6ec8 0x7f74344a6ecb
+B+: 0x7f74344a6ecc 0x7f74344a6ed9
+B+: 0x7f74344a6eda 0x7f74344a6edd
+B+: 0x7f74344a6ede 0x7f74344a6f06
+B+: 0x7f74344a6f07 0x7f74344a6f10
+B+: 0x7f74344a6f11 0x7f74344a6f16
+B+: 0x7f74344a6f17 0x7f74344a6f24
+B+: 0x7f74344a6f25 0x7f74344a6f2d
+B+: 0x7f74344a7440 0x7f74344a746b
+B+: 0x7f74344a746c 0x7f74344a7470
+B+: 0x7f74344a7471 0x7f74344a7475
+B+: 0x7f74344a7536 0x7f74344a753e
+B+: 0x7f74344a753f 0x7f74344a7548
+B+: 0x7f74344a7549 0x7f74344a7551
+B+: 0x7f74344a75d0 0x7f74344a75e4
+B+: 0x7f74344a75e5 0x7f74344a7606
+B+: 0x7f74344a7607 0x7f74344a7610
+B+: 0x7f74344a7611 0x7f74344a7618
+B+: 0x7f74344a7640 0x7f74344a7648
+B+: 0x7f74344a7649 0x7f74344a7656
+B+: 0x7f74344a7657 0x7f74344a765f
+B+: 0x7f74344a7660 0x7f74344a7661
+B+: 0x7f74344a7760 0x7f74344a77aa
+B+: 0x7f74344a77ab 0x7f74344a77af
+B+: 0x7f74344a77b0 0x7f74344a77be
+B+: 0x7f74344a77c8 0x7f74344a77d3
+B+: 0x7f74344a77d4 0x7f74344a77d8
+B+: 0x7f74344a77d9 0x7f74344a77e0
+B+: 0x7f74344a77e1 0x7f74344a77e5
+B+: 0x7f74344a77e6 0x7f74344a77f3
+B+: 0x7f74344a77f4 0x7f74344a77fb
+B+: 0x7f74344a7800 0x7f74344a7810
+B+: 0x7f74344a7811 0x7f74344a7815
+B+: 0x7f74344a7816 0x7f74344a7832
+B+: 0x7f74344a7833 0x7f74344a7843
+B+: 0x7f74344a7844 0x7f74344a784f
+B+: 0x7f74344a7850 0x7f74344a7857
+B+: 0x7f74344a7858 0x7f74344a785c
+B+: 0x7f74344a785d 0x7f74344a7868
+B+: 0x7f74344a7869 0x7f74344a787b
+B+: 0x7f74344a787c 0x7f74344a7884
+B+: 0x7f74344a7888 0x7f74344a7897
+B+: 0x7f74344a7898 0x7f74344a789b
+B+: 0x7f74344a789c 0x7f74344a78b4
+B+: 0x7f74344a78b5 0x7f74344a78b8
+B+: 0x7f74344a78b9 0x7f74344a78c6
+B+: 0x7f74344a78c7 0x7f74344a78d5
+B+: 0x7f74344a7dc0 0x7f74344a7dec
+B+: 0x7f74344a7ded 0x7f74344a7df2
+B+: 0x7f74344a7df3 0x7f74344a7e04
+B+: 0x7f74344a7e05 0x7f74344a7e0d
+B+: 0x7f74344a7e0e 0x7f74344a7e1c
+CND+ 0x7f743449600e: taken
+CND+ 0x7f74344965ea: not taken
+CND+ 0x7f7434496626: not taken
+CND+ 0x7f743449663b: taken
+CND+ 0x7f7434496673: not taken
+CND+ 0x7f7434496687: not taken
+CND+ 0x7f7434496695: not taken
+CND+ 0x7f74344967e2: taken
+CND+ 0x7f7434496862: not taken
+CND+ 0x7f743449687c: both
+CND+ 0x7f74344968a9: not taken
+CND+ 0x7f7434496a5d: not taken
+CND+ 0x7f7434496a62: taken
+CND+ 0x7f74344976e6: not taken
+CND+ 0x7f7434497704: taken
+CND+ 0x7f743449771a: not taken
+CND+ 0x7f743449771f: taken
+CND+ 0x7f743449772f: taken
+CND+ 0x7f743449774c: not taken
+CND+ 0x7f7434497756: not taken
+CND+ 0x7f743449778f: not taken
+CND+ 0x7f743449779b: taken
+CND+ 0x7f7434498079: taken
+CND+ 0x7f743449811b: not taken
+CND+ 0x7f7434498149: not taken
+CND+ 0x7f7434498158: not taken
+CND+ 0x7f7434498190: not taken
+CND+ 0x7f74344981ce: taken
+CND+ 0x7f7434498c20: not taken
+CND+ 0x7f7434498c2d: taken
+CND+ 0x7f7434498c48: not taken
+CND+ 0x7f7434498c5f: both
+CND+ 0x7f7434498c88: not taken
+CND+ 0x7f7434498ed2: taken
+CND+ 0x7f7434498f55: not taken
+CND+ 0x7f7434498f7e: not taken
+CND+ 0x7f7434498f8a: not taken
+CND+ 0x7f7434498f93: both
+CND+ 0x7f7434498fc4: not taken
+CND+ 0x7f7434498fe2: both
+CND+ 0x7f7434498ffb: taken
+CND+ 0x7f743449905a: taken
+CND+ 0x7f74344990af: not taken
+CND+ 0x7f74344990b8: taken
+CND+ 0x7f74344990e0: taken
+CND+ 0x7f7434499116: not taken
+CND+ 0x7f743449915a: not taken
+CND+ 0x7f7434499163: taken
+CND+ 0x7f743449921b: taken
+CND+ 0x7f743449924a: taken
+CND+ 0x7f743449927c: not taken
+CND+ 0x7f743449936a: taken
+CND+ 0x7f7434499520: not taken
+CND+ 0x7f7434499529: not taken
+CND+ 0x7f7434499532: taken
+CND+ 0x7f74344998eb: not taken
+CND+ 0x7f7434499906: both
+CND+ 0x7f743449993d: not taken
+CND+ 0x7f7434499985: both
+CND+ 0x7f74344999f6: taken
+CND+ 0x7f7434499a20: both
+CND+ 0x7f7434499a29: not taken
+CND+ 0x7f7434499a33: not taken
+CND+ 0x7f7434499ae4: not taken
+CND+ 0x7f7434499afb: taken
+CND+ 0x7f7434499b2a: both
+CND+ 0x7f7434499b30: both
+CND+ 0x7f7434499b40: taken
+CND+ 0x7f7434499b60: not taken
+CND+ 0x7f7434499b96: not taken
+CND+ 0x7f7434499be5: taken
+CND+ 0x7f7434499da0: not taken
+CND+ 0x7f7434499da9: not taken
+CND+ 0x7f7434499dc8: both
+CND+ 0x7f7434499dd0: both
+CND+ 0x7f7434499e2e: taken
+CND+ 0x7f7434499e57: not taken
+CND+ 0x7f7434499eac: taken
+CND+ 0x7f7434499ed8: taken
+CND+ 0x7f7434499fa3: not taken
+CND+ 0x7f7434499fc0: taken
+CND+ 0x7f743449a019: not taken
+CND+ 0x7f743449a065: not taken
+CND+ 0x7f743449a06f: not taken
+CND+ 0x7f743449a089: both
+CND+ 0x7f743449a09d: not taken
+CND+ 0x7f743449a0ab: taken
+CND+ 0x7f743449a14c: not taken
+CND+ 0x7f743449a156: taken
+CND+ 0x7f743449a1cc: taken
+CND+ 0x7f743449a1ee: taken
+CND+ 0x7f743449a811: both
+CND+ 0x7f743449a81b: not taken
+CND+ 0x7f743449a81f: not taken
+CND+ 0x7f743449a839: taken
+CND+ 0x7f743449a859: taken
+CND+ 0x7f743449a861: taken
+CND+ 0x7f743449b45f: taken
+CND+ 0x7f743449b626: not taken
+CND+ 0x7f743449b6ca: taken
+CND+ 0x7f743449b762: taken
+CND+ 0x7f743449c2a4: taken
+CND+ 0x7f743449c2bd: not taken
+CND+ 0x7f743449c2cd: not taken
+CND+ 0x7f743449c30f: taken
+CND+ 0x7f743449c327: taken
+CND+ 0x7f743449c33a: not taken
+CND+ 0x7f743449c343: taken
+CND+ 0x7f743449c381: not taken
+CND+ 0x7f743449c3d6: taken
+CND+ 0x7f743449c3e7: taken
+CND+ 0x7f743449c895: not taken
+CND+ 0x7f743449c8a8: not taken
+CND+ 0x7f743449c8d2: not taken
+CND+ 0x7f743449c907: not taken
+CND+ 0x7f743449c942: taken
+CND+ 0x7f743449c953: not taken
+CND+ 0x7f743449c963: taken
+CND+ 0x7f743449ca7b: not taken
+CND+ 0x7f743449cdbc: both
+CND+ 0x7f743449cdc9: both
+CND+ 0x7f743449ce03: not taken
+CND+ 0x7f743449ce0d: not taken
+CND+ 0x7f743449ce18: taken
+CND+ 0x7f743449d1a1: not taken
+CND+ 0x7f743449d1ab: not taken
+CND+ 0x7f743449d1e4: taken
+CND+ 0x7f743449d1f2: taken
+CND+ 0x7f743449d20a: not taken
+CND+ 0x7f743449d225: not taken
+CND+ 0x7f743449d22f: not taken
+CND+ 0x7f743449d247: taken
+CND+ 0x7f743449d533: taken
+CND+ 0x7f743449d582: taken
+CND+ 0x7f743449d655: taken
+CND+ 0x7f743449d698: taken
+CND+ 0x7f743449d703: not taken
+CND+ 0x7f743449d70c: taken
+CND+ 0x7f743449d725: not taken
+CND+ 0x7f743449d742: not taken
+CND+ 0x7f743449d75a: not taken
+CND+ 0x7f743449d765: not taken
+CND+ 0x7f743449d792: not taken
+CND+ 0x7f743449d797: taken
+CND+ 0x7f743449d7a9: taken
+CND+ 0x7f743449d7ad: not taken
+CND+ 0x7f743449d7bc: taken
+CND+ 0x7f743449d7ce: taken
+CND+ 0x7f743449d848: taken
+CND+ 0x7f743449d889: not taken
+CND+ 0x7f743449d89b: not taken
+CND+ 0x7f743449d8a8: taken
+CND+ 0x7f743449dc2f: not taken
+CND+ 0x7f743449dc57: taken
+CND+ 0x7f743449dc65: not taken
+CND+ 0x7f743449dc6e: taken
+CND+ 0x7f743449dc86: not taken
+CND+ 0x7f743449dcae: taken
+CND+ 0x7f743449e366: taken
+CND+ 0x7f743449e9d6: taken
+CND+ 0x7f743449ea31: not taken
+CND+ 0x7f743449ea51: taken
+CND+ 0x7f743449eaad: not taken
+CND+ 0x7f743449eab5: taken
+CND+ 0x7f743449eb00: taken
+CND+ 0x7f743449eb5a: not taken
+CND+ 0x7f743449eb62: not taken
+CND+ 0x7f743449eb6b: not taken
+CND+ 0x7f743449eb75: not taken
+CND+ 0x7f743449eb7f: taken
+CND+ 0x7f743449eb9b: taken
+CND+ 0x7f743449ec3c: taken
+CND+ 0x7f743449eed9: not taken
+CND+ 0x7f743449eee6: not taken
+CND+ 0x7f743449ef01: not taken
+CND+ 0x7f743449ef1a: not taken
+CND+ 0x7f743449ef20: not taken
+CND+ 0x7f743449ef26: taken
+CND+ 0x7f743449f76c: not taken
+CND+ 0x7f743449f78c: not taken
+CND+ 0x7f743449f7d8: both
+CND+ 0x7f743449f7e1: taken
+CND+ 0x7f743449f806: not taken
+CND+ 0x7f743449f840: not taken
+CND+ 0x7f743449f84a: not taken
+CND+ 0x7f743449f965: both
+CND+ 0x7f743449f989: not taken
+CND+ 0x7f743449f9b2: not taken
+CND+ 0x7f743449f9bc: not taken
+CND+ 0x7f743449f9e3: not taken
+CND+ 0x7f743449fa13: taken
+CND+ 0x7f743449fafd: not taken
+CND+ 0x7f743449fb1a: not taken
+CND+ 0x7f743449fb61: taken
+CND+ 0x7f74344a0711: not taken
+CND+ 0x7f74344a071d: not taken
+CND+ 0x7f74344a0722: not taken
+CND+ 0x7f74344a0748: not taken
+CND+ 0x7f74344a074c: not taken
+CND+ 0x7f74344a075f: not taken
+CND+ 0x7f74344a07a4: not taken
+CND+ 0x7f74344a08f3: both
+CND+ 0x7f74344a090f: both
+CND+ 0x7f74344a0911: not taken
+CND+ 0x7f74344a091a: taken
+CND+ 0x7f74344a0a92: not taken
+CND+ 0x7f74344a0aba: not taken
+CND+ 0x7f74344a0ad5: both
+CND+ 0x7f74344a0ade: taken
+CND+ 0x7f74344a0af7: not taken
+CND+ 0x7f74344a0b01: not taken
+CND+ 0x7f74344a0b05: not taken
+CND+ 0x7f74344a0b19: taken
+CND+ 0x7f74344a0c50: not taken
+CND+ 0x7f74344a0c62: taken
+CND+ 0x7f74344a0db1: not taken
+CND+ 0x7f74344a0dea: both
+CND+ 0x7f74344a0e13: not taken
+CND+ 0x7f74344a0e20: taken
+CND+ 0x7f74344a0e2d: not taken
+CND+ 0x7f74344a0e43: not taken
+CND+ 0x7f74344a0e4f: both
+CND+ 0x7f74344a0e58: not taken
+CND+ 0x7f74344a0e72: taken
+CND+ 0x7f74344a0ee7: taken
+CND+ 0x7f74344a175d: both
+CND+ 0x7f74344a176f: not taken
+CND+ 0x7f74344a1782: both
+CND+ 0x7f74344a1787: both
+CND+ 0x7f74344a1795: both
+CND+ 0x7f74344a18b1: not taken
+CND+ 0x7f74344a18dc: not taken
+CND+ 0x7f74344a18ea: not taken
+CND+ 0x7f74344a18ec: both
+CND+ 0x7f74344a18f5: not taken
+CND+ 0x7f74344a18fb: taken
+CND+ 0x7f74344a1943: not taken
+CND+ 0x7f74344a194c: taken
+CND+ 0x7f74344a1983: not taken
+CND+ 0x7f74344a1989: both
+CND+ 0x7f74344a1990: not taken
+CND+ 0x7f74344a19ab: taken
+CND+ 0x7f74344a1a0b: taken
+CND+ 0x7f74344a1b10: both
+CND+ 0x7f74344a1b1c: not taken
+CND+ 0x7f74344a1b21: both
+CND+ 0x7f74344a1b2f: not taken
+CND+ 0x7f74344a1b37: both
+CND+ 0x7f74344a1b44: both
+CND+ 0x7f74344a1b5e: taken
+CND+ 0x7f74344a1b92: both
+CND+ 0x7f74344a1b9b: taken
+CND+ 0x7f74344a1bfb: taken
+CND+ 0x7f74344a1d68: both
+CND+ 0x7f74344a1d71: taken
+CND+ 0x7f74344a1d8b: not taken
+CND+ 0x7f74344a1da3: taken
+CND+ 0x7f74344a1ddd: taken
+CND+ 0x7f74344a1e02: not taken
+CND+ 0x7f74344a1e0b: taken
+CND+ 0x7f74344a1e2f: not taken
+CND+ 0x7f74344a1e35: taken
+CND+ 0x7f74344a1e4f: not taken
+CND+ 0x7f74344a1e58: both
+CND+ 0x7f74344a1f7d: not taken
+CND+ 0x7f74344a202c: not taken
+CND+ 0x7f74344a20c7: not taken
+CND+ 0x7f74344a20d0: both
+CND+ 0x7f74344a20d9: not taken
+CND+ 0x7f74344a25a7: both
+CND+ 0x7f74344a25ed: not taken
+CND+ 0x7f74344a25f2: taken
+CND+ 0x7f74344a2682: not taken
+CND+ 0x7f74344a26a1: not taken
+CND+ 0x7f74344a27bb: not taken
+CND+ 0x7f74344a2835: not taken
+CND+ 0x7f74344a2870: not taken
+CND+ 0x7f74344a288e: not taken
+CND+ 0x7f74344a289e: not taken
+CND+ 0x7f74344a29ca: both
+CND+ 0x7f74344a29ea: taken
+CND+ 0x7f74344a29f6: taken
+CND+ 0x7f74344a2a15: taken
+CND+ 0x7f74344a2a38: not taken
+CND+ 0x7f74344a2a48: taken
+CND+ 0x7f74344a2abb: not taken
+CND+ 0x7f74344a314f: not taken
+CND+ 0x7f74344a316f: not taken
+CND+ 0x7f74344a317e: taken
+CND+ 0x7f74344a3a5f: taken
+CND+ 0x7f74344a3b46: not taken
+CND+ 0x7f74344a3b50: taken
+CND+ 0x7f74344a3b69: taken
+CND+ 0x7f74344a3b93: taken
+CND+ 0x7f74344a3d2b: taken
+CND+ 0x7f74344a3e50: not taken
+CND+ 0x7f74344a4227: taken
+CND+ 0x7f74344a425f: not taken
+CND+ 0x7f74344a4278: taken
+CND+ 0x7f74344a42b9: not taken
+CND+ 0x7f74344a42d7: taken
+CND+ 0x7f74344a430b: taken
+CND+ 0x7f74344a4383: taken
+CND+ 0x7f74344a43e2: taken
+CND+ 0x7f74344a4456: taken
+CND+ 0x7f74344a4488: both
+CND+ 0x7f74344a448c: not taken
+CND+ 0x7f74344a4493: not taken
+CND+ 0x7f74344a4498: both
+CND+ 0x7f74344a44e0: not taken
+CND+ 0x7f74344a4512: not taken
+CND+ 0x7f74344a4519: taken
+CND+ 0x7f74344a4548: not taken
+CND+ 0x7f74344a454d: not taken
+CND+ 0x7f74344a45c9: not taken
+CND+ 0x7f74344a45d7: taken
+CND+ 0x7f74344a46f8: taken
+CND+ 0x7f74344a47b9: not taken
+CND+ 0x7f74344a4830: not taken
+CND+ 0x7f74344a4846: taken
+CND+ 0x7f74344a486e: not taken
+CND+ 0x7f74344a4b09: not taken
+CND+ 0x7f74344a4b13: not taken
+CND+ 0x7f74344a4c18: taken
+CND+ 0x7f74344a4c9d: not taken
+CND+ 0x7f74344a4dfa: taken
+CND+ 0x7f74344a6946: both
+CND+ 0x7f74344a6963: both
+CND+ 0x7f74344a6968: not taken
+CND+ 0x7f74344a696e: not taken
+CND+ 0x7f74344a6986: not taken
+CND+ 0x7f74344a698b: both
+CND+ 0x7f74344a699a: both
+CND+ 0x7f74344a699f: both
+CND+ 0x7f74344a69ac: both
+CND+ 0x7f74344a69b7: both
+CND+ 0x7f74344a69c4: not taken
+CND+ 0x7f74344a6a10: not taken
+CND+ 0x7f74344a6a15: taken
+CND+ 0x7f74344a6a2e: both
+CND+ 0x7f74344a6a32: both
+CND+ 0x7f74344a6a5c: both
+CND+ 0x7f74344a6add: not taken
+CND+ 0x7f74344a6ae2: not taken
+CND+ 0x7f74344a6afe: not taken
+CND+ 0x7f74344a6b02: both
+CND+ 0x7f74344a6b48: both
+CND+ 0x7f74344a6b52: not taken
+CND+ 0x7f74344a6b5c: not taken
+CND+ 0x7f74344a6b65: both
+CND+ 0x7f74344a6b6b: taken
+CND+ 0x7f74344a6b75: not taken
+CND+ 0x7f74344a6b95: not taken
+CND+ 0x7f74344a6ba2: not taken
+CND+ 0x7f74344a6bc4: not taken
+CND+ 0x7f74344a6bce: not taken
+CND+ 0x7f74344a6bf6: taken
+CND+ 0x7f74344a6c24: taken
+CND+ 0x7f74344a6ce1: not taken
+CND+ 0x7f74344a6cea: not taken
+CND+ 0x7f74344a6cf3: not taken
+CND+ 0x7f74344a6d25: not taken
+CND+ 0x7f74344a6d53: not taken
+CND+ 0x7f74344a6d5d: not taken
+CND+ 0x7f74344a6eb5: not taken
+CND+ 0x7f74344a6eba: not taken
+CND+ 0x7f74344a6ed8: both
+CND+ 0x7f74344a6edc: taken
+CND+ 0x7f74344a6f0f: not taken
+CND+ 0x7f74344a6f15: not taken
+CND+ 0x7f74344a746f: not taken
+CND+ 0x7f74344a753d: not taken
+CND+ 0x7f74344a7547: not taken
+CND+ 0x7f74344a7605: not taken
+CND+ 0x7f74344a760f: not taken
+CND+ 0x7f74344a7647: not taken
+CND+ 0x7f74344a765e: not taken
+CND+ 0x7f74344a77bd: taken
+CND+ 0x7f74344a77d2: taken
+CND+ 0x7f74344a77df: not taken
+CND+ 0x7f74344a77e4: both
+CND+ 0x7f74344a77fa: taken
+CND+ 0x7f74344a7856: not taken
+CND+ 0x7f74344a785b: taken
+CND+ 0x7f74344a787a: not taken
+CND+ 0x7f74344a789a: not taken
+CND+ 0x7f74344a78b7: not taken
+CND+ 0x7f74344a78c5: not taken
+CND+ 0x7f74344a78d4: taken
+CND+ 0x7f74344a7df1: not taken
+CND+ 0x7f74344a7e0c: not taken
@0x7f7434496050 to 0x7f7437fcfa30 4
@0x7f7434496080 to 0x7f7437f6f330 2
@0x7f7434496090 to 0x7f7438011710 1
@0x7f74344960a0 to 0x7f7437fe7e70 5
@0x7f74344960d0 to 0x7f7437f82a20 7
@0x7f74344960f0 to 0x7f74380a6800 4
@0x7f7434496130 to 0x7f74380121e0 1
@0x7f7434496140 to 0x7f7437f86c10 1
@0x7f7434496150 to 0x7f7438034800 4
@0x7f7434496160 to 0x7f7438011230 1
@0x7f7434496190 to 0x7f74380a6bc0 8
@0x7f74344961c0 to 0x7f7438012200 1
@0x7f74344961e0 to 0x7f74380a65d0 1
@0x7f7434496220 to 0x7f7438012210 2
@0x7f7434496230 to 0x7f7438035b10 1
@0x7f743449816e to 0x7f74344981c0 1
@0x7f7434496280 to 0x7f74380a1d10 12
@0x7f74344962a0 to 0x7f7437f82450 4
@0x7f74344981ac to 0x7f7434498e90 1
@0x7f74344962d0 to 0x7f74380a2100 9
@0x7f7434496320 to 0x7f7437f830f0 4
@0x7f7434496330 to 0x7f74380a7100 6
@0x7f7434496350 to 0x7f7438012220 1
@0x7f7434496370 to 0x7f7438034800 2
@0x7f7434496390 to 0x7f7437fcf3e0 23
@0x7f74344963b0 to 0x7f7438012230 1
@0x7f74344963c0 to 0x7f74380a1e90 24
@0x7f74344963e0 to 0x7f7438052ba0 1
@0x7f7434496410 to 0x7f7437fcfc80 1
@0x7f7434496460 to 0x7f74380a70e0 14
@0x7f7434496510 to 0x7f74380121f0 1
@0x7f7434496560 to 0x7f74380114e0 1
@0x7f7434496570 to 0x7f7437f7b580 191
@0x7f74344a1f91 to 0x7f74344a2075 1
@0x7f7434496784 to 0x7f7437f6efb0 1
@0x7f74344a7e01 to 0x7f7434496840 1
@0x7f74344a455f to 0x7f74344a4580 1
@0x7f74344a455f to 0x7f74344a45c0 1
@0x7f74344a455f to 0x7f74344a45a8 2
@0x7f74344a28af to 0x7f74344a2a01 201
@0x7f74344a28af to 0x7f74344a29f0 11
@0x7f74344a28af to 0x7f74344a2a28 1
@0x7f74344a6c19 to 0x7f743449a7d0 1
@0x7f74344a6c19 to 0x7f74344a1120 1
