MODULE_NAME: /usr/bin/gs
MODULE_START: 0x7fec9e9d2000
+B+: 0x7fec9e9d3000 0x7fec9e9d300f
+B+: 0x7fec9e9d3012 0x7fec9e9d3016
+B+: 0x7fec9e9d3020 0x7fec9e9d302b
+B+: 0x7fec9e9d3030 0x7fec9e9d3035
+B+: 0x7fec9e9d3036 0x7fec9e9d303f
+B+: 0x7fec9e9d3040 0x7fec9e9d3045
+B+: 0x7fec9e9d3046 0x7fec9e9d304f
+B+: 0x7fec9e9d3050 0x7fec9e9d3055
+B+: 0x7fec9e9d3056 0x7fec9e9d305f
+B+: 0x7fec9e9d30b0 0x7fec9e9d30b5
+B+: 0x7fec9e9d30b6 0x7fec9e9d30bf
+B+: 0x7fec9e9d30c0 0x7fec9e9d30c5
+B+: 0x7fec9e9d30c6 0x7fec9e9d30cf
+B+: 0x7fec9e9d30e0 0x7fec9e9d30e5
+B+: 0x7fec9e9d30f0 0x7fec9e9d3121
+B+: 0x7fec9e9d3122 0x7fec9e9d3127
+B+: 0x7fec9e9d3128 0x7fec9e9d3130
+B+: 0x7fec9e9d3131 0x7fec9e9d3132
+B+: 0x7fec9e9d3133 0x7fec9e9d3137
+B+: 0x7fec9e9d313d 0x7fec9e9d3152
+B+: 0x7fec9e9d3153 0x7fec9e9d315b
+B+: 0x7fec9e9d3178 0x7fec9e9d3183
+B+: 0x7fec9e9d3184 0x7fec9e9d31a2
+B+: 0x7fec9e9d31a3 0x7fec9e9d31b1
+B+: 0x7fec9e9d31b2 0x7fec9e9d31b7
+B+: 0x7fec9e9d31b8 0x7fec9e9d31c1
+B+: 0x7fec9e9d31c2 0x7fec9e9d31c5
+B+: 0x7fec9e9d31c6 0x7fec9e9d31ca
+B+: 0x7fec9e9d31cb 0x7fec9e9d31d6
+B+: 0x7fec9e9d31d7 0x7fec9e9d31db
+B+: 0x7fec9e9d31dc 0x7fec9e9d31e0
+B+: 0x7fec9e9d3213 0x7fec9e9d3216
+B+: 0x7fec9e9d3220 0x7fec9e9d3249
+B+: 0x7fec9e9d3250 0x7fec9e9d3262
+B+: 0x7fec9e9d3278 0x7fec9e9d3278
+B+: 0x7fec9e9d3280 0x7fec9e9d32a3
+B+: 0x7fec9e9d32b8 0x7fec9e9d32b8
+B+: 0x7fec9e9d32c0 0x7fec9e9d32c8
+B+: 0x7fec9e9d32c9 0x7fec9e9d32d6
+B+: 0x7fec9e9d32d7 0x7fec9e9d32e2
+B+: 0x7fec9e9d32e3 0x7fec9e9d32e7
+B+: 0x7fec9e9d32e8 0x7fec9e9d32f0
+B+: 0x7fec9e9d3300 0x7fec9e9d3304
+B+: 0x7fec9e9d33c0 0x7fec9e9d33ec
+B+: 0x7fec9e9d33ed 0x7fec9e9d33f2
+B+: 0x7fec9e9d33f3 0x7fec9e9d3404
+B+: 0x7fec9e9d3405 0x7fec9e9d340d
+B+: 0x7fec9e9d340e 0x7fec9e9d341c
+B+: 0x7fec9e9d3424 0x7fec9e9d342c
+CND+ 0x7fec9e9d300e: taken
+CND+ 0x7fec9e9d3126: taken
+CND+ 0x7fec9e9d312b: not taken
+CND+ 0x7fec9e9d3131: not taken
+CND+ 0x7fec9e9d3136: taken
+CND+ 0x7fec9e9d314d: not taken
+CND+ 0x7fec9e9d31b6: not taken
+CND+ 0x7fec9e9d31c4: not taken
+CND+ 0x7fec9e9d31c9: taken
+CND+ 0x7fec9e9d31df: taken
+CND+ 0x7fec9e9d3261: taken
+CND+ 0x7fec9e9d32a2: taken
+CND+ 0x7fec9e9d32c7: not taken
+CND+ 0x7fec9e9d32d5: not taken
+CND+ 0x7fec9e9d33f1: not taken
+CND+ 0x7fec9e9d340c: not taken
@0x7fec9e9d3026 to 0x7feca29c2500 5
@0x7fec9e9d3030 to 0x7fec9e9d3036 1
@0x7fec9e9d3040 to 0x7fec9e9d3046 1
@0x7fec9e9d3050 to 0x7fec9e9d3056 1
@0x7fec9e9d30b0 to 0x7fec9e9d30b6 1
@0x7fec9e9d30c0 to 0x7fec9e9d30c6 1
@0x7fec9e9d30e0 to 0x7feca15281c0 1
@0x7fec9e9d3244 to 0x7feca1511fb0 1
@0x7fec9e9d3401 to 0x7fec9e9d3300 1
