MODULE_NAME: /usr/bin/gs
MODULE_START: 0x7f09ab38b000
+B+: 0x7f09ab38c000 0x7f09ab38c00f
+B+: 0x7f09ab38c012 0x7f09ab38c016
+B+: 0x7f09ab38c020 0x7f09ab38c02b
+B+: 0x7f09ab38c030 0x7f09ab38c035
+B+: 0x7f09ab38c036 0x7f09ab38c03f
+B+: 0x7f09ab38c040 0x7f09ab38c045
+B+: 0x7f09ab38c046 0x7f09ab38c04f
+B+: 0x7f09ab38c050 0x7f09ab38c055
+B+: 0x7f09ab38c056 0x7f09ab38c05f
+B+: 0x7f09ab38c090 0x7f09ab38c095
+B+: 0x7f09ab38c096 0x7f09ab38c09f
+B+: 0x7f09ab38c0b0 0x7f09ab38c0b5
+B+: 0x7f09ab38c0b6 0x7f09ab38c0bf
+B+: 0x7f09ab38c0c0 0x7f09ab38c0c5
+B+: 0x7f09ab38c0c6 0x7f09ab38c0cf
+B+: 0x7f09ab38c0d0 0x7f09ab38c0d5
+B+: 0x7f09ab38c0d6 0x7f09ab38c0df
+B+: 0x7f09ab38c0e0 0x7f09ab38c0e5
+B+: 0x7f09ab38c0f0 0x7f09ab38c121
+B+: 0x7f09ab38c122 0x7f09ab38c127
+B+: 0x7f09ab38c128 0x7f09ab38c130
+B+: 0x7f09ab38c131 0x7f09ab38c132
+B+: 0x7f09ab38c133 0x7f09ab38c137
+B+: 0x7f09ab38c138 0x7f09ab38c152
+B+: 0x7f09ab38c153 0x7f09ab38c15b
+B+: 0x7f09ab38c184 0x7f09ab38c1a2
+B+: 0x7f09ab38c1a3 0x7f09ab38c1b1
+B+: 0x7f09ab38c1b2 0x7f09ab38c1b7
+B+: 0x7f09ab38c1b8 0x7f09ab38c1c1
+B+: 0x7f09ab38c1c2 0x7f09ab38c1c5
+B+: 0x7f09ab38c1c6 0x7f09ab38c1ca
+B+: 0x7f09ab38c1cb 0x7f09ab38c1d6
+B+: 0x7f09ab38c1d7 0x7f09ab38c1db
+B+: 0x7f09ab38c220 0x7f09ab38c249
+B+: 0x7f09ab38c250 0x7f09ab38c262
+B+: 0x7f09ab38c278 0x7f09ab38c278
+B+: 0x7f09ab38c280 0x7f09ab38c2a3
+B+: 0x7f09ab38c2b8 0x7f09ab38c2b8
+B+: 0x7f09ab38c2c0 0x7f09ab38c2c8
+B+: 0x7f09ab38c2c9 0x7f09ab38c2d6
+B+: 0x7f09ab38c2d7 0x7f09ab38c2e2
+B+: 0x7f09ab38c2e3 0x7f09ab38c2e7
+B+: 0x7f09ab38c2e8 0x7f09ab38c2f0
+B+: 0x7f09ab38c300 0x7f09ab38c304
+B+: 0x7f09ab38c350 0x7f09ab38c373
+B+: 0x7f09ab38c374 0x7f09ab38c37c
+B+: 0x7f09ab38c37d 0x7f09ab38c385
+B+: 0x7f09ab38c3c0 0x7f09ab38c3ec
+B+: 0x7f09ab38c3ed 0x7f09ab38c3f2
+B+: 0x7f09ab38c3f3 0x7f09ab38c404
+B+: 0x7f09ab38c405 0x7f09ab38c40d
+B+: 0x7f09ab38c40e 0x7f09ab38c41c
+B+: 0x7f09ab38c424 0x7f09ab38c42c
+CND+ 0x7f09ab38c00e: taken
+CND+ 0x7f09ab38c126: taken
+CND+ 0x7f09ab38c12b: not taken
+CND+ 0x7f09ab38c131: not taken
+CND+ 0x7f09ab38c136: not taken
+CND+ 0x7f09ab38c14d: not taken
+CND+ 0x7f09ab38c1b6: not taken
+CND+ 0x7f09ab38c1c4: not taken
+CND+ 0x7f09ab38c1c9: not taken
+CND+ 0x7f09ab38c261: taken
+CND+ 0x7f09ab38c2a2: taken
+CND+ 0x7f09ab38c2c7: not taken
+CND+ 0x7f09ab38c2d5: not taken
+CND+ 0x7f09ab38c3f1: not taken
+CND+ 0x7f09ab38c40c: not taken
@0x7f09ab38c026 to 0x7f09af37b500 7
@0x7f09ab38c030 to 0x7f09ab38c036 1
@0x7f09ab38c040 to 0x7f09ab38c046 1
@0x7f09ab38c050 to 0x7f09ab38c056 1
@0x7f09ab38c090 to 0x7f09ab38c096 1
@0x7f09ab38c0b0 to 0x7f09ab38c0b6 1
@0x7f09ab38c0c0 to 0x7f09ab38c0c6 1
@0x7f09ab38c0d0 to 0x7f09ab38c0d6 1
@0x7f09ab38c0e0 to 0x7f09adee11c0 1
@0x7f09ab38c244 to 0x7f09adecafb0 1
@0x7f09ab38c401 to 0x7f09ab38c300 1
