MODULE_NAME: /bin/dash
MODULE_START: 0x7f9876f62000
+B+: 0x7f9876f66000 0x7f9876f6600f
+B+: 0x7f9876f66012 0x7f9876f66016
+B+: 0x7f9876f66050 0x7f9876f66055
+B+: 0x7f9876f66080 0x7f9876f66085
+B+: 0x7f9876f66090 0x7f9876f66095
+B+: 0x7f9876f660a0 0x7f9876f660a5
+B+: 0x7f9876f660d0 0x7f9876f660d5
+B+: 0x7f9876f660f0 0x7f9876f660f5
+B+: 0x7f9876f66130 0x7f9876f66135
+B+: 0x7f9876f66140 0x7f9876f66145
+B+: 0x7f9876f66150 0x7f9876f66155
+B+: 0x7f9876f66160 0x7f9876f66165
+B+: 0x7f9876f66190 0x7f9876f66195
+B+: 0x7f9876f661c0 0x7f9876f661c5
+B+: 0x7f9876f661e0 0x7f9876f661e5
+B+: 0x7f9876f66220 0x7f9876f66225
+B+: 0x7f9876f66230 0x7f9876f66235
+B+: 0x7f9876f66280 0x7f9876f66285
+B+: 0x7f9876f662a0 0x7f9876f662a5
+B+: 0x7f9876f662d0 0x7f9876f662d5
+B+: 0x7f9876f66320 0x7f9876f66325
+B+: 0x7f9876f66330 0x7f9876f66335
+B+: 0x7f9876f66350 0x7f9876f66355
+B+: 0x7f9876f66370 0x7f9876f66375
+B+: 0x7f9876f66390 0x7f9876f66395
+B+: 0x7f9876f663b0 0x7f9876f663b5
+B+: 0x7f9876f663c0 0x7f9876f663c5
+B+: 0x7f9876f663e0 0x7f9876f663e5
+B+: 0x7f9876f66410 0x7f9876f66415
+B+: 0x7f9876f66460 0x7f9876f66465
+B+: 0x7f9876f66510 0x7f9876f66515
+B+: 0x7f9876f66560 0x7f9876f66565
+B+: 0x7f9876f66570 0x7f9876f66575
+B+: 0x7f9876f66590 0x7f9876f665b8
+B+: 0x7f9876f665b9 0x7f9876f665c4
+B+: 0x7f9876f665c5 0x7f9876f665cf
+B+: 0x7f9876f665d0 0x7f9876f665e7
+B+: 0x7f9876f665e8 0x7f9876f665ef
+B+: 0x7f9876f665f0 0x7f9876f66600
+B+: 0x7f9876f66601 0x7f9876f6660b
+B+: 0x7f9876f6660c 0x7f9876f66615
+B+: 0x7f9876f66616 0x7f9876f66623
+B+: 0x7f9876f66624 0x7f9876f6662b
+B+: 0x7f9876f6662c 0x7f9876f6663c
+B+: 0x7f9876f66657 0x7f9876f66660
+B+: 0x7f9876f66661 0x7f9876f66678
+B+: 0x7f9876f66679 0x7f9876f6667f
+B+: 0x7f9876f66680 0x7f9876f6668c
+B+: 0x7f9876f6668d 0x7f9876f66696
+B+: 0x7f9876f66697 0x7f9876f6669b
+B+: 0x7f9876f66760 0x7f9876f66789
+B+: 0x7f9876f667c0 0x7f9876f667e3
+B+: 0x7f9876f667f8 0x7f9876f667f8
+B+: 0x7f9876f66840 0x7f9876f66844
+B+: 0x7f9876f66850 0x7f9876f66863
+B+: 0x7f9876f66864 0x7f9876f6686f
+B+: 0x7f9876f66870 0x7f9876f6687d
+B+: 0x7f9876f6687e 0x7f9876f668aa
+B+: 0x7f9876f668ab 0x7f9876f668ac
+B+: 0x7f9876f668cb 0x7f9876f668d2
+B+: 0x7f9876f66a50 0x7f9876f66a57
+B+: 0x7f9876f66a58 0x7f9876f66a5e
+B+: 0x7f9876f66a5f 0x7f9876f66a63
+B+: 0x7f9876f66a71 0x7f9876f66a72
+B+: 0x7f9876f676d0 0x7f9876f676eb
+B+: 0x7f9876f676ec 0x7f9876f67705
+B+: 0x7f9876f67717 0x7f9876f6771b
+B+: 0x7f9876f6771c 0x7f9876f67720
+B+: 0x7f9876f6772c 0x7f9876f67730
+B+: 0x7f9876f6773e 0x7f9876f6774d
+B+: 0x7f9876f6774e 0x7f9876f67757
+B+: 0x7f9876f67758 0x7f9876f67775
+B+: 0x7f9876f67780 0x7f9876f67788
+B+: 0x7f9876f67789 0x7f9876f67790
+B+: 0x7f9876f67791 0x7f9876f6779c
+B+: 0x7f9876f68060 0x7f9876f6807e
+B+: 0x7f9876f6810d 0x7f9876f6811c
+B+: 0x7f9876f6811d 0x7f9876f68123
+B+: 0x7f9876f68140 0x7f9876f6814a
+B+: 0x7f9876f6814b 0x7f9876f68152
+B+: 0x7f9876f68153 0x7f9876f6815d
+B+: 0x7f9876f6815e 0x7f9876f6816f
+B+: 0x7f9876f68188 0x7f9876f6818c
+B+: 0x7f9876f6818d 0x7f9876f68191
+B+: 0x7f9876f68192 0x7f9876f6819c
+B+: 0x7f9876f681a7 0x7f9876f681ad
+B+: 0x7f9876f681ae 0x7f9876f681b5
+B+: 0x7f9876f681c0 0x7f9876f681cf
+B+: 0x7f9876f68bc0 0x7f9876f68bfa
+B+: 0x7f9876f68bfb 0x7f9876f68c07
+B+: 0x7f9876f68c08 0x7f9876f68c0f
+B+: 0x7f9876f68c10 0x7f9876f68c11
+B+: 0x7f9876f68c18 0x7f9876f68c21
+B+: 0x7f9876f68c22 0x7f9876f68c2e
+B+: 0x7f9876f68c32 0x7f9876f68c39
+B+: 0x7f9876f68c3a 0x7f9876f68c49
+B+: 0x7f9876f68c4a 0x7f9876f68c51
+B+: 0x7f9876f68c52 0x7f9876f68c58
+B+: 0x7f9876f68c59 0x7f9876f68c60
+B+: 0x7f9876f68c61 0x7f9876f68c68
+B+: 0x7f9876f68c69 0x7f9876f68c6d
+B+: 0x7f9876f68c6e 0x7f9876f68c77
+B+: 0x7f9876f68c78 0x7f9876f68c89
+B+: 0x7f9876f68c8a 0x7f9876f68c98
+B+: 0x7f9876f68e90 0x7f9876f68ed3
+B+: 0x7f9876f68edf 0x7f9876f68ef5
+B+: 0x7f9876f68ef6 0x7f9876f68efa
+B+: 0x7f9876f68efb 0x7f9876f68f5a
+B+: 0x7f9876f68f5b 0x7f9876f68f67
+B+: 0x7f9876f68f68 0x7f9876f68f77
+B+: 0x7f9876f68f78 0x7f9876f68f7f
+B+: 0x7f9876f68f80 0x7f9876f68f8b
+B+: 0x7f9876f68f8c 0x7f9876f68f94
+B+: 0x7f9876f68f95 0x7f9876f68f9b
+B+: 0x7f9876f68fa0 0x7f9876f68faf
+B+: 0x7f9876f68fb0 0x7f9876f68fc5
+B+: 0x7f9876f68fc6 0x7f9876f68fcf
+B+: 0x7f9876f68fd0 0x7f9876f68fe3
+B+: 0x7f9876f68fe4 0x7f9876f68ffc
+B+: 0x7f9876f69019 0x7f9876f6902b
+B+: 0x7f9876f6902c 0x7f9876f69034
+B+: 0x7f9876f69035 0x7f9876f69047
+B+: 0x7f9876f69048 0x7f9876f6905b
+B+: 0x7f9876f690a8 0x7f9876f690b4
+B+: 0x7f9876f690b5 0x7f9876f690b9
+B+: 0x7f9876f690db 0x7f9876f690e1
+B+: 0x7f9876f690f0 0x7f9876f69103
+B+: 0x7f9876f69104 0x7f9876f69113
+B+: 0x7f9876f69114 0x7f9876f6911b
+B+: 0x7f9876f6911c 0x7f9876f69122
+B+: 0x7f9876f69123 0x7f9876f69152
+B+: 0x7f9876f69153 0x7f9876f6915f
+B+: 0x7f9876f69160 0x7f9876f69168
+B+: 0x7f9876f69216 0x7f9876f6921c
+B+: 0x7f9876f69224 0x7f9876f6922d
+B+: 0x7f9876f6922e 0x7f9876f69237
+B+: 0x7f9876f69238 0x7f9876f69241
+B+: 0x7f9876f69242 0x7f9876f6924b
+B+: 0x7f9876f6925d 0x7f9876f69266
+B+: 0x7f9876f69267 0x7f9876f69281
+B+: 0x7f9876f69282 0x7f9876f69293
+B+: 0x7f9876f6934c 0x7f9876f69353
+B+: 0x7f9876f69354 0x7f9876f6936f
+B+: 0x7f9876f6951b 0x7f9876f69525
+B+: 0x7f9876f69526 0x7f9876f6952e
+B+: 0x7f9876f6952f 0x7f9876f69537
+B+: 0x7f9876f698d0 0x7f9876f698ec
+B+: 0x7f9876f698ed 0x7f9876f698f1
+B+: 0x7f9876f698f8 0x7f9876f698fa
+B+: 0x7f9876f698fb 0x7f9876f69907
+B+: 0x7f9876f69908 0x7f9876f6993e
+B+: 0x7f9876f6993f 0x7f9876f69940
+B+: 0x7f9876f69963 0x7f9876f69977
+B+: 0x7f9876f69980 0x7f9876f69986
+B+: 0x7f9876f69987 0x7f9876f6998e
+B+: 0x7f9876f6998f 0x7f9876f69997
+B+: 0x7f9876f69998 0x7f9876f699ba
+B+: 0x7f9876f699bb 0x7f9876f699bc
+B+: 0x7f9876f699c0 0x7f9876f699e7
+B+: 0x7f9876f699e8 0x7f9876f699f7
+B+: 0x7f9876f69a19 0x7f9876f69a21
+B+: 0x7f9876f69a22 0x7f9876f69a2a
+B+: 0x7f9876f69a2b 0x7f9876f69a34
+B+: 0x7f9876f69a35 0x7f9876f69a3f
+B+: 0x7f9876f69ad0 0x7f9876f69ae9
+B+: 0x7f9876f69aea 0x7f9876f69b00
+B+: 0x7f9876f69b10 0x7f9876f69b1f
+B+: 0x7f9876f69b20 0x7f9876f69b2b
+B+: 0x7f9876f69b2c 0x7f9876f69b31
+B+: 0x7f9876f69b32 0x7f9876f69b41
+B+: 0x7f9876f69b56 0x7f9876f69b61
+B+: 0x7f9876f69b62 0x7f9876f69b6f
+B+: 0x7f9876f69b70 0x7f9876f69b85
+B+: 0x7f9876f69b86 0x7f9876f69b97
+B+: 0x7f9876f69b98 0x7f9876f69bc0
+B+: 0x7f9876f69bc8 0x7f9876f69bcc
+B+: 0x7f9876f69bcd 0x7f9876f69bea
+B+: 0x7f9876f69d70 0x7f9876f69d98
+B+: 0x7f9876f69da0 0x7f9876f69da1
+B+: 0x7f9876f69da2 0x7f9876f69daa
+B+: 0x7f9876f69dab 0x7f9876f69dc5
+B+: 0x7f9876f69dc6 0x7f9876f69dc9
+B+: 0x7f9876f69dca 0x7f9876f69dd1
+B+: 0x7f9876f69dd2 0x7f9876f69de6
+B+: 0x7f9876f69df0 0x7f9876f69e2a
+B+: 0x7f9876f69e2b 0x7f9876f69e2f
+B+: 0x7f9876f69e46 0x7f9876f69e5c
+B+: 0x7f9876f69e5d 0x7f9876f69e6e
+B+: 0x7f9876f69e90 0x7f9876f69ead
+B+: 0x7f9876f69ec8 0x7f9876f69ed1
+B+: 0x7f9876f69ed2 0x7f9876f69edd
+B+: 0x7f9876f69f6c 0x7f9876f69f8f
+B+: 0x7f9876f69f90 0x7f9876f69f9c
+B+: 0x7f9876f69f9d 0x7f9876f69fa8
+B+: 0x7f9876f69fa9 0x7f9876f69fb0
+B+: 0x7f9876f69fb1 0x7f9876f69fc5
+B+: 0x7f9876f6a008 0x7f9876f6a012
+B+: 0x7f9876f6a013 0x7f9876f6a01e
+B+: 0x7f9876f6a01f 0x7f9876f6a02e
+B+: 0x7f9876f6a060 0x7f9876f6a066
+B+: 0x7f9876f6a067 0x7f9876f6a074
+B+: 0x7f9876f6a075 0x7f9876f6a086
+B+: 0x7f9876f6a087 0x7f9876f6a08e
+B+: 0x7f9876f6a08f 0x7f9876f6a0a2
+B+: 0x7f9876f6a0a3 0x7f9876f6a0b0
+B+: 0x7f9876f6a100 0x7f9876f6a116
+B+: 0x7f9876f6a145 0x7f9876f6a14d
+B+: 0x7f9876f6a14e 0x7f9876f6a157
+B+: 0x7f9876f6a160 0x7f9876f6a166
+B+: 0x7f9876f6a1c0 0x7f9876f6a1d1
+B+: 0x7f9876f6a1e8 0x7f9876f6a1ef
+B+: 0x7f9876f6a248 0x7f9876f6a25b
+B+: 0x7f9876f6a25c 0x7f9876f6a271
+B+: 0x7f9876f6a7d0 0x7f9876f6a7ff
+B+: 0x7f9876f6a80f 0x7f9876f6a812
+B+: 0x7f9876f6a813 0x7f9876f6a81c
+B+: 0x7f9876f6a81d 0x7f9876f6a820
+B+: 0x7f9876f6a821 0x7f9876f6a82f
+B+: 0x7f9876f6a830 0x7f9876f6a83a
+B+: 0x7f9876f6a84f 0x7f9876f6a85a
+B+: 0x7f9876f6a85f 0x7f9876f6a862
+B+: 0x7f9876f6a870 0x7f9876f6a877
+B+: 0x7f9876f6a878 0x7f9876f6a88d
+B+: 0x7f9876f6b440 0x7f9876f6b464
+B+: 0x7f9876f6b61e 0x7f9876f6b627
+B+: 0x7f9876f6b628 0x7f9876f6b631
+B+: 0x7f9876f6b632 0x7f9876f6b659
+B+: 0x7f9876f6b6af 0x7f9876f6b6bc
+B+: 0x7f9876f6b6c0 0x7f9876f6b6cb
+B+: 0x7f9876f6b730 0x7f9876f6b73b
+B+: 0x7f9876f6b740 0x7f9876f6b75e
+B+: 0x7f9876f6b75f 0x7f9876f6b767
+B+: 0x7f9876f6b7d2 0x7f9876f6b7e3
+B+: 0x7f9876f6b8a0 0x7f9876f6b8a7
+B+: 0x7f9876f6c260 0x7f9876f6c2a5
+B+: 0x7f9876f6c2b5 0x7f9876f6c2be
+B+: 0x7f9876f6c2bf 0x7f9876f6c2d2
+B+: 0x7f9876f6c2d3 0x7f9876f6c2fc
+B+: 0x7f9876f6c2fd 0x7f9876f6c310
+B+: 0x7f9876f6c324 0x7f9876f6c328
+B+: 0x7f9876f6c336 0x7f9876f6c33f
+B+: 0x7f9876f6c340 0x7f9876f6c344
+B+: 0x7f9876f6c370 0x7f9876f6c386
+B+: 0x7f9876f6c387 0x7f9876f6c398
+B+: 0x7f9876f6c3a0 0x7f9876f6c3b6
+B+: 0x7f9876f6c3b7 0x7f9876f6c3d7
+B+: 0x7f9876f6c3dd 0x7f9876f6c3ec
+B+: 0x7f9876f6c850 0x7f9876f6c886
+B+: 0x7f9876f6c887 0x7f9876f6c89a
+B+: 0x7f9876f6c89b 0x7f9876f6c8ad
+B+: 0x7f9876f6c8ae 0x7f9876f6c8c4
+B+: 0x7f9876f6c8c5 0x7f9876f6c8d7
+B+: 0x7f9876f6c8d8 0x7f9876f6c8e7
+B+: 0x7f9876f6c8e8 0x7f9876f6c90c
+B+: 0x7f9876f6c90d 0x7f9876f6c915
+B+: 0x7f9876f6c924 0x7f9876f6c933
+B+: 0x7f9876f6c934 0x7f9876f6c947
+B+: 0x7f9876f6c948 0x7f9876f6c954
+B+: 0x7f9876f6c955 0x7f9876f6c95f
+B+: 0x7f9876f6c960 0x7f9876f6c964
+B+: 0x7f9876f6ca6a 0x7f9876f6ca7c
+B+: 0x7f9876f6ca7d 0x7f9876f6ca9c
+B+: 0x7f9876f6cba0 0x7f9876f6cbad
+B+: 0x7f9876f6cbae 0x7f9876f6cbe1
+B+: 0x7f9876f6cbf0 0x7f9876f6cbfb
+B+: 0x7f9876f6cdb0 0x7f9876f6cdbd
+B+: 0x7f9876f6cdbe 0x7f9876f6cdca
+B+: 0x7f9876f6cdcb 0x7f9876f6cde3
+B+: 0x7f9876f6cde8 0x7f9876f6cdf4
+B+: 0x7f9876f6cdf8 0x7f9876f6ce04
+B+: 0x7f9876f6ce05 0x7f9876f6ce12
+B+: 0x7f9876f6ce13 0x7f9876f6ce1d
+B+: 0x7f9876f6ceb4 0x7f9876f6cec1
+B+: 0x7f9876f6d160 0x7f9876f6d174
+B+: 0x7f9876f6d175 0x7f9876f6d187
+B+: 0x7f9876f6d188 0x7f9876f6d1a2
+B+: 0x7f9876f6d1a3 0x7f9876f6d1ac
+B+: 0x7f9876f6d1ad 0x7f9876f6d1b3
+B+: 0x7f9876f6d1d0 0x7f9876f6d1e5
+B+: 0x7f9876f6d1eb 0x7f9876f6d1f3
+B+: 0x7f9876f6d205 0x7f9876f6d20b
+B+: 0x7f9876f6d20c 0x7f9876f6d21d
+B+: 0x7f9876f6d21e 0x7f9876f6d226
+B+: 0x7f9876f6d227 0x7f9876f6d230
+B+: 0x7f9876f6d231 0x7f9876f6d232
+B+: 0x7f9876f6d240 0x7f9876f6d248
+B+: 0x7f9876f6d260 0x7f9876f6d260
+B+: 0x7f9876f6d520 0x7f9876f6d534
+B+: 0x7f9876f6d572 0x7f9876f6d578
+B+: 0x7f9876f6d580 0x7f9876f6d583
+B+: 0x7f9876f6d610 0x7f9876f6d656
+B+: 0x7f9876f6d65b 0x7f9876f6d686
+B+: 0x7f9876f6d687 0x7f9876f6d69d
+B+: 0x7f9876f6d6fc 0x7f9876f6d708
+B+: 0x7f9876f6d709 0x7f9876f6d711
+B+: 0x7f9876f6d712 0x7f9876f6d72a
+B+: 0x7f9876f6d72b 0x7f9876f6d73c
+B+: 0x7f9876f6d740 0x7f9876f6d747
+B+: 0x7f9876f6d748 0x7f9876f6d75f
+B+: 0x7f9876f6d760 0x7f9876f6d766
+B+: 0x7f9876f6d767 0x7f9876f6d780
+B+: 0x7f9876f6d790 0x7f9876f6d793
+B+: 0x7f9876f6d794 0x7f9876f6d798
+B+: 0x7f9876f6d7a2 0x7f9876f6d7aa
+B+: 0x7f9876f6d7ab 0x7f9876f6d7ae
+B+: 0x7f9876f6d7af 0x7f9876f6d7bd
+B+: 0x7f9876f6d7cb 0x7f9876f6d7d3
+B+: 0x7f9876f6d825 0x7f9876f6d841
+B+: 0x7f9876f6d842 0x7f9876f6d84d
+B+: 0x7f9876f6d87e 0x7f9876f6d88e
+B+: 0x7f9876f6d88f 0x7f9876f6d8a0
+B+: 0x7f9876f6d8a1 0x7f9876f6d8ad
+B+: 0x7f9876f6dc10 0x7f9876f6dc30
+B+: 0x7f9876f6dc31 0x7f9876f6dc58
+B+: 0x7f9876f6dc5e 0x7f9876f6dc66
+B+: 0x7f9876f6dc67 0x7f9876f6dc6f
+B+: 0x7f9876f6dc78 0x7f9876f6dc87
+B+: 0x7f9876f6dc88 0x7f9876f6dc89
+B+: 0x7f9876f6dca0 0x7f9876f6dcaf
+B+: 0x7f9876f6dcba 0x7f9876f6dcc4
+B+: 0x7f9876f6dce0 0x7f9876f6dce8
+B+: 0x7f9876f6e360 0x7f9876f6e36b
+B+: 0x7f9876f6e480 0x7f9876f6e480
+B+: 0x7f9876f6e9c0 0x7f9876f6e9db
+B+: 0x7f9876f6ea16 0x7f9876f6ea32
+B+: 0x7f9876f6ea33 0x7f9876f6ea52
+B+: 0x7f9876f6ea63 0x7f9876f6ea6a
+B+: 0x7f9876f6ea90 0x7f9876f6eaa6
+B+: 0x7f9876f6eaa7 0x7f9876f6eaae
+B+: 0x7f9876f6eaaf 0x7f9876f6eab6
+B+: 0x7f9876f6eaf6 0x7f9876f6eb01
+B+: 0x7f9876f6eb0c 0x7f9876f6eb34
+B+: 0x7f9876f6eb40 0x7f9876f6eb57
+B+: 0x7f9876f6eb58 0x7f9876f6eb5f
+B+: 0x7f9876f6eb60 0x7f9876f6eb67
+B+: 0x7f9876f6eb68 0x7f9876f6eb70
+B+: 0x7f9876f6eb71 0x7f9876f6eb7a
+B+: 0x7f9876f6eb7b 0x7f9876f6eb80
+B+: 0x7f9876f6eb97 0x7f9876f6eb9c
+B+: 0x7f9876f6ec0a 0x7f9876f6ec3d
+B+: 0x7f9876f6ec47 0x7f9876f6ec53
+B+: 0x7f9876f6eed0 0x7f9876f6eede
+B+: 0x7f9876f6eedf 0x7f9876f6eee7
+B+: 0x7f9876f6eee8 0x7f9876f6eefc
+B+: 0x7f9876f6eefd 0x7f9876f6ef02
+B+: 0x7f9876f6ef03 0x7f9876f6ef1b
+B+: 0x7f9876f6ef1c 0x7f9876f6ef21
+B+: 0x7f9876f6ef22 0x7f9876f6ef2b
+B+: 0x7f9876f6efc0 0x7f9876f6efc7
+B+: 0x7f9876f6efc8 0x7f9876f6efd0
+B+: 0x7f9876f6f760 0x7f9876f6f768
+B+: 0x7f9876f6f769 0x7f9876f6f76d
+B+: 0x7f9876f6f76e 0x7f9876f6f772
+B+: 0x7f9876f6f780 0x7f9876f6f788
+B+: 0x7f9876f6f789 0x7f9876f6f78d
+B+: 0x7f9876f6f78e 0x7f9876f6f792
+B+: 0x7f9876f6f7c0 0x7f9876f6f7d9
+B+: 0x7f9876f6f7da 0x7f9876f6f7e6
+B+: 0x7f9876f6f7f7 0x7f9876f6f802
+B+: 0x7f9876f6f803 0x7f9876f6f80b
+B+: 0x7f9876f6f80c 0x7f9876f6f841
+B+: 0x7f9876f6f842 0x7f9876f6f84b
+B+: 0x7f9876f6f84c 0x7f9876f6f852
+B+: 0x7f9876f6f853 0x7f9876f6f875
+B+: 0x7f9876f6f880 0x7f9876f6f88e
+B+: 0x7f9876f6f8b0 0x7f9876f6f8c8
+B+: 0x7f9876f6f900 0x7f9876f6f941
+B+: 0x7f9876f6f950 0x7f9876f6f966
+B+: 0x7f9876f6f967 0x7f9876f6f97e
+B+: 0x7f9876f6f97f 0x7f9876f6f98a
+B+: 0x7f9876f6f98b 0x7f9876f6f9b3
+B+: 0x7f9876f6f9b4 0x7f9876f6f9bd
+B+: 0x7f9876f6f9be 0x7f9876f6f9bf
+B+: 0x7f9876f6f9d0 0x7f9876f6f9e8
+B+: 0x7f9876f6f9e9 0x7f9876f6fa14
+B+: 0x7f9876f6fa1e 0x7f9876f6fa25
+B+: 0x7f9876f6fa26 0x7f9876f6fa33
+B+: 0x7f9876f6fa34 0x7f9876f6fa46
+B+: 0x7f9876f6fae0 0x7f9876f6fafe
+B+: 0x7f9876f6faff 0x7f9876f6fb0c
+B+: 0x7f9876f6fb0d 0x7f9876f6fb1b
+B+: 0x7f9876f6fb1c 0x7f9876f6fb2c
+B+: 0x7f9876f6fb40 0x7f9876f6fb62
+B+: 0x7f9876f6fb98 0x7f9876f6fba9
+B+: 0x7f9876f706d0 0x7f9876f706f4
+B+: 0x7f9876f706f5 0x7f9876f7070d
+B+: 0x7f9876f7070e 0x7f9876f70712
+B+: 0x7f9876f70713 0x7f9876f7071e
+B+: 0x7f9876f7071f 0x7f9876f70723
+B+: 0x7f9876f70724 0x7f9876f70728
+B+: 0x7f9876f70729 0x7f9876f70730
+B+: 0x7f9876f7073c 0x7f9876f70749
+B+: 0x7f9876f7074a 0x7f9876f7074d
+B+: 0x7f9876f7074e 0x7f9876f70760
+B+: 0x7f9876f70761 0x7f9876f7076b
+B+: 0x7f9876f70790 0x7f9876f7079d
+B+: 0x7f9876f7079e 0x7f9876f707a5
+B+: 0x7f9876f707a6 0x7f9876f707a7
+B+: 0x7f9876f70890 0x7f9876f7089d
+B+: 0x7f9876f7089e 0x7f9876f708a9
+B+: 0x7f9876f708aa 0x7f9876f708bd
+B+: 0x7f9876f708c0 0x7f9876f708ca
+B+: 0x7f9876f708d0 0x7f9876f708ef
+B+: 0x7f9876f708f0 0x7f9876f708f4
+B+: 0x7f9876f708f5 0x7f9876f7090c
+B+: 0x7f9876f7090d 0x7f9876f70910
+B+: 0x7f9876f70911 0x7f9876f70912
+B+: 0x7f9876f70913 0x7f9876f7091b
+B+: 0x7f9876f7091c 0x7f9876f70930
+B+: 0x7f9876f70938 0x7f9876f7093c
+B+: 0x7f9876f70980 0x7f9876f7098f
+B+: 0x7f9876f70990 0x7f9876f7099b
+B+: 0x7f9876f7099c 0x7f9876f709ab
+B+: 0x7f9876f70a80 0x7f9876f70a93
+B+: 0x7f9876f70a94 0x7f9876f70aac
+B+: 0x7f9876f70aad 0x7f9876f70abf
+B+: 0x7f9876f70ac0 0x7f9876f70ada
+B+: 0x7f9876f70adb 0x7f9876f70ae3
+B+: 0x7f9876f70aec 0x7f9876f70af8
+B+: 0x7f9876f70af9 0x7f9876f70b02
+B+: 0x7f9876f70b03 0x7f9876f70b06
+B+: 0x7f9876f70b07 0x7f9876f70b1a
+B+: 0x7f9876f70c49 0x7f9876f70c55
+B+: 0x7f9876f70c56 0x7f9876f70c67
+B+: 0x7f9876f70c82 0x7f9876f70c93
+B+: 0x7f9876f70d77 0x7f9876f70d82
+B+: 0x7f9876f70da0 0x7f9876f70db2
+B+: 0x7f9876f70db3 0x7f9876f70ddf
+B+: 0x7f9876f70de0 0x7f9876f70deb
+B+: 0x7f9876f70dec 0x7f9876f70dfc
+B+: 0x7f9876f70dfd 0x7f9876f70e18
+B+: 0x7f9876f70e19 0x7f9876f70e25
+B+: 0x7f9876f70e26 0x7f9876f70e2e
+B+: 0x7f9876f70e2f 0x7f9876f70e3f
+B+: 0x7f9876f70e40 0x7f9876f70e44
+B+: 0x7f9876f70e45 0x7f9876f70e50
+B+: 0x7f9876f70e51 0x7f9876f70e5d
+B+: 0x7f9876f70e5e 0x7f9876f70e77
+B+: 0x7f9876f70ece 0x7f9876f70ed2
+B+: 0x7f9876f70ed3 0x7f9876f70ede
+B+: 0x7f9876f70ee0 0x7f9876f70eec
+B+: 0x7f9876f70f60 0x7f9876f70f7c
+B+: 0x7f9876f71120 0x7f9876f71128
+B+: 0x7f9876f71129 0x7f9876f71147
+B+: 0x7f9876f71750 0x7f9876f7175e
+B+: 0x7f9876f7175f 0x7f9876f71763
+B+: 0x7f9876f71764 0x7f9876f71770
+B+: 0x7f9876f71771 0x7f9876f71777
+B+: 0x7f9876f71778 0x7f9876f71783
+B+: 0x7f9876f71784 0x7f9876f71788
+B+: 0x7f9876f71789 0x7f9876f7178d
+B+: 0x7f9876f7178e 0x7f9876f71796
+B+: 0x7f9876f71797 0x7f9876f7179e
+B+: 0x7f9876f71890 0x7f9876f71892
+B+: 0x7f9876f718a7 0x7f9876f718ab
+B+: 0x7f9876f718ac 0x7f9876f718b2
+B+: 0x7f9876f718b3 0x7f9876f718b6
+B+: 0x7f9876f718d0 0x7f9876f718e1
+B+: 0x7f9876f718e2 0x7f9876f718e6
+B+: 0x7f9876f718e7 0x7f9876f718eb
+B+: 0x7f9876f718ec 0x7f9876f718f1
+B+: 0x7f9876f718f2 0x7f9876f718fa
+B+: 0x7f9876f718fb 0x7f9876f718fc
+B+: 0x7f9876f71940 0x7f9876f71948
+B+: 0x7f9876f71949 0x7f9876f71951
+B+: 0x7f9876f71980 0x7f9876f71988
+B+: 0x7f9876f71989 0x7f9876f7198a
+B+: 0x7f9876f7198b 0x7f9876f71991
+B+: 0x7f9876f71992 0x7f9876f719a2
+B+: 0x7f9876f719a8 0x7f9876f719ac
+B+: 0x7f9876f719eb 0x7f9876f71a00
+B+: 0x7f9876f71a08 0x7f9876f71a10
+B+: 0x7f9876f71af0 0x7f9876f71b11
+B+: 0x7f9876f71b12 0x7f9876f71b16
+B+: 0x7f9876f71b17 0x7f9876f71b1d
+B+: 0x7f9876f71b1e 0x7f9876f71b26
+B+: 0x7f9876f71b27 0x7f9876f71b34
+B+: 0x7f9876f71b35 0x7f9876f71b3c
+B+: 0x7f9876f71b3d 0x7f9876f71b49
+B+: 0x7f9876f71b4a 0x7f9876f71b5a
+B+: 0x7f9876f71b5b 0x7f9876f71b63
+B+: 0x7f9876f71b7f 0x7f9876f71b93
+B+: 0x7f9876f71b94 0x7f9876f71b9c
+B+: 0x7f9876f71be0 0x7f9876f71bf7
+B+: 0x7f9876f71bf8 0x7f9876f71c00
+B+: 0x7f9876f71c1b 0x7f9876f71c2b
+B+: 0x7f9876f71d40 0x7f9876f71d5e
+B+: 0x7f9876f71d5f 0x7f9876f71d6d
+B+: 0x7f9876f71d6e 0x7f9876f71d72
+B+: 0x7f9876f71d7d 0x7f9876f71d90
+B+: 0x7f9876f71d91 0x7f9876f71d95
+B+: 0x7f9876f71d96 0x7f9876f71d9a
+B+: 0x7f9876f71da0 0x7f9876f71da4
+B+: 0x7f9876f71dd5 0x7f9876f71dd9
+B+: 0x7f9876f71dda 0x7f9876f71dde
+B+: 0x7f9876f71df0 0x7f9876f71dfb
+B+: 0x7f9876f71dfc 0x7f9876f71e07
+B+: 0x7f9876f71e08 0x7f9876f71e10
+B+: 0x7f9876f71e2c 0x7f9876f71e30
+B+: 0x7f9876f71e31 0x7f9876f71e36
+B+: 0x7f9876f71e41 0x7f9876f71e45
+B+: 0x7f9876f71e46 0x7f9876f71e54
+B+: 0x7f9876f71e55 0x7f9876f71e5d
+B+: 0x7f9876f71e5e 0x7f9876f71e62
+B+: 0x7f9876f71e63 0x7f9876f71e74
+B+: 0x7f9876f71e78 0x7f9876f71e84
+B+: 0x7f9876f71ea0 0x7f9876f71ea4
+B+: 0x7f9876f71ef0 0x7f9876f71f03
+B+: 0x7f9876f71f40 0x7f9876f71f76
+B+: 0x7f9876f71f77 0x7f9876f71f82
+B+: 0x7f9876f71f83 0x7f9876f71f92
+B+: 0x7f9876f7201b 0x7f9876f72031
+B+: 0x7f9876f72032 0x7f9876f72040
+B+: 0x7f9876f72075 0x7f9876f720b8
+B+: 0x7f9876f720b9 0x7f9876f720c3
+B+: 0x7f9876f720c4 0x7f9876f720cc
+B+: 0x7f9876f720cd 0x7f9876f720d5
+B+: 0x7f9876f720d6 0x7f9876f720de
+B+: 0x7f9876f720df 0x7f9876f72106
+B+: 0x7f9876f72107 0x7f9876f72133
+B+: 0x7f9876f72578 0x7f9876f72581
+B+: 0x7f9876f72582 0x7f9876f725a8
+B+: 0x7f9876f725a9 0x7f9876f725b6
+B+: 0x7f9876f725d0 0x7f9876f725e0
+B+: 0x7f9876f725e1 0x7f9876f725ee
+B+: 0x7f9876f725ef 0x7f9876f725f3
+B+: 0x7f9876f72670 0x7f9876f7267e
+B+: 0x7f9876f7267f 0x7f9876f72683
+B+: 0x7f9876f72684 0x7f9876f72692
+B+: 0x7f9876f72693 0x7f9876f7269a
+B+: 0x7f9876f7269b 0x7f9876f726a2
+B+: 0x7f9876f726a3 0x7f9876f726b7
+B+: 0x7f9876f72790 0x7f9876f727bc
+B+: 0x7f9876f727bd 0x7f9876f727d4
+B+: 0x7f9876f727e0 0x7f9876f7283a
+B+: 0x7f9876f7283b 0x7f9876f72875
+B+: 0x7f9876f72876 0x7f9876f72893
+B+: 0x7f9876f72894 0x7f9876f728a3
+B+: 0x7f9876f728a4 0x7f9876f728b0
+B+: 0x7f9876f729b4 0x7f9876f729b8
+B+: 0x7f9876f729b9 0x7f9876f729cf
+B+: 0x7f9876f729d0 0x7f9876f729dc
+B+: 0x7f9876f729dd 0x7f9876f729ef
+B+: 0x7f9876f729f0 0x7f9876f729f7
+B+: 0x7f9876f72a01 0x7f9876f72a16
+B+: 0x7f9876f72a28 0x7f9876f72a3d
+B+: 0x7f9876f72a3e 0x7f9876f72a4d
+B+: 0x7f9876f72a79 0x7f9876f72a97
+B+: 0x7f9876f72a98 0x7f9876f72ac0
+B+: 0x7f9876f72ac1 0x7f9876f72acf
+B+: 0x7f9876f73148 0x7f9876f73154
+B+: 0x7f9876f73155 0x7f9876f73174
+B+: 0x7f9876f73175 0x7f9876f7317f
+B+: 0x7f9876f731ac 0x7f9876f731b0
+B+: 0x7f9876f731b1 0x7f9876f731b5
+B+: 0x7f9876f73a40 0x7f9876f73a64
+B+: 0x7f9876f73b10 0x7f9876f73b1a
+B+: 0x7f9876f73b40 0x7f9876f73b47
+B+: 0x7f9876f73b48 0x7f9876f73b51
+B+: 0x7f9876f73b58 0x7f9876f73b60
+B+: 0x7f9876f73b61 0x7f9876f73b6a
+B+: 0x7f9876f73b88 0x7f9876f73b8c
+B+: 0x7f9876f73b8d 0x7f9876f73b94
+B+: 0x7f9876f73ba0 0x7f9876f73ba4
+B+: 0x7f9876f73d00 0x7f9876f73d30
+B+: 0x7f9876f73e3f 0x7f9876f73e55
+B+: 0x7f9876f73e56 0x7f9876f73e67
+B+: 0x7f9876f741e0 0x7f9876f74222
+B+: 0x7f9876f74223 0x7f9876f74228
+B+: 0x7f9876f7424c 0x7f9876f74260
+B+: 0x7f9876f74261 0x7f9876f74269
+B+: 0x7f9876f74270 0x7f9876f74279
+B+: 0x7f9876f74288 0x7f9876f742a0
+B+: 0x7f9876f742a1 0x7f9876f742ba
+B+: 0x7f9876f742bb 0x7f9876f742bc
+B+: 0x7f9876f742d0 0x7f9876f742d8
+B+: 0x7f9876f742f8 0x7f9876f742f8
+B+: 0x7f9876f74300 0x7f9876f7430c
+B+: 0x7f9876f7433f 0x7f9876f74343
+B+: 0x7f9876f74380 0x7f9876f74384
+B+: 0x7f9876f743d0 0x7f9876f743e3
+B+: 0x7f9876f74400 0x7f9876f74400
+B+: 0x7f9876f74420 0x7f9876f7445b
+B+: 0x7f9876f74467 0x7f9876f74471
+B+: 0x7f9876f74472 0x7f9876f74489
+B+: 0x7f9876f7448a 0x7f9876f7448d
+B+: 0x7f9876f7448e 0x7f9876f74494
+B+: 0x7f9876f74495 0x7f9876f7449d
+B+: 0x7f9876f7449e 0x7f9876f744a9
+B+: 0x7f9876f744aa 0x7f9876f744c2
+B+: 0x7f9876f744c3 0x7f9876f744ce
+B+: 0x7f9876f744cf 0x7f9876f744e5
+B+: 0x7f9876f744e6 0x7f9876f744f5
+B+: 0x7f9876f74500 0x7f9876f7450e
+B+: 0x7f9876f7450f 0x7f9876f74513
+B+: 0x7f9876f74514 0x7f9876f7451e
+B+: 0x7f9876f74540 0x7f9876f74549
+B+: 0x7f9876f7454a 0x7f9876f7454e
+B+: 0x7f9876f7454f 0x7f9876f74560
+B+: 0x7f9876f74568 0x7f9876f74577
+B+: 0x7f9876f74580 0x7f9876f74589
+B+: 0x7f9876f745a8 0x7f9876f745bb
+B+: 0x7f9876f745c0 0x7f9876f745ce
+B+: 0x7f9876f745cf 0x7f9876f745dc
+B+: 0x7f9876f746f0 0x7f9876f746fd
+B+: 0x7f9876f747a0 0x7f9876f747a0
+B+: 0x7f9876f747b0 0x7f9876f747ba
+B+: 0x7f9876f747bb 0x7f9876f747ce
+B+: 0x7f9876f747cf 0x7f9876f747d8
+B+: 0x7f9876f747d9 0x7f9876f747e6
+B+: 0x7f9876f74800 0x7f9876f7482d
+B+: 0x7f9876f7482e 0x7f9876f74831
+B+: 0x7f9876f74832 0x7f9876f74847
+B+: 0x7f9876f74864 0x7f9876f7486b
+B+: 0x7f9876f7486c 0x7f9876f7486f
+B+: 0x7f9876f74870 0x7f9876f74876
+B+: 0x7f9876f74877 0x7f9876f7487b
+B+: 0x7f9876f7487c 0x7f9876f74886
+B+: 0x7f9876f74ae0 0x7f9876f74b01
+B+: 0x7f9876f74b02 0x7f9876f74b0a
+B+: 0x7f9876f74b0b 0x7f9876f74b14
+B+: 0x7f9876f74b15 0x7f9876f74b19
+B+: 0x7f9876f74c00 0x7f9876f74c19
+B+: 0x7f9876f74c51 0x7f9876f74c8e
+B+: 0x7f9876f74c8f 0x7f9876f74c9e
+B+: 0x7f9876f74c9f 0x7f9876f74ca6
+B+: 0x7f9876f74df0 0x7f9876f74dfb
+B+: 0x7f9876f74e20 0x7f9876f74e20
+B+: 0x7f9876f74e30 0x7f9876f74e38
+B+: 0x7f9876f76940 0x7f9876f7694b
+B+: 0x7f9876f7694c 0x7f9876f76957
+B+: 0x7f9876f76958 0x7f9876f76964
+B+: 0x7f9876f76965 0x7f9876f76969
+B+: 0x7f9876f7696a 0x7f9876f7696f
+B+: 0x7f9876f76970 0x7f9876f76976
+B+: 0x7f9876f76980 0x7f9876f76987
+B+: 0x7f9876f76988 0x7f9876f7698c
+B+: 0x7f9876f7698d 0x7f9876f7699b
+B+: 0x7f9876f7699c 0x7f9876f769a0
+B+: 0x7f9876f769a1 0x7f9876f769a8
+B+: 0x7f9876f769a9 0x7f9876f769ad
+B+: 0x7f9876f769ae 0x7f9876f769b8
+B+: 0x7f9876f769b9 0x7f9876f769b9
+B+: 0x7f9876f769c0 0x7f9876f769c5
+B+: 0x7f9876f769c6 0x7f9876f769c9
+B+: 0x7f9876f769d0 0x7f9876f769d0
+B+: 0x7f9876f769d1 0x7f9876f769d5
+B+: 0x7f9876f769d6 0x7f9876f769d9
+B+: 0x7f9876f769e0 0x7f9876f769ff
+B+: 0x7f9876f76a00 0x7f9876f76a11
+B+: 0x7f9876f76a12 0x7f9876f76a16
+B+: 0x7f9876f76a20 0x7f9876f76a22
+B+: 0x7f9876f76a23 0x7f9876f76a2f
+B+: 0x7f9876f76a30 0x7f9876f76a33
+B+: 0x7f9876f76a34 0x7f9876f76a5d
+B+: 0x7f9876f76a5e 0x7f9876f76a62
+B+: 0x7f9876f76a63 0x7f9876f76a82
+B+: 0x7f9876f76ac0 0x7f9876f76ade
+B+: 0x7f9876f76adf 0x7f9876f76ae3
+B+: 0x7f9876f76ae4 0x7f9876f76ae8
+B+: 0x7f9876f76af0 0x7f9876f76af2
+B+: 0x7f9876f76af3 0x7f9876f76aff
+B+: 0x7f9876f76b00 0x7f9876f76b03
+B+: 0x7f9876f76b04 0x7f9876f76b3e
+B+: 0x7f9876f76b3f 0x7f9876f76b49
+B+: 0x7f9876f76b4a 0x7f9876f76b57
+B+: 0x7f9876f76b58 0x7f9876f76b5d
+B+: 0x7f9876f76b5e 0x7f9876f76b66
+B+: 0x7f9876f76b67 0x7f9876f76b70
+B+: 0x7f9876f76b71 0x7f9876f76b7a
+B+: 0x7f9876f76b7b 0x7f9876f76b9a
+B+: 0x7f9876f76b9b 0x7f9876f76ba3
+B+: 0x7f9876f76ba4 0x7f9876f76bbd
+B+: 0x7f9876f76bc0 0x7f9876f76bc5
+B+: 0x7f9876f76bc6 0x7f9876f76bcf
+B+: 0x7f9876f76bd0 0x7f9876f76bd9
+B+: 0x7f9876f76bda 0x7f9876f76bf7
+B+: 0x7f9876f76c08 0x7f9876f76c14
+B+: 0x7f9876f76c15 0x7f9876f76c1b
+B+: 0x7f9876f76c1c 0x7f9876f76c29
+B+: 0x7f9876f76cb0 0x7f9876f76cca
+B+: 0x7f9876f76ccb 0x7f9876f76cda
+B+: 0x7f9876f76cdb 0x7f9876f76ce6
+B+: 0x7f9876f76ce7 0x7f9876f76cef
+B+: 0x7f9876f76cf0 0x7f9876f76cf4
+B+: 0x7f9876f76cf5 0x7f9876f76cfc
+B+: 0x7f9876f76cfd 0x7f9876f76d10
+B+: 0x7f9876f76d11 0x7f9876f76d21
+B+: 0x7f9876f76d22 0x7f9876f76d26
+B+: 0x7f9876f76d27 0x7f9876f76d38
+B+: 0x7f9876f76d39 0x7f9876f76d4b
+B+: 0x7f9876f76d4c 0x7f9876f76d54
+B+: 0x7f9876f76d55 0x7f9876f76d5e
+B+: 0x7f9876f76d5f 0x7f9876f76d6d
+B+: 0x7f9876f76ea0 0x7f9876f76eb6
+B+: 0x7f9876f76eb7 0x7f9876f76ebb
+B+: 0x7f9876f76ebc 0x7f9876f76ec0
+B+: 0x7f9876f76ec8 0x7f9876f76ecb
+B+: 0x7f9876f76ecc 0x7f9876f76ed9
+B+: 0x7f9876f76eda 0x7f9876f76edd
+B+: 0x7f9876f76ede 0x7f9876f76f06
+B+: 0x7f9876f76f07 0x7f9876f76f10
+B+: 0x7f9876f76f11 0x7f9876f76f16
+B+: 0x7f9876f76f17 0x7f9876f76f24
+B+: 0x7f9876f76f25 0x7f9876f76f2d
+B+: 0x7f9876f77440 0x7f9876f7746b
+B+: 0x7f9876f7746c 0x7f9876f77470
+B+: 0x7f9876f77471 0x7f9876f77475
+B+: 0x7f9876f77536 0x7f9876f7753e
+B+: 0x7f9876f7753f 0x7f9876f77548
+B+: 0x7f9876f77549 0x7f9876f77551
+B+: 0x7f9876f775d0 0x7f9876f775e4
+B+: 0x7f9876f775e5 0x7f9876f77606
+B+: 0x7f9876f77607 0x7f9876f77610
+B+: 0x7f9876f77611 0x7f9876f77618
+B+: 0x7f9876f77640 0x7f9876f77648
+B+: 0x7f9876f77649 0x7f9876f77656
+B+: 0x7f9876f77657 0x7f9876f7765f
+B+: 0x7f9876f77660 0x7f9876f77661
+B+: 0x7f9876f77760 0x7f9876f777aa
+B+: 0x7f9876f777ab 0x7f9876f777af
+B+: 0x7f9876f777b0 0x7f9876f777be
+B+: 0x7f9876f777c8 0x7f9876f777d3
+B+: 0x7f9876f777d4 0x7f9876f777d8
+B+: 0x7f9876f777d9 0x7f9876f777e0
+B+: 0x7f9876f777e1 0x7f9876f777e5
+B+: 0x7f9876f777e6 0x7f9876f777f3
+B+: 0x7f9876f777f4 0x7f9876f777fb
+B+: 0x7f9876f77800 0x7f9876f77810
+B+: 0x7f9876f77811 0x7f9876f77815
+B+: 0x7f9876f77816 0x7f9876f77832
+B+: 0x7f9876f77833 0x7f9876f77843
+B+: 0x7f9876f77844 0x7f9876f7784f
+B+: 0x7f9876f77850 0x7f9876f77857
+B+: 0x7f9876f77858 0x7f9876f7785c
+B+: 0x7f9876f7785d 0x7f9876f77868
+B+: 0x7f9876f77869 0x7f9876f7787b
+B+: 0x7f9876f7787c 0x7f9876f77884
+B+: 0x7f9876f77888 0x7f9876f77897
+B+: 0x7f9876f77898 0x7f9876f7789b
+B+: 0x7f9876f7789c 0x7f9876f778b4
+B+: 0x7f9876f778b5 0x7f9876f778b8
+B+: 0x7f9876f778b9 0x7f9876f778c6
+B+: 0x7f9876f778c7 0x7f9876f778d5
+B+: 0x7f9876f77dc0 0x7f9876f77dec
+B+: 0x7f9876f77ded 0x7f9876f77df2
+B+: 0x7f9876f77df3 0x7f9876f77e04
+B+: 0x7f9876f77e05 0x7f9876f77e0d
+B+: 0x7f9876f77e0e 0x7f9876f77e1c
+CND+ 0x7f9876f6600e: taken
+CND+ 0x7f9876f665ea: not taken
+CND+ 0x7f9876f66626: not taken
+CND+ 0x7f9876f6663b: taken
+CND+ 0x7f9876f66673: not taken
+CND+ 0x7f9876f66687: not taken
+CND+ 0x7f9876f66695: not taken
+CND+ 0x7f9876f667e2: taken
+CND+ 0x7f9876f66862: not taken
+CND+ 0x7f9876f6687c: both
+CND+ 0x7f9876f668a9: not taken
+CND+ 0x7f9876f66a5d: not taken
+CND+ 0x7f9876f66a62: taken
+CND+ 0x7f9876f676e6: not taken
+CND+ 0x7f9876f67704: taken
+CND+ 0x7f9876f6771a: not taken
+CND+ 0x7f9876f6771f: taken
+CND+ 0x7f9876f6772f: taken
+CND+ 0x7f9876f6774c: not taken
+CND+ 0x7f9876f67756: not taken
+CND+ 0x7f9876f6778f: not taken
+CND+ 0x7f9876f6779b: taken
+CND+ 0x7f9876f68079: taken
+CND+ 0x7f9876f6811b: not taken
+CND+ 0x7f9876f68149: not taken
+CND+ 0x7f9876f68158: not taken
+CND+ 0x7f9876f68190: not taken
+CND+ 0x7f9876f681ce: taken
+CND+ 0x7f9876f68c20: not taken
+CND+ 0x7f9876f68c2d: taken
+CND+ 0x7f9876f68c48: not taken
+CND+ 0x7f9876f68c5f: both
+CND+ 0x7f9876f68c88: not taken
+CND+ 0x7f9876f68ed2: taken
+CND+ 0x7f9876f68f55: not taken
+CND+ 0x7f9876f68f7e: not taken
+CND+ 0x7f9876f68f8a: not taken
+CND+ 0x7f9876f68f93: both
+CND+ 0x7f9876f68fc4: not taken
+CND+ 0x7f9876f68fe2: both
+CND+ 0x7f9876f68ffb: taken
+CND+ 0x7f9876f6905a: taken
+CND+ 0x7f9876f690af: not taken
+CND+ 0x7f9876f690b8: taken
+CND+ 0x7f9876f690e0: taken
+CND+ 0x7f9876f69116: not taken
+CND+ 0x7f9876f6915a: not taken
+CND+ 0x7f9876f69163: taken
+CND+ 0x7f9876f6921b: taken
+CND+ 0x7f9876f6924a: taken
+CND+ 0x7f9876f6927c: not taken
+CND+ 0x7f9876f6936a: taken
+CND+ 0x7f9876f69520: not taken
+CND+ 0x7f9876f69529: not taken
+CND+ 0x7f9876f69532: taken
+CND+ 0x7f9876f698eb: not taken
+CND+ 0x7f9876f69906: both
+CND+ 0x7f9876f6993d: not taken
+CND+ 0x7f9876f69985: both
+CND+ 0x7f9876f699f6: taken
+CND+ 0x7f9876f69a20: both
+CND+ 0x7f9876f69a29: not taken
+CND+ 0x7f9876f69a33: not taken
+CND+ 0x7f9876f69ae4: not taken
+CND+ 0x7f9876f69afb: taken
+CND+ 0x7f9876f69b2a: both
+CND+ 0x7f9876f69b30: both
+CND+ 0x7f9876f69b40: taken
+CND+ 0x7f9876f69b60: not taken
+CND+ 0x7f9876f69b96: not taken
+CND+ 0x7f9876f69be5: taken
+CND+ 0x7f9876f69da0: not taken
+CND+ 0x7f9876f69da9: not taken
+CND+ 0x7f9876f69dc8: both
+CND+ 0x7f9876f69dd0: both
+CND+ 0x7f9876f69e2e: taken
+CND+ 0x7f9876f69e57: not taken
+CND+ 0x7f9876f69eac: taken
+CND+ 0x7f9876f69ed8: taken
+CND+ 0x7f9876f69fa3: not taken
+CND+ 0x7f9876f69fc0: taken
+CND+ 0x7f9876f6a019: not taken
+CND+ 0x7f9876f6a065: not taken
+CND+ 0x7f9876f6a06f: not taken
+CND+ 0x7f9876f6a089: both
+CND+ 0x7f9876f6a09d: not taken
+CND+ 0x7f9876f6a0ab: taken
+CND+ 0x7f9876f6a14c: not taken
+CND+ 0x7f9876f6a156: taken
+CND+ 0x7f9876f6a1cc: taken
+CND+ 0x7f9876f6a1ee: taken
+CND+ 0x7f9876f6a811: both
+CND+ 0x7f9876f6a81b: not taken
+CND+ 0x7f9876f6a81f: not taken
+CND+ 0x7f9876f6a839: taken
+CND+ 0x7f9876f6a859: taken
+CND+ 0x7f9876f6a861: taken
+CND+ 0x7f9876f6b45f: taken
+CND+ 0x7f9876f6b626: not taken
+CND+ 0x7f9876f6b6ca: taken
+CND+ 0x7f9876f6b762: taken
+CND+ 0x7f9876f6c2a4: taken
+CND+ 0x7f9876f6c2bd: not taken
+CND+ 0x7f9876f6c2cd: not taken
+CND+ 0x7f9876f6c30f: taken
+CND+ 0x7f9876f6c327: taken
+CND+ 0x7f9876f6c33a: not taken
+CND+ 0x7f9876f6c343: taken
+CND+ 0x7f9876f6c381: not taken
+CND+ 0x7f9876f6c3d6: taken
+CND+ 0x7f9876f6c3e7: taken
+CND+ 0x7f9876f6c895: not taken
+CND+ 0x7f9876f6c8a8: not taken
+CND+ 0x7f9876f6c8d2: not taken
+CND+ 0x7f9876f6c907: not taken
+CND+ 0x7f9876f6c942: taken
+CND+ 0x7f9876f6c953: not taken
+CND+ 0x7f9876f6c963: taken
+CND+ 0x7f9876f6ca7b: not taken
+CND+ 0x7f9876f6cdbc: both
+CND+ 0x7f9876f6cdc9: both
+CND+ 0x7f9876f6ce03: not taken
+CND+ 0x7f9876f6ce0d: not taken
+CND+ 0x7f9876f6ce18: taken
+CND+ 0x7f9876f6d1a1: not taken
+CND+ 0x7f9876f6d1ab: not taken
+CND+ 0x7f9876f6d1e4: taken
+CND+ 0x7f9876f6d1f2: taken
+CND+ 0x7f9876f6d20a: not taken
+CND+ 0x7f9876f6d225: not taken
+CND+ 0x7f9876f6d22f: not taken
+CND+ 0x7f9876f6d247: taken
+CND+ 0x7f9876f6d533: taken
+CND+ 0x7f9876f6d582: taken
+CND+ 0x7f9876f6d655: taken
+CND+ 0x7f9876f6d698: taken
+CND+ 0x7f9876f6d703: not taken
+CND+ 0x7f9876f6d70c: taken
+CND+ 0x7f9876f6d725: not taken
+CND+ 0x7f9876f6d742: not taken
+CND+ 0x7f9876f6d75a: not taken
+CND+ 0x7f9876f6d765: not taken
+CND+ 0x7f9876f6d792: not taken
+CND+ 0x7f9876f6d797: taken
+CND+ 0x7f9876f6d7a9: taken
+CND+ 0x7f9876f6d7ad: not taken
+CND+ 0x7f9876f6d7bc: taken
+CND+ 0x7f9876f6d7ce: taken
+CND+ 0x7f9876f6d848: taken
+CND+ 0x7f9876f6d889: not taken
+CND+ 0x7f9876f6d89b: not taken
+CND+ 0x7f9876f6d8a8: taken
+CND+ 0x7f9876f6dc2f: not taken
+CND+ 0x7f9876f6dc57: taken
+CND+ 0x7f9876f6dc65: not taken
+CND+ 0x7f9876f6dc6e: taken
+CND+ 0x7f9876f6dc86: not taken
+CND+ 0x7f9876f6dcae: taken
+CND+ 0x7f9876f6e366: taken
+CND+ 0x7f9876f6e9d6: taken
+CND+ 0x7f9876f6ea31: not taken
+CND+ 0x7f9876f6ea51: taken
+CND+ 0x7f9876f6eaad: not taken
+CND+ 0x7f9876f6eab5: taken
+CND+ 0x7f9876f6eb00: taken
+CND+ 0x7f9876f6eb5a: not taken
+CND+ 0x7f9876f6eb62: not taken
+CND+ 0x7f9876f6eb6b: not taken
+CND+ 0x7f9876f6eb75: not taken
+CND+ 0x7f9876f6eb7f: taken
+CND+ 0x7f9876f6eb9b: taken
+CND+ 0x7f9876f6ec3c: taken
+CND+ 0x7f9876f6eed9: not taken
+CND+ 0x7f9876f6eee6: not taken
+CND+ 0x7f9876f6ef01: not taken
+CND+ 0x7f9876f6ef1a: not taken
+CND+ 0x7f9876f6ef20: not taken
+CND+ 0x7f9876f6ef26: taken
+CND+ 0x7f9876f6f76c: not taken
+CND+ 0x7f9876f6f78c: not taken
+CND+ 0x7f9876f6f7d8: both
+CND+ 0x7f9876f6f7e1: taken
+CND+ 0x7f9876f6f806: not taken
+CND+ 0x7f9876f6f840: not taken
+CND+ 0x7f9876f6f84a: not taken
+CND+ 0x7f9876f6f965: both
+CND+ 0x7f9876f6f989: not taken
+CND+ 0x7f9876f6f9b2: not taken
+CND+ 0x7f9876f6f9bc: not taken
+CND+ 0x7f9876f6f9e3: not taken
+CND+ 0x7f9876f6fa13: taken
+CND+ 0x7f9876f6fafd: not taken
+CND+ 0x7f9876f6fb1a: not taken
+CND+ 0x7f9876f6fb61: taken
+CND+ 0x7f9876f70711: not taken
+CND+ 0x7f9876f7071d: not taken
+CND+ 0x7f9876f70722: not taken
+CND+ 0x7f9876f70748: not taken
+CND+ 0x7f9876f7074c: not taken
+CND+ 0x7f9876f7075f: not taken
+CND+ 0x7f9876f707a4: not taken
+CND+ 0x7f9876f708f3: both
+CND+ 0x7f9876f7090f: both
+CND+ 0x7f9876f70911: not taken
+CND+ 0x7f9876f7091a: taken
+CND+ 0x7f9876f70a92: not taken
+CND+ 0x7f9876f70aba: not taken
+CND+ 0x7f9876f70ad5: both
+CND+ 0x7f9876f70ade: taken
+CND+ 0x7f9876f70af7: not taken
+CND+ 0x7f9876f70b01: not taken
+CND+ 0x7f9876f70b05: not taken
+CND+ 0x7f9876f70b19: taken
+CND+ 0x7f9876f70c50: not taken
+CND+ 0x7f9876f70c62: taken
+CND+ 0x7f9876f70db1: not taken
+CND+ 0x7f9876f70dea: both
+CND+ 0x7f9876f70e13: not taken
+CND+ 0x7f9876f70e20: taken
+CND+ 0x7f9876f70e2d: not taken
+CND+ 0x7f9876f70e43: not taken
+CND+ 0x7f9876f70e4f: both
+CND+ 0x7f9876f70e58: not taken
+CND+ 0x7f9876f70e72: taken
+CND+ 0x7f9876f70ee7: taken
+CND+ 0x7f9876f7175d: both
+CND+ 0x7f9876f7176f: not taken
+CND+ 0x7f9876f71782: both
+CND+ 0x7f9876f71787: both
+CND+ 0x7f9876f71795: both
+CND+ 0x7f9876f718b1: not taken
+CND+ 0x7f9876f718dc: not taken
+CND+ 0x7f9876f718ea: not taken
+CND+ 0x7f9876f718ec: both
+CND+ 0x7f9876f718f5: not taken
+CND+ 0x7f9876f718fb: taken
+CND+ 0x7f9876f71943: not taken
+CND+ 0x7f9876f7194c: taken
+CND+ 0x7f9876f71983: not taken
+CND+ 0x7f9876f71989: both
+CND+ 0x7f9876f71990: not taken
+CND+ 0x7f9876f719ab: taken
+CND+ 0x7f9876f71a0b: taken
+CND+ 0x7f9876f71b10: both
+CND+ 0x7f9876f71b1c: not taken
+CND+ 0x7f9876f71b21: both
+CND+ 0x7f9876f71b2f: not taken
+CND+ 0x7f9876f71b37: both
+CND+ 0x7f9876f71b44: both
+CND+ 0x7f9876f71b5e: taken
+CND+ 0x7f9876f71b92: both
+CND+ 0x7f9876f71b9b: taken
+CND+ 0x7f9876f71bfb: taken
+CND+ 0x7f9876f71d68: both
+CND+ 0x7f9876f71d71: taken
+CND+ 0x7f9876f71d8b: not taken
+CND+ 0x7f9876f71da3: taken
+CND+ 0x7f9876f71ddd: taken
+CND+ 0x7f9876f71e02: not taken
+CND+ 0x7f9876f71e0b: taken
+CND+ 0x7f9876f71e2f: not taken
+CND+ 0x7f9876f71e35: taken
+CND+ 0x7f9876f71e4f: not taken
+CND+ 0x7f9876f71e58: both
+CND+ 0x7f9876f71f7d: not taken
+CND+ 0x7f9876f7202c: not taken
+CND+ 0x7f9876f720c7: not taken
+CND+ 0x7f9876f720d0: both
+CND+ 0x7f9876f720d9: not taken
+CND+ 0x7f9876f725a7: both
+CND+ 0x7f9876f725ed: not taken
+CND+ 0x7f9876f725f2: taken
+CND+ 0x7f9876f72682: not taken
+CND+ 0x7f9876f726a1: not taken
+CND+ 0x7f9876f727bb: not taken
+CND+ 0x7f9876f72835: not taken
+CND+ 0x7f9876f72870: not taken
+CND+ 0x7f9876f7288e: not taken
+CND+ 0x7f9876f7289e: not taken
+CND+ 0x7f9876f729ca: both
+CND+ 0x7f9876f729ea: taken
+CND+ 0x7f9876f729f6: taken
+CND+ 0x7f9876f72a15: taken
+CND+ 0x7f9876f72a38: not taken
+CND+ 0x7f9876f72a48: taken
+CND+ 0x7f9876f72abb: not taken
+CND+ 0x7f9876f7314f: not taken
+CND+ 0x7f9876f7316f: not taken
+CND+ 0x7f9876f7317e: taken
+CND+ 0x7f9876f73a5f: taken
+CND+ 0x7f9876f73b46: not taken
+CND+ 0x7f9876f73b50: taken
+CND+ 0x7f9876f73b69: taken
+CND+ 0x7f9876f73b93: taken
+CND+ 0x7f9876f73d2b: taken
+CND+ 0x7f9876f73e50: not taken
+CND+ 0x7f9876f74227: taken
+CND+ 0x7f9876f7425f: not taken
+CND+ 0x7f9876f74278: taken
+CND+ 0x7f9876f742b9: not taken
+CND+ 0x7f9876f742d7: taken
+CND+ 0x7f9876f7430b: taken
+CND+ 0x7f9876f74383: taken
+CND+ 0x7f9876f743e2: taken
+CND+ 0x7f9876f74456: taken
+CND+ 0x7f9876f74488: both
+CND+ 0x7f9876f7448c: not taken
+CND+ 0x7f9876f74493: not taken
+CND+ 0x7f9876f74498: both
+CND+ 0x7f9876f744e0: not taken
+CND+ 0x7f9876f74512: not taken
+CND+ 0x7f9876f74519: taken
+CND+ 0x7f9876f74548: not taken
+CND+ 0x7f9876f7454d: not taken
+CND+ 0x7f9876f745c9: not taken
+CND+ 0x7f9876f745d7: taken
+CND+ 0x7f9876f746f8: taken
+CND+ 0x7f9876f747b9: not taken
+CND+ 0x7f9876f74830: not taken
+CND+ 0x7f9876f74846: taken
+CND+ 0x7f9876f7486e: not taken
+CND+ 0x7f9876f74b09: not taken
+CND+ 0x7f9876f74b13: not taken
+CND+ 0x7f9876f74c18: taken
+CND+ 0x7f9876f74c9d: not taken
+CND+ 0x7f9876f74dfa: taken
+CND+ 0x7f9876f76946: both
+CND+ 0x7f9876f76963: both
+CND+ 0x7f9876f76968: not taken
+CND+ 0x7f9876f7696e: not taken
+CND+ 0x7f9876f76986: not taken
+CND+ 0x7f9876f7698b: both
+CND+ 0x7f9876f7699a: both
+CND+ 0x7f9876f7699f: both
+CND+ 0x7f9876f769ac: both
+CND+ 0x7f9876f769b7: both
+CND+ 0x7f9876f769c4: not taken
+CND+ 0x7f9876f76a10: not taken
+CND+ 0x7f9876f76a15: taken
+CND+ 0x7f9876f76a2e: both
+CND+ 0x7f9876f76a32: both
+CND+ 0x7f9876f76a5c: both
+CND+ 0x7f9876f76add: not taken
+CND+ 0x7f9876f76ae2: not taken
+CND+ 0x7f9876f76afe: not taken
+CND+ 0x7f9876f76b02: both
+CND+ 0x7f9876f76b48: both
+CND+ 0x7f9876f76b52: not taken
+CND+ 0x7f9876f76b5c: not taken
+CND+ 0x7f9876f76b65: both
+CND+ 0x7f9876f76b6b: taken
+CND+ 0x7f9876f76b75: not taken
+CND+ 0x7f9876f76b95: not taken
+CND+ 0x7f9876f76ba2: not taken
+CND+ 0x7f9876f76bc4: not taken
+CND+ 0x7f9876f76bce: not taken
+CND+ 0x7f9876f76bf6: taken
+CND+ 0x7f9876f76c24: taken
+CND+ 0x7f9876f76ce1: not taken
+CND+ 0x7f9876f76cea: not taken
+CND+ 0x7f9876f76cf3: not taken
+CND+ 0x7f9876f76d25: not taken
+CND+ 0x7f9876f76d53: not taken
+CND+ 0x7f9876f76d5d: not taken
+CND+ 0x7f9876f76eb5: not taken
+CND+ 0x7f9876f76eba: not taken
+CND+ 0x7f9876f76ed8: both
+CND+ 0x7f9876f76edc: taken
+CND+ 0x7f9876f76f0f: not taken
+CND+ 0x7f9876f76f15: not taken
+CND+ 0x7f9876f7746f: not taken
+CND+ 0x7f9876f7753d: not taken
+CND+ 0x7f9876f77547: not taken
+CND+ 0x7f9876f77605: not taken
+CND+ 0x7f9876f7760f: not taken
+CND+ 0x7f9876f77647: not taken
+CND+ 0x7f9876f7765e: not taken
+CND+ 0x7f9876f777bd: taken
+CND+ 0x7f9876f777d2: taken
+CND+ 0x7f9876f777df: not taken
+CND+ 0x7f9876f777e4: both
+CND+ 0x7f9876f777fa: taken
+CND+ 0x7f9876f77856: not taken
+CND+ 0x7f9876f7785b: taken
+CND+ 0x7f9876f7787a: not taken
+CND+ 0x7f9876f7789a: not taken
+CND+ 0x7f9876f778b7: not taken
+CND+ 0x7f9876f778c5: not taken
+CND+ 0x7f9876f778d4: taken
+CND+ 0x7f9876f77df1: not taken
+CND+ 0x7f9876f77e0c: not taken
@0x7f9876f7455f to 0x7f9876f74580 1
@0x7f9876f7455f to 0x7f9876f745c0 1
@0x7f9876f7455f to 0x7f9876f745a8 2
@0x7f9876f728af to 0x7f9876f72a01 203
@0x7f9876f728af to 0x7f9876f729f0 11
@0x7f9876f728af to 0x7f9876f72a28 1
@0x7f9876f76c19 to 0x7f9876f6a7d0 1
@0x7f9876f76c19 to 0x7f9876f71120 1
@0x7f9876f66050 to 0x7f987aa9fa30 4
@0x7f9876f66080 to 0x7f987aa3f330 2
@0x7f9876f66090 to 0x7f987aae1710 1
@0x7f9876f660a0 to 0x7f987aab7e70 5
@0x7f9876f660d0 to 0x7f987aa52a20 7
@0x7f9876f660f0 to 0x7f987ab76800 4
@0x7f9876f66130 to 0x7f987aae21e0 1
@0x7f9876f66140 to 0x7f987aa56c10 1
@0x7f9876f66150 to 0x7f987ab04800 4
@0x7f9876f66160 to 0x7f987aae1230 1
@0x7f9876f66190 to 0x7f987ab76bc0 8
@0x7f9876f661c0 to 0x7f987aae2200 1
@0x7f9876f661e0 to 0x7f987ab765d0 1
@0x7f9876f66220 to 0x7f987aae2210 2
@0x7f9876f66230 to 0x7f987ab05b10 1
@0x7f9876f6816e to 0x7f9876f681c0 1
@0x7f9876f66280 to 0x7f987ab71d10 12
@0x7f9876f662a0 to 0x7f987aa52450 4
@0x7f9876f681ac to 0x7f9876f68e90 1
@0x7f9876f662d0 to 0x7f987ab72100 9
@0x7f9876f66320 to 0x7f987aa530f0 4
@0x7f9876f66330 to 0x7f987ab77100 6
@0x7f9876f66350 to 0x7f987aae2220 1
@0x7f9876f66370 to 0x7f987ab04800 2
@0x7f9876f66390 to 0x7f987aa9f3e0 23
@0x7f9876f663b0 to 0x7f987aae2230 1
@0x7f9876f663c0 to 0x7f987ab71e90 24
@0x7f9876f663e0 to 0x7f987ab22ba0 1
@0x7f9876f66410 to 0x7f987aa9fc80 1
@0x7f9876f66460 to 0x7f987ab770e0 14
@0x7f9876f66510 to 0x7f987aae21f0 1
@0x7f9876f66560 to 0x7f987aae14e0 1
@0x7f9876f66570 to 0x7f987aa4b580 191
@0x7f9876f71f91 to 0x7f9876f72075 1
@0x7f9876f66784 to 0x7f987aa3efb0 1
@0x7f9876f77e01 to 0x7f9876f66840 1
