MODULE_NAME: /bin/dash
MODULE_START: 0x7f2919a85000
+B+: 0x7f2919a89000 0x7f2919a8900f
+B+: 0x7f2919a89012 0x7f2919a89016
+B+: 0x7f2919a89050 0x7f2919a89055
+B+: 0x7f2919a89080 0x7f2919a89085
+B+: 0x7f2919a89090 0x7f2919a89095
+B+: 0x7f2919a890a0 0x7f2919a890a5
+B+: 0x7f2919a890d0 0x7f2919a890d5
+B+: 0x7f2919a890f0 0x7f2919a890f5
+B+: 0x7f2919a89130 0x7f2919a89135
+B+: 0x7f2919a89140 0x7f2919a89145
+B+: 0x7f2919a89150 0x7f2919a89155
+B+: 0x7f2919a89160 0x7f2919a89165
+B+: 0x7f2919a89190 0x7f2919a89195
+B+: 0x7f2919a891c0 0x7f2919a891c5
+B+: 0x7f2919a891e0 0x7f2919a891e5
+B+: 0x7f2919a89220 0x7f2919a89225
+B+: 0x7f2919a89230 0x7f2919a89235
+B+: 0x7f2919a89280 0x7f2919a89285
+B+: 0x7f2919a892a0 0x7f2919a892a5
+B+: 0x7f2919a892d0 0x7f2919a892d5
+B+: 0x7f2919a89320 0x7f2919a89325
+B+: 0x7f2919a89330 0x7f2919a89335
+B+: 0x7f2919a89350 0x7f2919a89355
+B+: 0x7f2919a89370 0x7f2919a89375
+B+: 0x7f2919a89390 0x7f2919a89395
+B+: 0x7f2919a893b0 0x7f2919a893b5
+B+: 0x7f2919a893c0 0x7f2919a893c5
+B+: 0x7f2919a893e0 0x7f2919a893e5
+B+: 0x7f2919a89410 0x7f2919a89415
+B+: 0x7f2919a89460 0x7f2919a89465
+B+: 0x7f2919a89510 0x7f2919a89515
+B+: 0x7f2919a89560 0x7f2919a89565
+B+: 0x7f2919a89570 0x7f2919a89575
+B+: 0x7f2919a89590 0x7f2919a895b8
+B+: 0x7f2919a895b9 0x7f2919a895c4
+B+: 0x7f2919a895c5 0x7f2919a895cf
+B+: 0x7f2919a895d0 0x7f2919a895e7
+B+: 0x7f2919a895e8 0x7f2919a895ef
+B+: 0x7f2919a895f0 0x7f2919a89600
+B+: 0x7f2919a89601 0x7f2919a8960b
+B+: 0x7f2919a8960c 0x7f2919a89615
+B+: 0x7f2919a89616 0x7f2919a89623
+B+: 0x7f2919a89624 0x7f2919a8962b
+B+: 0x7f2919a8962c 0x7f2919a8963c
+B+: 0x7f2919a89657 0x7f2919a89660
+B+: 0x7f2919a89661 0x7f2919a89678
+B+: 0x7f2919a89679 0x7f2919a8967f
+B+: 0x7f2919a89680 0x7f2919a8968c
+B+: 0x7f2919a8968d 0x7f2919a89696
+B+: 0x7f2919a89697 0x7f2919a8969b
+B+: 0x7f2919a89760 0x7f2919a89789
+B+: 0x7f2919a897c0 0x7f2919a897e3
+B+: 0x7f2919a897f8 0x7f2919a897f8
+B+: 0x7f2919a89840 0x7f2919a89844
+B+: 0x7f2919a89850 0x7f2919a89863
+B+: 0x7f2919a89864 0x7f2919a8986f
+B+: 0x7f2919a89870 0x7f2919a8987d
+B+: 0x7f2919a8987e 0x7f2919a898aa
+B+: 0x7f2919a898ab 0x7f2919a898ac
+B+: 0x7f2919a898cb 0x7f2919a898d2
+B+: 0x7f2919a89a50 0x7f2919a89a57
+B+: 0x7f2919a89a58 0x7f2919a89a5e
+B+: 0x7f2919a89a5f 0x7f2919a89a63
+B+: 0x7f2919a89a71 0x7f2919a89a72
+B+: 0x7f2919a8a6d0 0x7f2919a8a6eb
+B+: 0x7f2919a8a6ec 0x7f2919a8a705
+B+: 0x7f2919a8a717 0x7f2919a8a71b
+B+: 0x7f2919a8a71c 0x7f2919a8a720
+B+: 0x7f2919a8a72c 0x7f2919a8a730
+B+: 0x7f2919a8a73e 0x7f2919a8a74d
+B+: 0x7f2919a8a74e 0x7f2919a8a757
+B+: 0x7f2919a8a758 0x7f2919a8a775
+B+: 0x7f2919a8a780 0x7f2919a8a788
+B+: 0x7f2919a8a789 0x7f2919a8a790
+B+: 0x7f2919a8a791 0x7f2919a8a79c
+B+: 0x7f2919a8b060 0x7f2919a8b07e
+B+: 0x7f2919a8b10d 0x7f2919a8b11c
+B+: 0x7f2919a8b11d 0x7f2919a8b123
+B+: 0x7f2919a8b140 0x7f2919a8b14a
+B+: 0x7f2919a8b14b 0x7f2919a8b152
+B+: 0x7f2919a8b153 0x7f2919a8b15d
+B+: 0x7f2919a8b15e 0x7f2919a8b16f
+B+: 0x7f2919a8b188 0x7f2919a8b18c
+B+: 0x7f2919a8b18d 0x7f2919a8b191
+B+: 0x7f2919a8b192 0x7f2919a8b19c
+B+: 0x7f2919a8b1a7 0x7f2919a8b1ad
+B+: 0x7f2919a8b1ae 0x7f2919a8b1b5
+B+: 0x7f2919a8b1c0 0x7f2919a8b1cf
+B+: 0x7f2919a8bbc0 0x7f2919a8bbfa
+B+: 0x7f2919a8bbfb 0x7f2919a8bc07
+B+: 0x7f2919a8bc08 0x7f2919a8bc0f
+B+: 0x7f2919a8bc10 0x7f2919a8bc11
+B+: 0x7f2919a8bc18 0x7f2919a8bc21
+B+: 0x7f2919a8bc22 0x7f2919a8bc2e
+B+: 0x7f2919a8bc32 0x7f2919a8bc39
+B+: 0x7f2919a8bc3a 0x7f2919a8bc49
+B+: 0x7f2919a8bc4a 0x7f2919a8bc51
+B+: 0x7f2919a8bc52 0x7f2919a8bc58
+B+: 0x7f2919a8bc59 0x7f2919a8bc60
+B+: 0x7f2919a8bc61 0x7f2919a8bc68
+B+: 0x7f2919a8bc69 0x7f2919a8bc6d
+B+: 0x7f2919a8bc6e 0x7f2919a8bc77
+B+: 0x7f2919a8bc78 0x7f2919a8bc89
+B+: 0x7f2919a8bc8a 0x7f2919a8bc98
+B+: 0x7f2919a8be90 0x7f2919a8bed3
+B+: 0x7f2919a8bedf 0x7f2919a8bef5
+B+: 0x7f2919a8bef6 0x7f2919a8befa
+B+: 0x7f2919a8befb 0x7f2919a8bf5a
+B+: 0x7f2919a8bf5b 0x7f2919a8bf67
+B+: 0x7f2919a8bf68 0x7f2919a8bf77
+B+: 0x7f2919a8bf78 0x7f2919a8bf7f
+B+: 0x7f2919a8bf80 0x7f2919a8bf8b
+B+: 0x7f2919a8bf8c 0x7f2919a8bf94
+B+: 0x7f2919a8bf95 0x7f2919a8bf9b
+B+: 0x7f2919a8bfa0 0x7f2919a8bfaf
+B+: 0x7f2919a8bfb0 0x7f2919a8bfc5
+B+: 0x7f2919a8bfc6 0x7f2919a8bfcf
+B+: 0x7f2919a8bfd0 0x7f2919a8bfe3
+B+: 0x7f2919a8bfe4 0x7f2919a8bffc
+B+: 0x7f2919a8c019 0x7f2919a8c02b
+B+: 0x7f2919a8c02c 0x7f2919a8c034
+B+: 0x7f2919a8c035 0x7f2919a8c047
+B+: 0x7f2919a8c048 0x7f2919a8c05b
+B+: 0x7f2919a8c0a8 0x7f2919a8c0b4
+B+: 0x7f2919a8c0b5 0x7f2919a8c0b9
+B+: 0x7f2919a8c0db 0x7f2919a8c0e1
+B+: 0x7f2919a8c0f0 0x7f2919a8c103
+B+: 0x7f2919a8c104 0x7f2919a8c113
+B+: 0x7f2919a8c114 0x7f2919a8c11b
+B+: 0x7f2919a8c11c 0x7f2919a8c122
+B+: 0x7f2919a8c123 0x7f2919a8c152
+B+: 0x7f2919a8c153 0x7f2919a8c15f
+B+: 0x7f2919a8c160 0x7f2919a8c168
+B+: 0x7f2919a8c216 0x7f2919a8c21c
+B+: 0x7f2919a8c224 0x7f2919a8c22d
+B+: 0x7f2919a8c22e 0x7f2919a8c237
+B+: 0x7f2919a8c238 0x7f2919a8c241
+B+: 0x7f2919a8c242 0x7f2919a8c24b
+B+: 0x7f2919a8c25d 0x7f2919a8c266
+B+: 0x7f2919a8c267 0x7f2919a8c281
+B+: 0x7f2919a8c282 0x7f2919a8c293
+B+: 0x7f2919a8c34c 0x7f2919a8c353
+B+: 0x7f2919a8c354 0x7f2919a8c36f
+B+: 0x7f2919a8c51b 0x7f2919a8c525
+B+: 0x7f2919a8c526 0x7f2919a8c52e
+B+: 0x7f2919a8c52f 0x7f2919a8c537
+B+: 0x7f2919a8c8d0 0x7f2919a8c8ec
+B+: 0x7f2919a8c8ed 0x7f2919a8c8f1
+B+: 0x7f2919a8c8f8 0x7f2919a8c8fa
+B+: 0x7f2919a8c8fb 0x7f2919a8c907
+B+: 0x7f2919a8c908 0x7f2919a8c93e
+B+: 0x7f2919a8c93f 0x7f2919a8c940
+B+: 0x7f2919a8c963 0x7f2919a8c977
+B+: 0x7f2919a8c980 0x7f2919a8c986
+B+: 0x7f2919a8c987 0x7f2919a8c98e
+B+: 0x7f2919a8c98f 0x7f2919a8c997
+B+: 0x7f2919a8c998 0x7f2919a8c9ba
+B+: 0x7f2919a8c9bb 0x7f2919a8c9bc
+B+: 0x7f2919a8c9c0 0x7f2919a8c9e7
+B+: 0x7f2919a8c9e8 0x7f2919a8c9f7
+B+: 0x7f2919a8ca19 0x7f2919a8ca21
+B+: 0x7f2919a8ca22 0x7f2919a8ca2a
+B+: 0x7f2919a8ca2b 0x7f2919a8ca34
+B+: 0x7f2919a8ca35 0x7f2919a8ca3f
+B+: 0x7f2919a8cad0 0x7f2919a8cae9
+B+: 0x7f2919a8caea 0x7f2919a8cb00
+B+: 0x7f2919a8cb10 0x7f2919a8cb1f
+B+: 0x7f2919a8cb20 0x7f2919a8cb2b
+B+: 0x7f2919a8cb2c 0x7f2919a8cb31
+B+: 0x7f2919a8cb32 0x7f2919a8cb41
+B+: 0x7f2919a8cb56 0x7f2919a8cb61
+B+: 0x7f2919a8cb62 0x7f2919a8cb6f
+B+: 0x7f2919a8cb70 0x7f2919a8cb85
+B+: 0x7f2919a8cb86 0x7f2919a8cb97
+B+: 0x7f2919a8cb98 0x7f2919a8cbc0
+B+: 0x7f2919a8cbc8 0x7f2919a8cbcc
+B+: 0x7f2919a8cbcd 0x7f2919a8cbea
+B+: 0x7f2919a8cd70 0x7f2919a8cd98
+B+: 0x7f2919a8cda0 0x7f2919a8cda1
+B+: 0x7f2919a8cda2 0x7f2919a8cdaa
+B+: 0x7f2919a8cdab 0x7f2919a8cdc5
+B+: 0x7f2919a8cdc6 0x7f2919a8cdc9
+B+: 0x7f2919a8cdca 0x7f2919a8cdd1
+B+: 0x7f2919a8cdd2 0x7f2919a8cde6
+B+: 0x7f2919a8cdf0 0x7f2919a8ce2a
+B+: 0x7f2919a8ce2b 0x7f2919a8ce2f
+B+: 0x7f2919a8ce46 0x7f2919a8ce5c
+B+: 0x7f2919a8ce5d 0x7f2919a8ce6e
+B+: 0x7f2919a8ce90 0x7f2919a8cead
+B+: 0x7f2919a8cec8 0x7f2919a8ced1
+B+: 0x7f2919a8ced2 0x7f2919a8cedd
+B+: 0x7f2919a8cf6c 0x7f2919a8cf8f
+B+: 0x7f2919a8cf90 0x7f2919a8cf9c
+B+: 0x7f2919a8cf9d 0x7f2919a8cfa8
+B+: 0x7f2919a8cfa9 0x7f2919a8cfb0
+B+: 0x7f2919a8cfb1 0x7f2919a8cfc5
+B+: 0x7f2919a8d008 0x7f2919a8d012
+B+: 0x7f2919a8d013 0x7f2919a8d01e
+B+: 0x7f2919a8d01f 0x7f2919a8d02e
+B+: 0x7f2919a8d060 0x7f2919a8d066
+B+: 0x7f2919a8d067 0x7f2919a8d074
+B+: 0x7f2919a8d075 0x7f2919a8d086
+B+: 0x7f2919a8d087 0x7f2919a8d08e
+B+: 0x7f2919a8d08f 0x7f2919a8d0a2
+B+: 0x7f2919a8d0a3 0x7f2919a8d0b0
+B+: 0x7f2919a8d100 0x7f2919a8d116
+B+: 0x7f2919a8d145 0x7f2919a8d14d
+B+: 0x7f2919a8d14e 0x7f2919a8d157
+B+: 0x7f2919a8d160 0x7f2919a8d166
+B+: 0x7f2919a8d1c0 0x7f2919a8d1d1
+B+: 0x7f2919a8d1e8 0x7f2919a8d1ef
+B+: 0x7f2919a8d248 0x7f2919a8d25b
+B+: 0x7f2919a8d25c 0x7f2919a8d271
+B+: 0x7f2919a8d7d0 0x7f2919a8d7ff
+B+: 0x7f2919a8d80f 0x7f2919a8d812
+B+: 0x7f2919a8d813 0x7f2919a8d81c
+B+: 0x7f2919a8d81d 0x7f2919a8d820
+B+: 0x7f2919a8d821 0x7f2919a8d82f
+B+: 0x7f2919a8d830 0x7f2919a8d83a
+B+: 0x7f2919a8d84f 0x7f2919a8d85a
+B+: 0x7f2919a8d85f 0x7f2919a8d862
+B+: 0x7f2919a8d870 0x7f2919a8d877
+B+: 0x7f2919a8d878 0x7f2919a8d88d
+B+: 0x7f2919a8e440 0x7f2919a8e464
+B+: 0x7f2919a8e61e 0x7f2919a8e627
+B+: 0x7f2919a8e628 0x7f2919a8e631
+B+: 0x7f2919a8e632 0x7f2919a8e659
+B+: 0x7f2919a8e6af 0x7f2919a8e6bc
+B+: 0x7f2919a8e6c0 0x7f2919a8e6cb
+B+: 0x7f2919a8e730 0x7f2919a8e73b
+B+: 0x7f2919a8e740 0x7f2919a8e75e
+B+: 0x7f2919a8e75f 0x7f2919a8e767
+B+: 0x7f2919a8e7d2 0x7f2919a8e7e3
+B+: 0x7f2919a8e8a0 0x7f2919a8e8a7
+B+: 0x7f2919a8f260 0x7f2919a8f2a5
+B+: 0x7f2919a8f2b5 0x7f2919a8f2be
+B+: 0x7f2919a8f2bf 0x7f2919a8f2d2
+B+: 0x7f2919a8f2d3 0x7f2919a8f2fc
+B+: 0x7f2919a8f2fd 0x7f2919a8f310
+B+: 0x7f2919a8f324 0x7f2919a8f328
+B+: 0x7f2919a8f336 0x7f2919a8f33f
+B+: 0x7f2919a8f340 0x7f2919a8f344
+B+: 0x7f2919a8f370 0x7f2919a8f386
+B+: 0x7f2919a8f387 0x7f2919a8f398
+B+: 0x7f2919a8f3a0 0x7f2919a8f3b6
+B+: 0x7f2919a8f3b7 0x7f2919a8f3d7
+B+: 0x7f2919a8f3dd 0x7f2919a8f3ec
+B+: 0x7f2919a8f850 0x7f2919a8f886
+B+: 0x7f2919a8f887 0x7f2919a8f89a
+B+: 0x7f2919a8f89b 0x7f2919a8f8ad
+B+: 0x7f2919a8f8ae 0x7f2919a8f8c4
+B+: 0x7f2919a8f8c5 0x7f2919a8f8d7
+B+: 0x7f2919a8f8d8 0x7f2919a8f8e7
+B+: 0x7f2919a8f8e8 0x7f2919a8f90c
+B+: 0x7f2919a8f90d 0x7f2919a8f915
+B+: 0x7f2919a8f924 0x7f2919a8f933
+B+: 0x7f2919a8f934 0x7f2919a8f947
+B+: 0x7f2919a8f948 0x7f2919a8f954
+B+: 0x7f2919a8f955 0x7f2919a8f95f
+B+: 0x7f2919a8f960 0x7f2919a8f964
+B+: 0x7f2919a8fa6a 0x7f2919a8fa7c
+B+: 0x7f2919a8fa7d 0x7f2919a8fa9c
+B+: 0x7f2919a8fba0 0x7f2919a8fbad
+B+: 0x7f2919a8fbae 0x7f2919a8fbe1
+B+: 0x7f2919a8fbf0 0x7f2919a8fbfb
+B+: 0x7f2919a8fdb0 0x7f2919a8fdbd
+B+: 0x7f2919a8fdbe 0x7f2919a8fdca
+B+: 0x7f2919a8fdcb 0x7f2919a8fde3
+B+: 0x7f2919a8fde8 0x7f2919a8fdf4
+B+: 0x7f2919a8fdf8 0x7f2919a8fe04
+B+: 0x7f2919a8fe05 0x7f2919a8fe12
+B+: 0x7f2919a8fe13 0x7f2919a8fe1d
+B+: 0x7f2919a8feb4 0x7f2919a8fec1
+B+: 0x7f2919a90160 0x7f2919a90174
+B+: 0x7f2919a90175 0x7f2919a90187
+B+: 0x7f2919a90188 0x7f2919a901a2
+B+: 0x7f2919a901a3 0x7f2919a901ac
+B+: 0x7f2919a901ad 0x7f2919a901b3
+B+: 0x7f2919a901d0 0x7f2919a901e5
+B+: 0x7f2919a901eb 0x7f2919a901f3
+B+: 0x7f2919a90205 0x7f2919a9020b
+B+: 0x7f2919a9020c 0x7f2919a9021d
+B+: 0x7f2919a9021e 0x7f2919a90226
+B+: 0x7f2919a90227 0x7f2919a90230
+B+: 0x7f2919a90231 0x7f2919a90232
+B+: 0x7f2919a90240 0x7f2919a90248
+B+: 0x7f2919a90260 0x7f2919a90260
+B+: 0x7f2919a90520 0x7f2919a90534
+B+: 0x7f2919a90572 0x7f2919a90578
+B+: 0x7f2919a90580 0x7f2919a90583
+B+: 0x7f2919a90610 0x7f2919a90656
+B+: 0x7f2919a9065b 0x7f2919a90686
+B+: 0x7f2919a90687 0x7f2919a9069d
+B+: 0x7f2919a906fc 0x7f2919a90708
+B+: 0x7f2919a90709 0x7f2919a90711
+B+: 0x7f2919a90712 0x7f2919a9072a
+B+: 0x7f2919a9072b 0x7f2919a9073c
+B+: 0x7f2919a90740 0x7f2919a90747
+B+: 0x7f2919a90748 0x7f2919a9075f
+B+: 0x7f2919a90760 0x7f2919a90766
+B+: 0x7f2919a90767 0x7f2919a90780
+B+: 0x7f2919a90790 0x7f2919a90793
+B+: 0x7f2919a90794 0x7f2919a90798
+B+: 0x7f2919a907a2 0x7f2919a907aa
+B+: 0x7f2919a907ab 0x7f2919a907ae
+B+: 0x7f2919a907af 0x7f2919a907bd
+B+: 0x7f2919a907cb 0x7f2919a907d3
+B+: 0x7f2919a90825 0x7f2919a90841
+B+: 0x7f2919a90842 0x7f2919a9084d
+B+: 0x7f2919a9087e 0x7f2919a9088e
+B+: 0x7f2919a9088f 0x7f2919a908a0
+B+: 0x7f2919a908a1 0x7f2919a908ad
+B+: 0x7f2919a90c10 0x7f2919a90c30
+B+: 0x7f2919a90c31 0x7f2919a90c58
+B+: 0x7f2919a90c5e 0x7f2919a90c66
+B+: 0x7f2919a90c67 0x7f2919a90c6f
+B+: 0x7f2919a90c78 0x7f2919a90c87
+B+: 0x7f2919a90c88 0x7f2919a90c89
+B+: 0x7f2919a90ca0 0x7f2919a90caf
+B+: 0x7f2919a90cba 0x7f2919a90cc4
+B+: 0x7f2919a90ce0 0x7f2919a90ce8
+B+: 0x7f2919a91360 0x7f2919a9136b
+B+: 0x7f2919a91480 0x7f2919a91480
+B+: 0x7f2919a919c0 0x7f2919a919db
+B+: 0x7f2919a91a16 0x7f2919a91a32
+B+: 0x7f2919a91a33 0x7f2919a91a52
+B+: 0x7f2919a91a63 0x7f2919a91a6a
+B+: 0x7f2919a91a90 0x7f2919a91aa6
+B+: 0x7f2919a91aa7 0x7f2919a91aae
+B+: 0x7f2919a91aaf 0x7f2919a91ab6
+B+: 0x7f2919a91af6 0x7f2919a91b01
+B+: 0x7f2919a91b0c 0x7f2919a91b34
+B+: 0x7f2919a91b40 0x7f2919a91b57
+B+: 0x7f2919a91b58 0x7f2919a91b5f
+B+: 0x7f2919a91b60 0x7f2919a91b67
+B+: 0x7f2919a91b68 0x7f2919a91b70
+B+: 0x7f2919a91b71 0x7f2919a91b7a
+B+: 0x7f2919a91b7b 0x7f2919a91b80
+B+: 0x7f2919a91b97 0x7f2919a91b9c
+B+: 0x7f2919a91c0a 0x7f2919a91c3d
+B+: 0x7f2919a91c47 0x7f2919a91c53
+B+: 0x7f2919a91ed0 0x7f2919a91ede
+B+: 0x7f2919a91edf 0x7f2919a91ee7
+B+: 0x7f2919a91ee8 0x7f2919a91efc
+B+: 0x7f2919a91efd 0x7f2919a91f02
+B+: 0x7f2919a91f03 0x7f2919a91f1b
+B+: 0x7f2919a91f1c 0x7f2919a91f21
+B+: 0x7f2919a91f22 0x7f2919a91f2b
+B+: 0x7f2919a91fc0 0x7f2919a91fc7
+B+: 0x7f2919a91fc8 0x7f2919a91fd0
+B+: 0x7f2919a92760 0x7f2919a92768
+B+: 0x7f2919a92769 0x7f2919a9276d
+B+: 0x7f2919a9276e 0x7f2919a92772
+B+: 0x7f2919a92780 0x7f2919a92788
+B+: 0x7f2919a92789 0x7f2919a9278d
+B+: 0x7f2919a9278e 0x7f2919a92792
+B+: 0x7f2919a927c0 0x7f2919a927d9
+B+: 0x7f2919a927da 0x7f2919a927e6
+B+: 0x7f2919a927f7 0x7f2919a92802
+B+: 0x7f2919a92803 0x7f2919a9280b
+B+: 0x7f2919a9280c 0x7f2919a92841
+B+: 0x7f2919a92842 0x7f2919a9284b
+B+: 0x7f2919a9284c 0x7f2919a92852
+B+: 0x7f2919a92853 0x7f2919a92875
+B+: 0x7f2919a92880 0x7f2919a9288e
+B+: 0x7f2919a928b0 0x7f2919a928c8
+B+: 0x7f2919a92900 0x7f2919a92941
+B+: 0x7f2919a92950 0x7f2919a92966
+B+: 0x7f2919a92967 0x7f2919a9297e
+B+: 0x7f2919a9297f 0x7f2919a9298a
+B+: 0x7f2919a9298b 0x7f2919a929b3
+B+: 0x7f2919a929b4 0x7f2919a929bd
+B+: 0x7f2919a929be 0x7f2919a929bf
+B+: 0x7f2919a929d0 0x7f2919a929e8
+B+: 0x7f2919a929e9 0x7f2919a92a14
+B+: 0x7f2919a92a1e 0x7f2919a92a25
+B+: 0x7f2919a92a26 0x7f2919a92a33
+B+: 0x7f2919a92a34 0x7f2919a92a46
+B+: 0x7f2919a92ae0 0x7f2919a92afe
+B+: 0x7f2919a92aff 0x7f2919a92b0c
+B+: 0x7f2919a92b0d 0x7f2919a92b1b
+B+: 0x7f2919a92b1c 0x7f2919a92b2c
+B+: 0x7f2919a92b40 0x7f2919a92b62
+B+: 0x7f2919a92b98 0x7f2919a92ba9
+B+: 0x7f2919a936d0 0x7f2919a936f4
+B+: 0x7f2919a936f5 0x7f2919a9370d
+B+: 0x7f2919a9370e 0x7f2919a93712
+B+: 0x7f2919a93713 0x7f2919a9371e
+B+: 0x7f2919a9371f 0x7f2919a93723
+B+: 0x7f2919a93724 0x7f2919a93728
+B+: 0x7f2919a93729 0x7f2919a93730
+B+: 0x7f2919a9373c 0x7f2919a93749
+B+: 0x7f2919a9374a 0x7f2919a9374d
+B+: 0x7f2919a9374e 0x7f2919a93760
+B+: 0x7f2919a93761 0x7f2919a9376b
+B+: 0x7f2919a93790 0x7f2919a9379d
+B+: 0x7f2919a9379e 0x7f2919a937a5
+B+: 0x7f2919a937a6 0x7f2919a937a7
+B+: 0x7f2919a93890 0x7f2919a9389d
+B+: 0x7f2919a9389e 0x7f2919a938a9
+B+: 0x7f2919a938aa 0x7f2919a938bd
+B+: 0x7f2919a938c0 0x7f2919a938ca
+B+: 0x7f2919a938d0 0x7f2919a938ef
+B+: 0x7f2919a938f0 0x7f2919a938f4
+B+: 0x7f2919a938f5 0x7f2919a9390c
+B+: 0x7f2919a9390d 0x7f2919a93910
+B+: 0x7f2919a93911 0x7f2919a93912
+B+: 0x7f2919a93913 0x7f2919a9391b
+B+: 0x7f2919a9391c 0x7f2919a93930
+B+: 0x7f2919a93938 0x7f2919a9393c
+B+: 0x7f2919a93980 0x7f2919a9398f
+B+: 0x7f2919a93990 0x7f2919a9399b
+B+: 0x7f2919a9399c 0x7f2919a939ab
+B+: 0x7f2919a93a80 0x7f2919a93a93
+B+: 0x7f2919a93a94 0x7f2919a93aac
+B+: 0x7f2919a93aad 0x7f2919a93abf
+B+: 0x7f2919a93ac0 0x7f2919a93ada
+B+: 0x7f2919a93adb 0x7f2919a93ae3
+B+: 0x7f2919a93aec 0x7f2919a93af8
+B+: 0x7f2919a93af9 0x7f2919a93b02
+B+: 0x7f2919a93b03 0x7f2919a93b06
+B+: 0x7f2919a93b07 0x7f2919a93b1a
+B+: 0x7f2919a93c49 0x7f2919a93c55
+B+: 0x7f2919a93c56 0x7f2919a93c67
+B+: 0x7f2919a93c82 0x7f2919a93c93
+B+: 0x7f2919a93d77 0x7f2919a93d82
+B+: 0x7f2919a93da0 0x7f2919a93db2
+B+: 0x7f2919a93db3 0x7f2919a93ddf
+B+: 0x7f2919a93de0 0x7f2919a93deb
+B+: 0x7f2919a93dec 0x7f2919a93dfc
+B+: 0x7f2919a93dfd 0x7f2919a93e18
+B+: 0x7f2919a93e19 0x7f2919a93e25
+B+: 0x7f2919a93e26 0x7f2919a93e2e
+B+: 0x7f2919a93e2f 0x7f2919a93e3f
+B+: 0x7f2919a93e40 0x7f2919a93e44
+B+: 0x7f2919a93e45 0x7f2919a93e50
+B+: 0x7f2919a93e51 0x7f2919a93e5d
+B+: 0x7f2919a93e5e 0x7f2919a93e77
+B+: 0x7f2919a93ece 0x7f2919a93ed2
+B+: 0x7f2919a93ed3 0x7f2919a93ede
+B+: 0x7f2919a93ee0 0x7f2919a93eec
+B+: 0x7f2919a93f60 0x7f2919a93f7c
+B+: 0x7f2919a94120 0x7f2919a94128
+B+: 0x7f2919a94129 0x7f2919a94147
+B+: 0x7f2919a94750 0x7f2919a9475e
+B+: 0x7f2919a9475f 0x7f2919a94763
+B+: 0x7f2919a94764 0x7f2919a94770
+B+: 0x7f2919a94771 0x7f2919a94777
+B+: 0x7f2919a94778 0x7f2919a94783
+B+: 0x7f2919a94784 0x7f2919a94788
+B+: 0x7f2919a94789 0x7f2919a9478d
+B+: 0x7f2919a9478e 0x7f2919a94796
+B+: 0x7f2919a94797 0x7f2919a9479e
+B+: 0x7f2919a94890 0x7f2919a94892
+B+: 0x7f2919a948a7 0x7f2919a948ab
+B+: 0x7f2919a948ac 0x7f2919a948b2
+B+: 0x7f2919a948b3 0x7f2919a948b6
+B+: 0x7f2919a948d0 0x7f2919a948e1
+B+: 0x7f2919a948e2 0x7f2919a948e6
+B+: 0x7f2919a948e7 0x7f2919a948eb
+B+: 0x7f2919a948ec 0x7f2919a948f1
+B+: 0x7f2919a948f2 0x7f2919a948fa
+B+: 0x7f2919a948fb 0x7f2919a948fc
+B+: 0x7f2919a94940 0x7f2919a94948
+B+: 0x7f2919a94949 0x7f2919a94951
+B+: 0x7f2919a94980 0x7f2919a94988
+B+: 0x7f2919a94989 0x7f2919a9498a
+B+: 0x7f2919a9498b 0x7f2919a94991
+B+: 0x7f2919a94992 0x7f2919a949a2
+B+: 0x7f2919a949a8 0x7f2919a949ac
+B+: 0x7f2919a949eb 0x7f2919a94a00
+B+: 0x7f2919a94a08 0x7f2919a94a10
+B+: 0x7f2919a94af0 0x7f2919a94b11
+B+: 0x7f2919a94b12 0x7f2919a94b16
+B+: 0x7f2919a94b17 0x7f2919a94b1d
+B+: 0x7f2919a94b1e 0x7f2919a94b26
+B+: 0x7f2919a94b27 0x7f2919a94b34
+B+: 0x7f2919a94b35 0x7f2919a94b3c
+B+: 0x7f2919a94b3d 0x7f2919a94b49
+B+: 0x7f2919a94b4a 0x7f2919a94b5a
+B+: 0x7f2919a94b5b 0x7f2919a94b63
+B+: 0x7f2919a94b7f 0x7f2919a94b93
+B+: 0x7f2919a94b94 0x7f2919a94b9c
+B+: 0x7f2919a94be0 0x7f2919a94bf7
+B+: 0x7f2919a94bf8 0x7f2919a94c00
+B+: 0x7f2919a94c1b 0x7f2919a94c2b
+B+: 0x7f2919a94d40 0x7f2919a94d5e
+B+: 0x7f2919a94d5f 0x7f2919a94d6d
+B+: 0x7f2919a94d6e 0x7f2919a94d72
+B+: 0x7f2919a94d7d 0x7f2919a94d90
+B+: 0x7f2919a94d91 0x7f2919a94d95
+B+: 0x7f2919a94d96 0x7f2919a94d9a
+B+: 0x7f2919a94da0 0x7f2919a94da4
+B+: 0x7f2919a94dd5 0x7f2919a94dd9
+B+: 0x7f2919a94dda 0x7f2919a94dde
+B+: 0x7f2919a94df0 0x7f2919a94dfb
+B+: 0x7f2919a94dfc 0x7f2919a94e07
+B+: 0x7f2919a94e08 0x7f2919a94e10
+B+: 0x7f2919a94e2c 0x7f2919a94e30
+B+: 0x7f2919a94e31 0x7f2919a94e36
+B+: 0x7f2919a94e41 0x7f2919a94e45
+B+: 0x7f2919a94e46 0x7f2919a94e54
+B+: 0x7f2919a94e55 0x7f2919a94e5d
+B+: 0x7f2919a94e5e 0x7f2919a94e62
+B+: 0x7f2919a94e63 0x7f2919a94e74
+B+: 0x7f2919a94e78 0x7f2919a94e84
+B+: 0x7f2919a94ea0 0x7f2919a94ea4
+B+: 0x7f2919a94ef0 0x7f2919a94f03
+B+: 0x7f2919a94f40 0x7f2919a94f76
+B+: 0x7f2919a94f77 0x7f2919a94f82
+B+: 0x7f2919a94f83 0x7f2919a94f92
+B+: 0x7f2919a9501b 0x7f2919a95031
+B+: 0x7f2919a95032 0x7f2919a95040
+B+: 0x7f2919a95075 0x7f2919a950b8
+B+: 0x7f2919a950b9 0x7f2919a950c3
+B+: 0x7f2919a950c4 0x7f2919a950cc
+B+: 0x7f2919a950cd 0x7f2919a950d5
+B+: 0x7f2919a950d6 0x7f2919a950de
+B+: 0x7f2919a950df 0x7f2919a95106
+B+: 0x7f2919a95107 0x7f2919a95133
+B+: 0x7f2919a95578 0x7f2919a95581
+B+: 0x7f2919a95582 0x7f2919a955a8
+B+: 0x7f2919a955a9 0x7f2919a955b6
+B+: 0x7f2919a955d0 0x7f2919a955e0
+B+: 0x7f2919a955e1 0x7f2919a955ee
+B+: 0x7f2919a955ef 0x7f2919a955f3
+B+: 0x7f2919a95670 0x7f2919a9567e
+B+: 0x7f2919a9567f 0x7f2919a95683
+B+: 0x7f2919a95684 0x7f2919a95692
+B+: 0x7f2919a95693 0x7f2919a9569a
+B+: 0x7f2919a9569b 0x7f2919a956a2
+B+: 0x7f2919a956a3 0x7f2919a956b7
+B+: 0x7f2919a95790 0x7f2919a957bc
+B+: 0x7f2919a957bd 0x7f2919a957d4
+B+: 0x7f2919a957e0 0x7f2919a9583a
+B+: 0x7f2919a9583b 0x7f2919a95875
+B+: 0x7f2919a95876 0x7f2919a95893
+B+: 0x7f2919a95894 0x7f2919a958a3
+B+: 0x7f2919a958a4 0x7f2919a958b0
+B+: 0x7f2919a959b4 0x7f2919a959b8
+B+: 0x7f2919a959b9 0x7f2919a959cf
+B+: 0x7f2919a959d0 0x7f2919a959dc
+B+: 0x7f2919a959dd 0x7f2919a959ef
+B+: 0x7f2919a959f0 0x7f2919a959f7
+B+: 0x7f2919a95a01 0x7f2919a95a16
+B+: 0x7f2919a95a28 0x7f2919a95a3d
+B+: 0x7f2919a95a3e 0x7f2919a95a4d
+B+: 0x7f2919a95a79 0x7f2919a95a97
+B+: 0x7f2919a95a98 0x7f2919a95ac0
+B+: 0x7f2919a95ac1 0x7f2919a95acf
+B+: 0x7f2919a96148 0x7f2919a96154
+B+: 0x7f2919a96155 0x7f2919a96174
+B+: 0x7f2919a96175 0x7f2919a9617f
+B+: 0x7f2919a961ac 0x7f2919a961b0
+B+: 0x7f2919a961b1 0x7f2919a961b5
+B+: 0x7f2919a96a40 0x7f2919a96a64
+B+: 0x7f2919a96b10 0x7f2919a96b1a
+B+: 0x7f2919a96b40 0x7f2919a96b47
+B+: 0x7f2919a96b48 0x7f2919a96b51
+B+: 0x7f2919a96b58 0x7f2919a96b60
+B+: 0x7f2919a96b61 0x7f2919a96b6a
+B+: 0x7f2919a96b88 0x7f2919a96b8c
+B+: 0x7f2919a96b8d 0x7f2919a96b94
+B+: 0x7f2919a96ba0 0x7f2919a96ba4
+B+: 0x7f2919a96d00 0x7f2919a96d30
+B+: 0x7f2919a96e3f 0x7f2919a96e55
+B+: 0x7f2919a96e56 0x7f2919a96e67
+B+: 0x7f2919a971e0 0x7f2919a97222
+B+: 0x7f2919a97223 0x7f2919a97228
+B+: 0x7f2919a9724c 0x7f2919a97260
+B+: 0x7f2919a97261 0x7f2919a97269
+B+: 0x7f2919a97270 0x7f2919a97279
+B+: 0x7f2919a97288 0x7f2919a972a0
+B+: 0x7f2919a972a1 0x7f2919a972ba
+B+: 0x7f2919a972bb 0x7f2919a972bc
+B+: 0x7f2919a972d0 0x7f2919a972d8
+B+: 0x7f2919a972f8 0x7f2919a972f8
+B+: 0x7f2919a97300 0x7f2919a9730c
+B+: 0x7f2919a9733f 0x7f2919a97343
+B+: 0x7f2919a97380 0x7f2919a97384
+B+: 0x7f2919a973d0 0x7f2919a973e3
+B+: 0x7f2919a97400 0x7f2919a97400
+B+: 0x7f2919a97420 0x7f2919a9745b
+B+: 0x7f2919a97467 0x7f2919a97471
+B+: 0x7f2919a97472 0x7f2919a97489
+B+: 0x7f2919a9748a 0x7f2919a9748d
+B+: 0x7f2919a9748e 0x7f2919a97494
+B+: 0x7f2919a97495 0x7f2919a9749d
+B+: 0x7f2919a9749e 0x7f2919a974a9
+B+: 0x7f2919a974aa 0x7f2919a974c2
+B+: 0x7f2919a974c3 0x7f2919a974ce
+B+: 0x7f2919a974cf 0x7f2919a974e5
+B+: 0x7f2919a974e6 0x7f2919a974f5
+B+: 0x7f2919a97500 0x7f2919a9750e
+B+: 0x7f2919a9750f 0x7f2919a97513
+B+: 0x7f2919a97514 0x7f2919a9751e
+B+: 0x7f2919a97540 0x7f2919a97549
+B+: 0x7f2919a9754a 0x7f2919a9754e
+B+: 0x7f2919a9754f 0x7f2919a97560
+B+: 0x7f2919a97568 0x7f2919a97577
+B+: 0x7f2919a97580 0x7f2919a97589
+B+: 0x7f2919a975a8 0x7f2919a975bb
+B+: 0x7f2919a975c0 0x7f2919a975ce
+B+: 0x7f2919a975cf 0x7f2919a975dc
+B+: 0x7f2919a976f0 0x7f2919a976fd
+B+: 0x7f2919a977a0 0x7f2919a977a0
+B+: 0x7f2919a977b0 0x7f2919a977ba
+B+: 0x7f2919a977bb 0x7f2919a977ce
+B+: 0x7f2919a977cf 0x7f2919a977d8
+B+: 0x7f2919a977d9 0x7f2919a977e6
+B+: 0x7f2919a97800 0x7f2919a9782d
+B+: 0x7f2919a9782e 0x7f2919a97831
+B+: 0x7f2919a97832 0x7f2919a97847
+B+: 0x7f2919a97864 0x7f2919a9786b
+B+: 0x7f2919a9786c 0x7f2919a9786f
+B+: 0x7f2919a97870 0x7f2919a97876
+B+: 0x7f2919a97877 0x7f2919a9787b
+B+: 0x7f2919a9787c 0x7f2919a97886
+B+: 0x7f2919a97ae0 0x7f2919a97b01
+B+: 0x7f2919a97b02 0x7f2919a97b0a
+B+: 0x7f2919a97b0b 0x7f2919a97b14
+B+: 0x7f2919a97b15 0x7f2919a97b19
+B+: 0x7f2919a97c00 0x7f2919a97c19
+B+: 0x7f2919a97c51 0x7f2919a97c8e
+B+: 0x7f2919a97c8f 0x7f2919a97c9e
+B+: 0x7f2919a97c9f 0x7f2919a97ca6
+B+: 0x7f2919a97df0 0x7f2919a97dfb
+B+: 0x7f2919a97e20 0x7f2919a97e20
+B+: 0x7f2919a97e30 0x7f2919a97e38
+B+: 0x7f2919a99940 0x7f2919a9994b
+B+: 0x7f2919a9994c 0x7f2919a99957
+B+: 0x7f2919a99958 0x7f2919a99964
+B+: 0x7f2919a99965 0x7f2919a99969
+B+: 0x7f2919a9996a 0x7f2919a9996f
+B+: 0x7f2919a99970 0x7f2919a99976
+B+: 0x7f2919a99980 0x7f2919a99987
+B+: 0x7f2919a99988 0x7f2919a9998c
+B+: 0x7f2919a9998d 0x7f2919a9999b
+B+: 0x7f2919a9999c 0x7f2919a999a0
+B+: 0x7f2919a999a1 0x7f2919a999a8
+B+: 0x7f2919a999a9 0x7f2919a999ad
+B+: 0x7f2919a999ae 0x7f2919a999b8
+B+: 0x7f2919a999b9 0x7f2919a999b9
+B+: 0x7f2919a999c0 0x7f2919a999c5
+B+: 0x7f2919a999c6 0x7f2919a999c9
+B+: 0x7f2919a999d0 0x7f2919a999d0
+B+: 0x7f2919a999d1 0x7f2919a999d5
+B+: 0x7f2919a999d6 0x7f2919a999d9
+B+: 0x7f2919a999e0 0x7f2919a999ff
+B+: 0x7f2919a99a00 0x7f2919a99a11
+B+: 0x7f2919a99a12 0x7f2919a99a16
+B+: 0x7f2919a99a20 0x7f2919a99a22
+B+: 0x7f2919a99a23 0x7f2919a99a2f
+B+: 0x7f2919a99a30 0x7f2919a99a33
+B+: 0x7f2919a99a34 0x7f2919a99a5d
+B+: 0x7f2919a99a5e 0x7f2919a99a62
+B+: 0x7f2919a99a63 0x7f2919a99a82
+B+: 0x7f2919a99ac0 0x7f2919a99ade
+B+: 0x7f2919a99adf 0x7f2919a99ae3
+B+: 0x7f2919a99ae4 0x7f2919a99ae8
+B+: 0x7f2919a99af0 0x7f2919a99af2
+B+: 0x7f2919a99af3 0x7f2919a99aff
+B+: 0x7f2919a99b00 0x7f2919a99b03
+B+: 0x7f2919a99b04 0x7f2919a99b3e
+B+: 0x7f2919a99b3f 0x7f2919a99b49
+B+: 0x7f2919a99b4a 0x7f2919a99b57
+B+: 0x7f2919a99b58 0x7f2919a99b5d
+B+: 0x7f2919a99b5e 0x7f2919a99b66
+B+: 0x7f2919a99b67 0x7f2919a99b70
+B+: 0x7f2919a99b71 0x7f2919a99b7a
+B+: 0x7f2919a99b7b 0x7f2919a99b9a
+B+: 0x7f2919a99b9b 0x7f2919a99ba3
+B+: 0x7f2919a99ba4 0x7f2919a99bbd
+B+: 0x7f2919a99bc0 0x7f2919a99bc5
+B+: 0x7f2919a99bc6 0x7f2919a99bcf
+B+: 0x7f2919a99bd0 0x7f2919a99bd9
+B+: 0x7f2919a99bda 0x7f2919a99bf7
+B+: 0x7f2919a99c08 0x7f2919a99c14
+B+: 0x7f2919a99c15 0x7f2919a99c1b
+B+: 0x7f2919a99c1c 0x7f2919a99c29
+B+: 0x7f2919a99cb0 0x7f2919a99cca
+B+: 0x7f2919a99ccb 0x7f2919a99cda
+B+: 0x7f2919a99cdb 0x7f2919a99ce6
+B+: 0x7f2919a99ce7 0x7f2919a99cef
+B+: 0x7f2919a99cf0 0x7f2919a99cf4
+B+: 0x7f2919a99cf5 0x7f2919a99cfc
+B+: 0x7f2919a99cfd 0x7f2919a99d10
+B+: 0x7f2919a99d11 0x7f2919a99d21
+B+: 0x7f2919a99d22 0x7f2919a99d26
+B+: 0x7f2919a99d27 0x7f2919a99d38
+B+: 0x7f2919a99d39 0x7f2919a99d4b
+B+: 0x7f2919a99d4c 0x7f2919a99d54
+B+: 0x7f2919a99d55 0x7f2919a99d5e
+B+: 0x7f2919a99d5f 0x7f2919a99d6d
+B+: 0x7f2919a99ea0 0x7f2919a99eb6
+B+: 0x7f2919a99eb7 0x7f2919a99ebb
+B+: 0x7f2919a99ebc 0x7f2919a99ec0
+B+: 0x7f2919a99ec8 0x7f2919a99ecb
+B+: 0x7f2919a99ecc 0x7f2919a99ed9
+B+: 0x7f2919a99eda 0x7f2919a99edd
+B+: 0x7f2919a99ede 0x7f2919a99f06
+B+: 0x7f2919a99f07 0x7f2919a99f10
+B+: 0x7f2919a99f11 0x7f2919a99f16
+B+: 0x7f2919a99f17 0x7f2919a99f24
+B+: 0x7f2919a99f25 0x7f2919a99f2d
+B+: 0x7f2919a9a440 0x7f2919a9a46b
+B+: 0x7f2919a9a46c 0x7f2919a9a470
+B+: 0x7f2919a9a471 0x7f2919a9a475
+B+: 0x7f2919a9a536 0x7f2919a9a53e
+B+: 0x7f2919a9a53f 0x7f2919a9a548
+B+: 0x7f2919a9a549 0x7f2919a9a551
+B+: 0x7f2919a9a5d0 0x7f2919a9a5e4
+B+: 0x7f2919a9a5e5 0x7f2919a9a606
+B+: 0x7f2919a9a607 0x7f2919a9a610
+B+: 0x7f2919a9a611 0x7f2919a9a618
+B+: 0x7f2919a9a640 0x7f2919a9a648
+B+: 0x7f2919a9a649 0x7f2919a9a656
+B+: 0x7f2919a9a657 0x7f2919a9a65f
+B+: 0x7f2919a9a660 0x7f2919a9a661
+B+: 0x7f2919a9a760 0x7f2919a9a7aa
+B+: 0x7f2919a9a7ab 0x7f2919a9a7af
+B+: 0x7f2919a9a7b0 0x7f2919a9a7be
+B+: 0x7f2919a9a7c8 0x7f2919a9a7d3
+B+: 0x7f2919a9a7d4 0x7f2919a9a7d8
+B+: 0x7f2919a9a7d9 0x7f2919a9a7e0
+B+: 0x7f2919a9a7e1 0x7f2919a9a7e5
+B+: 0x7f2919a9a7e6 0x7f2919a9a7f3
+B+: 0x7f2919a9a7f4 0x7f2919a9a7fb
+B+: 0x7f2919a9a800 0x7f2919a9a810
+B+: 0x7f2919a9a811 0x7f2919a9a815
+B+: 0x7f2919a9a816 0x7f2919a9a832
+B+: 0x7f2919a9a833 0x7f2919a9a843
+B+: 0x7f2919a9a844 0x7f2919a9a84f
+B+: 0x7f2919a9a850 0x7f2919a9a857
+B+: 0x7f2919a9a858 0x7f2919a9a85c
+B+: 0x7f2919a9a85d 0x7f2919a9a868
+B+: 0x7f2919a9a869 0x7f2919a9a87b
+B+: 0x7f2919a9a87c 0x7f2919a9a884
+B+: 0x7f2919a9a888 0x7f2919a9a897
+B+: 0x7f2919a9a898 0x7f2919a9a89b
+B+: 0x7f2919a9a89c 0x7f2919a9a8b4
+B+: 0x7f2919a9a8b5 0x7f2919a9a8b8
+B+: 0x7f2919a9a8b9 0x7f2919a9a8c6
+B+: 0x7f2919a9a8c7 0x7f2919a9a8d5
+B+: 0x7f2919a9adc0 0x7f2919a9adec
+B+: 0x7f2919a9aded 0x7f2919a9adf2
+B+: 0x7f2919a9adf3 0x7f2919a9ae04
+B+: 0x7f2919a9ae05 0x7f2919a9ae0d
+B+: 0x7f2919a9ae0e 0x7f2919a9ae1c
+CND+ 0x7f2919a8900e: taken
+CND+ 0x7f2919a895ea: not taken
+CND+ 0x7f2919a89626: not taken
+CND+ 0x7f2919a8963b: taken
+CND+ 0x7f2919a89673: not taken
+CND+ 0x7f2919a89687: not taken
+CND+ 0x7f2919a89695: not taken
+CND+ 0x7f2919a897e2: taken
+CND+ 0x7f2919a89862: not taken
+CND+ 0x7f2919a8987c: both
+CND+ 0x7f2919a898a9: not taken
+CND+ 0x7f2919a89a5d: not taken
+CND+ 0x7f2919a89a62: taken
+CND+ 0x7f2919a8a6e6: not taken
+CND+ 0x7f2919a8a704: taken
+CND+ 0x7f2919a8a71a: not taken
+CND+ 0x7f2919a8a71f: taken
+CND+ 0x7f2919a8a72f: taken
+CND+ 0x7f2919a8a74c: not taken
+CND+ 0x7f2919a8a756: not taken
+CND+ 0x7f2919a8a78f: not taken
+CND+ 0x7f2919a8a79b: taken
+CND+ 0x7f2919a8b079: taken
+CND+ 0x7f2919a8b11b: not taken
+CND+ 0x7f2919a8b149: not taken
+CND+ 0x7f2919a8b158: not taken
+CND+ 0x7f2919a8b190: not taken
+CND+ 0x7f2919a8b1ce: taken
+CND+ 0x7f2919a8bc20: not taken
+CND+ 0x7f2919a8bc2d: taken
+CND+ 0x7f2919a8bc48: not taken
+CND+ 0x7f2919a8bc5f: both
+CND+ 0x7f2919a8bc88: not taken
+CND+ 0x7f2919a8bed2: taken
+CND+ 0x7f2919a8bf55: not taken
+CND+ 0x7f2919a8bf7e: not taken
+CND+ 0x7f2919a8bf8a: not taken
+CND+ 0x7f2919a8bf93: both
+CND+ 0x7f2919a8bfc4: not taken
+CND+ 0x7f2919a8bfe2: both
+CND+ 0x7f2919a8bffb: taken
+CND+ 0x7f2919a8c05a: taken
+CND+ 0x7f2919a8c0af: not taken
+CND+ 0x7f2919a8c0b8: taken
+CND+ 0x7f2919a8c0e0: taken
+CND+ 0x7f2919a8c116: not taken
+CND+ 0x7f2919a8c15a: not taken
+CND+ 0x7f2919a8c163: taken
+CND+ 0x7f2919a8c21b: taken
+CND+ 0x7f2919a8c24a: taken
+CND+ 0x7f2919a8c27c: not taken
+CND+ 0x7f2919a8c36a: taken
+CND+ 0x7f2919a8c520: not taken
+CND+ 0x7f2919a8c529: not taken
+CND+ 0x7f2919a8c532: taken
+CND+ 0x7f2919a8c8eb: not taken
+CND+ 0x7f2919a8c906: both
+CND+ 0x7f2919a8c93d: not taken
+CND+ 0x7f2919a8c985: both
+CND+ 0x7f2919a8c9f6: taken
+CND+ 0x7f2919a8ca20: both
+CND+ 0x7f2919a8ca29: not taken
+CND+ 0x7f2919a8ca33: not taken
+CND+ 0x7f2919a8cae4: not taken
+CND+ 0x7f2919a8cafb: taken
+CND+ 0x7f2919a8cb2a: both
+CND+ 0x7f2919a8cb30: both
+CND+ 0x7f2919a8cb40: taken
+CND+ 0x7f2919a8cb60: not taken
+CND+ 0x7f2919a8cb96: not taken
+CND+ 0x7f2919a8cbe5: taken
+CND+ 0x7f2919a8cda0: not taken
+CND+ 0x7f2919a8cda9: not taken
+CND+ 0x7f2919a8cdc8: both
+CND+ 0x7f2919a8cdd0: both
+CND+ 0x7f2919a8ce2e: taken
+CND+ 0x7f2919a8ce57: not taken
+CND+ 0x7f2919a8ceac: taken
+CND+ 0x7f2919a8ced8: taken
+CND+ 0x7f2919a8cfa3: not taken
+CND+ 0x7f2919a8cfc0: taken
+CND+ 0x7f2919a8d019: not taken
+CND+ 0x7f2919a8d065: not taken
+CND+ 0x7f2919a8d06f: not taken
+CND+ 0x7f2919a8d089: both
+CND+ 0x7f2919a8d09d: not taken
+CND+ 0x7f2919a8d0ab: taken
+CND+ 0x7f2919a8d14c: not taken
+CND+ 0x7f2919a8d156: taken
+CND+ 0x7f2919a8d1cc: taken
+CND+ 0x7f2919a8d1ee: taken
+CND+ 0x7f2919a8d811: both
+CND+ 0x7f2919a8d81b: not taken
+CND+ 0x7f2919a8d81f: not taken
+CND+ 0x7f2919a8d839: taken
+CND+ 0x7f2919a8d859: taken
+CND+ 0x7f2919a8d861: taken
+CND+ 0x7f2919a8e45f: taken
+CND+ 0x7f2919a8e626: not taken
+CND+ 0x7f2919a8e6ca: taken
+CND+ 0x7f2919a8e762: taken
+CND+ 0x7f2919a8f2a4: taken
+CND+ 0x7f2919a8f2bd: not taken
+CND+ 0x7f2919a8f2cd: not taken
+CND+ 0x7f2919a8f30f: taken
+CND+ 0x7f2919a8f327: taken
+CND+ 0x7f2919a8f33a: not taken
+CND+ 0x7f2919a8f343: taken
+CND+ 0x7f2919a8f381: not taken
+CND+ 0x7f2919a8f3d6: taken
+CND+ 0x7f2919a8f3e7: taken
+CND+ 0x7f2919a8f895: not taken
+CND+ 0x7f2919a8f8a8: not taken
+CND+ 0x7f2919a8f8d2: not taken
+CND+ 0x7f2919a8f907: not taken
+CND+ 0x7f2919a8f942: taken
+CND+ 0x7f2919a8f953: not taken
+CND+ 0x7f2919a8f963: taken
+CND+ 0x7f2919a8fa7b: not taken
+CND+ 0x7f2919a8fdbc: both
+CND+ 0x7f2919a8fdc9: both
+CND+ 0x7f2919a8fe03: not taken
+CND+ 0x7f2919a8fe0d: not taken
+CND+ 0x7f2919a8fe18: taken
+CND+ 0x7f2919a901a1: not taken
+CND+ 0x7f2919a901ab: not taken
+CND+ 0x7f2919a901e4: taken
+CND+ 0x7f2919a901f2: taken
+CND+ 0x7f2919a9020a: not taken
+CND+ 0x7f2919a90225: not taken
+CND+ 0x7f2919a9022f: not taken
+CND+ 0x7f2919a90247: taken
+CND+ 0x7f2919a90533: taken
+CND+ 0x7f2919a90582: taken
+CND+ 0x7f2919a90655: taken
+CND+ 0x7f2919a90698: taken
+CND+ 0x7f2919a90703: not taken
+CND+ 0x7f2919a9070c: taken
+CND+ 0x7f2919a90725: not taken
+CND+ 0x7f2919a90742: not taken
+CND+ 0x7f2919a9075a: not taken
+CND+ 0x7f2919a90765: not taken
+CND+ 0x7f2919a90792: not taken
+CND+ 0x7f2919a90797: taken
+CND+ 0x7f2919a907a9: taken
+CND+ 0x7f2919a907ad: not taken
+CND+ 0x7f2919a907bc: taken
+CND+ 0x7f2919a907ce: taken
+CND+ 0x7f2919a90848: taken
+CND+ 0x7f2919a90889: not taken
+CND+ 0x7f2919a9089b: not taken
+CND+ 0x7f2919a908a8: taken
+CND+ 0x7f2919a90c2f: not taken
+CND+ 0x7f2919a90c57: taken
+CND+ 0x7f2919a90c65: not taken
+CND+ 0x7f2919a90c6e: taken
+CND+ 0x7f2919a90c86: not taken
+CND+ 0x7f2919a90cae: taken
+CND+ 0x7f2919a91366: taken
+CND+ 0x7f2919a919d6: taken
+CND+ 0x7f2919a91a31: not taken
+CND+ 0x7f2919a91a51: taken
+CND+ 0x7f2919a91aad: not taken
+CND+ 0x7f2919a91ab5: taken
+CND+ 0x7f2919a91b00: taken
+CND+ 0x7f2919a91b5a: not taken
+CND+ 0x7f2919a91b62: not taken
+CND+ 0x7f2919a91b6b: not taken
+CND+ 0x7f2919a91b75: not taken
+CND+ 0x7f2919a91b7f: taken
+CND+ 0x7f2919a91b9b: taken
+CND+ 0x7f2919a91c3c: taken
+CND+ 0x7f2919a91ed9: not taken
+CND+ 0x7f2919a91ee6: not taken
+CND+ 0x7f2919a91f01: not taken
+CND+ 0x7f2919a91f1a: not taken
+CND+ 0x7f2919a91f20: not taken
+CND+ 0x7f2919a91f26: taken
+CND+ 0x7f2919a9276c: not taken
+CND+ 0x7f2919a9278c: not taken
+CND+ 0x7f2919a927d8: both
+CND+ 0x7f2919a927e1: taken
+CND+ 0x7f2919a92806: not taken
+CND+ 0x7f2919a92840: not taken
+CND+ 0x7f2919a9284a: not taken
+CND+ 0x7f2919a92965: both
+CND+ 0x7f2919a92989: not taken
+CND+ 0x7f2919a929b2: not taken
+CND+ 0x7f2919a929bc: not taken
+CND+ 0x7f2919a929e3: not taken
+CND+ 0x7f2919a92a13: taken
+CND+ 0x7f2919a92afd: not taken
+CND+ 0x7f2919a92b1a: not taken
+CND+ 0x7f2919a92b61: taken
+CND+ 0x7f2919a93711: not taken
+CND+ 0x7f2919a9371d: not taken
+CND+ 0x7f2919a93722: not taken
+CND+ 0x7f2919a93748: not taken
+CND+ 0x7f2919a9374c: not taken
+CND+ 0x7f2919a9375f: not taken
+CND+ 0x7f2919a937a4: not taken
+CND+ 0x7f2919a938f3: both
+CND+ 0x7f2919a9390f: both
+CND+ 0x7f2919a93911: not taken
+CND+ 0x7f2919a9391a: taken
+CND+ 0x7f2919a93a92: not taken
+CND+ 0x7f2919a93aba: not taken
+CND+ 0x7f2919a93ad5: both
+CND+ 0x7f2919a93ade: taken
+CND+ 0x7f2919a93af7: not taken
+CND+ 0x7f2919a93b01: not taken
+CND+ 0x7f2919a93b05: not taken
+CND+ 0x7f2919a93b19: taken
+CND+ 0x7f2919a93c50: not taken
+CND+ 0x7f2919a93c62: taken
+CND+ 0x7f2919a93db1: not taken
+CND+ 0x7f2919a93dea: both
+CND+ 0x7f2919a93e13: not taken
+CND+ 0x7f2919a93e20: taken
+CND+ 0x7f2919a93e2d: not taken
+CND+ 0x7f2919a93e43: not taken
+CND+ 0x7f2919a93e4f: both
+CND+ 0x7f2919a93e58: not taken
+CND+ 0x7f2919a93e72: taken
+CND+ 0x7f2919a93ee7: taken
+CND+ 0x7f2919a9475d: both
+CND+ 0x7f2919a9476f: not taken
+CND+ 0x7f2919a94782: both
+CND+ 0x7f2919a94787: both
+CND+ 0x7f2919a94795: both
+CND+ 0x7f2919a948b1: not taken
+CND+ 0x7f2919a948dc: not taken
+CND+ 0x7f2919a948ea: not taken
+CND+ 0x7f2919a948ec: both
+CND+ 0x7f2919a948f5: not taken
+CND+ 0x7f2919a948fb: taken
+CND+ 0x7f2919a94943: not taken
+CND+ 0x7f2919a9494c: taken
+CND+ 0x7f2919a94983: not taken
+CND+ 0x7f2919a94989: both
+CND+ 0x7f2919a94990: not taken
+CND+ 0x7f2919a949ab: taken
+CND+ 0x7f2919a94a0b: taken
+CND+ 0x7f2919a94b10: both
+CND+ 0x7f2919a94b1c: not taken
+CND+ 0x7f2919a94b21: both
+CND+ 0x7f2919a94b2f: not taken
+CND+ 0x7f2919a94b37: both
+CND+ 0x7f2919a94b44: both
+CND+ 0x7f2919a94b5e: taken
+CND+ 0x7f2919a94b92: both
+CND+ 0x7f2919a94b9b: taken
+CND+ 0x7f2919a94bfb: taken
+CND+ 0x7f2919a94d68: both
+CND+ 0x7f2919a94d71: taken
+CND+ 0x7f2919a94d8b: not taken
+CND+ 0x7f2919a94da3: taken
+CND+ 0x7f2919a94ddd: taken
+CND+ 0x7f2919a94e02: not taken
+CND+ 0x7f2919a94e0b: taken
+CND+ 0x7f2919a94e2f: not taken
+CND+ 0x7f2919a94e35: taken
+CND+ 0x7f2919a94e4f: not taken
+CND+ 0x7f2919a94e58: both
+CND+ 0x7f2919a94f7d: not taken
+CND+ 0x7f2919a9502c: not taken
+CND+ 0x7f2919a950c7: not taken
+CND+ 0x7f2919a950d0: both
+CND+ 0x7f2919a950d9: not taken
+CND+ 0x7f2919a955a7: both
+CND+ 0x7f2919a955ed: not taken
+CND+ 0x7f2919a955f2: taken
+CND+ 0x7f2919a95682: not taken
+CND+ 0x7f2919a956a1: not taken
+CND+ 0x7f2919a957bb: not taken
+CND+ 0x7f2919a95835: not taken
+CND+ 0x7f2919a95870: not taken
+CND+ 0x7f2919a9588e: not taken
+CND+ 0x7f2919a9589e: not taken
+CND+ 0x7f2919a959ca: both
+CND+ 0x7f2919a959ea: taken
+CND+ 0x7f2919a959f6: taken
+CND+ 0x7f2919a95a15: taken
+CND+ 0x7f2919a95a38: not taken
+CND+ 0x7f2919a95a48: taken
+CND+ 0x7f2919a95abb: not taken
+CND+ 0x7f2919a9614f: not taken
+CND+ 0x7f2919a9616f: not taken
+CND+ 0x7f2919a9617e: taken
+CND+ 0x7f2919a96a5f: taken
+CND+ 0x7f2919a96b46: not taken
+CND+ 0x7f2919a96b50: taken
+CND+ 0x7f2919a96b69: taken
+CND+ 0x7f2919a96b93: taken
+CND+ 0x7f2919a96d2b: taken
+CND+ 0x7f2919a96e50: not taken
+CND+ 0x7f2919a97227: taken
+CND+ 0x7f2919a9725f: not taken
+CND+ 0x7f2919a97278: taken
+CND+ 0x7f2919a972b9: not taken
+CND+ 0x7f2919a972d7: taken
+CND+ 0x7f2919a9730b: taken
+CND+ 0x7f2919a97383: taken
+CND+ 0x7f2919a973e2: taken
+CND+ 0x7f2919a97456: taken
+CND+ 0x7f2919a97488: both
+CND+ 0x7f2919a9748c: not taken
+CND+ 0x7f2919a97493: not taken
+CND+ 0x7f2919a97498: both
+CND+ 0x7f2919a974e0: not taken
+CND+ 0x7f2919a97512: not taken
+CND+ 0x7f2919a97519: taken
+CND+ 0x7f2919a97548: not taken
+CND+ 0x7f2919a9754d: not taken
+CND+ 0x7f2919a975c9: not taken
+CND+ 0x7f2919a975d7: taken
+CND+ 0x7f2919a976f8: taken
+CND+ 0x7f2919a977b9: not taken
+CND+ 0x7f2919a97830: not taken
+CND+ 0x7f2919a97846: taken
+CND+ 0x7f2919a9786e: not taken
+CND+ 0x7f2919a97b09: not taken
+CND+ 0x7f2919a97b13: not taken
+CND+ 0x7f2919a97c18: taken
+CND+ 0x7f2919a97c9d: not taken
+CND+ 0x7f2919a97dfa: taken
+CND+ 0x7f2919a99946: both
+CND+ 0x7f2919a99963: both
+CND+ 0x7f2919a99968: not taken
+CND+ 0x7f2919a9996e: not taken
+CND+ 0x7f2919a99986: not taken
+CND+ 0x7f2919a9998b: both
+CND+ 0x7f2919a9999a: both
+CND+ 0x7f2919a9999f: both
+CND+ 0x7f2919a999ac: both
+CND+ 0x7f2919a999b7: both
+CND+ 0x7f2919a999c4: not taken
+CND+ 0x7f2919a99a10: not taken
+CND+ 0x7f2919a99a15: taken
+CND+ 0x7f2919a99a2e: both
+CND+ 0x7f2919a99a32: both
+CND+ 0x7f2919a99a5c: both
+CND+ 0x7f2919a99add: not taken
+CND+ 0x7f2919a99ae2: not taken
+CND+ 0x7f2919a99afe: not taken
+CND+ 0x7f2919a99b02: both
+CND+ 0x7f2919a99b48: both
+CND+ 0x7f2919a99b52: not taken
+CND+ 0x7f2919a99b5c: not taken
+CND+ 0x7f2919a99b65: both
+CND+ 0x7f2919a99b6b: taken
+CND+ 0x7f2919a99b75: not taken
+CND+ 0x7f2919a99b95: not taken
+CND+ 0x7f2919a99ba2: not taken
+CND+ 0x7f2919a99bc4: not taken
+CND+ 0x7f2919a99bce: not taken
+CND+ 0x7f2919a99bf6: taken
+CND+ 0x7f2919a99c24: taken
+CND+ 0x7f2919a99ce1: not taken
+CND+ 0x7f2919a99cea: not taken
+CND+ 0x7f2919a99cf3: not taken
+CND+ 0x7f2919a99d25: not taken
+CND+ 0x7f2919a99d53: not taken
+CND+ 0x7f2919a99d5d: not taken
+CND+ 0x7f2919a99eb5: not taken
+CND+ 0x7f2919a99eba: not taken
+CND+ 0x7f2919a99ed8: both
+CND+ 0x7f2919a99edc: taken
+CND+ 0x7f2919a99f0f: not taken
+CND+ 0x7f2919a99f15: not taken
+CND+ 0x7f2919a9a46f: not taken
+CND+ 0x7f2919a9a53d: not taken
+CND+ 0x7f2919a9a547: not taken
+CND+ 0x7f2919a9a605: not taken
+CND+ 0x7f2919a9a60f: not taken
+CND+ 0x7f2919a9a647: not taken
+CND+ 0x7f2919a9a65e: not taken
+CND+ 0x7f2919a9a7bd: taken
+CND+ 0x7f2919a9a7d2: taken
+CND+ 0x7f2919a9a7df: not taken
+CND+ 0x7f2919a9a7e4: both
+CND+ 0x7f2919a9a7fa: taken
+CND+ 0x7f2919a9a856: not taken
+CND+ 0x7f2919a9a85b: taken
+CND+ 0x7f2919a9a87a: not taken
+CND+ 0x7f2919a9a89a: not taken
+CND+ 0x7f2919a9a8b7: not taken
+CND+ 0x7f2919a9a8c5: not taken
+CND+ 0x7f2919a9a8d4: taken
+CND+ 0x7f2919a9adf1: not taken
+CND+ 0x7f2919a9ae0c: not taken
@0x7f2919a89050 to 0x7f291d5c2a30 4
@0x7f2919a89080 to 0x7f291d562330 2
@0x7f2919a89090 to 0x7f291d604710 1
@0x7f2919a890a0 to 0x7f291d5dae70 5
@0x7f2919a890d0 to 0x7f291d575a20 7
@0x7f2919a890f0 to 0x7f291d699800 4
@0x7f2919a89130 to 0x7f291d6051e0 1
@0x7f2919a89140 to 0x7f291d579c10 1
@0x7f2919a89150 to 0x7f291d627800 4
@0x7f2919a89160 to 0x7f291d604230 1
@0x7f2919a89190 to 0x7f291d699bc0 8
@0x7f2919a891c0 to 0x7f291d605200 1
@0x7f2919a891e0 to 0x7f291d6995d0 1
@0x7f2919a89220 to 0x7f291d605210 2
@0x7f2919a89230 to 0x7f291d628b10 1
@0x7f2919a8b16e to 0x7f2919a8b1c0 1
@0x7f2919a89280 to 0x7f291d694d10 12
@0x7f2919a892a0 to 0x7f291d575450 4
@0x7f2919a8b1ac to 0x7f2919a8be90 1
@0x7f2919a892d0 to 0x7f291d695100 9
@0x7f2919a89320 to 0x7f291d5760f0 4
@0x7f2919a89330 to 0x7f291d69a100 6
@0x7f2919a89350 to 0x7f291d605220 1
@0x7f2919a89370 to 0x7f291d627800 2
@0x7f2919a89390 to 0x7f291d5c23e0 23
@0x7f2919a893b0 to 0x7f291d605230 1
@0x7f2919a893c0 to 0x7f291d694e90 24
@0x7f2919a893e0 to 0x7f291d645ba0 1
@0x7f2919a89410 to 0x7f291d5c2c80 1
@0x7f2919a89460 to 0x7f291d69a0e0 14
@0x7f2919a89510 to 0x7f291d6051f0 1
@0x7f2919a89560 to 0x7f291d6044e0 1
@0x7f2919a89570 to 0x7f291d56e580 191
@0x7f2919a94f91 to 0x7f2919a95075 1
@0x7f2919a89784 to 0x7f291d561fb0 1
@0x7f2919a9ae01 to 0x7f2919a89840 1
@0x7f2919a9755f to 0x7f2919a97580 1
@0x7f2919a9755f to 0x7f2919a975c0 1
@0x7f2919a9755f to 0x7f2919a975a8 2
@0x7f2919a958af to 0x7f2919a95a01 203
@0x7f2919a958af to 0x7f2919a959f0 11
@0x7f2919a958af to 0x7f2919a95a28 1
@0x7f2919a99c19 to 0x7f2919a8d7d0 1
@0x7f2919a99c19 to 0x7f2919a94120 1
