MODULE_NAME: /usr/bin/gs
MODULE_START: 0x7ff8d45d4000
+B+: 0x7ff8d45d5000 0x7ff8d45d500f
+B+: 0x7ff8d45d5012 0x7ff8d45d5016
+B+: 0x7ff8d45d5020 0x7ff8d45d502b
+B+: 0x7ff8d45d5030 0x7ff8d45d5035
+B+: 0x7ff8d45d5036 0x7ff8d45d503f
+B+: 0x7ff8d45d5040 0x7ff8d45d5045
+B+: 0x7ff8d45d5046 0x7ff8d45d504f
+B+: 0x7ff8d45d5050 0x7ff8d45d5055
+B+: 0x7ff8d45d5056 0x7ff8d45d505f
+B+: 0x7ff8d45d5090 0x7ff8d45d5095
+B+: 0x7ff8d45d5096 0x7ff8d45d509f
+B+: 0x7ff8d45d50b0 0x7ff8d45d50b5
+B+: 0x7ff8d45d50b6 0x7ff8d45d50bf
+B+: 0x7ff8d45d50c0 0x7ff8d45d50c5
+B+: 0x7ff8d45d50c6 0x7ff8d45d50cf
+B+: 0x7ff8d45d50d0 0x7ff8d45d50d5
+B+: 0x7ff8d45d50d6 0x7ff8d45d50df
+B+: 0x7ff8d45d50e0 0x7ff8d45d50e5
+B+: 0x7ff8d45d50f0 0x7ff8d45d5121
+B+: 0x7ff8d45d5122 0x7ff8d45d5127
+B+: 0x7ff8d45d5128 0x7ff8d45d5130
+B+: 0x7ff8d45d5131 0x7ff8d45d5132
+B+: 0x7ff8d45d5133 0x7ff8d45d5137
+B+: 0x7ff8d45d5138 0x7ff8d45d5152
+B+: 0x7ff8d45d5153 0x7ff8d45d515b
+B+: 0x7ff8d45d5184 0x7ff8d45d51a2
+B+: 0x7ff8d45d51a3 0x7ff8d45d51b1
+B+: 0x7ff8d45d51b2 0x7ff8d45d51b7
+B+: 0x7ff8d45d51b8 0x7ff8d45d51c1
+B+: 0x7ff8d45d51c2 0x7ff8d45d51c5
+B+: 0x7ff8d45d51c6 0x7ff8d45d51ca
+B+: 0x7ff8d45d51cb 0x7ff8d45d51d6
+B+: 0x7ff8d45d51d7 0x7ff8d45d51db
+B+: 0x7ff8d45d5220 0x7ff8d45d5249
+B+: 0x7ff8d45d5250 0x7ff8d45d5262
+B+: 0x7ff8d45d5278 0x7ff8d45d5278
+B+: 0x7ff8d45d5280 0x7ff8d45d52a3
+B+: 0x7ff8d45d52b8 0x7ff8d45d52b8
+B+: 0x7ff8d45d52c0 0x7ff8d45d52c8
+B+: 0x7ff8d45d52c9 0x7ff8d45d52d6
+B+: 0x7ff8d45d52d7 0x7ff8d45d52e2
+B+: 0x7ff8d45d52e3 0x7ff8d45d52e7
+B+: 0x7ff8d45d52e8 0x7ff8d45d52f0
+B+: 0x7ff8d45d5300 0x7ff8d45d5304
+B+: 0x7ff8d45d5350 0x7ff8d45d5373
+B+: 0x7ff8d45d5374 0x7ff8d45d537c
+B+: 0x7ff8d45d537d 0x7ff8d45d5385
+B+: 0x7ff8d45d53c0 0x7ff8d45d53ec
+B+: 0x7ff8d45d53ed 0x7ff8d45d53f2
+B+: 0x7ff8d45d53f3 0x7ff8d45d5404
+B+: 0x7ff8d45d5405 0x7ff8d45d540d
+B+: 0x7ff8d45d540e 0x7ff8d45d541c
+B+: 0x7ff8d45d5424 0x7ff8d45d542c
+CND+ 0x7ff8d45d500e: taken
+CND+ 0x7ff8d45d5126: taken
+CND+ 0x7ff8d45d512b: not taken
+CND+ 0x7ff8d45d5131: not taken
+CND+ 0x7ff8d45d5136: not taken
+CND+ 0x7ff8d45d514d: not taken
+CND+ 0x7ff8d45d51b6: not taken
+CND+ 0x7ff8d45d51c4: not taken
+CND+ 0x7ff8d45d51c9: not taken
+CND+ 0x7ff8d45d5261: taken
+CND+ 0x7ff8d45d52a2: taken
+CND+ 0x7ff8d45d52c7: not taken
+CND+ 0x7ff8d45d52d5: not taken
+CND+ 0x7ff8d45d53f1: not taken
+CND+ 0x7ff8d45d540c: not taken
@0x7ff8d45d5026 to 0x7ff8d85c4500 7
@0x7ff8d45d5030 to 0x7ff8d45d5036 1
@0x7ff8d45d5040 to 0x7ff8d45d5046 1
@0x7ff8d45d5050 to 0x7ff8d45d5056 1
@0x7ff8d45d5090 to 0x7ff8d45d5096 1
@0x7ff8d45d50b0 to 0x7ff8d45d50b6 1
@0x7ff8d45d50c0 to 0x7ff8d45d50c6 1
@0x7ff8d45d50d0 to 0x7ff8d45d50d6 1
@0x7ff8d45d50e0 to 0x7ff8d712a1c0 1
@0x7ff8d45d5244 to 0x7ff8d7113fb0 1
@0x7ff8d45d5401 to 0x7ff8d45d5300 1
