MODULE_NAME: /usr/bin/gs
MODULE_START: 0x7f7f1b966000
+B+: 0x7f7f1b967000 0x7f7f1b96700f
+B+: 0x7f7f1b967012 0x7f7f1b967016
+B+: 0x7f7f1b967020 0x7f7f1b96702b
+B+: 0x7f7f1b967030 0x7f7f1b967035
+B+: 0x7f7f1b967036 0x7f7f1b96703f
+B+: 0x7f7f1b967040 0x7f7f1b967045
+B+: 0x7f7f1b967046 0x7f7f1b96704f
+B+: 0x7f7f1b967050 0x7f7f1b967055
+B+: 0x7f7f1b967056 0x7f7f1b96705f
+B+: 0x7f7f1b9670b0 0x7f7f1b9670b5
+B+: 0x7f7f1b9670b6 0x7f7f1b9670bf
+B+: 0x7f7f1b9670c0 0x7f7f1b9670c5
+B+: 0x7f7f1b9670c6 0x7f7f1b9670cf
+B+: 0x7f7f1b9670e0 0x7f7f1b9670e5
+B+: 0x7f7f1b9670f0 0x7f7f1b967121
+B+: 0x7f7f1b967122 0x7f7f1b967127
+B+: 0x7f7f1b967128 0x7f7f1b967130
+B+: 0x7f7f1b967131 0x7f7f1b967132
+B+: 0x7f7f1b967133 0x7f7f1b967137
+B+: 0x7f7f1b96713d 0x7f7f1b967152
+B+: 0x7f7f1b967153 0x7f7f1b96715b
+B+: 0x7f7f1b967178 0x7f7f1b967183
+B+: 0x7f7f1b967184 0x7f7f1b9671a2
+B+: 0x7f7f1b9671a3 0x7f7f1b9671b1
+B+: 0x7f7f1b9671b2 0x7f7f1b9671b7
+B+: 0x7f7f1b9671b8 0x7f7f1b9671c1
+B+: 0x7f7f1b9671c2 0x7f7f1b9671c5
+B+: 0x7f7f1b9671c6 0x7f7f1b9671ca
+B+: 0x7f7f1b9671cb 0x7f7f1b9671d6
+B+: 0x7f7f1b9671d7 0x7f7f1b9671db
+B+: 0x7f7f1b9671dc 0x7f7f1b9671e0
+B+: 0x7f7f1b967213 0x7f7f1b967216
+B+: 0x7f7f1b967220 0x7f7f1b967249
+B+: 0x7f7f1b967250 0x7f7f1b967262
+B+: 0x7f7f1b967278 0x7f7f1b967278
+B+: 0x7f7f1b967280 0x7f7f1b9672a3
+B+: 0x7f7f1b9672b8 0x7f7f1b9672b8
+B+: 0x7f7f1b9672c0 0x7f7f1b9672c8
+B+: 0x7f7f1b9672c9 0x7f7f1b9672d6
+B+: 0x7f7f1b9672d7 0x7f7f1b9672e2
+B+: 0x7f7f1b9672e3 0x7f7f1b9672e7
+B+: 0x7f7f1b9672e8 0x7f7f1b9672f0
+B+: 0x7f7f1b967300 0x7f7f1b967304
+B+: 0x7f7f1b9673c0 0x7f7f1b9673ec
+B+: 0x7f7f1b9673ed 0x7f7f1b9673f2
+B+: 0x7f7f1b9673f3 0x7f7f1b967404
+B+: 0x7f7f1b967405 0x7f7f1b96740d
+B+: 0x7f7f1b96740e 0x7f7f1b96741c
+B+: 0x7f7f1b967424 0x7f7f1b96742c
+CND+ 0x7f7f1b96700e: taken
+CND+ 0x7f7f1b967126: taken
+CND+ 0x7f7f1b96712b: not taken
+CND+ 0x7f7f1b967131: not taken
+CND+ 0x7f7f1b967136: taken
+CND+ 0x7f7f1b96714d: not taken
+CND+ 0x7f7f1b9671b6: not taken
+CND+ 0x7f7f1b9671c4: not taken
+CND+ 0x7f7f1b9671c9: taken
+CND+ 0x7f7f1b9671df: taken
+CND+ 0x7f7f1b967261: taken
+CND+ 0x7f7f1b9672a2: taken
+CND+ 0x7f7f1b9672c7: not taken
+CND+ 0x7f7f1b9672d5: not taken
+CND+ 0x7f7f1b9673f1: not taken
+CND+ 0x7f7f1b96740c: not taken
@0x7f7f1b967026 to 0x7f7f1f956500 5
@0x7f7f1b967030 to 0x7f7f1b967036 1
@0x7f7f1b967040 to 0x7f7f1b967046 1
@0x7f7f1b967050 to 0x7f7f1b967056 1
@0x7f7f1b9670b0 to 0x7f7f1b9670b6 1
@0x7f7f1b9670c0 to 0x7f7f1b9670c6 1
@0x7f7f1b9670e0 to 0x7f7f1e4bc1c0 1
@0x7f7f1b967244 to 0x7f7f1e4a5fb0 1
@0x7f7f1b967401 to 0x7f7f1b967300 1
