MODULE_NAME: /usr/bin/gs
MODULE_START: 0x7f49ee48f000
+B+: 0x7f49ee490000 0x7f49ee49000f
+B+: 0x7f49ee490012 0x7f49ee490016
+B+: 0x7f49ee490020 0x7f49ee49002b
+B+: 0x7f49ee490030 0x7f49ee490035
+B+: 0x7f49ee490036 0x7f49ee49003f
+B+: 0x7f49ee490040 0x7f49ee490045
+B+: 0x7f49ee490046 0x7f49ee49004f
+B+: 0x7f49ee490050 0x7f49ee490055
+B+: 0x7f49ee490056 0x7f49ee49005f
+B+: 0x7f49ee4900b0 0x7f49ee4900b5
+B+: 0x7f49ee4900b6 0x7f49ee4900bf
+B+: 0x7f49ee4900c0 0x7f49ee4900c5
+B+: 0x7f49ee4900c6 0x7f49ee4900cf
+B+: 0x7f49ee4900e0 0x7f49ee4900e5
+B+: 0x7f49ee4900f0 0x7f49ee490121
+B+: 0x7f49ee490122 0x7f49ee490127
+B+: 0x7f49ee490128 0x7f49ee490130
+B+: 0x7f49ee490131 0x7f49ee490132
+B+: 0x7f49ee490133 0x7f49ee490137
+B+: 0x7f49ee49013d 0x7f49ee490152
+B+: 0x7f49ee490153 0x7f49ee49015b
+B+: 0x7f49ee490178 0x7f49ee490183
+B+: 0x7f49ee490184 0x7f49ee4901a2
+B+: 0x7f49ee4901a3 0x7f49ee4901b1
+B+: 0x7f49ee4901b2 0x7f49ee4901b7
+B+: 0x7f49ee4901b8 0x7f49ee4901c1
+B+: 0x7f49ee4901c2 0x7f49ee4901c5
+B+: 0x7f49ee4901c6 0x7f49ee4901ca
+B+: 0x7f49ee4901cb 0x7f49ee4901d6
+B+: 0x7f49ee4901d7 0x7f49ee4901db
+B+: 0x7f49ee4901dc 0x7f49ee4901e0
+B+: 0x7f49ee490213 0x7f49ee490216
+B+: 0x7f49ee490220 0x7f49ee490249
+B+: 0x7f49ee490250 0x7f49ee490262
+B+: 0x7f49ee490278 0x7f49ee490278
+B+: 0x7f49ee490280 0x7f49ee4902a3
+B+: 0x7f49ee4902b8 0x7f49ee4902b8
+B+: 0x7f49ee4902c0 0x7f49ee4902c8
+B+: 0x7f49ee4902c9 0x7f49ee4902d6
+B+: 0x7f49ee4902d7 0x7f49ee4902e2
+B+: 0x7f49ee4902e3 0x7f49ee4902e7
+B+: 0x7f49ee4902e8 0x7f49ee4902f0
+B+: 0x7f49ee490300 0x7f49ee490304
+B+: 0x7f49ee4903c0 0x7f49ee4903ec
+B+: 0x7f49ee4903ed 0x7f49ee4903f2
+B+: 0x7f49ee4903f3 0x7f49ee490404
+B+: 0x7f49ee490405 0x7f49ee49040d
+B+: 0x7f49ee49040e 0x7f49ee49041c
+B+: 0x7f49ee490424 0x7f49ee49042c
+CND+ 0x7f49ee49000e: taken
+CND+ 0x7f49ee490126: taken
+CND+ 0x7f49ee49012b: not taken
+CND+ 0x7f49ee490131: not taken
+CND+ 0x7f49ee490136: taken
+CND+ 0x7f49ee49014d: not taken
+CND+ 0x7f49ee4901b6: not taken
+CND+ 0x7f49ee4901c4: not taken
+CND+ 0x7f49ee4901c9: taken
+CND+ 0x7f49ee4901df: taken
+CND+ 0x7f49ee490261: taken
+CND+ 0x7f49ee4902a2: taken
+CND+ 0x7f49ee4902c7: not taken
+CND+ 0x7f49ee4902d5: not taken
+CND+ 0x7f49ee4903f1: not taken
+CND+ 0x7f49ee49040c: not taken
@0x7f49ee490026 to 0x7f49f247f500 5
@0x7f49ee490030 to 0x7f49ee490036 1
@0x7f49ee490040 to 0x7f49ee490046 1
@0x7f49ee490050 to 0x7f49ee490056 1
@0x7f49ee4900b0 to 0x7f49ee4900b6 1
@0x7f49ee4900c0 to 0x7f49ee4900c6 1
@0x7f49ee4900e0 to 0x7f49f0fe51c0 1
@0x7f49ee490244 to 0x7f49f0fcefb0 1
@0x7f49ee490401 to 0x7f49ee490300 1
