MODULE_NAME: /usr/bin/gs
MODULE_START: 0x7f74c88f6000
+B+: 0x7f74c88f7000 0x7f74c88f700f
+B+: 0x7f74c88f7012 0x7f74c88f7016
+B+: 0x7f74c88f7020 0x7f74c88f702b
+B+: 0x7f74c88f7030 0x7f74c88f7035
+B+: 0x7f74c88f7036 0x7f74c88f703f
+B+: 0x7f74c88f7040 0x7f74c88f7045
+B+: 0x7f74c88f7046 0x7f74c88f704f
+B+: 0x7f74c88f7050 0x7f74c88f7055
+B+: 0x7f74c88f7056 0x7f74c88f705f
+B+: 0x7f74c88f70b0 0x7f74c88f70b5
+B+: 0x7f74c88f70b6 0x7f74c88f70bf
+B+: 0x7f74c88f70c0 0x7f74c88f70c5
+B+: 0x7f74c88f70c6 0x7f74c88f70cf
+B+: 0x7f74c88f70e0 0x7f74c88f70e5
+B+: 0x7f74c88f70f0 0x7f74c88f7121
+B+: 0x7f74c88f7122 0x7f74c88f7127
+B+: 0x7f74c88f7128 0x7f74c88f7130
+B+: 0x7f74c88f7131 0x7f74c88f7132
+B+: 0x7f74c88f7133 0x7f74c88f7137
+B+: 0x7f74c88f713d 0x7f74c88f7152
+B+: 0x7f74c88f7153 0x7f74c88f715b
+B+: 0x7f74c88f7178 0x7f74c88f7183
+B+: 0x7f74c88f7184 0x7f74c88f71a2
+B+: 0x7f74c88f71a3 0x7f74c88f71b1
+B+: 0x7f74c88f71b2 0x7f74c88f71b7
+B+: 0x7f74c88f71b8 0x7f74c88f71c1
+B+: 0x7f74c88f71c2 0x7f74c88f71c5
+B+: 0x7f74c88f71c6 0x7f74c88f71ca
+B+: 0x7f74c88f71cb 0x7f74c88f71d6
+B+: 0x7f74c88f71d7 0x7f74c88f71db
+B+: 0x7f74c88f71dc 0x7f74c88f71e0
+B+: 0x7f74c88f7213 0x7f74c88f7216
+B+: 0x7f74c88f7220 0x7f74c88f7249
+B+: 0x7f74c88f7250 0x7f74c88f7262
+B+: 0x7f74c88f7278 0x7f74c88f7278
+B+: 0x7f74c88f7280 0x7f74c88f72a3
+B+: 0x7f74c88f72b8 0x7f74c88f72b8
+B+: 0x7f74c88f72c0 0x7f74c88f72c8
+B+: 0x7f74c88f72c9 0x7f74c88f72d6
+B+: 0x7f74c88f72d7 0x7f74c88f72e2
+B+: 0x7f74c88f72e3 0x7f74c88f72e7
+B+: 0x7f74c88f72e8 0x7f74c88f72f0
+B+: 0x7f74c88f7300 0x7f74c88f7304
+B+: 0x7f74c88f73c0 0x7f74c88f73ec
+B+: 0x7f74c88f73ed 0x7f74c88f73f2
+B+: 0x7f74c88f73f3 0x7f74c88f7404
+B+: 0x7f74c88f7405 0x7f74c88f740d
+B+: 0x7f74c88f740e 0x7f74c88f741c
+B+: 0x7f74c88f7424 0x7f74c88f742c
+CND+ 0x7f74c88f700e: taken
+CND+ 0x7f74c88f7126: taken
+CND+ 0x7f74c88f712b: not taken
+CND+ 0x7f74c88f7131: not taken
+CND+ 0x7f74c88f7136: taken
+CND+ 0x7f74c88f714d: not taken
+CND+ 0x7f74c88f71b6: not taken
+CND+ 0x7f74c88f71c4: not taken
+CND+ 0x7f74c88f71c9: taken
+CND+ 0x7f74c88f71df: taken
+CND+ 0x7f74c88f7261: taken
+CND+ 0x7f74c88f72a2: taken
+CND+ 0x7f74c88f72c7: not taken
+CND+ 0x7f74c88f72d5: not taken
+CND+ 0x7f74c88f73f1: not taken
+CND+ 0x7f74c88f740c: not taken
@0x7f74c88f7026 to 0x7f74cc8e6500 5
@0x7f74c88f7030 to 0x7f74c88f7036 1
@0x7f74c88f7040 to 0x7f74c88f7046 1
@0x7f74c88f7050 to 0x7f74c88f7056 1
@0x7f74c88f70b0 to 0x7f74c88f70b6 1
@0x7f74c88f70c0 to 0x7f74c88f70c6 1
@0x7f74c88f70e0 to 0x7f74cb44c1c0 1
@0x7f74c88f7244 to 0x7f74cb435fb0 1
@0x7f74c88f7401 to 0x7f74c88f7300 1
