MODULE_NAME: /bin/dash
MODULE_START: 0x7f641e9be000
+B+: 0x7f641e9c2000 0x7f641e9c200f
+B+: 0x7f641e9c2012 0x7f641e9c2016
+B+: 0x7f641e9c2050 0x7f641e9c2055
+B+: 0x7f641e9c2080 0x7f641e9c2085
+B+: 0x7f641e9c2090 0x7f641e9c2095
+B+: 0x7f641e9c20a0 0x7f641e9c20a5
+B+: 0x7f641e9c20d0 0x7f641e9c20d5
+B+: 0x7f641e9c20f0 0x7f641e9c20f5
+B+: 0x7f641e9c2130 0x7f641e9c2135
+B+: 0x7f641e9c2140 0x7f641e9c2145
+B+: 0x7f641e9c2150 0x7f641e9c2155
+B+: 0x7f641e9c2160 0x7f641e9c2165
+B+: 0x7f641e9c2190 0x7f641e9c2195
+B+: 0x7f641e9c21c0 0x7f641e9c21c5
+B+: 0x7f641e9c21e0 0x7f641e9c21e5
+B+: 0x7f641e9c2220 0x7f641e9c2225
+B+: 0x7f641e9c2230 0x7f641e9c2235
+B+: 0x7f641e9c2280 0x7f641e9c2285
+B+: 0x7f641e9c22a0 0x7f641e9c22a5
+B+: 0x7f641e9c22d0 0x7f641e9c22d5
+B+: 0x7f641e9c2320 0x7f641e9c2325
+B+: 0x7f641e9c2330 0x7f641e9c2335
+B+: 0x7f641e9c2350 0x7f641e9c2355
+B+: 0x7f641e9c2370 0x7f641e9c2375
+B+: 0x7f641e9c2390 0x7f641e9c2395
+B+: 0x7f641e9c23b0 0x7f641e9c23b5
+B+: 0x7f641e9c23c0 0x7f641e9c23c5
+B+: 0x7f641e9c23e0 0x7f641e9c23e5
+B+: 0x7f641e9c2410 0x7f641e9c2415
+B+: 0x7f641e9c2460 0x7f641e9c2465
+B+: 0x7f641e9c2510 0x7f641e9c2515
+B+: 0x7f641e9c2560 0x7f641e9c2565
+B+: 0x7f641e9c2570 0x7f641e9c2575
+B+: 0x7f641e9c2590 0x7f641e9c25b8
+B+: 0x7f641e9c25b9 0x7f641e9c25c4
+B+: 0x7f641e9c25c5 0x7f641e9c25cf
+B+: 0x7f641e9c25d0 0x7f641e9c25e7
+B+: 0x7f641e9c25e8 0x7f641e9c25ef
+B+: 0x7f641e9c25f0 0x7f641e9c2600
+B+: 0x7f641e9c2601 0x7f641e9c260b
+B+: 0x7f641e9c260c 0x7f641e9c2615
+B+: 0x7f641e9c2616 0x7f641e9c2623
+B+: 0x7f641e9c2624 0x7f641e9c262b
+B+: 0x7f641e9c262c 0x7f641e9c263c
+B+: 0x7f641e9c2657 0x7f641e9c2660
+B+: 0x7f641e9c2661 0x7f641e9c2678
+B+: 0x7f641e9c2679 0x7f641e9c267f
+B+: 0x7f641e9c2680 0x7f641e9c268c
+B+: 0x7f641e9c268d 0x7f641e9c2696
+B+: 0x7f641e9c2697 0x7f641e9c269b
+B+: 0x7f641e9c2760 0x7f641e9c2789
+B+: 0x7f641e9c27c0 0x7f641e9c27e3
+B+: 0x7f641e9c27f8 0x7f641e9c27f8
+B+: 0x7f641e9c2840 0x7f641e9c2844
+B+: 0x7f641e9c2850 0x7f641e9c2863
+B+: 0x7f641e9c2864 0x7f641e9c286f
+B+: 0x7f641e9c2870 0x7f641e9c287d
+B+: 0x7f641e9c287e 0x7f641e9c28aa
+B+: 0x7f641e9c28ab 0x7f641e9c28ac
+B+: 0x7f641e9c28cb 0x7f641e9c28d2
+B+: 0x7f641e9c2a50 0x7f641e9c2a57
+B+: 0x7f641e9c2a58 0x7f641e9c2a5e
+B+: 0x7f641e9c2a5f 0x7f641e9c2a63
+B+: 0x7f641e9c2a71 0x7f641e9c2a72
+B+: 0x7f641e9c36d0 0x7f641e9c36eb
+B+: 0x7f641e9c36ec 0x7f641e9c3705
+B+: 0x7f641e9c3717 0x7f641e9c371b
+B+: 0x7f641e9c371c 0x7f641e9c3720
+B+: 0x7f641e9c372c 0x7f641e9c3730
+B+: 0x7f641e9c373e 0x7f641e9c374d
+B+: 0x7f641e9c374e 0x7f641e9c3757
+B+: 0x7f641e9c3758 0x7f641e9c3775
+B+: 0x7f641e9c3780 0x7f641e9c3788
+B+: 0x7f641e9c3789 0x7f641e9c3790
+B+: 0x7f641e9c3791 0x7f641e9c379c
+B+: 0x7f641e9c4060 0x7f641e9c407e
+B+: 0x7f641e9c410d 0x7f641e9c411c
+B+: 0x7f641e9c411d 0x7f641e9c4123
+B+: 0x7f641e9c4140 0x7f641e9c414a
+B+: 0x7f641e9c414b 0x7f641e9c4152
+B+: 0x7f641e9c4153 0x7f641e9c415d
+B+: 0x7f641e9c415e 0x7f641e9c416f
+B+: 0x7f641e9c4188 0x7f641e9c418c
+B+: 0x7f641e9c418d 0x7f641e9c4191
+B+: 0x7f641e9c4192 0x7f641e9c419c
+B+: 0x7f641e9c41a7 0x7f641e9c41ad
+B+: 0x7f641e9c41ae 0x7f641e9c41b5
+B+: 0x7f641e9c41c0 0x7f641e9c41cf
+B+: 0x7f641e9c4bc0 0x7f641e9c4bfa
+B+: 0x7f641e9c4bfb 0x7f641e9c4c07
+B+: 0x7f641e9c4c08 0x7f641e9c4c0f
+B+: 0x7f641e9c4c10 0x7f641e9c4c11
+B+: 0x7f641e9c4c18 0x7f641e9c4c21
+B+: 0x7f641e9c4c22 0x7f641e9c4c2e
+B+: 0x7f641e9c4c32 0x7f641e9c4c39
+B+: 0x7f641e9c4c3a 0x7f641e9c4c49
+B+: 0x7f641e9c4c4a 0x7f641e9c4c51
+B+: 0x7f641e9c4c52 0x7f641e9c4c58
+B+: 0x7f641e9c4c59 0x7f641e9c4c60
+B+: 0x7f641e9c4c61 0x7f641e9c4c68
+B+: 0x7f641e9c4c69 0x7f641e9c4c6d
+B+: 0x7f641e9c4c6e 0x7f641e9c4c77
+B+: 0x7f641e9c4c78 0x7f641e9c4c89
+B+: 0x7f641e9c4c8a 0x7f641e9c4c98
+B+: 0x7f641e9c4e90 0x7f641e9c4ed3
+B+: 0x7f641e9c4edf 0x7f641e9c4ef5
+B+: 0x7f641e9c4ef6 0x7f641e9c4efa
+B+: 0x7f641e9c4efb 0x7f641e9c4f5a
+B+: 0x7f641e9c4f5b 0x7f641e9c4f67
+B+: 0x7f641e9c4f68 0x7f641e9c4f77
+B+: 0x7f641e9c4f78 0x7f641e9c4f7f
+B+: 0x7f641e9c4f80 0x7f641e9c4f8b
+B+: 0x7f641e9c4f8c 0x7f641e9c4f94
+B+: 0x7f641e9c4f95 0x7f641e9c4f9b
+B+: 0x7f641e9c4fa0 0x7f641e9c4faf
+B+: 0x7f641e9c4fb0 0x7f641e9c4fc5
+B+: 0x7f641e9c4fc6 0x7f641e9c4fcf
+B+: 0x7f641e9c4fd0 0x7f641e9c4fe3
+B+: 0x7f641e9c4fe4 0x7f641e9c4ffc
+B+: 0x7f641e9c5019 0x7f641e9c502b
+B+: 0x7f641e9c502c 0x7f641e9c5034
+B+: 0x7f641e9c5035 0x7f641e9c5047
+B+: 0x7f641e9c5048 0x7f641e9c505b
+B+: 0x7f641e9c50a8 0x7f641e9c50b4
+B+: 0x7f641e9c50b5 0x7f641e9c50b9
+B+: 0x7f641e9c50db 0x7f641e9c50e1
+B+: 0x7f641e9c50f0 0x7f641e9c5103
+B+: 0x7f641e9c5104 0x7f641e9c5113
+B+: 0x7f641e9c5114 0x7f641e9c511b
+B+: 0x7f641e9c511c 0x7f641e9c5122
+B+: 0x7f641e9c5123 0x7f641e9c5152
+B+: 0x7f641e9c5153 0x7f641e9c515f
+B+: 0x7f641e9c5160 0x7f641e9c5168
+B+: 0x7f641e9c5216 0x7f641e9c521c
+B+: 0x7f641e9c5224 0x7f641e9c522d
+B+: 0x7f641e9c522e 0x7f641e9c5237
+B+: 0x7f641e9c5238 0x7f641e9c5241
+B+: 0x7f641e9c5242 0x7f641e9c524b
+B+: 0x7f641e9c525d 0x7f641e9c5266
+B+: 0x7f641e9c5267 0x7f641e9c5281
+B+: 0x7f641e9c5282 0x7f641e9c5293
+B+: 0x7f641e9c534c 0x7f641e9c5353
+B+: 0x7f641e9c5354 0x7f641e9c536f
+B+: 0x7f641e9c551b 0x7f641e9c5525
+B+: 0x7f641e9c5526 0x7f641e9c552e
+B+: 0x7f641e9c552f 0x7f641e9c5537
+B+: 0x7f641e9c58d0 0x7f641e9c58ec
+B+: 0x7f641e9c58ed 0x7f641e9c58f1
+B+: 0x7f641e9c58f8 0x7f641e9c58fa
+B+: 0x7f641e9c58fb 0x7f641e9c5907
+B+: 0x7f641e9c5908 0x7f641e9c593e
+B+: 0x7f641e9c593f 0x7f641e9c5940
+B+: 0x7f641e9c5963 0x7f641e9c5977
+B+: 0x7f641e9c5980 0x7f641e9c5986
+B+: 0x7f641e9c5987 0x7f641e9c598e
+B+: 0x7f641e9c598f 0x7f641e9c5997
+B+: 0x7f641e9c5998 0x7f641e9c59ba
+B+: 0x7f641e9c59bb 0x7f641e9c59bc
+B+: 0x7f641e9c59c0 0x7f641e9c59e7
+B+: 0x7f641e9c59e8 0x7f641e9c59f7
+B+: 0x7f641e9c5a19 0x7f641e9c5a21
+B+: 0x7f641e9c5a22 0x7f641e9c5a2a
+B+: 0x7f641e9c5a2b 0x7f641e9c5a34
+B+: 0x7f641e9c5a35 0x7f641e9c5a3f
+B+: 0x7f641e9c5ad0 0x7f641e9c5ae9
+B+: 0x7f641e9c5aea 0x7f641e9c5b00
+B+: 0x7f641e9c5b10 0x7f641e9c5b1f
+B+: 0x7f641e9c5b20 0x7f641e9c5b2b
+B+: 0x7f641e9c5b2c 0x7f641e9c5b31
+B+: 0x7f641e9c5b32 0x7f641e9c5b41
+B+: 0x7f641e9c5b56 0x7f641e9c5b61
+B+: 0x7f641e9c5b62 0x7f641e9c5b6f
+B+: 0x7f641e9c5b70 0x7f641e9c5b85
+B+: 0x7f641e9c5b86 0x7f641e9c5b97
+B+: 0x7f641e9c5b98 0x7f641e9c5bc0
+B+: 0x7f641e9c5bc8 0x7f641e9c5bcc
+B+: 0x7f641e9c5bcd 0x7f641e9c5bea
+B+: 0x7f641e9c5d70 0x7f641e9c5d98
+B+: 0x7f641e9c5da0 0x7f641e9c5da1
+B+: 0x7f641e9c5da2 0x7f641e9c5daa
+B+: 0x7f641e9c5dab 0x7f641e9c5dc5
+B+: 0x7f641e9c5dc6 0x7f641e9c5dc9
+B+: 0x7f641e9c5dca 0x7f641e9c5dd1
+B+: 0x7f641e9c5dd2 0x7f641e9c5de6
+B+: 0x7f641e9c5df0 0x7f641e9c5e2a
+B+: 0x7f641e9c5e2b 0x7f641e9c5e2f
+B+: 0x7f641e9c5e46 0x7f641e9c5e5c
+B+: 0x7f641e9c5e5d 0x7f641e9c5e6e
+B+: 0x7f641e9c5e90 0x7f641e9c5ead
+B+: 0x7f641e9c5ec8 0x7f641e9c5ed1
+B+: 0x7f641e9c5ed2 0x7f641e9c5edd
+B+: 0x7f641e9c5f6c 0x7f641e9c5f8f
+B+: 0x7f641e9c5f90 0x7f641e9c5f9c
+B+: 0x7f641e9c5f9d 0x7f641e9c5fa8
+B+: 0x7f641e9c5fa9 0x7f641e9c5fb0
+B+: 0x7f641e9c5fb1 0x7f641e9c5fc5
+B+: 0x7f641e9c6008 0x7f641e9c6012
+B+: 0x7f641e9c6013 0x7f641e9c601e
+B+: 0x7f641e9c601f 0x7f641e9c602e
+B+: 0x7f641e9c6060 0x7f641e9c6066
+B+: 0x7f641e9c6067 0x7f641e9c6074
+B+: 0x7f641e9c6075 0x7f641e9c6086
+B+: 0x7f641e9c6087 0x7f641e9c608e
+B+: 0x7f641e9c608f 0x7f641e9c60a2
+B+: 0x7f641e9c60a3 0x7f641e9c60b0
+B+: 0x7f641e9c6100 0x7f641e9c6116
+B+: 0x7f641e9c6145 0x7f641e9c614d
+B+: 0x7f641e9c614e 0x7f641e9c6157
+B+: 0x7f641e9c6160 0x7f641e9c6166
+B+: 0x7f641e9c61c0 0x7f641e9c61d1
+B+: 0x7f641e9c61e8 0x7f641e9c61ef
+B+: 0x7f641e9c6248 0x7f641e9c625b
+B+: 0x7f641e9c625c 0x7f641e9c6271
+B+: 0x7f641e9c67d0 0x7f641e9c67ff
+B+: 0x7f641e9c680f 0x7f641e9c6812
+B+: 0x7f641e9c6813 0x7f641e9c681c
+B+: 0x7f641e9c681d 0x7f641e9c6820
+B+: 0x7f641e9c6821 0x7f641e9c682f
+B+: 0x7f641e9c6830 0x7f641e9c683a
+B+: 0x7f641e9c684f 0x7f641e9c685a
+B+: 0x7f641e9c685f 0x7f641e9c6862
+B+: 0x7f641e9c6870 0x7f641e9c6877
+B+: 0x7f641e9c6878 0x7f641e9c688d
+B+: 0x7f641e9c7440 0x7f641e9c7464
+B+: 0x7f641e9c761e 0x7f641e9c7627
+B+: 0x7f641e9c7628 0x7f641e9c7631
+B+: 0x7f641e9c7632 0x7f641e9c7659
+B+: 0x7f641e9c76af 0x7f641e9c76bc
+B+: 0x7f641e9c76c0 0x7f641e9c76cb
+B+: 0x7f641e9c7730 0x7f641e9c773b
+B+: 0x7f641e9c7740 0x7f641e9c775e
+B+: 0x7f641e9c775f 0x7f641e9c7767
+B+: 0x7f641e9c77d2 0x7f641e9c77e3
+B+: 0x7f641e9c78a0 0x7f641e9c78a7
+B+: 0x7f641e9c8260 0x7f641e9c82a5
+B+: 0x7f641e9c82b5 0x7f641e9c82be
+B+: 0x7f641e9c82bf 0x7f641e9c82d2
+B+: 0x7f641e9c82d3 0x7f641e9c82fc
+B+: 0x7f641e9c82fd 0x7f641e9c8310
+B+: 0x7f641e9c8324 0x7f641e9c8328
+B+: 0x7f641e9c8336 0x7f641e9c833f
+B+: 0x7f641e9c8340 0x7f641e9c8344
+B+: 0x7f641e9c8370 0x7f641e9c8386
+B+: 0x7f641e9c8387 0x7f641e9c8398
+B+: 0x7f641e9c83a0 0x7f641e9c83b6
+B+: 0x7f641e9c83b7 0x7f641e9c83d7
+B+: 0x7f641e9c83dd 0x7f641e9c83ec
+B+: 0x7f641e9c8850 0x7f641e9c8886
+B+: 0x7f641e9c8887 0x7f641e9c889a
+B+: 0x7f641e9c889b 0x7f641e9c88ad
+B+: 0x7f641e9c88ae 0x7f641e9c88c4
+B+: 0x7f641e9c88c5 0x7f641e9c88d7
+B+: 0x7f641e9c88d8 0x7f641e9c88e7
+B+: 0x7f641e9c88e8 0x7f641e9c890c
+B+: 0x7f641e9c890d 0x7f641e9c8915
+B+: 0x7f641e9c8924 0x7f641e9c8933
+B+: 0x7f641e9c8934 0x7f641e9c8947
+B+: 0x7f641e9c8948 0x7f641e9c8954
+B+: 0x7f641e9c8955 0x7f641e9c895f
+B+: 0x7f641e9c8960 0x7f641e9c8964
+B+: 0x7f641e9c8a6a 0x7f641e9c8a7c
+B+: 0x7f641e9c8a7d 0x7f641e9c8a9c
+B+: 0x7f641e9c8ba0 0x7f641e9c8bad
+B+: 0x7f641e9c8bae 0x7f641e9c8be1
+B+: 0x7f641e9c8bf0 0x7f641e9c8bfb
+B+: 0x7f641e9c8db0 0x7f641e9c8dbd
+B+: 0x7f641e9c8dbe 0x7f641e9c8dca
+B+: 0x7f641e9c8dcb 0x7f641e9c8de3
+B+: 0x7f641e9c8de8 0x7f641e9c8df4
+B+: 0x7f641e9c8df8 0x7f641e9c8e04
+B+: 0x7f641e9c8e05 0x7f641e9c8e12
+B+: 0x7f641e9c8e13 0x7f641e9c8e1d
+B+: 0x7f641e9c8eb4 0x7f641e9c8ec1
+B+: 0x7f641e9c9160 0x7f641e9c9174
+B+: 0x7f641e9c9175 0x7f641e9c9187
+B+: 0x7f641e9c9188 0x7f641e9c91a2
+B+: 0x7f641e9c91a3 0x7f641e9c91ac
+B+: 0x7f641e9c91ad 0x7f641e9c91b3
+B+: 0x7f641e9c91d0 0x7f641e9c91e5
+B+: 0x7f641e9c91eb 0x7f641e9c91f3
+B+: 0x7f641e9c9205 0x7f641e9c920b
+B+: 0x7f641e9c920c 0x7f641e9c921d
+B+: 0x7f641e9c921e 0x7f641e9c9226
+B+: 0x7f641e9c9227 0x7f641e9c9230
+B+: 0x7f641e9c9231 0x7f641e9c9232
+B+: 0x7f641e9c9240 0x7f641e9c9248
+B+: 0x7f641e9c9260 0x7f641e9c9260
+B+: 0x7f641e9c9520 0x7f641e9c9534
+B+: 0x7f641e9c9572 0x7f641e9c9578
+B+: 0x7f641e9c9580 0x7f641e9c9583
+B+: 0x7f641e9c9610 0x7f641e9c9656
+B+: 0x7f641e9c965b 0x7f641e9c9686
+B+: 0x7f641e9c9687 0x7f641e9c969d
+B+: 0x7f641e9c96fc 0x7f641e9c9708
+B+: 0x7f641e9c9709 0x7f641e9c9711
+B+: 0x7f641e9c9712 0x7f641e9c972a
+B+: 0x7f641e9c972b 0x7f641e9c973c
+B+: 0x7f641e9c9740 0x7f641e9c9747
+B+: 0x7f641e9c9748 0x7f641e9c975f
+B+: 0x7f641e9c9760 0x7f641e9c9766
+B+: 0x7f641e9c9767 0x7f641e9c9780
+B+: 0x7f641e9c9790 0x7f641e9c9793
+B+: 0x7f641e9c9794 0x7f641e9c9798
+B+: 0x7f641e9c97a2 0x7f641e9c97aa
+B+: 0x7f641e9c97ab 0x7f641e9c97ae
+B+: 0x7f641e9c97af 0x7f641e9c97bd
+B+: 0x7f641e9c97cb 0x7f641e9c97d3
+B+: 0x7f641e9c9825 0x7f641e9c9841
+B+: 0x7f641e9c9842 0x7f641e9c984d
+B+: 0x7f641e9c987e 0x7f641e9c988e
+B+: 0x7f641e9c988f 0x7f641e9c98a0
+B+: 0x7f641e9c98a1 0x7f641e9c98ad
+B+: 0x7f641e9c9c10 0x7f641e9c9c30
+B+: 0x7f641e9c9c31 0x7f641e9c9c58
+B+: 0x7f641e9c9c5e 0x7f641e9c9c66
+B+: 0x7f641e9c9c67 0x7f641e9c9c6f
+B+: 0x7f641e9c9c78 0x7f641e9c9c87
+B+: 0x7f641e9c9c88 0x7f641e9c9c89
+B+: 0x7f641e9c9ca0 0x7f641e9c9caf
+B+: 0x7f641e9c9cba 0x7f641e9c9cc4
+B+: 0x7f641e9c9ce0 0x7f641e9c9ce8
+B+: 0x7f641e9ca360 0x7f641e9ca36b
+B+: 0x7f641e9ca480 0x7f641e9ca480
+B+: 0x7f641e9ca9c0 0x7f641e9ca9db
+B+: 0x7f641e9caa16 0x7f641e9caa32
+B+: 0x7f641e9caa33 0x7f641e9caa52
+B+: 0x7f641e9caa63 0x7f641e9caa6a
+B+: 0x7f641e9caa90 0x7f641e9caaa6
+B+: 0x7f641e9caaa7 0x7f641e9caaae
+B+: 0x7f641e9caaaf 0x7f641e9caab6
+B+: 0x7f641e9caaf6 0x7f641e9cab01
+B+: 0x7f641e9cab0c 0x7f641e9cab34
+B+: 0x7f641e9cab40 0x7f641e9cab57
+B+: 0x7f641e9cab58 0x7f641e9cab5f
+B+: 0x7f641e9cab60 0x7f641e9cab67
+B+: 0x7f641e9cab68 0x7f641e9cab70
+B+: 0x7f641e9cab71 0x7f641e9cab7a
+B+: 0x7f641e9cab7b 0x7f641e9cab80
+B+: 0x7f641e9cab97 0x7f641e9cab9c
+B+: 0x7f641e9cac0a 0x7f641e9cac3d
+B+: 0x7f641e9cac47 0x7f641e9cac53
+B+: 0x7f641e9caed0 0x7f641e9caede
+B+: 0x7f641e9caedf 0x7f641e9caee7
+B+: 0x7f641e9caee8 0x7f641e9caefc
+B+: 0x7f641e9caefd 0x7f641e9caf02
+B+: 0x7f641e9caf03 0x7f641e9caf1b
+B+: 0x7f641e9caf1c 0x7f641e9caf21
+B+: 0x7f641e9caf22 0x7f641e9caf2b
+B+: 0x7f641e9cafc0 0x7f641e9cafc7
+B+: 0x7f641e9cafc8 0x7f641e9cafd0
+B+: 0x7f641e9cb760 0x7f641e9cb768
+B+: 0x7f641e9cb769 0x7f641e9cb76d
+B+: 0x7f641e9cb76e 0x7f641e9cb772
+B+: 0x7f641e9cb780 0x7f641e9cb788
+B+: 0x7f641e9cb789 0x7f641e9cb78d
+B+: 0x7f641e9cb78e 0x7f641e9cb792
+B+: 0x7f641e9cb7c0 0x7f641e9cb7d9
+B+: 0x7f641e9cb7da 0x7f641e9cb7e6
+B+: 0x7f641e9cb7f7 0x7f641e9cb802
+B+: 0x7f641e9cb803 0x7f641e9cb80b
+B+: 0x7f641e9cb80c 0x7f641e9cb841
+B+: 0x7f641e9cb842 0x7f641e9cb84b
+B+: 0x7f641e9cb84c 0x7f641e9cb852
+B+: 0x7f641e9cb853 0x7f641e9cb875
+B+: 0x7f641e9cb880 0x7f641e9cb88e
+B+: 0x7f641e9cb8b0 0x7f641e9cb8c8
+B+: 0x7f641e9cb900 0x7f641e9cb941
+B+: 0x7f641e9cb950 0x7f641e9cb966
+B+: 0x7f641e9cb967 0x7f641e9cb97e
+B+: 0x7f641e9cb97f 0x7f641e9cb98a
+B+: 0x7f641e9cb98b 0x7f641e9cb9b3
+B+: 0x7f641e9cb9b4 0x7f641e9cb9bd
+B+: 0x7f641e9cb9be 0x7f641e9cb9bf
+B+: 0x7f641e9cb9d0 0x7f641e9cb9e8
+B+: 0x7f641e9cb9e9 0x7f641e9cba14
+B+: 0x7f641e9cba1e 0x7f641e9cba25
+B+: 0x7f641e9cba26 0x7f641e9cba33
+B+: 0x7f641e9cba34 0x7f641e9cba46
+B+: 0x7f641e9cbae0 0x7f641e9cbafe
+B+: 0x7f641e9cbaff 0x7f641e9cbb0c
+B+: 0x7f641e9cbb0d 0x7f641e9cbb1b
+B+: 0x7f641e9cbb1c 0x7f641e9cbb2c
+B+: 0x7f641e9cbb40 0x7f641e9cbb62
+B+: 0x7f641e9cbb98 0x7f641e9cbba9
+B+: 0x7f641e9cc6d0 0x7f641e9cc6f4
+B+: 0x7f641e9cc6f5 0x7f641e9cc70d
+B+: 0x7f641e9cc70e 0x7f641e9cc712
+B+: 0x7f641e9cc713 0x7f641e9cc71e
+B+: 0x7f641e9cc71f 0x7f641e9cc723
+B+: 0x7f641e9cc724 0x7f641e9cc728
+B+: 0x7f641e9cc729 0x7f641e9cc730
+B+: 0x7f641e9cc73c 0x7f641e9cc749
+B+: 0x7f641e9cc74a 0x7f641e9cc74d
+B+: 0x7f641e9cc74e 0x7f641e9cc760
+B+: 0x7f641e9cc761 0x7f641e9cc76b
+B+: 0x7f641e9cc790 0x7f641e9cc79d
+B+: 0x7f641e9cc79e 0x7f641e9cc7a5
+B+: 0x7f641e9cc7a6 0x7f641e9cc7a7
+B+: 0x7f641e9cc890 0x7f641e9cc89d
+B+: 0x7f641e9cc89e 0x7f641e9cc8a9
+B+: 0x7f641e9cc8aa 0x7f641e9cc8bd
+B+: 0x7f641e9cc8c0 0x7f641e9cc8ca
+B+: 0x7f641e9cc8d0 0x7f641e9cc8ef
+B+: 0x7f641e9cc8f0 0x7f641e9cc8f4
+B+: 0x7f641e9cc8f5 0x7f641e9cc90c
+B+: 0x7f641e9cc90d 0x7f641e9cc910
+B+: 0x7f641e9cc911 0x7f641e9cc912
+B+: 0x7f641e9cc913 0x7f641e9cc91b
+B+: 0x7f641e9cc91c 0x7f641e9cc930
+B+: 0x7f641e9cc938 0x7f641e9cc93c
+B+: 0x7f641e9cc980 0x7f641e9cc98f
+B+: 0x7f641e9cc990 0x7f641e9cc99b
+B+: 0x7f641e9cc99c 0x7f641e9cc9ab
+B+: 0x7f641e9cca80 0x7f641e9cca93
+B+: 0x7f641e9cca94 0x7f641e9ccaac
+B+: 0x7f641e9ccaad 0x7f641e9ccabf
+B+: 0x7f641e9ccac0 0x7f641e9ccada
+B+: 0x7f641e9ccadb 0x7f641e9ccae3
+B+: 0x7f641e9ccaec 0x7f641e9ccaf8
+B+: 0x7f641e9ccaf9 0x7f641e9ccb02
+B+: 0x7f641e9ccb03 0x7f641e9ccb06
+B+: 0x7f641e9ccb07 0x7f641e9ccb1a
+B+: 0x7f641e9ccc49 0x7f641e9ccc55
+B+: 0x7f641e9ccc56 0x7f641e9ccc67
+B+: 0x7f641e9ccc82 0x7f641e9ccc93
+B+: 0x7f641e9ccd77 0x7f641e9ccd82
+B+: 0x7f641e9ccda0 0x7f641e9ccdb2
+B+: 0x7f641e9ccdb3 0x7f641e9ccddf
+B+: 0x7f641e9ccde0 0x7f641e9ccdeb
+B+: 0x7f641e9ccdec 0x7f641e9ccdfc
+B+: 0x7f641e9ccdfd 0x7f641e9cce18
+B+: 0x7f641e9cce19 0x7f641e9cce25
+B+: 0x7f641e9cce26 0x7f641e9cce2e
+B+: 0x7f641e9cce2f 0x7f641e9cce3f
+B+: 0x7f641e9cce40 0x7f641e9cce44
+B+: 0x7f641e9cce45 0x7f641e9cce50
+B+: 0x7f641e9cce51 0x7f641e9cce5d
+B+: 0x7f641e9cce5e 0x7f641e9cce77
+B+: 0x7f641e9ccece 0x7f641e9cced2
+B+: 0x7f641e9cced3 0x7f641e9ccede
+B+: 0x7f641e9ccee0 0x7f641e9cceec
+B+: 0x7f641e9ccf60 0x7f641e9ccf7c
+B+: 0x7f641e9cd120 0x7f641e9cd128
+B+: 0x7f641e9cd129 0x7f641e9cd147
+B+: 0x7f641e9cd750 0x7f641e9cd75e
+B+: 0x7f641e9cd75f 0x7f641e9cd763
+B+: 0x7f641e9cd764 0x7f641e9cd770
+B+: 0x7f641e9cd771 0x7f641e9cd777
+B+: 0x7f641e9cd778 0x7f641e9cd783
+B+: 0x7f641e9cd784 0x7f641e9cd788
+B+: 0x7f641e9cd789 0x7f641e9cd78d
+B+: 0x7f641e9cd78e 0x7f641e9cd796
+B+: 0x7f641e9cd797 0x7f641e9cd79e
+B+: 0x7f641e9cd890 0x7f641e9cd892
+B+: 0x7f641e9cd8a7 0x7f641e9cd8ab
+B+: 0x7f641e9cd8ac 0x7f641e9cd8b2
+B+: 0x7f641e9cd8b3 0x7f641e9cd8b6
+B+: 0x7f641e9cd8d0 0x7f641e9cd8e1
+B+: 0x7f641e9cd8e2 0x7f641e9cd8e6
+B+: 0x7f641e9cd8e7 0x7f641e9cd8eb
+B+: 0x7f641e9cd8ec 0x7f641e9cd8f1
+B+: 0x7f641e9cd8f2 0x7f641e9cd8fa
+B+: 0x7f641e9cd8fb 0x7f641e9cd8fc
+B+: 0x7f641e9cd940 0x7f641e9cd948
+B+: 0x7f641e9cd949 0x7f641e9cd951
+B+: 0x7f641e9cd980 0x7f641e9cd988
+B+: 0x7f641e9cd989 0x7f641e9cd98a
+B+: 0x7f641e9cd98b 0x7f641e9cd991
+B+: 0x7f641e9cd992 0x7f641e9cd9a2
+B+: 0x7f641e9cd9a8 0x7f641e9cd9ac
+B+: 0x7f641e9cd9eb 0x7f641e9cda00
+B+: 0x7f641e9cda08 0x7f641e9cda10
+B+: 0x7f641e9cdaf0 0x7f641e9cdb11
+B+: 0x7f641e9cdb12 0x7f641e9cdb16
+B+: 0x7f641e9cdb17 0x7f641e9cdb1d
+B+: 0x7f641e9cdb1e 0x7f641e9cdb26
+B+: 0x7f641e9cdb27 0x7f641e9cdb34
+B+: 0x7f641e9cdb35 0x7f641e9cdb3c
+B+: 0x7f641e9cdb3d 0x7f641e9cdb49
+B+: 0x7f641e9cdb4a 0x7f641e9cdb5a
+B+: 0x7f641e9cdb5b 0x7f641e9cdb63
+B+: 0x7f641e9cdb7f 0x7f641e9cdb93
+B+: 0x7f641e9cdb94 0x7f641e9cdb9c
+B+: 0x7f641e9cdbe0 0x7f641e9cdbf7
+B+: 0x7f641e9cdbf8 0x7f641e9cdc00
+B+: 0x7f641e9cdc1b 0x7f641e9cdc2b
+B+: 0x7f641e9cdd40 0x7f641e9cdd5e
+B+: 0x7f641e9cdd5f 0x7f641e9cdd6d
+B+: 0x7f641e9cdd6e 0x7f641e9cdd72
+B+: 0x7f641e9cdd7d 0x7f641e9cdd90
+B+: 0x7f641e9cdd91 0x7f641e9cdd95
+B+: 0x7f641e9cdd96 0x7f641e9cdd9a
+B+: 0x7f641e9cdda0 0x7f641e9cdda4
+B+: 0x7f641e9cddd5 0x7f641e9cddd9
+B+: 0x7f641e9cddda 0x7f641e9cddde
+B+: 0x7f641e9cddf0 0x7f641e9cddfb
+B+: 0x7f641e9cddfc 0x7f641e9cde07
+B+: 0x7f641e9cde08 0x7f641e9cde10
+B+: 0x7f641e9cde2c 0x7f641e9cde30
+B+: 0x7f641e9cde31 0x7f641e9cde36
+B+: 0x7f641e9cde41 0x7f641e9cde45
+B+: 0x7f641e9cde46 0x7f641e9cde54
+B+: 0x7f641e9cde55 0x7f641e9cde5d
+B+: 0x7f641e9cde5e 0x7f641e9cde62
+B+: 0x7f641e9cde63 0x7f641e9cde74
+B+: 0x7f641e9cde78 0x7f641e9cde84
+B+: 0x7f641e9cdea0 0x7f641e9cdea4
+B+: 0x7f641e9cdef0 0x7f641e9cdf03
+B+: 0x7f641e9cdf40 0x7f641e9cdf76
+B+: 0x7f641e9cdf77 0x7f641e9cdf82
+B+: 0x7f641e9cdf83 0x7f641e9cdf92
+B+: 0x7f641e9ce01b 0x7f641e9ce031
+B+: 0x7f641e9ce032 0x7f641e9ce040
+B+: 0x7f641e9ce075 0x7f641e9ce0b8
+B+: 0x7f641e9ce0b9 0x7f641e9ce0c3
+B+: 0x7f641e9ce0c4 0x7f641e9ce0cc
+B+: 0x7f641e9ce0cd 0x7f641e9ce0d5
+B+: 0x7f641e9ce0d6 0x7f641e9ce0de
+B+: 0x7f641e9ce0df 0x7f641e9ce106
+B+: 0x7f641e9ce107 0x7f641e9ce133
+B+: 0x7f641e9ce578 0x7f641e9ce581
+B+: 0x7f641e9ce582 0x7f641e9ce5a8
+B+: 0x7f641e9ce5a9 0x7f641e9ce5b6
+B+: 0x7f641e9ce5d0 0x7f641e9ce5e0
+B+: 0x7f641e9ce5e1 0x7f641e9ce5ee
+B+: 0x7f641e9ce5ef 0x7f641e9ce5f3
+B+: 0x7f641e9ce670 0x7f641e9ce67e
+B+: 0x7f641e9ce67f 0x7f641e9ce683
+B+: 0x7f641e9ce684 0x7f641e9ce692
+B+: 0x7f641e9ce693 0x7f641e9ce69a
+B+: 0x7f641e9ce69b 0x7f641e9ce6a2
+B+: 0x7f641e9ce6a3 0x7f641e9ce6b7
+B+: 0x7f641e9ce790 0x7f641e9ce7bc
+B+: 0x7f641e9ce7bd 0x7f641e9ce7d4
+B+: 0x7f641e9ce7e0 0x7f641e9ce83a
+B+: 0x7f641e9ce83b 0x7f641e9ce875
+B+: 0x7f641e9ce876 0x7f641e9ce893
+B+: 0x7f641e9ce894 0x7f641e9ce8a3
+B+: 0x7f641e9ce8a4 0x7f641e9ce8b0
+B+: 0x7f641e9ce9b4 0x7f641e9ce9b8
+B+: 0x7f641e9ce9b9 0x7f641e9ce9cf
+B+: 0x7f641e9ce9d0 0x7f641e9ce9dc
+B+: 0x7f641e9ce9dd 0x7f641e9ce9ef
+B+: 0x7f641e9ce9f0 0x7f641e9ce9f7
+B+: 0x7f641e9cea01 0x7f641e9cea16
+B+: 0x7f641e9cea28 0x7f641e9cea3d
+B+: 0x7f641e9cea3e 0x7f641e9cea4d
+B+: 0x7f641e9cea79 0x7f641e9cea97
+B+: 0x7f641e9cea98 0x7f641e9ceac0
+B+: 0x7f641e9ceac1 0x7f641e9ceacf
+B+: 0x7f641e9cf148 0x7f641e9cf154
+B+: 0x7f641e9cf155 0x7f641e9cf174
+B+: 0x7f641e9cf175 0x7f641e9cf17f
+B+: 0x7f641e9cf1ac 0x7f641e9cf1b0
+B+: 0x7f641e9cf1b1 0x7f641e9cf1b5
+B+: 0x7f641e9cfa40 0x7f641e9cfa64
+B+: 0x7f641e9cfb10 0x7f641e9cfb1a
+B+: 0x7f641e9cfb40 0x7f641e9cfb47
+B+: 0x7f641e9cfb48 0x7f641e9cfb51
+B+: 0x7f641e9cfb58 0x7f641e9cfb60
+B+: 0x7f641e9cfb61 0x7f641e9cfb6a
+B+: 0x7f641e9cfb88 0x7f641e9cfb8c
+B+: 0x7f641e9cfb8d 0x7f641e9cfb94
+B+: 0x7f641e9cfba0 0x7f641e9cfba4
+B+: 0x7f641e9cfd00 0x7f641e9cfd30
+B+: 0x7f641e9cfe3f 0x7f641e9cfe55
+B+: 0x7f641e9cfe56 0x7f641e9cfe67
+B+: 0x7f641e9d01e0 0x7f641e9d0222
+B+: 0x7f641e9d0223 0x7f641e9d0228
+B+: 0x7f641e9d024c 0x7f641e9d0260
+B+: 0x7f641e9d0261 0x7f641e9d0269
+B+: 0x7f641e9d0270 0x7f641e9d0279
+B+: 0x7f641e9d0288 0x7f641e9d02a0
+B+: 0x7f641e9d02a1 0x7f641e9d02ba
+B+: 0x7f641e9d02bb 0x7f641e9d02bc
+B+: 0x7f641e9d02d0 0x7f641e9d02d8
+B+: 0x7f641e9d02f8 0x7f641e9d02f8
+B+: 0x7f641e9d0300 0x7f641e9d030c
+B+: 0x7f641e9d033f 0x7f641e9d0343
+B+: 0x7f641e9d0380 0x7f641e9d0384
+B+: 0x7f641e9d03d0 0x7f641e9d03e3
+B+: 0x7f641e9d0400 0x7f641e9d0400
+B+: 0x7f641e9d0420 0x7f641e9d045b
+B+: 0x7f641e9d0467 0x7f641e9d0471
+B+: 0x7f641e9d0472 0x7f641e9d0489
+B+: 0x7f641e9d048a 0x7f641e9d048d
+B+: 0x7f641e9d048e 0x7f641e9d0494
+B+: 0x7f641e9d0495 0x7f641e9d049d
+B+: 0x7f641e9d049e 0x7f641e9d04a9
+B+: 0x7f641e9d04aa 0x7f641e9d04c2
+B+: 0x7f641e9d04c3 0x7f641e9d04ce
+B+: 0x7f641e9d04cf 0x7f641e9d04e5
+B+: 0x7f641e9d04e6 0x7f641e9d04f5
+B+: 0x7f641e9d0500 0x7f641e9d050e
+B+: 0x7f641e9d050f 0x7f641e9d0513
+B+: 0x7f641e9d0514 0x7f641e9d051e
+B+: 0x7f641e9d0540 0x7f641e9d0549
+B+: 0x7f641e9d054a 0x7f641e9d054e
+B+: 0x7f641e9d054f 0x7f641e9d0560
+B+: 0x7f641e9d0568 0x7f641e9d0577
+B+: 0x7f641e9d0580 0x7f641e9d0589
+B+: 0x7f641e9d05a8 0x7f641e9d05bb
+B+: 0x7f641e9d05c0 0x7f641e9d05ce
+B+: 0x7f641e9d05cf 0x7f641e9d05dc
+B+: 0x7f641e9d06f0 0x7f641e9d06fd
+B+: 0x7f641e9d07a0 0x7f641e9d07a0
+B+: 0x7f641e9d07b0 0x7f641e9d07ba
+B+: 0x7f641e9d07bb 0x7f641e9d07ce
+B+: 0x7f641e9d07cf 0x7f641e9d07d8
+B+: 0x7f641e9d07d9 0x7f641e9d07e6
+B+: 0x7f641e9d0800 0x7f641e9d082d
+B+: 0x7f641e9d082e 0x7f641e9d0831
+B+: 0x7f641e9d0832 0x7f641e9d0847
+B+: 0x7f641e9d0864 0x7f641e9d086b
+B+: 0x7f641e9d086c 0x7f641e9d086f
+B+: 0x7f641e9d0870 0x7f641e9d0876
+B+: 0x7f641e9d0877 0x7f641e9d087b
+B+: 0x7f641e9d087c 0x7f641e9d0886
+B+: 0x7f641e9d0ae0 0x7f641e9d0b01
+B+: 0x7f641e9d0b02 0x7f641e9d0b0a
+B+: 0x7f641e9d0b0b 0x7f641e9d0b14
+B+: 0x7f641e9d0b15 0x7f641e9d0b19
+B+: 0x7f641e9d0c00 0x7f641e9d0c19
+B+: 0x7f641e9d0c51 0x7f641e9d0c8e
+B+: 0x7f641e9d0c8f 0x7f641e9d0c9e
+B+: 0x7f641e9d0c9f 0x7f641e9d0ca6
+B+: 0x7f641e9d0df0 0x7f641e9d0dfb
+B+: 0x7f641e9d0e20 0x7f641e9d0e20
+B+: 0x7f641e9d0e30 0x7f641e9d0e38
+B+: 0x7f641e9d2940 0x7f641e9d294b
+B+: 0x7f641e9d294c 0x7f641e9d2957
+B+: 0x7f641e9d2958 0x7f641e9d2964
+B+: 0x7f641e9d2965 0x7f641e9d2969
+B+: 0x7f641e9d296a 0x7f641e9d296f
+B+: 0x7f641e9d2970 0x7f641e9d2976
+B+: 0x7f641e9d2980 0x7f641e9d2987
+B+: 0x7f641e9d2988 0x7f641e9d298c
+B+: 0x7f641e9d298d 0x7f641e9d299b
+B+: 0x7f641e9d299c 0x7f641e9d29a0
+B+: 0x7f641e9d29a1 0x7f641e9d29a8
+B+: 0x7f641e9d29a9 0x7f641e9d29ad
+B+: 0x7f641e9d29ae 0x7f641e9d29b8
+B+: 0x7f641e9d29b9 0x7f641e9d29b9
+B+: 0x7f641e9d29c0 0x7f641e9d29c5
+B+: 0x7f641e9d29c6 0x7f641e9d29c9
+B+: 0x7f641e9d29d0 0x7f641e9d29d0
+B+: 0x7f641e9d29d1 0x7f641e9d29d5
+B+: 0x7f641e9d29d6 0x7f641e9d29d9
+B+: 0x7f641e9d29e0 0x7f641e9d29ff
+B+: 0x7f641e9d2a00 0x7f641e9d2a11
+B+: 0x7f641e9d2a12 0x7f641e9d2a16
+B+: 0x7f641e9d2a20 0x7f641e9d2a22
+B+: 0x7f641e9d2a23 0x7f641e9d2a2f
+B+: 0x7f641e9d2a30 0x7f641e9d2a33
+B+: 0x7f641e9d2a34 0x7f641e9d2a5d
+B+: 0x7f641e9d2a5e 0x7f641e9d2a62
+B+: 0x7f641e9d2a63 0x7f641e9d2a82
+B+: 0x7f641e9d2ac0 0x7f641e9d2ade
+B+: 0x7f641e9d2adf 0x7f641e9d2ae3
+B+: 0x7f641e9d2ae4 0x7f641e9d2ae8
+B+: 0x7f641e9d2af0 0x7f641e9d2af2
+B+: 0x7f641e9d2af3 0x7f641e9d2aff
+B+: 0x7f641e9d2b00 0x7f641e9d2b03
+B+: 0x7f641e9d2b04 0x7f641e9d2b3e
+B+: 0x7f641e9d2b3f 0x7f641e9d2b49
+B+: 0x7f641e9d2b4a 0x7f641e9d2b57
+B+: 0x7f641e9d2b58 0x7f641e9d2b5d
+B+: 0x7f641e9d2b5e 0x7f641e9d2b66
+B+: 0x7f641e9d2b67 0x7f641e9d2b70
+B+: 0x7f641e9d2b71 0x7f641e9d2b7a
+B+: 0x7f641e9d2b7b 0x7f641e9d2b9a
+B+: 0x7f641e9d2b9b 0x7f641e9d2ba3
+B+: 0x7f641e9d2ba4 0x7f641e9d2bbd
+B+: 0x7f641e9d2bc0 0x7f641e9d2bc5
+B+: 0x7f641e9d2bc6 0x7f641e9d2bcf
+B+: 0x7f641e9d2bd0 0x7f641e9d2bd9
+B+: 0x7f641e9d2bda 0x7f641e9d2bf7
+B+: 0x7f641e9d2c08 0x7f641e9d2c14
+B+: 0x7f641e9d2c15 0x7f641e9d2c1b
+B+: 0x7f641e9d2c1c 0x7f641e9d2c29
+B+: 0x7f641e9d2cb0 0x7f641e9d2cca
+B+: 0x7f641e9d2ccb 0x7f641e9d2cda
+B+: 0x7f641e9d2cdb 0x7f641e9d2ce6
+B+: 0x7f641e9d2ce7 0x7f641e9d2cef
+B+: 0x7f641e9d2cf0 0x7f641e9d2cf4
+B+: 0x7f641e9d2cf5 0x7f641e9d2cfc
+B+: 0x7f641e9d2cfd 0x7f641e9d2d10
+B+: 0x7f641e9d2d11 0x7f641e9d2d21
+B+: 0x7f641e9d2d22 0x7f641e9d2d26
+B+: 0x7f641e9d2d27 0x7f641e9d2d38
+B+: 0x7f641e9d2d39 0x7f641e9d2d4b
+B+: 0x7f641e9d2d4c 0x7f641e9d2d54
+B+: 0x7f641e9d2d55 0x7f641e9d2d5e
+B+: 0x7f641e9d2d5f 0x7f641e9d2d6d
+B+: 0x7f641e9d2ea0 0x7f641e9d2eb6
+B+: 0x7f641e9d2eb7 0x7f641e9d2ebb
+B+: 0x7f641e9d2ebc 0x7f641e9d2ec0
+B+: 0x7f641e9d2ec8 0x7f641e9d2ecb
+B+: 0x7f641e9d2ecc 0x7f641e9d2ed9
+B+: 0x7f641e9d2eda 0x7f641e9d2edd
+B+: 0x7f641e9d2ede 0x7f641e9d2f06
+B+: 0x7f641e9d2f07 0x7f641e9d2f10
+B+: 0x7f641e9d2f11 0x7f641e9d2f16
+B+: 0x7f641e9d2f17 0x7f641e9d2f24
+B+: 0x7f641e9d2f25 0x7f641e9d2f2d
+B+: 0x7f641e9d3440 0x7f641e9d346b
+B+: 0x7f641e9d346c 0x7f641e9d3470
+B+: 0x7f641e9d3471 0x7f641e9d3475
+B+: 0x7f641e9d3536 0x7f641e9d353e
+B+: 0x7f641e9d353f 0x7f641e9d3548
+B+: 0x7f641e9d3549 0x7f641e9d3551
+B+: 0x7f641e9d35d0 0x7f641e9d35e4
+B+: 0x7f641e9d35e5 0x7f641e9d3606
+B+: 0x7f641e9d3607 0x7f641e9d3610
+B+: 0x7f641e9d3611 0x7f641e9d3618
+B+: 0x7f641e9d3640 0x7f641e9d3648
+B+: 0x7f641e9d3649 0x7f641e9d3656
+B+: 0x7f641e9d3657 0x7f641e9d365f
+B+: 0x7f641e9d3660 0x7f641e9d3661
+B+: 0x7f641e9d3760 0x7f641e9d37aa
+B+: 0x7f641e9d37ab 0x7f641e9d37af
+B+: 0x7f641e9d37b0 0x7f641e9d37be
+B+: 0x7f641e9d37c8 0x7f641e9d37d3
+B+: 0x7f641e9d37d4 0x7f641e9d37d8
+B+: 0x7f641e9d37d9 0x7f641e9d37e0
+B+: 0x7f641e9d37e1 0x7f641e9d37e5
+B+: 0x7f641e9d37e6 0x7f641e9d37f3
+B+: 0x7f641e9d37f4 0x7f641e9d37fb
+B+: 0x7f641e9d3800 0x7f641e9d3810
+B+: 0x7f641e9d3811 0x7f641e9d3815
+B+: 0x7f641e9d3816 0x7f641e9d3832
+B+: 0x7f641e9d3833 0x7f641e9d3843
+B+: 0x7f641e9d3844 0x7f641e9d384f
+B+: 0x7f641e9d3850 0x7f641e9d3857
+B+: 0x7f641e9d3858 0x7f641e9d385c
+B+: 0x7f641e9d385d 0x7f641e9d3868
+B+: 0x7f641e9d3869 0x7f641e9d387b
+B+: 0x7f641e9d387c 0x7f641e9d3884
+B+: 0x7f641e9d3888 0x7f641e9d3897
+B+: 0x7f641e9d3898 0x7f641e9d389b
+B+: 0x7f641e9d389c 0x7f641e9d38b4
+B+: 0x7f641e9d38b5 0x7f641e9d38b8
+B+: 0x7f641e9d38b9 0x7f641e9d38c6
+B+: 0x7f641e9d38c7 0x7f641e9d38d5
+B+: 0x7f641e9d3dc0 0x7f641e9d3dec
+B+: 0x7f641e9d3ded 0x7f641e9d3df2
+B+: 0x7f641e9d3df3 0x7f641e9d3e04
+B+: 0x7f641e9d3e05 0x7f641e9d3e0d
+B+: 0x7f641e9d3e0e 0x7f641e9d3e1c
+CND+ 0x7f641e9c200e: taken
+CND+ 0x7f641e9c25ea: not taken
+CND+ 0x7f641e9c2626: not taken
+CND+ 0x7f641e9c263b: taken
+CND+ 0x7f641e9c2673: not taken
+CND+ 0x7f641e9c2687: not taken
+CND+ 0x7f641e9c2695: not taken
+CND+ 0x7f641e9c27e2: taken
+CND+ 0x7f641e9c2862: not taken
+CND+ 0x7f641e9c287c: both
+CND+ 0x7f641e9c28a9: not taken
+CND+ 0x7f641e9c2a5d: not taken
+CND+ 0x7f641e9c2a62: taken
+CND+ 0x7f641e9c36e6: not taken
+CND+ 0x7f641e9c3704: taken
+CND+ 0x7f641e9c371a: not taken
+CND+ 0x7f641e9c371f: taken
+CND+ 0x7f641e9c372f: taken
+CND+ 0x7f641e9c374c: not taken
+CND+ 0x7f641e9c3756: not taken
+CND+ 0x7f641e9c378f: not taken
+CND+ 0x7f641e9c379b: taken
+CND+ 0x7f641e9c4079: taken
+CND+ 0x7f641e9c411b: not taken
+CND+ 0x7f641e9c4149: not taken
+CND+ 0x7f641e9c4158: not taken
+CND+ 0x7f641e9c4190: not taken
+CND+ 0x7f641e9c41ce: taken
+CND+ 0x7f641e9c4c20: not taken
+CND+ 0x7f641e9c4c2d: taken
+CND+ 0x7f641e9c4c48: not taken
+CND+ 0x7f641e9c4c5f: both
+CND+ 0x7f641e9c4c88: not taken
+CND+ 0x7f641e9c4ed2: taken
+CND+ 0x7f641e9c4f55: not taken
+CND+ 0x7f641e9c4f7e: not taken
+CND+ 0x7f641e9c4f8a: not taken
+CND+ 0x7f641e9c4f93: both
+CND+ 0x7f641e9c4fc4: not taken
+CND+ 0x7f641e9c4fe2: both
+CND+ 0x7f641e9c4ffb: taken
+CND+ 0x7f641e9c505a: taken
+CND+ 0x7f641e9c50af: not taken
+CND+ 0x7f641e9c50b8: taken
+CND+ 0x7f641e9c50e0: taken
+CND+ 0x7f641e9c5116: not taken
+CND+ 0x7f641e9c515a: not taken
+CND+ 0x7f641e9c5163: taken
+CND+ 0x7f641e9c521b: taken
+CND+ 0x7f641e9c524a: taken
+CND+ 0x7f641e9c527c: not taken
+CND+ 0x7f641e9c536a: taken
+CND+ 0x7f641e9c5520: not taken
+CND+ 0x7f641e9c5529: not taken
+CND+ 0x7f641e9c5532: taken
+CND+ 0x7f641e9c58eb: not taken
+CND+ 0x7f641e9c5906: both
+CND+ 0x7f641e9c593d: not taken
+CND+ 0x7f641e9c5985: both
+CND+ 0x7f641e9c59f6: taken
+CND+ 0x7f641e9c5a20: both
+CND+ 0x7f641e9c5a29: not taken
+CND+ 0x7f641e9c5a33: not taken
+CND+ 0x7f641e9c5ae4: not taken
+CND+ 0x7f641e9c5afb: taken
+CND+ 0x7f641e9c5b2a: both
+CND+ 0x7f641e9c5b30: both
+CND+ 0x7f641e9c5b40: taken
+CND+ 0x7f641e9c5b60: not taken
+CND+ 0x7f641e9c5b96: not taken
+CND+ 0x7f641e9c5be5: taken
+CND+ 0x7f641e9c5da0: not taken
+CND+ 0x7f641e9c5da9: not taken
+CND+ 0x7f641e9c5dc8: both
+CND+ 0x7f641e9c5dd0: both
+CND+ 0x7f641e9c5e2e: taken
+CND+ 0x7f641e9c5e57: not taken
+CND+ 0x7f641e9c5eac: taken
+CND+ 0x7f641e9c5ed8: taken
+CND+ 0x7f641e9c5fa3: not taken
+CND+ 0x7f641e9c5fc0: taken
+CND+ 0x7f641e9c6019: not taken
+CND+ 0x7f641e9c6065: not taken
+CND+ 0x7f641e9c606f: not taken
+CND+ 0x7f641e9c6089: both
+CND+ 0x7f641e9c609d: not taken
+CND+ 0x7f641e9c60ab: taken
+CND+ 0x7f641e9c614c: not taken
+CND+ 0x7f641e9c6156: taken
+CND+ 0x7f641e9c61cc: taken
+CND+ 0x7f641e9c61ee: taken
+CND+ 0x7f641e9c6811: both
+CND+ 0x7f641e9c681b: not taken
+CND+ 0x7f641e9c681f: not taken
+CND+ 0x7f641e9c6839: taken
+CND+ 0x7f641e9c6859: taken
+CND+ 0x7f641e9c6861: taken
+CND+ 0x7f641e9c745f: taken
+CND+ 0x7f641e9c7626: not taken
+CND+ 0x7f641e9c76ca: taken
+CND+ 0x7f641e9c7762: taken
+CND+ 0x7f641e9c82a4: taken
+CND+ 0x7f641e9c82bd: not taken
+CND+ 0x7f641e9c82cd: not taken
+CND+ 0x7f641e9c830f: taken
+CND+ 0x7f641e9c8327: taken
+CND+ 0x7f641e9c833a: not taken
+CND+ 0x7f641e9c8343: taken
+CND+ 0x7f641e9c8381: not taken
+CND+ 0x7f641e9c83d6: taken
+CND+ 0x7f641e9c83e7: taken
+CND+ 0x7f641e9c8895: not taken
+CND+ 0x7f641e9c88a8: not taken
+CND+ 0x7f641e9c88d2: not taken
+CND+ 0x7f641e9c8907: not taken
+CND+ 0x7f641e9c8942: taken
+CND+ 0x7f641e9c8953: not taken
+CND+ 0x7f641e9c8963: taken
+CND+ 0x7f641e9c8a7b: not taken
+CND+ 0x7f641e9c8dbc: both
+CND+ 0x7f641e9c8dc9: both
+CND+ 0x7f641e9c8e03: not taken
+CND+ 0x7f641e9c8e0d: not taken
+CND+ 0x7f641e9c8e18: taken
+CND+ 0x7f641e9c91a1: not taken
+CND+ 0x7f641e9c91ab: not taken
+CND+ 0x7f641e9c91e4: taken
+CND+ 0x7f641e9c91f2: taken
+CND+ 0x7f641e9c920a: not taken
+CND+ 0x7f641e9c9225: not taken
+CND+ 0x7f641e9c922f: not taken
+CND+ 0x7f641e9c9247: taken
+CND+ 0x7f641e9c9533: taken
+CND+ 0x7f641e9c9582: taken
+CND+ 0x7f641e9c9655: taken
+CND+ 0x7f641e9c9698: taken
+CND+ 0x7f641e9c9703: not taken
+CND+ 0x7f641e9c970c: taken
+CND+ 0x7f641e9c9725: not taken
+CND+ 0x7f641e9c9742: not taken
+CND+ 0x7f641e9c975a: not taken
+CND+ 0x7f641e9c9765: not taken
+CND+ 0x7f641e9c9792: not taken
+CND+ 0x7f641e9c9797: taken
+CND+ 0x7f641e9c97a9: taken
+CND+ 0x7f641e9c97ad: not taken
+CND+ 0x7f641e9c97bc: taken
+CND+ 0x7f641e9c97ce: taken
+CND+ 0x7f641e9c9848: taken
+CND+ 0x7f641e9c9889: not taken
+CND+ 0x7f641e9c989b: not taken
+CND+ 0x7f641e9c98a8: taken
+CND+ 0x7f641e9c9c2f: not taken
+CND+ 0x7f641e9c9c57: taken
+CND+ 0x7f641e9c9c65: not taken
+CND+ 0x7f641e9c9c6e: taken
+CND+ 0x7f641e9c9c86: not taken
+CND+ 0x7f641e9c9cae: taken
+CND+ 0x7f641e9ca366: taken
+CND+ 0x7f641e9ca9d6: taken
+CND+ 0x7f641e9caa31: not taken
+CND+ 0x7f641e9caa51: taken
+CND+ 0x7f641e9caaad: not taken
+CND+ 0x7f641e9caab5: taken
+CND+ 0x7f641e9cab00: taken
+CND+ 0x7f641e9cab5a: not taken
+CND+ 0x7f641e9cab62: not taken
+CND+ 0x7f641e9cab6b: not taken
+CND+ 0x7f641e9cab75: not taken
+CND+ 0x7f641e9cab7f: taken
+CND+ 0x7f641e9cab9b: taken
+CND+ 0x7f641e9cac3c: taken
+CND+ 0x7f641e9caed9: not taken
+CND+ 0x7f641e9caee6: not taken
+CND+ 0x7f641e9caf01: not taken
+CND+ 0x7f641e9caf1a: not taken
+CND+ 0x7f641e9caf20: not taken
+CND+ 0x7f641e9caf26: taken
+CND+ 0x7f641e9cb76c: not taken
+CND+ 0x7f641e9cb78c: not taken
+CND+ 0x7f641e9cb7d8: both
+CND+ 0x7f641e9cb7e1: taken
+CND+ 0x7f641e9cb806: not taken
+CND+ 0x7f641e9cb840: not taken
+CND+ 0x7f641e9cb84a: not taken
+CND+ 0x7f641e9cb965: both
+CND+ 0x7f641e9cb989: not taken
+CND+ 0x7f641e9cb9b2: not taken
+CND+ 0x7f641e9cb9bc: not taken
+CND+ 0x7f641e9cb9e3: not taken
+CND+ 0x7f641e9cba13: taken
+CND+ 0x7f641e9cbafd: not taken
+CND+ 0x7f641e9cbb1a: not taken
+CND+ 0x7f641e9cbb61: taken
+CND+ 0x7f641e9cc711: not taken
+CND+ 0x7f641e9cc71d: not taken
+CND+ 0x7f641e9cc722: not taken
+CND+ 0x7f641e9cc748: not taken
+CND+ 0x7f641e9cc74c: not taken
+CND+ 0x7f641e9cc75f: not taken
+CND+ 0x7f641e9cc7a4: not taken
+CND+ 0x7f641e9cc8f3: both
+CND+ 0x7f641e9cc90f: both
+CND+ 0x7f641e9cc911: not taken
+CND+ 0x7f641e9cc91a: taken
+CND+ 0x7f641e9cca92: not taken
+CND+ 0x7f641e9ccaba: not taken
+CND+ 0x7f641e9ccad5: both
+CND+ 0x7f641e9ccade: taken
+CND+ 0x7f641e9ccaf7: not taken
+CND+ 0x7f641e9ccb01: not taken
+CND+ 0x7f641e9ccb05: not taken
+CND+ 0x7f641e9ccb19: taken
+CND+ 0x7f641e9ccc50: not taken
+CND+ 0x7f641e9ccc62: taken
+CND+ 0x7f641e9ccdb1: not taken
+CND+ 0x7f641e9ccdea: both
+CND+ 0x7f641e9cce13: not taken
+CND+ 0x7f641e9cce20: taken
+CND+ 0x7f641e9cce2d: not taken
+CND+ 0x7f641e9cce43: not taken
+CND+ 0x7f641e9cce4f: both
+CND+ 0x7f641e9cce58: not taken
+CND+ 0x7f641e9cce72: taken
+CND+ 0x7f641e9ccee7: taken
+CND+ 0x7f641e9cd75d: both
+CND+ 0x7f641e9cd76f: not taken
+CND+ 0x7f641e9cd782: both
+CND+ 0x7f641e9cd787: both
+CND+ 0x7f641e9cd795: both
+CND+ 0x7f641e9cd8b1: not taken
+CND+ 0x7f641e9cd8dc: not taken
+CND+ 0x7f641e9cd8ea: not taken
+CND+ 0x7f641e9cd8ec: both
+CND+ 0x7f641e9cd8f5: not taken
+CND+ 0x7f641e9cd8fb: taken
+CND+ 0x7f641e9cd943: not taken
+CND+ 0x7f641e9cd94c: taken
+CND+ 0x7f641e9cd983: not taken
+CND+ 0x7f641e9cd989: both
+CND+ 0x7f641e9cd990: not taken
+CND+ 0x7f641e9cd9ab: taken
+CND+ 0x7f641e9cda0b: taken
+CND+ 0x7f641e9cdb10: both
+CND+ 0x7f641e9cdb1c: not taken
+CND+ 0x7f641e9cdb21: both
+CND+ 0x7f641e9cdb2f: not taken
+CND+ 0x7f641e9cdb37: both
+CND+ 0x7f641e9cdb44: both
+CND+ 0x7f641e9cdb5e: taken
+CND+ 0x7f641e9cdb92: both
+CND+ 0x7f641e9cdb9b: taken
+CND+ 0x7f641e9cdbfb: taken
+CND+ 0x7f641e9cdd68: both
+CND+ 0x7f641e9cdd71: taken
+CND+ 0x7f641e9cdd8b: not taken
+CND+ 0x7f641e9cdda3: taken
+CND+ 0x7f641e9cdddd: taken
+CND+ 0x7f641e9cde02: not taken
+CND+ 0x7f641e9cde0b: taken
+CND+ 0x7f641e9cde2f: not taken
+CND+ 0x7f641e9cde35: taken
+CND+ 0x7f641e9cde4f: not taken
+CND+ 0x7f641e9cde58: both
+CND+ 0x7f641e9cdf7d: not taken
+CND+ 0x7f641e9ce02c: not taken
+CND+ 0x7f641e9ce0c7: not taken
+CND+ 0x7f641e9ce0d0: both
+CND+ 0x7f641e9ce0d9: not taken
+CND+ 0x7f641e9ce5a7: both
+CND+ 0x7f641e9ce5ed: not taken
+CND+ 0x7f641e9ce5f2: taken
+CND+ 0x7f641e9ce682: not taken
+CND+ 0x7f641e9ce6a1: not taken
+CND+ 0x7f641e9ce7bb: not taken
+CND+ 0x7f641e9ce835: not taken
+CND+ 0x7f641e9ce870: not taken
+CND+ 0x7f641e9ce88e: not taken
+CND+ 0x7f641e9ce89e: not taken
+CND+ 0x7f641e9ce9ca: both
+CND+ 0x7f641e9ce9ea: taken
+CND+ 0x7f641e9ce9f6: taken
+CND+ 0x7f641e9cea15: taken
+CND+ 0x7f641e9cea38: not taken
+CND+ 0x7f641e9cea48: taken
+CND+ 0x7f641e9ceabb: not taken
+CND+ 0x7f641e9cf14f: not taken
+CND+ 0x7f641e9cf16f: not taken
+CND+ 0x7f641e9cf17e: taken
+CND+ 0x7f641e9cfa5f: taken
+CND+ 0x7f641e9cfb46: not taken
+CND+ 0x7f641e9cfb50: taken
+CND+ 0x7f641e9cfb69: taken
+CND+ 0x7f641e9cfb93: taken
+CND+ 0x7f641e9cfd2b: taken
+CND+ 0x7f641e9cfe50: not taken
+CND+ 0x7f641e9d0227: taken
+CND+ 0x7f641e9d025f: not taken
+CND+ 0x7f641e9d0278: taken
+CND+ 0x7f641e9d02b9: not taken
+CND+ 0x7f641e9d02d7: taken
+CND+ 0x7f641e9d030b: taken
+CND+ 0x7f641e9d0383: taken
+CND+ 0x7f641e9d03e2: taken
+CND+ 0x7f641e9d0456: taken
+CND+ 0x7f641e9d0488: both
+CND+ 0x7f641e9d048c: not taken
+CND+ 0x7f641e9d0493: not taken
+CND+ 0x7f641e9d0498: both
+CND+ 0x7f641e9d04e0: not taken
+CND+ 0x7f641e9d0512: not taken
+CND+ 0x7f641e9d0519: taken
+CND+ 0x7f641e9d0548: not taken
+CND+ 0x7f641e9d054d: not taken
+CND+ 0x7f641e9d05c9: not taken
+CND+ 0x7f641e9d05d7: taken
+CND+ 0x7f641e9d06f8: taken
+CND+ 0x7f641e9d07b9: not taken
+CND+ 0x7f641e9d0830: not taken
+CND+ 0x7f641e9d0846: taken
+CND+ 0x7f641e9d086e: not taken
+CND+ 0x7f641e9d0b09: not taken
+CND+ 0x7f641e9d0b13: not taken
+CND+ 0x7f641e9d0c18: taken
+CND+ 0x7f641e9d0c9d: not taken
+CND+ 0x7f641e9d0dfa: taken
+CND+ 0x7f641e9d2946: both
+CND+ 0x7f641e9d2963: both
+CND+ 0x7f641e9d2968: not taken
+CND+ 0x7f641e9d296e: not taken
+CND+ 0x7f641e9d2986: not taken
+CND+ 0x7f641e9d298b: both
+CND+ 0x7f641e9d299a: both
+CND+ 0x7f641e9d299f: both
+CND+ 0x7f641e9d29ac: both
+CND+ 0x7f641e9d29b7: both
+CND+ 0x7f641e9d29c4: not taken
+CND+ 0x7f641e9d2a10: not taken
+CND+ 0x7f641e9d2a15: taken
+CND+ 0x7f641e9d2a2e: both
+CND+ 0x7f641e9d2a32: both
+CND+ 0x7f641e9d2a5c: both
+CND+ 0x7f641e9d2add: not taken
+CND+ 0x7f641e9d2ae2: not taken
+CND+ 0x7f641e9d2afe: not taken
+CND+ 0x7f641e9d2b02: both
+CND+ 0x7f641e9d2b48: both
+CND+ 0x7f641e9d2b52: not taken
+CND+ 0x7f641e9d2b5c: not taken
+CND+ 0x7f641e9d2b65: both
+CND+ 0x7f641e9d2b6b: taken
+CND+ 0x7f641e9d2b75: not taken
+CND+ 0x7f641e9d2b95: not taken
+CND+ 0x7f641e9d2ba2: not taken
+CND+ 0x7f641e9d2bc4: not taken
+CND+ 0x7f641e9d2bce: not taken
+CND+ 0x7f641e9d2bf6: taken
+CND+ 0x7f641e9d2c24: taken
+CND+ 0x7f641e9d2ce1: not taken
+CND+ 0x7f641e9d2cea: not taken
+CND+ 0x7f641e9d2cf3: not taken
+CND+ 0x7f641e9d2d25: not taken
+CND+ 0x7f641e9d2d53: not taken
+CND+ 0x7f641e9d2d5d: not taken
+CND+ 0x7f641e9d2eb5: not taken
+CND+ 0x7f641e9d2eba: not taken
+CND+ 0x7f641e9d2ed8: both
+CND+ 0x7f641e9d2edc: taken
+CND+ 0x7f641e9d2f0f: not taken
+CND+ 0x7f641e9d2f15: not taken
+CND+ 0x7f641e9d346f: not taken
+CND+ 0x7f641e9d353d: not taken
+CND+ 0x7f641e9d3547: not taken
+CND+ 0x7f641e9d3605: not taken
+CND+ 0x7f641e9d360f: not taken
+CND+ 0x7f641e9d3647: not taken
+CND+ 0x7f641e9d365e: not taken
+CND+ 0x7f641e9d37bd: taken
+CND+ 0x7f641e9d37d2: taken
+CND+ 0x7f641e9d37df: not taken
+CND+ 0x7f641e9d37e4: both
+CND+ 0x7f641e9d37fa: taken
+CND+ 0x7f641e9d3856: not taken
+CND+ 0x7f641e9d385b: taken
+CND+ 0x7f641e9d387a: not taken
+CND+ 0x7f641e9d389a: not taken
+CND+ 0x7f641e9d38b7: not taken
+CND+ 0x7f641e9d38c5: not taken
+CND+ 0x7f641e9d38d4: taken
+CND+ 0x7f641e9d3df1: not taken
+CND+ 0x7f641e9d3e0c: not taken
@0x7f641e9ce8af to 0x7f641e9cea01 203
@0x7f641e9ce8af to 0x7f641e9ce9f0 11
@0x7f641e9ce8af to 0x7f641e9cea28 1
@0x7f641e9d2c19 to 0x7f641e9c67d0 1
@0x7f641e9d2c19 to 0x7f641e9cd120 1
@0x7f641e9c2050 to 0x7f64224fba30 4
@0x7f641e9c2080 to 0x7f642249b330 2
@0x7f641e9c2090 to 0x7f642253d710 1
@0x7f641e9c20a0 to 0x7f6422513e70 5
@0x7f641e9c20d0 to 0x7f64224aea20 7
@0x7f641e9c20f0 to 0x7f64225d2800 4
@0x7f641e9c2130 to 0x7f642253e1e0 1
@0x7f641e9c2140 to 0x7f64224b2c10 1
@0x7f641e9c2150 to 0x7f6422560800 4
@0x7f641e9c2160 to 0x7f642253d230 1
@0x7f641e9c2190 to 0x7f64225d2bc0 8
@0x7f641e9c21c0 to 0x7f642253e200 1
@0x7f641e9c21e0 to 0x7f64225d25d0 1
@0x7f641e9c2220 to 0x7f642253e210 2
@0x7f641e9c2230 to 0x7f6422561b10 1
@0x7f641e9c416e to 0x7f641e9c41c0 1
@0x7f641e9c2280 to 0x7f64225cdd10 12
@0x7f641e9c22a0 to 0x7f64224ae450 4
@0x7f641e9c41ac to 0x7f641e9c4e90 1
@0x7f641e9c22d0 to 0x7f64225ce100 9
@0x7f641e9c2320 to 0x7f64224af0f0 4
@0x7f641e9c2330 to 0x7f64225d3100 6
@0x7f641e9c2350 to 0x7f642253e220 1
@0x7f641e9c2370 to 0x7f6422560800 2
@0x7f641e9c2390 to 0x7f64224fb3e0 23
@0x7f641e9c23b0 to 0x7f642253e230 1
@0x7f641e9c23c0 to 0x7f64225cde90 24
@0x7f641e9c23e0 to 0x7f642257eba0 1
@0x7f641e9c2410 to 0x7f64224fbc80 1
@0x7f641e9c2460 to 0x7f64225d30e0 14
@0x7f641e9c2510 to 0x7f642253e1f0 1
@0x7f641e9c2560 to 0x7f642253d4e0 1
@0x7f641e9c2570 to 0x7f64224a7580 191
@0x7f641e9cdf91 to 0x7f641e9ce075 1
@0x7f641e9c2784 to 0x7f642249afb0 1
@0x7f641e9d3e01 to 0x7f641e9c2840 1
@0x7f641e9d055f to 0x7f641e9d0580 1
@0x7f641e9d055f to 0x7f641e9d05c0 1
@0x7f641e9d055f to 0x7f641e9d05a8 2
