MODULE_NAME: /bin/dash
MODULE_START: 0x7f20b77d1000
+B+: 0x7f20b77d5000 0x7f20b77d500f
+B+: 0x7f20b77d5012 0x7f20b77d5016
+B+: 0x7f20b77d5050 0x7f20b77d5055
+B+: 0x7f20b77d5080 0x7f20b77d5085
+B+: 0x7f20b77d5090 0x7f20b77d5095
+B+: 0x7f20b77d50a0 0x7f20b77d50a5
+B+: 0x7f20b77d50d0 0x7f20b77d50d5
+B+: 0x7f20b77d50f0 0x7f20b77d50f5
+B+: 0x7f20b77d5130 0x7f20b77d5135
+B+: 0x7f20b77d5140 0x7f20b77d5145
+B+: 0x7f20b77d5150 0x7f20b77d5155
+B+: 0x7f20b77d5160 0x7f20b77d5165
+B+: 0x7f20b77d5190 0x7f20b77d5195
+B+: 0x7f20b77d51c0 0x7f20b77d51c5
+B+: 0x7f20b77d51e0 0x7f20b77d51e5
+B+: 0x7f20b77d5220 0x7f20b77d5225
+B+: 0x7f20b77d5230 0x7f20b77d5235
+B+: 0x7f20b77d5280 0x7f20b77d5285
+B+: 0x7f20b77d52a0 0x7f20b77d52a5
+B+: 0x7f20b77d52d0 0x7f20b77d52d5
+B+: 0x7f20b77d5320 0x7f20b77d5325
+B+: 0x7f20b77d5330 0x7f20b77d5335
+B+: 0x7f20b77d5350 0x7f20b77d5355
+B+: 0x7f20b77d5370 0x7f20b77d5375
+B+: 0x7f20b77d5390 0x7f20b77d5395
+B+: 0x7f20b77d53b0 0x7f20b77d53b5
+B+: 0x7f20b77d53c0 0x7f20b77d53c5
+B+: 0x7f20b77d53e0 0x7f20b77d53e5
+B+: 0x7f20b77d5410 0x7f20b77d5415
+B+: 0x7f20b77d5460 0x7f20b77d5465
+B+: 0x7f20b77d5510 0x7f20b77d5515
+B+: 0x7f20b77d5560 0x7f20b77d5565
+B+: 0x7f20b77d5570 0x7f20b77d5575
+B+: 0x7f20b77d5590 0x7f20b77d55b8
+B+: 0x7f20b77d55b9 0x7f20b77d55c4
+B+: 0x7f20b77d55c5 0x7f20b77d55cf
+B+: 0x7f20b77d55d0 0x7f20b77d55e7
+B+: 0x7f20b77d55e8 0x7f20b77d55ef
+B+: 0x7f20b77d55f0 0x7f20b77d5600
+B+: 0x7f20b77d5601 0x7f20b77d560b
+B+: 0x7f20b77d560c 0x7f20b77d5615
+B+: 0x7f20b77d5616 0x7f20b77d5623
+B+: 0x7f20b77d5624 0x7f20b77d562b
+B+: 0x7f20b77d562c 0x7f20b77d563c
+B+: 0x7f20b77d5657 0x7f20b77d5660
+B+: 0x7f20b77d5661 0x7f20b77d5678
+B+: 0x7f20b77d5679 0x7f20b77d567f
+B+: 0x7f20b77d5680 0x7f20b77d568c
+B+: 0x7f20b77d568d 0x7f20b77d5696
+B+: 0x7f20b77d5697 0x7f20b77d569b
+B+: 0x7f20b77d5760 0x7f20b77d5789
+B+: 0x7f20b77d57c0 0x7f20b77d57e3
+B+: 0x7f20b77d57f8 0x7f20b77d57f8
+B+: 0x7f20b77d5840 0x7f20b77d5844
+B+: 0x7f20b77d5850 0x7f20b77d5863
+B+: 0x7f20b77d5864 0x7f20b77d586f
+B+: 0x7f20b77d5870 0x7f20b77d587d
+B+: 0x7f20b77d587e 0x7f20b77d58aa
+B+: 0x7f20b77d58ab 0x7f20b77d58ac
+B+: 0x7f20b77d58cb 0x7f20b77d58d2
+B+: 0x7f20b77d5a50 0x7f20b77d5a57
+B+: 0x7f20b77d5a58 0x7f20b77d5a5e
+B+: 0x7f20b77d5a5f 0x7f20b77d5a63
+B+: 0x7f20b77d5a71 0x7f20b77d5a72
+B+: 0x7f20b77d66d0 0x7f20b77d66eb
+B+: 0x7f20b77d66ec 0x7f20b77d6705
+B+: 0x7f20b77d6717 0x7f20b77d671b
+B+: 0x7f20b77d671c 0x7f20b77d6720
+B+: 0x7f20b77d672c 0x7f20b77d6730
+B+: 0x7f20b77d673e 0x7f20b77d674d
+B+: 0x7f20b77d674e 0x7f20b77d6757
+B+: 0x7f20b77d6758 0x7f20b77d6775
+B+: 0x7f20b77d6780 0x7f20b77d6788
+B+: 0x7f20b77d6789 0x7f20b77d6790
+B+: 0x7f20b77d6791 0x7f20b77d679c
+B+: 0x7f20b77d7060 0x7f20b77d707e
+B+: 0x7f20b77d710d 0x7f20b77d711c
+B+: 0x7f20b77d711d 0x7f20b77d7123
+B+: 0x7f20b77d7140 0x7f20b77d714a
+B+: 0x7f20b77d714b 0x7f20b77d7152
+B+: 0x7f20b77d7153 0x7f20b77d715d
+B+: 0x7f20b77d715e 0x7f20b77d716f
+B+: 0x7f20b77d7188 0x7f20b77d718c
+B+: 0x7f20b77d718d 0x7f20b77d7191
+B+: 0x7f20b77d7192 0x7f20b77d719c
+B+: 0x7f20b77d71a7 0x7f20b77d71ad
+B+: 0x7f20b77d71ae 0x7f20b77d71b5
+B+: 0x7f20b77d71c0 0x7f20b77d71cf
+B+: 0x7f20b77d7bc0 0x7f20b77d7bfa
+B+: 0x7f20b77d7bfb 0x7f20b77d7c07
+B+: 0x7f20b77d7c08 0x7f20b77d7c0f
+B+: 0x7f20b77d7c10 0x7f20b77d7c11
+B+: 0x7f20b77d7c18 0x7f20b77d7c21
+B+: 0x7f20b77d7c22 0x7f20b77d7c2e
+B+: 0x7f20b77d7c32 0x7f20b77d7c39
+B+: 0x7f20b77d7c3a 0x7f20b77d7c49
+B+: 0x7f20b77d7c4a 0x7f20b77d7c51
+B+: 0x7f20b77d7c52 0x7f20b77d7c58
+B+: 0x7f20b77d7c59 0x7f20b77d7c60
+B+: 0x7f20b77d7c61 0x7f20b77d7c68
+B+: 0x7f20b77d7c69 0x7f20b77d7c6d
+B+: 0x7f20b77d7c6e 0x7f20b77d7c77
+B+: 0x7f20b77d7c78 0x7f20b77d7c89
+B+: 0x7f20b77d7c8a 0x7f20b77d7c98
+B+: 0x7f20b77d7e90 0x7f20b77d7ed3
+B+: 0x7f20b77d7edf 0x7f20b77d7ef5
+B+: 0x7f20b77d7ef6 0x7f20b77d7efa
+B+: 0x7f20b77d7efb 0x7f20b77d7f5a
+B+: 0x7f20b77d7f5b 0x7f20b77d7f67
+B+: 0x7f20b77d7f68 0x7f20b77d7f77
+B+: 0x7f20b77d7f78 0x7f20b77d7f7f
+B+: 0x7f20b77d7f80 0x7f20b77d7f8b
+B+: 0x7f20b77d7f8c 0x7f20b77d7f94
+B+: 0x7f20b77d7f95 0x7f20b77d7f9b
+B+: 0x7f20b77d7fa0 0x7f20b77d7faf
+B+: 0x7f20b77d7fb0 0x7f20b77d7fc5
+B+: 0x7f20b77d7fc6 0x7f20b77d7fcf
+B+: 0x7f20b77d7fd0 0x7f20b77d7fe3
+B+: 0x7f20b77d7fe4 0x7f20b77d7ffc
+B+: 0x7f20b77d8019 0x7f20b77d802b
+B+: 0x7f20b77d802c 0x7f20b77d8034
+B+: 0x7f20b77d8035 0x7f20b77d8047
+B+: 0x7f20b77d8048 0x7f20b77d805b
+B+: 0x7f20b77d80a8 0x7f20b77d80b4
+B+: 0x7f20b77d80b5 0x7f20b77d80b9
+B+: 0x7f20b77d80db 0x7f20b77d80e1
+B+: 0x7f20b77d80f0 0x7f20b77d8103
+B+: 0x7f20b77d8104 0x7f20b77d8113
+B+: 0x7f20b77d8114 0x7f20b77d811b
+B+: 0x7f20b77d811c 0x7f20b77d8122
+B+: 0x7f20b77d8123 0x7f20b77d8152
+B+: 0x7f20b77d8153 0x7f20b77d815f
+B+: 0x7f20b77d8160 0x7f20b77d8168
+B+: 0x7f20b77d8216 0x7f20b77d821c
+B+: 0x7f20b77d8224 0x7f20b77d822d
+B+: 0x7f20b77d822e 0x7f20b77d8237
+B+: 0x7f20b77d8238 0x7f20b77d8241
+B+: 0x7f20b77d8242 0x7f20b77d824b
+B+: 0x7f20b77d825d 0x7f20b77d8266
+B+: 0x7f20b77d8267 0x7f20b77d8281
+B+: 0x7f20b77d8282 0x7f20b77d8293
+B+: 0x7f20b77d834c 0x7f20b77d8353
+B+: 0x7f20b77d8354 0x7f20b77d836f
+B+: 0x7f20b77d851b 0x7f20b77d8525
+B+: 0x7f20b77d8526 0x7f20b77d852e
+B+: 0x7f20b77d852f 0x7f20b77d8537
+B+: 0x7f20b77d88d0 0x7f20b77d88ec
+B+: 0x7f20b77d88ed 0x7f20b77d88f1
+B+: 0x7f20b77d88f8 0x7f20b77d88fa
+B+: 0x7f20b77d88fb 0x7f20b77d8907
+B+: 0x7f20b77d8908 0x7f20b77d893e
+B+: 0x7f20b77d893f 0x7f20b77d8940
+B+: 0x7f20b77d8963 0x7f20b77d8977
+B+: 0x7f20b77d8980 0x7f20b77d8986
+B+: 0x7f20b77d8987 0x7f20b77d898e
+B+: 0x7f20b77d898f 0x7f20b77d8997
+B+: 0x7f20b77d8998 0x7f20b77d89ba
+B+: 0x7f20b77d89bb 0x7f20b77d89bc
+B+: 0x7f20b77d89c0 0x7f20b77d89e7
+B+: 0x7f20b77d89e8 0x7f20b77d89f7
+B+: 0x7f20b77d8a19 0x7f20b77d8a21
+B+: 0x7f20b77d8a22 0x7f20b77d8a2a
+B+: 0x7f20b77d8a2b 0x7f20b77d8a34
+B+: 0x7f20b77d8a35 0x7f20b77d8a3f
+B+: 0x7f20b77d8ad0 0x7f20b77d8ae9
+B+: 0x7f20b77d8aea 0x7f20b77d8b00
+B+: 0x7f20b77d8b10 0x7f20b77d8b1f
+B+: 0x7f20b77d8b20 0x7f20b77d8b2b
+B+: 0x7f20b77d8b2c 0x7f20b77d8b31
+B+: 0x7f20b77d8b32 0x7f20b77d8b41
+B+: 0x7f20b77d8b56 0x7f20b77d8b61
+B+: 0x7f20b77d8b62 0x7f20b77d8b6f
+B+: 0x7f20b77d8b70 0x7f20b77d8b85
+B+: 0x7f20b77d8b86 0x7f20b77d8b97
+B+: 0x7f20b77d8b98 0x7f20b77d8bc0
+B+: 0x7f20b77d8bc8 0x7f20b77d8bcc
+B+: 0x7f20b77d8bcd 0x7f20b77d8bea
+B+: 0x7f20b77d8d70 0x7f20b77d8d98
+B+: 0x7f20b77d8da0 0x7f20b77d8da1
+B+: 0x7f20b77d8da2 0x7f20b77d8daa
+B+: 0x7f20b77d8dab 0x7f20b77d8dc5
+B+: 0x7f20b77d8dc6 0x7f20b77d8dc9
+B+: 0x7f20b77d8dca 0x7f20b77d8dd1
+B+: 0x7f20b77d8dd2 0x7f20b77d8de6
+B+: 0x7f20b77d8df0 0x7f20b77d8e2a
+B+: 0x7f20b77d8e2b 0x7f20b77d8e2f
+B+: 0x7f20b77d8e46 0x7f20b77d8e5c
+B+: 0x7f20b77d8e5d 0x7f20b77d8e6e
+B+: 0x7f20b77d8e90 0x7f20b77d8ead
+B+: 0x7f20b77d8ec8 0x7f20b77d8ed1
+B+: 0x7f20b77d8ed2 0x7f20b77d8edd
+B+: 0x7f20b77d8f6c 0x7f20b77d8f8f
+B+: 0x7f20b77d8f90 0x7f20b77d8f9c
+B+: 0x7f20b77d8f9d 0x7f20b77d8fa8
+B+: 0x7f20b77d8fa9 0x7f20b77d8fb0
+B+: 0x7f20b77d8fb1 0x7f20b77d8fc5
+B+: 0x7f20b77d9008 0x7f20b77d9012
+B+: 0x7f20b77d9013 0x7f20b77d901e
+B+: 0x7f20b77d901f 0x7f20b77d902e
+B+: 0x7f20b77d9060 0x7f20b77d9066
+B+: 0x7f20b77d9067 0x7f20b77d9074
+B+: 0x7f20b77d9075 0x7f20b77d9086
+B+: 0x7f20b77d9087 0x7f20b77d908e
+B+: 0x7f20b77d908f 0x7f20b77d90a2
+B+: 0x7f20b77d90a3 0x7f20b77d90b0
+B+: 0x7f20b77d9100 0x7f20b77d9116
+B+: 0x7f20b77d9145 0x7f20b77d914d
+B+: 0x7f20b77d914e 0x7f20b77d9157
+B+: 0x7f20b77d9160 0x7f20b77d9166
+B+: 0x7f20b77d91c0 0x7f20b77d91d1
+B+: 0x7f20b77d91e8 0x7f20b77d91ef
+B+: 0x7f20b77d9248 0x7f20b77d925b
+B+: 0x7f20b77d925c 0x7f20b77d9271
+B+: 0x7f20b77d97d0 0x7f20b77d97ff
+B+: 0x7f20b77d980f 0x7f20b77d9812
+B+: 0x7f20b77d9813 0x7f20b77d981c
+B+: 0x7f20b77d981d 0x7f20b77d9820
+B+: 0x7f20b77d9821 0x7f20b77d982f
+B+: 0x7f20b77d9830 0x7f20b77d983a
+B+: 0x7f20b77d984f 0x7f20b77d985a
+B+: 0x7f20b77d985f 0x7f20b77d9862
+B+: 0x7f20b77d9870 0x7f20b77d9877
+B+: 0x7f20b77d9878 0x7f20b77d988d
+B+: 0x7f20b77da440 0x7f20b77da464
+B+: 0x7f20b77da61e 0x7f20b77da627
+B+: 0x7f20b77da628 0x7f20b77da631
+B+: 0x7f20b77da632 0x7f20b77da659
+B+: 0x7f20b77da6af 0x7f20b77da6bc
+B+: 0x7f20b77da6c0 0x7f20b77da6cb
+B+: 0x7f20b77da730 0x7f20b77da73b
+B+: 0x7f20b77da740 0x7f20b77da75e
+B+: 0x7f20b77da75f 0x7f20b77da767
+B+: 0x7f20b77da7d2 0x7f20b77da7e3
+B+: 0x7f20b77da8a0 0x7f20b77da8a7
+B+: 0x7f20b77db260 0x7f20b77db2a5
+B+: 0x7f20b77db2b5 0x7f20b77db2be
+B+: 0x7f20b77db2bf 0x7f20b77db2d2
+B+: 0x7f20b77db2d3 0x7f20b77db2fc
+B+: 0x7f20b77db2fd 0x7f20b77db310
+B+: 0x7f20b77db324 0x7f20b77db328
+B+: 0x7f20b77db336 0x7f20b77db33f
+B+: 0x7f20b77db340 0x7f20b77db344
+B+: 0x7f20b77db370 0x7f20b77db386
+B+: 0x7f20b77db387 0x7f20b77db398
+B+: 0x7f20b77db3a0 0x7f20b77db3b6
+B+: 0x7f20b77db3b7 0x7f20b77db3d7
+B+: 0x7f20b77db3dd 0x7f20b77db3ec
+B+: 0x7f20b77db850 0x7f20b77db886
+B+: 0x7f20b77db887 0x7f20b77db89a
+B+: 0x7f20b77db89b 0x7f20b77db8ad
+B+: 0x7f20b77db8ae 0x7f20b77db8c4
+B+: 0x7f20b77db8c5 0x7f20b77db8d7
+B+: 0x7f20b77db8d8 0x7f20b77db8e7
+B+: 0x7f20b77db8e8 0x7f20b77db90c
+B+: 0x7f20b77db90d 0x7f20b77db915
+B+: 0x7f20b77db924 0x7f20b77db933
+B+: 0x7f20b77db934 0x7f20b77db947
+B+: 0x7f20b77db948 0x7f20b77db954
+B+: 0x7f20b77db955 0x7f20b77db95f
+B+: 0x7f20b77db960 0x7f20b77db964
+B+: 0x7f20b77dba6a 0x7f20b77dba7c
+B+: 0x7f20b77dba7d 0x7f20b77dba9c
+B+: 0x7f20b77dbba0 0x7f20b77dbbad
+B+: 0x7f20b77dbbae 0x7f20b77dbbe1
+B+: 0x7f20b77dbbf0 0x7f20b77dbbfb
+B+: 0x7f20b77dbdb0 0x7f20b77dbdbd
+B+: 0x7f20b77dbdbe 0x7f20b77dbdca
+B+: 0x7f20b77dbdcb 0x7f20b77dbde3
+B+: 0x7f20b77dbde8 0x7f20b77dbdf4
+B+: 0x7f20b77dbdf8 0x7f20b77dbe04
+B+: 0x7f20b77dbe05 0x7f20b77dbe12
+B+: 0x7f20b77dbe13 0x7f20b77dbe1d
+B+: 0x7f20b77dbeb4 0x7f20b77dbec1
+B+: 0x7f20b77dc160 0x7f20b77dc174
+B+: 0x7f20b77dc175 0x7f20b77dc187
+B+: 0x7f20b77dc188 0x7f20b77dc1a2
+B+: 0x7f20b77dc1a3 0x7f20b77dc1ac
+B+: 0x7f20b77dc1ad 0x7f20b77dc1b3
+B+: 0x7f20b77dc1d0 0x7f20b77dc1e5
+B+: 0x7f20b77dc1eb 0x7f20b77dc1f3
+B+: 0x7f20b77dc205 0x7f20b77dc20b
+B+: 0x7f20b77dc20c 0x7f20b77dc21d
+B+: 0x7f20b77dc21e 0x7f20b77dc226
+B+: 0x7f20b77dc227 0x7f20b77dc230
+B+: 0x7f20b77dc231 0x7f20b77dc232
+B+: 0x7f20b77dc240 0x7f20b77dc248
+B+: 0x7f20b77dc260 0x7f20b77dc260
+B+: 0x7f20b77dc520 0x7f20b77dc534
+B+: 0x7f20b77dc572 0x7f20b77dc578
+B+: 0x7f20b77dc580 0x7f20b77dc583
+B+: 0x7f20b77dc610 0x7f20b77dc656
+B+: 0x7f20b77dc65b 0x7f20b77dc686
+B+: 0x7f20b77dc687 0x7f20b77dc69d
+B+: 0x7f20b77dc6fc 0x7f20b77dc708
+B+: 0x7f20b77dc709 0x7f20b77dc711
+B+: 0x7f20b77dc712 0x7f20b77dc72a
+B+: 0x7f20b77dc72b 0x7f20b77dc73c
+B+: 0x7f20b77dc740 0x7f20b77dc747
+B+: 0x7f20b77dc748 0x7f20b77dc75f
+B+: 0x7f20b77dc760 0x7f20b77dc766
+B+: 0x7f20b77dc767 0x7f20b77dc780
+B+: 0x7f20b77dc790 0x7f20b77dc793
+B+: 0x7f20b77dc794 0x7f20b77dc798
+B+: 0x7f20b77dc7a2 0x7f20b77dc7aa
+B+: 0x7f20b77dc7ab 0x7f20b77dc7ae
+B+: 0x7f20b77dc7af 0x7f20b77dc7bd
+B+: 0x7f20b77dc7cb 0x7f20b77dc7d3
+B+: 0x7f20b77dc825 0x7f20b77dc841
+B+: 0x7f20b77dc842 0x7f20b77dc84d
+B+: 0x7f20b77dc87e 0x7f20b77dc88e
+B+: 0x7f20b77dc88f 0x7f20b77dc8a0
+B+: 0x7f20b77dc8a1 0x7f20b77dc8ad
+B+: 0x7f20b77dcc10 0x7f20b77dcc30
+B+: 0x7f20b77dcc31 0x7f20b77dcc58
+B+: 0x7f20b77dcc5e 0x7f20b77dcc66
+B+: 0x7f20b77dcc67 0x7f20b77dcc6f
+B+: 0x7f20b77dcc78 0x7f20b77dcc87
+B+: 0x7f20b77dcc88 0x7f20b77dcc89
+B+: 0x7f20b77dcca0 0x7f20b77dccaf
+B+: 0x7f20b77dccba 0x7f20b77dccc4
+B+: 0x7f20b77dcce0 0x7f20b77dcce8
+B+: 0x7f20b77dd360 0x7f20b77dd36b
+B+: 0x7f20b77dd480 0x7f20b77dd480
+B+: 0x7f20b77dd9c0 0x7f20b77dd9db
+B+: 0x7f20b77dda16 0x7f20b77dda32
+B+: 0x7f20b77dda33 0x7f20b77dda52
+B+: 0x7f20b77dda63 0x7f20b77dda6a
+B+: 0x7f20b77dda90 0x7f20b77ddaa6
+B+: 0x7f20b77ddaa7 0x7f20b77ddaae
+B+: 0x7f20b77ddaaf 0x7f20b77ddab6
+B+: 0x7f20b77ddaf6 0x7f20b77ddb01
+B+: 0x7f20b77ddb0c 0x7f20b77ddb34
+B+: 0x7f20b77ddb40 0x7f20b77ddb57
+B+: 0x7f20b77ddb58 0x7f20b77ddb5f
+B+: 0x7f20b77ddb60 0x7f20b77ddb67
+B+: 0x7f20b77ddb68 0x7f20b77ddb70
+B+: 0x7f20b77ddb71 0x7f20b77ddb7a
+B+: 0x7f20b77ddb7b 0x7f20b77ddb80
+B+: 0x7f20b77ddb97 0x7f20b77ddb9c
+B+: 0x7f20b77ddc0a 0x7f20b77ddc3d
+B+: 0x7f20b77ddc47 0x7f20b77ddc53
+B+: 0x7f20b77dded0 0x7f20b77ddede
+B+: 0x7f20b77ddedf 0x7f20b77ddee7
+B+: 0x7f20b77ddee8 0x7f20b77ddefc
+B+: 0x7f20b77ddefd 0x7f20b77ddf02
+B+: 0x7f20b77ddf03 0x7f20b77ddf1b
+B+: 0x7f20b77ddf1c 0x7f20b77ddf21
+B+: 0x7f20b77ddf22 0x7f20b77ddf2b
+B+: 0x7f20b77ddfc0 0x7f20b77ddfc7
+B+: 0x7f20b77ddfc8 0x7f20b77ddfd0
+B+: 0x7f20b77de760 0x7f20b77de768
+B+: 0x7f20b77de769 0x7f20b77de76d
+B+: 0x7f20b77de76e 0x7f20b77de772
+B+: 0x7f20b77de780 0x7f20b77de788
+B+: 0x7f20b77de789 0x7f20b77de78d
+B+: 0x7f20b77de78e 0x7f20b77de792
+B+: 0x7f20b77de7c0 0x7f20b77de7d9
+B+: 0x7f20b77de7da 0x7f20b77de7e6
+B+: 0x7f20b77de7f7 0x7f20b77de802
+B+: 0x7f20b77de803 0x7f20b77de80b
+B+: 0x7f20b77de80c 0x7f20b77de841
+B+: 0x7f20b77de842 0x7f20b77de84b
+B+: 0x7f20b77de84c 0x7f20b77de852
+B+: 0x7f20b77de853 0x7f20b77de875
+B+: 0x7f20b77de880 0x7f20b77de88e
+B+: 0x7f20b77de8b0 0x7f20b77de8c8
+B+: 0x7f20b77de900 0x7f20b77de941
+B+: 0x7f20b77de950 0x7f20b77de966
+B+: 0x7f20b77de967 0x7f20b77de97e
+B+: 0x7f20b77de97f 0x7f20b77de98a
+B+: 0x7f20b77de98b 0x7f20b77de9b3
+B+: 0x7f20b77de9b4 0x7f20b77de9bd
+B+: 0x7f20b77de9be 0x7f20b77de9bf
+B+: 0x7f20b77de9d0 0x7f20b77de9e8
+B+: 0x7f20b77de9e9 0x7f20b77dea14
+B+: 0x7f20b77dea1e 0x7f20b77dea25
+B+: 0x7f20b77dea26 0x7f20b77dea33
+B+: 0x7f20b77dea34 0x7f20b77dea46
+B+: 0x7f20b77deae0 0x7f20b77deafe
+B+: 0x7f20b77deaff 0x7f20b77deb0c
+B+: 0x7f20b77deb0d 0x7f20b77deb1b
+B+: 0x7f20b77deb1c 0x7f20b77deb2c
+B+: 0x7f20b77deb40 0x7f20b77deb62
+B+: 0x7f20b77deb98 0x7f20b77deba9
+B+: 0x7f20b77df6d0 0x7f20b77df6f4
+B+: 0x7f20b77df6f5 0x7f20b77df70d
+B+: 0x7f20b77df70e 0x7f20b77df712
+B+: 0x7f20b77df713 0x7f20b77df71e
+B+: 0x7f20b77df71f 0x7f20b77df723
+B+: 0x7f20b77df724 0x7f20b77df728
+B+: 0x7f20b77df729 0x7f20b77df730
+B+: 0x7f20b77df73c 0x7f20b77df749
+B+: 0x7f20b77df74a 0x7f20b77df74d
+B+: 0x7f20b77df74e 0x7f20b77df760
+B+: 0x7f20b77df761 0x7f20b77df76b
+B+: 0x7f20b77df790 0x7f20b77df79d
+B+: 0x7f20b77df79e 0x7f20b77df7a5
+B+: 0x7f20b77df7a6 0x7f20b77df7a7
+B+: 0x7f20b77df890 0x7f20b77df89d
+B+: 0x7f20b77df89e 0x7f20b77df8a9
+B+: 0x7f20b77df8aa 0x7f20b77df8bd
+B+: 0x7f20b77df8c0 0x7f20b77df8ca
+B+: 0x7f20b77df8d0 0x7f20b77df8ef
+B+: 0x7f20b77df8f0 0x7f20b77df8f4
+B+: 0x7f20b77df8f5 0x7f20b77df90c
+B+: 0x7f20b77df90d 0x7f20b77df910
+B+: 0x7f20b77df911 0x7f20b77df912
+B+: 0x7f20b77df913 0x7f20b77df91b
+B+: 0x7f20b77df91c 0x7f20b77df930
+B+: 0x7f20b77df938 0x7f20b77df93c
+B+: 0x7f20b77df980 0x7f20b77df98f
+B+: 0x7f20b77df990 0x7f20b77df99b
+B+: 0x7f20b77df99c 0x7f20b77df9ab
+B+: 0x7f20b77dfa80 0x7f20b77dfa93
+B+: 0x7f20b77dfa94 0x7f20b77dfaac
+B+: 0x7f20b77dfaad 0x7f20b77dfabf
+B+: 0x7f20b77dfac0 0x7f20b77dfada
+B+: 0x7f20b77dfadb 0x7f20b77dfae3
+B+: 0x7f20b77dfaec 0x7f20b77dfaf8
+B+: 0x7f20b77dfaf9 0x7f20b77dfb02
+B+: 0x7f20b77dfb03 0x7f20b77dfb06
+B+: 0x7f20b77dfb07 0x7f20b77dfb1a
+B+: 0x7f20b77dfc49 0x7f20b77dfc55
+B+: 0x7f20b77dfc56 0x7f20b77dfc67
+B+: 0x7f20b77dfc82 0x7f20b77dfc93
+B+: 0x7f20b77dfd77 0x7f20b77dfd82
+B+: 0x7f20b77dfda0 0x7f20b77dfdb2
+B+: 0x7f20b77dfdb3 0x7f20b77dfddf
+B+: 0x7f20b77dfde0 0x7f20b77dfdeb
+B+: 0x7f20b77dfdec 0x7f20b77dfdfc
+B+: 0x7f20b77dfdfd 0x7f20b77dfe18
+B+: 0x7f20b77dfe19 0x7f20b77dfe25
+B+: 0x7f20b77dfe26 0x7f20b77dfe2e
+B+: 0x7f20b77dfe2f 0x7f20b77dfe3f
+B+: 0x7f20b77dfe40 0x7f20b77dfe44
+B+: 0x7f20b77dfe45 0x7f20b77dfe50
+B+: 0x7f20b77dfe51 0x7f20b77dfe5d
+B+: 0x7f20b77dfe5e 0x7f20b77dfe77
+B+: 0x7f20b77dfece 0x7f20b77dfed2
+B+: 0x7f20b77dfed3 0x7f20b77dfede
+B+: 0x7f20b77dfee0 0x7f20b77dfeec
+B+: 0x7f20b77dff60 0x7f20b77dff7c
+B+: 0x7f20b77e0120 0x7f20b77e0128
+B+: 0x7f20b77e0129 0x7f20b77e0147
+B+: 0x7f20b77e0750 0x7f20b77e075e
+B+: 0x7f20b77e075f 0x7f20b77e0763
+B+: 0x7f20b77e0764 0x7f20b77e0770
+B+: 0x7f20b77e0771 0x7f20b77e0777
+B+: 0x7f20b77e0778 0x7f20b77e0783
+B+: 0x7f20b77e0784 0x7f20b77e0788
+B+: 0x7f20b77e0789 0x7f20b77e078d
+B+: 0x7f20b77e078e 0x7f20b77e0796
+B+: 0x7f20b77e0797 0x7f20b77e079e
+B+: 0x7f20b77e0890 0x7f20b77e0892
+B+: 0x7f20b77e08a7 0x7f20b77e08ab
+B+: 0x7f20b77e08ac 0x7f20b77e08b2
+B+: 0x7f20b77e08b3 0x7f20b77e08b6
+B+: 0x7f20b77e08d0 0x7f20b77e08e1
+B+: 0x7f20b77e08e2 0x7f20b77e08e6
+B+: 0x7f20b77e08e7 0x7f20b77e08eb
+B+: 0x7f20b77e08ec 0x7f20b77e08f1
+B+: 0x7f20b77e08f2 0x7f20b77e08fa
+B+: 0x7f20b77e08fb 0x7f20b77e08fc
+B+: 0x7f20b77e0940 0x7f20b77e0948
+B+: 0x7f20b77e0949 0x7f20b77e0951
+B+: 0x7f20b77e0980 0x7f20b77e0988
+B+: 0x7f20b77e0989 0x7f20b77e098a
+B+: 0x7f20b77e098b 0x7f20b77e0991
+B+: 0x7f20b77e0992 0x7f20b77e09a2
+B+: 0x7f20b77e09a8 0x7f20b77e09ac
+B+: 0x7f20b77e09eb 0x7f20b77e0a00
+B+: 0x7f20b77e0a08 0x7f20b77e0a10
+B+: 0x7f20b77e0af0 0x7f20b77e0b11
+B+: 0x7f20b77e0b12 0x7f20b77e0b16
+B+: 0x7f20b77e0b17 0x7f20b77e0b1d
+B+: 0x7f20b77e0b1e 0x7f20b77e0b26
+B+: 0x7f20b77e0b27 0x7f20b77e0b34
+B+: 0x7f20b77e0b35 0x7f20b77e0b3c
+B+: 0x7f20b77e0b3d 0x7f20b77e0b49
+B+: 0x7f20b77e0b4a 0x7f20b77e0b5a
+B+: 0x7f20b77e0b5b 0x7f20b77e0b63
+B+: 0x7f20b77e0b7f 0x7f20b77e0b93
+B+: 0x7f20b77e0b94 0x7f20b77e0b9c
+B+: 0x7f20b77e0be0 0x7f20b77e0bf7
+B+: 0x7f20b77e0bf8 0x7f20b77e0c00
+B+: 0x7f20b77e0c1b 0x7f20b77e0c2b
+B+: 0x7f20b77e0d40 0x7f20b77e0d5e
+B+: 0x7f20b77e0d5f 0x7f20b77e0d6d
+B+: 0x7f20b77e0d6e 0x7f20b77e0d72
+B+: 0x7f20b77e0d7d 0x7f20b77e0d90
+B+: 0x7f20b77e0d91 0x7f20b77e0d95
+B+: 0x7f20b77e0d96 0x7f20b77e0d9a
+B+: 0x7f20b77e0da0 0x7f20b77e0da4
+B+: 0x7f20b77e0dd5 0x7f20b77e0dd9
+B+: 0x7f20b77e0dda 0x7f20b77e0dde
+B+: 0x7f20b77e0df0 0x7f20b77e0dfb
+B+: 0x7f20b77e0dfc 0x7f20b77e0e07
+B+: 0x7f20b77e0e08 0x7f20b77e0e10
+B+: 0x7f20b77e0e2c 0x7f20b77e0e30
+B+: 0x7f20b77e0e31 0x7f20b77e0e36
+B+: 0x7f20b77e0e41 0x7f20b77e0e45
+B+: 0x7f20b77e0e46 0x7f20b77e0e54
+B+: 0x7f20b77e0e55 0x7f20b77e0e5d
+B+: 0x7f20b77e0e5e 0x7f20b77e0e62
+B+: 0x7f20b77e0e63 0x7f20b77e0e74
+B+: 0x7f20b77e0e78 0x7f20b77e0e84
+B+: 0x7f20b77e0ea0 0x7f20b77e0ea4
+B+: 0x7f20b77e0ef0 0x7f20b77e0f03
+B+: 0x7f20b77e0f40 0x7f20b77e0f76
+B+: 0x7f20b77e0f77 0x7f20b77e0f82
+B+: 0x7f20b77e0f83 0x7f20b77e0f92
+B+: 0x7f20b77e101b 0x7f20b77e1031
+B+: 0x7f20b77e1032 0x7f20b77e1040
+B+: 0x7f20b77e1075 0x7f20b77e10b8
+B+: 0x7f20b77e10b9 0x7f20b77e10c3
+B+: 0x7f20b77e10c4 0x7f20b77e10cc
+B+: 0x7f20b77e10cd 0x7f20b77e10d5
+B+: 0x7f20b77e10d6 0x7f20b77e10de
+B+: 0x7f20b77e10df 0x7f20b77e1106
+B+: 0x7f20b77e1107 0x7f20b77e1133
+B+: 0x7f20b77e1578 0x7f20b77e1581
+B+: 0x7f20b77e1582 0x7f20b77e15a8
+B+: 0x7f20b77e15a9 0x7f20b77e15b6
+B+: 0x7f20b77e15d0 0x7f20b77e15e0
+B+: 0x7f20b77e15e1 0x7f20b77e15ee
+B+: 0x7f20b77e15ef 0x7f20b77e15f3
+B+: 0x7f20b77e1670 0x7f20b77e167e
+B+: 0x7f20b77e167f 0x7f20b77e1683
+B+: 0x7f20b77e1684 0x7f20b77e1692
+B+: 0x7f20b77e1693 0x7f20b77e169a
+B+: 0x7f20b77e169b 0x7f20b77e16a2
+B+: 0x7f20b77e16a3 0x7f20b77e16b7
+B+: 0x7f20b77e1790 0x7f20b77e17bc
+B+: 0x7f20b77e17bd 0x7f20b77e17d4
+B+: 0x7f20b77e17e0 0x7f20b77e183a
+B+: 0x7f20b77e183b 0x7f20b77e1875
+B+: 0x7f20b77e1876 0x7f20b77e1893
+B+: 0x7f20b77e1894 0x7f20b77e18a3
+B+: 0x7f20b77e18a4 0x7f20b77e18b0
+B+: 0x7f20b77e19b4 0x7f20b77e19b8
+B+: 0x7f20b77e19b9 0x7f20b77e19cf
+B+: 0x7f20b77e19d0 0x7f20b77e19dc
+B+: 0x7f20b77e19dd 0x7f20b77e19ef
+B+: 0x7f20b77e19f0 0x7f20b77e19f7
+B+: 0x7f20b77e1a01 0x7f20b77e1a16
+B+: 0x7f20b77e1a28 0x7f20b77e1a3d
+B+: 0x7f20b77e1a3e 0x7f20b77e1a4d
+B+: 0x7f20b77e1a79 0x7f20b77e1a97
+B+: 0x7f20b77e1a98 0x7f20b77e1ac0
+B+: 0x7f20b77e1ac1 0x7f20b77e1acf
+B+: 0x7f20b77e2148 0x7f20b77e2154
+B+: 0x7f20b77e2155 0x7f20b77e2174
+B+: 0x7f20b77e2175 0x7f20b77e217f
+B+: 0x7f20b77e21ac 0x7f20b77e21b0
+B+: 0x7f20b77e21b1 0x7f20b77e21b5
+B+: 0x7f20b77e2a40 0x7f20b77e2a64
+B+: 0x7f20b77e2b10 0x7f20b77e2b1a
+B+: 0x7f20b77e2b40 0x7f20b77e2b47
+B+: 0x7f20b77e2b48 0x7f20b77e2b51
+B+: 0x7f20b77e2b58 0x7f20b77e2b60
+B+: 0x7f20b77e2b61 0x7f20b77e2b6a
+B+: 0x7f20b77e2b88 0x7f20b77e2b8c
+B+: 0x7f20b77e2b8d 0x7f20b77e2b94
+B+: 0x7f20b77e2ba0 0x7f20b77e2ba4
+B+: 0x7f20b77e2d00 0x7f20b77e2d30
+B+: 0x7f20b77e2e3f 0x7f20b77e2e55
+B+: 0x7f20b77e2e56 0x7f20b77e2e67
+B+: 0x7f20b77e31e0 0x7f20b77e3222
+B+: 0x7f20b77e3223 0x7f20b77e3228
+B+: 0x7f20b77e324c 0x7f20b77e3260
+B+: 0x7f20b77e3261 0x7f20b77e3269
+B+: 0x7f20b77e3270 0x7f20b77e3279
+B+: 0x7f20b77e3288 0x7f20b77e32a0
+B+: 0x7f20b77e32a1 0x7f20b77e32ba
+B+: 0x7f20b77e32bb 0x7f20b77e32bc
+B+: 0x7f20b77e32d0 0x7f20b77e32d8
+B+: 0x7f20b77e32f8 0x7f20b77e32f8
+B+: 0x7f20b77e3300 0x7f20b77e330c
+B+: 0x7f20b77e333f 0x7f20b77e3343
+B+: 0x7f20b77e3380 0x7f20b77e3384
+B+: 0x7f20b77e33d0 0x7f20b77e33e3
+B+: 0x7f20b77e3400 0x7f20b77e3400
+B+: 0x7f20b77e3420 0x7f20b77e345b
+B+: 0x7f20b77e3467 0x7f20b77e3471
+B+: 0x7f20b77e3472 0x7f20b77e3489
+B+: 0x7f20b77e348a 0x7f20b77e348d
+B+: 0x7f20b77e348e 0x7f20b77e3494
+B+: 0x7f20b77e3495 0x7f20b77e349d
+B+: 0x7f20b77e349e 0x7f20b77e34a9
+B+: 0x7f20b77e34aa 0x7f20b77e34c2
+B+: 0x7f20b77e34c3 0x7f20b77e34ce
+B+: 0x7f20b77e34cf 0x7f20b77e34e5
+B+: 0x7f20b77e34e6 0x7f20b77e34f5
+B+: 0x7f20b77e3500 0x7f20b77e350e
+B+: 0x7f20b77e350f 0x7f20b77e3513
+B+: 0x7f20b77e3514 0x7f20b77e351e
+B+: 0x7f20b77e3540 0x7f20b77e3549
+B+: 0x7f20b77e354a 0x7f20b77e354e
+B+: 0x7f20b77e354f 0x7f20b77e3560
+B+: 0x7f20b77e3568 0x7f20b77e3577
+B+: 0x7f20b77e3580 0x7f20b77e3589
+B+: 0x7f20b77e35a8 0x7f20b77e35bb
+B+: 0x7f20b77e35c0 0x7f20b77e35ce
+B+: 0x7f20b77e35cf 0x7f20b77e35dc
+B+: 0x7f20b77e36f0 0x7f20b77e36fd
+B+: 0x7f20b77e37a0 0x7f20b77e37a0
+B+: 0x7f20b77e37b0 0x7f20b77e37ba
+B+: 0x7f20b77e37bb 0x7f20b77e37ce
+B+: 0x7f20b77e37cf 0x7f20b77e37d8
+B+: 0x7f20b77e37d9 0x7f20b77e37e6
+B+: 0x7f20b77e3800 0x7f20b77e382d
+B+: 0x7f20b77e382e 0x7f20b77e3831
+B+: 0x7f20b77e3832 0x7f20b77e3847
+B+: 0x7f20b77e3864 0x7f20b77e386b
+B+: 0x7f20b77e386c 0x7f20b77e386f
+B+: 0x7f20b77e3870 0x7f20b77e3876
+B+: 0x7f20b77e3877 0x7f20b77e387b
+B+: 0x7f20b77e387c 0x7f20b77e3886
+B+: 0x7f20b77e3ae0 0x7f20b77e3b01
+B+: 0x7f20b77e3b02 0x7f20b77e3b0a
+B+: 0x7f20b77e3b0b 0x7f20b77e3b14
+B+: 0x7f20b77e3b15 0x7f20b77e3b19
+B+: 0x7f20b77e3c00 0x7f20b77e3c19
+B+: 0x7f20b77e3c51 0x7f20b77e3c8e
+B+: 0x7f20b77e3c8f 0x7f20b77e3c9e
+B+: 0x7f20b77e3c9f 0x7f20b77e3ca6
+B+: 0x7f20b77e3df0 0x7f20b77e3dfb
+B+: 0x7f20b77e3e20 0x7f20b77e3e20
+B+: 0x7f20b77e3e30 0x7f20b77e3e38
+B+: 0x7f20b77e5940 0x7f20b77e594b
+B+: 0x7f20b77e594c 0x7f20b77e5957
+B+: 0x7f20b77e5958 0x7f20b77e5964
+B+: 0x7f20b77e5965 0x7f20b77e5969
+B+: 0x7f20b77e596a 0x7f20b77e596f
+B+: 0x7f20b77e5970 0x7f20b77e5976
+B+: 0x7f20b77e5980 0x7f20b77e5987
+B+: 0x7f20b77e5988 0x7f20b77e598c
+B+: 0x7f20b77e598d 0x7f20b77e599b
+B+: 0x7f20b77e599c 0x7f20b77e59a0
+B+: 0x7f20b77e59a1 0x7f20b77e59a8
+B+: 0x7f20b77e59a9 0x7f20b77e59ad
+B+: 0x7f20b77e59ae 0x7f20b77e59b8
+B+: 0x7f20b77e59b9 0x7f20b77e59b9
+B+: 0x7f20b77e59c0 0x7f20b77e59c5
+B+: 0x7f20b77e59c6 0x7f20b77e59c9
+B+: 0x7f20b77e59d0 0x7f20b77e59d0
+B+: 0x7f20b77e59d1 0x7f20b77e59d5
+B+: 0x7f20b77e59d6 0x7f20b77e59d9
+B+: 0x7f20b77e59e0 0x7f20b77e59ff
+B+: 0x7f20b77e5a00 0x7f20b77e5a11
+B+: 0x7f20b77e5a12 0x7f20b77e5a16
+B+: 0x7f20b77e5a20 0x7f20b77e5a22
+B+: 0x7f20b77e5a23 0x7f20b77e5a2f
+B+: 0x7f20b77e5a30 0x7f20b77e5a33
+B+: 0x7f20b77e5a34 0x7f20b77e5a5d
+B+: 0x7f20b77e5a5e 0x7f20b77e5a62
+B+: 0x7f20b77e5a63 0x7f20b77e5a82
+B+: 0x7f20b77e5ac0 0x7f20b77e5ade
+B+: 0x7f20b77e5adf 0x7f20b77e5ae3
+B+: 0x7f20b77e5ae4 0x7f20b77e5ae8
+B+: 0x7f20b77e5af0 0x7f20b77e5af2
+B+: 0x7f20b77e5af3 0x7f20b77e5aff
+B+: 0x7f20b77e5b00 0x7f20b77e5b03
+B+: 0x7f20b77e5b04 0x7f20b77e5b3e
+B+: 0x7f20b77e5b3f 0x7f20b77e5b49
+B+: 0x7f20b77e5b4a 0x7f20b77e5b57
+B+: 0x7f20b77e5b58 0x7f20b77e5b5d
+B+: 0x7f20b77e5b5e 0x7f20b77e5b66
+B+: 0x7f20b77e5b67 0x7f20b77e5b70
+B+: 0x7f20b77e5b71 0x7f20b77e5b7a
+B+: 0x7f20b77e5b7b 0x7f20b77e5b9a
+B+: 0x7f20b77e5b9b 0x7f20b77e5ba3
+B+: 0x7f20b77e5ba4 0x7f20b77e5bbd
+B+: 0x7f20b77e5bc0 0x7f20b77e5bc5
+B+: 0x7f20b77e5bc6 0x7f20b77e5bcf
+B+: 0x7f20b77e5bd0 0x7f20b77e5bd9
+B+: 0x7f20b77e5bda 0x7f20b77e5bf7
+B+: 0x7f20b77e5c08 0x7f20b77e5c14
+B+: 0x7f20b77e5c15 0x7f20b77e5c1b
+B+: 0x7f20b77e5c1c 0x7f20b77e5c29
+B+: 0x7f20b77e5cb0 0x7f20b77e5cca
+B+: 0x7f20b77e5ccb 0x7f20b77e5cda
+B+: 0x7f20b77e5cdb 0x7f20b77e5ce6
+B+: 0x7f20b77e5ce7 0x7f20b77e5cef
+B+: 0x7f20b77e5cf0 0x7f20b77e5cf4
+B+: 0x7f20b77e5cf5 0x7f20b77e5cfc
+B+: 0x7f20b77e5cfd 0x7f20b77e5d10
+B+: 0x7f20b77e5d11 0x7f20b77e5d21
+B+: 0x7f20b77e5d22 0x7f20b77e5d26
+B+: 0x7f20b77e5d27 0x7f20b77e5d38
+B+: 0x7f20b77e5d39 0x7f20b77e5d4b
+B+: 0x7f20b77e5d4c 0x7f20b77e5d54
+B+: 0x7f20b77e5d55 0x7f20b77e5d5e
+B+: 0x7f20b77e5d5f 0x7f20b77e5d6d
+B+: 0x7f20b77e5ea0 0x7f20b77e5eb6
+B+: 0x7f20b77e5eb7 0x7f20b77e5ebb
+B+: 0x7f20b77e5ebc 0x7f20b77e5ec0
+B+: 0x7f20b77e5ec8 0x7f20b77e5ecb
+B+: 0x7f20b77e5ecc 0x7f20b77e5ed9
+B+: 0x7f20b77e5eda 0x7f20b77e5edd
+B+: 0x7f20b77e5ede 0x7f20b77e5f06
+B+: 0x7f20b77e5f07 0x7f20b77e5f10
+B+: 0x7f20b77e5f11 0x7f20b77e5f16
+B+: 0x7f20b77e5f17 0x7f20b77e5f24
+B+: 0x7f20b77e5f25 0x7f20b77e5f2d
+B+: 0x7f20b77e6440 0x7f20b77e646b
+B+: 0x7f20b77e646c 0x7f20b77e6470
+B+: 0x7f20b77e6471 0x7f20b77e6475
+B+: 0x7f20b77e6536 0x7f20b77e653e
+B+: 0x7f20b77e653f 0x7f20b77e6548
+B+: 0x7f20b77e6549 0x7f20b77e6551
+B+: 0x7f20b77e65d0 0x7f20b77e65e4
+B+: 0x7f20b77e65e5 0x7f20b77e6606
+B+: 0x7f20b77e6607 0x7f20b77e6610
+B+: 0x7f20b77e6611 0x7f20b77e6618
+B+: 0x7f20b77e6640 0x7f20b77e6648
+B+: 0x7f20b77e6649 0x7f20b77e6656
+B+: 0x7f20b77e6657 0x7f20b77e665f
+B+: 0x7f20b77e6660 0x7f20b77e6661
+B+: 0x7f20b77e6760 0x7f20b77e67aa
+B+: 0x7f20b77e67ab 0x7f20b77e67af
+B+: 0x7f20b77e67b0 0x7f20b77e67be
+B+: 0x7f20b77e67c8 0x7f20b77e67d3
+B+: 0x7f20b77e67d4 0x7f20b77e67d8
+B+: 0x7f20b77e67d9 0x7f20b77e67e0
+B+: 0x7f20b77e67e1 0x7f20b77e67e5
+B+: 0x7f20b77e67e6 0x7f20b77e67f3
+B+: 0x7f20b77e67f4 0x7f20b77e67fb
+B+: 0x7f20b77e6800 0x7f20b77e6810
+B+: 0x7f20b77e6811 0x7f20b77e6815
+B+: 0x7f20b77e6816 0x7f20b77e6832
+B+: 0x7f20b77e6833 0x7f20b77e6843
+B+: 0x7f20b77e6844 0x7f20b77e684f
+B+: 0x7f20b77e6850 0x7f20b77e6857
+B+: 0x7f20b77e6858 0x7f20b77e685c
+B+: 0x7f20b77e685d 0x7f20b77e6868
+B+: 0x7f20b77e6869 0x7f20b77e687b
+B+: 0x7f20b77e687c 0x7f20b77e6884
+B+: 0x7f20b77e6888 0x7f20b77e6897
+B+: 0x7f20b77e6898 0x7f20b77e689b
+B+: 0x7f20b77e689c 0x7f20b77e68b4
+B+: 0x7f20b77e68b5 0x7f20b77e68b8
+B+: 0x7f20b77e68b9 0x7f20b77e68c6
+B+: 0x7f20b77e68c7 0x7f20b77e68d5
+B+: 0x7f20b77e6dc0 0x7f20b77e6dec
+B+: 0x7f20b77e6ded 0x7f20b77e6df2
+B+: 0x7f20b77e6df3 0x7f20b77e6e04
+B+: 0x7f20b77e6e05 0x7f20b77e6e0d
+B+: 0x7f20b77e6e0e 0x7f20b77e6e1c
+CND+ 0x7f20b77d500e: taken
+CND+ 0x7f20b77d55ea: not taken
+CND+ 0x7f20b77d5626: not taken
+CND+ 0x7f20b77d563b: taken
+CND+ 0x7f20b77d5673: not taken
+CND+ 0x7f20b77d5687: not taken
+CND+ 0x7f20b77d5695: not taken
+CND+ 0x7f20b77d57e2: taken
+CND+ 0x7f20b77d5862: not taken
+CND+ 0x7f20b77d587c: both
+CND+ 0x7f20b77d58a9: not taken
+CND+ 0x7f20b77d5a5d: not taken
+CND+ 0x7f20b77d5a62: taken
+CND+ 0x7f20b77d66e6: not taken
+CND+ 0x7f20b77d6704: taken
+CND+ 0x7f20b77d671a: not taken
+CND+ 0x7f20b77d671f: taken
+CND+ 0x7f20b77d672f: taken
+CND+ 0x7f20b77d674c: not taken
+CND+ 0x7f20b77d6756: not taken
+CND+ 0x7f20b77d678f: not taken
+CND+ 0x7f20b77d679b: taken
+CND+ 0x7f20b77d7079: taken
+CND+ 0x7f20b77d711b: not taken
+CND+ 0x7f20b77d7149: not taken
+CND+ 0x7f20b77d7158: not taken
+CND+ 0x7f20b77d7190: not taken
+CND+ 0x7f20b77d71ce: taken
+CND+ 0x7f20b77d7c20: not taken
+CND+ 0x7f20b77d7c2d: taken
+CND+ 0x7f20b77d7c48: not taken
+CND+ 0x7f20b77d7c5f: both
+CND+ 0x7f20b77d7c88: not taken
+CND+ 0x7f20b77d7ed2: taken
+CND+ 0x7f20b77d7f55: not taken
+CND+ 0x7f20b77d7f7e: not taken
+CND+ 0x7f20b77d7f8a: not taken
+CND+ 0x7f20b77d7f93: both
+CND+ 0x7f20b77d7fc4: not taken
+CND+ 0x7f20b77d7fe2: both
+CND+ 0x7f20b77d7ffb: taken
+CND+ 0x7f20b77d805a: taken
+CND+ 0x7f20b77d80af: not taken
+CND+ 0x7f20b77d80b8: taken
+CND+ 0x7f20b77d80e0: taken
+CND+ 0x7f20b77d8116: not taken
+CND+ 0x7f20b77d815a: not taken
+CND+ 0x7f20b77d8163: taken
+CND+ 0x7f20b77d821b: taken
+CND+ 0x7f20b77d824a: taken
+CND+ 0x7f20b77d827c: not taken
+CND+ 0x7f20b77d836a: taken
+CND+ 0x7f20b77d8520: not taken
+CND+ 0x7f20b77d8529: not taken
+CND+ 0x7f20b77d8532: taken
+CND+ 0x7f20b77d88eb: not taken
+CND+ 0x7f20b77d8906: both
+CND+ 0x7f20b77d893d: not taken
+CND+ 0x7f20b77d8985: both
+CND+ 0x7f20b77d89f6: taken
+CND+ 0x7f20b77d8a20: both
+CND+ 0x7f20b77d8a29: not taken
+CND+ 0x7f20b77d8a33: not taken
+CND+ 0x7f20b77d8ae4: not taken
+CND+ 0x7f20b77d8afb: taken
+CND+ 0x7f20b77d8b2a: both
+CND+ 0x7f20b77d8b30: both
+CND+ 0x7f20b77d8b40: taken
+CND+ 0x7f20b77d8b60: not taken
+CND+ 0x7f20b77d8b96: not taken
+CND+ 0x7f20b77d8be5: taken
+CND+ 0x7f20b77d8da0: not taken
+CND+ 0x7f20b77d8da9: not taken
+CND+ 0x7f20b77d8dc8: both
+CND+ 0x7f20b77d8dd0: both
+CND+ 0x7f20b77d8e2e: taken
+CND+ 0x7f20b77d8e57: not taken
+CND+ 0x7f20b77d8eac: taken
+CND+ 0x7f20b77d8ed8: taken
+CND+ 0x7f20b77d8fa3: not taken
+CND+ 0x7f20b77d8fc0: taken
+CND+ 0x7f20b77d9019: not taken
+CND+ 0x7f20b77d9065: not taken
+CND+ 0x7f20b77d906f: not taken
+CND+ 0x7f20b77d9089: both
+CND+ 0x7f20b77d909d: not taken
+CND+ 0x7f20b77d90ab: taken
+CND+ 0x7f20b77d914c: not taken
+CND+ 0x7f20b77d9156: taken
+CND+ 0x7f20b77d91cc: taken
+CND+ 0x7f20b77d91ee: taken
+CND+ 0x7f20b77d9811: both
+CND+ 0x7f20b77d981b: not taken
+CND+ 0x7f20b77d981f: not taken
+CND+ 0x7f20b77d9839: taken
+CND+ 0x7f20b77d9859: taken
+CND+ 0x7f20b77d9861: taken
+CND+ 0x7f20b77da45f: taken
+CND+ 0x7f20b77da626: not taken
+CND+ 0x7f20b77da6ca: taken
+CND+ 0x7f20b77da762: taken
+CND+ 0x7f20b77db2a4: taken
+CND+ 0x7f20b77db2bd: not taken
+CND+ 0x7f20b77db2cd: not taken
+CND+ 0x7f20b77db30f: taken
+CND+ 0x7f20b77db327: taken
+CND+ 0x7f20b77db33a: not taken
+CND+ 0x7f20b77db343: taken
+CND+ 0x7f20b77db381: not taken
+CND+ 0x7f20b77db3d6: taken
+CND+ 0x7f20b77db3e7: taken
+CND+ 0x7f20b77db895: not taken
+CND+ 0x7f20b77db8a8: not taken
+CND+ 0x7f20b77db8d2: not taken
+CND+ 0x7f20b77db907: not taken
+CND+ 0x7f20b77db942: taken
+CND+ 0x7f20b77db953: not taken
+CND+ 0x7f20b77db963: taken
+CND+ 0x7f20b77dba7b: not taken
+CND+ 0x7f20b77dbdbc: both
+CND+ 0x7f20b77dbdc9: both
+CND+ 0x7f20b77dbe03: not taken
+CND+ 0x7f20b77dbe0d: not taken
+CND+ 0x7f20b77dbe18: taken
+CND+ 0x7f20b77dc1a1: not taken
+CND+ 0x7f20b77dc1ab: not taken
+CND+ 0x7f20b77dc1e4: taken
+CND+ 0x7f20b77dc1f2: taken
+CND+ 0x7f20b77dc20a: not taken
+CND+ 0x7f20b77dc225: not taken
+CND+ 0x7f20b77dc22f: not taken
+CND+ 0x7f20b77dc247: taken
+CND+ 0x7f20b77dc533: taken
+CND+ 0x7f20b77dc582: taken
+CND+ 0x7f20b77dc655: taken
+CND+ 0x7f20b77dc698: taken
+CND+ 0x7f20b77dc703: not taken
+CND+ 0x7f20b77dc70c: taken
+CND+ 0x7f20b77dc725: not taken
+CND+ 0x7f20b77dc742: not taken
+CND+ 0x7f20b77dc75a: not taken
+CND+ 0x7f20b77dc765: not taken
+CND+ 0x7f20b77dc792: not taken
+CND+ 0x7f20b77dc797: taken
+CND+ 0x7f20b77dc7a9: taken
+CND+ 0x7f20b77dc7ad: not taken
+CND+ 0x7f20b77dc7bc: taken
+CND+ 0x7f20b77dc7ce: taken
+CND+ 0x7f20b77dc848: taken
+CND+ 0x7f20b77dc889: not taken
+CND+ 0x7f20b77dc89b: not taken
+CND+ 0x7f20b77dc8a8: taken
+CND+ 0x7f20b77dcc2f: not taken
+CND+ 0x7f20b77dcc57: taken
+CND+ 0x7f20b77dcc65: not taken
+CND+ 0x7f20b77dcc6e: taken
+CND+ 0x7f20b77dcc86: not taken
+CND+ 0x7f20b77dccae: taken
+CND+ 0x7f20b77dd366: taken
+CND+ 0x7f20b77dd9d6: taken
+CND+ 0x7f20b77dda31: not taken
+CND+ 0x7f20b77dda51: taken
+CND+ 0x7f20b77ddaad: not taken
+CND+ 0x7f20b77ddab5: taken
+CND+ 0x7f20b77ddb00: taken
+CND+ 0x7f20b77ddb5a: not taken
+CND+ 0x7f20b77ddb62: not taken
+CND+ 0x7f20b77ddb6b: not taken
+CND+ 0x7f20b77ddb75: not taken
+CND+ 0x7f20b77ddb7f: taken
+CND+ 0x7f20b77ddb9b: taken
+CND+ 0x7f20b77ddc3c: taken
+CND+ 0x7f20b77dded9: not taken
+CND+ 0x7f20b77ddee6: not taken
+CND+ 0x7f20b77ddf01: not taken
+CND+ 0x7f20b77ddf1a: not taken
+CND+ 0x7f20b77ddf20: not taken
+CND+ 0x7f20b77ddf26: taken
+CND+ 0x7f20b77de76c: not taken
+CND+ 0x7f20b77de78c: not taken
+CND+ 0x7f20b77de7d8: both
+CND+ 0x7f20b77de7e1: taken
+CND+ 0x7f20b77de806: not taken
+CND+ 0x7f20b77de840: not taken
+CND+ 0x7f20b77de84a: not taken
+CND+ 0x7f20b77de965: both
+CND+ 0x7f20b77de989: not taken
+CND+ 0x7f20b77de9b2: not taken
+CND+ 0x7f20b77de9bc: not taken
+CND+ 0x7f20b77de9e3: not taken
+CND+ 0x7f20b77dea13: taken
+CND+ 0x7f20b77deafd: not taken
+CND+ 0x7f20b77deb1a: not taken
+CND+ 0x7f20b77deb61: taken
+CND+ 0x7f20b77df711: not taken
+CND+ 0x7f20b77df71d: not taken
+CND+ 0x7f20b77df722: not taken
+CND+ 0x7f20b77df748: not taken
+CND+ 0x7f20b77df74c: not taken
+CND+ 0x7f20b77df75f: not taken
+CND+ 0x7f20b77df7a4: not taken
+CND+ 0x7f20b77df8f3: both
+CND+ 0x7f20b77df90f: both
+CND+ 0x7f20b77df911: not taken
+CND+ 0x7f20b77df91a: taken
+CND+ 0x7f20b77dfa92: not taken
+CND+ 0x7f20b77dfaba: not taken
+CND+ 0x7f20b77dfad5: both
+CND+ 0x7f20b77dfade: taken
+CND+ 0x7f20b77dfaf7: not taken
+CND+ 0x7f20b77dfb01: not taken
+CND+ 0x7f20b77dfb05: not taken
+CND+ 0x7f20b77dfb19: taken
+CND+ 0x7f20b77dfc50: not taken
+CND+ 0x7f20b77dfc62: taken
+CND+ 0x7f20b77dfdb1: not taken
+CND+ 0x7f20b77dfdea: both
+CND+ 0x7f20b77dfe13: not taken
+CND+ 0x7f20b77dfe20: taken
+CND+ 0x7f20b77dfe2d: not taken
+CND+ 0x7f20b77dfe43: not taken
+CND+ 0x7f20b77dfe4f: both
+CND+ 0x7f20b77dfe58: not taken
+CND+ 0x7f20b77dfe72: taken
+CND+ 0x7f20b77dfee7: taken
+CND+ 0x7f20b77e075d: both
+CND+ 0x7f20b77e076f: not taken
+CND+ 0x7f20b77e0782: both
+CND+ 0x7f20b77e0787: both
+CND+ 0x7f20b77e0795: both
+CND+ 0x7f20b77e08b1: not taken
+CND+ 0x7f20b77e08dc: not taken
+CND+ 0x7f20b77e08ea: not taken
+CND+ 0x7f20b77e08ec: both
+CND+ 0x7f20b77e08f5: not taken
+CND+ 0x7f20b77e08fb: taken
+CND+ 0x7f20b77e0943: not taken
+CND+ 0x7f20b77e094c: taken
+CND+ 0x7f20b77e0983: not taken
+CND+ 0x7f20b77e0989: both
+CND+ 0x7f20b77e0990: not taken
+CND+ 0x7f20b77e09ab: taken
+CND+ 0x7f20b77e0a0b: taken
+CND+ 0x7f20b77e0b10: both
+CND+ 0x7f20b77e0b1c: not taken
+CND+ 0x7f20b77e0b21: both
+CND+ 0x7f20b77e0b2f: not taken
+CND+ 0x7f20b77e0b37: both
+CND+ 0x7f20b77e0b44: both
+CND+ 0x7f20b77e0b5e: taken
+CND+ 0x7f20b77e0b92: both
+CND+ 0x7f20b77e0b9b: taken
+CND+ 0x7f20b77e0bfb: taken
+CND+ 0x7f20b77e0d68: both
+CND+ 0x7f20b77e0d71: taken
+CND+ 0x7f20b77e0d8b: not taken
+CND+ 0x7f20b77e0da3: taken
+CND+ 0x7f20b77e0ddd: taken
+CND+ 0x7f20b77e0e02: not taken
+CND+ 0x7f20b77e0e0b: taken
+CND+ 0x7f20b77e0e2f: not taken
+CND+ 0x7f20b77e0e35: taken
+CND+ 0x7f20b77e0e4f: not taken
+CND+ 0x7f20b77e0e58: both
+CND+ 0x7f20b77e0f7d: not taken
+CND+ 0x7f20b77e102c: not taken
+CND+ 0x7f20b77e10c7: not taken
+CND+ 0x7f20b77e10d0: both
+CND+ 0x7f20b77e10d9: not taken
+CND+ 0x7f20b77e15a7: both
+CND+ 0x7f20b77e15ed: not taken
+CND+ 0x7f20b77e15f2: taken
+CND+ 0x7f20b77e1682: not taken
+CND+ 0x7f20b77e16a1: not taken
+CND+ 0x7f20b77e17bb: not taken
+CND+ 0x7f20b77e1835: not taken
+CND+ 0x7f20b77e1870: not taken
+CND+ 0x7f20b77e188e: not taken
+CND+ 0x7f20b77e189e: not taken
+CND+ 0x7f20b77e19ca: both
+CND+ 0x7f20b77e19ea: taken
+CND+ 0x7f20b77e19f6: taken
+CND+ 0x7f20b77e1a15: taken
+CND+ 0x7f20b77e1a38: not taken
+CND+ 0x7f20b77e1a48: taken
+CND+ 0x7f20b77e1abb: not taken
+CND+ 0x7f20b77e214f: not taken
+CND+ 0x7f20b77e216f: not taken
+CND+ 0x7f20b77e217e: taken
+CND+ 0x7f20b77e2a5f: taken
+CND+ 0x7f20b77e2b46: not taken
+CND+ 0x7f20b77e2b50: taken
+CND+ 0x7f20b77e2b69: taken
+CND+ 0x7f20b77e2b93: taken
+CND+ 0x7f20b77e2d2b: taken
+CND+ 0x7f20b77e2e50: not taken
+CND+ 0x7f20b77e3227: taken
+CND+ 0x7f20b77e325f: not taken
+CND+ 0x7f20b77e3278: taken
+CND+ 0x7f20b77e32b9: not taken
+CND+ 0x7f20b77e32d7: taken
+CND+ 0x7f20b77e330b: taken
+CND+ 0x7f20b77e3383: taken
+CND+ 0x7f20b77e33e2: taken
+CND+ 0x7f20b77e3456: taken
+CND+ 0x7f20b77e3488: both
+CND+ 0x7f20b77e348c: not taken
+CND+ 0x7f20b77e3493: not taken
+CND+ 0x7f20b77e3498: both
+CND+ 0x7f20b77e34e0: not taken
+CND+ 0x7f20b77e3512: not taken
+CND+ 0x7f20b77e3519: taken
+CND+ 0x7f20b77e3548: not taken
+CND+ 0x7f20b77e354d: not taken
+CND+ 0x7f20b77e35c9: not taken
+CND+ 0x7f20b77e35d7: taken
+CND+ 0x7f20b77e36f8: taken
+CND+ 0x7f20b77e37b9: not taken
+CND+ 0x7f20b77e3830: not taken
+CND+ 0x7f20b77e3846: taken
+CND+ 0x7f20b77e386e: not taken
+CND+ 0x7f20b77e3b09: not taken
+CND+ 0x7f20b77e3b13: not taken
+CND+ 0x7f20b77e3c18: taken
+CND+ 0x7f20b77e3c9d: not taken
+CND+ 0x7f20b77e3dfa: taken
+CND+ 0x7f20b77e5946: both
+CND+ 0x7f20b77e5963: both
+CND+ 0x7f20b77e5968: not taken
+CND+ 0x7f20b77e596e: not taken
+CND+ 0x7f20b77e5986: not taken
+CND+ 0x7f20b77e598b: both
+CND+ 0x7f20b77e599a: both
+CND+ 0x7f20b77e599f: both
+CND+ 0x7f20b77e59ac: both
+CND+ 0x7f20b77e59b7: both
+CND+ 0x7f20b77e59c4: not taken
+CND+ 0x7f20b77e5a10: not taken
+CND+ 0x7f20b77e5a15: taken
+CND+ 0x7f20b77e5a2e: both
+CND+ 0x7f20b77e5a32: both
+CND+ 0x7f20b77e5a5c: both
+CND+ 0x7f20b77e5add: not taken
+CND+ 0x7f20b77e5ae2: not taken
+CND+ 0x7f20b77e5afe: not taken
+CND+ 0x7f20b77e5b02: both
+CND+ 0x7f20b77e5b48: both
+CND+ 0x7f20b77e5b52: not taken
+CND+ 0x7f20b77e5b5c: not taken
+CND+ 0x7f20b77e5b65: both
+CND+ 0x7f20b77e5b6b: taken
+CND+ 0x7f20b77e5b75: not taken
+CND+ 0x7f20b77e5b95: not taken
+CND+ 0x7f20b77e5ba2: not taken
+CND+ 0x7f20b77e5bc4: not taken
+CND+ 0x7f20b77e5bce: not taken
+CND+ 0x7f20b77e5bf6: taken
+CND+ 0x7f20b77e5c24: taken
+CND+ 0x7f20b77e5ce1: not taken
+CND+ 0x7f20b77e5cea: not taken
+CND+ 0x7f20b77e5cf3: not taken
+CND+ 0x7f20b77e5d25: not taken
+CND+ 0x7f20b77e5d53: not taken
+CND+ 0x7f20b77e5d5d: not taken
+CND+ 0x7f20b77e5eb5: not taken
+CND+ 0x7f20b77e5eba: not taken
+CND+ 0x7f20b77e5ed8: both
+CND+ 0x7f20b77e5edc: taken
+CND+ 0x7f20b77e5f0f: not taken
+CND+ 0x7f20b77e5f15: not taken
+CND+ 0x7f20b77e646f: not taken
+CND+ 0x7f20b77e653d: not taken
+CND+ 0x7f20b77e6547: not taken
+CND+ 0x7f20b77e6605: not taken
+CND+ 0x7f20b77e660f: not taken
+CND+ 0x7f20b77e6647: not taken
+CND+ 0x7f20b77e665e: not taken
+CND+ 0x7f20b77e67bd: taken
+CND+ 0x7f20b77e67d2: taken
+CND+ 0x7f20b77e67df: not taken
+CND+ 0x7f20b77e67e4: both
+CND+ 0x7f20b77e67fa: taken
+CND+ 0x7f20b77e6856: not taken
+CND+ 0x7f20b77e685b: taken
+CND+ 0x7f20b77e687a: not taken
+CND+ 0x7f20b77e689a: not taken
+CND+ 0x7f20b77e68b7: not taken
+CND+ 0x7f20b77e68c5: not taken
+CND+ 0x7f20b77e68d4: taken
+CND+ 0x7f20b77e6df1: not taken
+CND+ 0x7f20b77e6e0c: not taken
@0x7f20b77e5c19 to 0x7f20b77d97d0 1
@0x7f20b77e5c19 to 0x7f20b77e0120 1
@0x7f20b77d5050 to 0x7f20bb30ea30 4
@0x7f20b77d5080 to 0x7f20bb2ae330 2
@0x7f20b77d5090 to 0x7f20bb350710 1
@0x7f20b77d50a0 to 0x7f20bb326e70 5
@0x7f20b77d50d0 to 0x7f20bb2c1a20 7
@0x7f20b77d50f0 to 0x7f20bb3e5800 4
@0x7f20b77d5130 to 0x7f20bb3511e0 1
@0x7f20b77d5140 to 0x7f20bb2c5c10 1
@0x7f20b77d5150 to 0x7f20bb373800 4
@0x7f20b77d5160 to 0x7f20bb350230 1
@0x7f20b77d5190 to 0x7f20bb3e5bc0 8
@0x7f20b77d51c0 to 0x7f20bb351200 1
@0x7f20b77d51e0 to 0x7f20bb3e55d0 1
@0x7f20b77d5220 to 0x7f20bb351210 2
@0x7f20b77d5230 to 0x7f20bb374b10 1
@0x7f20b77d716e to 0x7f20b77d71c0 1
@0x7f20b77d5280 to 0x7f20bb3e0d10 12
@0x7f20b77d52a0 to 0x7f20bb2c1450 4
@0x7f20b77d71ac to 0x7f20b77d7e90 1
@0x7f20b77d52d0 to 0x7f20bb3e1100 9
@0x7f20b77d5320 to 0x7f20bb2c20f0 4
@0x7f20b77d5330 to 0x7f20bb3e6100 6
@0x7f20b77d5350 to 0x7f20bb351220 1
@0x7f20b77d5370 to 0x7f20bb373800 2
@0x7f20b77d5390 to 0x7f20bb30e3e0 23
@0x7f20b77d53b0 to 0x7f20bb351230 1
@0x7f20b77d53c0 to 0x7f20bb3e0e90 24
@0x7f20b77d53e0 to 0x7f20bb391ba0 1
@0x7f20b77d5410 to 0x7f20bb30ec80 1
@0x7f20b77d5460 to 0x7f20bb3e60e0 14
@0x7f20b77d5510 to 0x7f20bb3511f0 1
@0x7f20b77d5560 to 0x7f20bb3504e0 1
@0x7f20b77d5570 to 0x7f20bb2ba580 191
@0x7f20b77e0f91 to 0x7f20b77e1075 1
@0x7f20b77d5784 to 0x7f20bb2adfb0 1
@0x7f20b77e6e01 to 0x7f20b77d5840 1
@0x7f20b77e355f to 0x7f20b77e3580 1
@0x7f20b77e355f to 0x7f20b77e35c0 1
@0x7f20b77e355f to 0x7f20b77e35a8 2
@0x7f20b77e18af to 0x7f20b77e1a01 201
@0x7f20b77e18af to 0x7f20b77e19f0 11
@0x7f20b77e18af to 0x7f20b77e1a28 1
