MODULE_NAME: /usr/bin/gs
MODULE_START: 0x7fb99bcd0000
+B+: 0x7fb99bcd1000 0x7fb99bcd100f
+B+: 0x7fb99bcd1012 0x7fb99bcd1016
+B+: 0x7fb99bcd1020 0x7fb99bcd102b
+B+: 0x7fb99bcd1030 0x7fb99bcd1035
+B+: 0x7fb99bcd1036 0x7fb99bcd103f
+B+: 0x7fb99bcd1040 0x7fb99bcd1045
+B+: 0x7fb99bcd1046 0x7fb99bcd104f
+B+: 0x7fb99bcd1050 0x7fb99bcd1055
+B+: 0x7fb99bcd1056 0x7fb99bcd105f
+B+: 0x7fb99bcd1090 0x7fb99bcd1095
+B+: 0x7fb99bcd1096 0x7fb99bcd109f
+B+: 0x7fb99bcd10b0 0x7fb99bcd10b5
+B+: 0x7fb99bcd10b6 0x7fb99bcd10bf
+B+: 0x7fb99bcd10c0 0x7fb99bcd10c5
+B+: 0x7fb99bcd10c6 0x7fb99bcd10cf
+B+: 0x7fb99bcd10d0 0x7fb99bcd10d5
+B+: 0x7fb99bcd10d6 0x7fb99bcd10df
+B+: 0x7fb99bcd10e0 0x7fb99bcd10e5
+B+: 0x7fb99bcd10f0 0x7fb99bcd1121
+B+: 0x7fb99bcd1122 0x7fb99bcd1127
+B+: 0x7fb99bcd1128 0x7fb99bcd1130
+B+: 0x7fb99bcd1131 0x7fb99bcd1132
+B+: 0x7fb99bcd1133 0x7fb99bcd1137
+B+: 0x7fb99bcd1138 0x7fb99bcd1152
+B+: 0x7fb99bcd1153 0x7fb99bcd115b
+B+: 0x7fb99bcd1184 0x7fb99bcd11a2
+B+: 0x7fb99bcd11a3 0x7fb99bcd11b1
+B+: 0x7fb99bcd11b2 0x7fb99bcd11b7
+B+: 0x7fb99bcd11b8 0x7fb99bcd11c1
+B+: 0x7fb99bcd11c2 0x7fb99bcd11c5
+B+: 0x7fb99bcd11c6 0x7fb99bcd11ca
+B+: 0x7fb99bcd11cb 0x7fb99bcd11d6
+B+: 0x7fb99bcd11d7 0x7fb99bcd11db
+B+: 0x7fb99bcd1220 0x7fb99bcd1249
+B+: 0x7fb99bcd1250 0x7fb99bcd1262
+B+: 0x7fb99bcd1278 0x7fb99bcd1278
+B+: 0x7fb99bcd1280 0x7fb99bcd12a3
+B+: 0x7fb99bcd12b8 0x7fb99bcd12b8
+B+: 0x7fb99bcd12c0 0x7fb99bcd12c8
+B+: 0x7fb99bcd12c9 0x7fb99bcd12d6
+B+: 0x7fb99bcd12d7 0x7fb99bcd12e2
+B+: 0x7fb99bcd12e3 0x7fb99bcd12e7
+B+: 0x7fb99bcd12e8 0x7fb99bcd12f0
+B+: 0x7fb99bcd1300 0x7fb99bcd1304
+B+: 0x7fb99bcd1350 0x7fb99bcd1373
+B+: 0x7fb99bcd1374 0x7fb99bcd137c
+B+: 0x7fb99bcd137d 0x7fb99bcd1385
+B+: 0x7fb99bcd13c0 0x7fb99bcd13ec
+B+: 0x7fb99bcd13ed 0x7fb99bcd13f2
+B+: 0x7fb99bcd13f3 0x7fb99bcd1404
+B+: 0x7fb99bcd1405 0x7fb99bcd140d
+B+: 0x7fb99bcd140e 0x7fb99bcd141c
+B+: 0x7fb99bcd1424 0x7fb99bcd142c
+CND+ 0x7fb99bcd100e: taken
+CND+ 0x7fb99bcd1126: taken
+CND+ 0x7fb99bcd112b: not taken
+CND+ 0x7fb99bcd1131: not taken
+CND+ 0x7fb99bcd1136: not taken
+CND+ 0x7fb99bcd114d: not taken
+CND+ 0x7fb99bcd11b6: not taken
+CND+ 0x7fb99bcd11c4: not taken
+CND+ 0x7fb99bcd11c9: not taken
+CND+ 0x7fb99bcd1261: taken
+CND+ 0x7fb99bcd12a2: taken
+CND+ 0x7fb99bcd12c7: not taken
+CND+ 0x7fb99bcd12d5: not taken
+CND+ 0x7fb99bcd13f1: not taken
+CND+ 0x7fb99bcd140c: not taken
@0x7fb99bcd1026 to 0x7fb99fcc0500 7
@0x7fb99bcd1030 to 0x7fb99bcd1036 1
@0x7fb99bcd1040 to 0x7fb99bcd1046 1
@0x7fb99bcd1050 to 0x7fb99bcd1056 1
@0x7fb99bcd1090 to 0x7fb99bcd1096 1
@0x7fb99bcd10b0 to 0x7fb99bcd10b6 1
@0x7fb99bcd10c0 to 0x7fb99bcd10c6 1
@0x7fb99bcd10d0 to 0x7fb99bcd10d6 1
@0x7fb99bcd10e0 to 0x7fb99e8261c0 1
@0x7fb99bcd1244 to 0x7fb99e80ffb0 1
@0x7fb99bcd1401 to 0x7fb99bcd1300 1
