MODULE_NAME: /usr/bin/gs
MODULE_START: 0x7ff49e491000
+B+: 0x7ff49e492000 0x7ff49e49200f
+B+: 0x7ff49e492012 0x7ff49e492016
+B+: 0x7ff49e492020 0x7ff49e49202b
+B+: 0x7ff49e492030 0x7ff49e492035
+B+: 0x7ff49e492036 0x7ff49e49203f
+B+: 0x7ff49e492040 0x7ff49e492045
+B+: 0x7ff49e492046 0x7ff49e49204f
+B+: 0x7ff49e492050 0x7ff49e492055
+B+: 0x7ff49e492056 0x7ff49e49205f
+B+: 0x7ff49e492090 0x7ff49e492095
+B+: 0x7ff49e492096 0x7ff49e49209f
+B+: 0x7ff49e4920b0 0x7ff49e4920b5
+B+: 0x7ff49e4920b6 0x7ff49e4920bf
+B+: 0x7ff49e4920c0 0x7ff49e4920c5
+B+: 0x7ff49e4920c6 0x7ff49e4920cf
+B+: 0x7ff49e4920d0 0x7ff49e4920d5
+B+: 0x7ff49e4920d6 0x7ff49e4920df
+B+: 0x7ff49e4920e0 0x7ff49e4920e5
+B+: 0x7ff49e4920f0 0x7ff49e492121
+B+: 0x7ff49e492122 0x7ff49e492127
+B+: 0x7ff49e492128 0x7ff49e492130
+B+: 0x7ff49e492131 0x7ff49e492132
+B+: 0x7ff49e492133 0x7ff49e492137
+B+: 0x7ff49e492138 0x7ff49e492152
+B+: 0x7ff49e492153 0x7ff49e49215b
+B+: 0x7ff49e492184 0x7ff49e4921a2
+B+: 0x7ff49e4921a3 0x7ff49e4921b1
+B+: 0x7ff49e4921b2 0x7ff49e4921b7
+B+: 0x7ff49e4921b8 0x7ff49e4921c1
+B+: 0x7ff49e4921c2 0x7ff49e4921c5
+B+: 0x7ff49e4921c6 0x7ff49e4921ca
+B+: 0x7ff49e4921cb 0x7ff49e4921d6
+B+: 0x7ff49e4921d7 0x7ff49e4921db
+B+: 0x7ff49e492220 0x7ff49e492249
+B+: 0x7ff49e492250 0x7ff49e492262
+B+: 0x7ff49e492278 0x7ff49e492278
+B+: 0x7ff49e492280 0x7ff49e4922a3
+B+: 0x7ff49e4922b8 0x7ff49e4922b8
+B+: 0x7ff49e4922c0 0x7ff49e4922c8
+B+: 0x7ff49e4922c9 0x7ff49e4922d6
+B+: 0x7ff49e4922d7 0x7ff49e4922e2
+B+: 0x7ff49e4922e3 0x7ff49e4922e7
+B+: 0x7ff49e4922e8 0x7ff49e4922f0
+B+: 0x7ff49e492300 0x7ff49e492304
+B+: 0x7ff49e492350 0x7ff49e492373
+B+: 0x7ff49e492374 0x7ff49e49237c
+B+: 0x7ff49e49237d 0x7ff49e492385
+B+: 0x7ff49e4923c0 0x7ff49e4923ec
+B+: 0x7ff49e4923ed 0x7ff49e4923f2
+B+: 0x7ff49e4923f3 0x7ff49e492404
+B+: 0x7ff49e492405 0x7ff49e49240d
+B+: 0x7ff49e49240e 0x7ff49e49241c
+B+: 0x7ff49e492424 0x7ff49e49242c
+CND+ 0x7ff49e49200e: taken
+CND+ 0x7ff49e492126: taken
+CND+ 0x7ff49e49212b: not taken
+CND+ 0x7ff49e492131: not taken
+CND+ 0x7ff49e492136: not taken
+CND+ 0x7ff49e49214d: not taken
+CND+ 0x7ff49e4921b6: not taken
+CND+ 0x7ff49e4921c4: not taken
+CND+ 0x7ff49e4921c9: not taken
+CND+ 0x7ff49e492261: taken
+CND+ 0x7ff49e4922a2: taken
+CND+ 0x7ff49e4922c7: not taken
+CND+ 0x7ff49e4922d5: not taken
+CND+ 0x7ff49e4923f1: not taken
+CND+ 0x7ff49e49240c: not taken
@0x7ff49e492026 to 0x7ff4a2481500 7
@0x7ff49e492030 to 0x7ff49e492036 1
@0x7ff49e492040 to 0x7ff49e492046 1
@0x7ff49e492050 to 0x7ff49e492056 1
@0x7ff49e492090 to 0x7ff49e492096 1
@0x7ff49e4920b0 to 0x7ff49e4920b6 1
@0x7ff49e4920c0 to 0x7ff49e4920c6 1
@0x7ff49e4920d0 to 0x7ff49e4920d6 1
@0x7ff49e4920e0 to 0x7ff4a0fe71c0 1
@0x7ff49e492244 to 0x7ff4a0fd0fb0 1
@0x7ff49e492401 to 0x7ff49e492300 1
