MODULE_NAME: /usr/bin/gs
MODULE_START: 0x7fe787382000
+B+: 0x7fe787383000 0x7fe78738300f
+B+: 0x7fe787383012 0x7fe787383016
+B+: 0x7fe787383020 0x7fe78738302b
+B+: 0x7fe787383030 0x7fe787383035
+B+: 0x7fe787383036 0x7fe78738303f
+B+: 0x7fe787383040 0x7fe787383045
+B+: 0x7fe787383046 0x7fe78738304f
+B+: 0x7fe787383050 0x7fe787383055
+B+: 0x7fe787383056 0x7fe78738305f
+B+: 0x7fe787383090 0x7fe787383095
+B+: 0x7fe787383096 0x7fe78738309f
+B+: 0x7fe7873830b0 0x7fe7873830b5
+B+: 0x7fe7873830b6 0x7fe7873830bf
+B+: 0x7fe7873830c0 0x7fe7873830c5
+B+: 0x7fe7873830c6 0x7fe7873830cf
+B+: 0x7fe7873830d0 0x7fe7873830d5
+B+: 0x7fe7873830d6 0x7fe7873830df
+B+: 0x7fe7873830e0 0x7fe7873830e5
+B+: 0x7fe7873830f0 0x7fe787383121
+B+: 0x7fe787383122 0x7fe787383127
+B+: 0x7fe787383128 0x7fe787383130
+B+: 0x7fe787383131 0x7fe787383132
+B+: 0x7fe787383133 0x7fe787383137
+B+: 0x7fe787383138 0x7fe787383152
+B+: 0x7fe787383153 0x7fe78738315b
+B+: 0x7fe787383184 0x7fe7873831a2
+B+: 0x7fe7873831a3 0x7fe7873831b1
+B+: 0x7fe7873831b2 0x7fe7873831b7
+B+: 0x7fe7873831b8 0x7fe7873831c1
+B+: 0x7fe7873831c2 0x7fe7873831c5
+B+: 0x7fe7873831c6 0x7fe7873831ca
+B+: 0x7fe7873831cb 0x7fe7873831d6
+B+: 0x7fe7873831d7 0x7fe7873831db
+B+: 0x7fe787383220 0x7fe787383249
+B+: 0x7fe787383250 0x7fe787383262
+B+: 0x7fe787383278 0x7fe787383278
+B+: 0x7fe787383280 0x7fe7873832a3
+B+: 0x7fe7873832b8 0x7fe7873832b8
+B+: 0x7fe7873832c0 0x7fe7873832c8
+B+: 0x7fe7873832c9 0x7fe7873832d6
+B+: 0x7fe7873832d7 0x7fe7873832e2
+B+: 0x7fe7873832e3 0x7fe7873832e7
+B+: 0x7fe7873832e8 0x7fe7873832f0
+B+: 0x7fe787383300 0x7fe787383304
+B+: 0x7fe787383350 0x7fe787383373
+B+: 0x7fe787383374 0x7fe78738337c
+B+: 0x7fe78738337d 0x7fe787383385
+B+: 0x7fe7873833c0 0x7fe7873833ec
+B+: 0x7fe7873833ed 0x7fe7873833f2
+B+: 0x7fe7873833f3 0x7fe787383404
+B+: 0x7fe787383405 0x7fe78738340d
+B+: 0x7fe78738340e 0x7fe78738341c
+B+: 0x7fe787383424 0x7fe78738342c
+CND+ 0x7fe78738300e: taken
+CND+ 0x7fe787383126: taken
+CND+ 0x7fe78738312b: not taken
+CND+ 0x7fe787383131: not taken
+CND+ 0x7fe787383136: not taken
+CND+ 0x7fe78738314d: not taken
+CND+ 0x7fe7873831b6: not taken
+CND+ 0x7fe7873831c4: not taken
+CND+ 0x7fe7873831c9: not taken
+CND+ 0x7fe787383261: taken
+CND+ 0x7fe7873832a2: taken
+CND+ 0x7fe7873832c7: not taken
+CND+ 0x7fe7873832d5: not taken
+CND+ 0x7fe7873833f1: not taken
+CND+ 0x7fe78738340c: not taken
@0x7fe787383026 to 0x7fe78b372500 7
@0x7fe787383030 to 0x7fe787383036 1
@0x7fe787383040 to 0x7fe787383046 1
@0x7fe787383050 to 0x7fe787383056 1
@0x7fe787383090 to 0x7fe787383096 1
@0x7fe7873830b0 to 0x7fe7873830b6 1
@0x7fe7873830c0 to 0x7fe7873830c6 1
@0x7fe7873830d0 to 0x7fe7873830d6 1
@0x7fe7873830e0 to 0x7fe789ed81c0 1
@0x7fe787383244 to 0x7fe789ec1fb0 1
@0x7fe787383401 to 0x7fe787383300 1
