MODULE_NAME: /bin/dash
MODULE_START: 0x7f4d1f444000
+B+: 0x7f4d1f448000 0x7f4d1f44800f
+B+: 0x7f4d1f448012 0x7f4d1f448016
+B+: 0x7f4d1f448050 0x7f4d1f448055
+B+: 0x7f4d1f448080 0x7f4d1f448085
+B+: 0x7f4d1f448090 0x7f4d1f448095
+B+: 0x7f4d1f4480a0 0x7f4d1f4480a5
+B+: 0x7f4d1f4480d0 0x7f4d1f4480d5
+B+: 0x7f4d1f4480f0 0x7f4d1f4480f5
+B+: 0x7f4d1f448130 0x7f4d1f448135
+B+: 0x7f4d1f448140 0x7f4d1f448145
+B+: 0x7f4d1f448150 0x7f4d1f448155
+B+: 0x7f4d1f448160 0x7f4d1f448165
+B+: 0x7f4d1f448190 0x7f4d1f448195
+B+: 0x7f4d1f4481c0 0x7f4d1f4481c5
+B+: 0x7f4d1f4481e0 0x7f4d1f4481e5
+B+: 0x7f4d1f448220 0x7f4d1f448225
+B+: 0x7f4d1f448230 0x7f4d1f448235
+B+: 0x7f4d1f448280 0x7f4d1f448285
+B+: 0x7f4d1f4482a0 0x7f4d1f4482a5
+B+: 0x7f4d1f4482d0 0x7f4d1f4482d5
+B+: 0x7f4d1f448320 0x7f4d1f448325
+B+: 0x7f4d1f448330 0x7f4d1f448335
+B+: 0x7f4d1f448350 0x7f4d1f448355
+B+: 0x7f4d1f448370 0x7f4d1f448375
+B+: 0x7f4d1f448390 0x7f4d1f448395
+B+: 0x7f4d1f4483b0 0x7f4d1f4483b5
+B+: 0x7f4d1f4483c0 0x7f4d1f4483c5
+B+: 0x7f4d1f4483e0 0x7f4d1f4483e5
+B+: 0x7f4d1f448410 0x7f4d1f448415
+B+: 0x7f4d1f448460 0x7f4d1f448465
+B+: 0x7f4d1f448510 0x7f4d1f448515
+B+: 0x7f4d1f448560 0x7f4d1f448565
+B+: 0x7f4d1f448570 0x7f4d1f448575
+B+: 0x7f4d1f448590 0x7f4d1f4485b8
+B+: 0x7f4d1f4485b9 0x7f4d1f4485c4
+B+: 0x7f4d1f4485c5 0x7f4d1f4485cf
+B+: 0x7f4d1f4485d0 0x7f4d1f4485e7
+B+: 0x7f4d1f4485e8 0x7f4d1f4485ef
+B+: 0x7f4d1f4485f0 0x7f4d1f448600
+B+: 0x7f4d1f448601 0x7f4d1f44860b
+B+: 0x7f4d1f44860c 0x7f4d1f448615
+B+: 0x7f4d1f448616 0x7f4d1f448623
+B+: 0x7f4d1f448624 0x7f4d1f44862b
+B+: 0x7f4d1f44862c 0x7f4d1f44863c
+B+: 0x7f4d1f448657 0x7f4d1f448660
+B+: 0x7f4d1f448661 0x7f4d1f448678
+B+: 0x7f4d1f448679 0x7f4d1f44867f
+B+: 0x7f4d1f448680 0x7f4d1f44868c
+B+: 0x7f4d1f44868d 0x7f4d1f448696
+B+: 0x7f4d1f448697 0x7f4d1f44869b
+B+: 0x7f4d1f448760 0x7f4d1f448789
+B+: 0x7f4d1f4487c0 0x7f4d1f4487e3
+B+: 0x7f4d1f4487f8 0x7f4d1f4487f8
+B+: 0x7f4d1f448840 0x7f4d1f448844
+B+: 0x7f4d1f448850 0x7f4d1f448863
+B+: 0x7f4d1f448864 0x7f4d1f44886f
+B+: 0x7f4d1f448870 0x7f4d1f44887d
+B+: 0x7f4d1f44887e 0x7f4d1f4488aa
+B+: 0x7f4d1f4488ab 0x7f4d1f4488ac
+B+: 0x7f4d1f4488cb 0x7f4d1f4488d2
+B+: 0x7f4d1f448a50 0x7f4d1f448a57
+B+: 0x7f4d1f448a58 0x7f4d1f448a5e
+B+: 0x7f4d1f448a5f 0x7f4d1f448a63
+B+: 0x7f4d1f448a71 0x7f4d1f448a72
+B+: 0x7f4d1f4496d0 0x7f4d1f4496eb
+B+: 0x7f4d1f4496ec 0x7f4d1f449705
+B+: 0x7f4d1f449717 0x7f4d1f44971b
+B+: 0x7f4d1f44971c 0x7f4d1f449720
+B+: 0x7f4d1f44972c 0x7f4d1f449730
+B+: 0x7f4d1f44973e 0x7f4d1f44974d
+B+: 0x7f4d1f44974e 0x7f4d1f449757
+B+: 0x7f4d1f449758 0x7f4d1f449775
+B+: 0x7f4d1f449780 0x7f4d1f449788
+B+: 0x7f4d1f449789 0x7f4d1f449790
+B+: 0x7f4d1f449791 0x7f4d1f44979c
+B+: 0x7f4d1f44a060 0x7f4d1f44a07e
+B+: 0x7f4d1f44a10d 0x7f4d1f44a11c
+B+: 0x7f4d1f44a11d 0x7f4d1f44a123
+B+: 0x7f4d1f44a140 0x7f4d1f44a14a
+B+: 0x7f4d1f44a14b 0x7f4d1f44a152
+B+: 0x7f4d1f44a153 0x7f4d1f44a15d
+B+: 0x7f4d1f44a15e 0x7f4d1f44a16f
+B+: 0x7f4d1f44a188 0x7f4d1f44a18c
+B+: 0x7f4d1f44a18d 0x7f4d1f44a191
+B+: 0x7f4d1f44a192 0x7f4d1f44a19c
+B+: 0x7f4d1f44a1a7 0x7f4d1f44a1ad
+B+: 0x7f4d1f44a1ae 0x7f4d1f44a1b5
+B+: 0x7f4d1f44a1c0 0x7f4d1f44a1cf
+B+: 0x7f4d1f44abc0 0x7f4d1f44abfa
+B+: 0x7f4d1f44abfb 0x7f4d1f44ac07
+B+: 0x7f4d1f44ac08 0x7f4d1f44ac0f
+B+: 0x7f4d1f44ac10 0x7f4d1f44ac11
+B+: 0x7f4d1f44ac18 0x7f4d1f44ac21
+B+: 0x7f4d1f44ac22 0x7f4d1f44ac2e
+B+: 0x7f4d1f44ac32 0x7f4d1f44ac39
+B+: 0x7f4d1f44ac3a 0x7f4d1f44ac49
+B+: 0x7f4d1f44ac4a 0x7f4d1f44ac51
+B+: 0x7f4d1f44ac52 0x7f4d1f44ac58
+B+: 0x7f4d1f44ac59 0x7f4d1f44ac60
+B+: 0x7f4d1f44ac61 0x7f4d1f44ac68
+B+: 0x7f4d1f44ac69 0x7f4d1f44ac6d
+B+: 0x7f4d1f44ac6e 0x7f4d1f44ac77
+B+: 0x7f4d1f44ac78 0x7f4d1f44ac89
+B+: 0x7f4d1f44ac8a 0x7f4d1f44ac98
+B+: 0x7f4d1f44ae90 0x7f4d1f44aed3
+B+: 0x7f4d1f44aedf 0x7f4d1f44aef5
+B+: 0x7f4d1f44aef6 0x7f4d1f44aefa
+B+: 0x7f4d1f44aefb 0x7f4d1f44af5a
+B+: 0x7f4d1f44af5b 0x7f4d1f44af67
+B+: 0x7f4d1f44af68 0x7f4d1f44af77
+B+: 0x7f4d1f44af78 0x7f4d1f44af7f
+B+: 0x7f4d1f44af80 0x7f4d1f44af8b
+B+: 0x7f4d1f44af8c 0x7f4d1f44af94
+B+: 0x7f4d1f44af95 0x7f4d1f44af9b
+B+: 0x7f4d1f44afa0 0x7f4d1f44afaf
+B+: 0x7f4d1f44afb0 0x7f4d1f44afc5
+B+: 0x7f4d1f44afc6 0x7f4d1f44afcf
+B+: 0x7f4d1f44afd0 0x7f4d1f44afe3
+B+: 0x7f4d1f44afe4 0x7f4d1f44affc
+B+: 0x7f4d1f44b019 0x7f4d1f44b02b
+B+: 0x7f4d1f44b02c 0x7f4d1f44b034
+B+: 0x7f4d1f44b035 0x7f4d1f44b047
+B+: 0x7f4d1f44b048 0x7f4d1f44b05b
+B+: 0x7f4d1f44b0a8 0x7f4d1f44b0b4
+B+: 0x7f4d1f44b0b5 0x7f4d1f44b0b9
+B+: 0x7f4d1f44b0db 0x7f4d1f44b0e1
+B+: 0x7f4d1f44b0f0 0x7f4d1f44b103
+B+: 0x7f4d1f44b104 0x7f4d1f44b113
+B+: 0x7f4d1f44b114 0x7f4d1f44b11b
+B+: 0x7f4d1f44b11c 0x7f4d1f44b122
+B+: 0x7f4d1f44b123 0x7f4d1f44b152
+B+: 0x7f4d1f44b153 0x7f4d1f44b15f
+B+: 0x7f4d1f44b160 0x7f4d1f44b168
+B+: 0x7f4d1f44b216 0x7f4d1f44b21c
+B+: 0x7f4d1f44b224 0x7f4d1f44b22d
+B+: 0x7f4d1f44b22e 0x7f4d1f44b237
+B+: 0x7f4d1f44b238 0x7f4d1f44b241
+B+: 0x7f4d1f44b242 0x7f4d1f44b24b
+B+: 0x7f4d1f44b25d 0x7f4d1f44b266
+B+: 0x7f4d1f44b267 0x7f4d1f44b281
+B+: 0x7f4d1f44b282 0x7f4d1f44b293
+B+: 0x7f4d1f44b34c 0x7f4d1f44b353
+B+: 0x7f4d1f44b354 0x7f4d1f44b36f
+B+: 0x7f4d1f44b51b 0x7f4d1f44b525
+B+: 0x7f4d1f44b526 0x7f4d1f44b52e
+B+: 0x7f4d1f44b52f 0x7f4d1f44b537
+B+: 0x7f4d1f44b8d0 0x7f4d1f44b8ec
+B+: 0x7f4d1f44b8ed 0x7f4d1f44b8f1
+B+: 0x7f4d1f44b8f8 0x7f4d1f44b8fa
+B+: 0x7f4d1f44b8fb 0x7f4d1f44b907
+B+: 0x7f4d1f44b908 0x7f4d1f44b93e
+B+: 0x7f4d1f44b93f 0x7f4d1f44b940
+B+: 0x7f4d1f44b963 0x7f4d1f44b977
+B+: 0x7f4d1f44b980 0x7f4d1f44b986
+B+: 0x7f4d1f44b987 0x7f4d1f44b98e
+B+: 0x7f4d1f44b98f 0x7f4d1f44b997
+B+: 0x7f4d1f44b998 0x7f4d1f44b9ba
+B+: 0x7f4d1f44b9bb 0x7f4d1f44b9bc
+B+: 0x7f4d1f44b9c0 0x7f4d1f44b9e7
+B+: 0x7f4d1f44b9e8 0x7f4d1f44b9f7
+B+: 0x7f4d1f44ba19 0x7f4d1f44ba21
+B+: 0x7f4d1f44ba22 0x7f4d1f44ba2a
+B+: 0x7f4d1f44ba2b 0x7f4d1f44ba34
+B+: 0x7f4d1f44ba35 0x7f4d1f44ba3f
+B+: 0x7f4d1f44bad0 0x7f4d1f44bae9
+B+: 0x7f4d1f44baea 0x7f4d1f44bb00
+B+: 0x7f4d1f44bb10 0x7f4d1f44bb1f
+B+: 0x7f4d1f44bb20 0x7f4d1f44bb2b
+B+: 0x7f4d1f44bb2c 0x7f4d1f44bb31
+B+: 0x7f4d1f44bb32 0x7f4d1f44bb41
+B+: 0x7f4d1f44bb56 0x7f4d1f44bb61
+B+: 0x7f4d1f44bb62 0x7f4d1f44bb6f
+B+: 0x7f4d1f44bb70 0x7f4d1f44bb85
+B+: 0x7f4d1f44bb86 0x7f4d1f44bb97
+B+: 0x7f4d1f44bb98 0x7f4d1f44bbc0
+B+: 0x7f4d1f44bbc8 0x7f4d1f44bbcc
+B+: 0x7f4d1f44bbcd 0x7f4d1f44bbea
+B+: 0x7f4d1f44bd70 0x7f4d1f44bd98
+B+: 0x7f4d1f44bda0 0x7f4d1f44bda1
+B+: 0x7f4d1f44bda2 0x7f4d1f44bdaa
+B+: 0x7f4d1f44bdab 0x7f4d1f44bdc5
+B+: 0x7f4d1f44bdc6 0x7f4d1f44bdc9
+B+: 0x7f4d1f44bdca 0x7f4d1f44bdd1
+B+: 0x7f4d1f44bdd2 0x7f4d1f44bde6
+B+: 0x7f4d1f44bdf0 0x7f4d1f44be2a
+B+: 0x7f4d1f44be2b 0x7f4d1f44be2f
+B+: 0x7f4d1f44be46 0x7f4d1f44be5c
+B+: 0x7f4d1f44be5d 0x7f4d1f44be6e
+B+: 0x7f4d1f44be90 0x7f4d1f44bead
+B+: 0x7f4d1f44bec8 0x7f4d1f44bed1
+B+: 0x7f4d1f44bed2 0x7f4d1f44bedd
+B+: 0x7f4d1f44bf6c 0x7f4d1f44bf8f
+B+: 0x7f4d1f44bf90 0x7f4d1f44bf9c
+B+: 0x7f4d1f44bf9d 0x7f4d1f44bfa8
+B+: 0x7f4d1f44bfa9 0x7f4d1f44bfb0
+B+: 0x7f4d1f44bfb1 0x7f4d1f44bfc5
+B+: 0x7f4d1f44c008 0x7f4d1f44c012
+B+: 0x7f4d1f44c013 0x7f4d1f44c01e
+B+: 0x7f4d1f44c01f 0x7f4d1f44c02e
+B+: 0x7f4d1f44c060 0x7f4d1f44c066
+B+: 0x7f4d1f44c067 0x7f4d1f44c074
+B+: 0x7f4d1f44c075 0x7f4d1f44c086
+B+: 0x7f4d1f44c087 0x7f4d1f44c08e
+B+: 0x7f4d1f44c08f 0x7f4d1f44c0a2
+B+: 0x7f4d1f44c0a3 0x7f4d1f44c0b0
+B+: 0x7f4d1f44c100 0x7f4d1f44c116
+B+: 0x7f4d1f44c145 0x7f4d1f44c14d
+B+: 0x7f4d1f44c14e 0x7f4d1f44c157
+B+: 0x7f4d1f44c160 0x7f4d1f44c166
+B+: 0x7f4d1f44c1c0 0x7f4d1f44c1d1
+B+: 0x7f4d1f44c1e8 0x7f4d1f44c1ef
+B+: 0x7f4d1f44c248 0x7f4d1f44c25b
+B+: 0x7f4d1f44c25c 0x7f4d1f44c271
+B+: 0x7f4d1f44c7d0 0x7f4d1f44c7ff
+B+: 0x7f4d1f44c80f 0x7f4d1f44c812
+B+: 0x7f4d1f44c813 0x7f4d1f44c81c
+B+: 0x7f4d1f44c81d 0x7f4d1f44c820
+B+: 0x7f4d1f44c821 0x7f4d1f44c82f
+B+: 0x7f4d1f44c830 0x7f4d1f44c83a
+B+: 0x7f4d1f44c84f 0x7f4d1f44c85a
+B+: 0x7f4d1f44c85f 0x7f4d1f44c862
+B+: 0x7f4d1f44c870 0x7f4d1f44c877
+B+: 0x7f4d1f44c878 0x7f4d1f44c88d
+B+: 0x7f4d1f44d440 0x7f4d1f44d464
+B+: 0x7f4d1f44d61e 0x7f4d1f44d627
+B+: 0x7f4d1f44d628 0x7f4d1f44d631
+B+: 0x7f4d1f44d632 0x7f4d1f44d659
+B+: 0x7f4d1f44d6af 0x7f4d1f44d6bc
+B+: 0x7f4d1f44d6c0 0x7f4d1f44d6cb
+B+: 0x7f4d1f44d730 0x7f4d1f44d73b
+B+: 0x7f4d1f44d740 0x7f4d1f44d75e
+B+: 0x7f4d1f44d75f 0x7f4d1f44d767
+B+: 0x7f4d1f44d7d2 0x7f4d1f44d7e3
+B+: 0x7f4d1f44d8a0 0x7f4d1f44d8a7
+B+: 0x7f4d1f44e260 0x7f4d1f44e2a5
+B+: 0x7f4d1f44e2b5 0x7f4d1f44e2be
+B+: 0x7f4d1f44e2bf 0x7f4d1f44e2d2
+B+: 0x7f4d1f44e2d3 0x7f4d1f44e2fc
+B+: 0x7f4d1f44e2fd 0x7f4d1f44e310
+B+: 0x7f4d1f44e324 0x7f4d1f44e328
+B+: 0x7f4d1f44e336 0x7f4d1f44e33f
+B+: 0x7f4d1f44e340 0x7f4d1f44e344
+B+: 0x7f4d1f44e370 0x7f4d1f44e386
+B+: 0x7f4d1f44e387 0x7f4d1f44e398
+B+: 0x7f4d1f44e3a0 0x7f4d1f44e3b6
+B+: 0x7f4d1f44e3b7 0x7f4d1f44e3d7
+B+: 0x7f4d1f44e3dd 0x7f4d1f44e3ec
+B+: 0x7f4d1f44e850 0x7f4d1f44e886
+B+: 0x7f4d1f44e887 0x7f4d1f44e89a
+B+: 0x7f4d1f44e89b 0x7f4d1f44e8ad
+B+: 0x7f4d1f44e8ae 0x7f4d1f44e8c4
+B+: 0x7f4d1f44e8c5 0x7f4d1f44e8d7
+B+: 0x7f4d1f44e8d8 0x7f4d1f44e8e7
+B+: 0x7f4d1f44e8e8 0x7f4d1f44e90c
+B+: 0x7f4d1f44e90d 0x7f4d1f44e915
+B+: 0x7f4d1f44e924 0x7f4d1f44e933
+B+: 0x7f4d1f44e934 0x7f4d1f44e947
+B+: 0x7f4d1f44e948 0x7f4d1f44e954
+B+: 0x7f4d1f44e955 0x7f4d1f44e95f
+B+: 0x7f4d1f44e960 0x7f4d1f44e964
+B+: 0x7f4d1f44ea6a 0x7f4d1f44ea7c
+B+: 0x7f4d1f44ea7d 0x7f4d1f44ea9c
+B+: 0x7f4d1f44eba0 0x7f4d1f44ebad
+B+: 0x7f4d1f44ebae 0x7f4d1f44ebe1
+B+: 0x7f4d1f44ebf0 0x7f4d1f44ebfb
+B+: 0x7f4d1f44edb0 0x7f4d1f44edbd
+B+: 0x7f4d1f44edbe 0x7f4d1f44edca
+B+: 0x7f4d1f44edcb 0x7f4d1f44ede3
+B+: 0x7f4d1f44ede8 0x7f4d1f44edf4
+B+: 0x7f4d1f44edf8 0x7f4d1f44ee04
+B+: 0x7f4d1f44ee05 0x7f4d1f44ee12
+B+: 0x7f4d1f44ee13 0x7f4d1f44ee1d
+B+: 0x7f4d1f44eeb4 0x7f4d1f44eec1
+B+: 0x7f4d1f44f160 0x7f4d1f44f174
+B+: 0x7f4d1f44f175 0x7f4d1f44f187
+B+: 0x7f4d1f44f188 0x7f4d1f44f1a2
+B+: 0x7f4d1f44f1a3 0x7f4d1f44f1ac
+B+: 0x7f4d1f44f1ad 0x7f4d1f44f1b3
+B+: 0x7f4d1f44f1d0 0x7f4d1f44f1e5
+B+: 0x7f4d1f44f1eb 0x7f4d1f44f1f3
+B+: 0x7f4d1f44f205 0x7f4d1f44f20b
+B+: 0x7f4d1f44f20c 0x7f4d1f44f21d
+B+: 0x7f4d1f44f21e 0x7f4d1f44f226
+B+: 0x7f4d1f44f227 0x7f4d1f44f230
+B+: 0x7f4d1f44f231 0x7f4d1f44f232
+B+: 0x7f4d1f44f240 0x7f4d1f44f248
+B+: 0x7f4d1f44f260 0x7f4d1f44f260
+B+: 0x7f4d1f44f520 0x7f4d1f44f534
+B+: 0x7f4d1f44f572 0x7f4d1f44f578
+B+: 0x7f4d1f44f580 0x7f4d1f44f583
+B+: 0x7f4d1f44f610 0x7f4d1f44f656
+B+: 0x7f4d1f44f65b 0x7f4d1f44f686
+B+: 0x7f4d1f44f687 0x7f4d1f44f69d
+B+: 0x7f4d1f44f6fc 0x7f4d1f44f708
+B+: 0x7f4d1f44f709 0x7f4d1f44f711
+B+: 0x7f4d1f44f712 0x7f4d1f44f72a
+B+: 0x7f4d1f44f72b 0x7f4d1f44f73c
+B+: 0x7f4d1f44f740 0x7f4d1f44f747
+B+: 0x7f4d1f44f748 0x7f4d1f44f75f
+B+: 0x7f4d1f44f760 0x7f4d1f44f766
+B+: 0x7f4d1f44f767 0x7f4d1f44f780
+B+: 0x7f4d1f44f790 0x7f4d1f44f793
+B+: 0x7f4d1f44f794 0x7f4d1f44f798
+B+: 0x7f4d1f44f7a2 0x7f4d1f44f7aa
+B+: 0x7f4d1f44f7ab 0x7f4d1f44f7ae
+B+: 0x7f4d1f44f7af 0x7f4d1f44f7bd
+B+: 0x7f4d1f44f7cb 0x7f4d1f44f7d3
+B+: 0x7f4d1f44f825 0x7f4d1f44f841
+B+: 0x7f4d1f44f842 0x7f4d1f44f84d
+B+: 0x7f4d1f44f87e 0x7f4d1f44f88e
+B+: 0x7f4d1f44f88f 0x7f4d1f44f8a0
+B+: 0x7f4d1f44f8a1 0x7f4d1f44f8ad
+B+: 0x7f4d1f44fc10 0x7f4d1f44fc30
+B+: 0x7f4d1f44fc31 0x7f4d1f44fc58
+B+: 0x7f4d1f44fc5e 0x7f4d1f44fc66
+B+: 0x7f4d1f44fc67 0x7f4d1f44fc6f
+B+: 0x7f4d1f44fc78 0x7f4d1f44fc87
+B+: 0x7f4d1f44fc88 0x7f4d1f44fc89
+B+: 0x7f4d1f44fca0 0x7f4d1f44fcaf
+B+: 0x7f4d1f44fcba 0x7f4d1f44fcc4
+B+: 0x7f4d1f44fce0 0x7f4d1f44fce8
+B+: 0x7f4d1f450360 0x7f4d1f45036b
+B+: 0x7f4d1f450480 0x7f4d1f450480
+B+: 0x7f4d1f4509c0 0x7f4d1f4509db
+B+: 0x7f4d1f450a16 0x7f4d1f450a32
+B+: 0x7f4d1f450a33 0x7f4d1f450a52
+B+: 0x7f4d1f450a63 0x7f4d1f450a6a
+B+: 0x7f4d1f450a90 0x7f4d1f450aa6
+B+: 0x7f4d1f450aa7 0x7f4d1f450aae
+B+: 0x7f4d1f450aaf 0x7f4d1f450ab6
+B+: 0x7f4d1f450af6 0x7f4d1f450b01
+B+: 0x7f4d1f450b0c 0x7f4d1f450b34
+B+: 0x7f4d1f450b40 0x7f4d1f450b57
+B+: 0x7f4d1f450b58 0x7f4d1f450b5f
+B+: 0x7f4d1f450b60 0x7f4d1f450b67
+B+: 0x7f4d1f450b68 0x7f4d1f450b70
+B+: 0x7f4d1f450b71 0x7f4d1f450b7a
+B+: 0x7f4d1f450b7b 0x7f4d1f450b80
+B+: 0x7f4d1f450b97 0x7f4d1f450b9c
+B+: 0x7f4d1f450c0a 0x7f4d1f450c3d
+B+: 0x7f4d1f450c47 0x7f4d1f450c53
+B+: 0x7f4d1f450ed0 0x7f4d1f450ede
+B+: 0x7f4d1f450edf 0x7f4d1f450ee7
+B+: 0x7f4d1f450ee8 0x7f4d1f450efc
+B+: 0x7f4d1f450efd 0x7f4d1f450f02
+B+: 0x7f4d1f450f03 0x7f4d1f450f1b
+B+: 0x7f4d1f450f1c 0x7f4d1f450f21
+B+: 0x7f4d1f450f22 0x7f4d1f450f2b
+B+: 0x7f4d1f450fc0 0x7f4d1f450fc7
+B+: 0x7f4d1f450fc8 0x7f4d1f450fd0
+B+: 0x7f4d1f451760 0x7f4d1f451768
+B+: 0x7f4d1f451769 0x7f4d1f45176d
+B+: 0x7f4d1f45176e 0x7f4d1f451772
+B+: 0x7f4d1f451780 0x7f4d1f451788
+B+: 0x7f4d1f451789 0x7f4d1f45178d
+B+: 0x7f4d1f45178e 0x7f4d1f451792
+B+: 0x7f4d1f4517c0 0x7f4d1f4517d9
+B+: 0x7f4d1f4517da 0x7f4d1f4517e6
+B+: 0x7f4d1f4517f7 0x7f4d1f451802
+B+: 0x7f4d1f451803 0x7f4d1f45180b
+B+: 0x7f4d1f45180c 0x7f4d1f451841
+B+: 0x7f4d1f451842 0x7f4d1f45184b
+B+: 0x7f4d1f45184c 0x7f4d1f451852
+B+: 0x7f4d1f451853 0x7f4d1f451875
+B+: 0x7f4d1f451880 0x7f4d1f45188e
+B+: 0x7f4d1f4518b0 0x7f4d1f4518c8
+B+: 0x7f4d1f451900 0x7f4d1f451941
+B+: 0x7f4d1f451950 0x7f4d1f451966
+B+: 0x7f4d1f451967 0x7f4d1f45197e
+B+: 0x7f4d1f45197f 0x7f4d1f45198a
+B+: 0x7f4d1f45198b 0x7f4d1f4519b3
+B+: 0x7f4d1f4519b4 0x7f4d1f4519bd
+B+: 0x7f4d1f4519be 0x7f4d1f4519bf
+B+: 0x7f4d1f4519d0 0x7f4d1f4519e8
+B+: 0x7f4d1f4519e9 0x7f4d1f451a14
+B+: 0x7f4d1f451a1e 0x7f4d1f451a25
+B+: 0x7f4d1f451a26 0x7f4d1f451a33
+B+: 0x7f4d1f451a34 0x7f4d1f451a46
+B+: 0x7f4d1f451ae0 0x7f4d1f451afe
+B+: 0x7f4d1f451aff 0x7f4d1f451b0c
+B+: 0x7f4d1f451b0d 0x7f4d1f451b1b
+B+: 0x7f4d1f451b1c 0x7f4d1f451b2c
+B+: 0x7f4d1f451b40 0x7f4d1f451b62
+B+: 0x7f4d1f451b98 0x7f4d1f451ba9
+B+: 0x7f4d1f4526d0 0x7f4d1f4526f4
+B+: 0x7f4d1f4526f5 0x7f4d1f45270d
+B+: 0x7f4d1f45270e 0x7f4d1f452712
+B+: 0x7f4d1f452713 0x7f4d1f45271e
+B+: 0x7f4d1f45271f 0x7f4d1f452723
+B+: 0x7f4d1f452724 0x7f4d1f452728
+B+: 0x7f4d1f452729 0x7f4d1f452730
+B+: 0x7f4d1f45273c 0x7f4d1f452749
+B+: 0x7f4d1f45274a 0x7f4d1f45274d
+B+: 0x7f4d1f45274e 0x7f4d1f452760
+B+: 0x7f4d1f452761 0x7f4d1f45276b
+B+: 0x7f4d1f452790 0x7f4d1f45279d
+B+: 0x7f4d1f45279e 0x7f4d1f4527a5
+B+: 0x7f4d1f4527a6 0x7f4d1f4527a7
+B+: 0x7f4d1f452890 0x7f4d1f45289d
+B+: 0x7f4d1f45289e 0x7f4d1f4528a9
+B+: 0x7f4d1f4528aa 0x7f4d1f4528bd
+B+: 0x7f4d1f4528c0 0x7f4d1f4528ca
+B+: 0x7f4d1f4528d0 0x7f4d1f4528ef
+B+: 0x7f4d1f4528f0 0x7f4d1f4528f4
+B+: 0x7f4d1f4528f5 0x7f4d1f45290c
+B+: 0x7f4d1f45290d 0x7f4d1f452910
+B+: 0x7f4d1f452911 0x7f4d1f452912
+B+: 0x7f4d1f452913 0x7f4d1f45291b
+B+: 0x7f4d1f45291c 0x7f4d1f452930
+B+: 0x7f4d1f452938 0x7f4d1f45293c
+B+: 0x7f4d1f452980 0x7f4d1f45298f
+B+: 0x7f4d1f452990 0x7f4d1f45299b
+B+: 0x7f4d1f45299c 0x7f4d1f4529ab
+B+: 0x7f4d1f452a80 0x7f4d1f452a93
+B+: 0x7f4d1f452a94 0x7f4d1f452aac
+B+: 0x7f4d1f452aad 0x7f4d1f452abf
+B+: 0x7f4d1f452ac0 0x7f4d1f452ada
+B+: 0x7f4d1f452adb 0x7f4d1f452ae3
+B+: 0x7f4d1f452aec 0x7f4d1f452af8
+B+: 0x7f4d1f452af9 0x7f4d1f452b02
+B+: 0x7f4d1f452b03 0x7f4d1f452b06
+B+: 0x7f4d1f452b07 0x7f4d1f452b1a
+B+: 0x7f4d1f452c49 0x7f4d1f452c55
+B+: 0x7f4d1f452c56 0x7f4d1f452c67
+B+: 0x7f4d1f452c82 0x7f4d1f452c93
+B+: 0x7f4d1f452d77 0x7f4d1f452d82
+B+: 0x7f4d1f452da0 0x7f4d1f452db2
+B+: 0x7f4d1f452db3 0x7f4d1f452ddf
+B+: 0x7f4d1f452de0 0x7f4d1f452deb
+B+: 0x7f4d1f452dec 0x7f4d1f452dfc
+B+: 0x7f4d1f452dfd 0x7f4d1f452e18
+B+: 0x7f4d1f452e19 0x7f4d1f452e25
+B+: 0x7f4d1f452e26 0x7f4d1f452e2e
+B+: 0x7f4d1f452e2f 0x7f4d1f452e3f
+B+: 0x7f4d1f452e40 0x7f4d1f452e44
+B+: 0x7f4d1f452e45 0x7f4d1f452e50
+B+: 0x7f4d1f452e51 0x7f4d1f452e5d
+B+: 0x7f4d1f452e5e 0x7f4d1f452e77
+B+: 0x7f4d1f452ece 0x7f4d1f452ed2
+B+: 0x7f4d1f452ed3 0x7f4d1f452ede
+B+: 0x7f4d1f452ee0 0x7f4d1f452eec
+B+: 0x7f4d1f452f60 0x7f4d1f452f7c
+B+: 0x7f4d1f453120 0x7f4d1f453128
+B+: 0x7f4d1f453129 0x7f4d1f453147
+B+: 0x7f4d1f453750 0x7f4d1f45375e
+B+: 0x7f4d1f45375f 0x7f4d1f453763
+B+: 0x7f4d1f453764 0x7f4d1f453770
+B+: 0x7f4d1f453771 0x7f4d1f453777
+B+: 0x7f4d1f453778 0x7f4d1f453783
+B+: 0x7f4d1f453784 0x7f4d1f453788
+B+: 0x7f4d1f453789 0x7f4d1f45378d
+B+: 0x7f4d1f45378e 0x7f4d1f453796
+B+: 0x7f4d1f453797 0x7f4d1f45379e
+B+: 0x7f4d1f453890 0x7f4d1f453892
+B+: 0x7f4d1f4538a7 0x7f4d1f4538ab
+B+: 0x7f4d1f4538ac 0x7f4d1f4538b2
+B+: 0x7f4d1f4538b3 0x7f4d1f4538b6
+B+: 0x7f4d1f4538d0 0x7f4d1f4538e1
+B+: 0x7f4d1f4538e2 0x7f4d1f4538e6
+B+: 0x7f4d1f4538e7 0x7f4d1f4538eb
+B+: 0x7f4d1f4538ec 0x7f4d1f4538f1
+B+: 0x7f4d1f4538f2 0x7f4d1f4538fa
+B+: 0x7f4d1f4538fb 0x7f4d1f4538fc
+B+: 0x7f4d1f453940 0x7f4d1f453948
+B+: 0x7f4d1f453949 0x7f4d1f453951
+B+: 0x7f4d1f453980 0x7f4d1f453988
+B+: 0x7f4d1f453989 0x7f4d1f45398a
+B+: 0x7f4d1f45398b 0x7f4d1f453991
+B+: 0x7f4d1f453992 0x7f4d1f4539a2
+B+: 0x7f4d1f4539a8 0x7f4d1f4539ac
+B+: 0x7f4d1f4539eb 0x7f4d1f453a00
+B+: 0x7f4d1f453a08 0x7f4d1f453a10
+B+: 0x7f4d1f453af0 0x7f4d1f453b11
+B+: 0x7f4d1f453b12 0x7f4d1f453b16
+B+: 0x7f4d1f453b17 0x7f4d1f453b1d
+B+: 0x7f4d1f453b1e 0x7f4d1f453b26
+B+: 0x7f4d1f453b27 0x7f4d1f453b34
+B+: 0x7f4d1f453b35 0x7f4d1f453b3c
+B+: 0x7f4d1f453b3d 0x7f4d1f453b49
+B+: 0x7f4d1f453b4a 0x7f4d1f453b5a
+B+: 0x7f4d1f453b5b 0x7f4d1f453b63
+B+: 0x7f4d1f453b7f 0x7f4d1f453b93
+B+: 0x7f4d1f453b94 0x7f4d1f453b9c
+B+: 0x7f4d1f453be0 0x7f4d1f453bf7
+B+: 0x7f4d1f453bf8 0x7f4d1f453c00
+B+: 0x7f4d1f453c1b 0x7f4d1f453c2b
+B+: 0x7f4d1f453d40 0x7f4d1f453d5e
+B+: 0x7f4d1f453d5f 0x7f4d1f453d6d
+B+: 0x7f4d1f453d6e 0x7f4d1f453d72
+B+: 0x7f4d1f453d7d 0x7f4d1f453d90
+B+: 0x7f4d1f453d91 0x7f4d1f453d95
+B+: 0x7f4d1f453d96 0x7f4d1f453d9a
+B+: 0x7f4d1f453da0 0x7f4d1f453da4
+B+: 0x7f4d1f453dd5 0x7f4d1f453dd9
+B+: 0x7f4d1f453dda 0x7f4d1f453dde
+B+: 0x7f4d1f453df0 0x7f4d1f453dfb
+B+: 0x7f4d1f453dfc 0x7f4d1f453e07
+B+: 0x7f4d1f453e08 0x7f4d1f453e10
+B+: 0x7f4d1f453e2c 0x7f4d1f453e30
+B+: 0x7f4d1f453e31 0x7f4d1f453e36
+B+: 0x7f4d1f453e41 0x7f4d1f453e45
+B+: 0x7f4d1f453e46 0x7f4d1f453e54
+B+: 0x7f4d1f453e55 0x7f4d1f453e5d
+B+: 0x7f4d1f453e5e 0x7f4d1f453e62
+B+: 0x7f4d1f453e63 0x7f4d1f453e74
+B+: 0x7f4d1f453e78 0x7f4d1f453e84
+B+: 0x7f4d1f453ea0 0x7f4d1f453ea4
+B+: 0x7f4d1f453ef0 0x7f4d1f453f03
+B+: 0x7f4d1f453f40 0x7f4d1f453f76
+B+: 0x7f4d1f453f77 0x7f4d1f453f82
+B+: 0x7f4d1f453f83 0x7f4d1f453f92
+B+: 0x7f4d1f45401b 0x7f4d1f454031
+B+: 0x7f4d1f454032 0x7f4d1f454040
+B+: 0x7f4d1f454075 0x7f4d1f4540b8
+B+: 0x7f4d1f4540b9 0x7f4d1f4540c3
+B+: 0x7f4d1f4540c4 0x7f4d1f4540cc
+B+: 0x7f4d1f4540cd 0x7f4d1f4540d5
+B+: 0x7f4d1f4540d6 0x7f4d1f4540de
+B+: 0x7f4d1f4540df 0x7f4d1f454106
+B+: 0x7f4d1f454107 0x7f4d1f454133
+B+: 0x7f4d1f454578 0x7f4d1f454581
+B+: 0x7f4d1f454582 0x7f4d1f4545a8
+B+: 0x7f4d1f4545a9 0x7f4d1f4545b6
+B+: 0x7f4d1f4545d0 0x7f4d1f4545e0
+B+: 0x7f4d1f4545e1 0x7f4d1f4545ee
+B+: 0x7f4d1f4545ef 0x7f4d1f4545f3
+B+: 0x7f4d1f454670 0x7f4d1f45467e
+B+: 0x7f4d1f45467f 0x7f4d1f454683
+B+: 0x7f4d1f454684 0x7f4d1f454692
+B+: 0x7f4d1f454693 0x7f4d1f45469a
+B+: 0x7f4d1f45469b 0x7f4d1f4546a2
+B+: 0x7f4d1f4546a3 0x7f4d1f4546b7
+B+: 0x7f4d1f454790 0x7f4d1f4547bc
+B+: 0x7f4d1f4547bd 0x7f4d1f4547d4
+B+: 0x7f4d1f4547e0 0x7f4d1f45483a
+B+: 0x7f4d1f45483b 0x7f4d1f454875
+B+: 0x7f4d1f454876 0x7f4d1f454893
+B+: 0x7f4d1f454894 0x7f4d1f4548a3
+B+: 0x7f4d1f4548a4 0x7f4d1f4548b0
+B+: 0x7f4d1f4549b4 0x7f4d1f4549b8
+B+: 0x7f4d1f4549b9 0x7f4d1f4549cf
+B+: 0x7f4d1f4549d0 0x7f4d1f4549dc
+B+: 0x7f4d1f4549dd 0x7f4d1f4549ef
+B+: 0x7f4d1f4549f0 0x7f4d1f4549f7
+B+: 0x7f4d1f454a01 0x7f4d1f454a16
+B+: 0x7f4d1f454a28 0x7f4d1f454a3d
+B+: 0x7f4d1f454a3e 0x7f4d1f454a4d
+B+: 0x7f4d1f454a79 0x7f4d1f454a97
+B+: 0x7f4d1f454a98 0x7f4d1f454ac0
+B+: 0x7f4d1f454ac1 0x7f4d1f454acf
+B+: 0x7f4d1f455148 0x7f4d1f455154
+B+: 0x7f4d1f455155 0x7f4d1f455174
+B+: 0x7f4d1f455175 0x7f4d1f45517f
+B+: 0x7f4d1f4551ac 0x7f4d1f4551b0
+B+: 0x7f4d1f4551b1 0x7f4d1f4551b5
+B+: 0x7f4d1f455a40 0x7f4d1f455a64
+B+: 0x7f4d1f455b10 0x7f4d1f455b1a
+B+: 0x7f4d1f455b40 0x7f4d1f455b47
+B+: 0x7f4d1f455b48 0x7f4d1f455b51
+B+: 0x7f4d1f455b58 0x7f4d1f455b60
+B+: 0x7f4d1f455b61 0x7f4d1f455b6a
+B+: 0x7f4d1f455b88 0x7f4d1f455b8c
+B+: 0x7f4d1f455b8d 0x7f4d1f455b94
+B+: 0x7f4d1f455ba0 0x7f4d1f455ba4
+B+: 0x7f4d1f455d00 0x7f4d1f455d30
+B+: 0x7f4d1f455e3f 0x7f4d1f455e55
+B+: 0x7f4d1f455e56 0x7f4d1f455e67
+B+: 0x7f4d1f4561e0 0x7f4d1f456222
+B+: 0x7f4d1f456223 0x7f4d1f456228
+B+: 0x7f4d1f45624c 0x7f4d1f456260
+B+: 0x7f4d1f456261 0x7f4d1f456269
+B+: 0x7f4d1f456270 0x7f4d1f456279
+B+: 0x7f4d1f456288 0x7f4d1f4562a0
+B+: 0x7f4d1f4562a1 0x7f4d1f4562ba
+B+: 0x7f4d1f4562bb 0x7f4d1f4562bc
+B+: 0x7f4d1f4562d0 0x7f4d1f4562d8
+B+: 0x7f4d1f4562f8 0x7f4d1f4562f8
+B+: 0x7f4d1f456300 0x7f4d1f45630c
+B+: 0x7f4d1f45633f 0x7f4d1f456343
+B+: 0x7f4d1f456380 0x7f4d1f456384
+B+: 0x7f4d1f4563d0 0x7f4d1f4563e3
+B+: 0x7f4d1f456400 0x7f4d1f456400
+B+: 0x7f4d1f456420 0x7f4d1f45645b
+B+: 0x7f4d1f456467 0x7f4d1f456471
+B+: 0x7f4d1f456472 0x7f4d1f456489
+B+: 0x7f4d1f45648a 0x7f4d1f45648d
+B+: 0x7f4d1f45648e 0x7f4d1f456494
+B+: 0x7f4d1f456495 0x7f4d1f45649d
+B+: 0x7f4d1f45649e 0x7f4d1f4564a9
+B+: 0x7f4d1f4564aa 0x7f4d1f4564c2
+B+: 0x7f4d1f4564c3 0x7f4d1f4564ce
+B+: 0x7f4d1f4564cf 0x7f4d1f4564e5
+B+: 0x7f4d1f4564e6 0x7f4d1f4564f5
+B+: 0x7f4d1f456500 0x7f4d1f45650e
+B+: 0x7f4d1f45650f 0x7f4d1f456513
+B+: 0x7f4d1f456514 0x7f4d1f45651e
+B+: 0x7f4d1f456540 0x7f4d1f456549
+B+: 0x7f4d1f45654a 0x7f4d1f45654e
+B+: 0x7f4d1f45654f 0x7f4d1f456560
+B+: 0x7f4d1f456568 0x7f4d1f456577
+B+: 0x7f4d1f456580 0x7f4d1f456589
+B+: 0x7f4d1f4565a8 0x7f4d1f4565bb
+B+: 0x7f4d1f4565c0 0x7f4d1f4565ce
+B+: 0x7f4d1f4565cf 0x7f4d1f4565dc
+B+: 0x7f4d1f4566f0 0x7f4d1f4566fd
+B+: 0x7f4d1f4567a0 0x7f4d1f4567a0
+B+: 0x7f4d1f4567b0 0x7f4d1f4567ba
+B+: 0x7f4d1f4567bb 0x7f4d1f4567ce
+B+: 0x7f4d1f4567cf 0x7f4d1f4567d8
+B+: 0x7f4d1f4567d9 0x7f4d1f4567e6
+B+: 0x7f4d1f456800 0x7f4d1f45682d
+B+: 0x7f4d1f45682e 0x7f4d1f456831
+B+: 0x7f4d1f456832 0x7f4d1f456847
+B+: 0x7f4d1f456864 0x7f4d1f45686b
+B+: 0x7f4d1f45686c 0x7f4d1f45686f
+B+: 0x7f4d1f456870 0x7f4d1f456876
+B+: 0x7f4d1f456877 0x7f4d1f45687b
+B+: 0x7f4d1f45687c 0x7f4d1f456886
+B+: 0x7f4d1f456ae0 0x7f4d1f456b01
+B+: 0x7f4d1f456b02 0x7f4d1f456b0a
+B+: 0x7f4d1f456b0b 0x7f4d1f456b14
+B+: 0x7f4d1f456b15 0x7f4d1f456b19
+B+: 0x7f4d1f456c00 0x7f4d1f456c19
+B+: 0x7f4d1f456c51 0x7f4d1f456c8e
+B+: 0x7f4d1f456c8f 0x7f4d1f456c9e
+B+: 0x7f4d1f456c9f 0x7f4d1f456ca6
+B+: 0x7f4d1f456df0 0x7f4d1f456dfb
+B+: 0x7f4d1f456e20 0x7f4d1f456e20
+B+: 0x7f4d1f456e30 0x7f4d1f456e38
+B+: 0x7f4d1f458940 0x7f4d1f45894b
+B+: 0x7f4d1f45894c 0x7f4d1f458957
+B+: 0x7f4d1f458958 0x7f4d1f458964
+B+: 0x7f4d1f458965 0x7f4d1f458969
+B+: 0x7f4d1f45896a 0x7f4d1f45896f
+B+: 0x7f4d1f458970 0x7f4d1f458976
+B+: 0x7f4d1f458980 0x7f4d1f458987
+B+: 0x7f4d1f458988 0x7f4d1f45898c
+B+: 0x7f4d1f45898d 0x7f4d1f45899b
+B+: 0x7f4d1f45899c 0x7f4d1f4589a0
+B+: 0x7f4d1f4589a1 0x7f4d1f4589a8
+B+: 0x7f4d1f4589a9 0x7f4d1f4589ad
+B+: 0x7f4d1f4589ae 0x7f4d1f4589b8
+B+: 0x7f4d1f4589b9 0x7f4d1f4589b9
+B+: 0x7f4d1f4589c0 0x7f4d1f4589c5
+B+: 0x7f4d1f4589c6 0x7f4d1f4589c9
+B+: 0x7f4d1f4589d0 0x7f4d1f4589d0
+B+: 0x7f4d1f4589d1 0x7f4d1f4589d5
+B+: 0x7f4d1f4589d6 0x7f4d1f4589d9
+B+: 0x7f4d1f4589e0 0x7f4d1f4589ff
+B+: 0x7f4d1f458a00 0x7f4d1f458a11
+B+: 0x7f4d1f458a12 0x7f4d1f458a16
+B+: 0x7f4d1f458a20 0x7f4d1f458a22
+B+: 0x7f4d1f458a23 0x7f4d1f458a2f
+B+: 0x7f4d1f458a30 0x7f4d1f458a33
+B+: 0x7f4d1f458a34 0x7f4d1f458a5d
+B+: 0x7f4d1f458a5e 0x7f4d1f458a62
+B+: 0x7f4d1f458a63 0x7f4d1f458a82
+B+: 0x7f4d1f458ac0 0x7f4d1f458ade
+B+: 0x7f4d1f458adf 0x7f4d1f458ae3
+B+: 0x7f4d1f458ae4 0x7f4d1f458ae8
+B+: 0x7f4d1f458af0 0x7f4d1f458af2
+B+: 0x7f4d1f458af3 0x7f4d1f458aff
+B+: 0x7f4d1f458b00 0x7f4d1f458b03
+B+: 0x7f4d1f458b04 0x7f4d1f458b3e
+B+: 0x7f4d1f458b3f 0x7f4d1f458b49
+B+: 0x7f4d1f458b4a 0x7f4d1f458b57
+B+: 0x7f4d1f458b58 0x7f4d1f458b5d
+B+: 0x7f4d1f458b5e 0x7f4d1f458b66
+B+: 0x7f4d1f458b67 0x7f4d1f458b70
+B+: 0x7f4d1f458b71 0x7f4d1f458b7a
+B+: 0x7f4d1f458b7b 0x7f4d1f458b9a
+B+: 0x7f4d1f458b9b 0x7f4d1f458ba3
+B+: 0x7f4d1f458ba4 0x7f4d1f458bbd
+B+: 0x7f4d1f458bc0 0x7f4d1f458bc5
+B+: 0x7f4d1f458bc6 0x7f4d1f458bcf
+B+: 0x7f4d1f458bd0 0x7f4d1f458bd9
+B+: 0x7f4d1f458bda 0x7f4d1f458bf7
+B+: 0x7f4d1f458c08 0x7f4d1f458c14
+B+: 0x7f4d1f458c15 0x7f4d1f458c1b
+B+: 0x7f4d1f458c1c 0x7f4d1f458c29
+B+: 0x7f4d1f458cb0 0x7f4d1f458cca
+B+: 0x7f4d1f458ccb 0x7f4d1f458cda
+B+: 0x7f4d1f458cdb 0x7f4d1f458ce6
+B+: 0x7f4d1f458ce7 0x7f4d1f458cef
+B+: 0x7f4d1f458cf0 0x7f4d1f458cf4
+B+: 0x7f4d1f458cf5 0x7f4d1f458cfc
+B+: 0x7f4d1f458cfd 0x7f4d1f458d10
+B+: 0x7f4d1f458d11 0x7f4d1f458d21
+B+: 0x7f4d1f458d22 0x7f4d1f458d26
+B+: 0x7f4d1f458d27 0x7f4d1f458d38
+B+: 0x7f4d1f458d39 0x7f4d1f458d4b
+B+: 0x7f4d1f458d4c 0x7f4d1f458d54
+B+: 0x7f4d1f458d55 0x7f4d1f458d5e
+B+: 0x7f4d1f458d5f 0x7f4d1f458d6d
+B+: 0x7f4d1f458ea0 0x7f4d1f458eb6
+B+: 0x7f4d1f458eb7 0x7f4d1f458ebb
+B+: 0x7f4d1f458ebc 0x7f4d1f458ec0
+B+: 0x7f4d1f458ec8 0x7f4d1f458ecb
+B+: 0x7f4d1f458ecc 0x7f4d1f458ed9
+B+: 0x7f4d1f458eda 0x7f4d1f458edd
+B+: 0x7f4d1f458ede 0x7f4d1f458f06
+B+: 0x7f4d1f458f07 0x7f4d1f458f10
+B+: 0x7f4d1f458f11 0x7f4d1f458f16
+B+: 0x7f4d1f458f17 0x7f4d1f458f24
+B+: 0x7f4d1f458f25 0x7f4d1f458f2d
+B+: 0x7f4d1f459440 0x7f4d1f45946b
+B+: 0x7f4d1f45946c 0x7f4d1f459470
+B+: 0x7f4d1f459471 0x7f4d1f459475
+B+: 0x7f4d1f459536 0x7f4d1f45953e
+B+: 0x7f4d1f45953f 0x7f4d1f459548
+B+: 0x7f4d1f459549 0x7f4d1f459551
+B+: 0x7f4d1f4595d0 0x7f4d1f4595e4
+B+: 0x7f4d1f4595e5 0x7f4d1f459606
+B+: 0x7f4d1f459607 0x7f4d1f459610
+B+: 0x7f4d1f459611 0x7f4d1f459618
+B+: 0x7f4d1f459640 0x7f4d1f459648
+B+: 0x7f4d1f459649 0x7f4d1f459656
+B+: 0x7f4d1f459657 0x7f4d1f45965f
+B+: 0x7f4d1f459660 0x7f4d1f459661
+B+: 0x7f4d1f459760 0x7f4d1f4597aa
+B+: 0x7f4d1f4597ab 0x7f4d1f4597af
+B+: 0x7f4d1f4597b0 0x7f4d1f4597be
+B+: 0x7f4d1f4597c8 0x7f4d1f4597d3
+B+: 0x7f4d1f4597d4 0x7f4d1f4597d8
+B+: 0x7f4d1f4597d9 0x7f4d1f4597e0
+B+: 0x7f4d1f4597e1 0x7f4d1f4597e5
+B+: 0x7f4d1f4597e6 0x7f4d1f4597f3
+B+: 0x7f4d1f4597f4 0x7f4d1f4597fb
+B+: 0x7f4d1f459800 0x7f4d1f459810
+B+: 0x7f4d1f459811 0x7f4d1f459815
+B+: 0x7f4d1f459816 0x7f4d1f459832
+B+: 0x7f4d1f459833 0x7f4d1f459843
+B+: 0x7f4d1f459844 0x7f4d1f45984f
+B+: 0x7f4d1f459850 0x7f4d1f459857
+B+: 0x7f4d1f459858 0x7f4d1f45985c
+B+: 0x7f4d1f45985d 0x7f4d1f459868
+B+: 0x7f4d1f459869 0x7f4d1f45987b
+B+: 0x7f4d1f45987c 0x7f4d1f459884
+B+: 0x7f4d1f459888 0x7f4d1f459897
+B+: 0x7f4d1f459898 0x7f4d1f45989b
+B+: 0x7f4d1f45989c 0x7f4d1f4598b4
+B+: 0x7f4d1f4598b5 0x7f4d1f4598b8
+B+: 0x7f4d1f4598b9 0x7f4d1f4598c6
+B+: 0x7f4d1f4598c7 0x7f4d1f4598d5
+B+: 0x7f4d1f459dc0 0x7f4d1f459dec
+B+: 0x7f4d1f459ded 0x7f4d1f459df2
+B+: 0x7f4d1f459df3 0x7f4d1f459e04
+B+: 0x7f4d1f459e05 0x7f4d1f459e0d
+B+: 0x7f4d1f459e0e 0x7f4d1f459e1c
+CND+ 0x7f4d1f44800e: taken
+CND+ 0x7f4d1f4485ea: not taken
+CND+ 0x7f4d1f448626: not taken
+CND+ 0x7f4d1f44863b: taken
+CND+ 0x7f4d1f448673: not taken
+CND+ 0x7f4d1f448687: not taken
+CND+ 0x7f4d1f448695: not taken
+CND+ 0x7f4d1f4487e2: taken
+CND+ 0x7f4d1f448862: not taken
+CND+ 0x7f4d1f44887c: both
+CND+ 0x7f4d1f4488a9: not taken
+CND+ 0x7f4d1f448a5d: not taken
+CND+ 0x7f4d1f448a62: taken
+CND+ 0x7f4d1f4496e6: not taken
+CND+ 0x7f4d1f449704: taken
+CND+ 0x7f4d1f44971a: not taken
+CND+ 0x7f4d1f44971f: taken
+CND+ 0x7f4d1f44972f: taken
+CND+ 0x7f4d1f44974c: not taken
+CND+ 0x7f4d1f449756: not taken
+CND+ 0x7f4d1f44978f: not taken
+CND+ 0x7f4d1f44979b: taken
+CND+ 0x7f4d1f44a079: taken
+CND+ 0x7f4d1f44a11b: not taken
+CND+ 0x7f4d1f44a149: not taken
+CND+ 0x7f4d1f44a158: not taken
+CND+ 0x7f4d1f44a190: not taken
+CND+ 0x7f4d1f44a1ce: taken
+CND+ 0x7f4d1f44ac20: not taken
+CND+ 0x7f4d1f44ac2d: taken
+CND+ 0x7f4d1f44ac48: not taken
+CND+ 0x7f4d1f44ac5f: both
+CND+ 0x7f4d1f44ac88: not taken
+CND+ 0x7f4d1f44aed2: taken
+CND+ 0x7f4d1f44af55: not taken
+CND+ 0x7f4d1f44af7e: not taken
+CND+ 0x7f4d1f44af8a: not taken
+CND+ 0x7f4d1f44af93: both
+CND+ 0x7f4d1f44afc4: not taken
+CND+ 0x7f4d1f44afe2: both
+CND+ 0x7f4d1f44affb: taken
+CND+ 0x7f4d1f44b05a: taken
+CND+ 0x7f4d1f44b0af: not taken
+CND+ 0x7f4d1f44b0b8: taken
+CND+ 0x7f4d1f44b0e0: taken
+CND+ 0x7f4d1f44b116: not taken
+CND+ 0x7f4d1f44b15a: not taken
+CND+ 0x7f4d1f44b163: taken
+CND+ 0x7f4d1f44b21b: taken
+CND+ 0x7f4d1f44b24a: taken
+CND+ 0x7f4d1f44b27c: not taken
+CND+ 0x7f4d1f44b36a: taken
+CND+ 0x7f4d1f44b520: not taken
+CND+ 0x7f4d1f44b529: not taken
+CND+ 0x7f4d1f44b532: taken
+CND+ 0x7f4d1f44b8eb: not taken
+CND+ 0x7f4d1f44b906: both
+CND+ 0x7f4d1f44b93d: not taken
+CND+ 0x7f4d1f44b985: both
+CND+ 0x7f4d1f44b9f6: taken
+CND+ 0x7f4d1f44ba20: both
+CND+ 0x7f4d1f44ba29: not taken
+CND+ 0x7f4d1f44ba33: not taken
+CND+ 0x7f4d1f44bae4: not taken
+CND+ 0x7f4d1f44bafb: taken
+CND+ 0x7f4d1f44bb2a: both
+CND+ 0x7f4d1f44bb30: both
+CND+ 0x7f4d1f44bb40: taken
+CND+ 0x7f4d1f44bb60: not taken
+CND+ 0x7f4d1f44bb96: not taken
+CND+ 0x7f4d1f44bbe5: taken
+CND+ 0x7f4d1f44bda0: not taken
+CND+ 0x7f4d1f44bda9: not taken
+CND+ 0x7f4d1f44bdc8: both
+CND+ 0x7f4d1f44bdd0: both
+CND+ 0x7f4d1f44be2e: taken
+CND+ 0x7f4d1f44be57: not taken
+CND+ 0x7f4d1f44beac: taken
+CND+ 0x7f4d1f44bed8: taken
+CND+ 0x7f4d1f44bfa3: not taken
+CND+ 0x7f4d1f44bfc0: taken
+CND+ 0x7f4d1f44c019: not taken
+CND+ 0x7f4d1f44c065: not taken
+CND+ 0x7f4d1f44c06f: not taken
+CND+ 0x7f4d1f44c089: both
+CND+ 0x7f4d1f44c09d: not taken
+CND+ 0x7f4d1f44c0ab: taken
+CND+ 0x7f4d1f44c14c: not taken
+CND+ 0x7f4d1f44c156: taken
+CND+ 0x7f4d1f44c1cc: taken
+CND+ 0x7f4d1f44c1ee: taken
+CND+ 0x7f4d1f44c811: both
+CND+ 0x7f4d1f44c81b: not taken
+CND+ 0x7f4d1f44c81f: not taken
+CND+ 0x7f4d1f44c839: taken
+CND+ 0x7f4d1f44c859: taken
+CND+ 0x7f4d1f44c861: taken
+CND+ 0x7f4d1f44d45f: taken
+CND+ 0x7f4d1f44d626: not taken
+CND+ 0x7f4d1f44d6ca: taken
+CND+ 0x7f4d1f44d762: taken
+CND+ 0x7f4d1f44e2a4: taken
+CND+ 0x7f4d1f44e2bd: not taken
+CND+ 0x7f4d1f44e2cd: not taken
+CND+ 0x7f4d1f44e30f: taken
+CND+ 0x7f4d1f44e327: taken
+CND+ 0x7f4d1f44e33a: not taken
+CND+ 0x7f4d1f44e343: taken
+CND+ 0x7f4d1f44e381: not taken
+CND+ 0x7f4d1f44e3d6: taken
+CND+ 0x7f4d1f44e3e7: taken
+CND+ 0x7f4d1f44e895: not taken
+CND+ 0x7f4d1f44e8a8: not taken
+CND+ 0x7f4d1f44e8d2: not taken
+CND+ 0x7f4d1f44e907: not taken
+CND+ 0x7f4d1f44e942: taken
+CND+ 0x7f4d1f44e953: not taken
+CND+ 0x7f4d1f44e963: taken
+CND+ 0x7f4d1f44ea7b: not taken
+CND+ 0x7f4d1f44edbc: both
+CND+ 0x7f4d1f44edc9: both
+CND+ 0x7f4d1f44ee03: not taken
+CND+ 0x7f4d1f44ee0d: not taken
+CND+ 0x7f4d1f44ee18: taken
+CND+ 0x7f4d1f44f1a1: not taken
+CND+ 0x7f4d1f44f1ab: not taken
+CND+ 0x7f4d1f44f1e4: taken
+CND+ 0x7f4d1f44f1f2: taken
+CND+ 0x7f4d1f44f20a: not taken
+CND+ 0x7f4d1f44f225: not taken
+CND+ 0x7f4d1f44f22f: not taken
+CND+ 0x7f4d1f44f247: taken
+CND+ 0x7f4d1f44f533: taken
+CND+ 0x7f4d1f44f582: taken
+CND+ 0x7f4d1f44f655: taken
+CND+ 0x7f4d1f44f698: taken
+CND+ 0x7f4d1f44f703: not taken
+CND+ 0x7f4d1f44f70c: taken
+CND+ 0x7f4d1f44f725: not taken
+CND+ 0x7f4d1f44f742: not taken
+CND+ 0x7f4d1f44f75a: not taken
+CND+ 0x7f4d1f44f765: not taken
+CND+ 0x7f4d1f44f792: not taken
+CND+ 0x7f4d1f44f797: taken
+CND+ 0x7f4d1f44f7a9: taken
+CND+ 0x7f4d1f44f7ad: not taken
+CND+ 0x7f4d1f44f7bc: taken
+CND+ 0x7f4d1f44f7ce: taken
+CND+ 0x7f4d1f44f848: taken
+CND+ 0x7f4d1f44f889: not taken
+CND+ 0x7f4d1f44f89b: not taken
+CND+ 0x7f4d1f44f8a8: taken
+CND+ 0x7f4d1f44fc2f: not taken
+CND+ 0x7f4d1f44fc57: taken
+CND+ 0x7f4d1f44fc65: not taken
+CND+ 0x7f4d1f44fc6e: taken
+CND+ 0x7f4d1f44fc86: not taken
+CND+ 0x7f4d1f44fcae: taken
+CND+ 0x7f4d1f450366: taken
+CND+ 0x7f4d1f4509d6: taken
+CND+ 0x7f4d1f450a31: not taken
+CND+ 0x7f4d1f450a51: taken
+CND+ 0x7f4d1f450aad: not taken
+CND+ 0x7f4d1f450ab5: taken
+CND+ 0x7f4d1f450b00: taken
+CND+ 0x7f4d1f450b5a: not taken
+CND+ 0x7f4d1f450b62: not taken
+CND+ 0x7f4d1f450b6b: not taken
+CND+ 0x7f4d1f450b75: not taken
+CND+ 0x7f4d1f450b7f: taken
+CND+ 0x7f4d1f450b9b: taken
+CND+ 0x7f4d1f450c3c: taken
+CND+ 0x7f4d1f450ed9: not taken
+CND+ 0x7f4d1f450ee6: not taken
+CND+ 0x7f4d1f450f01: not taken
+CND+ 0x7f4d1f450f1a: not taken
+CND+ 0x7f4d1f450f20: not taken
+CND+ 0x7f4d1f450f26: taken
+CND+ 0x7f4d1f45176c: not taken
+CND+ 0x7f4d1f45178c: not taken
+CND+ 0x7f4d1f4517d8: both
+CND+ 0x7f4d1f4517e1: taken
+CND+ 0x7f4d1f451806: not taken
+CND+ 0x7f4d1f451840: not taken
+CND+ 0x7f4d1f45184a: not taken
+CND+ 0x7f4d1f451965: both
+CND+ 0x7f4d1f451989: not taken
+CND+ 0x7f4d1f4519b2: not taken
+CND+ 0x7f4d1f4519bc: not taken
+CND+ 0x7f4d1f4519e3: not taken
+CND+ 0x7f4d1f451a13: taken
+CND+ 0x7f4d1f451afd: not taken
+CND+ 0x7f4d1f451b1a: not taken
+CND+ 0x7f4d1f451b61: taken
+CND+ 0x7f4d1f452711: not taken
+CND+ 0x7f4d1f45271d: not taken
+CND+ 0x7f4d1f452722: not taken
+CND+ 0x7f4d1f452748: not taken
+CND+ 0x7f4d1f45274c: not taken
+CND+ 0x7f4d1f45275f: not taken
+CND+ 0x7f4d1f4527a4: not taken
+CND+ 0x7f4d1f4528f3: both
+CND+ 0x7f4d1f45290f: both
+CND+ 0x7f4d1f452911: not taken
+CND+ 0x7f4d1f45291a: taken
+CND+ 0x7f4d1f452a92: not taken
+CND+ 0x7f4d1f452aba: not taken
+CND+ 0x7f4d1f452ad5: both
+CND+ 0x7f4d1f452ade: taken
+CND+ 0x7f4d1f452af7: not taken
+CND+ 0x7f4d1f452b01: not taken
+CND+ 0x7f4d1f452b05: not taken
+CND+ 0x7f4d1f452b19: taken
+CND+ 0x7f4d1f452c50: not taken
+CND+ 0x7f4d1f452c62: taken
+CND+ 0x7f4d1f452db1: not taken
+CND+ 0x7f4d1f452dea: both
+CND+ 0x7f4d1f452e13: not taken
+CND+ 0x7f4d1f452e20: taken
+CND+ 0x7f4d1f452e2d: not taken
+CND+ 0x7f4d1f452e43: not taken
+CND+ 0x7f4d1f452e4f: both
+CND+ 0x7f4d1f452e58: not taken
+CND+ 0x7f4d1f452e72: taken
+CND+ 0x7f4d1f452ee7: taken
+CND+ 0x7f4d1f45375d: both
+CND+ 0x7f4d1f45376f: not taken
+CND+ 0x7f4d1f453782: both
+CND+ 0x7f4d1f453787: both
+CND+ 0x7f4d1f453795: both
+CND+ 0x7f4d1f4538b1: not taken
+CND+ 0x7f4d1f4538dc: not taken
+CND+ 0x7f4d1f4538ea: not taken
+CND+ 0x7f4d1f4538ec: both
+CND+ 0x7f4d1f4538f5: not taken
+CND+ 0x7f4d1f4538fb: taken
+CND+ 0x7f4d1f453943: not taken
+CND+ 0x7f4d1f45394c: taken
+CND+ 0x7f4d1f453983: not taken
+CND+ 0x7f4d1f453989: both
+CND+ 0x7f4d1f453990: not taken
+CND+ 0x7f4d1f4539ab: taken
+CND+ 0x7f4d1f453a0b: taken
+CND+ 0x7f4d1f453b10: both
+CND+ 0x7f4d1f453b1c: not taken
+CND+ 0x7f4d1f453b21: both
+CND+ 0x7f4d1f453b2f: not taken
+CND+ 0x7f4d1f453b37: both
+CND+ 0x7f4d1f453b44: both
+CND+ 0x7f4d1f453b5e: taken
+CND+ 0x7f4d1f453b92: both
+CND+ 0x7f4d1f453b9b: taken
+CND+ 0x7f4d1f453bfb: taken
+CND+ 0x7f4d1f453d68: both
+CND+ 0x7f4d1f453d71: taken
+CND+ 0x7f4d1f453d8b: not taken
+CND+ 0x7f4d1f453da3: taken
+CND+ 0x7f4d1f453ddd: taken
+CND+ 0x7f4d1f453e02: not taken
+CND+ 0x7f4d1f453e0b: taken
+CND+ 0x7f4d1f453e2f: not taken
+CND+ 0x7f4d1f453e35: taken
+CND+ 0x7f4d1f453e4f: not taken
+CND+ 0x7f4d1f453e58: both
+CND+ 0x7f4d1f453f7d: not taken
+CND+ 0x7f4d1f45402c: not taken
+CND+ 0x7f4d1f4540c7: not taken
+CND+ 0x7f4d1f4540d0: both
+CND+ 0x7f4d1f4540d9: not taken
+CND+ 0x7f4d1f4545a7: both
+CND+ 0x7f4d1f4545ed: not taken
+CND+ 0x7f4d1f4545f2: taken
+CND+ 0x7f4d1f454682: not taken
+CND+ 0x7f4d1f4546a1: not taken
+CND+ 0x7f4d1f4547bb: not taken
+CND+ 0x7f4d1f454835: not taken
+CND+ 0x7f4d1f454870: not taken
+CND+ 0x7f4d1f45488e: not taken
+CND+ 0x7f4d1f45489e: not taken
+CND+ 0x7f4d1f4549ca: both
+CND+ 0x7f4d1f4549ea: taken
+CND+ 0x7f4d1f4549f6: taken
+CND+ 0x7f4d1f454a15: taken
+CND+ 0x7f4d1f454a38: not taken
+CND+ 0x7f4d1f454a48: taken
+CND+ 0x7f4d1f454abb: not taken
+CND+ 0x7f4d1f45514f: not taken
+CND+ 0x7f4d1f45516f: not taken
+CND+ 0x7f4d1f45517e: taken
+CND+ 0x7f4d1f455a5f: taken
+CND+ 0x7f4d1f455b46: not taken
+CND+ 0x7f4d1f455b50: taken
+CND+ 0x7f4d1f455b69: taken
+CND+ 0x7f4d1f455b93: taken
+CND+ 0x7f4d1f455d2b: taken
+CND+ 0x7f4d1f455e50: not taken
+CND+ 0x7f4d1f456227: taken
+CND+ 0x7f4d1f45625f: not taken
+CND+ 0x7f4d1f456278: taken
+CND+ 0x7f4d1f4562b9: not taken
+CND+ 0x7f4d1f4562d7: taken
+CND+ 0x7f4d1f45630b: taken
+CND+ 0x7f4d1f456383: taken
+CND+ 0x7f4d1f4563e2: taken
+CND+ 0x7f4d1f456456: taken
+CND+ 0x7f4d1f456488: both
+CND+ 0x7f4d1f45648c: not taken
+CND+ 0x7f4d1f456493: not taken
+CND+ 0x7f4d1f456498: both
+CND+ 0x7f4d1f4564e0: not taken
+CND+ 0x7f4d1f456512: not taken
+CND+ 0x7f4d1f456519: taken
+CND+ 0x7f4d1f456548: not taken
+CND+ 0x7f4d1f45654d: not taken
+CND+ 0x7f4d1f4565c9: not taken
+CND+ 0x7f4d1f4565d7: taken
+CND+ 0x7f4d1f4566f8: taken
+CND+ 0x7f4d1f4567b9: not taken
+CND+ 0x7f4d1f456830: not taken
+CND+ 0x7f4d1f456846: taken
+CND+ 0x7f4d1f45686e: not taken
+CND+ 0x7f4d1f456b09: not taken
+CND+ 0x7f4d1f456b13: not taken
+CND+ 0x7f4d1f456c18: taken
+CND+ 0x7f4d1f456c9d: not taken
+CND+ 0x7f4d1f456dfa: taken
+CND+ 0x7f4d1f458946: both
+CND+ 0x7f4d1f458963: both
+CND+ 0x7f4d1f458968: not taken
+CND+ 0x7f4d1f45896e: not taken
+CND+ 0x7f4d1f458986: not taken
+CND+ 0x7f4d1f45898b: both
+CND+ 0x7f4d1f45899a: both
+CND+ 0x7f4d1f45899f: both
+CND+ 0x7f4d1f4589ac: both
+CND+ 0x7f4d1f4589b7: both
+CND+ 0x7f4d1f4589c4: not taken
+CND+ 0x7f4d1f458a10: not taken
+CND+ 0x7f4d1f458a15: taken
+CND+ 0x7f4d1f458a2e: both
+CND+ 0x7f4d1f458a32: both
+CND+ 0x7f4d1f458a5c: both
+CND+ 0x7f4d1f458add: not taken
+CND+ 0x7f4d1f458ae2: not taken
+CND+ 0x7f4d1f458afe: not taken
+CND+ 0x7f4d1f458b02: both
+CND+ 0x7f4d1f458b48: both
+CND+ 0x7f4d1f458b52: not taken
+CND+ 0x7f4d1f458b5c: not taken
+CND+ 0x7f4d1f458b65: both
+CND+ 0x7f4d1f458b6b: taken
+CND+ 0x7f4d1f458b75: not taken
+CND+ 0x7f4d1f458b95: not taken
+CND+ 0x7f4d1f458ba2: not taken
+CND+ 0x7f4d1f458bc4: not taken
+CND+ 0x7f4d1f458bce: not taken
+CND+ 0x7f4d1f458bf6: taken
+CND+ 0x7f4d1f458c24: taken
+CND+ 0x7f4d1f458ce1: not taken
+CND+ 0x7f4d1f458cea: not taken
+CND+ 0x7f4d1f458cf3: not taken
+CND+ 0x7f4d1f458d25: not taken
+CND+ 0x7f4d1f458d53: not taken
+CND+ 0x7f4d1f458d5d: not taken
+CND+ 0x7f4d1f458eb5: not taken
+CND+ 0x7f4d1f458eba: not taken
+CND+ 0x7f4d1f458ed8: both
+CND+ 0x7f4d1f458edc: taken
+CND+ 0x7f4d1f458f0f: not taken
+CND+ 0x7f4d1f458f15: not taken
+CND+ 0x7f4d1f45946f: not taken
+CND+ 0x7f4d1f45953d: not taken
+CND+ 0x7f4d1f459547: not taken
+CND+ 0x7f4d1f459605: not taken
+CND+ 0x7f4d1f45960f: not taken
+CND+ 0x7f4d1f459647: not taken
+CND+ 0x7f4d1f45965e: not taken
+CND+ 0x7f4d1f4597bd: taken
+CND+ 0x7f4d1f4597d2: taken
+CND+ 0x7f4d1f4597df: not taken
+CND+ 0x7f4d1f4597e4: both
+CND+ 0x7f4d1f4597fa: taken
+CND+ 0x7f4d1f459856: not taken
+CND+ 0x7f4d1f45985b: taken
+CND+ 0x7f4d1f45987a: not taken
+CND+ 0x7f4d1f45989a: not taken
+CND+ 0x7f4d1f4598b7: not taken
+CND+ 0x7f4d1f4598c5: not taken
+CND+ 0x7f4d1f4598d4: taken
+CND+ 0x7f4d1f459df1: not taken
+CND+ 0x7f4d1f459e0c: not taken
@0x7f4d1f458c19 to 0x7f4d1f44c7d0 1
@0x7f4d1f458c19 to 0x7f4d1f453120 1
@0x7f4d1f448050 to 0x7f4d22f81a30 4
@0x7f4d1f448080 to 0x7f4d22f21330 2
@0x7f4d1f448090 to 0x7f4d22fc3710 1
@0x7f4d1f4480a0 to 0x7f4d22f99e70 5
@0x7f4d1f4480d0 to 0x7f4d22f34a20 7
@0x7f4d1f4480f0 to 0x7f4d23058800 4
@0x7f4d1f448130 to 0x7f4d22fc41e0 1
@0x7f4d1f448140 to 0x7f4d22f38c10 1
@0x7f4d1f448150 to 0x7f4d22fe6800 4
@0x7f4d1f448160 to 0x7f4d22fc3230 1
@0x7f4d1f448190 to 0x7f4d23058bc0 8
@0x7f4d1f4481c0 to 0x7f4d22fc4200 1
@0x7f4d1f4481e0 to 0x7f4d230585d0 1
@0x7f4d1f448220 to 0x7f4d22fc4210 2
@0x7f4d1f448230 to 0x7f4d22fe7b10 1
@0x7f4d1f44a16e to 0x7f4d1f44a1c0 1
@0x7f4d1f448280 to 0x7f4d23053d10 12
@0x7f4d1f4482a0 to 0x7f4d22f34450 4
@0x7f4d1f44a1ac to 0x7f4d1f44ae90 1
@0x7f4d1f4482d0 to 0x7f4d23054100 9
@0x7f4d1f448320 to 0x7f4d22f350f0 4
@0x7f4d1f448330 to 0x7f4d23059100 6
@0x7f4d1f448350 to 0x7f4d22fc4220 1
@0x7f4d1f448370 to 0x7f4d22fe6800 2
@0x7f4d1f448390 to 0x7f4d22f813e0 23
@0x7f4d1f4483b0 to 0x7f4d22fc4230 1
@0x7f4d1f4483c0 to 0x7f4d23053e90 24
@0x7f4d1f4483e0 to 0x7f4d23004ba0 1
@0x7f4d1f448410 to 0x7f4d22f81c80 1
@0x7f4d1f448460 to 0x7f4d230590e0 14
@0x7f4d1f448510 to 0x7f4d22fc41f0 1
@0x7f4d1f448560 to 0x7f4d22fc34e0 1
@0x7f4d1f448570 to 0x7f4d22f2d580 191
@0x7f4d1f453f91 to 0x7f4d1f454075 1
@0x7f4d1f448784 to 0x7f4d22f20fb0 1
@0x7f4d1f459e01 to 0x7f4d1f448840 1
@0x7f4d1f45655f to 0x7f4d1f456580 1
@0x7f4d1f45655f to 0x7f4d1f4565c0 1
@0x7f4d1f45655f to 0x7f4d1f4565a8 2
@0x7f4d1f4548af to 0x7f4d1f454a01 203
@0x7f4d1f4548af to 0x7f4d1f4549f0 11
@0x7f4d1f4548af to 0x7f4d1f454a28 1
