MODULE_NAME: /bin/dash
MODULE_START: 0x7f0b17be4000
+B+: 0x7f0b17be8000 0x7f0b17be800f
+B+: 0x7f0b17be8012 0x7f0b17be8016
+B+: 0x7f0b17be8050 0x7f0b17be8055
+B+: 0x7f0b17be8080 0x7f0b17be8085
+B+: 0x7f0b17be8090 0x7f0b17be8095
+B+: 0x7f0b17be80a0 0x7f0b17be80a5
+B+: 0x7f0b17be80d0 0x7f0b17be80d5
+B+: 0x7f0b17be80f0 0x7f0b17be80f5
+B+: 0x7f0b17be8130 0x7f0b17be8135
+B+: 0x7f0b17be8140 0x7f0b17be8145
+B+: 0x7f0b17be8150 0x7f0b17be8155
+B+: 0x7f0b17be8160 0x7f0b17be8165
+B+: 0x7f0b17be8190 0x7f0b17be8195
+B+: 0x7f0b17be81c0 0x7f0b17be81c5
+B+: 0x7f0b17be81e0 0x7f0b17be81e5
+B+: 0x7f0b17be8220 0x7f0b17be8225
+B+: 0x7f0b17be8230 0x7f0b17be8235
+B+: 0x7f0b17be8280 0x7f0b17be8285
+B+: 0x7f0b17be82a0 0x7f0b17be82a5
+B+: 0x7f0b17be82d0 0x7f0b17be82d5
+B+: 0x7f0b17be8320 0x7f0b17be8325
+B+: 0x7f0b17be8330 0x7f0b17be8335
+B+: 0x7f0b17be8350 0x7f0b17be8355
+B+: 0x7f0b17be8370 0x7f0b17be8375
+B+: 0x7f0b17be8390 0x7f0b17be8395
+B+: 0x7f0b17be83b0 0x7f0b17be83b5
+B+: 0x7f0b17be83c0 0x7f0b17be83c5
+B+: 0x7f0b17be83e0 0x7f0b17be83e5
+B+: 0x7f0b17be8410 0x7f0b17be8415
+B+: 0x7f0b17be8460 0x7f0b17be8465
+B+: 0x7f0b17be8510 0x7f0b17be8515
+B+: 0x7f0b17be8560 0x7f0b17be8565
+B+: 0x7f0b17be8570 0x7f0b17be8575
+B+: 0x7f0b17be8590 0x7f0b17be85b8
+B+: 0x7f0b17be85b9 0x7f0b17be85c4
+B+: 0x7f0b17be85c5 0x7f0b17be85cf
+B+: 0x7f0b17be85d0 0x7f0b17be85e7
+B+: 0x7f0b17be85e8 0x7f0b17be85ef
+B+: 0x7f0b17be85f0 0x7f0b17be8600
+B+: 0x7f0b17be8601 0x7f0b17be860b
+B+: 0x7f0b17be860c 0x7f0b17be8615
+B+: 0x7f0b17be8616 0x7f0b17be8623
+B+: 0x7f0b17be8624 0x7f0b17be862b
+B+: 0x7f0b17be862c 0x7f0b17be863c
+B+: 0x7f0b17be8657 0x7f0b17be8660
+B+: 0x7f0b17be8661 0x7f0b17be8678
+B+: 0x7f0b17be8679 0x7f0b17be867f
+B+: 0x7f0b17be8680 0x7f0b17be868c
+B+: 0x7f0b17be868d 0x7f0b17be8696
+B+: 0x7f0b17be8697 0x7f0b17be869b
+B+: 0x7f0b17be8760 0x7f0b17be8789
+B+: 0x7f0b17be87c0 0x7f0b17be87e3
+B+: 0x7f0b17be87f8 0x7f0b17be87f8
+B+: 0x7f0b17be8840 0x7f0b17be8844
+B+: 0x7f0b17be8850 0x7f0b17be8863
+B+: 0x7f0b17be8864 0x7f0b17be886f
+B+: 0x7f0b17be8870 0x7f0b17be887d
+B+: 0x7f0b17be887e 0x7f0b17be88aa
+B+: 0x7f0b17be88ab 0x7f0b17be88ac
+B+: 0x7f0b17be88cb 0x7f0b17be88d2
+B+: 0x7f0b17be8a50 0x7f0b17be8a57
+B+: 0x7f0b17be8a58 0x7f0b17be8a5e
+B+: 0x7f0b17be8a5f 0x7f0b17be8a63
+B+: 0x7f0b17be8a71 0x7f0b17be8a72
+B+: 0x7f0b17be96d0 0x7f0b17be96eb
+B+: 0x7f0b17be96ec 0x7f0b17be9705
+B+: 0x7f0b17be9717 0x7f0b17be971b
+B+: 0x7f0b17be971c 0x7f0b17be9720
+B+: 0x7f0b17be972c 0x7f0b17be9730
+B+: 0x7f0b17be973e 0x7f0b17be974d
+B+: 0x7f0b17be974e 0x7f0b17be9757
+B+: 0x7f0b17be9758 0x7f0b17be9775
+B+: 0x7f0b17be9780 0x7f0b17be9788
+B+: 0x7f0b17be9789 0x7f0b17be9790
+B+: 0x7f0b17be9791 0x7f0b17be979c
+B+: 0x7f0b17bea060 0x7f0b17bea07e
+B+: 0x7f0b17bea10d 0x7f0b17bea11c
+B+: 0x7f0b17bea11d 0x7f0b17bea123
+B+: 0x7f0b17bea140 0x7f0b17bea14a
+B+: 0x7f0b17bea14b 0x7f0b17bea152
+B+: 0x7f0b17bea153 0x7f0b17bea15d
+B+: 0x7f0b17bea15e 0x7f0b17bea16f
+B+: 0x7f0b17bea188 0x7f0b17bea18c
+B+: 0x7f0b17bea18d 0x7f0b17bea191
+B+: 0x7f0b17bea192 0x7f0b17bea19c
+B+: 0x7f0b17bea1a7 0x7f0b17bea1ad
+B+: 0x7f0b17bea1ae 0x7f0b17bea1b5
+B+: 0x7f0b17bea1c0 0x7f0b17bea1cf
+B+: 0x7f0b17beabc0 0x7f0b17beabfa
+B+: 0x7f0b17beabfb 0x7f0b17beac07
+B+: 0x7f0b17beac08 0x7f0b17beac0f
+B+: 0x7f0b17beac10 0x7f0b17beac11
+B+: 0x7f0b17beac18 0x7f0b17beac21
+B+: 0x7f0b17beac22 0x7f0b17beac2e
+B+: 0x7f0b17beac32 0x7f0b17beac39
+B+: 0x7f0b17beac3a 0x7f0b17beac49
+B+: 0x7f0b17beac4a 0x7f0b17beac51
+B+: 0x7f0b17beac52 0x7f0b17beac58
+B+: 0x7f0b17beac59 0x7f0b17beac60
+B+: 0x7f0b17beac61 0x7f0b17beac68
+B+: 0x7f0b17beac69 0x7f0b17beac6d
+B+: 0x7f0b17beac6e 0x7f0b17beac77
+B+: 0x7f0b17beac78 0x7f0b17beac89
+B+: 0x7f0b17beac8a 0x7f0b17beac98
+B+: 0x7f0b17beae90 0x7f0b17beaed3
+B+: 0x7f0b17beaedf 0x7f0b17beaef5
+B+: 0x7f0b17beaef6 0x7f0b17beaefa
+B+: 0x7f0b17beaefb 0x7f0b17beaf5a
+B+: 0x7f0b17beaf5b 0x7f0b17beaf67
+B+: 0x7f0b17beaf68 0x7f0b17beaf77
+B+: 0x7f0b17beaf78 0x7f0b17beaf7f
+B+: 0x7f0b17beaf80 0x7f0b17beaf8b
+B+: 0x7f0b17beaf8c 0x7f0b17beaf94
+B+: 0x7f0b17beaf95 0x7f0b17beaf9b
+B+: 0x7f0b17beafa0 0x7f0b17beafaf
+B+: 0x7f0b17beafb0 0x7f0b17beafc5
+B+: 0x7f0b17beafc6 0x7f0b17beafcf
+B+: 0x7f0b17beafd0 0x7f0b17beafe3
+B+: 0x7f0b17beafe4 0x7f0b17beaffc
+B+: 0x7f0b17beb019 0x7f0b17beb02b
+B+: 0x7f0b17beb02c 0x7f0b17beb034
+B+: 0x7f0b17beb035 0x7f0b17beb047
+B+: 0x7f0b17beb048 0x7f0b17beb05b
+B+: 0x7f0b17beb0a8 0x7f0b17beb0b4
+B+: 0x7f0b17beb0b5 0x7f0b17beb0b9
+B+: 0x7f0b17beb0db 0x7f0b17beb0e1
+B+: 0x7f0b17beb0f0 0x7f0b17beb103
+B+: 0x7f0b17beb104 0x7f0b17beb113
+B+: 0x7f0b17beb114 0x7f0b17beb11b
+B+: 0x7f0b17beb11c 0x7f0b17beb122
+B+: 0x7f0b17beb123 0x7f0b17beb152
+B+: 0x7f0b17beb153 0x7f0b17beb15f
+B+: 0x7f0b17beb160 0x7f0b17beb168
+B+: 0x7f0b17beb216 0x7f0b17beb21c
+B+: 0x7f0b17beb224 0x7f0b17beb22d
+B+: 0x7f0b17beb22e 0x7f0b17beb237
+B+: 0x7f0b17beb238 0x7f0b17beb241
+B+: 0x7f0b17beb242 0x7f0b17beb24b
+B+: 0x7f0b17beb25d 0x7f0b17beb266
+B+: 0x7f0b17beb267 0x7f0b17beb281
+B+: 0x7f0b17beb282 0x7f0b17beb293
+B+: 0x7f0b17beb34c 0x7f0b17beb353
+B+: 0x7f0b17beb354 0x7f0b17beb36f
+B+: 0x7f0b17beb51b 0x7f0b17beb525
+B+: 0x7f0b17beb526 0x7f0b17beb52e
+B+: 0x7f0b17beb52f 0x7f0b17beb537
+B+: 0x7f0b17beb8d0 0x7f0b17beb8ec
+B+: 0x7f0b17beb8ed 0x7f0b17beb8f1
+B+: 0x7f0b17beb8f8 0x7f0b17beb8fa
+B+: 0x7f0b17beb8fb 0x7f0b17beb907
+B+: 0x7f0b17beb908 0x7f0b17beb93e
+B+: 0x7f0b17beb93f 0x7f0b17beb940
+B+: 0x7f0b17beb963 0x7f0b17beb977
+B+: 0x7f0b17beb980 0x7f0b17beb986
+B+: 0x7f0b17beb987 0x7f0b17beb98e
+B+: 0x7f0b17beb98f 0x7f0b17beb997
+B+: 0x7f0b17beb998 0x7f0b17beb9ba
+B+: 0x7f0b17beb9bb 0x7f0b17beb9bc
+B+: 0x7f0b17beb9c0 0x7f0b17beb9e7
+B+: 0x7f0b17beb9e8 0x7f0b17beb9f7
+B+: 0x7f0b17beba19 0x7f0b17beba21
+B+: 0x7f0b17beba22 0x7f0b17beba2a
+B+: 0x7f0b17beba2b 0x7f0b17beba34
+B+: 0x7f0b17beba35 0x7f0b17beba3f
+B+: 0x7f0b17bebad0 0x7f0b17bebae9
+B+: 0x7f0b17bebaea 0x7f0b17bebb00
+B+: 0x7f0b17bebb10 0x7f0b17bebb1f
+B+: 0x7f0b17bebb20 0x7f0b17bebb2b
+B+: 0x7f0b17bebb2c 0x7f0b17bebb31
+B+: 0x7f0b17bebb32 0x7f0b17bebb41
+B+: 0x7f0b17bebb56 0x7f0b17bebb61
+B+: 0x7f0b17bebb62 0x7f0b17bebb6f
+B+: 0x7f0b17bebb70 0x7f0b17bebb85
+B+: 0x7f0b17bebb86 0x7f0b17bebb97
+B+: 0x7f0b17bebb98 0x7f0b17bebbc0
+B+: 0x7f0b17bebbc8 0x7f0b17bebbcc
+B+: 0x7f0b17bebbcd 0x7f0b17bebbea
+B+: 0x7f0b17bebd70 0x7f0b17bebd98
+B+: 0x7f0b17bebda0 0x7f0b17bebda1
+B+: 0x7f0b17bebda2 0x7f0b17bebdaa
+B+: 0x7f0b17bebdab 0x7f0b17bebdc5
+B+: 0x7f0b17bebdc6 0x7f0b17bebdc9
+B+: 0x7f0b17bebdca 0x7f0b17bebdd1
+B+: 0x7f0b17bebdd2 0x7f0b17bebde6
+B+: 0x7f0b17bebdf0 0x7f0b17bebe2a
+B+: 0x7f0b17bebe2b 0x7f0b17bebe2f
+B+: 0x7f0b17bebe46 0x7f0b17bebe5c
+B+: 0x7f0b17bebe5d 0x7f0b17bebe6e
+B+: 0x7f0b17bebe90 0x7f0b17bebead
+B+: 0x7f0b17bebec8 0x7f0b17bebed1
+B+: 0x7f0b17bebed2 0x7f0b17bebedd
+B+: 0x7f0b17bebf6c 0x7f0b17bebf8f
+B+: 0x7f0b17bebf90 0x7f0b17bebf9c
+B+: 0x7f0b17bebf9d 0x7f0b17bebfa8
+B+: 0x7f0b17bebfa9 0x7f0b17bebfb0
+B+: 0x7f0b17bebfb1 0x7f0b17bebfc5
+B+: 0x7f0b17bec008 0x7f0b17bec012
+B+: 0x7f0b17bec013 0x7f0b17bec01e
+B+: 0x7f0b17bec01f 0x7f0b17bec02e
+B+: 0x7f0b17bec060 0x7f0b17bec066
+B+: 0x7f0b17bec067 0x7f0b17bec074
+B+: 0x7f0b17bec075 0x7f0b17bec086
+B+: 0x7f0b17bec087 0x7f0b17bec08e
+B+: 0x7f0b17bec08f 0x7f0b17bec0a2
+B+: 0x7f0b17bec0a3 0x7f0b17bec0b0
+B+: 0x7f0b17bec100 0x7f0b17bec116
+B+: 0x7f0b17bec145 0x7f0b17bec14d
+B+: 0x7f0b17bec14e 0x7f0b17bec157
+B+: 0x7f0b17bec160 0x7f0b17bec166
+B+: 0x7f0b17bec1c0 0x7f0b17bec1d1
+B+: 0x7f0b17bec1e8 0x7f0b17bec1ef
+B+: 0x7f0b17bec248 0x7f0b17bec25b
+B+: 0x7f0b17bec25c 0x7f0b17bec271
+B+: 0x7f0b17bec7d0 0x7f0b17bec7ff
+B+: 0x7f0b17bec80f 0x7f0b17bec812
+B+: 0x7f0b17bec813 0x7f0b17bec81c
+B+: 0x7f0b17bec81d 0x7f0b17bec820
+B+: 0x7f0b17bec821 0x7f0b17bec82f
+B+: 0x7f0b17bec830 0x7f0b17bec83a
+B+: 0x7f0b17bec84f 0x7f0b17bec85a
+B+: 0x7f0b17bec85f 0x7f0b17bec862
+B+: 0x7f0b17bec870 0x7f0b17bec877
+B+: 0x7f0b17bec878 0x7f0b17bec88d
+B+: 0x7f0b17bed440 0x7f0b17bed464
+B+: 0x7f0b17bed61e 0x7f0b17bed627
+B+: 0x7f0b17bed628 0x7f0b17bed631
+B+: 0x7f0b17bed632 0x7f0b17bed659
+B+: 0x7f0b17bed6af 0x7f0b17bed6bc
+B+: 0x7f0b17bed6c0 0x7f0b17bed6cb
+B+: 0x7f0b17bed730 0x7f0b17bed73b
+B+: 0x7f0b17bed740 0x7f0b17bed75e
+B+: 0x7f0b17bed75f 0x7f0b17bed767
+B+: 0x7f0b17bed7d2 0x7f0b17bed7e3
+B+: 0x7f0b17bed8a0 0x7f0b17bed8a7
+B+: 0x7f0b17bee260 0x7f0b17bee2a5
+B+: 0x7f0b17bee2b5 0x7f0b17bee2be
+B+: 0x7f0b17bee2bf 0x7f0b17bee2d2
+B+: 0x7f0b17bee2d3 0x7f0b17bee2fc
+B+: 0x7f0b17bee2fd 0x7f0b17bee310
+B+: 0x7f0b17bee324 0x7f0b17bee328
+B+: 0x7f0b17bee336 0x7f0b17bee33f
+B+: 0x7f0b17bee340 0x7f0b17bee344
+B+: 0x7f0b17bee370 0x7f0b17bee386
+B+: 0x7f0b17bee387 0x7f0b17bee398
+B+: 0x7f0b17bee3a0 0x7f0b17bee3b6
+B+: 0x7f0b17bee3b7 0x7f0b17bee3d7
+B+: 0x7f0b17bee3dd 0x7f0b17bee3ec
+B+: 0x7f0b17bee850 0x7f0b17bee886
+B+: 0x7f0b17bee887 0x7f0b17bee89a
+B+: 0x7f0b17bee89b 0x7f0b17bee8ad
+B+: 0x7f0b17bee8ae 0x7f0b17bee8c4
+B+: 0x7f0b17bee8c5 0x7f0b17bee8d7
+B+: 0x7f0b17bee8d8 0x7f0b17bee8e7
+B+: 0x7f0b17bee8e8 0x7f0b17bee90c
+B+: 0x7f0b17bee90d 0x7f0b17bee915
+B+: 0x7f0b17bee924 0x7f0b17bee933
+B+: 0x7f0b17bee934 0x7f0b17bee947
+B+: 0x7f0b17bee948 0x7f0b17bee954
+B+: 0x7f0b17bee955 0x7f0b17bee95f
+B+: 0x7f0b17bee960 0x7f0b17bee964
+B+: 0x7f0b17beea6a 0x7f0b17beea7c
+B+: 0x7f0b17beea7d 0x7f0b17beea9c
+B+: 0x7f0b17beeba0 0x7f0b17beebad
+B+: 0x7f0b17beebae 0x7f0b17beebe1
+B+: 0x7f0b17beebf0 0x7f0b17beebfb
+B+: 0x7f0b17beedb0 0x7f0b17beedbd
+B+: 0x7f0b17beedbe 0x7f0b17beedca
+B+: 0x7f0b17beedcb 0x7f0b17beede3
+B+: 0x7f0b17beede8 0x7f0b17beedf4
+B+: 0x7f0b17beedf8 0x7f0b17beee04
+B+: 0x7f0b17beee05 0x7f0b17beee12
+B+: 0x7f0b17beee13 0x7f0b17beee1d
+B+: 0x7f0b17beeeb4 0x7f0b17beeec1
+B+: 0x7f0b17bef160 0x7f0b17bef174
+B+: 0x7f0b17bef175 0x7f0b17bef187
+B+: 0x7f0b17bef188 0x7f0b17bef1a2
+B+: 0x7f0b17bef1a3 0x7f0b17bef1ac
+B+: 0x7f0b17bef1ad 0x7f0b17bef1b3
+B+: 0x7f0b17bef1d0 0x7f0b17bef1e5
+B+: 0x7f0b17bef1eb 0x7f0b17bef1f3
+B+: 0x7f0b17bef205 0x7f0b17bef20b
+B+: 0x7f0b17bef20c 0x7f0b17bef21d
+B+: 0x7f0b17bef21e 0x7f0b17bef226
+B+: 0x7f0b17bef227 0x7f0b17bef230
+B+: 0x7f0b17bef231 0x7f0b17bef232
+B+: 0x7f0b17bef240 0x7f0b17bef248
+B+: 0x7f0b17bef260 0x7f0b17bef260
+B+: 0x7f0b17bef520 0x7f0b17bef534
+B+: 0x7f0b17bef572 0x7f0b17bef578
+B+: 0x7f0b17bef580 0x7f0b17bef583
+B+: 0x7f0b17bef610 0x7f0b17bef656
+B+: 0x7f0b17bef65b 0x7f0b17bef686
+B+: 0x7f0b17bef687 0x7f0b17bef69d
+B+: 0x7f0b17bef6fc 0x7f0b17bef708
+B+: 0x7f0b17bef709 0x7f0b17bef711
+B+: 0x7f0b17bef712 0x7f0b17bef72a
+B+: 0x7f0b17bef72b 0x7f0b17bef73c
+B+: 0x7f0b17bef740 0x7f0b17bef747
+B+: 0x7f0b17bef748 0x7f0b17bef75f
+B+: 0x7f0b17bef760 0x7f0b17bef766
+B+: 0x7f0b17bef767 0x7f0b17bef780
+B+: 0x7f0b17bef790 0x7f0b17bef793
+B+: 0x7f0b17bef794 0x7f0b17bef798
+B+: 0x7f0b17bef7a2 0x7f0b17bef7aa
+B+: 0x7f0b17bef7ab 0x7f0b17bef7ae
+B+: 0x7f0b17bef7af 0x7f0b17bef7bd
+B+: 0x7f0b17bef7cb 0x7f0b17bef7d3
+B+: 0x7f0b17bef825 0x7f0b17bef841
+B+: 0x7f0b17bef842 0x7f0b17bef84d
+B+: 0x7f0b17bef87e 0x7f0b17bef88e
+B+: 0x7f0b17bef88f 0x7f0b17bef8a0
+B+: 0x7f0b17bef8a1 0x7f0b17bef8ad
+B+: 0x7f0b17befc10 0x7f0b17befc30
+B+: 0x7f0b17befc31 0x7f0b17befc58
+B+: 0x7f0b17befc5e 0x7f0b17befc66
+B+: 0x7f0b17befc67 0x7f0b17befc6f
+B+: 0x7f0b17befc78 0x7f0b17befc87
+B+: 0x7f0b17befc88 0x7f0b17befc89
+B+: 0x7f0b17befca0 0x7f0b17befcaf
+B+: 0x7f0b17befcba 0x7f0b17befcc4
+B+: 0x7f0b17befce0 0x7f0b17befce8
+B+: 0x7f0b17bf0360 0x7f0b17bf036b
+B+: 0x7f0b17bf0480 0x7f0b17bf0480
+B+: 0x7f0b17bf09c0 0x7f0b17bf09db
+B+: 0x7f0b17bf0a16 0x7f0b17bf0a32
+B+: 0x7f0b17bf0a33 0x7f0b17bf0a52
+B+: 0x7f0b17bf0a63 0x7f0b17bf0a6a
+B+: 0x7f0b17bf0a90 0x7f0b17bf0aa6
+B+: 0x7f0b17bf0aa7 0x7f0b17bf0aae
+B+: 0x7f0b17bf0aaf 0x7f0b17bf0ab6
+B+: 0x7f0b17bf0af6 0x7f0b17bf0b01
+B+: 0x7f0b17bf0b0c 0x7f0b17bf0b34
+B+: 0x7f0b17bf0b40 0x7f0b17bf0b57
+B+: 0x7f0b17bf0b58 0x7f0b17bf0b5f
+B+: 0x7f0b17bf0b60 0x7f0b17bf0b67
+B+: 0x7f0b17bf0b68 0x7f0b17bf0b70
+B+: 0x7f0b17bf0b71 0x7f0b17bf0b7a
+B+: 0x7f0b17bf0b7b 0x7f0b17bf0b80
+B+: 0x7f0b17bf0b97 0x7f0b17bf0b9c
+B+: 0x7f0b17bf0c0a 0x7f0b17bf0c3d
+B+: 0x7f0b17bf0c47 0x7f0b17bf0c53
+B+: 0x7f0b17bf0ed0 0x7f0b17bf0ede
+B+: 0x7f0b17bf0edf 0x7f0b17bf0ee7
+B+: 0x7f0b17bf0ee8 0x7f0b17bf0efc
+B+: 0x7f0b17bf0efd 0x7f0b17bf0f02
+B+: 0x7f0b17bf0f03 0x7f0b17bf0f1b
+B+: 0x7f0b17bf0f1c 0x7f0b17bf0f21
+B+: 0x7f0b17bf0f22 0x7f0b17bf0f2b
+B+: 0x7f0b17bf0fc0 0x7f0b17bf0fc7
+B+: 0x7f0b17bf0fc8 0x7f0b17bf0fd0
+B+: 0x7f0b17bf1760 0x7f0b17bf1768
+B+: 0x7f0b17bf1769 0x7f0b17bf176d
+B+: 0x7f0b17bf176e 0x7f0b17bf1772
+B+: 0x7f0b17bf1780 0x7f0b17bf1788
+B+: 0x7f0b17bf1789 0x7f0b17bf178d
+B+: 0x7f0b17bf178e 0x7f0b17bf1792
+B+: 0x7f0b17bf17c0 0x7f0b17bf17d9
+B+: 0x7f0b17bf17da 0x7f0b17bf17e6
+B+: 0x7f0b17bf17f7 0x7f0b17bf1802
+B+: 0x7f0b17bf1803 0x7f0b17bf180b
+B+: 0x7f0b17bf180c 0x7f0b17bf1841
+B+: 0x7f0b17bf1842 0x7f0b17bf184b
+B+: 0x7f0b17bf184c 0x7f0b17bf1852
+B+: 0x7f0b17bf1853 0x7f0b17bf1875
+B+: 0x7f0b17bf1880 0x7f0b17bf188e
+B+: 0x7f0b17bf18b0 0x7f0b17bf18c8
+B+: 0x7f0b17bf1900 0x7f0b17bf1941
+B+: 0x7f0b17bf1950 0x7f0b17bf1966
+B+: 0x7f0b17bf1967 0x7f0b17bf197e
+B+: 0x7f0b17bf197f 0x7f0b17bf198a
+B+: 0x7f0b17bf198b 0x7f0b17bf19b3
+B+: 0x7f0b17bf19b4 0x7f0b17bf19bd
+B+: 0x7f0b17bf19be 0x7f0b17bf19bf
+B+: 0x7f0b17bf19d0 0x7f0b17bf19e8
+B+: 0x7f0b17bf19e9 0x7f0b17bf1a14
+B+: 0x7f0b17bf1a1e 0x7f0b17bf1a25
+B+: 0x7f0b17bf1a26 0x7f0b17bf1a33
+B+: 0x7f0b17bf1a34 0x7f0b17bf1a46
+B+: 0x7f0b17bf1ae0 0x7f0b17bf1afe
+B+: 0x7f0b17bf1aff 0x7f0b17bf1b0c
+B+: 0x7f0b17bf1b0d 0x7f0b17bf1b1b
+B+: 0x7f0b17bf1b1c 0x7f0b17bf1b2c
+B+: 0x7f0b17bf1b40 0x7f0b17bf1b62
+B+: 0x7f0b17bf1b98 0x7f0b17bf1ba9
+B+: 0x7f0b17bf26d0 0x7f0b17bf26f4
+B+: 0x7f0b17bf26f5 0x7f0b17bf270d
+B+: 0x7f0b17bf270e 0x7f0b17bf2712
+B+: 0x7f0b17bf2713 0x7f0b17bf271e
+B+: 0x7f0b17bf271f 0x7f0b17bf2723
+B+: 0x7f0b17bf2724 0x7f0b17bf2728
+B+: 0x7f0b17bf2729 0x7f0b17bf2730
+B+: 0x7f0b17bf273c 0x7f0b17bf2749
+B+: 0x7f0b17bf274a 0x7f0b17bf274d
+B+: 0x7f0b17bf274e 0x7f0b17bf2760
+B+: 0x7f0b17bf2761 0x7f0b17bf276b
+B+: 0x7f0b17bf2790 0x7f0b17bf279d
+B+: 0x7f0b17bf279e 0x7f0b17bf27a5
+B+: 0x7f0b17bf27a6 0x7f0b17bf27a7
+B+: 0x7f0b17bf2890 0x7f0b17bf289d
+B+: 0x7f0b17bf289e 0x7f0b17bf28a9
+B+: 0x7f0b17bf28aa 0x7f0b17bf28bd
+B+: 0x7f0b17bf28c0 0x7f0b17bf28ca
+B+: 0x7f0b17bf28d0 0x7f0b17bf28ef
+B+: 0x7f0b17bf28f0 0x7f0b17bf28f4
+B+: 0x7f0b17bf28f5 0x7f0b17bf290c
+B+: 0x7f0b17bf290d 0x7f0b17bf2910
+B+: 0x7f0b17bf2911 0x7f0b17bf2912
+B+: 0x7f0b17bf2913 0x7f0b17bf291b
+B+: 0x7f0b17bf291c 0x7f0b17bf2930
+B+: 0x7f0b17bf2938 0x7f0b17bf293c
+B+: 0x7f0b17bf2980 0x7f0b17bf298f
+B+: 0x7f0b17bf2990 0x7f0b17bf299b
+B+: 0x7f0b17bf299c 0x7f0b17bf29ab
+B+: 0x7f0b17bf2a80 0x7f0b17bf2a93
+B+: 0x7f0b17bf2a94 0x7f0b17bf2aac
+B+: 0x7f0b17bf2aad 0x7f0b17bf2abf
+B+: 0x7f0b17bf2ac0 0x7f0b17bf2ada
+B+: 0x7f0b17bf2adb 0x7f0b17bf2ae3
+B+: 0x7f0b17bf2aec 0x7f0b17bf2af8
+B+: 0x7f0b17bf2af9 0x7f0b17bf2b02
+B+: 0x7f0b17bf2b03 0x7f0b17bf2b06
+B+: 0x7f0b17bf2b07 0x7f0b17bf2b1a
+B+: 0x7f0b17bf2c49 0x7f0b17bf2c55
+B+: 0x7f0b17bf2c56 0x7f0b17bf2c67
+B+: 0x7f0b17bf2c82 0x7f0b17bf2c93
+B+: 0x7f0b17bf2d77 0x7f0b17bf2d82
+B+: 0x7f0b17bf2da0 0x7f0b17bf2db2
+B+: 0x7f0b17bf2db3 0x7f0b17bf2ddf
+B+: 0x7f0b17bf2de0 0x7f0b17bf2deb
+B+: 0x7f0b17bf2dec 0x7f0b17bf2dfc
+B+: 0x7f0b17bf2dfd 0x7f0b17bf2e18
+B+: 0x7f0b17bf2e19 0x7f0b17bf2e25
+B+: 0x7f0b17bf2e26 0x7f0b17bf2e2e
+B+: 0x7f0b17bf2e2f 0x7f0b17bf2e3f
+B+: 0x7f0b17bf2e40 0x7f0b17bf2e44
+B+: 0x7f0b17bf2e45 0x7f0b17bf2e50
+B+: 0x7f0b17bf2e51 0x7f0b17bf2e5d
+B+: 0x7f0b17bf2e5e 0x7f0b17bf2e77
+B+: 0x7f0b17bf2ece 0x7f0b17bf2ed2
+B+: 0x7f0b17bf2ed3 0x7f0b17bf2ede
+B+: 0x7f0b17bf2ee0 0x7f0b17bf2eec
+B+: 0x7f0b17bf2f60 0x7f0b17bf2f7c
+B+: 0x7f0b17bf3120 0x7f0b17bf3128
+B+: 0x7f0b17bf3129 0x7f0b17bf3147
+B+: 0x7f0b17bf3750 0x7f0b17bf375e
+B+: 0x7f0b17bf375f 0x7f0b17bf3763
+B+: 0x7f0b17bf3764 0x7f0b17bf3770
+B+: 0x7f0b17bf3771 0x7f0b17bf3777
+B+: 0x7f0b17bf3778 0x7f0b17bf3783
+B+: 0x7f0b17bf3784 0x7f0b17bf3788
+B+: 0x7f0b17bf3789 0x7f0b17bf378d
+B+: 0x7f0b17bf378e 0x7f0b17bf3796
+B+: 0x7f0b17bf3797 0x7f0b17bf379e
+B+: 0x7f0b17bf3890 0x7f0b17bf3892
+B+: 0x7f0b17bf38a7 0x7f0b17bf38ab
+B+: 0x7f0b17bf38ac 0x7f0b17bf38b2
+B+: 0x7f0b17bf38b3 0x7f0b17bf38b6
+B+: 0x7f0b17bf38d0 0x7f0b17bf38e1
+B+: 0x7f0b17bf38e2 0x7f0b17bf38e6
+B+: 0x7f0b17bf38e7 0x7f0b17bf38eb
+B+: 0x7f0b17bf38ec 0x7f0b17bf38f1
+B+: 0x7f0b17bf38f2 0x7f0b17bf38fa
+B+: 0x7f0b17bf38fb 0x7f0b17bf38fc
+B+: 0x7f0b17bf3940 0x7f0b17bf3948
+B+: 0x7f0b17bf3949 0x7f0b17bf3951
+B+: 0x7f0b17bf3980 0x7f0b17bf3988
+B+: 0x7f0b17bf3989 0x7f0b17bf398a
+B+: 0x7f0b17bf398b 0x7f0b17bf3991
+B+: 0x7f0b17bf3992 0x7f0b17bf39a2
+B+: 0x7f0b17bf39a8 0x7f0b17bf39ac
+B+: 0x7f0b17bf39eb 0x7f0b17bf3a00
+B+: 0x7f0b17bf3a08 0x7f0b17bf3a10
+B+: 0x7f0b17bf3af0 0x7f0b17bf3b11
+B+: 0x7f0b17bf3b12 0x7f0b17bf3b16
+B+: 0x7f0b17bf3b17 0x7f0b17bf3b1d
+B+: 0x7f0b17bf3b1e 0x7f0b17bf3b26
+B+: 0x7f0b17bf3b27 0x7f0b17bf3b34
+B+: 0x7f0b17bf3b35 0x7f0b17bf3b3c
+B+: 0x7f0b17bf3b3d 0x7f0b17bf3b49
+B+: 0x7f0b17bf3b4a 0x7f0b17bf3b5a
+B+: 0x7f0b17bf3b5b 0x7f0b17bf3b63
+B+: 0x7f0b17bf3b7f 0x7f0b17bf3b93
+B+: 0x7f0b17bf3b94 0x7f0b17bf3b9c
+B+: 0x7f0b17bf3be0 0x7f0b17bf3bf7
+B+: 0x7f0b17bf3bf8 0x7f0b17bf3c00
+B+: 0x7f0b17bf3c1b 0x7f0b17bf3c2b
+B+: 0x7f0b17bf3d40 0x7f0b17bf3d5e
+B+: 0x7f0b17bf3d5f 0x7f0b17bf3d6d
+B+: 0x7f0b17bf3d6e 0x7f0b17bf3d72
+B+: 0x7f0b17bf3d7d 0x7f0b17bf3d90
+B+: 0x7f0b17bf3d91 0x7f0b17bf3d95
+B+: 0x7f0b17bf3d96 0x7f0b17bf3d9a
+B+: 0x7f0b17bf3da0 0x7f0b17bf3da4
+B+: 0x7f0b17bf3dd5 0x7f0b17bf3dd9
+B+: 0x7f0b17bf3dda 0x7f0b17bf3dde
+B+: 0x7f0b17bf3df0 0x7f0b17bf3dfb
+B+: 0x7f0b17bf3dfc 0x7f0b17bf3e07
+B+: 0x7f0b17bf3e08 0x7f0b17bf3e10
+B+: 0x7f0b17bf3e2c 0x7f0b17bf3e30
+B+: 0x7f0b17bf3e31 0x7f0b17bf3e36
+B+: 0x7f0b17bf3e41 0x7f0b17bf3e45
+B+: 0x7f0b17bf3e46 0x7f0b17bf3e54
+B+: 0x7f0b17bf3e55 0x7f0b17bf3e5d
+B+: 0x7f0b17bf3e5e 0x7f0b17bf3e62
+B+: 0x7f0b17bf3e63 0x7f0b17bf3e74
+B+: 0x7f0b17bf3e78 0x7f0b17bf3e84
+B+: 0x7f0b17bf3ea0 0x7f0b17bf3ea4
+B+: 0x7f0b17bf3ef0 0x7f0b17bf3f03
+B+: 0x7f0b17bf3f40 0x7f0b17bf3f76
+B+: 0x7f0b17bf3f77 0x7f0b17bf3f82
+B+: 0x7f0b17bf3f83 0x7f0b17bf3f92
+B+: 0x7f0b17bf401b 0x7f0b17bf4031
+B+: 0x7f0b17bf4032 0x7f0b17bf4040
+B+: 0x7f0b17bf4075 0x7f0b17bf40b8
+B+: 0x7f0b17bf40b9 0x7f0b17bf40c3
+B+: 0x7f0b17bf40c4 0x7f0b17bf40cc
+B+: 0x7f0b17bf40cd 0x7f0b17bf40d5
+B+: 0x7f0b17bf40d6 0x7f0b17bf40de
+B+: 0x7f0b17bf40df 0x7f0b17bf4106
+B+: 0x7f0b17bf4107 0x7f0b17bf4133
+B+: 0x7f0b17bf4578 0x7f0b17bf4581
+B+: 0x7f0b17bf4582 0x7f0b17bf45a8
+B+: 0x7f0b17bf45a9 0x7f0b17bf45b6
+B+: 0x7f0b17bf45d0 0x7f0b17bf45e0
+B+: 0x7f0b17bf45e1 0x7f0b17bf45ee
+B+: 0x7f0b17bf45ef 0x7f0b17bf45f3
+B+: 0x7f0b17bf4670 0x7f0b17bf467e
+B+: 0x7f0b17bf467f 0x7f0b17bf4683
+B+: 0x7f0b17bf4684 0x7f0b17bf4692
+B+: 0x7f0b17bf4693 0x7f0b17bf469a
+B+: 0x7f0b17bf469b 0x7f0b17bf46a2
+B+: 0x7f0b17bf46a3 0x7f0b17bf46b7
+B+: 0x7f0b17bf4790 0x7f0b17bf47bc
+B+: 0x7f0b17bf47bd 0x7f0b17bf47d4
+B+: 0x7f0b17bf47e0 0x7f0b17bf483a
+B+: 0x7f0b17bf483b 0x7f0b17bf4875
+B+: 0x7f0b17bf4876 0x7f0b17bf4893
+B+: 0x7f0b17bf4894 0x7f0b17bf48a3
+B+: 0x7f0b17bf48a4 0x7f0b17bf48b0
+B+: 0x7f0b17bf49b4 0x7f0b17bf49b8
+B+: 0x7f0b17bf49b9 0x7f0b17bf49cf
+B+: 0x7f0b17bf49d0 0x7f0b17bf49dc
+B+: 0x7f0b17bf49dd 0x7f0b17bf49ef
+B+: 0x7f0b17bf49f0 0x7f0b17bf49f7
+B+: 0x7f0b17bf4a01 0x7f0b17bf4a16
+B+: 0x7f0b17bf4a28 0x7f0b17bf4a3d
+B+: 0x7f0b17bf4a3e 0x7f0b17bf4a4d
+B+: 0x7f0b17bf4a79 0x7f0b17bf4a97
+B+: 0x7f0b17bf4a98 0x7f0b17bf4ac0
+B+: 0x7f0b17bf4ac1 0x7f0b17bf4acf
+B+: 0x7f0b17bf5148 0x7f0b17bf5154
+B+: 0x7f0b17bf5155 0x7f0b17bf5174
+B+: 0x7f0b17bf5175 0x7f0b17bf517f
+B+: 0x7f0b17bf51ac 0x7f0b17bf51b0
+B+: 0x7f0b17bf51b1 0x7f0b17bf51b5
+B+: 0x7f0b17bf5a40 0x7f0b17bf5a64
+B+: 0x7f0b17bf5b10 0x7f0b17bf5b1a
+B+: 0x7f0b17bf5b40 0x7f0b17bf5b47
+B+: 0x7f0b17bf5b48 0x7f0b17bf5b51
+B+: 0x7f0b17bf5b58 0x7f0b17bf5b60
+B+: 0x7f0b17bf5b61 0x7f0b17bf5b6a
+B+: 0x7f0b17bf5b88 0x7f0b17bf5b8c
+B+: 0x7f0b17bf5b8d 0x7f0b17bf5b94
+B+: 0x7f0b17bf5ba0 0x7f0b17bf5ba4
+B+: 0x7f0b17bf5d00 0x7f0b17bf5d30
+B+: 0x7f0b17bf5e3f 0x7f0b17bf5e55
+B+: 0x7f0b17bf5e56 0x7f0b17bf5e67
+B+: 0x7f0b17bf61e0 0x7f0b17bf6222
+B+: 0x7f0b17bf6223 0x7f0b17bf6228
+B+: 0x7f0b17bf624c 0x7f0b17bf6260
+B+: 0x7f0b17bf6261 0x7f0b17bf6269
+B+: 0x7f0b17bf6270 0x7f0b17bf6279
+B+: 0x7f0b17bf6288 0x7f0b17bf62a0
+B+: 0x7f0b17bf62a1 0x7f0b17bf62ba
+B+: 0x7f0b17bf62bb 0x7f0b17bf62bc
+B+: 0x7f0b17bf62d0 0x7f0b17bf62d8
+B+: 0x7f0b17bf62f8 0x7f0b17bf62f8
+B+: 0x7f0b17bf6300 0x7f0b17bf630c
+B+: 0x7f0b17bf633f 0x7f0b17bf6343
+B+: 0x7f0b17bf6380 0x7f0b17bf6384
+B+: 0x7f0b17bf63d0 0x7f0b17bf63e3
+B+: 0x7f0b17bf6400 0x7f0b17bf6400
+B+: 0x7f0b17bf6420 0x7f0b17bf645b
+B+: 0x7f0b17bf6467 0x7f0b17bf6471
+B+: 0x7f0b17bf6472 0x7f0b17bf6489
+B+: 0x7f0b17bf648a 0x7f0b17bf648d
+B+: 0x7f0b17bf648e 0x7f0b17bf6494
+B+: 0x7f0b17bf6495 0x7f0b17bf649d
+B+: 0x7f0b17bf649e 0x7f0b17bf64a9
+B+: 0x7f0b17bf64aa 0x7f0b17bf64c2
+B+: 0x7f0b17bf64c3 0x7f0b17bf64ce
+B+: 0x7f0b17bf64cf 0x7f0b17bf64e5
+B+: 0x7f0b17bf64e6 0x7f0b17bf64f5
+B+: 0x7f0b17bf6500 0x7f0b17bf650e
+B+: 0x7f0b17bf650f 0x7f0b17bf6513
+B+: 0x7f0b17bf6514 0x7f0b17bf651e
+B+: 0x7f0b17bf6540 0x7f0b17bf6549
+B+: 0x7f0b17bf654a 0x7f0b17bf654e
+B+: 0x7f0b17bf654f 0x7f0b17bf6560
+B+: 0x7f0b17bf6568 0x7f0b17bf6577
+B+: 0x7f0b17bf6580 0x7f0b17bf6589
+B+: 0x7f0b17bf65a8 0x7f0b17bf65bb
+B+: 0x7f0b17bf65c0 0x7f0b17bf65ce
+B+: 0x7f0b17bf65cf 0x7f0b17bf65dc
+B+: 0x7f0b17bf66f0 0x7f0b17bf66fd
+B+: 0x7f0b17bf67a0 0x7f0b17bf67a0
+B+: 0x7f0b17bf67b0 0x7f0b17bf67ba
+B+: 0x7f0b17bf67bb 0x7f0b17bf67ce
+B+: 0x7f0b17bf67cf 0x7f0b17bf67d8
+B+: 0x7f0b17bf67d9 0x7f0b17bf67e6
+B+: 0x7f0b17bf6800 0x7f0b17bf682d
+B+: 0x7f0b17bf682e 0x7f0b17bf6831
+B+: 0x7f0b17bf6832 0x7f0b17bf6847
+B+: 0x7f0b17bf6864 0x7f0b17bf686b
+B+: 0x7f0b17bf686c 0x7f0b17bf686f
+B+: 0x7f0b17bf6870 0x7f0b17bf6876
+B+: 0x7f0b17bf6877 0x7f0b17bf687b
+B+: 0x7f0b17bf687c 0x7f0b17bf6886
+B+: 0x7f0b17bf6ae0 0x7f0b17bf6b01
+B+: 0x7f0b17bf6b02 0x7f0b17bf6b0a
+B+: 0x7f0b17bf6b0b 0x7f0b17bf6b14
+B+: 0x7f0b17bf6b15 0x7f0b17bf6b19
+B+: 0x7f0b17bf6c00 0x7f0b17bf6c19
+B+: 0x7f0b17bf6c51 0x7f0b17bf6c8e
+B+: 0x7f0b17bf6c8f 0x7f0b17bf6c9e
+B+: 0x7f0b17bf6c9f 0x7f0b17bf6ca6
+B+: 0x7f0b17bf6df0 0x7f0b17bf6dfb
+B+: 0x7f0b17bf6e20 0x7f0b17bf6e20
+B+: 0x7f0b17bf6e30 0x7f0b17bf6e38
+B+: 0x7f0b17bf8940 0x7f0b17bf894b
+B+: 0x7f0b17bf894c 0x7f0b17bf8957
+B+: 0x7f0b17bf8958 0x7f0b17bf8964
+B+: 0x7f0b17bf8965 0x7f0b17bf8969
+B+: 0x7f0b17bf896a 0x7f0b17bf896f
+B+: 0x7f0b17bf8970 0x7f0b17bf8976
+B+: 0x7f0b17bf8980 0x7f0b17bf8987
+B+: 0x7f0b17bf8988 0x7f0b17bf898c
+B+: 0x7f0b17bf898d 0x7f0b17bf899b
+B+: 0x7f0b17bf899c 0x7f0b17bf89a0
+B+: 0x7f0b17bf89a1 0x7f0b17bf89a8
+B+: 0x7f0b17bf89a9 0x7f0b17bf89ad
+B+: 0x7f0b17bf89ae 0x7f0b17bf89b8
+B+: 0x7f0b17bf89b9 0x7f0b17bf89b9
+B+: 0x7f0b17bf89c0 0x7f0b17bf89c5
+B+: 0x7f0b17bf89c6 0x7f0b17bf89c9
+B+: 0x7f0b17bf89d0 0x7f0b17bf89d0
+B+: 0x7f0b17bf89d1 0x7f0b17bf89d5
+B+: 0x7f0b17bf89d6 0x7f0b17bf89d9
+B+: 0x7f0b17bf89e0 0x7f0b17bf89ff
+B+: 0x7f0b17bf8a00 0x7f0b17bf8a11
+B+: 0x7f0b17bf8a12 0x7f0b17bf8a16
+B+: 0x7f0b17bf8a20 0x7f0b17bf8a22
+B+: 0x7f0b17bf8a23 0x7f0b17bf8a2f
+B+: 0x7f0b17bf8a30 0x7f0b17bf8a33
+B+: 0x7f0b17bf8a34 0x7f0b17bf8a5d
+B+: 0x7f0b17bf8a5e 0x7f0b17bf8a62
+B+: 0x7f0b17bf8a63 0x7f0b17bf8a82
+B+: 0x7f0b17bf8ac0 0x7f0b17bf8ade
+B+: 0x7f0b17bf8adf 0x7f0b17bf8ae3
+B+: 0x7f0b17bf8ae4 0x7f0b17bf8ae8
+B+: 0x7f0b17bf8af0 0x7f0b17bf8af2
+B+: 0x7f0b17bf8af3 0x7f0b17bf8aff
+B+: 0x7f0b17bf8b00 0x7f0b17bf8b03
+B+: 0x7f0b17bf8b04 0x7f0b17bf8b3e
+B+: 0x7f0b17bf8b3f 0x7f0b17bf8b49
+B+: 0x7f0b17bf8b4a 0x7f0b17bf8b57
+B+: 0x7f0b17bf8b58 0x7f0b17bf8b5d
+B+: 0x7f0b17bf8b5e 0x7f0b17bf8b66
+B+: 0x7f0b17bf8b67 0x7f0b17bf8b70
+B+: 0x7f0b17bf8b71 0x7f0b17bf8b7a
+B+: 0x7f0b17bf8b7b 0x7f0b17bf8b9a
+B+: 0x7f0b17bf8b9b 0x7f0b17bf8ba3
+B+: 0x7f0b17bf8ba4 0x7f0b17bf8bbd
+B+: 0x7f0b17bf8bc0 0x7f0b17bf8bc5
+B+: 0x7f0b17bf8bc6 0x7f0b17bf8bcf
+B+: 0x7f0b17bf8bd0 0x7f0b17bf8bd9
+B+: 0x7f0b17bf8bda 0x7f0b17bf8bf7
+B+: 0x7f0b17bf8c08 0x7f0b17bf8c14
+B+: 0x7f0b17bf8c15 0x7f0b17bf8c1b
+B+: 0x7f0b17bf8c1c 0x7f0b17bf8c29
+B+: 0x7f0b17bf8cb0 0x7f0b17bf8cca
+B+: 0x7f0b17bf8ccb 0x7f0b17bf8cda
+B+: 0x7f0b17bf8cdb 0x7f0b17bf8ce6
+B+: 0x7f0b17bf8ce7 0x7f0b17bf8cef
+B+: 0x7f0b17bf8cf0 0x7f0b17bf8cf4
+B+: 0x7f0b17bf8cf5 0x7f0b17bf8cfc
+B+: 0x7f0b17bf8cfd 0x7f0b17bf8d10
+B+: 0x7f0b17bf8d11 0x7f0b17bf8d21
+B+: 0x7f0b17bf8d22 0x7f0b17bf8d26
+B+: 0x7f0b17bf8d27 0x7f0b17bf8d38
+B+: 0x7f0b17bf8d39 0x7f0b17bf8d4b
+B+: 0x7f0b17bf8d4c 0x7f0b17bf8d54
+B+: 0x7f0b17bf8d55 0x7f0b17bf8d5e
+B+: 0x7f0b17bf8d5f 0x7f0b17bf8d6d
+B+: 0x7f0b17bf8ea0 0x7f0b17bf8eb6
+B+: 0x7f0b17bf8eb7 0x7f0b17bf8ebb
+B+: 0x7f0b17bf8ebc 0x7f0b17bf8ec0
+B+: 0x7f0b17bf8ec8 0x7f0b17bf8ecb
+B+: 0x7f0b17bf8ecc 0x7f0b17bf8ed9
+B+: 0x7f0b17bf8eda 0x7f0b17bf8edd
+B+: 0x7f0b17bf8ede 0x7f0b17bf8f06
+B+: 0x7f0b17bf8f07 0x7f0b17bf8f10
+B+: 0x7f0b17bf8f11 0x7f0b17bf8f16
+B+: 0x7f0b17bf8f17 0x7f0b17bf8f24
+B+: 0x7f0b17bf8f25 0x7f0b17bf8f2d
+B+: 0x7f0b17bf9440 0x7f0b17bf946b
+B+: 0x7f0b17bf946c 0x7f0b17bf9470
+B+: 0x7f0b17bf9471 0x7f0b17bf9475
+B+: 0x7f0b17bf9536 0x7f0b17bf953e
+B+: 0x7f0b17bf953f 0x7f0b17bf9548
+B+: 0x7f0b17bf9549 0x7f0b17bf9551
+B+: 0x7f0b17bf95d0 0x7f0b17bf95e4
+B+: 0x7f0b17bf95e5 0x7f0b17bf9606
+B+: 0x7f0b17bf9607 0x7f0b17bf9610
+B+: 0x7f0b17bf9611 0x7f0b17bf9618
+B+: 0x7f0b17bf9640 0x7f0b17bf9648
+B+: 0x7f0b17bf9649 0x7f0b17bf9656
+B+: 0x7f0b17bf9657 0x7f0b17bf965f
+B+: 0x7f0b17bf9660 0x7f0b17bf9661
+B+: 0x7f0b17bf9760 0x7f0b17bf97aa
+B+: 0x7f0b17bf97ab 0x7f0b17bf97af
+B+: 0x7f0b17bf97b0 0x7f0b17bf97be
+B+: 0x7f0b17bf97c8 0x7f0b17bf97d3
+B+: 0x7f0b17bf97d4 0x7f0b17bf97d8
+B+: 0x7f0b17bf97d9 0x7f0b17bf97e0
+B+: 0x7f0b17bf97e1 0x7f0b17bf97e5
+B+: 0x7f0b17bf97e6 0x7f0b17bf97f3
+B+: 0x7f0b17bf97f4 0x7f0b17bf97fb
+B+: 0x7f0b17bf9800 0x7f0b17bf9810
+B+: 0x7f0b17bf9811 0x7f0b17bf9815
+B+: 0x7f0b17bf9816 0x7f0b17bf9832
+B+: 0x7f0b17bf9833 0x7f0b17bf9843
+B+: 0x7f0b17bf9844 0x7f0b17bf984f
+B+: 0x7f0b17bf9850 0x7f0b17bf9857
+B+: 0x7f0b17bf9858 0x7f0b17bf985c
+B+: 0x7f0b17bf985d 0x7f0b17bf9868
+B+: 0x7f0b17bf9869 0x7f0b17bf987b
+B+: 0x7f0b17bf987c 0x7f0b17bf9884
+B+: 0x7f0b17bf9888 0x7f0b17bf9897
+B+: 0x7f0b17bf9898 0x7f0b17bf989b
+B+: 0x7f0b17bf989c 0x7f0b17bf98b4
+B+: 0x7f0b17bf98b5 0x7f0b17bf98b8
+B+: 0x7f0b17bf98b9 0x7f0b17bf98c6
+B+: 0x7f0b17bf98c7 0x7f0b17bf98d5
+B+: 0x7f0b17bf9dc0 0x7f0b17bf9dec
+B+: 0x7f0b17bf9ded 0x7f0b17bf9df2
+B+: 0x7f0b17bf9df3 0x7f0b17bf9e04
+B+: 0x7f0b17bf9e05 0x7f0b17bf9e0d
+B+: 0x7f0b17bf9e0e 0x7f0b17bf9e1c
+CND+ 0x7f0b17be800e: taken
+CND+ 0x7f0b17be85ea: not taken
+CND+ 0x7f0b17be8626: not taken
+CND+ 0x7f0b17be863b: taken
+CND+ 0x7f0b17be8673: not taken
+CND+ 0x7f0b17be8687: not taken
+CND+ 0x7f0b17be8695: not taken
+CND+ 0x7f0b17be87e2: taken
+CND+ 0x7f0b17be8862: not taken
+CND+ 0x7f0b17be887c: both
+CND+ 0x7f0b17be88a9: not taken
+CND+ 0x7f0b17be8a5d: not taken
+CND+ 0x7f0b17be8a62: taken
+CND+ 0x7f0b17be96e6: not taken
+CND+ 0x7f0b17be9704: taken
+CND+ 0x7f0b17be971a: not taken
+CND+ 0x7f0b17be971f: taken
+CND+ 0x7f0b17be972f: taken
+CND+ 0x7f0b17be974c: not taken
+CND+ 0x7f0b17be9756: not taken
+CND+ 0x7f0b17be978f: not taken
+CND+ 0x7f0b17be979b: taken
+CND+ 0x7f0b17bea079: taken
+CND+ 0x7f0b17bea11b: not taken
+CND+ 0x7f0b17bea149: not taken
+CND+ 0x7f0b17bea158: not taken
+CND+ 0x7f0b17bea190: not taken
+CND+ 0x7f0b17bea1ce: taken
+CND+ 0x7f0b17beac20: not taken
+CND+ 0x7f0b17beac2d: taken
+CND+ 0x7f0b17beac48: not taken
+CND+ 0x7f0b17beac5f: both
+CND+ 0x7f0b17beac88: not taken
+CND+ 0x7f0b17beaed2: taken
+CND+ 0x7f0b17beaf55: not taken
+CND+ 0x7f0b17beaf7e: not taken
+CND+ 0x7f0b17beaf8a: not taken
+CND+ 0x7f0b17beaf93: both
+CND+ 0x7f0b17beafc4: not taken
+CND+ 0x7f0b17beafe2: both
+CND+ 0x7f0b17beaffb: taken
+CND+ 0x7f0b17beb05a: taken
+CND+ 0x7f0b17beb0af: not taken
+CND+ 0x7f0b17beb0b8: taken
+CND+ 0x7f0b17beb0e0: taken
+CND+ 0x7f0b17beb116: not taken
+CND+ 0x7f0b17beb15a: not taken
+CND+ 0x7f0b17beb163: taken
+CND+ 0x7f0b17beb21b: taken
+CND+ 0x7f0b17beb24a: taken
+CND+ 0x7f0b17beb27c: not taken
+CND+ 0x7f0b17beb36a: taken
+CND+ 0x7f0b17beb520: not taken
+CND+ 0x7f0b17beb529: not taken
+CND+ 0x7f0b17beb532: taken
+CND+ 0x7f0b17beb8eb: not taken
+CND+ 0x7f0b17beb906: both
+CND+ 0x7f0b17beb93d: not taken
+CND+ 0x7f0b17beb985: both
+CND+ 0x7f0b17beb9f6: taken
+CND+ 0x7f0b17beba20: both
+CND+ 0x7f0b17beba29: not taken
+CND+ 0x7f0b17beba33: not taken
+CND+ 0x7f0b17bebae4: not taken
+CND+ 0x7f0b17bebafb: taken
+CND+ 0x7f0b17bebb2a: both
+CND+ 0x7f0b17bebb30: both
+CND+ 0x7f0b17bebb40: taken
+CND+ 0x7f0b17bebb60: not taken
+CND+ 0x7f0b17bebb96: not taken
+CND+ 0x7f0b17bebbe5: taken
+CND+ 0x7f0b17bebda0: not taken
+CND+ 0x7f0b17bebda9: not taken
+CND+ 0x7f0b17bebdc8: both
+CND+ 0x7f0b17bebdd0: both
+CND+ 0x7f0b17bebe2e: taken
+CND+ 0x7f0b17bebe57: not taken
+CND+ 0x7f0b17bebeac: taken
+CND+ 0x7f0b17bebed8: taken
+CND+ 0x7f0b17bebfa3: not taken
+CND+ 0x7f0b17bebfc0: taken
+CND+ 0x7f0b17bec019: not taken
+CND+ 0x7f0b17bec065: not taken
+CND+ 0x7f0b17bec06f: not taken
+CND+ 0x7f0b17bec089: both
+CND+ 0x7f0b17bec09d: not taken
+CND+ 0x7f0b17bec0ab: taken
+CND+ 0x7f0b17bec14c: not taken
+CND+ 0x7f0b17bec156: taken
+CND+ 0x7f0b17bec1cc: taken
+CND+ 0x7f0b17bec1ee: taken
+CND+ 0x7f0b17bec811: both
+CND+ 0x7f0b17bec81b: not taken
+CND+ 0x7f0b17bec81f: not taken
+CND+ 0x7f0b17bec839: taken
+CND+ 0x7f0b17bec859: taken
+CND+ 0x7f0b17bec861: taken
+CND+ 0x7f0b17bed45f: taken
+CND+ 0x7f0b17bed626: not taken
+CND+ 0x7f0b17bed6ca: taken
+CND+ 0x7f0b17bed762: taken
+CND+ 0x7f0b17bee2a4: taken
+CND+ 0x7f0b17bee2bd: not taken
+CND+ 0x7f0b17bee2cd: not taken
+CND+ 0x7f0b17bee30f: taken
+CND+ 0x7f0b17bee327: taken
+CND+ 0x7f0b17bee33a: not taken
+CND+ 0x7f0b17bee343: taken
+CND+ 0x7f0b17bee381: not taken
+CND+ 0x7f0b17bee3d6: taken
+CND+ 0x7f0b17bee3e7: taken
+CND+ 0x7f0b17bee895: not taken
+CND+ 0x7f0b17bee8a8: not taken
+CND+ 0x7f0b17bee8d2: not taken
+CND+ 0x7f0b17bee907: not taken
+CND+ 0x7f0b17bee942: taken
+CND+ 0x7f0b17bee953: not taken
+CND+ 0x7f0b17bee963: taken
+CND+ 0x7f0b17beea7b: not taken
+CND+ 0x7f0b17beedbc: both
+CND+ 0x7f0b17beedc9: both
+CND+ 0x7f0b17beee03: not taken
+CND+ 0x7f0b17beee0d: not taken
+CND+ 0x7f0b17beee18: taken
+CND+ 0x7f0b17bef1a1: not taken
+CND+ 0x7f0b17bef1ab: not taken
+CND+ 0x7f0b17bef1e4: taken
+CND+ 0x7f0b17bef1f2: taken
+CND+ 0x7f0b17bef20a: not taken
+CND+ 0x7f0b17bef225: not taken
+CND+ 0x7f0b17bef22f: not taken
+CND+ 0x7f0b17bef247: taken
+CND+ 0x7f0b17bef533: taken
+CND+ 0x7f0b17bef582: taken
+CND+ 0x7f0b17bef655: taken
+CND+ 0x7f0b17bef698: taken
+CND+ 0x7f0b17bef703: not taken
+CND+ 0x7f0b17bef70c: taken
+CND+ 0x7f0b17bef725: not taken
+CND+ 0x7f0b17bef742: not taken
+CND+ 0x7f0b17bef75a: not taken
+CND+ 0x7f0b17bef765: not taken
+CND+ 0x7f0b17bef792: not taken
+CND+ 0x7f0b17bef797: taken
+CND+ 0x7f0b17bef7a9: taken
+CND+ 0x7f0b17bef7ad: not taken
+CND+ 0x7f0b17bef7bc: taken
+CND+ 0x7f0b17bef7ce: taken
+CND+ 0x7f0b17bef848: taken
+CND+ 0x7f0b17bef889: not taken
+CND+ 0x7f0b17bef89b: not taken
+CND+ 0x7f0b17bef8a8: taken
+CND+ 0x7f0b17befc2f: not taken
+CND+ 0x7f0b17befc57: taken
+CND+ 0x7f0b17befc65: not taken
+CND+ 0x7f0b17befc6e: taken
+CND+ 0x7f0b17befc86: not taken
+CND+ 0x7f0b17befcae: taken
+CND+ 0x7f0b17bf0366: taken
+CND+ 0x7f0b17bf09d6: taken
+CND+ 0x7f0b17bf0a31: not taken
+CND+ 0x7f0b17bf0a51: taken
+CND+ 0x7f0b17bf0aad: not taken
+CND+ 0x7f0b17bf0ab5: taken
+CND+ 0x7f0b17bf0b00: taken
+CND+ 0x7f0b17bf0b5a: not taken
+CND+ 0x7f0b17bf0b62: not taken
+CND+ 0x7f0b17bf0b6b: not taken
+CND+ 0x7f0b17bf0b75: not taken
+CND+ 0x7f0b17bf0b7f: taken
+CND+ 0x7f0b17bf0b9b: taken
+CND+ 0x7f0b17bf0c3c: taken
+CND+ 0x7f0b17bf0ed9: not taken
+CND+ 0x7f0b17bf0ee6: not taken
+CND+ 0x7f0b17bf0f01: not taken
+CND+ 0x7f0b17bf0f1a: not taken
+CND+ 0x7f0b17bf0f20: not taken
+CND+ 0x7f0b17bf0f26: taken
+CND+ 0x7f0b17bf176c: not taken
+CND+ 0x7f0b17bf178c: not taken
+CND+ 0x7f0b17bf17d8: both
+CND+ 0x7f0b17bf17e1: taken
+CND+ 0x7f0b17bf1806: not taken
+CND+ 0x7f0b17bf1840: not taken
+CND+ 0x7f0b17bf184a: not taken
+CND+ 0x7f0b17bf1965: both
+CND+ 0x7f0b17bf1989: not taken
+CND+ 0x7f0b17bf19b2: not taken
+CND+ 0x7f0b17bf19bc: not taken
+CND+ 0x7f0b17bf19e3: not taken
+CND+ 0x7f0b17bf1a13: taken
+CND+ 0x7f0b17bf1afd: not taken
+CND+ 0x7f0b17bf1b1a: not taken
+CND+ 0x7f0b17bf1b61: taken
+CND+ 0x7f0b17bf2711: not taken
+CND+ 0x7f0b17bf271d: not taken
+CND+ 0x7f0b17bf2722: not taken
+CND+ 0x7f0b17bf2748: not taken
+CND+ 0x7f0b17bf274c: not taken
+CND+ 0x7f0b17bf275f: not taken
+CND+ 0x7f0b17bf27a4: not taken
+CND+ 0x7f0b17bf28f3: both
+CND+ 0x7f0b17bf290f: both
+CND+ 0x7f0b17bf2911: not taken
+CND+ 0x7f0b17bf291a: taken
+CND+ 0x7f0b17bf2a92: not taken
+CND+ 0x7f0b17bf2aba: not taken
+CND+ 0x7f0b17bf2ad5: both
+CND+ 0x7f0b17bf2ade: taken
+CND+ 0x7f0b17bf2af7: not taken
+CND+ 0x7f0b17bf2b01: not taken
+CND+ 0x7f0b17bf2b05: not taken
+CND+ 0x7f0b17bf2b19: taken
+CND+ 0x7f0b17bf2c50: not taken
+CND+ 0x7f0b17bf2c62: taken
+CND+ 0x7f0b17bf2db1: not taken
+CND+ 0x7f0b17bf2dea: both
+CND+ 0x7f0b17bf2e13: not taken
+CND+ 0x7f0b17bf2e20: taken
+CND+ 0x7f0b17bf2e2d: not taken
+CND+ 0x7f0b17bf2e43: not taken
+CND+ 0x7f0b17bf2e4f: both
+CND+ 0x7f0b17bf2e58: not taken
+CND+ 0x7f0b17bf2e72: taken
+CND+ 0x7f0b17bf2ee7: taken
+CND+ 0x7f0b17bf375d: both
+CND+ 0x7f0b17bf376f: not taken
+CND+ 0x7f0b17bf3782: both
+CND+ 0x7f0b17bf3787: both
+CND+ 0x7f0b17bf3795: both
+CND+ 0x7f0b17bf38b1: not taken
+CND+ 0x7f0b17bf38dc: not taken
+CND+ 0x7f0b17bf38ea: not taken
+CND+ 0x7f0b17bf38ec: both
+CND+ 0x7f0b17bf38f5: not taken
+CND+ 0x7f0b17bf38fb: taken
+CND+ 0x7f0b17bf3943: not taken
+CND+ 0x7f0b17bf394c: taken
+CND+ 0x7f0b17bf3983: not taken
+CND+ 0x7f0b17bf3989: both
+CND+ 0x7f0b17bf3990: not taken
+CND+ 0x7f0b17bf39ab: taken
+CND+ 0x7f0b17bf3a0b: taken
+CND+ 0x7f0b17bf3b10: both
+CND+ 0x7f0b17bf3b1c: not taken
+CND+ 0x7f0b17bf3b21: both
+CND+ 0x7f0b17bf3b2f: not taken
+CND+ 0x7f0b17bf3b37: both
+CND+ 0x7f0b17bf3b44: both
+CND+ 0x7f0b17bf3b5e: taken
+CND+ 0x7f0b17bf3b92: both
+CND+ 0x7f0b17bf3b9b: taken
+CND+ 0x7f0b17bf3bfb: taken
+CND+ 0x7f0b17bf3d68: both
+CND+ 0x7f0b17bf3d71: taken
+CND+ 0x7f0b17bf3d8b: not taken
+CND+ 0x7f0b17bf3da3: taken
+CND+ 0x7f0b17bf3ddd: taken
+CND+ 0x7f0b17bf3e02: not taken
+CND+ 0x7f0b17bf3e0b: taken
+CND+ 0x7f0b17bf3e2f: not taken
+CND+ 0x7f0b17bf3e35: taken
+CND+ 0x7f0b17bf3e4f: not taken
+CND+ 0x7f0b17bf3e58: both
+CND+ 0x7f0b17bf3f7d: not taken
+CND+ 0x7f0b17bf402c: not taken
+CND+ 0x7f0b17bf40c7: not taken
+CND+ 0x7f0b17bf40d0: both
+CND+ 0x7f0b17bf40d9: not taken
+CND+ 0x7f0b17bf45a7: both
+CND+ 0x7f0b17bf45ed: not taken
+CND+ 0x7f0b17bf45f2: taken
+CND+ 0x7f0b17bf4682: not taken
+CND+ 0x7f0b17bf46a1: not taken
+CND+ 0x7f0b17bf47bb: not taken
+CND+ 0x7f0b17bf4835: not taken
+CND+ 0x7f0b17bf4870: not taken
+CND+ 0x7f0b17bf488e: not taken
+CND+ 0x7f0b17bf489e: not taken
+CND+ 0x7f0b17bf49ca: both
+CND+ 0x7f0b17bf49ea: taken
+CND+ 0x7f0b17bf49f6: taken
+CND+ 0x7f0b17bf4a15: taken
+CND+ 0x7f0b17bf4a38: not taken
+CND+ 0x7f0b17bf4a48: taken
+CND+ 0x7f0b17bf4abb: not taken
+CND+ 0x7f0b17bf514f: not taken
+CND+ 0x7f0b17bf516f: not taken
+CND+ 0x7f0b17bf517e: taken
+CND+ 0x7f0b17bf5a5f: taken
+CND+ 0x7f0b17bf5b46: not taken
+CND+ 0x7f0b17bf5b50: taken
+CND+ 0x7f0b17bf5b69: taken
+CND+ 0x7f0b17bf5b93: taken
+CND+ 0x7f0b17bf5d2b: taken
+CND+ 0x7f0b17bf5e50: not taken
+CND+ 0x7f0b17bf6227: taken
+CND+ 0x7f0b17bf625f: not taken
+CND+ 0x7f0b17bf6278: taken
+CND+ 0x7f0b17bf62b9: not taken
+CND+ 0x7f0b17bf62d7: taken
+CND+ 0x7f0b17bf630b: taken
+CND+ 0x7f0b17bf6383: taken
+CND+ 0x7f0b17bf63e2: taken
+CND+ 0x7f0b17bf6456: taken
+CND+ 0x7f0b17bf6488: both
+CND+ 0x7f0b17bf648c: not taken
+CND+ 0x7f0b17bf6493: not taken
+CND+ 0x7f0b17bf6498: both
+CND+ 0x7f0b17bf64e0: not taken
+CND+ 0x7f0b17bf6512: not taken
+CND+ 0x7f0b17bf6519: taken
+CND+ 0x7f0b17bf6548: not taken
+CND+ 0x7f0b17bf654d: not taken
+CND+ 0x7f0b17bf65c9: not taken
+CND+ 0x7f0b17bf65d7: taken
+CND+ 0x7f0b17bf66f8: taken
+CND+ 0x7f0b17bf67b9: not taken
+CND+ 0x7f0b17bf6830: not taken
+CND+ 0x7f0b17bf6846: taken
+CND+ 0x7f0b17bf686e: not taken
+CND+ 0x7f0b17bf6b09: not taken
+CND+ 0x7f0b17bf6b13: not taken
+CND+ 0x7f0b17bf6c18: taken
+CND+ 0x7f0b17bf6c9d: not taken
+CND+ 0x7f0b17bf6dfa: taken
+CND+ 0x7f0b17bf8946: both
+CND+ 0x7f0b17bf8963: both
+CND+ 0x7f0b17bf8968: not taken
+CND+ 0x7f0b17bf896e: not taken
+CND+ 0x7f0b17bf8986: not taken
+CND+ 0x7f0b17bf898b: both
+CND+ 0x7f0b17bf899a: both
+CND+ 0x7f0b17bf899f: both
+CND+ 0x7f0b17bf89ac: both
+CND+ 0x7f0b17bf89b7: both
+CND+ 0x7f0b17bf89c4: not taken
+CND+ 0x7f0b17bf8a10: not taken
+CND+ 0x7f0b17bf8a15: taken
+CND+ 0x7f0b17bf8a2e: both
+CND+ 0x7f0b17bf8a32: both
+CND+ 0x7f0b17bf8a5c: both
+CND+ 0x7f0b17bf8add: not taken
+CND+ 0x7f0b17bf8ae2: not taken
+CND+ 0x7f0b17bf8afe: not taken
+CND+ 0x7f0b17bf8b02: both
+CND+ 0x7f0b17bf8b48: both
+CND+ 0x7f0b17bf8b52: not taken
+CND+ 0x7f0b17bf8b5c: not taken
+CND+ 0x7f0b17bf8b65: both
+CND+ 0x7f0b17bf8b6b: taken
+CND+ 0x7f0b17bf8b75: not taken
+CND+ 0x7f0b17bf8b95: not taken
+CND+ 0x7f0b17bf8ba2: not taken
+CND+ 0x7f0b17bf8bc4: not taken
+CND+ 0x7f0b17bf8bce: not taken
+CND+ 0x7f0b17bf8bf6: taken
+CND+ 0x7f0b17bf8c24: taken
+CND+ 0x7f0b17bf8ce1: not taken
+CND+ 0x7f0b17bf8cea: not taken
+CND+ 0x7f0b17bf8cf3: not taken
+CND+ 0x7f0b17bf8d25: not taken
+CND+ 0x7f0b17bf8d53: not taken
+CND+ 0x7f0b17bf8d5d: not taken
+CND+ 0x7f0b17bf8eb5: not taken
+CND+ 0x7f0b17bf8eba: not taken
+CND+ 0x7f0b17bf8ed8: both
+CND+ 0x7f0b17bf8edc: taken
+CND+ 0x7f0b17bf8f0f: not taken
+CND+ 0x7f0b17bf8f15: not taken
+CND+ 0x7f0b17bf946f: not taken
+CND+ 0x7f0b17bf953d: not taken
+CND+ 0x7f0b17bf9547: not taken
+CND+ 0x7f0b17bf9605: not taken
+CND+ 0x7f0b17bf960f: not taken
+CND+ 0x7f0b17bf9647: not taken
+CND+ 0x7f0b17bf965e: not taken
+CND+ 0x7f0b17bf97bd: taken
+CND+ 0x7f0b17bf97d2: taken
+CND+ 0x7f0b17bf97df: not taken
+CND+ 0x7f0b17bf97e4: both
+CND+ 0x7f0b17bf97fa: taken
+CND+ 0x7f0b17bf9856: not taken
+CND+ 0x7f0b17bf985b: taken
+CND+ 0x7f0b17bf987a: not taken
+CND+ 0x7f0b17bf989a: not taken
+CND+ 0x7f0b17bf98b7: not taken
+CND+ 0x7f0b17bf98c5: not taken
+CND+ 0x7f0b17bf98d4: taken
+CND+ 0x7f0b17bf9df1: not taken
+CND+ 0x7f0b17bf9e0c: not taken
@0x7f0b17bf8c19 to 0x7f0b17bec7d0 1
@0x7f0b17bf8c19 to 0x7f0b17bf3120 1
@0x7f0b17be8050 to 0x7f0b1b721a30 4
@0x7f0b17be8080 to 0x7f0b1b6c1330 2
@0x7f0b17be8090 to 0x7f0b1b763710 1
@0x7f0b17be80a0 to 0x7f0b1b739e70 5
@0x7f0b17be80d0 to 0x7f0b1b6d4a20 7
@0x7f0b17be80f0 to 0x7f0b1b7f8800 4
@0x7f0b17be8130 to 0x7f0b1b7641e0 1
@0x7f0b17be8140 to 0x7f0b1b6d8c10 1
@0x7f0b17be8150 to 0x7f0b1b786800 4
@0x7f0b17be8160 to 0x7f0b1b763230 1
@0x7f0b17be8190 to 0x7f0b1b7f8bc0 8
@0x7f0b17be81c0 to 0x7f0b1b764200 1
@0x7f0b17be81e0 to 0x7f0b1b7f85d0 1
@0x7f0b17be8220 to 0x7f0b1b764210 2
@0x7f0b17be8230 to 0x7f0b1b787b10 1
@0x7f0b17bea16e to 0x7f0b17bea1c0 1
@0x7f0b17be8280 to 0x7f0b1b7f3d10 12
@0x7f0b17be82a0 to 0x7f0b1b6d4450 4
@0x7f0b17bea1ac to 0x7f0b17beae90 1
@0x7f0b17be82d0 to 0x7f0b1b7f4100 9
@0x7f0b17be8320 to 0x7f0b1b6d50f0 4
@0x7f0b17be8330 to 0x7f0b1b7f9100 6
@0x7f0b17be8350 to 0x7f0b1b764220 1
@0x7f0b17be8370 to 0x7f0b1b786800 2
@0x7f0b17be8390 to 0x7f0b1b7213e0 23
@0x7f0b17be83b0 to 0x7f0b1b764230 1
@0x7f0b17be83c0 to 0x7f0b1b7f3e90 24
@0x7f0b17be83e0 to 0x7f0b1b7a4ba0 1
@0x7f0b17be8410 to 0x7f0b1b721c80 1
@0x7f0b17be8460 to 0x7f0b1b7f90e0 14
@0x7f0b17be8510 to 0x7f0b1b7641f0 1
@0x7f0b17be8560 to 0x7f0b1b7634e0 1
@0x7f0b17be8570 to 0x7f0b1b6cd580 191
@0x7f0b17bf3f91 to 0x7f0b17bf4075 1
@0x7f0b17be8784 to 0x7f0b1b6c0fb0 1
@0x7f0b17bf9e01 to 0x7f0b17be8840 1
@0x7f0b17bf655f to 0x7f0b17bf6580 1
@0x7f0b17bf655f to 0x7f0b17bf65c0 1
@0x7f0b17bf655f to 0x7f0b17bf65a8 2
@0x7f0b17bf48af to 0x7f0b17bf4a01 201
@0x7f0b17bf48af to 0x7f0b17bf49f0 11
@0x7f0b17bf48af to 0x7f0b17bf4a28 1
