MODULE_NAME: /usr/bin/gs
MODULE_START: 0x7f6bf2c2a000
+B+: 0x7f6bf2c2b000 0x7f6bf2c2b00f
+B+: 0x7f6bf2c2b012 0x7f6bf2c2b016
+B+: 0x7f6bf2c2b020 0x7f6bf2c2b02b
+B+: 0x7f6bf2c2b030 0x7f6bf2c2b035
+B+: 0x7f6bf2c2b036 0x7f6bf2c2b03f
+B+: 0x7f6bf2c2b040 0x7f6bf2c2b045
+B+: 0x7f6bf2c2b046 0x7f6bf2c2b04f
+B+: 0x7f6bf2c2b050 0x7f6bf2c2b055
+B+: 0x7f6bf2c2b056 0x7f6bf2c2b05f
+B+: 0x7f6bf2c2b090 0x7f6bf2c2b095
+B+: 0x7f6bf2c2b096 0x7f6bf2c2b09f
+B+: 0x7f6bf2c2b0b0 0x7f6bf2c2b0b5
+B+: 0x7f6bf2c2b0b6 0x7f6bf2c2b0bf
+B+: 0x7f6bf2c2b0c0 0x7f6bf2c2b0c5
+B+: 0x7f6bf2c2b0c6 0x7f6bf2c2b0cf
+B+: 0x7f6bf2c2b0d0 0x7f6bf2c2b0d5
+B+: 0x7f6bf2c2b0d6 0x7f6bf2c2b0df
+B+: 0x7f6bf2c2b0e0 0x7f6bf2c2b0e5
+B+: 0x7f6bf2c2b0f0 0x7f6bf2c2b121
+B+: 0x7f6bf2c2b122 0x7f6bf2c2b127
+B+: 0x7f6bf2c2b128 0x7f6bf2c2b130
+B+: 0x7f6bf2c2b131 0x7f6bf2c2b132
+B+: 0x7f6bf2c2b133 0x7f6bf2c2b137
+B+: 0x7f6bf2c2b138 0x7f6bf2c2b152
+B+: 0x7f6bf2c2b153 0x7f6bf2c2b15b
+B+: 0x7f6bf2c2b184 0x7f6bf2c2b1a2
+B+: 0x7f6bf2c2b1a3 0x7f6bf2c2b1b1
+B+: 0x7f6bf2c2b1b2 0x7f6bf2c2b1b7
+B+: 0x7f6bf2c2b1b8 0x7f6bf2c2b1c1
+B+: 0x7f6bf2c2b1c2 0x7f6bf2c2b1c5
+B+: 0x7f6bf2c2b1c6 0x7f6bf2c2b1ca
+B+: 0x7f6bf2c2b1cb 0x7f6bf2c2b1d6
+B+: 0x7f6bf2c2b1d7 0x7f6bf2c2b1db
+B+: 0x7f6bf2c2b220 0x7f6bf2c2b249
+B+: 0x7f6bf2c2b250 0x7f6bf2c2b262
+B+: 0x7f6bf2c2b278 0x7f6bf2c2b278
+B+: 0x7f6bf2c2b280 0x7f6bf2c2b2a3
+B+: 0x7f6bf2c2b2b8 0x7f6bf2c2b2b8
+B+: 0x7f6bf2c2b2c0 0x7f6bf2c2b2c8
+B+: 0x7f6bf2c2b2c9 0x7f6bf2c2b2d6
+B+: 0x7f6bf2c2b2d7 0x7f6bf2c2b2e2
+B+: 0x7f6bf2c2b2e3 0x7f6bf2c2b2e7
+B+: 0x7f6bf2c2b2e8 0x7f6bf2c2b2f0
+B+: 0x7f6bf2c2b300 0x7f6bf2c2b304
+B+: 0x7f6bf2c2b350 0x7f6bf2c2b373
+B+: 0x7f6bf2c2b374 0x7f6bf2c2b37c
+B+: 0x7f6bf2c2b37d 0x7f6bf2c2b385
+B+: 0x7f6bf2c2b3c0 0x7f6bf2c2b3ec
+B+: 0x7f6bf2c2b3ed 0x7f6bf2c2b3f2
+B+: 0x7f6bf2c2b3f3 0x7f6bf2c2b404
+B+: 0x7f6bf2c2b405 0x7f6bf2c2b40d
+B+: 0x7f6bf2c2b40e 0x7f6bf2c2b41c
+B+: 0x7f6bf2c2b424 0x7f6bf2c2b42c
+CND+ 0x7f6bf2c2b00e: taken
+CND+ 0x7f6bf2c2b126: taken
+CND+ 0x7f6bf2c2b12b: not taken
+CND+ 0x7f6bf2c2b131: not taken
+CND+ 0x7f6bf2c2b136: not taken
+CND+ 0x7f6bf2c2b14d: not taken
+CND+ 0x7f6bf2c2b1b6: not taken
+CND+ 0x7f6bf2c2b1c4: not taken
+CND+ 0x7f6bf2c2b1c9: not taken
+CND+ 0x7f6bf2c2b261: taken
+CND+ 0x7f6bf2c2b2a2: taken
+CND+ 0x7f6bf2c2b2c7: not taken
+CND+ 0x7f6bf2c2b2d5: not taken
+CND+ 0x7f6bf2c2b3f1: not taken
+CND+ 0x7f6bf2c2b40c: not taken
@0x7f6bf2c2b026 to 0x7f6bf6c1a500 7
@0x7f6bf2c2b030 to 0x7f6bf2c2b036 1
@0x7f6bf2c2b040 to 0x7f6bf2c2b046 1
@0x7f6bf2c2b050 to 0x7f6bf2c2b056 1
@0x7f6bf2c2b090 to 0x7f6bf2c2b096 1
@0x7f6bf2c2b0b0 to 0x7f6bf2c2b0b6 1
@0x7f6bf2c2b0c0 to 0x7f6bf2c2b0c6 1
@0x7f6bf2c2b0d0 to 0x7f6bf2c2b0d6 1
@0x7f6bf2c2b0e0 to 0x7f6bf57801c0 1
@0x7f6bf2c2b244 to 0x7f6bf5769fb0 1
@0x7f6bf2c2b401 to 0x7f6bf2c2b300 1
