MODULE_NAME: /usr/bin/gs
MODULE_START: 0x7f70e8918000
+B+: 0x7f70e8919000 0x7f70e891900f
+B+: 0x7f70e8919012 0x7f70e8919016
+B+: 0x7f70e8919020 0x7f70e891902b
+B+: 0x7f70e8919030 0x7f70e8919035
+B+: 0x7f70e8919036 0x7f70e891903f
+B+: 0x7f70e8919040 0x7f70e8919045
+B+: 0x7f70e8919046 0x7f70e891904f
+B+: 0x7f70e8919050 0x7f70e8919055
+B+: 0x7f70e8919056 0x7f70e891905f
+B+: 0x7f70e89190b0 0x7f70e89190b5
+B+: 0x7f70e89190b6 0x7f70e89190bf
+B+: 0x7f70e89190c0 0x7f70e89190c5
+B+: 0x7f70e89190c6 0x7f70e89190cf
+B+: 0x7f70e89190e0 0x7f70e89190e5
+B+: 0x7f70e89190f0 0x7f70e8919121
+B+: 0x7f70e8919122 0x7f70e8919127
+B+: 0x7f70e8919128 0x7f70e8919130
+B+: 0x7f70e8919131 0x7f70e8919132
+B+: 0x7f70e8919133 0x7f70e8919137
+B+: 0x7f70e891913d 0x7f70e8919152
+B+: 0x7f70e8919153 0x7f70e891915b
+B+: 0x7f70e8919178 0x7f70e8919183
+B+: 0x7f70e8919184 0x7f70e89191a2
+B+: 0x7f70e89191a3 0x7f70e89191b1
+B+: 0x7f70e89191b2 0x7f70e89191b7
+B+: 0x7f70e89191b8 0x7f70e89191c1
+B+: 0x7f70e89191c2 0x7f70e89191c5
+B+: 0x7f70e89191c6 0x7f70e89191ca
+B+: 0x7f70e89191cb 0x7f70e89191d6
+B+: 0x7f70e89191d7 0x7f70e89191db
+B+: 0x7f70e89191dc 0x7f70e89191e0
+B+: 0x7f70e8919213 0x7f70e8919216
+B+: 0x7f70e8919220 0x7f70e8919249
+B+: 0x7f70e8919250 0x7f70e8919262
+B+: 0x7f70e8919278 0x7f70e8919278
+B+: 0x7f70e8919280 0x7f70e89192a3
+B+: 0x7f70e89192b8 0x7f70e89192b8
+B+: 0x7f70e89192c0 0x7f70e89192c8
+B+: 0x7f70e89192c9 0x7f70e89192d6
+B+: 0x7f70e89192d7 0x7f70e89192e2
+B+: 0x7f70e89192e3 0x7f70e89192e7
+B+: 0x7f70e89192e8 0x7f70e89192f0
+B+: 0x7f70e8919300 0x7f70e8919304
+B+: 0x7f70e89193c0 0x7f70e89193ec
+B+: 0x7f70e89193ed 0x7f70e89193f2
+B+: 0x7f70e89193f3 0x7f70e8919404
+B+: 0x7f70e8919405 0x7f70e891940d
+B+: 0x7f70e891940e 0x7f70e891941c
+B+: 0x7f70e8919424 0x7f70e891942c
+CND+ 0x7f70e891900e: taken
+CND+ 0x7f70e8919126: taken
+CND+ 0x7f70e891912b: not taken
+CND+ 0x7f70e8919131: not taken
+CND+ 0x7f70e8919136: taken
+CND+ 0x7f70e891914d: not taken
+CND+ 0x7f70e89191b6: not taken
+CND+ 0x7f70e89191c4: not taken
+CND+ 0x7f70e89191c9: taken
+CND+ 0x7f70e89191df: taken
+CND+ 0x7f70e8919261: taken
+CND+ 0x7f70e89192a2: taken
+CND+ 0x7f70e89192c7: not taken
+CND+ 0x7f70e89192d5: not taken
+CND+ 0x7f70e89193f1: not taken
+CND+ 0x7f70e891940c: not taken
@0x7f70e8919401 to 0x7f70e8919300 1
@0x7f70e8919026 to 0x7f70ec908500 5
@0x7f70e8919030 to 0x7f70e8919036 1
@0x7f70e8919040 to 0x7f70e8919046 1
@0x7f70e8919050 to 0x7f70e8919056 1
@0x7f70e89190b0 to 0x7f70e89190b6 1
@0x7f70e89190c0 to 0x7f70e89190c6 1
@0x7f70e89190e0 to 0x7f70eb46e1c0 1
@0x7f70e8919244 to 0x7f70eb457fb0 1
