MODULE_NAME: /bin/dash
MODULE_START: 0x7f64df8cd000
+B+: 0x7f64df8d1000 0x7f64df8d100f
+B+: 0x7f64df8d1012 0x7f64df8d1016
+B+: 0x7f64df8d1050 0x7f64df8d1055
+B+: 0x7f64df8d1080 0x7f64df8d1085
+B+: 0x7f64df8d1090 0x7f64df8d1095
+B+: 0x7f64df8d10a0 0x7f64df8d10a5
+B+: 0x7f64df8d10d0 0x7f64df8d10d5
+B+: 0x7f64df8d10f0 0x7f64df8d10f5
+B+: 0x7f64df8d1130 0x7f64df8d1135
+B+: 0x7f64df8d1140 0x7f64df8d1145
+B+: 0x7f64df8d1150 0x7f64df8d1155
+B+: 0x7f64df8d1160 0x7f64df8d1165
+B+: 0x7f64df8d1190 0x7f64df8d1195
+B+: 0x7f64df8d11c0 0x7f64df8d11c5
+B+: 0x7f64df8d11e0 0x7f64df8d11e5
+B+: 0x7f64df8d1220 0x7f64df8d1225
+B+: 0x7f64df8d1230 0x7f64df8d1235
+B+: 0x7f64df8d1280 0x7f64df8d1285
+B+: 0x7f64df8d12a0 0x7f64df8d12a5
+B+: 0x7f64df8d12d0 0x7f64df8d12d5
+B+: 0x7f64df8d1320 0x7f64df8d1325
+B+: 0x7f64df8d1330 0x7f64df8d1335
+B+: 0x7f64df8d1350 0x7f64df8d1355
+B+: 0x7f64df8d1370 0x7f64df8d1375
+B+: 0x7f64df8d1390 0x7f64df8d1395
+B+: 0x7f64df8d13b0 0x7f64df8d13b5
+B+: 0x7f64df8d13c0 0x7f64df8d13c5
+B+: 0x7f64df8d13e0 0x7f64df8d13e5
+B+: 0x7f64df8d1410 0x7f64df8d1415
+B+: 0x7f64df8d1460 0x7f64df8d1465
+B+: 0x7f64df8d1510 0x7f64df8d1515
+B+: 0x7f64df8d1560 0x7f64df8d1565
+B+: 0x7f64df8d1570 0x7f64df8d1575
+B+: 0x7f64df8d1590 0x7f64df8d15b8
+B+: 0x7f64df8d15b9 0x7f64df8d15c4
+B+: 0x7f64df8d15c5 0x7f64df8d15cf
+B+: 0x7f64df8d15d0 0x7f64df8d15e7
+B+: 0x7f64df8d15e8 0x7f64df8d15ef
+B+: 0x7f64df8d15f0 0x7f64df8d1600
+B+: 0x7f64df8d1601 0x7f64df8d160b
+B+: 0x7f64df8d160c 0x7f64df8d1615
+B+: 0x7f64df8d1616 0x7f64df8d1623
+B+: 0x7f64df8d1624 0x7f64df8d162b
+B+: 0x7f64df8d162c 0x7f64df8d163c
+B+: 0x7f64df8d1657 0x7f64df8d1660
+B+: 0x7f64df8d1661 0x7f64df8d1678
+B+: 0x7f64df8d1679 0x7f64df8d167f
+B+: 0x7f64df8d1680 0x7f64df8d168c
+B+: 0x7f64df8d168d 0x7f64df8d1696
+B+: 0x7f64df8d1697 0x7f64df8d169b
+B+: 0x7f64df8d1760 0x7f64df8d1789
+B+: 0x7f64df8d17c0 0x7f64df8d17e3
+B+: 0x7f64df8d17f8 0x7f64df8d17f8
+B+: 0x7f64df8d1840 0x7f64df8d1844
+B+: 0x7f64df8d1850 0x7f64df8d1863
+B+: 0x7f64df8d1864 0x7f64df8d186f
+B+: 0x7f64df8d1870 0x7f64df8d187d
+B+: 0x7f64df8d187e 0x7f64df8d18aa
+B+: 0x7f64df8d18ab 0x7f64df8d18ac
+B+: 0x7f64df8d18cb 0x7f64df8d18d2
+B+: 0x7f64df8d1a50 0x7f64df8d1a57
+B+: 0x7f64df8d1a58 0x7f64df8d1a5e
+B+: 0x7f64df8d1a5f 0x7f64df8d1a63
+B+: 0x7f64df8d1a71 0x7f64df8d1a72
+B+: 0x7f64df8d26d0 0x7f64df8d26eb
+B+: 0x7f64df8d26ec 0x7f64df8d2705
+B+: 0x7f64df8d2717 0x7f64df8d271b
+B+: 0x7f64df8d271c 0x7f64df8d2720
+B+: 0x7f64df8d272c 0x7f64df8d2730
+B+: 0x7f64df8d273e 0x7f64df8d274d
+B+: 0x7f64df8d274e 0x7f64df8d2757
+B+: 0x7f64df8d2758 0x7f64df8d2775
+B+: 0x7f64df8d2780 0x7f64df8d2788
+B+: 0x7f64df8d2789 0x7f64df8d2790
+B+: 0x7f64df8d2791 0x7f64df8d279c
+B+: 0x7f64df8d3060 0x7f64df8d307e
+B+: 0x7f64df8d310d 0x7f64df8d311c
+B+: 0x7f64df8d311d 0x7f64df8d3123
+B+: 0x7f64df8d3140 0x7f64df8d314a
+B+: 0x7f64df8d314b 0x7f64df8d3152
+B+: 0x7f64df8d3153 0x7f64df8d315d
+B+: 0x7f64df8d315e 0x7f64df8d316f
+B+: 0x7f64df8d3188 0x7f64df8d318c
+B+: 0x7f64df8d318d 0x7f64df8d3191
+B+: 0x7f64df8d3192 0x7f64df8d319c
+B+: 0x7f64df8d31a7 0x7f64df8d31ad
+B+: 0x7f64df8d31ae 0x7f64df8d31b5
+B+: 0x7f64df8d31c0 0x7f64df8d31cf
+B+: 0x7f64df8d3bc0 0x7f64df8d3bfa
+B+: 0x7f64df8d3bfb 0x7f64df8d3c07
+B+: 0x7f64df8d3c08 0x7f64df8d3c0f
+B+: 0x7f64df8d3c10 0x7f64df8d3c11
+B+: 0x7f64df8d3c18 0x7f64df8d3c21
+B+: 0x7f64df8d3c22 0x7f64df8d3c2e
+B+: 0x7f64df8d3c32 0x7f64df8d3c39
+B+: 0x7f64df8d3c3a 0x7f64df8d3c49
+B+: 0x7f64df8d3c4a 0x7f64df8d3c51
+B+: 0x7f64df8d3c52 0x7f64df8d3c58
+B+: 0x7f64df8d3c59 0x7f64df8d3c60
+B+: 0x7f64df8d3c61 0x7f64df8d3c68
+B+: 0x7f64df8d3c69 0x7f64df8d3c6d
+B+: 0x7f64df8d3c6e 0x7f64df8d3c77
+B+: 0x7f64df8d3c78 0x7f64df8d3c89
+B+: 0x7f64df8d3c8a 0x7f64df8d3c98
+B+: 0x7f64df8d3e90 0x7f64df8d3ed3
+B+: 0x7f64df8d3edf 0x7f64df8d3ef5
+B+: 0x7f64df8d3ef6 0x7f64df8d3efa
+B+: 0x7f64df8d3efb 0x7f64df8d3f5a
+B+: 0x7f64df8d3f5b 0x7f64df8d3f67
+B+: 0x7f64df8d3f68 0x7f64df8d3f77
+B+: 0x7f64df8d3f78 0x7f64df8d3f7f
+B+: 0x7f64df8d3f80 0x7f64df8d3f8b
+B+: 0x7f64df8d3f8c 0x7f64df8d3f94
+B+: 0x7f64df8d3f95 0x7f64df8d3f9b
+B+: 0x7f64df8d3fa0 0x7f64df8d3faf
+B+: 0x7f64df8d3fb0 0x7f64df8d3fc5
+B+: 0x7f64df8d3fc6 0x7f64df8d3fcf
+B+: 0x7f64df8d3fd0 0x7f64df8d3fe3
+B+: 0x7f64df8d3fe4 0x7f64df8d3ffc
+B+: 0x7f64df8d4019 0x7f64df8d402b
+B+: 0x7f64df8d402c 0x7f64df8d4034
+B+: 0x7f64df8d4035 0x7f64df8d4047
+B+: 0x7f64df8d4048 0x7f64df8d405b
+B+: 0x7f64df8d40a8 0x7f64df8d40b4
+B+: 0x7f64df8d40b5 0x7f64df8d40b9
+B+: 0x7f64df8d40db 0x7f64df8d40e1
+B+: 0x7f64df8d40f0 0x7f64df8d4103
+B+: 0x7f64df8d4104 0x7f64df8d4113
+B+: 0x7f64df8d4114 0x7f64df8d411b
+B+: 0x7f64df8d411c 0x7f64df8d4122
+B+: 0x7f64df8d4123 0x7f64df8d4152
+B+: 0x7f64df8d4153 0x7f64df8d415f
+B+: 0x7f64df8d4160 0x7f64df8d4168
+B+: 0x7f64df8d4216 0x7f64df8d421c
+B+: 0x7f64df8d4224 0x7f64df8d422d
+B+: 0x7f64df8d422e 0x7f64df8d4237
+B+: 0x7f64df8d4238 0x7f64df8d4241
+B+: 0x7f64df8d4242 0x7f64df8d424b
+B+: 0x7f64df8d425d 0x7f64df8d4266
+B+: 0x7f64df8d4267 0x7f64df8d4281
+B+: 0x7f64df8d4282 0x7f64df8d4293
+B+: 0x7f64df8d434c 0x7f64df8d4353
+B+: 0x7f64df8d4354 0x7f64df8d436f
+B+: 0x7f64df8d451b 0x7f64df8d4525
+B+: 0x7f64df8d4526 0x7f64df8d452e
+B+: 0x7f64df8d452f 0x7f64df8d4537
+B+: 0x7f64df8d48d0 0x7f64df8d48ec
+B+: 0x7f64df8d48ed 0x7f64df8d48f1
+B+: 0x7f64df8d48f8 0x7f64df8d48fa
+B+: 0x7f64df8d48fb 0x7f64df8d4907
+B+: 0x7f64df8d4908 0x7f64df8d493e
+B+: 0x7f64df8d493f 0x7f64df8d4940
+B+: 0x7f64df8d4963 0x7f64df8d4977
+B+: 0x7f64df8d4980 0x7f64df8d4986
+B+: 0x7f64df8d4987 0x7f64df8d498e
+B+: 0x7f64df8d498f 0x7f64df8d4997
+B+: 0x7f64df8d4998 0x7f64df8d49ba
+B+: 0x7f64df8d49bb 0x7f64df8d49bc
+B+: 0x7f64df8d49c0 0x7f64df8d49e7
+B+: 0x7f64df8d49e8 0x7f64df8d49f7
+B+: 0x7f64df8d4a19 0x7f64df8d4a21
+B+: 0x7f64df8d4a22 0x7f64df8d4a2a
+B+: 0x7f64df8d4a2b 0x7f64df8d4a34
+B+: 0x7f64df8d4a35 0x7f64df8d4a3f
+B+: 0x7f64df8d4ad0 0x7f64df8d4ae9
+B+: 0x7f64df8d4aea 0x7f64df8d4b00
+B+: 0x7f64df8d4b10 0x7f64df8d4b1f
+B+: 0x7f64df8d4b20 0x7f64df8d4b2b
+B+: 0x7f64df8d4b2c 0x7f64df8d4b31
+B+: 0x7f64df8d4b32 0x7f64df8d4b41
+B+: 0x7f64df8d4b56 0x7f64df8d4b61
+B+: 0x7f64df8d4b62 0x7f64df8d4b6f
+B+: 0x7f64df8d4b70 0x7f64df8d4b85
+B+: 0x7f64df8d4b86 0x7f64df8d4b97
+B+: 0x7f64df8d4b98 0x7f64df8d4bc0
+B+: 0x7f64df8d4bc8 0x7f64df8d4bcc
+B+: 0x7f64df8d4bcd 0x7f64df8d4bea
+B+: 0x7f64df8d4d70 0x7f64df8d4d98
+B+: 0x7f64df8d4da0 0x7f64df8d4da1
+B+: 0x7f64df8d4da2 0x7f64df8d4daa
+B+: 0x7f64df8d4dab 0x7f64df8d4dc5
+B+: 0x7f64df8d4dc6 0x7f64df8d4dc9
+B+: 0x7f64df8d4dca 0x7f64df8d4dd1
+B+: 0x7f64df8d4dd2 0x7f64df8d4de6
+B+: 0x7f64df8d4df0 0x7f64df8d4e2a
+B+: 0x7f64df8d4e2b 0x7f64df8d4e2f
+B+: 0x7f64df8d4e46 0x7f64df8d4e5c
+B+: 0x7f64df8d4e5d 0x7f64df8d4e6e
+B+: 0x7f64df8d4e90 0x7f64df8d4ead
+B+: 0x7f64df8d4ec8 0x7f64df8d4ed1
+B+: 0x7f64df8d4ed2 0x7f64df8d4edd
+B+: 0x7f64df8d4f6c 0x7f64df8d4f8f
+B+: 0x7f64df8d4f90 0x7f64df8d4f9c
+B+: 0x7f64df8d4f9d 0x7f64df8d4fa8
+B+: 0x7f64df8d4fa9 0x7f64df8d4fb0
+B+: 0x7f64df8d4fb1 0x7f64df8d4fc5
+B+: 0x7f64df8d5008 0x7f64df8d5012
+B+: 0x7f64df8d5013 0x7f64df8d501e
+B+: 0x7f64df8d501f 0x7f64df8d502e
+B+: 0x7f64df8d5060 0x7f64df8d5066
+B+: 0x7f64df8d5067 0x7f64df8d5074
+B+: 0x7f64df8d5075 0x7f64df8d5086
+B+: 0x7f64df8d5087 0x7f64df8d508e
+B+: 0x7f64df8d508f 0x7f64df8d50a2
+B+: 0x7f64df8d50a3 0x7f64df8d50b0
+B+: 0x7f64df8d5100 0x7f64df8d5116
+B+: 0x7f64df8d5145 0x7f64df8d514d
+B+: 0x7f64df8d514e 0x7f64df8d5157
+B+: 0x7f64df8d5160 0x7f64df8d5166
+B+: 0x7f64df8d51c0 0x7f64df8d51d1
+B+: 0x7f64df8d51e8 0x7f64df8d51ef
+B+: 0x7f64df8d5248 0x7f64df8d525b
+B+: 0x7f64df8d525c 0x7f64df8d5271
+B+: 0x7f64df8d57d0 0x7f64df8d57ff
+B+: 0x7f64df8d580f 0x7f64df8d5812
+B+: 0x7f64df8d5813 0x7f64df8d581c
+B+: 0x7f64df8d581d 0x7f64df8d5820
+B+: 0x7f64df8d5821 0x7f64df8d582f
+B+: 0x7f64df8d5830 0x7f64df8d583a
+B+: 0x7f64df8d584f 0x7f64df8d585a
+B+: 0x7f64df8d585f 0x7f64df8d5862
+B+: 0x7f64df8d5870 0x7f64df8d5877
+B+: 0x7f64df8d5878 0x7f64df8d588d
+B+: 0x7f64df8d6440 0x7f64df8d6464
+B+: 0x7f64df8d661e 0x7f64df8d6627
+B+: 0x7f64df8d6628 0x7f64df8d6631
+B+: 0x7f64df8d6632 0x7f64df8d6659
+B+: 0x7f64df8d66af 0x7f64df8d66bc
+B+: 0x7f64df8d66c0 0x7f64df8d66cb
+B+: 0x7f64df8d6730 0x7f64df8d673b
+B+: 0x7f64df8d6740 0x7f64df8d675e
+B+: 0x7f64df8d675f 0x7f64df8d6767
+B+: 0x7f64df8d67d2 0x7f64df8d67e3
+B+: 0x7f64df8d68a0 0x7f64df8d68a7
+B+: 0x7f64df8d7260 0x7f64df8d72a5
+B+: 0x7f64df8d72b5 0x7f64df8d72be
+B+: 0x7f64df8d72bf 0x7f64df8d72d2
+B+: 0x7f64df8d72d3 0x7f64df8d72fc
+B+: 0x7f64df8d72fd 0x7f64df8d7310
+B+: 0x7f64df8d7324 0x7f64df8d7328
+B+: 0x7f64df8d7336 0x7f64df8d733f
+B+: 0x7f64df8d7340 0x7f64df8d7344
+B+: 0x7f64df8d7370 0x7f64df8d7386
+B+: 0x7f64df8d7387 0x7f64df8d7398
+B+: 0x7f64df8d73a0 0x7f64df8d73b6
+B+: 0x7f64df8d73b7 0x7f64df8d73d7
+B+: 0x7f64df8d73dd 0x7f64df8d73ec
+B+: 0x7f64df8d7850 0x7f64df8d7886
+B+: 0x7f64df8d7887 0x7f64df8d789a
+B+: 0x7f64df8d789b 0x7f64df8d78ad
+B+: 0x7f64df8d78ae 0x7f64df8d78c4
+B+: 0x7f64df8d78c5 0x7f64df8d78d7
+B+: 0x7f64df8d78d8 0x7f64df8d78e7
+B+: 0x7f64df8d78e8 0x7f64df8d790c
+B+: 0x7f64df8d790d 0x7f64df8d7915
+B+: 0x7f64df8d7924 0x7f64df8d7933
+B+: 0x7f64df8d7934 0x7f64df8d7947
+B+: 0x7f64df8d7948 0x7f64df8d7954
+B+: 0x7f64df8d7955 0x7f64df8d795f
+B+: 0x7f64df8d7960 0x7f64df8d7964
+B+: 0x7f64df8d7a6a 0x7f64df8d7a7c
+B+: 0x7f64df8d7a7d 0x7f64df8d7a9c
+B+: 0x7f64df8d7ba0 0x7f64df8d7bad
+B+: 0x7f64df8d7bae 0x7f64df8d7be1
+B+: 0x7f64df8d7bf0 0x7f64df8d7bfb
+B+: 0x7f64df8d7db0 0x7f64df8d7dbd
+B+: 0x7f64df8d7dbe 0x7f64df8d7dca
+B+: 0x7f64df8d7dcb 0x7f64df8d7de3
+B+: 0x7f64df8d7de8 0x7f64df8d7df4
+B+: 0x7f64df8d7df8 0x7f64df8d7e04
+B+: 0x7f64df8d7e05 0x7f64df8d7e12
+B+: 0x7f64df8d7e13 0x7f64df8d7e1d
+B+: 0x7f64df8d7eb4 0x7f64df8d7ec1
+B+: 0x7f64df8d8160 0x7f64df8d8174
+B+: 0x7f64df8d8175 0x7f64df8d8187
+B+: 0x7f64df8d8188 0x7f64df8d81a2
+B+: 0x7f64df8d81a3 0x7f64df8d81ac
+B+: 0x7f64df8d81ad 0x7f64df8d81b3
+B+: 0x7f64df8d81d0 0x7f64df8d81e5
+B+: 0x7f64df8d81eb 0x7f64df8d81f3
+B+: 0x7f64df8d8205 0x7f64df8d820b
+B+: 0x7f64df8d820c 0x7f64df8d821d
+B+: 0x7f64df8d821e 0x7f64df8d8226
+B+: 0x7f64df8d8227 0x7f64df8d8230
+B+: 0x7f64df8d8231 0x7f64df8d8232
+B+: 0x7f64df8d8240 0x7f64df8d8248
+B+: 0x7f64df8d8260 0x7f64df8d8260
+B+: 0x7f64df8d8520 0x7f64df8d8534
+B+: 0x7f64df8d8572 0x7f64df8d8578
+B+: 0x7f64df8d8580 0x7f64df8d8583
+B+: 0x7f64df8d8610 0x7f64df8d8656
+B+: 0x7f64df8d865b 0x7f64df8d8686
+B+: 0x7f64df8d8687 0x7f64df8d869d
+B+: 0x7f64df8d86fc 0x7f64df8d8708
+B+: 0x7f64df8d8709 0x7f64df8d8711
+B+: 0x7f64df8d8712 0x7f64df8d872a
+B+: 0x7f64df8d872b 0x7f64df8d873c
+B+: 0x7f64df8d8740 0x7f64df8d8747
+B+: 0x7f64df8d8748 0x7f64df8d875f
+B+: 0x7f64df8d8760 0x7f64df8d8766
+B+: 0x7f64df8d8767 0x7f64df8d8780
+B+: 0x7f64df8d8790 0x7f64df8d8793
+B+: 0x7f64df8d8794 0x7f64df8d8798
+B+: 0x7f64df8d87a2 0x7f64df8d87aa
+B+: 0x7f64df8d87ab 0x7f64df8d87ae
+B+: 0x7f64df8d87af 0x7f64df8d87bd
+B+: 0x7f64df8d87cb 0x7f64df8d87d3
+B+: 0x7f64df8d8825 0x7f64df8d8841
+B+: 0x7f64df8d8842 0x7f64df8d884d
+B+: 0x7f64df8d887e 0x7f64df8d888e
+B+: 0x7f64df8d888f 0x7f64df8d88a0
+B+: 0x7f64df8d88a1 0x7f64df8d88ad
+B+: 0x7f64df8d8c10 0x7f64df8d8c30
+B+: 0x7f64df8d8c31 0x7f64df8d8c58
+B+: 0x7f64df8d8c5e 0x7f64df8d8c66
+B+: 0x7f64df8d8c67 0x7f64df8d8c6f
+B+: 0x7f64df8d8c78 0x7f64df8d8c87
+B+: 0x7f64df8d8c88 0x7f64df8d8c89
+B+: 0x7f64df8d8ca0 0x7f64df8d8caf
+B+: 0x7f64df8d8cba 0x7f64df8d8cc4
+B+: 0x7f64df8d8ce0 0x7f64df8d8ce8
+B+: 0x7f64df8d9360 0x7f64df8d936b
+B+: 0x7f64df8d9480 0x7f64df8d9480
+B+: 0x7f64df8d99c0 0x7f64df8d99db
+B+: 0x7f64df8d9a16 0x7f64df8d9a32
+B+: 0x7f64df8d9a33 0x7f64df8d9a52
+B+: 0x7f64df8d9a63 0x7f64df8d9a6a
+B+: 0x7f64df8d9a90 0x7f64df8d9aa6
+B+: 0x7f64df8d9aa7 0x7f64df8d9aae
+B+: 0x7f64df8d9aaf 0x7f64df8d9ab6
+B+: 0x7f64df8d9af6 0x7f64df8d9b01
+B+: 0x7f64df8d9b0c 0x7f64df8d9b34
+B+: 0x7f64df8d9b40 0x7f64df8d9b57
+B+: 0x7f64df8d9b58 0x7f64df8d9b5f
+B+: 0x7f64df8d9b60 0x7f64df8d9b67
+B+: 0x7f64df8d9b68 0x7f64df8d9b70
+B+: 0x7f64df8d9b71 0x7f64df8d9b7a
+B+: 0x7f64df8d9b7b 0x7f64df8d9b80
+B+: 0x7f64df8d9b97 0x7f64df8d9b9c
+B+: 0x7f64df8d9c0a 0x7f64df8d9c3d
+B+: 0x7f64df8d9c47 0x7f64df8d9c53
+B+: 0x7f64df8d9ed0 0x7f64df8d9ede
+B+: 0x7f64df8d9edf 0x7f64df8d9ee7
+B+: 0x7f64df8d9ee8 0x7f64df8d9efc
+B+: 0x7f64df8d9efd 0x7f64df8d9f02
+B+: 0x7f64df8d9f03 0x7f64df8d9f1b
+B+: 0x7f64df8d9f1c 0x7f64df8d9f21
+B+: 0x7f64df8d9f22 0x7f64df8d9f2b
+B+: 0x7f64df8d9fc0 0x7f64df8d9fc7
+B+: 0x7f64df8d9fc8 0x7f64df8d9fd0
+B+: 0x7f64df8da760 0x7f64df8da768
+B+: 0x7f64df8da769 0x7f64df8da76d
+B+: 0x7f64df8da76e 0x7f64df8da772
+B+: 0x7f64df8da780 0x7f64df8da788
+B+: 0x7f64df8da789 0x7f64df8da78d
+B+: 0x7f64df8da78e 0x7f64df8da792
+B+: 0x7f64df8da7c0 0x7f64df8da7d9
+B+: 0x7f64df8da7da 0x7f64df8da7e6
+B+: 0x7f64df8da7f7 0x7f64df8da802
+B+: 0x7f64df8da803 0x7f64df8da80b
+B+: 0x7f64df8da80c 0x7f64df8da841
+B+: 0x7f64df8da842 0x7f64df8da84b
+B+: 0x7f64df8da84c 0x7f64df8da852
+B+: 0x7f64df8da853 0x7f64df8da875
+B+: 0x7f64df8da880 0x7f64df8da88e
+B+: 0x7f64df8da8b0 0x7f64df8da8c8
+B+: 0x7f64df8da900 0x7f64df8da941
+B+: 0x7f64df8da950 0x7f64df8da966
+B+: 0x7f64df8da967 0x7f64df8da97e
+B+: 0x7f64df8da97f 0x7f64df8da98a
+B+: 0x7f64df8da98b 0x7f64df8da9b3
+B+: 0x7f64df8da9b4 0x7f64df8da9bd
+B+: 0x7f64df8da9be 0x7f64df8da9bf
+B+: 0x7f64df8da9d0 0x7f64df8da9e8
+B+: 0x7f64df8da9e9 0x7f64df8daa14
+B+: 0x7f64df8daa1e 0x7f64df8daa25
+B+: 0x7f64df8daa26 0x7f64df8daa33
+B+: 0x7f64df8daa34 0x7f64df8daa46
+B+: 0x7f64df8daae0 0x7f64df8daafe
+B+: 0x7f64df8daaff 0x7f64df8dab0c
+B+: 0x7f64df8dab0d 0x7f64df8dab1b
+B+: 0x7f64df8dab1c 0x7f64df8dab2c
+B+: 0x7f64df8dab40 0x7f64df8dab62
+B+: 0x7f64df8dab98 0x7f64df8daba9
+B+: 0x7f64df8db6d0 0x7f64df8db6f4
+B+: 0x7f64df8db6f5 0x7f64df8db70d
+B+: 0x7f64df8db70e 0x7f64df8db712
+B+: 0x7f64df8db713 0x7f64df8db71e
+B+: 0x7f64df8db71f 0x7f64df8db723
+B+: 0x7f64df8db724 0x7f64df8db728
+B+: 0x7f64df8db729 0x7f64df8db730
+B+: 0x7f64df8db73c 0x7f64df8db749
+B+: 0x7f64df8db74a 0x7f64df8db74d
+B+: 0x7f64df8db74e 0x7f64df8db760
+B+: 0x7f64df8db761 0x7f64df8db76b
+B+: 0x7f64df8db790 0x7f64df8db79d
+B+: 0x7f64df8db79e 0x7f64df8db7a5
+B+: 0x7f64df8db7a6 0x7f64df8db7a7
+B+: 0x7f64df8db890 0x7f64df8db89d
+B+: 0x7f64df8db89e 0x7f64df8db8a9
+B+: 0x7f64df8db8aa 0x7f64df8db8bd
+B+: 0x7f64df8db8c0 0x7f64df8db8ca
+B+: 0x7f64df8db8d0 0x7f64df8db8ef
+B+: 0x7f64df8db8f0 0x7f64df8db8f4
+B+: 0x7f64df8db8f5 0x7f64df8db90c
+B+: 0x7f64df8db90d 0x7f64df8db910
+B+: 0x7f64df8db911 0x7f64df8db912
+B+: 0x7f64df8db913 0x7f64df8db91b
+B+: 0x7f64df8db91c 0x7f64df8db930
+B+: 0x7f64df8db938 0x7f64df8db93c
+B+: 0x7f64df8db980 0x7f64df8db98f
+B+: 0x7f64df8db990 0x7f64df8db99b
+B+: 0x7f64df8db99c 0x7f64df8db9ab
+B+: 0x7f64df8dba80 0x7f64df8dba93
+B+: 0x7f64df8dba94 0x7f64df8dbaac
+B+: 0x7f64df8dbaad 0x7f64df8dbabf
+B+: 0x7f64df8dbac0 0x7f64df8dbada
+B+: 0x7f64df8dbadb 0x7f64df8dbae3
+B+: 0x7f64df8dbaec 0x7f64df8dbaf8
+B+: 0x7f64df8dbaf9 0x7f64df8dbb02
+B+: 0x7f64df8dbb03 0x7f64df8dbb06
+B+: 0x7f64df8dbb07 0x7f64df8dbb1a
+B+: 0x7f64df8dbc49 0x7f64df8dbc55
+B+: 0x7f64df8dbc56 0x7f64df8dbc67
+B+: 0x7f64df8dbc82 0x7f64df8dbc93
+B+: 0x7f64df8dbd77 0x7f64df8dbd82
+B+: 0x7f64df8dbda0 0x7f64df8dbdb2
+B+: 0x7f64df8dbdb3 0x7f64df8dbddf
+B+: 0x7f64df8dbde0 0x7f64df8dbdeb
+B+: 0x7f64df8dbdec 0x7f64df8dbdfc
+B+: 0x7f64df8dbdfd 0x7f64df8dbe18
+B+: 0x7f64df8dbe19 0x7f64df8dbe25
+B+: 0x7f64df8dbe26 0x7f64df8dbe2e
+B+: 0x7f64df8dbe2f 0x7f64df8dbe3f
+B+: 0x7f64df8dbe40 0x7f64df8dbe44
+B+: 0x7f64df8dbe45 0x7f64df8dbe50
+B+: 0x7f64df8dbe51 0x7f64df8dbe5d
+B+: 0x7f64df8dbe5e 0x7f64df8dbe77
+B+: 0x7f64df8dbece 0x7f64df8dbed2
+B+: 0x7f64df8dbed3 0x7f64df8dbede
+B+: 0x7f64df8dbee0 0x7f64df8dbeec
+B+: 0x7f64df8dbf60 0x7f64df8dbf7c
+B+: 0x7f64df8dc120 0x7f64df8dc128
+B+: 0x7f64df8dc129 0x7f64df8dc147
+B+: 0x7f64df8dc750 0x7f64df8dc75e
+B+: 0x7f64df8dc75f 0x7f64df8dc763
+B+: 0x7f64df8dc764 0x7f64df8dc770
+B+: 0x7f64df8dc771 0x7f64df8dc777
+B+: 0x7f64df8dc778 0x7f64df8dc783
+B+: 0x7f64df8dc784 0x7f64df8dc788
+B+: 0x7f64df8dc789 0x7f64df8dc78d
+B+: 0x7f64df8dc78e 0x7f64df8dc796
+B+: 0x7f64df8dc797 0x7f64df8dc79e
+B+: 0x7f64df8dc890 0x7f64df8dc892
+B+: 0x7f64df8dc8a7 0x7f64df8dc8ab
+B+: 0x7f64df8dc8ac 0x7f64df8dc8b2
+B+: 0x7f64df8dc8b3 0x7f64df8dc8b6
+B+: 0x7f64df8dc8d0 0x7f64df8dc8e1
+B+: 0x7f64df8dc8e2 0x7f64df8dc8e6
+B+: 0x7f64df8dc8e7 0x7f64df8dc8eb
+B+: 0x7f64df8dc8ec 0x7f64df8dc8f1
+B+: 0x7f64df8dc8f2 0x7f64df8dc8fa
+B+: 0x7f64df8dc8fb 0x7f64df8dc8fc
+B+: 0x7f64df8dc940 0x7f64df8dc948
+B+: 0x7f64df8dc949 0x7f64df8dc951
+B+: 0x7f64df8dc980 0x7f64df8dc988
+B+: 0x7f64df8dc989 0x7f64df8dc98a
+B+: 0x7f64df8dc98b 0x7f64df8dc991
+B+: 0x7f64df8dc992 0x7f64df8dc9a2
+B+: 0x7f64df8dc9a8 0x7f64df8dc9ac
+B+: 0x7f64df8dc9eb 0x7f64df8dca00
+B+: 0x7f64df8dca08 0x7f64df8dca10
+B+: 0x7f64df8dcaf0 0x7f64df8dcb11
+B+: 0x7f64df8dcb12 0x7f64df8dcb16
+B+: 0x7f64df8dcb17 0x7f64df8dcb1d
+B+: 0x7f64df8dcb1e 0x7f64df8dcb26
+B+: 0x7f64df8dcb27 0x7f64df8dcb34
+B+: 0x7f64df8dcb35 0x7f64df8dcb3c
+B+: 0x7f64df8dcb3d 0x7f64df8dcb49
+B+: 0x7f64df8dcb4a 0x7f64df8dcb5a
+B+: 0x7f64df8dcb5b 0x7f64df8dcb63
+B+: 0x7f64df8dcb7f 0x7f64df8dcb93
+B+: 0x7f64df8dcb94 0x7f64df8dcb9c
+B+: 0x7f64df8dcbe0 0x7f64df8dcbf7
+B+: 0x7f64df8dcbf8 0x7f64df8dcc00
+B+: 0x7f64df8dcc1b 0x7f64df8dcc2b
+B+: 0x7f64df8dcd40 0x7f64df8dcd5e
+B+: 0x7f64df8dcd5f 0x7f64df8dcd6d
+B+: 0x7f64df8dcd6e 0x7f64df8dcd72
+B+: 0x7f64df8dcd7d 0x7f64df8dcd90
+B+: 0x7f64df8dcd91 0x7f64df8dcd95
+B+: 0x7f64df8dcd96 0x7f64df8dcd9a
+B+: 0x7f64df8dcda0 0x7f64df8dcda4
+B+: 0x7f64df8dcdd5 0x7f64df8dcdd9
+B+: 0x7f64df8dcdda 0x7f64df8dcdde
+B+: 0x7f64df8dcdf0 0x7f64df8dcdfb
+B+: 0x7f64df8dcdfc 0x7f64df8dce07
+B+: 0x7f64df8dce08 0x7f64df8dce10
+B+: 0x7f64df8dce2c 0x7f64df8dce30
+B+: 0x7f64df8dce31 0x7f64df8dce36
+B+: 0x7f64df8dce41 0x7f64df8dce45
+B+: 0x7f64df8dce46 0x7f64df8dce54
+B+: 0x7f64df8dce55 0x7f64df8dce5d
+B+: 0x7f64df8dce5e 0x7f64df8dce62
+B+: 0x7f64df8dce63 0x7f64df8dce74
+B+: 0x7f64df8dce78 0x7f64df8dce84
+B+: 0x7f64df8dcea0 0x7f64df8dcea4
+B+: 0x7f64df8dcef0 0x7f64df8dcf03
+B+: 0x7f64df8dcf40 0x7f64df8dcf76
+B+: 0x7f64df8dcf77 0x7f64df8dcf82
+B+: 0x7f64df8dcf83 0x7f64df8dcf92
+B+: 0x7f64df8dd01b 0x7f64df8dd031
+B+: 0x7f64df8dd032 0x7f64df8dd040
+B+: 0x7f64df8dd075 0x7f64df8dd0b8
+B+: 0x7f64df8dd0b9 0x7f64df8dd0c3
+B+: 0x7f64df8dd0c4 0x7f64df8dd0cc
+B+: 0x7f64df8dd0cd 0x7f64df8dd0d5
+B+: 0x7f64df8dd0d6 0x7f64df8dd0de
+B+: 0x7f64df8dd0df 0x7f64df8dd106
+B+: 0x7f64df8dd107 0x7f64df8dd133
+B+: 0x7f64df8dd578 0x7f64df8dd581
+B+: 0x7f64df8dd582 0x7f64df8dd5a8
+B+: 0x7f64df8dd5a9 0x7f64df8dd5b6
+B+: 0x7f64df8dd5d0 0x7f64df8dd5e0
+B+: 0x7f64df8dd5e1 0x7f64df8dd5ee
+B+: 0x7f64df8dd5ef 0x7f64df8dd5f3
+B+: 0x7f64df8dd670 0x7f64df8dd67e
+B+: 0x7f64df8dd67f 0x7f64df8dd683
+B+: 0x7f64df8dd684 0x7f64df8dd692
+B+: 0x7f64df8dd693 0x7f64df8dd69a
+B+: 0x7f64df8dd69b 0x7f64df8dd6a2
+B+: 0x7f64df8dd6a3 0x7f64df8dd6b7
+B+: 0x7f64df8dd790 0x7f64df8dd7bc
+B+: 0x7f64df8dd7bd 0x7f64df8dd7d4
+B+: 0x7f64df8dd7e0 0x7f64df8dd83a
+B+: 0x7f64df8dd83b 0x7f64df8dd875
+B+: 0x7f64df8dd876 0x7f64df8dd893
+B+: 0x7f64df8dd894 0x7f64df8dd8a3
+B+: 0x7f64df8dd8a4 0x7f64df8dd8b0
+B+: 0x7f64df8dd9b4 0x7f64df8dd9b8
+B+: 0x7f64df8dd9b9 0x7f64df8dd9cf
+B+: 0x7f64df8dd9d0 0x7f64df8dd9dc
+B+: 0x7f64df8dd9dd 0x7f64df8dd9ef
+B+: 0x7f64df8dd9f0 0x7f64df8dd9f7
+B+: 0x7f64df8dda01 0x7f64df8dda16
+B+: 0x7f64df8dda28 0x7f64df8dda3d
+B+: 0x7f64df8dda3e 0x7f64df8dda4d
+B+: 0x7f64df8dda79 0x7f64df8dda97
+B+: 0x7f64df8dda98 0x7f64df8ddac0
+B+: 0x7f64df8ddac1 0x7f64df8ddacf
+B+: 0x7f64df8de148 0x7f64df8de154
+B+: 0x7f64df8de155 0x7f64df8de174
+B+: 0x7f64df8de175 0x7f64df8de17f
+B+: 0x7f64df8de1ac 0x7f64df8de1b0
+B+: 0x7f64df8de1b1 0x7f64df8de1b5
+B+: 0x7f64df8dea40 0x7f64df8dea64
+B+: 0x7f64df8deb10 0x7f64df8deb1a
+B+: 0x7f64df8deb40 0x7f64df8deb47
+B+: 0x7f64df8deb48 0x7f64df8deb51
+B+: 0x7f64df8deb58 0x7f64df8deb60
+B+: 0x7f64df8deb61 0x7f64df8deb6a
+B+: 0x7f64df8deb88 0x7f64df8deb8c
+B+: 0x7f64df8deb8d 0x7f64df8deb94
+B+: 0x7f64df8deba0 0x7f64df8deba4
+B+: 0x7f64df8ded00 0x7f64df8ded30
+B+: 0x7f64df8dee3f 0x7f64df8dee55
+B+: 0x7f64df8dee56 0x7f64df8dee67
+B+: 0x7f64df8df1e0 0x7f64df8df222
+B+: 0x7f64df8df223 0x7f64df8df228
+B+: 0x7f64df8df24c 0x7f64df8df260
+B+: 0x7f64df8df261 0x7f64df8df269
+B+: 0x7f64df8df270 0x7f64df8df279
+B+: 0x7f64df8df288 0x7f64df8df2a0
+B+: 0x7f64df8df2a1 0x7f64df8df2ba
+B+: 0x7f64df8df2bb 0x7f64df8df2bc
+B+: 0x7f64df8df2d0 0x7f64df8df2d8
+B+: 0x7f64df8df2f8 0x7f64df8df2f8
+B+: 0x7f64df8df300 0x7f64df8df30c
+B+: 0x7f64df8df33f 0x7f64df8df343
+B+: 0x7f64df8df380 0x7f64df8df384
+B+: 0x7f64df8df3d0 0x7f64df8df3e3
+B+: 0x7f64df8df400 0x7f64df8df400
+B+: 0x7f64df8df420 0x7f64df8df45b
+B+: 0x7f64df8df467 0x7f64df8df471
+B+: 0x7f64df8df472 0x7f64df8df489
+B+: 0x7f64df8df48a 0x7f64df8df48d
+B+: 0x7f64df8df48e 0x7f64df8df494
+B+: 0x7f64df8df495 0x7f64df8df49d
+B+: 0x7f64df8df49e 0x7f64df8df4a9
+B+: 0x7f64df8df4aa 0x7f64df8df4c2
+B+: 0x7f64df8df4c3 0x7f64df8df4ce
+B+: 0x7f64df8df4cf 0x7f64df8df4e5
+B+: 0x7f64df8df4e6 0x7f64df8df4f5
+B+: 0x7f64df8df500 0x7f64df8df50e
+B+: 0x7f64df8df50f 0x7f64df8df513
+B+: 0x7f64df8df514 0x7f64df8df51e
+B+: 0x7f64df8df540 0x7f64df8df549
+B+: 0x7f64df8df54a 0x7f64df8df54e
+B+: 0x7f64df8df54f 0x7f64df8df560
+B+: 0x7f64df8df568 0x7f64df8df577
+B+: 0x7f64df8df580 0x7f64df8df589
+B+: 0x7f64df8df5a8 0x7f64df8df5bb
+B+: 0x7f64df8df5c0 0x7f64df8df5ce
+B+: 0x7f64df8df5cf 0x7f64df8df5dc
+B+: 0x7f64df8df6f0 0x7f64df8df6fd
+B+: 0x7f64df8df7a0 0x7f64df8df7a0
+B+: 0x7f64df8df7b0 0x7f64df8df7ba
+B+: 0x7f64df8df7bb 0x7f64df8df7ce
+B+: 0x7f64df8df7cf 0x7f64df8df7d8
+B+: 0x7f64df8df7d9 0x7f64df8df7e6
+B+: 0x7f64df8df800 0x7f64df8df82d
+B+: 0x7f64df8df82e 0x7f64df8df831
+B+: 0x7f64df8df832 0x7f64df8df847
+B+: 0x7f64df8df864 0x7f64df8df86b
+B+: 0x7f64df8df86c 0x7f64df8df86f
+B+: 0x7f64df8df870 0x7f64df8df876
+B+: 0x7f64df8df877 0x7f64df8df87b
+B+: 0x7f64df8df87c 0x7f64df8df886
+B+: 0x7f64df8dfae0 0x7f64df8dfb01
+B+: 0x7f64df8dfb02 0x7f64df8dfb0a
+B+: 0x7f64df8dfb0b 0x7f64df8dfb14
+B+: 0x7f64df8dfb15 0x7f64df8dfb19
+B+: 0x7f64df8dfc00 0x7f64df8dfc19
+B+: 0x7f64df8dfc51 0x7f64df8dfc8e
+B+: 0x7f64df8dfc8f 0x7f64df8dfc9e
+B+: 0x7f64df8dfc9f 0x7f64df8dfca6
+B+: 0x7f64df8dfdf0 0x7f64df8dfdfb
+B+: 0x7f64df8dfe20 0x7f64df8dfe20
+B+: 0x7f64df8dfe30 0x7f64df8dfe38
+B+: 0x7f64df8e1940 0x7f64df8e194b
+B+: 0x7f64df8e194c 0x7f64df8e1957
+B+: 0x7f64df8e1958 0x7f64df8e1964
+B+: 0x7f64df8e1965 0x7f64df8e1969
+B+: 0x7f64df8e196a 0x7f64df8e196f
+B+: 0x7f64df8e1970 0x7f64df8e1976
+B+: 0x7f64df8e1980 0x7f64df8e1987
+B+: 0x7f64df8e1988 0x7f64df8e198c
+B+: 0x7f64df8e198d 0x7f64df8e199b
+B+: 0x7f64df8e199c 0x7f64df8e19a0
+B+: 0x7f64df8e19a1 0x7f64df8e19a8
+B+: 0x7f64df8e19a9 0x7f64df8e19ad
+B+: 0x7f64df8e19ae 0x7f64df8e19b8
+B+: 0x7f64df8e19b9 0x7f64df8e19b9
+B+: 0x7f64df8e19c0 0x7f64df8e19c5
+B+: 0x7f64df8e19c6 0x7f64df8e19c9
+B+: 0x7f64df8e19d0 0x7f64df8e19d0
+B+: 0x7f64df8e19d1 0x7f64df8e19d5
+B+: 0x7f64df8e19d6 0x7f64df8e19d9
+B+: 0x7f64df8e19e0 0x7f64df8e19ff
+B+: 0x7f64df8e1a00 0x7f64df8e1a11
+B+: 0x7f64df8e1a12 0x7f64df8e1a16
+B+: 0x7f64df8e1a20 0x7f64df8e1a22
+B+: 0x7f64df8e1a23 0x7f64df8e1a2f
+B+: 0x7f64df8e1a30 0x7f64df8e1a33
+B+: 0x7f64df8e1a34 0x7f64df8e1a5d
+B+: 0x7f64df8e1a5e 0x7f64df8e1a62
+B+: 0x7f64df8e1a63 0x7f64df8e1a82
+B+: 0x7f64df8e1ac0 0x7f64df8e1ade
+B+: 0x7f64df8e1adf 0x7f64df8e1ae3
+B+: 0x7f64df8e1ae4 0x7f64df8e1ae8
+B+: 0x7f64df8e1af0 0x7f64df8e1af2
+B+: 0x7f64df8e1af3 0x7f64df8e1aff
+B+: 0x7f64df8e1b00 0x7f64df8e1b03
+B+: 0x7f64df8e1b04 0x7f64df8e1b3e
+B+: 0x7f64df8e1b3f 0x7f64df8e1b49
+B+: 0x7f64df8e1b4a 0x7f64df8e1b57
+B+: 0x7f64df8e1b58 0x7f64df8e1b5d
+B+: 0x7f64df8e1b5e 0x7f64df8e1b66
+B+: 0x7f64df8e1b67 0x7f64df8e1b70
+B+: 0x7f64df8e1b71 0x7f64df8e1b7a
+B+: 0x7f64df8e1b7b 0x7f64df8e1b9a
+B+: 0x7f64df8e1b9b 0x7f64df8e1ba3
+B+: 0x7f64df8e1ba4 0x7f64df8e1bbd
+B+: 0x7f64df8e1bc0 0x7f64df8e1bc5
+B+: 0x7f64df8e1bc6 0x7f64df8e1bcf
+B+: 0x7f64df8e1bd0 0x7f64df8e1bd9
+B+: 0x7f64df8e1bda 0x7f64df8e1bf7
+B+: 0x7f64df8e1c08 0x7f64df8e1c14
+B+: 0x7f64df8e1c15 0x7f64df8e1c1b
+B+: 0x7f64df8e1c1c 0x7f64df8e1c29
+B+: 0x7f64df8e1cb0 0x7f64df8e1cca
+B+: 0x7f64df8e1ccb 0x7f64df8e1cda
+B+: 0x7f64df8e1cdb 0x7f64df8e1ce6
+B+: 0x7f64df8e1ce7 0x7f64df8e1cef
+B+: 0x7f64df8e1cf0 0x7f64df8e1cf4
+B+: 0x7f64df8e1cf5 0x7f64df8e1cfc
+B+: 0x7f64df8e1cfd 0x7f64df8e1d10
+B+: 0x7f64df8e1d11 0x7f64df8e1d21
+B+: 0x7f64df8e1d22 0x7f64df8e1d26
+B+: 0x7f64df8e1d27 0x7f64df8e1d38
+B+: 0x7f64df8e1d39 0x7f64df8e1d4b
+B+: 0x7f64df8e1d4c 0x7f64df8e1d54
+B+: 0x7f64df8e1d55 0x7f64df8e1d5e
+B+: 0x7f64df8e1d5f 0x7f64df8e1d6d
+B+: 0x7f64df8e1ea0 0x7f64df8e1eb6
+B+: 0x7f64df8e1eb7 0x7f64df8e1ebb
+B+: 0x7f64df8e1ebc 0x7f64df8e1ec0
+B+: 0x7f64df8e1ec8 0x7f64df8e1ecb
+B+: 0x7f64df8e1ecc 0x7f64df8e1ed9
+B+: 0x7f64df8e1eda 0x7f64df8e1edd
+B+: 0x7f64df8e1ede 0x7f64df8e1f06
+B+: 0x7f64df8e1f07 0x7f64df8e1f10
+B+: 0x7f64df8e1f11 0x7f64df8e1f16
+B+: 0x7f64df8e1f17 0x7f64df8e1f24
+B+: 0x7f64df8e1f25 0x7f64df8e1f2d
+B+: 0x7f64df8e2440 0x7f64df8e246b
+B+: 0x7f64df8e246c 0x7f64df8e2470
+B+: 0x7f64df8e2471 0x7f64df8e2475
+B+: 0x7f64df8e2536 0x7f64df8e253e
+B+: 0x7f64df8e253f 0x7f64df8e2548
+B+: 0x7f64df8e2549 0x7f64df8e2551
+B+: 0x7f64df8e25d0 0x7f64df8e25e4
+B+: 0x7f64df8e25e5 0x7f64df8e2606
+B+: 0x7f64df8e2607 0x7f64df8e2610
+B+: 0x7f64df8e2611 0x7f64df8e2618
+B+: 0x7f64df8e2640 0x7f64df8e2648
+B+: 0x7f64df8e2649 0x7f64df8e2656
+B+: 0x7f64df8e2657 0x7f64df8e265f
+B+: 0x7f64df8e2660 0x7f64df8e2661
+B+: 0x7f64df8e2760 0x7f64df8e27aa
+B+: 0x7f64df8e27ab 0x7f64df8e27af
+B+: 0x7f64df8e27b0 0x7f64df8e27be
+B+: 0x7f64df8e27c8 0x7f64df8e27d3
+B+: 0x7f64df8e27d4 0x7f64df8e27d8
+B+: 0x7f64df8e27d9 0x7f64df8e27e0
+B+: 0x7f64df8e27e1 0x7f64df8e27e5
+B+: 0x7f64df8e27e6 0x7f64df8e27f3
+B+: 0x7f64df8e27f4 0x7f64df8e27fb
+B+: 0x7f64df8e2800 0x7f64df8e2810
+B+: 0x7f64df8e2811 0x7f64df8e2815
+B+: 0x7f64df8e2816 0x7f64df8e2832
+B+: 0x7f64df8e2833 0x7f64df8e2843
+B+: 0x7f64df8e2844 0x7f64df8e284f
+B+: 0x7f64df8e2850 0x7f64df8e2857
+B+: 0x7f64df8e2858 0x7f64df8e285c
+B+: 0x7f64df8e285d 0x7f64df8e2868
+B+: 0x7f64df8e2869 0x7f64df8e287b
+B+: 0x7f64df8e287c 0x7f64df8e2884
+B+: 0x7f64df8e2888 0x7f64df8e2897
+B+: 0x7f64df8e2898 0x7f64df8e289b
+B+: 0x7f64df8e289c 0x7f64df8e28b4
+B+: 0x7f64df8e28b5 0x7f64df8e28b8
+B+: 0x7f64df8e28b9 0x7f64df8e28c6
+B+: 0x7f64df8e28c7 0x7f64df8e28d5
+B+: 0x7f64df8e2dc0 0x7f64df8e2dec
+B+: 0x7f64df8e2ded 0x7f64df8e2df2
+B+: 0x7f64df8e2df3 0x7f64df8e2e04
+B+: 0x7f64df8e2e05 0x7f64df8e2e0d
+B+: 0x7f64df8e2e0e 0x7f64df8e2e1c
+CND+ 0x7f64df8d100e: taken
+CND+ 0x7f64df8d15ea: not taken
+CND+ 0x7f64df8d1626: not taken
+CND+ 0x7f64df8d163b: taken
+CND+ 0x7f64df8d1673: not taken
+CND+ 0x7f64df8d1687: not taken
+CND+ 0x7f64df8d1695: not taken
+CND+ 0x7f64df8d17e2: taken
+CND+ 0x7f64df8d1862: not taken
+CND+ 0x7f64df8d187c: both
+CND+ 0x7f64df8d18a9: not taken
+CND+ 0x7f64df8d1a5d: not taken
+CND+ 0x7f64df8d1a62: taken
+CND+ 0x7f64df8d26e6: not taken
+CND+ 0x7f64df8d2704: taken
+CND+ 0x7f64df8d271a: not taken
+CND+ 0x7f64df8d271f: taken
+CND+ 0x7f64df8d272f: taken
+CND+ 0x7f64df8d274c: not taken
+CND+ 0x7f64df8d2756: not taken
+CND+ 0x7f64df8d278f: not taken
+CND+ 0x7f64df8d279b: taken
+CND+ 0x7f64df8d3079: taken
+CND+ 0x7f64df8d311b: not taken
+CND+ 0x7f64df8d3149: not taken
+CND+ 0x7f64df8d3158: not taken
+CND+ 0x7f64df8d3190: not taken
+CND+ 0x7f64df8d31ce: taken
+CND+ 0x7f64df8d3c20: not taken
+CND+ 0x7f64df8d3c2d: taken
+CND+ 0x7f64df8d3c48: not taken
+CND+ 0x7f64df8d3c5f: both
+CND+ 0x7f64df8d3c88: not taken
+CND+ 0x7f64df8d3ed2: taken
+CND+ 0x7f64df8d3f55: not taken
+CND+ 0x7f64df8d3f7e: not taken
+CND+ 0x7f64df8d3f8a: not taken
+CND+ 0x7f64df8d3f93: both
+CND+ 0x7f64df8d3fc4: not taken
+CND+ 0x7f64df8d3fe2: both
+CND+ 0x7f64df8d3ffb: taken
+CND+ 0x7f64df8d405a: taken
+CND+ 0x7f64df8d40af: not taken
+CND+ 0x7f64df8d40b8: taken
+CND+ 0x7f64df8d40e0: taken
+CND+ 0x7f64df8d4116: not taken
+CND+ 0x7f64df8d415a: not taken
+CND+ 0x7f64df8d4163: taken
+CND+ 0x7f64df8d421b: taken
+CND+ 0x7f64df8d424a: taken
+CND+ 0x7f64df8d427c: not taken
+CND+ 0x7f64df8d436a: taken
+CND+ 0x7f64df8d4520: not taken
+CND+ 0x7f64df8d4529: not taken
+CND+ 0x7f64df8d4532: taken
+CND+ 0x7f64df8d48eb: not taken
+CND+ 0x7f64df8d4906: both
+CND+ 0x7f64df8d493d: not taken
+CND+ 0x7f64df8d4985: both
+CND+ 0x7f64df8d49f6: taken
+CND+ 0x7f64df8d4a20: both
+CND+ 0x7f64df8d4a29: not taken
+CND+ 0x7f64df8d4a33: not taken
+CND+ 0x7f64df8d4ae4: not taken
+CND+ 0x7f64df8d4afb: taken
+CND+ 0x7f64df8d4b2a: both
+CND+ 0x7f64df8d4b30: both
+CND+ 0x7f64df8d4b40: taken
+CND+ 0x7f64df8d4b60: not taken
+CND+ 0x7f64df8d4b96: not taken
+CND+ 0x7f64df8d4be5: taken
+CND+ 0x7f64df8d4da0: not taken
+CND+ 0x7f64df8d4da9: not taken
+CND+ 0x7f64df8d4dc8: both
+CND+ 0x7f64df8d4dd0: both
+CND+ 0x7f64df8d4e2e: taken
+CND+ 0x7f64df8d4e57: not taken
+CND+ 0x7f64df8d4eac: taken
+CND+ 0x7f64df8d4ed8: taken
+CND+ 0x7f64df8d4fa3: not taken
+CND+ 0x7f64df8d4fc0: taken
+CND+ 0x7f64df8d5019: not taken
+CND+ 0x7f64df8d5065: not taken
+CND+ 0x7f64df8d506f: not taken
+CND+ 0x7f64df8d5089: both
+CND+ 0x7f64df8d509d: not taken
+CND+ 0x7f64df8d50ab: taken
+CND+ 0x7f64df8d514c: not taken
+CND+ 0x7f64df8d5156: taken
+CND+ 0x7f64df8d51cc: taken
+CND+ 0x7f64df8d51ee: taken
+CND+ 0x7f64df8d5811: both
+CND+ 0x7f64df8d581b: not taken
+CND+ 0x7f64df8d581f: not taken
+CND+ 0x7f64df8d5839: taken
+CND+ 0x7f64df8d5859: taken
+CND+ 0x7f64df8d5861: taken
+CND+ 0x7f64df8d645f: taken
+CND+ 0x7f64df8d6626: not taken
+CND+ 0x7f64df8d66ca: taken
+CND+ 0x7f64df8d6762: taken
+CND+ 0x7f64df8d72a4: taken
+CND+ 0x7f64df8d72bd: not taken
+CND+ 0x7f64df8d72cd: not taken
+CND+ 0x7f64df8d730f: taken
+CND+ 0x7f64df8d7327: taken
+CND+ 0x7f64df8d733a: not taken
+CND+ 0x7f64df8d7343: taken
+CND+ 0x7f64df8d7381: not taken
+CND+ 0x7f64df8d73d6: taken
+CND+ 0x7f64df8d73e7: taken
+CND+ 0x7f64df8d7895: not taken
+CND+ 0x7f64df8d78a8: not taken
+CND+ 0x7f64df8d78d2: not taken
+CND+ 0x7f64df8d7907: not taken
+CND+ 0x7f64df8d7942: taken
+CND+ 0x7f64df8d7953: not taken
+CND+ 0x7f64df8d7963: taken
+CND+ 0x7f64df8d7a7b: not taken
+CND+ 0x7f64df8d7dbc: both
+CND+ 0x7f64df8d7dc9: both
+CND+ 0x7f64df8d7e03: not taken
+CND+ 0x7f64df8d7e0d: not taken
+CND+ 0x7f64df8d7e18: taken
+CND+ 0x7f64df8d81a1: not taken
+CND+ 0x7f64df8d81ab: not taken
+CND+ 0x7f64df8d81e4: taken
+CND+ 0x7f64df8d81f2: taken
+CND+ 0x7f64df8d820a: not taken
+CND+ 0x7f64df8d8225: not taken
+CND+ 0x7f64df8d822f: not taken
+CND+ 0x7f64df8d8247: taken
+CND+ 0x7f64df8d8533: taken
+CND+ 0x7f64df8d8582: taken
+CND+ 0x7f64df8d8655: taken
+CND+ 0x7f64df8d8698: taken
+CND+ 0x7f64df8d8703: not taken
+CND+ 0x7f64df8d870c: taken
+CND+ 0x7f64df8d8725: not taken
+CND+ 0x7f64df8d8742: not taken
+CND+ 0x7f64df8d875a: not taken
+CND+ 0x7f64df8d8765: not taken
+CND+ 0x7f64df8d8792: not taken
+CND+ 0x7f64df8d8797: taken
+CND+ 0x7f64df8d87a9: taken
+CND+ 0x7f64df8d87ad: not taken
+CND+ 0x7f64df8d87bc: taken
+CND+ 0x7f64df8d87ce: taken
+CND+ 0x7f64df8d8848: taken
+CND+ 0x7f64df8d8889: not taken
+CND+ 0x7f64df8d889b: not taken
+CND+ 0x7f64df8d88a8: taken
+CND+ 0x7f64df8d8c2f: not taken
+CND+ 0x7f64df8d8c57: taken
+CND+ 0x7f64df8d8c65: not taken
+CND+ 0x7f64df8d8c6e: taken
+CND+ 0x7f64df8d8c86: not taken
+CND+ 0x7f64df8d8cae: taken
+CND+ 0x7f64df8d9366: taken
+CND+ 0x7f64df8d99d6: taken
+CND+ 0x7f64df8d9a31: not taken
+CND+ 0x7f64df8d9a51: taken
+CND+ 0x7f64df8d9aad: not taken
+CND+ 0x7f64df8d9ab5: taken
+CND+ 0x7f64df8d9b00: taken
+CND+ 0x7f64df8d9b5a: not taken
+CND+ 0x7f64df8d9b62: not taken
+CND+ 0x7f64df8d9b6b: not taken
+CND+ 0x7f64df8d9b75: not taken
+CND+ 0x7f64df8d9b7f: taken
+CND+ 0x7f64df8d9b9b: taken
+CND+ 0x7f64df8d9c3c: taken
+CND+ 0x7f64df8d9ed9: not taken
+CND+ 0x7f64df8d9ee6: not taken
+CND+ 0x7f64df8d9f01: not taken
+CND+ 0x7f64df8d9f1a: not taken
+CND+ 0x7f64df8d9f20: not taken
+CND+ 0x7f64df8d9f26: taken
+CND+ 0x7f64df8da76c: not taken
+CND+ 0x7f64df8da78c: not taken
+CND+ 0x7f64df8da7d8: both
+CND+ 0x7f64df8da7e1: taken
+CND+ 0x7f64df8da806: not taken
+CND+ 0x7f64df8da840: not taken
+CND+ 0x7f64df8da84a: not taken
+CND+ 0x7f64df8da965: both
+CND+ 0x7f64df8da989: not taken
+CND+ 0x7f64df8da9b2: not taken
+CND+ 0x7f64df8da9bc: not taken
+CND+ 0x7f64df8da9e3: not taken
+CND+ 0x7f64df8daa13: taken
+CND+ 0x7f64df8daafd: not taken
+CND+ 0x7f64df8dab1a: not taken
+CND+ 0x7f64df8dab61: taken
+CND+ 0x7f64df8db711: not taken
+CND+ 0x7f64df8db71d: not taken
+CND+ 0x7f64df8db722: not taken
+CND+ 0x7f64df8db748: not taken
+CND+ 0x7f64df8db74c: not taken
+CND+ 0x7f64df8db75f: not taken
+CND+ 0x7f64df8db7a4: not taken
+CND+ 0x7f64df8db8f3: both
+CND+ 0x7f64df8db90f: both
+CND+ 0x7f64df8db911: not taken
+CND+ 0x7f64df8db91a: taken
+CND+ 0x7f64df8dba92: not taken
+CND+ 0x7f64df8dbaba: not taken
+CND+ 0x7f64df8dbad5: both
+CND+ 0x7f64df8dbade: taken
+CND+ 0x7f64df8dbaf7: not taken
+CND+ 0x7f64df8dbb01: not taken
+CND+ 0x7f64df8dbb05: not taken
+CND+ 0x7f64df8dbb19: taken
+CND+ 0x7f64df8dbc50: not taken
+CND+ 0x7f64df8dbc62: taken
+CND+ 0x7f64df8dbdb1: not taken
+CND+ 0x7f64df8dbdea: both
+CND+ 0x7f64df8dbe13: not taken
+CND+ 0x7f64df8dbe20: taken
+CND+ 0x7f64df8dbe2d: not taken
+CND+ 0x7f64df8dbe43: not taken
+CND+ 0x7f64df8dbe4f: both
+CND+ 0x7f64df8dbe58: not taken
+CND+ 0x7f64df8dbe72: taken
+CND+ 0x7f64df8dbee7: taken
+CND+ 0x7f64df8dc75d: both
+CND+ 0x7f64df8dc76f: not taken
+CND+ 0x7f64df8dc782: both
+CND+ 0x7f64df8dc787: both
+CND+ 0x7f64df8dc795: both
+CND+ 0x7f64df8dc8b1: not taken
+CND+ 0x7f64df8dc8dc: not taken
+CND+ 0x7f64df8dc8ea: not taken
+CND+ 0x7f64df8dc8ec: both
+CND+ 0x7f64df8dc8f5: not taken
+CND+ 0x7f64df8dc8fb: taken
+CND+ 0x7f64df8dc943: not taken
+CND+ 0x7f64df8dc94c: taken
+CND+ 0x7f64df8dc983: not taken
+CND+ 0x7f64df8dc989: both
+CND+ 0x7f64df8dc990: not taken
+CND+ 0x7f64df8dc9ab: taken
+CND+ 0x7f64df8dca0b: taken
+CND+ 0x7f64df8dcb10: both
+CND+ 0x7f64df8dcb1c: not taken
+CND+ 0x7f64df8dcb21: both
+CND+ 0x7f64df8dcb2f: not taken
+CND+ 0x7f64df8dcb37: both
+CND+ 0x7f64df8dcb44: both
+CND+ 0x7f64df8dcb5e: taken
+CND+ 0x7f64df8dcb92: both
+CND+ 0x7f64df8dcb9b: taken
+CND+ 0x7f64df8dcbfb: taken
+CND+ 0x7f64df8dcd68: both
+CND+ 0x7f64df8dcd71: taken
+CND+ 0x7f64df8dcd8b: not taken
+CND+ 0x7f64df8dcda3: taken
+CND+ 0x7f64df8dcddd: taken
+CND+ 0x7f64df8dce02: not taken
+CND+ 0x7f64df8dce0b: taken
+CND+ 0x7f64df8dce2f: not taken
+CND+ 0x7f64df8dce35: taken
+CND+ 0x7f64df8dce4f: not taken
+CND+ 0x7f64df8dce58: both
+CND+ 0x7f64df8dcf7d: not taken
+CND+ 0x7f64df8dd02c: not taken
+CND+ 0x7f64df8dd0c7: not taken
+CND+ 0x7f64df8dd0d0: both
+CND+ 0x7f64df8dd0d9: not taken
+CND+ 0x7f64df8dd5a7: both
+CND+ 0x7f64df8dd5ed: not taken
+CND+ 0x7f64df8dd5f2: taken
+CND+ 0x7f64df8dd682: not taken
+CND+ 0x7f64df8dd6a1: not taken
+CND+ 0x7f64df8dd7bb: not taken
+CND+ 0x7f64df8dd835: not taken
+CND+ 0x7f64df8dd870: not taken
+CND+ 0x7f64df8dd88e: not taken
+CND+ 0x7f64df8dd89e: not taken
+CND+ 0x7f64df8dd9ca: both
+CND+ 0x7f64df8dd9ea: taken
+CND+ 0x7f64df8dd9f6: taken
+CND+ 0x7f64df8dda15: taken
+CND+ 0x7f64df8dda38: not taken
+CND+ 0x7f64df8dda48: taken
+CND+ 0x7f64df8ddabb: not taken
+CND+ 0x7f64df8de14f: not taken
+CND+ 0x7f64df8de16f: not taken
+CND+ 0x7f64df8de17e: taken
+CND+ 0x7f64df8dea5f: taken
+CND+ 0x7f64df8deb46: not taken
+CND+ 0x7f64df8deb50: taken
+CND+ 0x7f64df8deb69: taken
+CND+ 0x7f64df8deb93: taken
+CND+ 0x7f64df8ded2b: taken
+CND+ 0x7f64df8dee50: not taken
+CND+ 0x7f64df8df227: taken
+CND+ 0x7f64df8df25f: not taken
+CND+ 0x7f64df8df278: taken
+CND+ 0x7f64df8df2b9: not taken
+CND+ 0x7f64df8df2d7: taken
+CND+ 0x7f64df8df30b: taken
+CND+ 0x7f64df8df383: taken
+CND+ 0x7f64df8df3e2: taken
+CND+ 0x7f64df8df456: taken
+CND+ 0x7f64df8df488: both
+CND+ 0x7f64df8df48c: not taken
+CND+ 0x7f64df8df493: not taken
+CND+ 0x7f64df8df498: both
+CND+ 0x7f64df8df4e0: not taken
+CND+ 0x7f64df8df512: not taken
+CND+ 0x7f64df8df519: taken
+CND+ 0x7f64df8df548: not taken
+CND+ 0x7f64df8df54d: not taken
+CND+ 0x7f64df8df5c9: not taken
+CND+ 0x7f64df8df5d7: taken
+CND+ 0x7f64df8df6f8: taken
+CND+ 0x7f64df8df7b9: not taken
+CND+ 0x7f64df8df830: not taken
+CND+ 0x7f64df8df846: taken
+CND+ 0x7f64df8df86e: not taken
+CND+ 0x7f64df8dfb09: not taken
+CND+ 0x7f64df8dfb13: not taken
+CND+ 0x7f64df8dfc18: taken
+CND+ 0x7f64df8dfc9d: not taken
+CND+ 0x7f64df8dfdfa: taken
+CND+ 0x7f64df8e1946: both
+CND+ 0x7f64df8e1963: both
+CND+ 0x7f64df8e1968: not taken
+CND+ 0x7f64df8e196e: not taken
+CND+ 0x7f64df8e1986: not taken
+CND+ 0x7f64df8e198b: both
+CND+ 0x7f64df8e199a: both
+CND+ 0x7f64df8e199f: both
+CND+ 0x7f64df8e19ac: both
+CND+ 0x7f64df8e19b7: both
+CND+ 0x7f64df8e19c4: not taken
+CND+ 0x7f64df8e1a10: not taken
+CND+ 0x7f64df8e1a15: taken
+CND+ 0x7f64df8e1a2e: both
+CND+ 0x7f64df8e1a32: both
+CND+ 0x7f64df8e1a5c: both
+CND+ 0x7f64df8e1add: not taken
+CND+ 0x7f64df8e1ae2: not taken
+CND+ 0x7f64df8e1afe: not taken
+CND+ 0x7f64df8e1b02: both
+CND+ 0x7f64df8e1b48: both
+CND+ 0x7f64df8e1b52: not taken
+CND+ 0x7f64df8e1b5c: not taken
+CND+ 0x7f64df8e1b65: both
+CND+ 0x7f64df8e1b6b: taken
+CND+ 0x7f64df8e1b75: not taken
+CND+ 0x7f64df8e1b95: not taken
+CND+ 0x7f64df8e1ba2: not taken
+CND+ 0x7f64df8e1bc4: not taken
+CND+ 0x7f64df8e1bce: not taken
+CND+ 0x7f64df8e1bf6: taken
+CND+ 0x7f64df8e1c24: taken
+CND+ 0x7f64df8e1ce1: not taken
+CND+ 0x7f64df8e1cea: not taken
+CND+ 0x7f64df8e1cf3: not taken
+CND+ 0x7f64df8e1d25: not taken
+CND+ 0x7f64df8e1d53: not taken
+CND+ 0x7f64df8e1d5d: not taken
+CND+ 0x7f64df8e1eb5: not taken
+CND+ 0x7f64df8e1eba: not taken
+CND+ 0x7f64df8e1ed8: both
+CND+ 0x7f64df8e1edc: taken
+CND+ 0x7f64df8e1f0f: not taken
+CND+ 0x7f64df8e1f15: not taken
+CND+ 0x7f64df8e246f: not taken
+CND+ 0x7f64df8e253d: not taken
+CND+ 0x7f64df8e2547: not taken
+CND+ 0x7f64df8e2605: not taken
+CND+ 0x7f64df8e260f: not taken
+CND+ 0x7f64df8e2647: not taken
+CND+ 0x7f64df8e265e: not taken
+CND+ 0x7f64df8e27bd: taken
+CND+ 0x7f64df8e27d2: taken
+CND+ 0x7f64df8e27df: not taken
+CND+ 0x7f64df8e27e4: both
+CND+ 0x7f64df8e27fa: taken
+CND+ 0x7f64df8e2856: not taken
+CND+ 0x7f64df8e285b: taken
+CND+ 0x7f64df8e287a: not taken
+CND+ 0x7f64df8e289a: not taken
+CND+ 0x7f64df8e28b7: not taken
+CND+ 0x7f64df8e28c5: not taken
+CND+ 0x7f64df8e28d4: taken
+CND+ 0x7f64df8e2df1: not taken
+CND+ 0x7f64df8e2e0c: not taken
@0x7f64df8d1050 to 0x7f64e340aa30 4
@0x7f64df8d1080 to 0x7f64e33aa330 2
@0x7f64df8d1090 to 0x7f64e344c710 1
@0x7f64df8d10a0 to 0x7f64e3422e70 5
@0x7f64df8d10d0 to 0x7f64e33bda20 7
@0x7f64df8d10f0 to 0x7f64e34e1800 4
@0x7f64df8d1130 to 0x7f64e344d1e0 1
@0x7f64df8d1140 to 0x7f64e33c1c10 1
@0x7f64df8d1150 to 0x7f64e346f800 4
@0x7f64df8d1160 to 0x7f64e344c230 1
@0x7f64df8d1190 to 0x7f64e34e1bc0 8
@0x7f64df8d11c0 to 0x7f64e344d200 1
@0x7f64df8d11e0 to 0x7f64e34e15d0 1
@0x7f64df8d1220 to 0x7f64e344d210 2
@0x7f64df8d1230 to 0x7f64e3470b10 1
@0x7f64df8d316e to 0x7f64df8d31c0 1
@0x7f64df8d1280 to 0x7f64e34dcd10 12
@0x7f64df8d12a0 to 0x7f64e33bd450 4
@0x7f64df8d31ac to 0x7f64df8d3e90 1
@0x7f64df8d12d0 to 0x7f64e34dd100 9
@0x7f64df8d1320 to 0x7f64e33be0f0 4
@0x7f64df8d1330 to 0x7f64e34e2100 6
@0x7f64df8d1350 to 0x7f64e344d220 1
@0x7f64df8d1370 to 0x7f64e346f800 2
@0x7f64df8d1390 to 0x7f64e340a3e0 23
@0x7f64df8d13b0 to 0x7f64e344d230 1
@0x7f64df8d13c0 to 0x7f64e34dce90 24
@0x7f64df8d13e0 to 0x7f64e348dba0 1
@0x7f64df8d1410 to 0x7f64e340ac80 1
@0x7f64df8d1460 to 0x7f64e34e20e0 14
@0x7f64df8d1510 to 0x7f64e344d1f0 1
@0x7f64df8d1560 to 0x7f64e344c4e0 1
@0x7f64df8d1570 to 0x7f64e33b6580 191
@0x7f64df8dcf91 to 0x7f64df8dd075 1
@0x7f64df8d1784 to 0x7f64e33a9fb0 1
@0x7f64df8e2e01 to 0x7f64df8d1840 1
@0x7f64df8df55f to 0x7f64df8df580 1
@0x7f64df8df55f to 0x7f64df8df5c0 1
@0x7f64df8df55f to 0x7f64df8df5a8 2
@0x7f64df8dd8af to 0x7f64df8dda01 203
@0x7f64df8dd8af to 0x7f64df8dd9f0 11
@0x7f64df8dd8af to 0x7f64df8dda28 1
@0x7f64df8e1c19 to 0x7f64df8d57d0 1
@0x7f64df8e1c19 to 0x7f64df8dc120 1
