MODULE_NAME: /bin/dash
MODULE_START: 0x7f8c25224000
+B+: 0x7f8c25228000 0x7f8c2522800f
+B+: 0x7f8c25228012 0x7f8c25228016
+B+: 0x7f8c25228050 0x7f8c25228055
+B+: 0x7f8c25228080 0x7f8c25228085
+B+: 0x7f8c25228090 0x7f8c25228095
+B+: 0x7f8c252280a0 0x7f8c252280a5
+B+: 0x7f8c252280d0 0x7f8c252280d5
+B+: 0x7f8c252280f0 0x7f8c252280f5
+B+: 0x7f8c25228130 0x7f8c25228135
+B+: 0x7f8c25228140 0x7f8c25228145
+B+: 0x7f8c25228150 0x7f8c25228155
+B+: 0x7f8c25228160 0x7f8c25228165
+B+: 0x7f8c25228190 0x7f8c25228195
+B+: 0x7f8c252281c0 0x7f8c252281c5
+B+: 0x7f8c252281e0 0x7f8c252281e5
+B+: 0x7f8c25228220 0x7f8c25228225
+B+: 0x7f8c25228230 0x7f8c25228235
+B+: 0x7f8c25228280 0x7f8c25228285
+B+: 0x7f8c252282a0 0x7f8c252282a5
+B+: 0x7f8c252282d0 0x7f8c252282d5
+B+: 0x7f8c25228320 0x7f8c25228325
+B+: 0x7f8c25228330 0x7f8c25228335
+B+: 0x7f8c25228350 0x7f8c25228355
+B+: 0x7f8c25228370 0x7f8c25228375
+B+: 0x7f8c25228390 0x7f8c25228395
+B+: 0x7f8c252283b0 0x7f8c252283b5
+B+: 0x7f8c252283c0 0x7f8c252283c5
+B+: 0x7f8c252283e0 0x7f8c252283e5
+B+: 0x7f8c25228410 0x7f8c25228415
+B+: 0x7f8c25228460 0x7f8c25228465
+B+: 0x7f8c25228510 0x7f8c25228515
+B+: 0x7f8c25228560 0x7f8c25228565
+B+: 0x7f8c25228570 0x7f8c25228575
+B+: 0x7f8c25228590 0x7f8c252285b8
+B+: 0x7f8c252285b9 0x7f8c252285c4
+B+: 0x7f8c252285c5 0x7f8c252285cf
+B+: 0x7f8c252285d0 0x7f8c252285e7
+B+: 0x7f8c252285e8 0x7f8c252285ef
+B+: 0x7f8c252285f0 0x7f8c25228600
+B+: 0x7f8c25228601 0x7f8c2522860b
+B+: 0x7f8c2522860c 0x7f8c25228615
+B+: 0x7f8c25228616 0x7f8c25228623
+B+: 0x7f8c25228624 0x7f8c2522862b
+B+: 0x7f8c2522862c 0x7f8c2522863c
+B+: 0x7f8c25228657 0x7f8c25228660
+B+: 0x7f8c25228661 0x7f8c25228678
+B+: 0x7f8c25228679 0x7f8c2522867f
+B+: 0x7f8c25228680 0x7f8c2522868c
+B+: 0x7f8c2522868d 0x7f8c25228696
+B+: 0x7f8c25228697 0x7f8c2522869b
+B+: 0x7f8c25228760 0x7f8c25228789
+B+: 0x7f8c252287c0 0x7f8c252287e3
+B+: 0x7f8c252287f8 0x7f8c252287f8
+B+: 0x7f8c25228840 0x7f8c25228844
+B+: 0x7f8c25228850 0x7f8c25228863
+B+: 0x7f8c25228864 0x7f8c2522886f
+B+: 0x7f8c25228870 0x7f8c2522887d
+B+: 0x7f8c2522887e 0x7f8c252288aa
+B+: 0x7f8c252288ab 0x7f8c252288ac
+B+: 0x7f8c252288cb 0x7f8c252288d2
+B+: 0x7f8c25228a50 0x7f8c25228a57
+B+: 0x7f8c25228a58 0x7f8c25228a5e
+B+: 0x7f8c25228a5f 0x7f8c25228a63
+B+: 0x7f8c25228a71 0x7f8c25228a72
+B+: 0x7f8c252296d0 0x7f8c252296eb
+B+: 0x7f8c252296ec 0x7f8c25229705
+B+: 0x7f8c25229717 0x7f8c2522971b
+B+: 0x7f8c2522971c 0x7f8c25229720
+B+: 0x7f8c2522972c 0x7f8c25229730
+B+: 0x7f8c2522973e 0x7f8c2522974d
+B+: 0x7f8c2522974e 0x7f8c25229757
+B+: 0x7f8c25229758 0x7f8c25229775
+B+: 0x7f8c25229780 0x7f8c25229788
+B+: 0x7f8c25229789 0x7f8c25229790
+B+: 0x7f8c25229791 0x7f8c2522979c
+B+: 0x7f8c2522a060 0x7f8c2522a07e
+B+: 0x7f8c2522a10d 0x7f8c2522a11c
+B+: 0x7f8c2522a11d 0x7f8c2522a123
+B+: 0x7f8c2522a140 0x7f8c2522a14a
+B+: 0x7f8c2522a14b 0x7f8c2522a152
+B+: 0x7f8c2522a153 0x7f8c2522a15d
+B+: 0x7f8c2522a15e 0x7f8c2522a16f
+B+: 0x7f8c2522a188 0x7f8c2522a18c
+B+: 0x7f8c2522a18d 0x7f8c2522a191
+B+: 0x7f8c2522a192 0x7f8c2522a19c
+B+: 0x7f8c2522a1a7 0x7f8c2522a1ad
+B+: 0x7f8c2522a1ae 0x7f8c2522a1b5
+B+: 0x7f8c2522a1c0 0x7f8c2522a1cf
+B+: 0x7f8c2522abc0 0x7f8c2522abfa
+B+: 0x7f8c2522abfb 0x7f8c2522ac07
+B+: 0x7f8c2522ac08 0x7f8c2522ac0f
+B+: 0x7f8c2522ac10 0x7f8c2522ac11
+B+: 0x7f8c2522ac18 0x7f8c2522ac21
+B+: 0x7f8c2522ac22 0x7f8c2522ac2e
+B+: 0x7f8c2522ac32 0x7f8c2522ac39
+B+: 0x7f8c2522ac3a 0x7f8c2522ac49
+B+: 0x7f8c2522ac4a 0x7f8c2522ac51
+B+: 0x7f8c2522ac52 0x7f8c2522ac58
+B+: 0x7f8c2522ac59 0x7f8c2522ac60
+B+: 0x7f8c2522ac61 0x7f8c2522ac68
+B+: 0x7f8c2522ac69 0x7f8c2522ac6d
+B+: 0x7f8c2522ac6e 0x7f8c2522ac77
+B+: 0x7f8c2522ac78 0x7f8c2522ac89
+B+: 0x7f8c2522ac8a 0x7f8c2522ac98
+B+: 0x7f8c2522ae90 0x7f8c2522aed3
+B+: 0x7f8c2522aedf 0x7f8c2522aef5
+B+: 0x7f8c2522aef6 0x7f8c2522aefa
+B+: 0x7f8c2522aefb 0x7f8c2522af5a
+B+: 0x7f8c2522af5b 0x7f8c2522af67
+B+: 0x7f8c2522af68 0x7f8c2522af77
+B+: 0x7f8c2522af78 0x7f8c2522af7f
+B+: 0x7f8c2522af80 0x7f8c2522af8b
+B+: 0x7f8c2522af8c 0x7f8c2522af94
+B+: 0x7f8c2522af95 0x7f8c2522af9b
+B+: 0x7f8c2522afa0 0x7f8c2522afaf
+B+: 0x7f8c2522afb0 0x7f8c2522afc5
+B+: 0x7f8c2522afc6 0x7f8c2522afcf
+B+: 0x7f8c2522afd0 0x7f8c2522afe3
+B+: 0x7f8c2522afe4 0x7f8c2522affc
+B+: 0x7f8c2522b019 0x7f8c2522b02b
+B+: 0x7f8c2522b02c 0x7f8c2522b034
+B+: 0x7f8c2522b035 0x7f8c2522b047
+B+: 0x7f8c2522b048 0x7f8c2522b05b
+B+: 0x7f8c2522b0a8 0x7f8c2522b0b4
+B+: 0x7f8c2522b0b5 0x7f8c2522b0b9
+B+: 0x7f8c2522b0db 0x7f8c2522b0e1
+B+: 0x7f8c2522b0f0 0x7f8c2522b103
+B+: 0x7f8c2522b104 0x7f8c2522b113
+B+: 0x7f8c2522b114 0x7f8c2522b11b
+B+: 0x7f8c2522b11c 0x7f8c2522b122
+B+: 0x7f8c2522b123 0x7f8c2522b152
+B+: 0x7f8c2522b153 0x7f8c2522b15f
+B+: 0x7f8c2522b160 0x7f8c2522b168
+B+: 0x7f8c2522b216 0x7f8c2522b21c
+B+: 0x7f8c2522b224 0x7f8c2522b22d
+B+: 0x7f8c2522b22e 0x7f8c2522b237
+B+: 0x7f8c2522b238 0x7f8c2522b241
+B+: 0x7f8c2522b242 0x7f8c2522b24b
+B+: 0x7f8c2522b25d 0x7f8c2522b266
+B+: 0x7f8c2522b267 0x7f8c2522b281
+B+: 0x7f8c2522b282 0x7f8c2522b293
+B+: 0x7f8c2522b34c 0x7f8c2522b353
+B+: 0x7f8c2522b354 0x7f8c2522b36f
+B+: 0x7f8c2522b51b 0x7f8c2522b525
+B+: 0x7f8c2522b526 0x7f8c2522b52e
+B+: 0x7f8c2522b52f 0x7f8c2522b537
+B+: 0x7f8c2522b8d0 0x7f8c2522b8ec
+B+: 0x7f8c2522b8ed 0x7f8c2522b8f1
+B+: 0x7f8c2522b8f8 0x7f8c2522b8fa
+B+: 0x7f8c2522b8fb 0x7f8c2522b907
+B+: 0x7f8c2522b908 0x7f8c2522b93e
+B+: 0x7f8c2522b93f 0x7f8c2522b940
+B+: 0x7f8c2522b963 0x7f8c2522b977
+B+: 0x7f8c2522b980 0x7f8c2522b986
+B+: 0x7f8c2522b987 0x7f8c2522b98e
+B+: 0x7f8c2522b98f 0x7f8c2522b997
+B+: 0x7f8c2522b998 0x7f8c2522b9ba
+B+: 0x7f8c2522b9bb 0x7f8c2522b9bc
+B+: 0x7f8c2522b9c0 0x7f8c2522b9e7
+B+: 0x7f8c2522b9e8 0x7f8c2522b9f7
+B+: 0x7f8c2522ba19 0x7f8c2522ba21
+B+: 0x7f8c2522ba22 0x7f8c2522ba2a
+B+: 0x7f8c2522ba2b 0x7f8c2522ba34
+B+: 0x7f8c2522ba35 0x7f8c2522ba3f
+B+: 0x7f8c2522bad0 0x7f8c2522bae9
+B+: 0x7f8c2522baea 0x7f8c2522bb00
+B+: 0x7f8c2522bb10 0x7f8c2522bb1f
+B+: 0x7f8c2522bb20 0x7f8c2522bb2b
+B+: 0x7f8c2522bb2c 0x7f8c2522bb31
+B+: 0x7f8c2522bb32 0x7f8c2522bb41
+B+: 0x7f8c2522bb56 0x7f8c2522bb61
+B+: 0x7f8c2522bb62 0x7f8c2522bb6f
+B+: 0x7f8c2522bb70 0x7f8c2522bb85
+B+: 0x7f8c2522bb86 0x7f8c2522bb97
+B+: 0x7f8c2522bb98 0x7f8c2522bbc0
+B+: 0x7f8c2522bbc8 0x7f8c2522bbcc
+B+: 0x7f8c2522bbcd 0x7f8c2522bbea
+B+: 0x7f8c2522bd70 0x7f8c2522bd98
+B+: 0x7f8c2522bda0 0x7f8c2522bda1
+B+: 0x7f8c2522bda2 0x7f8c2522bdaa
+B+: 0x7f8c2522bdab 0x7f8c2522bdc5
+B+: 0x7f8c2522bdc6 0x7f8c2522bdc9
+B+: 0x7f8c2522bdca 0x7f8c2522bdd1
+B+: 0x7f8c2522bdd2 0x7f8c2522bde6
+B+: 0x7f8c2522bdf0 0x7f8c2522be2a
+B+: 0x7f8c2522be2b 0x7f8c2522be2f
+B+: 0x7f8c2522be46 0x7f8c2522be5c
+B+: 0x7f8c2522be5d 0x7f8c2522be6e
+B+: 0x7f8c2522be90 0x7f8c2522bead
+B+: 0x7f8c2522bec8 0x7f8c2522bed1
+B+: 0x7f8c2522bed2 0x7f8c2522bedd
+B+: 0x7f8c2522bf6c 0x7f8c2522bf8f
+B+: 0x7f8c2522bf90 0x7f8c2522bf9c
+B+: 0x7f8c2522bf9d 0x7f8c2522bfa8
+B+: 0x7f8c2522bfa9 0x7f8c2522bfb0
+B+: 0x7f8c2522bfb1 0x7f8c2522bfc5
+B+: 0x7f8c2522c008 0x7f8c2522c012
+B+: 0x7f8c2522c013 0x7f8c2522c01e
+B+: 0x7f8c2522c01f 0x7f8c2522c02e
+B+: 0x7f8c2522c060 0x7f8c2522c066
+B+: 0x7f8c2522c067 0x7f8c2522c074
+B+: 0x7f8c2522c075 0x7f8c2522c086
+B+: 0x7f8c2522c087 0x7f8c2522c08e
+B+: 0x7f8c2522c08f 0x7f8c2522c0a2
+B+: 0x7f8c2522c0a3 0x7f8c2522c0b0
+B+: 0x7f8c2522c100 0x7f8c2522c116
+B+: 0x7f8c2522c145 0x7f8c2522c14d
+B+: 0x7f8c2522c14e 0x7f8c2522c157
+B+: 0x7f8c2522c160 0x7f8c2522c166
+B+: 0x7f8c2522c1c0 0x7f8c2522c1d1
+B+: 0x7f8c2522c1e8 0x7f8c2522c1ef
+B+: 0x7f8c2522c248 0x7f8c2522c25b
+B+: 0x7f8c2522c25c 0x7f8c2522c271
+B+: 0x7f8c2522c7d0 0x7f8c2522c7ff
+B+: 0x7f8c2522c80f 0x7f8c2522c812
+B+: 0x7f8c2522c813 0x7f8c2522c81c
+B+: 0x7f8c2522c81d 0x7f8c2522c820
+B+: 0x7f8c2522c821 0x7f8c2522c82f
+B+: 0x7f8c2522c830 0x7f8c2522c83a
+B+: 0x7f8c2522c84f 0x7f8c2522c85a
+B+: 0x7f8c2522c85f 0x7f8c2522c862
+B+: 0x7f8c2522c870 0x7f8c2522c877
+B+: 0x7f8c2522c878 0x7f8c2522c88d
+B+: 0x7f8c2522d440 0x7f8c2522d464
+B+: 0x7f8c2522d61e 0x7f8c2522d627
+B+: 0x7f8c2522d628 0x7f8c2522d631
+B+: 0x7f8c2522d632 0x7f8c2522d659
+B+: 0x7f8c2522d6af 0x7f8c2522d6bc
+B+: 0x7f8c2522d6c0 0x7f8c2522d6cb
+B+: 0x7f8c2522d730 0x7f8c2522d73b
+B+: 0x7f8c2522d740 0x7f8c2522d75e
+B+: 0x7f8c2522d75f 0x7f8c2522d767
+B+: 0x7f8c2522d7d2 0x7f8c2522d7e3
+B+: 0x7f8c2522d8a0 0x7f8c2522d8a7
+B+: 0x7f8c2522e260 0x7f8c2522e2a5
+B+: 0x7f8c2522e2b5 0x7f8c2522e2be
+B+: 0x7f8c2522e2bf 0x7f8c2522e2d2
+B+: 0x7f8c2522e2d3 0x7f8c2522e2fc
+B+: 0x7f8c2522e2fd 0x7f8c2522e310
+B+: 0x7f8c2522e324 0x7f8c2522e328
+B+: 0x7f8c2522e336 0x7f8c2522e33f
+B+: 0x7f8c2522e340 0x7f8c2522e344
+B+: 0x7f8c2522e370 0x7f8c2522e386
+B+: 0x7f8c2522e387 0x7f8c2522e398
+B+: 0x7f8c2522e3a0 0x7f8c2522e3b6
+B+: 0x7f8c2522e3b7 0x7f8c2522e3d7
+B+: 0x7f8c2522e3dd 0x7f8c2522e3ec
+B+: 0x7f8c2522e850 0x7f8c2522e886
+B+: 0x7f8c2522e887 0x7f8c2522e89a
+B+: 0x7f8c2522e89b 0x7f8c2522e8ad
+B+: 0x7f8c2522e8ae 0x7f8c2522e8c4
+B+: 0x7f8c2522e8c5 0x7f8c2522e8d7
+B+: 0x7f8c2522e8d8 0x7f8c2522e8e7
+B+: 0x7f8c2522e8e8 0x7f8c2522e90c
+B+: 0x7f8c2522e90d 0x7f8c2522e915
+B+: 0x7f8c2522e924 0x7f8c2522e933
+B+: 0x7f8c2522e934 0x7f8c2522e947
+B+: 0x7f8c2522e948 0x7f8c2522e954
+B+: 0x7f8c2522e955 0x7f8c2522e95f
+B+: 0x7f8c2522e960 0x7f8c2522e964
+B+: 0x7f8c2522ea6a 0x7f8c2522ea7c
+B+: 0x7f8c2522ea7d 0x7f8c2522ea9c
+B+: 0x7f8c2522eba0 0x7f8c2522ebad
+B+: 0x7f8c2522ebae 0x7f8c2522ebe1
+B+: 0x7f8c2522ebf0 0x7f8c2522ebfb
+B+: 0x7f8c2522edb0 0x7f8c2522edbd
+B+: 0x7f8c2522edbe 0x7f8c2522edca
+B+: 0x7f8c2522edcb 0x7f8c2522ede3
+B+: 0x7f8c2522ede8 0x7f8c2522edf4
+B+: 0x7f8c2522edf8 0x7f8c2522ee04
+B+: 0x7f8c2522ee05 0x7f8c2522ee12
+B+: 0x7f8c2522ee13 0x7f8c2522ee1d
+B+: 0x7f8c2522eeb4 0x7f8c2522eec1
+B+: 0x7f8c2522f160 0x7f8c2522f174
+B+: 0x7f8c2522f175 0x7f8c2522f187
+B+: 0x7f8c2522f188 0x7f8c2522f1a2
+B+: 0x7f8c2522f1a3 0x7f8c2522f1ac
+B+: 0x7f8c2522f1ad 0x7f8c2522f1b3
+B+: 0x7f8c2522f1d0 0x7f8c2522f1e5
+B+: 0x7f8c2522f1eb 0x7f8c2522f1f3
+B+: 0x7f8c2522f205 0x7f8c2522f20b
+B+: 0x7f8c2522f20c 0x7f8c2522f21d
+B+: 0x7f8c2522f21e 0x7f8c2522f226
+B+: 0x7f8c2522f227 0x7f8c2522f230
+B+: 0x7f8c2522f231 0x7f8c2522f232
+B+: 0x7f8c2522f240 0x7f8c2522f248
+B+: 0x7f8c2522f260 0x7f8c2522f260
+B+: 0x7f8c2522f520 0x7f8c2522f534
+B+: 0x7f8c2522f572 0x7f8c2522f578
+B+: 0x7f8c2522f580 0x7f8c2522f583
+B+: 0x7f8c2522f610 0x7f8c2522f656
+B+: 0x7f8c2522f65b 0x7f8c2522f686
+B+: 0x7f8c2522f687 0x7f8c2522f69d
+B+: 0x7f8c2522f6fc 0x7f8c2522f708
+B+: 0x7f8c2522f709 0x7f8c2522f711
+B+: 0x7f8c2522f712 0x7f8c2522f72a
+B+: 0x7f8c2522f72b 0x7f8c2522f73c
+B+: 0x7f8c2522f740 0x7f8c2522f747
+B+: 0x7f8c2522f748 0x7f8c2522f75f
+B+: 0x7f8c2522f760 0x7f8c2522f766
+B+: 0x7f8c2522f767 0x7f8c2522f780
+B+: 0x7f8c2522f790 0x7f8c2522f793
+B+: 0x7f8c2522f794 0x7f8c2522f798
+B+: 0x7f8c2522f7a2 0x7f8c2522f7aa
+B+: 0x7f8c2522f7ab 0x7f8c2522f7ae
+B+: 0x7f8c2522f7af 0x7f8c2522f7bd
+B+: 0x7f8c2522f7cb 0x7f8c2522f7d3
+B+: 0x7f8c2522f825 0x7f8c2522f841
+B+: 0x7f8c2522f842 0x7f8c2522f84d
+B+: 0x7f8c2522f87e 0x7f8c2522f88e
+B+: 0x7f8c2522f88f 0x7f8c2522f8a0
+B+: 0x7f8c2522f8a1 0x7f8c2522f8ad
+B+: 0x7f8c2522fc10 0x7f8c2522fc30
+B+: 0x7f8c2522fc31 0x7f8c2522fc58
+B+: 0x7f8c2522fc5e 0x7f8c2522fc66
+B+: 0x7f8c2522fc67 0x7f8c2522fc6f
+B+: 0x7f8c2522fc78 0x7f8c2522fc87
+B+: 0x7f8c2522fc88 0x7f8c2522fc89
+B+: 0x7f8c2522fca0 0x7f8c2522fcaf
+B+: 0x7f8c2522fcba 0x7f8c2522fcc4
+B+: 0x7f8c2522fce0 0x7f8c2522fce8
+B+: 0x7f8c25230360 0x7f8c2523036b
+B+: 0x7f8c25230480 0x7f8c25230480
+B+: 0x7f8c252309c0 0x7f8c252309db
+B+: 0x7f8c25230a16 0x7f8c25230a32
+B+: 0x7f8c25230a33 0x7f8c25230a52
+B+: 0x7f8c25230a63 0x7f8c25230a6a
+B+: 0x7f8c25230a90 0x7f8c25230aa6
+B+: 0x7f8c25230aa7 0x7f8c25230aae
+B+: 0x7f8c25230aaf 0x7f8c25230ab6
+B+: 0x7f8c25230af6 0x7f8c25230b01
+B+: 0x7f8c25230b0c 0x7f8c25230b34
+B+: 0x7f8c25230b40 0x7f8c25230b57
+B+: 0x7f8c25230b58 0x7f8c25230b5f
+B+: 0x7f8c25230b60 0x7f8c25230b67
+B+: 0x7f8c25230b68 0x7f8c25230b70
+B+: 0x7f8c25230b71 0x7f8c25230b7a
+B+: 0x7f8c25230b7b 0x7f8c25230b80
+B+: 0x7f8c25230b97 0x7f8c25230b9c
+B+: 0x7f8c25230c0a 0x7f8c25230c3d
+B+: 0x7f8c25230c47 0x7f8c25230c53
+B+: 0x7f8c25230ed0 0x7f8c25230ede
+B+: 0x7f8c25230edf 0x7f8c25230ee7
+B+: 0x7f8c25230ee8 0x7f8c25230efc
+B+: 0x7f8c25230efd 0x7f8c25230f02
+B+: 0x7f8c25230f03 0x7f8c25230f1b
+B+: 0x7f8c25230f1c 0x7f8c25230f21
+B+: 0x7f8c25230f22 0x7f8c25230f2b
+B+: 0x7f8c25230fc0 0x7f8c25230fc7
+B+: 0x7f8c25230fc8 0x7f8c25230fd0
+B+: 0x7f8c25231760 0x7f8c25231768
+B+: 0x7f8c25231769 0x7f8c2523176d
+B+: 0x7f8c2523176e 0x7f8c25231772
+B+: 0x7f8c25231780 0x7f8c25231788
+B+: 0x7f8c25231789 0x7f8c2523178d
+B+: 0x7f8c2523178e 0x7f8c25231792
+B+: 0x7f8c252317c0 0x7f8c252317d9
+B+: 0x7f8c252317da 0x7f8c252317e6
+B+: 0x7f8c252317f7 0x7f8c25231802
+B+: 0x7f8c25231803 0x7f8c2523180b
+B+: 0x7f8c2523180c 0x7f8c25231841
+B+: 0x7f8c25231842 0x7f8c2523184b
+B+: 0x7f8c2523184c 0x7f8c25231852
+B+: 0x7f8c25231853 0x7f8c25231875
+B+: 0x7f8c25231880 0x7f8c2523188e
+B+: 0x7f8c252318b0 0x7f8c252318c8
+B+: 0x7f8c25231900 0x7f8c25231941
+B+: 0x7f8c25231950 0x7f8c25231966
+B+: 0x7f8c25231967 0x7f8c2523197e
+B+: 0x7f8c2523197f 0x7f8c2523198a
+B+: 0x7f8c2523198b 0x7f8c252319b3
+B+: 0x7f8c252319b4 0x7f8c252319bd
+B+: 0x7f8c252319be 0x7f8c252319bf
+B+: 0x7f8c252319d0 0x7f8c252319e8
+B+: 0x7f8c252319e9 0x7f8c25231a14
+B+: 0x7f8c25231a1e 0x7f8c25231a25
+B+: 0x7f8c25231a26 0x7f8c25231a33
+B+: 0x7f8c25231a34 0x7f8c25231a46
+B+: 0x7f8c25231ae0 0x7f8c25231afe
+B+: 0x7f8c25231aff 0x7f8c25231b0c
+B+: 0x7f8c25231b0d 0x7f8c25231b1b
+B+: 0x7f8c25231b1c 0x7f8c25231b2c
+B+: 0x7f8c25231b40 0x7f8c25231b62
+B+: 0x7f8c25231b98 0x7f8c25231ba9
+B+: 0x7f8c252326d0 0x7f8c252326f4
+B+: 0x7f8c252326f5 0x7f8c2523270d
+B+: 0x7f8c2523270e 0x7f8c25232712
+B+: 0x7f8c25232713 0x7f8c2523271e
+B+: 0x7f8c2523271f 0x7f8c25232723
+B+: 0x7f8c25232724 0x7f8c25232728
+B+: 0x7f8c25232729 0x7f8c25232730
+B+: 0x7f8c2523273c 0x7f8c25232749
+B+: 0x7f8c2523274a 0x7f8c2523274d
+B+: 0x7f8c2523274e 0x7f8c25232760
+B+: 0x7f8c25232761 0x7f8c2523276b
+B+: 0x7f8c25232790 0x7f8c2523279d
+B+: 0x7f8c2523279e 0x7f8c252327a5
+B+: 0x7f8c252327a6 0x7f8c252327a7
+B+: 0x7f8c25232890 0x7f8c2523289d
+B+: 0x7f8c2523289e 0x7f8c252328a9
+B+: 0x7f8c252328aa 0x7f8c252328bd
+B+: 0x7f8c252328c0 0x7f8c252328ca
+B+: 0x7f8c252328d0 0x7f8c252328ef
+B+: 0x7f8c252328f0 0x7f8c252328f4
+B+: 0x7f8c252328f5 0x7f8c2523290c
+B+: 0x7f8c2523290d 0x7f8c25232910
+B+: 0x7f8c25232911 0x7f8c25232912
+B+: 0x7f8c25232913 0x7f8c2523291b
+B+: 0x7f8c2523291c 0x7f8c25232930
+B+: 0x7f8c25232938 0x7f8c2523293c
+B+: 0x7f8c25232980 0x7f8c2523298f
+B+: 0x7f8c25232990 0x7f8c2523299b
+B+: 0x7f8c2523299c 0x7f8c252329ab
+B+: 0x7f8c25232a80 0x7f8c25232a93
+B+: 0x7f8c25232a94 0x7f8c25232aac
+B+: 0x7f8c25232aad 0x7f8c25232abf
+B+: 0x7f8c25232ac0 0x7f8c25232ada
+B+: 0x7f8c25232adb 0x7f8c25232ae3
+B+: 0x7f8c25232aec 0x7f8c25232af8
+B+: 0x7f8c25232af9 0x7f8c25232b02
+B+: 0x7f8c25232b03 0x7f8c25232b06
+B+: 0x7f8c25232b07 0x7f8c25232b1a
+B+: 0x7f8c25232c49 0x7f8c25232c55
+B+: 0x7f8c25232c56 0x7f8c25232c67
+B+: 0x7f8c25232c82 0x7f8c25232c93
+B+: 0x7f8c25232d77 0x7f8c25232d82
+B+: 0x7f8c25232da0 0x7f8c25232db2
+B+: 0x7f8c25232db3 0x7f8c25232ddf
+B+: 0x7f8c25232de0 0x7f8c25232deb
+B+: 0x7f8c25232dec 0x7f8c25232dfc
+B+: 0x7f8c25232dfd 0x7f8c25232e18
+B+: 0x7f8c25232e19 0x7f8c25232e25
+B+: 0x7f8c25232e26 0x7f8c25232e2e
+B+: 0x7f8c25232e2f 0x7f8c25232e3f
+B+: 0x7f8c25232e40 0x7f8c25232e44
+B+: 0x7f8c25232e45 0x7f8c25232e50
+B+: 0x7f8c25232e51 0x7f8c25232e5d
+B+: 0x7f8c25232e5e 0x7f8c25232e77
+B+: 0x7f8c25232ece 0x7f8c25232ed2
+B+: 0x7f8c25232ed3 0x7f8c25232ede
+B+: 0x7f8c25232ee0 0x7f8c25232eec
+B+: 0x7f8c25232f60 0x7f8c25232f7c
+B+: 0x7f8c25233120 0x7f8c25233128
+B+: 0x7f8c25233129 0x7f8c25233147
+B+: 0x7f8c25233750 0x7f8c2523375e
+B+: 0x7f8c2523375f 0x7f8c25233763
+B+: 0x7f8c25233764 0x7f8c25233770
+B+: 0x7f8c25233771 0x7f8c25233777
+B+: 0x7f8c25233778 0x7f8c25233783
+B+: 0x7f8c25233784 0x7f8c25233788
+B+: 0x7f8c25233789 0x7f8c2523378d
+B+: 0x7f8c2523378e 0x7f8c25233796
+B+: 0x7f8c25233797 0x7f8c2523379e
+B+: 0x7f8c25233890 0x7f8c25233892
+B+: 0x7f8c252338a7 0x7f8c252338ab
+B+: 0x7f8c252338ac 0x7f8c252338b2
+B+: 0x7f8c252338b3 0x7f8c252338b6
+B+: 0x7f8c252338d0 0x7f8c252338e1
+B+: 0x7f8c252338e2 0x7f8c252338e6
+B+: 0x7f8c252338e7 0x7f8c252338eb
+B+: 0x7f8c252338ec 0x7f8c252338f1
+B+: 0x7f8c252338f2 0x7f8c252338fa
+B+: 0x7f8c252338fb 0x7f8c252338fc
+B+: 0x7f8c25233940 0x7f8c25233948
+B+: 0x7f8c25233949 0x7f8c25233951
+B+: 0x7f8c25233980 0x7f8c25233988
+B+: 0x7f8c25233989 0x7f8c2523398a
+B+: 0x7f8c2523398b 0x7f8c25233991
+B+: 0x7f8c25233992 0x7f8c252339a2
+B+: 0x7f8c252339a8 0x7f8c252339ac
+B+: 0x7f8c252339eb 0x7f8c25233a00
+B+: 0x7f8c25233a08 0x7f8c25233a10
+B+: 0x7f8c25233af0 0x7f8c25233b11
+B+: 0x7f8c25233b12 0x7f8c25233b16
+B+: 0x7f8c25233b17 0x7f8c25233b1d
+B+: 0x7f8c25233b1e 0x7f8c25233b26
+B+: 0x7f8c25233b27 0x7f8c25233b34
+B+: 0x7f8c25233b35 0x7f8c25233b3c
+B+: 0x7f8c25233b3d 0x7f8c25233b49
+B+: 0x7f8c25233b4a 0x7f8c25233b5a
+B+: 0x7f8c25233b5b 0x7f8c25233b63
+B+: 0x7f8c25233b7f 0x7f8c25233b93
+B+: 0x7f8c25233b94 0x7f8c25233b9c
+B+: 0x7f8c25233be0 0x7f8c25233bf7
+B+: 0x7f8c25233bf8 0x7f8c25233c00
+B+: 0x7f8c25233c1b 0x7f8c25233c2b
+B+: 0x7f8c25233d40 0x7f8c25233d5e
+B+: 0x7f8c25233d5f 0x7f8c25233d6d
+B+: 0x7f8c25233d6e 0x7f8c25233d72
+B+: 0x7f8c25233d7d 0x7f8c25233d90
+B+: 0x7f8c25233d91 0x7f8c25233d95
+B+: 0x7f8c25233d96 0x7f8c25233d9a
+B+: 0x7f8c25233da0 0x7f8c25233da4
+B+: 0x7f8c25233dd5 0x7f8c25233dd9
+B+: 0x7f8c25233dda 0x7f8c25233dde
+B+: 0x7f8c25233df0 0x7f8c25233dfb
+B+: 0x7f8c25233dfc 0x7f8c25233e07
+B+: 0x7f8c25233e08 0x7f8c25233e10
+B+: 0x7f8c25233e2c 0x7f8c25233e30
+B+: 0x7f8c25233e31 0x7f8c25233e36
+B+: 0x7f8c25233e41 0x7f8c25233e45
+B+: 0x7f8c25233e46 0x7f8c25233e54
+B+: 0x7f8c25233e55 0x7f8c25233e5d
+B+: 0x7f8c25233e5e 0x7f8c25233e62
+B+: 0x7f8c25233e63 0x7f8c25233e74
+B+: 0x7f8c25233e78 0x7f8c25233e84
+B+: 0x7f8c25233ea0 0x7f8c25233ea4
+B+: 0x7f8c25233ef0 0x7f8c25233f03
+B+: 0x7f8c25233f40 0x7f8c25233f76
+B+: 0x7f8c25233f77 0x7f8c25233f82
+B+: 0x7f8c25233f83 0x7f8c25233f92
+B+: 0x7f8c2523401b 0x7f8c25234031
+B+: 0x7f8c25234032 0x7f8c25234040
+B+: 0x7f8c25234075 0x7f8c252340b8
+B+: 0x7f8c252340b9 0x7f8c252340c3
+B+: 0x7f8c252340c4 0x7f8c252340cc
+B+: 0x7f8c252340cd 0x7f8c252340d5
+B+: 0x7f8c252340d6 0x7f8c252340de
+B+: 0x7f8c252340df 0x7f8c25234106
+B+: 0x7f8c25234107 0x7f8c25234133
+B+: 0x7f8c25234578 0x7f8c25234581
+B+: 0x7f8c25234582 0x7f8c252345a8
+B+: 0x7f8c252345a9 0x7f8c252345b6
+B+: 0x7f8c252345d0 0x7f8c252345e0
+B+: 0x7f8c252345e1 0x7f8c252345ee
+B+: 0x7f8c252345ef 0x7f8c252345f3
+B+: 0x7f8c25234670 0x7f8c2523467e
+B+: 0x7f8c2523467f 0x7f8c25234683
+B+: 0x7f8c25234684 0x7f8c25234692
+B+: 0x7f8c25234693 0x7f8c2523469a
+B+: 0x7f8c2523469b 0x7f8c252346a2
+B+: 0x7f8c252346a3 0x7f8c252346b7
+B+: 0x7f8c25234790 0x7f8c252347bc
+B+: 0x7f8c252347bd 0x7f8c252347d4
+B+: 0x7f8c252347e0 0x7f8c2523483a
+B+: 0x7f8c2523483b 0x7f8c25234875
+B+: 0x7f8c25234876 0x7f8c25234893
+B+: 0x7f8c25234894 0x7f8c252348a3
+B+: 0x7f8c252348a4 0x7f8c252348b0
+B+: 0x7f8c252349b4 0x7f8c252349b8
+B+: 0x7f8c252349b9 0x7f8c252349cf
+B+: 0x7f8c252349d0 0x7f8c252349dc
+B+: 0x7f8c252349dd 0x7f8c252349ef
+B+: 0x7f8c252349f0 0x7f8c252349f7
+B+: 0x7f8c25234a01 0x7f8c25234a16
+B+: 0x7f8c25234a28 0x7f8c25234a3d
+B+: 0x7f8c25234a3e 0x7f8c25234a4d
+B+: 0x7f8c25234a79 0x7f8c25234a97
+B+: 0x7f8c25234a98 0x7f8c25234ac0
+B+: 0x7f8c25234ac1 0x7f8c25234acf
+B+: 0x7f8c25235148 0x7f8c25235154
+B+: 0x7f8c25235155 0x7f8c25235174
+B+: 0x7f8c25235175 0x7f8c2523517f
+B+: 0x7f8c252351ac 0x7f8c252351b0
+B+: 0x7f8c252351b1 0x7f8c252351b5
+B+: 0x7f8c25235a40 0x7f8c25235a64
+B+: 0x7f8c25235b10 0x7f8c25235b1a
+B+: 0x7f8c25235b40 0x7f8c25235b47
+B+: 0x7f8c25235b48 0x7f8c25235b51
+B+: 0x7f8c25235b58 0x7f8c25235b60
+B+: 0x7f8c25235b61 0x7f8c25235b6a
+B+: 0x7f8c25235b88 0x7f8c25235b8c
+B+: 0x7f8c25235b8d 0x7f8c25235b94
+B+: 0x7f8c25235ba0 0x7f8c25235ba4
+B+: 0x7f8c25235d00 0x7f8c25235d30
+B+: 0x7f8c25235e3f 0x7f8c25235e55
+B+: 0x7f8c25235e56 0x7f8c25235e67
+B+: 0x7f8c252361e0 0x7f8c25236222
+B+: 0x7f8c25236223 0x7f8c25236228
+B+: 0x7f8c2523624c 0x7f8c25236260
+B+: 0x7f8c25236261 0x7f8c25236269
+B+: 0x7f8c25236270 0x7f8c25236279
+B+: 0x7f8c25236288 0x7f8c252362a0
+B+: 0x7f8c252362a1 0x7f8c252362ba
+B+: 0x7f8c252362bb 0x7f8c252362bc
+B+: 0x7f8c252362d0 0x7f8c252362d8
+B+: 0x7f8c252362f8 0x7f8c252362f8
+B+: 0x7f8c25236300 0x7f8c2523630c
+B+: 0x7f8c2523633f 0x7f8c25236343
+B+: 0x7f8c25236380 0x7f8c25236384
+B+: 0x7f8c252363d0 0x7f8c252363e3
+B+: 0x7f8c25236400 0x7f8c25236400
+B+: 0x7f8c25236420 0x7f8c2523645b
+B+: 0x7f8c25236467 0x7f8c25236471
+B+: 0x7f8c25236472 0x7f8c25236489
+B+: 0x7f8c2523648a 0x7f8c2523648d
+B+: 0x7f8c2523648e 0x7f8c25236494
+B+: 0x7f8c25236495 0x7f8c2523649d
+B+: 0x7f8c2523649e 0x7f8c252364a9
+B+: 0x7f8c252364aa 0x7f8c252364c2
+B+: 0x7f8c252364c3 0x7f8c252364ce
+B+: 0x7f8c252364cf 0x7f8c252364e5
+B+: 0x7f8c252364e6 0x7f8c252364f5
+B+: 0x7f8c25236500 0x7f8c2523650e
+B+: 0x7f8c2523650f 0x7f8c25236513
+B+: 0x7f8c25236514 0x7f8c2523651e
+B+: 0x7f8c25236540 0x7f8c25236549
+B+: 0x7f8c2523654a 0x7f8c2523654e
+B+: 0x7f8c2523654f 0x7f8c25236560
+B+: 0x7f8c25236568 0x7f8c25236577
+B+: 0x7f8c25236580 0x7f8c25236589
+B+: 0x7f8c252365a8 0x7f8c252365bb
+B+: 0x7f8c252365c0 0x7f8c252365ce
+B+: 0x7f8c252365cf 0x7f8c252365dc
+B+: 0x7f8c252366f0 0x7f8c252366fd
+B+: 0x7f8c252367a0 0x7f8c252367a0
+B+: 0x7f8c252367b0 0x7f8c252367ba
+B+: 0x7f8c252367bb 0x7f8c252367ce
+B+: 0x7f8c252367cf 0x7f8c252367d8
+B+: 0x7f8c252367d9 0x7f8c252367e6
+B+: 0x7f8c25236800 0x7f8c2523682d
+B+: 0x7f8c2523682e 0x7f8c25236831
+B+: 0x7f8c25236832 0x7f8c25236847
+B+: 0x7f8c25236864 0x7f8c2523686b
+B+: 0x7f8c2523686c 0x7f8c2523686f
+B+: 0x7f8c25236870 0x7f8c25236876
+B+: 0x7f8c25236877 0x7f8c2523687b
+B+: 0x7f8c2523687c 0x7f8c25236886
+B+: 0x7f8c25236ae0 0x7f8c25236b01
+B+: 0x7f8c25236b02 0x7f8c25236b0a
+B+: 0x7f8c25236b0b 0x7f8c25236b14
+B+: 0x7f8c25236b15 0x7f8c25236b19
+B+: 0x7f8c25236c00 0x7f8c25236c19
+B+: 0x7f8c25236c51 0x7f8c25236c8e
+B+: 0x7f8c25236c8f 0x7f8c25236c9e
+B+: 0x7f8c25236c9f 0x7f8c25236ca6
+B+: 0x7f8c25236df0 0x7f8c25236dfb
+B+: 0x7f8c25236e20 0x7f8c25236e20
+B+: 0x7f8c25236e30 0x7f8c25236e38
+B+: 0x7f8c25238940 0x7f8c2523894b
+B+: 0x7f8c2523894c 0x7f8c25238957
+B+: 0x7f8c25238958 0x7f8c25238964
+B+: 0x7f8c25238965 0x7f8c25238969
+B+: 0x7f8c2523896a 0x7f8c2523896f
+B+: 0x7f8c25238970 0x7f8c25238976
+B+: 0x7f8c25238980 0x7f8c25238987
+B+: 0x7f8c25238988 0x7f8c2523898c
+B+: 0x7f8c2523898d 0x7f8c2523899b
+B+: 0x7f8c2523899c 0x7f8c252389a0
+B+: 0x7f8c252389a1 0x7f8c252389a8
+B+: 0x7f8c252389a9 0x7f8c252389ad
+B+: 0x7f8c252389ae 0x7f8c252389b8
+B+: 0x7f8c252389b9 0x7f8c252389b9
+B+: 0x7f8c252389c0 0x7f8c252389c5
+B+: 0x7f8c252389c6 0x7f8c252389c9
+B+: 0x7f8c252389d0 0x7f8c252389d0
+B+: 0x7f8c252389d1 0x7f8c252389d5
+B+: 0x7f8c252389d6 0x7f8c252389d9
+B+: 0x7f8c252389e0 0x7f8c252389ff
+B+: 0x7f8c25238a00 0x7f8c25238a11
+B+: 0x7f8c25238a12 0x7f8c25238a16
+B+: 0x7f8c25238a20 0x7f8c25238a22
+B+: 0x7f8c25238a23 0x7f8c25238a2f
+B+: 0x7f8c25238a30 0x7f8c25238a33
+B+: 0x7f8c25238a34 0x7f8c25238a5d
+B+: 0x7f8c25238a5e 0x7f8c25238a62
+B+: 0x7f8c25238a63 0x7f8c25238a82
+B+: 0x7f8c25238ac0 0x7f8c25238ade
+B+: 0x7f8c25238adf 0x7f8c25238ae3
+B+: 0x7f8c25238ae4 0x7f8c25238ae8
+B+: 0x7f8c25238af0 0x7f8c25238af2
+B+: 0x7f8c25238af3 0x7f8c25238aff
+B+: 0x7f8c25238b00 0x7f8c25238b03
+B+: 0x7f8c25238b04 0x7f8c25238b3e
+B+: 0x7f8c25238b3f 0x7f8c25238b49
+B+: 0x7f8c25238b4a 0x7f8c25238b57
+B+: 0x7f8c25238b58 0x7f8c25238b5d
+B+: 0x7f8c25238b5e 0x7f8c25238b66
+B+: 0x7f8c25238b67 0x7f8c25238b70
+B+: 0x7f8c25238b71 0x7f8c25238b7a
+B+: 0x7f8c25238b7b 0x7f8c25238b9a
+B+: 0x7f8c25238b9b 0x7f8c25238ba3
+B+: 0x7f8c25238ba4 0x7f8c25238bbd
+B+: 0x7f8c25238bc0 0x7f8c25238bc5
+B+: 0x7f8c25238bc6 0x7f8c25238bcf
+B+: 0x7f8c25238bd0 0x7f8c25238bd9
+B+: 0x7f8c25238bda 0x7f8c25238bf7
+B+: 0x7f8c25238c08 0x7f8c25238c14
+B+: 0x7f8c25238c15 0x7f8c25238c1b
+B+: 0x7f8c25238c1c 0x7f8c25238c29
+B+: 0x7f8c25238cb0 0x7f8c25238cca
+B+: 0x7f8c25238ccb 0x7f8c25238cda
+B+: 0x7f8c25238cdb 0x7f8c25238ce6
+B+: 0x7f8c25238ce7 0x7f8c25238cef
+B+: 0x7f8c25238cf0 0x7f8c25238cf4
+B+: 0x7f8c25238cf5 0x7f8c25238cfc
+B+: 0x7f8c25238cfd 0x7f8c25238d10
+B+: 0x7f8c25238d11 0x7f8c25238d21
+B+: 0x7f8c25238d22 0x7f8c25238d26
+B+: 0x7f8c25238d27 0x7f8c25238d38
+B+: 0x7f8c25238d39 0x7f8c25238d4b
+B+: 0x7f8c25238d4c 0x7f8c25238d54
+B+: 0x7f8c25238d55 0x7f8c25238d5e
+B+: 0x7f8c25238d5f 0x7f8c25238d6d
+B+: 0x7f8c25238ea0 0x7f8c25238eb6
+B+: 0x7f8c25238eb7 0x7f8c25238ebb
+B+: 0x7f8c25238ebc 0x7f8c25238ec0
+B+: 0x7f8c25238ec8 0x7f8c25238ecb
+B+: 0x7f8c25238ecc 0x7f8c25238ed9
+B+: 0x7f8c25238eda 0x7f8c25238edd
+B+: 0x7f8c25238ede 0x7f8c25238f06
+B+: 0x7f8c25238f07 0x7f8c25238f10
+B+: 0x7f8c25238f11 0x7f8c25238f16
+B+: 0x7f8c25238f17 0x7f8c25238f24
+B+: 0x7f8c25238f25 0x7f8c25238f2d
+B+: 0x7f8c25239440 0x7f8c2523946b
+B+: 0x7f8c2523946c 0x7f8c25239470
+B+: 0x7f8c25239471 0x7f8c25239475
+B+: 0x7f8c25239536 0x7f8c2523953e
+B+: 0x7f8c2523953f 0x7f8c25239548
+B+: 0x7f8c25239549 0x7f8c25239551
+B+: 0x7f8c252395d0 0x7f8c252395e4
+B+: 0x7f8c252395e5 0x7f8c25239606
+B+: 0x7f8c25239607 0x7f8c25239610
+B+: 0x7f8c25239611 0x7f8c25239618
+B+: 0x7f8c25239640 0x7f8c25239648
+B+: 0x7f8c25239649 0x7f8c25239656
+B+: 0x7f8c25239657 0x7f8c2523965f
+B+: 0x7f8c25239660 0x7f8c25239661
+B+: 0x7f8c25239760 0x7f8c252397aa
+B+: 0x7f8c252397ab 0x7f8c252397af
+B+: 0x7f8c252397b0 0x7f8c252397be
+B+: 0x7f8c252397c8 0x7f8c252397d3
+B+: 0x7f8c252397d4 0x7f8c252397d8
+B+: 0x7f8c252397d9 0x7f8c252397e0
+B+: 0x7f8c252397e1 0x7f8c252397e5
+B+: 0x7f8c252397e6 0x7f8c252397f3
+B+: 0x7f8c252397f4 0x7f8c252397fb
+B+: 0x7f8c25239800 0x7f8c25239810
+B+: 0x7f8c25239811 0x7f8c25239815
+B+: 0x7f8c25239816 0x7f8c25239832
+B+: 0x7f8c25239833 0x7f8c25239843
+B+: 0x7f8c25239844 0x7f8c2523984f
+B+: 0x7f8c25239850 0x7f8c25239857
+B+: 0x7f8c25239858 0x7f8c2523985c
+B+: 0x7f8c2523985d 0x7f8c25239868
+B+: 0x7f8c25239869 0x7f8c2523987b
+B+: 0x7f8c2523987c 0x7f8c25239884
+B+: 0x7f8c25239888 0x7f8c25239897
+B+: 0x7f8c25239898 0x7f8c2523989b
+B+: 0x7f8c2523989c 0x7f8c252398b4
+B+: 0x7f8c252398b5 0x7f8c252398b8
+B+: 0x7f8c252398b9 0x7f8c252398c6
+B+: 0x7f8c252398c7 0x7f8c252398d5
+B+: 0x7f8c25239dc0 0x7f8c25239dec
+B+: 0x7f8c25239ded 0x7f8c25239df2
+B+: 0x7f8c25239df3 0x7f8c25239e04
+B+: 0x7f8c25239e05 0x7f8c25239e0d
+B+: 0x7f8c25239e0e 0x7f8c25239e1c
+CND+ 0x7f8c2522800e: taken
+CND+ 0x7f8c252285ea: not taken
+CND+ 0x7f8c25228626: not taken
+CND+ 0x7f8c2522863b: taken
+CND+ 0x7f8c25228673: not taken
+CND+ 0x7f8c25228687: not taken
+CND+ 0x7f8c25228695: not taken
+CND+ 0x7f8c252287e2: taken
+CND+ 0x7f8c25228862: not taken
+CND+ 0x7f8c2522887c: both
+CND+ 0x7f8c252288a9: not taken
+CND+ 0x7f8c25228a5d: not taken
+CND+ 0x7f8c25228a62: taken
+CND+ 0x7f8c252296e6: not taken
+CND+ 0x7f8c25229704: taken
+CND+ 0x7f8c2522971a: not taken
+CND+ 0x7f8c2522971f: taken
+CND+ 0x7f8c2522972f: taken
+CND+ 0x7f8c2522974c: not taken
+CND+ 0x7f8c25229756: not taken
+CND+ 0x7f8c2522978f: not taken
+CND+ 0x7f8c2522979b: taken
+CND+ 0x7f8c2522a079: taken
+CND+ 0x7f8c2522a11b: not taken
+CND+ 0x7f8c2522a149: not taken
+CND+ 0x7f8c2522a158: not taken
+CND+ 0x7f8c2522a190: not taken
+CND+ 0x7f8c2522a1ce: taken
+CND+ 0x7f8c2522ac20: not taken
+CND+ 0x7f8c2522ac2d: taken
+CND+ 0x7f8c2522ac48: not taken
+CND+ 0x7f8c2522ac5f: both
+CND+ 0x7f8c2522ac88: not taken
+CND+ 0x7f8c2522aed2: taken
+CND+ 0x7f8c2522af55: not taken
+CND+ 0x7f8c2522af7e: not taken
+CND+ 0x7f8c2522af8a: not taken
+CND+ 0x7f8c2522af93: both
+CND+ 0x7f8c2522afc4: not taken
+CND+ 0x7f8c2522afe2: both
+CND+ 0x7f8c2522affb: taken
+CND+ 0x7f8c2522b05a: taken
+CND+ 0x7f8c2522b0af: not taken
+CND+ 0x7f8c2522b0b8: taken
+CND+ 0x7f8c2522b0e0: taken
+CND+ 0x7f8c2522b116: not taken
+CND+ 0x7f8c2522b15a: not taken
+CND+ 0x7f8c2522b163: taken
+CND+ 0x7f8c2522b21b: taken
+CND+ 0x7f8c2522b24a: taken
+CND+ 0x7f8c2522b27c: not taken
+CND+ 0x7f8c2522b36a: taken
+CND+ 0x7f8c2522b520: not taken
+CND+ 0x7f8c2522b529: not taken
+CND+ 0x7f8c2522b532: taken
+CND+ 0x7f8c2522b8eb: not taken
+CND+ 0x7f8c2522b906: both
+CND+ 0x7f8c2522b93d: not taken
+CND+ 0x7f8c2522b985: both
+CND+ 0x7f8c2522b9f6: taken
+CND+ 0x7f8c2522ba20: both
+CND+ 0x7f8c2522ba29: not taken
+CND+ 0x7f8c2522ba33: not taken
+CND+ 0x7f8c2522bae4: not taken
+CND+ 0x7f8c2522bafb: taken
+CND+ 0x7f8c2522bb2a: both
+CND+ 0x7f8c2522bb30: both
+CND+ 0x7f8c2522bb40: taken
+CND+ 0x7f8c2522bb60: not taken
+CND+ 0x7f8c2522bb96: not taken
+CND+ 0x7f8c2522bbe5: taken
+CND+ 0x7f8c2522bda0: not taken
+CND+ 0x7f8c2522bda9: not taken
+CND+ 0x7f8c2522bdc8: both
+CND+ 0x7f8c2522bdd0: both
+CND+ 0x7f8c2522be2e: taken
+CND+ 0x7f8c2522be57: not taken
+CND+ 0x7f8c2522beac: taken
+CND+ 0x7f8c2522bed8: taken
+CND+ 0x7f8c2522bfa3: not taken
+CND+ 0x7f8c2522bfc0: taken
+CND+ 0x7f8c2522c019: not taken
+CND+ 0x7f8c2522c065: not taken
+CND+ 0x7f8c2522c06f: not taken
+CND+ 0x7f8c2522c089: both
+CND+ 0x7f8c2522c09d: not taken
+CND+ 0x7f8c2522c0ab: taken
+CND+ 0x7f8c2522c14c: not taken
+CND+ 0x7f8c2522c156: taken
+CND+ 0x7f8c2522c1cc: taken
+CND+ 0x7f8c2522c1ee: taken
+CND+ 0x7f8c2522c811: both
+CND+ 0x7f8c2522c81b: not taken
+CND+ 0x7f8c2522c81f: not taken
+CND+ 0x7f8c2522c839: taken
+CND+ 0x7f8c2522c859: taken
+CND+ 0x7f8c2522c861: taken
+CND+ 0x7f8c2522d45f: taken
+CND+ 0x7f8c2522d626: not taken
+CND+ 0x7f8c2522d6ca: taken
+CND+ 0x7f8c2522d762: taken
+CND+ 0x7f8c2522e2a4: taken
+CND+ 0x7f8c2522e2bd: not taken
+CND+ 0x7f8c2522e2cd: not taken
+CND+ 0x7f8c2522e30f: taken
+CND+ 0x7f8c2522e327: taken
+CND+ 0x7f8c2522e33a: not taken
+CND+ 0x7f8c2522e343: taken
+CND+ 0x7f8c2522e381: not taken
+CND+ 0x7f8c2522e3d6: taken
+CND+ 0x7f8c2522e3e7: taken
+CND+ 0x7f8c2522e895: not taken
+CND+ 0x7f8c2522e8a8: not taken
+CND+ 0x7f8c2522e8d2: not taken
+CND+ 0x7f8c2522e907: not taken
+CND+ 0x7f8c2522e942: taken
+CND+ 0x7f8c2522e953: not taken
+CND+ 0x7f8c2522e963: taken
+CND+ 0x7f8c2522ea7b: not taken
+CND+ 0x7f8c2522edbc: both
+CND+ 0x7f8c2522edc9: both
+CND+ 0x7f8c2522ee03: not taken
+CND+ 0x7f8c2522ee0d: not taken
+CND+ 0x7f8c2522ee18: taken
+CND+ 0x7f8c2522f1a1: not taken
+CND+ 0x7f8c2522f1ab: not taken
+CND+ 0x7f8c2522f1e4: taken
+CND+ 0x7f8c2522f1f2: taken
+CND+ 0x7f8c2522f20a: not taken
+CND+ 0x7f8c2522f225: not taken
+CND+ 0x7f8c2522f22f: not taken
+CND+ 0x7f8c2522f247: taken
+CND+ 0x7f8c2522f533: taken
+CND+ 0x7f8c2522f582: taken
+CND+ 0x7f8c2522f655: taken
+CND+ 0x7f8c2522f698: taken
+CND+ 0x7f8c2522f703: not taken
+CND+ 0x7f8c2522f70c: taken
+CND+ 0x7f8c2522f725: not taken
+CND+ 0x7f8c2522f742: not taken
+CND+ 0x7f8c2522f75a: not taken
+CND+ 0x7f8c2522f765: not taken
+CND+ 0x7f8c2522f792: not taken
+CND+ 0x7f8c2522f797: taken
+CND+ 0x7f8c2522f7a9: taken
+CND+ 0x7f8c2522f7ad: not taken
+CND+ 0x7f8c2522f7bc: taken
+CND+ 0x7f8c2522f7ce: taken
+CND+ 0x7f8c2522f848: taken
+CND+ 0x7f8c2522f889: not taken
+CND+ 0x7f8c2522f89b: not taken
+CND+ 0x7f8c2522f8a8: taken
+CND+ 0x7f8c2522fc2f: not taken
+CND+ 0x7f8c2522fc57: taken
+CND+ 0x7f8c2522fc65: not taken
+CND+ 0x7f8c2522fc6e: taken
+CND+ 0x7f8c2522fc86: not taken
+CND+ 0x7f8c2522fcae: taken
+CND+ 0x7f8c25230366: taken
+CND+ 0x7f8c252309d6: taken
+CND+ 0x7f8c25230a31: not taken
+CND+ 0x7f8c25230a51: taken
+CND+ 0x7f8c25230aad: not taken
+CND+ 0x7f8c25230ab5: taken
+CND+ 0x7f8c25230b00: taken
+CND+ 0x7f8c25230b5a: not taken
+CND+ 0x7f8c25230b62: not taken
+CND+ 0x7f8c25230b6b: not taken
+CND+ 0x7f8c25230b75: not taken
+CND+ 0x7f8c25230b7f: taken
+CND+ 0x7f8c25230b9b: taken
+CND+ 0x7f8c25230c3c: taken
+CND+ 0x7f8c25230ed9: not taken
+CND+ 0x7f8c25230ee6: not taken
+CND+ 0x7f8c25230f01: not taken
+CND+ 0x7f8c25230f1a: not taken
+CND+ 0x7f8c25230f20: not taken
+CND+ 0x7f8c25230f26: taken
+CND+ 0x7f8c2523176c: not taken
+CND+ 0x7f8c2523178c: not taken
+CND+ 0x7f8c252317d8: both
+CND+ 0x7f8c252317e1: taken
+CND+ 0x7f8c25231806: not taken
+CND+ 0x7f8c25231840: not taken
+CND+ 0x7f8c2523184a: not taken
+CND+ 0x7f8c25231965: both
+CND+ 0x7f8c25231989: not taken
+CND+ 0x7f8c252319b2: not taken
+CND+ 0x7f8c252319bc: not taken
+CND+ 0x7f8c252319e3: not taken
+CND+ 0x7f8c25231a13: taken
+CND+ 0x7f8c25231afd: not taken
+CND+ 0x7f8c25231b1a: not taken
+CND+ 0x7f8c25231b61: taken
+CND+ 0x7f8c25232711: not taken
+CND+ 0x7f8c2523271d: not taken
+CND+ 0x7f8c25232722: not taken
+CND+ 0x7f8c25232748: not taken
+CND+ 0x7f8c2523274c: not taken
+CND+ 0x7f8c2523275f: not taken
+CND+ 0x7f8c252327a4: not taken
+CND+ 0x7f8c252328f3: both
+CND+ 0x7f8c2523290f: both
+CND+ 0x7f8c25232911: not taken
+CND+ 0x7f8c2523291a: taken
+CND+ 0x7f8c25232a92: not taken
+CND+ 0x7f8c25232aba: not taken
+CND+ 0x7f8c25232ad5: both
+CND+ 0x7f8c25232ade: taken
+CND+ 0x7f8c25232af7: not taken
+CND+ 0x7f8c25232b01: not taken
+CND+ 0x7f8c25232b05: not taken
+CND+ 0x7f8c25232b19: taken
+CND+ 0x7f8c25232c50: not taken
+CND+ 0x7f8c25232c62: taken
+CND+ 0x7f8c25232db1: not taken
+CND+ 0x7f8c25232dea: both
+CND+ 0x7f8c25232e13: not taken
+CND+ 0x7f8c25232e20: taken
+CND+ 0x7f8c25232e2d: not taken
+CND+ 0x7f8c25232e43: not taken
+CND+ 0x7f8c25232e4f: both
+CND+ 0x7f8c25232e58: not taken
+CND+ 0x7f8c25232e72: taken
+CND+ 0x7f8c25232ee7: taken
+CND+ 0x7f8c2523375d: both
+CND+ 0x7f8c2523376f: not taken
+CND+ 0x7f8c25233782: both
+CND+ 0x7f8c25233787: both
+CND+ 0x7f8c25233795: both
+CND+ 0x7f8c252338b1: not taken
+CND+ 0x7f8c252338dc: not taken
+CND+ 0x7f8c252338ea: not taken
+CND+ 0x7f8c252338ec: both
+CND+ 0x7f8c252338f5: not taken
+CND+ 0x7f8c252338fb: taken
+CND+ 0x7f8c25233943: not taken
+CND+ 0x7f8c2523394c: taken
+CND+ 0x7f8c25233983: not taken
+CND+ 0x7f8c25233989: both
+CND+ 0x7f8c25233990: not taken
+CND+ 0x7f8c252339ab: taken
+CND+ 0x7f8c25233a0b: taken
+CND+ 0x7f8c25233b10: both
+CND+ 0x7f8c25233b1c: not taken
+CND+ 0x7f8c25233b21: both
+CND+ 0x7f8c25233b2f: not taken
+CND+ 0x7f8c25233b37: both
+CND+ 0x7f8c25233b44: both
+CND+ 0x7f8c25233b5e: taken
+CND+ 0x7f8c25233b92: both
+CND+ 0x7f8c25233b9b: taken
+CND+ 0x7f8c25233bfb: taken
+CND+ 0x7f8c25233d68: both
+CND+ 0x7f8c25233d71: taken
+CND+ 0x7f8c25233d8b: not taken
+CND+ 0x7f8c25233da3: taken
+CND+ 0x7f8c25233ddd: taken
+CND+ 0x7f8c25233e02: not taken
+CND+ 0x7f8c25233e0b: taken
+CND+ 0x7f8c25233e2f: not taken
+CND+ 0x7f8c25233e35: taken
+CND+ 0x7f8c25233e4f: not taken
+CND+ 0x7f8c25233e58: both
+CND+ 0x7f8c25233f7d: not taken
+CND+ 0x7f8c2523402c: not taken
+CND+ 0x7f8c252340c7: not taken
+CND+ 0x7f8c252340d0: both
+CND+ 0x7f8c252340d9: not taken
+CND+ 0x7f8c252345a7: both
+CND+ 0x7f8c252345ed: not taken
+CND+ 0x7f8c252345f2: taken
+CND+ 0x7f8c25234682: not taken
+CND+ 0x7f8c252346a1: not taken
+CND+ 0x7f8c252347bb: not taken
+CND+ 0x7f8c25234835: not taken
+CND+ 0x7f8c25234870: not taken
+CND+ 0x7f8c2523488e: not taken
+CND+ 0x7f8c2523489e: not taken
+CND+ 0x7f8c252349ca: both
+CND+ 0x7f8c252349ea: taken
+CND+ 0x7f8c252349f6: taken
+CND+ 0x7f8c25234a15: taken
+CND+ 0x7f8c25234a38: not taken
+CND+ 0x7f8c25234a48: taken
+CND+ 0x7f8c25234abb: not taken
+CND+ 0x7f8c2523514f: not taken
+CND+ 0x7f8c2523516f: not taken
+CND+ 0x7f8c2523517e: taken
+CND+ 0x7f8c25235a5f: taken
+CND+ 0x7f8c25235b46: not taken
+CND+ 0x7f8c25235b50: taken
+CND+ 0x7f8c25235b69: taken
+CND+ 0x7f8c25235b93: taken
+CND+ 0x7f8c25235d2b: taken
+CND+ 0x7f8c25235e50: not taken
+CND+ 0x7f8c25236227: taken
+CND+ 0x7f8c2523625f: not taken
+CND+ 0x7f8c25236278: taken
+CND+ 0x7f8c252362b9: not taken
+CND+ 0x7f8c252362d7: taken
+CND+ 0x7f8c2523630b: taken
+CND+ 0x7f8c25236383: taken
+CND+ 0x7f8c252363e2: taken
+CND+ 0x7f8c25236456: taken
+CND+ 0x7f8c25236488: both
+CND+ 0x7f8c2523648c: not taken
+CND+ 0x7f8c25236493: not taken
+CND+ 0x7f8c25236498: both
+CND+ 0x7f8c252364e0: not taken
+CND+ 0x7f8c25236512: not taken
+CND+ 0x7f8c25236519: taken
+CND+ 0x7f8c25236548: not taken
+CND+ 0x7f8c2523654d: not taken
+CND+ 0x7f8c252365c9: not taken
+CND+ 0x7f8c252365d7: taken
+CND+ 0x7f8c252366f8: taken
+CND+ 0x7f8c252367b9: not taken
+CND+ 0x7f8c25236830: not taken
+CND+ 0x7f8c25236846: taken
+CND+ 0x7f8c2523686e: not taken
+CND+ 0x7f8c25236b09: not taken
+CND+ 0x7f8c25236b13: not taken
+CND+ 0x7f8c25236c18: taken
+CND+ 0x7f8c25236c9d: not taken
+CND+ 0x7f8c25236dfa: taken
+CND+ 0x7f8c25238946: both
+CND+ 0x7f8c25238963: both
+CND+ 0x7f8c25238968: not taken
+CND+ 0x7f8c2523896e: not taken
+CND+ 0x7f8c25238986: not taken
+CND+ 0x7f8c2523898b: both
+CND+ 0x7f8c2523899a: both
+CND+ 0x7f8c2523899f: both
+CND+ 0x7f8c252389ac: both
+CND+ 0x7f8c252389b7: both
+CND+ 0x7f8c252389c4: not taken
+CND+ 0x7f8c25238a10: not taken
+CND+ 0x7f8c25238a15: taken
+CND+ 0x7f8c25238a2e: both
+CND+ 0x7f8c25238a32: both
+CND+ 0x7f8c25238a5c: both
+CND+ 0x7f8c25238add: not taken
+CND+ 0x7f8c25238ae2: not taken
+CND+ 0x7f8c25238afe: not taken
+CND+ 0x7f8c25238b02: both
+CND+ 0x7f8c25238b48: both
+CND+ 0x7f8c25238b52: not taken
+CND+ 0x7f8c25238b5c: not taken
+CND+ 0x7f8c25238b65: both
+CND+ 0x7f8c25238b6b: taken
+CND+ 0x7f8c25238b75: not taken
+CND+ 0x7f8c25238b95: not taken
+CND+ 0x7f8c25238ba2: not taken
+CND+ 0x7f8c25238bc4: not taken
+CND+ 0x7f8c25238bce: not taken
+CND+ 0x7f8c25238bf6: taken
+CND+ 0x7f8c25238c24: taken
+CND+ 0x7f8c25238ce1: not taken
+CND+ 0x7f8c25238cea: not taken
+CND+ 0x7f8c25238cf3: not taken
+CND+ 0x7f8c25238d25: not taken
+CND+ 0x7f8c25238d53: not taken
+CND+ 0x7f8c25238d5d: not taken
+CND+ 0x7f8c25238eb5: not taken
+CND+ 0x7f8c25238eba: not taken
+CND+ 0x7f8c25238ed8: both
+CND+ 0x7f8c25238edc: taken
+CND+ 0x7f8c25238f0f: not taken
+CND+ 0x7f8c25238f15: not taken
+CND+ 0x7f8c2523946f: not taken
+CND+ 0x7f8c2523953d: not taken
+CND+ 0x7f8c25239547: not taken
+CND+ 0x7f8c25239605: not taken
+CND+ 0x7f8c2523960f: not taken
+CND+ 0x7f8c25239647: not taken
+CND+ 0x7f8c2523965e: not taken
+CND+ 0x7f8c252397bd: taken
+CND+ 0x7f8c252397d2: taken
+CND+ 0x7f8c252397df: not taken
+CND+ 0x7f8c252397e4: both
+CND+ 0x7f8c252397fa: taken
+CND+ 0x7f8c25239856: not taken
+CND+ 0x7f8c2523985b: taken
+CND+ 0x7f8c2523987a: not taken
+CND+ 0x7f8c2523989a: not taken
+CND+ 0x7f8c252398b7: not taken
+CND+ 0x7f8c252398c5: not taken
+CND+ 0x7f8c252398d4: taken
+CND+ 0x7f8c25239df1: not taken
+CND+ 0x7f8c25239e0c: not taken
@0x7f8c25238c19 to 0x7f8c2522c7d0 1
@0x7f8c25238c19 to 0x7f8c25233120 1
@0x7f8c25228050 to 0x7f8c28d61a30 4
@0x7f8c25228080 to 0x7f8c28d01330 2
@0x7f8c25228090 to 0x7f8c28da3710 1
@0x7f8c252280a0 to 0x7f8c28d79e70 5
@0x7f8c252280d0 to 0x7f8c28d14a20 7
@0x7f8c252280f0 to 0x7f8c28e38800 4
@0x7f8c25228130 to 0x7f8c28da41e0 1
@0x7f8c25228140 to 0x7f8c28d18c10 1
@0x7f8c25228150 to 0x7f8c28dc6800 4
@0x7f8c25228160 to 0x7f8c28da3230 1
@0x7f8c25228190 to 0x7f8c28e38bc0 8
@0x7f8c252281c0 to 0x7f8c28da4200 1
@0x7f8c252281e0 to 0x7f8c28e385d0 1
@0x7f8c25228220 to 0x7f8c28da4210 2
@0x7f8c25228230 to 0x7f8c28dc7b10 1
@0x7f8c2522a16e to 0x7f8c2522a1c0 1
@0x7f8c25228280 to 0x7f8c28e33d10 12
@0x7f8c252282a0 to 0x7f8c28d14450 4
@0x7f8c2522a1ac to 0x7f8c2522ae90 1
@0x7f8c252282d0 to 0x7f8c28e34100 9
@0x7f8c25228320 to 0x7f8c28d150f0 4
@0x7f8c25228330 to 0x7f8c28e39100 6
@0x7f8c25228350 to 0x7f8c28da4220 1
@0x7f8c25228370 to 0x7f8c28dc6800 2
@0x7f8c25228390 to 0x7f8c28d613e0 23
@0x7f8c252283b0 to 0x7f8c28da4230 1
@0x7f8c252283c0 to 0x7f8c28e33e90 24
@0x7f8c252283e0 to 0x7f8c28de4ba0 1
@0x7f8c25228410 to 0x7f8c28d61c80 1
@0x7f8c25228460 to 0x7f8c28e390e0 14
@0x7f8c25228510 to 0x7f8c28da41f0 1
@0x7f8c25228560 to 0x7f8c28da34e0 1
@0x7f8c25228570 to 0x7f8c28d0d580 191
@0x7f8c25233f91 to 0x7f8c25234075 1
@0x7f8c25228784 to 0x7f8c28d00fb0 1
@0x7f8c25239e01 to 0x7f8c25228840 1
@0x7f8c2523655f to 0x7f8c25236580 1
@0x7f8c2523655f to 0x7f8c252365c0 1
@0x7f8c2523655f to 0x7f8c252365a8 2
@0x7f8c252348af to 0x7f8c25234a01 201
@0x7f8c252348af to 0x7f8c252349f0 11
@0x7f8c252348af to 0x7f8c25234a28 1
