MODULE_NAME: /usr/bin/gs
MODULE_START: 0x7f4dabd05000
+B+: 0x7f4dabd06000 0x7f4dabd0600f
+B+: 0x7f4dabd06012 0x7f4dabd06016
+B+: 0x7f4dabd06020 0x7f4dabd0602b
+B+: 0x7f4dabd06030 0x7f4dabd06035
+B+: 0x7f4dabd06036 0x7f4dabd0603f
+B+: 0x7f4dabd06040 0x7f4dabd06045
+B+: 0x7f4dabd06046 0x7f4dabd0604f
+B+: 0x7f4dabd06050 0x7f4dabd06055
+B+: 0x7f4dabd06056 0x7f4dabd0605f
+B+: 0x7f4dabd06090 0x7f4dabd06095
+B+: 0x7f4dabd06096 0x7f4dabd0609f
+B+: 0x7f4dabd060b0 0x7f4dabd060b5
+B+: 0x7f4dabd060b6 0x7f4dabd060bf
+B+: 0x7f4dabd060c0 0x7f4dabd060c5
+B+: 0x7f4dabd060c6 0x7f4dabd060cf
+B+: 0x7f4dabd060d0 0x7f4dabd060d5
+B+: 0x7f4dabd060d6 0x7f4dabd060df
+B+: 0x7f4dabd060e0 0x7f4dabd060e5
+B+: 0x7f4dabd060f0 0x7f4dabd06121
+B+: 0x7f4dabd06122 0x7f4dabd06127
+B+: 0x7f4dabd06128 0x7f4dabd06130
+B+: 0x7f4dabd06131 0x7f4dabd06132
+B+: 0x7f4dabd06133 0x7f4dabd06137
+B+: 0x7f4dabd06138 0x7f4dabd06152
+B+: 0x7f4dabd06153 0x7f4dabd0615b
+B+: 0x7f4dabd06184 0x7f4dabd061a2
+B+: 0x7f4dabd061a3 0x7f4dabd061b1
+B+: 0x7f4dabd061b2 0x7f4dabd061b7
+B+: 0x7f4dabd061b8 0x7f4dabd061c1
+B+: 0x7f4dabd061c2 0x7f4dabd061c5
+B+: 0x7f4dabd061c6 0x7f4dabd061ca
+B+: 0x7f4dabd061cb 0x7f4dabd061d6
+B+: 0x7f4dabd061d7 0x7f4dabd061db
+B+: 0x7f4dabd06220 0x7f4dabd06249
+B+: 0x7f4dabd06250 0x7f4dabd06262
+B+: 0x7f4dabd06278 0x7f4dabd06278
+B+: 0x7f4dabd06280 0x7f4dabd062a3
+B+: 0x7f4dabd062b8 0x7f4dabd062b8
+B+: 0x7f4dabd062c0 0x7f4dabd062c8
+B+: 0x7f4dabd062c9 0x7f4dabd062d6
+B+: 0x7f4dabd062d7 0x7f4dabd062e2
+B+: 0x7f4dabd062e3 0x7f4dabd062e7
+B+: 0x7f4dabd062e8 0x7f4dabd062f0
+B+: 0x7f4dabd06300 0x7f4dabd06304
+B+: 0x7f4dabd06350 0x7f4dabd06373
+B+: 0x7f4dabd06374 0x7f4dabd0637c
+B+: 0x7f4dabd0637d 0x7f4dabd06385
+B+: 0x7f4dabd063c0 0x7f4dabd063ec
+B+: 0x7f4dabd063ed 0x7f4dabd063f2
+B+: 0x7f4dabd063f3 0x7f4dabd06404
+B+: 0x7f4dabd06405 0x7f4dabd0640d
+B+: 0x7f4dabd0640e 0x7f4dabd0641c
+B+: 0x7f4dabd06424 0x7f4dabd0642c
+CND+ 0x7f4dabd0600e: taken
+CND+ 0x7f4dabd06126: taken
+CND+ 0x7f4dabd0612b: not taken
+CND+ 0x7f4dabd06131: not taken
+CND+ 0x7f4dabd06136: not taken
+CND+ 0x7f4dabd0614d: not taken
+CND+ 0x7f4dabd061b6: not taken
+CND+ 0x7f4dabd061c4: not taken
+CND+ 0x7f4dabd061c9: not taken
+CND+ 0x7f4dabd06261: taken
+CND+ 0x7f4dabd062a2: taken
+CND+ 0x7f4dabd062c7: not taken
+CND+ 0x7f4dabd062d5: not taken
+CND+ 0x7f4dabd063f1: not taken
+CND+ 0x7f4dabd0640c: not taken
@0x7f4dabd06026 to 0x7f4dafcf5500 7
@0x7f4dabd06030 to 0x7f4dabd06036 1
@0x7f4dabd06040 to 0x7f4dabd06046 1
@0x7f4dabd06050 to 0x7f4dabd06056 1
@0x7f4dabd06090 to 0x7f4dabd06096 1
@0x7f4dabd060b0 to 0x7f4dabd060b6 1
@0x7f4dabd060c0 to 0x7f4dabd060c6 1
@0x7f4dabd060d0 to 0x7f4dabd060d6 1
@0x7f4dabd060e0 to 0x7f4dae85b1c0 1
@0x7f4dabd06244 to 0x7f4dae844fb0 1
@0x7f4dabd06401 to 0x7f4dabd06300 1
