MODULE_NAME: /bin/dash
MODULE_START: 0x7f8d90ed5000
+B+: 0x7f8d90ed9000 0x7f8d90ed900f
+B+: 0x7f8d90ed9012 0x7f8d90ed9016
+B+: 0x7f8d90ed9050 0x7f8d90ed9055
+B+: 0x7f8d90ed9080 0x7f8d90ed9085
+B+: 0x7f8d90ed9090 0x7f8d90ed9095
+B+: 0x7f8d90ed90a0 0x7f8d90ed90a5
+B+: 0x7f8d90ed90d0 0x7f8d90ed90d5
+B+: 0x7f8d90ed90f0 0x7f8d90ed90f5
+B+: 0x7f8d90ed9130 0x7f8d90ed9135
+B+: 0x7f8d90ed9140 0x7f8d90ed9145
+B+: 0x7f8d90ed9150 0x7f8d90ed9155
+B+: 0x7f8d90ed9160 0x7f8d90ed9165
+B+: 0x7f8d90ed9190 0x7f8d90ed9195
+B+: 0x7f8d90ed91c0 0x7f8d90ed91c5
+B+: 0x7f8d90ed91e0 0x7f8d90ed91e5
+B+: 0x7f8d90ed9220 0x7f8d90ed9225
+B+: 0x7f8d90ed9230 0x7f8d90ed9235
+B+: 0x7f8d90ed9280 0x7f8d90ed9285
+B+: 0x7f8d90ed92a0 0x7f8d90ed92a5
+B+: 0x7f8d90ed92d0 0x7f8d90ed92d5
+B+: 0x7f8d90ed9320 0x7f8d90ed9325
+B+: 0x7f8d90ed9330 0x7f8d90ed9335
+B+: 0x7f8d90ed9350 0x7f8d90ed9355
+B+: 0x7f8d90ed9370 0x7f8d90ed9375
+B+: 0x7f8d90ed9390 0x7f8d90ed9395
+B+: 0x7f8d90ed93b0 0x7f8d90ed93b5
+B+: 0x7f8d90ed93c0 0x7f8d90ed93c5
+B+: 0x7f8d90ed93e0 0x7f8d90ed93e5
+B+: 0x7f8d90ed9410 0x7f8d90ed9415
+B+: 0x7f8d90ed9460 0x7f8d90ed9465
+B+: 0x7f8d90ed9510 0x7f8d90ed9515
+B+: 0x7f8d90ed9560 0x7f8d90ed9565
+B+: 0x7f8d90ed9570 0x7f8d90ed9575
+B+: 0x7f8d90ed9590 0x7f8d90ed95b8
+B+: 0x7f8d90ed95b9 0x7f8d90ed95c4
+B+: 0x7f8d90ed95c5 0x7f8d90ed95cf
+B+: 0x7f8d90ed95d0 0x7f8d90ed95e7
+B+: 0x7f8d90ed95e8 0x7f8d90ed95ef
+B+: 0x7f8d90ed95f0 0x7f8d90ed9600
+B+: 0x7f8d90ed9601 0x7f8d90ed960b
+B+: 0x7f8d90ed960c 0x7f8d90ed9615
+B+: 0x7f8d90ed9616 0x7f8d90ed9623
+B+: 0x7f8d90ed9624 0x7f8d90ed962b
+B+: 0x7f8d90ed962c 0x7f8d90ed963c
+B+: 0x7f8d90ed9657 0x7f8d90ed9660
+B+: 0x7f8d90ed9661 0x7f8d90ed9678
+B+: 0x7f8d90ed9679 0x7f8d90ed967f
+B+: 0x7f8d90ed9680 0x7f8d90ed968c
+B+: 0x7f8d90ed968d 0x7f8d90ed9696
+B+: 0x7f8d90ed9697 0x7f8d90ed969b
+B+: 0x7f8d90ed9760 0x7f8d90ed9789
+B+: 0x7f8d90ed97c0 0x7f8d90ed97e3
+B+: 0x7f8d90ed97f8 0x7f8d90ed97f8
+B+: 0x7f8d90ed9840 0x7f8d90ed9844
+B+: 0x7f8d90ed9850 0x7f8d90ed9863
+B+: 0x7f8d90ed9864 0x7f8d90ed986f
+B+: 0x7f8d90ed9870 0x7f8d90ed987d
+B+: 0x7f8d90ed987e 0x7f8d90ed98aa
+B+: 0x7f8d90ed98ab 0x7f8d90ed98ac
+B+: 0x7f8d90ed98cb 0x7f8d90ed98d2
+B+: 0x7f8d90ed9a50 0x7f8d90ed9a57
+B+: 0x7f8d90ed9a58 0x7f8d90ed9a5e
+B+: 0x7f8d90ed9a5f 0x7f8d90ed9a63
+B+: 0x7f8d90ed9a71 0x7f8d90ed9a72
+B+: 0x7f8d90eda6d0 0x7f8d90eda6eb
+B+: 0x7f8d90eda6ec 0x7f8d90eda705
+B+: 0x7f8d90eda717 0x7f8d90eda71b
+B+: 0x7f8d90eda71c 0x7f8d90eda720
+B+: 0x7f8d90eda72c 0x7f8d90eda730
+B+: 0x7f8d90eda73e 0x7f8d90eda74d
+B+: 0x7f8d90eda74e 0x7f8d90eda757
+B+: 0x7f8d90eda758 0x7f8d90eda775
+B+: 0x7f8d90eda780 0x7f8d90eda788
+B+: 0x7f8d90eda789 0x7f8d90eda790
+B+: 0x7f8d90eda791 0x7f8d90eda79c
+B+: 0x7f8d90edb060 0x7f8d90edb07e
+B+: 0x7f8d90edb10d 0x7f8d90edb11c
+B+: 0x7f8d90edb11d 0x7f8d90edb123
+B+: 0x7f8d90edb140 0x7f8d90edb14a
+B+: 0x7f8d90edb14b 0x7f8d90edb152
+B+: 0x7f8d90edb153 0x7f8d90edb15d
+B+: 0x7f8d90edb15e 0x7f8d90edb16f
+B+: 0x7f8d90edb188 0x7f8d90edb18c
+B+: 0x7f8d90edb18d 0x7f8d90edb191
+B+: 0x7f8d90edb192 0x7f8d90edb19c
+B+: 0x7f8d90edb1a7 0x7f8d90edb1ad
+B+: 0x7f8d90edb1ae 0x7f8d90edb1b5
+B+: 0x7f8d90edb1c0 0x7f8d90edb1cf
+B+: 0x7f8d90edbbc0 0x7f8d90edbbfa
+B+: 0x7f8d90edbbfb 0x7f8d90edbc07
+B+: 0x7f8d90edbc08 0x7f8d90edbc0f
+B+: 0x7f8d90edbc10 0x7f8d90edbc11
+B+: 0x7f8d90edbc18 0x7f8d90edbc21
+B+: 0x7f8d90edbc22 0x7f8d90edbc2e
+B+: 0x7f8d90edbc32 0x7f8d90edbc39
+B+: 0x7f8d90edbc3a 0x7f8d90edbc49
+B+: 0x7f8d90edbc4a 0x7f8d90edbc51
+B+: 0x7f8d90edbc52 0x7f8d90edbc58
+B+: 0x7f8d90edbc59 0x7f8d90edbc60
+B+: 0x7f8d90edbc61 0x7f8d90edbc68
+B+: 0x7f8d90edbc69 0x7f8d90edbc6d
+B+: 0x7f8d90edbc6e 0x7f8d90edbc77
+B+: 0x7f8d90edbc78 0x7f8d90edbc89
+B+: 0x7f8d90edbc8a 0x7f8d90edbc98
+B+: 0x7f8d90edbe90 0x7f8d90edbed3
+B+: 0x7f8d90edbedf 0x7f8d90edbef5
+B+: 0x7f8d90edbef6 0x7f8d90edbefa
+B+: 0x7f8d90edbefb 0x7f8d90edbf5a
+B+: 0x7f8d90edbf5b 0x7f8d90edbf67
+B+: 0x7f8d90edbf68 0x7f8d90edbf77
+B+: 0x7f8d90edbf78 0x7f8d90edbf7f
+B+: 0x7f8d90edbf80 0x7f8d90edbf8b
+B+: 0x7f8d90edbf8c 0x7f8d90edbf94
+B+: 0x7f8d90edbf95 0x7f8d90edbf9b
+B+: 0x7f8d90edbfa0 0x7f8d90edbfaf
+B+: 0x7f8d90edbfb0 0x7f8d90edbfc5
+B+: 0x7f8d90edbfc6 0x7f8d90edbfcf
+B+: 0x7f8d90edbfd0 0x7f8d90edbfe3
+B+: 0x7f8d90edbfe4 0x7f8d90edbffc
+B+: 0x7f8d90edc019 0x7f8d90edc02b
+B+: 0x7f8d90edc02c 0x7f8d90edc034
+B+: 0x7f8d90edc035 0x7f8d90edc047
+B+: 0x7f8d90edc048 0x7f8d90edc05b
+B+: 0x7f8d90edc0a8 0x7f8d90edc0b4
+B+: 0x7f8d90edc0b5 0x7f8d90edc0b9
+B+: 0x7f8d90edc0db 0x7f8d90edc0e1
+B+: 0x7f8d90edc0f0 0x7f8d90edc103
+B+: 0x7f8d90edc104 0x7f8d90edc113
+B+: 0x7f8d90edc114 0x7f8d90edc11b
+B+: 0x7f8d90edc11c 0x7f8d90edc122
+B+: 0x7f8d90edc123 0x7f8d90edc152
+B+: 0x7f8d90edc153 0x7f8d90edc15f
+B+: 0x7f8d90edc160 0x7f8d90edc168
+B+: 0x7f8d90edc216 0x7f8d90edc21c
+B+: 0x7f8d90edc224 0x7f8d90edc22d
+B+: 0x7f8d90edc22e 0x7f8d90edc237
+B+: 0x7f8d90edc238 0x7f8d90edc241
+B+: 0x7f8d90edc242 0x7f8d90edc24b
+B+: 0x7f8d90edc25d 0x7f8d90edc266
+B+: 0x7f8d90edc267 0x7f8d90edc281
+B+: 0x7f8d90edc282 0x7f8d90edc293
+B+: 0x7f8d90edc34c 0x7f8d90edc353
+B+: 0x7f8d90edc354 0x7f8d90edc36f
+B+: 0x7f8d90edc51b 0x7f8d90edc525
+B+: 0x7f8d90edc526 0x7f8d90edc52e
+B+: 0x7f8d90edc52f 0x7f8d90edc537
+B+: 0x7f8d90edc8d0 0x7f8d90edc8ec
+B+: 0x7f8d90edc8ed 0x7f8d90edc8f1
+B+: 0x7f8d90edc8f8 0x7f8d90edc8fa
+B+: 0x7f8d90edc8fb 0x7f8d90edc907
+B+: 0x7f8d90edc908 0x7f8d90edc93e
+B+: 0x7f8d90edc93f 0x7f8d90edc940
+B+: 0x7f8d90edc963 0x7f8d90edc977
+B+: 0x7f8d90edc980 0x7f8d90edc986
+B+: 0x7f8d90edc987 0x7f8d90edc98e
+B+: 0x7f8d90edc98f 0x7f8d90edc997
+B+: 0x7f8d90edc998 0x7f8d90edc9ba
+B+: 0x7f8d90edc9bb 0x7f8d90edc9bc
+B+: 0x7f8d90edc9c0 0x7f8d90edc9e7
+B+: 0x7f8d90edc9e8 0x7f8d90edc9f7
+B+: 0x7f8d90edca19 0x7f8d90edca21
+B+: 0x7f8d90edca22 0x7f8d90edca2a
+B+: 0x7f8d90edca2b 0x7f8d90edca34
+B+: 0x7f8d90edca35 0x7f8d90edca3f
+B+: 0x7f8d90edcad0 0x7f8d90edcae9
+B+: 0x7f8d90edcaea 0x7f8d90edcb00
+B+: 0x7f8d90edcb10 0x7f8d90edcb1f
+B+: 0x7f8d90edcb20 0x7f8d90edcb2b
+B+: 0x7f8d90edcb2c 0x7f8d90edcb31
+B+: 0x7f8d90edcb32 0x7f8d90edcb41
+B+: 0x7f8d90edcb56 0x7f8d90edcb61
+B+: 0x7f8d90edcb62 0x7f8d90edcb6f
+B+: 0x7f8d90edcb70 0x7f8d90edcb85
+B+: 0x7f8d90edcb86 0x7f8d90edcb97
+B+: 0x7f8d90edcb98 0x7f8d90edcbc0
+B+: 0x7f8d90edcbc8 0x7f8d90edcbcc
+B+: 0x7f8d90edcbcd 0x7f8d90edcbea
+B+: 0x7f8d90edcd70 0x7f8d90edcd98
+B+: 0x7f8d90edcda0 0x7f8d90edcda1
+B+: 0x7f8d90edcda2 0x7f8d90edcdaa
+B+: 0x7f8d90edcdab 0x7f8d90edcdc5
+B+: 0x7f8d90edcdc6 0x7f8d90edcdc9
+B+: 0x7f8d90edcdca 0x7f8d90edcdd1
+B+: 0x7f8d90edcdd2 0x7f8d90edcde6
+B+: 0x7f8d90edcdf0 0x7f8d90edce2a
+B+: 0x7f8d90edce2b 0x7f8d90edce2f
+B+: 0x7f8d90edce46 0x7f8d90edce5c
+B+: 0x7f8d90edce5d 0x7f8d90edce6e
+B+: 0x7f8d90edce90 0x7f8d90edcead
+B+: 0x7f8d90edcec8 0x7f8d90edced1
+B+: 0x7f8d90edced2 0x7f8d90edcedd
+B+: 0x7f8d90edcf6c 0x7f8d90edcf8f
+B+: 0x7f8d90edcf90 0x7f8d90edcf9c
+B+: 0x7f8d90edcf9d 0x7f8d90edcfa8
+B+: 0x7f8d90edcfa9 0x7f8d90edcfb0
+B+: 0x7f8d90edcfb1 0x7f8d90edcfc5
+B+: 0x7f8d90edd008 0x7f8d90edd012
+B+: 0x7f8d90edd013 0x7f8d90edd01e
+B+: 0x7f8d90edd01f 0x7f8d90edd02e
+B+: 0x7f8d90edd060 0x7f8d90edd066
+B+: 0x7f8d90edd067 0x7f8d90edd074
+B+: 0x7f8d90edd075 0x7f8d90edd086
+B+: 0x7f8d90edd087 0x7f8d90edd08e
+B+: 0x7f8d90edd08f 0x7f8d90edd0a2
+B+: 0x7f8d90edd0a3 0x7f8d90edd0b0
+B+: 0x7f8d90edd100 0x7f8d90edd116
+B+: 0x7f8d90edd145 0x7f8d90edd14d
+B+: 0x7f8d90edd14e 0x7f8d90edd157
+B+: 0x7f8d90edd160 0x7f8d90edd166
+B+: 0x7f8d90edd1c0 0x7f8d90edd1d1
+B+: 0x7f8d90edd1e8 0x7f8d90edd1ef
+B+: 0x7f8d90edd248 0x7f8d90edd25b
+B+: 0x7f8d90edd25c 0x7f8d90edd271
+B+: 0x7f8d90edd7d0 0x7f8d90edd7ff
+B+: 0x7f8d90edd80f 0x7f8d90edd812
+B+: 0x7f8d90edd813 0x7f8d90edd81c
+B+: 0x7f8d90edd81d 0x7f8d90edd820
+B+: 0x7f8d90edd821 0x7f8d90edd82f
+B+: 0x7f8d90edd830 0x7f8d90edd83a
+B+: 0x7f8d90edd84f 0x7f8d90edd85a
+B+: 0x7f8d90edd85f 0x7f8d90edd862
+B+: 0x7f8d90edd870 0x7f8d90edd877
+B+: 0x7f8d90edd878 0x7f8d90edd88d
+B+: 0x7f8d90ede440 0x7f8d90ede464
+B+: 0x7f8d90ede61e 0x7f8d90ede627
+B+: 0x7f8d90ede628 0x7f8d90ede631
+B+: 0x7f8d90ede632 0x7f8d90ede659
+B+: 0x7f8d90ede6af 0x7f8d90ede6bc
+B+: 0x7f8d90ede6c0 0x7f8d90ede6cb
+B+: 0x7f8d90ede730 0x7f8d90ede73b
+B+: 0x7f8d90ede740 0x7f8d90ede75e
+B+: 0x7f8d90ede75f 0x7f8d90ede767
+B+: 0x7f8d90ede7d2 0x7f8d90ede7e3
+B+: 0x7f8d90ede8a0 0x7f8d90ede8a7
+B+: 0x7f8d90edf260 0x7f8d90edf2a5
+B+: 0x7f8d90edf2b5 0x7f8d90edf2be
+B+: 0x7f8d90edf2bf 0x7f8d90edf2d2
+B+: 0x7f8d90edf2d3 0x7f8d90edf2fc
+B+: 0x7f8d90edf2fd 0x7f8d90edf310
+B+: 0x7f8d90edf324 0x7f8d90edf328
+B+: 0x7f8d90edf336 0x7f8d90edf33f
+B+: 0x7f8d90edf340 0x7f8d90edf344
+B+: 0x7f8d90edf370 0x7f8d90edf386
+B+: 0x7f8d90edf387 0x7f8d90edf398
+B+: 0x7f8d90edf3a0 0x7f8d90edf3b6
+B+: 0x7f8d90edf3b7 0x7f8d90edf3d7
+B+: 0x7f8d90edf3dd 0x7f8d90edf3ec
+B+: 0x7f8d90edf850 0x7f8d90edf886
+B+: 0x7f8d90edf887 0x7f8d90edf89a
+B+: 0x7f8d90edf89b 0x7f8d90edf8ad
+B+: 0x7f8d90edf8ae 0x7f8d90edf8c4
+B+: 0x7f8d90edf8c5 0x7f8d90edf8d7
+B+: 0x7f8d90edf8d8 0x7f8d90edf8e7
+B+: 0x7f8d90edf8e8 0x7f8d90edf90c
+B+: 0x7f8d90edf90d 0x7f8d90edf915
+B+: 0x7f8d90edf924 0x7f8d90edf933
+B+: 0x7f8d90edf934 0x7f8d90edf947
+B+: 0x7f8d90edf948 0x7f8d90edf954
+B+: 0x7f8d90edf955 0x7f8d90edf95f
+B+: 0x7f8d90edf960 0x7f8d90edf964
+B+: 0x7f8d90edfa6a 0x7f8d90edfa7c
+B+: 0x7f8d90edfa7d 0x7f8d90edfa9c
+B+: 0x7f8d90edfba0 0x7f8d90edfbad
+B+: 0x7f8d90edfbae 0x7f8d90edfbe1
+B+: 0x7f8d90edfbf0 0x7f8d90edfbfb
+B+: 0x7f8d90edfdb0 0x7f8d90edfdbd
+B+: 0x7f8d90edfdbe 0x7f8d90edfdca
+B+: 0x7f8d90edfdcb 0x7f8d90edfde3
+B+: 0x7f8d90edfde8 0x7f8d90edfdf4
+B+: 0x7f8d90edfdf8 0x7f8d90edfe04
+B+: 0x7f8d90edfe05 0x7f8d90edfe12
+B+: 0x7f8d90edfe13 0x7f8d90edfe1d
+B+: 0x7f8d90edfeb4 0x7f8d90edfec1
+B+: 0x7f8d90ee0160 0x7f8d90ee0174
+B+: 0x7f8d90ee0175 0x7f8d90ee0187
+B+: 0x7f8d90ee0188 0x7f8d90ee01a2
+B+: 0x7f8d90ee01a3 0x7f8d90ee01ac
+B+: 0x7f8d90ee01ad 0x7f8d90ee01b3
+B+: 0x7f8d90ee01d0 0x7f8d90ee01e5
+B+: 0x7f8d90ee01eb 0x7f8d90ee01f3
+B+: 0x7f8d90ee0205 0x7f8d90ee020b
+B+: 0x7f8d90ee020c 0x7f8d90ee021d
+B+: 0x7f8d90ee021e 0x7f8d90ee0226
+B+: 0x7f8d90ee0227 0x7f8d90ee0230
+B+: 0x7f8d90ee0231 0x7f8d90ee0232
+B+: 0x7f8d90ee0240 0x7f8d90ee0248
+B+: 0x7f8d90ee0260 0x7f8d90ee0260
+B+: 0x7f8d90ee0520 0x7f8d90ee0534
+B+: 0x7f8d90ee0572 0x7f8d90ee0578
+B+: 0x7f8d90ee0580 0x7f8d90ee0583
+B+: 0x7f8d90ee0610 0x7f8d90ee0656
+B+: 0x7f8d90ee065b 0x7f8d90ee0686
+B+: 0x7f8d90ee0687 0x7f8d90ee069d
+B+: 0x7f8d90ee06fc 0x7f8d90ee0708
+B+: 0x7f8d90ee0709 0x7f8d90ee0711
+B+: 0x7f8d90ee0712 0x7f8d90ee072a
+B+: 0x7f8d90ee072b 0x7f8d90ee073c
+B+: 0x7f8d90ee0740 0x7f8d90ee0747
+B+: 0x7f8d90ee0748 0x7f8d90ee075f
+B+: 0x7f8d90ee0760 0x7f8d90ee0766
+B+: 0x7f8d90ee0767 0x7f8d90ee0780
+B+: 0x7f8d90ee0790 0x7f8d90ee0793
+B+: 0x7f8d90ee0794 0x7f8d90ee0798
+B+: 0x7f8d90ee07a2 0x7f8d90ee07aa
+B+: 0x7f8d90ee07ab 0x7f8d90ee07ae
+B+: 0x7f8d90ee07af 0x7f8d90ee07bd
+B+: 0x7f8d90ee07cb 0x7f8d90ee07d3
+B+: 0x7f8d90ee0825 0x7f8d90ee0841
+B+: 0x7f8d90ee0842 0x7f8d90ee084d
+B+: 0x7f8d90ee087e 0x7f8d90ee088e
+B+: 0x7f8d90ee088f 0x7f8d90ee08a0
+B+: 0x7f8d90ee08a1 0x7f8d90ee08ad
+B+: 0x7f8d90ee0c10 0x7f8d90ee0c30
+B+: 0x7f8d90ee0c31 0x7f8d90ee0c58
+B+: 0x7f8d90ee0c5e 0x7f8d90ee0c66
+B+: 0x7f8d90ee0c67 0x7f8d90ee0c6f
+B+: 0x7f8d90ee0c78 0x7f8d90ee0c87
+B+: 0x7f8d90ee0c88 0x7f8d90ee0c89
+B+: 0x7f8d90ee0ca0 0x7f8d90ee0caf
+B+: 0x7f8d90ee0cba 0x7f8d90ee0cc4
+B+: 0x7f8d90ee0ce0 0x7f8d90ee0ce8
+B+: 0x7f8d90ee1360 0x7f8d90ee136b
+B+: 0x7f8d90ee1480 0x7f8d90ee1480
+B+: 0x7f8d90ee19c0 0x7f8d90ee19db
+B+: 0x7f8d90ee1a16 0x7f8d90ee1a32
+B+: 0x7f8d90ee1a33 0x7f8d90ee1a52
+B+: 0x7f8d90ee1a63 0x7f8d90ee1a6a
+B+: 0x7f8d90ee1a90 0x7f8d90ee1aa6
+B+: 0x7f8d90ee1aa7 0x7f8d90ee1aae
+B+: 0x7f8d90ee1aaf 0x7f8d90ee1ab6
+B+: 0x7f8d90ee1af6 0x7f8d90ee1b01
+B+: 0x7f8d90ee1b0c 0x7f8d90ee1b34
+B+: 0x7f8d90ee1b40 0x7f8d90ee1b57
+B+: 0x7f8d90ee1b58 0x7f8d90ee1b5f
+B+: 0x7f8d90ee1b60 0x7f8d90ee1b67
+B+: 0x7f8d90ee1b68 0x7f8d90ee1b70
+B+: 0x7f8d90ee1b71 0x7f8d90ee1b7a
+B+: 0x7f8d90ee1b7b 0x7f8d90ee1b80
+B+: 0x7f8d90ee1b97 0x7f8d90ee1b9c
+B+: 0x7f8d90ee1c0a 0x7f8d90ee1c3d
+B+: 0x7f8d90ee1c47 0x7f8d90ee1c53
+B+: 0x7f8d90ee1ed0 0x7f8d90ee1ede
+B+: 0x7f8d90ee1edf 0x7f8d90ee1ee7
+B+: 0x7f8d90ee1ee8 0x7f8d90ee1efc
+B+: 0x7f8d90ee1efd 0x7f8d90ee1f02
+B+: 0x7f8d90ee1f03 0x7f8d90ee1f1b
+B+: 0x7f8d90ee1f1c 0x7f8d90ee1f21
+B+: 0x7f8d90ee1f22 0x7f8d90ee1f2b
+B+: 0x7f8d90ee1fc0 0x7f8d90ee1fc7
+B+: 0x7f8d90ee1fc8 0x7f8d90ee1fd0
+B+: 0x7f8d90ee2760 0x7f8d90ee2768
+B+: 0x7f8d90ee2769 0x7f8d90ee276d
+B+: 0x7f8d90ee276e 0x7f8d90ee2772
+B+: 0x7f8d90ee2780 0x7f8d90ee2788
+B+: 0x7f8d90ee2789 0x7f8d90ee278d
+B+: 0x7f8d90ee278e 0x7f8d90ee2792
+B+: 0x7f8d90ee27c0 0x7f8d90ee27d9
+B+: 0x7f8d90ee27da 0x7f8d90ee27e6
+B+: 0x7f8d90ee27f7 0x7f8d90ee2802
+B+: 0x7f8d90ee2803 0x7f8d90ee280b
+B+: 0x7f8d90ee280c 0x7f8d90ee2841
+B+: 0x7f8d90ee2842 0x7f8d90ee284b
+B+: 0x7f8d90ee284c 0x7f8d90ee2852
+B+: 0x7f8d90ee2853 0x7f8d90ee2875
+B+: 0x7f8d90ee2880 0x7f8d90ee288e
+B+: 0x7f8d90ee28b0 0x7f8d90ee28c8
+B+: 0x7f8d90ee2900 0x7f8d90ee2941
+B+: 0x7f8d90ee2950 0x7f8d90ee2966
+B+: 0x7f8d90ee2967 0x7f8d90ee297e
+B+: 0x7f8d90ee297f 0x7f8d90ee298a
+B+: 0x7f8d90ee298b 0x7f8d90ee29b3
+B+: 0x7f8d90ee29b4 0x7f8d90ee29bd
+B+: 0x7f8d90ee29be 0x7f8d90ee29bf
+B+: 0x7f8d90ee29d0 0x7f8d90ee29e8
+B+: 0x7f8d90ee29e9 0x7f8d90ee2a14
+B+: 0x7f8d90ee2a1e 0x7f8d90ee2a25
+B+: 0x7f8d90ee2a26 0x7f8d90ee2a33
+B+: 0x7f8d90ee2a34 0x7f8d90ee2a46
+B+: 0x7f8d90ee2ae0 0x7f8d90ee2afe
+B+: 0x7f8d90ee2aff 0x7f8d90ee2b0c
+B+: 0x7f8d90ee2b0d 0x7f8d90ee2b1b
+B+: 0x7f8d90ee2b1c 0x7f8d90ee2b2c
+B+: 0x7f8d90ee2b40 0x7f8d90ee2b62
+B+: 0x7f8d90ee2b98 0x7f8d90ee2ba9
+B+: 0x7f8d90ee36d0 0x7f8d90ee36f4
+B+: 0x7f8d90ee36f5 0x7f8d90ee370d
+B+: 0x7f8d90ee370e 0x7f8d90ee3712
+B+: 0x7f8d90ee3713 0x7f8d90ee371e
+B+: 0x7f8d90ee371f 0x7f8d90ee3723
+B+: 0x7f8d90ee3724 0x7f8d90ee3728
+B+: 0x7f8d90ee3729 0x7f8d90ee3730
+B+: 0x7f8d90ee373c 0x7f8d90ee3749
+B+: 0x7f8d90ee374a 0x7f8d90ee374d
+B+: 0x7f8d90ee374e 0x7f8d90ee3760
+B+: 0x7f8d90ee3761 0x7f8d90ee376b
+B+: 0x7f8d90ee3790 0x7f8d90ee379d
+B+: 0x7f8d90ee379e 0x7f8d90ee37a5
+B+: 0x7f8d90ee37a6 0x7f8d90ee37a7
+B+: 0x7f8d90ee3890 0x7f8d90ee389d
+B+: 0x7f8d90ee389e 0x7f8d90ee38a9
+B+: 0x7f8d90ee38aa 0x7f8d90ee38bd
+B+: 0x7f8d90ee38c0 0x7f8d90ee38ca
+B+: 0x7f8d90ee38d0 0x7f8d90ee38ef
+B+: 0x7f8d90ee38f0 0x7f8d90ee38f4
+B+: 0x7f8d90ee38f5 0x7f8d90ee390c
+B+: 0x7f8d90ee390d 0x7f8d90ee3910
+B+: 0x7f8d90ee3911 0x7f8d90ee3912
+B+: 0x7f8d90ee3913 0x7f8d90ee391b
+B+: 0x7f8d90ee391c 0x7f8d90ee3930
+B+: 0x7f8d90ee3938 0x7f8d90ee393c
+B+: 0x7f8d90ee3980 0x7f8d90ee398f
+B+: 0x7f8d90ee3990 0x7f8d90ee399b
+B+: 0x7f8d90ee399c 0x7f8d90ee39ab
+B+: 0x7f8d90ee3a80 0x7f8d90ee3a93
+B+: 0x7f8d90ee3a94 0x7f8d90ee3aac
+B+: 0x7f8d90ee3aad 0x7f8d90ee3abf
+B+: 0x7f8d90ee3ac0 0x7f8d90ee3ada
+B+: 0x7f8d90ee3adb 0x7f8d90ee3ae3
+B+: 0x7f8d90ee3aec 0x7f8d90ee3af8
+B+: 0x7f8d90ee3af9 0x7f8d90ee3b02
+B+: 0x7f8d90ee3b03 0x7f8d90ee3b06
+B+: 0x7f8d90ee3b07 0x7f8d90ee3b1a
+B+: 0x7f8d90ee3c49 0x7f8d90ee3c55
+B+: 0x7f8d90ee3c56 0x7f8d90ee3c67
+B+: 0x7f8d90ee3c82 0x7f8d90ee3c93
+B+: 0x7f8d90ee3d77 0x7f8d90ee3d82
+B+: 0x7f8d90ee3da0 0x7f8d90ee3db2
+B+: 0x7f8d90ee3db3 0x7f8d90ee3ddf
+B+: 0x7f8d90ee3de0 0x7f8d90ee3deb
+B+: 0x7f8d90ee3dec 0x7f8d90ee3dfc
+B+: 0x7f8d90ee3dfd 0x7f8d90ee3e18
+B+: 0x7f8d90ee3e19 0x7f8d90ee3e25
+B+: 0x7f8d90ee3e26 0x7f8d90ee3e2e
+B+: 0x7f8d90ee3e2f 0x7f8d90ee3e3f
+B+: 0x7f8d90ee3e40 0x7f8d90ee3e44
+B+: 0x7f8d90ee3e45 0x7f8d90ee3e50
+B+: 0x7f8d90ee3e51 0x7f8d90ee3e5d
+B+: 0x7f8d90ee3e5e 0x7f8d90ee3e77
+B+: 0x7f8d90ee3ece 0x7f8d90ee3ed2
+B+: 0x7f8d90ee3ed3 0x7f8d90ee3ede
+B+: 0x7f8d90ee3ee0 0x7f8d90ee3eec
+B+: 0x7f8d90ee3f60 0x7f8d90ee3f7c
+B+: 0x7f8d90ee4120 0x7f8d90ee4128
+B+: 0x7f8d90ee4129 0x7f8d90ee4147
+B+: 0x7f8d90ee4750 0x7f8d90ee475e
+B+: 0x7f8d90ee475f 0x7f8d90ee4763
+B+: 0x7f8d90ee4764 0x7f8d90ee4770
+B+: 0x7f8d90ee4771 0x7f8d90ee4777
+B+: 0x7f8d90ee4778 0x7f8d90ee4783
+B+: 0x7f8d90ee4784 0x7f8d90ee4788
+B+: 0x7f8d90ee4789 0x7f8d90ee478d
+B+: 0x7f8d90ee478e 0x7f8d90ee4796
+B+: 0x7f8d90ee4797 0x7f8d90ee479e
+B+: 0x7f8d90ee4890 0x7f8d90ee4892
+B+: 0x7f8d90ee48a7 0x7f8d90ee48ab
+B+: 0x7f8d90ee48ac 0x7f8d90ee48b2
+B+: 0x7f8d90ee48b3 0x7f8d90ee48b6
+B+: 0x7f8d90ee48d0 0x7f8d90ee48e1
+B+: 0x7f8d90ee48e2 0x7f8d90ee48e6
+B+: 0x7f8d90ee48e7 0x7f8d90ee48eb
+B+: 0x7f8d90ee48ec 0x7f8d90ee48f1
+B+: 0x7f8d90ee48f2 0x7f8d90ee48fa
+B+: 0x7f8d90ee48fb 0x7f8d90ee48fc
+B+: 0x7f8d90ee4940 0x7f8d90ee4948
+B+: 0x7f8d90ee4949 0x7f8d90ee4951
+B+: 0x7f8d90ee4980 0x7f8d90ee4988
+B+: 0x7f8d90ee4989 0x7f8d90ee498a
+B+: 0x7f8d90ee498b 0x7f8d90ee4991
+B+: 0x7f8d90ee4992 0x7f8d90ee49a2
+B+: 0x7f8d90ee49a8 0x7f8d90ee49ac
+B+: 0x7f8d90ee49eb 0x7f8d90ee4a00
+B+: 0x7f8d90ee4a08 0x7f8d90ee4a10
+B+: 0x7f8d90ee4af0 0x7f8d90ee4b11
+B+: 0x7f8d90ee4b12 0x7f8d90ee4b16
+B+: 0x7f8d90ee4b17 0x7f8d90ee4b1d
+B+: 0x7f8d90ee4b1e 0x7f8d90ee4b26
+B+: 0x7f8d90ee4b27 0x7f8d90ee4b34
+B+: 0x7f8d90ee4b35 0x7f8d90ee4b3c
+B+: 0x7f8d90ee4b3d 0x7f8d90ee4b49
+B+: 0x7f8d90ee4b4a 0x7f8d90ee4b5a
+B+: 0x7f8d90ee4b5b 0x7f8d90ee4b63
+B+: 0x7f8d90ee4b7f 0x7f8d90ee4b93
+B+: 0x7f8d90ee4b94 0x7f8d90ee4b9c
+B+: 0x7f8d90ee4be0 0x7f8d90ee4bf7
+B+: 0x7f8d90ee4bf8 0x7f8d90ee4c00
+B+: 0x7f8d90ee4c1b 0x7f8d90ee4c2b
+B+: 0x7f8d90ee4d40 0x7f8d90ee4d5e
+B+: 0x7f8d90ee4d5f 0x7f8d90ee4d6d
+B+: 0x7f8d90ee4d6e 0x7f8d90ee4d72
+B+: 0x7f8d90ee4d7d 0x7f8d90ee4d90
+B+: 0x7f8d90ee4d91 0x7f8d90ee4d95
+B+: 0x7f8d90ee4d96 0x7f8d90ee4d9a
+B+: 0x7f8d90ee4da0 0x7f8d90ee4da4
+B+: 0x7f8d90ee4dd5 0x7f8d90ee4dd9
+B+: 0x7f8d90ee4dda 0x7f8d90ee4dde
+B+: 0x7f8d90ee4df0 0x7f8d90ee4dfb
+B+: 0x7f8d90ee4dfc 0x7f8d90ee4e07
+B+: 0x7f8d90ee4e08 0x7f8d90ee4e10
+B+: 0x7f8d90ee4e2c 0x7f8d90ee4e30
+B+: 0x7f8d90ee4e31 0x7f8d90ee4e36
+B+: 0x7f8d90ee4e41 0x7f8d90ee4e45
+B+: 0x7f8d90ee4e46 0x7f8d90ee4e54
+B+: 0x7f8d90ee4e55 0x7f8d90ee4e5d
+B+: 0x7f8d90ee4e5e 0x7f8d90ee4e62
+B+: 0x7f8d90ee4e63 0x7f8d90ee4e74
+B+: 0x7f8d90ee4e78 0x7f8d90ee4e84
+B+: 0x7f8d90ee4ea0 0x7f8d90ee4ea4
+B+: 0x7f8d90ee4ef0 0x7f8d90ee4f03
+B+: 0x7f8d90ee4f40 0x7f8d90ee4f76
+B+: 0x7f8d90ee4f77 0x7f8d90ee4f82
+B+: 0x7f8d90ee4f83 0x7f8d90ee4f92
+B+: 0x7f8d90ee501b 0x7f8d90ee5031
+B+: 0x7f8d90ee5032 0x7f8d90ee5040
+B+: 0x7f8d90ee5075 0x7f8d90ee50b8
+B+: 0x7f8d90ee50b9 0x7f8d90ee50c3
+B+: 0x7f8d90ee50c4 0x7f8d90ee50cc
+B+: 0x7f8d90ee50cd 0x7f8d90ee50d5
+B+: 0x7f8d90ee50d6 0x7f8d90ee50de
+B+: 0x7f8d90ee50df 0x7f8d90ee5106
+B+: 0x7f8d90ee5107 0x7f8d90ee5133
+B+: 0x7f8d90ee5578 0x7f8d90ee5581
+B+: 0x7f8d90ee5582 0x7f8d90ee55a8
+B+: 0x7f8d90ee55a9 0x7f8d90ee55b6
+B+: 0x7f8d90ee55d0 0x7f8d90ee55e0
+B+: 0x7f8d90ee55e1 0x7f8d90ee55ee
+B+: 0x7f8d90ee55ef 0x7f8d90ee55f3
+B+: 0x7f8d90ee5670 0x7f8d90ee567e
+B+: 0x7f8d90ee567f 0x7f8d90ee5683
+B+: 0x7f8d90ee5684 0x7f8d90ee5692
+B+: 0x7f8d90ee5693 0x7f8d90ee569a
+B+: 0x7f8d90ee569b 0x7f8d90ee56a2
+B+: 0x7f8d90ee56a3 0x7f8d90ee56b7
+B+: 0x7f8d90ee5790 0x7f8d90ee57bc
+B+: 0x7f8d90ee57bd 0x7f8d90ee57d4
+B+: 0x7f8d90ee57e0 0x7f8d90ee583a
+B+: 0x7f8d90ee583b 0x7f8d90ee5875
+B+: 0x7f8d90ee5876 0x7f8d90ee5893
+B+: 0x7f8d90ee5894 0x7f8d90ee58a3
+B+: 0x7f8d90ee58a4 0x7f8d90ee58b0
+B+: 0x7f8d90ee59b4 0x7f8d90ee59b8
+B+: 0x7f8d90ee59b9 0x7f8d90ee59cf
+B+: 0x7f8d90ee59d0 0x7f8d90ee59dc
+B+: 0x7f8d90ee59dd 0x7f8d90ee59ef
+B+: 0x7f8d90ee59f0 0x7f8d90ee59f7
+B+: 0x7f8d90ee5a01 0x7f8d90ee5a16
+B+: 0x7f8d90ee5a28 0x7f8d90ee5a3d
+B+: 0x7f8d90ee5a3e 0x7f8d90ee5a4d
+B+: 0x7f8d90ee5a79 0x7f8d90ee5a97
+B+: 0x7f8d90ee5a98 0x7f8d90ee5ac0
+B+: 0x7f8d90ee5ac1 0x7f8d90ee5acf
+B+: 0x7f8d90ee6148 0x7f8d90ee6154
+B+: 0x7f8d90ee6155 0x7f8d90ee6174
+B+: 0x7f8d90ee6175 0x7f8d90ee617f
+B+: 0x7f8d90ee61ac 0x7f8d90ee61b0
+B+: 0x7f8d90ee61b1 0x7f8d90ee61b5
+B+: 0x7f8d90ee6a40 0x7f8d90ee6a64
+B+: 0x7f8d90ee6b10 0x7f8d90ee6b1a
+B+: 0x7f8d90ee6b40 0x7f8d90ee6b47
+B+: 0x7f8d90ee6b48 0x7f8d90ee6b51
+B+: 0x7f8d90ee6b58 0x7f8d90ee6b60
+B+: 0x7f8d90ee6b61 0x7f8d90ee6b6a
+B+: 0x7f8d90ee6b88 0x7f8d90ee6b8c
+B+: 0x7f8d90ee6b8d 0x7f8d90ee6b94
+B+: 0x7f8d90ee6ba0 0x7f8d90ee6ba4
+B+: 0x7f8d90ee6d00 0x7f8d90ee6d30
+B+: 0x7f8d90ee6e3f 0x7f8d90ee6e55
+B+: 0x7f8d90ee6e56 0x7f8d90ee6e67
+B+: 0x7f8d90ee71e0 0x7f8d90ee7222
+B+: 0x7f8d90ee7223 0x7f8d90ee7228
+B+: 0x7f8d90ee724c 0x7f8d90ee7260
+B+: 0x7f8d90ee7261 0x7f8d90ee7269
+B+: 0x7f8d90ee7270 0x7f8d90ee7279
+B+: 0x7f8d90ee7288 0x7f8d90ee72a0
+B+: 0x7f8d90ee72a1 0x7f8d90ee72ba
+B+: 0x7f8d90ee72bb 0x7f8d90ee72bc
+B+: 0x7f8d90ee72d0 0x7f8d90ee72d8
+B+: 0x7f8d90ee72f8 0x7f8d90ee72f8
+B+: 0x7f8d90ee7300 0x7f8d90ee730c
+B+: 0x7f8d90ee733f 0x7f8d90ee7343
+B+: 0x7f8d90ee7380 0x7f8d90ee7384
+B+: 0x7f8d90ee73d0 0x7f8d90ee73e3
+B+: 0x7f8d90ee7400 0x7f8d90ee7400
+B+: 0x7f8d90ee7420 0x7f8d90ee745b
+B+: 0x7f8d90ee7467 0x7f8d90ee7471
+B+: 0x7f8d90ee7472 0x7f8d90ee7489
+B+: 0x7f8d90ee748a 0x7f8d90ee748d
+B+: 0x7f8d90ee748e 0x7f8d90ee7494
+B+: 0x7f8d90ee7495 0x7f8d90ee749d
+B+: 0x7f8d90ee749e 0x7f8d90ee74a9
+B+: 0x7f8d90ee74aa 0x7f8d90ee74c2
+B+: 0x7f8d90ee74c3 0x7f8d90ee74ce
+B+: 0x7f8d90ee74cf 0x7f8d90ee74e5
+B+: 0x7f8d90ee74e6 0x7f8d90ee74f5
+B+: 0x7f8d90ee7500 0x7f8d90ee750e
+B+: 0x7f8d90ee750f 0x7f8d90ee7513
+B+: 0x7f8d90ee7514 0x7f8d90ee751e
+B+: 0x7f8d90ee7540 0x7f8d90ee7549
+B+: 0x7f8d90ee754a 0x7f8d90ee754e
+B+: 0x7f8d90ee754f 0x7f8d90ee7560
+B+: 0x7f8d90ee7568 0x7f8d90ee7577
+B+: 0x7f8d90ee7580 0x7f8d90ee7589
+B+: 0x7f8d90ee75a8 0x7f8d90ee75bb
+B+: 0x7f8d90ee75c0 0x7f8d90ee75ce
+B+: 0x7f8d90ee75cf 0x7f8d90ee75dc
+B+: 0x7f8d90ee76f0 0x7f8d90ee76fd
+B+: 0x7f8d90ee77a0 0x7f8d90ee77a0
+B+: 0x7f8d90ee77b0 0x7f8d90ee77ba
+B+: 0x7f8d90ee77bb 0x7f8d90ee77ce
+B+: 0x7f8d90ee77cf 0x7f8d90ee77d8
+B+: 0x7f8d90ee77d9 0x7f8d90ee77e6
+B+: 0x7f8d90ee7800 0x7f8d90ee782d
+B+: 0x7f8d90ee782e 0x7f8d90ee7831
+B+: 0x7f8d90ee7832 0x7f8d90ee7847
+B+: 0x7f8d90ee7864 0x7f8d90ee786b
+B+: 0x7f8d90ee786c 0x7f8d90ee786f
+B+: 0x7f8d90ee7870 0x7f8d90ee7876
+B+: 0x7f8d90ee7877 0x7f8d90ee787b
+B+: 0x7f8d90ee787c 0x7f8d90ee7886
+B+: 0x7f8d90ee7ae0 0x7f8d90ee7b01
+B+: 0x7f8d90ee7b02 0x7f8d90ee7b0a
+B+: 0x7f8d90ee7b0b 0x7f8d90ee7b14
+B+: 0x7f8d90ee7b15 0x7f8d90ee7b19
+B+: 0x7f8d90ee7c00 0x7f8d90ee7c19
+B+: 0x7f8d90ee7c51 0x7f8d90ee7c8e
+B+: 0x7f8d90ee7c8f 0x7f8d90ee7c9e
+B+: 0x7f8d90ee7c9f 0x7f8d90ee7ca6
+B+: 0x7f8d90ee7df0 0x7f8d90ee7dfb
+B+: 0x7f8d90ee7e20 0x7f8d90ee7e20
+B+: 0x7f8d90ee7e30 0x7f8d90ee7e38
+B+: 0x7f8d90ee9940 0x7f8d90ee994b
+B+: 0x7f8d90ee994c 0x7f8d90ee9957
+B+: 0x7f8d90ee9958 0x7f8d90ee9964
+B+: 0x7f8d90ee9965 0x7f8d90ee9969
+B+: 0x7f8d90ee996a 0x7f8d90ee996f
+B+: 0x7f8d90ee9970 0x7f8d90ee9976
+B+: 0x7f8d90ee9980 0x7f8d90ee9987
+B+: 0x7f8d90ee9988 0x7f8d90ee998c
+B+: 0x7f8d90ee998d 0x7f8d90ee999b
+B+: 0x7f8d90ee999c 0x7f8d90ee99a0
+B+: 0x7f8d90ee99a1 0x7f8d90ee99a8
+B+: 0x7f8d90ee99a9 0x7f8d90ee99ad
+B+: 0x7f8d90ee99ae 0x7f8d90ee99b8
+B+: 0x7f8d90ee99b9 0x7f8d90ee99b9
+B+: 0x7f8d90ee99c0 0x7f8d90ee99c5
+B+: 0x7f8d90ee99c6 0x7f8d90ee99c9
+B+: 0x7f8d90ee99d0 0x7f8d90ee99d0
+B+: 0x7f8d90ee99d1 0x7f8d90ee99d5
+B+: 0x7f8d90ee99d6 0x7f8d90ee99d9
+B+: 0x7f8d90ee99e0 0x7f8d90ee99ff
+B+: 0x7f8d90ee9a00 0x7f8d90ee9a11
+B+: 0x7f8d90ee9a12 0x7f8d90ee9a16
+B+: 0x7f8d90ee9a20 0x7f8d90ee9a22
+B+: 0x7f8d90ee9a23 0x7f8d90ee9a2f
+B+: 0x7f8d90ee9a30 0x7f8d90ee9a33
+B+: 0x7f8d90ee9a34 0x7f8d90ee9a5d
+B+: 0x7f8d90ee9a5e 0x7f8d90ee9a62
+B+: 0x7f8d90ee9a63 0x7f8d90ee9a82
+B+: 0x7f8d90ee9ac0 0x7f8d90ee9ade
+B+: 0x7f8d90ee9adf 0x7f8d90ee9ae3
+B+: 0x7f8d90ee9ae4 0x7f8d90ee9ae8
+B+: 0x7f8d90ee9af0 0x7f8d90ee9af2
+B+: 0x7f8d90ee9af3 0x7f8d90ee9aff
+B+: 0x7f8d90ee9b00 0x7f8d90ee9b03
+B+: 0x7f8d90ee9b04 0x7f8d90ee9b3e
+B+: 0x7f8d90ee9b3f 0x7f8d90ee9b49
+B+: 0x7f8d90ee9b4a 0x7f8d90ee9b57
+B+: 0x7f8d90ee9b58 0x7f8d90ee9b5d
+B+: 0x7f8d90ee9b5e 0x7f8d90ee9b66
+B+: 0x7f8d90ee9b67 0x7f8d90ee9b70
+B+: 0x7f8d90ee9b71 0x7f8d90ee9b7a
+B+: 0x7f8d90ee9b7b 0x7f8d90ee9b9a
+B+: 0x7f8d90ee9b9b 0x7f8d90ee9ba3
+B+: 0x7f8d90ee9ba4 0x7f8d90ee9bbd
+B+: 0x7f8d90ee9bc0 0x7f8d90ee9bc5
+B+: 0x7f8d90ee9bc6 0x7f8d90ee9bcf
+B+: 0x7f8d90ee9bd0 0x7f8d90ee9bd9
+B+: 0x7f8d90ee9bda 0x7f8d90ee9bf7
+B+: 0x7f8d90ee9c08 0x7f8d90ee9c14
+B+: 0x7f8d90ee9c15 0x7f8d90ee9c1b
+B+: 0x7f8d90ee9c1c 0x7f8d90ee9c29
+B+: 0x7f8d90ee9cb0 0x7f8d90ee9cca
+B+: 0x7f8d90ee9ccb 0x7f8d90ee9cda
+B+: 0x7f8d90ee9cdb 0x7f8d90ee9ce6
+B+: 0x7f8d90ee9ce7 0x7f8d90ee9cef
+B+: 0x7f8d90ee9cf0 0x7f8d90ee9cf4
+B+: 0x7f8d90ee9cf5 0x7f8d90ee9cfc
+B+: 0x7f8d90ee9cfd 0x7f8d90ee9d10
+B+: 0x7f8d90ee9d11 0x7f8d90ee9d21
+B+: 0x7f8d90ee9d22 0x7f8d90ee9d26
+B+: 0x7f8d90ee9d27 0x7f8d90ee9d38
+B+: 0x7f8d90ee9d39 0x7f8d90ee9d4b
+B+: 0x7f8d90ee9d4c 0x7f8d90ee9d54
+B+: 0x7f8d90ee9d55 0x7f8d90ee9d5e
+B+: 0x7f8d90ee9d5f 0x7f8d90ee9d6d
+B+: 0x7f8d90ee9ea0 0x7f8d90ee9eb6
+B+: 0x7f8d90ee9eb7 0x7f8d90ee9ebb
+B+: 0x7f8d90ee9ebc 0x7f8d90ee9ec0
+B+: 0x7f8d90ee9ec8 0x7f8d90ee9ecb
+B+: 0x7f8d90ee9ecc 0x7f8d90ee9ed9
+B+: 0x7f8d90ee9eda 0x7f8d90ee9edd
+B+: 0x7f8d90ee9ede 0x7f8d90ee9f06
+B+: 0x7f8d90ee9f07 0x7f8d90ee9f10
+B+: 0x7f8d90ee9f11 0x7f8d90ee9f16
+B+: 0x7f8d90ee9f17 0x7f8d90ee9f24
+B+: 0x7f8d90ee9f25 0x7f8d90ee9f2d
+B+: 0x7f8d90eea440 0x7f8d90eea46b
+B+: 0x7f8d90eea46c 0x7f8d90eea470
+B+: 0x7f8d90eea471 0x7f8d90eea475
+B+: 0x7f8d90eea536 0x7f8d90eea53e
+B+: 0x7f8d90eea53f 0x7f8d90eea548
+B+: 0x7f8d90eea549 0x7f8d90eea551
+B+: 0x7f8d90eea5d0 0x7f8d90eea5e4
+B+: 0x7f8d90eea5e5 0x7f8d90eea606
+B+: 0x7f8d90eea607 0x7f8d90eea610
+B+: 0x7f8d90eea611 0x7f8d90eea618
+B+: 0x7f8d90eea640 0x7f8d90eea648
+B+: 0x7f8d90eea649 0x7f8d90eea656
+B+: 0x7f8d90eea657 0x7f8d90eea65f
+B+: 0x7f8d90eea660 0x7f8d90eea661
+B+: 0x7f8d90eea760 0x7f8d90eea7aa
+B+: 0x7f8d90eea7ab 0x7f8d90eea7af
+B+: 0x7f8d90eea7b0 0x7f8d90eea7be
+B+: 0x7f8d90eea7c8 0x7f8d90eea7d3
+B+: 0x7f8d90eea7d4 0x7f8d90eea7d8
+B+: 0x7f8d90eea7d9 0x7f8d90eea7e0
+B+: 0x7f8d90eea7e1 0x7f8d90eea7e5
+B+: 0x7f8d90eea7e6 0x7f8d90eea7f3
+B+: 0x7f8d90eea7f4 0x7f8d90eea7fb
+B+: 0x7f8d90eea800 0x7f8d90eea810
+B+: 0x7f8d90eea811 0x7f8d90eea815
+B+: 0x7f8d90eea816 0x7f8d90eea832
+B+: 0x7f8d90eea833 0x7f8d90eea843
+B+: 0x7f8d90eea844 0x7f8d90eea84f
+B+: 0x7f8d90eea850 0x7f8d90eea857
+B+: 0x7f8d90eea858 0x7f8d90eea85c
+B+: 0x7f8d90eea85d 0x7f8d90eea868
+B+: 0x7f8d90eea869 0x7f8d90eea87b
+B+: 0x7f8d90eea87c 0x7f8d90eea884
+B+: 0x7f8d90eea888 0x7f8d90eea897
+B+: 0x7f8d90eea898 0x7f8d90eea89b
+B+: 0x7f8d90eea89c 0x7f8d90eea8b4
+B+: 0x7f8d90eea8b5 0x7f8d90eea8b8
+B+: 0x7f8d90eea8b9 0x7f8d90eea8c6
+B+: 0x7f8d90eea8c7 0x7f8d90eea8d5
+B+: 0x7f8d90eeadc0 0x7f8d90eeadec
+B+: 0x7f8d90eeaded 0x7f8d90eeadf2
+B+: 0x7f8d90eeadf3 0x7f8d90eeae04
+B+: 0x7f8d90eeae05 0x7f8d90eeae0d
+B+: 0x7f8d90eeae0e 0x7f8d90eeae1c
+CND+ 0x7f8d90ed900e: taken
+CND+ 0x7f8d90ed95ea: not taken
+CND+ 0x7f8d90ed9626: not taken
+CND+ 0x7f8d90ed963b: taken
+CND+ 0x7f8d90ed9673: not taken
+CND+ 0x7f8d90ed9687: not taken
+CND+ 0x7f8d90ed9695: not taken
+CND+ 0x7f8d90ed97e2: taken
+CND+ 0x7f8d90ed9862: not taken
+CND+ 0x7f8d90ed987c: both
+CND+ 0x7f8d90ed98a9: not taken
+CND+ 0x7f8d90ed9a5d: not taken
+CND+ 0x7f8d90ed9a62: taken
+CND+ 0x7f8d90eda6e6: not taken
+CND+ 0x7f8d90eda704: taken
+CND+ 0x7f8d90eda71a: not taken
+CND+ 0x7f8d90eda71f: taken
+CND+ 0x7f8d90eda72f: taken
+CND+ 0x7f8d90eda74c: not taken
+CND+ 0x7f8d90eda756: not taken
+CND+ 0x7f8d90eda78f: not taken
+CND+ 0x7f8d90eda79b: taken
+CND+ 0x7f8d90edb079: taken
+CND+ 0x7f8d90edb11b: not taken
+CND+ 0x7f8d90edb149: not taken
+CND+ 0x7f8d90edb158: not taken
+CND+ 0x7f8d90edb190: not taken
+CND+ 0x7f8d90edb1ce: taken
+CND+ 0x7f8d90edbc20: not taken
+CND+ 0x7f8d90edbc2d: taken
+CND+ 0x7f8d90edbc48: not taken
+CND+ 0x7f8d90edbc5f: both
+CND+ 0x7f8d90edbc88: not taken
+CND+ 0x7f8d90edbed2: taken
+CND+ 0x7f8d90edbf55: not taken
+CND+ 0x7f8d90edbf7e: not taken
+CND+ 0x7f8d90edbf8a: not taken
+CND+ 0x7f8d90edbf93: both
+CND+ 0x7f8d90edbfc4: not taken
+CND+ 0x7f8d90edbfe2: both
+CND+ 0x7f8d90edbffb: taken
+CND+ 0x7f8d90edc05a: taken
+CND+ 0x7f8d90edc0af: not taken
+CND+ 0x7f8d90edc0b8: taken
+CND+ 0x7f8d90edc0e0: taken
+CND+ 0x7f8d90edc116: not taken
+CND+ 0x7f8d90edc15a: not taken
+CND+ 0x7f8d90edc163: taken
+CND+ 0x7f8d90edc21b: taken
+CND+ 0x7f8d90edc24a: taken
+CND+ 0x7f8d90edc27c: not taken
+CND+ 0x7f8d90edc36a: taken
+CND+ 0x7f8d90edc520: not taken
+CND+ 0x7f8d90edc529: not taken
+CND+ 0x7f8d90edc532: taken
+CND+ 0x7f8d90edc8eb: not taken
+CND+ 0x7f8d90edc906: both
+CND+ 0x7f8d90edc93d: not taken
+CND+ 0x7f8d90edc985: both
+CND+ 0x7f8d90edc9f6: taken
+CND+ 0x7f8d90edca20: both
+CND+ 0x7f8d90edca29: not taken
+CND+ 0x7f8d90edca33: not taken
+CND+ 0x7f8d90edcae4: not taken
+CND+ 0x7f8d90edcafb: taken
+CND+ 0x7f8d90edcb2a: both
+CND+ 0x7f8d90edcb30: both
+CND+ 0x7f8d90edcb40: taken
+CND+ 0x7f8d90edcb60: not taken
+CND+ 0x7f8d90edcb96: not taken
+CND+ 0x7f8d90edcbe5: taken
+CND+ 0x7f8d90edcda0: not taken
+CND+ 0x7f8d90edcda9: not taken
+CND+ 0x7f8d90edcdc8: both
+CND+ 0x7f8d90edcdd0: both
+CND+ 0x7f8d90edce2e: taken
+CND+ 0x7f8d90edce57: not taken
+CND+ 0x7f8d90edceac: taken
+CND+ 0x7f8d90edced8: taken
+CND+ 0x7f8d90edcfa3: not taken
+CND+ 0x7f8d90edcfc0: taken
+CND+ 0x7f8d90edd019: not taken
+CND+ 0x7f8d90edd065: not taken
+CND+ 0x7f8d90edd06f: not taken
+CND+ 0x7f8d90edd089: both
+CND+ 0x7f8d90edd09d: not taken
+CND+ 0x7f8d90edd0ab: taken
+CND+ 0x7f8d90edd14c: not taken
+CND+ 0x7f8d90edd156: taken
+CND+ 0x7f8d90edd1cc: taken
+CND+ 0x7f8d90edd1ee: taken
+CND+ 0x7f8d90edd811: both
+CND+ 0x7f8d90edd81b: not taken
+CND+ 0x7f8d90edd81f: not taken
+CND+ 0x7f8d90edd839: taken
+CND+ 0x7f8d90edd859: taken
+CND+ 0x7f8d90edd861: taken
+CND+ 0x7f8d90ede45f: taken
+CND+ 0x7f8d90ede626: not taken
+CND+ 0x7f8d90ede6ca: taken
+CND+ 0x7f8d90ede762: taken
+CND+ 0x7f8d90edf2a4: taken
+CND+ 0x7f8d90edf2bd: not taken
+CND+ 0x7f8d90edf2cd: not taken
+CND+ 0x7f8d90edf30f: taken
+CND+ 0x7f8d90edf327: taken
+CND+ 0x7f8d90edf33a: not taken
+CND+ 0x7f8d90edf343: taken
+CND+ 0x7f8d90edf381: not taken
+CND+ 0x7f8d90edf3d6: taken
+CND+ 0x7f8d90edf3e7: taken
+CND+ 0x7f8d90edf895: not taken
+CND+ 0x7f8d90edf8a8: not taken
+CND+ 0x7f8d90edf8d2: not taken
+CND+ 0x7f8d90edf907: not taken
+CND+ 0x7f8d90edf942: taken
+CND+ 0x7f8d90edf953: not taken
+CND+ 0x7f8d90edf963: taken
+CND+ 0x7f8d90edfa7b: not taken
+CND+ 0x7f8d90edfdbc: both
+CND+ 0x7f8d90edfdc9: both
+CND+ 0x7f8d90edfe03: not taken
+CND+ 0x7f8d90edfe0d: not taken
+CND+ 0x7f8d90edfe18: taken
+CND+ 0x7f8d90ee01a1: not taken
+CND+ 0x7f8d90ee01ab: not taken
+CND+ 0x7f8d90ee01e4: taken
+CND+ 0x7f8d90ee01f2: taken
+CND+ 0x7f8d90ee020a: not taken
+CND+ 0x7f8d90ee0225: not taken
+CND+ 0x7f8d90ee022f: not taken
+CND+ 0x7f8d90ee0247: taken
+CND+ 0x7f8d90ee0533: taken
+CND+ 0x7f8d90ee0582: taken
+CND+ 0x7f8d90ee0655: taken
+CND+ 0x7f8d90ee0698: taken
+CND+ 0x7f8d90ee0703: not taken
+CND+ 0x7f8d90ee070c: taken
+CND+ 0x7f8d90ee0725: not taken
+CND+ 0x7f8d90ee0742: not taken
+CND+ 0x7f8d90ee075a: not taken
+CND+ 0x7f8d90ee0765: not taken
+CND+ 0x7f8d90ee0792: not taken
+CND+ 0x7f8d90ee0797: taken
+CND+ 0x7f8d90ee07a9: taken
+CND+ 0x7f8d90ee07ad: not taken
+CND+ 0x7f8d90ee07bc: taken
+CND+ 0x7f8d90ee07ce: taken
+CND+ 0x7f8d90ee0848: taken
+CND+ 0x7f8d90ee0889: not taken
+CND+ 0x7f8d90ee089b: not taken
+CND+ 0x7f8d90ee08a8: taken
+CND+ 0x7f8d90ee0c2f: not taken
+CND+ 0x7f8d90ee0c57: taken
+CND+ 0x7f8d90ee0c65: not taken
+CND+ 0x7f8d90ee0c6e: taken
+CND+ 0x7f8d90ee0c86: not taken
+CND+ 0x7f8d90ee0cae: taken
+CND+ 0x7f8d90ee1366: taken
+CND+ 0x7f8d90ee19d6: taken
+CND+ 0x7f8d90ee1a31: not taken
+CND+ 0x7f8d90ee1a51: taken
+CND+ 0x7f8d90ee1aad: not taken
+CND+ 0x7f8d90ee1ab5: taken
+CND+ 0x7f8d90ee1b00: taken
+CND+ 0x7f8d90ee1b5a: not taken
+CND+ 0x7f8d90ee1b62: not taken
+CND+ 0x7f8d90ee1b6b: not taken
+CND+ 0x7f8d90ee1b75: not taken
+CND+ 0x7f8d90ee1b7f: taken
+CND+ 0x7f8d90ee1b9b: taken
+CND+ 0x7f8d90ee1c3c: taken
+CND+ 0x7f8d90ee1ed9: not taken
+CND+ 0x7f8d90ee1ee6: not taken
+CND+ 0x7f8d90ee1f01: not taken
+CND+ 0x7f8d90ee1f1a: not taken
+CND+ 0x7f8d90ee1f20: not taken
+CND+ 0x7f8d90ee1f26: taken
+CND+ 0x7f8d90ee276c: not taken
+CND+ 0x7f8d90ee278c: not taken
+CND+ 0x7f8d90ee27d8: both
+CND+ 0x7f8d90ee27e1: taken
+CND+ 0x7f8d90ee2806: not taken
+CND+ 0x7f8d90ee2840: not taken
+CND+ 0x7f8d90ee284a: not taken
+CND+ 0x7f8d90ee2965: both
+CND+ 0x7f8d90ee2989: not taken
+CND+ 0x7f8d90ee29b2: not taken
+CND+ 0x7f8d90ee29bc: not taken
+CND+ 0x7f8d90ee29e3: not taken
+CND+ 0x7f8d90ee2a13: taken
+CND+ 0x7f8d90ee2afd: not taken
+CND+ 0x7f8d90ee2b1a: not taken
+CND+ 0x7f8d90ee2b61: taken
+CND+ 0x7f8d90ee3711: not taken
+CND+ 0x7f8d90ee371d: not taken
+CND+ 0x7f8d90ee3722: not taken
+CND+ 0x7f8d90ee3748: not taken
+CND+ 0x7f8d90ee374c: not taken
+CND+ 0x7f8d90ee375f: not taken
+CND+ 0x7f8d90ee37a4: not taken
+CND+ 0x7f8d90ee38f3: both
+CND+ 0x7f8d90ee390f: both
+CND+ 0x7f8d90ee3911: not taken
+CND+ 0x7f8d90ee391a: taken
+CND+ 0x7f8d90ee3a92: not taken
+CND+ 0x7f8d90ee3aba: not taken
+CND+ 0x7f8d90ee3ad5: both
+CND+ 0x7f8d90ee3ade: taken
+CND+ 0x7f8d90ee3af7: not taken
+CND+ 0x7f8d90ee3b01: not taken
+CND+ 0x7f8d90ee3b05: not taken
+CND+ 0x7f8d90ee3b19: taken
+CND+ 0x7f8d90ee3c50: not taken
+CND+ 0x7f8d90ee3c62: taken
+CND+ 0x7f8d90ee3db1: not taken
+CND+ 0x7f8d90ee3dea: both
+CND+ 0x7f8d90ee3e13: not taken
+CND+ 0x7f8d90ee3e20: taken
+CND+ 0x7f8d90ee3e2d: not taken
+CND+ 0x7f8d90ee3e43: not taken
+CND+ 0x7f8d90ee3e4f: both
+CND+ 0x7f8d90ee3e58: not taken
+CND+ 0x7f8d90ee3e72: taken
+CND+ 0x7f8d90ee3ee7: taken
+CND+ 0x7f8d90ee475d: both
+CND+ 0x7f8d90ee476f: not taken
+CND+ 0x7f8d90ee4782: both
+CND+ 0x7f8d90ee4787: both
+CND+ 0x7f8d90ee4795: both
+CND+ 0x7f8d90ee48b1: not taken
+CND+ 0x7f8d90ee48dc: not taken
+CND+ 0x7f8d90ee48ea: not taken
+CND+ 0x7f8d90ee48ec: both
+CND+ 0x7f8d90ee48f5: not taken
+CND+ 0x7f8d90ee48fb: taken
+CND+ 0x7f8d90ee4943: not taken
+CND+ 0x7f8d90ee494c: taken
+CND+ 0x7f8d90ee4983: not taken
+CND+ 0x7f8d90ee4989: both
+CND+ 0x7f8d90ee4990: not taken
+CND+ 0x7f8d90ee49ab: taken
+CND+ 0x7f8d90ee4a0b: taken
+CND+ 0x7f8d90ee4b10: both
+CND+ 0x7f8d90ee4b1c: not taken
+CND+ 0x7f8d90ee4b21: both
+CND+ 0x7f8d90ee4b2f: not taken
+CND+ 0x7f8d90ee4b37: both
+CND+ 0x7f8d90ee4b44: both
+CND+ 0x7f8d90ee4b5e: taken
+CND+ 0x7f8d90ee4b92: both
+CND+ 0x7f8d90ee4b9b: taken
+CND+ 0x7f8d90ee4bfb: taken
+CND+ 0x7f8d90ee4d68: both
+CND+ 0x7f8d90ee4d71: taken
+CND+ 0x7f8d90ee4d8b: not taken
+CND+ 0x7f8d90ee4da3: taken
+CND+ 0x7f8d90ee4ddd: taken
+CND+ 0x7f8d90ee4e02: not taken
+CND+ 0x7f8d90ee4e0b: taken
+CND+ 0x7f8d90ee4e2f: not taken
+CND+ 0x7f8d90ee4e35: taken
+CND+ 0x7f8d90ee4e4f: not taken
+CND+ 0x7f8d90ee4e58: both
+CND+ 0x7f8d90ee4f7d: not taken
+CND+ 0x7f8d90ee502c: not taken
+CND+ 0x7f8d90ee50c7: not taken
+CND+ 0x7f8d90ee50d0: both
+CND+ 0x7f8d90ee50d9: not taken
+CND+ 0x7f8d90ee55a7: both
+CND+ 0x7f8d90ee55ed: not taken
+CND+ 0x7f8d90ee55f2: taken
+CND+ 0x7f8d90ee5682: not taken
+CND+ 0x7f8d90ee56a1: not taken
+CND+ 0x7f8d90ee57bb: not taken
+CND+ 0x7f8d90ee5835: not taken
+CND+ 0x7f8d90ee5870: not taken
+CND+ 0x7f8d90ee588e: not taken
+CND+ 0x7f8d90ee589e: not taken
+CND+ 0x7f8d90ee59ca: both
+CND+ 0x7f8d90ee59ea: taken
+CND+ 0x7f8d90ee59f6: taken
+CND+ 0x7f8d90ee5a15: taken
+CND+ 0x7f8d90ee5a38: not taken
+CND+ 0x7f8d90ee5a48: taken
+CND+ 0x7f8d90ee5abb: not taken
+CND+ 0x7f8d90ee614f: not taken
+CND+ 0x7f8d90ee616f: not taken
+CND+ 0x7f8d90ee617e: taken
+CND+ 0x7f8d90ee6a5f: taken
+CND+ 0x7f8d90ee6b46: not taken
+CND+ 0x7f8d90ee6b50: taken
+CND+ 0x7f8d90ee6b69: taken
+CND+ 0x7f8d90ee6b93: taken
+CND+ 0x7f8d90ee6d2b: taken
+CND+ 0x7f8d90ee6e50: not taken
+CND+ 0x7f8d90ee7227: taken
+CND+ 0x7f8d90ee725f: not taken
+CND+ 0x7f8d90ee7278: taken
+CND+ 0x7f8d90ee72b9: not taken
+CND+ 0x7f8d90ee72d7: taken
+CND+ 0x7f8d90ee730b: taken
+CND+ 0x7f8d90ee7383: taken
+CND+ 0x7f8d90ee73e2: taken
+CND+ 0x7f8d90ee7456: taken
+CND+ 0x7f8d90ee7488: both
+CND+ 0x7f8d90ee748c: not taken
+CND+ 0x7f8d90ee7493: not taken
+CND+ 0x7f8d90ee7498: both
+CND+ 0x7f8d90ee74e0: not taken
+CND+ 0x7f8d90ee7512: not taken
+CND+ 0x7f8d90ee7519: taken
+CND+ 0x7f8d90ee7548: not taken
+CND+ 0x7f8d90ee754d: not taken
+CND+ 0x7f8d90ee75c9: not taken
+CND+ 0x7f8d90ee75d7: taken
+CND+ 0x7f8d90ee76f8: taken
+CND+ 0x7f8d90ee77b9: not taken
+CND+ 0x7f8d90ee7830: not taken
+CND+ 0x7f8d90ee7846: taken
+CND+ 0x7f8d90ee786e: not taken
+CND+ 0x7f8d90ee7b09: not taken
+CND+ 0x7f8d90ee7b13: not taken
+CND+ 0x7f8d90ee7c18: taken
+CND+ 0x7f8d90ee7c9d: not taken
+CND+ 0x7f8d90ee7dfa: taken
+CND+ 0x7f8d90ee9946: both
+CND+ 0x7f8d90ee9963: both
+CND+ 0x7f8d90ee9968: not taken
+CND+ 0x7f8d90ee996e: not taken
+CND+ 0x7f8d90ee9986: not taken
+CND+ 0x7f8d90ee998b: both
+CND+ 0x7f8d90ee999a: both
+CND+ 0x7f8d90ee999f: both
+CND+ 0x7f8d90ee99ac: both
+CND+ 0x7f8d90ee99b7: both
+CND+ 0x7f8d90ee99c4: not taken
+CND+ 0x7f8d90ee9a10: not taken
+CND+ 0x7f8d90ee9a15: taken
+CND+ 0x7f8d90ee9a2e: both
+CND+ 0x7f8d90ee9a32: both
+CND+ 0x7f8d90ee9a5c: both
+CND+ 0x7f8d90ee9add: not taken
+CND+ 0x7f8d90ee9ae2: not taken
+CND+ 0x7f8d90ee9afe: not taken
+CND+ 0x7f8d90ee9b02: both
+CND+ 0x7f8d90ee9b48: both
+CND+ 0x7f8d90ee9b52: not taken
+CND+ 0x7f8d90ee9b5c: not taken
+CND+ 0x7f8d90ee9b65: both
+CND+ 0x7f8d90ee9b6b: taken
+CND+ 0x7f8d90ee9b75: not taken
+CND+ 0x7f8d90ee9b95: not taken
+CND+ 0x7f8d90ee9ba2: not taken
+CND+ 0x7f8d90ee9bc4: not taken
+CND+ 0x7f8d90ee9bce: not taken
+CND+ 0x7f8d90ee9bf6: taken
+CND+ 0x7f8d90ee9c24: taken
+CND+ 0x7f8d90ee9ce1: not taken
+CND+ 0x7f8d90ee9cea: not taken
+CND+ 0x7f8d90ee9cf3: not taken
+CND+ 0x7f8d90ee9d25: not taken
+CND+ 0x7f8d90ee9d53: not taken
+CND+ 0x7f8d90ee9d5d: not taken
+CND+ 0x7f8d90ee9eb5: not taken
+CND+ 0x7f8d90ee9eba: not taken
+CND+ 0x7f8d90ee9ed8: both
+CND+ 0x7f8d90ee9edc: taken
+CND+ 0x7f8d90ee9f0f: not taken
+CND+ 0x7f8d90ee9f15: not taken
+CND+ 0x7f8d90eea46f: not taken
+CND+ 0x7f8d90eea53d: not taken
+CND+ 0x7f8d90eea547: not taken
+CND+ 0x7f8d90eea605: not taken
+CND+ 0x7f8d90eea60f: not taken
+CND+ 0x7f8d90eea647: not taken
+CND+ 0x7f8d90eea65e: not taken
+CND+ 0x7f8d90eea7bd: taken
+CND+ 0x7f8d90eea7d2: taken
+CND+ 0x7f8d90eea7df: not taken
+CND+ 0x7f8d90eea7e4: both
+CND+ 0x7f8d90eea7fa: taken
+CND+ 0x7f8d90eea856: not taken
+CND+ 0x7f8d90eea85b: taken
+CND+ 0x7f8d90eea87a: not taken
+CND+ 0x7f8d90eea89a: not taken
+CND+ 0x7f8d90eea8b7: not taken
+CND+ 0x7f8d90eea8c5: not taken
+CND+ 0x7f8d90eea8d4: taken
+CND+ 0x7f8d90eeadf1: not taken
+CND+ 0x7f8d90eeae0c: not taken
@0x7f8d90ee4f91 to 0x7f8d90ee5075 1
@0x7f8d90ed9784 to 0x7f8d949b1fb0 1
@0x7f8d90eeae01 to 0x7f8d90ed9840 1
@0x7f8d90ee755f to 0x7f8d90ee7580 1
@0x7f8d90ee755f to 0x7f8d90ee75c0 1
@0x7f8d90ee755f to 0x7f8d90ee75a8 2
@0x7f8d90ee58af to 0x7f8d90ee5a01 201
@0x7f8d90ee58af to 0x7f8d90ee59f0 11
@0x7f8d90ee58af to 0x7f8d90ee5a28 1
@0x7f8d90ee9c19 to 0x7f8d90edd7d0 1
@0x7f8d90ee9c19 to 0x7f8d90ee4120 1
@0x7f8d90ed9050 to 0x7f8d94a12a30 4
@0x7f8d90ed9080 to 0x7f8d949b2330 2
@0x7f8d90ed9090 to 0x7f8d94a54710 1
@0x7f8d90ed90a0 to 0x7f8d94a2ae70 5
@0x7f8d90ed90d0 to 0x7f8d949c5a20 7
@0x7f8d90ed90f0 to 0x7f8d94ae9800 4
@0x7f8d90ed9130 to 0x7f8d94a551e0 1
@0x7f8d90ed9140 to 0x7f8d949c9c10 1
@0x7f8d90ed9150 to 0x7f8d94a77800 4
@0x7f8d90ed9160 to 0x7f8d94a54230 1
@0x7f8d90ed9190 to 0x7f8d94ae9bc0 8
@0x7f8d90ed91c0 to 0x7f8d94a55200 1
@0x7f8d90ed91e0 to 0x7f8d94ae95d0 1
@0x7f8d90ed9220 to 0x7f8d94a55210 2
@0x7f8d90ed9230 to 0x7f8d94a78b10 1
@0x7f8d90edb16e to 0x7f8d90edb1c0 1
@0x7f8d90ed9280 to 0x7f8d94ae4d10 12
@0x7f8d90ed92a0 to 0x7f8d949c5450 4
@0x7f8d90edb1ac to 0x7f8d90edbe90 1
@0x7f8d90ed92d0 to 0x7f8d94ae5100 9
@0x7f8d90ed9320 to 0x7f8d949c60f0 4
@0x7f8d90ed9330 to 0x7f8d94aea100 6
@0x7f8d90ed9350 to 0x7f8d94a55220 1
@0x7f8d90ed9370 to 0x7f8d94a77800 2
@0x7f8d90ed9390 to 0x7f8d94a123e0 23
@0x7f8d90ed93b0 to 0x7f8d94a55230 1
@0x7f8d90ed93c0 to 0x7f8d94ae4e90 24
@0x7f8d90ed93e0 to 0x7f8d94a95ba0 1
@0x7f8d90ed9410 to 0x7f8d94a12c80 1
@0x7f8d90ed9460 to 0x7f8d94aea0e0 14
@0x7f8d90ed9510 to 0x7f8d94a551f0 1
@0x7f8d90ed9560 to 0x7f8d94a544e0 1
@0x7f8d90ed9570 to 0x7f8d949be580 191
