MODULE_NAME: /usr/bin/gs
MODULE_START: 0x7f7ac8985000
+B+: 0x7f7ac8986000 0x7f7ac898600f
+B+: 0x7f7ac8986012 0x7f7ac8986016
+B+: 0x7f7ac8986020 0x7f7ac898602b
+B+: 0x7f7ac8986030 0x7f7ac8986035
+B+: 0x7f7ac8986036 0x7f7ac898603f
+B+: 0x7f7ac8986040 0x7f7ac8986045
+B+: 0x7f7ac8986046 0x7f7ac898604f
+B+: 0x7f7ac8986050 0x7f7ac8986055
+B+: 0x7f7ac8986056 0x7f7ac898605f
+B+: 0x7f7ac89860b0 0x7f7ac89860b5
+B+: 0x7f7ac89860b6 0x7f7ac89860bf
+B+: 0x7f7ac89860c0 0x7f7ac89860c5
+B+: 0x7f7ac89860c6 0x7f7ac89860cf
+B+: 0x7f7ac89860e0 0x7f7ac89860e5
+B+: 0x7f7ac89860f0 0x7f7ac8986121
+B+: 0x7f7ac8986122 0x7f7ac8986127
+B+: 0x7f7ac8986128 0x7f7ac8986130
+B+: 0x7f7ac8986131 0x7f7ac8986132
+B+: 0x7f7ac8986133 0x7f7ac8986137
+B+: 0x7f7ac898613d 0x7f7ac8986152
+B+: 0x7f7ac8986153 0x7f7ac898615b
+B+: 0x7f7ac8986178 0x7f7ac8986183
+B+: 0x7f7ac8986184 0x7f7ac89861a2
+B+: 0x7f7ac89861a3 0x7f7ac89861b1
+B+: 0x7f7ac89861b2 0x7f7ac89861b7
+B+: 0x7f7ac89861b8 0x7f7ac89861c1
+B+: 0x7f7ac89861c2 0x7f7ac89861c5
+B+: 0x7f7ac89861c6 0x7f7ac89861ca
+B+: 0x7f7ac89861cb 0x7f7ac89861d6
+B+: 0x7f7ac89861d7 0x7f7ac89861db
+B+: 0x7f7ac89861dc 0x7f7ac89861e0
+B+: 0x7f7ac8986213 0x7f7ac8986216
+B+: 0x7f7ac8986220 0x7f7ac8986249
+B+: 0x7f7ac8986250 0x7f7ac8986262
+B+: 0x7f7ac8986278 0x7f7ac8986278
+B+: 0x7f7ac8986280 0x7f7ac89862a3
+B+: 0x7f7ac89862b8 0x7f7ac89862b8
+B+: 0x7f7ac89862c0 0x7f7ac89862c8
+B+: 0x7f7ac89862c9 0x7f7ac89862d6
+B+: 0x7f7ac89862d7 0x7f7ac89862e2
+B+: 0x7f7ac89862e3 0x7f7ac89862e7
+B+: 0x7f7ac89862e8 0x7f7ac89862f0
+B+: 0x7f7ac8986300 0x7f7ac8986304
+B+: 0x7f7ac89863c0 0x7f7ac89863ec
+B+: 0x7f7ac89863ed 0x7f7ac89863f2
+B+: 0x7f7ac89863f3 0x7f7ac8986404
+B+: 0x7f7ac8986405 0x7f7ac898640d
+B+: 0x7f7ac898640e 0x7f7ac898641c
+B+: 0x7f7ac8986424 0x7f7ac898642c
+CND+ 0x7f7ac898600e: taken
+CND+ 0x7f7ac8986126: taken
+CND+ 0x7f7ac898612b: not taken
+CND+ 0x7f7ac8986131: not taken
+CND+ 0x7f7ac8986136: taken
+CND+ 0x7f7ac898614d: not taken
+CND+ 0x7f7ac89861b6: not taken
+CND+ 0x7f7ac89861c4: not taken
+CND+ 0x7f7ac89861c9: taken
+CND+ 0x7f7ac89861df: taken
+CND+ 0x7f7ac8986261: taken
+CND+ 0x7f7ac89862a2: taken
+CND+ 0x7f7ac89862c7: not taken
+CND+ 0x7f7ac89862d5: not taken
+CND+ 0x7f7ac89863f1: not taken
+CND+ 0x7f7ac898640c: not taken
@0x7f7ac8986026 to 0x7f7acc975500 5
@0x7f7ac8986030 to 0x7f7ac8986036 1
@0x7f7ac8986040 to 0x7f7ac8986046 1
@0x7f7ac8986050 to 0x7f7ac8986056 1
@0x7f7ac89860b0 to 0x7f7ac89860b6 1
@0x7f7ac89860c0 to 0x7f7ac89860c6 1
@0x7f7ac89860e0 to 0x7f7acb4db1c0 1
@0x7f7ac8986244 to 0x7f7acb4c4fb0 1
@0x7f7ac8986401 to 0x7f7ac8986300 1
