MODULE_NAME: /usr/bin/gs
MODULE_START: 0x7fe96f3f6000
+B+: 0x7fe96f3f7000 0x7fe96f3f700f
+B+: 0x7fe96f3f7012 0x7fe96f3f7016
+B+: 0x7fe96f3f7020 0x7fe96f3f702b
+B+: 0x7fe96f3f7030 0x7fe96f3f7035
+B+: 0x7fe96f3f7036 0x7fe96f3f703f
+B+: 0x7fe96f3f7040 0x7fe96f3f7045
+B+: 0x7fe96f3f7046 0x7fe96f3f704f
+B+: 0x7fe96f3f7050 0x7fe96f3f7055
+B+: 0x7fe96f3f7056 0x7fe96f3f705f
+B+: 0x7fe96f3f70b0 0x7fe96f3f70b5
+B+: 0x7fe96f3f70b6 0x7fe96f3f70bf
+B+: 0x7fe96f3f70c0 0x7fe96f3f70c5
+B+: 0x7fe96f3f70c6 0x7fe96f3f70cf
+B+: 0x7fe96f3f70e0 0x7fe96f3f70e5
+B+: 0x7fe96f3f70f0 0x7fe96f3f7121
+B+: 0x7fe96f3f7122 0x7fe96f3f7127
+B+: 0x7fe96f3f7128 0x7fe96f3f7130
+B+: 0x7fe96f3f7131 0x7fe96f3f7132
+B+: 0x7fe96f3f7133 0x7fe96f3f7137
+B+: 0x7fe96f3f713d 0x7fe96f3f7152
+B+: 0x7fe96f3f7153 0x7fe96f3f715b
+B+: 0x7fe96f3f7178 0x7fe96f3f7183
+B+: 0x7fe96f3f7184 0x7fe96f3f71a2
+B+: 0x7fe96f3f71a3 0x7fe96f3f71b1
+B+: 0x7fe96f3f71b2 0x7fe96f3f71b7
+B+: 0x7fe96f3f71b8 0x7fe96f3f71c1
+B+: 0x7fe96f3f71c2 0x7fe96f3f71c5
+B+: 0x7fe96f3f71c6 0x7fe96f3f71ca
+B+: 0x7fe96f3f71cb 0x7fe96f3f71d6
+B+: 0x7fe96f3f71d7 0x7fe96f3f71db
+B+: 0x7fe96f3f71dc 0x7fe96f3f71e0
+B+: 0x7fe96f3f7213 0x7fe96f3f7216
+B+: 0x7fe96f3f7220 0x7fe96f3f7249
+B+: 0x7fe96f3f7250 0x7fe96f3f7262
+B+: 0x7fe96f3f7278 0x7fe96f3f7278
+B+: 0x7fe96f3f7280 0x7fe96f3f72a3
+B+: 0x7fe96f3f72b8 0x7fe96f3f72b8
+B+: 0x7fe96f3f72c0 0x7fe96f3f72c8
+B+: 0x7fe96f3f72c9 0x7fe96f3f72d6
+B+: 0x7fe96f3f72d7 0x7fe96f3f72e2
+B+: 0x7fe96f3f72e3 0x7fe96f3f72e7
+B+: 0x7fe96f3f72e8 0x7fe96f3f72f0
+B+: 0x7fe96f3f7300 0x7fe96f3f7304
+B+: 0x7fe96f3f73c0 0x7fe96f3f73ec
+B+: 0x7fe96f3f73ed 0x7fe96f3f73f2
+B+: 0x7fe96f3f73f3 0x7fe96f3f7404
+B+: 0x7fe96f3f7405 0x7fe96f3f740d
+B+: 0x7fe96f3f740e 0x7fe96f3f741c
+B+: 0x7fe96f3f7424 0x7fe96f3f742c
+CND+ 0x7fe96f3f700e: taken
+CND+ 0x7fe96f3f7126: taken
+CND+ 0x7fe96f3f712b: not taken
+CND+ 0x7fe96f3f7131: not taken
+CND+ 0x7fe96f3f7136: taken
+CND+ 0x7fe96f3f714d: not taken
+CND+ 0x7fe96f3f71b6: not taken
+CND+ 0x7fe96f3f71c4: not taken
+CND+ 0x7fe96f3f71c9: taken
+CND+ 0x7fe96f3f71df: taken
+CND+ 0x7fe96f3f7261: taken
+CND+ 0x7fe96f3f72a2: taken
+CND+ 0x7fe96f3f72c7: not taken
+CND+ 0x7fe96f3f72d5: not taken
+CND+ 0x7fe96f3f73f1: not taken
+CND+ 0x7fe96f3f740c: not taken
@0x7fe96f3f7026 to 0x7fe9733e6500 5
@0x7fe96f3f7030 to 0x7fe96f3f7036 1
@0x7fe96f3f7040 to 0x7fe96f3f7046 1
@0x7fe96f3f7050 to 0x7fe96f3f7056 1
@0x7fe96f3f70b0 to 0x7fe96f3f70b6 1
@0x7fe96f3f70c0 to 0x7fe96f3f70c6 1
@0x7fe96f3f70e0 to 0x7fe971f4c1c0 1
@0x7fe96f3f7244 to 0x7fe971f35fb0 1
@0x7fe96f3f7401 to 0x7fe96f3f7300 1
