MODULE_NAME: /usr/bin/gs
MODULE_START: 0x7f00b536a000
+B+: 0x7f00b536b000 0x7f00b536b00f
+B+: 0x7f00b536b012 0x7f00b536b016
+B+: 0x7f00b536b020 0x7f00b536b02b
+B+: 0x7f00b536b030 0x7f00b536b035
+B+: 0x7f00b536b036 0x7f00b536b03f
+B+: 0x7f00b536b040 0x7f00b536b045
+B+: 0x7f00b536b046 0x7f00b536b04f
+B+: 0x7f00b536b050 0x7f00b536b055
+B+: 0x7f00b536b056 0x7f00b536b05f
+B+: 0x7f00b536b0b0 0x7f00b536b0b5
+B+: 0x7f00b536b0b6 0x7f00b536b0bf
+B+: 0x7f00b536b0c0 0x7f00b536b0c5
+B+: 0x7f00b536b0c6 0x7f00b536b0cf
+B+: 0x7f00b536b0e0 0x7f00b536b0e5
+B+: 0x7f00b536b0f0 0x7f00b536b121
+B+: 0x7f00b536b122 0x7f00b536b127
+B+: 0x7f00b536b128 0x7f00b536b130
+B+: 0x7f00b536b131 0x7f00b536b132
+B+: 0x7f00b536b133 0x7f00b536b137
+B+: 0x7f00b536b13d 0x7f00b536b152
+B+: 0x7f00b536b153 0x7f00b536b15b
+B+: 0x7f00b536b178 0x7f00b536b183
+B+: 0x7f00b536b184 0x7f00b536b1a2
+B+: 0x7f00b536b1a3 0x7f00b536b1b1
+B+: 0x7f00b536b1b2 0x7f00b536b1b7
+B+: 0x7f00b536b1b8 0x7f00b536b1c1
+B+: 0x7f00b536b1c2 0x7f00b536b1c5
+B+: 0x7f00b536b1c6 0x7f00b536b1ca
+B+: 0x7f00b536b1cb 0x7f00b536b1d6
+B+: 0x7f00b536b1d7 0x7f00b536b1db
+B+: 0x7f00b536b1dc 0x7f00b536b1e0
+B+: 0x7f00b536b213 0x7f00b536b216
+B+: 0x7f00b536b220 0x7f00b536b249
+B+: 0x7f00b536b250 0x7f00b536b262
+B+: 0x7f00b536b278 0x7f00b536b278
+B+: 0x7f00b536b280 0x7f00b536b2a3
+B+: 0x7f00b536b2b8 0x7f00b536b2b8
+B+: 0x7f00b536b2c0 0x7f00b536b2c8
+B+: 0x7f00b536b2c9 0x7f00b536b2d6
+B+: 0x7f00b536b2d7 0x7f00b536b2e2
+B+: 0x7f00b536b2e3 0x7f00b536b2e7
+B+: 0x7f00b536b2e8 0x7f00b536b2f0
+B+: 0x7f00b536b300 0x7f00b536b304
+B+: 0x7f00b536b3c0 0x7f00b536b3ec
+B+: 0x7f00b536b3ed 0x7f00b536b3f2
+B+: 0x7f00b536b3f3 0x7f00b536b404
+B+: 0x7f00b536b405 0x7f00b536b40d
+B+: 0x7f00b536b40e 0x7f00b536b41c
+B+: 0x7f00b536b424 0x7f00b536b42c
+CND+ 0x7f00b536b00e: taken
+CND+ 0x7f00b536b126: taken
+CND+ 0x7f00b536b12b: not taken
+CND+ 0x7f00b536b131: not taken
+CND+ 0x7f00b536b136: taken
+CND+ 0x7f00b536b14d: not taken
+CND+ 0x7f00b536b1b6: not taken
+CND+ 0x7f00b536b1c4: not taken
+CND+ 0x7f00b536b1c9: taken
+CND+ 0x7f00b536b1df: taken
+CND+ 0x7f00b536b261: taken
+CND+ 0x7f00b536b2a2: taken
+CND+ 0x7f00b536b2c7: not taken
+CND+ 0x7f00b536b2d5: not taken
+CND+ 0x7f00b536b3f1: not taken
+CND+ 0x7f00b536b40c: not taken
@0x7f00b536b026 to 0x7f00b935a500 5
@0x7f00b536b030 to 0x7f00b536b036 1
@0x7f00b536b040 to 0x7f00b536b046 1
@0x7f00b536b050 to 0x7f00b536b056 1
@0x7f00b536b0b0 to 0x7f00b536b0b6 1
@0x7f00b536b0c0 to 0x7f00b536b0c6 1
@0x7f00b536b0e0 to 0x7f00b7ec01c0 1
@0x7f00b536b244 to 0x7f00b7ea9fb0 1
@0x7f00b536b401 to 0x7f00b536b300 1
