MODULE_NAME: /bin/dash
MODULE_START: 0x7f11f8855000
+B+: 0x7f11f8859000 0x7f11f885900f
+B+: 0x7f11f8859012 0x7f11f8859016
+B+: 0x7f11f8859050 0x7f11f8859055
+B+: 0x7f11f8859080 0x7f11f8859085
+B+: 0x7f11f8859090 0x7f11f8859095
+B+: 0x7f11f88590a0 0x7f11f88590a5
+B+: 0x7f11f88590d0 0x7f11f88590d5
+B+: 0x7f11f88590f0 0x7f11f88590f5
+B+: 0x7f11f8859130 0x7f11f8859135
+B+: 0x7f11f8859140 0x7f11f8859145
+B+: 0x7f11f8859150 0x7f11f8859155
+B+: 0x7f11f8859160 0x7f11f8859165
+B+: 0x7f11f8859190 0x7f11f8859195
+B+: 0x7f11f88591c0 0x7f11f88591c5
+B+: 0x7f11f88591e0 0x7f11f88591e5
+B+: 0x7f11f8859220 0x7f11f8859225
+B+: 0x7f11f8859230 0x7f11f8859235
+B+: 0x7f11f8859280 0x7f11f8859285
+B+: 0x7f11f88592a0 0x7f11f88592a5
+B+: 0x7f11f88592d0 0x7f11f88592d5
+B+: 0x7f11f8859320 0x7f11f8859325
+B+: 0x7f11f8859330 0x7f11f8859335
+B+: 0x7f11f8859350 0x7f11f8859355
+B+: 0x7f11f8859370 0x7f11f8859375
+B+: 0x7f11f8859390 0x7f11f8859395
+B+: 0x7f11f88593b0 0x7f11f88593b5
+B+: 0x7f11f88593c0 0x7f11f88593c5
+B+: 0x7f11f88593e0 0x7f11f88593e5
+B+: 0x7f11f8859410 0x7f11f8859415
+B+: 0x7f11f8859460 0x7f11f8859465
+B+: 0x7f11f8859510 0x7f11f8859515
+B+: 0x7f11f8859560 0x7f11f8859565
+B+: 0x7f11f8859570 0x7f11f8859575
+B+: 0x7f11f8859590 0x7f11f88595b8
+B+: 0x7f11f88595b9 0x7f11f88595c4
+B+: 0x7f11f88595c5 0x7f11f88595cf
+B+: 0x7f11f88595d0 0x7f11f88595e7
+B+: 0x7f11f88595e8 0x7f11f88595ef
+B+: 0x7f11f88595f0 0x7f11f8859600
+B+: 0x7f11f8859601 0x7f11f885960b
+B+: 0x7f11f885960c 0x7f11f8859615
+B+: 0x7f11f8859616 0x7f11f8859623
+B+: 0x7f11f8859624 0x7f11f885962b
+B+: 0x7f11f885962c 0x7f11f885963c
+B+: 0x7f11f8859657 0x7f11f8859660
+B+: 0x7f11f8859661 0x7f11f8859678
+B+: 0x7f11f8859679 0x7f11f885967f
+B+: 0x7f11f8859680 0x7f11f885968c
+B+: 0x7f11f885968d 0x7f11f8859696
+B+: 0x7f11f8859697 0x7f11f885969b
+B+: 0x7f11f8859760 0x7f11f8859789
+B+: 0x7f11f88597c0 0x7f11f88597e3
+B+: 0x7f11f88597f8 0x7f11f88597f8
+B+: 0x7f11f8859840 0x7f11f8859844
+B+: 0x7f11f8859850 0x7f11f8859863
+B+: 0x7f11f8859864 0x7f11f885986f
+B+: 0x7f11f8859870 0x7f11f885987d
+B+: 0x7f11f885987e 0x7f11f88598aa
+B+: 0x7f11f88598ab 0x7f11f88598ac
+B+: 0x7f11f88598cb 0x7f11f88598d2
+B+: 0x7f11f8859a50 0x7f11f8859a57
+B+: 0x7f11f8859a58 0x7f11f8859a5e
+B+: 0x7f11f8859a5f 0x7f11f8859a63
+B+: 0x7f11f8859a71 0x7f11f8859a72
+B+: 0x7f11f885a6d0 0x7f11f885a6eb
+B+: 0x7f11f885a6ec 0x7f11f885a705
+B+: 0x7f11f885a717 0x7f11f885a71b
+B+: 0x7f11f885a71c 0x7f11f885a720
+B+: 0x7f11f885a72c 0x7f11f885a730
+B+: 0x7f11f885a73e 0x7f11f885a74d
+B+: 0x7f11f885a74e 0x7f11f885a757
+B+: 0x7f11f885a758 0x7f11f885a775
+B+: 0x7f11f885a780 0x7f11f885a788
+B+: 0x7f11f885a789 0x7f11f885a790
+B+: 0x7f11f885a791 0x7f11f885a79c
+B+: 0x7f11f885b060 0x7f11f885b07e
+B+: 0x7f11f885b10d 0x7f11f885b11c
+B+: 0x7f11f885b11d 0x7f11f885b123
+B+: 0x7f11f885b140 0x7f11f885b14a
+B+: 0x7f11f885b14b 0x7f11f885b152
+B+: 0x7f11f885b153 0x7f11f885b15d
+B+: 0x7f11f885b15e 0x7f11f885b16f
+B+: 0x7f11f885b188 0x7f11f885b18c
+B+: 0x7f11f885b18d 0x7f11f885b191
+B+: 0x7f11f885b192 0x7f11f885b19c
+B+: 0x7f11f885b1a7 0x7f11f885b1ad
+B+: 0x7f11f885b1ae 0x7f11f885b1b5
+B+: 0x7f11f885b1c0 0x7f11f885b1cf
+B+: 0x7f11f885bbc0 0x7f11f885bbfa
+B+: 0x7f11f885bbfb 0x7f11f885bc07
+B+: 0x7f11f885bc08 0x7f11f885bc0f
+B+: 0x7f11f885bc10 0x7f11f885bc11
+B+: 0x7f11f885bc18 0x7f11f885bc21
+B+: 0x7f11f885bc22 0x7f11f885bc2e
+B+: 0x7f11f885bc32 0x7f11f885bc39
+B+: 0x7f11f885bc3a 0x7f11f885bc49
+B+: 0x7f11f885bc4a 0x7f11f885bc51
+B+: 0x7f11f885bc52 0x7f11f885bc58
+B+: 0x7f11f885bc59 0x7f11f885bc60
+B+: 0x7f11f885bc61 0x7f11f885bc68
+B+: 0x7f11f885bc69 0x7f11f885bc6d
+B+: 0x7f11f885bc6e 0x7f11f885bc77
+B+: 0x7f11f885bc78 0x7f11f885bc89
+B+: 0x7f11f885bc8a 0x7f11f885bc98
+B+: 0x7f11f885be90 0x7f11f885bed3
+B+: 0x7f11f885bedf 0x7f11f885bef5
+B+: 0x7f11f885bef6 0x7f11f885befa
+B+: 0x7f11f885befb 0x7f11f885bf5a
+B+: 0x7f11f885bf5b 0x7f11f885bf67
+B+: 0x7f11f885bf68 0x7f11f885bf77
+B+: 0x7f11f885bf78 0x7f11f885bf7f
+B+: 0x7f11f885bf80 0x7f11f885bf8b
+B+: 0x7f11f885bf8c 0x7f11f885bf94
+B+: 0x7f11f885bf95 0x7f11f885bf9b
+B+: 0x7f11f885bfa0 0x7f11f885bfaf
+B+: 0x7f11f885bfb0 0x7f11f885bfc5
+B+: 0x7f11f885bfc6 0x7f11f885bfcf
+B+: 0x7f11f885bfd0 0x7f11f885bfe3
+B+: 0x7f11f885bfe4 0x7f11f885bffc
+B+: 0x7f11f885c019 0x7f11f885c02b
+B+: 0x7f11f885c02c 0x7f11f885c034
+B+: 0x7f11f885c035 0x7f11f885c047
+B+: 0x7f11f885c048 0x7f11f885c05b
+B+: 0x7f11f885c0a8 0x7f11f885c0b4
+B+: 0x7f11f885c0b5 0x7f11f885c0b9
+B+: 0x7f11f885c0db 0x7f11f885c0e1
+B+: 0x7f11f885c0f0 0x7f11f885c103
+B+: 0x7f11f885c104 0x7f11f885c113
+B+: 0x7f11f885c114 0x7f11f885c11b
+B+: 0x7f11f885c11c 0x7f11f885c122
+B+: 0x7f11f885c123 0x7f11f885c152
+B+: 0x7f11f885c153 0x7f11f885c15f
+B+: 0x7f11f885c160 0x7f11f885c168
+B+: 0x7f11f885c216 0x7f11f885c21c
+B+: 0x7f11f885c224 0x7f11f885c22d
+B+: 0x7f11f885c22e 0x7f11f885c237
+B+: 0x7f11f885c238 0x7f11f885c241
+B+: 0x7f11f885c242 0x7f11f885c24b
+B+: 0x7f11f885c25d 0x7f11f885c266
+B+: 0x7f11f885c267 0x7f11f885c281
+B+: 0x7f11f885c282 0x7f11f885c293
+B+: 0x7f11f885c34c 0x7f11f885c353
+B+: 0x7f11f885c354 0x7f11f885c36f
+B+: 0x7f11f885c51b 0x7f11f885c525
+B+: 0x7f11f885c526 0x7f11f885c52e
+B+: 0x7f11f885c52f 0x7f11f885c537
+B+: 0x7f11f885c8d0 0x7f11f885c8ec
+B+: 0x7f11f885c8ed 0x7f11f885c8f1
+B+: 0x7f11f885c8f8 0x7f11f885c8fa
+B+: 0x7f11f885c8fb 0x7f11f885c907
+B+: 0x7f11f885c908 0x7f11f885c93e
+B+: 0x7f11f885c93f 0x7f11f885c940
+B+: 0x7f11f885c963 0x7f11f885c977
+B+: 0x7f11f885c980 0x7f11f885c986
+B+: 0x7f11f885c987 0x7f11f885c98e
+B+: 0x7f11f885c98f 0x7f11f885c997
+B+: 0x7f11f885c998 0x7f11f885c9ba
+B+: 0x7f11f885c9bb 0x7f11f885c9bc
+B+: 0x7f11f885c9c0 0x7f11f885c9e7
+B+: 0x7f11f885c9e8 0x7f11f885c9f7
+B+: 0x7f11f885ca19 0x7f11f885ca21
+B+: 0x7f11f885ca22 0x7f11f885ca2a
+B+: 0x7f11f885ca2b 0x7f11f885ca34
+B+: 0x7f11f885ca35 0x7f11f885ca3f
+B+: 0x7f11f885cad0 0x7f11f885cae9
+B+: 0x7f11f885caea 0x7f11f885cb00
+B+: 0x7f11f885cb10 0x7f11f885cb1f
+B+: 0x7f11f885cb20 0x7f11f885cb2b
+B+: 0x7f11f885cb2c 0x7f11f885cb31
+B+: 0x7f11f885cb32 0x7f11f885cb41
+B+: 0x7f11f885cb56 0x7f11f885cb61
+B+: 0x7f11f885cb62 0x7f11f885cb6f
+B+: 0x7f11f885cb70 0x7f11f885cb85
+B+: 0x7f11f885cb86 0x7f11f885cb97
+B+: 0x7f11f885cb98 0x7f11f885cbc0
+B+: 0x7f11f885cbc8 0x7f11f885cbcc
+B+: 0x7f11f885cbcd 0x7f11f885cbea
+B+: 0x7f11f885cd70 0x7f11f885cd98
+B+: 0x7f11f885cda0 0x7f11f885cda1
+B+: 0x7f11f885cda2 0x7f11f885cdaa
+B+: 0x7f11f885cdab 0x7f11f885cdc5
+B+: 0x7f11f885cdc6 0x7f11f885cdc9
+B+: 0x7f11f885cdca 0x7f11f885cdd1
+B+: 0x7f11f885cdd2 0x7f11f885cde6
+B+: 0x7f11f885cdf0 0x7f11f885ce2a
+B+: 0x7f11f885ce2b 0x7f11f885ce2f
+B+: 0x7f11f885ce46 0x7f11f885ce5c
+B+: 0x7f11f885ce5d 0x7f11f885ce6e
+B+: 0x7f11f885ce90 0x7f11f885cead
+B+: 0x7f11f885cec8 0x7f11f885ced1
+B+: 0x7f11f885ced2 0x7f11f885cedd
+B+: 0x7f11f885cf6c 0x7f11f885cf8f
+B+: 0x7f11f885cf90 0x7f11f885cf9c
+B+: 0x7f11f885cf9d 0x7f11f885cfa8
+B+: 0x7f11f885cfa9 0x7f11f885cfb0
+B+: 0x7f11f885cfb1 0x7f11f885cfc5
+B+: 0x7f11f885d008 0x7f11f885d012
+B+: 0x7f11f885d013 0x7f11f885d01e
+B+: 0x7f11f885d01f 0x7f11f885d02e
+B+: 0x7f11f885d060 0x7f11f885d066
+B+: 0x7f11f885d067 0x7f11f885d074
+B+: 0x7f11f885d075 0x7f11f885d086
+B+: 0x7f11f885d087 0x7f11f885d08e
+B+: 0x7f11f885d08f 0x7f11f885d0a2
+B+: 0x7f11f885d0a3 0x7f11f885d0b0
+B+: 0x7f11f885d100 0x7f11f885d116
+B+: 0x7f11f885d145 0x7f11f885d14d
+B+: 0x7f11f885d14e 0x7f11f885d157
+B+: 0x7f11f885d160 0x7f11f885d166
+B+: 0x7f11f885d1c0 0x7f11f885d1d1
+B+: 0x7f11f885d1e8 0x7f11f885d1ef
+B+: 0x7f11f885d248 0x7f11f885d25b
+B+: 0x7f11f885d25c 0x7f11f885d271
+B+: 0x7f11f885d7d0 0x7f11f885d7ff
+B+: 0x7f11f885d80f 0x7f11f885d812
+B+: 0x7f11f885d813 0x7f11f885d81c
+B+: 0x7f11f885d81d 0x7f11f885d820
+B+: 0x7f11f885d821 0x7f11f885d82f
+B+: 0x7f11f885d830 0x7f11f885d83a
+B+: 0x7f11f885d84f 0x7f11f885d85a
+B+: 0x7f11f885d85f 0x7f11f885d862
+B+: 0x7f11f885d870 0x7f11f885d877
+B+: 0x7f11f885d878 0x7f11f885d88d
+B+: 0x7f11f885e440 0x7f11f885e464
+B+: 0x7f11f885e61e 0x7f11f885e627
+B+: 0x7f11f885e628 0x7f11f885e631
+B+: 0x7f11f885e632 0x7f11f885e659
+B+: 0x7f11f885e6af 0x7f11f885e6bc
+B+: 0x7f11f885e6c0 0x7f11f885e6cb
+B+: 0x7f11f885e730 0x7f11f885e73b
+B+: 0x7f11f885e740 0x7f11f885e75e
+B+: 0x7f11f885e75f 0x7f11f885e767
+B+: 0x7f11f885e7d2 0x7f11f885e7e3
+B+: 0x7f11f885e8a0 0x7f11f885e8a7
+B+: 0x7f11f885f260 0x7f11f885f2a5
+B+: 0x7f11f885f2b5 0x7f11f885f2be
+B+: 0x7f11f885f2bf 0x7f11f885f2d2
+B+: 0x7f11f885f2d3 0x7f11f885f2fc
+B+: 0x7f11f885f2fd 0x7f11f885f310
+B+: 0x7f11f885f324 0x7f11f885f328
+B+: 0x7f11f885f336 0x7f11f885f33f
+B+: 0x7f11f885f340 0x7f11f885f344
+B+: 0x7f11f885f370 0x7f11f885f386
+B+: 0x7f11f885f387 0x7f11f885f398
+B+: 0x7f11f885f3a0 0x7f11f885f3b6
+B+: 0x7f11f885f3b7 0x7f11f885f3d7
+B+: 0x7f11f885f3dd 0x7f11f885f3ec
+B+: 0x7f11f885f850 0x7f11f885f886
+B+: 0x7f11f885f887 0x7f11f885f89a
+B+: 0x7f11f885f89b 0x7f11f885f8ad
+B+: 0x7f11f885f8ae 0x7f11f885f8c4
+B+: 0x7f11f885f8c5 0x7f11f885f8d7
+B+: 0x7f11f885f8d8 0x7f11f885f8e7
+B+: 0x7f11f885f8e8 0x7f11f885f90c
+B+: 0x7f11f885f90d 0x7f11f885f915
+B+: 0x7f11f885f924 0x7f11f885f933
+B+: 0x7f11f885f934 0x7f11f885f947
+B+: 0x7f11f885f948 0x7f11f885f954
+B+: 0x7f11f885f955 0x7f11f885f95f
+B+: 0x7f11f885f960 0x7f11f885f964
+B+: 0x7f11f885fa6a 0x7f11f885fa7c
+B+: 0x7f11f885fa7d 0x7f11f885fa9c
+B+: 0x7f11f885fba0 0x7f11f885fbad
+B+: 0x7f11f885fbae 0x7f11f885fbe1
+B+: 0x7f11f885fbf0 0x7f11f885fbfb
+B+: 0x7f11f885fdb0 0x7f11f885fdbd
+B+: 0x7f11f885fdbe 0x7f11f885fdca
+B+: 0x7f11f885fdcb 0x7f11f885fde3
+B+: 0x7f11f885fde8 0x7f11f885fdf4
+B+: 0x7f11f885fdf8 0x7f11f885fe04
+B+: 0x7f11f885fe05 0x7f11f885fe12
+B+: 0x7f11f885fe13 0x7f11f885fe1d
+B+: 0x7f11f885feb4 0x7f11f885fec1
+B+: 0x7f11f8860160 0x7f11f8860174
+B+: 0x7f11f8860175 0x7f11f8860187
+B+: 0x7f11f8860188 0x7f11f88601a2
+B+: 0x7f11f88601a3 0x7f11f88601ac
+B+: 0x7f11f88601ad 0x7f11f88601b3
+B+: 0x7f11f88601d0 0x7f11f88601e5
+B+: 0x7f11f88601eb 0x7f11f88601f3
+B+: 0x7f11f8860205 0x7f11f886020b
+B+: 0x7f11f886020c 0x7f11f886021d
+B+: 0x7f11f886021e 0x7f11f8860226
+B+: 0x7f11f8860227 0x7f11f8860230
+B+: 0x7f11f8860231 0x7f11f8860232
+B+: 0x7f11f8860240 0x7f11f8860248
+B+: 0x7f11f8860260 0x7f11f8860260
+B+: 0x7f11f8860520 0x7f11f8860534
+B+: 0x7f11f8860572 0x7f11f8860578
+B+: 0x7f11f8860580 0x7f11f8860583
+B+: 0x7f11f8860610 0x7f11f8860656
+B+: 0x7f11f886065b 0x7f11f8860686
+B+: 0x7f11f8860687 0x7f11f886069d
+B+: 0x7f11f88606fc 0x7f11f8860708
+B+: 0x7f11f8860709 0x7f11f8860711
+B+: 0x7f11f8860712 0x7f11f886072a
+B+: 0x7f11f886072b 0x7f11f886073c
+B+: 0x7f11f8860740 0x7f11f8860747
+B+: 0x7f11f8860748 0x7f11f886075f
+B+: 0x7f11f8860760 0x7f11f8860766
+B+: 0x7f11f8860767 0x7f11f8860780
+B+: 0x7f11f8860790 0x7f11f8860793
+B+: 0x7f11f8860794 0x7f11f8860798
+B+: 0x7f11f88607a2 0x7f11f88607aa
+B+: 0x7f11f88607ab 0x7f11f88607ae
+B+: 0x7f11f88607af 0x7f11f88607bd
+B+: 0x7f11f88607cb 0x7f11f88607d3
+B+: 0x7f11f8860825 0x7f11f8860841
+B+: 0x7f11f8860842 0x7f11f886084d
+B+: 0x7f11f886087e 0x7f11f886088e
+B+: 0x7f11f886088f 0x7f11f88608a0
+B+: 0x7f11f88608a1 0x7f11f88608ad
+B+: 0x7f11f8860c10 0x7f11f8860c30
+B+: 0x7f11f8860c31 0x7f11f8860c58
+B+: 0x7f11f8860c5e 0x7f11f8860c66
+B+: 0x7f11f8860c67 0x7f11f8860c6f
+B+: 0x7f11f8860c78 0x7f11f8860c87
+B+: 0x7f11f8860c88 0x7f11f8860c89
+B+: 0x7f11f8860ca0 0x7f11f8860caf
+B+: 0x7f11f8860cba 0x7f11f8860cc4
+B+: 0x7f11f8860ce0 0x7f11f8860ce8
+B+: 0x7f11f8861360 0x7f11f886136b
+B+: 0x7f11f8861480 0x7f11f8861480
+B+: 0x7f11f88619c0 0x7f11f88619db
+B+: 0x7f11f8861a16 0x7f11f8861a32
+B+: 0x7f11f8861a33 0x7f11f8861a52
+B+: 0x7f11f8861a63 0x7f11f8861a6a
+B+: 0x7f11f8861a90 0x7f11f8861aa6
+B+: 0x7f11f8861aa7 0x7f11f8861aae
+B+: 0x7f11f8861aaf 0x7f11f8861ab6
+B+: 0x7f11f8861af6 0x7f11f8861b01
+B+: 0x7f11f8861b0c 0x7f11f8861b34
+B+: 0x7f11f8861b40 0x7f11f8861b57
+B+: 0x7f11f8861b58 0x7f11f8861b5f
+B+: 0x7f11f8861b60 0x7f11f8861b67
+B+: 0x7f11f8861b68 0x7f11f8861b70
+B+: 0x7f11f8861b71 0x7f11f8861b7a
+B+: 0x7f11f8861b7b 0x7f11f8861b80
+B+: 0x7f11f8861b97 0x7f11f8861b9c
+B+: 0x7f11f8861c0a 0x7f11f8861c3d
+B+: 0x7f11f8861c47 0x7f11f8861c53
+B+: 0x7f11f8861ed0 0x7f11f8861ede
+B+: 0x7f11f8861edf 0x7f11f8861ee7
+B+: 0x7f11f8861ee8 0x7f11f8861efc
+B+: 0x7f11f8861efd 0x7f11f8861f02
+B+: 0x7f11f8861f03 0x7f11f8861f1b
+B+: 0x7f11f8861f1c 0x7f11f8861f21
+B+: 0x7f11f8861f22 0x7f11f8861f2b
+B+: 0x7f11f8861fc0 0x7f11f8861fc7
+B+: 0x7f11f8861fc8 0x7f11f8861fd0
+B+: 0x7f11f8862760 0x7f11f8862768
+B+: 0x7f11f8862769 0x7f11f886276d
+B+: 0x7f11f886276e 0x7f11f8862772
+B+: 0x7f11f8862780 0x7f11f8862788
+B+: 0x7f11f8862789 0x7f11f886278d
+B+: 0x7f11f886278e 0x7f11f8862792
+B+: 0x7f11f88627c0 0x7f11f88627d9
+B+: 0x7f11f88627da 0x7f11f88627e6
+B+: 0x7f11f88627f7 0x7f11f8862802
+B+: 0x7f11f8862803 0x7f11f886280b
+B+: 0x7f11f886280c 0x7f11f8862841
+B+: 0x7f11f8862842 0x7f11f886284b
+B+: 0x7f11f886284c 0x7f11f8862852
+B+: 0x7f11f8862853 0x7f11f8862875
+B+: 0x7f11f8862880 0x7f11f886288e
+B+: 0x7f11f88628b0 0x7f11f88628c8
+B+: 0x7f11f8862900 0x7f11f8862941
+B+: 0x7f11f8862950 0x7f11f8862966
+B+: 0x7f11f8862967 0x7f11f886297e
+B+: 0x7f11f886297f 0x7f11f886298a
+B+: 0x7f11f886298b 0x7f11f88629b3
+B+: 0x7f11f88629b4 0x7f11f88629bd
+B+: 0x7f11f88629be 0x7f11f88629bf
+B+: 0x7f11f88629d0 0x7f11f88629e8
+B+: 0x7f11f88629e9 0x7f11f8862a14
+B+: 0x7f11f8862a1e 0x7f11f8862a25
+B+: 0x7f11f8862a26 0x7f11f8862a33
+B+: 0x7f11f8862a34 0x7f11f8862a46
+B+: 0x7f11f8862ae0 0x7f11f8862afe
+B+: 0x7f11f8862aff 0x7f11f8862b0c
+B+: 0x7f11f8862b0d 0x7f11f8862b1b
+B+: 0x7f11f8862b1c 0x7f11f8862b2c
+B+: 0x7f11f8862b40 0x7f11f8862b62
+B+: 0x7f11f8862b98 0x7f11f8862ba9
+B+: 0x7f11f88636d0 0x7f11f88636f4
+B+: 0x7f11f88636f5 0x7f11f886370d
+B+: 0x7f11f886370e 0x7f11f8863712
+B+: 0x7f11f8863713 0x7f11f886371e
+B+: 0x7f11f886371f 0x7f11f8863723
+B+: 0x7f11f8863724 0x7f11f8863728
+B+: 0x7f11f8863729 0x7f11f8863730
+B+: 0x7f11f886373c 0x7f11f8863749
+B+: 0x7f11f886374a 0x7f11f886374d
+B+: 0x7f11f886374e 0x7f11f8863760
+B+: 0x7f11f8863761 0x7f11f886376b
+B+: 0x7f11f8863790 0x7f11f886379d
+B+: 0x7f11f886379e 0x7f11f88637a5
+B+: 0x7f11f88637a6 0x7f11f88637a7
+B+: 0x7f11f8863890 0x7f11f886389d
+B+: 0x7f11f886389e 0x7f11f88638a9
+B+: 0x7f11f88638aa 0x7f11f88638bd
+B+: 0x7f11f88638c0 0x7f11f88638ca
+B+: 0x7f11f88638d0 0x7f11f88638ef
+B+: 0x7f11f88638f0 0x7f11f88638f4
+B+: 0x7f11f88638f5 0x7f11f886390c
+B+: 0x7f11f886390d 0x7f11f8863910
+B+: 0x7f11f8863911 0x7f11f8863912
+B+: 0x7f11f8863913 0x7f11f886391b
+B+: 0x7f11f886391c 0x7f11f8863930
+B+: 0x7f11f8863938 0x7f11f886393c
+B+: 0x7f11f8863980 0x7f11f886398f
+B+: 0x7f11f8863990 0x7f11f886399b
+B+: 0x7f11f886399c 0x7f11f88639ab
+B+: 0x7f11f8863a80 0x7f11f8863a93
+B+: 0x7f11f8863a94 0x7f11f8863aac
+B+: 0x7f11f8863aad 0x7f11f8863abf
+B+: 0x7f11f8863ac0 0x7f11f8863ada
+B+: 0x7f11f8863adb 0x7f11f8863ae3
+B+: 0x7f11f8863aec 0x7f11f8863af8
+B+: 0x7f11f8863af9 0x7f11f8863b02
+B+: 0x7f11f8863b03 0x7f11f8863b06
+B+: 0x7f11f8863b07 0x7f11f8863b1a
+B+: 0x7f11f8863c49 0x7f11f8863c55
+B+: 0x7f11f8863c56 0x7f11f8863c67
+B+: 0x7f11f8863c82 0x7f11f8863c93
+B+: 0x7f11f8863d77 0x7f11f8863d82
+B+: 0x7f11f8863da0 0x7f11f8863db2
+B+: 0x7f11f8863db3 0x7f11f8863ddf
+B+: 0x7f11f8863de0 0x7f11f8863deb
+B+: 0x7f11f8863dec 0x7f11f8863dfc
+B+: 0x7f11f8863dfd 0x7f11f8863e18
+B+: 0x7f11f8863e19 0x7f11f8863e25
+B+: 0x7f11f8863e26 0x7f11f8863e2e
+B+: 0x7f11f8863e2f 0x7f11f8863e3f
+B+: 0x7f11f8863e40 0x7f11f8863e44
+B+: 0x7f11f8863e45 0x7f11f8863e50
+B+: 0x7f11f8863e51 0x7f11f8863e5d
+B+: 0x7f11f8863e5e 0x7f11f8863e77
+B+: 0x7f11f8863ece 0x7f11f8863ed2
+B+: 0x7f11f8863ed3 0x7f11f8863ede
+B+: 0x7f11f8863ee0 0x7f11f8863eec
+B+: 0x7f11f8863f60 0x7f11f8863f7c
+B+: 0x7f11f8864120 0x7f11f8864128
+B+: 0x7f11f8864129 0x7f11f8864147
+B+: 0x7f11f8864750 0x7f11f886475e
+B+: 0x7f11f886475f 0x7f11f8864763
+B+: 0x7f11f8864764 0x7f11f8864770
+B+: 0x7f11f8864771 0x7f11f8864777
+B+: 0x7f11f8864778 0x7f11f8864783
+B+: 0x7f11f8864784 0x7f11f8864788
+B+: 0x7f11f8864789 0x7f11f886478d
+B+: 0x7f11f886478e 0x7f11f8864796
+B+: 0x7f11f8864797 0x7f11f886479e
+B+: 0x7f11f8864890 0x7f11f8864892
+B+: 0x7f11f88648a7 0x7f11f88648ab
+B+: 0x7f11f88648ac 0x7f11f88648b2
+B+: 0x7f11f88648b3 0x7f11f88648b6
+B+: 0x7f11f88648d0 0x7f11f88648e1
+B+: 0x7f11f88648e2 0x7f11f88648e6
+B+: 0x7f11f88648e7 0x7f11f88648eb
+B+: 0x7f11f88648ec 0x7f11f88648f1
+B+: 0x7f11f88648f2 0x7f11f88648fa
+B+: 0x7f11f88648fb 0x7f11f88648fc
+B+: 0x7f11f8864940 0x7f11f8864948
+B+: 0x7f11f8864949 0x7f11f8864951
+B+: 0x7f11f8864980 0x7f11f8864988
+B+: 0x7f11f8864989 0x7f11f886498a
+B+: 0x7f11f886498b 0x7f11f8864991
+B+: 0x7f11f8864992 0x7f11f88649a2
+B+: 0x7f11f88649a8 0x7f11f88649ac
+B+: 0x7f11f88649eb 0x7f11f8864a00
+B+: 0x7f11f8864a08 0x7f11f8864a10
+B+: 0x7f11f8864af0 0x7f11f8864b11
+B+: 0x7f11f8864b12 0x7f11f8864b16
+B+: 0x7f11f8864b17 0x7f11f8864b1d
+B+: 0x7f11f8864b1e 0x7f11f8864b26
+B+: 0x7f11f8864b27 0x7f11f8864b34
+B+: 0x7f11f8864b35 0x7f11f8864b3c
+B+: 0x7f11f8864b3d 0x7f11f8864b49
+B+: 0x7f11f8864b4a 0x7f11f8864b5a
+B+: 0x7f11f8864b5b 0x7f11f8864b63
+B+: 0x7f11f8864b7f 0x7f11f8864b93
+B+: 0x7f11f8864b94 0x7f11f8864b9c
+B+: 0x7f11f8864be0 0x7f11f8864bf7
+B+: 0x7f11f8864bf8 0x7f11f8864c00
+B+: 0x7f11f8864c1b 0x7f11f8864c2b
+B+: 0x7f11f8864d40 0x7f11f8864d5e
+B+: 0x7f11f8864d5f 0x7f11f8864d6d
+B+: 0x7f11f8864d6e 0x7f11f8864d72
+B+: 0x7f11f8864d7d 0x7f11f8864d90
+B+: 0x7f11f8864d91 0x7f11f8864d95
+B+: 0x7f11f8864d96 0x7f11f8864d9a
+B+: 0x7f11f8864da0 0x7f11f8864da4
+B+: 0x7f11f8864dd5 0x7f11f8864dd9
+B+: 0x7f11f8864dda 0x7f11f8864dde
+B+: 0x7f11f8864df0 0x7f11f8864dfb
+B+: 0x7f11f8864dfc 0x7f11f8864e07
+B+: 0x7f11f8864e08 0x7f11f8864e10
+B+: 0x7f11f8864e2c 0x7f11f8864e30
+B+: 0x7f11f8864e31 0x7f11f8864e36
+B+: 0x7f11f8864e41 0x7f11f8864e45
+B+: 0x7f11f8864e46 0x7f11f8864e54
+B+: 0x7f11f8864e55 0x7f11f8864e5d
+B+: 0x7f11f8864e5e 0x7f11f8864e62
+B+: 0x7f11f8864e63 0x7f11f8864e74
+B+: 0x7f11f8864e78 0x7f11f8864e84
+B+: 0x7f11f8864ea0 0x7f11f8864ea4
+B+: 0x7f11f8864ef0 0x7f11f8864f03
+B+: 0x7f11f8864f40 0x7f11f8864f76
+B+: 0x7f11f8864f77 0x7f11f8864f82
+B+: 0x7f11f8864f83 0x7f11f8864f92
+B+: 0x7f11f886501b 0x7f11f8865031
+B+: 0x7f11f8865032 0x7f11f8865040
+B+: 0x7f11f8865075 0x7f11f88650b8
+B+: 0x7f11f88650b9 0x7f11f88650c3
+B+: 0x7f11f88650c4 0x7f11f88650cc
+B+: 0x7f11f88650cd 0x7f11f88650d5
+B+: 0x7f11f88650d6 0x7f11f88650de
+B+: 0x7f11f88650df 0x7f11f8865106
+B+: 0x7f11f8865107 0x7f11f8865133
+B+: 0x7f11f8865578 0x7f11f8865581
+B+: 0x7f11f8865582 0x7f11f88655a8
+B+: 0x7f11f88655a9 0x7f11f88655b6
+B+: 0x7f11f88655d0 0x7f11f88655e0
+B+: 0x7f11f88655e1 0x7f11f88655ee
+B+: 0x7f11f88655ef 0x7f11f88655f3
+B+: 0x7f11f8865670 0x7f11f886567e
+B+: 0x7f11f886567f 0x7f11f8865683
+B+: 0x7f11f8865684 0x7f11f8865692
+B+: 0x7f11f8865693 0x7f11f886569a
+B+: 0x7f11f886569b 0x7f11f88656a2
+B+: 0x7f11f88656a3 0x7f11f88656b7
+B+: 0x7f11f8865790 0x7f11f88657bc
+B+: 0x7f11f88657bd 0x7f11f88657d4
+B+: 0x7f11f88657e0 0x7f11f886583a
+B+: 0x7f11f886583b 0x7f11f8865875
+B+: 0x7f11f8865876 0x7f11f8865893
+B+: 0x7f11f8865894 0x7f11f88658a3
+B+: 0x7f11f88658a4 0x7f11f88658b0
+B+: 0x7f11f88659b4 0x7f11f88659b8
+B+: 0x7f11f88659b9 0x7f11f88659cf
+B+: 0x7f11f88659d0 0x7f11f88659dc
+B+: 0x7f11f88659dd 0x7f11f88659ef
+B+: 0x7f11f88659f0 0x7f11f88659f7
+B+: 0x7f11f8865a01 0x7f11f8865a16
+B+: 0x7f11f8865a28 0x7f11f8865a3d
+B+: 0x7f11f8865a3e 0x7f11f8865a4d
+B+: 0x7f11f8865a79 0x7f11f8865a97
+B+: 0x7f11f8865a98 0x7f11f8865ac0
+B+: 0x7f11f8865ac1 0x7f11f8865acf
+B+: 0x7f11f8866148 0x7f11f8866154
+B+: 0x7f11f8866155 0x7f11f8866174
+B+: 0x7f11f8866175 0x7f11f886617f
+B+: 0x7f11f88661ac 0x7f11f88661b0
+B+: 0x7f11f88661b1 0x7f11f88661b5
+B+: 0x7f11f8866a40 0x7f11f8866a64
+B+: 0x7f11f8866b10 0x7f11f8866b1a
+B+: 0x7f11f8866b40 0x7f11f8866b47
+B+: 0x7f11f8866b48 0x7f11f8866b51
+B+: 0x7f11f8866b58 0x7f11f8866b60
+B+: 0x7f11f8866b61 0x7f11f8866b6a
+B+: 0x7f11f8866b88 0x7f11f8866b8c
+B+: 0x7f11f8866b8d 0x7f11f8866b94
+B+: 0x7f11f8866ba0 0x7f11f8866ba4
+B+: 0x7f11f8866d00 0x7f11f8866d30
+B+: 0x7f11f8866e3f 0x7f11f8866e55
+B+: 0x7f11f8866e56 0x7f11f8866e67
+B+: 0x7f11f88671e0 0x7f11f8867222
+B+: 0x7f11f8867223 0x7f11f8867228
+B+: 0x7f11f886724c 0x7f11f8867260
+B+: 0x7f11f8867261 0x7f11f8867269
+B+: 0x7f11f8867270 0x7f11f8867279
+B+: 0x7f11f8867288 0x7f11f88672a0
+B+: 0x7f11f88672a1 0x7f11f88672ba
+B+: 0x7f11f88672bb 0x7f11f88672bc
+B+: 0x7f11f88672d0 0x7f11f88672d8
+B+: 0x7f11f88672f8 0x7f11f88672f8
+B+: 0x7f11f8867300 0x7f11f886730c
+B+: 0x7f11f886733f 0x7f11f8867343
+B+: 0x7f11f8867380 0x7f11f8867384
+B+: 0x7f11f88673d0 0x7f11f88673e3
+B+: 0x7f11f8867400 0x7f11f8867400
+B+: 0x7f11f8867420 0x7f11f886745b
+B+: 0x7f11f8867467 0x7f11f8867471
+B+: 0x7f11f8867472 0x7f11f8867489
+B+: 0x7f11f886748a 0x7f11f886748d
+B+: 0x7f11f886748e 0x7f11f8867494
+B+: 0x7f11f8867495 0x7f11f886749d
+B+: 0x7f11f886749e 0x7f11f88674a9
+B+: 0x7f11f88674aa 0x7f11f88674c2
+B+: 0x7f11f88674c3 0x7f11f88674ce
+B+: 0x7f11f88674cf 0x7f11f88674e5
+B+: 0x7f11f88674e6 0x7f11f88674f5
+B+: 0x7f11f8867500 0x7f11f886750e
+B+: 0x7f11f886750f 0x7f11f8867513
+B+: 0x7f11f8867514 0x7f11f886751e
+B+: 0x7f11f8867540 0x7f11f8867549
+B+: 0x7f11f886754a 0x7f11f886754e
+B+: 0x7f11f886754f 0x7f11f8867560
+B+: 0x7f11f8867568 0x7f11f8867577
+B+: 0x7f11f8867580 0x7f11f8867589
+B+: 0x7f11f88675a8 0x7f11f88675bb
+B+: 0x7f11f88675c0 0x7f11f88675ce
+B+: 0x7f11f88675cf 0x7f11f88675dc
+B+: 0x7f11f88676f0 0x7f11f88676fd
+B+: 0x7f11f88677a0 0x7f11f88677a0
+B+: 0x7f11f88677b0 0x7f11f88677ba
+B+: 0x7f11f88677bb 0x7f11f88677ce
+B+: 0x7f11f88677cf 0x7f11f88677d8
+B+: 0x7f11f88677d9 0x7f11f88677e6
+B+: 0x7f11f8867800 0x7f11f886782d
+B+: 0x7f11f886782e 0x7f11f8867831
+B+: 0x7f11f8867832 0x7f11f8867847
+B+: 0x7f11f8867864 0x7f11f886786b
+B+: 0x7f11f886786c 0x7f11f886786f
+B+: 0x7f11f8867870 0x7f11f8867876
+B+: 0x7f11f8867877 0x7f11f886787b
+B+: 0x7f11f886787c 0x7f11f8867886
+B+: 0x7f11f8867ae0 0x7f11f8867b01
+B+: 0x7f11f8867b02 0x7f11f8867b0a
+B+: 0x7f11f8867b0b 0x7f11f8867b14
+B+: 0x7f11f8867b15 0x7f11f8867b19
+B+: 0x7f11f8867c00 0x7f11f8867c19
+B+: 0x7f11f8867c51 0x7f11f8867c8e
+B+: 0x7f11f8867c8f 0x7f11f8867c9e
+B+: 0x7f11f8867c9f 0x7f11f8867ca6
+B+: 0x7f11f8867df0 0x7f11f8867dfb
+B+: 0x7f11f8867e20 0x7f11f8867e20
+B+: 0x7f11f8867e30 0x7f11f8867e38
+B+: 0x7f11f8869940 0x7f11f886994b
+B+: 0x7f11f886994c 0x7f11f8869957
+B+: 0x7f11f8869958 0x7f11f8869964
+B+: 0x7f11f8869965 0x7f11f8869969
+B+: 0x7f11f886996a 0x7f11f886996f
+B+: 0x7f11f8869970 0x7f11f8869976
+B+: 0x7f11f8869980 0x7f11f8869987
+B+: 0x7f11f8869988 0x7f11f886998c
+B+: 0x7f11f886998d 0x7f11f886999b
+B+: 0x7f11f886999c 0x7f11f88699a0
+B+: 0x7f11f88699a1 0x7f11f88699a8
+B+: 0x7f11f88699a9 0x7f11f88699ad
+B+: 0x7f11f88699ae 0x7f11f88699b8
+B+: 0x7f11f88699b9 0x7f11f88699b9
+B+: 0x7f11f88699c0 0x7f11f88699c5
+B+: 0x7f11f88699c6 0x7f11f88699c9
+B+: 0x7f11f88699d0 0x7f11f88699d0
+B+: 0x7f11f88699d1 0x7f11f88699d5
+B+: 0x7f11f88699d6 0x7f11f88699d9
+B+: 0x7f11f88699e0 0x7f11f88699ff
+B+: 0x7f11f8869a00 0x7f11f8869a11
+B+: 0x7f11f8869a12 0x7f11f8869a16
+B+: 0x7f11f8869a20 0x7f11f8869a22
+B+: 0x7f11f8869a23 0x7f11f8869a2f
+B+: 0x7f11f8869a30 0x7f11f8869a33
+B+: 0x7f11f8869a34 0x7f11f8869a5d
+B+: 0x7f11f8869a5e 0x7f11f8869a62
+B+: 0x7f11f8869a63 0x7f11f8869a82
+B+: 0x7f11f8869ac0 0x7f11f8869ade
+B+: 0x7f11f8869adf 0x7f11f8869ae3
+B+: 0x7f11f8869ae4 0x7f11f8869ae8
+B+: 0x7f11f8869af0 0x7f11f8869af2
+B+: 0x7f11f8869af3 0x7f11f8869aff
+B+: 0x7f11f8869b00 0x7f11f8869b03
+B+: 0x7f11f8869b04 0x7f11f8869b3e
+B+: 0x7f11f8869b3f 0x7f11f8869b49
+B+: 0x7f11f8869b4a 0x7f11f8869b57
+B+: 0x7f11f8869b58 0x7f11f8869b5d
+B+: 0x7f11f8869b5e 0x7f11f8869b66
+B+: 0x7f11f8869b67 0x7f11f8869b70
+B+: 0x7f11f8869b71 0x7f11f8869b7a
+B+: 0x7f11f8869b7b 0x7f11f8869b9a
+B+: 0x7f11f8869b9b 0x7f11f8869ba3
+B+: 0x7f11f8869ba4 0x7f11f8869bbd
+B+: 0x7f11f8869bc0 0x7f11f8869bc5
+B+: 0x7f11f8869bc6 0x7f11f8869bcf
+B+: 0x7f11f8869bd0 0x7f11f8869bd9
+B+: 0x7f11f8869bda 0x7f11f8869bf7
+B+: 0x7f11f8869c08 0x7f11f8869c14
+B+: 0x7f11f8869c15 0x7f11f8869c1b
+B+: 0x7f11f8869c1c 0x7f11f8869c29
+B+: 0x7f11f8869cb0 0x7f11f8869cca
+B+: 0x7f11f8869ccb 0x7f11f8869cda
+B+: 0x7f11f8869cdb 0x7f11f8869ce6
+B+: 0x7f11f8869ce7 0x7f11f8869cef
+B+: 0x7f11f8869cf0 0x7f11f8869cf4
+B+: 0x7f11f8869cf5 0x7f11f8869cfc
+B+: 0x7f11f8869cfd 0x7f11f8869d10
+B+: 0x7f11f8869d11 0x7f11f8869d21
+B+: 0x7f11f8869d22 0x7f11f8869d26
+B+: 0x7f11f8869d27 0x7f11f8869d38
+B+: 0x7f11f8869d39 0x7f11f8869d4b
+B+: 0x7f11f8869d4c 0x7f11f8869d54
+B+: 0x7f11f8869d55 0x7f11f8869d5e
+B+: 0x7f11f8869d5f 0x7f11f8869d6d
+B+: 0x7f11f8869ea0 0x7f11f8869eb6
+B+: 0x7f11f8869eb7 0x7f11f8869ebb
+B+: 0x7f11f8869ebc 0x7f11f8869ec0
+B+: 0x7f11f8869ec8 0x7f11f8869ecb
+B+: 0x7f11f8869ecc 0x7f11f8869ed9
+B+: 0x7f11f8869eda 0x7f11f8869edd
+B+: 0x7f11f8869ede 0x7f11f8869f06
+B+: 0x7f11f8869f07 0x7f11f8869f10
+B+: 0x7f11f8869f11 0x7f11f8869f16
+B+: 0x7f11f8869f17 0x7f11f8869f24
+B+: 0x7f11f8869f25 0x7f11f8869f2d
+B+: 0x7f11f886a440 0x7f11f886a46b
+B+: 0x7f11f886a46c 0x7f11f886a470
+B+: 0x7f11f886a471 0x7f11f886a475
+B+: 0x7f11f886a536 0x7f11f886a53e
+B+: 0x7f11f886a53f 0x7f11f886a548
+B+: 0x7f11f886a549 0x7f11f886a551
+B+: 0x7f11f886a5d0 0x7f11f886a5e4
+B+: 0x7f11f886a5e5 0x7f11f886a606
+B+: 0x7f11f886a607 0x7f11f886a610
+B+: 0x7f11f886a611 0x7f11f886a618
+B+: 0x7f11f886a640 0x7f11f886a648
+B+: 0x7f11f886a649 0x7f11f886a656
+B+: 0x7f11f886a657 0x7f11f886a65f
+B+: 0x7f11f886a660 0x7f11f886a661
+B+: 0x7f11f886a760 0x7f11f886a7aa
+B+: 0x7f11f886a7ab 0x7f11f886a7af
+B+: 0x7f11f886a7b0 0x7f11f886a7be
+B+: 0x7f11f886a7c8 0x7f11f886a7d3
+B+: 0x7f11f886a7d4 0x7f11f886a7d8
+B+: 0x7f11f886a7d9 0x7f11f886a7e0
+B+: 0x7f11f886a7e1 0x7f11f886a7e5
+B+: 0x7f11f886a7e6 0x7f11f886a7f3
+B+: 0x7f11f886a7f4 0x7f11f886a7fb
+B+: 0x7f11f886a800 0x7f11f886a810
+B+: 0x7f11f886a811 0x7f11f886a815
+B+: 0x7f11f886a816 0x7f11f886a832
+B+: 0x7f11f886a833 0x7f11f886a843
+B+: 0x7f11f886a844 0x7f11f886a84f
+B+: 0x7f11f886a850 0x7f11f886a857
+B+: 0x7f11f886a858 0x7f11f886a85c
+B+: 0x7f11f886a85d 0x7f11f886a868
+B+: 0x7f11f886a869 0x7f11f886a87b
+B+: 0x7f11f886a87c 0x7f11f886a884
+B+: 0x7f11f886a888 0x7f11f886a897
+B+: 0x7f11f886a898 0x7f11f886a89b
+B+: 0x7f11f886a89c 0x7f11f886a8b4
+B+: 0x7f11f886a8b5 0x7f11f886a8b8
+B+: 0x7f11f886a8b9 0x7f11f886a8c6
+B+: 0x7f11f886a8c7 0x7f11f886a8d5
+B+: 0x7f11f886adc0 0x7f11f886adec
+B+: 0x7f11f886aded 0x7f11f886adf2
+B+: 0x7f11f886adf3 0x7f11f886ae04
+B+: 0x7f11f886ae05 0x7f11f886ae0d
+B+: 0x7f11f886ae0e 0x7f11f886ae1c
+CND+ 0x7f11f885900e: taken
+CND+ 0x7f11f88595ea: not taken
+CND+ 0x7f11f8859626: not taken
+CND+ 0x7f11f885963b: taken
+CND+ 0x7f11f8859673: not taken
+CND+ 0x7f11f8859687: not taken
+CND+ 0x7f11f8859695: not taken
+CND+ 0x7f11f88597e2: taken
+CND+ 0x7f11f8859862: not taken
+CND+ 0x7f11f885987c: both
+CND+ 0x7f11f88598a9: not taken
+CND+ 0x7f11f8859a5d: not taken
+CND+ 0x7f11f8859a62: taken
+CND+ 0x7f11f885a6e6: not taken
+CND+ 0x7f11f885a704: taken
+CND+ 0x7f11f885a71a: not taken
+CND+ 0x7f11f885a71f: taken
+CND+ 0x7f11f885a72f: taken
+CND+ 0x7f11f885a74c: not taken
+CND+ 0x7f11f885a756: not taken
+CND+ 0x7f11f885a78f: not taken
+CND+ 0x7f11f885a79b: taken
+CND+ 0x7f11f885b079: taken
+CND+ 0x7f11f885b11b: not taken
+CND+ 0x7f11f885b149: not taken
+CND+ 0x7f11f885b158: not taken
+CND+ 0x7f11f885b190: not taken
+CND+ 0x7f11f885b1ce: taken
+CND+ 0x7f11f885bc20: not taken
+CND+ 0x7f11f885bc2d: taken
+CND+ 0x7f11f885bc48: not taken
+CND+ 0x7f11f885bc5f: both
+CND+ 0x7f11f885bc88: not taken
+CND+ 0x7f11f885bed2: taken
+CND+ 0x7f11f885bf55: not taken
+CND+ 0x7f11f885bf7e: not taken
+CND+ 0x7f11f885bf8a: not taken
+CND+ 0x7f11f885bf93: both
+CND+ 0x7f11f885bfc4: not taken
+CND+ 0x7f11f885bfe2: both
+CND+ 0x7f11f885bffb: taken
+CND+ 0x7f11f885c05a: taken
+CND+ 0x7f11f885c0af: not taken
+CND+ 0x7f11f885c0b8: taken
+CND+ 0x7f11f885c0e0: taken
+CND+ 0x7f11f885c116: not taken
+CND+ 0x7f11f885c15a: not taken
+CND+ 0x7f11f885c163: taken
+CND+ 0x7f11f885c21b: taken
+CND+ 0x7f11f885c24a: taken
+CND+ 0x7f11f885c27c: not taken
+CND+ 0x7f11f885c36a: taken
+CND+ 0x7f11f885c520: not taken
+CND+ 0x7f11f885c529: not taken
+CND+ 0x7f11f885c532: taken
+CND+ 0x7f11f885c8eb: not taken
+CND+ 0x7f11f885c906: both
+CND+ 0x7f11f885c93d: not taken
+CND+ 0x7f11f885c985: both
+CND+ 0x7f11f885c9f6: taken
+CND+ 0x7f11f885ca20: both
+CND+ 0x7f11f885ca29: not taken
+CND+ 0x7f11f885ca33: not taken
+CND+ 0x7f11f885cae4: not taken
+CND+ 0x7f11f885cafb: taken
+CND+ 0x7f11f885cb2a: both
+CND+ 0x7f11f885cb30: both
+CND+ 0x7f11f885cb40: taken
+CND+ 0x7f11f885cb60: not taken
+CND+ 0x7f11f885cb96: not taken
+CND+ 0x7f11f885cbe5: taken
+CND+ 0x7f11f885cda0: not taken
+CND+ 0x7f11f885cda9: not taken
+CND+ 0x7f11f885cdc8: both
+CND+ 0x7f11f885cdd0: both
+CND+ 0x7f11f885ce2e: taken
+CND+ 0x7f11f885ce57: not taken
+CND+ 0x7f11f885ceac: taken
+CND+ 0x7f11f885ced8: taken
+CND+ 0x7f11f885cfa3: not taken
+CND+ 0x7f11f885cfc0: taken
+CND+ 0x7f11f885d019: not taken
+CND+ 0x7f11f885d065: not taken
+CND+ 0x7f11f885d06f: not taken
+CND+ 0x7f11f885d089: both
+CND+ 0x7f11f885d09d: not taken
+CND+ 0x7f11f885d0ab: taken
+CND+ 0x7f11f885d14c: not taken
+CND+ 0x7f11f885d156: taken
+CND+ 0x7f11f885d1cc: taken
+CND+ 0x7f11f885d1ee: taken
+CND+ 0x7f11f885d811: both
+CND+ 0x7f11f885d81b: not taken
+CND+ 0x7f11f885d81f: not taken
+CND+ 0x7f11f885d839: taken
+CND+ 0x7f11f885d859: taken
+CND+ 0x7f11f885d861: taken
+CND+ 0x7f11f885e45f: taken
+CND+ 0x7f11f885e626: not taken
+CND+ 0x7f11f885e6ca: taken
+CND+ 0x7f11f885e762: taken
+CND+ 0x7f11f885f2a4: taken
+CND+ 0x7f11f885f2bd: not taken
+CND+ 0x7f11f885f2cd: not taken
+CND+ 0x7f11f885f30f: taken
+CND+ 0x7f11f885f327: taken
+CND+ 0x7f11f885f33a: not taken
+CND+ 0x7f11f885f343: taken
+CND+ 0x7f11f885f381: not taken
+CND+ 0x7f11f885f3d6: taken
+CND+ 0x7f11f885f3e7: taken
+CND+ 0x7f11f885f895: not taken
+CND+ 0x7f11f885f8a8: not taken
+CND+ 0x7f11f885f8d2: not taken
+CND+ 0x7f11f885f907: not taken
+CND+ 0x7f11f885f942: taken
+CND+ 0x7f11f885f953: not taken
+CND+ 0x7f11f885f963: taken
+CND+ 0x7f11f885fa7b: not taken
+CND+ 0x7f11f885fdbc: both
+CND+ 0x7f11f885fdc9: both
+CND+ 0x7f11f885fe03: not taken
+CND+ 0x7f11f885fe0d: not taken
+CND+ 0x7f11f885fe18: taken
+CND+ 0x7f11f88601a1: not taken
+CND+ 0x7f11f88601ab: not taken
+CND+ 0x7f11f88601e4: taken
+CND+ 0x7f11f88601f2: taken
+CND+ 0x7f11f886020a: not taken
+CND+ 0x7f11f8860225: not taken
+CND+ 0x7f11f886022f: not taken
+CND+ 0x7f11f8860247: taken
+CND+ 0x7f11f8860533: taken
+CND+ 0x7f11f8860582: taken
+CND+ 0x7f11f8860655: taken
+CND+ 0x7f11f8860698: taken
+CND+ 0x7f11f8860703: not taken
+CND+ 0x7f11f886070c: taken
+CND+ 0x7f11f8860725: not taken
+CND+ 0x7f11f8860742: not taken
+CND+ 0x7f11f886075a: not taken
+CND+ 0x7f11f8860765: not taken
+CND+ 0x7f11f8860792: not taken
+CND+ 0x7f11f8860797: taken
+CND+ 0x7f11f88607a9: taken
+CND+ 0x7f11f88607ad: not taken
+CND+ 0x7f11f88607bc: taken
+CND+ 0x7f11f88607ce: taken
+CND+ 0x7f11f8860848: taken
+CND+ 0x7f11f8860889: not taken
+CND+ 0x7f11f886089b: not taken
+CND+ 0x7f11f88608a8: taken
+CND+ 0x7f11f8860c2f: not taken
+CND+ 0x7f11f8860c57: taken
+CND+ 0x7f11f8860c65: not taken
+CND+ 0x7f11f8860c6e: taken
+CND+ 0x7f11f8860c86: not taken
+CND+ 0x7f11f8860cae: taken
+CND+ 0x7f11f8861366: taken
+CND+ 0x7f11f88619d6: taken
+CND+ 0x7f11f8861a31: not taken
+CND+ 0x7f11f8861a51: taken
+CND+ 0x7f11f8861aad: not taken
+CND+ 0x7f11f8861ab5: taken
+CND+ 0x7f11f8861b00: taken
+CND+ 0x7f11f8861b5a: not taken
+CND+ 0x7f11f8861b62: not taken
+CND+ 0x7f11f8861b6b: not taken
+CND+ 0x7f11f8861b75: not taken
+CND+ 0x7f11f8861b7f: taken
+CND+ 0x7f11f8861b9b: taken
+CND+ 0x7f11f8861c3c: taken
+CND+ 0x7f11f8861ed9: not taken
+CND+ 0x7f11f8861ee6: not taken
+CND+ 0x7f11f8861f01: not taken
+CND+ 0x7f11f8861f1a: not taken
+CND+ 0x7f11f8861f20: not taken
+CND+ 0x7f11f8861f26: taken
+CND+ 0x7f11f886276c: not taken
+CND+ 0x7f11f886278c: not taken
+CND+ 0x7f11f88627d8: both
+CND+ 0x7f11f88627e1: taken
+CND+ 0x7f11f8862806: not taken
+CND+ 0x7f11f8862840: not taken
+CND+ 0x7f11f886284a: not taken
+CND+ 0x7f11f8862965: both
+CND+ 0x7f11f8862989: not taken
+CND+ 0x7f11f88629b2: not taken
+CND+ 0x7f11f88629bc: not taken
+CND+ 0x7f11f88629e3: not taken
+CND+ 0x7f11f8862a13: taken
+CND+ 0x7f11f8862afd: not taken
+CND+ 0x7f11f8862b1a: not taken
+CND+ 0x7f11f8862b61: taken
+CND+ 0x7f11f8863711: not taken
+CND+ 0x7f11f886371d: not taken
+CND+ 0x7f11f8863722: not taken
+CND+ 0x7f11f8863748: not taken
+CND+ 0x7f11f886374c: not taken
+CND+ 0x7f11f886375f: not taken
+CND+ 0x7f11f88637a4: not taken
+CND+ 0x7f11f88638f3: both
+CND+ 0x7f11f886390f: both
+CND+ 0x7f11f8863911: not taken
+CND+ 0x7f11f886391a: taken
+CND+ 0x7f11f8863a92: not taken
+CND+ 0x7f11f8863aba: not taken
+CND+ 0x7f11f8863ad5: both
+CND+ 0x7f11f8863ade: taken
+CND+ 0x7f11f8863af7: not taken
+CND+ 0x7f11f8863b01: not taken
+CND+ 0x7f11f8863b05: not taken
+CND+ 0x7f11f8863b19: taken
+CND+ 0x7f11f8863c50: not taken
+CND+ 0x7f11f8863c62: taken
+CND+ 0x7f11f8863db1: not taken
+CND+ 0x7f11f8863dea: both
+CND+ 0x7f11f8863e13: not taken
+CND+ 0x7f11f8863e20: taken
+CND+ 0x7f11f8863e2d: not taken
+CND+ 0x7f11f8863e43: not taken
+CND+ 0x7f11f8863e4f: both
+CND+ 0x7f11f8863e58: not taken
+CND+ 0x7f11f8863e72: taken
+CND+ 0x7f11f8863ee7: taken
+CND+ 0x7f11f886475d: both
+CND+ 0x7f11f886476f: not taken
+CND+ 0x7f11f8864782: both
+CND+ 0x7f11f8864787: both
+CND+ 0x7f11f8864795: both
+CND+ 0x7f11f88648b1: not taken
+CND+ 0x7f11f88648dc: not taken
+CND+ 0x7f11f88648ea: not taken
+CND+ 0x7f11f88648ec: both
+CND+ 0x7f11f88648f5: not taken
+CND+ 0x7f11f88648fb: taken
+CND+ 0x7f11f8864943: not taken
+CND+ 0x7f11f886494c: taken
+CND+ 0x7f11f8864983: not taken
+CND+ 0x7f11f8864989: both
+CND+ 0x7f11f8864990: not taken
+CND+ 0x7f11f88649ab: taken
+CND+ 0x7f11f8864a0b: taken
+CND+ 0x7f11f8864b10: both
+CND+ 0x7f11f8864b1c: not taken
+CND+ 0x7f11f8864b21: both
+CND+ 0x7f11f8864b2f: not taken
+CND+ 0x7f11f8864b37: both
+CND+ 0x7f11f8864b44: both
+CND+ 0x7f11f8864b5e: taken
+CND+ 0x7f11f8864b92: both
+CND+ 0x7f11f8864b9b: taken
+CND+ 0x7f11f8864bfb: taken
+CND+ 0x7f11f8864d68: both
+CND+ 0x7f11f8864d71: taken
+CND+ 0x7f11f8864d8b: not taken
+CND+ 0x7f11f8864da3: taken
+CND+ 0x7f11f8864ddd: taken
+CND+ 0x7f11f8864e02: not taken
+CND+ 0x7f11f8864e0b: taken
+CND+ 0x7f11f8864e2f: not taken
+CND+ 0x7f11f8864e35: taken
+CND+ 0x7f11f8864e4f: not taken
+CND+ 0x7f11f8864e58: both
+CND+ 0x7f11f8864f7d: not taken
+CND+ 0x7f11f886502c: not taken
+CND+ 0x7f11f88650c7: not taken
+CND+ 0x7f11f88650d0: both
+CND+ 0x7f11f88650d9: not taken
+CND+ 0x7f11f88655a7: both
+CND+ 0x7f11f88655ed: not taken
+CND+ 0x7f11f88655f2: taken
+CND+ 0x7f11f8865682: not taken
+CND+ 0x7f11f88656a1: not taken
+CND+ 0x7f11f88657bb: not taken
+CND+ 0x7f11f8865835: not taken
+CND+ 0x7f11f8865870: not taken
+CND+ 0x7f11f886588e: not taken
+CND+ 0x7f11f886589e: not taken
+CND+ 0x7f11f88659ca: both
+CND+ 0x7f11f88659ea: taken
+CND+ 0x7f11f88659f6: taken
+CND+ 0x7f11f8865a15: taken
+CND+ 0x7f11f8865a38: not taken
+CND+ 0x7f11f8865a48: taken
+CND+ 0x7f11f8865abb: not taken
+CND+ 0x7f11f886614f: not taken
+CND+ 0x7f11f886616f: not taken
+CND+ 0x7f11f886617e: taken
+CND+ 0x7f11f8866a5f: taken
+CND+ 0x7f11f8866b46: not taken
+CND+ 0x7f11f8866b50: taken
+CND+ 0x7f11f8866b69: taken
+CND+ 0x7f11f8866b93: taken
+CND+ 0x7f11f8866d2b: taken
+CND+ 0x7f11f8866e50: not taken
+CND+ 0x7f11f8867227: taken
+CND+ 0x7f11f886725f: not taken
+CND+ 0x7f11f8867278: taken
+CND+ 0x7f11f88672b9: not taken
+CND+ 0x7f11f88672d7: taken
+CND+ 0x7f11f886730b: taken
+CND+ 0x7f11f8867383: taken
+CND+ 0x7f11f88673e2: taken
+CND+ 0x7f11f8867456: taken
+CND+ 0x7f11f8867488: both
+CND+ 0x7f11f886748c: not taken
+CND+ 0x7f11f8867493: not taken
+CND+ 0x7f11f8867498: both
+CND+ 0x7f11f88674e0: not taken
+CND+ 0x7f11f8867512: not taken
+CND+ 0x7f11f8867519: taken
+CND+ 0x7f11f8867548: not taken
+CND+ 0x7f11f886754d: not taken
+CND+ 0x7f11f88675c9: not taken
+CND+ 0x7f11f88675d7: taken
+CND+ 0x7f11f88676f8: taken
+CND+ 0x7f11f88677b9: not taken
+CND+ 0x7f11f8867830: not taken
+CND+ 0x7f11f8867846: taken
+CND+ 0x7f11f886786e: not taken
+CND+ 0x7f11f8867b09: not taken
+CND+ 0x7f11f8867b13: not taken
+CND+ 0x7f11f8867c18: taken
+CND+ 0x7f11f8867c9d: not taken
+CND+ 0x7f11f8867dfa: taken
+CND+ 0x7f11f8869946: both
+CND+ 0x7f11f8869963: both
+CND+ 0x7f11f8869968: not taken
+CND+ 0x7f11f886996e: not taken
+CND+ 0x7f11f8869986: not taken
+CND+ 0x7f11f886998b: both
+CND+ 0x7f11f886999a: both
+CND+ 0x7f11f886999f: both
+CND+ 0x7f11f88699ac: both
+CND+ 0x7f11f88699b7: both
+CND+ 0x7f11f88699c4: not taken
+CND+ 0x7f11f8869a10: not taken
+CND+ 0x7f11f8869a15: taken
+CND+ 0x7f11f8869a2e: both
+CND+ 0x7f11f8869a32: both
+CND+ 0x7f11f8869a5c: both
+CND+ 0x7f11f8869add: not taken
+CND+ 0x7f11f8869ae2: not taken
+CND+ 0x7f11f8869afe: not taken
+CND+ 0x7f11f8869b02: both
+CND+ 0x7f11f8869b48: both
+CND+ 0x7f11f8869b52: not taken
+CND+ 0x7f11f8869b5c: not taken
+CND+ 0x7f11f8869b65: both
+CND+ 0x7f11f8869b6b: taken
+CND+ 0x7f11f8869b75: not taken
+CND+ 0x7f11f8869b95: not taken
+CND+ 0x7f11f8869ba2: not taken
+CND+ 0x7f11f8869bc4: not taken
+CND+ 0x7f11f8869bce: not taken
+CND+ 0x7f11f8869bf6: taken
+CND+ 0x7f11f8869c24: taken
+CND+ 0x7f11f8869ce1: not taken
+CND+ 0x7f11f8869cea: not taken
+CND+ 0x7f11f8869cf3: not taken
+CND+ 0x7f11f8869d25: not taken
+CND+ 0x7f11f8869d53: not taken
+CND+ 0x7f11f8869d5d: not taken
+CND+ 0x7f11f8869eb5: not taken
+CND+ 0x7f11f8869eba: not taken
+CND+ 0x7f11f8869ed8: both
+CND+ 0x7f11f8869edc: taken
+CND+ 0x7f11f8869f0f: not taken
+CND+ 0x7f11f8869f15: not taken
+CND+ 0x7f11f886a46f: not taken
+CND+ 0x7f11f886a53d: not taken
+CND+ 0x7f11f886a547: not taken
+CND+ 0x7f11f886a605: not taken
+CND+ 0x7f11f886a60f: not taken
+CND+ 0x7f11f886a647: not taken
+CND+ 0x7f11f886a65e: not taken
+CND+ 0x7f11f886a7bd: taken
+CND+ 0x7f11f886a7d2: taken
+CND+ 0x7f11f886a7df: not taken
+CND+ 0x7f11f886a7e4: both
+CND+ 0x7f11f886a7fa: taken
+CND+ 0x7f11f886a856: not taken
+CND+ 0x7f11f886a85b: taken
+CND+ 0x7f11f886a87a: not taken
+CND+ 0x7f11f886a89a: not taken
+CND+ 0x7f11f886a8b7: not taken
+CND+ 0x7f11f886a8c5: not taken
+CND+ 0x7f11f886a8d4: taken
+CND+ 0x7f11f886adf1: not taken
+CND+ 0x7f11f886ae0c: not taken
@0x7f11f8859510 to 0x7f11fc3d51f0 1
@0x7f11f8859560 to 0x7f11fc3d44e0 1
@0x7f11f8859570 to 0x7f11fc33e580 191
@0x7f11f8864f91 to 0x7f11f8865075 1
@0x7f11f8859784 to 0x7f11fc331fb0 1
@0x7f11f886ae01 to 0x7f11f8859840 1
@0x7f11f886755f to 0x7f11f8867580 1
@0x7f11f886755f to 0x7f11f88675c0 1
@0x7f11f886755f to 0x7f11f88675a8 2
@0x7f11f88658af to 0x7f11f8865a01 203
@0x7f11f88658af to 0x7f11f88659f0 11
@0x7f11f88658af to 0x7f11f8865a28 1
@0x7f11f8869c19 to 0x7f11f885d7d0 1
@0x7f11f8869c19 to 0x7f11f8864120 1
@0x7f11f8859050 to 0x7f11fc392a30 4
@0x7f11f8859080 to 0x7f11fc332330 2
@0x7f11f8859090 to 0x7f11fc3d4710 1
@0x7f11f88590a0 to 0x7f11fc3aae70 5
@0x7f11f88590d0 to 0x7f11fc345a20 7
@0x7f11f88590f0 to 0x7f11fc469800 4
@0x7f11f8859130 to 0x7f11fc3d51e0 1
@0x7f11f8859140 to 0x7f11fc349c10 1
@0x7f11f8859150 to 0x7f11fc3f7800 4
@0x7f11f8859160 to 0x7f11fc3d4230 1
@0x7f11f8859190 to 0x7f11fc469bc0 8
@0x7f11f88591c0 to 0x7f11fc3d5200 1
@0x7f11f88591e0 to 0x7f11fc4695d0 1
@0x7f11f8859220 to 0x7f11fc3d5210 2
@0x7f11f8859230 to 0x7f11fc3f8b10 1
@0x7f11f885b16e to 0x7f11f885b1c0 1
@0x7f11f8859280 to 0x7f11fc464d10 12
@0x7f11f88592a0 to 0x7f11fc345450 4
@0x7f11f885b1ac to 0x7f11f885be90 1
@0x7f11f88592d0 to 0x7f11fc465100 9
@0x7f11f8859320 to 0x7f11fc3460f0 4
@0x7f11f8859330 to 0x7f11fc46a100 6
@0x7f11f8859350 to 0x7f11fc3d5220 1
@0x7f11f8859370 to 0x7f11fc3f7800 2
@0x7f11f8859390 to 0x7f11fc3923e0 23
@0x7f11f88593b0 to 0x7f11fc3d5230 1
@0x7f11f88593c0 to 0x7f11fc464e90 24
@0x7f11f88593e0 to 0x7f11fc415ba0 1
@0x7f11f8859410 to 0x7f11fc392c80 1
@0x7f11f8859460 to 0x7f11fc46a0e0 14
