MODULE_NAME: /bin/dash
MODULE_START: 0x7f33a3335000
+B+: 0x7f33a3339000 0x7f33a333900f
+B+: 0x7f33a3339012 0x7f33a3339016
+B+: 0x7f33a3339050 0x7f33a3339055
+B+: 0x7f33a3339080 0x7f33a3339085
+B+: 0x7f33a3339090 0x7f33a3339095
+B+: 0x7f33a33390a0 0x7f33a33390a5
+B+: 0x7f33a33390d0 0x7f33a33390d5
+B+: 0x7f33a33390f0 0x7f33a33390f5
+B+: 0x7f33a3339130 0x7f33a3339135
+B+: 0x7f33a3339140 0x7f33a3339145
+B+: 0x7f33a3339150 0x7f33a3339155
+B+: 0x7f33a3339160 0x7f33a3339165
+B+: 0x7f33a3339190 0x7f33a3339195
+B+: 0x7f33a33391c0 0x7f33a33391c5
+B+: 0x7f33a33391e0 0x7f33a33391e5
+B+: 0x7f33a3339220 0x7f33a3339225
+B+: 0x7f33a3339230 0x7f33a3339235
+B+: 0x7f33a3339280 0x7f33a3339285
+B+: 0x7f33a33392a0 0x7f33a33392a5
+B+: 0x7f33a33392d0 0x7f33a33392d5
+B+: 0x7f33a3339320 0x7f33a3339325
+B+: 0x7f33a3339330 0x7f33a3339335
+B+: 0x7f33a3339350 0x7f33a3339355
+B+: 0x7f33a3339370 0x7f33a3339375
+B+: 0x7f33a3339390 0x7f33a3339395
+B+: 0x7f33a33393b0 0x7f33a33393b5
+B+: 0x7f33a33393c0 0x7f33a33393c5
+B+: 0x7f33a33393e0 0x7f33a33393e5
+B+: 0x7f33a3339410 0x7f33a3339415
+B+: 0x7f33a3339460 0x7f33a3339465
+B+: 0x7f33a3339510 0x7f33a3339515
+B+: 0x7f33a3339560 0x7f33a3339565
+B+: 0x7f33a3339570 0x7f33a3339575
+B+: 0x7f33a3339590 0x7f33a33395b8
+B+: 0x7f33a33395b9 0x7f33a33395c4
+B+: 0x7f33a33395c5 0x7f33a33395cf
+B+: 0x7f33a33395d0 0x7f33a33395e7
+B+: 0x7f33a33395e8 0x7f33a33395ef
+B+: 0x7f33a33395f0 0x7f33a3339600
+B+: 0x7f33a3339601 0x7f33a333960b
+B+: 0x7f33a333960c 0x7f33a3339615
+B+: 0x7f33a3339616 0x7f33a3339623
+B+: 0x7f33a3339624 0x7f33a333962b
+B+: 0x7f33a333962c 0x7f33a333963c
+B+: 0x7f33a3339657 0x7f33a3339660
+B+: 0x7f33a3339661 0x7f33a3339678
+B+: 0x7f33a3339679 0x7f33a333967f
+B+: 0x7f33a3339680 0x7f33a333968c
+B+: 0x7f33a333968d 0x7f33a3339696
+B+: 0x7f33a3339697 0x7f33a333969b
+B+: 0x7f33a3339760 0x7f33a3339789
+B+: 0x7f33a33397c0 0x7f33a33397e3
+B+: 0x7f33a33397f8 0x7f33a33397f8
+B+: 0x7f33a3339840 0x7f33a3339844
+B+: 0x7f33a3339850 0x7f33a3339863
+B+: 0x7f33a3339864 0x7f33a333986f
+B+: 0x7f33a3339870 0x7f33a333987d
+B+: 0x7f33a333987e 0x7f33a33398aa
+B+: 0x7f33a33398ab 0x7f33a33398ac
+B+: 0x7f33a33398cb 0x7f33a33398d2
+B+: 0x7f33a3339a50 0x7f33a3339a57
+B+: 0x7f33a3339a58 0x7f33a3339a5e
+B+: 0x7f33a3339a5f 0x7f33a3339a63
+B+: 0x7f33a3339a71 0x7f33a3339a72
+B+: 0x7f33a333a6d0 0x7f33a333a6eb
+B+: 0x7f33a333a6ec 0x7f33a333a705
+B+: 0x7f33a333a717 0x7f33a333a71b
+B+: 0x7f33a333a71c 0x7f33a333a720
+B+: 0x7f33a333a72c 0x7f33a333a730
+B+: 0x7f33a333a73e 0x7f33a333a74d
+B+: 0x7f33a333a74e 0x7f33a333a757
+B+: 0x7f33a333a758 0x7f33a333a775
+B+: 0x7f33a333a780 0x7f33a333a788
+B+: 0x7f33a333a789 0x7f33a333a790
+B+: 0x7f33a333a791 0x7f33a333a79c
+B+: 0x7f33a333b060 0x7f33a333b07e
+B+: 0x7f33a333b10d 0x7f33a333b11c
+B+: 0x7f33a333b11d 0x7f33a333b123
+B+: 0x7f33a333b140 0x7f33a333b14a
+B+: 0x7f33a333b14b 0x7f33a333b152
+B+: 0x7f33a333b153 0x7f33a333b15d
+B+: 0x7f33a333b15e 0x7f33a333b16f
+B+: 0x7f33a333b188 0x7f33a333b18c
+B+: 0x7f33a333b18d 0x7f33a333b191
+B+: 0x7f33a333b192 0x7f33a333b19c
+B+: 0x7f33a333b1a7 0x7f33a333b1ad
+B+: 0x7f33a333b1ae 0x7f33a333b1b5
+B+: 0x7f33a333b1c0 0x7f33a333b1cf
+B+: 0x7f33a333bbc0 0x7f33a333bbfa
+B+: 0x7f33a333bbfb 0x7f33a333bc07
+B+: 0x7f33a333bc08 0x7f33a333bc0f
+B+: 0x7f33a333bc10 0x7f33a333bc11
+B+: 0x7f33a333bc18 0x7f33a333bc21
+B+: 0x7f33a333bc22 0x7f33a333bc2e
+B+: 0x7f33a333bc32 0x7f33a333bc39
+B+: 0x7f33a333bc3a 0x7f33a333bc49
+B+: 0x7f33a333bc4a 0x7f33a333bc51
+B+: 0x7f33a333bc52 0x7f33a333bc58
+B+: 0x7f33a333bc59 0x7f33a333bc60
+B+: 0x7f33a333bc61 0x7f33a333bc68
+B+: 0x7f33a333bc69 0x7f33a333bc6d
+B+: 0x7f33a333bc6e 0x7f33a333bc77
+B+: 0x7f33a333bc78 0x7f33a333bc89
+B+: 0x7f33a333bc8a 0x7f33a333bc98
+B+: 0x7f33a333be90 0x7f33a333bed3
+B+: 0x7f33a333bedf 0x7f33a333bef5
+B+: 0x7f33a333bef6 0x7f33a333befa
+B+: 0x7f33a333befb 0x7f33a333bf5a
+B+: 0x7f33a333bf5b 0x7f33a333bf67
+B+: 0x7f33a333bf68 0x7f33a333bf77
+B+: 0x7f33a333bf78 0x7f33a333bf7f
+B+: 0x7f33a333bf80 0x7f33a333bf8b
+B+: 0x7f33a333bf8c 0x7f33a333bf94
+B+: 0x7f33a333bf95 0x7f33a333bf9b
+B+: 0x7f33a333bfa0 0x7f33a333bfaf
+B+: 0x7f33a333bfb0 0x7f33a333bfc5
+B+: 0x7f33a333bfc6 0x7f33a333bfcf
+B+: 0x7f33a333bfd0 0x7f33a333bfe3
+B+: 0x7f33a333bfe4 0x7f33a333bffc
+B+: 0x7f33a333c019 0x7f33a333c02b
+B+: 0x7f33a333c02c 0x7f33a333c034
+B+: 0x7f33a333c035 0x7f33a333c047
+B+: 0x7f33a333c048 0x7f33a333c05b
+B+: 0x7f33a333c0a8 0x7f33a333c0b4
+B+: 0x7f33a333c0b5 0x7f33a333c0b9
+B+: 0x7f33a333c0db 0x7f33a333c0e1
+B+: 0x7f33a333c0f0 0x7f33a333c103
+B+: 0x7f33a333c104 0x7f33a333c113
+B+: 0x7f33a333c114 0x7f33a333c11b
+B+: 0x7f33a333c11c 0x7f33a333c122
+B+: 0x7f33a333c123 0x7f33a333c152
+B+: 0x7f33a333c153 0x7f33a333c15f
+B+: 0x7f33a333c160 0x7f33a333c168
+B+: 0x7f33a333c216 0x7f33a333c21c
+B+: 0x7f33a333c224 0x7f33a333c22d
+B+: 0x7f33a333c22e 0x7f33a333c237
+B+: 0x7f33a333c238 0x7f33a333c241
+B+: 0x7f33a333c242 0x7f33a333c24b
+B+: 0x7f33a333c25d 0x7f33a333c266
+B+: 0x7f33a333c267 0x7f33a333c281
+B+: 0x7f33a333c282 0x7f33a333c293
+B+: 0x7f33a333c34c 0x7f33a333c353
+B+: 0x7f33a333c354 0x7f33a333c36f
+B+: 0x7f33a333c51b 0x7f33a333c525
+B+: 0x7f33a333c526 0x7f33a333c52e
+B+: 0x7f33a333c52f 0x7f33a333c537
+B+: 0x7f33a333c8d0 0x7f33a333c8ec
+B+: 0x7f33a333c8ed 0x7f33a333c8f1
+B+: 0x7f33a333c8f8 0x7f33a333c8fa
+B+: 0x7f33a333c8fb 0x7f33a333c907
+B+: 0x7f33a333c908 0x7f33a333c93e
+B+: 0x7f33a333c93f 0x7f33a333c940
+B+: 0x7f33a333c963 0x7f33a333c977
+B+: 0x7f33a333c980 0x7f33a333c986
+B+: 0x7f33a333c987 0x7f33a333c98e
+B+: 0x7f33a333c98f 0x7f33a333c997
+B+: 0x7f33a333c998 0x7f33a333c9ba
+B+: 0x7f33a333c9bb 0x7f33a333c9bc
+B+: 0x7f33a333c9c0 0x7f33a333c9e7
+B+: 0x7f33a333c9e8 0x7f33a333c9f7
+B+: 0x7f33a333ca19 0x7f33a333ca21
+B+: 0x7f33a333ca22 0x7f33a333ca2a
+B+: 0x7f33a333ca2b 0x7f33a333ca34
+B+: 0x7f33a333ca35 0x7f33a333ca3f
+B+: 0x7f33a333cad0 0x7f33a333cae9
+B+: 0x7f33a333caea 0x7f33a333cb00
+B+: 0x7f33a333cb10 0x7f33a333cb1f
+B+: 0x7f33a333cb20 0x7f33a333cb2b
+B+: 0x7f33a333cb2c 0x7f33a333cb31
+B+: 0x7f33a333cb32 0x7f33a333cb41
+B+: 0x7f33a333cb56 0x7f33a333cb61
+B+: 0x7f33a333cb62 0x7f33a333cb6f
+B+: 0x7f33a333cb70 0x7f33a333cb85
+B+: 0x7f33a333cb86 0x7f33a333cb97
+B+: 0x7f33a333cb98 0x7f33a333cbc0
+B+: 0x7f33a333cbc8 0x7f33a333cbcc
+B+: 0x7f33a333cbcd 0x7f33a333cbea
+B+: 0x7f33a333cd70 0x7f33a333cd98
+B+: 0x7f33a333cda0 0x7f33a333cda1
+B+: 0x7f33a333cda2 0x7f33a333cdaa
+B+: 0x7f33a333cdab 0x7f33a333cdc5
+B+: 0x7f33a333cdc6 0x7f33a333cdc9
+B+: 0x7f33a333cdca 0x7f33a333cdd1
+B+: 0x7f33a333cdd2 0x7f33a333cde6
+B+: 0x7f33a333cdf0 0x7f33a333ce2a
+B+: 0x7f33a333ce2b 0x7f33a333ce2f
+B+: 0x7f33a333ce46 0x7f33a333ce5c
+B+: 0x7f33a333ce5d 0x7f33a333ce6e
+B+: 0x7f33a333ce90 0x7f33a333cead
+B+: 0x7f33a333cec8 0x7f33a333ced1
+B+: 0x7f33a333ced2 0x7f33a333cedd
+B+: 0x7f33a333cf6c 0x7f33a333cf8f
+B+: 0x7f33a333cf90 0x7f33a333cf9c
+B+: 0x7f33a333cf9d 0x7f33a333cfa8
+B+: 0x7f33a333cfa9 0x7f33a333cfb0
+B+: 0x7f33a333cfb1 0x7f33a333cfc5
+B+: 0x7f33a333d008 0x7f33a333d012
+B+: 0x7f33a333d013 0x7f33a333d01e
+B+: 0x7f33a333d01f 0x7f33a333d02e
+B+: 0x7f33a333d060 0x7f33a333d066
+B+: 0x7f33a333d067 0x7f33a333d074
+B+: 0x7f33a333d075 0x7f33a333d086
+B+: 0x7f33a333d087 0x7f33a333d08e
+B+: 0x7f33a333d08f 0x7f33a333d0a2
+B+: 0x7f33a333d0a3 0x7f33a333d0b0
+B+: 0x7f33a333d100 0x7f33a333d116
+B+: 0x7f33a333d145 0x7f33a333d14d
+B+: 0x7f33a333d14e 0x7f33a333d157
+B+: 0x7f33a333d160 0x7f33a333d166
+B+: 0x7f33a333d1c0 0x7f33a333d1d1
+B+: 0x7f33a333d1e8 0x7f33a333d1ef
+B+: 0x7f33a333d248 0x7f33a333d25b
+B+: 0x7f33a333d25c 0x7f33a333d271
+B+: 0x7f33a333d7d0 0x7f33a333d7ff
+B+: 0x7f33a333d80f 0x7f33a333d812
+B+: 0x7f33a333d813 0x7f33a333d81c
+B+: 0x7f33a333d81d 0x7f33a333d820
+B+: 0x7f33a333d821 0x7f33a333d82f
+B+: 0x7f33a333d830 0x7f33a333d83a
+B+: 0x7f33a333d84f 0x7f33a333d85a
+B+: 0x7f33a333d85f 0x7f33a333d862
+B+: 0x7f33a333d870 0x7f33a333d877
+B+: 0x7f33a333d878 0x7f33a333d88d
+B+: 0x7f33a333e440 0x7f33a333e464
+B+: 0x7f33a333e61e 0x7f33a333e627
+B+: 0x7f33a333e628 0x7f33a333e631
+B+: 0x7f33a333e632 0x7f33a333e659
+B+: 0x7f33a333e6af 0x7f33a333e6bc
+B+: 0x7f33a333e6c0 0x7f33a333e6cb
+B+: 0x7f33a333e730 0x7f33a333e73b
+B+: 0x7f33a333e740 0x7f33a333e75e
+B+: 0x7f33a333e75f 0x7f33a333e767
+B+: 0x7f33a333e7d2 0x7f33a333e7e3
+B+: 0x7f33a333e8a0 0x7f33a333e8a7
+B+: 0x7f33a333f260 0x7f33a333f2a5
+B+: 0x7f33a333f2b5 0x7f33a333f2be
+B+: 0x7f33a333f2bf 0x7f33a333f2d2
+B+: 0x7f33a333f2d3 0x7f33a333f2fc
+B+: 0x7f33a333f2fd 0x7f33a333f310
+B+: 0x7f33a333f324 0x7f33a333f328
+B+: 0x7f33a333f336 0x7f33a333f33f
+B+: 0x7f33a333f340 0x7f33a333f344
+B+: 0x7f33a333f370 0x7f33a333f386
+B+: 0x7f33a333f387 0x7f33a333f398
+B+: 0x7f33a333f3a0 0x7f33a333f3b6
+B+: 0x7f33a333f3b7 0x7f33a333f3d7
+B+: 0x7f33a333f3dd 0x7f33a333f3ec
+B+: 0x7f33a333f850 0x7f33a333f886
+B+: 0x7f33a333f887 0x7f33a333f89a
+B+: 0x7f33a333f89b 0x7f33a333f8ad
+B+: 0x7f33a333f8ae 0x7f33a333f8c4
+B+: 0x7f33a333f8c5 0x7f33a333f8d7
+B+: 0x7f33a333f8d8 0x7f33a333f8e7
+B+: 0x7f33a333f8e8 0x7f33a333f90c
+B+: 0x7f33a333f90d 0x7f33a333f915
+B+: 0x7f33a333f924 0x7f33a333f933
+B+: 0x7f33a333f934 0x7f33a333f947
+B+: 0x7f33a333f948 0x7f33a333f954
+B+: 0x7f33a333f955 0x7f33a333f95f
+B+: 0x7f33a333f960 0x7f33a333f964
+B+: 0x7f33a333fa6a 0x7f33a333fa7c
+B+: 0x7f33a333fa7d 0x7f33a333fa9c
+B+: 0x7f33a333fba0 0x7f33a333fbad
+B+: 0x7f33a333fbae 0x7f33a333fbe1
+B+: 0x7f33a333fbf0 0x7f33a333fbfb
+B+: 0x7f33a333fdb0 0x7f33a333fdbd
+B+: 0x7f33a333fdbe 0x7f33a333fdca
+B+: 0x7f33a333fdcb 0x7f33a333fde3
+B+: 0x7f33a333fde8 0x7f33a333fdf4
+B+: 0x7f33a333fdf8 0x7f33a333fe04
+B+: 0x7f33a333fe05 0x7f33a333fe12
+B+: 0x7f33a333fe13 0x7f33a333fe1d
+B+: 0x7f33a333feb4 0x7f33a333fec1
+B+: 0x7f33a3340160 0x7f33a3340174
+B+: 0x7f33a3340175 0x7f33a3340187
+B+: 0x7f33a3340188 0x7f33a33401a2
+B+: 0x7f33a33401a3 0x7f33a33401ac
+B+: 0x7f33a33401ad 0x7f33a33401b3
+B+: 0x7f33a33401d0 0x7f33a33401e5
+B+: 0x7f33a33401eb 0x7f33a33401f3
+B+: 0x7f33a3340205 0x7f33a334020b
+B+: 0x7f33a334020c 0x7f33a334021d
+B+: 0x7f33a334021e 0x7f33a3340226
+B+: 0x7f33a3340227 0x7f33a3340230
+B+: 0x7f33a3340231 0x7f33a3340232
+B+: 0x7f33a3340240 0x7f33a3340248
+B+: 0x7f33a3340260 0x7f33a3340260
+B+: 0x7f33a3340520 0x7f33a3340534
+B+: 0x7f33a3340572 0x7f33a3340578
+B+: 0x7f33a3340580 0x7f33a3340583
+B+: 0x7f33a3340610 0x7f33a3340656
+B+: 0x7f33a334065b 0x7f33a3340686
+B+: 0x7f33a3340687 0x7f33a334069d
+B+: 0x7f33a33406fc 0x7f33a3340708
+B+: 0x7f33a3340709 0x7f33a3340711
+B+: 0x7f33a3340712 0x7f33a334072a
+B+: 0x7f33a334072b 0x7f33a334073c
+B+: 0x7f33a3340740 0x7f33a3340747
+B+: 0x7f33a3340748 0x7f33a334075f
+B+: 0x7f33a3340760 0x7f33a3340766
+B+: 0x7f33a3340767 0x7f33a3340780
+B+: 0x7f33a3340790 0x7f33a3340793
+B+: 0x7f33a3340794 0x7f33a3340798
+B+: 0x7f33a33407a2 0x7f33a33407aa
+B+: 0x7f33a33407ab 0x7f33a33407ae
+B+: 0x7f33a33407af 0x7f33a33407bd
+B+: 0x7f33a33407cb 0x7f33a33407d3
+B+: 0x7f33a3340825 0x7f33a3340841
+B+: 0x7f33a3340842 0x7f33a334084d
+B+: 0x7f33a334087e 0x7f33a334088e
+B+: 0x7f33a334088f 0x7f33a33408a0
+B+: 0x7f33a33408a1 0x7f33a33408ad
+B+: 0x7f33a3340c10 0x7f33a3340c30
+B+: 0x7f33a3340c31 0x7f33a3340c58
+B+: 0x7f33a3340c5e 0x7f33a3340c66
+B+: 0x7f33a3340c67 0x7f33a3340c6f
+B+: 0x7f33a3340c78 0x7f33a3340c87
+B+: 0x7f33a3340c88 0x7f33a3340c89
+B+: 0x7f33a3340ca0 0x7f33a3340caf
+B+: 0x7f33a3340cba 0x7f33a3340cc4
+B+: 0x7f33a3340ce0 0x7f33a3340ce8
+B+: 0x7f33a3341360 0x7f33a334136b
+B+: 0x7f33a3341480 0x7f33a3341480
+B+: 0x7f33a33419c0 0x7f33a33419db
+B+: 0x7f33a3341a16 0x7f33a3341a32
+B+: 0x7f33a3341a33 0x7f33a3341a52
+B+: 0x7f33a3341a63 0x7f33a3341a6a
+B+: 0x7f33a3341a90 0x7f33a3341aa6
+B+: 0x7f33a3341aa7 0x7f33a3341aae
+B+: 0x7f33a3341aaf 0x7f33a3341ab6
+B+: 0x7f33a3341af6 0x7f33a3341b01
+B+: 0x7f33a3341b0c 0x7f33a3341b34
+B+: 0x7f33a3341b40 0x7f33a3341b57
+B+: 0x7f33a3341b58 0x7f33a3341b5f
+B+: 0x7f33a3341b60 0x7f33a3341b67
+B+: 0x7f33a3341b68 0x7f33a3341b70
+B+: 0x7f33a3341b71 0x7f33a3341b7a
+B+: 0x7f33a3341b7b 0x7f33a3341b80
+B+: 0x7f33a3341b97 0x7f33a3341b9c
+B+: 0x7f33a3341c0a 0x7f33a3341c3d
+B+: 0x7f33a3341c47 0x7f33a3341c53
+B+: 0x7f33a3341ed0 0x7f33a3341ede
+B+: 0x7f33a3341edf 0x7f33a3341ee7
+B+: 0x7f33a3341ee8 0x7f33a3341efc
+B+: 0x7f33a3341efd 0x7f33a3341f02
+B+: 0x7f33a3341f03 0x7f33a3341f1b
+B+: 0x7f33a3341f1c 0x7f33a3341f21
+B+: 0x7f33a3341f22 0x7f33a3341f2b
+B+: 0x7f33a3341fc0 0x7f33a3341fc7
+B+: 0x7f33a3341fc8 0x7f33a3341fd0
+B+: 0x7f33a3342760 0x7f33a3342768
+B+: 0x7f33a3342769 0x7f33a334276d
+B+: 0x7f33a334276e 0x7f33a3342772
+B+: 0x7f33a3342780 0x7f33a3342788
+B+: 0x7f33a3342789 0x7f33a334278d
+B+: 0x7f33a334278e 0x7f33a3342792
+B+: 0x7f33a33427c0 0x7f33a33427d9
+B+: 0x7f33a33427da 0x7f33a33427e6
+B+: 0x7f33a33427f7 0x7f33a3342802
+B+: 0x7f33a3342803 0x7f33a334280b
+B+: 0x7f33a334280c 0x7f33a3342841
+B+: 0x7f33a3342842 0x7f33a334284b
+B+: 0x7f33a334284c 0x7f33a3342852
+B+: 0x7f33a3342853 0x7f33a3342875
+B+: 0x7f33a3342880 0x7f33a334288e
+B+: 0x7f33a33428b0 0x7f33a33428c8
+B+: 0x7f33a3342900 0x7f33a3342941
+B+: 0x7f33a3342950 0x7f33a3342966
+B+: 0x7f33a3342967 0x7f33a334297e
+B+: 0x7f33a334297f 0x7f33a334298a
+B+: 0x7f33a334298b 0x7f33a33429b3
+B+: 0x7f33a33429b4 0x7f33a33429bd
+B+: 0x7f33a33429be 0x7f33a33429bf
+B+: 0x7f33a33429d0 0x7f33a33429e8
+B+: 0x7f33a33429e9 0x7f33a3342a14
+B+: 0x7f33a3342a1e 0x7f33a3342a25
+B+: 0x7f33a3342a26 0x7f33a3342a33
+B+: 0x7f33a3342a34 0x7f33a3342a46
+B+: 0x7f33a3342ae0 0x7f33a3342afe
+B+: 0x7f33a3342aff 0x7f33a3342b0c
+B+: 0x7f33a3342b0d 0x7f33a3342b1b
+B+: 0x7f33a3342b1c 0x7f33a3342b2c
+B+: 0x7f33a3342b40 0x7f33a3342b62
+B+: 0x7f33a3342b98 0x7f33a3342ba9
+B+: 0x7f33a33436d0 0x7f33a33436f4
+B+: 0x7f33a33436f5 0x7f33a334370d
+B+: 0x7f33a334370e 0x7f33a3343712
+B+: 0x7f33a3343713 0x7f33a334371e
+B+: 0x7f33a334371f 0x7f33a3343723
+B+: 0x7f33a3343724 0x7f33a3343728
+B+: 0x7f33a3343729 0x7f33a3343730
+B+: 0x7f33a334373c 0x7f33a3343749
+B+: 0x7f33a334374a 0x7f33a334374d
+B+: 0x7f33a334374e 0x7f33a3343760
+B+: 0x7f33a3343761 0x7f33a334376b
+B+: 0x7f33a3343790 0x7f33a334379d
+B+: 0x7f33a334379e 0x7f33a33437a5
+B+: 0x7f33a33437a6 0x7f33a33437a7
+B+: 0x7f33a3343890 0x7f33a334389d
+B+: 0x7f33a334389e 0x7f33a33438a9
+B+: 0x7f33a33438aa 0x7f33a33438bd
+B+: 0x7f33a33438c0 0x7f33a33438ca
+B+: 0x7f33a33438d0 0x7f33a33438ef
+B+: 0x7f33a33438f0 0x7f33a33438f4
+B+: 0x7f33a33438f5 0x7f33a334390c
+B+: 0x7f33a334390d 0x7f33a3343910
+B+: 0x7f33a3343911 0x7f33a3343912
+B+: 0x7f33a3343913 0x7f33a334391b
+B+: 0x7f33a334391c 0x7f33a3343930
+B+: 0x7f33a3343938 0x7f33a334393c
+B+: 0x7f33a3343980 0x7f33a334398f
+B+: 0x7f33a3343990 0x7f33a334399b
+B+: 0x7f33a334399c 0x7f33a33439ab
+B+: 0x7f33a3343a80 0x7f33a3343a93
+B+: 0x7f33a3343a94 0x7f33a3343aac
+B+: 0x7f33a3343aad 0x7f33a3343abf
+B+: 0x7f33a3343ac0 0x7f33a3343ada
+B+: 0x7f33a3343adb 0x7f33a3343ae3
+B+: 0x7f33a3343aec 0x7f33a3343af8
+B+: 0x7f33a3343af9 0x7f33a3343b02
+B+: 0x7f33a3343b03 0x7f33a3343b06
+B+: 0x7f33a3343b07 0x7f33a3343b1a
+B+: 0x7f33a3343c49 0x7f33a3343c55
+B+: 0x7f33a3343c56 0x7f33a3343c67
+B+: 0x7f33a3343c82 0x7f33a3343c93
+B+: 0x7f33a3343d77 0x7f33a3343d82
+B+: 0x7f33a3343da0 0x7f33a3343db2
+B+: 0x7f33a3343db3 0x7f33a3343ddf
+B+: 0x7f33a3343de0 0x7f33a3343deb
+B+: 0x7f33a3343dec 0x7f33a3343dfc
+B+: 0x7f33a3343dfd 0x7f33a3343e18
+B+: 0x7f33a3343e19 0x7f33a3343e25
+B+: 0x7f33a3343e26 0x7f33a3343e2e
+B+: 0x7f33a3343e2f 0x7f33a3343e3f
+B+: 0x7f33a3343e40 0x7f33a3343e44
+B+: 0x7f33a3343e45 0x7f33a3343e50
+B+: 0x7f33a3343e51 0x7f33a3343e5d
+B+: 0x7f33a3343e5e 0x7f33a3343e77
+B+: 0x7f33a3343ece 0x7f33a3343ed2
+B+: 0x7f33a3343ed3 0x7f33a3343ede
+B+: 0x7f33a3343ee0 0x7f33a3343eec
+B+: 0x7f33a3343f60 0x7f33a3343f7c
+B+: 0x7f33a3344120 0x7f33a3344128
+B+: 0x7f33a3344129 0x7f33a3344147
+B+: 0x7f33a3344750 0x7f33a334475e
+B+: 0x7f33a334475f 0x7f33a3344763
+B+: 0x7f33a3344764 0x7f33a3344770
+B+: 0x7f33a3344771 0x7f33a3344777
+B+: 0x7f33a3344778 0x7f33a3344783
+B+: 0x7f33a3344784 0x7f33a3344788
+B+: 0x7f33a3344789 0x7f33a334478d
+B+: 0x7f33a334478e 0x7f33a3344796
+B+: 0x7f33a3344797 0x7f33a334479e
+B+: 0x7f33a3344890 0x7f33a3344892
+B+: 0x7f33a33448a7 0x7f33a33448ab
+B+: 0x7f33a33448ac 0x7f33a33448b2
+B+: 0x7f33a33448b3 0x7f33a33448b6
+B+: 0x7f33a33448d0 0x7f33a33448e1
+B+: 0x7f33a33448e2 0x7f33a33448e6
+B+: 0x7f33a33448e7 0x7f33a33448eb
+B+: 0x7f33a33448ec 0x7f33a33448f1
+B+: 0x7f33a33448f2 0x7f33a33448fa
+B+: 0x7f33a33448fb 0x7f33a33448fc
+B+: 0x7f33a3344940 0x7f33a3344948
+B+: 0x7f33a3344949 0x7f33a3344951
+B+: 0x7f33a3344980 0x7f33a3344988
+B+: 0x7f33a3344989 0x7f33a334498a
+B+: 0x7f33a334498b 0x7f33a3344991
+B+: 0x7f33a3344992 0x7f33a33449a2
+B+: 0x7f33a33449a8 0x7f33a33449ac
+B+: 0x7f33a33449eb 0x7f33a3344a00
+B+: 0x7f33a3344a08 0x7f33a3344a10
+B+: 0x7f33a3344af0 0x7f33a3344b11
+B+: 0x7f33a3344b12 0x7f33a3344b16
+B+: 0x7f33a3344b17 0x7f33a3344b1d
+B+: 0x7f33a3344b1e 0x7f33a3344b26
+B+: 0x7f33a3344b27 0x7f33a3344b34
+B+: 0x7f33a3344b35 0x7f33a3344b3c
+B+: 0x7f33a3344b3d 0x7f33a3344b49
+B+: 0x7f33a3344b4a 0x7f33a3344b5a
+B+: 0x7f33a3344b5b 0x7f33a3344b63
+B+: 0x7f33a3344b7f 0x7f33a3344b93
+B+: 0x7f33a3344b94 0x7f33a3344b9c
+B+: 0x7f33a3344be0 0x7f33a3344bf7
+B+: 0x7f33a3344bf8 0x7f33a3344c00
+B+: 0x7f33a3344c1b 0x7f33a3344c2b
+B+: 0x7f33a3344d40 0x7f33a3344d5e
+B+: 0x7f33a3344d5f 0x7f33a3344d6d
+B+: 0x7f33a3344d6e 0x7f33a3344d72
+B+: 0x7f33a3344d7d 0x7f33a3344d90
+B+: 0x7f33a3344d91 0x7f33a3344d95
+B+: 0x7f33a3344d96 0x7f33a3344d9a
+B+: 0x7f33a3344da0 0x7f33a3344da4
+B+: 0x7f33a3344dd5 0x7f33a3344dd9
+B+: 0x7f33a3344dda 0x7f33a3344dde
+B+: 0x7f33a3344df0 0x7f33a3344dfb
+B+: 0x7f33a3344dfc 0x7f33a3344e07
+B+: 0x7f33a3344e08 0x7f33a3344e10
+B+: 0x7f33a3344e2c 0x7f33a3344e30
+B+: 0x7f33a3344e31 0x7f33a3344e36
+B+: 0x7f33a3344e41 0x7f33a3344e45
+B+: 0x7f33a3344e46 0x7f33a3344e54
+B+: 0x7f33a3344e55 0x7f33a3344e5d
+B+: 0x7f33a3344e5e 0x7f33a3344e62
+B+: 0x7f33a3344e63 0x7f33a3344e74
+B+: 0x7f33a3344e78 0x7f33a3344e84
+B+: 0x7f33a3344ea0 0x7f33a3344ea4
+B+: 0x7f33a3344ef0 0x7f33a3344f03
+B+: 0x7f33a3344f40 0x7f33a3344f76
+B+: 0x7f33a3344f77 0x7f33a3344f82
+B+: 0x7f33a3344f83 0x7f33a3344f92
+B+: 0x7f33a334501b 0x7f33a3345031
+B+: 0x7f33a3345032 0x7f33a3345040
+B+: 0x7f33a3345075 0x7f33a33450b8
+B+: 0x7f33a33450b9 0x7f33a33450c3
+B+: 0x7f33a33450c4 0x7f33a33450cc
+B+: 0x7f33a33450cd 0x7f33a33450d5
+B+: 0x7f33a33450d6 0x7f33a33450de
+B+: 0x7f33a33450df 0x7f33a3345106
+B+: 0x7f33a3345107 0x7f33a3345133
+B+: 0x7f33a3345578 0x7f33a3345581
+B+: 0x7f33a3345582 0x7f33a33455a8
+B+: 0x7f33a33455a9 0x7f33a33455b6
+B+: 0x7f33a33455d0 0x7f33a33455e0
+B+: 0x7f33a33455e1 0x7f33a33455ee
+B+: 0x7f33a33455ef 0x7f33a33455f3
+B+: 0x7f33a3345670 0x7f33a334567e
+B+: 0x7f33a334567f 0x7f33a3345683
+B+: 0x7f33a3345684 0x7f33a3345692
+B+: 0x7f33a3345693 0x7f33a334569a
+B+: 0x7f33a334569b 0x7f33a33456a2
+B+: 0x7f33a33456a3 0x7f33a33456b7
+B+: 0x7f33a3345790 0x7f33a33457bc
+B+: 0x7f33a33457bd 0x7f33a33457d4
+B+: 0x7f33a33457e0 0x7f33a334583a
+B+: 0x7f33a334583b 0x7f33a3345875
+B+: 0x7f33a3345876 0x7f33a3345893
+B+: 0x7f33a3345894 0x7f33a33458a3
+B+: 0x7f33a33458a4 0x7f33a33458b0
+B+: 0x7f33a33459b4 0x7f33a33459b8
+B+: 0x7f33a33459b9 0x7f33a33459cf
+B+: 0x7f33a33459d0 0x7f33a33459dc
+B+: 0x7f33a33459dd 0x7f33a33459ef
+B+: 0x7f33a33459f0 0x7f33a33459f7
+B+: 0x7f33a3345a01 0x7f33a3345a16
+B+: 0x7f33a3345a28 0x7f33a3345a3d
+B+: 0x7f33a3345a3e 0x7f33a3345a4d
+B+: 0x7f33a3345a79 0x7f33a3345a97
+B+: 0x7f33a3345a98 0x7f33a3345ac0
+B+: 0x7f33a3345ac1 0x7f33a3345acf
+B+: 0x7f33a3346148 0x7f33a3346154
+B+: 0x7f33a3346155 0x7f33a3346174
+B+: 0x7f33a3346175 0x7f33a334617f
+B+: 0x7f33a33461ac 0x7f33a33461b0
+B+: 0x7f33a33461b1 0x7f33a33461b5
+B+: 0x7f33a3346a40 0x7f33a3346a64
+B+: 0x7f33a3346b10 0x7f33a3346b1a
+B+: 0x7f33a3346b40 0x7f33a3346b47
+B+: 0x7f33a3346b48 0x7f33a3346b51
+B+: 0x7f33a3346b58 0x7f33a3346b60
+B+: 0x7f33a3346b61 0x7f33a3346b6a
+B+: 0x7f33a3346b88 0x7f33a3346b8c
+B+: 0x7f33a3346b8d 0x7f33a3346b94
+B+: 0x7f33a3346ba0 0x7f33a3346ba4
+B+: 0x7f33a3346d00 0x7f33a3346d30
+B+: 0x7f33a3346e3f 0x7f33a3346e55
+B+: 0x7f33a3346e56 0x7f33a3346e67
+B+: 0x7f33a33471e0 0x7f33a3347222
+B+: 0x7f33a3347223 0x7f33a3347228
+B+: 0x7f33a334724c 0x7f33a3347260
+B+: 0x7f33a3347261 0x7f33a3347269
+B+: 0x7f33a3347270 0x7f33a3347279
+B+: 0x7f33a3347288 0x7f33a33472a0
+B+: 0x7f33a33472a1 0x7f33a33472ba
+B+: 0x7f33a33472bb 0x7f33a33472bc
+B+: 0x7f33a33472d0 0x7f33a33472d8
+B+: 0x7f33a33472f8 0x7f33a33472f8
+B+: 0x7f33a3347300 0x7f33a334730c
+B+: 0x7f33a334733f 0x7f33a3347343
+B+: 0x7f33a3347380 0x7f33a3347384
+B+: 0x7f33a33473d0 0x7f33a33473e3
+B+: 0x7f33a3347400 0x7f33a3347400
+B+: 0x7f33a3347420 0x7f33a334745b
+B+: 0x7f33a3347467 0x7f33a3347471
+B+: 0x7f33a3347472 0x7f33a3347489
+B+: 0x7f33a334748a 0x7f33a334748d
+B+: 0x7f33a334748e 0x7f33a3347494
+B+: 0x7f33a3347495 0x7f33a334749d
+B+: 0x7f33a334749e 0x7f33a33474a9
+B+: 0x7f33a33474aa 0x7f33a33474c2
+B+: 0x7f33a33474c3 0x7f33a33474ce
+B+: 0x7f33a33474cf 0x7f33a33474e5
+B+: 0x7f33a33474e6 0x7f33a33474f5
+B+: 0x7f33a3347500 0x7f33a334750e
+B+: 0x7f33a334750f 0x7f33a3347513
+B+: 0x7f33a3347514 0x7f33a334751e
+B+: 0x7f33a3347540 0x7f33a3347549
+B+: 0x7f33a334754a 0x7f33a334754e
+B+: 0x7f33a334754f 0x7f33a3347560
+B+: 0x7f33a3347568 0x7f33a3347577
+B+: 0x7f33a3347580 0x7f33a3347589
+B+: 0x7f33a33475a8 0x7f33a33475bb
+B+: 0x7f33a33475c0 0x7f33a33475ce
+B+: 0x7f33a33475cf 0x7f33a33475dc
+B+: 0x7f33a33476f0 0x7f33a33476fd
+B+: 0x7f33a33477a0 0x7f33a33477a0
+B+: 0x7f33a33477b0 0x7f33a33477ba
+B+: 0x7f33a33477bb 0x7f33a33477ce
+B+: 0x7f33a33477cf 0x7f33a33477d8
+B+: 0x7f33a33477d9 0x7f33a33477e6
+B+: 0x7f33a3347800 0x7f33a334782d
+B+: 0x7f33a334782e 0x7f33a3347831
+B+: 0x7f33a3347832 0x7f33a3347847
+B+: 0x7f33a3347864 0x7f33a334786b
+B+: 0x7f33a334786c 0x7f33a334786f
+B+: 0x7f33a3347870 0x7f33a3347876
+B+: 0x7f33a3347877 0x7f33a334787b
+B+: 0x7f33a334787c 0x7f33a3347886
+B+: 0x7f33a3347ae0 0x7f33a3347b01
+B+: 0x7f33a3347b02 0x7f33a3347b0a
+B+: 0x7f33a3347b0b 0x7f33a3347b14
+B+: 0x7f33a3347b15 0x7f33a3347b19
+B+: 0x7f33a3347c00 0x7f33a3347c19
+B+: 0x7f33a3347c51 0x7f33a3347c8e
+B+: 0x7f33a3347c8f 0x7f33a3347c9e
+B+: 0x7f33a3347c9f 0x7f33a3347ca6
+B+: 0x7f33a3347df0 0x7f33a3347dfb
+B+: 0x7f33a3347e20 0x7f33a3347e20
+B+: 0x7f33a3347e30 0x7f33a3347e38
+B+: 0x7f33a3349940 0x7f33a334994b
+B+: 0x7f33a334994c 0x7f33a3349957
+B+: 0x7f33a3349958 0x7f33a3349964
+B+: 0x7f33a3349965 0x7f33a3349969
+B+: 0x7f33a334996a 0x7f33a334996f
+B+: 0x7f33a3349970 0x7f33a3349976
+B+: 0x7f33a3349980 0x7f33a3349987
+B+: 0x7f33a3349988 0x7f33a334998c
+B+: 0x7f33a334998d 0x7f33a334999b
+B+: 0x7f33a334999c 0x7f33a33499a0
+B+: 0x7f33a33499a1 0x7f33a33499a8
+B+: 0x7f33a33499a9 0x7f33a33499ad
+B+: 0x7f33a33499ae 0x7f33a33499b8
+B+: 0x7f33a33499b9 0x7f33a33499b9
+B+: 0x7f33a33499c0 0x7f33a33499c5
+B+: 0x7f33a33499c6 0x7f33a33499c9
+B+: 0x7f33a33499d0 0x7f33a33499d0
+B+: 0x7f33a33499d1 0x7f33a33499d5
+B+: 0x7f33a33499d6 0x7f33a33499d9
+B+: 0x7f33a33499e0 0x7f33a33499ff
+B+: 0x7f33a3349a00 0x7f33a3349a11
+B+: 0x7f33a3349a12 0x7f33a3349a16
+B+: 0x7f33a3349a20 0x7f33a3349a22
+B+: 0x7f33a3349a23 0x7f33a3349a2f
+B+: 0x7f33a3349a30 0x7f33a3349a33
+B+: 0x7f33a3349a34 0x7f33a3349a5d
+B+: 0x7f33a3349a5e 0x7f33a3349a62
+B+: 0x7f33a3349a63 0x7f33a3349a82
+B+: 0x7f33a3349ac0 0x7f33a3349ade
+B+: 0x7f33a3349adf 0x7f33a3349ae3
+B+: 0x7f33a3349ae4 0x7f33a3349ae8
+B+: 0x7f33a3349af0 0x7f33a3349af2
+B+: 0x7f33a3349af3 0x7f33a3349aff
+B+: 0x7f33a3349b00 0x7f33a3349b03
+B+: 0x7f33a3349b04 0x7f33a3349b3e
+B+: 0x7f33a3349b3f 0x7f33a3349b49
+B+: 0x7f33a3349b4a 0x7f33a3349b57
+B+: 0x7f33a3349b58 0x7f33a3349b5d
+B+: 0x7f33a3349b5e 0x7f33a3349b66
+B+: 0x7f33a3349b67 0x7f33a3349b70
+B+: 0x7f33a3349b71 0x7f33a3349b7a
+B+: 0x7f33a3349b7b 0x7f33a3349b9a
+B+: 0x7f33a3349b9b 0x7f33a3349ba3
+B+: 0x7f33a3349ba4 0x7f33a3349bbd
+B+: 0x7f33a3349bc0 0x7f33a3349bc5
+B+: 0x7f33a3349bc6 0x7f33a3349bcf
+B+: 0x7f33a3349bd0 0x7f33a3349bd9
+B+: 0x7f33a3349bda 0x7f33a3349bf7
+B+: 0x7f33a3349c08 0x7f33a3349c14
+B+: 0x7f33a3349c15 0x7f33a3349c1b
+B+: 0x7f33a3349c1c 0x7f33a3349c29
+B+: 0x7f33a3349cb0 0x7f33a3349cca
+B+: 0x7f33a3349ccb 0x7f33a3349cda
+B+: 0x7f33a3349cdb 0x7f33a3349ce6
+B+: 0x7f33a3349ce7 0x7f33a3349cef
+B+: 0x7f33a3349cf0 0x7f33a3349cf4
+B+: 0x7f33a3349cf5 0x7f33a3349cfc
+B+: 0x7f33a3349cfd 0x7f33a3349d10
+B+: 0x7f33a3349d11 0x7f33a3349d21
+B+: 0x7f33a3349d22 0x7f33a3349d26
+B+: 0x7f33a3349d27 0x7f33a3349d38
+B+: 0x7f33a3349d39 0x7f33a3349d4b
+B+: 0x7f33a3349d4c 0x7f33a3349d54
+B+: 0x7f33a3349d55 0x7f33a3349d5e
+B+: 0x7f33a3349d5f 0x7f33a3349d6d
+B+: 0x7f33a3349ea0 0x7f33a3349eb6
+B+: 0x7f33a3349eb7 0x7f33a3349ebb
+B+: 0x7f33a3349ebc 0x7f33a3349ec0
+B+: 0x7f33a3349ec8 0x7f33a3349ecb
+B+: 0x7f33a3349ecc 0x7f33a3349ed9
+B+: 0x7f33a3349eda 0x7f33a3349edd
+B+: 0x7f33a3349ede 0x7f33a3349f06
+B+: 0x7f33a3349f07 0x7f33a3349f10
+B+: 0x7f33a3349f11 0x7f33a3349f16
+B+: 0x7f33a3349f17 0x7f33a3349f24
+B+: 0x7f33a3349f25 0x7f33a3349f2d
+B+: 0x7f33a334a440 0x7f33a334a46b
+B+: 0x7f33a334a46c 0x7f33a334a470
+B+: 0x7f33a334a471 0x7f33a334a475
+B+: 0x7f33a334a536 0x7f33a334a53e
+B+: 0x7f33a334a53f 0x7f33a334a548
+B+: 0x7f33a334a549 0x7f33a334a551
+B+: 0x7f33a334a5d0 0x7f33a334a5e4
+B+: 0x7f33a334a5e5 0x7f33a334a606
+B+: 0x7f33a334a607 0x7f33a334a610
+B+: 0x7f33a334a611 0x7f33a334a618
+B+: 0x7f33a334a640 0x7f33a334a648
+B+: 0x7f33a334a649 0x7f33a334a656
+B+: 0x7f33a334a657 0x7f33a334a65f
+B+: 0x7f33a334a660 0x7f33a334a661
+B+: 0x7f33a334a760 0x7f33a334a7aa
+B+: 0x7f33a334a7ab 0x7f33a334a7af
+B+: 0x7f33a334a7b0 0x7f33a334a7be
+B+: 0x7f33a334a7c8 0x7f33a334a7d3
+B+: 0x7f33a334a7d4 0x7f33a334a7d8
+B+: 0x7f33a334a7d9 0x7f33a334a7e0
+B+: 0x7f33a334a7e1 0x7f33a334a7e5
+B+: 0x7f33a334a7e6 0x7f33a334a7f3
+B+: 0x7f33a334a7f4 0x7f33a334a7fb
+B+: 0x7f33a334a800 0x7f33a334a810
+B+: 0x7f33a334a811 0x7f33a334a815
+B+: 0x7f33a334a816 0x7f33a334a832
+B+: 0x7f33a334a833 0x7f33a334a843
+B+: 0x7f33a334a844 0x7f33a334a84f
+B+: 0x7f33a334a850 0x7f33a334a857
+B+: 0x7f33a334a858 0x7f33a334a85c
+B+: 0x7f33a334a85d 0x7f33a334a868
+B+: 0x7f33a334a869 0x7f33a334a87b
+B+: 0x7f33a334a87c 0x7f33a334a884
+B+: 0x7f33a334a888 0x7f33a334a897
+B+: 0x7f33a334a898 0x7f33a334a89b
+B+: 0x7f33a334a89c 0x7f33a334a8b4
+B+: 0x7f33a334a8b5 0x7f33a334a8b8
+B+: 0x7f33a334a8b9 0x7f33a334a8c6
+B+: 0x7f33a334a8c7 0x7f33a334a8d5
+B+: 0x7f33a334adc0 0x7f33a334adec
+B+: 0x7f33a334aded 0x7f33a334adf2
+B+: 0x7f33a334adf3 0x7f33a334ae04
+B+: 0x7f33a334ae05 0x7f33a334ae0d
+B+: 0x7f33a334ae0e 0x7f33a334ae1c
+CND+ 0x7f33a333900e: taken
+CND+ 0x7f33a33395ea: not taken
+CND+ 0x7f33a3339626: not taken
+CND+ 0x7f33a333963b: taken
+CND+ 0x7f33a3339673: not taken
+CND+ 0x7f33a3339687: not taken
+CND+ 0x7f33a3339695: not taken
+CND+ 0x7f33a33397e2: taken
+CND+ 0x7f33a3339862: not taken
+CND+ 0x7f33a333987c: both
+CND+ 0x7f33a33398a9: not taken
+CND+ 0x7f33a3339a5d: not taken
+CND+ 0x7f33a3339a62: taken
+CND+ 0x7f33a333a6e6: not taken
+CND+ 0x7f33a333a704: taken
+CND+ 0x7f33a333a71a: not taken
+CND+ 0x7f33a333a71f: taken
+CND+ 0x7f33a333a72f: taken
+CND+ 0x7f33a333a74c: not taken
+CND+ 0x7f33a333a756: not taken
+CND+ 0x7f33a333a78f: not taken
+CND+ 0x7f33a333a79b: taken
+CND+ 0x7f33a333b079: taken
+CND+ 0x7f33a333b11b: not taken
+CND+ 0x7f33a333b149: not taken
+CND+ 0x7f33a333b158: not taken
+CND+ 0x7f33a333b190: not taken
+CND+ 0x7f33a333b1ce: taken
+CND+ 0x7f33a333bc20: not taken
+CND+ 0x7f33a333bc2d: taken
+CND+ 0x7f33a333bc48: not taken
+CND+ 0x7f33a333bc5f: both
+CND+ 0x7f33a333bc88: not taken
+CND+ 0x7f33a333bed2: taken
+CND+ 0x7f33a333bf55: not taken
+CND+ 0x7f33a333bf7e: not taken
+CND+ 0x7f33a333bf8a: not taken
+CND+ 0x7f33a333bf93: both
+CND+ 0x7f33a333bfc4: not taken
+CND+ 0x7f33a333bfe2: both
+CND+ 0x7f33a333bffb: taken
+CND+ 0x7f33a333c05a: taken
+CND+ 0x7f33a333c0af: not taken
+CND+ 0x7f33a333c0b8: taken
+CND+ 0x7f33a333c0e0: taken
+CND+ 0x7f33a333c116: not taken
+CND+ 0x7f33a333c15a: not taken
+CND+ 0x7f33a333c163: taken
+CND+ 0x7f33a333c21b: taken
+CND+ 0x7f33a333c24a: taken
+CND+ 0x7f33a333c27c: not taken
+CND+ 0x7f33a333c36a: taken
+CND+ 0x7f33a333c520: not taken
+CND+ 0x7f33a333c529: not taken
+CND+ 0x7f33a333c532: taken
+CND+ 0x7f33a333c8eb: not taken
+CND+ 0x7f33a333c906: both
+CND+ 0x7f33a333c93d: not taken
+CND+ 0x7f33a333c985: both
+CND+ 0x7f33a333c9f6: taken
+CND+ 0x7f33a333ca20: both
+CND+ 0x7f33a333ca29: not taken
+CND+ 0x7f33a333ca33: not taken
+CND+ 0x7f33a333cae4: not taken
+CND+ 0x7f33a333cafb: taken
+CND+ 0x7f33a333cb2a: both
+CND+ 0x7f33a333cb30: both
+CND+ 0x7f33a333cb40: taken
+CND+ 0x7f33a333cb60: not taken
+CND+ 0x7f33a333cb96: not taken
+CND+ 0x7f33a333cbe5: taken
+CND+ 0x7f33a333cda0: not taken
+CND+ 0x7f33a333cda9: not taken
+CND+ 0x7f33a333cdc8: both
+CND+ 0x7f33a333cdd0: both
+CND+ 0x7f33a333ce2e: taken
+CND+ 0x7f33a333ce57: not taken
+CND+ 0x7f33a333ceac: taken
+CND+ 0x7f33a333ced8: taken
+CND+ 0x7f33a333cfa3: not taken
+CND+ 0x7f33a333cfc0: taken
+CND+ 0x7f33a333d019: not taken
+CND+ 0x7f33a333d065: not taken
+CND+ 0x7f33a333d06f: not taken
+CND+ 0x7f33a333d089: both
+CND+ 0x7f33a333d09d: not taken
+CND+ 0x7f33a333d0ab: taken
+CND+ 0x7f33a333d14c: not taken
+CND+ 0x7f33a333d156: taken
+CND+ 0x7f33a333d1cc: taken
+CND+ 0x7f33a333d1ee: taken
+CND+ 0x7f33a333d811: both
+CND+ 0x7f33a333d81b: not taken
+CND+ 0x7f33a333d81f: not taken
+CND+ 0x7f33a333d839: taken
+CND+ 0x7f33a333d859: taken
+CND+ 0x7f33a333d861: taken
+CND+ 0x7f33a333e45f: taken
+CND+ 0x7f33a333e626: not taken
+CND+ 0x7f33a333e6ca: taken
+CND+ 0x7f33a333e762: taken
+CND+ 0x7f33a333f2a4: taken
+CND+ 0x7f33a333f2bd: not taken
+CND+ 0x7f33a333f2cd: not taken
+CND+ 0x7f33a333f30f: taken
+CND+ 0x7f33a333f327: taken
+CND+ 0x7f33a333f33a: not taken
+CND+ 0x7f33a333f343: taken
+CND+ 0x7f33a333f381: not taken
+CND+ 0x7f33a333f3d6: taken
+CND+ 0x7f33a333f3e7: taken
+CND+ 0x7f33a333f895: not taken
+CND+ 0x7f33a333f8a8: not taken
+CND+ 0x7f33a333f8d2: not taken
+CND+ 0x7f33a333f907: not taken
+CND+ 0x7f33a333f942: taken
+CND+ 0x7f33a333f953: not taken
+CND+ 0x7f33a333f963: taken
+CND+ 0x7f33a333fa7b: not taken
+CND+ 0x7f33a333fdbc: both
+CND+ 0x7f33a333fdc9: both
+CND+ 0x7f33a333fe03: not taken
+CND+ 0x7f33a333fe0d: not taken
+CND+ 0x7f33a333fe18: taken
+CND+ 0x7f33a33401a1: not taken
+CND+ 0x7f33a33401ab: not taken
+CND+ 0x7f33a33401e4: taken
+CND+ 0x7f33a33401f2: taken
+CND+ 0x7f33a334020a: not taken
+CND+ 0x7f33a3340225: not taken
+CND+ 0x7f33a334022f: not taken
+CND+ 0x7f33a3340247: taken
+CND+ 0x7f33a3340533: taken
+CND+ 0x7f33a3340582: taken
+CND+ 0x7f33a3340655: taken
+CND+ 0x7f33a3340698: taken
+CND+ 0x7f33a3340703: not taken
+CND+ 0x7f33a334070c: taken
+CND+ 0x7f33a3340725: not taken
+CND+ 0x7f33a3340742: not taken
+CND+ 0x7f33a334075a: not taken
+CND+ 0x7f33a3340765: not taken
+CND+ 0x7f33a3340792: not taken
+CND+ 0x7f33a3340797: taken
+CND+ 0x7f33a33407a9: taken
+CND+ 0x7f33a33407ad: not taken
+CND+ 0x7f33a33407bc: taken
+CND+ 0x7f33a33407ce: taken
+CND+ 0x7f33a3340848: taken
+CND+ 0x7f33a3340889: not taken
+CND+ 0x7f33a334089b: not taken
+CND+ 0x7f33a33408a8: taken
+CND+ 0x7f33a3340c2f: not taken
+CND+ 0x7f33a3340c57: taken
+CND+ 0x7f33a3340c65: not taken
+CND+ 0x7f33a3340c6e: taken
+CND+ 0x7f33a3340c86: not taken
+CND+ 0x7f33a3340cae: taken
+CND+ 0x7f33a3341366: taken
+CND+ 0x7f33a33419d6: taken
+CND+ 0x7f33a3341a31: not taken
+CND+ 0x7f33a3341a51: taken
+CND+ 0x7f33a3341aad: not taken
+CND+ 0x7f33a3341ab5: taken
+CND+ 0x7f33a3341b00: taken
+CND+ 0x7f33a3341b5a: not taken
+CND+ 0x7f33a3341b62: not taken
+CND+ 0x7f33a3341b6b: not taken
+CND+ 0x7f33a3341b75: not taken
+CND+ 0x7f33a3341b7f: taken
+CND+ 0x7f33a3341b9b: taken
+CND+ 0x7f33a3341c3c: taken
+CND+ 0x7f33a3341ed9: not taken
+CND+ 0x7f33a3341ee6: not taken
+CND+ 0x7f33a3341f01: not taken
+CND+ 0x7f33a3341f1a: not taken
+CND+ 0x7f33a3341f20: not taken
+CND+ 0x7f33a3341f26: taken
+CND+ 0x7f33a334276c: not taken
+CND+ 0x7f33a334278c: not taken
+CND+ 0x7f33a33427d8: both
+CND+ 0x7f33a33427e1: taken
+CND+ 0x7f33a3342806: not taken
+CND+ 0x7f33a3342840: not taken
+CND+ 0x7f33a334284a: not taken
+CND+ 0x7f33a3342965: both
+CND+ 0x7f33a3342989: not taken
+CND+ 0x7f33a33429b2: not taken
+CND+ 0x7f33a33429bc: not taken
+CND+ 0x7f33a33429e3: not taken
+CND+ 0x7f33a3342a13: taken
+CND+ 0x7f33a3342afd: not taken
+CND+ 0x7f33a3342b1a: not taken
+CND+ 0x7f33a3342b61: taken
+CND+ 0x7f33a3343711: not taken
+CND+ 0x7f33a334371d: not taken
+CND+ 0x7f33a3343722: not taken
+CND+ 0x7f33a3343748: not taken
+CND+ 0x7f33a334374c: not taken
+CND+ 0x7f33a334375f: not taken
+CND+ 0x7f33a33437a4: not taken
+CND+ 0x7f33a33438f3: both
+CND+ 0x7f33a334390f: both
+CND+ 0x7f33a3343911: not taken
+CND+ 0x7f33a334391a: taken
+CND+ 0x7f33a3343a92: not taken
+CND+ 0x7f33a3343aba: not taken
+CND+ 0x7f33a3343ad5: both
+CND+ 0x7f33a3343ade: taken
+CND+ 0x7f33a3343af7: not taken
+CND+ 0x7f33a3343b01: not taken
+CND+ 0x7f33a3343b05: not taken
+CND+ 0x7f33a3343b19: taken
+CND+ 0x7f33a3343c50: not taken
+CND+ 0x7f33a3343c62: taken
+CND+ 0x7f33a3343db1: not taken
+CND+ 0x7f33a3343dea: both
+CND+ 0x7f33a3343e13: not taken
+CND+ 0x7f33a3343e20: taken
+CND+ 0x7f33a3343e2d: not taken
+CND+ 0x7f33a3343e43: not taken
+CND+ 0x7f33a3343e4f: both
+CND+ 0x7f33a3343e58: not taken
+CND+ 0x7f33a3343e72: taken
+CND+ 0x7f33a3343ee7: taken
+CND+ 0x7f33a334475d: both
+CND+ 0x7f33a334476f: not taken
+CND+ 0x7f33a3344782: both
+CND+ 0x7f33a3344787: both
+CND+ 0x7f33a3344795: both
+CND+ 0x7f33a33448b1: not taken
+CND+ 0x7f33a33448dc: not taken
+CND+ 0x7f33a33448ea: not taken
+CND+ 0x7f33a33448ec: both
+CND+ 0x7f33a33448f5: not taken
+CND+ 0x7f33a33448fb: taken
+CND+ 0x7f33a3344943: not taken
+CND+ 0x7f33a334494c: taken
+CND+ 0x7f33a3344983: not taken
+CND+ 0x7f33a3344989: both
+CND+ 0x7f33a3344990: not taken
+CND+ 0x7f33a33449ab: taken
+CND+ 0x7f33a3344a0b: taken
+CND+ 0x7f33a3344b10: both
+CND+ 0x7f33a3344b1c: not taken
+CND+ 0x7f33a3344b21: both
+CND+ 0x7f33a3344b2f: not taken
+CND+ 0x7f33a3344b37: both
+CND+ 0x7f33a3344b44: both
+CND+ 0x7f33a3344b5e: taken
+CND+ 0x7f33a3344b92: both
+CND+ 0x7f33a3344b9b: taken
+CND+ 0x7f33a3344bfb: taken
+CND+ 0x7f33a3344d68: both
+CND+ 0x7f33a3344d71: taken
+CND+ 0x7f33a3344d8b: not taken
+CND+ 0x7f33a3344da3: taken
+CND+ 0x7f33a3344ddd: taken
+CND+ 0x7f33a3344e02: not taken
+CND+ 0x7f33a3344e0b: taken
+CND+ 0x7f33a3344e2f: not taken
+CND+ 0x7f33a3344e35: taken
+CND+ 0x7f33a3344e4f: not taken
+CND+ 0x7f33a3344e58: both
+CND+ 0x7f33a3344f7d: not taken
+CND+ 0x7f33a334502c: not taken
+CND+ 0x7f33a33450c7: not taken
+CND+ 0x7f33a33450d0: both
+CND+ 0x7f33a33450d9: not taken
+CND+ 0x7f33a33455a7: both
+CND+ 0x7f33a33455ed: not taken
+CND+ 0x7f33a33455f2: taken
+CND+ 0x7f33a3345682: not taken
+CND+ 0x7f33a33456a1: not taken
+CND+ 0x7f33a33457bb: not taken
+CND+ 0x7f33a3345835: not taken
+CND+ 0x7f33a3345870: not taken
+CND+ 0x7f33a334588e: not taken
+CND+ 0x7f33a334589e: not taken
+CND+ 0x7f33a33459ca: both
+CND+ 0x7f33a33459ea: taken
+CND+ 0x7f33a33459f6: taken
+CND+ 0x7f33a3345a15: taken
+CND+ 0x7f33a3345a38: not taken
+CND+ 0x7f33a3345a48: taken
+CND+ 0x7f33a3345abb: not taken
+CND+ 0x7f33a334614f: not taken
+CND+ 0x7f33a334616f: not taken
+CND+ 0x7f33a334617e: taken
+CND+ 0x7f33a3346a5f: taken
+CND+ 0x7f33a3346b46: not taken
+CND+ 0x7f33a3346b50: taken
+CND+ 0x7f33a3346b69: taken
+CND+ 0x7f33a3346b93: taken
+CND+ 0x7f33a3346d2b: taken
+CND+ 0x7f33a3346e50: not taken
+CND+ 0x7f33a3347227: taken
+CND+ 0x7f33a334725f: not taken
+CND+ 0x7f33a3347278: taken
+CND+ 0x7f33a33472b9: not taken
+CND+ 0x7f33a33472d7: taken
+CND+ 0x7f33a334730b: taken
+CND+ 0x7f33a3347383: taken
+CND+ 0x7f33a33473e2: taken
+CND+ 0x7f33a3347456: taken
+CND+ 0x7f33a3347488: both
+CND+ 0x7f33a334748c: not taken
+CND+ 0x7f33a3347493: not taken
+CND+ 0x7f33a3347498: both
+CND+ 0x7f33a33474e0: not taken
+CND+ 0x7f33a3347512: not taken
+CND+ 0x7f33a3347519: taken
+CND+ 0x7f33a3347548: not taken
+CND+ 0x7f33a334754d: not taken
+CND+ 0x7f33a33475c9: not taken
+CND+ 0x7f33a33475d7: taken
+CND+ 0x7f33a33476f8: taken
+CND+ 0x7f33a33477b9: not taken
+CND+ 0x7f33a3347830: not taken
+CND+ 0x7f33a3347846: taken
+CND+ 0x7f33a334786e: not taken
+CND+ 0x7f33a3347b09: not taken
+CND+ 0x7f33a3347b13: not taken
+CND+ 0x7f33a3347c18: taken
+CND+ 0x7f33a3347c9d: not taken
+CND+ 0x7f33a3347dfa: taken
+CND+ 0x7f33a3349946: both
+CND+ 0x7f33a3349963: both
+CND+ 0x7f33a3349968: not taken
+CND+ 0x7f33a334996e: not taken
+CND+ 0x7f33a3349986: not taken
+CND+ 0x7f33a334998b: both
+CND+ 0x7f33a334999a: both
+CND+ 0x7f33a334999f: both
+CND+ 0x7f33a33499ac: both
+CND+ 0x7f33a33499b7: both
+CND+ 0x7f33a33499c4: not taken
+CND+ 0x7f33a3349a10: not taken
+CND+ 0x7f33a3349a15: taken
+CND+ 0x7f33a3349a2e: both
+CND+ 0x7f33a3349a32: both
+CND+ 0x7f33a3349a5c: both
+CND+ 0x7f33a3349add: not taken
+CND+ 0x7f33a3349ae2: not taken
+CND+ 0x7f33a3349afe: not taken
+CND+ 0x7f33a3349b02: both
+CND+ 0x7f33a3349b48: both
+CND+ 0x7f33a3349b52: not taken
+CND+ 0x7f33a3349b5c: not taken
+CND+ 0x7f33a3349b65: both
+CND+ 0x7f33a3349b6b: taken
+CND+ 0x7f33a3349b75: not taken
+CND+ 0x7f33a3349b95: not taken
+CND+ 0x7f33a3349ba2: not taken
+CND+ 0x7f33a3349bc4: not taken
+CND+ 0x7f33a3349bce: not taken
+CND+ 0x7f33a3349bf6: taken
+CND+ 0x7f33a3349c24: taken
+CND+ 0x7f33a3349ce1: not taken
+CND+ 0x7f33a3349cea: not taken
+CND+ 0x7f33a3349cf3: not taken
+CND+ 0x7f33a3349d25: not taken
+CND+ 0x7f33a3349d53: not taken
+CND+ 0x7f33a3349d5d: not taken
+CND+ 0x7f33a3349eb5: not taken
+CND+ 0x7f33a3349eba: not taken
+CND+ 0x7f33a3349ed8: both
+CND+ 0x7f33a3349edc: taken
+CND+ 0x7f33a3349f0f: not taken
+CND+ 0x7f33a3349f15: not taken
+CND+ 0x7f33a334a46f: not taken
+CND+ 0x7f33a334a53d: not taken
+CND+ 0x7f33a334a547: not taken
+CND+ 0x7f33a334a605: not taken
+CND+ 0x7f33a334a60f: not taken
+CND+ 0x7f33a334a647: not taken
+CND+ 0x7f33a334a65e: not taken
+CND+ 0x7f33a334a7bd: taken
+CND+ 0x7f33a334a7d2: taken
+CND+ 0x7f33a334a7df: not taken
+CND+ 0x7f33a334a7e4: both
+CND+ 0x7f33a334a7fa: taken
+CND+ 0x7f33a334a856: not taken
+CND+ 0x7f33a334a85b: taken
+CND+ 0x7f33a334a87a: not taken
+CND+ 0x7f33a334a89a: not taken
+CND+ 0x7f33a334a8b7: not taken
+CND+ 0x7f33a334a8c5: not taken
+CND+ 0x7f33a334a8d4: taken
+CND+ 0x7f33a334adf1: not taken
+CND+ 0x7f33a334ae0c: not taken
@0x7f33a3339050 to 0x7f33a6e72a30 4
@0x7f33a3339080 to 0x7f33a6e12330 2
@0x7f33a3339090 to 0x7f33a6eb4710 1
@0x7f33a33390a0 to 0x7f33a6e8ae70 5
@0x7f33a33390d0 to 0x7f33a6e25a20 7
@0x7f33a33390f0 to 0x7f33a6f49800 4
@0x7f33a3339130 to 0x7f33a6eb51e0 1
@0x7f33a3339140 to 0x7f33a6e29c10 1
@0x7f33a3339150 to 0x7f33a6ed7800 4
@0x7f33a3339160 to 0x7f33a6eb4230 1
@0x7f33a3339190 to 0x7f33a6f49bc0 8
@0x7f33a33391c0 to 0x7f33a6eb5200 1
@0x7f33a33391e0 to 0x7f33a6f495d0 1
@0x7f33a3339220 to 0x7f33a6eb5210 2
@0x7f33a3339230 to 0x7f33a6ed8b10 1
@0x7f33a333b16e to 0x7f33a333b1c0 1
@0x7f33a3339280 to 0x7f33a6f44d10 12
@0x7f33a33392a0 to 0x7f33a6e25450 4
@0x7f33a333b1ac to 0x7f33a333be90 1
@0x7f33a33392d0 to 0x7f33a6f45100 9
@0x7f33a3339320 to 0x7f33a6e260f0 4
@0x7f33a3339330 to 0x7f33a6f4a100 6
@0x7f33a3339350 to 0x7f33a6eb5220 1
@0x7f33a3339370 to 0x7f33a6ed7800 2
@0x7f33a3339390 to 0x7f33a6e723e0 23
@0x7f33a33393b0 to 0x7f33a6eb5230 1
@0x7f33a33393c0 to 0x7f33a6f44e90 24
@0x7f33a33393e0 to 0x7f33a6ef5ba0 1
@0x7f33a3339410 to 0x7f33a6e72c80 1
@0x7f33a3339460 to 0x7f33a6f4a0e0 14
@0x7f33a3339510 to 0x7f33a6eb51f0 1
@0x7f33a3339560 to 0x7f33a6eb44e0 1
@0x7f33a3339570 to 0x7f33a6e1e580 191
@0x7f33a3344f91 to 0x7f33a3345075 1
@0x7f33a3339784 to 0x7f33a6e11fb0 1
@0x7f33a334ae01 to 0x7f33a3339840 1
@0x7f33a334755f to 0x7f33a3347580 1
@0x7f33a334755f to 0x7f33a33475c0 1
@0x7f33a334755f to 0x7f33a33475a8 2
@0x7f33a33458af to 0x7f33a3345a01 201
@0x7f33a33458af to 0x7f33a33459f0 11
@0x7f33a33458af to 0x7f33a3345a28 1
@0x7f33a3349c19 to 0x7f33a333d7d0 1
@0x7f33a3349c19 to 0x7f33a3344120 1
