MODULE_NAME: /usr/bin/gs
MODULE_START: 0x7f72baad5000
+B+: 0x7f72baad6000 0x7f72baad600f
+B+: 0x7f72baad6012 0x7f72baad6016
+B+: 0x7f72baad6020 0x7f72baad602b
+B+: 0x7f72baad6030 0x7f72baad6035
+B+: 0x7f72baad6036 0x7f72baad603f
+B+: 0x7f72baad6040 0x7f72baad6045
+B+: 0x7f72baad6046 0x7f72baad604f
+B+: 0x7f72baad6050 0x7f72baad6055
+B+: 0x7f72baad6056 0x7f72baad605f
+B+: 0x7f72baad6090 0x7f72baad6095
+B+: 0x7f72baad6096 0x7f72baad609f
+B+: 0x7f72baad60b0 0x7f72baad60b5
+B+: 0x7f72baad60b6 0x7f72baad60bf
+B+: 0x7f72baad60c0 0x7f72baad60c5
+B+: 0x7f72baad60c6 0x7f72baad60cf
+B+: 0x7f72baad60d0 0x7f72baad60d5
+B+: 0x7f72baad60d6 0x7f72baad60df
+B+: 0x7f72baad60e0 0x7f72baad60e5
+B+: 0x7f72baad60f0 0x7f72baad6121
+B+: 0x7f72baad6122 0x7f72baad6127
+B+: 0x7f72baad6128 0x7f72baad6130
+B+: 0x7f72baad6131 0x7f72baad6132
+B+: 0x7f72baad6133 0x7f72baad6137
+B+: 0x7f72baad6138 0x7f72baad6152
+B+: 0x7f72baad6153 0x7f72baad615b
+B+: 0x7f72baad6184 0x7f72baad61a2
+B+: 0x7f72baad61a3 0x7f72baad61b1
+B+: 0x7f72baad61b2 0x7f72baad61b7
+B+: 0x7f72baad61b8 0x7f72baad61c1
+B+: 0x7f72baad61c2 0x7f72baad61c5
+B+: 0x7f72baad61c6 0x7f72baad61ca
+B+: 0x7f72baad61cb 0x7f72baad61d6
+B+: 0x7f72baad61d7 0x7f72baad61db
+B+: 0x7f72baad6220 0x7f72baad6249
+B+: 0x7f72baad6250 0x7f72baad6262
+B+: 0x7f72baad6278 0x7f72baad6278
+B+: 0x7f72baad6280 0x7f72baad62a3
+B+: 0x7f72baad62b8 0x7f72baad62b8
+B+: 0x7f72baad62c0 0x7f72baad62c8
+B+: 0x7f72baad62c9 0x7f72baad62d6
+B+: 0x7f72baad62d7 0x7f72baad62e2
+B+: 0x7f72baad62e3 0x7f72baad62e7
+B+: 0x7f72baad62e8 0x7f72baad62f0
+B+: 0x7f72baad6300 0x7f72baad6304
+B+: 0x7f72baad6350 0x7f72baad6373
+B+: 0x7f72baad6374 0x7f72baad637c
+B+: 0x7f72baad637d 0x7f72baad6385
+B+: 0x7f72baad63c0 0x7f72baad63ec
+B+: 0x7f72baad63ed 0x7f72baad63f2
+B+: 0x7f72baad63f3 0x7f72baad6404
+B+: 0x7f72baad6405 0x7f72baad640d
+B+: 0x7f72baad640e 0x7f72baad641c
+B+: 0x7f72baad6424 0x7f72baad642c
+CND+ 0x7f72baad600e: taken
+CND+ 0x7f72baad6126: taken
+CND+ 0x7f72baad612b: not taken
+CND+ 0x7f72baad6131: not taken
+CND+ 0x7f72baad6136: not taken
+CND+ 0x7f72baad614d: not taken
+CND+ 0x7f72baad61b6: not taken
+CND+ 0x7f72baad61c4: not taken
+CND+ 0x7f72baad61c9: not taken
+CND+ 0x7f72baad6261: taken
+CND+ 0x7f72baad62a2: taken
+CND+ 0x7f72baad62c7: not taken
+CND+ 0x7f72baad62d5: not taken
+CND+ 0x7f72baad63f1: not taken
+CND+ 0x7f72baad640c: not taken
@0x7f72baad6026 to 0x7f72beac5500 7
@0x7f72baad6030 to 0x7f72baad6036 1
@0x7f72baad6040 to 0x7f72baad6046 1
@0x7f72baad6050 to 0x7f72baad6056 1
@0x7f72baad6090 to 0x7f72baad6096 1
@0x7f72baad60b0 to 0x7f72baad60b6 1
@0x7f72baad60c0 to 0x7f72baad60c6 1
@0x7f72baad60d0 to 0x7f72baad60d6 1
@0x7f72baad60e0 to 0x7f72bd62b1c0 1
@0x7f72baad6244 to 0x7f72bd614fb0 1
@0x7f72baad6401 to 0x7f72baad6300 1
