MODULE_NAME: /usr/bin/gs
MODULE_START: 0x7f387f9bd000
+B+: 0x7f387f9be000 0x7f387f9be00f
+B+: 0x7f387f9be012 0x7f387f9be016
+B+: 0x7f387f9be020 0x7f387f9be02b
+B+: 0x7f387f9be030 0x7f387f9be035
+B+: 0x7f387f9be036 0x7f387f9be03f
+B+: 0x7f387f9be040 0x7f387f9be045
+B+: 0x7f387f9be046 0x7f387f9be04f
+B+: 0x7f387f9be050 0x7f387f9be055
+B+: 0x7f387f9be056 0x7f387f9be05f
+B+: 0x7f387f9be090 0x7f387f9be095
+B+: 0x7f387f9be096 0x7f387f9be09f
+B+: 0x7f387f9be0b0 0x7f387f9be0b5
+B+: 0x7f387f9be0b6 0x7f387f9be0bf
+B+: 0x7f387f9be0c0 0x7f387f9be0c5
+B+: 0x7f387f9be0c6 0x7f387f9be0cf
+B+: 0x7f387f9be0d0 0x7f387f9be0d5
+B+: 0x7f387f9be0d6 0x7f387f9be0df
+B+: 0x7f387f9be0e0 0x7f387f9be0e5
+B+: 0x7f387f9be0f0 0x7f387f9be121
+B+: 0x7f387f9be122 0x7f387f9be127
+B+: 0x7f387f9be128 0x7f387f9be130
+B+: 0x7f387f9be131 0x7f387f9be132
+B+: 0x7f387f9be133 0x7f387f9be137
+B+: 0x7f387f9be138 0x7f387f9be152
+B+: 0x7f387f9be153 0x7f387f9be15b
+B+: 0x7f387f9be184 0x7f387f9be1a2
+B+: 0x7f387f9be1a3 0x7f387f9be1b1
+B+: 0x7f387f9be1b2 0x7f387f9be1b7
+B+: 0x7f387f9be1b8 0x7f387f9be1c1
+B+: 0x7f387f9be1c2 0x7f387f9be1c5
+B+: 0x7f387f9be1c6 0x7f387f9be1ca
+B+: 0x7f387f9be1cb 0x7f387f9be1d6
+B+: 0x7f387f9be1d7 0x7f387f9be1db
+B+: 0x7f387f9be220 0x7f387f9be249
+B+: 0x7f387f9be250 0x7f387f9be262
+B+: 0x7f387f9be278 0x7f387f9be278
+B+: 0x7f387f9be280 0x7f387f9be2a3
+B+: 0x7f387f9be2b8 0x7f387f9be2b8
+B+: 0x7f387f9be2c0 0x7f387f9be2c8
+B+: 0x7f387f9be2c9 0x7f387f9be2d6
+B+: 0x7f387f9be2d7 0x7f387f9be2e2
+B+: 0x7f387f9be2e3 0x7f387f9be2e7
+B+: 0x7f387f9be2e8 0x7f387f9be2f0
+B+: 0x7f387f9be300 0x7f387f9be304
+B+: 0x7f387f9be350 0x7f387f9be373
+B+: 0x7f387f9be374 0x7f387f9be37c
+B+: 0x7f387f9be37d 0x7f387f9be385
+B+: 0x7f387f9be3c0 0x7f387f9be3ec
+B+: 0x7f387f9be3ed 0x7f387f9be3f2
+B+: 0x7f387f9be3f3 0x7f387f9be404
+B+: 0x7f387f9be405 0x7f387f9be40d
+B+: 0x7f387f9be40e 0x7f387f9be41c
+B+: 0x7f387f9be424 0x7f387f9be42c
+CND+ 0x7f387f9be00e: taken
+CND+ 0x7f387f9be126: taken
+CND+ 0x7f387f9be12b: not taken
+CND+ 0x7f387f9be131: not taken
+CND+ 0x7f387f9be136: not taken
+CND+ 0x7f387f9be14d: not taken
+CND+ 0x7f387f9be1b6: not taken
+CND+ 0x7f387f9be1c4: not taken
+CND+ 0x7f387f9be1c9: not taken
+CND+ 0x7f387f9be261: taken
+CND+ 0x7f387f9be2a2: taken
+CND+ 0x7f387f9be2c7: not taken
+CND+ 0x7f387f9be2d5: not taken
+CND+ 0x7f387f9be3f1: not taken
+CND+ 0x7f387f9be40c: not taken
@0x7f387f9be026 to 0x7f38839ad500 7
@0x7f387f9be030 to 0x7f387f9be036 1
@0x7f387f9be040 to 0x7f387f9be046 1
@0x7f387f9be050 to 0x7f387f9be056 1
@0x7f387f9be090 to 0x7f387f9be096 1
@0x7f387f9be0b0 to 0x7f387f9be0b6 1
@0x7f387f9be0c0 to 0x7f387f9be0c6 1
@0x7f387f9be0d0 to 0x7f387f9be0d6 1
@0x7f387f9be0e0 to 0x7f38825131c0 1
@0x7f387f9be244 to 0x7f38824fcfb0 1
@0x7f387f9be401 to 0x7f387f9be300 1
