MODULE_NAME: /usr/bin/gs
MODULE_START: 0x7faf8c551000
+B+: 0x7faf8c552000 0x7faf8c55200f
+B+: 0x7faf8c552012 0x7faf8c552016
+B+: 0x7faf8c552020 0x7faf8c55202b
+B+: 0x7faf8c552030 0x7faf8c552035
+B+: 0x7faf8c552036 0x7faf8c55203f
+B+: 0x7faf8c552040 0x7faf8c552045
+B+: 0x7faf8c552046 0x7faf8c55204f
+B+: 0x7faf8c552050 0x7faf8c552055
+B+: 0x7faf8c552056 0x7faf8c55205f
+B+: 0x7faf8c552090 0x7faf8c552095
+B+: 0x7faf8c552096 0x7faf8c55209f
+B+: 0x7faf8c5520b0 0x7faf8c5520b5
+B+: 0x7faf8c5520b6 0x7faf8c5520bf
+B+: 0x7faf8c5520c0 0x7faf8c5520c5
+B+: 0x7faf8c5520c6 0x7faf8c5520cf
+B+: 0x7faf8c5520d0 0x7faf8c5520d5
+B+: 0x7faf8c5520d6 0x7faf8c5520df
+B+: 0x7faf8c5520e0 0x7faf8c5520e5
+B+: 0x7faf8c5520f0 0x7faf8c552121
+B+: 0x7faf8c552122 0x7faf8c552127
+B+: 0x7faf8c552128 0x7faf8c552130
+B+: 0x7faf8c552131 0x7faf8c552132
+B+: 0x7faf8c552133 0x7faf8c552137
+B+: 0x7faf8c552138 0x7faf8c552152
+B+: 0x7faf8c552153 0x7faf8c55215b
+B+: 0x7faf8c552184 0x7faf8c5521a2
+B+: 0x7faf8c5521a3 0x7faf8c5521b1
+B+: 0x7faf8c5521b2 0x7faf8c5521b7
+B+: 0x7faf8c5521b8 0x7faf8c5521c1
+B+: 0x7faf8c5521c2 0x7faf8c5521c5
+B+: 0x7faf8c5521c6 0x7faf8c5521ca
+B+: 0x7faf8c5521cb 0x7faf8c5521d6
+B+: 0x7faf8c5521d7 0x7faf8c5521db
+B+: 0x7faf8c552220 0x7faf8c552249
+B+: 0x7faf8c552250 0x7faf8c552262
+B+: 0x7faf8c552278 0x7faf8c552278
+B+: 0x7faf8c552280 0x7faf8c5522a3
+B+: 0x7faf8c5522b8 0x7faf8c5522b8
+B+: 0x7faf8c5522c0 0x7faf8c5522c8
+B+: 0x7faf8c5522c9 0x7faf8c5522d6
+B+: 0x7faf8c5522d7 0x7faf8c5522e2
+B+: 0x7faf8c5522e3 0x7faf8c5522e7
+B+: 0x7faf8c5522e8 0x7faf8c5522f0
+B+: 0x7faf8c552300 0x7faf8c552304
+B+: 0x7faf8c552350 0x7faf8c552373
+B+: 0x7faf8c552374 0x7faf8c55237c
+B+: 0x7faf8c55237d 0x7faf8c552385
+B+: 0x7faf8c5523c0 0x7faf8c5523ec
+B+: 0x7faf8c5523ed 0x7faf8c5523f2
+B+: 0x7faf8c5523f3 0x7faf8c552404
+B+: 0x7faf8c552405 0x7faf8c55240d
+B+: 0x7faf8c55240e 0x7faf8c55241c
+B+: 0x7faf8c552424 0x7faf8c55242c
+CND+ 0x7faf8c55200e: taken
+CND+ 0x7faf8c552126: taken
+CND+ 0x7faf8c55212b: not taken
+CND+ 0x7faf8c552131: not taken
+CND+ 0x7faf8c552136: not taken
+CND+ 0x7faf8c55214d: not taken
+CND+ 0x7faf8c5521b6: not taken
+CND+ 0x7faf8c5521c4: not taken
+CND+ 0x7faf8c5521c9: not taken
+CND+ 0x7faf8c552261: taken
+CND+ 0x7faf8c5522a2: taken
+CND+ 0x7faf8c5522c7: not taken
+CND+ 0x7faf8c5522d5: not taken
+CND+ 0x7faf8c5523f1: not taken
+CND+ 0x7faf8c55240c: not taken
@0x7faf8c552026 to 0x7faf90541500 7
@0x7faf8c552030 to 0x7faf8c552036 1
@0x7faf8c552040 to 0x7faf8c552046 1
@0x7faf8c552050 to 0x7faf8c552056 1
@0x7faf8c552090 to 0x7faf8c552096 1
@0x7faf8c5520b0 to 0x7faf8c5520b6 1
@0x7faf8c5520c0 to 0x7faf8c5520c6 1
@0x7faf8c5520d0 to 0x7faf8c5520d6 1
@0x7faf8c5520e0 to 0x7faf8f0a71c0 1
@0x7faf8c552244 to 0x7faf8f090fb0 1
@0x7faf8c552401 to 0x7faf8c552300 1
