MODULE_NAME: /usr/bin/gs
MODULE_START: 0x7f9e3c7dd000
+B+: 0x7f9e3c7de000 0x7f9e3c7de00f
+B+: 0x7f9e3c7de012 0x7f9e3c7de016
+B+: 0x7f9e3c7de020 0x7f9e3c7de02b
+B+: 0x7f9e3c7de030 0x7f9e3c7de035
+B+: 0x7f9e3c7de036 0x7f9e3c7de03f
+B+: 0x7f9e3c7de040 0x7f9e3c7de045
+B+: 0x7f9e3c7de046 0x7f9e3c7de04f
+B+: 0x7f9e3c7de050 0x7f9e3c7de055
+B+: 0x7f9e3c7de056 0x7f9e3c7de05f
+B+: 0x7f9e3c7de090 0x7f9e3c7de095
+B+: 0x7f9e3c7de096 0x7f9e3c7de09f
+B+: 0x7f9e3c7de0b0 0x7f9e3c7de0b5
+B+: 0x7f9e3c7de0b6 0x7f9e3c7de0bf
+B+: 0x7f9e3c7de0c0 0x7f9e3c7de0c5
+B+: 0x7f9e3c7de0c6 0x7f9e3c7de0cf
+B+: 0x7f9e3c7de0d0 0x7f9e3c7de0d5
+B+: 0x7f9e3c7de0d6 0x7f9e3c7de0df
+B+: 0x7f9e3c7de0e0 0x7f9e3c7de0e5
+B+: 0x7f9e3c7de0f0 0x7f9e3c7de121
+B+: 0x7f9e3c7de122 0x7f9e3c7de127
+B+: 0x7f9e3c7de128 0x7f9e3c7de130
+B+: 0x7f9e3c7de131 0x7f9e3c7de132
+B+: 0x7f9e3c7de133 0x7f9e3c7de137
+B+: 0x7f9e3c7de138 0x7f9e3c7de152
+B+: 0x7f9e3c7de153 0x7f9e3c7de15b
+B+: 0x7f9e3c7de184 0x7f9e3c7de1a2
+B+: 0x7f9e3c7de1a3 0x7f9e3c7de1b1
+B+: 0x7f9e3c7de1b2 0x7f9e3c7de1b7
+B+: 0x7f9e3c7de1b8 0x7f9e3c7de1c1
+B+: 0x7f9e3c7de1c2 0x7f9e3c7de1c5
+B+: 0x7f9e3c7de1c6 0x7f9e3c7de1ca
+B+: 0x7f9e3c7de1cb 0x7f9e3c7de1d6
+B+: 0x7f9e3c7de1d7 0x7f9e3c7de1db
+B+: 0x7f9e3c7de220 0x7f9e3c7de249
+B+: 0x7f9e3c7de250 0x7f9e3c7de262
+B+: 0x7f9e3c7de278 0x7f9e3c7de278
+B+: 0x7f9e3c7de280 0x7f9e3c7de2a3
+B+: 0x7f9e3c7de2b8 0x7f9e3c7de2b8
+B+: 0x7f9e3c7de2c0 0x7f9e3c7de2c8
+B+: 0x7f9e3c7de2c9 0x7f9e3c7de2d6
+B+: 0x7f9e3c7de2d7 0x7f9e3c7de2e2
+B+: 0x7f9e3c7de2e3 0x7f9e3c7de2e7
+B+: 0x7f9e3c7de2e8 0x7f9e3c7de2f0
+B+: 0x7f9e3c7de300 0x7f9e3c7de304
+B+: 0x7f9e3c7de350 0x7f9e3c7de373
+B+: 0x7f9e3c7de374 0x7f9e3c7de37c
+B+: 0x7f9e3c7de37d 0x7f9e3c7de385
+B+: 0x7f9e3c7de3c0 0x7f9e3c7de3ec
+B+: 0x7f9e3c7de3ed 0x7f9e3c7de3f2
+B+: 0x7f9e3c7de3f3 0x7f9e3c7de404
+B+: 0x7f9e3c7de405 0x7f9e3c7de40d
+B+: 0x7f9e3c7de40e 0x7f9e3c7de41c
+B+: 0x7f9e3c7de424 0x7f9e3c7de42c
+CND+ 0x7f9e3c7de00e: taken
+CND+ 0x7f9e3c7de126: taken
+CND+ 0x7f9e3c7de12b: not taken
+CND+ 0x7f9e3c7de131: not taken
+CND+ 0x7f9e3c7de136: not taken
+CND+ 0x7f9e3c7de14d: not taken
+CND+ 0x7f9e3c7de1b6: not taken
+CND+ 0x7f9e3c7de1c4: not taken
+CND+ 0x7f9e3c7de1c9: not taken
+CND+ 0x7f9e3c7de261: taken
+CND+ 0x7f9e3c7de2a2: taken
+CND+ 0x7f9e3c7de2c7: not taken
+CND+ 0x7f9e3c7de2d5: not taken
+CND+ 0x7f9e3c7de3f1: not taken
+CND+ 0x7f9e3c7de40c: not taken
@0x7f9e3c7de026 to 0x7f9e407cd500 7
@0x7f9e3c7de030 to 0x7f9e3c7de036 1
@0x7f9e3c7de040 to 0x7f9e3c7de046 1
@0x7f9e3c7de050 to 0x7f9e3c7de056 1
@0x7f9e3c7de090 to 0x7f9e3c7de096 1
@0x7f9e3c7de0b0 to 0x7f9e3c7de0b6 1
@0x7f9e3c7de0c0 to 0x7f9e3c7de0c6 1
@0x7f9e3c7de0d0 to 0x7f9e3c7de0d6 1
@0x7f9e3c7de0e0 to 0x7f9e3f3331c0 1
@0x7f9e3c7de244 to 0x7f9e3f31cfb0 1
@0x7f9e3c7de401 to 0x7f9e3c7de300 1
