MODULE_NAME: /usr/bin/gs
MODULE_START: 0x7fdaaff75000
+B+: 0x7fdaaff76000 0x7fdaaff7600f
+B+: 0x7fdaaff76012 0x7fdaaff76016
+B+: 0x7fdaaff76020 0x7fdaaff7602b
+B+: 0x7fdaaff76030 0x7fdaaff76035
+B+: 0x7fdaaff76036 0x7fdaaff7603f
+B+: 0x7fdaaff76040 0x7fdaaff76045
+B+: 0x7fdaaff76046 0x7fdaaff7604f
+B+: 0x7fdaaff76050 0x7fdaaff76055
+B+: 0x7fdaaff76056 0x7fdaaff7605f
+B+: 0x7fdaaff76090 0x7fdaaff76095
+B+: 0x7fdaaff76096 0x7fdaaff7609f
+B+: 0x7fdaaff760b0 0x7fdaaff760b5
+B+: 0x7fdaaff760b6 0x7fdaaff760bf
+B+: 0x7fdaaff760c0 0x7fdaaff760c5
+B+: 0x7fdaaff760c6 0x7fdaaff760cf
+B+: 0x7fdaaff760d0 0x7fdaaff760d5
+B+: 0x7fdaaff760d6 0x7fdaaff760df
+B+: 0x7fdaaff760e0 0x7fdaaff760e5
+B+: 0x7fdaaff760f0 0x7fdaaff76121
+B+: 0x7fdaaff76122 0x7fdaaff76127
+B+: 0x7fdaaff76128 0x7fdaaff76130
+B+: 0x7fdaaff76131 0x7fdaaff76132
+B+: 0x7fdaaff76133 0x7fdaaff76137
+B+: 0x7fdaaff76138 0x7fdaaff76152
+B+: 0x7fdaaff76153 0x7fdaaff7615b
+B+: 0x7fdaaff76184 0x7fdaaff761a2
+B+: 0x7fdaaff761a3 0x7fdaaff761b1
+B+: 0x7fdaaff761b2 0x7fdaaff761b7
+B+: 0x7fdaaff761b8 0x7fdaaff761c1
+B+: 0x7fdaaff761c2 0x7fdaaff761c5
+B+: 0x7fdaaff761c6 0x7fdaaff761ca
+B+: 0x7fdaaff761cb 0x7fdaaff761d6
+B+: 0x7fdaaff761d7 0x7fdaaff761db
+B+: 0x7fdaaff76220 0x7fdaaff76249
+B+: 0x7fdaaff76250 0x7fdaaff76262
+B+: 0x7fdaaff76278 0x7fdaaff76278
+B+: 0x7fdaaff76280 0x7fdaaff762a3
+B+: 0x7fdaaff762b8 0x7fdaaff762b8
+B+: 0x7fdaaff762c0 0x7fdaaff762c8
+B+: 0x7fdaaff762c9 0x7fdaaff762d6
+B+: 0x7fdaaff762d7 0x7fdaaff762e2
+B+: 0x7fdaaff762e3 0x7fdaaff762e7
+B+: 0x7fdaaff762e8 0x7fdaaff762f0
+B+: 0x7fdaaff76300 0x7fdaaff76304
+B+: 0x7fdaaff76350 0x7fdaaff76373
+B+: 0x7fdaaff76374 0x7fdaaff7637c
+B+: 0x7fdaaff7637d 0x7fdaaff76385
+B+: 0x7fdaaff763c0 0x7fdaaff763ec
+B+: 0x7fdaaff763ed 0x7fdaaff763f2
+B+: 0x7fdaaff763f3 0x7fdaaff76404
+B+: 0x7fdaaff76405 0x7fdaaff7640d
+B+: 0x7fdaaff7640e 0x7fdaaff7641c
+B+: 0x7fdaaff76424 0x7fdaaff7642c
+CND+ 0x7fdaaff7600e: taken
+CND+ 0x7fdaaff76126: taken
+CND+ 0x7fdaaff7612b: not taken
+CND+ 0x7fdaaff76131: not taken
+CND+ 0x7fdaaff76136: not taken
+CND+ 0x7fdaaff7614d: not taken
+CND+ 0x7fdaaff761b6: not taken
+CND+ 0x7fdaaff761c4: not taken
+CND+ 0x7fdaaff761c9: not taken
+CND+ 0x7fdaaff76261: taken
+CND+ 0x7fdaaff762a2: taken
+CND+ 0x7fdaaff762c7: not taken
+CND+ 0x7fdaaff762d5: not taken
+CND+ 0x7fdaaff763f1: not taken
+CND+ 0x7fdaaff7640c: not taken
@0x7fdaaff76026 to 0x7fdab3f65500 7
@0x7fdaaff76030 to 0x7fdaaff76036 1
@0x7fdaaff76040 to 0x7fdaaff76046 1
@0x7fdaaff76050 to 0x7fdaaff76056 1
@0x7fdaaff76090 to 0x7fdaaff76096 1
@0x7fdaaff760b0 to 0x7fdaaff760b6 1
@0x7fdaaff760c0 to 0x7fdaaff760c6 1
@0x7fdaaff760d0 to 0x7fdaaff760d6 1
@0x7fdaaff760e0 to 0x7fdab2acb1c0 1
@0x7fdaaff76244 to 0x7fdab2ab4fb0 1
@0x7fdaaff76401 to 0x7fdaaff76300 1
