MODULE_NAME: /usr/bin/gs
MODULE_START: 0x7f6d5182f000
+B+: 0x7f6d51830000 0x7f6d5183000f
+B+: 0x7f6d51830012 0x7f6d51830016
+B+: 0x7f6d51830020 0x7f6d5183002b
+B+: 0x7f6d51830030 0x7f6d51830035
+B+: 0x7f6d51830036 0x7f6d5183003f
+B+: 0x7f6d51830040 0x7f6d51830045
+B+: 0x7f6d51830046 0x7f6d5183004f
+B+: 0x7f6d51830050 0x7f6d51830055
+B+: 0x7f6d51830056 0x7f6d5183005f
+B+: 0x7f6d518300b0 0x7f6d518300b5
+B+: 0x7f6d518300b6 0x7f6d518300bf
+B+: 0x7f6d518300c0 0x7f6d518300c5
+B+: 0x7f6d518300c6 0x7f6d518300cf
+B+: 0x7f6d518300e0 0x7f6d518300e5
+B+: 0x7f6d518300f0 0x7f6d51830121
+B+: 0x7f6d51830122 0x7f6d51830127
+B+: 0x7f6d51830128 0x7f6d51830130
+B+: 0x7f6d51830131 0x7f6d51830132
+B+: 0x7f6d51830133 0x7f6d51830137
+B+: 0x7f6d5183013d 0x7f6d51830152
+B+: 0x7f6d51830153 0x7f6d5183015b
+B+: 0x7f6d51830178 0x7f6d51830183
+B+: 0x7f6d51830184 0x7f6d518301a2
+B+: 0x7f6d518301a3 0x7f6d518301b1
+B+: 0x7f6d518301b2 0x7f6d518301b7
+B+: 0x7f6d518301b8 0x7f6d518301c1
+B+: 0x7f6d518301c2 0x7f6d518301c5
+B+: 0x7f6d518301c6 0x7f6d518301ca
+B+: 0x7f6d518301cb 0x7f6d518301d6
+B+: 0x7f6d518301d7 0x7f6d518301db
+B+: 0x7f6d518301dc 0x7f6d518301e0
+B+: 0x7f6d51830213 0x7f6d51830216
+B+: 0x7f6d51830220 0x7f6d51830249
+B+: 0x7f6d51830250 0x7f6d51830262
+B+: 0x7f6d51830278 0x7f6d51830278
+B+: 0x7f6d51830280 0x7f6d518302a3
+B+: 0x7f6d518302b8 0x7f6d518302b8
+B+: 0x7f6d518302c0 0x7f6d518302c8
+B+: 0x7f6d518302c9 0x7f6d518302d6
+B+: 0x7f6d518302d7 0x7f6d518302e2
+B+: 0x7f6d518302e3 0x7f6d518302e7
+B+: 0x7f6d518302e8 0x7f6d518302f0
+B+: 0x7f6d51830300 0x7f6d51830304
+B+: 0x7f6d518303c0 0x7f6d518303ec
+B+: 0x7f6d518303ed 0x7f6d518303f2
+B+: 0x7f6d518303f3 0x7f6d51830404
+B+: 0x7f6d51830405 0x7f6d5183040d
+B+: 0x7f6d5183040e 0x7f6d5183041c
+B+: 0x7f6d51830424 0x7f6d5183042c
+CND+ 0x7f6d5183000e: taken
+CND+ 0x7f6d51830126: taken
+CND+ 0x7f6d5183012b: not taken
+CND+ 0x7f6d51830131: not taken
+CND+ 0x7f6d51830136: taken
+CND+ 0x7f6d5183014d: not taken
+CND+ 0x7f6d518301b6: not taken
+CND+ 0x7f6d518301c4: not taken
+CND+ 0x7f6d518301c9: taken
+CND+ 0x7f6d518301df: taken
+CND+ 0x7f6d51830261: taken
+CND+ 0x7f6d518302a2: taken
+CND+ 0x7f6d518302c7: not taken
+CND+ 0x7f6d518302d5: not taken
+CND+ 0x7f6d518303f1: not taken
+CND+ 0x7f6d5183040c: not taken
@0x7f6d51830026 to 0x7f6d5581f500 5
@0x7f6d51830030 to 0x7f6d51830036 1
@0x7f6d51830040 to 0x7f6d51830046 1
@0x7f6d51830050 to 0x7f6d51830056 1
@0x7f6d518300b0 to 0x7f6d518300b6 1
@0x7f6d518300c0 to 0x7f6d518300c6 1
@0x7f6d518300e0 to 0x7f6d543851c0 1
@0x7f6d51830244 to 0x7f6d5436efb0 1
@0x7f6d51830401 to 0x7f6d51830300 1
