MODULE_NAME: /usr/bin/gs
MODULE_START: 0x7fa148384000
+B+: 0x7fa148385000 0x7fa14838500f
+B+: 0x7fa148385012 0x7fa148385016
+B+: 0x7fa148385020 0x7fa14838502b
+B+: 0x7fa148385030 0x7fa148385035
+B+: 0x7fa148385036 0x7fa14838503f
+B+: 0x7fa148385040 0x7fa148385045
+B+: 0x7fa148385046 0x7fa14838504f
+B+: 0x7fa148385050 0x7fa148385055
+B+: 0x7fa148385056 0x7fa14838505f
+B+: 0x7fa1483850b0 0x7fa1483850b5
+B+: 0x7fa1483850b6 0x7fa1483850bf
+B+: 0x7fa1483850c0 0x7fa1483850c5
+B+: 0x7fa1483850c6 0x7fa1483850cf
+B+: 0x7fa1483850e0 0x7fa1483850e5
+B+: 0x7fa1483850f0 0x7fa148385121
+B+: 0x7fa148385122 0x7fa148385127
+B+: 0x7fa148385128 0x7fa148385130
+B+: 0x7fa148385131 0x7fa148385132
+B+: 0x7fa148385133 0x7fa148385137
+B+: 0x7fa14838513d 0x7fa148385152
+B+: 0x7fa148385153 0x7fa14838515b
+B+: 0x7fa148385178 0x7fa148385183
+B+: 0x7fa148385184 0x7fa1483851a2
+B+: 0x7fa1483851a3 0x7fa1483851b1
+B+: 0x7fa1483851b2 0x7fa1483851b7
+B+: 0x7fa1483851b8 0x7fa1483851c1
+B+: 0x7fa1483851c2 0x7fa1483851c5
+B+: 0x7fa1483851c6 0x7fa1483851ca
+B+: 0x7fa1483851cb 0x7fa1483851d6
+B+: 0x7fa1483851d7 0x7fa1483851db
+B+: 0x7fa1483851dc 0x7fa1483851e0
+B+: 0x7fa148385213 0x7fa148385216
+B+: 0x7fa148385220 0x7fa148385249
+B+: 0x7fa148385250 0x7fa148385262
+B+: 0x7fa148385278 0x7fa148385278
+B+: 0x7fa148385280 0x7fa1483852a3
+B+: 0x7fa1483852b8 0x7fa1483852b8
+B+: 0x7fa1483852c0 0x7fa1483852c8
+B+: 0x7fa1483852c9 0x7fa1483852d6
+B+: 0x7fa1483852d7 0x7fa1483852e2
+B+: 0x7fa1483852e3 0x7fa1483852e7
+B+: 0x7fa1483852e8 0x7fa1483852f0
+B+: 0x7fa148385300 0x7fa148385304
+B+: 0x7fa1483853c0 0x7fa1483853ec
+B+: 0x7fa1483853ed 0x7fa1483853f2
+B+: 0x7fa1483853f3 0x7fa148385404
+B+: 0x7fa148385405 0x7fa14838540d
+B+: 0x7fa14838540e 0x7fa14838541c
+B+: 0x7fa148385424 0x7fa14838542c
+CND+ 0x7fa14838500e: taken
+CND+ 0x7fa148385126: taken
+CND+ 0x7fa14838512b: not taken
+CND+ 0x7fa148385131: not taken
+CND+ 0x7fa148385136: taken
+CND+ 0x7fa14838514d: not taken
+CND+ 0x7fa1483851b6: not taken
+CND+ 0x7fa1483851c4: not taken
+CND+ 0x7fa1483851c9: taken
+CND+ 0x7fa1483851df: taken
+CND+ 0x7fa148385261: taken
+CND+ 0x7fa1483852a2: taken
+CND+ 0x7fa1483852c7: not taken
+CND+ 0x7fa1483852d5: not taken
+CND+ 0x7fa1483853f1: not taken
+CND+ 0x7fa14838540c: not taken
@0x7fa148385026 to 0x7fa14c374500 5
@0x7fa148385030 to 0x7fa148385036 1
@0x7fa148385040 to 0x7fa148385046 1
@0x7fa148385050 to 0x7fa148385056 1
@0x7fa1483850b0 to 0x7fa1483850b6 1
@0x7fa1483850c0 to 0x7fa1483850c6 1
@0x7fa1483850e0 to 0x7fa14aeda1c0 1
@0x7fa148385244 to 0x7fa14aec3fb0 1
@0x7fa148385401 to 0x7fa148385300 1
