MODULE_NAME: /usr/bin/gs
MODULE_START: 0x7fc5f6300000
+B+: 0x7fc5f6301000 0x7fc5f630100f
+B+: 0x7fc5f6301012 0x7fc5f6301016
+B+: 0x7fc5f6301020 0x7fc5f630102b
+B+: 0x7fc5f6301030 0x7fc5f6301035
+B+: 0x7fc5f6301036 0x7fc5f630103f
+B+: 0x7fc5f6301040 0x7fc5f6301045
+B+: 0x7fc5f6301046 0x7fc5f630104f
+B+: 0x7fc5f6301050 0x7fc5f6301055
+B+: 0x7fc5f6301056 0x7fc5f630105f
+B+: 0x7fc5f6301090 0x7fc5f6301095
+B+: 0x7fc5f6301096 0x7fc5f630109f
+B+: 0x7fc5f63010b0 0x7fc5f63010b5
+B+: 0x7fc5f63010b6 0x7fc5f63010bf
+B+: 0x7fc5f63010c0 0x7fc5f63010c5
+B+: 0x7fc5f63010c6 0x7fc5f63010cf
+B+: 0x7fc5f63010d0 0x7fc5f63010d5
+B+: 0x7fc5f63010d6 0x7fc5f63010df
+B+: 0x7fc5f63010e0 0x7fc5f63010e5
+B+: 0x7fc5f63010f0 0x7fc5f6301121
+B+: 0x7fc5f6301122 0x7fc5f6301127
+B+: 0x7fc5f6301128 0x7fc5f6301130
+B+: 0x7fc5f6301131 0x7fc5f6301132
+B+: 0x7fc5f6301133 0x7fc5f6301137
+B+: 0x7fc5f6301138 0x7fc5f6301152
+B+: 0x7fc5f6301153 0x7fc5f630115b
+B+: 0x7fc5f6301184 0x7fc5f63011a2
+B+: 0x7fc5f63011a3 0x7fc5f63011b1
+B+: 0x7fc5f63011b2 0x7fc5f63011b7
+B+: 0x7fc5f63011b8 0x7fc5f63011c1
+B+: 0x7fc5f63011c2 0x7fc5f63011c5
+B+: 0x7fc5f63011c6 0x7fc5f63011ca
+B+: 0x7fc5f63011cb 0x7fc5f63011d6
+B+: 0x7fc5f63011d7 0x7fc5f63011db
+B+: 0x7fc5f6301220 0x7fc5f6301249
+B+: 0x7fc5f6301250 0x7fc5f6301262
+B+: 0x7fc5f6301278 0x7fc5f6301278
+B+: 0x7fc5f6301280 0x7fc5f63012a3
+B+: 0x7fc5f63012b8 0x7fc5f63012b8
+B+: 0x7fc5f63012c0 0x7fc5f63012c8
+B+: 0x7fc5f63012c9 0x7fc5f63012d6
+B+: 0x7fc5f63012d7 0x7fc5f63012e2
+B+: 0x7fc5f63012e3 0x7fc5f63012e7
+B+: 0x7fc5f63012e8 0x7fc5f63012f0
+B+: 0x7fc5f6301300 0x7fc5f6301304
+B+: 0x7fc5f6301350 0x7fc5f6301373
+B+: 0x7fc5f6301374 0x7fc5f630137c
+B+: 0x7fc5f630137d 0x7fc5f6301385
+B+: 0x7fc5f63013c0 0x7fc5f63013ec
+B+: 0x7fc5f63013ed 0x7fc5f63013f2
+B+: 0x7fc5f63013f3 0x7fc5f6301404
+B+: 0x7fc5f6301405 0x7fc5f630140d
+B+: 0x7fc5f630140e 0x7fc5f630141c
+B+: 0x7fc5f6301424 0x7fc5f630142c
+CND+ 0x7fc5f630100e: taken
+CND+ 0x7fc5f6301126: taken
+CND+ 0x7fc5f630112b: not taken
+CND+ 0x7fc5f6301131: not taken
+CND+ 0x7fc5f6301136: not taken
+CND+ 0x7fc5f630114d: not taken
+CND+ 0x7fc5f63011b6: not taken
+CND+ 0x7fc5f63011c4: not taken
+CND+ 0x7fc5f63011c9: not taken
+CND+ 0x7fc5f6301261: taken
+CND+ 0x7fc5f63012a2: taken
+CND+ 0x7fc5f63012c7: not taken
+CND+ 0x7fc5f63012d5: not taken
+CND+ 0x7fc5f63013f1: not taken
+CND+ 0x7fc5f630140c: not taken
@0x7fc5f6301026 to 0x7fc5fa2f0500 7
@0x7fc5f6301030 to 0x7fc5f6301036 1
@0x7fc5f6301040 to 0x7fc5f6301046 1
@0x7fc5f6301050 to 0x7fc5f6301056 1
@0x7fc5f6301090 to 0x7fc5f6301096 1
@0x7fc5f63010b0 to 0x7fc5f63010b6 1
@0x7fc5f63010c0 to 0x7fc5f63010c6 1
@0x7fc5f63010d0 to 0x7fc5f63010d6 1
@0x7fc5f63010e0 to 0x7fc5f8e561c0 1
@0x7fc5f6301244 to 0x7fc5f8e3ffb0 1
@0x7fc5f6301401 to 0x7fc5f6301300 1
