MODULE_NAME: /bin/dash
MODULE_START: 0x7f43b4cc6000
+B+: 0x7f43b4cca000 0x7f43b4cca00f
+B+: 0x7f43b4cca012 0x7f43b4cca016
+B+: 0x7f43b4cca050 0x7f43b4cca055
+B+: 0x7f43b4cca080 0x7f43b4cca085
+B+: 0x7f43b4cca090 0x7f43b4cca095
+B+: 0x7f43b4cca0a0 0x7f43b4cca0a5
+B+: 0x7f43b4cca0d0 0x7f43b4cca0d5
+B+: 0x7f43b4cca0f0 0x7f43b4cca0f5
+B+: 0x7f43b4cca130 0x7f43b4cca135
+B+: 0x7f43b4cca140 0x7f43b4cca145
+B+: 0x7f43b4cca150 0x7f43b4cca155
+B+: 0x7f43b4cca160 0x7f43b4cca165
+B+: 0x7f43b4cca190 0x7f43b4cca195
+B+: 0x7f43b4cca1c0 0x7f43b4cca1c5
+B+: 0x7f43b4cca1e0 0x7f43b4cca1e5
+B+: 0x7f43b4cca220 0x7f43b4cca225
+B+: 0x7f43b4cca230 0x7f43b4cca235
+B+: 0x7f43b4cca280 0x7f43b4cca285
+B+: 0x7f43b4cca2a0 0x7f43b4cca2a5
+B+: 0x7f43b4cca2d0 0x7f43b4cca2d5
+B+: 0x7f43b4cca320 0x7f43b4cca325
+B+: 0x7f43b4cca330 0x7f43b4cca335
+B+: 0x7f43b4cca350 0x7f43b4cca355
+B+: 0x7f43b4cca370 0x7f43b4cca375
+B+: 0x7f43b4cca390 0x7f43b4cca395
+B+: 0x7f43b4cca3b0 0x7f43b4cca3b5
+B+: 0x7f43b4cca3c0 0x7f43b4cca3c5
+B+: 0x7f43b4cca3e0 0x7f43b4cca3e5
+B+: 0x7f43b4cca410 0x7f43b4cca415
+B+: 0x7f43b4cca460 0x7f43b4cca465
+B+: 0x7f43b4cca510 0x7f43b4cca515
+B+: 0x7f43b4cca560 0x7f43b4cca565
+B+: 0x7f43b4cca570 0x7f43b4cca575
+B+: 0x7f43b4cca590 0x7f43b4cca5b8
+B+: 0x7f43b4cca5b9 0x7f43b4cca5c4
+B+: 0x7f43b4cca5c5 0x7f43b4cca5cf
+B+: 0x7f43b4cca5d0 0x7f43b4cca5e7
+B+: 0x7f43b4cca5e8 0x7f43b4cca5ef
+B+: 0x7f43b4cca5f0 0x7f43b4cca600
+B+: 0x7f43b4cca601 0x7f43b4cca60b
+B+: 0x7f43b4cca60c 0x7f43b4cca615
+B+: 0x7f43b4cca616 0x7f43b4cca623
+B+: 0x7f43b4cca624 0x7f43b4cca62b
+B+: 0x7f43b4cca62c 0x7f43b4cca63c
+B+: 0x7f43b4cca657 0x7f43b4cca660
+B+: 0x7f43b4cca661 0x7f43b4cca678
+B+: 0x7f43b4cca679 0x7f43b4cca67f
+B+: 0x7f43b4cca680 0x7f43b4cca68c
+B+: 0x7f43b4cca68d 0x7f43b4cca696
+B+: 0x7f43b4cca697 0x7f43b4cca69b
+B+: 0x7f43b4cca760 0x7f43b4cca789
+B+: 0x7f43b4cca7c0 0x7f43b4cca7e3
+B+: 0x7f43b4cca7f8 0x7f43b4cca7f8
+B+: 0x7f43b4cca840 0x7f43b4cca844
+B+: 0x7f43b4cca850 0x7f43b4cca863
+B+: 0x7f43b4cca864 0x7f43b4cca86f
+B+: 0x7f43b4cca870 0x7f43b4cca87d
+B+: 0x7f43b4cca87e 0x7f43b4cca8aa
+B+: 0x7f43b4cca8ab 0x7f43b4cca8ac
+B+: 0x7f43b4cca8cb 0x7f43b4cca8d2
+B+: 0x7f43b4ccaa50 0x7f43b4ccaa57
+B+: 0x7f43b4ccaa58 0x7f43b4ccaa5e
+B+: 0x7f43b4ccaa5f 0x7f43b4ccaa63
+B+: 0x7f43b4ccaa71 0x7f43b4ccaa72
+B+: 0x7f43b4ccb6d0 0x7f43b4ccb6eb
+B+: 0x7f43b4ccb6ec 0x7f43b4ccb705
+B+: 0x7f43b4ccb717 0x7f43b4ccb71b
+B+: 0x7f43b4ccb71c 0x7f43b4ccb720
+B+: 0x7f43b4ccb72c 0x7f43b4ccb730
+B+: 0x7f43b4ccb73e 0x7f43b4ccb74d
+B+: 0x7f43b4ccb74e 0x7f43b4ccb757
+B+: 0x7f43b4ccb758 0x7f43b4ccb775
+B+: 0x7f43b4ccb780 0x7f43b4ccb788
+B+: 0x7f43b4ccb789 0x7f43b4ccb790
+B+: 0x7f43b4ccb791 0x7f43b4ccb79c
+B+: 0x7f43b4ccc060 0x7f43b4ccc07e
+B+: 0x7f43b4ccc10d 0x7f43b4ccc11c
+B+: 0x7f43b4ccc11d 0x7f43b4ccc123
+B+: 0x7f43b4ccc140 0x7f43b4ccc14a
+B+: 0x7f43b4ccc14b 0x7f43b4ccc152
+B+: 0x7f43b4ccc153 0x7f43b4ccc15d
+B+: 0x7f43b4ccc15e 0x7f43b4ccc16f
+B+: 0x7f43b4ccc188 0x7f43b4ccc18c
+B+: 0x7f43b4ccc18d 0x7f43b4ccc191
+B+: 0x7f43b4ccc192 0x7f43b4ccc19c
+B+: 0x7f43b4ccc1a7 0x7f43b4ccc1ad
+B+: 0x7f43b4ccc1ae 0x7f43b4ccc1b5
+B+: 0x7f43b4ccc1c0 0x7f43b4ccc1cf
+B+: 0x7f43b4cccbc0 0x7f43b4cccbfa
+B+: 0x7f43b4cccbfb 0x7f43b4cccc07
+B+: 0x7f43b4cccc08 0x7f43b4cccc0f
+B+: 0x7f43b4cccc10 0x7f43b4cccc11
+B+: 0x7f43b4cccc18 0x7f43b4cccc21
+B+: 0x7f43b4cccc22 0x7f43b4cccc2e
+B+: 0x7f43b4cccc32 0x7f43b4cccc39
+B+: 0x7f43b4cccc3a 0x7f43b4cccc49
+B+: 0x7f43b4cccc4a 0x7f43b4cccc51
+B+: 0x7f43b4cccc52 0x7f43b4cccc58
+B+: 0x7f43b4cccc59 0x7f43b4cccc60
+B+: 0x7f43b4cccc61 0x7f43b4cccc68
+B+: 0x7f43b4cccc69 0x7f43b4cccc6d
+B+: 0x7f43b4cccc6e 0x7f43b4cccc77
+B+: 0x7f43b4cccc78 0x7f43b4cccc89
+B+: 0x7f43b4cccc8a 0x7f43b4cccc98
+B+: 0x7f43b4ccce90 0x7f43b4ccced3
+B+: 0x7f43b4cccedf 0x7f43b4cccef5
+B+: 0x7f43b4cccef6 0x7f43b4cccefa
+B+: 0x7f43b4cccefb 0x7f43b4cccf5a
+B+: 0x7f43b4cccf5b 0x7f43b4cccf67
+B+: 0x7f43b4cccf68 0x7f43b4cccf77
+B+: 0x7f43b4cccf78 0x7f43b4cccf7f
+B+: 0x7f43b4cccf80 0x7f43b4cccf8b
+B+: 0x7f43b4cccf8c 0x7f43b4cccf94
+B+: 0x7f43b4cccf95 0x7f43b4cccf9b
+B+: 0x7f43b4cccfa0 0x7f43b4cccfaf
+B+: 0x7f43b4cccfb0 0x7f43b4cccfc5
+B+: 0x7f43b4cccfc6 0x7f43b4cccfcf
+B+: 0x7f43b4cccfd0 0x7f43b4cccfe3
+B+: 0x7f43b4cccfe4 0x7f43b4cccffc
+B+: 0x7f43b4ccd019 0x7f43b4ccd02b
+B+: 0x7f43b4ccd02c 0x7f43b4ccd034
+B+: 0x7f43b4ccd035 0x7f43b4ccd047
+B+: 0x7f43b4ccd048 0x7f43b4ccd05b
+B+: 0x7f43b4ccd0a8 0x7f43b4ccd0b4
+B+: 0x7f43b4ccd0b5 0x7f43b4ccd0b9
+B+: 0x7f43b4ccd0db 0x7f43b4ccd0e1
+B+: 0x7f43b4ccd0f0 0x7f43b4ccd103
+B+: 0x7f43b4ccd104 0x7f43b4ccd113
+B+: 0x7f43b4ccd114 0x7f43b4ccd11b
+B+: 0x7f43b4ccd11c 0x7f43b4ccd122
+B+: 0x7f43b4ccd123 0x7f43b4ccd152
+B+: 0x7f43b4ccd153 0x7f43b4ccd15f
+B+: 0x7f43b4ccd160 0x7f43b4ccd168
+B+: 0x7f43b4ccd216 0x7f43b4ccd21c
+B+: 0x7f43b4ccd224 0x7f43b4ccd22d
+B+: 0x7f43b4ccd22e 0x7f43b4ccd237
+B+: 0x7f43b4ccd238 0x7f43b4ccd241
+B+: 0x7f43b4ccd242 0x7f43b4ccd24b
+B+: 0x7f43b4ccd25d 0x7f43b4ccd266
+B+: 0x7f43b4ccd267 0x7f43b4ccd281
+B+: 0x7f43b4ccd282 0x7f43b4ccd293
+B+: 0x7f43b4ccd34c 0x7f43b4ccd353
+B+: 0x7f43b4ccd354 0x7f43b4ccd36f
+B+: 0x7f43b4ccd51b 0x7f43b4ccd525
+B+: 0x7f43b4ccd526 0x7f43b4ccd52e
+B+: 0x7f43b4ccd52f 0x7f43b4ccd537
+B+: 0x7f43b4ccd8d0 0x7f43b4ccd8ec
+B+: 0x7f43b4ccd8ed 0x7f43b4ccd8f1
+B+: 0x7f43b4ccd8f8 0x7f43b4ccd8fa
+B+: 0x7f43b4ccd8fb 0x7f43b4ccd907
+B+: 0x7f43b4ccd908 0x7f43b4ccd93e
+B+: 0x7f43b4ccd93f 0x7f43b4ccd940
+B+: 0x7f43b4ccd963 0x7f43b4ccd977
+B+: 0x7f43b4ccd980 0x7f43b4ccd986
+B+: 0x7f43b4ccd987 0x7f43b4ccd98e
+B+: 0x7f43b4ccd98f 0x7f43b4ccd997
+B+: 0x7f43b4ccd998 0x7f43b4ccd9ba
+B+: 0x7f43b4ccd9bb 0x7f43b4ccd9bc
+B+: 0x7f43b4ccd9c0 0x7f43b4ccd9e7
+B+: 0x7f43b4ccd9e8 0x7f43b4ccd9f7
+B+: 0x7f43b4ccda19 0x7f43b4ccda21
+B+: 0x7f43b4ccda22 0x7f43b4ccda2a
+B+: 0x7f43b4ccda2b 0x7f43b4ccda34
+B+: 0x7f43b4ccda35 0x7f43b4ccda3f
+B+: 0x7f43b4ccdad0 0x7f43b4ccdae9
+B+: 0x7f43b4ccdaea 0x7f43b4ccdb00
+B+: 0x7f43b4ccdb10 0x7f43b4ccdb1f
+B+: 0x7f43b4ccdb20 0x7f43b4ccdb2b
+B+: 0x7f43b4ccdb2c 0x7f43b4ccdb31
+B+: 0x7f43b4ccdb32 0x7f43b4ccdb41
+B+: 0x7f43b4ccdb56 0x7f43b4ccdb61
+B+: 0x7f43b4ccdb62 0x7f43b4ccdb6f
+B+: 0x7f43b4ccdb70 0x7f43b4ccdb85
+B+: 0x7f43b4ccdb86 0x7f43b4ccdb97
+B+: 0x7f43b4ccdb98 0x7f43b4ccdbc0
+B+: 0x7f43b4ccdbc8 0x7f43b4ccdbcc
+B+: 0x7f43b4ccdbcd 0x7f43b4ccdbea
+B+: 0x7f43b4ccdd70 0x7f43b4ccdd98
+B+: 0x7f43b4ccdda0 0x7f43b4ccdda1
+B+: 0x7f43b4ccdda2 0x7f43b4ccddaa
+B+: 0x7f43b4ccddab 0x7f43b4ccddc5
+B+: 0x7f43b4ccddc6 0x7f43b4ccddc9
+B+: 0x7f43b4ccddca 0x7f43b4ccddd1
+B+: 0x7f43b4ccddd2 0x7f43b4ccdde6
+B+: 0x7f43b4ccddf0 0x7f43b4ccde2a
+B+: 0x7f43b4ccde2b 0x7f43b4ccde2f
+B+: 0x7f43b4ccde46 0x7f43b4ccde5c
+B+: 0x7f43b4ccde5d 0x7f43b4ccde6e
+B+: 0x7f43b4ccde90 0x7f43b4ccdead
+B+: 0x7f43b4ccdec8 0x7f43b4ccded1
+B+: 0x7f43b4ccded2 0x7f43b4ccdedd
+B+: 0x7f43b4ccdf6c 0x7f43b4ccdf8f
+B+: 0x7f43b4ccdf90 0x7f43b4ccdf9c
+B+: 0x7f43b4ccdf9d 0x7f43b4ccdfa8
+B+: 0x7f43b4ccdfa9 0x7f43b4ccdfb0
+B+: 0x7f43b4ccdfb1 0x7f43b4ccdfc5
+B+: 0x7f43b4cce008 0x7f43b4cce012
+B+: 0x7f43b4cce013 0x7f43b4cce01e
+B+: 0x7f43b4cce01f 0x7f43b4cce02e
+B+: 0x7f43b4cce060 0x7f43b4cce066
+B+: 0x7f43b4cce067 0x7f43b4cce074
+B+: 0x7f43b4cce075 0x7f43b4cce086
+B+: 0x7f43b4cce087 0x7f43b4cce08e
+B+: 0x7f43b4cce08f 0x7f43b4cce0a2
+B+: 0x7f43b4cce0a3 0x7f43b4cce0b0
+B+: 0x7f43b4cce100 0x7f43b4cce116
+B+: 0x7f43b4cce145 0x7f43b4cce14d
+B+: 0x7f43b4cce14e 0x7f43b4cce157
+B+: 0x7f43b4cce160 0x7f43b4cce166
+B+: 0x7f43b4cce1c0 0x7f43b4cce1d1
+B+: 0x7f43b4cce1e8 0x7f43b4cce1ef
+B+: 0x7f43b4cce248 0x7f43b4cce25b
+B+: 0x7f43b4cce25c 0x7f43b4cce271
+B+: 0x7f43b4cce7d0 0x7f43b4cce7ff
+B+: 0x7f43b4cce80f 0x7f43b4cce812
+B+: 0x7f43b4cce813 0x7f43b4cce81c
+B+: 0x7f43b4cce81d 0x7f43b4cce820
+B+: 0x7f43b4cce821 0x7f43b4cce82f
+B+: 0x7f43b4cce830 0x7f43b4cce83a
+B+: 0x7f43b4cce84f 0x7f43b4cce85a
+B+: 0x7f43b4cce85f 0x7f43b4cce862
+B+: 0x7f43b4cce870 0x7f43b4cce877
+B+: 0x7f43b4cce878 0x7f43b4cce88d
+B+: 0x7f43b4ccf440 0x7f43b4ccf464
+B+: 0x7f43b4ccf61e 0x7f43b4ccf627
+B+: 0x7f43b4ccf628 0x7f43b4ccf631
+B+: 0x7f43b4ccf632 0x7f43b4ccf659
+B+: 0x7f43b4ccf6af 0x7f43b4ccf6bc
+B+: 0x7f43b4ccf6c0 0x7f43b4ccf6cb
+B+: 0x7f43b4ccf730 0x7f43b4ccf73b
+B+: 0x7f43b4ccf740 0x7f43b4ccf75e
+B+: 0x7f43b4ccf75f 0x7f43b4ccf767
+B+: 0x7f43b4ccf7d2 0x7f43b4ccf7e3
+B+: 0x7f43b4ccf8a0 0x7f43b4ccf8a7
+B+: 0x7f43b4cd0260 0x7f43b4cd02a5
+B+: 0x7f43b4cd02b5 0x7f43b4cd02be
+B+: 0x7f43b4cd02bf 0x7f43b4cd02d2
+B+: 0x7f43b4cd02d3 0x7f43b4cd02fc
+B+: 0x7f43b4cd02fd 0x7f43b4cd0310
+B+: 0x7f43b4cd0324 0x7f43b4cd0328
+B+: 0x7f43b4cd0336 0x7f43b4cd033f
+B+: 0x7f43b4cd0340 0x7f43b4cd0344
+B+: 0x7f43b4cd0370 0x7f43b4cd0386
+B+: 0x7f43b4cd0387 0x7f43b4cd0398
+B+: 0x7f43b4cd03a0 0x7f43b4cd03b6
+B+: 0x7f43b4cd03b7 0x7f43b4cd03d7
+B+: 0x7f43b4cd03dd 0x7f43b4cd03ec
+B+: 0x7f43b4cd0850 0x7f43b4cd0886
+B+: 0x7f43b4cd0887 0x7f43b4cd089a
+B+: 0x7f43b4cd089b 0x7f43b4cd08ad
+B+: 0x7f43b4cd08ae 0x7f43b4cd08c4
+B+: 0x7f43b4cd08c5 0x7f43b4cd08d7
+B+: 0x7f43b4cd08d8 0x7f43b4cd08e7
+B+: 0x7f43b4cd08e8 0x7f43b4cd090c
+B+: 0x7f43b4cd090d 0x7f43b4cd0915
+B+: 0x7f43b4cd0924 0x7f43b4cd0933
+B+: 0x7f43b4cd0934 0x7f43b4cd0947
+B+: 0x7f43b4cd0948 0x7f43b4cd0954
+B+: 0x7f43b4cd0955 0x7f43b4cd095f
+B+: 0x7f43b4cd0960 0x7f43b4cd0964
+B+: 0x7f43b4cd0a6a 0x7f43b4cd0a7c
+B+: 0x7f43b4cd0a7d 0x7f43b4cd0a9c
+B+: 0x7f43b4cd0ba0 0x7f43b4cd0bad
+B+: 0x7f43b4cd0bae 0x7f43b4cd0be1
+B+: 0x7f43b4cd0bf0 0x7f43b4cd0bfb
+B+: 0x7f43b4cd0db0 0x7f43b4cd0dbd
+B+: 0x7f43b4cd0dbe 0x7f43b4cd0dca
+B+: 0x7f43b4cd0dcb 0x7f43b4cd0de3
+B+: 0x7f43b4cd0de8 0x7f43b4cd0df4
+B+: 0x7f43b4cd0df8 0x7f43b4cd0e04
+B+: 0x7f43b4cd0e05 0x7f43b4cd0e12
+B+: 0x7f43b4cd0e13 0x7f43b4cd0e1d
+B+: 0x7f43b4cd0eb4 0x7f43b4cd0ec1
+B+: 0x7f43b4cd1160 0x7f43b4cd1174
+B+: 0x7f43b4cd1175 0x7f43b4cd1187
+B+: 0x7f43b4cd1188 0x7f43b4cd11a2
+B+: 0x7f43b4cd11a3 0x7f43b4cd11ac
+B+: 0x7f43b4cd11ad 0x7f43b4cd11b3
+B+: 0x7f43b4cd11d0 0x7f43b4cd11e5
+B+: 0x7f43b4cd11eb 0x7f43b4cd11f3
+B+: 0x7f43b4cd1205 0x7f43b4cd120b
+B+: 0x7f43b4cd120c 0x7f43b4cd121d
+B+: 0x7f43b4cd121e 0x7f43b4cd1226
+B+: 0x7f43b4cd1227 0x7f43b4cd1230
+B+: 0x7f43b4cd1231 0x7f43b4cd1232
+B+: 0x7f43b4cd1240 0x7f43b4cd1248
+B+: 0x7f43b4cd1260 0x7f43b4cd1260
+B+: 0x7f43b4cd1520 0x7f43b4cd1534
+B+: 0x7f43b4cd1572 0x7f43b4cd1578
+B+: 0x7f43b4cd1580 0x7f43b4cd1583
+B+: 0x7f43b4cd1610 0x7f43b4cd1656
+B+: 0x7f43b4cd165b 0x7f43b4cd1686
+B+: 0x7f43b4cd1687 0x7f43b4cd169d
+B+: 0x7f43b4cd16fc 0x7f43b4cd1708
+B+: 0x7f43b4cd1709 0x7f43b4cd1711
+B+: 0x7f43b4cd1712 0x7f43b4cd172a
+B+: 0x7f43b4cd172b 0x7f43b4cd173c
+B+: 0x7f43b4cd1740 0x7f43b4cd1747
+B+: 0x7f43b4cd1748 0x7f43b4cd175f
+B+: 0x7f43b4cd1760 0x7f43b4cd1766
+B+: 0x7f43b4cd1767 0x7f43b4cd1780
+B+: 0x7f43b4cd1790 0x7f43b4cd1793
+B+: 0x7f43b4cd1794 0x7f43b4cd1798
+B+: 0x7f43b4cd17a2 0x7f43b4cd17aa
+B+: 0x7f43b4cd17ab 0x7f43b4cd17ae
+B+: 0x7f43b4cd17af 0x7f43b4cd17bd
+B+: 0x7f43b4cd17cb 0x7f43b4cd17d3
+B+: 0x7f43b4cd1825 0x7f43b4cd1841
+B+: 0x7f43b4cd1842 0x7f43b4cd184d
+B+: 0x7f43b4cd187e 0x7f43b4cd188e
+B+: 0x7f43b4cd188f 0x7f43b4cd18a0
+B+: 0x7f43b4cd18a1 0x7f43b4cd18ad
+B+: 0x7f43b4cd1c10 0x7f43b4cd1c30
+B+: 0x7f43b4cd1c31 0x7f43b4cd1c58
+B+: 0x7f43b4cd1c5e 0x7f43b4cd1c66
+B+: 0x7f43b4cd1c67 0x7f43b4cd1c6f
+B+: 0x7f43b4cd1c78 0x7f43b4cd1c87
+B+: 0x7f43b4cd1c88 0x7f43b4cd1c89
+B+: 0x7f43b4cd1ca0 0x7f43b4cd1caf
+B+: 0x7f43b4cd1cba 0x7f43b4cd1cc4
+B+: 0x7f43b4cd1ce0 0x7f43b4cd1ce8
+B+: 0x7f43b4cd2360 0x7f43b4cd236b
+B+: 0x7f43b4cd2480 0x7f43b4cd2480
+B+: 0x7f43b4cd29c0 0x7f43b4cd29db
+B+: 0x7f43b4cd2a16 0x7f43b4cd2a32
+B+: 0x7f43b4cd2a33 0x7f43b4cd2a52
+B+: 0x7f43b4cd2a63 0x7f43b4cd2a6a
+B+: 0x7f43b4cd2a90 0x7f43b4cd2aa6
+B+: 0x7f43b4cd2aa7 0x7f43b4cd2aae
+B+: 0x7f43b4cd2aaf 0x7f43b4cd2ab6
+B+: 0x7f43b4cd2af6 0x7f43b4cd2b01
+B+: 0x7f43b4cd2b0c 0x7f43b4cd2b34
+B+: 0x7f43b4cd2b40 0x7f43b4cd2b57
+B+: 0x7f43b4cd2b58 0x7f43b4cd2b5f
+B+: 0x7f43b4cd2b60 0x7f43b4cd2b67
+B+: 0x7f43b4cd2b68 0x7f43b4cd2b70
+B+: 0x7f43b4cd2b71 0x7f43b4cd2b7a
+B+: 0x7f43b4cd2b7b 0x7f43b4cd2b80
+B+: 0x7f43b4cd2b97 0x7f43b4cd2b9c
+B+: 0x7f43b4cd2c0a 0x7f43b4cd2c3d
+B+: 0x7f43b4cd2c47 0x7f43b4cd2c53
+B+: 0x7f43b4cd2ed0 0x7f43b4cd2ede
+B+: 0x7f43b4cd2edf 0x7f43b4cd2ee7
+B+: 0x7f43b4cd2ee8 0x7f43b4cd2efc
+B+: 0x7f43b4cd2efd 0x7f43b4cd2f02
+B+: 0x7f43b4cd2f03 0x7f43b4cd2f1b
+B+: 0x7f43b4cd2f1c 0x7f43b4cd2f21
+B+: 0x7f43b4cd2f22 0x7f43b4cd2f2b
+B+: 0x7f43b4cd2fc0 0x7f43b4cd2fc7
+B+: 0x7f43b4cd2fc8 0x7f43b4cd2fd0
+B+: 0x7f43b4cd3760 0x7f43b4cd3768
+B+: 0x7f43b4cd3769 0x7f43b4cd376d
+B+: 0x7f43b4cd376e 0x7f43b4cd3772
+B+: 0x7f43b4cd3780 0x7f43b4cd3788
+B+: 0x7f43b4cd3789 0x7f43b4cd378d
+B+: 0x7f43b4cd378e 0x7f43b4cd3792
+B+: 0x7f43b4cd37c0 0x7f43b4cd37d9
+B+: 0x7f43b4cd37da 0x7f43b4cd37e6
+B+: 0x7f43b4cd37f7 0x7f43b4cd3802
+B+: 0x7f43b4cd3803 0x7f43b4cd380b
+B+: 0x7f43b4cd380c 0x7f43b4cd3841
+B+: 0x7f43b4cd3842 0x7f43b4cd384b
+B+: 0x7f43b4cd384c 0x7f43b4cd3852
+B+: 0x7f43b4cd3853 0x7f43b4cd3875
+B+: 0x7f43b4cd3880 0x7f43b4cd388e
+B+: 0x7f43b4cd38b0 0x7f43b4cd38c8
+B+: 0x7f43b4cd3900 0x7f43b4cd3941
+B+: 0x7f43b4cd3950 0x7f43b4cd3966
+B+: 0x7f43b4cd3967 0x7f43b4cd397e
+B+: 0x7f43b4cd397f 0x7f43b4cd398a
+B+: 0x7f43b4cd398b 0x7f43b4cd39b3
+B+: 0x7f43b4cd39b4 0x7f43b4cd39bd
+B+: 0x7f43b4cd39be 0x7f43b4cd39bf
+B+: 0x7f43b4cd39d0 0x7f43b4cd39e8
+B+: 0x7f43b4cd39e9 0x7f43b4cd3a14
+B+: 0x7f43b4cd3a1e 0x7f43b4cd3a25
+B+: 0x7f43b4cd3a26 0x7f43b4cd3a33
+B+: 0x7f43b4cd3a34 0x7f43b4cd3a46
+B+: 0x7f43b4cd3ae0 0x7f43b4cd3afe
+B+: 0x7f43b4cd3aff 0x7f43b4cd3b0c
+B+: 0x7f43b4cd3b0d 0x7f43b4cd3b1b
+B+: 0x7f43b4cd3b1c 0x7f43b4cd3b2c
+B+: 0x7f43b4cd3b40 0x7f43b4cd3b62
+B+: 0x7f43b4cd3b98 0x7f43b4cd3ba9
+B+: 0x7f43b4cd46d0 0x7f43b4cd46f4
+B+: 0x7f43b4cd46f5 0x7f43b4cd470d
+B+: 0x7f43b4cd470e 0x7f43b4cd4712
+B+: 0x7f43b4cd4713 0x7f43b4cd471e
+B+: 0x7f43b4cd471f 0x7f43b4cd4723
+B+: 0x7f43b4cd4724 0x7f43b4cd4728
+B+: 0x7f43b4cd4729 0x7f43b4cd4730
+B+: 0x7f43b4cd473c 0x7f43b4cd4749
+B+: 0x7f43b4cd474a 0x7f43b4cd474d
+B+: 0x7f43b4cd474e 0x7f43b4cd4760
+B+: 0x7f43b4cd4761 0x7f43b4cd476b
+B+: 0x7f43b4cd4790 0x7f43b4cd479d
+B+: 0x7f43b4cd479e 0x7f43b4cd47a5
+B+: 0x7f43b4cd47a6 0x7f43b4cd47a7
+B+: 0x7f43b4cd4890 0x7f43b4cd489d
+B+: 0x7f43b4cd489e 0x7f43b4cd48a9
+B+: 0x7f43b4cd48aa 0x7f43b4cd48bd
+B+: 0x7f43b4cd48c0 0x7f43b4cd48ca
+B+: 0x7f43b4cd48d0 0x7f43b4cd48ef
+B+: 0x7f43b4cd48f0 0x7f43b4cd48f4
+B+: 0x7f43b4cd48f5 0x7f43b4cd490c
+B+: 0x7f43b4cd490d 0x7f43b4cd4910
+B+: 0x7f43b4cd4911 0x7f43b4cd4912
+B+: 0x7f43b4cd4913 0x7f43b4cd491b
+B+: 0x7f43b4cd491c 0x7f43b4cd4930
+B+: 0x7f43b4cd4938 0x7f43b4cd493c
+B+: 0x7f43b4cd4980 0x7f43b4cd498f
+B+: 0x7f43b4cd4990 0x7f43b4cd499b
+B+: 0x7f43b4cd499c 0x7f43b4cd49ab
+B+: 0x7f43b4cd4a80 0x7f43b4cd4a93
+B+: 0x7f43b4cd4a94 0x7f43b4cd4aac
+B+: 0x7f43b4cd4aad 0x7f43b4cd4abf
+B+: 0x7f43b4cd4ac0 0x7f43b4cd4ada
+B+: 0x7f43b4cd4adb 0x7f43b4cd4ae3
+B+: 0x7f43b4cd4aec 0x7f43b4cd4af8
+B+: 0x7f43b4cd4af9 0x7f43b4cd4b02
+B+: 0x7f43b4cd4b03 0x7f43b4cd4b06
+B+: 0x7f43b4cd4b07 0x7f43b4cd4b1a
+B+: 0x7f43b4cd4c49 0x7f43b4cd4c55
+B+: 0x7f43b4cd4c56 0x7f43b4cd4c67
+B+: 0x7f43b4cd4c82 0x7f43b4cd4c93
+B+: 0x7f43b4cd4d77 0x7f43b4cd4d82
+B+: 0x7f43b4cd4da0 0x7f43b4cd4db2
+B+: 0x7f43b4cd4db3 0x7f43b4cd4ddf
+B+: 0x7f43b4cd4de0 0x7f43b4cd4deb
+B+: 0x7f43b4cd4dec 0x7f43b4cd4dfc
+B+: 0x7f43b4cd4dfd 0x7f43b4cd4e18
+B+: 0x7f43b4cd4e19 0x7f43b4cd4e25
+B+: 0x7f43b4cd4e26 0x7f43b4cd4e2e
+B+: 0x7f43b4cd4e2f 0x7f43b4cd4e3f
+B+: 0x7f43b4cd4e40 0x7f43b4cd4e44
+B+: 0x7f43b4cd4e45 0x7f43b4cd4e50
+B+: 0x7f43b4cd4e51 0x7f43b4cd4e5d
+B+: 0x7f43b4cd4e5e 0x7f43b4cd4e77
+B+: 0x7f43b4cd4ece 0x7f43b4cd4ed2
+B+: 0x7f43b4cd4ed3 0x7f43b4cd4ede
+B+: 0x7f43b4cd4ee0 0x7f43b4cd4eec
+B+: 0x7f43b4cd4f60 0x7f43b4cd4f7c
+B+: 0x7f43b4cd5120 0x7f43b4cd5128
+B+: 0x7f43b4cd5129 0x7f43b4cd5147
+B+: 0x7f43b4cd5750 0x7f43b4cd575e
+B+: 0x7f43b4cd575f 0x7f43b4cd5763
+B+: 0x7f43b4cd5764 0x7f43b4cd5770
+B+: 0x7f43b4cd5771 0x7f43b4cd5777
+B+: 0x7f43b4cd5778 0x7f43b4cd5783
+B+: 0x7f43b4cd5784 0x7f43b4cd5788
+B+: 0x7f43b4cd5789 0x7f43b4cd578d
+B+: 0x7f43b4cd578e 0x7f43b4cd5796
+B+: 0x7f43b4cd5797 0x7f43b4cd579e
+B+: 0x7f43b4cd5890 0x7f43b4cd5892
+B+: 0x7f43b4cd58a7 0x7f43b4cd58ab
+B+: 0x7f43b4cd58ac 0x7f43b4cd58b2
+B+: 0x7f43b4cd58b3 0x7f43b4cd58b6
+B+: 0x7f43b4cd58d0 0x7f43b4cd58e1
+B+: 0x7f43b4cd58e2 0x7f43b4cd58e6
+B+: 0x7f43b4cd58e7 0x7f43b4cd58eb
+B+: 0x7f43b4cd58ec 0x7f43b4cd58f1
+B+: 0x7f43b4cd58f2 0x7f43b4cd58fa
+B+: 0x7f43b4cd58fb 0x7f43b4cd58fc
+B+: 0x7f43b4cd5940 0x7f43b4cd5948
+B+: 0x7f43b4cd5949 0x7f43b4cd5951
+B+: 0x7f43b4cd5980 0x7f43b4cd5988
+B+: 0x7f43b4cd5989 0x7f43b4cd598a
+B+: 0x7f43b4cd598b 0x7f43b4cd5991
+B+: 0x7f43b4cd5992 0x7f43b4cd59a2
+B+: 0x7f43b4cd59a8 0x7f43b4cd59ac
+B+: 0x7f43b4cd59eb 0x7f43b4cd5a00
+B+: 0x7f43b4cd5a08 0x7f43b4cd5a10
+B+: 0x7f43b4cd5af0 0x7f43b4cd5b11
+B+: 0x7f43b4cd5b12 0x7f43b4cd5b16
+B+: 0x7f43b4cd5b17 0x7f43b4cd5b1d
+B+: 0x7f43b4cd5b1e 0x7f43b4cd5b26
+B+: 0x7f43b4cd5b27 0x7f43b4cd5b34
+B+: 0x7f43b4cd5b35 0x7f43b4cd5b3c
+B+: 0x7f43b4cd5b3d 0x7f43b4cd5b49
+B+: 0x7f43b4cd5b4a 0x7f43b4cd5b5a
+B+: 0x7f43b4cd5b5b 0x7f43b4cd5b63
+B+: 0x7f43b4cd5b7f 0x7f43b4cd5b93
+B+: 0x7f43b4cd5b94 0x7f43b4cd5b9c
+B+: 0x7f43b4cd5be0 0x7f43b4cd5bf7
+B+: 0x7f43b4cd5bf8 0x7f43b4cd5c00
+B+: 0x7f43b4cd5c1b 0x7f43b4cd5c2b
+B+: 0x7f43b4cd5d40 0x7f43b4cd5d5e
+B+: 0x7f43b4cd5d5f 0x7f43b4cd5d6d
+B+: 0x7f43b4cd5d6e 0x7f43b4cd5d72
+B+: 0x7f43b4cd5d7d 0x7f43b4cd5d90
+B+: 0x7f43b4cd5d91 0x7f43b4cd5d95
+B+: 0x7f43b4cd5d96 0x7f43b4cd5d9a
+B+: 0x7f43b4cd5da0 0x7f43b4cd5da4
+B+: 0x7f43b4cd5dd5 0x7f43b4cd5dd9
+B+: 0x7f43b4cd5dda 0x7f43b4cd5dde
+B+: 0x7f43b4cd5df0 0x7f43b4cd5dfb
+B+: 0x7f43b4cd5dfc 0x7f43b4cd5e07
+B+: 0x7f43b4cd5e08 0x7f43b4cd5e10
+B+: 0x7f43b4cd5e2c 0x7f43b4cd5e30
+B+: 0x7f43b4cd5e31 0x7f43b4cd5e36
+B+: 0x7f43b4cd5e41 0x7f43b4cd5e45
+B+: 0x7f43b4cd5e46 0x7f43b4cd5e54
+B+: 0x7f43b4cd5e55 0x7f43b4cd5e5d
+B+: 0x7f43b4cd5e5e 0x7f43b4cd5e62
+B+: 0x7f43b4cd5e63 0x7f43b4cd5e74
+B+: 0x7f43b4cd5e78 0x7f43b4cd5e84
+B+: 0x7f43b4cd5ea0 0x7f43b4cd5ea4
+B+: 0x7f43b4cd5ef0 0x7f43b4cd5f03
+B+: 0x7f43b4cd5f40 0x7f43b4cd5f76
+B+: 0x7f43b4cd5f77 0x7f43b4cd5f82
+B+: 0x7f43b4cd5f83 0x7f43b4cd5f92
+B+: 0x7f43b4cd601b 0x7f43b4cd6031
+B+: 0x7f43b4cd6032 0x7f43b4cd6040
+B+: 0x7f43b4cd6075 0x7f43b4cd60b8
+B+: 0x7f43b4cd60b9 0x7f43b4cd60c3
+B+: 0x7f43b4cd60c4 0x7f43b4cd60cc
+B+: 0x7f43b4cd60cd 0x7f43b4cd60d5
+B+: 0x7f43b4cd60d6 0x7f43b4cd60de
+B+: 0x7f43b4cd60df 0x7f43b4cd6106
+B+: 0x7f43b4cd6107 0x7f43b4cd6133
+B+: 0x7f43b4cd6578 0x7f43b4cd6581
+B+: 0x7f43b4cd6582 0x7f43b4cd65a8
+B+: 0x7f43b4cd65a9 0x7f43b4cd65b6
+B+: 0x7f43b4cd65d0 0x7f43b4cd65e0
+B+: 0x7f43b4cd65e1 0x7f43b4cd65ee
+B+: 0x7f43b4cd65ef 0x7f43b4cd65f3
+B+: 0x7f43b4cd6670 0x7f43b4cd667e
+B+: 0x7f43b4cd667f 0x7f43b4cd6683
+B+: 0x7f43b4cd6684 0x7f43b4cd6692
+B+: 0x7f43b4cd6693 0x7f43b4cd669a
+B+: 0x7f43b4cd669b 0x7f43b4cd66a2
+B+: 0x7f43b4cd66a3 0x7f43b4cd66b7
+B+: 0x7f43b4cd6790 0x7f43b4cd67bc
+B+: 0x7f43b4cd67bd 0x7f43b4cd67d4
+B+: 0x7f43b4cd67e0 0x7f43b4cd683a
+B+: 0x7f43b4cd683b 0x7f43b4cd6875
+B+: 0x7f43b4cd6876 0x7f43b4cd6893
+B+: 0x7f43b4cd6894 0x7f43b4cd68a3
+B+: 0x7f43b4cd68a4 0x7f43b4cd68b0
+B+: 0x7f43b4cd69b4 0x7f43b4cd69b8
+B+: 0x7f43b4cd69b9 0x7f43b4cd69cf
+B+: 0x7f43b4cd69d0 0x7f43b4cd69dc
+B+: 0x7f43b4cd69dd 0x7f43b4cd69ef
+B+: 0x7f43b4cd69f0 0x7f43b4cd69f7
+B+: 0x7f43b4cd6a01 0x7f43b4cd6a16
+B+: 0x7f43b4cd6a28 0x7f43b4cd6a3d
+B+: 0x7f43b4cd6a3e 0x7f43b4cd6a4d
+B+: 0x7f43b4cd6a79 0x7f43b4cd6a97
+B+: 0x7f43b4cd6a98 0x7f43b4cd6ac0
+B+: 0x7f43b4cd6ac1 0x7f43b4cd6acf
+B+: 0x7f43b4cd7148 0x7f43b4cd7154
+B+: 0x7f43b4cd7155 0x7f43b4cd7174
+B+: 0x7f43b4cd7175 0x7f43b4cd717f
+B+: 0x7f43b4cd71ac 0x7f43b4cd71b0
+B+: 0x7f43b4cd71b1 0x7f43b4cd71b5
+B+: 0x7f43b4cd7a40 0x7f43b4cd7a64
+B+: 0x7f43b4cd7b10 0x7f43b4cd7b1a
+B+: 0x7f43b4cd7b40 0x7f43b4cd7b47
+B+: 0x7f43b4cd7b48 0x7f43b4cd7b51
+B+: 0x7f43b4cd7b58 0x7f43b4cd7b60
+B+: 0x7f43b4cd7b61 0x7f43b4cd7b6a
+B+: 0x7f43b4cd7b88 0x7f43b4cd7b8c
+B+: 0x7f43b4cd7b8d 0x7f43b4cd7b94
+B+: 0x7f43b4cd7ba0 0x7f43b4cd7ba4
+B+: 0x7f43b4cd7d00 0x7f43b4cd7d30
+B+: 0x7f43b4cd7e3f 0x7f43b4cd7e55
+B+: 0x7f43b4cd7e56 0x7f43b4cd7e67
+B+: 0x7f43b4cd81e0 0x7f43b4cd8222
+B+: 0x7f43b4cd8223 0x7f43b4cd8228
+B+: 0x7f43b4cd824c 0x7f43b4cd8260
+B+: 0x7f43b4cd8261 0x7f43b4cd8269
+B+: 0x7f43b4cd8270 0x7f43b4cd8279
+B+: 0x7f43b4cd8288 0x7f43b4cd82a0
+B+: 0x7f43b4cd82a1 0x7f43b4cd82ba
+B+: 0x7f43b4cd82bb 0x7f43b4cd82bc
+B+: 0x7f43b4cd82d0 0x7f43b4cd82d8
+B+: 0x7f43b4cd82f8 0x7f43b4cd82f8
+B+: 0x7f43b4cd8300 0x7f43b4cd830c
+B+: 0x7f43b4cd833f 0x7f43b4cd8343
+B+: 0x7f43b4cd8380 0x7f43b4cd8384
+B+: 0x7f43b4cd83d0 0x7f43b4cd83e3
+B+: 0x7f43b4cd8400 0x7f43b4cd8400
+B+: 0x7f43b4cd8420 0x7f43b4cd845b
+B+: 0x7f43b4cd8467 0x7f43b4cd8471
+B+: 0x7f43b4cd8472 0x7f43b4cd8489
+B+: 0x7f43b4cd848a 0x7f43b4cd848d
+B+: 0x7f43b4cd848e 0x7f43b4cd8494
+B+: 0x7f43b4cd8495 0x7f43b4cd849d
+B+: 0x7f43b4cd849e 0x7f43b4cd84a9
+B+: 0x7f43b4cd84aa 0x7f43b4cd84c2
+B+: 0x7f43b4cd84c3 0x7f43b4cd84ce
+B+: 0x7f43b4cd84cf 0x7f43b4cd84e5
+B+: 0x7f43b4cd84e6 0x7f43b4cd84f5
+B+: 0x7f43b4cd8500 0x7f43b4cd850e
+B+: 0x7f43b4cd850f 0x7f43b4cd8513
+B+: 0x7f43b4cd8514 0x7f43b4cd851e
+B+: 0x7f43b4cd8540 0x7f43b4cd8549
+B+: 0x7f43b4cd854a 0x7f43b4cd854e
+B+: 0x7f43b4cd854f 0x7f43b4cd8560
+B+: 0x7f43b4cd8568 0x7f43b4cd8577
+B+: 0x7f43b4cd8580 0x7f43b4cd8589
+B+: 0x7f43b4cd85a8 0x7f43b4cd85bb
+B+: 0x7f43b4cd85c0 0x7f43b4cd85ce
+B+: 0x7f43b4cd85cf 0x7f43b4cd85dc
+B+: 0x7f43b4cd86f0 0x7f43b4cd86fd
+B+: 0x7f43b4cd87a0 0x7f43b4cd87a0
+B+: 0x7f43b4cd87b0 0x7f43b4cd87ba
+B+: 0x7f43b4cd87bb 0x7f43b4cd87ce
+B+: 0x7f43b4cd87cf 0x7f43b4cd87d8
+B+: 0x7f43b4cd87d9 0x7f43b4cd87e6
+B+: 0x7f43b4cd8800 0x7f43b4cd882d
+B+: 0x7f43b4cd882e 0x7f43b4cd8831
+B+: 0x7f43b4cd8832 0x7f43b4cd8847
+B+: 0x7f43b4cd8864 0x7f43b4cd886b
+B+: 0x7f43b4cd886c 0x7f43b4cd886f
+B+: 0x7f43b4cd8870 0x7f43b4cd8876
+B+: 0x7f43b4cd8877 0x7f43b4cd887b
+B+: 0x7f43b4cd887c 0x7f43b4cd8886
+B+: 0x7f43b4cd8ae0 0x7f43b4cd8b01
+B+: 0x7f43b4cd8b02 0x7f43b4cd8b0a
+B+: 0x7f43b4cd8b0b 0x7f43b4cd8b14
+B+: 0x7f43b4cd8b15 0x7f43b4cd8b19
+B+: 0x7f43b4cd8c00 0x7f43b4cd8c19
+B+: 0x7f43b4cd8c51 0x7f43b4cd8c8e
+B+: 0x7f43b4cd8c8f 0x7f43b4cd8c9e
+B+: 0x7f43b4cd8c9f 0x7f43b4cd8ca6
+B+: 0x7f43b4cd8df0 0x7f43b4cd8dfb
+B+: 0x7f43b4cd8e20 0x7f43b4cd8e20
+B+: 0x7f43b4cd8e30 0x7f43b4cd8e38
+B+: 0x7f43b4cda940 0x7f43b4cda94b
+B+: 0x7f43b4cda94c 0x7f43b4cda957
+B+: 0x7f43b4cda958 0x7f43b4cda964
+B+: 0x7f43b4cda965 0x7f43b4cda969
+B+: 0x7f43b4cda96a 0x7f43b4cda96f
+B+: 0x7f43b4cda970 0x7f43b4cda976
+B+: 0x7f43b4cda980 0x7f43b4cda987
+B+: 0x7f43b4cda988 0x7f43b4cda98c
+B+: 0x7f43b4cda98d 0x7f43b4cda99b
+B+: 0x7f43b4cda99c 0x7f43b4cda9a0
+B+: 0x7f43b4cda9a1 0x7f43b4cda9a8
+B+: 0x7f43b4cda9a9 0x7f43b4cda9ad
+B+: 0x7f43b4cda9ae 0x7f43b4cda9b8
+B+: 0x7f43b4cda9b9 0x7f43b4cda9b9
+B+: 0x7f43b4cda9c0 0x7f43b4cda9c5
+B+: 0x7f43b4cda9c6 0x7f43b4cda9c9
+B+: 0x7f43b4cda9d0 0x7f43b4cda9d0
+B+: 0x7f43b4cda9d1 0x7f43b4cda9d5
+B+: 0x7f43b4cda9d6 0x7f43b4cda9d9
+B+: 0x7f43b4cda9e0 0x7f43b4cda9ff
+B+: 0x7f43b4cdaa00 0x7f43b4cdaa11
+B+: 0x7f43b4cdaa12 0x7f43b4cdaa16
+B+: 0x7f43b4cdaa20 0x7f43b4cdaa22
+B+: 0x7f43b4cdaa23 0x7f43b4cdaa2f
+B+: 0x7f43b4cdaa30 0x7f43b4cdaa33
+B+: 0x7f43b4cdaa34 0x7f43b4cdaa5d
+B+: 0x7f43b4cdaa5e 0x7f43b4cdaa62
+B+: 0x7f43b4cdaa63 0x7f43b4cdaa82
+B+: 0x7f43b4cdaac0 0x7f43b4cdaade
+B+: 0x7f43b4cdaadf 0x7f43b4cdaae3
+B+: 0x7f43b4cdaae4 0x7f43b4cdaae8
+B+: 0x7f43b4cdaaf0 0x7f43b4cdaaf2
+B+: 0x7f43b4cdaaf3 0x7f43b4cdaaff
+B+: 0x7f43b4cdab00 0x7f43b4cdab03
+B+: 0x7f43b4cdab04 0x7f43b4cdab3e
+B+: 0x7f43b4cdab3f 0x7f43b4cdab49
+B+: 0x7f43b4cdab4a 0x7f43b4cdab57
+B+: 0x7f43b4cdab58 0x7f43b4cdab5d
+B+: 0x7f43b4cdab5e 0x7f43b4cdab66
+B+: 0x7f43b4cdab67 0x7f43b4cdab70
+B+: 0x7f43b4cdab71 0x7f43b4cdab7a
+B+: 0x7f43b4cdab7b 0x7f43b4cdab9a
+B+: 0x7f43b4cdab9b 0x7f43b4cdaba3
+B+: 0x7f43b4cdaba4 0x7f43b4cdabbd
+B+: 0x7f43b4cdabc0 0x7f43b4cdabc5
+B+: 0x7f43b4cdabc6 0x7f43b4cdabcf
+B+: 0x7f43b4cdabd0 0x7f43b4cdabd9
+B+: 0x7f43b4cdabda 0x7f43b4cdabf7
+B+: 0x7f43b4cdac08 0x7f43b4cdac14
+B+: 0x7f43b4cdac15 0x7f43b4cdac1b
+B+: 0x7f43b4cdac1c 0x7f43b4cdac29
+B+: 0x7f43b4cdacb0 0x7f43b4cdacca
+B+: 0x7f43b4cdaccb 0x7f43b4cdacda
+B+: 0x7f43b4cdacdb 0x7f43b4cdace6
+B+: 0x7f43b4cdace7 0x7f43b4cdacef
+B+: 0x7f43b4cdacf0 0x7f43b4cdacf4
+B+: 0x7f43b4cdacf5 0x7f43b4cdacfc
+B+: 0x7f43b4cdacfd 0x7f43b4cdad10
+B+: 0x7f43b4cdad11 0x7f43b4cdad21
+B+: 0x7f43b4cdad22 0x7f43b4cdad26
+B+: 0x7f43b4cdad27 0x7f43b4cdad38
+B+: 0x7f43b4cdad39 0x7f43b4cdad4b
+B+: 0x7f43b4cdad4c 0x7f43b4cdad54
+B+: 0x7f43b4cdad55 0x7f43b4cdad5e
+B+: 0x7f43b4cdad5f 0x7f43b4cdad6d
+B+: 0x7f43b4cdaea0 0x7f43b4cdaeb6
+B+: 0x7f43b4cdaeb7 0x7f43b4cdaebb
+B+: 0x7f43b4cdaebc 0x7f43b4cdaec0
+B+: 0x7f43b4cdaec8 0x7f43b4cdaecb
+B+: 0x7f43b4cdaecc 0x7f43b4cdaed9
+B+: 0x7f43b4cdaeda 0x7f43b4cdaedd
+B+: 0x7f43b4cdaede 0x7f43b4cdaf06
+B+: 0x7f43b4cdaf07 0x7f43b4cdaf10
+B+: 0x7f43b4cdaf11 0x7f43b4cdaf16
+B+: 0x7f43b4cdaf17 0x7f43b4cdaf24
+B+: 0x7f43b4cdaf25 0x7f43b4cdaf2d
+B+: 0x7f43b4cdb440 0x7f43b4cdb46b
+B+: 0x7f43b4cdb46c 0x7f43b4cdb470
+B+: 0x7f43b4cdb471 0x7f43b4cdb475
+B+: 0x7f43b4cdb536 0x7f43b4cdb53e
+B+: 0x7f43b4cdb53f 0x7f43b4cdb548
+B+: 0x7f43b4cdb549 0x7f43b4cdb551
+B+: 0x7f43b4cdb5d0 0x7f43b4cdb5e4
+B+: 0x7f43b4cdb5e5 0x7f43b4cdb606
+B+: 0x7f43b4cdb607 0x7f43b4cdb610
+B+: 0x7f43b4cdb611 0x7f43b4cdb618
+B+: 0x7f43b4cdb640 0x7f43b4cdb648
+B+: 0x7f43b4cdb649 0x7f43b4cdb656
+B+: 0x7f43b4cdb657 0x7f43b4cdb65f
+B+: 0x7f43b4cdb660 0x7f43b4cdb661
+B+: 0x7f43b4cdb760 0x7f43b4cdb7aa
+B+: 0x7f43b4cdb7ab 0x7f43b4cdb7af
+B+: 0x7f43b4cdb7b0 0x7f43b4cdb7be
+B+: 0x7f43b4cdb7c8 0x7f43b4cdb7d3
+B+: 0x7f43b4cdb7d4 0x7f43b4cdb7d8
+B+: 0x7f43b4cdb7d9 0x7f43b4cdb7e0
+B+: 0x7f43b4cdb7e1 0x7f43b4cdb7e5
+B+: 0x7f43b4cdb7e6 0x7f43b4cdb7f3
+B+: 0x7f43b4cdb7f4 0x7f43b4cdb7fb
+B+: 0x7f43b4cdb800 0x7f43b4cdb810
+B+: 0x7f43b4cdb811 0x7f43b4cdb815
+B+: 0x7f43b4cdb816 0x7f43b4cdb832
+B+: 0x7f43b4cdb833 0x7f43b4cdb843
+B+: 0x7f43b4cdb844 0x7f43b4cdb84f
+B+: 0x7f43b4cdb850 0x7f43b4cdb857
+B+: 0x7f43b4cdb858 0x7f43b4cdb85c
+B+: 0x7f43b4cdb85d 0x7f43b4cdb868
+B+: 0x7f43b4cdb869 0x7f43b4cdb87b
+B+: 0x7f43b4cdb87c 0x7f43b4cdb884
+B+: 0x7f43b4cdb888 0x7f43b4cdb897
+B+: 0x7f43b4cdb898 0x7f43b4cdb89b
+B+: 0x7f43b4cdb89c 0x7f43b4cdb8b4
+B+: 0x7f43b4cdb8b5 0x7f43b4cdb8b8
+B+: 0x7f43b4cdb8b9 0x7f43b4cdb8c6
+B+: 0x7f43b4cdb8c7 0x7f43b4cdb8d5
+B+: 0x7f43b4cdbdc0 0x7f43b4cdbdec
+B+: 0x7f43b4cdbded 0x7f43b4cdbdf2
+B+: 0x7f43b4cdbdf3 0x7f43b4cdbe04
+B+: 0x7f43b4cdbe05 0x7f43b4cdbe0d
+B+: 0x7f43b4cdbe0e 0x7f43b4cdbe1c
+CND+ 0x7f43b4cca00e: taken
+CND+ 0x7f43b4cca5ea: not taken
+CND+ 0x7f43b4cca626: not taken
+CND+ 0x7f43b4cca63b: taken
+CND+ 0x7f43b4cca673: not taken
+CND+ 0x7f43b4cca687: not taken
+CND+ 0x7f43b4cca695: not taken
+CND+ 0x7f43b4cca7e2: taken
+CND+ 0x7f43b4cca862: not taken
+CND+ 0x7f43b4cca87c: both
+CND+ 0x7f43b4cca8a9: not taken
+CND+ 0x7f43b4ccaa5d: not taken
+CND+ 0x7f43b4ccaa62: taken
+CND+ 0x7f43b4ccb6e6: not taken
+CND+ 0x7f43b4ccb704: taken
+CND+ 0x7f43b4ccb71a: not taken
+CND+ 0x7f43b4ccb71f: taken
+CND+ 0x7f43b4ccb72f: taken
+CND+ 0x7f43b4ccb74c: not taken
+CND+ 0x7f43b4ccb756: not taken
+CND+ 0x7f43b4ccb78f: not taken
+CND+ 0x7f43b4ccb79b: taken
+CND+ 0x7f43b4ccc079: taken
+CND+ 0x7f43b4ccc11b: not taken
+CND+ 0x7f43b4ccc149: not taken
+CND+ 0x7f43b4ccc158: not taken
+CND+ 0x7f43b4ccc190: not taken
+CND+ 0x7f43b4ccc1ce: taken
+CND+ 0x7f43b4cccc20: not taken
+CND+ 0x7f43b4cccc2d: taken
+CND+ 0x7f43b4cccc48: not taken
+CND+ 0x7f43b4cccc5f: both
+CND+ 0x7f43b4cccc88: not taken
+CND+ 0x7f43b4ccced2: taken
+CND+ 0x7f43b4cccf55: not taken
+CND+ 0x7f43b4cccf7e: not taken
+CND+ 0x7f43b4cccf8a: not taken
+CND+ 0x7f43b4cccf93: both
+CND+ 0x7f43b4cccfc4: not taken
+CND+ 0x7f43b4cccfe2: both
+CND+ 0x7f43b4cccffb: taken
+CND+ 0x7f43b4ccd05a: taken
+CND+ 0x7f43b4ccd0af: not taken
+CND+ 0x7f43b4ccd0b8: taken
+CND+ 0x7f43b4ccd0e0: taken
+CND+ 0x7f43b4ccd116: not taken
+CND+ 0x7f43b4ccd15a: not taken
+CND+ 0x7f43b4ccd163: taken
+CND+ 0x7f43b4ccd21b: taken
+CND+ 0x7f43b4ccd24a: taken
+CND+ 0x7f43b4ccd27c: not taken
+CND+ 0x7f43b4ccd36a: taken
+CND+ 0x7f43b4ccd520: not taken
+CND+ 0x7f43b4ccd529: not taken
+CND+ 0x7f43b4ccd532: taken
+CND+ 0x7f43b4ccd8eb: not taken
+CND+ 0x7f43b4ccd906: both
+CND+ 0x7f43b4ccd93d: not taken
+CND+ 0x7f43b4ccd985: both
+CND+ 0x7f43b4ccd9f6: taken
+CND+ 0x7f43b4ccda20: both
+CND+ 0x7f43b4ccda29: not taken
+CND+ 0x7f43b4ccda33: not taken
+CND+ 0x7f43b4ccdae4: not taken
+CND+ 0x7f43b4ccdafb: taken
+CND+ 0x7f43b4ccdb2a: both
+CND+ 0x7f43b4ccdb30: both
+CND+ 0x7f43b4ccdb40: taken
+CND+ 0x7f43b4ccdb60: not taken
+CND+ 0x7f43b4ccdb96: not taken
+CND+ 0x7f43b4ccdbe5: taken
+CND+ 0x7f43b4ccdda0: not taken
+CND+ 0x7f43b4ccdda9: not taken
+CND+ 0x7f43b4ccddc8: both
+CND+ 0x7f43b4ccddd0: both
+CND+ 0x7f43b4ccde2e: taken
+CND+ 0x7f43b4ccde57: not taken
+CND+ 0x7f43b4ccdeac: taken
+CND+ 0x7f43b4ccded8: taken
+CND+ 0x7f43b4ccdfa3: not taken
+CND+ 0x7f43b4ccdfc0: taken
+CND+ 0x7f43b4cce019: not taken
+CND+ 0x7f43b4cce065: not taken
+CND+ 0x7f43b4cce06f: not taken
+CND+ 0x7f43b4cce089: both
+CND+ 0x7f43b4cce09d: not taken
+CND+ 0x7f43b4cce0ab: taken
+CND+ 0x7f43b4cce14c: not taken
+CND+ 0x7f43b4cce156: taken
+CND+ 0x7f43b4cce1cc: taken
+CND+ 0x7f43b4cce1ee: taken
+CND+ 0x7f43b4cce811: both
+CND+ 0x7f43b4cce81b: not taken
+CND+ 0x7f43b4cce81f: not taken
+CND+ 0x7f43b4cce839: taken
+CND+ 0x7f43b4cce859: taken
+CND+ 0x7f43b4cce861: taken
+CND+ 0x7f43b4ccf45f: taken
+CND+ 0x7f43b4ccf626: not taken
+CND+ 0x7f43b4ccf6ca: taken
+CND+ 0x7f43b4ccf762: taken
+CND+ 0x7f43b4cd02a4: taken
+CND+ 0x7f43b4cd02bd: not taken
+CND+ 0x7f43b4cd02cd: not taken
+CND+ 0x7f43b4cd030f: taken
+CND+ 0x7f43b4cd0327: taken
+CND+ 0x7f43b4cd033a: not taken
+CND+ 0x7f43b4cd0343: taken
+CND+ 0x7f43b4cd0381: not taken
+CND+ 0x7f43b4cd03d6: taken
+CND+ 0x7f43b4cd03e7: taken
+CND+ 0x7f43b4cd0895: not taken
+CND+ 0x7f43b4cd08a8: not taken
+CND+ 0x7f43b4cd08d2: not taken
+CND+ 0x7f43b4cd0907: not taken
+CND+ 0x7f43b4cd0942: taken
+CND+ 0x7f43b4cd0953: not taken
+CND+ 0x7f43b4cd0963: taken
+CND+ 0x7f43b4cd0a7b: not taken
+CND+ 0x7f43b4cd0dbc: both
+CND+ 0x7f43b4cd0dc9: both
+CND+ 0x7f43b4cd0e03: not taken
+CND+ 0x7f43b4cd0e0d: not taken
+CND+ 0x7f43b4cd0e18: taken
+CND+ 0x7f43b4cd11a1: not taken
+CND+ 0x7f43b4cd11ab: not taken
+CND+ 0x7f43b4cd11e4: taken
+CND+ 0x7f43b4cd11f2: taken
+CND+ 0x7f43b4cd120a: not taken
+CND+ 0x7f43b4cd1225: not taken
+CND+ 0x7f43b4cd122f: not taken
+CND+ 0x7f43b4cd1247: taken
+CND+ 0x7f43b4cd1533: taken
+CND+ 0x7f43b4cd1582: taken
+CND+ 0x7f43b4cd1655: taken
+CND+ 0x7f43b4cd1698: taken
+CND+ 0x7f43b4cd1703: not taken
+CND+ 0x7f43b4cd170c: taken
+CND+ 0x7f43b4cd1725: not taken
+CND+ 0x7f43b4cd1742: not taken
+CND+ 0x7f43b4cd175a: not taken
+CND+ 0x7f43b4cd1765: not taken
+CND+ 0x7f43b4cd1792: not taken
+CND+ 0x7f43b4cd1797: taken
+CND+ 0x7f43b4cd17a9: taken
+CND+ 0x7f43b4cd17ad: not taken
+CND+ 0x7f43b4cd17bc: taken
+CND+ 0x7f43b4cd17ce: taken
+CND+ 0x7f43b4cd1848: taken
+CND+ 0x7f43b4cd1889: not taken
+CND+ 0x7f43b4cd189b: not taken
+CND+ 0x7f43b4cd18a8: taken
+CND+ 0x7f43b4cd1c2f: not taken
+CND+ 0x7f43b4cd1c57: taken
+CND+ 0x7f43b4cd1c65: not taken
+CND+ 0x7f43b4cd1c6e: taken
+CND+ 0x7f43b4cd1c86: not taken
+CND+ 0x7f43b4cd1cae: taken
+CND+ 0x7f43b4cd2366: taken
+CND+ 0x7f43b4cd29d6: taken
+CND+ 0x7f43b4cd2a31: not taken
+CND+ 0x7f43b4cd2a51: taken
+CND+ 0x7f43b4cd2aad: not taken
+CND+ 0x7f43b4cd2ab5: taken
+CND+ 0x7f43b4cd2b00: taken
+CND+ 0x7f43b4cd2b5a: not taken
+CND+ 0x7f43b4cd2b62: not taken
+CND+ 0x7f43b4cd2b6b: not taken
+CND+ 0x7f43b4cd2b75: not taken
+CND+ 0x7f43b4cd2b7f: taken
+CND+ 0x7f43b4cd2b9b: taken
+CND+ 0x7f43b4cd2c3c: taken
+CND+ 0x7f43b4cd2ed9: not taken
+CND+ 0x7f43b4cd2ee6: not taken
+CND+ 0x7f43b4cd2f01: not taken
+CND+ 0x7f43b4cd2f1a: not taken
+CND+ 0x7f43b4cd2f20: not taken
+CND+ 0x7f43b4cd2f26: taken
+CND+ 0x7f43b4cd376c: not taken
+CND+ 0x7f43b4cd378c: not taken
+CND+ 0x7f43b4cd37d8: both
+CND+ 0x7f43b4cd37e1: taken
+CND+ 0x7f43b4cd3806: not taken
+CND+ 0x7f43b4cd3840: not taken
+CND+ 0x7f43b4cd384a: not taken
+CND+ 0x7f43b4cd3965: both
+CND+ 0x7f43b4cd3989: not taken
+CND+ 0x7f43b4cd39b2: not taken
+CND+ 0x7f43b4cd39bc: not taken
+CND+ 0x7f43b4cd39e3: not taken
+CND+ 0x7f43b4cd3a13: taken
+CND+ 0x7f43b4cd3afd: not taken
+CND+ 0x7f43b4cd3b1a: not taken
+CND+ 0x7f43b4cd3b61: taken
+CND+ 0x7f43b4cd4711: not taken
+CND+ 0x7f43b4cd471d: not taken
+CND+ 0x7f43b4cd4722: not taken
+CND+ 0x7f43b4cd4748: not taken
+CND+ 0x7f43b4cd474c: not taken
+CND+ 0x7f43b4cd475f: not taken
+CND+ 0x7f43b4cd47a4: not taken
+CND+ 0x7f43b4cd48f3: both
+CND+ 0x7f43b4cd490f: both
+CND+ 0x7f43b4cd4911: not taken
+CND+ 0x7f43b4cd491a: taken
+CND+ 0x7f43b4cd4a92: not taken
+CND+ 0x7f43b4cd4aba: not taken
+CND+ 0x7f43b4cd4ad5: both
+CND+ 0x7f43b4cd4ade: taken
+CND+ 0x7f43b4cd4af7: not taken
+CND+ 0x7f43b4cd4b01: not taken
+CND+ 0x7f43b4cd4b05: not taken
+CND+ 0x7f43b4cd4b19: taken
+CND+ 0x7f43b4cd4c50: not taken
+CND+ 0x7f43b4cd4c62: taken
+CND+ 0x7f43b4cd4db1: not taken
+CND+ 0x7f43b4cd4dea: both
+CND+ 0x7f43b4cd4e13: not taken
+CND+ 0x7f43b4cd4e20: taken
+CND+ 0x7f43b4cd4e2d: not taken
+CND+ 0x7f43b4cd4e43: not taken
+CND+ 0x7f43b4cd4e4f: both
+CND+ 0x7f43b4cd4e58: not taken
+CND+ 0x7f43b4cd4e72: taken
+CND+ 0x7f43b4cd4ee7: taken
+CND+ 0x7f43b4cd575d: both
+CND+ 0x7f43b4cd576f: not taken
+CND+ 0x7f43b4cd5782: both
+CND+ 0x7f43b4cd5787: both
+CND+ 0x7f43b4cd5795: both
+CND+ 0x7f43b4cd58b1: not taken
+CND+ 0x7f43b4cd58dc: not taken
+CND+ 0x7f43b4cd58ea: not taken
+CND+ 0x7f43b4cd58ec: both
+CND+ 0x7f43b4cd58f5: not taken
+CND+ 0x7f43b4cd58fb: taken
+CND+ 0x7f43b4cd5943: not taken
+CND+ 0x7f43b4cd594c: taken
+CND+ 0x7f43b4cd5983: not taken
+CND+ 0x7f43b4cd5989: both
+CND+ 0x7f43b4cd5990: not taken
+CND+ 0x7f43b4cd59ab: taken
+CND+ 0x7f43b4cd5a0b: taken
+CND+ 0x7f43b4cd5b10: both
+CND+ 0x7f43b4cd5b1c: not taken
+CND+ 0x7f43b4cd5b21: both
+CND+ 0x7f43b4cd5b2f: not taken
+CND+ 0x7f43b4cd5b37: both
+CND+ 0x7f43b4cd5b44: both
+CND+ 0x7f43b4cd5b5e: taken
+CND+ 0x7f43b4cd5b92: both
+CND+ 0x7f43b4cd5b9b: taken
+CND+ 0x7f43b4cd5bfb: taken
+CND+ 0x7f43b4cd5d68: both
+CND+ 0x7f43b4cd5d71: taken
+CND+ 0x7f43b4cd5d8b: not taken
+CND+ 0x7f43b4cd5da3: taken
+CND+ 0x7f43b4cd5ddd: taken
+CND+ 0x7f43b4cd5e02: not taken
+CND+ 0x7f43b4cd5e0b: taken
+CND+ 0x7f43b4cd5e2f: not taken
+CND+ 0x7f43b4cd5e35: taken
+CND+ 0x7f43b4cd5e4f: not taken
+CND+ 0x7f43b4cd5e58: both
+CND+ 0x7f43b4cd5f7d: not taken
+CND+ 0x7f43b4cd602c: not taken
+CND+ 0x7f43b4cd60c7: not taken
+CND+ 0x7f43b4cd60d0: both
+CND+ 0x7f43b4cd60d9: not taken
+CND+ 0x7f43b4cd65a7: both
+CND+ 0x7f43b4cd65ed: not taken
+CND+ 0x7f43b4cd65f2: taken
+CND+ 0x7f43b4cd6682: not taken
+CND+ 0x7f43b4cd66a1: not taken
+CND+ 0x7f43b4cd67bb: not taken
+CND+ 0x7f43b4cd6835: not taken
+CND+ 0x7f43b4cd6870: not taken
+CND+ 0x7f43b4cd688e: not taken
+CND+ 0x7f43b4cd689e: not taken
+CND+ 0x7f43b4cd69ca: both
+CND+ 0x7f43b4cd69ea: taken
+CND+ 0x7f43b4cd69f6: taken
+CND+ 0x7f43b4cd6a15: taken
+CND+ 0x7f43b4cd6a38: not taken
+CND+ 0x7f43b4cd6a48: taken
+CND+ 0x7f43b4cd6abb: not taken
+CND+ 0x7f43b4cd714f: not taken
+CND+ 0x7f43b4cd716f: not taken
+CND+ 0x7f43b4cd717e: taken
+CND+ 0x7f43b4cd7a5f: taken
+CND+ 0x7f43b4cd7b46: not taken
+CND+ 0x7f43b4cd7b50: taken
+CND+ 0x7f43b4cd7b69: taken
+CND+ 0x7f43b4cd7b93: taken
+CND+ 0x7f43b4cd7d2b: taken
+CND+ 0x7f43b4cd7e50: not taken
+CND+ 0x7f43b4cd8227: taken
+CND+ 0x7f43b4cd825f: not taken
+CND+ 0x7f43b4cd8278: taken
+CND+ 0x7f43b4cd82b9: not taken
+CND+ 0x7f43b4cd82d7: taken
+CND+ 0x7f43b4cd830b: taken
+CND+ 0x7f43b4cd8383: taken
+CND+ 0x7f43b4cd83e2: taken
+CND+ 0x7f43b4cd8456: taken
+CND+ 0x7f43b4cd8488: both
+CND+ 0x7f43b4cd848c: not taken
+CND+ 0x7f43b4cd8493: not taken
+CND+ 0x7f43b4cd8498: both
+CND+ 0x7f43b4cd84e0: not taken
+CND+ 0x7f43b4cd8512: not taken
+CND+ 0x7f43b4cd8519: taken
+CND+ 0x7f43b4cd8548: not taken
+CND+ 0x7f43b4cd854d: not taken
+CND+ 0x7f43b4cd85c9: not taken
+CND+ 0x7f43b4cd85d7: taken
+CND+ 0x7f43b4cd86f8: taken
+CND+ 0x7f43b4cd87b9: not taken
+CND+ 0x7f43b4cd8830: not taken
+CND+ 0x7f43b4cd8846: taken
+CND+ 0x7f43b4cd886e: not taken
+CND+ 0x7f43b4cd8b09: not taken
+CND+ 0x7f43b4cd8b13: not taken
+CND+ 0x7f43b4cd8c18: taken
+CND+ 0x7f43b4cd8c9d: not taken
+CND+ 0x7f43b4cd8dfa: taken
+CND+ 0x7f43b4cda946: both
+CND+ 0x7f43b4cda963: both
+CND+ 0x7f43b4cda968: not taken
+CND+ 0x7f43b4cda96e: not taken
+CND+ 0x7f43b4cda986: not taken
+CND+ 0x7f43b4cda98b: both
+CND+ 0x7f43b4cda99a: both
+CND+ 0x7f43b4cda99f: both
+CND+ 0x7f43b4cda9ac: both
+CND+ 0x7f43b4cda9b7: both
+CND+ 0x7f43b4cda9c4: not taken
+CND+ 0x7f43b4cdaa10: not taken
+CND+ 0x7f43b4cdaa15: taken
+CND+ 0x7f43b4cdaa2e: both
+CND+ 0x7f43b4cdaa32: both
+CND+ 0x7f43b4cdaa5c: both
+CND+ 0x7f43b4cdaadd: not taken
+CND+ 0x7f43b4cdaae2: not taken
+CND+ 0x7f43b4cdaafe: not taken
+CND+ 0x7f43b4cdab02: both
+CND+ 0x7f43b4cdab48: both
+CND+ 0x7f43b4cdab52: not taken
+CND+ 0x7f43b4cdab5c: not taken
+CND+ 0x7f43b4cdab65: both
+CND+ 0x7f43b4cdab6b: taken
+CND+ 0x7f43b4cdab75: not taken
+CND+ 0x7f43b4cdab95: not taken
+CND+ 0x7f43b4cdaba2: not taken
+CND+ 0x7f43b4cdabc4: not taken
+CND+ 0x7f43b4cdabce: not taken
+CND+ 0x7f43b4cdabf6: taken
+CND+ 0x7f43b4cdac24: taken
+CND+ 0x7f43b4cdace1: not taken
+CND+ 0x7f43b4cdacea: not taken
+CND+ 0x7f43b4cdacf3: not taken
+CND+ 0x7f43b4cdad25: not taken
+CND+ 0x7f43b4cdad53: not taken
+CND+ 0x7f43b4cdad5d: not taken
+CND+ 0x7f43b4cdaeb5: not taken
+CND+ 0x7f43b4cdaeba: not taken
+CND+ 0x7f43b4cdaed8: both
+CND+ 0x7f43b4cdaedc: taken
+CND+ 0x7f43b4cdaf0f: not taken
+CND+ 0x7f43b4cdaf15: not taken
+CND+ 0x7f43b4cdb46f: not taken
+CND+ 0x7f43b4cdb53d: not taken
+CND+ 0x7f43b4cdb547: not taken
+CND+ 0x7f43b4cdb605: not taken
+CND+ 0x7f43b4cdb60f: not taken
+CND+ 0x7f43b4cdb647: not taken
+CND+ 0x7f43b4cdb65e: not taken
+CND+ 0x7f43b4cdb7bd: taken
+CND+ 0x7f43b4cdb7d2: taken
+CND+ 0x7f43b4cdb7df: not taken
+CND+ 0x7f43b4cdb7e4: both
+CND+ 0x7f43b4cdb7fa: taken
+CND+ 0x7f43b4cdb856: not taken
+CND+ 0x7f43b4cdb85b: taken
+CND+ 0x7f43b4cdb87a: not taken
+CND+ 0x7f43b4cdb89a: not taken
+CND+ 0x7f43b4cdb8b7: not taken
+CND+ 0x7f43b4cdb8c5: not taken
+CND+ 0x7f43b4cdb8d4: taken
+CND+ 0x7f43b4cdbdf1: not taken
+CND+ 0x7f43b4cdbe0c: not taken
@0x7f43b4cdac19 to 0x7f43b4cce7d0 1
@0x7f43b4cdac19 to 0x7f43b4cd5120 1
@0x7f43b4cca050 to 0x7f43b8803a30 4
@0x7f43b4cca080 to 0x7f43b87a3330 2
@0x7f43b4cca090 to 0x7f43b8845710 1
@0x7f43b4cca0a0 to 0x7f43b881be70 5
@0x7f43b4cca0d0 to 0x7f43b87b6a20 7
@0x7f43b4cca0f0 to 0x7f43b88da800 4
@0x7f43b4cca130 to 0x7f43b88461e0 1
@0x7f43b4cca140 to 0x7f43b87bac10 1
@0x7f43b4cca150 to 0x7f43b8868800 4
@0x7f43b4cca160 to 0x7f43b8845230 1
@0x7f43b4cca190 to 0x7f43b88dabc0 8
@0x7f43b4cca1c0 to 0x7f43b8846200 1
@0x7f43b4cca1e0 to 0x7f43b88da5d0 1
@0x7f43b4cca220 to 0x7f43b8846210 2
@0x7f43b4cca230 to 0x7f43b8869b10 1
@0x7f43b4ccc16e to 0x7f43b4ccc1c0 1
@0x7f43b4cca280 to 0x7f43b88d5d10 11
@0x7f43b4cca2a0 to 0x7f43b87b6450 4
@0x7f43b4ccc1ac to 0x7f43b4ccce90 1
@0x7f43b4cca2d0 to 0x7f43b88d6100 9
@0x7f43b4cca320 to 0x7f43b87b70f0 4
@0x7f43b4cca330 to 0x7f43b88db100 6
@0x7f43b4cca350 to 0x7f43b8846220 1
@0x7f43b4cca370 to 0x7f43b8868800 2
@0x7f43b4cca390 to 0x7f43b88033e0 23
@0x7f43b4cca3b0 to 0x7f43b8846230 1
@0x7f43b4cca3c0 to 0x7f43b88d5e90 22
@0x7f43b4cca3e0 to 0x7f43b8886ba0 1
@0x7f43b4cca410 to 0x7f43b8803c80 1
@0x7f43b4cca460 to 0x7f43b88db0e0 13
@0x7f43b4cca510 to 0x7f43b88461f0 1
@0x7f43b4cca560 to 0x7f43b88454e0 1
@0x7f43b4cca570 to 0x7f43b87af580 191
@0x7f43b4cd5f91 to 0x7f43b4cd6075 1
@0x7f43b4cca784 to 0x7f43b87a2fb0 1
@0x7f43b4cdbe01 to 0x7f43b4cca840 1
@0x7f43b4cd855f to 0x7f43b4cd8580 1
@0x7f43b4cd855f to 0x7f43b4cd85c0 1
@0x7f43b4cd855f to 0x7f43b4cd85a8 2
@0x7f43b4cd68af to 0x7f43b4cd6a01 185
@0x7f43b4cd68af to 0x7f43b4cd69f0 10
@0x7f43b4cd68af to 0x7f43b4cd6a28 1
