MODULE_NAME: /bin/dash
MODULE_START: 0x7f3357af7000
+B+: 0x7f3357afb000 0x7f3357afb00f
+B+: 0x7f3357afb012 0x7f3357afb016
+B+: 0x7f3357afb050 0x7f3357afb055
+B+: 0x7f3357afb080 0x7f3357afb085
+B+: 0x7f3357afb090 0x7f3357afb095
+B+: 0x7f3357afb0a0 0x7f3357afb0a5
+B+: 0x7f3357afb0d0 0x7f3357afb0d5
+B+: 0x7f3357afb0f0 0x7f3357afb0f5
+B+: 0x7f3357afb130 0x7f3357afb135
+B+: 0x7f3357afb140 0x7f3357afb145
+B+: 0x7f3357afb150 0x7f3357afb155
+B+: 0x7f3357afb160 0x7f3357afb165
+B+: 0x7f3357afb190 0x7f3357afb195
+B+: 0x7f3357afb1c0 0x7f3357afb1c5
+B+: 0x7f3357afb1e0 0x7f3357afb1e5
+B+: 0x7f3357afb220 0x7f3357afb225
+B+: 0x7f3357afb230 0x7f3357afb235
+B+: 0x7f3357afb280 0x7f3357afb285
+B+: 0x7f3357afb2a0 0x7f3357afb2a5
+B+: 0x7f3357afb2d0 0x7f3357afb2d5
+B+: 0x7f3357afb320 0x7f3357afb325
+B+: 0x7f3357afb330 0x7f3357afb335
+B+: 0x7f3357afb350 0x7f3357afb355
+B+: 0x7f3357afb370 0x7f3357afb375
+B+: 0x7f3357afb390 0x7f3357afb395
+B+: 0x7f3357afb3b0 0x7f3357afb3b5
+B+: 0x7f3357afb3c0 0x7f3357afb3c5
+B+: 0x7f3357afb3e0 0x7f3357afb3e5
+B+: 0x7f3357afb410 0x7f3357afb415
+B+: 0x7f3357afb460 0x7f3357afb465
+B+: 0x7f3357afb510 0x7f3357afb515
+B+: 0x7f3357afb560 0x7f3357afb565
+B+: 0x7f3357afb570 0x7f3357afb575
+B+: 0x7f3357afb590 0x7f3357afb5b8
+B+: 0x7f3357afb5b9 0x7f3357afb5c4
+B+: 0x7f3357afb5c5 0x7f3357afb5cf
+B+: 0x7f3357afb5d0 0x7f3357afb5e7
+B+: 0x7f3357afb5e8 0x7f3357afb5ef
+B+: 0x7f3357afb5f0 0x7f3357afb600
+B+: 0x7f3357afb601 0x7f3357afb60b
+B+: 0x7f3357afb60c 0x7f3357afb615
+B+: 0x7f3357afb616 0x7f3357afb623
+B+: 0x7f3357afb624 0x7f3357afb62b
+B+: 0x7f3357afb62c 0x7f3357afb63c
+B+: 0x7f3357afb657 0x7f3357afb660
+B+: 0x7f3357afb661 0x7f3357afb678
+B+: 0x7f3357afb679 0x7f3357afb67f
+B+: 0x7f3357afb680 0x7f3357afb68c
+B+: 0x7f3357afb68d 0x7f3357afb696
+B+: 0x7f3357afb697 0x7f3357afb69b
+B+: 0x7f3357afb760 0x7f3357afb789
+B+: 0x7f3357afb7c0 0x7f3357afb7e3
+B+: 0x7f3357afb7f8 0x7f3357afb7f8
+B+: 0x7f3357afb840 0x7f3357afb844
+B+: 0x7f3357afb850 0x7f3357afb863
+B+: 0x7f3357afb864 0x7f3357afb86f
+B+: 0x7f3357afb870 0x7f3357afb87d
+B+: 0x7f3357afb87e 0x7f3357afb8aa
+B+: 0x7f3357afb8ab 0x7f3357afb8ac
+B+: 0x7f3357afb8cb 0x7f3357afb8d2
+B+: 0x7f3357afba50 0x7f3357afba57
+B+: 0x7f3357afba58 0x7f3357afba5e
+B+: 0x7f3357afba5f 0x7f3357afba63
+B+: 0x7f3357afba71 0x7f3357afba72
+B+: 0x7f3357afc6d0 0x7f3357afc6eb
+B+: 0x7f3357afc6ec 0x7f3357afc705
+B+: 0x7f3357afc717 0x7f3357afc71b
+B+: 0x7f3357afc71c 0x7f3357afc720
+B+: 0x7f3357afc72c 0x7f3357afc730
+B+: 0x7f3357afc73e 0x7f3357afc74d
+B+: 0x7f3357afc74e 0x7f3357afc757
+B+: 0x7f3357afc758 0x7f3357afc775
+B+: 0x7f3357afc780 0x7f3357afc788
+B+: 0x7f3357afc789 0x7f3357afc790
+B+: 0x7f3357afc791 0x7f3357afc79c
+B+: 0x7f3357afd060 0x7f3357afd07e
+B+: 0x7f3357afd10d 0x7f3357afd11c
+B+: 0x7f3357afd11d 0x7f3357afd123
+B+: 0x7f3357afd140 0x7f3357afd14a
+B+: 0x7f3357afd14b 0x7f3357afd152
+B+: 0x7f3357afd153 0x7f3357afd15d
+B+: 0x7f3357afd15e 0x7f3357afd16f
+B+: 0x7f3357afd188 0x7f3357afd18c
+B+: 0x7f3357afd18d 0x7f3357afd191
+B+: 0x7f3357afd192 0x7f3357afd19c
+B+: 0x7f3357afd1a7 0x7f3357afd1ad
+B+: 0x7f3357afd1ae 0x7f3357afd1b5
+B+: 0x7f3357afd1c0 0x7f3357afd1cf
+B+: 0x7f3357afdbc0 0x7f3357afdbfa
+B+: 0x7f3357afdbfb 0x7f3357afdc07
+B+: 0x7f3357afdc08 0x7f3357afdc0f
+B+: 0x7f3357afdc10 0x7f3357afdc11
+B+: 0x7f3357afdc18 0x7f3357afdc21
+B+: 0x7f3357afdc22 0x7f3357afdc2e
+B+: 0x7f3357afdc32 0x7f3357afdc39
+B+: 0x7f3357afdc3a 0x7f3357afdc49
+B+: 0x7f3357afdc4a 0x7f3357afdc51
+B+: 0x7f3357afdc52 0x7f3357afdc58
+B+: 0x7f3357afdc59 0x7f3357afdc60
+B+: 0x7f3357afdc61 0x7f3357afdc68
+B+: 0x7f3357afdc69 0x7f3357afdc6d
+B+: 0x7f3357afdc6e 0x7f3357afdc77
+B+: 0x7f3357afdc78 0x7f3357afdc89
+B+: 0x7f3357afdc8a 0x7f3357afdc98
+B+: 0x7f3357afde90 0x7f3357afded3
+B+: 0x7f3357afdedf 0x7f3357afdef5
+B+: 0x7f3357afdef6 0x7f3357afdefa
+B+: 0x7f3357afdefb 0x7f3357afdf5a
+B+: 0x7f3357afdf5b 0x7f3357afdf67
+B+: 0x7f3357afdf68 0x7f3357afdf77
+B+: 0x7f3357afdf78 0x7f3357afdf7f
+B+: 0x7f3357afdf80 0x7f3357afdf8b
+B+: 0x7f3357afdf8c 0x7f3357afdf94
+B+: 0x7f3357afdf95 0x7f3357afdf9b
+B+: 0x7f3357afdfa0 0x7f3357afdfaf
+B+: 0x7f3357afdfb0 0x7f3357afdfc5
+B+: 0x7f3357afdfc6 0x7f3357afdfcf
+B+: 0x7f3357afdfd0 0x7f3357afdfe3
+B+: 0x7f3357afdfe4 0x7f3357afdffc
+B+: 0x7f3357afe019 0x7f3357afe02b
+B+: 0x7f3357afe02c 0x7f3357afe034
+B+: 0x7f3357afe035 0x7f3357afe047
+B+: 0x7f3357afe048 0x7f3357afe05b
+B+: 0x7f3357afe0a8 0x7f3357afe0b4
+B+: 0x7f3357afe0b5 0x7f3357afe0b9
+B+: 0x7f3357afe0db 0x7f3357afe0e1
+B+: 0x7f3357afe0f0 0x7f3357afe103
+B+: 0x7f3357afe104 0x7f3357afe113
+B+: 0x7f3357afe114 0x7f3357afe11b
+B+: 0x7f3357afe11c 0x7f3357afe122
+B+: 0x7f3357afe123 0x7f3357afe152
+B+: 0x7f3357afe153 0x7f3357afe15f
+B+: 0x7f3357afe160 0x7f3357afe168
+B+: 0x7f3357afe216 0x7f3357afe21c
+B+: 0x7f3357afe224 0x7f3357afe22d
+B+: 0x7f3357afe22e 0x7f3357afe237
+B+: 0x7f3357afe238 0x7f3357afe241
+B+: 0x7f3357afe242 0x7f3357afe24b
+B+: 0x7f3357afe25d 0x7f3357afe266
+B+: 0x7f3357afe267 0x7f3357afe281
+B+: 0x7f3357afe282 0x7f3357afe293
+B+: 0x7f3357afe34c 0x7f3357afe353
+B+: 0x7f3357afe354 0x7f3357afe36f
+B+: 0x7f3357afe51b 0x7f3357afe525
+B+: 0x7f3357afe526 0x7f3357afe52e
+B+: 0x7f3357afe52f 0x7f3357afe537
+B+: 0x7f3357afe8d0 0x7f3357afe8ec
+B+: 0x7f3357afe8ed 0x7f3357afe8f1
+B+: 0x7f3357afe8f8 0x7f3357afe8fa
+B+: 0x7f3357afe8fb 0x7f3357afe907
+B+: 0x7f3357afe908 0x7f3357afe93e
+B+: 0x7f3357afe93f 0x7f3357afe940
+B+: 0x7f3357afe963 0x7f3357afe977
+B+: 0x7f3357afe980 0x7f3357afe986
+B+: 0x7f3357afe987 0x7f3357afe98e
+B+: 0x7f3357afe98f 0x7f3357afe997
+B+: 0x7f3357afe998 0x7f3357afe9ba
+B+: 0x7f3357afe9bb 0x7f3357afe9bc
+B+: 0x7f3357afe9c0 0x7f3357afe9e7
+B+: 0x7f3357afe9e8 0x7f3357afe9f7
+B+: 0x7f3357afea19 0x7f3357afea21
+B+: 0x7f3357afea22 0x7f3357afea2a
+B+: 0x7f3357afea2b 0x7f3357afea34
+B+: 0x7f3357afea35 0x7f3357afea3f
+B+: 0x7f3357afead0 0x7f3357afeae9
+B+: 0x7f3357afeaea 0x7f3357afeb00
+B+: 0x7f3357afeb10 0x7f3357afeb1f
+B+: 0x7f3357afeb20 0x7f3357afeb2b
+B+: 0x7f3357afeb2c 0x7f3357afeb31
+B+: 0x7f3357afeb32 0x7f3357afeb41
+B+: 0x7f3357afeb56 0x7f3357afeb61
+B+: 0x7f3357afeb62 0x7f3357afeb6f
+B+: 0x7f3357afeb70 0x7f3357afeb85
+B+: 0x7f3357afeb86 0x7f3357afeb97
+B+: 0x7f3357afeb98 0x7f3357afebc0
+B+: 0x7f3357afebc8 0x7f3357afebcc
+B+: 0x7f3357afebcd 0x7f3357afebea
+B+: 0x7f3357afed70 0x7f3357afed98
+B+: 0x7f3357afeda0 0x7f3357afeda1
+B+: 0x7f3357afeda2 0x7f3357afedaa
+B+: 0x7f3357afedab 0x7f3357afedc5
+B+: 0x7f3357afedc6 0x7f3357afedc9
+B+: 0x7f3357afedca 0x7f3357afedd1
+B+: 0x7f3357afedd2 0x7f3357afede6
+B+: 0x7f3357afedf0 0x7f3357afee2a
+B+: 0x7f3357afee2b 0x7f3357afee2f
+B+: 0x7f3357afee46 0x7f3357afee5c
+B+: 0x7f3357afee5d 0x7f3357afee6e
+B+: 0x7f3357afee90 0x7f3357afeead
+B+: 0x7f3357afeec8 0x7f3357afeed1
+B+: 0x7f3357afeed2 0x7f3357afeedd
+B+: 0x7f3357afef6c 0x7f3357afef8f
+B+: 0x7f3357afef90 0x7f3357afef9c
+B+: 0x7f3357afef9d 0x7f3357afefa8
+B+: 0x7f3357afefa9 0x7f3357afefb0
+B+: 0x7f3357afefb1 0x7f3357afefc5
+B+: 0x7f3357aff008 0x7f3357aff012
+B+: 0x7f3357aff013 0x7f3357aff01e
+B+: 0x7f3357aff01f 0x7f3357aff02e
+B+: 0x7f3357aff060 0x7f3357aff066
+B+: 0x7f3357aff067 0x7f3357aff074
+B+: 0x7f3357aff075 0x7f3357aff086
+B+: 0x7f3357aff087 0x7f3357aff08e
+B+: 0x7f3357aff08f 0x7f3357aff0a2
+B+: 0x7f3357aff0a3 0x7f3357aff0b0
+B+: 0x7f3357aff100 0x7f3357aff116
+B+: 0x7f3357aff145 0x7f3357aff14d
+B+: 0x7f3357aff14e 0x7f3357aff157
+B+: 0x7f3357aff160 0x7f3357aff166
+B+: 0x7f3357aff1c0 0x7f3357aff1d1
+B+: 0x7f3357aff1e8 0x7f3357aff1ef
+B+: 0x7f3357aff248 0x7f3357aff25b
+B+: 0x7f3357aff25c 0x7f3357aff271
+B+: 0x7f3357aff7d0 0x7f3357aff7ff
+B+: 0x7f3357aff80f 0x7f3357aff812
+B+: 0x7f3357aff813 0x7f3357aff81c
+B+: 0x7f3357aff81d 0x7f3357aff820
+B+: 0x7f3357aff821 0x7f3357aff82f
+B+: 0x7f3357aff830 0x7f3357aff83a
+B+: 0x7f3357aff84f 0x7f3357aff85a
+B+: 0x7f3357aff85f 0x7f3357aff862
+B+: 0x7f3357aff870 0x7f3357aff877
+B+: 0x7f3357aff878 0x7f3357aff88d
+B+: 0x7f3357b00440 0x7f3357b00464
+B+: 0x7f3357b0061e 0x7f3357b00627
+B+: 0x7f3357b00628 0x7f3357b00631
+B+: 0x7f3357b00632 0x7f3357b00659
+B+: 0x7f3357b006af 0x7f3357b006bc
+B+: 0x7f3357b006c0 0x7f3357b006cb
+B+: 0x7f3357b00730 0x7f3357b0073b
+B+: 0x7f3357b00740 0x7f3357b0075e
+B+: 0x7f3357b0075f 0x7f3357b00767
+B+: 0x7f3357b007d2 0x7f3357b007e3
+B+: 0x7f3357b008a0 0x7f3357b008a7
+B+: 0x7f3357b01260 0x7f3357b012a5
+B+: 0x7f3357b012b5 0x7f3357b012be
+B+: 0x7f3357b012bf 0x7f3357b012d2
+B+: 0x7f3357b012d3 0x7f3357b012fc
+B+: 0x7f3357b012fd 0x7f3357b01310
+B+: 0x7f3357b01324 0x7f3357b01328
+B+: 0x7f3357b01336 0x7f3357b0133f
+B+: 0x7f3357b01340 0x7f3357b01344
+B+: 0x7f3357b01370 0x7f3357b01386
+B+: 0x7f3357b01387 0x7f3357b01398
+B+: 0x7f3357b013a0 0x7f3357b013b6
+B+: 0x7f3357b013b7 0x7f3357b013d7
+B+: 0x7f3357b013dd 0x7f3357b013ec
+B+: 0x7f3357b01850 0x7f3357b01886
+B+: 0x7f3357b01887 0x7f3357b0189a
+B+: 0x7f3357b0189b 0x7f3357b018ad
+B+: 0x7f3357b018ae 0x7f3357b018c4
+B+: 0x7f3357b018c5 0x7f3357b018d7
+B+: 0x7f3357b018d8 0x7f3357b018e7
+B+: 0x7f3357b018e8 0x7f3357b0190c
+B+: 0x7f3357b0190d 0x7f3357b01915
+B+: 0x7f3357b01924 0x7f3357b01933
+B+: 0x7f3357b01934 0x7f3357b01947
+B+: 0x7f3357b01948 0x7f3357b01954
+B+: 0x7f3357b01955 0x7f3357b0195f
+B+: 0x7f3357b01960 0x7f3357b01964
+B+: 0x7f3357b01a6a 0x7f3357b01a7c
+B+: 0x7f3357b01a7d 0x7f3357b01a9c
+B+: 0x7f3357b01ba0 0x7f3357b01bad
+B+: 0x7f3357b01bae 0x7f3357b01be1
+B+: 0x7f3357b01bf0 0x7f3357b01bfb
+B+: 0x7f3357b01db0 0x7f3357b01dbd
+B+: 0x7f3357b01dbe 0x7f3357b01dca
+B+: 0x7f3357b01dcb 0x7f3357b01de3
+B+: 0x7f3357b01de8 0x7f3357b01df4
+B+: 0x7f3357b01df8 0x7f3357b01e04
+B+: 0x7f3357b01e05 0x7f3357b01e12
+B+: 0x7f3357b01e13 0x7f3357b01e1d
+B+: 0x7f3357b01eb4 0x7f3357b01ec1
+B+: 0x7f3357b02160 0x7f3357b02174
+B+: 0x7f3357b02175 0x7f3357b02187
+B+: 0x7f3357b02188 0x7f3357b021a2
+B+: 0x7f3357b021a3 0x7f3357b021ac
+B+: 0x7f3357b021ad 0x7f3357b021b3
+B+: 0x7f3357b021d0 0x7f3357b021e5
+B+: 0x7f3357b021eb 0x7f3357b021f3
+B+: 0x7f3357b02205 0x7f3357b0220b
+B+: 0x7f3357b0220c 0x7f3357b0221d
+B+: 0x7f3357b0221e 0x7f3357b02226
+B+: 0x7f3357b02227 0x7f3357b02230
+B+: 0x7f3357b02231 0x7f3357b02232
+B+: 0x7f3357b02240 0x7f3357b02248
+B+: 0x7f3357b02260 0x7f3357b02260
+B+: 0x7f3357b02520 0x7f3357b02534
+B+: 0x7f3357b02572 0x7f3357b02578
+B+: 0x7f3357b02580 0x7f3357b02583
+B+: 0x7f3357b02610 0x7f3357b02656
+B+: 0x7f3357b0265b 0x7f3357b02686
+B+: 0x7f3357b02687 0x7f3357b0269d
+B+: 0x7f3357b026fc 0x7f3357b02708
+B+: 0x7f3357b02709 0x7f3357b02711
+B+: 0x7f3357b02712 0x7f3357b0272a
+B+: 0x7f3357b0272b 0x7f3357b0273c
+B+: 0x7f3357b02740 0x7f3357b02747
+B+: 0x7f3357b02748 0x7f3357b0275f
+B+: 0x7f3357b02760 0x7f3357b02766
+B+: 0x7f3357b02767 0x7f3357b02780
+B+: 0x7f3357b02790 0x7f3357b02793
+B+: 0x7f3357b02794 0x7f3357b02798
+B+: 0x7f3357b027a2 0x7f3357b027aa
+B+: 0x7f3357b027ab 0x7f3357b027ae
+B+: 0x7f3357b027af 0x7f3357b027bd
+B+: 0x7f3357b027cb 0x7f3357b027d3
+B+: 0x7f3357b02825 0x7f3357b02841
+B+: 0x7f3357b02842 0x7f3357b0284d
+B+: 0x7f3357b0287e 0x7f3357b0288e
+B+: 0x7f3357b0288f 0x7f3357b028a0
+B+: 0x7f3357b028a1 0x7f3357b028ad
+B+: 0x7f3357b02c10 0x7f3357b02c30
+B+: 0x7f3357b02c31 0x7f3357b02c58
+B+: 0x7f3357b02c5e 0x7f3357b02c66
+B+: 0x7f3357b02c67 0x7f3357b02c6f
+B+: 0x7f3357b02c78 0x7f3357b02c87
+B+: 0x7f3357b02c88 0x7f3357b02c89
+B+: 0x7f3357b02ca0 0x7f3357b02caf
+B+: 0x7f3357b02cba 0x7f3357b02cc4
+B+: 0x7f3357b02ce0 0x7f3357b02ce8
+B+: 0x7f3357b03360 0x7f3357b0336b
+B+: 0x7f3357b03480 0x7f3357b03480
+B+: 0x7f3357b039c0 0x7f3357b039db
+B+: 0x7f3357b03a16 0x7f3357b03a32
+B+: 0x7f3357b03a33 0x7f3357b03a52
+B+: 0x7f3357b03a63 0x7f3357b03a6a
+B+: 0x7f3357b03a90 0x7f3357b03aa6
+B+: 0x7f3357b03aa7 0x7f3357b03aae
+B+: 0x7f3357b03aaf 0x7f3357b03ab6
+B+: 0x7f3357b03af6 0x7f3357b03b01
+B+: 0x7f3357b03b0c 0x7f3357b03b34
+B+: 0x7f3357b03b40 0x7f3357b03b57
+B+: 0x7f3357b03b58 0x7f3357b03b5f
+B+: 0x7f3357b03b60 0x7f3357b03b67
+B+: 0x7f3357b03b68 0x7f3357b03b70
+B+: 0x7f3357b03b71 0x7f3357b03b7a
+B+: 0x7f3357b03b7b 0x7f3357b03b80
+B+: 0x7f3357b03b97 0x7f3357b03b9c
+B+: 0x7f3357b03c0a 0x7f3357b03c3d
+B+: 0x7f3357b03c47 0x7f3357b03c53
+B+: 0x7f3357b03ed0 0x7f3357b03ede
+B+: 0x7f3357b03edf 0x7f3357b03ee7
+B+: 0x7f3357b03ee8 0x7f3357b03efc
+B+: 0x7f3357b03efd 0x7f3357b03f02
+B+: 0x7f3357b03f03 0x7f3357b03f1b
+B+: 0x7f3357b03f1c 0x7f3357b03f21
+B+: 0x7f3357b03f22 0x7f3357b03f2b
+B+: 0x7f3357b03fc0 0x7f3357b03fc7
+B+: 0x7f3357b03fc8 0x7f3357b03fd0
+B+: 0x7f3357b04760 0x7f3357b04768
+B+: 0x7f3357b04769 0x7f3357b0476d
+B+: 0x7f3357b0476e 0x7f3357b04772
+B+: 0x7f3357b04780 0x7f3357b04788
+B+: 0x7f3357b04789 0x7f3357b0478d
+B+: 0x7f3357b0478e 0x7f3357b04792
+B+: 0x7f3357b047c0 0x7f3357b047d9
+B+: 0x7f3357b047da 0x7f3357b047e6
+B+: 0x7f3357b047f7 0x7f3357b04802
+B+: 0x7f3357b04803 0x7f3357b0480b
+B+: 0x7f3357b0480c 0x7f3357b04841
+B+: 0x7f3357b04842 0x7f3357b0484b
+B+: 0x7f3357b0484c 0x7f3357b04852
+B+: 0x7f3357b04853 0x7f3357b04875
+B+: 0x7f3357b04880 0x7f3357b0488e
+B+: 0x7f3357b048b0 0x7f3357b048c8
+B+: 0x7f3357b04900 0x7f3357b04941
+B+: 0x7f3357b04950 0x7f3357b04966
+B+: 0x7f3357b04967 0x7f3357b0497e
+B+: 0x7f3357b0497f 0x7f3357b0498a
+B+: 0x7f3357b0498b 0x7f3357b049b3
+B+: 0x7f3357b049b4 0x7f3357b049bd
+B+: 0x7f3357b049be 0x7f3357b049bf
+B+: 0x7f3357b049d0 0x7f3357b049e8
+B+: 0x7f3357b049e9 0x7f3357b04a14
+B+: 0x7f3357b04a1e 0x7f3357b04a25
+B+: 0x7f3357b04a26 0x7f3357b04a33
+B+: 0x7f3357b04a34 0x7f3357b04a46
+B+: 0x7f3357b04ae0 0x7f3357b04afe
+B+: 0x7f3357b04aff 0x7f3357b04b0c
+B+: 0x7f3357b04b0d 0x7f3357b04b1b
+B+: 0x7f3357b04b1c 0x7f3357b04b2c
+B+: 0x7f3357b04b40 0x7f3357b04b62
+B+: 0x7f3357b04b98 0x7f3357b04ba9
+B+: 0x7f3357b056d0 0x7f3357b056f4
+B+: 0x7f3357b056f5 0x7f3357b0570d
+B+: 0x7f3357b0570e 0x7f3357b05712
+B+: 0x7f3357b05713 0x7f3357b0571e
+B+: 0x7f3357b0571f 0x7f3357b05723
+B+: 0x7f3357b05724 0x7f3357b05728
+B+: 0x7f3357b05729 0x7f3357b05730
+B+: 0x7f3357b0573c 0x7f3357b05749
+B+: 0x7f3357b0574a 0x7f3357b0574d
+B+: 0x7f3357b0574e 0x7f3357b05760
+B+: 0x7f3357b05761 0x7f3357b0576b
+B+: 0x7f3357b05790 0x7f3357b0579d
+B+: 0x7f3357b0579e 0x7f3357b057a5
+B+: 0x7f3357b057a6 0x7f3357b057a7
+B+: 0x7f3357b05890 0x7f3357b0589d
+B+: 0x7f3357b0589e 0x7f3357b058a9
+B+: 0x7f3357b058aa 0x7f3357b058bd
+B+: 0x7f3357b058c0 0x7f3357b058ca
+B+: 0x7f3357b058d0 0x7f3357b058ef
+B+: 0x7f3357b058f0 0x7f3357b058f4
+B+: 0x7f3357b058f5 0x7f3357b0590c
+B+: 0x7f3357b0590d 0x7f3357b05910
+B+: 0x7f3357b05911 0x7f3357b05912
+B+: 0x7f3357b05913 0x7f3357b0591b
+B+: 0x7f3357b0591c 0x7f3357b05930
+B+: 0x7f3357b05938 0x7f3357b0593c
+B+: 0x7f3357b05980 0x7f3357b0598f
+B+: 0x7f3357b05990 0x7f3357b0599b
+B+: 0x7f3357b0599c 0x7f3357b059ab
+B+: 0x7f3357b05a80 0x7f3357b05a93
+B+: 0x7f3357b05a94 0x7f3357b05aac
+B+: 0x7f3357b05aad 0x7f3357b05abf
+B+: 0x7f3357b05ac0 0x7f3357b05ada
+B+: 0x7f3357b05adb 0x7f3357b05ae3
+B+: 0x7f3357b05aec 0x7f3357b05af8
+B+: 0x7f3357b05af9 0x7f3357b05b02
+B+: 0x7f3357b05b03 0x7f3357b05b06
+B+: 0x7f3357b05b07 0x7f3357b05b1a
+B+: 0x7f3357b05c49 0x7f3357b05c55
+B+: 0x7f3357b05c56 0x7f3357b05c67
+B+: 0x7f3357b05c82 0x7f3357b05c93
+B+: 0x7f3357b05d77 0x7f3357b05d82
+B+: 0x7f3357b05da0 0x7f3357b05db2
+B+: 0x7f3357b05db3 0x7f3357b05ddf
+B+: 0x7f3357b05de0 0x7f3357b05deb
+B+: 0x7f3357b05dec 0x7f3357b05dfc
+B+: 0x7f3357b05dfd 0x7f3357b05e18
+B+: 0x7f3357b05e19 0x7f3357b05e25
+B+: 0x7f3357b05e26 0x7f3357b05e2e
+B+: 0x7f3357b05e2f 0x7f3357b05e3f
+B+: 0x7f3357b05e40 0x7f3357b05e44
+B+: 0x7f3357b05e45 0x7f3357b05e50
+B+: 0x7f3357b05e51 0x7f3357b05e5d
+B+: 0x7f3357b05e5e 0x7f3357b05e77
+B+: 0x7f3357b05ece 0x7f3357b05ed2
+B+: 0x7f3357b05ed3 0x7f3357b05ede
+B+: 0x7f3357b05ee0 0x7f3357b05eec
+B+: 0x7f3357b05f60 0x7f3357b05f7c
+B+: 0x7f3357b06120 0x7f3357b06128
+B+: 0x7f3357b06129 0x7f3357b06147
+B+: 0x7f3357b06750 0x7f3357b0675e
+B+: 0x7f3357b0675f 0x7f3357b06763
+B+: 0x7f3357b06764 0x7f3357b06770
+B+: 0x7f3357b06771 0x7f3357b06777
+B+: 0x7f3357b06778 0x7f3357b06783
+B+: 0x7f3357b06784 0x7f3357b06788
+B+: 0x7f3357b06789 0x7f3357b0678d
+B+: 0x7f3357b0678e 0x7f3357b06796
+B+: 0x7f3357b06797 0x7f3357b0679e
+B+: 0x7f3357b06890 0x7f3357b06892
+B+: 0x7f3357b068a7 0x7f3357b068ab
+B+: 0x7f3357b068ac 0x7f3357b068b2
+B+: 0x7f3357b068b3 0x7f3357b068b6
+B+: 0x7f3357b068d0 0x7f3357b068e1
+B+: 0x7f3357b068e2 0x7f3357b068e6
+B+: 0x7f3357b068e7 0x7f3357b068eb
+B+: 0x7f3357b068ec 0x7f3357b068f1
+B+: 0x7f3357b068f2 0x7f3357b068fa
+B+: 0x7f3357b068fb 0x7f3357b068fc
+B+: 0x7f3357b06940 0x7f3357b06948
+B+: 0x7f3357b06949 0x7f3357b06951
+B+: 0x7f3357b06980 0x7f3357b06988
+B+: 0x7f3357b06989 0x7f3357b0698a
+B+: 0x7f3357b0698b 0x7f3357b06991
+B+: 0x7f3357b06992 0x7f3357b069a2
+B+: 0x7f3357b069a8 0x7f3357b069ac
+B+: 0x7f3357b069eb 0x7f3357b06a00
+B+: 0x7f3357b06a08 0x7f3357b06a10
+B+: 0x7f3357b06af0 0x7f3357b06b11
+B+: 0x7f3357b06b12 0x7f3357b06b16
+B+: 0x7f3357b06b17 0x7f3357b06b1d
+B+: 0x7f3357b06b1e 0x7f3357b06b26
+B+: 0x7f3357b06b27 0x7f3357b06b34
+B+: 0x7f3357b06b35 0x7f3357b06b3c
+B+: 0x7f3357b06b3d 0x7f3357b06b49
+B+: 0x7f3357b06b4a 0x7f3357b06b5a
+B+: 0x7f3357b06b5b 0x7f3357b06b63
+B+: 0x7f3357b06b7f 0x7f3357b06b93
+B+: 0x7f3357b06b94 0x7f3357b06b9c
+B+: 0x7f3357b06be0 0x7f3357b06bf7
+B+: 0x7f3357b06bf8 0x7f3357b06c00
+B+: 0x7f3357b06c1b 0x7f3357b06c2b
+B+: 0x7f3357b06d40 0x7f3357b06d5e
+B+: 0x7f3357b06d5f 0x7f3357b06d6d
+B+: 0x7f3357b06d6e 0x7f3357b06d72
+B+: 0x7f3357b06d7d 0x7f3357b06d90
+B+: 0x7f3357b06d91 0x7f3357b06d95
+B+: 0x7f3357b06d96 0x7f3357b06d9a
+B+: 0x7f3357b06da0 0x7f3357b06da4
+B+: 0x7f3357b06dd5 0x7f3357b06dd9
+B+: 0x7f3357b06dda 0x7f3357b06dde
+B+: 0x7f3357b06df0 0x7f3357b06dfb
+B+: 0x7f3357b06dfc 0x7f3357b06e07
+B+: 0x7f3357b06e08 0x7f3357b06e10
+B+: 0x7f3357b06e2c 0x7f3357b06e30
+B+: 0x7f3357b06e31 0x7f3357b06e36
+B+: 0x7f3357b06e41 0x7f3357b06e45
+B+: 0x7f3357b06e46 0x7f3357b06e54
+B+: 0x7f3357b06e55 0x7f3357b06e5d
+B+: 0x7f3357b06e5e 0x7f3357b06e62
+B+: 0x7f3357b06e63 0x7f3357b06e74
+B+: 0x7f3357b06e78 0x7f3357b06e84
+B+: 0x7f3357b06ea0 0x7f3357b06ea4
+B+: 0x7f3357b06ef0 0x7f3357b06f03
+B+: 0x7f3357b06f40 0x7f3357b06f76
+B+: 0x7f3357b06f77 0x7f3357b06f82
+B+: 0x7f3357b06f83 0x7f3357b06f92
+B+: 0x7f3357b0701b 0x7f3357b07031
+B+: 0x7f3357b07032 0x7f3357b07040
+B+: 0x7f3357b07075 0x7f3357b070b8
+B+: 0x7f3357b070b9 0x7f3357b070c3
+B+: 0x7f3357b070c4 0x7f3357b070cc
+B+: 0x7f3357b070cd 0x7f3357b070d5
+B+: 0x7f3357b070d6 0x7f3357b070de
+B+: 0x7f3357b070df 0x7f3357b07106
+B+: 0x7f3357b07107 0x7f3357b07133
+B+: 0x7f3357b07578 0x7f3357b07581
+B+: 0x7f3357b07582 0x7f3357b075a8
+B+: 0x7f3357b075a9 0x7f3357b075b6
+B+: 0x7f3357b075d0 0x7f3357b075e0
+B+: 0x7f3357b075e1 0x7f3357b075ee
+B+: 0x7f3357b075ef 0x7f3357b075f3
+B+: 0x7f3357b07670 0x7f3357b0767e
+B+: 0x7f3357b0767f 0x7f3357b07683
+B+: 0x7f3357b07684 0x7f3357b07692
+B+: 0x7f3357b07693 0x7f3357b0769a
+B+: 0x7f3357b0769b 0x7f3357b076a2
+B+: 0x7f3357b076a3 0x7f3357b076b7
+B+: 0x7f3357b07790 0x7f3357b077bc
+B+: 0x7f3357b077bd 0x7f3357b077d4
+B+: 0x7f3357b077e0 0x7f3357b0783a
+B+: 0x7f3357b0783b 0x7f3357b07875
+B+: 0x7f3357b07876 0x7f3357b07893
+B+: 0x7f3357b07894 0x7f3357b078a3
+B+: 0x7f3357b078a4 0x7f3357b078b0
+B+: 0x7f3357b079b4 0x7f3357b079b8
+B+: 0x7f3357b079b9 0x7f3357b079cf
+B+: 0x7f3357b079d0 0x7f3357b079dc
+B+: 0x7f3357b079dd 0x7f3357b079ef
+B+: 0x7f3357b079f0 0x7f3357b079f7
+B+: 0x7f3357b07a01 0x7f3357b07a16
+B+: 0x7f3357b07a28 0x7f3357b07a3d
+B+: 0x7f3357b07a3e 0x7f3357b07a4d
+B+: 0x7f3357b07a79 0x7f3357b07a97
+B+: 0x7f3357b07a98 0x7f3357b07ac0
+B+: 0x7f3357b07ac1 0x7f3357b07acf
+B+: 0x7f3357b08148 0x7f3357b08154
+B+: 0x7f3357b08155 0x7f3357b08174
+B+: 0x7f3357b08175 0x7f3357b0817f
+B+: 0x7f3357b081ac 0x7f3357b081b0
+B+: 0x7f3357b081b1 0x7f3357b081b5
+B+: 0x7f3357b08a40 0x7f3357b08a64
+B+: 0x7f3357b08b10 0x7f3357b08b1a
+B+: 0x7f3357b08b40 0x7f3357b08b47
+B+: 0x7f3357b08b48 0x7f3357b08b51
+B+: 0x7f3357b08b58 0x7f3357b08b60
+B+: 0x7f3357b08b61 0x7f3357b08b6a
+B+: 0x7f3357b08b88 0x7f3357b08b8c
+B+: 0x7f3357b08b8d 0x7f3357b08b94
+B+: 0x7f3357b08ba0 0x7f3357b08ba4
+B+: 0x7f3357b08d00 0x7f3357b08d30
+B+: 0x7f3357b08e3f 0x7f3357b08e55
+B+: 0x7f3357b08e56 0x7f3357b08e67
+B+: 0x7f3357b091e0 0x7f3357b09222
+B+: 0x7f3357b09223 0x7f3357b09228
+B+: 0x7f3357b0924c 0x7f3357b09260
+B+: 0x7f3357b09261 0x7f3357b09269
+B+: 0x7f3357b09270 0x7f3357b09279
+B+: 0x7f3357b09288 0x7f3357b092a0
+B+: 0x7f3357b092a1 0x7f3357b092ba
+B+: 0x7f3357b092bb 0x7f3357b092bc
+B+: 0x7f3357b092d0 0x7f3357b092d8
+B+: 0x7f3357b092f8 0x7f3357b092f8
+B+: 0x7f3357b09300 0x7f3357b0930c
+B+: 0x7f3357b0933f 0x7f3357b09343
+B+: 0x7f3357b09380 0x7f3357b09384
+B+: 0x7f3357b093d0 0x7f3357b093e3
+B+: 0x7f3357b09400 0x7f3357b09400
+B+: 0x7f3357b09420 0x7f3357b0945b
+B+: 0x7f3357b09467 0x7f3357b09471
+B+: 0x7f3357b09472 0x7f3357b09489
+B+: 0x7f3357b0948a 0x7f3357b0948d
+B+: 0x7f3357b0948e 0x7f3357b09494
+B+: 0x7f3357b09495 0x7f3357b0949d
+B+: 0x7f3357b0949e 0x7f3357b094a9
+B+: 0x7f3357b094aa 0x7f3357b094c2
+B+: 0x7f3357b094c3 0x7f3357b094ce
+B+: 0x7f3357b094cf 0x7f3357b094e5
+B+: 0x7f3357b094e6 0x7f3357b094f5
+B+: 0x7f3357b09500 0x7f3357b0950e
+B+: 0x7f3357b0950f 0x7f3357b09513
+B+: 0x7f3357b09514 0x7f3357b0951e
+B+: 0x7f3357b09540 0x7f3357b09549
+B+: 0x7f3357b0954a 0x7f3357b0954e
+B+: 0x7f3357b0954f 0x7f3357b09560
+B+: 0x7f3357b09568 0x7f3357b09577
+B+: 0x7f3357b09580 0x7f3357b09589
+B+: 0x7f3357b095a8 0x7f3357b095bb
+B+: 0x7f3357b095c0 0x7f3357b095ce
+B+: 0x7f3357b095cf 0x7f3357b095dc
+B+: 0x7f3357b096f0 0x7f3357b096fd
+B+: 0x7f3357b097a0 0x7f3357b097a0
+B+: 0x7f3357b097b0 0x7f3357b097ba
+B+: 0x7f3357b097bb 0x7f3357b097ce
+B+: 0x7f3357b097cf 0x7f3357b097d8
+B+: 0x7f3357b097d9 0x7f3357b097e6
+B+: 0x7f3357b09800 0x7f3357b0982d
+B+: 0x7f3357b0982e 0x7f3357b09831
+B+: 0x7f3357b09832 0x7f3357b09847
+B+: 0x7f3357b09864 0x7f3357b0986b
+B+: 0x7f3357b0986c 0x7f3357b0986f
+B+: 0x7f3357b09870 0x7f3357b09876
+B+: 0x7f3357b09877 0x7f3357b0987b
+B+: 0x7f3357b0987c 0x7f3357b09886
+B+: 0x7f3357b09ae0 0x7f3357b09b01
+B+: 0x7f3357b09b02 0x7f3357b09b0a
+B+: 0x7f3357b09b0b 0x7f3357b09b14
+B+: 0x7f3357b09b15 0x7f3357b09b19
+B+: 0x7f3357b09c00 0x7f3357b09c19
+B+: 0x7f3357b09c51 0x7f3357b09c8e
+B+: 0x7f3357b09c8f 0x7f3357b09c9e
+B+: 0x7f3357b09c9f 0x7f3357b09ca6
+B+: 0x7f3357b09df0 0x7f3357b09dfb
+B+: 0x7f3357b09e20 0x7f3357b09e20
+B+: 0x7f3357b09e30 0x7f3357b09e38
+B+: 0x7f3357b0b940 0x7f3357b0b94b
+B+: 0x7f3357b0b94c 0x7f3357b0b957
+B+: 0x7f3357b0b958 0x7f3357b0b964
+B+: 0x7f3357b0b965 0x7f3357b0b969
+B+: 0x7f3357b0b96a 0x7f3357b0b96f
+B+: 0x7f3357b0b970 0x7f3357b0b976
+B+: 0x7f3357b0b980 0x7f3357b0b987
+B+: 0x7f3357b0b988 0x7f3357b0b98c
+B+: 0x7f3357b0b98d 0x7f3357b0b99b
+B+: 0x7f3357b0b99c 0x7f3357b0b9a0
+B+: 0x7f3357b0b9a1 0x7f3357b0b9a8
+B+: 0x7f3357b0b9a9 0x7f3357b0b9ad
+B+: 0x7f3357b0b9ae 0x7f3357b0b9b8
+B+: 0x7f3357b0b9b9 0x7f3357b0b9b9
+B+: 0x7f3357b0b9c0 0x7f3357b0b9c5
+B+: 0x7f3357b0b9c6 0x7f3357b0b9c9
+B+: 0x7f3357b0b9d0 0x7f3357b0b9d0
+B+: 0x7f3357b0b9d1 0x7f3357b0b9d5
+B+: 0x7f3357b0b9d6 0x7f3357b0b9d9
+B+: 0x7f3357b0b9e0 0x7f3357b0b9ff
+B+: 0x7f3357b0ba00 0x7f3357b0ba11
+B+: 0x7f3357b0ba12 0x7f3357b0ba16
+B+: 0x7f3357b0ba20 0x7f3357b0ba22
+B+: 0x7f3357b0ba23 0x7f3357b0ba2f
+B+: 0x7f3357b0ba30 0x7f3357b0ba33
+B+: 0x7f3357b0ba34 0x7f3357b0ba5d
+B+: 0x7f3357b0ba5e 0x7f3357b0ba62
+B+: 0x7f3357b0ba63 0x7f3357b0ba82
+B+: 0x7f3357b0bac0 0x7f3357b0bade
+B+: 0x7f3357b0badf 0x7f3357b0bae3
+B+: 0x7f3357b0bae4 0x7f3357b0bae8
+B+: 0x7f3357b0baf0 0x7f3357b0baf2
+B+: 0x7f3357b0baf3 0x7f3357b0baff
+B+: 0x7f3357b0bb00 0x7f3357b0bb03
+B+: 0x7f3357b0bb04 0x7f3357b0bb3e
+B+: 0x7f3357b0bb3f 0x7f3357b0bb49
+B+: 0x7f3357b0bb4a 0x7f3357b0bb57
+B+: 0x7f3357b0bb58 0x7f3357b0bb5d
+B+: 0x7f3357b0bb5e 0x7f3357b0bb66
+B+: 0x7f3357b0bb67 0x7f3357b0bb70
+B+: 0x7f3357b0bb71 0x7f3357b0bb7a
+B+: 0x7f3357b0bb7b 0x7f3357b0bb9a
+B+: 0x7f3357b0bb9b 0x7f3357b0bba3
+B+: 0x7f3357b0bba4 0x7f3357b0bbbd
+B+: 0x7f3357b0bbc0 0x7f3357b0bbc5
+B+: 0x7f3357b0bbc6 0x7f3357b0bbcf
+B+: 0x7f3357b0bbd0 0x7f3357b0bbd9
+B+: 0x7f3357b0bbda 0x7f3357b0bbf7
+B+: 0x7f3357b0bc08 0x7f3357b0bc14
+B+: 0x7f3357b0bc15 0x7f3357b0bc1b
+B+: 0x7f3357b0bc1c 0x7f3357b0bc29
+B+: 0x7f3357b0bcb0 0x7f3357b0bcca
+B+: 0x7f3357b0bccb 0x7f3357b0bcda
+B+: 0x7f3357b0bcdb 0x7f3357b0bce6
+B+: 0x7f3357b0bce7 0x7f3357b0bcef
+B+: 0x7f3357b0bcf0 0x7f3357b0bcf4
+B+: 0x7f3357b0bcf5 0x7f3357b0bcfc
+B+: 0x7f3357b0bcfd 0x7f3357b0bd10
+B+: 0x7f3357b0bd11 0x7f3357b0bd21
+B+: 0x7f3357b0bd22 0x7f3357b0bd26
+B+: 0x7f3357b0bd27 0x7f3357b0bd38
+B+: 0x7f3357b0bd39 0x7f3357b0bd4b
+B+: 0x7f3357b0bd4c 0x7f3357b0bd54
+B+: 0x7f3357b0bd55 0x7f3357b0bd5e
+B+: 0x7f3357b0bd5f 0x7f3357b0bd6d
+B+: 0x7f3357b0bea0 0x7f3357b0beb6
+B+: 0x7f3357b0beb7 0x7f3357b0bebb
+B+: 0x7f3357b0bebc 0x7f3357b0bec0
+B+: 0x7f3357b0bec8 0x7f3357b0becb
+B+: 0x7f3357b0becc 0x7f3357b0bed9
+B+: 0x7f3357b0beda 0x7f3357b0bedd
+B+: 0x7f3357b0bede 0x7f3357b0bf06
+B+: 0x7f3357b0bf07 0x7f3357b0bf10
+B+: 0x7f3357b0bf11 0x7f3357b0bf16
+B+: 0x7f3357b0bf17 0x7f3357b0bf24
+B+: 0x7f3357b0bf25 0x7f3357b0bf2d
+B+: 0x7f3357b0c440 0x7f3357b0c46b
+B+: 0x7f3357b0c46c 0x7f3357b0c470
+B+: 0x7f3357b0c471 0x7f3357b0c475
+B+: 0x7f3357b0c536 0x7f3357b0c53e
+B+: 0x7f3357b0c53f 0x7f3357b0c548
+B+: 0x7f3357b0c549 0x7f3357b0c551
+B+: 0x7f3357b0c5d0 0x7f3357b0c5e4
+B+: 0x7f3357b0c5e5 0x7f3357b0c606
+B+: 0x7f3357b0c607 0x7f3357b0c610
+B+: 0x7f3357b0c611 0x7f3357b0c618
+B+: 0x7f3357b0c640 0x7f3357b0c648
+B+: 0x7f3357b0c649 0x7f3357b0c656
+B+: 0x7f3357b0c657 0x7f3357b0c65f
+B+: 0x7f3357b0c660 0x7f3357b0c661
+B+: 0x7f3357b0c760 0x7f3357b0c7aa
+B+: 0x7f3357b0c7ab 0x7f3357b0c7af
+B+: 0x7f3357b0c7b0 0x7f3357b0c7be
+B+: 0x7f3357b0c7c8 0x7f3357b0c7d3
+B+: 0x7f3357b0c7d4 0x7f3357b0c7d8
+B+: 0x7f3357b0c7d9 0x7f3357b0c7e0
+B+: 0x7f3357b0c7e1 0x7f3357b0c7e5
+B+: 0x7f3357b0c7e6 0x7f3357b0c7f3
+B+: 0x7f3357b0c7f4 0x7f3357b0c7fb
+B+: 0x7f3357b0c800 0x7f3357b0c810
+B+: 0x7f3357b0c811 0x7f3357b0c815
+B+: 0x7f3357b0c816 0x7f3357b0c832
+B+: 0x7f3357b0c833 0x7f3357b0c843
+B+: 0x7f3357b0c844 0x7f3357b0c84f
+B+: 0x7f3357b0c850 0x7f3357b0c857
+B+: 0x7f3357b0c858 0x7f3357b0c85c
+B+: 0x7f3357b0c85d 0x7f3357b0c868
+B+: 0x7f3357b0c869 0x7f3357b0c87b
+B+: 0x7f3357b0c87c 0x7f3357b0c884
+B+: 0x7f3357b0c888 0x7f3357b0c897
+B+: 0x7f3357b0c898 0x7f3357b0c89b
+B+: 0x7f3357b0c89c 0x7f3357b0c8b4
+B+: 0x7f3357b0c8b5 0x7f3357b0c8b8
+B+: 0x7f3357b0c8b9 0x7f3357b0c8c6
+B+: 0x7f3357b0c8c7 0x7f3357b0c8d5
+B+: 0x7f3357b0cdc0 0x7f3357b0cdec
+B+: 0x7f3357b0cded 0x7f3357b0cdf2
+B+: 0x7f3357b0cdf3 0x7f3357b0ce04
+B+: 0x7f3357b0ce05 0x7f3357b0ce0d
+B+: 0x7f3357b0ce0e 0x7f3357b0ce1c
+CND+ 0x7f3357afb00e: taken
+CND+ 0x7f3357afb5ea: not taken
+CND+ 0x7f3357afb626: not taken
+CND+ 0x7f3357afb63b: taken
+CND+ 0x7f3357afb673: not taken
+CND+ 0x7f3357afb687: not taken
+CND+ 0x7f3357afb695: not taken
+CND+ 0x7f3357afb7e2: taken
+CND+ 0x7f3357afb862: not taken
+CND+ 0x7f3357afb87c: both
+CND+ 0x7f3357afb8a9: not taken
+CND+ 0x7f3357afba5d: not taken
+CND+ 0x7f3357afba62: taken
+CND+ 0x7f3357afc6e6: not taken
+CND+ 0x7f3357afc704: taken
+CND+ 0x7f3357afc71a: not taken
+CND+ 0x7f3357afc71f: taken
+CND+ 0x7f3357afc72f: taken
+CND+ 0x7f3357afc74c: not taken
+CND+ 0x7f3357afc756: not taken
+CND+ 0x7f3357afc78f: not taken
+CND+ 0x7f3357afc79b: taken
+CND+ 0x7f3357afd079: taken
+CND+ 0x7f3357afd11b: not taken
+CND+ 0x7f3357afd149: not taken
+CND+ 0x7f3357afd158: not taken
+CND+ 0x7f3357afd190: not taken
+CND+ 0x7f3357afd1ce: taken
+CND+ 0x7f3357afdc20: not taken
+CND+ 0x7f3357afdc2d: taken
+CND+ 0x7f3357afdc48: not taken
+CND+ 0x7f3357afdc5f: both
+CND+ 0x7f3357afdc88: not taken
+CND+ 0x7f3357afded2: taken
+CND+ 0x7f3357afdf55: not taken
+CND+ 0x7f3357afdf7e: not taken
+CND+ 0x7f3357afdf8a: not taken
+CND+ 0x7f3357afdf93: both
+CND+ 0x7f3357afdfc4: not taken
+CND+ 0x7f3357afdfe2: both
+CND+ 0x7f3357afdffb: taken
+CND+ 0x7f3357afe05a: taken
+CND+ 0x7f3357afe0af: not taken
+CND+ 0x7f3357afe0b8: taken
+CND+ 0x7f3357afe0e0: taken
+CND+ 0x7f3357afe116: not taken
+CND+ 0x7f3357afe15a: not taken
+CND+ 0x7f3357afe163: taken
+CND+ 0x7f3357afe21b: taken
+CND+ 0x7f3357afe24a: taken
+CND+ 0x7f3357afe27c: not taken
+CND+ 0x7f3357afe36a: taken
+CND+ 0x7f3357afe520: not taken
+CND+ 0x7f3357afe529: not taken
+CND+ 0x7f3357afe532: taken
+CND+ 0x7f3357afe8eb: not taken
+CND+ 0x7f3357afe906: both
+CND+ 0x7f3357afe93d: not taken
+CND+ 0x7f3357afe985: both
+CND+ 0x7f3357afe9f6: taken
+CND+ 0x7f3357afea20: both
+CND+ 0x7f3357afea29: not taken
+CND+ 0x7f3357afea33: not taken
+CND+ 0x7f3357afeae4: not taken
+CND+ 0x7f3357afeafb: taken
+CND+ 0x7f3357afeb2a: both
+CND+ 0x7f3357afeb30: both
+CND+ 0x7f3357afeb40: taken
+CND+ 0x7f3357afeb60: not taken
+CND+ 0x7f3357afeb96: not taken
+CND+ 0x7f3357afebe5: taken
+CND+ 0x7f3357afeda0: not taken
+CND+ 0x7f3357afeda9: not taken
+CND+ 0x7f3357afedc8: both
+CND+ 0x7f3357afedd0: both
+CND+ 0x7f3357afee2e: taken
+CND+ 0x7f3357afee57: not taken
+CND+ 0x7f3357afeeac: taken
+CND+ 0x7f3357afeed8: taken
+CND+ 0x7f3357afefa3: not taken
+CND+ 0x7f3357afefc0: taken
+CND+ 0x7f3357aff019: not taken
+CND+ 0x7f3357aff065: not taken
+CND+ 0x7f3357aff06f: not taken
+CND+ 0x7f3357aff089: both
+CND+ 0x7f3357aff09d: not taken
+CND+ 0x7f3357aff0ab: taken
+CND+ 0x7f3357aff14c: not taken
+CND+ 0x7f3357aff156: taken
+CND+ 0x7f3357aff1cc: taken
+CND+ 0x7f3357aff1ee: taken
+CND+ 0x7f3357aff811: both
+CND+ 0x7f3357aff81b: not taken
+CND+ 0x7f3357aff81f: not taken
+CND+ 0x7f3357aff839: taken
+CND+ 0x7f3357aff859: taken
+CND+ 0x7f3357aff861: taken
+CND+ 0x7f3357b0045f: taken
+CND+ 0x7f3357b00626: not taken
+CND+ 0x7f3357b006ca: taken
+CND+ 0x7f3357b00762: taken
+CND+ 0x7f3357b012a4: taken
+CND+ 0x7f3357b012bd: not taken
+CND+ 0x7f3357b012cd: not taken
+CND+ 0x7f3357b0130f: taken
+CND+ 0x7f3357b01327: taken
+CND+ 0x7f3357b0133a: not taken
+CND+ 0x7f3357b01343: taken
+CND+ 0x7f3357b01381: not taken
+CND+ 0x7f3357b013d6: taken
+CND+ 0x7f3357b013e7: taken
+CND+ 0x7f3357b01895: not taken
+CND+ 0x7f3357b018a8: not taken
+CND+ 0x7f3357b018d2: not taken
+CND+ 0x7f3357b01907: not taken
+CND+ 0x7f3357b01942: taken
+CND+ 0x7f3357b01953: not taken
+CND+ 0x7f3357b01963: taken
+CND+ 0x7f3357b01a7b: not taken
+CND+ 0x7f3357b01dbc: both
+CND+ 0x7f3357b01dc9: both
+CND+ 0x7f3357b01e03: not taken
+CND+ 0x7f3357b01e0d: not taken
+CND+ 0x7f3357b01e18: taken
+CND+ 0x7f3357b021a1: not taken
+CND+ 0x7f3357b021ab: not taken
+CND+ 0x7f3357b021e4: taken
+CND+ 0x7f3357b021f2: taken
+CND+ 0x7f3357b0220a: not taken
+CND+ 0x7f3357b02225: not taken
+CND+ 0x7f3357b0222f: not taken
+CND+ 0x7f3357b02247: taken
+CND+ 0x7f3357b02533: taken
+CND+ 0x7f3357b02582: taken
+CND+ 0x7f3357b02655: taken
+CND+ 0x7f3357b02698: taken
+CND+ 0x7f3357b02703: not taken
+CND+ 0x7f3357b0270c: taken
+CND+ 0x7f3357b02725: not taken
+CND+ 0x7f3357b02742: not taken
+CND+ 0x7f3357b0275a: not taken
+CND+ 0x7f3357b02765: not taken
+CND+ 0x7f3357b02792: not taken
+CND+ 0x7f3357b02797: taken
+CND+ 0x7f3357b027a9: taken
+CND+ 0x7f3357b027ad: not taken
+CND+ 0x7f3357b027bc: taken
+CND+ 0x7f3357b027ce: taken
+CND+ 0x7f3357b02848: taken
+CND+ 0x7f3357b02889: not taken
+CND+ 0x7f3357b0289b: not taken
+CND+ 0x7f3357b028a8: taken
+CND+ 0x7f3357b02c2f: not taken
+CND+ 0x7f3357b02c57: taken
+CND+ 0x7f3357b02c65: not taken
+CND+ 0x7f3357b02c6e: taken
+CND+ 0x7f3357b02c86: not taken
+CND+ 0x7f3357b02cae: taken
+CND+ 0x7f3357b03366: taken
+CND+ 0x7f3357b039d6: taken
+CND+ 0x7f3357b03a31: not taken
+CND+ 0x7f3357b03a51: taken
+CND+ 0x7f3357b03aad: not taken
+CND+ 0x7f3357b03ab5: taken
+CND+ 0x7f3357b03b00: taken
+CND+ 0x7f3357b03b5a: not taken
+CND+ 0x7f3357b03b62: not taken
+CND+ 0x7f3357b03b6b: not taken
+CND+ 0x7f3357b03b75: not taken
+CND+ 0x7f3357b03b7f: taken
+CND+ 0x7f3357b03b9b: taken
+CND+ 0x7f3357b03c3c: taken
+CND+ 0x7f3357b03ed9: not taken
+CND+ 0x7f3357b03ee6: not taken
+CND+ 0x7f3357b03f01: not taken
+CND+ 0x7f3357b03f1a: not taken
+CND+ 0x7f3357b03f20: not taken
+CND+ 0x7f3357b03f26: taken
+CND+ 0x7f3357b0476c: not taken
+CND+ 0x7f3357b0478c: not taken
+CND+ 0x7f3357b047d8: both
+CND+ 0x7f3357b047e1: taken
+CND+ 0x7f3357b04806: not taken
+CND+ 0x7f3357b04840: not taken
+CND+ 0x7f3357b0484a: not taken
+CND+ 0x7f3357b04965: both
+CND+ 0x7f3357b04989: not taken
+CND+ 0x7f3357b049b2: not taken
+CND+ 0x7f3357b049bc: not taken
+CND+ 0x7f3357b049e3: not taken
+CND+ 0x7f3357b04a13: taken
+CND+ 0x7f3357b04afd: not taken
+CND+ 0x7f3357b04b1a: not taken
+CND+ 0x7f3357b04b61: taken
+CND+ 0x7f3357b05711: not taken
+CND+ 0x7f3357b0571d: not taken
+CND+ 0x7f3357b05722: not taken
+CND+ 0x7f3357b05748: not taken
+CND+ 0x7f3357b0574c: not taken
+CND+ 0x7f3357b0575f: not taken
+CND+ 0x7f3357b057a4: not taken
+CND+ 0x7f3357b058f3: both
+CND+ 0x7f3357b0590f: both
+CND+ 0x7f3357b05911: not taken
+CND+ 0x7f3357b0591a: taken
+CND+ 0x7f3357b05a92: not taken
+CND+ 0x7f3357b05aba: not taken
+CND+ 0x7f3357b05ad5: both
+CND+ 0x7f3357b05ade: taken
+CND+ 0x7f3357b05af7: not taken
+CND+ 0x7f3357b05b01: not taken
+CND+ 0x7f3357b05b05: not taken
+CND+ 0x7f3357b05b19: taken
+CND+ 0x7f3357b05c50: not taken
+CND+ 0x7f3357b05c62: taken
+CND+ 0x7f3357b05db1: not taken
+CND+ 0x7f3357b05dea: both
+CND+ 0x7f3357b05e13: not taken
+CND+ 0x7f3357b05e20: taken
+CND+ 0x7f3357b05e2d: not taken
+CND+ 0x7f3357b05e43: not taken
+CND+ 0x7f3357b05e4f: both
+CND+ 0x7f3357b05e58: not taken
+CND+ 0x7f3357b05e72: taken
+CND+ 0x7f3357b05ee7: taken
+CND+ 0x7f3357b0675d: both
+CND+ 0x7f3357b0676f: not taken
+CND+ 0x7f3357b06782: both
+CND+ 0x7f3357b06787: both
+CND+ 0x7f3357b06795: both
+CND+ 0x7f3357b068b1: not taken
+CND+ 0x7f3357b068dc: not taken
+CND+ 0x7f3357b068ea: not taken
+CND+ 0x7f3357b068ec: both
+CND+ 0x7f3357b068f5: not taken
+CND+ 0x7f3357b068fb: taken
+CND+ 0x7f3357b06943: not taken
+CND+ 0x7f3357b0694c: taken
+CND+ 0x7f3357b06983: not taken
+CND+ 0x7f3357b06989: both
+CND+ 0x7f3357b06990: not taken
+CND+ 0x7f3357b069ab: taken
+CND+ 0x7f3357b06a0b: taken
+CND+ 0x7f3357b06b10: both
+CND+ 0x7f3357b06b1c: not taken
+CND+ 0x7f3357b06b21: both
+CND+ 0x7f3357b06b2f: not taken
+CND+ 0x7f3357b06b37: both
+CND+ 0x7f3357b06b44: both
+CND+ 0x7f3357b06b5e: taken
+CND+ 0x7f3357b06b92: both
+CND+ 0x7f3357b06b9b: taken
+CND+ 0x7f3357b06bfb: taken
+CND+ 0x7f3357b06d68: both
+CND+ 0x7f3357b06d71: taken
+CND+ 0x7f3357b06d8b: not taken
+CND+ 0x7f3357b06da3: taken
+CND+ 0x7f3357b06ddd: taken
+CND+ 0x7f3357b06e02: not taken
+CND+ 0x7f3357b06e0b: taken
+CND+ 0x7f3357b06e2f: not taken
+CND+ 0x7f3357b06e35: taken
+CND+ 0x7f3357b06e4f: not taken
+CND+ 0x7f3357b06e58: both
+CND+ 0x7f3357b06f7d: not taken
+CND+ 0x7f3357b0702c: not taken
+CND+ 0x7f3357b070c7: not taken
+CND+ 0x7f3357b070d0: both
+CND+ 0x7f3357b070d9: not taken
+CND+ 0x7f3357b075a7: both
+CND+ 0x7f3357b075ed: not taken
+CND+ 0x7f3357b075f2: taken
+CND+ 0x7f3357b07682: not taken
+CND+ 0x7f3357b076a1: not taken
+CND+ 0x7f3357b077bb: not taken
+CND+ 0x7f3357b07835: not taken
+CND+ 0x7f3357b07870: not taken
+CND+ 0x7f3357b0788e: not taken
+CND+ 0x7f3357b0789e: not taken
+CND+ 0x7f3357b079ca: both
+CND+ 0x7f3357b079ea: taken
+CND+ 0x7f3357b079f6: taken
+CND+ 0x7f3357b07a15: taken
+CND+ 0x7f3357b07a38: not taken
+CND+ 0x7f3357b07a48: taken
+CND+ 0x7f3357b07abb: not taken
+CND+ 0x7f3357b0814f: not taken
+CND+ 0x7f3357b0816f: not taken
+CND+ 0x7f3357b0817e: taken
+CND+ 0x7f3357b08a5f: taken
+CND+ 0x7f3357b08b46: not taken
+CND+ 0x7f3357b08b50: taken
+CND+ 0x7f3357b08b69: taken
+CND+ 0x7f3357b08b93: taken
+CND+ 0x7f3357b08d2b: taken
+CND+ 0x7f3357b08e50: not taken
+CND+ 0x7f3357b09227: taken
+CND+ 0x7f3357b0925f: not taken
+CND+ 0x7f3357b09278: taken
+CND+ 0x7f3357b092b9: not taken
+CND+ 0x7f3357b092d7: taken
+CND+ 0x7f3357b0930b: taken
+CND+ 0x7f3357b09383: taken
+CND+ 0x7f3357b093e2: taken
+CND+ 0x7f3357b09456: taken
+CND+ 0x7f3357b09488: both
+CND+ 0x7f3357b0948c: not taken
+CND+ 0x7f3357b09493: not taken
+CND+ 0x7f3357b09498: both
+CND+ 0x7f3357b094e0: not taken
+CND+ 0x7f3357b09512: not taken
+CND+ 0x7f3357b09519: taken
+CND+ 0x7f3357b09548: not taken
+CND+ 0x7f3357b0954d: not taken
+CND+ 0x7f3357b095c9: not taken
+CND+ 0x7f3357b095d7: taken
+CND+ 0x7f3357b096f8: taken
+CND+ 0x7f3357b097b9: not taken
+CND+ 0x7f3357b09830: not taken
+CND+ 0x7f3357b09846: taken
+CND+ 0x7f3357b0986e: not taken
+CND+ 0x7f3357b09b09: not taken
+CND+ 0x7f3357b09b13: not taken
+CND+ 0x7f3357b09c18: taken
+CND+ 0x7f3357b09c9d: not taken
+CND+ 0x7f3357b09dfa: taken
+CND+ 0x7f3357b0b946: both
+CND+ 0x7f3357b0b963: both
+CND+ 0x7f3357b0b968: not taken
+CND+ 0x7f3357b0b96e: not taken
+CND+ 0x7f3357b0b986: not taken
+CND+ 0x7f3357b0b98b: both
+CND+ 0x7f3357b0b99a: both
+CND+ 0x7f3357b0b99f: both
+CND+ 0x7f3357b0b9ac: both
+CND+ 0x7f3357b0b9b7: both
+CND+ 0x7f3357b0b9c4: not taken
+CND+ 0x7f3357b0ba10: not taken
+CND+ 0x7f3357b0ba15: taken
+CND+ 0x7f3357b0ba2e: both
+CND+ 0x7f3357b0ba32: both
+CND+ 0x7f3357b0ba5c: both
+CND+ 0x7f3357b0badd: not taken
+CND+ 0x7f3357b0bae2: not taken
+CND+ 0x7f3357b0bafe: not taken
+CND+ 0x7f3357b0bb02: both
+CND+ 0x7f3357b0bb48: both
+CND+ 0x7f3357b0bb52: not taken
+CND+ 0x7f3357b0bb5c: not taken
+CND+ 0x7f3357b0bb65: both
+CND+ 0x7f3357b0bb6b: taken
+CND+ 0x7f3357b0bb75: not taken
+CND+ 0x7f3357b0bb95: not taken
+CND+ 0x7f3357b0bba2: not taken
+CND+ 0x7f3357b0bbc4: not taken
+CND+ 0x7f3357b0bbce: not taken
+CND+ 0x7f3357b0bbf6: taken
+CND+ 0x7f3357b0bc24: taken
+CND+ 0x7f3357b0bce1: not taken
+CND+ 0x7f3357b0bcea: not taken
+CND+ 0x7f3357b0bcf3: not taken
+CND+ 0x7f3357b0bd25: not taken
+CND+ 0x7f3357b0bd53: not taken
+CND+ 0x7f3357b0bd5d: not taken
+CND+ 0x7f3357b0beb5: not taken
+CND+ 0x7f3357b0beba: not taken
+CND+ 0x7f3357b0bed8: both
+CND+ 0x7f3357b0bedc: taken
+CND+ 0x7f3357b0bf0f: not taken
+CND+ 0x7f3357b0bf15: not taken
+CND+ 0x7f3357b0c46f: not taken
+CND+ 0x7f3357b0c53d: not taken
+CND+ 0x7f3357b0c547: not taken
+CND+ 0x7f3357b0c605: not taken
+CND+ 0x7f3357b0c60f: not taken
+CND+ 0x7f3357b0c647: not taken
+CND+ 0x7f3357b0c65e: not taken
+CND+ 0x7f3357b0c7bd: taken
+CND+ 0x7f3357b0c7d2: taken
+CND+ 0x7f3357b0c7df: not taken
+CND+ 0x7f3357b0c7e4: both
+CND+ 0x7f3357b0c7fa: taken
+CND+ 0x7f3357b0c856: not taken
+CND+ 0x7f3357b0c85b: taken
+CND+ 0x7f3357b0c87a: not taken
+CND+ 0x7f3357b0c89a: not taken
+CND+ 0x7f3357b0c8b7: not taken
+CND+ 0x7f3357b0c8c5: not taken
+CND+ 0x7f3357b0c8d4: taken
+CND+ 0x7f3357b0cdf1: not taken
+CND+ 0x7f3357b0ce0c: not taken
@0x7f3357b0955f to 0x7f3357b09580 1
@0x7f3357b0955f to 0x7f3357b095c0 1
@0x7f3357b0955f to 0x7f3357b095a8 2
@0x7f3357b078af to 0x7f3357b07a01 185
@0x7f3357b078af to 0x7f3357b079f0 10
@0x7f3357b078af to 0x7f3357b07a28 1
@0x7f3357b0bc19 to 0x7f3357aff7d0 1
@0x7f3357b0bc19 to 0x7f3357b06120 1
@0x7f3357afb050 to 0x7f335b634a30 4
@0x7f3357afb080 to 0x7f335b5d4330 2
@0x7f3357afb090 to 0x7f335b676710 1
@0x7f3357afb0a0 to 0x7f335b64ce70 5
@0x7f3357afb0d0 to 0x7f335b5e7a20 7
@0x7f3357afb0f0 to 0x7f335b70b800 4
@0x7f3357afb130 to 0x7f335b6771e0 1
@0x7f3357afb140 to 0x7f335b5ebc10 1
@0x7f3357afb150 to 0x7f335b699800 4
@0x7f3357afb160 to 0x7f335b676230 1
@0x7f3357afb190 to 0x7f335b70bbc0 8
@0x7f3357afb1c0 to 0x7f335b677200 1
@0x7f3357afb1e0 to 0x7f335b70b5d0 1
@0x7f3357afb220 to 0x7f335b677210 2
@0x7f3357afb230 to 0x7f335b69ab10 1
@0x7f3357afd16e to 0x7f3357afd1c0 1
@0x7f3357afb280 to 0x7f335b706d10 11
@0x7f3357afb2a0 to 0x7f335b5e7450 4
@0x7f3357afd1ac to 0x7f3357afde90 1
@0x7f3357afb2d0 to 0x7f335b707100 9
@0x7f3357afb320 to 0x7f335b5e80f0 4
@0x7f3357afb330 to 0x7f335b70c100 6
@0x7f3357afb350 to 0x7f335b677220 1
@0x7f3357afb370 to 0x7f335b699800 2
@0x7f3357afb390 to 0x7f335b6343e0 23
@0x7f3357afb3b0 to 0x7f335b677230 1
@0x7f3357afb3c0 to 0x7f335b706e90 22
@0x7f3357afb3e0 to 0x7f335b6b7ba0 1
@0x7f3357afb410 to 0x7f335b634c80 1
@0x7f3357afb460 to 0x7f335b70c0e0 13
@0x7f3357afb510 to 0x7f335b6771f0 1
@0x7f3357afb560 to 0x7f335b6764e0 1
@0x7f3357afb570 to 0x7f335b5e0580 191
@0x7f3357b06f91 to 0x7f3357b07075 1
@0x7f3357afb784 to 0x7f335b5d3fb0 1
@0x7f3357b0ce01 to 0x7f3357afb840 1
