MODULE_NAME: /usr/bin/gs
MODULE_START: 0x7f9ab9cc6000
+B+: 0x7f9ab9cc7000 0x7f9ab9cc700f
+B+: 0x7f9ab9cc7012 0x7f9ab9cc7016
+B+: 0x7f9ab9cc7020 0x7f9ab9cc702b
+B+: 0x7f9ab9cc7030 0x7f9ab9cc7035
+B+: 0x7f9ab9cc7036 0x7f9ab9cc703f
+B+: 0x7f9ab9cc7040 0x7f9ab9cc7045
+B+: 0x7f9ab9cc7046 0x7f9ab9cc704f
+B+: 0x7f9ab9cc7050 0x7f9ab9cc7055
+B+: 0x7f9ab9cc7056 0x7f9ab9cc705f
+B+: 0x7f9ab9cc70b0 0x7f9ab9cc70b5
+B+: 0x7f9ab9cc70b6 0x7f9ab9cc70bf
+B+: 0x7f9ab9cc70c0 0x7f9ab9cc70c5
+B+: 0x7f9ab9cc70c6 0x7f9ab9cc70cf
+B+: 0x7f9ab9cc70e0 0x7f9ab9cc70e5
+B+: 0x7f9ab9cc70f0 0x7f9ab9cc7121
+B+: 0x7f9ab9cc7122 0x7f9ab9cc7127
+B+: 0x7f9ab9cc7128 0x7f9ab9cc7130
+B+: 0x7f9ab9cc7131 0x7f9ab9cc7132
+B+: 0x7f9ab9cc7133 0x7f9ab9cc7137
+B+: 0x7f9ab9cc713d 0x7f9ab9cc7152
+B+: 0x7f9ab9cc7153 0x7f9ab9cc715b
+B+: 0x7f9ab9cc7178 0x7f9ab9cc7183
+B+: 0x7f9ab9cc7184 0x7f9ab9cc71a2
+B+: 0x7f9ab9cc71a3 0x7f9ab9cc71b1
+B+: 0x7f9ab9cc71b2 0x7f9ab9cc71b7
+B+: 0x7f9ab9cc71b8 0x7f9ab9cc71c1
+B+: 0x7f9ab9cc71c2 0x7f9ab9cc71c5
+B+: 0x7f9ab9cc71c6 0x7f9ab9cc71ca
+B+: 0x7f9ab9cc71cb 0x7f9ab9cc71d6
+B+: 0x7f9ab9cc71d7 0x7f9ab9cc71db
+B+: 0x7f9ab9cc71dc 0x7f9ab9cc71e0
+B+: 0x7f9ab9cc7213 0x7f9ab9cc7216
+B+: 0x7f9ab9cc7220 0x7f9ab9cc7249
+B+: 0x7f9ab9cc7250 0x7f9ab9cc7262
+B+: 0x7f9ab9cc7278 0x7f9ab9cc7278
+B+: 0x7f9ab9cc7280 0x7f9ab9cc72a3
+B+: 0x7f9ab9cc72b8 0x7f9ab9cc72b8
+B+: 0x7f9ab9cc72c0 0x7f9ab9cc72c8
+B+: 0x7f9ab9cc72c9 0x7f9ab9cc72d6
+B+: 0x7f9ab9cc72d7 0x7f9ab9cc72e2
+B+: 0x7f9ab9cc72e3 0x7f9ab9cc72e7
+B+: 0x7f9ab9cc72e8 0x7f9ab9cc72f0
+B+: 0x7f9ab9cc7300 0x7f9ab9cc7304
+B+: 0x7f9ab9cc73c0 0x7f9ab9cc73ec
+B+: 0x7f9ab9cc73ed 0x7f9ab9cc73f2
+B+: 0x7f9ab9cc73f3 0x7f9ab9cc7404
+B+: 0x7f9ab9cc7405 0x7f9ab9cc740d
+B+: 0x7f9ab9cc740e 0x7f9ab9cc741c
+B+: 0x7f9ab9cc7424 0x7f9ab9cc742c
+CND+ 0x7f9ab9cc700e: taken
+CND+ 0x7f9ab9cc7126: taken
+CND+ 0x7f9ab9cc712b: not taken
+CND+ 0x7f9ab9cc7131: not taken
+CND+ 0x7f9ab9cc7136: taken
+CND+ 0x7f9ab9cc714d: not taken
+CND+ 0x7f9ab9cc71b6: not taken
+CND+ 0x7f9ab9cc71c4: not taken
+CND+ 0x7f9ab9cc71c9: taken
+CND+ 0x7f9ab9cc71df: taken
+CND+ 0x7f9ab9cc7261: taken
+CND+ 0x7f9ab9cc72a2: taken
+CND+ 0x7f9ab9cc72c7: not taken
+CND+ 0x7f9ab9cc72d5: not taken
+CND+ 0x7f9ab9cc73f1: not taken
+CND+ 0x7f9ab9cc740c: not taken
@0x7f9ab9cc7026 to 0x7f9abdcb6500 5
@0x7f9ab9cc7030 to 0x7f9ab9cc7036 1
@0x7f9ab9cc7040 to 0x7f9ab9cc7046 1
@0x7f9ab9cc7050 to 0x7f9ab9cc7056 1
@0x7f9ab9cc70b0 to 0x7f9ab9cc70b6 1
@0x7f9ab9cc70c0 to 0x7f9ab9cc70c6 1
@0x7f9ab9cc70e0 to 0x7f9abc81c1c0 1
@0x7f9ab9cc7244 to 0x7f9abc805fb0 1
@0x7f9ab9cc7401 to 0x7f9ab9cc7300 1
