MODULE_NAME: /bin/dash
MODULE_START: 0x7f37d74e8000
+B+: 0x7f37d74ec000 0x7f37d74ec00f
+B+: 0x7f37d74ec012 0x7f37d74ec016
+B+: 0x7f37d74ec050 0x7f37d74ec055
+B+: 0x7f37d74ec080 0x7f37d74ec085
+B+: 0x7f37d74ec090 0x7f37d74ec095
+B+: 0x7f37d74ec0a0 0x7f37d74ec0a5
+B+: 0x7f37d74ec0d0 0x7f37d74ec0d5
+B+: 0x7f37d74ec0f0 0x7f37d74ec0f5
+B+: 0x7f37d74ec130 0x7f37d74ec135
+B+: 0x7f37d74ec140 0x7f37d74ec145
+B+: 0x7f37d74ec150 0x7f37d74ec155
+B+: 0x7f37d74ec160 0x7f37d74ec165
+B+: 0x7f37d74ec190 0x7f37d74ec195
+B+: 0x7f37d74ec1c0 0x7f37d74ec1c5
+B+: 0x7f37d74ec1e0 0x7f37d74ec1e5
+B+: 0x7f37d74ec220 0x7f37d74ec225
+B+: 0x7f37d74ec230 0x7f37d74ec235
+B+: 0x7f37d74ec280 0x7f37d74ec285
+B+: 0x7f37d74ec2a0 0x7f37d74ec2a5
+B+: 0x7f37d74ec2d0 0x7f37d74ec2d5
+B+: 0x7f37d74ec320 0x7f37d74ec325
+B+: 0x7f37d74ec330 0x7f37d74ec335
+B+: 0x7f37d74ec350 0x7f37d74ec355
+B+: 0x7f37d74ec370 0x7f37d74ec375
+B+: 0x7f37d74ec390 0x7f37d74ec395
+B+: 0x7f37d74ec3b0 0x7f37d74ec3b5
+B+: 0x7f37d74ec3c0 0x7f37d74ec3c5
+B+: 0x7f37d74ec3e0 0x7f37d74ec3e5
+B+: 0x7f37d74ec410 0x7f37d74ec415
+B+: 0x7f37d74ec460 0x7f37d74ec465
+B+: 0x7f37d74ec510 0x7f37d74ec515
+B+: 0x7f37d74ec560 0x7f37d74ec565
+B+: 0x7f37d74ec570 0x7f37d74ec575
+B+: 0x7f37d74ec590 0x7f37d74ec5b8
+B+: 0x7f37d74ec5b9 0x7f37d74ec5c4
+B+: 0x7f37d74ec5c5 0x7f37d74ec5cf
+B+: 0x7f37d74ec5d0 0x7f37d74ec5e7
+B+: 0x7f37d74ec5e8 0x7f37d74ec5ef
+B+: 0x7f37d74ec5f0 0x7f37d74ec600
+B+: 0x7f37d74ec601 0x7f37d74ec60b
+B+: 0x7f37d74ec60c 0x7f37d74ec615
+B+: 0x7f37d74ec616 0x7f37d74ec623
+B+: 0x7f37d74ec624 0x7f37d74ec62b
+B+: 0x7f37d74ec62c 0x7f37d74ec63c
+B+: 0x7f37d74ec657 0x7f37d74ec660
+B+: 0x7f37d74ec661 0x7f37d74ec678
+B+: 0x7f37d74ec679 0x7f37d74ec67f
+B+: 0x7f37d74ec680 0x7f37d74ec68c
+B+: 0x7f37d74ec68d 0x7f37d74ec696
+B+: 0x7f37d74ec697 0x7f37d74ec69b
+B+: 0x7f37d74ec760 0x7f37d74ec789
+B+: 0x7f37d74ec7c0 0x7f37d74ec7e3
+B+: 0x7f37d74ec7f8 0x7f37d74ec7f8
+B+: 0x7f37d74ec840 0x7f37d74ec844
+B+: 0x7f37d74ec850 0x7f37d74ec863
+B+: 0x7f37d74ec864 0x7f37d74ec86f
+B+: 0x7f37d74ec870 0x7f37d74ec87d
+B+: 0x7f37d74ec87e 0x7f37d74ec8aa
+B+: 0x7f37d74ec8ab 0x7f37d74ec8ac
+B+: 0x7f37d74ec8cb 0x7f37d74ec8d2
+B+: 0x7f37d74eca50 0x7f37d74eca57
+B+: 0x7f37d74eca58 0x7f37d74eca5e
+B+: 0x7f37d74eca5f 0x7f37d74eca63
+B+: 0x7f37d74eca71 0x7f37d74eca72
+B+: 0x7f37d74ed6d0 0x7f37d74ed6eb
+B+: 0x7f37d74ed6ec 0x7f37d74ed705
+B+: 0x7f37d74ed717 0x7f37d74ed71b
+B+: 0x7f37d74ed71c 0x7f37d74ed720
+B+: 0x7f37d74ed72c 0x7f37d74ed730
+B+: 0x7f37d74ed73e 0x7f37d74ed74d
+B+: 0x7f37d74ed74e 0x7f37d74ed757
+B+: 0x7f37d74ed758 0x7f37d74ed775
+B+: 0x7f37d74ed780 0x7f37d74ed788
+B+: 0x7f37d74ed789 0x7f37d74ed790
+B+: 0x7f37d74ed791 0x7f37d74ed79c
+B+: 0x7f37d74ee060 0x7f37d74ee07e
+B+: 0x7f37d74ee10d 0x7f37d74ee11c
+B+: 0x7f37d74ee11d 0x7f37d74ee123
+B+: 0x7f37d74ee140 0x7f37d74ee14a
+B+: 0x7f37d74ee14b 0x7f37d74ee152
+B+: 0x7f37d74ee153 0x7f37d74ee15d
+B+: 0x7f37d74ee15e 0x7f37d74ee16f
+B+: 0x7f37d74ee188 0x7f37d74ee18c
+B+: 0x7f37d74ee18d 0x7f37d74ee191
+B+: 0x7f37d74ee192 0x7f37d74ee19c
+B+: 0x7f37d74ee1a7 0x7f37d74ee1ad
+B+: 0x7f37d74ee1ae 0x7f37d74ee1b5
+B+: 0x7f37d74ee1c0 0x7f37d74ee1cf
+B+: 0x7f37d74eebc0 0x7f37d74eebfa
+B+: 0x7f37d74eebfb 0x7f37d74eec07
+B+: 0x7f37d74eec08 0x7f37d74eec0f
+B+: 0x7f37d74eec10 0x7f37d74eec11
+B+: 0x7f37d74eec18 0x7f37d74eec21
+B+: 0x7f37d74eec22 0x7f37d74eec2e
+B+: 0x7f37d74eec32 0x7f37d74eec39
+B+: 0x7f37d74eec3a 0x7f37d74eec49
+B+: 0x7f37d74eec4a 0x7f37d74eec51
+B+: 0x7f37d74eec52 0x7f37d74eec58
+B+: 0x7f37d74eec59 0x7f37d74eec60
+B+: 0x7f37d74eec61 0x7f37d74eec68
+B+: 0x7f37d74eec69 0x7f37d74eec6d
+B+: 0x7f37d74eec6e 0x7f37d74eec77
+B+: 0x7f37d74eec78 0x7f37d74eec89
+B+: 0x7f37d74eec8a 0x7f37d74eec98
+B+: 0x7f37d74eee90 0x7f37d74eeed3
+B+: 0x7f37d74eeedf 0x7f37d74eeef5
+B+: 0x7f37d74eeef6 0x7f37d74eeefa
+B+: 0x7f37d74eeefb 0x7f37d74eef5a
+B+: 0x7f37d74eef5b 0x7f37d74eef67
+B+: 0x7f37d74eef68 0x7f37d74eef77
+B+: 0x7f37d74eef78 0x7f37d74eef7f
+B+: 0x7f37d74eef80 0x7f37d74eef8b
+B+: 0x7f37d74eef8c 0x7f37d74eef94
+B+: 0x7f37d74eef95 0x7f37d74eef9b
+B+: 0x7f37d74eefa0 0x7f37d74eefaf
+B+: 0x7f37d74eefb0 0x7f37d74eefc5
+B+: 0x7f37d74eefc6 0x7f37d74eefcf
+B+: 0x7f37d74eefd0 0x7f37d74eefe3
+B+: 0x7f37d74eefe4 0x7f37d74eeffc
+B+: 0x7f37d74ef019 0x7f37d74ef02b
+B+: 0x7f37d74ef02c 0x7f37d74ef034
+B+: 0x7f37d74ef035 0x7f37d74ef047
+B+: 0x7f37d74ef048 0x7f37d74ef05b
+B+: 0x7f37d74ef0a8 0x7f37d74ef0b4
+B+: 0x7f37d74ef0b5 0x7f37d74ef0b9
+B+: 0x7f37d74ef0db 0x7f37d74ef0e1
+B+: 0x7f37d74ef0f0 0x7f37d74ef103
+B+: 0x7f37d74ef104 0x7f37d74ef113
+B+: 0x7f37d74ef114 0x7f37d74ef11b
+B+: 0x7f37d74ef11c 0x7f37d74ef122
+B+: 0x7f37d74ef123 0x7f37d74ef152
+B+: 0x7f37d74ef153 0x7f37d74ef15f
+B+: 0x7f37d74ef160 0x7f37d74ef168
+B+: 0x7f37d74ef216 0x7f37d74ef21c
+B+: 0x7f37d74ef224 0x7f37d74ef22d
+B+: 0x7f37d74ef22e 0x7f37d74ef237
+B+: 0x7f37d74ef238 0x7f37d74ef241
+B+: 0x7f37d74ef242 0x7f37d74ef24b
+B+: 0x7f37d74ef25d 0x7f37d74ef266
+B+: 0x7f37d74ef267 0x7f37d74ef281
+B+: 0x7f37d74ef282 0x7f37d74ef293
+B+: 0x7f37d74ef34c 0x7f37d74ef353
+B+: 0x7f37d74ef354 0x7f37d74ef36f
+B+: 0x7f37d74ef51b 0x7f37d74ef525
+B+: 0x7f37d74ef526 0x7f37d74ef52e
+B+: 0x7f37d74ef52f 0x7f37d74ef537
+B+: 0x7f37d74ef8d0 0x7f37d74ef8ec
+B+: 0x7f37d74ef8ed 0x7f37d74ef8f1
+B+: 0x7f37d74ef8f8 0x7f37d74ef8fa
+B+: 0x7f37d74ef8fb 0x7f37d74ef907
+B+: 0x7f37d74ef908 0x7f37d74ef93e
+B+: 0x7f37d74ef93f 0x7f37d74ef940
+B+: 0x7f37d74ef963 0x7f37d74ef977
+B+: 0x7f37d74ef980 0x7f37d74ef986
+B+: 0x7f37d74ef987 0x7f37d74ef98e
+B+: 0x7f37d74ef98f 0x7f37d74ef997
+B+: 0x7f37d74ef998 0x7f37d74ef9ba
+B+: 0x7f37d74ef9bb 0x7f37d74ef9bc
+B+: 0x7f37d74ef9c0 0x7f37d74ef9e7
+B+: 0x7f37d74ef9e8 0x7f37d74ef9f7
+B+: 0x7f37d74efa19 0x7f37d74efa21
+B+: 0x7f37d74efa22 0x7f37d74efa2a
+B+: 0x7f37d74efa2b 0x7f37d74efa34
+B+: 0x7f37d74efa35 0x7f37d74efa3f
+B+: 0x7f37d74efad0 0x7f37d74efae9
+B+: 0x7f37d74efaea 0x7f37d74efb00
+B+: 0x7f37d74efb10 0x7f37d74efb1f
+B+: 0x7f37d74efb20 0x7f37d74efb2b
+B+: 0x7f37d74efb2c 0x7f37d74efb31
+B+: 0x7f37d74efb32 0x7f37d74efb41
+B+: 0x7f37d74efb56 0x7f37d74efb61
+B+: 0x7f37d74efb62 0x7f37d74efb6f
+B+: 0x7f37d74efb70 0x7f37d74efb85
+B+: 0x7f37d74efb86 0x7f37d74efb97
+B+: 0x7f37d74efb98 0x7f37d74efbc0
+B+: 0x7f37d74efbc8 0x7f37d74efbcc
+B+: 0x7f37d74efbcd 0x7f37d74efbea
+B+: 0x7f37d74efd70 0x7f37d74efd98
+B+: 0x7f37d74efda0 0x7f37d74efda1
+B+: 0x7f37d74efda2 0x7f37d74efdaa
+B+: 0x7f37d74efdab 0x7f37d74efdc5
+B+: 0x7f37d74efdc6 0x7f37d74efdc9
+B+: 0x7f37d74efdca 0x7f37d74efdd1
+B+: 0x7f37d74efdd2 0x7f37d74efde6
+B+: 0x7f37d74efdf0 0x7f37d74efe2a
+B+: 0x7f37d74efe2b 0x7f37d74efe2f
+B+: 0x7f37d74efe46 0x7f37d74efe5c
+B+: 0x7f37d74efe5d 0x7f37d74efe6e
+B+: 0x7f37d74efe90 0x7f37d74efead
+B+: 0x7f37d74efec8 0x7f37d74efed1
+B+: 0x7f37d74efed2 0x7f37d74efedd
+B+: 0x7f37d74eff6c 0x7f37d74eff8f
+B+: 0x7f37d74eff90 0x7f37d74eff9c
+B+: 0x7f37d74eff9d 0x7f37d74effa8
+B+: 0x7f37d74effa9 0x7f37d74effb0
+B+: 0x7f37d74effb1 0x7f37d74effc5
+B+: 0x7f37d74f0008 0x7f37d74f0012
+B+: 0x7f37d74f0013 0x7f37d74f001e
+B+: 0x7f37d74f001f 0x7f37d74f002e
+B+: 0x7f37d74f0060 0x7f37d74f0066
+B+: 0x7f37d74f0067 0x7f37d74f0074
+B+: 0x7f37d74f0075 0x7f37d74f0086
+B+: 0x7f37d74f0087 0x7f37d74f008e
+B+: 0x7f37d74f008f 0x7f37d74f00a2
+B+: 0x7f37d74f00a3 0x7f37d74f00b0
+B+: 0x7f37d74f0100 0x7f37d74f0116
+B+: 0x7f37d74f0145 0x7f37d74f014d
+B+: 0x7f37d74f014e 0x7f37d74f0157
+B+: 0x7f37d74f0160 0x7f37d74f0166
+B+: 0x7f37d74f01c0 0x7f37d74f01d1
+B+: 0x7f37d74f01e8 0x7f37d74f01ef
+B+: 0x7f37d74f0248 0x7f37d74f025b
+B+: 0x7f37d74f025c 0x7f37d74f0271
+B+: 0x7f37d74f07d0 0x7f37d74f07ff
+B+: 0x7f37d74f080f 0x7f37d74f0812
+B+: 0x7f37d74f0813 0x7f37d74f081c
+B+: 0x7f37d74f081d 0x7f37d74f0820
+B+: 0x7f37d74f0821 0x7f37d74f082f
+B+: 0x7f37d74f0830 0x7f37d74f083a
+B+: 0x7f37d74f084f 0x7f37d74f085a
+B+: 0x7f37d74f085f 0x7f37d74f0862
+B+: 0x7f37d74f0870 0x7f37d74f0877
+B+: 0x7f37d74f0878 0x7f37d74f088d
+B+: 0x7f37d74f1440 0x7f37d74f1464
+B+: 0x7f37d74f161e 0x7f37d74f1627
+B+: 0x7f37d74f1628 0x7f37d74f1631
+B+: 0x7f37d74f1632 0x7f37d74f1659
+B+: 0x7f37d74f16af 0x7f37d74f16bc
+B+: 0x7f37d74f16c0 0x7f37d74f16cb
+B+: 0x7f37d74f1730 0x7f37d74f173b
+B+: 0x7f37d74f1740 0x7f37d74f175e
+B+: 0x7f37d74f175f 0x7f37d74f1767
+B+: 0x7f37d74f17d2 0x7f37d74f17e3
+B+: 0x7f37d74f18a0 0x7f37d74f18a7
+B+: 0x7f37d74f2260 0x7f37d74f22a5
+B+: 0x7f37d74f22b5 0x7f37d74f22be
+B+: 0x7f37d74f22bf 0x7f37d74f22d2
+B+: 0x7f37d74f22d3 0x7f37d74f22fc
+B+: 0x7f37d74f22fd 0x7f37d74f2310
+B+: 0x7f37d74f2324 0x7f37d74f2328
+B+: 0x7f37d74f2336 0x7f37d74f233f
+B+: 0x7f37d74f2340 0x7f37d74f2344
+B+: 0x7f37d74f2370 0x7f37d74f2386
+B+: 0x7f37d74f2387 0x7f37d74f2398
+B+: 0x7f37d74f23a0 0x7f37d74f23b6
+B+: 0x7f37d74f23b7 0x7f37d74f23d7
+B+: 0x7f37d74f23dd 0x7f37d74f23ec
+B+: 0x7f37d74f2850 0x7f37d74f2886
+B+: 0x7f37d74f2887 0x7f37d74f289a
+B+: 0x7f37d74f289b 0x7f37d74f28ad
+B+: 0x7f37d74f28ae 0x7f37d74f28c4
+B+: 0x7f37d74f28c5 0x7f37d74f28d7
+B+: 0x7f37d74f28d8 0x7f37d74f28e7
+B+: 0x7f37d74f28e8 0x7f37d74f290c
+B+: 0x7f37d74f290d 0x7f37d74f2915
+B+: 0x7f37d74f2924 0x7f37d74f2933
+B+: 0x7f37d74f2934 0x7f37d74f2947
+B+: 0x7f37d74f2948 0x7f37d74f2954
+B+: 0x7f37d74f2955 0x7f37d74f295f
+B+: 0x7f37d74f2960 0x7f37d74f2964
+B+: 0x7f37d74f2a6a 0x7f37d74f2a7c
+B+: 0x7f37d74f2a7d 0x7f37d74f2a9c
+B+: 0x7f37d74f2ba0 0x7f37d74f2bad
+B+: 0x7f37d74f2bae 0x7f37d74f2be1
+B+: 0x7f37d74f2bf0 0x7f37d74f2bfb
+B+: 0x7f37d74f2db0 0x7f37d74f2dbd
+B+: 0x7f37d74f2dbe 0x7f37d74f2dca
+B+: 0x7f37d74f2dcb 0x7f37d74f2de3
+B+: 0x7f37d74f2de8 0x7f37d74f2df4
+B+: 0x7f37d74f2df8 0x7f37d74f2e04
+B+: 0x7f37d74f2e05 0x7f37d74f2e12
+B+: 0x7f37d74f2e13 0x7f37d74f2e1d
+B+: 0x7f37d74f2eb4 0x7f37d74f2ec1
+B+: 0x7f37d74f3160 0x7f37d74f3174
+B+: 0x7f37d74f3175 0x7f37d74f3187
+B+: 0x7f37d74f3188 0x7f37d74f31a2
+B+: 0x7f37d74f31a3 0x7f37d74f31ac
+B+: 0x7f37d74f31ad 0x7f37d74f31b3
+B+: 0x7f37d74f31d0 0x7f37d74f31e5
+B+: 0x7f37d74f31eb 0x7f37d74f31f3
+B+: 0x7f37d74f3205 0x7f37d74f320b
+B+: 0x7f37d74f320c 0x7f37d74f321d
+B+: 0x7f37d74f321e 0x7f37d74f3226
+B+: 0x7f37d74f3227 0x7f37d74f3230
+B+: 0x7f37d74f3231 0x7f37d74f3232
+B+: 0x7f37d74f3240 0x7f37d74f3248
+B+: 0x7f37d74f3260 0x7f37d74f3260
+B+: 0x7f37d74f3520 0x7f37d74f3534
+B+: 0x7f37d74f3572 0x7f37d74f3578
+B+: 0x7f37d74f3580 0x7f37d74f3583
+B+: 0x7f37d74f3610 0x7f37d74f3656
+B+: 0x7f37d74f365b 0x7f37d74f3686
+B+: 0x7f37d74f3687 0x7f37d74f369d
+B+: 0x7f37d74f36fc 0x7f37d74f3708
+B+: 0x7f37d74f3709 0x7f37d74f3711
+B+: 0x7f37d74f3712 0x7f37d74f372a
+B+: 0x7f37d74f372b 0x7f37d74f373c
+B+: 0x7f37d74f3740 0x7f37d74f3747
+B+: 0x7f37d74f3748 0x7f37d74f375f
+B+: 0x7f37d74f3760 0x7f37d74f3766
+B+: 0x7f37d74f3767 0x7f37d74f3780
+B+: 0x7f37d74f3790 0x7f37d74f3793
+B+: 0x7f37d74f3794 0x7f37d74f3798
+B+: 0x7f37d74f37a2 0x7f37d74f37aa
+B+: 0x7f37d74f37ab 0x7f37d74f37ae
+B+: 0x7f37d74f37af 0x7f37d74f37bd
+B+: 0x7f37d74f37cb 0x7f37d74f37d3
+B+: 0x7f37d74f3825 0x7f37d74f3841
+B+: 0x7f37d74f3842 0x7f37d74f384d
+B+: 0x7f37d74f387e 0x7f37d74f388e
+B+: 0x7f37d74f388f 0x7f37d74f38a0
+B+: 0x7f37d74f38a1 0x7f37d74f38ad
+B+: 0x7f37d74f3c10 0x7f37d74f3c30
+B+: 0x7f37d74f3c31 0x7f37d74f3c58
+B+: 0x7f37d74f3c5e 0x7f37d74f3c66
+B+: 0x7f37d74f3c67 0x7f37d74f3c6f
+B+: 0x7f37d74f3c78 0x7f37d74f3c87
+B+: 0x7f37d74f3c88 0x7f37d74f3c89
+B+: 0x7f37d74f3ca0 0x7f37d74f3caf
+B+: 0x7f37d74f3cba 0x7f37d74f3cc4
+B+: 0x7f37d74f3ce0 0x7f37d74f3ce8
+B+: 0x7f37d74f4360 0x7f37d74f436b
+B+: 0x7f37d74f4480 0x7f37d74f4480
+B+: 0x7f37d74f49c0 0x7f37d74f49db
+B+: 0x7f37d74f4a16 0x7f37d74f4a32
+B+: 0x7f37d74f4a33 0x7f37d74f4a52
+B+: 0x7f37d74f4a63 0x7f37d74f4a6a
+B+: 0x7f37d74f4a90 0x7f37d74f4aa6
+B+: 0x7f37d74f4aa7 0x7f37d74f4aae
+B+: 0x7f37d74f4aaf 0x7f37d74f4ab6
+B+: 0x7f37d74f4af6 0x7f37d74f4b01
+B+: 0x7f37d74f4b0c 0x7f37d74f4b34
+B+: 0x7f37d74f4b40 0x7f37d74f4b57
+B+: 0x7f37d74f4b58 0x7f37d74f4b5f
+B+: 0x7f37d74f4b60 0x7f37d74f4b67
+B+: 0x7f37d74f4b68 0x7f37d74f4b70
+B+: 0x7f37d74f4b71 0x7f37d74f4b7a
+B+: 0x7f37d74f4b7b 0x7f37d74f4b80
+B+: 0x7f37d74f4b97 0x7f37d74f4b9c
+B+: 0x7f37d74f4c0a 0x7f37d74f4c3d
+B+: 0x7f37d74f4c47 0x7f37d74f4c53
+B+: 0x7f37d74f4ed0 0x7f37d74f4ede
+B+: 0x7f37d74f4edf 0x7f37d74f4ee7
+B+: 0x7f37d74f4ee8 0x7f37d74f4efc
+B+: 0x7f37d74f4efd 0x7f37d74f4f02
+B+: 0x7f37d74f4f03 0x7f37d74f4f1b
+B+: 0x7f37d74f4f1c 0x7f37d74f4f21
+B+: 0x7f37d74f4f22 0x7f37d74f4f2b
+B+: 0x7f37d74f4fc0 0x7f37d74f4fc7
+B+: 0x7f37d74f4fc8 0x7f37d74f4fd0
+B+: 0x7f37d74f5760 0x7f37d74f5768
+B+: 0x7f37d74f5769 0x7f37d74f576d
+B+: 0x7f37d74f576e 0x7f37d74f5772
+B+: 0x7f37d74f5780 0x7f37d74f5788
+B+: 0x7f37d74f5789 0x7f37d74f578d
+B+: 0x7f37d74f578e 0x7f37d74f5792
+B+: 0x7f37d74f57c0 0x7f37d74f57d9
+B+: 0x7f37d74f57da 0x7f37d74f57e6
+B+: 0x7f37d74f57f7 0x7f37d74f5802
+B+: 0x7f37d74f5803 0x7f37d74f580b
+B+: 0x7f37d74f580c 0x7f37d74f5841
+B+: 0x7f37d74f5842 0x7f37d74f584b
+B+: 0x7f37d74f584c 0x7f37d74f5852
+B+: 0x7f37d74f5853 0x7f37d74f5875
+B+: 0x7f37d74f5880 0x7f37d74f588e
+B+: 0x7f37d74f58b0 0x7f37d74f58c8
+B+: 0x7f37d74f5900 0x7f37d74f5941
+B+: 0x7f37d74f5950 0x7f37d74f5966
+B+: 0x7f37d74f5967 0x7f37d74f597e
+B+: 0x7f37d74f597f 0x7f37d74f598a
+B+: 0x7f37d74f598b 0x7f37d74f59b3
+B+: 0x7f37d74f59b4 0x7f37d74f59bd
+B+: 0x7f37d74f59be 0x7f37d74f59bf
+B+: 0x7f37d74f59d0 0x7f37d74f59e8
+B+: 0x7f37d74f59e9 0x7f37d74f5a14
+B+: 0x7f37d74f5a1e 0x7f37d74f5a25
+B+: 0x7f37d74f5a26 0x7f37d74f5a33
+B+: 0x7f37d74f5a34 0x7f37d74f5a46
+B+: 0x7f37d74f5ae0 0x7f37d74f5afe
+B+: 0x7f37d74f5aff 0x7f37d74f5b0c
+B+: 0x7f37d74f5b0d 0x7f37d74f5b1b
+B+: 0x7f37d74f5b1c 0x7f37d74f5b2c
+B+: 0x7f37d74f5b40 0x7f37d74f5b62
+B+: 0x7f37d74f5b98 0x7f37d74f5ba9
+B+: 0x7f37d74f66d0 0x7f37d74f66f4
+B+: 0x7f37d74f66f5 0x7f37d74f670d
+B+: 0x7f37d74f670e 0x7f37d74f6712
+B+: 0x7f37d74f6713 0x7f37d74f671e
+B+: 0x7f37d74f671f 0x7f37d74f6723
+B+: 0x7f37d74f6724 0x7f37d74f6728
+B+: 0x7f37d74f6729 0x7f37d74f6730
+B+: 0x7f37d74f673c 0x7f37d74f6749
+B+: 0x7f37d74f674a 0x7f37d74f674d
+B+: 0x7f37d74f674e 0x7f37d74f6760
+B+: 0x7f37d74f6761 0x7f37d74f676b
+B+: 0x7f37d74f6790 0x7f37d74f679d
+B+: 0x7f37d74f679e 0x7f37d74f67a5
+B+: 0x7f37d74f67a6 0x7f37d74f67a7
+B+: 0x7f37d74f6890 0x7f37d74f689d
+B+: 0x7f37d74f689e 0x7f37d74f68a9
+B+: 0x7f37d74f68aa 0x7f37d74f68bd
+B+: 0x7f37d74f68c0 0x7f37d74f68ca
+B+: 0x7f37d74f68d0 0x7f37d74f68ef
+B+: 0x7f37d74f68f0 0x7f37d74f68f4
+B+: 0x7f37d74f68f5 0x7f37d74f690c
+B+: 0x7f37d74f690d 0x7f37d74f6910
+B+: 0x7f37d74f6911 0x7f37d74f6912
+B+: 0x7f37d74f6913 0x7f37d74f691b
+B+: 0x7f37d74f691c 0x7f37d74f6930
+B+: 0x7f37d74f6938 0x7f37d74f693c
+B+: 0x7f37d74f6980 0x7f37d74f698f
+B+: 0x7f37d74f6990 0x7f37d74f699b
+B+: 0x7f37d74f699c 0x7f37d74f69ab
+B+: 0x7f37d74f6a80 0x7f37d74f6a93
+B+: 0x7f37d74f6a94 0x7f37d74f6aac
+B+: 0x7f37d74f6aad 0x7f37d74f6abf
+B+: 0x7f37d74f6ac0 0x7f37d74f6ada
+B+: 0x7f37d74f6adb 0x7f37d74f6ae3
+B+: 0x7f37d74f6aec 0x7f37d74f6af8
+B+: 0x7f37d74f6af9 0x7f37d74f6b02
+B+: 0x7f37d74f6b03 0x7f37d74f6b06
+B+: 0x7f37d74f6b07 0x7f37d74f6b1a
+B+: 0x7f37d74f6c49 0x7f37d74f6c55
+B+: 0x7f37d74f6c56 0x7f37d74f6c67
+B+: 0x7f37d74f6c82 0x7f37d74f6c93
+B+: 0x7f37d74f6d77 0x7f37d74f6d82
+B+: 0x7f37d74f6da0 0x7f37d74f6db2
+B+: 0x7f37d74f6db3 0x7f37d74f6ddf
+B+: 0x7f37d74f6de0 0x7f37d74f6deb
+B+: 0x7f37d74f6dec 0x7f37d74f6dfc
+B+: 0x7f37d74f6dfd 0x7f37d74f6e18
+B+: 0x7f37d74f6e19 0x7f37d74f6e25
+B+: 0x7f37d74f6e26 0x7f37d74f6e2e
+B+: 0x7f37d74f6e2f 0x7f37d74f6e3f
+B+: 0x7f37d74f6e40 0x7f37d74f6e44
+B+: 0x7f37d74f6e45 0x7f37d74f6e50
+B+: 0x7f37d74f6e51 0x7f37d74f6e5d
+B+: 0x7f37d74f6e5e 0x7f37d74f6e77
+B+: 0x7f37d74f6ece 0x7f37d74f6ed2
+B+: 0x7f37d74f6ed3 0x7f37d74f6ede
+B+: 0x7f37d74f6ee0 0x7f37d74f6eec
+B+: 0x7f37d74f6f60 0x7f37d74f6f7c
+B+: 0x7f37d74f7120 0x7f37d74f7128
+B+: 0x7f37d74f7129 0x7f37d74f7147
+B+: 0x7f37d74f7750 0x7f37d74f775e
+B+: 0x7f37d74f775f 0x7f37d74f7763
+B+: 0x7f37d74f7764 0x7f37d74f7770
+B+: 0x7f37d74f7771 0x7f37d74f7777
+B+: 0x7f37d74f7778 0x7f37d74f7783
+B+: 0x7f37d74f7784 0x7f37d74f7788
+B+: 0x7f37d74f7789 0x7f37d74f778d
+B+: 0x7f37d74f778e 0x7f37d74f7796
+B+: 0x7f37d74f7797 0x7f37d74f779e
+B+: 0x7f37d74f7890 0x7f37d74f7892
+B+: 0x7f37d74f78a7 0x7f37d74f78ab
+B+: 0x7f37d74f78ac 0x7f37d74f78b2
+B+: 0x7f37d74f78b3 0x7f37d74f78b6
+B+: 0x7f37d74f78d0 0x7f37d74f78e1
+B+: 0x7f37d74f78e2 0x7f37d74f78e6
+B+: 0x7f37d74f78e7 0x7f37d74f78eb
+B+: 0x7f37d74f78ec 0x7f37d74f78f1
+B+: 0x7f37d74f78f2 0x7f37d74f78fa
+B+: 0x7f37d74f78fb 0x7f37d74f78fc
+B+: 0x7f37d74f7940 0x7f37d74f7948
+B+: 0x7f37d74f7949 0x7f37d74f7951
+B+: 0x7f37d74f7980 0x7f37d74f7988
+B+: 0x7f37d74f7989 0x7f37d74f798a
+B+: 0x7f37d74f798b 0x7f37d74f7991
+B+: 0x7f37d74f7992 0x7f37d74f79a2
+B+: 0x7f37d74f79a8 0x7f37d74f79ac
+B+: 0x7f37d74f79eb 0x7f37d74f7a00
+B+: 0x7f37d74f7a08 0x7f37d74f7a10
+B+: 0x7f37d74f7af0 0x7f37d74f7b11
+B+: 0x7f37d74f7b12 0x7f37d74f7b16
+B+: 0x7f37d74f7b17 0x7f37d74f7b1d
+B+: 0x7f37d74f7b1e 0x7f37d74f7b26
+B+: 0x7f37d74f7b27 0x7f37d74f7b34
+B+: 0x7f37d74f7b35 0x7f37d74f7b3c
+B+: 0x7f37d74f7b3d 0x7f37d74f7b49
+B+: 0x7f37d74f7b4a 0x7f37d74f7b5a
+B+: 0x7f37d74f7b5b 0x7f37d74f7b63
+B+: 0x7f37d74f7b7f 0x7f37d74f7b93
+B+: 0x7f37d74f7b94 0x7f37d74f7b9c
+B+: 0x7f37d74f7be0 0x7f37d74f7bf7
+B+: 0x7f37d74f7bf8 0x7f37d74f7c00
+B+: 0x7f37d74f7c1b 0x7f37d74f7c2b
+B+: 0x7f37d74f7d40 0x7f37d74f7d5e
+B+: 0x7f37d74f7d5f 0x7f37d74f7d6d
+B+: 0x7f37d74f7d6e 0x7f37d74f7d72
+B+: 0x7f37d74f7d7d 0x7f37d74f7d90
+B+: 0x7f37d74f7d91 0x7f37d74f7d95
+B+: 0x7f37d74f7d96 0x7f37d74f7d9a
+B+: 0x7f37d74f7da0 0x7f37d74f7da4
+B+: 0x7f37d74f7dd5 0x7f37d74f7dd9
+B+: 0x7f37d74f7dda 0x7f37d74f7dde
+B+: 0x7f37d74f7df0 0x7f37d74f7dfb
+B+: 0x7f37d74f7dfc 0x7f37d74f7e07
+B+: 0x7f37d74f7e08 0x7f37d74f7e10
+B+: 0x7f37d74f7e2c 0x7f37d74f7e30
+B+: 0x7f37d74f7e31 0x7f37d74f7e36
+B+: 0x7f37d74f7e41 0x7f37d74f7e45
+B+: 0x7f37d74f7e46 0x7f37d74f7e54
+B+: 0x7f37d74f7e55 0x7f37d74f7e5d
+B+: 0x7f37d74f7e5e 0x7f37d74f7e62
+B+: 0x7f37d74f7e63 0x7f37d74f7e74
+B+: 0x7f37d74f7e78 0x7f37d74f7e84
+B+: 0x7f37d74f7ea0 0x7f37d74f7ea4
+B+: 0x7f37d74f7ef0 0x7f37d74f7f03
+B+: 0x7f37d74f7f40 0x7f37d74f7f76
+B+: 0x7f37d74f7f77 0x7f37d74f7f82
+B+: 0x7f37d74f7f83 0x7f37d74f7f92
+B+: 0x7f37d74f801b 0x7f37d74f8031
+B+: 0x7f37d74f8032 0x7f37d74f8040
+B+: 0x7f37d74f8075 0x7f37d74f80b8
+B+: 0x7f37d74f80b9 0x7f37d74f80c3
+B+: 0x7f37d74f80c4 0x7f37d74f80cc
+B+: 0x7f37d74f80cd 0x7f37d74f80d5
+B+: 0x7f37d74f80d6 0x7f37d74f80de
+B+: 0x7f37d74f80df 0x7f37d74f8106
+B+: 0x7f37d74f8107 0x7f37d74f8133
+B+: 0x7f37d74f8578 0x7f37d74f8581
+B+: 0x7f37d74f8582 0x7f37d74f85a8
+B+: 0x7f37d74f85a9 0x7f37d74f85b6
+B+: 0x7f37d74f85d0 0x7f37d74f85e0
+B+: 0x7f37d74f85e1 0x7f37d74f85ee
+B+: 0x7f37d74f85ef 0x7f37d74f85f3
+B+: 0x7f37d74f8670 0x7f37d74f867e
+B+: 0x7f37d74f867f 0x7f37d74f8683
+B+: 0x7f37d74f8684 0x7f37d74f8692
+B+: 0x7f37d74f8693 0x7f37d74f869a
+B+: 0x7f37d74f869b 0x7f37d74f86a2
+B+: 0x7f37d74f86a3 0x7f37d74f86b7
+B+: 0x7f37d74f8790 0x7f37d74f87bc
+B+: 0x7f37d74f87bd 0x7f37d74f87d4
+B+: 0x7f37d74f87e0 0x7f37d74f883a
+B+: 0x7f37d74f883b 0x7f37d74f8875
+B+: 0x7f37d74f8876 0x7f37d74f8893
+B+: 0x7f37d74f8894 0x7f37d74f88a3
+B+: 0x7f37d74f88a4 0x7f37d74f88b0
+B+: 0x7f37d74f89b4 0x7f37d74f89b8
+B+: 0x7f37d74f89b9 0x7f37d74f89cf
+B+: 0x7f37d74f89d0 0x7f37d74f89dc
+B+: 0x7f37d74f89dd 0x7f37d74f89ef
+B+: 0x7f37d74f89f0 0x7f37d74f89f7
+B+: 0x7f37d74f8a01 0x7f37d74f8a16
+B+: 0x7f37d74f8a28 0x7f37d74f8a3d
+B+: 0x7f37d74f8a3e 0x7f37d74f8a4d
+B+: 0x7f37d74f8a79 0x7f37d74f8a97
+B+: 0x7f37d74f8a98 0x7f37d74f8ac0
+B+: 0x7f37d74f8ac1 0x7f37d74f8acf
+B+: 0x7f37d74f9148 0x7f37d74f9154
+B+: 0x7f37d74f9155 0x7f37d74f9174
+B+: 0x7f37d74f9175 0x7f37d74f917f
+B+: 0x7f37d74f91ac 0x7f37d74f91b0
+B+: 0x7f37d74f91b1 0x7f37d74f91b5
+B+: 0x7f37d74f9a40 0x7f37d74f9a64
+B+: 0x7f37d74f9b10 0x7f37d74f9b1a
+B+: 0x7f37d74f9b40 0x7f37d74f9b47
+B+: 0x7f37d74f9b48 0x7f37d74f9b51
+B+: 0x7f37d74f9b58 0x7f37d74f9b60
+B+: 0x7f37d74f9b61 0x7f37d74f9b6a
+B+: 0x7f37d74f9b88 0x7f37d74f9b8c
+B+: 0x7f37d74f9b8d 0x7f37d74f9b94
+B+: 0x7f37d74f9ba0 0x7f37d74f9ba4
+B+: 0x7f37d74f9d00 0x7f37d74f9d30
+B+: 0x7f37d74f9e3f 0x7f37d74f9e55
+B+: 0x7f37d74f9e56 0x7f37d74f9e67
+B+: 0x7f37d74fa1e0 0x7f37d74fa222
+B+: 0x7f37d74fa223 0x7f37d74fa228
+B+: 0x7f37d74fa24c 0x7f37d74fa260
+B+: 0x7f37d74fa261 0x7f37d74fa269
+B+: 0x7f37d74fa270 0x7f37d74fa279
+B+: 0x7f37d74fa288 0x7f37d74fa2a0
+B+: 0x7f37d74fa2a1 0x7f37d74fa2ba
+B+: 0x7f37d74fa2bb 0x7f37d74fa2bc
+B+: 0x7f37d74fa2d0 0x7f37d74fa2d8
+B+: 0x7f37d74fa2f8 0x7f37d74fa2f8
+B+: 0x7f37d74fa300 0x7f37d74fa30c
+B+: 0x7f37d74fa33f 0x7f37d74fa343
+B+: 0x7f37d74fa380 0x7f37d74fa384
+B+: 0x7f37d74fa3d0 0x7f37d74fa3e3
+B+: 0x7f37d74fa400 0x7f37d74fa400
+B+: 0x7f37d74fa420 0x7f37d74fa45b
+B+: 0x7f37d74fa467 0x7f37d74fa471
+B+: 0x7f37d74fa472 0x7f37d74fa489
+B+: 0x7f37d74fa48a 0x7f37d74fa48d
+B+: 0x7f37d74fa48e 0x7f37d74fa494
+B+: 0x7f37d74fa495 0x7f37d74fa49d
+B+: 0x7f37d74fa49e 0x7f37d74fa4a9
+B+: 0x7f37d74fa4aa 0x7f37d74fa4c2
+B+: 0x7f37d74fa4c3 0x7f37d74fa4ce
+B+: 0x7f37d74fa4cf 0x7f37d74fa4e5
+B+: 0x7f37d74fa4e6 0x7f37d74fa4f5
+B+: 0x7f37d74fa500 0x7f37d74fa50e
+B+: 0x7f37d74fa50f 0x7f37d74fa513
+B+: 0x7f37d74fa514 0x7f37d74fa51e
+B+: 0x7f37d74fa540 0x7f37d74fa549
+B+: 0x7f37d74fa54a 0x7f37d74fa54e
+B+: 0x7f37d74fa54f 0x7f37d74fa560
+B+: 0x7f37d74fa568 0x7f37d74fa577
+B+: 0x7f37d74fa580 0x7f37d74fa589
+B+: 0x7f37d74fa5a8 0x7f37d74fa5bb
+B+: 0x7f37d74fa5c0 0x7f37d74fa5ce
+B+: 0x7f37d74fa5cf 0x7f37d74fa5dc
+B+: 0x7f37d74fa6f0 0x7f37d74fa6fd
+B+: 0x7f37d74fa7a0 0x7f37d74fa7a0
+B+: 0x7f37d74fa7b0 0x7f37d74fa7ba
+B+: 0x7f37d74fa7bb 0x7f37d74fa7ce
+B+: 0x7f37d74fa7cf 0x7f37d74fa7d8
+B+: 0x7f37d74fa7d9 0x7f37d74fa7e6
+B+: 0x7f37d74fa800 0x7f37d74fa82d
+B+: 0x7f37d74fa82e 0x7f37d74fa831
+B+: 0x7f37d74fa832 0x7f37d74fa847
+B+: 0x7f37d74fa864 0x7f37d74fa86b
+B+: 0x7f37d74fa86c 0x7f37d74fa86f
+B+: 0x7f37d74fa870 0x7f37d74fa876
+B+: 0x7f37d74fa877 0x7f37d74fa87b
+B+: 0x7f37d74fa87c 0x7f37d74fa886
+B+: 0x7f37d74faae0 0x7f37d74fab01
+B+: 0x7f37d74fab02 0x7f37d74fab0a
+B+: 0x7f37d74fab0b 0x7f37d74fab14
+B+: 0x7f37d74fab15 0x7f37d74fab19
+B+: 0x7f37d74fac00 0x7f37d74fac19
+B+: 0x7f37d74fac51 0x7f37d74fac8e
+B+: 0x7f37d74fac8f 0x7f37d74fac9e
+B+: 0x7f37d74fac9f 0x7f37d74faca6
+B+: 0x7f37d74fadf0 0x7f37d74fadfb
+B+: 0x7f37d74fae20 0x7f37d74fae20
+B+: 0x7f37d74fae30 0x7f37d74fae38
+B+: 0x7f37d74fc940 0x7f37d74fc94b
+B+: 0x7f37d74fc94c 0x7f37d74fc957
+B+: 0x7f37d74fc958 0x7f37d74fc964
+B+: 0x7f37d74fc965 0x7f37d74fc969
+B+: 0x7f37d74fc96a 0x7f37d74fc96f
+B+: 0x7f37d74fc970 0x7f37d74fc976
+B+: 0x7f37d74fc980 0x7f37d74fc987
+B+: 0x7f37d74fc988 0x7f37d74fc98c
+B+: 0x7f37d74fc98d 0x7f37d74fc99b
+B+: 0x7f37d74fc99c 0x7f37d74fc9a0
+B+: 0x7f37d74fc9a1 0x7f37d74fc9a8
+B+: 0x7f37d74fc9a9 0x7f37d74fc9ad
+B+: 0x7f37d74fc9ae 0x7f37d74fc9b8
+B+: 0x7f37d74fc9b9 0x7f37d74fc9b9
+B+: 0x7f37d74fc9c0 0x7f37d74fc9c5
+B+: 0x7f37d74fc9c6 0x7f37d74fc9c9
+B+: 0x7f37d74fc9d0 0x7f37d74fc9d0
+B+: 0x7f37d74fc9d1 0x7f37d74fc9d5
+B+: 0x7f37d74fc9d6 0x7f37d74fc9d9
+B+: 0x7f37d74fc9e0 0x7f37d74fc9ff
+B+: 0x7f37d74fca00 0x7f37d74fca11
+B+: 0x7f37d74fca12 0x7f37d74fca16
+B+: 0x7f37d74fca20 0x7f37d74fca22
+B+: 0x7f37d74fca23 0x7f37d74fca2f
+B+: 0x7f37d74fca30 0x7f37d74fca33
+B+: 0x7f37d74fca34 0x7f37d74fca5d
+B+: 0x7f37d74fca5e 0x7f37d74fca62
+B+: 0x7f37d74fca63 0x7f37d74fca82
+B+: 0x7f37d74fcac0 0x7f37d74fcade
+B+: 0x7f37d74fcadf 0x7f37d74fcae3
+B+: 0x7f37d74fcae4 0x7f37d74fcae8
+B+: 0x7f37d74fcaf0 0x7f37d74fcaf2
+B+: 0x7f37d74fcaf3 0x7f37d74fcaff
+B+: 0x7f37d74fcb00 0x7f37d74fcb03
+B+: 0x7f37d74fcb04 0x7f37d74fcb3e
+B+: 0x7f37d74fcb3f 0x7f37d74fcb49
+B+: 0x7f37d74fcb4a 0x7f37d74fcb57
+B+: 0x7f37d74fcb58 0x7f37d74fcb5d
+B+: 0x7f37d74fcb5e 0x7f37d74fcb66
+B+: 0x7f37d74fcb67 0x7f37d74fcb70
+B+: 0x7f37d74fcb71 0x7f37d74fcb7a
+B+: 0x7f37d74fcb7b 0x7f37d74fcb9a
+B+: 0x7f37d74fcb9b 0x7f37d74fcba3
+B+: 0x7f37d74fcba4 0x7f37d74fcbbd
+B+: 0x7f37d74fcbc0 0x7f37d74fcbc5
+B+: 0x7f37d74fcbc6 0x7f37d74fcbcf
+B+: 0x7f37d74fcbd0 0x7f37d74fcbd9
+B+: 0x7f37d74fcbda 0x7f37d74fcbf7
+B+: 0x7f37d74fcc08 0x7f37d74fcc14
+B+: 0x7f37d74fcc15 0x7f37d74fcc1b
+B+: 0x7f37d74fcc1c 0x7f37d74fcc29
+B+: 0x7f37d74fccb0 0x7f37d74fccca
+B+: 0x7f37d74fcccb 0x7f37d74fccda
+B+: 0x7f37d74fccdb 0x7f37d74fcce6
+B+: 0x7f37d74fcce7 0x7f37d74fccef
+B+: 0x7f37d74fccf0 0x7f37d74fccf4
+B+: 0x7f37d74fccf5 0x7f37d74fccfc
+B+: 0x7f37d74fccfd 0x7f37d74fcd10
+B+: 0x7f37d74fcd11 0x7f37d74fcd21
+B+: 0x7f37d74fcd22 0x7f37d74fcd26
+B+: 0x7f37d74fcd27 0x7f37d74fcd38
+B+: 0x7f37d74fcd39 0x7f37d74fcd4b
+B+: 0x7f37d74fcd4c 0x7f37d74fcd54
+B+: 0x7f37d74fcd55 0x7f37d74fcd5e
+B+: 0x7f37d74fcd5f 0x7f37d74fcd6d
+B+: 0x7f37d74fcea0 0x7f37d74fceb6
+B+: 0x7f37d74fceb7 0x7f37d74fcebb
+B+: 0x7f37d74fcebc 0x7f37d74fcec0
+B+: 0x7f37d74fcec8 0x7f37d74fcecb
+B+: 0x7f37d74fcecc 0x7f37d74fced9
+B+: 0x7f37d74fceda 0x7f37d74fcedd
+B+: 0x7f37d74fcede 0x7f37d74fcf06
+B+: 0x7f37d74fcf07 0x7f37d74fcf10
+B+: 0x7f37d74fcf11 0x7f37d74fcf16
+B+: 0x7f37d74fcf17 0x7f37d74fcf24
+B+: 0x7f37d74fcf25 0x7f37d74fcf2d
+B+: 0x7f37d74fd440 0x7f37d74fd46b
+B+: 0x7f37d74fd46c 0x7f37d74fd470
+B+: 0x7f37d74fd471 0x7f37d74fd475
+B+: 0x7f37d74fd536 0x7f37d74fd53e
+B+: 0x7f37d74fd53f 0x7f37d74fd548
+B+: 0x7f37d74fd549 0x7f37d74fd551
+B+: 0x7f37d74fd5d0 0x7f37d74fd5e4
+B+: 0x7f37d74fd5e5 0x7f37d74fd606
+B+: 0x7f37d74fd607 0x7f37d74fd610
+B+: 0x7f37d74fd611 0x7f37d74fd618
+B+: 0x7f37d74fd640 0x7f37d74fd648
+B+: 0x7f37d74fd649 0x7f37d74fd656
+B+: 0x7f37d74fd657 0x7f37d74fd65f
+B+: 0x7f37d74fd660 0x7f37d74fd661
+B+: 0x7f37d74fd760 0x7f37d74fd7aa
+B+: 0x7f37d74fd7ab 0x7f37d74fd7af
+B+: 0x7f37d74fd7b0 0x7f37d74fd7be
+B+: 0x7f37d74fd7c8 0x7f37d74fd7d3
+B+: 0x7f37d74fd7d4 0x7f37d74fd7d8
+B+: 0x7f37d74fd7d9 0x7f37d74fd7e0
+B+: 0x7f37d74fd7e1 0x7f37d74fd7e5
+B+: 0x7f37d74fd7e6 0x7f37d74fd7f3
+B+: 0x7f37d74fd7f4 0x7f37d74fd7fb
+B+: 0x7f37d74fd800 0x7f37d74fd810
+B+: 0x7f37d74fd811 0x7f37d74fd815
+B+: 0x7f37d74fd816 0x7f37d74fd832
+B+: 0x7f37d74fd833 0x7f37d74fd843
+B+: 0x7f37d74fd844 0x7f37d74fd84f
+B+: 0x7f37d74fd850 0x7f37d74fd857
+B+: 0x7f37d74fd858 0x7f37d74fd85c
+B+: 0x7f37d74fd85d 0x7f37d74fd868
+B+: 0x7f37d74fd869 0x7f37d74fd87b
+B+: 0x7f37d74fd87c 0x7f37d74fd884
+B+: 0x7f37d74fd888 0x7f37d74fd897
+B+: 0x7f37d74fd898 0x7f37d74fd89b
+B+: 0x7f37d74fd89c 0x7f37d74fd8b4
+B+: 0x7f37d74fd8b5 0x7f37d74fd8b8
+B+: 0x7f37d74fd8b9 0x7f37d74fd8c6
+B+: 0x7f37d74fd8c7 0x7f37d74fd8d5
+B+: 0x7f37d74fddc0 0x7f37d74fddec
+B+: 0x7f37d74fdded 0x7f37d74fddf2
+B+: 0x7f37d74fddf3 0x7f37d74fde04
+B+: 0x7f37d74fde05 0x7f37d74fde0d
+B+: 0x7f37d74fde0e 0x7f37d74fde1c
+CND+ 0x7f37d74ec00e: taken
+CND+ 0x7f37d74ec5ea: not taken
+CND+ 0x7f37d74ec626: not taken
+CND+ 0x7f37d74ec63b: taken
+CND+ 0x7f37d74ec673: not taken
+CND+ 0x7f37d74ec687: not taken
+CND+ 0x7f37d74ec695: not taken
+CND+ 0x7f37d74ec7e2: taken
+CND+ 0x7f37d74ec862: not taken
+CND+ 0x7f37d74ec87c: both
+CND+ 0x7f37d74ec8a9: not taken
+CND+ 0x7f37d74eca5d: not taken
+CND+ 0x7f37d74eca62: taken
+CND+ 0x7f37d74ed6e6: not taken
+CND+ 0x7f37d74ed704: taken
+CND+ 0x7f37d74ed71a: not taken
+CND+ 0x7f37d74ed71f: taken
+CND+ 0x7f37d74ed72f: taken
+CND+ 0x7f37d74ed74c: not taken
+CND+ 0x7f37d74ed756: not taken
+CND+ 0x7f37d74ed78f: not taken
+CND+ 0x7f37d74ed79b: taken
+CND+ 0x7f37d74ee079: taken
+CND+ 0x7f37d74ee11b: not taken
+CND+ 0x7f37d74ee149: not taken
+CND+ 0x7f37d74ee158: not taken
+CND+ 0x7f37d74ee190: not taken
+CND+ 0x7f37d74ee1ce: taken
+CND+ 0x7f37d74eec20: not taken
+CND+ 0x7f37d74eec2d: taken
+CND+ 0x7f37d74eec48: not taken
+CND+ 0x7f37d74eec5f: both
+CND+ 0x7f37d74eec88: not taken
+CND+ 0x7f37d74eeed2: taken
+CND+ 0x7f37d74eef55: not taken
+CND+ 0x7f37d74eef7e: not taken
+CND+ 0x7f37d74eef8a: not taken
+CND+ 0x7f37d74eef93: both
+CND+ 0x7f37d74eefc4: not taken
+CND+ 0x7f37d74eefe2: both
+CND+ 0x7f37d74eeffb: taken
+CND+ 0x7f37d74ef05a: taken
+CND+ 0x7f37d74ef0af: not taken
+CND+ 0x7f37d74ef0b8: taken
+CND+ 0x7f37d74ef0e0: taken
+CND+ 0x7f37d74ef116: not taken
+CND+ 0x7f37d74ef15a: not taken
+CND+ 0x7f37d74ef163: taken
+CND+ 0x7f37d74ef21b: taken
+CND+ 0x7f37d74ef24a: taken
+CND+ 0x7f37d74ef27c: not taken
+CND+ 0x7f37d74ef36a: taken
+CND+ 0x7f37d74ef520: not taken
+CND+ 0x7f37d74ef529: not taken
+CND+ 0x7f37d74ef532: taken
+CND+ 0x7f37d74ef8eb: not taken
+CND+ 0x7f37d74ef906: both
+CND+ 0x7f37d74ef93d: not taken
+CND+ 0x7f37d74ef985: both
+CND+ 0x7f37d74ef9f6: taken
+CND+ 0x7f37d74efa20: both
+CND+ 0x7f37d74efa29: not taken
+CND+ 0x7f37d74efa33: not taken
+CND+ 0x7f37d74efae4: not taken
+CND+ 0x7f37d74efafb: taken
+CND+ 0x7f37d74efb2a: both
+CND+ 0x7f37d74efb30: both
+CND+ 0x7f37d74efb40: taken
+CND+ 0x7f37d74efb60: not taken
+CND+ 0x7f37d74efb96: not taken
+CND+ 0x7f37d74efbe5: taken
+CND+ 0x7f37d74efda0: not taken
+CND+ 0x7f37d74efda9: not taken
+CND+ 0x7f37d74efdc8: both
+CND+ 0x7f37d74efdd0: both
+CND+ 0x7f37d74efe2e: taken
+CND+ 0x7f37d74efe57: not taken
+CND+ 0x7f37d74efeac: taken
+CND+ 0x7f37d74efed8: taken
+CND+ 0x7f37d74effa3: not taken
+CND+ 0x7f37d74effc0: taken
+CND+ 0x7f37d74f0019: not taken
+CND+ 0x7f37d74f0065: not taken
+CND+ 0x7f37d74f006f: not taken
+CND+ 0x7f37d74f0089: both
+CND+ 0x7f37d74f009d: not taken
+CND+ 0x7f37d74f00ab: taken
+CND+ 0x7f37d74f014c: not taken
+CND+ 0x7f37d74f0156: taken
+CND+ 0x7f37d74f01cc: taken
+CND+ 0x7f37d74f01ee: taken
+CND+ 0x7f37d74f0811: both
+CND+ 0x7f37d74f081b: not taken
+CND+ 0x7f37d74f081f: not taken
+CND+ 0x7f37d74f0839: taken
+CND+ 0x7f37d74f0859: taken
+CND+ 0x7f37d74f0861: taken
+CND+ 0x7f37d74f145f: taken
+CND+ 0x7f37d74f1626: not taken
+CND+ 0x7f37d74f16ca: taken
+CND+ 0x7f37d74f1762: taken
+CND+ 0x7f37d74f22a4: taken
+CND+ 0x7f37d74f22bd: not taken
+CND+ 0x7f37d74f22cd: not taken
+CND+ 0x7f37d74f230f: taken
+CND+ 0x7f37d74f2327: taken
+CND+ 0x7f37d74f233a: not taken
+CND+ 0x7f37d74f2343: taken
+CND+ 0x7f37d74f2381: not taken
+CND+ 0x7f37d74f23d6: taken
+CND+ 0x7f37d74f23e7: taken
+CND+ 0x7f37d74f2895: not taken
+CND+ 0x7f37d74f28a8: not taken
+CND+ 0x7f37d74f28d2: not taken
+CND+ 0x7f37d74f2907: not taken
+CND+ 0x7f37d74f2942: taken
+CND+ 0x7f37d74f2953: not taken
+CND+ 0x7f37d74f2963: taken
+CND+ 0x7f37d74f2a7b: not taken
+CND+ 0x7f37d74f2dbc: both
+CND+ 0x7f37d74f2dc9: both
+CND+ 0x7f37d74f2e03: not taken
+CND+ 0x7f37d74f2e0d: not taken
+CND+ 0x7f37d74f2e18: taken
+CND+ 0x7f37d74f31a1: not taken
+CND+ 0x7f37d74f31ab: not taken
+CND+ 0x7f37d74f31e4: taken
+CND+ 0x7f37d74f31f2: taken
+CND+ 0x7f37d74f320a: not taken
+CND+ 0x7f37d74f3225: not taken
+CND+ 0x7f37d74f322f: not taken
+CND+ 0x7f37d74f3247: taken
+CND+ 0x7f37d74f3533: taken
+CND+ 0x7f37d74f3582: taken
+CND+ 0x7f37d74f3655: taken
+CND+ 0x7f37d74f3698: taken
+CND+ 0x7f37d74f3703: not taken
+CND+ 0x7f37d74f370c: taken
+CND+ 0x7f37d74f3725: not taken
+CND+ 0x7f37d74f3742: not taken
+CND+ 0x7f37d74f375a: not taken
+CND+ 0x7f37d74f3765: not taken
+CND+ 0x7f37d74f3792: not taken
+CND+ 0x7f37d74f3797: taken
+CND+ 0x7f37d74f37a9: taken
+CND+ 0x7f37d74f37ad: not taken
+CND+ 0x7f37d74f37bc: taken
+CND+ 0x7f37d74f37ce: taken
+CND+ 0x7f37d74f3848: taken
+CND+ 0x7f37d74f3889: not taken
+CND+ 0x7f37d74f389b: not taken
+CND+ 0x7f37d74f38a8: taken
+CND+ 0x7f37d74f3c2f: not taken
+CND+ 0x7f37d74f3c57: taken
+CND+ 0x7f37d74f3c65: not taken
+CND+ 0x7f37d74f3c6e: taken
+CND+ 0x7f37d74f3c86: not taken
+CND+ 0x7f37d74f3cae: taken
+CND+ 0x7f37d74f4366: taken
+CND+ 0x7f37d74f49d6: taken
+CND+ 0x7f37d74f4a31: not taken
+CND+ 0x7f37d74f4a51: taken
+CND+ 0x7f37d74f4aad: not taken
+CND+ 0x7f37d74f4ab5: taken
+CND+ 0x7f37d74f4b00: taken
+CND+ 0x7f37d74f4b5a: not taken
+CND+ 0x7f37d74f4b62: not taken
+CND+ 0x7f37d74f4b6b: not taken
+CND+ 0x7f37d74f4b75: not taken
+CND+ 0x7f37d74f4b7f: taken
+CND+ 0x7f37d74f4b9b: taken
+CND+ 0x7f37d74f4c3c: taken
+CND+ 0x7f37d74f4ed9: not taken
+CND+ 0x7f37d74f4ee6: not taken
+CND+ 0x7f37d74f4f01: not taken
+CND+ 0x7f37d74f4f1a: not taken
+CND+ 0x7f37d74f4f20: not taken
+CND+ 0x7f37d74f4f26: taken
+CND+ 0x7f37d74f576c: not taken
+CND+ 0x7f37d74f578c: not taken
+CND+ 0x7f37d74f57d8: both
+CND+ 0x7f37d74f57e1: taken
+CND+ 0x7f37d74f5806: not taken
+CND+ 0x7f37d74f5840: not taken
+CND+ 0x7f37d74f584a: not taken
+CND+ 0x7f37d74f5965: both
+CND+ 0x7f37d74f5989: not taken
+CND+ 0x7f37d74f59b2: not taken
+CND+ 0x7f37d74f59bc: not taken
+CND+ 0x7f37d74f59e3: not taken
+CND+ 0x7f37d74f5a13: taken
+CND+ 0x7f37d74f5afd: not taken
+CND+ 0x7f37d74f5b1a: not taken
+CND+ 0x7f37d74f5b61: taken
+CND+ 0x7f37d74f6711: not taken
+CND+ 0x7f37d74f671d: not taken
+CND+ 0x7f37d74f6722: not taken
+CND+ 0x7f37d74f6748: not taken
+CND+ 0x7f37d74f674c: not taken
+CND+ 0x7f37d74f675f: not taken
+CND+ 0x7f37d74f67a4: not taken
+CND+ 0x7f37d74f68f3: both
+CND+ 0x7f37d74f690f: both
+CND+ 0x7f37d74f6911: not taken
+CND+ 0x7f37d74f691a: taken
+CND+ 0x7f37d74f6a92: not taken
+CND+ 0x7f37d74f6aba: not taken
+CND+ 0x7f37d74f6ad5: both
+CND+ 0x7f37d74f6ade: taken
+CND+ 0x7f37d74f6af7: not taken
+CND+ 0x7f37d74f6b01: not taken
+CND+ 0x7f37d74f6b05: not taken
+CND+ 0x7f37d74f6b19: taken
+CND+ 0x7f37d74f6c50: not taken
+CND+ 0x7f37d74f6c62: taken
+CND+ 0x7f37d74f6db1: not taken
+CND+ 0x7f37d74f6dea: both
+CND+ 0x7f37d74f6e13: not taken
+CND+ 0x7f37d74f6e20: taken
+CND+ 0x7f37d74f6e2d: not taken
+CND+ 0x7f37d74f6e43: not taken
+CND+ 0x7f37d74f6e4f: both
+CND+ 0x7f37d74f6e58: not taken
+CND+ 0x7f37d74f6e72: taken
+CND+ 0x7f37d74f6ee7: taken
+CND+ 0x7f37d74f775d: both
+CND+ 0x7f37d74f776f: not taken
+CND+ 0x7f37d74f7782: both
+CND+ 0x7f37d74f7787: both
+CND+ 0x7f37d74f7795: both
+CND+ 0x7f37d74f78b1: not taken
+CND+ 0x7f37d74f78dc: not taken
+CND+ 0x7f37d74f78ea: not taken
+CND+ 0x7f37d74f78ec: both
+CND+ 0x7f37d74f78f5: not taken
+CND+ 0x7f37d74f78fb: taken
+CND+ 0x7f37d74f7943: not taken
+CND+ 0x7f37d74f794c: taken
+CND+ 0x7f37d74f7983: not taken
+CND+ 0x7f37d74f7989: both
+CND+ 0x7f37d74f7990: not taken
+CND+ 0x7f37d74f79ab: taken
+CND+ 0x7f37d74f7a0b: taken
+CND+ 0x7f37d74f7b10: both
+CND+ 0x7f37d74f7b1c: not taken
+CND+ 0x7f37d74f7b21: both
+CND+ 0x7f37d74f7b2f: not taken
+CND+ 0x7f37d74f7b37: both
+CND+ 0x7f37d74f7b44: both
+CND+ 0x7f37d74f7b5e: taken
+CND+ 0x7f37d74f7b92: both
+CND+ 0x7f37d74f7b9b: taken
+CND+ 0x7f37d74f7bfb: taken
+CND+ 0x7f37d74f7d68: both
+CND+ 0x7f37d74f7d71: taken
+CND+ 0x7f37d74f7d8b: not taken
+CND+ 0x7f37d74f7da3: taken
+CND+ 0x7f37d74f7ddd: taken
+CND+ 0x7f37d74f7e02: not taken
+CND+ 0x7f37d74f7e0b: taken
+CND+ 0x7f37d74f7e2f: not taken
+CND+ 0x7f37d74f7e35: taken
+CND+ 0x7f37d74f7e4f: not taken
+CND+ 0x7f37d74f7e58: both
+CND+ 0x7f37d74f7f7d: not taken
+CND+ 0x7f37d74f802c: not taken
+CND+ 0x7f37d74f80c7: not taken
+CND+ 0x7f37d74f80d0: both
+CND+ 0x7f37d74f80d9: not taken
+CND+ 0x7f37d74f85a7: both
+CND+ 0x7f37d74f85ed: not taken
+CND+ 0x7f37d74f85f2: taken
+CND+ 0x7f37d74f8682: not taken
+CND+ 0x7f37d74f86a1: not taken
+CND+ 0x7f37d74f87bb: not taken
+CND+ 0x7f37d74f8835: not taken
+CND+ 0x7f37d74f8870: not taken
+CND+ 0x7f37d74f888e: not taken
+CND+ 0x7f37d74f889e: not taken
+CND+ 0x7f37d74f89ca: both
+CND+ 0x7f37d74f89ea: taken
+CND+ 0x7f37d74f89f6: taken
+CND+ 0x7f37d74f8a15: taken
+CND+ 0x7f37d74f8a38: not taken
+CND+ 0x7f37d74f8a48: taken
+CND+ 0x7f37d74f8abb: not taken
+CND+ 0x7f37d74f914f: not taken
+CND+ 0x7f37d74f916f: not taken
+CND+ 0x7f37d74f917e: taken
+CND+ 0x7f37d74f9a5f: taken
+CND+ 0x7f37d74f9b46: not taken
+CND+ 0x7f37d74f9b50: taken
+CND+ 0x7f37d74f9b69: taken
+CND+ 0x7f37d74f9b93: taken
+CND+ 0x7f37d74f9d2b: taken
+CND+ 0x7f37d74f9e50: not taken
+CND+ 0x7f37d74fa227: taken
+CND+ 0x7f37d74fa25f: not taken
+CND+ 0x7f37d74fa278: taken
+CND+ 0x7f37d74fa2b9: not taken
+CND+ 0x7f37d74fa2d7: taken
+CND+ 0x7f37d74fa30b: taken
+CND+ 0x7f37d74fa383: taken
+CND+ 0x7f37d74fa3e2: taken
+CND+ 0x7f37d74fa456: taken
+CND+ 0x7f37d74fa488: both
+CND+ 0x7f37d74fa48c: not taken
+CND+ 0x7f37d74fa493: not taken
+CND+ 0x7f37d74fa498: both
+CND+ 0x7f37d74fa4e0: not taken
+CND+ 0x7f37d74fa512: not taken
+CND+ 0x7f37d74fa519: taken
+CND+ 0x7f37d74fa548: not taken
+CND+ 0x7f37d74fa54d: not taken
+CND+ 0x7f37d74fa5c9: not taken
+CND+ 0x7f37d74fa5d7: taken
+CND+ 0x7f37d74fa6f8: taken
+CND+ 0x7f37d74fa7b9: not taken
+CND+ 0x7f37d74fa830: not taken
+CND+ 0x7f37d74fa846: taken
+CND+ 0x7f37d74fa86e: not taken
+CND+ 0x7f37d74fab09: not taken
+CND+ 0x7f37d74fab13: not taken
+CND+ 0x7f37d74fac18: taken
+CND+ 0x7f37d74fac9d: not taken
+CND+ 0x7f37d74fadfa: taken
+CND+ 0x7f37d74fc946: both
+CND+ 0x7f37d74fc963: both
+CND+ 0x7f37d74fc968: not taken
+CND+ 0x7f37d74fc96e: not taken
+CND+ 0x7f37d74fc986: not taken
+CND+ 0x7f37d74fc98b: both
+CND+ 0x7f37d74fc99a: both
+CND+ 0x7f37d74fc99f: both
+CND+ 0x7f37d74fc9ac: both
+CND+ 0x7f37d74fc9b7: both
+CND+ 0x7f37d74fc9c4: not taken
+CND+ 0x7f37d74fca10: not taken
+CND+ 0x7f37d74fca15: taken
+CND+ 0x7f37d74fca2e: both
+CND+ 0x7f37d74fca32: both
+CND+ 0x7f37d74fca5c: both
+CND+ 0x7f37d74fcadd: not taken
+CND+ 0x7f37d74fcae2: not taken
+CND+ 0x7f37d74fcafe: not taken
+CND+ 0x7f37d74fcb02: both
+CND+ 0x7f37d74fcb48: both
+CND+ 0x7f37d74fcb52: not taken
+CND+ 0x7f37d74fcb5c: not taken
+CND+ 0x7f37d74fcb65: both
+CND+ 0x7f37d74fcb6b: taken
+CND+ 0x7f37d74fcb75: not taken
+CND+ 0x7f37d74fcb95: not taken
+CND+ 0x7f37d74fcba2: not taken
+CND+ 0x7f37d74fcbc4: not taken
+CND+ 0x7f37d74fcbce: not taken
+CND+ 0x7f37d74fcbf6: taken
+CND+ 0x7f37d74fcc24: taken
+CND+ 0x7f37d74fcce1: not taken
+CND+ 0x7f37d74fccea: not taken
+CND+ 0x7f37d74fccf3: not taken
+CND+ 0x7f37d74fcd25: not taken
+CND+ 0x7f37d74fcd53: not taken
+CND+ 0x7f37d74fcd5d: not taken
+CND+ 0x7f37d74fceb5: not taken
+CND+ 0x7f37d74fceba: not taken
+CND+ 0x7f37d74fced8: both
+CND+ 0x7f37d74fcedc: taken
+CND+ 0x7f37d74fcf0f: not taken
+CND+ 0x7f37d74fcf15: not taken
+CND+ 0x7f37d74fd46f: not taken
+CND+ 0x7f37d74fd53d: not taken
+CND+ 0x7f37d74fd547: not taken
+CND+ 0x7f37d74fd605: not taken
+CND+ 0x7f37d74fd60f: not taken
+CND+ 0x7f37d74fd647: not taken
+CND+ 0x7f37d74fd65e: not taken
+CND+ 0x7f37d74fd7bd: taken
+CND+ 0x7f37d74fd7d2: taken
+CND+ 0x7f37d74fd7df: not taken
+CND+ 0x7f37d74fd7e4: both
+CND+ 0x7f37d74fd7fa: taken
+CND+ 0x7f37d74fd856: not taken
+CND+ 0x7f37d74fd85b: taken
+CND+ 0x7f37d74fd87a: not taken
+CND+ 0x7f37d74fd89a: not taken
+CND+ 0x7f37d74fd8b7: not taken
+CND+ 0x7f37d74fd8c5: not taken
+CND+ 0x7f37d74fd8d4: taken
+CND+ 0x7f37d74fddf1: not taken
+CND+ 0x7f37d74fde0c: not taken
@0x7f37d74ec350 to 0x7f37db068220 1
@0x7f37d74ec370 to 0x7f37db08a800 2
@0x7f37d74ec390 to 0x7f37db0253e0 23
@0x7f37d74ec3b0 to 0x7f37db068230 1
@0x7f37d74ec3c0 to 0x7f37db0f7e90 22
@0x7f37d74ec3e0 to 0x7f37db0a8ba0 1
@0x7f37d74ec410 to 0x7f37db025c80 1
@0x7f37d74ec460 to 0x7f37db0fd0e0 13
@0x7f37d74ec510 to 0x7f37db0681f0 1
@0x7f37d74ec560 to 0x7f37db0674e0 1
@0x7f37d74ec570 to 0x7f37dafd1580 191
@0x7f37d74f7f91 to 0x7f37d74f8075 1
@0x7f37d74ec784 to 0x7f37dafc4fb0 1
@0x7f37d74fde01 to 0x7f37d74ec840 1
@0x7f37d74fa55f to 0x7f37d74fa580 1
@0x7f37d74fa55f to 0x7f37d74fa5c0 1
@0x7f37d74fa55f to 0x7f37d74fa5a8 2
@0x7f37d74f88af to 0x7f37d74f8a01 183
@0x7f37d74f88af to 0x7f37d74f89f0 10
@0x7f37d74f88af to 0x7f37d74f8a28 1
@0x7f37d74fcc19 to 0x7f37d74f07d0 1
@0x7f37d74fcc19 to 0x7f37d74f7120 1
@0x7f37d74ec050 to 0x7f37db025a30 4
@0x7f37d74ec080 to 0x7f37dafc5330 2
@0x7f37d74ec090 to 0x7f37db067710 1
@0x7f37d74ec0a0 to 0x7f37db03de70 5
@0x7f37d74ec0d0 to 0x7f37dafd8a20 7
@0x7f37d74ec0f0 to 0x7f37db0fc800 4
@0x7f37d74ec130 to 0x7f37db0681e0 1
@0x7f37d74ec140 to 0x7f37dafdcc10 1
@0x7f37d74ec150 to 0x7f37db08a800 4
@0x7f37d74ec160 to 0x7f37db067230 1
@0x7f37d74ec190 to 0x7f37db0fcbc0 8
@0x7f37d74ec1c0 to 0x7f37db068200 1
@0x7f37d74ec1e0 to 0x7f37db0fc5d0 1
@0x7f37d74ec220 to 0x7f37db068210 2
@0x7f37d74ec230 to 0x7f37db08bb10 1
@0x7f37d74ee16e to 0x7f37d74ee1c0 1
@0x7f37d74ec280 to 0x7f37db0f7d10 11
@0x7f37d74ec2a0 to 0x7f37dafd8450 4
@0x7f37d74ee1ac to 0x7f37d74eee90 1
@0x7f37d74ec2d0 to 0x7f37db0f8100 9
@0x7f37d74ec320 to 0x7f37dafd90f0 4
@0x7f37d74ec330 to 0x7f37db0fd100 6
