MODULE_NAME: /bin/dash
MODULE_START: 0x7f00e230b000
+B+: 0x7f00e230f000 0x7f00e230f00f
+B+: 0x7f00e230f012 0x7f00e230f016
+B+: 0x7f00e230f050 0x7f00e230f055
+B+: 0x7f00e230f080 0x7f00e230f085
+B+: 0x7f00e230f090 0x7f00e230f095
+B+: 0x7f00e230f0a0 0x7f00e230f0a5
+B+: 0x7f00e230f0d0 0x7f00e230f0d5
+B+: 0x7f00e230f0f0 0x7f00e230f0f5
+B+: 0x7f00e230f130 0x7f00e230f135
+B+: 0x7f00e230f140 0x7f00e230f145
+B+: 0x7f00e230f150 0x7f00e230f155
+B+: 0x7f00e230f160 0x7f00e230f165
+B+: 0x7f00e230f190 0x7f00e230f195
+B+: 0x7f00e230f1c0 0x7f00e230f1c5
+B+: 0x7f00e230f1e0 0x7f00e230f1e5
+B+: 0x7f00e230f220 0x7f00e230f225
+B+: 0x7f00e230f230 0x7f00e230f235
+B+: 0x7f00e230f280 0x7f00e230f285
+B+: 0x7f00e230f2a0 0x7f00e230f2a5
+B+: 0x7f00e230f2d0 0x7f00e230f2d5
+B+: 0x7f00e230f320 0x7f00e230f325
+B+: 0x7f00e230f330 0x7f00e230f335
+B+: 0x7f00e230f350 0x7f00e230f355
+B+: 0x7f00e230f370 0x7f00e230f375
+B+: 0x7f00e230f390 0x7f00e230f395
+B+: 0x7f00e230f3b0 0x7f00e230f3b5
+B+: 0x7f00e230f3c0 0x7f00e230f3c5
+B+: 0x7f00e230f3e0 0x7f00e230f3e5
+B+: 0x7f00e230f410 0x7f00e230f415
+B+: 0x7f00e230f460 0x7f00e230f465
+B+: 0x7f00e230f510 0x7f00e230f515
+B+: 0x7f00e230f560 0x7f00e230f565
+B+: 0x7f00e230f570 0x7f00e230f575
+B+: 0x7f00e230f590 0x7f00e230f5b8
+B+: 0x7f00e230f5b9 0x7f00e230f5c4
+B+: 0x7f00e230f5c5 0x7f00e230f5cf
+B+: 0x7f00e230f5d0 0x7f00e230f5e7
+B+: 0x7f00e230f5e8 0x7f00e230f5ef
+B+: 0x7f00e230f5f0 0x7f00e230f600
+B+: 0x7f00e230f601 0x7f00e230f60b
+B+: 0x7f00e230f60c 0x7f00e230f615
+B+: 0x7f00e230f616 0x7f00e230f623
+B+: 0x7f00e230f624 0x7f00e230f62b
+B+: 0x7f00e230f62c 0x7f00e230f63c
+B+: 0x7f00e230f657 0x7f00e230f660
+B+: 0x7f00e230f661 0x7f00e230f678
+B+: 0x7f00e230f679 0x7f00e230f67f
+B+: 0x7f00e230f680 0x7f00e230f68c
+B+: 0x7f00e230f68d 0x7f00e230f696
+B+: 0x7f00e230f697 0x7f00e230f69b
+B+: 0x7f00e230f760 0x7f00e230f789
+B+: 0x7f00e230f7c0 0x7f00e230f7e3
+B+: 0x7f00e230f7f8 0x7f00e230f7f8
+B+: 0x7f00e230f840 0x7f00e230f844
+B+: 0x7f00e230f850 0x7f00e230f863
+B+: 0x7f00e230f864 0x7f00e230f86f
+B+: 0x7f00e230f870 0x7f00e230f87d
+B+: 0x7f00e230f87e 0x7f00e230f8aa
+B+: 0x7f00e230f8ab 0x7f00e230f8ac
+B+: 0x7f00e230f8cb 0x7f00e230f8d2
+B+: 0x7f00e230fa50 0x7f00e230fa57
+B+: 0x7f00e230fa58 0x7f00e230fa5e
+B+: 0x7f00e230fa5f 0x7f00e230fa63
+B+: 0x7f00e230fa71 0x7f00e230fa72
+B+: 0x7f00e23106d0 0x7f00e23106eb
+B+: 0x7f00e23106ec 0x7f00e2310705
+B+: 0x7f00e2310717 0x7f00e231071b
+B+: 0x7f00e231071c 0x7f00e2310720
+B+: 0x7f00e231072c 0x7f00e2310730
+B+: 0x7f00e231073e 0x7f00e231074d
+B+: 0x7f00e231074e 0x7f00e2310757
+B+: 0x7f00e2310758 0x7f00e2310775
+B+: 0x7f00e2310780 0x7f00e2310788
+B+: 0x7f00e2310789 0x7f00e2310790
+B+: 0x7f00e2310791 0x7f00e231079c
+B+: 0x7f00e2311060 0x7f00e231107e
+B+: 0x7f00e231110d 0x7f00e231111c
+B+: 0x7f00e231111d 0x7f00e2311123
+B+: 0x7f00e2311140 0x7f00e231114a
+B+: 0x7f00e231114b 0x7f00e2311152
+B+: 0x7f00e2311153 0x7f00e231115d
+B+: 0x7f00e231115e 0x7f00e231116f
+B+: 0x7f00e2311188 0x7f00e231118c
+B+: 0x7f00e231118d 0x7f00e2311191
+B+: 0x7f00e2311192 0x7f00e231119c
+B+: 0x7f00e23111a7 0x7f00e23111ad
+B+: 0x7f00e23111ae 0x7f00e23111b5
+B+: 0x7f00e23111c0 0x7f00e23111cf
+B+: 0x7f00e2311bc0 0x7f00e2311bfa
+B+: 0x7f00e2311bfb 0x7f00e2311c07
+B+: 0x7f00e2311c08 0x7f00e2311c0f
+B+: 0x7f00e2311c10 0x7f00e2311c11
+B+: 0x7f00e2311c18 0x7f00e2311c21
+B+: 0x7f00e2311c22 0x7f00e2311c2e
+B+: 0x7f00e2311c32 0x7f00e2311c39
+B+: 0x7f00e2311c3a 0x7f00e2311c49
+B+: 0x7f00e2311c4a 0x7f00e2311c51
+B+: 0x7f00e2311c52 0x7f00e2311c58
+B+: 0x7f00e2311c59 0x7f00e2311c60
+B+: 0x7f00e2311c61 0x7f00e2311c68
+B+: 0x7f00e2311c69 0x7f00e2311c6d
+B+: 0x7f00e2311c6e 0x7f00e2311c77
+B+: 0x7f00e2311c78 0x7f00e2311c89
+B+: 0x7f00e2311c8a 0x7f00e2311c98
+B+: 0x7f00e2311e90 0x7f00e2311ed3
+B+: 0x7f00e2311edf 0x7f00e2311ef5
+B+: 0x7f00e2311ef6 0x7f00e2311efa
+B+: 0x7f00e2311efb 0x7f00e2311f5a
+B+: 0x7f00e2311f5b 0x7f00e2311f67
+B+: 0x7f00e2311f68 0x7f00e2311f77
+B+: 0x7f00e2311f78 0x7f00e2311f7f
+B+: 0x7f00e2311f80 0x7f00e2311f8b
+B+: 0x7f00e2311f8c 0x7f00e2311f94
+B+: 0x7f00e2311f95 0x7f00e2311f9b
+B+: 0x7f00e2311fa0 0x7f00e2311faf
+B+: 0x7f00e2311fb0 0x7f00e2311fc5
+B+: 0x7f00e2311fc6 0x7f00e2311fcf
+B+: 0x7f00e2311fd0 0x7f00e2311fe3
+B+: 0x7f00e2311fe4 0x7f00e2311ffc
+B+: 0x7f00e2312019 0x7f00e231202b
+B+: 0x7f00e231202c 0x7f00e2312034
+B+: 0x7f00e2312035 0x7f00e2312047
+B+: 0x7f00e2312048 0x7f00e231205b
+B+: 0x7f00e23120a8 0x7f00e23120b4
+B+: 0x7f00e23120b5 0x7f00e23120b9
+B+: 0x7f00e23120db 0x7f00e23120e1
+B+: 0x7f00e23120f0 0x7f00e2312103
+B+: 0x7f00e2312104 0x7f00e2312113
+B+: 0x7f00e2312114 0x7f00e231211b
+B+: 0x7f00e231211c 0x7f00e2312122
+B+: 0x7f00e2312123 0x7f00e2312152
+B+: 0x7f00e2312153 0x7f00e231215f
+B+: 0x7f00e2312160 0x7f00e2312168
+B+: 0x7f00e2312216 0x7f00e231221c
+B+: 0x7f00e2312224 0x7f00e231222d
+B+: 0x7f00e231222e 0x7f00e2312237
+B+: 0x7f00e2312238 0x7f00e2312241
+B+: 0x7f00e2312242 0x7f00e231224b
+B+: 0x7f00e231225d 0x7f00e2312266
+B+: 0x7f00e2312267 0x7f00e2312281
+B+: 0x7f00e2312282 0x7f00e2312293
+B+: 0x7f00e231234c 0x7f00e2312353
+B+: 0x7f00e2312354 0x7f00e231236f
+B+: 0x7f00e231251b 0x7f00e2312525
+B+: 0x7f00e2312526 0x7f00e231252e
+B+: 0x7f00e231252f 0x7f00e2312537
+B+: 0x7f00e23128d0 0x7f00e23128ec
+B+: 0x7f00e23128ed 0x7f00e23128f1
+B+: 0x7f00e23128f8 0x7f00e23128fa
+B+: 0x7f00e23128fb 0x7f00e2312907
+B+: 0x7f00e2312908 0x7f00e231293e
+B+: 0x7f00e231293f 0x7f00e2312940
+B+: 0x7f00e2312963 0x7f00e2312977
+B+: 0x7f00e2312980 0x7f00e2312986
+B+: 0x7f00e2312987 0x7f00e231298e
+B+: 0x7f00e231298f 0x7f00e2312997
+B+: 0x7f00e2312998 0x7f00e23129ba
+B+: 0x7f00e23129bb 0x7f00e23129bc
+B+: 0x7f00e23129c0 0x7f00e23129e7
+B+: 0x7f00e23129e8 0x7f00e23129f7
+B+: 0x7f00e2312a19 0x7f00e2312a21
+B+: 0x7f00e2312a22 0x7f00e2312a2a
+B+: 0x7f00e2312a2b 0x7f00e2312a34
+B+: 0x7f00e2312a35 0x7f00e2312a3f
+B+: 0x7f00e2312ad0 0x7f00e2312ae9
+B+: 0x7f00e2312aea 0x7f00e2312b00
+B+: 0x7f00e2312b10 0x7f00e2312b1f
+B+: 0x7f00e2312b20 0x7f00e2312b2b
+B+: 0x7f00e2312b2c 0x7f00e2312b31
+B+: 0x7f00e2312b32 0x7f00e2312b41
+B+: 0x7f00e2312b56 0x7f00e2312b61
+B+: 0x7f00e2312b62 0x7f00e2312b6f
+B+: 0x7f00e2312b70 0x7f00e2312b85
+B+: 0x7f00e2312b86 0x7f00e2312b97
+B+: 0x7f00e2312b98 0x7f00e2312bc0
+B+: 0x7f00e2312bc8 0x7f00e2312bcc
+B+: 0x7f00e2312bcd 0x7f00e2312bea
+B+: 0x7f00e2312d70 0x7f00e2312d98
+B+: 0x7f00e2312da0 0x7f00e2312da1
+B+: 0x7f00e2312da2 0x7f00e2312daa
+B+: 0x7f00e2312dab 0x7f00e2312dc5
+B+: 0x7f00e2312dc6 0x7f00e2312dc9
+B+: 0x7f00e2312dca 0x7f00e2312dd1
+B+: 0x7f00e2312dd2 0x7f00e2312de6
+B+: 0x7f00e2312df0 0x7f00e2312e2a
+B+: 0x7f00e2312e2b 0x7f00e2312e2f
+B+: 0x7f00e2312e46 0x7f00e2312e5c
+B+: 0x7f00e2312e5d 0x7f00e2312e6e
+B+: 0x7f00e2312e90 0x7f00e2312ead
+B+: 0x7f00e2312ec8 0x7f00e2312ed1
+B+: 0x7f00e2312ed2 0x7f00e2312edd
+B+: 0x7f00e2312f6c 0x7f00e2312f8f
+B+: 0x7f00e2312f90 0x7f00e2312f9c
+B+: 0x7f00e2312f9d 0x7f00e2312fa8
+B+: 0x7f00e2312fa9 0x7f00e2312fb0
+B+: 0x7f00e2312fb1 0x7f00e2312fc5
+B+: 0x7f00e2313008 0x7f00e2313012
+B+: 0x7f00e2313013 0x7f00e231301e
+B+: 0x7f00e231301f 0x7f00e231302e
+B+: 0x7f00e2313060 0x7f00e2313066
+B+: 0x7f00e2313067 0x7f00e2313074
+B+: 0x7f00e2313075 0x7f00e2313086
+B+: 0x7f00e2313087 0x7f00e231308e
+B+: 0x7f00e231308f 0x7f00e23130a2
+B+: 0x7f00e23130a3 0x7f00e23130b0
+B+: 0x7f00e2313100 0x7f00e2313116
+B+: 0x7f00e2313145 0x7f00e231314d
+B+: 0x7f00e231314e 0x7f00e2313157
+B+: 0x7f00e2313160 0x7f00e2313166
+B+: 0x7f00e23131c0 0x7f00e23131d1
+B+: 0x7f00e23131e8 0x7f00e23131ef
+B+: 0x7f00e2313248 0x7f00e231325b
+B+: 0x7f00e231325c 0x7f00e2313271
+B+: 0x7f00e23137d0 0x7f00e23137ff
+B+: 0x7f00e231380f 0x7f00e2313812
+B+: 0x7f00e2313813 0x7f00e231381c
+B+: 0x7f00e231381d 0x7f00e2313820
+B+: 0x7f00e2313821 0x7f00e231382f
+B+: 0x7f00e2313830 0x7f00e231383a
+B+: 0x7f00e231384f 0x7f00e231385a
+B+: 0x7f00e231385f 0x7f00e2313862
+B+: 0x7f00e2313870 0x7f00e2313877
+B+: 0x7f00e2313878 0x7f00e231388d
+B+: 0x7f00e2314440 0x7f00e2314464
+B+: 0x7f00e231461e 0x7f00e2314627
+B+: 0x7f00e2314628 0x7f00e2314631
+B+: 0x7f00e2314632 0x7f00e2314659
+B+: 0x7f00e23146af 0x7f00e23146bc
+B+: 0x7f00e23146c0 0x7f00e23146cb
+B+: 0x7f00e2314730 0x7f00e231473b
+B+: 0x7f00e2314740 0x7f00e231475e
+B+: 0x7f00e231475f 0x7f00e2314767
+B+: 0x7f00e23147d2 0x7f00e23147e3
+B+: 0x7f00e23148a0 0x7f00e23148a7
+B+: 0x7f00e2315260 0x7f00e23152a5
+B+: 0x7f00e23152b5 0x7f00e23152be
+B+: 0x7f00e23152bf 0x7f00e23152d2
+B+: 0x7f00e23152d3 0x7f00e23152fc
+B+: 0x7f00e23152fd 0x7f00e2315310
+B+: 0x7f00e2315324 0x7f00e2315328
+B+: 0x7f00e2315336 0x7f00e231533f
+B+: 0x7f00e2315340 0x7f00e2315344
+B+: 0x7f00e2315370 0x7f00e2315386
+B+: 0x7f00e2315387 0x7f00e2315398
+B+: 0x7f00e23153a0 0x7f00e23153b6
+B+: 0x7f00e23153b7 0x7f00e23153d7
+B+: 0x7f00e23153dd 0x7f00e23153ec
+B+: 0x7f00e2315850 0x7f00e2315886
+B+: 0x7f00e2315887 0x7f00e231589a
+B+: 0x7f00e231589b 0x7f00e23158ad
+B+: 0x7f00e23158ae 0x7f00e23158c4
+B+: 0x7f00e23158c5 0x7f00e23158d7
+B+: 0x7f00e23158d8 0x7f00e23158e7
+B+: 0x7f00e23158e8 0x7f00e231590c
+B+: 0x7f00e231590d 0x7f00e2315915
+B+: 0x7f00e2315924 0x7f00e2315933
+B+: 0x7f00e2315934 0x7f00e2315947
+B+: 0x7f00e2315948 0x7f00e2315954
+B+: 0x7f00e2315955 0x7f00e231595f
+B+: 0x7f00e2315960 0x7f00e2315964
+B+: 0x7f00e2315a6a 0x7f00e2315a7c
+B+: 0x7f00e2315a7d 0x7f00e2315a9c
+B+: 0x7f00e2315ba0 0x7f00e2315bad
+B+: 0x7f00e2315bae 0x7f00e2315be1
+B+: 0x7f00e2315bf0 0x7f00e2315bfb
+B+: 0x7f00e2315db0 0x7f00e2315dbd
+B+: 0x7f00e2315dbe 0x7f00e2315dca
+B+: 0x7f00e2315dcb 0x7f00e2315de3
+B+: 0x7f00e2315de8 0x7f00e2315df4
+B+: 0x7f00e2315df8 0x7f00e2315e04
+B+: 0x7f00e2315e05 0x7f00e2315e12
+B+: 0x7f00e2315e13 0x7f00e2315e1d
+B+: 0x7f00e2315eb4 0x7f00e2315ec1
+B+: 0x7f00e2316160 0x7f00e2316174
+B+: 0x7f00e2316175 0x7f00e2316187
+B+: 0x7f00e2316188 0x7f00e23161a2
+B+: 0x7f00e23161a3 0x7f00e23161ac
+B+: 0x7f00e23161ad 0x7f00e23161b3
+B+: 0x7f00e23161d0 0x7f00e23161e5
+B+: 0x7f00e23161eb 0x7f00e23161f3
+B+: 0x7f00e2316205 0x7f00e231620b
+B+: 0x7f00e231620c 0x7f00e231621d
+B+: 0x7f00e231621e 0x7f00e2316226
+B+: 0x7f00e2316227 0x7f00e2316230
+B+: 0x7f00e2316231 0x7f00e2316232
+B+: 0x7f00e2316240 0x7f00e2316248
+B+: 0x7f00e2316260 0x7f00e2316260
+B+: 0x7f00e2316520 0x7f00e2316534
+B+: 0x7f00e2316572 0x7f00e2316578
+B+: 0x7f00e2316580 0x7f00e2316583
+B+: 0x7f00e2316610 0x7f00e2316656
+B+: 0x7f00e231665b 0x7f00e2316686
+B+: 0x7f00e2316687 0x7f00e231669d
+B+: 0x7f00e23166fc 0x7f00e2316708
+B+: 0x7f00e2316709 0x7f00e2316711
+B+: 0x7f00e2316712 0x7f00e231672a
+B+: 0x7f00e231672b 0x7f00e231673c
+B+: 0x7f00e2316740 0x7f00e2316747
+B+: 0x7f00e2316748 0x7f00e231675f
+B+: 0x7f00e2316760 0x7f00e2316766
+B+: 0x7f00e2316767 0x7f00e2316780
+B+: 0x7f00e2316790 0x7f00e2316793
+B+: 0x7f00e2316794 0x7f00e2316798
+B+: 0x7f00e23167a2 0x7f00e23167aa
+B+: 0x7f00e23167ab 0x7f00e23167ae
+B+: 0x7f00e23167af 0x7f00e23167bd
+B+: 0x7f00e23167cb 0x7f00e23167d3
+B+: 0x7f00e2316825 0x7f00e2316841
+B+: 0x7f00e2316842 0x7f00e231684d
+B+: 0x7f00e231687e 0x7f00e231688e
+B+: 0x7f00e231688f 0x7f00e23168a0
+B+: 0x7f00e23168a1 0x7f00e23168ad
+B+: 0x7f00e2316c10 0x7f00e2316c30
+B+: 0x7f00e2316c31 0x7f00e2316c58
+B+: 0x7f00e2316c5e 0x7f00e2316c66
+B+: 0x7f00e2316c67 0x7f00e2316c6f
+B+: 0x7f00e2316c78 0x7f00e2316c87
+B+: 0x7f00e2316c88 0x7f00e2316c89
+B+: 0x7f00e2316ca0 0x7f00e2316caf
+B+: 0x7f00e2316cba 0x7f00e2316cc4
+B+: 0x7f00e2316ce0 0x7f00e2316ce8
+B+: 0x7f00e2317360 0x7f00e231736b
+B+: 0x7f00e2317480 0x7f00e2317480
+B+: 0x7f00e23179c0 0x7f00e23179db
+B+: 0x7f00e2317a16 0x7f00e2317a32
+B+: 0x7f00e2317a33 0x7f00e2317a52
+B+: 0x7f00e2317a63 0x7f00e2317a6a
+B+: 0x7f00e2317a90 0x7f00e2317aa6
+B+: 0x7f00e2317aa7 0x7f00e2317aae
+B+: 0x7f00e2317aaf 0x7f00e2317ab6
+B+: 0x7f00e2317af6 0x7f00e2317b01
+B+: 0x7f00e2317b0c 0x7f00e2317b34
+B+: 0x7f00e2317b40 0x7f00e2317b57
+B+: 0x7f00e2317b58 0x7f00e2317b5f
+B+: 0x7f00e2317b60 0x7f00e2317b67
+B+: 0x7f00e2317b68 0x7f00e2317b70
+B+: 0x7f00e2317b71 0x7f00e2317b7a
+B+: 0x7f00e2317b7b 0x7f00e2317b80
+B+: 0x7f00e2317b97 0x7f00e2317b9c
+B+: 0x7f00e2317c0a 0x7f00e2317c3d
+B+: 0x7f00e2317c47 0x7f00e2317c53
+B+: 0x7f00e2317ed0 0x7f00e2317ede
+B+: 0x7f00e2317edf 0x7f00e2317ee7
+B+: 0x7f00e2317ee8 0x7f00e2317efc
+B+: 0x7f00e2317efd 0x7f00e2317f02
+B+: 0x7f00e2317f03 0x7f00e2317f1b
+B+: 0x7f00e2317f1c 0x7f00e2317f21
+B+: 0x7f00e2317f22 0x7f00e2317f2b
+B+: 0x7f00e2317fc0 0x7f00e2317fc7
+B+: 0x7f00e2317fc8 0x7f00e2317fd0
+B+: 0x7f00e2318760 0x7f00e2318768
+B+: 0x7f00e2318769 0x7f00e231876d
+B+: 0x7f00e231876e 0x7f00e2318772
+B+: 0x7f00e2318780 0x7f00e2318788
+B+: 0x7f00e2318789 0x7f00e231878d
+B+: 0x7f00e231878e 0x7f00e2318792
+B+: 0x7f00e23187c0 0x7f00e23187d9
+B+: 0x7f00e23187da 0x7f00e23187e6
+B+: 0x7f00e23187f7 0x7f00e2318802
+B+: 0x7f00e2318803 0x7f00e231880b
+B+: 0x7f00e231880c 0x7f00e2318841
+B+: 0x7f00e2318842 0x7f00e231884b
+B+: 0x7f00e231884c 0x7f00e2318852
+B+: 0x7f00e2318853 0x7f00e2318875
+B+: 0x7f00e2318880 0x7f00e231888e
+B+: 0x7f00e23188b0 0x7f00e23188c8
+B+: 0x7f00e2318900 0x7f00e2318941
+B+: 0x7f00e2318950 0x7f00e2318966
+B+: 0x7f00e2318967 0x7f00e231897e
+B+: 0x7f00e231897f 0x7f00e231898a
+B+: 0x7f00e231898b 0x7f00e23189b3
+B+: 0x7f00e23189b4 0x7f00e23189bd
+B+: 0x7f00e23189be 0x7f00e23189bf
+B+: 0x7f00e23189d0 0x7f00e23189e8
+B+: 0x7f00e23189e9 0x7f00e2318a14
+B+: 0x7f00e2318a1e 0x7f00e2318a25
+B+: 0x7f00e2318a26 0x7f00e2318a33
+B+: 0x7f00e2318a34 0x7f00e2318a46
+B+: 0x7f00e2318ae0 0x7f00e2318afe
+B+: 0x7f00e2318aff 0x7f00e2318b0c
+B+: 0x7f00e2318b0d 0x7f00e2318b1b
+B+: 0x7f00e2318b1c 0x7f00e2318b2c
+B+: 0x7f00e2318b40 0x7f00e2318b62
+B+: 0x7f00e2318b98 0x7f00e2318ba9
+B+: 0x7f00e23196d0 0x7f00e23196f4
+B+: 0x7f00e23196f5 0x7f00e231970d
+B+: 0x7f00e231970e 0x7f00e2319712
+B+: 0x7f00e2319713 0x7f00e231971e
+B+: 0x7f00e231971f 0x7f00e2319723
+B+: 0x7f00e2319724 0x7f00e2319728
+B+: 0x7f00e2319729 0x7f00e2319730
+B+: 0x7f00e231973c 0x7f00e2319749
+B+: 0x7f00e231974a 0x7f00e231974d
+B+: 0x7f00e231974e 0x7f00e2319760
+B+: 0x7f00e2319761 0x7f00e231976b
+B+: 0x7f00e2319790 0x7f00e231979d
+B+: 0x7f00e231979e 0x7f00e23197a5
+B+: 0x7f00e23197a6 0x7f00e23197a7
+B+: 0x7f00e2319890 0x7f00e231989d
+B+: 0x7f00e231989e 0x7f00e23198a9
+B+: 0x7f00e23198aa 0x7f00e23198bd
+B+: 0x7f00e23198c0 0x7f00e23198ca
+B+: 0x7f00e23198d0 0x7f00e23198ef
+B+: 0x7f00e23198f0 0x7f00e23198f4
+B+: 0x7f00e23198f5 0x7f00e231990c
+B+: 0x7f00e231990d 0x7f00e2319910
+B+: 0x7f00e2319911 0x7f00e2319912
+B+: 0x7f00e2319913 0x7f00e231991b
+B+: 0x7f00e231991c 0x7f00e2319930
+B+: 0x7f00e2319938 0x7f00e231993c
+B+: 0x7f00e2319980 0x7f00e231998f
+B+: 0x7f00e2319990 0x7f00e231999b
+B+: 0x7f00e231999c 0x7f00e23199ab
+B+: 0x7f00e2319a80 0x7f00e2319a93
+B+: 0x7f00e2319a94 0x7f00e2319aac
+B+: 0x7f00e2319aad 0x7f00e2319abf
+B+: 0x7f00e2319ac0 0x7f00e2319ada
+B+: 0x7f00e2319adb 0x7f00e2319ae3
+B+: 0x7f00e2319aec 0x7f00e2319af8
+B+: 0x7f00e2319af9 0x7f00e2319b02
+B+: 0x7f00e2319b03 0x7f00e2319b06
+B+: 0x7f00e2319b07 0x7f00e2319b1a
+B+: 0x7f00e2319c49 0x7f00e2319c55
+B+: 0x7f00e2319c56 0x7f00e2319c67
+B+: 0x7f00e2319c82 0x7f00e2319c93
+B+: 0x7f00e2319d77 0x7f00e2319d82
+B+: 0x7f00e2319da0 0x7f00e2319db2
+B+: 0x7f00e2319db3 0x7f00e2319ddf
+B+: 0x7f00e2319de0 0x7f00e2319deb
+B+: 0x7f00e2319dec 0x7f00e2319dfc
+B+: 0x7f00e2319dfd 0x7f00e2319e18
+B+: 0x7f00e2319e19 0x7f00e2319e25
+B+: 0x7f00e2319e26 0x7f00e2319e2e
+B+: 0x7f00e2319e2f 0x7f00e2319e3f
+B+: 0x7f00e2319e40 0x7f00e2319e44
+B+: 0x7f00e2319e45 0x7f00e2319e50
+B+: 0x7f00e2319e51 0x7f00e2319e5d
+B+: 0x7f00e2319e5e 0x7f00e2319e77
+B+: 0x7f00e2319ece 0x7f00e2319ed2
+B+: 0x7f00e2319ed3 0x7f00e2319ede
+B+: 0x7f00e2319ee0 0x7f00e2319eec
+B+: 0x7f00e2319f60 0x7f00e2319f7c
+B+: 0x7f00e231a120 0x7f00e231a128
+B+: 0x7f00e231a129 0x7f00e231a147
+B+: 0x7f00e231a750 0x7f00e231a75e
+B+: 0x7f00e231a75f 0x7f00e231a763
+B+: 0x7f00e231a764 0x7f00e231a770
+B+: 0x7f00e231a771 0x7f00e231a777
+B+: 0x7f00e231a778 0x7f00e231a783
+B+: 0x7f00e231a784 0x7f00e231a788
+B+: 0x7f00e231a789 0x7f00e231a78d
+B+: 0x7f00e231a78e 0x7f00e231a796
+B+: 0x7f00e231a797 0x7f00e231a79e
+B+: 0x7f00e231a890 0x7f00e231a892
+B+: 0x7f00e231a8a7 0x7f00e231a8ab
+B+: 0x7f00e231a8ac 0x7f00e231a8b2
+B+: 0x7f00e231a8b3 0x7f00e231a8b6
+B+: 0x7f00e231a8d0 0x7f00e231a8e1
+B+: 0x7f00e231a8e2 0x7f00e231a8e6
+B+: 0x7f00e231a8e7 0x7f00e231a8eb
+B+: 0x7f00e231a8ec 0x7f00e231a8f1
+B+: 0x7f00e231a8f2 0x7f00e231a8fa
+B+: 0x7f00e231a8fb 0x7f00e231a8fc
+B+: 0x7f00e231a940 0x7f00e231a948
+B+: 0x7f00e231a949 0x7f00e231a951
+B+: 0x7f00e231a980 0x7f00e231a988
+B+: 0x7f00e231a989 0x7f00e231a98a
+B+: 0x7f00e231a98b 0x7f00e231a991
+B+: 0x7f00e231a992 0x7f00e231a9a2
+B+: 0x7f00e231a9a8 0x7f00e231a9ac
+B+: 0x7f00e231a9eb 0x7f00e231aa00
+B+: 0x7f00e231aa08 0x7f00e231aa10
+B+: 0x7f00e231aaf0 0x7f00e231ab11
+B+: 0x7f00e231ab12 0x7f00e231ab16
+B+: 0x7f00e231ab17 0x7f00e231ab1d
+B+: 0x7f00e231ab1e 0x7f00e231ab26
+B+: 0x7f00e231ab27 0x7f00e231ab34
+B+: 0x7f00e231ab35 0x7f00e231ab3c
+B+: 0x7f00e231ab3d 0x7f00e231ab49
+B+: 0x7f00e231ab4a 0x7f00e231ab5a
+B+: 0x7f00e231ab5b 0x7f00e231ab63
+B+: 0x7f00e231ab7f 0x7f00e231ab93
+B+: 0x7f00e231ab94 0x7f00e231ab9c
+B+: 0x7f00e231abe0 0x7f00e231abf7
+B+: 0x7f00e231abf8 0x7f00e231ac00
+B+: 0x7f00e231ac1b 0x7f00e231ac2b
+B+: 0x7f00e231ad40 0x7f00e231ad5e
+B+: 0x7f00e231ad5f 0x7f00e231ad6d
+B+: 0x7f00e231ad6e 0x7f00e231ad72
+B+: 0x7f00e231ad7d 0x7f00e231ad90
+B+: 0x7f00e231ad91 0x7f00e231ad95
+B+: 0x7f00e231ad96 0x7f00e231ad9a
+B+: 0x7f00e231ada0 0x7f00e231ada4
+B+: 0x7f00e231add5 0x7f00e231add9
+B+: 0x7f00e231adda 0x7f00e231adde
+B+: 0x7f00e231adf0 0x7f00e231adfb
+B+: 0x7f00e231adfc 0x7f00e231ae07
+B+: 0x7f00e231ae08 0x7f00e231ae10
+B+: 0x7f00e231ae2c 0x7f00e231ae30
+B+: 0x7f00e231ae31 0x7f00e231ae36
+B+: 0x7f00e231ae41 0x7f00e231ae45
+B+: 0x7f00e231ae46 0x7f00e231ae54
+B+: 0x7f00e231ae55 0x7f00e231ae5d
+B+: 0x7f00e231ae5e 0x7f00e231ae62
+B+: 0x7f00e231ae63 0x7f00e231ae74
+B+: 0x7f00e231ae78 0x7f00e231ae84
+B+: 0x7f00e231aea0 0x7f00e231aea4
+B+: 0x7f00e231aef0 0x7f00e231af03
+B+: 0x7f00e231af40 0x7f00e231af76
+B+: 0x7f00e231af77 0x7f00e231af82
+B+: 0x7f00e231af83 0x7f00e231af92
+B+: 0x7f00e231b01b 0x7f00e231b031
+B+: 0x7f00e231b032 0x7f00e231b040
+B+: 0x7f00e231b075 0x7f00e231b0b8
+B+: 0x7f00e231b0b9 0x7f00e231b0c3
+B+: 0x7f00e231b0c4 0x7f00e231b0cc
+B+: 0x7f00e231b0cd 0x7f00e231b0d5
+B+: 0x7f00e231b0d6 0x7f00e231b0de
+B+: 0x7f00e231b0df 0x7f00e231b106
+B+: 0x7f00e231b107 0x7f00e231b133
+B+: 0x7f00e231b578 0x7f00e231b581
+B+: 0x7f00e231b582 0x7f00e231b5a8
+B+: 0x7f00e231b5a9 0x7f00e231b5b6
+B+: 0x7f00e231b5d0 0x7f00e231b5e0
+B+: 0x7f00e231b5e1 0x7f00e231b5ee
+B+: 0x7f00e231b5ef 0x7f00e231b5f3
+B+: 0x7f00e231b670 0x7f00e231b67e
+B+: 0x7f00e231b67f 0x7f00e231b683
+B+: 0x7f00e231b684 0x7f00e231b692
+B+: 0x7f00e231b693 0x7f00e231b69a
+B+: 0x7f00e231b69b 0x7f00e231b6a2
+B+: 0x7f00e231b6a3 0x7f00e231b6b7
+B+: 0x7f00e231b790 0x7f00e231b7bc
+B+: 0x7f00e231b7bd 0x7f00e231b7d4
+B+: 0x7f00e231b7e0 0x7f00e231b83a
+B+: 0x7f00e231b83b 0x7f00e231b875
+B+: 0x7f00e231b876 0x7f00e231b893
+B+: 0x7f00e231b894 0x7f00e231b8a3
+B+: 0x7f00e231b8a4 0x7f00e231b8b0
+B+: 0x7f00e231b9b4 0x7f00e231b9b8
+B+: 0x7f00e231b9b9 0x7f00e231b9cf
+B+: 0x7f00e231b9d0 0x7f00e231b9dc
+B+: 0x7f00e231b9dd 0x7f00e231b9ef
+B+: 0x7f00e231b9f0 0x7f00e231b9f7
+B+: 0x7f00e231ba01 0x7f00e231ba16
+B+: 0x7f00e231ba28 0x7f00e231ba3d
+B+: 0x7f00e231ba3e 0x7f00e231ba4d
+B+: 0x7f00e231ba79 0x7f00e231ba97
+B+: 0x7f00e231ba98 0x7f00e231bac0
+B+: 0x7f00e231bac1 0x7f00e231bacf
+B+: 0x7f00e231c148 0x7f00e231c154
+B+: 0x7f00e231c155 0x7f00e231c174
+B+: 0x7f00e231c175 0x7f00e231c17f
+B+: 0x7f00e231c1ac 0x7f00e231c1b0
+B+: 0x7f00e231c1b1 0x7f00e231c1b5
+B+: 0x7f00e231ca40 0x7f00e231ca64
+B+: 0x7f00e231cb10 0x7f00e231cb1a
+B+: 0x7f00e231cb40 0x7f00e231cb47
+B+: 0x7f00e231cb48 0x7f00e231cb51
+B+: 0x7f00e231cb58 0x7f00e231cb60
+B+: 0x7f00e231cb61 0x7f00e231cb6a
+B+: 0x7f00e231cb88 0x7f00e231cb8c
+B+: 0x7f00e231cb8d 0x7f00e231cb94
+B+: 0x7f00e231cba0 0x7f00e231cba4
+B+: 0x7f00e231cd00 0x7f00e231cd30
+B+: 0x7f00e231ce3f 0x7f00e231ce55
+B+: 0x7f00e231ce56 0x7f00e231ce67
+B+: 0x7f00e231d1e0 0x7f00e231d222
+B+: 0x7f00e231d223 0x7f00e231d228
+B+: 0x7f00e231d24c 0x7f00e231d260
+B+: 0x7f00e231d261 0x7f00e231d269
+B+: 0x7f00e231d270 0x7f00e231d279
+B+: 0x7f00e231d288 0x7f00e231d2a0
+B+: 0x7f00e231d2a1 0x7f00e231d2ba
+B+: 0x7f00e231d2bb 0x7f00e231d2bc
+B+: 0x7f00e231d2d0 0x7f00e231d2d8
+B+: 0x7f00e231d2f8 0x7f00e231d2f8
+B+: 0x7f00e231d300 0x7f00e231d30c
+B+: 0x7f00e231d33f 0x7f00e231d343
+B+: 0x7f00e231d380 0x7f00e231d384
+B+: 0x7f00e231d3d0 0x7f00e231d3e3
+B+: 0x7f00e231d400 0x7f00e231d400
+B+: 0x7f00e231d420 0x7f00e231d45b
+B+: 0x7f00e231d467 0x7f00e231d471
+B+: 0x7f00e231d472 0x7f00e231d489
+B+: 0x7f00e231d48a 0x7f00e231d48d
+B+: 0x7f00e231d48e 0x7f00e231d494
+B+: 0x7f00e231d495 0x7f00e231d49d
+B+: 0x7f00e231d49e 0x7f00e231d4a9
+B+: 0x7f00e231d4aa 0x7f00e231d4c2
+B+: 0x7f00e231d4c3 0x7f00e231d4ce
+B+: 0x7f00e231d4cf 0x7f00e231d4e5
+B+: 0x7f00e231d4e6 0x7f00e231d4f5
+B+: 0x7f00e231d500 0x7f00e231d50e
+B+: 0x7f00e231d50f 0x7f00e231d513
+B+: 0x7f00e231d514 0x7f00e231d51e
+B+: 0x7f00e231d540 0x7f00e231d549
+B+: 0x7f00e231d54a 0x7f00e231d54e
+B+: 0x7f00e231d54f 0x7f00e231d560
+B+: 0x7f00e231d568 0x7f00e231d577
+B+: 0x7f00e231d580 0x7f00e231d589
+B+: 0x7f00e231d5a8 0x7f00e231d5bb
+B+: 0x7f00e231d5c0 0x7f00e231d5ce
+B+: 0x7f00e231d5cf 0x7f00e231d5dc
+B+: 0x7f00e231d6f0 0x7f00e231d6fd
+B+: 0x7f00e231d7a0 0x7f00e231d7a0
+B+: 0x7f00e231d7b0 0x7f00e231d7ba
+B+: 0x7f00e231d7bb 0x7f00e231d7ce
+B+: 0x7f00e231d7cf 0x7f00e231d7d8
+B+: 0x7f00e231d7d9 0x7f00e231d7e6
+B+: 0x7f00e231d800 0x7f00e231d82d
+B+: 0x7f00e231d82e 0x7f00e231d831
+B+: 0x7f00e231d832 0x7f00e231d847
+B+: 0x7f00e231d864 0x7f00e231d86b
+B+: 0x7f00e231d86c 0x7f00e231d86f
+B+: 0x7f00e231d870 0x7f00e231d876
+B+: 0x7f00e231d877 0x7f00e231d87b
+B+: 0x7f00e231d87c 0x7f00e231d886
+B+: 0x7f00e231dae0 0x7f00e231db01
+B+: 0x7f00e231db02 0x7f00e231db0a
+B+: 0x7f00e231db0b 0x7f00e231db14
+B+: 0x7f00e231db15 0x7f00e231db19
+B+: 0x7f00e231dc00 0x7f00e231dc19
+B+: 0x7f00e231dc51 0x7f00e231dc8e
+B+: 0x7f00e231dc8f 0x7f00e231dc9e
+B+: 0x7f00e231dc9f 0x7f00e231dca6
+B+: 0x7f00e231ddf0 0x7f00e231ddfb
+B+: 0x7f00e231de20 0x7f00e231de20
+B+: 0x7f00e231de30 0x7f00e231de38
+B+: 0x7f00e231f940 0x7f00e231f94b
+B+: 0x7f00e231f94c 0x7f00e231f957
+B+: 0x7f00e231f958 0x7f00e231f964
+B+: 0x7f00e231f965 0x7f00e231f969
+B+: 0x7f00e231f96a 0x7f00e231f96f
+B+: 0x7f00e231f970 0x7f00e231f976
+B+: 0x7f00e231f980 0x7f00e231f987
+B+: 0x7f00e231f988 0x7f00e231f98c
+B+: 0x7f00e231f98d 0x7f00e231f99b
+B+: 0x7f00e231f99c 0x7f00e231f9a0
+B+: 0x7f00e231f9a1 0x7f00e231f9a8
+B+: 0x7f00e231f9a9 0x7f00e231f9ad
+B+: 0x7f00e231f9ae 0x7f00e231f9b8
+B+: 0x7f00e231f9b9 0x7f00e231f9b9
+B+: 0x7f00e231f9c0 0x7f00e231f9c5
+B+: 0x7f00e231f9c6 0x7f00e231f9c9
+B+: 0x7f00e231f9d0 0x7f00e231f9d0
+B+: 0x7f00e231f9d1 0x7f00e231f9d5
+B+: 0x7f00e231f9d6 0x7f00e231f9d9
+B+: 0x7f00e231f9e0 0x7f00e231f9ff
+B+: 0x7f00e231fa00 0x7f00e231fa11
+B+: 0x7f00e231fa12 0x7f00e231fa16
+B+: 0x7f00e231fa20 0x7f00e231fa22
+B+: 0x7f00e231fa23 0x7f00e231fa2f
+B+: 0x7f00e231fa30 0x7f00e231fa33
+B+: 0x7f00e231fa34 0x7f00e231fa5d
+B+: 0x7f00e231fa5e 0x7f00e231fa62
+B+: 0x7f00e231fa63 0x7f00e231fa82
+B+: 0x7f00e231fac0 0x7f00e231fade
+B+: 0x7f00e231fadf 0x7f00e231fae3
+B+: 0x7f00e231fae4 0x7f00e231fae8
+B+: 0x7f00e231faf0 0x7f00e231faf2
+B+: 0x7f00e231faf3 0x7f00e231faff
+B+: 0x7f00e231fb00 0x7f00e231fb03
+B+: 0x7f00e231fb04 0x7f00e231fb3e
+B+: 0x7f00e231fb3f 0x7f00e231fb49
+B+: 0x7f00e231fb4a 0x7f00e231fb57
+B+: 0x7f00e231fb58 0x7f00e231fb5d
+B+: 0x7f00e231fb5e 0x7f00e231fb66
+B+: 0x7f00e231fb67 0x7f00e231fb70
+B+: 0x7f00e231fb71 0x7f00e231fb7a
+B+: 0x7f00e231fb7b 0x7f00e231fb9a
+B+: 0x7f00e231fb9b 0x7f00e231fba3
+B+: 0x7f00e231fba4 0x7f00e231fbbd
+B+: 0x7f00e231fbc0 0x7f00e231fbc5
+B+: 0x7f00e231fbc6 0x7f00e231fbcf
+B+: 0x7f00e231fbd0 0x7f00e231fbd9
+B+: 0x7f00e231fbda 0x7f00e231fbf7
+B+: 0x7f00e231fc08 0x7f00e231fc14
+B+: 0x7f00e231fc15 0x7f00e231fc1b
+B+: 0x7f00e231fc1c 0x7f00e231fc29
+B+: 0x7f00e231fcb0 0x7f00e231fcca
+B+: 0x7f00e231fccb 0x7f00e231fcda
+B+: 0x7f00e231fcdb 0x7f00e231fce6
+B+: 0x7f00e231fce7 0x7f00e231fcef
+B+: 0x7f00e231fcf0 0x7f00e231fcf4
+B+: 0x7f00e231fcf5 0x7f00e231fcfc
+B+: 0x7f00e231fcfd 0x7f00e231fd10
+B+: 0x7f00e231fd11 0x7f00e231fd21
+B+: 0x7f00e231fd22 0x7f00e231fd26
+B+: 0x7f00e231fd27 0x7f00e231fd38
+B+: 0x7f00e231fd39 0x7f00e231fd4b
+B+: 0x7f00e231fd4c 0x7f00e231fd54
+B+: 0x7f00e231fd55 0x7f00e231fd5e
+B+: 0x7f00e231fd5f 0x7f00e231fd6d
+B+: 0x7f00e231fea0 0x7f00e231feb6
+B+: 0x7f00e231feb7 0x7f00e231febb
+B+: 0x7f00e231febc 0x7f00e231fec0
+B+: 0x7f00e231fec8 0x7f00e231fecb
+B+: 0x7f00e231fecc 0x7f00e231fed9
+B+: 0x7f00e231feda 0x7f00e231fedd
+B+: 0x7f00e231fede 0x7f00e231ff06
+B+: 0x7f00e231ff07 0x7f00e231ff10
+B+: 0x7f00e231ff11 0x7f00e231ff16
+B+: 0x7f00e231ff17 0x7f00e231ff24
+B+: 0x7f00e231ff25 0x7f00e231ff2d
+B+: 0x7f00e2320440 0x7f00e232046b
+B+: 0x7f00e232046c 0x7f00e2320470
+B+: 0x7f00e2320471 0x7f00e2320475
+B+: 0x7f00e2320536 0x7f00e232053e
+B+: 0x7f00e232053f 0x7f00e2320548
+B+: 0x7f00e2320549 0x7f00e2320551
+B+: 0x7f00e23205d0 0x7f00e23205e4
+B+: 0x7f00e23205e5 0x7f00e2320606
+B+: 0x7f00e2320607 0x7f00e2320610
+B+: 0x7f00e2320611 0x7f00e2320618
+B+: 0x7f00e2320640 0x7f00e2320648
+B+: 0x7f00e2320649 0x7f00e2320656
+B+: 0x7f00e2320657 0x7f00e232065f
+B+: 0x7f00e2320660 0x7f00e2320661
+B+: 0x7f00e2320760 0x7f00e23207aa
+B+: 0x7f00e23207ab 0x7f00e23207af
+B+: 0x7f00e23207b0 0x7f00e23207be
+B+: 0x7f00e23207c8 0x7f00e23207d3
+B+: 0x7f00e23207d4 0x7f00e23207d8
+B+: 0x7f00e23207d9 0x7f00e23207e0
+B+: 0x7f00e23207e1 0x7f00e23207e5
+B+: 0x7f00e23207e6 0x7f00e23207f3
+B+: 0x7f00e23207f4 0x7f00e23207fb
+B+: 0x7f00e2320800 0x7f00e2320810
+B+: 0x7f00e2320811 0x7f00e2320815
+B+: 0x7f00e2320816 0x7f00e2320832
+B+: 0x7f00e2320833 0x7f00e2320843
+B+: 0x7f00e2320844 0x7f00e232084f
+B+: 0x7f00e2320850 0x7f00e2320857
+B+: 0x7f00e2320858 0x7f00e232085c
+B+: 0x7f00e232085d 0x7f00e2320868
+B+: 0x7f00e2320869 0x7f00e232087b
+B+: 0x7f00e232087c 0x7f00e2320884
+B+: 0x7f00e2320888 0x7f00e2320897
+B+: 0x7f00e2320898 0x7f00e232089b
+B+: 0x7f00e232089c 0x7f00e23208b4
+B+: 0x7f00e23208b5 0x7f00e23208b8
+B+: 0x7f00e23208b9 0x7f00e23208c6
+B+: 0x7f00e23208c7 0x7f00e23208d5
+B+: 0x7f00e2320dc0 0x7f00e2320dec
+B+: 0x7f00e2320ded 0x7f00e2320df2
+B+: 0x7f00e2320df3 0x7f00e2320e04
+B+: 0x7f00e2320e05 0x7f00e2320e0d
+B+: 0x7f00e2320e0e 0x7f00e2320e1c
+CND+ 0x7f00e230f00e: taken
+CND+ 0x7f00e230f5ea: not taken
+CND+ 0x7f00e230f626: not taken
+CND+ 0x7f00e230f63b: taken
+CND+ 0x7f00e230f673: not taken
+CND+ 0x7f00e230f687: not taken
+CND+ 0x7f00e230f695: not taken
+CND+ 0x7f00e230f7e2: taken
+CND+ 0x7f00e230f862: not taken
+CND+ 0x7f00e230f87c: both
+CND+ 0x7f00e230f8a9: not taken
+CND+ 0x7f00e230fa5d: not taken
+CND+ 0x7f00e230fa62: taken
+CND+ 0x7f00e23106e6: not taken
+CND+ 0x7f00e2310704: taken
+CND+ 0x7f00e231071a: not taken
+CND+ 0x7f00e231071f: taken
+CND+ 0x7f00e231072f: taken
+CND+ 0x7f00e231074c: not taken
+CND+ 0x7f00e2310756: not taken
+CND+ 0x7f00e231078f: not taken
+CND+ 0x7f00e231079b: taken
+CND+ 0x7f00e2311079: taken
+CND+ 0x7f00e231111b: not taken
+CND+ 0x7f00e2311149: not taken
+CND+ 0x7f00e2311158: not taken
+CND+ 0x7f00e2311190: not taken
+CND+ 0x7f00e23111ce: taken
+CND+ 0x7f00e2311c20: not taken
+CND+ 0x7f00e2311c2d: taken
+CND+ 0x7f00e2311c48: not taken
+CND+ 0x7f00e2311c5f: both
+CND+ 0x7f00e2311c88: not taken
+CND+ 0x7f00e2311ed2: taken
+CND+ 0x7f00e2311f55: not taken
+CND+ 0x7f00e2311f7e: not taken
+CND+ 0x7f00e2311f8a: not taken
+CND+ 0x7f00e2311f93: both
+CND+ 0x7f00e2311fc4: not taken
+CND+ 0x7f00e2311fe2: both
+CND+ 0x7f00e2311ffb: taken
+CND+ 0x7f00e231205a: taken
+CND+ 0x7f00e23120af: not taken
+CND+ 0x7f00e23120b8: taken
+CND+ 0x7f00e23120e0: taken
+CND+ 0x7f00e2312116: not taken
+CND+ 0x7f00e231215a: not taken
+CND+ 0x7f00e2312163: taken
+CND+ 0x7f00e231221b: taken
+CND+ 0x7f00e231224a: taken
+CND+ 0x7f00e231227c: not taken
+CND+ 0x7f00e231236a: taken
+CND+ 0x7f00e2312520: not taken
+CND+ 0x7f00e2312529: not taken
+CND+ 0x7f00e2312532: taken
+CND+ 0x7f00e23128eb: not taken
+CND+ 0x7f00e2312906: both
+CND+ 0x7f00e231293d: not taken
+CND+ 0x7f00e2312985: both
+CND+ 0x7f00e23129f6: taken
+CND+ 0x7f00e2312a20: both
+CND+ 0x7f00e2312a29: not taken
+CND+ 0x7f00e2312a33: not taken
+CND+ 0x7f00e2312ae4: not taken
+CND+ 0x7f00e2312afb: taken
+CND+ 0x7f00e2312b2a: both
+CND+ 0x7f00e2312b30: both
+CND+ 0x7f00e2312b40: taken
+CND+ 0x7f00e2312b60: not taken
+CND+ 0x7f00e2312b96: not taken
+CND+ 0x7f00e2312be5: taken
+CND+ 0x7f00e2312da0: not taken
+CND+ 0x7f00e2312da9: not taken
+CND+ 0x7f00e2312dc8: both
+CND+ 0x7f00e2312dd0: both
+CND+ 0x7f00e2312e2e: taken
+CND+ 0x7f00e2312e57: not taken
+CND+ 0x7f00e2312eac: taken
+CND+ 0x7f00e2312ed8: taken
+CND+ 0x7f00e2312fa3: not taken
+CND+ 0x7f00e2312fc0: taken
+CND+ 0x7f00e2313019: not taken
+CND+ 0x7f00e2313065: not taken
+CND+ 0x7f00e231306f: not taken
+CND+ 0x7f00e2313089: both
+CND+ 0x7f00e231309d: not taken
+CND+ 0x7f00e23130ab: taken
+CND+ 0x7f00e231314c: not taken
+CND+ 0x7f00e2313156: taken
+CND+ 0x7f00e23131cc: taken
+CND+ 0x7f00e23131ee: taken
+CND+ 0x7f00e2313811: both
+CND+ 0x7f00e231381b: not taken
+CND+ 0x7f00e231381f: not taken
+CND+ 0x7f00e2313839: taken
+CND+ 0x7f00e2313859: taken
+CND+ 0x7f00e2313861: taken
+CND+ 0x7f00e231445f: taken
+CND+ 0x7f00e2314626: not taken
+CND+ 0x7f00e23146ca: taken
+CND+ 0x7f00e2314762: taken
+CND+ 0x7f00e23152a4: taken
+CND+ 0x7f00e23152bd: not taken
+CND+ 0x7f00e23152cd: not taken
+CND+ 0x7f00e231530f: taken
+CND+ 0x7f00e2315327: taken
+CND+ 0x7f00e231533a: not taken
+CND+ 0x7f00e2315343: taken
+CND+ 0x7f00e2315381: not taken
+CND+ 0x7f00e23153d6: taken
+CND+ 0x7f00e23153e7: taken
+CND+ 0x7f00e2315895: not taken
+CND+ 0x7f00e23158a8: not taken
+CND+ 0x7f00e23158d2: not taken
+CND+ 0x7f00e2315907: not taken
+CND+ 0x7f00e2315942: taken
+CND+ 0x7f00e2315953: not taken
+CND+ 0x7f00e2315963: taken
+CND+ 0x7f00e2315a7b: not taken
+CND+ 0x7f00e2315dbc: both
+CND+ 0x7f00e2315dc9: both
+CND+ 0x7f00e2315e03: not taken
+CND+ 0x7f00e2315e0d: not taken
+CND+ 0x7f00e2315e18: taken
+CND+ 0x7f00e23161a1: not taken
+CND+ 0x7f00e23161ab: not taken
+CND+ 0x7f00e23161e4: taken
+CND+ 0x7f00e23161f2: taken
+CND+ 0x7f00e231620a: not taken
+CND+ 0x7f00e2316225: not taken
+CND+ 0x7f00e231622f: not taken
+CND+ 0x7f00e2316247: taken
+CND+ 0x7f00e2316533: taken
+CND+ 0x7f00e2316582: taken
+CND+ 0x7f00e2316655: taken
+CND+ 0x7f00e2316698: taken
+CND+ 0x7f00e2316703: not taken
+CND+ 0x7f00e231670c: taken
+CND+ 0x7f00e2316725: not taken
+CND+ 0x7f00e2316742: not taken
+CND+ 0x7f00e231675a: not taken
+CND+ 0x7f00e2316765: not taken
+CND+ 0x7f00e2316792: not taken
+CND+ 0x7f00e2316797: taken
+CND+ 0x7f00e23167a9: taken
+CND+ 0x7f00e23167ad: not taken
+CND+ 0x7f00e23167bc: taken
+CND+ 0x7f00e23167ce: taken
+CND+ 0x7f00e2316848: taken
+CND+ 0x7f00e2316889: not taken
+CND+ 0x7f00e231689b: not taken
+CND+ 0x7f00e23168a8: taken
+CND+ 0x7f00e2316c2f: not taken
+CND+ 0x7f00e2316c57: taken
+CND+ 0x7f00e2316c65: not taken
+CND+ 0x7f00e2316c6e: taken
+CND+ 0x7f00e2316c86: not taken
+CND+ 0x7f00e2316cae: taken
+CND+ 0x7f00e2317366: taken
+CND+ 0x7f00e23179d6: taken
+CND+ 0x7f00e2317a31: not taken
+CND+ 0x7f00e2317a51: taken
+CND+ 0x7f00e2317aad: not taken
+CND+ 0x7f00e2317ab5: taken
+CND+ 0x7f00e2317b00: taken
+CND+ 0x7f00e2317b5a: not taken
+CND+ 0x7f00e2317b62: not taken
+CND+ 0x7f00e2317b6b: not taken
+CND+ 0x7f00e2317b75: not taken
+CND+ 0x7f00e2317b7f: taken
+CND+ 0x7f00e2317b9b: taken
+CND+ 0x7f00e2317c3c: taken
+CND+ 0x7f00e2317ed9: not taken
+CND+ 0x7f00e2317ee6: not taken
+CND+ 0x7f00e2317f01: not taken
+CND+ 0x7f00e2317f1a: not taken
+CND+ 0x7f00e2317f20: not taken
+CND+ 0x7f00e2317f26: taken
+CND+ 0x7f00e231876c: not taken
+CND+ 0x7f00e231878c: not taken
+CND+ 0x7f00e23187d8: both
+CND+ 0x7f00e23187e1: taken
+CND+ 0x7f00e2318806: not taken
+CND+ 0x7f00e2318840: not taken
+CND+ 0x7f00e231884a: not taken
+CND+ 0x7f00e2318965: both
+CND+ 0x7f00e2318989: not taken
+CND+ 0x7f00e23189b2: not taken
+CND+ 0x7f00e23189bc: not taken
+CND+ 0x7f00e23189e3: not taken
+CND+ 0x7f00e2318a13: taken
+CND+ 0x7f00e2318afd: not taken
+CND+ 0x7f00e2318b1a: not taken
+CND+ 0x7f00e2318b61: taken
+CND+ 0x7f00e2319711: not taken
+CND+ 0x7f00e231971d: not taken
+CND+ 0x7f00e2319722: not taken
+CND+ 0x7f00e2319748: not taken
+CND+ 0x7f00e231974c: not taken
+CND+ 0x7f00e231975f: not taken
+CND+ 0x7f00e23197a4: not taken
+CND+ 0x7f00e23198f3: both
+CND+ 0x7f00e231990f: both
+CND+ 0x7f00e2319911: not taken
+CND+ 0x7f00e231991a: taken
+CND+ 0x7f00e2319a92: not taken
+CND+ 0x7f00e2319aba: not taken
+CND+ 0x7f00e2319ad5: both
+CND+ 0x7f00e2319ade: taken
+CND+ 0x7f00e2319af7: not taken
+CND+ 0x7f00e2319b01: not taken
+CND+ 0x7f00e2319b05: not taken
+CND+ 0x7f00e2319b19: taken
+CND+ 0x7f00e2319c50: not taken
+CND+ 0x7f00e2319c62: taken
+CND+ 0x7f00e2319db1: not taken
+CND+ 0x7f00e2319dea: both
+CND+ 0x7f00e2319e13: not taken
+CND+ 0x7f00e2319e20: taken
+CND+ 0x7f00e2319e2d: not taken
+CND+ 0x7f00e2319e43: not taken
+CND+ 0x7f00e2319e4f: both
+CND+ 0x7f00e2319e58: not taken
+CND+ 0x7f00e2319e72: taken
+CND+ 0x7f00e2319ee7: taken
+CND+ 0x7f00e231a75d: both
+CND+ 0x7f00e231a76f: not taken
+CND+ 0x7f00e231a782: both
+CND+ 0x7f00e231a787: both
+CND+ 0x7f00e231a795: both
+CND+ 0x7f00e231a8b1: not taken
+CND+ 0x7f00e231a8dc: not taken
+CND+ 0x7f00e231a8ea: not taken
+CND+ 0x7f00e231a8ec: both
+CND+ 0x7f00e231a8f5: not taken
+CND+ 0x7f00e231a8fb: taken
+CND+ 0x7f00e231a943: not taken
+CND+ 0x7f00e231a94c: taken
+CND+ 0x7f00e231a983: not taken
+CND+ 0x7f00e231a989: both
+CND+ 0x7f00e231a990: not taken
+CND+ 0x7f00e231a9ab: taken
+CND+ 0x7f00e231aa0b: taken
+CND+ 0x7f00e231ab10: both
+CND+ 0x7f00e231ab1c: not taken
+CND+ 0x7f00e231ab21: both
+CND+ 0x7f00e231ab2f: not taken
+CND+ 0x7f00e231ab37: both
+CND+ 0x7f00e231ab44: both
+CND+ 0x7f00e231ab5e: taken
+CND+ 0x7f00e231ab92: both
+CND+ 0x7f00e231ab9b: taken
+CND+ 0x7f00e231abfb: taken
+CND+ 0x7f00e231ad68: both
+CND+ 0x7f00e231ad71: taken
+CND+ 0x7f00e231ad8b: not taken
+CND+ 0x7f00e231ada3: taken
+CND+ 0x7f00e231addd: taken
+CND+ 0x7f00e231ae02: not taken
+CND+ 0x7f00e231ae0b: taken
+CND+ 0x7f00e231ae2f: not taken
+CND+ 0x7f00e231ae35: taken
+CND+ 0x7f00e231ae4f: not taken
+CND+ 0x7f00e231ae58: both
+CND+ 0x7f00e231af7d: not taken
+CND+ 0x7f00e231b02c: not taken
+CND+ 0x7f00e231b0c7: not taken
+CND+ 0x7f00e231b0d0: both
+CND+ 0x7f00e231b0d9: not taken
+CND+ 0x7f00e231b5a7: both
+CND+ 0x7f00e231b5ed: not taken
+CND+ 0x7f00e231b5f2: taken
+CND+ 0x7f00e231b682: not taken
+CND+ 0x7f00e231b6a1: not taken
+CND+ 0x7f00e231b7bb: not taken
+CND+ 0x7f00e231b835: not taken
+CND+ 0x7f00e231b870: not taken
+CND+ 0x7f00e231b88e: not taken
+CND+ 0x7f00e231b89e: not taken
+CND+ 0x7f00e231b9ca: both
+CND+ 0x7f00e231b9ea: taken
+CND+ 0x7f00e231b9f6: taken
+CND+ 0x7f00e231ba15: taken
+CND+ 0x7f00e231ba38: not taken
+CND+ 0x7f00e231ba48: taken
+CND+ 0x7f00e231babb: not taken
+CND+ 0x7f00e231c14f: not taken
+CND+ 0x7f00e231c16f: not taken
+CND+ 0x7f00e231c17e: taken
+CND+ 0x7f00e231ca5f: taken
+CND+ 0x7f00e231cb46: not taken
+CND+ 0x7f00e231cb50: taken
+CND+ 0x7f00e231cb69: taken
+CND+ 0x7f00e231cb93: taken
+CND+ 0x7f00e231cd2b: taken
+CND+ 0x7f00e231ce50: not taken
+CND+ 0x7f00e231d227: taken
+CND+ 0x7f00e231d25f: not taken
+CND+ 0x7f00e231d278: taken
+CND+ 0x7f00e231d2b9: not taken
+CND+ 0x7f00e231d2d7: taken
+CND+ 0x7f00e231d30b: taken
+CND+ 0x7f00e231d383: taken
+CND+ 0x7f00e231d3e2: taken
+CND+ 0x7f00e231d456: taken
+CND+ 0x7f00e231d488: both
+CND+ 0x7f00e231d48c: not taken
+CND+ 0x7f00e231d493: not taken
+CND+ 0x7f00e231d498: both
+CND+ 0x7f00e231d4e0: not taken
+CND+ 0x7f00e231d512: not taken
+CND+ 0x7f00e231d519: taken
+CND+ 0x7f00e231d548: not taken
+CND+ 0x7f00e231d54d: not taken
+CND+ 0x7f00e231d5c9: not taken
+CND+ 0x7f00e231d5d7: taken
+CND+ 0x7f00e231d6f8: taken
+CND+ 0x7f00e231d7b9: not taken
+CND+ 0x7f00e231d830: not taken
+CND+ 0x7f00e231d846: taken
+CND+ 0x7f00e231d86e: not taken
+CND+ 0x7f00e231db09: not taken
+CND+ 0x7f00e231db13: not taken
+CND+ 0x7f00e231dc18: taken
+CND+ 0x7f00e231dc9d: not taken
+CND+ 0x7f00e231ddfa: taken
+CND+ 0x7f00e231f946: both
+CND+ 0x7f00e231f963: both
+CND+ 0x7f00e231f968: not taken
+CND+ 0x7f00e231f96e: not taken
+CND+ 0x7f00e231f986: not taken
+CND+ 0x7f00e231f98b: both
+CND+ 0x7f00e231f99a: both
+CND+ 0x7f00e231f99f: both
+CND+ 0x7f00e231f9ac: both
+CND+ 0x7f00e231f9b7: both
+CND+ 0x7f00e231f9c4: not taken
+CND+ 0x7f00e231fa10: not taken
+CND+ 0x7f00e231fa15: taken
+CND+ 0x7f00e231fa2e: both
+CND+ 0x7f00e231fa32: both
+CND+ 0x7f00e231fa5c: both
+CND+ 0x7f00e231fadd: not taken
+CND+ 0x7f00e231fae2: not taken
+CND+ 0x7f00e231fafe: not taken
+CND+ 0x7f00e231fb02: both
+CND+ 0x7f00e231fb48: both
+CND+ 0x7f00e231fb52: not taken
+CND+ 0x7f00e231fb5c: not taken
+CND+ 0x7f00e231fb65: both
+CND+ 0x7f00e231fb6b: taken
+CND+ 0x7f00e231fb75: not taken
+CND+ 0x7f00e231fb95: not taken
+CND+ 0x7f00e231fba2: not taken
+CND+ 0x7f00e231fbc4: not taken
+CND+ 0x7f00e231fbce: not taken
+CND+ 0x7f00e231fbf6: taken
+CND+ 0x7f00e231fc24: taken
+CND+ 0x7f00e231fce1: not taken
+CND+ 0x7f00e231fcea: not taken
+CND+ 0x7f00e231fcf3: not taken
+CND+ 0x7f00e231fd25: not taken
+CND+ 0x7f00e231fd53: not taken
+CND+ 0x7f00e231fd5d: not taken
+CND+ 0x7f00e231feb5: not taken
+CND+ 0x7f00e231feba: not taken
+CND+ 0x7f00e231fed8: both
+CND+ 0x7f00e231fedc: taken
+CND+ 0x7f00e231ff0f: not taken
+CND+ 0x7f00e231ff15: not taken
+CND+ 0x7f00e232046f: not taken
+CND+ 0x7f00e232053d: not taken
+CND+ 0x7f00e2320547: not taken
+CND+ 0x7f00e2320605: not taken
+CND+ 0x7f00e232060f: not taken
+CND+ 0x7f00e2320647: not taken
+CND+ 0x7f00e232065e: not taken
+CND+ 0x7f00e23207bd: taken
+CND+ 0x7f00e23207d2: taken
+CND+ 0x7f00e23207df: not taken
+CND+ 0x7f00e23207e4: both
+CND+ 0x7f00e23207fa: taken
+CND+ 0x7f00e2320856: not taken
+CND+ 0x7f00e232085b: taken
+CND+ 0x7f00e232087a: not taken
+CND+ 0x7f00e232089a: not taken
+CND+ 0x7f00e23208b7: not taken
+CND+ 0x7f00e23208c5: not taken
+CND+ 0x7f00e23208d4: taken
+CND+ 0x7f00e2320df1: not taken
+CND+ 0x7f00e2320e0c: not taken
@0x7f00e231d55f to 0x7f00e231d580 1
@0x7f00e231d55f to 0x7f00e231d5c0 1
@0x7f00e231d55f to 0x7f00e231d5a8 2
@0x7f00e231b8af to 0x7f00e231ba01 185
@0x7f00e231b8af to 0x7f00e231b9f0 10
@0x7f00e231b8af to 0x7f00e231ba28 1
@0x7f00e231fc19 to 0x7f00e23137d0 1
@0x7f00e231fc19 to 0x7f00e231a120 1
@0x7f00e230f050 to 0x7f00e5e48a30 4
@0x7f00e230f080 to 0x7f00e5de8330 2
@0x7f00e230f090 to 0x7f00e5e8a710 1
@0x7f00e230f0a0 to 0x7f00e5e60e70 5
@0x7f00e230f0d0 to 0x7f00e5dfba20 7
@0x7f00e230f0f0 to 0x7f00e5f1f800 4
@0x7f00e230f130 to 0x7f00e5e8b1e0 1
@0x7f00e230f140 to 0x7f00e5dffc10 1
@0x7f00e230f150 to 0x7f00e5ead800 4
@0x7f00e230f160 to 0x7f00e5e8a230 1
@0x7f00e230f190 to 0x7f00e5f1fbc0 8
@0x7f00e230f1c0 to 0x7f00e5e8b200 1
@0x7f00e230f1e0 to 0x7f00e5f1f5d0 1
@0x7f00e230f220 to 0x7f00e5e8b210 2
@0x7f00e230f230 to 0x7f00e5eaeb10 1
@0x7f00e231116e to 0x7f00e23111c0 1
@0x7f00e230f280 to 0x7f00e5f1ad10 11
@0x7f00e230f2a0 to 0x7f00e5dfb450 4
@0x7f00e23111ac to 0x7f00e2311e90 1
@0x7f00e230f2d0 to 0x7f00e5f1b100 9
@0x7f00e230f320 to 0x7f00e5dfc0f0 4
@0x7f00e230f330 to 0x7f00e5f20100 6
@0x7f00e230f350 to 0x7f00e5e8b220 1
@0x7f00e230f370 to 0x7f00e5ead800 2
@0x7f00e230f390 to 0x7f00e5e483e0 23
@0x7f00e230f3b0 to 0x7f00e5e8b230 1
@0x7f00e230f3c0 to 0x7f00e5f1ae90 22
@0x7f00e230f3e0 to 0x7f00e5ecbba0 1
@0x7f00e230f410 to 0x7f00e5e48c80 1
@0x7f00e230f460 to 0x7f00e5f200e0 13
@0x7f00e230f510 to 0x7f00e5e8b1f0 1
@0x7f00e230f560 to 0x7f00e5e8a4e0 1
@0x7f00e230f570 to 0x7f00e5df4580 191
@0x7f00e231af91 to 0x7f00e231b075 1
@0x7f00e230f784 to 0x7f00e5de7fb0 1
@0x7f00e2320e01 to 0x7f00e230f840 1
