MODULE_NAME: /usr/bin/gs
MODULE_START: 0x7f3e2111e000
+B+: 0x7f3e2111f000 0x7f3e2111f00f
+B+: 0x7f3e2111f012 0x7f3e2111f016
+B+: 0x7f3e2111f020 0x7f3e2111f02b
+B+: 0x7f3e2111f030 0x7f3e2111f035
+B+: 0x7f3e2111f036 0x7f3e2111f03f
+B+: 0x7f3e2111f040 0x7f3e2111f045
+B+: 0x7f3e2111f046 0x7f3e2111f04f
+B+: 0x7f3e2111f050 0x7f3e2111f055
+B+: 0x7f3e2111f056 0x7f3e2111f05f
+B+: 0x7f3e2111f0b0 0x7f3e2111f0b5
+B+: 0x7f3e2111f0b6 0x7f3e2111f0bf
+B+: 0x7f3e2111f0c0 0x7f3e2111f0c5
+B+: 0x7f3e2111f0c6 0x7f3e2111f0cf
+B+: 0x7f3e2111f0e0 0x7f3e2111f0e5
+B+: 0x7f3e2111f0f0 0x7f3e2111f121
+B+: 0x7f3e2111f122 0x7f3e2111f127
+B+: 0x7f3e2111f128 0x7f3e2111f130
+B+: 0x7f3e2111f131 0x7f3e2111f132
+B+: 0x7f3e2111f133 0x7f3e2111f137
+B+: 0x7f3e2111f13d 0x7f3e2111f152
+B+: 0x7f3e2111f153 0x7f3e2111f15b
+B+: 0x7f3e2111f178 0x7f3e2111f183
+B+: 0x7f3e2111f184 0x7f3e2111f1a2
+B+: 0x7f3e2111f1a3 0x7f3e2111f1b1
+B+: 0x7f3e2111f1b2 0x7f3e2111f1b7
+B+: 0x7f3e2111f1b8 0x7f3e2111f1c1
+B+: 0x7f3e2111f1c2 0x7f3e2111f1c5
+B+: 0x7f3e2111f1c6 0x7f3e2111f1ca
+B+: 0x7f3e2111f1cb 0x7f3e2111f1d6
+B+: 0x7f3e2111f1d7 0x7f3e2111f1db
+B+: 0x7f3e2111f1dc 0x7f3e2111f1e0
+B+: 0x7f3e2111f213 0x7f3e2111f216
+B+: 0x7f3e2111f220 0x7f3e2111f249
+B+: 0x7f3e2111f250 0x7f3e2111f262
+B+: 0x7f3e2111f278 0x7f3e2111f278
+B+: 0x7f3e2111f280 0x7f3e2111f2a3
+B+: 0x7f3e2111f2b8 0x7f3e2111f2b8
+B+: 0x7f3e2111f2c0 0x7f3e2111f2c8
+B+: 0x7f3e2111f2c9 0x7f3e2111f2d6
+B+: 0x7f3e2111f2d7 0x7f3e2111f2e2
+B+: 0x7f3e2111f2e3 0x7f3e2111f2e7
+B+: 0x7f3e2111f2e8 0x7f3e2111f2f0
+B+: 0x7f3e2111f300 0x7f3e2111f304
+B+: 0x7f3e2111f3c0 0x7f3e2111f3ec
+B+: 0x7f3e2111f3ed 0x7f3e2111f3f2
+B+: 0x7f3e2111f3f3 0x7f3e2111f404
+B+: 0x7f3e2111f405 0x7f3e2111f40d
+B+: 0x7f3e2111f40e 0x7f3e2111f41c
+B+: 0x7f3e2111f424 0x7f3e2111f42c
+CND+ 0x7f3e2111f00e: taken
+CND+ 0x7f3e2111f126: taken
+CND+ 0x7f3e2111f12b: not taken
+CND+ 0x7f3e2111f131: not taken
+CND+ 0x7f3e2111f136: taken
+CND+ 0x7f3e2111f14d: not taken
+CND+ 0x7f3e2111f1b6: not taken
+CND+ 0x7f3e2111f1c4: not taken
+CND+ 0x7f3e2111f1c9: taken
+CND+ 0x7f3e2111f1df: taken
+CND+ 0x7f3e2111f261: taken
+CND+ 0x7f3e2111f2a2: taken
+CND+ 0x7f3e2111f2c7: not taken
+CND+ 0x7f3e2111f2d5: not taken
+CND+ 0x7f3e2111f3f1: not taken
+CND+ 0x7f3e2111f40c: not taken
@0x7f3e2111f026 to 0x7f3e2510e500 5
@0x7f3e2111f030 to 0x7f3e2111f036 1
@0x7f3e2111f040 to 0x7f3e2111f046 1
@0x7f3e2111f050 to 0x7f3e2111f056 1
@0x7f3e2111f0b0 to 0x7f3e2111f0b6 1
@0x7f3e2111f0c0 to 0x7f3e2111f0c6 1
@0x7f3e2111f0e0 to 0x7f3e23c741c0 1
@0x7f3e2111f244 to 0x7f3e23c5dfb0 1
@0x7f3e2111f401 to 0x7f3e2111f300 1
