MODULE_NAME: /bin/dash
MODULE_START: 0x7fcccc2bd000
+B+: 0x7fcccc2c1000 0x7fcccc2c100f
+B+: 0x7fcccc2c1012 0x7fcccc2c1016
+B+: 0x7fcccc2c1050 0x7fcccc2c1055
+B+: 0x7fcccc2c1080 0x7fcccc2c1085
+B+: 0x7fcccc2c1090 0x7fcccc2c1095
+B+: 0x7fcccc2c10a0 0x7fcccc2c10a5
+B+: 0x7fcccc2c10d0 0x7fcccc2c10d5
+B+: 0x7fcccc2c10f0 0x7fcccc2c10f5
+B+: 0x7fcccc2c1130 0x7fcccc2c1135
+B+: 0x7fcccc2c1140 0x7fcccc2c1145
+B+: 0x7fcccc2c1150 0x7fcccc2c1155
+B+: 0x7fcccc2c1160 0x7fcccc2c1165
+B+: 0x7fcccc2c1190 0x7fcccc2c1195
+B+: 0x7fcccc2c11c0 0x7fcccc2c11c5
+B+: 0x7fcccc2c11e0 0x7fcccc2c11e5
+B+: 0x7fcccc2c1220 0x7fcccc2c1225
+B+: 0x7fcccc2c1230 0x7fcccc2c1235
+B+: 0x7fcccc2c1280 0x7fcccc2c1285
+B+: 0x7fcccc2c12a0 0x7fcccc2c12a5
+B+: 0x7fcccc2c12d0 0x7fcccc2c12d5
+B+: 0x7fcccc2c1320 0x7fcccc2c1325
+B+: 0x7fcccc2c1330 0x7fcccc2c1335
+B+: 0x7fcccc2c1350 0x7fcccc2c1355
+B+: 0x7fcccc2c1370 0x7fcccc2c1375
+B+: 0x7fcccc2c1390 0x7fcccc2c1395
+B+: 0x7fcccc2c13b0 0x7fcccc2c13b5
+B+: 0x7fcccc2c13c0 0x7fcccc2c13c5
+B+: 0x7fcccc2c13e0 0x7fcccc2c13e5
+B+: 0x7fcccc2c1410 0x7fcccc2c1415
+B+: 0x7fcccc2c1460 0x7fcccc2c1465
+B+: 0x7fcccc2c1510 0x7fcccc2c1515
+B+: 0x7fcccc2c1560 0x7fcccc2c1565
+B+: 0x7fcccc2c1570 0x7fcccc2c1575
+B+: 0x7fcccc2c1590 0x7fcccc2c15b8
+B+: 0x7fcccc2c15b9 0x7fcccc2c15c4
+B+: 0x7fcccc2c15c5 0x7fcccc2c15cf
+B+: 0x7fcccc2c15d0 0x7fcccc2c15e7
+B+: 0x7fcccc2c15e8 0x7fcccc2c15ef
+B+: 0x7fcccc2c15f0 0x7fcccc2c1600
+B+: 0x7fcccc2c1601 0x7fcccc2c160b
+B+: 0x7fcccc2c160c 0x7fcccc2c1615
+B+: 0x7fcccc2c1616 0x7fcccc2c1623
+B+: 0x7fcccc2c1624 0x7fcccc2c162b
+B+: 0x7fcccc2c162c 0x7fcccc2c163c
+B+: 0x7fcccc2c1657 0x7fcccc2c1660
+B+: 0x7fcccc2c1661 0x7fcccc2c1678
+B+: 0x7fcccc2c1679 0x7fcccc2c167f
+B+: 0x7fcccc2c1680 0x7fcccc2c168c
+B+: 0x7fcccc2c168d 0x7fcccc2c1696
+B+: 0x7fcccc2c1697 0x7fcccc2c169b
+B+: 0x7fcccc2c1760 0x7fcccc2c1789
+B+: 0x7fcccc2c17c0 0x7fcccc2c17e3
+B+: 0x7fcccc2c17f8 0x7fcccc2c17f8
+B+: 0x7fcccc2c1840 0x7fcccc2c1844
+B+: 0x7fcccc2c1850 0x7fcccc2c1863
+B+: 0x7fcccc2c1864 0x7fcccc2c186f
+B+: 0x7fcccc2c1870 0x7fcccc2c187d
+B+: 0x7fcccc2c187e 0x7fcccc2c18aa
+B+: 0x7fcccc2c18ab 0x7fcccc2c18ac
+B+: 0x7fcccc2c18cb 0x7fcccc2c18d2
+B+: 0x7fcccc2c1a50 0x7fcccc2c1a57
+B+: 0x7fcccc2c1a58 0x7fcccc2c1a5e
+B+: 0x7fcccc2c1a5f 0x7fcccc2c1a63
+B+: 0x7fcccc2c1a71 0x7fcccc2c1a72
+B+: 0x7fcccc2c26d0 0x7fcccc2c26eb
+B+: 0x7fcccc2c26ec 0x7fcccc2c2705
+B+: 0x7fcccc2c2717 0x7fcccc2c271b
+B+: 0x7fcccc2c271c 0x7fcccc2c2720
+B+: 0x7fcccc2c272c 0x7fcccc2c2730
+B+: 0x7fcccc2c273e 0x7fcccc2c274d
+B+: 0x7fcccc2c274e 0x7fcccc2c2757
+B+: 0x7fcccc2c2758 0x7fcccc2c2775
+B+: 0x7fcccc2c2780 0x7fcccc2c2788
+B+: 0x7fcccc2c2789 0x7fcccc2c2790
+B+: 0x7fcccc2c2791 0x7fcccc2c279c
+B+: 0x7fcccc2c3060 0x7fcccc2c307e
+B+: 0x7fcccc2c310d 0x7fcccc2c311c
+B+: 0x7fcccc2c311d 0x7fcccc2c3123
+B+: 0x7fcccc2c3140 0x7fcccc2c314a
+B+: 0x7fcccc2c314b 0x7fcccc2c3152
+B+: 0x7fcccc2c3153 0x7fcccc2c315d
+B+: 0x7fcccc2c315e 0x7fcccc2c316f
+B+: 0x7fcccc2c3188 0x7fcccc2c318c
+B+: 0x7fcccc2c318d 0x7fcccc2c3191
+B+: 0x7fcccc2c3192 0x7fcccc2c319c
+B+: 0x7fcccc2c31a7 0x7fcccc2c31ad
+B+: 0x7fcccc2c31ae 0x7fcccc2c31b5
+B+: 0x7fcccc2c31c0 0x7fcccc2c31cf
+B+: 0x7fcccc2c3bc0 0x7fcccc2c3bfa
+B+: 0x7fcccc2c3bfb 0x7fcccc2c3c07
+B+: 0x7fcccc2c3c08 0x7fcccc2c3c0f
+B+: 0x7fcccc2c3c10 0x7fcccc2c3c11
+B+: 0x7fcccc2c3c18 0x7fcccc2c3c21
+B+: 0x7fcccc2c3c22 0x7fcccc2c3c2e
+B+: 0x7fcccc2c3c32 0x7fcccc2c3c39
+B+: 0x7fcccc2c3c3a 0x7fcccc2c3c49
+B+: 0x7fcccc2c3c4a 0x7fcccc2c3c51
+B+: 0x7fcccc2c3c52 0x7fcccc2c3c58
+B+: 0x7fcccc2c3c59 0x7fcccc2c3c60
+B+: 0x7fcccc2c3c61 0x7fcccc2c3c68
+B+: 0x7fcccc2c3c69 0x7fcccc2c3c6d
+B+: 0x7fcccc2c3c6e 0x7fcccc2c3c77
+B+: 0x7fcccc2c3c78 0x7fcccc2c3c89
+B+: 0x7fcccc2c3c8a 0x7fcccc2c3c98
+B+: 0x7fcccc2c3e90 0x7fcccc2c3ed3
+B+: 0x7fcccc2c3edf 0x7fcccc2c3ef5
+B+: 0x7fcccc2c3ef6 0x7fcccc2c3efa
+B+: 0x7fcccc2c3efb 0x7fcccc2c3f5a
+B+: 0x7fcccc2c3f5b 0x7fcccc2c3f67
+B+: 0x7fcccc2c3f68 0x7fcccc2c3f77
+B+: 0x7fcccc2c3f78 0x7fcccc2c3f7f
+B+: 0x7fcccc2c3f80 0x7fcccc2c3f8b
+B+: 0x7fcccc2c3f8c 0x7fcccc2c3f94
+B+: 0x7fcccc2c3f95 0x7fcccc2c3f9b
+B+: 0x7fcccc2c3fa0 0x7fcccc2c3faf
+B+: 0x7fcccc2c3fb0 0x7fcccc2c3fc5
+B+: 0x7fcccc2c3fc6 0x7fcccc2c3fcf
+B+: 0x7fcccc2c3fd0 0x7fcccc2c3fe3
+B+: 0x7fcccc2c3fe4 0x7fcccc2c3ffc
+B+: 0x7fcccc2c4019 0x7fcccc2c402b
+B+: 0x7fcccc2c402c 0x7fcccc2c4034
+B+: 0x7fcccc2c4035 0x7fcccc2c4047
+B+: 0x7fcccc2c4048 0x7fcccc2c405b
+B+: 0x7fcccc2c40a8 0x7fcccc2c40b4
+B+: 0x7fcccc2c40b5 0x7fcccc2c40b9
+B+: 0x7fcccc2c40db 0x7fcccc2c40e1
+B+: 0x7fcccc2c40f0 0x7fcccc2c4103
+B+: 0x7fcccc2c4104 0x7fcccc2c4113
+B+: 0x7fcccc2c4114 0x7fcccc2c411b
+B+: 0x7fcccc2c411c 0x7fcccc2c4122
+B+: 0x7fcccc2c4123 0x7fcccc2c4152
+B+: 0x7fcccc2c4153 0x7fcccc2c415f
+B+: 0x7fcccc2c4160 0x7fcccc2c4168
+B+: 0x7fcccc2c4216 0x7fcccc2c421c
+B+: 0x7fcccc2c4224 0x7fcccc2c422d
+B+: 0x7fcccc2c422e 0x7fcccc2c4237
+B+: 0x7fcccc2c4238 0x7fcccc2c4241
+B+: 0x7fcccc2c4242 0x7fcccc2c424b
+B+: 0x7fcccc2c425d 0x7fcccc2c4266
+B+: 0x7fcccc2c4267 0x7fcccc2c4281
+B+: 0x7fcccc2c4282 0x7fcccc2c4293
+B+: 0x7fcccc2c434c 0x7fcccc2c4353
+B+: 0x7fcccc2c4354 0x7fcccc2c436f
+B+: 0x7fcccc2c451b 0x7fcccc2c4525
+B+: 0x7fcccc2c4526 0x7fcccc2c452e
+B+: 0x7fcccc2c452f 0x7fcccc2c4537
+B+: 0x7fcccc2c48d0 0x7fcccc2c48ec
+B+: 0x7fcccc2c48ed 0x7fcccc2c48f1
+B+: 0x7fcccc2c48f8 0x7fcccc2c48fa
+B+: 0x7fcccc2c48fb 0x7fcccc2c4907
+B+: 0x7fcccc2c4908 0x7fcccc2c493e
+B+: 0x7fcccc2c493f 0x7fcccc2c4940
+B+: 0x7fcccc2c4963 0x7fcccc2c4977
+B+: 0x7fcccc2c4980 0x7fcccc2c4986
+B+: 0x7fcccc2c4987 0x7fcccc2c498e
+B+: 0x7fcccc2c498f 0x7fcccc2c4997
+B+: 0x7fcccc2c4998 0x7fcccc2c49ba
+B+: 0x7fcccc2c49bb 0x7fcccc2c49bc
+B+: 0x7fcccc2c49c0 0x7fcccc2c49e7
+B+: 0x7fcccc2c49e8 0x7fcccc2c49f7
+B+: 0x7fcccc2c4a19 0x7fcccc2c4a21
+B+: 0x7fcccc2c4a22 0x7fcccc2c4a2a
+B+: 0x7fcccc2c4a2b 0x7fcccc2c4a34
+B+: 0x7fcccc2c4a35 0x7fcccc2c4a3f
+B+: 0x7fcccc2c4ad0 0x7fcccc2c4ae9
+B+: 0x7fcccc2c4aea 0x7fcccc2c4b00
+B+: 0x7fcccc2c4b10 0x7fcccc2c4b1f
+B+: 0x7fcccc2c4b20 0x7fcccc2c4b2b
+B+: 0x7fcccc2c4b2c 0x7fcccc2c4b31
+B+: 0x7fcccc2c4b32 0x7fcccc2c4b41
+B+: 0x7fcccc2c4b56 0x7fcccc2c4b61
+B+: 0x7fcccc2c4b62 0x7fcccc2c4b6f
+B+: 0x7fcccc2c4b70 0x7fcccc2c4b85
+B+: 0x7fcccc2c4b86 0x7fcccc2c4b97
+B+: 0x7fcccc2c4b98 0x7fcccc2c4bc0
+B+: 0x7fcccc2c4bc8 0x7fcccc2c4bcc
+B+: 0x7fcccc2c4bcd 0x7fcccc2c4bea
+B+: 0x7fcccc2c4d70 0x7fcccc2c4d98
+B+: 0x7fcccc2c4da0 0x7fcccc2c4da1
+B+: 0x7fcccc2c4da2 0x7fcccc2c4daa
+B+: 0x7fcccc2c4dab 0x7fcccc2c4dc5
+B+: 0x7fcccc2c4dc6 0x7fcccc2c4dc9
+B+: 0x7fcccc2c4dca 0x7fcccc2c4dd1
+B+: 0x7fcccc2c4dd2 0x7fcccc2c4de6
+B+: 0x7fcccc2c4df0 0x7fcccc2c4e2a
+B+: 0x7fcccc2c4e2b 0x7fcccc2c4e2f
+B+: 0x7fcccc2c4e46 0x7fcccc2c4e5c
+B+: 0x7fcccc2c4e5d 0x7fcccc2c4e6e
+B+: 0x7fcccc2c4e90 0x7fcccc2c4ead
+B+: 0x7fcccc2c4ec8 0x7fcccc2c4ed1
+B+: 0x7fcccc2c4ed2 0x7fcccc2c4edd
+B+: 0x7fcccc2c4f6c 0x7fcccc2c4f8f
+B+: 0x7fcccc2c4f90 0x7fcccc2c4f9c
+B+: 0x7fcccc2c4f9d 0x7fcccc2c4fa8
+B+: 0x7fcccc2c4fa9 0x7fcccc2c4fb0
+B+: 0x7fcccc2c4fb1 0x7fcccc2c4fc5
+B+: 0x7fcccc2c5008 0x7fcccc2c5012
+B+: 0x7fcccc2c5013 0x7fcccc2c501e
+B+: 0x7fcccc2c501f 0x7fcccc2c502e
+B+: 0x7fcccc2c5060 0x7fcccc2c5066
+B+: 0x7fcccc2c5067 0x7fcccc2c5074
+B+: 0x7fcccc2c5075 0x7fcccc2c5086
+B+: 0x7fcccc2c5087 0x7fcccc2c508e
+B+: 0x7fcccc2c508f 0x7fcccc2c50a2
+B+: 0x7fcccc2c50a3 0x7fcccc2c50b0
+B+: 0x7fcccc2c5100 0x7fcccc2c5116
+B+: 0x7fcccc2c5145 0x7fcccc2c514d
+B+: 0x7fcccc2c514e 0x7fcccc2c5157
+B+: 0x7fcccc2c5160 0x7fcccc2c5166
+B+: 0x7fcccc2c51c0 0x7fcccc2c51d1
+B+: 0x7fcccc2c51e8 0x7fcccc2c51ef
+B+: 0x7fcccc2c5248 0x7fcccc2c525b
+B+: 0x7fcccc2c525c 0x7fcccc2c5271
+B+: 0x7fcccc2c57d0 0x7fcccc2c57ff
+B+: 0x7fcccc2c580f 0x7fcccc2c5812
+B+: 0x7fcccc2c5813 0x7fcccc2c581c
+B+: 0x7fcccc2c581d 0x7fcccc2c5820
+B+: 0x7fcccc2c5821 0x7fcccc2c582f
+B+: 0x7fcccc2c5830 0x7fcccc2c583a
+B+: 0x7fcccc2c584f 0x7fcccc2c585a
+B+: 0x7fcccc2c585f 0x7fcccc2c5862
+B+: 0x7fcccc2c5870 0x7fcccc2c5877
+B+: 0x7fcccc2c5878 0x7fcccc2c588d
+B+: 0x7fcccc2c6440 0x7fcccc2c6464
+B+: 0x7fcccc2c661e 0x7fcccc2c6627
+B+: 0x7fcccc2c6628 0x7fcccc2c6631
+B+: 0x7fcccc2c6632 0x7fcccc2c6659
+B+: 0x7fcccc2c66af 0x7fcccc2c66bc
+B+: 0x7fcccc2c66c0 0x7fcccc2c66cb
+B+: 0x7fcccc2c6730 0x7fcccc2c673b
+B+: 0x7fcccc2c6740 0x7fcccc2c675e
+B+: 0x7fcccc2c675f 0x7fcccc2c6767
+B+: 0x7fcccc2c67d2 0x7fcccc2c67e3
+B+: 0x7fcccc2c68a0 0x7fcccc2c68a7
+B+: 0x7fcccc2c7260 0x7fcccc2c72a5
+B+: 0x7fcccc2c72b5 0x7fcccc2c72be
+B+: 0x7fcccc2c72bf 0x7fcccc2c72d2
+B+: 0x7fcccc2c72d3 0x7fcccc2c72fc
+B+: 0x7fcccc2c72fd 0x7fcccc2c7310
+B+: 0x7fcccc2c7324 0x7fcccc2c7328
+B+: 0x7fcccc2c7336 0x7fcccc2c733f
+B+: 0x7fcccc2c7340 0x7fcccc2c7344
+B+: 0x7fcccc2c7370 0x7fcccc2c7386
+B+: 0x7fcccc2c7387 0x7fcccc2c7398
+B+: 0x7fcccc2c73a0 0x7fcccc2c73b6
+B+: 0x7fcccc2c73b7 0x7fcccc2c73d7
+B+: 0x7fcccc2c73dd 0x7fcccc2c73ec
+B+: 0x7fcccc2c7850 0x7fcccc2c7886
+B+: 0x7fcccc2c7887 0x7fcccc2c789a
+B+: 0x7fcccc2c789b 0x7fcccc2c78ad
+B+: 0x7fcccc2c78ae 0x7fcccc2c78c4
+B+: 0x7fcccc2c78c5 0x7fcccc2c78d7
+B+: 0x7fcccc2c78d8 0x7fcccc2c78e7
+B+: 0x7fcccc2c78e8 0x7fcccc2c790c
+B+: 0x7fcccc2c790d 0x7fcccc2c7915
+B+: 0x7fcccc2c7924 0x7fcccc2c7933
+B+: 0x7fcccc2c7934 0x7fcccc2c7947
+B+: 0x7fcccc2c7948 0x7fcccc2c7954
+B+: 0x7fcccc2c7955 0x7fcccc2c795f
+B+: 0x7fcccc2c7960 0x7fcccc2c7964
+B+: 0x7fcccc2c7a6a 0x7fcccc2c7a7c
+B+: 0x7fcccc2c7a7d 0x7fcccc2c7a9c
+B+: 0x7fcccc2c7ba0 0x7fcccc2c7bad
+B+: 0x7fcccc2c7bae 0x7fcccc2c7be1
+B+: 0x7fcccc2c7bf0 0x7fcccc2c7bfb
+B+: 0x7fcccc2c7db0 0x7fcccc2c7dbd
+B+: 0x7fcccc2c7dbe 0x7fcccc2c7dca
+B+: 0x7fcccc2c7dcb 0x7fcccc2c7de3
+B+: 0x7fcccc2c7de8 0x7fcccc2c7df4
+B+: 0x7fcccc2c7df8 0x7fcccc2c7e04
+B+: 0x7fcccc2c7e05 0x7fcccc2c7e12
+B+: 0x7fcccc2c7e13 0x7fcccc2c7e1d
+B+: 0x7fcccc2c7eb4 0x7fcccc2c7ec1
+B+: 0x7fcccc2c8160 0x7fcccc2c8174
+B+: 0x7fcccc2c8175 0x7fcccc2c8187
+B+: 0x7fcccc2c8188 0x7fcccc2c81a2
+B+: 0x7fcccc2c81a3 0x7fcccc2c81ac
+B+: 0x7fcccc2c81ad 0x7fcccc2c81b3
+B+: 0x7fcccc2c81d0 0x7fcccc2c81e5
+B+: 0x7fcccc2c81eb 0x7fcccc2c81f3
+B+: 0x7fcccc2c8205 0x7fcccc2c820b
+B+: 0x7fcccc2c820c 0x7fcccc2c821d
+B+: 0x7fcccc2c821e 0x7fcccc2c8226
+B+: 0x7fcccc2c8227 0x7fcccc2c8230
+B+: 0x7fcccc2c8231 0x7fcccc2c8232
+B+: 0x7fcccc2c8240 0x7fcccc2c8248
+B+: 0x7fcccc2c8260 0x7fcccc2c8260
+B+: 0x7fcccc2c8520 0x7fcccc2c8534
+B+: 0x7fcccc2c8572 0x7fcccc2c8578
+B+: 0x7fcccc2c8580 0x7fcccc2c8583
+B+: 0x7fcccc2c8610 0x7fcccc2c8656
+B+: 0x7fcccc2c865b 0x7fcccc2c8686
+B+: 0x7fcccc2c8687 0x7fcccc2c869d
+B+: 0x7fcccc2c86fc 0x7fcccc2c8708
+B+: 0x7fcccc2c8709 0x7fcccc2c8711
+B+: 0x7fcccc2c8712 0x7fcccc2c872a
+B+: 0x7fcccc2c872b 0x7fcccc2c873c
+B+: 0x7fcccc2c8740 0x7fcccc2c8747
+B+: 0x7fcccc2c8748 0x7fcccc2c875f
+B+: 0x7fcccc2c8760 0x7fcccc2c8766
+B+: 0x7fcccc2c8767 0x7fcccc2c8780
+B+: 0x7fcccc2c8790 0x7fcccc2c8793
+B+: 0x7fcccc2c8794 0x7fcccc2c8798
+B+: 0x7fcccc2c87a2 0x7fcccc2c87aa
+B+: 0x7fcccc2c87ab 0x7fcccc2c87ae
+B+: 0x7fcccc2c87af 0x7fcccc2c87bd
+B+: 0x7fcccc2c87cb 0x7fcccc2c87d3
+B+: 0x7fcccc2c8825 0x7fcccc2c8841
+B+: 0x7fcccc2c8842 0x7fcccc2c884d
+B+: 0x7fcccc2c887e 0x7fcccc2c888e
+B+: 0x7fcccc2c888f 0x7fcccc2c88a0
+B+: 0x7fcccc2c88a1 0x7fcccc2c88ad
+B+: 0x7fcccc2c8c10 0x7fcccc2c8c30
+B+: 0x7fcccc2c8c31 0x7fcccc2c8c58
+B+: 0x7fcccc2c8c5e 0x7fcccc2c8c66
+B+: 0x7fcccc2c8c67 0x7fcccc2c8c6f
+B+: 0x7fcccc2c8c78 0x7fcccc2c8c87
+B+: 0x7fcccc2c8c88 0x7fcccc2c8c89
+B+: 0x7fcccc2c8ca0 0x7fcccc2c8caf
+B+: 0x7fcccc2c8cba 0x7fcccc2c8cc4
+B+: 0x7fcccc2c8ce0 0x7fcccc2c8ce8
+B+: 0x7fcccc2c9360 0x7fcccc2c936b
+B+: 0x7fcccc2c9480 0x7fcccc2c9480
+B+: 0x7fcccc2c99c0 0x7fcccc2c99db
+B+: 0x7fcccc2c9a16 0x7fcccc2c9a32
+B+: 0x7fcccc2c9a33 0x7fcccc2c9a52
+B+: 0x7fcccc2c9a63 0x7fcccc2c9a6a
+B+: 0x7fcccc2c9a90 0x7fcccc2c9aa6
+B+: 0x7fcccc2c9aa7 0x7fcccc2c9aae
+B+: 0x7fcccc2c9aaf 0x7fcccc2c9ab6
+B+: 0x7fcccc2c9af6 0x7fcccc2c9b01
+B+: 0x7fcccc2c9b0c 0x7fcccc2c9b34
+B+: 0x7fcccc2c9b40 0x7fcccc2c9b57
+B+: 0x7fcccc2c9b58 0x7fcccc2c9b5f
+B+: 0x7fcccc2c9b60 0x7fcccc2c9b67
+B+: 0x7fcccc2c9b68 0x7fcccc2c9b70
+B+: 0x7fcccc2c9b71 0x7fcccc2c9b7a
+B+: 0x7fcccc2c9b7b 0x7fcccc2c9b80
+B+: 0x7fcccc2c9b97 0x7fcccc2c9b9c
+B+: 0x7fcccc2c9c0a 0x7fcccc2c9c3d
+B+: 0x7fcccc2c9c47 0x7fcccc2c9c53
+B+: 0x7fcccc2c9ed0 0x7fcccc2c9ede
+B+: 0x7fcccc2c9edf 0x7fcccc2c9ee7
+B+: 0x7fcccc2c9ee8 0x7fcccc2c9efc
+B+: 0x7fcccc2c9efd 0x7fcccc2c9f02
+B+: 0x7fcccc2c9f03 0x7fcccc2c9f1b
+B+: 0x7fcccc2c9f1c 0x7fcccc2c9f21
+B+: 0x7fcccc2c9f22 0x7fcccc2c9f2b
+B+: 0x7fcccc2c9fc0 0x7fcccc2c9fc7
+B+: 0x7fcccc2c9fc8 0x7fcccc2c9fd0
+B+: 0x7fcccc2ca760 0x7fcccc2ca768
+B+: 0x7fcccc2ca769 0x7fcccc2ca76d
+B+: 0x7fcccc2ca76e 0x7fcccc2ca772
+B+: 0x7fcccc2ca780 0x7fcccc2ca788
+B+: 0x7fcccc2ca789 0x7fcccc2ca78d
+B+: 0x7fcccc2ca78e 0x7fcccc2ca792
+B+: 0x7fcccc2ca7c0 0x7fcccc2ca7d9
+B+: 0x7fcccc2ca7da 0x7fcccc2ca7e6
+B+: 0x7fcccc2ca7f7 0x7fcccc2ca802
+B+: 0x7fcccc2ca803 0x7fcccc2ca80b
+B+: 0x7fcccc2ca80c 0x7fcccc2ca841
+B+: 0x7fcccc2ca842 0x7fcccc2ca84b
+B+: 0x7fcccc2ca84c 0x7fcccc2ca852
+B+: 0x7fcccc2ca853 0x7fcccc2ca875
+B+: 0x7fcccc2ca880 0x7fcccc2ca88e
+B+: 0x7fcccc2ca8b0 0x7fcccc2ca8c8
+B+: 0x7fcccc2ca900 0x7fcccc2ca941
+B+: 0x7fcccc2ca950 0x7fcccc2ca966
+B+: 0x7fcccc2ca967 0x7fcccc2ca97e
+B+: 0x7fcccc2ca97f 0x7fcccc2ca98a
+B+: 0x7fcccc2ca98b 0x7fcccc2ca9b3
+B+: 0x7fcccc2ca9b4 0x7fcccc2ca9bd
+B+: 0x7fcccc2ca9be 0x7fcccc2ca9bf
+B+: 0x7fcccc2ca9d0 0x7fcccc2ca9e8
+B+: 0x7fcccc2ca9e9 0x7fcccc2caa14
+B+: 0x7fcccc2caa1e 0x7fcccc2caa25
+B+: 0x7fcccc2caa26 0x7fcccc2caa33
+B+: 0x7fcccc2caa34 0x7fcccc2caa46
+B+: 0x7fcccc2caae0 0x7fcccc2caafe
+B+: 0x7fcccc2caaff 0x7fcccc2cab0c
+B+: 0x7fcccc2cab0d 0x7fcccc2cab1b
+B+: 0x7fcccc2cab1c 0x7fcccc2cab2c
+B+: 0x7fcccc2cab40 0x7fcccc2cab62
+B+: 0x7fcccc2cab98 0x7fcccc2caba9
+B+: 0x7fcccc2cb6d0 0x7fcccc2cb6f4
+B+: 0x7fcccc2cb6f5 0x7fcccc2cb70d
+B+: 0x7fcccc2cb70e 0x7fcccc2cb712
+B+: 0x7fcccc2cb713 0x7fcccc2cb71e
+B+: 0x7fcccc2cb71f 0x7fcccc2cb723
+B+: 0x7fcccc2cb724 0x7fcccc2cb728
+B+: 0x7fcccc2cb729 0x7fcccc2cb730
+B+: 0x7fcccc2cb73c 0x7fcccc2cb749
+B+: 0x7fcccc2cb74a 0x7fcccc2cb74d
+B+: 0x7fcccc2cb74e 0x7fcccc2cb760
+B+: 0x7fcccc2cb761 0x7fcccc2cb76b
+B+: 0x7fcccc2cb790 0x7fcccc2cb79d
+B+: 0x7fcccc2cb79e 0x7fcccc2cb7a5
+B+: 0x7fcccc2cb7a6 0x7fcccc2cb7a7
+B+: 0x7fcccc2cb890 0x7fcccc2cb89d
+B+: 0x7fcccc2cb89e 0x7fcccc2cb8a9
+B+: 0x7fcccc2cb8aa 0x7fcccc2cb8bd
+B+: 0x7fcccc2cb8c0 0x7fcccc2cb8ca
+B+: 0x7fcccc2cb8d0 0x7fcccc2cb8ef
+B+: 0x7fcccc2cb8f0 0x7fcccc2cb8f4
+B+: 0x7fcccc2cb8f5 0x7fcccc2cb90c
+B+: 0x7fcccc2cb90d 0x7fcccc2cb910
+B+: 0x7fcccc2cb911 0x7fcccc2cb912
+B+: 0x7fcccc2cb913 0x7fcccc2cb91b
+B+: 0x7fcccc2cb91c 0x7fcccc2cb930
+B+: 0x7fcccc2cb938 0x7fcccc2cb93c
+B+: 0x7fcccc2cb980 0x7fcccc2cb98f
+B+: 0x7fcccc2cb990 0x7fcccc2cb99b
+B+: 0x7fcccc2cb99c 0x7fcccc2cb9ab
+B+: 0x7fcccc2cba80 0x7fcccc2cba93
+B+: 0x7fcccc2cba94 0x7fcccc2cbaac
+B+: 0x7fcccc2cbaad 0x7fcccc2cbabf
+B+: 0x7fcccc2cbac0 0x7fcccc2cbada
+B+: 0x7fcccc2cbadb 0x7fcccc2cbae3
+B+: 0x7fcccc2cbaec 0x7fcccc2cbaf8
+B+: 0x7fcccc2cbaf9 0x7fcccc2cbb02
+B+: 0x7fcccc2cbb03 0x7fcccc2cbb06
+B+: 0x7fcccc2cbb07 0x7fcccc2cbb1a
+B+: 0x7fcccc2cbc49 0x7fcccc2cbc55
+B+: 0x7fcccc2cbc56 0x7fcccc2cbc67
+B+: 0x7fcccc2cbc82 0x7fcccc2cbc93
+B+: 0x7fcccc2cbd77 0x7fcccc2cbd82
+B+: 0x7fcccc2cbda0 0x7fcccc2cbdb2
+B+: 0x7fcccc2cbdb3 0x7fcccc2cbddf
+B+: 0x7fcccc2cbde0 0x7fcccc2cbdeb
+B+: 0x7fcccc2cbdec 0x7fcccc2cbdfc
+B+: 0x7fcccc2cbdfd 0x7fcccc2cbe18
+B+: 0x7fcccc2cbe19 0x7fcccc2cbe25
+B+: 0x7fcccc2cbe26 0x7fcccc2cbe2e
+B+: 0x7fcccc2cbe2f 0x7fcccc2cbe3f
+B+: 0x7fcccc2cbe40 0x7fcccc2cbe44
+B+: 0x7fcccc2cbe45 0x7fcccc2cbe50
+B+: 0x7fcccc2cbe51 0x7fcccc2cbe5d
+B+: 0x7fcccc2cbe5e 0x7fcccc2cbe77
+B+: 0x7fcccc2cbece 0x7fcccc2cbed2
+B+: 0x7fcccc2cbed3 0x7fcccc2cbede
+B+: 0x7fcccc2cbee0 0x7fcccc2cbeec
+B+: 0x7fcccc2cbf60 0x7fcccc2cbf7c
+B+: 0x7fcccc2cc120 0x7fcccc2cc128
+B+: 0x7fcccc2cc129 0x7fcccc2cc147
+B+: 0x7fcccc2cc750 0x7fcccc2cc75e
+B+: 0x7fcccc2cc75f 0x7fcccc2cc763
+B+: 0x7fcccc2cc764 0x7fcccc2cc770
+B+: 0x7fcccc2cc771 0x7fcccc2cc777
+B+: 0x7fcccc2cc778 0x7fcccc2cc783
+B+: 0x7fcccc2cc784 0x7fcccc2cc788
+B+: 0x7fcccc2cc789 0x7fcccc2cc78d
+B+: 0x7fcccc2cc78e 0x7fcccc2cc796
+B+: 0x7fcccc2cc797 0x7fcccc2cc79e
+B+: 0x7fcccc2cc890 0x7fcccc2cc892
+B+: 0x7fcccc2cc8a7 0x7fcccc2cc8ab
+B+: 0x7fcccc2cc8ac 0x7fcccc2cc8b2
+B+: 0x7fcccc2cc8b3 0x7fcccc2cc8b6
+B+: 0x7fcccc2cc8d0 0x7fcccc2cc8e1
+B+: 0x7fcccc2cc8e2 0x7fcccc2cc8e6
+B+: 0x7fcccc2cc8e7 0x7fcccc2cc8eb
+B+: 0x7fcccc2cc8ec 0x7fcccc2cc8f1
+B+: 0x7fcccc2cc8f2 0x7fcccc2cc8fa
+B+: 0x7fcccc2cc8fb 0x7fcccc2cc8fc
+B+: 0x7fcccc2cc940 0x7fcccc2cc948
+B+: 0x7fcccc2cc949 0x7fcccc2cc951
+B+: 0x7fcccc2cc980 0x7fcccc2cc988
+B+: 0x7fcccc2cc989 0x7fcccc2cc98a
+B+: 0x7fcccc2cc98b 0x7fcccc2cc991
+B+: 0x7fcccc2cc992 0x7fcccc2cc9a2
+B+: 0x7fcccc2cc9a8 0x7fcccc2cc9ac
+B+: 0x7fcccc2cc9eb 0x7fcccc2cca00
+B+: 0x7fcccc2cca08 0x7fcccc2cca10
+B+: 0x7fcccc2ccaf0 0x7fcccc2ccb11
+B+: 0x7fcccc2ccb12 0x7fcccc2ccb16
+B+: 0x7fcccc2ccb17 0x7fcccc2ccb1d
+B+: 0x7fcccc2ccb1e 0x7fcccc2ccb26
+B+: 0x7fcccc2ccb27 0x7fcccc2ccb34
+B+: 0x7fcccc2ccb35 0x7fcccc2ccb3c
+B+: 0x7fcccc2ccb3d 0x7fcccc2ccb49
+B+: 0x7fcccc2ccb4a 0x7fcccc2ccb5a
+B+: 0x7fcccc2ccb5b 0x7fcccc2ccb63
+B+: 0x7fcccc2ccb7f 0x7fcccc2ccb93
+B+: 0x7fcccc2ccb94 0x7fcccc2ccb9c
+B+: 0x7fcccc2ccbe0 0x7fcccc2ccbf7
+B+: 0x7fcccc2ccbf8 0x7fcccc2ccc00
+B+: 0x7fcccc2ccc1b 0x7fcccc2ccc2b
+B+: 0x7fcccc2ccd40 0x7fcccc2ccd5e
+B+: 0x7fcccc2ccd5f 0x7fcccc2ccd6d
+B+: 0x7fcccc2ccd6e 0x7fcccc2ccd72
+B+: 0x7fcccc2ccd7d 0x7fcccc2ccd90
+B+: 0x7fcccc2ccd91 0x7fcccc2ccd95
+B+: 0x7fcccc2ccd96 0x7fcccc2ccd9a
+B+: 0x7fcccc2ccda0 0x7fcccc2ccda4
+B+: 0x7fcccc2ccdd5 0x7fcccc2ccdd9
+B+: 0x7fcccc2ccdda 0x7fcccc2ccdde
+B+: 0x7fcccc2ccdf0 0x7fcccc2ccdfb
+B+: 0x7fcccc2ccdfc 0x7fcccc2cce07
+B+: 0x7fcccc2cce08 0x7fcccc2cce10
+B+: 0x7fcccc2cce2c 0x7fcccc2cce30
+B+: 0x7fcccc2cce31 0x7fcccc2cce36
+B+: 0x7fcccc2cce41 0x7fcccc2cce45
+B+: 0x7fcccc2cce46 0x7fcccc2cce54
+B+: 0x7fcccc2cce55 0x7fcccc2cce5d
+B+: 0x7fcccc2cce5e 0x7fcccc2cce62
+B+: 0x7fcccc2cce63 0x7fcccc2cce74
+B+: 0x7fcccc2cce78 0x7fcccc2cce84
+B+: 0x7fcccc2ccea0 0x7fcccc2ccea4
+B+: 0x7fcccc2ccef0 0x7fcccc2ccf03
+B+: 0x7fcccc2ccf40 0x7fcccc2ccf76
+B+: 0x7fcccc2ccf77 0x7fcccc2ccf82
+B+: 0x7fcccc2ccf83 0x7fcccc2ccf92
+B+: 0x7fcccc2cd01b 0x7fcccc2cd031
+B+: 0x7fcccc2cd032 0x7fcccc2cd040
+B+: 0x7fcccc2cd075 0x7fcccc2cd0b8
+B+: 0x7fcccc2cd0b9 0x7fcccc2cd0c3
+B+: 0x7fcccc2cd0c4 0x7fcccc2cd0cc
+B+: 0x7fcccc2cd0cd 0x7fcccc2cd0d5
+B+: 0x7fcccc2cd0d6 0x7fcccc2cd0de
+B+: 0x7fcccc2cd0df 0x7fcccc2cd106
+B+: 0x7fcccc2cd107 0x7fcccc2cd133
+B+: 0x7fcccc2cd578 0x7fcccc2cd581
+B+: 0x7fcccc2cd582 0x7fcccc2cd5a8
+B+: 0x7fcccc2cd5a9 0x7fcccc2cd5b6
+B+: 0x7fcccc2cd5d0 0x7fcccc2cd5e0
+B+: 0x7fcccc2cd5e1 0x7fcccc2cd5ee
+B+: 0x7fcccc2cd5ef 0x7fcccc2cd5f3
+B+: 0x7fcccc2cd670 0x7fcccc2cd67e
+B+: 0x7fcccc2cd67f 0x7fcccc2cd683
+B+: 0x7fcccc2cd684 0x7fcccc2cd692
+B+: 0x7fcccc2cd693 0x7fcccc2cd69a
+B+: 0x7fcccc2cd69b 0x7fcccc2cd6a2
+B+: 0x7fcccc2cd6a3 0x7fcccc2cd6b7
+B+: 0x7fcccc2cd790 0x7fcccc2cd7bc
+B+: 0x7fcccc2cd7bd 0x7fcccc2cd7d4
+B+: 0x7fcccc2cd7e0 0x7fcccc2cd83a
+B+: 0x7fcccc2cd83b 0x7fcccc2cd875
+B+: 0x7fcccc2cd876 0x7fcccc2cd893
+B+: 0x7fcccc2cd894 0x7fcccc2cd8a3
+B+: 0x7fcccc2cd8a4 0x7fcccc2cd8b0
+B+: 0x7fcccc2cd9b4 0x7fcccc2cd9b8
+B+: 0x7fcccc2cd9b9 0x7fcccc2cd9cf
+B+: 0x7fcccc2cd9d0 0x7fcccc2cd9dc
+B+: 0x7fcccc2cd9dd 0x7fcccc2cd9ef
+B+: 0x7fcccc2cd9f0 0x7fcccc2cd9f7
+B+: 0x7fcccc2cda01 0x7fcccc2cda16
+B+: 0x7fcccc2cda28 0x7fcccc2cda3d
+B+: 0x7fcccc2cda3e 0x7fcccc2cda4d
+B+: 0x7fcccc2cda79 0x7fcccc2cda97
+B+: 0x7fcccc2cda98 0x7fcccc2cdac0
+B+: 0x7fcccc2cdac1 0x7fcccc2cdacf
+B+: 0x7fcccc2ce148 0x7fcccc2ce154
+B+: 0x7fcccc2ce155 0x7fcccc2ce174
+B+: 0x7fcccc2ce175 0x7fcccc2ce17f
+B+: 0x7fcccc2ce1ac 0x7fcccc2ce1b0
+B+: 0x7fcccc2ce1b1 0x7fcccc2ce1b5
+B+: 0x7fcccc2cea40 0x7fcccc2cea64
+B+: 0x7fcccc2ceb10 0x7fcccc2ceb1a
+B+: 0x7fcccc2ceb40 0x7fcccc2ceb47
+B+: 0x7fcccc2ceb48 0x7fcccc2ceb51
+B+: 0x7fcccc2ceb58 0x7fcccc2ceb60
+B+: 0x7fcccc2ceb61 0x7fcccc2ceb6a
+B+: 0x7fcccc2ceb88 0x7fcccc2ceb8c
+B+: 0x7fcccc2ceb8d 0x7fcccc2ceb94
+B+: 0x7fcccc2ceba0 0x7fcccc2ceba4
+B+: 0x7fcccc2ced00 0x7fcccc2ced30
+B+: 0x7fcccc2cee3f 0x7fcccc2cee55
+B+: 0x7fcccc2cee56 0x7fcccc2cee67
+B+: 0x7fcccc2cf1e0 0x7fcccc2cf222
+B+: 0x7fcccc2cf223 0x7fcccc2cf228
+B+: 0x7fcccc2cf24c 0x7fcccc2cf260
+B+: 0x7fcccc2cf261 0x7fcccc2cf269
+B+: 0x7fcccc2cf270 0x7fcccc2cf279
+B+: 0x7fcccc2cf288 0x7fcccc2cf2a0
+B+: 0x7fcccc2cf2a1 0x7fcccc2cf2ba
+B+: 0x7fcccc2cf2bb 0x7fcccc2cf2bc
+B+: 0x7fcccc2cf2d0 0x7fcccc2cf2d8
+B+: 0x7fcccc2cf2f8 0x7fcccc2cf2f8
+B+: 0x7fcccc2cf300 0x7fcccc2cf30c
+B+: 0x7fcccc2cf33f 0x7fcccc2cf343
+B+: 0x7fcccc2cf380 0x7fcccc2cf384
+B+: 0x7fcccc2cf3d0 0x7fcccc2cf3e3
+B+: 0x7fcccc2cf400 0x7fcccc2cf400
+B+: 0x7fcccc2cf420 0x7fcccc2cf45b
+B+: 0x7fcccc2cf467 0x7fcccc2cf471
+B+: 0x7fcccc2cf472 0x7fcccc2cf489
+B+: 0x7fcccc2cf48a 0x7fcccc2cf48d
+B+: 0x7fcccc2cf48e 0x7fcccc2cf494
+B+: 0x7fcccc2cf495 0x7fcccc2cf49d
+B+: 0x7fcccc2cf49e 0x7fcccc2cf4a9
+B+: 0x7fcccc2cf4aa 0x7fcccc2cf4c2
+B+: 0x7fcccc2cf4c3 0x7fcccc2cf4ce
+B+: 0x7fcccc2cf4cf 0x7fcccc2cf4e5
+B+: 0x7fcccc2cf4e6 0x7fcccc2cf4f5
+B+: 0x7fcccc2cf500 0x7fcccc2cf50e
+B+: 0x7fcccc2cf50f 0x7fcccc2cf513
+B+: 0x7fcccc2cf514 0x7fcccc2cf51e
+B+: 0x7fcccc2cf540 0x7fcccc2cf549
+B+: 0x7fcccc2cf54a 0x7fcccc2cf54e
+B+: 0x7fcccc2cf54f 0x7fcccc2cf560
+B+: 0x7fcccc2cf568 0x7fcccc2cf577
+B+: 0x7fcccc2cf580 0x7fcccc2cf589
+B+: 0x7fcccc2cf5a8 0x7fcccc2cf5bb
+B+: 0x7fcccc2cf5c0 0x7fcccc2cf5ce
+B+: 0x7fcccc2cf5cf 0x7fcccc2cf5dc
+B+: 0x7fcccc2cf6f0 0x7fcccc2cf6fd
+B+: 0x7fcccc2cf7a0 0x7fcccc2cf7a0
+B+: 0x7fcccc2cf7b0 0x7fcccc2cf7ba
+B+: 0x7fcccc2cf7bb 0x7fcccc2cf7ce
+B+: 0x7fcccc2cf7cf 0x7fcccc2cf7d8
+B+: 0x7fcccc2cf7d9 0x7fcccc2cf7e6
+B+: 0x7fcccc2cf800 0x7fcccc2cf82d
+B+: 0x7fcccc2cf82e 0x7fcccc2cf831
+B+: 0x7fcccc2cf832 0x7fcccc2cf847
+B+: 0x7fcccc2cf864 0x7fcccc2cf86b
+B+: 0x7fcccc2cf86c 0x7fcccc2cf86f
+B+: 0x7fcccc2cf870 0x7fcccc2cf876
+B+: 0x7fcccc2cf877 0x7fcccc2cf87b
+B+: 0x7fcccc2cf87c 0x7fcccc2cf886
+B+: 0x7fcccc2cfae0 0x7fcccc2cfb01
+B+: 0x7fcccc2cfb02 0x7fcccc2cfb0a
+B+: 0x7fcccc2cfb0b 0x7fcccc2cfb14
+B+: 0x7fcccc2cfb15 0x7fcccc2cfb19
+B+: 0x7fcccc2cfc00 0x7fcccc2cfc19
+B+: 0x7fcccc2cfc51 0x7fcccc2cfc8e
+B+: 0x7fcccc2cfc8f 0x7fcccc2cfc9e
+B+: 0x7fcccc2cfc9f 0x7fcccc2cfca6
+B+: 0x7fcccc2cfdf0 0x7fcccc2cfdfb
+B+: 0x7fcccc2cfe20 0x7fcccc2cfe20
+B+: 0x7fcccc2cfe30 0x7fcccc2cfe38
+B+: 0x7fcccc2d1940 0x7fcccc2d194b
+B+: 0x7fcccc2d194c 0x7fcccc2d1957
+B+: 0x7fcccc2d1958 0x7fcccc2d1964
+B+: 0x7fcccc2d1965 0x7fcccc2d1969
+B+: 0x7fcccc2d196a 0x7fcccc2d196f
+B+: 0x7fcccc2d1970 0x7fcccc2d1976
+B+: 0x7fcccc2d1980 0x7fcccc2d1987
+B+: 0x7fcccc2d1988 0x7fcccc2d198c
+B+: 0x7fcccc2d198d 0x7fcccc2d199b
+B+: 0x7fcccc2d199c 0x7fcccc2d19a0
+B+: 0x7fcccc2d19a1 0x7fcccc2d19a8
+B+: 0x7fcccc2d19a9 0x7fcccc2d19ad
+B+: 0x7fcccc2d19ae 0x7fcccc2d19b8
+B+: 0x7fcccc2d19b9 0x7fcccc2d19b9
+B+: 0x7fcccc2d19c0 0x7fcccc2d19c5
+B+: 0x7fcccc2d19c6 0x7fcccc2d19c9
+B+: 0x7fcccc2d19d0 0x7fcccc2d19d0
+B+: 0x7fcccc2d19d1 0x7fcccc2d19d5
+B+: 0x7fcccc2d19d6 0x7fcccc2d19d9
+B+: 0x7fcccc2d19e0 0x7fcccc2d19ff
+B+: 0x7fcccc2d1a00 0x7fcccc2d1a11
+B+: 0x7fcccc2d1a12 0x7fcccc2d1a16
+B+: 0x7fcccc2d1a20 0x7fcccc2d1a22
+B+: 0x7fcccc2d1a23 0x7fcccc2d1a2f
+B+: 0x7fcccc2d1a30 0x7fcccc2d1a33
+B+: 0x7fcccc2d1a34 0x7fcccc2d1a5d
+B+: 0x7fcccc2d1a5e 0x7fcccc2d1a62
+B+: 0x7fcccc2d1a63 0x7fcccc2d1a82
+B+: 0x7fcccc2d1ac0 0x7fcccc2d1ade
+B+: 0x7fcccc2d1adf 0x7fcccc2d1ae3
+B+: 0x7fcccc2d1ae4 0x7fcccc2d1ae8
+B+: 0x7fcccc2d1af0 0x7fcccc2d1af2
+B+: 0x7fcccc2d1af3 0x7fcccc2d1aff
+B+: 0x7fcccc2d1b00 0x7fcccc2d1b03
+B+: 0x7fcccc2d1b04 0x7fcccc2d1b3e
+B+: 0x7fcccc2d1b3f 0x7fcccc2d1b49
+B+: 0x7fcccc2d1b4a 0x7fcccc2d1b57
+B+: 0x7fcccc2d1b58 0x7fcccc2d1b5d
+B+: 0x7fcccc2d1b5e 0x7fcccc2d1b66
+B+: 0x7fcccc2d1b67 0x7fcccc2d1b70
+B+: 0x7fcccc2d1b71 0x7fcccc2d1b7a
+B+: 0x7fcccc2d1b7b 0x7fcccc2d1b9a
+B+: 0x7fcccc2d1b9b 0x7fcccc2d1ba3
+B+: 0x7fcccc2d1ba4 0x7fcccc2d1bbd
+B+: 0x7fcccc2d1bc0 0x7fcccc2d1bc5
+B+: 0x7fcccc2d1bc6 0x7fcccc2d1bcf
+B+: 0x7fcccc2d1bd0 0x7fcccc2d1bd9
+B+: 0x7fcccc2d1bda 0x7fcccc2d1bf7
+B+: 0x7fcccc2d1c08 0x7fcccc2d1c14
+B+: 0x7fcccc2d1c15 0x7fcccc2d1c1b
+B+: 0x7fcccc2d1c1c 0x7fcccc2d1c29
+B+: 0x7fcccc2d1cb0 0x7fcccc2d1cca
+B+: 0x7fcccc2d1ccb 0x7fcccc2d1cda
+B+: 0x7fcccc2d1cdb 0x7fcccc2d1ce6
+B+: 0x7fcccc2d1ce7 0x7fcccc2d1cef
+B+: 0x7fcccc2d1cf0 0x7fcccc2d1cf4
+B+: 0x7fcccc2d1cf5 0x7fcccc2d1cfc
+B+: 0x7fcccc2d1cfd 0x7fcccc2d1d10
+B+: 0x7fcccc2d1d11 0x7fcccc2d1d21
+B+: 0x7fcccc2d1d22 0x7fcccc2d1d26
+B+: 0x7fcccc2d1d27 0x7fcccc2d1d38
+B+: 0x7fcccc2d1d39 0x7fcccc2d1d4b
+B+: 0x7fcccc2d1d4c 0x7fcccc2d1d54
+B+: 0x7fcccc2d1d55 0x7fcccc2d1d5e
+B+: 0x7fcccc2d1d5f 0x7fcccc2d1d6d
+B+: 0x7fcccc2d1ea0 0x7fcccc2d1eb6
+B+: 0x7fcccc2d1eb7 0x7fcccc2d1ebb
+B+: 0x7fcccc2d1ebc 0x7fcccc2d1ec0
+B+: 0x7fcccc2d1ec8 0x7fcccc2d1ecb
+B+: 0x7fcccc2d1ecc 0x7fcccc2d1ed9
+B+: 0x7fcccc2d1eda 0x7fcccc2d1edd
+B+: 0x7fcccc2d1ede 0x7fcccc2d1f06
+B+: 0x7fcccc2d1f07 0x7fcccc2d1f10
+B+: 0x7fcccc2d1f11 0x7fcccc2d1f16
+B+: 0x7fcccc2d1f17 0x7fcccc2d1f24
+B+: 0x7fcccc2d1f25 0x7fcccc2d1f2d
+B+: 0x7fcccc2d2440 0x7fcccc2d246b
+B+: 0x7fcccc2d246c 0x7fcccc2d2470
+B+: 0x7fcccc2d2471 0x7fcccc2d2475
+B+: 0x7fcccc2d2536 0x7fcccc2d253e
+B+: 0x7fcccc2d253f 0x7fcccc2d2548
+B+: 0x7fcccc2d2549 0x7fcccc2d2551
+B+: 0x7fcccc2d25d0 0x7fcccc2d25e4
+B+: 0x7fcccc2d25e5 0x7fcccc2d2606
+B+: 0x7fcccc2d2607 0x7fcccc2d2610
+B+: 0x7fcccc2d2611 0x7fcccc2d2618
+B+: 0x7fcccc2d2640 0x7fcccc2d2648
+B+: 0x7fcccc2d2649 0x7fcccc2d2656
+B+: 0x7fcccc2d2657 0x7fcccc2d265f
+B+: 0x7fcccc2d2660 0x7fcccc2d2661
+B+: 0x7fcccc2d2760 0x7fcccc2d27aa
+B+: 0x7fcccc2d27ab 0x7fcccc2d27af
+B+: 0x7fcccc2d27b0 0x7fcccc2d27be
+B+: 0x7fcccc2d27c8 0x7fcccc2d27d3
+B+: 0x7fcccc2d27d4 0x7fcccc2d27d8
+B+: 0x7fcccc2d27d9 0x7fcccc2d27e0
+B+: 0x7fcccc2d27e1 0x7fcccc2d27e5
+B+: 0x7fcccc2d27e6 0x7fcccc2d27f3
+B+: 0x7fcccc2d27f4 0x7fcccc2d27fb
+B+: 0x7fcccc2d2800 0x7fcccc2d2810
+B+: 0x7fcccc2d2811 0x7fcccc2d2815
+B+: 0x7fcccc2d2816 0x7fcccc2d2832
+B+: 0x7fcccc2d2833 0x7fcccc2d2843
+B+: 0x7fcccc2d2844 0x7fcccc2d284f
+B+: 0x7fcccc2d2850 0x7fcccc2d2857
+B+: 0x7fcccc2d2858 0x7fcccc2d285c
+B+: 0x7fcccc2d285d 0x7fcccc2d2868
+B+: 0x7fcccc2d2869 0x7fcccc2d287b
+B+: 0x7fcccc2d287c 0x7fcccc2d2884
+B+: 0x7fcccc2d2888 0x7fcccc2d2897
+B+: 0x7fcccc2d2898 0x7fcccc2d289b
+B+: 0x7fcccc2d289c 0x7fcccc2d28b4
+B+: 0x7fcccc2d28b5 0x7fcccc2d28b8
+B+: 0x7fcccc2d28b9 0x7fcccc2d28c6
+B+: 0x7fcccc2d28c7 0x7fcccc2d28d5
+B+: 0x7fcccc2d2dc0 0x7fcccc2d2dec
+B+: 0x7fcccc2d2ded 0x7fcccc2d2df2
+B+: 0x7fcccc2d2df3 0x7fcccc2d2e04
+B+: 0x7fcccc2d2e05 0x7fcccc2d2e0d
+B+: 0x7fcccc2d2e0e 0x7fcccc2d2e1c
+CND+ 0x7fcccc2c100e: taken
+CND+ 0x7fcccc2c15ea: not taken
+CND+ 0x7fcccc2c1626: not taken
+CND+ 0x7fcccc2c163b: taken
+CND+ 0x7fcccc2c1673: not taken
+CND+ 0x7fcccc2c1687: not taken
+CND+ 0x7fcccc2c1695: not taken
+CND+ 0x7fcccc2c17e2: taken
+CND+ 0x7fcccc2c1862: not taken
+CND+ 0x7fcccc2c187c: both
+CND+ 0x7fcccc2c18a9: not taken
+CND+ 0x7fcccc2c1a5d: not taken
+CND+ 0x7fcccc2c1a62: taken
+CND+ 0x7fcccc2c26e6: not taken
+CND+ 0x7fcccc2c2704: taken
+CND+ 0x7fcccc2c271a: not taken
+CND+ 0x7fcccc2c271f: taken
+CND+ 0x7fcccc2c272f: taken
+CND+ 0x7fcccc2c274c: not taken
+CND+ 0x7fcccc2c2756: not taken
+CND+ 0x7fcccc2c278f: not taken
+CND+ 0x7fcccc2c279b: taken
+CND+ 0x7fcccc2c3079: taken
+CND+ 0x7fcccc2c311b: not taken
+CND+ 0x7fcccc2c3149: not taken
+CND+ 0x7fcccc2c3158: not taken
+CND+ 0x7fcccc2c3190: not taken
+CND+ 0x7fcccc2c31ce: taken
+CND+ 0x7fcccc2c3c20: not taken
+CND+ 0x7fcccc2c3c2d: taken
+CND+ 0x7fcccc2c3c48: not taken
+CND+ 0x7fcccc2c3c5f: both
+CND+ 0x7fcccc2c3c88: not taken
+CND+ 0x7fcccc2c3ed2: taken
+CND+ 0x7fcccc2c3f55: not taken
+CND+ 0x7fcccc2c3f7e: not taken
+CND+ 0x7fcccc2c3f8a: not taken
+CND+ 0x7fcccc2c3f93: both
+CND+ 0x7fcccc2c3fc4: not taken
+CND+ 0x7fcccc2c3fe2: both
+CND+ 0x7fcccc2c3ffb: taken
+CND+ 0x7fcccc2c405a: taken
+CND+ 0x7fcccc2c40af: not taken
+CND+ 0x7fcccc2c40b8: taken
+CND+ 0x7fcccc2c40e0: taken
+CND+ 0x7fcccc2c4116: not taken
+CND+ 0x7fcccc2c415a: not taken
+CND+ 0x7fcccc2c4163: taken
+CND+ 0x7fcccc2c421b: taken
+CND+ 0x7fcccc2c424a: taken
+CND+ 0x7fcccc2c427c: not taken
+CND+ 0x7fcccc2c436a: taken
+CND+ 0x7fcccc2c4520: not taken
+CND+ 0x7fcccc2c4529: not taken
+CND+ 0x7fcccc2c4532: taken
+CND+ 0x7fcccc2c48eb: not taken
+CND+ 0x7fcccc2c4906: both
+CND+ 0x7fcccc2c493d: not taken
+CND+ 0x7fcccc2c4985: both
+CND+ 0x7fcccc2c49f6: taken
+CND+ 0x7fcccc2c4a20: both
+CND+ 0x7fcccc2c4a29: not taken
+CND+ 0x7fcccc2c4a33: not taken
+CND+ 0x7fcccc2c4ae4: not taken
+CND+ 0x7fcccc2c4afb: taken
+CND+ 0x7fcccc2c4b2a: both
+CND+ 0x7fcccc2c4b30: both
+CND+ 0x7fcccc2c4b40: taken
+CND+ 0x7fcccc2c4b60: not taken
+CND+ 0x7fcccc2c4b96: not taken
+CND+ 0x7fcccc2c4be5: taken
+CND+ 0x7fcccc2c4da0: not taken
+CND+ 0x7fcccc2c4da9: not taken
+CND+ 0x7fcccc2c4dc8: both
+CND+ 0x7fcccc2c4dd0: both
+CND+ 0x7fcccc2c4e2e: taken
+CND+ 0x7fcccc2c4e57: not taken
+CND+ 0x7fcccc2c4eac: taken
+CND+ 0x7fcccc2c4ed8: taken
+CND+ 0x7fcccc2c4fa3: not taken
+CND+ 0x7fcccc2c4fc0: taken
+CND+ 0x7fcccc2c5019: not taken
+CND+ 0x7fcccc2c5065: not taken
+CND+ 0x7fcccc2c506f: not taken
+CND+ 0x7fcccc2c5089: both
+CND+ 0x7fcccc2c509d: not taken
+CND+ 0x7fcccc2c50ab: taken
+CND+ 0x7fcccc2c514c: not taken
+CND+ 0x7fcccc2c5156: taken
+CND+ 0x7fcccc2c51cc: taken
+CND+ 0x7fcccc2c51ee: taken
+CND+ 0x7fcccc2c5811: both
+CND+ 0x7fcccc2c581b: not taken
+CND+ 0x7fcccc2c581f: not taken
+CND+ 0x7fcccc2c5839: taken
+CND+ 0x7fcccc2c5859: taken
+CND+ 0x7fcccc2c5861: taken
+CND+ 0x7fcccc2c645f: taken
+CND+ 0x7fcccc2c6626: not taken
+CND+ 0x7fcccc2c66ca: taken
+CND+ 0x7fcccc2c6762: taken
+CND+ 0x7fcccc2c72a4: taken
+CND+ 0x7fcccc2c72bd: not taken
+CND+ 0x7fcccc2c72cd: not taken
+CND+ 0x7fcccc2c730f: taken
+CND+ 0x7fcccc2c7327: taken
+CND+ 0x7fcccc2c733a: not taken
+CND+ 0x7fcccc2c7343: taken
+CND+ 0x7fcccc2c7381: not taken
+CND+ 0x7fcccc2c73d6: taken
+CND+ 0x7fcccc2c73e7: taken
+CND+ 0x7fcccc2c7895: not taken
+CND+ 0x7fcccc2c78a8: not taken
+CND+ 0x7fcccc2c78d2: not taken
+CND+ 0x7fcccc2c7907: not taken
+CND+ 0x7fcccc2c7942: taken
+CND+ 0x7fcccc2c7953: not taken
+CND+ 0x7fcccc2c7963: taken
+CND+ 0x7fcccc2c7a7b: not taken
+CND+ 0x7fcccc2c7dbc: both
+CND+ 0x7fcccc2c7dc9: both
+CND+ 0x7fcccc2c7e03: not taken
+CND+ 0x7fcccc2c7e0d: not taken
+CND+ 0x7fcccc2c7e18: taken
+CND+ 0x7fcccc2c81a1: not taken
+CND+ 0x7fcccc2c81ab: not taken
+CND+ 0x7fcccc2c81e4: taken
+CND+ 0x7fcccc2c81f2: taken
+CND+ 0x7fcccc2c820a: not taken
+CND+ 0x7fcccc2c8225: not taken
+CND+ 0x7fcccc2c822f: not taken
+CND+ 0x7fcccc2c8247: taken
+CND+ 0x7fcccc2c8533: taken
+CND+ 0x7fcccc2c8582: taken
+CND+ 0x7fcccc2c8655: taken
+CND+ 0x7fcccc2c8698: taken
+CND+ 0x7fcccc2c8703: not taken
+CND+ 0x7fcccc2c870c: taken
+CND+ 0x7fcccc2c8725: not taken
+CND+ 0x7fcccc2c8742: not taken
+CND+ 0x7fcccc2c875a: not taken
+CND+ 0x7fcccc2c8765: not taken
+CND+ 0x7fcccc2c8792: not taken
+CND+ 0x7fcccc2c8797: taken
+CND+ 0x7fcccc2c87a9: taken
+CND+ 0x7fcccc2c87ad: not taken
+CND+ 0x7fcccc2c87bc: taken
+CND+ 0x7fcccc2c87ce: taken
+CND+ 0x7fcccc2c8848: taken
+CND+ 0x7fcccc2c8889: not taken
+CND+ 0x7fcccc2c889b: not taken
+CND+ 0x7fcccc2c88a8: taken
+CND+ 0x7fcccc2c8c2f: not taken
+CND+ 0x7fcccc2c8c57: taken
+CND+ 0x7fcccc2c8c65: not taken
+CND+ 0x7fcccc2c8c6e: taken
+CND+ 0x7fcccc2c8c86: not taken
+CND+ 0x7fcccc2c8cae: taken
+CND+ 0x7fcccc2c9366: taken
+CND+ 0x7fcccc2c99d6: taken
+CND+ 0x7fcccc2c9a31: not taken
+CND+ 0x7fcccc2c9a51: taken
+CND+ 0x7fcccc2c9aad: not taken
+CND+ 0x7fcccc2c9ab5: taken
+CND+ 0x7fcccc2c9b00: taken
+CND+ 0x7fcccc2c9b5a: not taken
+CND+ 0x7fcccc2c9b62: not taken
+CND+ 0x7fcccc2c9b6b: not taken
+CND+ 0x7fcccc2c9b75: not taken
+CND+ 0x7fcccc2c9b7f: taken
+CND+ 0x7fcccc2c9b9b: taken
+CND+ 0x7fcccc2c9c3c: taken
+CND+ 0x7fcccc2c9ed9: not taken
+CND+ 0x7fcccc2c9ee6: not taken
+CND+ 0x7fcccc2c9f01: not taken
+CND+ 0x7fcccc2c9f1a: not taken
+CND+ 0x7fcccc2c9f20: not taken
+CND+ 0x7fcccc2c9f26: taken
+CND+ 0x7fcccc2ca76c: not taken
+CND+ 0x7fcccc2ca78c: not taken
+CND+ 0x7fcccc2ca7d8: both
+CND+ 0x7fcccc2ca7e1: taken
+CND+ 0x7fcccc2ca806: not taken
+CND+ 0x7fcccc2ca840: not taken
+CND+ 0x7fcccc2ca84a: not taken
+CND+ 0x7fcccc2ca965: both
+CND+ 0x7fcccc2ca989: not taken
+CND+ 0x7fcccc2ca9b2: not taken
+CND+ 0x7fcccc2ca9bc: not taken
+CND+ 0x7fcccc2ca9e3: not taken
+CND+ 0x7fcccc2caa13: taken
+CND+ 0x7fcccc2caafd: not taken
+CND+ 0x7fcccc2cab1a: not taken
+CND+ 0x7fcccc2cab61: taken
+CND+ 0x7fcccc2cb711: not taken
+CND+ 0x7fcccc2cb71d: not taken
+CND+ 0x7fcccc2cb722: not taken
+CND+ 0x7fcccc2cb748: not taken
+CND+ 0x7fcccc2cb74c: not taken
+CND+ 0x7fcccc2cb75f: not taken
+CND+ 0x7fcccc2cb7a4: not taken
+CND+ 0x7fcccc2cb8f3: both
+CND+ 0x7fcccc2cb90f: both
+CND+ 0x7fcccc2cb911: not taken
+CND+ 0x7fcccc2cb91a: taken
+CND+ 0x7fcccc2cba92: not taken
+CND+ 0x7fcccc2cbaba: not taken
+CND+ 0x7fcccc2cbad5: both
+CND+ 0x7fcccc2cbade: taken
+CND+ 0x7fcccc2cbaf7: not taken
+CND+ 0x7fcccc2cbb01: not taken
+CND+ 0x7fcccc2cbb05: not taken
+CND+ 0x7fcccc2cbb19: taken
+CND+ 0x7fcccc2cbc50: not taken
+CND+ 0x7fcccc2cbc62: taken
+CND+ 0x7fcccc2cbdb1: not taken
+CND+ 0x7fcccc2cbdea: both
+CND+ 0x7fcccc2cbe13: not taken
+CND+ 0x7fcccc2cbe20: taken
+CND+ 0x7fcccc2cbe2d: not taken
+CND+ 0x7fcccc2cbe43: not taken
+CND+ 0x7fcccc2cbe4f: both
+CND+ 0x7fcccc2cbe58: not taken
+CND+ 0x7fcccc2cbe72: taken
+CND+ 0x7fcccc2cbee7: taken
+CND+ 0x7fcccc2cc75d: both
+CND+ 0x7fcccc2cc76f: not taken
+CND+ 0x7fcccc2cc782: both
+CND+ 0x7fcccc2cc787: both
+CND+ 0x7fcccc2cc795: both
+CND+ 0x7fcccc2cc8b1: not taken
+CND+ 0x7fcccc2cc8dc: not taken
+CND+ 0x7fcccc2cc8ea: not taken
+CND+ 0x7fcccc2cc8ec: both
+CND+ 0x7fcccc2cc8f5: not taken
+CND+ 0x7fcccc2cc8fb: taken
+CND+ 0x7fcccc2cc943: not taken
+CND+ 0x7fcccc2cc94c: taken
+CND+ 0x7fcccc2cc983: not taken
+CND+ 0x7fcccc2cc989: both
+CND+ 0x7fcccc2cc990: not taken
+CND+ 0x7fcccc2cc9ab: taken
+CND+ 0x7fcccc2cca0b: taken
+CND+ 0x7fcccc2ccb10: both
+CND+ 0x7fcccc2ccb1c: not taken
+CND+ 0x7fcccc2ccb21: both
+CND+ 0x7fcccc2ccb2f: not taken
+CND+ 0x7fcccc2ccb37: both
+CND+ 0x7fcccc2ccb44: both
+CND+ 0x7fcccc2ccb5e: taken
+CND+ 0x7fcccc2ccb92: both
+CND+ 0x7fcccc2ccb9b: taken
+CND+ 0x7fcccc2ccbfb: taken
+CND+ 0x7fcccc2ccd68: both
+CND+ 0x7fcccc2ccd71: taken
+CND+ 0x7fcccc2ccd8b: not taken
+CND+ 0x7fcccc2ccda3: taken
+CND+ 0x7fcccc2ccddd: taken
+CND+ 0x7fcccc2cce02: not taken
+CND+ 0x7fcccc2cce0b: taken
+CND+ 0x7fcccc2cce2f: not taken
+CND+ 0x7fcccc2cce35: taken
+CND+ 0x7fcccc2cce4f: not taken
+CND+ 0x7fcccc2cce58: both
+CND+ 0x7fcccc2ccf7d: not taken
+CND+ 0x7fcccc2cd02c: not taken
+CND+ 0x7fcccc2cd0c7: not taken
+CND+ 0x7fcccc2cd0d0: both
+CND+ 0x7fcccc2cd0d9: not taken
+CND+ 0x7fcccc2cd5a7: both
+CND+ 0x7fcccc2cd5ed: not taken
+CND+ 0x7fcccc2cd5f2: taken
+CND+ 0x7fcccc2cd682: not taken
+CND+ 0x7fcccc2cd6a1: not taken
+CND+ 0x7fcccc2cd7bb: not taken
+CND+ 0x7fcccc2cd835: not taken
+CND+ 0x7fcccc2cd870: not taken
+CND+ 0x7fcccc2cd88e: not taken
+CND+ 0x7fcccc2cd89e: not taken
+CND+ 0x7fcccc2cd9ca: both
+CND+ 0x7fcccc2cd9ea: taken
+CND+ 0x7fcccc2cd9f6: taken
+CND+ 0x7fcccc2cda15: taken
+CND+ 0x7fcccc2cda38: not taken
+CND+ 0x7fcccc2cda48: taken
+CND+ 0x7fcccc2cdabb: not taken
+CND+ 0x7fcccc2ce14f: not taken
+CND+ 0x7fcccc2ce16f: not taken
+CND+ 0x7fcccc2ce17e: taken
+CND+ 0x7fcccc2cea5f: taken
+CND+ 0x7fcccc2ceb46: not taken
+CND+ 0x7fcccc2ceb50: taken
+CND+ 0x7fcccc2ceb69: taken
+CND+ 0x7fcccc2ceb93: taken
+CND+ 0x7fcccc2ced2b: taken
+CND+ 0x7fcccc2cee50: not taken
+CND+ 0x7fcccc2cf227: taken
+CND+ 0x7fcccc2cf25f: not taken
+CND+ 0x7fcccc2cf278: taken
+CND+ 0x7fcccc2cf2b9: not taken
+CND+ 0x7fcccc2cf2d7: taken
+CND+ 0x7fcccc2cf30b: taken
+CND+ 0x7fcccc2cf383: taken
+CND+ 0x7fcccc2cf3e2: taken
+CND+ 0x7fcccc2cf456: taken
+CND+ 0x7fcccc2cf488: both
+CND+ 0x7fcccc2cf48c: not taken
+CND+ 0x7fcccc2cf493: not taken
+CND+ 0x7fcccc2cf498: both
+CND+ 0x7fcccc2cf4e0: not taken
+CND+ 0x7fcccc2cf512: not taken
+CND+ 0x7fcccc2cf519: taken
+CND+ 0x7fcccc2cf548: not taken
+CND+ 0x7fcccc2cf54d: not taken
+CND+ 0x7fcccc2cf5c9: not taken
+CND+ 0x7fcccc2cf5d7: taken
+CND+ 0x7fcccc2cf6f8: taken
+CND+ 0x7fcccc2cf7b9: not taken
+CND+ 0x7fcccc2cf830: not taken
+CND+ 0x7fcccc2cf846: taken
+CND+ 0x7fcccc2cf86e: not taken
+CND+ 0x7fcccc2cfb09: not taken
+CND+ 0x7fcccc2cfb13: not taken
+CND+ 0x7fcccc2cfc18: taken
+CND+ 0x7fcccc2cfc9d: not taken
+CND+ 0x7fcccc2cfdfa: taken
+CND+ 0x7fcccc2d1946: both
+CND+ 0x7fcccc2d1963: both
+CND+ 0x7fcccc2d1968: not taken
+CND+ 0x7fcccc2d196e: not taken
+CND+ 0x7fcccc2d1986: not taken
+CND+ 0x7fcccc2d198b: both
+CND+ 0x7fcccc2d199a: both
+CND+ 0x7fcccc2d199f: both
+CND+ 0x7fcccc2d19ac: both
+CND+ 0x7fcccc2d19b7: both
+CND+ 0x7fcccc2d19c4: not taken
+CND+ 0x7fcccc2d1a10: not taken
+CND+ 0x7fcccc2d1a15: taken
+CND+ 0x7fcccc2d1a2e: both
+CND+ 0x7fcccc2d1a32: both
+CND+ 0x7fcccc2d1a5c: both
+CND+ 0x7fcccc2d1add: not taken
+CND+ 0x7fcccc2d1ae2: not taken
+CND+ 0x7fcccc2d1afe: not taken
+CND+ 0x7fcccc2d1b02: both
+CND+ 0x7fcccc2d1b48: both
+CND+ 0x7fcccc2d1b52: not taken
+CND+ 0x7fcccc2d1b5c: not taken
+CND+ 0x7fcccc2d1b65: both
+CND+ 0x7fcccc2d1b6b: taken
+CND+ 0x7fcccc2d1b75: not taken
+CND+ 0x7fcccc2d1b95: not taken
+CND+ 0x7fcccc2d1ba2: not taken
+CND+ 0x7fcccc2d1bc4: not taken
+CND+ 0x7fcccc2d1bce: not taken
+CND+ 0x7fcccc2d1bf6: taken
+CND+ 0x7fcccc2d1c24: taken
+CND+ 0x7fcccc2d1ce1: not taken
+CND+ 0x7fcccc2d1cea: not taken
+CND+ 0x7fcccc2d1cf3: not taken
+CND+ 0x7fcccc2d1d25: not taken
+CND+ 0x7fcccc2d1d53: not taken
+CND+ 0x7fcccc2d1d5d: not taken
+CND+ 0x7fcccc2d1eb5: not taken
+CND+ 0x7fcccc2d1eba: not taken
+CND+ 0x7fcccc2d1ed8: both
+CND+ 0x7fcccc2d1edc: taken
+CND+ 0x7fcccc2d1f0f: not taken
+CND+ 0x7fcccc2d1f15: not taken
+CND+ 0x7fcccc2d246f: not taken
+CND+ 0x7fcccc2d253d: not taken
+CND+ 0x7fcccc2d2547: not taken
+CND+ 0x7fcccc2d2605: not taken
+CND+ 0x7fcccc2d260f: not taken
+CND+ 0x7fcccc2d2647: not taken
+CND+ 0x7fcccc2d265e: not taken
+CND+ 0x7fcccc2d27bd: taken
+CND+ 0x7fcccc2d27d2: taken
+CND+ 0x7fcccc2d27df: not taken
+CND+ 0x7fcccc2d27e4: both
+CND+ 0x7fcccc2d27fa: taken
+CND+ 0x7fcccc2d2856: not taken
+CND+ 0x7fcccc2d285b: taken
+CND+ 0x7fcccc2d287a: not taken
+CND+ 0x7fcccc2d289a: not taken
+CND+ 0x7fcccc2d28b7: not taken
+CND+ 0x7fcccc2d28c5: not taken
+CND+ 0x7fcccc2d28d4: taken
+CND+ 0x7fcccc2d2df1: not taken
+CND+ 0x7fcccc2d2e0c: not taken
@0x7fcccc2d1c19 to 0x7fcccc2c57d0 1
@0x7fcccc2d1c19 to 0x7fcccc2cc120 1
@0x7fcccc2c1050 to 0x7fcccfdfaa30 4
@0x7fcccc2c1080 to 0x7fcccfd9a330 2
@0x7fcccc2c1090 to 0x7fcccfe3c710 1
@0x7fcccc2c10a0 to 0x7fcccfe12e70 5
@0x7fcccc2c10d0 to 0x7fcccfdada20 7
@0x7fcccc2c10f0 to 0x7fcccfed1800 4
@0x7fcccc2c1130 to 0x7fcccfe3d1e0 1
@0x7fcccc2c1140 to 0x7fcccfdb1c10 1
@0x7fcccc2c1150 to 0x7fcccfe5f800 4
@0x7fcccc2c1160 to 0x7fcccfe3c230 1
@0x7fcccc2c1190 to 0x7fcccfed1bc0 8
@0x7fcccc2c11c0 to 0x7fcccfe3d200 1
@0x7fcccc2c11e0 to 0x7fcccfed15d0 1
@0x7fcccc2c1220 to 0x7fcccfe3d210 2
@0x7fcccc2c1230 to 0x7fcccfe60b10 1
@0x7fcccc2c316e to 0x7fcccc2c31c0 1
@0x7fcccc2c1280 to 0x7fcccfeccd10 11
@0x7fcccc2c12a0 to 0x7fcccfdad450 4
@0x7fcccc2c31ac to 0x7fcccc2c3e90 1
@0x7fcccc2c12d0 to 0x7fcccfecd100 9
@0x7fcccc2c1320 to 0x7fcccfdae0f0 4
@0x7fcccc2c1330 to 0x7fcccfed2100 6
@0x7fcccc2c1350 to 0x7fcccfe3d220 1
@0x7fcccc2c1370 to 0x7fcccfe5f800 2
@0x7fcccc2c1390 to 0x7fcccfdfa3e0 23
@0x7fcccc2c13b0 to 0x7fcccfe3d230 1
@0x7fcccc2c13c0 to 0x7fcccfecce90 22
@0x7fcccc2c13e0 to 0x7fcccfe7dba0 1
@0x7fcccc2c1410 to 0x7fcccfdfac80 1
@0x7fcccc2c1460 to 0x7fcccfed20e0 13
@0x7fcccc2c1510 to 0x7fcccfe3d1f0 1
@0x7fcccc2c1560 to 0x7fcccfe3c4e0 1
@0x7fcccc2c1570 to 0x7fcccfda6580 191
@0x7fcccc2ccf91 to 0x7fcccc2cd075 1
@0x7fcccc2c1784 to 0x7fcccfd99fb0 1
@0x7fcccc2d2e01 to 0x7fcccc2c1840 1
@0x7fcccc2cf55f to 0x7fcccc2cf580 1
@0x7fcccc2cf55f to 0x7fcccc2cf5c0 1
@0x7fcccc2cf55f to 0x7fcccc2cf5a8 2
@0x7fcccc2cd8af to 0x7fcccc2cda01 185
@0x7fcccc2cd8af to 0x7fcccc2cd9f0 10
@0x7fcccc2cd8af to 0x7fcccc2cda28 1
