MODULE_NAME: /bin/dash
MODULE_START: 0x7f6f0405a000
+B+: 0x7f6f0405e000 0x7f6f0405e00f
+B+: 0x7f6f0405e012 0x7f6f0405e016
+B+: 0x7f6f0405e050 0x7f6f0405e055
+B+: 0x7f6f0405e080 0x7f6f0405e085
+B+: 0x7f6f0405e090 0x7f6f0405e095
+B+: 0x7f6f0405e0a0 0x7f6f0405e0a5
+B+: 0x7f6f0405e0d0 0x7f6f0405e0d5
+B+: 0x7f6f0405e0f0 0x7f6f0405e0f5
+B+: 0x7f6f0405e130 0x7f6f0405e135
+B+: 0x7f6f0405e140 0x7f6f0405e145
+B+: 0x7f6f0405e150 0x7f6f0405e155
+B+: 0x7f6f0405e160 0x7f6f0405e165
+B+: 0x7f6f0405e190 0x7f6f0405e195
+B+: 0x7f6f0405e1c0 0x7f6f0405e1c5
+B+: 0x7f6f0405e1e0 0x7f6f0405e1e5
+B+: 0x7f6f0405e220 0x7f6f0405e225
+B+: 0x7f6f0405e230 0x7f6f0405e235
+B+: 0x7f6f0405e280 0x7f6f0405e285
+B+: 0x7f6f0405e2a0 0x7f6f0405e2a5
+B+: 0x7f6f0405e2d0 0x7f6f0405e2d5
+B+: 0x7f6f0405e320 0x7f6f0405e325
+B+: 0x7f6f0405e330 0x7f6f0405e335
+B+: 0x7f6f0405e350 0x7f6f0405e355
+B+: 0x7f6f0405e370 0x7f6f0405e375
+B+: 0x7f6f0405e390 0x7f6f0405e395
+B+: 0x7f6f0405e3b0 0x7f6f0405e3b5
+B+: 0x7f6f0405e3c0 0x7f6f0405e3c5
+B+: 0x7f6f0405e3e0 0x7f6f0405e3e5
+B+: 0x7f6f0405e410 0x7f6f0405e415
+B+: 0x7f6f0405e460 0x7f6f0405e465
+B+: 0x7f6f0405e510 0x7f6f0405e515
+B+: 0x7f6f0405e560 0x7f6f0405e565
+B+: 0x7f6f0405e570 0x7f6f0405e575
+B+: 0x7f6f0405e590 0x7f6f0405e5b8
+B+: 0x7f6f0405e5b9 0x7f6f0405e5c4
+B+: 0x7f6f0405e5c5 0x7f6f0405e5cf
+B+: 0x7f6f0405e5d0 0x7f6f0405e5e7
+B+: 0x7f6f0405e5e8 0x7f6f0405e5ef
+B+: 0x7f6f0405e5f0 0x7f6f0405e600
+B+: 0x7f6f0405e601 0x7f6f0405e60b
+B+: 0x7f6f0405e60c 0x7f6f0405e615
+B+: 0x7f6f0405e616 0x7f6f0405e623
+B+: 0x7f6f0405e624 0x7f6f0405e62b
+B+: 0x7f6f0405e62c 0x7f6f0405e63c
+B+: 0x7f6f0405e657 0x7f6f0405e660
+B+: 0x7f6f0405e661 0x7f6f0405e678
+B+: 0x7f6f0405e679 0x7f6f0405e67f
+B+: 0x7f6f0405e680 0x7f6f0405e68c
+B+: 0x7f6f0405e68d 0x7f6f0405e696
+B+: 0x7f6f0405e697 0x7f6f0405e69b
+B+: 0x7f6f0405e760 0x7f6f0405e789
+B+: 0x7f6f0405e7c0 0x7f6f0405e7e3
+B+: 0x7f6f0405e7f8 0x7f6f0405e7f8
+B+: 0x7f6f0405e840 0x7f6f0405e844
+B+: 0x7f6f0405e850 0x7f6f0405e863
+B+: 0x7f6f0405e864 0x7f6f0405e86f
+B+: 0x7f6f0405e870 0x7f6f0405e87d
+B+: 0x7f6f0405e87e 0x7f6f0405e8aa
+B+: 0x7f6f0405e8ab 0x7f6f0405e8ac
+B+: 0x7f6f0405e8cb 0x7f6f0405e8d2
+B+: 0x7f6f0405ea50 0x7f6f0405ea57
+B+: 0x7f6f0405ea58 0x7f6f0405ea5e
+B+: 0x7f6f0405ea5f 0x7f6f0405ea63
+B+: 0x7f6f0405ea71 0x7f6f0405ea72
+B+: 0x7f6f0405f6d0 0x7f6f0405f6eb
+B+: 0x7f6f0405f6ec 0x7f6f0405f705
+B+: 0x7f6f0405f717 0x7f6f0405f71b
+B+: 0x7f6f0405f71c 0x7f6f0405f720
+B+: 0x7f6f0405f72c 0x7f6f0405f730
+B+: 0x7f6f0405f73e 0x7f6f0405f74d
+B+: 0x7f6f0405f74e 0x7f6f0405f757
+B+: 0x7f6f0405f758 0x7f6f0405f775
+B+: 0x7f6f0405f780 0x7f6f0405f788
+B+: 0x7f6f0405f789 0x7f6f0405f790
+B+: 0x7f6f0405f791 0x7f6f0405f79c
+B+: 0x7f6f04060060 0x7f6f0406007e
+B+: 0x7f6f0406010d 0x7f6f0406011c
+B+: 0x7f6f0406011d 0x7f6f04060123
+B+: 0x7f6f04060140 0x7f6f0406014a
+B+: 0x7f6f0406014b 0x7f6f04060152
+B+: 0x7f6f04060153 0x7f6f0406015d
+B+: 0x7f6f0406015e 0x7f6f0406016f
+B+: 0x7f6f04060188 0x7f6f0406018c
+B+: 0x7f6f0406018d 0x7f6f04060191
+B+: 0x7f6f04060192 0x7f6f0406019c
+B+: 0x7f6f040601a7 0x7f6f040601ad
+B+: 0x7f6f040601ae 0x7f6f040601b5
+B+: 0x7f6f040601c0 0x7f6f040601cf
+B+: 0x7f6f04060bc0 0x7f6f04060bfa
+B+: 0x7f6f04060bfb 0x7f6f04060c07
+B+: 0x7f6f04060c08 0x7f6f04060c0f
+B+: 0x7f6f04060c10 0x7f6f04060c11
+B+: 0x7f6f04060c18 0x7f6f04060c21
+B+: 0x7f6f04060c22 0x7f6f04060c2e
+B+: 0x7f6f04060c32 0x7f6f04060c39
+B+: 0x7f6f04060c3a 0x7f6f04060c49
+B+: 0x7f6f04060c4a 0x7f6f04060c51
+B+: 0x7f6f04060c52 0x7f6f04060c58
+B+: 0x7f6f04060c59 0x7f6f04060c60
+B+: 0x7f6f04060c61 0x7f6f04060c68
+B+: 0x7f6f04060c69 0x7f6f04060c6d
+B+: 0x7f6f04060c6e 0x7f6f04060c77
+B+: 0x7f6f04060c78 0x7f6f04060c89
+B+: 0x7f6f04060c8a 0x7f6f04060c98
+B+: 0x7f6f04060e90 0x7f6f04060ed3
+B+: 0x7f6f04060edf 0x7f6f04060ef5
+B+: 0x7f6f04060ef6 0x7f6f04060efa
+B+: 0x7f6f04060efb 0x7f6f04060f5a
+B+: 0x7f6f04060f5b 0x7f6f04060f67
+B+: 0x7f6f04060f68 0x7f6f04060f77
+B+: 0x7f6f04060f78 0x7f6f04060f7f
+B+: 0x7f6f04060f80 0x7f6f04060f8b
+B+: 0x7f6f04060f8c 0x7f6f04060f94
+B+: 0x7f6f04060f95 0x7f6f04060f9b
+B+: 0x7f6f04060fa0 0x7f6f04060faf
+B+: 0x7f6f04060fb0 0x7f6f04060fc5
+B+: 0x7f6f04060fc6 0x7f6f04060fcf
+B+: 0x7f6f04060fd0 0x7f6f04060fe3
+B+: 0x7f6f04060fe4 0x7f6f04060ffc
+B+: 0x7f6f04061019 0x7f6f0406102b
+B+: 0x7f6f0406102c 0x7f6f04061034
+B+: 0x7f6f04061035 0x7f6f04061047
+B+: 0x7f6f04061048 0x7f6f0406105b
+B+: 0x7f6f040610a8 0x7f6f040610b4
+B+: 0x7f6f040610b5 0x7f6f040610b9
+B+: 0x7f6f040610db 0x7f6f040610e1
+B+: 0x7f6f040610f0 0x7f6f04061103
+B+: 0x7f6f04061104 0x7f6f04061113
+B+: 0x7f6f04061114 0x7f6f0406111b
+B+: 0x7f6f0406111c 0x7f6f04061122
+B+: 0x7f6f04061123 0x7f6f04061152
+B+: 0x7f6f04061153 0x7f6f0406115f
+B+: 0x7f6f04061160 0x7f6f04061168
+B+: 0x7f6f04061216 0x7f6f0406121c
+B+: 0x7f6f04061224 0x7f6f0406122d
+B+: 0x7f6f0406122e 0x7f6f04061237
+B+: 0x7f6f04061238 0x7f6f04061241
+B+: 0x7f6f04061242 0x7f6f0406124b
+B+: 0x7f6f0406125d 0x7f6f04061266
+B+: 0x7f6f04061267 0x7f6f04061281
+B+: 0x7f6f04061282 0x7f6f04061293
+B+: 0x7f6f0406134c 0x7f6f04061353
+B+: 0x7f6f04061354 0x7f6f0406136f
+B+: 0x7f6f0406151b 0x7f6f04061525
+B+: 0x7f6f04061526 0x7f6f0406152e
+B+: 0x7f6f0406152f 0x7f6f04061537
+B+: 0x7f6f040618d0 0x7f6f040618ec
+B+: 0x7f6f040618ed 0x7f6f040618f1
+B+: 0x7f6f040618f8 0x7f6f040618fa
+B+: 0x7f6f040618fb 0x7f6f04061907
+B+: 0x7f6f04061908 0x7f6f0406193e
+B+: 0x7f6f0406193f 0x7f6f04061940
+B+: 0x7f6f04061963 0x7f6f04061977
+B+: 0x7f6f04061980 0x7f6f04061986
+B+: 0x7f6f04061987 0x7f6f0406198e
+B+: 0x7f6f0406198f 0x7f6f04061997
+B+: 0x7f6f04061998 0x7f6f040619ba
+B+: 0x7f6f040619bb 0x7f6f040619bc
+B+: 0x7f6f040619c0 0x7f6f040619e7
+B+: 0x7f6f040619e8 0x7f6f040619f7
+B+: 0x7f6f04061a19 0x7f6f04061a21
+B+: 0x7f6f04061a22 0x7f6f04061a2a
+B+: 0x7f6f04061a2b 0x7f6f04061a34
+B+: 0x7f6f04061a35 0x7f6f04061a3f
+B+: 0x7f6f04061ad0 0x7f6f04061ae9
+B+: 0x7f6f04061aea 0x7f6f04061b00
+B+: 0x7f6f04061b10 0x7f6f04061b1f
+B+: 0x7f6f04061b20 0x7f6f04061b2b
+B+: 0x7f6f04061b2c 0x7f6f04061b31
+B+: 0x7f6f04061b32 0x7f6f04061b41
+B+: 0x7f6f04061b56 0x7f6f04061b61
+B+: 0x7f6f04061b62 0x7f6f04061b6f
+B+: 0x7f6f04061b70 0x7f6f04061b85
+B+: 0x7f6f04061b86 0x7f6f04061b97
+B+: 0x7f6f04061b98 0x7f6f04061bc0
+B+: 0x7f6f04061bc8 0x7f6f04061bcc
+B+: 0x7f6f04061bcd 0x7f6f04061bea
+B+: 0x7f6f04061d70 0x7f6f04061d98
+B+: 0x7f6f04061da0 0x7f6f04061da1
+B+: 0x7f6f04061da2 0x7f6f04061daa
+B+: 0x7f6f04061dab 0x7f6f04061dc5
+B+: 0x7f6f04061dc6 0x7f6f04061dc9
+B+: 0x7f6f04061dca 0x7f6f04061dd1
+B+: 0x7f6f04061dd2 0x7f6f04061de6
+B+: 0x7f6f04061df0 0x7f6f04061e2a
+B+: 0x7f6f04061e2b 0x7f6f04061e2f
+B+: 0x7f6f04061e46 0x7f6f04061e5c
+B+: 0x7f6f04061e5d 0x7f6f04061e6e
+B+: 0x7f6f04061e90 0x7f6f04061ead
+B+: 0x7f6f04061ec8 0x7f6f04061ed1
+B+: 0x7f6f04061ed2 0x7f6f04061edd
+B+: 0x7f6f04061f6c 0x7f6f04061f8f
+B+: 0x7f6f04061f90 0x7f6f04061f9c
+B+: 0x7f6f04061f9d 0x7f6f04061fa8
+B+: 0x7f6f04061fa9 0x7f6f04061fb0
+B+: 0x7f6f04061fb1 0x7f6f04061fc5
+B+: 0x7f6f04062008 0x7f6f04062012
+B+: 0x7f6f04062013 0x7f6f0406201e
+B+: 0x7f6f0406201f 0x7f6f0406202e
+B+: 0x7f6f04062060 0x7f6f04062066
+B+: 0x7f6f04062067 0x7f6f04062074
+B+: 0x7f6f04062075 0x7f6f04062086
+B+: 0x7f6f04062087 0x7f6f0406208e
+B+: 0x7f6f0406208f 0x7f6f040620a2
+B+: 0x7f6f040620a3 0x7f6f040620b0
+B+: 0x7f6f04062100 0x7f6f04062116
+B+: 0x7f6f04062145 0x7f6f0406214d
+B+: 0x7f6f0406214e 0x7f6f04062157
+B+: 0x7f6f04062160 0x7f6f04062166
+B+: 0x7f6f040621c0 0x7f6f040621d1
+B+: 0x7f6f040621e8 0x7f6f040621ef
+B+: 0x7f6f04062248 0x7f6f0406225b
+B+: 0x7f6f0406225c 0x7f6f04062271
+B+: 0x7f6f040627d0 0x7f6f040627ff
+B+: 0x7f6f0406280f 0x7f6f04062812
+B+: 0x7f6f04062813 0x7f6f0406281c
+B+: 0x7f6f0406281d 0x7f6f04062820
+B+: 0x7f6f04062821 0x7f6f0406282f
+B+: 0x7f6f04062830 0x7f6f0406283a
+B+: 0x7f6f0406284f 0x7f6f0406285a
+B+: 0x7f6f0406285f 0x7f6f04062862
+B+: 0x7f6f04062870 0x7f6f04062877
+B+: 0x7f6f04062878 0x7f6f0406288d
+B+: 0x7f6f04063440 0x7f6f04063464
+B+: 0x7f6f0406361e 0x7f6f04063627
+B+: 0x7f6f04063628 0x7f6f04063631
+B+: 0x7f6f04063632 0x7f6f04063659
+B+: 0x7f6f040636af 0x7f6f040636bc
+B+: 0x7f6f040636c0 0x7f6f040636cb
+B+: 0x7f6f04063730 0x7f6f0406373b
+B+: 0x7f6f04063740 0x7f6f0406375e
+B+: 0x7f6f0406375f 0x7f6f04063767
+B+: 0x7f6f040637d2 0x7f6f040637e3
+B+: 0x7f6f040638a0 0x7f6f040638a7
+B+: 0x7f6f04064260 0x7f6f040642a5
+B+: 0x7f6f040642b5 0x7f6f040642be
+B+: 0x7f6f040642bf 0x7f6f040642d2
+B+: 0x7f6f040642d3 0x7f6f040642fc
+B+: 0x7f6f040642fd 0x7f6f04064310
+B+: 0x7f6f04064324 0x7f6f04064328
+B+: 0x7f6f04064336 0x7f6f0406433f
+B+: 0x7f6f04064340 0x7f6f04064344
+B+: 0x7f6f04064370 0x7f6f04064386
+B+: 0x7f6f04064387 0x7f6f04064398
+B+: 0x7f6f040643a0 0x7f6f040643b6
+B+: 0x7f6f040643b7 0x7f6f040643d7
+B+: 0x7f6f040643dd 0x7f6f040643ec
+B+: 0x7f6f04064850 0x7f6f04064886
+B+: 0x7f6f04064887 0x7f6f0406489a
+B+: 0x7f6f0406489b 0x7f6f040648ad
+B+: 0x7f6f040648ae 0x7f6f040648c4
+B+: 0x7f6f040648c5 0x7f6f040648d7
+B+: 0x7f6f040648d8 0x7f6f040648e7
+B+: 0x7f6f040648e8 0x7f6f0406490c
+B+: 0x7f6f0406490d 0x7f6f04064915
+B+: 0x7f6f04064924 0x7f6f04064933
+B+: 0x7f6f04064934 0x7f6f04064947
+B+: 0x7f6f04064948 0x7f6f04064954
+B+: 0x7f6f04064955 0x7f6f0406495f
+B+: 0x7f6f04064960 0x7f6f04064964
+B+: 0x7f6f04064a6a 0x7f6f04064a7c
+B+: 0x7f6f04064a7d 0x7f6f04064a9c
+B+: 0x7f6f04064ba0 0x7f6f04064bad
+B+: 0x7f6f04064bae 0x7f6f04064be1
+B+: 0x7f6f04064bf0 0x7f6f04064bfb
+B+: 0x7f6f04064db0 0x7f6f04064dbd
+B+: 0x7f6f04064dbe 0x7f6f04064dca
+B+: 0x7f6f04064dcb 0x7f6f04064de3
+B+: 0x7f6f04064de8 0x7f6f04064df4
+B+: 0x7f6f04064df8 0x7f6f04064e04
+B+: 0x7f6f04064e05 0x7f6f04064e12
+B+: 0x7f6f04064e13 0x7f6f04064e1d
+B+: 0x7f6f04064eb4 0x7f6f04064ec1
+B+: 0x7f6f04065160 0x7f6f04065174
+B+: 0x7f6f04065175 0x7f6f04065187
+B+: 0x7f6f04065188 0x7f6f040651a2
+B+: 0x7f6f040651a3 0x7f6f040651ac
+B+: 0x7f6f040651ad 0x7f6f040651b3
+B+: 0x7f6f040651d0 0x7f6f040651e5
+B+: 0x7f6f040651eb 0x7f6f040651f3
+B+: 0x7f6f04065205 0x7f6f0406520b
+B+: 0x7f6f0406520c 0x7f6f0406521d
+B+: 0x7f6f0406521e 0x7f6f04065226
+B+: 0x7f6f04065227 0x7f6f04065230
+B+: 0x7f6f04065231 0x7f6f04065232
+B+: 0x7f6f04065240 0x7f6f04065248
+B+: 0x7f6f04065260 0x7f6f04065260
+B+: 0x7f6f04065520 0x7f6f04065534
+B+: 0x7f6f04065572 0x7f6f04065578
+B+: 0x7f6f04065580 0x7f6f04065583
+B+: 0x7f6f04065610 0x7f6f04065656
+B+: 0x7f6f0406565b 0x7f6f04065686
+B+: 0x7f6f04065687 0x7f6f0406569d
+B+: 0x7f6f040656fc 0x7f6f04065708
+B+: 0x7f6f04065709 0x7f6f04065711
+B+: 0x7f6f04065712 0x7f6f0406572a
+B+: 0x7f6f0406572b 0x7f6f0406573c
+B+: 0x7f6f04065740 0x7f6f04065747
+B+: 0x7f6f04065748 0x7f6f0406575f
+B+: 0x7f6f04065760 0x7f6f04065766
+B+: 0x7f6f04065767 0x7f6f04065780
+B+: 0x7f6f04065790 0x7f6f04065793
+B+: 0x7f6f04065794 0x7f6f04065798
+B+: 0x7f6f040657a2 0x7f6f040657aa
+B+: 0x7f6f040657ab 0x7f6f040657ae
+B+: 0x7f6f040657af 0x7f6f040657bd
+B+: 0x7f6f040657cb 0x7f6f040657d3
+B+: 0x7f6f04065825 0x7f6f04065841
+B+: 0x7f6f04065842 0x7f6f0406584d
+B+: 0x7f6f0406587e 0x7f6f0406588e
+B+: 0x7f6f0406588f 0x7f6f040658a0
+B+: 0x7f6f040658a1 0x7f6f040658ad
+B+: 0x7f6f04065c10 0x7f6f04065c30
+B+: 0x7f6f04065c31 0x7f6f04065c58
+B+: 0x7f6f04065c5e 0x7f6f04065c66
+B+: 0x7f6f04065c67 0x7f6f04065c6f
+B+: 0x7f6f04065c78 0x7f6f04065c87
+B+: 0x7f6f04065c88 0x7f6f04065c89
+B+: 0x7f6f04065ca0 0x7f6f04065caf
+B+: 0x7f6f04065cba 0x7f6f04065cc4
+B+: 0x7f6f04065ce0 0x7f6f04065ce8
+B+: 0x7f6f04066360 0x7f6f0406636b
+B+: 0x7f6f04066480 0x7f6f04066480
+B+: 0x7f6f040669c0 0x7f6f040669db
+B+: 0x7f6f04066a16 0x7f6f04066a32
+B+: 0x7f6f04066a33 0x7f6f04066a52
+B+: 0x7f6f04066a63 0x7f6f04066a6a
+B+: 0x7f6f04066a90 0x7f6f04066aa6
+B+: 0x7f6f04066aa7 0x7f6f04066aae
+B+: 0x7f6f04066aaf 0x7f6f04066ab6
+B+: 0x7f6f04066af6 0x7f6f04066b01
+B+: 0x7f6f04066b0c 0x7f6f04066b34
+B+: 0x7f6f04066b40 0x7f6f04066b57
+B+: 0x7f6f04066b58 0x7f6f04066b5f
+B+: 0x7f6f04066b60 0x7f6f04066b67
+B+: 0x7f6f04066b68 0x7f6f04066b70
+B+: 0x7f6f04066b71 0x7f6f04066b7a
+B+: 0x7f6f04066b7b 0x7f6f04066b80
+B+: 0x7f6f04066b97 0x7f6f04066b9c
+B+: 0x7f6f04066c0a 0x7f6f04066c3d
+B+: 0x7f6f04066c47 0x7f6f04066c53
+B+: 0x7f6f04066ed0 0x7f6f04066ede
+B+: 0x7f6f04066edf 0x7f6f04066ee7
+B+: 0x7f6f04066ee8 0x7f6f04066efc
+B+: 0x7f6f04066efd 0x7f6f04066f02
+B+: 0x7f6f04066f03 0x7f6f04066f1b
+B+: 0x7f6f04066f1c 0x7f6f04066f21
+B+: 0x7f6f04066f22 0x7f6f04066f2b
+B+: 0x7f6f04066fc0 0x7f6f04066fc7
+B+: 0x7f6f04066fc8 0x7f6f04066fd0
+B+: 0x7f6f04067760 0x7f6f04067768
+B+: 0x7f6f04067769 0x7f6f0406776d
+B+: 0x7f6f0406776e 0x7f6f04067772
+B+: 0x7f6f04067780 0x7f6f04067788
+B+: 0x7f6f04067789 0x7f6f0406778d
+B+: 0x7f6f0406778e 0x7f6f04067792
+B+: 0x7f6f040677c0 0x7f6f040677d9
+B+: 0x7f6f040677da 0x7f6f040677e6
+B+: 0x7f6f040677f7 0x7f6f04067802
+B+: 0x7f6f04067803 0x7f6f0406780b
+B+: 0x7f6f0406780c 0x7f6f04067841
+B+: 0x7f6f04067842 0x7f6f0406784b
+B+: 0x7f6f0406784c 0x7f6f04067852
+B+: 0x7f6f04067853 0x7f6f04067875
+B+: 0x7f6f04067880 0x7f6f0406788e
+B+: 0x7f6f040678b0 0x7f6f040678c8
+B+: 0x7f6f04067900 0x7f6f04067941
+B+: 0x7f6f04067950 0x7f6f04067966
+B+: 0x7f6f04067967 0x7f6f0406797e
+B+: 0x7f6f0406797f 0x7f6f0406798a
+B+: 0x7f6f0406798b 0x7f6f040679b3
+B+: 0x7f6f040679b4 0x7f6f040679bd
+B+: 0x7f6f040679be 0x7f6f040679bf
+B+: 0x7f6f040679d0 0x7f6f040679e8
+B+: 0x7f6f040679e9 0x7f6f04067a14
+B+: 0x7f6f04067a1e 0x7f6f04067a25
+B+: 0x7f6f04067a26 0x7f6f04067a33
+B+: 0x7f6f04067a34 0x7f6f04067a46
+B+: 0x7f6f04067ae0 0x7f6f04067afe
+B+: 0x7f6f04067aff 0x7f6f04067b0c
+B+: 0x7f6f04067b0d 0x7f6f04067b1b
+B+: 0x7f6f04067b1c 0x7f6f04067b2c
+B+: 0x7f6f04067b40 0x7f6f04067b62
+B+: 0x7f6f04067b98 0x7f6f04067ba9
+B+: 0x7f6f040686d0 0x7f6f040686f4
+B+: 0x7f6f040686f5 0x7f6f0406870d
+B+: 0x7f6f0406870e 0x7f6f04068712
+B+: 0x7f6f04068713 0x7f6f0406871e
+B+: 0x7f6f0406871f 0x7f6f04068723
+B+: 0x7f6f04068724 0x7f6f04068728
+B+: 0x7f6f04068729 0x7f6f04068730
+B+: 0x7f6f0406873c 0x7f6f04068749
+B+: 0x7f6f0406874a 0x7f6f0406874d
+B+: 0x7f6f0406874e 0x7f6f04068760
+B+: 0x7f6f04068761 0x7f6f0406876b
+B+: 0x7f6f04068790 0x7f6f0406879d
+B+: 0x7f6f0406879e 0x7f6f040687a5
+B+: 0x7f6f040687a6 0x7f6f040687a7
+B+: 0x7f6f04068890 0x7f6f0406889d
+B+: 0x7f6f0406889e 0x7f6f040688a9
+B+: 0x7f6f040688aa 0x7f6f040688bd
+B+: 0x7f6f040688c0 0x7f6f040688ca
+B+: 0x7f6f040688d0 0x7f6f040688ef
+B+: 0x7f6f040688f0 0x7f6f040688f4
+B+: 0x7f6f040688f5 0x7f6f0406890c
+B+: 0x7f6f0406890d 0x7f6f04068910
+B+: 0x7f6f04068911 0x7f6f04068912
+B+: 0x7f6f04068913 0x7f6f0406891b
+B+: 0x7f6f0406891c 0x7f6f04068930
+B+: 0x7f6f04068938 0x7f6f0406893c
+B+: 0x7f6f04068980 0x7f6f0406898f
+B+: 0x7f6f04068990 0x7f6f0406899b
+B+: 0x7f6f0406899c 0x7f6f040689ab
+B+: 0x7f6f04068a80 0x7f6f04068a93
+B+: 0x7f6f04068a94 0x7f6f04068aac
+B+: 0x7f6f04068aad 0x7f6f04068abf
+B+: 0x7f6f04068ac0 0x7f6f04068ada
+B+: 0x7f6f04068adb 0x7f6f04068ae3
+B+: 0x7f6f04068aec 0x7f6f04068af8
+B+: 0x7f6f04068af9 0x7f6f04068b02
+B+: 0x7f6f04068b03 0x7f6f04068b06
+B+: 0x7f6f04068b07 0x7f6f04068b1a
+B+: 0x7f6f04068c49 0x7f6f04068c55
+B+: 0x7f6f04068c56 0x7f6f04068c67
+B+: 0x7f6f04068c82 0x7f6f04068c93
+B+: 0x7f6f04068d77 0x7f6f04068d82
+B+: 0x7f6f04068da0 0x7f6f04068db2
+B+: 0x7f6f04068db3 0x7f6f04068ddf
+B+: 0x7f6f04068de0 0x7f6f04068deb
+B+: 0x7f6f04068dec 0x7f6f04068dfc
+B+: 0x7f6f04068dfd 0x7f6f04068e18
+B+: 0x7f6f04068e19 0x7f6f04068e25
+B+: 0x7f6f04068e26 0x7f6f04068e2e
+B+: 0x7f6f04068e2f 0x7f6f04068e3f
+B+: 0x7f6f04068e40 0x7f6f04068e44
+B+: 0x7f6f04068e45 0x7f6f04068e50
+B+: 0x7f6f04068e51 0x7f6f04068e5d
+B+: 0x7f6f04068e5e 0x7f6f04068e77
+B+: 0x7f6f04068ece 0x7f6f04068ed2
+B+: 0x7f6f04068ed3 0x7f6f04068ede
+B+: 0x7f6f04068ee0 0x7f6f04068eec
+B+: 0x7f6f04068f60 0x7f6f04068f7c
+B+: 0x7f6f04069120 0x7f6f04069128
+B+: 0x7f6f04069129 0x7f6f04069147
+B+: 0x7f6f04069750 0x7f6f0406975e
+B+: 0x7f6f0406975f 0x7f6f04069763
+B+: 0x7f6f04069764 0x7f6f04069770
+B+: 0x7f6f04069771 0x7f6f04069777
+B+: 0x7f6f04069778 0x7f6f04069783
+B+: 0x7f6f04069784 0x7f6f04069788
+B+: 0x7f6f04069789 0x7f6f0406978d
+B+: 0x7f6f0406978e 0x7f6f04069796
+B+: 0x7f6f04069797 0x7f6f0406979e
+B+: 0x7f6f04069890 0x7f6f04069892
+B+: 0x7f6f040698a7 0x7f6f040698ab
+B+: 0x7f6f040698ac 0x7f6f040698b2
+B+: 0x7f6f040698b3 0x7f6f040698b6
+B+: 0x7f6f040698d0 0x7f6f040698e1
+B+: 0x7f6f040698e2 0x7f6f040698e6
+B+: 0x7f6f040698e7 0x7f6f040698eb
+B+: 0x7f6f040698ec 0x7f6f040698f1
+B+: 0x7f6f040698f2 0x7f6f040698fa
+B+: 0x7f6f040698fb 0x7f6f040698fc
+B+: 0x7f6f04069940 0x7f6f04069948
+B+: 0x7f6f04069949 0x7f6f04069951
+B+: 0x7f6f04069980 0x7f6f04069988
+B+: 0x7f6f04069989 0x7f6f0406998a
+B+: 0x7f6f0406998b 0x7f6f04069991
+B+: 0x7f6f04069992 0x7f6f040699a2
+B+: 0x7f6f040699a8 0x7f6f040699ac
+B+: 0x7f6f040699eb 0x7f6f04069a00
+B+: 0x7f6f04069a08 0x7f6f04069a10
+B+: 0x7f6f04069af0 0x7f6f04069b11
+B+: 0x7f6f04069b12 0x7f6f04069b16
+B+: 0x7f6f04069b17 0x7f6f04069b1d
+B+: 0x7f6f04069b1e 0x7f6f04069b26
+B+: 0x7f6f04069b27 0x7f6f04069b34
+B+: 0x7f6f04069b35 0x7f6f04069b3c
+B+: 0x7f6f04069b3d 0x7f6f04069b49
+B+: 0x7f6f04069b4a 0x7f6f04069b5a
+B+: 0x7f6f04069b5b 0x7f6f04069b63
+B+: 0x7f6f04069b7f 0x7f6f04069b93
+B+: 0x7f6f04069b94 0x7f6f04069b9c
+B+: 0x7f6f04069be0 0x7f6f04069bf7
+B+: 0x7f6f04069bf8 0x7f6f04069c00
+B+: 0x7f6f04069c1b 0x7f6f04069c2b
+B+: 0x7f6f04069d40 0x7f6f04069d5e
+B+: 0x7f6f04069d5f 0x7f6f04069d6d
+B+: 0x7f6f04069d6e 0x7f6f04069d72
+B+: 0x7f6f04069d7d 0x7f6f04069d90
+B+: 0x7f6f04069d91 0x7f6f04069d95
+B+: 0x7f6f04069d96 0x7f6f04069d9a
+B+: 0x7f6f04069da0 0x7f6f04069da4
+B+: 0x7f6f04069dd5 0x7f6f04069dd9
+B+: 0x7f6f04069dda 0x7f6f04069dde
+B+: 0x7f6f04069df0 0x7f6f04069dfb
+B+: 0x7f6f04069dfc 0x7f6f04069e07
+B+: 0x7f6f04069e08 0x7f6f04069e10
+B+: 0x7f6f04069e2c 0x7f6f04069e30
+B+: 0x7f6f04069e31 0x7f6f04069e36
+B+: 0x7f6f04069e41 0x7f6f04069e45
+B+: 0x7f6f04069e46 0x7f6f04069e54
+B+: 0x7f6f04069e55 0x7f6f04069e5d
+B+: 0x7f6f04069e5e 0x7f6f04069e62
+B+: 0x7f6f04069e63 0x7f6f04069e74
+B+: 0x7f6f04069e78 0x7f6f04069e84
+B+: 0x7f6f04069ea0 0x7f6f04069ea4
+B+: 0x7f6f04069ef0 0x7f6f04069f03
+B+: 0x7f6f04069f40 0x7f6f04069f76
+B+: 0x7f6f04069f77 0x7f6f04069f82
+B+: 0x7f6f04069f83 0x7f6f04069f92
+B+: 0x7f6f0406a01b 0x7f6f0406a031
+B+: 0x7f6f0406a032 0x7f6f0406a040
+B+: 0x7f6f0406a075 0x7f6f0406a0b8
+B+: 0x7f6f0406a0b9 0x7f6f0406a0c3
+B+: 0x7f6f0406a0c4 0x7f6f0406a0cc
+B+: 0x7f6f0406a0cd 0x7f6f0406a0d5
+B+: 0x7f6f0406a0d6 0x7f6f0406a0de
+B+: 0x7f6f0406a0df 0x7f6f0406a106
+B+: 0x7f6f0406a107 0x7f6f0406a133
+B+: 0x7f6f0406a578 0x7f6f0406a581
+B+: 0x7f6f0406a582 0x7f6f0406a5a8
+B+: 0x7f6f0406a5a9 0x7f6f0406a5b6
+B+: 0x7f6f0406a5d0 0x7f6f0406a5e0
+B+: 0x7f6f0406a5e1 0x7f6f0406a5ee
+B+: 0x7f6f0406a5ef 0x7f6f0406a5f3
+B+: 0x7f6f0406a670 0x7f6f0406a67e
+B+: 0x7f6f0406a67f 0x7f6f0406a683
+B+: 0x7f6f0406a684 0x7f6f0406a692
+B+: 0x7f6f0406a693 0x7f6f0406a69a
+B+: 0x7f6f0406a69b 0x7f6f0406a6a2
+B+: 0x7f6f0406a6a3 0x7f6f0406a6b7
+B+: 0x7f6f0406a790 0x7f6f0406a7bc
+B+: 0x7f6f0406a7bd 0x7f6f0406a7d4
+B+: 0x7f6f0406a7e0 0x7f6f0406a83a
+B+: 0x7f6f0406a83b 0x7f6f0406a875
+B+: 0x7f6f0406a876 0x7f6f0406a893
+B+: 0x7f6f0406a894 0x7f6f0406a8a3
+B+: 0x7f6f0406a8a4 0x7f6f0406a8b0
+B+: 0x7f6f0406a9b4 0x7f6f0406a9b8
+B+: 0x7f6f0406a9b9 0x7f6f0406a9cf
+B+: 0x7f6f0406a9d0 0x7f6f0406a9dc
+B+: 0x7f6f0406a9dd 0x7f6f0406a9ef
+B+: 0x7f6f0406a9f0 0x7f6f0406a9f7
+B+: 0x7f6f0406aa01 0x7f6f0406aa16
+B+: 0x7f6f0406aa28 0x7f6f0406aa3d
+B+: 0x7f6f0406aa3e 0x7f6f0406aa4d
+B+: 0x7f6f0406aa79 0x7f6f0406aa97
+B+: 0x7f6f0406aa98 0x7f6f0406aac0
+B+: 0x7f6f0406aac1 0x7f6f0406aacf
+B+: 0x7f6f0406b148 0x7f6f0406b154
+B+: 0x7f6f0406b155 0x7f6f0406b174
+B+: 0x7f6f0406b175 0x7f6f0406b17f
+B+: 0x7f6f0406b1ac 0x7f6f0406b1b0
+B+: 0x7f6f0406b1b1 0x7f6f0406b1b5
+B+: 0x7f6f0406ba40 0x7f6f0406ba64
+B+: 0x7f6f0406bb10 0x7f6f0406bb1a
+B+: 0x7f6f0406bb40 0x7f6f0406bb47
+B+: 0x7f6f0406bb48 0x7f6f0406bb51
+B+: 0x7f6f0406bb58 0x7f6f0406bb60
+B+: 0x7f6f0406bb61 0x7f6f0406bb6a
+B+: 0x7f6f0406bb88 0x7f6f0406bb8c
+B+: 0x7f6f0406bb8d 0x7f6f0406bb94
+B+: 0x7f6f0406bba0 0x7f6f0406bba4
+B+: 0x7f6f0406bd00 0x7f6f0406bd30
+B+: 0x7f6f0406be3f 0x7f6f0406be55
+B+: 0x7f6f0406be56 0x7f6f0406be67
+B+: 0x7f6f0406c1e0 0x7f6f0406c222
+B+: 0x7f6f0406c223 0x7f6f0406c228
+B+: 0x7f6f0406c24c 0x7f6f0406c260
+B+: 0x7f6f0406c261 0x7f6f0406c269
+B+: 0x7f6f0406c270 0x7f6f0406c279
+B+: 0x7f6f0406c288 0x7f6f0406c2a0
+B+: 0x7f6f0406c2a1 0x7f6f0406c2ba
+B+: 0x7f6f0406c2bb 0x7f6f0406c2bc
+B+: 0x7f6f0406c2d0 0x7f6f0406c2d8
+B+: 0x7f6f0406c2f8 0x7f6f0406c2f8
+B+: 0x7f6f0406c300 0x7f6f0406c30c
+B+: 0x7f6f0406c33f 0x7f6f0406c343
+B+: 0x7f6f0406c380 0x7f6f0406c384
+B+: 0x7f6f0406c3d0 0x7f6f0406c3e3
+B+: 0x7f6f0406c400 0x7f6f0406c400
+B+: 0x7f6f0406c420 0x7f6f0406c45b
+B+: 0x7f6f0406c467 0x7f6f0406c471
+B+: 0x7f6f0406c472 0x7f6f0406c489
+B+: 0x7f6f0406c48a 0x7f6f0406c48d
+B+: 0x7f6f0406c48e 0x7f6f0406c494
+B+: 0x7f6f0406c495 0x7f6f0406c49d
+B+: 0x7f6f0406c49e 0x7f6f0406c4a9
+B+: 0x7f6f0406c4aa 0x7f6f0406c4c2
+B+: 0x7f6f0406c4c3 0x7f6f0406c4ce
+B+: 0x7f6f0406c4cf 0x7f6f0406c4e5
+B+: 0x7f6f0406c4e6 0x7f6f0406c4f5
+B+: 0x7f6f0406c500 0x7f6f0406c50e
+B+: 0x7f6f0406c50f 0x7f6f0406c513
+B+: 0x7f6f0406c514 0x7f6f0406c51e
+B+: 0x7f6f0406c540 0x7f6f0406c549
+B+: 0x7f6f0406c54a 0x7f6f0406c54e
+B+: 0x7f6f0406c54f 0x7f6f0406c560
+B+: 0x7f6f0406c568 0x7f6f0406c577
+B+: 0x7f6f0406c580 0x7f6f0406c589
+B+: 0x7f6f0406c5a8 0x7f6f0406c5bb
+B+: 0x7f6f0406c5c0 0x7f6f0406c5ce
+B+: 0x7f6f0406c5cf 0x7f6f0406c5dc
+B+: 0x7f6f0406c6f0 0x7f6f0406c6fd
+B+: 0x7f6f0406c7a0 0x7f6f0406c7a0
+B+: 0x7f6f0406c7b0 0x7f6f0406c7ba
+B+: 0x7f6f0406c7bb 0x7f6f0406c7ce
+B+: 0x7f6f0406c7cf 0x7f6f0406c7d8
+B+: 0x7f6f0406c7d9 0x7f6f0406c7e6
+B+: 0x7f6f0406c800 0x7f6f0406c82d
+B+: 0x7f6f0406c82e 0x7f6f0406c831
+B+: 0x7f6f0406c832 0x7f6f0406c847
+B+: 0x7f6f0406c864 0x7f6f0406c86b
+B+: 0x7f6f0406c86c 0x7f6f0406c86f
+B+: 0x7f6f0406c870 0x7f6f0406c876
+B+: 0x7f6f0406c877 0x7f6f0406c87b
+B+: 0x7f6f0406c87c 0x7f6f0406c886
+B+: 0x7f6f0406cae0 0x7f6f0406cb01
+B+: 0x7f6f0406cb02 0x7f6f0406cb0a
+B+: 0x7f6f0406cb0b 0x7f6f0406cb14
+B+: 0x7f6f0406cb15 0x7f6f0406cb19
+B+: 0x7f6f0406cc00 0x7f6f0406cc19
+B+: 0x7f6f0406cc51 0x7f6f0406cc8e
+B+: 0x7f6f0406cc8f 0x7f6f0406cc9e
+B+: 0x7f6f0406cc9f 0x7f6f0406cca6
+B+: 0x7f6f0406cdf0 0x7f6f0406cdfb
+B+: 0x7f6f0406ce20 0x7f6f0406ce20
+B+: 0x7f6f0406ce30 0x7f6f0406ce38
+B+: 0x7f6f0406e940 0x7f6f0406e94b
+B+: 0x7f6f0406e94c 0x7f6f0406e957
+B+: 0x7f6f0406e958 0x7f6f0406e964
+B+: 0x7f6f0406e965 0x7f6f0406e969
+B+: 0x7f6f0406e96a 0x7f6f0406e96f
+B+: 0x7f6f0406e970 0x7f6f0406e976
+B+: 0x7f6f0406e980 0x7f6f0406e987
+B+: 0x7f6f0406e988 0x7f6f0406e98c
+B+: 0x7f6f0406e98d 0x7f6f0406e99b
+B+: 0x7f6f0406e99c 0x7f6f0406e9a0
+B+: 0x7f6f0406e9a1 0x7f6f0406e9a8
+B+: 0x7f6f0406e9a9 0x7f6f0406e9ad
+B+: 0x7f6f0406e9ae 0x7f6f0406e9b8
+B+: 0x7f6f0406e9b9 0x7f6f0406e9b9
+B+: 0x7f6f0406e9c0 0x7f6f0406e9c5
+B+: 0x7f6f0406e9c6 0x7f6f0406e9c9
+B+: 0x7f6f0406e9d0 0x7f6f0406e9d0
+B+: 0x7f6f0406e9d1 0x7f6f0406e9d5
+B+: 0x7f6f0406e9d6 0x7f6f0406e9d9
+B+: 0x7f6f0406e9e0 0x7f6f0406e9ff
+B+: 0x7f6f0406ea00 0x7f6f0406ea11
+B+: 0x7f6f0406ea12 0x7f6f0406ea16
+B+: 0x7f6f0406ea20 0x7f6f0406ea22
+B+: 0x7f6f0406ea23 0x7f6f0406ea2f
+B+: 0x7f6f0406ea30 0x7f6f0406ea33
+B+: 0x7f6f0406ea34 0x7f6f0406ea5d
+B+: 0x7f6f0406ea5e 0x7f6f0406ea62
+B+: 0x7f6f0406ea63 0x7f6f0406ea82
+B+: 0x7f6f0406eac0 0x7f6f0406eade
+B+: 0x7f6f0406eadf 0x7f6f0406eae3
+B+: 0x7f6f0406eae4 0x7f6f0406eae8
+B+: 0x7f6f0406eaf0 0x7f6f0406eaf2
+B+: 0x7f6f0406eaf3 0x7f6f0406eaff
+B+: 0x7f6f0406eb00 0x7f6f0406eb03
+B+: 0x7f6f0406eb04 0x7f6f0406eb3e
+B+: 0x7f6f0406eb3f 0x7f6f0406eb49
+B+: 0x7f6f0406eb4a 0x7f6f0406eb57
+B+: 0x7f6f0406eb58 0x7f6f0406eb5d
+B+: 0x7f6f0406eb5e 0x7f6f0406eb66
+B+: 0x7f6f0406eb67 0x7f6f0406eb70
+B+: 0x7f6f0406eb71 0x7f6f0406eb7a
+B+: 0x7f6f0406eb7b 0x7f6f0406eb9a
+B+: 0x7f6f0406eb9b 0x7f6f0406eba3
+B+: 0x7f6f0406eba4 0x7f6f0406ebbd
+B+: 0x7f6f0406ebc0 0x7f6f0406ebc5
+B+: 0x7f6f0406ebc6 0x7f6f0406ebcf
+B+: 0x7f6f0406ebd0 0x7f6f0406ebd9
+B+: 0x7f6f0406ebda 0x7f6f0406ebf7
+B+: 0x7f6f0406ec08 0x7f6f0406ec14
+B+: 0x7f6f0406ec15 0x7f6f0406ec1b
+B+: 0x7f6f0406ec1c 0x7f6f0406ec29
+B+: 0x7f6f0406ecb0 0x7f6f0406ecca
+B+: 0x7f6f0406eccb 0x7f6f0406ecda
+B+: 0x7f6f0406ecdb 0x7f6f0406ece6
+B+: 0x7f6f0406ece7 0x7f6f0406ecef
+B+: 0x7f6f0406ecf0 0x7f6f0406ecf4
+B+: 0x7f6f0406ecf5 0x7f6f0406ecfc
+B+: 0x7f6f0406ecfd 0x7f6f0406ed10
+B+: 0x7f6f0406ed11 0x7f6f0406ed21
+B+: 0x7f6f0406ed22 0x7f6f0406ed26
+B+: 0x7f6f0406ed27 0x7f6f0406ed38
+B+: 0x7f6f0406ed39 0x7f6f0406ed4b
+B+: 0x7f6f0406ed4c 0x7f6f0406ed54
+B+: 0x7f6f0406ed55 0x7f6f0406ed5e
+B+: 0x7f6f0406ed5f 0x7f6f0406ed6d
+B+: 0x7f6f0406eea0 0x7f6f0406eeb6
+B+: 0x7f6f0406eeb7 0x7f6f0406eebb
+B+: 0x7f6f0406eebc 0x7f6f0406eec0
+B+: 0x7f6f0406eec8 0x7f6f0406eecb
+B+: 0x7f6f0406eecc 0x7f6f0406eed9
+B+: 0x7f6f0406eeda 0x7f6f0406eedd
+B+: 0x7f6f0406eede 0x7f6f0406ef06
+B+: 0x7f6f0406ef07 0x7f6f0406ef10
+B+: 0x7f6f0406ef11 0x7f6f0406ef16
+B+: 0x7f6f0406ef17 0x7f6f0406ef24
+B+: 0x7f6f0406ef25 0x7f6f0406ef2d
+B+: 0x7f6f0406f440 0x7f6f0406f46b
+B+: 0x7f6f0406f46c 0x7f6f0406f470
+B+: 0x7f6f0406f471 0x7f6f0406f475
+B+: 0x7f6f0406f536 0x7f6f0406f53e
+B+: 0x7f6f0406f53f 0x7f6f0406f548
+B+: 0x7f6f0406f549 0x7f6f0406f551
+B+: 0x7f6f0406f5d0 0x7f6f0406f5e4
+B+: 0x7f6f0406f5e5 0x7f6f0406f606
+B+: 0x7f6f0406f607 0x7f6f0406f610
+B+: 0x7f6f0406f611 0x7f6f0406f618
+B+: 0x7f6f0406f640 0x7f6f0406f648
+B+: 0x7f6f0406f649 0x7f6f0406f656
+B+: 0x7f6f0406f657 0x7f6f0406f65f
+B+: 0x7f6f0406f660 0x7f6f0406f661
+B+: 0x7f6f0406f760 0x7f6f0406f7aa
+B+: 0x7f6f0406f7ab 0x7f6f0406f7af
+B+: 0x7f6f0406f7b0 0x7f6f0406f7be
+B+: 0x7f6f0406f7c8 0x7f6f0406f7d3
+B+: 0x7f6f0406f7d4 0x7f6f0406f7d8
+B+: 0x7f6f0406f7d9 0x7f6f0406f7e0
+B+: 0x7f6f0406f7e1 0x7f6f0406f7e5
+B+: 0x7f6f0406f7e6 0x7f6f0406f7f3
+B+: 0x7f6f0406f7f4 0x7f6f0406f7fb
+B+: 0x7f6f0406f800 0x7f6f0406f810
+B+: 0x7f6f0406f811 0x7f6f0406f815
+B+: 0x7f6f0406f816 0x7f6f0406f832
+B+: 0x7f6f0406f833 0x7f6f0406f843
+B+: 0x7f6f0406f844 0x7f6f0406f84f
+B+: 0x7f6f0406f850 0x7f6f0406f857
+B+: 0x7f6f0406f858 0x7f6f0406f85c
+B+: 0x7f6f0406f85d 0x7f6f0406f868
+B+: 0x7f6f0406f869 0x7f6f0406f87b
+B+: 0x7f6f0406f87c 0x7f6f0406f884
+B+: 0x7f6f0406f888 0x7f6f0406f897
+B+: 0x7f6f0406f898 0x7f6f0406f89b
+B+: 0x7f6f0406f89c 0x7f6f0406f8b4
+B+: 0x7f6f0406f8b5 0x7f6f0406f8b8
+B+: 0x7f6f0406f8b9 0x7f6f0406f8c6
+B+: 0x7f6f0406f8c7 0x7f6f0406f8d5
+B+: 0x7f6f0406fdc0 0x7f6f0406fdec
+B+: 0x7f6f0406fded 0x7f6f0406fdf2
+B+: 0x7f6f0406fdf3 0x7f6f0406fe04
+B+: 0x7f6f0406fe05 0x7f6f0406fe0d
+B+: 0x7f6f0406fe0e 0x7f6f0406fe1c
+CND+ 0x7f6f0405e00e: taken
+CND+ 0x7f6f0405e5ea: not taken
+CND+ 0x7f6f0405e626: not taken
+CND+ 0x7f6f0405e63b: taken
+CND+ 0x7f6f0405e673: not taken
+CND+ 0x7f6f0405e687: not taken
+CND+ 0x7f6f0405e695: not taken
+CND+ 0x7f6f0405e7e2: taken
+CND+ 0x7f6f0405e862: not taken
+CND+ 0x7f6f0405e87c: both
+CND+ 0x7f6f0405e8a9: not taken
+CND+ 0x7f6f0405ea5d: not taken
+CND+ 0x7f6f0405ea62: taken
+CND+ 0x7f6f0405f6e6: not taken
+CND+ 0x7f6f0405f704: taken
+CND+ 0x7f6f0405f71a: not taken
+CND+ 0x7f6f0405f71f: taken
+CND+ 0x7f6f0405f72f: taken
+CND+ 0x7f6f0405f74c: not taken
+CND+ 0x7f6f0405f756: not taken
+CND+ 0x7f6f0405f78f: not taken
+CND+ 0x7f6f0405f79b: taken
+CND+ 0x7f6f04060079: taken
+CND+ 0x7f6f0406011b: not taken
+CND+ 0x7f6f04060149: not taken
+CND+ 0x7f6f04060158: not taken
+CND+ 0x7f6f04060190: not taken
+CND+ 0x7f6f040601ce: taken
+CND+ 0x7f6f04060c20: not taken
+CND+ 0x7f6f04060c2d: taken
+CND+ 0x7f6f04060c48: not taken
+CND+ 0x7f6f04060c5f: both
+CND+ 0x7f6f04060c88: not taken
+CND+ 0x7f6f04060ed2: taken
+CND+ 0x7f6f04060f55: not taken
+CND+ 0x7f6f04060f7e: not taken
+CND+ 0x7f6f04060f8a: not taken
+CND+ 0x7f6f04060f93: both
+CND+ 0x7f6f04060fc4: not taken
+CND+ 0x7f6f04060fe2: both
+CND+ 0x7f6f04060ffb: taken
+CND+ 0x7f6f0406105a: taken
+CND+ 0x7f6f040610af: not taken
+CND+ 0x7f6f040610b8: taken
+CND+ 0x7f6f040610e0: taken
+CND+ 0x7f6f04061116: not taken
+CND+ 0x7f6f0406115a: not taken
+CND+ 0x7f6f04061163: taken
+CND+ 0x7f6f0406121b: taken
+CND+ 0x7f6f0406124a: taken
+CND+ 0x7f6f0406127c: not taken
+CND+ 0x7f6f0406136a: taken
+CND+ 0x7f6f04061520: not taken
+CND+ 0x7f6f04061529: not taken
+CND+ 0x7f6f04061532: taken
+CND+ 0x7f6f040618eb: not taken
+CND+ 0x7f6f04061906: both
+CND+ 0x7f6f0406193d: not taken
+CND+ 0x7f6f04061985: both
+CND+ 0x7f6f040619f6: taken
+CND+ 0x7f6f04061a20: both
+CND+ 0x7f6f04061a29: not taken
+CND+ 0x7f6f04061a33: not taken
+CND+ 0x7f6f04061ae4: not taken
+CND+ 0x7f6f04061afb: taken
+CND+ 0x7f6f04061b2a: both
+CND+ 0x7f6f04061b30: both
+CND+ 0x7f6f04061b40: taken
+CND+ 0x7f6f04061b60: not taken
+CND+ 0x7f6f04061b96: not taken
+CND+ 0x7f6f04061be5: taken
+CND+ 0x7f6f04061da0: not taken
+CND+ 0x7f6f04061da9: not taken
+CND+ 0x7f6f04061dc8: both
+CND+ 0x7f6f04061dd0: both
+CND+ 0x7f6f04061e2e: taken
+CND+ 0x7f6f04061e57: not taken
+CND+ 0x7f6f04061eac: taken
+CND+ 0x7f6f04061ed8: taken
+CND+ 0x7f6f04061fa3: not taken
+CND+ 0x7f6f04061fc0: taken
+CND+ 0x7f6f04062019: not taken
+CND+ 0x7f6f04062065: not taken
+CND+ 0x7f6f0406206f: not taken
+CND+ 0x7f6f04062089: both
+CND+ 0x7f6f0406209d: not taken
+CND+ 0x7f6f040620ab: taken
+CND+ 0x7f6f0406214c: not taken
+CND+ 0x7f6f04062156: taken
+CND+ 0x7f6f040621cc: taken
+CND+ 0x7f6f040621ee: taken
+CND+ 0x7f6f04062811: both
+CND+ 0x7f6f0406281b: not taken
+CND+ 0x7f6f0406281f: not taken
+CND+ 0x7f6f04062839: taken
+CND+ 0x7f6f04062859: taken
+CND+ 0x7f6f04062861: taken
+CND+ 0x7f6f0406345f: taken
+CND+ 0x7f6f04063626: not taken
+CND+ 0x7f6f040636ca: taken
+CND+ 0x7f6f04063762: taken
+CND+ 0x7f6f040642a4: taken
+CND+ 0x7f6f040642bd: not taken
+CND+ 0x7f6f040642cd: not taken
+CND+ 0x7f6f0406430f: taken
+CND+ 0x7f6f04064327: taken
+CND+ 0x7f6f0406433a: not taken
+CND+ 0x7f6f04064343: taken
+CND+ 0x7f6f04064381: not taken
+CND+ 0x7f6f040643d6: taken
+CND+ 0x7f6f040643e7: taken
+CND+ 0x7f6f04064895: not taken
+CND+ 0x7f6f040648a8: not taken
+CND+ 0x7f6f040648d2: not taken
+CND+ 0x7f6f04064907: not taken
+CND+ 0x7f6f04064942: taken
+CND+ 0x7f6f04064953: not taken
+CND+ 0x7f6f04064963: taken
+CND+ 0x7f6f04064a7b: not taken
+CND+ 0x7f6f04064dbc: both
+CND+ 0x7f6f04064dc9: both
+CND+ 0x7f6f04064e03: not taken
+CND+ 0x7f6f04064e0d: not taken
+CND+ 0x7f6f04064e18: taken
+CND+ 0x7f6f040651a1: not taken
+CND+ 0x7f6f040651ab: not taken
+CND+ 0x7f6f040651e4: taken
+CND+ 0x7f6f040651f2: taken
+CND+ 0x7f6f0406520a: not taken
+CND+ 0x7f6f04065225: not taken
+CND+ 0x7f6f0406522f: not taken
+CND+ 0x7f6f04065247: taken
+CND+ 0x7f6f04065533: taken
+CND+ 0x7f6f04065582: taken
+CND+ 0x7f6f04065655: taken
+CND+ 0x7f6f04065698: taken
+CND+ 0x7f6f04065703: not taken
+CND+ 0x7f6f0406570c: taken
+CND+ 0x7f6f04065725: not taken
+CND+ 0x7f6f04065742: not taken
+CND+ 0x7f6f0406575a: not taken
+CND+ 0x7f6f04065765: not taken
+CND+ 0x7f6f04065792: not taken
+CND+ 0x7f6f04065797: taken
+CND+ 0x7f6f040657a9: taken
+CND+ 0x7f6f040657ad: not taken
+CND+ 0x7f6f040657bc: taken
+CND+ 0x7f6f040657ce: taken
+CND+ 0x7f6f04065848: taken
+CND+ 0x7f6f04065889: not taken
+CND+ 0x7f6f0406589b: not taken
+CND+ 0x7f6f040658a8: taken
+CND+ 0x7f6f04065c2f: not taken
+CND+ 0x7f6f04065c57: taken
+CND+ 0x7f6f04065c65: not taken
+CND+ 0x7f6f04065c6e: taken
+CND+ 0x7f6f04065c86: not taken
+CND+ 0x7f6f04065cae: taken
+CND+ 0x7f6f04066366: taken
+CND+ 0x7f6f040669d6: taken
+CND+ 0x7f6f04066a31: not taken
+CND+ 0x7f6f04066a51: taken
+CND+ 0x7f6f04066aad: not taken
+CND+ 0x7f6f04066ab5: taken
+CND+ 0x7f6f04066b00: taken
+CND+ 0x7f6f04066b5a: not taken
+CND+ 0x7f6f04066b62: not taken
+CND+ 0x7f6f04066b6b: not taken
+CND+ 0x7f6f04066b75: not taken
+CND+ 0x7f6f04066b7f: taken
+CND+ 0x7f6f04066b9b: taken
+CND+ 0x7f6f04066c3c: taken
+CND+ 0x7f6f04066ed9: not taken
+CND+ 0x7f6f04066ee6: not taken
+CND+ 0x7f6f04066f01: not taken
+CND+ 0x7f6f04066f1a: not taken
+CND+ 0x7f6f04066f20: not taken
+CND+ 0x7f6f04066f26: taken
+CND+ 0x7f6f0406776c: not taken
+CND+ 0x7f6f0406778c: not taken
+CND+ 0x7f6f040677d8: both
+CND+ 0x7f6f040677e1: taken
+CND+ 0x7f6f04067806: not taken
+CND+ 0x7f6f04067840: not taken
+CND+ 0x7f6f0406784a: not taken
+CND+ 0x7f6f04067965: both
+CND+ 0x7f6f04067989: not taken
+CND+ 0x7f6f040679b2: not taken
+CND+ 0x7f6f040679bc: not taken
+CND+ 0x7f6f040679e3: not taken
+CND+ 0x7f6f04067a13: taken
+CND+ 0x7f6f04067afd: not taken
+CND+ 0x7f6f04067b1a: not taken
+CND+ 0x7f6f04067b61: taken
+CND+ 0x7f6f04068711: not taken
+CND+ 0x7f6f0406871d: not taken
+CND+ 0x7f6f04068722: not taken
+CND+ 0x7f6f04068748: not taken
+CND+ 0x7f6f0406874c: not taken
+CND+ 0x7f6f0406875f: not taken
+CND+ 0x7f6f040687a4: not taken
+CND+ 0x7f6f040688f3: both
+CND+ 0x7f6f0406890f: both
+CND+ 0x7f6f04068911: not taken
+CND+ 0x7f6f0406891a: taken
+CND+ 0x7f6f04068a92: not taken
+CND+ 0x7f6f04068aba: not taken
+CND+ 0x7f6f04068ad5: both
+CND+ 0x7f6f04068ade: taken
+CND+ 0x7f6f04068af7: not taken
+CND+ 0x7f6f04068b01: not taken
+CND+ 0x7f6f04068b05: not taken
+CND+ 0x7f6f04068b19: taken
+CND+ 0x7f6f04068c50: not taken
+CND+ 0x7f6f04068c62: taken
+CND+ 0x7f6f04068db1: not taken
+CND+ 0x7f6f04068dea: both
+CND+ 0x7f6f04068e13: not taken
+CND+ 0x7f6f04068e20: taken
+CND+ 0x7f6f04068e2d: not taken
+CND+ 0x7f6f04068e43: not taken
+CND+ 0x7f6f04068e4f: both
+CND+ 0x7f6f04068e58: not taken
+CND+ 0x7f6f04068e72: taken
+CND+ 0x7f6f04068ee7: taken
+CND+ 0x7f6f0406975d: both
+CND+ 0x7f6f0406976f: not taken
+CND+ 0x7f6f04069782: both
+CND+ 0x7f6f04069787: both
+CND+ 0x7f6f04069795: both
+CND+ 0x7f6f040698b1: not taken
+CND+ 0x7f6f040698dc: not taken
+CND+ 0x7f6f040698ea: not taken
+CND+ 0x7f6f040698ec: both
+CND+ 0x7f6f040698f5: not taken
+CND+ 0x7f6f040698fb: taken
+CND+ 0x7f6f04069943: not taken
+CND+ 0x7f6f0406994c: taken
+CND+ 0x7f6f04069983: not taken
+CND+ 0x7f6f04069989: both
+CND+ 0x7f6f04069990: not taken
+CND+ 0x7f6f040699ab: taken
+CND+ 0x7f6f04069a0b: taken
+CND+ 0x7f6f04069b10: both
+CND+ 0x7f6f04069b1c: not taken
+CND+ 0x7f6f04069b21: both
+CND+ 0x7f6f04069b2f: not taken
+CND+ 0x7f6f04069b37: both
+CND+ 0x7f6f04069b44: both
+CND+ 0x7f6f04069b5e: taken
+CND+ 0x7f6f04069b92: both
+CND+ 0x7f6f04069b9b: taken
+CND+ 0x7f6f04069bfb: taken
+CND+ 0x7f6f04069d68: both
+CND+ 0x7f6f04069d71: taken
+CND+ 0x7f6f04069d8b: not taken
+CND+ 0x7f6f04069da3: taken
+CND+ 0x7f6f04069ddd: taken
+CND+ 0x7f6f04069e02: not taken
+CND+ 0x7f6f04069e0b: taken
+CND+ 0x7f6f04069e2f: not taken
+CND+ 0x7f6f04069e35: taken
+CND+ 0x7f6f04069e4f: not taken
+CND+ 0x7f6f04069e58: both
+CND+ 0x7f6f04069f7d: not taken
+CND+ 0x7f6f0406a02c: not taken
+CND+ 0x7f6f0406a0c7: not taken
+CND+ 0x7f6f0406a0d0: both
+CND+ 0x7f6f0406a0d9: not taken
+CND+ 0x7f6f0406a5a7: both
+CND+ 0x7f6f0406a5ed: not taken
+CND+ 0x7f6f0406a5f2: taken
+CND+ 0x7f6f0406a682: not taken
+CND+ 0x7f6f0406a6a1: not taken
+CND+ 0x7f6f0406a7bb: not taken
+CND+ 0x7f6f0406a835: not taken
+CND+ 0x7f6f0406a870: not taken
+CND+ 0x7f6f0406a88e: not taken
+CND+ 0x7f6f0406a89e: not taken
+CND+ 0x7f6f0406a9ca: both
+CND+ 0x7f6f0406a9ea: taken
+CND+ 0x7f6f0406a9f6: taken
+CND+ 0x7f6f0406aa15: taken
+CND+ 0x7f6f0406aa38: not taken
+CND+ 0x7f6f0406aa48: taken
+CND+ 0x7f6f0406aabb: not taken
+CND+ 0x7f6f0406b14f: not taken
+CND+ 0x7f6f0406b16f: not taken
+CND+ 0x7f6f0406b17e: taken
+CND+ 0x7f6f0406ba5f: taken
+CND+ 0x7f6f0406bb46: not taken
+CND+ 0x7f6f0406bb50: taken
+CND+ 0x7f6f0406bb69: taken
+CND+ 0x7f6f0406bb93: taken
+CND+ 0x7f6f0406bd2b: taken
+CND+ 0x7f6f0406be50: not taken
+CND+ 0x7f6f0406c227: taken
+CND+ 0x7f6f0406c25f: not taken
+CND+ 0x7f6f0406c278: taken
+CND+ 0x7f6f0406c2b9: not taken
+CND+ 0x7f6f0406c2d7: taken
+CND+ 0x7f6f0406c30b: taken
+CND+ 0x7f6f0406c383: taken
+CND+ 0x7f6f0406c3e2: taken
+CND+ 0x7f6f0406c456: taken
+CND+ 0x7f6f0406c488: both
+CND+ 0x7f6f0406c48c: not taken
+CND+ 0x7f6f0406c493: not taken
+CND+ 0x7f6f0406c498: both
+CND+ 0x7f6f0406c4e0: not taken
+CND+ 0x7f6f0406c512: not taken
+CND+ 0x7f6f0406c519: taken
+CND+ 0x7f6f0406c548: not taken
+CND+ 0x7f6f0406c54d: not taken
+CND+ 0x7f6f0406c5c9: not taken
+CND+ 0x7f6f0406c5d7: taken
+CND+ 0x7f6f0406c6f8: taken
+CND+ 0x7f6f0406c7b9: not taken
+CND+ 0x7f6f0406c830: not taken
+CND+ 0x7f6f0406c846: taken
+CND+ 0x7f6f0406c86e: not taken
+CND+ 0x7f6f0406cb09: not taken
+CND+ 0x7f6f0406cb13: not taken
+CND+ 0x7f6f0406cc18: taken
+CND+ 0x7f6f0406cc9d: not taken
+CND+ 0x7f6f0406cdfa: taken
+CND+ 0x7f6f0406e946: both
+CND+ 0x7f6f0406e963: both
+CND+ 0x7f6f0406e968: not taken
+CND+ 0x7f6f0406e96e: not taken
+CND+ 0x7f6f0406e986: not taken
+CND+ 0x7f6f0406e98b: both
+CND+ 0x7f6f0406e99a: both
+CND+ 0x7f6f0406e99f: both
+CND+ 0x7f6f0406e9ac: both
+CND+ 0x7f6f0406e9b7: both
+CND+ 0x7f6f0406e9c4: not taken
+CND+ 0x7f6f0406ea10: not taken
+CND+ 0x7f6f0406ea15: taken
+CND+ 0x7f6f0406ea2e: both
+CND+ 0x7f6f0406ea32: both
+CND+ 0x7f6f0406ea5c: both
+CND+ 0x7f6f0406eadd: not taken
+CND+ 0x7f6f0406eae2: not taken
+CND+ 0x7f6f0406eafe: not taken
+CND+ 0x7f6f0406eb02: both
+CND+ 0x7f6f0406eb48: both
+CND+ 0x7f6f0406eb52: not taken
+CND+ 0x7f6f0406eb5c: not taken
+CND+ 0x7f6f0406eb65: both
+CND+ 0x7f6f0406eb6b: taken
+CND+ 0x7f6f0406eb75: not taken
+CND+ 0x7f6f0406eb95: not taken
+CND+ 0x7f6f0406eba2: not taken
+CND+ 0x7f6f0406ebc4: not taken
+CND+ 0x7f6f0406ebce: not taken
+CND+ 0x7f6f0406ebf6: taken
+CND+ 0x7f6f0406ec24: taken
+CND+ 0x7f6f0406ece1: not taken
+CND+ 0x7f6f0406ecea: not taken
+CND+ 0x7f6f0406ecf3: not taken
+CND+ 0x7f6f0406ed25: not taken
+CND+ 0x7f6f0406ed53: not taken
+CND+ 0x7f6f0406ed5d: not taken
+CND+ 0x7f6f0406eeb5: not taken
+CND+ 0x7f6f0406eeba: not taken
+CND+ 0x7f6f0406eed8: both
+CND+ 0x7f6f0406eedc: taken
+CND+ 0x7f6f0406ef0f: not taken
+CND+ 0x7f6f0406ef15: not taken
+CND+ 0x7f6f0406f46f: not taken
+CND+ 0x7f6f0406f53d: not taken
+CND+ 0x7f6f0406f547: not taken
+CND+ 0x7f6f0406f605: not taken
+CND+ 0x7f6f0406f60f: not taken
+CND+ 0x7f6f0406f647: not taken
+CND+ 0x7f6f0406f65e: not taken
+CND+ 0x7f6f0406f7bd: taken
+CND+ 0x7f6f0406f7d2: taken
+CND+ 0x7f6f0406f7df: not taken
+CND+ 0x7f6f0406f7e4: both
+CND+ 0x7f6f0406f7fa: taken
+CND+ 0x7f6f0406f856: not taken
+CND+ 0x7f6f0406f85b: taken
+CND+ 0x7f6f0406f87a: not taken
+CND+ 0x7f6f0406f89a: not taken
+CND+ 0x7f6f0406f8b7: not taken
+CND+ 0x7f6f0406f8c5: not taken
+CND+ 0x7f6f0406f8d4: taken
+CND+ 0x7f6f0406fdf1: not taken
+CND+ 0x7f6f0406fe0c: not taken
@0x7f6f0405e050 to 0x7f6f07b97a30 4
@0x7f6f0405e080 to 0x7f6f07b37330 2
@0x7f6f0405e090 to 0x7f6f07bd9710 1
@0x7f6f0405e0a0 to 0x7f6f07bafe70 5
@0x7f6f0405e0d0 to 0x7f6f07b4aa20 7
@0x7f6f0405e0f0 to 0x7f6f07c6e800 4
@0x7f6f0405e130 to 0x7f6f07bda1e0 1
@0x7f6f0405e140 to 0x7f6f07b4ec10 1
@0x7f6f0405e150 to 0x7f6f07bfc800 4
@0x7f6f0405e160 to 0x7f6f07bd9230 1
@0x7f6f0405e190 to 0x7f6f07c6ebc0 8
@0x7f6f0405e1c0 to 0x7f6f07bda200 1
@0x7f6f0405e1e0 to 0x7f6f07c6e5d0 1
@0x7f6f0405e220 to 0x7f6f07bda210 2
@0x7f6f0405e230 to 0x7f6f07bfdb10 1
@0x7f6f0406016e to 0x7f6f040601c0 1
@0x7f6f0405e280 to 0x7f6f07c69d10 11
@0x7f6f0405e2a0 to 0x7f6f07b4a450 4
@0x7f6f040601ac to 0x7f6f04060e90 1
@0x7f6f0405e2d0 to 0x7f6f07c6a100 9
@0x7f6f0405e320 to 0x7f6f07b4b0f0 4
@0x7f6f0405e330 to 0x7f6f07c6f100 6
@0x7f6f0405e350 to 0x7f6f07bda220 1
@0x7f6f0405e370 to 0x7f6f07bfc800 2
@0x7f6f0405e390 to 0x7f6f07b973e0 23
@0x7f6f0405e3b0 to 0x7f6f07bda230 1
@0x7f6f0405e3c0 to 0x7f6f07c69e90 22
@0x7f6f0405e3e0 to 0x7f6f07c1aba0 1
@0x7f6f0405e410 to 0x7f6f07b97c80 1
@0x7f6f0405e460 to 0x7f6f07c6f0e0 13
@0x7f6f0405e510 to 0x7f6f07bda1f0 1
@0x7f6f0405e560 to 0x7f6f07bd94e0 1
@0x7f6f0405e570 to 0x7f6f07b43580 191
@0x7f6f04069f91 to 0x7f6f0406a075 1
@0x7f6f0405e784 to 0x7f6f07b36fb0 1
@0x7f6f0406fe01 to 0x7f6f0405e840 1
@0x7f6f0406c55f to 0x7f6f0406c580 1
@0x7f6f0406c55f to 0x7f6f0406c5c0 1
@0x7f6f0406c55f to 0x7f6f0406c5a8 2
@0x7f6f0406a8af to 0x7f6f0406aa01 185
@0x7f6f0406a8af to 0x7f6f0406a9f0 10
@0x7f6f0406a8af to 0x7f6f0406aa28 1
@0x7f6f0406ec19 to 0x7f6f040627d0 1
@0x7f6f0406ec19 to 0x7f6f04069120 1
