MODULE_NAME: /usr/bin/gs
MODULE_START: 0x7fdd1235c000
+B+: 0x7fdd1235d000 0x7fdd1235d00f
+B+: 0x7fdd1235d012 0x7fdd1235d016
+B+: 0x7fdd1235d020 0x7fdd1235d02b
+B+: 0x7fdd1235d030 0x7fdd1235d035
+B+: 0x7fdd1235d036 0x7fdd1235d03f
+B+: 0x7fdd1235d040 0x7fdd1235d045
+B+: 0x7fdd1235d046 0x7fdd1235d04f
+B+: 0x7fdd1235d050 0x7fdd1235d055
+B+: 0x7fdd1235d056 0x7fdd1235d05f
+B+: 0x7fdd1235d0b0 0x7fdd1235d0b5
+B+: 0x7fdd1235d0b6 0x7fdd1235d0bf
+B+: 0x7fdd1235d0c0 0x7fdd1235d0c5
+B+: 0x7fdd1235d0c6 0x7fdd1235d0cf
+B+: 0x7fdd1235d0e0 0x7fdd1235d0e5
+B+: 0x7fdd1235d0f0 0x7fdd1235d121
+B+: 0x7fdd1235d122 0x7fdd1235d127
+B+: 0x7fdd1235d128 0x7fdd1235d130
+B+: 0x7fdd1235d131 0x7fdd1235d132
+B+: 0x7fdd1235d133 0x7fdd1235d137
+B+: 0x7fdd1235d13d 0x7fdd1235d152
+B+: 0x7fdd1235d153 0x7fdd1235d15b
+B+: 0x7fdd1235d178 0x7fdd1235d183
+B+: 0x7fdd1235d184 0x7fdd1235d1a2
+B+: 0x7fdd1235d1a3 0x7fdd1235d1b1
+B+: 0x7fdd1235d1b2 0x7fdd1235d1b7
+B+: 0x7fdd1235d1b8 0x7fdd1235d1c1
+B+: 0x7fdd1235d1c2 0x7fdd1235d1c5
+B+: 0x7fdd1235d1c6 0x7fdd1235d1ca
+B+: 0x7fdd1235d1cb 0x7fdd1235d1d6
+B+: 0x7fdd1235d1d7 0x7fdd1235d1db
+B+: 0x7fdd1235d1dc 0x7fdd1235d1e0
+B+: 0x7fdd1235d213 0x7fdd1235d216
+B+: 0x7fdd1235d220 0x7fdd1235d249
+B+: 0x7fdd1235d250 0x7fdd1235d262
+B+: 0x7fdd1235d278 0x7fdd1235d278
+B+: 0x7fdd1235d280 0x7fdd1235d2a3
+B+: 0x7fdd1235d2b8 0x7fdd1235d2b8
+B+: 0x7fdd1235d2c0 0x7fdd1235d2c8
+B+: 0x7fdd1235d2c9 0x7fdd1235d2d6
+B+: 0x7fdd1235d2d7 0x7fdd1235d2e2
+B+: 0x7fdd1235d2e3 0x7fdd1235d2e7
+B+: 0x7fdd1235d2e8 0x7fdd1235d2f0
+B+: 0x7fdd1235d300 0x7fdd1235d304
+B+: 0x7fdd1235d3c0 0x7fdd1235d3ec
+B+: 0x7fdd1235d3ed 0x7fdd1235d3f2
+B+: 0x7fdd1235d3f3 0x7fdd1235d404
+B+: 0x7fdd1235d405 0x7fdd1235d40d
+B+: 0x7fdd1235d40e 0x7fdd1235d41c
+B+: 0x7fdd1235d424 0x7fdd1235d42c
+CND+ 0x7fdd1235d00e: taken
+CND+ 0x7fdd1235d126: taken
+CND+ 0x7fdd1235d12b: not taken
+CND+ 0x7fdd1235d131: not taken
+CND+ 0x7fdd1235d136: taken
+CND+ 0x7fdd1235d14d: not taken
+CND+ 0x7fdd1235d1b6: not taken
+CND+ 0x7fdd1235d1c4: not taken
+CND+ 0x7fdd1235d1c9: taken
+CND+ 0x7fdd1235d1df: taken
+CND+ 0x7fdd1235d261: taken
+CND+ 0x7fdd1235d2a2: taken
+CND+ 0x7fdd1235d2c7: not taken
+CND+ 0x7fdd1235d2d5: not taken
+CND+ 0x7fdd1235d3f1: not taken
+CND+ 0x7fdd1235d40c: not taken
@0x7fdd1235d026 to 0x7fdd1634c500 5
@0x7fdd1235d030 to 0x7fdd1235d036 1
@0x7fdd1235d040 to 0x7fdd1235d046 1
@0x7fdd1235d050 to 0x7fdd1235d056 1
@0x7fdd1235d0b0 to 0x7fdd1235d0b6 1
@0x7fdd1235d0c0 to 0x7fdd1235d0c6 1
@0x7fdd1235d0e0 to 0x7fdd14eb21c0 1
@0x7fdd1235d244 to 0x7fdd14e9bfb0 1
@0x7fdd1235d401 to 0x7fdd1235d300 1
