MODULE_NAME: /bin/dash
MODULE_START: 0x7efcd4b06000
+B+: 0x7efcd4b0a000 0x7efcd4b0a00f
+B+: 0x7efcd4b0a012 0x7efcd4b0a016
+B+: 0x7efcd4b0a050 0x7efcd4b0a055
+B+: 0x7efcd4b0a080 0x7efcd4b0a085
+B+: 0x7efcd4b0a090 0x7efcd4b0a095
+B+: 0x7efcd4b0a0a0 0x7efcd4b0a0a5
+B+: 0x7efcd4b0a0d0 0x7efcd4b0a0d5
+B+: 0x7efcd4b0a0f0 0x7efcd4b0a0f5
+B+: 0x7efcd4b0a130 0x7efcd4b0a135
+B+: 0x7efcd4b0a140 0x7efcd4b0a145
+B+: 0x7efcd4b0a150 0x7efcd4b0a155
+B+: 0x7efcd4b0a160 0x7efcd4b0a165
+B+: 0x7efcd4b0a190 0x7efcd4b0a195
+B+: 0x7efcd4b0a1c0 0x7efcd4b0a1c5
+B+: 0x7efcd4b0a1e0 0x7efcd4b0a1e5
+B+: 0x7efcd4b0a220 0x7efcd4b0a225
+B+: 0x7efcd4b0a230 0x7efcd4b0a235
+B+: 0x7efcd4b0a280 0x7efcd4b0a285
+B+: 0x7efcd4b0a2a0 0x7efcd4b0a2a5
+B+: 0x7efcd4b0a2d0 0x7efcd4b0a2d5
+B+: 0x7efcd4b0a320 0x7efcd4b0a325
+B+: 0x7efcd4b0a330 0x7efcd4b0a335
+B+: 0x7efcd4b0a350 0x7efcd4b0a355
+B+: 0x7efcd4b0a370 0x7efcd4b0a375
+B+: 0x7efcd4b0a390 0x7efcd4b0a395
+B+: 0x7efcd4b0a3b0 0x7efcd4b0a3b5
+B+: 0x7efcd4b0a3c0 0x7efcd4b0a3c5
+B+: 0x7efcd4b0a3e0 0x7efcd4b0a3e5
+B+: 0x7efcd4b0a410 0x7efcd4b0a415
+B+: 0x7efcd4b0a460 0x7efcd4b0a465
+B+: 0x7efcd4b0a510 0x7efcd4b0a515
+B+: 0x7efcd4b0a560 0x7efcd4b0a565
+B+: 0x7efcd4b0a570 0x7efcd4b0a575
+B+: 0x7efcd4b0a590 0x7efcd4b0a5b8
+B+: 0x7efcd4b0a5b9 0x7efcd4b0a5c4
+B+: 0x7efcd4b0a5c5 0x7efcd4b0a5cf
+B+: 0x7efcd4b0a5d0 0x7efcd4b0a5e7
+B+: 0x7efcd4b0a5e8 0x7efcd4b0a5ef
+B+: 0x7efcd4b0a5f0 0x7efcd4b0a600
+B+: 0x7efcd4b0a601 0x7efcd4b0a60b
+B+: 0x7efcd4b0a60c 0x7efcd4b0a615
+B+: 0x7efcd4b0a616 0x7efcd4b0a623
+B+: 0x7efcd4b0a624 0x7efcd4b0a62b
+B+: 0x7efcd4b0a62c 0x7efcd4b0a63c
+B+: 0x7efcd4b0a657 0x7efcd4b0a660
+B+: 0x7efcd4b0a661 0x7efcd4b0a678
+B+: 0x7efcd4b0a679 0x7efcd4b0a67f
+B+: 0x7efcd4b0a680 0x7efcd4b0a68c
+B+: 0x7efcd4b0a68d 0x7efcd4b0a696
+B+: 0x7efcd4b0a697 0x7efcd4b0a69b
+B+: 0x7efcd4b0a760 0x7efcd4b0a789
+B+: 0x7efcd4b0a7c0 0x7efcd4b0a7e3
+B+: 0x7efcd4b0a7f8 0x7efcd4b0a7f8
+B+: 0x7efcd4b0a840 0x7efcd4b0a844
+B+: 0x7efcd4b0a850 0x7efcd4b0a863
+B+: 0x7efcd4b0a864 0x7efcd4b0a86f
+B+: 0x7efcd4b0a870 0x7efcd4b0a87d
+B+: 0x7efcd4b0a87e 0x7efcd4b0a8aa
+B+: 0x7efcd4b0a8ab 0x7efcd4b0a8ac
+B+: 0x7efcd4b0a8cb 0x7efcd4b0a8d2
+B+: 0x7efcd4b0aa50 0x7efcd4b0aa57
+B+: 0x7efcd4b0aa58 0x7efcd4b0aa5e
+B+: 0x7efcd4b0aa5f 0x7efcd4b0aa63
+B+: 0x7efcd4b0aa71 0x7efcd4b0aa72
+B+: 0x7efcd4b0b6d0 0x7efcd4b0b6eb
+B+: 0x7efcd4b0b6ec 0x7efcd4b0b705
+B+: 0x7efcd4b0b717 0x7efcd4b0b71b
+B+: 0x7efcd4b0b71c 0x7efcd4b0b720
+B+: 0x7efcd4b0b72c 0x7efcd4b0b730
+B+: 0x7efcd4b0b73e 0x7efcd4b0b74d
+B+: 0x7efcd4b0b74e 0x7efcd4b0b757
+B+: 0x7efcd4b0b758 0x7efcd4b0b775
+B+: 0x7efcd4b0b780 0x7efcd4b0b788
+B+: 0x7efcd4b0b789 0x7efcd4b0b790
+B+: 0x7efcd4b0b791 0x7efcd4b0b79c
+B+: 0x7efcd4b0c060 0x7efcd4b0c07e
+B+: 0x7efcd4b0c10d 0x7efcd4b0c11c
+B+: 0x7efcd4b0c11d 0x7efcd4b0c123
+B+: 0x7efcd4b0c140 0x7efcd4b0c14a
+B+: 0x7efcd4b0c14b 0x7efcd4b0c152
+B+: 0x7efcd4b0c153 0x7efcd4b0c15d
+B+: 0x7efcd4b0c15e 0x7efcd4b0c16f
+B+: 0x7efcd4b0c188 0x7efcd4b0c18c
+B+: 0x7efcd4b0c18d 0x7efcd4b0c191
+B+: 0x7efcd4b0c192 0x7efcd4b0c19c
+B+: 0x7efcd4b0c1a7 0x7efcd4b0c1ad
+B+: 0x7efcd4b0c1ae 0x7efcd4b0c1b5
+B+: 0x7efcd4b0c1c0 0x7efcd4b0c1cf
+B+: 0x7efcd4b0cbc0 0x7efcd4b0cbfa
+B+: 0x7efcd4b0cbfb 0x7efcd4b0cc07
+B+: 0x7efcd4b0cc08 0x7efcd4b0cc0f
+B+: 0x7efcd4b0cc10 0x7efcd4b0cc11
+B+: 0x7efcd4b0cc18 0x7efcd4b0cc21
+B+: 0x7efcd4b0cc22 0x7efcd4b0cc2e
+B+: 0x7efcd4b0cc32 0x7efcd4b0cc39
+B+: 0x7efcd4b0cc3a 0x7efcd4b0cc49
+B+: 0x7efcd4b0cc4a 0x7efcd4b0cc51
+B+: 0x7efcd4b0cc52 0x7efcd4b0cc58
+B+: 0x7efcd4b0cc59 0x7efcd4b0cc60
+B+: 0x7efcd4b0cc61 0x7efcd4b0cc68
+B+: 0x7efcd4b0cc69 0x7efcd4b0cc6d
+B+: 0x7efcd4b0cc6e 0x7efcd4b0cc77
+B+: 0x7efcd4b0cc78 0x7efcd4b0cc89
+B+: 0x7efcd4b0cc8a 0x7efcd4b0cc98
+B+: 0x7efcd4b0ce90 0x7efcd4b0ced3
+B+: 0x7efcd4b0cedf 0x7efcd4b0cef5
+B+: 0x7efcd4b0cef6 0x7efcd4b0cefa
+B+: 0x7efcd4b0cefb 0x7efcd4b0cf5a
+B+: 0x7efcd4b0cf5b 0x7efcd4b0cf67
+B+: 0x7efcd4b0cf68 0x7efcd4b0cf77
+B+: 0x7efcd4b0cf78 0x7efcd4b0cf7f
+B+: 0x7efcd4b0cf80 0x7efcd4b0cf8b
+B+: 0x7efcd4b0cf8c 0x7efcd4b0cf94
+B+: 0x7efcd4b0cf95 0x7efcd4b0cf9b
+B+: 0x7efcd4b0cfa0 0x7efcd4b0cfaf
+B+: 0x7efcd4b0cfb0 0x7efcd4b0cfc5
+B+: 0x7efcd4b0cfc6 0x7efcd4b0cfcf
+B+: 0x7efcd4b0cfd0 0x7efcd4b0cfe3
+B+: 0x7efcd4b0cfe4 0x7efcd4b0cffc
+B+: 0x7efcd4b0d019 0x7efcd4b0d02b
+B+: 0x7efcd4b0d02c 0x7efcd4b0d034
+B+: 0x7efcd4b0d035 0x7efcd4b0d047
+B+: 0x7efcd4b0d048 0x7efcd4b0d05b
+B+: 0x7efcd4b0d0a8 0x7efcd4b0d0b4
+B+: 0x7efcd4b0d0b5 0x7efcd4b0d0b9
+B+: 0x7efcd4b0d0db 0x7efcd4b0d0e1
+B+: 0x7efcd4b0d0f0 0x7efcd4b0d103
+B+: 0x7efcd4b0d104 0x7efcd4b0d113
+B+: 0x7efcd4b0d114 0x7efcd4b0d11b
+B+: 0x7efcd4b0d11c 0x7efcd4b0d122
+B+: 0x7efcd4b0d123 0x7efcd4b0d152
+B+: 0x7efcd4b0d153 0x7efcd4b0d15f
+B+: 0x7efcd4b0d160 0x7efcd4b0d168
+B+: 0x7efcd4b0d216 0x7efcd4b0d21c
+B+: 0x7efcd4b0d224 0x7efcd4b0d22d
+B+: 0x7efcd4b0d22e 0x7efcd4b0d237
+B+: 0x7efcd4b0d238 0x7efcd4b0d241
+B+: 0x7efcd4b0d242 0x7efcd4b0d24b
+B+: 0x7efcd4b0d25d 0x7efcd4b0d266
+B+: 0x7efcd4b0d267 0x7efcd4b0d281
+B+: 0x7efcd4b0d282 0x7efcd4b0d293
+B+: 0x7efcd4b0d34c 0x7efcd4b0d353
+B+: 0x7efcd4b0d354 0x7efcd4b0d36f
+B+: 0x7efcd4b0d51b 0x7efcd4b0d525
+B+: 0x7efcd4b0d526 0x7efcd4b0d52e
+B+: 0x7efcd4b0d52f 0x7efcd4b0d537
+B+: 0x7efcd4b0d8d0 0x7efcd4b0d8ec
+B+: 0x7efcd4b0d8ed 0x7efcd4b0d8f1
+B+: 0x7efcd4b0d8f8 0x7efcd4b0d8fa
+B+: 0x7efcd4b0d8fb 0x7efcd4b0d907
+B+: 0x7efcd4b0d908 0x7efcd4b0d93e
+B+: 0x7efcd4b0d93f 0x7efcd4b0d940
+B+: 0x7efcd4b0d963 0x7efcd4b0d977
+B+: 0x7efcd4b0d980 0x7efcd4b0d986
+B+: 0x7efcd4b0d987 0x7efcd4b0d98e
+B+: 0x7efcd4b0d98f 0x7efcd4b0d997
+B+: 0x7efcd4b0d998 0x7efcd4b0d9ba
+B+: 0x7efcd4b0d9bb 0x7efcd4b0d9bc
+B+: 0x7efcd4b0d9c0 0x7efcd4b0d9e7
+B+: 0x7efcd4b0d9e8 0x7efcd4b0d9f7
+B+: 0x7efcd4b0da19 0x7efcd4b0da21
+B+: 0x7efcd4b0da22 0x7efcd4b0da2a
+B+: 0x7efcd4b0da2b 0x7efcd4b0da34
+B+: 0x7efcd4b0da35 0x7efcd4b0da3f
+B+: 0x7efcd4b0dad0 0x7efcd4b0dae9
+B+: 0x7efcd4b0daea 0x7efcd4b0db00
+B+: 0x7efcd4b0db10 0x7efcd4b0db1f
+B+: 0x7efcd4b0db20 0x7efcd4b0db2b
+B+: 0x7efcd4b0db2c 0x7efcd4b0db31
+B+: 0x7efcd4b0db32 0x7efcd4b0db41
+B+: 0x7efcd4b0db56 0x7efcd4b0db61
+B+: 0x7efcd4b0db62 0x7efcd4b0db6f
+B+: 0x7efcd4b0db70 0x7efcd4b0db85
+B+: 0x7efcd4b0db86 0x7efcd4b0db97
+B+: 0x7efcd4b0db98 0x7efcd4b0dbc0
+B+: 0x7efcd4b0dbc8 0x7efcd4b0dbcc
+B+: 0x7efcd4b0dbcd 0x7efcd4b0dbea
+B+: 0x7efcd4b0dd70 0x7efcd4b0dd98
+B+: 0x7efcd4b0dda0 0x7efcd4b0dda1
+B+: 0x7efcd4b0dda2 0x7efcd4b0ddaa
+B+: 0x7efcd4b0ddab 0x7efcd4b0ddc5
+B+: 0x7efcd4b0ddc6 0x7efcd4b0ddc9
+B+: 0x7efcd4b0ddca 0x7efcd4b0ddd1
+B+: 0x7efcd4b0ddd2 0x7efcd4b0dde6
+B+: 0x7efcd4b0ddf0 0x7efcd4b0de2a
+B+: 0x7efcd4b0de2b 0x7efcd4b0de2f
+B+: 0x7efcd4b0de46 0x7efcd4b0de5c
+B+: 0x7efcd4b0de5d 0x7efcd4b0de6e
+B+: 0x7efcd4b0de90 0x7efcd4b0dead
+B+: 0x7efcd4b0dec8 0x7efcd4b0ded1
+B+: 0x7efcd4b0ded2 0x7efcd4b0dedd
+B+: 0x7efcd4b0df6c 0x7efcd4b0df8f
+B+: 0x7efcd4b0df90 0x7efcd4b0df9c
+B+: 0x7efcd4b0df9d 0x7efcd4b0dfa8
+B+: 0x7efcd4b0dfa9 0x7efcd4b0dfb0
+B+: 0x7efcd4b0dfb1 0x7efcd4b0dfc5
+B+: 0x7efcd4b0e008 0x7efcd4b0e012
+B+: 0x7efcd4b0e013 0x7efcd4b0e01e
+B+: 0x7efcd4b0e01f 0x7efcd4b0e02e
+B+: 0x7efcd4b0e060 0x7efcd4b0e066
+B+: 0x7efcd4b0e067 0x7efcd4b0e074
+B+: 0x7efcd4b0e075 0x7efcd4b0e086
+B+: 0x7efcd4b0e087 0x7efcd4b0e08e
+B+: 0x7efcd4b0e08f 0x7efcd4b0e0a2
+B+: 0x7efcd4b0e0a3 0x7efcd4b0e0b0
+B+: 0x7efcd4b0e100 0x7efcd4b0e116
+B+: 0x7efcd4b0e145 0x7efcd4b0e14d
+B+: 0x7efcd4b0e14e 0x7efcd4b0e157
+B+: 0x7efcd4b0e160 0x7efcd4b0e166
+B+: 0x7efcd4b0e1c0 0x7efcd4b0e1d1
+B+: 0x7efcd4b0e1e8 0x7efcd4b0e1ef
+B+: 0x7efcd4b0e248 0x7efcd4b0e25b
+B+: 0x7efcd4b0e25c 0x7efcd4b0e271
+B+: 0x7efcd4b0e7d0 0x7efcd4b0e7ff
+B+: 0x7efcd4b0e80f 0x7efcd4b0e812
+B+: 0x7efcd4b0e813 0x7efcd4b0e81c
+B+: 0x7efcd4b0e81d 0x7efcd4b0e820
+B+: 0x7efcd4b0e821 0x7efcd4b0e82f
+B+: 0x7efcd4b0e830 0x7efcd4b0e83a
+B+: 0x7efcd4b0e84f 0x7efcd4b0e85a
+B+: 0x7efcd4b0e85f 0x7efcd4b0e862
+B+: 0x7efcd4b0e870 0x7efcd4b0e877
+B+: 0x7efcd4b0e878 0x7efcd4b0e88d
+B+: 0x7efcd4b0f440 0x7efcd4b0f464
+B+: 0x7efcd4b0f61e 0x7efcd4b0f627
+B+: 0x7efcd4b0f628 0x7efcd4b0f631
+B+: 0x7efcd4b0f632 0x7efcd4b0f659
+B+: 0x7efcd4b0f6af 0x7efcd4b0f6bc
+B+: 0x7efcd4b0f6c0 0x7efcd4b0f6cb
+B+: 0x7efcd4b0f730 0x7efcd4b0f73b
+B+: 0x7efcd4b0f740 0x7efcd4b0f75e
+B+: 0x7efcd4b0f75f 0x7efcd4b0f767
+B+: 0x7efcd4b0f7d2 0x7efcd4b0f7e3
+B+: 0x7efcd4b0f8a0 0x7efcd4b0f8a7
+B+: 0x7efcd4b10260 0x7efcd4b102a5
+B+: 0x7efcd4b102b5 0x7efcd4b102be
+B+: 0x7efcd4b102bf 0x7efcd4b102d2
+B+: 0x7efcd4b102d3 0x7efcd4b102fc
+B+: 0x7efcd4b102fd 0x7efcd4b10310
+B+: 0x7efcd4b10324 0x7efcd4b10328
+B+: 0x7efcd4b10336 0x7efcd4b1033f
+B+: 0x7efcd4b10340 0x7efcd4b10344
+B+: 0x7efcd4b10370 0x7efcd4b10386
+B+: 0x7efcd4b10387 0x7efcd4b10398
+B+: 0x7efcd4b103a0 0x7efcd4b103b6
+B+: 0x7efcd4b103b7 0x7efcd4b103d7
+B+: 0x7efcd4b103dd 0x7efcd4b103ec
+B+: 0x7efcd4b10850 0x7efcd4b10886
+B+: 0x7efcd4b10887 0x7efcd4b1089a
+B+: 0x7efcd4b1089b 0x7efcd4b108ad
+B+: 0x7efcd4b108ae 0x7efcd4b108c4
+B+: 0x7efcd4b108c5 0x7efcd4b108d7
+B+: 0x7efcd4b108d8 0x7efcd4b108e7
+B+: 0x7efcd4b108e8 0x7efcd4b1090c
+B+: 0x7efcd4b1090d 0x7efcd4b10915
+B+: 0x7efcd4b10924 0x7efcd4b10933
+B+: 0x7efcd4b10934 0x7efcd4b10947
+B+: 0x7efcd4b10948 0x7efcd4b10954
+B+: 0x7efcd4b10955 0x7efcd4b1095f
+B+: 0x7efcd4b10960 0x7efcd4b10964
+B+: 0x7efcd4b10a6a 0x7efcd4b10a7c
+B+: 0x7efcd4b10a7d 0x7efcd4b10a9c
+B+: 0x7efcd4b10ba0 0x7efcd4b10bad
+B+: 0x7efcd4b10bae 0x7efcd4b10be1
+B+: 0x7efcd4b10bf0 0x7efcd4b10bfb
+B+: 0x7efcd4b10db0 0x7efcd4b10dbd
+B+: 0x7efcd4b10dbe 0x7efcd4b10dca
+B+: 0x7efcd4b10dcb 0x7efcd4b10de3
+B+: 0x7efcd4b10de8 0x7efcd4b10df4
+B+: 0x7efcd4b10df8 0x7efcd4b10e04
+B+: 0x7efcd4b10e05 0x7efcd4b10e12
+B+: 0x7efcd4b10e13 0x7efcd4b10e1d
+B+: 0x7efcd4b10eb4 0x7efcd4b10ec1
+B+: 0x7efcd4b11160 0x7efcd4b11174
+B+: 0x7efcd4b11175 0x7efcd4b11187
+B+: 0x7efcd4b11188 0x7efcd4b111a2
+B+: 0x7efcd4b111a3 0x7efcd4b111ac
+B+: 0x7efcd4b111ad 0x7efcd4b111b3
+B+: 0x7efcd4b111d0 0x7efcd4b111e5
+B+: 0x7efcd4b111eb 0x7efcd4b111f3
+B+: 0x7efcd4b11205 0x7efcd4b1120b
+B+: 0x7efcd4b1120c 0x7efcd4b1121d
+B+: 0x7efcd4b1121e 0x7efcd4b11226
+B+: 0x7efcd4b11227 0x7efcd4b11230
+B+: 0x7efcd4b11231 0x7efcd4b11232
+B+: 0x7efcd4b11240 0x7efcd4b11248
+B+: 0x7efcd4b11260 0x7efcd4b11260
+B+: 0x7efcd4b11520 0x7efcd4b11534
+B+: 0x7efcd4b11572 0x7efcd4b11578
+B+: 0x7efcd4b11580 0x7efcd4b11583
+B+: 0x7efcd4b11610 0x7efcd4b11656
+B+: 0x7efcd4b1165b 0x7efcd4b11686
+B+: 0x7efcd4b11687 0x7efcd4b1169d
+B+: 0x7efcd4b116fc 0x7efcd4b11708
+B+: 0x7efcd4b11709 0x7efcd4b11711
+B+: 0x7efcd4b11712 0x7efcd4b1172a
+B+: 0x7efcd4b1172b 0x7efcd4b1173c
+B+: 0x7efcd4b11740 0x7efcd4b11747
+B+: 0x7efcd4b11748 0x7efcd4b1175f
+B+: 0x7efcd4b11760 0x7efcd4b11766
+B+: 0x7efcd4b11767 0x7efcd4b11780
+B+: 0x7efcd4b11790 0x7efcd4b11793
+B+: 0x7efcd4b11794 0x7efcd4b11798
+B+: 0x7efcd4b117a2 0x7efcd4b117aa
+B+: 0x7efcd4b117ab 0x7efcd4b117ae
+B+: 0x7efcd4b117af 0x7efcd4b117bd
+B+: 0x7efcd4b117cb 0x7efcd4b117d3
+B+: 0x7efcd4b11825 0x7efcd4b11841
+B+: 0x7efcd4b11842 0x7efcd4b1184d
+B+: 0x7efcd4b1187e 0x7efcd4b1188e
+B+: 0x7efcd4b1188f 0x7efcd4b118a0
+B+: 0x7efcd4b118a1 0x7efcd4b118ad
+B+: 0x7efcd4b11c10 0x7efcd4b11c30
+B+: 0x7efcd4b11c31 0x7efcd4b11c58
+B+: 0x7efcd4b11c5e 0x7efcd4b11c66
+B+: 0x7efcd4b11c67 0x7efcd4b11c6f
+B+: 0x7efcd4b11c78 0x7efcd4b11c87
+B+: 0x7efcd4b11c88 0x7efcd4b11c89
+B+: 0x7efcd4b11ca0 0x7efcd4b11caf
+B+: 0x7efcd4b11cba 0x7efcd4b11cc4
+B+: 0x7efcd4b11ce0 0x7efcd4b11ce8
+B+: 0x7efcd4b12360 0x7efcd4b1236b
+B+: 0x7efcd4b12480 0x7efcd4b12480
+B+: 0x7efcd4b129c0 0x7efcd4b129db
+B+: 0x7efcd4b12a16 0x7efcd4b12a32
+B+: 0x7efcd4b12a33 0x7efcd4b12a52
+B+: 0x7efcd4b12a63 0x7efcd4b12a6a
+B+: 0x7efcd4b12a90 0x7efcd4b12aa6
+B+: 0x7efcd4b12aa7 0x7efcd4b12aae
+B+: 0x7efcd4b12aaf 0x7efcd4b12ab6
+B+: 0x7efcd4b12af6 0x7efcd4b12b01
+B+: 0x7efcd4b12b0c 0x7efcd4b12b34
+B+: 0x7efcd4b12b40 0x7efcd4b12b57
+B+: 0x7efcd4b12b58 0x7efcd4b12b5f
+B+: 0x7efcd4b12b60 0x7efcd4b12b67
+B+: 0x7efcd4b12b68 0x7efcd4b12b70
+B+: 0x7efcd4b12b71 0x7efcd4b12b7a
+B+: 0x7efcd4b12b7b 0x7efcd4b12b80
+B+: 0x7efcd4b12b97 0x7efcd4b12b9c
+B+: 0x7efcd4b12c0a 0x7efcd4b12c3d
+B+: 0x7efcd4b12c47 0x7efcd4b12c53
+B+: 0x7efcd4b12ed0 0x7efcd4b12ede
+B+: 0x7efcd4b12edf 0x7efcd4b12ee7
+B+: 0x7efcd4b12ee8 0x7efcd4b12efc
+B+: 0x7efcd4b12efd 0x7efcd4b12f02
+B+: 0x7efcd4b12f03 0x7efcd4b12f1b
+B+: 0x7efcd4b12f1c 0x7efcd4b12f21
+B+: 0x7efcd4b12f22 0x7efcd4b12f2b
+B+: 0x7efcd4b12fc0 0x7efcd4b12fc7
+B+: 0x7efcd4b12fc8 0x7efcd4b12fd0
+B+: 0x7efcd4b13760 0x7efcd4b13768
+B+: 0x7efcd4b13769 0x7efcd4b1376d
+B+: 0x7efcd4b1376e 0x7efcd4b13772
+B+: 0x7efcd4b13780 0x7efcd4b13788
+B+: 0x7efcd4b13789 0x7efcd4b1378d
+B+: 0x7efcd4b1378e 0x7efcd4b13792
+B+: 0x7efcd4b137c0 0x7efcd4b137d9
+B+: 0x7efcd4b137da 0x7efcd4b137e6
+B+: 0x7efcd4b137f7 0x7efcd4b13802
+B+: 0x7efcd4b13803 0x7efcd4b1380b
+B+: 0x7efcd4b1380c 0x7efcd4b13841
+B+: 0x7efcd4b13842 0x7efcd4b1384b
+B+: 0x7efcd4b1384c 0x7efcd4b13852
+B+: 0x7efcd4b13853 0x7efcd4b13875
+B+: 0x7efcd4b13880 0x7efcd4b1388e
+B+: 0x7efcd4b138b0 0x7efcd4b138c8
+B+: 0x7efcd4b13900 0x7efcd4b13941
+B+: 0x7efcd4b13950 0x7efcd4b13966
+B+: 0x7efcd4b13967 0x7efcd4b1397e
+B+: 0x7efcd4b1397f 0x7efcd4b1398a
+B+: 0x7efcd4b1398b 0x7efcd4b139b3
+B+: 0x7efcd4b139b4 0x7efcd4b139bd
+B+: 0x7efcd4b139be 0x7efcd4b139bf
+B+: 0x7efcd4b139d0 0x7efcd4b139e8
+B+: 0x7efcd4b139e9 0x7efcd4b13a14
+B+: 0x7efcd4b13a1e 0x7efcd4b13a25
+B+: 0x7efcd4b13a26 0x7efcd4b13a33
+B+: 0x7efcd4b13a34 0x7efcd4b13a46
+B+: 0x7efcd4b13ae0 0x7efcd4b13afe
+B+: 0x7efcd4b13aff 0x7efcd4b13b0c
+B+: 0x7efcd4b13b0d 0x7efcd4b13b1b
+B+: 0x7efcd4b13b1c 0x7efcd4b13b2c
+B+: 0x7efcd4b13b40 0x7efcd4b13b62
+B+: 0x7efcd4b13b98 0x7efcd4b13ba9
+B+: 0x7efcd4b146d0 0x7efcd4b146f4
+B+: 0x7efcd4b146f5 0x7efcd4b1470d
+B+: 0x7efcd4b1470e 0x7efcd4b14712
+B+: 0x7efcd4b14713 0x7efcd4b1471e
+B+: 0x7efcd4b1471f 0x7efcd4b14723
+B+: 0x7efcd4b14724 0x7efcd4b14728
+B+: 0x7efcd4b14729 0x7efcd4b14730
+B+: 0x7efcd4b1473c 0x7efcd4b14749
+B+: 0x7efcd4b1474a 0x7efcd4b1474d
+B+: 0x7efcd4b1474e 0x7efcd4b14760
+B+: 0x7efcd4b14761 0x7efcd4b1476b
+B+: 0x7efcd4b14790 0x7efcd4b1479d
+B+: 0x7efcd4b1479e 0x7efcd4b147a5
+B+: 0x7efcd4b147a6 0x7efcd4b147a7
+B+: 0x7efcd4b14890 0x7efcd4b1489d
+B+: 0x7efcd4b1489e 0x7efcd4b148a9
+B+: 0x7efcd4b148aa 0x7efcd4b148bd
+B+: 0x7efcd4b148c0 0x7efcd4b148ca
+B+: 0x7efcd4b148d0 0x7efcd4b148ef
+B+: 0x7efcd4b148f0 0x7efcd4b148f4
+B+: 0x7efcd4b148f5 0x7efcd4b1490c
+B+: 0x7efcd4b1490d 0x7efcd4b14910
+B+: 0x7efcd4b14911 0x7efcd4b14912
+B+: 0x7efcd4b14913 0x7efcd4b1491b
+B+: 0x7efcd4b1491c 0x7efcd4b14930
+B+: 0x7efcd4b14938 0x7efcd4b1493c
+B+: 0x7efcd4b14980 0x7efcd4b1498f
+B+: 0x7efcd4b14990 0x7efcd4b1499b
+B+: 0x7efcd4b1499c 0x7efcd4b149ab
+B+: 0x7efcd4b14a80 0x7efcd4b14a93
+B+: 0x7efcd4b14a94 0x7efcd4b14aac
+B+: 0x7efcd4b14aad 0x7efcd4b14abf
+B+: 0x7efcd4b14ac0 0x7efcd4b14ada
+B+: 0x7efcd4b14adb 0x7efcd4b14ae3
+B+: 0x7efcd4b14aec 0x7efcd4b14af8
+B+: 0x7efcd4b14af9 0x7efcd4b14b02
+B+: 0x7efcd4b14b03 0x7efcd4b14b06
+B+: 0x7efcd4b14b07 0x7efcd4b14b1a
+B+: 0x7efcd4b14c49 0x7efcd4b14c55
+B+: 0x7efcd4b14c56 0x7efcd4b14c67
+B+: 0x7efcd4b14c82 0x7efcd4b14c93
+B+: 0x7efcd4b14d77 0x7efcd4b14d82
+B+: 0x7efcd4b14da0 0x7efcd4b14db2
+B+: 0x7efcd4b14db3 0x7efcd4b14ddf
+B+: 0x7efcd4b14de0 0x7efcd4b14deb
+B+: 0x7efcd4b14dec 0x7efcd4b14dfc
+B+: 0x7efcd4b14dfd 0x7efcd4b14e18
+B+: 0x7efcd4b14e19 0x7efcd4b14e25
+B+: 0x7efcd4b14e26 0x7efcd4b14e2e
+B+: 0x7efcd4b14e2f 0x7efcd4b14e3f
+B+: 0x7efcd4b14e40 0x7efcd4b14e44
+B+: 0x7efcd4b14e45 0x7efcd4b14e50
+B+: 0x7efcd4b14e51 0x7efcd4b14e5d
+B+: 0x7efcd4b14e5e 0x7efcd4b14e77
+B+: 0x7efcd4b14ece 0x7efcd4b14ed2
+B+: 0x7efcd4b14ed3 0x7efcd4b14ede
+B+: 0x7efcd4b14ee0 0x7efcd4b14eec
+B+: 0x7efcd4b14f60 0x7efcd4b14f7c
+B+: 0x7efcd4b15120 0x7efcd4b15128
+B+: 0x7efcd4b15129 0x7efcd4b15147
+B+: 0x7efcd4b15750 0x7efcd4b1575e
+B+: 0x7efcd4b1575f 0x7efcd4b15763
+B+: 0x7efcd4b15764 0x7efcd4b15770
+B+: 0x7efcd4b15771 0x7efcd4b15777
+B+: 0x7efcd4b15778 0x7efcd4b15783
+B+: 0x7efcd4b15784 0x7efcd4b15788
+B+: 0x7efcd4b15789 0x7efcd4b1578d
+B+: 0x7efcd4b1578e 0x7efcd4b15796
+B+: 0x7efcd4b15797 0x7efcd4b1579e
+B+: 0x7efcd4b15890 0x7efcd4b15892
+B+: 0x7efcd4b158a7 0x7efcd4b158ab
+B+: 0x7efcd4b158ac 0x7efcd4b158b2
+B+: 0x7efcd4b158b3 0x7efcd4b158b6
+B+: 0x7efcd4b158d0 0x7efcd4b158e1
+B+: 0x7efcd4b158e2 0x7efcd4b158e6
+B+: 0x7efcd4b158e7 0x7efcd4b158eb
+B+: 0x7efcd4b158ec 0x7efcd4b158f1
+B+: 0x7efcd4b158f2 0x7efcd4b158fa
+B+: 0x7efcd4b158fb 0x7efcd4b158fc
+B+: 0x7efcd4b15940 0x7efcd4b15948
+B+: 0x7efcd4b15949 0x7efcd4b15951
+B+: 0x7efcd4b15980 0x7efcd4b15988
+B+: 0x7efcd4b15989 0x7efcd4b1598a
+B+: 0x7efcd4b1598b 0x7efcd4b15991
+B+: 0x7efcd4b15992 0x7efcd4b159a2
+B+: 0x7efcd4b159a8 0x7efcd4b159ac
+B+: 0x7efcd4b159eb 0x7efcd4b15a00
+B+: 0x7efcd4b15a08 0x7efcd4b15a10
+B+: 0x7efcd4b15af0 0x7efcd4b15b11
+B+: 0x7efcd4b15b12 0x7efcd4b15b16
+B+: 0x7efcd4b15b17 0x7efcd4b15b1d
+B+: 0x7efcd4b15b1e 0x7efcd4b15b26
+B+: 0x7efcd4b15b27 0x7efcd4b15b34
+B+: 0x7efcd4b15b35 0x7efcd4b15b3c
+B+: 0x7efcd4b15b3d 0x7efcd4b15b49
+B+: 0x7efcd4b15b4a 0x7efcd4b15b5a
+B+: 0x7efcd4b15b5b 0x7efcd4b15b63
+B+: 0x7efcd4b15b7f 0x7efcd4b15b93
+B+: 0x7efcd4b15b94 0x7efcd4b15b9c
+B+: 0x7efcd4b15be0 0x7efcd4b15bf7
+B+: 0x7efcd4b15bf8 0x7efcd4b15c00
+B+: 0x7efcd4b15c1b 0x7efcd4b15c2b
+B+: 0x7efcd4b15d40 0x7efcd4b15d5e
+B+: 0x7efcd4b15d5f 0x7efcd4b15d6d
+B+: 0x7efcd4b15d6e 0x7efcd4b15d72
+B+: 0x7efcd4b15d7d 0x7efcd4b15d90
+B+: 0x7efcd4b15d91 0x7efcd4b15d95
+B+: 0x7efcd4b15d96 0x7efcd4b15d9a
+B+: 0x7efcd4b15da0 0x7efcd4b15da4
+B+: 0x7efcd4b15dd5 0x7efcd4b15dd9
+B+: 0x7efcd4b15dda 0x7efcd4b15dde
+B+: 0x7efcd4b15df0 0x7efcd4b15dfb
+B+: 0x7efcd4b15dfc 0x7efcd4b15e07
+B+: 0x7efcd4b15e08 0x7efcd4b15e10
+B+: 0x7efcd4b15e2c 0x7efcd4b15e30
+B+: 0x7efcd4b15e31 0x7efcd4b15e36
+B+: 0x7efcd4b15e41 0x7efcd4b15e45
+B+: 0x7efcd4b15e46 0x7efcd4b15e54
+B+: 0x7efcd4b15e55 0x7efcd4b15e5d
+B+: 0x7efcd4b15e5e 0x7efcd4b15e62
+B+: 0x7efcd4b15e63 0x7efcd4b15e74
+B+: 0x7efcd4b15e78 0x7efcd4b15e84
+B+: 0x7efcd4b15ea0 0x7efcd4b15ea4
+B+: 0x7efcd4b15ef0 0x7efcd4b15f03
+B+: 0x7efcd4b15f40 0x7efcd4b15f76
+B+: 0x7efcd4b15f77 0x7efcd4b15f82
+B+: 0x7efcd4b15f83 0x7efcd4b15f92
+B+: 0x7efcd4b1601b 0x7efcd4b16031
+B+: 0x7efcd4b16032 0x7efcd4b16040
+B+: 0x7efcd4b16075 0x7efcd4b160b8
+B+: 0x7efcd4b160b9 0x7efcd4b160c3
+B+: 0x7efcd4b160c4 0x7efcd4b160cc
+B+: 0x7efcd4b160cd 0x7efcd4b160d5
+B+: 0x7efcd4b160d6 0x7efcd4b160de
+B+: 0x7efcd4b160df 0x7efcd4b16106
+B+: 0x7efcd4b16107 0x7efcd4b16133
+B+: 0x7efcd4b16578 0x7efcd4b16581
+B+: 0x7efcd4b16582 0x7efcd4b165a8
+B+: 0x7efcd4b165a9 0x7efcd4b165b6
+B+: 0x7efcd4b165d0 0x7efcd4b165e0
+B+: 0x7efcd4b165e1 0x7efcd4b165ee
+B+: 0x7efcd4b165ef 0x7efcd4b165f3
+B+: 0x7efcd4b16670 0x7efcd4b1667e
+B+: 0x7efcd4b1667f 0x7efcd4b16683
+B+: 0x7efcd4b16684 0x7efcd4b16692
+B+: 0x7efcd4b16693 0x7efcd4b1669a
+B+: 0x7efcd4b1669b 0x7efcd4b166a2
+B+: 0x7efcd4b166a3 0x7efcd4b166b7
+B+: 0x7efcd4b16790 0x7efcd4b167bc
+B+: 0x7efcd4b167bd 0x7efcd4b167d4
+B+: 0x7efcd4b167e0 0x7efcd4b1683a
+B+: 0x7efcd4b1683b 0x7efcd4b16875
+B+: 0x7efcd4b16876 0x7efcd4b16893
+B+: 0x7efcd4b16894 0x7efcd4b168a3
+B+: 0x7efcd4b168a4 0x7efcd4b168b0
+B+: 0x7efcd4b169b4 0x7efcd4b169b8
+B+: 0x7efcd4b169b9 0x7efcd4b169cf
+B+: 0x7efcd4b169d0 0x7efcd4b169dc
+B+: 0x7efcd4b169dd 0x7efcd4b169ef
+B+: 0x7efcd4b169f0 0x7efcd4b169f7
+B+: 0x7efcd4b16a01 0x7efcd4b16a16
+B+: 0x7efcd4b16a28 0x7efcd4b16a3d
+B+: 0x7efcd4b16a3e 0x7efcd4b16a4d
+B+: 0x7efcd4b16a79 0x7efcd4b16a97
+B+: 0x7efcd4b16a98 0x7efcd4b16ac0
+B+: 0x7efcd4b16ac1 0x7efcd4b16acf
+B+: 0x7efcd4b17148 0x7efcd4b17154
+B+: 0x7efcd4b17155 0x7efcd4b17174
+B+: 0x7efcd4b17175 0x7efcd4b1717f
+B+: 0x7efcd4b171ac 0x7efcd4b171b0
+B+: 0x7efcd4b171b1 0x7efcd4b171b5
+B+: 0x7efcd4b17a40 0x7efcd4b17a64
+B+: 0x7efcd4b17b10 0x7efcd4b17b1a
+B+: 0x7efcd4b17b40 0x7efcd4b17b47
+B+: 0x7efcd4b17b48 0x7efcd4b17b51
+B+: 0x7efcd4b17b58 0x7efcd4b17b60
+B+: 0x7efcd4b17b61 0x7efcd4b17b6a
+B+: 0x7efcd4b17b88 0x7efcd4b17b8c
+B+: 0x7efcd4b17b8d 0x7efcd4b17b94
+B+: 0x7efcd4b17ba0 0x7efcd4b17ba4
+B+: 0x7efcd4b17d00 0x7efcd4b17d30
+B+: 0x7efcd4b17e3f 0x7efcd4b17e55
+B+: 0x7efcd4b17e56 0x7efcd4b17e67
+B+: 0x7efcd4b181e0 0x7efcd4b18222
+B+: 0x7efcd4b18223 0x7efcd4b18228
+B+: 0x7efcd4b1824c 0x7efcd4b18260
+B+: 0x7efcd4b18261 0x7efcd4b18269
+B+: 0x7efcd4b18270 0x7efcd4b18279
+B+: 0x7efcd4b18288 0x7efcd4b182a0
+B+: 0x7efcd4b182a1 0x7efcd4b182ba
+B+: 0x7efcd4b182bb 0x7efcd4b182bc
+B+: 0x7efcd4b182d0 0x7efcd4b182d8
+B+: 0x7efcd4b182f8 0x7efcd4b182f8
+B+: 0x7efcd4b18300 0x7efcd4b1830c
+B+: 0x7efcd4b1833f 0x7efcd4b18343
+B+: 0x7efcd4b18380 0x7efcd4b18384
+B+: 0x7efcd4b183d0 0x7efcd4b183e3
+B+: 0x7efcd4b18400 0x7efcd4b18400
+B+: 0x7efcd4b18420 0x7efcd4b1845b
+B+: 0x7efcd4b18467 0x7efcd4b18471
+B+: 0x7efcd4b18472 0x7efcd4b18489
+B+: 0x7efcd4b1848a 0x7efcd4b1848d
+B+: 0x7efcd4b1848e 0x7efcd4b18494
+B+: 0x7efcd4b18495 0x7efcd4b1849d
+B+: 0x7efcd4b1849e 0x7efcd4b184a9
+B+: 0x7efcd4b184aa 0x7efcd4b184c2
+B+: 0x7efcd4b184c3 0x7efcd4b184ce
+B+: 0x7efcd4b184cf 0x7efcd4b184e5
+B+: 0x7efcd4b184e6 0x7efcd4b184f5
+B+: 0x7efcd4b18500 0x7efcd4b1850e
+B+: 0x7efcd4b1850f 0x7efcd4b18513
+B+: 0x7efcd4b18514 0x7efcd4b1851e
+B+: 0x7efcd4b18540 0x7efcd4b18549
+B+: 0x7efcd4b1854a 0x7efcd4b1854e
+B+: 0x7efcd4b1854f 0x7efcd4b18560
+B+: 0x7efcd4b18568 0x7efcd4b18577
+B+: 0x7efcd4b18580 0x7efcd4b18589
+B+: 0x7efcd4b185a8 0x7efcd4b185bb
+B+: 0x7efcd4b185c0 0x7efcd4b185ce
+B+: 0x7efcd4b185cf 0x7efcd4b185dc
+B+: 0x7efcd4b186f0 0x7efcd4b186fd
+B+: 0x7efcd4b187a0 0x7efcd4b187a0
+B+: 0x7efcd4b187b0 0x7efcd4b187ba
+B+: 0x7efcd4b187bb 0x7efcd4b187ce
+B+: 0x7efcd4b187cf 0x7efcd4b187d8
+B+: 0x7efcd4b187d9 0x7efcd4b187e6
+B+: 0x7efcd4b18800 0x7efcd4b1882d
+B+: 0x7efcd4b1882e 0x7efcd4b18831
+B+: 0x7efcd4b18832 0x7efcd4b18847
+B+: 0x7efcd4b18864 0x7efcd4b1886b
+B+: 0x7efcd4b1886c 0x7efcd4b1886f
+B+: 0x7efcd4b18870 0x7efcd4b18876
+B+: 0x7efcd4b18877 0x7efcd4b1887b
+B+: 0x7efcd4b1887c 0x7efcd4b18886
+B+: 0x7efcd4b18ae0 0x7efcd4b18b01
+B+: 0x7efcd4b18b02 0x7efcd4b18b0a
+B+: 0x7efcd4b18b0b 0x7efcd4b18b14
+B+: 0x7efcd4b18b15 0x7efcd4b18b19
+B+: 0x7efcd4b18c00 0x7efcd4b18c19
+B+: 0x7efcd4b18c51 0x7efcd4b18c8e
+B+: 0x7efcd4b18c8f 0x7efcd4b18c9e
+B+: 0x7efcd4b18c9f 0x7efcd4b18ca6
+B+: 0x7efcd4b18df0 0x7efcd4b18dfb
+B+: 0x7efcd4b18e20 0x7efcd4b18e20
+B+: 0x7efcd4b18e30 0x7efcd4b18e38
+B+: 0x7efcd4b1a940 0x7efcd4b1a94b
+B+: 0x7efcd4b1a94c 0x7efcd4b1a957
+B+: 0x7efcd4b1a958 0x7efcd4b1a964
+B+: 0x7efcd4b1a965 0x7efcd4b1a969
+B+: 0x7efcd4b1a96a 0x7efcd4b1a96f
+B+: 0x7efcd4b1a970 0x7efcd4b1a976
+B+: 0x7efcd4b1a980 0x7efcd4b1a987
+B+: 0x7efcd4b1a988 0x7efcd4b1a98c
+B+: 0x7efcd4b1a98d 0x7efcd4b1a99b
+B+: 0x7efcd4b1a99c 0x7efcd4b1a9a0
+B+: 0x7efcd4b1a9a1 0x7efcd4b1a9a8
+B+: 0x7efcd4b1a9a9 0x7efcd4b1a9ad
+B+: 0x7efcd4b1a9ae 0x7efcd4b1a9b8
+B+: 0x7efcd4b1a9b9 0x7efcd4b1a9b9
+B+: 0x7efcd4b1a9c0 0x7efcd4b1a9c5
+B+: 0x7efcd4b1a9c6 0x7efcd4b1a9c9
+B+: 0x7efcd4b1a9d0 0x7efcd4b1a9d0
+B+: 0x7efcd4b1a9d1 0x7efcd4b1a9d5
+B+: 0x7efcd4b1a9d6 0x7efcd4b1a9d9
+B+: 0x7efcd4b1a9e0 0x7efcd4b1a9ff
+B+: 0x7efcd4b1aa00 0x7efcd4b1aa11
+B+: 0x7efcd4b1aa12 0x7efcd4b1aa16
+B+: 0x7efcd4b1aa20 0x7efcd4b1aa22
+B+: 0x7efcd4b1aa23 0x7efcd4b1aa2f
+B+: 0x7efcd4b1aa30 0x7efcd4b1aa33
+B+: 0x7efcd4b1aa34 0x7efcd4b1aa5d
+B+: 0x7efcd4b1aa5e 0x7efcd4b1aa62
+B+: 0x7efcd4b1aa63 0x7efcd4b1aa82
+B+: 0x7efcd4b1aac0 0x7efcd4b1aade
+B+: 0x7efcd4b1aadf 0x7efcd4b1aae3
+B+: 0x7efcd4b1aae4 0x7efcd4b1aae8
+B+: 0x7efcd4b1aaf0 0x7efcd4b1aaf2
+B+: 0x7efcd4b1aaf3 0x7efcd4b1aaff
+B+: 0x7efcd4b1ab00 0x7efcd4b1ab03
+B+: 0x7efcd4b1ab04 0x7efcd4b1ab3e
+B+: 0x7efcd4b1ab3f 0x7efcd4b1ab49
+B+: 0x7efcd4b1ab4a 0x7efcd4b1ab57
+B+: 0x7efcd4b1ab58 0x7efcd4b1ab5d
+B+: 0x7efcd4b1ab5e 0x7efcd4b1ab66
+B+: 0x7efcd4b1ab67 0x7efcd4b1ab70
+B+: 0x7efcd4b1ab71 0x7efcd4b1ab7a
+B+: 0x7efcd4b1ab7b 0x7efcd4b1ab9a
+B+: 0x7efcd4b1ab9b 0x7efcd4b1aba3
+B+: 0x7efcd4b1aba4 0x7efcd4b1abbd
+B+: 0x7efcd4b1abc0 0x7efcd4b1abc5
+B+: 0x7efcd4b1abc6 0x7efcd4b1abcf
+B+: 0x7efcd4b1abd0 0x7efcd4b1abd9
+B+: 0x7efcd4b1abda 0x7efcd4b1abf7
+B+: 0x7efcd4b1ac08 0x7efcd4b1ac14
+B+: 0x7efcd4b1ac15 0x7efcd4b1ac1b
+B+: 0x7efcd4b1ac1c 0x7efcd4b1ac29
+B+: 0x7efcd4b1acb0 0x7efcd4b1acca
+B+: 0x7efcd4b1accb 0x7efcd4b1acda
+B+: 0x7efcd4b1acdb 0x7efcd4b1ace6
+B+: 0x7efcd4b1ace7 0x7efcd4b1acef
+B+: 0x7efcd4b1acf0 0x7efcd4b1acf4
+B+: 0x7efcd4b1acf5 0x7efcd4b1acfc
+B+: 0x7efcd4b1acfd 0x7efcd4b1ad10
+B+: 0x7efcd4b1ad11 0x7efcd4b1ad21
+B+: 0x7efcd4b1ad22 0x7efcd4b1ad26
+B+: 0x7efcd4b1ad27 0x7efcd4b1ad38
+B+: 0x7efcd4b1ad39 0x7efcd4b1ad4b
+B+: 0x7efcd4b1ad4c 0x7efcd4b1ad54
+B+: 0x7efcd4b1ad55 0x7efcd4b1ad5e
+B+: 0x7efcd4b1ad5f 0x7efcd4b1ad6d
+B+: 0x7efcd4b1aea0 0x7efcd4b1aeb6
+B+: 0x7efcd4b1aeb7 0x7efcd4b1aebb
+B+: 0x7efcd4b1aebc 0x7efcd4b1aec0
+B+: 0x7efcd4b1aec8 0x7efcd4b1aecb
+B+: 0x7efcd4b1aecc 0x7efcd4b1aed9
+B+: 0x7efcd4b1aeda 0x7efcd4b1aedd
+B+: 0x7efcd4b1aede 0x7efcd4b1af06
+B+: 0x7efcd4b1af07 0x7efcd4b1af10
+B+: 0x7efcd4b1af11 0x7efcd4b1af16
+B+: 0x7efcd4b1af17 0x7efcd4b1af24
+B+: 0x7efcd4b1af25 0x7efcd4b1af2d
+B+: 0x7efcd4b1b440 0x7efcd4b1b46b
+B+: 0x7efcd4b1b46c 0x7efcd4b1b470
+B+: 0x7efcd4b1b471 0x7efcd4b1b475
+B+: 0x7efcd4b1b536 0x7efcd4b1b53e
+B+: 0x7efcd4b1b53f 0x7efcd4b1b548
+B+: 0x7efcd4b1b549 0x7efcd4b1b551
+B+: 0x7efcd4b1b5d0 0x7efcd4b1b5e4
+B+: 0x7efcd4b1b5e5 0x7efcd4b1b606
+B+: 0x7efcd4b1b607 0x7efcd4b1b610
+B+: 0x7efcd4b1b611 0x7efcd4b1b618
+B+: 0x7efcd4b1b640 0x7efcd4b1b648
+B+: 0x7efcd4b1b649 0x7efcd4b1b656
+B+: 0x7efcd4b1b657 0x7efcd4b1b65f
+B+: 0x7efcd4b1b660 0x7efcd4b1b661
+B+: 0x7efcd4b1b760 0x7efcd4b1b7aa
+B+: 0x7efcd4b1b7ab 0x7efcd4b1b7af
+B+: 0x7efcd4b1b7b0 0x7efcd4b1b7be
+B+: 0x7efcd4b1b7c8 0x7efcd4b1b7d3
+B+: 0x7efcd4b1b7d4 0x7efcd4b1b7d8
+B+: 0x7efcd4b1b7d9 0x7efcd4b1b7e0
+B+: 0x7efcd4b1b7e1 0x7efcd4b1b7e5
+B+: 0x7efcd4b1b7e6 0x7efcd4b1b7f3
+B+: 0x7efcd4b1b7f4 0x7efcd4b1b7fb
+B+: 0x7efcd4b1b800 0x7efcd4b1b810
+B+: 0x7efcd4b1b811 0x7efcd4b1b815
+B+: 0x7efcd4b1b816 0x7efcd4b1b832
+B+: 0x7efcd4b1b833 0x7efcd4b1b843
+B+: 0x7efcd4b1b844 0x7efcd4b1b84f
+B+: 0x7efcd4b1b850 0x7efcd4b1b857
+B+: 0x7efcd4b1b858 0x7efcd4b1b85c
+B+: 0x7efcd4b1b85d 0x7efcd4b1b868
+B+: 0x7efcd4b1b869 0x7efcd4b1b87b
+B+: 0x7efcd4b1b87c 0x7efcd4b1b884
+B+: 0x7efcd4b1b888 0x7efcd4b1b897
+B+: 0x7efcd4b1b898 0x7efcd4b1b89b
+B+: 0x7efcd4b1b89c 0x7efcd4b1b8b4
+B+: 0x7efcd4b1b8b5 0x7efcd4b1b8b8
+B+: 0x7efcd4b1b8b9 0x7efcd4b1b8c6
+B+: 0x7efcd4b1b8c7 0x7efcd4b1b8d5
+B+: 0x7efcd4b1bdc0 0x7efcd4b1bdec
+B+: 0x7efcd4b1bded 0x7efcd4b1bdf2
+B+: 0x7efcd4b1bdf3 0x7efcd4b1be04
+B+: 0x7efcd4b1be05 0x7efcd4b1be0d
+B+: 0x7efcd4b1be0e 0x7efcd4b1be1c
+CND+ 0x7efcd4b0a00e: taken
+CND+ 0x7efcd4b0a5ea: not taken
+CND+ 0x7efcd4b0a626: not taken
+CND+ 0x7efcd4b0a63b: taken
+CND+ 0x7efcd4b0a673: not taken
+CND+ 0x7efcd4b0a687: not taken
+CND+ 0x7efcd4b0a695: not taken
+CND+ 0x7efcd4b0a7e2: taken
+CND+ 0x7efcd4b0a862: not taken
+CND+ 0x7efcd4b0a87c: both
+CND+ 0x7efcd4b0a8a9: not taken
+CND+ 0x7efcd4b0aa5d: not taken
+CND+ 0x7efcd4b0aa62: taken
+CND+ 0x7efcd4b0b6e6: not taken
+CND+ 0x7efcd4b0b704: taken
+CND+ 0x7efcd4b0b71a: not taken
+CND+ 0x7efcd4b0b71f: taken
+CND+ 0x7efcd4b0b72f: taken
+CND+ 0x7efcd4b0b74c: not taken
+CND+ 0x7efcd4b0b756: not taken
+CND+ 0x7efcd4b0b78f: not taken
+CND+ 0x7efcd4b0b79b: taken
+CND+ 0x7efcd4b0c079: taken
+CND+ 0x7efcd4b0c11b: not taken
+CND+ 0x7efcd4b0c149: not taken
+CND+ 0x7efcd4b0c158: not taken
+CND+ 0x7efcd4b0c190: not taken
+CND+ 0x7efcd4b0c1ce: taken
+CND+ 0x7efcd4b0cc20: not taken
+CND+ 0x7efcd4b0cc2d: taken
+CND+ 0x7efcd4b0cc48: not taken
+CND+ 0x7efcd4b0cc5f: both
+CND+ 0x7efcd4b0cc88: not taken
+CND+ 0x7efcd4b0ced2: taken
+CND+ 0x7efcd4b0cf55: not taken
+CND+ 0x7efcd4b0cf7e: not taken
+CND+ 0x7efcd4b0cf8a: not taken
+CND+ 0x7efcd4b0cf93: both
+CND+ 0x7efcd4b0cfc4: not taken
+CND+ 0x7efcd4b0cfe2: both
+CND+ 0x7efcd4b0cffb: taken
+CND+ 0x7efcd4b0d05a: taken
+CND+ 0x7efcd4b0d0af: not taken
+CND+ 0x7efcd4b0d0b8: taken
+CND+ 0x7efcd4b0d0e0: taken
+CND+ 0x7efcd4b0d116: not taken
+CND+ 0x7efcd4b0d15a: not taken
+CND+ 0x7efcd4b0d163: taken
+CND+ 0x7efcd4b0d21b: taken
+CND+ 0x7efcd4b0d24a: taken
+CND+ 0x7efcd4b0d27c: not taken
+CND+ 0x7efcd4b0d36a: taken
+CND+ 0x7efcd4b0d520: not taken
+CND+ 0x7efcd4b0d529: not taken
+CND+ 0x7efcd4b0d532: taken
+CND+ 0x7efcd4b0d8eb: not taken
+CND+ 0x7efcd4b0d906: both
+CND+ 0x7efcd4b0d93d: not taken
+CND+ 0x7efcd4b0d985: both
+CND+ 0x7efcd4b0d9f6: taken
+CND+ 0x7efcd4b0da20: both
+CND+ 0x7efcd4b0da29: not taken
+CND+ 0x7efcd4b0da33: not taken
+CND+ 0x7efcd4b0dae4: not taken
+CND+ 0x7efcd4b0dafb: taken
+CND+ 0x7efcd4b0db2a: both
+CND+ 0x7efcd4b0db30: both
+CND+ 0x7efcd4b0db40: taken
+CND+ 0x7efcd4b0db60: not taken
+CND+ 0x7efcd4b0db96: not taken
+CND+ 0x7efcd4b0dbe5: taken
+CND+ 0x7efcd4b0dda0: not taken
+CND+ 0x7efcd4b0dda9: not taken
+CND+ 0x7efcd4b0ddc8: both
+CND+ 0x7efcd4b0ddd0: both
+CND+ 0x7efcd4b0de2e: taken
+CND+ 0x7efcd4b0de57: not taken
+CND+ 0x7efcd4b0deac: taken
+CND+ 0x7efcd4b0ded8: taken
+CND+ 0x7efcd4b0dfa3: not taken
+CND+ 0x7efcd4b0dfc0: taken
+CND+ 0x7efcd4b0e019: not taken
+CND+ 0x7efcd4b0e065: not taken
+CND+ 0x7efcd4b0e06f: not taken
+CND+ 0x7efcd4b0e089: both
+CND+ 0x7efcd4b0e09d: not taken
+CND+ 0x7efcd4b0e0ab: taken
+CND+ 0x7efcd4b0e14c: not taken
+CND+ 0x7efcd4b0e156: taken
+CND+ 0x7efcd4b0e1cc: taken
+CND+ 0x7efcd4b0e1ee: taken
+CND+ 0x7efcd4b0e811: both
+CND+ 0x7efcd4b0e81b: not taken
+CND+ 0x7efcd4b0e81f: not taken
+CND+ 0x7efcd4b0e839: taken
+CND+ 0x7efcd4b0e859: taken
+CND+ 0x7efcd4b0e861: taken
+CND+ 0x7efcd4b0f45f: taken
+CND+ 0x7efcd4b0f626: not taken
+CND+ 0x7efcd4b0f6ca: taken
+CND+ 0x7efcd4b0f762: taken
+CND+ 0x7efcd4b102a4: taken
+CND+ 0x7efcd4b102bd: not taken
+CND+ 0x7efcd4b102cd: not taken
+CND+ 0x7efcd4b1030f: taken
+CND+ 0x7efcd4b10327: taken
+CND+ 0x7efcd4b1033a: not taken
+CND+ 0x7efcd4b10343: taken
+CND+ 0x7efcd4b10381: not taken
+CND+ 0x7efcd4b103d6: taken
+CND+ 0x7efcd4b103e7: taken
+CND+ 0x7efcd4b10895: not taken
+CND+ 0x7efcd4b108a8: not taken
+CND+ 0x7efcd4b108d2: not taken
+CND+ 0x7efcd4b10907: not taken
+CND+ 0x7efcd4b10942: taken
+CND+ 0x7efcd4b10953: not taken
+CND+ 0x7efcd4b10963: taken
+CND+ 0x7efcd4b10a7b: not taken
+CND+ 0x7efcd4b10dbc: both
+CND+ 0x7efcd4b10dc9: both
+CND+ 0x7efcd4b10e03: not taken
+CND+ 0x7efcd4b10e0d: not taken
+CND+ 0x7efcd4b10e18: taken
+CND+ 0x7efcd4b111a1: not taken
+CND+ 0x7efcd4b111ab: not taken
+CND+ 0x7efcd4b111e4: taken
+CND+ 0x7efcd4b111f2: taken
+CND+ 0x7efcd4b1120a: not taken
+CND+ 0x7efcd4b11225: not taken
+CND+ 0x7efcd4b1122f: not taken
+CND+ 0x7efcd4b11247: taken
+CND+ 0x7efcd4b11533: taken
+CND+ 0x7efcd4b11582: taken
+CND+ 0x7efcd4b11655: taken
+CND+ 0x7efcd4b11698: taken
+CND+ 0x7efcd4b11703: not taken
+CND+ 0x7efcd4b1170c: taken
+CND+ 0x7efcd4b11725: not taken
+CND+ 0x7efcd4b11742: not taken
+CND+ 0x7efcd4b1175a: not taken
+CND+ 0x7efcd4b11765: not taken
+CND+ 0x7efcd4b11792: not taken
+CND+ 0x7efcd4b11797: taken
+CND+ 0x7efcd4b117a9: taken
+CND+ 0x7efcd4b117ad: not taken
+CND+ 0x7efcd4b117bc: taken
+CND+ 0x7efcd4b117ce: taken
+CND+ 0x7efcd4b11848: taken
+CND+ 0x7efcd4b11889: not taken
+CND+ 0x7efcd4b1189b: not taken
+CND+ 0x7efcd4b118a8: taken
+CND+ 0x7efcd4b11c2f: not taken
+CND+ 0x7efcd4b11c57: taken
+CND+ 0x7efcd4b11c65: not taken
+CND+ 0x7efcd4b11c6e: taken
+CND+ 0x7efcd4b11c86: not taken
+CND+ 0x7efcd4b11cae: taken
+CND+ 0x7efcd4b12366: taken
+CND+ 0x7efcd4b129d6: taken
+CND+ 0x7efcd4b12a31: not taken
+CND+ 0x7efcd4b12a51: taken
+CND+ 0x7efcd4b12aad: not taken
+CND+ 0x7efcd4b12ab5: taken
+CND+ 0x7efcd4b12b00: taken
+CND+ 0x7efcd4b12b5a: not taken
+CND+ 0x7efcd4b12b62: not taken
+CND+ 0x7efcd4b12b6b: not taken
+CND+ 0x7efcd4b12b75: not taken
+CND+ 0x7efcd4b12b7f: taken
+CND+ 0x7efcd4b12b9b: taken
+CND+ 0x7efcd4b12c3c: taken
+CND+ 0x7efcd4b12ed9: not taken
+CND+ 0x7efcd4b12ee6: not taken
+CND+ 0x7efcd4b12f01: not taken
+CND+ 0x7efcd4b12f1a: not taken
+CND+ 0x7efcd4b12f20: not taken
+CND+ 0x7efcd4b12f26: taken
+CND+ 0x7efcd4b1376c: not taken
+CND+ 0x7efcd4b1378c: not taken
+CND+ 0x7efcd4b137d8: both
+CND+ 0x7efcd4b137e1: taken
+CND+ 0x7efcd4b13806: not taken
+CND+ 0x7efcd4b13840: not taken
+CND+ 0x7efcd4b1384a: not taken
+CND+ 0x7efcd4b13965: both
+CND+ 0x7efcd4b13989: not taken
+CND+ 0x7efcd4b139b2: not taken
+CND+ 0x7efcd4b139bc: not taken
+CND+ 0x7efcd4b139e3: not taken
+CND+ 0x7efcd4b13a13: taken
+CND+ 0x7efcd4b13afd: not taken
+CND+ 0x7efcd4b13b1a: not taken
+CND+ 0x7efcd4b13b61: taken
+CND+ 0x7efcd4b14711: not taken
+CND+ 0x7efcd4b1471d: not taken
+CND+ 0x7efcd4b14722: not taken
+CND+ 0x7efcd4b14748: not taken
+CND+ 0x7efcd4b1474c: not taken
+CND+ 0x7efcd4b1475f: not taken
+CND+ 0x7efcd4b147a4: not taken
+CND+ 0x7efcd4b148f3: both
+CND+ 0x7efcd4b1490f: both
+CND+ 0x7efcd4b14911: not taken
+CND+ 0x7efcd4b1491a: taken
+CND+ 0x7efcd4b14a92: not taken
+CND+ 0x7efcd4b14aba: not taken
+CND+ 0x7efcd4b14ad5: both
+CND+ 0x7efcd4b14ade: taken
+CND+ 0x7efcd4b14af7: not taken
+CND+ 0x7efcd4b14b01: not taken
+CND+ 0x7efcd4b14b05: not taken
+CND+ 0x7efcd4b14b19: taken
+CND+ 0x7efcd4b14c50: not taken
+CND+ 0x7efcd4b14c62: taken
+CND+ 0x7efcd4b14db1: not taken
+CND+ 0x7efcd4b14dea: both
+CND+ 0x7efcd4b14e13: not taken
+CND+ 0x7efcd4b14e20: taken
+CND+ 0x7efcd4b14e2d: not taken
+CND+ 0x7efcd4b14e43: not taken
+CND+ 0x7efcd4b14e4f: both
+CND+ 0x7efcd4b14e58: not taken
+CND+ 0x7efcd4b14e72: taken
+CND+ 0x7efcd4b14ee7: taken
+CND+ 0x7efcd4b1575d: both
+CND+ 0x7efcd4b1576f: not taken
+CND+ 0x7efcd4b15782: both
+CND+ 0x7efcd4b15787: both
+CND+ 0x7efcd4b15795: both
+CND+ 0x7efcd4b158b1: not taken
+CND+ 0x7efcd4b158dc: not taken
+CND+ 0x7efcd4b158ea: not taken
+CND+ 0x7efcd4b158ec: both
+CND+ 0x7efcd4b158f5: not taken
+CND+ 0x7efcd4b158fb: taken
+CND+ 0x7efcd4b15943: not taken
+CND+ 0x7efcd4b1594c: taken
+CND+ 0x7efcd4b15983: not taken
+CND+ 0x7efcd4b15989: both
+CND+ 0x7efcd4b15990: not taken
+CND+ 0x7efcd4b159ab: taken
+CND+ 0x7efcd4b15a0b: taken
+CND+ 0x7efcd4b15b10: both
+CND+ 0x7efcd4b15b1c: not taken
+CND+ 0x7efcd4b15b21: both
+CND+ 0x7efcd4b15b2f: not taken
+CND+ 0x7efcd4b15b37: both
+CND+ 0x7efcd4b15b44: both
+CND+ 0x7efcd4b15b5e: taken
+CND+ 0x7efcd4b15b92: both
+CND+ 0x7efcd4b15b9b: taken
+CND+ 0x7efcd4b15bfb: taken
+CND+ 0x7efcd4b15d68: both
+CND+ 0x7efcd4b15d71: taken
+CND+ 0x7efcd4b15d8b: not taken
+CND+ 0x7efcd4b15da3: taken
+CND+ 0x7efcd4b15ddd: taken
+CND+ 0x7efcd4b15e02: not taken
+CND+ 0x7efcd4b15e0b: taken
+CND+ 0x7efcd4b15e2f: not taken
+CND+ 0x7efcd4b15e35: taken
+CND+ 0x7efcd4b15e4f: not taken
+CND+ 0x7efcd4b15e58: both
+CND+ 0x7efcd4b15f7d: not taken
+CND+ 0x7efcd4b1602c: not taken
+CND+ 0x7efcd4b160c7: not taken
+CND+ 0x7efcd4b160d0: both
+CND+ 0x7efcd4b160d9: not taken
+CND+ 0x7efcd4b165a7: both
+CND+ 0x7efcd4b165ed: not taken
+CND+ 0x7efcd4b165f2: taken
+CND+ 0x7efcd4b16682: not taken
+CND+ 0x7efcd4b166a1: not taken
+CND+ 0x7efcd4b167bb: not taken
+CND+ 0x7efcd4b16835: not taken
+CND+ 0x7efcd4b16870: not taken
+CND+ 0x7efcd4b1688e: not taken
+CND+ 0x7efcd4b1689e: not taken
+CND+ 0x7efcd4b169ca: both
+CND+ 0x7efcd4b169ea: taken
+CND+ 0x7efcd4b169f6: taken
+CND+ 0x7efcd4b16a15: taken
+CND+ 0x7efcd4b16a38: not taken
+CND+ 0x7efcd4b16a48: taken
+CND+ 0x7efcd4b16abb: not taken
+CND+ 0x7efcd4b1714f: not taken
+CND+ 0x7efcd4b1716f: not taken
+CND+ 0x7efcd4b1717e: taken
+CND+ 0x7efcd4b17a5f: taken
+CND+ 0x7efcd4b17b46: not taken
+CND+ 0x7efcd4b17b50: taken
+CND+ 0x7efcd4b17b69: taken
+CND+ 0x7efcd4b17b93: taken
+CND+ 0x7efcd4b17d2b: taken
+CND+ 0x7efcd4b17e50: not taken
+CND+ 0x7efcd4b18227: taken
+CND+ 0x7efcd4b1825f: not taken
+CND+ 0x7efcd4b18278: taken
+CND+ 0x7efcd4b182b9: not taken
+CND+ 0x7efcd4b182d7: taken
+CND+ 0x7efcd4b1830b: taken
+CND+ 0x7efcd4b18383: taken
+CND+ 0x7efcd4b183e2: taken
+CND+ 0x7efcd4b18456: taken
+CND+ 0x7efcd4b18488: both
+CND+ 0x7efcd4b1848c: not taken
+CND+ 0x7efcd4b18493: not taken
+CND+ 0x7efcd4b18498: both
+CND+ 0x7efcd4b184e0: not taken
+CND+ 0x7efcd4b18512: not taken
+CND+ 0x7efcd4b18519: taken
+CND+ 0x7efcd4b18548: not taken
+CND+ 0x7efcd4b1854d: not taken
+CND+ 0x7efcd4b185c9: not taken
+CND+ 0x7efcd4b185d7: taken
+CND+ 0x7efcd4b186f8: taken
+CND+ 0x7efcd4b187b9: not taken
+CND+ 0x7efcd4b18830: not taken
+CND+ 0x7efcd4b18846: taken
+CND+ 0x7efcd4b1886e: not taken
+CND+ 0x7efcd4b18b09: not taken
+CND+ 0x7efcd4b18b13: not taken
+CND+ 0x7efcd4b18c18: taken
+CND+ 0x7efcd4b18c9d: not taken
+CND+ 0x7efcd4b18dfa: taken
+CND+ 0x7efcd4b1a946: both
+CND+ 0x7efcd4b1a963: both
+CND+ 0x7efcd4b1a968: not taken
+CND+ 0x7efcd4b1a96e: not taken
+CND+ 0x7efcd4b1a986: not taken
+CND+ 0x7efcd4b1a98b: both
+CND+ 0x7efcd4b1a99a: both
+CND+ 0x7efcd4b1a99f: both
+CND+ 0x7efcd4b1a9ac: both
+CND+ 0x7efcd4b1a9b7: both
+CND+ 0x7efcd4b1a9c4: not taken
+CND+ 0x7efcd4b1aa10: not taken
+CND+ 0x7efcd4b1aa15: taken
+CND+ 0x7efcd4b1aa2e: both
+CND+ 0x7efcd4b1aa32: both
+CND+ 0x7efcd4b1aa5c: both
+CND+ 0x7efcd4b1aadd: not taken
+CND+ 0x7efcd4b1aae2: not taken
+CND+ 0x7efcd4b1aafe: not taken
+CND+ 0x7efcd4b1ab02: both
+CND+ 0x7efcd4b1ab48: both
+CND+ 0x7efcd4b1ab52: not taken
+CND+ 0x7efcd4b1ab5c: not taken
+CND+ 0x7efcd4b1ab65: both
+CND+ 0x7efcd4b1ab6b: taken
+CND+ 0x7efcd4b1ab75: not taken
+CND+ 0x7efcd4b1ab95: not taken
+CND+ 0x7efcd4b1aba2: not taken
+CND+ 0x7efcd4b1abc4: not taken
+CND+ 0x7efcd4b1abce: not taken
+CND+ 0x7efcd4b1abf6: taken
+CND+ 0x7efcd4b1ac24: taken
+CND+ 0x7efcd4b1ace1: not taken
+CND+ 0x7efcd4b1acea: not taken
+CND+ 0x7efcd4b1acf3: not taken
+CND+ 0x7efcd4b1ad25: not taken
+CND+ 0x7efcd4b1ad53: not taken
+CND+ 0x7efcd4b1ad5d: not taken
+CND+ 0x7efcd4b1aeb5: not taken
+CND+ 0x7efcd4b1aeba: not taken
+CND+ 0x7efcd4b1aed8: both
+CND+ 0x7efcd4b1aedc: taken
+CND+ 0x7efcd4b1af0f: not taken
+CND+ 0x7efcd4b1af15: not taken
+CND+ 0x7efcd4b1b46f: not taken
+CND+ 0x7efcd4b1b53d: not taken
+CND+ 0x7efcd4b1b547: not taken
+CND+ 0x7efcd4b1b605: not taken
+CND+ 0x7efcd4b1b60f: not taken
+CND+ 0x7efcd4b1b647: not taken
+CND+ 0x7efcd4b1b65e: not taken
+CND+ 0x7efcd4b1b7bd: taken
+CND+ 0x7efcd4b1b7d2: taken
+CND+ 0x7efcd4b1b7df: not taken
+CND+ 0x7efcd4b1b7e4: both
+CND+ 0x7efcd4b1b7fa: taken
+CND+ 0x7efcd4b1b856: not taken
+CND+ 0x7efcd4b1b85b: taken
+CND+ 0x7efcd4b1b87a: not taken
+CND+ 0x7efcd4b1b89a: not taken
+CND+ 0x7efcd4b1b8b7: not taken
+CND+ 0x7efcd4b1b8c5: not taken
+CND+ 0x7efcd4b1b8d4: taken
+CND+ 0x7efcd4b1bdf1: not taken
+CND+ 0x7efcd4b1be0c: not taken
@0x7efcd4b168af to 0x7efcd4b16a01 183
@0x7efcd4b168af to 0x7efcd4b169f0 10
@0x7efcd4b168af to 0x7efcd4b16a28 1
@0x7efcd4b1ac19 to 0x7efcd4b0e7d0 1
@0x7efcd4b1ac19 to 0x7efcd4b15120 1
@0x7efcd4b0a050 to 0x7efcd8643a30 4
@0x7efcd4b0a080 to 0x7efcd85e3330 2
@0x7efcd4b0a090 to 0x7efcd8685710 1
@0x7efcd4b0a0a0 to 0x7efcd865be70 5
@0x7efcd4b0a0d0 to 0x7efcd85f6a20 7
@0x7efcd4b0a0f0 to 0x7efcd871a800 4
@0x7efcd4b0a130 to 0x7efcd86861e0 1
@0x7efcd4b0a140 to 0x7efcd85fac10 1
@0x7efcd4b0a150 to 0x7efcd86a8800 4
@0x7efcd4b0a160 to 0x7efcd8685230 1
@0x7efcd4b0a190 to 0x7efcd871abc0 8
@0x7efcd4b0a1c0 to 0x7efcd8686200 1
@0x7efcd4b0a1e0 to 0x7efcd871a5d0 1
@0x7efcd4b0a220 to 0x7efcd8686210 2
@0x7efcd4b0a230 to 0x7efcd86a9b10 1
@0x7efcd4b0c16e to 0x7efcd4b0c1c0 1
@0x7efcd4b0a280 to 0x7efcd8715d10 11
@0x7efcd4b0a2a0 to 0x7efcd85f6450 4
@0x7efcd4b0c1ac to 0x7efcd4b0ce90 1
@0x7efcd4b0a2d0 to 0x7efcd8716100 9
@0x7efcd4b0a320 to 0x7efcd85f70f0 4
@0x7efcd4b0a330 to 0x7efcd871b100 6
@0x7efcd4b0a350 to 0x7efcd8686220 1
@0x7efcd4b0a370 to 0x7efcd86a8800 2
@0x7efcd4b0a390 to 0x7efcd86433e0 23
@0x7efcd4b0a3b0 to 0x7efcd8686230 1
@0x7efcd4b0a3c0 to 0x7efcd8715e90 22
@0x7efcd4b0a3e0 to 0x7efcd86c6ba0 1
@0x7efcd4b0a410 to 0x7efcd8643c80 1
@0x7efcd4b0a460 to 0x7efcd871b0e0 13
@0x7efcd4b0a510 to 0x7efcd86861f0 1
@0x7efcd4b0a560 to 0x7efcd86854e0 1
@0x7efcd4b0a570 to 0x7efcd85ef580 191
@0x7efcd4b15f91 to 0x7efcd4b16075 1
@0x7efcd4b0a784 to 0x7efcd85e2fb0 1
@0x7efcd4b1be01 to 0x7efcd4b0a840 1
@0x7efcd4b1855f to 0x7efcd4b18580 1
@0x7efcd4b1855f to 0x7efcd4b185c0 1
@0x7efcd4b1855f to 0x7efcd4b185a8 2
