MODULE_NAME: /usr/bin/gs
MODULE_START: 0x7f44e5d80000
+B+: 0x7f44e5d81000 0x7f44e5d8100f
+B+: 0x7f44e5d81012 0x7f44e5d81016
+B+: 0x7f44e5d81020 0x7f44e5d8102b
+B+: 0x7f44e5d81030 0x7f44e5d81035
+B+: 0x7f44e5d81036 0x7f44e5d8103f
+B+: 0x7f44e5d81040 0x7f44e5d81045
+B+: 0x7f44e5d81046 0x7f44e5d8104f
+B+: 0x7f44e5d81050 0x7f44e5d81055
+B+: 0x7f44e5d81056 0x7f44e5d8105f
+B+: 0x7f44e5d810b0 0x7f44e5d810b5
+B+: 0x7f44e5d810b6 0x7f44e5d810bf
+B+: 0x7f44e5d810c0 0x7f44e5d810c5
+B+: 0x7f44e5d810c6 0x7f44e5d810cf
+B+: 0x7f44e5d810e0 0x7f44e5d810e5
+B+: 0x7f44e5d810f0 0x7f44e5d81121
+B+: 0x7f44e5d81122 0x7f44e5d81127
+B+: 0x7f44e5d81128 0x7f44e5d81130
+B+: 0x7f44e5d81131 0x7f44e5d81132
+B+: 0x7f44e5d81133 0x7f44e5d81137
+B+: 0x7f44e5d8113d 0x7f44e5d81152
+B+: 0x7f44e5d81153 0x7f44e5d8115b
+B+: 0x7f44e5d81178 0x7f44e5d81183
+B+: 0x7f44e5d81184 0x7f44e5d811a2
+B+: 0x7f44e5d811a3 0x7f44e5d811b1
+B+: 0x7f44e5d811b2 0x7f44e5d811b7
+B+: 0x7f44e5d811b8 0x7f44e5d811c1
+B+: 0x7f44e5d811c2 0x7f44e5d811c5
+B+: 0x7f44e5d811c6 0x7f44e5d811ca
+B+: 0x7f44e5d811cb 0x7f44e5d811d6
+B+: 0x7f44e5d811d7 0x7f44e5d811db
+B+: 0x7f44e5d811dc 0x7f44e5d811e0
+B+: 0x7f44e5d81213 0x7f44e5d81216
+B+: 0x7f44e5d81220 0x7f44e5d81249
+B+: 0x7f44e5d81250 0x7f44e5d81262
+B+: 0x7f44e5d81278 0x7f44e5d81278
+B+: 0x7f44e5d81280 0x7f44e5d812a3
+B+: 0x7f44e5d812b8 0x7f44e5d812b8
+B+: 0x7f44e5d812c0 0x7f44e5d812c8
+B+: 0x7f44e5d812c9 0x7f44e5d812d6
+B+: 0x7f44e5d812d7 0x7f44e5d812e2
+B+: 0x7f44e5d812e3 0x7f44e5d812e7
+B+: 0x7f44e5d812e8 0x7f44e5d812f0
+B+: 0x7f44e5d81300 0x7f44e5d81304
+B+: 0x7f44e5d813c0 0x7f44e5d813ec
+B+: 0x7f44e5d813ed 0x7f44e5d813f2
+B+: 0x7f44e5d813f3 0x7f44e5d81404
+B+: 0x7f44e5d81405 0x7f44e5d8140d
+B+: 0x7f44e5d8140e 0x7f44e5d8141c
+B+: 0x7f44e5d81424 0x7f44e5d8142c
+CND+ 0x7f44e5d8100e: taken
+CND+ 0x7f44e5d81126: taken
+CND+ 0x7f44e5d8112b: not taken
+CND+ 0x7f44e5d81131: not taken
+CND+ 0x7f44e5d81136: taken
+CND+ 0x7f44e5d8114d: not taken
+CND+ 0x7f44e5d811b6: not taken
+CND+ 0x7f44e5d811c4: not taken
+CND+ 0x7f44e5d811c9: taken
+CND+ 0x7f44e5d811df: taken
+CND+ 0x7f44e5d81261: taken
+CND+ 0x7f44e5d812a2: taken
+CND+ 0x7f44e5d812c7: not taken
+CND+ 0x7f44e5d812d5: not taken
+CND+ 0x7f44e5d813f1: not taken
+CND+ 0x7f44e5d8140c: not taken
@0x7f44e5d81026 to 0x7f44e9d70500 5
@0x7f44e5d81030 to 0x7f44e5d81036 1
@0x7f44e5d81040 to 0x7f44e5d81046 1
@0x7f44e5d81050 to 0x7f44e5d81056 1
@0x7f44e5d810b0 to 0x7f44e5d810b6 1
@0x7f44e5d810c0 to 0x7f44e5d810c6 1
@0x7f44e5d810e0 to 0x7f44e88d61c0 1
@0x7f44e5d81244 to 0x7f44e88bffb0 1
@0x7f44e5d81401 to 0x7f44e5d81300 1
