MODULE_NAME: /usr/bin/gs
MODULE_START: 0x7f2c7fb62000
+B+: 0x7f2c7fb63000 0x7f2c7fb6300f
+B+: 0x7f2c7fb63012 0x7f2c7fb63016
+B+: 0x7f2c7fb63020 0x7f2c7fb6302b
+B+: 0x7f2c7fb63030 0x7f2c7fb63035
+B+: 0x7f2c7fb63036 0x7f2c7fb6303f
+B+: 0x7f2c7fb63040 0x7f2c7fb63045
+B+: 0x7f2c7fb63046 0x7f2c7fb6304f
+B+: 0x7f2c7fb63050 0x7f2c7fb63055
+B+: 0x7f2c7fb63056 0x7f2c7fb6305f
+B+: 0x7f2c7fb63090 0x7f2c7fb63095
+B+: 0x7f2c7fb63096 0x7f2c7fb6309f
+B+: 0x7f2c7fb630b0 0x7f2c7fb630b5
+B+: 0x7f2c7fb630b6 0x7f2c7fb630bf
+B+: 0x7f2c7fb630c0 0x7f2c7fb630c5
+B+: 0x7f2c7fb630c6 0x7f2c7fb630cf
+B+: 0x7f2c7fb630d0 0x7f2c7fb630d5
+B+: 0x7f2c7fb630d6 0x7f2c7fb630df
+B+: 0x7f2c7fb630e0 0x7f2c7fb630e5
+B+: 0x7f2c7fb630f0 0x7f2c7fb63121
+B+: 0x7f2c7fb63122 0x7f2c7fb63127
+B+: 0x7f2c7fb63128 0x7f2c7fb63130
+B+: 0x7f2c7fb63131 0x7f2c7fb63132
+B+: 0x7f2c7fb63133 0x7f2c7fb63137
+B+: 0x7f2c7fb63138 0x7f2c7fb63152
+B+: 0x7f2c7fb63153 0x7f2c7fb6315b
+B+: 0x7f2c7fb63184 0x7f2c7fb631a2
+B+: 0x7f2c7fb631a3 0x7f2c7fb631b1
+B+: 0x7f2c7fb631b2 0x7f2c7fb631b7
+B+: 0x7f2c7fb631b8 0x7f2c7fb631c1
+B+: 0x7f2c7fb631c2 0x7f2c7fb631c5
+B+: 0x7f2c7fb631c6 0x7f2c7fb631ca
+B+: 0x7f2c7fb631cb 0x7f2c7fb631d6
+B+: 0x7f2c7fb631d7 0x7f2c7fb631db
+B+: 0x7f2c7fb63220 0x7f2c7fb63249
+B+: 0x7f2c7fb63250 0x7f2c7fb63262
+B+: 0x7f2c7fb63278 0x7f2c7fb63278
+B+: 0x7f2c7fb63280 0x7f2c7fb632a3
+B+: 0x7f2c7fb632b8 0x7f2c7fb632b8
+B+: 0x7f2c7fb632c0 0x7f2c7fb632c8
+B+: 0x7f2c7fb632c9 0x7f2c7fb632d6
+B+: 0x7f2c7fb632d7 0x7f2c7fb632e2
+B+: 0x7f2c7fb632e3 0x7f2c7fb632e7
+B+: 0x7f2c7fb632e8 0x7f2c7fb632f0
+B+: 0x7f2c7fb63300 0x7f2c7fb63304
+B+: 0x7f2c7fb63350 0x7f2c7fb63373
+B+: 0x7f2c7fb63374 0x7f2c7fb6337c
+B+: 0x7f2c7fb6337d 0x7f2c7fb63385
+B+: 0x7f2c7fb633c0 0x7f2c7fb633ec
+B+: 0x7f2c7fb633ed 0x7f2c7fb633f2
+B+: 0x7f2c7fb633f3 0x7f2c7fb63404
+B+: 0x7f2c7fb63405 0x7f2c7fb6340d
+B+: 0x7f2c7fb6340e 0x7f2c7fb6341c
+B+: 0x7f2c7fb63424 0x7f2c7fb6342c
+CND+ 0x7f2c7fb6300e: taken
+CND+ 0x7f2c7fb63126: taken
+CND+ 0x7f2c7fb6312b: not taken
+CND+ 0x7f2c7fb63131: not taken
+CND+ 0x7f2c7fb63136: not taken
+CND+ 0x7f2c7fb6314d: not taken
+CND+ 0x7f2c7fb631b6: not taken
+CND+ 0x7f2c7fb631c4: not taken
+CND+ 0x7f2c7fb631c9: not taken
+CND+ 0x7f2c7fb63261: taken
+CND+ 0x7f2c7fb632a2: taken
+CND+ 0x7f2c7fb632c7: not taken
+CND+ 0x7f2c7fb632d5: not taken
+CND+ 0x7f2c7fb633f1: not taken
+CND+ 0x7f2c7fb6340c: not taken
@0x7f2c7fb63026 to 0x7f2c83b52500 7
@0x7f2c7fb63030 to 0x7f2c7fb63036 1
@0x7f2c7fb63040 to 0x7f2c7fb63046 1
@0x7f2c7fb63050 to 0x7f2c7fb63056 1
@0x7f2c7fb63090 to 0x7f2c7fb63096 1
@0x7f2c7fb630b0 to 0x7f2c7fb630b6 1
@0x7f2c7fb630c0 to 0x7f2c7fb630c6 1
@0x7f2c7fb630d0 to 0x7f2c7fb630d6 1
@0x7f2c7fb630e0 to 0x7f2c826b81c0 1
@0x7f2c7fb63244 to 0x7f2c826a1fb0 1
@0x7f2c7fb63401 to 0x7f2c7fb63300 1
