MODULE_NAME: /usr/bin/gs
MODULE_START: 0x7fef1c61a000
+B+: 0x7fef1c61b000 0x7fef1c61b00f
+B+: 0x7fef1c61b012 0x7fef1c61b016
+B+: 0x7fef1c61b020 0x7fef1c61b02b
+B+: 0x7fef1c61b030 0x7fef1c61b035
+B+: 0x7fef1c61b036 0x7fef1c61b03f
+B+: 0x7fef1c61b040 0x7fef1c61b045
+B+: 0x7fef1c61b046 0x7fef1c61b04f
+B+: 0x7fef1c61b050 0x7fef1c61b055
+B+: 0x7fef1c61b056 0x7fef1c61b05f
+B+: 0x7fef1c61b0b0 0x7fef1c61b0b5
+B+: 0x7fef1c61b0b6 0x7fef1c61b0bf
+B+: 0x7fef1c61b0c0 0x7fef1c61b0c5
+B+: 0x7fef1c61b0c6 0x7fef1c61b0cf
+B+: 0x7fef1c61b0e0 0x7fef1c61b0e5
+B+: 0x7fef1c61b0f0 0x7fef1c61b121
+B+: 0x7fef1c61b122 0x7fef1c61b127
+B+: 0x7fef1c61b128 0x7fef1c61b130
+B+: 0x7fef1c61b131 0x7fef1c61b132
+B+: 0x7fef1c61b133 0x7fef1c61b137
+B+: 0x7fef1c61b13d 0x7fef1c61b152
+B+: 0x7fef1c61b153 0x7fef1c61b15b
+B+: 0x7fef1c61b178 0x7fef1c61b183
+B+: 0x7fef1c61b184 0x7fef1c61b1a2
+B+: 0x7fef1c61b1a3 0x7fef1c61b1b1
+B+: 0x7fef1c61b1b2 0x7fef1c61b1b7
+B+: 0x7fef1c61b1b8 0x7fef1c61b1c1
+B+: 0x7fef1c61b1c2 0x7fef1c61b1c5
+B+: 0x7fef1c61b1c6 0x7fef1c61b1ca
+B+: 0x7fef1c61b1cb 0x7fef1c61b1d6
+B+: 0x7fef1c61b1d7 0x7fef1c61b1db
+B+: 0x7fef1c61b1dc 0x7fef1c61b1e0
+B+: 0x7fef1c61b213 0x7fef1c61b216
+B+: 0x7fef1c61b220 0x7fef1c61b249
+B+: 0x7fef1c61b250 0x7fef1c61b262
+B+: 0x7fef1c61b278 0x7fef1c61b278
+B+: 0x7fef1c61b280 0x7fef1c61b2a3
+B+: 0x7fef1c61b2b8 0x7fef1c61b2b8
+B+: 0x7fef1c61b2c0 0x7fef1c61b2c8
+B+: 0x7fef1c61b2c9 0x7fef1c61b2d6
+B+: 0x7fef1c61b2d7 0x7fef1c61b2e2
+B+: 0x7fef1c61b2e3 0x7fef1c61b2e7
+B+: 0x7fef1c61b2e8 0x7fef1c61b2f0
+B+: 0x7fef1c61b300 0x7fef1c61b304
+B+: 0x7fef1c61b3c0 0x7fef1c61b3ec
+B+: 0x7fef1c61b3ed 0x7fef1c61b3f2
+B+: 0x7fef1c61b3f3 0x7fef1c61b404
+B+: 0x7fef1c61b405 0x7fef1c61b40d
+B+: 0x7fef1c61b40e 0x7fef1c61b41c
+B+: 0x7fef1c61b424 0x7fef1c61b42c
+CND+ 0x7fef1c61b00e: taken
+CND+ 0x7fef1c61b126: taken
+CND+ 0x7fef1c61b12b: not taken
+CND+ 0x7fef1c61b131: not taken
+CND+ 0x7fef1c61b136: taken
+CND+ 0x7fef1c61b14d: not taken
+CND+ 0x7fef1c61b1b6: not taken
+CND+ 0x7fef1c61b1c4: not taken
+CND+ 0x7fef1c61b1c9: taken
+CND+ 0x7fef1c61b1df: taken
+CND+ 0x7fef1c61b261: taken
+CND+ 0x7fef1c61b2a2: taken
+CND+ 0x7fef1c61b2c7: not taken
+CND+ 0x7fef1c61b2d5: not taken
+CND+ 0x7fef1c61b3f1: not taken
+CND+ 0x7fef1c61b40c: not taken
@0x7fef1c61b026 to 0x7fef2060a500 5
@0x7fef1c61b030 to 0x7fef1c61b036 1
@0x7fef1c61b040 to 0x7fef1c61b046 1
@0x7fef1c61b050 to 0x7fef1c61b056 1
@0x7fef1c61b0b0 to 0x7fef1c61b0b6 1
@0x7fef1c61b0c0 to 0x7fef1c61b0c6 1
@0x7fef1c61b0e0 to 0x7fef1f1701c0 1
@0x7fef1c61b244 to 0x7fef1f159fb0 1
@0x7fef1c61b401 to 0x7fef1c61b300 1
