MODULE_NAME: /usr/bin/gs
MODULE_START: 0x7f16fc726000
+B+: 0x7f16fc727000 0x7f16fc72700f
+B+: 0x7f16fc727012 0x7f16fc727016
+B+: 0x7f16fc727020 0x7f16fc72702b
+B+: 0x7f16fc727030 0x7f16fc727035
+B+: 0x7f16fc727036 0x7f16fc72703f
+B+: 0x7f16fc727040 0x7f16fc727045
+B+: 0x7f16fc727046 0x7f16fc72704f
+B+: 0x7f16fc727050 0x7f16fc727055
+B+: 0x7f16fc727056 0x7f16fc72705f
+B+: 0x7f16fc727090 0x7f16fc727095
+B+: 0x7f16fc727096 0x7f16fc72709f
+B+: 0x7f16fc7270b0 0x7f16fc7270b5
+B+: 0x7f16fc7270b6 0x7f16fc7270bf
+B+: 0x7f16fc7270c0 0x7f16fc7270c5
+B+: 0x7f16fc7270c6 0x7f16fc7270cf
+B+: 0x7f16fc7270d0 0x7f16fc7270d5
+B+: 0x7f16fc7270d6 0x7f16fc7270df
+B+: 0x7f16fc7270e0 0x7f16fc7270e5
+B+: 0x7f16fc7270f0 0x7f16fc727121
+B+: 0x7f16fc727122 0x7f16fc727127
+B+: 0x7f16fc727128 0x7f16fc727130
+B+: 0x7f16fc727131 0x7f16fc727132
+B+: 0x7f16fc727133 0x7f16fc727137
+B+: 0x7f16fc727138 0x7f16fc727152
+B+: 0x7f16fc727153 0x7f16fc72715b
+B+: 0x7f16fc727184 0x7f16fc7271a2
+B+: 0x7f16fc7271a3 0x7f16fc7271b1
+B+: 0x7f16fc7271b2 0x7f16fc7271b7
+B+: 0x7f16fc7271b8 0x7f16fc7271c1
+B+: 0x7f16fc7271c2 0x7f16fc7271c5
+B+: 0x7f16fc7271c6 0x7f16fc7271ca
+B+: 0x7f16fc7271cb 0x7f16fc7271d6
+B+: 0x7f16fc7271d7 0x7f16fc7271db
+B+: 0x7f16fc727220 0x7f16fc727249
+B+: 0x7f16fc727250 0x7f16fc727262
+B+: 0x7f16fc727278 0x7f16fc727278
+B+: 0x7f16fc727280 0x7f16fc7272a3
+B+: 0x7f16fc7272b8 0x7f16fc7272b8
+B+: 0x7f16fc7272c0 0x7f16fc7272c8
+B+: 0x7f16fc7272c9 0x7f16fc7272d6
+B+: 0x7f16fc7272d7 0x7f16fc7272e2
+B+: 0x7f16fc7272e3 0x7f16fc7272e7
+B+: 0x7f16fc7272e8 0x7f16fc7272f0
+B+: 0x7f16fc727300 0x7f16fc727304
+B+: 0x7f16fc727350 0x7f16fc727373
+B+: 0x7f16fc727374 0x7f16fc72737c
+B+: 0x7f16fc72737d 0x7f16fc727385
+B+: 0x7f16fc7273c0 0x7f16fc7273ec
+B+: 0x7f16fc7273ed 0x7f16fc7273f2
+B+: 0x7f16fc7273f3 0x7f16fc727404
+B+: 0x7f16fc727405 0x7f16fc72740d
+B+: 0x7f16fc72740e 0x7f16fc72741c
+B+: 0x7f16fc727424 0x7f16fc72742c
+CND+ 0x7f16fc72700e: taken
+CND+ 0x7f16fc727126: taken
+CND+ 0x7f16fc72712b: not taken
+CND+ 0x7f16fc727131: not taken
+CND+ 0x7f16fc727136: not taken
+CND+ 0x7f16fc72714d: not taken
+CND+ 0x7f16fc7271b6: not taken
+CND+ 0x7f16fc7271c4: not taken
+CND+ 0x7f16fc7271c9: not taken
+CND+ 0x7f16fc727261: taken
+CND+ 0x7f16fc7272a2: taken
+CND+ 0x7f16fc7272c7: not taken
+CND+ 0x7f16fc7272d5: not taken
+CND+ 0x7f16fc7273f1: not taken
+CND+ 0x7f16fc72740c: not taken
@0x7f16fc727026 to 0x7f1700716500 7
@0x7f16fc727030 to 0x7f16fc727036 1
@0x7f16fc727040 to 0x7f16fc727046 1
@0x7f16fc727050 to 0x7f16fc727056 1
@0x7f16fc727090 to 0x7f16fc727096 1
@0x7f16fc7270b0 to 0x7f16fc7270b6 1
@0x7f16fc7270c0 to 0x7f16fc7270c6 1
@0x7f16fc7270d0 to 0x7f16fc7270d6 1
@0x7f16fc7270e0 to 0x7f16ff27c1c0 1
@0x7f16fc727244 to 0x7f16ff265fb0 1
@0x7f16fc727401 to 0x7f16fc727300 1
