MODULE_NAME: /usr/bin/gs
MODULE_START: 0x7f9e6e533000
+B+: 0x7f9e6e534000 0x7f9e6e53400f
+B+: 0x7f9e6e534012 0x7f9e6e534016
+B+: 0x7f9e6e534020 0x7f9e6e53402b
+B+: 0x7f9e6e534030 0x7f9e6e534035
+B+: 0x7f9e6e534036 0x7f9e6e53403f
+B+: 0x7f9e6e534040 0x7f9e6e534045
+B+: 0x7f9e6e534046 0x7f9e6e53404f
+B+: 0x7f9e6e534050 0x7f9e6e534055
+B+: 0x7f9e6e534056 0x7f9e6e53405f
+B+: 0x7f9e6e534090 0x7f9e6e534095
+B+: 0x7f9e6e534096 0x7f9e6e53409f
+B+: 0x7f9e6e5340b0 0x7f9e6e5340b5
+B+: 0x7f9e6e5340b6 0x7f9e6e5340bf
+B+: 0x7f9e6e5340c0 0x7f9e6e5340c5
+B+: 0x7f9e6e5340c6 0x7f9e6e5340cf
+B+: 0x7f9e6e5340d0 0x7f9e6e5340d5
+B+: 0x7f9e6e5340d6 0x7f9e6e5340df
+B+: 0x7f9e6e5340e0 0x7f9e6e5340e5
+B+: 0x7f9e6e5340f0 0x7f9e6e534121
+B+: 0x7f9e6e534122 0x7f9e6e534127
+B+: 0x7f9e6e534128 0x7f9e6e534130
+B+: 0x7f9e6e534131 0x7f9e6e534132
+B+: 0x7f9e6e534133 0x7f9e6e534137
+B+: 0x7f9e6e534138 0x7f9e6e534152
+B+: 0x7f9e6e534153 0x7f9e6e53415b
+B+: 0x7f9e6e534184 0x7f9e6e5341a2
+B+: 0x7f9e6e5341a3 0x7f9e6e5341b1
+B+: 0x7f9e6e5341b2 0x7f9e6e5341b7
+B+: 0x7f9e6e5341b8 0x7f9e6e5341c1
+B+: 0x7f9e6e5341c2 0x7f9e6e5341c5
+B+: 0x7f9e6e5341c6 0x7f9e6e5341ca
+B+: 0x7f9e6e5341cb 0x7f9e6e5341d6
+B+: 0x7f9e6e5341d7 0x7f9e6e5341db
+B+: 0x7f9e6e534220 0x7f9e6e534249
+B+: 0x7f9e6e534250 0x7f9e6e534262
+B+: 0x7f9e6e534278 0x7f9e6e534278
+B+: 0x7f9e6e534280 0x7f9e6e5342a3
+B+: 0x7f9e6e5342b8 0x7f9e6e5342b8
+B+: 0x7f9e6e5342c0 0x7f9e6e5342c8
+B+: 0x7f9e6e5342c9 0x7f9e6e5342d6
+B+: 0x7f9e6e5342d7 0x7f9e6e5342e2
+B+: 0x7f9e6e5342e3 0x7f9e6e5342e7
+B+: 0x7f9e6e5342e8 0x7f9e6e5342f0
+B+: 0x7f9e6e534300 0x7f9e6e534304
+B+: 0x7f9e6e534350 0x7f9e6e534373
+B+: 0x7f9e6e534374 0x7f9e6e53437c
+B+: 0x7f9e6e53437d 0x7f9e6e534385
+B+: 0x7f9e6e5343c0 0x7f9e6e5343ec
+B+: 0x7f9e6e5343ed 0x7f9e6e5343f2
+B+: 0x7f9e6e5343f3 0x7f9e6e534404
+B+: 0x7f9e6e534405 0x7f9e6e53440d
+B+: 0x7f9e6e53440e 0x7f9e6e53441c
+B+: 0x7f9e6e534424 0x7f9e6e53442c
+CND+ 0x7f9e6e53400e: taken
+CND+ 0x7f9e6e534126: taken
+CND+ 0x7f9e6e53412b: not taken
+CND+ 0x7f9e6e534131: not taken
+CND+ 0x7f9e6e534136: not taken
+CND+ 0x7f9e6e53414d: not taken
+CND+ 0x7f9e6e5341b6: not taken
+CND+ 0x7f9e6e5341c4: not taken
+CND+ 0x7f9e6e5341c9: not taken
+CND+ 0x7f9e6e534261: taken
+CND+ 0x7f9e6e5342a2: taken
+CND+ 0x7f9e6e5342c7: not taken
+CND+ 0x7f9e6e5342d5: not taken
+CND+ 0x7f9e6e5343f1: not taken
+CND+ 0x7f9e6e53440c: not taken
@0x7f9e6e534401 to 0x7f9e6e534300 1
@0x7f9e6e534026 to 0x7f9e72523500 7
@0x7f9e6e534030 to 0x7f9e6e534036 1
@0x7f9e6e534040 to 0x7f9e6e534046 1
@0x7f9e6e534050 to 0x7f9e6e534056 1
@0x7f9e6e534090 to 0x7f9e6e534096 1
@0x7f9e6e5340b0 to 0x7f9e6e5340b6 1
@0x7f9e6e5340c0 to 0x7f9e6e5340c6 1
@0x7f9e6e5340d0 to 0x7f9e6e5340d6 1
@0x7f9e6e5340e0 to 0x7f9e710891c0 1
@0x7f9e6e534244 to 0x7f9e71072fb0 1
