MODULE_NAME: /bin/dash
MODULE_START: 0x7f12cc397000
+B+: 0x7f12cc39b000 0x7f12cc39b00f
+B+: 0x7f12cc39b012 0x7f12cc39b016
+B+: 0x7f12cc39b050 0x7f12cc39b055
+B+: 0x7f12cc39b080 0x7f12cc39b085
+B+: 0x7f12cc39b090 0x7f12cc39b095
+B+: 0x7f12cc39b0a0 0x7f12cc39b0a5
+B+: 0x7f12cc39b0d0 0x7f12cc39b0d5
+B+: 0x7f12cc39b0f0 0x7f12cc39b0f5
+B+: 0x7f12cc39b130 0x7f12cc39b135
+B+: 0x7f12cc39b140 0x7f12cc39b145
+B+: 0x7f12cc39b150 0x7f12cc39b155
+B+: 0x7f12cc39b160 0x7f12cc39b165
+B+: 0x7f12cc39b190 0x7f12cc39b195
+B+: 0x7f12cc39b1c0 0x7f12cc39b1c5
+B+: 0x7f12cc39b1e0 0x7f12cc39b1e5
+B+: 0x7f12cc39b220 0x7f12cc39b225
+B+: 0x7f12cc39b230 0x7f12cc39b235
+B+: 0x7f12cc39b280 0x7f12cc39b285
+B+: 0x7f12cc39b2a0 0x7f12cc39b2a5
+B+: 0x7f12cc39b2d0 0x7f12cc39b2d5
+B+: 0x7f12cc39b320 0x7f12cc39b325
+B+: 0x7f12cc39b330 0x7f12cc39b335
+B+: 0x7f12cc39b350 0x7f12cc39b355
+B+: 0x7f12cc39b370 0x7f12cc39b375
+B+: 0x7f12cc39b390 0x7f12cc39b395
+B+: 0x7f12cc39b3b0 0x7f12cc39b3b5
+B+: 0x7f12cc39b3c0 0x7f12cc39b3c5
+B+: 0x7f12cc39b3e0 0x7f12cc39b3e5
+B+: 0x7f12cc39b410 0x7f12cc39b415
+B+: 0x7f12cc39b460 0x7f12cc39b465
+B+: 0x7f12cc39b510 0x7f12cc39b515
+B+: 0x7f12cc39b560 0x7f12cc39b565
+B+: 0x7f12cc39b570 0x7f12cc39b575
+B+: 0x7f12cc39b590 0x7f12cc39b5b8
+B+: 0x7f12cc39b5b9 0x7f12cc39b5c4
+B+: 0x7f12cc39b5c5 0x7f12cc39b5cf
+B+: 0x7f12cc39b5d0 0x7f12cc39b5e7
+B+: 0x7f12cc39b5e8 0x7f12cc39b5ef
+B+: 0x7f12cc39b5f0 0x7f12cc39b600
+B+: 0x7f12cc39b601 0x7f12cc39b60b
+B+: 0x7f12cc39b60c 0x7f12cc39b615
+B+: 0x7f12cc39b616 0x7f12cc39b623
+B+: 0x7f12cc39b624 0x7f12cc39b62b
+B+: 0x7f12cc39b62c 0x7f12cc39b63c
+B+: 0x7f12cc39b657 0x7f12cc39b660
+B+: 0x7f12cc39b661 0x7f12cc39b678
+B+: 0x7f12cc39b679 0x7f12cc39b67f
+B+: 0x7f12cc39b680 0x7f12cc39b68c
+B+: 0x7f12cc39b68d 0x7f12cc39b696
+B+: 0x7f12cc39b697 0x7f12cc39b69b
+B+: 0x7f12cc39b760 0x7f12cc39b789
+B+: 0x7f12cc39b7c0 0x7f12cc39b7e3
+B+: 0x7f12cc39b7f8 0x7f12cc39b7f8
+B+: 0x7f12cc39b840 0x7f12cc39b844
+B+: 0x7f12cc39b850 0x7f12cc39b863
+B+: 0x7f12cc39b864 0x7f12cc39b86f
+B+: 0x7f12cc39b870 0x7f12cc39b87d
+B+: 0x7f12cc39b87e 0x7f12cc39b8aa
+B+: 0x7f12cc39b8ab 0x7f12cc39b8ac
+B+: 0x7f12cc39b8cb 0x7f12cc39b8d2
+B+: 0x7f12cc39ba50 0x7f12cc39ba57
+B+: 0x7f12cc39ba58 0x7f12cc39ba5e
+B+: 0x7f12cc39ba5f 0x7f12cc39ba63
+B+: 0x7f12cc39ba71 0x7f12cc39ba72
+B+: 0x7f12cc39c6d0 0x7f12cc39c6eb
+B+: 0x7f12cc39c6ec 0x7f12cc39c705
+B+: 0x7f12cc39c717 0x7f12cc39c71b
+B+: 0x7f12cc39c71c 0x7f12cc39c720
+B+: 0x7f12cc39c72c 0x7f12cc39c730
+B+: 0x7f12cc39c73e 0x7f12cc39c74d
+B+: 0x7f12cc39c74e 0x7f12cc39c757
+B+: 0x7f12cc39c758 0x7f12cc39c775
+B+: 0x7f12cc39c780 0x7f12cc39c788
+B+: 0x7f12cc39c789 0x7f12cc39c790
+B+: 0x7f12cc39c791 0x7f12cc39c79c
+B+: 0x7f12cc39d060 0x7f12cc39d07e
+B+: 0x7f12cc39d10d 0x7f12cc39d11c
+B+: 0x7f12cc39d11d 0x7f12cc39d123
+B+: 0x7f12cc39d140 0x7f12cc39d14a
+B+: 0x7f12cc39d14b 0x7f12cc39d152
+B+: 0x7f12cc39d153 0x7f12cc39d15d
+B+: 0x7f12cc39d15e 0x7f12cc39d16f
+B+: 0x7f12cc39d188 0x7f12cc39d18c
+B+: 0x7f12cc39d18d 0x7f12cc39d191
+B+: 0x7f12cc39d192 0x7f12cc39d19c
+B+: 0x7f12cc39d1a7 0x7f12cc39d1ad
+B+: 0x7f12cc39d1ae 0x7f12cc39d1b5
+B+: 0x7f12cc39d1c0 0x7f12cc39d1cf
+B+: 0x7f12cc39dbc0 0x7f12cc39dbfa
+B+: 0x7f12cc39dbfb 0x7f12cc39dc07
+B+: 0x7f12cc39dc08 0x7f12cc39dc0f
+B+: 0x7f12cc39dc10 0x7f12cc39dc11
+B+: 0x7f12cc39dc18 0x7f12cc39dc21
+B+: 0x7f12cc39dc22 0x7f12cc39dc2e
+B+: 0x7f12cc39dc32 0x7f12cc39dc39
+B+: 0x7f12cc39dc3a 0x7f12cc39dc49
+B+: 0x7f12cc39dc4a 0x7f12cc39dc51
+B+: 0x7f12cc39dc52 0x7f12cc39dc58
+B+: 0x7f12cc39dc59 0x7f12cc39dc60
+B+: 0x7f12cc39dc61 0x7f12cc39dc68
+B+: 0x7f12cc39dc69 0x7f12cc39dc6d
+B+: 0x7f12cc39dc6e 0x7f12cc39dc77
+B+: 0x7f12cc39dc78 0x7f12cc39dc89
+B+: 0x7f12cc39dc8a 0x7f12cc39dc98
+B+: 0x7f12cc39de90 0x7f12cc39ded3
+B+: 0x7f12cc39dedf 0x7f12cc39def5
+B+: 0x7f12cc39def6 0x7f12cc39defa
+B+: 0x7f12cc39defb 0x7f12cc39df5a
+B+: 0x7f12cc39df5b 0x7f12cc39df67
+B+: 0x7f12cc39df68 0x7f12cc39df77
+B+: 0x7f12cc39df78 0x7f12cc39df7f
+B+: 0x7f12cc39df80 0x7f12cc39df8b
+B+: 0x7f12cc39df8c 0x7f12cc39df94
+B+: 0x7f12cc39df95 0x7f12cc39df9b
+B+: 0x7f12cc39dfa0 0x7f12cc39dfaf
+B+: 0x7f12cc39dfb0 0x7f12cc39dfc5
+B+: 0x7f12cc39dfc6 0x7f12cc39dfcf
+B+: 0x7f12cc39dfd0 0x7f12cc39dfe3
+B+: 0x7f12cc39dfe4 0x7f12cc39dffc
+B+: 0x7f12cc39e019 0x7f12cc39e02b
+B+: 0x7f12cc39e02c 0x7f12cc39e034
+B+: 0x7f12cc39e035 0x7f12cc39e047
+B+: 0x7f12cc39e048 0x7f12cc39e05b
+B+: 0x7f12cc39e0a8 0x7f12cc39e0b4
+B+: 0x7f12cc39e0b5 0x7f12cc39e0b9
+B+: 0x7f12cc39e0db 0x7f12cc39e0e1
+B+: 0x7f12cc39e0f0 0x7f12cc39e103
+B+: 0x7f12cc39e104 0x7f12cc39e113
+B+: 0x7f12cc39e114 0x7f12cc39e11b
+B+: 0x7f12cc39e11c 0x7f12cc39e122
+B+: 0x7f12cc39e123 0x7f12cc39e152
+B+: 0x7f12cc39e153 0x7f12cc39e15f
+B+: 0x7f12cc39e160 0x7f12cc39e168
+B+: 0x7f12cc39e216 0x7f12cc39e21c
+B+: 0x7f12cc39e224 0x7f12cc39e22d
+B+: 0x7f12cc39e22e 0x7f12cc39e237
+B+: 0x7f12cc39e238 0x7f12cc39e241
+B+: 0x7f12cc39e242 0x7f12cc39e24b
+B+: 0x7f12cc39e25d 0x7f12cc39e266
+B+: 0x7f12cc39e267 0x7f12cc39e281
+B+: 0x7f12cc39e282 0x7f12cc39e293
+B+: 0x7f12cc39e34c 0x7f12cc39e353
+B+: 0x7f12cc39e354 0x7f12cc39e36f
+B+: 0x7f12cc39e51b 0x7f12cc39e525
+B+: 0x7f12cc39e526 0x7f12cc39e52e
+B+: 0x7f12cc39e52f 0x7f12cc39e537
+B+: 0x7f12cc39e8d0 0x7f12cc39e8ec
+B+: 0x7f12cc39e8ed 0x7f12cc39e8f1
+B+: 0x7f12cc39e8f8 0x7f12cc39e8fa
+B+: 0x7f12cc39e8fb 0x7f12cc39e907
+B+: 0x7f12cc39e908 0x7f12cc39e93e
+B+: 0x7f12cc39e93f 0x7f12cc39e940
+B+: 0x7f12cc39e963 0x7f12cc39e977
+B+: 0x7f12cc39e980 0x7f12cc39e986
+B+: 0x7f12cc39e987 0x7f12cc39e98e
+B+: 0x7f12cc39e98f 0x7f12cc39e997
+B+: 0x7f12cc39e998 0x7f12cc39e9ba
+B+: 0x7f12cc39e9bb 0x7f12cc39e9bc
+B+: 0x7f12cc39e9c0 0x7f12cc39e9e7
+B+: 0x7f12cc39e9e8 0x7f12cc39e9f7
+B+: 0x7f12cc39ea19 0x7f12cc39ea21
+B+: 0x7f12cc39ea22 0x7f12cc39ea2a
+B+: 0x7f12cc39ea2b 0x7f12cc39ea34
+B+: 0x7f12cc39ea35 0x7f12cc39ea3f
+B+: 0x7f12cc39ead0 0x7f12cc39eae9
+B+: 0x7f12cc39eaea 0x7f12cc39eb00
+B+: 0x7f12cc39eb10 0x7f12cc39eb1f
+B+: 0x7f12cc39eb20 0x7f12cc39eb2b
+B+: 0x7f12cc39eb2c 0x7f12cc39eb31
+B+: 0x7f12cc39eb32 0x7f12cc39eb41
+B+: 0x7f12cc39eb56 0x7f12cc39eb61
+B+: 0x7f12cc39eb62 0x7f12cc39eb6f
+B+: 0x7f12cc39eb70 0x7f12cc39eb85
+B+: 0x7f12cc39eb86 0x7f12cc39eb97
+B+: 0x7f12cc39eb98 0x7f12cc39ebc0
+B+: 0x7f12cc39ebc8 0x7f12cc39ebcc
+B+: 0x7f12cc39ebcd 0x7f12cc39ebea
+B+: 0x7f12cc39ed70 0x7f12cc39ed98
+B+: 0x7f12cc39eda0 0x7f12cc39eda1
+B+: 0x7f12cc39eda2 0x7f12cc39edaa
+B+: 0x7f12cc39edab 0x7f12cc39edc5
+B+: 0x7f12cc39edc6 0x7f12cc39edc9
+B+: 0x7f12cc39edca 0x7f12cc39edd1
+B+: 0x7f12cc39edd2 0x7f12cc39ede6
+B+: 0x7f12cc39edf0 0x7f12cc39ee2a
+B+: 0x7f12cc39ee2b 0x7f12cc39ee2f
+B+: 0x7f12cc39ee46 0x7f12cc39ee5c
+B+: 0x7f12cc39ee5d 0x7f12cc39ee6e
+B+: 0x7f12cc39ee90 0x7f12cc39eead
+B+: 0x7f12cc39eec8 0x7f12cc39eed1
+B+: 0x7f12cc39eed2 0x7f12cc39eedd
+B+: 0x7f12cc39ef6c 0x7f12cc39ef8f
+B+: 0x7f12cc39ef90 0x7f12cc39ef9c
+B+: 0x7f12cc39ef9d 0x7f12cc39efa8
+B+: 0x7f12cc39efa9 0x7f12cc39efb0
+B+: 0x7f12cc39efb1 0x7f12cc39efc5
+B+: 0x7f12cc39f008 0x7f12cc39f012
+B+: 0x7f12cc39f013 0x7f12cc39f01e
+B+: 0x7f12cc39f01f 0x7f12cc39f02e
+B+: 0x7f12cc39f060 0x7f12cc39f066
+B+: 0x7f12cc39f067 0x7f12cc39f074
+B+: 0x7f12cc39f075 0x7f12cc39f086
+B+: 0x7f12cc39f087 0x7f12cc39f08e
+B+: 0x7f12cc39f08f 0x7f12cc39f0a2
+B+: 0x7f12cc39f0a3 0x7f12cc39f0b0
+B+: 0x7f12cc39f100 0x7f12cc39f116
+B+: 0x7f12cc39f145 0x7f12cc39f14d
+B+: 0x7f12cc39f14e 0x7f12cc39f157
+B+: 0x7f12cc39f160 0x7f12cc39f166
+B+: 0x7f12cc39f1c0 0x7f12cc39f1d1
+B+: 0x7f12cc39f1e8 0x7f12cc39f1ef
+B+: 0x7f12cc39f248 0x7f12cc39f25b
+B+: 0x7f12cc39f25c 0x7f12cc39f271
+B+: 0x7f12cc39f7d0 0x7f12cc39f7ff
+B+: 0x7f12cc39f80f 0x7f12cc39f812
+B+: 0x7f12cc39f813 0x7f12cc39f81c
+B+: 0x7f12cc39f81d 0x7f12cc39f820
+B+: 0x7f12cc39f821 0x7f12cc39f82f
+B+: 0x7f12cc39f830 0x7f12cc39f83a
+B+: 0x7f12cc39f84f 0x7f12cc39f85a
+B+: 0x7f12cc39f85f 0x7f12cc39f862
+B+: 0x7f12cc39f870 0x7f12cc39f877
+B+: 0x7f12cc39f878 0x7f12cc39f88d
+B+: 0x7f12cc3a0440 0x7f12cc3a0464
+B+: 0x7f12cc3a061e 0x7f12cc3a0627
+B+: 0x7f12cc3a0628 0x7f12cc3a0631
+B+: 0x7f12cc3a0632 0x7f12cc3a0659
+B+: 0x7f12cc3a06af 0x7f12cc3a06bc
+B+: 0x7f12cc3a06c0 0x7f12cc3a06cb
+B+: 0x7f12cc3a0730 0x7f12cc3a073b
+B+: 0x7f12cc3a0740 0x7f12cc3a075e
+B+: 0x7f12cc3a075f 0x7f12cc3a0767
+B+: 0x7f12cc3a07d2 0x7f12cc3a07e3
+B+: 0x7f12cc3a08a0 0x7f12cc3a08a7
+B+: 0x7f12cc3a1260 0x7f12cc3a12a5
+B+: 0x7f12cc3a12b5 0x7f12cc3a12be
+B+: 0x7f12cc3a12bf 0x7f12cc3a12d2
+B+: 0x7f12cc3a12d3 0x7f12cc3a12fc
+B+: 0x7f12cc3a12fd 0x7f12cc3a1310
+B+: 0x7f12cc3a1324 0x7f12cc3a1328
+B+: 0x7f12cc3a1336 0x7f12cc3a133f
+B+: 0x7f12cc3a1340 0x7f12cc3a1344
+B+: 0x7f12cc3a1370 0x7f12cc3a1386
+B+: 0x7f12cc3a1387 0x7f12cc3a1398
+B+: 0x7f12cc3a13a0 0x7f12cc3a13b6
+B+: 0x7f12cc3a13b7 0x7f12cc3a13d7
+B+: 0x7f12cc3a13dd 0x7f12cc3a13ec
+B+: 0x7f12cc3a1850 0x7f12cc3a1886
+B+: 0x7f12cc3a1887 0x7f12cc3a189a
+B+: 0x7f12cc3a189b 0x7f12cc3a18ad
+B+: 0x7f12cc3a18ae 0x7f12cc3a18c4
+B+: 0x7f12cc3a18c5 0x7f12cc3a18d7
+B+: 0x7f12cc3a18d8 0x7f12cc3a18e7
+B+: 0x7f12cc3a18e8 0x7f12cc3a190c
+B+: 0x7f12cc3a190d 0x7f12cc3a1915
+B+: 0x7f12cc3a1924 0x7f12cc3a1933
+B+: 0x7f12cc3a1934 0x7f12cc3a1947
+B+: 0x7f12cc3a1948 0x7f12cc3a1954
+B+: 0x7f12cc3a1955 0x7f12cc3a195f
+B+: 0x7f12cc3a1960 0x7f12cc3a1964
+B+: 0x7f12cc3a1a6a 0x7f12cc3a1a7c
+B+: 0x7f12cc3a1a7d 0x7f12cc3a1a9c
+B+: 0x7f12cc3a1ba0 0x7f12cc3a1bad
+B+: 0x7f12cc3a1bae 0x7f12cc3a1be1
+B+: 0x7f12cc3a1bf0 0x7f12cc3a1bfb
+B+: 0x7f12cc3a1db0 0x7f12cc3a1dbd
+B+: 0x7f12cc3a1dbe 0x7f12cc3a1dca
+B+: 0x7f12cc3a1dcb 0x7f12cc3a1de3
+B+: 0x7f12cc3a1de8 0x7f12cc3a1df4
+B+: 0x7f12cc3a1df8 0x7f12cc3a1e04
+B+: 0x7f12cc3a1e05 0x7f12cc3a1e12
+B+: 0x7f12cc3a1e13 0x7f12cc3a1e1d
+B+: 0x7f12cc3a1eb4 0x7f12cc3a1ec1
+B+: 0x7f12cc3a2160 0x7f12cc3a2174
+B+: 0x7f12cc3a2175 0x7f12cc3a2187
+B+: 0x7f12cc3a2188 0x7f12cc3a21a2
+B+: 0x7f12cc3a21a3 0x7f12cc3a21ac
+B+: 0x7f12cc3a21ad 0x7f12cc3a21b3
+B+: 0x7f12cc3a21d0 0x7f12cc3a21e5
+B+: 0x7f12cc3a21eb 0x7f12cc3a21f3
+B+: 0x7f12cc3a2205 0x7f12cc3a220b
+B+: 0x7f12cc3a220c 0x7f12cc3a221d
+B+: 0x7f12cc3a221e 0x7f12cc3a2226
+B+: 0x7f12cc3a2227 0x7f12cc3a2230
+B+: 0x7f12cc3a2231 0x7f12cc3a2232
+B+: 0x7f12cc3a2240 0x7f12cc3a2248
+B+: 0x7f12cc3a2260 0x7f12cc3a2260
+B+: 0x7f12cc3a2520 0x7f12cc3a2534
+B+: 0x7f12cc3a2572 0x7f12cc3a2578
+B+: 0x7f12cc3a2580 0x7f12cc3a2583
+B+: 0x7f12cc3a2610 0x7f12cc3a2656
+B+: 0x7f12cc3a265b 0x7f12cc3a2686
+B+: 0x7f12cc3a2687 0x7f12cc3a269d
+B+: 0x7f12cc3a26fc 0x7f12cc3a2708
+B+: 0x7f12cc3a2709 0x7f12cc3a2711
+B+: 0x7f12cc3a2712 0x7f12cc3a272a
+B+: 0x7f12cc3a272b 0x7f12cc3a273c
+B+: 0x7f12cc3a2740 0x7f12cc3a2747
+B+: 0x7f12cc3a2748 0x7f12cc3a275f
+B+: 0x7f12cc3a2760 0x7f12cc3a2766
+B+: 0x7f12cc3a2767 0x7f12cc3a2780
+B+: 0x7f12cc3a2790 0x7f12cc3a2793
+B+: 0x7f12cc3a2794 0x7f12cc3a2798
+B+: 0x7f12cc3a27a2 0x7f12cc3a27aa
+B+: 0x7f12cc3a27ab 0x7f12cc3a27ae
+B+: 0x7f12cc3a27af 0x7f12cc3a27bd
+B+: 0x7f12cc3a27cb 0x7f12cc3a27d3
+B+: 0x7f12cc3a2825 0x7f12cc3a2841
+B+: 0x7f12cc3a2842 0x7f12cc3a284d
+B+: 0x7f12cc3a287e 0x7f12cc3a288e
+B+: 0x7f12cc3a288f 0x7f12cc3a28a0
+B+: 0x7f12cc3a28a1 0x7f12cc3a28ad
+B+: 0x7f12cc3a2c10 0x7f12cc3a2c30
+B+: 0x7f12cc3a2c31 0x7f12cc3a2c58
+B+: 0x7f12cc3a2c5e 0x7f12cc3a2c66
+B+: 0x7f12cc3a2c67 0x7f12cc3a2c6f
+B+: 0x7f12cc3a2c78 0x7f12cc3a2c87
+B+: 0x7f12cc3a2c88 0x7f12cc3a2c89
+B+: 0x7f12cc3a2ca0 0x7f12cc3a2caf
+B+: 0x7f12cc3a2cba 0x7f12cc3a2cc4
+B+: 0x7f12cc3a2ce0 0x7f12cc3a2ce8
+B+: 0x7f12cc3a3360 0x7f12cc3a336b
+B+: 0x7f12cc3a3480 0x7f12cc3a3480
+B+: 0x7f12cc3a39c0 0x7f12cc3a39db
+B+: 0x7f12cc3a3a16 0x7f12cc3a3a32
+B+: 0x7f12cc3a3a33 0x7f12cc3a3a52
+B+: 0x7f12cc3a3a63 0x7f12cc3a3a6a
+B+: 0x7f12cc3a3a90 0x7f12cc3a3aa6
+B+: 0x7f12cc3a3aa7 0x7f12cc3a3aae
+B+: 0x7f12cc3a3aaf 0x7f12cc3a3ab6
+B+: 0x7f12cc3a3af6 0x7f12cc3a3b01
+B+: 0x7f12cc3a3b0c 0x7f12cc3a3b34
+B+: 0x7f12cc3a3b40 0x7f12cc3a3b57
+B+: 0x7f12cc3a3b58 0x7f12cc3a3b5f
+B+: 0x7f12cc3a3b60 0x7f12cc3a3b67
+B+: 0x7f12cc3a3b68 0x7f12cc3a3b70
+B+: 0x7f12cc3a3b71 0x7f12cc3a3b7a
+B+: 0x7f12cc3a3b7b 0x7f12cc3a3b80
+B+: 0x7f12cc3a3b97 0x7f12cc3a3b9c
+B+: 0x7f12cc3a3c0a 0x7f12cc3a3c3d
+B+: 0x7f12cc3a3c47 0x7f12cc3a3c53
+B+: 0x7f12cc3a3ed0 0x7f12cc3a3ede
+B+: 0x7f12cc3a3edf 0x7f12cc3a3ee7
+B+: 0x7f12cc3a3ee8 0x7f12cc3a3efc
+B+: 0x7f12cc3a3efd 0x7f12cc3a3f02
+B+: 0x7f12cc3a3f03 0x7f12cc3a3f1b
+B+: 0x7f12cc3a3f1c 0x7f12cc3a3f21
+B+: 0x7f12cc3a3f22 0x7f12cc3a3f2b
+B+: 0x7f12cc3a3fc0 0x7f12cc3a3fc7
+B+: 0x7f12cc3a3fc8 0x7f12cc3a3fd0
+B+: 0x7f12cc3a4760 0x7f12cc3a4768
+B+: 0x7f12cc3a4769 0x7f12cc3a476d
+B+: 0x7f12cc3a476e 0x7f12cc3a4772
+B+: 0x7f12cc3a4780 0x7f12cc3a4788
+B+: 0x7f12cc3a4789 0x7f12cc3a478d
+B+: 0x7f12cc3a478e 0x7f12cc3a4792
+B+: 0x7f12cc3a47c0 0x7f12cc3a47d9
+B+: 0x7f12cc3a47da 0x7f12cc3a47e6
+B+: 0x7f12cc3a47f7 0x7f12cc3a4802
+B+: 0x7f12cc3a4803 0x7f12cc3a480b
+B+: 0x7f12cc3a480c 0x7f12cc3a4841
+B+: 0x7f12cc3a4842 0x7f12cc3a484b
+B+: 0x7f12cc3a484c 0x7f12cc3a4852
+B+: 0x7f12cc3a4853 0x7f12cc3a4875
+B+: 0x7f12cc3a4880 0x7f12cc3a488e
+B+: 0x7f12cc3a48b0 0x7f12cc3a48c8
+B+: 0x7f12cc3a4900 0x7f12cc3a4941
+B+: 0x7f12cc3a4950 0x7f12cc3a4966
+B+: 0x7f12cc3a4967 0x7f12cc3a497e
+B+: 0x7f12cc3a497f 0x7f12cc3a498a
+B+: 0x7f12cc3a498b 0x7f12cc3a49b3
+B+: 0x7f12cc3a49b4 0x7f12cc3a49bd
+B+: 0x7f12cc3a49be 0x7f12cc3a49bf
+B+: 0x7f12cc3a49d0 0x7f12cc3a49e8
+B+: 0x7f12cc3a49e9 0x7f12cc3a4a14
+B+: 0x7f12cc3a4a1e 0x7f12cc3a4a25
+B+: 0x7f12cc3a4a26 0x7f12cc3a4a33
+B+: 0x7f12cc3a4a34 0x7f12cc3a4a46
+B+: 0x7f12cc3a4ae0 0x7f12cc3a4afe
+B+: 0x7f12cc3a4aff 0x7f12cc3a4b0c
+B+: 0x7f12cc3a4b0d 0x7f12cc3a4b1b
+B+: 0x7f12cc3a4b1c 0x7f12cc3a4b2c
+B+: 0x7f12cc3a4b40 0x7f12cc3a4b62
+B+: 0x7f12cc3a4b98 0x7f12cc3a4ba9
+B+: 0x7f12cc3a56d0 0x7f12cc3a56f4
+B+: 0x7f12cc3a56f5 0x7f12cc3a570d
+B+: 0x7f12cc3a570e 0x7f12cc3a5712
+B+: 0x7f12cc3a5713 0x7f12cc3a571e
+B+: 0x7f12cc3a571f 0x7f12cc3a5723
+B+: 0x7f12cc3a5724 0x7f12cc3a5728
+B+: 0x7f12cc3a5729 0x7f12cc3a5730
+B+: 0x7f12cc3a573c 0x7f12cc3a5749
+B+: 0x7f12cc3a574a 0x7f12cc3a574d
+B+: 0x7f12cc3a574e 0x7f12cc3a5760
+B+: 0x7f12cc3a5761 0x7f12cc3a576b
+B+: 0x7f12cc3a5790 0x7f12cc3a579d
+B+: 0x7f12cc3a579e 0x7f12cc3a57a5
+B+: 0x7f12cc3a57a6 0x7f12cc3a57a7
+B+: 0x7f12cc3a5890 0x7f12cc3a589d
+B+: 0x7f12cc3a589e 0x7f12cc3a58a9
+B+: 0x7f12cc3a58aa 0x7f12cc3a58bd
+B+: 0x7f12cc3a58c0 0x7f12cc3a58ca
+B+: 0x7f12cc3a58d0 0x7f12cc3a58ef
+B+: 0x7f12cc3a58f0 0x7f12cc3a58f4
+B+: 0x7f12cc3a58f5 0x7f12cc3a590c
+B+: 0x7f12cc3a590d 0x7f12cc3a5910
+B+: 0x7f12cc3a5911 0x7f12cc3a5912
+B+: 0x7f12cc3a5913 0x7f12cc3a591b
+B+: 0x7f12cc3a591c 0x7f12cc3a5930
+B+: 0x7f12cc3a5938 0x7f12cc3a593c
+B+: 0x7f12cc3a5980 0x7f12cc3a598f
+B+: 0x7f12cc3a5990 0x7f12cc3a599b
+B+: 0x7f12cc3a599c 0x7f12cc3a59ab
+B+: 0x7f12cc3a5a80 0x7f12cc3a5a93
+B+: 0x7f12cc3a5a94 0x7f12cc3a5aac
+B+: 0x7f12cc3a5aad 0x7f12cc3a5abf
+B+: 0x7f12cc3a5ac0 0x7f12cc3a5ada
+B+: 0x7f12cc3a5adb 0x7f12cc3a5ae3
+B+: 0x7f12cc3a5aec 0x7f12cc3a5af8
+B+: 0x7f12cc3a5af9 0x7f12cc3a5b02
+B+: 0x7f12cc3a5b03 0x7f12cc3a5b06
+B+: 0x7f12cc3a5b07 0x7f12cc3a5b1a
+B+: 0x7f12cc3a5c49 0x7f12cc3a5c55
+B+: 0x7f12cc3a5c56 0x7f12cc3a5c67
+B+: 0x7f12cc3a5c82 0x7f12cc3a5c93
+B+: 0x7f12cc3a5d77 0x7f12cc3a5d82
+B+: 0x7f12cc3a5da0 0x7f12cc3a5db2
+B+: 0x7f12cc3a5db3 0x7f12cc3a5ddf
+B+: 0x7f12cc3a5de0 0x7f12cc3a5deb
+B+: 0x7f12cc3a5dec 0x7f12cc3a5dfc
+B+: 0x7f12cc3a5dfd 0x7f12cc3a5e18
+B+: 0x7f12cc3a5e19 0x7f12cc3a5e25
+B+: 0x7f12cc3a5e26 0x7f12cc3a5e2e
+B+: 0x7f12cc3a5e2f 0x7f12cc3a5e3f
+B+: 0x7f12cc3a5e40 0x7f12cc3a5e44
+B+: 0x7f12cc3a5e45 0x7f12cc3a5e50
+B+: 0x7f12cc3a5e51 0x7f12cc3a5e5d
+B+: 0x7f12cc3a5e5e 0x7f12cc3a5e77
+B+: 0x7f12cc3a5ece 0x7f12cc3a5ed2
+B+: 0x7f12cc3a5ed3 0x7f12cc3a5ede
+B+: 0x7f12cc3a5ee0 0x7f12cc3a5eec
+B+: 0x7f12cc3a5f60 0x7f12cc3a5f7c
+B+: 0x7f12cc3a6120 0x7f12cc3a6128
+B+: 0x7f12cc3a6129 0x7f12cc3a6147
+B+: 0x7f12cc3a6750 0x7f12cc3a675e
+B+: 0x7f12cc3a675f 0x7f12cc3a6763
+B+: 0x7f12cc3a6764 0x7f12cc3a6770
+B+: 0x7f12cc3a6771 0x7f12cc3a6777
+B+: 0x7f12cc3a6778 0x7f12cc3a6783
+B+: 0x7f12cc3a6784 0x7f12cc3a6788
+B+: 0x7f12cc3a6789 0x7f12cc3a678d
+B+: 0x7f12cc3a678e 0x7f12cc3a6796
+B+: 0x7f12cc3a6797 0x7f12cc3a679e
+B+: 0x7f12cc3a6890 0x7f12cc3a6892
+B+: 0x7f12cc3a68a7 0x7f12cc3a68ab
+B+: 0x7f12cc3a68ac 0x7f12cc3a68b2
+B+: 0x7f12cc3a68b3 0x7f12cc3a68b6
+B+: 0x7f12cc3a68d0 0x7f12cc3a68e1
+B+: 0x7f12cc3a68e2 0x7f12cc3a68e6
+B+: 0x7f12cc3a68e7 0x7f12cc3a68eb
+B+: 0x7f12cc3a68ec 0x7f12cc3a68f1
+B+: 0x7f12cc3a68f2 0x7f12cc3a68fa
+B+: 0x7f12cc3a68fb 0x7f12cc3a68fc
+B+: 0x7f12cc3a6940 0x7f12cc3a6948
+B+: 0x7f12cc3a6949 0x7f12cc3a6951
+B+: 0x7f12cc3a6980 0x7f12cc3a6988
+B+: 0x7f12cc3a6989 0x7f12cc3a698a
+B+: 0x7f12cc3a698b 0x7f12cc3a6991
+B+: 0x7f12cc3a6992 0x7f12cc3a69a2
+B+: 0x7f12cc3a69a8 0x7f12cc3a69ac
+B+: 0x7f12cc3a69eb 0x7f12cc3a6a00
+B+: 0x7f12cc3a6a08 0x7f12cc3a6a10
+B+: 0x7f12cc3a6af0 0x7f12cc3a6b11
+B+: 0x7f12cc3a6b12 0x7f12cc3a6b16
+B+: 0x7f12cc3a6b17 0x7f12cc3a6b1d
+B+: 0x7f12cc3a6b1e 0x7f12cc3a6b26
+B+: 0x7f12cc3a6b27 0x7f12cc3a6b34
+B+: 0x7f12cc3a6b35 0x7f12cc3a6b3c
+B+: 0x7f12cc3a6b3d 0x7f12cc3a6b49
+B+: 0x7f12cc3a6b4a 0x7f12cc3a6b5a
+B+: 0x7f12cc3a6b5b 0x7f12cc3a6b63
+B+: 0x7f12cc3a6b7f 0x7f12cc3a6b93
+B+: 0x7f12cc3a6b94 0x7f12cc3a6b9c
+B+: 0x7f12cc3a6be0 0x7f12cc3a6bf7
+B+: 0x7f12cc3a6bf8 0x7f12cc3a6c00
+B+: 0x7f12cc3a6c1b 0x7f12cc3a6c2b
+B+: 0x7f12cc3a6d40 0x7f12cc3a6d5e
+B+: 0x7f12cc3a6d5f 0x7f12cc3a6d6d
+B+: 0x7f12cc3a6d6e 0x7f12cc3a6d72
+B+: 0x7f12cc3a6d7d 0x7f12cc3a6d90
+B+: 0x7f12cc3a6d91 0x7f12cc3a6d95
+B+: 0x7f12cc3a6d96 0x7f12cc3a6d9a
+B+: 0x7f12cc3a6da0 0x7f12cc3a6da4
+B+: 0x7f12cc3a6dd5 0x7f12cc3a6dd9
+B+: 0x7f12cc3a6dda 0x7f12cc3a6dde
+B+: 0x7f12cc3a6df0 0x7f12cc3a6dfb
+B+: 0x7f12cc3a6dfc 0x7f12cc3a6e07
+B+: 0x7f12cc3a6e08 0x7f12cc3a6e10
+B+: 0x7f12cc3a6e2c 0x7f12cc3a6e30
+B+: 0x7f12cc3a6e31 0x7f12cc3a6e36
+B+: 0x7f12cc3a6e41 0x7f12cc3a6e45
+B+: 0x7f12cc3a6e46 0x7f12cc3a6e54
+B+: 0x7f12cc3a6e55 0x7f12cc3a6e5d
+B+: 0x7f12cc3a6e5e 0x7f12cc3a6e62
+B+: 0x7f12cc3a6e63 0x7f12cc3a6e74
+B+: 0x7f12cc3a6e78 0x7f12cc3a6e84
+B+: 0x7f12cc3a6ea0 0x7f12cc3a6ea4
+B+: 0x7f12cc3a6ef0 0x7f12cc3a6f03
+B+: 0x7f12cc3a6f40 0x7f12cc3a6f76
+B+: 0x7f12cc3a6f77 0x7f12cc3a6f82
+B+: 0x7f12cc3a6f83 0x7f12cc3a6f92
+B+: 0x7f12cc3a701b 0x7f12cc3a7031
+B+: 0x7f12cc3a7032 0x7f12cc3a7040
+B+: 0x7f12cc3a7075 0x7f12cc3a70b8
+B+: 0x7f12cc3a70b9 0x7f12cc3a70c3
+B+: 0x7f12cc3a70c4 0x7f12cc3a70cc
+B+: 0x7f12cc3a70cd 0x7f12cc3a70d5
+B+: 0x7f12cc3a70d6 0x7f12cc3a70de
+B+: 0x7f12cc3a70df 0x7f12cc3a7106
+B+: 0x7f12cc3a7107 0x7f12cc3a7133
+B+: 0x7f12cc3a7578 0x7f12cc3a7581
+B+: 0x7f12cc3a7582 0x7f12cc3a75a8
+B+: 0x7f12cc3a75a9 0x7f12cc3a75b6
+B+: 0x7f12cc3a75d0 0x7f12cc3a75e0
+B+: 0x7f12cc3a75e1 0x7f12cc3a75ee
+B+: 0x7f12cc3a75ef 0x7f12cc3a75f3
+B+: 0x7f12cc3a7670 0x7f12cc3a767e
+B+: 0x7f12cc3a767f 0x7f12cc3a7683
+B+: 0x7f12cc3a7684 0x7f12cc3a7692
+B+: 0x7f12cc3a7693 0x7f12cc3a769a
+B+: 0x7f12cc3a769b 0x7f12cc3a76a2
+B+: 0x7f12cc3a76a3 0x7f12cc3a76b7
+B+: 0x7f12cc3a7790 0x7f12cc3a77bc
+B+: 0x7f12cc3a77bd 0x7f12cc3a77d4
+B+: 0x7f12cc3a77e0 0x7f12cc3a783a
+B+: 0x7f12cc3a783b 0x7f12cc3a7875
+B+: 0x7f12cc3a7876 0x7f12cc3a7893
+B+: 0x7f12cc3a7894 0x7f12cc3a78a3
+B+: 0x7f12cc3a78a4 0x7f12cc3a78b0
+B+: 0x7f12cc3a79b4 0x7f12cc3a79b8
+B+: 0x7f12cc3a79b9 0x7f12cc3a79cf
+B+: 0x7f12cc3a79d0 0x7f12cc3a79dc
+B+: 0x7f12cc3a79dd 0x7f12cc3a79ef
+B+: 0x7f12cc3a79f0 0x7f12cc3a79f7
+B+: 0x7f12cc3a7a01 0x7f12cc3a7a16
+B+: 0x7f12cc3a7a28 0x7f12cc3a7a3d
+B+: 0x7f12cc3a7a3e 0x7f12cc3a7a4d
+B+: 0x7f12cc3a7a79 0x7f12cc3a7a97
+B+: 0x7f12cc3a7a98 0x7f12cc3a7ac0
+B+: 0x7f12cc3a7ac1 0x7f12cc3a7acf
+B+: 0x7f12cc3a8148 0x7f12cc3a8154
+B+: 0x7f12cc3a8155 0x7f12cc3a8174
+B+: 0x7f12cc3a8175 0x7f12cc3a817f
+B+: 0x7f12cc3a81ac 0x7f12cc3a81b0
+B+: 0x7f12cc3a81b1 0x7f12cc3a81b5
+B+: 0x7f12cc3a8a40 0x7f12cc3a8a64
+B+: 0x7f12cc3a8b10 0x7f12cc3a8b1a
+B+: 0x7f12cc3a8b40 0x7f12cc3a8b47
+B+: 0x7f12cc3a8b48 0x7f12cc3a8b51
+B+: 0x7f12cc3a8b58 0x7f12cc3a8b60
+B+: 0x7f12cc3a8b61 0x7f12cc3a8b6a
+B+: 0x7f12cc3a8b88 0x7f12cc3a8b8c
+B+: 0x7f12cc3a8b8d 0x7f12cc3a8b94
+B+: 0x7f12cc3a8ba0 0x7f12cc3a8ba4
+B+: 0x7f12cc3a8d00 0x7f12cc3a8d30
+B+: 0x7f12cc3a8e3f 0x7f12cc3a8e55
+B+: 0x7f12cc3a8e56 0x7f12cc3a8e67
+B+: 0x7f12cc3a91e0 0x7f12cc3a9222
+B+: 0x7f12cc3a9223 0x7f12cc3a9228
+B+: 0x7f12cc3a924c 0x7f12cc3a9260
+B+: 0x7f12cc3a9261 0x7f12cc3a9269
+B+: 0x7f12cc3a9270 0x7f12cc3a9279
+B+: 0x7f12cc3a9288 0x7f12cc3a92a0
+B+: 0x7f12cc3a92a1 0x7f12cc3a92ba
+B+: 0x7f12cc3a92bb 0x7f12cc3a92bc
+B+: 0x7f12cc3a92d0 0x7f12cc3a92d8
+B+: 0x7f12cc3a92f8 0x7f12cc3a92f8
+B+: 0x7f12cc3a9300 0x7f12cc3a930c
+B+: 0x7f12cc3a933f 0x7f12cc3a9343
+B+: 0x7f12cc3a9380 0x7f12cc3a9384
+B+: 0x7f12cc3a93d0 0x7f12cc3a93e3
+B+: 0x7f12cc3a9400 0x7f12cc3a9400
+B+: 0x7f12cc3a9420 0x7f12cc3a945b
+B+: 0x7f12cc3a9467 0x7f12cc3a9471
+B+: 0x7f12cc3a9472 0x7f12cc3a9489
+B+: 0x7f12cc3a948a 0x7f12cc3a948d
+B+: 0x7f12cc3a948e 0x7f12cc3a9494
+B+: 0x7f12cc3a9495 0x7f12cc3a949d
+B+: 0x7f12cc3a949e 0x7f12cc3a94a9
+B+: 0x7f12cc3a94aa 0x7f12cc3a94c2
+B+: 0x7f12cc3a94c3 0x7f12cc3a94ce
+B+: 0x7f12cc3a94cf 0x7f12cc3a94e5
+B+: 0x7f12cc3a94e6 0x7f12cc3a94f5
+B+: 0x7f12cc3a9500 0x7f12cc3a950e
+B+: 0x7f12cc3a950f 0x7f12cc3a9513
+B+: 0x7f12cc3a9514 0x7f12cc3a951e
+B+: 0x7f12cc3a9540 0x7f12cc3a9549
+B+: 0x7f12cc3a954a 0x7f12cc3a954e
+B+: 0x7f12cc3a954f 0x7f12cc3a9560
+B+: 0x7f12cc3a9568 0x7f12cc3a9577
+B+: 0x7f12cc3a9580 0x7f12cc3a9589
+B+: 0x7f12cc3a95a8 0x7f12cc3a95bb
+B+: 0x7f12cc3a95c0 0x7f12cc3a95ce
+B+: 0x7f12cc3a95cf 0x7f12cc3a95dc
+B+: 0x7f12cc3a96f0 0x7f12cc3a96fd
+B+: 0x7f12cc3a97a0 0x7f12cc3a97a0
+B+: 0x7f12cc3a97b0 0x7f12cc3a97ba
+B+: 0x7f12cc3a97bb 0x7f12cc3a97ce
+B+: 0x7f12cc3a97cf 0x7f12cc3a97d8
+B+: 0x7f12cc3a97d9 0x7f12cc3a97e6
+B+: 0x7f12cc3a9800 0x7f12cc3a982d
+B+: 0x7f12cc3a982e 0x7f12cc3a9831
+B+: 0x7f12cc3a9832 0x7f12cc3a9847
+B+: 0x7f12cc3a9864 0x7f12cc3a986b
+B+: 0x7f12cc3a986c 0x7f12cc3a986f
+B+: 0x7f12cc3a9870 0x7f12cc3a9876
+B+: 0x7f12cc3a9877 0x7f12cc3a987b
+B+: 0x7f12cc3a987c 0x7f12cc3a9886
+B+: 0x7f12cc3a9ae0 0x7f12cc3a9b01
+B+: 0x7f12cc3a9b02 0x7f12cc3a9b0a
+B+: 0x7f12cc3a9b0b 0x7f12cc3a9b14
+B+: 0x7f12cc3a9b15 0x7f12cc3a9b19
+B+: 0x7f12cc3a9c00 0x7f12cc3a9c19
+B+: 0x7f12cc3a9c51 0x7f12cc3a9c8e
+B+: 0x7f12cc3a9c8f 0x7f12cc3a9c9e
+B+: 0x7f12cc3a9c9f 0x7f12cc3a9ca6
+B+: 0x7f12cc3a9df0 0x7f12cc3a9dfb
+B+: 0x7f12cc3a9e20 0x7f12cc3a9e20
+B+: 0x7f12cc3a9e30 0x7f12cc3a9e38
+B+: 0x7f12cc3ab940 0x7f12cc3ab94b
+B+: 0x7f12cc3ab94c 0x7f12cc3ab957
+B+: 0x7f12cc3ab958 0x7f12cc3ab964
+B+: 0x7f12cc3ab965 0x7f12cc3ab969
+B+: 0x7f12cc3ab96a 0x7f12cc3ab96f
+B+: 0x7f12cc3ab970 0x7f12cc3ab976
+B+: 0x7f12cc3ab980 0x7f12cc3ab987
+B+: 0x7f12cc3ab988 0x7f12cc3ab98c
+B+: 0x7f12cc3ab98d 0x7f12cc3ab99b
+B+: 0x7f12cc3ab99c 0x7f12cc3ab9a0
+B+: 0x7f12cc3ab9a1 0x7f12cc3ab9a8
+B+: 0x7f12cc3ab9a9 0x7f12cc3ab9ad
+B+: 0x7f12cc3ab9ae 0x7f12cc3ab9b8
+B+: 0x7f12cc3ab9b9 0x7f12cc3ab9b9
+B+: 0x7f12cc3ab9c0 0x7f12cc3ab9c5
+B+: 0x7f12cc3ab9c6 0x7f12cc3ab9c9
+B+: 0x7f12cc3ab9d0 0x7f12cc3ab9d0
+B+: 0x7f12cc3ab9d1 0x7f12cc3ab9d5
+B+: 0x7f12cc3ab9d6 0x7f12cc3ab9d9
+B+: 0x7f12cc3ab9e0 0x7f12cc3ab9ff
+B+: 0x7f12cc3aba00 0x7f12cc3aba11
+B+: 0x7f12cc3aba12 0x7f12cc3aba16
+B+: 0x7f12cc3aba20 0x7f12cc3aba22
+B+: 0x7f12cc3aba23 0x7f12cc3aba2f
+B+: 0x7f12cc3aba30 0x7f12cc3aba33
+B+: 0x7f12cc3aba34 0x7f12cc3aba5d
+B+: 0x7f12cc3aba5e 0x7f12cc3aba62
+B+: 0x7f12cc3aba63 0x7f12cc3aba82
+B+: 0x7f12cc3abac0 0x7f12cc3abade
+B+: 0x7f12cc3abadf 0x7f12cc3abae3
+B+: 0x7f12cc3abae4 0x7f12cc3abae8
+B+: 0x7f12cc3abaf0 0x7f12cc3abaf2
+B+: 0x7f12cc3abaf3 0x7f12cc3abaff
+B+: 0x7f12cc3abb00 0x7f12cc3abb03
+B+: 0x7f12cc3abb04 0x7f12cc3abb3e
+B+: 0x7f12cc3abb3f 0x7f12cc3abb49
+B+: 0x7f12cc3abb4a 0x7f12cc3abb57
+B+: 0x7f12cc3abb58 0x7f12cc3abb5d
+B+: 0x7f12cc3abb5e 0x7f12cc3abb66
+B+: 0x7f12cc3abb67 0x7f12cc3abb70
+B+: 0x7f12cc3abb71 0x7f12cc3abb7a
+B+: 0x7f12cc3abb7b 0x7f12cc3abb9a
+B+: 0x7f12cc3abb9b 0x7f12cc3abba3
+B+: 0x7f12cc3abba4 0x7f12cc3abbbd
+B+: 0x7f12cc3abbc0 0x7f12cc3abbc5
+B+: 0x7f12cc3abbc6 0x7f12cc3abbcf
+B+: 0x7f12cc3abbd0 0x7f12cc3abbd9
+B+: 0x7f12cc3abbda 0x7f12cc3abbf7
+B+: 0x7f12cc3abc08 0x7f12cc3abc14
+B+: 0x7f12cc3abc15 0x7f12cc3abc1b
+B+: 0x7f12cc3abc1c 0x7f12cc3abc29
+B+: 0x7f12cc3abcb0 0x7f12cc3abcca
+B+: 0x7f12cc3abccb 0x7f12cc3abcda
+B+: 0x7f12cc3abcdb 0x7f12cc3abce6
+B+: 0x7f12cc3abce7 0x7f12cc3abcef
+B+: 0x7f12cc3abcf0 0x7f12cc3abcf4
+B+: 0x7f12cc3abcf5 0x7f12cc3abcfc
+B+: 0x7f12cc3abcfd 0x7f12cc3abd10
+B+: 0x7f12cc3abd11 0x7f12cc3abd21
+B+: 0x7f12cc3abd22 0x7f12cc3abd26
+B+: 0x7f12cc3abd27 0x7f12cc3abd38
+B+: 0x7f12cc3abd39 0x7f12cc3abd4b
+B+: 0x7f12cc3abd4c 0x7f12cc3abd54
+B+: 0x7f12cc3abd55 0x7f12cc3abd5e
+B+: 0x7f12cc3abd5f 0x7f12cc3abd6d
+B+: 0x7f12cc3abea0 0x7f12cc3abeb6
+B+: 0x7f12cc3abeb7 0x7f12cc3abebb
+B+: 0x7f12cc3abebc 0x7f12cc3abec0
+B+: 0x7f12cc3abec8 0x7f12cc3abecb
+B+: 0x7f12cc3abecc 0x7f12cc3abed9
+B+: 0x7f12cc3abeda 0x7f12cc3abedd
+B+: 0x7f12cc3abede 0x7f12cc3abf06
+B+: 0x7f12cc3abf07 0x7f12cc3abf10
+B+: 0x7f12cc3abf11 0x7f12cc3abf16
+B+: 0x7f12cc3abf17 0x7f12cc3abf24
+B+: 0x7f12cc3abf25 0x7f12cc3abf2d
+B+: 0x7f12cc3ac440 0x7f12cc3ac46b
+B+: 0x7f12cc3ac46c 0x7f12cc3ac470
+B+: 0x7f12cc3ac471 0x7f12cc3ac475
+B+: 0x7f12cc3ac536 0x7f12cc3ac53e
+B+: 0x7f12cc3ac53f 0x7f12cc3ac548
+B+: 0x7f12cc3ac549 0x7f12cc3ac551
+B+: 0x7f12cc3ac5d0 0x7f12cc3ac5e4
+B+: 0x7f12cc3ac5e5 0x7f12cc3ac606
+B+: 0x7f12cc3ac607 0x7f12cc3ac610
+B+: 0x7f12cc3ac611 0x7f12cc3ac618
+B+: 0x7f12cc3ac640 0x7f12cc3ac648
+B+: 0x7f12cc3ac649 0x7f12cc3ac656
+B+: 0x7f12cc3ac657 0x7f12cc3ac65f
+B+: 0x7f12cc3ac660 0x7f12cc3ac661
+B+: 0x7f12cc3ac760 0x7f12cc3ac7aa
+B+: 0x7f12cc3ac7ab 0x7f12cc3ac7af
+B+: 0x7f12cc3ac7b0 0x7f12cc3ac7be
+B+: 0x7f12cc3ac7c8 0x7f12cc3ac7d3
+B+: 0x7f12cc3ac7d4 0x7f12cc3ac7d8
+B+: 0x7f12cc3ac7d9 0x7f12cc3ac7e0
+B+: 0x7f12cc3ac7e1 0x7f12cc3ac7e5
+B+: 0x7f12cc3ac7e6 0x7f12cc3ac7f3
+B+: 0x7f12cc3ac7f4 0x7f12cc3ac7fb
+B+: 0x7f12cc3ac800 0x7f12cc3ac810
+B+: 0x7f12cc3ac811 0x7f12cc3ac815
+B+: 0x7f12cc3ac816 0x7f12cc3ac832
+B+: 0x7f12cc3ac833 0x7f12cc3ac843
+B+: 0x7f12cc3ac844 0x7f12cc3ac84f
+B+: 0x7f12cc3ac850 0x7f12cc3ac857
+B+: 0x7f12cc3ac858 0x7f12cc3ac85c
+B+: 0x7f12cc3ac85d 0x7f12cc3ac868
+B+: 0x7f12cc3ac869 0x7f12cc3ac87b
+B+: 0x7f12cc3ac87c 0x7f12cc3ac884
+B+: 0x7f12cc3ac888 0x7f12cc3ac897
+B+: 0x7f12cc3ac898 0x7f12cc3ac89b
+B+: 0x7f12cc3ac89c 0x7f12cc3ac8b4
+B+: 0x7f12cc3ac8b5 0x7f12cc3ac8b8
+B+: 0x7f12cc3ac8b9 0x7f12cc3ac8c6
+B+: 0x7f12cc3ac8c7 0x7f12cc3ac8d5
+B+: 0x7f12cc3acdc0 0x7f12cc3acdec
+B+: 0x7f12cc3acded 0x7f12cc3acdf2
+B+: 0x7f12cc3acdf3 0x7f12cc3ace04
+B+: 0x7f12cc3ace05 0x7f12cc3ace0d
+B+: 0x7f12cc3ace0e 0x7f12cc3ace1c
+CND+ 0x7f12cc39b00e: taken
+CND+ 0x7f12cc39b5ea: not taken
+CND+ 0x7f12cc39b626: not taken
+CND+ 0x7f12cc39b63b: taken
+CND+ 0x7f12cc39b673: not taken
+CND+ 0x7f12cc39b687: not taken
+CND+ 0x7f12cc39b695: not taken
+CND+ 0x7f12cc39b7e2: taken
+CND+ 0x7f12cc39b862: not taken
+CND+ 0x7f12cc39b87c: both
+CND+ 0x7f12cc39b8a9: not taken
+CND+ 0x7f12cc39ba5d: not taken
+CND+ 0x7f12cc39ba62: taken
+CND+ 0x7f12cc39c6e6: not taken
+CND+ 0x7f12cc39c704: taken
+CND+ 0x7f12cc39c71a: not taken
+CND+ 0x7f12cc39c71f: taken
+CND+ 0x7f12cc39c72f: taken
+CND+ 0x7f12cc39c74c: not taken
+CND+ 0x7f12cc39c756: not taken
+CND+ 0x7f12cc39c78f: not taken
+CND+ 0x7f12cc39c79b: taken
+CND+ 0x7f12cc39d079: taken
+CND+ 0x7f12cc39d11b: not taken
+CND+ 0x7f12cc39d149: not taken
+CND+ 0x7f12cc39d158: not taken
+CND+ 0x7f12cc39d190: not taken
+CND+ 0x7f12cc39d1ce: taken
+CND+ 0x7f12cc39dc20: not taken
+CND+ 0x7f12cc39dc2d: taken
+CND+ 0x7f12cc39dc48: not taken
+CND+ 0x7f12cc39dc5f: both
+CND+ 0x7f12cc39dc88: not taken
+CND+ 0x7f12cc39ded2: taken
+CND+ 0x7f12cc39df55: not taken
+CND+ 0x7f12cc39df7e: not taken
+CND+ 0x7f12cc39df8a: not taken
+CND+ 0x7f12cc39df93: both
+CND+ 0x7f12cc39dfc4: not taken
+CND+ 0x7f12cc39dfe2: both
+CND+ 0x7f12cc39dffb: taken
+CND+ 0x7f12cc39e05a: taken
+CND+ 0x7f12cc39e0af: not taken
+CND+ 0x7f12cc39e0b8: taken
+CND+ 0x7f12cc39e0e0: taken
+CND+ 0x7f12cc39e116: not taken
+CND+ 0x7f12cc39e15a: not taken
+CND+ 0x7f12cc39e163: taken
+CND+ 0x7f12cc39e21b: taken
+CND+ 0x7f12cc39e24a: taken
+CND+ 0x7f12cc39e27c: not taken
+CND+ 0x7f12cc39e36a: taken
+CND+ 0x7f12cc39e520: not taken
+CND+ 0x7f12cc39e529: not taken
+CND+ 0x7f12cc39e532: taken
+CND+ 0x7f12cc39e8eb: not taken
+CND+ 0x7f12cc39e906: both
+CND+ 0x7f12cc39e93d: not taken
+CND+ 0x7f12cc39e985: both
+CND+ 0x7f12cc39e9f6: taken
+CND+ 0x7f12cc39ea20: both
+CND+ 0x7f12cc39ea29: not taken
+CND+ 0x7f12cc39ea33: not taken
+CND+ 0x7f12cc39eae4: not taken
+CND+ 0x7f12cc39eafb: taken
+CND+ 0x7f12cc39eb2a: both
+CND+ 0x7f12cc39eb30: both
+CND+ 0x7f12cc39eb40: taken
+CND+ 0x7f12cc39eb60: not taken
+CND+ 0x7f12cc39eb96: not taken
+CND+ 0x7f12cc39ebe5: taken
+CND+ 0x7f12cc39eda0: not taken
+CND+ 0x7f12cc39eda9: not taken
+CND+ 0x7f12cc39edc8: both
+CND+ 0x7f12cc39edd0: both
+CND+ 0x7f12cc39ee2e: taken
+CND+ 0x7f12cc39ee57: not taken
+CND+ 0x7f12cc39eeac: taken
+CND+ 0x7f12cc39eed8: taken
+CND+ 0x7f12cc39efa3: not taken
+CND+ 0x7f12cc39efc0: taken
+CND+ 0x7f12cc39f019: not taken
+CND+ 0x7f12cc39f065: not taken
+CND+ 0x7f12cc39f06f: not taken
+CND+ 0x7f12cc39f089: both
+CND+ 0x7f12cc39f09d: not taken
+CND+ 0x7f12cc39f0ab: taken
+CND+ 0x7f12cc39f14c: not taken
+CND+ 0x7f12cc39f156: taken
+CND+ 0x7f12cc39f1cc: taken
+CND+ 0x7f12cc39f1ee: taken
+CND+ 0x7f12cc39f811: both
+CND+ 0x7f12cc39f81b: not taken
+CND+ 0x7f12cc39f81f: not taken
+CND+ 0x7f12cc39f839: taken
+CND+ 0x7f12cc39f859: taken
+CND+ 0x7f12cc39f861: taken
+CND+ 0x7f12cc3a045f: taken
+CND+ 0x7f12cc3a0626: not taken
+CND+ 0x7f12cc3a06ca: taken
+CND+ 0x7f12cc3a0762: taken
+CND+ 0x7f12cc3a12a4: taken
+CND+ 0x7f12cc3a12bd: not taken
+CND+ 0x7f12cc3a12cd: not taken
+CND+ 0x7f12cc3a130f: taken
+CND+ 0x7f12cc3a1327: taken
+CND+ 0x7f12cc3a133a: not taken
+CND+ 0x7f12cc3a1343: taken
+CND+ 0x7f12cc3a1381: not taken
+CND+ 0x7f12cc3a13d6: taken
+CND+ 0x7f12cc3a13e7: taken
+CND+ 0x7f12cc3a1895: not taken
+CND+ 0x7f12cc3a18a8: not taken
+CND+ 0x7f12cc3a18d2: not taken
+CND+ 0x7f12cc3a1907: not taken
+CND+ 0x7f12cc3a1942: taken
+CND+ 0x7f12cc3a1953: not taken
+CND+ 0x7f12cc3a1963: taken
+CND+ 0x7f12cc3a1a7b: not taken
+CND+ 0x7f12cc3a1dbc: both
+CND+ 0x7f12cc3a1dc9: both
+CND+ 0x7f12cc3a1e03: not taken
+CND+ 0x7f12cc3a1e0d: not taken
+CND+ 0x7f12cc3a1e18: taken
+CND+ 0x7f12cc3a21a1: not taken
+CND+ 0x7f12cc3a21ab: not taken
+CND+ 0x7f12cc3a21e4: taken
+CND+ 0x7f12cc3a21f2: taken
+CND+ 0x7f12cc3a220a: not taken
+CND+ 0x7f12cc3a2225: not taken
+CND+ 0x7f12cc3a222f: not taken
+CND+ 0x7f12cc3a2247: taken
+CND+ 0x7f12cc3a2533: taken
+CND+ 0x7f12cc3a2582: taken
+CND+ 0x7f12cc3a2655: taken
+CND+ 0x7f12cc3a2698: taken
+CND+ 0x7f12cc3a2703: not taken
+CND+ 0x7f12cc3a270c: taken
+CND+ 0x7f12cc3a2725: not taken
+CND+ 0x7f12cc3a2742: not taken
+CND+ 0x7f12cc3a275a: not taken
+CND+ 0x7f12cc3a2765: not taken
+CND+ 0x7f12cc3a2792: not taken
+CND+ 0x7f12cc3a2797: taken
+CND+ 0x7f12cc3a27a9: taken
+CND+ 0x7f12cc3a27ad: not taken
+CND+ 0x7f12cc3a27bc: taken
+CND+ 0x7f12cc3a27ce: taken
+CND+ 0x7f12cc3a2848: taken
+CND+ 0x7f12cc3a2889: not taken
+CND+ 0x7f12cc3a289b: not taken
+CND+ 0x7f12cc3a28a8: taken
+CND+ 0x7f12cc3a2c2f: not taken
+CND+ 0x7f12cc3a2c57: taken
+CND+ 0x7f12cc3a2c65: not taken
+CND+ 0x7f12cc3a2c6e: taken
+CND+ 0x7f12cc3a2c86: not taken
+CND+ 0x7f12cc3a2cae: taken
+CND+ 0x7f12cc3a3366: taken
+CND+ 0x7f12cc3a39d6: taken
+CND+ 0x7f12cc3a3a31: not taken
+CND+ 0x7f12cc3a3a51: taken
+CND+ 0x7f12cc3a3aad: not taken
+CND+ 0x7f12cc3a3ab5: taken
+CND+ 0x7f12cc3a3b00: taken
+CND+ 0x7f12cc3a3b5a: not taken
+CND+ 0x7f12cc3a3b62: not taken
+CND+ 0x7f12cc3a3b6b: not taken
+CND+ 0x7f12cc3a3b75: not taken
+CND+ 0x7f12cc3a3b7f: taken
+CND+ 0x7f12cc3a3b9b: taken
+CND+ 0x7f12cc3a3c3c: taken
+CND+ 0x7f12cc3a3ed9: not taken
+CND+ 0x7f12cc3a3ee6: not taken
+CND+ 0x7f12cc3a3f01: not taken
+CND+ 0x7f12cc3a3f1a: not taken
+CND+ 0x7f12cc3a3f20: not taken
+CND+ 0x7f12cc3a3f26: taken
+CND+ 0x7f12cc3a476c: not taken
+CND+ 0x7f12cc3a478c: not taken
+CND+ 0x7f12cc3a47d8: both
+CND+ 0x7f12cc3a47e1: taken
+CND+ 0x7f12cc3a4806: not taken
+CND+ 0x7f12cc3a4840: not taken
+CND+ 0x7f12cc3a484a: not taken
+CND+ 0x7f12cc3a4965: both
+CND+ 0x7f12cc3a4989: not taken
+CND+ 0x7f12cc3a49b2: not taken
+CND+ 0x7f12cc3a49bc: not taken
+CND+ 0x7f12cc3a49e3: not taken
+CND+ 0x7f12cc3a4a13: taken
+CND+ 0x7f12cc3a4afd: not taken
+CND+ 0x7f12cc3a4b1a: not taken
+CND+ 0x7f12cc3a4b61: taken
+CND+ 0x7f12cc3a5711: not taken
+CND+ 0x7f12cc3a571d: not taken
+CND+ 0x7f12cc3a5722: not taken
+CND+ 0x7f12cc3a5748: not taken
+CND+ 0x7f12cc3a574c: not taken
+CND+ 0x7f12cc3a575f: not taken
+CND+ 0x7f12cc3a57a4: not taken
+CND+ 0x7f12cc3a58f3: both
+CND+ 0x7f12cc3a590f: both
+CND+ 0x7f12cc3a5911: not taken
+CND+ 0x7f12cc3a591a: taken
+CND+ 0x7f12cc3a5a92: not taken
+CND+ 0x7f12cc3a5aba: not taken
+CND+ 0x7f12cc3a5ad5: both
+CND+ 0x7f12cc3a5ade: taken
+CND+ 0x7f12cc3a5af7: not taken
+CND+ 0x7f12cc3a5b01: not taken
+CND+ 0x7f12cc3a5b05: not taken
+CND+ 0x7f12cc3a5b19: taken
+CND+ 0x7f12cc3a5c50: not taken
+CND+ 0x7f12cc3a5c62: taken
+CND+ 0x7f12cc3a5db1: not taken
+CND+ 0x7f12cc3a5dea: both
+CND+ 0x7f12cc3a5e13: not taken
+CND+ 0x7f12cc3a5e20: taken
+CND+ 0x7f12cc3a5e2d: not taken
+CND+ 0x7f12cc3a5e43: not taken
+CND+ 0x7f12cc3a5e4f: both
+CND+ 0x7f12cc3a5e58: not taken
+CND+ 0x7f12cc3a5e72: taken
+CND+ 0x7f12cc3a5ee7: taken
+CND+ 0x7f12cc3a675d: both
+CND+ 0x7f12cc3a676f: not taken
+CND+ 0x7f12cc3a6782: both
+CND+ 0x7f12cc3a6787: both
+CND+ 0x7f12cc3a6795: both
+CND+ 0x7f12cc3a68b1: not taken
+CND+ 0x7f12cc3a68dc: not taken
+CND+ 0x7f12cc3a68ea: not taken
+CND+ 0x7f12cc3a68ec: both
+CND+ 0x7f12cc3a68f5: not taken
+CND+ 0x7f12cc3a68fb: taken
+CND+ 0x7f12cc3a6943: not taken
+CND+ 0x7f12cc3a694c: taken
+CND+ 0x7f12cc3a6983: not taken
+CND+ 0x7f12cc3a6989: both
+CND+ 0x7f12cc3a6990: not taken
+CND+ 0x7f12cc3a69ab: taken
+CND+ 0x7f12cc3a6a0b: taken
+CND+ 0x7f12cc3a6b10: both
+CND+ 0x7f12cc3a6b1c: not taken
+CND+ 0x7f12cc3a6b21: both
+CND+ 0x7f12cc3a6b2f: not taken
+CND+ 0x7f12cc3a6b37: both
+CND+ 0x7f12cc3a6b44: both
+CND+ 0x7f12cc3a6b5e: taken
+CND+ 0x7f12cc3a6b92: both
+CND+ 0x7f12cc3a6b9b: taken
+CND+ 0x7f12cc3a6bfb: taken
+CND+ 0x7f12cc3a6d68: both
+CND+ 0x7f12cc3a6d71: taken
+CND+ 0x7f12cc3a6d8b: not taken
+CND+ 0x7f12cc3a6da3: taken
+CND+ 0x7f12cc3a6ddd: taken
+CND+ 0x7f12cc3a6e02: not taken
+CND+ 0x7f12cc3a6e0b: taken
+CND+ 0x7f12cc3a6e2f: not taken
+CND+ 0x7f12cc3a6e35: taken
+CND+ 0x7f12cc3a6e4f: not taken
+CND+ 0x7f12cc3a6e58: both
+CND+ 0x7f12cc3a6f7d: not taken
+CND+ 0x7f12cc3a702c: not taken
+CND+ 0x7f12cc3a70c7: not taken
+CND+ 0x7f12cc3a70d0: both
+CND+ 0x7f12cc3a70d9: not taken
+CND+ 0x7f12cc3a75a7: both
+CND+ 0x7f12cc3a75ed: not taken
+CND+ 0x7f12cc3a75f2: taken
+CND+ 0x7f12cc3a7682: not taken
+CND+ 0x7f12cc3a76a1: not taken
+CND+ 0x7f12cc3a77bb: not taken
+CND+ 0x7f12cc3a7835: not taken
+CND+ 0x7f12cc3a7870: not taken
+CND+ 0x7f12cc3a788e: not taken
+CND+ 0x7f12cc3a789e: not taken
+CND+ 0x7f12cc3a79ca: both
+CND+ 0x7f12cc3a79ea: taken
+CND+ 0x7f12cc3a79f6: taken
+CND+ 0x7f12cc3a7a15: taken
+CND+ 0x7f12cc3a7a38: not taken
+CND+ 0x7f12cc3a7a48: taken
+CND+ 0x7f12cc3a7abb: not taken
+CND+ 0x7f12cc3a814f: not taken
+CND+ 0x7f12cc3a816f: not taken
+CND+ 0x7f12cc3a817e: taken
+CND+ 0x7f12cc3a8a5f: taken
+CND+ 0x7f12cc3a8b46: not taken
+CND+ 0x7f12cc3a8b50: taken
+CND+ 0x7f12cc3a8b69: taken
+CND+ 0x7f12cc3a8b93: taken
+CND+ 0x7f12cc3a8d2b: taken
+CND+ 0x7f12cc3a8e50: not taken
+CND+ 0x7f12cc3a9227: taken
+CND+ 0x7f12cc3a925f: not taken
+CND+ 0x7f12cc3a9278: taken
+CND+ 0x7f12cc3a92b9: not taken
+CND+ 0x7f12cc3a92d7: taken
+CND+ 0x7f12cc3a930b: taken
+CND+ 0x7f12cc3a9383: taken
+CND+ 0x7f12cc3a93e2: taken
+CND+ 0x7f12cc3a9456: taken
+CND+ 0x7f12cc3a9488: both
+CND+ 0x7f12cc3a948c: not taken
+CND+ 0x7f12cc3a9493: not taken
+CND+ 0x7f12cc3a9498: both
+CND+ 0x7f12cc3a94e0: not taken
+CND+ 0x7f12cc3a9512: not taken
+CND+ 0x7f12cc3a9519: taken
+CND+ 0x7f12cc3a9548: not taken
+CND+ 0x7f12cc3a954d: not taken
+CND+ 0x7f12cc3a95c9: not taken
+CND+ 0x7f12cc3a95d7: taken
+CND+ 0x7f12cc3a96f8: taken
+CND+ 0x7f12cc3a97b9: not taken
+CND+ 0x7f12cc3a9830: not taken
+CND+ 0x7f12cc3a9846: taken
+CND+ 0x7f12cc3a986e: not taken
+CND+ 0x7f12cc3a9b09: not taken
+CND+ 0x7f12cc3a9b13: not taken
+CND+ 0x7f12cc3a9c18: taken
+CND+ 0x7f12cc3a9c9d: not taken
+CND+ 0x7f12cc3a9dfa: taken
+CND+ 0x7f12cc3ab946: both
+CND+ 0x7f12cc3ab963: both
+CND+ 0x7f12cc3ab968: not taken
+CND+ 0x7f12cc3ab96e: not taken
+CND+ 0x7f12cc3ab986: not taken
+CND+ 0x7f12cc3ab98b: both
+CND+ 0x7f12cc3ab99a: both
+CND+ 0x7f12cc3ab99f: both
+CND+ 0x7f12cc3ab9ac: both
+CND+ 0x7f12cc3ab9b7: both
+CND+ 0x7f12cc3ab9c4: not taken
+CND+ 0x7f12cc3aba10: not taken
+CND+ 0x7f12cc3aba15: taken
+CND+ 0x7f12cc3aba2e: both
+CND+ 0x7f12cc3aba32: both
+CND+ 0x7f12cc3aba5c: both
+CND+ 0x7f12cc3abadd: not taken
+CND+ 0x7f12cc3abae2: not taken
+CND+ 0x7f12cc3abafe: not taken
+CND+ 0x7f12cc3abb02: both
+CND+ 0x7f12cc3abb48: both
+CND+ 0x7f12cc3abb52: not taken
+CND+ 0x7f12cc3abb5c: not taken
+CND+ 0x7f12cc3abb65: both
+CND+ 0x7f12cc3abb6b: taken
+CND+ 0x7f12cc3abb75: not taken
+CND+ 0x7f12cc3abb95: not taken
+CND+ 0x7f12cc3abba2: not taken
+CND+ 0x7f12cc3abbc4: not taken
+CND+ 0x7f12cc3abbce: not taken
+CND+ 0x7f12cc3abbf6: taken
+CND+ 0x7f12cc3abc24: taken
+CND+ 0x7f12cc3abce1: not taken
+CND+ 0x7f12cc3abcea: not taken
+CND+ 0x7f12cc3abcf3: not taken
+CND+ 0x7f12cc3abd25: not taken
+CND+ 0x7f12cc3abd53: not taken
+CND+ 0x7f12cc3abd5d: not taken
+CND+ 0x7f12cc3abeb5: not taken
+CND+ 0x7f12cc3abeba: not taken
+CND+ 0x7f12cc3abed8: both
+CND+ 0x7f12cc3abedc: taken
+CND+ 0x7f12cc3abf0f: not taken
+CND+ 0x7f12cc3abf15: not taken
+CND+ 0x7f12cc3ac46f: not taken
+CND+ 0x7f12cc3ac53d: not taken
+CND+ 0x7f12cc3ac547: not taken
+CND+ 0x7f12cc3ac605: not taken
+CND+ 0x7f12cc3ac60f: not taken
+CND+ 0x7f12cc3ac647: not taken
+CND+ 0x7f12cc3ac65e: not taken
+CND+ 0x7f12cc3ac7bd: taken
+CND+ 0x7f12cc3ac7d2: taken
+CND+ 0x7f12cc3ac7df: not taken
+CND+ 0x7f12cc3ac7e4: both
+CND+ 0x7f12cc3ac7fa: taken
+CND+ 0x7f12cc3ac856: not taken
+CND+ 0x7f12cc3ac85b: taken
+CND+ 0x7f12cc3ac87a: not taken
+CND+ 0x7f12cc3ac89a: not taken
+CND+ 0x7f12cc3ac8b7: not taken
+CND+ 0x7f12cc3ac8c5: not taken
+CND+ 0x7f12cc3ac8d4: taken
+CND+ 0x7f12cc3acdf1: not taken
+CND+ 0x7f12cc3ace0c: not taken
@0x7f12cc3a955f to 0x7f12cc3a9580 1
@0x7f12cc3a955f to 0x7f12cc3a95c0 1
@0x7f12cc3a955f to 0x7f12cc3a95a8 2
@0x7f12cc3a78af to 0x7f12cc3a7a01 185
@0x7f12cc3a78af to 0x7f12cc3a79f0 10
@0x7f12cc3a78af to 0x7f12cc3a7a28 1
@0x7f12cc3abc19 to 0x7f12cc39f7d0 1
@0x7f12cc3abc19 to 0x7f12cc3a6120 1
@0x7f12cc39b050 to 0x7f12cfed4a30 4
@0x7f12cc39b080 to 0x7f12cfe74330 2
@0x7f12cc39b090 to 0x7f12cff16710 1
@0x7f12cc39b0a0 to 0x7f12cfeece70 5
@0x7f12cc39b0d0 to 0x7f12cfe87a20 7
@0x7f12cc39b0f0 to 0x7f12cffab800 4
@0x7f12cc39b130 to 0x7f12cff171e0 1
@0x7f12cc39b140 to 0x7f12cfe8bc10 1
@0x7f12cc39b150 to 0x7f12cff39800 4
@0x7f12cc39b160 to 0x7f12cff16230 1
@0x7f12cc39b190 to 0x7f12cffabbc0 8
@0x7f12cc39b1c0 to 0x7f12cff17200 1
@0x7f12cc39b1e0 to 0x7f12cffab5d0 1
@0x7f12cc39b220 to 0x7f12cff17210 2
@0x7f12cc39b230 to 0x7f12cff3ab10 1
@0x7f12cc39d16e to 0x7f12cc39d1c0 1
@0x7f12cc39b280 to 0x7f12cffa6d10 11
@0x7f12cc39b2a0 to 0x7f12cfe87450 4
@0x7f12cc39d1ac to 0x7f12cc39de90 1
@0x7f12cc39b2d0 to 0x7f12cffa7100 9
@0x7f12cc39b320 to 0x7f12cfe880f0 4
@0x7f12cc39b330 to 0x7f12cffac100 6
@0x7f12cc39b350 to 0x7f12cff17220 1
@0x7f12cc39b370 to 0x7f12cff39800 2
@0x7f12cc39b390 to 0x7f12cfed43e0 23
@0x7f12cc39b3b0 to 0x7f12cff17230 1
@0x7f12cc39b3c0 to 0x7f12cffa6e90 22
@0x7f12cc39b3e0 to 0x7f12cff57ba0 1
@0x7f12cc39b410 to 0x7f12cfed4c80 1
@0x7f12cc39b460 to 0x7f12cffac0e0 13
@0x7f12cc39b510 to 0x7f12cff171f0 1
@0x7f12cc39b560 to 0x7f12cff164e0 1
@0x7f12cc39b570 to 0x7f12cfe80580 191
@0x7f12cc3a6f91 to 0x7f12cc3a7075 1
@0x7f12cc39b784 to 0x7f12cfe73fb0 1
@0x7f12cc3ace01 to 0x7f12cc39b840 1
