MODULE_NAME: /bin/dash
MODULE_START: 0x7f0b2bf32000
+B+: 0x7f0b2bf36000 0x7f0b2bf3600f
+B+: 0x7f0b2bf36012 0x7f0b2bf36016
+B+: 0x7f0b2bf36050 0x7f0b2bf36055
+B+: 0x7f0b2bf36080 0x7f0b2bf36085
+B+: 0x7f0b2bf36090 0x7f0b2bf36095
+B+: 0x7f0b2bf360a0 0x7f0b2bf360a5
+B+: 0x7f0b2bf360d0 0x7f0b2bf360d5
+B+: 0x7f0b2bf360f0 0x7f0b2bf360f5
+B+: 0x7f0b2bf36130 0x7f0b2bf36135
+B+: 0x7f0b2bf36140 0x7f0b2bf36145
+B+: 0x7f0b2bf36150 0x7f0b2bf36155
+B+: 0x7f0b2bf36160 0x7f0b2bf36165
+B+: 0x7f0b2bf36190 0x7f0b2bf36195
+B+: 0x7f0b2bf361c0 0x7f0b2bf361c5
+B+: 0x7f0b2bf361e0 0x7f0b2bf361e5
+B+: 0x7f0b2bf36220 0x7f0b2bf36225
+B+: 0x7f0b2bf36230 0x7f0b2bf36235
+B+: 0x7f0b2bf36280 0x7f0b2bf36285
+B+: 0x7f0b2bf362a0 0x7f0b2bf362a5
+B+: 0x7f0b2bf362d0 0x7f0b2bf362d5
+B+: 0x7f0b2bf36320 0x7f0b2bf36325
+B+: 0x7f0b2bf36330 0x7f0b2bf36335
+B+: 0x7f0b2bf36350 0x7f0b2bf36355
+B+: 0x7f0b2bf36370 0x7f0b2bf36375
+B+: 0x7f0b2bf36390 0x7f0b2bf36395
+B+: 0x7f0b2bf363b0 0x7f0b2bf363b5
+B+: 0x7f0b2bf363c0 0x7f0b2bf363c5
+B+: 0x7f0b2bf363e0 0x7f0b2bf363e5
+B+: 0x7f0b2bf36410 0x7f0b2bf36415
+B+: 0x7f0b2bf36460 0x7f0b2bf36465
+B+: 0x7f0b2bf36510 0x7f0b2bf36515
+B+: 0x7f0b2bf36560 0x7f0b2bf36565
+B+: 0x7f0b2bf36570 0x7f0b2bf36575
+B+: 0x7f0b2bf36590 0x7f0b2bf365b8
+B+: 0x7f0b2bf365b9 0x7f0b2bf365c4
+B+: 0x7f0b2bf365c5 0x7f0b2bf365cf
+B+: 0x7f0b2bf365d0 0x7f0b2bf365e7
+B+: 0x7f0b2bf365e8 0x7f0b2bf365ef
+B+: 0x7f0b2bf365f0 0x7f0b2bf36600
+B+: 0x7f0b2bf36601 0x7f0b2bf3660b
+B+: 0x7f0b2bf3660c 0x7f0b2bf36615
+B+: 0x7f0b2bf36616 0x7f0b2bf36623
+B+: 0x7f0b2bf36624 0x7f0b2bf3662b
+B+: 0x7f0b2bf3662c 0x7f0b2bf3663c
+B+: 0x7f0b2bf36657 0x7f0b2bf36660
+B+: 0x7f0b2bf36661 0x7f0b2bf36678
+B+: 0x7f0b2bf36679 0x7f0b2bf3667f
+B+: 0x7f0b2bf36680 0x7f0b2bf3668c
+B+: 0x7f0b2bf3668d 0x7f0b2bf36696
+B+: 0x7f0b2bf36697 0x7f0b2bf3669b
+B+: 0x7f0b2bf36760 0x7f0b2bf36789
+B+: 0x7f0b2bf367c0 0x7f0b2bf367e3
+B+: 0x7f0b2bf367f8 0x7f0b2bf367f8
+B+: 0x7f0b2bf36840 0x7f0b2bf36844
+B+: 0x7f0b2bf36850 0x7f0b2bf36863
+B+: 0x7f0b2bf36864 0x7f0b2bf3686f
+B+: 0x7f0b2bf36870 0x7f0b2bf3687d
+B+: 0x7f0b2bf3687e 0x7f0b2bf368aa
+B+: 0x7f0b2bf368ab 0x7f0b2bf368ac
+B+: 0x7f0b2bf368cb 0x7f0b2bf368d2
+B+: 0x7f0b2bf36a50 0x7f0b2bf36a57
+B+: 0x7f0b2bf36a58 0x7f0b2bf36a5e
+B+: 0x7f0b2bf36a5f 0x7f0b2bf36a63
+B+: 0x7f0b2bf36a71 0x7f0b2bf36a72
+B+: 0x7f0b2bf376d0 0x7f0b2bf376eb
+B+: 0x7f0b2bf376ec 0x7f0b2bf37705
+B+: 0x7f0b2bf37717 0x7f0b2bf3771b
+B+: 0x7f0b2bf3771c 0x7f0b2bf37720
+B+: 0x7f0b2bf3772c 0x7f0b2bf37730
+B+: 0x7f0b2bf3773e 0x7f0b2bf3774d
+B+: 0x7f0b2bf3774e 0x7f0b2bf37757
+B+: 0x7f0b2bf37758 0x7f0b2bf37775
+B+: 0x7f0b2bf37780 0x7f0b2bf37788
+B+: 0x7f0b2bf37789 0x7f0b2bf37790
+B+: 0x7f0b2bf37791 0x7f0b2bf3779c
+B+: 0x7f0b2bf38060 0x7f0b2bf3807e
+B+: 0x7f0b2bf3810d 0x7f0b2bf3811c
+B+: 0x7f0b2bf3811d 0x7f0b2bf38123
+B+: 0x7f0b2bf38140 0x7f0b2bf3814a
+B+: 0x7f0b2bf3814b 0x7f0b2bf38152
+B+: 0x7f0b2bf38153 0x7f0b2bf3815d
+B+: 0x7f0b2bf3815e 0x7f0b2bf3816f
+B+: 0x7f0b2bf38188 0x7f0b2bf3818c
+B+: 0x7f0b2bf3818d 0x7f0b2bf38191
+B+: 0x7f0b2bf38192 0x7f0b2bf3819c
+B+: 0x7f0b2bf381a7 0x7f0b2bf381ad
+B+: 0x7f0b2bf381ae 0x7f0b2bf381b5
+B+: 0x7f0b2bf381c0 0x7f0b2bf381cf
+B+: 0x7f0b2bf38bc0 0x7f0b2bf38bfa
+B+: 0x7f0b2bf38bfb 0x7f0b2bf38c07
+B+: 0x7f0b2bf38c08 0x7f0b2bf38c0f
+B+: 0x7f0b2bf38c10 0x7f0b2bf38c11
+B+: 0x7f0b2bf38c18 0x7f0b2bf38c21
+B+: 0x7f0b2bf38c22 0x7f0b2bf38c2e
+B+: 0x7f0b2bf38c32 0x7f0b2bf38c39
+B+: 0x7f0b2bf38c3a 0x7f0b2bf38c49
+B+: 0x7f0b2bf38c4a 0x7f0b2bf38c51
+B+: 0x7f0b2bf38c52 0x7f0b2bf38c58
+B+: 0x7f0b2bf38c59 0x7f0b2bf38c60
+B+: 0x7f0b2bf38c61 0x7f0b2bf38c68
+B+: 0x7f0b2bf38c69 0x7f0b2bf38c6d
+B+: 0x7f0b2bf38c6e 0x7f0b2bf38c77
+B+: 0x7f0b2bf38c78 0x7f0b2bf38c89
+B+: 0x7f0b2bf38c8a 0x7f0b2bf38c98
+B+: 0x7f0b2bf38e90 0x7f0b2bf38ed3
+B+: 0x7f0b2bf38edf 0x7f0b2bf38ef5
+B+: 0x7f0b2bf38ef6 0x7f0b2bf38efa
+B+: 0x7f0b2bf38efb 0x7f0b2bf38f5a
+B+: 0x7f0b2bf38f5b 0x7f0b2bf38f67
+B+: 0x7f0b2bf38f68 0x7f0b2bf38f77
+B+: 0x7f0b2bf38f78 0x7f0b2bf38f7f
+B+: 0x7f0b2bf38f80 0x7f0b2bf38f8b
+B+: 0x7f0b2bf38f8c 0x7f0b2bf38f94
+B+: 0x7f0b2bf38f95 0x7f0b2bf38f9b
+B+: 0x7f0b2bf38fa0 0x7f0b2bf38faf
+B+: 0x7f0b2bf38fb0 0x7f0b2bf38fc5
+B+: 0x7f0b2bf38fc6 0x7f0b2bf38fcf
+B+: 0x7f0b2bf38fd0 0x7f0b2bf38fe3
+B+: 0x7f0b2bf38fe4 0x7f0b2bf38ffc
+B+: 0x7f0b2bf39019 0x7f0b2bf3902b
+B+: 0x7f0b2bf3902c 0x7f0b2bf39034
+B+: 0x7f0b2bf39035 0x7f0b2bf39047
+B+: 0x7f0b2bf39048 0x7f0b2bf3905b
+B+: 0x7f0b2bf390a8 0x7f0b2bf390b4
+B+: 0x7f0b2bf390b5 0x7f0b2bf390b9
+B+: 0x7f0b2bf390db 0x7f0b2bf390e1
+B+: 0x7f0b2bf390f0 0x7f0b2bf39103
+B+: 0x7f0b2bf39104 0x7f0b2bf39113
+B+: 0x7f0b2bf39114 0x7f0b2bf3911b
+B+: 0x7f0b2bf3911c 0x7f0b2bf39122
+B+: 0x7f0b2bf39123 0x7f0b2bf39152
+B+: 0x7f0b2bf39153 0x7f0b2bf3915f
+B+: 0x7f0b2bf39160 0x7f0b2bf39168
+B+: 0x7f0b2bf39216 0x7f0b2bf3921c
+B+: 0x7f0b2bf39224 0x7f0b2bf3922d
+B+: 0x7f0b2bf3922e 0x7f0b2bf39237
+B+: 0x7f0b2bf39238 0x7f0b2bf39241
+B+: 0x7f0b2bf39242 0x7f0b2bf3924b
+B+: 0x7f0b2bf3925d 0x7f0b2bf39266
+B+: 0x7f0b2bf39267 0x7f0b2bf39281
+B+: 0x7f0b2bf39282 0x7f0b2bf39293
+B+: 0x7f0b2bf3934c 0x7f0b2bf39353
+B+: 0x7f0b2bf39354 0x7f0b2bf3936f
+B+: 0x7f0b2bf3951b 0x7f0b2bf39525
+B+: 0x7f0b2bf39526 0x7f0b2bf3952e
+B+: 0x7f0b2bf3952f 0x7f0b2bf39537
+B+: 0x7f0b2bf398d0 0x7f0b2bf398ec
+B+: 0x7f0b2bf398ed 0x7f0b2bf398f1
+B+: 0x7f0b2bf398f8 0x7f0b2bf398fa
+B+: 0x7f0b2bf398fb 0x7f0b2bf39907
+B+: 0x7f0b2bf39908 0x7f0b2bf3993e
+B+: 0x7f0b2bf3993f 0x7f0b2bf39940
+B+: 0x7f0b2bf39963 0x7f0b2bf39977
+B+: 0x7f0b2bf39980 0x7f0b2bf39986
+B+: 0x7f0b2bf39987 0x7f0b2bf3998e
+B+: 0x7f0b2bf3998f 0x7f0b2bf39997
+B+: 0x7f0b2bf39998 0x7f0b2bf399ba
+B+: 0x7f0b2bf399bb 0x7f0b2bf399bc
+B+: 0x7f0b2bf399c0 0x7f0b2bf399e7
+B+: 0x7f0b2bf399e8 0x7f0b2bf399f7
+B+: 0x7f0b2bf39a19 0x7f0b2bf39a21
+B+: 0x7f0b2bf39a22 0x7f0b2bf39a2a
+B+: 0x7f0b2bf39a2b 0x7f0b2bf39a34
+B+: 0x7f0b2bf39a35 0x7f0b2bf39a3f
+B+: 0x7f0b2bf39ad0 0x7f0b2bf39ae9
+B+: 0x7f0b2bf39aea 0x7f0b2bf39b00
+B+: 0x7f0b2bf39b10 0x7f0b2bf39b1f
+B+: 0x7f0b2bf39b20 0x7f0b2bf39b2b
+B+: 0x7f0b2bf39b2c 0x7f0b2bf39b31
+B+: 0x7f0b2bf39b32 0x7f0b2bf39b41
+B+: 0x7f0b2bf39b56 0x7f0b2bf39b61
+B+: 0x7f0b2bf39b62 0x7f0b2bf39b6f
+B+: 0x7f0b2bf39b70 0x7f0b2bf39b85
+B+: 0x7f0b2bf39b86 0x7f0b2bf39b97
+B+: 0x7f0b2bf39b98 0x7f0b2bf39bc0
+B+: 0x7f0b2bf39bc8 0x7f0b2bf39bcc
+B+: 0x7f0b2bf39bcd 0x7f0b2bf39bea
+B+: 0x7f0b2bf39d70 0x7f0b2bf39d98
+B+: 0x7f0b2bf39da0 0x7f0b2bf39da1
+B+: 0x7f0b2bf39da2 0x7f0b2bf39daa
+B+: 0x7f0b2bf39dab 0x7f0b2bf39dc5
+B+: 0x7f0b2bf39dc6 0x7f0b2bf39dc9
+B+: 0x7f0b2bf39dca 0x7f0b2bf39dd1
+B+: 0x7f0b2bf39dd2 0x7f0b2bf39de6
+B+: 0x7f0b2bf39df0 0x7f0b2bf39e2a
+B+: 0x7f0b2bf39e2b 0x7f0b2bf39e2f
+B+: 0x7f0b2bf39e46 0x7f0b2bf39e5c
+B+: 0x7f0b2bf39e5d 0x7f0b2bf39e6e
+B+: 0x7f0b2bf39e90 0x7f0b2bf39ead
+B+: 0x7f0b2bf39ec8 0x7f0b2bf39ed1
+B+: 0x7f0b2bf39ed2 0x7f0b2bf39edd
+B+: 0x7f0b2bf39f6c 0x7f0b2bf39f8f
+B+: 0x7f0b2bf39f90 0x7f0b2bf39f9c
+B+: 0x7f0b2bf39f9d 0x7f0b2bf39fa8
+B+: 0x7f0b2bf39fa9 0x7f0b2bf39fb0
+B+: 0x7f0b2bf39fb1 0x7f0b2bf39fc5
+B+: 0x7f0b2bf3a008 0x7f0b2bf3a012
+B+: 0x7f0b2bf3a013 0x7f0b2bf3a01e
+B+: 0x7f0b2bf3a01f 0x7f0b2bf3a02e
+B+: 0x7f0b2bf3a060 0x7f0b2bf3a066
+B+: 0x7f0b2bf3a067 0x7f0b2bf3a074
+B+: 0x7f0b2bf3a075 0x7f0b2bf3a086
+B+: 0x7f0b2bf3a087 0x7f0b2bf3a08e
+B+: 0x7f0b2bf3a08f 0x7f0b2bf3a0a2
+B+: 0x7f0b2bf3a0a3 0x7f0b2bf3a0b0
+B+: 0x7f0b2bf3a100 0x7f0b2bf3a116
+B+: 0x7f0b2bf3a145 0x7f0b2bf3a14d
+B+: 0x7f0b2bf3a14e 0x7f0b2bf3a157
+B+: 0x7f0b2bf3a160 0x7f0b2bf3a166
+B+: 0x7f0b2bf3a1c0 0x7f0b2bf3a1d1
+B+: 0x7f0b2bf3a1e8 0x7f0b2bf3a1ef
+B+: 0x7f0b2bf3a248 0x7f0b2bf3a25b
+B+: 0x7f0b2bf3a25c 0x7f0b2bf3a271
+B+: 0x7f0b2bf3a7d0 0x7f0b2bf3a7ff
+B+: 0x7f0b2bf3a80f 0x7f0b2bf3a812
+B+: 0x7f0b2bf3a813 0x7f0b2bf3a81c
+B+: 0x7f0b2bf3a81d 0x7f0b2bf3a820
+B+: 0x7f0b2bf3a821 0x7f0b2bf3a82f
+B+: 0x7f0b2bf3a830 0x7f0b2bf3a83a
+B+: 0x7f0b2bf3a84f 0x7f0b2bf3a85a
+B+: 0x7f0b2bf3a85f 0x7f0b2bf3a862
+B+: 0x7f0b2bf3a870 0x7f0b2bf3a877
+B+: 0x7f0b2bf3a878 0x7f0b2bf3a88d
+B+: 0x7f0b2bf3b440 0x7f0b2bf3b464
+B+: 0x7f0b2bf3b61e 0x7f0b2bf3b627
+B+: 0x7f0b2bf3b628 0x7f0b2bf3b631
+B+: 0x7f0b2bf3b632 0x7f0b2bf3b659
+B+: 0x7f0b2bf3b6af 0x7f0b2bf3b6bc
+B+: 0x7f0b2bf3b6c0 0x7f0b2bf3b6cb
+B+: 0x7f0b2bf3b730 0x7f0b2bf3b73b
+B+: 0x7f0b2bf3b740 0x7f0b2bf3b75e
+B+: 0x7f0b2bf3b75f 0x7f0b2bf3b767
+B+: 0x7f0b2bf3b7d2 0x7f0b2bf3b7e3
+B+: 0x7f0b2bf3b8a0 0x7f0b2bf3b8a7
+B+: 0x7f0b2bf3c260 0x7f0b2bf3c2a5
+B+: 0x7f0b2bf3c2b5 0x7f0b2bf3c2be
+B+: 0x7f0b2bf3c2bf 0x7f0b2bf3c2d2
+B+: 0x7f0b2bf3c2d3 0x7f0b2bf3c2fc
+B+: 0x7f0b2bf3c2fd 0x7f0b2bf3c310
+B+: 0x7f0b2bf3c324 0x7f0b2bf3c328
+B+: 0x7f0b2bf3c336 0x7f0b2bf3c33f
+B+: 0x7f0b2bf3c340 0x7f0b2bf3c344
+B+: 0x7f0b2bf3c370 0x7f0b2bf3c386
+B+: 0x7f0b2bf3c387 0x7f0b2bf3c398
+B+: 0x7f0b2bf3c3a0 0x7f0b2bf3c3b6
+B+: 0x7f0b2bf3c3b7 0x7f0b2bf3c3d7
+B+: 0x7f0b2bf3c3dd 0x7f0b2bf3c3ec
+B+: 0x7f0b2bf3c850 0x7f0b2bf3c886
+B+: 0x7f0b2bf3c887 0x7f0b2bf3c89a
+B+: 0x7f0b2bf3c89b 0x7f0b2bf3c8ad
+B+: 0x7f0b2bf3c8ae 0x7f0b2bf3c8c4
+B+: 0x7f0b2bf3c8c5 0x7f0b2bf3c8d7
+B+: 0x7f0b2bf3c8d8 0x7f0b2bf3c8e7
+B+: 0x7f0b2bf3c8e8 0x7f0b2bf3c90c
+B+: 0x7f0b2bf3c90d 0x7f0b2bf3c915
+B+: 0x7f0b2bf3c924 0x7f0b2bf3c933
+B+: 0x7f0b2bf3c934 0x7f0b2bf3c947
+B+: 0x7f0b2bf3c948 0x7f0b2bf3c954
+B+: 0x7f0b2bf3c955 0x7f0b2bf3c95f
+B+: 0x7f0b2bf3c960 0x7f0b2bf3c964
+B+: 0x7f0b2bf3ca6a 0x7f0b2bf3ca7c
+B+: 0x7f0b2bf3ca7d 0x7f0b2bf3ca9c
+B+: 0x7f0b2bf3cba0 0x7f0b2bf3cbad
+B+: 0x7f0b2bf3cbae 0x7f0b2bf3cbe1
+B+: 0x7f0b2bf3cbf0 0x7f0b2bf3cbfb
+B+: 0x7f0b2bf3cdb0 0x7f0b2bf3cdbd
+B+: 0x7f0b2bf3cdbe 0x7f0b2bf3cdca
+B+: 0x7f0b2bf3cdcb 0x7f0b2bf3cde3
+B+: 0x7f0b2bf3cde8 0x7f0b2bf3cdf4
+B+: 0x7f0b2bf3cdf8 0x7f0b2bf3ce04
+B+: 0x7f0b2bf3ce05 0x7f0b2bf3ce12
+B+: 0x7f0b2bf3ce13 0x7f0b2bf3ce1d
+B+: 0x7f0b2bf3ceb4 0x7f0b2bf3cec1
+B+: 0x7f0b2bf3d160 0x7f0b2bf3d174
+B+: 0x7f0b2bf3d175 0x7f0b2bf3d187
+B+: 0x7f0b2bf3d188 0x7f0b2bf3d1a2
+B+: 0x7f0b2bf3d1a3 0x7f0b2bf3d1ac
+B+: 0x7f0b2bf3d1ad 0x7f0b2bf3d1b3
+B+: 0x7f0b2bf3d1d0 0x7f0b2bf3d1e5
+B+: 0x7f0b2bf3d1eb 0x7f0b2bf3d1f3
+B+: 0x7f0b2bf3d205 0x7f0b2bf3d20b
+B+: 0x7f0b2bf3d20c 0x7f0b2bf3d21d
+B+: 0x7f0b2bf3d21e 0x7f0b2bf3d226
+B+: 0x7f0b2bf3d227 0x7f0b2bf3d230
+B+: 0x7f0b2bf3d231 0x7f0b2bf3d232
+B+: 0x7f0b2bf3d240 0x7f0b2bf3d248
+B+: 0x7f0b2bf3d260 0x7f0b2bf3d260
+B+: 0x7f0b2bf3d520 0x7f0b2bf3d534
+B+: 0x7f0b2bf3d572 0x7f0b2bf3d578
+B+: 0x7f0b2bf3d580 0x7f0b2bf3d583
+B+: 0x7f0b2bf3d610 0x7f0b2bf3d656
+B+: 0x7f0b2bf3d65b 0x7f0b2bf3d686
+B+: 0x7f0b2bf3d687 0x7f0b2bf3d69d
+B+: 0x7f0b2bf3d6fc 0x7f0b2bf3d708
+B+: 0x7f0b2bf3d709 0x7f0b2bf3d711
+B+: 0x7f0b2bf3d712 0x7f0b2bf3d72a
+B+: 0x7f0b2bf3d72b 0x7f0b2bf3d73c
+B+: 0x7f0b2bf3d740 0x7f0b2bf3d747
+B+: 0x7f0b2bf3d748 0x7f0b2bf3d75f
+B+: 0x7f0b2bf3d760 0x7f0b2bf3d766
+B+: 0x7f0b2bf3d767 0x7f0b2bf3d780
+B+: 0x7f0b2bf3d790 0x7f0b2bf3d793
+B+: 0x7f0b2bf3d794 0x7f0b2bf3d798
+B+: 0x7f0b2bf3d7a2 0x7f0b2bf3d7aa
+B+: 0x7f0b2bf3d7ab 0x7f0b2bf3d7ae
+B+: 0x7f0b2bf3d7af 0x7f0b2bf3d7bd
+B+: 0x7f0b2bf3d7cb 0x7f0b2bf3d7d3
+B+: 0x7f0b2bf3d825 0x7f0b2bf3d841
+B+: 0x7f0b2bf3d842 0x7f0b2bf3d84d
+B+: 0x7f0b2bf3d87e 0x7f0b2bf3d88e
+B+: 0x7f0b2bf3d88f 0x7f0b2bf3d8a0
+B+: 0x7f0b2bf3d8a1 0x7f0b2bf3d8ad
+B+: 0x7f0b2bf3dc10 0x7f0b2bf3dc30
+B+: 0x7f0b2bf3dc31 0x7f0b2bf3dc58
+B+: 0x7f0b2bf3dc5e 0x7f0b2bf3dc66
+B+: 0x7f0b2bf3dc67 0x7f0b2bf3dc6f
+B+: 0x7f0b2bf3dc78 0x7f0b2bf3dc87
+B+: 0x7f0b2bf3dc88 0x7f0b2bf3dc89
+B+: 0x7f0b2bf3dca0 0x7f0b2bf3dcaf
+B+: 0x7f0b2bf3dcba 0x7f0b2bf3dcc4
+B+: 0x7f0b2bf3dce0 0x7f0b2bf3dce8
+B+: 0x7f0b2bf3e360 0x7f0b2bf3e36b
+B+: 0x7f0b2bf3e480 0x7f0b2bf3e480
+B+: 0x7f0b2bf3e9c0 0x7f0b2bf3e9db
+B+: 0x7f0b2bf3ea16 0x7f0b2bf3ea32
+B+: 0x7f0b2bf3ea33 0x7f0b2bf3ea52
+B+: 0x7f0b2bf3ea63 0x7f0b2bf3ea6a
+B+: 0x7f0b2bf3ea90 0x7f0b2bf3eaa6
+B+: 0x7f0b2bf3eaa7 0x7f0b2bf3eaae
+B+: 0x7f0b2bf3eaaf 0x7f0b2bf3eab6
+B+: 0x7f0b2bf3eaf6 0x7f0b2bf3eb01
+B+: 0x7f0b2bf3eb0c 0x7f0b2bf3eb34
+B+: 0x7f0b2bf3eb40 0x7f0b2bf3eb57
+B+: 0x7f0b2bf3eb58 0x7f0b2bf3eb5f
+B+: 0x7f0b2bf3eb60 0x7f0b2bf3eb67
+B+: 0x7f0b2bf3eb68 0x7f0b2bf3eb70
+B+: 0x7f0b2bf3eb71 0x7f0b2bf3eb7a
+B+: 0x7f0b2bf3eb7b 0x7f0b2bf3eb80
+B+: 0x7f0b2bf3eb97 0x7f0b2bf3eb9c
+B+: 0x7f0b2bf3ec0a 0x7f0b2bf3ec3d
+B+: 0x7f0b2bf3ec47 0x7f0b2bf3ec53
+B+: 0x7f0b2bf3eed0 0x7f0b2bf3eede
+B+: 0x7f0b2bf3eedf 0x7f0b2bf3eee7
+B+: 0x7f0b2bf3eee8 0x7f0b2bf3eefc
+B+: 0x7f0b2bf3eefd 0x7f0b2bf3ef02
+B+: 0x7f0b2bf3ef03 0x7f0b2bf3ef1b
+B+: 0x7f0b2bf3ef1c 0x7f0b2bf3ef21
+B+: 0x7f0b2bf3ef22 0x7f0b2bf3ef2b
+B+: 0x7f0b2bf3efc0 0x7f0b2bf3efc7
+B+: 0x7f0b2bf3efc8 0x7f0b2bf3efd0
+B+: 0x7f0b2bf3f760 0x7f0b2bf3f768
+B+: 0x7f0b2bf3f769 0x7f0b2bf3f76d
+B+: 0x7f0b2bf3f76e 0x7f0b2bf3f772
+B+: 0x7f0b2bf3f780 0x7f0b2bf3f788
+B+: 0x7f0b2bf3f789 0x7f0b2bf3f78d
+B+: 0x7f0b2bf3f78e 0x7f0b2bf3f792
+B+: 0x7f0b2bf3f7c0 0x7f0b2bf3f7d9
+B+: 0x7f0b2bf3f7da 0x7f0b2bf3f7e6
+B+: 0x7f0b2bf3f7f7 0x7f0b2bf3f802
+B+: 0x7f0b2bf3f803 0x7f0b2bf3f80b
+B+: 0x7f0b2bf3f80c 0x7f0b2bf3f841
+B+: 0x7f0b2bf3f842 0x7f0b2bf3f84b
+B+: 0x7f0b2bf3f84c 0x7f0b2bf3f852
+B+: 0x7f0b2bf3f853 0x7f0b2bf3f875
+B+: 0x7f0b2bf3f880 0x7f0b2bf3f88e
+B+: 0x7f0b2bf3f8b0 0x7f0b2bf3f8c8
+B+: 0x7f0b2bf3f900 0x7f0b2bf3f941
+B+: 0x7f0b2bf3f950 0x7f0b2bf3f966
+B+: 0x7f0b2bf3f967 0x7f0b2bf3f97e
+B+: 0x7f0b2bf3f97f 0x7f0b2bf3f98a
+B+: 0x7f0b2bf3f98b 0x7f0b2bf3f9b3
+B+: 0x7f0b2bf3f9b4 0x7f0b2bf3f9bd
+B+: 0x7f0b2bf3f9be 0x7f0b2bf3f9bf
+B+: 0x7f0b2bf3f9d0 0x7f0b2bf3f9e8
+B+: 0x7f0b2bf3f9e9 0x7f0b2bf3fa14
+B+: 0x7f0b2bf3fa1e 0x7f0b2bf3fa25
+B+: 0x7f0b2bf3fa26 0x7f0b2bf3fa33
+B+: 0x7f0b2bf3fa34 0x7f0b2bf3fa46
+B+: 0x7f0b2bf3fae0 0x7f0b2bf3fafe
+B+: 0x7f0b2bf3faff 0x7f0b2bf3fb0c
+B+: 0x7f0b2bf3fb0d 0x7f0b2bf3fb1b
+B+: 0x7f0b2bf3fb1c 0x7f0b2bf3fb2c
+B+: 0x7f0b2bf3fb40 0x7f0b2bf3fb62
+B+: 0x7f0b2bf3fb98 0x7f0b2bf3fba9
+B+: 0x7f0b2bf406d0 0x7f0b2bf406f4
+B+: 0x7f0b2bf406f5 0x7f0b2bf4070d
+B+: 0x7f0b2bf4070e 0x7f0b2bf40712
+B+: 0x7f0b2bf40713 0x7f0b2bf4071e
+B+: 0x7f0b2bf4071f 0x7f0b2bf40723
+B+: 0x7f0b2bf40724 0x7f0b2bf40728
+B+: 0x7f0b2bf40729 0x7f0b2bf40730
+B+: 0x7f0b2bf4073c 0x7f0b2bf40749
+B+: 0x7f0b2bf4074a 0x7f0b2bf4074d
+B+: 0x7f0b2bf4074e 0x7f0b2bf40760
+B+: 0x7f0b2bf40761 0x7f0b2bf4076b
+B+: 0x7f0b2bf40790 0x7f0b2bf4079d
+B+: 0x7f0b2bf4079e 0x7f0b2bf407a5
+B+: 0x7f0b2bf407a6 0x7f0b2bf407a7
+B+: 0x7f0b2bf40890 0x7f0b2bf4089d
+B+: 0x7f0b2bf4089e 0x7f0b2bf408a9
+B+: 0x7f0b2bf408aa 0x7f0b2bf408bd
+B+: 0x7f0b2bf408c0 0x7f0b2bf408ca
+B+: 0x7f0b2bf408d0 0x7f0b2bf408ef
+B+: 0x7f0b2bf408f0 0x7f0b2bf408f4
+B+: 0x7f0b2bf408f5 0x7f0b2bf4090c
+B+: 0x7f0b2bf4090d 0x7f0b2bf40910
+B+: 0x7f0b2bf40911 0x7f0b2bf40912
+B+: 0x7f0b2bf40913 0x7f0b2bf4091b
+B+: 0x7f0b2bf4091c 0x7f0b2bf40930
+B+: 0x7f0b2bf40938 0x7f0b2bf4093c
+B+: 0x7f0b2bf40980 0x7f0b2bf4098f
+B+: 0x7f0b2bf40990 0x7f0b2bf4099b
+B+: 0x7f0b2bf4099c 0x7f0b2bf409ab
+B+: 0x7f0b2bf40a80 0x7f0b2bf40a93
+B+: 0x7f0b2bf40a94 0x7f0b2bf40aac
+B+: 0x7f0b2bf40aad 0x7f0b2bf40abf
+B+: 0x7f0b2bf40ac0 0x7f0b2bf40ada
+B+: 0x7f0b2bf40adb 0x7f0b2bf40ae3
+B+: 0x7f0b2bf40aec 0x7f0b2bf40af8
+B+: 0x7f0b2bf40af9 0x7f0b2bf40b02
+B+: 0x7f0b2bf40b03 0x7f0b2bf40b06
+B+: 0x7f0b2bf40b07 0x7f0b2bf40b1a
+B+: 0x7f0b2bf40c49 0x7f0b2bf40c55
+B+: 0x7f0b2bf40c56 0x7f0b2bf40c67
+B+: 0x7f0b2bf40c82 0x7f0b2bf40c93
+B+: 0x7f0b2bf40d77 0x7f0b2bf40d82
+B+: 0x7f0b2bf40da0 0x7f0b2bf40db2
+B+: 0x7f0b2bf40db3 0x7f0b2bf40ddf
+B+: 0x7f0b2bf40de0 0x7f0b2bf40deb
+B+: 0x7f0b2bf40dec 0x7f0b2bf40dfc
+B+: 0x7f0b2bf40dfd 0x7f0b2bf40e18
+B+: 0x7f0b2bf40e19 0x7f0b2bf40e25
+B+: 0x7f0b2bf40e26 0x7f0b2bf40e2e
+B+: 0x7f0b2bf40e2f 0x7f0b2bf40e3f
+B+: 0x7f0b2bf40e40 0x7f0b2bf40e44
+B+: 0x7f0b2bf40e45 0x7f0b2bf40e50
+B+: 0x7f0b2bf40e51 0x7f0b2bf40e5d
+B+: 0x7f0b2bf40e5e 0x7f0b2bf40e77
+B+: 0x7f0b2bf40ece 0x7f0b2bf40ed2
+B+: 0x7f0b2bf40ed3 0x7f0b2bf40ede
+B+: 0x7f0b2bf40ee0 0x7f0b2bf40eec
+B+: 0x7f0b2bf40f60 0x7f0b2bf40f7c
+B+: 0x7f0b2bf41120 0x7f0b2bf41128
+B+: 0x7f0b2bf41129 0x7f0b2bf41147
+B+: 0x7f0b2bf41750 0x7f0b2bf4175e
+B+: 0x7f0b2bf4175f 0x7f0b2bf41763
+B+: 0x7f0b2bf41764 0x7f0b2bf41770
+B+: 0x7f0b2bf41771 0x7f0b2bf41777
+B+: 0x7f0b2bf41778 0x7f0b2bf41783
+B+: 0x7f0b2bf41784 0x7f0b2bf41788
+B+: 0x7f0b2bf41789 0x7f0b2bf4178d
+B+: 0x7f0b2bf4178e 0x7f0b2bf41796
+B+: 0x7f0b2bf41797 0x7f0b2bf4179e
+B+: 0x7f0b2bf41890 0x7f0b2bf41892
+B+: 0x7f0b2bf418a7 0x7f0b2bf418ab
+B+: 0x7f0b2bf418ac 0x7f0b2bf418b2
+B+: 0x7f0b2bf418b3 0x7f0b2bf418b6
+B+: 0x7f0b2bf418d0 0x7f0b2bf418e1
+B+: 0x7f0b2bf418e2 0x7f0b2bf418e6
+B+: 0x7f0b2bf418e7 0x7f0b2bf418eb
+B+: 0x7f0b2bf418ec 0x7f0b2bf418f1
+B+: 0x7f0b2bf418f2 0x7f0b2bf418fa
+B+: 0x7f0b2bf418fb 0x7f0b2bf418fc
+B+: 0x7f0b2bf41940 0x7f0b2bf41948
+B+: 0x7f0b2bf41949 0x7f0b2bf41951
+B+: 0x7f0b2bf41980 0x7f0b2bf41988
+B+: 0x7f0b2bf41989 0x7f0b2bf4198a
+B+: 0x7f0b2bf4198b 0x7f0b2bf41991
+B+: 0x7f0b2bf41992 0x7f0b2bf419a2
+B+: 0x7f0b2bf419a8 0x7f0b2bf419ac
+B+: 0x7f0b2bf419eb 0x7f0b2bf41a00
+B+: 0x7f0b2bf41a08 0x7f0b2bf41a10
+B+: 0x7f0b2bf41af0 0x7f0b2bf41b11
+B+: 0x7f0b2bf41b12 0x7f0b2bf41b16
+B+: 0x7f0b2bf41b17 0x7f0b2bf41b1d
+B+: 0x7f0b2bf41b1e 0x7f0b2bf41b26
+B+: 0x7f0b2bf41b27 0x7f0b2bf41b34
+B+: 0x7f0b2bf41b35 0x7f0b2bf41b3c
+B+: 0x7f0b2bf41b3d 0x7f0b2bf41b49
+B+: 0x7f0b2bf41b4a 0x7f0b2bf41b5a
+B+: 0x7f0b2bf41b5b 0x7f0b2bf41b63
+B+: 0x7f0b2bf41b7f 0x7f0b2bf41b93
+B+: 0x7f0b2bf41b94 0x7f0b2bf41b9c
+B+: 0x7f0b2bf41be0 0x7f0b2bf41bf7
+B+: 0x7f0b2bf41bf8 0x7f0b2bf41c00
+B+: 0x7f0b2bf41c1b 0x7f0b2bf41c2b
+B+: 0x7f0b2bf41d40 0x7f0b2bf41d5e
+B+: 0x7f0b2bf41d5f 0x7f0b2bf41d6d
+B+: 0x7f0b2bf41d6e 0x7f0b2bf41d72
+B+: 0x7f0b2bf41d7d 0x7f0b2bf41d90
+B+: 0x7f0b2bf41d91 0x7f0b2bf41d95
+B+: 0x7f0b2bf41d96 0x7f0b2bf41d9a
+B+: 0x7f0b2bf41da0 0x7f0b2bf41da4
+B+: 0x7f0b2bf41dd5 0x7f0b2bf41dd9
+B+: 0x7f0b2bf41dda 0x7f0b2bf41dde
+B+: 0x7f0b2bf41df0 0x7f0b2bf41dfb
+B+: 0x7f0b2bf41dfc 0x7f0b2bf41e07
+B+: 0x7f0b2bf41e08 0x7f0b2bf41e10
+B+: 0x7f0b2bf41e2c 0x7f0b2bf41e30
+B+: 0x7f0b2bf41e31 0x7f0b2bf41e36
+B+: 0x7f0b2bf41e41 0x7f0b2bf41e45
+B+: 0x7f0b2bf41e46 0x7f0b2bf41e54
+B+: 0x7f0b2bf41e55 0x7f0b2bf41e5d
+B+: 0x7f0b2bf41e5e 0x7f0b2bf41e62
+B+: 0x7f0b2bf41e63 0x7f0b2bf41e74
+B+: 0x7f0b2bf41e78 0x7f0b2bf41e84
+B+: 0x7f0b2bf41ea0 0x7f0b2bf41ea4
+B+: 0x7f0b2bf41ef0 0x7f0b2bf41f03
+B+: 0x7f0b2bf41f40 0x7f0b2bf41f76
+B+: 0x7f0b2bf41f77 0x7f0b2bf41f82
+B+: 0x7f0b2bf41f83 0x7f0b2bf41f92
+B+: 0x7f0b2bf4201b 0x7f0b2bf42031
+B+: 0x7f0b2bf42032 0x7f0b2bf42040
+B+: 0x7f0b2bf42075 0x7f0b2bf420b8
+B+: 0x7f0b2bf420b9 0x7f0b2bf420c3
+B+: 0x7f0b2bf420c4 0x7f0b2bf420cc
+B+: 0x7f0b2bf420cd 0x7f0b2bf420d5
+B+: 0x7f0b2bf420d6 0x7f0b2bf420de
+B+: 0x7f0b2bf420df 0x7f0b2bf42106
+B+: 0x7f0b2bf42107 0x7f0b2bf42133
+B+: 0x7f0b2bf42578 0x7f0b2bf42581
+B+: 0x7f0b2bf42582 0x7f0b2bf425a8
+B+: 0x7f0b2bf425a9 0x7f0b2bf425b6
+B+: 0x7f0b2bf425d0 0x7f0b2bf425e0
+B+: 0x7f0b2bf425e1 0x7f0b2bf425ee
+B+: 0x7f0b2bf425ef 0x7f0b2bf425f3
+B+: 0x7f0b2bf42670 0x7f0b2bf4267e
+B+: 0x7f0b2bf4267f 0x7f0b2bf42683
+B+: 0x7f0b2bf42684 0x7f0b2bf42692
+B+: 0x7f0b2bf42693 0x7f0b2bf4269a
+B+: 0x7f0b2bf4269b 0x7f0b2bf426a2
+B+: 0x7f0b2bf426a3 0x7f0b2bf426b7
+B+: 0x7f0b2bf42790 0x7f0b2bf427bc
+B+: 0x7f0b2bf427bd 0x7f0b2bf427d4
+B+: 0x7f0b2bf427e0 0x7f0b2bf4283a
+B+: 0x7f0b2bf4283b 0x7f0b2bf42875
+B+: 0x7f0b2bf42876 0x7f0b2bf42893
+B+: 0x7f0b2bf42894 0x7f0b2bf428a3
+B+: 0x7f0b2bf428a4 0x7f0b2bf428b0
+B+: 0x7f0b2bf429b4 0x7f0b2bf429b8
+B+: 0x7f0b2bf429b9 0x7f0b2bf429cf
+B+: 0x7f0b2bf429d0 0x7f0b2bf429dc
+B+: 0x7f0b2bf429dd 0x7f0b2bf429ef
+B+: 0x7f0b2bf429f0 0x7f0b2bf429f7
+B+: 0x7f0b2bf42a01 0x7f0b2bf42a16
+B+: 0x7f0b2bf42a28 0x7f0b2bf42a3d
+B+: 0x7f0b2bf42a3e 0x7f0b2bf42a4d
+B+: 0x7f0b2bf42a79 0x7f0b2bf42a97
+B+: 0x7f0b2bf42a98 0x7f0b2bf42ac0
+B+: 0x7f0b2bf42ac1 0x7f0b2bf42acf
+B+: 0x7f0b2bf43148 0x7f0b2bf43154
+B+: 0x7f0b2bf43155 0x7f0b2bf43174
+B+: 0x7f0b2bf43175 0x7f0b2bf4317f
+B+: 0x7f0b2bf431ac 0x7f0b2bf431b0
+B+: 0x7f0b2bf431b1 0x7f0b2bf431b5
+B+: 0x7f0b2bf43a40 0x7f0b2bf43a64
+B+: 0x7f0b2bf43b10 0x7f0b2bf43b1a
+B+: 0x7f0b2bf43b40 0x7f0b2bf43b47
+B+: 0x7f0b2bf43b48 0x7f0b2bf43b51
+B+: 0x7f0b2bf43b58 0x7f0b2bf43b60
+B+: 0x7f0b2bf43b61 0x7f0b2bf43b6a
+B+: 0x7f0b2bf43b88 0x7f0b2bf43b8c
+B+: 0x7f0b2bf43b8d 0x7f0b2bf43b94
+B+: 0x7f0b2bf43ba0 0x7f0b2bf43ba4
+B+: 0x7f0b2bf43d00 0x7f0b2bf43d30
+B+: 0x7f0b2bf43e3f 0x7f0b2bf43e55
+B+: 0x7f0b2bf43e56 0x7f0b2bf43e67
+B+: 0x7f0b2bf441e0 0x7f0b2bf44222
+B+: 0x7f0b2bf44223 0x7f0b2bf44228
+B+: 0x7f0b2bf4424c 0x7f0b2bf44260
+B+: 0x7f0b2bf44261 0x7f0b2bf44269
+B+: 0x7f0b2bf44270 0x7f0b2bf44279
+B+: 0x7f0b2bf44288 0x7f0b2bf442a0
+B+: 0x7f0b2bf442a1 0x7f0b2bf442ba
+B+: 0x7f0b2bf442bb 0x7f0b2bf442bc
+B+: 0x7f0b2bf442d0 0x7f0b2bf442d8
+B+: 0x7f0b2bf442f8 0x7f0b2bf442f8
+B+: 0x7f0b2bf44300 0x7f0b2bf4430c
+B+: 0x7f0b2bf4433f 0x7f0b2bf44343
+B+: 0x7f0b2bf44380 0x7f0b2bf44384
+B+: 0x7f0b2bf443d0 0x7f0b2bf443e3
+B+: 0x7f0b2bf44400 0x7f0b2bf44400
+B+: 0x7f0b2bf44420 0x7f0b2bf4445b
+B+: 0x7f0b2bf44467 0x7f0b2bf44471
+B+: 0x7f0b2bf44472 0x7f0b2bf44489
+B+: 0x7f0b2bf4448a 0x7f0b2bf4448d
+B+: 0x7f0b2bf4448e 0x7f0b2bf44494
+B+: 0x7f0b2bf44495 0x7f0b2bf4449d
+B+: 0x7f0b2bf4449e 0x7f0b2bf444a9
+B+: 0x7f0b2bf444aa 0x7f0b2bf444c2
+B+: 0x7f0b2bf444c3 0x7f0b2bf444ce
+B+: 0x7f0b2bf444cf 0x7f0b2bf444e5
+B+: 0x7f0b2bf444e6 0x7f0b2bf444f5
+B+: 0x7f0b2bf44500 0x7f0b2bf4450e
+B+: 0x7f0b2bf4450f 0x7f0b2bf44513
+B+: 0x7f0b2bf44514 0x7f0b2bf4451e
+B+: 0x7f0b2bf44540 0x7f0b2bf44549
+B+: 0x7f0b2bf4454a 0x7f0b2bf4454e
+B+: 0x7f0b2bf4454f 0x7f0b2bf44560
+B+: 0x7f0b2bf44568 0x7f0b2bf44577
+B+: 0x7f0b2bf44580 0x7f0b2bf44589
+B+: 0x7f0b2bf445a8 0x7f0b2bf445bb
+B+: 0x7f0b2bf445c0 0x7f0b2bf445ce
+B+: 0x7f0b2bf445cf 0x7f0b2bf445dc
+B+: 0x7f0b2bf446f0 0x7f0b2bf446fd
+B+: 0x7f0b2bf447a0 0x7f0b2bf447a0
+B+: 0x7f0b2bf447b0 0x7f0b2bf447ba
+B+: 0x7f0b2bf447bb 0x7f0b2bf447ce
+B+: 0x7f0b2bf447cf 0x7f0b2bf447d8
+B+: 0x7f0b2bf447d9 0x7f0b2bf447e6
+B+: 0x7f0b2bf44800 0x7f0b2bf4482d
+B+: 0x7f0b2bf4482e 0x7f0b2bf44831
+B+: 0x7f0b2bf44832 0x7f0b2bf44847
+B+: 0x7f0b2bf44864 0x7f0b2bf4486b
+B+: 0x7f0b2bf4486c 0x7f0b2bf4486f
+B+: 0x7f0b2bf44870 0x7f0b2bf44876
+B+: 0x7f0b2bf44877 0x7f0b2bf4487b
+B+: 0x7f0b2bf4487c 0x7f0b2bf44886
+B+: 0x7f0b2bf44ae0 0x7f0b2bf44b01
+B+: 0x7f0b2bf44b02 0x7f0b2bf44b0a
+B+: 0x7f0b2bf44b0b 0x7f0b2bf44b14
+B+: 0x7f0b2bf44b15 0x7f0b2bf44b19
+B+: 0x7f0b2bf44c00 0x7f0b2bf44c19
+B+: 0x7f0b2bf44c51 0x7f0b2bf44c8e
+B+: 0x7f0b2bf44c8f 0x7f0b2bf44c9e
+B+: 0x7f0b2bf44c9f 0x7f0b2bf44ca6
+B+: 0x7f0b2bf44df0 0x7f0b2bf44dfb
+B+: 0x7f0b2bf44e20 0x7f0b2bf44e20
+B+: 0x7f0b2bf44e30 0x7f0b2bf44e38
+B+: 0x7f0b2bf46940 0x7f0b2bf4694b
+B+: 0x7f0b2bf4694c 0x7f0b2bf46957
+B+: 0x7f0b2bf46958 0x7f0b2bf46964
+B+: 0x7f0b2bf46965 0x7f0b2bf46969
+B+: 0x7f0b2bf4696a 0x7f0b2bf4696f
+B+: 0x7f0b2bf46970 0x7f0b2bf46976
+B+: 0x7f0b2bf46980 0x7f0b2bf46987
+B+: 0x7f0b2bf46988 0x7f0b2bf4698c
+B+: 0x7f0b2bf4698d 0x7f0b2bf4699b
+B+: 0x7f0b2bf4699c 0x7f0b2bf469a0
+B+: 0x7f0b2bf469a1 0x7f0b2bf469a8
+B+: 0x7f0b2bf469a9 0x7f0b2bf469ad
+B+: 0x7f0b2bf469ae 0x7f0b2bf469b8
+B+: 0x7f0b2bf469b9 0x7f0b2bf469b9
+B+: 0x7f0b2bf469c0 0x7f0b2bf469c5
+B+: 0x7f0b2bf469c6 0x7f0b2bf469c9
+B+: 0x7f0b2bf469d0 0x7f0b2bf469d0
+B+: 0x7f0b2bf469d1 0x7f0b2bf469d5
+B+: 0x7f0b2bf469d6 0x7f0b2bf469d9
+B+: 0x7f0b2bf469e0 0x7f0b2bf469ff
+B+: 0x7f0b2bf46a00 0x7f0b2bf46a11
+B+: 0x7f0b2bf46a12 0x7f0b2bf46a16
+B+: 0x7f0b2bf46a20 0x7f0b2bf46a22
+B+: 0x7f0b2bf46a23 0x7f0b2bf46a2f
+B+: 0x7f0b2bf46a30 0x7f0b2bf46a33
+B+: 0x7f0b2bf46a34 0x7f0b2bf46a5d
+B+: 0x7f0b2bf46a5e 0x7f0b2bf46a62
+B+: 0x7f0b2bf46a63 0x7f0b2bf46a82
+B+: 0x7f0b2bf46ac0 0x7f0b2bf46ade
+B+: 0x7f0b2bf46adf 0x7f0b2bf46ae3
+B+: 0x7f0b2bf46ae4 0x7f0b2bf46ae8
+B+: 0x7f0b2bf46af0 0x7f0b2bf46af2
+B+: 0x7f0b2bf46af3 0x7f0b2bf46aff
+B+: 0x7f0b2bf46b00 0x7f0b2bf46b03
+B+: 0x7f0b2bf46b04 0x7f0b2bf46b3e
+B+: 0x7f0b2bf46b3f 0x7f0b2bf46b49
+B+: 0x7f0b2bf46b4a 0x7f0b2bf46b57
+B+: 0x7f0b2bf46b58 0x7f0b2bf46b5d
+B+: 0x7f0b2bf46b5e 0x7f0b2bf46b66
+B+: 0x7f0b2bf46b67 0x7f0b2bf46b70
+B+: 0x7f0b2bf46b71 0x7f0b2bf46b7a
+B+: 0x7f0b2bf46b7b 0x7f0b2bf46b9a
+B+: 0x7f0b2bf46b9b 0x7f0b2bf46ba3
+B+: 0x7f0b2bf46ba4 0x7f0b2bf46bbd
+B+: 0x7f0b2bf46bc0 0x7f0b2bf46bc5
+B+: 0x7f0b2bf46bc6 0x7f0b2bf46bcf
+B+: 0x7f0b2bf46bd0 0x7f0b2bf46bd9
+B+: 0x7f0b2bf46bda 0x7f0b2bf46bf7
+B+: 0x7f0b2bf46c08 0x7f0b2bf46c14
+B+: 0x7f0b2bf46c15 0x7f0b2bf46c1b
+B+: 0x7f0b2bf46c1c 0x7f0b2bf46c29
+B+: 0x7f0b2bf46cb0 0x7f0b2bf46cca
+B+: 0x7f0b2bf46ccb 0x7f0b2bf46cda
+B+: 0x7f0b2bf46cdb 0x7f0b2bf46ce6
+B+: 0x7f0b2bf46ce7 0x7f0b2bf46cef
+B+: 0x7f0b2bf46cf0 0x7f0b2bf46cf4
+B+: 0x7f0b2bf46cf5 0x7f0b2bf46cfc
+B+: 0x7f0b2bf46cfd 0x7f0b2bf46d10
+B+: 0x7f0b2bf46d11 0x7f0b2bf46d21
+B+: 0x7f0b2bf46d22 0x7f0b2bf46d26
+B+: 0x7f0b2bf46d27 0x7f0b2bf46d38
+B+: 0x7f0b2bf46d39 0x7f0b2bf46d4b
+B+: 0x7f0b2bf46d4c 0x7f0b2bf46d54
+B+: 0x7f0b2bf46d55 0x7f0b2bf46d5e
+B+: 0x7f0b2bf46d5f 0x7f0b2bf46d6d
+B+: 0x7f0b2bf46ea0 0x7f0b2bf46eb6
+B+: 0x7f0b2bf46eb7 0x7f0b2bf46ebb
+B+: 0x7f0b2bf46ebc 0x7f0b2bf46ec0
+B+: 0x7f0b2bf46ec8 0x7f0b2bf46ecb
+B+: 0x7f0b2bf46ecc 0x7f0b2bf46ed9
+B+: 0x7f0b2bf46eda 0x7f0b2bf46edd
+B+: 0x7f0b2bf46ede 0x7f0b2bf46f06
+B+: 0x7f0b2bf46f07 0x7f0b2bf46f10
+B+: 0x7f0b2bf46f11 0x7f0b2bf46f16
+B+: 0x7f0b2bf46f17 0x7f0b2bf46f24
+B+: 0x7f0b2bf46f25 0x7f0b2bf46f2d
+B+: 0x7f0b2bf47440 0x7f0b2bf4746b
+B+: 0x7f0b2bf4746c 0x7f0b2bf47470
+B+: 0x7f0b2bf47471 0x7f0b2bf47475
+B+: 0x7f0b2bf47536 0x7f0b2bf4753e
+B+: 0x7f0b2bf4753f 0x7f0b2bf47548
+B+: 0x7f0b2bf47549 0x7f0b2bf47551
+B+: 0x7f0b2bf475d0 0x7f0b2bf475e4
+B+: 0x7f0b2bf475e5 0x7f0b2bf47606
+B+: 0x7f0b2bf47607 0x7f0b2bf47610
+B+: 0x7f0b2bf47611 0x7f0b2bf47618
+B+: 0x7f0b2bf47640 0x7f0b2bf47648
+B+: 0x7f0b2bf47649 0x7f0b2bf47656
+B+: 0x7f0b2bf47657 0x7f0b2bf4765f
+B+: 0x7f0b2bf47660 0x7f0b2bf47661
+B+: 0x7f0b2bf47760 0x7f0b2bf477aa
+B+: 0x7f0b2bf477ab 0x7f0b2bf477af
+B+: 0x7f0b2bf477b0 0x7f0b2bf477be
+B+: 0x7f0b2bf477c8 0x7f0b2bf477d3
+B+: 0x7f0b2bf477d4 0x7f0b2bf477d8
+B+: 0x7f0b2bf477d9 0x7f0b2bf477e0
+B+: 0x7f0b2bf477e1 0x7f0b2bf477e5
+B+: 0x7f0b2bf477e6 0x7f0b2bf477f3
+B+: 0x7f0b2bf477f4 0x7f0b2bf477fb
+B+: 0x7f0b2bf47800 0x7f0b2bf47810
+B+: 0x7f0b2bf47811 0x7f0b2bf47815
+B+: 0x7f0b2bf47816 0x7f0b2bf47832
+B+: 0x7f0b2bf47833 0x7f0b2bf47843
+B+: 0x7f0b2bf47844 0x7f0b2bf4784f
+B+: 0x7f0b2bf47850 0x7f0b2bf47857
+B+: 0x7f0b2bf47858 0x7f0b2bf4785c
+B+: 0x7f0b2bf4785d 0x7f0b2bf47868
+B+: 0x7f0b2bf47869 0x7f0b2bf4787b
+B+: 0x7f0b2bf4787c 0x7f0b2bf47884
+B+: 0x7f0b2bf47888 0x7f0b2bf47897
+B+: 0x7f0b2bf47898 0x7f0b2bf4789b
+B+: 0x7f0b2bf4789c 0x7f0b2bf478b4
+B+: 0x7f0b2bf478b5 0x7f0b2bf478b8
+B+: 0x7f0b2bf478b9 0x7f0b2bf478c6
+B+: 0x7f0b2bf478c7 0x7f0b2bf478d5
+B+: 0x7f0b2bf47dc0 0x7f0b2bf47dec
+B+: 0x7f0b2bf47ded 0x7f0b2bf47df2
+B+: 0x7f0b2bf47df3 0x7f0b2bf47e04
+B+: 0x7f0b2bf47e05 0x7f0b2bf47e0d
+B+: 0x7f0b2bf47e0e 0x7f0b2bf47e1c
+CND+ 0x7f0b2bf3600e: taken
+CND+ 0x7f0b2bf365ea: not taken
+CND+ 0x7f0b2bf36626: not taken
+CND+ 0x7f0b2bf3663b: taken
+CND+ 0x7f0b2bf36673: not taken
+CND+ 0x7f0b2bf36687: not taken
+CND+ 0x7f0b2bf36695: not taken
+CND+ 0x7f0b2bf367e2: taken
+CND+ 0x7f0b2bf36862: not taken
+CND+ 0x7f0b2bf3687c: both
+CND+ 0x7f0b2bf368a9: not taken
+CND+ 0x7f0b2bf36a5d: not taken
+CND+ 0x7f0b2bf36a62: taken
+CND+ 0x7f0b2bf376e6: not taken
+CND+ 0x7f0b2bf37704: taken
+CND+ 0x7f0b2bf3771a: not taken
+CND+ 0x7f0b2bf3771f: taken
+CND+ 0x7f0b2bf3772f: taken
+CND+ 0x7f0b2bf3774c: not taken
+CND+ 0x7f0b2bf37756: not taken
+CND+ 0x7f0b2bf3778f: not taken
+CND+ 0x7f0b2bf3779b: taken
+CND+ 0x7f0b2bf38079: taken
+CND+ 0x7f0b2bf3811b: not taken
+CND+ 0x7f0b2bf38149: not taken
+CND+ 0x7f0b2bf38158: not taken
+CND+ 0x7f0b2bf38190: not taken
+CND+ 0x7f0b2bf381ce: taken
+CND+ 0x7f0b2bf38c20: not taken
+CND+ 0x7f0b2bf38c2d: taken
+CND+ 0x7f0b2bf38c48: not taken
+CND+ 0x7f0b2bf38c5f: both
+CND+ 0x7f0b2bf38c88: not taken
+CND+ 0x7f0b2bf38ed2: taken
+CND+ 0x7f0b2bf38f55: not taken
+CND+ 0x7f0b2bf38f7e: not taken
+CND+ 0x7f0b2bf38f8a: not taken
+CND+ 0x7f0b2bf38f93: both
+CND+ 0x7f0b2bf38fc4: not taken
+CND+ 0x7f0b2bf38fe2: both
+CND+ 0x7f0b2bf38ffb: taken
+CND+ 0x7f0b2bf3905a: taken
+CND+ 0x7f0b2bf390af: not taken
+CND+ 0x7f0b2bf390b8: taken
+CND+ 0x7f0b2bf390e0: taken
+CND+ 0x7f0b2bf39116: not taken
+CND+ 0x7f0b2bf3915a: not taken
+CND+ 0x7f0b2bf39163: taken
+CND+ 0x7f0b2bf3921b: taken
+CND+ 0x7f0b2bf3924a: taken
+CND+ 0x7f0b2bf3927c: not taken
+CND+ 0x7f0b2bf3936a: taken
+CND+ 0x7f0b2bf39520: not taken
+CND+ 0x7f0b2bf39529: not taken
+CND+ 0x7f0b2bf39532: taken
+CND+ 0x7f0b2bf398eb: not taken
+CND+ 0x7f0b2bf39906: both
+CND+ 0x7f0b2bf3993d: not taken
+CND+ 0x7f0b2bf39985: both
+CND+ 0x7f0b2bf399f6: taken
+CND+ 0x7f0b2bf39a20: both
+CND+ 0x7f0b2bf39a29: not taken
+CND+ 0x7f0b2bf39a33: not taken
+CND+ 0x7f0b2bf39ae4: not taken
+CND+ 0x7f0b2bf39afb: taken
+CND+ 0x7f0b2bf39b2a: both
+CND+ 0x7f0b2bf39b30: both
+CND+ 0x7f0b2bf39b40: taken
+CND+ 0x7f0b2bf39b60: not taken
+CND+ 0x7f0b2bf39b96: not taken
+CND+ 0x7f0b2bf39be5: taken
+CND+ 0x7f0b2bf39da0: not taken
+CND+ 0x7f0b2bf39da9: not taken
+CND+ 0x7f0b2bf39dc8: both
+CND+ 0x7f0b2bf39dd0: both
+CND+ 0x7f0b2bf39e2e: taken
+CND+ 0x7f0b2bf39e57: not taken
+CND+ 0x7f0b2bf39eac: taken
+CND+ 0x7f0b2bf39ed8: taken
+CND+ 0x7f0b2bf39fa3: not taken
+CND+ 0x7f0b2bf39fc0: taken
+CND+ 0x7f0b2bf3a019: not taken
+CND+ 0x7f0b2bf3a065: not taken
+CND+ 0x7f0b2bf3a06f: not taken
+CND+ 0x7f0b2bf3a089: both
+CND+ 0x7f0b2bf3a09d: not taken
+CND+ 0x7f0b2bf3a0ab: taken
+CND+ 0x7f0b2bf3a14c: not taken
+CND+ 0x7f0b2bf3a156: taken
+CND+ 0x7f0b2bf3a1cc: taken
+CND+ 0x7f0b2bf3a1ee: taken
+CND+ 0x7f0b2bf3a811: both
+CND+ 0x7f0b2bf3a81b: not taken
+CND+ 0x7f0b2bf3a81f: not taken
+CND+ 0x7f0b2bf3a839: taken
+CND+ 0x7f0b2bf3a859: taken
+CND+ 0x7f0b2bf3a861: taken
+CND+ 0x7f0b2bf3b45f: taken
+CND+ 0x7f0b2bf3b626: not taken
+CND+ 0x7f0b2bf3b6ca: taken
+CND+ 0x7f0b2bf3b762: taken
+CND+ 0x7f0b2bf3c2a4: taken
+CND+ 0x7f0b2bf3c2bd: not taken
+CND+ 0x7f0b2bf3c2cd: not taken
+CND+ 0x7f0b2bf3c30f: taken
+CND+ 0x7f0b2bf3c327: taken
+CND+ 0x7f0b2bf3c33a: not taken
+CND+ 0x7f0b2bf3c343: taken
+CND+ 0x7f0b2bf3c381: not taken
+CND+ 0x7f0b2bf3c3d6: taken
+CND+ 0x7f0b2bf3c3e7: taken
+CND+ 0x7f0b2bf3c895: not taken
+CND+ 0x7f0b2bf3c8a8: not taken
+CND+ 0x7f0b2bf3c8d2: not taken
+CND+ 0x7f0b2bf3c907: not taken
+CND+ 0x7f0b2bf3c942: taken
+CND+ 0x7f0b2bf3c953: not taken
+CND+ 0x7f0b2bf3c963: taken
+CND+ 0x7f0b2bf3ca7b: not taken
+CND+ 0x7f0b2bf3cdbc: both
+CND+ 0x7f0b2bf3cdc9: both
+CND+ 0x7f0b2bf3ce03: not taken
+CND+ 0x7f0b2bf3ce0d: not taken
+CND+ 0x7f0b2bf3ce18: taken
+CND+ 0x7f0b2bf3d1a1: not taken
+CND+ 0x7f0b2bf3d1ab: not taken
+CND+ 0x7f0b2bf3d1e4: taken
+CND+ 0x7f0b2bf3d1f2: taken
+CND+ 0x7f0b2bf3d20a: not taken
+CND+ 0x7f0b2bf3d225: not taken
+CND+ 0x7f0b2bf3d22f: not taken
+CND+ 0x7f0b2bf3d247: taken
+CND+ 0x7f0b2bf3d533: taken
+CND+ 0x7f0b2bf3d582: taken
+CND+ 0x7f0b2bf3d655: taken
+CND+ 0x7f0b2bf3d698: taken
+CND+ 0x7f0b2bf3d703: not taken
+CND+ 0x7f0b2bf3d70c: taken
+CND+ 0x7f0b2bf3d725: not taken
+CND+ 0x7f0b2bf3d742: not taken
+CND+ 0x7f0b2bf3d75a: not taken
+CND+ 0x7f0b2bf3d765: not taken
+CND+ 0x7f0b2bf3d792: not taken
+CND+ 0x7f0b2bf3d797: taken
+CND+ 0x7f0b2bf3d7a9: taken
+CND+ 0x7f0b2bf3d7ad: not taken
+CND+ 0x7f0b2bf3d7bc: taken
+CND+ 0x7f0b2bf3d7ce: taken
+CND+ 0x7f0b2bf3d848: taken
+CND+ 0x7f0b2bf3d889: not taken
+CND+ 0x7f0b2bf3d89b: not taken
+CND+ 0x7f0b2bf3d8a8: taken
+CND+ 0x7f0b2bf3dc2f: not taken
+CND+ 0x7f0b2bf3dc57: taken
+CND+ 0x7f0b2bf3dc65: not taken
+CND+ 0x7f0b2bf3dc6e: taken
+CND+ 0x7f0b2bf3dc86: not taken
+CND+ 0x7f0b2bf3dcae: taken
+CND+ 0x7f0b2bf3e366: taken
+CND+ 0x7f0b2bf3e9d6: taken
+CND+ 0x7f0b2bf3ea31: not taken
+CND+ 0x7f0b2bf3ea51: taken
+CND+ 0x7f0b2bf3eaad: not taken
+CND+ 0x7f0b2bf3eab5: taken
+CND+ 0x7f0b2bf3eb00: taken
+CND+ 0x7f0b2bf3eb5a: not taken
+CND+ 0x7f0b2bf3eb62: not taken
+CND+ 0x7f0b2bf3eb6b: not taken
+CND+ 0x7f0b2bf3eb75: not taken
+CND+ 0x7f0b2bf3eb7f: taken
+CND+ 0x7f0b2bf3eb9b: taken
+CND+ 0x7f0b2bf3ec3c: taken
+CND+ 0x7f0b2bf3eed9: not taken
+CND+ 0x7f0b2bf3eee6: not taken
+CND+ 0x7f0b2bf3ef01: not taken
+CND+ 0x7f0b2bf3ef1a: not taken
+CND+ 0x7f0b2bf3ef20: not taken
+CND+ 0x7f0b2bf3ef26: taken
+CND+ 0x7f0b2bf3f76c: not taken
+CND+ 0x7f0b2bf3f78c: not taken
+CND+ 0x7f0b2bf3f7d8: both
+CND+ 0x7f0b2bf3f7e1: taken
+CND+ 0x7f0b2bf3f806: not taken
+CND+ 0x7f0b2bf3f840: not taken
+CND+ 0x7f0b2bf3f84a: not taken
+CND+ 0x7f0b2bf3f965: both
+CND+ 0x7f0b2bf3f989: not taken
+CND+ 0x7f0b2bf3f9b2: not taken
+CND+ 0x7f0b2bf3f9bc: not taken
+CND+ 0x7f0b2bf3f9e3: not taken
+CND+ 0x7f0b2bf3fa13: taken
+CND+ 0x7f0b2bf3fafd: not taken
+CND+ 0x7f0b2bf3fb1a: not taken
+CND+ 0x7f0b2bf3fb61: taken
+CND+ 0x7f0b2bf40711: not taken
+CND+ 0x7f0b2bf4071d: not taken
+CND+ 0x7f0b2bf40722: not taken
+CND+ 0x7f0b2bf40748: not taken
+CND+ 0x7f0b2bf4074c: not taken
+CND+ 0x7f0b2bf4075f: not taken
+CND+ 0x7f0b2bf407a4: not taken
+CND+ 0x7f0b2bf408f3: both
+CND+ 0x7f0b2bf4090f: both
+CND+ 0x7f0b2bf40911: not taken
+CND+ 0x7f0b2bf4091a: taken
+CND+ 0x7f0b2bf40a92: not taken
+CND+ 0x7f0b2bf40aba: not taken
+CND+ 0x7f0b2bf40ad5: both
+CND+ 0x7f0b2bf40ade: taken
+CND+ 0x7f0b2bf40af7: not taken
+CND+ 0x7f0b2bf40b01: not taken
+CND+ 0x7f0b2bf40b05: not taken
+CND+ 0x7f0b2bf40b19: taken
+CND+ 0x7f0b2bf40c50: not taken
+CND+ 0x7f0b2bf40c62: taken
+CND+ 0x7f0b2bf40db1: not taken
+CND+ 0x7f0b2bf40dea: both
+CND+ 0x7f0b2bf40e13: not taken
+CND+ 0x7f0b2bf40e20: taken
+CND+ 0x7f0b2bf40e2d: not taken
+CND+ 0x7f0b2bf40e43: not taken
+CND+ 0x7f0b2bf40e4f: both
+CND+ 0x7f0b2bf40e58: not taken
+CND+ 0x7f0b2bf40e72: taken
+CND+ 0x7f0b2bf40ee7: taken
+CND+ 0x7f0b2bf4175d: both
+CND+ 0x7f0b2bf4176f: not taken
+CND+ 0x7f0b2bf41782: both
+CND+ 0x7f0b2bf41787: both
+CND+ 0x7f0b2bf41795: both
+CND+ 0x7f0b2bf418b1: not taken
+CND+ 0x7f0b2bf418dc: not taken
+CND+ 0x7f0b2bf418ea: not taken
+CND+ 0x7f0b2bf418ec: both
+CND+ 0x7f0b2bf418f5: not taken
+CND+ 0x7f0b2bf418fb: taken
+CND+ 0x7f0b2bf41943: not taken
+CND+ 0x7f0b2bf4194c: taken
+CND+ 0x7f0b2bf41983: not taken
+CND+ 0x7f0b2bf41989: both
+CND+ 0x7f0b2bf41990: not taken
+CND+ 0x7f0b2bf419ab: taken
+CND+ 0x7f0b2bf41a0b: taken
+CND+ 0x7f0b2bf41b10: both
+CND+ 0x7f0b2bf41b1c: not taken
+CND+ 0x7f0b2bf41b21: both
+CND+ 0x7f0b2bf41b2f: not taken
+CND+ 0x7f0b2bf41b37: both
+CND+ 0x7f0b2bf41b44: both
+CND+ 0x7f0b2bf41b5e: taken
+CND+ 0x7f0b2bf41b92: both
+CND+ 0x7f0b2bf41b9b: taken
+CND+ 0x7f0b2bf41bfb: taken
+CND+ 0x7f0b2bf41d68: both
+CND+ 0x7f0b2bf41d71: taken
+CND+ 0x7f0b2bf41d8b: not taken
+CND+ 0x7f0b2bf41da3: taken
+CND+ 0x7f0b2bf41ddd: taken
+CND+ 0x7f0b2bf41e02: not taken
+CND+ 0x7f0b2bf41e0b: taken
+CND+ 0x7f0b2bf41e2f: not taken
+CND+ 0x7f0b2bf41e35: taken
+CND+ 0x7f0b2bf41e4f: not taken
+CND+ 0x7f0b2bf41e58: both
+CND+ 0x7f0b2bf41f7d: not taken
+CND+ 0x7f0b2bf4202c: not taken
+CND+ 0x7f0b2bf420c7: not taken
+CND+ 0x7f0b2bf420d0: both
+CND+ 0x7f0b2bf420d9: not taken
+CND+ 0x7f0b2bf425a7: both
+CND+ 0x7f0b2bf425ed: not taken
+CND+ 0x7f0b2bf425f2: taken
+CND+ 0x7f0b2bf42682: not taken
+CND+ 0x7f0b2bf426a1: not taken
+CND+ 0x7f0b2bf427bb: not taken
+CND+ 0x7f0b2bf42835: not taken
+CND+ 0x7f0b2bf42870: not taken
+CND+ 0x7f0b2bf4288e: not taken
+CND+ 0x7f0b2bf4289e: not taken
+CND+ 0x7f0b2bf429ca: both
+CND+ 0x7f0b2bf429ea: taken
+CND+ 0x7f0b2bf429f6: taken
+CND+ 0x7f0b2bf42a15: taken
+CND+ 0x7f0b2bf42a38: not taken
+CND+ 0x7f0b2bf42a48: taken
+CND+ 0x7f0b2bf42abb: not taken
+CND+ 0x7f0b2bf4314f: not taken
+CND+ 0x7f0b2bf4316f: not taken
+CND+ 0x7f0b2bf4317e: taken
+CND+ 0x7f0b2bf43a5f: taken
+CND+ 0x7f0b2bf43b46: not taken
+CND+ 0x7f0b2bf43b50: taken
+CND+ 0x7f0b2bf43b69: taken
+CND+ 0x7f0b2bf43b93: taken
+CND+ 0x7f0b2bf43d2b: taken
+CND+ 0x7f0b2bf43e50: not taken
+CND+ 0x7f0b2bf44227: taken
+CND+ 0x7f0b2bf4425f: not taken
+CND+ 0x7f0b2bf44278: taken
+CND+ 0x7f0b2bf442b9: not taken
+CND+ 0x7f0b2bf442d7: taken
+CND+ 0x7f0b2bf4430b: taken
+CND+ 0x7f0b2bf44383: taken
+CND+ 0x7f0b2bf443e2: taken
+CND+ 0x7f0b2bf44456: taken
+CND+ 0x7f0b2bf44488: both
+CND+ 0x7f0b2bf4448c: not taken
+CND+ 0x7f0b2bf44493: not taken
+CND+ 0x7f0b2bf44498: both
+CND+ 0x7f0b2bf444e0: not taken
+CND+ 0x7f0b2bf44512: not taken
+CND+ 0x7f0b2bf44519: taken
+CND+ 0x7f0b2bf44548: not taken
+CND+ 0x7f0b2bf4454d: not taken
+CND+ 0x7f0b2bf445c9: not taken
+CND+ 0x7f0b2bf445d7: taken
+CND+ 0x7f0b2bf446f8: taken
+CND+ 0x7f0b2bf447b9: not taken
+CND+ 0x7f0b2bf44830: not taken
+CND+ 0x7f0b2bf44846: taken
+CND+ 0x7f0b2bf4486e: not taken
+CND+ 0x7f0b2bf44b09: not taken
+CND+ 0x7f0b2bf44b13: not taken
+CND+ 0x7f0b2bf44c18: taken
+CND+ 0x7f0b2bf44c9d: not taken
+CND+ 0x7f0b2bf44dfa: taken
+CND+ 0x7f0b2bf46946: both
+CND+ 0x7f0b2bf46963: both
+CND+ 0x7f0b2bf46968: not taken
+CND+ 0x7f0b2bf4696e: not taken
+CND+ 0x7f0b2bf46986: not taken
+CND+ 0x7f0b2bf4698b: both
+CND+ 0x7f0b2bf4699a: both
+CND+ 0x7f0b2bf4699f: both
+CND+ 0x7f0b2bf469ac: both
+CND+ 0x7f0b2bf469b7: both
+CND+ 0x7f0b2bf469c4: not taken
+CND+ 0x7f0b2bf46a10: not taken
+CND+ 0x7f0b2bf46a15: taken
+CND+ 0x7f0b2bf46a2e: both
+CND+ 0x7f0b2bf46a32: both
+CND+ 0x7f0b2bf46a5c: both
+CND+ 0x7f0b2bf46add: not taken
+CND+ 0x7f0b2bf46ae2: not taken
+CND+ 0x7f0b2bf46afe: not taken
+CND+ 0x7f0b2bf46b02: both
+CND+ 0x7f0b2bf46b48: both
+CND+ 0x7f0b2bf46b52: not taken
+CND+ 0x7f0b2bf46b5c: not taken
+CND+ 0x7f0b2bf46b65: both
+CND+ 0x7f0b2bf46b6b: taken
+CND+ 0x7f0b2bf46b75: not taken
+CND+ 0x7f0b2bf46b95: not taken
+CND+ 0x7f0b2bf46ba2: not taken
+CND+ 0x7f0b2bf46bc4: not taken
+CND+ 0x7f0b2bf46bce: not taken
+CND+ 0x7f0b2bf46bf6: taken
+CND+ 0x7f0b2bf46c24: taken
+CND+ 0x7f0b2bf46ce1: not taken
+CND+ 0x7f0b2bf46cea: not taken
+CND+ 0x7f0b2bf46cf3: not taken
+CND+ 0x7f0b2bf46d25: not taken
+CND+ 0x7f0b2bf46d53: not taken
+CND+ 0x7f0b2bf46d5d: not taken
+CND+ 0x7f0b2bf46eb5: not taken
+CND+ 0x7f0b2bf46eba: not taken
+CND+ 0x7f0b2bf46ed8: both
+CND+ 0x7f0b2bf46edc: taken
+CND+ 0x7f0b2bf46f0f: not taken
+CND+ 0x7f0b2bf46f15: not taken
+CND+ 0x7f0b2bf4746f: not taken
+CND+ 0x7f0b2bf4753d: not taken
+CND+ 0x7f0b2bf47547: not taken
+CND+ 0x7f0b2bf47605: not taken
+CND+ 0x7f0b2bf4760f: not taken
+CND+ 0x7f0b2bf47647: not taken
+CND+ 0x7f0b2bf4765e: not taken
+CND+ 0x7f0b2bf477bd: taken
+CND+ 0x7f0b2bf477d2: taken
+CND+ 0x7f0b2bf477df: not taken
+CND+ 0x7f0b2bf477e4: both
+CND+ 0x7f0b2bf477fa: taken
+CND+ 0x7f0b2bf47856: not taken
+CND+ 0x7f0b2bf4785b: taken
+CND+ 0x7f0b2bf4787a: not taken
+CND+ 0x7f0b2bf4789a: not taken
+CND+ 0x7f0b2bf478b7: not taken
+CND+ 0x7f0b2bf478c5: not taken
+CND+ 0x7f0b2bf478d4: taken
+CND+ 0x7f0b2bf47df1: not taken
+CND+ 0x7f0b2bf47e0c: not taken
@0x7f0b2bf36050 to 0x7f0b2fa6fa30 4
@0x7f0b2bf36080 to 0x7f0b2fa0f330 2
@0x7f0b2bf36090 to 0x7f0b2fab1710 1
@0x7f0b2bf360a0 to 0x7f0b2fa87e70 5
@0x7f0b2bf360d0 to 0x7f0b2fa22a20 7
@0x7f0b2bf360f0 to 0x7f0b2fb46800 4
@0x7f0b2bf36130 to 0x7f0b2fab21e0 1
@0x7f0b2bf36140 to 0x7f0b2fa26c10 1
@0x7f0b2bf36150 to 0x7f0b2fad4800 4
@0x7f0b2bf36160 to 0x7f0b2fab1230 1
@0x7f0b2bf36190 to 0x7f0b2fb46bc0 8
@0x7f0b2bf361c0 to 0x7f0b2fab2200 1
@0x7f0b2bf361e0 to 0x7f0b2fb465d0 1
@0x7f0b2bf36220 to 0x7f0b2fab2210 2
@0x7f0b2bf36230 to 0x7f0b2fad5b10 1
@0x7f0b2bf3816e to 0x7f0b2bf381c0 1
@0x7f0b2bf36280 to 0x7f0b2fb41d10 11
@0x7f0b2bf362a0 to 0x7f0b2fa22450 4
@0x7f0b2bf381ac to 0x7f0b2bf38e90 1
@0x7f0b2bf362d0 to 0x7f0b2fb42100 9
@0x7f0b2bf36320 to 0x7f0b2fa230f0 4
@0x7f0b2bf36330 to 0x7f0b2fb47100 6
@0x7f0b2bf36350 to 0x7f0b2fab2220 1
@0x7f0b2bf36370 to 0x7f0b2fad4800 2
@0x7f0b2bf36390 to 0x7f0b2fa6f3e0 23
@0x7f0b2bf363b0 to 0x7f0b2fab2230 1
@0x7f0b2bf363c0 to 0x7f0b2fb41e90 22
@0x7f0b2bf363e0 to 0x7f0b2faf2ba0 1
@0x7f0b2bf36410 to 0x7f0b2fa6fc80 1
@0x7f0b2bf36460 to 0x7f0b2fb470e0 13
@0x7f0b2bf36510 to 0x7f0b2fab21f0 1
@0x7f0b2bf36560 to 0x7f0b2fab14e0 1
@0x7f0b2bf36570 to 0x7f0b2fa1b580 191
@0x7f0b2bf41f91 to 0x7f0b2bf42075 1
@0x7f0b2bf36784 to 0x7f0b2fa0efb0 1
@0x7f0b2bf47e01 to 0x7f0b2bf36840 1
@0x7f0b2bf4455f to 0x7f0b2bf44580 1
@0x7f0b2bf4455f to 0x7f0b2bf445c0 1
@0x7f0b2bf4455f to 0x7f0b2bf445a8 2
@0x7f0b2bf428af to 0x7f0b2bf42a01 185
@0x7f0b2bf428af to 0x7f0b2bf429f0 10
@0x7f0b2bf428af to 0x7f0b2bf42a28 1
@0x7f0b2bf46c19 to 0x7f0b2bf3a7d0 1
@0x7f0b2bf46c19 to 0x7f0b2bf41120 1
