MODULE_NAME: /bin/dash
MODULE_START: 0x7f834573d000
+B+: 0x7f8345741000 0x7f834574100f
+B+: 0x7f8345741012 0x7f8345741016
+B+: 0x7f8345741050 0x7f8345741055
+B+: 0x7f8345741080 0x7f8345741085
+B+: 0x7f8345741090 0x7f8345741095
+B+: 0x7f83457410a0 0x7f83457410a5
+B+: 0x7f83457410d0 0x7f83457410d5
+B+: 0x7f83457410f0 0x7f83457410f5
+B+: 0x7f8345741130 0x7f8345741135
+B+: 0x7f8345741140 0x7f8345741145
+B+: 0x7f8345741150 0x7f8345741155
+B+: 0x7f8345741160 0x7f8345741165
+B+: 0x7f8345741190 0x7f8345741195
+B+: 0x7f83457411c0 0x7f83457411c5
+B+: 0x7f83457411e0 0x7f83457411e5
+B+: 0x7f8345741220 0x7f8345741225
+B+: 0x7f8345741230 0x7f8345741235
+B+: 0x7f8345741280 0x7f8345741285
+B+: 0x7f83457412a0 0x7f83457412a5
+B+: 0x7f83457412d0 0x7f83457412d5
+B+: 0x7f8345741320 0x7f8345741325
+B+: 0x7f8345741330 0x7f8345741335
+B+: 0x7f8345741350 0x7f8345741355
+B+: 0x7f8345741370 0x7f8345741375
+B+: 0x7f8345741390 0x7f8345741395
+B+: 0x7f83457413b0 0x7f83457413b5
+B+: 0x7f83457413c0 0x7f83457413c5
+B+: 0x7f83457413e0 0x7f83457413e5
+B+: 0x7f8345741410 0x7f8345741415
+B+: 0x7f8345741460 0x7f8345741465
+B+: 0x7f8345741510 0x7f8345741515
+B+: 0x7f8345741560 0x7f8345741565
+B+: 0x7f8345741570 0x7f8345741575
+B+: 0x7f8345741590 0x7f83457415b8
+B+: 0x7f83457415b9 0x7f83457415c4
+B+: 0x7f83457415c5 0x7f83457415cf
+B+: 0x7f83457415d0 0x7f83457415e7
+B+: 0x7f83457415e8 0x7f83457415ef
+B+: 0x7f83457415f0 0x7f8345741600
+B+: 0x7f8345741601 0x7f834574160b
+B+: 0x7f834574160c 0x7f8345741615
+B+: 0x7f8345741616 0x7f8345741623
+B+: 0x7f8345741624 0x7f834574162b
+B+: 0x7f834574162c 0x7f834574163c
+B+: 0x7f8345741657 0x7f8345741660
+B+: 0x7f8345741661 0x7f8345741678
+B+: 0x7f8345741679 0x7f834574167f
+B+: 0x7f8345741680 0x7f834574168c
+B+: 0x7f834574168d 0x7f8345741696
+B+: 0x7f8345741697 0x7f834574169b
+B+: 0x7f8345741760 0x7f8345741789
+B+: 0x7f83457417c0 0x7f83457417e3
+B+: 0x7f83457417f8 0x7f83457417f8
+B+: 0x7f8345741840 0x7f8345741844
+B+: 0x7f8345741850 0x7f8345741863
+B+: 0x7f8345741864 0x7f834574186f
+B+: 0x7f8345741870 0x7f834574187d
+B+: 0x7f834574187e 0x7f83457418aa
+B+: 0x7f83457418ab 0x7f83457418ac
+B+: 0x7f83457418cb 0x7f83457418d2
+B+: 0x7f8345741a50 0x7f8345741a57
+B+: 0x7f8345741a58 0x7f8345741a5e
+B+: 0x7f8345741a5f 0x7f8345741a63
+B+: 0x7f8345741a71 0x7f8345741a72
+B+: 0x7f83457426d0 0x7f83457426eb
+B+: 0x7f83457426ec 0x7f8345742705
+B+: 0x7f8345742717 0x7f834574271b
+B+: 0x7f834574271c 0x7f8345742720
+B+: 0x7f834574272c 0x7f8345742730
+B+: 0x7f834574273e 0x7f834574274d
+B+: 0x7f834574274e 0x7f8345742757
+B+: 0x7f8345742758 0x7f8345742775
+B+: 0x7f8345742780 0x7f8345742788
+B+: 0x7f8345742789 0x7f8345742790
+B+: 0x7f8345742791 0x7f834574279c
+B+: 0x7f8345743060 0x7f834574307e
+B+: 0x7f834574310d 0x7f834574311c
+B+: 0x7f834574311d 0x7f8345743123
+B+: 0x7f8345743140 0x7f834574314a
+B+: 0x7f834574314b 0x7f8345743152
+B+: 0x7f8345743153 0x7f834574315d
+B+: 0x7f834574315e 0x7f834574316f
+B+: 0x7f8345743188 0x7f834574318c
+B+: 0x7f834574318d 0x7f8345743191
+B+: 0x7f8345743192 0x7f834574319c
+B+: 0x7f83457431a7 0x7f83457431ad
+B+: 0x7f83457431ae 0x7f83457431b5
+B+: 0x7f83457431c0 0x7f83457431cf
+B+: 0x7f8345743bc0 0x7f8345743bfa
+B+: 0x7f8345743bfb 0x7f8345743c07
+B+: 0x7f8345743c08 0x7f8345743c0f
+B+: 0x7f8345743c10 0x7f8345743c11
+B+: 0x7f8345743c18 0x7f8345743c21
+B+: 0x7f8345743c22 0x7f8345743c2e
+B+: 0x7f8345743c32 0x7f8345743c39
+B+: 0x7f8345743c3a 0x7f8345743c49
+B+: 0x7f8345743c4a 0x7f8345743c51
+B+: 0x7f8345743c52 0x7f8345743c58
+B+: 0x7f8345743c59 0x7f8345743c60
+B+: 0x7f8345743c61 0x7f8345743c68
+B+: 0x7f8345743c69 0x7f8345743c6d
+B+: 0x7f8345743c6e 0x7f8345743c77
+B+: 0x7f8345743c78 0x7f8345743c89
+B+: 0x7f8345743c8a 0x7f8345743c98
+B+: 0x7f8345743e90 0x7f8345743ed3
+B+: 0x7f8345743edf 0x7f8345743ef5
+B+: 0x7f8345743ef6 0x7f8345743efa
+B+: 0x7f8345743efb 0x7f8345743f5a
+B+: 0x7f8345743f5b 0x7f8345743f67
+B+: 0x7f8345743f68 0x7f8345743f77
+B+: 0x7f8345743f78 0x7f8345743f7f
+B+: 0x7f8345743f80 0x7f8345743f8b
+B+: 0x7f8345743f8c 0x7f8345743f94
+B+: 0x7f8345743f95 0x7f8345743f9b
+B+: 0x7f8345743fa0 0x7f8345743faf
+B+: 0x7f8345743fb0 0x7f8345743fc5
+B+: 0x7f8345743fc6 0x7f8345743fcf
+B+: 0x7f8345743fd0 0x7f8345743fe3
+B+: 0x7f8345743fe4 0x7f8345743ffc
+B+: 0x7f8345744019 0x7f834574402b
+B+: 0x7f834574402c 0x7f8345744034
+B+: 0x7f8345744035 0x7f8345744047
+B+: 0x7f8345744048 0x7f834574405b
+B+: 0x7f83457440a8 0x7f83457440b4
+B+: 0x7f83457440b5 0x7f83457440b9
+B+: 0x7f83457440db 0x7f83457440e1
+B+: 0x7f83457440f0 0x7f8345744103
+B+: 0x7f8345744104 0x7f8345744113
+B+: 0x7f8345744114 0x7f834574411b
+B+: 0x7f834574411c 0x7f8345744122
+B+: 0x7f8345744123 0x7f8345744152
+B+: 0x7f8345744153 0x7f834574415f
+B+: 0x7f8345744160 0x7f8345744168
+B+: 0x7f8345744216 0x7f834574421c
+B+: 0x7f8345744224 0x7f834574422d
+B+: 0x7f834574422e 0x7f8345744237
+B+: 0x7f8345744238 0x7f8345744241
+B+: 0x7f8345744242 0x7f834574424b
+B+: 0x7f834574425d 0x7f8345744266
+B+: 0x7f8345744267 0x7f8345744281
+B+: 0x7f8345744282 0x7f8345744293
+B+: 0x7f834574434c 0x7f8345744353
+B+: 0x7f8345744354 0x7f834574436f
+B+: 0x7f834574451b 0x7f8345744525
+B+: 0x7f8345744526 0x7f834574452e
+B+: 0x7f834574452f 0x7f8345744537
+B+: 0x7f83457448d0 0x7f83457448ec
+B+: 0x7f83457448ed 0x7f83457448f1
+B+: 0x7f83457448f8 0x7f83457448fa
+B+: 0x7f83457448fb 0x7f8345744907
+B+: 0x7f8345744908 0x7f834574493e
+B+: 0x7f834574493f 0x7f8345744940
+B+: 0x7f8345744963 0x7f8345744977
+B+: 0x7f8345744980 0x7f8345744986
+B+: 0x7f8345744987 0x7f834574498e
+B+: 0x7f834574498f 0x7f8345744997
+B+: 0x7f8345744998 0x7f83457449ba
+B+: 0x7f83457449bb 0x7f83457449bc
+B+: 0x7f83457449c0 0x7f83457449e7
+B+: 0x7f83457449e8 0x7f83457449f7
+B+: 0x7f8345744a19 0x7f8345744a21
+B+: 0x7f8345744a22 0x7f8345744a2a
+B+: 0x7f8345744a2b 0x7f8345744a34
+B+: 0x7f8345744a35 0x7f8345744a3f
+B+: 0x7f8345744ad0 0x7f8345744ae9
+B+: 0x7f8345744aea 0x7f8345744b00
+B+: 0x7f8345744b10 0x7f8345744b1f
+B+: 0x7f8345744b20 0x7f8345744b2b
+B+: 0x7f8345744b2c 0x7f8345744b31
+B+: 0x7f8345744b32 0x7f8345744b41
+B+: 0x7f8345744b56 0x7f8345744b61
+B+: 0x7f8345744b62 0x7f8345744b6f
+B+: 0x7f8345744b70 0x7f8345744b85
+B+: 0x7f8345744b86 0x7f8345744b97
+B+: 0x7f8345744b98 0x7f8345744bc0
+B+: 0x7f8345744bc8 0x7f8345744bcc
+B+: 0x7f8345744bcd 0x7f8345744bea
+B+: 0x7f8345744d70 0x7f8345744d98
+B+: 0x7f8345744da0 0x7f8345744da1
+B+: 0x7f8345744da2 0x7f8345744daa
+B+: 0x7f8345744dab 0x7f8345744dc5
+B+: 0x7f8345744dc6 0x7f8345744dc9
+B+: 0x7f8345744dca 0x7f8345744dd1
+B+: 0x7f8345744dd2 0x7f8345744de6
+B+: 0x7f8345744df0 0x7f8345744e2a
+B+: 0x7f8345744e2b 0x7f8345744e2f
+B+: 0x7f8345744e46 0x7f8345744e5c
+B+: 0x7f8345744e5d 0x7f8345744e6e
+B+: 0x7f8345744e90 0x7f8345744ead
+B+: 0x7f8345744ec8 0x7f8345744ed1
+B+: 0x7f8345744ed2 0x7f8345744edd
+B+: 0x7f8345744f6c 0x7f8345744f8f
+B+: 0x7f8345744f90 0x7f8345744f9c
+B+: 0x7f8345744f9d 0x7f8345744fa8
+B+: 0x7f8345744fa9 0x7f8345744fb0
+B+: 0x7f8345744fb1 0x7f8345744fc5
+B+: 0x7f8345745008 0x7f8345745012
+B+: 0x7f8345745013 0x7f834574501e
+B+: 0x7f834574501f 0x7f834574502e
+B+: 0x7f8345745060 0x7f8345745066
+B+: 0x7f8345745067 0x7f8345745074
+B+: 0x7f8345745075 0x7f8345745086
+B+: 0x7f8345745087 0x7f834574508e
+B+: 0x7f834574508f 0x7f83457450a2
+B+: 0x7f83457450a3 0x7f83457450b0
+B+: 0x7f8345745100 0x7f8345745116
+B+: 0x7f8345745145 0x7f834574514d
+B+: 0x7f834574514e 0x7f8345745157
+B+: 0x7f8345745160 0x7f8345745166
+B+: 0x7f83457451c0 0x7f83457451d1
+B+: 0x7f83457451e8 0x7f83457451ef
+B+: 0x7f8345745248 0x7f834574525b
+B+: 0x7f834574525c 0x7f8345745271
+B+: 0x7f83457457d0 0x7f83457457ff
+B+: 0x7f834574580f 0x7f8345745812
+B+: 0x7f8345745813 0x7f834574581c
+B+: 0x7f834574581d 0x7f8345745820
+B+: 0x7f8345745821 0x7f834574582f
+B+: 0x7f8345745830 0x7f834574583a
+B+: 0x7f834574584f 0x7f834574585a
+B+: 0x7f834574585f 0x7f8345745862
+B+: 0x7f8345745870 0x7f8345745877
+B+: 0x7f8345745878 0x7f834574588d
+B+: 0x7f8345746440 0x7f8345746464
+B+: 0x7f834574661e 0x7f8345746627
+B+: 0x7f8345746628 0x7f8345746631
+B+: 0x7f8345746632 0x7f8345746659
+B+: 0x7f83457466af 0x7f83457466bc
+B+: 0x7f83457466c0 0x7f83457466cb
+B+: 0x7f8345746730 0x7f834574673b
+B+: 0x7f8345746740 0x7f834574675e
+B+: 0x7f834574675f 0x7f8345746767
+B+: 0x7f83457467d2 0x7f83457467e3
+B+: 0x7f83457468a0 0x7f83457468a7
+B+: 0x7f8345747260 0x7f83457472a5
+B+: 0x7f83457472b5 0x7f83457472be
+B+: 0x7f83457472bf 0x7f83457472d2
+B+: 0x7f83457472d3 0x7f83457472fc
+B+: 0x7f83457472fd 0x7f8345747310
+B+: 0x7f8345747324 0x7f8345747328
+B+: 0x7f8345747336 0x7f834574733f
+B+: 0x7f8345747340 0x7f8345747344
+B+: 0x7f8345747370 0x7f8345747386
+B+: 0x7f8345747387 0x7f8345747398
+B+: 0x7f83457473a0 0x7f83457473b6
+B+: 0x7f83457473b7 0x7f83457473d7
+B+: 0x7f83457473dd 0x7f83457473ec
+B+: 0x7f8345747850 0x7f8345747886
+B+: 0x7f8345747887 0x7f834574789a
+B+: 0x7f834574789b 0x7f83457478ad
+B+: 0x7f83457478ae 0x7f83457478c4
+B+: 0x7f83457478c5 0x7f83457478d7
+B+: 0x7f83457478d8 0x7f83457478e7
+B+: 0x7f83457478e8 0x7f834574790c
+B+: 0x7f834574790d 0x7f8345747915
+B+: 0x7f8345747924 0x7f8345747933
+B+: 0x7f8345747934 0x7f8345747947
+B+: 0x7f8345747948 0x7f8345747954
+B+: 0x7f8345747955 0x7f834574795f
+B+: 0x7f8345747960 0x7f8345747964
+B+: 0x7f8345747a6a 0x7f8345747a7c
+B+: 0x7f8345747a7d 0x7f8345747a9c
+B+: 0x7f8345747ba0 0x7f8345747bad
+B+: 0x7f8345747bae 0x7f8345747be1
+B+: 0x7f8345747bf0 0x7f8345747bfb
+B+: 0x7f8345747db0 0x7f8345747dbd
+B+: 0x7f8345747dbe 0x7f8345747dca
+B+: 0x7f8345747dcb 0x7f8345747de3
+B+: 0x7f8345747de8 0x7f8345747df4
+B+: 0x7f8345747df8 0x7f8345747e04
+B+: 0x7f8345747e05 0x7f8345747e12
+B+: 0x7f8345747e13 0x7f8345747e1d
+B+: 0x7f8345747eb4 0x7f8345747ec1
+B+: 0x7f8345748160 0x7f8345748174
+B+: 0x7f8345748175 0x7f8345748187
+B+: 0x7f8345748188 0x7f83457481a2
+B+: 0x7f83457481a3 0x7f83457481ac
+B+: 0x7f83457481ad 0x7f83457481b3
+B+: 0x7f83457481d0 0x7f83457481e5
+B+: 0x7f83457481eb 0x7f83457481f3
+B+: 0x7f8345748205 0x7f834574820b
+B+: 0x7f834574820c 0x7f834574821d
+B+: 0x7f834574821e 0x7f8345748226
+B+: 0x7f8345748227 0x7f8345748230
+B+: 0x7f8345748231 0x7f8345748232
+B+: 0x7f8345748240 0x7f8345748248
+B+: 0x7f8345748260 0x7f8345748260
+B+: 0x7f8345748520 0x7f8345748534
+B+: 0x7f8345748572 0x7f8345748578
+B+: 0x7f8345748580 0x7f8345748583
+B+: 0x7f8345748610 0x7f8345748656
+B+: 0x7f834574865b 0x7f8345748686
+B+: 0x7f8345748687 0x7f834574869d
+B+: 0x7f83457486fc 0x7f8345748708
+B+: 0x7f8345748709 0x7f8345748711
+B+: 0x7f8345748712 0x7f834574872a
+B+: 0x7f834574872b 0x7f834574873c
+B+: 0x7f8345748740 0x7f8345748747
+B+: 0x7f8345748748 0x7f834574875f
+B+: 0x7f8345748760 0x7f8345748766
+B+: 0x7f8345748767 0x7f8345748780
+B+: 0x7f8345748790 0x7f8345748793
+B+: 0x7f8345748794 0x7f8345748798
+B+: 0x7f83457487a2 0x7f83457487aa
+B+: 0x7f83457487ab 0x7f83457487ae
+B+: 0x7f83457487af 0x7f83457487bd
+B+: 0x7f83457487cb 0x7f83457487d3
+B+: 0x7f8345748825 0x7f8345748841
+B+: 0x7f8345748842 0x7f834574884d
+B+: 0x7f834574887e 0x7f834574888e
+B+: 0x7f834574888f 0x7f83457488a0
+B+: 0x7f83457488a1 0x7f83457488ad
+B+: 0x7f8345748c10 0x7f8345748c30
+B+: 0x7f8345748c31 0x7f8345748c58
+B+: 0x7f8345748c5e 0x7f8345748c66
+B+: 0x7f8345748c67 0x7f8345748c6f
+B+: 0x7f8345748c78 0x7f8345748c87
+B+: 0x7f8345748c88 0x7f8345748c89
+B+: 0x7f8345748ca0 0x7f8345748caf
+B+: 0x7f8345748cba 0x7f8345748cc4
+B+: 0x7f8345748ce0 0x7f8345748ce8
+B+: 0x7f8345749360 0x7f834574936b
+B+: 0x7f8345749480 0x7f8345749480
+B+: 0x7f83457499c0 0x7f83457499db
+B+: 0x7f8345749a16 0x7f8345749a32
+B+: 0x7f8345749a33 0x7f8345749a52
+B+: 0x7f8345749a63 0x7f8345749a6a
+B+: 0x7f8345749a90 0x7f8345749aa6
+B+: 0x7f8345749aa7 0x7f8345749aae
+B+: 0x7f8345749aaf 0x7f8345749ab6
+B+: 0x7f8345749af6 0x7f8345749b01
+B+: 0x7f8345749b0c 0x7f8345749b34
+B+: 0x7f8345749b40 0x7f8345749b57
+B+: 0x7f8345749b58 0x7f8345749b5f
+B+: 0x7f8345749b60 0x7f8345749b67
+B+: 0x7f8345749b68 0x7f8345749b70
+B+: 0x7f8345749b71 0x7f8345749b7a
+B+: 0x7f8345749b7b 0x7f8345749b80
+B+: 0x7f8345749b97 0x7f8345749b9c
+B+: 0x7f8345749c0a 0x7f8345749c3d
+B+: 0x7f8345749c47 0x7f8345749c53
+B+: 0x7f8345749ed0 0x7f8345749ede
+B+: 0x7f8345749edf 0x7f8345749ee7
+B+: 0x7f8345749ee8 0x7f8345749efc
+B+: 0x7f8345749efd 0x7f8345749f02
+B+: 0x7f8345749f03 0x7f8345749f1b
+B+: 0x7f8345749f1c 0x7f8345749f21
+B+: 0x7f8345749f22 0x7f8345749f2b
+B+: 0x7f8345749fc0 0x7f8345749fc7
+B+: 0x7f8345749fc8 0x7f8345749fd0
+B+: 0x7f834574a760 0x7f834574a768
+B+: 0x7f834574a769 0x7f834574a76d
+B+: 0x7f834574a76e 0x7f834574a772
+B+: 0x7f834574a780 0x7f834574a788
+B+: 0x7f834574a789 0x7f834574a78d
+B+: 0x7f834574a78e 0x7f834574a792
+B+: 0x7f834574a7c0 0x7f834574a7d9
+B+: 0x7f834574a7da 0x7f834574a7e6
+B+: 0x7f834574a7f7 0x7f834574a802
+B+: 0x7f834574a803 0x7f834574a80b
+B+: 0x7f834574a80c 0x7f834574a841
+B+: 0x7f834574a842 0x7f834574a84b
+B+: 0x7f834574a84c 0x7f834574a852
+B+: 0x7f834574a853 0x7f834574a875
+B+: 0x7f834574a880 0x7f834574a88e
+B+: 0x7f834574a8b0 0x7f834574a8c8
+B+: 0x7f834574a900 0x7f834574a941
+B+: 0x7f834574a950 0x7f834574a966
+B+: 0x7f834574a967 0x7f834574a97e
+B+: 0x7f834574a97f 0x7f834574a98a
+B+: 0x7f834574a98b 0x7f834574a9b3
+B+: 0x7f834574a9b4 0x7f834574a9bd
+B+: 0x7f834574a9be 0x7f834574a9bf
+B+: 0x7f834574a9d0 0x7f834574a9e8
+B+: 0x7f834574a9e9 0x7f834574aa14
+B+: 0x7f834574aa1e 0x7f834574aa25
+B+: 0x7f834574aa26 0x7f834574aa33
+B+: 0x7f834574aa34 0x7f834574aa46
+B+: 0x7f834574aae0 0x7f834574aafe
+B+: 0x7f834574aaff 0x7f834574ab0c
+B+: 0x7f834574ab0d 0x7f834574ab1b
+B+: 0x7f834574ab1c 0x7f834574ab2c
+B+: 0x7f834574ab40 0x7f834574ab62
+B+: 0x7f834574ab98 0x7f834574aba9
+B+: 0x7f834574b6d0 0x7f834574b6f4
+B+: 0x7f834574b6f5 0x7f834574b70d
+B+: 0x7f834574b70e 0x7f834574b712
+B+: 0x7f834574b713 0x7f834574b71e
+B+: 0x7f834574b71f 0x7f834574b723
+B+: 0x7f834574b724 0x7f834574b728
+B+: 0x7f834574b729 0x7f834574b730
+B+: 0x7f834574b73c 0x7f834574b749
+B+: 0x7f834574b74a 0x7f834574b74d
+B+: 0x7f834574b74e 0x7f834574b760
+B+: 0x7f834574b761 0x7f834574b76b
+B+: 0x7f834574b790 0x7f834574b79d
+B+: 0x7f834574b79e 0x7f834574b7a5
+B+: 0x7f834574b7a6 0x7f834574b7a7
+B+: 0x7f834574b890 0x7f834574b89d
+B+: 0x7f834574b89e 0x7f834574b8a9
+B+: 0x7f834574b8aa 0x7f834574b8bd
+B+: 0x7f834574b8c0 0x7f834574b8ca
+B+: 0x7f834574b8d0 0x7f834574b8ef
+B+: 0x7f834574b8f0 0x7f834574b8f4
+B+: 0x7f834574b8f5 0x7f834574b90c
+B+: 0x7f834574b90d 0x7f834574b910
+B+: 0x7f834574b911 0x7f834574b912
+B+: 0x7f834574b913 0x7f834574b91b
+B+: 0x7f834574b91c 0x7f834574b930
+B+: 0x7f834574b938 0x7f834574b93c
+B+: 0x7f834574b980 0x7f834574b98f
+B+: 0x7f834574b990 0x7f834574b99b
+B+: 0x7f834574b99c 0x7f834574b9ab
+B+: 0x7f834574ba80 0x7f834574ba93
+B+: 0x7f834574ba94 0x7f834574baac
+B+: 0x7f834574baad 0x7f834574babf
+B+: 0x7f834574bac0 0x7f834574bada
+B+: 0x7f834574badb 0x7f834574bae3
+B+: 0x7f834574baec 0x7f834574baf8
+B+: 0x7f834574baf9 0x7f834574bb02
+B+: 0x7f834574bb03 0x7f834574bb06
+B+: 0x7f834574bb07 0x7f834574bb1a
+B+: 0x7f834574bc49 0x7f834574bc55
+B+: 0x7f834574bc56 0x7f834574bc67
+B+: 0x7f834574bc82 0x7f834574bc93
+B+: 0x7f834574bd77 0x7f834574bd82
+B+: 0x7f834574bda0 0x7f834574bdb2
+B+: 0x7f834574bdb3 0x7f834574bddf
+B+: 0x7f834574bde0 0x7f834574bdeb
+B+: 0x7f834574bdec 0x7f834574bdfc
+B+: 0x7f834574bdfd 0x7f834574be18
+B+: 0x7f834574be19 0x7f834574be25
+B+: 0x7f834574be26 0x7f834574be2e
+B+: 0x7f834574be2f 0x7f834574be3f
+B+: 0x7f834574be40 0x7f834574be44
+B+: 0x7f834574be45 0x7f834574be50
+B+: 0x7f834574be51 0x7f834574be5d
+B+: 0x7f834574be5e 0x7f834574be77
+B+: 0x7f834574bece 0x7f834574bed2
+B+: 0x7f834574bed3 0x7f834574bede
+B+: 0x7f834574bee0 0x7f834574beec
+B+: 0x7f834574bf60 0x7f834574bf7c
+B+: 0x7f834574c120 0x7f834574c128
+B+: 0x7f834574c129 0x7f834574c147
+B+: 0x7f834574c750 0x7f834574c75e
+B+: 0x7f834574c75f 0x7f834574c763
+B+: 0x7f834574c764 0x7f834574c770
+B+: 0x7f834574c771 0x7f834574c777
+B+: 0x7f834574c778 0x7f834574c783
+B+: 0x7f834574c784 0x7f834574c788
+B+: 0x7f834574c789 0x7f834574c78d
+B+: 0x7f834574c78e 0x7f834574c796
+B+: 0x7f834574c797 0x7f834574c79e
+B+: 0x7f834574c890 0x7f834574c892
+B+: 0x7f834574c8a7 0x7f834574c8ab
+B+: 0x7f834574c8ac 0x7f834574c8b2
+B+: 0x7f834574c8b3 0x7f834574c8b6
+B+: 0x7f834574c8d0 0x7f834574c8e1
+B+: 0x7f834574c8e2 0x7f834574c8e6
+B+: 0x7f834574c8e7 0x7f834574c8eb
+B+: 0x7f834574c8ec 0x7f834574c8f1
+B+: 0x7f834574c8f2 0x7f834574c8fa
+B+: 0x7f834574c8fb 0x7f834574c8fc
+B+: 0x7f834574c940 0x7f834574c948
+B+: 0x7f834574c949 0x7f834574c951
+B+: 0x7f834574c980 0x7f834574c988
+B+: 0x7f834574c989 0x7f834574c98a
+B+: 0x7f834574c98b 0x7f834574c991
+B+: 0x7f834574c992 0x7f834574c9a2
+B+: 0x7f834574c9a8 0x7f834574c9ac
+B+: 0x7f834574c9eb 0x7f834574ca00
+B+: 0x7f834574ca08 0x7f834574ca10
+B+: 0x7f834574caf0 0x7f834574cb11
+B+: 0x7f834574cb12 0x7f834574cb16
+B+: 0x7f834574cb17 0x7f834574cb1d
+B+: 0x7f834574cb1e 0x7f834574cb26
+B+: 0x7f834574cb27 0x7f834574cb34
+B+: 0x7f834574cb35 0x7f834574cb3c
+B+: 0x7f834574cb3d 0x7f834574cb49
+B+: 0x7f834574cb4a 0x7f834574cb5a
+B+: 0x7f834574cb5b 0x7f834574cb63
+B+: 0x7f834574cb7f 0x7f834574cb93
+B+: 0x7f834574cb94 0x7f834574cb9c
+B+: 0x7f834574cbe0 0x7f834574cbf7
+B+: 0x7f834574cbf8 0x7f834574cc00
+B+: 0x7f834574cc1b 0x7f834574cc2b
+B+: 0x7f834574cd40 0x7f834574cd5e
+B+: 0x7f834574cd5f 0x7f834574cd6d
+B+: 0x7f834574cd6e 0x7f834574cd72
+B+: 0x7f834574cd7d 0x7f834574cd90
+B+: 0x7f834574cd91 0x7f834574cd95
+B+: 0x7f834574cd96 0x7f834574cd9a
+B+: 0x7f834574cda0 0x7f834574cda4
+B+: 0x7f834574cdd5 0x7f834574cdd9
+B+: 0x7f834574cdda 0x7f834574cdde
+B+: 0x7f834574cdf0 0x7f834574cdfb
+B+: 0x7f834574cdfc 0x7f834574ce07
+B+: 0x7f834574ce08 0x7f834574ce10
+B+: 0x7f834574ce2c 0x7f834574ce30
+B+: 0x7f834574ce31 0x7f834574ce36
+B+: 0x7f834574ce41 0x7f834574ce45
+B+: 0x7f834574ce46 0x7f834574ce54
+B+: 0x7f834574ce55 0x7f834574ce5d
+B+: 0x7f834574ce5e 0x7f834574ce62
+B+: 0x7f834574ce63 0x7f834574ce74
+B+: 0x7f834574ce78 0x7f834574ce84
+B+: 0x7f834574cea0 0x7f834574cea4
+B+: 0x7f834574cef0 0x7f834574cf03
+B+: 0x7f834574cf40 0x7f834574cf76
+B+: 0x7f834574cf77 0x7f834574cf82
+B+: 0x7f834574cf83 0x7f834574cf92
+B+: 0x7f834574d01b 0x7f834574d031
+B+: 0x7f834574d032 0x7f834574d040
+B+: 0x7f834574d075 0x7f834574d0b8
+B+: 0x7f834574d0b9 0x7f834574d0c3
+B+: 0x7f834574d0c4 0x7f834574d0cc
+B+: 0x7f834574d0cd 0x7f834574d0d5
+B+: 0x7f834574d0d6 0x7f834574d0de
+B+: 0x7f834574d0df 0x7f834574d106
+B+: 0x7f834574d107 0x7f834574d133
+B+: 0x7f834574d578 0x7f834574d581
+B+: 0x7f834574d582 0x7f834574d5a8
+B+: 0x7f834574d5a9 0x7f834574d5b6
+B+: 0x7f834574d5d0 0x7f834574d5e0
+B+: 0x7f834574d5e1 0x7f834574d5ee
+B+: 0x7f834574d5ef 0x7f834574d5f3
+B+: 0x7f834574d670 0x7f834574d67e
+B+: 0x7f834574d67f 0x7f834574d683
+B+: 0x7f834574d684 0x7f834574d692
+B+: 0x7f834574d693 0x7f834574d69a
+B+: 0x7f834574d69b 0x7f834574d6a2
+B+: 0x7f834574d6a3 0x7f834574d6b7
+B+: 0x7f834574d790 0x7f834574d7bc
+B+: 0x7f834574d7bd 0x7f834574d7d4
+B+: 0x7f834574d7e0 0x7f834574d83a
+B+: 0x7f834574d83b 0x7f834574d875
+B+: 0x7f834574d876 0x7f834574d893
+B+: 0x7f834574d894 0x7f834574d8a3
+B+: 0x7f834574d8a4 0x7f834574d8b0
+B+: 0x7f834574d9b4 0x7f834574d9b8
+B+: 0x7f834574d9b9 0x7f834574d9cf
+B+: 0x7f834574d9d0 0x7f834574d9dc
+B+: 0x7f834574d9dd 0x7f834574d9ef
+B+: 0x7f834574d9f0 0x7f834574d9f7
+B+: 0x7f834574da01 0x7f834574da16
+B+: 0x7f834574da28 0x7f834574da3d
+B+: 0x7f834574da3e 0x7f834574da4d
+B+: 0x7f834574da79 0x7f834574da97
+B+: 0x7f834574da98 0x7f834574dac0
+B+: 0x7f834574dac1 0x7f834574dacf
+B+: 0x7f834574e148 0x7f834574e154
+B+: 0x7f834574e155 0x7f834574e174
+B+: 0x7f834574e175 0x7f834574e17f
+B+: 0x7f834574e1ac 0x7f834574e1b0
+B+: 0x7f834574e1b1 0x7f834574e1b5
+B+: 0x7f834574ea40 0x7f834574ea64
+B+: 0x7f834574eb10 0x7f834574eb1a
+B+: 0x7f834574eb40 0x7f834574eb47
+B+: 0x7f834574eb48 0x7f834574eb51
+B+: 0x7f834574eb58 0x7f834574eb60
+B+: 0x7f834574eb61 0x7f834574eb6a
+B+: 0x7f834574eb88 0x7f834574eb8c
+B+: 0x7f834574eb8d 0x7f834574eb94
+B+: 0x7f834574eba0 0x7f834574eba4
+B+: 0x7f834574ed00 0x7f834574ed30
+B+: 0x7f834574ee3f 0x7f834574ee55
+B+: 0x7f834574ee56 0x7f834574ee67
+B+: 0x7f834574f1e0 0x7f834574f222
+B+: 0x7f834574f223 0x7f834574f228
+B+: 0x7f834574f24c 0x7f834574f260
+B+: 0x7f834574f261 0x7f834574f269
+B+: 0x7f834574f270 0x7f834574f279
+B+: 0x7f834574f288 0x7f834574f2a0
+B+: 0x7f834574f2a1 0x7f834574f2ba
+B+: 0x7f834574f2bb 0x7f834574f2bc
+B+: 0x7f834574f2d0 0x7f834574f2d8
+B+: 0x7f834574f2f8 0x7f834574f2f8
+B+: 0x7f834574f300 0x7f834574f30c
+B+: 0x7f834574f33f 0x7f834574f343
+B+: 0x7f834574f380 0x7f834574f384
+B+: 0x7f834574f3d0 0x7f834574f3e3
+B+: 0x7f834574f400 0x7f834574f400
+B+: 0x7f834574f420 0x7f834574f45b
+B+: 0x7f834574f467 0x7f834574f471
+B+: 0x7f834574f472 0x7f834574f489
+B+: 0x7f834574f48a 0x7f834574f48d
+B+: 0x7f834574f48e 0x7f834574f494
+B+: 0x7f834574f495 0x7f834574f49d
+B+: 0x7f834574f49e 0x7f834574f4a9
+B+: 0x7f834574f4aa 0x7f834574f4c2
+B+: 0x7f834574f4c3 0x7f834574f4ce
+B+: 0x7f834574f4cf 0x7f834574f4e5
+B+: 0x7f834574f4e6 0x7f834574f4f5
+B+: 0x7f834574f500 0x7f834574f50e
+B+: 0x7f834574f50f 0x7f834574f513
+B+: 0x7f834574f514 0x7f834574f51e
+B+: 0x7f834574f540 0x7f834574f549
+B+: 0x7f834574f54a 0x7f834574f54e
+B+: 0x7f834574f54f 0x7f834574f560
+B+: 0x7f834574f568 0x7f834574f577
+B+: 0x7f834574f580 0x7f834574f589
+B+: 0x7f834574f5a8 0x7f834574f5bb
+B+: 0x7f834574f5c0 0x7f834574f5ce
+B+: 0x7f834574f5cf 0x7f834574f5dc
+B+: 0x7f834574f6f0 0x7f834574f6fd
+B+: 0x7f834574f7a0 0x7f834574f7a0
+B+: 0x7f834574f7b0 0x7f834574f7ba
+B+: 0x7f834574f7bb 0x7f834574f7ce
+B+: 0x7f834574f7cf 0x7f834574f7d8
+B+: 0x7f834574f7d9 0x7f834574f7e6
+B+: 0x7f834574f800 0x7f834574f82d
+B+: 0x7f834574f82e 0x7f834574f831
+B+: 0x7f834574f832 0x7f834574f847
+B+: 0x7f834574f864 0x7f834574f86b
+B+: 0x7f834574f86c 0x7f834574f86f
+B+: 0x7f834574f870 0x7f834574f876
+B+: 0x7f834574f877 0x7f834574f87b
+B+: 0x7f834574f87c 0x7f834574f886
+B+: 0x7f834574fae0 0x7f834574fb01
+B+: 0x7f834574fb02 0x7f834574fb0a
+B+: 0x7f834574fb0b 0x7f834574fb14
+B+: 0x7f834574fb15 0x7f834574fb19
+B+: 0x7f834574fc00 0x7f834574fc19
+B+: 0x7f834574fc51 0x7f834574fc8e
+B+: 0x7f834574fc8f 0x7f834574fc9e
+B+: 0x7f834574fc9f 0x7f834574fca6
+B+: 0x7f834574fdf0 0x7f834574fdfb
+B+: 0x7f834574fe20 0x7f834574fe20
+B+: 0x7f834574fe30 0x7f834574fe38
+B+: 0x7f8345751940 0x7f834575194b
+B+: 0x7f834575194c 0x7f8345751957
+B+: 0x7f8345751958 0x7f8345751964
+B+: 0x7f8345751965 0x7f8345751969
+B+: 0x7f834575196a 0x7f834575196f
+B+: 0x7f8345751970 0x7f8345751976
+B+: 0x7f8345751980 0x7f8345751987
+B+: 0x7f8345751988 0x7f834575198c
+B+: 0x7f834575198d 0x7f834575199b
+B+: 0x7f834575199c 0x7f83457519a0
+B+: 0x7f83457519a1 0x7f83457519a8
+B+: 0x7f83457519a9 0x7f83457519ad
+B+: 0x7f83457519ae 0x7f83457519b8
+B+: 0x7f83457519b9 0x7f83457519b9
+B+: 0x7f83457519c0 0x7f83457519c5
+B+: 0x7f83457519c6 0x7f83457519c9
+B+: 0x7f83457519d0 0x7f83457519d0
+B+: 0x7f83457519d1 0x7f83457519d5
+B+: 0x7f83457519d6 0x7f83457519d9
+B+: 0x7f83457519e0 0x7f83457519ff
+B+: 0x7f8345751a00 0x7f8345751a11
+B+: 0x7f8345751a12 0x7f8345751a16
+B+: 0x7f8345751a20 0x7f8345751a22
+B+: 0x7f8345751a23 0x7f8345751a2f
+B+: 0x7f8345751a30 0x7f8345751a33
+B+: 0x7f8345751a34 0x7f8345751a5d
+B+: 0x7f8345751a5e 0x7f8345751a62
+B+: 0x7f8345751a63 0x7f8345751a82
+B+: 0x7f8345751ac0 0x7f8345751ade
+B+: 0x7f8345751adf 0x7f8345751ae3
+B+: 0x7f8345751ae4 0x7f8345751ae8
+B+: 0x7f8345751af0 0x7f8345751af2
+B+: 0x7f8345751af3 0x7f8345751aff
+B+: 0x7f8345751b00 0x7f8345751b03
+B+: 0x7f8345751b04 0x7f8345751b3e
+B+: 0x7f8345751b3f 0x7f8345751b49
+B+: 0x7f8345751b4a 0x7f8345751b57
+B+: 0x7f8345751b58 0x7f8345751b5d
+B+: 0x7f8345751b5e 0x7f8345751b66
+B+: 0x7f8345751b67 0x7f8345751b70
+B+: 0x7f8345751b71 0x7f8345751b7a
+B+: 0x7f8345751b7b 0x7f8345751b9a
+B+: 0x7f8345751b9b 0x7f8345751ba3
+B+: 0x7f8345751ba4 0x7f8345751bbd
+B+: 0x7f8345751bc0 0x7f8345751bc5
+B+: 0x7f8345751bc6 0x7f8345751bcf
+B+: 0x7f8345751bd0 0x7f8345751bd9
+B+: 0x7f8345751bda 0x7f8345751bf7
+B+: 0x7f8345751c08 0x7f8345751c14
+B+: 0x7f8345751c15 0x7f8345751c1b
+B+: 0x7f8345751c1c 0x7f8345751c29
+B+: 0x7f8345751cb0 0x7f8345751cca
+B+: 0x7f8345751ccb 0x7f8345751cda
+B+: 0x7f8345751cdb 0x7f8345751ce6
+B+: 0x7f8345751ce7 0x7f8345751cef
+B+: 0x7f8345751cf0 0x7f8345751cf4
+B+: 0x7f8345751cf5 0x7f8345751cfc
+B+: 0x7f8345751cfd 0x7f8345751d10
+B+: 0x7f8345751d11 0x7f8345751d21
+B+: 0x7f8345751d22 0x7f8345751d26
+B+: 0x7f8345751d27 0x7f8345751d38
+B+: 0x7f8345751d39 0x7f8345751d4b
+B+: 0x7f8345751d4c 0x7f8345751d54
+B+: 0x7f8345751d55 0x7f8345751d5e
+B+: 0x7f8345751d5f 0x7f8345751d6d
+B+: 0x7f8345751ea0 0x7f8345751eb6
+B+: 0x7f8345751eb7 0x7f8345751ebb
+B+: 0x7f8345751ebc 0x7f8345751ec0
+B+: 0x7f8345751ec8 0x7f8345751ecb
+B+: 0x7f8345751ecc 0x7f8345751ed9
+B+: 0x7f8345751eda 0x7f8345751edd
+B+: 0x7f8345751ede 0x7f8345751f06
+B+: 0x7f8345751f07 0x7f8345751f10
+B+: 0x7f8345751f11 0x7f8345751f16
+B+: 0x7f8345751f17 0x7f8345751f24
+B+: 0x7f8345751f25 0x7f8345751f2d
+B+: 0x7f8345752440 0x7f834575246b
+B+: 0x7f834575246c 0x7f8345752470
+B+: 0x7f8345752471 0x7f8345752475
+B+: 0x7f8345752536 0x7f834575253e
+B+: 0x7f834575253f 0x7f8345752548
+B+: 0x7f8345752549 0x7f8345752551
+B+: 0x7f83457525d0 0x7f83457525e4
+B+: 0x7f83457525e5 0x7f8345752606
+B+: 0x7f8345752607 0x7f8345752610
+B+: 0x7f8345752611 0x7f8345752618
+B+: 0x7f8345752640 0x7f8345752648
+B+: 0x7f8345752649 0x7f8345752656
+B+: 0x7f8345752657 0x7f834575265f
+B+: 0x7f8345752660 0x7f8345752661
+B+: 0x7f8345752760 0x7f83457527aa
+B+: 0x7f83457527ab 0x7f83457527af
+B+: 0x7f83457527b0 0x7f83457527be
+B+: 0x7f83457527c8 0x7f83457527d3
+B+: 0x7f83457527d4 0x7f83457527d8
+B+: 0x7f83457527d9 0x7f83457527e0
+B+: 0x7f83457527e1 0x7f83457527e5
+B+: 0x7f83457527e6 0x7f83457527f3
+B+: 0x7f83457527f4 0x7f83457527fb
+B+: 0x7f8345752800 0x7f8345752810
+B+: 0x7f8345752811 0x7f8345752815
+B+: 0x7f8345752816 0x7f8345752832
+B+: 0x7f8345752833 0x7f8345752843
+B+: 0x7f8345752844 0x7f834575284f
+B+: 0x7f8345752850 0x7f8345752857
+B+: 0x7f8345752858 0x7f834575285c
+B+: 0x7f834575285d 0x7f8345752868
+B+: 0x7f8345752869 0x7f834575287b
+B+: 0x7f834575287c 0x7f8345752884
+B+: 0x7f8345752888 0x7f8345752897
+B+: 0x7f8345752898 0x7f834575289b
+B+: 0x7f834575289c 0x7f83457528b4
+B+: 0x7f83457528b5 0x7f83457528b8
+B+: 0x7f83457528b9 0x7f83457528c6
+B+: 0x7f83457528c7 0x7f83457528d5
+B+: 0x7f8345752dc0 0x7f8345752dec
+B+: 0x7f8345752ded 0x7f8345752df2
+B+: 0x7f8345752df3 0x7f8345752e04
+B+: 0x7f8345752e05 0x7f8345752e0d
+B+: 0x7f8345752e0e 0x7f8345752e1c
+CND+ 0x7f834574100e: taken
+CND+ 0x7f83457415ea: not taken
+CND+ 0x7f8345741626: not taken
+CND+ 0x7f834574163b: taken
+CND+ 0x7f8345741673: not taken
+CND+ 0x7f8345741687: not taken
+CND+ 0x7f8345741695: not taken
+CND+ 0x7f83457417e2: taken
+CND+ 0x7f8345741862: not taken
+CND+ 0x7f834574187c: both
+CND+ 0x7f83457418a9: not taken
+CND+ 0x7f8345741a5d: not taken
+CND+ 0x7f8345741a62: taken
+CND+ 0x7f83457426e6: not taken
+CND+ 0x7f8345742704: taken
+CND+ 0x7f834574271a: not taken
+CND+ 0x7f834574271f: taken
+CND+ 0x7f834574272f: taken
+CND+ 0x7f834574274c: not taken
+CND+ 0x7f8345742756: not taken
+CND+ 0x7f834574278f: not taken
+CND+ 0x7f834574279b: taken
+CND+ 0x7f8345743079: taken
+CND+ 0x7f834574311b: not taken
+CND+ 0x7f8345743149: not taken
+CND+ 0x7f8345743158: not taken
+CND+ 0x7f8345743190: not taken
+CND+ 0x7f83457431ce: taken
+CND+ 0x7f8345743c20: not taken
+CND+ 0x7f8345743c2d: taken
+CND+ 0x7f8345743c48: not taken
+CND+ 0x7f8345743c5f: both
+CND+ 0x7f8345743c88: not taken
+CND+ 0x7f8345743ed2: taken
+CND+ 0x7f8345743f55: not taken
+CND+ 0x7f8345743f7e: not taken
+CND+ 0x7f8345743f8a: not taken
+CND+ 0x7f8345743f93: both
+CND+ 0x7f8345743fc4: not taken
+CND+ 0x7f8345743fe2: both
+CND+ 0x7f8345743ffb: taken
+CND+ 0x7f834574405a: taken
+CND+ 0x7f83457440af: not taken
+CND+ 0x7f83457440b8: taken
+CND+ 0x7f83457440e0: taken
+CND+ 0x7f8345744116: not taken
+CND+ 0x7f834574415a: not taken
+CND+ 0x7f8345744163: taken
+CND+ 0x7f834574421b: taken
+CND+ 0x7f834574424a: taken
+CND+ 0x7f834574427c: not taken
+CND+ 0x7f834574436a: taken
+CND+ 0x7f8345744520: not taken
+CND+ 0x7f8345744529: not taken
+CND+ 0x7f8345744532: taken
+CND+ 0x7f83457448eb: not taken
+CND+ 0x7f8345744906: both
+CND+ 0x7f834574493d: not taken
+CND+ 0x7f8345744985: both
+CND+ 0x7f83457449f6: taken
+CND+ 0x7f8345744a20: both
+CND+ 0x7f8345744a29: not taken
+CND+ 0x7f8345744a33: not taken
+CND+ 0x7f8345744ae4: not taken
+CND+ 0x7f8345744afb: taken
+CND+ 0x7f8345744b2a: both
+CND+ 0x7f8345744b30: both
+CND+ 0x7f8345744b40: taken
+CND+ 0x7f8345744b60: not taken
+CND+ 0x7f8345744b96: not taken
+CND+ 0x7f8345744be5: taken
+CND+ 0x7f8345744da0: not taken
+CND+ 0x7f8345744da9: not taken
+CND+ 0x7f8345744dc8: both
+CND+ 0x7f8345744dd0: both
+CND+ 0x7f8345744e2e: taken
+CND+ 0x7f8345744e57: not taken
+CND+ 0x7f8345744eac: taken
+CND+ 0x7f8345744ed8: taken
+CND+ 0x7f8345744fa3: not taken
+CND+ 0x7f8345744fc0: taken
+CND+ 0x7f8345745019: not taken
+CND+ 0x7f8345745065: not taken
+CND+ 0x7f834574506f: not taken
+CND+ 0x7f8345745089: both
+CND+ 0x7f834574509d: not taken
+CND+ 0x7f83457450ab: taken
+CND+ 0x7f834574514c: not taken
+CND+ 0x7f8345745156: taken
+CND+ 0x7f83457451cc: taken
+CND+ 0x7f83457451ee: taken
+CND+ 0x7f8345745811: both
+CND+ 0x7f834574581b: not taken
+CND+ 0x7f834574581f: not taken
+CND+ 0x7f8345745839: taken
+CND+ 0x7f8345745859: taken
+CND+ 0x7f8345745861: taken
+CND+ 0x7f834574645f: taken
+CND+ 0x7f8345746626: not taken
+CND+ 0x7f83457466ca: taken
+CND+ 0x7f8345746762: taken
+CND+ 0x7f83457472a4: taken
+CND+ 0x7f83457472bd: not taken
+CND+ 0x7f83457472cd: not taken
+CND+ 0x7f834574730f: taken
+CND+ 0x7f8345747327: taken
+CND+ 0x7f834574733a: not taken
+CND+ 0x7f8345747343: taken
+CND+ 0x7f8345747381: not taken
+CND+ 0x7f83457473d6: taken
+CND+ 0x7f83457473e7: taken
+CND+ 0x7f8345747895: not taken
+CND+ 0x7f83457478a8: not taken
+CND+ 0x7f83457478d2: not taken
+CND+ 0x7f8345747907: not taken
+CND+ 0x7f8345747942: taken
+CND+ 0x7f8345747953: not taken
+CND+ 0x7f8345747963: taken
+CND+ 0x7f8345747a7b: not taken
+CND+ 0x7f8345747dbc: both
+CND+ 0x7f8345747dc9: both
+CND+ 0x7f8345747e03: not taken
+CND+ 0x7f8345747e0d: not taken
+CND+ 0x7f8345747e18: taken
+CND+ 0x7f83457481a1: not taken
+CND+ 0x7f83457481ab: not taken
+CND+ 0x7f83457481e4: taken
+CND+ 0x7f83457481f2: taken
+CND+ 0x7f834574820a: not taken
+CND+ 0x7f8345748225: not taken
+CND+ 0x7f834574822f: not taken
+CND+ 0x7f8345748247: taken
+CND+ 0x7f8345748533: taken
+CND+ 0x7f8345748582: taken
+CND+ 0x7f8345748655: taken
+CND+ 0x7f8345748698: taken
+CND+ 0x7f8345748703: not taken
+CND+ 0x7f834574870c: taken
+CND+ 0x7f8345748725: not taken
+CND+ 0x7f8345748742: not taken
+CND+ 0x7f834574875a: not taken
+CND+ 0x7f8345748765: not taken
+CND+ 0x7f8345748792: not taken
+CND+ 0x7f8345748797: taken
+CND+ 0x7f83457487a9: taken
+CND+ 0x7f83457487ad: not taken
+CND+ 0x7f83457487bc: taken
+CND+ 0x7f83457487ce: taken
+CND+ 0x7f8345748848: taken
+CND+ 0x7f8345748889: not taken
+CND+ 0x7f834574889b: not taken
+CND+ 0x7f83457488a8: taken
+CND+ 0x7f8345748c2f: not taken
+CND+ 0x7f8345748c57: taken
+CND+ 0x7f8345748c65: not taken
+CND+ 0x7f8345748c6e: taken
+CND+ 0x7f8345748c86: not taken
+CND+ 0x7f8345748cae: taken
+CND+ 0x7f8345749366: taken
+CND+ 0x7f83457499d6: taken
+CND+ 0x7f8345749a31: not taken
+CND+ 0x7f8345749a51: taken
+CND+ 0x7f8345749aad: not taken
+CND+ 0x7f8345749ab5: taken
+CND+ 0x7f8345749b00: taken
+CND+ 0x7f8345749b5a: not taken
+CND+ 0x7f8345749b62: not taken
+CND+ 0x7f8345749b6b: not taken
+CND+ 0x7f8345749b75: not taken
+CND+ 0x7f8345749b7f: taken
+CND+ 0x7f8345749b9b: taken
+CND+ 0x7f8345749c3c: taken
+CND+ 0x7f8345749ed9: not taken
+CND+ 0x7f8345749ee6: not taken
+CND+ 0x7f8345749f01: not taken
+CND+ 0x7f8345749f1a: not taken
+CND+ 0x7f8345749f20: not taken
+CND+ 0x7f8345749f26: taken
+CND+ 0x7f834574a76c: not taken
+CND+ 0x7f834574a78c: not taken
+CND+ 0x7f834574a7d8: both
+CND+ 0x7f834574a7e1: taken
+CND+ 0x7f834574a806: not taken
+CND+ 0x7f834574a840: not taken
+CND+ 0x7f834574a84a: not taken
+CND+ 0x7f834574a965: both
+CND+ 0x7f834574a989: not taken
+CND+ 0x7f834574a9b2: not taken
+CND+ 0x7f834574a9bc: not taken
+CND+ 0x7f834574a9e3: not taken
+CND+ 0x7f834574aa13: taken
+CND+ 0x7f834574aafd: not taken
+CND+ 0x7f834574ab1a: not taken
+CND+ 0x7f834574ab61: taken
+CND+ 0x7f834574b711: not taken
+CND+ 0x7f834574b71d: not taken
+CND+ 0x7f834574b722: not taken
+CND+ 0x7f834574b748: not taken
+CND+ 0x7f834574b74c: not taken
+CND+ 0x7f834574b75f: not taken
+CND+ 0x7f834574b7a4: not taken
+CND+ 0x7f834574b8f3: both
+CND+ 0x7f834574b90f: both
+CND+ 0x7f834574b911: not taken
+CND+ 0x7f834574b91a: taken
+CND+ 0x7f834574ba92: not taken
+CND+ 0x7f834574baba: not taken
+CND+ 0x7f834574bad5: both
+CND+ 0x7f834574bade: taken
+CND+ 0x7f834574baf7: not taken
+CND+ 0x7f834574bb01: not taken
+CND+ 0x7f834574bb05: not taken
+CND+ 0x7f834574bb19: taken
+CND+ 0x7f834574bc50: not taken
+CND+ 0x7f834574bc62: taken
+CND+ 0x7f834574bdb1: not taken
+CND+ 0x7f834574bdea: both
+CND+ 0x7f834574be13: not taken
+CND+ 0x7f834574be20: taken
+CND+ 0x7f834574be2d: not taken
+CND+ 0x7f834574be43: not taken
+CND+ 0x7f834574be4f: both
+CND+ 0x7f834574be58: not taken
+CND+ 0x7f834574be72: taken
+CND+ 0x7f834574bee7: taken
+CND+ 0x7f834574c75d: both
+CND+ 0x7f834574c76f: not taken
+CND+ 0x7f834574c782: both
+CND+ 0x7f834574c787: both
+CND+ 0x7f834574c795: both
+CND+ 0x7f834574c8b1: not taken
+CND+ 0x7f834574c8dc: not taken
+CND+ 0x7f834574c8ea: not taken
+CND+ 0x7f834574c8ec: both
+CND+ 0x7f834574c8f5: not taken
+CND+ 0x7f834574c8fb: taken
+CND+ 0x7f834574c943: not taken
+CND+ 0x7f834574c94c: taken
+CND+ 0x7f834574c983: not taken
+CND+ 0x7f834574c989: both
+CND+ 0x7f834574c990: not taken
+CND+ 0x7f834574c9ab: taken
+CND+ 0x7f834574ca0b: taken
+CND+ 0x7f834574cb10: both
+CND+ 0x7f834574cb1c: not taken
+CND+ 0x7f834574cb21: both
+CND+ 0x7f834574cb2f: not taken
+CND+ 0x7f834574cb37: both
+CND+ 0x7f834574cb44: both
+CND+ 0x7f834574cb5e: taken
+CND+ 0x7f834574cb92: both
+CND+ 0x7f834574cb9b: taken
+CND+ 0x7f834574cbfb: taken
+CND+ 0x7f834574cd68: both
+CND+ 0x7f834574cd71: taken
+CND+ 0x7f834574cd8b: not taken
+CND+ 0x7f834574cda3: taken
+CND+ 0x7f834574cddd: taken
+CND+ 0x7f834574ce02: not taken
+CND+ 0x7f834574ce0b: taken
+CND+ 0x7f834574ce2f: not taken
+CND+ 0x7f834574ce35: taken
+CND+ 0x7f834574ce4f: not taken
+CND+ 0x7f834574ce58: both
+CND+ 0x7f834574cf7d: not taken
+CND+ 0x7f834574d02c: not taken
+CND+ 0x7f834574d0c7: not taken
+CND+ 0x7f834574d0d0: both
+CND+ 0x7f834574d0d9: not taken
+CND+ 0x7f834574d5a7: both
+CND+ 0x7f834574d5ed: not taken
+CND+ 0x7f834574d5f2: taken
+CND+ 0x7f834574d682: not taken
+CND+ 0x7f834574d6a1: not taken
+CND+ 0x7f834574d7bb: not taken
+CND+ 0x7f834574d835: not taken
+CND+ 0x7f834574d870: not taken
+CND+ 0x7f834574d88e: not taken
+CND+ 0x7f834574d89e: not taken
+CND+ 0x7f834574d9ca: both
+CND+ 0x7f834574d9ea: taken
+CND+ 0x7f834574d9f6: taken
+CND+ 0x7f834574da15: taken
+CND+ 0x7f834574da38: not taken
+CND+ 0x7f834574da48: taken
+CND+ 0x7f834574dabb: not taken
+CND+ 0x7f834574e14f: not taken
+CND+ 0x7f834574e16f: not taken
+CND+ 0x7f834574e17e: taken
+CND+ 0x7f834574ea5f: taken
+CND+ 0x7f834574eb46: not taken
+CND+ 0x7f834574eb50: taken
+CND+ 0x7f834574eb69: taken
+CND+ 0x7f834574eb93: taken
+CND+ 0x7f834574ed2b: taken
+CND+ 0x7f834574ee50: not taken
+CND+ 0x7f834574f227: taken
+CND+ 0x7f834574f25f: not taken
+CND+ 0x7f834574f278: taken
+CND+ 0x7f834574f2b9: not taken
+CND+ 0x7f834574f2d7: taken
+CND+ 0x7f834574f30b: taken
+CND+ 0x7f834574f383: taken
+CND+ 0x7f834574f3e2: taken
+CND+ 0x7f834574f456: taken
+CND+ 0x7f834574f488: both
+CND+ 0x7f834574f48c: not taken
+CND+ 0x7f834574f493: not taken
+CND+ 0x7f834574f498: both
+CND+ 0x7f834574f4e0: not taken
+CND+ 0x7f834574f512: not taken
+CND+ 0x7f834574f519: taken
+CND+ 0x7f834574f548: not taken
+CND+ 0x7f834574f54d: not taken
+CND+ 0x7f834574f5c9: not taken
+CND+ 0x7f834574f5d7: taken
+CND+ 0x7f834574f6f8: taken
+CND+ 0x7f834574f7b9: not taken
+CND+ 0x7f834574f830: not taken
+CND+ 0x7f834574f846: taken
+CND+ 0x7f834574f86e: not taken
+CND+ 0x7f834574fb09: not taken
+CND+ 0x7f834574fb13: not taken
+CND+ 0x7f834574fc18: taken
+CND+ 0x7f834574fc9d: not taken
+CND+ 0x7f834574fdfa: taken
+CND+ 0x7f8345751946: both
+CND+ 0x7f8345751963: both
+CND+ 0x7f8345751968: not taken
+CND+ 0x7f834575196e: not taken
+CND+ 0x7f8345751986: not taken
+CND+ 0x7f834575198b: both
+CND+ 0x7f834575199a: both
+CND+ 0x7f834575199f: both
+CND+ 0x7f83457519ac: both
+CND+ 0x7f83457519b7: both
+CND+ 0x7f83457519c4: not taken
+CND+ 0x7f8345751a10: not taken
+CND+ 0x7f8345751a15: taken
+CND+ 0x7f8345751a2e: both
+CND+ 0x7f8345751a32: both
+CND+ 0x7f8345751a5c: both
+CND+ 0x7f8345751add: not taken
+CND+ 0x7f8345751ae2: not taken
+CND+ 0x7f8345751afe: not taken
+CND+ 0x7f8345751b02: both
+CND+ 0x7f8345751b48: both
+CND+ 0x7f8345751b52: not taken
+CND+ 0x7f8345751b5c: not taken
+CND+ 0x7f8345751b65: both
+CND+ 0x7f8345751b6b: taken
+CND+ 0x7f8345751b75: not taken
+CND+ 0x7f8345751b95: not taken
+CND+ 0x7f8345751ba2: not taken
+CND+ 0x7f8345751bc4: not taken
+CND+ 0x7f8345751bce: not taken
+CND+ 0x7f8345751bf6: taken
+CND+ 0x7f8345751c24: taken
+CND+ 0x7f8345751ce1: not taken
+CND+ 0x7f8345751cea: not taken
+CND+ 0x7f8345751cf3: not taken
+CND+ 0x7f8345751d25: not taken
+CND+ 0x7f8345751d53: not taken
+CND+ 0x7f8345751d5d: not taken
+CND+ 0x7f8345751eb5: not taken
+CND+ 0x7f8345751eba: not taken
+CND+ 0x7f8345751ed8: both
+CND+ 0x7f8345751edc: taken
+CND+ 0x7f8345751f0f: not taken
+CND+ 0x7f8345751f15: not taken
+CND+ 0x7f834575246f: not taken
+CND+ 0x7f834575253d: not taken
+CND+ 0x7f8345752547: not taken
+CND+ 0x7f8345752605: not taken
+CND+ 0x7f834575260f: not taken
+CND+ 0x7f8345752647: not taken
+CND+ 0x7f834575265e: not taken
+CND+ 0x7f83457527bd: taken
+CND+ 0x7f83457527d2: taken
+CND+ 0x7f83457527df: not taken
+CND+ 0x7f83457527e4: both
+CND+ 0x7f83457527fa: taken
+CND+ 0x7f8345752856: not taken
+CND+ 0x7f834575285b: taken
+CND+ 0x7f834575287a: not taken
+CND+ 0x7f834575289a: not taken
+CND+ 0x7f83457528b7: not taken
+CND+ 0x7f83457528c5: not taken
+CND+ 0x7f83457528d4: taken
+CND+ 0x7f8345752df1: not taken
+CND+ 0x7f8345752e0c: not taken
@0x7f8345741784 to 0x7f8349219fb0 1
@0x7f8345752e01 to 0x7f8345741840 1
@0x7f834574f55f to 0x7f834574f580 1
@0x7f834574f55f to 0x7f834574f5c0 1
@0x7f834574f55f to 0x7f834574f5a8 2
@0x7f834574d8af to 0x7f834574da01 185
@0x7f834574d8af to 0x7f834574d9f0 10
@0x7f834574d8af to 0x7f834574da28 1
@0x7f8345751c19 to 0x7f83457457d0 1
@0x7f8345751c19 to 0x7f834574c120 1
@0x7f8345741050 to 0x7f834927aa30 4
@0x7f8345741080 to 0x7f834921a330 2
@0x7f8345741090 to 0x7f83492bc710 1
@0x7f83457410a0 to 0x7f8349292e70 5
@0x7f83457410d0 to 0x7f834922da20 7
@0x7f83457410f0 to 0x7f8349351800 4
@0x7f8345741130 to 0x7f83492bd1e0 1
@0x7f8345741140 to 0x7f8349231c10 1
@0x7f8345741150 to 0x7f83492df800 4
@0x7f8345741160 to 0x7f83492bc230 1
@0x7f8345741190 to 0x7f8349351bc0 8
@0x7f83457411c0 to 0x7f83492bd200 1
@0x7f83457411e0 to 0x7f83493515d0 1
@0x7f8345741220 to 0x7f83492bd210 2
@0x7f8345741230 to 0x7f83492e0b10 1
@0x7f834574316e to 0x7f83457431c0 1
@0x7f8345741280 to 0x7f834934cd10 11
@0x7f83457412a0 to 0x7f834922d450 4
@0x7f83457431ac to 0x7f8345743e90 1
@0x7f83457412d0 to 0x7f834934d100 9
@0x7f8345741320 to 0x7f834922e0f0 4
@0x7f8345741330 to 0x7f8349352100 6
@0x7f8345741350 to 0x7f83492bd220 1
@0x7f8345741370 to 0x7f83492df800 2
@0x7f8345741390 to 0x7f834927a3e0 23
@0x7f83457413b0 to 0x7f83492bd230 1
@0x7f83457413c0 to 0x7f834934ce90 22
@0x7f83457413e0 to 0x7f83492fdba0 1
@0x7f8345741410 to 0x7f834927ac80 1
@0x7f8345741460 to 0x7f83493520e0 13
@0x7f8345741510 to 0x7f83492bd1f0 1
@0x7f8345741560 to 0x7f83492bc4e0 1
@0x7f8345741570 to 0x7f8349226580 191
@0x7f834574cf91 to 0x7f834574d075 1
