MODULE_NAME: /usr/bin/gs
MODULE_START: 0x7f4e239b8000
+B+: 0x7f4e239b9000 0x7f4e239b900f
+B+: 0x7f4e239b9012 0x7f4e239b9016
+B+: 0x7f4e239b9020 0x7f4e239b902b
+B+: 0x7f4e239b9030 0x7f4e239b9035
+B+: 0x7f4e239b9036 0x7f4e239b903f
+B+: 0x7f4e239b9040 0x7f4e239b9045
+B+: 0x7f4e239b9046 0x7f4e239b904f
+B+: 0x7f4e239b9050 0x7f4e239b9055
+B+: 0x7f4e239b9056 0x7f4e239b905f
+B+: 0x7f4e239b90b0 0x7f4e239b90b5
+B+: 0x7f4e239b90b6 0x7f4e239b90bf
+B+: 0x7f4e239b90c0 0x7f4e239b90c5
+B+: 0x7f4e239b90c6 0x7f4e239b90cf
+B+: 0x7f4e239b90e0 0x7f4e239b90e5
+B+: 0x7f4e239b90f0 0x7f4e239b9121
+B+: 0x7f4e239b9122 0x7f4e239b9127
+B+: 0x7f4e239b9128 0x7f4e239b9130
+B+: 0x7f4e239b9131 0x7f4e239b9132
+B+: 0x7f4e239b9133 0x7f4e239b9137
+B+: 0x7f4e239b913d 0x7f4e239b9152
+B+: 0x7f4e239b9153 0x7f4e239b915b
+B+: 0x7f4e239b9178 0x7f4e239b9183
+B+: 0x7f4e239b9184 0x7f4e239b91a2
+B+: 0x7f4e239b91a3 0x7f4e239b91b1
+B+: 0x7f4e239b91b2 0x7f4e239b91b7
+B+: 0x7f4e239b91b8 0x7f4e239b91c1
+B+: 0x7f4e239b91c2 0x7f4e239b91c5
+B+: 0x7f4e239b91c6 0x7f4e239b91ca
+B+: 0x7f4e239b91cb 0x7f4e239b91d6
+B+: 0x7f4e239b91d7 0x7f4e239b91db
+B+: 0x7f4e239b91dc 0x7f4e239b91e0
+B+: 0x7f4e239b9213 0x7f4e239b9216
+B+: 0x7f4e239b9220 0x7f4e239b9249
+B+: 0x7f4e239b9250 0x7f4e239b9262
+B+: 0x7f4e239b9278 0x7f4e239b9278
+B+: 0x7f4e239b9280 0x7f4e239b92a3
+B+: 0x7f4e239b92b8 0x7f4e239b92b8
+B+: 0x7f4e239b92c0 0x7f4e239b92c8
+B+: 0x7f4e239b92c9 0x7f4e239b92d6
+B+: 0x7f4e239b92d7 0x7f4e239b92e2
+B+: 0x7f4e239b92e3 0x7f4e239b92e7
+B+: 0x7f4e239b92e8 0x7f4e239b92f0
+B+: 0x7f4e239b9300 0x7f4e239b9304
+B+: 0x7f4e239b93c0 0x7f4e239b93ec
+B+: 0x7f4e239b93ed 0x7f4e239b93f2
+B+: 0x7f4e239b93f3 0x7f4e239b9404
+B+: 0x7f4e239b9405 0x7f4e239b940d
+B+: 0x7f4e239b940e 0x7f4e239b941c
+B+: 0x7f4e239b9424 0x7f4e239b942c
+CND+ 0x7f4e239b900e: taken
+CND+ 0x7f4e239b9126: taken
+CND+ 0x7f4e239b912b: not taken
+CND+ 0x7f4e239b9131: not taken
+CND+ 0x7f4e239b9136: taken
+CND+ 0x7f4e239b914d: not taken
+CND+ 0x7f4e239b91b6: not taken
+CND+ 0x7f4e239b91c4: not taken
+CND+ 0x7f4e239b91c9: taken
+CND+ 0x7f4e239b91df: taken
+CND+ 0x7f4e239b9261: taken
+CND+ 0x7f4e239b92a2: taken
+CND+ 0x7f4e239b92c7: not taken
+CND+ 0x7f4e239b92d5: not taken
+CND+ 0x7f4e239b93f1: not taken
+CND+ 0x7f4e239b940c: not taken
@0x7f4e239b9026 to 0x7f4e279a8500 5
@0x7f4e239b9030 to 0x7f4e239b9036 1
@0x7f4e239b9040 to 0x7f4e239b9046 1
@0x7f4e239b9050 to 0x7f4e239b9056 1
@0x7f4e239b90b0 to 0x7f4e239b90b6 1
@0x7f4e239b90c0 to 0x7f4e239b90c6 1
@0x7f4e239b90e0 to 0x7f4e2650e1c0 1
@0x7f4e239b9244 to 0x7f4e264f7fb0 1
@0x7f4e239b9401 to 0x7f4e239b9300 1
