MODULE_NAME: /usr/bin/gs
MODULE_START: 0x7f05d51d4000
+B+: 0x7f05d51d5000 0x7f05d51d500f
+B+: 0x7f05d51d5012 0x7f05d51d5016
+B+: 0x7f05d51d5020 0x7f05d51d502b
+B+: 0x7f05d51d5030 0x7f05d51d5035
+B+: 0x7f05d51d5036 0x7f05d51d503f
+B+: 0x7f05d51d5040 0x7f05d51d5045
+B+: 0x7f05d51d5046 0x7f05d51d504f
+B+: 0x7f05d51d5050 0x7f05d51d5055
+B+: 0x7f05d51d5056 0x7f05d51d505f
+B+: 0x7f05d51d50b0 0x7f05d51d50b5
+B+: 0x7f05d51d50b6 0x7f05d51d50bf
+B+: 0x7f05d51d50c0 0x7f05d51d50c5
+B+: 0x7f05d51d50c6 0x7f05d51d50cf
+B+: 0x7f05d51d50e0 0x7f05d51d50e5
+B+: 0x7f05d51d50f0 0x7f05d51d5121
+B+: 0x7f05d51d5122 0x7f05d51d5127
+B+: 0x7f05d51d5128 0x7f05d51d5130
+B+: 0x7f05d51d5131 0x7f05d51d5132
+B+: 0x7f05d51d5133 0x7f05d51d5137
+B+: 0x7f05d51d513d 0x7f05d51d5152
+B+: 0x7f05d51d5153 0x7f05d51d515b
+B+: 0x7f05d51d5178 0x7f05d51d5183
+B+: 0x7f05d51d5184 0x7f05d51d51a2
+B+: 0x7f05d51d51a3 0x7f05d51d51b1
+B+: 0x7f05d51d51b2 0x7f05d51d51b7
+B+: 0x7f05d51d51b8 0x7f05d51d51c1
+B+: 0x7f05d51d51c2 0x7f05d51d51c5
+B+: 0x7f05d51d51c6 0x7f05d51d51ca
+B+: 0x7f05d51d51cb 0x7f05d51d51d6
+B+: 0x7f05d51d51d7 0x7f05d51d51db
+B+: 0x7f05d51d51dc 0x7f05d51d51e0
+B+: 0x7f05d51d5213 0x7f05d51d5216
+B+: 0x7f05d51d5220 0x7f05d51d5249
+B+: 0x7f05d51d5250 0x7f05d51d5262
+B+: 0x7f05d51d5278 0x7f05d51d5278
+B+: 0x7f05d51d5280 0x7f05d51d52a3
+B+: 0x7f05d51d52b8 0x7f05d51d52b8
+B+: 0x7f05d51d52c0 0x7f05d51d52c8
+B+: 0x7f05d51d52c9 0x7f05d51d52d6
+B+: 0x7f05d51d52d7 0x7f05d51d52e2
+B+: 0x7f05d51d52e3 0x7f05d51d52e7
+B+: 0x7f05d51d52e8 0x7f05d51d52f0
+B+: 0x7f05d51d5300 0x7f05d51d5304
+B+: 0x7f05d51d53c0 0x7f05d51d53ec
+B+: 0x7f05d51d53ed 0x7f05d51d53f2
+B+: 0x7f05d51d53f3 0x7f05d51d5404
+B+: 0x7f05d51d5405 0x7f05d51d540d
+B+: 0x7f05d51d540e 0x7f05d51d541c
+B+: 0x7f05d51d5424 0x7f05d51d542c
+CND+ 0x7f05d51d500e: taken
+CND+ 0x7f05d51d5126: taken
+CND+ 0x7f05d51d512b: not taken
+CND+ 0x7f05d51d5131: not taken
+CND+ 0x7f05d51d5136: taken
+CND+ 0x7f05d51d514d: not taken
+CND+ 0x7f05d51d51b6: not taken
+CND+ 0x7f05d51d51c4: not taken
+CND+ 0x7f05d51d51c9: taken
+CND+ 0x7f05d51d51df: taken
+CND+ 0x7f05d51d5261: taken
+CND+ 0x7f05d51d52a2: taken
+CND+ 0x7f05d51d52c7: not taken
+CND+ 0x7f05d51d52d5: not taken
+CND+ 0x7f05d51d53f1: not taken
+CND+ 0x7f05d51d540c: not taken
@0x7f05d51d5026 to 0x7f05d91c4500 5
@0x7f05d51d5030 to 0x7f05d51d5036 1
@0x7f05d51d5040 to 0x7f05d51d5046 1
@0x7f05d51d5050 to 0x7f05d51d5056 1
@0x7f05d51d50b0 to 0x7f05d51d50b6 1
@0x7f05d51d50c0 to 0x7f05d51d50c6 1
@0x7f05d51d50e0 to 0x7f05d7d2a1c0 1
@0x7f05d51d5244 to 0x7f05d7d13fb0 1
@0x7f05d51d5401 to 0x7f05d51d5300 1
