MODULE_NAME: /usr/bin/gs
MODULE_START: 0x7f6a02c66000
+B+: 0x7f6a02c67000 0x7f6a02c6700f
+B+: 0x7f6a02c67012 0x7f6a02c67016
+B+: 0x7f6a02c67020 0x7f6a02c6702b
+B+: 0x7f6a02c67030 0x7f6a02c67035
+B+: 0x7f6a02c67036 0x7f6a02c6703f
+B+: 0x7f6a02c67040 0x7f6a02c67045
+B+: 0x7f6a02c67046 0x7f6a02c6704f
+B+: 0x7f6a02c67050 0x7f6a02c67055
+B+: 0x7f6a02c67056 0x7f6a02c6705f
+B+: 0x7f6a02c670b0 0x7f6a02c670b5
+B+: 0x7f6a02c670b6 0x7f6a02c670bf
+B+: 0x7f6a02c670c0 0x7f6a02c670c5
+B+: 0x7f6a02c670c6 0x7f6a02c670cf
+B+: 0x7f6a02c670e0 0x7f6a02c670e5
+B+: 0x7f6a02c670f0 0x7f6a02c67121
+B+: 0x7f6a02c67122 0x7f6a02c67127
+B+: 0x7f6a02c67128 0x7f6a02c67130
+B+: 0x7f6a02c67131 0x7f6a02c67132
+B+: 0x7f6a02c67133 0x7f6a02c67137
+B+: 0x7f6a02c6713d 0x7f6a02c67152
+B+: 0x7f6a02c67153 0x7f6a02c6715b
+B+: 0x7f6a02c67178 0x7f6a02c67183
+B+: 0x7f6a02c67184 0x7f6a02c671a2
+B+: 0x7f6a02c671a3 0x7f6a02c671b1
+B+: 0x7f6a02c671b2 0x7f6a02c671b7
+B+: 0x7f6a02c671b8 0x7f6a02c671c1
+B+: 0x7f6a02c671c2 0x7f6a02c671c5
+B+: 0x7f6a02c671c6 0x7f6a02c671ca
+B+: 0x7f6a02c671cb 0x7f6a02c671d6
+B+: 0x7f6a02c671d7 0x7f6a02c671db
+B+: 0x7f6a02c671dc 0x7f6a02c671e0
+B+: 0x7f6a02c67213 0x7f6a02c67216
+B+: 0x7f6a02c67220 0x7f6a02c67249
+B+: 0x7f6a02c67250 0x7f6a02c67262
+B+: 0x7f6a02c67278 0x7f6a02c67278
+B+: 0x7f6a02c67280 0x7f6a02c672a3
+B+: 0x7f6a02c672b8 0x7f6a02c672b8
+B+: 0x7f6a02c672c0 0x7f6a02c672c8
+B+: 0x7f6a02c672c9 0x7f6a02c672d6
+B+: 0x7f6a02c672d7 0x7f6a02c672e2
+B+: 0x7f6a02c672e3 0x7f6a02c672e7
+B+: 0x7f6a02c672e8 0x7f6a02c672f0
+B+: 0x7f6a02c67300 0x7f6a02c67304
+B+: 0x7f6a02c673c0 0x7f6a02c673ec
+B+: 0x7f6a02c673ed 0x7f6a02c673f2
+B+: 0x7f6a02c673f3 0x7f6a02c67404
+B+: 0x7f6a02c67405 0x7f6a02c6740d
+B+: 0x7f6a02c6740e 0x7f6a02c6741c
+B+: 0x7f6a02c67424 0x7f6a02c6742c
+CND+ 0x7f6a02c6700e: taken
+CND+ 0x7f6a02c67126: taken
+CND+ 0x7f6a02c6712b: not taken
+CND+ 0x7f6a02c67131: not taken
+CND+ 0x7f6a02c67136: taken
+CND+ 0x7f6a02c6714d: not taken
+CND+ 0x7f6a02c671b6: not taken
+CND+ 0x7f6a02c671c4: not taken
+CND+ 0x7f6a02c671c9: taken
+CND+ 0x7f6a02c671df: taken
+CND+ 0x7f6a02c67261: taken
+CND+ 0x7f6a02c672a2: taken
+CND+ 0x7f6a02c672c7: not taken
+CND+ 0x7f6a02c672d5: not taken
+CND+ 0x7f6a02c673f1: not taken
+CND+ 0x7f6a02c6740c: not taken
@0x7f6a02c67026 to 0x7f6a06c56500 5
@0x7f6a02c67030 to 0x7f6a02c67036 1
@0x7f6a02c67040 to 0x7f6a02c67046 1
@0x7f6a02c67050 to 0x7f6a02c67056 1
@0x7f6a02c670b0 to 0x7f6a02c670b6 1
@0x7f6a02c670c0 to 0x7f6a02c670c6 1
@0x7f6a02c670e0 to 0x7f6a057bc1c0 1
@0x7f6a02c67244 to 0x7f6a057a5fb0 1
@0x7f6a02c67401 to 0x7f6a02c67300 1
