MODULE_NAME: /bin/dash
MODULE_START: 0x7fc917db7000
+B+: 0x7fc917dbb000 0x7fc917dbb00f
+B+: 0x7fc917dbb012 0x7fc917dbb016
+B+: 0x7fc917dbb050 0x7fc917dbb055
+B+: 0x7fc917dbb080 0x7fc917dbb085
+B+: 0x7fc917dbb090 0x7fc917dbb095
+B+: 0x7fc917dbb0a0 0x7fc917dbb0a5
+B+: 0x7fc917dbb0d0 0x7fc917dbb0d5
+B+: 0x7fc917dbb0f0 0x7fc917dbb0f5
+B+: 0x7fc917dbb130 0x7fc917dbb135
+B+: 0x7fc917dbb140 0x7fc917dbb145
+B+: 0x7fc917dbb150 0x7fc917dbb155
+B+: 0x7fc917dbb160 0x7fc917dbb165
+B+: 0x7fc917dbb190 0x7fc917dbb195
+B+: 0x7fc917dbb1c0 0x7fc917dbb1c5
+B+: 0x7fc917dbb1e0 0x7fc917dbb1e5
+B+: 0x7fc917dbb220 0x7fc917dbb225
+B+: 0x7fc917dbb230 0x7fc917dbb235
+B+: 0x7fc917dbb280 0x7fc917dbb285
+B+: 0x7fc917dbb2a0 0x7fc917dbb2a5
+B+: 0x7fc917dbb2d0 0x7fc917dbb2d5
+B+: 0x7fc917dbb320 0x7fc917dbb325
+B+: 0x7fc917dbb330 0x7fc917dbb335
+B+: 0x7fc917dbb350 0x7fc917dbb355
+B+: 0x7fc917dbb370 0x7fc917dbb375
+B+: 0x7fc917dbb390 0x7fc917dbb395
+B+: 0x7fc917dbb3b0 0x7fc917dbb3b5
+B+: 0x7fc917dbb3c0 0x7fc917dbb3c5
+B+: 0x7fc917dbb3e0 0x7fc917dbb3e5
+B+: 0x7fc917dbb410 0x7fc917dbb415
+B+: 0x7fc917dbb460 0x7fc917dbb465
+B+: 0x7fc917dbb510 0x7fc917dbb515
+B+: 0x7fc917dbb560 0x7fc917dbb565
+B+: 0x7fc917dbb570 0x7fc917dbb575
+B+: 0x7fc917dbb590 0x7fc917dbb5b8
+B+: 0x7fc917dbb5b9 0x7fc917dbb5c4
+B+: 0x7fc917dbb5c5 0x7fc917dbb5cf
+B+: 0x7fc917dbb5d0 0x7fc917dbb5e7
+B+: 0x7fc917dbb5e8 0x7fc917dbb5ef
+B+: 0x7fc917dbb5f0 0x7fc917dbb600
+B+: 0x7fc917dbb601 0x7fc917dbb60b
+B+: 0x7fc917dbb60c 0x7fc917dbb615
+B+: 0x7fc917dbb616 0x7fc917dbb623
+B+: 0x7fc917dbb624 0x7fc917dbb62b
+B+: 0x7fc917dbb62c 0x7fc917dbb63c
+B+: 0x7fc917dbb657 0x7fc917dbb660
+B+: 0x7fc917dbb661 0x7fc917dbb678
+B+: 0x7fc917dbb679 0x7fc917dbb67f
+B+: 0x7fc917dbb680 0x7fc917dbb68c
+B+: 0x7fc917dbb68d 0x7fc917dbb696
+B+: 0x7fc917dbb697 0x7fc917dbb69b
+B+: 0x7fc917dbb760 0x7fc917dbb789
+B+: 0x7fc917dbb7c0 0x7fc917dbb7e3
+B+: 0x7fc917dbb7f8 0x7fc917dbb7f8
+B+: 0x7fc917dbb840 0x7fc917dbb844
+B+: 0x7fc917dbb850 0x7fc917dbb863
+B+: 0x7fc917dbb864 0x7fc917dbb86f
+B+: 0x7fc917dbb870 0x7fc917dbb87d
+B+: 0x7fc917dbb87e 0x7fc917dbb8aa
+B+: 0x7fc917dbb8ab 0x7fc917dbb8ac
+B+: 0x7fc917dbb8cb 0x7fc917dbb8d2
+B+: 0x7fc917dbba50 0x7fc917dbba57
+B+: 0x7fc917dbba58 0x7fc917dbba5e
+B+: 0x7fc917dbba5f 0x7fc917dbba63
+B+: 0x7fc917dbba71 0x7fc917dbba72
+B+: 0x7fc917dbc6d0 0x7fc917dbc6eb
+B+: 0x7fc917dbc6ec 0x7fc917dbc705
+B+: 0x7fc917dbc717 0x7fc917dbc71b
+B+: 0x7fc917dbc71c 0x7fc917dbc720
+B+: 0x7fc917dbc72c 0x7fc917dbc730
+B+: 0x7fc917dbc73e 0x7fc917dbc74d
+B+: 0x7fc917dbc74e 0x7fc917dbc757
+B+: 0x7fc917dbc758 0x7fc917dbc775
+B+: 0x7fc917dbc780 0x7fc917dbc788
+B+: 0x7fc917dbc789 0x7fc917dbc790
+B+: 0x7fc917dbc791 0x7fc917dbc79c
+B+: 0x7fc917dbd060 0x7fc917dbd07e
+B+: 0x7fc917dbd10d 0x7fc917dbd11c
+B+: 0x7fc917dbd11d 0x7fc917dbd123
+B+: 0x7fc917dbd140 0x7fc917dbd14a
+B+: 0x7fc917dbd14b 0x7fc917dbd152
+B+: 0x7fc917dbd153 0x7fc917dbd15d
+B+: 0x7fc917dbd15e 0x7fc917dbd16f
+B+: 0x7fc917dbd188 0x7fc917dbd18c
+B+: 0x7fc917dbd18d 0x7fc917dbd191
+B+: 0x7fc917dbd192 0x7fc917dbd19c
+B+: 0x7fc917dbd1a7 0x7fc917dbd1ad
+B+: 0x7fc917dbd1ae 0x7fc917dbd1b5
+B+: 0x7fc917dbd1c0 0x7fc917dbd1cf
+B+: 0x7fc917dbdbc0 0x7fc917dbdbfa
+B+: 0x7fc917dbdbfb 0x7fc917dbdc07
+B+: 0x7fc917dbdc08 0x7fc917dbdc0f
+B+: 0x7fc917dbdc10 0x7fc917dbdc11
+B+: 0x7fc917dbdc18 0x7fc917dbdc21
+B+: 0x7fc917dbdc22 0x7fc917dbdc2e
+B+: 0x7fc917dbdc32 0x7fc917dbdc39
+B+: 0x7fc917dbdc3a 0x7fc917dbdc49
+B+: 0x7fc917dbdc4a 0x7fc917dbdc51
+B+: 0x7fc917dbdc52 0x7fc917dbdc58
+B+: 0x7fc917dbdc59 0x7fc917dbdc60
+B+: 0x7fc917dbdc61 0x7fc917dbdc68
+B+: 0x7fc917dbdc69 0x7fc917dbdc6d
+B+: 0x7fc917dbdc6e 0x7fc917dbdc77
+B+: 0x7fc917dbdc78 0x7fc917dbdc89
+B+: 0x7fc917dbdc8a 0x7fc917dbdc98
+B+: 0x7fc917dbde90 0x7fc917dbded3
+B+: 0x7fc917dbdedf 0x7fc917dbdef5
+B+: 0x7fc917dbdef6 0x7fc917dbdefa
+B+: 0x7fc917dbdefb 0x7fc917dbdf5a
+B+: 0x7fc917dbdf5b 0x7fc917dbdf67
+B+: 0x7fc917dbdf68 0x7fc917dbdf77
+B+: 0x7fc917dbdf78 0x7fc917dbdf7f
+B+: 0x7fc917dbdf80 0x7fc917dbdf8b
+B+: 0x7fc917dbdf8c 0x7fc917dbdf94
+B+: 0x7fc917dbdf95 0x7fc917dbdf9b
+B+: 0x7fc917dbdfa0 0x7fc917dbdfaf
+B+: 0x7fc917dbdfb0 0x7fc917dbdfc5
+B+: 0x7fc917dbdfc6 0x7fc917dbdfcf
+B+: 0x7fc917dbdfd0 0x7fc917dbdfe3
+B+: 0x7fc917dbdfe4 0x7fc917dbdffc
+B+: 0x7fc917dbe019 0x7fc917dbe02b
+B+: 0x7fc917dbe02c 0x7fc917dbe034
+B+: 0x7fc917dbe035 0x7fc917dbe047
+B+: 0x7fc917dbe048 0x7fc917dbe05b
+B+: 0x7fc917dbe0a8 0x7fc917dbe0b4
+B+: 0x7fc917dbe0b5 0x7fc917dbe0b9
+B+: 0x7fc917dbe0db 0x7fc917dbe0e1
+B+: 0x7fc917dbe0f0 0x7fc917dbe103
+B+: 0x7fc917dbe104 0x7fc917dbe113
+B+: 0x7fc917dbe114 0x7fc917dbe11b
+B+: 0x7fc917dbe11c 0x7fc917dbe122
+B+: 0x7fc917dbe123 0x7fc917dbe152
+B+: 0x7fc917dbe153 0x7fc917dbe15f
+B+: 0x7fc917dbe160 0x7fc917dbe168
+B+: 0x7fc917dbe216 0x7fc917dbe21c
+B+: 0x7fc917dbe224 0x7fc917dbe22d
+B+: 0x7fc917dbe22e 0x7fc917dbe237
+B+: 0x7fc917dbe238 0x7fc917dbe241
+B+: 0x7fc917dbe242 0x7fc917dbe24b
+B+: 0x7fc917dbe25d 0x7fc917dbe266
+B+: 0x7fc917dbe267 0x7fc917dbe281
+B+: 0x7fc917dbe282 0x7fc917dbe293
+B+: 0x7fc917dbe34c 0x7fc917dbe353
+B+: 0x7fc917dbe354 0x7fc917dbe36f
+B+: 0x7fc917dbe51b 0x7fc917dbe525
+B+: 0x7fc917dbe526 0x7fc917dbe52e
+B+: 0x7fc917dbe52f 0x7fc917dbe537
+B+: 0x7fc917dbe8d0 0x7fc917dbe8ec
+B+: 0x7fc917dbe8ed 0x7fc917dbe8f1
+B+: 0x7fc917dbe8f8 0x7fc917dbe8fa
+B+: 0x7fc917dbe8fb 0x7fc917dbe907
+B+: 0x7fc917dbe908 0x7fc917dbe93e
+B+: 0x7fc917dbe93f 0x7fc917dbe940
+B+: 0x7fc917dbe963 0x7fc917dbe977
+B+: 0x7fc917dbe980 0x7fc917dbe986
+B+: 0x7fc917dbe987 0x7fc917dbe98e
+B+: 0x7fc917dbe98f 0x7fc917dbe997
+B+: 0x7fc917dbe998 0x7fc917dbe9ba
+B+: 0x7fc917dbe9bb 0x7fc917dbe9bc
+B+: 0x7fc917dbe9c0 0x7fc917dbe9e7
+B+: 0x7fc917dbe9e8 0x7fc917dbe9f7
+B+: 0x7fc917dbea19 0x7fc917dbea21
+B+: 0x7fc917dbea22 0x7fc917dbea2a
+B+: 0x7fc917dbea2b 0x7fc917dbea34
+B+: 0x7fc917dbea35 0x7fc917dbea3f
+B+: 0x7fc917dbead0 0x7fc917dbeae9
+B+: 0x7fc917dbeaea 0x7fc917dbeb00
+B+: 0x7fc917dbeb10 0x7fc917dbeb1f
+B+: 0x7fc917dbeb20 0x7fc917dbeb2b
+B+: 0x7fc917dbeb2c 0x7fc917dbeb31
+B+: 0x7fc917dbeb32 0x7fc917dbeb41
+B+: 0x7fc917dbeb56 0x7fc917dbeb61
+B+: 0x7fc917dbeb62 0x7fc917dbeb6f
+B+: 0x7fc917dbeb70 0x7fc917dbeb85
+B+: 0x7fc917dbeb86 0x7fc917dbeb97
+B+: 0x7fc917dbeb98 0x7fc917dbebc0
+B+: 0x7fc917dbebc8 0x7fc917dbebcc
+B+: 0x7fc917dbebcd 0x7fc917dbebea
+B+: 0x7fc917dbed70 0x7fc917dbed98
+B+: 0x7fc917dbeda0 0x7fc917dbeda1
+B+: 0x7fc917dbeda2 0x7fc917dbedaa
+B+: 0x7fc917dbedab 0x7fc917dbedc5
+B+: 0x7fc917dbedc6 0x7fc917dbedc9
+B+: 0x7fc917dbedca 0x7fc917dbedd1
+B+: 0x7fc917dbedd2 0x7fc917dbede6
+B+: 0x7fc917dbedf0 0x7fc917dbee2a
+B+: 0x7fc917dbee2b 0x7fc917dbee2f
+B+: 0x7fc917dbee46 0x7fc917dbee5c
+B+: 0x7fc917dbee5d 0x7fc917dbee6e
+B+: 0x7fc917dbee90 0x7fc917dbeead
+B+: 0x7fc917dbeec8 0x7fc917dbeed1
+B+: 0x7fc917dbeed2 0x7fc917dbeedd
+B+: 0x7fc917dbef6c 0x7fc917dbef8f
+B+: 0x7fc917dbef90 0x7fc917dbef9c
+B+: 0x7fc917dbef9d 0x7fc917dbefa8
+B+: 0x7fc917dbefa9 0x7fc917dbefb0
+B+: 0x7fc917dbefb1 0x7fc917dbefc5
+B+: 0x7fc917dbf008 0x7fc917dbf012
+B+: 0x7fc917dbf013 0x7fc917dbf01e
+B+: 0x7fc917dbf01f 0x7fc917dbf02e
+B+: 0x7fc917dbf060 0x7fc917dbf066
+B+: 0x7fc917dbf067 0x7fc917dbf074
+B+: 0x7fc917dbf075 0x7fc917dbf086
+B+: 0x7fc917dbf087 0x7fc917dbf08e
+B+: 0x7fc917dbf08f 0x7fc917dbf0a2
+B+: 0x7fc917dbf0a3 0x7fc917dbf0b0
+B+: 0x7fc917dbf100 0x7fc917dbf116
+B+: 0x7fc917dbf145 0x7fc917dbf14d
+B+: 0x7fc917dbf14e 0x7fc917dbf157
+B+: 0x7fc917dbf160 0x7fc917dbf166
+B+: 0x7fc917dbf1c0 0x7fc917dbf1d1
+B+: 0x7fc917dbf1e8 0x7fc917dbf1ef
+B+: 0x7fc917dbf248 0x7fc917dbf25b
+B+: 0x7fc917dbf25c 0x7fc917dbf271
+B+: 0x7fc917dbf7d0 0x7fc917dbf7ff
+B+: 0x7fc917dbf80f 0x7fc917dbf812
+B+: 0x7fc917dbf813 0x7fc917dbf81c
+B+: 0x7fc917dbf81d 0x7fc917dbf820
+B+: 0x7fc917dbf821 0x7fc917dbf82f
+B+: 0x7fc917dbf830 0x7fc917dbf83a
+B+: 0x7fc917dbf84f 0x7fc917dbf85a
+B+: 0x7fc917dbf85f 0x7fc917dbf862
+B+: 0x7fc917dbf870 0x7fc917dbf877
+B+: 0x7fc917dbf878 0x7fc917dbf88d
+B+: 0x7fc917dc0440 0x7fc917dc0464
+B+: 0x7fc917dc061e 0x7fc917dc0627
+B+: 0x7fc917dc0628 0x7fc917dc0631
+B+: 0x7fc917dc0632 0x7fc917dc0659
+B+: 0x7fc917dc06af 0x7fc917dc06bc
+B+: 0x7fc917dc06c0 0x7fc917dc06cb
+B+: 0x7fc917dc0730 0x7fc917dc073b
+B+: 0x7fc917dc0740 0x7fc917dc075e
+B+: 0x7fc917dc075f 0x7fc917dc0767
+B+: 0x7fc917dc07d2 0x7fc917dc07e3
+B+: 0x7fc917dc08a0 0x7fc917dc08a7
+B+: 0x7fc917dc1260 0x7fc917dc12a5
+B+: 0x7fc917dc12b5 0x7fc917dc12be
+B+: 0x7fc917dc12bf 0x7fc917dc12d2
+B+: 0x7fc917dc12d3 0x7fc917dc12fc
+B+: 0x7fc917dc12fd 0x7fc917dc1310
+B+: 0x7fc917dc1324 0x7fc917dc1328
+B+: 0x7fc917dc1336 0x7fc917dc133f
+B+: 0x7fc917dc1340 0x7fc917dc1344
+B+: 0x7fc917dc1370 0x7fc917dc1386
+B+: 0x7fc917dc1387 0x7fc917dc1398
+B+: 0x7fc917dc13a0 0x7fc917dc13b6
+B+: 0x7fc917dc13b7 0x7fc917dc13d7
+B+: 0x7fc917dc13dd 0x7fc917dc13ec
+B+: 0x7fc917dc1850 0x7fc917dc1886
+B+: 0x7fc917dc1887 0x7fc917dc189a
+B+: 0x7fc917dc189b 0x7fc917dc18ad
+B+: 0x7fc917dc18ae 0x7fc917dc18c4
+B+: 0x7fc917dc18c5 0x7fc917dc18d7
+B+: 0x7fc917dc18d8 0x7fc917dc18e7
+B+: 0x7fc917dc18e8 0x7fc917dc190c
+B+: 0x7fc917dc190d 0x7fc917dc1915
+B+: 0x7fc917dc1924 0x7fc917dc1933
+B+: 0x7fc917dc1934 0x7fc917dc1947
+B+: 0x7fc917dc1948 0x7fc917dc1954
+B+: 0x7fc917dc1955 0x7fc917dc195f
+B+: 0x7fc917dc1960 0x7fc917dc1964
+B+: 0x7fc917dc1a6a 0x7fc917dc1a7c
+B+: 0x7fc917dc1a7d 0x7fc917dc1a9c
+B+: 0x7fc917dc1ba0 0x7fc917dc1bad
+B+: 0x7fc917dc1bae 0x7fc917dc1be1
+B+: 0x7fc917dc1bf0 0x7fc917dc1bfb
+B+: 0x7fc917dc1db0 0x7fc917dc1dbd
+B+: 0x7fc917dc1dbe 0x7fc917dc1dca
+B+: 0x7fc917dc1dcb 0x7fc917dc1de3
+B+: 0x7fc917dc1de8 0x7fc917dc1df4
+B+: 0x7fc917dc1df8 0x7fc917dc1e04
+B+: 0x7fc917dc1e05 0x7fc917dc1e12
+B+: 0x7fc917dc1e13 0x7fc917dc1e1d
+B+: 0x7fc917dc1eb4 0x7fc917dc1ec1
+B+: 0x7fc917dc2160 0x7fc917dc2174
+B+: 0x7fc917dc2175 0x7fc917dc2187
+B+: 0x7fc917dc2188 0x7fc917dc21a2
+B+: 0x7fc917dc21a3 0x7fc917dc21ac
+B+: 0x7fc917dc21ad 0x7fc917dc21b3
+B+: 0x7fc917dc21d0 0x7fc917dc21e5
+B+: 0x7fc917dc21eb 0x7fc917dc21f3
+B+: 0x7fc917dc2205 0x7fc917dc220b
+B+: 0x7fc917dc220c 0x7fc917dc221d
+B+: 0x7fc917dc221e 0x7fc917dc2226
+B+: 0x7fc917dc2227 0x7fc917dc2230
+B+: 0x7fc917dc2231 0x7fc917dc2232
+B+: 0x7fc917dc2240 0x7fc917dc2248
+B+: 0x7fc917dc2260 0x7fc917dc2260
+B+: 0x7fc917dc2520 0x7fc917dc2534
+B+: 0x7fc917dc2572 0x7fc917dc2578
+B+: 0x7fc917dc2580 0x7fc917dc2583
+B+: 0x7fc917dc2610 0x7fc917dc2656
+B+: 0x7fc917dc265b 0x7fc917dc2686
+B+: 0x7fc917dc2687 0x7fc917dc269d
+B+: 0x7fc917dc26fc 0x7fc917dc2708
+B+: 0x7fc917dc2709 0x7fc917dc2711
+B+: 0x7fc917dc2712 0x7fc917dc272a
+B+: 0x7fc917dc272b 0x7fc917dc273c
+B+: 0x7fc917dc2740 0x7fc917dc2747
+B+: 0x7fc917dc2748 0x7fc917dc275f
+B+: 0x7fc917dc2760 0x7fc917dc2766
+B+: 0x7fc917dc2767 0x7fc917dc2780
+B+: 0x7fc917dc2790 0x7fc917dc2793
+B+: 0x7fc917dc2794 0x7fc917dc2798
+B+: 0x7fc917dc27a2 0x7fc917dc27aa
+B+: 0x7fc917dc27ab 0x7fc917dc27ae
+B+: 0x7fc917dc27af 0x7fc917dc27bd
+B+: 0x7fc917dc27cb 0x7fc917dc27d3
+B+: 0x7fc917dc2825 0x7fc917dc2841
+B+: 0x7fc917dc2842 0x7fc917dc284d
+B+: 0x7fc917dc287e 0x7fc917dc288e
+B+: 0x7fc917dc288f 0x7fc917dc28a0
+B+: 0x7fc917dc28a1 0x7fc917dc28ad
+B+: 0x7fc917dc2c10 0x7fc917dc2c30
+B+: 0x7fc917dc2c31 0x7fc917dc2c58
+B+: 0x7fc917dc2c5e 0x7fc917dc2c66
+B+: 0x7fc917dc2c67 0x7fc917dc2c6f
+B+: 0x7fc917dc2c78 0x7fc917dc2c87
+B+: 0x7fc917dc2c88 0x7fc917dc2c89
+B+: 0x7fc917dc2ca0 0x7fc917dc2caf
+B+: 0x7fc917dc2cba 0x7fc917dc2cc4
+B+: 0x7fc917dc2ce0 0x7fc917dc2ce8
+B+: 0x7fc917dc3360 0x7fc917dc336b
+B+: 0x7fc917dc3480 0x7fc917dc3480
+B+: 0x7fc917dc39c0 0x7fc917dc39db
+B+: 0x7fc917dc3a16 0x7fc917dc3a32
+B+: 0x7fc917dc3a33 0x7fc917dc3a52
+B+: 0x7fc917dc3a63 0x7fc917dc3a6a
+B+: 0x7fc917dc3a90 0x7fc917dc3aa6
+B+: 0x7fc917dc3aa7 0x7fc917dc3aae
+B+: 0x7fc917dc3aaf 0x7fc917dc3ab6
+B+: 0x7fc917dc3af6 0x7fc917dc3b01
+B+: 0x7fc917dc3b0c 0x7fc917dc3b34
+B+: 0x7fc917dc3b40 0x7fc917dc3b57
+B+: 0x7fc917dc3b58 0x7fc917dc3b5f
+B+: 0x7fc917dc3b60 0x7fc917dc3b67
+B+: 0x7fc917dc3b68 0x7fc917dc3b70
+B+: 0x7fc917dc3b71 0x7fc917dc3b7a
+B+: 0x7fc917dc3b7b 0x7fc917dc3b80
+B+: 0x7fc917dc3b97 0x7fc917dc3b9c
+B+: 0x7fc917dc3c0a 0x7fc917dc3c3d
+B+: 0x7fc917dc3c47 0x7fc917dc3c53
+B+: 0x7fc917dc3ed0 0x7fc917dc3ede
+B+: 0x7fc917dc3edf 0x7fc917dc3ee7
+B+: 0x7fc917dc3ee8 0x7fc917dc3efc
+B+: 0x7fc917dc3efd 0x7fc917dc3f02
+B+: 0x7fc917dc3f03 0x7fc917dc3f1b
+B+: 0x7fc917dc3f1c 0x7fc917dc3f21
+B+: 0x7fc917dc3f22 0x7fc917dc3f2b
+B+: 0x7fc917dc3fc0 0x7fc917dc3fc7
+B+: 0x7fc917dc3fc8 0x7fc917dc3fd0
+B+: 0x7fc917dc4760 0x7fc917dc4768
+B+: 0x7fc917dc4769 0x7fc917dc476d
+B+: 0x7fc917dc476e 0x7fc917dc4772
+B+: 0x7fc917dc4780 0x7fc917dc4788
+B+: 0x7fc917dc4789 0x7fc917dc478d
+B+: 0x7fc917dc478e 0x7fc917dc4792
+B+: 0x7fc917dc47c0 0x7fc917dc47d9
+B+: 0x7fc917dc47da 0x7fc917dc47e6
+B+: 0x7fc917dc47f7 0x7fc917dc4802
+B+: 0x7fc917dc4803 0x7fc917dc480b
+B+: 0x7fc917dc480c 0x7fc917dc4841
+B+: 0x7fc917dc4842 0x7fc917dc484b
+B+: 0x7fc917dc484c 0x7fc917dc4852
+B+: 0x7fc917dc4853 0x7fc917dc4875
+B+: 0x7fc917dc4880 0x7fc917dc488e
+B+: 0x7fc917dc48b0 0x7fc917dc48c8
+B+: 0x7fc917dc4900 0x7fc917dc4941
+B+: 0x7fc917dc4950 0x7fc917dc4966
+B+: 0x7fc917dc4967 0x7fc917dc497e
+B+: 0x7fc917dc497f 0x7fc917dc498a
+B+: 0x7fc917dc498b 0x7fc917dc49b3
+B+: 0x7fc917dc49b4 0x7fc917dc49bd
+B+: 0x7fc917dc49be 0x7fc917dc49bf
+B+: 0x7fc917dc49d0 0x7fc917dc49e8
+B+: 0x7fc917dc49e9 0x7fc917dc4a14
+B+: 0x7fc917dc4a1e 0x7fc917dc4a25
+B+: 0x7fc917dc4a26 0x7fc917dc4a33
+B+: 0x7fc917dc4a34 0x7fc917dc4a46
+B+: 0x7fc917dc4ae0 0x7fc917dc4afe
+B+: 0x7fc917dc4aff 0x7fc917dc4b0c
+B+: 0x7fc917dc4b0d 0x7fc917dc4b1b
+B+: 0x7fc917dc4b1c 0x7fc917dc4b2c
+B+: 0x7fc917dc4b40 0x7fc917dc4b62
+B+: 0x7fc917dc4b98 0x7fc917dc4ba9
+B+: 0x7fc917dc56d0 0x7fc917dc56f4
+B+: 0x7fc917dc56f5 0x7fc917dc570d
+B+: 0x7fc917dc570e 0x7fc917dc5712
+B+: 0x7fc917dc5713 0x7fc917dc571e
+B+: 0x7fc917dc571f 0x7fc917dc5723
+B+: 0x7fc917dc5724 0x7fc917dc5728
+B+: 0x7fc917dc5729 0x7fc917dc5730
+B+: 0x7fc917dc573c 0x7fc917dc5749
+B+: 0x7fc917dc574a 0x7fc917dc574d
+B+: 0x7fc917dc574e 0x7fc917dc5760
+B+: 0x7fc917dc5761 0x7fc917dc576b
+B+: 0x7fc917dc5790 0x7fc917dc579d
+B+: 0x7fc917dc579e 0x7fc917dc57a5
+B+: 0x7fc917dc57a6 0x7fc917dc57a7
+B+: 0x7fc917dc5890 0x7fc917dc589d
+B+: 0x7fc917dc589e 0x7fc917dc58a9
+B+: 0x7fc917dc58aa 0x7fc917dc58bd
+B+: 0x7fc917dc58c0 0x7fc917dc58ca
+B+: 0x7fc917dc58d0 0x7fc917dc58ef
+B+: 0x7fc917dc58f0 0x7fc917dc58f4
+B+: 0x7fc917dc58f5 0x7fc917dc590c
+B+: 0x7fc917dc590d 0x7fc917dc5910
+B+: 0x7fc917dc5911 0x7fc917dc5912
+B+: 0x7fc917dc5913 0x7fc917dc591b
+B+: 0x7fc917dc591c 0x7fc917dc5930
+B+: 0x7fc917dc5938 0x7fc917dc593c
+B+: 0x7fc917dc5980 0x7fc917dc598f
+B+: 0x7fc917dc5990 0x7fc917dc599b
+B+: 0x7fc917dc599c 0x7fc917dc59ab
+B+: 0x7fc917dc5a80 0x7fc917dc5a93
+B+: 0x7fc917dc5a94 0x7fc917dc5aac
+B+: 0x7fc917dc5aad 0x7fc917dc5abf
+B+: 0x7fc917dc5ac0 0x7fc917dc5ada
+B+: 0x7fc917dc5adb 0x7fc917dc5ae3
+B+: 0x7fc917dc5aec 0x7fc917dc5af8
+B+: 0x7fc917dc5af9 0x7fc917dc5b02
+B+: 0x7fc917dc5b03 0x7fc917dc5b06
+B+: 0x7fc917dc5b07 0x7fc917dc5b1a
+B+: 0x7fc917dc5c49 0x7fc917dc5c55
+B+: 0x7fc917dc5c56 0x7fc917dc5c67
+B+: 0x7fc917dc5c82 0x7fc917dc5c93
+B+: 0x7fc917dc5d77 0x7fc917dc5d82
+B+: 0x7fc917dc5da0 0x7fc917dc5db2
+B+: 0x7fc917dc5db3 0x7fc917dc5ddf
+B+: 0x7fc917dc5de0 0x7fc917dc5deb
+B+: 0x7fc917dc5dec 0x7fc917dc5dfc
+B+: 0x7fc917dc5dfd 0x7fc917dc5e18
+B+: 0x7fc917dc5e19 0x7fc917dc5e25
+B+: 0x7fc917dc5e26 0x7fc917dc5e2e
+B+: 0x7fc917dc5e2f 0x7fc917dc5e3f
+B+: 0x7fc917dc5e40 0x7fc917dc5e44
+B+: 0x7fc917dc5e45 0x7fc917dc5e50
+B+: 0x7fc917dc5e51 0x7fc917dc5e5d
+B+: 0x7fc917dc5e5e 0x7fc917dc5e77
+B+: 0x7fc917dc5ece 0x7fc917dc5ed2
+B+: 0x7fc917dc5ed3 0x7fc917dc5ede
+B+: 0x7fc917dc5ee0 0x7fc917dc5eec
+B+: 0x7fc917dc5f60 0x7fc917dc5f7c
+B+: 0x7fc917dc6120 0x7fc917dc6128
+B+: 0x7fc917dc6129 0x7fc917dc6147
+B+: 0x7fc917dc6750 0x7fc917dc675e
+B+: 0x7fc917dc675f 0x7fc917dc6763
+B+: 0x7fc917dc6764 0x7fc917dc6770
+B+: 0x7fc917dc6771 0x7fc917dc6777
+B+: 0x7fc917dc6778 0x7fc917dc6783
+B+: 0x7fc917dc6784 0x7fc917dc6788
+B+: 0x7fc917dc6789 0x7fc917dc678d
+B+: 0x7fc917dc678e 0x7fc917dc6796
+B+: 0x7fc917dc6797 0x7fc917dc679e
+B+: 0x7fc917dc6890 0x7fc917dc6892
+B+: 0x7fc917dc68a7 0x7fc917dc68ab
+B+: 0x7fc917dc68ac 0x7fc917dc68b2
+B+: 0x7fc917dc68b3 0x7fc917dc68b6
+B+: 0x7fc917dc68d0 0x7fc917dc68e1
+B+: 0x7fc917dc68e2 0x7fc917dc68e6
+B+: 0x7fc917dc68e7 0x7fc917dc68eb
+B+: 0x7fc917dc68ec 0x7fc917dc68f1
+B+: 0x7fc917dc68f2 0x7fc917dc68fa
+B+: 0x7fc917dc68fb 0x7fc917dc68fc
+B+: 0x7fc917dc6940 0x7fc917dc6948
+B+: 0x7fc917dc6949 0x7fc917dc6951
+B+: 0x7fc917dc6980 0x7fc917dc6988
+B+: 0x7fc917dc6989 0x7fc917dc698a
+B+: 0x7fc917dc698b 0x7fc917dc6991
+B+: 0x7fc917dc6992 0x7fc917dc69a2
+B+: 0x7fc917dc69a8 0x7fc917dc69ac
+B+: 0x7fc917dc69eb 0x7fc917dc6a00
+B+: 0x7fc917dc6a08 0x7fc917dc6a10
+B+: 0x7fc917dc6af0 0x7fc917dc6b11
+B+: 0x7fc917dc6b12 0x7fc917dc6b16
+B+: 0x7fc917dc6b17 0x7fc917dc6b1d
+B+: 0x7fc917dc6b1e 0x7fc917dc6b26
+B+: 0x7fc917dc6b27 0x7fc917dc6b34
+B+: 0x7fc917dc6b35 0x7fc917dc6b3c
+B+: 0x7fc917dc6b3d 0x7fc917dc6b49
+B+: 0x7fc917dc6b4a 0x7fc917dc6b5a
+B+: 0x7fc917dc6b5b 0x7fc917dc6b63
+B+: 0x7fc917dc6b7f 0x7fc917dc6b93
+B+: 0x7fc917dc6b94 0x7fc917dc6b9c
+B+: 0x7fc917dc6be0 0x7fc917dc6bf7
+B+: 0x7fc917dc6bf8 0x7fc917dc6c00
+B+: 0x7fc917dc6c1b 0x7fc917dc6c2b
+B+: 0x7fc917dc6d40 0x7fc917dc6d5e
+B+: 0x7fc917dc6d5f 0x7fc917dc6d6d
+B+: 0x7fc917dc6d6e 0x7fc917dc6d72
+B+: 0x7fc917dc6d7d 0x7fc917dc6d90
+B+: 0x7fc917dc6d91 0x7fc917dc6d95
+B+: 0x7fc917dc6d96 0x7fc917dc6d9a
+B+: 0x7fc917dc6da0 0x7fc917dc6da4
+B+: 0x7fc917dc6dd5 0x7fc917dc6dd9
+B+: 0x7fc917dc6dda 0x7fc917dc6dde
+B+: 0x7fc917dc6df0 0x7fc917dc6dfb
+B+: 0x7fc917dc6dfc 0x7fc917dc6e07
+B+: 0x7fc917dc6e08 0x7fc917dc6e10
+B+: 0x7fc917dc6e2c 0x7fc917dc6e30
+B+: 0x7fc917dc6e31 0x7fc917dc6e36
+B+: 0x7fc917dc6e41 0x7fc917dc6e45
+B+: 0x7fc917dc6e46 0x7fc917dc6e54
+B+: 0x7fc917dc6e55 0x7fc917dc6e5d
+B+: 0x7fc917dc6e5e 0x7fc917dc6e62
+B+: 0x7fc917dc6e63 0x7fc917dc6e74
+B+: 0x7fc917dc6e78 0x7fc917dc6e84
+B+: 0x7fc917dc6ea0 0x7fc917dc6ea4
+B+: 0x7fc917dc6ef0 0x7fc917dc6f03
+B+: 0x7fc917dc6f40 0x7fc917dc6f76
+B+: 0x7fc917dc6f77 0x7fc917dc6f82
+B+: 0x7fc917dc6f83 0x7fc917dc6f92
+B+: 0x7fc917dc701b 0x7fc917dc7031
+B+: 0x7fc917dc7032 0x7fc917dc7040
+B+: 0x7fc917dc7075 0x7fc917dc70b8
+B+: 0x7fc917dc70b9 0x7fc917dc70c3
+B+: 0x7fc917dc70c4 0x7fc917dc70cc
+B+: 0x7fc917dc70cd 0x7fc917dc70d5
+B+: 0x7fc917dc70d6 0x7fc917dc70de
+B+: 0x7fc917dc70df 0x7fc917dc7106
+B+: 0x7fc917dc7107 0x7fc917dc7133
+B+: 0x7fc917dc7578 0x7fc917dc7581
+B+: 0x7fc917dc7582 0x7fc917dc75a8
+B+: 0x7fc917dc75a9 0x7fc917dc75b6
+B+: 0x7fc917dc75d0 0x7fc917dc75e0
+B+: 0x7fc917dc75e1 0x7fc917dc75ee
+B+: 0x7fc917dc75ef 0x7fc917dc75f3
+B+: 0x7fc917dc7670 0x7fc917dc767e
+B+: 0x7fc917dc767f 0x7fc917dc7683
+B+: 0x7fc917dc7684 0x7fc917dc7692
+B+: 0x7fc917dc7693 0x7fc917dc769a
+B+: 0x7fc917dc769b 0x7fc917dc76a2
+B+: 0x7fc917dc76a3 0x7fc917dc76b7
+B+: 0x7fc917dc7790 0x7fc917dc77bc
+B+: 0x7fc917dc77bd 0x7fc917dc77d4
+B+: 0x7fc917dc77e0 0x7fc917dc783a
+B+: 0x7fc917dc783b 0x7fc917dc7875
+B+: 0x7fc917dc7876 0x7fc917dc7893
+B+: 0x7fc917dc7894 0x7fc917dc78a3
+B+: 0x7fc917dc78a4 0x7fc917dc78b0
+B+: 0x7fc917dc79b4 0x7fc917dc79b8
+B+: 0x7fc917dc79b9 0x7fc917dc79cf
+B+: 0x7fc917dc79d0 0x7fc917dc79dc
+B+: 0x7fc917dc79dd 0x7fc917dc79ef
+B+: 0x7fc917dc79f0 0x7fc917dc79f7
+B+: 0x7fc917dc7a01 0x7fc917dc7a16
+B+: 0x7fc917dc7a28 0x7fc917dc7a3d
+B+: 0x7fc917dc7a3e 0x7fc917dc7a4d
+B+: 0x7fc917dc7a79 0x7fc917dc7a97
+B+: 0x7fc917dc7a98 0x7fc917dc7ac0
+B+: 0x7fc917dc7ac1 0x7fc917dc7acf
+B+: 0x7fc917dc8148 0x7fc917dc8154
+B+: 0x7fc917dc8155 0x7fc917dc8174
+B+: 0x7fc917dc8175 0x7fc917dc817f
+B+: 0x7fc917dc81ac 0x7fc917dc81b0
+B+: 0x7fc917dc81b1 0x7fc917dc81b5
+B+: 0x7fc917dc8a40 0x7fc917dc8a64
+B+: 0x7fc917dc8b10 0x7fc917dc8b1a
+B+: 0x7fc917dc8b40 0x7fc917dc8b47
+B+: 0x7fc917dc8b48 0x7fc917dc8b51
+B+: 0x7fc917dc8b58 0x7fc917dc8b60
+B+: 0x7fc917dc8b61 0x7fc917dc8b6a
+B+: 0x7fc917dc8b88 0x7fc917dc8b8c
+B+: 0x7fc917dc8b8d 0x7fc917dc8b94
+B+: 0x7fc917dc8ba0 0x7fc917dc8ba4
+B+: 0x7fc917dc8d00 0x7fc917dc8d30
+B+: 0x7fc917dc8e3f 0x7fc917dc8e55
+B+: 0x7fc917dc8e56 0x7fc917dc8e67
+B+: 0x7fc917dc91e0 0x7fc917dc9222
+B+: 0x7fc917dc9223 0x7fc917dc9228
+B+: 0x7fc917dc924c 0x7fc917dc9260
+B+: 0x7fc917dc9261 0x7fc917dc9269
+B+: 0x7fc917dc9270 0x7fc917dc9279
+B+: 0x7fc917dc9288 0x7fc917dc92a0
+B+: 0x7fc917dc92a1 0x7fc917dc92ba
+B+: 0x7fc917dc92bb 0x7fc917dc92bc
+B+: 0x7fc917dc92d0 0x7fc917dc92d8
+B+: 0x7fc917dc92f8 0x7fc917dc92f8
+B+: 0x7fc917dc9300 0x7fc917dc930c
+B+: 0x7fc917dc933f 0x7fc917dc9343
+B+: 0x7fc917dc9380 0x7fc917dc9384
+B+: 0x7fc917dc93d0 0x7fc917dc93e3
+B+: 0x7fc917dc9400 0x7fc917dc9400
+B+: 0x7fc917dc9420 0x7fc917dc945b
+B+: 0x7fc917dc9467 0x7fc917dc9471
+B+: 0x7fc917dc9472 0x7fc917dc9489
+B+: 0x7fc917dc948a 0x7fc917dc948d
+B+: 0x7fc917dc948e 0x7fc917dc9494
+B+: 0x7fc917dc9495 0x7fc917dc949d
+B+: 0x7fc917dc949e 0x7fc917dc94a9
+B+: 0x7fc917dc94aa 0x7fc917dc94c2
+B+: 0x7fc917dc94c3 0x7fc917dc94ce
+B+: 0x7fc917dc94cf 0x7fc917dc94e5
+B+: 0x7fc917dc94e6 0x7fc917dc94f5
+B+: 0x7fc917dc9500 0x7fc917dc950e
+B+: 0x7fc917dc950f 0x7fc917dc9513
+B+: 0x7fc917dc9514 0x7fc917dc951e
+B+: 0x7fc917dc9540 0x7fc917dc9549
+B+: 0x7fc917dc954a 0x7fc917dc954e
+B+: 0x7fc917dc954f 0x7fc917dc9560
+B+: 0x7fc917dc9568 0x7fc917dc9577
+B+: 0x7fc917dc9580 0x7fc917dc9589
+B+: 0x7fc917dc95a8 0x7fc917dc95bb
+B+: 0x7fc917dc95c0 0x7fc917dc95ce
+B+: 0x7fc917dc95cf 0x7fc917dc95dc
+B+: 0x7fc917dc96f0 0x7fc917dc96fd
+B+: 0x7fc917dc97a0 0x7fc917dc97a0
+B+: 0x7fc917dc97b0 0x7fc917dc97ba
+B+: 0x7fc917dc97bb 0x7fc917dc97ce
+B+: 0x7fc917dc97cf 0x7fc917dc97d8
+B+: 0x7fc917dc97d9 0x7fc917dc97e6
+B+: 0x7fc917dc9800 0x7fc917dc982d
+B+: 0x7fc917dc982e 0x7fc917dc9831
+B+: 0x7fc917dc9832 0x7fc917dc9847
+B+: 0x7fc917dc9864 0x7fc917dc986b
+B+: 0x7fc917dc986c 0x7fc917dc986f
+B+: 0x7fc917dc9870 0x7fc917dc9876
+B+: 0x7fc917dc9877 0x7fc917dc987b
+B+: 0x7fc917dc987c 0x7fc917dc9886
+B+: 0x7fc917dc9ae0 0x7fc917dc9b01
+B+: 0x7fc917dc9b02 0x7fc917dc9b0a
+B+: 0x7fc917dc9b0b 0x7fc917dc9b14
+B+: 0x7fc917dc9b15 0x7fc917dc9b19
+B+: 0x7fc917dc9c00 0x7fc917dc9c19
+B+: 0x7fc917dc9c51 0x7fc917dc9c8e
+B+: 0x7fc917dc9c8f 0x7fc917dc9c9e
+B+: 0x7fc917dc9c9f 0x7fc917dc9ca6
+B+: 0x7fc917dc9df0 0x7fc917dc9dfb
+B+: 0x7fc917dc9e20 0x7fc917dc9e20
+B+: 0x7fc917dc9e30 0x7fc917dc9e38
+B+: 0x7fc917dcb940 0x7fc917dcb94b
+B+: 0x7fc917dcb94c 0x7fc917dcb957
+B+: 0x7fc917dcb958 0x7fc917dcb964
+B+: 0x7fc917dcb965 0x7fc917dcb969
+B+: 0x7fc917dcb96a 0x7fc917dcb96f
+B+: 0x7fc917dcb970 0x7fc917dcb976
+B+: 0x7fc917dcb980 0x7fc917dcb987
+B+: 0x7fc917dcb988 0x7fc917dcb98c
+B+: 0x7fc917dcb98d 0x7fc917dcb99b
+B+: 0x7fc917dcb99c 0x7fc917dcb9a0
+B+: 0x7fc917dcb9a1 0x7fc917dcb9a8
+B+: 0x7fc917dcb9a9 0x7fc917dcb9ad
+B+: 0x7fc917dcb9ae 0x7fc917dcb9b8
+B+: 0x7fc917dcb9b9 0x7fc917dcb9b9
+B+: 0x7fc917dcb9c0 0x7fc917dcb9c5
+B+: 0x7fc917dcb9c6 0x7fc917dcb9c9
+B+: 0x7fc917dcb9d0 0x7fc917dcb9d0
+B+: 0x7fc917dcb9d1 0x7fc917dcb9d5
+B+: 0x7fc917dcb9d6 0x7fc917dcb9d9
+B+: 0x7fc917dcb9e0 0x7fc917dcb9ff
+B+: 0x7fc917dcba00 0x7fc917dcba11
+B+: 0x7fc917dcba12 0x7fc917dcba16
+B+: 0x7fc917dcba20 0x7fc917dcba22
+B+: 0x7fc917dcba23 0x7fc917dcba2f
+B+: 0x7fc917dcba30 0x7fc917dcba33
+B+: 0x7fc917dcba34 0x7fc917dcba5d
+B+: 0x7fc917dcba5e 0x7fc917dcba62
+B+: 0x7fc917dcba63 0x7fc917dcba82
+B+: 0x7fc917dcbac0 0x7fc917dcbade
+B+: 0x7fc917dcbadf 0x7fc917dcbae3
+B+: 0x7fc917dcbae4 0x7fc917dcbae8
+B+: 0x7fc917dcbaf0 0x7fc917dcbaf2
+B+: 0x7fc917dcbaf3 0x7fc917dcbaff
+B+: 0x7fc917dcbb00 0x7fc917dcbb03
+B+: 0x7fc917dcbb04 0x7fc917dcbb3e
+B+: 0x7fc917dcbb3f 0x7fc917dcbb49
+B+: 0x7fc917dcbb4a 0x7fc917dcbb57
+B+: 0x7fc917dcbb58 0x7fc917dcbb5d
+B+: 0x7fc917dcbb5e 0x7fc917dcbb66
+B+: 0x7fc917dcbb67 0x7fc917dcbb70
+B+: 0x7fc917dcbb71 0x7fc917dcbb7a
+B+: 0x7fc917dcbb7b 0x7fc917dcbb9a
+B+: 0x7fc917dcbb9b 0x7fc917dcbba3
+B+: 0x7fc917dcbba4 0x7fc917dcbbbd
+B+: 0x7fc917dcbbc0 0x7fc917dcbbc5
+B+: 0x7fc917dcbbc6 0x7fc917dcbbcf
+B+: 0x7fc917dcbbd0 0x7fc917dcbbd9
+B+: 0x7fc917dcbbda 0x7fc917dcbbf7
+B+: 0x7fc917dcbc08 0x7fc917dcbc14
+B+: 0x7fc917dcbc15 0x7fc917dcbc1b
+B+: 0x7fc917dcbc1c 0x7fc917dcbc29
+B+: 0x7fc917dcbcb0 0x7fc917dcbcca
+B+: 0x7fc917dcbccb 0x7fc917dcbcda
+B+: 0x7fc917dcbcdb 0x7fc917dcbce6
+B+: 0x7fc917dcbce7 0x7fc917dcbcef
+B+: 0x7fc917dcbcf0 0x7fc917dcbcf4
+B+: 0x7fc917dcbcf5 0x7fc917dcbcfc
+B+: 0x7fc917dcbcfd 0x7fc917dcbd10
+B+: 0x7fc917dcbd11 0x7fc917dcbd21
+B+: 0x7fc917dcbd22 0x7fc917dcbd26
+B+: 0x7fc917dcbd27 0x7fc917dcbd38
+B+: 0x7fc917dcbd39 0x7fc917dcbd4b
+B+: 0x7fc917dcbd4c 0x7fc917dcbd54
+B+: 0x7fc917dcbd55 0x7fc917dcbd5e
+B+: 0x7fc917dcbd5f 0x7fc917dcbd6d
+B+: 0x7fc917dcbea0 0x7fc917dcbeb6
+B+: 0x7fc917dcbeb7 0x7fc917dcbebb
+B+: 0x7fc917dcbebc 0x7fc917dcbec0
+B+: 0x7fc917dcbec8 0x7fc917dcbecb
+B+: 0x7fc917dcbecc 0x7fc917dcbed9
+B+: 0x7fc917dcbeda 0x7fc917dcbedd
+B+: 0x7fc917dcbede 0x7fc917dcbf06
+B+: 0x7fc917dcbf07 0x7fc917dcbf10
+B+: 0x7fc917dcbf11 0x7fc917dcbf16
+B+: 0x7fc917dcbf17 0x7fc917dcbf24
+B+: 0x7fc917dcbf25 0x7fc917dcbf2d
+B+: 0x7fc917dcc440 0x7fc917dcc46b
+B+: 0x7fc917dcc46c 0x7fc917dcc470
+B+: 0x7fc917dcc471 0x7fc917dcc475
+B+: 0x7fc917dcc536 0x7fc917dcc53e
+B+: 0x7fc917dcc53f 0x7fc917dcc548
+B+: 0x7fc917dcc549 0x7fc917dcc551
+B+: 0x7fc917dcc5d0 0x7fc917dcc5e4
+B+: 0x7fc917dcc5e5 0x7fc917dcc606
+B+: 0x7fc917dcc607 0x7fc917dcc610
+B+: 0x7fc917dcc611 0x7fc917dcc618
+B+: 0x7fc917dcc640 0x7fc917dcc648
+B+: 0x7fc917dcc649 0x7fc917dcc656
+B+: 0x7fc917dcc657 0x7fc917dcc65f
+B+: 0x7fc917dcc660 0x7fc917dcc661
+B+: 0x7fc917dcc760 0x7fc917dcc7aa
+B+: 0x7fc917dcc7ab 0x7fc917dcc7af
+B+: 0x7fc917dcc7b0 0x7fc917dcc7be
+B+: 0x7fc917dcc7c8 0x7fc917dcc7d3
+B+: 0x7fc917dcc7d4 0x7fc917dcc7d8
+B+: 0x7fc917dcc7d9 0x7fc917dcc7e0
+B+: 0x7fc917dcc7e1 0x7fc917dcc7e5
+B+: 0x7fc917dcc7e6 0x7fc917dcc7f3
+B+: 0x7fc917dcc7f4 0x7fc917dcc7fb
+B+: 0x7fc917dcc800 0x7fc917dcc810
+B+: 0x7fc917dcc811 0x7fc917dcc815
+B+: 0x7fc917dcc816 0x7fc917dcc832
+B+: 0x7fc917dcc833 0x7fc917dcc843
+B+: 0x7fc917dcc844 0x7fc917dcc84f
+B+: 0x7fc917dcc850 0x7fc917dcc857
+B+: 0x7fc917dcc858 0x7fc917dcc85c
+B+: 0x7fc917dcc85d 0x7fc917dcc868
+B+: 0x7fc917dcc869 0x7fc917dcc87b
+B+: 0x7fc917dcc87c 0x7fc917dcc884
+B+: 0x7fc917dcc888 0x7fc917dcc897
+B+: 0x7fc917dcc898 0x7fc917dcc89b
+B+: 0x7fc917dcc89c 0x7fc917dcc8b4
+B+: 0x7fc917dcc8b5 0x7fc917dcc8b8
+B+: 0x7fc917dcc8b9 0x7fc917dcc8c6
+B+: 0x7fc917dcc8c7 0x7fc917dcc8d5
+B+: 0x7fc917dccdc0 0x7fc917dccdec
+B+: 0x7fc917dccded 0x7fc917dccdf2
+B+: 0x7fc917dccdf3 0x7fc917dcce04
+B+: 0x7fc917dcce05 0x7fc917dcce0d
+B+: 0x7fc917dcce0e 0x7fc917dcce1c
+CND+ 0x7fc917dbb00e: taken
+CND+ 0x7fc917dbb5ea: not taken
+CND+ 0x7fc917dbb626: not taken
+CND+ 0x7fc917dbb63b: taken
+CND+ 0x7fc917dbb673: not taken
+CND+ 0x7fc917dbb687: not taken
+CND+ 0x7fc917dbb695: not taken
+CND+ 0x7fc917dbb7e2: taken
+CND+ 0x7fc917dbb862: not taken
+CND+ 0x7fc917dbb87c: both
+CND+ 0x7fc917dbb8a9: not taken
+CND+ 0x7fc917dbba5d: not taken
+CND+ 0x7fc917dbba62: taken
+CND+ 0x7fc917dbc6e6: not taken
+CND+ 0x7fc917dbc704: taken
+CND+ 0x7fc917dbc71a: not taken
+CND+ 0x7fc917dbc71f: taken
+CND+ 0x7fc917dbc72f: taken
+CND+ 0x7fc917dbc74c: not taken
+CND+ 0x7fc917dbc756: not taken
+CND+ 0x7fc917dbc78f: not taken
+CND+ 0x7fc917dbc79b: taken
+CND+ 0x7fc917dbd079: taken
+CND+ 0x7fc917dbd11b: not taken
+CND+ 0x7fc917dbd149: not taken
+CND+ 0x7fc917dbd158: not taken
+CND+ 0x7fc917dbd190: not taken
+CND+ 0x7fc917dbd1ce: taken
+CND+ 0x7fc917dbdc20: not taken
+CND+ 0x7fc917dbdc2d: taken
+CND+ 0x7fc917dbdc48: not taken
+CND+ 0x7fc917dbdc5f: both
+CND+ 0x7fc917dbdc88: not taken
+CND+ 0x7fc917dbded2: taken
+CND+ 0x7fc917dbdf55: not taken
+CND+ 0x7fc917dbdf7e: not taken
+CND+ 0x7fc917dbdf8a: not taken
+CND+ 0x7fc917dbdf93: both
+CND+ 0x7fc917dbdfc4: not taken
+CND+ 0x7fc917dbdfe2: both
+CND+ 0x7fc917dbdffb: taken
+CND+ 0x7fc917dbe05a: taken
+CND+ 0x7fc917dbe0af: not taken
+CND+ 0x7fc917dbe0b8: taken
+CND+ 0x7fc917dbe0e0: taken
+CND+ 0x7fc917dbe116: not taken
+CND+ 0x7fc917dbe15a: not taken
+CND+ 0x7fc917dbe163: taken
+CND+ 0x7fc917dbe21b: taken
+CND+ 0x7fc917dbe24a: taken
+CND+ 0x7fc917dbe27c: not taken
+CND+ 0x7fc917dbe36a: taken
+CND+ 0x7fc917dbe520: not taken
+CND+ 0x7fc917dbe529: not taken
+CND+ 0x7fc917dbe532: taken
+CND+ 0x7fc917dbe8eb: not taken
+CND+ 0x7fc917dbe906: both
+CND+ 0x7fc917dbe93d: not taken
+CND+ 0x7fc917dbe985: both
+CND+ 0x7fc917dbe9f6: taken
+CND+ 0x7fc917dbea20: both
+CND+ 0x7fc917dbea29: not taken
+CND+ 0x7fc917dbea33: not taken
+CND+ 0x7fc917dbeae4: not taken
+CND+ 0x7fc917dbeafb: taken
+CND+ 0x7fc917dbeb2a: both
+CND+ 0x7fc917dbeb30: both
+CND+ 0x7fc917dbeb40: taken
+CND+ 0x7fc917dbeb60: not taken
+CND+ 0x7fc917dbeb96: not taken
+CND+ 0x7fc917dbebe5: taken
+CND+ 0x7fc917dbeda0: not taken
+CND+ 0x7fc917dbeda9: not taken
+CND+ 0x7fc917dbedc8: both
+CND+ 0x7fc917dbedd0: both
+CND+ 0x7fc917dbee2e: taken
+CND+ 0x7fc917dbee57: not taken
+CND+ 0x7fc917dbeeac: taken
+CND+ 0x7fc917dbeed8: taken
+CND+ 0x7fc917dbefa3: not taken
+CND+ 0x7fc917dbefc0: taken
+CND+ 0x7fc917dbf019: not taken
+CND+ 0x7fc917dbf065: not taken
+CND+ 0x7fc917dbf06f: not taken
+CND+ 0x7fc917dbf089: both
+CND+ 0x7fc917dbf09d: not taken
+CND+ 0x7fc917dbf0ab: taken
+CND+ 0x7fc917dbf14c: not taken
+CND+ 0x7fc917dbf156: taken
+CND+ 0x7fc917dbf1cc: taken
+CND+ 0x7fc917dbf1ee: taken
+CND+ 0x7fc917dbf811: both
+CND+ 0x7fc917dbf81b: not taken
+CND+ 0x7fc917dbf81f: not taken
+CND+ 0x7fc917dbf839: taken
+CND+ 0x7fc917dbf859: taken
+CND+ 0x7fc917dbf861: taken
+CND+ 0x7fc917dc045f: taken
+CND+ 0x7fc917dc0626: not taken
+CND+ 0x7fc917dc06ca: taken
+CND+ 0x7fc917dc0762: taken
+CND+ 0x7fc917dc12a4: taken
+CND+ 0x7fc917dc12bd: not taken
+CND+ 0x7fc917dc12cd: not taken
+CND+ 0x7fc917dc130f: taken
+CND+ 0x7fc917dc1327: taken
+CND+ 0x7fc917dc133a: not taken
+CND+ 0x7fc917dc1343: taken
+CND+ 0x7fc917dc1381: not taken
+CND+ 0x7fc917dc13d6: taken
+CND+ 0x7fc917dc13e7: taken
+CND+ 0x7fc917dc1895: not taken
+CND+ 0x7fc917dc18a8: not taken
+CND+ 0x7fc917dc18d2: not taken
+CND+ 0x7fc917dc1907: not taken
+CND+ 0x7fc917dc1942: taken
+CND+ 0x7fc917dc1953: not taken
+CND+ 0x7fc917dc1963: taken
+CND+ 0x7fc917dc1a7b: not taken
+CND+ 0x7fc917dc1dbc: both
+CND+ 0x7fc917dc1dc9: both
+CND+ 0x7fc917dc1e03: not taken
+CND+ 0x7fc917dc1e0d: not taken
+CND+ 0x7fc917dc1e18: taken
+CND+ 0x7fc917dc21a1: not taken
+CND+ 0x7fc917dc21ab: not taken
+CND+ 0x7fc917dc21e4: taken
+CND+ 0x7fc917dc21f2: taken
+CND+ 0x7fc917dc220a: not taken
+CND+ 0x7fc917dc2225: not taken
+CND+ 0x7fc917dc222f: not taken
+CND+ 0x7fc917dc2247: taken
+CND+ 0x7fc917dc2533: taken
+CND+ 0x7fc917dc2582: taken
+CND+ 0x7fc917dc2655: taken
+CND+ 0x7fc917dc2698: taken
+CND+ 0x7fc917dc2703: not taken
+CND+ 0x7fc917dc270c: taken
+CND+ 0x7fc917dc2725: not taken
+CND+ 0x7fc917dc2742: not taken
+CND+ 0x7fc917dc275a: not taken
+CND+ 0x7fc917dc2765: not taken
+CND+ 0x7fc917dc2792: not taken
+CND+ 0x7fc917dc2797: taken
+CND+ 0x7fc917dc27a9: taken
+CND+ 0x7fc917dc27ad: not taken
+CND+ 0x7fc917dc27bc: taken
+CND+ 0x7fc917dc27ce: taken
+CND+ 0x7fc917dc2848: taken
+CND+ 0x7fc917dc2889: not taken
+CND+ 0x7fc917dc289b: not taken
+CND+ 0x7fc917dc28a8: taken
+CND+ 0x7fc917dc2c2f: not taken
+CND+ 0x7fc917dc2c57: taken
+CND+ 0x7fc917dc2c65: not taken
+CND+ 0x7fc917dc2c6e: taken
+CND+ 0x7fc917dc2c86: not taken
+CND+ 0x7fc917dc2cae: taken
+CND+ 0x7fc917dc3366: taken
+CND+ 0x7fc917dc39d6: taken
+CND+ 0x7fc917dc3a31: not taken
+CND+ 0x7fc917dc3a51: taken
+CND+ 0x7fc917dc3aad: not taken
+CND+ 0x7fc917dc3ab5: taken
+CND+ 0x7fc917dc3b00: taken
+CND+ 0x7fc917dc3b5a: not taken
+CND+ 0x7fc917dc3b62: not taken
+CND+ 0x7fc917dc3b6b: not taken
+CND+ 0x7fc917dc3b75: not taken
+CND+ 0x7fc917dc3b7f: taken
+CND+ 0x7fc917dc3b9b: taken
+CND+ 0x7fc917dc3c3c: taken
+CND+ 0x7fc917dc3ed9: not taken
+CND+ 0x7fc917dc3ee6: not taken
+CND+ 0x7fc917dc3f01: not taken
+CND+ 0x7fc917dc3f1a: not taken
+CND+ 0x7fc917dc3f20: not taken
+CND+ 0x7fc917dc3f26: taken
+CND+ 0x7fc917dc476c: not taken
+CND+ 0x7fc917dc478c: not taken
+CND+ 0x7fc917dc47d8: both
+CND+ 0x7fc917dc47e1: taken
+CND+ 0x7fc917dc4806: not taken
+CND+ 0x7fc917dc4840: not taken
+CND+ 0x7fc917dc484a: not taken
+CND+ 0x7fc917dc4965: both
+CND+ 0x7fc917dc4989: not taken
+CND+ 0x7fc917dc49b2: not taken
+CND+ 0x7fc917dc49bc: not taken
+CND+ 0x7fc917dc49e3: not taken
+CND+ 0x7fc917dc4a13: taken
+CND+ 0x7fc917dc4afd: not taken
+CND+ 0x7fc917dc4b1a: not taken
+CND+ 0x7fc917dc4b61: taken
+CND+ 0x7fc917dc5711: not taken
+CND+ 0x7fc917dc571d: not taken
+CND+ 0x7fc917dc5722: not taken
+CND+ 0x7fc917dc5748: not taken
+CND+ 0x7fc917dc574c: not taken
+CND+ 0x7fc917dc575f: not taken
+CND+ 0x7fc917dc57a4: not taken
+CND+ 0x7fc917dc58f3: both
+CND+ 0x7fc917dc590f: both
+CND+ 0x7fc917dc5911: not taken
+CND+ 0x7fc917dc591a: taken
+CND+ 0x7fc917dc5a92: not taken
+CND+ 0x7fc917dc5aba: not taken
+CND+ 0x7fc917dc5ad5: both
+CND+ 0x7fc917dc5ade: taken
+CND+ 0x7fc917dc5af7: not taken
+CND+ 0x7fc917dc5b01: not taken
+CND+ 0x7fc917dc5b05: not taken
+CND+ 0x7fc917dc5b19: taken
+CND+ 0x7fc917dc5c50: not taken
+CND+ 0x7fc917dc5c62: taken
+CND+ 0x7fc917dc5db1: not taken
+CND+ 0x7fc917dc5dea: both
+CND+ 0x7fc917dc5e13: not taken
+CND+ 0x7fc917dc5e20: taken
+CND+ 0x7fc917dc5e2d: not taken
+CND+ 0x7fc917dc5e43: not taken
+CND+ 0x7fc917dc5e4f: both
+CND+ 0x7fc917dc5e58: not taken
+CND+ 0x7fc917dc5e72: taken
+CND+ 0x7fc917dc5ee7: taken
+CND+ 0x7fc917dc675d: both
+CND+ 0x7fc917dc676f: not taken
+CND+ 0x7fc917dc6782: both
+CND+ 0x7fc917dc6787: both
+CND+ 0x7fc917dc6795: both
+CND+ 0x7fc917dc68b1: not taken
+CND+ 0x7fc917dc68dc: not taken
+CND+ 0x7fc917dc68ea: not taken
+CND+ 0x7fc917dc68ec: both
+CND+ 0x7fc917dc68f5: not taken
+CND+ 0x7fc917dc68fb: taken
+CND+ 0x7fc917dc6943: not taken
+CND+ 0x7fc917dc694c: taken
+CND+ 0x7fc917dc6983: not taken
+CND+ 0x7fc917dc6989: both
+CND+ 0x7fc917dc6990: not taken
+CND+ 0x7fc917dc69ab: taken
+CND+ 0x7fc917dc6a0b: taken
+CND+ 0x7fc917dc6b10: both
+CND+ 0x7fc917dc6b1c: not taken
+CND+ 0x7fc917dc6b21: both
+CND+ 0x7fc917dc6b2f: not taken
+CND+ 0x7fc917dc6b37: both
+CND+ 0x7fc917dc6b44: both
+CND+ 0x7fc917dc6b5e: taken
+CND+ 0x7fc917dc6b92: both
+CND+ 0x7fc917dc6b9b: taken
+CND+ 0x7fc917dc6bfb: taken
+CND+ 0x7fc917dc6d68: both
+CND+ 0x7fc917dc6d71: taken
+CND+ 0x7fc917dc6d8b: not taken
+CND+ 0x7fc917dc6da3: taken
+CND+ 0x7fc917dc6ddd: taken
+CND+ 0x7fc917dc6e02: not taken
+CND+ 0x7fc917dc6e0b: taken
+CND+ 0x7fc917dc6e2f: not taken
+CND+ 0x7fc917dc6e35: taken
+CND+ 0x7fc917dc6e4f: not taken
+CND+ 0x7fc917dc6e58: both
+CND+ 0x7fc917dc6f7d: not taken
+CND+ 0x7fc917dc702c: not taken
+CND+ 0x7fc917dc70c7: not taken
+CND+ 0x7fc917dc70d0: both
+CND+ 0x7fc917dc70d9: not taken
+CND+ 0x7fc917dc75a7: both
+CND+ 0x7fc917dc75ed: not taken
+CND+ 0x7fc917dc75f2: taken
+CND+ 0x7fc917dc7682: not taken
+CND+ 0x7fc917dc76a1: not taken
+CND+ 0x7fc917dc77bb: not taken
+CND+ 0x7fc917dc7835: not taken
+CND+ 0x7fc917dc7870: not taken
+CND+ 0x7fc917dc788e: not taken
+CND+ 0x7fc917dc789e: not taken
+CND+ 0x7fc917dc79ca: both
+CND+ 0x7fc917dc79ea: taken
+CND+ 0x7fc917dc79f6: taken
+CND+ 0x7fc917dc7a15: taken
+CND+ 0x7fc917dc7a38: not taken
+CND+ 0x7fc917dc7a48: taken
+CND+ 0x7fc917dc7abb: not taken
+CND+ 0x7fc917dc814f: not taken
+CND+ 0x7fc917dc816f: not taken
+CND+ 0x7fc917dc817e: taken
+CND+ 0x7fc917dc8a5f: taken
+CND+ 0x7fc917dc8b46: not taken
+CND+ 0x7fc917dc8b50: taken
+CND+ 0x7fc917dc8b69: taken
+CND+ 0x7fc917dc8b93: taken
+CND+ 0x7fc917dc8d2b: taken
+CND+ 0x7fc917dc8e50: not taken
+CND+ 0x7fc917dc9227: taken
+CND+ 0x7fc917dc925f: not taken
+CND+ 0x7fc917dc9278: taken
+CND+ 0x7fc917dc92b9: not taken
+CND+ 0x7fc917dc92d7: taken
+CND+ 0x7fc917dc930b: taken
+CND+ 0x7fc917dc9383: taken
+CND+ 0x7fc917dc93e2: taken
+CND+ 0x7fc917dc9456: taken
+CND+ 0x7fc917dc9488: both
+CND+ 0x7fc917dc948c: not taken
+CND+ 0x7fc917dc9493: not taken
+CND+ 0x7fc917dc9498: both
+CND+ 0x7fc917dc94e0: not taken
+CND+ 0x7fc917dc9512: not taken
+CND+ 0x7fc917dc9519: taken
+CND+ 0x7fc917dc9548: not taken
+CND+ 0x7fc917dc954d: not taken
+CND+ 0x7fc917dc95c9: not taken
+CND+ 0x7fc917dc95d7: taken
+CND+ 0x7fc917dc96f8: taken
+CND+ 0x7fc917dc97b9: not taken
+CND+ 0x7fc917dc9830: not taken
+CND+ 0x7fc917dc9846: taken
+CND+ 0x7fc917dc986e: not taken
+CND+ 0x7fc917dc9b09: not taken
+CND+ 0x7fc917dc9b13: not taken
+CND+ 0x7fc917dc9c18: taken
+CND+ 0x7fc917dc9c9d: not taken
+CND+ 0x7fc917dc9dfa: taken
+CND+ 0x7fc917dcb946: both
+CND+ 0x7fc917dcb963: both
+CND+ 0x7fc917dcb968: not taken
+CND+ 0x7fc917dcb96e: not taken
+CND+ 0x7fc917dcb986: not taken
+CND+ 0x7fc917dcb98b: both
+CND+ 0x7fc917dcb99a: both
+CND+ 0x7fc917dcb99f: both
+CND+ 0x7fc917dcb9ac: both
+CND+ 0x7fc917dcb9b7: both
+CND+ 0x7fc917dcb9c4: not taken
+CND+ 0x7fc917dcba10: not taken
+CND+ 0x7fc917dcba15: taken
+CND+ 0x7fc917dcba2e: both
+CND+ 0x7fc917dcba32: both
+CND+ 0x7fc917dcba5c: both
+CND+ 0x7fc917dcbadd: not taken
+CND+ 0x7fc917dcbae2: not taken
+CND+ 0x7fc917dcbafe: not taken
+CND+ 0x7fc917dcbb02: both
+CND+ 0x7fc917dcbb48: both
+CND+ 0x7fc917dcbb52: not taken
+CND+ 0x7fc917dcbb5c: not taken
+CND+ 0x7fc917dcbb65: both
+CND+ 0x7fc917dcbb6b: taken
+CND+ 0x7fc917dcbb75: not taken
+CND+ 0x7fc917dcbb95: not taken
+CND+ 0x7fc917dcbba2: not taken
+CND+ 0x7fc917dcbbc4: not taken
+CND+ 0x7fc917dcbbce: not taken
+CND+ 0x7fc917dcbbf6: taken
+CND+ 0x7fc917dcbc24: taken
+CND+ 0x7fc917dcbce1: not taken
+CND+ 0x7fc917dcbcea: not taken
+CND+ 0x7fc917dcbcf3: not taken
+CND+ 0x7fc917dcbd25: not taken
+CND+ 0x7fc917dcbd53: not taken
+CND+ 0x7fc917dcbd5d: not taken
+CND+ 0x7fc917dcbeb5: not taken
+CND+ 0x7fc917dcbeba: not taken
+CND+ 0x7fc917dcbed8: both
+CND+ 0x7fc917dcbedc: taken
+CND+ 0x7fc917dcbf0f: not taken
+CND+ 0x7fc917dcbf15: not taken
+CND+ 0x7fc917dcc46f: not taken
+CND+ 0x7fc917dcc53d: not taken
+CND+ 0x7fc917dcc547: not taken
+CND+ 0x7fc917dcc605: not taken
+CND+ 0x7fc917dcc60f: not taken
+CND+ 0x7fc917dcc647: not taken
+CND+ 0x7fc917dcc65e: not taken
+CND+ 0x7fc917dcc7bd: taken
+CND+ 0x7fc917dcc7d2: taken
+CND+ 0x7fc917dcc7df: not taken
+CND+ 0x7fc917dcc7e4: both
+CND+ 0x7fc917dcc7fa: taken
+CND+ 0x7fc917dcc856: not taken
+CND+ 0x7fc917dcc85b: taken
+CND+ 0x7fc917dcc87a: not taken
+CND+ 0x7fc917dcc89a: not taken
+CND+ 0x7fc917dcc8b7: not taken
+CND+ 0x7fc917dcc8c5: not taken
+CND+ 0x7fc917dcc8d4: taken
+CND+ 0x7fc917dccdf1: not taken
+CND+ 0x7fc917dcce0c: not taken
@0x7fc917dbb784 to 0x7fc91b893fb0 1
@0x7fc917dcce01 to 0x7fc917dbb840 1
@0x7fc917dc955f to 0x7fc917dc9580 1
@0x7fc917dc955f to 0x7fc917dc95c0 1
@0x7fc917dc955f to 0x7fc917dc95a8 2
@0x7fc917dc78af to 0x7fc917dc7a01 185
@0x7fc917dc78af to 0x7fc917dc79f0 10
@0x7fc917dc78af to 0x7fc917dc7a28 1
@0x7fc917dcbc19 to 0x7fc917dbf7d0 1
@0x7fc917dcbc19 to 0x7fc917dc6120 1
@0x7fc917dbb050 to 0x7fc91b8f4a30 4
@0x7fc917dbb080 to 0x7fc91b894330 2
@0x7fc917dbb090 to 0x7fc91b936710 1
@0x7fc917dbb0a0 to 0x7fc91b90ce70 5
@0x7fc917dbb0d0 to 0x7fc91b8a7a20 7
@0x7fc917dbb0f0 to 0x7fc91b9cb800 4
@0x7fc917dbb130 to 0x7fc91b9371e0 1
@0x7fc917dbb140 to 0x7fc91b8abc10 1
@0x7fc917dbb150 to 0x7fc91b959800 4
@0x7fc917dbb160 to 0x7fc91b936230 1
@0x7fc917dbb190 to 0x7fc91b9cbbc0 8
@0x7fc917dbb1c0 to 0x7fc91b937200 1
@0x7fc917dbb1e0 to 0x7fc91b9cb5d0 1
@0x7fc917dbb220 to 0x7fc91b937210 2
@0x7fc917dbb230 to 0x7fc91b95ab10 1
@0x7fc917dbd16e to 0x7fc917dbd1c0 1
@0x7fc917dbb280 to 0x7fc91b9c6d10 11
@0x7fc917dbb2a0 to 0x7fc91b8a7450 4
@0x7fc917dbd1ac to 0x7fc917dbde90 1
@0x7fc917dbb2d0 to 0x7fc91b9c7100 9
@0x7fc917dbb320 to 0x7fc91b8a80f0 4
@0x7fc917dbb330 to 0x7fc91b9cc100 6
@0x7fc917dbb350 to 0x7fc91b937220 1
@0x7fc917dbb370 to 0x7fc91b959800 2
@0x7fc917dbb390 to 0x7fc91b8f43e0 23
@0x7fc917dbb3b0 to 0x7fc91b937230 1
@0x7fc917dbb3c0 to 0x7fc91b9c6e90 22
@0x7fc917dbb3e0 to 0x7fc91b977ba0 1
@0x7fc917dbb410 to 0x7fc91b8f4c80 1
@0x7fc917dbb460 to 0x7fc91b9cc0e0 13
@0x7fc917dbb510 to 0x7fc91b9371f0 1
@0x7fc917dbb560 to 0x7fc91b9364e0 1
@0x7fc917dbb570 to 0x7fc91b8a0580 191
@0x7fc917dc6f91 to 0x7fc917dc7075 1
