MODULE_NAME: /usr/bin/gs
MODULE_START: 0x7fad2ea4a000
+B+: 0x7fad2ea4b000 0x7fad2ea4b00f
+B+: 0x7fad2ea4b012 0x7fad2ea4b016
+B+: 0x7fad2ea4b020 0x7fad2ea4b02b
+B+: 0x7fad2ea4b030 0x7fad2ea4b035
+B+: 0x7fad2ea4b036 0x7fad2ea4b03f
+B+: 0x7fad2ea4b040 0x7fad2ea4b045
+B+: 0x7fad2ea4b046 0x7fad2ea4b04f
+B+: 0x7fad2ea4b050 0x7fad2ea4b055
+B+: 0x7fad2ea4b056 0x7fad2ea4b05f
+B+: 0x7fad2ea4b0b0 0x7fad2ea4b0b5
+B+: 0x7fad2ea4b0b6 0x7fad2ea4b0bf
+B+: 0x7fad2ea4b0c0 0x7fad2ea4b0c5
+B+: 0x7fad2ea4b0c6 0x7fad2ea4b0cf
+B+: 0x7fad2ea4b0e0 0x7fad2ea4b0e5
+B+: 0x7fad2ea4b0f0 0x7fad2ea4b121
+B+: 0x7fad2ea4b122 0x7fad2ea4b127
+B+: 0x7fad2ea4b128 0x7fad2ea4b130
+B+: 0x7fad2ea4b131 0x7fad2ea4b132
+B+: 0x7fad2ea4b133 0x7fad2ea4b137
+B+: 0x7fad2ea4b13d 0x7fad2ea4b152
+B+: 0x7fad2ea4b153 0x7fad2ea4b15b
+B+: 0x7fad2ea4b178 0x7fad2ea4b183
+B+: 0x7fad2ea4b184 0x7fad2ea4b1a2
+B+: 0x7fad2ea4b1a3 0x7fad2ea4b1b1
+B+: 0x7fad2ea4b1b2 0x7fad2ea4b1b7
+B+: 0x7fad2ea4b1b8 0x7fad2ea4b1c1
+B+: 0x7fad2ea4b1c2 0x7fad2ea4b1c5
+B+: 0x7fad2ea4b1c6 0x7fad2ea4b1ca
+B+: 0x7fad2ea4b1cb 0x7fad2ea4b1d6
+B+: 0x7fad2ea4b1d7 0x7fad2ea4b1db
+B+: 0x7fad2ea4b1dc 0x7fad2ea4b1e0
+B+: 0x7fad2ea4b213 0x7fad2ea4b216
+B+: 0x7fad2ea4b220 0x7fad2ea4b249
+B+: 0x7fad2ea4b250 0x7fad2ea4b262
+B+: 0x7fad2ea4b278 0x7fad2ea4b278
+B+: 0x7fad2ea4b280 0x7fad2ea4b2a3
+B+: 0x7fad2ea4b2b8 0x7fad2ea4b2b8
+B+: 0x7fad2ea4b2c0 0x7fad2ea4b2c8
+B+: 0x7fad2ea4b2c9 0x7fad2ea4b2d6
+B+: 0x7fad2ea4b2d7 0x7fad2ea4b2e2
+B+: 0x7fad2ea4b2e3 0x7fad2ea4b2e7
+B+: 0x7fad2ea4b2e8 0x7fad2ea4b2f0
+B+: 0x7fad2ea4b300 0x7fad2ea4b304
+B+: 0x7fad2ea4b3c0 0x7fad2ea4b3ec
+B+: 0x7fad2ea4b3ed 0x7fad2ea4b3f2
+B+: 0x7fad2ea4b3f3 0x7fad2ea4b404
+B+: 0x7fad2ea4b405 0x7fad2ea4b40d
+B+: 0x7fad2ea4b40e 0x7fad2ea4b41c
+B+: 0x7fad2ea4b424 0x7fad2ea4b42c
+CND+ 0x7fad2ea4b00e: taken
+CND+ 0x7fad2ea4b126: taken
+CND+ 0x7fad2ea4b12b: not taken
+CND+ 0x7fad2ea4b131: not taken
+CND+ 0x7fad2ea4b136: taken
+CND+ 0x7fad2ea4b14d: not taken
+CND+ 0x7fad2ea4b1b6: not taken
+CND+ 0x7fad2ea4b1c4: not taken
+CND+ 0x7fad2ea4b1c9: taken
+CND+ 0x7fad2ea4b1df: taken
+CND+ 0x7fad2ea4b261: taken
+CND+ 0x7fad2ea4b2a2: taken
+CND+ 0x7fad2ea4b2c7: not taken
+CND+ 0x7fad2ea4b2d5: not taken
+CND+ 0x7fad2ea4b3f1: not taken
+CND+ 0x7fad2ea4b40c: not taken
@0x7fad2ea4b026 to 0x7fad32a3a500 5
@0x7fad2ea4b030 to 0x7fad2ea4b036 1
@0x7fad2ea4b040 to 0x7fad2ea4b046 1
@0x7fad2ea4b050 to 0x7fad2ea4b056 1
@0x7fad2ea4b0b0 to 0x7fad2ea4b0b6 1
@0x7fad2ea4b0c0 to 0x7fad2ea4b0c6 1
@0x7fad2ea4b0e0 to 0x7fad315a01c0 1
@0x7fad2ea4b244 to 0x7fad31589fb0 1
@0x7fad2ea4b401 to 0x7fad2ea4b300 1
