MODULE_NAME: /usr/bin/gs
MODULE_START: 0x7f2263a1d000
+B+: 0x7f2263a1e000 0x7f2263a1e00f
+B+: 0x7f2263a1e012 0x7f2263a1e016
+B+: 0x7f2263a1e020 0x7f2263a1e02b
+B+: 0x7f2263a1e030 0x7f2263a1e035
+B+: 0x7f2263a1e036 0x7f2263a1e03f
+B+: 0x7f2263a1e040 0x7f2263a1e045
+B+: 0x7f2263a1e046 0x7f2263a1e04f
+B+: 0x7f2263a1e050 0x7f2263a1e055
+B+: 0x7f2263a1e056 0x7f2263a1e05f
+B+: 0x7f2263a1e090 0x7f2263a1e095
+B+: 0x7f2263a1e096 0x7f2263a1e09f
+B+: 0x7f2263a1e0b0 0x7f2263a1e0b5
+B+: 0x7f2263a1e0b6 0x7f2263a1e0bf
+B+: 0x7f2263a1e0c0 0x7f2263a1e0c5
+B+: 0x7f2263a1e0c6 0x7f2263a1e0cf
+B+: 0x7f2263a1e0d0 0x7f2263a1e0d5
+B+: 0x7f2263a1e0d6 0x7f2263a1e0df
+B+: 0x7f2263a1e0e0 0x7f2263a1e0e5
+B+: 0x7f2263a1e0f0 0x7f2263a1e121
+B+: 0x7f2263a1e122 0x7f2263a1e127
+B+: 0x7f2263a1e128 0x7f2263a1e130
+B+: 0x7f2263a1e131 0x7f2263a1e132
+B+: 0x7f2263a1e133 0x7f2263a1e137
+B+: 0x7f2263a1e138 0x7f2263a1e152
+B+: 0x7f2263a1e153 0x7f2263a1e15b
+B+: 0x7f2263a1e184 0x7f2263a1e1a2
+B+: 0x7f2263a1e1a3 0x7f2263a1e1b1
+B+: 0x7f2263a1e1b2 0x7f2263a1e1b7
+B+: 0x7f2263a1e1b8 0x7f2263a1e1c1
+B+: 0x7f2263a1e1c2 0x7f2263a1e1c5
+B+: 0x7f2263a1e1c6 0x7f2263a1e1ca
+B+: 0x7f2263a1e1cb 0x7f2263a1e1d6
+B+: 0x7f2263a1e1d7 0x7f2263a1e1db
+B+: 0x7f2263a1e220 0x7f2263a1e249
+B+: 0x7f2263a1e250 0x7f2263a1e262
+B+: 0x7f2263a1e278 0x7f2263a1e278
+B+: 0x7f2263a1e280 0x7f2263a1e2a3
+B+: 0x7f2263a1e2b8 0x7f2263a1e2b8
+B+: 0x7f2263a1e2c0 0x7f2263a1e2c8
+B+: 0x7f2263a1e2c9 0x7f2263a1e2d6
+B+: 0x7f2263a1e2d7 0x7f2263a1e2e2
+B+: 0x7f2263a1e2e3 0x7f2263a1e2e7
+B+: 0x7f2263a1e2e8 0x7f2263a1e2f0
+B+: 0x7f2263a1e300 0x7f2263a1e304
+B+: 0x7f2263a1e350 0x7f2263a1e373
+B+: 0x7f2263a1e374 0x7f2263a1e37c
+B+: 0x7f2263a1e37d 0x7f2263a1e385
+B+: 0x7f2263a1e3c0 0x7f2263a1e3ec
+B+: 0x7f2263a1e3ed 0x7f2263a1e3f2
+B+: 0x7f2263a1e3f3 0x7f2263a1e404
+B+: 0x7f2263a1e405 0x7f2263a1e40d
+B+: 0x7f2263a1e40e 0x7f2263a1e41c
+B+: 0x7f2263a1e424 0x7f2263a1e42c
+CND+ 0x7f2263a1e00e: taken
+CND+ 0x7f2263a1e126: taken
+CND+ 0x7f2263a1e12b: not taken
+CND+ 0x7f2263a1e131: not taken
+CND+ 0x7f2263a1e136: not taken
+CND+ 0x7f2263a1e14d: not taken
+CND+ 0x7f2263a1e1b6: not taken
+CND+ 0x7f2263a1e1c4: not taken
+CND+ 0x7f2263a1e1c9: not taken
+CND+ 0x7f2263a1e261: taken
+CND+ 0x7f2263a1e2a2: taken
+CND+ 0x7f2263a1e2c7: not taken
+CND+ 0x7f2263a1e2d5: not taken
+CND+ 0x7f2263a1e3f1: not taken
+CND+ 0x7f2263a1e40c: not taken
@0x7f2263a1e244 to 0x7f226655cfb0 1
@0x7f2263a1e401 to 0x7f2263a1e300 1
@0x7f2263a1e026 to 0x7f2267a0d500 7
@0x7f2263a1e030 to 0x7f2263a1e036 1
@0x7f2263a1e040 to 0x7f2263a1e046 1
@0x7f2263a1e050 to 0x7f2263a1e056 1
@0x7f2263a1e090 to 0x7f2263a1e096 1
@0x7f2263a1e0b0 to 0x7f2263a1e0b6 1
@0x7f2263a1e0c0 to 0x7f2263a1e0c6 1
@0x7f2263a1e0d0 to 0x7f2263a1e0d6 1
@0x7f2263a1e0e0 to 0x7f22665731c0 1
