MODULE_NAME: /bin/dash
MODULE_START: 0x7f6e5b79a000
+B+: 0x7f6e5b79e000 0x7f6e5b79e00f
+B+: 0x7f6e5b79e012 0x7f6e5b79e016
+B+: 0x7f6e5b79e050 0x7f6e5b79e055
+B+: 0x7f6e5b79e080 0x7f6e5b79e085
+B+: 0x7f6e5b79e090 0x7f6e5b79e095
+B+: 0x7f6e5b79e0a0 0x7f6e5b79e0a5
+B+: 0x7f6e5b79e0d0 0x7f6e5b79e0d5
+B+: 0x7f6e5b79e0f0 0x7f6e5b79e0f5
+B+: 0x7f6e5b79e130 0x7f6e5b79e135
+B+: 0x7f6e5b79e140 0x7f6e5b79e145
+B+: 0x7f6e5b79e150 0x7f6e5b79e155
+B+: 0x7f6e5b79e160 0x7f6e5b79e165
+B+: 0x7f6e5b79e190 0x7f6e5b79e195
+B+: 0x7f6e5b79e1c0 0x7f6e5b79e1c5
+B+: 0x7f6e5b79e1e0 0x7f6e5b79e1e5
+B+: 0x7f6e5b79e220 0x7f6e5b79e225
+B+: 0x7f6e5b79e230 0x7f6e5b79e235
+B+: 0x7f6e5b79e280 0x7f6e5b79e285
+B+: 0x7f6e5b79e2a0 0x7f6e5b79e2a5
+B+: 0x7f6e5b79e2d0 0x7f6e5b79e2d5
+B+: 0x7f6e5b79e320 0x7f6e5b79e325
+B+: 0x7f6e5b79e330 0x7f6e5b79e335
+B+: 0x7f6e5b79e350 0x7f6e5b79e355
+B+: 0x7f6e5b79e370 0x7f6e5b79e375
+B+: 0x7f6e5b79e390 0x7f6e5b79e395
+B+: 0x7f6e5b79e3b0 0x7f6e5b79e3b5
+B+: 0x7f6e5b79e3c0 0x7f6e5b79e3c5
+B+: 0x7f6e5b79e3e0 0x7f6e5b79e3e5
+B+: 0x7f6e5b79e410 0x7f6e5b79e415
+B+: 0x7f6e5b79e460 0x7f6e5b79e465
+B+: 0x7f6e5b79e510 0x7f6e5b79e515
+B+: 0x7f6e5b79e560 0x7f6e5b79e565
+B+: 0x7f6e5b79e570 0x7f6e5b79e575
+B+: 0x7f6e5b79e590 0x7f6e5b79e5b8
+B+: 0x7f6e5b79e5b9 0x7f6e5b79e5c4
+B+: 0x7f6e5b79e5c5 0x7f6e5b79e5cf
+B+: 0x7f6e5b79e5d0 0x7f6e5b79e5e7
+B+: 0x7f6e5b79e5e8 0x7f6e5b79e5ef
+B+: 0x7f6e5b79e5f0 0x7f6e5b79e600
+B+: 0x7f6e5b79e601 0x7f6e5b79e60b
+B+: 0x7f6e5b79e60c 0x7f6e5b79e615
+B+: 0x7f6e5b79e616 0x7f6e5b79e623
+B+: 0x7f6e5b79e624 0x7f6e5b79e62b
+B+: 0x7f6e5b79e62c 0x7f6e5b79e63c
+B+: 0x7f6e5b79e657 0x7f6e5b79e660
+B+: 0x7f6e5b79e661 0x7f6e5b79e678
+B+: 0x7f6e5b79e679 0x7f6e5b79e67f
+B+: 0x7f6e5b79e680 0x7f6e5b79e68c
+B+: 0x7f6e5b79e68d 0x7f6e5b79e696
+B+: 0x7f6e5b79e697 0x7f6e5b79e69b
+B+: 0x7f6e5b79e760 0x7f6e5b79e789
+B+: 0x7f6e5b79e7c0 0x7f6e5b79e7e3
+B+: 0x7f6e5b79e7f8 0x7f6e5b79e7f8
+B+: 0x7f6e5b79e840 0x7f6e5b79e844
+B+: 0x7f6e5b79e850 0x7f6e5b79e863
+B+: 0x7f6e5b79e864 0x7f6e5b79e86f
+B+: 0x7f6e5b79e870 0x7f6e5b79e87d
+B+: 0x7f6e5b79e87e 0x7f6e5b79e8aa
+B+: 0x7f6e5b79e8ab 0x7f6e5b79e8ac
+B+: 0x7f6e5b79e8cb 0x7f6e5b79e8d2
+B+: 0x7f6e5b79ea50 0x7f6e5b79ea57
+B+: 0x7f6e5b79ea58 0x7f6e5b79ea5e
+B+: 0x7f6e5b79ea5f 0x7f6e5b79ea63
+B+: 0x7f6e5b79ea71 0x7f6e5b79ea72
+B+: 0x7f6e5b79f6d0 0x7f6e5b79f6eb
+B+: 0x7f6e5b79f6ec 0x7f6e5b79f705
+B+: 0x7f6e5b79f717 0x7f6e5b79f71b
+B+: 0x7f6e5b79f71c 0x7f6e5b79f720
+B+: 0x7f6e5b79f72c 0x7f6e5b79f730
+B+: 0x7f6e5b79f73e 0x7f6e5b79f74d
+B+: 0x7f6e5b79f74e 0x7f6e5b79f757
+B+: 0x7f6e5b79f758 0x7f6e5b79f775
+B+: 0x7f6e5b79f780 0x7f6e5b79f788
+B+: 0x7f6e5b79f789 0x7f6e5b79f790
+B+: 0x7f6e5b79f791 0x7f6e5b79f79c
+B+: 0x7f6e5b7a0060 0x7f6e5b7a007e
+B+: 0x7f6e5b7a010d 0x7f6e5b7a011c
+B+: 0x7f6e5b7a011d 0x7f6e5b7a0123
+B+: 0x7f6e5b7a0140 0x7f6e5b7a014a
+B+: 0x7f6e5b7a014b 0x7f6e5b7a0152
+B+: 0x7f6e5b7a0153 0x7f6e5b7a015d
+B+: 0x7f6e5b7a015e 0x7f6e5b7a016f
+B+: 0x7f6e5b7a0188 0x7f6e5b7a018c
+B+: 0x7f6e5b7a018d 0x7f6e5b7a0191
+B+: 0x7f6e5b7a0192 0x7f6e5b7a019c
+B+: 0x7f6e5b7a01a7 0x7f6e5b7a01ad
+B+: 0x7f6e5b7a01ae 0x7f6e5b7a01b5
+B+: 0x7f6e5b7a01c0 0x7f6e5b7a01cf
+B+: 0x7f6e5b7a0bc0 0x7f6e5b7a0bfa
+B+: 0x7f6e5b7a0bfb 0x7f6e5b7a0c07
+B+: 0x7f6e5b7a0c08 0x7f6e5b7a0c0f
+B+: 0x7f6e5b7a0c10 0x7f6e5b7a0c11
+B+: 0x7f6e5b7a0c18 0x7f6e5b7a0c21
+B+: 0x7f6e5b7a0c22 0x7f6e5b7a0c2e
+B+: 0x7f6e5b7a0c32 0x7f6e5b7a0c39
+B+: 0x7f6e5b7a0c3a 0x7f6e5b7a0c49
+B+: 0x7f6e5b7a0c4a 0x7f6e5b7a0c51
+B+: 0x7f6e5b7a0c52 0x7f6e5b7a0c58
+B+: 0x7f6e5b7a0c59 0x7f6e5b7a0c60
+B+: 0x7f6e5b7a0c61 0x7f6e5b7a0c68
+B+: 0x7f6e5b7a0c69 0x7f6e5b7a0c6d
+B+: 0x7f6e5b7a0c6e 0x7f6e5b7a0c77
+B+: 0x7f6e5b7a0c78 0x7f6e5b7a0c89
+B+: 0x7f6e5b7a0c8a 0x7f6e5b7a0c98
+B+: 0x7f6e5b7a0e90 0x7f6e5b7a0ed3
+B+: 0x7f6e5b7a0edf 0x7f6e5b7a0ef5
+B+: 0x7f6e5b7a0ef6 0x7f6e5b7a0efa
+B+: 0x7f6e5b7a0efb 0x7f6e5b7a0f5a
+B+: 0x7f6e5b7a0f5b 0x7f6e5b7a0f67
+B+: 0x7f6e5b7a0f68 0x7f6e5b7a0f77
+B+: 0x7f6e5b7a0f78 0x7f6e5b7a0f7f
+B+: 0x7f6e5b7a0f80 0x7f6e5b7a0f8b
+B+: 0x7f6e5b7a0f8c 0x7f6e5b7a0f94
+B+: 0x7f6e5b7a0f95 0x7f6e5b7a0f9b
+B+: 0x7f6e5b7a0fa0 0x7f6e5b7a0faf
+B+: 0x7f6e5b7a0fb0 0x7f6e5b7a0fc5
+B+: 0x7f6e5b7a0fc6 0x7f6e5b7a0fcf
+B+: 0x7f6e5b7a0fd0 0x7f6e5b7a0fe3
+B+: 0x7f6e5b7a0fe4 0x7f6e5b7a0ffc
+B+: 0x7f6e5b7a1019 0x7f6e5b7a102b
+B+: 0x7f6e5b7a102c 0x7f6e5b7a1034
+B+: 0x7f6e5b7a1035 0x7f6e5b7a1047
+B+: 0x7f6e5b7a1048 0x7f6e5b7a105b
+B+: 0x7f6e5b7a10a8 0x7f6e5b7a10b4
+B+: 0x7f6e5b7a10b5 0x7f6e5b7a10b9
+B+: 0x7f6e5b7a10db 0x7f6e5b7a10e1
+B+: 0x7f6e5b7a10f0 0x7f6e5b7a1103
+B+: 0x7f6e5b7a1104 0x7f6e5b7a1113
+B+: 0x7f6e5b7a1114 0x7f6e5b7a111b
+B+: 0x7f6e5b7a111c 0x7f6e5b7a1122
+B+: 0x7f6e5b7a1123 0x7f6e5b7a1152
+B+: 0x7f6e5b7a1153 0x7f6e5b7a115f
+B+: 0x7f6e5b7a1160 0x7f6e5b7a1168
+B+: 0x7f6e5b7a1216 0x7f6e5b7a121c
+B+: 0x7f6e5b7a1224 0x7f6e5b7a122d
+B+: 0x7f6e5b7a122e 0x7f6e5b7a1237
+B+: 0x7f6e5b7a1238 0x7f6e5b7a1241
+B+: 0x7f6e5b7a1242 0x7f6e5b7a124b
+B+: 0x7f6e5b7a125d 0x7f6e5b7a1266
+B+: 0x7f6e5b7a1267 0x7f6e5b7a1281
+B+: 0x7f6e5b7a1282 0x7f6e5b7a1293
+B+: 0x7f6e5b7a134c 0x7f6e5b7a1353
+B+: 0x7f6e5b7a1354 0x7f6e5b7a136f
+B+: 0x7f6e5b7a151b 0x7f6e5b7a1525
+B+: 0x7f6e5b7a1526 0x7f6e5b7a152e
+B+: 0x7f6e5b7a152f 0x7f6e5b7a1537
+B+: 0x7f6e5b7a18d0 0x7f6e5b7a18ec
+B+: 0x7f6e5b7a18ed 0x7f6e5b7a18f1
+B+: 0x7f6e5b7a18f8 0x7f6e5b7a18fa
+B+: 0x7f6e5b7a18fb 0x7f6e5b7a1907
+B+: 0x7f6e5b7a1908 0x7f6e5b7a193e
+B+: 0x7f6e5b7a193f 0x7f6e5b7a1940
+B+: 0x7f6e5b7a1963 0x7f6e5b7a1977
+B+: 0x7f6e5b7a1980 0x7f6e5b7a1986
+B+: 0x7f6e5b7a1987 0x7f6e5b7a198e
+B+: 0x7f6e5b7a198f 0x7f6e5b7a1997
+B+: 0x7f6e5b7a1998 0x7f6e5b7a19ba
+B+: 0x7f6e5b7a19bb 0x7f6e5b7a19bc
+B+: 0x7f6e5b7a19c0 0x7f6e5b7a19e7
+B+: 0x7f6e5b7a19e8 0x7f6e5b7a19f7
+B+: 0x7f6e5b7a1a19 0x7f6e5b7a1a21
+B+: 0x7f6e5b7a1a22 0x7f6e5b7a1a2a
+B+: 0x7f6e5b7a1a2b 0x7f6e5b7a1a34
+B+: 0x7f6e5b7a1a35 0x7f6e5b7a1a3f
+B+: 0x7f6e5b7a1ad0 0x7f6e5b7a1ae9
+B+: 0x7f6e5b7a1aea 0x7f6e5b7a1b00
+B+: 0x7f6e5b7a1b10 0x7f6e5b7a1b1f
+B+: 0x7f6e5b7a1b20 0x7f6e5b7a1b2b
+B+: 0x7f6e5b7a1b2c 0x7f6e5b7a1b31
+B+: 0x7f6e5b7a1b32 0x7f6e5b7a1b41
+B+: 0x7f6e5b7a1b56 0x7f6e5b7a1b61
+B+: 0x7f6e5b7a1b62 0x7f6e5b7a1b6f
+B+: 0x7f6e5b7a1b70 0x7f6e5b7a1b85
+B+: 0x7f6e5b7a1b86 0x7f6e5b7a1b97
+B+: 0x7f6e5b7a1b98 0x7f6e5b7a1bc0
+B+: 0x7f6e5b7a1bc8 0x7f6e5b7a1bcc
+B+: 0x7f6e5b7a1bcd 0x7f6e5b7a1bea
+B+: 0x7f6e5b7a1d70 0x7f6e5b7a1d98
+B+: 0x7f6e5b7a1da0 0x7f6e5b7a1da1
+B+: 0x7f6e5b7a1da2 0x7f6e5b7a1daa
+B+: 0x7f6e5b7a1dab 0x7f6e5b7a1dc5
+B+: 0x7f6e5b7a1dc6 0x7f6e5b7a1dc9
+B+: 0x7f6e5b7a1dca 0x7f6e5b7a1dd1
+B+: 0x7f6e5b7a1dd2 0x7f6e5b7a1de6
+B+: 0x7f6e5b7a1df0 0x7f6e5b7a1e2a
+B+: 0x7f6e5b7a1e2b 0x7f6e5b7a1e2f
+B+: 0x7f6e5b7a1e46 0x7f6e5b7a1e5c
+B+: 0x7f6e5b7a1e5d 0x7f6e5b7a1e6e
+B+: 0x7f6e5b7a1e90 0x7f6e5b7a1ead
+B+: 0x7f6e5b7a1ec8 0x7f6e5b7a1ed1
+B+: 0x7f6e5b7a1ed2 0x7f6e5b7a1edd
+B+: 0x7f6e5b7a1f6c 0x7f6e5b7a1f8f
+B+: 0x7f6e5b7a1f90 0x7f6e5b7a1f9c
+B+: 0x7f6e5b7a1f9d 0x7f6e5b7a1fa8
+B+: 0x7f6e5b7a1fa9 0x7f6e5b7a1fb0
+B+: 0x7f6e5b7a1fb1 0x7f6e5b7a1fc5
+B+: 0x7f6e5b7a2008 0x7f6e5b7a2012
+B+: 0x7f6e5b7a2013 0x7f6e5b7a201e
+B+: 0x7f6e5b7a201f 0x7f6e5b7a202e
+B+: 0x7f6e5b7a2060 0x7f6e5b7a2066
+B+: 0x7f6e5b7a2067 0x7f6e5b7a2074
+B+: 0x7f6e5b7a2075 0x7f6e5b7a2086
+B+: 0x7f6e5b7a2087 0x7f6e5b7a208e
+B+: 0x7f6e5b7a208f 0x7f6e5b7a20a2
+B+: 0x7f6e5b7a20a3 0x7f6e5b7a20b0
+B+: 0x7f6e5b7a2100 0x7f6e5b7a2116
+B+: 0x7f6e5b7a2145 0x7f6e5b7a214d
+B+: 0x7f6e5b7a214e 0x7f6e5b7a2157
+B+: 0x7f6e5b7a2160 0x7f6e5b7a2166
+B+: 0x7f6e5b7a21c0 0x7f6e5b7a21d1
+B+: 0x7f6e5b7a21e8 0x7f6e5b7a21ef
+B+: 0x7f6e5b7a2248 0x7f6e5b7a225b
+B+: 0x7f6e5b7a225c 0x7f6e5b7a2271
+B+: 0x7f6e5b7a27d0 0x7f6e5b7a27ff
+B+: 0x7f6e5b7a280f 0x7f6e5b7a2812
+B+: 0x7f6e5b7a2813 0x7f6e5b7a281c
+B+: 0x7f6e5b7a281d 0x7f6e5b7a2820
+B+: 0x7f6e5b7a2821 0x7f6e5b7a282f
+B+: 0x7f6e5b7a2830 0x7f6e5b7a283a
+B+: 0x7f6e5b7a284f 0x7f6e5b7a285a
+B+: 0x7f6e5b7a285f 0x7f6e5b7a2862
+B+: 0x7f6e5b7a2870 0x7f6e5b7a2877
+B+: 0x7f6e5b7a2878 0x7f6e5b7a288d
+B+: 0x7f6e5b7a3440 0x7f6e5b7a3464
+B+: 0x7f6e5b7a361e 0x7f6e5b7a3627
+B+: 0x7f6e5b7a3628 0x7f6e5b7a3631
+B+: 0x7f6e5b7a3632 0x7f6e5b7a3659
+B+: 0x7f6e5b7a36af 0x7f6e5b7a36bc
+B+: 0x7f6e5b7a36c0 0x7f6e5b7a36cb
+B+: 0x7f6e5b7a3730 0x7f6e5b7a373b
+B+: 0x7f6e5b7a3740 0x7f6e5b7a375e
+B+: 0x7f6e5b7a375f 0x7f6e5b7a3767
+B+: 0x7f6e5b7a37d2 0x7f6e5b7a37e3
+B+: 0x7f6e5b7a38a0 0x7f6e5b7a38a7
+B+: 0x7f6e5b7a4260 0x7f6e5b7a42a5
+B+: 0x7f6e5b7a42b5 0x7f6e5b7a42be
+B+: 0x7f6e5b7a42bf 0x7f6e5b7a42d2
+B+: 0x7f6e5b7a42d3 0x7f6e5b7a42fc
+B+: 0x7f6e5b7a42fd 0x7f6e5b7a4310
+B+: 0x7f6e5b7a4324 0x7f6e5b7a4328
+B+: 0x7f6e5b7a4336 0x7f6e5b7a433f
+B+: 0x7f6e5b7a4340 0x7f6e5b7a4344
+B+: 0x7f6e5b7a4370 0x7f6e5b7a4386
+B+: 0x7f6e5b7a4387 0x7f6e5b7a4398
+B+: 0x7f6e5b7a43a0 0x7f6e5b7a43b6
+B+: 0x7f6e5b7a43b7 0x7f6e5b7a43d7
+B+: 0x7f6e5b7a43dd 0x7f6e5b7a43ec
+B+: 0x7f6e5b7a4850 0x7f6e5b7a4886
+B+: 0x7f6e5b7a4887 0x7f6e5b7a489a
+B+: 0x7f6e5b7a489b 0x7f6e5b7a48ad
+B+: 0x7f6e5b7a48ae 0x7f6e5b7a48c4
+B+: 0x7f6e5b7a48c5 0x7f6e5b7a48d7
+B+: 0x7f6e5b7a48d8 0x7f6e5b7a48e7
+B+: 0x7f6e5b7a48e8 0x7f6e5b7a490c
+B+: 0x7f6e5b7a490d 0x7f6e5b7a4915
+B+: 0x7f6e5b7a4924 0x7f6e5b7a4933
+B+: 0x7f6e5b7a4934 0x7f6e5b7a4947
+B+: 0x7f6e5b7a4948 0x7f6e5b7a4954
+B+: 0x7f6e5b7a4955 0x7f6e5b7a495f
+B+: 0x7f6e5b7a4960 0x7f6e5b7a4964
+B+: 0x7f6e5b7a4a6a 0x7f6e5b7a4a7c
+B+: 0x7f6e5b7a4a7d 0x7f6e5b7a4a9c
+B+: 0x7f6e5b7a4ba0 0x7f6e5b7a4bad
+B+: 0x7f6e5b7a4bae 0x7f6e5b7a4be1
+B+: 0x7f6e5b7a4bf0 0x7f6e5b7a4bfb
+B+: 0x7f6e5b7a4db0 0x7f6e5b7a4dbd
+B+: 0x7f6e5b7a4dbe 0x7f6e5b7a4dca
+B+: 0x7f6e5b7a4dcb 0x7f6e5b7a4de3
+B+: 0x7f6e5b7a4de8 0x7f6e5b7a4df4
+B+: 0x7f6e5b7a4df8 0x7f6e5b7a4e04
+B+: 0x7f6e5b7a4e05 0x7f6e5b7a4e12
+B+: 0x7f6e5b7a4e13 0x7f6e5b7a4e1d
+B+: 0x7f6e5b7a4eb4 0x7f6e5b7a4ec1
+B+: 0x7f6e5b7a5160 0x7f6e5b7a5174
+B+: 0x7f6e5b7a5175 0x7f6e5b7a5187
+B+: 0x7f6e5b7a5188 0x7f6e5b7a51a2
+B+: 0x7f6e5b7a51a3 0x7f6e5b7a51ac
+B+: 0x7f6e5b7a51ad 0x7f6e5b7a51b3
+B+: 0x7f6e5b7a51d0 0x7f6e5b7a51e5
+B+: 0x7f6e5b7a51eb 0x7f6e5b7a51f3
+B+: 0x7f6e5b7a5205 0x7f6e5b7a520b
+B+: 0x7f6e5b7a520c 0x7f6e5b7a521d
+B+: 0x7f6e5b7a521e 0x7f6e5b7a5226
+B+: 0x7f6e5b7a5227 0x7f6e5b7a5230
+B+: 0x7f6e5b7a5231 0x7f6e5b7a5232
+B+: 0x7f6e5b7a5240 0x7f6e5b7a5248
+B+: 0x7f6e5b7a5260 0x7f6e5b7a5260
+B+: 0x7f6e5b7a5520 0x7f6e5b7a5534
+B+: 0x7f6e5b7a5572 0x7f6e5b7a5578
+B+: 0x7f6e5b7a5580 0x7f6e5b7a5583
+B+: 0x7f6e5b7a5610 0x7f6e5b7a5656
+B+: 0x7f6e5b7a565b 0x7f6e5b7a5686
+B+: 0x7f6e5b7a5687 0x7f6e5b7a569d
+B+: 0x7f6e5b7a56fc 0x7f6e5b7a5708
+B+: 0x7f6e5b7a5709 0x7f6e5b7a5711
+B+: 0x7f6e5b7a5712 0x7f6e5b7a572a
+B+: 0x7f6e5b7a572b 0x7f6e5b7a573c
+B+: 0x7f6e5b7a5740 0x7f6e5b7a5747
+B+: 0x7f6e5b7a5748 0x7f6e5b7a575f
+B+: 0x7f6e5b7a5760 0x7f6e5b7a5766
+B+: 0x7f6e5b7a5767 0x7f6e5b7a5780
+B+: 0x7f6e5b7a5790 0x7f6e5b7a5793
+B+: 0x7f6e5b7a5794 0x7f6e5b7a5798
+B+: 0x7f6e5b7a57a2 0x7f6e5b7a57aa
+B+: 0x7f6e5b7a57ab 0x7f6e5b7a57ae
+B+: 0x7f6e5b7a57af 0x7f6e5b7a57bd
+B+: 0x7f6e5b7a57cb 0x7f6e5b7a57d3
+B+: 0x7f6e5b7a5825 0x7f6e5b7a5841
+B+: 0x7f6e5b7a5842 0x7f6e5b7a584d
+B+: 0x7f6e5b7a587e 0x7f6e5b7a588e
+B+: 0x7f6e5b7a588f 0x7f6e5b7a58a0
+B+: 0x7f6e5b7a58a1 0x7f6e5b7a58ad
+B+: 0x7f6e5b7a5c10 0x7f6e5b7a5c30
+B+: 0x7f6e5b7a5c31 0x7f6e5b7a5c58
+B+: 0x7f6e5b7a5c5e 0x7f6e5b7a5c66
+B+: 0x7f6e5b7a5c67 0x7f6e5b7a5c6f
+B+: 0x7f6e5b7a5c78 0x7f6e5b7a5c87
+B+: 0x7f6e5b7a5c88 0x7f6e5b7a5c89
+B+: 0x7f6e5b7a5ca0 0x7f6e5b7a5caf
+B+: 0x7f6e5b7a5cba 0x7f6e5b7a5cc4
+B+: 0x7f6e5b7a5ce0 0x7f6e5b7a5ce8
+B+: 0x7f6e5b7a6360 0x7f6e5b7a636b
+B+: 0x7f6e5b7a6480 0x7f6e5b7a6480
+B+: 0x7f6e5b7a69c0 0x7f6e5b7a69db
+B+: 0x7f6e5b7a6a16 0x7f6e5b7a6a32
+B+: 0x7f6e5b7a6a33 0x7f6e5b7a6a52
+B+: 0x7f6e5b7a6a63 0x7f6e5b7a6a6a
+B+: 0x7f6e5b7a6a90 0x7f6e5b7a6aa6
+B+: 0x7f6e5b7a6aa7 0x7f6e5b7a6aae
+B+: 0x7f6e5b7a6aaf 0x7f6e5b7a6ab6
+B+: 0x7f6e5b7a6af6 0x7f6e5b7a6b01
+B+: 0x7f6e5b7a6b0c 0x7f6e5b7a6b34
+B+: 0x7f6e5b7a6b40 0x7f6e5b7a6b57
+B+: 0x7f6e5b7a6b58 0x7f6e5b7a6b5f
+B+: 0x7f6e5b7a6b60 0x7f6e5b7a6b67
+B+: 0x7f6e5b7a6b68 0x7f6e5b7a6b70
+B+: 0x7f6e5b7a6b71 0x7f6e5b7a6b7a
+B+: 0x7f6e5b7a6b7b 0x7f6e5b7a6b80
+B+: 0x7f6e5b7a6b97 0x7f6e5b7a6b9c
+B+: 0x7f6e5b7a6c0a 0x7f6e5b7a6c3d
+B+: 0x7f6e5b7a6c47 0x7f6e5b7a6c53
+B+: 0x7f6e5b7a6ed0 0x7f6e5b7a6ede
+B+: 0x7f6e5b7a6edf 0x7f6e5b7a6ee7
+B+: 0x7f6e5b7a6ee8 0x7f6e5b7a6efc
+B+: 0x7f6e5b7a6efd 0x7f6e5b7a6f02
+B+: 0x7f6e5b7a6f03 0x7f6e5b7a6f1b
+B+: 0x7f6e5b7a6f1c 0x7f6e5b7a6f21
+B+: 0x7f6e5b7a6f22 0x7f6e5b7a6f2b
+B+: 0x7f6e5b7a6fc0 0x7f6e5b7a6fc7
+B+: 0x7f6e5b7a6fc8 0x7f6e5b7a6fd0
+B+: 0x7f6e5b7a7760 0x7f6e5b7a7768
+B+: 0x7f6e5b7a7769 0x7f6e5b7a776d
+B+: 0x7f6e5b7a776e 0x7f6e5b7a7772
+B+: 0x7f6e5b7a7780 0x7f6e5b7a7788
+B+: 0x7f6e5b7a7789 0x7f6e5b7a778d
+B+: 0x7f6e5b7a778e 0x7f6e5b7a7792
+B+: 0x7f6e5b7a77c0 0x7f6e5b7a77d9
+B+: 0x7f6e5b7a77da 0x7f6e5b7a77e6
+B+: 0x7f6e5b7a77f7 0x7f6e5b7a7802
+B+: 0x7f6e5b7a7803 0x7f6e5b7a780b
+B+: 0x7f6e5b7a780c 0x7f6e5b7a7841
+B+: 0x7f6e5b7a7842 0x7f6e5b7a784b
+B+: 0x7f6e5b7a784c 0x7f6e5b7a7852
+B+: 0x7f6e5b7a7853 0x7f6e5b7a7875
+B+: 0x7f6e5b7a7880 0x7f6e5b7a788e
+B+: 0x7f6e5b7a78b0 0x7f6e5b7a78c8
+B+: 0x7f6e5b7a7900 0x7f6e5b7a7941
+B+: 0x7f6e5b7a7950 0x7f6e5b7a7966
+B+: 0x7f6e5b7a7967 0x7f6e5b7a797e
+B+: 0x7f6e5b7a797f 0x7f6e5b7a798a
+B+: 0x7f6e5b7a798b 0x7f6e5b7a79b3
+B+: 0x7f6e5b7a79b4 0x7f6e5b7a79bd
+B+: 0x7f6e5b7a79be 0x7f6e5b7a79bf
+B+: 0x7f6e5b7a79d0 0x7f6e5b7a79e8
+B+: 0x7f6e5b7a79e9 0x7f6e5b7a7a14
+B+: 0x7f6e5b7a7a1e 0x7f6e5b7a7a25
+B+: 0x7f6e5b7a7a26 0x7f6e5b7a7a33
+B+: 0x7f6e5b7a7a34 0x7f6e5b7a7a46
+B+: 0x7f6e5b7a7ae0 0x7f6e5b7a7afe
+B+: 0x7f6e5b7a7aff 0x7f6e5b7a7b0c
+B+: 0x7f6e5b7a7b0d 0x7f6e5b7a7b1b
+B+: 0x7f6e5b7a7b1c 0x7f6e5b7a7b2c
+B+: 0x7f6e5b7a7b40 0x7f6e5b7a7b62
+B+: 0x7f6e5b7a7b98 0x7f6e5b7a7ba9
+B+: 0x7f6e5b7a86d0 0x7f6e5b7a86f4
+B+: 0x7f6e5b7a86f5 0x7f6e5b7a870d
+B+: 0x7f6e5b7a870e 0x7f6e5b7a8712
+B+: 0x7f6e5b7a8713 0x7f6e5b7a871e
+B+: 0x7f6e5b7a871f 0x7f6e5b7a8723
+B+: 0x7f6e5b7a8724 0x7f6e5b7a8728
+B+: 0x7f6e5b7a8729 0x7f6e5b7a8730
+B+: 0x7f6e5b7a873c 0x7f6e5b7a8749
+B+: 0x7f6e5b7a874a 0x7f6e5b7a874d
+B+: 0x7f6e5b7a874e 0x7f6e5b7a8760
+B+: 0x7f6e5b7a8761 0x7f6e5b7a876b
+B+: 0x7f6e5b7a8790 0x7f6e5b7a879d
+B+: 0x7f6e5b7a879e 0x7f6e5b7a87a5
+B+: 0x7f6e5b7a87a6 0x7f6e5b7a87a7
+B+: 0x7f6e5b7a8890 0x7f6e5b7a889d
+B+: 0x7f6e5b7a889e 0x7f6e5b7a88a9
+B+: 0x7f6e5b7a88aa 0x7f6e5b7a88bd
+B+: 0x7f6e5b7a88c0 0x7f6e5b7a88ca
+B+: 0x7f6e5b7a88d0 0x7f6e5b7a88ef
+B+: 0x7f6e5b7a88f0 0x7f6e5b7a88f4
+B+: 0x7f6e5b7a88f5 0x7f6e5b7a890c
+B+: 0x7f6e5b7a890d 0x7f6e5b7a8910
+B+: 0x7f6e5b7a8911 0x7f6e5b7a8912
+B+: 0x7f6e5b7a8913 0x7f6e5b7a891b
+B+: 0x7f6e5b7a891c 0x7f6e5b7a8930
+B+: 0x7f6e5b7a8938 0x7f6e5b7a893c
+B+: 0x7f6e5b7a8980 0x7f6e5b7a898f
+B+: 0x7f6e5b7a8990 0x7f6e5b7a899b
+B+: 0x7f6e5b7a899c 0x7f6e5b7a89ab
+B+: 0x7f6e5b7a8a80 0x7f6e5b7a8a93
+B+: 0x7f6e5b7a8a94 0x7f6e5b7a8aac
+B+: 0x7f6e5b7a8aad 0x7f6e5b7a8abf
+B+: 0x7f6e5b7a8ac0 0x7f6e5b7a8ada
+B+: 0x7f6e5b7a8adb 0x7f6e5b7a8ae3
+B+: 0x7f6e5b7a8aec 0x7f6e5b7a8af8
+B+: 0x7f6e5b7a8af9 0x7f6e5b7a8b02
+B+: 0x7f6e5b7a8b03 0x7f6e5b7a8b06
+B+: 0x7f6e5b7a8b07 0x7f6e5b7a8b1a
+B+: 0x7f6e5b7a8c49 0x7f6e5b7a8c55
+B+: 0x7f6e5b7a8c56 0x7f6e5b7a8c67
+B+: 0x7f6e5b7a8c82 0x7f6e5b7a8c93
+B+: 0x7f6e5b7a8d77 0x7f6e5b7a8d82
+B+: 0x7f6e5b7a8da0 0x7f6e5b7a8db2
+B+: 0x7f6e5b7a8db3 0x7f6e5b7a8ddf
+B+: 0x7f6e5b7a8de0 0x7f6e5b7a8deb
+B+: 0x7f6e5b7a8dec 0x7f6e5b7a8dfc
+B+: 0x7f6e5b7a8dfd 0x7f6e5b7a8e18
+B+: 0x7f6e5b7a8e19 0x7f6e5b7a8e25
+B+: 0x7f6e5b7a8e26 0x7f6e5b7a8e2e
+B+: 0x7f6e5b7a8e2f 0x7f6e5b7a8e3f
+B+: 0x7f6e5b7a8e40 0x7f6e5b7a8e44
+B+: 0x7f6e5b7a8e45 0x7f6e5b7a8e50
+B+: 0x7f6e5b7a8e51 0x7f6e5b7a8e5d
+B+: 0x7f6e5b7a8e5e 0x7f6e5b7a8e77
+B+: 0x7f6e5b7a8ece 0x7f6e5b7a8ed2
+B+: 0x7f6e5b7a8ed3 0x7f6e5b7a8ede
+B+: 0x7f6e5b7a8ee0 0x7f6e5b7a8eec
+B+: 0x7f6e5b7a8f60 0x7f6e5b7a8f7c
+B+: 0x7f6e5b7a9120 0x7f6e5b7a9128
+B+: 0x7f6e5b7a9129 0x7f6e5b7a9147
+B+: 0x7f6e5b7a9750 0x7f6e5b7a975e
+B+: 0x7f6e5b7a975f 0x7f6e5b7a9763
+B+: 0x7f6e5b7a9764 0x7f6e5b7a9770
+B+: 0x7f6e5b7a9771 0x7f6e5b7a9777
+B+: 0x7f6e5b7a9778 0x7f6e5b7a9783
+B+: 0x7f6e5b7a9784 0x7f6e5b7a9788
+B+: 0x7f6e5b7a9789 0x7f6e5b7a978d
+B+: 0x7f6e5b7a978e 0x7f6e5b7a9796
+B+: 0x7f6e5b7a9797 0x7f6e5b7a979e
+B+: 0x7f6e5b7a9890 0x7f6e5b7a9892
+B+: 0x7f6e5b7a98a7 0x7f6e5b7a98ab
+B+: 0x7f6e5b7a98ac 0x7f6e5b7a98b2
+B+: 0x7f6e5b7a98b3 0x7f6e5b7a98b6
+B+: 0x7f6e5b7a98d0 0x7f6e5b7a98e1
+B+: 0x7f6e5b7a98e2 0x7f6e5b7a98e6
+B+: 0x7f6e5b7a98e7 0x7f6e5b7a98eb
+B+: 0x7f6e5b7a98ec 0x7f6e5b7a98f1
+B+: 0x7f6e5b7a98f2 0x7f6e5b7a98fa
+B+: 0x7f6e5b7a98fb 0x7f6e5b7a98fc
+B+: 0x7f6e5b7a9940 0x7f6e5b7a9948
+B+: 0x7f6e5b7a9949 0x7f6e5b7a9951
+B+: 0x7f6e5b7a9980 0x7f6e5b7a9988
+B+: 0x7f6e5b7a9989 0x7f6e5b7a998a
+B+: 0x7f6e5b7a998b 0x7f6e5b7a9991
+B+: 0x7f6e5b7a9992 0x7f6e5b7a99a2
+B+: 0x7f6e5b7a99a8 0x7f6e5b7a99ac
+B+: 0x7f6e5b7a99eb 0x7f6e5b7a9a00
+B+: 0x7f6e5b7a9a08 0x7f6e5b7a9a10
+B+: 0x7f6e5b7a9af0 0x7f6e5b7a9b11
+B+: 0x7f6e5b7a9b12 0x7f6e5b7a9b16
+B+: 0x7f6e5b7a9b17 0x7f6e5b7a9b1d
+B+: 0x7f6e5b7a9b1e 0x7f6e5b7a9b26
+B+: 0x7f6e5b7a9b27 0x7f6e5b7a9b34
+B+: 0x7f6e5b7a9b35 0x7f6e5b7a9b3c
+B+: 0x7f6e5b7a9b3d 0x7f6e5b7a9b49
+B+: 0x7f6e5b7a9b4a 0x7f6e5b7a9b5a
+B+: 0x7f6e5b7a9b5b 0x7f6e5b7a9b63
+B+: 0x7f6e5b7a9b7f 0x7f6e5b7a9b93
+B+: 0x7f6e5b7a9b94 0x7f6e5b7a9b9c
+B+: 0x7f6e5b7a9be0 0x7f6e5b7a9bf7
+B+: 0x7f6e5b7a9bf8 0x7f6e5b7a9c00
+B+: 0x7f6e5b7a9c1b 0x7f6e5b7a9c2b
+B+: 0x7f6e5b7a9d40 0x7f6e5b7a9d5e
+B+: 0x7f6e5b7a9d5f 0x7f6e5b7a9d6d
+B+: 0x7f6e5b7a9d6e 0x7f6e5b7a9d72
+B+: 0x7f6e5b7a9d7d 0x7f6e5b7a9d90
+B+: 0x7f6e5b7a9d91 0x7f6e5b7a9d95
+B+: 0x7f6e5b7a9d96 0x7f6e5b7a9d9a
+B+: 0x7f6e5b7a9da0 0x7f6e5b7a9da4
+B+: 0x7f6e5b7a9dd5 0x7f6e5b7a9dd9
+B+: 0x7f6e5b7a9dda 0x7f6e5b7a9dde
+B+: 0x7f6e5b7a9df0 0x7f6e5b7a9dfb
+B+: 0x7f6e5b7a9dfc 0x7f6e5b7a9e07
+B+: 0x7f6e5b7a9e08 0x7f6e5b7a9e10
+B+: 0x7f6e5b7a9e2c 0x7f6e5b7a9e30
+B+: 0x7f6e5b7a9e31 0x7f6e5b7a9e36
+B+: 0x7f6e5b7a9e41 0x7f6e5b7a9e45
+B+: 0x7f6e5b7a9e46 0x7f6e5b7a9e54
+B+: 0x7f6e5b7a9e55 0x7f6e5b7a9e5d
+B+: 0x7f6e5b7a9e5e 0x7f6e5b7a9e62
+B+: 0x7f6e5b7a9e63 0x7f6e5b7a9e74
+B+: 0x7f6e5b7a9e78 0x7f6e5b7a9e84
+B+: 0x7f6e5b7a9ea0 0x7f6e5b7a9ea4
+B+: 0x7f6e5b7a9ef0 0x7f6e5b7a9f03
+B+: 0x7f6e5b7a9f40 0x7f6e5b7a9f76
+B+: 0x7f6e5b7a9f77 0x7f6e5b7a9f82
+B+: 0x7f6e5b7a9f83 0x7f6e5b7a9f92
+B+: 0x7f6e5b7aa01b 0x7f6e5b7aa031
+B+: 0x7f6e5b7aa032 0x7f6e5b7aa040
+B+: 0x7f6e5b7aa075 0x7f6e5b7aa0b8
+B+: 0x7f6e5b7aa0b9 0x7f6e5b7aa0c3
+B+: 0x7f6e5b7aa0c4 0x7f6e5b7aa0cc
+B+: 0x7f6e5b7aa0cd 0x7f6e5b7aa0d5
+B+: 0x7f6e5b7aa0d6 0x7f6e5b7aa0de
+B+: 0x7f6e5b7aa0df 0x7f6e5b7aa106
+B+: 0x7f6e5b7aa107 0x7f6e5b7aa133
+B+: 0x7f6e5b7aa578 0x7f6e5b7aa581
+B+: 0x7f6e5b7aa582 0x7f6e5b7aa5a8
+B+: 0x7f6e5b7aa5a9 0x7f6e5b7aa5b6
+B+: 0x7f6e5b7aa5d0 0x7f6e5b7aa5e0
+B+: 0x7f6e5b7aa5e1 0x7f6e5b7aa5ee
+B+: 0x7f6e5b7aa5ef 0x7f6e5b7aa5f3
+B+: 0x7f6e5b7aa670 0x7f6e5b7aa67e
+B+: 0x7f6e5b7aa67f 0x7f6e5b7aa683
+B+: 0x7f6e5b7aa684 0x7f6e5b7aa692
+B+: 0x7f6e5b7aa693 0x7f6e5b7aa69a
+B+: 0x7f6e5b7aa69b 0x7f6e5b7aa6a2
+B+: 0x7f6e5b7aa6a3 0x7f6e5b7aa6b7
+B+: 0x7f6e5b7aa790 0x7f6e5b7aa7bc
+B+: 0x7f6e5b7aa7bd 0x7f6e5b7aa7d4
+B+: 0x7f6e5b7aa7e0 0x7f6e5b7aa83a
+B+: 0x7f6e5b7aa83b 0x7f6e5b7aa875
+B+: 0x7f6e5b7aa876 0x7f6e5b7aa893
+B+: 0x7f6e5b7aa894 0x7f6e5b7aa8a3
+B+: 0x7f6e5b7aa8a4 0x7f6e5b7aa8b0
+B+: 0x7f6e5b7aa9b4 0x7f6e5b7aa9b8
+B+: 0x7f6e5b7aa9b9 0x7f6e5b7aa9cf
+B+: 0x7f6e5b7aa9d0 0x7f6e5b7aa9dc
+B+: 0x7f6e5b7aa9dd 0x7f6e5b7aa9ef
+B+: 0x7f6e5b7aa9f0 0x7f6e5b7aa9f7
+B+: 0x7f6e5b7aaa01 0x7f6e5b7aaa16
+B+: 0x7f6e5b7aaa28 0x7f6e5b7aaa3d
+B+: 0x7f6e5b7aaa3e 0x7f6e5b7aaa4d
+B+: 0x7f6e5b7aaa79 0x7f6e5b7aaa97
+B+: 0x7f6e5b7aaa98 0x7f6e5b7aaac0
+B+: 0x7f6e5b7aaac1 0x7f6e5b7aaacf
+B+: 0x7f6e5b7ab148 0x7f6e5b7ab154
+B+: 0x7f6e5b7ab155 0x7f6e5b7ab174
+B+: 0x7f6e5b7ab175 0x7f6e5b7ab17f
+B+: 0x7f6e5b7ab1ac 0x7f6e5b7ab1b0
+B+: 0x7f6e5b7ab1b1 0x7f6e5b7ab1b5
+B+: 0x7f6e5b7aba40 0x7f6e5b7aba64
+B+: 0x7f6e5b7abb10 0x7f6e5b7abb1a
+B+: 0x7f6e5b7abb40 0x7f6e5b7abb47
+B+: 0x7f6e5b7abb48 0x7f6e5b7abb51
+B+: 0x7f6e5b7abb58 0x7f6e5b7abb60
+B+: 0x7f6e5b7abb61 0x7f6e5b7abb6a
+B+: 0x7f6e5b7abb88 0x7f6e5b7abb8c
+B+: 0x7f6e5b7abb8d 0x7f6e5b7abb94
+B+: 0x7f6e5b7abba0 0x7f6e5b7abba4
+B+: 0x7f6e5b7abd00 0x7f6e5b7abd30
+B+: 0x7f6e5b7abe3f 0x7f6e5b7abe55
+B+: 0x7f6e5b7abe56 0x7f6e5b7abe67
+B+: 0x7f6e5b7ac1e0 0x7f6e5b7ac222
+B+: 0x7f6e5b7ac223 0x7f6e5b7ac228
+B+: 0x7f6e5b7ac24c 0x7f6e5b7ac260
+B+: 0x7f6e5b7ac261 0x7f6e5b7ac269
+B+: 0x7f6e5b7ac270 0x7f6e5b7ac279
+B+: 0x7f6e5b7ac288 0x7f6e5b7ac2a0
+B+: 0x7f6e5b7ac2a1 0x7f6e5b7ac2ba
+B+: 0x7f6e5b7ac2bb 0x7f6e5b7ac2bc
+B+: 0x7f6e5b7ac2d0 0x7f6e5b7ac2d8
+B+: 0x7f6e5b7ac2f8 0x7f6e5b7ac2f8
+B+: 0x7f6e5b7ac300 0x7f6e5b7ac30c
+B+: 0x7f6e5b7ac33f 0x7f6e5b7ac343
+B+: 0x7f6e5b7ac380 0x7f6e5b7ac384
+B+: 0x7f6e5b7ac3d0 0x7f6e5b7ac3e3
+B+: 0x7f6e5b7ac400 0x7f6e5b7ac400
+B+: 0x7f6e5b7ac420 0x7f6e5b7ac45b
+B+: 0x7f6e5b7ac467 0x7f6e5b7ac471
+B+: 0x7f6e5b7ac472 0x7f6e5b7ac489
+B+: 0x7f6e5b7ac48a 0x7f6e5b7ac48d
+B+: 0x7f6e5b7ac48e 0x7f6e5b7ac494
+B+: 0x7f6e5b7ac495 0x7f6e5b7ac49d
+B+: 0x7f6e5b7ac49e 0x7f6e5b7ac4a9
+B+: 0x7f6e5b7ac4aa 0x7f6e5b7ac4c2
+B+: 0x7f6e5b7ac4c3 0x7f6e5b7ac4ce
+B+: 0x7f6e5b7ac4cf 0x7f6e5b7ac4e5
+B+: 0x7f6e5b7ac4e6 0x7f6e5b7ac4f5
+B+: 0x7f6e5b7ac500 0x7f6e5b7ac50e
+B+: 0x7f6e5b7ac50f 0x7f6e5b7ac513
+B+: 0x7f6e5b7ac514 0x7f6e5b7ac51e
+B+: 0x7f6e5b7ac540 0x7f6e5b7ac549
+B+: 0x7f6e5b7ac54a 0x7f6e5b7ac54e
+B+: 0x7f6e5b7ac54f 0x7f6e5b7ac560
+B+: 0x7f6e5b7ac568 0x7f6e5b7ac577
+B+: 0x7f6e5b7ac580 0x7f6e5b7ac589
+B+: 0x7f6e5b7ac5a8 0x7f6e5b7ac5bb
+B+: 0x7f6e5b7ac5c0 0x7f6e5b7ac5ce
+B+: 0x7f6e5b7ac5cf 0x7f6e5b7ac5dc
+B+: 0x7f6e5b7ac6f0 0x7f6e5b7ac6fd
+B+: 0x7f6e5b7ac7a0 0x7f6e5b7ac7a0
+B+: 0x7f6e5b7ac7b0 0x7f6e5b7ac7ba
+B+: 0x7f6e5b7ac7bb 0x7f6e5b7ac7ce
+B+: 0x7f6e5b7ac7cf 0x7f6e5b7ac7d8
+B+: 0x7f6e5b7ac7d9 0x7f6e5b7ac7e6
+B+: 0x7f6e5b7ac800 0x7f6e5b7ac82d
+B+: 0x7f6e5b7ac82e 0x7f6e5b7ac831
+B+: 0x7f6e5b7ac832 0x7f6e5b7ac847
+B+: 0x7f6e5b7ac864 0x7f6e5b7ac86b
+B+: 0x7f6e5b7ac86c 0x7f6e5b7ac86f
+B+: 0x7f6e5b7ac870 0x7f6e5b7ac876
+B+: 0x7f6e5b7ac877 0x7f6e5b7ac87b
+B+: 0x7f6e5b7ac87c 0x7f6e5b7ac886
+B+: 0x7f6e5b7acae0 0x7f6e5b7acb01
+B+: 0x7f6e5b7acb02 0x7f6e5b7acb0a
+B+: 0x7f6e5b7acb0b 0x7f6e5b7acb14
+B+: 0x7f6e5b7acb15 0x7f6e5b7acb19
+B+: 0x7f6e5b7acc00 0x7f6e5b7acc19
+B+: 0x7f6e5b7acc51 0x7f6e5b7acc8e
+B+: 0x7f6e5b7acc8f 0x7f6e5b7acc9e
+B+: 0x7f6e5b7acc9f 0x7f6e5b7acca6
+B+: 0x7f6e5b7acdf0 0x7f6e5b7acdfb
+B+: 0x7f6e5b7ace20 0x7f6e5b7ace20
+B+: 0x7f6e5b7ace30 0x7f6e5b7ace38
+B+: 0x7f6e5b7ae940 0x7f6e5b7ae94b
+B+: 0x7f6e5b7ae94c 0x7f6e5b7ae957
+B+: 0x7f6e5b7ae958 0x7f6e5b7ae964
+B+: 0x7f6e5b7ae965 0x7f6e5b7ae969
+B+: 0x7f6e5b7ae96a 0x7f6e5b7ae96f
+B+: 0x7f6e5b7ae970 0x7f6e5b7ae976
+B+: 0x7f6e5b7ae980 0x7f6e5b7ae987
+B+: 0x7f6e5b7ae988 0x7f6e5b7ae98c
+B+: 0x7f6e5b7ae98d 0x7f6e5b7ae99b
+B+: 0x7f6e5b7ae99c 0x7f6e5b7ae9a0
+B+: 0x7f6e5b7ae9a1 0x7f6e5b7ae9a8
+B+: 0x7f6e5b7ae9a9 0x7f6e5b7ae9ad
+B+: 0x7f6e5b7ae9ae 0x7f6e5b7ae9b8
+B+: 0x7f6e5b7ae9b9 0x7f6e5b7ae9b9
+B+: 0x7f6e5b7ae9c0 0x7f6e5b7ae9c5
+B+: 0x7f6e5b7ae9c6 0x7f6e5b7ae9c9
+B+: 0x7f6e5b7ae9d0 0x7f6e5b7ae9d0
+B+: 0x7f6e5b7ae9d1 0x7f6e5b7ae9d5
+B+: 0x7f6e5b7ae9d6 0x7f6e5b7ae9d9
+B+: 0x7f6e5b7ae9e0 0x7f6e5b7ae9ff
+B+: 0x7f6e5b7aea00 0x7f6e5b7aea11
+B+: 0x7f6e5b7aea12 0x7f6e5b7aea16
+B+: 0x7f6e5b7aea20 0x7f6e5b7aea22
+B+: 0x7f6e5b7aea23 0x7f6e5b7aea2f
+B+: 0x7f6e5b7aea30 0x7f6e5b7aea33
+B+: 0x7f6e5b7aea34 0x7f6e5b7aea5d
+B+: 0x7f6e5b7aea5e 0x7f6e5b7aea62
+B+: 0x7f6e5b7aea63 0x7f6e5b7aea82
+B+: 0x7f6e5b7aeac0 0x7f6e5b7aeade
+B+: 0x7f6e5b7aeadf 0x7f6e5b7aeae3
+B+: 0x7f6e5b7aeae4 0x7f6e5b7aeae8
+B+: 0x7f6e5b7aeaf0 0x7f6e5b7aeaf2
+B+: 0x7f6e5b7aeaf3 0x7f6e5b7aeaff
+B+: 0x7f6e5b7aeb00 0x7f6e5b7aeb03
+B+: 0x7f6e5b7aeb04 0x7f6e5b7aeb3e
+B+: 0x7f6e5b7aeb3f 0x7f6e5b7aeb49
+B+: 0x7f6e5b7aeb4a 0x7f6e5b7aeb57
+B+: 0x7f6e5b7aeb58 0x7f6e5b7aeb5d
+B+: 0x7f6e5b7aeb5e 0x7f6e5b7aeb66
+B+: 0x7f6e5b7aeb67 0x7f6e5b7aeb70
+B+: 0x7f6e5b7aeb71 0x7f6e5b7aeb7a
+B+: 0x7f6e5b7aeb7b 0x7f6e5b7aeb9a
+B+: 0x7f6e5b7aeb9b 0x7f6e5b7aeba3
+B+: 0x7f6e5b7aeba4 0x7f6e5b7aebbd
+B+: 0x7f6e5b7aebc0 0x7f6e5b7aebc5
+B+: 0x7f6e5b7aebc6 0x7f6e5b7aebcf
+B+: 0x7f6e5b7aebd0 0x7f6e5b7aebd9
+B+: 0x7f6e5b7aebda 0x7f6e5b7aebf7
+B+: 0x7f6e5b7aec08 0x7f6e5b7aec14
+B+: 0x7f6e5b7aec15 0x7f6e5b7aec1b
+B+: 0x7f6e5b7aec1c 0x7f6e5b7aec29
+B+: 0x7f6e5b7aecb0 0x7f6e5b7aecca
+B+: 0x7f6e5b7aeccb 0x7f6e5b7aecda
+B+: 0x7f6e5b7aecdb 0x7f6e5b7aece6
+B+: 0x7f6e5b7aece7 0x7f6e5b7aecef
+B+: 0x7f6e5b7aecf0 0x7f6e5b7aecf4
+B+: 0x7f6e5b7aecf5 0x7f6e5b7aecfc
+B+: 0x7f6e5b7aecfd 0x7f6e5b7aed10
+B+: 0x7f6e5b7aed11 0x7f6e5b7aed21
+B+: 0x7f6e5b7aed22 0x7f6e5b7aed26
+B+: 0x7f6e5b7aed27 0x7f6e5b7aed38
+B+: 0x7f6e5b7aed39 0x7f6e5b7aed4b
+B+: 0x7f6e5b7aed4c 0x7f6e5b7aed54
+B+: 0x7f6e5b7aed55 0x7f6e5b7aed5e
+B+: 0x7f6e5b7aed5f 0x7f6e5b7aed6d
+B+: 0x7f6e5b7aeea0 0x7f6e5b7aeeb6
+B+: 0x7f6e5b7aeeb7 0x7f6e5b7aeebb
+B+: 0x7f6e5b7aeebc 0x7f6e5b7aeec0
+B+: 0x7f6e5b7aeec8 0x7f6e5b7aeecb
+B+: 0x7f6e5b7aeecc 0x7f6e5b7aeed9
+B+: 0x7f6e5b7aeeda 0x7f6e5b7aeedd
+B+: 0x7f6e5b7aeede 0x7f6e5b7aef06
+B+: 0x7f6e5b7aef07 0x7f6e5b7aef10
+B+: 0x7f6e5b7aef11 0x7f6e5b7aef16
+B+: 0x7f6e5b7aef17 0x7f6e5b7aef24
+B+: 0x7f6e5b7aef25 0x7f6e5b7aef2d
+B+: 0x7f6e5b7af440 0x7f6e5b7af46b
+B+: 0x7f6e5b7af46c 0x7f6e5b7af470
+B+: 0x7f6e5b7af471 0x7f6e5b7af475
+B+: 0x7f6e5b7af536 0x7f6e5b7af53e
+B+: 0x7f6e5b7af53f 0x7f6e5b7af548
+B+: 0x7f6e5b7af549 0x7f6e5b7af551
+B+: 0x7f6e5b7af5d0 0x7f6e5b7af5e4
+B+: 0x7f6e5b7af5e5 0x7f6e5b7af606
+B+: 0x7f6e5b7af607 0x7f6e5b7af610
+B+: 0x7f6e5b7af611 0x7f6e5b7af618
+B+: 0x7f6e5b7af640 0x7f6e5b7af648
+B+: 0x7f6e5b7af649 0x7f6e5b7af656
+B+: 0x7f6e5b7af657 0x7f6e5b7af65f
+B+: 0x7f6e5b7af660 0x7f6e5b7af661
+B+: 0x7f6e5b7af760 0x7f6e5b7af7aa
+B+: 0x7f6e5b7af7ab 0x7f6e5b7af7af
+B+: 0x7f6e5b7af7b0 0x7f6e5b7af7be
+B+: 0x7f6e5b7af7c8 0x7f6e5b7af7d3
+B+: 0x7f6e5b7af7d4 0x7f6e5b7af7d8
+B+: 0x7f6e5b7af7d9 0x7f6e5b7af7e0
+B+: 0x7f6e5b7af7e1 0x7f6e5b7af7e5
+B+: 0x7f6e5b7af7e6 0x7f6e5b7af7f3
+B+: 0x7f6e5b7af7f4 0x7f6e5b7af7fb
+B+: 0x7f6e5b7af800 0x7f6e5b7af810
+B+: 0x7f6e5b7af811 0x7f6e5b7af815
+B+: 0x7f6e5b7af816 0x7f6e5b7af832
+B+: 0x7f6e5b7af833 0x7f6e5b7af843
+B+: 0x7f6e5b7af844 0x7f6e5b7af84f
+B+: 0x7f6e5b7af850 0x7f6e5b7af857
+B+: 0x7f6e5b7af858 0x7f6e5b7af85c
+B+: 0x7f6e5b7af85d 0x7f6e5b7af868
+B+: 0x7f6e5b7af869 0x7f6e5b7af87b
+B+: 0x7f6e5b7af87c 0x7f6e5b7af884
+B+: 0x7f6e5b7af888 0x7f6e5b7af897
+B+: 0x7f6e5b7af898 0x7f6e5b7af89b
+B+: 0x7f6e5b7af89c 0x7f6e5b7af8b4
+B+: 0x7f6e5b7af8b5 0x7f6e5b7af8b8
+B+: 0x7f6e5b7af8b9 0x7f6e5b7af8c6
+B+: 0x7f6e5b7af8c7 0x7f6e5b7af8d5
+B+: 0x7f6e5b7afdc0 0x7f6e5b7afdec
+B+: 0x7f6e5b7afded 0x7f6e5b7afdf2
+B+: 0x7f6e5b7afdf3 0x7f6e5b7afe04
+B+: 0x7f6e5b7afe05 0x7f6e5b7afe0d
+B+: 0x7f6e5b7afe0e 0x7f6e5b7afe1c
+CND+ 0x7f6e5b79e00e: taken
+CND+ 0x7f6e5b79e5ea: not taken
+CND+ 0x7f6e5b79e626: not taken
+CND+ 0x7f6e5b79e63b: taken
+CND+ 0x7f6e5b79e673: not taken
+CND+ 0x7f6e5b79e687: not taken
+CND+ 0x7f6e5b79e695: not taken
+CND+ 0x7f6e5b79e7e2: taken
+CND+ 0x7f6e5b79e862: not taken
+CND+ 0x7f6e5b79e87c: both
+CND+ 0x7f6e5b79e8a9: not taken
+CND+ 0x7f6e5b79ea5d: not taken
+CND+ 0x7f6e5b79ea62: taken
+CND+ 0x7f6e5b79f6e6: not taken
+CND+ 0x7f6e5b79f704: taken
+CND+ 0x7f6e5b79f71a: not taken
+CND+ 0x7f6e5b79f71f: taken
+CND+ 0x7f6e5b79f72f: taken
+CND+ 0x7f6e5b79f74c: not taken
+CND+ 0x7f6e5b79f756: not taken
+CND+ 0x7f6e5b79f78f: not taken
+CND+ 0x7f6e5b79f79b: taken
+CND+ 0x7f6e5b7a0079: taken
+CND+ 0x7f6e5b7a011b: not taken
+CND+ 0x7f6e5b7a0149: not taken
+CND+ 0x7f6e5b7a0158: not taken
+CND+ 0x7f6e5b7a0190: not taken
+CND+ 0x7f6e5b7a01ce: taken
+CND+ 0x7f6e5b7a0c20: not taken
+CND+ 0x7f6e5b7a0c2d: taken
+CND+ 0x7f6e5b7a0c48: not taken
+CND+ 0x7f6e5b7a0c5f: both
+CND+ 0x7f6e5b7a0c88: not taken
+CND+ 0x7f6e5b7a0ed2: taken
+CND+ 0x7f6e5b7a0f55: not taken
+CND+ 0x7f6e5b7a0f7e: not taken
+CND+ 0x7f6e5b7a0f8a: not taken
+CND+ 0x7f6e5b7a0f93: both
+CND+ 0x7f6e5b7a0fc4: not taken
+CND+ 0x7f6e5b7a0fe2: both
+CND+ 0x7f6e5b7a0ffb: taken
+CND+ 0x7f6e5b7a105a: taken
+CND+ 0x7f6e5b7a10af: not taken
+CND+ 0x7f6e5b7a10b8: taken
+CND+ 0x7f6e5b7a10e0: taken
+CND+ 0x7f6e5b7a1116: not taken
+CND+ 0x7f6e5b7a115a: not taken
+CND+ 0x7f6e5b7a1163: taken
+CND+ 0x7f6e5b7a121b: taken
+CND+ 0x7f6e5b7a124a: taken
+CND+ 0x7f6e5b7a127c: not taken
+CND+ 0x7f6e5b7a136a: taken
+CND+ 0x7f6e5b7a1520: not taken
+CND+ 0x7f6e5b7a1529: not taken
+CND+ 0x7f6e5b7a1532: taken
+CND+ 0x7f6e5b7a18eb: not taken
+CND+ 0x7f6e5b7a1906: both
+CND+ 0x7f6e5b7a193d: not taken
+CND+ 0x7f6e5b7a1985: both
+CND+ 0x7f6e5b7a19f6: taken
+CND+ 0x7f6e5b7a1a20: both
+CND+ 0x7f6e5b7a1a29: not taken
+CND+ 0x7f6e5b7a1a33: not taken
+CND+ 0x7f6e5b7a1ae4: not taken
+CND+ 0x7f6e5b7a1afb: taken
+CND+ 0x7f6e5b7a1b2a: both
+CND+ 0x7f6e5b7a1b30: both
+CND+ 0x7f6e5b7a1b40: taken
+CND+ 0x7f6e5b7a1b60: not taken
+CND+ 0x7f6e5b7a1b96: not taken
+CND+ 0x7f6e5b7a1be5: taken
+CND+ 0x7f6e5b7a1da0: not taken
+CND+ 0x7f6e5b7a1da9: not taken
+CND+ 0x7f6e5b7a1dc8: both
+CND+ 0x7f6e5b7a1dd0: both
+CND+ 0x7f6e5b7a1e2e: taken
+CND+ 0x7f6e5b7a1e57: not taken
+CND+ 0x7f6e5b7a1eac: taken
+CND+ 0x7f6e5b7a1ed8: taken
+CND+ 0x7f6e5b7a1fa3: not taken
+CND+ 0x7f6e5b7a1fc0: taken
+CND+ 0x7f6e5b7a2019: not taken
+CND+ 0x7f6e5b7a2065: not taken
+CND+ 0x7f6e5b7a206f: not taken
+CND+ 0x7f6e5b7a2089: both
+CND+ 0x7f6e5b7a209d: not taken
+CND+ 0x7f6e5b7a20ab: taken
+CND+ 0x7f6e5b7a214c: not taken
+CND+ 0x7f6e5b7a2156: taken
+CND+ 0x7f6e5b7a21cc: taken
+CND+ 0x7f6e5b7a21ee: taken
+CND+ 0x7f6e5b7a2811: both
+CND+ 0x7f6e5b7a281b: not taken
+CND+ 0x7f6e5b7a281f: not taken
+CND+ 0x7f6e5b7a2839: taken
+CND+ 0x7f6e5b7a2859: taken
+CND+ 0x7f6e5b7a2861: taken
+CND+ 0x7f6e5b7a345f: taken
+CND+ 0x7f6e5b7a3626: not taken
+CND+ 0x7f6e5b7a36ca: taken
+CND+ 0x7f6e5b7a3762: taken
+CND+ 0x7f6e5b7a42a4: taken
+CND+ 0x7f6e5b7a42bd: not taken
+CND+ 0x7f6e5b7a42cd: not taken
+CND+ 0x7f6e5b7a430f: taken
+CND+ 0x7f6e5b7a4327: taken
+CND+ 0x7f6e5b7a433a: not taken
+CND+ 0x7f6e5b7a4343: taken
+CND+ 0x7f6e5b7a4381: not taken
+CND+ 0x7f6e5b7a43d6: taken
+CND+ 0x7f6e5b7a43e7: taken
+CND+ 0x7f6e5b7a4895: not taken
+CND+ 0x7f6e5b7a48a8: not taken
+CND+ 0x7f6e5b7a48d2: not taken
+CND+ 0x7f6e5b7a4907: not taken
+CND+ 0x7f6e5b7a4942: taken
+CND+ 0x7f6e5b7a4953: not taken
+CND+ 0x7f6e5b7a4963: taken
+CND+ 0x7f6e5b7a4a7b: not taken
+CND+ 0x7f6e5b7a4dbc: both
+CND+ 0x7f6e5b7a4dc9: both
+CND+ 0x7f6e5b7a4e03: not taken
+CND+ 0x7f6e5b7a4e0d: not taken
+CND+ 0x7f6e5b7a4e18: taken
+CND+ 0x7f6e5b7a51a1: not taken
+CND+ 0x7f6e5b7a51ab: not taken
+CND+ 0x7f6e5b7a51e4: taken
+CND+ 0x7f6e5b7a51f2: taken
+CND+ 0x7f6e5b7a520a: not taken
+CND+ 0x7f6e5b7a5225: not taken
+CND+ 0x7f6e5b7a522f: not taken
+CND+ 0x7f6e5b7a5247: taken
+CND+ 0x7f6e5b7a5533: taken
+CND+ 0x7f6e5b7a5582: taken
+CND+ 0x7f6e5b7a5655: taken
+CND+ 0x7f6e5b7a5698: taken
+CND+ 0x7f6e5b7a5703: not taken
+CND+ 0x7f6e5b7a570c: taken
+CND+ 0x7f6e5b7a5725: not taken
+CND+ 0x7f6e5b7a5742: not taken
+CND+ 0x7f6e5b7a575a: not taken
+CND+ 0x7f6e5b7a5765: not taken
+CND+ 0x7f6e5b7a5792: not taken
+CND+ 0x7f6e5b7a5797: taken
+CND+ 0x7f6e5b7a57a9: taken
+CND+ 0x7f6e5b7a57ad: not taken
+CND+ 0x7f6e5b7a57bc: taken
+CND+ 0x7f6e5b7a57ce: taken
+CND+ 0x7f6e5b7a5848: taken
+CND+ 0x7f6e5b7a5889: not taken
+CND+ 0x7f6e5b7a589b: not taken
+CND+ 0x7f6e5b7a58a8: taken
+CND+ 0x7f6e5b7a5c2f: not taken
+CND+ 0x7f6e5b7a5c57: taken
+CND+ 0x7f6e5b7a5c65: not taken
+CND+ 0x7f6e5b7a5c6e: taken
+CND+ 0x7f6e5b7a5c86: not taken
+CND+ 0x7f6e5b7a5cae: taken
+CND+ 0x7f6e5b7a6366: taken
+CND+ 0x7f6e5b7a69d6: taken
+CND+ 0x7f6e5b7a6a31: not taken
+CND+ 0x7f6e5b7a6a51: taken
+CND+ 0x7f6e5b7a6aad: not taken
+CND+ 0x7f6e5b7a6ab5: taken
+CND+ 0x7f6e5b7a6b00: taken
+CND+ 0x7f6e5b7a6b5a: not taken
+CND+ 0x7f6e5b7a6b62: not taken
+CND+ 0x7f6e5b7a6b6b: not taken
+CND+ 0x7f6e5b7a6b75: not taken
+CND+ 0x7f6e5b7a6b7f: taken
+CND+ 0x7f6e5b7a6b9b: taken
+CND+ 0x7f6e5b7a6c3c: taken
+CND+ 0x7f6e5b7a6ed9: not taken
+CND+ 0x7f6e5b7a6ee6: not taken
+CND+ 0x7f6e5b7a6f01: not taken
+CND+ 0x7f6e5b7a6f1a: not taken
+CND+ 0x7f6e5b7a6f20: not taken
+CND+ 0x7f6e5b7a6f26: taken
+CND+ 0x7f6e5b7a776c: not taken
+CND+ 0x7f6e5b7a778c: not taken
+CND+ 0x7f6e5b7a77d8: both
+CND+ 0x7f6e5b7a77e1: taken
+CND+ 0x7f6e5b7a7806: not taken
+CND+ 0x7f6e5b7a7840: not taken
+CND+ 0x7f6e5b7a784a: not taken
+CND+ 0x7f6e5b7a7965: both
+CND+ 0x7f6e5b7a7989: not taken
+CND+ 0x7f6e5b7a79b2: not taken
+CND+ 0x7f6e5b7a79bc: not taken
+CND+ 0x7f6e5b7a79e3: not taken
+CND+ 0x7f6e5b7a7a13: taken
+CND+ 0x7f6e5b7a7afd: not taken
+CND+ 0x7f6e5b7a7b1a: not taken
+CND+ 0x7f6e5b7a7b61: taken
+CND+ 0x7f6e5b7a8711: not taken
+CND+ 0x7f6e5b7a871d: not taken
+CND+ 0x7f6e5b7a8722: not taken
+CND+ 0x7f6e5b7a8748: not taken
+CND+ 0x7f6e5b7a874c: not taken
+CND+ 0x7f6e5b7a875f: not taken
+CND+ 0x7f6e5b7a87a4: not taken
+CND+ 0x7f6e5b7a88f3: both
+CND+ 0x7f6e5b7a890f: both
+CND+ 0x7f6e5b7a8911: not taken
+CND+ 0x7f6e5b7a891a: taken
+CND+ 0x7f6e5b7a8a92: not taken
+CND+ 0x7f6e5b7a8aba: not taken
+CND+ 0x7f6e5b7a8ad5: both
+CND+ 0x7f6e5b7a8ade: taken
+CND+ 0x7f6e5b7a8af7: not taken
+CND+ 0x7f6e5b7a8b01: not taken
+CND+ 0x7f6e5b7a8b05: not taken
+CND+ 0x7f6e5b7a8b19: taken
+CND+ 0x7f6e5b7a8c50: not taken
+CND+ 0x7f6e5b7a8c62: taken
+CND+ 0x7f6e5b7a8db1: not taken
+CND+ 0x7f6e5b7a8dea: both
+CND+ 0x7f6e5b7a8e13: not taken
+CND+ 0x7f6e5b7a8e20: taken
+CND+ 0x7f6e5b7a8e2d: not taken
+CND+ 0x7f6e5b7a8e43: not taken
+CND+ 0x7f6e5b7a8e4f: both
+CND+ 0x7f6e5b7a8e58: not taken
+CND+ 0x7f6e5b7a8e72: taken
+CND+ 0x7f6e5b7a8ee7: taken
+CND+ 0x7f6e5b7a975d: both
+CND+ 0x7f6e5b7a976f: not taken
+CND+ 0x7f6e5b7a9782: both
+CND+ 0x7f6e5b7a9787: both
+CND+ 0x7f6e5b7a9795: both
+CND+ 0x7f6e5b7a98b1: not taken
+CND+ 0x7f6e5b7a98dc: not taken
+CND+ 0x7f6e5b7a98ea: not taken
+CND+ 0x7f6e5b7a98ec: both
+CND+ 0x7f6e5b7a98f5: not taken
+CND+ 0x7f6e5b7a98fb: taken
+CND+ 0x7f6e5b7a9943: not taken
+CND+ 0x7f6e5b7a994c: taken
+CND+ 0x7f6e5b7a9983: not taken
+CND+ 0x7f6e5b7a9989: both
+CND+ 0x7f6e5b7a9990: not taken
+CND+ 0x7f6e5b7a99ab: taken
+CND+ 0x7f6e5b7a9a0b: taken
+CND+ 0x7f6e5b7a9b10: both
+CND+ 0x7f6e5b7a9b1c: not taken
+CND+ 0x7f6e5b7a9b21: both
+CND+ 0x7f6e5b7a9b2f: not taken
+CND+ 0x7f6e5b7a9b37: both
+CND+ 0x7f6e5b7a9b44: both
+CND+ 0x7f6e5b7a9b5e: taken
+CND+ 0x7f6e5b7a9b92: both
+CND+ 0x7f6e5b7a9b9b: taken
+CND+ 0x7f6e5b7a9bfb: taken
+CND+ 0x7f6e5b7a9d68: both
+CND+ 0x7f6e5b7a9d71: taken
+CND+ 0x7f6e5b7a9d8b: not taken
+CND+ 0x7f6e5b7a9da3: taken
+CND+ 0x7f6e5b7a9ddd: taken
+CND+ 0x7f6e5b7a9e02: not taken
+CND+ 0x7f6e5b7a9e0b: taken
+CND+ 0x7f6e5b7a9e2f: not taken
+CND+ 0x7f6e5b7a9e35: taken
+CND+ 0x7f6e5b7a9e4f: not taken
+CND+ 0x7f6e5b7a9e58: both
+CND+ 0x7f6e5b7a9f7d: not taken
+CND+ 0x7f6e5b7aa02c: not taken
+CND+ 0x7f6e5b7aa0c7: not taken
+CND+ 0x7f6e5b7aa0d0: both
+CND+ 0x7f6e5b7aa0d9: not taken
+CND+ 0x7f6e5b7aa5a7: both
+CND+ 0x7f6e5b7aa5ed: not taken
+CND+ 0x7f6e5b7aa5f2: taken
+CND+ 0x7f6e5b7aa682: not taken
+CND+ 0x7f6e5b7aa6a1: not taken
+CND+ 0x7f6e5b7aa7bb: not taken
+CND+ 0x7f6e5b7aa835: not taken
+CND+ 0x7f6e5b7aa870: not taken
+CND+ 0x7f6e5b7aa88e: not taken
+CND+ 0x7f6e5b7aa89e: not taken
+CND+ 0x7f6e5b7aa9ca: both
+CND+ 0x7f6e5b7aa9ea: taken
+CND+ 0x7f6e5b7aa9f6: taken
+CND+ 0x7f6e5b7aaa15: taken
+CND+ 0x7f6e5b7aaa38: not taken
+CND+ 0x7f6e5b7aaa48: taken
+CND+ 0x7f6e5b7aaabb: not taken
+CND+ 0x7f6e5b7ab14f: not taken
+CND+ 0x7f6e5b7ab16f: not taken
+CND+ 0x7f6e5b7ab17e: taken
+CND+ 0x7f6e5b7aba5f: taken
+CND+ 0x7f6e5b7abb46: not taken
+CND+ 0x7f6e5b7abb50: taken
+CND+ 0x7f6e5b7abb69: taken
+CND+ 0x7f6e5b7abb93: taken
+CND+ 0x7f6e5b7abd2b: taken
+CND+ 0x7f6e5b7abe50: not taken
+CND+ 0x7f6e5b7ac227: taken
+CND+ 0x7f6e5b7ac25f: not taken
+CND+ 0x7f6e5b7ac278: taken
+CND+ 0x7f6e5b7ac2b9: not taken
+CND+ 0x7f6e5b7ac2d7: taken
+CND+ 0x7f6e5b7ac30b: taken
+CND+ 0x7f6e5b7ac383: taken
+CND+ 0x7f6e5b7ac3e2: taken
+CND+ 0x7f6e5b7ac456: taken
+CND+ 0x7f6e5b7ac488: both
+CND+ 0x7f6e5b7ac48c: not taken
+CND+ 0x7f6e5b7ac493: not taken
+CND+ 0x7f6e5b7ac498: both
+CND+ 0x7f6e5b7ac4e0: not taken
+CND+ 0x7f6e5b7ac512: not taken
+CND+ 0x7f6e5b7ac519: taken
+CND+ 0x7f6e5b7ac548: not taken
+CND+ 0x7f6e5b7ac54d: not taken
+CND+ 0x7f6e5b7ac5c9: not taken
+CND+ 0x7f6e5b7ac5d7: taken
+CND+ 0x7f6e5b7ac6f8: taken
+CND+ 0x7f6e5b7ac7b9: not taken
+CND+ 0x7f6e5b7ac830: not taken
+CND+ 0x7f6e5b7ac846: taken
+CND+ 0x7f6e5b7ac86e: not taken
+CND+ 0x7f6e5b7acb09: not taken
+CND+ 0x7f6e5b7acb13: not taken
+CND+ 0x7f6e5b7acc18: taken
+CND+ 0x7f6e5b7acc9d: not taken
+CND+ 0x7f6e5b7acdfa: taken
+CND+ 0x7f6e5b7ae946: both
+CND+ 0x7f6e5b7ae963: both
+CND+ 0x7f6e5b7ae968: not taken
+CND+ 0x7f6e5b7ae96e: not taken
+CND+ 0x7f6e5b7ae986: not taken
+CND+ 0x7f6e5b7ae98b: both
+CND+ 0x7f6e5b7ae99a: both
+CND+ 0x7f6e5b7ae99f: both
+CND+ 0x7f6e5b7ae9ac: both
+CND+ 0x7f6e5b7ae9b7: both
+CND+ 0x7f6e5b7ae9c4: not taken
+CND+ 0x7f6e5b7aea10: not taken
+CND+ 0x7f6e5b7aea15: taken
+CND+ 0x7f6e5b7aea2e: both
+CND+ 0x7f6e5b7aea32: both
+CND+ 0x7f6e5b7aea5c: both
+CND+ 0x7f6e5b7aeadd: not taken
+CND+ 0x7f6e5b7aeae2: not taken
+CND+ 0x7f6e5b7aeafe: not taken
+CND+ 0x7f6e5b7aeb02: both
+CND+ 0x7f6e5b7aeb48: both
+CND+ 0x7f6e5b7aeb52: not taken
+CND+ 0x7f6e5b7aeb5c: not taken
+CND+ 0x7f6e5b7aeb65: both
+CND+ 0x7f6e5b7aeb6b: taken
+CND+ 0x7f6e5b7aeb75: not taken
+CND+ 0x7f6e5b7aeb95: not taken
+CND+ 0x7f6e5b7aeba2: not taken
+CND+ 0x7f6e5b7aebc4: not taken
+CND+ 0x7f6e5b7aebce: not taken
+CND+ 0x7f6e5b7aebf6: taken
+CND+ 0x7f6e5b7aec24: taken
+CND+ 0x7f6e5b7aece1: not taken
+CND+ 0x7f6e5b7aecea: not taken
+CND+ 0x7f6e5b7aecf3: not taken
+CND+ 0x7f6e5b7aed25: not taken
+CND+ 0x7f6e5b7aed53: not taken
+CND+ 0x7f6e5b7aed5d: not taken
+CND+ 0x7f6e5b7aeeb5: not taken
+CND+ 0x7f6e5b7aeeba: not taken
+CND+ 0x7f6e5b7aeed8: both
+CND+ 0x7f6e5b7aeedc: taken
+CND+ 0x7f6e5b7aef0f: not taken
+CND+ 0x7f6e5b7aef15: not taken
+CND+ 0x7f6e5b7af46f: not taken
+CND+ 0x7f6e5b7af53d: not taken
+CND+ 0x7f6e5b7af547: not taken
+CND+ 0x7f6e5b7af605: not taken
+CND+ 0x7f6e5b7af60f: not taken
+CND+ 0x7f6e5b7af647: not taken
+CND+ 0x7f6e5b7af65e: not taken
+CND+ 0x7f6e5b7af7bd: taken
+CND+ 0x7f6e5b7af7d2: taken
+CND+ 0x7f6e5b7af7df: not taken
+CND+ 0x7f6e5b7af7e4: both
+CND+ 0x7f6e5b7af7fa: taken
+CND+ 0x7f6e5b7af856: not taken
+CND+ 0x7f6e5b7af85b: taken
+CND+ 0x7f6e5b7af87a: not taken
+CND+ 0x7f6e5b7af89a: not taken
+CND+ 0x7f6e5b7af8b7: not taken
+CND+ 0x7f6e5b7af8c5: not taken
+CND+ 0x7f6e5b7af8d4: taken
+CND+ 0x7f6e5b7afdf1: not taken
+CND+ 0x7f6e5b7afe0c: not taken
@0x7f6e5b79e050 to 0x7f6e5f2d7a30 4
@0x7f6e5b79e080 to 0x7f6e5f277330 2
@0x7f6e5b79e090 to 0x7f6e5f319710 1
@0x7f6e5b79e0a0 to 0x7f6e5f2efe70 5
@0x7f6e5b79e0d0 to 0x7f6e5f28aa20 7
@0x7f6e5b79e0f0 to 0x7f6e5f3ae800 4
@0x7f6e5b79e130 to 0x7f6e5f31a1e0 1
@0x7f6e5b79e140 to 0x7f6e5f28ec10 1
@0x7f6e5b79e150 to 0x7f6e5f33c800 4
@0x7f6e5b79e160 to 0x7f6e5f319230 1
@0x7f6e5b79e190 to 0x7f6e5f3aebc0 8
@0x7f6e5b79e1c0 to 0x7f6e5f31a200 1
@0x7f6e5b79e1e0 to 0x7f6e5f3ae5d0 1
@0x7f6e5b79e220 to 0x7f6e5f31a210 2
@0x7f6e5b79e230 to 0x7f6e5f33db10 1
@0x7f6e5b7a016e to 0x7f6e5b7a01c0 1
@0x7f6e5b79e280 to 0x7f6e5f3a9d10 11
@0x7f6e5b79e2a0 to 0x7f6e5f28a450 4
@0x7f6e5b7a01ac to 0x7f6e5b7a0e90 1
@0x7f6e5b79e2d0 to 0x7f6e5f3aa100 9
@0x7f6e5b79e320 to 0x7f6e5f28b0f0 4
@0x7f6e5b79e330 to 0x7f6e5f3af100 6
@0x7f6e5b79e350 to 0x7f6e5f31a220 1
@0x7f6e5b79e370 to 0x7f6e5f33c800 2
@0x7f6e5b79e390 to 0x7f6e5f2d73e0 23
@0x7f6e5b79e3b0 to 0x7f6e5f31a230 1
@0x7f6e5b79e3c0 to 0x7f6e5f3a9e90 22
@0x7f6e5b79e3e0 to 0x7f6e5f35aba0 1
@0x7f6e5b79e410 to 0x7f6e5f2d7c80 1
@0x7f6e5b79e460 to 0x7f6e5f3af0e0 13
@0x7f6e5b79e510 to 0x7f6e5f31a1f0 1
@0x7f6e5b79e560 to 0x7f6e5f3194e0 1
@0x7f6e5b79e570 to 0x7f6e5f283580 191
@0x7f6e5b7a9f91 to 0x7f6e5b7aa075 1
@0x7f6e5b79e784 to 0x7f6e5f276fb0 1
@0x7f6e5b7afe01 to 0x7f6e5b79e840 1
@0x7f6e5b7ac55f to 0x7f6e5b7ac580 1
@0x7f6e5b7ac55f to 0x7f6e5b7ac5c0 1
@0x7f6e5b7ac55f to 0x7f6e5b7ac5a8 2
@0x7f6e5b7aa8af to 0x7f6e5b7aaa01 183
@0x7f6e5b7aa8af to 0x7f6e5b7aa9f0 10
@0x7f6e5b7aa8af to 0x7f6e5b7aaa28 1
@0x7f6e5b7aec19 to 0x7f6e5b7a27d0 1
@0x7f6e5b7aec19 to 0x7f6e5b7a9120 1
