MODULE_NAME: /bin/dash
MODULE_START: 0x7f353c6f2000
+B+: 0x7f353c6f6000 0x7f353c6f600f
+B+: 0x7f353c6f6012 0x7f353c6f6016
+B+: 0x7f353c6f6050 0x7f353c6f6055
+B+: 0x7f353c6f6080 0x7f353c6f6085
+B+: 0x7f353c6f6090 0x7f353c6f6095
+B+: 0x7f353c6f60a0 0x7f353c6f60a5
+B+: 0x7f353c6f60d0 0x7f353c6f60d5
+B+: 0x7f353c6f60f0 0x7f353c6f60f5
+B+: 0x7f353c6f6130 0x7f353c6f6135
+B+: 0x7f353c6f6140 0x7f353c6f6145
+B+: 0x7f353c6f6150 0x7f353c6f6155
+B+: 0x7f353c6f6160 0x7f353c6f6165
+B+: 0x7f353c6f6190 0x7f353c6f6195
+B+: 0x7f353c6f61c0 0x7f353c6f61c5
+B+: 0x7f353c6f61e0 0x7f353c6f61e5
+B+: 0x7f353c6f6220 0x7f353c6f6225
+B+: 0x7f353c6f6230 0x7f353c6f6235
+B+: 0x7f353c6f6280 0x7f353c6f6285
+B+: 0x7f353c6f62a0 0x7f353c6f62a5
+B+: 0x7f353c6f62d0 0x7f353c6f62d5
+B+: 0x7f353c6f6320 0x7f353c6f6325
+B+: 0x7f353c6f6330 0x7f353c6f6335
+B+: 0x7f353c6f6350 0x7f353c6f6355
+B+: 0x7f353c6f6370 0x7f353c6f6375
+B+: 0x7f353c6f6390 0x7f353c6f6395
+B+: 0x7f353c6f63b0 0x7f353c6f63b5
+B+: 0x7f353c6f63c0 0x7f353c6f63c5
+B+: 0x7f353c6f63e0 0x7f353c6f63e5
+B+: 0x7f353c6f6410 0x7f353c6f6415
+B+: 0x7f353c6f6460 0x7f353c6f6465
+B+: 0x7f353c6f6510 0x7f353c6f6515
+B+: 0x7f353c6f6560 0x7f353c6f6565
+B+: 0x7f353c6f6570 0x7f353c6f6575
+B+: 0x7f353c6f6590 0x7f353c6f65b8
+B+: 0x7f353c6f65b9 0x7f353c6f65c4
+B+: 0x7f353c6f65c5 0x7f353c6f65cf
+B+: 0x7f353c6f65d0 0x7f353c6f65e7
+B+: 0x7f353c6f65e8 0x7f353c6f65ef
+B+: 0x7f353c6f65f0 0x7f353c6f6600
+B+: 0x7f353c6f6601 0x7f353c6f660b
+B+: 0x7f353c6f660c 0x7f353c6f6615
+B+: 0x7f353c6f6616 0x7f353c6f6623
+B+: 0x7f353c6f6624 0x7f353c6f662b
+B+: 0x7f353c6f662c 0x7f353c6f663c
+B+: 0x7f353c6f6657 0x7f353c6f6660
+B+: 0x7f353c6f6661 0x7f353c6f6678
+B+: 0x7f353c6f6679 0x7f353c6f667f
+B+: 0x7f353c6f6680 0x7f353c6f668c
+B+: 0x7f353c6f668d 0x7f353c6f6696
+B+: 0x7f353c6f6697 0x7f353c6f669b
+B+: 0x7f353c6f6760 0x7f353c6f6789
+B+: 0x7f353c6f67c0 0x7f353c6f67e3
+B+: 0x7f353c6f67f8 0x7f353c6f67f8
+B+: 0x7f353c6f6840 0x7f353c6f6844
+B+: 0x7f353c6f6850 0x7f353c6f6863
+B+: 0x7f353c6f6864 0x7f353c6f686f
+B+: 0x7f353c6f6870 0x7f353c6f687d
+B+: 0x7f353c6f687e 0x7f353c6f68aa
+B+: 0x7f353c6f68ab 0x7f353c6f68ac
+B+: 0x7f353c6f68cb 0x7f353c6f68d2
+B+: 0x7f353c6f6a50 0x7f353c6f6a57
+B+: 0x7f353c6f6a58 0x7f353c6f6a5e
+B+: 0x7f353c6f6a5f 0x7f353c6f6a63
+B+: 0x7f353c6f6a71 0x7f353c6f6a72
+B+: 0x7f353c6f76d0 0x7f353c6f76eb
+B+: 0x7f353c6f76ec 0x7f353c6f7705
+B+: 0x7f353c6f7717 0x7f353c6f771b
+B+: 0x7f353c6f771c 0x7f353c6f7720
+B+: 0x7f353c6f772c 0x7f353c6f7730
+B+: 0x7f353c6f773e 0x7f353c6f774d
+B+: 0x7f353c6f774e 0x7f353c6f7757
+B+: 0x7f353c6f7758 0x7f353c6f7775
+B+: 0x7f353c6f7780 0x7f353c6f7788
+B+: 0x7f353c6f7789 0x7f353c6f7790
+B+: 0x7f353c6f7791 0x7f353c6f779c
+B+: 0x7f353c6f8060 0x7f353c6f807e
+B+: 0x7f353c6f810d 0x7f353c6f811c
+B+: 0x7f353c6f811d 0x7f353c6f8123
+B+: 0x7f353c6f8140 0x7f353c6f814a
+B+: 0x7f353c6f814b 0x7f353c6f8152
+B+: 0x7f353c6f8153 0x7f353c6f815d
+B+: 0x7f353c6f815e 0x7f353c6f816f
+B+: 0x7f353c6f8188 0x7f353c6f818c
+B+: 0x7f353c6f818d 0x7f353c6f8191
+B+: 0x7f353c6f8192 0x7f353c6f819c
+B+: 0x7f353c6f81a7 0x7f353c6f81ad
+B+: 0x7f353c6f81ae 0x7f353c6f81b5
+B+: 0x7f353c6f81c0 0x7f353c6f81cf
+B+: 0x7f353c6f8bc0 0x7f353c6f8bfa
+B+: 0x7f353c6f8bfb 0x7f353c6f8c07
+B+: 0x7f353c6f8c08 0x7f353c6f8c0f
+B+: 0x7f353c6f8c10 0x7f353c6f8c11
+B+: 0x7f353c6f8c18 0x7f353c6f8c21
+B+: 0x7f353c6f8c22 0x7f353c6f8c2e
+B+: 0x7f353c6f8c32 0x7f353c6f8c39
+B+: 0x7f353c6f8c3a 0x7f353c6f8c49
+B+: 0x7f353c6f8c4a 0x7f353c6f8c51
+B+: 0x7f353c6f8c52 0x7f353c6f8c58
+B+: 0x7f353c6f8c59 0x7f353c6f8c60
+B+: 0x7f353c6f8c61 0x7f353c6f8c68
+B+: 0x7f353c6f8c69 0x7f353c6f8c6d
+B+: 0x7f353c6f8c6e 0x7f353c6f8c77
+B+: 0x7f353c6f8c78 0x7f353c6f8c89
+B+: 0x7f353c6f8c8a 0x7f353c6f8c98
+B+: 0x7f353c6f8e90 0x7f353c6f8ed3
+B+: 0x7f353c6f8edf 0x7f353c6f8ef5
+B+: 0x7f353c6f8ef6 0x7f353c6f8efa
+B+: 0x7f353c6f8efb 0x7f353c6f8f5a
+B+: 0x7f353c6f8f5b 0x7f353c6f8f67
+B+: 0x7f353c6f8f68 0x7f353c6f8f77
+B+: 0x7f353c6f8f78 0x7f353c6f8f7f
+B+: 0x7f353c6f8f80 0x7f353c6f8f8b
+B+: 0x7f353c6f8f8c 0x7f353c6f8f94
+B+: 0x7f353c6f8f95 0x7f353c6f8f9b
+B+: 0x7f353c6f8fa0 0x7f353c6f8faf
+B+: 0x7f353c6f8fb0 0x7f353c6f8fc5
+B+: 0x7f353c6f8fc6 0x7f353c6f8fcf
+B+: 0x7f353c6f8fd0 0x7f353c6f8fe3
+B+: 0x7f353c6f8fe4 0x7f353c6f8ffc
+B+: 0x7f353c6f9019 0x7f353c6f902b
+B+: 0x7f353c6f902c 0x7f353c6f9034
+B+: 0x7f353c6f9035 0x7f353c6f9047
+B+: 0x7f353c6f9048 0x7f353c6f905b
+B+: 0x7f353c6f90a8 0x7f353c6f90b4
+B+: 0x7f353c6f90b5 0x7f353c6f90b9
+B+: 0x7f353c6f90db 0x7f353c6f90e1
+B+: 0x7f353c6f90f0 0x7f353c6f9103
+B+: 0x7f353c6f9104 0x7f353c6f9113
+B+: 0x7f353c6f9114 0x7f353c6f911b
+B+: 0x7f353c6f911c 0x7f353c6f9122
+B+: 0x7f353c6f9123 0x7f353c6f9152
+B+: 0x7f353c6f9153 0x7f353c6f915f
+B+: 0x7f353c6f9160 0x7f353c6f9168
+B+: 0x7f353c6f9216 0x7f353c6f921c
+B+: 0x7f353c6f9224 0x7f353c6f922d
+B+: 0x7f353c6f922e 0x7f353c6f9237
+B+: 0x7f353c6f9238 0x7f353c6f9241
+B+: 0x7f353c6f9242 0x7f353c6f924b
+B+: 0x7f353c6f925d 0x7f353c6f9266
+B+: 0x7f353c6f9267 0x7f353c6f9281
+B+: 0x7f353c6f9282 0x7f353c6f9293
+B+: 0x7f353c6f934c 0x7f353c6f9353
+B+: 0x7f353c6f9354 0x7f353c6f936f
+B+: 0x7f353c6f951b 0x7f353c6f9525
+B+: 0x7f353c6f9526 0x7f353c6f952e
+B+: 0x7f353c6f952f 0x7f353c6f9537
+B+: 0x7f353c6f98d0 0x7f353c6f98ec
+B+: 0x7f353c6f98ed 0x7f353c6f98f1
+B+: 0x7f353c6f98f8 0x7f353c6f98fa
+B+: 0x7f353c6f98fb 0x7f353c6f9907
+B+: 0x7f353c6f9908 0x7f353c6f993e
+B+: 0x7f353c6f993f 0x7f353c6f9940
+B+: 0x7f353c6f9963 0x7f353c6f9977
+B+: 0x7f353c6f9980 0x7f353c6f9986
+B+: 0x7f353c6f9987 0x7f353c6f998e
+B+: 0x7f353c6f998f 0x7f353c6f9997
+B+: 0x7f353c6f9998 0x7f353c6f99ba
+B+: 0x7f353c6f99bb 0x7f353c6f99bc
+B+: 0x7f353c6f99c0 0x7f353c6f99e7
+B+: 0x7f353c6f99e8 0x7f353c6f99f7
+B+: 0x7f353c6f9a19 0x7f353c6f9a21
+B+: 0x7f353c6f9a22 0x7f353c6f9a2a
+B+: 0x7f353c6f9a2b 0x7f353c6f9a34
+B+: 0x7f353c6f9a35 0x7f353c6f9a3f
+B+: 0x7f353c6f9ad0 0x7f353c6f9ae9
+B+: 0x7f353c6f9aea 0x7f353c6f9b00
+B+: 0x7f353c6f9b10 0x7f353c6f9b1f
+B+: 0x7f353c6f9b20 0x7f353c6f9b2b
+B+: 0x7f353c6f9b2c 0x7f353c6f9b31
+B+: 0x7f353c6f9b32 0x7f353c6f9b41
+B+: 0x7f353c6f9b56 0x7f353c6f9b61
+B+: 0x7f353c6f9b62 0x7f353c6f9b6f
+B+: 0x7f353c6f9b70 0x7f353c6f9b85
+B+: 0x7f353c6f9b86 0x7f353c6f9b97
+B+: 0x7f353c6f9b98 0x7f353c6f9bc0
+B+: 0x7f353c6f9bc8 0x7f353c6f9bcc
+B+: 0x7f353c6f9bcd 0x7f353c6f9bea
+B+: 0x7f353c6f9d70 0x7f353c6f9d98
+B+: 0x7f353c6f9da0 0x7f353c6f9da1
+B+: 0x7f353c6f9da2 0x7f353c6f9daa
+B+: 0x7f353c6f9dab 0x7f353c6f9dc5
+B+: 0x7f353c6f9dc6 0x7f353c6f9dc9
+B+: 0x7f353c6f9dca 0x7f353c6f9dd1
+B+: 0x7f353c6f9dd2 0x7f353c6f9de6
+B+: 0x7f353c6f9df0 0x7f353c6f9e2a
+B+: 0x7f353c6f9e2b 0x7f353c6f9e2f
+B+: 0x7f353c6f9e46 0x7f353c6f9e5c
+B+: 0x7f353c6f9e5d 0x7f353c6f9e6e
+B+: 0x7f353c6f9e90 0x7f353c6f9ead
+B+: 0x7f353c6f9ec8 0x7f353c6f9ed1
+B+: 0x7f353c6f9ed2 0x7f353c6f9edd
+B+: 0x7f353c6f9f6c 0x7f353c6f9f8f
+B+: 0x7f353c6f9f90 0x7f353c6f9f9c
+B+: 0x7f353c6f9f9d 0x7f353c6f9fa8
+B+: 0x7f353c6f9fa9 0x7f353c6f9fb0
+B+: 0x7f353c6f9fb1 0x7f353c6f9fc5
+B+: 0x7f353c6fa008 0x7f353c6fa012
+B+: 0x7f353c6fa013 0x7f353c6fa01e
+B+: 0x7f353c6fa01f 0x7f353c6fa02e
+B+: 0x7f353c6fa060 0x7f353c6fa066
+B+: 0x7f353c6fa067 0x7f353c6fa074
+B+: 0x7f353c6fa075 0x7f353c6fa086
+B+: 0x7f353c6fa087 0x7f353c6fa08e
+B+: 0x7f353c6fa08f 0x7f353c6fa0a2
+B+: 0x7f353c6fa0a3 0x7f353c6fa0b0
+B+: 0x7f353c6fa100 0x7f353c6fa116
+B+: 0x7f353c6fa145 0x7f353c6fa14d
+B+: 0x7f353c6fa14e 0x7f353c6fa157
+B+: 0x7f353c6fa160 0x7f353c6fa166
+B+: 0x7f353c6fa1c0 0x7f353c6fa1d1
+B+: 0x7f353c6fa1e8 0x7f353c6fa1ef
+B+: 0x7f353c6fa248 0x7f353c6fa25b
+B+: 0x7f353c6fa25c 0x7f353c6fa271
+B+: 0x7f353c6fa7d0 0x7f353c6fa7ff
+B+: 0x7f353c6fa80f 0x7f353c6fa812
+B+: 0x7f353c6fa813 0x7f353c6fa81c
+B+: 0x7f353c6fa81d 0x7f353c6fa820
+B+: 0x7f353c6fa821 0x7f353c6fa82f
+B+: 0x7f353c6fa830 0x7f353c6fa83a
+B+: 0x7f353c6fa84f 0x7f353c6fa85a
+B+: 0x7f353c6fa85f 0x7f353c6fa862
+B+: 0x7f353c6fa870 0x7f353c6fa877
+B+: 0x7f353c6fa878 0x7f353c6fa88d
+B+: 0x7f353c6fb440 0x7f353c6fb464
+B+: 0x7f353c6fb61e 0x7f353c6fb627
+B+: 0x7f353c6fb628 0x7f353c6fb631
+B+: 0x7f353c6fb632 0x7f353c6fb659
+B+: 0x7f353c6fb6af 0x7f353c6fb6bc
+B+: 0x7f353c6fb6c0 0x7f353c6fb6cb
+B+: 0x7f353c6fb730 0x7f353c6fb73b
+B+: 0x7f353c6fb740 0x7f353c6fb75e
+B+: 0x7f353c6fb75f 0x7f353c6fb767
+B+: 0x7f353c6fb7d2 0x7f353c6fb7e3
+B+: 0x7f353c6fb8a0 0x7f353c6fb8a7
+B+: 0x7f353c6fc260 0x7f353c6fc2a5
+B+: 0x7f353c6fc2b5 0x7f353c6fc2be
+B+: 0x7f353c6fc2bf 0x7f353c6fc2d2
+B+: 0x7f353c6fc2d3 0x7f353c6fc2fc
+B+: 0x7f353c6fc2fd 0x7f353c6fc310
+B+: 0x7f353c6fc324 0x7f353c6fc328
+B+: 0x7f353c6fc336 0x7f353c6fc33f
+B+: 0x7f353c6fc340 0x7f353c6fc344
+B+: 0x7f353c6fc370 0x7f353c6fc386
+B+: 0x7f353c6fc387 0x7f353c6fc398
+B+: 0x7f353c6fc3a0 0x7f353c6fc3b6
+B+: 0x7f353c6fc3b7 0x7f353c6fc3d7
+B+: 0x7f353c6fc3dd 0x7f353c6fc3ec
+B+: 0x7f353c6fc850 0x7f353c6fc886
+B+: 0x7f353c6fc887 0x7f353c6fc89a
+B+: 0x7f353c6fc89b 0x7f353c6fc8ad
+B+: 0x7f353c6fc8ae 0x7f353c6fc8c4
+B+: 0x7f353c6fc8c5 0x7f353c6fc8d7
+B+: 0x7f353c6fc8d8 0x7f353c6fc8e7
+B+: 0x7f353c6fc8e8 0x7f353c6fc90c
+B+: 0x7f353c6fc90d 0x7f353c6fc915
+B+: 0x7f353c6fc924 0x7f353c6fc933
+B+: 0x7f353c6fc934 0x7f353c6fc947
+B+: 0x7f353c6fc948 0x7f353c6fc954
+B+: 0x7f353c6fc955 0x7f353c6fc95f
+B+: 0x7f353c6fc960 0x7f353c6fc964
+B+: 0x7f353c6fca6a 0x7f353c6fca7c
+B+: 0x7f353c6fca7d 0x7f353c6fca9c
+B+: 0x7f353c6fcba0 0x7f353c6fcbad
+B+: 0x7f353c6fcbae 0x7f353c6fcbe1
+B+: 0x7f353c6fcbf0 0x7f353c6fcbfb
+B+: 0x7f353c6fcdb0 0x7f353c6fcdbd
+B+: 0x7f353c6fcdbe 0x7f353c6fcdca
+B+: 0x7f353c6fcdcb 0x7f353c6fcde3
+B+: 0x7f353c6fcde8 0x7f353c6fcdf4
+B+: 0x7f353c6fcdf8 0x7f353c6fce04
+B+: 0x7f353c6fce05 0x7f353c6fce12
+B+: 0x7f353c6fce13 0x7f353c6fce1d
+B+: 0x7f353c6fceb4 0x7f353c6fcec1
+B+: 0x7f353c6fd160 0x7f353c6fd174
+B+: 0x7f353c6fd175 0x7f353c6fd187
+B+: 0x7f353c6fd188 0x7f353c6fd1a2
+B+: 0x7f353c6fd1a3 0x7f353c6fd1ac
+B+: 0x7f353c6fd1ad 0x7f353c6fd1b3
+B+: 0x7f353c6fd1d0 0x7f353c6fd1e5
+B+: 0x7f353c6fd1eb 0x7f353c6fd1f3
+B+: 0x7f353c6fd205 0x7f353c6fd20b
+B+: 0x7f353c6fd20c 0x7f353c6fd21d
+B+: 0x7f353c6fd21e 0x7f353c6fd226
+B+: 0x7f353c6fd227 0x7f353c6fd230
+B+: 0x7f353c6fd231 0x7f353c6fd232
+B+: 0x7f353c6fd240 0x7f353c6fd248
+B+: 0x7f353c6fd260 0x7f353c6fd260
+B+: 0x7f353c6fd520 0x7f353c6fd534
+B+: 0x7f353c6fd572 0x7f353c6fd578
+B+: 0x7f353c6fd580 0x7f353c6fd583
+B+: 0x7f353c6fd610 0x7f353c6fd656
+B+: 0x7f353c6fd65b 0x7f353c6fd686
+B+: 0x7f353c6fd687 0x7f353c6fd69d
+B+: 0x7f353c6fd6fc 0x7f353c6fd708
+B+: 0x7f353c6fd709 0x7f353c6fd711
+B+: 0x7f353c6fd712 0x7f353c6fd72a
+B+: 0x7f353c6fd72b 0x7f353c6fd73c
+B+: 0x7f353c6fd740 0x7f353c6fd747
+B+: 0x7f353c6fd748 0x7f353c6fd75f
+B+: 0x7f353c6fd760 0x7f353c6fd766
+B+: 0x7f353c6fd767 0x7f353c6fd780
+B+: 0x7f353c6fd790 0x7f353c6fd793
+B+: 0x7f353c6fd794 0x7f353c6fd798
+B+: 0x7f353c6fd7a2 0x7f353c6fd7aa
+B+: 0x7f353c6fd7ab 0x7f353c6fd7ae
+B+: 0x7f353c6fd7af 0x7f353c6fd7bd
+B+: 0x7f353c6fd7cb 0x7f353c6fd7d3
+B+: 0x7f353c6fd825 0x7f353c6fd841
+B+: 0x7f353c6fd842 0x7f353c6fd84d
+B+: 0x7f353c6fd87e 0x7f353c6fd88e
+B+: 0x7f353c6fd88f 0x7f353c6fd8a0
+B+: 0x7f353c6fd8a1 0x7f353c6fd8ad
+B+: 0x7f353c6fdc10 0x7f353c6fdc30
+B+: 0x7f353c6fdc31 0x7f353c6fdc58
+B+: 0x7f353c6fdc5e 0x7f353c6fdc66
+B+: 0x7f353c6fdc67 0x7f353c6fdc6f
+B+: 0x7f353c6fdc78 0x7f353c6fdc87
+B+: 0x7f353c6fdc88 0x7f353c6fdc89
+B+: 0x7f353c6fdca0 0x7f353c6fdcaf
+B+: 0x7f353c6fdcba 0x7f353c6fdcc4
+B+: 0x7f353c6fdce0 0x7f353c6fdce8
+B+: 0x7f353c6fe360 0x7f353c6fe36b
+B+: 0x7f353c6fe480 0x7f353c6fe480
+B+: 0x7f353c6fe9c0 0x7f353c6fe9db
+B+: 0x7f353c6fea16 0x7f353c6fea32
+B+: 0x7f353c6fea33 0x7f353c6fea52
+B+: 0x7f353c6fea63 0x7f353c6fea6a
+B+: 0x7f353c6fea90 0x7f353c6feaa6
+B+: 0x7f353c6feaa7 0x7f353c6feaae
+B+: 0x7f353c6feaaf 0x7f353c6feab6
+B+: 0x7f353c6feaf6 0x7f353c6feb01
+B+: 0x7f353c6feb0c 0x7f353c6feb34
+B+: 0x7f353c6feb40 0x7f353c6feb57
+B+: 0x7f353c6feb58 0x7f353c6feb5f
+B+: 0x7f353c6feb60 0x7f353c6feb67
+B+: 0x7f353c6feb68 0x7f353c6feb70
+B+: 0x7f353c6feb71 0x7f353c6feb7a
+B+: 0x7f353c6feb7b 0x7f353c6feb80
+B+: 0x7f353c6feb97 0x7f353c6feb9c
+B+: 0x7f353c6fec0a 0x7f353c6fec3d
+B+: 0x7f353c6fec47 0x7f353c6fec53
+B+: 0x7f353c6feed0 0x7f353c6feede
+B+: 0x7f353c6feedf 0x7f353c6feee7
+B+: 0x7f353c6feee8 0x7f353c6feefc
+B+: 0x7f353c6feefd 0x7f353c6fef02
+B+: 0x7f353c6fef03 0x7f353c6fef1b
+B+: 0x7f353c6fef1c 0x7f353c6fef21
+B+: 0x7f353c6fef22 0x7f353c6fef2b
+B+: 0x7f353c6fefc0 0x7f353c6fefc7
+B+: 0x7f353c6fefc8 0x7f353c6fefd0
+B+: 0x7f353c6ff760 0x7f353c6ff768
+B+: 0x7f353c6ff769 0x7f353c6ff76d
+B+: 0x7f353c6ff76e 0x7f353c6ff772
+B+: 0x7f353c6ff780 0x7f353c6ff788
+B+: 0x7f353c6ff789 0x7f353c6ff78d
+B+: 0x7f353c6ff78e 0x7f353c6ff792
+B+: 0x7f353c6ff7c0 0x7f353c6ff7d9
+B+: 0x7f353c6ff7da 0x7f353c6ff7e6
+B+: 0x7f353c6ff7f7 0x7f353c6ff802
+B+: 0x7f353c6ff803 0x7f353c6ff80b
+B+: 0x7f353c6ff80c 0x7f353c6ff841
+B+: 0x7f353c6ff842 0x7f353c6ff84b
+B+: 0x7f353c6ff84c 0x7f353c6ff852
+B+: 0x7f353c6ff853 0x7f353c6ff875
+B+: 0x7f353c6ff880 0x7f353c6ff88e
+B+: 0x7f353c6ff8b0 0x7f353c6ff8c8
+B+: 0x7f353c6ff900 0x7f353c6ff941
+B+: 0x7f353c6ff950 0x7f353c6ff966
+B+: 0x7f353c6ff967 0x7f353c6ff97e
+B+: 0x7f353c6ff97f 0x7f353c6ff98a
+B+: 0x7f353c6ff98b 0x7f353c6ff9b3
+B+: 0x7f353c6ff9b4 0x7f353c6ff9bd
+B+: 0x7f353c6ff9be 0x7f353c6ff9bf
+B+: 0x7f353c6ff9d0 0x7f353c6ff9e8
+B+: 0x7f353c6ff9e9 0x7f353c6ffa14
+B+: 0x7f353c6ffa1e 0x7f353c6ffa25
+B+: 0x7f353c6ffa26 0x7f353c6ffa33
+B+: 0x7f353c6ffa34 0x7f353c6ffa46
+B+: 0x7f353c6ffae0 0x7f353c6ffafe
+B+: 0x7f353c6ffaff 0x7f353c6ffb0c
+B+: 0x7f353c6ffb0d 0x7f353c6ffb1b
+B+: 0x7f353c6ffb1c 0x7f353c6ffb2c
+B+: 0x7f353c6ffb40 0x7f353c6ffb62
+B+: 0x7f353c6ffb98 0x7f353c6ffba9
+B+: 0x7f353c7006d0 0x7f353c7006f4
+B+: 0x7f353c7006f5 0x7f353c70070d
+B+: 0x7f353c70070e 0x7f353c700712
+B+: 0x7f353c700713 0x7f353c70071e
+B+: 0x7f353c70071f 0x7f353c700723
+B+: 0x7f353c700724 0x7f353c700728
+B+: 0x7f353c700729 0x7f353c700730
+B+: 0x7f353c70073c 0x7f353c700749
+B+: 0x7f353c70074a 0x7f353c70074d
+B+: 0x7f353c70074e 0x7f353c700760
+B+: 0x7f353c700761 0x7f353c70076b
+B+: 0x7f353c700790 0x7f353c70079d
+B+: 0x7f353c70079e 0x7f353c7007a5
+B+: 0x7f353c7007a6 0x7f353c7007a7
+B+: 0x7f353c700890 0x7f353c70089d
+B+: 0x7f353c70089e 0x7f353c7008a9
+B+: 0x7f353c7008aa 0x7f353c7008bd
+B+: 0x7f353c7008c0 0x7f353c7008ca
+B+: 0x7f353c7008d0 0x7f353c7008ef
+B+: 0x7f353c7008f0 0x7f353c7008f4
+B+: 0x7f353c7008f5 0x7f353c70090c
+B+: 0x7f353c70090d 0x7f353c700910
+B+: 0x7f353c700911 0x7f353c700912
+B+: 0x7f353c700913 0x7f353c70091b
+B+: 0x7f353c70091c 0x7f353c700930
+B+: 0x7f353c700938 0x7f353c70093c
+B+: 0x7f353c700980 0x7f353c70098f
+B+: 0x7f353c700990 0x7f353c70099b
+B+: 0x7f353c70099c 0x7f353c7009ab
+B+: 0x7f353c700a80 0x7f353c700a93
+B+: 0x7f353c700a94 0x7f353c700aac
+B+: 0x7f353c700aad 0x7f353c700abf
+B+: 0x7f353c700ac0 0x7f353c700ada
+B+: 0x7f353c700adb 0x7f353c700ae3
+B+: 0x7f353c700aec 0x7f353c700af8
+B+: 0x7f353c700af9 0x7f353c700b02
+B+: 0x7f353c700b03 0x7f353c700b06
+B+: 0x7f353c700b07 0x7f353c700b1a
+B+: 0x7f353c700c49 0x7f353c700c55
+B+: 0x7f353c700c56 0x7f353c700c67
+B+: 0x7f353c700c82 0x7f353c700c93
+B+: 0x7f353c700d77 0x7f353c700d82
+B+: 0x7f353c700da0 0x7f353c700db2
+B+: 0x7f353c700db3 0x7f353c700ddf
+B+: 0x7f353c700de0 0x7f353c700deb
+B+: 0x7f353c700dec 0x7f353c700dfc
+B+: 0x7f353c700dfd 0x7f353c700e18
+B+: 0x7f353c700e19 0x7f353c700e25
+B+: 0x7f353c700e26 0x7f353c700e2e
+B+: 0x7f353c700e2f 0x7f353c700e3f
+B+: 0x7f353c700e40 0x7f353c700e44
+B+: 0x7f353c700e45 0x7f353c700e50
+B+: 0x7f353c700e51 0x7f353c700e5d
+B+: 0x7f353c700e5e 0x7f353c700e77
+B+: 0x7f353c700ece 0x7f353c700ed2
+B+: 0x7f353c700ed3 0x7f353c700ede
+B+: 0x7f353c700ee0 0x7f353c700eec
+B+: 0x7f353c700f60 0x7f353c700f7c
+B+: 0x7f353c701120 0x7f353c701128
+B+: 0x7f353c701129 0x7f353c701147
+B+: 0x7f353c701750 0x7f353c70175e
+B+: 0x7f353c70175f 0x7f353c701763
+B+: 0x7f353c701764 0x7f353c701770
+B+: 0x7f353c701771 0x7f353c701777
+B+: 0x7f353c701778 0x7f353c701783
+B+: 0x7f353c701784 0x7f353c701788
+B+: 0x7f353c701789 0x7f353c70178d
+B+: 0x7f353c70178e 0x7f353c701796
+B+: 0x7f353c701797 0x7f353c70179e
+B+: 0x7f353c701890 0x7f353c701892
+B+: 0x7f353c7018a7 0x7f353c7018ab
+B+: 0x7f353c7018ac 0x7f353c7018b2
+B+: 0x7f353c7018b3 0x7f353c7018b6
+B+: 0x7f353c7018d0 0x7f353c7018e1
+B+: 0x7f353c7018e2 0x7f353c7018e6
+B+: 0x7f353c7018e7 0x7f353c7018eb
+B+: 0x7f353c7018ec 0x7f353c7018f1
+B+: 0x7f353c7018f2 0x7f353c7018fa
+B+: 0x7f353c7018fb 0x7f353c7018fc
+B+: 0x7f353c701940 0x7f353c701948
+B+: 0x7f353c701949 0x7f353c701951
+B+: 0x7f353c701980 0x7f353c701988
+B+: 0x7f353c701989 0x7f353c70198a
+B+: 0x7f353c70198b 0x7f353c701991
+B+: 0x7f353c701992 0x7f353c7019a2
+B+: 0x7f353c7019a8 0x7f353c7019ac
+B+: 0x7f353c7019eb 0x7f353c701a00
+B+: 0x7f353c701a08 0x7f353c701a10
+B+: 0x7f353c701af0 0x7f353c701b11
+B+: 0x7f353c701b12 0x7f353c701b16
+B+: 0x7f353c701b17 0x7f353c701b1d
+B+: 0x7f353c701b1e 0x7f353c701b26
+B+: 0x7f353c701b27 0x7f353c701b34
+B+: 0x7f353c701b35 0x7f353c701b3c
+B+: 0x7f353c701b3d 0x7f353c701b49
+B+: 0x7f353c701b4a 0x7f353c701b5a
+B+: 0x7f353c701b5b 0x7f353c701b63
+B+: 0x7f353c701b7f 0x7f353c701b93
+B+: 0x7f353c701b94 0x7f353c701b9c
+B+: 0x7f353c701be0 0x7f353c701bf7
+B+: 0x7f353c701bf8 0x7f353c701c00
+B+: 0x7f353c701c1b 0x7f353c701c2b
+B+: 0x7f353c701d40 0x7f353c701d5e
+B+: 0x7f353c701d5f 0x7f353c701d6d
+B+: 0x7f353c701d6e 0x7f353c701d72
+B+: 0x7f353c701d7d 0x7f353c701d90
+B+: 0x7f353c701d91 0x7f353c701d95
+B+: 0x7f353c701d96 0x7f353c701d9a
+B+: 0x7f353c701da0 0x7f353c701da4
+B+: 0x7f353c701dd5 0x7f353c701dd9
+B+: 0x7f353c701dda 0x7f353c701dde
+B+: 0x7f353c701df0 0x7f353c701dfb
+B+: 0x7f353c701dfc 0x7f353c701e07
+B+: 0x7f353c701e08 0x7f353c701e10
+B+: 0x7f353c701e2c 0x7f353c701e30
+B+: 0x7f353c701e31 0x7f353c701e36
+B+: 0x7f353c701e41 0x7f353c701e45
+B+: 0x7f353c701e46 0x7f353c701e54
+B+: 0x7f353c701e55 0x7f353c701e5d
+B+: 0x7f353c701e5e 0x7f353c701e62
+B+: 0x7f353c701e63 0x7f353c701e74
+B+: 0x7f353c701e78 0x7f353c701e84
+B+: 0x7f353c701ea0 0x7f353c701ea4
+B+: 0x7f353c701ef0 0x7f353c701f03
+B+: 0x7f353c701f40 0x7f353c701f76
+B+: 0x7f353c701f77 0x7f353c701f82
+B+: 0x7f353c701f83 0x7f353c701f92
+B+: 0x7f353c70201b 0x7f353c702031
+B+: 0x7f353c702032 0x7f353c702040
+B+: 0x7f353c702075 0x7f353c7020b8
+B+: 0x7f353c7020b9 0x7f353c7020c3
+B+: 0x7f353c7020c4 0x7f353c7020cc
+B+: 0x7f353c7020cd 0x7f353c7020d5
+B+: 0x7f353c7020d6 0x7f353c7020de
+B+: 0x7f353c7020df 0x7f353c702106
+B+: 0x7f353c702107 0x7f353c702133
+B+: 0x7f353c702578 0x7f353c702581
+B+: 0x7f353c702582 0x7f353c7025a8
+B+: 0x7f353c7025a9 0x7f353c7025b6
+B+: 0x7f353c7025d0 0x7f353c7025e0
+B+: 0x7f353c7025e1 0x7f353c7025ee
+B+: 0x7f353c7025ef 0x7f353c7025f3
+B+: 0x7f353c702670 0x7f353c70267e
+B+: 0x7f353c70267f 0x7f353c702683
+B+: 0x7f353c702684 0x7f353c702692
+B+: 0x7f353c702693 0x7f353c70269a
+B+: 0x7f353c70269b 0x7f353c7026a2
+B+: 0x7f353c7026a3 0x7f353c7026b7
+B+: 0x7f353c702790 0x7f353c7027bc
+B+: 0x7f353c7027bd 0x7f353c7027d4
+B+: 0x7f353c7027e0 0x7f353c70283a
+B+: 0x7f353c70283b 0x7f353c702875
+B+: 0x7f353c702876 0x7f353c702893
+B+: 0x7f353c702894 0x7f353c7028a3
+B+: 0x7f353c7028a4 0x7f353c7028b0
+B+: 0x7f353c7029b4 0x7f353c7029b8
+B+: 0x7f353c7029b9 0x7f353c7029cf
+B+: 0x7f353c7029d0 0x7f353c7029dc
+B+: 0x7f353c7029dd 0x7f353c7029ef
+B+: 0x7f353c7029f0 0x7f353c7029f7
+B+: 0x7f353c702a01 0x7f353c702a16
+B+: 0x7f353c702a28 0x7f353c702a3d
+B+: 0x7f353c702a3e 0x7f353c702a4d
+B+: 0x7f353c702a79 0x7f353c702a97
+B+: 0x7f353c702a98 0x7f353c702ac0
+B+: 0x7f353c702ac1 0x7f353c702acf
+B+: 0x7f353c703148 0x7f353c703154
+B+: 0x7f353c703155 0x7f353c703174
+B+: 0x7f353c703175 0x7f353c70317f
+B+: 0x7f353c7031ac 0x7f353c7031b0
+B+: 0x7f353c7031b1 0x7f353c7031b5
+B+: 0x7f353c703a40 0x7f353c703a64
+B+: 0x7f353c703b10 0x7f353c703b1a
+B+: 0x7f353c703b40 0x7f353c703b47
+B+: 0x7f353c703b48 0x7f353c703b51
+B+: 0x7f353c703b58 0x7f353c703b60
+B+: 0x7f353c703b61 0x7f353c703b6a
+B+: 0x7f353c703b88 0x7f353c703b8c
+B+: 0x7f353c703b8d 0x7f353c703b94
+B+: 0x7f353c703ba0 0x7f353c703ba4
+B+: 0x7f353c703d00 0x7f353c703d30
+B+: 0x7f353c703e3f 0x7f353c703e55
+B+: 0x7f353c703e56 0x7f353c703e67
+B+: 0x7f353c7041e0 0x7f353c704222
+B+: 0x7f353c704223 0x7f353c704228
+B+: 0x7f353c70424c 0x7f353c704260
+B+: 0x7f353c704261 0x7f353c704269
+B+: 0x7f353c704270 0x7f353c704279
+B+: 0x7f353c704288 0x7f353c7042a0
+B+: 0x7f353c7042a1 0x7f353c7042ba
+B+: 0x7f353c7042bb 0x7f353c7042bc
+B+: 0x7f353c7042d0 0x7f353c7042d8
+B+: 0x7f353c7042f8 0x7f353c7042f8
+B+: 0x7f353c704300 0x7f353c70430c
+B+: 0x7f353c70433f 0x7f353c704343
+B+: 0x7f353c704380 0x7f353c704384
+B+: 0x7f353c7043d0 0x7f353c7043e3
+B+: 0x7f353c704400 0x7f353c704400
+B+: 0x7f353c704420 0x7f353c70445b
+B+: 0x7f353c704467 0x7f353c704471
+B+: 0x7f353c704472 0x7f353c704489
+B+: 0x7f353c70448a 0x7f353c70448d
+B+: 0x7f353c70448e 0x7f353c704494
+B+: 0x7f353c704495 0x7f353c70449d
+B+: 0x7f353c70449e 0x7f353c7044a9
+B+: 0x7f353c7044aa 0x7f353c7044c2
+B+: 0x7f353c7044c3 0x7f353c7044ce
+B+: 0x7f353c7044cf 0x7f353c7044e5
+B+: 0x7f353c7044e6 0x7f353c7044f5
+B+: 0x7f353c704500 0x7f353c70450e
+B+: 0x7f353c70450f 0x7f353c704513
+B+: 0x7f353c704514 0x7f353c70451e
+B+: 0x7f353c704540 0x7f353c704549
+B+: 0x7f353c70454a 0x7f353c70454e
+B+: 0x7f353c70454f 0x7f353c704560
+B+: 0x7f353c704568 0x7f353c704577
+B+: 0x7f353c704580 0x7f353c704589
+B+: 0x7f353c7045a8 0x7f353c7045bb
+B+: 0x7f353c7045c0 0x7f353c7045ce
+B+: 0x7f353c7045cf 0x7f353c7045dc
+B+: 0x7f353c7046f0 0x7f353c7046fd
+B+: 0x7f353c7047a0 0x7f353c7047a0
+B+: 0x7f353c7047b0 0x7f353c7047ba
+B+: 0x7f353c7047bb 0x7f353c7047ce
+B+: 0x7f353c7047cf 0x7f353c7047d8
+B+: 0x7f353c7047d9 0x7f353c7047e6
+B+: 0x7f353c704800 0x7f353c70482d
+B+: 0x7f353c70482e 0x7f353c704831
+B+: 0x7f353c704832 0x7f353c704847
+B+: 0x7f353c704864 0x7f353c70486b
+B+: 0x7f353c70486c 0x7f353c70486f
+B+: 0x7f353c704870 0x7f353c704876
+B+: 0x7f353c704877 0x7f353c70487b
+B+: 0x7f353c70487c 0x7f353c704886
+B+: 0x7f353c704ae0 0x7f353c704b01
+B+: 0x7f353c704b02 0x7f353c704b0a
+B+: 0x7f353c704b0b 0x7f353c704b14
+B+: 0x7f353c704b15 0x7f353c704b19
+B+: 0x7f353c704c00 0x7f353c704c19
+B+: 0x7f353c704c51 0x7f353c704c8e
+B+: 0x7f353c704c8f 0x7f353c704c9e
+B+: 0x7f353c704c9f 0x7f353c704ca6
+B+: 0x7f353c704df0 0x7f353c704dfb
+B+: 0x7f353c704e20 0x7f353c704e20
+B+: 0x7f353c704e30 0x7f353c704e38
+B+: 0x7f353c706940 0x7f353c70694b
+B+: 0x7f353c70694c 0x7f353c706957
+B+: 0x7f353c706958 0x7f353c706964
+B+: 0x7f353c706965 0x7f353c706969
+B+: 0x7f353c70696a 0x7f353c70696f
+B+: 0x7f353c706970 0x7f353c706976
+B+: 0x7f353c706980 0x7f353c706987
+B+: 0x7f353c706988 0x7f353c70698c
+B+: 0x7f353c70698d 0x7f353c70699b
+B+: 0x7f353c70699c 0x7f353c7069a0
+B+: 0x7f353c7069a1 0x7f353c7069a8
+B+: 0x7f353c7069a9 0x7f353c7069ad
+B+: 0x7f353c7069ae 0x7f353c7069b8
+B+: 0x7f353c7069b9 0x7f353c7069b9
+B+: 0x7f353c7069c0 0x7f353c7069c5
+B+: 0x7f353c7069c6 0x7f353c7069c9
+B+: 0x7f353c7069d0 0x7f353c7069d0
+B+: 0x7f353c7069d1 0x7f353c7069d5
+B+: 0x7f353c7069d6 0x7f353c7069d9
+B+: 0x7f353c7069e0 0x7f353c7069ff
+B+: 0x7f353c706a00 0x7f353c706a11
+B+: 0x7f353c706a12 0x7f353c706a16
+B+: 0x7f353c706a20 0x7f353c706a22
+B+: 0x7f353c706a23 0x7f353c706a2f
+B+: 0x7f353c706a30 0x7f353c706a33
+B+: 0x7f353c706a34 0x7f353c706a5d
+B+: 0x7f353c706a5e 0x7f353c706a62
+B+: 0x7f353c706a63 0x7f353c706a82
+B+: 0x7f353c706ac0 0x7f353c706ade
+B+: 0x7f353c706adf 0x7f353c706ae3
+B+: 0x7f353c706ae4 0x7f353c706ae8
+B+: 0x7f353c706af0 0x7f353c706af2
+B+: 0x7f353c706af3 0x7f353c706aff
+B+: 0x7f353c706b00 0x7f353c706b03
+B+: 0x7f353c706b04 0x7f353c706b3e
+B+: 0x7f353c706b3f 0x7f353c706b49
+B+: 0x7f353c706b4a 0x7f353c706b57
+B+: 0x7f353c706b58 0x7f353c706b5d
+B+: 0x7f353c706b5e 0x7f353c706b66
+B+: 0x7f353c706b67 0x7f353c706b70
+B+: 0x7f353c706b71 0x7f353c706b7a
+B+: 0x7f353c706b7b 0x7f353c706b9a
+B+: 0x7f353c706b9b 0x7f353c706ba3
+B+: 0x7f353c706ba4 0x7f353c706bbd
+B+: 0x7f353c706bc0 0x7f353c706bc5
+B+: 0x7f353c706bc6 0x7f353c706bcf
+B+: 0x7f353c706bd0 0x7f353c706bd9
+B+: 0x7f353c706bda 0x7f353c706bf7
+B+: 0x7f353c706c08 0x7f353c706c14
+B+: 0x7f353c706c15 0x7f353c706c1b
+B+: 0x7f353c706c1c 0x7f353c706c29
+B+: 0x7f353c706cb0 0x7f353c706cca
+B+: 0x7f353c706ccb 0x7f353c706cda
+B+: 0x7f353c706cdb 0x7f353c706ce6
+B+: 0x7f353c706ce7 0x7f353c706cef
+B+: 0x7f353c706cf0 0x7f353c706cf4
+B+: 0x7f353c706cf5 0x7f353c706cfc
+B+: 0x7f353c706cfd 0x7f353c706d10
+B+: 0x7f353c706d11 0x7f353c706d21
+B+: 0x7f353c706d22 0x7f353c706d26
+B+: 0x7f353c706d27 0x7f353c706d38
+B+: 0x7f353c706d39 0x7f353c706d4b
+B+: 0x7f353c706d4c 0x7f353c706d54
+B+: 0x7f353c706d55 0x7f353c706d5e
+B+: 0x7f353c706d5f 0x7f353c706d6d
+B+: 0x7f353c706ea0 0x7f353c706eb6
+B+: 0x7f353c706eb7 0x7f353c706ebb
+B+: 0x7f353c706ebc 0x7f353c706ec0
+B+: 0x7f353c706ec8 0x7f353c706ecb
+B+: 0x7f353c706ecc 0x7f353c706ed9
+B+: 0x7f353c706eda 0x7f353c706edd
+B+: 0x7f353c706ede 0x7f353c706f06
+B+: 0x7f353c706f07 0x7f353c706f10
+B+: 0x7f353c706f11 0x7f353c706f16
+B+: 0x7f353c706f17 0x7f353c706f24
+B+: 0x7f353c706f25 0x7f353c706f2d
+B+: 0x7f353c707440 0x7f353c70746b
+B+: 0x7f353c70746c 0x7f353c707470
+B+: 0x7f353c707471 0x7f353c707475
+B+: 0x7f353c707536 0x7f353c70753e
+B+: 0x7f353c70753f 0x7f353c707548
+B+: 0x7f353c707549 0x7f353c707551
+B+: 0x7f353c7075d0 0x7f353c7075e4
+B+: 0x7f353c7075e5 0x7f353c707606
+B+: 0x7f353c707607 0x7f353c707610
+B+: 0x7f353c707611 0x7f353c707618
+B+: 0x7f353c707640 0x7f353c707648
+B+: 0x7f353c707649 0x7f353c707656
+B+: 0x7f353c707657 0x7f353c70765f
+B+: 0x7f353c707660 0x7f353c707661
+B+: 0x7f353c707760 0x7f353c7077aa
+B+: 0x7f353c7077ab 0x7f353c7077af
+B+: 0x7f353c7077b0 0x7f353c7077be
+B+: 0x7f353c7077c8 0x7f353c7077d3
+B+: 0x7f353c7077d4 0x7f353c7077d8
+B+: 0x7f353c7077d9 0x7f353c7077e0
+B+: 0x7f353c7077e1 0x7f353c7077e5
+B+: 0x7f353c7077e6 0x7f353c7077f3
+B+: 0x7f353c7077f4 0x7f353c7077fb
+B+: 0x7f353c707800 0x7f353c707810
+B+: 0x7f353c707811 0x7f353c707815
+B+: 0x7f353c707816 0x7f353c707832
+B+: 0x7f353c707833 0x7f353c707843
+B+: 0x7f353c707844 0x7f353c70784f
+B+: 0x7f353c707850 0x7f353c707857
+B+: 0x7f353c707858 0x7f353c70785c
+B+: 0x7f353c70785d 0x7f353c707868
+B+: 0x7f353c707869 0x7f353c70787b
+B+: 0x7f353c70787c 0x7f353c707884
+B+: 0x7f353c707888 0x7f353c707897
+B+: 0x7f353c707898 0x7f353c70789b
+B+: 0x7f353c70789c 0x7f353c7078b4
+B+: 0x7f353c7078b5 0x7f353c7078b8
+B+: 0x7f353c7078b9 0x7f353c7078c6
+B+: 0x7f353c7078c7 0x7f353c7078d5
+B+: 0x7f353c707dc0 0x7f353c707dec
+B+: 0x7f353c707ded 0x7f353c707df2
+B+: 0x7f353c707df3 0x7f353c707e04
+B+: 0x7f353c707e05 0x7f353c707e0d
+B+: 0x7f353c707e0e 0x7f353c707e1c
+CND+ 0x7f353c6f600e: taken
+CND+ 0x7f353c6f65ea: not taken
+CND+ 0x7f353c6f6626: not taken
+CND+ 0x7f353c6f663b: taken
+CND+ 0x7f353c6f6673: not taken
+CND+ 0x7f353c6f6687: not taken
+CND+ 0x7f353c6f6695: not taken
+CND+ 0x7f353c6f67e2: taken
+CND+ 0x7f353c6f6862: not taken
+CND+ 0x7f353c6f687c: both
+CND+ 0x7f353c6f68a9: not taken
+CND+ 0x7f353c6f6a5d: not taken
+CND+ 0x7f353c6f6a62: taken
+CND+ 0x7f353c6f76e6: not taken
+CND+ 0x7f353c6f7704: taken
+CND+ 0x7f353c6f771a: not taken
+CND+ 0x7f353c6f771f: taken
+CND+ 0x7f353c6f772f: taken
+CND+ 0x7f353c6f774c: not taken
+CND+ 0x7f353c6f7756: not taken
+CND+ 0x7f353c6f778f: not taken
+CND+ 0x7f353c6f779b: taken
+CND+ 0x7f353c6f8079: taken
+CND+ 0x7f353c6f811b: not taken
+CND+ 0x7f353c6f8149: not taken
+CND+ 0x7f353c6f8158: not taken
+CND+ 0x7f353c6f8190: not taken
+CND+ 0x7f353c6f81ce: taken
+CND+ 0x7f353c6f8c20: not taken
+CND+ 0x7f353c6f8c2d: taken
+CND+ 0x7f353c6f8c48: not taken
+CND+ 0x7f353c6f8c5f: both
+CND+ 0x7f353c6f8c88: not taken
+CND+ 0x7f353c6f8ed2: taken
+CND+ 0x7f353c6f8f55: not taken
+CND+ 0x7f353c6f8f7e: not taken
+CND+ 0x7f353c6f8f8a: not taken
+CND+ 0x7f353c6f8f93: both
+CND+ 0x7f353c6f8fc4: not taken
+CND+ 0x7f353c6f8fe2: both
+CND+ 0x7f353c6f8ffb: taken
+CND+ 0x7f353c6f905a: taken
+CND+ 0x7f353c6f90af: not taken
+CND+ 0x7f353c6f90b8: taken
+CND+ 0x7f353c6f90e0: taken
+CND+ 0x7f353c6f9116: not taken
+CND+ 0x7f353c6f915a: not taken
+CND+ 0x7f353c6f9163: taken
+CND+ 0x7f353c6f921b: taken
+CND+ 0x7f353c6f924a: taken
+CND+ 0x7f353c6f927c: not taken
+CND+ 0x7f353c6f936a: taken
+CND+ 0x7f353c6f9520: not taken
+CND+ 0x7f353c6f9529: not taken
+CND+ 0x7f353c6f9532: taken
+CND+ 0x7f353c6f98eb: not taken
+CND+ 0x7f353c6f9906: both
+CND+ 0x7f353c6f993d: not taken
+CND+ 0x7f353c6f9985: both
+CND+ 0x7f353c6f99f6: taken
+CND+ 0x7f353c6f9a20: both
+CND+ 0x7f353c6f9a29: not taken
+CND+ 0x7f353c6f9a33: not taken
+CND+ 0x7f353c6f9ae4: not taken
+CND+ 0x7f353c6f9afb: taken
+CND+ 0x7f353c6f9b2a: both
+CND+ 0x7f353c6f9b30: both
+CND+ 0x7f353c6f9b40: taken
+CND+ 0x7f353c6f9b60: not taken
+CND+ 0x7f353c6f9b96: not taken
+CND+ 0x7f353c6f9be5: taken
+CND+ 0x7f353c6f9da0: not taken
+CND+ 0x7f353c6f9da9: not taken
+CND+ 0x7f353c6f9dc8: both
+CND+ 0x7f353c6f9dd0: both
+CND+ 0x7f353c6f9e2e: taken
+CND+ 0x7f353c6f9e57: not taken
+CND+ 0x7f353c6f9eac: taken
+CND+ 0x7f353c6f9ed8: taken
+CND+ 0x7f353c6f9fa3: not taken
+CND+ 0x7f353c6f9fc0: taken
+CND+ 0x7f353c6fa019: not taken
+CND+ 0x7f353c6fa065: not taken
+CND+ 0x7f353c6fa06f: not taken
+CND+ 0x7f353c6fa089: both
+CND+ 0x7f353c6fa09d: not taken
+CND+ 0x7f353c6fa0ab: taken
+CND+ 0x7f353c6fa14c: not taken
+CND+ 0x7f353c6fa156: taken
+CND+ 0x7f353c6fa1cc: taken
+CND+ 0x7f353c6fa1ee: taken
+CND+ 0x7f353c6fa811: both
+CND+ 0x7f353c6fa81b: not taken
+CND+ 0x7f353c6fa81f: not taken
+CND+ 0x7f353c6fa839: taken
+CND+ 0x7f353c6fa859: taken
+CND+ 0x7f353c6fa861: taken
+CND+ 0x7f353c6fb45f: taken
+CND+ 0x7f353c6fb626: not taken
+CND+ 0x7f353c6fb6ca: taken
+CND+ 0x7f353c6fb762: taken
+CND+ 0x7f353c6fc2a4: taken
+CND+ 0x7f353c6fc2bd: not taken
+CND+ 0x7f353c6fc2cd: not taken
+CND+ 0x7f353c6fc30f: taken
+CND+ 0x7f353c6fc327: taken
+CND+ 0x7f353c6fc33a: not taken
+CND+ 0x7f353c6fc343: taken
+CND+ 0x7f353c6fc381: not taken
+CND+ 0x7f353c6fc3d6: taken
+CND+ 0x7f353c6fc3e7: taken
+CND+ 0x7f353c6fc895: not taken
+CND+ 0x7f353c6fc8a8: not taken
+CND+ 0x7f353c6fc8d2: not taken
+CND+ 0x7f353c6fc907: not taken
+CND+ 0x7f353c6fc942: taken
+CND+ 0x7f353c6fc953: not taken
+CND+ 0x7f353c6fc963: taken
+CND+ 0x7f353c6fca7b: not taken
+CND+ 0x7f353c6fcdbc: both
+CND+ 0x7f353c6fcdc9: both
+CND+ 0x7f353c6fce03: not taken
+CND+ 0x7f353c6fce0d: not taken
+CND+ 0x7f353c6fce18: taken
+CND+ 0x7f353c6fd1a1: not taken
+CND+ 0x7f353c6fd1ab: not taken
+CND+ 0x7f353c6fd1e4: taken
+CND+ 0x7f353c6fd1f2: taken
+CND+ 0x7f353c6fd20a: not taken
+CND+ 0x7f353c6fd225: not taken
+CND+ 0x7f353c6fd22f: not taken
+CND+ 0x7f353c6fd247: taken
+CND+ 0x7f353c6fd533: taken
+CND+ 0x7f353c6fd582: taken
+CND+ 0x7f353c6fd655: taken
+CND+ 0x7f353c6fd698: taken
+CND+ 0x7f353c6fd703: not taken
+CND+ 0x7f353c6fd70c: taken
+CND+ 0x7f353c6fd725: not taken
+CND+ 0x7f353c6fd742: not taken
+CND+ 0x7f353c6fd75a: not taken
+CND+ 0x7f353c6fd765: not taken
+CND+ 0x7f353c6fd792: not taken
+CND+ 0x7f353c6fd797: taken
+CND+ 0x7f353c6fd7a9: taken
+CND+ 0x7f353c6fd7ad: not taken
+CND+ 0x7f353c6fd7bc: taken
+CND+ 0x7f353c6fd7ce: taken
+CND+ 0x7f353c6fd848: taken
+CND+ 0x7f353c6fd889: not taken
+CND+ 0x7f353c6fd89b: not taken
+CND+ 0x7f353c6fd8a8: taken
+CND+ 0x7f353c6fdc2f: not taken
+CND+ 0x7f353c6fdc57: taken
+CND+ 0x7f353c6fdc65: not taken
+CND+ 0x7f353c6fdc6e: taken
+CND+ 0x7f353c6fdc86: not taken
+CND+ 0x7f353c6fdcae: taken
+CND+ 0x7f353c6fe366: taken
+CND+ 0x7f353c6fe9d6: taken
+CND+ 0x7f353c6fea31: not taken
+CND+ 0x7f353c6fea51: taken
+CND+ 0x7f353c6feaad: not taken
+CND+ 0x7f353c6feab5: taken
+CND+ 0x7f353c6feb00: taken
+CND+ 0x7f353c6feb5a: not taken
+CND+ 0x7f353c6feb62: not taken
+CND+ 0x7f353c6feb6b: not taken
+CND+ 0x7f353c6feb75: not taken
+CND+ 0x7f353c6feb7f: taken
+CND+ 0x7f353c6feb9b: taken
+CND+ 0x7f353c6fec3c: taken
+CND+ 0x7f353c6feed9: not taken
+CND+ 0x7f353c6feee6: not taken
+CND+ 0x7f353c6fef01: not taken
+CND+ 0x7f353c6fef1a: not taken
+CND+ 0x7f353c6fef20: not taken
+CND+ 0x7f353c6fef26: taken
+CND+ 0x7f353c6ff76c: not taken
+CND+ 0x7f353c6ff78c: not taken
+CND+ 0x7f353c6ff7d8: both
+CND+ 0x7f353c6ff7e1: taken
+CND+ 0x7f353c6ff806: not taken
+CND+ 0x7f353c6ff840: not taken
+CND+ 0x7f353c6ff84a: not taken
+CND+ 0x7f353c6ff965: both
+CND+ 0x7f353c6ff989: not taken
+CND+ 0x7f353c6ff9b2: not taken
+CND+ 0x7f353c6ff9bc: not taken
+CND+ 0x7f353c6ff9e3: not taken
+CND+ 0x7f353c6ffa13: taken
+CND+ 0x7f353c6ffafd: not taken
+CND+ 0x7f353c6ffb1a: not taken
+CND+ 0x7f353c6ffb61: taken
+CND+ 0x7f353c700711: not taken
+CND+ 0x7f353c70071d: not taken
+CND+ 0x7f353c700722: not taken
+CND+ 0x7f353c700748: not taken
+CND+ 0x7f353c70074c: not taken
+CND+ 0x7f353c70075f: not taken
+CND+ 0x7f353c7007a4: not taken
+CND+ 0x7f353c7008f3: both
+CND+ 0x7f353c70090f: both
+CND+ 0x7f353c700911: not taken
+CND+ 0x7f353c70091a: taken
+CND+ 0x7f353c700a92: not taken
+CND+ 0x7f353c700aba: not taken
+CND+ 0x7f353c700ad5: both
+CND+ 0x7f353c700ade: taken
+CND+ 0x7f353c700af7: not taken
+CND+ 0x7f353c700b01: not taken
+CND+ 0x7f353c700b05: not taken
+CND+ 0x7f353c700b19: taken
+CND+ 0x7f353c700c50: not taken
+CND+ 0x7f353c700c62: taken
+CND+ 0x7f353c700db1: not taken
+CND+ 0x7f353c700dea: both
+CND+ 0x7f353c700e13: not taken
+CND+ 0x7f353c700e20: taken
+CND+ 0x7f353c700e2d: not taken
+CND+ 0x7f353c700e43: not taken
+CND+ 0x7f353c700e4f: both
+CND+ 0x7f353c700e58: not taken
+CND+ 0x7f353c700e72: taken
+CND+ 0x7f353c700ee7: taken
+CND+ 0x7f353c70175d: both
+CND+ 0x7f353c70176f: not taken
+CND+ 0x7f353c701782: both
+CND+ 0x7f353c701787: both
+CND+ 0x7f353c701795: both
+CND+ 0x7f353c7018b1: not taken
+CND+ 0x7f353c7018dc: not taken
+CND+ 0x7f353c7018ea: not taken
+CND+ 0x7f353c7018ec: both
+CND+ 0x7f353c7018f5: not taken
+CND+ 0x7f353c7018fb: taken
+CND+ 0x7f353c701943: not taken
+CND+ 0x7f353c70194c: taken
+CND+ 0x7f353c701983: not taken
+CND+ 0x7f353c701989: both
+CND+ 0x7f353c701990: not taken
+CND+ 0x7f353c7019ab: taken
+CND+ 0x7f353c701a0b: taken
+CND+ 0x7f353c701b10: both
+CND+ 0x7f353c701b1c: not taken
+CND+ 0x7f353c701b21: both
+CND+ 0x7f353c701b2f: not taken
+CND+ 0x7f353c701b37: both
+CND+ 0x7f353c701b44: both
+CND+ 0x7f353c701b5e: taken
+CND+ 0x7f353c701b92: both
+CND+ 0x7f353c701b9b: taken
+CND+ 0x7f353c701bfb: taken
+CND+ 0x7f353c701d68: both
+CND+ 0x7f353c701d71: taken
+CND+ 0x7f353c701d8b: not taken
+CND+ 0x7f353c701da3: taken
+CND+ 0x7f353c701ddd: taken
+CND+ 0x7f353c701e02: not taken
+CND+ 0x7f353c701e0b: taken
+CND+ 0x7f353c701e2f: not taken
+CND+ 0x7f353c701e35: taken
+CND+ 0x7f353c701e4f: not taken
+CND+ 0x7f353c701e58: both
+CND+ 0x7f353c701f7d: not taken
+CND+ 0x7f353c70202c: not taken
+CND+ 0x7f353c7020c7: not taken
+CND+ 0x7f353c7020d0: both
+CND+ 0x7f353c7020d9: not taken
+CND+ 0x7f353c7025a7: both
+CND+ 0x7f353c7025ed: not taken
+CND+ 0x7f353c7025f2: taken
+CND+ 0x7f353c702682: not taken
+CND+ 0x7f353c7026a1: not taken
+CND+ 0x7f353c7027bb: not taken
+CND+ 0x7f353c702835: not taken
+CND+ 0x7f353c702870: not taken
+CND+ 0x7f353c70288e: not taken
+CND+ 0x7f353c70289e: not taken
+CND+ 0x7f353c7029ca: both
+CND+ 0x7f353c7029ea: taken
+CND+ 0x7f353c7029f6: taken
+CND+ 0x7f353c702a15: taken
+CND+ 0x7f353c702a38: not taken
+CND+ 0x7f353c702a48: taken
+CND+ 0x7f353c702abb: not taken
+CND+ 0x7f353c70314f: not taken
+CND+ 0x7f353c70316f: not taken
+CND+ 0x7f353c70317e: taken
+CND+ 0x7f353c703a5f: taken
+CND+ 0x7f353c703b46: not taken
+CND+ 0x7f353c703b50: taken
+CND+ 0x7f353c703b69: taken
+CND+ 0x7f353c703b93: taken
+CND+ 0x7f353c703d2b: taken
+CND+ 0x7f353c703e50: not taken
+CND+ 0x7f353c704227: taken
+CND+ 0x7f353c70425f: not taken
+CND+ 0x7f353c704278: taken
+CND+ 0x7f353c7042b9: not taken
+CND+ 0x7f353c7042d7: taken
+CND+ 0x7f353c70430b: taken
+CND+ 0x7f353c704383: taken
+CND+ 0x7f353c7043e2: taken
+CND+ 0x7f353c704456: taken
+CND+ 0x7f353c704488: both
+CND+ 0x7f353c70448c: not taken
+CND+ 0x7f353c704493: not taken
+CND+ 0x7f353c704498: both
+CND+ 0x7f353c7044e0: not taken
+CND+ 0x7f353c704512: not taken
+CND+ 0x7f353c704519: taken
+CND+ 0x7f353c704548: not taken
+CND+ 0x7f353c70454d: not taken
+CND+ 0x7f353c7045c9: not taken
+CND+ 0x7f353c7045d7: taken
+CND+ 0x7f353c7046f8: taken
+CND+ 0x7f353c7047b9: not taken
+CND+ 0x7f353c704830: not taken
+CND+ 0x7f353c704846: taken
+CND+ 0x7f353c70486e: not taken
+CND+ 0x7f353c704b09: not taken
+CND+ 0x7f353c704b13: not taken
+CND+ 0x7f353c704c18: taken
+CND+ 0x7f353c704c9d: not taken
+CND+ 0x7f353c704dfa: taken
+CND+ 0x7f353c706946: both
+CND+ 0x7f353c706963: both
+CND+ 0x7f353c706968: not taken
+CND+ 0x7f353c70696e: not taken
+CND+ 0x7f353c706986: not taken
+CND+ 0x7f353c70698b: both
+CND+ 0x7f353c70699a: both
+CND+ 0x7f353c70699f: both
+CND+ 0x7f353c7069ac: both
+CND+ 0x7f353c7069b7: both
+CND+ 0x7f353c7069c4: not taken
+CND+ 0x7f353c706a10: not taken
+CND+ 0x7f353c706a15: taken
+CND+ 0x7f353c706a2e: both
+CND+ 0x7f353c706a32: both
+CND+ 0x7f353c706a5c: both
+CND+ 0x7f353c706add: not taken
+CND+ 0x7f353c706ae2: not taken
+CND+ 0x7f353c706afe: not taken
+CND+ 0x7f353c706b02: both
+CND+ 0x7f353c706b48: both
+CND+ 0x7f353c706b52: not taken
+CND+ 0x7f353c706b5c: not taken
+CND+ 0x7f353c706b65: both
+CND+ 0x7f353c706b6b: taken
+CND+ 0x7f353c706b75: not taken
+CND+ 0x7f353c706b95: not taken
+CND+ 0x7f353c706ba2: not taken
+CND+ 0x7f353c706bc4: not taken
+CND+ 0x7f353c706bce: not taken
+CND+ 0x7f353c706bf6: taken
+CND+ 0x7f353c706c24: taken
+CND+ 0x7f353c706ce1: not taken
+CND+ 0x7f353c706cea: not taken
+CND+ 0x7f353c706cf3: not taken
+CND+ 0x7f353c706d25: not taken
+CND+ 0x7f353c706d53: not taken
+CND+ 0x7f353c706d5d: not taken
+CND+ 0x7f353c706eb5: not taken
+CND+ 0x7f353c706eba: not taken
+CND+ 0x7f353c706ed8: both
+CND+ 0x7f353c706edc: taken
+CND+ 0x7f353c706f0f: not taken
+CND+ 0x7f353c706f15: not taken
+CND+ 0x7f353c70746f: not taken
+CND+ 0x7f353c70753d: not taken
+CND+ 0x7f353c707547: not taken
+CND+ 0x7f353c707605: not taken
+CND+ 0x7f353c70760f: not taken
+CND+ 0x7f353c707647: not taken
+CND+ 0x7f353c70765e: not taken
+CND+ 0x7f353c7077bd: taken
+CND+ 0x7f353c7077d2: taken
+CND+ 0x7f353c7077df: not taken
+CND+ 0x7f353c7077e4: both
+CND+ 0x7f353c7077fa: taken
+CND+ 0x7f353c707856: not taken
+CND+ 0x7f353c70785b: taken
+CND+ 0x7f353c70787a: not taken
+CND+ 0x7f353c70789a: not taken
+CND+ 0x7f353c7078b7: not taken
+CND+ 0x7f353c7078c5: not taken
+CND+ 0x7f353c7078d4: taken
+CND+ 0x7f353c707df1: not taken
+CND+ 0x7f353c707e0c: not taken
@0x7f353c6f6784 to 0x7f35401cefb0 1
@0x7f353c707e01 to 0x7f353c6f6840 1
@0x7f353c70455f to 0x7f353c704580 1
@0x7f353c70455f to 0x7f353c7045c0 1
@0x7f353c70455f to 0x7f353c7045a8 2
@0x7f353c7028af to 0x7f353c702a01 183
@0x7f353c7028af to 0x7f353c7029f0 10
@0x7f353c7028af to 0x7f353c702a28 1
@0x7f353c706c19 to 0x7f353c6fa7d0 1
@0x7f353c706c19 to 0x7f353c701120 1
@0x7f353c6f6050 to 0x7f354022fa30 4
@0x7f353c6f6080 to 0x7f35401cf330 2
@0x7f353c6f6090 to 0x7f3540271710 1
@0x7f353c6f60a0 to 0x7f3540247e70 5
@0x7f353c6f60d0 to 0x7f35401e2a20 7
@0x7f353c6f60f0 to 0x7f3540306800 4
@0x7f353c6f6130 to 0x7f35402721e0 1
@0x7f353c6f6140 to 0x7f35401e6c10 1
@0x7f353c6f6150 to 0x7f3540294800 4
@0x7f353c6f6160 to 0x7f3540271230 1
@0x7f353c6f6190 to 0x7f3540306bc0 8
@0x7f353c6f61c0 to 0x7f3540272200 1
@0x7f353c6f61e0 to 0x7f35403065d0 1
@0x7f353c6f6220 to 0x7f3540272210 2
@0x7f353c6f6230 to 0x7f3540295b10 1
@0x7f353c6f816e to 0x7f353c6f81c0 1
@0x7f353c6f6280 to 0x7f3540301d10 11
@0x7f353c6f62a0 to 0x7f35401e2450 4
@0x7f353c6f81ac to 0x7f353c6f8e90 1
@0x7f353c6f62d0 to 0x7f3540302100 9
@0x7f353c6f6320 to 0x7f35401e30f0 4
@0x7f353c6f6330 to 0x7f3540307100 6
@0x7f353c6f6350 to 0x7f3540272220 1
@0x7f353c6f6370 to 0x7f3540294800 2
@0x7f353c6f6390 to 0x7f354022f3e0 23
@0x7f353c6f63b0 to 0x7f3540272230 1
@0x7f353c6f63c0 to 0x7f3540301e90 22
@0x7f353c6f63e0 to 0x7f35402b2ba0 1
@0x7f353c6f6410 to 0x7f354022fc80 1
@0x7f353c6f6460 to 0x7f35403070e0 13
@0x7f353c6f6510 to 0x7f35402721f0 1
@0x7f353c6f6560 to 0x7f35402714e0 1
@0x7f353c6f6570 to 0x7f35401db580 191
@0x7f353c701f91 to 0x7f353c702075 1
