MODULE_NAME: /usr/bin/gs
MODULE_START: 0x7f5939597000
+B+: 0x7f5939598000 0x7f593959800f
+B+: 0x7f5939598012 0x7f5939598016
+B+: 0x7f5939598020 0x7f593959802b
+B+: 0x7f5939598030 0x7f5939598035
+B+: 0x7f5939598036 0x7f593959803f
+B+: 0x7f5939598040 0x7f5939598045
+B+: 0x7f5939598046 0x7f593959804f
+B+: 0x7f5939598050 0x7f5939598055
+B+: 0x7f5939598056 0x7f593959805f
+B+: 0x7f5939598090 0x7f5939598095
+B+: 0x7f5939598096 0x7f593959809f
+B+: 0x7f59395980b0 0x7f59395980b5
+B+: 0x7f59395980b6 0x7f59395980bf
+B+: 0x7f59395980c0 0x7f59395980c5
+B+: 0x7f59395980c6 0x7f59395980cf
+B+: 0x7f59395980d0 0x7f59395980d5
+B+: 0x7f59395980d6 0x7f59395980df
+B+: 0x7f59395980e0 0x7f59395980e5
+B+: 0x7f59395980f0 0x7f5939598121
+B+: 0x7f5939598122 0x7f5939598127
+B+: 0x7f5939598128 0x7f5939598130
+B+: 0x7f5939598131 0x7f5939598132
+B+: 0x7f5939598133 0x7f5939598137
+B+: 0x7f5939598138 0x7f5939598152
+B+: 0x7f5939598153 0x7f593959815b
+B+: 0x7f5939598184 0x7f59395981a2
+B+: 0x7f59395981a3 0x7f59395981b1
+B+: 0x7f59395981b2 0x7f59395981b7
+B+: 0x7f59395981b8 0x7f59395981c1
+B+: 0x7f59395981c2 0x7f59395981c5
+B+: 0x7f59395981c6 0x7f59395981ca
+B+: 0x7f59395981cb 0x7f59395981d6
+B+: 0x7f59395981d7 0x7f59395981db
+B+: 0x7f5939598220 0x7f5939598249
+B+: 0x7f5939598250 0x7f5939598262
+B+: 0x7f5939598278 0x7f5939598278
+B+: 0x7f5939598280 0x7f59395982a3
+B+: 0x7f59395982b8 0x7f59395982b8
+B+: 0x7f59395982c0 0x7f59395982c8
+B+: 0x7f59395982c9 0x7f59395982d6
+B+: 0x7f59395982d7 0x7f59395982e2
+B+: 0x7f59395982e3 0x7f59395982e7
+B+: 0x7f59395982e8 0x7f59395982f0
+B+: 0x7f5939598300 0x7f5939598304
+B+: 0x7f5939598350 0x7f5939598373
+B+: 0x7f5939598374 0x7f593959837c
+B+: 0x7f593959837d 0x7f5939598385
+B+: 0x7f59395983c0 0x7f59395983ec
+B+: 0x7f59395983ed 0x7f59395983f2
+B+: 0x7f59395983f3 0x7f5939598404
+B+: 0x7f5939598405 0x7f593959840d
+B+: 0x7f593959840e 0x7f593959841c
+B+: 0x7f5939598424 0x7f593959842c
+CND+ 0x7f593959800e: taken
+CND+ 0x7f5939598126: taken
+CND+ 0x7f593959812b: not taken
+CND+ 0x7f5939598131: not taken
+CND+ 0x7f5939598136: not taken
+CND+ 0x7f593959814d: not taken
+CND+ 0x7f59395981b6: not taken
+CND+ 0x7f59395981c4: not taken
+CND+ 0x7f59395981c9: not taken
+CND+ 0x7f5939598261: taken
+CND+ 0x7f59395982a2: taken
+CND+ 0x7f59395982c7: not taken
+CND+ 0x7f59395982d5: not taken
+CND+ 0x7f59395983f1: not taken
+CND+ 0x7f593959840c: not taken
@0x7f5939598026 to 0x7f593d587500 7
@0x7f5939598030 to 0x7f5939598036 1
@0x7f5939598040 to 0x7f5939598046 1
@0x7f5939598050 to 0x7f5939598056 1
@0x7f5939598090 to 0x7f5939598096 1
@0x7f59395980b0 to 0x7f59395980b6 1
@0x7f59395980c0 to 0x7f59395980c6 1
@0x7f59395980d0 to 0x7f59395980d6 1
@0x7f59395980e0 to 0x7f593c0ed1c0 1
@0x7f5939598244 to 0x7f593c0d6fb0 1
@0x7f5939598401 to 0x7f5939598300 1
