MODULE_NAME: /usr/bin/gs
MODULE_START: 0x7ff7ab83f000
+B+: 0x7ff7ab840000 0x7ff7ab84000f
+B+: 0x7ff7ab840012 0x7ff7ab840016
+B+: 0x7ff7ab840020 0x7ff7ab84002b
+B+: 0x7ff7ab840030 0x7ff7ab840035
+B+: 0x7ff7ab840036 0x7ff7ab84003f
+B+: 0x7ff7ab840040 0x7ff7ab840045
+B+: 0x7ff7ab840046 0x7ff7ab84004f
+B+: 0x7ff7ab840050 0x7ff7ab840055
+B+: 0x7ff7ab840056 0x7ff7ab84005f
+B+: 0x7ff7ab8400b0 0x7ff7ab8400b5
+B+: 0x7ff7ab8400b6 0x7ff7ab8400bf
+B+: 0x7ff7ab8400c0 0x7ff7ab8400c5
+B+: 0x7ff7ab8400c6 0x7ff7ab8400cf
+B+: 0x7ff7ab8400e0 0x7ff7ab8400e5
+B+: 0x7ff7ab8400f0 0x7ff7ab840121
+B+: 0x7ff7ab840122 0x7ff7ab840127
+B+: 0x7ff7ab840128 0x7ff7ab840130
+B+: 0x7ff7ab840131 0x7ff7ab840132
+B+: 0x7ff7ab840133 0x7ff7ab840137
+B+: 0x7ff7ab84013d 0x7ff7ab840152
+B+: 0x7ff7ab840153 0x7ff7ab84015b
+B+: 0x7ff7ab840178 0x7ff7ab840183
+B+: 0x7ff7ab840184 0x7ff7ab8401a2
+B+: 0x7ff7ab8401a3 0x7ff7ab8401b1
+B+: 0x7ff7ab8401b2 0x7ff7ab8401b7
+B+: 0x7ff7ab8401b8 0x7ff7ab8401c1
+B+: 0x7ff7ab8401c2 0x7ff7ab8401c5
+B+: 0x7ff7ab8401c6 0x7ff7ab8401ca
+B+: 0x7ff7ab8401cb 0x7ff7ab8401d6
+B+: 0x7ff7ab8401d7 0x7ff7ab8401db
+B+: 0x7ff7ab8401dc 0x7ff7ab8401e0
+B+: 0x7ff7ab840213 0x7ff7ab840216
+B+: 0x7ff7ab840220 0x7ff7ab840249
+B+: 0x7ff7ab840250 0x7ff7ab840262
+B+: 0x7ff7ab840278 0x7ff7ab840278
+B+: 0x7ff7ab840280 0x7ff7ab8402a3
+B+: 0x7ff7ab8402b8 0x7ff7ab8402b8
+B+: 0x7ff7ab8402c0 0x7ff7ab8402c8
+B+: 0x7ff7ab8402c9 0x7ff7ab8402d6
+B+: 0x7ff7ab8402d7 0x7ff7ab8402e2
+B+: 0x7ff7ab8402e3 0x7ff7ab8402e7
+B+: 0x7ff7ab8402e8 0x7ff7ab8402f0
+B+: 0x7ff7ab840300 0x7ff7ab840304
+B+: 0x7ff7ab8403c0 0x7ff7ab8403ec
+B+: 0x7ff7ab8403ed 0x7ff7ab8403f2
+B+: 0x7ff7ab8403f3 0x7ff7ab840404
+B+: 0x7ff7ab840405 0x7ff7ab84040d
+B+: 0x7ff7ab84040e 0x7ff7ab84041c
+B+: 0x7ff7ab840424 0x7ff7ab84042c
+CND+ 0x7ff7ab84000e: taken
+CND+ 0x7ff7ab840126: taken
+CND+ 0x7ff7ab84012b: not taken
+CND+ 0x7ff7ab840131: not taken
+CND+ 0x7ff7ab840136: taken
+CND+ 0x7ff7ab84014d: not taken
+CND+ 0x7ff7ab8401b6: not taken
+CND+ 0x7ff7ab8401c4: not taken
+CND+ 0x7ff7ab8401c9: taken
+CND+ 0x7ff7ab8401df: taken
+CND+ 0x7ff7ab840261: taken
+CND+ 0x7ff7ab8402a2: taken
+CND+ 0x7ff7ab8402c7: not taken
+CND+ 0x7ff7ab8402d5: not taken
+CND+ 0x7ff7ab8403f1: not taken
+CND+ 0x7ff7ab84040c: not taken
@0x7ff7ab840026 to 0x7ff7af82f500 5
@0x7ff7ab840030 to 0x7ff7ab840036 1
@0x7ff7ab840040 to 0x7ff7ab840046 1
@0x7ff7ab840050 to 0x7ff7ab840056 1
@0x7ff7ab8400b0 to 0x7ff7ab8400b6 1
@0x7ff7ab8400c0 to 0x7ff7ab8400c6 1
@0x7ff7ab8400e0 to 0x7ff7ae3951c0 1
@0x7ff7ab840244 to 0x7ff7ae37efb0 1
@0x7ff7ab840401 to 0x7ff7ab840300 1
