MODULE_NAME: /usr/bin/gs
MODULE_START: 0x7f2290da7000
+B+: 0x7f2290da8000 0x7f2290da800f
+B+: 0x7f2290da8012 0x7f2290da8016
+B+: 0x7f2290da8020 0x7f2290da802b
+B+: 0x7f2290da8030 0x7f2290da8035
+B+: 0x7f2290da8036 0x7f2290da803f
+B+: 0x7f2290da8040 0x7f2290da8045
+B+: 0x7f2290da8046 0x7f2290da804f
+B+: 0x7f2290da8050 0x7f2290da8055
+B+: 0x7f2290da8056 0x7f2290da805f
+B+: 0x7f2290da8090 0x7f2290da8095
+B+: 0x7f2290da8096 0x7f2290da809f
+B+: 0x7f2290da80b0 0x7f2290da80b5
+B+: 0x7f2290da80b6 0x7f2290da80bf
+B+: 0x7f2290da80c0 0x7f2290da80c5
+B+: 0x7f2290da80c6 0x7f2290da80cf
+B+: 0x7f2290da80d0 0x7f2290da80d5
+B+: 0x7f2290da80d6 0x7f2290da80df
+B+: 0x7f2290da80e0 0x7f2290da80e5
+B+: 0x7f2290da80f0 0x7f2290da8121
+B+: 0x7f2290da8122 0x7f2290da8127
+B+: 0x7f2290da8128 0x7f2290da8130
+B+: 0x7f2290da8131 0x7f2290da8132
+B+: 0x7f2290da8133 0x7f2290da8137
+B+: 0x7f2290da8138 0x7f2290da8152
+B+: 0x7f2290da8153 0x7f2290da815b
+B+: 0x7f2290da8184 0x7f2290da81a2
+B+: 0x7f2290da81a3 0x7f2290da81b1
+B+: 0x7f2290da81b2 0x7f2290da81b7
+B+: 0x7f2290da81b8 0x7f2290da81c1
+B+: 0x7f2290da81c2 0x7f2290da81c5
+B+: 0x7f2290da81c6 0x7f2290da81ca
+B+: 0x7f2290da81cb 0x7f2290da81d6
+B+: 0x7f2290da81d7 0x7f2290da81db
+B+: 0x7f2290da8220 0x7f2290da8249
+B+: 0x7f2290da8250 0x7f2290da8262
+B+: 0x7f2290da8278 0x7f2290da8278
+B+: 0x7f2290da8280 0x7f2290da82a3
+B+: 0x7f2290da82b8 0x7f2290da82b8
+B+: 0x7f2290da82c0 0x7f2290da82c8
+B+: 0x7f2290da82c9 0x7f2290da82d6
+B+: 0x7f2290da82d7 0x7f2290da82e2
+B+: 0x7f2290da82e3 0x7f2290da82e7
+B+: 0x7f2290da82e8 0x7f2290da82f0
+B+: 0x7f2290da8300 0x7f2290da8304
+B+: 0x7f2290da8350 0x7f2290da8373
+B+: 0x7f2290da8374 0x7f2290da837c
+B+: 0x7f2290da837d 0x7f2290da8385
+B+: 0x7f2290da83c0 0x7f2290da83ec
+B+: 0x7f2290da83ed 0x7f2290da83f2
+B+: 0x7f2290da83f3 0x7f2290da8404
+B+: 0x7f2290da8405 0x7f2290da840d
+B+: 0x7f2290da840e 0x7f2290da841c
+B+: 0x7f2290da8424 0x7f2290da842c
+CND+ 0x7f2290da800e: taken
+CND+ 0x7f2290da8126: taken
+CND+ 0x7f2290da812b: not taken
+CND+ 0x7f2290da8131: not taken
+CND+ 0x7f2290da8136: not taken
+CND+ 0x7f2290da814d: not taken
+CND+ 0x7f2290da81b6: not taken
+CND+ 0x7f2290da81c4: not taken
+CND+ 0x7f2290da81c9: not taken
+CND+ 0x7f2290da8261: taken
+CND+ 0x7f2290da82a2: taken
+CND+ 0x7f2290da82c7: not taken
+CND+ 0x7f2290da82d5: not taken
+CND+ 0x7f2290da83f1: not taken
+CND+ 0x7f2290da840c: not taken
@0x7f2290da8026 to 0x7f2294d97500 7
@0x7f2290da8030 to 0x7f2290da8036 1
@0x7f2290da8040 to 0x7f2290da8046 1
@0x7f2290da8050 to 0x7f2290da8056 1
@0x7f2290da8090 to 0x7f2290da8096 1
@0x7f2290da80b0 to 0x7f2290da80b6 1
@0x7f2290da80c0 to 0x7f2290da80c6 1
@0x7f2290da80d0 to 0x7f2290da80d6 1
@0x7f2290da80e0 to 0x7f22938fd1c0 1
@0x7f2290da8244 to 0x7f22938e6fb0 1
@0x7f2290da8401 to 0x7f2290da8300 1
