MODULE_NAME: /bin/dash
MODULE_START: 0x7fb80b9ae000
+B+: 0x7fb80b9b2000 0x7fb80b9b200f
+B+: 0x7fb80b9b2012 0x7fb80b9b2016
+B+: 0x7fb80b9b2050 0x7fb80b9b2055
+B+: 0x7fb80b9b2080 0x7fb80b9b2085
+B+: 0x7fb80b9b2090 0x7fb80b9b2095
+B+: 0x7fb80b9b20a0 0x7fb80b9b20a5
+B+: 0x7fb80b9b20d0 0x7fb80b9b20d5
+B+: 0x7fb80b9b20f0 0x7fb80b9b20f5
+B+: 0x7fb80b9b2130 0x7fb80b9b2135
+B+: 0x7fb80b9b2140 0x7fb80b9b2145
+B+: 0x7fb80b9b2150 0x7fb80b9b2155
+B+: 0x7fb80b9b2160 0x7fb80b9b2165
+B+: 0x7fb80b9b2190 0x7fb80b9b2195
+B+: 0x7fb80b9b21c0 0x7fb80b9b21c5
+B+: 0x7fb80b9b21e0 0x7fb80b9b21e5
+B+: 0x7fb80b9b2220 0x7fb80b9b2225
+B+: 0x7fb80b9b2230 0x7fb80b9b2235
+B+: 0x7fb80b9b2280 0x7fb80b9b2285
+B+: 0x7fb80b9b22a0 0x7fb80b9b22a5
+B+: 0x7fb80b9b22d0 0x7fb80b9b22d5
+B+: 0x7fb80b9b2320 0x7fb80b9b2325
+B+: 0x7fb80b9b2330 0x7fb80b9b2335
+B+: 0x7fb80b9b2350 0x7fb80b9b2355
+B+: 0x7fb80b9b2370 0x7fb80b9b2375
+B+: 0x7fb80b9b2390 0x7fb80b9b2395
+B+: 0x7fb80b9b23b0 0x7fb80b9b23b5
+B+: 0x7fb80b9b23c0 0x7fb80b9b23c5
+B+: 0x7fb80b9b23e0 0x7fb80b9b23e5
+B+: 0x7fb80b9b2410 0x7fb80b9b2415
+B+: 0x7fb80b9b2460 0x7fb80b9b2465
+B+: 0x7fb80b9b2510 0x7fb80b9b2515
+B+: 0x7fb80b9b2560 0x7fb80b9b2565
+B+: 0x7fb80b9b2570 0x7fb80b9b2575
+B+: 0x7fb80b9b2590 0x7fb80b9b25b8
+B+: 0x7fb80b9b25b9 0x7fb80b9b25c4
+B+: 0x7fb80b9b25c5 0x7fb80b9b25cf
+B+: 0x7fb80b9b25d0 0x7fb80b9b25e7
+B+: 0x7fb80b9b25e8 0x7fb80b9b25ef
+B+: 0x7fb80b9b25f0 0x7fb80b9b2600
+B+: 0x7fb80b9b2601 0x7fb80b9b260b
+B+: 0x7fb80b9b260c 0x7fb80b9b2615
+B+: 0x7fb80b9b2616 0x7fb80b9b2623
+B+: 0x7fb80b9b2624 0x7fb80b9b262b
+B+: 0x7fb80b9b262c 0x7fb80b9b263c
+B+: 0x7fb80b9b2657 0x7fb80b9b2660
+B+: 0x7fb80b9b2661 0x7fb80b9b2678
+B+: 0x7fb80b9b2679 0x7fb80b9b267f
+B+: 0x7fb80b9b2680 0x7fb80b9b268c
+B+: 0x7fb80b9b268d 0x7fb80b9b2696
+B+: 0x7fb80b9b2697 0x7fb80b9b269b
+B+: 0x7fb80b9b2760 0x7fb80b9b2789
+B+: 0x7fb80b9b27c0 0x7fb80b9b27e3
+B+: 0x7fb80b9b27f8 0x7fb80b9b27f8
+B+: 0x7fb80b9b2840 0x7fb80b9b2844
+B+: 0x7fb80b9b2850 0x7fb80b9b2863
+B+: 0x7fb80b9b2864 0x7fb80b9b286f
+B+: 0x7fb80b9b2870 0x7fb80b9b287d
+B+: 0x7fb80b9b287e 0x7fb80b9b28aa
+B+: 0x7fb80b9b28ab 0x7fb80b9b28ac
+B+: 0x7fb80b9b28cb 0x7fb80b9b28d2
+B+: 0x7fb80b9b2a50 0x7fb80b9b2a57
+B+: 0x7fb80b9b2a58 0x7fb80b9b2a5e
+B+: 0x7fb80b9b2a5f 0x7fb80b9b2a63
+B+: 0x7fb80b9b2a71 0x7fb80b9b2a72
+B+: 0x7fb80b9b36d0 0x7fb80b9b36eb
+B+: 0x7fb80b9b36ec 0x7fb80b9b3705
+B+: 0x7fb80b9b3717 0x7fb80b9b371b
+B+: 0x7fb80b9b371c 0x7fb80b9b3720
+B+: 0x7fb80b9b372c 0x7fb80b9b3730
+B+: 0x7fb80b9b373e 0x7fb80b9b374d
+B+: 0x7fb80b9b374e 0x7fb80b9b3757
+B+: 0x7fb80b9b3758 0x7fb80b9b3775
+B+: 0x7fb80b9b3780 0x7fb80b9b3788
+B+: 0x7fb80b9b3789 0x7fb80b9b3790
+B+: 0x7fb80b9b3791 0x7fb80b9b379c
+B+: 0x7fb80b9b4060 0x7fb80b9b407e
+B+: 0x7fb80b9b410d 0x7fb80b9b411c
+B+: 0x7fb80b9b411d 0x7fb80b9b4123
+B+: 0x7fb80b9b4140 0x7fb80b9b414a
+B+: 0x7fb80b9b414b 0x7fb80b9b4152
+B+: 0x7fb80b9b4153 0x7fb80b9b415d
+B+: 0x7fb80b9b415e 0x7fb80b9b416f
+B+: 0x7fb80b9b4188 0x7fb80b9b418c
+B+: 0x7fb80b9b418d 0x7fb80b9b4191
+B+: 0x7fb80b9b4192 0x7fb80b9b419c
+B+: 0x7fb80b9b41a7 0x7fb80b9b41ad
+B+: 0x7fb80b9b41ae 0x7fb80b9b41b5
+B+: 0x7fb80b9b41c0 0x7fb80b9b41cf
+B+: 0x7fb80b9b4bc0 0x7fb80b9b4bfa
+B+: 0x7fb80b9b4bfb 0x7fb80b9b4c07
+B+: 0x7fb80b9b4c08 0x7fb80b9b4c0f
+B+: 0x7fb80b9b4c10 0x7fb80b9b4c11
+B+: 0x7fb80b9b4c18 0x7fb80b9b4c21
+B+: 0x7fb80b9b4c22 0x7fb80b9b4c2e
+B+: 0x7fb80b9b4c32 0x7fb80b9b4c39
+B+: 0x7fb80b9b4c3a 0x7fb80b9b4c49
+B+: 0x7fb80b9b4c4a 0x7fb80b9b4c51
+B+: 0x7fb80b9b4c52 0x7fb80b9b4c58
+B+: 0x7fb80b9b4c59 0x7fb80b9b4c60
+B+: 0x7fb80b9b4c61 0x7fb80b9b4c68
+B+: 0x7fb80b9b4c69 0x7fb80b9b4c6d
+B+: 0x7fb80b9b4c6e 0x7fb80b9b4c77
+B+: 0x7fb80b9b4c78 0x7fb80b9b4c89
+B+: 0x7fb80b9b4c8a 0x7fb80b9b4c98
+B+: 0x7fb80b9b4e90 0x7fb80b9b4ed3
+B+: 0x7fb80b9b4edf 0x7fb80b9b4ef5
+B+: 0x7fb80b9b4ef6 0x7fb80b9b4efa
+B+: 0x7fb80b9b4efb 0x7fb80b9b4f5a
+B+: 0x7fb80b9b4f5b 0x7fb80b9b4f67
+B+: 0x7fb80b9b4f68 0x7fb80b9b4f77
+B+: 0x7fb80b9b4f78 0x7fb80b9b4f7f
+B+: 0x7fb80b9b4f80 0x7fb80b9b4f8b
+B+: 0x7fb80b9b4f8c 0x7fb80b9b4f94
+B+: 0x7fb80b9b4f95 0x7fb80b9b4f9b
+B+: 0x7fb80b9b4fa0 0x7fb80b9b4faf
+B+: 0x7fb80b9b4fb0 0x7fb80b9b4fc5
+B+: 0x7fb80b9b4fc6 0x7fb80b9b4fcf
+B+: 0x7fb80b9b4fd0 0x7fb80b9b4fe3
+B+: 0x7fb80b9b4fe4 0x7fb80b9b4ffc
+B+: 0x7fb80b9b5019 0x7fb80b9b502b
+B+: 0x7fb80b9b502c 0x7fb80b9b5034
+B+: 0x7fb80b9b5035 0x7fb80b9b5047
+B+: 0x7fb80b9b5048 0x7fb80b9b505b
+B+: 0x7fb80b9b50a8 0x7fb80b9b50b4
+B+: 0x7fb80b9b50b5 0x7fb80b9b50b9
+B+: 0x7fb80b9b50db 0x7fb80b9b50e1
+B+: 0x7fb80b9b50f0 0x7fb80b9b5103
+B+: 0x7fb80b9b5104 0x7fb80b9b5113
+B+: 0x7fb80b9b5114 0x7fb80b9b511b
+B+: 0x7fb80b9b511c 0x7fb80b9b5122
+B+: 0x7fb80b9b5123 0x7fb80b9b5152
+B+: 0x7fb80b9b5153 0x7fb80b9b515f
+B+: 0x7fb80b9b5160 0x7fb80b9b5168
+B+: 0x7fb80b9b5216 0x7fb80b9b521c
+B+: 0x7fb80b9b5224 0x7fb80b9b522d
+B+: 0x7fb80b9b522e 0x7fb80b9b5237
+B+: 0x7fb80b9b5238 0x7fb80b9b5241
+B+: 0x7fb80b9b5242 0x7fb80b9b524b
+B+: 0x7fb80b9b525d 0x7fb80b9b5266
+B+: 0x7fb80b9b5267 0x7fb80b9b5281
+B+: 0x7fb80b9b5282 0x7fb80b9b5293
+B+: 0x7fb80b9b534c 0x7fb80b9b5353
+B+: 0x7fb80b9b5354 0x7fb80b9b536f
+B+: 0x7fb80b9b551b 0x7fb80b9b5525
+B+: 0x7fb80b9b5526 0x7fb80b9b552e
+B+: 0x7fb80b9b552f 0x7fb80b9b5537
+B+: 0x7fb80b9b58d0 0x7fb80b9b58ec
+B+: 0x7fb80b9b58ed 0x7fb80b9b58f1
+B+: 0x7fb80b9b58f8 0x7fb80b9b58fa
+B+: 0x7fb80b9b58fb 0x7fb80b9b5907
+B+: 0x7fb80b9b5908 0x7fb80b9b593e
+B+: 0x7fb80b9b593f 0x7fb80b9b5940
+B+: 0x7fb80b9b5963 0x7fb80b9b5977
+B+: 0x7fb80b9b5980 0x7fb80b9b5986
+B+: 0x7fb80b9b5987 0x7fb80b9b598e
+B+: 0x7fb80b9b598f 0x7fb80b9b5997
+B+: 0x7fb80b9b5998 0x7fb80b9b59ba
+B+: 0x7fb80b9b59bb 0x7fb80b9b59bc
+B+: 0x7fb80b9b59c0 0x7fb80b9b59e7
+B+: 0x7fb80b9b59e8 0x7fb80b9b59f7
+B+: 0x7fb80b9b5a19 0x7fb80b9b5a21
+B+: 0x7fb80b9b5a22 0x7fb80b9b5a2a
+B+: 0x7fb80b9b5a2b 0x7fb80b9b5a34
+B+: 0x7fb80b9b5a35 0x7fb80b9b5a3f
+B+: 0x7fb80b9b5ad0 0x7fb80b9b5ae9
+B+: 0x7fb80b9b5aea 0x7fb80b9b5b00
+B+: 0x7fb80b9b5b10 0x7fb80b9b5b1f
+B+: 0x7fb80b9b5b20 0x7fb80b9b5b2b
+B+: 0x7fb80b9b5b2c 0x7fb80b9b5b31
+B+: 0x7fb80b9b5b32 0x7fb80b9b5b41
+B+: 0x7fb80b9b5b56 0x7fb80b9b5b61
+B+: 0x7fb80b9b5b62 0x7fb80b9b5b6f
+B+: 0x7fb80b9b5b70 0x7fb80b9b5b85
+B+: 0x7fb80b9b5b86 0x7fb80b9b5b97
+B+: 0x7fb80b9b5b98 0x7fb80b9b5bc0
+B+: 0x7fb80b9b5bc8 0x7fb80b9b5bcc
+B+: 0x7fb80b9b5bcd 0x7fb80b9b5bea
+B+: 0x7fb80b9b5d70 0x7fb80b9b5d98
+B+: 0x7fb80b9b5da0 0x7fb80b9b5da1
+B+: 0x7fb80b9b5da2 0x7fb80b9b5daa
+B+: 0x7fb80b9b5dab 0x7fb80b9b5dc5
+B+: 0x7fb80b9b5dc6 0x7fb80b9b5dc9
+B+: 0x7fb80b9b5dca 0x7fb80b9b5dd1
+B+: 0x7fb80b9b5dd2 0x7fb80b9b5de6
+B+: 0x7fb80b9b5df0 0x7fb80b9b5e2a
+B+: 0x7fb80b9b5e2b 0x7fb80b9b5e2f
+B+: 0x7fb80b9b5e46 0x7fb80b9b5e5c
+B+: 0x7fb80b9b5e5d 0x7fb80b9b5e6e
+B+: 0x7fb80b9b5e90 0x7fb80b9b5ead
+B+: 0x7fb80b9b5ec8 0x7fb80b9b5ed1
+B+: 0x7fb80b9b5ed2 0x7fb80b9b5edd
+B+: 0x7fb80b9b5f6c 0x7fb80b9b5f8f
+B+: 0x7fb80b9b5f90 0x7fb80b9b5f9c
+B+: 0x7fb80b9b5f9d 0x7fb80b9b5fa8
+B+: 0x7fb80b9b5fa9 0x7fb80b9b5fb0
+B+: 0x7fb80b9b5fb1 0x7fb80b9b5fc5
+B+: 0x7fb80b9b6008 0x7fb80b9b6012
+B+: 0x7fb80b9b6013 0x7fb80b9b601e
+B+: 0x7fb80b9b601f 0x7fb80b9b602e
+B+: 0x7fb80b9b6060 0x7fb80b9b6066
+B+: 0x7fb80b9b6067 0x7fb80b9b6074
+B+: 0x7fb80b9b6075 0x7fb80b9b6086
+B+: 0x7fb80b9b6087 0x7fb80b9b608e
+B+: 0x7fb80b9b608f 0x7fb80b9b60a2
+B+: 0x7fb80b9b60a3 0x7fb80b9b60b0
+B+: 0x7fb80b9b6100 0x7fb80b9b6116
+B+: 0x7fb80b9b6145 0x7fb80b9b614d
+B+: 0x7fb80b9b614e 0x7fb80b9b6157
+B+: 0x7fb80b9b6160 0x7fb80b9b6166
+B+: 0x7fb80b9b61c0 0x7fb80b9b61d1
+B+: 0x7fb80b9b61e8 0x7fb80b9b61ef
+B+: 0x7fb80b9b6248 0x7fb80b9b625b
+B+: 0x7fb80b9b625c 0x7fb80b9b6271
+B+: 0x7fb80b9b67d0 0x7fb80b9b67ff
+B+: 0x7fb80b9b680f 0x7fb80b9b6812
+B+: 0x7fb80b9b6813 0x7fb80b9b681c
+B+: 0x7fb80b9b681d 0x7fb80b9b6820
+B+: 0x7fb80b9b6821 0x7fb80b9b682f
+B+: 0x7fb80b9b6830 0x7fb80b9b683a
+B+: 0x7fb80b9b684f 0x7fb80b9b685a
+B+: 0x7fb80b9b685f 0x7fb80b9b6862
+B+: 0x7fb80b9b6870 0x7fb80b9b6877
+B+: 0x7fb80b9b6878 0x7fb80b9b688d
+B+: 0x7fb80b9b7440 0x7fb80b9b7464
+B+: 0x7fb80b9b761e 0x7fb80b9b7627
+B+: 0x7fb80b9b7628 0x7fb80b9b7631
+B+: 0x7fb80b9b7632 0x7fb80b9b7659
+B+: 0x7fb80b9b76af 0x7fb80b9b76bc
+B+: 0x7fb80b9b76c0 0x7fb80b9b76cb
+B+: 0x7fb80b9b7730 0x7fb80b9b773b
+B+: 0x7fb80b9b7740 0x7fb80b9b775e
+B+: 0x7fb80b9b775f 0x7fb80b9b7767
+B+: 0x7fb80b9b77d2 0x7fb80b9b77e3
+B+: 0x7fb80b9b78a0 0x7fb80b9b78a7
+B+: 0x7fb80b9b8260 0x7fb80b9b82a5
+B+: 0x7fb80b9b82b5 0x7fb80b9b82be
+B+: 0x7fb80b9b82bf 0x7fb80b9b82d2
+B+: 0x7fb80b9b82d3 0x7fb80b9b82fc
+B+: 0x7fb80b9b82fd 0x7fb80b9b8310
+B+: 0x7fb80b9b8324 0x7fb80b9b8328
+B+: 0x7fb80b9b8336 0x7fb80b9b833f
+B+: 0x7fb80b9b8340 0x7fb80b9b8344
+B+: 0x7fb80b9b8370 0x7fb80b9b8386
+B+: 0x7fb80b9b8387 0x7fb80b9b8398
+B+: 0x7fb80b9b83a0 0x7fb80b9b83b6
+B+: 0x7fb80b9b83b7 0x7fb80b9b83d7
+B+: 0x7fb80b9b83dd 0x7fb80b9b83ec
+B+: 0x7fb80b9b8850 0x7fb80b9b8886
+B+: 0x7fb80b9b8887 0x7fb80b9b889a
+B+: 0x7fb80b9b889b 0x7fb80b9b88ad
+B+: 0x7fb80b9b88ae 0x7fb80b9b88c4
+B+: 0x7fb80b9b88c5 0x7fb80b9b88d7
+B+: 0x7fb80b9b88d8 0x7fb80b9b88e7
+B+: 0x7fb80b9b88e8 0x7fb80b9b890c
+B+: 0x7fb80b9b890d 0x7fb80b9b8915
+B+: 0x7fb80b9b8924 0x7fb80b9b8933
+B+: 0x7fb80b9b8934 0x7fb80b9b8947
+B+: 0x7fb80b9b8948 0x7fb80b9b8954
+B+: 0x7fb80b9b8955 0x7fb80b9b895f
+B+: 0x7fb80b9b8960 0x7fb80b9b8964
+B+: 0x7fb80b9b8a6a 0x7fb80b9b8a7c
+B+: 0x7fb80b9b8a7d 0x7fb80b9b8a9c
+B+: 0x7fb80b9b8ba0 0x7fb80b9b8bad
+B+: 0x7fb80b9b8bae 0x7fb80b9b8be1
+B+: 0x7fb80b9b8bf0 0x7fb80b9b8bfb
+B+: 0x7fb80b9b8db0 0x7fb80b9b8dbd
+B+: 0x7fb80b9b8dbe 0x7fb80b9b8dca
+B+: 0x7fb80b9b8dcb 0x7fb80b9b8de3
+B+: 0x7fb80b9b8de8 0x7fb80b9b8df4
+B+: 0x7fb80b9b8df8 0x7fb80b9b8e04
+B+: 0x7fb80b9b8e05 0x7fb80b9b8e12
+B+: 0x7fb80b9b8e13 0x7fb80b9b8e1d
+B+: 0x7fb80b9b8eb4 0x7fb80b9b8ec1
+B+: 0x7fb80b9b9160 0x7fb80b9b9174
+B+: 0x7fb80b9b9175 0x7fb80b9b9187
+B+: 0x7fb80b9b9188 0x7fb80b9b91a2
+B+: 0x7fb80b9b91a3 0x7fb80b9b91ac
+B+: 0x7fb80b9b91ad 0x7fb80b9b91b3
+B+: 0x7fb80b9b91d0 0x7fb80b9b91e5
+B+: 0x7fb80b9b91eb 0x7fb80b9b91f3
+B+: 0x7fb80b9b9205 0x7fb80b9b920b
+B+: 0x7fb80b9b920c 0x7fb80b9b921d
+B+: 0x7fb80b9b921e 0x7fb80b9b9226
+B+: 0x7fb80b9b9227 0x7fb80b9b9230
+B+: 0x7fb80b9b9231 0x7fb80b9b9232
+B+: 0x7fb80b9b9240 0x7fb80b9b9248
+B+: 0x7fb80b9b9260 0x7fb80b9b9260
+B+: 0x7fb80b9b9520 0x7fb80b9b9534
+B+: 0x7fb80b9b9572 0x7fb80b9b9578
+B+: 0x7fb80b9b9580 0x7fb80b9b9583
+B+: 0x7fb80b9b9610 0x7fb80b9b9656
+B+: 0x7fb80b9b965b 0x7fb80b9b9686
+B+: 0x7fb80b9b9687 0x7fb80b9b969d
+B+: 0x7fb80b9b96fc 0x7fb80b9b9708
+B+: 0x7fb80b9b9709 0x7fb80b9b9711
+B+: 0x7fb80b9b9712 0x7fb80b9b972a
+B+: 0x7fb80b9b972b 0x7fb80b9b973c
+B+: 0x7fb80b9b9740 0x7fb80b9b9747
+B+: 0x7fb80b9b9748 0x7fb80b9b975f
+B+: 0x7fb80b9b9760 0x7fb80b9b9766
+B+: 0x7fb80b9b9767 0x7fb80b9b9780
+B+: 0x7fb80b9b9790 0x7fb80b9b9793
+B+: 0x7fb80b9b9794 0x7fb80b9b9798
+B+: 0x7fb80b9b97a2 0x7fb80b9b97aa
+B+: 0x7fb80b9b97ab 0x7fb80b9b97ae
+B+: 0x7fb80b9b97af 0x7fb80b9b97bd
+B+: 0x7fb80b9b97cb 0x7fb80b9b97d3
+B+: 0x7fb80b9b9825 0x7fb80b9b9841
+B+: 0x7fb80b9b9842 0x7fb80b9b984d
+B+: 0x7fb80b9b987e 0x7fb80b9b988e
+B+: 0x7fb80b9b988f 0x7fb80b9b98a0
+B+: 0x7fb80b9b98a1 0x7fb80b9b98ad
+B+: 0x7fb80b9b9c10 0x7fb80b9b9c30
+B+: 0x7fb80b9b9c31 0x7fb80b9b9c58
+B+: 0x7fb80b9b9c5e 0x7fb80b9b9c66
+B+: 0x7fb80b9b9c67 0x7fb80b9b9c6f
+B+: 0x7fb80b9b9c78 0x7fb80b9b9c87
+B+: 0x7fb80b9b9c88 0x7fb80b9b9c89
+B+: 0x7fb80b9b9ca0 0x7fb80b9b9caf
+B+: 0x7fb80b9b9cba 0x7fb80b9b9cc4
+B+: 0x7fb80b9b9ce0 0x7fb80b9b9ce8
+B+: 0x7fb80b9ba360 0x7fb80b9ba36b
+B+: 0x7fb80b9ba480 0x7fb80b9ba480
+B+: 0x7fb80b9ba9c0 0x7fb80b9ba9db
+B+: 0x7fb80b9baa16 0x7fb80b9baa32
+B+: 0x7fb80b9baa33 0x7fb80b9baa52
+B+: 0x7fb80b9baa63 0x7fb80b9baa6a
+B+: 0x7fb80b9baa90 0x7fb80b9baaa6
+B+: 0x7fb80b9baaa7 0x7fb80b9baaae
+B+: 0x7fb80b9baaaf 0x7fb80b9baab6
+B+: 0x7fb80b9baaf6 0x7fb80b9bab01
+B+: 0x7fb80b9bab0c 0x7fb80b9bab34
+B+: 0x7fb80b9bab40 0x7fb80b9bab57
+B+: 0x7fb80b9bab58 0x7fb80b9bab5f
+B+: 0x7fb80b9bab60 0x7fb80b9bab67
+B+: 0x7fb80b9bab68 0x7fb80b9bab70
+B+: 0x7fb80b9bab71 0x7fb80b9bab7a
+B+: 0x7fb80b9bab7b 0x7fb80b9bab80
+B+: 0x7fb80b9bab97 0x7fb80b9bab9c
+B+: 0x7fb80b9bac0a 0x7fb80b9bac3d
+B+: 0x7fb80b9bac47 0x7fb80b9bac53
+B+: 0x7fb80b9baed0 0x7fb80b9baede
+B+: 0x7fb80b9baedf 0x7fb80b9baee7
+B+: 0x7fb80b9baee8 0x7fb80b9baefc
+B+: 0x7fb80b9baefd 0x7fb80b9baf02
+B+: 0x7fb80b9baf03 0x7fb80b9baf1b
+B+: 0x7fb80b9baf1c 0x7fb80b9baf21
+B+: 0x7fb80b9baf22 0x7fb80b9baf2b
+B+: 0x7fb80b9bafc0 0x7fb80b9bafc7
+B+: 0x7fb80b9bafc8 0x7fb80b9bafd0
+B+: 0x7fb80b9bb760 0x7fb80b9bb768
+B+: 0x7fb80b9bb769 0x7fb80b9bb76d
+B+: 0x7fb80b9bb76e 0x7fb80b9bb772
+B+: 0x7fb80b9bb780 0x7fb80b9bb788
+B+: 0x7fb80b9bb789 0x7fb80b9bb78d
+B+: 0x7fb80b9bb78e 0x7fb80b9bb792
+B+: 0x7fb80b9bb7c0 0x7fb80b9bb7d9
+B+: 0x7fb80b9bb7da 0x7fb80b9bb7e6
+B+: 0x7fb80b9bb7f7 0x7fb80b9bb802
+B+: 0x7fb80b9bb803 0x7fb80b9bb80b
+B+: 0x7fb80b9bb80c 0x7fb80b9bb841
+B+: 0x7fb80b9bb842 0x7fb80b9bb84b
+B+: 0x7fb80b9bb84c 0x7fb80b9bb852
+B+: 0x7fb80b9bb853 0x7fb80b9bb875
+B+: 0x7fb80b9bb880 0x7fb80b9bb88e
+B+: 0x7fb80b9bb8b0 0x7fb80b9bb8c8
+B+: 0x7fb80b9bb900 0x7fb80b9bb941
+B+: 0x7fb80b9bb950 0x7fb80b9bb966
+B+: 0x7fb80b9bb967 0x7fb80b9bb97e
+B+: 0x7fb80b9bb97f 0x7fb80b9bb98a
+B+: 0x7fb80b9bb98b 0x7fb80b9bb9b3
+B+: 0x7fb80b9bb9b4 0x7fb80b9bb9bd
+B+: 0x7fb80b9bb9be 0x7fb80b9bb9bf
+B+: 0x7fb80b9bb9d0 0x7fb80b9bb9e8
+B+: 0x7fb80b9bb9e9 0x7fb80b9bba14
+B+: 0x7fb80b9bba1e 0x7fb80b9bba25
+B+: 0x7fb80b9bba26 0x7fb80b9bba33
+B+: 0x7fb80b9bba34 0x7fb80b9bba46
+B+: 0x7fb80b9bbae0 0x7fb80b9bbafe
+B+: 0x7fb80b9bbaff 0x7fb80b9bbb0c
+B+: 0x7fb80b9bbb0d 0x7fb80b9bbb1b
+B+: 0x7fb80b9bbb1c 0x7fb80b9bbb2c
+B+: 0x7fb80b9bbb40 0x7fb80b9bbb62
+B+: 0x7fb80b9bbb98 0x7fb80b9bbba9
+B+: 0x7fb80b9bc6d0 0x7fb80b9bc6f4
+B+: 0x7fb80b9bc6f5 0x7fb80b9bc70d
+B+: 0x7fb80b9bc70e 0x7fb80b9bc712
+B+: 0x7fb80b9bc713 0x7fb80b9bc71e
+B+: 0x7fb80b9bc71f 0x7fb80b9bc723
+B+: 0x7fb80b9bc724 0x7fb80b9bc728
+B+: 0x7fb80b9bc729 0x7fb80b9bc730
+B+: 0x7fb80b9bc73c 0x7fb80b9bc749
+B+: 0x7fb80b9bc74a 0x7fb80b9bc74d
+B+: 0x7fb80b9bc74e 0x7fb80b9bc760
+B+: 0x7fb80b9bc761 0x7fb80b9bc76b
+B+: 0x7fb80b9bc790 0x7fb80b9bc79d
+B+: 0x7fb80b9bc79e 0x7fb80b9bc7a5
+B+: 0x7fb80b9bc7a6 0x7fb80b9bc7a7
+B+: 0x7fb80b9bc890 0x7fb80b9bc89d
+B+: 0x7fb80b9bc89e 0x7fb80b9bc8a9
+B+: 0x7fb80b9bc8aa 0x7fb80b9bc8bd
+B+: 0x7fb80b9bc8c0 0x7fb80b9bc8ca
+B+: 0x7fb80b9bc8d0 0x7fb80b9bc8ef
+B+: 0x7fb80b9bc8f0 0x7fb80b9bc8f4
+B+: 0x7fb80b9bc8f5 0x7fb80b9bc90c
+B+: 0x7fb80b9bc90d 0x7fb80b9bc910
+B+: 0x7fb80b9bc911 0x7fb80b9bc912
+B+: 0x7fb80b9bc913 0x7fb80b9bc91b
+B+: 0x7fb80b9bc91c 0x7fb80b9bc930
+B+: 0x7fb80b9bc938 0x7fb80b9bc93c
+B+: 0x7fb80b9bc980 0x7fb80b9bc98f
+B+: 0x7fb80b9bc990 0x7fb80b9bc99b
+B+: 0x7fb80b9bc99c 0x7fb80b9bc9ab
+B+: 0x7fb80b9bca80 0x7fb80b9bca93
+B+: 0x7fb80b9bca94 0x7fb80b9bcaac
+B+: 0x7fb80b9bcaad 0x7fb80b9bcabf
+B+: 0x7fb80b9bcac0 0x7fb80b9bcada
+B+: 0x7fb80b9bcadb 0x7fb80b9bcae3
+B+: 0x7fb80b9bcaec 0x7fb80b9bcaf8
+B+: 0x7fb80b9bcaf9 0x7fb80b9bcb02
+B+: 0x7fb80b9bcb03 0x7fb80b9bcb06
+B+: 0x7fb80b9bcb07 0x7fb80b9bcb1a
+B+: 0x7fb80b9bcc49 0x7fb80b9bcc55
+B+: 0x7fb80b9bcc56 0x7fb80b9bcc67
+B+: 0x7fb80b9bcc82 0x7fb80b9bcc93
+B+: 0x7fb80b9bcd77 0x7fb80b9bcd82
+B+: 0x7fb80b9bcda0 0x7fb80b9bcdb2
+B+: 0x7fb80b9bcdb3 0x7fb80b9bcddf
+B+: 0x7fb80b9bcde0 0x7fb80b9bcdeb
+B+: 0x7fb80b9bcdec 0x7fb80b9bcdfc
+B+: 0x7fb80b9bcdfd 0x7fb80b9bce18
+B+: 0x7fb80b9bce19 0x7fb80b9bce25
+B+: 0x7fb80b9bce26 0x7fb80b9bce2e
+B+: 0x7fb80b9bce2f 0x7fb80b9bce3f
+B+: 0x7fb80b9bce40 0x7fb80b9bce44
+B+: 0x7fb80b9bce45 0x7fb80b9bce50
+B+: 0x7fb80b9bce51 0x7fb80b9bce5d
+B+: 0x7fb80b9bce5e 0x7fb80b9bce77
+B+: 0x7fb80b9bcece 0x7fb80b9bced2
+B+: 0x7fb80b9bced3 0x7fb80b9bcede
+B+: 0x7fb80b9bcee0 0x7fb80b9bceec
+B+: 0x7fb80b9bcf60 0x7fb80b9bcf7c
+B+: 0x7fb80b9bd120 0x7fb80b9bd128
+B+: 0x7fb80b9bd129 0x7fb80b9bd147
+B+: 0x7fb80b9bd750 0x7fb80b9bd75e
+B+: 0x7fb80b9bd75f 0x7fb80b9bd763
+B+: 0x7fb80b9bd764 0x7fb80b9bd770
+B+: 0x7fb80b9bd771 0x7fb80b9bd777
+B+: 0x7fb80b9bd778 0x7fb80b9bd783
+B+: 0x7fb80b9bd784 0x7fb80b9bd788
+B+: 0x7fb80b9bd789 0x7fb80b9bd78d
+B+: 0x7fb80b9bd78e 0x7fb80b9bd796
+B+: 0x7fb80b9bd797 0x7fb80b9bd79e
+B+: 0x7fb80b9bd890 0x7fb80b9bd892
+B+: 0x7fb80b9bd8a7 0x7fb80b9bd8ab
+B+: 0x7fb80b9bd8ac 0x7fb80b9bd8b2
+B+: 0x7fb80b9bd8b3 0x7fb80b9bd8b6
+B+: 0x7fb80b9bd8d0 0x7fb80b9bd8e1
+B+: 0x7fb80b9bd8e2 0x7fb80b9bd8e6
+B+: 0x7fb80b9bd8e7 0x7fb80b9bd8eb
+B+: 0x7fb80b9bd8ec 0x7fb80b9bd8f1
+B+: 0x7fb80b9bd8f2 0x7fb80b9bd8fa
+B+: 0x7fb80b9bd8fb 0x7fb80b9bd8fc
+B+: 0x7fb80b9bd940 0x7fb80b9bd948
+B+: 0x7fb80b9bd949 0x7fb80b9bd951
+B+: 0x7fb80b9bd980 0x7fb80b9bd988
+B+: 0x7fb80b9bd989 0x7fb80b9bd98a
+B+: 0x7fb80b9bd98b 0x7fb80b9bd991
+B+: 0x7fb80b9bd992 0x7fb80b9bd9a2
+B+: 0x7fb80b9bd9a8 0x7fb80b9bd9ac
+B+: 0x7fb80b9bd9eb 0x7fb80b9bda00
+B+: 0x7fb80b9bda08 0x7fb80b9bda10
+B+: 0x7fb80b9bdaf0 0x7fb80b9bdb11
+B+: 0x7fb80b9bdb12 0x7fb80b9bdb16
+B+: 0x7fb80b9bdb17 0x7fb80b9bdb1d
+B+: 0x7fb80b9bdb1e 0x7fb80b9bdb26
+B+: 0x7fb80b9bdb27 0x7fb80b9bdb34
+B+: 0x7fb80b9bdb35 0x7fb80b9bdb3c
+B+: 0x7fb80b9bdb3d 0x7fb80b9bdb49
+B+: 0x7fb80b9bdb4a 0x7fb80b9bdb5a
+B+: 0x7fb80b9bdb5b 0x7fb80b9bdb63
+B+: 0x7fb80b9bdb7f 0x7fb80b9bdb93
+B+: 0x7fb80b9bdb94 0x7fb80b9bdb9c
+B+: 0x7fb80b9bdbe0 0x7fb80b9bdbf7
+B+: 0x7fb80b9bdbf8 0x7fb80b9bdc00
+B+: 0x7fb80b9bdc1b 0x7fb80b9bdc2b
+B+: 0x7fb80b9bdd40 0x7fb80b9bdd5e
+B+: 0x7fb80b9bdd5f 0x7fb80b9bdd6d
+B+: 0x7fb80b9bdd6e 0x7fb80b9bdd72
+B+: 0x7fb80b9bdd7d 0x7fb80b9bdd90
+B+: 0x7fb80b9bdd91 0x7fb80b9bdd95
+B+: 0x7fb80b9bdd96 0x7fb80b9bdd9a
+B+: 0x7fb80b9bdda0 0x7fb80b9bdda4
+B+: 0x7fb80b9bddd5 0x7fb80b9bddd9
+B+: 0x7fb80b9bddda 0x7fb80b9bddde
+B+: 0x7fb80b9bddf0 0x7fb80b9bddfb
+B+: 0x7fb80b9bddfc 0x7fb80b9bde07
+B+: 0x7fb80b9bde08 0x7fb80b9bde10
+B+: 0x7fb80b9bde2c 0x7fb80b9bde30
+B+: 0x7fb80b9bde31 0x7fb80b9bde36
+B+: 0x7fb80b9bde41 0x7fb80b9bde45
+B+: 0x7fb80b9bde46 0x7fb80b9bde54
+B+: 0x7fb80b9bde55 0x7fb80b9bde5d
+B+: 0x7fb80b9bde5e 0x7fb80b9bde62
+B+: 0x7fb80b9bde63 0x7fb80b9bde74
+B+: 0x7fb80b9bde78 0x7fb80b9bde84
+B+: 0x7fb80b9bdea0 0x7fb80b9bdea4
+B+: 0x7fb80b9bdef0 0x7fb80b9bdf03
+B+: 0x7fb80b9bdf40 0x7fb80b9bdf76
+B+: 0x7fb80b9bdf77 0x7fb80b9bdf82
+B+: 0x7fb80b9bdf83 0x7fb80b9bdf92
+B+: 0x7fb80b9be01b 0x7fb80b9be031
+B+: 0x7fb80b9be032 0x7fb80b9be040
+B+: 0x7fb80b9be075 0x7fb80b9be0b8
+B+: 0x7fb80b9be0b9 0x7fb80b9be0c3
+B+: 0x7fb80b9be0c4 0x7fb80b9be0cc
+B+: 0x7fb80b9be0cd 0x7fb80b9be0d5
+B+: 0x7fb80b9be0d6 0x7fb80b9be0de
+B+: 0x7fb80b9be0df 0x7fb80b9be106
+B+: 0x7fb80b9be107 0x7fb80b9be133
+B+: 0x7fb80b9be578 0x7fb80b9be581
+B+: 0x7fb80b9be582 0x7fb80b9be5a8
+B+: 0x7fb80b9be5a9 0x7fb80b9be5b6
+B+: 0x7fb80b9be5d0 0x7fb80b9be5e0
+B+: 0x7fb80b9be5e1 0x7fb80b9be5ee
+B+: 0x7fb80b9be5ef 0x7fb80b9be5f3
+B+: 0x7fb80b9be670 0x7fb80b9be67e
+B+: 0x7fb80b9be67f 0x7fb80b9be683
+B+: 0x7fb80b9be684 0x7fb80b9be692
+B+: 0x7fb80b9be693 0x7fb80b9be69a
+B+: 0x7fb80b9be69b 0x7fb80b9be6a2
+B+: 0x7fb80b9be6a3 0x7fb80b9be6b7
+B+: 0x7fb80b9be790 0x7fb80b9be7bc
+B+: 0x7fb80b9be7bd 0x7fb80b9be7d4
+B+: 0x7fb80b9be7e0 0x7fb80b9be83a
+B+: 0x7fb80b9be83b 0x7fb80b9be875
+B+: 0x7fb80b9be876 0x7fb80b9be893
+B+: 0x7fb80b9be894 0x7fb80b9be8a3
+B+: 0x7fb80b9be8a4 0x7fb80b9be8b0
+B+: 0x7fb80b9be9b4 0x7fb80b9be9b8
+B+: 0x7fb80b9be9b9 0x7fb80b9be9cf
+B+: 0x7fb80b9be9d0 0x7fb80b9be9dc
+B+: 0x7fb80b9be9dd 0x7fb80b9be9ef
+B+: 0x7fb80b9be9f0 0x7fb80b9be9f7
+B+: 0x7fb80b9bea01 0x7fb80b9bea16
+B+: 0x7fb80b9bea28 0x7fb80b9bea3d
+B+: 0x7fb80b9bea3e 0x7fb80b9bea4d
+B+: 0x7fb80b9bea79 0x7fb80b9bea97
+B+: 0x7fb80b9bea98 0x7fb80b9beac0
+B+: 0x7fb80b9beac1 0x7fb80b9beacf
+B+: 0x7fb80b9bf148 0x7fb80b9bf154
+B+: 0x7fb80b9bf155 0x7fb80b9bf174
+B+: 0x7fb80b9bf175 0x7fb80b9bf17f
+B+: 0x7fb80b9bf1ac 0x7fb80b9bf1b0
+B+: 0x7fb80b9bf1b1 0x7fb80b9bf1b5
+B+: 0x7fb80b9bfa40 0x7fb80b9bfa64
+B+: 0x7fb80b9bfb10 0x7fb80b9bfb1a
+B+: 0x7fb80b9bfb40 0x7fb80b9bfb47
+B+: 0x7fb80b9bfb48 0x7fb80b9bfb51
+B+: 0x7fb80b9bfb58 0x7fb80b9bfb60
+B+: 0x7fb80b9bfb61 0x7fb80b9bfb6a
+B+: 0x7fb80b9bfb88 0x7fb80b9bfb8c
+B+: 0x7fb80b9bfb8d 0x7fb80b9bfb94
+B+: 0x7fb80b9bfba0 0x7fb80b9bfba4
+B+: 0x7fb80b9bfd00 0x7fb80b9bfd30
+B+: 0x7fb80b9bfe3f 0x7fb80b9bfe55
+B+: 0x7fb80b9bfe56 0x7fb80b9bfe67
+B+: 0x7fb80b9c01e0 0x7fb80b9c0222
+B+: 0x7fb80b9c0223 0x7fb80b9c0228
+B+: 0x7fb80b9c024c 0x7fb80b9c0260
+B+: 0x7fb80b9c0261 0x7fb80b9c0269
+B+: 0x7fb80b9c0270 0x7fb80b9c0279
+B+: 0x7fb80b9c0288 0x7fb80b9c02a0
+B+: 0x7fb80b9c02a1 0x7fb80b9c02ba
+B+: 0x7fb80b9c02bb 0x7fb80b9c02bc
+B+: 0x7fb80b9c02d0 0x7fb80b9c02d8
+B+: 0x7fb80b9c02f8 0x7fb80b9c02f8
+B+: 0x7fb80b9c0300 0x7fb80b9c030c
+B+: 0x7fb80b9c033f 0x7fb80b9c0343
+B+: 0x7fb80b9c0380 0x7fb80b9c0384
+B+: 0x7fb80b9c03d0 0x7fb80b9c03e3
+B+: 0x7fb80b9c0400 0x7fb80b9c0400
+B+: 0x7fb80b9c0420 0x7fb80b9c045b
+B+: 0x7fb80b9c0467 0x7fb80b9c0471
+B+: 0x7fb80b9c0472 0x7fb80b9c0489
+B+: 0x7fb80b9c048a 0x7fb80b9c048d
+B+: 0x7fb80b9c048e 0x7fb80b9c0494
+B+: 0x7fb80b9c0495 0x7fb80b9c049d
+B+: 0x7fb80b9c049e 0x7fb80b9c04a9
+B+: 0x7fb80b9c04aa 0x7fb80b9c04c2
+B+: 0x7fb80b9c04c3 0x7fb80b9c04ce
+B+: 0x7fb80b9c04cf 0x7fb80b9c04e5
+B+: 0x7fb80b9c04e6 0x7fb80b9c04f5
+B+: 0x7fb80b9c0500 0x7fb80b9c050e
+B+: 0x7fb80b9c050f 0x7fb80b9c0513
+B+: 0x7fb80b9c0514 0x7fb80b9c051e
+B+: 0x7fb80b9c0540 0x7fb80b9c0549
+B+: 0x7fb80b9c054a 0x7fb80b9c054e
+B+: 0x7fb80b9c054f 0x7fb80b9c0560
+B+: 0x7fb80b9c0568 0x7fb80b9c0577
+B+: 0x7fb80b9c0580 0x7fb80b9c0589
+B+: 0x7fb80b9c05a8 0x7fb80b9c05bb
+B+: 0x7fb80b9c05c0 0x7fb80b9c05ce
+B+: 0x7fb80b9c05cf 0x7fb80b9c05dc
+B+: 0x7fb80b9c06f0 0x7fb80b9c06fd
+B+: 0x7fb80b9c07a0 0x7fb80b9c07a0
+B+: 0x7fb80b9c07b0 0x7fb80b9c07ba
+B+: 0x7fb80b9c07bb 0x7fb80b9c07ce
+B+: 0x7fb80b9c07cf 0x7fb80b9c07d8
+B+: 0x7fb80b9c07d9 0x7fb80b9c07e6
+B+: 0x7fb80b9c0800 0x7fb80b9c082d
+B+: 0x7fb80b9c082e 0x7fb80b9c0831
+B+: 0x7fb80b9c0832 0x7fb80b9c0847
+B+: 0x7fb80b9c0864 0x7fb80b9c086b
+B+: 0x7fb80b9c086c 0x7fb80b9c086f
+B+: 0x7fb80b9c0870 0x7fb80b9c0876
+B+: 0x7fb80b9c0877 0x7fb80b9c087b
+B+: 0x7fb80b9c087c 0x7fb80b9c0886
+B+: 0x7fb80b9c0ae0 0x7fb80b9c0b01
+B+: 0x7fb80b9c0b02 0x7fb80b9c0b0a
+B+: 0x7fb80b9c0b0b 0x7fb80b9c0b14
+B+: 0x7fb80b9c0b15 0x7fb80b9c0b19
+B+: 0x7fb80b9c0c00 0x7fb80b9c0c19
+B+: 0x7fb80b9c0c51 0x7fb80b9c0c8e
+B+: 0x7fb80b9c0c8f 0x7fb80b9c0c9e
+B+: 0x7fb80b9c0c9f 0x7fb80b9c0ca6
+B+: 0x7fb80b9c0df0 0x7fb80b9c0dfb
+B+: 0x7fb80b9c0e20 0x7fb80b9c0e20
+B+: 0x7fb80b9c0e30 0x7fb80b9c0e38
+B+: 0x7fb80b9c2940 0x7fb80b9c294b
+B+: 0x7fb80b9c294c 0x7fb80b9c2957
+B+: 0x7fb80b9c2958 0x7fb80b9c2964
+B+: 0x7fb80b9c2965 0x7fb80b9c2969
+B+: 0x7fb80b9c296a 0x7fb80b9c296f
+B+: 0x7fb80b9c2970 0x7fb80b9c2976
+B+: 0x7fb80b9c2980 0x7fb80b9c2987
+B+: 0x7fb80b9c2988 0x7fb80b9c298c
+B+: 0x7fb80b9c298d 0x7fb80b9c299b
+B+: 0x7fb80b9c299c 0x7fb80b9c29a0
+B+: 0x7fb80b9c29a1 0x7fb80b9c29a8
+B+: 0x7fb80b9c29a9 0x7fb80b9c29ad
+B+: 0x7fb80b9c29ae 0x7fb80b9c29b8
+B+: 0x7fb80b9c29b9 0x7fb80b9c29b9
+B+: 0x7fb80b9c29c0 0x7fb80b9c29c5
+B+: 0x7fb80b9c29c6 0x7fb80b9c29c9
+B+: 0x7fb80b9c29d0 0x7fb80b9c29d0
+B+: 0x7fb80b9c29d1 0x7fb80b9c29d5
+B+: 0x7fb80b9c29d6 0x7fb80b9c29d9
+B+: 0x7fb80b9c29e0 0x7fb80b9c29ff
+B+: 0x7fb80b9c2a00 0x7fb80b9c2a11
+B+: 0x7fb80b9c2a12 0x7fb80b9c2a16
+B+: 0x7fb80b9c2a20 0x7fb80b9c2a22
+B+: 0x7fb80b9c2a23 0x7fb80b9c2a2f
+B+: 0x7fb80b9c2a30 0x7fb80b9c2a33
+B+: 0x7fb80b9c2a34 0x7fb80b9c2a5d
+B+: 0x7fb80b9c2a5e 0x7fb80b9c2a62
+B+: 0x7fb80b9c2a63 0x7fb80b9c2a82
+B+: 0x7fb80b9c2ac0 0x7fb80b9c2ade
+B+: 0x7fb80b9c2adf 0x7fb80b9c2ae3
+B+: 0x7fb80b9c2ae4 0x7fb80b9c2ae8
+B+: 0x7fb80b9c2af0 0x7fb80b9c2af2
+B+: 0x7fb80b9c2af3 0x7fb80b9c2aff
+B+: 0x7fb80b9c2b00 0x7fb80b9c2b03
+B+: 0x7fb80b9c2b04 0x7fb80b9c2b3e
+B+: 0x7fb80b9c2b3f 0x7fb80b9c2b49
+B+: 0x7fb80b9c2b4a 0x7fb80b9c2b57
+B+: 0x7fb80b9c2b58 0x7fb80b9c2b5d
+B+: 0x7fb80b9c2b5e 0x7fb80b9c2b66
+B+: 0x7fb80b9c2b67 0x7fb80b9c2b70
+B+: 0x7fb80b9c2b71 0x7fb80b9c2b7a
+B+: 0x7fb80b9c2b7b 0x7fb80b9c2b9a
+B+: 0x7fb80b9c2b9b 0x7fb80b9c2ba3
+B+: 0x7fb80b9c2ba4 0x7fb80b9c2bbd
+B+: 0x7fb80b9c2bc0 0x7fb80b9c2bc5
+B+: 0x7fb80b9c2bc6 0x7fb80b9c2bcf
+B+: 0x7fb80b9c2bd0 0x7fb80b9c2bd9
+B+: 0x7fb80b9c2bda 0x7fb80b9c2bf7
+B+: 0x7fb80b9c2c08 0x7fb80b9c2c14
+B+: 0x7fb80b9c2c15 0x7fb80b9c2c1b
+B+: 0x7fb80b9c2c1c 0x7fb80b9c2c29
+B+: 0x7fb80b9c2cb0 0x7fb80b9c2cca
+B+: 0x7fb80b9c2ccb 0x7fb80b9c2cda
+B+: 0x7fb80b9c2cdb 0x7fb80b9c2ce6
+B+: 0x7fb80b9c2ce7 0x7fb80b9c2cef
+B+: 0x7fb80b9c2cf0 0x7fb80b9c2cf4
+B+: 0x7fb80b9c2cf5 0x7fb80b9c2cfc
+B+: 0x7fb80b9c2cfd 0x7fb80b9c2d10
+B+: 0x7fb80b9c2d11 0x7fb80b9c2d21
+B+: 0x7fb80b9c2d22 0x7fb80b9c2d26
+B+: 0x7fb80b9c2d27 0x7fb80b9c2d38
+B+: 0x7fb80b9c2d39 0x7fb80b9c2d4b
+B+: 0x7fb80b9c2d4c 0x7fb80b9c2d54
+B+: 0x7fb80b9c2d55 0x7fb80b9c2d5e
+B+: 0x7fb80b9c2d5f 0x7fb80b9c2d6d
+B+: 0x7fb80b9c2ea0 0x7fb80b9c2eb6
+B+: 0x7fb80b9c2eb7 0x7fb80b9c2ebb
+B+: 0x7fb80b9c2ebc 0x7fb80b9c2ec0
+B+: 0x7fb80b9c2ec8 0x7fb80b9c2ecb
+B+: 0x7fb80b9c2ecc 0x7fb80b9c2ed9
+B+: 0x7fb80b9c2eda 0x7fb80b9c2edd
+B+: 0x7fb80b9c2ede 0x7fb80b9c2f06
+B+: 0x7fb80b9c2f07 0x7fb80b9c2f10
+B+: 0x7fb80b9c2f11 0x7fb80b9c2f16
+B+: 0x7fb80b9c2f17 0x7fb80b9c2f24
+B+: 0x7fb80b9c2f25 0x7fb80b9c2f2d
+B+: 0x7fb80b9c3440 0x7fb80b9c346b
+B+: 0x7fb80b9c346c 0x7fb80b9c3470
+B+: 0x7fb80b9c3471 0x7fb80b9c3475
+B+: 0x7fb80b9c3536 0x7fb80b9c353e
+B+: 0x7fb80b9c353f 0x7fb80b9c3548
+B+: 0x7fb80b9c3549 0x7fb80b9c3551
+B+: 0x7fb80b9c35d0 0x7fb80b9c35e4
+B+: 0x7fb80b9c35e5 0x7fb80b9c3606
+B+: 0x7fb80b9c3607 0x7fb80b9c3610
+B+: 0x7fb80b9c3611 0x7fb80b9c3618
+B+: 0x7fb80b9c3640 0x7fb80b9c3648
+B+: 0x7fb80b9c3649 0x7fb80b9c3656
+B+: 0x7fb80b9c3657 0x7fb80b9c365f
+B+: 0x7fb80b9c3660 0x7fb80b9c3661
+B+: 0x7fb80b9c3760 0x7fb80b9c37aa
+B+: 0x7fb80b9c37ab 0x7fb80b9c37af
+B+: 0x7fb80b9c37b0 0x7fb80b9c37be
+B+: 0x7fb80b9c37c8 0x7fb80b9c37d3
+B+: 0x7fb80b9c37d4 0x7fb80b9c37d8
+B+: 0x7fb80b9c37d9 0x7fb80b9c37e0
+B+: 0x7fb80b9c37e1 0x7fb80b9c37e5
+B+: 0x7fb80b9c37e6 0x7fb80b9c37f3
+B+: 0x7fb80b9c37f4 0x7fb80b9c37fb
+B+: 0x7fb80b9c3800 0x7fb80b9c3810
+B+: 0x7fb80b9c3811 0x7fb80b9c3815
+B+: 0x7fb80b9c3816 0x7fb80b9c3832
+B+: 0x7fb80b9c3833 0x7fb80b9c3843
+B+: 0x7fb80b9c3844 0x7fb80b9c384f
+B+: 0x7fb80b9c3850 0x7fb80b9c3857
+B+: 0x7fb80b9c3858 0x7fb80b9c385c
+B+: 0x7fb80b9c385d 0x7fb80b9c3868
+B+: 0x7fb80b9c3869 0x7fb80b9c387b
+B+: 0x7fb80b9c387c 0x7fb80b9c3884
+B+: 0x7fb80b9c3888 0x7fb80b9c3897
+B+: 0x7fb80b9c3898 0x7fb80b9c389b
+B+: 0x7fb80b9c389c 0x7fb80b9c38b4
+B+: 0x7fb80b9c38b5 0x7fb80b9c38b8
+B+: 0x7fb80b9c38b9 0x7fb80b9c38c6
+B+: 0x7fb80b9c38c7 0x7fb80b9c38d5
+B+: 0x7fb80b9c3dc0 0x7fb80b9c3dec
+B+: 0x7fb80b9c3ded 0x7fb80b9c3df2
+B+: 0x7fb80b9c3df3 0x7fb80b9c3e04
+B+: 0x7fb80b9c3e05 0x7fb80b9c3e0d
+B+: 0x7fb80b9c3e0e 0x7fb80b9c3e1c
+CND+ 0x7fb80b9b200e: taken
+CND+ 0x7fb80b9b25ea: not taken
+CND+ 0x7fb80b9b2626: not taken
+CND+ 0x7fb80b9b263b: taken
+CND+ 0x7fb80b9b2673: not taken
+CND+ 0x7fb80b9b2687: not taken
+CND+ 0x7fb80b9b2695: not taken
+CND+ 0x7fb80b9b27e2: taken
+CND+ 0x7fb80b9b2862: not taken
+CND+ 0x7fb80b9b287c: both
+CND+ 0x7fb80b9b28a9: not taken
+CND+ 0x7fb80b9b2a5d: not taken
+CND+ 0x7fb80b9b2a62: taken
+CND+ 0x7fb80b9b36e6: not taken
+CND+ 0x7fb80b9b3704: taken
+CND+ 0x7fb80b9b371a: not taken
+CND+ 0x7fb80b9b371f: taken
+CND+ 0x7fb80b9b372f: taken
+CND+ 0x7fb80b9b374c: not taken
+CND+ 0x7fb80b9b3756: not taken
+CND+ 0x7fb80b9b378f: not taken
+CND+ 0x7fb80b9b379b: taken
+CND+ 0x7fb80b9b4079: taken
+CND+ 0x7fb80b9b411b: not taken
+CND+ 0x7fb80b9b4149: not taken
+CND+ 0x7fb80b9b4158: not taken
+CND+ 0x7fb80b9b4190: not taken
+CND+ 0x7fb80b9b41ce: taken
+CND+ 0x7fb80b9b4c20: not taken
+CND+ 0x7fb80b9b4c2d: taken
+CND+ 0x7fb80b9b4c48: not taken
+CND+ 0x7fb80b9b4c5f: both
+CND+ 0x7fb80b9b4c88: not taken
+CND+ 0x7fb80b9b4ed2: taken
+CND+ 0x7fb80b9b4f55: not taken
+CND+ 0x7fb80b9b4f7e: not taken
+CND+ 0x7fb80b9b4f8a: not taken
+CND+ 0x7fb80b9b4f93: both
+CND+ 0x7fb80b9b4fc4: not taken
+CND+ 0x7fb80b9b4fe2: both
+CND+ 0x7fb80b9b4ffb: taken
+CND+ 0x7fb80b9b505a: taken
+CND+ 0x7fb80b9b50af: not taken
+CND+ 0x7fb80b9b50b8: taken
+CND+ 0x7fb80b9b50e0: taken
+CND+ 0x7fb80b9b5116: not taken
+CND+ 0x7fb80b9b515a: not taken
+CND+ 0x7fb80b9b5163: taken
+CND+ 0x7fb80b9b521b: taken
+CND+ 0x7fb80b9b524a: taken
+CND+ 0x7fb80b9b527c: not taken
+CND+ 0x7fb80b9b536a: taken
+CND+ 0x7fb80b9b5520: not taken
+CND+ 0x7fb80b9b5529: not taken
+CND+ 0x7fb80b9b5532: taken
+CND+ 0x7fb80b9b58eb: not taken
+CND+ 0x7fb80b9b5906: both
+CND+ 0x7fb80b9b593d: not taken
+CND+ 0x7fb80b9b5985: both
+CND+ 0x7fb80b9b59f6: taken
+CND+ 0x7fb80b9b5a20: both
+CND+ 0x7fb80b9b5a29: not taken
+CND+ 0x7fb80b9b5a33: not taken
+CND+ 0x7fb80b9b5ae4: not taken
+CND+ 0x7fb80b9b5afb: taken
+CND+ 0x7fb80b9b5b2a: both
+CND+ 0x7fb80b9b5b30: both
+CND+ 0x7fb80b9b5b40: taken
+CND+ 0x7fb80b9b5b60: not taken
+CND+ 0x7fb80b9b5b96: not taken
+CND+ 0x7fb80b9b5be5: taken
+CND+ 0x7fb80b9b5da0: not taken
+CND+ 0x7fb80b9b5da9: not taken
+CND+ 0x7fb80b9b5dc8: both
+CND+ 0x7fb80b9b5dd0: both
+CND+ 0x7fb80b9b5e2e: taken
+CND+ 0x7fb80b9b5e57: not taken
+CND+ 0x7fb80b9b5eac: taken
+CND+ 0x7fb80b9b5ed8: taken
+CND+ 0x7fb80b9b5fa3: not taken
+CND+ 0x7fb80b9b5fc0: taken
+CND+ 0x7fb80b9b6019: not taken
+CND+ 0x7fb80b9b6065: not taken
+CND+ 0x7fb80b9b606f: not taken
+CND+ 0x7fb80b9b6089: both
+CND+ 0x7fb80b9b609d: not taken
+CND+ 0x7fb80b9b60ab: taken
+CND+ 0x7fb80b9b614c: not taken
+CND+ 0x7fb80b9b6156: taken
+CND+ 0x7fb80b9b61cc: taken
+CND+ 0x7fb80b9b61ee: taken
+CND+ 0x7fb80b9b6811: both
+CND+ 0x7fb80b9b681b: not taken
+CND+ 0x7fb80b9b681f: not taken
+CND+ 0x7fb80b9b6839: taken
+CND+ 0x7fb80b9b6859: taken
+CND+ 0x7fb80b9b6861: taken
+CND+ 0x7fb80b9b745f: taken
+CND+ 0x7fb80b9b7626: not taken
+CND+ 0x7fb80b9b76ca: taken
+CND+ 0x7fb80b9b7762: taken
+CND+ 0x7fb80b9b82a4: taken
+CND+ 0x7fb80b9b82bd: not taken
+CND+ 0x7fb80b9b82cd: not taken
+CND+ 0x7fb80b9b830f: taken
+CND+ 0x7fb80b9b8327: taken
+CND+ 0x7fb80b9b833a: not taken
+CND+ 0x7fb80b9b8343: taken
+CND+ 0x7fb80b9b8381: not taken
+CND+ 0x7fb80b9b83d6: taken
+CND+ 0x7fb80b9b83e7: taken
+CND+ 0x7fb80b9b8895: not taken
+CND+ 0x7fb80b9b88a8: not taken
+CND+ 0x7fb80b9b88d2: not taken
+CND+ 0x7fb80b9b8907: not taken
+CND+ 0x7fb80b9b8942: taken
+CND+ 0x7fb80b9b8953: not taken
+CND+ 0x7fb80b9b8963: taken
+CND+ 0x7fb80b9b8a7b: not taken
+CND+ 0x7fb80b9b8dbc: both
+CND+ 0x7fb80b9b8dc9: both
+CND+ 0x7fb80b9b8e03: not taken
+CND+ 0x7fb80b9b8e0d: not taken
+CND+ 0x7fb80b9b8e18: taken
+CND+ 0x7fb80b9b91a1: not taken
+CND+ 0x7fb80b9b91ab: not taken
+CND+ 0x7fb80b9b91e4: taken
+CND+ 0x7fb80b9b91f2: taken
+CND+ 0x7fb80b9b920a: not taken
+CND+ 0x7fb80b9b9225: not taken
+CND+ 0x7fb80b9b922f: not taken
+CND+ 0x7fb80b9b9247: taken
+CND+ 0x7fb80b9b9533: taken
+CND+ 0x7fb80b9b9582: taken
+CND+ 0x7fb80b9b9655: taken
+CND+ 0x7fb80b9b9698: taken
+CND+ 0x7fb80b9b9703: not taken
+CND+ 0x7fb80b9b970c: taken
+CND+ 0x7fb80b9b9725: not taken
+CND+ 0x7fb80b9b9742: not taken
+CND+ 0x7fb80b9b975a: not taken
+CND+ 0x7fb80b9b9765: not taken
+CND+ 0x7fb80b9b9792: not taken
+CND+ 0x7fb80b9b9797: taken
+CND+ 0x7fb80b9b97a9: taken
+CND+ 0x7fb80b9b97ad: not taken
+CND+ 0x7fb80b9b97bc: taken
+CND+ 0x7fb80b9b97ce: taken
+CND+ 0x7fb80b9b9848: taken
+CND+ 0x7fb80b9b9889: not taken
+CND+ 0x7fb80b9b989b: not taken
+CND+ 0x7fb80b9b98a8: taken
+CND+ 0x7fb80b9b9c2f: not taken
+CND+ 0x7fb80b9b9c57: taken
+CND+ 0x7fb80b9b9c65: not taken
+CND+ 0x7fb80b9b9c6e: taken
+CND+ 0x7fb80b9b9c86: not taken
+CND+ 0x7fb80b9b9cae: taken
+CND+ 0x7fb80b9ba366: taken
+CND+ 0x7fb80b9ba9d6: taken
+CND+ 0x7fb80b9baa31: not taken
+CND+ 0x7fb80b9baa51: taken
+CND+ 0x7fb80b9baaad: not taken
+CND+ 0x7fb80b9baab5: taken
+CND+ 0x7fb80b9bab00: taken
+CND+ 0x7fb80b9bab5a: not taken
+CND+ 0x7fb80b9bab62: not taken
+CND+ 0x7fb80b9bab6b: not taken
+CND+ 0x7fb80b9bab75: not taken
+CND+ 0x7fb80b9bab7f: taken
+CND+ 0x7fb80b9bab9b: taken
+CND+ 0x7fb80b9bac3c: taken
+CND+ 0x7fb80b9baed9: not taken
+CND+ 0x7fb80b9baee6: not taken
+CND+ 0x7fb80b9baf01: not taken
+CND+ 0x7fb80b9baf1a: not taken
+CND+ 0x7fb80b9baf20: not taken
+CND+ 0x7fb80b9baf26: taken
+CND+ 0x7fb80b9bb76c: not taken
+CND+ 0x7fb80b9bb78c: not taken
+CND+ 0x7fb80b9bb7d8: both
+CND+ 0x7fb80b9bb7e1: taken
+CND+ 0x7fb80b9bb806: not taken
+CND+ 0x7fb80b9bb840: not taken
+CND+ 0x7fb80b9bb84a: not taken
+CND+ 0x7fb80b9bb965: both
+CND+ 0x7fb80b9bb989: not taken
+CND+ 0x7fb80b9bb9b2: not taken
+CND+ 0x7fb80b9bb9bc: not taken
+CND+ 0x7fb80b9bb9e3: not taken
+CND+ 0x7fb80b9bba13: taken
+CND+ 0x7fb80b9bbafd: not taken
+CND+ 0x7fb80b9bbb1a: not taken
+CND+ 0x7fb80b9bbb61: taken
+CND+ 0x7fb80b9bc711: not taken
+CND+ 0x7fb80b9bc71d: not taken
+CND+ 0x7fb80b9bc722: not taken
+CND+ 0x7fb80b9bc748: not taken
+CND+ 0x7fb80b9bc74c: not taken
+CND+ 0x7fb80b9bc75f: not taken
+CND+ 0x7fb80b9bc7a4: not taken
+CND+ 0x7fb80b9bc8f3: both
+CND+ 0x7fb80b9bc90f: both
+CND+ 0x7fb80b9bc911: not taken
+CND+ 0x7fb80b9bc91a: taken
+CND+ 0x7fb80b9bca92: not taken
+CND+ 0x7fb80b9bcaba: not taken
+CND+ 0x7fb80b9bcad5: both
+CND+ 0x7fb80b9bcade: taken
+CND+ 0x7fb80b9bcaf7: not taken
+CND+ 0x7fb80b9bcb01: not taken
+CND+ 0x7fb80b9bcb05: not taken
+CND+ 0x7fb80b9bcb19: taken
+CND+ 0x7fb80b9bcc50: not taken
+CND+ 0x7fb80b9bcc62: taken
+CND+ 0x7fb80b9bcdb1: not taken
+CND+ 0x7fb80b9bcdea: both
+CND+ 0x7fb80b9bce13: not taken
+CND+ 0x7fb80b9bce20: taken
+CND+ 0x7fb80b9bce2d: not taken
+CND+ 0x7fb80b9bce43: not taken
+CND+ 0x7fb80b9bce4f: both
+CND+ 0x7fb80b9bce58: not taken
+CND+ 0x7fb80b9bce72: taken
+CND+ 0x7fb80b9bcee7: taken
+CND+ 0x7fb80b9bd75d: both
+CND+ 0x7fb80b9bd76f: not taken
+CND+ 0x7fb80b9bd782: both
+CND+ 0x7fb80b9bd787: both
+CND+ 0x7fb80b9bd795: both
+CND+ 0x7fb80b9bd8b1: not taken
+CND+ 0x7fb80b9bd8dc: not taken
+CND+ 0x7fb80b9bd8ea: not taken
+CND+ 0x7fb80b9bd8ec: both
+CND+ 0x7fb80b9bd8f5: not taken
+CND+ 0x7fb80b9bd8fb: taken
+CND+ 0x7fb80b9bd943: not taken
+CND+ 0x7fb80b9bd94c: taken
+CND+ 0x7fb80b9bd983: not taken
+CND+ 0x7fb80b9bd989: both
+CND+ 0x7fb80b9bd990: not taken
+CND+ 0x7fb80b9bd9ab: taken
+CND+ 0x7fb80b9bda0b: taken
+CND+ 0x7fb80b9bdb10: both
+CND+ 0x7fb80b9bdb1c: not taken
+CND+ 0x7fb80b9bdb21: both
+CND+ 0x7fb80b9bdb2f: not taken
+CND+ 0x7fb80b9bdb37: both
+CND+ 0x7fb80b9bdb44: both
+CND+ 0x7fb80b9bdb5e: taken
+CND+ 0x7fb80b9bdb92: both
+CND+ 0x7fb80b9bdb9b: taken
+CND+ 0x7fb80b9bdbfb: taken
+CND+ 0x7fb80b9bdd68: both
+CND+ 0x7fb80b9bdd71: taken
+CND+ 0x7fb80b9bdd8b: not taken
+CND+ 0x7fb80b9bdda3: taken
+CND+ 0x7fb80b9bdddd: taken
+CND+ 0x7fb80b9bde02: not taken
+CND+ 0x7fb80b9bde0b: taken
+CND+ 0x7fb80b9bde2f: not taken
+CND+ 0x7fb80b9bde35: taken
+CND+ 0x7fb80b9bde4f: not taken
+CND+ 0x7fb80b9bde58: both
+CND+ 0x7fb80b9bdf7d: not taken
+CND+ 0x7fb80b9be02c: not taken
+CND+ 0x7fb80b9be0c7: not taken
+CND+ 0x7fb80b9be0d0: both
+CND+ 0x7fb80b9be0d9: not taken
+CND+ 0x7fb80b9be5a7: both
+CND+ 0x7fb80b9be5ed: not taken
+CND+ 0x7fb80b9be5f2: taken
+CND+ 0x7fb80b9be682: not taken
+CND+ 0x7fb80b9be6a1: not taken
+CND+ 0x7fb80b9be7bb: not taken
+CND+ 0x7fb80b9be835: not taken
+CND+ 0x7fb80b9be870: not taken
+CND+ 0x7fb80b9be88e: not taken
+CND+ 0x7fb80b9be89e: not taken
+CND+ 0x7fb80b9be9ca: both
+CND+ 0x7fb80b9be9ea: taken
+CND+ 0x7fb80b9be9f6: taken
+CND+ 0x7fb80b9bea15: taken
+CND+ 0x7fb80b9bea38: not taken
+CND+ 0x7fb80b9bea48: taken
+CND+ 0x7fb80b9beabb: not taken
+CND+ 0x7fb80b9bf14f: not taken
+CND+ 0x7fb80b9bf16f: not taken
+CND+ 0x7fb80b9bf17e: taken
+CND+ 0x7fb80b9bfa5f: taken
+CND+ 0x7fb80b9bfb46: not taken
+CND+ 0x7fb80b9bfb50: taken
+CND+ 0x7fb80b9bfb69: taken
+CND+ 0x7fb80b9bfb93: taken
+CND+ 0x7fb80b9bfd2b: taken
+CND+ 0x7fb80b9bfe50: not taken
+CND+ 0x7fb80b9c0227: taken
+CND+ 0x7fb80b9c025f: not taken
+CND+ 0x7fb80b9c0278: taken
+CND+ 0x7fb80b9c02b9: not taken
+CND+ 0x7fb80b9c02d7: taken
+CND+ 0x7fb80b9c030b: taken
+CND+ 0x7fb80b9c0383: taken
+CND+ 0x7fb80b9c03e2: taken
+CND+ 0x7fb80b9c0456: taken
+CND+ 0x7fb80b9c0488: both
+CND+ 0x7fb80b9c048c: not taken
+CND+ 0x7fb80b9c0493: not taken
+CND+ 0x7fb80b9c0498: both
+CND+ 0x7fb80b9c04e0: not taken
+CND+ 0x7fb80b9c0512: not taken
+CND+ 0x7fb80b9c0519: taken
+CND+ 0x7fb80b9c0548: not taken
+CND+ 0x7fb80b9c054d: not taken
+CND+ 0x7fb80b9c05c9: not taken
+CND+ 0x7fb80b9c05d7: taken
+CND+ 0x7fb80b9c06f8: taken
+CND+ 0x7fb80b9c07b9: not taken
+CND+ 0x7fb80b9c0830: not taken
+CND+ 0x7fb80b9c0846: taken
+CND+ 0x7fb80b9c086e: not taken
+CND+ 0x7fb80b9c0b09: not taken
+CND+ 0x7fb80b9c0b13: not taken
+CND+ 0x7fb80b9c0c18: taken
+CND+ 0x7fb80b9c0c9d: not taken
+CND+ 0x7fb80b9c0dfa: taken
+CND+ 0x7fb80b9c2946: both
+CND+ 0x7fb80b9c2963: both
+CND+ 0x7fb80b9c2968: not taken
+CND+ 0x7fb80b9c296e: not taken
+CND+ 0x7fb80b9c2986: not taken
+CND+ 0x7fb80b9c298b: both
+CND+ 0x7fb80b9c299a: both
+CND+ 0x7fb80b9c299f: both
+CND+ 0x7fb80b9c29ac: both
+CND+ 0x7fb80b9c29b7: both
+CND+ 0x7fb80b9c29c4: not taken
+CND+ 0x7fb80b9c2a10: not taken
+CND+ 0x7fb80b9c2a15: taken
+CND+ 0x7fb80b9c2a2e: both
+CND+ 0x7fb80b9c2a32: both
+CND+ 0x7fb80b9c2a5c: both
+CND+ 0x7fb80b9c2add: not taken
+CND+ 0x7fb80b9c2ae2: not taken
+CND+ 0x7fb80b9c2afe: not taken
+CND+ 0x7fb80b9c2b02: both
+CND+ 0x7fb80b9c2b48: both
+CND+ 0x7fb80b9c2b52: not taken
+CND+ 0x7fb80b9c2b5c: not taken
+CND+ 0x7fb80b9c2b65: both
+CND+ 0x7fb80b9c2b6b: taken
+CND+ 0x7fb80b9c2b75: not taken
+CND+ 0x7fb80b9c2b95: not taken
+CND+ 0x7fb80b9c2ba2: not taken
+CND+ 0x7fb80b9c2bc4: not taken
+CND+ 0x7fb80b9c2bce: not taken
+CND+ 0x7fb80b9c2bf6: taken
+CND+ 0x7fb80b9c2c24: taken
+CND+ 0x7fb80b9c2ce1: not taken
+CND+ 0x7fb80b9c2cea: not taken
+CND+ 0x7fb80b9c2cf3: not taken
+CND+ 0x7fb80b9c2d25: not taken
+CND+ 0x7fb80b9c2d53: not taken
+CND+ 0x7fb80b9c2d5d: not taken
+CND+ 0x7fb80b9c2eb5: not taken
+CND+ 0x7fb80b9c2eba: not taken
+CND+ 0x7fb80b9c2ed8: both
+CND+ 0x7fb80b9c2edc: taken
+CND+ 0x7fb80b9c2f0f: not taken
+CND+ 0x7fb80b9c2f15: not taken
+CND+ 0x7fb80b9c346f: not taken
+CND+ 0x7fb80b9c353d: not taken
+CND+ 0x7fb80b9c3547: not taken
+CND+ 0x7fb80b9c3605: not taken
+CND+ 0x7fb80b9c360f: not taken
+CND+ 0x7fb80b9c3647: not taken
+CND+ 0x7fb80b9c365e: not taken
+CND+ 0x7fb80b9c37bd: taken
+CND+ 0x7fb80b9c37d2: taken
+CND+ 0x7fb80b9c37df: not taken
+CND+ 0x7fb80b9c37e4: both
+CND+ 0x7fb80b9c37fa: taken
+CND+ 0x7fb80b9c3856: not taken
+CND+ 0x7fb80b9c385b: taken
+CND+ 0x7fb80b9c387a: not taken
+CND+ 0x7fb80b9c389a: not taken
+CND+ 0x7fb80b9c38b7: not taken
+CND+ 0x7fb80b9c38c5: not taken
+CND+ 0x7fb80b9c38d4: taken
+CND+ 0x7fb80b9c3df1: not taken
+CND+ 0x7fb80b9c3e0c: not taken
@0x7fb80b9c055f to 0x7fb80b9c0580 1
@0x7fb80b9c055f to 0x7fb80b9c05c0 1
@0x7fb80b9c055f to 0x7fb80b9c05a8 2
@0x7fb80b9be8af to 0x7fb80b9bea01 185
@0x7fb80b9be8af to 0x7fb80b9be9f0 10
@0x7fb80b9be8af to 0x7fb80b9bea28 1
@0x7fb80b9c2c19 to 0x7fb80b9b67d0 1
@0x7fb80b9c2c19 to 0x7fb80b9bd120 1
@0x7fb80b9b2050 to 0x7fb80f4eba30 4
@0x7fb80b9b2080 to 0x7fb80f48b330 2
@0x7fb80b9b2090 to 0x7fb80f52d710 1
@0x7fb80b9b20a0 to 0x7fb80f503e70 5
@0x7fb80b9b20d0 to 0x7fb80f49ea20 7
@0x7fb80b9b20f0 to 0x7fb80f5c2800 4
@0x7fb80b9b2130 to 0x7fb80f52e1e0 1
@0x7fb80b9b2140 to 0x7fb80f4a2c10 1
@0x7fb80b9b2150 to 0x7fb80f550800 4
@0x7fb80b9b2160 to 0x7fb80f52d230 1
@0x7fb80b9b2190 to 0x7fb80f5c2bc0 8
@0x7fb80b9b21c0 to 0x7fb80f52e200 1
@0x7fb80b9b21e0 to 0x7fb80f5c25d0 1
@0x7fb80b9b2220 to 0x7fb80f52e210 2
@0x7fb80b9b2230 to 0x7fb80f551b10 1
@0x7fb80b9b416e to 0x7fb80b9b41c0 1
@0x7fb80b9b2280 to 0x7fb80f5bdd10 11
@0x7fb80b9b22a0 to 0x7fb80f49e450 4
@0x7fb80b9b41ac to 0x7fb80b9b4e90 1
@0x7fb80b9b22d0 to 0x7fb80f5be100 9
@0x7fb80b9b2320 to 0x7fb80f49f0f0 4
@0x7fb80b9b2330 to 0x7fb80f5c3100 6
@0x7fb80b9b2350 to 0x7fb80f52e220 1
@0x7fb80b9b2370 to 0x7fb80f550800 2
@0x7fb80b9b2390 to 0x7fb80f4eb3e0 23
@0x7fb80b9b23b0 to 0x7fb80f52e230 1
@0x7fb80b9b23c0 to 0x7fb80f5bde90 22
@0x7fb80b9b23e0 to 0x7fb80f56eba0 1
@0x7fb80b9b2410 to 0x7fb80f4ebc80 1
@0x7fb80b9b2460 to 0x7fb80f5c30e0 13
@0x7fb80b9b2510 to 0x7fb80f52e1f0 1
@0x7fb80b9b2560 to 0x7fb80f52d4e0 1
@0x7fb80b9b2570 to 0x7fb80f497580 191
@0x7fb80b9bdf91 to 0x7fb80b9be075 1
@0x7fb80b9b2784 to 0x7fb80f48afb0 1
@0x7fb80b9c3e01 to 0x7fb80b9b2840 1
