MODULE_NAME: /usr/bin/gs
MODULE_START: 0x7efde6411000
+B+: 0x7efde6412000 0x7efde641200f
+B+: 0x7efde6412012 0x7efde6412016
+B+: 0x7efde6412020 0x7efde641202b
+B+: 0x7efde6412030 0x7efde6412035
+B+: 0x7efde6412036 0x7efde641203f
+B+: 0x7efde6412040 0x7efde6412045
+B+: 0x7efde6412046 0x7efde641204f
+B+: 0x7efde6412050 0x7efde6412055
+B+: 0x7efde6412056 0x7efde641205f
+B+: 0x7efde6412090 0x7efde6412095
+B+: 0x7efde6412096 0x7efde641209f
+B+: 0x7efde64120b0 0x7efde64120b5
+B+: 0x7efde64120b6 0x7efde64120bf
+B+: 0x7efde64120c0 0x7efde64120c5
+B+: 0x7efde64120c6 0x7efde64120cf
+B+: 0x7efde64120d0 0x7efde64120d5
+B+: 0x7efde64120d6 0x7efde64120df
+B+: 0x7efde64120e0 0x7efde64120e5
+B+: 0x7efde64120f0 0x7efde6412121
+B+: 0x7efde6412122 0x7efde6412127
+B+: 0x7efde6412128 0x7efde6412130
+B+: 0x7efde6412131 0x7efde6412132
+B+: 0x7efde6412133 0x7efde6412137
+B+: 0x7efde6412138 0x7efde6412152
+B+: 0x7efde6412153 0x7efde641215b
+B+: 0x7efde6412184 0x7efde64121a2
+B+: 0x7efde64121a3 0x7efde64121b1
+B+: 0x7efde64121b2 0x7efde64121b7
+B+: 0x7efde64121b8 0x7efde64121c1
+B+: 0x7efde64121c2 0x7efde64121c5
+B+: 0x7efde64121c6 0x7efde64121ca
+B+: 0x7efde64121cb 0x7efde64121d6
+B+: 0x7efde64121d7 0x7efde64121db
+B+: 0x7efde6412220 0x7efde6412249
+B+: 0x7efde6412250 0x7efde6412262
+B+: 0x7efde6412278 0x7efde6412278
+B+: 0x7efde6412280 0x7efde64122a3
+B+: 0x7efde64122b8 0x7efde64122b8
+B+: 0x7efde64122c0 0x7efde64122c8
+B+: 0x7efde64122c9 0x7efde64122d6
+B+: 0x7efde64122d7 0x7efde64122e2
+B+: 0x7efde64122e3 0x7efde64122e7
+B+: 0x7efde64122e8 0x7efde64122f0
+B+: 0x7efde6412300 0x7efde6412304
+B+: 0x7efde6412350 0x7efde6412373
+B+: 0x7efde6412374 0x7efde641237c
+B+: 0x7efde641237d 0x7efde6412385
+B+: 0x7efde64123c0 0x7efde64123ec
+B+: 0x7efde64123ed 0x7efde64123f2
+B+: 0x7efde64123f3 0x7efde6412404
+B+: 0x7efde6412405 0x7efde641240d
+B+: 0x7efde641240e 0x7efde641241c
+B+: 0x7efde6412424 0x7efde641242c
+CND+ 0x7efde641200e: taken
+CND+ 0x7efde6412126: taken
+CND+ 0x7efde641212b: not taken
+CND+ 0x7efde6412131: not taken
+CND+ 0x7efde6412136: not taken
+CND+ 0x7efde641214d: not taken
+CND+ 0x7efde64121b6: not taken
+CND+ 0x7efde64121c4: not taken
+CND+ 0x7efde64121c9: not taken
+CND+ 0x7efde6412261: taken
+CND+ 0x7efde64122a2: taken
+CND+ 0x7efde64122c7: not taken
+CND+ 0x7efde64122d5: not taken
+CND+ 0x7efde64123f1: not taken
+CND+ 0x7efde641240c: not taken
@0x7efde6412026 to 0x7efdea401500 7
@0x7efde6412030 to 0x7efde6412036 1
@0x7efde6412040 to 0x7efde6412046 1
@0x7efde6412050 to 0x7efde6412056 1
@0x7efde6412090 to 0x7efde6412096 1
@0x7efde64120b0 to 0x7efde64120b6 1
@0x7efde64120c0 to 0x7efde64120c6 1
@0x7efde64120d0 to 0x7efde64120d6 1
@0x7efde64120e0 to 0x7efde8f671c0 1
@0x7efde6412244 to 0x7efde8f50fb0 1
@0x7efde6412401 to 0x7efde6412300 1
