MODULE_NAME: /bin/dash
MODULE_START: 0x7f8aaade0000
+B+: 0x7f8aaade4000 0x7f8aaade400f
+B+: 0x7f8aaade4012 0x7f8aaade4016
+B+: 0x7f8aaade4050 0x7f8aaade4055
+B+: 0x7f8aaade4080 0x7f8aaade4085
+B+: 0x7f8aaade4090 0x7f8aaade4095
+B+: 0x7f8aaade40a0 0x7f8aaade40a5
+B+: 0x7f8aaade40d0 0x7f8aaade40d5
+B+: 0x7f8aaade40f0 0x7f8aaade40f5
+B+: 0x7f8aaade4130 0x7f8aaade4135
+B+: 0x7f8aaade4140 0x7f8aaade4145
+B+: 0x7f8aaade4150 0x7f8aaade4155
+B+: 0x7f8aaade4160 0x7f8aaade4165
+B+: 0x7f8aaade4190 0x7f8aaade4195
+B+: 0x7f8aaade41c0 0x7f8aaade41c5
+B+: 0x7f8aaade41e0 0x7f8aaade41e5
+B+: 0x7f8aaade4220 0x7f8aaade4225
+B+: 0x7f8aaade4230 0x7f8aaade4235
+B+: 0x7f8aaade4280 0x7f8aaade4285
+B+: 0x7f8aaade42a0 0x7f8aaade42a5
+B+: 0x7f8aaade42d0 0x7f8aaade42d5
+B+: 0x7f8aaade4320 0x7f8aaade4325
+B+: 0x7f8aaade4330 0x7f8aaade4335
+B+: 0x7f8aaade4350 0x7f8aaade4355
+B+: 0x7f8aaade4370 0x7f8aaade4375
+B+: 0x7f8aaade4390 0x7f8aaade4395
+B+: 0x7f8aaade43b0 0x7f8aaade43b5
+B+: 0x7f8aaade43c0 0x7f8aaade43c5
+B+: 0x7f8aaade43e0 0x7f8aaade43e5
+B+: 0x7f8aaade4410 0x7f8aaade4415
+B+: 0x7f8aaade4460 0x7f8aaade4465
+B+: 0x7f8aaade4510 0x7f8aaade4515
+B+: 0x7f8aaade4560 0x7f8aaade4565
+B+: 0x7f8aaade4570 0x7f8aaade4575
+B+: 0x7f8aaade4590 0x7f8aaade45b8
+B+: 0x7f8aaade45b9 0x7f8aaade45c4
+B+: 0x7f8aaade45c5 0x7f8aaade45cf
+B+: 0x7f8aaade45d0 0x7f8aaade45e7
+B+: 0x7f8aaade45e8 0x7f8aaade45ef
+B+: 0x7f8aaade45f0 0x7f8aaade4600
+B+: 0x7f8aaade4601 0x7f8aaade460b
+B+: 0x7f8aaade460c 0x7f8aaade4615
+B+: 0x7f8aaade4616 0x7f8aaade4623
+B+: 0x7f8aaade4624 0x7f8aaade462b
+B+: 0x7f8aaade462c 0x7f8aaade463c
+B+: 0x7f8aaade4657 0x7f8aaade4660
+B+: 0x7f8aaade4661 0x7f8aaade4678
+B+: 0x7f8aaade4679 0x7f8aaade467f
+B+: 0x7f8aaade4680 0x7f8aaade468c
+B+: 0x7f8aaade468d 0x7f8aaade4696
+B+: 0x7f8aaade4697 0x7f8aaade469b
+B+: 0x7f8aaade4760 0x7f8aaade4789
+B+: 0x7f8aaade47c0 0x7f8aaade47e3
+B+: 0x7f8aaade47f8 0x7f8aaade47f8
+B+: 0x7f8aaade4840 0x7f8aaade4844
+B+: 0x7f8aaade4850 0x7f8aaade4863
+B+: 0x7f8aaade4864 0x7f8aaade486f
+B+: 0x7f8aaade4870 0x7f8aaade487d
+B+: 0x7f8aaade487e 0x7f8aaade48aa
+B+: 0x7f8aaade48ab 0x7f8aaade48ac
+B+: 0x7f8aaade48cb 0x7f8aaade48d2
+B+: 0x7f8aaade4a50 0x7f8aaade4a57
+B+: 0x7f8aaade4a58 0x7f8aaade4a5e
+B+: 0x7f8aaade4a5f 0x7f8aaade4a63
+B+: 0x7f8aaade4a71 0x7f8aaade4a72
+B+: 0x7f8aaade56d0 0x7f8aaade56eb
+B+: 0x7f8aaade56ec 0x7f8aaade5705
+B+: 0x7f8aaade5717 0x7f8aaade571b
+B+: 0x7f8aaade571c 0x7f8aaade5720
+B+: 0x7f8aaade572c 0x7f8aaade5730
+B+: 0x7f8aaade573e 0x7f8aaade574d
+B+: 0x7f8aaade574e 0x7f8aaade5757
+B+: 0x7f8aaade5758 0x7f8aaade5775
+B+: 0x7f8aaade5780 0x7f8aaade5788
+B+: 0x7f8aaade5789 0x7f8aaade5790
+B+: 0x7f8aaade5791 0x7f8aaade579c
+B+: 0x7f8aaade6060 0x7f8aaade607e
+B+: 0x7f8aaade610d 0x7f8aaade611c
+B+: 0x7f8aaade611d 0x7f8aaade6123
+B+: 0x7f8aaade6140 0x7f8aaade614a
+B+: 0x7f8aaade614b 0x7f8aaade6152
+B+: 0x7f8aaade6153 0x7f8aaade615d
+B+: 0x7f8aaade615e 0x7f8aaade616f
+B+: 0x7f8aaade6188 0x7f8aaade618c
+B+: 0x7f8aaade618d 0x7f8aaade6191
+B+: 0x7f8aaade6192 0x7f8aaade619c
+B+: 0x7f8aaade61a7 0x7f8aaade61ad
+B+: 0x7f8aaade61ae 0x7f8aaade61b5
+B+: 0x7f8aaade61c0 0x7f8aaade61cf
+B+: 0x7f8aaade6bc0 0x7f8aaade6bfa
+B+: 0x7f8aaade6bfb 0x7f8aaade6c07
+B+: 0x7f8aaade6c08 0x7f8aaade6c0f
+B+: 0x7f8aaade6c10 0x7f8aaade6c11
+B+: 0x7f8aaade6c18 0x7f8aaade6c21
+B+: 0x7f8aaade6c22 0x7f8aaade6c2e
+B+: 0x7f8aaade6c32 0x7f8aaade6c39
+B+: 0x7f8aaade6c3a 0x7f8aaade6c49
+B+: 0x7f8aaade6c4a 0x7f8aaade6c51
+B+: 0x7f8aaade6c52 0x7f8aaade6c58
+B+: 0x7f8aaade6c59 0x7f8aaade6c60
+B+: 0x7f8aaade6c61 0x7f8aaade6c68
+B+: 0x7f8aaade6c69 0x7f8aaade6c6d
+B+: 0x7f8aaade6c6e 0x7f8aaade6c77
+B+: 0x7f8aaade6c78 0x7f8aaade6c89
+B+: 0x7f8aaade6c8a 0x7f8aaade6c98
+B+: 0x7f8aaade6e90 0x7f8aaade6ed3
+B+: 0x7f8aaade6edf 0x7f8aaade6ef5
+B+: 0x7f8aaade6ef6 0x7f8aaade6efa
+B+: 0x7f8aaade6efb 0x7f8aaade6f5a
+B+: 0x7f8aaade6f5b 0x7f8aaade6f67
+B+: 0x7f8aaade6f68 0x7f8aaade6f77
+B+: 0x7f8aaade6f78 0x7f8aaade6f7f
+B+: 0x7f8aaade6f80 0x7f8aaade6f8b
+B+: 0x7f8aaade6f8c 0x7f8aaade6f94
+B+: 0x7f8aaade6f95 0x7f8aaade6f9b
+B+: 0x7f8aaade6fa0 0x7f8aaade6faf
+B+: 0x7f8aaade6fb0 0x7f8aaade6fc5
+B+: 0x7f8aaade6fc6 0x7f8aaade6fcf
+B+: 0x7f8aaade6fd0 0x7f8aaade6fe3
+B+: 0x7f8aaade6fe4 0x7f8aaade6ffc
+B+: 0x7f8aaade7019 0x7f8aaade702b
+B+: 0x7f8aaade702c 0x7f8aaade7034
+B+: 0x7f8aaade7035 0x7f8aaade7047
+B+: 0x7f8aaade7048 0x7f8aaade705b
+B+: 0x7f8aaade70a8 0x7f8aaade70b4
+B+: 0x7f8aaade70b5 0x7f8aaade70b9
+B+: 0x7f8aaade70db 0x7f8aaade70e1
+B+: 0x7f8aaade70f0 0x7f8aaade7103
+B+: 0x7f8aaade7104 0x7f8aaade7113
+B+: 0x7f8aaade7114 0x7f8aaade711b
+B+: 0x7f8aaade711c 0x7f8aaade7122
+B+: 0x7f8aaade7123 0x7f8aaade7152
+B+: 0x7f8aaade7153 0x7f8aaade715f
+B+: 0x7f8aaade7160 0x7f8aaade7168
+B+: 0x7f8aaade7216 0x7f8aaade721c
+B+: 0x7f8aaade7224 0x7f8aaade722d
+B+: 0x7f8aaade722e 0x7f8aaade7237
+B+: 0x7f8aaade7238 0x7f8aaade7241
+B+: 0x7f8aaade7242 0x7f8aaade724b
+B+: 0x7f8aaade725d 0x7f8aaade7266
+B+: 0x7f8aaade7267 0x7f8aaade7281
+B+: 0x7f8aaade7282 0x7f8aaade7293
+B+: 0x7f8aaade734c 0x7f8aaade7353
+B+: 0x7f8aaade7354 0x7f8aaade736f
+B+: 0x7f8aaade751b 0x7f8aaade7525
+B+: 0x7f8aaade7526 0x7f8aaade752e
+B+: 0x7f8aaade752f 0x7f8aaade7537
+B+: 0x7f8aaade78d0 0x7f8aaade78ec
+B+: 0x7f8aaade78ed 0x7f8aaade78f1
+B+: 0x7f8aaade78f8 0x7f8aaade78fa
+B+: 0x7f8aaade78fb 0x7f8aaade7907
+B+: 0x7f8aaade7908 0x7f8aaade793e
+B+: 0x7f8aaade793f 0x7f8aaade7940
+B+: 0x7f8aaade7963 0x7f8aaade7977
+B+: 0x7f8aaade7980 0x7f8aaade7986
+B+: 0x7f8aaade7987 0x7f8aaade798e
+B+: 0x7f8aaade798f 0x7f8aaade7997
+B+: 0x7f8aaade7998 0x7f8aaade79ba
+B+: 0x7f8aaade79bb 0x7f8aaade79bc
+B+: 0x7f8aaade79c0 0x7f8aaade79e7
+B+: 0x7f8aaade79e8 0x7f8aaade79f7
+B+: 0x7f8aaade7a19 0x7f8aaade7a21
+B+: 0x7f8aaade7a22 0x7f8aaade7a2a
+B+: 0x7f8aaade7a2b 0x7f8aaade7a34
+B+: 0x7f8aaade7a35 0x7f8aaade7a3f
+B+: 0x7f8aaade7ad0 0x7f8aaade7ae9
+B+: 0x7f8aaade7aea 0x7f8aaade7b00
+B+: 0x7f8aaade7b10 0x7f8aaade7b1f
+B+: 0x7f8aaade7b20 0x7f8aaade7b2b
+B+: 0x7f8aaade7b2c 0x7f8aaade7b31
+B+: 0x7f8aaade7b32 0x7f8aaade7b41
+B+: 0x7f8aaade7b56 0x7f8aaade7b61
+B+: 0x7f8aaade7b62 0x7f8aaade7b6f
+B+: 0x7f8aaade7b70 0x7f8aaade7b85
+B+: 0x7f8aaade7b86 0x7f8aaade7b97
+B+: 0x7f8aaade7b98 0x7f8aaade7bc0
+B+: 0x7f8aaade7bc8 0x7f8aaade7bcc
+B+: 0x7f8aaade7bcd 0x7f8aaade7bea
+B+: 0x7f8aaade7d70 0x7f8aaade7d98
+B+: 0x7f8aaade7da0 0x7f8aaade7da1
+B+: 0x7f8aaade7da2 0x7f8aaade7daa
+B+: 0x7f8aaade7dab 0x7f8aaade7dc5
+B+: 0x7f8aaade7dc6 0x7f8aaade7dc9
+B+: 0x7f8aaade7dca 0x7f8aaade7dd1
+B+: 0x7f8aaade7dd2 0x7f8aaade7de6
+B+: 0x7f8aaade7df0 0x7f8aaade7e2a
+B+: 0x7f8aaade7e2b 0x7f8aaade7e2f
+B+: 0x7f8aaade7e46 0x7f8aaade7e5c
+B+: 0x7f8aaade7e5d 0x7f8aaade7e6e
+B+: 0x7f8aaade7e90 0x7f8aaade7ead
+B+: 0x7f8aaade7ec8 0x7f8aaade7ed1
+B+: 0x7f8aaade7ed2 0x7f8aaade7edd
+B+: 0x7f8aaade7f6c 0x7f8aaade7f8f
+B+: 0x7f8aaade7f90 0x7f8aaade7f9c
+B+: 0x7f8aaade7f9d 0x7f8aaade7fa8
+B+: 0x7f8aaade7fa9 0x7f8aaade7fb0
+B+: 0x7f8aaade7fb1 0x7f8aaade7fc5
+B+: 0x7f8aaade8008 0x7f8aaade8012
+B+: 0x7f8aaade8013 0x7f8aaade801e
+B+: 0x7f8aaade801f 0x7f8aaade802e
+B+: 0x7f8aaade8060 0x7f8aaade8066
+B+: 0x7f8aaade8067 0x7f8aaade8074
+B+: 0x7f8aaade8075 0x7f8aaade8086
+B+: 0x7f8aaade8087 0x7f8aaade808e
+B+: 0x7f8aaade808f 0x7f8aaade80a2
+B+: 0x7f8aaade80a3 0x7f8aaade80b0
+B+: 0x7f8aaade8100 0x7f8aaade8116
+B+: 0x7f8aaade8145 0x7f8aaade814d
+B+: 0x7f8aaade814e 0x7f8aaade8157
+B+: 0x7f8aaade8160 0x7f8aaade8166
+B+: 0x7f8aaade81c0 0x7f8aaade81d1
+B+: 0x7f8aaade81e8 0x7f8aaade81ef
+B+: 0x7f8aaade8248 0x7f8aaade825b
+B+: 0x7f8aaade825c 0x7f8aaade8271
+B+: 0x7f8aaade87d0 0x7f8aaade87ff
+B+: 0x7f8aaade880f 0x7f8aaade8812
+B+: 0x7f8aaade8813 0x7f8aaade881c
+B+: 0x7f8aaade881d 0x7f8aaade8820
+B+: 0x7f8aaade8821 0x7f8aaade882f
+B+: 0x7f8aaade8830 0x7f8aaade883a
+B+: 0x7f8aaade884f 0x7f8aaade885a
+B+: 0x7f8aaade885f 0x7f8aaade8862
+B+: 0x7f8aaade8870 0x7f8aaade8877
+B+: 0x7f8aaade8878 0x7f8aaade888d
+B+: 0x7f8aaade9440 0x7f8aaade9464
+B+: 0x7f8aaade961e 0x7f8aaade9627
+B+: 0x7f8aaade9628 0x7f8aaade9631
+B+: 0x7f8aaade9632 0x7f8aaade9659
+B+: 0x7f8aaade96af 0x7f8aaade96bc
+B+: 0x7f8aaade96c0 0x7f8aaade96cb
+B+: 0x7f8aaade9730 0x7f8aaade973b
+B+: 0x7f8aaade9740 0x7f8aaade975e
+B+: 0x7f8aaade975f 0x7f8aaade9767
+B+: 0x7f8aaade97d2 0x7f8aaade97e3
+B+: 0x7f8aaade98a0 0x7f8aaade98a7
+B+: 0x7f8aaadea260 0x7f8aaadea2a5
+B+: 0x7f8aaadea2b5 0x7f8aaadea2be
+B+: 0x7f8aaadea2bf 0x7f8aaadea2d2
+B+: 0x7f8aaadea2d3 0x7f8aaadea2fc
+B+: 0x7f8aaadea2fd 0x7f8aaadea310
+B+: 0x7f8aaadea324 0x7f8aaadea328
+B+: 0x7f8aaadea336 0x7f8aaadea33f
+B+: 0x7f8aaadea340 0x7f8aaadea344
+B+: 0x7f8aaadea370 0x7f8aaadea386
+B+: 0x7f8aaadea387 0x7f8aaadea398
+B+: 0x7f8aaadea3a0 0x7f8aaadea3b6
+B+: 0x7f8aaadea3b7 0x7f8aaadea3d7
+B+: 0x7f8aaadea3dd 0x7f8aaadea3ec
+B+: 0x7f8aaadea850 0x7f8aaadea886
+B+: 0x7f8aaadea887 0x7f8aaadea89a
+B+: 0x7f8aaadea89b 0x7f8aaadea8ad
+B+: 0x7f8aaadea8ae 0x7f8aaadea8c4
+B+: 0x7f8aaadea8c5 0x7f8aaadea8d7
+B+: 0x7f8aaadea8d8 0x7f8aaadea8e7
+B+: 0x7f8aaadea8e8 0x7f8aaadea90c
+B+: 0x7f8aaadea90d 0x7f8aaadea915
+B+: 0x7f8aaadea924 0x7f8aaadea933
+B+: 0x7f8aaadea934 0x7f8aaadea947
+B+: 0x7f8aaadea948 0x7f8aaadea954
+B+: 0x7f8aaadea955 0x7f8aaadea95f
+B+: 0x7f8aaadea960 0x7f8aaadea964
+B+: 0x7f8aaadeaa6a 0x7f8aaadeaa7c
+B+: 0x7f8aaadeaa7d 0x7f8aaadeaa9c
+B+: 0x7f8aaadeaba0 0x7f8aaadeabad
+B+: 0x7f8aaadeabae 0x7f8aaadeabe1
+B+: 0x7f8aaadeabf0 0x7f8aaadeabfb
+B+: 0x7f8aaadeadb0 0x7f8aaadeadbd
+B+: 0x7f8aaadeadbe 0x7f8aaadeadca
+B+: 0x7f8aaadeadcb 0x7f8aaadeade3
+B+: 0x7f8aaadeade8 0x7f8aaadeadf4
+B+: 0x7f8aaadeadf8 0x7f8aaadeae04
+B+: 0x7f8aaadeae05 0x7f8aaadeae12
+B+: 0x7f8aaadeae13 0x7f8aaadeae1d
+B+: 0x7f8aaadeaeb4 0x7f8aaadeaec1
+B+: 0x7f8aaadeb160 0x7f8aaadeb174
+B+: 0x7f8aaadeb175 0x7f8aaadeb187
+B+: 0x7f8aaadeb188 0x7f8aaadeb1a2
+B+: 0x7f8aaadeb1a3 0x7f8aaadeb1ac
+B+: 0x7f8aaadeb1ad 0x7f8aaadeb1b3
+B+: 0x7f8aaadeb1d0 0x7f8aaadeb1e5
+B+: 0x7f8aaadeb1eb 0x7f8aaadeb1f3
+B+: 0x7f8aaadeb205 0x7f8aaadeb20b
+B+: 0x7f8aaadeb20c 0x7f8aaadeb21d
+B+: 0x7f8aaadeb21e 0x7f8aaadeb226
+B+: 0x7f8aaadeb227 0x7f8aaadeb230
+B+: 0x7f8aaadeb231 0x7f8aaadeb232
+B+: 0x7f8aaadeb240 0x7f8aaadeb248
+B+: 0x7f8aaadeb260 0x7f8aaadeb260
+B+: 0x7f8aaadeb520 0x7f8aaadeb534
+B+: 0x7f8aaadeb572 0x7f8aaadeb578
+B+: 0x7f8aaadeb580 0x7f8aaadeb583
+B+: 0x7f8aaadeb610 0x7f8aaadeb656
+B+: 0x7f8aaadeb65b 0x7f8aaadeb686
+B+: 0x7f8aaadeb687 0x7f8aaadeb69d
+B+: 0x7f8aaadeb6fc 0x7f8aaadeb708
+B+: 0x7f8aaadeb709 0x7f8aaadeb711
+B+: 0x7f8aaadeb712 0x7f8aaadeb72a
+B+: 0x7f8aaadeb72b 0x7f8aaadeb73c
+B+: 0x7f8aaadeb740 0x7f8aaadeb747
+B+: 0x7f8aaadeb748 0x7f8aaadeb75f
+B+: 0x7f8aaadeb760 0x7f8aaadeb766
+B+: 0x7f8aaadeb767 0x7f8aaadeb780
+B+: 0x7f8aaadeb790 0x7f8aaadeb793
+B+: 0x7f8aaadeb794 0x7f8aaadeb798
+B+: 0x7f8aaadeb7a2 0x7f8aaadeb7aa
+B+: 0x7f8aaadeb7ab 0x7f8aaadeb7ae
+B+: 0x7f8aaadeb7af 0x7f8aaadeb7bd
+B+: 0x7f8aaadeb7cb 0x7f8aaadeb7d3
+B+: 0x7f8aaadeb825 0x7f8aaadeb841
+B+: 0x7f8aaadeb842 0x7f8aaadeb84d
+B+: 0x7f8aaadeb87e 0x7f8aaadeb88e
+B+: 0x7f8aaadeb88f 0x7f8aaadeb8a0
+B+: 0x7f8aaadeb8a1 0x7f8aaadeb8ad
+B+: 0x7f8aaadebc10 0x7f8aaadebc30
+B+: 0x7f8aaadebc31 0x7f8aaadebc58
+B+: 0x7f8aaadebc5e 0x7f8aaadebc66
+B+: 0x7f8aaadebc67 0x7f8aaadebc6f
+B+: 0x7f8aaadebc78 0x7f8aaadebc87
+B+: 0x7f8aaadebc88 0x7f8aaadebc89
+B+: 0x7f8aaadebca0 0x7f8aaadebcaf
+B+: 0x7f8aaadebcba 0x7f8aaadebcc4
+B+: 0x7f8aaadebce0 0x7f8aaadebce8
+B+: 0x7f8aaadec360 0x7f8aaadec36b
+B+: 0x7f8aaadec480 0x7f8aaadec480
+B+: 0x7f8aaadec9c0 0x7f8aaadec9db
+B+: 0x7f8aaadeca16 0x7f8aaadeca32
+B+: 0x7f8aaadeca33 0x7f8aaadeca52
+B+: 0x7f8aaadeca63 0x7f8aaadeca6a
+B+: 0x7f8aaadeca90 0x7f8aaadecaa6
+B+: 0x7f8aaadecaa7 0x7f8aaadecaae
+B+: 0x7f8aaadecaaf 0x7f8aaadecab6
+B+: 0x7f8aaadecaf6 0x7f8aaadecb01
+B+: 0x7f8aaadecb0c 0x7f8aaadecb34
+B+: 0x7f8aaadecb40 0x7f8aaadecb57
+B+: 0x7f8aaadecb58 0x7f8aaadecb5f
+B+: 0x7f8aaadecb60 0x7f8aaadecb67
+B+: 0x7f8aaadecb68 0x7f8aaadecb70
+B+: 0x7f8aaadecb71 0x7f8aaadecb7a
+B+: 0x7f8aaadecb7b 0x7f8aaadecb80
+B+: 0x7f8aaadecb97 0x7f8aaadecb9c
+B+: 0x7f8aaadecc0a 0x7f8aaadecc3d
+B+: 0x7f8aaadecc47 0x7f8aaadecc53
+B+: 0x7f8aaadeced0 0x7f8aaadecede
+B+: 0x7f8aaadecedf 0x7f8aaadecee7
+B+: 0x7f8aaadecee8 0x7f8aaadecefc
+B+: 0x7f8aaadecefd 0x7f8aaadecf02
+B+: 0x7f8aaadecf03 0x7f8aaadecf1b
+B+: 0x7f8aaadecf1c 0x7f8aaadecf21
+B+: 0x7f8aaadecf22 0x7f8aaadecf2b
+B+: 0x7f8aaadecfc0 0x7f8aaadecfc7
+B+: 0x7f8aaadecfc8 0x7f8aaadecfd0
+B+: 0x7f8aaaded760 0x7f8aaaded768
+B+: 0x7f8aaaded769 0x7f8aaaded76d
+B+: 0x7f8aaaded76e 0x7f8aaaded772
+B+: 0x7f8aaaded780 0x7f8aaaded788
+B+: 0x7f8aaaded789 0x7f8aaaded78d
+B+: 0x7f8aaaded78e 0x7f8aaaded792
+B+: 0x7f8aaaded7c0 0x7f8aaaded7d9
+B+: 0x7f8aaaded7da 0x7f8aaaded7e6
+B+: 0x7f8aaaded7f7 0x7f8aaaded802
+B+: 0x7f8aaaded803 0x7f8aaaded80b
+B+: 0x7f8aaaded80c 0x7f8aaaded841
+B+: 0x7f8aaaded842 0x7f8aaaded84b
+B+: 0x7f8aaaded84c 0x7f8aaaded852
+B+: 0x7f8aaaded853 0x7f8aaaded875
+B+: 0x7f8aaaded880 0x7f8aaaded88e
+B+: 0x7f8aaaded8b0 0x7f8aaaded8c8
+B+: 0x7f8aaaded900 0x7f8aaaded941
+B+: 0x7f8aaaded950 0x7f8aaaded966
+B+: 0x7f8aaaded967 0x7f8aaaded97e
+B+: 0x7f8aaaded97f 0x7f8aaaded98a
+B+: 0x7f8aaaded98b 0x7f8aaaded9b3
+B+: 0x7f8aaaded9b4 0x7f8aaaded9bd
+B+: 0x7f8aaaded9be 0x7f8aaaded9bf
+B+: 0x7f8aaaded9d0 0x7f8aaaded9e8
+B+: 0x7f8aaaded9e9 0x7f8aaadeda14
+B+: 0x7f8aaadeda1e 0x7f8aaadeda25
+B+: 0x7f8aaadeda26 0x7f8aaadeda33
+B+: 0x7f8aaadeda34 0x7f8aaadeda46
+B+: 0x7f8aaadedae0 0x7f8aaadedafe
+B+: 0x7f8aaadedaff 0x7f8aaadedb0c
+B+: 0x7f8aaadedb0d 0x7f8aaadedb1b
+B+: 0x7f8aaadedb1c 0x7f8aaadedb2c
+B+: 0x7f8aaadedb40 0x7f8aaadedb62
+B+: 0x7f8aaadedb98 0x7f8aaadedba9
+B+: 0x7f8aaadee6d0 0x7f8aaadee6f4
+B+: 0x7f8aaadee6f5 0x7f8aaadee70d
+B+: 0x7f8aaadee70e 0x7f8aaadee712
+B+: 0x7f8aaadee713 0x7f8aaadee71e
+B+: 0x7f8aaadee71f 0x7f8aaadee723
+B+: 0x7f8aaadee724 0x7f8aaadee728
+B+: 0x7f8aaadee729 0x7f8aaadee730
+B+: 0x7f8aaadee73c 0x7f8aaadee749
+B+: 0x7f8aaadee74a 0x7f8aaadee74d
+B+: 0x7f8aaadee74e 0x7f8aaadee760
+B+: 0x7f8aaadee761 0x7f8aaadee76b
+B+: 0x7f8aaadee790 0x7f8aaadee79d
+B+: 0x7f8aaadee79e 0x7f8aaadee7a5
+B+: 0x7f8aaadee7a6 0x7f8aaadee7a7
+B+: 0x7f8aaadee890 0x7f8aaadee89d
+B+: 0x7f8aaadee89e 0x7f8aaadee8a9
+B+: 0x7f8aaadee8aa 0x7f8aaadee8bd
+B+: 0x7f8aaadee8c0 0x7f8aaadee8ca
+B+: 0x7f8aaadee8d0 0x7f8aaadee8ef
+B+: 0x7f8aaadee8f0 0x7f8aaadee8f4
+B+: 0x7f8aaadee8f5 0x7f8aaadee90c
+B+: 0x7f8aaadee90d 0x7f8aaadee910
+B+: 0x7f8aaadee911 0x7f8aaadee912
+B+: 0x7f8aaadee913 0x7f8aaadee91b
+B+: 0x7f8aaadee91c 0x7f8aaadee930
+B+: 0x7f8aaadee938 0x7f8aaadee93c
+B+: 0x7f8aaadee980 0x7f8aaadee98f
+B+: 0x7f8aaadee990 0x7f8aaadee99b
+B+: 0x7f8aaadee99c 0x7f8aaadee9ab
+B+: 0x7f8aaadeea80 0x7f8aaadeea93
+B+: 0x7f8aaadeea94 0x7f8aaadeeaac
+B+: 0x7f8aaadeeaad 0x7f8aaadeeabf
+B+: 0x7f8aaadeeac0 0x7f8aaadeeada
+B+: 0x7f8aaadeeadb 0x7f8aaadeeae3
+B+: 0x7f8aaadeeaec 0x7f8aaadeeaf8
+B+: 0x7f8aaadeeaf9 0x7f8aaadeeb02
+B+: 0x7f8aaadeeb03 0x7f8aaadeeb06
+B+: 0x7f8aaadeeb07 0x7f8aaadeeb1a
+B+: 0x7f8aaadeec49 0x7f8aaadeec55
+B+: 0x7f8aaadeec56 0x7f8aaadeec67
+B+: 0x7f8aaadeec82 0x7f8aaadeec93
+B+: 0x7f8aaadeed77 0x7f8aaadeed82
+B+: 0x7f8aaadeeda0 0x7f8aaadeedb2
+B+: 0x7f8aaadeedb3 0x7f8aaadeeddf
+B+: 0x7f8aaadeede0 0x7f8aaadeedeb
+B+: 0x7f8aaadeedec 0x7f8aaadeedfc
+B+: 0x7f8aaadeedfd 0x7f8aaadeee18
+B+: 0x7f8aaadeee19 0x7f8aaadeee25
+B+: 0x7f8aaadeee26 0x7f8aaadeee2e
+B+: 0x7f8aaadeee2f 0x7f8aaadeee3f
+B+: 0x7f8aaadeee40 0x7f8aaadeee44
+B+: 0x7f8aaadeee45 0x7f8aaadeee50
+B+: 0x7f8aaadeee51 0x7f8aaadeee5d
+B+: 0x7f8aaadeee5e 0x7f8aaadeee77
+B+: 0x7f8aaadeeece 0x7f8aaadeeed2
+B+: 0x7f8aaadeeed3 0x7f8aaadeeede
+B+: 0x7f8aaadeeee0 0x7f8aaadeeeec
+B+: 0x7f8aaadeef60 0x7f8aaadeef7c
+B+: 0x7f8aaadef120 0x7f8aaadef128
+B+: 0x7f8aaadef129 0x7f8aaadef147
+B+: 0x7f8aaadef750 0x7f8aaadef75e
+B+: 0x7f8aaadef75f 0x7f8aaadef763
+B+: 0x7f8aaadef764 0x7f8aaadef770
+B+: 0x7f8aaadef771 0x7f8aaadef777
+B+: 0x7f8aaadef778 0x7f8aaadef783
+B+: 0x7f8aaadef784 0x7f8aaadef788
+B+: 0x7f8aaadef789 0x7f8aaadef78d
+B+: 0x7f8aaadef78e 0x7f8aaadef796
+B+: 0x7f8aaadef797 0x7f8aaadef79e
+B+: 0x7f8aaadef890 0x7f8aaadef892
+B+: 0x7f8aaadef8a7 0x7f8aaadef8ab
+B+: 0x7f8aaadef8ac 0x7f8aaadef8b2
+B+: 0x7f8aaadef8b3 0x7f8aaadef8b6
+B+: 0x7f8aaadef8d0 0x7f8aaadef8e1
+B+: 0x7f8aaadef8e2 0x7f8aaadef8e6
+B+: 0x7f8aaadef8e7 0x7f8aaadef8eb
+B+: 0x7f8aaadef8ec 0x7f8aaadef8f1
+B+: 0x7f8aaadef8f2 0x7f8aaadef8fa
+B+: 0x7f8aaadef8fb 0x7f8aaadef8fc
+B+: 0x7f8aaadef940 0x7f8aaadef948
+B+: 0x7f8aaadef949 0x7f8aaadef951
+B+: 0x7f8aaadef980 0x7f8aaadef988
+B+: 0x7f8aaadef989 0x7f8aaadef98a
+B+: 0x7f8aaadef98b 0x7f8aaadef991
+B+: 0x7f8aaadef992 0x7f8aaadef9a2
+B+: 0x7f8aaadef9a8 0x7f8aaadef9ac
+B+: 0x7f8aaadef9eb 0x7f8aaadefa00
+B+: 0x7f8aaadefa08 0x7f8aaadefa10
+B+: 0x7f8aaadefaf0 0x7f8aaadefb11
+B+: 0x7f8aaadefb12 0x7f8aaadefb16
+B+: 0x7f8aaadefb17 0x7f8aaadefb1d
+B+: 0x7f8aaadefb1e 0x7f8aaadefb26
+B+: 0x7f8aaadefb27 0x7f8aaadefb34
+B+: 0x7f8aaadefb35 0x7f8aaadefb3c
+B+: 0x7f8aaadefb3d 0x7f8aaadefb49
+B+: 0x7f8aaadefb4a 0x7f8aaadefb5a
+B+: 0x7f8aaadefb5b 0x7f8aaadefb63
+B+: 0x7f8aaadefb7f 0x7f8aaadefb93
+B+: 0x7f8aaadefb94 0x7f8aaadefb9c
+B+: 0x7f8aaadefbe0 0x7f8aaadefbf7
+B+: 0x7f8aaadefbf8 0x7f8aaadefc00
+B+: 0x7f8aaadefc1b 0x7f8aaadefc2b
+B+: 0x7f8aaadefd40 0x7f8aaadefd5e
+B+: 0x7f8aaadefd5f 0x7f8aaadefd6d
+B+: 0x7f8aaadefd6e 0x7f8aaadefd72
+B+: 0x7f8aaadefd7d 0x7f8aaadefd90
+B+: 0x7f8aaadefd91 0x7f8aaadefd95
+B+: 0x7f8aaadefd96 0x7f8aaadefd9a
+B+: 0x7f8aaadefda0 0x7f8aaadefda4
+B+: 0x7f8aaadefdd5 0x7f8aaadefdd9
+B+: 0x7f8aaadefdda 0x7f8aaadefdde
+B+: 0x7f8aaadefdf0 0x7f8aaadefdfb
+B+: 0x7f8aaadefdfc 0x7f8aaadefe07
+B+: 0x7f8aaadefe08 0x7f8aaadefe10
+B+: 0x7f8aaadefe2c 0x7f8aaadefe30
+B+: 0x7f8aaadefe31 0x7f8aaadefe36
+B+: 0x7f8aaadefe41 0x7f8aaadefe45
+B+: 0x7f8aaadefe46 0x7f8aaadefe54
+B+: 0x7f8aaadefe55 0x7f8aaadefe5d
+B+: 0x7f8aaadefe5e 0x7f8aaadefe62
+B+: 0x7f8aaadefe63 0x7f8aaadefe74
+B+: 0x7f8aaadefe78 0x7f8aaadefe84
+B+: 0x7f8aaadefea0 0x7f8aaadefea4
+B+: 0x7f8aaadefef0 0x7f8aaadeff03
+B+: 0x7f8aaadeff40 0x7f8aaadeff76
+B+: 0x7f8aaadeff77 0x7f8aaadeff82
+B+: 0x7f8aaadeff83 0x7f8aaadeff92
+B+: 0x7f8aaadf001b 0x7f8aaadf0031
+B+: 0x7f8aaadf0032 0x7f8aaadf0040
+B+: 0x7f8aaadf0075 0x7f8aaadf00b8
+B+: 0x7f8aaadf00b9 0x7f8aaadf00c3
+B+: 0x7f8aaadf00c4 0x7f8aaadf00cc
+B+: 0x7f8aaadf00cd 0x7f8aaadf00d5
+B+: 0x7f8aaadf00d6 0x7f8aaadf00de
+B+: 0x7f8aaadf00df 0x7f8aaadf0106
+B+: 0x7f8aaadf0107 0x7f8aaadf0133
+B+: 0x7f8aaadf0578 0x7f8aaadf0581
+B+: 0x7f8aaadf0582 0x7f8aaadf05a8
+B+: 0x7f8aaadf05a9 0x7f8aaadf05b6
+B+: 0x7f8aaadf05d0 0x7f8aaadf05e0
+B+: 0x7f8aaadf05e1 0x7f8aaadf05ee
+B+: 0x7f8aaadf05ef 0x7f8aaadf05f3
+B+: 0x7f8aaadf0670 0x7f8aaadf067e
+B+: 0x7f8aaadf067f 0x7f8aaadf0683
+B+: 0x7f8aaadf0684 0x7f8aaadf0692
+B+: 0x7f8aaadf0693 0x7f8aaadf069a
+B+: 0x7f8aaadf069b 0x7f8aaadf06a2
+B+: 0x7f8aaadf06a3 0x7f8aaadf06b7
+B+: 0x7f8aaadf0790 0x7f8aaadf07bc
+B+: 0x7f8aaadf07bd 0x7f8aaadf07d4
+B+: 0x7f8aaadf07e0 0x7f8aaadf083a
+B+: 0x7f8aaadf083b 0x7f8aaadf0875
+B+: 0x7f8aaadf0876 0x7f8aaadf0893
+B+: 0x7f8aaadf0894 0x7f8aaadf08a3
+B+: 0x7f8aaadf08a4 0x7f8aaadf08b0
+B+: 0x7f8aaadf09b4 0x7f8aaadf09b8
+B+: 0x7f8aaadf09b9 0x7f8aaadf09cf
+B+: 0x7f8aaadf09d0 0x7f8aaadf09dc
+B+: 0x7f8aaadf09dd 0x7f8aaadf09ef
+B+: 0x7f8aaadf09f0 0x7f8aaadf09f7
+B+: 0x7f8aaadf0a01 0x7f8aaadf0a16
+B+: 0x7f8aaadf0a28 0x7f8aaadf0a3d
+B+: 0x7f8aaadf0a3e 0x7f8aaadf0a4d
+B+: 0x7f8aaadf0a79 0x7f8aaadf0a97
+B+: 0x7f8aaadf0a98 0x7f8aaadf0ac0
+B+: 0x7f8aaadf0ac1 0x7f8aaadf0acf
+B+: 0x7f8aaadf1148 0x7f8aaadf1154
+B+: 0x7f8aaadf1155 0x7f8aaadf1174
+B+: 0x7f8aaadf1175 0x7f8aaadf117f
+B+: 0x7f8aaadf11ac 0x7f8aaadf11b0
+B+: 0x7f8aaadf11b1 0x7f8aaadf11b5
+B+: 0x7f8aaadf1a40 0x7f8aaadf1a64
+B+: 0x7f8aaadf1b10 0x7f8aaadf1b1a
+B+: 0x7f8aaadf1b40 0x7f8aaadf1b47
+B+: 0x7f8aaadf1b48 0x7f8aaadf1b51
+B+: 0x7f8aaadf1b58 0x7f8aaadf1b60
+B+: 0x7f8aaadf1b61 0x7f8aaadf1b6a
+B+: 0x7f8aaadf1b88 0x7f8aaadf1b8c
+B+: 0x7f8aaadf1b8d 0x7f8aaadf1b94
+B+: 0x7f8aaadf1ba0 0x7f8aaadf1ba4
+B+: 0x7f8aaadf1d00 0x7f8aaadf1d30
+B+: 0x7f8aaadf1e3f 0x7f8aaadf1e55
+B+: 0x7f8aaadf1e56 0x7f8aaadf1e67
+B+: 0x7f8aaadf21e0 0x7f8aaadf2222
+B+: 0x7f8aaadf2223 0x7f8aaadf2228
+B+: 0x7f8aaadf224c 0x7f8aaadf2260
+B+: 0x7f8aaadf2261 0x7f8aaadf2269
+B+: 0x7f8aaadf2270 0x7f8aaadf2279
+B+: 0x7f8aaadf2288 0x7f8aaadf22a0
+B+: 0x7f8aaadf22a1 0x7f8aaadf22ba
+B+: 0x7f8aaadf22bb 0x7f8aaadf22bc
+B+: 0x7f8aaadf22d0 0x7f8aaadf22d8
+B+: 0x7f8aaadf22f8 0x7f8aaadf22f8
+B+: 0x7f8aaadf2300 0x7f8aaadf230c
+B+: 0x7f8aaadf233f 0x7f8aaadf2343
+B+: 0x7f8aaadf2380 0x7f8aaadf2384
+B+: 0x7f8aaadf23d0 0x7f8aaadf23e3
+B+: 0x7f8aaadf2400 0x7f8aaadf2400
+B+: 0x7f8aaadf2420 0x7f8aaadf245b
+B+: 0x7f8aaadf2467 0x7f8aaadf2471
+B+: 0x7f8aaadf2472 0x7f8aaadf2489
+B+: 0x7f8aaadf248a 0x7f8aaadf248d
+B+: 0x7f8aaadf248e 0x7f8aaadf2494
+B+: 0x7f8aaadf2495 0x7f8aaadf249d
+B+: 0x7f8aaadf249e 0x7f8aaadf24a9
+B+: 0x7f8aaadf24aa 0x7f8aaadf24c2
+B+: 0x7f8aaadf24c3 0x7f8aaadf24ce
+B+: 0x7f8aaadf24cf 0x7f8aaadf24e5
+B+: 0x7f8aaadf24e6 0x7f8aaadf24f5
+B+: 0x7f8aaadf2500 0x7f8aaadf250e
+B+: 0x7f8aaadf250f 0x7f8aaadf2513
+B+: 0x7f8aaadf2514 0x7f8aaadf251e
+B+: 0x7f8aaadf2540 0x7f8aaadf2549
+B+: 0x7f8aaadf254a 0x7f8aaadf254e
+B+: 0x7f8aaadf254f 0x7f8aaadf2560
+B+: 0x7f8aaadf2568 0x7f8aaadf2577
+B+: 0x7f8aaadf2580 0x7f8aaadf2589
+B+: 0x7f8aaadf25a8 0x7f8aaadf25bb
+B+: 0x7f8aaadf25c0 0x7f8aaadf25ce
+B+: 0x7f8aaadf25cf 0x7f8aaadf25dc
+B+: 0x7f8aaadf26f0 0x7f8aaadf26fd
+B+: 0x7f8aaadf27a0 0x7f8aaadf27a0
+B+: 0x7f8aaadf27b0 0x7f8aaadf27ba
+B+: 0x7f8aaadf27bb 0x7f8aaadf27ce
+B+: 0x7f8aaadf27cf 0x7f8aaadf27d8
+B+: 0x7f8aaadf27d9 0x7f8aaadf27e6
+B+: 0x7f8aaadf2800 0x7f8aaadf282d
+B+: 0x7f8aaadf282e 0x7f8aaadf2831
+B+: 0x7f8aaadf2832 0x7f8aaadf2847
+B+: 0x7f8aaadf2864 0x7f8aaadf286b
+B+: 0x7f8aaadf286c 0x7f8aaadf286f
+B+: 0x7f8aaadf2870 0x7f8aaadf2876
+B+: 0x7f8aaadf2877 0x7f8aaadf287b
+B+: 0x7f8aaadf287c 0x7f8aaadf2886
+B+: 0x7f8aaadf2ae0 0x7f8aaadf2b01
+B+: 0x7f8aaadf2b02 0x7f8aaadf2b0a
+B+: 0x7f8aaadf2b0b 0x7f8aaadf2b14
+B+: 0x7f8aaadf2b15 0x7f8aaadf2b19
+B+: 0x7f8aaadf2c00 0x7f8aaadf2c19
+B+: 0x7f8aaadf2c51 0x7f8aaadf2c8e
+B+: 0x7f8aaadf2c8f 0x7f8aaadf2c9e
+B+: 0x7f8aaadf2c9f 0x7f8aaadf2ca6
+B+: 0x7f8aaadf2df0 0x7f8aaadf2dfb
+B+: 0x7f8aaadf2e20 0x7f8aaadf2e20
+B+: 0x7f8aaadf2e30 0x7f8aaadf2e38
+B+: 0x7f8aaadf4940 0x7f8aaadf494b
+B+: 0x7f8aaadf494c 0x7f8aaadf4957
+B+: 0x7f8aaadf4958 0x7f8aaadf4964
+B+: 0x7f8aaadf4965 0x7f8aaadf4969
+B+: 0x7f8aaadf496a 0x7f8aaadf496f
+B+: 0x7f8aaadf4970 0x7f8aaadf4976
+B+: 0x7f8aaadf4980 0x7f8aaadf4987
+B+: 0x7f8aaadf4988 0x7f8aaadf498c
+B+: 0x7f8aaadf498d 0x7f8aaadf499b
+B+: 0x7f8aaadf499c 0x7f8aaadf49a0
+B+: 0x7f8aaadf49a1 0x7f8aaadf49a8
+B+: 0x7f8aaadf49a9 0x7f8aaadf49ad
+B+: 0x7f8aaadf49ae 0x7f8aaadf49b8
+B+: 0x7f8aaadf49b9 0x7f8aaadf49b9
+B+: 0x7f8aaadf49c0 0x7f8aaadf49c5
+B+: 0x7f8aaadf49c6 0x7f8aaadf49c9
+B+: 0x7f8aaadf49d0 0x7f8aaadf49d0
+B+: 0x7f8aaadf49d1 0x7f8aaadf49d5
+B+: 0x7f8aaadf49d6 0x7f8aaadf49d9
+B+: 0x7f8aaadf49e0 0x7f8aaadf49ff
+B+: 0x7f8aaadf4a00 0x7f8aaadf4a11
+B+: 0x7f8aaadf4a12 0x7f8aaadf4a16
+B+: 0x7f8aaadf4a20 0x7f8aaadf4a22
+B+: 0x7f8aaadf4a23 0x7f8aaadf4a2f
+B+: 0x7f8aaadf4a30 0x7f8aaadf4a33
+B+: 0x7f8aaadf4a34 0x7f8aaadf4a5d
+B+: 0x7f8aaadf4a5e 0x7f8aaadf4a62
+B+: 0x7f8aaadf4a63 0x7f8aaadf4a82
+B+: 0x7f8aaadf4ac0 0x7f8aaadf4ade
+B+: 0x7f8aaadf4adf 0x7f8aaadf4ae3
+B+: 0x7f8aaadf4ae4 0x7f8aaadf4ae8
+B+: 0x7f8aaadf4af0 0x7f8aaadf4af2
+B+: 0x7f8aaadf4af3 0x7f8aaadf4aff
+B+: 0x7f8aaadf4b00 0x7f8aaadf4b03
+B+: 0x7f8aaadf4b04 0x7f8aaadf4b3e
+B+: 0x7f8aaadf4b3f 0x7f8aaadf4b49
+B+: 0x7f8aaadf4b4a 0x7f8aaadf4b57
+B+: 0x7f8aaadf4b58 0x7f8aaadf4b5d
+B+: 0x7f8aaadf4b5e 0x7f8aaadf4b66
+B+: 0x7f8aaadf4b67 0x7f8aaadf4b70
+B+: 0x7f8aaadf4b71 0x7f8aaadf4b7a
+B+: 0x7f8aaadf4b7b 0x7f8aaadf4b9a
+B+: 0x7f8aaadf4b9b 0x7f8aaadf4ba3
+B+: 0x7f8aaadf4ba4 0x7f8aaadf4bbd
+B+: 0x7f8aaadf4bc0 0x7f8aaadf4bc5
+B+: 0x7f8aaadf4bc6 0x7f8aaadf4bcf
+B+: 0x7f8aaadf4bd0 0x7f8aaadf4bd9
+B+: 0x7f8aaadf4bda 0x7f8aaadf4bf7
+B+: 0x7f8aaadf4c08 0x7f8aaadf4c14
+B+: 0x7f8aaadf4c15 0x7f8aaadf4c1b
+B+: 0x7f8aaadf4c1c 0x7f8aaadf4c29
+B+: 0x7f8aaadf4cb0 0x7f8aaadf4cca
+B+: 0x7f8aaadf4ccb 0x7f8aaadf4cda
+B+: 0x7f8aaadf4cdb 0x7f8aaadf4ce6
+B+: 0x7f8aaadf4ce7 0x7f8aaadf4cef
+B+: 0x7f8aaadf4cf0 0x7f8aaadf4cf4
+B+: 0x7f8aaadf4cf5 0x7f8aaadf4cfc
+B+: 0x7f8aaadf4cfd 0x7f8aaadf4d10
+B+: 0x7f8aaadf4d11 0x7f8aaadf4d21
+B+: 0x7f8aaadf4d22 0x7f8aaadf4d26
+B+: 0x7f8aaadf4d27 0x7f8aaadf4d38
+B+: 0x7f8aaadf4d39 0x7f8aaadf4d4b
+B+: 0x7f8aaadf4d4c 0x7f8aaadf4d54
+B+: 0x7f8aaadf4d55 0x7f8aaadf4d5e
+B+: 0x7f8aaadf4d5f 0x7f8aaadf4d6d
+B+: 0x7f8aaadf4ea0 0x7f8aaadf4eb6
+B+: 0x7f8aaadf4eb7 0x7f8aaadf4ebb
+B+: 0x7f8aaadf4ebc 0x7f8aaadf4ec0
+B+: 0x7f8aaadf4ec8 0x7f8aaadf4ecb
+B+: 0x7f8aaadf4ecc 0x7f8aaadf4ed9
+B+: 0x7f8aaadf4eda 0x7f8aaadf4edd
+B+: 0x7f8aaadf4ede 0x7f8aaadf4f06
+B+: 0x7f8aaadf4f07 0x7f8aaadf4f10
+B+: 0x7f8aaadf4f11 0x7f8aaadf4f16
+B+: 0x7f8aaadf4f17 0x7f8aaadf4f24
+B+: 0x7f8aaadf4f25 0x7f8aaadf4f2d
+B+: 0x7f8aaadf5440 0x7f8aaadf546b
+B+: 0x7f8aaadf546c 0x7f8aaadf5470
+B+: 0x7f8aaadf5471 0x7f8aaadf5475
+B+: 0x7f8aaadf5536 0x7f8aaadf553e
+B+: 0x7f8aaadf553f 0x7f8aaadf5548
+B+: 0x7f8aaadf5549 0x7f8aaadf5551
+B+: 0x7f8aaadf55d0 0x7f8aaadf55e4
+B+: 0x7f8aaadf55e5 0x7f8aaadf5606
+B+: 0x7f8aaadf5607 0x7f8aaadf5610
+B+: 0x7f8aaadf5611 0x7f8aaadf5618
+B+: 0x7f8aaadf5640 0x7f8aaadf5648
+B+: 0x7f8aaadf5649 0x7f8aaadf5656
+B+: 0x7f8aaadf5657 0x7f8aaadf565f
+B+: 0x7f8aaadf5660 0x7f8aaadf5661
+B+: 0x7f8aaadf5760 0x7f8aaadf57aa
+B+: 0x7f8aaadf57ab 0x7f8aaadf57af
+B+: 0x7f8aaadf57b0 0x7f8aaadf57be
+B+: 0x7f8aaadf57c8 0x7f8aaadf57d3
+B+: 0x7f8aaadf57d4 0x7f8aaadf57d8
+B+: 0x7f8aaadf57d9 0x7f8aaadf57e0
+B+: 0x7f8aaadf57e1 0x7f8aaadf57e5
+B+: 0x7f8aaadf57e6 0x7f8aaadf57f3
+B+: 0x7f8aaadf57f4 0x7f8aaadf57fb
+B+: 0x7f8aaadf5800 0x7f8aaadf5810
+B+: 0x7f8aaadf5811 0x7f8aaadf5815
+B+: 0x7f8aaadf5816 0x7f8aaadf5832
+B+: 0x7f8aaadf5833 0x7f8aaadf5843
+B+: 0x7f8aaadf5844 0x7f8aaadf584f
+B+: 0x7f8aaadf5850 0x7f8aaadf5857
+B+: 0x7f8aaadf5858 0x7f8aaadf585c
+B+: 0x7f8aaadf585d 0x7f8aaadf5868
+B+: 0x7f8aaadf5869 0x7f8aaadf587b
+B+: 0x7f8aaadf587c 0x7f8aaadf5884
+B+: 0x7f8aaadf5888 0x7f8aaadf5897
+B+: 0x7f8aaadf5898 0x7f8aaadf589b
+B+: 0x7f8aaadf589c 0x7f8aaadf58b4
+B+: 0x7f8aaadf58b5 0x7f8aaadf58b8
+B+: 0x7f8aaadf58b9 0x7f8aaadf58c6
+B+: 0x7f8aaadf58c7 0x7f8aaadf58d5
+B+: 0x7f8aaadf5dc0 0x7f8aaadf5dec
+B+: 0x7f8aaadf5ded 0x7f8aaadf5df2
+B+: 0x7f8aaadf5df3 0x7f8aaadf5e04
+B+: 0x7f8aaadf5e05 0x7f8aaadf5e0d
+B+: 0x7f8aaadf5e0e 0x7f8aaadf5e1c
+CND+ 0x7f8aaade400e: taken
+CND+ 0x7f8aaade45ea: not taken
+CND+ 0x7f8aaade4626: not taken
+CND+ 0x7f8aaade463b: taken
+CND+ 0x7f8aaade4673: not taken
+CND+ 0x7f8aaade4687: not taken
+CND+ 0x7f8aaade4695: not taken
+CND+ 0x7f8aaade47e2: taken
+CND+ 0x7f8aaade4862: not taken
+CND+ 0x7f8aaade487c: both
+CND+ 0x7f8aaade48a9: not taken
+CND+ 0x7f8aaade4a5d: not taken
+CND+ 0x7f8aaade4a62: taken
+CND+ 0x7f8aaade56e6: not taken
+CND+ 0x7f8aaade5704: taken
+CND+ 0x7f8aaade571a: not taken
+CND+ 0x7f8aaade571f: taken
+CND+ 0x7f8aaade572f: taken
+CND+ 0x7f8aaade574c: not taken
+CND+ 0x7f8aaade5756: not taken
+CND+ 0x7f8aaade578f: not taken
+CND+ 0x7f8aaade579b: taken
+CND+ 0x7f8aaade6079: taken
+CND+ 0x7f8aaade611b: not taken
+CND+ 0x7f8aaade6149: not taken
+CND+ 0x7f8aaade6158: not taken
+CND+ 0x7f8aaade6190: not taken
+CND+ 0x7f8aaade61ce: taken
+CND+ 0x7f8aaade6c20: not taken
+CND+ 0x7f8aaade6c2d: taken
+CND+ 0x7f8aaade6c48: not taken
+CND+ 0x7f8aaade6c5f: both
+CND+ 0x7f8aaade6c88: not taken
+CND+ 0x7f8aaade6ed2: taken
+CND+ 0x7f8aaade6f55: not taken
+CND+ 0x7f8aaade6f7e: not taken
+CND+ 0x7f8aaade6f8a: not taken
+CND+ 0x7f8aaade6f93: both
+CND+ 0x7f8aaade6fc4: not taken
+CND+ 0x7f8aaade6fe2: both
+CND+ 0x7f8aaade6ffb: taken
+CND+ 0x7f8aaade705a: taken
+CND+ 0x7f8aaade70af: not taken
+CND+ 0x7f8aaade70b8: taken
+CND+ 0x7f8aaade70e0: taken
+CND+ 0x7f8aaade7116: not taken
+CND+ 0x7f8aaade715a: not taken
+CND+ 0x7f8aaade7163: taken
+CND+ 0x7f8aaade721b: taken
+CND+ 0x7f8aaade724a: taken
+CND+ 0x7f8aaade727c: not taken
+CND+ 0x7f8aaade736a: taken
+CND+ 0x7f8aaade7520: not taken
+CND+ 0x7f8aaade7529: not taken
+CND+ 0x7f8aaade7532: taken
+CND+ 0x7f8aaade78eb: not taken
+CND+ 0x7f8aaade7906: both
+CND+ 0x7f8aaade793d: not taken
+CND+ 0x7f8aaade7985: both
+CND+ 0x7f8aaade79f6: taken
+CND+ 0x7f8aaade7a20: both
+CND+ 0x7f8aaade7a29: not taken
+CND+ 0x7f8aaade7a33: not taken
+CND+ 0x7f8aaade7ae4: not taken
+CND+ 0x7f8aaade7afb: taken
+CND+ 0x7f8aaade7b2a: both
+CND+ 0x7f8aaade7b30: both
+CND+ 0x7f8aaade7b40: taken
+CND+ 0x7f8aaade7b60: not taken
+CND+ 0x7f8aaade7b96: not taken
+CND+ 0x7f8aaade7be5: taken
+CND+ 0x7f8aaade7da0: not taken
+CND+ 0x7f8aaade7da9: not taken
+CND+ 0x7f8aaade7dc8: both
+CND+ 0x7f8aaade7dd0: both
+CND+ 0x7f8aaade7e2e: taken
+CND+ 0x7f8aaade7e57: not taken
+CND+ 0x7f8aaade7eac: taken
+CND+ 0x7f8aaade7ed8: taken
+CND+ 0x7f8aaade7fa3: not taken
+CND+ 0x7f8aaade7fc0: taken
+CND+ 0x7f8aaade8019: not taken
+CND+ 0x7f8aaade8065: not taken
+CND+ 0x7f8aaade806f: not taken
+CND+ 0x7f8aaade8089: both
+CND+ 0x7f8aaade809d: not taken
+CND+ 0x7f8aaade80ab: taken
+CND+ 0x7f8aaade814c: not taken
+CND+ 0x7f8aaade8156: taken
+CND+ 0x7f8aaade81cc: taken
+CND+ 0x7f8aaade81ee: taken
+CND+ 0x7f8aaade8811: both
+CND+ 0x7f8aaade881b: not taken
+CND+ 0x7f8aaade881f: not taken
+CND+ 0x7f8aaade8839: taken
+CND+ 0x7f8aaade8859: taken
+CND+ 0x7f8aaade8861: taken
+CND+ 0x7f8aaade945f: taken
+CND+ 0x7f8aaade9626: not taken
+CND+ 0x7f8aaade96ca: taken
+CND+ 0x7f8aaade9762: taken
+CND+ 0x7f8aaadea2a4: taken
+CND+ 0x7f8aaadea2bd: not taken
+CND+ 0x7f8aaadea2cd: not taken
+CND+ 0x7f8aaadea30f: taken
+CND+ 0x7f8aaadea327: taken
+CND+ 0x7f8aaadea33a: not taken
+CND+ 0x7f8aaadea343: taken
+CND+ 0x7f8aaadea381: not taken
+CND+ 0x7f8aaadea3d6: taken
+CND+ 0x7f8aaadea3e7: taken
+CND+ 0x7f8aaadea895: not taken
+CND+ 0x7f8aaadea8a8: not taken
+CND+ 0x7f8aaadea8d2: not taken
+CND+ 0x7f8aaadea907: not taken
+CND+ 0x7f8aaadea942: taken
+CND+ 0x7f8aaadea953: not taken
+CND+ 0x7f8aaadea963: taken
+CND+ 0x7f8aaadeaa7b: not taken
+CND+ 0x7f8aaadeadbc: both
+CND+ 0x7f8aaadeadc9: both
+CND+ 0x7f8aaadeae03: not taken
+CND+ 0x7f8aaadeae0d: not taken
+CND+ 0x7f8aaadeae18: taken
+CND+ 0x7f8aaadeb1a1: not taken
+CND+ 0x7f8aaadeb1ab: not taken
+CND+ 0x7f8aaadeb1e4: taken
+CND+ 0x7f8aaadeb1f2: taken
+CND+ 0x7f8aaadeb20a: not taken
+CND+ 0x7f8aaadeb225: not taken
+CND+ 0x7f8aaadeb22f: not taken
+CND+ 0x7f8aaadeb247: taken
+CND+ 0x7f8aaadeb533: taken
+CND+ 0x7f8aaadeb582: taken
+CND+ 0x7f8aaadeb655: taken
+CND+ 0x7f8aaadeb698: taken
+CND+ 0x7f8aaadeb703: not taken
+CND+ 0x7f8aaadeb70c: taken
+CND+ 0x7f8aaadeb725: not taken
+CND+ 0x7f8aaadeb742: not taken
+CND+ 0x7f8aaadeb75a: not taken
+CND+ 0x7f8aaadeb765: not taken
+CND+ 0x7f8aaadeb792: not taken
+CND+ 0x7f8aaadeb797: taken
+CND+ 0x7f8aaadeb7a9: taken
+CND+ 0x7f8aaadeb7ad: not taken
+CND+ 0x7f8aaadeb7bc: taken
+CND+ 0x7f8aaadeb7ce: taken
+CND+ 0x7f8aaadeb848: taken
+CND+ 0x7f8aaadeb889: not taken
+CND+ 0x7f8aaadeb89b: not taken
+CND+ 0x7f8aaadeb8a8: taken
+CND+ 0x7f8aaadebc2f: not taken
+CND+ 0x7f8aaadebc57: taken
+CND+ 0x7f8aaadebc65: not taken
+CND+ 0x7f8aaadebc6e: taken
+CND+ 0x7f8aaadebc86: not taken
+CND+ 0x7f8aaadebcae: taken
+CND+ 0x7f8aaadec366: taken
+CND+ 0x7f8aaadec9d6: taken
+CND+ 0x7f8aaadeca31: not taken
+CND+ 0x7f8aaadeca51: taken
+CND+ 0x7f8aaadecaad: not taken
+CND+ 0x7f8aaadecab5: taken
+CND+ 0x7f8aaadecb00: taken
+CND+ 0x7f8aaadecb5a: not taken
+CND+ 0x7f8aaadecb62: not taken
+CND+ 0x7f8aaadecb6b: not taken
+CND+ 0x7f8aaadecb75: not taken
+CND+ 0x7f8aaadecb7f: taken
+CND+ 0x7f8aaadecb9b: taken
+CND+ 0x7f8aaadecc3c: taken
+CND+ 0x7f8aaadeced9: not taken
+CND+ 0x7f8aaadecee6: not taken
+CND+ 0x7f8aaadecf01: not taken
+CND+ 0x7f8aaadecf1a: not taken
+CND+ 0x7f8aaadecf20: not taken
+CND+ 0x7f8aaadecf26: taken
+CND+ 0x7f8aaaded76c: not taken
+CND+ 0x7f8aaaded78c: not taken
+CND+ 0x7f8aaaded7d8: both
+CND+ 0x7f8aaaded7e1: taken
+CND+ 0x7f8aaaded806: not taken
+CND+ 0x7f8aaaded840: not taken
+CND+ 0x7f8aaaded84a: not taken
+CND+ 0x7f8aaaded965: both
+CND+ 0x7f8aaaded989: not taken
+CND+ 0x7f8aaaded9b2: not taken
+CND+ 0x7f8aaaded9bc: not taken
+CND+ 0x7f8aaaded9e3: not taken
+CND+ 0x7f8aaadeda13: taken
+CND+ 0x7f8aaadedafd: not taken
+CND+ 0x7f8aaadedb1a: not taken
+CND+ 0x7f8aaadedb61: taken
+CND+ 0x7f8aaadee711: not taken
+CND+ 0x7f8aaadee71d: not taken
+CND+ 0x7f8aaadee722: not taken
+CND+ 0x7f8aaadee748: not taken
+CND+ 0x7f8aaadee74c: not taken
+CND+ 0x7f8aaadee75f: not taken
+CND+ 0x7f8aaadee7a4: not taken
+CND+ 0x7f8aaadee8f3: both
+CND+ 0x7f8aaadee90f: both
+CND+ 0x7f8aaadee911: not taken
+CND+ 0x7f8aaadee91a: taken
+CND+ 0x7f8aaadeea92: not taken
+CND+ 0x7f8aaadeeaba: not taken
+CND+ 0x7f8aaadeead5: both
+CND+ 0x7f8aaadeeade: taken
+CND+ 0x7f8aaadeeaf7: not taken
+CND+ 0x7f8aaadeeb01: not taken
+CND+ 0x7f8aaadeeb05: not taken
+CND+ 0x7f8aaadeeb19: taken
+CND+ 0x7f8aaadeec50: not taken
+CND+ 0x7f8aaadeec62: taken
+CND+ 0x7f8aaadeedb1: not taken
+CND+ 0x7f8aaadeedea: both
+CND+ 0x7f8aaadeee13: not taken
+CND+ 0x7f8aaadeee20: taken
+CND+ 0x7f8aaadeee2d: not taken
+CND+ 0x7f8aaadeee43: not taken
+CND+ 0x7f8aaadeee4f: both
+CND+ 0x7f8aaadeee58: not taken
+CND+ 0x7f8aaadeee72: taken
+CND+ 0x7f8aaadeeee7: taken
+CND+ 0x7f8aaadef75d: both
+CND+ 0x7f8aaadef76f: not taken
+CND+ 0x7f8aaadef782: both
+CND+ 0x7f8aaadef787: both
+CND+ 0x7f8aaadef795: both
+CND+ 0x7f8aaadef8b1: not taken
+CND+ 0x7f8aaadef8dc: not taken
+CND+ 0x7f8aaadef8ea: not taken
+CND+ 0x7f8aaadef8ec: both
+CND+ 0x7f8aaadef8f5: not taken
+CND+ 0x7f8aaadef8fb: taken
+CND+ 0x7f8aaadef943: not taken
+CND+ 0x7f8aaadef94c: taken
+CND+ 0x7f8aaadef983: not taken
+CND+ 0x7f8aaadef989: both
+CND+ 0x7f8aaadef990: not taken
+CND+ 0x7f8aaadef9ab: taken
+CND+ 0x7f8aaadefa0b: taken
+CND+ 0x7f8aaadefb10: both
+CND+ 0x7f8aaadefb1c: not taken
+CND+ 0x7f8aaadefb21: both
+CND+ 0x7f8aaadefb2f: not taken
+CND+ 0x7f8aaadefb37: both
+CND+ 0x7f8aaadefb44: both
+CND+ 0x7f8aaadefb5e: taken
+CND+ 0x7f8aaadefb92: both
+CND+ 0x7f8aaadefb9b: taken
+CND+ 0x7f8aaadefbfb: taken
+CND+ 0x7f8aaadefd68: both
+CND+ 0x7f8aaadefd71: taken
+CND+ 0x7f8aaadefd8b: not taken
+CND+ 0x7f8aaadefda3: taken
+CND+ 0x7f8aaadefddd: taken
+CND+ 0x7f8aaadefe02: not taken
+CND+ 0x7f8aaadefe0b: taken
+CND+ 0x7f8aaadefe2f: not taken
+CND+ 0x7f8aaadefe35: taken
+CND+ 0x7f8aaadefe4f: not taken
+CND+ 0x7f8aaadefe58: both
+CND+ 0x7f8aaadeff7d: not taken
+CND+ 0x7f8aaadf002c: not taken
+CND+ 0x7f8aaadf00c7: not taken
+CND+ 0x7f8aaadf00d0: both
+CND+ 0x7f8aaadf00d9: not taken
+CND+ 0x7f8aaadf05a7: both
+CND+ 0x7f8aaadf05ed: not taken
+CND+ 0x7f8aaadf05f2: taken
+CND+ 0x7f8aaadf0682: not taken
+CND+ 0x7f8aaadf06a1: not taken
+CND+ 0x7f8aaadf07bb: not taken
+CND+ 0x7f8aaadf0835: not taken
+CND+ 0x7f8aaadf0870: not taken
+CND+ 0x7f8aaadf088e: not taken
+CND+ 0x7f8aaadf089e: not taken
+CND+ 0x7f8aaadf09ca: both
+CND+ 0x7f8aaadf09ea: taken
+CND+ 0x7f8aaadf09f6: taken
+CND+ 0x7f8aaadf0a15: taken
+CND+ 0x7f8aaadf0a38: not taken
+CND+ 0x7f8aaadf0a48: taken
+CND+ 0x7f8aaadf0abb: not taken
+CND+ 0x7f8aaadf114f: not taken
+CND+ 0x7f8aaadf116f: not taken
+CND+ 0x7f8aaadf117e: taken
+CND+ 0x7f8aaadf1a5f: taken
+CND+ 0x7f8aaadf1b46: not taken
+CND+ 0x7f8aaadf1b50: taken
+CND+ 0x7f8aaadf1b69: taken
+CND+ 0x7f8aaadf1b93: taken
+CND+ 0x7f8aaadf1d2b: taken
+CND+ 0x7f8aaadf1e50: not taken
+CND+ 0x7f8aaadf2227: taken
+CND+ 0x7f8aaadf225f: not taken
+CND+ 0x7f8aaadf2278: taken
+CND+ 0x7f8aaadf22b9: not taken
+CND+ 0x7f8aaadf22d7: taken
+CND+ 0x7f8aaadf230b: taken
+CND+ 0x7f8aaadf2383: taken
+CND+ 0x7f8aaadf23e2: taken
+CND+ 0x7f8aaadf2456: taken
+CND+ 0x7f8aaadf2488: both
+CND+ 0x7f8aaadf248c: not taken
+CND+ 0x7f8aaadf2493: not taken
+CND+ 0x7f8aaadf2498: both
+CND+ 0x7f8aaadf24e0: not taken
+CND+ 0x7f8aaadf2512: not taken
+CND+ 0x7f8aaadf2519: taken
+CND+ 0x7f8aaadf2548: not taken
+CND+ 0x7f8aaadf254d: not taken
+CND+ 0x7f8aaadf25c9: not taken
+CND+ 0x7f8aaadf25d7: taken
+CND+ 0x7f8aaadf26f8: taken
+CND+ 0x7f8aaadf27b9: not taken
+CND+ 0x7f8aaadf2830: not taken
+CND+ 0x7f8aaadf2846: taken
+CND+ 0x7f8aaadf286e: not taken
+CND+ 0x7f8aaadf2b09: not taken
+CND+ 0x7f8aaadf2b13: not taken
+CND+ 0x7f8aaadf2c18: taken
+CND+ 0x7f8aaadf2c9d: not taken
+CND+ 0x7f8aaadf2dfa: taken
+CND+ 0x7f8aaadf4946: both
+CND+ 0x7f8aaadf4963: both
+CND+ 0x7f8aaadf4968: not taken
+CND+ 0x7f8aaadf496e: not taken
+CND+ 0x7f8aaadf4986: not taken
+CND+ 0x7f8aaadf498b: both
+CND+ 0x7f8aaadf499a: both
+CND+ 0x7f8aaadf499f: both
+CND+ 0x7f8aaadf49ac: both
+CND+ 0x7f8aaadf49b7: both
+CND+ 0x7f8aaadf49c4: not taken
+CND+ 0x7f8aaadf4a10: not taken
+CND+ 0x7f8aaadf4a15: taken
+CND+ 0x7f8aaadf4a2e: both
+CND+ 0x7f8aaadf4a32: both
+CND+ 0x7f8aaadf4a5c: both
+CND+ 0x7f8aaadf4add: not taken
+CND+ 0x7f8aaadf4ae2: not taken
+CND+ 0x7f8aaadf4afe: not taken
+CND+ 0x7f8aaadf4b02: both
+CND+ 0x7f8aaadf4b48: both
+CND+ 0x7f8aaadf4b52: not taken
+CND+ 0x7f8aaadf4b5c: not taken
+CND+ 0x7f8aaadf4b65: both
+CND+ 0x7f8aaadf4b6b: taken
+CND+ 0x7f8aaadf4b75: not taken
+CND+ 0x7f8aaadf4b95: not taken
+CND+ 0x7f8aaadf4ba2: not taken
+CND+ 0x7f8aaadf4bc4: not taken
+CND+ 0x7f8aaadf4bce: not taken
+CND+ 0x7f8aaadf4bf6: taken
+CND+ 0x7f8aaadf4c24: taken
+CND+ 0x7f8aaadf4ce1: not taken
+CND+ 0x7f8aaadf4cea: not taken
+CND+ 0x7f8aaadf4cf3: not taken
+CND+ 0x7f8aaadf4d25: not taken
+CND+ 0x7f8aaadf4d53: not taken
+CND+ 0x7f8aaadf4d5d: not taken
+CND+ 0x7f8aaadf4eb5: not taken
+CND+ 0x7f8aaadf4eba: not taken
+CND+ 0x7f8aaadf4ed8: both
+CND+ 0x7f8aaadf4edc: taken
+CND+ 0x7f8aaadf4f0f: not taken
+CND+ 0x7f8aaadf4f15: not taken
+CND+ 0x7f8aaadf546f: not taken
+CND+ 0x7f8aaadf553d: not taken
+CND+ 0x7f8aaadf5547: not taken
+CND+ 0x7f8aaadf5605: not taken
+CND+ 0x7f8aaadf560f: not taken
+CND+ 0x7f8aaadf5647: not taken
+CND+ 0x7f8aaadf565e: not taken
+CND+ 0x7f8aaadf57bd: taken
+CND+ 0x7f8aaadf57d2: taken
+CND+ 0x7f8aaadf57df: not taken
+CND+ 0x7f8aaadf57e4: both
+CND+ 0x7f8aaadf57fa: taken
+CND+ 0x7f8aaadf5856: not taken
+CND+ 0x7f8aaadf585b: taken
+CND+ 0x7f8aaadf587a: not taken
+CND+ 0x7f8aaadf589a: not taken
+CND+ 0x7f8aaadf58b7: not taken
+CND+ 0x7f8aaadf58c5: not taken
+CND+ 0x7f8aaadf58d4: taken
+CND+ 0x7f8aaadf5df1: not taken
+CND+ 0x7f8aaadf5e0c: not taken
@0x7f8aaade4784 to 0x7f8aae8bcfb0 1
@0x7f8aaadf5e01 to 0x7f8aaade4840 1
@0x7f8aaadf255f to 0x7f8aaadf2580 1
@0x7f8aaadf255f to 0x7f8aaadf25c0 1
@0x7f8aaadf255f to 0x7f8aaadf25a8 2
@0x7f8aaadf08af to 0x7f8aaadf0a01 183
@0x7f8aaadf08af to 0x7f8aaadf09f0 10
@0x7f8aaadf08af to 0x7f8aaadf0a28 1
@0x7f8aaadf4c19 to 0x7f8aaade87d0 1
@0x7f8aaadf4c19 to 0x7f8aaadef120 1
@0x7f8aaade4050 to 0x7f8aae91da30 4
@0x7f8aaade4080 to 0x7f8aae8bd330 2
@0x7f8aaade4090 to 0x7f8aae95f710 1
@0x7f8aaade40a0 to 0x7f8aae935e70 5
@0x7f8aaade40d0 to 0x7f8aae8d0a20 7
@0x7f8aaade40f0 to 0x7f8aae9f4800 4
@0x7f8aaade4130 to 0x7f8aae9601e0 1
@0x7f8aaade4140 to 0x7f8aae8d4c10 1
@0x7f8aaade4150 to 0x7f8aae982800 4
@0x7f8aaade4160 to 0x7f8aae95f230 1
@0x7f8aaade4190 to 0x7f8aae9f4bc0 8
@0x7f8aaade41c0 to 0x7f8aae960200 1
@0x7f8aaade41e0 to 0x7f8aae9f45d0 1
@0x7f8aaade4220 to 0x7f8aae960210 2
@0x7f8aaade4230 to 0x7f8aae983b10 1
@0x7f8aaade616e to 0x7f8aaade61c0 1
@0x7f8aaade4280 to 0x7f8aae9efd10 11
@0x7f8aaade42a0 to 0x7f8aae8d0450 4
@0x7f8aaade61ac to 0x7f8aaade6e90 1
@0x7f8aaade42d0 to 0x7f8aae9f0100 9
@0x7f8aaade4320 to 0x7f8aae8d10f0 4
@0x7f8aaade4330 to 0x7f8aae9f5100 6
@0x7f8aaade4350 to 0x7f8aae960220 1
@0x7f8aaade4370 to 0x7f8aae982800 2
@0x7f8aaade4390 to 0x7f8aae91d3e0 23
@0x7f8aaade43b0 to 0x7f8aae960230 1
@0x7f8aaade43c0 to 0x7f8aae9efe90 22
@0x7f8aaade43e0 to 0x7f8aae9a0ba0 1
@0x7f8aaade4410 to 0x7f8aae91dc80 1
@0x7f8aaade4460 to 0x7f8aae9f50e0 13
@0x7f8aaade4510 to 0x7f8aae9601f0 1
@0x7f8aaade4560 to 0x7f8aae95f4e0 1
@0x7f8aaade4570 to 0x7f8aae8c9580 191
@0x7f8aaadeff91 to 0x7f8aaadf0075 1
