MODULE_NAME: /usr/bin/gs
MODULE_START: 0x7f9da52a8000
+B+: 0x7f9da52a9000 0x7f9da52a900f
+B+: 0x7f9da52a9012 0x7f9da52a9016
+B+: 0x7f9da52a9020 0x7f9da52a902b
+B+: 0x7f9da52a9030 0x7f9da52a9035
+B+: 0x7f9da52a9036 0x7f9da52a903f
+B+: 0x7f9da52a9040 0x7f9da52a9045
+B+: 0x7f9da52a9046 0x7f9da52a904f
+B+: 0x7f9da52a9050 0x7f9da52a9055
+B+: 0x7f9da52a9056 0x7f9da52a905f
+B+: 0x7f9da52a9090 0x7f9da52a9095
+B+: 0x7f9da52a9096 0x7f9da52a909f
+B+: 0x7f9da52a90b0 0x7f9da52a90b5
+B+: 0x7f9da52a90b6 0x7f9da52a90bf
+B+: 0x7f9da52a90c0 0x7f9da52a90c5
+B+: 0x7f9da52a90c6 0x7f9da52a90cf
+B+: 0x7f9da52a90d0 0x7f9da52a90d5
+B+: 0x7f9da52a90d6 0x7f9da52a90df
+B+: 0x7f9da52a90e0 0x7f9da52a90e5
+B+: 0x7f9da52a90f0 0x7f9da52a9121
+B+: 0x7f9da52a9122 0x7f9da52a9127
+B+: 0x7f9da52a9128 0x7f9da52a9130
+B+: 0x7f9da52a9131 0x7f9da52a9132
+B+: 0x7f9da52a9133 0x7f9da52a9137
+B+: 0x7f9da52a9138 0x7f9da52a9152
+B+: 0x7f9da52a9153 0x7f9da52a915b
+B+: 0x7f9da52a9184 0x7f9da52a91a2
+B+: 0x7f9da52a91a3 0x7f9da52a91b1
+B+: 0x7f9da52a91b2 0x7f9da52a91b7
+B+: 0x7f9da52a91b8 0x7f9da52a91c1
+B+: 0x7f9da52a91c2 0x7f9da52a91c5
+B+: 0x7f9da52a91c6 0x7f9da52a91ca
+B+: 0x7f9da52a91cb 0x7f9da52a91d6
+B+: 0x7f9da52a91d7 0x7f9da52a91db
+B+: 0x7f9da52a9220 0x7f9da52a9249
+B+: 0x7f9da52a9250 0x7f9da52a9262
+B+: 0x7f9da52a9278 0x7f9da52a9278
+B+: 0x7f9da52a9280 0x7f9da52a92a3
+B+: 0x7f9da52a92b8 0x7f9da52a92b8
+B+: 0x7f9da52a92c0 0x7f9da52a92c8
+B+: 0x7f9da52a92c9 0x7f9da52a92d6
+B+: 0x7f9da52a92d7 0x7f9da52a92e2
+B+: 0x7f9da52a92e3 0x7f9da52a92e7
+B+: 0x7f9da52a92e8 0x7f9da52a92f0
+B+: 0x7f9da52a9300 0x7f9da52a9304
+B+: 0x7f9da52a9350 0x7f9da52a9373
+B+: 0x7f9da52a9374 0x7f9da52a937c
+B+: 0x7f9da52a937d 0x7f9da52a9385
+B+: 0x7f9da52a93c0 0x7f9da52a93ec
+B+: 0x7f9da52a93ed 0x7f9da52a93f2
+B+: 0x7f9da52a93f3 0x7f9da52a9404
+B+: 0x7f9da52a9405 0x7f9da52a940d
+B+: 0x7f9da52a940e 0x7f9da52a941c
+B+: 0x7f9da52a9424 0x7f9da52a942c
+CND+ 0x7f9da52a900e: taken
+CND+ 0x7f9da52a9126: taken
+CND+ 0x7f9da52a912b: not taken
+CND+ 0x7f9da52a9131: not taken
+CND+ 0x7f9da52a9136: not taken
+CND+ 0x7f9da52a914d: not taken
+CND+ 0x7f9da52a91b6: not taken
+CND+ 0x7f9da52a91c4: not taken
+CND+ 0x7f9da52a91c9: not taken
+CND+ 0x7f9da52a9261: taken
+CND+ 0x7f9da52a92a2: taken
+CND+ 0x7f9da52a92c7: not taken
+CND+ 0x7f9da52a92d5: not taken
+CND+ 0x7f9da52a93f1: not taken
+CND+ 0x7f9da52a940c: not taken
@0x7f9da52a9040 to 0x7f9da52a9046 1
@0x7f9da52a9050 to 0x7f9da52a9056 1
@0x7f9da52a9090 to 0x7f9da52a9096 1
@0x7f9da52a90b0 to 0x7f9da52a90b6 1
@0x7f9da52a90c0 to 0x7f9da52a90c6 1
@0x7f9da52a90d0 to 0x7f9da52a90d6 1
@0x7f9da52a90e0 to 0x7f9da7dfe1c0 1
@0x7f9da52a9244 to 0x7f9da7de7fb0 1
@0x7f9da52a9401 to 0x7f9da52a9300 1
@0x7f9da52a9026 to 0x7f9da9298500 7
@0x7f9da52a9030 to 0x7f9da52a9036 1
