MODULE_NAME: /bin/dash
MODULE_START: 0x7f7ca8fae000
+B+: 0x7f7ca8fb2000 0x7f7ca8fb200f
+B+: 0x7f7ca8fb2012 0x7f7ca8fb2016
+B+: 0x7f7ca8fb2050 0x7f7ca8fb2055
+B+: 0x7f7ca8fb2080 0x7f7ca8fb2085
+B+: 0x7f7ca8fb2090 0x7f7ca8fb2095
+B+: 0x7f7ca8fb20a0 0x7f7ca8fb20a5
+B+: 0x7f7ca8fb20d0 0x7f7ca8fb20d5
+B+: 0x7f7ca8fb20f0 0x7f7ca8fb20f5
+B+: 0x7f7ca8fb2130 0x7f7ca8fb2135
+B+: 0x7f7ca8fb2140 0x7f7ca8fb2145
+B+: 0x7f7ca8fb2150 0x7f7ca8fb2155
+B+: 0x7f7ca8fb2160 0x7f7ca8fb2165
+B+: 0x7f7ca8fb2190 0x7f7ca8fb2195
+B+: 0x7f7ca8fb21c0 0x7f7ca8fb21c5
+B+: 0x7f7ca8fb21e0 0x7f7ca8fb21e5
+B+: 0x7f7ca8fb2220 0x7f7ca8fb2225
+B+: 0x7f7ca8fb2230 0x7f7ca8fb2235
+B+: 0x7f7ca8fb2280 0x7f7ca8fb2285
+B+: 0x7f7ca8fb22a0 0x7f7ca8fb22a5
+B+: 0x7f7ca8fb22d0 0x7f7ca8fb22d5
+B+: 0x7f7ca8fb2320 0x7f7ca8fb2325
+B+: 0x7f7ca8fb2330 0x7f7ca8fb2335
+B+: 0x7f7ca8fb2350 0x7f7ca8fb2355
+B+: 0x7f7ca8fb2370 0x7f7ca8fb2375
+B+: 0x7f7ca8fb2390 0x7f7ca8fb2395
+B+: 0x7f7ca8fb23b0 0x7f7ca8fb23b5
+B+: 0x7f7ca8fb23c0 0x7f7ca8fb23c5
+B+: 0x7f7ca8fb23e0 0x7f7ca8fb23e5
+B+: 0x7f7ca8fb2410 0x7f7ca8fb2415
+B+: 0x7f7ca8fb2460 0x7f7ca8fb2465
+B+: 0x7f7ca8fb2510 0x7f7ca8fb2515
+B+: 0x7f7ca8fb2560 0x7f7ca8fb2565
+B+: 0x7f7ca8fb2570 0x7f7ca8fb2575
+B+: 0x7f7ca8fb2590 0x7f7ca8fb25b8
+B+: 0x7f7ca8fb25b9 0x7f7ca8fb25c4
+B+: 0x7f7ca8fb25c5 0x7f7ca8fb25cf
+B+: 0x7f7ca8fb25d0 0x7f7ca8fb25e7
+B+: 0x7f7ca8fb25e8 0x7f7ca8fb25ef
+B+: 0x7f7ca8fb25f0 0x7f7ca8fb2600
+B+: 0x7f7ca8fb2601 0x7f7ca8fb260b
+B+: 0x7f7ca8fb260c 0x7f7ca8fb2615
+B+: 0x7f7ca8fb2616 0x7f7ca8fb2623
+B+: 0x7f7ca8fb2624 0x7f7ca8fb262b
+B+: 0x7f7ca8fb262c 0x7f7ca8fb263c
+B+: 0x7f7ca8fb2657 0x7f7ca8fb2660
+B+: 0x7f7ca8fb2661 0x7f7ca8fb2678
+B+: 0x7f7ca8fb2679 0x7f7ca8fb267f
+B+: 0x7f7ca8fb2680 0x7f7ca8fb268c
+B+: 0x7f7ca8fb268d 0x7f7ca8fb2696
+B+: 0x7f7ca8fb2697 0x7f7ca8fb269b
+B+: 0x7f7ca8fb2760 0x7f7ca8fb2789
+B+: 0x7f7ca8fb27c0 0x7f7ca8fb27e3
+B+: 0x7f7ca8fb27f8 0x7f7ca8fb27f8
+B+: 0x7f7ca8fb2840 0x7f7ca8fb2844
+B+: 0x7f7ca8fb2850 0x7f7ca8fb2863
+B+: 0x7f7ca8fb2864 0x7f7ca8fb286f
+B+: 0x7f7ca8fb2870 0x7f7ca8fb287d
+B+: 0x7f7ca8fb287e 0x7f7ca8fb28aa
+B+: 0x7f7ca8fb28ab 0x7f7ca8fb28ac
+B+: 0x7f7ca8fb28cb 0x7f7ca8fb28d2
+B+: 0x7f7ca8fb2a50 0x7f7ca8fb2a57
+B+: 0x7f7ca8fb2a58 0x7f7ca8fb2a5e
+B+: 0x7f7ca8fb2a5f 0x7f7ca8fb2a63
+B+: 0x7f7ca8fb2a71 0x7f7ca8fb2a72
+B+: 0x7f7ca8fb36d0 0x7f7ca8fb36eb
+B+: 0x7f7ca8fb36ec 0x7f7ca8fb3705
+B+: 0x7f7ca8fb3717 0x7f7ca8fb371b
+B+: 0x7f7ca8fb371c 0x7f7ca8fb3720
+B+: 0x7f7ca8fb372c 0x7f7ca8fb3730
+B+: 0x7f7ca8fb373e 0x7f7ca8fb374d
+B+: 0x7f7ca8fb374e 0x7f7ca8fb3757
+B+: 0x7f7ca8fb3758 0x7f7ca8fb3775
+B+: 0x7f7ca8fb3780 0x7f7ca8fb3788
+B+: 0x7f7ca8fb3789 0x7f7ca8fb3790
+B+: 0x7f7ca8fb3791 0x7f7ca8fb379c
+B+: 0x7f7ca8fb4060 0x7f7ca8fb407e
+B+: 0x7f7ca8fb410d 0x7f7ca8fb411c
+B+: 0x7f7ca8fb411d 0x7f7ca8fb4123
+B+: 0x7f7ca8fb4140 0x7f7ca8fb414a
+B+: 0x7f7ca8fb414b 0x7f7ca8fb4152
+B+: 0x7f7ca8fb4153 0x7f7ca8fb415d
+B+: 0x7f7ca8fb415e 0x7f7ca8fb416f
+B+: 0x7f7ca8fb4188 0x7f7ca8fb418c
+B+: 0x7f7ca8fb418d 0x7f7ca8fb4191
+B+: 0x7f7ca8fb4192 0x7f7ca8fb419c
+B+: 0x7f7ca8fb41a7 0x7f7ca8fb41ad
+B+: 0x7f7ca8fb41ae 0x7f7ca8fb41b5
+B+: 0x7f7ca8fb41c0 0x7f7ca8fb41cf
+B+: 0x7f7ca8fb4bc0 0x7f7ca8fb4bfa
+B+: 0x7f7ca8fb4bfb 0x7f7ca8fb4c07
+B+: 0x7f7ca8fb4c08 0x7f7ca8fb4c0f
+B+: 0x7f7ca8fb4c10 0x7f7ca8fb4c11
+B+: 0x7f7ca8fb4c18 0x7f7ca8fb4c21
+B+: 0x7f7ca8fb4c22 0x7f7ca8fb4c2e
+B+: 0x7f7ca8fb4c32 0x7f7ca8fb4c39
+B+: 0x7f7ca8fb4c3a 0x7f7ca8fb4c49
+B+: 0x7f7ca8fb4c4a 0x7f7ca8fb4c51
+B+: 0x7f7ca8fb4c52 0x7f7ca8fb4c58
+B+: 0x7f7ca8fb4c59 0x7f7ca8fb4c60
+B+: 0x7f7ca8fb4c61 0x7f7ca8fb4c68
+B+: 0x7f7ca8fb4c69 0x7f7ca8fb4c6d
+B+: 0x7f7ca8fb4c6e 0x7f7ca8fb4c77
+B+: 0x7f7ca8fb4c78 0x7f7ca8fb4c89
+B+: 0x7f7ca8fb4c8a 0x7f7ca8fb4c98
+B+: 0x7f7ca8fb4e90 0x7f7ca8fb4ed3
+B+: 0x7f7ca8fb4edf 0x7f7ca8fb4ef5
+B+: 0x7f7ca8fb4ef6 0x7f7ca8fb4efa
+B+: 0x7f7ca8fb4efb 0x7f7ca8fb4f5a
+B+: 0x7f7ca8fb4f5b 0x7f7ca8fb4f67
+B+: 0x7f7ca8fb4f68 0x7f7ca8fb4f77
+B+: 0x7f7ca8fb4f78 0x7f7ca8fb4f7f
+B+: 0x7f7ca8fb4f80 0x7f7ca8fb4f8b
+B+: 0x7f7ca8fb4f8c 0x7f7ca8fb4f94
+B+: 0x7f7ca8fb4f95 0x7f7ca8fb4f9b
+B+: 0x7f7ca8fb4fa0 0x7f7ca8fb4faf
+B+: 0x7f7ca8fb4fb0 0x7f7ca8fb4fc5
+B+: 0x7f7ca8fb4fc6 0x7f7ca8fb4fcf
+B+: 0x7f7ca8fb4fd0 0x7f7ca8fb4fe3
+B+: 0x7f7ca8fb4fe4 0x7f7ca8fb4ffc
+B+: 0x7f7ca8fb5019 0x7f7ca8fb502b
+B+: 0x7f7ca8fb502c 0x7f7ca8fb5034
+B+: 0x7f7ca8fb5035 0x7f7ca8fb5047
+B+: 0x7f7ca8fb5048 0x7f7ca8fb505b
+B+: 0x7f7ca8fb50a8 0x7f7ca8fb50b4
+B+: 0x7f7ca8fb50b5 0x7f7ca8fb50b9
+B+: 0x7f7ca8fb50db 0x7f7ca8fb50e1
+B+: 0x7f7ca8fb50f0 0x7f7ca8fb5103
+B+: 0x7f7ca8fb5104 0x7f7ca8fb5113
+B+: 0x7f7ca8fb5114 0x7f7ca8fb511b
+B+: 0x7f7ca8fb511c 0x7f7ca8fb5122
+B+: 0x7f7ca8fb5123 0x7f7ca8fb5152
+B+: 0x7f7ca8fb5153 0x7f7ca8fb515f
+B+: 0x7f7ca8fb5160 0x7f7ca8fb5168
+B+: 0x7f7ca8fb5216 0x7f7ca8fb521c
+B+: 0x7f7ca8fb5224 0x7f7ca8fb522d
+B+: 0x7f7ca8fb522e 0x7f7ca8fb5237
+B+: 0x7f7ca8fb5238 0x7f7ca8fb5241
+B+: 0x7f7ca8fb5242 0x7f7ca8fb524b
+B+: 0x7f7ca8fb525d 0x7f7ca8fb5266
+B+: 0x7f7ca8fb5267 0x7f7ca8fb5281
+B+: 0x7f7ca8fb5282 0x7f7ca8fb5293
+B+: 0x7f7ca8fb534c 0x7f7ca8fb5353
+B+: 0x7f7ca8fb5354 0x7f7ca8fb536f
+B+: 0x7f7ca8fb551b 0x7f7ca8fb5525
+B+: 0x7f7ca8fb5526 0x7f7ca8fb552e
+B+: 0x7f7ca8fb552f 0x7f7ca8fb5537
+B+: 0x7f7ca8fb58d0 0x7f7ca8fb58ec
+B+: 0x7f7ca8fb58ed 0x7f7ca8fb58f1
+B+: 0x7f7ca8fb58f8 0x7f7ca8fb58fa
+B+: 0x7f7ca8fb58fb 0x7f7ca8fb5907
+B+: 0x7f7ca8fb5908 0x7f7ca8fb593e
+B+: 0x7f7ca8fb593f 0x7f7ca8fb5940
+B+: 0x7f7ca8fb5963 0x7f7ca8fb5977
+B+: 0x7f7ca8fb5980 0x7f7ca8fb5986
+B+: 0x7f7ca8fb5987 0x7f7ca8fb598e
+B+: 0x7f7ca8fb598f 0x7f7ca8fb5997
+B+: 0x7f7ca8fb5998 0x7f7ca8fb59ba
+B+: 0x7f7ca8fb59bb 0x7f7ca8fb59bc
+B+: 0x7f7ca8fb59c0 0x7f7ca8fb59e7
+B+: 0x7f7ca8fb59e8 0x7f7ca8fb59f7
+B+: 0x7f7ca8fb5a19 0x7f7ca8fb5a21
+B+: 0x7f7ca8fb5a22 0x7f7ca8fb5a2a
+B+: 0x7f7ca8fb5a2b 0x7f7ca8fb5a34
+B+: 0x7f7ca8fb5a35 0x7f7ca8fb5a3f
+B+: 0x7f7ca8fb5ad0 0x7f7ca8fb5ae9
+B+: 0x7f7ca8fb5aea 0x7f7ca8fb5b00
+B+: 0x7f7ca8fb5b10 0x7f7ca8fb5b1f
+B+: 0x7f7ca8fb5b20 0x7f7ca8fb5b2b
+B+: 0x7f7ca8fb5b2c 0x7f7ca8fb5b31
+B+: 0x7f7ca8fb5b32 0x7f7ca8fb5b41
+B+: 0x7f7ca8fb5b56 0x7f7ca8fb5b61
+B+: 0x7f7ca8fb5b62 0x7f7ca8fb5b6f
+B+: 0x7f7ca8fb5b70 0x7f7ca8fb5b85
+B+: 0x7f7ca8fb5b86 0x7f7ca8fb5b97
+B+: 0x7f7ca8fb5b98 0x7f7ca8fb5bc0
+B+: 0x7f7ca8fb5bc8 0x7f7ca8fb5bcc
+B+: 0x7f7ca8fb5bcd 0x7f7ca8fb5bea
+B+: 0x7f7ca8fb5d70 0x7f7ca8fb5d98
+B+: 0x7f7ca8fb5da0 0x7f7ca8fb5da1
+B+: 0x7f7ca8fb5da2 0x7f7ca8fb5daa
+B+: 0x7f7ca8fb5dab 0x7f7ca8fb5dc5
+B+: 0x7f7ca8fb5dc6 0x7f7ca8fb5dc9
+B+: 0x7f7ca8fb5dca 0x7f7ca8fb5dd1
+B+: 0x7f7ca8fb5dd2 0x7f7ca8fb5de6
+B+: 0x7f7ca8fb5df0 0x7f7ca8fb5e2a
+B+: 0x7f7ca8fb5e2b 0x7f7ca8fb5e2f
+B+: 0x7f7ca8fb5e46 0x7f7ca8fb5e5c
+B+: 0x7f7ca8fb5e5d 0x7f7ca8fb5e6e
+B+: 0x7f7ca8fb5e90 0x7f7ca8fb5ead
+B+: 0x7f7ca8fb5ec8 0x7f7ca8fb5ed1
+B+: 0x7f7ca8fb5ed2 0x7f7ca8fb5edd
+B+: 0x7f7ca8fb5f6c 0x7f7ca8fb5f8f
+B+: 0x7f7ca8fb5f90 0x7f7ca8fb5f9c
+B+: 0x7f7ca8fb5f9d 0x7f7ca8fb5fa8
+B+: 0x7f7ca8fb5fa9 0x7f7ca8fb5fb0
+B+: 0x7f7ca8fb5fb1 0x7f7ca8fb5fc5
+B+: 0x7f7ca8fb6008 0x7f7ca8fb6012
+B+: 0x7f7ca8fb6013 0x7f7ca8fb601e
+B+: 0x7f7ca8fb601f 0x7f7ca8fb602e
+B+: 0x7f7ca8fb6060 0x7f7ca8fb6066
+B+: 0x7f7ca8fb6067 0x7f7ca8fb6074
+B+: 0x7f7ca8fb6075 0x7f7ca8fb6086
+B+: 0x7f7ca8fb6087 0x7f7ca8fb608e
+B+: 0x7f7ca8fb608f 0x7f7ca8fb60a2
+B+: 0x7f7ca8fb60a3 0x7f7ca8fb60b0
+B+: 0x7f7ca8fb6100 0x7f7ca8fb6116
+B+: 0x7f7ca8fb6145 0x7f7ca8fb614d
+B+: 0x7f7ca8fb614e 0x7f7ca8fb6157
+B+: 0x7f7ca8fb6160 0x7f7ca8fb6166
+B+: 0x7f7ca8fb61c0 0x7f7ca8fb61d1
+B+: 0x7f7ca8fb61e8 0x7f7ca8fb61ef
+B+: 0x7f7ca8fb6248 0x7f7ca8fb625b
+B+: 0x7f7ca8fb625c 0x7f7ca8fb6271
+B+: 0x7f7ca8fb67d0 0x7f7ca8fb67ff
+B+: 0x7f7ca8fb680f 0x7f7ca8fb6812
+B+: 0x7f7ca8fb6813 0x7f7ca8fb681c
+B+: 0x7f7ca8fb681d 0x7f7ca8fb6820
+B+: 0x7f7ca8fb6821 0x7f7ca8fb682f
+B+: 0x7f7ca8fb6830 0x7f7ca8fb683a
+B+: 0x7f7ca8fb684f 0x7f7ca8fb685a
+B+: 0x7f7ca8fb685f 0x7f7ca8fb6862
+B+: 0x7f7ca8fb6870 0x7f7ca8fb6877
+B+: 0x7f7ca8fb6878 0x7f7ca8fb688d
+B+: 0x7f7ca8fb7440 0x7f7ca8fb7464
+B+: 0x7f7ca8fb761e 0x7f7ca8fb7627
+B+: 0x7f7ca8fb7628 0x7f7ca8fb7631
+B+: 0x7f7ca8fb7632 0x7f7ca8fb7659
+B+: 0x7f7ca8fb76af 0x7f7ca8fb76bc
+B+: 0x7f7ca8fb76c0 0x7f7ca8fb76cb
+B+: 0x7f7ca8fb7730 0x7f7ca8fb773b
+B+: 0x7f7ca8fb7740 0x7f7ca8fb775e
+B+: 0x7f7ca8fb775f 0x7f7ca8fb7767
+B+: 0x7f7ca8fb77d2 0x7f7ca8fb77e3
+B+: 0x7f7ca8fb78a0 0x7f7ca8fb78a7
+B+: 0x7f7ca8fb8260 0x7f7ca8fb82a5
+B+: 0x7f7ca8fb82b5 0x7f7ca8fb82be
+B+: 0x7f7ca8fb82bf 0x7f7ca8fb82d2
+B+: 0x7f7ca8fb82d3 0x7f7ca8fb82fc
+B+: 0x7f7ca8fb82fd 0x7f7ca8fb8310
+B+: 0x7f7ca8fb8324 0x7f7ca8fb8328
+B+: 0x7f7ca8fb8336 0x7f7ca8fb833f
+B+: 0x7f7ca8fb8340 0x7f7ca8fb8344
+B+: 0x7f7ca8fb8370 0x7f7ca8fb8386
+B+: 0x7f7ca8fb8387 0x7f7ca8fb8398
+B+: 0x7f7ca8fb83a0 0x7f7ca8fb83b6
+B+: 0x7f7ca8fb83b7 0x7f7ca8fb83d7
+B+: 0x7f7ca8fb83dd 0x7f7ca8fb83ec
+B+: 0x7f7ca8fb8850 0x7f7ca8fb8886
+B+: 0x7f7ca8fb8887 0x7f7ca8fb889a
+B+: 0x7f7ca8fb889b 0x7f7ca8fb88ad
+B+: 0x7f7ca8fb88ae 0x7f7ca8fb88c4
+B+: 0x7f7ca8fb88c5 0x7f7ca8fb88d7
+B+: 0x7f7ca8fb88d8 0x7f7ca8fb88e7
+B+: 0x7f7ca8fb88e8 0x7f7ca8fb890c
+B+: 0x7f7ca8fb890d 0x7f7ca8fb8915
+B+: 0x7f7ca8fb8924 0x7f7ca8fb8933
+B+: 0x7f7ca8fb8934 0x7f7ca8fb8947
+B+: 0x7f7ca8fb8948 0x7f7ca8fb8954
+B+: 0x7f7ca8fb8955 0x7f7ca8fb895f
+B+: 0x7f7ca8fb8960 0x7f7ca8fb8964
+B+: 0x7f7ca8fb8a6a 0x7f7ca8fb8a7c
+B+: 0x7f7ca8fb8a7d 0x7f7ca8fb8a9c
+B+: 0x7f7ca8fb8ba0 0x7f7ca8fb8bad
+B+: 0x7f7ca8fb8bae 0x7f7ca8fb8be1
+B+: 0x7f7ca8fb8bf0 0x7f7ca8fb8bfb
+B+: 0x7f7ca8fb8db0 0x7f7ca8fb8dbd
+B+: 0x7f7ca8fb8dbe 0x7f7ca8fb8dca
+B+: 0x7f7ca8fb8dcb 0x7f7ca8fb8de3
+B+: 0x7f7ca8fb8de8 0x7f7ca8fb8df4
+B+: 0x7f7ca8fb8df8 0x7f7ca8fb8e04
+B+: 0x7f7ca8fb8e05 0x7f7ca8fb8e12
+B+: 0x7f7ca8fb8e13 0x7f7ca8fb8e1d
+B+: 0x7f7ca8fb8eb4 0x7f7ca8fb8ec1
+B+: 0x7f7ca8fb9160 0x7f7ca8fb9174
+B+: 0x7f7ca8fb9175 0x7f7ca8fb9187
+B+: 0x7f7ca8fb9188 0x7f7ca8fb91a2
+B+: 0x7f7ca8fb91a3 0x7f7ca8fb91ac
+B+: 0x7f7ca8fb91ad 0x7f7ca8fb91b3
+B+: 0x7f7ca8fb91d0 0x7f7ca8fb91e5
+B+: 0x7f7ca8fb91eb 0x7f7ca8fb91f3
+B+: 0x7f7ca8fb9205 0x7f7ca8fb920b
+B+: 0x7f7ca8fb920c 0x7f7ca8fb921d
+B+: 0x7f7ca8fb921e 0x7f7ca8fb9226
+B+: 0x7f7ca8fb9227 0x7f7ca8fb9230
+B+: 0x7f7ca8fb9231 0x7f7ca8fb9232
+B+: 0x7f7ca8fb9240 0x7f7ca8fb9248
+B+: 0x7f7ca8fb9260 0x7f7ca8fb9260
+B+: 0x7f7ca8fb9520 0x7f7ca8fb9534
+B+: 0x7f7ca8fb9572 0x7f7ca8fb9578
+B+: 0x7f7ca8fb9580 0x7f7ca8fb9583
+B+: 0x7f7ca8fb9610 0x7f7ca8fb9656
+B+: 0x7f7ca8fb965b 0x7f7ca8fb9686
+B+: 0x7f7ca8fb9687 0x7f7ca8fb969d
+B+: 0x7f7ca8fb96fc 0x7f7ca8fb9708
+B+: 0x7f7ca8fb9709 0x7f7ca8fb9711
+B+: 0x7f7ca8fb9712 0x7f7ca8fb972a
+B+: 0x7f7ca8fb972b 0x7f7ca8fb973c
+B+: 0x7f7ca8fb9740 0x7f7ca8fb9747
+B+: 0x7f7ca8fb9748 0x7f7ca8fb975f
+B+: 0x7f7ca8fb9760 0x7f7ca8fb9766
+B+: 0x7f7ca8fb9767 0x7f7ca8fb9780
+B+: 0x7f7ca8fb9790 0x7f7ca8fb9793
+B+: 0x7f7ca8fb9794 0x7f7ca8fb9798
+B+: 0x7f7ca8fb97a2 0x7f7ca8fb97aa
+B+: 0x7f7ca8fb97ab 0x7f7ca8fb97ae
+B+: 0x7f7ca8fb97af 0x7f7ca8fb97bd
+B+: 0x7f7ca8fb97cb 0x7f7ca8fb97d3
+B+: 0x7f7ca8fb9825 0x7f7ca8fb9841
+B+: 0x7f7ca8fb9842 0x7f7ca8fb984d
+B+: 0x7f7ca8fb987e 0x7f7ca8fb988e
+B+: 0x7f7ca8fb988f 0x7f7ca8fb98a0
+B+: 0x7f7ca8fb98a1 0x7f7ca8fb98ad
+B+: 0x7f7ca8fb9c10 0x7f7ca8fb9c30
+B+: 0x7f7ca8fb9c31 0x7f7ca8fb9c58
+B+: 0x7f7ca8fb9c5e 0x7f7ca8fb9c66
+B+: 0x7f7ca8fb9c67 0x7f7ca8fb9c6f
+B+: 0x7f7ca8fb9c78 0x7f7ca8fb9c87
+B+: 0x7f7ca8fb9c88 0x7f7ca8fb9c89
+B+: 0x7f7ca8fb9ca0 0x7f7ca8fb9caf
+B+: 0x7f7ca8fb9cba 0x7f7ca8fb9cc4
+B+: 0x7f7ca8fb9ce0 0x7f7ca8fb9ce8
+B+: 0x7f7ca8fba360 0x7f7ca8fba36b
+B+: 0x7f7ca8fba480 0x7f7ca8fba480
+B+: 0x7f7ca8fba9c0 0x7f7ca8fba9db
+B+: 0x7f7ca8fbaa16 0x7f7ca8fbaa32
+B+: 0x7f7ca8fbaa33 0x7f7ca8fbaa52
+B+: 0x7f7ca8fbaa63 0x7f7ca8fbaa6a
+B+: 0x7f7ca8fbaa90 0x7f7ca8fbaaa6
+B+: 0x7f7ca8fbaaa7 0x7f7ca8fbaaae
+B+: 0x7f7ca8fbaaaf 0x7f7ca8fbaab6
+B+: 0x7f7ca8fbaaf6 0x7f7ca8fbab01
+B+: 0x7f7ca8fbab0c 0x7f7ca8fbab34
+B+: 0x7f7ca8fbab40 0x7f7ca8fbab57
+B+: 0x7f7ca8fbab58 0x7f7ca8fbab5f
+B+: 0x7f7ca8fbab60 0x7f7ca8fbab67
+B+: 0x7f7ca8fbab68 0x7f7ca8fbab70
+B+: 0x7f7ca8fbab71 0x7f7ca8fbab7a
+B+: 0x7f7ca8fbab7b 0x7f7ca8fbab80
+B+: 0x7f7ca8fbab97 0x7f7ca8fbab9c
+B+: 0x7f7ca8fbac0a 0x7f7ca8fbac3d
+B+: 0x7f7ca8fbac47 0x7f7ca8fbac53
+B+: 0x7f7ca8fbaed0 0x7f7ca8fbaede
+B+: 0x7f7ca8fbaedf 0x7f7ca8fbaee7
+B+: 0x7f7ca8fbaee8 0x7f7ca8fbaefc
+B+: 0x7f7ca8fbaefd 0x7f7ca8fbaf02
+B+: 0x7f7ca8fbaf03 0x7f7ca8fbaf1b
+B+: 0x7f7ca8fbaf1c 0x7f7ca8fbaf21
+B+: 0x7f7ca8fbaf22 0x7f7ca8fbaf2b
+B+: 0x7f7ca8fbafc0 0x7f7ca8fbafc7
+B+: 0x7f7ca8fbafc8 0x7f7ca8fbafd0
+B+: 0x7f7ca8fbb760 0x7f7ca8fbb768
+B+: 0x7f7ca8fbb769 0x7f7ca8fbb76d
+B+: 0x7f7ca8fbb76e 0x7f7ca8fbb772
+B+: 0x7f7ca8fbb780 0x7f7ca8fbb788
+B+: 0x7f7ca8fbb789 0x7f7ca8fbb78d
+B+: 0x7f7ca8fbb78e 0x7f7ca8fbb792
+B+: 0x7f7ca8fbb7c0 0x7f7ca8fbb7d9
+B+: 0x7f7ca8fbb7da 0x7f7ca8fbb7e6
+B+: 0x7f7ca8fbb7f7 0x7f7ca8fbb802
+B+: 0x7f7ca8fbb803 0x7f7ca8fbb80b
+B+: 0x7f7ca8fbb80c 0x7f7ca8fbb841
+B+: 0x7f7ca8fbb842 0x7f7ca8fbb84b
+B+: 0x7f7ca8fbb84c 0x7f7ca8fbb852
+B+: 0x7f7ca8fbb853 0x7f7ca8fbb875
+B+: 0x7f7ca8fbb880 0x7f7ca8fbb88e
+B+: 0x7f7ca8fbb8b0 0x7f7ca8fbb8c8
+B+: 0x7f7ca8fbb900 0x7f7ca8fbb941
+B+: 0x7f7ca8fbb950 0x7f7ca8fbb966
+B+: 0x7f7ca8fbb967 0x7f7ca8fbb97e
+B+: 0x7f7ca8fbb97f 0x7f7ca8fbb98a
+B+: 0x7f7ca8fbb98b 0x7f7ca8fbb9b3
+B+: 0x7f7ca8fbb9b4 0x7f7ca8fbb9bd
+B+: 0x7f7ca8fbb9be 0x7f7ca8fbb9bf
+B+: 0x7f7ca8fbb9d0 0x7f7ca8fbb9e8
+B+: 0x7f7ca8fbb9e9 0x7f7ca8fbba14
+B+: 0x7f7ca8fbba1e 0x7f7ca8fbba25
+B+: 0x7f7ca8fbba26 0x7f7ca8fbba33
+B+: 0x7f7ca8fbba34 0x7f7ca8fbba46
+B+: 0x7f7ca8fbbae0 0x7f7ca8fbbafe
+B+: 0x7f7ca8fbbaff 0x7f7ca8fbbb0c
+B+: 0x7f7ca8fbbb0d 0x7f7ca8fbbb1b
+B+: 0x7f7ca8fbbb1c 0x7f7ca8fbbb2c
+B+: 0x7f7ca8fbbb40 0x7f7ca8fbbb62
+B+: 0x7f7ca8fbbb98 0x7f7ca8fbbba9
+B+: 0x7f7ca8fbc6d0 0x7f7ca8fbc6f4
+B+: 0x7f7ca8fbc6f5 0x7f7ca8fbc70d
+B+: 0x7f7ca8fbc70e 0x7f7ca8fbc712
+B+: 0x7f7ca8fbc713 0x7f7ca8fbc71e
+B+: 0x7f7ca8fbc71f 0x7f7ca8fbc723
+B+: 0x7f7ca8fbc724 0x7f7ca8fbc728
+B+: 0x7f7ca8fbc729 0x7f7ca8fbc730
+B+: 0x7f7ca8fbc73c 0x7f7ca8fbc749
+B+: 0x7f7ca8fbc74a 0x7f7ca8fbc74d
+B+: 0x7f7ca8fbc74e 0x7f7ca8fbc760
+B+: 0x7f7ca8fbc761 0x7f7ca8fbc76b
+B+: 0x7f7ca8fbc790 0x7f7ca8fbc79d
+B+: 0x7f7ca8fbc79e 0x7f7ca8fbc7a5
+B+: 0x7f7ca8fbc7a6 0x7f7ca8fbc7a7
+B+: 0x7f7ca8fbc890 0x7f7ca8fbc89d
+B+: 0x7f7ca8fbc89e 0x7f7ca8fbc8a9
+B+: 0x7f7ca8fbc8aa 0x7f7ca8fbc8bd
+B+: 0x7f7ca8fbc8c0 0x7f7ca8fbc8ca
+B+: 0x7f7ca8fbc8d0 0x7f7ca8fbc8ef
+B+: 0x7f7ca8fbc8f0 0x7f7ca8fbc8f4
+B+: 0x7f7ca8fbc8f5 0x7f7ca8fbc90c
+B+: 0x7f7ca8fbc90d 0x7f7ca8fbc910
+B+: 0x7f7ca8fbc911 0x7f7ca8fbc912
+B+: 0x7f7ca8fbc913 0x7f7ca8fbc91b
+B+: 0x7f7ca8fbc91c 0x7f7ca8fbc930
+B+: 0x7f7ca8fbc938 0x7f7ca8fbc93c
+B+: 0x7f7ca8fbc980 0x7f7ca8fbc98f
+B+: 0x7f7ca8fbc990 0x7f7ca8fbc99b
+B+: 0x7f7ca8fbc99c 0x7f7ca8fbc9ab
+B+: 0x7f7ca8fbca80 0x7f7ca8fbca93
+B+: 0x7f7ca8fbca94 0x7f7ca8fbcaac
+B+: 0x7f7ca8fbcaad 0x7f7ca8fbcabf
+B+: 0x7f7ca8fbcac0 0x7f7ca8fbcada
+B+: 0x7f7ca8fbcadb 0x7f7ca8fbcae3
+B+: 0x7f7ca8fbcaec 0x7f7ca8fbcaf8
+B+: 0x7f7ca8fbcaf9 0x7f7ca8fbcb02
+B+: 0x7f7ca8fbcb03 0x7f7ca8fbcb06
+B+: 0x7f7ca8fbcb07 0x7f7ca8fbcb1a
+B+: 0x7f7ca8fbcc49 0x7f7ca8fbcc55
+B+: 0x7f7ca8fbcc56 0x7f7ca8fbcc67
+B+: 0x7f7ca8fbcc82 0x7f7ca8fbcc93
+B+: 0x7f7ca8fbcd77 0x7f7ca8fbcd82
+B+: 0x7f7ca8fbcda0 0x7f7ca8fbcdb2
+B+: 0x7f7ca8fbcdb3 0x7f7ca8fbcddf
+B+: 0x7f7ca8fbcde0 0x7f7ca8fbcdeb
+B+: 0x7f7ca8fbcdec 0x7f7ca8fbcdfc
+B+: 0x7f7ca8fbcdfd 0x7f7ca8fbce18
+B+: 0x7f7ca8fbce19 0x7f7ca8fbce25
+B+: 0x7f7ca8fbce26 0x7f7ca8fbce2e
+B+: 0x7f7ca8fbce2f 0x7f7ca8fbce3f
+B+: 0x7f7ca8fbce40 0x7f7ca8fbce44
+B+: 0x7f7ca8fbce45 0x7f7ca8fbce50
+B+: 0x7f7ca8fbce51 0x7f7ca8fbce5d
+B+: 0x7f7ca8fbce5e 0x7f7ca8fbce77
+B+: 0x7f7ca8fbcece 0x7f7ca8fbced2
+B+: 0x7f7ca8fbced3 0x7f7ca8fbcede
+B+: 0x7f7ca8fbcee0 0x7f7ca8fbceec
+B+: 0x7f7ca8fbcf60 0x7f7ca8fbcf7c
+B+: 0x7f7ca8fbd120 0x7f7ca8fbd128
+B+: 0x7f7ca8fbd129 0x7f7ca8fbd147
+B+: 0x7f7ca8fbd750 0x7f7ca8fbd75e
+B+: 0x7f7ca8fbd75f 0x7f7ca8fbd763
+B+: 0x7f7ca8fbd764 0x7f7ca8fbd770
+B+: 0x7f7ca8fbd771 0x7f7ca8fbd777
+B+: 0x7f7ca8fbd778 0x7f7ca8fbd783
+B+: 0x7f7ca8fbd784 0x7f7ca8fbd788
+B+: 0x7f7ca8fbd789 0x7f7ca8fbd78d
+B+: 0x7f7ca8fbd78e 0x7f7ca8fbd796
+B+: 0x7f7ca8fbd797 0x7f7ca8fbd79e
+B+: 0x7f7ca8fbd890 0x7f7ca8fbd892
+B+: 0x7f7ca8fbd8a7 0x7f7ca8fbd8ab
+B+: 0x7f7ca8fbd8ac 0x7f7ca8fbd8b2
+B+: 0x7f7ca8fbd8b3 0x7f7ca8fbd8b6
+B+: 0x7f7ca8fbd8d0 0x7f7ca8fbd8e1
+B+: 0x7f7ca8fbd8e2 0x7f7ca8fbd8e6
+B+: 0x7f7ca8fbd8e7 0x7f7ca8fbd8eb
+B+: 0x7f7ca8fbd8ec 0x7f7ca8fbd8f1
+B+: 0x7f7ca8fbd8f2 0x7f7ca8fbd8fa
+B+: 0x7f7ca8fbd8fb 0x7f7ca8fbd8fc
+B+: 0x7f7ca8fbd940 0x7f7ca8fbd948
+B+: 0x7f7ca8fbd949 0x7f7ca8fbd951
+B+: 0x7f7ca8fbd980 0x7f7ca8fbd988
+B+: 0x7f7ca8fbd989 0x7f7ca8fbd98a
+B+: 0x7f7ca8fbd98b 0x7f7ca8fbd991
+B+: 0x7f7ca8fbd992 0x7f7ca8fbd9a2
+B+: 0x7f7ca8fbd9a8 0x7f7ca8fbd9ac
+B+: 0x7f7ca8fbd9eb 0x7f7ca8fbda00
+B+: 0x7f7ca8fbda08 0x7f7ca8fbda10
+B+: 0x7f7ca8fbdaf0 0x7f7ca8fbdb11
+B+: 0x7f7ca8fbdb12 0x7f7ca8fbdb16
+B+: 0x7f7ca8fbdb17 0x7f7ca8fbdb1d
+B+: 0x7f7ca8fbdb1e 0x7f7ca8fbdb26
+B+: 0x7f7ca8fbdb27 0x7f7ca8fbdb34
+B+: 0x7f7ca8fbdb35 0x7f7ca8fbdb3c
+B+: 0x7f7ca8fbdb3d 0x7f7ca8fbdb49
+B+: 0x7f7ca8fbdb4a 0x7f7ca8fbdb5a
+B+: 0x7f7ca8fbdb5b 0x7f7ca8fbdb63
+B+: 0x7f7ca8fbdb7f 0x7f7ca8fbdb93
+B+: 0x7f7ca8fbdb94 0x7f7ca8fbdb9c
+B+: 0x7f7ca8fbdbe0 0x7f7ca8fbdbf7
+B+: 0x7f7ca8fbdbf8 0x7f7ca8fbdc00
+B+: 0x7f7ca8fbdc1b 0x7f7ca8fbdc2b
+B+: 0x7f7ca8fbdd40 0x7f7ca8fbdd5e
+B+: 0x7f7ca8fbdd5f 0x7f7ca8fbdd6d
+B+: 0x7f7ca8fbdd6e 0x7f7ca8fbdd72
+B+: 0x7f7ca8fbdd7d 0x7f7ca8fbdd90
+B+: 0x7f7ca8fbdd91 0x7f7ca8fbdd95
+B+: 0x7f7ca8fbdd96 0x7f7ca8fbdd9a
+B+: 0x7f7ca8fbdda0 0x7f7ca8fbdda4
+B+: 0x7f7ca8fbddd5 0x7f7ca8fbddd9
+B+: 0x7f7ca8fbddda 0x7f7ca8fbddde
+B+: 0x7f7ca8fbddf0 0x7f7ca8fbddfb
+B+: 0x7f7ca8fbddfc 0x7f7ca8fbde07
+B+: 0x7f7ca8fbde08 0x7f7ca8fbde10
+B+: 0x7f7ca8fbde2c 0x7f7ca8fbde30
+B+: 0x7f7ca8fbde31 0x7f7ca8fbde36
+B+: 0x7f7ca8fbde41 0x7f7ca8fbde45
+B+: 0x7f7ca8fbde46 0x7f7ca8fbde54
+B+: 0x7f7ca8fbde55 0x7f7ca8fbde5d
+B+: 0x7f7ca8fbde5e 0x7f7ca8fbde62
+B+: 0x7f7ca8fbde63 0x7f7ca8fbde74
+B+: 0x7f7ca8fbde78 0x7f7ca8fbde84
+B+: 0x7f7ca8fbdea0 0x7f7ca8fbdea4
+B+: 0x7f7ca8fbdef0 0x7f7ca8fbdf03
+B+: 0x7f7ca8fbdf40 0x7f7ca8fbdf76
+B+: 0x7f7ca8fbdf77 0x7f7ca8fbdf82
+B+: 0x7f7ca8fbdf83 0x7f7ca8fbdf92
+B+: 0x7f7ca8fbe01b 0x7f7ca8fbe031
+B+: 0x7f7ca8fbe032 0x7f7ca8fbe040
+B+: 0x7f7ca8fbe075 0x7f7ca8fbe0b8
+B+: 0x7f7ca8fbe0b9 0x7f7ca8fbe0c3
+B+: 0x7f7ca8fbe0c4 0x7f7ca8fbe0cc
+B+: 0x7f7ca8fbe0cd 0x7f7ca8fbe0d5
+B+: 0x7f7ca8fbe0d6 0x7f7ca8fbe0de
+B+: 0x7f7ca8fbe0df 0x7f7ca8fbe106
+B+: 0x7f7ca8fbe107 0x7f7ca8fbe133
+B+: 0x7f7ca8fbe578 0x7f7ca8fbe581
+B+: 0x7f7ca8fbe582 0x7f7ca8fbe5a8
+B+: 0x7f7ca8fbe5a9 0x7f7ca8fbe5b6
+B+: 0x7f7ca8fbe5d0 0x7f7ca8fbe5e0
+B+: 0x7f7ca8fbe5e1 0x7f7ca8fbe5ee
+B+: 0x7f7ca8fbe5ef 0x7f7ca8fbe5f3
+B+: 0x7f7ca8fbe670 0x7f7ca8fbe67e
+B+: 0x7f7ca8fbe67f 0x7f7ca8fbe683
+B+: 0x7f7ca8fbe684 0x7f7ca8fbe692
+B+: 0x7f7ca8fbe693 0x7f7ca8fbe69a
+B+: 0x7f7ca8fbe69b 0x7f7ca8fbe6a2
+B+: 0x7f7ca8fbe6a3 0x7f7ca8fbe6b7
+B+: 0x7f7ca8fbe790 0x7f7ca8fbe7bc
+B+: 0x7f7ca8fbe7bd 0x7f7ca8fbe7d4
+B+: 0x7f7ca8fbe7e0 0x7f7ca8fbe83a
+B+: 0x7f7ca8fbe83b 0x7f7ca8fbe875
+B+: 0x7f7ca8fbe876 0x7f7ca8fbe893
+B+: 0x7f7ca8fbe894 0x7f7ca8fbe8a3
+B+: 0x7f7ca8fbe8a4 0x7f7ca8fbe8b0
+B+: 0x7f7ca8fbe9b4 0x7f7ca8fbe9b8
+B+: 0x7f7ca8fbe9b9 0x7f7ca8fbe9cf
+B+: 0x7f7ca8fbe9d0 0x7f7ca8fbe9dc
+B+: 0x7f7ca8fbe9dd 0x7f7ca8fbe9ef
+B+: 0x7f7ca8fbe9f0 0x7f7ca8fbe9f7
+B+: 0x7f7ca8fbea01 0x7f7ca8fbea16
+B+: 0x7f7ca8fbea28 0x7f7ca8fbea3d
+B+: 0x7f7ca8fbea3e 0x7f7ca8fbea4d
+B+: 0x7f7ca8fbea79 0x7f7ca8fbea97
+B+: 0x7f7ca8fbea98 0x7f7ca8fbeac0
+B+: 0x7f7ca8fbeac1 0x7f7ca8fbeacf
+B+: 0x7f7ca8fbf148 0x7f7ca8fbf154
+B+: 0x7f7ca8fbf155 0x7f7ca8fbf174
+B+: 0x7f7ca8fbf175 0x7f7ca8fbf17f
+B+: 0x7f7ca8fbf1ac 0x7f7ca8fbf1b0
+B+: 0x7f7ca8fbf1b1 0x7f7ca8fbf1b5
+B+: 0x7f7ca8fbfa40 0x7f7ca8fbfa64
+B+: 0x7f7ca8fbfb10 0x7f7ca8fbfb1a
+B+: 0x7f7ca8fbfb40 0x7f7ca8fbfb47
+B+: 0x7f7ca8fbfb48 0x7f7ca8fbfb51
+B+: 0x7f7ca8fbfb58 0x7f7ca8fbfb60
+B+: 0x7f7ca8fbfb61 0x7f7ca8fbfb6a
+B+: 0x7f7ca8fbfb88 0x7f7ca8fbfb8c
+B+: 0x7f7ca8fbfb8d 0x7f7ca8fbfb94
+B+: 0x7f7ca8fbfba0 0x7f7ca8fbfba4
+B+: 0x7f7ca8fbfd00 0x7f7ca8fbfd30
+B+: 0x7f7ca8fbfe3f 0x7f7ca8fbfe55
+B+: 0x7f7ca8fbfe56 0x7f7ca8fbfe67
+B+: 0x7f7ca8fc01e0 0x7f7ca8fc0222
+B+: 0x7f7ca8fc0223 0x7f7ca8fc0228
+B+: 0x7f7ca8fc024c 0x7f7ca8fc0260
+B+: 0x7f7ca8fc0261 0x7f7ca8fc0269
+B+: 0x7f7ca8fc0270 0x7f7ca8fc0279
+B+: 0x7f7ca8fc0288 0x7f7ca8fc02a0
+B+: 0x7f7ca8fc02a1 0x7f7ca8fc02ba
+B+: 0x7f7ca8fc02bb 0x7f7ca8fc02bc
+B+: 0x7f7ca8fc02d0 0x7f7ca8fc02d8
+B+: 0x7f7ca8fc02f8 0x7f7ca8fc02f8
+B+: 0x7f7ca8fc0300 0x7f7ca8fc030c
+B+: 0x7f7ca8fc033f 0x7f7ca8fc0343
+B+: 0x7f7ca8fc0380 0x7f7ca8fc0384
+B+: 0x7f7ca8fc03d0 0x7f7ca8fc03e3
+B+: 0x7f7ca8fc0400 0x7f7ca8fc0400
+B+: 0x7f7ca8fc0420 0x7f7ca8fc045b
+B+: 0x7f7ca8fc0467 0x7f7ca8fc0471
+B+: 0x7f7ca8fc0472 0x7f7ca8fc0489
+B+: 0x7f7ca8fc048a 0x7f7ca8fc048d
+B+: 0x7f7ca8fc048e 0x7f7ca8fc0494
+B+: 0x7f7ca8fc0495 0x7f7ca8fc049d
+B+: 0x7f7ca8fc049e 0x7f7ca8fc04a9
+B+: 0x7f7ca8fc04aa 0x7f7ca8fc04c2
+B+: 0x7f7ca8fc04c3 0x7f7ca8fc04ce
+B+: 0x7f7ca8fc04cf 0x7f7ca8fc04e5
+B+: 0x7f7ca8fc04e6 0x7f7ca8fc04f5
+B+: 0x7f7ca8fc0500 0x7f7ca8fc050e
+B+: 0x7f7ca8fc050f 0x7f7ca8fc0513
+B+: 0x7f7ca8fc0514 0x7f7ca8fc051e
+B+: 0x7f7ca8fc0540 0x7f7ca8fc0549
+B+: 0x7f7ca8fc054a 0x7f7ca8fc054e
+B+: 0x7f7ca8fc054f 0x7f7ca8fc0560
+B+: 0x7f7ca8fc0568 0x7f7ca8fc0577
+B+: 0x7f7ca8fc0580 0x7f7ca8fc0589
+B+: 0x7f7ca8fc05a8 0x7f7ca8fc05bb
+B+: 0x7f7ca8fc05c0 0x7f7ca8fc05ce
+B+: 0x7f7ca8fc05cf 0x7f7ca8fc05dc
+B+: 0x7f7ca8fc06f0 0x7f7ca8fc06fd
+B+: 0x7f7ca8fc07a0 0x7f7ca8fc07a0
+B+: 0x7f7ca8fc07b0 0x7f7ca8fc07ba
+B+: 0x7f7ca8fc07bb 0x7f7ca8fc07ce
+B+: 0x7f7ca8fc07cf 0x7f7ca8fc07d8
+B+: 0x7f7ca8fc07d9 0x7f7ca8fc07e6
+B+: 0x7f7ca8fc0800 0x7f7ca8fc082d
+B+: 0x7f7ca8fc082e 0x7f7ca8fc0831
+B+: 0x7f7ca8fc0832 0x7f7ca8fc0847
+B+: 0x7f7ca8fc0864 0x7f7ca8fc086b
+B+: 0x7f7ca8fc086c 0x7f7ca8fc086f
+B+: 0x7f7ca8fc0870 0x7f7ca8fc0876
+B+: 0x7f7ca8fc0877 0x7f7ca8fc087b
+B+: 0x7f7ca8fc087c 0x7f7ca8fc0886
+B+: 0x7f7ca8fc0ae0 0x7f7ca8fc0b01
+B+: 0x7f7ca8fc0b02 0x7f7ca8fc0b0a
+B+: 0x7f7ca8fc0b0b 0x7f7ca8fc0b14
+B+: 0x7f7ca8fc0b15 0x7f7ca8fc0b19
+B+: 0x7f7ca8fc0c00 0x7f7ca8fc0c19
+B+: 0x7f7ca8fc0c51 0x7f7ca8fc0c8e
+B+: 0x7f7ca8fc0c8f 0x7f7ca8fc0c9e
+B+: 0x7f7ca8fc0c9f 0x7f7ca8fc0ca6
+B+: 0x7f7ca8fc0df0 0x7f7ca8fc0dfb
+B+: 0x7f7ca8fc0e20 0x7f7ca8fc0e20
+B+: 0x7f7ca8fc0e30 0x7f7ca8fc0e38
+B+: 0x7f7ca8fc2940 0x7f7ca8fc294b
+B+: 0x7f7ca8fc294c 0x7f7ca8fc2957
+B+: 0x7f7ca8fc2958 0x7f7ca8fc2964
+B+: 0x7f7ca8fc2965 0x7f7ca8fc2969
+B+: 0x7f7ca8fc296a 0x7f7ca8fc296f
+B+: 0x7f7ca8fc2970 0x7f7ca8fc2976
+B+: 0x7f7ca8fc2980 0x7f7ca8fc2987
+B+: 0x7f7ca8fc2988 0x7f7ca8fc298c
+B+: 0x7f7ca8fc298d 0x7f7ca8fc299b
+B+: 0x7f7ca8fc299c 0x7f7ca8fc29a0
+B+: 0x7f7ca8fc29a1 0x7f7ca8fc29a8
+B+: 0x7f7ca8fc29a9 0x7f7ca8fc29ad
+B+: 0x7f7ca8fc29ae 0x7f7ca8fc29b8
+B+: 0x7f7ca8fc29b9 0x7f7ca8fc29b9
+B+: 0x7f7ca8fc29c0 0x7f7ca8fc29c5
+B+: 0x7f7ca8fc29c6 0x7f7ca8fc29c9
+B+: 0x7f7ca8fc29d0 0x7f7ca8fc29d0
+B+: 0x7f7ca8fc29d1 0x7f7ca8fc29d5
+B+: 0x7f7ca8fc29d6 0x7f7ca8fc29d9
+B+: 0x7f7ca8fc29e0 0x7f7ca8fc29ff
+B+: 0x7f7ca8fc2a00 0x7f7ca8fc2a11
+B+: 0x7f7ca8fc2a12 0x7f7ca8fc2a16
+B+: 0x7f7ca8fc2a20 0x7f7ca8fc2a22
+B+: 0x7f7ca8fc2a23 0x7f7ca8fc2a2f
+B+: 0x7f7ca8fc2a30 0x7f7ca8fc2a33
+B+: 0x7f7ca8fc2a34 0x7f7ca8fc2a5d
+B+: 0x7f7ca8fc2a5e 0x7f7ca8fc2a62
+B+: 0x7f7ca8fc2a63 0x7f7ca8fc2a82
+B+: 0x7f7ca8fc2ac0 0x7f7ca8fc2ade
+B+: 0x7f7ca8fc2adf 0x7f7ca8fc2ae3
+B+: 0x7f7ca8fc2ae4 0x7f7ca8fc2ae8
+B+: 0x7f7ca8fc2af0 0x7f7ca8fc2af2
+B+: 0x7f7ca8fc2af3 0x7f7ca8fc2aff
+B+: 0x7f7ca8fc2b00 0x7f7ca8fc2b03
+B+: 0x7f7ca8fc2b04 0x7f7ca8fc2b3e
+B+: 0x7f7ca8fc2b3f 0x7f7ca8fc2b49
+B+: 0x7f7ca8fc2b4a 0x7f7ca8fc2b57
+B+: 0x7f7ca8fc2b58 0x7f7ca8fc2b5d
+B+: 0x7f7ca8fc2b5e 0x7f7ca8fc2b66
+B+: 0x7f7ca8fc2b67 0x7f7ca8fc2b70
+B+: 0x7f7ca8fc2b71 0x7f7ca8fc2b7a
+B+: 0x7f7ca8fc2b7b 0x7f7ca8fc2b9a
+B+: 0x7f7ca8fc2b9b 0x7f7ca8fc2ba3
+B+: 0x7f7ca8fc2ba4 0x7f7ca8fc2bbd
+B+: 0x7f7ca8fc2bc0 0x7f7ca8fc2bc5
+B+: 0x7f7ca8fc2bc6 0x7f7ca8fc2bcf
+B+: 0x7f7ca8fc2bd0 0x7f7ca8fc2bd9
+B+: 0x7f7ca8fc2bda 0x7f7ca8fc2bf7
+B+: 0x7f7ca8fc2c08 0x7f7ca8fc2c14
+B+: 0x7f7ca8fc2c15 0x7f7ca8fc2c1b
+B+: 0x7f7ca8fc2c1c 0x7f7ca8fc2c29
+B+: 0x7f7ca8fc2cb0 0x7f7ca8fc2cca
+B+: 0x7f7ca8fc2ccb 0x7f7ca8fc2cda
+B+: 0x7f7ca8fc2cdb 0x7f7ca8fc2ce6
+B+: 0x7f7ca8fc2ce7 0x7f7ca8fc2cef
+B+: 0x7f7ca8fc2cf0 0x7f7ca8fc2cf4
+B+: 0x7f7ca8fc2cf5 0x7f7ca8fc2cfc
+B+: 0x7f7ca8fc2cfd 0x7f7ca8fc2d10
+B+: 0x7f7ca8fc2d11 0x7f7ca8fc2d21
+B+: 0x7f7ca8fc2d22 0x7f7ca8fc2d26
+B+: 0x7f7ca8fc2d27 0x7f7ca8fc2d38
+B+: 0x7f7ca8fc2d39 0x7f7ca8fc2d4b
+B+: 0x7f7ca8fc2d4c 0x7f7ca8fc2d54
+B+: 0x7f7ca8fc2d55 0x7f7ca8fc2d5e
+B+: 0x7f7ca8fc2d5f 0x7f7ca8fc2d6d
+B+: 0x7f7ca8fc2ea0 0x7f7ca8fc2eb6
+B+: 0x7f7ca8fc2eb7 0x7f7ca8fc2ebb
+B+: 0x7f7ca8fc2ebc 0x7f7ca8fc2ec0
+B+: 0x7f7ca8fc2ec8 0x7f7ca8fc2ecb
+B+: 0x7f7ca8fc2ecc 0x7f7ca8fc2ed9
+B+: 0x7f7ca8fc2eda 0x7f7ca8fc2edd
+B+: 0x7f7ca8fc2ede 0x7f7ca8fc2f06
+B+: 0x7f7ca8fc2f07 0x7f7ca8fc2f10
+B+: 0x7f7ca8fc2f11 0x7f7ca8fc2f16
+B+: 0x7f7ca8fc2f17 0x7f7ca8fc2f24
+B+: 0x7f7ca8fc2f25 0x7f7ca8fc2f2d
+B+: 0x7f7ca8fc3440 0x7f7ca8fc346b
+B+: 0x7f7ca8fc346c 0x7f7ca8fc3470
+B+: 0x7f7ca8fc3471 0x7f7ca8fc3475
+B+: 0x7f7ca8fc3536 0x7f7ca8fc353e
+B+: 0x7f7ca8fc353f 0x7f7ca8fc3548
+B+: 0x7f7ca8fc3549 0x7f7ca8fc3551
+B+: 0x7f7ca8fc35d0 0x7f7ca8fc35e4
+B+: 0x7f7ca8fc35e5 0x7f7ca8fc3606
+B+: 0x7f7ca8fc3607 0x7f7ca8fc3610
+B+: 0x7f7ca8fc3611 0x7f7ca8fc3618
+B+: 0x7f7ca8fc3640 0x7f7ca8fc3648
+B+: 0x7f7ca8fc3649 0x7f7ca8fc3656
+B+: 0x7f7ca8fc3657 0x7f7ca8fc365f
+B+: 0x7f7ca8fc3660 0x7f7ca8fc3661
+B+: 0x7f7ca8fc3760 0x7f7ca8fc37aa
+B+: 0x7f7ca8fc37ab 0x7f7ca8fc37af
+B+: 0x7f7ca8fc37b0 0x7f7ca8fc37be
+B+: 0x7f7ca8fc37c8 0x7f7ca8fc37d3
+B+: 0x7f7ca8fc37d4 0x7f7ca8fc37d8
+B+: 0x7f7ca8fc37d9 0x7f7ca8fc37e0
+B+: 0x7f7ca8fc37e1 0x7f7ca8fc37e5
+B+: 0x7f7ca8fc37e6 0x7f7ca8fc37f3
+B+: 0x7f7ca8fc37f4 0x7f7ca8fc37fb
+B+: 0x7f7ca8fc3800 0x7f7ca8fc3810
+B+: 0x7f7ca8fc3811 0x7f7ca8fc3815
+B+: 0x7f7ca8fc3816 0x7f7ca8fc3832
+B+: 0x7f7ca8fc3833 0x7f7ca8fc3843
+B+: 0x7f7ca8fc3844 0x7f7ca8fc384f
+B+: 0x7f7ca8fc3850 0x7f7ca8fc3857
+B+: 0x7f7ca8fc3858 0x7f7ca8fc385c
+B+: 0x7f7ca8fc385d 0x7f7ca8fc3868
+B+: 0x7f7ca8fc3869 0x7f7ca8fc387b
+B+: 0x7f7ca8fc387c 0x7f7ca8fc3884
+B+: 0x7f7ca8fc3888 0x7f7ca8fc3897
+B+: 0x7f7ca8fc3898 0x7f7ca8fc389b
+B+: 0x7f7ca8fc389c 0x7f7ca8fc38b4
+B+: 0x7f7ca8fc38b5 0x7f7ca8fc38b8
+B+: 0x7f7ca8fc38b9 0x7f7ca8fc38c6
+B+: 0x7f7ca8fc38c7 0x7f7ca8fc38d5
+B+: 0x7f7ca8fc3dc0 0x7f7ca8fc3dec
+B+: 0x7f7ca8fc3ded 0x7f7ca8fc3df2
+B+: 0x7f7ca8fc3df3 0x7f7ca8fc3e04
+B+: 0x7f7ca8fc3e05 0x7f7ca8fc3e0d
+B+: 0x7f7ca8fc3e0e 0x7f7ca8fc3e1c
+CND+ 0x7f7ca8fb200e: taken
+CND+ 0x7f7ca8fb25ea: not taken
+CND+ 0x7f7ca8fb2626: not taken
+CND+ 0x7f7ca8fb263b: taken
+CND+ 0x7f7ca8fb2673: not taken
+CND+ 0x7f7ca8fb2687: not taken
+CND+ 0x7f7ca8fb2695: not taken
+CND+ 0x7f7ca8fb27e2: taken
+CND+ 0x7f7ca8fb2862: not taken
+CND+ 0x7f7ca8fb287c: both
+CND+ 0x7f7ca8fb28a9: not taken
+CND+ 0x7f7ca8fb2a5d: not taken
+CND+ 0x7f7ca8fb2a62: taken
+CND+ 0x7f7ca8fb36e6: not taken
+CND+ 0x7f7ca8fb3704: taken
+CND+ 0x7f7ca8fb371a: not taken
+CND+ 0x7f7ca8fb371f: taken
+CND+ 0x7f7ca8fb372f: taken
+CND+ 0x7f7ca8fb374c: not taken
+CND+ 0x7f7ca8fb3756: not taken
+CND+ 0x7f7ca8fb378f: not taken
+CND+ 0x7f7ca8fb379b: taken
+CND+ 0x7f7ca8fb4079: taken
+CND+ 0x7f7ca8fb411b: not taken
+CND+ 0x7f7ca8fb4149: not taken
+CND+ 0x7f7ca8fb4158: not taken
+CND+ 0x7f7ca8fb4190: not taken
+CND+ 0x7f7ca8fb41ce: taken
+CND+ 0x7f7ca8fb4c20: not taken
+CND+ 0x7f7ca8fb4c2d: taken
+CND+ 0x7f7ca8fb4c48: not taken
+CND+ 0x7f7ca8fb4c5f: both
+CND+ 0x7f7ca8fb4c88: not taken
+CND+ 0x7f7ca8fb4ed2: taken
+CND+ 0x7f7ca8fb4f55: not taken
+CND+ 0x7f7ca8fb4f7e: not taken
+CND+ 0x7f7ca8fb4f8a: not taken
+CND+ 0x7f7ca8fb4f93: both
+CND+ 0x7f7ca8fb4fc4: not taken
+CND+ 0x7f7ca8fb4fe2: both
+CND+ 0x7f7ca8fb4ffb: taken
+CND+ 0x7f7ca8fb505a: taken
+CND+ 0x7f7ca8fb50af: not taken
+CND+ 0x7f7ca8fb50b8: taken
+CND+ 0x7f7ca8fb50e0: taken
+CND+ 0x7f7ca8fb5116: not taken
+CND+ 0x7f7ca8fb515a: not taken
+CND+ 0x7f7ca8fb5163: taken
+CND+ 0x7f7ca8fb521b: taken
+CND+ 0x7f7ca8fb524a: taken
+CND+ 0x7f7ca8fb527c: not taken
+CND+ 0x7f7ca8fb536a: taken
+CND+ 0x7f7ca8fb5520: not taken
+CND+ 0x7f7ca8fb5529: not taken
+CND+ 0x7f7ca8fb5532: taken
+CND+ 0x7f7ca8fb58eb: not taken
+CND+ 0x7f7ca8fb5906: both
+CND+ 0x7f7ca8fb593d: not taken
+CND+ 0x7f7ca8fb5985: both
+CND+ 0x7f7ca8fb59f6: taken
+CND+ 0x7f7ca8fb5a20: both
+CND+ 0x7f7ca8fb5a29: not taken
+CND+ 0x7f7ca8fb5a33: not taken
+CND+ 0x7f7ca8fb5ae4: not taken
+CND+ 0x7f7ca8fb5afb: taken
+CND+ 0x7f7ca8fb5b2a: both
+CND+ 0x7f7ca8fb5b30: both
+CND+ 0x7f7ca8fb5b40: taken
+CND+ 0x7f7ca8fb5b60: not taken
+CND+ 0x7f7ca8fb5b96: not taken
+CND+ 0x7f7ca8fb5be5: taken
+CND+ 0x7f7ca8fb5da0: not taken
+CND+ 0x7f7ca8fb5da9: not taken
+CND+ 0x7f7ca8fb5dc8: both
+CND+ 0x7f7ca8fb5dd0: both
+CND+ 0x7f7ca8fb5e2e: taken
+CND+ 0x7f7ca8fb5e57: not taken
+CND+ 0x7f7ca8fb5eac: taken
+CND+ 0x7f7ca8fb5ed8: taken
+CND+ 0x7f7ca8fb5fa3: not taken
+CND+ 0x7f7ca8fb5fc0: taken
+CND+ 0x7f7ca8fb6019: not taken
+CND+ 0x7f7ca8fb6065: not taken
+CND+ 0x7f7ca8fb606f: not taken
+CND+ 0x7f7ca8fb6089: both
+CND+ 0x7f7ca8fb609d: not taken
+CND+ 0x7f7ca8fb60ab: taken
+CND+ 0x7f7ca8fb614c: not taken
+CND+ 0x7f7ca8fb6156: taken
+CND+ 0x7f7ca8fb61cc: taken
+CND+ 0x7f7ca8fb61ee: taken
+CND+ 0x7f7ca8fb6811: both
+CND+ 0x7f7ca8fb681b: not taken
+CND+ 0x7f7ca8fb681f: not taken
+CND+ 0x7f7ca8fb6839: taken
+CND+ 0x7f7ca8fb6859: taken
+CND+ 0x7f7ca8fb6861: taken
+CND+ 0x7f7ca8fb745f: taken
+CND+ 0x7f7ca8fb7626: not taken
+CND+ 0x7f7ca8fb76ca: taken
+CND+ 0x7f7ca8fb7762: taken
+CND+ 0x7f7ca8fb82a4: taken
+CND+ 0x7f7ca8fb82bd: not taken
+CND+ 0x7f7ca8fb82cd: not taken
+CND+ 0x7f7ca8fb830f: taken
+CND+ 0x7f7ca8fb8327: taken
+CND+ 0x7f7ca8fb833a: not taken
+CND+ 0x7f7ca8fb8343: taken
+CND+ 0x7f7ca8fb8381: not taken
+CND+ 0x7f7ca8fb83d6: taken
+CND+ 0x7f7ca8fb83e7: taken
+CND+ 0x7f7ca8fb8895: not taken
+CND+ 0x7f7ca8fb88a8: not taken
+CND+ 0x7f7ca8fb88d2: not taken
+CND+ 0x7f7ca8fb8907: not taken
+CND+ 0x7f7ca8fb8942: taken
+CND+ 0x7f7ca8fb8953: not taken
+CND+ 0x7f7ca8fb8963: taken
+CND+ 0x7f7ca8fb8a7b: not taken
+CND+ 0x7f7ca8fb8dbc: both
+CND+ 0x7f7ca8fb8dc9: both
+CND+ 0x7f7ca8fb8e03: not taken
+CND+ 0x7f7ca8fb8e0d: not taken
+CND+ 0x7f7ca8fb8e18: taken
+CND+ 0x7f7ca8fb91a1: not taken
+CND+ 0x7f7ca8fb91ab: not taken
+CND+ 0x7f7ca8fb91e4: taken
+CND+ 0x7f7ca8fb91f2: taken
+CND+ 0x7f7ca8fb920a: not taken
+CND+ 0x7f7ca8fb9225: not taken
+CND+ 0x7f7ca8fb922f: not taken
+CND+ 0x7f7ca8fb9247: taken
+CND+ 0x7f7ca8fb9533: taken
+CND+ 0x7f7ca8fb9582: taken
+CND+ 0x7f7ca8fb9655: taken
+CND+ 0x7f7ca8fb9698: taken
+CND+ 0x7f7ca8fb9703: not taken
+CND+ 0x7f7ca8fb970c: taken
+CND+ 0x7f7ca8fb9725: not taken
+CND+ 0x7f7ca8fb9742: not taken
+CND+ 0x7f7ca8fb975a: not taken
+CND+ 0x7f7ca8fb9765: not taken
+CND+ 0x7f7ca8fb9792: not taken
+CND+ 0x7f7ca8fb9797: taken
+CND+ 0x7f7ca8fb97a9: taken
+CND+ 0x7f7ca8fb97ad: not taken
+CND+ 0x7f7ca8fb97bc: taken
+CND+ 0x7f7ca8fb97ce: taken
+CND+ 0x7f7ca8fb9848: taken
+CND+ 0x7f7ca8fb9889: not taken
+CND+ 0x7f7ca8fb989b: not taken
+CND+ 0x7f7ca8fb98a8: taken
+CND+ 0x7f7ca8fb9c2f: not taken
+CND+ 0x7f7ca8fb9c57: taken
+CND+ 0x7f7ca8fb9c65: not taken
+CND+ 0x7f7ca8fb9c6e: taken
+CND+ 0x7f7ca8fb9c86: not taken
+CND+ 0x7f7ca8fb9cae: taken
+CND+ 0x7f7ca8fba366: taken
+CND+ 0x7f7ca8fba9d6: taken
+CND+ 0x7f7ca8fbaa31: not taken
+CND+ 0x7f7ca8fbaa51: taken
+CND+ 0x7f7ca8fbaaad: not taken
+CND+ 0x7f7ca8fbaab5: taken
+CND+ 0x7f7ca8fbab00: taken
+CND+ 0x7f7ca8fbab5a: not taken
+CND+ 0x7f7ca8fbab62: not taken
+CND+ 0x7f7ca8fbab6b: not taken
+CND+ 0x7f7ca8fbab75: not taken
+CND+ 0x7f7ca8fbab7f: taken
+CND+ 0x7f7ca8fbab9b: taken
+CND+ 0x7f7ca8fbac3c: taken
+CND+ 0x7f7ca8fbaed9: not taken
+CND+ 0x7f7ca8fbaee6: not taken
+CND+ 0x7f7ca8fbaf01: not taken
+CND+ 0x7f7ca8fbaf1a: not taken
+CND+ 0x7f7ca8fbaf20: not taken
+CND+ 0x7f7ca8fbaf26: taken
+CND+ 0x7f7ca8fbb76c: not taken
+CND+ 0x7f7ca8fbb78c: not taken
+CND+ 0x7f7ca8fbb7d8: both
+CND+ 0x7f7ca8fbb7e1: taken
+CND+ 0x7f7ca8fbb806: not taken
+CND+ 0x7f7ca8fbb840: not taken
+CND+ 0x7f7ca8fbb84a: not taken
+CND+ 0x7f7ca8fbb965: both
+CND+ 0x7f7ca8fbb989: not taken
+CND+ 0x7f7ca8fbb9b2: not taken
+CND+ 0x7f7ca8fbb9bc: not taken
+CND+ 0x7f7ca8fbb9e3: not taken
+CND+ 0x7f7ca8fbba13: taken
+CND+ 0x7f7ca8fbbafd: not taken
+CND+ 0x7f7ca8fbbb1a: not taken
+CND+ 0x7f7ca8fbbb61: taken
+CND+ 0x7f7ca8fbc711: not taken
+CND+ 0x7f7ca8fbc71d: not taken
+CND+ 0x7f7ca8fbc722: not taken
+CND+ 0x7f7ca8fbc748: not taken
+CND+ 0x7f7ca8fbc74c: not taken
+CND+ 0x7f7ca8fbc75f: not taken
+CND+ 0x7f7ca8fbc7a4: not taken
+CND+ 0x7f7ca8fbc8f3: both
+CND+ 0x7f7ca8fbc90f: both
+CND+ 0x7f7ca8fbc911: not taken
+CND+ 0x7f7ca8fbc91a: taken
+CND+ 0x7f7ca8fbca92: not taken
+CND+ 0x7f7ca8fbcaba: not taken
+CND+ 0x7f7ca8fbcad5: both
+CND+ 0x7f7ca8fbcade: taken
+CND+ 0x7f7ca8fbcaf7: not taken
+CND+ 0x7f7ca8fbcb01: not taken
+CND+ 0x7f7ca8fbcb05: not taken
+CND+ 0x7f7ca8fbcb19: taken
+CND+ 0x7f7ca8fbcc50: not taken
+CND+ 0x7f7ca8fbcc62: taken
+CND+ 0x7f7ca8fbcdb1: not taken
+CND+ 0x7f7ca8fbcdea: both
+CND+ 0x7f7ca8fbce13: not taken
+CND+ 0x7f7ca8fbce20: taken
+CND+ 0x7f7ca8fbce2d: not taken
+CND+ 0x7f7ca8fbce43: not taken
+CND+ 0x7f7ca8fbce4f: both
+CND+ 0x7f7ca8fbce58: not taken
+CND+ 0x7f7ca8fbce72: taken
+CND+ 0x7f7ca8fbcee7: taken
+CND+ 0x7f7ca8fbd75d: both
+CND+ 0x7f7ca8fbd76f: not taken
+CND+ 0x7f7ca8fbd782: both
+CND+ 0x7f7ca8fbd787: both
+CND+ 0x7f7ca8fbd795: both
+CND+ 0x7f7ca8fbd8b1: not taken
+CND+ 0x7f7ca8fbd8dc: not taken
+CND+ 0x7f7ca8fbd8ea: not taken
+CND+ 0x7f7ca8fbd8ec: both
+CND+ 0x7f7ca8fbd8f5: not taken
+CND+ 0x7f7ca8fbd8fb: taken
+CND+ 0x7f7ca8fbd943: not taken
+CND+ 0x7f7ca8fbd94c: taken
+CND+ 0x7f7ca8fbd983: not taken
+CND+ 0x7f7ca8fbd989: both
+CND+ 0x7f7ca8fbd990: not taken
+CND+ 0x7f7ca8fbd9ab: taken
+CND+ 0x7f7ca8fbda0b: taken
+CND+ 0x7f7ca8fbdb10: both
+CND+ 0x7f7ca8fbdb1c: not taken
+CND+ 0x7f7ca8fbdb21: both
+CND+ 0x7f7ca8fbdb2f: not taken
+CND+ 0x7f7ca8fbdb37: both
+CND+ 0x7f7ca8fbdb44: both
+CND+ 0x7f7ca8fbdb5e: taken
+CND+ 0x7f7ca8fbdb92: both
+CND+ 0x7f7ca8fbdb9b: taken
+CND+ 0x7f7ca8fbdbfb: taken
+CND+ 0x7f7ca8fbdd68: both
+CND+ 0x7f7ca8fbdd71: taken
+CND+ 0x7f7ca8fbdd8b: not taken
+CND+ 0x7f7ca8fbdda3: taken
+CND+ 0x7f7ca8fbdddd: taken
+CND+ 0x7f7ca8fbde02: not taken
+CND+ 0x7f7ca8fbde0b: taken
+CND+ 0x7f7ca8fbde2f: not taken
+CND+ 0x7f7ca8fbde35: taken
+CND+ 0x7f7ca8fbde4f: not taken
+CND+ 0x7f7ca8fbde58: both
+CND+ 0x7f7ca8fbdf7d: not taken
+CND+ 0x7f7ca8fbe02c: not taken
+CND+ 0x7f7ca8fbe0c7: not taken
+CND+ 0x7f7ca8fbe0d0: both
+CND+ 0x7f7ca8fbe0d9: not taken
+CND+ 0x7f7ca8fbe5a7: both
+CND+ 0x7f7ca8fbe5ed: not taken
+CND+ 0x7f7ca8fbe5f2: taken
+CND+ 0x7f7ca8fbe682: not taken
+CND+ 0x7f7ca8fbe6a1: not taken
+CND+ 0x7f7ca8fbe7bb: not taken
+CND+ 0x7f7ca8fbe835: not taken
+CND+ 0x7f7ca8fbe870: not taken
+CND+ 0x7f7ca8fbe88e: not taken
+CND+ 0x7f7ca8fbe89e: not taken
+CND+ 0x7f7ca8fbe9ca: both
+CND+ 0x7f7ca8fbe9ea: taken
+CND+ 0x7f7ca8fbe9f6: taken
+CND+ 0x7f7ca8fbea15: taken
+CND+ 0x7f7ca8fbea38: not taken
+CND+ 0x7f7ca8fbea48: taken
+CND+ 0x7f7ca8fbeabb: not taken
+CND+ 0x7f7ca8fbf14f: not taken
+CND+ 0x7f7ca8fbf16f: not taken
+CND+ 0x7f7ca8fbf17e: taken
+CND+ 0x7f7ca8fbfa5f: taken
+CND+ 0x7f7ca8fbfb46: not taken
+CND+ 0x7f7ca8fbfb50: taken
+CND+ 0x7f7ca8fbfb69: taken
+CND+ 0x7f7ca8fbfb93: taken
+CND+ 0x7f7ca8fbfd2b: taken
+CND+ 0x7f7ca8fbfe50: not taken
+CND+ 0x7f7ca8fc0227: taken
+CND+ 0x7f7ca8fc025f: not taken
+CND+ 0x7f7ca8fc0278: taken
+CND+ 0x7f7ca8fc02b9: not taken
+CND+ 0x7f7ca8fc02d7: taken
+CND+ 0x7f7ca8fc030b: taken
+CND+ 0x7f7ca8fc0383: taken
+CND+ 0x7f7ca8fc03e2: taken
+CND+ 0x7f7ca8fc0456: taken
+CND+ 0x7f7ca8fc0488: both
+CND+ 0x7f7ca8fc048c: not taken
+CND+ 0x7f7ca8fc0493: not taken
+CND+ 0x7f7ca8fc0498: both
+CND+ 0x7f7ca8fc04e0: not taken
+CND+ 0x7f7ca8fc0512: not taken
+CND+ 0x7f7ca8fc0519: taken
+CND+ 0x7f7ca8fc0548: not taken
+CND+ 0x7f7ca8fc054d: not taken
+CND+ 0x7f7ca8fc05c9: not taken
+CND+ 0x7f7ca8fc05d7: taken
+CND+ 0x7f7ca8fc06f8: taken
+CND+ 0x7f7ca8fc07b9: not taken
+CND+ 0x7f7ca8fc0830: not taken
+CND+ 0x7f7ca8fc0846: taken
+CND+ 0x7f7ca8fc086e: not taken
+CND+ 0x7f7ca8fc0b09: not taken
+CND+ 0x7f7ca8fc0b13: not taken
+CND+ 0x7f7ca8fc0c18: taken
+CND+ 0x7f7ca8fc0c9d: not taken
+CND+ 0x7f7ca8fc0dfa: taken
+CND+ 0x7f7ca8fc2946: both
+CND+ 0x7f7ca8fc2963: both
+CND+ 0x7f7ca8fc2968: not taken
+CND+ 0x7f7ca8fc296e: not taken
+CND+ 0x7f7ca8fc2986: not taken
+CND+ 0x7f7ca8fc298b: both
+CND+ 0x7f7ca8fc299a: both
+CND+ 0x7f7ca8fc299f: both
+CND+ 0x7f7ca8fc29ac: both
+CND+ 0x7f7ca8fc29b7: both
+CND+ 0x7f7ca8fc29c4: not taken
+CND+ 0x7f7ca8fc2a10: not taken
+CND+ 0x7f7ca8fc2a15: taken
+CND+ 0x7f7ca8fc2a2e: both
+CND+ 0x7f7ca8fc2a32: both
+CND+ 0x7f7ca8fc2a5c: both
+CND+ 0x7f7ca8fc2add: not taken
+CND+ 0x7f7ca8fc2ae2: not taken
+CND+ 0x7f7ca8fc2afe: not taken
+CND+ 0x7f7ca8fc2b02: both
+CND+ 0x7f7ca8fc2b48: both
+CND+ 0x7f7ca8fc2b52: not taken
+CND+ 0x7f7ca8fc2b5c: not taken
+CND+ 0x7f7ca8fc2b65: both
+CND+ 0x7f7ca8fc2b6b: taken
+CND+ 0x7f7ca8fc2b75: not taken
+CND+ 0x7f7ca8fc2b95: not taken
+CND+ 0x7f7ca8fc2ba2: not taken
+CND+ 0x7f7ca8fc2bc4: not taken
+CND+ 0x7f7ca8fc2bce: not taken
+CND+ 0x7f7ca8fc2bf6: taken
+CND+ 0x7f7ca8fc2c24: taken
+CND+ 0x7f7ca8fc2ce1: not taken
+CND+ 0x7f7ca8fc2cea: not taken
+CND+ 0x7f7ca8fc2cf3: not taken
+CND+ 0x7f7ca8fc2d25: not taken
+CND+ 0x7f7ca8fc2d53: not taken
+CND+ 0x7f7ca8fc2d5d: not taken
+CND+ 0x7f7ca8fc2eb5: not taken
+CND+ 0x7f7ca8fc2eba: not taken
+CND+ 0x7f7ca8fc2ed8: both
+CND+ 0x7f7ca8fc2edc: taken
+CND+ 0x7f7ca8fc2f0f: not taken
+CND+ 0x7f7ca8fc2f15: not taken
+CND+ 0x7f7ca8fc346f: not taken
+CND+ 0x7f7ca8fc353d: not taken
+CND+ 0x7f7ca8fc3547: not taken
+CND+ 0x7f7ca8fc3605: not taken
+CND+ 0x7f7ca8fc360f: not taken
+CND+ 0x7f7ca8fc3647: not taken
+CND+ 0x7f7ca8fc365e: not taken
+CND+ 0x7f7ca8fc37bd: taken
+CND+ 0x7f7ca8fc37d2: taken
+CND+ 0x7f7ca8fc37df: not taken
+CND+ 0x7f7ca8fc37e4: both
+CND+ 0x7f7ca8fc37fa: taken
+CND+ 0x7f7ca8fc3856: not taken
+CND+ 0x7f7ca8fc385b: taken
+CND+ 0x7f7ca8fc387a: not taken
+CND+ 0x7f7ca8fc389a: not taken
+CND+ 0x7f7ca8fc38b7: not taken
+CND+ 0x7f7ca8fc38c5: not taken
+CND+ 0x7f7ca8fc38d4: taken
+CND+ 0x7f7ca8fc3df1: not taken
+CND+ 0x7f7ca8fc3e0c: not taken
@0x7f7ca8fb22d0 to 0x7f7cacbbe100 9
@0x7f7ca8fb2320 to 0x7f7caca9f0f0 4
@0x7f7ca8fb2330 to 0x7f7cacbc3100 6
@0x7f7ca8fb2350 to 0x7f7cacb2e220 1
@0x7f7ca8fb2370 to 0x7f7cacb50800 2
@0x7f7ca8fb2390 to 0x7f7cacaeb3e0 23
@0x7f7ca8fb23b0 to 0x7f7cacb2e230 1
@0x7f7ca8fb23c0 to 0x7f7cacbbde90 22
@0x7f7ca8fb23e0 to 0x7f7cacb6eba0 1
@0x7f7ca8fb2410 to 0x7f7cacaebc80 1
@0x7f7ca8fb2460 to 0x7f7cacbc30e0 13
@0x7f7ca8fb2510 to 0x7f7cacb2e1f0 1
@0x7f7ca8fb2560 to 0x7f7cacb2d4e0 1
@0x7f7ca8fb2570 to 0x7f7caca97580 191
@0x7f7ca8fbdf91 to 0x7f7ca8fbe075 1
@0x7f7ca8fb2784 to 0x7f7caca8afb0 1
@0x7f7ca8fc3e01 to 0x7f7ca8fb2840 1
@0x7f7ca8fc055f to 0x7f7ca8fc0580 1
@0x7f7ca8fc055f to 0x7f7ca8fc05c0 1
@0x7f7ca8fc055f to 0x7f7ca8fc05a8 2
@0x7f7ca8fbe8af to 0x7f7ca8fbea01 183
@0x7f7ca8fbe8af to 0x7f7ca8fbe9f0 10
@0x7f7ca8fbe8af to 0x7f7ca8fbea28 1
@0x7f7ca8fc2c19 to 0x7f7ca8fb67d0 1
@0x7f7ca8fc2c19 to 0x7f7ca8fbd120 1
@0x7f7ca8fb2050 to 0x7f7cacaeba30 4
@0x7f7ca8fb2080 to 0x7f7caca8b330 2
@0x7f7ca8fb2090 to 0x7f7cacb2d710 1
@0x7f7ca8fb20a0 to 0x7f7cacb03e70 5
@0x7f7ca8fb20d0 to 0x7f7caca9ea20 7
@0x7f7ca8fb20f0 to 0x7f7cacbc2800 4
@0x7f7ca8fb2130 to 0x7f7cacb2e1e0 1
@0x7f7ca8fb2140 to 0x7f7cacaa2c10 1
@0x7f7ca8fb2150 to 0x7f7cacb50800 4
@0x7f7ca8fb2160 to 0x7f7cacb2d230 1
@0x7f7ca8fb2190 to 0x7f7cacbc2bc0 8
@0x7f7ca8fb21c0 to 0x7f7cacb2e200 1
@0x7f7ca8fb21e0 to 0x7f7cacbc25d0 1
@0x7f7ca8fb2220 to 0x7f7cacb2e210 2
@0x7f7ca8fb2230 to 0x7f7cacb51b10 1
@0x7f7ca8fb416e to 0x7f7ca8fb41c0 1
@0x7f7ca8fb2280 to 0x7f7cacbbdd10 11
@0x7f7ca8fb22a0 to 0x7f7caca9e450 4
@0x7f7ca8fb41ac to 0x7f7ca8fb4e90 1
