MODULE_NAME: /bin/dash
MODULE_START: 0x7f5cc5666000
+B+: 0x7f5cc566a000 0x7f5cc566a00f
+B+: 0x7f5cc566a012 0x7f5cc566a016
+B+: 0x7f5cc566a050 0x7f5cc566a055
+B+: 0x7f5cc566a080 0x7f5cc566a085
+B+: 0x7f5cc566a090 0x7f5cc566a095
+B+: 0x7f5cc566a0a0 0x7f5cc566a0a5
+B+: 0x7f5cc566a0d0 0x7f5cc566a0d5
+B+: 0x7f5cc566a0f0 0x7f5cc566a0f5
+B+: 0x7f5cc566a130 0x7f5cc566a135
+B+: 0x7f5cc566a140 0x7f5cc566a145
+B+: 0x7f5cc566a150 0x7f5cc566a155
+B+: 0x7f5cc566a160 0x7f5cc566a165
+B+: 0x7f5cc566a190 0x7f5cc566a195
+B+: 0x7f5cc566a1c0 0x7f5cc566a1c5
+B+: 0x7f5cc566a1e0 0x7f5cc566a1e5
+B+: 0x7f5cc566a220 0x7f5cc566a225
+B+: 0x7f5cc566a230 0x7f5cc566a235
+B+: 0x7f5cc566a280 0x7f5cc566a285
+B+: 0x7f5cc566a2a0 0x7f5cc566a2a5
+B+: 0x7f5cc566a2d0 0x7f5cc566a2d5
+B+: 0x7f5cc566a320 0x7f5cc566a325
+B+: 0x7f5cc566a330 0x7f5cc566a335
+B+: 0x7f5cc566a350 0x7f5cc566a355
+B+: 0x7f5cc566a370 0x7f5cc566a375
+B+: 0x7f5cc566a390 0x7f5cc566a395
+B+: 0x7f5cc566a3b0 0x7f5cc566a3b5
+B+: 0x7f5cc566a3c0 0x7f5cc566a3c5
+B+: 0x7f5cc566a3e0 0x7f5cc566a3e5
+B+: 0x7f5cc566a410 0x7f5cc566a415
+B+: 0x7f5cc566a460 0x7f5cc566a465
+B+: 0x7f5cc566a510 0x7f5cc566a515
+B+: 0x7f5cc566a560 0x7f5cc566a565
+B+: 0x7f5cc566a570 0x7f5cc566a575
+B+: 0x7f5cc566a590 0x7f5cc566a5b8
+B+: 0x7f5cc566a5b9 0x7f5cc566a5c4
+B+: 0x7f5cc566a5c5 0x7f5cc566a5cf
+B+: 0x7f5cc566a5d0 0x7f5cc566a5e7
+B+: 0x7f5cc566a5e8 0x7f5cc566a5ef
+B+: 0x7f5cc566a5f0 0x7f5cc566a600
+B+: 0x7f5cc566a601 0x7f5cc566a60b
+B+: 0x7f5cc566a60c 0x7f5cc566a615
+B+: 0x7f5cc566a616 0x7f5cc566a623
+B+: 0x7f5cc566a624 0x7f5cc566a62b
+B+: 0x7f5cc566a62c 0x7f5cc566a63c
+B+: 0x7f5cc566a657 0x7f5cc566a660
+B+: 0x7f5cc566a661 0x7f5cc566a678
+B+: 0x7f5cc566a679 0x7f5cc566a67f
+B+: 0x7f5cc566a680 0x7f5cc566a68c
+B+: 0x7f5cc566a68d 0x7f5cc566a696
+B+: 0x7f5cc566a697 0x7f5cc566a69b
+B+: 0x7f5cc566a760 0x7f5cc566a789
+B+: 0x7f5cc566a7c0 0x7f5cc566a7e3
+B+: 0x7f5cc566a7f8 0x7f5cc566a7f8
+B+: 0x7f5cc566a840 0x7f5cc566a844
+B+: 0x7f5cc566a850 0x7f5cc566a863
+B+: 0x7f5cc566a864 0x7f5cc566a86f
+B+: 0x7f5cc566a870 0x7f5cc566a87d
+B+: 0x7f5cc566a87e 0x7f5cc566a8aa
+B+: 0x7f5cc566a8ab 0x7f5cc566a8ac
+B+: 0x7f5cc566a8cb 0x7f5cc566a8d2
+B+: 0x7f5cc566aa50 0x7f5cc566aa57
+B+: 0x7f5cc566aa58 0x7f5cc566aa5e
+B+: 0x7f5cc566aa5f 0x7f5cc566aa63
+B+: 0x7f5cc566aa71 0x7f5cc566aa72
+B+: 0x7f5cc566b6d0 0x7f5cc566b6eb
+B+: 0x7f5cc566b6ec 0x7f5cc566b705
+B+: 0x7f5cc566b717 0x7f5cc566b71b
+B+: 0x7f5cc566b71c 0x7f5cc566b720
+B+: 0x7f5cc566b72c 0x7f5cc566b730
+B+: 0x7f5cc566b73e 0x7f5cc566b74d
+B+: 0x7f5cc566b74e 0x7f5cc566b757
+B+: 0x7f5cc566b758 0x7f5cc566b775
+B+: 0x7f5cc566b780 0x7f5cc566b788
+B+: 0x7f5cc566b789 0x7f5cc566b790
+B+: 0x7f5cc566b791 0x7f5cc566b79c
+B+: 0x7f5cc566c060 0x7f5cc566c07e
+B+: 0x7f5cc566c10d 0x7f5cc566c11c
+B+: 0x7f5cc566c11d 0x7f5cc566c123
+B+: 0x7f5cc566c140 0x7f5cc566c14a
+B+: 0x7f5cc566c14b 0x7f5cc566c152
+B+: 0x7f5cc566c153 0x7f5cc566c15d
+B+: 0x7f5cc566c15e 0x7f5cc566c16f
+B+: 0x7f5cc566c188 0x7f5cc566c18c
+B+: 0x7f5cc566c18d 0x7f5cc566c191
+B+: 0x7f5cc566c192 0x7f5cc566c19c
+B+: 0x7f5cc566c1a7 0x7f5cc566c1ad
+B+: 0x7f5cc566c1ae 0x7f5cc566c1b5
+B+: 0x7f5cc566c1c0 0x7f5cc566c1cf
+B+: 0x7f5cc566cbc0 0x7f5cc566cbfa
+B+: 0x7f5cc566cbfb 0x7f5cc566cc07
+B+: 0x7f5cc566cc08 0x7f5cc566cc0f
+B+: 0x7f5cc566cc10 0x7f5cc566cc11
+B+: 0x7f5cc566cc18 0x7f5cc566cc21
+B+: 0x7f5cc566cc22 0x7f5cc566cc2e
+B+: 0x7f5cc566cc32 0x7f5cc566cc39
+B+: 0x7f5cc566cc3a 0x7f5cc566cc49
+B+: 0x7f5cc566cc4a 0x7f5cc566cc51
+B+: 0x7f5cc566cc52 0x7f5cc566cc58
+B+: 0x7f5cc566cc59 0x7f5cc566cc60
+B+: 0x7f5cc566cc61 0x7f5cc566cc68
+B+: 0x7f5cc566cc69 0x7f5cc566cc6d
+B+: 0x7f5cc566cc6e 0x7f5cc566cc77
+B+: 0x7f5cc566cc78 0x7f5cc566cc89
+B+: 0x7f5cc566cc8a 0x7f5cc566cc98
+B+: 0x7f5cc566ce90 0x7f5cc566ced3
+B+: 0x7f5cc566cedf 0x7f5cc566cef5
+B+: 0x7f5cc566cef6 0x7f5cc566cefa
+B+: 0x7f5cc566cefb 0x7f5cc566cf5a
+B+: 0x7f5cc566cf5b 0x7f5cc566cf67
+B+: 0x7f5cc566cf68 0x7f5cc566cf77
+B+: 0x7f5cc566cf78 0x7f5cc566cf7f
+B+: 0x7f5cc566cf80 0x7f5cc566cf8b
+B+: 0x7f5cc566cf8c 0x7f5cc566cf94
+B+: 0x7f5cc566cf95 0x7f5cc566cf9b
+B+: 0x7f5cc566cfa0 0x7f5cc566cfaf
+B+: 0x7f5cc566cfb0 0x7f5cc566cfc5
+B+: 0x7f5cc566cfc6 0x7f5cc566cfcf
+B+: 0x7f5cc566cfd0 0x7f5cc566cfe3
+B+: 0x7f5cc566cfe4 0x7f5cc566cffc
+B+: 0x7f5cc566d019 0x7f5cc566d02b
+B+: 0x7f5cc566d02c 0x7f5cc566d034
+B+: 0x7f5cc566d035 0x7f5cc566d047
+B+: 0x7f5cc566d048 0x7f5cc566d05b
+B+: 0x7f5cc566d0a8 0x7f5cc566d0b4
+B+: 0x7f5cc566d0b5 0x7f5cc566d0b9
+B+: 0x7f5cc566d0db 0x7f5cc566d0e1
+B+: 0x7f5cc566d0f0 0x7f5cc566d103
+B+: 0x7f5cc566d104 0x7f5cc566d113
+B+: 0x7f5cc566d114 0x7f5cc566d11b
+B+: 0x7f5cc566d11c 0x7f5cc566d122
+B+: 0x7f5cc566d123 0x7f5cc566d152
+B+: 0x7f5cc566d153 0x7f5cc566d15f
+B+: 0x7f5cc566d160 0x7f5cc566d168
+B+: 0x7f5cc566d216 0x7f5cc566d21c
+B+: 0x7f5cc566d224 0x7f5cc566d22d
+B+: 0x7f5cc566d22e 0x7f5cc566d237
+B+: 0x7f5cc566d238 0x7f5cc566d241
+B+: 0x7f5cc566d242 0x7f5cc566d24b
+B+: 0x7f5cc566d25d 0x7f5cc566d266
+B+: 0x7f5cc566d267 0x7f5cc566d281
+B+: 0x7f5cc566d282 0x7f5cc566d293
+B+: 0x7f5cc566d34c 0x7f5cc566d353
+B+: 0x7f5cc566d354 0x7f5cc566d36f
+B+: 0x7f5cc566d51b 0x7f5cc566d525
+B+: 0x7f5cc566d526 0x7f5cc566d52e
+B+: 0x7f5cc566d52f 0x7f5cc566d537
+B+: 0x7f5cc566d8d0 0x7f5cc566d8ec
+B+: 0x7f5cc566d8ed 0x7f5cc566d8f1
+B+: 0x7f5cc566d8f8 0x7f5cc566d8fa
+B+: 0x7f5cc566d8fb 0x7f5cc566d907
+B+: 0x7f5cc566d908 0x7f5cc566d93e
+B+: 0x7f5cc566d93f 0x7f5cc566d940
+B+: 0x7f5cc566d963 0x7f5cc566d977
+B+: 0x7f5cc566d980 0x7f5cc566d986
+B+: 0x7f5cc566d987 0x7f5cc566d98e
+B+: 0x7f5cc566d98f 0x7f5cc566d997
+B+: 0x7f5cc566d998 0x7f5cc566d9ba
+B+: 0x7f5cc566d9bb 0x7f5cc566d9bc
+B+: 0x7f5cc566d9c0 0x7f5cc566d9e7
+B+: 0x7f5cc566d9e8 0x7f5cc566d9f7
+B+: 0x7f5cc566da19 0x7f5cc566da21
+B+: 0x7f5cc566da22 0x7f5cc566da2a
+B+: 0x7f5cc566da2b 0x7f5cc566da34
+B+: 0x7f5cc566da35 0x7f5cc566da3f
+B+: 0x7f5cc566dad0 0x7f5cc566dae9
+B+: 0x7f5cc566daea 0x7f5cc566db00
+B+: 0x7f5cc566db10 0x7f5cc566db1f
+B+: 0x7f5cc566db20 0x7f5cc566db2b
+B+: 0x7f5cc566db2c 0x7f5cc566db31
+B+: 0x7f5cc566db32 0x7f5cc566db41
+B+: 0x7f5cc566db56 0x7f5cc566db61
+B+: 0x7f5cc566db62 0x7f5cc566db6f
+B+: 0x7f5cc566db70 0x7f5cc566db85
+B+: 0x7f5cc566db86 0x7f5cc566db97
+B+: 0x7f5cc566db98 0x7f5cc566dbc0
+B+: 0x7f5cc566dbc8 0x7f5cc566dbcc
+B+: 0x7f5cc566dbcd 0x7f5cc566dbea
+B+: 0x7f5cc566dd70 0x7f5cc566dd98
+B+: 0x7f5cc566dda0 0x7f5cc566dda1
+B+: 0x7f5cc566dda2 0x7f5cc566ddaa
+B+: 0x7f5cc566ddab 0x7f5cc566ddc5
+B+: 0x7f5cc566ddc6 0x7f5cc566ddc9
+B+: 0x7f5cc566ddca 0x7f5cc566ddd1
+B+: 0x7f5cc566ddd2 0x7f5cc566dde6
+B+: 0x7f5cc566ddf0 0x7f5cc566de2a
+B+: 0x7f5cc566de2b 0x7f5cc566de2f
+B+: 0x7f5cc566de46 0x7f5cc566de5c
+B+: 0x7f5cc566de5d 0x7f5cc566de6e
+B+: 0x7f5cc566de90 0x7f5cc566dead
+B+: 0x7f5cc566dec8 0x7f5cc566ded1
+B+: 0x7f5cc566ded2 0x7f5cc566dedd
+B+: 0x7f5cc566df6c 0x7f5cc566df8f
+B+: 0x7f5cc566df90 0x7f5cc566df9c
+B+: 0x7f5cc566df9d 0x7f5cc566dfa8
+B+: 0x7f5cc566dfa9 0x7f5cc566dfb0
+B+: 0x7f5cc566dfb1 0x7f5cc566dfc5
+B+: 0x7f5cc566e008 0x7f5cc566e012
+B+: 0x7f5cc566e013 0x7f5cc566e01e
+B+: 0x7f5cc566e01f 0x7f5cc566e02e
+B+: 0x7f5cc566e060 0x7f5cc566e066
+B+: 0x7f5cc566e067 0x7f5cc566e074
+B+: 0x7f5cc566e075 0x7f5cc566e086
+B+: 0x7f5cc566e087 0x7f5cc566e08e
+B+: 0x7f5cc566e08f 0x7f5cc566e0a2
+B+: 0x7f5cc566e0a3 0x7f5cc566e0b0
+B+: 0x7f5cc566e100 0x7f5cc566e116
+B+: 0x7f5cc566e145 0x7f5cc566e14d
+B+: 0x7f5cc566e14e 0x7f5cc566e157
+B+: 0x7f5cc566e160 0x7f5cc566e166
+B+: 0x7f5cc566e1c0 0x7f5cc566e1d1
+B+: 0x7f5cc566e1e8 0x7f5cc566e1ef
+B+: 0x7f5cc566e248 0x7f5cc566e25b
+B+: 0x7f5cc566e25c 0x7f5cc566e271
+B+: 0x7f5cc566e7d0 0x7f5cc566e7ff
+B+: 0x7f5cc566e80f 0x7f5cc566e812
+B+: 0x7f5cc566e813 0x7f5cc566e81c
+B+: 0x7f5cc566e81d 0x7f5cc566e820
+B+: 0x7f5cc566e821 0x7f5cc566e82f
+B+: 0x7f5cc566e830 0x7f5cc566e83a
+B+: 0x7f5cc566e84f 0x7f5cc566e85a
+B+: 0x7f5cc566e85f 0x7f5cc566e862
+B+: 0x7f5cc566e870 0x7f5cc566e877
+B+: 0x7f5cc566e878 0x7f5cc566e88d
+B+: 0x7f5cc566f440 0x7f5cc566f464
+B+: 0x7f5cc566f61e 0x7f5cc566f627
+B+: 0x7f5cc566f628 0x7f5cc566f631
+B+: 0x7f5cc566f632 0x7f5cc566f659
+B+: 0x7f5cc566f6af 0x7f5cc566f6bc
+B+: 0x7f5cc566f6c0 0x7f5cc566f6cb
+B+: 0x7f5cc566f730 0x7f5cc566f73b
+B+: 0x7f5cc566f740 0x7f5cc566f75e
+B+: 0x7f5cc566f75f 0x7f5cc566f767
+B+: 0x7f5cc566f7d2 0x7f5cc566f7e3
+B+: 0x7f5cc566f8a0 0x7f5cc566f8a7
+B+: 0x7f5cc5670260 0x7f5cc56702a5
+B+: 0x7f5cc56702b5 0x7f5cc56702be
+B+: 0x7f5cc56702bf 0x7f5cc56702d2
+B+: 0x7f5cc56702d3 0x7f5cc56702fc
+B+: 0x7f5cc56702fd 0x7f5cc5670310
+B+: 0x7f5cc5670324 0x7f5cc5670328
+B+: 0x7f5cc5670336 0x7f5cc567033f
+B+: 0x7f5cc5670340 0x7f5cc5670344
+B+: 0x7f5cc5670370 0x7f5cc5670386
+B+: 0x7f5cc5670387 0x7f5cc5670398
+B+: 0x7f5cc56703a0 0x7f5cc56703b6
+B+: 0x7f5cc56703b7 0x7f5cc56703d7
+B+: 0x7f5cc56703dd 0x7f5cc56703ec
+B+: 0x7f5cc5670850 0x7f5cc5670886
+B+: 0x7f5cc5670887 0x7f5cc567089a
+B+: 0x7f5cc567089b 0x7f5cc56708ad
+B+: 0x7f5cc56708ae 0x7f5cc56708c4
+B+: 0x7f5cc56708c5 0x7f5cc56708d7
+B+: 0x7f5cc56708d8 0x7f5cc56708e7
+B+: 0x7f5cc56708e8 0x7f5cc567090c
+B+: 0x7f5cc567090d 0x7f5cc5670915
+B+: 0x7f5cc5670924 0x7f5cc5670933
+B+: 0x7f5cc5670934 0x7f5cc5670947
+B+: 0x7f5cc5670948 0x7f5cc5670954
+B+: 0x7f5cc5670955 0x7f5cc567095f
+B+: 0x7f5cc5670960 0x7f5cc5670964
+B+: 0x7f5cc5670a6a 0x7f5cc5670a7c
+B+: 0x7f5cc5670a7d 0x7f5cc5670a9c
+B+: 0x7f5cc5670ba0 0x7f5cc5670bad
+B+: 0x7f5cc5670bae 0x7f5cc5670be1
+B+: 0x7f5cc5670bf0 0x7f5cc5670bfb
+B+: 0x7f5cc5670db0 0x7f5cc5670dbd
+B+: 0x7f5cc5670dbe 0x7f5cc5670dca
+B+: 0x7f5cc5670dcb 0x7f5cc5670de3
+B+: 0x7f5cc5670de8 0x7f5cc5670df4
+B+: 0x7f5cc5670df8 0x7f5cc5670e04
+B+: 0x7f5cc5670e05 0x7f5cc5670e12
+B+: 0x7f5cc5670e13 0x7f5cc5670e1d
+B+: 0x7f5cc5670eb4 0x7f5cc5670ec1
+B+: 0x7f5cc5671160 0x7f5cc5671174
+B+: 0x7f5cc5671175 0x7f5cc5671187
+B+: 0x7f5cc5671188 0x7f5cc56711a2
+B+: 0x7f5cc56711a3 0x7f5cc56711ac
+B+: 0x7f5cc56711ad 0x7f5cc56711b3
+B+: 0x7f5cc56711d0 0x7f5cc56711e5
+B+: 0x7f5cc56711eb 0x7f5cc56711f3
+B+: 0x7f5cc5671205 0x7f5cc567120b
+B+: 0x7f5cc567120c 0x7f5cc567121d
+B+: 0x7f5cc567121e 0x7f5cc5671226
+B+: 0x7f5cc5671227 0x7f5cc5671230
+B+: 0x7f5cc5671231 0x7f5cc5671232
+B+: 0x7f5cc5671240 0x7f5cc5671248
+B+: 0x7f5cc5671260 0x7f5cc5671260
+B+: 0x7f5cc5671520 0x7f5cc5671534
+B+: 0x7f5cc5671572 0x7f5cc5671578
+B+: 0x7f5cc5671580 0x7f5cc5671583
+B+: 0x7f5cc5671610 0x7f5cc5671656
+B+: 0x7f5cc567165b 0x7f5cc5671686
+B+: 0x7f5cc5671687 0x7f5cc567169d
+B+: 0x7f5cc56716fc 0x7f5cc5671708
+B+: 0x7f5cc5671709 0x7f5cc5671711
+B+: 0x7f5cc5671712 0x7f5cc567172a
+B+: 0x7f5cc567172b 0x7f5cc567173c
+B+: 0x7f5cc5671740 0x7f5cc5671747
+B+: 0x7f5cc5671748 0x7f5cc567175f
+B+: 0x7f5cc5671760 0x7f5cc5671766
+B+: 0x7f5cc5671767 0x7f5cc5671780
+B+: 0x7f5cc5671790 0x7f5cc5671793
+B+: 0x7f5cc5671794 0x7f5cc5671798
+B+: 0x7f5cc56717a2 0x7f5cc56717aa
+B+: 0x7f5cc56717ab 0x7f5cc56717ae
+B+: 0x7f5cc56717af 0x7f5cc56717bd
+B+: 0x7f5cc56717cb 0x7f5cc56717d3
+B+: 0x7f5cc5671825 0x7f5cc5671841
+B+: 0x7f5cc5671842 0x7f5cc567184d
+B+: 0x7f5cc567187e 0x7f5cc567188e
+B+: 0x7f5cc567188f 0x7f5cc56718a0
+B+: 0x7f5cc56718a1 0x7f5cc56718ad
+B+: 0x7f5cc5671c10 0x7f5cc5671c30
+B+: 0x7f5cc5671c31 0x7f5cc5671c58
+B+: 0x7f5cc5671c5e 0x7f5cc5671c66
+B+: 0x7f5cc5671c67 0x7f5cc5671c6f
+B+: 0x7f5cc5671c78 0x7f5cc5671c87
+B+: 0x7f5cc5671c88 0x7f5cc5671c89
+B+: 0x7f5cc5671ca0 0x7f5cc5671caf
+B+: 0x7f5cc5671cba 0x7f5cc5671cc4
+B+: 0x7f5cc5671ce0 0x7f5cc5671ce8
+B+: 0x7f5cc5672360 0x7f5cc567236b
+B+: 0x7f5cc5672480 0x7f5cc5672480
+B+: 0x7f5cc56729c0 0x7f5cc56729db
+B+: 0x7f5cc5672a16 0x7f5cc5672a32
+B+: 0x7f5cc5672a33 0x7f5cc5672a52
+B+: 0x7f5cc5672a63 0x7f5cc5672a6a
+B+: 0x7f5cc5672a90 0x7f5cc5672aa6
+B+: 0x7f5cc5672aa7 0x7f5cc5672aae
+B+: 0x7f5cc5672aaf 0x7f5cc5672ab6
+B+: 0x7f5cc5672af6 0x7f5cc5672b01
+B+: 0x7f5cc5672b0c 0x7f5cc5672b34
+B+: 0x7f5cc5672b40 0x7f5cc5672b57
+B+: 0x7f5cc5672b58 0x7f5cc5672b5f
+B+: 0x7f5cc5672b60 0x7f5cc5672b67
+B+: 0x7f5cc5672b68 0x7f5cc5672b70
+B+: 0x7f5cc5672b71 0x7f5cc5672b7a
+B+: 0x7f5cc5672b7b 0x7f5cc5672b80
+B+: 0x7f5cc5672b97 0x7f5cc5672b9c
+B+: 0x7f5cc5672c0a 0x7f5cc5672c3d
+B+: 0x7f5cc5672c47 0x7f5cc5672c53
+B+: 0x7f5cc5672ed0 0x7f5cc5672ede
+B+: 0x7f5cc5672edf 0x7f5cc5672ee7
+B+: 0x7f5cc5672ee8 0x7f5cc5672efc
+B+: 0x7f5cc5672efd 0x7f5cc5672f02
+B+: 0x7f5cc5672f03 0x7f5cc5672f1b
+B+: 0x7f5cc5672f1c 0x7f5cc5672f21
+B+: 0x7f5cc5672f22 0x7f5cc5672f2b
+B+: 0x7f5cc5672fc0 0x7f5cc5672fc7
+B+: 0x7f5cc5672fc8 0x7f5cc5672fd0
+B+: 0x7f5cc5673760 0x7f5cc5673768
+B+: 0x7f5cc5673769 0x7f5cc567376d
+B+: 0x7f5cc567376e 0x7f5cc5673772
+B+: 0x7f5cc5673780 0x7f5cc5673788
+B+: 0x7f5cc5673789 0x7f5cc567378d
+B+: 0x7f5cc567378e 0x7f5cc5673792
+B+: 0x7f5cc56737c0 0x7f5cc56737d9
+B+: 0x7f5cc56737da 0x7f5cc56737e6
+B+: 0x7f5cc56737f7 0x7f5cc5673802
+B+: 0x7f5cc5673803 0x7f5cc567380b
+B+: 0x7f5cc567380c 0x7f5cc5673841
+B+: 0x7f5cc5673842 0x7f5cc567384b
+B+: 0x7f5cc567384c 0x7f5cc5673852
+B+: 0x7f5cc5673853 0x7f5cc5673875
+B+: 0x7f5cc5673880 0x7f5cc567388e
+B+: 0x7f5cc56738b0 0x7f5cc56738c8
+B+: 0x7f5cc5673900 0x7f5cc5673941
+B+: 0x7f5cc5673950 0x7f5cc5673966
+B+: 0x7f5cc5673967 0x7f5cc567397e
+B+: 0x7f5cc567397f 0x7f5cc567398a
+B+: 0x7f5cc567398b 0x7f5cc56739b3
+B+: 0x7f5cc56739b4 0x7f5cc56739bd
+B+: 0x7f5cc56739be 0x7f5cc56739bf
+B+: 0x7f5cc56739d0 0x7f5cc56739e8
+B+: 0x7f5cc56739e9 0x7f5cc5673a14
+B+: 0x7f5cc5673a1e 0x7f5cc5673a25
+B+: 0x7f5cc5673a26 0x7f5cc5673a33
+B+: 0x7f5cc5673a34 0x7f5cc5673a46
+B+: 0x7f5cc5673ae0 0x7f5cc5673afe
+B+: 0x7f5cc5673aff 0x7f5cc5673b0c
+B+: 0x7f5cc5673b0d 0x7f5cc5673b1b
+B+: 0x7f5cc5673b1c 0x7f5cc5673b2c
+B+: 0x7f5cc5673b40 0x7f5cc5673b62
+B+: 0x7f5cc5673b98 0x7f5cc5673ba9
+B+: 0x7f5cc56746d0 0x7f5cc56746f4
+B+: 0x7f5cc56746f5 0x7f5cc567470d
+B+: 0x7f5cc567470e 0x7f5cc5674712
+B+: 0x7f5cc5674713 0x7f5cc567471e
+B+: 0x7f5cc567471f 0x7f5cc5674723
+B+: 0x7f5cc5674724 0x7f5cc5674728
+B+: 0x7f5cc5674729 0x7f5cc5674730
+B+: 0x7f5cc567473c 0x7f5cc5674749
+B+: 0x7f5cc567474a 0x7f5cc567474d
+B+: 0x7f5cc567474e 0x7f5cc5674760
+B+: 0x7f5cc5674761 0x7f5cc567476b
+B+: 0x7f5cc5674790 0x7f5cc567479d
+B+: 0x7f5cc567479e 0x7f5cc56747a5
+B+: 0x7f5cc56747a6 0x7f5cc56747a7
+B+: 0x7f5cc5674890 0x7f5cc567489d
+B+: 0x7f5cc567489e 0x7f5cc56748a9
+B+: 0x7f5cc56748aa 0x7f5cc56748bd
+B+: 0x7f5cc56748c0 0x7f5cc56748ca
+B+: 0x7f5cc56748d0 0x7f5cc56748ef
+B+: 0x7f5cc56748f0 0x7f5cc56748f4
+B+: 0x7f5cc56748f5 0x7f5cc567490c
+B+: 0x7f5cc567490d 0x7f5cc5674910
+B+: 0x7f5cc5674911 0x7f5cc5674912
+B+: 0x7f5cc5674913 0x7f5cc567491b
+B+: 0x7f5cc567491c 0x7f5cc5674930
+B+: 0x7f5cc5674938 0x7f5cc567493c
+B+: 0x7f5cc5674980 0x7f5cc567498f
+B+: 0x7f5cc5674990 0x7f5cc567499b
+B+: 0x7f5cc567499c 0x7f5cc56749ab
+B+: 0x7f5cc5674a80 0x7f5cc5674a93
+B+: 0x7f5cc5674a94 0x7f5cc5674aac
+B+: 0x7f5cc5674aad 0x7f5cc5674abf
+B+: 0x7f5cc5674ac0 0x7f5cc5674ada
+B+: 0x7f5cc5674adb 0x7f5cc5674ae3
+B+: 0x7f5cc5674aec 0x7f5cc5674af8
+B+: 0x7f5cc5674af9 0x7f5cc5674b02
+B+: 0x7f5cc5674b03 0x7f5cc5674b06
+B+: 0x7f5cc5674b07 0x7f5cc5674b1a
+B+: 0x7f5cc5674c49 0x7f5cc5674c55
+B+: 0x7f5cc5674c56 0x7f5cc5674c67
+B+: 0x7f5cc5674c82 0x7f5cc5674c93
+B+: 0x7f5cc5674d77 0x7f5cc5674d82
+B+: 0x7f5cc5674da0 0x7f5cc5674db2
+B+: 0x7f5cc5674db3 0x7f5cc5674ddf
+B+: 0x7f5cc5674de0 0x7f5cc5674deb
+B+: 0x7f5cc5674dec 0x7f5cc5674dfc
+B+: 0x7f5cc5674dfd 0x7f5cc5674e18
+B+: 0x7f5cc5674e19 0x7f5cc5674e25
+B+: 0x7f5cc5674e26 0x7f5cc5674e2e
+B+: 0x7f5cc5674e2f 0x7f5cc5674e3f
+B+: 0x7f5cc5674e40 0x7f5cc5674e44
+B+: 0x7f5cc5674e45 0x7f5cc5674e50
+B+: 0x7f5cc5674e51 0x7f5cc5674e5d
+B+: 0x7f5cc5674e5e 0x7f5cc5674e77
+B+: 0x7f5cc5674ece 0x7f5cc5674ed2
+B+: 0x7f5cc5674ed3 0x7f5cc5674ede
+B+: 0x7f5cc5674ee0 0x7f5cc5674eec
+B+: 0x7f5cc5674f60 0x7f5cc5674f7c
+B+: 0x7f5cc5675120 0x7f5cc5675128
+B+: 0x7f5cc5675129 0x7f5cc5675147
+B+: 0x7f5cc5675750 0x7f5cc567575e
+B+: 0x7f5cc567575f 0x7f5cc5675763
+B+: 0x7f5cc5675764 0x7f5cc5675770
+B+: 0x7f5cc5675771 0x7f5cc5675777
+B+: 0x7f5cc5675778 0x7f5cc5675783
+B+: 0x7f5cc5675784 0x7f5cc5675788
+B+: 0x7f5cc5675789 0x7f5cc567578d
+B+: 0x7f5cc567578e 0x7f5cc5675796
+B+: 0x7f5cc5675797 0x7f5cc567579e
+B+: 0x7f5cc5675890 0x7f5cc5675892
+B+: 0x7f5cc56758a7 0x7f5cc56758ab
+B+: 0x7f5cc56758ac 0x7f5cc56758b2
+B+: 0x7f5cc56758b3 0x7f5cc56758b6
+B+: 0x7f5cc56758d0 0x7f5cc56758e1
+B+: 0x7f5cc56758e2 0x7f5cc56758e6
+B+: 0x7f5cc56758e7 0x7f5cc56758eb
+B+: 0x7f5cc56758ec 0x7f5cc56758f1
+B+: 0x7f5cc56758f2 0x7f5cc56758fa
+B+: 0x7f5cc56758fb 0x7f5cc56758fc
+B+: 0x7f5cc5675940 0x7f5cc5675948
+B+: 0x7f5cc5675949 0x7f5cc5675951
+B+: 0x7f5cc5675980 0x7f5cc5675988
+B+: 0x7f5cc5675989 0x7f5cc567598a
+B+: 0x7f5cc567598b 0x7f5cc5675991
+B+: 0x7f5cc5675992 0x7f5cc56759a2
+B+: 0x7f5cc56759a8 0x7f5cc56759ac
+B+: 0x7f5cc56759eb 0x7f5cc5675a00
+B+: 0x7f5cc5675a08 0x7f5cc5675a10
+B+: 0x7f5cc5675af0 0x7f5cc5675b11
+B+: 0x7f5cc5675b12 0x7f5cc5675b16
+B+: 0x7f5cc5675b17 0x7f5cc5675b1d
+B+: 0x7f5cc5675b1e 0x7f5cc5675b26
+B+: 0x7f5cc5675b27 0x7f5cc5675b34
+B+: 0x7f5cc5675b35 0x7f5cc5675b3c
+B+: 0x7f5cc5675b3d 0x7f5cc5675b49
+B+: 0x7f5cc5675b4a 0x7f5cc5675b5a
+B+: 0x7f5cc5675b5b 0x7f5cc5675b63
+B+: 0x7f5cc5675b7f 0x7f5cc5675b93
+B+: 0x7f5cc5675b94 0x7f5cc5675b9c
+B+: 0x7f5cc5675be0 0x7f5cc5675bf7
+B+: 0x7f5cc5675bf8 0x7f5cc5675c00
+B+: 0x7f5cc5675c1b 0x7f5cc5675c2b
+B+: 0x7f5cc5675d40 0x7f5cc5675d5e
+B+: 0x7f5cc5675d5f 0x7f5cc5675d6d
+B+: 0x7f5cc5675d6e 0x7f5cc5675d72
+B+: 0x7f5cc5675d7d 0x7f5cc5675d90
+B+: 0x7f5cc5675d91 0x7f5cc5675d95
+B+: 0x7f5cc5675d96 0x7f5cc5675d9a
+B+: 0x7f5cc5675da0 0x7f5cc5675da4
+B+: 0x7f5cc5675dd5 0x7f5cc5675dd9
+B+: 0x7f5cc5675dda 0x7f5cc5675dde
+B+: 0x7f5cc5675df0 0x7f5cc5675dfb
+B+: 0x7f5cc5675dfc 0x7f5cc5675e07
+B+: 0x7f5cc5675e08 0x7f5cc5675e10
+B+: 0x7f5cc5675e2c 0x7f5cc5675e30
+B+: 0x7f5cc5675e31 0x7f5cc5675e36
+B+: 0x7f5cc5675e41 0x7f5cc5675e45
+B+: 0x7f5cc5675e46 0x7f5cc5675e54
+B+: 0x7f5cc5675e55 0x7f5cc5675e5d
+B+: 0x7f5cc5675e5e 0x7f5cc5675e62
+B+: 0x7f5cc5675e63 0x7f5cc5675e74
+B+: 0x7f5cc5675e78 0x7f5cc5675e84
+B+: 0x7f5cc5675ea0 0x7f5cc5675ea4
+B+: 0x7f5cc5675ef0 0x7f5cc5675f03
+B+: 0x7f5cc5675f40 0x7f5cc5675f76
+B+: 0x7f5cc5675f77 0x7f5cc5675f82
+B+: 0x7f5cc5675f83 0x7f5cc5675f92
+B+: 0x7f5cc567601b 0x7f5cc5676031
+B+: 0x7f5cc5676032 0x7f5cc5676040
+B+: 0x7f5cc5676075 0x7f5cc56760b8
+B+: 0x7f5cc56760b9 0x7f5cc56760c3
+B+: 0x7f5cc56760c4 0x7f5cc56760cc
+B+: 0x7f5cc56760cd 0x7f5cc56760d5
+B+: 0x7f5cc56760d6 0x7f5cc56760de
+B+: 0x7f5cc56760df 0x7f5cc5676106
+B+: 0x7f5cc5676107 0x7f5cc5676133
+B+: 0x7f5cc5676578 0x7f5cc5676581
+B+: 0x7f5cc5676582 0x7f5cc56765a8
+B+: 0x7f5cc56765a9 0x7f5cc56765b6
+B+: 0x7f5cc56765d0 0x7f5cc56765e0
+B+: 0x7f5cc56765e1 0x7f5cc56765ee
+B+: 0x7f5cc56765ef 0x7f5cc56765f3
+B+: 0x7f5cc5676670 0x7f5cc567667e
+B+: 0x7f5cc567667f 0x7f5cc5676683
+B+: 0x7f5cc5676684 0x7f5cc5676692
+B+: 0x7f5cc5676693 0x7f5cc567669a
+B+: 0x7f5cc567669b 0x7f5cc56766a2
+B+: 0x7f5cc56766a3 0x7f5cc56766b7
+B+: 0x7f5cc5676790 0x7f5cc56767bc
+B+: 0x7f5cc56767bd 0x7f5cc56767d4
+B+: 0x7f5cc56767e0 0x7f5cc567683a
+B+: 0x7f5cc567683b 0x7f5cc5676875
+B+: 0x7f5cc5676876 0x7f5cc5676893
+B+: 0x7f5cc5676894 0x7f5cc56768a3
+B+: 0x7f5cc56768a4 0x7f5cc56768b0
+B+: 0x7f5cc56769b4 0x7f5cc56769b8
+B+: 0x7f5cc56769b9 0x7f5cc56769cf
+B+: 0x7f5cc56769d0 0x7f5cc56769dc
+B+: 0x7f5cc56769dd 0x7f5cc56769ef
+B+: 0x7f5cc56769f0 0x7f5cc56769f7
+B+: 0x7f5cc5676a01 0x7f5cc5676a16
+B+: 0x7f5cc5676a28 0x7f5cc5676a3d
+B+: 0x7f5cc5676a3e 0x7f5cc5676a4d
+B+: 0x7f5cc5676a79 0x7f5cc5676a97
+B+: 0x7f5cc5676a98 0x7f5cc5676ac0
+B+: 0x7f5cc5676ac1 0x7f5cc5676acf
+B+: 0x7f5cc5677148 0x7f5cc5677154
+B+: 0x7f5cc5677155 0x7f5cc5677174
+B+: 0x7f5cc5677175 0x7f5cc567717f
+B+: 0x7f5cc56771ac 0x7f5cc56771b0
+B+: 0x7f5cc56771b1 0x7f5cc56771b5
+B+: 0x7f5cc5677a40 0x7f5cc5677a64
+B+: 0x7f5cc5677b10 0x7f5cc5677b1a
+B+: 0x7f5cc5677b40 0x7f5cc5677b47
+B+: 0x7f5cc5677b48 0x7f5cc5677b51
+B+: 0x7f5cc5677b58 0x7f5cc5677b60
+B+: 0x7f5cc5677b61 0x7f5cc5677b6a
+B+: 0x7f5cc5677b88 0x7f5cc5677b8c
+B+: 0x7f5cc5677b8d 0x7f5cc5677b94
+B+: 0x7f5cc5677ba0 0x7f5cc5677ba4
+B+: 0x7f5cc5677d00 0x7f5cc5677d30
+B+: 0x7f5cc5677e3f 0x7f5cc5677e55
+B+: 0x7f5cc5677e56 0x7f5cc5677e67
+B+: 0x7f5cc56781e0 0x7f5cc5678222
+B+: 0x7f5cc5678223 0x7f5cc5678228
+B+: 0x7f5cc567824c 0x7f5cc5678260
+B+: 0x7f5cc5678261 0x7f5cc5678269
+B+: 0x7f5cc5678270 0x7f5cc5678279
+B+: 0x7f5cc5678288 0x7f5cc56782a0
+B+: 0x7f5cc56782a1 0x7f5cc56782ba
+B+: 0x7f5cc56782bb 0x7f5cc56782bc
+B+: 0x7f5cc56782d0 0x7f5cc56782d8
+B+: 0x7f5cc56782f8 0x7f5cc56782f8
+B+: 0x7f5cc5678300 0x7f5cc567830c
+B+: 0x7f5cc567833f 0x7f5cc5678343
+B+: 0x7f5cc5678380 0x7f5cc5678384
+B+: 0x7f5cc56783d0 0x7f5cc56783e3
+B+: 0x7f5cc5678400 0x7f5cc5678400
+B+: 0x7f5cc5678420 0x7f5cc567845b
+B+: 0x7f5cc5678467 0x7f5cc5678471
+B+: 0x7f5cc5678472 0x7f5cc5678489
+B+: 0x7f5cc567848a 0x7f5cc567848d
+B+: 0x7f5cc567848e 0x7f5cc5678494
+B+: 0x7f5cc5678495 0x7f5cc567849d
+B+: 0x7f5cc567849e 0x7f5cc56784a9
+B+: 0x7f5cc56784aa 0x7f5cc56784c2
+B+: 0x7f5cc56784c3 0x7f5cc56784ce
+B+: 0x7f5cc56784cf 0x7f5cc56784e5
+B+: 0x7f5cc56784e6 0x7f5cc56784f5
+B+: 0x7f5cc5678500 0x7f5cc567850e
+B+: 0x7f5cc567850f 0x7f5cc5678513
+B+: 0x7f5cc5678514 0x7f5cc567851e
+B+: 0x7f5cc5678540 0x7f5cc5678549
+B+: 0x7f5cc567854a 0x7f5cc567854e
+B+: 0x7f5cc567854f 0x7f5cc5678560
+B+: 0x7f5cc5678568 0x7f5cc5678577
+B+: 0x7f5cc5678580 0x7f5cc5678589
+B+: 0x7f5cc56785a8 0x7f5cc56785bb
+B+: 0x7f5cc56785c0 0x7f5cc56785ce
+B+: 0x7f5cc56785cf 0x7f5cc56785dc
+B+: 0x7f5cc56786f0 0x7f5cc56786fd
+B+: 0x7f5cc56787a0 0x7f5cc56787a0
+B+: 0x7f5cc56787b0 0x7f5cc56787ba
+B+: 0x7f5cc56787bb 0x7f5cc56787ce
+B+: 0x7f5cc56787cf 0x7f5cc56787d8
+B+: 0x7f5cc56787d9 0x7f5cc56787e6
+B+: 0x7f5cc5678800 0x7f5cc567882d
+B+: 0x7f5cc567882e 0x7f5cc5678831
+B+: 0x7f5cc5678832 0x7f5cc5678847
+B+: 0x7f5cc5678864 0x7f5cc567886b
+B+: 0x7f5cc567886c 0x7f5cc567886f
+B+: 0x7f5cc5678870 0x7f5cc5678876
+B+: 0x7f5cc5678877 0x7f5cc567887b
+B+: 0x7f5cc567887c 0x7f5cc5678886
+B+: 0x7f5cc5678ae0 0x7f5cc5678b01
+B+: 0x7f5cc5678b02 0x7f5cc5678b0a
+B+: 0x7f5cc5678b0b 0x7f5cc5678b14
+B+: 0x7f5cc5678b15 0x7f5cc5678b19
+B+: 0x7f5cc5678c00 0x7f5cc5678c19
+B+: 0x7f5cc5678c51 0x7f5cc5678c8e
+B+: 0x7f5cc5678c8f 0x7f5cc5678c9e
+B+: 0x7f5cc5678c9f 0x7f5cc5678ca6
+B+: 0x7f5cc5678df0 0x7f5cc5678dfb
+B+: 0x7f5cc5678e20 0x7f5cc5678e20
+B+: 0x7f5cc5678e30 0x7f5cc5678e38
+B+: 0x7f5cc567a940 0x7f5cc567a94b
+B+: 0x7f5cc567a94c 0x7f5cc567a957
+B+: 0x7f5cc567a958 0x7f5cc567a964
+B+: 0x7f5cc567a965 0x7f5cc567a969
+B+: 0x7f5cc567a96a 0x7f5cc567a96f
+B+: 0x7f5cc567a970 0x7f5cc567a976
+B+: 0x7f5cc567a980 0x7f5cc567a987
+B+: 0x7f5cc567a988 0x7f5cc567a98c
+B+: 0x7f5cc567a98d 0x7f5cc567a99b
+B+: 0x7f5cc567a99c 0x7f5cc567a9a0
+B+: 0x7f5cc567a9a1 0x7f5cc567a9a8
+B+: 0x7f5cc567a9a9 0x7f5cc567a9ad
+B+: 0x7f5cc567a9ae 0x7f5cc567a9b8
+B+: 0x7f5cc567a9b9 0x7f5cc567a9b9
+B+: 0x7f5cc567a9c0 0x7f5cc567a9c5
+B+: 0x7f5cc567a9c6 0x7f5cc567a9c9
+B+: 0x7f5cc567a9d0 0x7f5cc567a9d0
+B+: 0x7f5cc567a9d1 0x7f5cc567a9d5
+B+: 0x7f5cc567a9d6 0x7f5cc567a9d9
+B+: 0x7f5cc567a9e0 0x7f5cc567a9ff
+B+: 0x7f5cc567aa00 0x7f5cc567aa11
+B+: 0x7f5cc567aa12 0x7f5cc567aa16
+B+: 0x7f5cc567aa20 0x7f5cc567aa22
+B+: 0x7f5cc567aa23 0x7f5cc567aa2f
+B+: 0x7f5cc567aa30 0x7f5cc567aa33
+B+: 0x7f5cc567aa34 0x7f5cc567aa5d
+B+: 0x7f5cc567aa5e 0x7f5cc567aa62
+B+: 0x7f5cc567aa63 0x7f5cc567aa82
+B+: 0x7f5cc567aac0 0x7f5cc567aade
+B+: 0x7f5cc567aadf 0x7f5cc567aae3
+B+: 0x7f5cc567aae4 0x7f5cc567aae8
+B+: 0x7f5cc567aaf0 0x7f5cc567aaf2
+B+: 0x7f5cc567aaf3 0x7f5cc567aaff
+B+: 0x7f5cc567ab00 0x7f5cc567ab03
+B+: 0x7f5cc567ab04 0x7f5cc567ab3e
+B+: 0x7f5cc567ab3f 0x7f5cc567ab49
+B+: 0x7f5cc567ab4a 0x7f5cc567ab57
+B+: 0x7f5cc567ab58 0x7f5cc567ab5d
+B+: 0x7f5cc567ab5e 0x7f5cc567ab66
+B+: 0x7f5cc567ab67 0x7f5cc567ab70
+B+: 0x7f5cc567ab71 0x7f5cc567ab7a
+B+: 0x7f5cc567ab7b 0x7f5cc567ab9a
+B+: 0x7f5cc567ab9b 0x7f5cc567aba3
+B+: 0x7f5cc567aba4 0x7f5cc567abbd
+B+: 0x7f5cc567abc0 0x7f5cc567abc5
+B+: 0x7f5cc567abc6 0x7f5cc567abcf
+B+: 0x7f5cc567abd0 0x7f5cc567abd9
+B+: 0x7f5cc567abda 0x7f5cc567abf7
+B+: 0x7f5cc567ac08 0x7f5cc567ac14
+B+: 0x7f5cc567ac15 0x7f5cc567ac1b
+B+: 0x7f5cc567ac1c 0x7f5cc567ac29
+B+: 0x7f5cc567acb0 0x7f5cc567acca
+B+: 0x7f5cc567accb 0x7f5cc567acda
+B+: 0x7f5cc567acdb 0x7f5cc567ace6
+B+: 0x7f5cc567ace7 0x7f5cc567acef
+B+: 0x7f5cc567acf0 0x7f5cc567acf4
+B+: 0x7f5cc567acf5 0x7f5cc567acfc
+B+: 0x7f5cc567acfd 0x7f5cc567ad10
+B+: 0x7f5cc567ad11 0x7f5cc567ad21
+B+: 0x7f5cc567ad22 0x7f5cc567ad26
+B+: 0x7f5cc567ad27 0x7f5cc567ad38
+B+: 0x7f5cc567ad39 0x7f5cc567ad4b
+B+: 0x7f5cc567ad4c 0x7f5cc567ad54
+B+: 0x7f5cc567ad55 0x7f5cc567ad5e
+B+: 0x7f5cc567ad5f 0x7f5cc567ad6d
+B+: 0x7f5cc567aea0 0x7f5cc567aeb6
+B+: 0x7f5cc567aeb7 0x7f5cc567aebb
+B+: 0x7f5cc567aebc 0x7f5cc567aec0
+B+: 0x7f5cc567aec8 0x7f5cc567aecb
+B+: 0x7f5cc567aecc 0x7f5cc567aed9
+B+: 0x7f5cc567aeda 0x7f5cc567aedd
+B+: 0x7f5cc567aede 0x7f5cc567af06
+B+: 0x7f5cc567af07 0x7f5cc567af10
+B+: 0x7f5cc567af11 0x7f5cc567af16
+B+: 0x7f5cc567af17 0x7f5cc567af24
+B+: 0x7f5cc567af25 0x7f5cc567af2d
+B+: 0x7f5cc567b440 0x7f5cc567b46b
+B+: 0x7f5cc567b46c 0x7f5cc567b470
+B+: 0x7f5cc567b471 0x7f5cc567b475
+B+: 0x7f5cc567b536 0x7f5cc567b53e
+B+: 0x7f5cc567b53f 0x7f5cc567b548
+B+: 0x7f5cc567b549 0x7f5cc567b551
+B+: 0x7f5cc567b5d0 0x7f5cc567b5e4
+B+: 0x7f5cc567b5e5 0x7f5cc567b606
+B+: 0x7f5cc567b607 0x7f5cc567b610
+B+: 0x7f5cc567b611 0x7f5cc567b618
+B+: 0x7f5cc567b640 0x7f5cc567b648
+B+: 0x7f5cc567b649 0x7f5cc567b656
+B+: 0x7f5cc567b657 0x7f5cc567b65f
+B+: 0x7f5cc567b660 0x7f5cc567b661
+B+: 0x7f5cc567b760 0x7f5cc567b7aa
+B+: 0x7f5cc567b7ab 0x7f5cc567b7af
+B+: 0x7f5cc567b7b0 0x7f5cc567b7be
+B+: 0x7f5cc567b7c8 0x7f5cc567b7d3
+B+: 0x7f5cc567b7d4 0x7f5cc567b7d8
+B+: 0x7f5cc567b7d9 0x7f5cc567b7e0
+B+: 0x7f5cc567b7e1 0x7f5cc567b7e5
+B+: 0x7f5cc567b7e6 0x7f5cc567b7f3
+B+: 0x7f5cc567b7f4 0x7f5cc567b7fb
+B+: 0x7f5cc567b800 0x7f5cc567b810
+B+: 0x7f5cc567b811 0x7f5cc567b815
+B+: 0x7f5cc567b816 0x7f5cc567b832
+B+: 0x7f5cc567b833 0x7f5cc567b843
+B+: 0x7f5cc567b844 0x7f5cc567b84f
+B+: 0x7f5cc567b850 0x7f5cc567b857
+B+: 0x7f5cc567b858 0x7f5cc567b85c
+B+: 0x7f5cc567b85d 0x7f5cc567b868
+B+: 0x7f5cc567b869 0x7f5cc567b87b
+B+: 0x7f5cc567b87c 0x7f5cc567b884
+B+: 0x7f5cc567b888 0x7f5cc567b897
+B+: 0x7f5cc567b898 0x7f5cc567b89b
+B+: 0x7f5cc567b89c 0x7f5cc567b8b4
+B+: 0x7f5cc567b8b5 0x7f5cc567b8b8
+B+: 0x7f5cc567b8b9 0x7f5cc567b8c6
+B+: 0x7f5cc567b8c7 0x7f5cc567b8d5
+B+: 0x7f5cc567bdc0 0x7f5cc567bdec
+B+: 0x7f5cc567bded 0x7f5cc567bdf2
+B+: 0x7f5cc567bdf3 0x7f5cc567be04
+B+: 0x7f5cc567be05 0x7f5cc567be0d
+B+: 0x7f5cc567be0e 0x7f5cc567be1c
+CND+ 0x7f5cc566a00e: taken
+CND+ 0x7f5cc566a5ea: not taken
+CND+ 0x7f5cc566a626: not taken
+CND+ 0x7f5cc566a63b: taken
+CND+ 0x7f5cc566a673: not taken
+CND+ 0x7f5cc566a687: not taken
+CND+ 0x7f5cc566a695: not taken
+CND+ 0x7f5cc566a7e2: taken
+CND+ 0x7f5cc566a862: not taken
+CND+ 0x7f5cc566a87c: both
+CND+ 0x7f5cc566a8a9: not taken
+CND+ 0x7f5cc566aa5d: not taken
+CND+ 0x7f5cc566aa62: taken
+CND+ 0x7f5cc566b6e6: not taken
+CND+ 0x7f5cc566b704: taken
+CND+ 0x7f5cc566b71a: not taken
+CND+ 0x7f5cc566b71f: taken
+CND+ 0x7f5cc566b72f: taken
+CND+ 0x7f5cc566b74c: not taken
+CND+ 0x7f5cc566b756: not taken
+CND+ 0x7f5cc566b78f: not taken
+CND+ 0x7f5cc566b79b: taken
+CND+ 0x7f5cc566c079: taken
+CND+ 0x7f5cc566c11b: not taken
+CND+ 0x7f5cc566c149: not taken
+CND+ 0x7f5cc566c158: not taken
+CND+ 0x7f5cc566c190: not taken
+CND+ 0x7f5cc566c1ce: taken
+CND+ 0x7f5cc566cc20: not taken
+CND+ 0x7f5cc566cc2d: taken
+CND+ 0x7f5cc566cc48: not taken
+CND+ 0x7f5cc566cc5f: both
+CND+ 0x7f5cc566cc88: not taken
+CND+ 0x7f5cc566ced2: taken
+CND+ 0x7f5cc566cf55: not taken
+CND+ 0x7f5cc566cf7e: not taken
+CND+ 0x7f5cc566cf8a: not taken
+CND+ 0x7f5cc566cf93: both
+CND+ 0x7f5cc566cfc4: not taken
+CND+ 0x7f5cc566cfe2: both
+CND+ 0x7f5cc566cffb: taken
+CND+ 0x7f5cc566d05a: taken
+CND+ 0x7f5cc566d0af: not taken
+CND+ 0x7f5cc566d0b8: taken
+CND+ 0x7f5cc566d0e0: taken
+CND+ 0x7f5cc566d116: not taken
+CND+ 0x7f5cc566d15a: not taken
+CND+ 0x7f5cc566d163: taken
+CND+ 0x7f5cc566d21b: taken
+CND+ 0x7f5cc566d24a: taken
+CND+ 0x7f5cc566d27c: not taken
+CND+ 0x7f5cc566d36a: taken
+CND+ 0x7f5cc566d520: not taken
+CND+ 0x7f5cc566d529: not taken
+CND+ 0x7f5cc566d532: taken
+CND+ 0x7f5cc566d8eb: not taken
+CND+ 0x7f5cc566d906: both
+CND+ 0x7f5cc566d93d: not taken
+CND+ 0x7f5cc566d985: both
+CND+ 0x7f5cc566d9f6: taken
+CND+ 0x7f5cc566da20: both
+CND+ 0x7f5cc566da29: not taken
+CND+ 0x7f5cc566da33: not taken
+CND+ 0x7f5cc566dae4: not taken
+CND+ 0x7f5cc566dafb: taken
+CND+ 0x7f5cc566db2a: both
+CND+ 0x7f5cc566db30: both
+CND+ 0x7f5cc566db40: taken
+CND+ 0x7f5cc566db60: not taken
+CND+ 0x7f5cc566db96: not taken
+CND+ 0x7f5cc566dbe5: taken
+CND+ 0x7f5cc566dda0: not taken
+CND+ 0x7f5cc566dda9: not taken
+CND+ 0x7f5cc566ddc8: both
+CND+ 0x7f5cc566ddd0: both
+CND+ 0x7f5cc566de2e: taken
+CND+ 0x7f5cc566de57: not taken
+CND+ 0x7f5cc566deac: taken
+CND+ 0x7f5cc566ded8: taken
+CND+ 0x7f5cc566dfa3: not taken
+CND+ 0x7f5cc566dfc0: taken
+CND+ 0x7f5cc566e019: not taken
+CND+ 0x7f5cc566e065: not taken
+CND+ 0x7f5cc566e06f: not taken
+CND+ 0x7f5cc566e089: both
+CND+ 0x7f5cc566e09d: not taken
+CND+ 0x7f5cc566e0ab: taken
+CND+ 0x7f5cc566e14c: not taken
+CND+ 0x7f5cc566e156: taken
+CND+ 0x7f5cc566e1cc: taken
+CND+ 0x7f5cc566e1ee: taken
+CND+ 0x7f5cc566e811: both
+CND+ 0x7f5cc566e81b: not taken
+CND+ 0x7f5cc566e81f: not taken
+CND+ 0x7f5cc566e839: taken
+CND+ 0x7f5cc566e859: taken
+CND+ 0x7f5cc566e861: taken
+CND+ 0x7f5cc566f45f: taken
+CND+ 0x7f5cc566f626: not taken
+CND+ 0x7f5cc566f6ca: taken
+CND+ 0x7f5cc566f762: taken
+CND+ 0x7f5cc56702a4: taken
+CND+ 0x7f5cc56702bd: not taken
+CND+ 0x7f5cc56702cd: not taken
+CND+ 0x7f5cc567030f: taken
+CND+ 0x7f5cc5670327: taken
+CND+ 0x7f5cc567033a: not taken
+CND+ 0x7f5cc5670343: taken
+CND+ 0x7f5cc5670381: not taken
+CND+ 0x7f5cc56703d6: taken
+CND+ 0x7f5cc56703e7: taken
+CND+ 0x7f5cc5670895: not taken
+CND+ 0x7f5cc56708a8: not taken
+CND+ 0x7f5cc56708d2: not taken
+CND+ 0x7f5cc5670907: not taken
+CND+ 0x7f5cc5670942: taken
+CND+ 0x7f5cc5670953: not taken
+CND+ 0x7f5cc5670963: taken
+CND+ 0x7f5cc5670a7b: not taken
+CND+ 0x7f5cc5670dbc: both
+CND+ 0x7f5cc5670dc9: both
+CND+ 0x7f5cc5670e03: not taken
+CND+ 0x7f5cc5670e0d: not taken
+CND+ 0x7f5cc5670e18: taken
+CND+ 0x7f5cc56711a1: not taken
+CND+ 0x7f5cc56711ab: not taken
+CND+ 0x7f5cc56711e4: taken
+CND+ 0x7f5cc56711f2: taken
+CND+ 0x7f5cc567120a: not taken
+CND+ 0x7f5cc5671225: not taken
+CND+ 0x7f5cc567122f: not taken
+CND+ 0x7f5cc5671247: taken
+CND+ 0x7f5cc5671533: taken
+CND+ 0x7f5cc5671582: taken
+CND+ 0x7f5cc5671655: taken
+CND+ 0x7f5cc5671698: taken
+CND+ 0x7f5cc5671703: not taken
+CND+ 0x7f5cc567170c: taken
+CND+ 0x7f5cc5671725: not taken
+CND+ 0x7f5cc5671742: not taken
+CND+ 0x7f5cc567175a: not taken
+CND+ 0x7f5cc5671765: not taken
+CND+ 0x7f5cc5671792: not taken
+CND+ 0x7f5cc5671797: taken
+CND+ 0x7f5cc56717a9: taken
+CND+ 0x7f5cc56717ad: not taken
+CND+ 0x7f5cc56717bc: taken
+CND+ 0x7f5cc56717ce: taken
+CND+ 0x7f5cc5671848: taken
+CND+ 0x7f5cc5671889: not taken
+CND+ 0x7f5cc567189b: not taken
+CND+ 0x7f5cc56718a8: taken
+CND+ 0x7f5cc5671c2f: not taken
+CND+ 0x7f5cc5671c57: taken
+CND+ 0x7f5cc5671c65: not taken
+CND+ 0x7f5cc5671c6e: taken
+CND+ 0x7f5cc5671c86: not taken
+CND+ 0x7f5cc5671cae: taken
+CND+ 0x7f5cc5672366: taken
+CND+ 0x7f5cc56729d6: taken
+CND+ 0x7f5cc5672a31: not taken
+CND+ 0x7f5cc5672a51: taken
+CND+ 0x7f5cc5672aad: not taken
+CND+ 0x7f5cc5672ab5: taken
+CND+ 0x7f5cc5672b00: taken
+CND+ 0x7f5cc5672b5a: not taken
+CND+ 0x7f5cc5672b62: not taken
+CND+ 0x7f5cc5672b6b: not taken
+CND+ 0x7f5cc5672b75: not taken
+CND+ 0x7f5cc5672b7f: taken
+CND+ 0x7f5cc5672b9b: taken
+CND+ 0x7f5cc5672c3c: taken
+CND+ 0x7f5cc5672ed9: not taken
+CND+ 0x7f5cc5672ee6: not taken
+CND+ 0x7f5cc5672f01: not taken
+CND+ 0x7f5cc5672f1a: not taken
+CND+ 0x7f5cc5672f20: not taken
+CND+ 0x7f5cc5672f26: taken
+CND+ 0x7f5cc567376c: not taken
+CND+ 0x7f5cc567378c: not taken
+CND+ 0x7f5cc56737d8: both
+CND+ 0x7f5cc56737e1: taken
+CND+ 0x7f5cc5673806: not taken
+CND+ 0x7f5cc5673840: not taken
+CND+ 0x7f5cc567384a: not taken
+CND+ 0x7f5cc5673965: both
+CND+ 0x7f5cc5673989: not taken
+CND+ 0x7f5cc56739b2: not taken
+CND+ 0x7f5cc56739bc: not taken
+CND+ 0x7f5cc56739e3: not taken
+CND+ 0x7f5cc5673a13: taken
+CND+ 0x7f5cc5673afd: not taken
+CND+ 0x7f5cc5673b1a: not taken
+CND+ 0x7f5cc5673b61: taken
+CND+ 0x7f5cc5674711: not taken
+CND+ 0x7f5cc567471d: not taken
+CND+ 0x7f5cc5674722: not taken
+CND+ 0x7f5cc5674748: not taken
+CND+ 0x7f5cc567474c: not taken
+CND+ 0x7f5cc567475f: not taken
+CND+ 0x7f5cc56747a4: not taken
+CND+ 0x7f5cc56748f3: both
+CND+ 0x7f5cc567490f: both
+CND+ 0x7f5cc5674911: not taken
+CND+ 0x7f5cc567491a: taken
+CND+ 0x7f5cc5674a92: not taken
+CND+ 0x7f5cc5674aba: not taken
+CND+ 0x7f5cc5674ad5: both
+CND+ 0x7f5cc5674ade: taken
+CND+ 0x7f5cc5674af7: not taken
+CND+ 0x7f5cc5674b01: not taken
+CND+ 0x7f5cc5674b05: not taken
+CND+ 0x7f5cc5674b19: taken
+CND+ 0x7f5cc5674c50: not taken
+CND+ 0x7f5cc5674c62: taken
+CND+ 0x7f5cc5674db1: not taken
+CND+ 0x7f5cc5674dea: both
+CND+ 0x7f5cc5674e13: not taken
+CND+ 0x7f5cc5674e20: taken
+CND+ 0x7f5cc5674e2d: not taken
+CND+ 0x7f5cc5674e43: not taken
+CND+ 0x7f5cc5674e4f: both
+CND+ 0x7f5cc5674e58: not taken
+CND+ 0x7f5cc5674e72: taken
+CND+ 0x7f5cc5674ee7: taken
+CND+ 0x7f5cc567575d: both
+CND+ 0x7f5cc567576f: not taken
+CND+ 0x7f5cc5675782: both
+CND+ 0x7f5cc5675787: both
+CND+ 0x7f5cc5675795: both
+CND+ 0x7f5cc56758b1: not taken
+CND+ 0x7f5cc56758dc: not taken
+CND+ 0x7f5cc56758ea: not taken
+CND+ 0x7f5cc56758ec: both
+CND+ 0x7f5cc56758f5: not taken
+CND+ 0x7f5cc56758fb: taken
+CND+ 0x7f5cc5675943: not taken
+CND+ 0x7f5cc567594c: taken
+CND+ 0x7f5cc5675983: not taken
+CND+ 0x7f5cc5675989: both
+CND+ 0x7f5cc5675990: not taken
+CND+ 0x7f5cc56759ab: taken
+CND+ 0x7f5cc5675a0b: taken
+CND+ 0x7f5cc5675b10: both
+CND+ 0x7f5cc5675b1c: not taken
+CND+ 0x7f5cc5675b21: both
+CND+ 0x7f5cc5675b2f: not taken
+CND+ 0x7f5cc5675b37: both
+CND+ 0x7f5cc5675b44: both
+CND+ 0x7f5cc5675b5e: taken
+CND+ 0x7f5cc5675b92: both
+CND+ 0x7f5cc5675b9b: taken
+CND+ 0x7f5cc5675bfb: taken
+CND+ 0x7f5cc5675d68: both
+CND+ 0x7f5cc5675d71: taken
+CND+ 0x7f5cc5675d8b: not taken
+CND+ 0x7f5cc5675da3: taken
+CND+ 0x7f5cc5675ddd: taken
+CND+ 0x7f5cc5675e02: not taken
+CND+ 0x7f5cc5675e0b: taken
+CND+ 0x7f5cc5675e2f: not taken
+CND+ 0x7f5cc5675e35: taken
+CND+ 0x7f5cc5675e4f: not taken
+CND+ 0x7f5cc5675e58: both
+CND+ 0x7f5cc5675f7d: not taken
+CND+ 0x7f5cc567602c: not taken
+CND+ 0x7f5cc56760c7: not taken
+CND+ 0x7f5cc56760d0: both
+CND+ 0x7f5cc56760d9: not taken
+CND+ 0x7f5cc56765a7: both
+CND+ 0x7f5cc56765ed: not taken
+CND+ 0x7f5cc56765f2: taken
+CND+ 0x7f5cc5676682: not taken
+CND+ 0x7f5cc56766a1: not taken
+CND+ 0x7f5cc56767bb: not taken
+CND+ 0x7f5cc5676835: not taken
+CND+ 0x7f5cc5676870: not taken
+CND+ 0x7f5cc567688e: not taken
+CND+ 0x7f5cc567689e: not taken
+CND+ 0x7f5cc56769ca: both
+CND+ 0x7f5cc56769ea: taken
+CND+ 0x7f5cc56769f6: taken
+CND+ 0x7f5cc5676a15: taken
+CND+ 0x7f5cc5676a38: not taken
+CND+ 0x7f5cc5676a48: taken
+CND+ 0x7f5cc5676abb: not taken
+CND+ 0x7f5cc567714f: not taken
+CND+ 0x7f5cc567716f: not taken
+CND+ 0x7f5cc567717e: taken
+CND+ 0x7f5cc5677a5f: taken
+CND+ 0x7f5cc5677b46: not taken
+CND+ 0x7f5cc5677b50: taken
+CND+ 0x7f5cc5677b69: taken
+CND+ 0x7f5cc5677b93: taken
+CND+ 0x7f5cc5677d2b: taken
+CND+ 0x7f5cc5677e50: not taken
+CND+ 0x7f5cc5678227: taken
+CND+ 0x7f5cc567825f: not taken
+CND+ 0x7f5cc5678278: taken
+CND+ 0x7f5cc56782b9: not taken
+CND+ 0x7f5cc56782d7: taken
+CND+ 0x7f5cc567830b: taken
+CND+ 0x7f5cc5678383: taken
+CND+ 0x7f5cc56783e2: taken
+CND+ 0x7f5cc5678456: taken
+CND+ 0x7f5cc5678488: both
+CND+ 0x7f5cc567848c: not taken
+CND+ 0x7f5cc5678493: not taken
+CND+ 0x7f5cc5678498: both
+CND+ 0x7f5cc56784e0: not taken
+CND+ 0x7f5cc5678512: not taken
+CND+ 0x7f5cc5678519: taken
+CND+ 0x7f5cc5678548: not taken
+CND+ 0x7f5cc567854d: not taken
+CND+ 0x7f5cc56785c9: not taken
+CND+ 0x7f5cc56785d7: taken
+CND+ 0x7f5cc56786f8: taken
+CND+ 0x7f5cc56787b9: not taken
+CND+ 0x7f5cc5678830: not taken
+CND+ 0x7f5cc5678846: taken
+CND+ 0x7f5cc567886e: not taken
+CND+ 0x7f5cc5678b09: not taken
+CND+ 0x7f5cc5678b13: not taken
+CND+ 0x7f5cc5678c18: taken
+CND+ 0x7f5cc5678c9d: not taken
+CND+ 0x7f5cc5678dfa: taken
+CND+ 0x7f5cc567a946: both
+CND+ 0x7f5cc567a963: both
+CND+ 0x7f5cc567a968: not taken
+CND+ 0x7f5cc567a96e: not taken
+CND+ 0x7f5cc567a986: not taken
+CND+ 0x7f5cc567a98b: both
+CND+ 0x7f5cc567a99a: both
+CND+ 0x7f5cc567a99f: both
+CND+ 0x7f5cc567a9ac: both
+CND+ 0x7f5cc567a9b7: both
+CND+ 0x7f5cc567a9c4: not taken
+CND+ 0x7f5cc567aa10: not taken
+CND+ 0x7f5cc567aa15: taken
+CND+ 0x7f5cc567aa2e: both
+CND+ 0x7f5cc567aa32: both
+CND+ 0x7f5cc567aa5c: both
+CND+ 0x7f5cc567aadd: not taken
+CND+ 0x7f5cc567aae2: not taken
+CND+ 0x7f5cc567aafe: not taken
+CND+ 0x7f5cc567ab02: both
+CND+ 0x7f5cc567ab48: both
+CND+ 0x7f5cc567ab52: not taken
+CND+ 0x7f5cc567ab5c: not taken
+CND+ 0x7f5cc567ab65: both
+CND+ 0x7f5cc567ab6b: taken
+CND+ 0x7f5cc567ab75: not taken
+CND+ 0x7f5cc567ab95: not taken
+CND+ 0x7f5cc567aba2: not taken
+CND+ 0x7f5cc567abc4: not taken
+CND+ 0x7f5cc567abce: not taken
+CND+ 0x7f5cc567abf6: taken
+CND+ 0x7f5cc567ac24: taken
+CND+ 0x7f5cc567ace1: not taken
+CND+ 0x7f5cc567acea: not taken
+CND+ 0x7f5cc567acf3: not taken
+CND+ 0x7f5cc567ad25: not taken
+CND+ 0x7f5cc567ad53: not taken
+CND+ 0x7f5cc567ad5d: not taken
+CND+ 0x7f5cc567aeb5: not taken
+CND+ 0x7f5cc567aeba: not taken
+CND+ 0x7f5cc567aed8: both
+CND+ 0x7f5cc567aedc: taken
+CND+ 0x7f5cc567af0f: not taken
+CND+ 0x7f5cc567af15: not taken
+CND+ 0x7f5cc567b46f: not taken
+CND+ 0x7f5cc567b53d: not taken
+CND+ 0x7f5cc567b547: not taken
+CND+ 0x7f5cc567b605: not taken
+CND+ 0x7f5cc567b60f: not taken
+CND+ 0x7f5cc567b647: not taken
+CND+ 0x7f5cc567b65e: not taken
+CND+ 0x7f5cc567b7bd: taken
+CND+ 0x7f5cc567b7d2: taken
+CND+ 0x7f5cc567b7df: not taken
+CND+ 0x7f5cc567b7e4: both
+CND+ 0x7f5cc567b7fa: taken
+CND+ 0x7f5cc567b856: not taken
+CND+ 0x7f5cc567b85b: taken
+CND+ 0x7f5cc567b87a: not taken
+CND+ 0x7f5cc567b89a: not taken
+CND+ 0x7f5cc567b8b7: not taken
+CND+ 0x7f5cc567b8c5: not taken
+CND+ 0x7f5cc567b8d4: taken
+CND+ 0x7f5cc567bdf1: not taken
+CND+ 0x7f5cc567be0c: not taken
@0x7f5cc566a460 to 0x7f5cc927b0e0 13
@0x7f5cc566a510 to 0x7f5cc91e61f0 1
@0x7f5cc566a560 to 0x7f5cc91e54e0 1
@0x7f5cc566a570 to 0x7f5cc914f580 191
@0x7f5cc5675f91 to 0x7f5cc5676075 1
@0x7f5cc566a784 to 0x7f5cc9142fb0 1
@0x7f5cc567be01 to 0x7f5cc566a840 1
@0x7f5cc567855f to 0x7f5cc5678580 1
@0x7f5cc567855f to 0x7f5cc56785c0 1
@0x7f5cc567855f to 0x7f5cc56785a8 2
@0x7f5cc56768af to 0x7f5cc5676a01 185
@0x7f5cc56768af to 0x7f5cc56769f0 10
@0x7f5cc56768af to 0x7f5cc5676a28 1
@0x7f5cc567ac19 to 0x7f5cc566e7d0 1
@0x7f5cc567ac19 to 0x7f5cc5675120 1
@0x7f5cc566a050 to 0x7f5cc91a3a30 4
@0x7f5cc566a080 to 0x7f5cc9143330 2
@0x7f5cc566a090 to 0x7f5cc91e5710 1
@0x7f5cc566a0a0 to 0x7f5cc91bbe70 5
@0x7f5cc566a0d0 to 0x7f5cc9156a20 7
@0x7f5cc566a0f0 to 0x7f5cc927a800 4
@0x7f5cc566a130 to 0x7f5cc91e61e0 1
@0x7f5cc566a140 to 0x7f5cc915ac10 1
@0x7f5cc566a150 to 0x7f5cc9208800 4
@0x7f5cc566a160 to 0x7f5cc91e5230 1
@0x7f5cc566a190 to 0x7f5cc927abc0 8
@0x7f5cc566a1c0 to 0x7f5cc91e6200 1
@0x7f5cc566a1e0 to 0x7f5cc927a5d0 1
@0x7f5cc566a220 to 0x7f5cc91e6210 2
@0x7f5cc566a230 to 0x7f5cc9209b10 1
@0x7f5cc566c16e to 0x7f5cc566c1c0 1
@0x7f5cc566a280 to 0x7f5cc9275d10 11
@0x7f5cc566a2a0 to 0x7f5cc9156450 4
@0x7f5cc566c1ac to 0x7f5cc566ce90 1
@0x7f5cc566a2d0 to 0x7f5cc9276100 9
@0x7f5cc566a320 to 0x7f5cc91570f0 4
@0x7f5cc566a330 to 0x7f5cc927b100 6
@0x7f5cc566a350 to 0x7f5cc91e6220 1
@0x7f5cc566a370 to 0x7f5cc9208800 2
@0x7f5cc566a390 to 0x7f5cc91a33e0 23
@0x7f5cc566a3b0 to 0x7f5cc91e6230 1
@0x7f5cc566a3c0 to 0x7f5cc9275e90 22
@0x7f5cc566a3e0 to 0x7f5cc9226ba0 1
@0x7f5cc566a410 to 0x7f5cc91a3c80 1
