MODULE_NAME: /bin/dash
MODULE_START: 0x7f3b94f5b000
+B+: 0x7f3b94f5f000 0x7f3b94f5f00f
+B+: 0x7f3b94f5f012 0x7f3b94f5f016
+B+: 0x7f3b94f5f050 0x7f3b94f5f055
+B+: 0x7f3b94f5f080 0x7f3b94f5f085
+B+: 0x7f3b94f5f090 0x7f3b94f5f095
+B+: 0x7f3b94f5f0a0 0x7f3b94f5f0a5
+B+: 0x7f3b94f5f0d0 0x7f3b94f5f0d5
+B+: 0x7f3b94f5f0f0 0x7f3b94f5f0f5
+B+: 0x7f3b94f5f130 0x7f3b94f5f135
+B+: 0x7f3b94f5f140 0x7f3b94f5f145
+B+: 0x7f3b94f5f150 0x7f3b94f5f155
+B+: 0x7f3b94f5f160 0x7f3b94f5f165
+B+: 0x7f3b94f5f190 0x7f3b94f5f195
+B+: 0x7f3b94f5f1c0 0x7f3b94f5f1c5
+B+: 0x7f3b94f5f1e0 0x7f3b94f5f1e5
+B+: 0x7f3b94f5f220 0x7f3b94f5f225
+B+: 0x7f3b94f5f230 0x7f3b94f5f235
+B+: 0x7f3b94f5f280 0x7f3b94f5f285
+B+: 0x7f3b94f5f2a0 0x7f3b94f5f2a5
+B+: 0x7f3b94f5f2d0 0x7f3b94f5f2d5
+B+: 0x7f3b94f5f320 0x7f3b94f5f325
+B+: 0x7f3b94f5f330 0x7f3b94f5f335
+B+: 0x7f3b94f5f350 0x7f3b94f5f355
+B+: 0x7f3b94f5f370 0x7f3b94f5f375
+B+: 0x7f3b94f5f390 0x7f3b94f5f395
+B+: 0x7f3b94f5f3b0 0x7f3b94f5f3b5
+B+: 0x7f3b94f5f3c0 0x7f3b94f5f3c5
+B+: 0x7f3b94f5f3e0 0x7f3b94f5f3e5
+B+: 0x7f3b94f5f410 0x7f3b94f5f415
+B+: 0x7f3b94f5f460 0x7f3b94f5f465
+B+: 0x7f3b94f5f510 0x7f3b94f5f515
+B+: 0x7f3b94f5f560 0x7f3b94f5f565
+B+: 0x7f3b94f5f570 0x7f3b94f5f575
+B+: 0x7f3b94f5f590 0x7f3b94f5f5b8
+B+: 0x7f3b94f5f5b9 0x7f3b94f5f5c4
+B+: 0x7f3b94f5f5c5 0x7f3b94f5f5cf
+B+: 0x7f3b94f5f5d0 0x7f3b94f5f5e7
+B+: 0x7f3b94f5f5e8 0x7f3b94f5f5ef
+B+: 0x7f3b94f5f5f0 0x7f3b94f5f600
+B+: 0x7f3b94f5f601 0x7f3b94f5f60b
+B+: 0x7f3b94f5f60c 0x7f3b94f5f615
+B+: 0x7f3b94f5f616 0x7f3b94f5f623
+B+: 0x7f3b94f5f624 0x7f3b94f5f62b
+B+: 0x7f3b94f5f62c 0x7f3b94f5f63c
+B+: 0x7f3b94f5f657 0x7f3b94f5f660
+B+: 0x7f3b94f5f661 0x7f3b94f5f678
+B+: 0x7f3b94f5f679 0x7f3b94f5f67f
+B+: 0x7f3b94f5f680 0x7f3b94f5f68c
+B+: 0x7f3b94f5f68d 0x7f3b94f5f696
+B+: 0x7f3b94f5f697 0x7f3b94f5f69b
+B+: 0x7f3b94f5f760 0x7f3b94f5f789
+B+: 0x7f3b94f5f7c0 0x7f3b94f5f7e3
+B+: 0x7f3b94f5f7f8 0x7f3b94f5f7f8
+B+: 0x7f3b94f5f840 0x7f3b94f5f844
+B+: 0x7f3b94f5f850 0x7f3b94f5f863
+B+: 0x7f3b94f5f864 0x7f3b94f5f86f
+B+: 0x7f3b94f5f870 0x7f3b94f5f87d
+B+: 0x7f3b94f5f87e 0x7f3b94f5f8aa
+B+: 0x7f3b94f5f8ab 0x7f3b94f5f8ac
+B+: 0x7f3b94f5f8cb 0x7f3b94f5f8d2
+B+: 0x7f3b94f5fa50 0x7f3b94f5fa57
+B+: 0x7f3b94f5fa58 0x7f3b94f5fa5e
+B+: 0x7f3b94f5fa5f 0x7f3b94f5fa63
+B+: 0x7f3b94f5fa71 0x7f3b94f5fa72
+B+: 0x7f3b94f606d0 0x7f3b94f606eb
+B+: 0x7f3b94f606ec 0x7f3b94f60705
+B+: 0x7f3b94f60717 0x7f3b94f6071b
+B+: 0x7f3b94f6071c 0x7f3b94f60720
+B+: 0x7f3b94f6072c 0x7f3b94f60730
+B+: 0x7f3b94f6073e 0x7f3b94f6074d
+B+: 0x7f3b94f6074e 0x7f3b94f60757
+B+: 0x7f3b94f60758 0x7f3b94f60775
+B+: 0x7f3b94f60780 0x7f3b94f60788
+B+: 0x7f3b94f60789 0x7f3b94f60790
+B+: 0x7f3b94f60791 0x7f3b94f6079c
+B+: 0x7f3b94f61060 0x7f3b94f6107e
+B+: 0x7f3b94f6110d 0x7f3b94f6111c
+B+: 0x7f3b94f6111d 0x7f3b94f61123
+B+: 0x7f3b94f61140 0x7f3b94f6114a
+B+: 0x7f3b94f6114b 0x7f3b94f61152
+B+: 0x7f3b94f61153 0x7f3b94f6115d
+B+: 0x7f3b94f6115e 0x7f3b94f6116f
+B+: 0x7f3b94f61188 0x7f3b94f6118c
+B+: 0x7f3b94f6118d 0x7f3b94f61191
+B+: 0x7f3b94f61192 0x7f3b94f6119c
+B+: 0x7f3b94f611a7 0x7f3b94f611ad
+B+: 0x7f3b94f611ae 0x7f3b94f611b5
+B+: 0x7f3b94f611c0 0x7f3b94f611cf
+B+: 0x7f3b94f61bc0 0x7f3b94f61bfa
+B+: 0x7f3b94f61bfb 0x7f3b94f61c07
+B+: 0x7f3b94f61c08 0x7f3b94f61c0f
+B+: 0x7f3b94f61c10 0x7f3b94f61c11
+B+: 0x7f3b94f61c18 0x7f3b94f61c21
+B+: 0x7f3b94f61c22 0x7f3b94f61c2e
+B+: 0x7f3b94f61c32 0x7f3b94f61c39
+B+: 0x7f3b94f61c3a 0x7f3b94f61c49
+B+: 0x7f3b94f61c4a 0x7f3b94f61c51
+B+: 0x7f3b94f61c52 0x7f3b94f61c58
+B+: 0x7f3b94f61c59 0x7f3b94f61c60
+B+: 0x7f3b94f61c61 0x7f3b94f61c68
+B+: 0x7f3b94f61c69 0x7f3b94f61c6d
+B+: 0x7f3b94f61c6e 0x7f3b94f61c77
+B+: 0x7f3b94f61c78 0x7f3b94f61c89
+B+: 0x7f3b94f61c8a 0x7f3b94f61c98
+B+: 0x7f3b94f61e90 0x7f3b94f61ed3
+B+: 0x7f3b94f61edf 0x7f3b94f61ef5
+B+: 0x7f3b94f61ef6 0x7f3b94f61efa
+B+: 0x7f3b94f61efb 0x7f3b94f61f5a
+B+: 0x7f3b94f61f5b 0x7f3b94f61f67
+B+: 0x7f3b94f61f68 0x7f3b94f61f77
+B+: 0x7f3b94f61f78 0x7f3b94f61f7f
+B+: 0x7f3b94f61f80 0x7f3b94f61f8b
+B+: 0x7f3b94f61f8c 0x7f3b94f61f94
+B+: 0x7f3b94f61f95 0x7f3b94f61f9b
+B+: 0x7f3b94f61fa0 0x7f3b94f61faf
+B+: 0x7f3b94f61fb0 0x7f3b94f61fc5
+B+: 0x7f3b94f61fc6 0x7f3b94f61fcf
+B+: 0x7f3b94f61fd0 0x7f3b94f61fe3
+B+: 0x7f3b94f61fe4 0x7f3b94f61ffc
+B+: 0x7f3b94f62019 0x7f3b94f6202b
+B+: 0x7f3b94f6202c 0x7f3b94f62034
+B+: 0x7f3b94f62035 0x7f3b94f62047
+B+: 0x7f3b94f62048 0x7f3b94f6205b
+B+: 0x7f3b94f620a8 0x7f3b94f620b4
+B+: 0x7f3b94f620b5 0x7f3b94f620b9
+B+: 0x7f3b94f620db 0x7f3b94f620e1
+B+: 0x7f3b94f620f0 0x7f3b94f62103
+B+: 0x7f3b94f62104 0x7f3b94f62113
+B+: 0x7f3b94f62114 0x7f3b94f6211b
+B+: 0x7f3b94f6211c 0x7f3b94f62122
+B+: 0x7f3b94f62123 0x7f3b94f62152
+B+: 0x7f3b94f62153 0x7f3b94f6215f
+B+: 0x7f3b94f62160 0x7f3b94f62168
+B+: 0x7f3b94f62216 0x7f3b94f6221c
+B+: 0x7f3b94f62224 0x7f3b94f6222d
+B+: 0x7f3b94f6222e 0x7f3b94f62237
+B+: 0x7f3b94f62238 0x7f3b94f62241
+B+: 0x7f3b94f62242 0x7f3b94f6224b
+B+: 0x7f3b94f6225d 0x7f3b94f62266
+B+: 0x7f3b94f62267 0x7f3b94f62281
+B+: 0x7f3b94f62282 0x7f3b94f62293
+B+: 0x7f3b94f6234c 0x7f3b94f62353
+B+: 0x7f3b94f62354 0x7f3b94f6236f
+B+: 0x7f3b94f6251b 0x7f3b94f62525
+B+: 0x7f3b94f62526 0x7f3b94f6252e
+B+: 0x7f3b94f6252f 0x7f3b94f62537
+B+: 0x7f3b94f628d0 0x7f3b94f628ec
+B+: 0x7f3b94f628ed 0x7f3b94f628f1
+B+: 0x7f3b94f628f8 0x7f3b94f628fa
+B+: 0x7f3b94f628fb 0x7f3b94f62907
+B+: 0x7f3b94f62908 0x7f3b94f6293e
+B+: 0x7f3b94f6293f 0x7f3b94f62940
+B+: 0x7f3b94f62963 0x7f3b94f62977
+B+: 0x7f3b94f62980 0x7f3b94f62986
+B+: 0x7f3b94f62987 0x7f3b94f6298e
+B+: 0x7f3b94f6298f 0x7f3b94f62997
+B+: 0x7f3b94f62998 0x7f3b94f629ba
+B+: 0x7f3b94f629bb 0x7f3b94f629bc
+B+: 0x7f3b94f629c0 0x7f3b94f629e7
+B+: 0x7f3b94f629e8 0x7f3b94f629f7
+B+: 0x7f3b94f62a19 0x7f3b94f62a21
+B+: 0x7f3b94f62a22 0x7f3b94f62a2a
+B+: 0x7f3b94f62a2b 0x7f3b94f62a34
+B+: 0x7f3b94f62a35 0x7f3b94f62a3f
+B+: 0x7f3b94f62ad0 0x7f3b94f62ae9
+B+: 0x7f3b94f62aea 0x7f3b94f62b00
+B+: 0x7f3b94f62b10 0x7f3b94f62b1f
+B+: 0x7f3b94f62b20 0x7f3b94f62b2b
+B+: 0x7f3b94f62b2c 0x7f3b94f62b31
+B+: 0x7f3b94f62b32 0x7f3b94f62b41
+B+: 0x7f3b94f62b56 0x7f3b94f62b61
+B+: 0x7f3b94f62b62 0x7f3b94f62b6f
+B+: 0x7f3b94f62b70 0x7f3b94f62b85
+B+: 0x7f3b94f62b86 0x7f3b94f62b97
+B+: 0x7f3b94f62b98 0x7f3b94f62bc0
+B+: 0x7f3b94f62bc8 0x7f3b94f62bcc
+B+: 0x7f3b94f62bcd 0x7f3b94f62bea
+B+: 0x7f3b94f62d70 0x7f3b94f62d98
+B+: 0x7f3b94f62da0 0x7f3b94f62da1
+B+: 0x7f3b94f62da2 0x7f3b94f62daa
+B+: 0x7f3b94f62dab 0x7f3b94f62dc5
+B+: 0x7f3b94f62dc6 0x7f3b94f62dc9
+B+: 0x7f3b94f62dca 0x7f3b94f62dd1
+B+: 0x7f3b94f62dd2 0x7f3b94f62de6
+B+: 0x7f3b94f62df0 0x7f3b94f62e2a
+B+: 0x7f3b94f62e2b 0x7f3b94f62e2f
+B+: 0x7f3b94f62e46 0x7f3b94f62e5c
+B+: 0x7f3b94f62e5d 0x7f3b94f62e6e
+B+: 0x7f3b94f62e90 0x7f3b94f62ead
+B+: 0x7f3b94f62ec8 0x7f3b94f62ed1
+B+: 0x7f3b94f62ed2 0x7f3b94f62edd
+B+: 0x7f3b94f62f6c 0x7f3b94f62f8f
+B+: 0x7f3b94f62f90 0x7f3b94f62f9c
+B+: 0x7f3b94f62f9d 0x7f3b94f62fa8
+B+: 0x7f3b94f62fa9 0x7f3b94f62fb0
+B+: 0x7f3b94f62fb1 0x7f3b94f62fc5
+B+: 0x7f3b94f63008 0x7f3b94f63012
+B+: 0x7f3b94f63013 0x7f3b94f6301e
+B+: 0x7f3b94f6301f 0x7f3b94f6302e
+B+: 0x7f3b94f63060 0x7f3b94f63066
+B+: 0x7f3b94f63067 0x7f3b94f63074
+B+: 0x7f3b94f63075 0x7f3b94f63086
+B+: 0x7f3b94f63087 0x7f3b94f6308e
+B+: 0x7f3b94f6308f 0x7f3b94f630a2
+B+: 0x7f3b94f630a3 0x7f3b94f630b0
+B+: 0x7f3b94f63100 0x7f3b94f63116
+B+: 0x7f3b94f63145 0x7f3b94f6314d
+B+: 0x7f3b94f6314e 0x7f3b94f63157
+B+: 0x7f3b94f63160 0x7f3b94f63166
+B+: 0x7f3b94f631c0 0x7f3b94f631d1
+B+: 0x7f3b94f631e8 0x7f3b94f631ef
+B+: 0x7f3b94f63248 0x7f3b94f6325b
+B+: 0x7f3b94f6325c 0x7f3b94f63271
+B+: 0x7f3b94f637d0 0x7f3b94f637ff
+B+: 0x7f3b94f6380f 0x7f3b94f63812
+B+: 0x7f3b94f63813 0x7f3b94f6381c
+B+: 0x7f3b94f6381d 0x7f3b94f63820
+B+: 0x7f3b94f63821 0x7f3b94f6382f
+B+: 0x7f3b94f63830 0x7f3b94f6383a
+B+: 0x7f3b94f6384f 0x7f3b94f6385a
+B+: 0x7f3b94f6385f 0x7f3b94f63862
+B+: 0x7f3b94f63870 0x7f3b94f63877
+B+: 0x7f3b94f63878 0x7f3b94f6388d
+B+: 0x7f3b94f64440 0x7f3b94f64464
+B+: 0x7f3b94f6461e 0x7f3b94f64627
+B+: 0x7f3b94f64628 0x7f3b94f64631
+B+: 0x7f3b94f64632 0x7f3b94f64659
+B+: 0x7f3b94f646af 0x7f3b94f646bc
+B+: 0x7f3b94f646c0 0x7f3b94f646cb
+B+: 0x7f3b94f64730 0x7f3b94f6473b
+B+: 0x7f3b94f64740 0x7f3b94f6475e
+B+: 0x7f3b94f6475f 0x7f3b94f64767
+B+: 0x7f3b94f647d2 0x7f3b94f647e3
+B+: 0x7f3b94f648a0 0x7f3b94f648a7
+B+: 0x7f3b94f65260 0x7f3b94f652a5
+B+: 0x7f3b94f652b5 0x7f3b94f652be
+B+: 0x7f3b94f652bf 0x7f3b94f652d2
+B+: 0x7f3b94f652d3 0x7f3b94f652fc
+B+: 0x7f3b94f652fd 0x7f3b94f65310
+B+: 0x7f3b94f65324 0x7f3b94f65328
+B+: 0x7f3b94f65336 0x7f3b94f6533f
+B+: 0x7f3b94f65340 0x7f3b94f65344
+B+: 0x7f3b94f65370 0x7f3b94f65386
+B+: 0x7f3b94f65387 0x7f3b94f65398
+B+: 0x7f3b94f653a0 0x7f3b94f653b6
+B+: 0x7f3b94f653b7 0x7f3b94f653d7
+B+: 0x7f3b94f653dd 0x7f3b94f653ec
+B+: 0x7f3b94f65850 0x7f3b94f65886
+B+: 0x7f3b94f65887 0x7f3b94f6589a
+B+: 0x7f3b94f6589b 0x7f3b94f658ad
+B+: 0x7f3b94f658ae 0x7f3b94f658c4
+B+: 0x7f3b94f658c5 0x7f3b94f658d7
+B+: 0x7f3b94f658d8 0x7f3b94f658e7
+B+: 0x7f3b94f658e8 0x7f3b94f6590c
+B+: 0x7f3b94f6590d 0x7f3b94f65915
+B+: 0x7f3b94f65924 0x7f3b94f65933
+B+: 0x7f3b94f65934 0x7f3b94f65947
+B+: 0x7f3b94f65948 0x7f3b94f65954
+B+: 0x7f3b94f65955 0x7f3b94f6595f
+B+: 0x7f3b94f65960 0x7f3b94f65964
+B+: 0x7f3b94f65a6a 0x7f3b94f65a7c
+B+: 0x7f3b94f65a7d 0x7f3b94f65a9c
+B+: 0x7f3b94f65ba0 0x7f3b94f65bad
+B+: 0x7f3b94f65bae 0x7f3b94f65be1
+B+: 0x7f3b94f65bf0 0x7f3b94f65bfb
+B+: 0x7f3b94f65db0 0x7f3b94f65dbd
+B+: 0x7f3b94f65dbe 0x7f3b94f65dca
+B+: 0x7f3b94f65dcb 0x7f3b94f65de3
+B+: 0x7f3b94f65de8 0x7f3b94f65df4
+B+: 0x7f3b94f65df8 0x7f3b94f65e04
+B+: 0x7f3b94f65e05 0x7f3b94f65e12
+B+: 0x7f3b94f65e13 0x7f3b94f65e1d
+B+: 0x7f3b94f65eb4 0x7f3b94f65ec1
+B+: 0x7f3b94f66160 0x7f3b94f66174
+B+: 0x7f3b94f66175 0x7f3b94f66187
+B+: 0x7f3b94f66188 0x7f3b94f661a2
+B+: 0x7f3b94f661a3 0x7f3b94f661ac
+B+: 0x7f3b94f661ad 0x7f3b94f661b3
+B+: 0x7f3b94f661d0 0x7f3b94f661e5
+B+: 0x7f3b94f661eb 0x7f3b94f661f3
+B+: 0x7f3b94f66205 0x7f3b94f6620b
+B+: 0x7f3b94f6620c 0x7f3b94f6621d
+B+: 0x7f3b94f6621e 0x7f3b94f66226
+B+: 0x7f3b94f66227 0x7f3b94f66230
+B+: 0x7f3b94f66231 0x7f3b94f66232
+B+: 0x7f3b94f66240 0x7f3b94f66248
+B+: 0x7f3b94f66260 0x7f3b94f66260
+B+: 0x7f3b94f66520 0x7f3b94f66534
+B+: 0x7f3b94f66572 0x7f3b94f66578
+B+: 0x7f3b94f66580 0x7f3b94f66583
+B+: 0x7f3b94f66610 0x7f3b94f66656
+B+: 0x7f3b94f6665b 0x7f3b94f66686
+B+: 0x7f3b94f66687 0x7f3b94f6669d
+B+: 0x7f3b94f666fc 0x7f3b94f66708
+B+: 0x7f3b94f66709 0x7f3b94f66711
+B+: 0x7f3b94f66712 0x7f3b94f6672a
+B+: 0x7f3b94f6672b 0x7f3b94f6673c
+B+: 0x7f3b94f66740 0x7f3b94f66747
+B+: 0x7f3b94f66748 0x7f3b94f6675f
+B+: 0x7f3b94f66760 0x7f3b94f66766
+B+: 0x7f3b94f66767 0x7f3b94f66780
+B+: 0x7f3b94f66790 0x7f3b94f66793
+B+: 0x7f3b94f66794 0x7f3b94f66798
+B+: 0x7f3b94f667a2 0x7f3b94f667aa
+B+: 0x7f3b94f667ab 0x7f3b94f667ae
+B+: 0x7f3b94f667af 0x7f3b94f667bd
+B+: 0x7f3b94f667cb 0x7f3b94f667d3
+B+: 0x7f3b94f66825 0x7f3b94f66841
+B+: 0x7f3b94f66842 0x7f3b94f6684d
+B+: 0x7f3b94f6687e 0x7f3b94f6688e
+B+: 0x7f3b94f6688f 0x7f3b94f668a0
+B+: 0x7f3b94f668a1 0x7f3b94f668ad
+B+: 0x7f3b94f66c10 0x7f3b94f66c30
+B+: 0x7f3b94f66c31 0x7f3b94f66c58
+B+: 0x7f3b94f66c5e 0x7f3b94f66c66
+B+: 0x7f3b94f66c67 0x7f3b94f66c6f
+B+: 0x7f3b94f66c78 0x7f3b94f66c87
+B+: 0x7f3b94f66c88 0x7f3b94f66c89
+B+: 0x7f3b94f66ca0 0x7f3b94f66caf
+B+: 0x7f3b94f66cba 0x7f3b94f66cc4
+B+: 0x7f3b94f66ce0 0x7f3b94f66ce8
+B+: 0x7f3b94f67360 0x7f3b94f6736b
+B+: 0x7f3b94f67480 0x7f3b94f67480
+B+: 0x7f3b94f679c0 0x7f3b94f679db
+B+: 0x7f3b94f67a16 0x7f3b94f67a32
+B+: 0x7f3b94f67a33 0x7f3b94f67a52
+B+: 0x7f3b94f67a63 0x7f3b94f67a6a
+B+: 0x7f3b94f67a90 0x7f3b94f67aa6
+B+: 0x7f3b94f67aa7 0x7f3b94f67aae
+B+: 0x7f3b94f67aaf 0x7f3b94f67ab6
+B+: 0x7f3b94f67af6 0x7f3b94f67b01
+B+: 0x7f3b94f67b0c 0x7f3b94f67b34
+B+: 0x7f3b94f67b40 0x7f3b94f67b57
+B+: 0x7f3b94f67b58 0x7f3b94f67b5f
+B+: 0x7f3b94f67b60 0x7f3b94f67b67
+B+: 0x7f3b94f67b68 0x7f3b94f67b70
+B+: 0x7f3b94f67b71 0x7f3b94f67b7a
+B+: 0x7f3b94f67b7b 0x7f3b94f67b80
+B+: 0x7f3b94f67b97 0x7f3b94f67b9c
+B+: 0x7f3b94f67c0a 0x7f3b94f67c3d
+B+: 0x7f3b94f67c47 0x7f3b94f67c53
+B+: 0x7f3b94f67ed0 0x7f3b94f67ede
+B+: 0x7f3b94f67edf 0x7f3b94f67ee7
+B+: 0x7f3b94f67ee8 0x7f3b94f67efc
+B+: 0x7f3b94f67efd 0x7f3b94f67f02
+B+: 0x7f3b94f67f03 0x7f3b94f67f1b
+B+: 0x7f3b94f67f1c 0x7f3b94f67f21
+B+: 0x7f3b94f67f22 0x7f3b94f67f2b
+B+: 0x7f3b94f67fc0 0x7f3b94f67fc7
+B+: 0x7f3b94f67fc8 0x7f3b94f67fd0
+B+: 0x7f3b94f68760 0x7f3b94f68768
+B+: 0x7f3b94f68769 0x7f3b94f6876d
+B+: 0x7f3b94f6876e 0x7f3b94f68772
+B+: 0x7f3b94f68780 0x7f3b94f68788
+B+: 0x7f3b94f68789 0x7f3b94f6878d
+B+: 0x7f3b94f6878e 0x7f3b94f68792
+B+: 0x7f3b94f687c0 0x7f3b94f687d9
+B+: 0x7f3b94f687da 0x7f3b94f687e6
+B+: 0x7f3b94f687f7 0x7f3b94f68802
+B+: 0x7f3b94f68803 0x7f3b94f6880b
+B+: 0x7f3b94f6880c 0x7f3b94f68841
+B+: 0x7f3b94f68842 0x7f3b94f6884b
+B+: 0x7f3b94f6884c 0x7f3b94f68852
+B+: 0x7f3b94f68853 0x7f3b94f68875
+B+: 0x7f3b94f68880 0x7f3b94f6888e
+B+: 0x7f3b94f688b0 0x7f3b94f688c8
+B+: 0x7f3b94f68900 0x7f3b94f68941
+B+: 0x7f3b94f68950 0x7f3b94f68966
+B+: 0x7f3b94f68967 0x7f3b94f6897e
+B+: 0x7f3b94f6897f 0x7f3b94f6898a
+B+: 0x7f3b94f6898b 0x7f3b94f689b3
+B+: 0x7f3b94f689b4 0x7f3b94f689bd
+B+: 0x7f3b94f689be 0x7f3b94f689bf
+B+: 0x7f3b94f689d0 0x7f3b94f689e8
+B+: 0x7f3b94f689e9 0x7f3b94f68a14
+B+: 0x7f3b94f68a1e 0x7f3b94f68a25
+B+: 0x7f3b94f68a26 0x7f3b94f68a33
+B+: 0x7f3b94f68a34 0x7f3b94f68a46
+B+: 0x7f3b94f68ae0 0x7f3b94f68afe
+B+: 0x7f3b94f68aff 0x7f3b94f68b0c
+B+: 0x7f3b94f68b0d 0x7f3b94f68b1b
+B+: 0x7f3b94f68b1c 0x7f3b94f68b2c
+B+: 0x7f3b94f68b40 0x7f3b94f68b62
+B+: 0x7f3b94f68b98 0x7f3b94f68ba9
+B+: 0x7f3b94f696d0 0x7f3b94f696f4
+B+: 0x7f3b94f696f5 0x7f3b94f6970d
+B+: 0x7f3b94f6970e 0x7f3b94f69712
+B+: 0x7f3b94f69713 0x7f3b94f6971e
+B+: 0x7f3b94f6971f 0x7f3b94f69723
+B+: 0x7f3b94f69724 0x7f3b94f69728
+B+: 0x7f3b94f69729 0x7f3b94f69730
+B+: 0x7f3b94f6973c 0x7f3b94f69749
+B+: 0x7f3b94f6974a 0x7f3b94f6974d
+B+: 0x7f3b94f6974e 0x7f3b94f69760
+B+: 0x7f3b94f69761 0x7f3b94f6976b
+B+: 0x7f3b94f69790 0x7f3b94f6979d
+B+: 0x7f3b94f6979e 0x7f3b94f697a5
+B+: 0x7f3b94f697a6 0x7f3b94f697a7
+B+: 0x7f3b94f69890 0x7f3b94f6989d
+B+: 0x7f3b94f6989e 0x7f3b94f698a9
+B+: 0x7f3b94f698aa 0x7f3b94f698bd
+B+: 0x7f3b94f698c0 0x7f3b94f698ca
+B+: 0x7f3b94f698d0 0x7f3b94f698ef
+B+: 0x7f3b94f698f0 0x7f3b94f698f4
+B+: 0x7f3b94f698f5 0x7f3b94f6990c
+B+: 0x7f3b94f6990d 0x7f3b94f69910
+B+: 0x7f3b94f69911 0x7f3b94f69912
+B+: 0x7f3b94f69913 0x7f3b94f6991b
+B+: 0x7f3b94f6991c 0x7f3b94f69930
+B+: 0x7f3b94f69938 0x7f3b94f6993c
+B+: 0x7f3b94f69980 0x7f3b94f6998f
+B+: 0x7f3b94f69990 0x7f3b94f6999b
+B+: 0x7f3b94f6999c 0x7f3b94f699ab
+B+: 0x7f3b94f69a80 0x7f3b94f69a93
+B+: 0x7f3b94f69a94 0x7f3b94f69aac
+B+: 0x7f3b94f69aad 0x7f3b94f69abf
+B+: 0x7f3b94f69ac0 0x7f3b94f69ada
+B+: 0x7f3b94f69adb 0x7f3b94f69ae3
+B+: 0x7f3b94f69aec 0x7f3b94f69af8
+B+: 0x7f3b94f69af9 0x7f3b94f69b02
+B+: 0x7f3b94f69b03 0x7f3b94f69b06
+B+: 0x7f3b94f69b07 0x7f3b94f69b1a
+B+: 0x7f3b94f69c49 0x7f3b94f69c55
+B+: 0x7f3b94f69c56 0x7f3b94f69c67
+B+: 0x7f3b94f69c82 0x7f3b94f69c93
+B+: 0x7f3b94f69d77 0x7f3b94f69d82
+B+: 0x7f3b94f69da0 0x7f3b94f69db2
+B+: 0x7f3b94f69db3 0x7f3b94f69ddf
+B+: 0x7f3b94f69de0 0x7f3b94f69deb
+B+: 0x7f3b94f69dec 0x7f3b94f69dfc
+B+: 0x7f3b94f69dfd 0x7f3b94f69e18
+B+: 0x7f3b94f69e19 0x7f3b94f69e25
+B+: 0x7f3b94f69e26 0x7f3b94f69e2e
+B+: 0x7f3b94f69e2f 0x7f3b94f69e3f
+B+: 0x7f3b94f69e40 0x7f3b94f69e44
+B+: 0x7f3b94f69e45 0x7f3b94f69e50
+B+: 0x7f3b94f69e51 0x7f3b94f69e5d
+B+: 0x7f3b94f69e5e 0x7f3b94f69e77
+B+: 0x7f3b94f69ece 0x7f3b94f69ed2
+B+: 0x7f3b94f69ed3 0x7f3b94f69ede
+B+: 0x7f3b94f69ee0 0x7f3b94f69eec
+B+: 0x7f3b94f69f60 0x7f3b94f69f7c
+B+: 0x7f3b94f6a120 0x7f3b94f6a128
+B+: 0x7f3b94f6a129 0x7f3b94f6a147
+B+: 0x7f3b94f6a750 0x7f3b94f6a75e
+B+: 0x7f3b94f6a75f 0x7f3b94f6a763
+B+: 0x7f3b94f6a764 0x7f3b94f6a770
+B+: 0x7f3b94f6a771 0x7f3b94f6a777
+B+: 0x7f3b94f6a778 0x7f3b94f6a783
+B+: 0x7f3b94f6a784 0x7f3b94f6a788
+B+: 0x7f3b94f6a789 0x7f3b94f6a78d
+B+: 0x7f3b94f6a78e 0x7f3b94f6a796
+B+: 0x7f3b94f6a797 0x7f3b94f6a79e
+B+: 0x7f3b94f6a890 0x7f3b94f6a892
+B+: 0x7f3b94f6a8a7 0x7f3b94f6a8ab
+B+: 0x7f3b94f6a8ac 0x7f3b94f6a8b2
+B+: 0x7f3b94f6a8b3 0x7f3b94f6a8b6
+B+: 0x7f3b94f6a8d0 0x7f3b94f6a8e1
+B+: 0x7f3b94f6a8e2 0x7f3b94f6a8e6
+B+: 0x7f3b94f6a8e7 0x7f3b94f6a8eb
+B+: 0x7f3b94f6a8ec 0x7f3b94f6a8f1
+B+: 0x7f3b94f6a8f2 0x7f3b94f6a8fa
+B+: 0x7f3b94f6a8fb 0x7f3b94f6a8fc
+B+: 0x7f3b94f6a940 0x7f3b94f6a948
+B+: 0x7f3b94f6a949 0x7f3b94f6a951
+B+: 0x7f3b94f6a980 0x7f3b94f6a988
+B+: 0x7f3b94f6a989 0x7f3b94f6a98a
+B+: 0x7f3b94f6a98b 0x7f3b94f6a991
+B+: 0x7f3b94f6a992 0x7f3b94f6a9a2
+B+: 0x7f3b94f6a9a8 0x7f3b94f6a9ac
+B+: 0x7f3b94f6a9eb 0x7f3b94f6aa00
+B+: 0x7f3b94f6aa08 0x7f3b94f6aa10
+B+: 0x7f3b94f6aaf0 0x7f3b94f6ab11
+B+: 0x7f3b94f6ab12 0x7f3b94f6ab16
+B+: 0x7f3b94f6ab17 0x7f3b94f6ab1d
+B+: 0x7f3b94f6ab1e 0x7f3b94f6ab26
+B+: 0x7f3b94f6ab27 0x7f3b94f6ab34
+B+: 0x7f3b94f6ab35 0x7f3b94f6ab3c
+B+: 0x7f3b94f6ab3d 0x7f3b94f6ab49
+B+: 0x7f3b94f6ab4a 0x7f3b94f6ab5a
+B+: 0x7f3b94f6ab5b 0x7f3b94f6ab63
+B+: 0x7f3b94f6ab7f 0x7f3b94f6ab93
+B+: 0x7f3b94f6ab94 0x7f3b94f6ab9c
+B+: 0x7f3b94f6abe0 0x7f3b94f6abf7
+B+: 0x7f3b94f6abf8 0x7f3b94f6ac00
+B+: 0x7f3b94f6ac1b 0x7f3b94f6ac2b
+B+: 0x7f3b94f6ad40 0x7f3b94f6ad5e
+B+: 0x7f3b94f6ad5f 0x7f3b94f6ad6d
+B+: 0x7f3b94f6ad6e 0x7f3b94f6ad72
+B+: 0x7f3b94f6ad7d 0x7f3b94f6ad90
+B+: 0x7f3b94f6ad91 0x7f3b94f6ad95
+B+: 0x7f3b94f6ad96 0x7f3b94f6ad9a
+B+: 0x7f3b94f6ada0 0x7f3b94f6ada4
+B+: 0x7f3b94f6add5 0x7f3b94f6add9
+B+: 0x7f3b94f6adda 0x7f3b94f6adde
+B+: 0x7f3b94f6adf0 0x7f3b94f6adfb
+B+: 0x7f3b94f6adfc 0x7f3b94f6ae07
+B+: 0x7f3b94f6ae08 0x7f3b94f6ae10
+B+: 0x7f3b94f6ae2c 0x7f3b94f6ae30
+B+: 0x7f3b94f6ae31 0x7f3b94f6ae36
+B+: 0x7f3b94f6ae41 0x7f3b94f6ae45
+B+: 0x7f3b94f6ae46 0x7f3b94f6ae54
+B+: 0x7f3b94f6ae55 0x7f3b94f6ae5d
+B+: 0x7f3b94f6ae5e 0x7f3b94f6ae62
+B+: 0x7f3b94f6ae63 0x7f3b94f6ae74
+B+: 0x7f3b94f6ae78 0x7f3b94f6ae84
+B+: 0x7f3b94f6aea0 0x7f3b94f6aea4
+B+: 0x7f3b94f6aef0 0x7f3b94f6af03
+B+: 0x7f3b94f6af40 0x7f3b94f6af76
+B+: 0x7f3b94f6af77 0x7f3b94f6af82
+B+: 0x7f3b94f6af83 0x7f3b94f6af92
+B+: 0x7f3b94f6b01b 0x7f3b94f6b031
+B+: 0x7f3b94f6b032 0x7f3b94f6b040
+B+: 0x7f3b94f6b075 0x7f3b94f6b0b8
+B+: 0x7f3b94f6b0b9 0x7f3b94f6b0c3
+B+: 0x7f3b94f6b0c4 0x7f3b94f6b0cc
+B+: 0x7f3b94f6b0cd 0x7f3b94f6b0d5
+B+: 0x7f3b94f6b0d6 0x7f3b94f6b0de
+B+: 0x7f3b94f6b0df 0x7f3b94f6b106
+B+: 0x7f3b94f6b107 0x7f3b94f6b133
+B+: 0x7f3b94f6b578 0x7f3b94f6b581
+B+: 0x7f3b94f6b582 0x7f3b94f6b5a8
+B+: 0x7f3b94f6b5a9 0x7f3b94f6b5b6
+B+: 0x7f3b94f6b5d0 0x7f3b94f6b5e0
+B+: 0x7f3b94f6b5e1 0x7f3b94f6b5ee
+B+: 0x7f3b94f6b5ef 0x7f3b94f6b5f3
+B+: 0x7f3b94f6b670 0x7f3b94f6b67e
+B+: 0x7f3b94f6b67f 0x7f3b94f6b683
+B+: 0x7f3b94f6b684 0x7f3b94f6b692
+B+: 0x7f3b94f6b693 0x7f3b94f6b69a
+B+: 0x7f3b94f6b69b 0x7f3b94f6b6a2
+B+: 0x7f3b94f6b6a3 0x7f3b94f6b6b7
+B+: 0x7f3b94f6b790 0x7f3b94f6b7bc
+B+: 0x7f3b94f6b7bd 0x7f3b94f6b7d4
+B+: 0x7f3b94f6b7e0 0x7f3b94f6b83a
+B+: 0x7f3b94f6b83b 0x7f3b94f6b875
+B+: 0x7f3b94f6b876 0x7f3b94f6b893
+B+: 0x7f3b94f6b894 0x7f3b94f6b8a3
+B+: 0x7f3b94f6b8a4 0x7f3b94f6b8b0
+B+: 0x7f3b94f6b9b4 0x7f3b94f6b9b8
+B+: 0x7f3b94f6b9b9 0x7f3b94f6b9cf
+B+: 0x7f3b94f6b9d0 0x7f3b94f6b9dc
+B+: 0x7f3b94f6b9dd 0x7f3b94f6b9ef
+B+: 0x7f3b94f6b9f0 0x7f3b94f6b9f7
+B+: 0x7f3b94f6ba01 0x7f3b94f6ba16
+B+: 0x7f3b94f6ba28 0x7f3b94f6ba3d
+B+: 0x7f3b94f6ba3e 0x7f3b94f6ba4d
+B+: 0x7f3b94f6ba79 0x7f3b94f6ba97
+B+: 0x7f3b94f6ba98 0x7f3b94f6bac0
+B+: 0x7f3b94f6bac1 0x7f3b94f6bacf
+B+: 0x7f3b94f6c148 0x7f3b94f6c154
+B+: 0x7f3b94f6c155 0x7f3b94f6c174
+B+: 0x7f3b94f6c175 0x7f3b94f6c17f
+B+: 0x7f3b94f6c1ac 0x7f3b94f6c1b0
+B+: 0x7f3b94f6c1b1 0x7f3b94f6c1b5
+B+: 0x7f3b94f6ca40 0x7f3b94f6ca64
+B+: 0x7f3b94f6cb10 0x7f3b94f6cb1a
+B+: 0x7f3b94f6cb40 0x7f3b94f6cb47
+B+: 0x7f3b94f6cb48 0x7f3b94f6cb51
+B+: 0x7f3b94f6cb58 0x7f3b94f6cb60
+B+: 0x7f3b94f6cb61 0x7f3b94f6cb6a
+B+: 0x7f3b94f6cb88 0x7f3b94f6cb8c
+B+: 0x7f3b94f6cb8d 0x7f3b94f6cb94
+B+: 0x7f3b94f6cba0 0x7f3b94f6cba4
+B+: 0x7f3b94f6cd00 0x7f3b94f6cd30
+B+: 0x7f3b94f6ce3f 0x7f3b94f6ce55
+B+: 0x7f3b94f6ce56 0x7f3b94f6ce67
+B+: 0x7f3b94f6d1e0 0x7f3b94f6d222
+B+: 0x7f3b94f6d223 0x7f3b94f6d228
+B+: 0x7f3b94f6d24c 0x7f3b94f6d260
+B+: 0x7f3b94f6d261 0x7f3b94f6d269
+B+: 0x7f3b94f6d270 0x7f3b94f6d279
+B+: 0x7f3b94f6d288 0x7f3b94f6d2a0
+B+: 0x7f3b94f6d2a1 0x7f3b94f6d2ba
+B+: 0x7f3b94f6d2bb 0x7f3b94f6d2bc
+B+: 0x7f3b94f6d2d0 0x7f3b94f6d2d8
+B+: 0x7f3b94f6d2f8 0x7f3b94f6d2f8
+B+: 0x7f3b94f6d300 0x7f3b94f6d30c
+B+: 0x7f3b94f6d33f 0x7f3b94f6d343
+B+: 0x7f3b94f6d380 0x7f3b94f6d384
+B+: 0x7f3b94f6d3d0 0x7f3b94f6d3e3
+B+: 0x7f3b94f6d400 0x7f3b94f6d400
+B+: 0x7f3b94f6d420 0x7f3b94f6d45b
+B+: 0x7f3b94f6d467 0x7f3b94f6d471
+B+: 0x7f3b94f6d472 0x7f3b94f6d489
+B+: 0x7f3b94f6d48a 0x7f3b94f6d48d
+B+: 0x7f3b94f6d48e 0x7f3b94f6d494
+B+: 0x7f3b94f6d495 0x7f3b94f6d49d
+B+: 0x7f3b94f6d49e 0x7f3b94f6d4a9
+B+: 0x7f3b94f6d4aa 0x7f3b94f6d4c2
+B+: 0x7f3b94f6d4c3 0x7f3b94f6d4ce
+B+: 0x7f3b94f6d4cf 0x7f3b94f6d4e5
+B+: 0x7f3b94f6d4e6 0x7f3b94f6d4f5
+B+: 0x7f3b94f6d500 0x7f3b94f6d50e
+B+: 0x7f3b94f6d50f 0x7f3b94f6d513
+B+: 0x7f3b94f6d514 0x7f3b94f6d51e
+B+: 0x7f3b94f6d540 0x7f3b94f6d549
+B+: 0x7f3b94f6d54a 0x7f3b94f6d54e
+B+: 0x7f3b94f6d54f 0x7f3b94f6d560
+B+: 0x7f3b94f6d568 0x7f3b94f6d577
+B+: 0x7f3b94f6d580 0x7f3b94f6d589
+B+: 0x7f3b94f6d5a8 0x7f3b94f6d5bb
+B+: 0x7f3b94f6d5c0 0x7f3b94f6d5ce
+B+: 0x7f3b94f6d5cf 0x7f3b94f6d5dc
+B+: 0x7f3b94f6d6f0 0x7f3b94f6d6fd
+B+: 0x7f3b94f6d7a0 0x7f3b94f6d7a0
+B+: 0x7f3b94f6d7b0 0x7f3b94f6d7ba
+B+: 0x7f3b94f6d7bb 0x7f3b94f6d7ce
+B+: 0x7f3b94f6d7cf 0x7f3b94f6d7d8
+B+: 0x7f3b94f6d7d9 0x7f3b94f6d7e6
+B+: 0x7f3b94f6d800 0x7f3b94f6d82d
+B+: 0x7f3b94f6d82e 0x7f3b94f6d831
+B+: 0x7f3b94f6d832 0x7f3b94f6d847
+B+: 0x7f3b94f6d864 0x7f3b94f6d86b
+B+: 0x7f3b94f6d86c 0x7f3b94f6d86f
+B+: 0x7f3b94f6d870 0x7f3b94f6d876
+B+: 0x7f3b94f6d877 0x7f3b94f6d87b
+B+: 0x7f3b94f6d87c 0x7f3b94f6d886
+B+: 0x7f3b94f6dae0 0x7f3b94f6db01
+B+: 0x7f3b94f6db02 0x7f3b94f6db0a
+B+: 0x7f3b94f6db0b 0x7f3b94f6db14
+B+: 0x7f3b94f6db15 0x7f3b94f6db19
+B+: 0x7f3b94f6dc00 0x7f3b94f6dc19
+B+: 0x7f3b94f6dc51 0x7f3b94f6dc8e
+B+: 0x7f3b94f6dc8f 0x7f3b94f6dc9e
+B+: 0x7f3b94f6dc9f 0x7f3b94f6dca6
+B+: 0x7f3b94f6ddf0 0x7f3b94f6ddfb
+B+: 0x7f3b94f6de20 0x7f3b94f6de20
+B+: 0x7f3b94f6de30 0x7f3b94f6de38
+B+: 0x7f3b94f6f940 0x7f3b94f6f94b
+B+: 0x7f3b94f6f94c 0x7f3b94f6f957
+B+: 0x7f3b94f6f958 0x7f3b94f6f964
+B+: 0x7f3b94f6f965 0x7f3b94f6f969
+B+: 0x7f3b94f6f96a 0x7f3b94f6f96f
+B+: 0x7f3b94f6f970 0x7f3b94f6f976
+B+: 0x7f3b94f6f980 0x7f3b94f6f987
+B+: 0x7f3b94f6f988 0x7f3b94f6f98c
+B+: 0x7f3b94f6f98d 0x7f3b94f6f99b
+B+: 0x7f3b94f6f99c 0x7f3b94f6f9a0
+B+: 0x7f3b94f6f9a1 0x7f3b94f6f9a8
+B+: 0x7f3b94f6f9a9 0x7f3b94f6f9ad
+B+: 0x7f3b94f6f9ae 0x7f3b94f6f9b8
+B+: 0x7f3b94f6f9b9 0x7f3b94f6f9b9
+B+: 0x7f3b94f6f9c0 0x7f3b94f6f9c5
+B+: 0x7f3b94f6f9c6 0x7f3b94f6f9c9
+B+: 0x7f3b94f6f9d0 0x7f3b94f6f9d0
+B+: 0x7f3b94f6f9d1 0x7f3b94f6f9d5
+B+: 0x7f3b94f6f9d6 0x7f3b94f6f9d9
+B+: 0x7f3b94f6f9e0 0x7f3b94f6f9ff
+B+: 0x7f3b94f6fa00 0x7f3b94f6fa11
+B+: 0x7f3b94f6fa12 0x7f3b94f6fa16
+B+: 0x7f3b94f6fa20 0x7f3b94f6fa22
+B+: 0x7f3b94f6fa23 0x7f3b94f6fa2f
+B+: 0x7f3b94f6fa30 0x7f3b94f6fa33
+B+: 0x7f3b94f6fa34 0x7f3b94f6fa5d
+B+: 0x7f3b94f6fa5e 0x7f3b94f6fa62
+B+: 0x7f3b94f6fa63 0x7f3b94f6fa82
+B+: 0x7f3b94f6fac0 0x7f3b94f6fade
+B+: 0x7f3b94f6fadf 0x7f3b94f6fae3
+B+: 0x7f3b94f6fae4 0x7f3b94f6fae8
+B+: 0x7f3b94f6faf0 0x7f3b94f6faf2
+B+: 0x7f3b94f6faf3 0x7f3b94f6faff
+B+: 0x7f3b94f6fb00 0x7f3b94f6fb03
+B+: 0x7f3b94f6fb04 0x7f3b94f6fb3e
+B+: 0x7f3b94f6fb3f 0x7f3b94f6fb49
+B+: 0x7f3b94f6fb4a 0x7f3b94f6fb57
+B+: 0x7f3b94f6fb58 0x7f3b94f6fb5d
+B+: 0x7f3b94f6fb5e 0x7f3b94f6fb66
+B+: 0x7f3b94f6fb67 0x7f3b94f6fb70
+B+: 0x7f3b94f6fb71 0x7f3b94f6fb7a
+B+: 0x7f3b94f6fb7b 0x7f3b94f6fb9a
+B+: 0x7f3b94f6fb9b 0x7f3b94f6fba3
+B+: 0x7f3b94f6fba4 0x7f3b94f6fbbd
+B+: 0x7f3b94f6fbc0 0x7f3b94f6fbc5
+B+: 0x7f3b94f6fbc6 0x7f3b94f6fbcf
+B+: 0x7f3b94f6fbd0 0x7f3b94f6fbd9
+B+: 0x7f3b94f6fbda 0x7f3b94f6fbf7
+B+: 0x7f3b94f6fc08 0x7f3b94f6fc14
+B+: 0x7f3b94f6fc15 0x7f3b94f6fc1b
+B+: 0x7f3b94f6fc1c 0x7f3b94f6fc29
+B+: 0x7f3b94f6fcb0 0x7f3b94f6fcca
+B+: 0x7f3b94f6fccb 0x7f3b94f6fcda
+B+: 0x7f3b94f6fcdb 0x7f3b94f6fce6
+B+: 0x7f3b94f6fce7 0x7f3b94f6fcef
+B+: 0x7f3b94f6fcf0 0x7f3b94f6fcf4
+B+: 0x7f3b94f6fcf5 0x7f3b94f6fcfc
+B+: 0x7f3b94f6fcfd 0x7f3b94f6fd10
+B+: 0x7f3b94f6fd11 0x7f3b94f6fd21
+B+: 0x7f3b94f6fd22 0x7f3b94f6fd26
+B+: 0x7f3b94f6fd27 0x7f3b94f6fd38
+B+: 0x7f3b94f6fd39 0x7f3b94f6fd4b
+B+: 0x7f3b94f6fd4c 0x7f3b94f6fd54
+B+: 0x7f3b94f6fd55 0x7f3b94f6fd5e
+B+: 0x7f3b94f6fd5f 0x7f3b94f6fd6d
+B+: 0x7f3b94f6fea0 0x7f3b94f6feb6
+B+: 0x7f3b94f6feb7 0x7f3b94f6febb
+B+: 0x7f3b94f6febc 0x7f3b94f6fec0
+B+: 0x7f3b94f6fec8 0x7f3b94f6fecb
+B+: 0x7f3b94f6fecc 0x7f3b94f6fed9
+B+: 0x7f3b94f6feda 0x7f3b94f6fedd
+B+: 0x7f3b94f6fede 0x7f3b94f6ff06
+B+: 0x7f3b94f6ff07 0x7f3b94f6ff10
+B+: 0x7f3b94f6ff11 0x7f3b94f6ff16
+B+: 0x7f3b94f6ff17 0x7f3b94f6ff24
+B+: 0x7f3b94f6ff25 0x7f3b94f6ff2d
+B+: 0x7f3b94f70440 0x7f3b94f7046b
+B+: 0x7f3b94f7046c 0x7f3b94f70470
+B+: 0x7f3b94f70471 0x7f3b94f70475
+B+: 0x7f3b94f70536 0x7f3b94f7053e
+B+: 0x7f3b94f7053f 0x7f3b94f70548
+B+: 0x7f3b94f70549 0x7f3b94f70551
+B+: 0x7f3b94f705d0 0x7f3b94f705e4
+B+: 0x7f3b94f705e5 0x7f3b94f70606
+B+: 0x7f3b94f70607 0x7f3b94f70610
+B+: 0x7f3b94f70611 0x7f3b94f70618
+B+: 0x7f3b94f70640 0x7f3b94f70648
+B+: 0x7f3b94f70649 0x7f3b94f70656
+B+: 0x7f3b94f70657 0x7f3b94f7065f
+B+: 0x7f3b94f70660 0x7f3b94f70661
+B+: 0x7f3b94f70760 0x7f3b94f707aa
+B+: 0x7f3b94f707ab 0x7f3b94f707af
+B+: 0x7f3b94f707b0 0x7f3b94f707be
+B+: 0x7f3b94f707c8 0x7f3b94f707d3
+B+: 0x7f3b94f707d4 0x7f3b94f707d8
+B+: 0x7f3b94f707d9 0x7f3b94f707e0
+B+: 0x7f3b94f707e1 0x7f3b94f707e5
+B+: 0x7f3b94f707e6 0x7f3b94f707f3
+B+: 0x7f3b94f707f4 0x7f3b94f707fb
+B+: 0x7f3b94f70800 0x7f3b94f70810
+B+: 0x7f3b94f70811 0x7f3b94f70815
+B+: 0x7f3b94f70816 0x7f3b94f70832
+B+: 0x7f3b94f70833 0x7f3b94f70843
+B+: 0x7f3b94f70844 0x7f3b94f7084f
+B+: 0x7f3b94f70850 0x7f3b94f70857
+B+: 0x7f3b94f70858 0x7f3b94f7085c
+B+: 0x7f3b94f7085d 0x7f3b94f70868
+B+: 0x7f3b94f70869 0x7f3b94f7087b
+B+: 0x7f3b94f7087c 0x7f3b94f70884
+B+: 0x7f3b94f70888 0x7f3b94f70897
+B+: 0x7f3b94f70898 0x7f3b94f7089b
+B+: 0x7f3b94f7089c 0x7f3b94f708b4
+B+: 0x7f3b94f708b5 0x7f3b94f708b8
+B+: 0x7f3b94f708b9 0x7f3b94f708c6
+B+: 0x7f3b94f708c7 0x7f3b94f708d5
+B+: 0x7f3b94f70dc0 0x7f3b94f70dec
+B+: 0x7f3b94f70ded 0x7f3b94f70df2
+B+: 0x7f3b94f70df3 0x7f3b94f70e04
+B+: 0x7f3b94f70e05 0x7f3b94f70e0d
+B+: 0x7f3b94f70e0e 0x7f3b94f70e1c
+CND+ 0x7f3b94f5f00e: taken
+CND+ 0x7f3b94f5f5ea: not taken
+CND+ 0x7f3b94f5f626: not taken
+CND+ 0x7f3b94f5f63b: taken
+CND+ 0x7f3b94f5f673: not taken
+CND+ 0x7f3b94f5f687: not taken
+CND+ 0x7f3b94f5f695: not taken
+CND+ 0x7f3b94f5f7e2: taken
+CND+ 0x7f3b94f5f862: not taken
+CND+ 0x7f3b94f5f87c: both
+CND+ 0x7f3b94f5f8a9: not taken
+CND+ 0x7f3b94f5fa5d: not taken
+CND+ 0x7f3b94f5fa62: taken
+CND+ 0x7f3b94f606e6: not taken
+CND+ 0x7f3b94f60704: taken
+CND+ 0x7f3b94f6071a: not taken
+CND+ 0x7f3b94f6071f: taken
+CND+ 0x7f3b94f6072f: taken
+CND+ 0x7f3b94f6074c: not taken
+CND+ 0x7f3b94f60756: not taken
+CND+ 0x7f3b94f6078f: not taken
+CND+ 0x7f3b94f6079b: taken
+CND+ 0x7f3b94f61079: taken
+CND+ 0x7f3b94f6111b: not taken
+CND+ 0x7f3b94f61149: not taken
+CND+ 0x7f3b94f61158: not taken
+CND+ 0x7f3b94f61190: not taken
+CND+ 0x7f3b94f611ce: taken
+CND+ 0x7f3b94f61c20: not taken
+CND+ 0x7f3b94f61c2d: taken
+CND+ 0x7f3b94f61c48: not taken
+CND+ 0x7f3b94f61c5f: both
+CND+ 0x7f3b94f61c88: not taken
+CND+ 0x7f3b94f61ed2: taken
+CND+ 0x7f3b94f61f55: not taken
+CND+ 0x7f3b94f61f7e: not taken
+CND+ 0x7f3b94f61f8a: not taken
+CND+ 0x7f3b94f61f93: both
+CND+ 0x7f3b94f61fc4: not taken
+CND+ 0x7f3b94f61fe2: both
+CND+ 0x7f3b94f61ffb: taken
+CND+ 0x7f3b94f6205a: taken
+CND+ 0x7f3b94f620af: not taken
+CND+ 0x7f3b94f620b8: taken
+CND+ 0x7f3b94f620e0: taken
+CND+ 0x7f3b94f62116: not taken
+CND+ 0x7f3b94f6215a: not taken
+CND+ 0x7f3b94f62163: taken
+CND+ 0x7f3b94f6221b: taken
+CND+ 0x7f3b94f6224a: taken
+CND+ 0x7f3b94f6227c: not taken
+CND+ 0x7f3b94f6236a: taken
+CND+ 0x7f3b94f62520: not taken
+CND+ 0x7f3b94f62529: not taken
+CND+ 0x7f3b94f62532: taken
+CND+ 0x7f3b94f628eb: not taken
+CND+ 0x7f3b94f62906: both
+CND+ 0x7f3b94f6293d: not taken
+CND+ 0x7f3b94f62985: both
+CND+ 0x7f3b94f629f6: taken
+CND+ 0x7f3b94f62a20: both
+CND+ 0x7f3b94f62a29: not taken
+CND+ 0x7f3b94f62a33: not taken
+CND+ 0x7f3b94f62ae4: not taken
+CND+ 0x7f3b94f62afb: taken
+CND+ 0x7f3b94f62b2a: both
+CND+ 0x7f3b94f62b30: both
+CND+ 0x7f3b94f62b40: taken
+CND+ 0x7f3b94f62b60: not taken
+CND+ 0x7f3b94f62b96: not taken
+CND+ 0x7f3b94f62be5: taken
+CND+ 0x7f3b94f62da0: not taken
+CND+ 0x7f3b94f62da9: not taken
+CND+ 0x7f3b94f62dc8: both
+CND+ 0x7f3b94f62dd0: both
+CND+ 0x7f3b94f62e2e: taken
+CND+ 0x7f3b94f62e57: not taken
+CND+ 0x7f3b94f62eac: taken
+CND+ 0x7f3b94f62ed8: taken
+CND+ 0x7f3b94f62fa3: not taken
+CND+ 0x7f3b94f62fc0: taken
+CND+ 0x7f3b94f63019: not taken
+CND+ 0x7f3b94f63065: not taken
+CND+ 0x7f3b94f6306f: not taken
+CND+ 0x7f3b94f63089: both
+CND+ 0x7f3b94f6309d: not taken
+CND+ 0x7f3b94f630ab: taken
+CND+ 0x7f3b94f6314c: not taken
+CND+ 0x7f3b94f63156: taken
+CND+ 0x7f3b94f631cc: taken
+CND+ 0x7f3b94f631ee: taken
+CND+ 0x7f3b94f63811: both
+CND+ 0x7f3b94f6381b: not taken
+CND+ 0x7f3b94f6381f: not taken
+CND+ 0x7f3b94f63839: taken
+CND+ 0x7f3b94f63859: taken
+CND+ 0x7f3b94f63861: taken
+CND+ 0x7f3b94f6445f: taken
+CND+ 0x7f3b94f64626: not taken
+CND+ 0x7f3b94f646ca: taken
+CND+ 0x7f3b94f64762: taken
+CND+ 0x7f3b94f652a4: taken
+CND+ 0x7f3b94f652bd: not taken
+CND+ 0x7f3b94f652cd: not taken
+CND+ 0x7f3b94f6530f: taken
+CND+ 0x7f3b94f65327: taken
+CND+ 0x7f3b94f6533a: not taken
+CND+ 0x7f3b94f65343: taken
+CND+ 0x7f3b94f65381: not taken
+CND+ 0x7f3b94f653d6: taken
+CND+ 0x7f3b94f653e7: taken
+CND+ 0x7f3b94f65895: not taken
+CND+ 0x7f3b94f658a8: not taken
+CND+ 0x7f3b94f658d2: not taken
+CND+ 0x7f3b94f65907: not taken
+CND+ 0x7f3b94f65942: taken
+CND+ 0x7f3b94f65953: not taken
+CND+ 0x7f3b94f65963: taken
+CND+ 0x7f3b94f65a7b: not taken
+CND+ 0x7f3b94f65dbc: both
+CND+ 0x7f3b94f65dc9: both
+CND+ 0x7f3b94f65e03: not taken
+CND+ 0x7f3b94f65e0d: not taken
+CND+ 0x7f3b94f65e18: taken
+CND+ 0x7f3b94f661a1: not taken
+CND+ 0x7f3b94f661ab: not taken
+CND+ 0x7f3b94f661e4: taken
+CND+ 0x7f3b94f661f2: taken
+CND+ 0x7f3b94f6620a: not taken
+CND+ 0x7f3b94f66225: not taken
+CND+ 0x7f3b94f6622f: not taken
+CND+ 0x7f3b94f66247: taken
+CND+ 0x7f3b94f66533: taken
+CND+ 0x7f3b94f66582: taken
+CND+ 0x7f3b94f66655: taken
+CND+ 0x7f3b94f66698: taken
+CND+ 0x7f3b94f66703: not taken
+CND+ 0x7f3b94f6670c: taken
+CND+ 0x7f3b94f66725: not taken
+CND+ 0x7f3b94f66742: not taken
+CND+ 0x7f3b94f6675a: not taken
+CND+ 0x7f3b94f66765: not taken
+CND+ 0x7f3b94f66792: not taken
+CND+ 0x7f3b94f66797: taken
+CND+ 0x7f3b94f667a9: taken
+CND+ 0x7f3b94f667ad: not taken
+CND+ 0x7f3b94f667bc: taken
+CND+ 0x7f3b94f667ce: taken
+CND+ 0x7f3b94f66848: taken
+CND+ 0x7f3b94f66889: not taken
+CND+ 0x7f3b94f6689b: not taken
+CND+ 0x7f3b94f668a8: taken
+CND+ 0x7f3b94f66c2f: not taken
+CND+ 0x7f3b94f66c57: taken
+CND+ 0x7f3b94f66c65: not taken
+CND+ 0x7f3b94f66c6e: taken
+CND+ 0x7f3b94f66c86: not taken
+CND+ 0x7f3b94f66cae: taken
+CND+ 0x7f3b94f67366: taken
+CND+ 0x7f3b94f679d6: taken
+CND+ 0x7f3b94f67a31: not taken
+CND+ 0x7f3b94f67a51: taken
+CND+ 0x7f3b94f67aad: not taken
+CND+ 0x7f3b94f67ab5: taken
+CND+ 0x7f3b94f67b00: taken
+CND+ 0x7f3b94f67b5a: not taken
+CND+ 0x7f3b94f67b62: not taken
+CND+ 0x7f3b94f67b6b: not taken
+CND+ 0x7f3b94f67b75: not taken
+CND+ 0x7f3b94f67b7f: taken
+CND+ 0x7f3b94f67b9b: taken
+CND+ 0x7f3b94f67c3c: taken
+CND+ 0x7f3b94f67ed9: not taken
+CND+ 0x7f3b94f67ee6: not taken
+CND+ 0x7f3b94f67f01: not taken
+CND+ 0x7f3b94f67f1a: not taken
+CND+ 0x7f3b94f67f20: not taken
+CND+ 0x7f3b94f67f26: taken
+CND+ 0x7f3b94f6876c: not taken
+CND+ 0x7f3b94f6878c: not taken
+CND+ 0x7f3b94f687d8: both
+CND+ 0x7f3b94f687e1: taken
+CND+ 0x7f3b94f68806: not taken
+CND+ 0x7f3b94f68840: not taken
+CND+ 0x7f3b94f6884a: not taken
+CND+ 0x7f3b94f68965: both
+CND+ 0x7f3b94f68989: not taken
+CND+ 0x7f3b94f689b2: not taken
+CND+ 0x7f3b94f689bc: not taken
+CND+ 0x7f3b94f689e3: not taken
+CND+ 0x7f3b94f68a13: taken
+CND+ 0x7f3b94f68afd: not taken
+CND+ 0x7f3b94f68b1a: not taken
+CND+ 0x7f3b94f68b61: taken
+CND+ 0x7f3b94f69711: not taken
+CND+ 0x7f3b94f6971d: not taken
+CND+ 0x7f3b94f69722: not taken
+CND+ 0x7f3b94f69748: not taken
+CND+ 0x7f3b94f6974c: not taken
+CND+ 0x7f3b94f6975f: not taken
+CND+ 0x7f3b94f697a4: not taken
+CND+ 0x7f3b94f698f3: both
+CND+ 0x7f3b94f6990f: both
+CND+ 0x7f3b94f69911: not taken
+CND+ 0x7f3b94f6991a: taken
+CND+ 0x7f3b94f69a92: not taken
+CND+ 0x7f3b94f69aba: not taken
+CND+ 0x7f3b94f69ad5: both
+CND+ 0x7f3b94f69ade: taken
+CND+ 0x7f3b94f69af7: not taken
+CND+ 0x7f3b94f69b01: not taken
+CND+ 0x7f3b94f69b05: not taken
+CND+ 0x7f3b94f69b19: taken
+CND+ 0x7f3b94f69c50: not taken
+CND+ 0x7f3b94f69c62: taken
+CND+ 0x7f3b94f69db1: not taken
+CND+ 0x7f3b94f69dea: both
+CND+ 0x7f3b94f69e13: not taken
+CND+ 0x7f3b94f69e20: taken
+CND+ 0x7f3b94f69e2d: not taken
+CND+ 0x7f3b94f69e43: not taken
+CND+ 0x7f3b94f69e4f: both
+CND+ 0x7f3b94f69e58: not taken
+CND+ 0x7f3b94f69e72: taken
+CND+ 0x7f3b94f69ee7: taken
+CND+ 0x7f3b94f6a75d: both
+CND+ 0x7f3b94f6a76f: not taken
+CND+ 0x7f3b94f6a782: both
+CND+ 0x7f3b94f6a787: both
+CND+ 0x7f3b94f6a795: both
+CND+ 0x7f3b94f6a8b1: not taken
+CND+ 0x7f3b94f6a8dc: not taken
+CND+ 0x7f3b94f6a8ea: not taken
+CND+ 0x7f3b94f6a8ec: both
+CND+ 0x7f3b94f6a8f5: not taken
+CND+ 0x7f3b94f6a8fb: taken
+CND+ 0x7f3b94f6a943: not taken
+CND+ 0x7f3b94f6a94c: taken
+CND+ 0x7f3b94f6a983: not taken
+CND+ 0x7f3b94f6a989: both
+CND+ 0x7f3b94f6a990: not taken
+CND+ 0x7f3b94f6a9ab: taken
+CND+ 0x7f3b94f6aa0b: taken
+CND+ 0x7f3b94f6ab10: both
+CND+ 0x7f3b94f6ab1c: not taken
+CND+ 0x7f3b94f6ab21: both
+CND+ 0x7f3b94f6ab2f: not taken
+CND+ 0x7f3b94f6ab37: both
+CND+ 0x7f3b94f6ab44: both
+CND+ 0x7f3b94f6ab5e: taken
+CND+ 0x7f3b94f6ab92: both
+CND+ 0x7f3b94f6ab9b: taken
+CND+ 0x7f3b94f6abfb: taken
+CND+ 0x7f3b94f6ad68: both
+CND+ 0x7f3b94f6ad71: taken
+CND+ 0x7f3b94f6ad8b: not taken
+CND+ 0x7f3b94f6ada3: taken
+CND+ 0x7f3b94f6addd: taken
+CND+ 0x7f3b94f6ae02: not taken
+CND+ 0x7f3b94f6ae0b: taken
+CND+ 0x7f3b94f6ae2f: not taken
+CND+ 0x7f3b94f6ae35: taken
+CND+ 0x7f3b94f6ae4f: not taken
+CND+ 0x7f3b94f6ae58: both
+CND+ 0x7f3b94f6af7d: not taken
+CND+ 0x7f3b94f6b02c: not taken
+CND+ 0x7f3b94f6b0c7: not taken
+CND+ 0x7f3b94f6b0d0: both
+CND+ 0x7f3b94f6b0d9: not taken
+CND+ 0x7f3b94f6b5a7: both
+CND+ 0x7f3b94f6b5ed: not taken
+CND+ 0x7f3b94f6b5f2: taken
+CND+ 0x7f3b94f6b682: not taken
+CND+ 0x7f3b94f6b6a1: not taken
+CND+ 0x7f3b94f6b7bb: not taken
+CND+ 0x7f3b94f6b835: not taken
+CND+ 0x7f3b94f6b870: not taken
+CND+ 0x7f3b94f6b88e: not taken
+CND+ 0x7f3b94f6b89e: not taken
+CND+ 0x7f3b94f6b9ca: both
+CND+ 0x7f3b94f6b9ea: taken
+CND+ 0x7f3b94f6b9f6: taken
+CND+ 0x7f3b94f6ba15: taken
+CND+ 0x7f3b94f6ba38: not taken
+CND+ 0x7f3b94f6ba48: taken
+CND+ 0x7f3b94f6babb: not taken
+CND+ 0x7f3b94f6c14f: not taken
+CND+ 0x7f3b94f6c16f: not taken
+CND+ 0x7f3b94f6c17e: taken
+CND+ 0x7f3b94f6ca5f: taken
+CND+ 0x7f3b94f6cb46: not taken
+CND+ 0x7f3b94f6cb50: taken
+CND+ 0x7f3b94f6cb69: taken
+CND+ 0x7f3b94f6cb93: taken
+CND+ 0x7f3b94f6cd2b: taken
+CND+ 0x7f3b94f6ce50: not taken
+CND+ 0x7f3b94f6d227: taken
+CND+ 0x7f3b94f6d25f: not taken
+CND+ 0x7f3b94f6d278: taken
+CND+ 0x7f3b94f6d2b9: not taken
+CND+ 0x7f3b94f6d2d7: taken
+CND+ 0x7f3b94f6d30b: taken
+CND+ 0x7f3b94f6d383: taken
+CND+ 0x7f3b94f6d3e2: taken
+CND+ 0x7f3b94f6d456: taken
+CND+ 0x7f3b94f6d488: both
+CND+ 0x7f3b94f6d48c: not taken
+CND+ 0x7f3b94f6d493: not taken
+CND+ 0x7f3b94f6d498: both
+CND+ 0x7f3b94f6d4e0: not taken
+CND+ 0x7f3b94f6d512: not taken
+CND+ 0x7f3b94f6d519: taken
+CND+ 0x7f3b94f6d548: not taken
+CND+ 0x7f3b94f6d54d: not taken
+CND+ 0x7f3b94f6d5c9: not taken
+CND+ 0x7f3b94f6d5d7: taken
+CND+ 0x7f3b94f6d6f8: taken
+CND+ 0x7f3b94f6d7b9: not taken
+CND+ 0x7f3b94f6d830: not taken
+CND+ 0x7f3b94f6d846: taken
+CND+ 0x7f3b94f6d86e: not taken
+CND+ 0x7f3b94f6db09: not taken
+CND+ 0x7f3b94f6db13: not taken
+CND+ 0x7f3b94f6dc18: taken
+CND+ 0x7f3b94f6dc9d: not taken
+CND+ 0x7f3b94f6ddfa: taken
+CND+ 0x7f3b94f6f946: both
+CND+ 0x7f3b94f6f963: both
+CND+ 0x7f3b94f6f968: not taken
+CND+ 0x7f3b94f6f96e: not taken
+CND+ 0x7f3b94f6f986: not taken
+CND+ 0x7f3b94f6f98b: both
+CND+ 0x7f3b94f6f99a: both
+CND+ 0x7f3b94f6f99f: both
+CND+ 0x7f3b94f6f9ac: both
+CND+ 0x7f3b94f6f9b7: both
+CND+ 0x7f3b94f6f9c4: not taken
+CND+ 0x7f3b94f6fa10: not taken
+CND+ 0x7f3b94f6fa15: taken
+CND+ 0x7f3b94f6fa2e: both
+CND+ 0x7f3b94f6fa32: both
+CND+ 0x7f3b94f6fa5c: both
+CND+ 0x7f3b94f6fadd: not taken
+CND+ 0x7f3b94f6fae2: not taken
+CND+ 0x7f3b94f6fafe: not taken
+CND+ 0x7f3b94f6fb02: both
+CND+ 0x7f3b94f6fb48: both
+CND+ 0x7f3b94f6fb52: not taken
+CND+ 0x7f3b94f6fb5c: not taken
+CND+ 0x7f3b94f6fb65: both
+CND+ 0x7f3b94f6fb6b: taken
+CND+ 0x7f3b94f6fb75: not taken
+CND+ 0x7f3b94f6fb95: not taken
+CND+ 0x7f3b94f6fba2: not taken
+CND+ 0x7f3b94f6fbc4: not taken
+CND+ 0x7f3b94f6fbce: not taken
+CND+ 0x7f3b94f6fbf6: taken
+CND+ 0x7f3b94f6fc24: taken
+CND+ 0x7f3b94f6fce1: not taken
+CND+ 0x7f3b94f6fcea: not taken
+CND+ 0x7f3b94f6fcf3: not taken
+CND+ 0x7f3b94f6fd25: not taken
+CND+ 0x7f3b94f6fd53: not taken
+CND+ 0x7f3b94f6fd5d: not taken
+CND+ 0x7f3b94f6feb5: not taken
+CND+ 0x7f3b94f6feba: not taken
+CND+ 0x7f3b94f6fed8: both
+CND+ 0x7f3b94f6fedc: taken
+CND+ 0x7f3b94f6ff0f: not taken
+CND+ 0x7f3b94f6ff15: not taken
+CND+ 0x7f3b94f7046f: not taken
+CND+ 0x7f3b94f7053d: not taken
+CND+ 0x7f3b94f70547: not taken
+CND+ 0x7f3b94f70605: not taken
+CND+ 0x7f3b94f7060f: not taken
+CND+ 0x7f3b94f70647: not taken
+CND+ 0x7f3b94f7065e: not taken
+CND+ 0x7f3b94f707bd: taken
+CND+ 0x7f3b94f707d2: taken
+CND+ 0x7f3b94f707df: not taken
+CND+ 0x7f3b94f707e4: both
+CND+ 0x7f3b94f707fa: taken
+CND+ 0x7f3b94f70856: not taken
+CND+ 0x7f3b94f7085b: taken
+CND+ 0x7f3b94f7087a: not taken
+CND+ 0x7f3b94f7089a: not taken
+CND+ 0x7f3b94f708b7: not taken
+CND+ 0x7f3b94f708c5: not taken
+CND+ 0x7f3b94f708d4: taken
+CND+ 0x7f3b94f70df1: not taken
+CND+ 0x7f3b94f70e0c: not taken
@0x7f3b94f6fc19 to 0x7f3b94f637d0 1
@0x7f3b94f6fc19 to 0x7f3b94f6a120 1
@0x7f3b94f5f050 to 0x7f3b98a98a30 4
@0x7f3b94f5f080 to 0x7f3b98a38330 2
@0x7f3b94f5f090 to 0x7f3b98ada710 1
@0x7f3b94f5f0a0 to 0x7f3b98ab0e70 5
@0x7f3b94f5f0d0 to 0x7f3b98a4ba20 7
@0x7f3b94f5f0f0 to 0x7f3b98b6f800 4
@0x7f3b94f5f130 to 0x7f3b98adb1e0 1
@0x7f3b94f5f140 to 0x7f3b98a4fc10 1
@0x7f3b94f5f150 to 0x7f3b98afd800 4
@0x7f3b94f5f160 to 0x7f3b98ada230 1
@0x7f3b94f5f190 to 0x7f3b98b6fbc0 8
@0x7f3b94f5f1c0 to 0x7f3b98adb200 1
@0x7f3b94f5f1e0 to 0x7f3b98b6f5d0 1
@0x7f3b94f5f220 to 0x7f3b98adb210 2
@0x7f3b94f5f230 to 0x7f3b98afeb10 1
@0x7f3b94f6116e to 0x7f3b94f611c0 1
@0x7f3b94f5f280 to 0x7f3b98b6ad10 11
@0x7f3b94f5f2a0 to 0x7f3b98a4b450 4
@0x7f3b94f611ac to 0x7f3b94f61e90 1
@0x7f3b94f5f2d0 to 0x7f3b98b6b100 9
@0x7f3b94f5f320 to 0x7f3b98a4c0f0 4
@0x7f3b94f5f330 to 0x7f3b98b70100 6
@0x7f3b94f5f350 to 0x7f3b98adb220 1
@0x7f3b94f5f370 to 0x7f3b98afd800 2
@0x7f3b94f5f390 to 0x7f3b98a983e0 23
@0x7f3b94f5f3b0 to 0x7f3b98adb230 1
@0x7f3b94f5f3c0 to 0x7f3b98b6ae90 22
@0x7f3b94f5f3e0 to 0x7f3b98b1bba0 1
@0x7f3b94f5f410 to 0x7f3b98a98c80 1
@0x7f3b94f5f460 to 0x7f3b98b700e0 13
@0x7f3b94f5f510 to 0x7f3b98adb1f0 1
@0x7f3b94f5f560 to 0x7f3b98ada4e0 1
@0x7f3b94f5f570 to 0x7f3b98a44580 191
@0x7f3b94f6af91 to 0x7f3b94f6b075 1
@0x7f3b94f5f784 to 0x7f3b98a37fb0 1
@0x7f3b94f70e01 to 0x7f3b94f5f840 1
@0x7f3b94f6d55f to 0x7f3b94f6d580 1
@0x7f3b94f6d55f to 0x7f3b94f6d5c0 1
@0x7f3b94f6d55f to 0x7f3b94f6d5a8 2
@0x7f3b94f6b8af to 0x7f3b94f6ba01 183
@0x7f3b94f6b8af to 0x7f3b94f6b9f0 10
@0x7f3b94f6b8af to 0x7f3b94f6ba28 1
