MODULE_NAME: /usr/bin/gs
MODULE_START: 0x7f58a6434000
+B+: 0x7f58a6435000 0x7f58a643500f
+B+: 0x7f58a6435012 0x7f58a6435016
+B+: 0x7f58a6435020 0x7f58a643502b
+B+: 0x7f58a6435030 0x7f58a6435035
+B+: 0x7f58a6435036 0x7f58a643503f
+B+: 0x7f58a6435040 0x7f58a6435045
+B+: 0x7f58a6435046 0x7f58a643504f
+B+: 0x7f58a6435050 0x7f58a6435055
+B+: 0x7f58a6435056 0x7f58a643505f
+B+: 0x7f58a6435090 0x7f58a6435095
+B+: 0x7f58a6435096 0x7f58a643509f
+B+: 0x7f58a64350b0 0x7f58a64350b5
+B+: 0x7f58a64350b6 0x7f58a64350bf
+B+: 0x7f58a64350c0 0x7f58a64350c5
+B+: 0x7f58a64350c6 0x7f58a64350cf
+B+: 0x7f58a64350d0 0x7f58a64350d5
+B+: 0x7f58a64350d6 0x7f58a64350df
+B+: 0x7f58a64350e0 0x7f58a64350e5
+B+: 0x7f58a64350f0 0x7f58a6435121
+B+: 0x7f58a6435122 0x7f58a6435127
+B+: 0x7f58a6435128 0x7f58a6435130
+B+: 0x7f58a6435131 0x7f58a6435132
+B+: 0x7f58a6435133 0x7f58a6435137
+B+: 0x7f58a6435138 0x7f58a6435152
+B+: 0x7f58a6435153 0x7f58a643515b
+B+: 0x7f58a6435184 0x7f58a64351a2
+B+: 0x7f58a64351a3 0x7f58a64351b1
+B+: 0x7f58a64351b2 0x7f58a64351b7
+B+: 0x7f58a64351b8 0x7f58a64351c1
+B+: 0x7f58a64351c2 0x7f58a64351c5
+B+: 0x7f58a64351c6 0x7f58a64351ca
+B+: 0x7f58a64351cb 0x7f58a64351d6
+B+: 0x7f58a64351d7 0x7f58a64351db
+B+: 0x7f58a6435220 0x7f58a6435249
+B+: 0x7f58a6435250 0x7f58a6435262
+B+: 0x7f58a6435278 0x7f58a6435278
+B+: 0x7f58a6435280 0x7f58a64352a3
+B+: 0x7f58a64352b8 0x7f58a64352b8
+B+: 0x7f58a64352c0 0x7f58a64352c8
+B+: 0x7f58a64352c9 0x7f58a64352d6
+B+: 0x7f58a64352d7 0x7f58a64352e2
+B+: 0x7f58a64352e3 0x7f58a64352e7
+B+: 0x7f58a64352e8 0x7f58a64352f0
+B+: 0x7f58a6435300 0x7f58a6435304
+B+: 0x7f58a6435350 0x7f58a6435373
+B+: 0x7f58a6435374 0x7f58a643537c
+B+: 0x7f58a643537d 0x7f58a6435385
+B+: 0x7f58a64353c0 0x7f58a64353ec
+B+: 0x7f58a64353ed 0x7f58a64353f2
+B+: 0x7f58a64353f3 0x7f58a6435404
+B+: 0x7f58a6435405 0x7f58a643540d
+B+: 0x7f58a643540e 0x7f58a643541c
+B+: 0x7f58a6435424 0x7f58a643542c
+CND+ 0x7f58a643500e: taken
+CND+ 0x7f58a6435126: taken
+CND+ 0x7f58a643512b: not taken
+CND+ 0x7f58a6435131: not taken
+CND+ 0x7f58a6435136: not taken
+CND+ 0x7f58a643514d: not taken
+CND+ 0x7f58a64351b6: not taken
+CND+ 0x7f58a64351c4: not taken
+CND+ 0x7f58a64351c9: not taken
+CND+ 0x7f58a6435261: taken
+CND+ 0x7f58a64352a2: taken
+CND+ 0x7f58a64352c7: not taken
+CND+ 0x7f58a64352d5: not taken
+CND+ 0x7f58a64353f1: not taken
+CND+ 0x7f58a643540c: not taken
@0x7f58a6435026 to 0x7f58aa424500 7
@0x7f58a6435030 to 0x7f58a6435036 1
@0x7f58a6435040 to 0x7f58a6435046 1
@0x7f58a6435050 to 0x7f58a6435056 1
@0x7f58a6435090 to 0x7f58a6435096 1
@0x7f58a64350b0 to 0x7f58a64350b6 1
@0x7f58a64350c0 to 0x7f58a64350c6 1
@0x7f58a64350d0 to 0x7f58a64350d6 1
@0x7f58a64350e0 to 0x7f58a8f8a1c0 1
@0x7f58a6435244 to 0x7f58a8f73fb0 1
@0x7f58a6435401 to 0x7f58a6435300 1
