MODULE_NAME: /usr/bin/gs
MODULE_START: 0x7fa193d59000
+B+: 0x7fa193d5a000 0x7fa193d5a00f
+B+: 0x7fa193d5a012 0x7fa193d5a016
+B+: 0x7fa193d5a020 0x7fa193d5a02b
+B+: 0x7fa193d5a030 0x7fa193d5a035
+B+: 0x7fa193d5a036 0x7fa193d5a03f
+B+: 0x7fa193d5a040 0x7fa193d5a045
+B+: 0x7fa193d5a046 0x7fa193d5a04f
+B+: 0x7fa193d5a050 0x7fa193d5a055
+B+: 0x7fa193d5a056 0x7fa193d5a05f
+B+: 0x7fa193d5a0b0 0x7fa193d5a0b5
+B+: 0x7fa193d5a0b6 0x7fa193d5a0bf
+B+: 0x7fa193d5a0c0 0x7fa193d5a0c5
+B+: 0x7fa193d5a0c6 0x7fa193d5a0cf
+B+: 0x7fa193d5a0e0 0x7fa193d5a0e5
+B+: 0x7fa193d5a0f0 0x7fa193d5a121
+B+: 0x7fa193d5a122 0x7fa193d5a127
+B+: 0x7fa193d5a128 0x7fa193d5a130
+B+: 0x7fa193d5a131 0x7fa193d5a132
+B+: 0x7fa193d5a133 0x7fa193d5a137
+B+: 0x7fa193d5a13d 0x7fa193d5a152
+B+: 0x7fa193d5a153 0x7fa193d5a15b
+B+: 0x7fa193d5a178 0x7fa193d5a183
+B+: 0x7fa193d5a184 0x7fa193d5a1a2
+B+: 0x7fa193d5a1a3 0x7fa193d5a1b1
+B+: 0x7fa193d5a1b2 0x7fa193d5a1b7
+B+: 0x7fa193d5a1b8 0x7fa193d5a1c1
+B+: 0x7fa193d5a1c2 0x7fa193d5a1c5
+B+: 0x7fa193d5a1c6 0x7fa193d5a1ca
+B+: 0x7fa193d5a1cb 0x7fa193d5a1d6
+B+: 0x7fa193d5a1d7 0x7fa193d5a1db
+B+: 0x7fa193d5a1dc 0x7fa193d5a1e0
+B+: 0x7fa193d5a213 0x7fa193d5a216
+B+: 0x7fa193d5a220 0x7fa193d5a249
+B+: 0x7fa193d5a250 0x7fa193d5a262
+B+: 0x7fa193d5a278 0x7fa193d5a278
+B+: 0x7fa193d5a280 0x7fa193d5a2a3
+B+: 0x7fa193d5a2b8 0x7fa193d5a2b8
+B+: 0x7fa193d5a2c0 0x7fa193d5a2c8
+B+: 0x7fa193d5a2c9 0x7fa193d5a2d6
+B+: 0x7fa193d5a2d7 0x7fa193d5a2e2
+B+: 0x7fa193d5a2e3 0x7fa193d5a2e7
+B+: 0x7fa193d5a2e8 0x7fa193d5a2f0
+B+: 0x7fa193d5a300 0x7fa193d5a304
+B+: 0x7fa193d5a3c0 0x7fa193d5a3ec
+B+: 0x7fa193d5a3ed 0x7fa193d5a3f2
+B+: 0x7fa193d5a3f3 0x7fa193d5a404
+B+: 0x7fa193d5a405 0x7fa193d5a40d
+B+: 0x7fa193d5a40e 0x7fa193d5a41c
+B+: 0x7fa193d5a424 0x7fa193d5a42c
+CND+ 0x7fa193d5a00e: taken
+CND+ 0x7fa193d5a126: taken
+CND+ 0x7fa193d5a12b: not taken
+CND+ 0x7fa193d5a131: not taken
+CND+ 0x7fa193d5a136: taken
+CND+ 0x7fa193d5a14d: not taken
+CND+ 0x7fa193d5a1b6: not taken
+CND+ 0x7fa193d5a1c4: not taken
+CND+ 0x7fa193d5a1c9: taken
+CND+ 0x7fa193d5a1df: taken
+CND+ 0x7fa193d5a261: taken
+CND+ 0x7fa193d5a2a2: taken
+CND+ 0x7fa193d5a2c7: not taken
+CND+ 0x7fa193d5a2d5: not taken
+CND+ 0x7fa193d5a3f1: not taken
+CND+ 0x7fa193d5a40c: not taken
@0x7fa193d5a026 to 0x7fa197d49500 5
@0x7fa193d5a030 to 0x7fa193d5a036 1
@0x7fa193d5a040 to 0x7fa193d5a046 1
@0x7fa193d5a050 to 0x7fa193d5a056 1
@0x7fa193d5a0b0 to 0x7fa193d5a0b6 1
@0x7fa193d5a0c0 to 0x7fa193d5a0c6 1
@0x7fa193d5a0e0 to 0x7fa1968af1c0 1
@0x7fa193d5a244 to 0x7fa196898fb0 1
@0x7fa193d5a401 to 0x7fa193d5a300 1
