MODULE_NAME: /usr/bin/gs
MODULE_START: 0x7f03d697b000
+B+: 0x7f03d697c000 0x7f03d697c00f
+B+: 0x7f03d697c012 0x7f03d697c016
+B+: 0x7f03d697c020 0x7f03d697c02b
+B+: 0x7f03d697c030 0x7f03d697c035
+B+: 0x7f03d697c036 0x7f03d697c03f
+B+: 0x7f03d697c040 0x7f03d697c045
+B+: 0x7f03d697c046 0x7f03d697c04f
+B+: 0x7f03d697c050 0x7f03d697c055
+B+: 0x7f03d697c056 0x7f03d697c05f
+B+: 0x7f03d697c0b0 0x7f03d697c0b5
+B+: 0x7f03d697c0b6 0x7f03d697c0bf
+B+: 0x7f03d697c0c0 0x7f03d697c0c5
+B+: 0x7f03d697c0c6 0x7f03d697c0cf
+B+: 0x7f03d697c0e0 0x7f03d697c0e5
+B+: 0x7f03d697c0f0 0x7f03d697c121
+B+: 0x7f03d697c122 0x7f03d697c127
+B+: 0x7f03d697c128 0x7f03d697c130
+B+: 0x7f03d697c131 0x7f03d697c132
+B+: 0x7f03d697c133 0x7f03d697c137
+B+: 0x7f03d697c13d 0x7f03d697c152
+B+: 0x7f03d697c153 0x7f03d697c15b
+B+: 0x7f03d697c178 0x7f03d697c183
+B+: 0x7f03d697c184 0x7f03d697c1a2
+B+: 0x7f03d697c1a3 0x7f03d697c1b1
+B+: 0x7f03d697c1b2 0x7f03d697c1b7
+B+: 0x7f03d697c1b8 0x7f03d697c1c1
+B+: 0x7f03d697c1c2 0x7f03d697c1c5
+B+: 0x7f03d697c1c6 0x7f03d697c1ca
+B+: 0x7f03d697c1cb 0x7f03d697c1d6
+B+: 0x7f03d697c1d7 0x7f03d697c1db
+B+: 0x7f03d697c1dc 0x7f03d697c1e0
+B+: 0x7f03d697c213 0x7f03d697c216
+B+: 0x7f03d697c220 0x7f03d697c249
+B+: 0x7f03d697c250 0x7f03d697c262
+B+: 0x7f03d697c278 0x7f03d697c278
+B+: 0x7f03d697c280 0x7f03d697c2a3
+B+: 0x7f03d697c2b8 0x7f03d697c2b8
+B+: 0x7f03d697c2c0 0x7f03d697c2c8
+B+: 0x7f03d697c2c9 0x7f03d697c2d6
+B+: 0x7f03d697c2d7 0x7f03d697c2e2
+B+: 0x7f03d697c2e3 0x7f03d697c2e7
+B+: 0x7f03d697c2e8 0x7f03d697c2f0
+B+: 0x7f03d697c300 0x7f03d697c304
+B+: 0x7f03d697c3c0 0x7f03d697c3ec
+B+: 0x7f03d697c3ed 0x7f03d697c3f2
+B+: 0x7f03d697c3f3 0x7f03d697c404
+B+: 0x7f03d697c405 0x7f03d697c40d
+B+: 0x7f03d697c40e 0x7f03d697c41c
+B+: 0x7f03d697c424 0x7f03d697c42c
+CND+ 0x7f03d697c00e: taken
+CND+ 0x7f03d697c126: taken
+CND+ 0x7f03d697c12b: not taken
+CND+ 0x7f03d697c131: not taken
+CND+ 0x7f03d697c136: taken
+CND+ 0x7f03d697c14d: not taken
+CND+ 0x7f03d697c1b6: not taken
+CND+ 0x7f03d697c1c4: not taken
+CND+ 0x7f03d697c1c9: taken
+CND+ 0x7f03d697c1df: taken
+CND+ 0x7f03d697c261: taken
+CND+ 0x7f03d697c2a2: taken
+CND+ 0x7f03d697c2c7: not taken
+CND+ 0x7f03d697c2d5: not taken
+CND+ 0x7f03d697c3f1: not taken
+CND+ 0x7f03d697c40c: not taken
@0x7f03d697c026 to 0x7f03da96b500 5
@0x7f03d697c030 to 0x7f03d697c036 1
@0x7f03d697c040 to 0x7f03d697c046 1
@0x7f03d697c050 to 0x7f03d697c056 1
@0x7f03d697c0b0 to 0x7f03d697c0b6 1
@0x7f03d697c0c0 to 0x7f03d697c0c6 1
@0x7f03d697c0e0 to 0x7f03d94d11c0 1
@0x7f03d697c244 to 0x7f03d94bafb0 1
@0x7f03d697c401 to 0x7f03d697c300 1
