MODULE_NAME: /usr/bin/gs
MODULE_START: 0x7f8a7d0f8000
+B+: 0x7f8a7d0f9000 0x7f8a7d0f900f
+B+: 0x7f8a7d0f9012 0x7f8a7d0f9016
+B+: 0x7f8a7d0f9020 0x7f8a7d0f902b
+B+: 0x7f8a7d0f9030 0x7f8a7d0f9035
+B+: 0x7f8a7d0f9036 0x7f8a7d0f903f
+B+: 0x7f8a7d0f9040 0x7f8a7d0f9045
+B+: 0x7f8a7d0f9046 0x7f8a7d0f904f
+B+: 0x7f8a7d0f9050 0x7f8a7d0f9055
+B+: 0x7f8a7d0f9056 0x7f8a7d0f905f
+B+: 0x7f8a7d0f9090 0x7f8a7d0f9095
+B+: 0x7f8a7d0f9096 0x7f8a7d0f909f
+B+: 0x7f8a7d0f90b0 0x7f8a7d0f90b5
+B+: 0x7f8a7d0f90b6 0x7f8a7d0f90bf
+B+: 0x7f8a7d0f90c0 0x7f8a7d0f90c5
+B+: 0x7f8a7d0f90c6 0x7f8a7d0f90cf
+B+: 0x7f8a7d0f90d0 0x7f8a7d0f90d5
+B+: 0x7f8a7d0f90d6 0x7f8a7d0f90df
+B+: 0x7f8a7d0f90e0 0x7f8a7d0f90e5
+B+: 0x7f8a7d0f90f0 0x7f8a7d0f9121
+B+: 0x7f8a7d0f9122 0x7f8a7d0f9127
+B+: 0x7f8a7d0f9128 0x7f8a7d0f9130
+B+: 0x7f8a7d0f9131 0x7f8a7d0f9132
+B+: 0x7f8a7d0f9133 0x7f8a7d0f9137
+B+: 0x7f8a7d0f9138 0x7f8a7d0f9152
+B+: 0x7f8a7d0f9153 0x7f8a7d0f915b
+B+: 0x7f8a7d0f9184 0x7f8a7d0f91a2
+B+: 0x7f8a7d0f91a3 0x7f8a7d0f91b1
+B+: 0x7f8a7d0f91b2 0x7f8a7d0f91b7
+B+: 0x7f8a7d0f91b8 0x7f8a7d0f91c1
+B+: 0x7f8a7d0f91c2 0x7f8a7d0f91c5
+B+: 0x7f8a7d0f91c6 0x7f8a7d0f91ca
+B+: 0x7f8a7d0f91cb 0x7f8a7d0f91d6
+B+: 0x7f8a7d0f91d7 0x7f8a7d0f91db
+B+: 0x7f8a7d0f9220 0x7f8a7d0f9249
+B+: 0x7f8a7d0f9250 0x7f8a7d0f9262
+B+: 0x7f8a7d0f9278 0x7f8a7d0f9278
+B+: 0x7f8a7d0f9280 0x7f8a7d0f92a3
+B+: 0x7f8a7d0f92b8 0x7f8a7d0f92b8
+B+: 0x7f8a7d0f92c0 0x7f8a7d0f92c8
+B+: 0x7f8a7d0f92c9 0x7f8a7d0f92d6
+B+: 0x7f8a7d0f92d7 0x7f8a7d0f92e2
+B+: 0x7f8a7d0f92e3 0x7f8a7d0f92e7
+B+: 0x7f8a7d0f92e8 0x7f8a7d0f92f0
+B+: 0x7f8a7d0f9300 0x7f8a7d0f9304
+B+: 0x7f8a7d0f9350 0x7f8a7d0f9373
+B+: 0x7f8a7d0f9374 0x7f8a7d0f937c
+B+: 0x7f8a7d0f937d 0x7f8a7d0f9385
+B+: 0x7f8a7d0f93c0 0x7f8a7d0f93ec
+B+: 0x7f8a7d0f93ed 0x7f8a7d0f93f2
+B+: 0x7f8a7d0f93f3 0x7f8a7d0f9404
+B+: 0x7f8a7d0f9405 0x7f8a7d0f940d
+B+: 0x7f8a7d0f940e 0x7f8a7d0f941c
+B+: 0x7f8a7d0f9424 0x7f8a7d0f942c
+CND+ 0x7f8a7d0f900e: taken
+CND+ 0x7f8a7d0f9126: taken
+CND+ 0x7f8a7d0f912b: not taken
+CND+ 0x7f8a7d0f9131: not taken
+CND+ 0x7f8a7d0f9136: not taken
+CND+ 0x7f8a7d0f914d: not taken
+CND+ 0x7f8a7d0f91b6: not taken
+CND+ 0x7f8a7d0f91c4: not taken
+CND+ 0x7f8a7d0f91c9: not taken
+CND+ 0x7f8a7d0f9261: taken
+CND+ 0x7f8a7d0f92a2: taken
+CND+ 0x7f8a7d0f92c7: not taken
+CND+ 0x7f8a7d0f92d5: not taken
+CND+ 0x7f8a7d0f93f1: not taken
+CND+ 0x7f8a7d0f940c: not taken
@0x7f8a7d0f9026 to 0x7f8a810e8500 7
@0x7f8a7d0f9030 to 0x7f8a7d0f9036 1
@0x7f8a7d0f9040 to 0x7f8a7d0f9046 1
@0x7f8a7d0f9050 to 0x7f8a7d0f9056 1
@0x7f8a7d0f9090 to 0x7f8a7d0f9096 1
@0x7f8a7d0f90b0 to 0x7f8a7d0f90b6 1
@0x7f8a7d0f90c0 to 0x7f8a7d0f90c6 1
@0x7f8a7d0f90d0 to 0x7f8a7d0f90d6 1
@0x7f8a7d0f90e0 to 0x7f8a7fc4e1c0 1
@0x7f8a7d0f9244 to 0x7f8a7fc37fb0 1
@0x7f8a7d0f9401 to 0x7f8a7d0f9300 1
