MODULE_NAME: /bin/dash
MODULE_START: 0x7f994b43f000
+B+: 0x7f994b443000 0x7f994b44300f
+B+: 0x7f994b443012 0x7f994b443016
+B+: 0x7f994b443050 0x7f994b443055
+B+: 0x7f994b443080 0x7f994b443085
+B+: 0x7f994b443090 0x7f994b443095
+B+: 0x7f994b4430a0 0x7f994b4430a5
+B+: 0x7f994b4430d0 0x7f994b4430d5
+B+: 0x7f994b4430f0 0x7f994b4430f5
+B+: 0x7f994b443130 0x7f994b443135
+B+: 0x7f994b443140 0x7f994b443145
+B+: 0x7f994b443150 0x7f994b443155
+B+: 0x7f994b443160 0x7f994b443165
+B+: 0x7f994b443190 0x7f994b443195
+B+: 0x7f994b4431c0 0x7f994b4431c5
+B+: 0x7f994b4431e0 0x7f994b4431e5
+B+: 0x7f994b443220 0x7f994b443225
+B+: 0x7f994b443230 0x7f994b443235
+B+: 0x7f994b443280 0x7f994b443285
+B+: 0x7f994b4432a0 0x7f994b4432a5
+B+: 0x7f994b4432d0 0x7f994b4432d5
+B+: 0x7f994b443320 0x7f994b443325
+B+: 0x7f994b443330 0x7f994b443335
+B+: 0x7f994b443350 0x7f994b443355
+B+: 0x7f994b443370 0x7f994b443375
+B+: 0x7f994b443390 0x7f994b443395
+B+: 0x7f994b4433b0 0x7f994b4433b5
+B+: 0x7f994b4433c0 0x7f994b4433c5
+B+: 0x7f994b4433e0 0x7f994b4433e5
+B+: 0x7f994b443410 0x7f994b443415
+B+: 0x7f994b443460 0x7f994b443465
+B+: 0x7f994b443510 0x7f994b443515
+B+: 0x7f994b443560 0x7f994b443565
+B+: 0x7f994b443570 0x7f994b443575
+B+: 0x7f994b443590 0x7f994b4435b8
+B+: 0x7f994b4435b9 0x7f994b4435c4
+B+: 0x7f994b4435c5 0x7f994b4435cf
+B+: 0x7f994b4435d0 0x7f994b4435e7
+B+: 0x7f994b4435e8 0x7f994b4435ef
+B+: 0x7f994b4435f0 0x7f994b443600
+B+: 0x7f994b443601 0x7f994b44360b
+B+: 0x7f994b44360c 0x7f994b443615
+B+: 0x7f994b443616 0x7f994b443623
+B+: 0x7f994b443624 0x7f994b44362b
+B+: 0x7f994b44362c 0x7f994b44363c
+B+: 0x7f994b443657 0x7f994b443660
+B+: 0x7f994b443661 0x7f994b443678
+B+: 0x7f994b443679 0x7f994b44367f
+B+: 0x7f994b443680 0x7f994b44368c
+B+: 0x7f994b44368d 0x7f994b443696
+B+: 0x7f994b443697 0x7f994b44369b
+B+: 0x7f994b443760 0x7f994b443789
+B+: 0x7f994b4437c0 0x7f994b4437e3
+B+: 0x7f994b4437f8 0x7f994b4437f8
+B+: 0x7f994b443840 0x7f994b443844
+B+: 0x7f994b443850 0x7f994b443863
+B+: 0x7f994b443864 0x7f994b44386f
+B+: 0x7f994b443870 0x7f994b44387d
+B+: 0x7f994b44387e 0x7f994b4438aa
+B+: 0x7f994b4438ab 0x7f994b4438ac
+B+: 0x7f994b4438cb 0x7f994b4438d2
+B+: 0x7f994b443a50 0x7f994b443a57
+B+: 0x7f994b443a58 0x7f994b443a5e
+B+: 0x7f994b443a5f 0x7f994b443a63
+B+: 0x7f994b443a71 0x7f994b443a72
+B+: 0x7f994b4446d0 0x7f994b4446eb
+B+: 0x7f994b4446ec 0x7f994b444705
+B+: 0x7f994b444717 0x7f994b44471b
+B+: 0x7f994b44471c 0x7f994b444720
+B+: 0x7f994b44472c 0x7f994b444730
+B+: 0x7f994b44473e 0x7f994b44474d
+B+: 0x7f994b44474e 0x7f994b444757
+B+: 0x7f994b444758 0x7f994b444775
+B+: 0x7f994b444780 0x7f994b444788
+B+: 0x7f994b444789 0x7f994b444790
+B+: 0x7f994b444791 0x7f994b44479c
+B+: 0x7f994b445060 0x7f994b44507e
+B+: 0x7f994b44510d 0x7f994b44511c
+B+: 0x7f994b44511d 0x7f994b445123
+B+: 0x7f994b445140 0x7f994b44514a
+B+: 0x7f994b44514b 0x7f994b445152
+B+: 0x7f994b445153 0x7f994b44515d
+B+: 0x7f994b44515e 0x7f994b44516f
+B+: 0x7f994b445188 0x7f994b44518c
+B+: 0x7f994b44518d 0x7f994b445191
+B+: 0x7f994b445192 0x7f994b44519c
+B+: 0x7f994b4451a7 0x7f994b4451ad
+B+: 0x7f994b4451ae 0x7f994b4451b5
+B+: 0x7f994b4451c0 0x7f994b4451cf
+B+: 0x7f994b445bc0 0x7f994b445bfa
+B+: 0x7f994b445bfb 0x7f994b445c07
+B+: 0x7f994b445c08 0x7f994b445c0f
+B+: 0x7f994b445c10 0x7f994b445c11
+B+: 0x7f994b445c18 0x7f994b445c21
+B+: 0x7f994b445c22 0x7f994b445c2e
+B+: 0x7f994b445c32 0x7f994b445c39
+B+: 0x7f994b445c3a 0x7f994b445c49
+B+: 0x7f994b445c4a 0x7f994b445c51
+B+: 0x7f994b445c52 0x7f994b445c58
+B+: 0x7f994b445c59 0x7f994b445c60
+B+: 0x7f994b445c61 0x7f994b445c68
+B+: 0x7f994b445c69 0x7f994b445c6d
+B+: 0x7f994b445c6e 0x7f994b445c77
+B+: 0x7f994b445c78 0x7f994b445c89
+B+: 0x7f994b445c8a 0x7f994b445c98
+B+: 0x7f994b445e90 0x7f994b445ed3
+B+: 0x7f994b445edf 0x7f994b445ef5
+B+: 0x7f994b445ef6 0x7f994b445efa
+B+: 0x7f994b445efb 0x7f994b445f5a
+B+: 0x7f994b445f5b 0x7f994b445f67
+B+: 0x7f994b445f68 0x7f994b445f77
+B+: 0x7f994b445f78 0x7f994b445f7f
+B+: 0x7f994b445f80 0x7f994b445f8b
+B+: 0x7f994b445f8c 0x7f994b445f94
+B+: 0x7f994b445f95 0x7f994b445f9b
+B+: 0x7f994b445fa0 0x7f994b445faf
+B+: 0x7f994b445fb0 0x7f994b445fc5
+B+: 0x7f994b445fc6 0x7f994b445fcf
+B+: 0x7f994b445fd0 0x7f994b445fe3
+B+: 0x7f994b445fe4 0x7f994b445ffc
+B+: 0x7f994b446019 0x7f994b44602b
+B+: 0x7f994b44602c 0x7f994b446034
+B+: 0x7f994b446035 0x7f994b446047
+B+: 0x7f994b446048 0x7f994b44605b
+B+: 0x7f994b4460a8 0x7f994b4460b4
+B+: 0x7f994b4460b5 0x7f994b4460b9
+B+: 0x7f994b4460db 0x7f994b4460e1
+B+: 0x7f994b4460f0 0x7f994b446103
+B+: 0x7f994b446104 0x7f994b446113
+B+: 0x7f994b446114 0x7f994b44611b
+B+: 0x7f994b44611c 0x7f994b446122
+B+: 0x7f994b446123 0x7f994b446152
+B+: 0x7f994b446153 0x7f994b44615f
+B+: 0x7f994b446160 0x7f994b446168
+B+: 0x7f994b446216 0x7f994b44621c
+B+: 0x7f994b446224 0x7f994b44622d
+B+: 0x7f994b44622e 0x7f994b446237
+B+: 0x7f994b446238 0x7f994b446241
+B+: 0x7f994b446242 0x7f994b44624b
+B+: 0x7f994b44625d 0x7f994b446266
+B+: 0x7f994b446267 0x7f994b446281
+B+: 0x7f994b446282 0x7f994b446293
+B+: 0x7f994b44634c 0x7f994b446353
+B+: 0x7f994b446354 0x7f994b44636f
+B+: 0x7f994b44651b 0x7f994b446525
+B+: 0x7f994b446526 0x7f994b44652e
+B+: 0x7f994b44652f 0x7f994b446537
+B+: 0x7f994b4468d0 0x7f994b4468ec
+B+: 0x7f994b4468ed 0x7f994b4468f1
+B+: 0x7f994b4468f8 0x7f994b4468fa
+B+: 0x7f994b4468fb 0x7f994b446907
+B+: 0x7f994b446908 0x7f994b44693e
+B+: 0x7f994b44693f 0x7f994b446940
+B+: 0x7f994b446963 0x7f994b446977
+B+: 0x7f994b446980 0x7f994b446986
+B+: 0x7f994b446987 0x7f994b44698e
+B+: 0x7f994b44698f 0x7f994b446997
+B+: 0x7f994b446998 0x7f994b4469ba
+B+: 0x7f994b4469bb 0x7f994b4469bc
+B+: 0x7f994b4469c0 0x7f994b4469e7
+B+: 0x7f994b4469e8 0x7f994b4469f7
+B+: 0x7f994b446a19 0x7f994b446a21
+B+: 0x7f994b446a22 0x7f994b446a2a
+B+: 0x7f994b446a2b 0x7f994b446a34
+B+: 0x7f994b446a35 0x7f994b446a3f
+B+: 0x7f994b446ad0 0x7f994b446ae9
+B+: 0x7f994b446aea 0x7f994b446b00
+B+: 0x7f994b446b10 0x7f994b446b1f
+B+: 0x7f994b446b20 0x7f994b446b2b
+B+: 0x7f994b446b2c 0x7f994b446b31
+B+: 0x7f994b446b32 0x7f994b446b41
+B+: 0x7f994b446b56 0x7f994b446b61
+B+: 0x7f994b446b62 0x7f994b446b6f
+B+: 0x7f994b446b70 0x7f994b446b85
+B+: 0x7f994b446b86 0x7f994b446b97
+B+: 0x7f994b446b98 0x7f994b446bc0
+B+: 0x7f994b446bc8 0x7f994b446bcc
+B+: 0x7f994b446bcd 0x7f994b446bea
+B+: 0x7f994b446d70 0x7f994b446d98
+B+: 0x7f994b446da0 0x7f994b446da1
+B+: 0x7f994b446da2 0x7f994b446daa
+B+: 0x7f994b446dab 0x7f994b446dc5
+B+: 0x7f994b446dc6 0x7f994b446dc9
+B+: 0x7f994b446dca 0x7f994b446dd1
+B+: 0x7f994b446dd2 0x7f994b446de6
+B+: 0x7f994b446df0 0x7f994b446e2a
+B+: 0x7f994b446e2b 0x7f994b446e2f
+B+: 0x7f994b446e46 0x7f994b446e5c
+B+: 0x7f994b446e5d 0x7f994b446e6e
+B+: 0x7f994b446e90 0x7f994b446ead
+B+: 0x7f994b446ec8 0x7f994b446ed1
+B+: 0x7f994b446ed2 0x7f994b446edd
+B+: 0x7f994b446f6c 0x7f994b446f8f
+B+: 0x7f994b446f90 0x7f994b446f9c
+B+: 0x7f994b446f9d 0x7f994b446fa8
+B+: 0x7f994b446fa9 0x7f994b446fb0
+B+: 0x7f994b446fb1 0x7f994b446fc5
+B+: 0x7f994b447008 0x7f994b447012
+B+: 0x7f994b447013 0x7f994b44701e
+B+: 0x7f994b44701f 0x7f994b44702e
+B+: 0x7f994b447060 0x7f994b447066
+B+: 0x7f994b447067 0x7f994b447074
+B+: 0x7f994b447075 0x7f994b447086
+B+: 0x7f994b447087 0x7f994b44708e
+B+: 0x7f994b44708f 0x7f994b4470a2
+B+: 0x7f994b4470a3 0x7f994b4470b0
+B+: 0x7f994b447100 0x7f994b447116
+B+: 0x7f994b447145 0x7f994b44714d
+B+: 0x7f994b44714e 0x7f994b447157
+B+: 0x7f994b447160 0x7f994b447166
+B+: 0x7f994b4471c0 0x7f994b4471d1
+B+: 0x7f994b4471e8 0x7f994b4471ef
+B+: 0x7f994b447248 0x7f994b44725b
+B+: 0x7f994b44725c 0x7f994b447271
+B+: 0x7f994b4477d0 0x7f994b4477ff
+B+: 0x7f994b44780f 0x7f994b447812
+B+: 0x7f994b447813 0x7f994b44781c
+B+: 0x7f994b44781d 0x7f994b447820
+B+: 0x7f994b447821 0x7f994b44782f
+B+: 0x7f994b447830 0x7f994b44783a
+B+: 0x7f994b44784f 0x7f994b44785a
+B+: 0x7f994b44785f 0x7f994b447862
+B+: 0x7f994b447870 0x7f994b447877
+B+: 0x7f994b447878 0x7f994b44788d
+B+: 0x7f994b448440 0x7f994b448464
+B+: 0x7f994b44861e 0x7f994b448627
+B+: 0x7f994b448628 0x7f994b448631
+B+: 0x7f994b448632 0x7f994b448659
+B+: 0x7f994b4486af 0x7f994b4486bc
+B+: 0x7f994b4486c0 0x7f994b4486cb
+B+: 0x7f994b448730 0x7f994b44873b
+B+: 0x7f994b448740 0x7f994b44875e
+B+: 0x7f994b44875f 0x7f994b448767
+B+: 0x7f994b4487d2 0x7f994b4487e3
+B+: 0x7f994b4488a0 0x7f994b4488a7
+B+: 0x7f994b449260 0x7f994b4492a5
+B+: 0x7f994b4492b5 0x7f994b4492be
+B+: 0x7f994b4492bf 0x7f994b4492d2
+B+: 0x7f994b4492d3 0x7f994b4492fc
+B+: 0x7f994b4492fd 0x7f994b449310
+B+: 0x7f994b449324 0x7f994b449328
+B+: 0x7f994b449336 0x7f994b44933f
+B+: 0x7f994b449340 0x7f994b449344
+B+: 0x7f994b449370 0x7f994b449386
+B+: 0x7f994b449387 0x7f994b449398
+B+: 0x7f994b4493a0 0x7f994b4493b6
+B+: 0x7f994b4493b7 0x7f994b4493d7
+B+: 0x7f994b4493dd 0x7f994b4493ec
+B+: 0x7f994b449850 0x7f994b449886
+B+: 0x7f994b449887 0x7f994b44989a
+B+: 0x7f994b44989b 0x7f994b4498ad
+B+: 0x7f994b4498ae 0x7f994b4498c4
+B+: 0x7f994b4498c5 0x7f994b4498d7
+B+: 0x7f994b4498d8 0x7f994b4498e7
+B+: 0x7f994b4498e8 0x7f994b44990c
+B+: 0x7f994b44990d 0x7f994b449915
+B+: 0x7f994b449924 0x7f994b449933
+B+: 0x7f994b449934 0x7f994b449947
+B+: 0x7f994b449948 0x7f994b449954
+B+: 0x7f994b449955 0x7f994b44995f
+B+: 0x7f994b449960 0x7f994b449964
+B+: 0x7f994b449a6a 0x7f994b449a7c
+B+: 0x7f994b449a7d 0x7f994b449a9c
+B+: 0x7f994b449ba0 0x7f994b449bad
+B+: 0x7f994b449bae 0x7f994b449be1
+B+: 0x7f994b449bf0 0x7f994b449bfb
+B+: 0x7f994b449db0 0x7f994b449dbd
+B+: 0x7f994b449dbe 0x7f994b449dca
+B+: 0x7f994b449dcb 0x7f994b449de3
+B+: 0x7f994b449de8 0x7f994b449df4
+B+: 0x7f994b449df8 0x7f994b449e04
+B+: 0x7f994b449e05 0x7f994b449e12
+B+: 0x7f994b449e13 0x7f994b449e1d
+B+: 0x7f994b449eb4 0x7f994b449ec1
+B+: 0x7f994b44a160 0x7f994b44a174
+B+: 0x7f994b44a175 0x7f994b44a187
+B+: 0x7f994b44a188 0x7f994b44a1a2
+B+: 0x7f994b44a1a3 0x7f994b44a1ac
+B+: 0x7f994b44a1ad 0x7f994b44a1b3
+B+: 0x7f994b44a1d0 0x7f994b44a1e5
+B+: 0x7f994b44a1eb 0x7f994b44a1f3
+B+: 0x7f994b44a205 0x7f994b44a20b
+B+: 0x7f994b44a20c 0x7f994b44a21d
+B+: 0x7f994b44a21e 0x7f994b44a226
+B+: 0x7f994b44a227 0x7f994b44a230
+B+: 0x7f994b44a231 0x7f994b44a232
+B+: 0x7f994b44a240 0x7f994b44a248
+B+: 0x7f994b44a260 0x7f994b44a260
+B+: 0x7f994b44a520 0x7f994b44a534
+B+: 0x7f994b44a572 0x7f994b44a578
+B+: 0x7f994b44a580 0x7f994b44a583
+B+: 0x7f994b44a610 0x7f994b44a656
+B+: 0x7f994b44a65b 0x7f994b44a686
+B+: 0x7f994b44a687 0x7f994b44a69d
+B+: 0x7f994b44a6fc 0x7f994b44a708
+B+: 0x7f994b44a709 0x7f994b44a711
+B+: 0x7f994b44a712 0x7f994b44a72a
+B+: 0x7f994b44a72b 0x7f994b44a73c
+B+: 0x7f994b44a740 0x7f994b44a747
+B+: 0x7f994b44a748 0x7f994b44a75f
+B+: 0x7f994b44a760 0x7f994b44a766
+B+: 0x7f994b44a767 0x7f994b44a780
+B+: 0x7f994b44a790 0x7f994b44a793
+B+: 0x7f994b44a794 0x7f994b44a798
+B+: 0x7f994b44a7a2 0x7f994b44a7aa
+B+: 0x7f994b44a7ab 0x7f994b44a7ae
+B+: 0x7f994b44a7af 0x7f994b44a7bd
+B+: 0x7f994b44a7cb 0x7f994b44a7d3
+B+: 0x7f994b44a825 0x7f994b44a841
+B+: 0x7f994b44a842 0x7f994b44a84d
+B+: 0x7f994b44a87e 0x7f994b44a88e
+B+: 0x7f994b44a88f 0x7f994b44a8a0
+B+: 0x7f994b44a8a1 0x7f994b44a8ad
+B+: 0x7f994b44ac10 0x7f994b44ac30
+B+: 0x7f994b44ac31 0x7f994b44ac58
+B+: 0x7f994b44ac5e 0x7f994b44ac66
+B+: 0x7f994b44ac67 0x7f994b44ac6f
+B+: 0x7f994b44ac78 0x7f994b44ac87
+B+: 0x7f994b44ac88 0x7f994b44ac89
+B+: 0x7f994b44aca0 0x7f994b44acaf
+B+: 0x7f994b44acba 0x7f994b44acc4
+B+: 0x7f994b44ace0 0x7f994b44ace8
+B+: 0x7f994b44b360 0x7f994b44b36b
+B+: 0x7f994b44b480 0x7f994b44b480
+B+: 0x7f994b44b9c0 0x7f994b44b9db
+B+: 0x7f994b44ba16 0x7f994b44ba32
+B+: 0x7f994b44ba33 0x7f994b44ba52
+B+: 0x7f994b44ba63 0x7f994b44ba6a
+B+: 0x7f994b44ba90 0x7f994b44baa6
+B+: 0x7f994b44baa7 0x7f994b44baae
+B+: 0x7f994b44baaf 0x7f994b44bab6
+B+: 0x7f994b44baf6 0x7f994b44bb01
+B+: 0x7f994b44bb0c 0x7f994b44bb34
+B+: 0x7f994b44bb40 0x7f994b44bb57
+B+: 0x7f994b44bb58 0x7f994b44bb5f
+B+: 0x7f994b44bb60 0x7f994b44bb67
+B+: 0x7f994b44bb68 0x7f994b44bb70
+B+: 0x7f994b44bb71 0x7f994b44bb7a
+B+: 0x7f994b44bb7b 0x7f994b44bb80
+B+: 0x7f994b44bb97 0x7f994b44bb9c
+B+: 0x7f994b44bc0a 0x7f994b44bc3d
+B+: 0x7f994b44bc47 0x7f994b44bc53
+B+: 0x7f994b44bed0 0x7f994b44bede
+B+: 0x7f994b44bedf 0x7f994b44bee7
+B+: 0x7f994b44bee8 0x7f994b44befc
+B+: 0x7f994b44befd 0x7f994b44bf02
+B+: 0x7f994b44bf03 0x7f994b44bf1b
+B+: 0x7f994b44bf1c 0x7f994b44bf21
+B+: 0x7f994b44bf22 0x7f994b44bf2b
+B+: 0x7f994b44bfc0 0x7f994b44bfc7
+B+: 0x7f994b44bfc8 0x7f994b44bfd0
+B+: 0x7f994b44c760 0x7f994b44c768
+B+: 0x7f994b44c769 0x7f994b44c76d
+B+: 0x7f994b44c76e 0x7f994b44c772
+B+: 0x7f994b44c780 0x7f994b44c788
+B+: 0x7f994b44c789 0x7f994b44c78d
+B+: 0x7f994b44c78e 0x7f994b44c792
+B+: 0x7f994b44c7c0 0x7f994b44c7d9
+B+: 0x7f994b44c7da 0x7f994b44c7e6
+B+: 0x7f994b44c7f7 0x7f994b44c802
+B+: 0x7f994b44c803 0x7f994b44c80b
+B+: 0x7f994b44c80c 0x7f994b44c841
+B+: 0x7f994b44c842 0x7f994b44c84b
+B+: 0x7f994b44c84c 0x7f994b44c852
+B+: 0x7f994b44c853 0x7f994b44c875
+B+: 0x7f994b44c880 0x7f994b44c88e
+B+: 0x7f994b44c8b0 0x7f994b44c8c8
+B+: 0x7f994b44c900 0x7f994b44c941
+B+: 0x7f994b44c950 0x7f994b44c966
+B+: 0x7f994b44c967 0x7f994b44c97e
+B+: 0x7f994b44c97f 0x7f994b44c98a
+B+: 0x7f994b44c98b 0x7f994b44c9b3
+B+: 0x7f994b44c9b4 0x7f994b44c9bd
+B+: 0x7f994b44c9be 0x7f994b44c9bf
+B+: 0x7f994b44c9d0 0x7f994b44c9e8
+B+: 0x7f994b44c9e9 0x7f994b44ca14
+B+: 0x7f994b44ca1e 0x7f994b44ca25
+B+: 0x7f994b44ca26 0x7f994b44ca33
+B+: 0x7f994b44ca34 0x7f994b44ca46
+B+: 0x7f994b44cae0 0x7f994b44cafe
+B+: 0x7f994b44caff 0x7f994b44cb0c
+B+: 0x7f994b44cb0d 0x7f994b44cb1b
+B+: 0x7f994b44cb1c 0x7f994b44cb2c
+B+: 0x7f994b44cb40 0x7f994b44cb62
+B+: 0x7f994b44cb98 0x7f994b44cba9
+B+: 0x7f994b44d6d0 0x7f994b44d6f4
+B+: 0x7f994b44d6f5 0x7f994b44d70d
+B+: 0x7f994b44d70e 0x7f994b44d712
+B+: 0x7f994b44d713 0x7f994b44d71e
+B+: 0x7f994b44d71f 0x7f994b44d723
+B+: 0x7f994b44d724 0x7f994b44d728
+B+: 0x7f994b44d729 0x7f994b44d730
+B+: 0x7f994b44d73c 0x7f994b44d749
+B+: 0x7f994b44d74a 0x7f994b44d74d
+B+: 0x7f994b44d74e 0x7f994b44d760
+B+: 0x7f994b44d761 0x7f994b44d76b
+B+: 0x7f994b44d790 0x7f994b44d79d
+B+: 0x7f994b44d79e 0x7f994b44d7a5
+B+: 0x7f994b44d7a6 0x7f994b44d7a7
+B+: 0x7f994b44d890 0x7f994b44d89d
+B+: 0x7f994b44d89e 0x7f994b44d8a9
+B+: 0x7f994b44d8aa 0x7f994b44d8bd
+B+: 0x7f994b44d8c0 0x7f994b44d8ca
+B+: 0x7f994b44d8d0 0x7f994b44d8ef
+B+: 0x7f994b44d8f0 0x7f994b44d8f4
+B+: 0x7f994b44d8f5 0x7f994b44d90c
+B+: 0x7f994b44d90d 0x7f994b44d910
+B+: 0x7f994b44d911 0x7f994b44d912
+B+: 0x7f994b44d913 0x7f994b44d91b
+B+: 0x7f994b44d91c 0x7f994b44d930
+B+: 0x7f994b44d938 0x7f994b44d93c
+B+: 0x7f994b44d980 0x7f994b44d98f
+B+: 0x7f994b44d990 0x7f994b44d99b
+B+: 0x7f994b44d99c 0x7f994b44d9ab
+B+: 0x7f994b44da80 0x7f994b44da93
+B+: 0x7f994b44da94 0x7f994b44daac
+B+: 0x7f994b44daad 0x7f994b44dabf
+B+: 0x7f994b44dac0 0x7f994b44dada
+B+: 0x7f994b44dadb 0x7f994b44dae3
+B+: 0x7f994b44daec 0x7f994b44daf8
+B+: 0x7f994b44daf9 0x7f994b44db02
+B+: 0x7f994b44db03 0x7f994b44db06
+B+: 0x7f994b44db07 0x7f994b44db1a
+B+: 0x7f994b44dc49 0x7f994b44dc55
+B+: 0x7f994b44dc56 0x7f994b44dc67
+B+: 0x7f994b44dc82 0x7f994b44dc93
+B+: 0x7f994b44dd77 0x7f994b44dd82
+B+: 0x7f994b44dda0 0x7f994b44ddb2
+B+: 0x7f994b44ddb3 0x7f994b44dddf
+B+: 0x7f994b44dde0 0x7f994b44ddeb
+B+: 0x7f994b44ddec 0x7f994b44ddfc
+B+: 0x7f994b44ddfd 0x7f994b44de18
+B+: 0x7f994b44de19 0x7f994b44de25
+B+: 0x7f994b44de26 0x7f994b44de2e
+B+: 0x7f994b44de2f 0x7f994b44de3f
+B+: 0x7f994b44de40 0x7f994b44de44
+B+: 0x7f994b44de45 0x7f994b44de50
+B+: 0x7f994b44de51 0x7f994b44de5d
+B+: 0x7f994b44de5e 0x7f994b44de77
+B+: 0x7f994b44dece 0x7f994b44ded2
+B+: 0x7f994b44ded3 0x7f994b44dede
+B+: 0x7f994b44dee0 0x7f994b44deec
+B+: 0x7f994b44df60 0x7f994b44df7c
+B+: 0x7f994b44e120 0x7f994b44e128
+B+: 0x7f994b44e129 0x7f994b44e147
+B+: 0x7f994b44e750 0x7f994b44e75e
+B+: 0x7f994b44e75f 0x7f994b44e763
+B+: 0x7f994b44e764 0x7f994b44e770
+B+: 0x7f994b44e771 0x7f994b44e777
+B+: 0x7f994b44e778 0x7f994b44e783
+B+: 0x7f994b44e784 0x7f994b44e788
+B+: 0x7f994b44e789 0x7f994b44e78d
+B+: 0x7f994b44e78e 0x7f994b44e796
+B+: 0x7f994b44e797 0x7f994b44e79e
+B+: 0x7f994b44e890 0x7f994b44e892
+B+: 0x7f994b44e8a7 0x7f994b44e8ab
+B+: 0x7f994b44e8ac 0x7f994b44e8b2
+B+: 0x7f994b44e8b3 0x7f994b44e8b6
+B+: 0x7f994b44e8d0 0x7f994b44e8e1
+B+: 0x7f994b44e8e2 0x7f994b44e8e6
+B+: 0x7f994b44e8e7 0x7f994b44e8eb
+B+: 0x7f994b44e8ec 0x7f994b44e8f1
+B+: 0x7f994b44e8f2 0x7f994b44e8fa
+B+: 0x7f994b44e8fb 0x7f994b44e8fc
+B+: 0x7f994b44e940 0x7f994b44e948
+B+: 0x7f994b44e949 0x7f994b44e951
+B+: 0x7f994b44e980 0x7f994b44e988
+B+: 0x7f994b44e989 0x7f994b44e98a
+B+: 0x7f994b44e98b 0x7f994b44e991
+B+: 0x7f994b44e992 0x7f994b44e9a2
+B+: 0x7f994b44e9a8 0x7f994b44e9ac
+B+: 0x7f994b44e9eb 0x7f994b44ea00
+B+: 0x7f994b44ea08 0x7f994b44ea10
+B+: 0x7f994b44eaf0 0x7f994b44eb11
+B+: 0x7f994b44eb12 0x7f994b44eb16
+B+: 0x7f994b44eb17 0x7f994b44eb1d
+B+: 0x7f994b44eb1e 0x7f994b44eb26
+B+: 0x7f994b44eb27 0x7f994b44eb34
+B+: 0x7f994b44eb35 0x7f994b44eb3c
+B+: 0x7f994b44eb3d 0x7f994b44eb49
+B+: 0x7f994b44eb4a 0x7f994b44eb5a
+B+: 0x7f994b44eb5b 0x7f994b44eb63
+B+: 0x7f994b44eb7f 0x7f994b44eb93
+B+: 0x7f994b44eb94 0x7f994b44eb9c
+B+: 0x7f994b44ebe0 0x7f994b44ebf7
+B+: 0x7f994b44ebf8 0x7f994b44ec00
+B+: 0x7f994b44ec1b 0x7f994b44ec2b
+B+: 0x7f994b44ed40 0x7f994b44ed5e
+B+: 0x7f994b44ed5f 0x7f994b44ed6d
+B+: 0x7f994b44ed6e 0x7f994b44ed72
+B+: 0x7f994b44ed7d 0x7f994b44ed90
+B+: 0x7f994b44ed91 0x7f994b44ed95
+B+: 0x7f994b44ed96 0x7f994b44ed9a
+B+: 0x7f994b44eda0 0x7f994b44eda4
+B+: 0x7f994b44edd5 0x7f994b44edd9
+B+: 0x7f994b44edda 0x7f994b44edde
+B+: 0x7f994b44edf0 0x7f994b44edfb
+B+: 0x7f994b44edfc 0x7f994b44ee07
+B+: 0x7f994b44ee08 0x7f994b44ee10
+B+: 0x7f994b44ee2c 0x7f994b44ee30
+B+: 0x7f994b44ee31 0x7f994b44ee36
+B+: 0x7f994b44ee41 0x7f994b44ee45
+B+: 0x7f994b44ee46 0x7f994b44ee54
+B+: 0x7f994b44ee55 0x7f994b44ee5d
+B+: 0x7f994b44ee5e 0x7f994b44ee62
+B+: 0x7f994b44ee63 0x7f994b44ee74
+B+: 0x7f994b44ee78 0x7f994b44ee84
+B+: 0x7f994b44eea0 0x7f994b44eea4
+B+: 0x7f994b44eef0 0x7f994b44ef03
+B+: 0x7f994b44ef40 0x7f994b44ef76
+B+: 0x7f994b44ef77 0x7f994b44ef82
+B+: 0x7f994b44ef83 0x7f994b44ef92
+B+: 0x7f994b44f01b 0x7f994b44f031
+B+: 0x7f994b44f032 0x7f994b44f040
+B+: 0x7f994b44f075 0x7f994b44f0b8
+B+: 0x7f994b44f0b9 0x7f994b44f0c3
+B+: 0x7f994b44f0c4 0x7f994b44f0cc
+B+: 0x7f994b44f0cd 0x7f994b44f0d5
+B+: 0x7f994b44f0d6 0x7f994b44f0de
+B+: 0x7f994b44f0df 0x7f994b44f106
+B+: 0x7f994b44f107 0x7f994b44f133
+B+: 0x7f994b44f578 0x7f994b44f581
+B+: 0x7f994b44f582 0x7f994b44f5a8
+B+: 0x7f994b44f5a9 0x7f994b44f5b6
+B+: 0x7f994b44f5d0 0x7f994b44f5e0
+B+: 0x7f994b44f5e1 0x7f994b44f5ee
+B+: 0x7f994b44f5ef 0x7f994b44f5f3
+B+: 0x7f994b44f670 0x7f994b44f67e
+B+: 0x7f994b44f67f 0x7f994b44f683
+B+: 0x7f994b44f684 0x7f994b44f692
+B+: 0x7f994b44f693 0x7f994b44f69a
+B+: 0x7f994b44f69b 0x7f994b44f6a2
+B+: 0x7f994b44f6a3 0x7f994b44f6b7
+B+: 0x7f994b44f790 0x7f994b44f7bc
+B+: 0x7f994b44f7bd 0x7f994b44f7d4
+B+: 0x7f994b44f7e0 0x7f994b44f83a
+B+: 0x7f994b44f83b 0x7f994b44f875
+B+: 0x7f994b44f876 0x7f994b44f893
+B+: 0x7f994b44f894 0x7f994b44f8a3
+B+: 0x7f994b44f8a4 0x7f994b44f8b0
+B+: 0x7f994b44f9b4 0x7f994b44f9b8
+B+: 0x7f994b44f9b9 0x7f994b44f9cf
+B+: 0x7f994b44f9d0 0x7f994b44f9dc
+B+: 0x7f994b44f9dd 0x7f994b44f9ef
+B+: 0x7f994b44f9f0 0x7f994b44f9f7
+B+: 0x7f994b44fa01 0x7f994b44fa16
+B+: 0x7f994b44fa28 0x7f994b44fa3d
+B+: 0x7f994b44fa3e 0x7f994b44fa4d
+B+: 0x7f994b44fa79 0x7f994b44fa97
+B+: 0x7f994b44fa98 0x7f994b44fac0
+B+: 0x7f994b44fac1 0x7f994b44facf
+B+: 0x7f994b450148 0x7f994b450154
+B+: 0x7f994b450155 0x7f994b450174
+B+: 0x7f994b450175 0x7f994b45017f
+B+: 0x7f994b4501ac 0x7f994b4501b0
+B+: 0x7f994b4501b1 0x7f994b4501b5
+B+: 0x7f994b450a40 0x7f994b450a64
+B+: 0x7f994b450b10 0x7f994b450b1a
+B+: 0x7f994b450b40 0x7f994b450b47
+B+: 0x7f994b450b48 0x7f994b450b51
+B+: 0x7f994b450b58 0x7f994b450b60
+B+: 0x7f994b450b61 0x7f994b450b6a
+B+: 0x7f994b450b88 0x7f994b450b8c
+B+: 0x7f994b450b8d 0x7f994b450b94
+B+: 0x7f994b450ba0 0x7f994b450ba4
+B+: 0x7f994b450d00 0x7f994b450d30
+B+: 0x7f994b450e3f 0x7f994b450e55
+B+: 0x7f994b450e56 0x7f994b450e67
+B+: 0x7f994b4511e0 0x7f994b451222
+B+: 0x7f994b451223 0x7f994b451228
+B+: 0x7f994b45124c 0x7f994b451260
+B+: 0x7f994b451261 0x7f994b451269
+B+: 0x7f994b451270 0x7f994b451279
+B+: 0x7f994b451288 0x7f994b4512a0
+B+: 0x7f994b4512a1 0x7f994b4512ba
+B+: 0x7f994b4512bb 0x7f994b4512bc
+B+: 0x7f994b4512d0 0x7f994b4512d8
+B+: 0x7f994b4512f8 0x7f994b4512f8
+B+: 0x7f994b451300 0x7f994b45130c
+B+: 0x7f994b45133f 0x7f994b451343
+B+: 0x7f994b451380 0x7f994b451384
+B+: 0x7f994b4513d0 0x7f994b4513e3
+B+: 0x7f994b451400 0x7f994b451400
+B+: 0x7f994b451420 0x7f994b45145b
+B+: 0x7f994b451467 0x7f994b451471
+B+: 0x7f994b451472 0x7f994b451489
+B+: 0x7f994b45148a 0x7f994b45148d
+B+: 0x7f994b45148e 0x7f994b451494
+B+: 0x7f994b451495 0x7f994b45149d
+B+: 0x7f994b45149e 0x7f994b4514a9
+B+: 0x7f994b4514aa 0x7f994b4514c2
+B+: 0x7f994b4514c3 0x7f994b4514ce
+B+: 0x7f994b4514cf 0x7f994b4514e5
+B+: 0x7f994b4514e6 0x7f994b4514f5
+B+: 0x7f994b451500 0x7f994b45150e
+B+: 0x7f994b45150f 0x7f994b451513
+B+: 0x7f994b451514 0x7f994b45151e
+B+: 0x7f994b451540 0x7f994b451549
+B+: 0x7f994b45154a 0x7f994b45154e
+B+: 0x7f994b45154f 0x7f994b451560
+B+: 0x7f994b451568 0x7f994b451577
+B+: 0x7f994b451580 0x7f994b451589
+B+: 0x7f994b4515a8 0x7f994b4515bb
+B+: 0x7f994b4515c0 0x7f994b4515ce
+B+: 0x7f994b4515cf 0x7f994b4515dc
+B+: 0x7f994b4516f0 0x7f994b4516fd
+B+: 0x7f994b4517a0 0x7f994b4517a0
+B+: 0x7f994b4517b0 0x7f994b4517ba
+B+: 0x7f994b4517bb 0x7f994b4517ce
+B+: 0x7f994b4517cf 0x7f994b4517d8
+B+: 0x7f994b4517d9 0x7f994b4517e6
+B+: 0x7f994b451800 0x7f994b45182d
+B+: 0x7f994b45182e 0x7f994b451831
+B+: 0x7f994b451832 0x7f994b451847
+B+: 0x7f994b451864 0x7f994b45186b
+B+: 0x7f994b45186c 0x7f994b45186f
+B+: 0x7f994b451870 0x7f994b451876
+B+: 0x7f994b451877 0x7f994b45187b
+B+: 0x7f994b45187c 0x7f994b451886
+B+: 0x7f994b451ae0 0x7f994b451b01
+B+: 0x7f994b451b02 0x7f994b451b0a
+B+: 0x7f994b451b0b 0x7f994b451b14
+B+: 0x7f994b451b15 0x7f994b451b19
+B+: 0x7f994b451c00 0x7f994b451c19
+B+: 0x7f994b451c51 0x7f994b451c8e
+B+: 0x7f994b451c8f 0x7f994b451c9e
+B+: 0x7f994b451c9f 0x7f994b451ca6
+B+: 0x7f994b451df0 0x7f994b451dfb
+B+: 0x7f994b451e20 0x7f994b451e20
+B+: 0x7f994b451e30 0x7f994b451e38
+B+: 0x7f994b453940 0x7f994b45394b
+B+: 0x7f994b45394c 0x7f994b453957
+B+: 0x7f994b453958 0x7f994b453964
+B+: 0x7f994b453965 0x7f994b453969
+B+: 0x7f994b45396a 0x7f994b45396f
+B+: 0x7f994b453970 0x7f994b453976
+B+: 0x7f994b453980 0x7f994b453987
+B+: 0x7f994b453988 0x7f994b45398c
+B+: 0x7f994b45398d 0x7f994b45399b
+B+: 0x7f994b45399c 0x7f994b4539a0
+B+: 0x7f994b4539a1 0x7f994b4539a8
+B+: 0x7f994b4539a9 0x7f994b4539ad
+B+: 0x7f994b4539ae 0x7f994b4539b8
+B+: 0x7f994b4539b9 0x7f994b4539b9
+B+: 0x7f994b4539c0 0x7f994b4539c5
+B+: 0x7f994b4539c6 0x7f994b4539c9
+B+: 0x7f994b4539d0 0x7f994b4539d0
+B+: 0x7f994b4539d1 0x7f994b4539d5
+B+: 0x7f994b4539d6 0x7f994b4539d9
+B+: 0x7f994b4539e0 0x7f994b4539ff
+B+: 0x7f994b453a00 0x7f994b453a11
+B+: 0x7f994b453a12 0x7f994b453a16
+B+: 0x7f994b453a20 0x7f994b453a22
+B+: 0x7f994b453a23 0x7f994b453a2f
+B+: 0x7f994b453a30 0x7f994b453a33
+B+: 0x7f994b453a34 0x7f994b453a5d
+B+: 0x7f994b453a5e 0x7f994b453a62
+B+: 0x7f994b453a63 0x7f994b453a82
+B+: 0x7f994b453ac0 0x7f994b453ade
+B+: 0x7f994b453adf 0x7f994b453ae3
+B+: 0x7f994b453ae4 0x7f994b453ae8
+B+: 0x7f994b453af0 0x7f994b453af2
+B+: 0x7f994b453af3 0x7f994b453aff
+B+: 0x7f994b453b00 0x7f994b453b03
+B+: 0x7f994b453b04 0x7f994b453b3e
+B+: 0x7f994b453b3f 0x7f994b453b49
+B+: 0x7f994b453b4a 0x7f994b453b57
+B+: 0x7f994b453b58 0x7f994b453b5d
+B+: 0x7f994b453b5e 0x7f994b453b66
+B+: 0x7f994b453b67 0x7f994b453b70
+B+: 0x7f994b453b71 0x7f994b453b7a
+B+: 0x7f994b453b7b 0x7f994b453b9a
+B+: 0x7f994b453b9b 0x7f994b453ba3
+B+: 0x7f994b453ba4 0x7f994b453bbd
+B+: 0x7f994b453bc0 0x7f994b453bc5
+B+: 0x7f994b453bc6 0x7f994b453bcf
+B+: 0x7f994b453bd0 0x7f994b453bd9
+B+: 0x7f994b453bda 0x7f994b453bf7
+B+: 0x7f994b453c08 0x7f994b453c14
+B+: 0x7f994b453c15 0x7f994b453c1b
+B+: 0x7f994b453c1c 0x7f994b453c29
+B+: 0x7f994b453cb0 0x7f994b453cca
+B+: 0x7f994b453ccb 0x7f994b453cda
+B+: 0x7f994b453cdb 0x7f994b453ce6
+B+: 0x7f994b453ce7 0x7f994b453cef
+B+: 0x7f994b453cf0 0x7f994b453cf4
+B+: 0x7f994b453cf5 0x7f994b453cfc
+B+: 0x7f994b453cfd 0x7f994b453d10
+B+: 0x7f994b453d11 0x7f994b453d21
+B+: 0x7f994b453d22 0x7f994b453d26
+B+: 0x7f994b453d27 0x7f994b453d38
+B+: 0x7f994b453d39 0x7f994b453d4b
+B+: 0x7f994b453d4c 0x7f994b453d54
+B+: 0x7f994b453d55 0x7f994b453d5e
+B+: 0x7f994b453d5f 0x7f994b453d6d
+B+: 0x7f994b453ea0 0x7f994b453eb6
+B+: 0x7f994b453eb7 0x7f994b453ebb
+B+: 0x7f994b453ebc 0x7f994b453ec0
+B+: 0x7f994b453ec8 0x7f994b453ecb
+B+: 0x7f994b453ecc 0x7f994b453ed9
+B+: 0x7f994b453eda 0x7f994b453edd
+B+: 0x7f994b453ede 0x7f994b453f06
+B+: 0x7f994b453f07 0x7f994b453f10
+B+: 0x7f994b453f11 0x7f994b453f16
+B+: 0x7f994b453f17 0x7f994b453f24
+B+: 0x7f994b453f25 0x7f994b453f2d
+B+: 0x7f994b454440 0x7f994b45446b
+B+: 0x7f994b45446c 0x7f994b454470
+B+: 0x7f994b454471 0x7f994b454475
+B+: 0x7f994b454536 0x7f994b45453e
+B+: 0x7f994b45453f 0x7f994b454548
+B+: 0x7f994b454549 0x7f994b454551
+B+: 0x7f994b4545d0 0x7f994b4545e4
+B+: 0x7f994b4545e5 0x7f994b454606
+B+: 0x7f994b454607 0x7f994b454610
+B+: 0x7f994b454611 0x7f994b454618
+B+: 0x7f994b454640 0x7f994b454648
+B+: 0x7f994b454649 0x7f994b454656
+B+: 0x7f994b454657 0x7f994b45465f
+B+: 0x7f994b454660 0x7f994b454661
+B+: 0x7f994b454760 0x7f994b4547aa
+B+: 0x7f994b4547ab 0x7f994b4547af
+B+: 0x7f994b4547b0 0x7f994b4547be
+B+: 0x7f994b4547c8 0x7f994b4547d3
+B+: 0x7f994b4547d4 0x7f994b4547d8
+B+: 0x7f994b4547d9 0x7f994b4547e0
+B+: 0x7f994b4547e1 0x7f994b4547e5
+B+: 0x7f994b4547e6 0x7f994b4547f3
+B+: 0x7f994b4547f4 0x7f994b4547fb
+B+: 0x7f994b454800 0x7f994b454810
+B+: 0x7f994b454811 0x7f994b454815
+B+: 0x7f994b454816 0x7f994b454832
+B+: 0x7f994b454833 0x7f994b454843
+B+: 0x7f994b454844 0x7f994b45484f
+B+: 0x7f994b454850 0x7f994b454857
+B+: 0x7f994b454858 0x7f994b45485c
+B+: 0x7f994b45485d 0x7f994b454868
+B+: 0x7f994b454869 0x7f994b45487b
+B+: 0x7f994b45487c 0x7f994b454884
+B+: 0x7f994b454888 0x7f994b454897
+B+: 0x7f994b454898 0x7f994b45489b
+B+: 0x7f994b45489c 0x7f994b4548b4
+B+: 0x7f994b4548b5 0x7f994b4548b8
+B+: 0x7f994b4548b9 0x7f994b4548c6
+B+: 0x7f994b4548c7 0x7f994b4548d5
+B+: 0x7f994b454dc0 0x7f994b454dec
+B+: 0x7f994b454ded 0x7f994b454df2
+B+: 0x7f994b454df3 0x7f994b454e04
+B+: 0x7f994b454e05 0x7f994b454e0d
+B+: 0x7f994b454e0e 0x7f994b454e1c
+CND+ 0x7f994b44300e: taken
+CND+ 0x7f994b4435ea: not taken
+CND+ 0x7f994b443626: not taken
+CND+ 0x7f994b44363b: taken
+CND+ 0x7f994b443673: not taken
+CND+ 0x7f994b443687: not taken
+CND+ 0x7f994b443695: not taken
+CND+ 0x7f994b4437e2: taken
+CND+ 0x7f994b443862: not taken
+CND+ 0x7f994b44387c: both
+CND+ 0x7f994b4438a9: not taken
+CND+ 0x7f994b443a5d: not taken
+CND+ 0x7f994b443a62: taken
+CND+ 0x7f994b4446e6: not taken
+CND+ 0x7f994b444704: taken
+CND+ 0x7f994b44471a: not taken
+CND+ 0x7f994b44471f: taken
+CND+ 0x7f994b44472f: taken
+CND+ 0x7f994b44474c: not taken
+CND+ 0x7f994b444756: not taken
+CND+ 0x7f994b44478f: not taken
+CND+ 0x7f994b44479b: taken
+CND+ 0x7f994b445079: taken
+CND+ 0x7f994b44511b: not taken
+CND+ 0x7f994b445149: not taken
+CND+ 0x7f994b445158: not taken
+CND+ 0x7f994b445190: not taken
+CND+ 0x7f994b4451ce: taken
+CND+ 0x7f994b445c20: not taken
+CND+ 0x7f994b445c2d: taken
+CND+ 0x7f994b445c48: not taken
+CND+ 0x7f994b445c5f: both
+CND+ 0x7f994b445c88: not taken
+CND+ 0x7f994b445ed2: taken
+CND+ 0x7f994b445f55: not taken
+CND+ 0x7f994b445f7e: not taken
+CND+ 0x7f994b445f8a: not taken
+CND+ 0x7f994b445f93: both
+CND+ 0x7f994b445fc4: not taken
+CND+ 0x7f994b445fe2: both
+CND+ 0x7f994b445ffb: taken
+CND+ 0x7f994b44605a: taken
+CND+ 0x7f994b4460af: not taken
+CND+ 0x7f994b4460b8: taken
+CND+ 0x7f994b4460e0: taken
+CND+ 0x7f994b446116: not taken
+CND+ 0x7f994b44615a: not taken
+CND+ 0x7f994b446163: taken
+CND+ 0x7f994b44621b: taken
+CND+ 0x7f994b44624a: taken
+CND+ 0x7f994b44627c: not taken
+CND+ 0x7f994b44636a: taken
+CND+ 0x7f994b446520: not taken
+CND+ 0x7f994b446529: not taken
+CND+ 0x7f994b446532: taken
+CND+ 0x7f994b4468eb: not taken
+CND+ 0x7f994b446906: both
+CND+ 0x7f994b44693d: not taken
+CND+ 0x7f994b446985: both
+CND+ 0x7f994b4469f6: taken
+CND+ 0x7f994b446a20: both
+CND+ 0x7f994b446a29: not taken
+CND+ 0x7f994b446a33: not taken
+CND+ 0x7f994b446ae4: not taken
+CND+ 0x7f994b446afb: taken
+CND+ 0x7f994b446b2a: both
+CND+ 0x7f994b446b30: both
+CND+ 0x7f994b446b40: taken
+CND+ 0x7f994b446b60: not taken
+CND+ 0x7f994b446b96: not taken
+CND+ 0x7f994b446be5: taken
+CND+ 0x7f994b446da0: not taken
+CND+ 0x7f994b446da9: not taken
+CND+ 0x7f994b446dc8: both
+CND+ 0x7f994b446dd0: both
+CND+ 0x7f994b446e2e: taken
+CND+ 0x7f994b446e57: not taken
+CND+ 0x7f994b446eac: taken
+CND+ 0x7f994b446ed8: taken
+CND+ 0x7f994b446fa3: not taken
+CND+ 0x7f994b446fc0: taken
+CND+ 0x7f994b447019: not taken
+CND+ 0x7f994b447065: not taken
+CND+ 0x7f994b44706f: not taken
+CND+ 0x7f994b447089: both
+CND+ 0x7f994b44709d: not taken
+CND+ 0x7f994b4470ab: taken
+CND+ 0x7f994b44714c: not taken
+CND+ 0x7f994b447156: taken
+CND+ 0x7f994b4471cc: taken
+CND+ 0x7f994b4471ee: taken
+CND+ 0x7f994b447811: both
+CND+ 0x7f994b44781b: not taken
+CND+ 0x7f994b44781f: not taken
+CND+ 0x7f994b447839: taken
+CND+ 0x7f994b447859: taken
+CND+ 0x7f994b447861: taken
+CND+ 0x7f994b44845f: taken
+CND+ 0x7f994b448626: not taken
+CND+ 0x7f994b4486ca: taken
+CND+ 0x7f994b448762: taken
+CND+ 0x7f994b4492a4: taken
+CND+ 0x7f994b4492bd: not taken
+CND+ 0x7f994b4492cd: not taken
+CND+ 0x7f994b44930f: taken
+CND+ 0x7f994b449327: taken
+CND+ 0x7f994b44933a: not taken
+CND+ 0x7f994b449343: taken
+CND+ 0x7f994b449381: not taken
+CND+ 0x7f994b4493d6: taken
+CND+ 0x7f994b4493e7: taken
+CND+ 0x7f994b449895: not taken
+CND+ 0x7f994b4498a8: not taken
+CND+ 0x7f994b4498d2: not taken
+CND+ 0x7f994b449907: not taken
+CND+ 0x7f994b449942: taken
+CND+ 0x7f994b449953: not taken
+CND+ 0x7f994b449963: taken
+CND+ 0x7f994b449a7b: not taken
+CND+ 0x7f994b449dbc: both
+CND+ 0x7f994b449dc9: both
+CND+ 0x7f994b449e03: not taken
+CND+ 0x7f994b449e0d: not taken
+CND+ 0x7f994b449e18: taken
+CND+ 0x7f994b44a1a1: not taken
+CND+ 0x7f994b44a1ab: not taken
+CND+ 0x7f994b44a1e4: taken
+CND+ 0x7f994b44a1f2: taken
+CND+ 0x7f994b44a20a: not taken
+CND+ 0x7f994b44a225: not taken
+CND+ 0x7f994b44a22f: not taken
+CND+ 0x7f994b44a247: taken
+CND+ 0x7f994b44a533: taken
+CND+ 0x7f994b44a582: taken
+CND+ 0x7f994b44a655: taken
+CND+ 0x7f994b44a698: taken
+CND+ 0x7f994b44a703: not taken
+CND+ 0x7f994b44a70c: taken
+CND+ 0x7f994b44a725: not taken
+CND+ 0x7f994b44a742: not taken
+CND+ 0x7f994b44a75a: not taken
+CND+ 0x7f994b44a765: not taken
+CND+ 0x7f994b44a792: not taken
+CND+ 0x7f994b44a797: taken
+CND+ 0x7f994b44a7a9: taken
+CND+ 0x7f994b44a7ad: not taken
+CND+ 0x7f994b44a7bc: taken
+CND+ 0x7f994b44a7ce: taken
+CND+ 0x7f994b44a848: taken
+CND+ 0x7f994b44a889: not taken
+CND+ 0x7f994b44a89b: not taken
+CND+ 0x7f994b44a8a8: taken
+CND+ 0x7f994b44ac2f: not taken
+CND+ 0x7f994b44ac57: taken
+CND+ 0x7f994b44ac65: not taken
+CND+ 0x7f994b44ac6e: taken
+CND+ 0x7f994b44ac86: not taken
+CND+ 0x7f994b44acae: taken
+CND+ 0x7f994b44b366: taken
+CND+ 0x7f994b44b9d6: taken
+CND+ 0x7f994b44ba31: not taken
+CND+ 0x7f994b44ba51: taken
+CND+ 0x7f994b44baad: not taken
+CND+ 0x7f994b44bab5: taken
+CND+ 0x7f994b44bb00: taken
+CND+ 0x7f994b44bb5a: not taken
+CND+ 0x7f994b44bb62: not taken
+CND+ 0x7f994b44bb6b: not taken
+CND+ 0x7f994b44bb75: not taken
+CND+ 0x7f994b44bb7f: taken
+CND+ 0x7f994b44bb9b: taken
+CND+ 0x7f994b44bc3c: taken
+CND+ 0x7f994b44bed9: not taken
+CND+ 0x7f994b44bee6: not taken
+CND+ 0x7f994b44bf01: not taken
+CND+ 0x7f994b44bf1a: not taken
+CND+ 0x7f994b44bf20: not taken
+CND+ 0x7f994b44bf26: taken
+CND+ 0x7f994b44c76c: not taken
+CND+ 0x7f994b44c78c: not taken
+CND+ 0x7f994b44c7d8: both
+CND+ 0x7f994b44c7e1: taken
+CND+ 0x7f994b44c806: not taken
+CND+ 0x7f994b44c840: not taken
+CND+ 0x7f994b44c84a: not taken
+CND+ 0x7f994b44c965: both
+CND+ 0x7f994b44c989: not taken
+CND+ 0x7f994b44c9b2: not taken
+CND+ 0x7f994b44c9bc: not taken
+CND+ 0x7f994b44c9e3: not taken
+CND+ 0x7f994b44ca13: taken
+CND+ 0x7f994b44cafd: not taken
+CND+ 0x7f994b44cb1a: not taken
+CND+ 0x7f994b44cb61: taken
+CND+ 0x7f994b44d711: not taken
+CND+ 0x7f994b44d71d: not taken
+CND+ 0x7f994b44d722: not taken
+CND+ 0x7f994b44d748: not taken
+CND+ 0x7f994b44d74c: not taken
+CND+ 0x7f994b44d75f: not taken
+CND+ 0x7f994b44d7a4: not taken
+CND+ 0x7f994b44d8f3: both
+CND+ 0x7f994b44d90f: both
+CND+ 0x7f994b44d911: not taken
+CND+ 0x7f994b44d91a: taken
+CND+ 0x7f994b44da92: not taken
+CND+ 0x7f994b44daba: not taken
+CND+ 0x7f994b44dad5: both
+CND+ 0x7f994b44dade: taken
+CND+ 0x7f994b44daf7: not taken
+CND+ 0x7f994b44db01: not taken
+CND+ 0x7f994b44db05: not taken
+CND+ 0x7f994b44db19: taken
+CND+ 0x7f994b44dc50: not taken
+CND+ 0x7f994b44dc62: taken
+CND+ 0x7f994b44ddb1: not taken
+CND+ 0x7f994b44ddea: both
+CND+ 0x7f994b44de13: not taken
+CND+ 0x7f994b44de20: taken
+CND+ 0x7f994b44de2d: not taken
+CND+ 0x7f994b44de43: not taken
+CND+ 0x7f994b44de4f: both
+CND+ 0x7f994b44de58: not taken
+CND+ 0x7f994b44de72: taken
+CND+ 0x7f994b44dee7: taken
+CND+ 0x7f994b44e75d: both
+CND+ 0x7f994b44e76f: not taken
+CND+ 0x7f994b44e782: both
+CND+ 0x7f994b44e787: both
+CND+ 0x7f994b44e795: both
+CND+ 0x7f994b44e8b1: not taken
+CND+ 0x7f994b44e8dc: not taken
+CND+ 0x7f994b44e8ea: not taken
+CND+ 0x7f994b44e8ec: both
+CND+ 0x7f994b44e8f5: not taken
+CND+ 0x7f994b44e8fb: taken
+CND+ 0x7f994b44e943: not taken
+CND+ 0x7f994b44e94c: taken
+CND+ 0x7f994b44e983: not taken
+CND+ 0x7f994b44e989: both
+CND+ 0x7f994b44e990: not taken
+CND+ 0x7f994b44e9ab: taken
+CND+ 0x7f994b44ea0b: taken
+CND+ 0x7f994b44eb10: both
+CND+ 0x7f994b44eb1c: not taken
+CND+ 0x7f994b44eb21: both
+CND+ 0x7f994b44eb2f: not taken
+CND+ 0x7f994b44eb37: both
+CND+ 0x7f994b44eb44: both
+CND+ 0x7f994b44eb5e: taken
+CND+ 0x7f994b44eb92: both
+CND+ 0x7f994b44eb9b: taken
+CND+ 0x7f994b44ebfb: taken
+CND+ 0x7f994b44ed68: both
+CND+ 0x7f994b44ed71: taken
+CND+ 0x7f994b44ed8b: not taken
+CND+ 0x7f994b44eda3: taken
+CND+ 0x7f994b44eddd: taken
+CND+ 0x7f994b44ee02: not taken
+CND+ 0x7f994b44ee0b: taken
+CND+ 0x7f994b44ee2f: not taken
+CND+ 0x7f994b44ee35: taken
+CND+ 0x7f994b44ee4f: not taken
+CND+ 0x7f994b44ee58: both
+CND+ 0x7f994b44ef7d: not taken
+CND+ 0x7f994b44f02c: not taken
+CND+ 0x7f994b44f0c7: not taken
+CND+ 0x7f994b44f0d0: both
+CND+ 0x7f994b44f0d9: not taken
+CND+ 0x7f994b44f5a7: both
+CND+ 0x7f994b44f5ed: not taken
+CND+ 0x7f994b44f5f2: taken
+CND+ 0x7f994b44f682: not taken
+CND+ 0x7f994b44f6a1: not taken
+CND+ 0x7f994b44f7bb: not taken
+CND+ 0x7f994b44f835: not taken
+CND+ 0x7f994b44f870: not taken
+CND+ 0x7f994b44f88e: not taken
+CND+ 0x7f994b44f89e: not taken
+CND+ 0x7f994b44f9ca: both
+CND+ 0x7f994b44f9ea: taken
+CND+ 0x7f994b44f9f6: taken
+CND+ 0x7f994b44fa15: taken
+CND+ 0x7f994b44fa38: not taken
+CND+ 0x7f994b44fa48: taken
+CND+ 0x7f994b44fabb: not taken
+CND+ 0x7f994b45014f: not taken
+CND+ 0x7f994b45016f: not taken
+CND+ 0x7f994b45017e: taken
+CND+ 0x7f994b450a5f: taken
+CND+ 0x7f994b450b46: not taken
+CND+ 0x7f994b450b50: taken
+CND+ 0x7f994b450b69: taken
+CND+ 0x7f994b450b93: taken
+CND+ 0x7f994b450d2b: taken
+CND+ 0x7f994b450e50: not taken
+CND+ 0x7f994b451227: taken
+CND+ 0x7f994b45125f: not taken
+CND+ 0x7f994b451278: taken
+CND+ 0x7f994b4512b9: not taken
+CND+ 0x7f994b4512d7: taken
+CND+ 0x7f994b45130b: taken
+CND+ 0x7f994b451383: taken
+CND+ 0x7f994b4513e2: taken
+CND+ 0x7f994b451456: taken
+CND+ 0x7f994b451488: both
+CND+ 0x7f994b45148c: not taken
+CND+ 0x7f994b451493: not taken
+CND+ 0x7f994b451498: both
+CND+ 0x7f994b4514e0: not taken
+CND+ 0x7f994b451512: not taken
+CND+ 0x7f994b451519: taken
+CND+ 0x7f994b451548: not taken
+CND+ 0x7f994b45154d: not taken
+CND+ 0x7f994b4515c9: not taken
+CND+ 0x7f994b4515d7: taken
+CND+ 0x7f994b4516f8: taken
+CND+ 0x7f994b4517b9: not taken
+CND+ 0x7f994b451830: not taken
+CND+ 0x7f994b451846: taken
+CND+ 0x7f994b45186e: not taken
+CND+ 0x7f994b451b09: not taken
+CND+ 0x7f994b451b13: not taken
+CND+ 0x7f994b451c18: taken
+CND+ 0x7f994b451c9d: not taken
+CND+ 0x7f994b451dfa: taken
+CND+ 0x7f994b453946: both
+CND+ 0x7f994b453963: both
+CND+ 0x7f994b453968: not taken
+CND+ 0x7f994b45396e: not taken
+CND+ 0x7f994b453986: not taken
+CND+ 0x7f994b45398b: both
+CND+ 0x7f994b45399a: both
+CND+ 0x7f994b45399f: both
+CND+ 0x7f994b4539ac: both
+CND+ 0x7f994b4539b7: both
+CND+ 0x7f994b4539c4: not taken
+CND+ 0x7f994b453a10: not taken
+CND+ 0x7f994b453a15: taken
+CND+ 0x7f994b453a2e: both
+CND+ 0x7f994b453a32: both
+CND+ 0x7f994b453a5c: both
+CND+ 0x7f994b453add: not taken
+CND+ 0x7f994b453ae2: not taken
+CND+ 0x7f994b453afe: not taken
+CND+ 0x7f994b453b02: both
+CND+ 0x7f994b453b48: both
+CND+ 0x7f994b453b52: not taken
+CND+ 0x7f994b453b5c: not taken
+CND+ 0x7f994b453b65: both
+CND+ 0x7f994b453b6b: taken
+CND+ 0x7f994b453b75: not taken
+CND+ 0x7f994b453b95: not taken
+CND+ 0x7f994b453ba2: not taken
+CND+ 0x7f994b453bc4: not taken
+CND+ 0x7f994b453bce: not taken
+CND+ 0x7f994b453bf6: taken
+CND+ 0x7f994b453c24: taken
+CND+ 0x7f994b453ce1: not taken
+CND+ 0x7f994b453cea: not taken
+CND+ 0x7f994b453cf3: not taken
+CND+ 0x7f994b453d25: not taken
+CND+ 0x7f994b453d53: not taken
+CND+ 0x7f994b453d5d: not taken
+CND+ 0x7f994b453eb5: not taken
+CND+ 0x7f994b453eba: not taken
+CND+ 0x7f994b453ed8: both
+CND+ 0x7f994b453edc: taken
+CND+ 0x7f994b453f0f: not taken
+CND+ 0x7f994b453f15: not taken
+CND+ 0x7f994b45446f: not taken
+CND+ 0x7f994b45453d: not taken
+CND+ 0x7f994b454547: not taken
+CND+ 0x7f994b454605: not taken
+CND+ 0x7f994b45460f: not taken
+CND+ 0x7f994b454647: not taken
+CND+ 0x7f994b45465e: not taken
+CND+ 0x7f994b4547bd: taken
+CND+ 0x7f994b4547d2: taken
+CND+ 0x7f994b4547df: not taken
+CND+ 0x7f994b4547e4: both
+CND+ 0x7f994b4547fa: taken
+CND+ 0x7f994b454856: not taken
+CND+ 0x7f994b45485b: taken
+CND+ 0x7f994b45487a: not taken
+CND+ 0x7f994b45489a: not taken
+CND+ 0x7f994b4548b7: not taken
+CND+ 0x7f994b4548c5: not taken
+CND+ 0x7f994b4548d4: taken
+CND+ 0x7f994b454df1: not taken
+CND+ 0x7f994b454e0c: not taken
@0x7f994b453c19 to 0x7f994b4477d0 1
@0x7f994b453c19 to 0x7f994b44e120 1
@0x7f994b443050 to 0x7f994ef7ca30 4
@0x7f994b443080 to 0x7f994ef1c330 2
@0x7f994b443090 to 0x7f994efbe710 1
@0x7f994b4430a0 to 0x7f994ef94e70 5
@0x7f994b4430d0 to 0x7f994ef2fa20 7
@0x7f994b4430f0 to 0x7f994f053800 4
@0x7f994b443130 to 0x7f994efbf1e0 1
@0x7f994b443140 to 0x7f994ef33c10 1
@0x7f994b443150 to 0x7f994efe1800 4
@0x7f994b443160 to 0x7f994efbe230 1
@0x7f994b443190 to 0x7f994f053bc0 8
@0x7f994b4431c0 to 0x7f994efbf200 1
@0x7f994b4431e0 to 0x7f994f0535d0 1
@0x7f994b443220 to 0x7f994efbf210 2
@0x7f994b443230 to 0x7f994efe2b10 1
@0x7f994b44516e to 0x7f994b4451c0 1
@0x7f994b443280 to 0x7f994f04ed10 11
@0x7f994b4432a0 to 0x7f994ef2f450 4
@0x7f994b4451ac to 0x7f994b445e90 1
@0x7f994b4432d0 to 0x7f994f04f100 9
@0x7f994b443320 to 0x7f994ef300f0 4
@0x7f994b443330 to 0x7f994f054100 6
@0x7f994b443350 to 0x7f994efbf220 1
@0x7f994b443370 to 0x7f994efe1800 2
@0x7f994b443390 to 0x7f994ef7c3e0 23
@0x7f994b4433b0 to 0x7f994efbf230 1
@0x7f994b4433c0 to 0x7f994f04ee90 22
@0x7f994b4433e0 to 0x7f994efffba0 1
@0x7f994b443410 to 0x7f994ef7cc80 1
@0x7f994b443460 to 0x7f994f0540e0 13
@0x7f994b443510 to 0x7f994efbf1f0 1
@0x7f994b443560 to 0x7f994efbe4e0 1
@0x7f994b443570 to 0x7f994ef28580 191
@0x7f994b44ef91 to 0x7f994b44f075 1
@0x7f994b443784 to 0x7f994ef1bfb0 1
@0x7f994b454e01 to 0x7f994b443840 1
@0x7f994b45155f to 0x7f994b451580 1
@0x7f994b45155f to 0x7f994b4515c0 1
@0x7f994b45155f to 0x7f994b4515a8 2
@0x7f994b44f8af to 0x7f994b44fa01 185
@0x7f994b44f8af to 0x7f994b44f9f0 10
@0x7f994b44f8af to 0x7f994b44fa28 1
