MODULE_NAME: /usr/bin/gs
MODULE_START: 0x7f7d12fc2000
+B+: 0x7f7d12fc3000 0x7f7d12fc300f
+B+: 0x7f7d12fc3012 0x7f7d12fc3016
+B+: 0x7f7d12fc3020 0x7f7d12fc302b
+B+: 0x7f7d12fc3030 0x7f7d12fc3035
+B+: 0x7f7d12fc3036 0x7f7d12fc303f
+B+: 0x7f7d12fc3040 0x7f7d12fc3045
+B+: 0x7f7d12fc3046 0x7f7d12fc304f
+B+: 0x7f7d12fc3050 0x7f7d12fc3055
+B+: 0x7f7d12fc3056 0x7f7d12fc305f
+B+: 0x7f7d12fc3090 0x7f7d12fc3095
+B+: 0x7f7d12fc3096 0x7f7d12fc309f
+B+: 0x7f7d12fc30b0 0x7f7d12fc30b5
+B+: 0x7f7d12fc30b6 0x7f7d12fc30bf
+B+: 0x7f7d12fc30c0 0x7f7d12fc30c5
+B+: 0x7f7d12fc30c6 0x7f7d12fc30cf
+B+: 0x7f7d12fc30d0 0x7f7d12fc30d5
+B+: 0x7f7d12fc30d6 0x7f7d12fc30df
+B+: 0x7f7d12fc30e0 0x7f7d12fc30e5
+B+: 0x7f7d12fc30f0 0x7f7d12fc3121
+B+: 0x7f7d12fc3122 0x7f7d12fc3127
+B+: 0x7f7d12fc3128 0x7f7d12fc3130
+B+: 0x7f7d12fc3131 0x7f7d12fc3132
+B+: 0x7f7d12fc3133 0x7f7d12fc3137
+B+: 0x7f7d12fc3138 0x7f7d12fc3152
+B+: 0x7f7d12fc3153 0x7f7d12fc315b
+B+: 0x7f7d12fc3184 0x7f7d12fc31a2
+B+: 0x7f7d12fc31a3 0x7f7d12fc31b1
+B+: 0x7f7d12fc31b2 0x7f7d12fc31b7
+B+: 0x7f7d12fc31b8 0x7f7d12fc31c1
+B+: 0x7f7d12fc31c2 0x7f7d12fc31c5
+B+: 0x7f7d12fc31c6 0x7f7d12fc31ca
+B+: 0x7f7d12fc31cb 0x7f7d12fc31d6
+B+: 0x7f7d12fc31d7 0x7f7d12fc31db
+B+: 0x7f7d12fc3220 0x7f7d12fc3249
+B+: 0x7f7d12fc3250 0x7f7d12fc3262
+B+: 0x7f7d12fc3278 0x7f7d12fc3278
+B+: 0x7f7d12fc3280 0x7f7d12fc32a3
+B+: 0x7f7d12fc32b8 0x7f7d12fc32b8
+B+: 0x7f7d12fc32c0 0x7f7d12fc32c8
+B+: 0x7f7d12fc32c9 0x7f7d12fc32d6
+B+: 0x7f7d12fc32d7 0x7f7d12fc32e2
+B+: 0x7f7d12fc32e3 0x7f7d12fc32e7
+B+: 0x7f7d12fc32e8 0x7f7d12fc32f0
+B+: 0x7f7d12fc3300 0x7f7d12fc3304
+B+: 0x7f7d12fc3350 0x7f7d12fc3373
+B+: 0x7f7d12fc3374 0x7f7d12fc337c
+B+: 0x7f7d12fc337d 0x7f7d12fc3385
+B+: 0x7f7d12fc33c0 0x7f7d12fc33ec
+B+: 0x7f7d12fc33ed 0x7f7d12fc33f2
+B+: 0x7f7d12fc33f3 0x7f7d12fc3404
+B+: 0x7f7d12fc3405 0x7f7d12fc340d
+B+: 0x7f7d12fc340e 0x7f7d12fc341c
+B+: 0x7f7d12fc3424 0x7f7d12fc342c
+CND+ 0x7f7d12fc300e: taken
+CND+ 0x7f7d12fc3126: taken
+CND+ 0x7f7d12fc312b: not taken
+CND+ 0x7f7d12fc3131: not taken
+CND+ 0x7f7d12fc3136: not taken
+CND+ 0x7f7d12fc314d: not taken
+CND+ 0x7f7d12fc31b6: not taken
+CND+ 0x7f7d12fc31c4: not taken
+CND+ 0x7f7d12fc31c9: not taken
+CND+ 0x7f7d12fc3261: taken
+CND+ 0x7f7d12fc32a2: taken
+CND+ 0x7f7d12fc32c7: not taken
+CND+ 0x7f7d12fc32d5: not taken
+CND+ 0x7f7d12fc33f1: not taken
+CND+ 0x7f7d12fc340c: not taken
@0x7f7d12fc3026 to 0x7f7d16fb2500 7
@0x7f7d12fc3030 to 0x7f7d12fc3036 1
@0x7f7d12fc3040 to 0x7f7d12fc3046 1
@0x7f7d12fc3050 to 0x7f7d12fc3056 1
@0x7f7d12fc3090 to 0x7f7d12fc3096 1
@0x7f7d12fc30b0 to 0x7f7d12fc30b6 1
@0x7f7d12fc30c0 to 0x7f7d12fc30c6 1
@0x7f7d12fc30d0 to 0x7f7d12fc30d6 1
@0x7f7d12fc30e0 to 0x7f7d15b181c0 1
@0x7f7d12fc3244 to 0x7f7d15b01fb0 1
@0x7f7d12fc3401 to 0x7f7d12fc3300 1
