MODULE_NAME: /usr/bin/gs
MODULE_START: 0x7ff9cb94f000
+B+: 0x7ff9cb950000 0x7ff9cb95000f
+B+: 0x7ff9cb950012 0x7ff9cb950016
+B+: 0x7ff9cb950020 0x7ff9cb95002b
+B+: 0x7ff9cb950030 0x7ff9cb950035
+B+: 0x7ff9cb950036 0x7ff9cb95003f
+B+: 0x7ff9cb950040 0x7ff9cb950045
+B+: 0x7ff9cb950046 0x7ff9cb95004f
+B+: 0x7ff9cb950050 0x7ff9cb950055
+B+: 0x7ff9cb950056 0x7ff9cb95005f
+B+: 0x7ff9cb9500b0 0x7ff9cb9500b5
+B+: 0x7ff9cb9500b6 0x7ff9cb9500bf
+B+: 0x7ff9cb9500c0 0x7ff9cb9500c5
+B+: 0x7ff9cb9500c6 0x7ff9cb9500cf
+B+: 0x7ff9cb9500e0 0x7ff9cb9500e5
+B+: 0x7ff9cb9500f0 0x7ff9cb950121
+B+: 0x7ff9cb950122 0x7ff9cb950127
+B+: 0x7ff9cb950128 0x7ff9cb950130
+B+: 0x7ff9cb950131 0x7ff9cb950132
+B+: 0x7ff9cb950133 0x7ff9cb950137
+B+: 0x7ff9cb95013d 0x7ff9cb950152
+B+: 0x7ff9cb950153 0x7ff9cb95015b
+B+: 0x7ff9cb950178 0x7ff9cb950183
+B+: 0x7ff9cb950184 0x7ff9cb9501a2
+B+: 0x7ff9cb9501a3 0x7ff9cb9501b1
+B+: 0x7ff9cb9501b2 0x7ff9cb9501b7
+B+: 0x7ff9cb9501b8 0x7ff9cb9501c1
+B+: 0x7ff9cb9501c2 0x7ff9cb9501c5
+B+: 0x7ff9cb9501c6 0x7ff9cb9501ca
+B+: 0x7ff9cb9501cb 0x7ff9cb9501d6
+B+: 0x7ff9cb9501d7 0x7ff9cb9501db
+B+: 0x7ff9cb9501dc 0x7ff9cb9501e0
+B+: 0x7ff9cb950213 0x7ff9cb950216
+B+: 0x7ff9cb950220 0x7ff9cb950249
+B+: 0x7ff9cb950250 0x7ff9cb950262
+B+: 0x7ff9cb950278 0x7ff9cb950278
+B+: 0x7ff9cb950280 0x7ff9cb9502a3
+B+: 0x7ff9cb9502b8 0x7ff9cb9502b8
+B+: 0x7ff9cb9502c0 0x7ff9cb9502c8
+B+: 0x7ff9cb9502c9 0x7ff9cb9502d6
+B+: 0x7ff9cb9502d7 0x7ff9cb9502e2
+B+: 0x7ff9cb9502e3 0x7ff9cb9502e7
+B+: 0x7ff9cb9502e8 0x7ff9cb9502f0
+B+: 0x7ff9cb950300 0x7ff9cb950304
+B+: 0x7ff9cb9503c0 0x7ff9cb9503ec
+B+: 0x7ff9cb9503ed 0x7ff9cb9503f2
+B+: 0x7ff9cb9503f3 0x7ff9cb950404
+B+: 0x7ff9cb950405 0x7ff9cb95040d
+B+: 0x7ff9cb95040e 0x7ff9cb95041c
+B+: 0x7ff9cb950424 0x7ff9cb95042c
+CND+ 0x7ff9cb95000e: taken
+CND+ 0x7ff9cb950126: taken
+CND+ 0x7ff9cb95012b: not taken
+CND+ 0x7ff9cb950131: not taken
+CND+ 0x7ff9cb950136: taken
+CND+ 0x7ff9cb95014d: not taken
+CND+ 0x7ff9cb9501b6: not taken
+CND+ 0x7ff9cb9501c4: not taken
+CND+ 0x7ff9cb9501c9: taken
+CND+ 0x7ff9cb9501df: taken
+CND+ 0x7ff9cb950261: taken
+CND+ 0x7ff9cb9502a2: taken
+CND+ 0x7ff9cb9502c7: not taken
+CND+ 0x7ff9cb9502d5: not taken
+CND+ 0x7ff9cb9503f1: not taken
+CND+ 0x7ff9cb95040c: not taken
@0x7ff9cb950026 to 0x7ff9cf93f500 5
@0x7ff9cb950030 to 0x7ff9cb950036 1
@0x7ff9cb950040 to 0x7ff9cb950046 1
@0x7ff9cb950050 to 0x7ff9cb950056 1
@0x7ff9cb9500b0 to 0x7ff9cb9500b6 1
@0x7ff9cb9500c0 to 0x7ff9cb9500c6 1
@0x7ff9cb9500e0 to 0x7ff9ce4a51c0 1
@0x7ff9cb950244 to 0x7ff9ce48efb0 1
@0x7ff9cb950401 to 0x7ff9cb950300 1
