MODULE_NAME: /usr/bin/gs
MODULE_START: 0x7f1801d12000
+B+: 0x7f1801d13000 0x7f1801d1300f
+B+: 0x7f1801d13012 0x7f1801d13016
+B+: 0x7f1801d13020 0x7f1801d1302b
+B+: 0x7f1801d13030 0x7f1801d13035
+B+: 0x7f1801d13036 0x7f1801d1303f
+B+: 0x7f1801d13040 0x7f1801d13045
+B+: 0x7f1801d13046 0x7f1801d1304f
+B+: 0x7f1801d13050 0x7f1801d13055
+B+: 0x7f1801d13056 0x7f1801d1305f
+B+: 0x7f1801d13090 0x7f1801d13095
+B+: 0x7f1801d13096 0x7f1801d1309f
+B+: 0x7f1801d130b0 0x7f1801d130b5
+B+: 0x7f1801d130b6 0x7f1801d130bf
+B+: 0x7f1801d130c0 0x7f1801d130c5
+B+: 0x7f1801d130c6 0x7f1801d130cf
+B+: 0x7f1801d130d0 0x7f1801d130d5
+B+: 0x7f1801d130d6 0x7f1801d130df
+B+: 0x7f1801d130e0 0x7f1801d130e5
+B+: 0x7f1801d130f0 0x7f1801d13121
+B+: 0x7f1801d13122 0x7f1801d13127
+B+: 0x7f1801d13128 0x7f1801d13130
+B+: 0x7f1801d13131 0x7f1801d13132
+B+: 0x7f1801d13133 0x7f1801d13137
+B+: 0x7f1801d13138 0x7f1801d13152
+B+: 0x7f1801d13153 0x7f1801d1315b
+B+: 0x7f1801d13184 0x7f1801d131a2
+B+: 0x7f1801d131a3 0x7f1801d131b1
+B+: 0x7f1801d131b2 0x7f1801d131b7
+B+: 0x7f1801d131b8 0x7f1801d131c1
+B+: 0x7f1801d131c2 0x7f1801d131c5
+B+: 0x7f1801d131c6 0x7f1801d131ca
+B+: 0x7f1801d131cb 0x7f1801d131d6
+B+: 0x7f1801d131d7 0x7f1801d131db
+B+: 0x7f1801d13220 0x7f1801d13249
+B+: 0x7f1801d13250 0x7f1801d13262
+B+: 0x7f1801d13278 0x7f1801d13278
+B+: 0x7f1801d13280 0x7f1801d132a3
+B+: 0x7f1801d132b8 0x7f1801d132b8
+B+: 0x7f1801d132c0 0x7f1801d132c8
+B+: 0x7f1801d132c9 0x7f1801d132d6
+B+: 0x7f1801d132d7 0x7f1801d132e2
+B+: 0x7f1801d132e3 0x7f1801d132e7
+B+: 0x7f1801d132e8 0x7f1801d132f0
+B+: 0x7f1801d13300 0x7f1801d13304
+B+: 0x7f1801d13350 0x7f1801d13373
+B+: 0x7f1801d13374 0x7f1801d1337c
+B+: 0x7f1801d1337d 0x7f1801d13385
+B+: 0x7f1801d133c0 0x7f1801d133ec
+B+: 0x7f1801d133ed 0x7f1801d133f2
+B+: 0x7f1801d133f3 0x7f1801d13404
+B+: 0x7f1801d13405 0x7f1801d1340d
+B+: 0x7f1801d1340e 0x7f1801d1341c
+B+: 0x7f1801d13424 0x7f1801d1342c
+CND+ 0x7f1801d1300e: taken
+CND+ 0x7f1801d13126: taken
+CND+ 0x7f1801d1312b: not taken
+CND+ 0x7f1801d13131: not taken
+CND+ 0x7f1801d13136: not taken
+CND+ 0x7f1801d1314d: not taken
+CND+ 0x7f1801d131b6: not taken
+CND+ 0x7f1801d131c4: not taken
+CND+ 0x7f1801d131c9: not taken
+CND+ 0x7f1801d13261: taken
+CND+ 0x7f1801d132a2: taken
+CND+ 0x7f1801d132c7: not taken
+CND+ 0x7f1801d132d5: not taken
+CND+ 0x7f1801d133f1: not taken
+CND+ 0x7f1801d1340c: not taken
@0x7f1801d13026 to 0x7f1805d02500 7
@0x7f1801d13030 to 0x7f1801d13036 1
@0x7f1801d13040 to 0x7f1801d13046 1
@0x7f1801d13050 to 0x7f1801d13056 1
@0x7f1801d13090 to 0x7f1801d13096 1
@0x7f1801d130b0 to 0x7f1801d130b6 1
@0x7f1801d130c0 to 0x7f1801d130c6 1
@0x7f1801d130d0 to 0x7f1801d130d6 1
@0x7f1801d130e0 to 0x7f18048681c0 1
@0x7f1801d13244 to 0x7f1804851fb0 1
@0x7f1801d13401 to 0x7f1801d13300 1
