MODULE_NAME: /usr/bin/gs
MODULE_START: 0x7f07d9458000
+B+: 0x7f07d9459000 0x7f07d945900f
+B+: 0x7f07d9459012 0x7f07d9459016
+B+: 0x7f07d9459020 0x7f07d945902b
+B+: 0x7f07d9459030 0x7f07d9459035
+B+: 0x7f07d9459036 0x7f07d945903f
+B+: 0x7f07d9459040 0x7f07d9459045
+B+: 0x7f07d9459046 0x7f07d945904f
+B+: 0x7f07d9459050 0x7f07d9459055
+B+: 0x7f07d9459056 0x7f07d945905f
+B+: 0x7f07d94590b0 0x7f07d94590b5
+B+: 0x7f07d94590b6 0x7f07d94590bf
+B+: 0x7f07d94590c0 0x7f07d94590c5
+B+: 0x7f07d94590c6 0x7f07d94590cf
+B+: 0x7f07d94590e0 0x7f07d94590e5
+B+: 0x7f07d94590f0 0x7f07d9459121
+B+: 0x7f07d9459122 0x7f07d9459127
+B+: 0x7f07d9459128 0x7f07d9459130
+B+: 0x7f07d9459131 0x7f07d9459132
+B+: 0x7f07d9459133 0x7f07d9459137
+B+: 0x7f07d945913d 0x7f07d9459152
+B+: 0x7f07d9459153 0x7f07d945915b
+B+: 0x7f07d9459178 0x7f07d9459183
+B+: 0x7f07d9459184 0x7f07d94591a2
+B+: 0x7f07d94591a3 0x7f07d94591b1
+B+: 0x7f07d94591b2 0x7f07d94591b7
+B+: 0x7f07d94591b8 0x7f07d94591c1
+B+: 0x7f07d94591c2 0x7f07d94591c5
+B+: 0x7f07d94591c6 0x7f07d94591ca
+B+: 0x7f07d94591cb 0x7f07d94591d6
+B+: 0x7f07d94591d7 0x7f07d94591db
+B+: 0x7f07d94591dc 0x7f07d94591e0
+B+: 0x7f07d9459213 0x7f07d9459216
+B+: 0x7f07d9459220 0x7f07d9459249
+B+: 0x7f07d9459250 0x7f07d9459262
+B+: 0x7f07d9459278 0x7f07d9459278
+B+: 0x7f07d9459280 0x7f07d94592a3
+B+: 0x7f07d94592b8 0x7f07d94592b8
+B+: 0x7f07d94592c0 0x7f07d94592c8
+B+: 0x7f07d94592c9 0x7f07d94592d6
+B+: 0x7f07d94592d7 0x7f07d94592e2
+B+: 0x7f07d94592e3 0x7f07d94592e7
+B+: 0x7f07d94592e8 0x7f07d94592f0
+B+: 0x7f07d9459300 0x7f07d9459304
+B+: 0x7f07d94593c0 0x7f07d94593ec
+B+: 0x7f07d94593ed 0x7f07d94593f2
+B+: 0x7f07d94593f3 0x7f07d9459404
+B+: 0x7f07d9459405 0x7f07d945940d
+B+: 0x7f07d945940e 0x7f07d945941c
+B+: 0x7f07d9459424 0x7f07d945942c
+CND+ 0x7f07d945900e: taken
+CND+ 0x7f07d9459126: taken
+CND+ 0x7f07d945912b: not taken
+CND+ 0x7f07d9459131: not taken
+CND+ 0x7f07d9459136: taken
+CND+ 0x7f07d945914d: not taken
+CND+ 0x7f07d94591b6: not taken
+CND+ 0x7f07d94591c4: not taken
+CND+ 0x7f07d94591c9: taken
+CND+ 0x7f07d94591df: taken
+CND+ 0x7f07d9459261: taken
+CND+ 0x7f07d94592a2: taken
+CND+ 0x7f07d94592c7: not taken
+CND+ 0x7f07d94592d5: not taken
+CND+ 0x7f07d94593f1: not taken
+CND+ 0x7f07d945940c: not taken
@0x7f07d9459026 to 0x7f07dd448500 5
@0x7f07d9459030 to 0x7f07d9459036 1
@0x7f07d9459040 to 0x7f07d9459046 1
@0x7f07d9459050 to 0x7f07d9459056 1
@0x7f07d94590b0 to 0x7f07d94590b6 1
@0x7f07d94590c0 to 0x7f07d94590c6 1
@0x7f07d94590e0 to 0x7f07dbfae1c0 1
@0x7f07d9459244 to 0x7f07dbf97fb0 1
@0x7f07d9459401 to 0x7f07d9459300 1
