MODULE_NAME: /usr/bin/gs
MODULE_START: 0x7f0bc67d9000
+B+: 0x7f0bc67da000 0x7f0bc67da00f
+B+: 0x7f0bc67da012 0x7f0bc67da016
+B+: 0x7f0bc67da020 0x7f0bc67da02b
+B+: 0x7f0bc67da030 0x7f0bc67da035
+B+: 0x7f0bc67da036 0x7f0bc67da03f
+B+: 0x7f0bc67da040 0x7f0bc67da045
+B+: 0x7f0bc67da046 0x7f0bc67da04f
+B+: 0x7f0bc67da050 0x7f0bc67da055
+B+: 0x7f0bc67da056 0x7f0bc67da05f
+B+: 0x7f0bc67da090 0x7f0bc67da095
+B+: 0x7f0bc67da096 0x7f0bc67da09f
+B+: 0x7f0bc67da0b0 0x7f0bc67da0b5
+B+: 0x7f0bc67da0b6 0x7f0bc67da0bf
+B+: 0x7f0bc67da0c0 0x7f0bc67da0c5
+B+: 0x7f0bc67da0c6 0x7f0bc67da0cf
+B+: 0x7f0bc67da0d0 0x7f0bc67da0d5
+B+: 0x7f0bc67da0d6 0x7f0bc67da0df
+B+: 0x7f0bc67da0e0 0x7f0bc67da0e5
+B+: 0x7f0bc67da0f0 0x7f0bc67da121
+B+: 0x7f0bc67da122 0x7f0bc67da127
+B+: 0x7f0bc67da128 0x7f0bc67da130
+B+: 0x7f0bc67da131 0x7f0bc67da132
+B+: 0x7f0bc67da133 0x7f0bc67da137
+B+: 0x7f0bc67da138 0x7f0bc67da152
+B+: 0x7f0bc67da153 0x7f0bc67da15b
+B+: 0x7f0bc67da184 0x7f0bc67da1a2
+B+: 0x7f0bc67da1a3 0x7f0bc67da1b1
+B+: 0x7f0bc67da1b2 0x7f0bc67da1b7
+B+: 0x7f0bc67da1b8 0x7f0bc67da1c1
+B+: 0x7f0bc67da1c2 0x7f0bc67da1c5
+B+: 0x7f0bc67da1c6 0x7f0bc67da1ca
+B+: 0x7f0bc67da1cb 0x7f0bc67da1d6
+B+: 0x7f0bc67da1d7 0x7f0bc67da1db
+B+: 0x7f0bc67da220 0x7f0bc67da249
+B+: 0x7f0bc67da250 0x7f0bc67da262
+B+: 0x7f0bc67da278 0x7f0bc67da278
+B+: 0x7f0bc67da280 0x7f0bc67da2a3
+B+: 0x7f0bc67da2b8 0x7f0bc67da2b8
+B+: 0x7f0bc67da2c0 0x7f0bc67da2c8
+B+: 0x7f0bc67da2c9 0x7f0bc67da2d6
+B+: 0x7f0bc67da2d7 0x7f0bc67da2e2
+B+: 0x7f0bc67da2e3 0x7f0bc67da2e7
+B+: 0x7f0bc67da2e8 0x7f0bc67da2f0
+B+: 0x7f0bc67da300 0x7f0bc67da304
+B+: 0x7f0bc67da350 0x7f0bc67da373
+B+: 0x7f0bc67da374 0x7f0bc67da37c
+B+: 0x7f0bc67da37d 0x7f0bc67da385
+B+: 0x7f0bc67da3c0 0x7f0bc67da3ec
+B+: 0x7f0bc67da3ed 0x7f0bc67da3f2
+B+: 0x7f0bc67da3f3 0x7f0bc67da404
+B+: 0x7f0bc67da405 0x7f0bc67da40d
+B+: 0x7f0bc67da40e 0x7f0bc67da41c
+B+: 0x7f0bc67da424 0x7f0bc67da42c
+CND+ 0x7f0bc67da00e: taken
+CND+ 0x7f0bc67da126: taken
+CND+ 0x7f0bc67da12b: not taken
+CND+ 0x7f0bc67da131: not taken
+CND+ 0x7f0bc67da136: not taken
+CND+ 0x7f0bc67da14d: not taken
+CND+ 0x7f0bc67da1b6: not taken
+CND+ 0x7f0bc67da1c4: not taken
+CND+ 0x7f0bc67da1c9: not taken
+CND+ 0x7f0bc67da261: taken
+CND+ 0x7f0bc67da2a2: taken
+CND+ 0x7f0bc67da2c7: not taken
+CND+ 0x7f0bc67da2d5: not taken
+CND+ 0x7f0bc67da3f1: not taken
+CND+ 0x7f0bc67da40c: not taken
@0x7f0bc67da026 to 0x7f0bca7c9500 7
@0x7f0bc67da030 to 0x7f0bc67da036 1
@0x7f0bc67da040 to 0x7f0bc67da046 1
@0x7f0bc67da050 to 0x7f0bc67da056 1
@0x7f0bc67da090 to 0x7f0bc67da096 1
@0x7f0bc67da0b0 to 0x7f0bc67da0b6 1
@0x7f0bc67da0c0 to 0x7f0bc67da0c6 1
@0x7f0bc67da0d0 to 0x7f0bc67da0d6 1
@0x7f0bc67da0e0 to 0x7f0bc932f1c0 1
@0x7f0bc67da244 to 0x7f0bc9318fb0 1
@0x7f0bc67da401 to 0x7f0bc67da300 1
