MODULE_NAME: /usr/bin/gs
MODULE_START: 0x7f8264577000
+B+: 0x7f8264578000 0x7f826457800f
+B+: 0x7f8264578012 0x7f8264578016
+B+: 0x7f8264578020 0x7f826457802b
+B+: 0x7f8264578030 0x7f8264578035
+B+: 0x7f8264578036 0x7f826457803f
+B+: 0x7f8264578040 0x7f8264578045
+B+: 0x7f8264578046 0x7f826457804f
+B+: 0x7f8264578050 0x7f8264578055
+B+: 0x7f8264578056 0x7f826457805f
+B+: 0x7f82645780b0 0x7f82645780b5
+B+: 0x7f82645780b6 0x7f82645780bf
+B+: 0x7f82645780c0 0x7f82645780c5
+B+: 0x7f82645780c6 0x7f82645780cf
+B+: 0x7f82645780e0 0x7f82645780e5
+B+: 0x7f82645780f0 0x7f8264578121
+B+: 0x7f8264578122 0x7f8264578127
+B+: 0x7f8264578128 0x7f8264578130
+B+: 0x7f8264578131 0x7f8264578132
+B+: 0x7f8264578133 0x7f8264578137
+B+: 0x7f826457813d 0x7f8264578152
+B+: 0x7f8264578153 0x7f826457815b
+B+: 0x7f8264578178 0x7f8264578183
+B+: 0x7f8264578184 0x7f82645781a2
+B+: 0x7f82645781a3 0x7f82645781b1
+B+: 0x7f82645781b2 0x7f82645781b7
+B+: 0x7f82645781b8 0x7f82645781c1
+B+: 0x7f82645781c2 0x7f82645781c5
+B+: 0x7f82645781c6 0x7f82645781ca
+B+: 0x7f82645781cb 0x7f82645781d6
+B+: 0x7f82645781d7 0x7f82645781db
+B+: 0x7f82645781dc 0x7f82645781e0
+B+: 0x7f8264578213 0x7f8264578216
+B+: 0x7f8264578220 0x7f8264578249
+B+: 0x7f8264578250 0x7f8264578262
+B+: 0x7f8264578278 0x7f8264578278
+B+: 0x7f8264578280 0x7f82645782a3
+B+: 0x7f82645782b8 0x7f82645782b8
+B+: 0x7f82645782c0 0x7f82645782c8
+B+: 0x7f82645782c9 0x7f82645782d6
+B+: 0x7f82645782d7 0x7f82645782e2
+B+: 0x7f82645782e3 0x7f82645782e7
+B+: 0x7f82645782e8 0x7f82645782f0
+B+: 0x7f8264578300 0x7f8264578304
+B+: 0x7f82645783c0 0x7f82645783ec
+B+: 0x7f82645783ed 0x7f82645783f2
+B+: 0x7f82645783f3 0x7f8264578404
+B+: 0x7f8264578405 0x7f826457840d
+B+: 0x7f826457840e 0x7f826457841c
+B+: 0x7f8264578424 0x7f826457842c
+CND+ 0x7f826457800e: taken
+CND+ 0x7f8264578126: taken
+CND+ 0x7f826457812b: not taken
+CND+ 0x7f8264578131: not taken
+CND+ 0x7f8264578136: taken
+CND+ 0x7f826457814d: not taken
+CND+ 0x7f82645781b6: not taken
+CND+ 0x7f82645781c4: not taken
+CND+ 0x7f82645781c9: taken
+CND+ 0x7f82645781df: taken
+CND+ 0x7f8264578261: taken
+CND+ 0x7f82645782a2: taken
+CND+ 0x7f82645782c7: not taken
+CND+ 0x7f82645782d5: not taken
+CND+ 0x7f82645783f1: not taken
+CND+ 0x7f826457840c: not taken
@0x7f8264578026 to 0x7f8268567500 5
@0x7f8264578030 to 0x7f8264578036 1
@0x7f8264578040 to 0x7f8264578046 1
@0x7f8264578050 to 0x7f8264578056 1
@0x7f82645780b0 to 0x7f82645780b6 1
@0x7f82645780c0 to 0x7f82645780c6 1
@0x7f82645780e0 to 0x7f82670cd1c0 1
@0x7f8264578244 to 0x7f82670b6fb0 1
@0x7f8264578401 to 0x7f8264578300 1
