MODULE_NAME: /usr/bin/gs
MODULE_START: 0x7f27273af000
+B+: 0x7f27273b0000 0x7f27273b000f
+B+: 0x7f27273b0012 0x7f27273b0016
+B+: 0x7f27273b0020 0x7f27273b002b
+B+: 0x7f27273b0030 0x7f27273b0035
+B+: 0x7f27273b0036 0x7f27273b003f
+B+: 0x7f27273b0040 0x7f27273b0045
+B+: 0x7f27273b0046 0x7f27273b004f
+B+: 0x7f27273b0050 0x7f27273b0055
+B+: 0x7f27273b0056 0x7f27273b005f
+B+: 0x7f27273b00b0 0x7f27273b00b5
+B+: 0x7f27273b00b6 0x7f27273b00bf
+B+: 0x7f27273b00c0 0x7f27273b00c5
+B+: 0x7f27273b00c6 0x7f27273b00cf
+B+: 0x7f27273b00e0 0x7f27273b00e5
+B+: 0x7f27273b00f0 0x7f27273b0121
+B+: 0x7f27273b0122 0x7f27273b0127
+B+: 0x7f27273b0128 0x7f27273b0130
+B+: 0x7f27273b0131 0x7f27273b0132
+B+: 0x7f27273b0133 0x7f27273b0137
+B+: 0x7f27273b013d 0x7f27273b0152
+B+: 0x7f27273b0153 0x7f27273b015b
+B+: 0x7f27273b0178 0x7f27273b0183
+B+: 0x7f27273b0184 0x7f27273b01a2
+B+: 0x7f27273b01a3 0x7f27273b01b1
+B+: 0x7f27273b01b2 0x7f27273b01b7
+B+: 0x7f27273b01b8 0x7f27273b01c1
+B+: 0x7f27273b01c2 0x7f27273b01c5
+B+: 0x7f27273b01c6 0x7f27273b01ca
+B+: 0x7f27273b01cb 0x7f27273b01d6
+B+: 0x7f27273b01d7 0x7f27273b01db
+B+: 0x7f27273b01dc 0x7f27273b01e0
+B+: 0x7f27273b0213 0x7f27273b0216
+B+: 0x7f27273b0220 0x7f27273b0249
+B+: 0x7f27273b0250 0x7f27273b0262
+B+: 0x7f27273b0278 0x7f27273b0278
+B+: 0x7f27273b0280 0x7f27273b02a3
+B+: 0x7f27273b02b8 0x7f27273b02b8
+B+: 0x7f27273b02c0 0x7f27273b02c8
+B+: 0x7f27273b02c9 0x7f27273b02d6
+B+: 0x7f27273b02d7 0x7f27273b02e2
+B+: 0x7f27273b02e3 0x7f27273b02e7
+B+: 0x7f27273b02e8 0x7f27273b02f0
+B+: 0x7f27273b0300 0x7f27273b0304
+B+: 0x7f27273b03c0 0x7f27273b03ec
+B+: 0x7f27273b03ed 0x7f27273b03f2
+B+: 0x7f27273b03f3 0x7f27273b0404
+B+: 0x7f27273b0405 0x7f27273b040d
+B+: 0x7f27273b040e 0x7f27273b041c
+B+: 0x7f27273b0424 0x7f27273b042c
+CND+ 0x7f27273b000e: taken
+CND+ 0x7f27273b0126: taken
+CND+ 0x7f27273b012b: not taken
+CND+ 0x7f27273b0131: not taken
+CND+ 0x7f27273b0136: taken
+CND+ 0x7f27273b014d: not taken
+CND+ 0x7f27273b01b6: not taken
+CND+ 0x7f27273b01c4: not taken
+CND+ 0x7f27273b01c9: taken
+CND+ 0x7f27273b01df: taken
+CND+ 0x7f27273b0261: taken
+CND+ 0x7f27273b02a2: taken
+CND+ 0x7f27273b02c7: not taken
+CND+ 0x7f27273b02d5: not taken
+CND+ 0x7f27273b03f1: not taken
+CND+ 0x7f27273b040c: not taken
@0x7f27273b0026 to 0x7f272b39f500 5
@0x7f27273b0030 to 0x7f27273b0036 1
@0x7f27273b0040 to 0x7f27273b0046 1
@0x7f27273b0050 to 0x7f27273b0056 1
@0x7f27273b00b0 to 0x7f27273b00b6 1
@0x7f27273b00c0 to 0x7f27273b00c6 1
@0x7f27273b00e0 to 0x7f2729f051c0 1
@0x7f27273b0244 to 0x7f2729eeefb0 1
@0x7f27273b0401 to 0x7f27273b0300 1
