MODULE_NAME: /usr/bin/gs
MODULE_START: 0x7f2b92c9b000
+B+: 0x7f2b92c9c000 0x7f2b92c9c00f
+B+: 0x7f2b92c9c012 0x7f2b92c9c016
+B+: 0x7f2b92c9c020 0x7f2b92c9c02b
+B+: 0x7f2b92c9c030 0x7f2b92c9c035
+B+: 0x7f2b92c9c036 0x7f2b92c9c03f
+B+: 0x7f2b92c9c040 0x7f2b92c9c045
+B+: 0x7f2b92c9c046 0x7f2b92c9c04f
+B+: 0x7f2b92c9c050 0x7f2b92c9c055
+B+: 0x7f2b92c9c056 0x7f2b92c9c05f
+B+: 0x7f2b92c9c090 0x7f2b92c9c095
+B+: 0x7f2b92c9c096 0x7f2b92c9c09f
+B+: 0x7f2b92c9c0b0 0x7f2b92c9c0b5
+B+: 0x7f2b92c9c0b6 0x7f2b92c9c0bf
+B+: 0x7f2b92c9c0c0 0x7f2b92c9c0c5
+B+: 0x7f2b92c9c0c6 0x7f2b92c9c0cf
+B+: 0x7f2b92c9c0d0 0x7f2b92c9c0d5
+B+: 0x7f2b92c9c0d6 0x7f2b92c9c0df
+B+: 0x7f2b92c9c0e0 0x7f2b92c9c0e5
+B+: 0x7f2b92c9c0f0 0x7f2b92c9c121
+B+: 0x7f2b92c9c122 0x7f2b92c9c127
+B+: 0x7f2b92c9c128 0x7f2b92c9c130
+B+: 0x7f2b92c9c131 0x7f2b92c9c132
+B+: 0x7f2b92c9c133 0x7f2b92c9c137
+B+: 0x7f2b92c9c138 0x7f2b92c9c152
+B+: 0x7f2b92c9c153 0x7f2b92c9c15b
+B+: 0x7f2b92c9c184 0x7f2b92c9c1a2
+B+: 0x7f2b92c9c1a3 0x7f2b92c9c1b1
+B+: 0x7f2b92c9c1b2 0x7f2b92c9c1b7
+B+: 0x7f2b92c9c1b8 0x7f2b92c9c1c1
+B+: 0x7f2b92c9c1c2 0x7f2b92c9c1c5
+B+: 0x7f2b92c9c1c6 0x7f2b92c9c1ca
+B+: 0x7f2b92c9c1cb 0x7f2b92c9c1d6
+B+: 0x7f2b92c9c1d7 0x7f2b92c9c1db
+B+: 0x7f2b92c9c220 0x7f2b92c9c249
+B+: 0x7f2b92c9c250 0x7f2b92c9c262
+B+: 0x7f2b92c9c278 0x7f2b92c9c278
+B+: 0x7f2b92c9c280 0x7f2b92c9c2a3
+B+: 0x7f2b92c9c2b8 0x7f2b92c9c2b8
+B+: 0x7f2b92c9c2c0 0x7f2b92c9c2c8
+B+: 0x7f2b92c9c2c9 0x7f2b92c9c2d6
+B+: 0x7f2b92c9c2d7 0x7f2b92c9c2e2
+B+: 0x7f2b92c9c2e3 0x7f2b92c9c2e7
+B+: 0x7f2b92c9c2e8 0x7f2b92c9c2f0
+B+: 0x7f2b92c9c300 0x7f2b92c9c304
+B+: 0x7f2b92c9c350 0x7f2b92c9c373
+B+: 0x7f2b92c9c374 0x7f2b92c9c37c
+B+: 0x7f2b92c9c37d 0x7f2b92c9c385
+B+: 0x7f2b92c9c3c0 0x7f2b92c9c3ec
+B+: 0x7f2b92c9c3ed 0x7f2b92c9c3f2
+B+: 0x7f2b92c9c3f3 0x7f2b92c9c404
+B+: 0x7f2b92c9c405 0x7f2b92c9c40d
+B+: 0x7f2b92c9c40e 0x7f2b92c9c41c
+B+: 0x7f2b92c9c424 0x7f2b92c9c42c
+CND+ 0x7f2b92c9c00e: taken
+CND+ 0x7f2b92c9c126: taken
+CND+ 0x7f2b92c9c12b: not taken
+CND+ 0x7f2b92c9c131: not taken
+CND+ 0x7f2b92c9c136: not taken
+CND+ 0x7f2b92c9c14d: not taken
+CND+ 0x7f2b92c9c1b6: not taken
+CND+ 0x7f2b92c9c1c4: not taken
+CND+ 0x7f2b92c9c1c9: not taken
+CND+ 0x7f2b92c9c261: taken
+CND+ 0x7f2b92c9c2a2: taken
+CND+ 0x7f2b92c9c2c7: not taken
+CND+ 0x7f2b92c9c2d5: not taken
+CND+ 0x7f2b92c9c3f1: not taken
+CND+ 0x7f2b92c9c40c: not taken
@0x7f2b92c9c026 to 0x7f2b96c8b500 7
@0x7f2b92c9c030 to 0x7f2b92c9c036 1
@0x7f2b92c9c040 to 0x7f2b92c9c046 1
@0x7f2b92c9c050 to 0x7f2b92c9c056 1
@0x7f2b92c9c090 to 0x7f2b92c9c096 1
@0x7f2b92c9c0b0 to 0x7f2b92c9c0b6 1
@0x7f2b92c9c0c0 to 0x7f2b92c9c0c6 1
@0x7f2b92c9c0d0 to 0x7f2b92c9c0d6 1
@0x7f2b92c9c0e0 to 0x7f2b957f11c0 1
@0x7f2b92c9c244 to 0x7f2b957dafb0 1
@0x7f2b92c9c401 to 0x7f2b92c9c300 1
