MODULE_NAME: /bin/dash
MODULE_START: 0x7fe150a6f000
+B+: 0x7fe150a73000 0x7fe150a7300f
+B+: 0x7fe150a73012 0x7fe150a73016
+B+: 0x7fe150a73050 0x7fe150a73055
+B+: 0x7fe150a73080 0x7fe150a73085
+B+: 0x7fe150a73090 0x7fe150a73095
+B+: 0x7fe150a730a0 0x7fe150a730a5
+B+: 0x7fe150a730d0 0x7fe150a730d5
+B+: 0x7fe150a730f0 0x7fe150a730f5
+B+: 0x7fe150a73130 0x7fe150a73135
+B+: 0x7fe150a73140 0x7fe150a73145
+B+: 0x7fe150a73150 0x7fe150a73155
+B+: 0x7fe150a73160 0x7fe150a73165
+B+: 0x7fe150a73190 0x7fe150a73195
+B+: 0x7fe150a731c0 0x7fe150a731c5
+B+: 0x7fe150a731e0 0x7fe150a731e5
+B+: 0x7fe150a73220 0x7fe150a73225
+B+: 0x7fe150a73230 0x7fe150a73235
+B+: 0x7fe150a73280 0x7fe150a73285
+B+: 0x7fe150a732a0 0x7fe150a732a5
+B+: 0x7fe150a732d0 0x7fe150a732d5
+B+: 0x7fe150a73320 0x7fe150a73325
+B+: 0x7fe150a73330 0x7fe150a73335
+B+: 0x7fe150a73350 0x7fe150a73355
+B+: 0x7fe150a73370 0x7fe150a73375
+B+: 0x7fe150a73390 0x7fe150a73395
+B+: 0x7fe150a733b0 0x7fe150a733b5
+B+: 0x7fe150a733c0 0x7fe150a733c5
+B+: 0x7fe150a733e0 0x7fe150a733e5
+B+: 0x7fe150a73410 0x7fe150a73415
+B+: 0x7fe150a73460 0x7fe150a73465
+B+: 0x7fe150a73510 0x7fe150a73515
+B+: 0x7fe150a73560 0x7fe150a73565
+B+: 0x7fe150a73570 0x7fe150a73575
+B+: 0x7fe150a73590 0x7fe150a735b8
+B+: 0x7fe150a735b9 0x7fe150a735c4
+B+: 0x7fe150a735c5 0x7fe150a735cf
+B+: 0x7fe150a735d0 0x7fe150a735e7
+B+: 0x7fe150a735e8 0x7fe150a735ef
+B+: 0x7fe150a735f0 0x7fe150a73600
+B+: 0x7fe150a73601 0x7fe150a7360b
+B+: 0x7fe150a7360c 0x7fe150a73615
+B+: 0x7fe150a73616 0x7fe150a73623
+B+: 0x7fe150a73624 0x7fe150a7362b
+B+: 0x7fe150a7362c 0x7fe150a7363c
+B+: 0x7fe150a73657 0x7fe150a73660
+B+: 0x7fe150a73661 0x7fe150a73678
+B+: 0x7fe150a73679 0x7fe150a7367f
+B+: 0x7fe150a73680 0x7fe150a7368c
+B+: 0x7fe150a7368d 0x7fe150a73696
+B+: 0x7fe150a73697 0x7fe150a7369b
+B+: 0x7fe150a73760 0x7fe150a73789
+B+: 0x7fe150a737c0 0x7fe150a737e3
+B+: 0x7fe150a737f8 0x7fe150a737f8
+B+: 0x7fe150a73840 0x7fe150a73844
+B+: 0x7fe150a73850 0x7fe150a73863
+B+: 0x7fe150a73864 0x7fe150a7386f
+B+: 0x7fe150a73870 0x7fe150a7387d
+B+: 0x7fe150a7387e 0x7fe150a738aa
+B+: 0x7fe150a738ab 0x7fe150a738ac
+B+: 0x7fe150a738cb 0x7fe150a738d2
+B+: 0x7fe150a73a50 0x7fe150a73a57
+B+: 0x7fe150a73a58 0x7fe150a73a5e
+B+: 0x7fe150a73a5f 0x7fe150a73a63
+B+: 0x7fe150a73a71 0x7fe150a73a72
+B+: 0x7fe150a746d0 0x7fe150a746eb
+B+: 0x7fe150a746ec 0x7fe150a74705
+B+: 0x7fe150a74717 0x7fe150a7471b
+B+: 0x7fe150a7471c 0x7fe150a74720
+B+: 0x7fe150a7472c 0x7fe150a74730
+B+: 0x7fe150a7473e 0x7fe150a7474d
+B+: 0x7fe150a7474e 0x7fe150a74757
+B+: 0x7fe150a74758 0x7fe150a74775
+B+: 0x7fe150a74780 0x7fe150a74788
+B+: 0x7fe150a74789 0x7fe150a74790
+B+: 0x7fe150a74791 0x7fe150a7479c
+B+: 0x7fe150a75060 0x7fe150a7507e
+B+: 0x7fe150a7510d 0x7fe150a7511c
+B+: 0x7fe150a7511d 0x7fe150a75123
+B+: 0x7fe150a75140 0x7fe150a7514a
+B+: 0x7fe150a7514b 0x7fe150a75152
+B+: 0x7fe150a75153 0x7fe150a7515d
+B+: 0x7fe150a7515e 0x7fe150a7516f
+B+: 0x7fe150a75188 0x7fe150a7518c
+B+: 0x7fe150a7518d 0x7fe150a75191
+B+: 0x7fe150a75192 0x7fe150a7519c
+B+: 0x7fe150a751a7 0x7fe150a751ad
+B+: 0x7fe150a751ae 0x7fe150a751b5
+B+: 0x7fe150a751c0 0x7fe150a751cf
+B+: 0x7fe150a75bc0 0x7fe150a75bfa
+B+: 0x7fe150a75bfb 0x7fe150a75c07
+B+: 0x7fe150a75c08 0x7fe150a75c0f
+B+: 0x7fe150a75c10 0x7fe150a75c11
+B+: 0x7fe150a75c18 0x7fe150a75c21
+B+: 0x7fe150a75c22 0x7fe150a75c2e
+B+: 0x7fe150a75c32 0x7fe150a75c39
+B+: 0x7fe150a75c3a 0x7fe150a75c49
+B+: 0x7fe150a75c4a 0x7fe150a75c51
+B+: 0x7fe150a75c52 0x7fe150a75c58
+B+: 0x7fe150a75c59 0x7fe150a75c60
+B+: 0x7fe150a75c61 0x7fe150a75c68
+B+: 0x7fe150a75c69 0x7fe150a75c6d
+B+: 0x7fe150a75c6e 0x7fe150a75c77
+B+: 0x7fe150a75c78 0x7fe150a75c89
+B+: 0x7fe150a75c8a 0x7fe150a75c98
+B+: 0x7fe150a75e90 0x7fe150a75ed3
+B+: 0x7fe150a75edf 0x7fe150a75ef5
+B+: 0x7fe150a75ef6 0x7fe150a75efa
+B+: 0x7fe150a75efb 0x7fe150a75f5a
+B+: 0x7fe150a75f5b 0x7fe150a75f67
+B+: 0x7fe150a75f68 0x7fe150a75f77
+B+: 0x7fe150a75f78 0x7fe150a75f7f
+B+: 0x7fe150a75f80 0x7fe150a75f8b
+B+: 0x7fe150a75f8c 0x7fe150a75f94
+B+: 0x7fe150a75f95 0x7fe150a75f9b
+B+: 0x7fe150a75fa0 0x7fe150a75faf
+B+: 0x7fe150a75fb0 0x7fe150a75fc5
+B+: 0x7fe150a75fc6 0x7fe150a75fcf
+B+: 0x7fe150a75fd0 0x7fe150a75fe3
+B+: 0x7fe150a75fe4 0x7fe150a75ffc
+B+: 0x7fe150a76019 0x7fe150a7602b
+B+: 0x7fe150a7602c 0x7fe150a76034
+B+: 0x7fe150a76035 0x7fe150a76047
+B+: 0x7fe150a76048 0x7fe150a7605b
+B+: 0x7fe150a760a8 0x7fe150a760b4
+B+: 0x7fe150a760b5 0x7fe150a760b9
+B+: 0x7fe150a760db 0x7fe150a760e1
+B+: 0x7fe150a760f0 0x7fe150a76103
+B+: 0x7fe150a76104 0x7fe150a76113
+B+: 0x7fe150a76114 0x7fe150a7611b
+B+: 0x7fe150a7611c 0x7fe150a76122
+B+: 0x7fe150a76123 0x7fe150a76152
+B+: 0x7fe150a76153 0x7fe150a7615f
+B+: 0x7fe150a76160 0x7fe150a76168
+B+: 0x7fe150a76216 0x7fe150a7621c
+B+: 0x7fe150a76224 0x7fe150a7622d
+B+: 0x7fe150a7622e 0x7fe150a76237
+B+: 0x7fe150a76238 0x7fe150a76241
+B+: 0x7fe150a76242 0x7fe150a7624b
+B+: 0x7fe150a7625d 0x7fe150a76266
+B+: 0x7fe150a76267 0x7fe150a76281
+B+: 0x7fe150a76282 0x7fe150a76293
+B+: 0x7fe150a7634c 0x7fe150a76353
+B+: 0x7fe150a76354 0x7fe150a7636f
+B+: 0x7fe150a7651b 0x7fe150a76525
+B+: 0x7fe150a76526 0x7fe150a7652e
+B+: 0x7fe150a7652f 0x7fe150a76537
+B+: 0x7fe150a768d0 0x7fe150a768ec
+B+: 0x7fe150a768ed 0x7fe150a768f1
+B+: 0x7fe150a768f8 0x7fe150a768fa
+B+: 0x7fe150a768fb 0x7fe150a76907
+B+: 0x7fe150a76908 0x7fe150a7693e
+B+: 0x7fe150a7693f 0x7fe150a76940
+B+: 0x7fe150a76963 0x7fe150a76977
+B+: 0x7fe150a76980 0x7fe150a76986
+B+: 0x7fe150a76987 0x7fe150a7698e
+B+: 0x7fe150a7698f 0x7fe150a76997
+B+: 0x7fe150a76998 0x7fe150a769ba
+B+: 0x7fe150a769bb 0x7fe150a769bc
+B+: 0x7fe150a769c0 0x7fe150a769e7
+B+: 0x7fe150a769e8 0x7fe150a769f7
+B+: 0x7fe150a76a19 0x7fe150a76a21
+B+: 0x7fe150a76a22 0x7fe150a76a2a
+B+: 0x7fe150a76a2b 0x7fe150a76a34
+B+: 0x7fe150a76a35 0x7fe150a76a3f
+B+: 0x7fe150a76ad0 0x7fe150a76ae9
+B+: 0x7fe150a76aea 0x7fe150a76b00
+B+: 0x7fe150a76b10 0x7fe150a76b1f
+B+: 0x7fe150a76b20 0x7fe150a76b2b
+B+: 0x7fe150a76b2c 0x7fe150a76b31
+B+: 0x7fe150a76b32 0x7fe150a76b41
+B+: 0x7fe150a76b56 0x7fe150a76b61
+B+: 0x7fe150a76b62 0x7fe150a76b6f
+B+: 0x7fe150a76b70 0x7fe150a76b85
+B+: 0x7fe150a76b86 0x7fe150a76b97
+B+: 0x7fe150a76b98 0x7fe150a76bc0
+B+: 0x7fe150a76bc8 0x7fe150a76bcc
+B+: 0x7fe150a76bcd 0x7fe150a76bea
+B+: 0x7fe150a76d70 0x7fe150a76d98
+B+: 0x7fe150a76da0 0x7fe150a76da1
+B+: 0x7fe150a76da2 0x7fe150a76daa
+B+: 0x7fe150a76dab 0x7fe150a76dc5
+B+: 0x7fe150a76dc6 0x7fe150a76dc9
+B+: 0x7fe150a76dca 0x7fe150a76dd1
+B+: 0x7fe150a76dd2 0x7fe150a76de6
+B+: 0x7fe150a76df0 0x7fe150a76e2a
+B+: 0x7fe150a76e2b 0x7fe150a76e2f
+B+: 0x7fe150a76e46 0x7fe150a76e5c
+B+: 0x7fe150a76e5d 0x7fe150a76e6e
+B+: 0x7fe150a76e90 0x7fe150a76ead
+B+: 0x7fe150a76ec8 0x7fe150a76ed1
+B+: 0x7fe150a76ed2 0x7fe150a76edd
+B+: 0x7fe150a76f6c 0x7fe150a76f8f
+B+: 0x7fe150a76f90 0x7fe150a76f9c
+B+: 0x7fe150a76f9d 0x7fe150a76fa8
+B+: 0x7fe150a76fa9 0x7fe150a76fb0
+B+: 0x7fe150a76fb1 0x7fe150a76fc5
+B+: 0x7fe150a77008 0x7fe150a77012
+B+: 0x7fe150a77013 0x7fe150a7701e
+B+: 0x7fe150a7701f 0x7fe150a7702e
+B+: 0x7fe150a77060 0x7fe150a77066
+B+: 0x7fe150a77067 0x7fe150a77074
+B+: 0x7fe150a77075 0x7fe150a77086
+B+: 0x7fe150a77087 0x7fe150a7708e
+B+: 0x7fe150a7708f 0x7fe150a770a2
+B+: 0x7fe150a770a3 0x7fe150a770b0
+B+: 0x7fe150a77100 0x7fe150a77116
+B+: 0x7fe150a77145 0x7fe150a7714d
+B+: 0x7fe150a7714e 0x7fe150a77157
+B+: 0x7fe150a77160 0x7fe150a77166
+B+: 0x7fe150a771c0 0x7fe150a771d1
+B+: 0x7fe150a771e8 0x7fe150a771ef
+B+: 0x7fe150a77248 0x7fe150a7725b
+B+: 0x7fe150a7725c 0x7fe150a77271
+B+: 0x7fe150a777d0 0x7fe150a777ff
+B+: 0x7fe150a7780f 0x7fe150a77812
+B+: 0x7fe150a77813 0x7fe150a7781c
+B+: 0x7fe150a7781d 0x7fe150a77820
+B+: 0x7fe150a77821 0x7fe150a7782f
+B+: 0x7fe150a77830 0x7fe150a7783a
+B+: 0x7fe150a7784f 0x7fe150a7785a
+B+: 0x7fe150a7785f 0x7fe150a77862
+B+: 0x7fe150a77870 0x7fe150a77877
+B+: 0x7fe150a77878 0x7fe150a7788d
+B+: 0x7fe150a78440 0x7fe150a78464
+B+: 0x7fe150a7861e 0x7fe150a78627
+B+: 0x7fe150a78628 0x7fe150a78631
+B+: 0x7fe150a78632 0x7fe150a78659
+B+: 0x7fe150a786af 0x7fe150a786bc
+B+: 0x7fe150a786c0 0x7fe150a786cb
+B+: 0x7fe150a78730 0x7fe150a7873b
+B+: 0x7fe150a78740 0x7fe150a7875e
+B+: 0x7fe150a7875f 0x7fe150a78767
+B+: 0x7fe150a787d2 0x7fe150a787e3
+B+: 0x7fe150a788a0 0x7fe150a788a7
+B+: 0x7fe150a79260 0x7fe150a792a5
+B+: 0x7fe150a792b5 0x7fe150a792be
+B+: 0x7fe150a792bf 0x7fe150a792d2
+B+: 0x7fe150a792d3 0x7fe150a792fc
+B+: 0x7fe150a792fd 0x7fe150a79310
+B+: 0x7fe150a79324 0x7fe150a79328
+B+: 0x7fe150a79336 0x7fe150a7933f
+B+: 0x7fe150a79340 0x7fe150a79344
+B+: 0x7fe150a79370 0x7fe150a79386
+B+: 0x7fe150a79387 0x7fe150a79398
+B+: 0x7fe150a793a0 0x7fe150a793b6
+B+: 0x7fe150a793b7 0x7fe150a793d7
+B+: 0x7fe150a793dd 0x7fe150a793ec
+B+: 0x7fe150a79850 0x7fe150a79886
+B+: 0x7fe150a79887 0x7fe150a7989a
+B+: 0x7fe150a7989b 0x7fe150a798ad
+B+: 0x7fe150a798ae 0x7fe150a798c4
+B+: 0x7fe150a798c5 0x7fe150a798d7
+B+: 0x7fe150a798d8 0x7fe150a798e7
+B+: 0x7fe150a798e8 0x7fe150a7990c
+B+: 0x7fe150a7990d 0x7fe150a79915
+B+: 0x7fe150a79924 0x7fe150a79933
+B+: 0x7fe150a79934 0x7fe150a79947
+B+: 0x7fe150a79948 0x7fe150a79954
+B+: 0x7fe150a79955 0x7fe150a7995f
+B+: 0x7fe150a79960 0x7fe150a79964
+B+: 0x7fe150a79a6a 0x7fe150a79a7c
+B+: 0x7fe150a79a7d 0x7fe150a79a9c
+B+: 0x7fe150a79ba0 0x7fe150a79bad
+B+: 0x7fe150a79bae 0x7fe150a79be1
+B+: 0x7fe150a79bf0 0x7fe150a79bfb
+B+: 0x7fe150a79db0 0x7fe150a79dbd
+B+: 0x7fe150a79dbe 0x7fe150a79dca
+B+: 0x7fe150a79dcb 0x7fe150a79de3
+B+: 0x7fe150a79de8 0x7fe150a79df4
+B+: 0x7fe150a79df8 0x7fe150a79e04
+B+: 0x7fe150a79e05 0x7fe150a79e12
+B+: 0x7fe150a79e13 0x7fe150a79e1d
+B+: 0x7fe150a79eb4 0x7fe150a79ec1
+B+: 0x7fe150a7a160 0x7fe150a7a174
+B+: 0x7fe150a7a175 0x7fe150a7a187
+B+: 0x7fe150a7a188 0x7fe150a7a1a2
+B+: 0x7fe150a7a1a3 0x7fe150a7a1ac
+B+: 0x7fe150a7a1ad 0x7fe150a7a1b3
+B+: 0x7fe150a7a1d0 0x7fe150a7a1e5
+B+: 0x7fe150a7a1eb 0x7fe150a7a1f3
+B+: 0x7fe150a7a205 0x7fe150a7a20b
+B+: 0x7fe150a7a20c 0x7fe150a7a21d
+B+: 0x7fe150a7a21e 0x7fe150a7a226
+B+: 0x7fe150a7a227 0x7fe150a7a230
+B+: 0x7fe150a7a231 0x7fe150a7a232
+B+: 0x7fe150a7a240 0x7fe150a7a248
+B+: 0x7fe150a7a260 0x7fe150a7a260
+B+: 0x7fe150a7a520 0x7fe150a7a534
+B+: 0x7fe150a7a572 0x7fe150a7a578
+B+: 0x7fe150a7a580 0x7fe150a7a583
+B+: 0x7fe150a7a610 0x7fe150a7a656
+B+: 0x7fe150a7a65b 0x7fe150a7a686
+B+: 0x7fe150a7a687 0x7fe150a7a69d
+B+: 0x7fe150a7a6fc 0x7fe150a7a708
+B+: 0x7fe150a7a709 0x7fe150a7a711
+B+: 0x7fe150a7a712 0x7fe150a7a72a
+B+: 0x7fe150a7a72b 0x7fe150a7a73c
+B+: 0x7fe150a7a740 0x7fe150a7a747
+B+: 0x7fe150a7a748 0x7fe150a7a75f
+B+: 0x7fe150a7a760 0x7fe150a7a766
+B+: 0x7fe150a7a767 0x7fe150a7a780
+B+: 0x7fe150a7a790 0x7fe150a7a793
+B+: 0x7fe150a7a794 0x7fe150a7a798
+B+: 0x7fe150a7a7a2 0x7fe150a7a7aa
+B+: 0x7fe150a7a7ab 0x7fe150a7a7ae
+B+: 0x7fe150a7a7af 0x7fe150a7a7bd
+B+: 0x7fe150a7a7cb 0x7fe150a7a7d3
+B+: 0x7fe150a7a825 0x7fe150a7a841
+B+: 0x7fe150a7a842 0x7fe150a7a84d
+B+: 0x7fe150a7a87e 0x7fe150a7a88e
+B+: 0x7fe150a7a88f 0x7fe150a7a8a0
+B+: 0x7fe150a7a8a1 0x7fe150a7a8ad
+B+: 0x7fe150a7ac10 0x7fe150a7ac30
+B+: 0x7fe150a7ac31 0x7fe150a7ac58
+B+: 0x7fe150a7ac5e 0x7fe150a7ac66
+B+: 0x7fe150a7ac67 0x7fe150a7ac6f
+B+: 0x7fe150a7ac78 0x7fe150a7ac87
+B+: 0x7fe150a7ac88 0x7fe150a7ac89
+B+: 0x7fe150a7aca0 0x7fe150a7acaf
+B+: 0x7fe150a7acba 0x7fe150a7acc4
+B+: 0x7fe150a7ace0 0x7fe150a7ace8
+B+: 0x7fe150a7b360 0x7fe150a7b36b
+B+: 0x7fe150a7b480 0x7fe150a7b480
+B+: 0x7fe150a7b9c0 0x7fe150a7b9db
+B+: 0x7fe150a7ba16 0x7fe150a7ba32
+B+: 0x7fe150a7ba33 0x7fe150a7ba52
+B+: 0x7fe150a7ba63 0x7fe150a7ba6a
+B+: 0x7fe150a7ba90 0x7fe150a7baa6
+B+: 0x7fe150a7baa7 0x7fe150a7baae
+B+: 0x7fe150a7baaf 0x7fe150a7bab6
+B+: 0x7fe150a7baf6 0x7fe150a7bb01
+B+: 0x7fe150a7bb0c 0x7fe150a7bb34
+B+: 0x7fe150a7bb40 0x7fe150a7bb57
+B+: 0x7fe150a7bb58 0x7fe150a7bb5f
+B+: 0x7fe150a7bb60 0x7fe150a7bb67
+B+: 0x7fe150a7bb68 0x7fe150a7bb70
+B+: 0x7fe150a7bb71 0x7fe150a7bb7a
+B+: 0x7fe150a7bb7b 0x7fe150a7bb80
+B+: 0x7fe150a7bb97 0x7fe150a7bb9c
+B+: 0x7fe150a7bc0a 0x7fe150a7bc3d
+B+: 0x7fe150a7bc47 0x7fe150a7bc53
+B+: 0x7fe150a7bed0 0x7fe150a7bede
+B+: 0x7fe150a7bedf 0x7fe150a7bee7
+B+: 0x7fe150a7bee8 0x7fe150a7befc
+B+: 0x7fe150a7befd 0x7fe150a7bf02
+B+: 0x7fe150a7bf03 0x7fe150a7bf1b
+B+: 0x7fe150a7bf1c 0x7fe150a7bf21
+B+: 0x7fe150a7bf22 0x7fe150a7bf2b
+B+: 0x7fe150a7bfc0 0x7fe150a7bfc7
+B+: 0x7fe150a7bfc8 0x7fe150a7bfd0
+B+: 0x7fe150a7c760 0x7fe150a7c768
+B+: 0x7fe150a7c769 0x7fe150a7c76d
+B+: 0x7fe150a7c76e 0x7fe150a7c772
+B+: 0x7fe150a7c780 0x7fe150a7c788
+B+: 0x7fe150a7c789 0x7fe150a7c78d
+B+: 0x7fe150a7c78e 0x7fe150a7c792
+B+: 0x7fe150a7c7c0 0x7fe150a7c7d9
+B+: 0x7fe150a7c7da 0x7fe150a7c7e6
+B+: 0x7fe150a7c7f7 0x7fe150a7c802
+B+: 0x7fe150a7c803 0x7fe150a7c80b
+B+: 0x7fe150a7c80c 0x7fe150a7c841
+B+: 0x7fe150a7c842 0x7fe150a7c84b
+B+: 0x7fe150a7c84c 0x7fe150a7c852
+B+: 0x7fe150a7c853 0x7fe150a7c875
+B+: 0x7fe150a7c880 0x7fe150a7c88e
+B+: 0x7fe150a7c8b0 0x7fe150a7c8c8
+B+: 0x7fe150a7c900 0x7fe150a7c941
+B+: 0x7fe150a7c950 0x7fe150a7c966
+B+: 0x7fe150a7c967 0x7fe150a7c97e
+B+: 0x7fe150a7c97f 0x7fe150a7c98a
+B+: 0x7fe150a7c98b 0x7fe150a7c9b3
+B+: 0x7fe150a7c9b4 0x7fe150a7c9bd
+B+: 0x7fe150a7c9be 0x7fe150a7c9bf
+B+: 0x7fe150a7c9d0 0x7fe150a7c9e8
+B+: 0x7fe150a7c9e9 0x7fe150a7ca14
+B+: 0x7fe150a7ca1e 0x7fe150a7ca25
+B+: 0x7fe150a7ca26 0x7fe150a7ca33
+B+: 0x7fe150a7ca34 0x7fe150a7ca46
+B+: 0x7fe150a7cae0 0x7fe150a7cafe
+B+: 0x7fe150a7caff 0x7fe150a7cb0c
+B+: 0x7fe150a7cb0d 0x7fe150a7cb1b
+B+: 0x7fe150a7cb1c 0x7fe150a7cb2c
+B+: 0x7fe150a7cb40 0x7fe150a7cb62
+B+: 0x7fe150a7cb98 0x7fe150a7cba9
+B+: 0x7fe150a7d6d0 0x7fe150a7d6f4
+B+: 0x7fe150a7d6f5 0x7fe150a7d70d
+B+: 0x7fe150a7d70e 0x7fe150a7d712
+B+: 0x7fe150a7d713 0x7fe150a7d71e
+B+: 0x7fe150a7d71f 0x7fe150a7d723
+B+: 0x7fe150a7d724 0x7fe150a7d728
+B+: 0x7fe150a7d729 0x7fe150a7d730
+B+: 0x7fe150a7d73c 0x7fe150a7d749
+B+: 0x7fe150a7d74a 0x7fe150a7d74d
+B+: 0x7fe150a7d74e 0x7fe150a7d760
+B+: 0x7fe150a7d761 0x7fe150a7d76b
+B+: 0x7fe150a7d790 0x7fe150a7d79d
+B+: 0x7fe150a7d79e 0x7fe150a7d7a5
+B+: 0x7fe150a7d7a6 0x7fe150a7d7a7
+B+: 0x7fe150a7d890 0x7fe150a7d89d
+B+: 0x7fe150a7d89e 0x7fe150a7d8a9
+B+: 0x7fe150a7d8aa 0x7fe150a7d8bd
+B+: 0x7fe150a7d8c0 0x7fe150a7d8ca
+B+: 0x7fe150a7d8d0 0x7fe150a7d8ef
+B+: 0x7fe150a7d8f0 0x7fe150a7d8f4
+B+: 0x7fe150a7d8f5 0x7fe150a7d90c
+B+: 0x7fe150a7d90d 0x7fe150a7d910
+B+: 0x7fe150a7d911 0x7fe150a7d912
+B+: 0x7fe150a7d913 0x7fe150a7d91b
+B+: 0x7fe150a7d91c 0x7fe150a7d930
+B+: 0x7fe150a7d938 0x7fe150a7d93c
+B+: 0x7fe150a7d980 0x7fe150a7d98f
+B+: 0x7fe150a7d990 0x7fe150a7d99b
+B+: 0x7fe150a7d99c 0x7fe150a7d9ab
+B+: 0x7fe150a7da80 0x7fe150a7da93
+B+: 0x7fe150a7da94 0x7fe150a7daac
+B+: 0x7fe150a7daad 0x7fe150a7dabf
+B+: 0x7fe150a7dac0 0x7fe150a7dada
+B+: 0x7fe150a7dadb 0x7fe150a7dae3
+B+: 0x7fe150a7daec 0x7fe150a7daf8
+B+: 0x7fe150a7daf9 0x7fe150a7db02
+B+: 0x7fe150a7db03 0x7fe150a7db06
+B+: 0x7fe150a7db07 0x7fe150a7db1a
+B+: 0x7fe150a7dc49 0x7fe150a7dc55
+B+: 0x7fe150a7dc56 0x7fe150a7dc67
+B+: 0x7fe150a7dc82 0x7fe150a7dc93
+B+: 0x7fe150a7dd77 0x7fe150a7dd82
+B+: 0x7fe150a7dda0 0x7fe150a7ddb2
+B+: 0x7fe150a7ddb3 0x7fe150a7dddf
+B+: 0x7fe150a7dde0 0x7fe150a7ddeb
+B+: 0x7fe150a7ddec 0x7fe150a7ddfc
+B+: 0x7fe150a7ddfd 0x7fe150a7de18
+B+: 0x7fe150a7de19 0x7fe150a7de25
+B+: 0x7fe150a7de26 0x7fe150a7de2e
+B+: 0x7fe150a7de2f 0x7fe150a7de3f
+B+: 0x7fe150a7de40 0x7fe150a7de44
+B+: 0x7fe150a7de45 0x7fe150a7de50
+B+: 0x7fe150a7de51 0x7fe150a7de5d
+B+: 0x7fe150a7de5e 0x7fe150a7de77
+B+: 0x7fe150a7dece 0x7fe150a7ded2
+B+: 0x7fe150a7ded3 0x7fe150a7dede
+B+: 0x7fe150a7dee0 0x7fe150a7deec
+B+: 0x7fe150a7df60 0x7fe150a7df7c
+B+: 0x7fe150a7e120 0x7fe150a7e128
+B+: 0x7fe150a7e129 0x7fe150a7e147
+B+: 0x7fe150a7e750 0x7fe150a7e75e
+B+: 0x7fe150a7e75f 0x7fe150a7e763
+B+: 0x7fe150a7e764 0x7fe150a7e770
+B+: 0x7fe150a7e771 0x7fe150a7e777
+B+: 0x7fe150a7e778 0x7fe150a7e783
+B+: 0x7fe150a7e784 0x7fe150a7e788
+B+: 0x7fe150a7e789 0x7fe150a7e78d
+B+: 0x7fe150a7e78e 0x7fe150a7e796
+B+: 0x7fe150a7e797 0x7fe150a7e79e
+B+: 0x7fe150a7e890 0x7fe150a7e892
+B+: 0x7fe150a7e8a7 0x7fe150a7e8ab
+B+: 0x7fe150a7e8ac 0x7fe150a7e8b2
+B+: 0x7fe150a7e8b3 0x7fe150a7e8b6
+B+: 0x7fe150a7e8d0 0x7fe150a7e8e1
+B+: 0x7fe150a7e8e2 0x7fe150a7e8e6
+B+: 0x7fe150a7e8e7 0x7fe150a7e8eb
+B+: 0x7fe150a7e8ec 0x7fe150a7e8f1
+B+: 0x7fe150a7e8f2 0x7fe150a7e8fa
+B+: 0x7fe150a7e8fb 0x7fe150a7e8fc
+B+: 0x7fe150a7e940 0x7fe150a7e948
+B+: 0x7fe150a7e949 0x7fe150a7e951
+B+: 0x7fe150a7e980 0x7fe150a7e988
+B+: 0x7fe150a7e989 0x7fe150a7e98a
+B+: 0x7fe150a7e98b 0x7fe150a7e991
+B+: 0x7fe150a7e992 0x7fe150a7e9a2
+B+: 0x7fe150a7e9a8 0x7fe150a7e9ac
+B+: 0x7fe150a7e9eb 0x7fe150a7ea00
+B+: 0x7fe150a7ea08 0x7fe150a7ea10
+B+: 0x7fe150a7eaf0 0x7fe150a7eb11
+B+: 0x7fe150a7eb12 0x7fe150a7eb16
+B+: 0x7fe150a7eb17 0x7fe150a7eb1d
+B+: 0x7fe150a7eb1e 0x7fe150a7eb26
+B+: 0x7fe150a7eb27 0x7fe150a7eb34
+B+: 0x7fe150a7eb35 0x7fe150a7eb3c
+B+: 0x7fe150a7eb3d 0x7fe150a7eb49
+B+: 0x7fe150a7eb4a 0x7fe150a7eb5a
+B+: 0x7fe150a7eb5b 0x7fe150a7eb63
+B+: 0x7fe150a7eb7f 0x7fe150a7eb93
+B+: 0x7fe150a7eb94 0x7fe150a7eb9c
+B+: 0x7fe150a7ebe0 0x7fe150a7ebf7
+B+: 0x7fe150a7ebf8 0x7fe150a7ec00
+B+: 0x7fe150a7ec1b 0x7fe150a7ec2b
+B+: 0x7fe150a7ed40 0x7fe150a7ed5e
+B+: 0x7fe150a7ed5f 0x7fe150a7ed6d
+B+: 0x7fe150a7ed6e 0x7fe150a7ed72
+B+: 0x7fe150a7ed7d 0x7fe150a7ed90
+B+: 0x7fe150a7ed91 0x7fe150a7ed95
+B+: 0x7fe150a7ed96 0x7fe150a7ed9a
+B+: 0x7fe150a7eda0 0x7fe150a7eda4
+B+: 0x7fe150a7edd5 0x7fe150a7edd9
+B+: 0x7fe150a7edda 0x7fe150a7edde
+B+: 0x7fe150a7edf0 0x7fe150a7edfb
+B+: 0x7fe150a7edfc 0x7fe150a7ee07
+B+: 0x7fe150a7ee08 0x7fe150a7ee10
+B+: 0x7fe150a7ee2c 0x7fe150a7ee30
+B+: 0x7fe150a7ee31 0x7fe150a7ee36
+B+: 0x7fe150a7ee41 0x7fe150a7ee45
+B+: 0x7fe150a7ee46 0x7fe150a7ee54
+B+: 0x7fe150a7ee55 0x7fe150a7ee5d
+B+: 0x7fe150a7ee5e 0x7fe150a7ee62
+B+: 0x7fe150a7ee63 0x7fe150a7ee74
+B+: 0x7fe150a7ee78 0x7fe150a7ee84
+B+: 0x7fe150a7eea0 0x7fe150a7eea4
+B+: 0x7fe150a7eef0 0x7fe150a7ef03
+B+: 0x7fe150a7ef40 0x7fe150a7ef76
+B+: 0x7fe150a7ef77 0x7fe150a7ef82
+B+: 0x7fe150a7ef83 0x7fe150a7ef92
+B+: 0x7fe150a7f01b 0x7fe150a7f031
+B+: 0x7fe150a7f032 0x7fe150a7f040
+B+: 0x7fe150a7f075 0x7fe150a7f0b8
+B+: 0x7fe150a7f0b9 0x7fe150a7f0c3
+B+: 0x7fe150a7f0c4 0x7fe150a7f0cc
+B+: 0x7fe150a7f0cd 0x7fe150a7f0d5
+B+: 0x7fe150a7f0d6 0x7fe150a7f0de
+B+: 0x7fe150a7f0df 0x7fe150a7f106
+B+: 0x7fe150a7f107 0x7fe150a7f133
+B+: 0x7fe150a7f578 0x7fe150a7f581
+B+: 0x7fe150a7f582 0x7fe150a7f5a8
+B+: 0x7fe150a7f5a9 0x7fe150a7f5b6
+B+: 0x7fe150a7f5d0 0x7fe150a7f5e0
+B+: 0x7fe150a7f5e1 0x7fe150a7f5ee
+B+: 0x7fe150a7f5ef 0x7fe150a7f5f3
+B+: 0x7fe150a7f670 0x7fe150a7f67e
+B+: 0x7fe150a7f67f 0x7fe150a7f683
+B+: 0x7fe150a7f684 0x7fe150a7f692
+B+: 0x7fe150a7f693 0x7fe150a7f69a
+B+: 0x7fe150a7f69b 0x7fe150a7f6a2
+B+: 0x7fe150a7f6a3 0x7fe150a7f6b7
+B+: 0x7fe150a7f790 0x7fe150a7f7bc
+B+: 0x7fe150a7f7bd 0x7fe150a7f7d4
+B+: 0x7fe150a7f7e0 0x7fe150a7f83a
+B+: 0x7fe150a7f83b 0x7fe150a7f875
+B+: 0x7fe150a7f876 0x7fe150a7f893
+B+: 0x7fe150a7f894 0x7fe150a7f8a3
+B+: 0x7fe150a7f8a4 0x7fe150a7f8b0
+B+: 0x7fe150a7f9b4 0x7fe150a7f9b8
+B+: 0x7fe150a7f9b9 0x7fe150a7f9cf
+B+: 0x7fe150a7f9d0 0x7fe150a7f9dc
+B+: 0x7fe150a7f9dd 0x7fe150a7f9ef
+B+: 0x7fe150a7f9f0 0x7fe150a7f9f7
+B+: 0x7fe150a7fa01 0x7fe150a7fa16
+B+: 0x7fe150a7fa28 0x7fe150a7fa3d
+B+: 0x7fe150a7fa3e 0x7fe150a7fa4d
+B+: 0x7fe150a7fa79 0x7fe150a7fa97
+B+: 0x7fe150a7fa98 0x7fe150a7fac0
+B+: 0x7fe150a7fac1 0x7fe150a7facf
+B+: 0x7fe150a80148 0x7fe150a80154
+B+: 0x7fe150a80155 0x7fe150a80174
+B+: 0x7fe150a80175 0x7fe150a8017f
+B+: 0x7fe150a801ac 0x7fe150a801b0
+B+: 0x7fe150a801b1 0x7fe150a801b5
+B+: 0x7fe150a80a40 0x7fe150a80a64
+B+: 0x7fe150a80b10 0x7fe150a80b1a
+B+: 0x7fe150a80b40 0x7fe150a80b47
+B+: 0x7fe150a80b48 0x7fe150a80b51
+B+: 0x7fe150a80b58 0x7fe150a80b60
+B+: 0x7fe150a80b61 0x7fe150a80b6a
+B+: 0x7fe150a80b88 0x7fe150a80b8c
+B+: 0x7fe150a80b8d 0x7fe150a80b94
+B+: 0x7fe150a80ba0 0x7fe150a80ba4
+B+: 0x7fe150a80d00 0x7fe150a80d30
+B+: 0x7fe150a80e3f 0x7fe150a80e55
+B+: 0x7fe150a80e56 0x7fe150a80e67
+B+: 0x7fe150a811e0 0x7fe150a81222
+B+: 0x7fe150a81223 0x7fe150a81228
+B+: 0x7fe150a8124c 0x7fe150a81260
+B+: 0x7fe150a81261 0x7fe150a81269
+B+: 0x7fe150a81270 0x7fe150a81279
+B+: 0x7fe150a81288 0x7fe150a812a0
+B+: 0x7fe150a812a1 0x7fe150a812ba
+B+: 0x7fe150a812bb 0x7fe150a812bc
+B+: 0x7fe150a812d0 0x7fe150a812d8
+B+: 0x7fe150a812f8 0x7fe150a812f8
+B+: 0x7fe150a81300 0x7fe150a8130c
+B+: 0x7fe150a8133f 0x7fe150a81343
+B+: 0x7fe150a81380 0x7fe150a81384
+B+: 0x7fe150a813d0 0x7fe150a813e3
+B+: 0x7fe150a81400 0x7fe150a81400
+B+: 0x7fe150a81420 0x7fe150a8145b
+B+: 0x7fe150a81467 0x7fe150a81471
+B+: 0x7fe150a81472 0x7fe150a81489
+B+: 0x7fe150a8148a 0x7fe150a8148d
+B+: 0x7fe150a8148e 0x7fe150a81494
+B+: 0x7fe150a81495 0x7fe150a8149d
+B+: 0x7fe150a8149e 0x7fe150a814a9
+B+: 0x7fe150a814aa 0x7fe150a814c2
+B+: 0x7fe150a814c3 0x7fe150a814ce
+B+: 0x7fe150a814cf 0x7fe150a814e5
+B+: 0x7fe150a814e6 0x7fe150a814f5
+B+: 0x7fe150a81500 0x7fe150a8150e
+B+: 0x7fe150a8150f 0x7fe150a81513
+B+: 0x7fe150a81514 0x7fe150a8151e
+B+: 0x7fe150a81540 0x7fe150a81549
+B+: 0x7fe150a8154a 0x7fe150a8154e
+B+: 0x7fe150a8154f 0x7fe150a81560
+B+: 0x7fe150a81568 0x7fe150a81577
+B+: 0x7fe150a81580 0x7fe150a81589
+B+: 0x7fe150a815a8 0x7fe150a815bb
+B+: 0x7fe150a815c0 0x7fe150a815ce
+B+: 0x7fe150a815cf 0x7fe150a815dc
+B+: 0x7fe150a816f0 0x7fe150a816fd
+B+: 0x7fe150a817a0 0x7fe150a817a0
+B+: 0x7fe150a817b0 0x7fe150a817ba
+B+: 0x7fe150a817bb 0x7fe150a817ce
+B+: 0x7fe150a817cf 0x7fe150a817d8
+B+: 0x7fe150a817d9 0x7fe150a817e6
+B+: 0x7fe150a81800 0x7fe150a8182d
+B+: 0x7fe150a8182e 0x7fe150a81831
+B+: 0x7fe150a81832 0x7fe150a81847
+B+: 0x7fe150a81864 0x7fe150a8186b
+B+: 0x7fe150a8186c 0x7fe150a8186f
+B+: 0x7fe150a81870 0x7fe150a81876
+B+: 0x7fe150a81877 0x7fe150a8187b
+B+: 0x7fe150a8187c 0x7fe150a81886
+B+: 0x7fe150a81ae0 0x7fe150a81b01
+B+: 0x7fe150a81b02 0x7fe150a81b0a
+B+: 0x7fe150a81b0b 0x7fe150a81b14
+B+: 0x7fe150a81b15 0x7fe150a81b19
+B+: 0x7fe150a81c00 0x7fe150a81c19
+B+: 0x7fe150a81c51 0x7fe150a81c8e
+B+: 0x7fe150a81c8f 0x7fe150a81c9e
+B+: 0x7fe150a81c9f 0x7fe150a81ca6
+B+: 0x7fe150a81df0 0x7fe150a81dfb
+B+: 0x7fe150a81e20 0x7fe150a81e20
+B+: 0x7fe150a81e30 0x7fe150a81e38
+B+: 0x7fe150a83940 0x7fe150a8394b
+B+: 0x7fe150a8394c 0x7fe150a83957
+B+: 0x7fe150a83958 0x7fe150a83964
+B+: 0x7fe150a83965 0x7fe150a83969
+B+: 0x7fe150a8396a 0x7fe150a8396f
+B+: 0x7fe150a83970 0x7fe150a83976
+B+: 0x7fe150a83980 0x7fe150a83987
+B+: 0x7fe150a83988 0x7fe150a8398c
+B+: 0x7fe150a8398d 0x7fe150a8399b
+B+: 0x7fe150a8399c 0x7fe150a839a0
+B+: 0x7fe150a839a1 0x7fe150a839a8
+B+: 0x7fe150a839a9 0x7fe150a839ad
+B+: 0x7fe150a839ae 0x7fe150a839b8
+B+: 0x7fe150a839b9 0x7fe150a839b9
+B+: 0x7fe150a839c0 0x7fe150a839c5
+B+: 0x7fe150a839c6 0x7fe150a839c9
+B+: 0x7fe150a839d0 0x7fe150a839d0
+B+: 0x7fe150a839d1 0x7fe150a839d5
+B+: 0x7fe150a839d6 0x7fe150a839d9
+B+: 0x7fe150a839e0 0x7fe150a839ff
+B+: 0x7fe150a83a00 0x7fe150a83a11
+B+: 0x7fe150a83a12 0x7fe150a83a16
+B+: 0x7fe150a83a20 0x7fe150a83a22
+B+: 0x7fe150a83a23 0x7fe150a83a2f
+B+: 0x7fe150a83a30 0x7fe150a83a33
+B+: 0x7fe150a83a34 0x7fe150a83a5d
+B+: 0x7fe150a83a5e 0x7fe150a83a62
+B+: 0x7fe150a83a63 0x7fe150a83a82
+B+: 0x7fe150a83ac0 0x7fe150a83ade
+B+: 0x7fe150a83adf 0x7fe150a83ae3
+B+: 0x7fe150a83ae4 0x7fe150a83ae8
+B+: 0x7fe150a83af0 0x7fe150a83af2
+B+: 0x7fe150a83af3 0x7fe150a83aff
+B+: 0x7fe150a83b00 0x7fe150a83b03
+B+: 0x7fe150a83b04 0x7fe150a83b3e
+B+: 0x7fe150a83b3f 0x7fe150a83b49
+B+: 0x7fe150a83b4a 0x7fe150a83b57
+B+: 0x7fe150a83b58 0x7fe150a83b5d
+B+: 0x7fe150a83b5e 0x7fe150a83b66
+B+: 0x7fe150a83b67 0x7fe150a83b70
+B+: 0x7fe150a83b71 0x7fe150a83b7a
+B+: 0x7fe150a83b7b 0x7fe150a83b9a
+B+: 0x7fe150a83b9b 0x7fe150a83ba3
+B+: 0x7fe150a83ba4 0x7fe150a83bbd
+B+: 0x7fe150a83bc0 0x7fe150a83bc5
+B+: 0x7fe150a83bc6 0x7fe150a83bcf
+B+: 0x7fe150a83bd0 0x7fe150a83bd9
+B+: 0x7fe150a83bda 0x7fe150a83bf7
+B+: 0x7fe150a83c08 0x7fe150a83c14
+B+: 0x7fe150a83c15 0x7fe150a83c1b
+B+: 0x7fe150a83c1c 0x7fe150a83c29
+B+: 0x7fe150a83cb0 0x7fe150a83cca
+B+: 0x7fe150a83ccb 0x7fe150a83cda
+B+: 0x7fe150a83cdb 0x7fe150a83ce6
+B+: 0x7fe150a83ce7 0x7fe150a83cef
+B+: 0x7fe150a83cf0 0x7fe150a83cf4
+B+: 0x7fe150a83cf5 0x7fe150a83cfc
+B+: 0x7fe150a83cfd 0x7fe150a83d10
+B+: 0x7fe150a83d11 0x7fe150a83d21
+B+: 0x7fe150a83d22 0x7fe150a83d26
+B+: 0x7fe150a83d27 0x7fe150a83d38
+B+: 0x7fe150a83d39 0x7fe150a83d4b
+B+: 0x7fe150a83d4c 0x7fe150a83d54
+B+: 0x7fe150a83d55 0x7fe150a83d5e
+B+: 0x7fe150a83d5f 0x7fe150a83d6d
+B+: 0x7fe150a83ea0 0x7fe150a83eb6
+B+: 0x7fe150a83eb7 0x7fe150a83ebb
+B+: 0x7fe150a83ebc 0x7fe150a83ec0
+B+: 0x7fe150a83ec8 0x7fe150a83ecb
+B+: 0x7fe150a83ecc 0x7fe150a83ed9
+B+: 0x7fe150a83eda 0x7fe150a83edd
+B+: 0x7fe150a83ede 0x7fe150a83f06
+B+: 0x7fe150a83f07 0x7fe150a83f10
+B+: 0x7fe150a83f11 0x7fe150a83f16
+B+: 0x7fe150a83f17 0x7fe150a83f24
+B+: 0x7fe150a83f25 0x7fe150a83f2d
+B+: 0x7fe150a84440 0x7fe150a8446b
+B+: 0x7fe150a8446c 0x7fe150a84470
+B+: 0x7fe150a84471 0x7fe150a84475
+B+: 0x7fe150a84536 0x7fe150a8453e
+B+: 0x7fe150a8453f 0x7fe150a84548
+B+: 0x7fe150a84549 0x7fe150a84551
+B+: 0x7fe150a845d0 0x7fe150a845e4
+B+: 0x7fe150a845e5 0x7fe150a84606
+B+: 0x7fe150a84607 0x7fe150a84610
+B+: 0x7fe150a84611 0x7fe150a84618
+B+: 0x7fe150a84640 0x7fe150a84648
+B+: 0x7fe150a84649 0x7fe150a84656
+B+: 0x7fe150a84657 0x7fe150a8465f
+B+: 0x7fe150a84660 0x7fe150a84661
+B+: 0x7fe150a84760 0x7fe150a847aa
+B+: 0x7fe150a847ab 0x7fe150a847af
+B+: 0x7fe150a847b0 0x7fe150a847be
+B+: 0x7fe150a847c8 0x7fe150a847d3
+B+: 0x7fe150a847d4 0x7fe150a847d8
+B+: 0x7fe150a847d9 0x7fe150a847e0
+B+: 0x7fe150a847e1 0x7fe150a847e5
+B+: 0x7fe150a847e6 0x7fe150a847f3
+B+: 0x7fe150a847f4 0x7fe150a847fb
+B+: 0x7fe150a84800 0x7fe150a84810
+B+: 0x7fe150a84811 0x7fe150a84815
+B+: 0x7fe150a84816 0x7fe150a84832
+B+: 0x7fe150a84833 0x7fe150a84843
+B+: 0x7fe150a84844 0x7fe150a8484f
+B+: 0x7fe150a84850 0x7fe150a84857
+B+: 0x7fe150a84858 0x7fe150a8485c
+B+: 0x7fe150a8485d 0x7fe150a84868
+B+: 0x7fe150a84869 0x7fe150a8487b
+B+: 0x7fe150a8487c 0x7fe150a84884
+B+: 0x7fe150a84888 0x7fe150a84897
+B+: 0x7fe150a84898 0x7fe150a8489b
+B+: 0x7fe150a8489c 0x7fe150a848b4
+B+: 0x7fe150a848b5 0x7fe150a848b8
+B+: 0x7fe150a848b9 0x7fe150a848c6
+B+: 0x7fe150a848c7 0x7fe150a848d5
+B+: 0x7fe150a84dc0 0x7fe150a84dec
+B+: 0x7fe150a84ded 0x7fe150a84df2
+B+: 0x7fe150a84df3 0x7fe150a84e04
+B+: 0x7fe150a84e05 0x7fe150a84e0d
+B+: 0x7fe150a84e0e 0x7fe150a84e1c
+CND+ 0x7fe150a7300e: taken
+CND+ 0x7fe150a735ea: not taken
+CND+ 0x7fe150a73626: not taken
+CND+ 0x7fe150a7363b: taken
+CND+ 0x7fe150a73673: not taken
+CND+ 0x7fe150a73687: not taken
+CND+ 0x7fe150a73695: not taken
+CND+ 0x7fe150a737e2: taken
+CND+ 0x7fe150a73862: not taken
+CND+ 0x7fe150a7387c: both
+CND+ 0x7fe150a738a9: not taken
+CND+ 0x7fe150a73a5d: not taken
+CND+ 0x7fe150a73a62: taken
+CND+ 0x7fe150a746e6: not taken
+CND+ 0x7fe150a74704: taken
+CND+ 0x7fe150a7471a: not taken
+CND+ 0x7fe150a7471f: taken
+CND+ 0x7fe150a7472f: taken
+CND+ 0x7fe150a7474c: not taken
+CND+ 0x7fe150a74756: not taken
+CND+ 0x7fe150a7478f: not taken
+CND+ 0x7fe150a7479b: taken
+CND+ 0x7fe150a75079: taken
+CND+ 0x7fe150a7511b: not taken
+CND+ 0x7fe150a75149: not taken
+CND+ 0x7fe150a75158: not taken
+CND+ 0x7fe150a75190: not taken
+CND+ 0x7fe150a751ce: taken
+CND+ 0x7fe150a75c20: not taken
+CND+ 0x7fe150a75c2d: taken
+CND+ 0x7fe150a75c48: not taken
+CND+ 0x7fe150a75c5f: both
+CND+ 0x7fe150a75c88: not taken
+CND+ 0x7fe150a75ed2: taken
+CND+ 0x7fe150a75f55: not taken
+CND+ 0x7fe150a75f7e: not taken
+CND+ 0x7fe150a75f8a: not taken
+CND+ 0x7fe150a75f93: both
+CND+ 0x7fe150a75fc4: not taken
+CND+ 0x7fe150a75fe2: both
+CND+ 0x7fe150a75ffb: taken
+CND+ 0x7fe150a7605a: taken
+CND+ 0x7fe150a760af: not taken
+CND+ 0x7fe150a760b8: taken
+CND+ 0x7fe150a760e0: taken
+CND+ 0x7fe150a76116: not taken
+CND+ 0x7fe150a7615a: not taken
+CND+ 0x7fe150a76163: taken
+CND+ 0x7fe150a7621b: taken
+CND+ 0x7fe150a7624a: taken
+CND+ 0x7fe150a7627c: not taken
+CND+ 0x7fe150a7636a: taken
+CND+ 0x7fe150a76520: not taken
+CND+ 0x7fe150a76529: not taken
+CND+ 0x7fe150a76532: taken
+CND+ 0x7fe150a768eb: not taken
+CND+ 0x7fe150a76906: both
+CND+ 0x7fe150a7693d: not taken
+CND+ 0x7fe150a76985: both
+CND+ 0x7fe150a769f6: taken
+CND+ 0x7fe150a76a20: both
+CND+ 0x7fe150a76a29: not taken
+CND+ 0x7fe150a76a33: not taken
+CND+ 0x7fe150a76ae4: not taken
+CND+ 0x7fe150a76afb: taken
+CND+ 0x7fe150a76b2a: both
+CND+ 0x7fe150a76b30: both
+CND+ 0x7fe150a76b40: taken
+CND+ 0x7fe150a76b60: not taken
+CND+ 0x7fe150a76b96: not taken
+CND+ 0x7fe150a76be5: taken
+CND+ 0x7fe150a76da0: not taken
+CND+ 0x7fe150a76da9: not taken
+CND+ 0x7fe150a76dc8: both
+CND+ 0x7fe150a76dd0: both
+CND+ 0x7fe150a76e2e: taken
+CND+ 0x7fe150a76e57: not taken
+CND+ 0x7fe150a76eac: taken
+CND+ 0x7fe150a76ed8: taken
+CND+ 0x7fe150a76fa3: not taken
+CND+ 0x7fe150a76fc0: taken
+CND+ 0x7fe150a77019: not taken
+CND+ 0x7fe150a77065: not taken
+CND+ 0x7fe150a7706f: not taken
+CND+ 0x7fe150a77089: both
+CND+ 0x7fe150a7709d: not taken
+CND+ 0x7fe150a770ab: taken
+CND+ 0x7fe150a7714c: not taken
+CND+ 0x7fe150a77156: taken
+CND+ 0x7fe150a771cc: taken
+CND+ 0x7fe150a771ee: taken
+CND+ 0x7fe150a77811: both
+CND+ 0x7fe150a7781b: not taken
+CND+ 0x7fe150a7781f: not taken
+CND+ 0x7fe150a77839: taken
+CND+ 0x7fe150a77859: taken
+CND+ 0x7fe150a77861: taken
+CND+ 0x7fe150a7845f: taken
+CND+ 0x7fe150a78626: not taken
+CND+ 0x7fe150a786ca: taken
+CND+ 0x7fe150a78762: taken
+CND+ 0x7fe150a792a4: taken
+CND+ 0x7fe150a792bd: not taken
+CND+ 0x7fe150a792cd: not taken
+CND+ 0x7fe150a7930f: taken
+CND+ 0x7fe150a79327: taken
+CND+ 0x7fe150a7933a: not taken
+CND+ 0x7fe150a79343: taken
+CND+ 0x7fe150a79381: not taken
+CND+ 0x7fe150a793d6: taken
+CND+ 0x7fe150a793e7: taken
+CND+ 0x7fe150a79895: not taken
+CND+ 0x7fe150a798a8: not taken
+CND+ 0x7fe150a798d2: not taken
+CND+ 0x7fe150a79907: not taken
+CND+ 0x7fe150a79942: taken
+CND+ 0x7fe150a79953: not taken
+CND+ 0x7fe150a79963: taken
+CND+ 0x7fe150a79a7b: not taken
+CND+ 0x7fe150a79dbc: both
+CND+ 0x7fe150a79dc9: both
+CND+ 0x7fe150a79e03: not taken
+CND+ 0x7fe150a79e0d: not taken
+CND+ 0x7fe150a79e18: taken
+CND+ 0x7fe150a7a1a1: not taken
+CND+ 0x7fe150a7a1ab: not taken
+CND+ 0x7fe150a7a1e4: taken
+CND+ 0x7fe150a7a1f2: taken
+CND+ 0x7fe150a7a20a: not taken
+CND+ 0x7fe150a7a225: not taken
+CND+ 0x7fe150a7a22f: not taken
+CND+ 0x7fe150a7a247: taken
+CND+ 0x7fe150a7a533: taken
+CND+ 0x7fe150a7a582: taken
+CND+ 0x7fe150a7a655: taken
+CND+ 0x7fe150a7a698: taken
+CND+ 0x7fe150a7a703: not taken
+CND+ 0x7fe150a7a70c: taken
+CND+ 0x7fe150a7a725: not taken
+CND+ 0x7fe150a7a742: not taken
+CND+ 0x7fe150a7a75a: not taken
+CND+ 0x7fe150a7a765: not taken
+CND+ 0x7fe150a7a792: not taken
+CND+ 0x7fe150a7a797: taken
+CND+ 0x7fe150a7a7a9: taken
+CND+ 0x7fe150a7a7ad: not taken
+CND+ 0x7fe150a7a7bc: taken
+CND+ 0x7fe150a7a7ce: taken
+CND+ 0x7fe150a7a848: taken
+CND+ 0x7fe150a7a889: not taken
+CND+ 0x7fe150a7a89b: not taken
+CND+ 0x7fe150a7a8a8: taken
+CND+ 0x7fe150a7ac2f: not taken
+CND+ 0x7fe150a7ac57: taken
+CND+ 0x7fe150a7ac65: not taken
+CND+ 0x7fe150a7ac6e: taken
+CND+ 0x7fe150a7ac86: not taken
+CND+ 0x7fe150a7acae: taken
+CND+ 0x7fe150a7b366: taken
+CND+ 0x7fe150a7b9d6: taken
+CND+ 0x7fe150a7ba31: not taken
+CND+ 0x7fe150a7ba51: taken
+CND+ 0x7fe150a7baad: not taken
+CND+ 0x7fe150a7bab5: taken
+CND+ 0x7fe150a7bb00: taken
+CND+ 0x7fe150a7bb5a: not taken
+CND+ 0x7fe150a7bb62: not taken
+CND+ 0x7fe150a7bb6b: not taken
+CND+ 0x7fe150a7bb75: not taken
+CND+ 0x7fe150a7bb7f: taken
+CND+ 0x7fe150a7bb9b: taken
+CND+ 0x7fe150a7bc3c: taken
+CND+ 0x7fe150a7bed9: not taken
+CND+ 0x7fe150a7bee6: not taken
+CND+ 0x7fe150a7bf01: not taken
+CND+ 0x7fe150a7bf1a: not taken
+CND+ 0x7fe150a7bf20: not taken
+CND+ 0x7fe150a7bf26: taken
+CND+ 0x7fe150a7c76c: not taken
+CND+ 0x7fe150a7c78c: not taken
+CND+ 0x7fe150a7c7d8: both
+CND+ 0x7fe150a7c7e1: taken
+CND+ 0x7fe150a7c806: not taken
+CND+ 0x7fe150a7c840: not taken
+CND+ 0x7fe150a7c84a: not taken
+CND+ 0x7fe150a7c965: both
+CND+ 0x7fe150a7c989: not taken
+CND+ 0x7fe150a7c9b2: not taken
+CND+ 0x7fe150a7c9bc: not taken
+CND+ 0x7fe150a7c9e3: not taken
+CND+ 0x7fe150a7ca13: taken
+CND+ 0x7fe150a7cafd: not taken
+CND+ 0x7fe150a7cb1a: not taken
+CND+ 0x7fe150a7cb61: taken
+CND+ 0x7fe150a7d711: not taken
+CND+ 0x7fe150a7d71d: not taken
+CND+ 0x7fe150a7d722: not taken
+CND+ 0x7fe150a7d748: not taken
+CND+ 0x7fe150a7d74c: not taken
+CND+ 0x7fe150a7d75f: not taken
+CND+ 0x7fe150a7d7a4: not taken
+CND+ 0x7fe150a7d8f3: both
+CND+ 0x7fe150a7d90f: both
+CND+ 0x7fe150a7d911: not taken
+CND+ 0x7fe150a7d91a: taken
+CND+ 0x7fe150a7da92: not taken
+CND+ 0x7fe150a7daba: not taken
+CND+ 0x7fe150a7dad5: both
+CND+ 0x7fe150a7dade: taken
+CND+ 0x7fe150a7daf7: not taken
+CND+ 0x7fe150a7db01: not taken
+CND+ 0x7fe150a7db05: not taken
+CND+ 0x7fe150a7db19: taken
+CND+ 0x7fe150a7dc50: not taken
+CND+ 0x7fe150a7dc62: taken
+CND+ 0x7fe150a7ddb1: not taken
+CND+ 0x7fe150a7ddea: both
+CND+ 0x7fe150a7de13: not taken
+CND+ 0x7fe150a7de20: taken
+CND+ 0x7fe150a7de2d: not taken
+CND+ 0x7fe150a7de43: not taken
+CND+ 0x7fe150a7de4f: both
+CND+ 0x7fe150a7de58: not taken
+CND+ 0x7fe150a7de72: taken
+CND+ 0x7fe150a7dee7: taken
+CND+ 0x7fe150a7e75d: both
+CND+ 0x7fe150a7e76f: not taken
+CND+ 0x7fe150a7e782: both
+CND+ 0x7fe150a7e787: both
+CND+ 0x7fe150a7e795: both
+CND+ 0x7fe150a7e8b1: not taken
+CND+ 0x7fe150a7e8dc: not taken
+CND+ 0x7fe150a7e8ea: not taken
+CND+ 0x7fe150a7e8ec: both
+CND+ 0x7fe150a7e8f5: not taken
+CND+ 0x7fe150a7e8fb: taken
+CND+ 0x7fe150a7e943: not taken
+CND+ 0x7fe150a7e94c: taken
+CND+ 0x7fe150a7e983: not taken
+CND+ 0x7fe150a7e989: both
+CND+ 0x7fe150a7e990: not taken
+CND+ 0x7fe150a7e9ab: taken
+CND+ 0x7fe150a7ea0b: taken
+CND+ 0x7fe150a7eb10: both
+CND+ 0x7fe150a7eb1c: not taken
+CND+ 0x7fe150a7eb21: both
+CND+ 0x7fe150a7eb2f: not taken
+CND+ 0x7fe150a7eb37: both
+CND+ 0x7fe150a7eb44: both
+CND+ 0x7fe150a7eb5e: taken
+CND+ 0x7fe150a7eb92: both
+CND+ 0x7fe150a7eb9b: taken
+CND+ 0x7fe150a7ebfb: taken
+CND+ 0x7fe150a7ed68: both
+CND+ 0x7fe150a7ed71: taken
+CND+ 0x7fe150a7ed8b: not taken
+CND+ 0x7fe150a7eda3: taken
+CND+ 0x7fe150a7eddd: taken
+CND+ 0x7fe150a7ee02: not taken
+CND+ 0x7fe150a7ee0b: taken
+CND+ 0x7fe150a7ee2f: not taken
+CND+ 0x7fe150a7ee35: taken
+CND+ 0x7fe150a7ee4f: not taken
+CND+ 0x7fe150a7ee58: both
+CND+ 0x7fe150a7ef7d: not taken
+CND+ 0x7fe150a7f02c: not taken
+CND+ 0x7fe150a7f0c7: not taken
+CND+ 0x7fe150a7f0d0: both
+CND+ 0x7fe150a7f0d9: not taken
+CND+ 0x7fe150a7f5a7: both
+CND+ 0x7fe150a7f5ed: not taken
+CND+ 0x7fe150a7f5f2: taken
+CND+ 0x7fe150a7f682: not taken
+CND+ 0x7fe150a7f6a1: not taken
+CND+ 0x7fe150a7f7bb: not taken
+CND+ 0x7fe150a7f835: not taken
+CND+ 0x7fe150a7f870: not taken
+CND+ 0x7fe150a7f88e: not taken
+CND+ 0x7fe150a7f89e: not taken
+CND+ 0x7fe150a7f9ca: both
+CND+ 0x7fe150a7f9ea: taken
+CND+ 0x7fe150a7f9f6: taken
+CND+ 0x7fe150a7fa15: taken
+CND+ 0x7fe150a7fa38: not taken
+CND+ 0x7fe150a7fa48: taken
+CND+ 0x7fe150a7fabb: not taken
+CND+ 0x7fe150a8014f: not taken
+CND+ 0x7fe150a8016f: not taken
+CND+ 0x7fe150a8017e: taken
+CND+ 0x7fe150a80a5f: taken
+CND+ 0x7fe150a80b46: not taken
+CND+ 0x7fe150a80b50: taken
+CND+ 0x7fe150a80b69: taken
+CND+ 0x7fe150a80b93: taken
+CND+ 0x7fe150a80d2b: taken
+CND+ 0x7fe150a80e50: not taken
+CND+ 0x7fe150a81227: taken
+CND+ 0x7fe150a8125f: not taken
+CND+ 0x7fe150a81278: taken
+CND+ 0x7fe150a812b9: not taken
+CND+ 0x7fe150a812d7: taken
+CND+ 0x7fe150a8130b: taken
+CND+ 0x7fe150a81383: taken
+CND+ 0x7fe150a813e2: taken
+CND+ 0x7fe150a81456: taken
+CND+ 0x7fe150a81488: both
+CND+ 0x7fe150a8148c: not taken
+CND+ 0x7fe150a81493: not taken
+CND+ 0x7fe150a81498: both
+CND+ 0x7fe150a814e0: not taken
+CND+ 0x7fe150a81512: not taken
+CND+ 0x7fe150a81519: taken
+CND+ 0x7fe150a81548: not taken
+CND+ 0x7fe150a8154d: not taken
+CND+ 0x7fe150a815c9: not taken
+CND+ 0x7fe150a815d7: taken
+CND+ 0x7fe150a816f8: taken
+CND+ 0x7fe150a817b9: not taken
+CND+ 0x7fe150a81830: not taken
+CND+ 0x7fe150a81846: taken
+CND+ 0x7fe150a8186e: not taken
+CND+ 0x7fe150a81b09: not taken
+CND+ 0x7fe150a81b13: not taken
+CND+ 0x7fe150a81c18: taken
+CND+ 0x7fe150a81c9d: not taken
+CND+ 0x7fe150a81dfa: taken
+CND+ 0x7fe150a83946: both
+CND+ 0x7fe150a83963: both
+CND+ 0x7fe150a83968: not taken
+CND+ 0x7fe150a8396e: not taken
+CND+ 0x7fe150a83986: not taken
+CND+ 0x7fe150a8398b: both
+CND+ 0x7fe150a8399a: both
+CND+ 0x7fe150a8399f: both
+CND+ 0x7fe150a839ac: both
+CND+ 0x7fe150a839b7: both
+CND+ 0x7fe150a839c4: not taken
+CND+ 0x7fe150a83a10: not taken
+CND+ 0x7fe150a83a15: taken
+CND+ 0x7fe150a83a2e: both
+CND+ 0x7fe150a83a32: both
+CND+ 0x7fe150a83a5c: both
+CND+ 0x7fe150a83add: not taken
+CND+ 0x7fe150a83ae2: not taken
+CND+ 0x7fe150a83afe: not taken
+CND+ 0x7fe150a83b02: both
+CND+ 0x7fe150a83b48: both
+CND+ 0x7fe150a83b52: not taken
+CND+ 0x7fe150a83b5c: not taken
+CND+ 0x7fe150a83b65: both
+CND+ 0x7fe150a83b6b: taken
+CND+ 0x7fe150a83b75: not taken
+CND+ 0x7fe150a83b95: not taken
+CND+ 0x7fe150a83ba2: not taken
+CND+ 0x7fe150a83bc4: not taken
+CND+ 0x7fe150a83bce: not taken
+CND+ 0x7fe150a83bf6: taken
+CND+ 0x7fe150a83c24: taken
+CND+ 0x7fe150a83ce1: not taken
+CND+ 0x7fe150a83cea: not taken
+CND+ 0x7fe150a83cf3: not taken
+CND+ 0x7fe150a83d25: not taken
+CND+ 0x7fe150a83d53: not taken
+CND+ 0x7fe150a83d5d: not taken
+CND+ 0x7fe150a83eb5: not taken
+CND+ 0x7fe150a83eba: not taken
+CND+ 0x7fe150a83ed8: both
+CND+ 0x7fe150a83edc: taken
+CND+ 0x7fe150a83f0f: not taken
+CND+ 0x7fe150a83f15: not taken
+CND+ 0x7fe150a8446f: not taken
+CND+ 0x7fe150a8453d: not taken
+CND+ 0x7fe150a84547: not taken
+CND+ 0x7fe150a84605: not taken
+CND+ 0x7fe150a8460f: not taken
+CND+ 0x7fe150a84647: not taken
+CND+ 0x7fe150a8465e: not taken
+CND+ 0x7fe150a847bd: taken
+CND+ 0x7fe150a847d2: taken
+CND+ 0x7fe150a847df: not taken
+CND+ 0x7fe150a847e4: both
+CND+ 0x7fe150a847fa: taken
+CND+ 0x7fe150a84856: not taken
+CND+ 0x7fe150a8485b: taken
+CND+ 0x7fe150a8487a: not taken
+CND+ 0x7fe150a8489a: not taken
+CND+ 0x7fe150a848b7: not taken
+CND+ 0x7fe150a848c5: not taken
+CND+ 0x7fe150a848d4: taken
+CND+ 0x7fe150a84df1: not taken
+CND+ 0x7fe150a84e0c: not taken
@0x7fe150a8155f to 0x7fe150a81580 1
@0x7fe150a8155f to 0x7fe150a815c0 1
@0x7fe150a8155f to 0x7fe150a815a8 2
@0x7fe150a7f8af to 0x7fe150a7fa01 185
@0x7fe150a7f8af to 0x7fe150a7f9f0 10
@0x7fe150a7f8af to 0x7fe150a7fa28 1
@0x7fe150a83c19 to 0x7fe150a777d0 1
@0x7fe150a83c19 to 0x7fe150a7e120 1
@0x7fe150a73050 to 0x7fe1545aca30 4
@0x7fe150a73080 to 0x7fe15454c330 2
@0x7fe150a73090 to 0x7fe1545ee710 1
@0x7fe150a730a0 to 0x7fe1545c4e70 5
@0x7fe150a730d0 to 0x7fe15455fa20 7
@0x7fe150a730f0 to 0x7fe154683800 4
@0x7fe150a73130 to 0x7fe1545ef1e0 1
@0x7fe150a73140 to 0x7fe154563c10 1
@0x7fe150a73150 to 0x7fe154611800 4
@0x7fe150a73160 to 0x7fe1545ee230 1
@0x7fe150a73190 to 0x7fe154683bc0 8
@0x7fe150a731c0 to 0x7fe1545ef200 1
@0x7fe150a731e0 to 0x7fe1546835d0 1
@0x7fe150a73220 to 0x7fe1545ef210 2
@0x7fe150a73230 to 0x7fe154612b10 1
@0x7fe150a7516e to 0x7fe150a751c0 1
@0x7fe150a73280 to 0x7fe15467ed10 11
@0x7fe150a732a0 to 0x7fe15455f450 4
@0x7fe150a751ac to 0x7fe150a75e90 1
@0x7fe150a732d0 to 0x7fe15467f100 9
@0x7fe150a73320 to 0x7fe1545600f0 4
@0x7fe150a73330 to 0x7fe154684100 6
@0x7fe150a73350 to 0x7fe1545ef220 1
@0x7fe150a73370 to 0x7fe154611800 2
@0x7fe150a73390 to 0x7fe1545ac3e0 23
@0x7fe150a733b0 to 0x7fe1545ef230 1
@0x7fe150a733c0 to 0x7fe15467ee90 22
@0x7fe150a733e0 to 0x7fe15462fba0 1
@0x7fe150a73410 to 0x7fe1545acc80 1
@0x7fe150a73460 to 0x7fe1546840e0 13
@0x7fe150a73510 to 0x7fe1545ef1f0 1
@0x7fe150a73560 to 0x7fe1545ee4e0 1
@0x7fe150a73570 to 0x7fe154558580 191
@0x7fe150a7ef91 to 0x7fe150a7f075 1
@0x7fe150a73784 to 0x7fe15454bfb0 1
@0x7fe150a84e01 to 0x7fe150a73840 1
