MODULE_NAME: /usr/bin/gs
MODULE_START: 0x7f52e2e24000
+B+: 0x7f52e2e25000 0x7f52e2e2500f
+B+: 0x7f52e2e25012 0x7f52e2e25016
+B+: 0x7f52e2e25020 0x7f52e2e2502b
+B+: 0x7f52e2e25030 0x7f52e2e25035
+B+: 0x7f52e2e25036 0x7f52e2e2503f
+B+: 0x7f52e2e25040 0x7f52e2e25045
+B+: 0x7f52e2e25046 0x7f52e2e2504f
+B+: 0x7f52e2e25050 0x7f52e2e25055
+B+: 0x7f52e2e25056 0x7f52e2e2505f
+B+: 0x7f52e2e250b0 0x7f52e2e250b5
+B+: 0x7f52e2e250b6 0x7f52e2e250bf
+B+: 0x7f52e2e250c0 0x7f52e2e250c5
+B+: 0x7f52e2e250c6 0x7f52e2e250cf
+B+: 0x7f52e2e250e0 0x7f52e2e250e5
+B+: 0x7f52e2e250f0 0x7f52e2e25121
+B+: 0x7f52e2e25122 0x7f52e2e25127
+B+: 0x7f52e2e25128 0x7f52e2e25130
+B+: 0x7f52e2e25131 0x7f52e2e25132
+B+: 0x7f52e2e25133 0x7f52e2e25137
+B+: 0x7f52e2e2513d 0x7f52e2e25152
+B+: 0x7f52e2e25153 0x7f52e2e2515b
+B+: 0x7f52e2e25178 0x7f52e2e25183
+B+: 0x7f52e2e25184 0x7f52e2e251a2
+B+: 0x7f52e2e251a3 0x7f52e2e251b1
+B+: 0x7f52e2e251b2 0x7f52e2e251b7
+B+: 0x7f52e2e251b8 0x7f52e2e251c1
+B+: 0x7f52e2e251c2 0x7f52e2e251c5
+B+: 0x7f52e2e251c6 0x7f52e2e251ca
+B+: 0x7f52e2e251cb 0x7f52e2e251d6
+B+: 0x7f52e2e251d7 0x7f52e2e251db
+B+: 0x7f52e2e251dc 0x7f52e2e251e0
+B+: 0x7f52e2e25213 0x7f52e2e25216
+B+: 0x7f52e2e25220 0x7f52e2e25249
+B+: 0x7f52e2e25250 0x7f52e2e25262
+B+: 0x7f52e2e25278 0x7f52e2e25278
+B+: 0x7f52e2e25280 0x7f52e2e252a3
+B+: 0x7f52e2e252b8 0x7f52e2e252b8
+B+: 0x7f52e2e252c0 0x7f52e2e252c8
+B+: 0x7f52e2e252c9 0x7f52e2e252d6
+B+: 0x7f52e2e252d7 0x7f52e2e252e2
+B+: 0x7f52e2e252e3 0x7f52e2e252e7
+B+: 0x7f52e2e252e8 0x7f52e2e252f0
+B+: 0x7f52e2e25300 0x7f52e2e25304
+B+: 0x7f52e2e253c0 0x7f52e2e253ec
+B+: 0x7f52e2e253ed 0x7f52e2e253f2
+B+: 0x7f52e2e253f3 0x7f52e2e25404
+B+: 0x7f52e2e25405 0x7f52e2e2540d
+B+: 0x7f52e2e2540e 0x7f52e2e2541c
+B+: 0x7f52e2e25424 0x7f52e2e2542c
+CND+ 0x7f52e2e2500e: taken
+CND+ 0x7f52e2e25126: taken
+CND+ 0x7f52e2e2512b: not taken
+CND+ 0x7f52e2e25131: not taken
+CND+ 0x7f52e2e25136: taken
+CND+ 0x7f52e2e2514d: not taken
+CND+ 0x7f52e2e251b6: not taken
+CND+ 0x7f52e2e251c4: not taken
+CND+ 0x7f52e2e251c9: taken
+CND+ 0x7f52e2e251df: taken
+CND+ 0x7f52e2e25261: taken
+CND+ 0x7f52e2e252a2: taken
+CND+ 0x7f52e2e252c7: not taken
+CND+ 0x7f52e2e252d5: not taken
+CND+ 0x7f52e2e253f1: not taken
+CND+ 0x7f52e2e2540c: not taken
@0x7f52e2e25026 to 0x7f52e6e14500 5
@0x7f52e2e25030 to 0x7f52e2e25036 1
@0x7f52e2e25040 to 0x7f52e2e25046 1
@0x7f52e2e25050 to 0x7f52e2e25056 1
@0x7f52e2e250b0 to 0x7f52e2e250b6 1
@0x7f52e2e250c0 to 0x7f52e2e250c6 1
@0x7f52e2e250e0 to 0x7f52e597a1c0 1
@0x7f52e2e25244 to 0x7f52e5963fb0 1
@0x7f52e2e25401 to 0x7f52e2e25300 1
