MODULE_NAME: /bin/dash
MODULE_START: 0x7f9866476000
+B+: 0x7f986647a000 0x7f986647a00f
+B+: 0x7f986647a012 0x7f986647a016
+B+: 0x7f986647a050 0x7f986647a055
+B+: 0x7f986647a080 0x7f986647a085
+B+: 0x7f986647a090 0x7f986647a095
+B+: 0x7f986647a0a0 0x7f986647a0a5
+B+: 0x7f986647a0d0 0x7f986647a0d5
+B+: 0x7f986647a0f0 0x7f986647a0f5
+B+: 0x7f986647a130 0x7f986647a135
+B+: 0x7f986647a140 0x7f986647a145
+B+: 0x7f986647a150 0x7f986647a155
+B+: 0x7f986647a160 0x7f986647a165
+B+: 0x7f986647a190 0x7f986647a195
+B+: 0x7f986647a1c0 0x7f986647a1c5
+B+: 0x7f986647a1e0 0x7f986647a1e5
+B+: 0x7f986647a220 0x7f986647a225
+B+: 0x7f986647a230 0x7f986647a235
+B+: 0x7f986647a280 0x7f986647a285
+B+: 0x7f986647a2a0 0x7f986647a2a5
+B+: 0x7f986647a2d0 0x7f986647a2d5
+B+: 0x7f986647a320 0x7f986647a325
+B+: 0x7f986647a330 0x7f986647a335
+B+: 0x7f986647a350 0x7f986647a355
+B+: 0x7f986647a370 0x7f986647a375
+B+: 0x7f986647a390 0x7f986647a395
+B+: 0x7f986647a3b0 0x7f986647a3b5
+B+: 0x7f986647a3c0 0x7f986647a3c5
+B+: 0x7f986647a3e0 0x7f986647a3e5
+B+: 0x7f986647a410 0x7f986647a415
+B+: 0x7f986647a460 0x7f986647a465
+B+: 0x7f986647a510 0x7f986647a515
+B+: 0x7f986647a560 0x7f986647a565
+B+: 0x7f986647a570 0x7f986647a575
+B+: 0x7f986647a590 0x7f986647a5b8
+B+: 0x7f986647a5b9 0x7f986647a5c4
+B+: 0x7f986647a5c5 0x7f986647a5cf
+B+: 0x7f986647a5d0 0x7f986647a5e7
+B+: 0x7f986647a5e8 0x7f986647a5ef
+B+: 0x7f986647a5f0 0x7f986647a600
+B+: 0x7f986647a601 0x7f986647a60b
+B+: 0x7f986647a60c 0x7f986647a615
+B+: 0x7f986647a616 0x7f986647a623
+B+: 0x7f986647a624 0x7f986647a62b
+B+: 0x7f986647a62c 0x7f986647a63c
+B+: 0x7f986647a657 0x7f986647a660
+B+: 0x7f986647a661 0x7f986647a678
+B+: 0x7f986647a679 0x7f986647a67f
+B+: 0x7f986647a680 0x7f986647a68c
+B+: 0x7f986647a68d 0x7f986647a696
+B+: 0x7f986647a697 0x7f986647a69b
+B+: 0x7f986647a760 0x7f986647a789
+B+: 0x7f986647a7c0 0x7f986647a7e3
+B+: 0x7f986647a7f8 0x7f986647a7f8
+B+: 0x7f986647a840 0x7f986647a844
+B+: 0x7f986647a850 0x7f986647a863
+B+: 0x7f986647a864 0x7f986647a86f
+B+: 0x7f986647a870 0x7f986647a87d
+B+: 0x7f986647a87e 0x7f986647a8aa
+B+: 0x7f986647a8ab 0x7f986647a8ac
+B+: 0x7f986647a8cb 0x7f986647a8d2
+B+: 0x7f986647aa50 0x7f986647aa57
+B+: 0x7f986647aa58 0x7f986647aa5e
+B+: 0x7f986647aa5f 0x7f986647aa63
+B+: 0x7f986647aa71 0x7f986647aa72
+B+: 0x7f986647b6d0 0x7f986647b6eb
+B+: 0x7f986647b6ec 0x7f986647b705
+B+: 0x7f986647b717 0x7f986647b71b
+B+: 0x7f986647b71c 0x7f986647b720
+B+: 0x7f986647b72c 0x7f986647b730
+B+: 0x7f986647b73e 0x7f986647b74d
+B+: 0x7f986647b74e 0x7f986647b757
+B+: 0x7f986647b758 0x7f986647b775
+B+: 0x7f986647b780 0x7f986647b788
+B+: 0x7f986647b789 0x7f986647b790
+B+: 0x7f986647b791 0x7f986647b79c
+B+: 0x7f986647c060 0x7f986647c07e
+B+: 0x7f986647c10d 0x7f986647c11c
+B+: 0x7f986647c11d 0x7f986647c123
+B+: 0x7f986647c140 0x7f986647c14a
+B+: 0x7f986647c14b 0x7f986647c152
+B+: 0x7f986647c153 0x7f986647c15d
+B+: 0x7f986647c15e 0x7f986647c16f
+B+: 0x7f986647c188 0x7f986647c18c
+B+: 0x7f986647c18d 0x7f986647c191
+B+: 0x7f986647c192 0x7f986647c19c
+B+: 0x7f986647c1a7 0x7f986647c1ad
+B+: 0x7f986647c1ae 0x7f986647c1b5
+B+: 0x7f986647c1c0 0x7f986647c1cf
+B+: 0x7f986647cbc0 0x7f986647cbfa
+B+: 0x7f986647cbfb 0x7f986647cc07
+B+: 0x7f986647cc08 0x7f986647cc0f
+B+: 0x7f986647cc10 0x7f986647cc11
+B+: 0x7f986647cc18 0x7f986647cc21
+B+: 0x7f986647cc22 0x7f986647cc2e
+B+: 0x7f986647cc32 0x7f986647cc39
+B+: 0x7f986647cc3a 0x7f986647cc49
+B+: 0x7f986647cc4a 0x7f986647cc51
+B+: 0x7f986647cc52 0x7f986647cc58
+B+: 0x7f986647cc59 0x7f986647cc60
+B+: 0x7f986647cc61 0x7f986647cc68
+B+: 0x7f986647cc69 0x7f986647cc6d
+B+: 0x7f986647cc6e 0x7f986647cc77
+B+: 0x7f986647cc78 0x7f986647cc89
+B+: 0x7f986647cc8a 0x7f986647cc98
+B+: 0x7f986647ce90 0x7f986647ced3
+B+: 0x7f986647cedf 0x7f986647cef5
+B+: 0x7f986647cef6 0x7f986647cefa
+B+: 0x7f986647cefb 0x7f986647cf5a
+B+: 0x7f986647cf5b 0x7f986647cf67
+B+: 0x7f986647cf68 0x7f986647cf77
+B+: 0x7f986647cf78 0x7f986647cf7f
+B+: 0x7f986647cf80 0x7f986647cf8b
+B+: 0x7f986647cf8c 0x7f986647cf94
+B+: 0x7f986647cf95 0x7f986647cf9b
+B+: 0x7f986647cfa0 0x7f986647cfaf
+B+: 0x7f986647cfb0 0x7f986647cfc5
+B+: 0x7f986647cfc6 0x7f986647cfcf
+B+: 0x7f986647cfd0 0x7f986647cfe3
+B+: 0x7f986647cfe4 0x7f986647cffc
+B+: 0x7f986647d019 0x7f986647d02b
+B+: 0x7f986647d02c 0x7f986647d034
+B+: 0x7f986647d035 0x7f986647d047
+B+: 0x7f986647d048 0x7f986647d05b
+B+: 0x7f986647d0a8 0x7f986647d0b4
+B+: 0x7f986647d0b5 0x7f986647d0b9
+B+: 0x7f986647d0db 0x7f986647d0e1
+B+: 0x7f986647d0f0 0x7f986647d103
+B+: 0x7f986647d104 0x7f986647d113
+B+: 0x7f986647d114 0x7f986647d11b
+B+: 0x7f986647d11c 0x7f986647d122
+B+: 0x7f986647d123 0x7f986647d152
+B+: 0x7f986647d153 0x7f986647d15f
+B+: 0x7f986647d160 0x7f986647d168
+B+: 0x7f986647d216 0x7f986647d21c
+B+: 0x7f986647d224 0x7f986647d22d
+B+: 0x7f986647d22e 0x7f986647d237
+B+: 0x7f986647d238 0x7f986647d241
+B+: 0x7f986647d242 0x7f986647d24b
+B+: 0x7f986647d25d 0x7f986647d266
+B+: 0x7f986647d267 0x7f986647d281
+B+: 0x7f986647d282 0x7f986647d293
+B+: 0x7f986647d34c 0x7f986647d353
+B+: 0x7f986647d354 0x7f986647d36f
+B+: 0x7f986647d51b 0x7f986647d525
+B+: 0x7f986647d526 0x7f986647d52e
+B+: 0x7f986647d52f 0x7f986647d537
+B+: 0x7f986647d8d0 0x7f986647d8ec
+B+: 0x7f986647d8ed 0x7f986647d8f1
+B+: 0x7f986647d8f8 0x7f986647d8fa
+B+: 0x7f986647d8fb 0x7f986647d907
+B+: 0x7f986647d908 0x7f986647d93e
+B+: 0x7f986647d93f 0x7f986647d940
+B+: 0x7f986647d963 0x7f986647d977
+B+: 0x7f986647d980 0x7f986647d986
+B+: 0x7f986647d987 0x7f986647d98e
+B+: 0x7f986647d98f 0x7f986647d997
+B+: 0x7f986647d998 0x7f986647d9ba
+B+: 0x7f986647d9bb 0x7f986647d9bc
+B+: 0x7f986647d9c0 0x7f986647d9e7
+B+: 0x7f986647d9e8 0x7f986647d9f7
+B+: 0x7f986647da19 0x7f986647da21
+B+: 0x7f986647da22 0x7f986647da2a
+B+: 0x7f986647da2b 0x7f986647da34
+B+: 0x7f986647da35 0x7f986647da3f
+B+: 0x7f986647dad0 0x7f986647dae9
+B+: 0x7f986647daea 0x7f986647db00
+B+: 0x7f986647db10 0x7f986647db1f
+B+: 0x7f986647db20 0x7f986647db2b
+B+: 0x7f986647db2c 0x7f986647db31
+B+: 0x7f986647db32 0x7f986647db41
+B+: 0x7f986647db56 0x7f986647db61
+B+: 0x7f986647db62 0x7f986647db6f
+B+: 0x7f986647db70 0x7f986647db85
+B+: 0x7f986647db86 0x7f986647db97
+B+: 0x7f986647db98 0x7f986647dbc0
+B+: 0x7f986647dbc8 0x7f986647dbcc
+B+: 0x7f986647dbcd 0x7f986647dbea
+B+: 0x7f986647dd70 0x7f986647dd98
+B+: 0x7f986647dda0 0x7f986647dda1
+B+: 0x7f986647dda2 0x7f986647ddaa
+B+: 0x7f986647ddab 0x7f986647ddc5
+B+: 0x7f986647ddc6 0x7f986647ddc9
+B+: 0x7f986647ddca 0x7f986647ddd1
+B+: 0x7f986647ddd2 0x7f986647dde6
+B+: 0x7f986647ddf0 0x7f986647de2a
+B+: 0x7f986647de2b 0x7f986647de2f
+B+: 0x7f986647de46 0x7f986647de5c
+B+: 0x7f986647de5d 0x7f986647de6e
+B+: 0x7f986647de90 0x7f986647dead
+B+: 0x7f986647dec8 0x7f986647ded1
+B+: 0x7f986647ded2 0x7f986647dedd
+B+: 0x7f986647df6c 0x7f986647df8f
+B+: 0x7f986647df90 0x7f986647df9c
+B+: 0x7f986647df9d 0x7f986647dfa8
+B+: 0x7f986647dfa9 0x7f986647dfb0
+B+: 0x7f986647dfb1 0x7f986647dfc5
+B+: 0x7f986647e008 0x7f986647e012
+B+: 0x7f986647e013 0x7f986647e01e
+B+: 0x7f986647e01f 0x7f986647e02e
+B+: 0x7f986647e060 0x7f986647e066
+B+: 0x7f986647e067 0x7f986647e074
+B+: 0x7f986647e075 0x7f986647e086
+B+: 0x7f986647e087 0x7f986647e08e
+B+: 0x7f986647e08f 0x7f986647e0a2
+B+: 0x7f986647e0a3 0x7f986647e0b0
+B+: 0x7f986647e100 0x7f986647e116
+B+: 0x7f986647e145 0x7f986647e14d
+B+: 0x7f986647e14e 0x7f986647e157
+B+: 0x7f986647e160 0x7f986647e166
+B+: 0x7f986647e1c0 0x7f986647e1d1
+B+: 0x7f986647e1e8 0x7f986647e1ef
+B+: 0x7f986647e248 0x7f986647e25b
+B+: 0x7f986647e25c 0x7f986647e271
+B+: 0x7f986647e7d0 0x7f986647e7ff
+B+: 0x7f986647e80f 0x7f986647e812
+B+: 0x7f986647e813 0x7f986647e81c
+B+: 0x7f986647e81d 0x7f986647e820
+B+: 0x7f986647e821 0x7f986647e82f
+B+: 0x7f986647e830 0x7f986647e83a
+B+: 0x7f986647e84f 0x7f986647e85a
+B+: 0x7f986647e85f 0x7f986647e862
+B+: 0x7f986647e870 0x7f986647e877
+B+: 0x7f986647e878 0x7f986647e88d
+B+: 0x7f986647f440 0x7f986647f464
+B+: 0x7f986647f61e 0x7f986647f627
+B+: 0x7f986647f628 0x7f986647f631
+B+: 0x7f986647f632 0x7f986647f659
+B+: 0x7f986647f6af 0x7f986647f6bc
+B+: 0x7f986647f6c0 0x7f986647f6cb
+B+: 0x7f986647f730 0x7f986647f73b
+B+: 0x7f986647f740 0x7f986647f75e
+B+: 0x7f986647f75f 0x7f986647f767
+B+: 0x7f986647f7d2 0x7f986647f7e3
+B+: 0x7f986647f8a0 0x7f986647f8a7
+B+: 0x7f9866480260 0x7f98664802a5
+B+: 0x7f98664802b5 0x7f98664802be
+B+: 0x7f98664802bf 0x7f98664802d2
+B+: 0x7f98664802d3 0x7f98664802fc
+B+: 0x7f98664802fd 0x7f9866480310
+B+: 0x7f9866480324 0x7f9866480328
+B+: 0x7f9866480336 0x7f986648033f
+B+: 0x7f9866480340 0x7f9866480344
+B+: 0x7f9866480370 0x7f9866480386
+B+: 0x7f9866480387 0x7f9866480398
+B+: 0x7f98664803a0 0x7f98664803b6
+B+: 0x7f98664803b7 0x7f98664803d7
+B+: 0x7f98664803dd 0x7f98664803ec
+B+: 0x7f9866480850 0x7f9866480886
+B+: 0x7f9866480887 0x7f986648089a
+B+: 0x7f986648089b 0x7f98664808ad
+B+: 0x7f98664808ae 0x7f98664808c4
+B+: 0x7f98664808c5 0x7f98664808d7
+B+: 0x7f98664808d8 0x7f98664808e7
+B+: 0x7f98664808e8 0x7f986648090c
+B+: 0x7f986648090d 0x7f9866480915
+B+: 0x7f9866480924 0x7f9866480933
+B+: 0x7f9866480934 0x7f9866480947
+B+: 0x7f9866480948 0x7f9866480954
+B+: 0x7f9866480955 0x7f986648095f
+B+: 0x7f9866480960 0x7f9866480964
+B+: 0x7f9866480a6a 0x7f9866480a7c
+B+: 0x7f9866480a7d 0x7f9866480a9c
+B+: 0x7f9866480ba0 0x7f9866480bad
+B+: 0x7f9866480bae 0x7f9866480be1
+B+: 0x7f9866480bf0 0x7f9866480bfb
+B+: 0x7f9866480db0 0x7f9866480dbd
+B+: 0x7f9866480dbe 0x7f9866480dca
+B+: 0x7f9866480dcb 0x7f9866480de3
+B+: 0x7f9866480de8 0x7f9866480df4
+B+: 0x7f9866480df8 0x7f9866480e04
+B+: 0x7f9866480e05 0x7f9866480e12
+B+: 0x7f9866480e13 0x7f9866480e1d
+B+: 0x7f9866480eb4 0x7f9866480ec1
+B+: 0x7f9866481160 0x7f9866481174
+B+: 0x7f9866481175 0x7f9866481187
+B+: 0x7f9866481188 0x7f98664811a2
+B+: 0x7f98664811a3 0x7f98664811ac
+B+: 0x7f98664811ad 0x7f98664811b3
+B+: 0x7f98664811d0 0x7f98664811e5
+B+: 0x7f98664811eb 0x7f98664811f3
+B+: 0x7f9866481205 0x7f986648120b
+B+: 0x7f986648120c 0x7f986648121d
+B+: 0x7f986648121e 0x7f9866481226
+B+: 0x7f9866481227 0x7f9866481230
+B+: 0x7f9866481231 0x7f9866481232
+B+: 0x7f9866481240 0x7f9866481248
+B+: 0x7f9866481260 0x7f9866481260
+B+: 0x7f9866481520 0x7f9866481534
+B+: 0x7f9866481572 0x7f9866481578
+B+: 0x7f9866481580 0x7f9866481583
+B+: 0x7f9866481610 0x7f9866481656
+B+: 0x7f986648165b 0x7f9866481686
+B+: 0x7f9866481687 0x7f986648169d
+B+: 0x7f98664816fc 0x7f9866481708
+B+: 0x7f9866481709 0x7f9866481711
+B+: 0x7f9866481712 0x7f986648172a
+B+: 0x7f986648172b 0x7f986648173c
+B+: 0x7f9866481740 0x7f9866481747
+B+: 0x7f9866481748 0x7f986648175f
+B+: 0x7f9866481760 0x7f9866481766
+B+: 0x7f9866481767 0x7f9866481780
+B+: 0x7f9866481790 0x7f9866481793
+B+: 0x7f9866481794 0x7f9866481798
+B+: 0x7f98664817a2 0x7f98664817aa
+B+: 0x7f98664817ab 0x7f98664817ae
+B+: 0x7f98664817af 0x7f98664817bd
+B+: 0x7f98664817cb 0x7f98664817d3
+B+: 0x7f9866481825 0x7f9866481841
+B+: 0x7f9866481842 0x7f986648184d
+B+: 0x7f986648187e 0x7f986648188e
+B+: 0x7f986648188f 0x7f98664818a0
+B+: 0x7f98664818a1 0x7f98664818ad
+B+: 0x7f9866481c10 0x7f9866481c30
+B+: 0x7f9866481c31 0x7f9866481c58
+B+: 0x7f9866481c5e 0x7f9866481c66
+B+: 0x7f9866481c67 0x7f9866481c6f
+B+: 0x7f9866481c78 0x7f9866481c87
+B+: 0x7f9866481c88 0x7f9866481c89
+B+: 0x7f9866481ca0 0x7f9866481caf
+B+: 0x7f9866481cba 0x7f9866481cc4
+B+: 0x7f9866481ce0 0x7f9866481ce8
+B+: 0x7f9866482360 0x7f986648236b
+B+: 0x7f9866482480 0x7f9866482480
+B+: 0x7f98664829c0 0x7f98664829db
+B+: 0x7f9866482a16 0x7f9866482a32
+B+: 0x7f9866482a33 0x7f9866482a52
+B+: 0x7f9866482a63 0x7f9866482a6a
+B+: 0x7f9866482a90 0x7f9866482aa6
+B+: 0x7f9866482aa7 0x7f9866482aae
+B+: 0x7f9866482aaf 0x7f9866482ab6
+B+: 0x7f9866482af6 0x7f9866482b01
+B+: 0x7f9866482b0c 0x7f9866482b34
+B+: 0x7f9866482b40 0x7f9866482b57
+B+: 0x7f9866482b58 0x7f9866482b5f
+B+: 0x7f9866482b60 0x7f9866482b67
+B+: 0x7f9866482b68 0x7f9866482b70
+B+: 0x7f9866482b71 0x7f9866482b7a
+B+: 0x7f9866482b7b 0x7f9866482b80
+B+: 0x7f9866482b97 0x7f9866482b9c
+B+: 0x7f9866482c0a 0x7f9866482c3d
+B+: 0x7f9866482c47 0x7f9866482c53
+B+: 0x7f9866482ed0 0x7f9866482ede
+B+: 0x7f9866482edf 0x7f9866482ee7
+B+: 0x7f9866482ee8 0x7f9866482efc
+B+: 0x7f9866482efd 0x7f9866482f02
+B+: 0x7f9866482f03 0x7f9866482f1b
+B+: 0x7f9866482f1c 0x7f9866482f21
+B+: 0x7f9866482f22 0x7f9866482f2b
+B+: 0x7f9866482fc0 0x7f9866482fc7
+B+: 0x7f9866482fc8 0x7f9866482fd0
+B+: 0x7f9866483760 0x7f9866483768
+B+: 0x7f9866483769 0x7f986648376d
+B+: 0x7f986648376e 0x7f9866483772
+B+: 0x7f9866483780 0x7f9866483788
+B+: 0x7f9866483789 0x7f986648378d
+B+: 0x7f986648378e 0x7f9866483792
+B+: 0x7f98664837c0 0x7f98664837d9
+B+: 0x7f98664837da 0x7f98664837e6
+B+: 0x7f98664837f7 0x7f9866483802
+B+: 0x7f9866483803 0x7f986648380b
+B+: 0x7f986648380c 0x7f9866483841
+B+: 0x7f9866483842 0x7f986648384b
+B+: 0x7f986648384c 0x7f9866483852
+B+: 0x7f9866483853 0x7f9866483875
+B+: 0x7f9866483880 0x7f986648388e
+B+: 0x7f98664838b0 0x7f98664838c8
+B+: 0x7f9866483900 0x7f9866483941
+B+: 0x7f9866483950 0x7f9866483966
+B+: 0x7f9866483967 0x7f986648397e
+B+: 0x7f986648397f 0x7f986648398a
+B+: 0x7f986648398b 0x7f98664839b3
+B+: 0x7f98664839b4 0x7f98664839bd
+B+: 0x7f98664839be 0x7f98664839bf
+B+: 0x7f98664839d0 0x7f98664839e8
+B+: 0x7f98664839e9 0x7f9866483a14
+B+: 0x7f9866483a1e 0x7f9866483a25
+B+: 0x7f9866483a26 0x7f9866483a33
+B+: 0x7f9866483a34 0x7f9866483a46
+B+: 0x7f9866483ae0 0x7f9866483afe
+B+: 0x7f9866483aff 0x7f9866483b0c
+B+: 0x7f9866483b0d 0x7f9866483b1b
+B+: 0x7f9866483b1c 0x7f9866483b2c
+B+: 0x7f9866483b40 0x7f9866483b62
+B+: 0x7f9866483b98 0x7f9866483ba9
+B+: 0x7f98664846d0 0x7f98664846f4
+B+: 0x7f98664846f5 0x7f986648470d
+B+: 0x7f986648470e 0x7f9866484712
+B+: 0x7f9866484713 0x7f986648471e
+B+: 0x7f986648471f 0x7f9866484723
+B+: 0x7f9866484724 0x7f9866484728
+B+: 0x7f9866484729 0x7f9866484730
+B+: 0x7f986648473c 0x7f9866484749
+B+: 0x7f986648474a 0x7f986648474d
+B+: 0x7f986648474e 0x7f9866484760
+B+: 0x7f9866484761 0x7f986648476b
+B+: 0x7f9866484790 0x7f986648479d
+B+: 0x7f986648479e 0x7f98664847a5
+B+: 0x7f98664847a6 0x7f98664847a7
+B+: 0x7f9866484890 0x7f986648489d
+B+: 0x7f986648489e 0x7f98664848a9
+B+: 0x7f98664848aa 0x7f98664848bd
+B+: 0x7f98664848c0 0x7f98664848ca
+B+: 0x7f98664848d0 0x7f98664848ef
+B+: 0x7f98664848f0 0x7f98664848f4
+B+: 0x7f98664848f5 0x7f986648490c
+B+: 0x7f986648490d 0x7f9866484910
+B+: 0x7f9866484911 0x7f9866484912
+B+: 0x7f9866484913 0x7f986648491b
+B+: 0x7f986648491c 0x7f9866484930
+B+: 0x7f9866484938 0x7f986648493c
+B+: 0x7f9866484980 0x7f986648498f
+B+: 0x7f9866484990 0x7f986648499b
+B+: 0x7f986648499c 0x7f98664849ab
+B+: 0x7f9866484a80 0x7f9866484a93
+B+: 0x7f9866484a94 0x7f9866484aac
+B+: 0x7f9866484aad 0x7f9866484abf
+B+: 0x7f9866484ac0 0x7f9866484ada
+B+: 0x7f9866484adb 0x7f9866484ae3
+B+: 0x7f9866484aec 0x7f9866484af8
+B+: 0x7f9866484af9 0x7f9866484b02
+B+: 0x7f9866484b03 0x7f9866484b06
+B+: 0x7f9866484b07 0x7f9866484b1a
+B+: 0x7f9866484c49 0x7f9866484c55
+B+: 0x7f9866484c56 0x7f9866484c67
+B+: 0x7f9866484c82 0x7f9866484c93
+B+: 0x7f9866484d77 0x7f9866484d82
+B+: 0x7f9866484da0 0x7f9866484db2
+B+: 0x7f9866484db3 0x7f9866484ddf
+B+: 0x7f9866484de0 0x7f9866484deb
+B+: 0x7f9866484dec 0x7f9866484dfc
+B+: 0x7f9866484dfd 0x7f9866484e18
+B+: 0x7f9866484e19 0x7f9866484e25
+B+: 0x7f9866484e26 0x7f9866484e2e
+B+: 0x7f9866484e2f 0x7f9866484e3f
+B+: 0x7f9866484e40 0x7f9866484e44
+B+: 0x7f9866484e45 0x7f9866484e50
+B+: 0x7f9866484e51 0x7f9866484e5d
+B+: 0x7f9866484e5e 0x7f9866484e77
+B+: 0x7f9866484ece 0x7f9866484ed2
+B+: 0x7f9866484ed3 0x7f9866484ede
+B+: 0x7f9866484ee0 0x7f9866484eec
+B+: 0x7f9866484f60 0x7f9866484f7c
+B+: 0x7f9866485120 0x7f9866485128
+B+: 0x7f9866485129 0x7f9866485147
+B+: 0x7f9866485750 0x7f986648575e
+B+: 0x7f986648575f 0x7f9866485763
+B+: 0x7f9866485764 0x7f9866485770
+B+: 0x7f9866485771 0x7f9866485777
+B+: 0x7f9866485778 0x7f9866485783
+B+: 0x7f9866485784 0x7f9866485788
+B+: 0x7f9866485789 0x7f986648578d
+B+: 0x7f986648578e 0x7f9866485796
+B+: 0x7f9866485797 0x7f986648579e
+B+: 0x7f9866485890 0x7f9866485892
+B+: 0x7f98664858a7 0x7f98664858ab
+B+: 0x7f98664858ac 0x7f98664858b2
+B+: 0x7f98664858b3 0x7f98664858b6
+B+: 0x7f98664858d0 0x7f98664858e1
+B+: 0x7f98664858e2 0x7f98664858e6
+B+: 0x7f98664858e7 0x7f98664858eb
+B+: 0x7f98664858ec 0x7f98664858f1
+B+: 0x7f98664858f2 0x7f98664858fa
+B+: 0x7f98664858fb 0x7f98664858fc
+B+: 0x7f9866485940 0x7f9866485948
+B+: 0x7f9866485949 0x7f9866485951
+B+: 0x7f9866485980 0x7f9866485988
+B+: 0x7f9866485989 0x7f986648598a
+B+: 0x7f986648598b 0x7f9866485991
+B+: 0x7f9866485992 0x7f98664859a2
+B+: 0x7f98664859a8 0x7f98664859ac
+B+: 0x7f98664859eb 0x7f9866485a00
+B+: 0x7f9866485a08 0x7f9866485a10
+B+: 0x7f9866485af0 0x7f9866485b11
+B+: 0x7f9866485b12 0x7f9866485b16
+B+: 0x7f9866485b17 0x7f9866485b1d
+B+: 0x7f9866485b1e 0x7f9866485b26
+B+: 0x7f9866485b27 0x7f9866485b34
+B+: 0x7f9866485b35 0x7f9866485b3c
+B+: 0x7f9866485b3d 0x7f9866485b49
+B+: 0x7f9866485b4a 0x7f9866485b5a
+B+: 0x7f9866485b5b 0x7f9866485b63
+B+: 0x7f9866485b7f 0x7f9866485b93
+B+: 0x7f9866485b94 0x7f9866485b9c
+B+: 0x7f9866485be0 0x7f9866485bf7
+B+: 0x7f9866485bf8 0x7f9866485c00
+B+: 0x7f9866485c1b 0x7f9866485c2b
+B+: 0x7f9866485d40 0x7f9866485d5e
+B+: 0x7f9866485d5f 0x7f9866485d6d
+B+: 0x7f9866485d6e 0x7f9866485d72
+B+: 0x7f9866485d7d 0x7f9866485d90
+B+: 0x7f9866485d91 0x7f9866485d95
+B+: 0x7f9866485d96 0x7f9866485d9a
+B+: 0x7f9866485da0 0x7f9866485da4
+B+: 0x7f9866485dd5 0x7f9866485dd9
+B+: 0x7f9866485dda 0x7f9866485dde
+B+: 0x7f9866485df0 0x7f9866485dfb
+B+: 0x7f9866485dfc 0x7f9866485e07
+B+: 0x7f9866485e08 0x7f9866485e10
+B+: 0x7f9866485e2c 0x7f9866485e30
+B+: 0x7f9866485e31 0x7f9866485e36
+B+: 0x7f9866485e41 0x7f9866485e45
+B+: 0x7f9866485e46 0x7f9866485e54
+B+: 0x7f9866485e55 0x7f9866485e5d
+B+: 0x7f9866485e5e 0x7f9866485e62
+B+: 0x7f9866485e63 0x7f9866485e74
+B+: 0x7f9866485e78 0x7f9866485e84
+B+: 0x7f9866485ea0 0x7f9866485ea4
+B+: 0x7f9866485ef0 0x7f9866485f03
+B+: 0x7f9866485f40 0x7f9866485f76
+B+: 0x7f9866485f77 0x7f9866485f82
+B+: 0x7f9866485f83 0x7f9866485f92
+B+: 0x7f986648601b 0x7f9866486031
+B+: 0x7f9866486032 0x7f9866486040
+B+: 0x7f9866486075 0x7f98664860b8
+B+: 0x7f98664860b9 0x7f98664860c3
+B+: 0x7f98664860c4 0x7f98664860cc
+B+: 0x7f98664860cd 0x7f98664860d5
+B+: 0x7f98664860d6 0x7f98664860de
+B+: 0x7f98664860df 0x7f9866486106
+B+: 0x7f9866486107 0x7f9866486133
+B+: 0x7f9866486578 0x7f9866486581
+B+: 0x7f9866486582 0x7f98664865a8
+B+: 0x7f98664865a9 0x7f98664865b6
+B+: 0x7f98664865d0 0x7f98664865e0
+B+: 0x7f98664865e1 0x7f98664865ee
+B+: 0x7f98664865ef 0x7f98664865f3
+B+: 0x7f9866486670 0x7f986648667e
+B+: 0x7f986648667f 0x7f9866486683
+B+: 0x7f9866486684 0x7f9866486692
+B+: 0x7f9866486693 0x7f986648669a
+B+: 0x7f986648669b 0x7f98664866a2
+B+: 0x7f98664866a3 0x7f98664866b7
+B+: 0x7f9866486790 0x7f98664867bc
+B+: 0x7f98664867bd 0x7f98664867d4
+B+: 0x7f98664867e0 0x7f986648683a
+B+: 0x7f986648683b 0x7f9866486875
+B+: 0x7f9866486876 0x7f9866486893
+B+: 0x7f9866486894 0x7f98664868a3
+B+: 0x7f98664868a4 0x7f98664868b0
+B+: 0x7f98664869b4 0x7f98664869b8
+B+: 0x7f98664869b9 0x7f98664869cf
+B+: 0x7f98664869d0 0x7f98664869dc
+B+: 0x7f98664869dd 0x7f98664869ef
+B+: 0x7f98664869f0 0x7f98664869f7
+B+: 0x7f9866486a01 0x7f9866486a16
+B+: 0x7f9866486a28 0x7f9866486a3d
+B+: 0x7f9866486a3e 0x7f9866486a4d
+B+: 0x7f9866486a79 0x7f9866486a97
+B+: 0x7f9866486a98 0x7f9866486ac0
+B+: 0x7f9866486ac1 0x7f9866486acf
+B+: 0x7f9866487148 0x7f9866487154
+B+: 0x7f9866487155 0x7f9866487174
+B+: 0x7f9866487175 0x7f986648717f
+B+: 0x7f98664871ac 0x7f98664871b0
+B+: 0x7f98664871b1 0x7f98664871b5
+B+: 0x7f9866487a40 0x7f9866487a64
+B+: 0x7f9866487b10 0x7f9866487b1a
+B+: 0x7f9866487b40 0x7f9866487b47
+B+: 0x7f9866487b48 0x7f9866487b51
+B+: 0x7f9866487b58 0x7f9866487b60
+B+: 0x7f9866487b61 0x7f9866487b6a
+B+: 0x7f9866487b88 0x7f9866487b8c
+B+: 0x7f9866487b8d 0x7f9866487b94
+B+: 0x7f9866487ba0 0x7f9866487ba4
+B+: 0x7f9866487d00 0x7f9866487d30
+B+: 0x7f9866487e3f 0x7f9866487e55
+B+: 0x7f9866487e56 0x7f9866487e67
+B+: 0x7f98664881e0 0x7f9866488222
+B+: 0x7f9866488223 0x7f9866488228
+B+: 0x7f986648824c 0x7f9866488260
+B+: 0x7f9866488261 0x7f9866488269
+B+: 0x7f9866488270 0x7f9866488279
+B+: 0x7f9866488288 0x7f98664882a0
+B+: 0x7f98664882a1 0x7f98664882ba
+B+: 0x7f98664882bb 0x7f98664882bc
+B+: 0x7f98664882d0 0x7f98664882d8
+B+: 0x7f98664882f8 0x7f98664882f8
+B+: 0x7f9866488300 0x7f986648830c
+B+: 0x7f986648833f 0x7f9866488343
+B+: 0x7f9866488380 0x7f9866488384
+B+: 0x7f98664883d0 0x7f98664883e3
+B+: 0x7f9866488400 0x7f9866488400
+B+: 0x7f9866488420 0x7f986648845b
+B+: 0x7f9866488467 0x7f9866488471
+B+: 0x7f9866488472 0x7f9866488489
+B+: 0x7f986648848a 0x7f986648848d
+B+: 0x7f986648848e 0x7f9866488494
+B+: 0x7f9866488495 0x7f986648849d
+B+: 0x7f986648849e 0x7f98664884a9
+B+: 0x7f98664884aa 0x7f98664884c2
+B+: 0x7f98664884c3 0x7f98664884ce
+B+: 0x7f98664884cf 0x7f98664884e5
+B+: 0x7f98664884e6 0x7f98664884f5
+B+: 0x7f9866488500 0x7f986648850e
+B+: 0x7f986648850f 0x7f9866488513
+B+: 0x7f9866488514 0x7f986648851e
+B+: 0x7f9866488540 0x7f9866488549
+B+: 0x7f986648854a 0x7f986648854e
+B+: 0x7f986648854f 0x7f9866488560
+B+: 0x7f9866488568 0x7f9866488577
+B+: 0x7f9866488580 0x7f9866488589
+B+: 0x7f98664885a8 0x7f98664885bb
+B+: 0x7f98664885c0 0x7f98664885ce
+B+: 0x7f98664885cf 0x7f98664885dc
+B+: 0x7f98664886f0 0x7f98664886fd
+B+: 0x7f98664887a0 0x7f98664887a0
+B+: 0x7f98664887b0 0x7f98664887ba
+B+: 0x7f98664887bb 0x7f98664887ce
+B+: 0x7f98664887cf 0x7f98664887d8
+B+: 0x7f98664887d9 0x7f98664887e6
+B+: 0x7f9866488800 0x7f986648882d
+B+: 0x7f986648882e 0x7f9866488831
+B+: 0x7f9866488832 0x7f9866488847
+B+: 0x7f9866488864 0x7f986648886b
+B+: 0x7f986648886c 0x7f986648886f
+B+: 0x7f9866488870 0x7f9866488876
+B+: 0x7f9866488877 0x7f986648887b
+B+: 0x7f986648887c 0x7f9866488886
+B+: 0x7f9866488ae0 0x7f9866488b01
+B+: 0x7f9866488b02 0x7f9866488b0a
+B+: 0x7f9866488b0b 0x7f9866488b14
+B+: 0x7f9866488b15 0x7f9866488b19
+B+: 0x7f9866488c00 0x7f9866488c19
+B+: 0x7f9866488c51 0x7f9866488c8e
+B+: 0x7f9866488c8f 0x7f9866488c9e
+B+: 0x7f9866488c9f 0x7f9866488ca6
+B+: 0x7f9866488df0 0x7f9866488dfb
+B+: 0x7f9866488e20 0x7f9866488e20
+B+: 0x7f9866488e30 0x7f9866488e38
+B+: 0x7f986648a940 0x7f986648a94b
+B+: 0x7f986648a94c 0x7f986648a957
+B+: 0x7f986648a958 0x7f986648a964
+B+: 0x7f986648a965 0x7f986648a969
+B+: 0x7f986648a96a 0x7f986648a96f
+B+: 0x7f986648a970 0x7f986648a976
+B+: 0x7f986648a980 0x7f986648a987
+B+: 0x7f986648a988 0x7f986648a98c
+B+: 0x7f986648a98d 0x7f986648a99b
+B+: 0x7f986648a99c 0x7f986648a9a0
+B+: 0x7f986648a9a1 0x7f986648a9a8
+B+: 0x7f986648a9a9 0x7f986648a9ad
+B+: 0x7f986648a9ae 0x7f986648a9b8
+B+: 0x7f986648a9b9 0x7f986648a9b9
+B+: 0x7f986648a9c0 0x7f986648a9c5
+B+: 0x7f986648a9c6 0x7f986648a9c9
+B+: 0x7f986648a9d0 0x7f986648a9d0
+B+: 0x7f986648a9d1 0x7f986648a9d5
+B+: 0x7f986648a9d6 0x7f986648a9d9
+B+: 0x7f986648a9e0 0x7f986648a9ff
+B+: 0x7f986648aa00 0x7f986648aa11
+B+: 0x7f986648aa12 0x7f986648aa16
+B+: 0x7f986648aa20 0x7f986648aa22
+B+: 0x7f986648aa23 0x7f986648aa2f
+B+: 0x7f986648aa30 0x7f986648aa33
+B+: 0x7f986648aa34 0x7f986648aa5d
+B+: 0x7f986648aa5e 0x7f986648aa62
+B+: 0x7f986648aa63 0x7f986648aa82
+B+: 0x7f986648aac0 0x7f986648aade
+B+: 0x7f986648aadf 0x7f986648aae3
+B+: 0x7f986648aae4 0x7f986648aae8
+B+: 0x7f986648aaf0 0x7f986648aaf2
+B+: 0x7f986648aaf3 0x7f986648aaff
+B+: 0x7f986648ab00 0x7f986648ab03
+B+: 0x7f986648ab04 0x7f986648ab3e
+B+: 0x7f986648ab3f 0x7f986648ab49
+B+: 0x7f986648ab4a 0x7f986648ab57
+B+: 0x7f986648ab58 0x7f986648ab5d
+B+: 0x7f986648ab5e 0x7f986648ab66
+B+: 0x7f986648ab67 0x7f986648ab70
+B+: 0x7f986648ab71 0x7f986648ab7a
+B+: 0x7f986648ab7b 0x7f986648ab9a
+B+: 0x7f986648ab9b 0x7f986648aba3
+B+: 0x7f986648aba4 0x7f986648abbd
+B+: 0x7f986648abc0 0x7f986648abc5
+B+: 0x7f986648abc6 0x7f986648abcf
+B+: 0x7f986648abd0 0x7f986648abd9
+B+: 0x7f986648abda 0x7f986648abf7
+B+: 0x7f986648ac08 0x7f986648ac14
+B+: 0x7f986648ac15 0x7f986648ac1b
+B+: 0x7f986648ac1c 0x7f986648ac29
+B+: 0x7f986648acb0 0x7f986648acca
+B+: 0x7f986648accb 0x7f986648acda
+B+: 0x7f986648acdb 0x7f986648ace6
+B+: 0x7f986648ace7 0x7f986648acef
+B+: 0x7f986648acf0 0x7f986648acf4
+B+: 0x7f986648acf5 0x7f986648acfc
+B+: 0x7f986648acfd 0x7f986648ad10
+B+: 0x7f986648ad11 0x7f986648ad21
+B+: 0x7f986648ad22 0x7f986648ad26
+B+: 0x7f986648ad27 0x7f986648ad38
+B+: 0x7f986648ad39 0x7f986648ad4b
+B+: 0x7f986648ad4c 0x7f986648ad54
+B+: 0x7f986648ad55 0x7f986648ad5e
+B+: 0x7f986648ad5f 0x7f986648ad6d
+B+: 0x7f986648aea0 0x7f986648aeb6
+B+: 0x7f986648aeb7 0x7f986648aebb
+B+: 0x7f986648aebc 0x7f986648aec0
+B+: 0x7f986648aec8 0x7f986648aecb
+B+: 0x7f986648aecc 0x7f986648aed9
+B+: 0x7f986648aeda 0x7f986648aedd
+B+: 0x7f986648aede 0x7f986648af06
+B+: 0x7f986648af07 0x7f986648af10
+B+: 0x7f986648af11 0x7f986648af16
+B+: 0x7f986648af17 0x7f986648af24
+B+: 0x7f986648af25 0x7f986648af2d
+B+: 0x7f986648b440 0x7f986648b46b
+B+: 0x7f986648b46c 0x7f986648b470
+B+: 0x7f986648b471 0x7f986648b475
+B+: 0x7f986648b536 0x7f986648b53e
+B+: 0x7f986648b53f 0x7f986648b548
+B+: 0x7f986648b549 0x7f986648b551
+B+: 0x7f986648b5d0 0x7f986648b5e4
+B+: 0x7f986648b5e5 0x7f986648b606
+B+: 0x7f986648b607 0x7f986648b610
+B+: 0x7f986648b611 0x7f986648b618
+B+: 0x7f986648b640 0x7f986648b648
+B+: 0x7f986648b649 0x7f986648b656
+B+: 0x7f986648b657 0x7f986648b65f
+B+: 0x7f986648b660 0x7f986648b661
+B+: 0x7f986648b760 0x7f986648b7aa
+B+: 0x7f986648b7ab 0x7f986648b7af
+B+: 0x7f986648b7b0 0x7f986648b7be
+B+: 0x7f986648b7c8 0x7f986648b7d3
+B+: 0x7f986648b7d4 0x7f986648b7d8
+B+: 0x7f986648b7d9 0x7f986648b7e0
+B+: 0x7f986648b7e1 0x7f986648b7e5
+B+: 0x7f986648b7e6 0x7f986648b7f3
+B+: 0x7f986648b7f4 0x7f986648b7fb
+B+: 0x7f986648b800 0x7f986648b810
+B+: 0x7f986648b811 0x7f986648b815
+B+: 0x7f986648b816 0x7f986648b832
+B+: 0x7f986648b833 0x7f986648b843
+B+: 0x7f986648b844 0x7f986648b84f
+B+: 0x7f986648b850 0x7f986648b857
+B+: 0x7f986648b858 0x7f986648b85c
+B+: 0x7f986648b85d 0x7f986648b868
+B+: 0x7f986648b869 0x7f986648b87b
+B+: 0x7f986648b87c 0x7f986648b884
+B+: 0x7f986648b888 0x7f986648b897
+B+: 0x7f986648b898 0x7f986648b89b
+B+: 0x7f986648b89c 0x7f986648b8b4
+B+: 0x7f986648b8b5 0x7f986648b8b8
+B+: 0x7f986648b8b9 0x7f986648b8c6
+B+: 0x7f986648b8c7 0x7f986648b8d5
+B+: 0x7f986648bdc0 0x7f986648bdec
+B+: 0x7f986648bded 0x7f986648bdf2
+B+: 0x7f986648bdf3 0x7f986648be04
+B+: 0x7f986648be05 0x7f986648be0d
+B+: 0x7f986648be0e 0x7f986648be1c
+CND+ 0x7f986647a00e: taken
+CND+ 0x7f986647a5ea: not taken
+CND+ 0x7f986647a626: not taken
+CND+ 0x7f986647a63b: taken
+CND+ 0x7f986647a673: not taken
+CND+ 0x7f986647a687: not taken
+CND+ 0x7f986647a695: not taken
+CND+ 0x7f986647a7e2: taken
+CND+ 0x7f986647a862: not taken
+CND+ 0x7f986647a87c: both
+CND+ 0x7f986647a8a9: not taken
+CND+ 0x7f986647aa5d: not taken
+CND+ 0x7f986647aa62: taken
+CND+ 0x7f986647b6e6: not taken
+CND+ 0x7f986647b704: taken
+CND+ 0x7f986647b71a: not taken
+CND+ 0x7f986647b71f: taken
+CND+ 0x7f986647b72f: taken
+CND+ 0x7f986647b74c: not taken
+CND+ 0x7f986647b756: not taken
+CND+ 0x7f986647b78f: not taken
+CND+ 0x7f986647b79b: taken
+CND+ 0x7f986647c079: taken
+CND+ 0x7f986647c11b: not taken
+CND+ 0x7f986647c149: not taken
+CND+ 0x7f986647c158: not taken
+CND+ 0x7f986647c190: not taken
+CND+ 0x7f986647c1ce: taken
+CND+ 0x7f986647cc20: not taken
+CND+ 0x7f986647cc2d: taken
+CND+ 0x7f986647cc48: not taken
+CND+ 0x7f986647cc5f: both
+CND+ 0x7f986647cc88: not taken
+CND+ 0x7f986647ced2: taken
+CND+ 0x7f986647cf55: not taken
+CND+ 0x7f986647cf7e: not taken
+CND+ 0x7f986647cf8a: not taken
+CND+ 0x7f986647cf93: both
+CND+ 0x7f986647cfc4: not taken
+CND+ 0x7f986647cfe2: both
+CND+ 0x7f986647cffb: taken
+CND+ 0x7f986647d05a: taken
+CND+ 0x7f986647d0af: not taken
+CND+ 0x7f986647d0b8: taken
+CND+ 0x7f986647d0e0: taken
+CND+ 0x7f986647d116: not taken
+CND+ 0x7f986647d15a: not taken
+CND+ 0x7f986647d163: taken
+CND+ 0x7f986647d21b: taken
+CND+ 0x7f986647d24a: taken
+CND+ 0x7f986647d27c: not taken
+CND+ 0x7f986647d36a: taken
+CND+ 0x7f986647d520: not taken
+CND+ 0x7f986647d529: not taken
+CND+ 0x7f986647d532: taken
+CND+ 0x7f986647d8eb: not taken
+CND+ 0x7f986647d906: both
+CND+ 0x7f986647d93d: not taken
+CND+ 0x7f986647d985: both
+CND+ 0x7f986647d9f6: taken
+CND+ 0x7f986647da20: both
+CND+ 0x7f986647da29: not taken
+CND+ 0x7f986647da33: not taken
+CND+ 0x7f986647dae4: not taken
+CND+ 0x7f986647dafb: taken
+CND+ 0x7f986647db2a: both
+CND+ 0x7f986647db30: both
+CND+ 0x7f986647db40: taken
+CND+ 0x7f986647db60: not taken
+CND+ 0x7f986647db96: not taken
+CND+ 0x7f986647dbe5: taken
+CND+ 0x7f986647dda0: not taken
+CND+ 0x7f986647dda9: not taken
+CND+ 0x7f986647ddc8: both
+CND+ 0x7f986647ddd0: both
+CND+ 0x7f986647de2e: taken
+CND+ 0x7f986647de57: not taken
+CND+ 0x7f986647deac: taken
+CND+ 0x7f986647ded8: taken
+CND+ 0x7f986647dfa3: not taken
+CND+ 0x7f986647dfc0: taken
+CND+ 0x7f986647e019: not taken
+CND+ 0x7f986647e065: not taken
+CND+ 0x7f986647e06f: not taken
+CND+ 0x7f986647e089: both
+CND+ 0x7f986647e09d: not taken
+CND+ 0x7f986647e0ab: taken
+CND+ 0x7f986647e14c: not taken
+CND+ 0x7f986647e156: taken
+CND+ 0x7f986647e1cc: taken
+CND+ 0x7f986647e1ee: taken
+CND+ 0x7f986647e811: both
+CND+ 0x7f986647e81b: not taken
+CND+ 0x7f986647e81f: not taken
+CND+ 0x7f986647e839: taken
+CND+ 0x7f986647e859: taken
+CND+ 0x7f986647e861: taken
+CND+ 0x7f986647f45f: taken
+CND+ 0x7f986647f626: not taken
+CND+ 0x7f986647f6ca: taken
+CND+ 0x7f986647f762: taken
+CND+ 0x7f98664802a4: taken
+CND+ 0x7f98664802bd: not taken
+CND+ 0x7f98664802cd: not taken
+CND+ 0x7f986648030f: taken
+CND+ 0x7f9866480327: taken
+CND+ 0x7f986648033a: not taken
+CND+ 0x7f9866480343: taken
+CND+ 0x7f9866480381: not taken
+CND+ 0x7f98664803d6: taken
+CND+ 0x7f98664803e7: taken
+CND+ 0x7f9866480895: not taken
+CND+ 0x7f98664808a8: not taken
+CND+ 0x7f98664808d2: not taken
+CND+ 0x7f9866480907: not taken
+CND+ 0x7f9866480942: taken
+CND+ 0x7f9866480953: not taken
+CND+ 0x7f9866480963: taken
+CND+ 0x7f9866480a7b: not taken
+CND+ 0x7f9866480dbc: both
+CND+ 0x7f9866480dc9: both
+CND+ 0x7f9866480e03: not taken
+CND+ 0x7f9866480e0d: not taken
+CND+ 0x7f9866480e18: taken
+CND+ 0x7f98664811a1: not taken
+CND+ 0x7f98664811ab: not taken
+CND+ 0x7f98664811e4: taken
+CND+ 0x7f98664811f2: taken
+CND+ 0x7f986648120a: not taken
+CND+ 0x7f9866481225: not taken
+CND+ 0x7f986648122f: not taken
+CND+ 0x7f9866481247: taken
+CND+ 0x7f9866481533: taken
+CND+ 0x7f9866481582: taken
+CND+ 0x7f9866481655: taken
+CND+ 0x7f9866481698: taken
+CND+ 0x7f9866481703: not taken
+CND+ 0x7f986648170c: taken
+CND+ 0x7f9866481725: not taken
+CND+ 0x7f9866481742: not taken
+CND+ 0x7f986648175a: not taken
+CND+ 0x7f9866481765: not taken
+CND+ 0x7f9866481792: not taken
+CND+ 0x7f9866481797: taken
+CND+ 0x7f98664817a9: taken
+CND+ 0x7f98664817ad: not taken
+CND+ 0x7f98664817bc: taken
+CND+ 0x7f98664817ce: taken
+CND+ 0x7f9866481848: taken
+CND+ 0x7f9866481889: not taken
+CND+ 0x7f986648189b: not taken
+CND+ 0x7f98664818a8: taken
+CND+ 0x7f9866481c2f: not taken
+CND+ 0x7f9866481c57: taken
+CND+ 0x7f9866481c65: not taken
+CND+ 0x7f9866481c6e: taken
+CND+ 0x7f9866481c86: not taken
+CND+ 0x7f9866481cae: taken
+CND+ 0x7f9866482366: taken
+CND+ 0x7f98664829d6: taken
+CND+ 0x7f9866482a31: not taken
+CND+ 0x7f9866482a51: taken
+CND+ 0x7f9866482aad: not taken
+CND+ 0x7f9866482ab5: taken
+CND+ 0x7f9866482b00: taken
+CND+ 0x7f9866482b5a: not taken
+CND+ 0x7f9866482b62: not taken
+CND+ 0x7f9866482b6b: not taken
+CND+ 0x7f9866482b75: not taken
+CND+ 0x7f9866482b7f: taken
+CND+ 0x7f9866482b9b: taken
+CND+ 0x7f9866482c3c: taken
+CND+ 0x7f9866482ed9: not taken
+CND+ 0x7f9866482ee6: not taken
+CND+ 0x7f9866482f01: not taken
+CND+ 0x7f9866482f1a: not taken
+CND+ 0x7f9866482f20: not taken
+CND+ 0x7f9866482f26: taken
+CND+ 0x7f986648376c: not taken
+CND+ 0x7f986648378c: not taken
+CND+ 0x7f98664837d8: both
+CND+ 0x7f98664837e1: taken
+CND+ 0x7f9866483806: not taken
+CND+ 0x7f9866483840: not taken
+CND+ 0x7f986648384a: not taken
+CND+ 0x7f9866483965: both
+CND+ 0x7f9866483989: not taken
+CND+ 0x7f98664839b2: not taken
+CND+ 0x7f98664839bc: not taken
+CND+ 0x7f98664839e3: not taken
+CND+ 0x7f9866483a13: taken
+CND+ 0x7f9866483afd: not taken
+CND+ 0x7f9866483b1a: not taken
+CND+ 0x7f9866483b61: taken
+CND+ 0x7f9866484711: not taken
+CND+ 0x7f986648471d: not taken
+CND+ 0x7f9866484722: not taken
+CND+ 0x7f9866484748: not taken
+CND+ 0x7f986648474c: not taken
+CND+ 0x7f986648475f: not taken
+CND+ 0x7f98664847a4: not taken
+CND+ 0x7f98664848f3: both
+CND+ 0x7f986648490f: both
+CND+ 0x7f9866484911: not taken
+CND+ 0x7f986648491a: taken
+CND+ 0x7f9866484a92: not taken
+CND+ 0x7f9866484aba: not taken
+CND+ 0x7f9866484ad5: both
+CND+ 0x7f9866484ade: taken
+CND+ 0x7f9866484af7: not taken
+CND+ 0x7f9866484b01: not taken
+CND+ 0x7f9866484b05: not taken
+CND+ 0x7f9866484b19: taken
+CND+ 0x7f9866484c50: not taken
+CND+ 0x7f9866484c62: taken
+CND+ 0x7f9866484db1: not taken
+CND+ 0x7f9866484dea: both
+CND+ 0x7f9866484e13: not taken
+CND+ 0x7f9866484e20: taken
+CND+ 0x7f9866484e2d: not taken
+CND+ 0x7f9866484e43: not taken
+CND+ 0x7f9866484e4f: both
+CND+ 0x7f9866484e58: not taken
+CND+ 0x7f9866484e72: taken
+CND+ 0x7f9866484ee7: taken
+CND+ 0x7f986648575d: both
+CND+ 0x7f986648576f: not taken
+CND+ 0x7f9866485782: both
+CND+ 0x7f9866485787: both
+CND+ 0x7f9866485795: both
+CND+ 0x7f98664858b1: not taken
+CND+ 0x7f98664858dc: not taken
+CND+ 0x7f98664858ea: not taken
+CND+ 0x7f98664858ec: both
+CND+ 0x7f98664858f5: not taken
+CND+ 0x7f98664858fb: taken
+CND+ 0x7f9866485943: not taken
+CND+ 0x7f986648594c: taken
+CND+ 0x7f9866485983: not taken
+CND+ 0x7f9866485989: both
+CND+ 0x7f9866485990: not taken
+CND+ 0x7f98664859ab: taken
+CND+ 0x7f9866485a0b: taken
+CND+ 0x7f9866485b10: both
+CND+ 0x7f9866485b1c: not taken
+CND+ 0x7f9866485b21: both
+CND+ 0x7f9866485b2f: not taken
+CND+ 0x7f9866485b37: both
+CND+ 0x7f9866485b44: both
+CND+ 0x7f9866485b5e: taken
+CND+ 0x7f9866485b92: both
+CND+ 0x7f9866485b9b: taken
+CND+ 0x7f9866485bfb: taken
+CND+ 0x7f9866485d68: both
+CND+ 0x7f9866485d71: taken
+CND+ 0x7f9866485d8b: not taken
+CND+ 0x7f9866485da3: taken
+CND+ 0x7f9866485ddd: taken
+CND+ 0x7f9866485e02: not taken
+CND+ 0x7f9866485e0b: taken
+CND+ 0x7f9866485e2f: not taken
+CND+ 0x7f9866485e35: taken
+CND+ 0x7f9866485e4f: not taken
+CND+ 0x7f9866485e58: both
+CND+ 0x7f9866485f7d: not taken
+CND+ 0x7f986648602c: not taken
+CND+ 0x7f98664860c7: not taken
+CND+ 0x7f98664860d0: both
+CND+ 0x7f98664860d9: not taken
+CND+ 0x7f98664865a7: both
+CND+ 0x7f98664865ed: not taken
+CND+ 0x7f98664865f2: taken
+CND+ 0x7f9866486682: not taken
+CND+ 0x7f98664866a1: not taken
+CND+ 0x7f98664867bb: not taken
+CND+ 0x7f9866486835: not taken
+CND+ 0x7f9866486870: not taken
+CND+ 0x7f986648688e: not taken
+CND+ 0x7f986648689e: not taken
+CND+ 0x7f98664869ca: both
+CND+ 0x7f98664869ea: taken
+CND+ 0x7f98664869f6: taken
+CND+ 0x7f9866486a15: taken
+CND+ 0x7f9866486a38: not taken
+CND+ 0x7f9866486a48: taken
+CND+ 0x7f9866486abb: not taken
+CND+ 0x7f986648714f: not taken
+CND+ 0x7f986648716f: not taken
+CND+ 0x7f986648717e: taken
+CND+ 0x7f9866487a5f: taken
+CND+ 0x7f9866487b46: not taken
+CND+ 0x7f9866487b50: taken
+CND+ 0x7f9866487b69: taken
+CND+ 0x7f9866487b93: taken
+CND+ 0x7f9866487d2b: taken
+CND+ 0x7f9866487e50: not taken
+CND+ 0x7f9866488227: taken
+CND+ 0x7f986648825f: not taken
+CND+ 0x7f9866488278: taken
+CND+ 0x7f98664882b9: not taken
+CND+ 0x7f98664882d7: taken
+CND+ 0x7f986648830b: taken
+CND+ 0x7f9866488383: taken
+CND+ 0x7f98664883e2: taken
+CND+ 0x7f9866488456: taken
+CND+ 0x7f9866488488: both
+CND+ 0x7f986648848c: not taken
+CND+ 0x7f9866488493: not taken
+CND+ 0x7f9866488498: both
+CND+ 0x7f98664884e0: not taken
+CND+ 0x7f9866488512: not taken
+CND+ 0x7f9866488519: taken
+CND+ 0x7f9866488548: not taken
+CND+ 0x7f986648854d: not taken
+CND+ 0x7f98664885c9: not taken
+CND+ 0x7f98664885d7: taken
+CND+ 0x7f98664886f8: taken
+CND+ 0x7f98664887b9: not taken
+CND+ 0x7f9866488830: not taken
+CND+ 0x7f9866488846: taken
+CND+ 0x7f986648886e: not taken
+CND+ 0x7f9866488b09: not taken
+CND+ 0x7f9866488b13: not taken
+CND+ 0x7f9866488c18: taken
+CND+ 0x7f9866488c9d: not taken
+CND+ 0x7f9866488dfa: taken
+CND+ 0x7f986648a946: both
+CND+ 0x7f986648a963: both
+CND+ 0x7f986648a968: not taken
+CND+ 0x7f986648a96e: not taken
+CND+ 0x7f986648a986: not taken
+CND+ 0x7f986648a98b: both
+CND+ 0x7f986648a99a: both
+CND+ 0x7f986648a99f: both
+CND+ 0x7f986648a9ac: both
+CND+ 0x7f986648a9b7: both
+CND+ 0x7f986648a9c4: not taken
+CND+ 0x7f986648aa10: not taken
+CND+ 0x7f986648aa15: taken
+CND+ 0x7f986648aa2e: both
+CND+ 0x7f986648aa32: both
+CND+ 0x7f986648aa5c: both
+CND+ 0x7f986648aadd: not taken
+CND+ 0x7f986648aae2: not taken
+CND+ 0x7f986648aafe: not taken
+CND+ 0x7f986648ab02: both
+CND+ 0x7f986648ab48: both
+CND+ 0x7f986648ab52: not taken
+CND+ 0x7f986648ab5c: not taken
+CND+ 0x7f986648ab65: both
+CND+ 0x7f986648ab6b: taken
+CND+ 0x7f986648ab75: not taken
+CND+ 0x7f986648ab95: not taken
+CND+ 0x7f986648aba2: not taken
+CND+ 0x7f986648abc4: not taken
+CND+ 0x7f986648abce: not taken
+CND+ 0x7f986648abf6: taken
+CND+ 0x7f986648ac24: taken
+CND+ 0x7f986648ace1: not taken
+CND+ 0x7f986648acea: not taken
+CND+ 0x7f986648acf3: not taken
+CND+ 0x7f986648ad25: not taken
+CND+ 0x7f986648ad53: not taken
+CND+ 0x7f986648ad5d: not taken
+CND+ 0x7f986648aeb5: not taken
+CND+ 0x7f986648aeba: not taken
+CND+ 0x7f986648aed8: both
+CND+ 0x7f986648aedc: taken
+CND+ 0x7f986648af0f: not taken
+CND+ 0x7f986648af15: not taken
+CND+ 0x7f986648b46f: not taken
+CND+ 0x7f986648b53d: not taken
+CND+ 0x7f986648b547: not taken
+CND+ 0x7f986648b605: not taken
+CND+ 0x7f986648b60f: not taken
+CND+ 0x7f986648b647: not taken
+CND+ 0x7f986648b65e: not taken
+CND+ 0x7f986648b7bd: taken
+CND+ 0x7f986648b7d2: taken
+CND+ 0x7f986648b7df: not taken
+CND+ 0x7f986648b7e4: both
+CND+ 0x7f986648b7fa: taken
+CND+ 0x7f986648b856: not taken
+CND+ 0x7f986648b85b: taken
+CND+ 0x7f986648b87a: not taken
+CND+ 0x7f986648b89a: not taken
+CND+ 0x7f986648b8b7: not taken
+CND+ 0x7f986648b8c5: not taken
+CND+ 0x7f986648b8d4: taken
+CND+ 0x7f986648bdf1: not taken
+CND+ 0x7f986648be0c: not taken
@0x7f986647a3e0 to 0x7f986a036ba0 1
@0x7f986647a410 to 0x7f9869fb3c80 1
@0x7f986647a460 to 0x7f986a08b0e0 13
@0x7f986647a510 to 0x7f9869ff61f0 1
@0x7f986647a560 to 0x7f9869ff54e0 1
@0x7f986647a570 to 0x7f9869f5f580 191
@0x7f9866485f91 to 0x7f9866486075 1
@0x7f986647a784 to 0x7f9869f52fb0 1
@0x7f986648be01 to 0x7f986647a840 1
@0x7f986648855f to 0x7f9866488580 1
@0x7f986648855f to 0x7f98664885c0 1
@0x7f986648855f to 0x7f98664885a8 2
@0x7f98664868af to 0x7f9866486a01 183
@0x7f98664868af to 0x7f98664869f0 10
@0x7f98664868af to 0x7f9866486a28 1
@0x7f986648ac19 to 0x7f986647e7d0 1
@0x7f986648ac19 to 0x7f9866485120 1
@0x7f986647a050 to 0x7f9869fb3a30 4
@0x7f986647a080 to 0x7f9869f53330 2
@0x7f986647a090 to 0x7f9869ff5710 1
@0x7f986647a0a0 to 0x7f9869fcbe70 5
@0x7f986647a0d0 to 0x7f9869f66a20 7
@0x7f986647a0f0 to 0x7f986a08a800 4
@0x7f986647a130 to 0x7f9869ff61e0 1
@0x7f986647a140 to 0x7f9869f6ac10 1
@0x7f986647a150 to 0x7f986a018800 4
@0x7f986647a160 to 0x7f9869ff5230 1
@0x7f986647a190 to 0x7f986a08abc0 8
@0x7f986647a1c0 to 0x7f9869ff6200 1
@0x7f986647a1e0 to 0x7f986a08a5d0 1
@0x7f986647a220 to 0x7f9869ff6210 2
@0x7f986647a230 to 0x7f986a019b10 1
@0x7f986647c16e to 0x7f986647c1c0 1
@0x7f986647a280 to 0x7f986a085d10 11
@0x7f986647a2a0 to 0x7f9869f66450 4
@0x7f986647c1ac to 0x7f986647ce90 1
@0x7f986647a2d0 to 0x7f986a086100 9
@0x7f986647a320 to 0x7f9869f670f0 4
@0x7f986647a330 to 0x7f986a08b100 6
@0x7f986647a350 to 0x7f9869ff6220 1
@0x7f986647a370 to 0x7f986a018800 2
@0x7f986647a390 to 0x7f9869fb33e0 23
@0x7f986647a3b0 to 0x7f9869ff6230 1
@0x7f986647a3c0 to 0x7f986a085e90 22
