MODULE_NAME: /usr/bin/gs
MODULE_START: 0x7f3ceac37000
+B+: 0x7f3ceac38000 0x7f3ceac3800f
+B+: 0x7f3ceac38012 0x7f3ceac38016
+B+: 0x7f3ceac38020 0x7f3ceac3802b
+B+: 0x7f3ceac38030 0x7f3ceac38035
+B+: 0x7f3ceac38036 0x7f3ceac3803f
+B+: 0x7f3ceac38040 0x7f3ceac38045
+B+: 0x7f3ceac38046 0x7f3ceac3804f
+B+: 0x7f3ceac38050 0x7f3ceac38055
+B+: 0x7f3ceac38056 0x7f3ceac3805f
+B+: 0x7f3ceac38090 0x7f3ceac38095
+B+: 0x7f3ceac38096 0x7f3ceac3809f
+B+: 0x7f3ceac380b0 0x7f3ceac380b5
+B+: 0x7f3ceac380b6 0x7f3ceac380bf
+B+: 0x7f3ceac380c0 0x7f3ceac380c5
+B+: 0x7f3ceac380c6 0x7f3ceac380cf
+B+: 0x7f3ceac380d0 0x7f3ceac380d5
+B+: 0x7f3ceac380d6 0x7f3ceac380df
+B+: 0x7f3ceac380e0 0x7f3ceac380e5
+B+: 0x7f3ceac380f0 0x7f3ceac38121
+B+: 0x7f3ceac38122 0x7f3ceac38127
+B+: 0x7f3ceac38128 0x7f3ceac38130
+B+: 0x7f3ceac38131 0x7f3ceac38132
+B+: 0x7f3ceac38133 0x7f3ceac38137
+B+: 0x7f3ceac38138 0x7f3ceac38152
+B+: 0x7f3ceac38153 0x7f3ceac3815b
+B+: 0x7f3ceac38184 0x7f3ceac381a2
+B+: 0x7f3ceac381a3 0x7f3ceac381b1
+B+: 0x7f3ceac381b2 0x7f3ceac381b7
+B+: 0x7f3ceac381b8 0x7f3ceac381c1
+B+: 0x7f3ceac381c2 0x7f3ceac381c5
+B+: 0x7f3ceac381c6 0x7f3ceac381ca
+B+: 0x7f3ceac381cb 0x7f3ceac381d6
+B+: 0x7f3ceac381d7 0x7f3ceac381db
+B+: 0x7f3ceac38220 0x7f3ceac38249
+B+: 0x7f3ceac38250 0x7f3ceac38262
+B+: 0x7f3ceac38278 0x7f3ceac38278
+B+: 0x7f3ceac38280 0x7f3ceac382a3
+B+: 0x7f3ceac382b8 0x7f3ceac382b8
+B+: 0x7f3ceac382c0 0x7f3ceac382c8
+B+: 0x7f3ceac382c9 0x7f3ceac382d6
+B+: 0x7f3ceac382d7 0x7f3ceac382e2
+B+: 0x7f3ceac382e3 0x7f3ceac382e7
+B+: 0x7f3ceac382e8 0x7f3ceac382f0
+B+: 0x7f3ceac38300 0x7f3ceac38304
+B+: 0x7f3ceac38350 0x7f3ceac38373
+B+: 0x7f3ceac38374 0x7f3ceac3837c
+B+: 0x7f3ceac3837d 0x7f3ceac38385
+B+: 0x7f3ceac383c0 0x7f3ceac383ec
+B+: 0x7f3ceac383ed 0x7f3ceac383f2
+B+: 0x7f3ceac383f3 0x7f3ceac38404
+B+: 0x7f3ceac38405 0x7f3ceac3840d
+B+: 0x7f3ceac3840e 0x7f3ceac3841c
+B+: 0x7f3ceac38424 0x7f3ceac3842c
+CND+ 0x7f3ceac3800e: taken
+CND+ 0x7f3ceac38126: taken
+CND+ 0x7f3ceac3812b: not taken
+CND+ 0x7f3ceac38131: not taken
+CND+ 0x7f3ceac38136: not taken
+CND+ 0x7f3ceac3814d: not taken
+CND+ 0x7f3ceac381b6: not taken
+CND+ 0x7f3ceac381c4: not taken
+CND+ 0x7f3ceac381c9: not taken
+CND+ 0x7f3ceac38261: taken
+CND+ 0x7f3ceac382a2: taken
+CND+ 0x7f3ceac382c7: not taken
+CND+ 0x7f3ceac382d5: not taken
+CND+ 0x7f3ceac383f1: not taken
+CND+ 0x7f3ceac3840c: not taken
@0x7f3ceac38026 to 0x7f3ceec27500 7
@0x7f3ceac38030 to 0x7f3ceac38036 1
@0x7f3ceac38040 to 0x7f3ceac38046 1
@0x7f3ceac38050 to 0x7f3ceac38056 1
@0x7f3ceac38090 to 0x7f3ceac38096 1
@0x7f3ceac380b0 to 0x7f3ceac380b6 1
@0x7f3ceac380c0 to 0x7f3ceac380c6 1
@0x7f3ceac380d0 to 0x7f3ceac380d6 1
@0x7f3ceac380e0 to 0x7f3ced78d1c0 1
@0x7f3ceac38244 to 0x7f3ced776fb0 1
@0x7f3ceac38401 to 0x7f3ceac38300 1
