MODULE_NAME: /bin/dash
MODULE_START: 0x7f976deba000
+B+: 0x7f976debe000 0x7f976debe00f
+B+: 0x7f976debe012 0x7f976debe016
+B+: 0x7f976debe050 0x7f976debe055
+B+: 0x7f976debe080 0x7f976debe085
+B+: 0x7f976debe090 0x7f976debe095
+B+: 0x7f976debe0a0 0x7f976debe0a5
+B+: 0x7f976debe0d0 0x7f976debe0d5
+B+: 0x7f976debe0f0 0x7f976debe0f5
+B+: 0x7f976debe130 0x7f976debe135
+B+: 0x7f976debe140 0x7f976debe145
+B+: 0x7f976debe150 0x7f976debe155
+B+: 0x7f976debe160 0x7f976debe165
+B+: 0x7f976debe190 0x7f976debe195
+B+: 0x7f976debe1c0 0x7f976debe1c5
+B+: 0x7f976debe1e0 0x7f976debe1e5
+B+: 0x7f976debe220 0x7f976debe225
+B+: 0x7f976debe230 0x7f976debe235
+B+: 0x7f976debe280 0x7f976debe285
+B+: 0x7f976debe2a0 0x7f976debe2a5
+B+: 0x7f976debe2d0 0x7f976debe2d5
+B+: 0x7f976debe320 0x7f976debe325
+B+: 0x7f976debe330 0x7f976debe335
+B+: 0x7f976debe350 0x7f976debe355
+B+: 0x7f976debe370 0x7f976debe375
+B+: 0x7f976debe390 0x7f976debe395
+B+: 0x7f976debe3b0 0x7f976debe3b5
+B+: 0x7f976debe3c0 0x7f976debe3c5
+B+: 0x7f976debe3e0 0x7f976debe3e5
+B+: 0x7f976debe410 0x7f976debe415
+B+: 0x7f976debe460 0x7f976debe465
+B+: 0x7f976debe510 0x7f976debe515
+B+: 0x7f976debe560 0x7f976debe565
+B+: 0x7f976debe570 0x7f976debe575
+B+: 0x7f976debe590 0x7f976debe5b8
+B+: 0x7f976debe5b9 0x7f976debe5c4
+B+: 0x7f976debe5c5 0x7f976debe5cf
+B+: 0x7f976debe5d0 0x7f976debe5e7
+B+: 0x7f976debe5e8 0x7f976debe5ef
+B+: 0x7f976debe5f0 0x7f976debe600
+B+: 0x7f976debe601 0x7f976debe60b
+B+: 0x7f976debe60c 0x7f976debe615
+B+: 0x7f976debe616 0x7f976debe623
+B+: 0x7f976debe624 0x7f976debe62b
+B+: 0x7f976debe62c 0x7f976debe63c
+B+: 0x7f976debe657 0x7f976debe660
+B+: 0x7f976debe661 0x7f976debe678
+B+: 0x7f976debe679 0x7f976debe67f
+B+: 0x7f976debe680 0x7f976debe68c
+B+: 0x7f976debe68d 0x7f976debe696
+B+: 0x7f976debe697 0x7f976debe69b
+B+: 0x7f976debe760 0x7f976debe789
+B+: 0x7f976debe7c0 0x7f976debe7e3
+B+: 0x7f976debe7f8 0x7f976debe7f8
+B+: 0x7f976debe840 0x7f976debe844
+B+: 0x7f976debe850 0x7f976debe863
+B+: 0x7f976debe864 0x7f976debe86f
+B+: 0x7f976debe870 0x7f976debe87d
+B+: 0x7f976debe87e 0x7f976debe8aa
+B+: 0x7f976debe8ab 0x7f976debe8ac
+B+: 0x7f976debe8cb 0x7f976debe8d2
+B+: 0x7f976debea50 0x7f976debea57
+B+: 0x7f976debea58 0x7f976debea5e
+B+: 0x7f976debea5f 0x7f976debea63
+B+: 0x7f976debea71 0x7f976debea72
+B+: 0x7f976debf6d0 0x7f976debf6eb
+B+: 0x7f976debf6ec 0x7f976debf705
+B+: 0x7f976debf717 0x7f976debf71b
+B+: 0x7f976debf71c 0x7f976debf720
+B+: 0x7f976debf72c 0x7f976debf730
+B+: 0x7f976debf73e 0x7f976debf74d
+B+: 0x7f976debf74e 0x7f976debf757
+B+: 0x7f976debf758 0x7f976debf775
+B+: 0x7f976debf780 0x7f976debf788
+B+: 0x7f976debf789 0x7f976debf790
+B+: 0x7f976debf791 0x7f976debf79c
+B+: 0x7f976dec0060 0x7f976dec007e
+B+: 0x7f976dec010d 0x7f976dec011c
+B+: 0x7f976dec011d 0x7f976dec0123
+B+: 0x7f976dec0140 0x7f976dec014a
+B+: 0x7f976dec014b 0x7f976dec0152
+B+: 0x7f976dec0153 0x7f976dec015d
+B+: 0x7f976dec015e 0x7f976dec016f
+B+: 0x7f976dec0188 0x7f976dec018c
+B+: 0x7f976dec018d 0x7f976dec0191
+B+: 0x7f976dec0192 0x7f976dec019c
+B+: 0x7f976dec01a7 0x7f976dec01ad
+B+: 0x7f976dec01ae 0x7f976dec01b5
+B+: 0x7f976dec01c0 0x7f976dec01cf
+B+: 0x7f976dec0bc0 0x7f976dec0bfa
+B+: 0x7f976dec0bfb 0x7f976dec0c07
+B+: 0x7f976dec0c08 0x7f976dec0c0f
+B+: 0x7f976dec0c10 0x7f976dec0c11
+B+: 0x7f976dec0c18 0x7f976dec0c21
+B+: 0x7f976dec0c22 0x7f976dec0c2e
+B+: 0x7f976dec0c32 0x7f976dec0c39
+B+: 0x7f976dec0c3a 0x7f976dec0c49
+B+: 0x7f976dec0c4a 0x7f976dec0c51
+B+: 0x7f976dec0c52 0x7f976dec0c58
+B+: 0x7f976dec0c59 0x7f976dec0c60
+B+: 0x7f976dec0c61 0x7f976dec0c68
+B+: 0x7f976dec0c69 0x7f976dec0c6d
+B+: 0x7f976dec0c6e 0x7f976dec0c77
+B+: 0x7f976dec0c78 0x7f976dec0c89
+B+: 0x7f976dec0c8a 0x7f976dec0c98
+B+: 0x7f976dec0e90 0x7f976dec0ed3
+B+: 0x7f976dec0edf 0x7f976dec0ef5
+B+: 0x7f976dec0ef6 0x7f976dec0efa
+B+: 0x7f976dec0efb 0x7f976dec0f5a
+B+: 0x7f976dec0f5b 0x7f976dec0f67
+B+: 0x7f976dec0f68 0x7f976dec0f77
+B+: 0x7f976dec0f78 0x7f976dec0f7f
+B+: 0x7f976dec0f80 0x7f976dec0f8b
+B+: 0x7f976dec0f8c 0x7f976dec0f94
+B+: 0x7f976dec0f95 0x7f976dec0f9b
+B+: 0x7f976dec0fa0 0x7f976dec0faf
+B+: 0x7f976dec0fb0 0x7f976dec0fc5
+B+: 0x7f976dec0fc6 0x7f976dec0fcf
+B+: 0x7f976dec0fd0 0x7f976dec0fe3
+B+: 0x7f976dec0fe4 0x7f976dec0ffc
+B+: 0x7f976dec1019 0x7f976dec102b
+B+: 0x7f976dec102c 0x7f976dec1034
+B+: 0x7f976dec1035 0x7f976dec1047
+B+: 0x7f976dec1048 0x7f976dec105b
+B+: 0x7f976dec10a8 0x7f976dec10b4
+B+: 0x7f976dec10b5 0x7f976dec10b9
+B+: 0x7f976dec10db 0x7f976dec10e1
+B+: 0x7f976dec10f0 0x7f976dec1103
+B+: 0x7f976dec1104 0x7f976dec1113
+B+: 0x7f976dec1114 0x7f976dec111b
+B+: 0x7f976dec111c 0x7f976dec1122
+B+: 0x7f976dec1123 0x7f976dec1152
+B+: 0x7f976dec1153 0x7f976dec115f
+B+: 0x7f976dec1160 0x7f976dec1168
+B+: 0x7f976dec1216 0x7f976dec121c
+B+: 0x7f976dec1224 0x7f976dec122d
+B+: 0x7f976dec122e 0x7f976dec1237
+B+: 0x7f976dec1238 0x7f976dec1241
+B+: 0x7f976dec1242 0x7f976dec124b
+B+: 0x7f976dec125d 0x7f976dec1266
+B+: 0x7f976dec1267 0x7f976dec1281
+B+: 0x7f976dec1282 0x7f976dec1293
+B+: 0x7f976dec134c 0x7f976dec1353
+B+: 0x7f976dec1354 0x7f976dec136f
+B+: 0x7f976dec151b 0x7f976dec1525
+B+: 0x7f976dec1526 0x7f976dec152e
+B+: 0x7f976dec152f 0x7f976dec1537
+B+: 0x7f976dec18d0 0x7f976dec18ec
+B+: 0x7f976dec18ed 0x7f976dec18f1
+B+: 0x7f976dec18f8 0x7f976dec18fa
+B+: 0x7f976dec18fb 0x7f976dec1907
+B+: 0x7f976dec1908 0x7f976dec193e
+B+: 0x7f976dec193f 0x7f976dec1940
+B+: 0x7f976dec1963 0x7f976dec1977
+B+: 0x7f976dec1980 0x7f976dec1986
+B+: 0x7f976dec1987 0x7f976dec198e
+B+: 0x7f976dec198f 0x7f976dec1997
+B+: 0x7f976dec1998 0x7f976dec19ba
+B+: 0x7f976dec19bb 0x7f976dec19bc
+B+: 0x7f976dec19c0 0x7f976dec19e7
+B+: 0x7f976dec19e8 0x7f976dec19f7
+B+: 0x7f976dec1a19 0x7f976dec1a21
+B+: 0x7f976dec1a22 0x7f976dec1a2a
+B+: 0x7f976dec1a2b 0x7f976dec1a34
+B+: 0x7f976dec1a35 0x7f976dec1a3f
+B+: 0x7f976dec1ad0 0x7f976dec1ae9
+B+: 0x7f976dec1aea 0x7f976dec1b00
+B+: 0x7f976dec1b10 0x7f976dec1b1f
+B+: 0x7f976dec1b20 0x7f976dec1b2b
+B+: 0x7f976dec1b2c 0x7f976dec1b31
+B+: 0x7f976dec1b32 0x7f976dec1b41
+B+: 0x7f976dec1b56 0x7f976dec1b61
+B+: 0x7f976dec1b62 0x7f976dec1b6f
+B+: 0x7f976dec1b70 0x7f976dec1b85
+B+: 0x7f976dec1b86 0x7f976dec1b97
+B+: 0x7f976dec1b98 0x7f976dec1bc0
+B+: 0x7f976dec1bc8 0x7f976dec1bcc
+B+: 0x7f976dec1bcd 0x7f976dec1bea
+B+: 0x7f976dec1d70 0x7f976dec1d98
+B+: 0x7f976dec1da0 0x7f976dec1da1
+B+: 0x7f976dec1da2 0x7f976dec1daa
+B+: 0x7f976dec1dab 0x7f976dec1dc5
+B+: 0x7f976dec1dc6 0x7f976dec1dc9
+B+: 0x7f976dec1dca 0x7f976dec1dd1
+B+: 0x7f976dec1dd2 0x7f976dec1de6
+B+: 0x7f976dec1df0 0x7f976dec1e2a
+B+: 0x7f976dec1e2b 0x7f976dec1e2f
+B+: 0x7f976dec1e46 0x7f976dec1e5c
+B+: 0x7f976dec1e5d 0x7f976dec1e6e
+B+: 0x7f976dec1e90 0x7f976dec1ead
+B+: 0x7f976dec1ec8 0x7f976dec1ed1
+B+: 0x7f976dec1ed2 0x7f976dec1edd
+B+: 0x7f976dec1f6c 0x7f976dec1f8f
+B+: 0x7f976dec1f90 0x7f976dec1f9c
+B+: 0x7f976dec1f9d 0x7f976dec1fa8
+B+: 0x7f976dec1fa9 0x7f976dec1fb0
+B+: 0x7f976dec1fb1 0x7f976dec1fc5
+B+: 0x7f976dec2008 0x7f976dec2012
+B+: 0x7f976dec2013 0x7f976dec201e
+B+: 0x7f976dec201f 0x7f976dec202e
+B+: 0x7f976dec2060 0x7f976dec2066
+B+: 0x7f976dec2067 0x7f976dec2074
+B+: 0x7f976dec2075 0x7f976dec2086
+B+: 0x7f976dec2087 0x7f976dec208e
+B+: 0x7f976dec208f 0x7f976dec20a2
+B+: 0x7f976dec20a3 0x7f976dec20b0
+B+: 0x7f976dec2100 0x7f976dec2116
+B+: 0x7f976dec2145 0x7f976dec214d
+B+: 0x7f976dec214e 0x7f976dec2157
+B+: 0x7f976dec2160 0x7f976dec2166
+B+: 0x7f976dec21c0 0x7f976dec21d1
+B+: 0x7f976dec21e8 0x7f976dec21ef
+B+: 0x7f976dec2248 0x7f976dec225b
+B+: 0x7f976dec225c 0x7f976dec2271
+B+: 0x7f976dec27d0 0x7f976dec27ff
+B+: 0x7f976dec280f 0x7f976dec2812
+B+: 0x7f976dec2813 0x7f976dec281c
+B+: 0x7f976dec281d 0x7f976dec2820
+B+: 0x7f976dec2821 0x7f976dec282f
+B+: 0x7f976dec2830 0x7f976dec283a
+B+: 0x7f976dec284f 0x7f976dec285a
+B+: 0x7f976dec285f 0x7f976dec2862
+B+: 0x7f976dec2870 0x7f976dec2877
+B+: 0x7f976dec2878 0x7f976dec288d
+B+: 0x7f976dec3440 0x7f976dec3464
+B+: 0x7f976dec361e 0x7f976dec3627
+B+: 0x7f976dec3628 0x7f976dec3631
+B+: 0x7f976dec3632 0x7f976dec3659
+B+: 0x7f976dec36af 0x7f976dec36bc
+B+: 0x7f976dec36c0 0x7f976dec36cb
+B+: 0x7f976dec3730 0x7f976dec373b
+B+: 0x7f976dec3740 0x7f976dec375e
+B+: 0x7f976dec375f 0x7f976dec3767
+B+: 0x7f976dec37d2 0x7f976dec37e3
+B+: 0x7f976dec38a0 0x7f976dec38a7
+B+: 0x7f976dec4260 0x7f976dec42a5
+B+: 0x7f976dec42b5 0x7f976dec42be
+B+: 0x7f976dec42bf 0x7f976dec42d2
+B+: 0x7f976dec42d3 0x7f976dec42fc
+B+: 0x7f976dec42fd 0x7f976dec4310
+B+: 0x7f976dec4324 0x7f976dec4328
+B+: 0x7f976dec4336 0x7f976dec433f
+B+: 0x7f976dec4340 0x7f976dec4344
+B+: 0x7f976dec4370 0x7f976dec4386
+B+: 0x7f976dec4387 0x7f976dec4398
+B+: 0x7f976dec43a0 0x7f976dec43b6
+B+: 0x7f976dec43b7 0x7f976dec43d7
+B+: 0x7f976dec43dd 0x7f976dec43ec
+B+: 0x7f976dec4850 0x7f976dec4886
+B+: 0x7f976dec4887 0x7f976dec489a
+B+: 0x7f976dec489b 0x7f976dec48ad
+B+: 0x7f976dec48ae 0x7f976dec48c4
+B+: 0x7f976dec48c5 0x7f976dec48d7
+B+: 0x7f976dec48d8 0x7f976dec48e7
+B+: 0x7f976dec48e8 0x7f976dec490c
+B+: 0x7f976dec490d 0x7f976dec4915
+B+: 0x7f976dec4924 0x7f976dec4933
+B+: 0x7f976dec4934 0x7f976dec4947
+B+: 0x7f976dec4948 0x7f976dec4954
+B+: 0x7f976dec4955 0x7f976dec495f
+B+: 0x7f976dec4960 0x7f976dec4964
+B+: 0x7f976dec4a6a 0x7f976dec4a7c
+B+: 0x7f976dec4a7d 0x7f976dec4a9c
+B+: 0x7f976dec4ba0 0x7f976dec4bad
+B+: 0x7f976dec4bae 0x7f976dec4be1
+B+: 0x7f976dec4bf0 0x7f976dec4bfb
+B+: 0x7f976dec4db0 0x7f976dec4dbd
+B+: 0x7f976dec4dbe 0x7f976dec4dca
+B+: 0x7f976dec4dcb 0x7f976dec4de3
+B+: 0x7f976dec4de8 0x7f976dec4df4
+B+: 0x7f976dec4df8 0x7f976dec4e04
+B+: 0x7f976dec4e05 0x7f976dec4e12
+B+: 0x7f976dec4e13 0x7f976dec4e1d
+B+: 0x7f976dec4eb4 0x7f976dec4ec1
+B+: 0x7f976dec5160 0x7f976dec5174
+B+: 0x7f976dec5175 0x7f976dec5187
+B+: 0x7f976dec5188 0x7f976dec51a2
+B+: 0x7f976dec51a3 0x7f976dec51ac
+B+: 0x7f976dec51ad 0x7f976dec51b3
+B+: 0x7f976dec51d0 0x7f976dec51e5
+B+: 0x7f976dec51eb 0x7f976dec51f3
+B+: 0x7f976dec5205 0x7f976dec520b
+B+: 0x7f976dec520c 0x7f976dec521d
+B+: 0x7f976dec521e 0x7f976dec5226
+B+: 0x7f976dec5227 0x7f976dec5230
+B+: 0x7f976dec5231 0x7f976dec5232
+B+: 0x7f976dec5240 0x7f976dec5248
+B+: 0x7f976dec5260 0x7f976dec5260
+B+: 0x7f976dec5520 0x7f976dec5534
+B+: 0x7f976dec5572 0x7f976dec5578
+B+: 0x7f976dec5580 0x7f976dec5583
+B+: 0x7f976dec5610 0x7f976dec5656
+B+: 0x7f976dec565b 0x7f976dec5686
+B+: 0x7f976dec5687 0x7f976dec569d
+B+: 0x7f976dec56fc 0x7f976dec5708
+B+: 0x7f976dec5709 0x7f976dec5711
+B+: 0x7f976dec5712 0x7f976dec572a
+B+: 0x7f976dec572b 0x7f976dec573c
+B+: 0x7f976dec5740 0x7f976dec5747
+B+: 0x7f976dec5748 0x7f976dec575f
+B+: 0x7f976dec5760 0x7f976dec5766
+B+: 0x7f976dec5767 0x7f976dec5780
+B+: 0x7f976dec5790 0x7f976dec5793
+B+: 0x7f976dec5794 0x7f976dec5798
+B+: 0x7f976dec57a2 0x7f976dec57aa
+B+: 0x7f976dec57ab 0x7f976dec57ae
+B+: 0x7f976dec57af 0x7f976dec57bd
+B+: 0x7f976dec57cb 0x7f976dec57d3
+B+: 0x7f976dec5825 0x7f976dec5841
+B+: 0x7f976dec5842 0x7f976dec584d
+B+: 0x7f976dec587e 0x7f976dec588e
+B+: 0x7f976dec588f 0x7f976dec58a0
+B+: 0x7f976dec58a1 0x7f976dec58ad
+B+: 0x7f976dec5c10 0x7f976dec5c30
+B+: 0x7f976dec5c31 0x7f976dec5c58
+B+: 0x7f976dec5c5e 0x7f976dec5c66
+B+: 0x7f976dec5c67 0x7f976dec5c6f
+B+: 0x7f976dec5c78 0x7f976dec5c87
+B+: 0x7f976dec5c88 0x7f976dec5c89
+B+: 0x7f976dec5ca0 0x7f976dec5caf
+B+: 0x7f976dec5cba 0x7f976dec5cc4
+B+: 0x7f976dec5ce0 0x7f976dec5ce8
+B+: 0x7f976dec6360 0x7f976dec636b
+B+: 0x7f976dec6480 0x7f976dec6480
+B+: 0x7f976dec69c0 0x7f976dec69db
+B+: 0x7f976dec6a16 0x7f976dec6a32
+B+: 0x7f976dec6a33 0x7f976dec6a52
+B+: 0x7f976dec6a63 0x7f976dec6a6a
+B+: 0x7f976dec6a90 0x7f976dec6aa6
+B+: 0x7f976dec6aa7 0x7f976dec6aae
+B+: 0x7f976dec6aaf 0x7f976dec6ab6
+B+: 0x7f976dec6af6 0x7f976dec6b01
+B+: 0x7f976dec6b0c 0x7f976dec6b34
+B+: 0x7f976dec6b40 0x7f976dec6b57
+B+: 0x7f976dec6b58 0x7f976dec6b5f
+B+: 0x7f976dec6b60 0x7f976dec6b67
+B+: 0x7f976dec6b68 0x7f976dec6b70
+B+: 0x7f976dec6b71 0x7f976dec6b7a
+B+: 0x7f976dec6b7b 0x7f976dec6b80
+B+: 0x7f976dec6b97 0x7f976dec6b9c
+B+: 0x7f976dec6c0a 0x7f976dec6c3d
+B+: 0x7f976dec6c47 0x7f976dec6c53
+B+: 0x7f976dec6ed0 0x7f976dec6ede
+B+: 0x7f976dec6edf 0x7f976dec6ee7
+B+: 0x7f976dec6ee8 0x7f976dec6efc
+B+: 0x7f976dec6efd 0x7f976dec6f02
+B+: 0x7f976dec6f03 0x7f976dec6f1b
+B+: 0x7f976dec6f1c 0x7f976dec6f21
+B+: 0x7f976dec6f22 0x7f976dec6f2b
+B+: 0x7f976dec6fc0 0x7f976dec6fc7
+B+: 0x7f976dec6fc8 0x7f976dec6fd0
+B+: 0x7f976dec7760 0x7f976dec7768
+B+: 0x7f976dec7769 0x7f976dec776d
+B+: 0x7f976dec776e 0x7f976dec7772
+B+: 0x7f976dec7780 0x7f976dec7788
+B+: 0x7f976dec7789 0x7f976dec778d
+B+: 0x7f976dec778e 0x7f976dec7792
+B+: 0x7f976dec77c0 0x7f976dec77d9
+B+: 0x7f976dec77da 0x7f976dec77e6
+B+: 0x7f976dec77f7 0x7f976dec7802
+B+: 0x7f976dec7803 0x7f976dec780b
+B+: 0x7f976dec780c 0x7f976dec7841
+B+: 0x7f976dec7842 0x7f976dec784b
+B+: 0x7f976dec784c 0x7f976dec7852
+B+: 0x7f976dec7853 0x7f976dec7875
+B+: 0x7f976dec7880 0x7f976dec788e
+B+: 0x7f976dec78b0 0x7f976dec78c8
+B+: 0x7f976dec7900 0x7f976dec7941
+B+: 0x7f976dec7950 0x7f976dec7966
+B+: 0x7f976dec7967 0x7f976dec797e
+B+: 0x7f976dec797f 0x7f976dec798a
+B+: 0x7f976dec798b 0x7f976dec79b3
+B+: 0x7f976dec79b4 0x7f976dec79bd
+B+: 0x7f976dec79be 0x7f976dec79bf
+B+: 0x7f976dec79d0 0x7f976dec79e8
+B+: 0x7f976dec79e9 0x7f976dec7a14
+B+: 0x7f976dec7a1e 0x7f976dec7a25
+B+: 0x7f976dec7a26 0x7f976dec7a33
+B+: 0x7f976dec7a34 0x7f976dec7a46
+B+: 0x7f976dec7ae0 0x7f976dec7afe
+B+: 0x7f976dec7aff 0x7f976dec7b0c
+B+: 0x7f976dec7b0d 0x7f976dec7b1b
+B+: 0x7f976dec7b1c 0x7f976dec7b2c
+B+: 0x7f976dec7b40 0x7f976dec7b62
+B+: 0x7f976dec7b98 0x7f976dec7ba9
+B+: 0x7f976dec86d0 0x7f976dec86f4
+B+: 0x7f976dec86f5 0x7f976dec870d
+B+: 0x7f976dec870e 0x7f976dec8712
+B+: 0x7f976dec8713 0x7f976dec871e
+B+: 0x7f976dec871f 0x7f976dec8723
+B+: 0x7f976dec8724 0x7f976dec8728
+B+: 0x7f976dec8729 0x7f976dec8730
+B+: 0x7f976dec873c 0x7f976dec8749
+B+: 0x7f976dec874a 0x7f976dec874d
+B+: 0x7f976dec874e 0x7f976dec8760
+B+: 0x7f976dec8761 0x7f976dec876b
+B+: 0x7f976dec8790 0x7f976dec879d
+B+: 0x7f976dec879e 0x7f976dec87a5
+B+: 0x7f976dec87a6 0x7f976dec87a7
+B+: 0x7f976dec8890 0x7f976dec889d
+B+: 0x7f976dec889e 0x7f976dec88a9
+B+: 0x7f976dec88aa 0x7f976dec88bd
+B+: 0x7f976dec88c0 0x7f976dec88ca
+B+: 0x7f976dec88d0 0x7f976dec88ef
+B+: 0x7f976dec88f0 0x7f976dec88f4
+B+: 0x7f976dec88f5 0x7f976dec890c
+B+: 0x7f976dec890d 0x7f976dec8910
+B+: 0x7f976dec8911 0x7f976dec8912
+B+: 0x7f976dec8913 0x7f976dec891b
+B+: 0x7f976dec891c 0x7f976dec8930
+B+: 0x7f976dec8938 0x7f976dec893c
+B+: 0x7f976dec8980 0x7f976dec898f
+B+: 0x7f976dec8990 0x7f976dec899b
+B+: 0x7f976dec899c 0x7f976dec89ab
+B+: 0x7f976dec8a80 0x7f976dec8a93
+B+: 0x7f976dec8a94 0x7f976dec8aac
+B+: 0x7f976dec8aad 0x7f976dec8abf
+B+: 0x7f976dec8ac0 0x7f976dec8ada
+B+: 0x7f976dec8adb 0x7f976dec8ae3
+B+: 0x7f976dec8aec 0x7f976dec8af8
+B+: 0x7f976dec8af9 0x7f976dec8b02
+B+: 0x7f976dec8b03 0x7f976dec8b06
+B+: 0x7f976dec8b07 0x7f976dec8b1a
+B+: 0x7f976dec8c49 0x7f976dec8c55
+B+: 0x7f976dec8c56 0x7f976dec8c67
+B+: 0x7f976dec8c82 0x7f976dec8c93
+B+: 0x7f976dec8d77 0x7f976dec8d82
+B+: 0x7f976dec8da0 0x7f976dec8db2
+B+: 0x7f976dec8db3 0x7f976dec8ddf
+B+: 0x7f976dec8de0 0x7f976dec8deb
+B+: 0x7f976dec8dec 0x7f976dec8dfc
+B+: 0x7f976dec8dfd 0x7f976dec8e18
+B+: 0x7f976dec8e19 0x7f976dec8e25
+B+: 0x7f976dec8e26 0x7f976dec8e2e
+B+: 0x7f976dec8e2f 0x7f976dec8e3f
+B+: 0x7f976dec8e40 0x7f976dec8e44
+B+: 0x7f976dec8e45 0x7f976dec8e50
+B+: 0x7f976dec8e51 0x7f976dec8e5d
+B+: 0x7f976dec8e5e 0x7f976dec8e77
+B+: 0x7f976dec8ece 0x7f976dec8ed2
+B+: 0x7f976dec8ed3 0x7f976dec8ede
+B+: 0x7f976dec8ee0 0x7f976dec8eec
+B+: 0x7f976dec8f60 0x7f976dec8f7c
+B+: 0x7f976dec9120 0x7f976dec9128
+B+: 0x7f976dec9129 0x7f976dec9147
+B+: 0x7f976dec9750 0x7f976dec975e
+B+: 0x7f976dec975f 0x7f976dec9763
+B+: 0x7f976dec9764 0x7f976dec9770
+B+: 0x7f976dec9771 0x7f976dec9777
+B+: 0x7f976dec9778 0x7f976dec9783
+B+: 0x7f976dec9784 0x7f976dec9788
+B+: 0x7f976dec9789 0x7f976dec978d
+B+: 0x7f976dec978e 0x7f976dec9796
+B+: 0x7f976dec9797 0x7f976dec979e
+B+: 0x7f976dec9890 0x7f976dec9892
+B+: 0x7f976dec98a7 0x7f976dec98ab
+B+: 0x7f976dec98ac 0x7f976dec98b2
+B+: 0x7f976dec98b3 0x7f976dec98b6
+B+: 0x7f976dec98d0 0x7f976dec98e1
+B+: 0x7f976dec98e2 0x7f976dec98e6
+B+: 0x7f976dec98e7 0x7f976dec98eb
+B+: 0x7f976dec98ec 0x7f976dec98f1
+B+: 0x7f976dec98f2 0x7f976dec98fa
+B+: 0x7f976dec98fb 0x7f976dec98fc
+B+: 0x7f976dec9940 0x7f976dec9948
+B+: 0x7f976dec9949 0x7f976dec9951
+B+: 0x7f976dec9980 0x7f976dec9988
+B+: 0x7f976dec9989 0x7f976dec998a
+B+: 0x7f976dec998b 0x7f976dec9991
+B+: 0x7f976dec9992 0x7f976dec99a2
+B+: 0x7f976dec99a8 0x7f976dec99ac
+B+: 0x7f976dec99eb 0x7f976dec9a00
+B+: 0x7f976dec9a08 0x7f976dec9a10
+B+: 0x7f976dec9af0 0x7f976dec9b11
+B+: 0x7f976dec9b12 0x7f976dec9b16
+B+: 0x7f976dec9b17 0x7f976dec9b1d
+B+: 0x7f976dec9b1e 0x7f976dec9b26
+B+: 0x7f976dec9b27 0x7f976dec9b34
+B+: 0x7f976dec9b35 0x7f976dec9b3c
+B+: 0x7f976dec9b3d 0x7f976dec9b49
+B+: 0x7f976dec9b4a 0x7f976dec9b5a
+B+: 0x7f976dec9b5b 0x7f976dec9b63
+B+: 0x7f976dec9b7f 0x7f976dec9b93
+B+: 0x7f976dec9b94 0x7f976dec9b9c
+B+: 0x7f976dec9be0 0x7f976dec9bf7
+B+: 0x7f976dec9bf8 0x7f976dec9c00
+B+: 0x7f976dec9c1b 0x7f976dec9c2b
+B+: 0x7f976dec9d40 0x7f976dec9d5e
+B+: 0x7f976dec9d5f 0x7f976dec9d6d
+B+: 0x7f976dec9d6e 0x7f976dec9d72
+B+: 0x7f976dec9d7d 0x7f976dec9d90
+B+: 0x7f976dec9d91 0x7f976dec9d95
+B+: 0x7f976dec9d96 0x7f976dec9d9a
+B+: 0x7f976dec9da0 0x7f976dec9da4
+B+: 0x7f976dec9dd5 0x7f976dec9dd9
+B+: 0x7f976dec9dda 0x7f976dec9dde
+B+: 0x7f976dec9df0 0x7f976dec9dfb
+B+: 0x7f976dec9dfc 0x7f976dec9e07
+B+: 0x7f976dec9e08 0x7f976dec9e10
+B+: 0x7f976dec9e2c 0x7f976dec9e30
+B+: 0x7f976dec9e31 0x7f976dec9e36
+B+: 0x7f976dec9e41 0x7f976dec9e45
+B+: 0x7f976dec9e46 0x7f976dec9e54
+B+: 0x7f976dec9e55 0x7f976dec9e5d
+B+: 0x7f976dec9e5e 0x7f976dec9e62
+B+: 0x7f976dec9e63 0x7f976dec9e74
+B+: 0x7f976dec9e78 0x7f976dec9e84
+B+: 0x7f976dec9ea0 0x7f976dec9ea4
+B+: 0x7f976dec9ef0 0x7f976dec9f03
+B+: 0x7f976dec9f40 0x7f976dec9f76
+B+: 0x7f976dec9f77 0x7f976dec9f82
+B+: 0x7f976dec9f83 0x7f976dec9f92
+B+: 0x7f976deca01b 0x7f976deca031
+B+: 0x7f976deca032 0x7f976deca040
+B+: 0x7f976deca075 0x7f976deca0b8
+B+: 0x7f976deca0b9 0x7f976deca0c3
+B+: 0x7f976deca0c4 0x7f976deca0cc
+B+: 0x7f976deca0cd 0x7f976deca0d5
+B+: 0x7f976deca0d6 0x7f976deca0de
+B+: 0x7f976deca0df 0x7f976deca106
+B+: 0x7f976deca107 0x7f976deca133
+B+: 0x7f976deca578 0x7f976deca581
+B+: 0x7f976deca582 0x7f976deca5a8
+B+: 0x7f976deca5a9 0x7f976deca5b6
+B+: 0x7f976deca5d0 0x7f976deca5e0
+B+: 0x7f976deca5e1 0x7f976deca5ee
+B+: 0x7f976deca5ef 0x7f976deca5f3
+B+: 0x7f976deca670 0x7f976deca67e
+B+: 0x7f976deca67f 0x7f976deca683
+B+: 0x7f976deca684 0x7f976deca692
+B+: 0x7f976deca693 0x7f976deca69a
+B+: 0x7f976deca69b 0x7f976deca6a2
+B+: 0x7f976deca6a3 0x7f976deca6b7
+B+: 0x7f976deca790 0x7f976deca7bc
+B+: 0x7f976deca7bd 0x7f976deca7d4
+B+: 0x7f976deca7e0 0x7f976deca83a
+B+: 0x7f976deca83b 0x7f976deca875
+B+: 0x7f976deca876 0x7f976deca893
+B+: 0x7f976deca894 0x7f976deca8a3
+B+: 0x7f976deca8a4 0x7f976deca8b0
+B+: 0x7f976deca9b4 0x7f976deca9b8
+B+: 0x7f976deca9b9 0x7f976deca9cf
+B+: 0x7f976deca9d0 0x7f976deca9dc
+B+: 0x7f976deca9dd 0x7f976deca9ef
+B+: 0x7f976deca9f0 0x7f976deca9f7
+B+: 0x7f976decaa01 0x7f976decaa16
+B+: 0x7f976decaa28 0x7f976decaa3d
+B+: 0x7f976decaa3e 0x7f976decaa4d
+B+: 0x7f976decaa79 0x7f976decaa97
+B+: 0x7f976decaa98 0x7f976decaac0
+B+: 0x7f976decaac1 0x7f976decaacf
+B+: 0x7f976decb148 0x7f976decb154
+B+: 0x7f976decb155 0x7f976decb174
+B+: 0x7f976decb175 0x7f976decb17f
+B+: 0x7f976decb1ac 0x7f976decb1b0
+B+: 0x7f976decb1b1 0x7f976decb1b5
+B+: 0x7f976decba40 0x7f976decba64
+B+: 0x7f976decbb10 0x7f976decbb1a
+B+: 0x7f976decbb40 0x7f976decbb47
+B+: 0x7f976decbb48 0x7f976decbb51
+B+: 0x7f976decbb58 0x7f976decbb60
+B+: 0x7f976decbb61 0x7f976decbb6a
+B+: 0x7f976decbb88 0x7f976decbb8c
+B+: 0x7f976decbb8d 0x7f976decbb94
+B+: 0x7f976decbba0 0x7f976decbba4
+B+: 0x7f976decbd00 0x7f976decbd30
+B+: 0x7f976decbe3f 0x7f976decbe55
+B+: 0x7f976decbe56 0x7f976decbe67
+B+: 0x7f976decc1e0 0x7f976decc222
+B+: 0x7f976decc223 0x7f976decc228
+B+: 0x7f976decc24c 0x7f976decc260
+B+: 0x7f976decc261 0x7f976decc269
+B+: 0x7f976decc270 0x7f976decc279
+B+: 0x7f976decc288 0x7f976decc2a0
+B+: 0x7f976decc2a1 0x7f976decc2ba
+B+: 0x7f976decc2bb 0x7f976decc2bc
+B+: 0x7f976decc2d0 0x7f976decc2d8
+B+: 0x7f976decc2f8 0x7f976decc2f8
+B+: 0x7f976decc300 0x7f976decc30c
+B+: 0x7f976decc33f 0x7f976decc343
+B+: 0x7f976decc380 0x7f976decc384
+B+: 0x7f976decc3d0 0x7f976decc3e3
+B+: 0x7f976decc400 0x7f976decc400
+B+: 0x7f976decc420 0x7f976decc45b
+B+: 0x7f976decc467 0x7f976decc471
+B+: 0x7f976decc472 0x7f976decc489
+B+: 0x7f976decc48a 0x7f976decc48d
+B+: 0x7f976decc48e 0x7f976decc494
+B+: 0x7f976decc495 0x7f976decc49d
+B+: 0x7f976decc49e 0x7f976decc4a9
+B+: 0x7f976decc4aa 0x7f976decc4c2
+B+: 0x7f976decc4c3 0x7f976decc4ce
+B+: 0x7f976decc4cf 0x7f976decc4e5
+B+: 0x7f976decc4e6 0x7f976decc4f5
+B+: 0x7f976decc500 0x7f976decc50e
+B+: 0x7f976decc50f 0x7f976decc513
+B+: 0x7f976decc514 0x7f976decc51e
+B+: 0x7f976decc540 0x7f976decc549
+B+: 0x7f976decc54a 0x7f976decc54e
+B+: 0x7f976decc54f 0x7f976decc560
+B+: 0x7f976decc568 0x7f976decc577
+B+: 0x7f976decc580 0x7f976decc589
+B+: 0x7f976decc5a8 0x7f976decc5bb
+B+: 0x7f976decc5c0 0x7f976decc5ce
+B+: 0x7f976decc5cf 0x7f976decc5dc
+B+: 0x7f976decc6f0 0x7f976decc6fd
+B+: 0x7f976decc7a0 0x7f976decc7a0
+B+: 0x7f976decc7b0 0x7f976decc7ba
+B+: 0x7f976decc7bb 0x7f976decc7ce
+B+: 0x7f976decc7cf 0x7f976decc7d8
+B+: 0x7f976decc7d9 0x7f976decc7e6
+B+: 0x7f976decc800 0x7f976decc82d
+B+: 0x7f976decc82e 0x7f976decc831
+B+: 0x7f976decc832 0x7f976decc847
+B+: 0x7f976decc864 0x7f976decc86b
+B+: 0x7f976decc86c 0x7f976decc86f
+B+: 0x7f976decc870 0x7f976decc876
+B+: 0x7f976decc877 0x7f976decc87b
+B+: 0x7f976decc87c 0x7f976decc886
+B+: 0x7f976deccae0 0x7f976deccb01
+B+: 0x7f976deccb02 0x7f976deccb0a
+B+: 0x7f976deccb0b 0x7f976deccb14
+B+: 0x7f976deccb15 0x7f976deccb19
+B+: 0x7f976deccc00 0x7f976deccc19
+B+: 0x7f976deccc51 0x7f976deccc8e
+B+: 0x7f976deccc8f 0x7f976deccc9e
+B+: 0x7f976deccc9f 0x7f976deccca6
+B+: 0x7f976deccdf0 0x7f976deccdfb
+B+: 0x7f976decce20 0x7f976decce20
+B+: 0x7f976decce30 0x7f976decce38
+B+: 0x7f976dece940 0x7f976dece94b
+B+: 0x7f976dece94c 0x7f976dece957
+B+: 0x7f976dece958 0x7f976dece964
+B+: 0x7f976dece965 0x7f976dece969
+B+: 0x7f976dece96a 0x7f976dece96f
+B+: 0x7f976dece970 0x7f976dece976
+B+: 0x7f976dece980 0x7f976dece987
+B+: 0x7f976dece988 0x7f976dece98c
+B+: 0x7f976dece98d 0x7f976dece99b
+B+: 0x7f976dece99c 0x7f976dece9a0
+B+: 0x7f976dece9a1 0x7f976dece9a8
+B+: 0x7f976dece9a9 0x7f976dece9ad
+B+: 0x7f976dece9ae 0x7f976dece9b8
+B+: 0x7f976dece9b9 0x7f976dece9b9
+B+: 0x7f976dece9c0 0x7f976dece9c5
+B+: 0x7f976dece9c6 0x7f976dece9c9
+B+: 0x7f976dece9d0 0x7f976dece9d0
+B+: 0x7f976dece9d1 0x7f976dece9d5
+B+: 0x7f976dece9d6 0x7f976dece9d9
+B+: 0x7f976dece9e0 0x7f976dece9ff
+B+: 0x7f976decea00 0x7f976decea11
+B+: 0x7f976decea12 0x7f976decea16
+B+: 0x7f976decea20 0x7f976decea22
+B+: 0x7f976decea23 0x7f976decea2f
+B+: 0x7f976decea30 0x7f976decea33
+B+: 0x7f976decea34 0x7f976decea5d
+B+: 0x7f976decea5e 0x7f976decea62
+B+: 0x7f976decea63 0x7f976decea82
+B+: 0x7f976deceac0 0x7f976deceade
+B+: 0x7f976deceadf 0x7f976deceae3
+B+: 0x7f976deceae4 0x7f976deceae8
+B+: 0x7f976deceaf0 0x7f976deceaf2
+B+: 0x7f976deceaf3 0x7f976deceaff
+B+: 0x7f976deceb00 0x7f976deceb03
+B+: 0x7f976deceb04 0x7f976deceb3e
+B+: 0x7f976deceb3f 0x7f976deceb49
+B+: 0x7f976deceb4a 0x7f976deceb57
+B+: 0x7f976deceb58 0x7f976deceb5d
+B+: 0x7f976deceb5e 0x7f976deceb66
+B+: 0x7f976deceb67 0x7f976deceb70
+B+: 0x7f976deceb71 0x7f976deceb7a
+B+: 0x7f976deceb7b 0x7f976deceb9a
+B+: 0x7f976deceb9b 0x7f976deceba3
+B+: 0x7f976deceba4 0x7f976decebbd
+B+: 0x7f976decebc0 0x7f976decebc5
+B+: 0x7f976decebc6 0x7f976decebcf
+B+: 0x7f976decebd0 0x7f976decebd9
+B+: 0x7f976decebda 0x7f976decebf7
+B+: 0x7f976decec08 0x7f976decec14
+B+: 0x7f976decec15 0x7f976decec1b
+B+: 0x7f976decec1c 0x7f976decec29
+B+: 0x7f976dececb0 0x7f976dececca
+B+: 0x7f976dececcb 0x7f976dececda
+B+: 0x7f976dececdb 0x7f976decece6
+B+: 0x7f976decece7 0x7f976dececef
+B+: 0x7f976dececf0 0x7f976dececf4
+B+: 0x7f976dececf5 0x7f976dececfc
+B+: 0x7f976dececfd 0x7f976deced10
+B+: 0x7f976deced11 0x7f976deced21
+B+: 0x7f976deced22 0x7f976deced26
+B+: 0x7f976deced27 0x7f976deced38
+B+: 0x7f976deced39 0x7f976deced4b
+B+: 0x7f976deced4c 0x7f976deced54
+B+: 0x7f976deced55 0x7f976deced5e
+B+: 0x7f976deced5f 0x7f976deced6d
+B+: 0x7f976deceea0 0x7f976deceeb6
+B+: 0x7f976deceeb7 0x7f976deceebb
+B+: 0x7f976deceebc 0x7f976deceec0
+B+: 0x7f976deceec8 0x7f976deceecb
+B+: 0x7f976deceecc 0x7f976deceed9
+B+: 0x7f976deceeda 0x7f976deceedd
+B+: 0x7f976deceede 0x7f976decef06
+B+: 0x7f976decef07 0x7f976decef10
+B+: 0x7f976decef11 0x7f976decef16
+B+: 0x7f976decef17 0x7f976decef24
+B+: 0x7f976decef25 0x7f976decef2d
+B+: 0x7f976decf440 0x7f976decf46b
+B+: 0x7f976decf46c 0x7f976decf470
+B+: 0x7f976decf471 0x7f976decf475
+B+: 0x7f976decf536 0x7f976decf53e
+B+: 0x7f976decf53f 0x7f976decf548
+B+: 0x7f976decf549 0x7f976decf551
+B+: 0x7f976decf5d0 0x7f976decf5e4
+B+: 0x7f976decf5e5 0x7f976decf606
+B+: 0x7f976decf607 0x7f976decf610
+B+: 0x7f976decf611 0x7f976decf618
+B+: 0x7f976decf640 0x7f976decf648
+B+: 0x7f976decf649 0x7f976decf656
+B+: 0x7f976decf657 0x7f976decf65f
+B+: 0x7f976decf660 0x7f976decf661
+B+: 0x7f976decf760 0x7f976decf7aa
+B+: 0x7f976decf7ab 0x7f976decf7af
+B+: 0x7f976decf7b0 0x7f976decf7be
+B+: 0x7f976decf7c8 0x7f976decf7d3
+B+: 0x7f976decf7d4 0x7f976decf7d8
+B+: 0x7f976decf7d9 0x7f976decf7e0
+B+: 0x7f976decf7e1 0x7f976decf7e5
+B+: 0x7f976decf7e6 0x7f976decf7f3
+B+: 0x7f976decf7f4 0x7f976decf7fb
+B+: 0x7f976decf800 0x7f976decf810
+B+: 0x7f976decf811 0x7f976decf815
+B+: 0x7f976decf816 0x7f976decf832
+B+: 0x7f976decf833 0x7f976decf843
+B+: 0x7f976decf844 0x7f976decf84f
+B+: 0x7f976decf850 0x7f976decf857
+B+: 0x7f976decf858 0x7f976decf85c
+B+: 0x7f976decf85d 0x7f976decf868
+B+: 0x7f976decf869 0x7f976decf87b
+B+: 0x7f976decf87c 0x7f976decf884
+B+: 0x7f976decf888 0x7f976decf897
+B+: 0x7f976decf898 0x7f976decf89b
+B+: 0x7f976decf89c 0x7f976decf8b4
+B+: 0x7f976decf8b5 0x7f976decf8b8
+B+: 0x7f976decf8b9 0x7f976decf8c6
+B+: 0x7f976decf8c7 0x7f976decf8d5
+B+: 0x7f976decfdc0 0x7f976decfdec
+B+: 0x7f976decfded 0x7f976decfdf2
+B+: 0x7f976decfdf3 0x7f976decfe04
+B+: 0x7f976decfe05 0x7f976decfe0d
+B+: 0x7f976decfe0e 0x7f976decfe1c
+CND+ 0x7f976debe00e: taken
+CND+ 0x7f976debe5ea: not taken
+CND+ 0x7f976debe626: not taken
+CND+ 0x7f976debe63b: taken
+CND+ 0x7f976debe673: not taken
+CND+ 0x7f976debe687: not taken
+CND+ 0x7f976debe695: not taken
+CND+ 0x7f976debe7e2: taken
+CND+ 0x7f976debe862: not taken
+CND+ 0x7f976debe87c: both
+CND+ 0x7f976debe8a9: not taken
+CND+ 0x7f976debea5d: not taken
+CND+ 0x7f976debea62: taken
+CND+ 0x7f976debf6e6: not taken
+CND+ 0x7f976debf704: taken
+CND+ 0x7f976debf71a: not taken
+CND+ 0x7f976debf71f: taken
+CND+ 0x7f976debf72f: taken
+CND+ 0x7f976debf74c: not taken
+CND+ 0x7f976debf756: not taken
+CND+ 0x7f976debf78f: not taken
+CND+ 0x7f976debf79b: taken
+CND+ 0x7f976dec0079: taken
+CND+ 0x7f976dec011b: not taken
+CND+ 0x7f976dec0149: not taken
+CND+ 0x7f976dec0158: not taken
+CND+ 0x7f976dec0190: not taken
+CND+ 0x7f976dec01ce: taken
+CND+ 0x7f976dec0c20: not taken
+CND+ 0x7f976dec0c2d: taken
+CND+ 0x7f976dec0c48: not taken
+CND+ 0x7f976dec0c5f: both
+CND+ 0x7f976dec0c88: not taken
+CND+ 0x7f976dec0ed2: taken
+CND+ 0x7f976dec0f55: not taken
+CND+ 0x7f976dec0f7e: not taken
+CND+ 0x7f976dec0f8a: not taken
+CND+ 0x7f976dec0f93: both
+CND+ 0x7f976dec0fc4: not taken
+CND+ 0x7f976dec0fe2: both
+CND+ 0x7f976dec0ffb: taken
+CND+ 0x7f976dec105a: taken
+CND+ 0x7f976dec10af: not taken
+CND+ 0x7f976dec10b8: taken
+CND+ 0x7f976dec10e0: taken
+CND+ 0x7f976dec1116: not taken
+CND+ 0x7f976dec115a: not taken
+CND+ 0x7f976dec1163: taken
+CND+ 0x7f976dec121b: taken
+CND+ 0x7f976dec124a: taken
+CND+ 0x7f976dec127c: not taken
+CND+ 0x7f976dec136a: taken
+CND+ 0x7f976dec1520: not taken
+CND+ 0x7f976dec1529: not taken
+CND+ 0x7f976dec1532: taken
+CND+ 0x7f976dec18eb: not taken
+CND+ 0x7f976dec1906: both
+CND+ 0x7f976dec193d: not taken
+CND+ 0x7f976dec1985: both
+CND+ 0x7f976dec19f6: taken
+CND+ 0x7f976dec1a20: both
+CND+ 0x7f976dec1a29: not taken
+CND+ 0x7f976dec1a33: not taken
+CND+ 0x7f976dec1ae4: not taken
+CND+ 0x7f976dec1afb: taken
+CND+ 0x7f976dec1b2a: both
+CND+ 0x7f976dec1b30: both
+CND+ 0x7f976dec1b40: taken
+CND+ 0x7f976dec1b60: not taken
+CND+ 0x7f976dec1b96: not taken
+CND+ 0x7f976dec1be5: taken
+CND+ 0x7f976dec1da0: not taken
+CND+ 0x7f976dec1da9: not taken
+CND+ 0x7f976dec1dc8: both
+CND+ 0x7f976dec1dd0: both
+CND+ 0x7f976dec1e2e: taken
+CND+ 0x7f976dec1e57: not taken
+CND+ 0x7f976dec1eac: taken
+CND+ 0x7f976dec1ed8: taken
+CND+ 0x7f976dec1fa3: not taken
+CND+ 0x7f976dec1fc0: taken
+CND+ 0x7f976dec2019: not taken
+CND+ 0x7f976dec2065: not taken
+CND+ 0x7f976dec206f: not taken
+CND+ 0x7f976dec2089: both
+CND+ 0x7f976dec209d: not taken
+CND+ 0x7f976dec20ab: taken
+CND+ 0x7f976dec214c: not taken
+CND+ 0x7f976dec2156: taken
+CND+ 0x7f976dec21cc: taken
+CND+ 0x7f976dec21ee: taken
+CND+ 0x7f976dec2811: both
+CND+ 0x7f976dec281b: not taken
+CND+ 0x7f976dec281f: not taken
+CND+ 0x7f976dec2839: taken
+CND+ 0x7f976dec2859: taken
+CND+ 0x7f976dec2861: taken
+CND+ 0x7f976dec345f: taken
+CND+ 0x7f976dec3626: not taken
+CND+ 0x7f976dec36ca: taken
+CND+ 0x7f976dec3762: taken
+CND+ 0x7f976dec42a4: taken
+CND+ 0x7f976dec42bd: not taken
+CND+ 0x7f976dec42cd: not taken
+CND+ 0x7f976dec430f: taken
+CND+ 0x7f976dec4327: taken
+CND+ 0x7f976dec433a: not taken
+CND+ 0x7f976dec4343: taken
+CND+ 0x7f976dec4381: not taken
+CND+ 0x7f976dec43d6: taken
+CND+ 0x7f976dec43e7: taken
+CND+ 0x7f976dec4895: not taken
+CND+ 0x7f976dec48a8: not taken
+CND+ 0x7f976dec48d2: not taken
+CND+ 0x7f976dec4907: not taken
+CND+ 0x7f976dec4942: taken
+CND+ 0x7f976dec4953: not taken
+CND+ 0x7f976dec4963: taken
+CND+ 0x7f976dec4a7b: not taken
+CND+ 0x7f976dec4dbc: both
+CND+ 0x7f976dec4dc9: both
+CND+ 0x7f976dec4e03: not taken
+CND+ 0x7f976dec4e0d: not taken
+CND+ 0x7f976dec4e18: taken
+CND+ 0x7f976dec51a1: not taken
+CND+ 0x7f976dec51ab: not taken
+CND+ 0x7f976dec51e4: taken
+CND+ 0x7f976dec51f2: taken
+CND+ 0x7f976dec520a: not taken
+CND+ 0x7f976dec5225: not taken
+CND+ 0x7f976dec522f: not taken
+CND+ 0x7f976dec5247: taken
+CND+ 0x7f976dec5533: taken
+CND+ 0x7f976dec5582: taken
+CND+ 0x7f976dec5655: taken
+CND+ 0x7f976dec5698: taken
+CND+ 0x7f976dec5703: not taken
+CND+ 0x7f976dec570c: taken
+CND+ 0x7f976dec5725: not taken
+CND+ 0x7f976dec5742: not taken
+CND+ 0x7f976dec575a: not taken
+CND+ 0x7f976dec5765: not taken
+CND+ 0x7f976dec5792: not taken
+CND+ 0x7f976dec5797: taken
+CND+ 0x7f976dec57a9: taken
+CND+ 0x7f976dec57ad: not taken
+CND+ 0x7f976dec57bc: taken
+CND+ 0x7f976dec57ce: taken
+CND+ 0x7f976dec5848: taken
+CND+ 0x7f976dec5889: not taken
+CND+ 0x7f976dec589b: not taken
+CND+ 0x7f976dec58a8: taken
+CND+ 0x7f976dec5c2f: not taken
+CND+ 0x7f976dec5c57: taken
+CND+ 0x7f976dec5c65: not taken
+CND+ 0x7f976dec5c6e: taken
+CND+ 0x7f976dec5c86: not taken
+CND+ 0x7f976dec5cae: taken
+CND+ 0x7f976dec6366: taken
+CND+ 0x7f976dec69d6: taken
+CND+ 0x7f976dec6a31: not taken
+CND+ 0x7f976dec6a51: taken
+CND+ 0x7f976dec6aad: not taken
+CND+ 0x7f976dec6ab5: taken
+CND+ 0x7f976dec6b00: taken
+CND+ 0x7f976dec6b5a: not taken
+CND+ 0x7f976dec6b62: not taken
+CND+ 0x7f976dec6b6b: not taken
+CND+ 0x7f976dec6b75: not taken
+CND+ 0x7f976dec6b7f: taken
+CND+ 0x7f976dec6b9b: taken
+CND+ 0x7f976dec6c3c: taken
+CND+ 0x7f976dec6ed9: not taken
+CND+ 0x7f976dec6ee6: not taken
+CND+ 0x7f976dec6f01: not taken
+CND+ 0x7f976dec6f1a: not taken
+CND+ 0x7f976dec6f20: not taken
+CND+ 0x7f976dec6f26: taken
+CND+ 0x7f976dec776c: not taken
+CND+ 0x7f976dec778c: not taken
+CND+ 0x7f976dec77d8: both
+CND+ 0x7f976dec77e1: taken
+CND+ 0x7f976dec7806: not taken
+CND+ 0x7f976dec7840: not taken
+CND+ 0x7f976dec784a: not taken
+CND+ 0x7f976dec7965: both
+CND+ 0x7f976dec7989: not taken
+CND+ 0x7f976dec79b2: not taken
+CND+ 0x7f976dec79bc: not taken
+CND+ 0x7f976dec79e3: not taken
+CND+ 0x7f976dec7a13: taken
+CND+ 0x7f976dec7afd: not taken
+CND+ 0x7f976dec7b1a: not taken
+CND+ 0x7f976dec7b61: taken
+CND+ 0x7f976dec8711: not taken
+CND+ 0x7f976dec871d: not taken
+CND+ 0x7f976dec8722: not taken
+CND+ 0x7f976dec8748: not taken
+CND+ 0x7f976dec874c: not taken
+CND+ 0x7f976dec875f: not taken
+CND+ 0x7f976dec87a4: not taken
+CND+ 0x7f976dec88f3: both
+CND+ 0x7f976dec890f: both
+CND+ 0x7f976dec8911: not taken
+CND+ 0x7f976dec891a: taken
+CND+ 0x7f976dec8a92: not taken
+CND+ 0x7f976dec8aba: not taken
+CND+ 0x7f976dec8ad5: both
+CND+ 0x7f976dec8ade: taken
+CND+ 0x7f976dec8af7: not taken
+CND+ 0x7f976dec8b01: not taken
+CND+ 0x7f976dec8b05: not taken
+CND+ 0x7f976dec8b19: taken
+CND+ 0x7f976dec8c50: not taken
+CND+ 0x7f976dec8c62: taken
+CND+ 0x7f976dec8db1: not taken
+CND+ 0x7f976dec8dea: both
+CND+ 0x7f976dec8e13: not taken
+CND+ 0x7f976dec8e20: taken
+CND+ 0x7f976dec8e2d: not taken
+CND+ 0x7f976dec8e43: not taken
+CND+ 0x7f976dec8e4f: both
+CND+ 0x7f976dec8e58: not taken
+CND+ 0x7f976dec8e72: taken
+CND+ 0x7f976dec8ee7: taken
+CND+ 0x7f976dec975d: both
+CND+ 0x7f976dec976f: not taken
+CND+ 0x7f976dec9782: both
+CND+ 0x7f976dec9787: both
+CND+ 0x7f976dec9795: both
+CND+ 0x7f976dec98b1: not taken
+CND+ 0x7f976dec98dc: not taken
+CND+ 0x7f976dec98ea: not taken
+CND+ 0x7f976dec98ec: both
+CND+ 0x7f976dec98f5: not taken
+CND+ 0x7f976dec98fb: taken
+CND+ 0x7f976dec9943: not taken
+CND+ 0x7f976dec994c: taken
+CND+ 0x7f976dec9983: not taken
+CND+ 0x7f976dec9989: both
+CND+ 0x7f976dec9990: not taken
+CND+ 0x7f976dec99ab: taken
+CND+ 0x7f976dec9a0b: taken
+CND+ 0x7f976dec9b10: both
+CND+ 0x7f976dec9b1c: not taken
+CND+ 0x7f976dec9b21: both
+CND+ 0x7f976dec9b2f: not taken
+CND+ 0x7f976dec9b37: both
+CND+ 0x7f976dec9b44: both
+CND+ 0x7f976dec9b5e: taken
+CND+ 0x7f976dec9b92: both
+CND+ 0x7f976dec9b9b: taken
+CND+ 0x7f976dec9bfb: taken
+CND+ 0x7f976dec9d68: both
+CND+ 0x7f976dec9d71: taken
+CND+ 0x7f976dec9d8b: not taken
+CND+ 0x7f976dec9da3: taken
+CND+ 0x7f976dec9ddd: taken
+CND+ 0x7f976dec9e02: not taken
+CND+ 0x7f976dec9e0b: taken
+CND+ 0x7f976dec9e2f: not taken
+CND+ 0x7f976dec9e35: taken
+CND+ 0x7f976dec9e4f: not taken
+CND+ 0x7f976dec9e58: both
+CND+ 0x7f976dec9f7d: not taken
+CND+ 0x7f976deca02c: not taken
+CND+ 0x7f976deca0c7: not taken
+CND+ 0x7f976deca0d0: both
+CND+ 0x7f976deca0d9: not taken
+CND+ 0x7f976deca5a7: both
+CND+ 0x7f976deca5ed: not taken
+CND+ 0x7f976deca5f2: taken
+CND+ 0x7f976deca682: not taken
+CND+ 0x7f976deca6a1: not taken
+CND+ 0x7f976deca7bb: not taken
+CND+ 0x7f976deca835: not taken
+CND+ 0x7f976deca870: not taken
+CND+ 0x7f976deca88e: not taken
+CND+ 0x7f976deca89e: not taken
+CND+ 0x7f976deca9ca: both
+CND+ 0x7f976deca9ea: taken
+CND+ 0x7f976deca9f6: taken
+CND+ 0x7f976decaa15: taken
+CND+ 0x7f976decaa38: not taken
+CND+ 0x7f976decaa48: taken
+CND+ 0x7f976decaabb: not taken
+CND+ 0x7f976decb14f: not taken
+CND+ 0x7f976decb16f: not taken
+CND+ 0x7f976decb17e: taken
+CND+ 0x7f976decba5f: taken
+CND+ 0x7f976decbb46: not taken
+CND+ 0x7f976decbb50: taken
+CND+ 0x7f976decbb69: taken
+CND+ 0x7f976decbb93: taken
+CND+ 0x7f976decbd2b: taken
+CND+ 0x7f976decbe50: not taken
+CND+ 0x7f976decc227: taken
+CND+ 0x7f976decc25f: not taken
+CND+ 0x7f976decc278: taken
+CND+ 0x7f976decc2b9: not taken
+CND+ 0x7f976decc2d7: taken
+CND+ 0x7f976decc30b: taken
+CND+ 0x7f976decc383: taken
+CND+ 0x7f976decc3e2: taken
+CND+ 0x7f976decc456: taken
+CND+ 0x7f976decc488: both
+CND+ 0x7f976decc48c: not taken
+CND+ 0x7f976decc493: not taken
+CND+ 0x7f976decc498: both
+CND+ 0x7f976decc4e0: not taken
+CND+ 0x7f976decc512: not taken
+CND+ 0x7f976decc519: taken
+CND+ 0x7f976decc548: not taken
+CND+ 0x7f976decc54d: not taken
+CND+ 0x7f976decc5c9: not taken
+CND+ 0x7f976decc5d7: taken
+CND+ 0x7f976decc6f8: taken
+CND+ 0x7f976decc7b9: not taken
+CND+ 0x7f976decc830: not taken
+CND+ 0x7f976decc846: taken
+CND+ 0x7f976decc86e: not taken
+CND+ 0x7f976deccb09: not taken
+CND+ 0x7f976deccb13: not taken
+CND+ 0x7f976deccc18: taken
+CND+ 0x7f976deccc9d: not taken
+CND+ 0x7f976deccdfa: taken
+CND+ 0x7f976dece946: both
+CND+ 0x7f976dece963: both
+CND+ 0x7f976dece968: not taken
+CND+ 0x7f976dece96e: not taken
+CND+ 0x7f976dece986: not taken
+CND+ 0x7f976dece98b: both
+CND+ 0x7f976dece99a: both
+CND+ 0x7f976dece99f: both
+CND+ 0x7f976dece9ac: both
+CND+ 0x7f976dece9b7: both
+CND+ 0x7f976dece9c4: not taken
+CND+ 0x7f976decea10: not taken
+CND+ 0x7f976decea15: taken
+CND+ 0x7f976decea2e: both
+CND+ 0x7f976decea32: both
+CND+ 0x7f976decea5c: both
+CND+ 0x7f976deceadd: not taken
+CND+ 0x7f976deceae2: not taken
+CND+ 0x7f976deceafe: not taken
+CND+ 0x7f976deceb02: both
+CND+ 0x7f976deceb48: both
+CND+ 0x7f976deceb52: not taken
+CND+ 0x7f976deceb5c: not taken
+CND+ 0x7f976deceb65: both
+CND+ 0x7f976deceb6b: taken
+CND+ 0x7f976deceb75: not taken
+CND+ 0x7f976deceb95: not taken
+CND+ 0x7f976deceba2: not taken
+CND+ 0x7f976decebc4: not taken
+CND+ 0x7f976decebce: not taken
+CND+ 0x7f976decebf6: taken
+CND+ 0x7f976decec24: taken
+CND+ 0x7f976decece1: not taken
+CND+ 0x7f976dececea: not taken
+CND+ 0x7f976dececf3: not taken
+CND+ 0x7f976deced25: not taken
+CND+ 0x7f976deced53: not taken
+CND+ 0x7f976deced5d: not taken
+CND+ 0x7f976deceeb5: not taken
+CND+ 0x7f976deceeba: not taken
+CND+ 0x7f976deceed8: both
+CND+ 0x7f976deceedc: taken
+CND+ 0x7f976decef0f: not taken
+CND+ 0x7f976decef15: not taken
+CND+ 0x7f976decf46f: not taken
+CND+ 0x7f976decf53d: not taken
+CND+ 0x7f976decf547: not taken
+CND+ 0x7f976decf605: not taken
+CND+ 0x7f976decf60f: not taken
+CND+ 0x7f976decf647: not taken
+CND+ 0x7f976decf65e: not taken
+CND+ 0x7f976decf7bd: taken
+CND+ 0x7f976decf7d2: taken
+CND+ 0x7f976decf7df: not taken
+CND+ 0x7f976decf7e4: both
+CND+ 0x7f976decf7fa: taken
+CND+ 0x7f976decf856: not taken
+CND+ 0x7f976decf85b: taken
+CND+ 0x7f976decf87a: not taken
+CND+ 0x7f976decf89a: not taken
+CND+ 0x7f976decf8b7: not taken
+CND+ 0x7f976decf8c5: not taken
+CND+ 0x7f976decf8d4: taken
+CND+ 0x7f976decfdf1: not taken
+CND+ 0x7f976decfe0c: not taken
@0x7f976debe050 to 0x7f97719f7a30 4
@0x7f976debe080 to 0x7f9771997330 2
@0x7f976debe090 to 0x7f9771a39710 1
@0x7f976debe0a0 to 0x7f9771a0fe70 5
@0x7f976debe0d0 to 0x7f97719aaa20 7
@0x7f976debe0f0 to 0x7f9771ace800 4
@0x7f976debe130 to 0x7f9771a3a1e0 1
@0x7f976debe140 to 0x7f97719aec10 1
@0x7f976debe150 to 0x7f9771a5c800 4
@0x7f976debe160 to 0x7f9771a39230 1
@0x7f976debe190 to 0x7f9771acebc0 8
@0x7f976debe1c0 to 0x7f9771a3a200 1
@0x7f976debe1e0 to 0x7f9771ace5d0 1
@0x7f976debe220 to 0x7f9771a3a210 2
@0x7f976debe230 to 0x7f9771a5db10 1
@0x7f976dec016e to 0x7f976dec01c0 1
@0x7f976debe280 to 0x7f9771ac9d10 11
@0x7f976debe2a0 to 0x7f97719aa450 4
@0x7f976dec01ac to 0x7f976dec0e90 1
@0x7f976debe2d0 to 0x7f9771aca100 9
@0x7f976debe320 to 0x7f97719ab0f0 4
@0x7f976debe330 to 0x7f9771acf100 6
@0x7f976debe350 to 0x7f9771a3a220 1
@0x7f976debe370 to 0x7f9771a5c800 2
@0x7f976debe390 to 0x7f97719f73e0 23
@0x7f976debe3b0 to 0x7f9771a3a230 1
@0x7f976debe3c0 to 0x7f9771ac9e90 22
@0x7f976debe3e0 to 0x7f9771a7aba0 1
@0x7f976debe410 to 0x7f97719f7c80 1
@0x7f976debe460 to 0x7f9771acf0e0 13
@0x7f976debe510 to 0x7f9771a3a1f0 1
@0x7f976debe560 to 0x7f9771a394e0 1
@0x7f976debe570 to 0x7f97719a3580 191
@0x7f976dec9f91 to 0x7f976deca075 1
@0x7f976debe784 to 0x7f9771996fb0 1
@0x7f976decfe01 to 0x7f976debe840 1
@0x7f976decc55f to 0x7f976decc580 1
@0x7f976decc55f to 0x7f976decc5c0 1
@0x7f976decc55f to 0x7f976decc5a8 2
@0x7f976deca8af to 0x7f976decaa01 183
@0x7f976deca8af to 0x7f976deca9f0 10
@0x7f976deca8af to 0x7f976decaa28 1
@0x7f976decec19 to 0x7f976dec27d0 1
@0x7f976decec19 to 0x7f976dec9120 1
