MODULE_NAME: /bin/dash
MODULE_START: 0x7fb716c6a000
+B+: 0x7fb716c6e000 0x7fb716c6e00f
+B+: 0x7fb716c6e012 0x7fb716c6e016
+B+: 0x7fb716c6e050 0x7fb716c6e055
+B+: 0x7fb716c6e080 0x7fb716c6e085
+B+: 0x7fb716c6e090 0x7fb716c6e095
+B+: 0x7fb716c6e0a0 0x7fb716c6e0a5
+B+: 0x7fb716c6e0d0 0x7fb716c6e0d5
+B+: 0x7fb716c6e0f0 0x7fb716c6e0f5
+B+: 0x7fb716c6e130 0x7fb716c6e135
+B+: 0x7fb716c6e140 0x7fb716c6e145
+B+: 0x7fb716c6e150 0x7fb716c6e155
+B+: 0x7fb716c6e160 0x7fb716c6e165
+B+: 0x7fb716c6e190 0x7fb716c6e195
+B+: 0x7fb716c6e1c0 0x7fb716c6e1c5
+B+: 0x7fb716c6e1e0 0x7fb716c6e1e5
+B+: 0x7fb716c6e220 0x7fb716c6e225
+B+: 0x7fb716c6e230 0x7fb716c6e235
+B+: 0x7fb716c6e280 0x7fb716c6e285
+B+: 0x7fb716c6e2a0 0x7fb716c6e2a5
+B+: 0x7fb716c6e2d0 0x7fb716c6e2d5
+B+: 0x7fb716c6e320 0x7fb716c6e325
+B+: 0x7fb716c6e330 0x7fb716c6e335
+B+: 0x7fb716c6e350 0x7fb716c6e355
+B+: 0x7fb716c6e370 0x7fb716c6e375
+B+: 0x7fb716c6e390 0x7fb716c6e395
+B+: 0x7fb716c6e3b0 0x7fb716c6e3b5
+B+: 0x7fb716c6e3c0 0x7fb716c6e3c5
+B+: 0x7fb716c6e3e0 0x7fb716c6e3e5
+B+: 0x7fb716c6e410 0x7fb716c6e415
+B+: 0x7fb716c6e460 0x7fb716c6e465
+B+: 0x7fb716c6e510 0x7fb716c6e515
+B+: 0x7fb716c6e560 0x7fb716c6e565
+B+: 0x7fb716c6e570 0x7fb716c6e575
+B+: 0x7fb716c6e590 0x7fb716c6e5b8
+B+: 0x7fb716c6e5b9 0x7fb716c6e5c4
+B+: 0x7fb716c6e5c5 0x7fb716c6e5cf
+B+: 0x7fb716c6e5d0 0x7fb716c6e5e7
+B+: 0x7fb716c6e5e8 0x7fb716c6e5ef
+B+: 0x7fb716c6e5f0 0x7fb716c6e600
+B+: 0x7fb716c6e601 0x7fb716c6e60b
+B+: 0x7fb716c6e60c 0x7fb716c6e615
+B+: 0x7fb716c6e616 0x7fb716c6e623
+B+: 0x7fb716c6e624 0x7fb716c6e62b
+B+: 0x7fb716c6e62c 0x7fb716c6e63c
+B+: 0x7fb716c6e657 0x7fb716c6e660
+B+: 0x7fb716c6e661 0x7fb716c6e678
+B+: 0x7fb716c6e679 0x7fb716c6e67f
+B+: 0x7fb716c6e680 0x7fb716c6e68c
+B+: 0x7fb716c6e68d 0x7fb716c6e696
+B+: 0x7fb716c6e697 0x7fb716c6e69b
+B+: 0x7fb716c6e760 0x7fb716c6e789
+B+: 0x7fb716c6e7c0 0x7fb716c6e7e3
+B+: 0x7fb716c6e7f8 0x7fb716c6e7f8
+B+: 0x7fb716c6e840 0x7fb716c6e844
+B+: 0x7fb716c6e850 0x7fb716c6e863
+B+: 0x7fb716c6e864 0x7fb716c6e86f
+B+: 0x7fb716c6e870 0x7fb716c6e87d
+B+: 0x7fb716c6e87e 0x7fb716c6e8aa
+B+: 0x7fb716c6e8ab 0x7fb716c6e8ac
+B+: 0x7fb716c6e8cb 0x7fb716c6e8d2
+B+: 0x7fb716c6ea50 0x7fb716c6ea57
+B+: 0x7fb716c6ea58 0x7fb716c6ea5e
+B+: 0x7fb716c6ea5f 0x7fb716c6ea63
+B+: 0x7fb716c6ea71 0x7fb716c6ea72
+B+: 0x7fb716c6f6d0 0x7fb716c6f6eb
+B+: 0x7fb716c6f6ec 0x7fb716c6f705
+B+: 0x7fb716c6f717 0x7fb716c6f71b
+B+: 0x7fb716c6f71c 0x7fb716c6f720
+B+: 0x7fb716c6f72c 0x7fb716c6f730
+B+: 0x7fb716c6f73e 0x7fb716c6f74d
+B+: 0x7fb716c6f74e 0x7fb716c6f757
+B+: 0x7fb716c6f758 0x7fb716c6f775
+B+: 0x7fb716c6f780 0x7fb716c6f788
+B+: 0x7fb716c6f789 0x7fb716c6f790
+B+: 0x7fb716c6f791 0x7fb716c6f79c
+B+: 0x7fb716c70060 0x7fb716c7007e
+B+: 0x7fb716c7010d 0x7fb716c7011c
+B+: 0x7fb716c7011d 0x7fb716c70123
+B+: 0x7fb716c70140 0x7fb716c7014a
+B+: 0x7fb716c7014b 0x7fb716c70152
+B+: 0x7fb716c70153 0x7fb716c7015d
+B+: 0x7fb716c7015e 0x7fb716c7016f
+B+: 0x7fb716c70188 0x7fb716c7018c
+B+: 0x7fb716c7018d 0x7fb716c70191
+B+: 0x7fb716c70192 0x7fb716c7019c
+B+: 0x7fb716c701a7 0x7fb716c701ad
+B+: 0x7fb716c701ae 0x7fb716c701b5
+B+: 0x7fb716c701c0 0x7fb716c701cf
+B+: 0x7fb716c70bc0 0x7fb716c70bfa
+B+: 0x7fb716c70bfb 0x7fb716c70c07
+B+: 0x7fb716c70c08 0x7fb716c70c0f
+B+: 0x7fb716c70c10 0x7fb716c70c11
+B+: 0x7fb716c70c18 0x7fb716c70c21
+B+: 0x7fb716c70c22 0x7fb716c70c2e
+B+: 0x7fb716c70c32 0x7fb716c70c39
+B+: 0x7fb716c70c3a 0x7fb716c70c49
+B+: 0x7fb716c70c4a 0x7fb716c70c51
+B+: 0x7fb716c70c52 0x7fb716c70c58
+B+: 0x7fb716c70c59 0x7fb716c70c60
+B+: 0x7fb716c70c61 0x7fb716c70c68
+B+: 0x7fb716c70c69 0x7fb716c70c6d
+B+: 0x7fb716c70c6e 0x7fb716c70c77
+B+: 0x7fb716c70c78 0x7fb716c70c89
+B+: 0x7fb716c70c8a 0x7fb716c70c98
+B+: 0x7fb716c70e90 0x7fb716c70ed3
+B+: 0x7fb716c70edf 0x7fb716c70ef5
+B+: 0x7fb716c70ef6 0x7fb716c70efa
+B+: 0x7fb716c70efb 0x7fb716c70f5a
+B+: 0x7fb716c70f5b 0x7fb716c70f67
+B+: 0x7fb716c70f68 0x7fb716c70f77
+B+: 0x7fb716c70f78 0x7fb716c70f7f
+B+: 0x7fb716c70f80 0x7fb716c70f8b
+B+: 0x7fb716c70f8c 0x7fb716c70f94
+B+: 0x7fb716c70f95 0x7fb716c70f9b
+B+: 0x7fb716c70fa0 0x7fb716c70faf
+B+: 0x7fb716c70fb0 0x7fb716c70fc5
+B+: 0x7fb716c70fc6 0x7fb716c70fcf
+B+: 0x7fb716c70fd0 0x7fb716c70fe3
+B+: 0x7fb716c70fe4 0x7fb716c70ffc
+B+: 0x7fb716c71019 0x7fb716c7102b
+B+: 0x7fb716c7102c 0x7fb716c71034
+B+: 0x7fb716c71035 0x7fb716c71047
+B+: 0x7fb716c71048 0x7fb716c7105b
+B+: 0x7fb716c710a8 0x7fb716c710b4
+B+: 0x7fb716c710b5 0x7fb716c710b9
+B+: 0x7fb716c710db 0x7fb716c710e1
+B+: 0x7fb716c710f0 0x7fb716c71103
+B+: 0x7fb716c71104 0x7fb716c71113
+B+: 0x7fb716c71114 0x7fb716c7111b
+B+: 0x7fb716c7111c 0x7fb716c71122
+B+: 0x7fb716c71123 0x7fb716c71152
+B+: 0x7fb716c71153 0x7fb716c7115f
+B+: 0x7fb716c71160 0x7fb716c71168
+B+: 0x7fb716c71216 0x7fb716c7121c
+B+: 0x7fb716c71224 0x7fb716c7122d
+B+: 0x7fb716c7122e 0x7fb716c71237
+B+: 0x7fb716c71238 0x7fb716c71241
+B+: 0x7fb716c71242 0x7fb716c7124b
+B+: 0x7fb716c7125d 0x7fb716c71266
+B+: 0x7fb716c71267 0x7fb716c71281
+B+: 0x7fb716c71282 0x7fb716c71293
+B+: 0x7fb716c7134c 0x7fb716c71353
+B+: 0x7fb716c71354 0x7fb716c7136f
+B+: 0x7fb716c7151b 0x7fb716c71525
+B+: 0x7fb716c71526 0x7fb716c7152e
+B+: 0x7fb716c7152f 0x7fb716c71537
+B+: 0x7fb716c718d0 0x7fb716c718ec
+B+: 0x7fb716c718ed 0x7fb716c718f1
+B+: 0x7fb716c718f8 0x7fb716c718fa
+B+: 0x7fb716c718fb 0x7fb716c71907
+B+: 0x7fb716c71908 0x7fb716c7193e
+B+: 0x7fb716c7193f 0x7fb716c71940
+B+: 0x7fb716c71963 0x7fb716c71977
+B+: 0x7fb716c71980 0x7fb716c71986
+B+: 0x7fb716c71987 0x7fb716c7198e
+B+: 0x7fb716c7198f 0x7fb716c71997
+B+: 0x7fb716c71998 0x7fb716c719ba
+B+: 0x7fb716c719bb 0x7fb716c719bc
+B+: 0x7fb716c719c0 0x7fb716c719e7
+B+: 0x7fb716c719e8 0x7fb716c719f7
+B+: 0x7fb716c71a19 0x7fb716c71a21
+B+: 0x7fb716c71a22 0x7fb716c71a2a
+B+: 0x7fb716c71a2b 0x7fb716c71a34
+B+: 0x7fb716c71a35 0x7fb716c71a3f
+B+: 0x7fb716c71ad0 0x7fb716c71ae9
+B+: 0x7fb716c71aea 0x7fb716c71b00
+B+: 0x7fb716c71b10 0x7fb716c71b1f
+B+: 0x7fb716c71b20 0x7fb716c71b2b
+B+: 0x7fb716c71b2c 0x7fb716c71b31
+B+: 0x7fb716c71b32 0x7fb716c71b41
+B+: 0x7fb716c71b56 0x7fb716c71b61
+B+: 0x7fb716c71b62 0x7fb716c71b6f
+B+: 0x7fb716c71b70 0x7fb716c71b85
+B+: 0x7fb716c71b86 0x7fb716c71b97
+B+: 0x7fb716c71b98 0x7fb716c71bc0
+B+: 0x7fb716c71bc8 0x7fb716c71bcc
+B+: 0x7fb716c71bcd 0x7fb716c71bea
+B+: 0x7fb716c71d70 0x7fb716c71d98
+B+: 0x7fb716c71da0 0x7fb716c71da1
+B+: 0x7fb716c71da2 0x7fb716c71daa
+B+: 0x7fb716c71dab 0x7fb716c71dc5
+B+: 0x7fb716c71dc6 0x7fb716c71dc9
+B+: 0x7fb716c71dca 0x7fb716c71dd1
+B+: 0x7fb716c71dd2 0x7fb716c71de6
+B+: 0x7fb716c71df0 0x7fb716c71e2a
+B+: 0x7fb716c71e2b 0x7fb716c71e2f
+B+: 0x7fb716c71e46 0x7fb716c71e5c
+B+: 0x7fb716c71e5d 0x7fb716c71e6e
+B+: 0x7fb716c71e90 0x7fb716c71ead
+B+: 0x7fb716c71ec8 0x7fb716c71ed1
+B+: 0x7fb716c71ed2 0x7fb716c71edd
+B+: 0x7fb716c71f6c 0x7fb716c71f8f
+B+: 0x7fb716c71f90 0x7fb716c71f9c
+B+: 0x7fb716c71f9d 0x7fb716c71fa8
+B+: 0x7fb716c71fa9 0x7fb716c71fb0
+B+: 0x7fb716c71fb1 0x7fb716c71fc5
+B+: 0x7fb716c72008 0x7fb716c72012
+B+: 0x7fb716c72013 0x7fb716c7201e
+B+: 0x7fb716c7201f 0x7fb716c7202e
+B+: 0x7fb716c72060 0x7fb716c72066
+B+: 0x7fb716c72067 0x7fb716c72074
+B+: 0x7fb716c72075 0x7fb716c72086
+B+: 0x7fb716c72087 0x7fb716c7208e
+B+: 0x7fb716c7208f 0x7fb716c720a2
+B+: 0x7fb716c720a3 0x7fb716c720b0
+B+: 0x7fb716c72100 0x7fb716c72116
+B+: 0x7fb716c72145 0x7fb716c7214d
+B+: 0x7fb716c7214e 0x7fb716c72157
+B+: 0x7fb716c72160 0x7fb716c72166
+B+: 0x7fb716c721c0 0x7fb716c721d1
+B+: 0x7fb716c721e8 0x7fb716c721ef
+B+: 0x7fb716c72248 0x7fb716c7225b
+B+: 0x7fb716c7225c 0x7fb716c72271
+B+: 0x7fb716c727d0 0x7fb716c727ff
+B+: 0x7fb716c7280f 0x7fb716c72812
+B+: 0x7fb716c72813 0x7fb716c7281c
+B+: 0x7fb716c7281d 0x7fb716c72820
+B+: 0x7fb716c72821 0x7fb716c7282f
+B+: 0x7fb716c72830 0x7fb716c7283a
+B+: 0x7fb716c7284f 0x7fb716c7285a
+B+: 0x7fb716c7285f 0x7fb716c72862
+B+: 0x7fb716c72870 0x7fb716c72877
+B+: 0x7fb716c72878 0x7fb716c7288d
+B+: 0x7fb716c73440 0x7fb716c73464
+B+: 0x7fb716c7361e 0x7fb716c73627
+B+: 0x7fb716c73628 0x7fb716c73631
+B+: 0x7fb716c73632 0x7fb716c73659
+B+: 0x7fb716c736af 0x7fb716c736bc
+B+: 0x7fb716c736c0 0x7fb716c736cb
+B+: 0x7fb716c73730 0x7fb716c7373b
+B+: 0x7fb716c73740 0x7fb716c7375e
+B+: 0x7fb716c7375f 0x7fb716c73767
+B+: 0x7fb716c737d2 0x7fb716c737e3
+B+: 0x7fb716c738a0 0x7fb716c738a7
+B+: 0x7fb716c74260 0x7fb716c742a5
+B+: 0x7fb716c742b5 0x7fb716c742be
+B+: 0x7fb716c742bf 0x7fb716c742d2
+B+: 0x7fb716c742d3 0x7fb716c742fc
+B+: 0x7fb716c742fd 0x7fb716c74310
+B+: 0x7fb716c74324 0x7fb716c74328
+B+: 0x7fb716c74336 0x7fb716c7433f
+B+: 0x7fb716c74340 0x7fb716c74344
+B+: 0x7fb716c74370 0x7fb716c74386
+B+: 0x7fb716c74387 0x7fb716c74398
+B+: 0x7fb716c743a0 0x7fb716c743b6
+B+: 0x7fb716c743b7 0x7fb716c743d7
+B+: 0x7fb716c743dd 0x7fb716c743ec
+B+: 0x7fb716c74850 0x7fb716c74886
+B+: 0x7fb716c74887 0x7fb716c7489a
+B+: 0x7fb716c7489b 0x7fb716c748ad
+B+: 0x7fb716c748ae 0x7fb716c748c4
+B+: 0x7fb716c748c5 0x7fb716c748d7
+B+: 0x7fb716c748d8 0x7fb716c748e7
+B+: 0x7fb716c748e8 0x7fb716c7490c
+B+: 0x7fb716c7490d 0x7fb716c74915
+B+: 0x7fb716c74924 0x7fb716c74933
+B+: 0x7fb716c74934 0x7fb716c74947
+B+: 0x7fb716c74948 0x7fb716c74954
+B+: 0x7fb716c74955 0x7fb716c7495f
+B+: 0x7fb716c74960 0x7fb716c74964
+B+: 0x7fb716c74a6a 0x7fb716c74a7c
+B+: 0x7fb716c74a7d 0x7fb716c74a9c
+B+: 0x7fb716c74ba0 0x7fb716c74bad
+B+: 0x7fb716c74bae 0x7fb716c74be1
+B+: 0x7fb716c74bf0 0x7fb716c74bfb
+B+: 0x7fb716c74db0 0x7fb716c74dbd
+B+: 0x7fb716c74dbe 0x7fb716c74dca
+B+: 0x7fb716c74dcb 0x7fb716c74de3
+B+: 0x7fb716c74de8 0x7fb716c74df4
+B+: 0x7fb716c74df8 0x7fb716c74e04
+B+: 0x7fb716c74e05 0x7fb716c74e12
+B+: 0x7fb716c74e13 0x7fb716c74e1d
+B+: 0x7fb716c74eb4 0x7fb716c74ec1
+B+: 0x7fb716c75160 0x7fb716c75174
+B+: 0x7fb716c75175 0x7fb716c75187
+B+: 0x7fb716c75188 0x7fb716c751a2
+B+: 0x7fb716c751a3 0x7fb716c751ac
+B+: 0x7fb716c751ad 0x7fb716c751b3
+B+: 0x7fb716c751d0 0x7fb716c751e5
+B+: 0x7fb716c751eb 0x7fb716c751f3
+B+: 0x7fb716c75205 0x7fb716c7520b
+B+: 0x7fb716c7520c 0x7fb716c7521d
+B+: 0x7fb716c7521e 0x7fb716c75226
+B+: 0x7fb716c75227 0x7fb716c75230
+B+: 0x7fb716c75231 0x7fb716c75232
+B+: 0x7fb716c75240 0x7fb716c75248
+B+: 0x7fb716c75260 0x7fb716c75260
+B+: 0x7fb716c75520 0x7fb716c75534
+B+: 0x7fb716c75572 0x7fb716c75578
+B+: 0x7fb716c75580 0x7fb716c75583
+B+: 0x7fb716c75610 0x7fb716c75656
+B+: 0x7fb716c7565b 0x7fb716c75686
+B+: 0x7fb716c75687 0x7fb716c7569d
+B+: 0x7fb716c756fc 0x7fb716c75708
+B+: 0x7fb716c75709 0x7fb716c75711
+B+: 0x7fb716c75712 0x7fb716c7572a
+B+: 0x7fb716c7572b 0x7fb716c7573c
+B+: 0x7fb716c75740 0x7fb716c75747
+B+: 0x7fb716c75748 0x7fb716c7575f
+B+: 0x7fb716c75760 0x7fb716c75766
+B+: 0x7fb716c75767 0x7fb716c75780
+B+: 0x7fb716c75790 0x7fb716c75793
+B+: 0x7fb716c75794 0x7fb716c75798
+B+: 0x7fb716c757a2 0x7fb716c757aa
+B+: 0x7fb716c757ab 0x7fb716c757ae
+B+: 0x7fb716c757af 0x7fb716c757bd
+B+: 0x7fb716c757cb 0x7fb716c757d3
+B+: 0x7fb716c75825 0x7fb716c75841
+B+: 0x7fb716c75842 0x7fb716c7584d
+B+: 0x7fb716c7587e 0x7fb716c7588e
+B+: 0x7fb716c7588f 0x7fb716c758a0
+B+: 0x7fb716c758a1 0x7fb716c758ad
+B+: 0x7fb716c75c10 0x7fb716c75c30
+B+: 0x7fb716c75c31 0x7fb716c75c58
+B+: 0x7fb716c75c5e 0x7fb716c75c66
+B+: 0x7fb716c75c67 0x7fb716c75c6f
+B+: 0x7fb716c75c78 0x7fb716c75c87
+B+: 0x7fb716c75c88 0x7fb716c75c89
+B+: 0x7fb716c75ca0 0x7fb716c75caf
+B+: 0x7fb716c75cba 0x7fb716c75cc4
+B+: 0x7fb716c75ce0 0x7fb716c75ce8
+B+: 0x7fb716c76360 0x7fb716c7636b
+B+: 0x7fb716c76480 0x7fb716c76480
+B+: 0x7fb716c769c0 0x7fb716c769db
+B+: 0x7fb716c76a16 0x7fb716c76a32
+B+: 0x7fb716c76a33 0x7fb716c76a52
+B+: 0x7fb716c76a63 0x7fb716c76a6a
+B+: 0x7fb716c76a90 0x7fb716c76aa6
+B+: 0x7fb716c76aa7 0x7fb716c76aae
+B+: 0x7fb716c76aaf 0x7fb716c76ab6
+B+: 0x7fb716c76af6 0x7fb716c76b01
+B+: 0x7fb716c76b0c 0x7fb716c76b34
+B+: 0x7fb716c76b40 0x7fb716c76b57
+B+: 0x7fb716c76b58 0x7fb716c76b5f
+B+: 0x7fb716c76b60 0x7fb716c76b67
+B+: 0x7fb716c76b68 0x7fb716c76b70
+B+: 0x7fb716c76b71 0x7fb716c76b7a
+B+: 0x7fb716c76b7b 0x7fb716c76b80
+B+: 0x7fb716c76b97 0x7fb716c76b9c
+B+: 0x7fb716c76c0a 0x7fb716c76c3d
+B+: 0x7fb716c76c47 0x7fb716c76c53
+B+: 0x7fb716c76ed0 0x7fb716c76ede
+B+: 0x7fb716c76edf 0x7fb716c76ee7
+B+: 0x7fb716c76ee8 0x7fb716c76efc
+B+: 0x7fb716c76efd 0x7fb716c76f02
+B+: 0x7fb716c76f03 0x7fb716c76f1b
+B+: 0x7fb716c76f1c 0x7fb716c76f21
+B+: 0x7fb716c76f22 0x7fb716c76f2b
+B+: 0x7fb716c76fc0 0x7fb716c76fc7
+B+: 0x7fb716c76fc8 0x7fb716c76fd0
+B+: 0x7fb716c77760 0x7fb716c77768
+B+: 0x7fb716c77769 0x7fb716c7776d
+B+: 0x7fb716c7776e 0x7fb716c77772
+B+: 0x7fb716c77780 0x7fb716c77788
+B+: 0x7fb716c77789 0x7fb716c7778d
+B+: 0x7fb716c7778e 0x7fb716c77792
+B+: 0x7fb716c777c0 0x7fb716c777d9
+B+: 0x7fb716c777da 0x7fb716c777e6
+B+: 0x7fb716c777f7 0x7fb716c77802
+B+: 0x7fb716c77803 0x7fb716c7780b
+B+: 0x7fb716c7780c 0x7fb716c77841
+B+: 0x7fb716c77842 0x7fb716c7784b
+B+: 0x7fb716c7784c 0x7fb716c77852
+B+: 0x7fb716c77853 0x7fb716c77875
+B+: 0x7fb716c77880 0x7fb716c7788e
+B+: 0x7fb716c778b0 0x7fb716c778c8
+B+: 0x7fb716c77900 0x7fb716c77941
+B+: 0x7fb716c77950 0x7fb716c77966
+B+: 0x7fb716c77967 0x7fb716c7797e
+B+: 0x7fb716c7797f 0x7fb716c7798a
+B+: 0x7fb716c7798b 0x7fb716c779b3
+B+: 0x7fb716c779b4 0x7fb716c779bd
+B+: 0x7fb716c779be 0x7fb716c779bf
+B+: 0x7fb716c779d0 0x7fb716c779e8
+B+: 0x7fb716c779e9 0x7fb716c77a14
+B+: 0x7fb716c77a1e 0x7fb716c77a25
+B+: 0x7fb716c77a26 0x7fb716c77a33
+B+: 0x7fb716c77a34 0x7fb716c77a46
+B+: 0x7fb716c77ae0 0x7fb716c77afe
+B+: 0x7fb716c77aff 0x7fb716c77b0c
+B+: 0x7fb716c77b0d 0x7fb716c77b1b
+B+: 0x7fb716c77b1c 0x7fb716c77b2c
+B+: 0x7fb716c77b40 0x7fb716c77b62
+B+: 0x7fb716c77b98 0x7fb716c77ba9
+B+: 0x7fb716c786d0 0x7fb716c786f4
+B+: 0x7fb716c786f5 0x7fb716c7870d
+B+: 0x7fb716c7870e 0x7fb716c78712
+B+: 0x7fb716c78713 0x7fb716c7871e
+B+: 0x7fb716c7871f 0x7fb716c78723
+B+: 0x7fb716c78724 0x7fb716c78728
+B+: 0x7fb716c78729 0x7fb716c78730
+B+: 0x7fb716c7873c 0x7fb716c78749
+B+: 0x7fb716c7874a 0x7fb716c7874d
+B+: 0x7fb716c7874e 0x7fb716c78760
+B+: 0x7fb716c78761 0x7fb716c7876b
+B+: 0x7fb716c78790 0x7fb716c7879d
+B+: 0x7fb716c7879e 0x7fb716c787a5
+B+: 0x7fb716c787a6 0x7fb716c787a7
+B+: 0x7fb716c78890 0x7fb716c7889d
+B+: 0x7fb716c7889e 0x7fb716c788a9
+B+: 0x7fb716c788aa 0x7fb716c788bd
+B+: 0x7fb716c788c0 0x7fb716c788ca
+B+: 0x7fb716c788d0 0x7fb716c788ef
+B+: 0x7fb716c788f0 0x7fb716c788f4
+B+: 0x7fb716c788f5 0x7fb716c7890c
+B+: 0x7fb716c7890d 0x7fb716c78910
+B+: 0x7fb716c78911 0x7fb716c78912
+B+: 0x7fb716c78913 0x7fb716c7891b
+B+: 0x7fb716c7891c 0x7fb716c78930
+B+: 0x7fb716c78938 0x7fb716c7893c
+B+: 0x7fb716c78980 0x7fb716c7898f
+B+: 0x7fb716c78990 0x7fb716c7899b
+B+: 0x7fb716c7899c 0x7fb716c789ab
+B+: 0x7fb716c78a80 0x7fb716c78a93
+B+: 0x7fb716c78a94 0x7fb716c78aac
+B+: 0x7fb716c78aad 0x7fb716c78abf
+B+: 0x7fb716c78ac0 0x7fb716c78ada
+B+: 0x7fb716c78adb 0x7fb716c78ae3
+B+: 0x7fb716c78aec 0x7fb716c78af8
+B+: 0x7fb716c78af9 0x7fb716c78b02
+B+: 0x7fb716c78b03 0x7fb716c78b06
+B+: 0x7fb716c78b07 0x7fb716c78b1a
+B+: 0x7fb716c78c49 0x7fb716c78c55
+B+: 0x7fb716c78c56 0x7fb716c78c67
+B+: 0x7fb716c78c82 0x7fb716c78c93
+B+: 0x7fb716c78d77 0x7fb716c78d82
+B+: 0x7fb716c78da0 0x7fb716c78db2
+B+: 0x7fb716c78db3 0x7fb716c78ddf
+B+: 0x7fb716c78de0 0x7fb716c78deb
+B+: 0x7fb716c78dec 0x7fb716c78dfc
+B+: 0x7fb716c78dfd 0x7fb716c78e18
+B+: 0x7fb716c78e19 0x7fb716c78e25
+B+: 0x7fb716c78e26 0x7fb716c78e2e
+B+: 0x7fb716c78e2f 0x7fb716c78e3f
+B+: 0x7fb716c78e40 0x7fb716c78e44
+B+: 0x7fb716c78e45 0x7fb716c78e50
+B+: 0x7fb716c78e51 0x7fb716c78e5d
+B+: 0x7fb716c78e5e 0x7fb716c78e77
+B+: 0x7fb716c78ece 0x7fb716c78ed2
+B+: 0x7fb716c78ed3 0x7fb716c78ede
+B+: 0x7fb716c78ee0 0x7fb716c78eec
+B+: 0x7fb716c78f60 0x7fb716c78f7c
+B+: 0x7fb716c79120 0x7fb716c79128
+B+: 0x7fb716c79129 0x7fb716c79147
+B+: 0x7fb716c79750 0x7fb716c7975e
+B+: 0x7fb716c7975f 0x7fb716c79763
+B+: 0x7fb716c79764 0x7fb716c79770
+B+: 0x7fb716c79771 0x7fb716c79777
+B+: 0x7fb716c79778 0x7fb716c79783
+B+: 0x7fb716c79784 0x7fb716c79788
+B+: 0x7fb716c79789 0x7fb716c7978d
+B+: 0x7fb716c7978e 0x7fb716c79796
+B+: 0x7fb716c79797 0x7fb716c7979e
+B+: 0x7fb716c79890 0x7fb716c79892
+B+: 0x7fb716c798a7 0x7fb716c798ab
+B+: 0x7fb716c798ac 0x7fb716c798b2
+B+: 0x7fb716c798b3 0x7fb716c798b6
+B+: 0x7fb716c798d0 0x7fb716c798e1
+B+: 0x7fb716c798e2 0x7fb716c798e6
+B+: 0x7fb716c798e7 0x7fb716c798eb
+B+: 0x7fb716c798ec 0x7fb716c798f1
+B+: 0x7fb716c798f2 0x7fb716c798fa
+B+: 0x7fb716c798fb 0x7fb716c798fc
+B+: 0x7fb716c79940 0x7fb716c79948
+B+: 0x7fb716c79949 0x7fb716c79951
+B+: 0x7fb716c79980 0x7fb716c79988
+B+: 0x7fb716c79989 0x7fb716c7998a
+B+: 0x7fb716c7998b 0x7fb716c79991
+B+: 0x7fb716c79992 0x7fb716c799a2
+B+: 0x7fb716c799a8 0x7fb716c799ac
+B+: 0x7fb716c799eb 0x7fb716c79a00
+B+: 0x7fb716c79a08 0x7fb716c79a10
+B+: 0x7fb716c79af0 0x7fb716c79b11
+B+: 0x7fb716c79b12 0x7fb716c79b16
+B+: 0x7fb716c79b17 0x7fb716c79b1d
+B+: 0x7fb716c79b1e 0x7fb716c79b26
+B+: 0x7fb716c79b27 0x7fb716c79b34
+B+: 0x7fb716c79b35 0x7fb716c79b3c
+B+: 0x7fb716c79b3d 0x7fb716c79b49
+B+: 0x7fb716c79b4a 0x7fb716c79b5a
+B+: 0x7fb716c79b5b 0x7fb716c79b63
+B+: 0x7fb716c79b7f 0x7fb716c79b93
+B+: 0x7fb716c79b94 0x7fb716c79b9c
+B+: 0x7fb716c79be0 0x7fb716c79bf7
+B+: 0x7fb716c79bf8 0x7fb716c79c00
+B+: 0x7fb716c79c1b 0x7fb716c79c2b
+B+: 0x7fb716c79d40 0x7fb716c79d5e
+B+: 0x7fb716c79d5f 0x7fb716c79d6d
+B+: 0x7fb716c79d6e 0x7fb716c79d72
+B+: 0x7fb716c79d7d 0x7fb716c79d90
+B+: 0x7fb716c79d91 0x7fb716c79d95
+B+: 0x7fb716c79d96 0x7fb716c79d9a
+B+: 0x7fb716c79da0 0x7fb716c79da4
+B+: 0x7fb716c79dd5 0x7fb716c79dd9
+B+: 0x7fb716c79dda 0x7fb716c79dde
+B+: 0x7fb716c79df0 0x7fb716c79dfb
+B+: 0x7fb716c79dfc 0x7fb716c79e07
+B+: 0x7fb716c79e08 0x7fb716c79e10
+B+: 0x7fb716c79e2c 0x7fb716c79e30
+B+: 0x7fb716c79e31 0x7fb716c79e36
+B+: 0x7fb716c79e41 0x7fb716c79e45
+B+: 0x7fb716c79e46 0x7fb716c79e54
+B+: 0x7fb716c79e55 0x7fb716c79e5d
+B+: 0x7fb716c79e5e 0x7fb716c79e62
+B+: 0x7fb716c79e63 0x7fb716c79e74
+B+: 0x7fb716c79e78 0x7fb716c79e84
+B+: 0x7fb716c79ea0 0x7fb716c79ea4
+B+: 0x7fb716c79ef0 0x7fb716c79f03
+B+: 0x7fb716c79f40 0x7fb716c79f76
+B+: 0x7fb716c79f77 0x7fb716c79f82
+B+: 0x7fb716c79f83 0x7fb716c79f92
+B+: 0x7fb716c7a01b 0x7fb716c7a031
+B+: 0x7fb716c7a032 0x7fb716c7a040
+B+: 0x7fb716c7a075 0x7fb716c7a0b8
+B+: 0x7fb716c7a0b9 0x7fb716c7a0c3
+B+: 0x7fb716c7a0c4 0x7fb716c7a0cc
+B+: 0x7fb716c7a0cd 0x7fb716c7a0d5
+B+: 0x7fb716c7a0d6 0x7fb716c7a0de
+B+: 0x7fb716c7a0df 0x7fb716c7a106
+B+: 0x7fb716c7a107 0x7fb716c7a133
+B+: 0x7fb716c7a578 0x7fb716c7a581
+B+: 0x7fb716c7a582 0x7fb716c7a5a8
+B+: 0x7fb716c7a5a9 0x7fb716c7a5b6
+B+: 0x7fb716c7a5d0 0x7fb716c7a5e0
+B+: 0x7fb716c7a5e1 0x7fb716c7a5ee
+B+: 0x7fb716c7a5ef 0x7fb716c7a5f3
+B+: 0x7fb716c7a670 0x7fb716c7a67e
+B+: 0x7fb716c7a67f 0x7fb716c7a683
+B+: 0x7fb716c7a684 0x7fb716c7a692
+B+: 0x7fb716c7a693 0x7fb716c7a69a
+B+: 0x7fb716c7a69b 0x7fb716c7a6a2
+B+: 0x7fb716c7a6a3 0x7fb716c7a6b7
+B+: 0x7fb716c7a790 0x7fb716c7a7bc
+B+: 0x7fb716c7a7bd 0x7fb716c7a7d4
+B+: 0x7fb716c7a7e0 0x7fb716c7a83a
+B+: 0x7fb716c7a83b 0x7fb716c7a875
+B+: 0x7fb716c7a876 0x7fb716c7a893
+B+: 0x7fb716c7a894 0x7fb716c7a8a3
+B+: 0x7fb716c7a8a4 0x7fb716c7a8b0
+B+: 0x7fb716c7a9b4 0x7fb716c7a9b8
+B+: 0x7fb716c7a9b9 0x7fb716c7a9cf
+B+: 0x7fb716c7a9d0 0x7fb716c7a9dc
+B+: 0x7fb716c7a9dd 0x7fb716c7a9ef
+B+: 0x7fb716c7a9f0 0x7fb716c7a9f7
+B+: 0x7fb716c7aa01 0x7fb716c7aa16
+B+: 0x7fb716c7aa28 0x7fb716c7aa3d
+B+: 0x7fb716c7aa3e 0x7fb716c7aa4d
+B+: 0x7fb716c7aa79 0x7fb716c7aa97
+B+: 0x7fb716c7aa98 0x7fb716c7aac0
+B+: 0x7fb716c7aac1 0x7fb716c7aacf
+B+: 0x7fb716c7b148 0x7fb716c7b154
+B+: 0x7fb716c7b155 0x7fb716c7b174
+B+: 0x7fb716c7b175 0x7fb716c7b17f
+B+: 0x7fb716c7b1ac 0x7fb716c7b1b0
+B+: 0x7fb716c7b1b1 0x7fb716c7b1b5
+B+: 0x7fb716c7ba40 0x7fb716c7ba64
+B+: 0x7fb716c7bb10 0x7fb716c7bb1a
+B+: 0x7fb716c7bb40 0x7fb716c7bb47
+B+: 0x7fb716c7bb48 0x7fb716c7bb51
+B+: 0x7fb716c7bb58 0x7fb716c7bb60
+B+: 0x7fb716c7bb61 0x7fb716c7bb6a
+B+: 0x7fb716c7bb88 0x7fb716c7bb8c
+B+: 0x7fb716c7bb8d 0x7fb716c7bb94
+B+: 0x7fb716c7bba0 0x7fb716c7bba4
+B+: 0x7fb716c7bd00 0x7fb716c7bd30
+B+: 0x7fb716c7be3f 0x7fb716c7be55
+B+: 0x7fb716c7be56 0x7fb716c7be67
+B+: 0x7fb716c7c1e0 0x7fb716c7c222
+B+: 0x7fb716c7c223 0x7fb716c7c228
+B+: 0x7fb716c7c24c 0x7fb716c7c260
+B+: 0x7fb716c7c261 0x7fb716c7c269
+B+: 0x7fb716c7c270 0x7fb716c7c279
+B+: 0x7fb716c7c288 0x7fb716c7c2a0
+B+: 0x7fb716c7c2a1 0x7fb716c7c2ba
+B+: 0x7fb716c7c2bb 0x7fb716c7c2bc
+B+: 0x7fb716c7c2d0 0x7fb716c7c2d8
+B+: 0x7fb716c7c2f8 0x7fb716c7c2f8
+B+: 0x7fb716c7c300 0x7fb716c7c30c
+B+: 0x7fb716c7c33f 0x7fb716c7c343
+B+: 0x7fb716c7c380 0x7fb716c7c384
+B+: 0x7fb716c7c3d0 0x7fb716c7c3e3
+B+: 0x7fb716c7c400 0x7fb716c7c400
+B+: 0x7fb716c7c420 0x7fb716c7c45b
+B+: 0x7fb716c7c467 0x7fb716c7c471
+B+: 0x7fb716c7c472 0x7fb716c7c489
+B+: 0x7fb716c7c48a 0x7fb716c7c48d
+B+: 0x7fb716c7c48e 0x7fb716c7c494
+B+: 0x7fb716c7c495 0x7fb716c7c49d
+B+: 0x7fb716c7c49e 0x7fb716c7c4a9
+B+: 0x7fb716c7c4aa 0x7fb716c7c4c2
+B+: 0x7fb716c7c4c3 0x7fb716c7c4ce
+B+: 0x7fb716c7c4cf 0x7fb716c7c4e5
+B+: 0x7fb716c7c4e6 0x7fb716c7c4f5
+B+: 0x7fb716c7c500 0x7fb716c7c50e
+B+: 0x7fb716c7c50f 0x7fb716c7c513
+B+: 0x7fb716c7c514 0x7fb716c7c51e
+B+: 0x7fb716c7c540 0x7fb716c7c549
+B+: 0x7fb716c7c54a 0x7fb716c7c54e
+B+: 0x7fb716c7c54f 0x7fb716c7c560
+B+: 0x7fb716c7c568 0x7fb716c7c577
+B+: 0x7fb716c7c580 0x7fb716c7c589
+B+: 0x7fb716c7c5a8 0x7fb716c7c5bb
+B+: 0x7fb716c7c5c0 0x7fb716c7c5ce
+B+: 0x7fb716c7c5cf 0x7fb716c7c5dc
+B+: 0x7fb716c7c6f0 0x7fb716c7c6fd
+B+: 0x7fb716c7c7a0 0x7fb716c7c7a0
+B+: 0x7fb716c7c7b0 0x7fb716c7c7ba
+B+: 0x7fb716c7c7bb 0x7fb716c7c7ce
+B+: 0x7fb716c7c7cf 0x7fb716c7c7d8
+B+: 0x7fb716c7c7d9 0x7fb716c7c7e6
+B+: 0x7fb716c7c800 0x7fb716c7c82d
+B+: 0x7fb716c7c82e 0x7fb716c7c831
+B+: 0x7fb716c7c832 0x7fb716c7c847
+B+: 0x7fb716c7c864 0x7fb716c7c86b
+B+: 0x7fb716c7c86c 0x7fb716c7c86f
+B+: 0x7fb716c7c870 0x7fb716c7c876
+B+: 0x7fb716c7c877 0x7fb716c7c87b
+B+: 0x7fb716c7c87c 0x7fb716c7c886
+B+: 0x7fb716c7cae0 0x7fb716c7cb01
+B+: 0x7fb716c7cb02 0x7fb716c7cb0a
+B+: 0x7fb716c7cb0b 0x7fb716c7cb14
+B+: 0x7fb716c7cb15 0x7fb716c7cb19
+B+: 0x7fb716c7cc00 0x7fb716c7cc19
+B+: 0x7fb716c7cc51 0x7fb716c7cc8e
+B+: 0x7fb716c7cc8f 0x7fb716c7cc9e
+B+: 0x7fb716c7cc9f 0x7fb716c7cca6
+B+: 0x7fb716c7cdf0 0x7fb716c7cdfb
+B+: 0x7fb716c7ce20 0x7fb716c7ce20
+B+: 0x7fb716c7ce30 0x7fb716c7ce38
+B+: 0x7fb716c7e940 0x7fb716c7e94b
+B+: 0x7fb716c7e94c 0x7fb716c7e957
+B+: 0x7fb716c7e958 0x7fb716c7e964
+B+: 0x7fb716c7e965 0x7fb716c7e969
+B+: 0x7fb716c7e96a 0x7fb716c7e96f
+B+: 0x7fb716c7e970 0x7fb716c7e976
+B+: 0x7fb716c7e980 0x7fb716c7e987
+B+: 0x7fb716c7e988 0x7fb716c7e98c
+B+: 0x7fb716c7e98d 0x7fb716c7e99b
+B+: 0x7fb716c7e99c 0x7fb716c7e9a0
+B+: 0x7fb716c7e9a1 0x7fb716c7e9a8
+B+: 0x7fb716c7e9a9 0x7fb716c7e9ad
+B+: 0x7fb716c7e9ae 0x7fb716c7e9b8
+B+: 0x7fb716c7e9b9 0x7fb716c7e9b9
+B+: 0x7fb716c7e9c0 0x7fb716c7e9c5
+B+: 0x7fb716c7e9c6 0x7fb716c7e9c9
+B+: 0x7fb716c7e9d0 0x7fb716c7e9d0
+B+: 0x7fb716c7e9d1 0x7fb716c7e9d5
+B+: 0x7fb716c7e9d6 0x7fb716c7e9d9
+B+: 0x7fb716c7e9e0 0x7fb716c7e9ff
+B+: 0x7fb716c7ea00 0x7fb716c7ea11
+B+: 0x7fb716c7ea12 0x7fb716c7ea16
+B+: 0x7fb716c7ea20 0x7fb716c7ea22
+B+: 0x7fb716c7ea23 0x7fb716c7ea2f
+B+: 0x7fb716c7ea30 0x7fb716c7ea33
+B+: 0x7fb716c7ea34 0x7fb716c7ea5d
+B+: 0x7fb716c7ea5e 0x7fb716c7ea62
+B+: 0x7fb716c7ea63 0x7fb716c7ea82
+B+: 0x7fb716c7eac0 0x7fb716c7eade
+B+: 0x7fb716c7eadf 0x7fb716c7eae3
+B+: 0x7fb716c7eae4 0x7fb716c7eae8
+B+: 0x7fb716c7eaf0 0x7fb716c7eaf2
+B+: 0x7fb716c7eaf3 0x7fb716c7eaff
+B+: 0x7fb716c7eb00 0x7fb716c7eb03
+B+: 0x7fb716c7eb04 0x7fb716c7eb3e
+B+: 0x7fb716c7eb3f 0x7fb716c7eb49
+B+: 0x7fb716c7eb4a 0x7fb716c7eb57
+B+: 0x7fb716c7eb58 0x7fb716c7eb5d
+B+: 0x7fb716c7eb5e 0x7fb716c7eb66
+B+: 0x7fb716c7eb67 0x7fb716c7eb70
+B+: 0x7fb716c7eb71 0x7fb716c7eb7a
+B+: 0x7fb716c7eb7b 0x7fb716c7eb9a
+B+: 0x7fb716c7eb9b 0x7fb716c7eba3
+B+: 0x7fb716c7eba4 0x7fb716c7ebbd
+B+: 0x7fb716c7ebc0 0x7fb716c7ebc5
+B+: 0x7fb716c7ebc6 0x7fb716c7ebcf
+B+: 0x7fb716c7ebd0 0x7fb716c7ebd9
+B+: 0x7fb716c7ebda 0x7fb716c7ebf7
+B+: 0x7fb716c7ec08 0x7fb716c7ec14
+B+: 0x7fb716c7ec15 0x7fb716c7ec1b
+B+: 0x7fb716c7ec1c 0x7fb716c7ec29
+B+: 0x7fb716c7ecb0 0x7fb716c7ecca
+B+: 0x7fb716c7eccb 0x7fb716c7ecda
+B+: 0x7fb716c7ecdb 0x7fb716c7ece6
+B+: 0x7fb716c7ece7 0x7fb716c7ecef
+B+: 0x7fb716c7ecf0 0x7fb716c7ecf4
+B+: 0x7fb716c7ecf5 0x7fb716c7ecfc
+B+: 0x7fb716c7ecfd 0x7fb716c7ed10
+B+: 0x7fb716c7ed11 0x7fb716c7ed21
+B+: 0x7fb716c7ed22 0x7fb716c7ed26
+B+: 0x7fb716c7ed27 0x7fb716c7ed38
+B+: 0x7fb716c7ed39 0x7fb716c7ed4b
+B+: 0x7fb716c7ed4c 0x7fb716c7ed54
+B+: 0x7fb716c7ed55 0x7fb716c7ed5e
+B+: 0x7fb716c7ed5f 0x7fb716c7ed6d
+B+: 0x7fb716c7eea0 0x7fb716c7eeb6
+B+: 0x7fb716c7eeb7 0x7fb716c7eebb
+B+: 0x7fb716c7eebc 0x7fb716c7eec0
+B+: 0x7fb716c7eec8 0x7fb716c7eecb
+B+: 0x7fb716c7eecc 0x7fb716c7eed9
+B+: 0x7fb716c7eeda 0x7fb716c7eedd
+B+: 0x7fb716c7eede 0x7fb716c7ef06
+B+: 0x7fb716c7ef07 0x7fb716c7ef10
+B+: 0x7fb716c7ef11 0x7fb716c7ef16
+B+: 0x7fb716c7ef17 0x7fb716c7ef24
+B+: 0x7fb716c7ef25 0x7fb716c7ef2d
+B+: 0x7fb716c7f440 0x7fb716c7f46b
+B+: 0x7fb716c7f46c 0x7fb716c7f470
+B+: 0x7fb716c7f471 0x7fb716c7f475
+B+: 0x7fb716c7f536 0x7fb716c7f53e
+B+: 0x7fb716c7f53f 0x7fb716c7f548
+B+: 0x7fb716c7f549 0x7fb716c7f551
+B+: 0x7fb716c7f5d0 0x7fb716c7f5e4
+B+: 0x7fb716c7f5e5 0x7fb716c7f606
+B+: 0x7fb716c7f607 0x7fb716c7f610
+B+: 0x7fb716c7f611 0x7fb716c7f618
+B+: 0x7fb716c7f640 0x7fb716c7f648
+B+: 0x7fb716c7f649 0x7fb716c7f656
+B+: 0x7fb716c7f657 0x7fb716c7f65f
+B+: 0x7fb716c7f660 0x7fb716c7f661
+B+: 0x7fb716c7f760 0x7fb716c7f7aa
+B+: 0x7fb716c7f7ab 0x7fb716c7f7af
+B+: 0x7fb716c7f7b0 0x7fb716c7f7be
+B+: 0x7fb716c7f7c8 0x7fb716c7f7d3
+B+: 0x7fb716c7f7d4 0x7fb716c7f7d8
+B+: 0x7fb716c7f7d9 0x7fb716c7f7e0
+B+: 0x7fb716c7f7e1 0x7fb716c7f7e5
+B+: 0x7fb716c7f7e6 0x7fb716c7f7f3
+B+: 0x7fb716c7f7f4 0x7fb716c7f7fb
+B+: 0x7fb716c7f800 0x7fb716c7f810
+B+: 0x7fb716c7f811 0x7fb716c7f815
+B+: 0x7fb716c7f816 0x7fb716c7f832
+B+: 0x7fb716c7f833 0x7fb716c7f843
+B+: 0x7fb716c7f844 0x7fb716c7f84f
+B+: 0x7fb716c7f850 0x7fb716c7f857
+B+: 0x7fb716c7f858 0x7fb716c7f85c
+B+: 0x7fb716c7f85d 0x7fb716c7f868
+B+: 0x7fb716c7f869 0x7fb716c7f87b
+B+: 0x7fb716c7f87c 0x7fb716c7f884
+B+: 0x7fb716c7f888 0x7fb716c7f897
+B+: 0x7fb716c7f898 0x7fb716c7f89b
+B+: 0x7fb716c7f89c 0x7fb716c7f8b4
+B+: 0x7fb716c7f8b5 0x7fb716c7f8b8
+B+: 0x7fb716c7f8b9 0x7fb716c7f8c6
+B+: 0x7fb716c7f8c7 0x7fb716c7f8d5
+B+: 0x7fb716c7fdc0 0x7fb716c7fdec
+B+: 0x7fb716c7fded 0x7fb716c7fdf2
+B+: 0x7fb716c7fdf3 0x7fb716c7fe04
+B+: 0x7fb716c7fe05 0x7fb716c7fe0d
+B+: 0x7fb716c7fe0e 0x7fb716c7fe1c
+CND+ 0x7fb716c6e00e: taken
+CND+ 0x7fb716c6e5ea: not taken
+CND+ 0x7fb716c6e626: not taken
+CND+ 0x7fb716c6e63b: taken
+CND+ 0x7fb716c6e673: not taken
+CND+ 0x7fb716c6e687: not taken
+CND+ 0x7fb716c6e695: not taken
+CND+ 0x7fb716c6e7e2: taken
+CND+ 0x7fb716c6e862: not taken
+CND+ 0x7fb716c6e87c: both
+CND+ 0x7fb716c6e8a9: not taken
+CND+ 0x7fb716c6ea5d: not taken
+CND+ 0x7fb716c6ea62: taken
+CND+ 0x7fb716c6f6e6: not taken
+CND+ 0x7fb716c6f704: taken
+CND+ 0x7fb716c6f71a: not taken
+CND+ 0x7fb716c6f71f: taken
+CND+ 0x7fb716c6f72f: taken
+CND+ 0x7fb716c6f74c: not taken
+CND+ 0x7fb716c6f756: not taken
+CND+ 0x7fb716c6f78f: not taken
+CND+ 0x7fb716c6f79b: taken
+CND+ 0x7fb716c70079: taken
+CND+ 0x7fb716c7011b: not taken
+CND+ 0x7fb716c70149: not taken
+CND+ 0x7fb716c70158: not taken
+CND+ 0x7fb716c70190: not taken
+CND+ 0x7fb716c701ce: taken
+CND+ 0x7fb716c70c20: not taken
+CND+ 0x7fb716c70c2d: taken
+CND+ 0x7fb716c70c48: not taken
+CND+ 0x7fb716c70c5f: both
+CND+ 0x7fb716c70c88: not taken
+CND+ 0x7fb716c70ed2: taken
+CND+ 0x7fb716c70f55: not taken
+CND+ 0x7fb716c70f7e: not taken
+CND+ 0x7fb716c70f8a: not taken
+CND+ 0x7fb716c70f93: both
+CND+ 0x7fb716c70fc4: not taken
+CND+ 0x7fb716c70fe2: both
+CND+ 0x7fb716c70ffb: taken
+CND+ 0x7fb716c7105a: taken
+CND+ 0x7fb716c710af: not taken
+CND+ 0x7fb716c710b8: taken
+CND+ 0x7fb716c710e0: taken
+CND+ 0x7fb716c71116: not taken
+CND+ 0x7fb716c7115a: not taken
+CND+ 0x7fb716c71163: taken
+CND+ 0x7fb716c7121b: taken
+CND+ 0x7fb716c7124a: taken
+CND+ 0x7fb716c7127c: not taken
+CND+ 0x7fb716c7136a: taken
+CND+ 0x7fb716c71520: not taken
+CND+ 0x7fb716c71529: not taken
+CND+ 0x7fb716c71532: taken
+CND+ 0x7fb716c718eb: not taken
+CND+ 0x7fb716c71906: both
+CND+ 0x7fb716c7193d: not taken
+CND+ 0x7fb716c71985: both
+CND+ 0x7fb716c719f6: taken
+CND+ 0x7fb716c71a20: both
+CND+ 0x7fb716c71a29: not taken
+CND+ 0x7fb716c71a33: not taken
+CND+ 0x7fb716c71ae4: not taken
+CND+ 0x7fb716c71afb: taken
+CND+ 0x7fb716c71b2a: both
+CND+ 0x7fb716c71b30: both
+CND+ 0x7fb716c71b40: taken
+CND+ 0x7fb716c71b60: not taken
+CND+ 0x7fb716c71b96: not taken
+CND+ 0x7fb716c71be5: taken
+CND+ 0x7fb716c71da0: not taken
+CND+ 0x7fb716c71da9: not taken
+CND+ 0x7fb716c71dc8: both
+CND+ 0x7fb716c71dd0: both
+CND+ 0x7fb716c71e2e: taken
+CND+ 0x7fb716c71e57: not taken
+CND+ 0x7fb716c71eac: taken
+CND+ 0x7fb716c71ed8: taken
+CND+ 0x7fb716c71fa3: not taken
+CND+ 0x7fb716c71fc0: taken
+CND+ 0x7fb716c72019: not taken
+CND+ 0x7fb716c72065: not taken
+CND+ 0x7fb716c7206f: not taken
+CND+ 0x7fb716c72089: both
+CND+ 0x7fb716c7209d: not taken
+CND+ 0x7fb716c720ab: taken
+CND+ 0x7fb716c7214c: not taken
+CND+ 0x7fb716c72156: taken
+CND+ 0x7fb716c721cc: taken
+CND+ 0x7fb716c721ee: taken
+CND+ 0x7fb716c72811: both
+CND+ 0x7fb716c7281b: not taken
+CND+ 0x7fb716c7281f: not taken
+CND+ 0x7fb716c72839: taken
+CND+ 0x7fb716c72859: taken
+CND+ 0x7fb716c72861: taken
+CND+ 0x7fb716c7345f: taken
+CND+ 0x7fb716c73626: not taken
+CND+ 0x7fb716c736ca: taken
+CND+ 0x7fb716c73762: taken
+CND+ 0x7fb716c742a4: taken
+CND+ 0x7fb716c742bd: not taken
+CND+ 0x7fb716c742cd: not taken
+CND+ 0x7fb716c7430f: taken
+CND+ 0x7fb716c74327: taken
+CND+ 0x7fb716c7433a: not taken
+CND+ 0x7fb716c74343: taken
+CND+ 0x7fb716c74381: not taken
+CND+ 0x7fb716c743d6: taken
+CND+ 0x7fb716c743e7: taken
+CND+ 0x7fb716c74895: not taken
+CND+ 0x7fb716c748a8: not taken
+CND+ 0x7fb716c748d2: not taken
+CND+ 0x7fb716c74907: not taken
+CND+ 0x7fb716c74942: taken
+CND+ 0x7fb716c74953: not taken
+CND+ 0x7fb716c74963: taken
+CND+ 0x7fb716c74a7b: not taken
+CND+ 0x7fb716c74dbc: both
+CND+ 0x7fb716c74dc9: both
+CND+ 0x7fb716c74e03: not taken
+CND+ 0x7fb716c74e0d: not taken
+CND+ 0x7fb716c74e18: taken
+CND+ 0x7fb716c751a1: not taken
+CND+ 0x7fb716c751ab: not taken
+CND+ 0x7fb716c751e4: taken
+CND+ 0x7fb716c751f2: taken
+CND+ 0x7fb716c7520a: not taken
+CND+ 0x7fb716c75225: not taken
+CND+ 0x7fb716c7522f: not taken
+CND+ 0x7fb716c75247: taken
+CND+ 0x7fb716c75533: taken
+CND+ 0x7fb716c75582: taken
+CND+ 0x7fb716c75655: taken
+CND+ 0x7fb716c75698: taken
+CND+ 0x7fb716c75703: not taken
+CND+ 0x7fb716c7570c: taken
+CND+ 0x7fb716c75725: not taken
+CND+ 0x7fb716c75742: not taken
+CND+ 0x7fb716c7575a: not taken
+CND+ 0x7fb716c75765: not taken
+CND+ 0x7fb716c75792: not taken
+CND+ 0x7fb716c75797: taken
+CND+ 0x7fb716c757a9: taken
+CND+ 0x7fb716c757ad: not taken
+CND+ 0x7fb716c757bc: taken
+CND+ 0x7fb716c757ce: taken
+CND+ 0x7fb716c75848: taken
+CND+ 0x7fb716c75889: not taken
+CND+ 0x7fb716c7589b: not taken
+CND+ 0x7fb716c758a8: taken
+CND+ 0x7fb716c75c2f: not taken
+CND+ 0x7fb716c75c57: taken
+CND+ 0x7fb716c75c65: not taken
+CND+ 0x7fb716c75c6e: taken
+CND+ 0x7fb716c75c86: not taken
+CND+ 0x7fb716c75cae: taken
+CND+ 0x7fb716c76366: taken
+CND+ 0x7fb716c769d6: taken
+CND+ 0x7fb716c76a31: not taken
+CND+ 0x7fb716c76a51: taken
+CND+ 0x7fb716c76aad: not taken
+CND+ 0x7fb716c76ab5: taken
+CND+ 0x7fb716c76b00: taken
+CND+ 0x7fb716c76b5a: not taken
+CND+ 0x7fb716c76b62: not taken
+CND+ 0x7fb716c76b6b: not taken
+CND+ 0x7fb716c76b75: not taken
+CND+ 0x7fb716c76b7f: taken
+CND+ 0x7fb716c76b9b: taken
+CND+ 0x7fb716c76c3c: taken
+CND+ 0x7fb716c76ed9: not taken
+CND+ 0x7fb716c76ee6: not taken
+CND+ 0x7fb716c76f01: not taken
+CND+ 0x7fb716c76f1a: not taken
+CND+ 0x7fb716c76f20: not taken
+CND+ 0x7fb716c76f26: taken
+CND+ 0x7fb716c7776c: not taken
+CND+ 0x7fb716c7778c: not taken
+CND+ 0x7fb716c777d8: both
+CND+ 0x7fb716c777e1: taken
+CND+ 0x7fb716c77806: not taken
+CND+ 0x7fb716c77840: not taken
+CND+ 0x7fb716c7784a: not taken
+CND+ 0x7fb716c77965: both
+CND+ 0x7fb716c77989: not taken
+CND+ 0x7fb716c779b2: not taken
+CND+ 0x7fb716c779bc: not taken
+CND+ 0x7fb716c779e3: not taken
+CND+ 0x7fb716c77a13: taken
+CND+ 0x7fb716c77afd: not taken
+CND+ 0x7fb716c77b1a: not taken
+CND+ 0x7fb716c77b61: taken
+CND+ 0x7fb716c78711: not taken
+CND+ 0x7fb716c7871d: not taken
+CND+ 0x7fb716c78722: not taken
+CND+ 0x7fb716c78748: not taken
+CND+ 0x7fb716c7874c: not taken
+CND+ 0x7fb716c7875f: not taken
+CND+ 0x7fb716c787a4: not taken
+CND+ 0x7fb716c788f3: both
+CND+ 0x7fb716c7890f: both
+CND+ 0x7fb716c78911: not taken
+CND+ 0x7fb716c7891a: taken
+CND+ 0x7fb716c78a92: not taken
+CND+ 0x7fb716c78aba: not taken
+CND+ 0x7fb716c78ad5: both
+CND+ 0x7fb716c78ade: taken
+CND+ 0x7fb716c78af7: not taken
+CND+ 0x7fb716c78b01: not taken
+CND+ 0x7fb716c78b05: not taken
+CND+ 0x7fb716c78b19: taken
+CND+ 0x7fb716c78c50: not taken
+CND+ 0x7fb716c78c62: taken
+CND+ 0x7fb716c78db1: not taken
+CND+ 0x7fb716c78dea: both
+CND+ 0x7fb716c78e13: not taken
+CND+ 0x7fb716c78e20: taken
+CND+ 0x7fb716c78e2d: not taken
+CND+ 0x7fb716c78e43: not taken
+CND+ 0x7fb716c78e4f: both
+CND+ 0x7fb716c78e58: not taken
+CND+ 0x7fb716c78e72: taken
+CND+ 0x7fb716c78ee7: taken
+CND+ 0x7fb716c7975d: both
+CND+ 0x7fb716c7976f: not taken
+CND+ 0x7fb716c79782: both
+CND+ 0x7fb716c79787: both
+CND+ 0x7fb716c79795: both
+CND+ 0x7fb716c798b1: not taken
+CND+ 0x7fb716c798dc: not taken
+CND+ 0x7fb716c798ea: not taken
+CND+ 0x7fb716c798ec: both
+CND+ 0x7fb716c798f5: not taken
+CND+ 0x7fb716c798fb: taken
+CND+ 0x7fb716c79943: not taken
+CND+ 0x7fb716c7994c: taken
+CND+ 0x7fb716c79983: not taken
+CND+ 0x7fb716c79989: both
+CND+ 0x7fb716c79990: not taken
+CND+ 0x7fb716c799ab: taken
+CND+ 0x7fb716c79a0b: taken
+CND+ 0x7fb716c79b10: both
+CND+ 0x7fb716c79b1c: not taken
+CND+ 0x7fb716c79b21: both
+CND+ 0x7fb716c79b2f: not taken
+CND+ 0x7fb716c79b37: both
+CND+ 0x7fb716c79b44: both
+CND+ 0x7fb716c79b5e: taken
+CND+ 0x7fb716c79b92: both
+CND+ 0x7fb716c79b9b: taken
+CND+ 0x7fb716c79bfb: taken
+CND+ 0x7fb716c79d68: both
+CND+ 0x7fb716c79d71: taken
+CND+ 0x7fb716c79d8b: not taken
+CND+ 0x7fb716c79da3: taken
+CND+ 0x7fb716c79ddd: taken
+CND+ 0x7fb716c79e02: not taken
+CND+ 0x7fb716c79e0b: taken
+CND+ 0x7fb716c79e2f: not taken
+CND+ 0x7fb716c79e35: taken
+CND+ 0x7fb716c79e4f: not taken
+CND+ 0x7fb716c79e58: both
+CND+ 0x7fb716c79f7d: not taken
+CND+ 0x7fb716c7a02c: not taken
+CND+ 0x7fb716c7a0c7: not taken
+CND+ 0x7fb716c7a0d0: both
+CND+ 0x7fb716c7a0d9: not taken
+CND+ 0x7fb716c7a5a7: both
+CND+ 0x7fb716c7a5ed: not taken
+CND+ 0x7fb716c7a5f2: taken
+CND+ 0x7fb716c7a682: not taken
+CND+ 0x7fb716c7a6a1: not taken
+CND+ 0x7fb716c7a7bb: not taken
+CND+ 0x7fb716c7a835: not taken
+CND+ 0x7fb716c7a870: not taken
+CND+ 0x7fb716c7a88e: not taken
+CND+ 0x7fb716c7a89e: not taken
+CND+ 0x7fb716c7a9ca: both
+CND+ 0x7fb716c7a9ea: taken
+CND+ 0x7fb716c7a9f6: taken
+CND+ 0x7fb716c7aa15: taken
+CND+ 0x7fb716c7aa38: not taken
+CND+ 0x7fb716c7aa48: taken
+CND+ 0x7fb716c7aabb: not taken
+CND+ 0x7fb716c7b14f: not taken
+CND+ 0x7fb716c7b16f: not taken
+CND+ 0x7fb716c7b17e: taken
+CND+ 0x7fb716c7ba5f: taken
+CND+ 0x7fb716c7bb46: not taken
+CND+ 0x7fb716c7bb50: taken
+CND+ 0x7fb716c7bb69: taken
+CND+ 0x7fb716c7bb93: taken
+CND+ 0x7fb716c7bd2b: taken
+CND+ 0x7fb716c7be50: not taken
+CND+ 0x7fb716c7c227: taken
+CND+ 0x7fb716c7c25f: not taken
+CND+ 0x7fb716c7c278: taken
+CND+ 0x7fb716c7c2b9: not taken
+CND+ 0x7fb716c7c2d7: taken
+CND+ 0x7fb716c7c30b: taken
+CND+ 0x7fb716c7c383: taken
+CND+ 0x7fb716c7c3e2: taken
+CND+ 0x7fb716c7c456: taken
+CND+ 0x7fb716c7c488: both
+CND+ 0x7fb716c7c48c: not taken
+CND+ 0x7fb716c7c493: not taken
+CND+ 0x7fb716c7c498: both
+CND+ 0x7fb716c7c4e0: not taken
+CND+ 0x7fb716c7c512: not taken
+CND+ 0x7fb716c7c519: taken
+CND+ 0x7fb716c7c548: not taken
+CND+ 0x7fb716c7c54d: not taken
+CND+ 0x7fb716c7c5c9: not taken
+CND+ 0x7fb716c7c5d7: taken
+CND+ 0x7fb716c7c6f8: taken
+CND+ 0x7fb716c7c7b9: not taken
+CND+ 0x7fb716c7c830: not taken
+CND+ 0x7fb716c7c846: taken
+CND+ 0x7fb716c7c86e: not taken
+CND+ 0x7fb716c7cb09: not taken
+CND+ 0x7fb716c7cb13: not taken
+CND+ 0x7fb716c7cc18: taken
+CND+ 0x7fb716c7cc9d: not taken
+CND+ 0x7fb716c7cdfa: taken
+CND+ 0x7fb716c7e946: both
+CND+ 0x7fb716c7e963: both
+CND+ 0x7fb716c7e968: not taken
+CND+ 0x7fb716c7e96e: not taken
+CND+ 0x7fb716c7e986: not taken
+CND+ 0x7fb716c7e98b: both
+CND+ 0x7fb716c7e99a: both
+CND+ 0x7fb716c7e99f: both
+CND+ 0x7fb716c7e9ac: both
+CND+ 0x7fb716c7e9b7: both
+CND+ 0x7fb716c7e9c4: not taken
+CND+ 0x7fb716c7ea10: not taken
+CND+ 0x7fb716c7ea15: taken
+CND+ 0x7fb716c7ea2e: both
+CND+ 0x7fb716c7ea32: both
+CND+ 0x7fb716c7ea5c: both
+CND+ 0x7fb716c7eadd: not taken
+CND+ 0x7fb716c7eae2: not taken
+CND+ 0x7fb716c7eafe: not taken
+CND+ 0x7fb716c7eb02: both
+CND+ 0x7fb716c7eb48: both
+CND+ 0x7fb716c7eb52: not taken
+CND+ 0x7fb716c7eb5c: not taken
+CND+ 0x7fb716c7eb65: both
+CND+ 0x7fb716c7eb6b: taken
+CND+ 0x7fb716c7eb75: not taken
+CND+ 0x7fb716c7eb95: not taken
+CND+ 0x7fb716c7eba2: not taken
+CND+ 0x7fb716c7ebc4: not taken
+CND+ 0x7fb716c7ebce: not taken
+CND+ 0x7fb716c7ebf6: taken
+CND+ 0x7fb716c7ec24: taken
+CND+ 0x7fb716c7ece1: not taken
+CND+ 0x7fb716c7ecea: not taken
+CND+ 0x7fb716c7ecf3: not taken
+CND+ 0x7fb716c7ed25: not taken
+CND+ 0x7fb716c7ed53: not taken
+CND+ 0x7fb716c7ed5d: not taken
+CND+ 0x7fb716c7eeb5: not taken
+CND+ 0x7fb716c7eeba: not taken
+CND+ 0x7fb716c7eed8: both
+CND+ 0x7fb716c7eedc: taken
+CND+ 0x7fb716c7ef0f: not taken
+CND+ 0x7fb716c7ef15: not taken
+CND+ 0x7fb716c7f46f: not taken
+CND+ 0x7fb716c7f53d: not taken
+CND+ 0x7fb716c7f547: not taken
+CND+ 0x7fb716c7f605: not taken
+CND+ 0x7fb716c7f60f: not taken
+CND+ 0x7fb716c7f647: not taken
+CND+ 0x7fb716c7f65e: not taken
+CND+ 0x7fb716c7f7bd: taken
+CND+ 0x7fb716c7f7d2: taken
+CND+ 0x7fb716c7f7df: not taken
+CND+ 0x7fb716c7f7e4: both
+CND+ 0x7fb716c7f7fa: taken
+CND+ 0x7fb716c7f856: not taken
+CND+ 0x7fb716c7f85b: taken
+CND+ 0x7fb716c7f87a: not taken
+CND+ 0x7fb716c7f89a: not taken
+CND+ 0x7fb716c7f8b7: not taken
+CND+ 0x7fb716c7f8c5: not taken
+CND+ 0x7fb716c7f8d4: taken
+CND+ 0x7fb716c7fdf1: not taken
+CND+ 0x7fb716c7fe0c: not taken
@0x7fb716c6e080 to 0x7fb71a747330 2
@0x7fb716c6e090 to 0x7fb71a7e9710 1
@0x7fb716c6e0a0 to 0x7fb71a7bfe70 5
@0x7fb716c6e0d0 to 0x7fb71a75aa20 7
@0x7fb716c6e0f0 to 0x7fb71a87e800 4
@0x7fb716c6e130 to 0x7fb71a7ea1e0 1
@0x7fb716c6e140 to 0x7fb71a75ec10 1
@0x7fb716c6e150 to 0x7fb71a80c800 4
@0x7fb716c6e160 to 0x7fb71a7e9230 1
@0x7fb716c6e190 to 0x7fb71a87ebc0 8
@0x7fb716c6e1c0 to 0x7fb71a7ea200 1
@0x7fb716c6e1e0 to 0x7fb71a87e5d0 1
@0x7fb716c6e220 to 0x7fb71a7ea210 2
@0x7fb716c6e230 to 0x7fb71a80db10 1
@0x7fb716c7016e to 0x7fb716c701c0 1
@0x7fb716c6e280 to 0x7fb71a879d10 11
@0x7fb716c6e2a0 to 0x7fb71a75a450 4
@0x7fb716c701ac to 0x7fb716c70e90 1
@0x7fb716c6e2d0 to 0x7fb71a87a100 9
@0x7fb716c6e320 to 0x7fb71a75b0f0 4
@0x7fb716c6e330 to 0x7fb71a87f100 6
@0x7fb716c6e350 to 0x7fb71a7ea220 1
@0x7fb716c6e370 to 0x7fb71a80c800 2
@0x7fb716c6e390 to 0x7fb71a7a73e0 23
@0x7fb716c6e3b0 to 0x7fb71a7ea230 1
@0x7fb716c6e3c0 to 0x7fb71a879e90 22
@0x7fb716c6e3e0 to 0x7fb71a82aba0 1
@0x7fb716c6e410 to 0x7fb71a7a7c80 1
@0x7fb716c6e460 to 0x7fb71a87f0e0 13
@0x7fb716c6e510 to 0x7fb71a7ea1f0 1
@0x7fb716c6e560 to 0x7fb71a7e94e0 1
@0x7fb716c6e570 to 0x7fb71a753580 191
@0x7fb716c79f91 to 0x7fb716c7a075 1
@0x7fb716c6e784 to 0x7fb71a746fb0 1
@0x7fb716c7fe01 to 0x7fb716c6e840 1
@0x7fb716c7c55f to 0x7fb716c7c580 1
@0x7fb716c7c55f to 0x7fb716c7c5c0 1
@0x7fb716c7c55f to 0x7fb716c7c5a8 2
@0x7fb716c7a8af to 0x7fb716c7aa01 185
@0x7fb716c7a8af to 0x7fb716c7a9f0 10
@0x7fb716c7a8af to 0x7fb716c7aa28 1
@0x7fb716c7ec19 to 0x7fb716c727d0 1
@0x7fb716c7ec19 to 0x7fb716c79120 1
@0x7fb716c6e050 to 0x7fb71a7a7a30 4
