MODULE_NAME: /usr/bin/gs
MODULE_START: 0x7f7ccdafd000
+B+: 0x7f7ccdafe000 0x7f7ccdafe00f
+B+: 0x7f7ccdafe012 0x7f7ccdafe016
+B+: 0x7f7ccdafe020 0x7f7ccdafe02b
+B+: 0x7f7ccdafe030 0x7f7ccdafe035
+B+: 0x7f7ccdafe036 0x7f7ccdafe03f
+B+: 0x7f7ccdafe040 0x7f7ccdafe045
+B+: 0x7f7ccdafe046 0x7f7ccdafe04f
+B+: 0x7f7ccdafe050 0x7f7ccdafe055
+B+: 0x7f7ccdafe056 0x7f7ccdafe05f
+B+: 0x7f7ccdafe090 0x7f7ccdafe095
+B+: 0x7f7ccdafe096 0x7f7ccdafe09f
+B+: 0x7f7ccdafe0b0 0x7f7ccdafe0b5
+B+: 0x7f7ccdafe0b6 0x7f7ccdafe0bf
+B+: 0x7f7ccdafe0c0 0x7f7ccdafe0c5
+B+: 0x7f7ccdafe0c6 0x7f7ccdafe0cf
+B+: 0x7f7ccdafe0d0 0x7f7ccdafe0d5
+B+: 0x7f7ccdafe0d6 0x7f7ccdafe0df
+B+: 0x7f7ccdafe0e0 0x7f7ccdafe0e5
+B+: 0x7f7ccdafe0f0 0x7f7ccdafe121
+B+: 0x7f7ccdafe122 0x7f7ccdafe127
+B+: 0x7f7ccdafe128 0x7f7ccdafe130
+B+: 0x7f7ccdafe131 0x7f7ccdafe132
+B+: 0x7f7ccdafe133 0x7f7ccdafe137
+B+: 0x7f7ccdafe138 0x7f7ccdafe152
+B+: 0x7f7ccdafe153 0x7f7ccdafe15b
+B+: 0x7f7ccdafe184 0x7f7ccdafe1a2
+B+: 0x7f7ccdafe1a3 0x7f7ccdafe1b1
+B+: 0x7f7ccdafe1b2 0x7f7ccdafe1b7
+B+: 0x7f7ccdafe1b8 0x7f7ccdafe1c1
+B+: 0x7f7ccdafe1c2 0x7f7ccdafe1c5
+B+: 0x7f7ccdafe1c6 0x7f7ccdafe1ca
+B+: 0x7f7ccdafe1cb 0x7f7ccdafe1d6
+B+: 0x7f7ccdafe1d7 0x7f7ccdafe1db
+B+: 0x7f7ccdafe220 0x7f7ccdafe249
+B+: 0x7f7ccdafe250 0x7f7ccdafe262
+B+: 0x7f7ccdafe278 0x7f7ccdafe278
+B+: 0x7f7ccdafe280 0x7f7ccdafe2a3
+B+: 0x7f7ccdafe2b8 0x7f7ccdafe2b8
+B+: 0x7f7ccdafe2c0 0x7f7ccdafe2c8
+B+: 0x7f7ccdafe2c9 0x7f7ccdafe2d6
+B+: 0x7f7ccdafe2d7 0x7f7ccdafe2e2
+B+: 0x7f7ccdafe2e3 0x7f7ccdafe2e7
+B+: 0x7f7ccdafe2e8 0x7f7ccdafe2f0
+B+: 0x7f7ccdafe300 0x7f7ccdafe304
+B+: 0x7f7ccdafe350 0x7f7ccdafe373
+B+: 0x7f7ccdafe374 0x7f7ccdafe37c
+B+: 0x7f7ccdafe37d 0x7f7ccdafe385
+B+: 0x7f7ccdafe3c0 0x7f7ccdafe3ec
+B+: 0x7f7ccdafe3ed 0x7f7ccdafe3f2
+B+: 0x7f7ccdafe3f3 0x7f7ccdafe404
+B+: 0x7f7ccdafe405 0x7f7ccdafe40d
+B+: 0x7f7ccdafe40e 0x7f7ccdafe41c
+B+: 0x7f7ccdafe424 0x7f7ccdafe42c
+CND+ 0x7f7ccdafe00e: taken
+CND+ 0x7f7ccdafe126: taken
+CND+ 0x7f7ccdafe12b: not taken
+CND+ 0x7f7ccdafe131: not taken
+CND+ 0x7f7ccdafe136: not taken
+CND+ 0x7f7ccdafe14d: not taken
+CND+ 0x7f7ccdafe1b6: not taken
+CND+ 0x7f7ccdafe1c4: not taken
+CND+ 0x7f7ccdafe1c9: not taken
+CND+ 0x7f7ccdafe261: taken
+CND+ 0x7f7ccdafe2a2: taken
+CND+ 0x7f7ccdafe2c7: not taken
+CND+ 0x7f7ccdafe2d5: not taken
+CND+ 0x7f7ccdafe3f1: not taken
+CND+ 0x7f7ccdafe40c: not taken
@0x7f7ccdafe026 to 0x7f7cd1aed500 7
@0x7f7ccdafe030 to 0x7f7ccdafe036 1
@0x7f7ccdafe040 to 0x7f7ccdafe046 1
@0x7f7ccdafe050 to 0x7f7ccdafe056 1
@0x7f7ccdafe090 to 0x7f7ccdafe096 1
@0x7f7ccdafe0b0 to 0x7f7ccdafe0b6 1
@0x7f7ccdafe0c0 to 0x7f7ccdafe0c6 1
@0x7f7ccdafe0d0 to 0x7f7ccdafe0d6 1
@0x7f7ccdafe0e0 to 0x7f7cd06531c0 1
@0x7f7ccdafe244 to 0x7f7cd063cfb0 1
@0x7f7ccdafe401 to 0x7f7ccdafe300 1
