MODULE_NAME: /usr/bin/gs
MODULE_START: 0x7fcc20482000
+B+: 0x7fcc20483000 0x7fcc2048300f
+B+: 0x7fcc20483012 0x7fcc20483016
+B+: 0x7fcc20483020 0x7fcc2048302b
+B+: 0x7fcc20483030 0x7fcc20483035
+B+: 0x7fcc20483036 0x7fcc2048303f
+B+: 0x7fcc20483040 0x7fcc20483045
+B+: 0x7fcc20483046 0x7fcc2048304f
+B+: 0x7fcc20483050 0x7fcc20483055
+B+: 0x7fcc20483056 0x7fcc2048305f
+B+: 0x7fcc20483090 0x7fcc20483095
+B+: 0x7fcc20483096 0x7fcc2048309f
+B+: 0x7fcc204830b0 0x7fcc204830b5
+B+: 0x7fcc204830b6 0x7fcc204830bf
+B+: 0x7fcc204830c0 0x7fcc204830c5
+B+: 0x7fcc204830c6 0x7fcc204830cf
+B+: 0x7fcc204830d0 0x7fcc204830d5
+B+: 0x7fcc204830d6 0x7fcc204830df
+B+: 0x7fcc204830e0 0x7fcc204830e5
+B+: 0x7fcc204830f0 0x7fcc20483121
+B+: 0x7fcc20483122 0x7fcc20483127
+B+: 0x7fcc20483128 0x7fcc20483130
+B+: 0x7fcc20483131 0x7fcc20483132
+B+: 0x7fcc20483133 0x7fcc20483137
+B+: 0x7fcc20483138 0x7fcc20483152
+B+: 0x7fcc20483153 0x7fcc2048315b
+B+: 0x7fcc20483184 0x7fcc204831a2
+B+: 0x7fcc204831a3 0x7fcc204831b1
+B+: 0x7fcc204831b2 0x7fcc204831b7
+B+: 0x7fcc204831b8 0x7fcc204831c1
+B+: 0x7fcc204831c2 0x7fcc204831c5
+B+: 0x7fcc204831c6 0x7fcc204831ca
+B+: 0x7fcc204831cb 0x7fcc204831d6
+B+: 0x7fcc204831d7 0x7fcc204831db
+B+: 0x7fcc20483220 0x7fcc20483249
+B+: 0x7fcc20483250 0x7fcc20483262
+B+: 0x7fcc20483278 0x7fcc20483278
+B+: 0x7fcc20483280 0x7fcc204832a3
+B+: 0x7fcc204832b8 0x7fcc204832b8
+B+: 0x7fcc204832c0 0x7fcc204832c8
+B+: 0x7fcc204832c9 0x7fcc204832d6
+B+: 0x7fcc204832d7 0x7fcc204832e2
+B+: 0x7fcc204832e3 0x7fcc204832e7
+B+: 0x7fcc204832e8 0x7fcc204832f0
+B+: 0x7fcc20483300 0x7fcc20483304
+B+: 0x7fcc20483350 0x7fcc20483373
+B+: 0x7fcc20483374 0x7fcc2048337c
+B+: 0x7fcc2048337d 0x7fcc20483385
+B+: 0x7fcc204833c0 0x7fcc204833ec
+B+: 0x7fcc204833ed 0x7fcc204833f2
+B+: 0x7fcc204833f3 0x7fcc20483404
+B+: 0x7fcc20483405 0x7fcc2048340d
+B+: 0x7fcc2048340e 0x7fcc2048341c
+B+: 0x7fcc20483424 0x7fcc2048342c
+CND+ 0x7fcc2048300e: taken
+CND+ 0x7fcc20483126: taken
+CND+ 0x7fcc2048312b: not taken
+CND+ 0x7fcc20483131: not taken
+CND+ 0x7fcc20483136: not taken
+CND+ 0x7fcc2048314d: not taken
+CND+ 0x7fcc204831b6: not taken
+CND+ 0x7fcc204831c4: not taken
+CND+ 0x7fcc204831c9: not taken
+CND+ 0x7fcc20483261: taken
+CND+ 0x7fcc204832a2: taken
+CND+ 0x7fcc204832c7: not taken
+CND+ 0x7fcc204832d5: not taken
+CND+ 0x7fcc204833f1: not taken
+CND+ 0x7fcc2048340c: not taken
@0x7fcc20483026 to 0x7fcc24472500 7
@0x7fcc20483030 to 0x7fcc20483036 1
@0x7fcc20483040 to 0x7fcc20483046 1
@0x7fcc20483050 to 0x7fcc20483056 1
@0x7fcc20483090 to 0x7fcc20483096 1
@0x7fcc204830b0 to 0x7fcc204830b6 1
@0x7fcc204830c0 to 0x7fcc204830c6 1
@0x7fcc204830d0 to 0x7fcc204830d6 1
@0x7fcc204830e0 to 0x7fcc22fd81c0 1
@0x7fcc20483244 to 0x7fcc22fc1fb0 1
@0x7fcc20483401 to 0x7fcc20483300 1
