MODULE_NAME: /usr/bin/gs
MODULE_START: 0x7f948f9e1000
+B+: 0x7f948f9e2000 0x7f948f9e200f
+B+: 0x7f948f9e2012 0x7f948f9e2016
+B+: 0x7f948f9e2020 0x7f948f9e202b
+B+: 0x7f948f9e2030 0x7f948f9e2035
+B+: 0x7f948f9e2036 0x7f948f9e203f
+B+: 0x7f948f9e2040 0x7f948f9e2045
+B+: 0x7f948f9e2046 0x7f948f9e204f
+B+: 0x7f948f9e2050 0x7f948f9e2055
+B+: 0x7f948f9e2056 0x7f948f9e205f
+B+: 0x7f948f9e20b0 0x7f948f9e20b5
+B+: 0x7f948f9e20b6 0x7f948f9e20bf
+B+: 0x7f948f9e20c0 0x7f948f9e20c5
+B+: 0x7f948f9e20c6 0x7f948f9e20cf
+B+: 0x7f948f9e20e0 0x7f948f9e20e5
+B+: 0x7f948f9e20f0 0x7f948f9e2121
+B+: 0x7f948f9e2122 0x7f948f9e2127
+B+: 0x7f948f9e2128 0x7f948f9e2130
+B+: 0x7f948f9e2131 0x7f948f9e2132
+B+: 0x7f948f9e2133 0x7f948f9e2137
+B+: 0x7f948f9e213d 0x7f948f9e2152
+B+: 0x7f948f9e2153 0x7f948f9e215b
+B+: 0x7f948f9e2178 0x7f948f9e2183
+B+: 0x7f948f9e2184 0x7f948f9e21a2
+B+: 0x7f948f9e21a3 0x7f948f9e21b1
+B+: 0x7f948f9e21b2 0x7f948f9e21b7
+B+: 0x7f948f9e21b8 0x7f948f9e21c1
+B+: 0x7f948f9e21c2 0x7f948f9e21c5
+B+: 0x7f948f9e21c6 0x7f948f9e21ca
+B+: 0x7f948f9e21cb 0x7f948f9e21d6
+B+: 0x7f948f9e21d7 0x7f948f9e21db
+B+: 0x7f948f9e21dc 0x7f948f9e21e0
+B+: 0x7f948f9e2213 0x7f948f9e2216
+B+: 0x7f948f9e2220 0x7f948f9e2249
+B+: 0x7f948f9e2250 0x7f948f9e2262
+B+: 0x7f948f9e2278 0x7f948f9e2278
+B+: 0x7f948f9e2280 0x7f948f9e22a3
+B+: 0x7f948f9e22b8 0x7f948f9e22b8
+B+: 0x7f948f9e22c0 0x7f948f9e22c8
+B+: 0x7f948f9e22c9 0x7f948f9e22d6
+B+: 0x7f948f9e22d7 0x7f948f9e22e2
+B+: 0x7f948f9e22e3 0x7f948f9e22e7
+B+: 0x7f948f9e22e8 0x7f948f9e22f0
+B+: 0x7f948f9e2300 0x7f948f9e2304
+B+: 0x7f948f9e23c0 0x7f948f9e23ec
+B+: 0x7f948f9e23ed 0x7f948f9e23f2
+B+: 0x7f948f9e23f3 0x7f948f9e2404
+B+: 0x7f948f9e2405 0x7f948f9e240d
+B+: 0x7f948f9e240e 0x7f948f9e241c
+B+: 0x7f948f9e2424 0x7f948f9e242c
+CND+ 0x7f948f9e200e: taken
+CND+ 0x7f948f9e2126: taken
+CND+ 0x7f948f9e212b: not taken
+CND+ 0x7f948f9e2131: not taken
+CND+ 0x7f948f9e2136: taken
+CND+ 0x7f948f9e214d: not taken
+CND+ 0x7f948f9e21b6: not taken
+CND+ 0x7f948f9e21c4: not taken
+CND+ 0x7f948f9e21c9: taken
+CND+ 0x7f948f9e21df: taken
+CND+ 0x7f948f9e2261: taken
+CND+ 0x7f948f9e22a2: taken
+CND+ 0x7f948f9e22c7: not taken
+CND+ 0x7f948f9e22d5: not taken
+CND+ 0x7f948f9e23f1: not taken
+CND+ 0x7f948f9e240c: not taken
@0x7f948f9e2026 to 0x7f94939d1500 5
@0x7f948f9e2030 to 0x7f948f9e2036 1
@0x7f948f9e2040 to 0x7f948f9e2046 1
@0x7f948f9e2050 to 0x7f948f9e2056 1
@0x7f948f9e20b0 to 0x7f948f9e20b6 1
@0x7f948f9e20c0 to 0x7f948f9e20c6 1
@0x7f948f9e20e0 to 0x7f94925371c0 1
@0x7f948f9e2244 to 0x7f9492520fb0 1
@0x7f948f9e2401 to 0x7f948f9e2300 1
