MODULE_NAME: /bin/dash
MODULE_START: 0x7f7456482000
+B+: 0x7f7456486000 0x7f745648600f
+B+: 0x7f7456486012 0x7f7456486016
+B+: 0x7f7456486050 0x7f7456486055
+B+: 0x7f7456486080 0x7f7456486085
+B+: 0x7f7456486090 0x7f7456486095
+B+: 0x7f74564860a0 0x7f74564860a5
+B+: 0x7f74564860d0 0x7f74564860d5
+B+: 0x7f74564860f0 0x7f74564860f5
+B+: 0x7f7456486130 0x7f7456486135
+B+: 0x7f7456486140 0x7f7456486145
+B+: 0x7f7456486150 0x7f7456486155
+B+: 0x7f7456486160 0x7f7456486165
+B+: 0x7f7456486190 0x7f7456486195
+B+: 0x7f74564861c0 0x7f74564861c5
+B+: 0x7f74564861e0 0x7f74564861e5
+B+: 0x7f7456486220 0x7f7456486225
+B+: 0x7f7456486230 0x7f7456486235
+B+: 0x7f7456486280 0x7f7456486285
+B+: 0x7f74564862a0 0x7f74564862a5
+B+: 0x7f74564862d0 0x7f74564862d5
+B+: 0x7f7456486320 0x7f7456486325
+B+: 0x7f7456486330 0x7f7456486335
+B+: 0x7f7456486350 0x7f7456486355
+B+: 0x7f7456486370 0x7f7456486375
+B+: 0x7f7456486390 0x7f7456486395
+B+: 0x7f74564863b0 0x7f74564863b5
+B+: 0x7f74564863c0 0x7f74564863c5
+B+: 0x7f74564863e0 0x7f74564863e5
+B+: 0x7f7456486410 0x7f7456486415
+B+: 0x7f7456486460 0x7f7456486465
+B+: 0x7f7456486510 0x7f7456486515
+B+: 0x7f7456486560 0x7f7456486565
+B+: 0x7f7456486570 0x7f7456486575
+B+: 0x7f7456486590 0x7f74564865b8
+B+: 0x7f74564865b9 0x7f74564865c4
+B+: 0x7f74564865c5 0x7f74564865cf
+B+: 0x7f74564865d0 0x7f74564865e7
+B+: 0x7f74564865e8 0x7f74564865ef
+B+: 0x7f74564865f0 0x7f7456486600
+B+: 0x7f7456486601 0x7f745648660b
+B+: 0x7f745648660c 0x7f7456486615
+B+: 0x7f7456486616 0x7f7456486623
+B+: 0x7f7456486624 0x7f745648662b
+B+: 0x7f745648662c 0x7f745648663c
+B+: 0x7f7456486657 0x7f7456486660
+B+: 0x7f7456486661 0x7f7456486678
+B+: 0x7f7456486679 0x7f745648667f
+B+: 0x7f7456486680 0x7f745648668c
+B+: 0x7f745648668d 0x7f7456486696
+B+: 0x7f7456486697 0x7f745648669b
+B+: 0x7f7456486760 0x7f7456486789
+B+: 0x7f74564867c0 0x7f74564867e3
+B+: 0x7f74564867f8 0x7f74564867f8
+B+: 0x7f7456486840 0x7f7456486844
+B+: 0x7f7456486850 0x7f7456486863
+B+: 0x7f7456486864 0x7f745648686f
+B+: 0x7f7456486870 0x7f745648687d
+B+: 0x7f745648687e 0x7f74564868aa
+B+: 0x7f74564868ab 0x7f74564868ac
+B+: 0x7f74564868cb 0x7f74564868d2
+B+: 0x7f7456486a50 0x7f7456486a57
+B+: 0x7f7456486a58 0x7f7456486a5e
+B+: 0x7f7456486a5f 0x7f7456486a63
+B+: 0x7f7456486a71 0x7f7456486a72
+B+: 0x7f74564876d0 0x7f74564876eb
+B+: 0x7f74564876ec 0x7f7456487705
+B+: 0x7f7456487717 0x7f745648771b
+B+: 0x7f745648771c 0x7f7456487720
+B+: 0x7f745648772c 0x7f7456487730
+B+: 0x7f745648773e 0x7f745648774d
+B+: 0x7f745648774e 0x7f7456487757
+B+: 0x7f7456487758 0x7f7456487775
+B+: 0x7f7456487780 0x7f7456487788
+B+: 0x7f7456487789 0x7f7456487790
+B+: 0x7f7456487791 0x7f745648779c
+B+: 0x7f7456488060 0x7f745648807e
+B+: 0x7f745648810d 0x7f745648811c
+B+: 0x7f745648811d 0x7f7456488123
+B+: 0x7f7456488140 0x7f745648814a
+B+: 0x7f745648814b 0x7f7456488152
+B+: 0x7f7456488153 0x7f745648815d
+B+: 0x7f745648815e 0x7f745648816f
+B+: 0x7f7456488188 0x7f745648818c
+B+: 0x7f745648818d 0x7f7456488191
+B+: 0x7f7456488192 0x7f745648819c
+B+: 0x7f74564881a7 0x7f74564881ad
+B+: 0x7f74564881ae 0x7f74564881b5
+B+: 0x7f74564881c0 0x7f74564881cf
+B+: 0x7f7456488bc0 0x7f7456488bfa
+B+: 0x7f7456488bfb 0x7f7456488c07
+B+: 0x7f7456488c08 0x7f7456488c0f
+B+: 0x7f7456488c10 0x7f7456488c11
+B+: 0x7f7456488c18 0x7f7456488c21
+B+: 0x7f7456488c22 0x7f7456488c2e
+B+: 0x7f7456488c32 0x7f7456488c39
+B+: 0x7f7456488c3a 0x7f7456488c49
+B+: 0x7f7456488c4a 0x7f7456488c51
+B+: 0x7f7456488c52 0x7f7456488c58
+B+: 0x7f7456488c59 0x7f7456488c60
+B+: 0x7f7456488c61 0x7f7456488c68
+B+: 0x7f7456488c69 0x7f7456488c6d
+B+: 0x7f7456488c6e 0x7f7456488c77
+B+: 0x7f7456488c78 0x7f7456488c89
+B+: 0x7f7456488c8a 0x7f7456488c98
+B+: 0x7f7456488e90 0x7f7456488ed3
+B+: 0x7f7456488edf 0x7f7456488ef5
+B+: 0x7f7456488ef6 0x7f7456488efa
+B+: 0x7f7456488efb 0x7f7456488f5a
+B+: 0x7f7456488f5b 0x7f7456488f67
+B+: 0x7f7456488f68 0x7f7456488f77
+B+: 0x7f7456488f78 0x7f7456488f7f
+B+: 0x7f7456488f80 0x7f7456488f8b
+B+: 0x7f7456488f8c 0x7f7456488f94
+B+: 0x7f7456488f95 0x7f7456488f9b
+B+: 0x7f7456488fa0 0x7f7456488faf
+B+: 0x7f7456488fb0 0x7f7456488fc5
+B+: 0x7f7456488fc6 0x7f7456488fcf
+B+: 0x7f7456488fd0 0x7f7456488fe3
+B+: 0x7f7456488fe4 0x7f7456488ffc
+B+: 0x7f7456489019 0x7f745648902b
+B+: 0x7f745648902c 0x7f7456489034
+B+: 0x7f7456489035 0x7f7456489047
+B+: 0x7f7456489048 0x7f745648905b
+B+: 0x7f74564890a8 0x7f74564890b4
+B+: 0x7f74564890b5 0x7f74564890b9
+B+: 0x7f74564890db 0x7f74564890e1
+B+: 0x7f74564890f0 0x7f7456489103
+B+: 0x7f7456489104 0x7f7456489113
+B+: 0x7f7456489114 0x7f745648911b
+B+: 0x7f745648911c 0x7f7456489122
+B+: 0x7f7456489123 0x7f7456489152
+B+: 0x7f7456489153 0x7f745648915f
+B+: 0x7f7456489160 0x7f7456489168
+B+: 0x7f7456489216 0x7f745648921c
+B+: 0x7f7456489224 0x7f745648922d
+B+: 0x7f745648922e 0x7f7456489237
+B+: 0x7f7456489238 0x7f7456489241
+B+: 0x7f7456489242 0x7f745648924b
+B+: 0x7f745648925d 0x7f7456489266
+B+: 0x7f7456489267 0x7f7456489281
+B+: 0x7f7456489282 0x7f7456489293
+B+: 0x7f745648934c 0x7f7456489353
+B+: 0x7f7456489354 0x7f745648936f
+B+: 0x7f745648951b 0x7f7456489525
+B+: 0x7f7456489526 0x7f745648952e
+B+: 0x7f745648952f 0x7f7456489537
+B+: 0x7f74564898d0 0x7f74564898ec
+B+: 0x7f74564898ed 0x7f74564898f1
+B+: 0x7f74564898f8 0x7f74564898fa
+B+: 0x7f74564898fb 0x7f7456489907
+B+: 0x7f7456489908 0x7f745648993e
+B+: 0x7f745648993f 0x7f7456489940
+B+: 0x7f7456489963 0x7f7456489977
+B+: 0x7f7456489980 0x7f7456489986
+B+: 0x7f7456489987 0x7f745648998e
+B+: 0x7f745648998f 0x7f7456489997
+B+: 0x7f7456489998 0x7f74564899ba
+B+: 0x7f74564899bb 0x7f74564899bc
+B+: 0x7f74564899c0 0x7f74564899e7
+B+: 0x7f74564899e8 0x7f74564899f7
+B+: 0x7f7456489a19 0x7f7456489a21
+B+: 0x7f7456489a22 0x7f7456489a2a
+B+: 0x7f7456489a2b 0x7f7456489a34
+B+: 0x7f7456489a35 0x7f7456489a3f
+B+: 0x7f7456489ad0 0x7f7456489ae9
+B+: 0x7f7456489aea 0x7f7456489b00
+B+: 0x7f7456489b10 0x7f7456489b1f
+B+: 0x7f7456489b20 0x7f7456489b2b
+B+: 0x7f7456489b2c 0x7f7456489b31
+B+: 0x7f7456489b32 0x7f7456489b41
+B+: 0x7f7456489b56 0x7f7456489b61
+B+: 0x7f7456489b62 0x7f7456489b6f
+B+: 0x7f7456489b70 0x7f7456489b85
+B+: 0x7f7456489b86 0x7f7456489b97
+B+: 0x7f7456489b98 0x7f7456489bc0
+B+: 0x7f7456489bc8 0x7f7456489bcc
+B+: 0x7f7456489bcd 0x7f7456489bea
+B+: 0x7f7456489d70 0x7f7456489d98
+B+: 0x7f7456489da0 0x7f7456489da1
+B+: 0x7f7456489da2 0x7f7456489daa
+B+: 0x7f7456489dab 0x7f7456489dc5
+B+: 0x7f7456489dc6 0x7f7456489dc9
+B+: 0x7f7456489dca 0x7f7456489dd1
+B+: 0x7f7456489dd2 0x7f7456489de6
+B+: 0x7f7456489df0 0x7f7456489e2a
+B+: 0x7f7456489e2b 0x7f7456489e2f
+B+: 0x7f7456489e46 0x7f7456489e5c
+B+: 0x7f7456489e5d 0x7f7456489e6e
+B+: 0x7f7456489e90 0x7f7456489ead
+B+: 0x7f7456489ec8 0x7f7456489ed1
+B+: 0x7f7456489ed2 0x7f7456489edd
+B+: 0x7f7456489f6c 0x7f7456489f8f
+B+: 0x7f7456489f90 0x7f7456489f9c
+B+: 0x7f7456489f9d 0x7f7456489fa8
+B+: 0x7f7456489fa9 0x7f7456489fb0
+B+: 0x7f7456489fb1 0x7f7456489fc5
+B+: 0x7f745648a008 0x7f745648a012
+B+: 0x7f745648a013 0x7f745648a01e
+B+: 0x7f745648a01f 0x7f745648a02e
+B+: 0x7f745648a060 0x7f745648a066
+B+: 0x7f745648a067 0x7f745648a074
+B+: 0x7f745648a075 0x7f745648a086
+B+: 0x7f745648a087 0x7f745648a08e
+B+: 0x7f745648a08f 0x7f745648a0a2
+B+: 0x7f745648a0a3 0x7f745648a0b0
+B+: 0x7f745648a100 0x7f745648a116
+B+: 0x7f745648a145 0x7f745648a14d
+B+: 0x7f745648a14e 0x7f745648a157
+B+: 0x7f745648a160 0x7f745648a166
+B+: 0x7f745648a1c0 0x7f745648a1d1
+B+: 0x7f745648a1e8 0x7f745648a1ef
+B+: 0x7f745648a248 0x7f745648a25b
+B+: 0x7f745648a25c 0x7f745648a271
+B+: 0x7f745648a7d0 0x7f745648a7ff
+B+: 0x7f745648a80f 0x7f745648a812
+B+: 0x7f745648a813 0x7f745648a81c
+B+: 0x7f745648a81d 0x7f745648a820
+B+: 0x7f745648a821 0x7f745648a82f
+B+: 0x7f745648a830 0x7f745648a83a
+B+: 0x7f745648a84f 0x7f745648a85a
+B+: 0x7f745648a85f 0x7f745648a862
+B+: 0x7f745648a870 0x7f745648a877
+B+: 0x7f745648a878 0x7f745648a88d
+B+: 0x7f745648b440 0x7f745648b464
+B+: 0x7f745648b61e 0x7f745648b627
+B+: 0x7f745648b628 0x7f745648b631
+B+: 0x7f745648b632 0x7f745648b659
+B+: 0x7f745648b6af 0x7f745648b6bc
+B+: 0x7f745648b6c0 0x7f745648b6cb
+B+: 0x7f745648b730 0x7f745648b73b
+B+: 0x7f745648b740 0x7f745648b75e
+B+: 0x7f745648b75f 0x7f745648b767
+B+: 0x7f745648b7d2 0x7f745648b7e3
+B+: 0x7f745648b8a0 0x7f745648b8a7
+B+: 0x7f745648c260 0x7f745648c2a5
+B+: 0x7f745648c2b5 0x7f745648c2be
+B+: 0x7f745648c2bf 0x7f745648c2d2
+B+: 0x7f745648c2d3 0x7f745648c2fc
+B+: 0x7f745648c2fd 0x7f745648c310
+B+: 0x7f745648c324 0x7f745648c328
+B+: 0x7f745648c336 0x7f745648c33f
+B+: 0x7f745648c340 0x7f745648c344
+B+: 0x7f745648c370 0x7f745648c386
+B+: 0x7f745648c387 0x7f745648c398
+B+: 0x7f745648c3a0 0x7f745648c3b6
+B+: 0x7f745648c3b7 0x7f745648c3d7
+B+: 0x7f745648c3dd 0x7f745648c3ec
+B+: 0x7f745648c850 0x7f745648c886
+B+: 0x7f745648c887 0x7f745648c89a
+B+: 0x7f745648c89b 0x7f745648c8ad
+B+: 0x7f745648c8ae 0x7f745648c8c4
+B+: 0x7f745648c8c5 0x7f745648c8d7
+B+: 0x7f745648c8d8 0x7f745648c8e7
+B+: 0x7f745648c8e8 0x7f745648c90c
+B+: 0x7f745648c90d 0x7f745648c915
+B+: 0x7f745648c924 0x7f745648c933
+B+: 0x7f745648c934 0x7f745648c947
+B+: 0x7f745648c948 0x7f745648c954
+B+: 0x7f745648c955 0x7f745648c95f
+B+: 0x7f745648c960 0x7f745648c964
+B+: 0x7f745648ca6a 0x7f745648ca7c
+B+: 0x7f745648ca7d 0x7f745648ca9c
+B+: 0x7f745648cba0 0x7f745648cbad
+B+: 0x7f745648cbae 0x7f745648cbe1
+B+: 0x7f745648cbf0 0x7f745648cbfb
+B+: 0x7f745648cdb0 0x7f745648cdbd
+B+: 0x7f745648cdbe 0x7f745648cdca
+B+: 0x7f745648cdcb 0x7f745648cde3
+B+: 0x7f745648cde8 0x7f745648cdf4
+B+: 0x7f745648cdf8 0x7f745648ce04
+B+: 0x7f745648ce05 0x7f745648ce12
+B+: 0x7f745648ce13 0x7f745648ce1d
+B+: 0x7f745648ceb4 0x7f745648cec1
+B+: 0x7f745648d160 0x7f745648d174
+B+: 0x7f745648d175 0x7f745648d187
+B+: 0x7f745648d188 0x7f745648d1a2
+B+: 0x7f745648d1a3 0x7f745648d1ac
+B+: 0x7f745648d1ad 0x7f745648d1b3
+B+: 0x7f745648d1d0 0x7f745648d1e5
+B+: 0x7f745648d1eb 0x7f745648d1f3
+B+: 0x7f745648d205 0x7f745648d20b
+B+: 0x7f745648d20c 0x7f745648d21d
+B+: 0x7f745648d21e 0x7f745648d226
+B+: 0x7f745648d227 0x7f745648d230
+B+: 0x7f745648d231 0x7f745648d232
+B+: 0x7f745648d240 0x7f745648d248
+B+: 0x7f745648d260 0x7f745648d260
+B+: 0x7f745648d520 0x7f745648d534
+B+: 0x7f745648d572 0x7f745648d578
+B+: 0x7f745648d580 0x7f745648d583
+B+: 0x7f745648d610 0x7f745648d656
+B+: 0x7f745648d65b 0x7f745648d686
+B+: 0x7f745648d687 0x7f745648d69d
+B+: 0x7f745648d6fc 0x7f745648d708
+B+: 0x7f745648d709 0x7f745648d711
+B+: 0x7f745648d712 0x7f745648d72a
+B+: 0x7f745648d72b 0x7f745648d73c
+B+: 0x7f745648d740 0x7f745648d747
+B+: 0x7f745648d748 0x7f745648d75f
+B+: 0x7f745648d760 0x7f745648d766
+B+: 0x7f745648d767 0x7f745648d780
+B+: 0x7f745648d790 0x7f745648d793
+B+: 0x7f745648d794 0x7f745648d798
+B+: 0x7f745648d7a2 0x7f745648d7aa
+B+: 0x7f745648d7ab 0x7f745648d7ae
+B+: 0x7f745648d7af 0x7f745648d7bd
+B+: 0x7f745648d7cb 0x7f745648d7d3
+B+: 0x7f745648d825 0x7f745648d841
+B+: 0x7f745648d842 0x7f745648d84d
+B+: 0x7f745648d87e 0x7f745648d88e
+B+: 0x7f745648d88f 0x7f745648d8a0
+B+: 0x7f745648d8a1 0x7f745648d8ad
+B+: 0x7f745648dc10 0x7f745648dc30
+B+: 0x7f745648dc31 0x7f745648dc58
+B+: 0x7f745648dc5e 0x7f745648dc66
+B+: 0x7f745648dc67 0x7f745648dc6f
+B+: 0x7f745648dc78 0x7f745648dc87
+B+: 0x7f745648dc88 0x7f745648dc89
+B+: 0x7f745648dca0 0x7f745648dcaf
+B+: 0x7f745648dcba 0x7f745648dcc4
+B+: 0x7f745648dce0 0x7f745648dce8
+B+: 0x7f745648e360 0x7f745648e36b
+B+: 0x7f745648e480 0x7f745648e480
+B+: 0x7f745648e9c0 0x7f745648e9db
+B+: 0x7f745648ea16 0x7f745648ea32
+B+: 0x7f745648ea33 0x7f745648ea52
+B+: 0x7f745648ea63 0x7f745648ea6a
+B+: 0x7f745648ea90 0x7f745648eaa6
+B+: 0x7f745648eaa7 0x7f745648eaae
+B+: 0x7f745648eaaf 0x7f745648eab6
+B+: 0x7f745648eaf6 0x7f745648eb01
+B+: 0x7f745648eb0c 0x7f745648eb34
+B+: 0x7f745648eb40 0x7f745648eb57
+B+: 0x7f745648eb58 0x7f745648eb5f
+B+: 0x7f745648eb60 0x7f745648eb67
+B+: 0x7f745648eb68 0x7f745648eb70
+B+: 0x7f745648eb71 0x7f745648eb7a
+B+: 0x7f745648eb7b 0x7f745648eb80
+B+: 0x7f745648eb97 0x7f745648eb9c
+B+: 0x7f745648ec0a 0x7f745648ec3d
+B+: 0x7f745648ec47 0x7f745648ec53
+B+: 0x7f745648eed0 0x7f745648eede
+B+: 0x7f745648eedf 0x7f745648eee7
+B+: 0x7f745648eee8 0x7f745648eefc
+B+: 0x7f745648eefd 0x7f745648ef02
+B+: 0x7f745648ef03 0x7f745648ef1b
+B+: 0x7f745648ef1c 0x7f745648ef21
+B+: 0x7f745648ef22 0x7f745648ef2b
+B+: 0x7f745648efc0 0x7f745648efc7
+B+: 0x7f745648efc8 0x7f745648efd0
+B+: 0x7f745648f760 0x7f745648f768
+B+: 0x7f745648f769 0x7f745648f76d
+B+: 0x7f745648f76e 0x7f745648f772
+B+: 0x7f745648f780 0x7f745648f788
+B+: 0x7f745648f789 0x7f745648f78d
+B+: 0x7f745648f78e 0x7f745648f792
+B+: 0x7f745648f7c0 0x7f745648f7d9
+B+: 0x7f745648f7da 0x7f745648f7e6
+B+: 0x7f745648f7f7 0x7f745648f802
+B+: 0x7f745648f803 0x7f745648f80b
+B+: 0x7f745648f80c 0x7f745648f841
+B+: 0x7f745648f842 0x7f745648f84b
+B+: 0x7f745648f84c 0x7f745648f852
+B+: 0x7f745648f853 0x7f745648f875
+B+: 0x7f745648f880 0x7f745648f88e
+B+: 0x7f745648f8b0 0x7f745648f8c8
+B+: 0x7f745648f900 0x7f745648f941
+B+: 0x7f745648f950 0x7f745648f966
+B+: 0x7f745648f967 0x7f745648f97e
+B+: 0x7f745648f97f 0x7f745648f98a
+B+: 0x7f745648f98b 0x7f745648f9b3
+B+: 0x7f745648f9b4 0x7f745648f9bd
+B+: 0x7f745648f9be 0x7f745648f9bf
+B+: 0x7f745648f9d0 0x7f745648f9e8
+B+: 0x7f745648f9e9 0x7f745648fa14
+B+: 0x7f745648fa1e 0x7f745648fa25
+B+: 0x7f745648fa26 0x7f745648fa33
+B+: 0x7f745648fa34 0x7f745648fa46
+B+: 0x7f745648fae0 0x7f745648fafe
+B+: 0x7f745648faff 0x7f745648fb0c
+B+: 0x7f745648fb0d 0x7f745648fb1b
+B+: 0x7f745648fb1c 0x7f745648fb2c
+B+: 0x7f745648fb40 0x7f745648fb62
+B+: 0x7f745648fb98 0x7f745648fba9
+B+: 0x7f74564906d0 0x7f74564906f4
+B+: 0x7f74564906f5 0x7f745649070d
+B+: 0x7f745649070e 0x7f7456490712
+B+: 0x7f7456490713 0x7f745649071e
+B+: 0x7f745649071f 0x7f7456490723
+B+: 0x7f7456490724 0x7f7456490728
+B+: 0x7f7456490729 0x7f7456490730
+B+: 0x7f745649073c 0x7f7456490749
+B+: 0x7f745649074a 0x7f745649074d
+B+: 0x7f745649074e 0x7f7456490760
+B+: 0x7f7456490761 0x7f745649076b
+B+: 0x7f7456490790 0x7f745649079d
+B+: 0x7f745649079e 0x7f74564907a5
+B+: 0x7f74564907a6 0x7f74564907a7
+B+: 0x7f7456490890 0x7f745649089d
+B+: 0x7f745649089e 0x7f74564908a9
+B+: 0x7f74564908aa 0x7f74564908bd
+B+: 0x7f74564908c0 0x7f74564908ca
+B+: 0x7f74564908d0 0x7f74564908ef
+B+: 0x7f74564908f0 0x7f74564908f4
+B+: 0x7f74564908f5 0x7f745649090c
+B+: 0x7f745649090d 0x7f7456490910
+B+: 0x7f7456490911 0x7f7456490912
+B+: 0x7f7456490913 0x7f745649091b
+B+: 0x7f745649091c 0x7f7456490930
+B+: 0x7f7456490938 0x7f745649093c
+B+: 0x7f7456490980 0x7f745649098f
+B+: 0x7f7456490990 0x7f745649099b
+B+: 0x7f745649099c 0x7f74564909ab
+B+: 0x7f7456490a80 0x7f7456490a93
+B+: 0x7f7456490a94 0x7f7456490aac
+B+: 0x7f7456490aad 0x7f7456490abf
+B+: 0x7f7456490ac0 0x7f7456490ada
+B+: 0x7f7456490adb 0x7f7456490ae3
+B+: 0x7f7456490aec 0x7f7456490af8
+B+: 0x7f7456490af9 0x7f7456490b02
+B+: 0x7f7456490b03 0x7f7456490b06
+B+: 0x7f7456490b07 0x7f7456490b1a
+B+: 0x7f7456490c49 0x7f7456490c55
+B+: 0x7f7456490c56 0x7f7456490c67
+B+: 0x7f7456490c82 0x7f7456490c93
+B+: 0x7f7456490d77 0x7f7456490d82
+B+: 0x7f7456490da0 0x7f7456490db2
+B+: 0x7f7456490db3 0x7f7456490ddf
+B+: 0x7f7456490de0 0x7f7456490deb
+B+: 0x7f7456490dec 0x7f7456490dfc
+B+: 0x7f7456490dfd 0x7f7456490e18
+B+: 0x7f7456490e19 0x7f7456490e25
+B+: 0x7f7456490e26 0x7f7456490e2e
+B+: 0x7f7456490e2f 0x7f7456490e3f
+B+: 0x7f7456490e40 0x7f7456490e44
+B+: 0x7f7456490e45 0x7f7456490e50
+B+: 0x7f7456490e51 0x7f7456490e5d
+B+: 0x7f7456490e5e 0x7f7456490e77
+B+: 0x7f7456490ece 0x7f7456490ed2
+B+: 0x7f7456490ed3 0x7f7456490ede
+B+: 0x7f7456490ee0 0x7f7456490eec
+B+: 0x7f7456490f60 0x7f7456490f7c
+B+: 0x7f7456491120 0x7f7456491128
+B+: 0x7f7456491129 0x7f7456491147
+B+: 0x7f7456491750 0x7f745649175e
+B+: 0x7f745649175f 0x7f7456491763
+B+: 0x7f7456491764 0x7f7456491770
+B+: 0x7f7456491771 0x7f7456491777
+B+: 0x7f7456491778 0x7f7456491783
+B+: 0x7f7456491784 0x7f7456491788
+B+: 0x7f7456491789 0x7f745649178d
+B+: 0x7f745649178e 0x7f7456491796
+B+: 0x7f7456491797 0x7f745649179e
+B+: 0x7f7456491890 0x7f7456491892
+B+: 0x7f74564918a7 0x7f74564918ab
+B+: 0x7f74564918ac 0x7f74564918b2
+B+: 0x7f74564918b3 0x7f74564918b6
+B+: 0x7f74564918d0 0x7f74564918e1
+B+: 0x7f74564918e2 0x7f74564918e6
+B+: 0x7f74564918e7 0x7f74564918eb
+B+: 0x7f74564918ec 0x7f74564918f1
+B+: 0x7f74564918f2 0x7f74564918fa
+B+: 0x7f74564918fb 0x7f74564918fc
+B+: 0x7f7456491940 0x7f7456491948
+B+: 0x7f7456491949 0x7f7456491951
+B+: 0x7f7456491980 0x7f7456491988
+B+: 0x7f7456491989 0x7f745649198a
+B+: 0x7f745649198b 0x7f7456491991
+B+: 0x7f7456491992 0x7f74564919a2
+B+: 0x7f74564919a8 0x7f74564919ac
+B+: 0x7f74564919eb 0x7f7456491a00
+B+: 0x7f7456491a08 0x7f7456491a10
+B+: 0x7f7456491af0 0x7f7456491b11
+B+: 0x7f7456491b12 0x7f7456491b16
+B+: 0x7f7456491b17 0x7f7456491b1d
+B+: 0x7f7456491b1e 0x7f7456491b26
+B+: 0x7f7456491b27 0x7f7456491b34
+B+: 0x7f7456491b35 0x7f7456491b3c
+B+: 0x7f7456491b3d 0x7f7456491b49
+B+: 0x7f7456491b4a 0x7f7456491b5a
+B+: 0x7f7456491b5b 0x7f7456491b63
+B+: 0x7f7456491b7f 0x7f7456491b93
+B+: 0x7f7456491b94 0x7f7456491b9c
+B+: 0x7f7456491be0 0x7f7456491bf7
+B+: 0x7f7456491bf8 0x7f7456491c00
+B+: 0x7f7456491c1b 0x7f7456491c2b
+B+: 0x7f7456491d40 0x7f7456491d5e
+B+: 0x7f7456491d5f 0x7f7456491d6d
+B+: 0x7f7456491d6e 0x7f7456491d72
+B+: 0x7f7456491d7d 0x7f7456491d90
+B+: 0x7f7456491d91 0x7f7456491d95
+B+: 0x7f7456491d96 0x7f7456491d9a
+B+: 0x7f7456491da0 0x7f7456491da4
+B+: 0x7f7456491dd5 0x7f7456491dd9
+B+: 0x7f7456491dda 0x7f7456491dde
+B+: 0x7f7456491df0 0x7f7456491dfb
+B+: 0x7f7456491dfc 0x7f7456491e07
+B+: 0x7f7456491e08 0x7f7456491e10
+B+: 0x7f7456491e2c 0x7f7456491e30
+B+: 0x7f7456491e31 0x7f7456491e36
+B+: 0x7f7456491e41 0x7f7456491e45
+B+: 0x7f7456491e46 0x7f7456491e54
+B+: 0x7f7456491e55 0x7f7456491e5d
+B+: 0x7f7456491e5e 0x7f7456491e62
+B+: 0x7f7456491e63 0x7f7456491e74
+B+: 0x7f7456491e78 0x7f7456491e84
+B+: 0x7f7456491ea0 0x7f7456491ea4
+B+: 0x7f7456491ef0 0x7f7456491f03
+B+: 0x7f7456491f40 0x7f7456491f76
+B+: 0x7f7456491f77 0x7f7456491f82
+B+: 0x7f7456491f83 0x7f7456491f92
+B+: 0x7f745649201b 0x7f7456492031
+B+: 0x7f7456492032 0x7f7456492040
+B+: 0x7f7456492075 0x7f74564920b8
+B+: 0x7f74564920b9 0x7f74564920c3
+B+: 0x7f74564920c4 0x7f74564920cc
+B+: 0x7f74564920cd 0x7f74564920d5
+B+: 0x7f74564920d6 0x7f74564920de
+B+: 0x7f74564920df 0x7f7456492106
+B+: 0x7f7456492107 0x7f7456492133
+B+: 0x7f7456492578 0x7f7456492581
+B+: 0x7f7456492582 0x7f74564925a8
+B+: 0x7f74564925a9 0x7f74564925b6
+B+: 0x7f74564925d0 0x7f74564925e0
+B+: 0x7f74564925e1 0x7f74564925ee
+B+: 0x7f74564925ef 0x7f74564925f3
+B+: 0x7f7456492670 0x7f745649267e
+B+: 0x7f745649267f 0x7f7456492683
+B+: 0x7f7456492684 0x7f7456492692
+B+: 0x7f7456492693 0x7f745649269a
+B+: 0x7f745649269b 0x7f74564926a2
+B+: 0x7f74564926a3 0x7f74564926b7
+B+: 0x7f7456492790 0x7f74564927bc
+B+: 0x7f74564927bd 0x7f74564927d4
+B+: 0x7f74564927e0 0x7f745649283a
+B+: 0x7f745649283b 0x7f7456492875
+B+: 0x7f7456492876 0x7f7456492893
+B+: 0x7f7456492894 0x7f74564928a3
+B+: 0x7f74564928a4 0x7f74564928b0
+B+: 0x7f74564929b4 0x7f74564929b8
+B+: 0x7f74564929b9 0x7f74564929cf
+B+: 0x7f74564929d0 0x7f74564929dc
+B+: 0x7f74564929dd 0x7f74564929ef
+B+: 0x7f74564929f0 0x7f74564929f7
+B+: 0x7f7456492a01 0x7f7456492a16
+B+: 0x7f7456492a28 0x7f7456492a3d
+B+: 0x7f7456492a3e 0x7f7456492a4d
+B+: 0x7f7456492a79 0x7f7456492a97
+B+: 0x7f7456492a98 0x7f7456492ac0
+B+: 0x7f7456492ac1 0x7f7456492acf
+B+: 0x7f7456493148 0x7f7456493154
+B+: 0x7f7456493155 0x7f7456493174
+B+: 0x7f7456493175 0x7f745649317f
+B+: 0x7f74564931ac 0x7f74564931b0
+B+: 0x7f74564931b1 0x7f74564931b5
+B+: 0x7f7456493a40 0x7f7456493a64
+B+: 0x7f7456493b10 0x7f7456493b1a
+B+: 0x7f7456493b40 0x7f7456493b47
+B+: 0x7f7456493b48 0x7f7456493b51
+B+: 0x7f7456493b58 0x7f7456493b60
+B+: 0x7f7456493b61 0x7f7456493b6a
+B+: 0x7f7456493b88 0x7f7456493b8c
+B+: 0x7f7456493b8d 0x7f7456493b94
+B+: 0x7f7456493ba0 0x7f7456493ba4
+B+: 0x7f7456493d00 0x7f7456493d30
+B+: 0x7f7456493e3f 0x7f7456493e55
+B+: 0x7f7456493e56 0x7f7456493e67
+B+: 0x7f74564941e0 0x7f7456494222
+B+: 0x7f7456494223 0x7f7456494228
+B+: 0x7f745649424c 0x7f7456494260
+B+: 0x7f7456494261 0x7f7456494269
+B+: 0x7f7456494270 0x7f7456494279
+B+: 0x7f7456494288 0x7f74564942a0
+B+: 0x7f74564942a1 0x7f74564942ba
+B+: 0x7f74564942bb 0x7f74564942bc
+B+: 0x7f74564942d0 0x7f74564942d8
+B+: 0x7f74564942f8 0x7f74564942f8
+B+: 0x7f7456494300 0x7f745649430c
+B+: 0x7f745649433f 0x7f7456494343
+B+: 0x7f7456494380 0x7f7456494384
+B+: 0x7f74564943d0 0x7f74564943e3
+B+: 0x7f7456494400 0x7f7456494400
+B+: 0x7f7456494420 0x7f745649445b
+B+: 0x7f7456494467 0x7f7456494471
+B+: 0x7f7456494472 0x7f7456494489
+B+: 0x7f745649448a 0x7f745649448d
+B+: 0x7f745649448e 0x7f7456494494
+B+: 0x7f7456494495 0x7f745649449d
+B+: 0x7f745649449e 0x7f74564944a9
+B+: 0x7f74564944aa 0x7f74564944c2
+B+: 0x7f74564944c3 0x7f74564944ce
+B+: 0x7f74564944cf 0x7f74564944e5
+B+: 0x7f74564944e6 0x7f74564944f5
+B+: 0x7f7456494500 0x7f745649450e
+B+: 0x7f745649450f 0x7f7456494513
+B+: 0x7f7456494514 0x7f745649451e
+B+: 0x7f7456494540 0x7f7456494549
+B+: 0x7f745649454a 0x7f745649454e
+B+: 0x7f745649454f 0x7f7456494560
+B+: 0x7f7456494568 0x7f7456494577
+B+: 0x7f7456494580 0x7f7456494589
+B+: 0x7f74564945a8 0x7f74564945bb
+B+: 0x7f74564945c0 0x7f74564945ce
+B+: 0x7f74564945cf 0x7f74564945dc
+B+: 0x7f74564946f0 0x7f74564946fd
+B+: 0x7f74564947a0 0x7f74564947a0
+B+: 0x7f74564947b0 0x7f74564947ba
+B+: 0x7f74564947bb 0x7f74564947ce
+B+: 0x7f74564947cf 0x7f74564947d8
+B+: 0x7f74564947d9 0x7f74564947e6
+B+: 0x7f7456494800 0x7f745649482d
+B+: 0x7f745649482e 0x7f7456494831
+B+: 0x7f7456494832 0x7f7456494847
+B+: 0x7f7456494864 0x7f745649486b
+B+: 0x7f745649486c 0x7f745649486f
+B+: 0x7f7456494870 0x7f7456494876
+B+: 0x7f7456494877 0x7f745649487b
+B+: 0x7f745649487c 0x7f7456494886
+B+: 0x7f7456494ae0 0x7f7456494b01
+B+: 0x7f7456494b02 0x7f7456494b0a
+B+: 0x7f7456494b0b 0x7f7456494b14
+B+: 0x7f7456494b15 0x7f7456494b19
+B+: 0x7f7456494c00 0x7f7456494c19
+B+: 0x7f7456494c51 0x7f7456494c8e
+B+: 0x7f7456494c8f 0x7f7456494c9e
+B+: 0x7f7456494c9f 0x7f7456494ca6
+B+: 0x7f7456494df0 0x7f7456494dfb
+B+: 0x7f7456494e20 0x7f7456494e20
+B+: 0x7f7456494e30 0x7f7456494e38
+B+: 0x7f7456496940 0x7f745649694b
+B+: 0x7f745649694c 0x7f7456496957
+B+: 0x7f7456496958 0x7f7456496964
+B+: 0x7f7456496965 0x7f7456496969
+B+: 0x7f745649696a 0x7f745649696f
+B+: 0x7f7456496970 0x7f7456496976
+B+: 0x7f7456496980 0x7f7456496987
+B+: 0x7f7456496988 0x7f745649698c
+B+: 0x7f745649698d 0x7f745649699b
+B+: 0x7f745649699c 0x7f74564969a0
+B+: 0x7f74564969a1 0x7f74564969a8
+B+: 0x7f74564969a9 0x7f74564969ad
+B+: 0x7f74564969ae 0x7f74564969b8
+B+: 0x7f74564969b9 0x7f74564969b9
+B+: 0x7f74564969c0 0x7f74564969c5
+B+: 0x7f74564969c6 0x7f74564969c9
+B+: 0x7f74564969d0 0x7f74564969d0
+B+: 0x7f74564969d1 0x7f74564969d5
+B+: 0x7f74564969d6 0x7f74564969d9
+B+: 0x7f74564969e0 0x7f74564969ff
+B+: 0x7f7456496a00 0x7f7456496a11
+B+: 0x7f7456496a12 0x7f7456496a16
+B+: 0x7f7456496a20 0x7f7456496a22
+B+: 0x7f7456496a23 0x7f7456496a2f
+B+: 0x7f7456496a30 0x7f7456496a33
+B+: 0x7f7456496a34 0x7f7456496a5d
+B+: 0x7f7456496a5e 0x7f7456496a62
+B+: 0x7f7456496a63 0x7f7456496a82
+B+: 0x7f7456496ac0 0x7f7456496ade
+B+: 0x7f7456496adf 0x7f7456496ae3
+B+: 0x7f7456496ae4 0x7f7456496ae8
+B+: 0x7f7456496af0 0x7f7456496af2
+B+: 0x7f7456496af3 0x7f7456496aff
+B+: 0x7f7456496b00 0x7f7456496b03
+B+: 0x7f7456496b04 0x7f7456496b3e
+B+: 0x7f7456496b3f 0x7f7456496b49
+B+: 0x7f7456496b4a 0x7f7456496b57
+B+: 0x7f7456496b58 0x7f7456496b5d
+B+: 0x7f7456496b5e 0x7f7456496b66
+B+: 0x7f7456496b67 0x7f7456496b70
+B+: 0x7f7456496b71 0x7f7456496b7a
+B+: 0x7f7456496b7b 0x7f7456496b9a
+B+: 0x7f7456496b9b 0x7f7456496ba3
+B+: 0x7f7456496ba4 0x7f7456496bbd
+B+: 0x7f7456496bc0 0x7f7456496bc5
+B+: 0x7f7456496bc6 0x7f7456496bcf
+B+: 0x7f7456496bd0 0x7f7456496bd9
+B+: 0x7f7456496bda 0x7f7456496bf7
+B+: 0x7f7456496c08 0x7f7456496c14
+B+: 0x7f7456496c15 0x7f7456496c1b
+B+: 0x7f7456496c1c 0x7f7456496c29
+B+: 0x7f7456496cb0 0x7f7456496cca
+B+: 0x7f7456496ccb 0x7f7456496cda
+B+: 0x7f7456496cdb 0x7f7456496ce6
+B+: 0x7f7456496ce7 0x7f7456496cef
+B+: 0x7f7456496cf0 0x7f7456496cf4
+B+: 0x7f7456496cf5 0x7f7456496cfc
+B+: 0x7f7456496cfd 0x7f7456496d10
+B+: 0x7f7456496d11 0x7f7456496d21
+B+: 0x7f7456496d22 0x7f7456496d26
+B+: 0x7f7456496d27 0x7f7456496d38
+B+: 0x7f7456496d39 0x7f7456496d4b
+B+: 0x7f7456496d4c 0x7f7456496d54
+B+: 0x7f7456496d55 0x7f7456496d5e
+B+: 0x7f7456496d5f 0x7f7456496d6d
+B+: 0x7f7456496ea0 0x7f7456496eb6
+B+: 0x7f7456496eb7 0x7f7456496ebb
+B+: 0x7f7456496ebc 0x7f7456496ec0
+B+: 0x7f7456496ec8 0x7f7456496ecb
+B+: 0x7f7456496ecc 0x7f7456496ed9
+B+: 0x7f7456496eda 0x7f7456496edd
+B+: 0x7f7456496ede 0x7f7456496f06
+B+: 0x7f7456496f07 0x7f7456496f10
+B+: 0x7f7456496f11 0x7f7456496f16
+B+: 0x7f7456496f17 0x7f7456496f24
+B+: 0x7f7456496f25 0x7f7456496f2d
+B+: 0x7f7456497440 0x7f745649746b
+B+: 0x7f745649746c 0x7f7456497470
+B+: 0x7f7456497471 0x7f7456497475
+B+: 0x7f7456497536 0x7f745649753e
+B+: 0x7f745649753f 0x7f7456497548
+B+: 0x7f7456497549 0x7f7456497551
+B+: 0x7f74564975d0 0x7f74564975e4
+B+: 0x7f74564975e5 0x7f7456497606
+B+: 0x7f7456497607 0x7f7456497610
+B+: 0x7f7456497611 0x7f7456497618
+B+: 0x7f7456497640 0x7f7456497648
+B+: 0x7f7456497649 0x7f7456497656
+B+: 0x7f7456497657 0x7f745649765f
+B+: 0x7f7456497660 0x7f7456497661
+B+: 0x7f7456497760 0x7f74564977aa
+B+: 0x7f74564977ab 0x7f74564977af
+B+: 0x7f74564977b0 0x7f74564977be
+B+: 0x7f74564977c8 0x7f74564977d3
+B+: 0x7f74564977d4 0x7f74564977d8
+B+: 0x7f74564977d9 0x7f74564977e0
+B+: 0x7f74564977e1 0x7f74564977e5
+B+: 0x7f74564977e6 0x7f74564977f3
+B+: 0x7f74564977f4 0x7f74564977fb
+B+: 0x7f7456497800 0x7f7456497810
+B+: 0x7f7456497811 0x7f7456497815
+B+: 0x7f7456497816 0x7f7456497832
+B+: 0x7f7456497833 0x7f7456497843
+B+: 0x7f7456497844 0x7f745649784f
+B+: 0x7f7456497850 0x7f7456497857
+B+: 0x7f7456497858 0x7f745649785c
+B+: 0x7f745649785d 0x7f7456497868
+B+: 0x7f7456497869 0x7f745649787b
+B+: 0x7f745649787c 0x7f7456497884
+B+: 0x7f7456497888 0x7f7456497897
+B+: 0x7f7456497898 0x7f745649789b
+B+: 0x7f745649789c 0x7f74564978b4
+B+: 0x7f74564978b5 0x7f74564978b8
+B+: 0x7f74564978b9 0x7f74564978c6
+B+: 0x7f74564978c7 0x7f74564978d5
+B+: 0x7f7456497dc0 0x7f7456497dec
+B+: 0x7f7456497ded 0x7f7456497df2
+B+: 0x7f7456497df3 0x7f7456497e04
+B+: 0x7f7456497e05 0x7f7456497e0d
+B+: 0x7f7456497e0e 0x7f7456497e1c
+CND+ 0x7f745648600e: taken
+CND+ 0x7f74564865ea: not taken
+CND+ 0x7f7456486626: not taken
+CND+ 0x7f745648663b: taken
+CND+ 0x7f7456486673: not taken
+CND+ 0x7f7456486687: not taken
+CND+ 0x7f7456486695: not taken
+CND+ 0x7f74564867e2: taken
+CND+ 0x7f7456486862: not taken
+CND+ 0x7f745648687c: both
+CND+ 0x7f74564868a9: not taken
+CND+ 0x7f7456486a5d: not taken
+CND+ 0x7f7456486a62: taken
+CND+ 0x7f74564876e6: not taken
+CND+ 0x7f7456487704: taken
+CND+ 0x7f745648771a: not taken
+CND+ 0x7f745648771f: taken
+CND+ 0x7f745648772f: taken
+CND+ 0x7f745648774c: not taken
+CND+ 0x7f7456487756: not taken
+CND+ 0x7f745648778f: not taken
+CND+ 0x7f745648779b: taken
+CND+ 0x7f7456488079: taken
+CND+ 0x7f745648811b: not taken
+CND+ 0x7f7456488149: not taken
+CND+ 0x7f7456488158: not taken
+CND+ 0x7f7456488190: not taken
+CND+ 0x7f74564881ce: taken
+CND+ 0x7f7456488c20: not taken
+CND+ 0x7f7456488c2d: taken
+CND+ 0x7f7456488c48: not taken
+CND+ 0x7f7456488c5f: both
+CND+ 0x7f7456488c88: not taken
+CND+ 0x7f7456488ed2: taken
+CND+ 0x7f7456488f55: not taken
+CND+ 0x7f7456488f7e: not taken
+CND+ 0x7f7456488f8a: not taken
+CND+ 0x7f7456488f93: both
+CND+ 0x7f7456488fc4: not taken
+CND+ 0x7f7456488fe2: both
+CND+ 0x7f7456488ffb: taken
+CND+ 0x7f745648905a: taken
+CND+ 0x7f74564890af: not taken
+CND+ 0x7f74564890b8: taken
+CND+ 0x7f74564890e0: taken
+CND+ 0x7f7456489116: not taken
+CND+ 0x7f745648915a: not taken
+CND+ 0x7f7456489163: taken
+CND+ 0x7f745648921b: taken
+CND+ 0x7f745648924a: taken
+CND+ 0x7f745648927c: not taken
+CND+ 0x7f745648936a: taken
+CND+ 0x7f7456489520: not taken
+CND+ 0x7f7456489529: not taken
+CND+ 0x7f7456489532: taken
+CND+ 0x7f74564898eb: not taken
+CND+ 0x7f7456489906: both
+CND+ 0x7f745648993d: not taken
+CND+ 0x7f7456489985: both
+CND+ 0x7f74564899f6: taken
+CND+ 0x7f7456489a20: both
+CND+ 0x7f7456489a29: not taken
+CND+ 0x7f7456489a33: not taken
+CND+ 0x7f7456489ae4: not taken
+CND+ 0x7f7456489afb: taken
+CND+ 0x7f7456489b2a: both
+CND+ 0x7f7456489b30: both
+CND+ 0x7f7456489b40: taken
+CND+ 0x7f7456489b60: not taken
+CND+ 0x7f7456489b96: not taken
+CND+ 0x7f7456489be5: taken
+CND+ 0x7f7456489da0: not taken
+CND+ 0x7f7456489da9: not taken
+CND+ 0x7f7456489dc8: both
+CND+ 0x7f7456489dd0: both
+CND+ 0x7f7456489e2e: taken
+CND+ 0x7f7456489e57: not taken
+CND+ 0x7f7456489eac: taken
+CND+ 0x7f7456489ed8: taken
+CND+ 0x7f7456489fa3: not taken
+CND+ 0x7f7456489fc0: taken
+CND+ 0x7f745648a019: not taken
+CND+ 0x7f745648a065: not taken
+CND+ 0x7f745648a06f: not taken
+CND+ 0x7f745648a089: both
+CND+ 0x7f745648a09d: not taken
+CND+ 0x7f745648a0ab: taken
+CND+ 0x7f745648a14c: not taken
+CND+ 0x7f745648a156: taken
+CND+ 0x7f745648a1cc: taken
+CND+ 0x7f745648a1ee: taken
+CND+ 0x7f745648a811: both
+CND+ 0x7f745648a81b: not taken
+CND+ 0x7f745648a81f: not taken
+CND+ 0x7f745648a839: taken
+CND+ 0x7f745648a859: taken
+CND+ 0x7f745648a861: taken
+CND+ 0x7f745648b45f: taken
+CND+ 0x7f745648b626: not taken
+CND+ 0x7f745648b6ca: taken
+CND+ 0x7f745648b762: taken
+CND+ 0x7f745648c2a4: taken
+CND+ 0x7f745648c2bd: not taken
+CND+ 0x7f745648c2cd: not taken
+CND+ 0x7f745648c30f: taken
+CND+ 0x7f745648c327: taken
+CND+ 0x7f745648c33a: not taken
+CND+ 0x7f745648c343: taken
+CND+ 0x7f745648c381: not taken
+CND+ 0x7f745648c3d6: taken
+CND+ 0x7f745648c3e7: taken
+CND+ 0x7f745648c895: not taken
+CND+ 0x7f745648c8a8: not taken
+CND+ 0x7f745648c8d2: not taken
+CND+ 0x7f745648c907: not taken
+CND+ 0x7f745648c942: taken
+CND+ 0x7f745648c953: not taken
+CND+ 0x7f745648c963: taken
+CND+ 0x7f745648ca7b: not taken
+CND+ 0x7f745648cdbc: both
+CND+ 0x7f745648cdc9: both
+CND+ 0x7f745648ce03: not taken
+CND+ 0x7f745648ce0d: not taken
+CND+ 0x7f745648ce18: taken
+CND+ 0x7f745648d1a1: not taken
+CND+ 0x7f745648d1ab: not taken
+CND+ 0x7f745648d1e4: taken
+CND+ 0x7f745648d1f2: taken
+CND+ 0x7f745648d20a: not taken
+CND+ 0x7f745648d225: not taken
+CND+ 0x7f745648d22f: not taken
+CND+ 0x7f745648d247: taken
+CND+ 0x7f745648d533: taken
+CND+ 0x7f745648d582: taken
+CND+ 0x7f745648d655: taken
+CND+ 0x7f745648d698: taken
+CND+ 0x7f745648d703: not taken
+CND+ 0x7f745648d70c: taken
+CND+ 0x7f745648d725: not taken
+CND+ 0x7f745648d742: not taken
+CND+ 0x7f745648d75a: not taken
+CND+ 0x7f745648d765: not taken
+CND+ 0x7f745648d792: not taken
+CND+ 0x7f745648d797: taken
+CND+ 0x7f745648d7a9: taken
+CND+ 0x7f745648d7ad: not taken
+CND+ 0x7f745648d7bc: taken
+CND+ 0x7f745648d7ce: taken
+CND+ 0x7f745648d848: taken
+CND+ 0x7f745648d889: not taken
+CND+ 0x7f745648d89b: not taken
+CND+ 0x7f745648d8a8: taken
+CND+ 0x7f745648dc2f: not taken
+CND+ 0x7f745648dc57: taken
+CND+ 0x7f745648dc65: not taken
+CND+ 0x7f745648dc6e: taken
+CND+ 0x7f745648dc86: not taken
+CND+ 0x7f745648dcae: taken
+CND+ 0x7f745648e366: taken
+CND+ 0x7f745648e9d6: taken
+CND+ 0x7f745648ea31: not taken
+CND+ 0x7f745648ea51: taken
+CND+ 0x7f745648eaad: not taken
+CND+ 0x7f745648eab5: taken
+CND+ 0x7f745648eb00: taken
+CND+ 0x7f745648eb5a: not taken
+CND+ 0x7f745648eb62: not taken
+CND+ 0x7f745648eb6b: not taken
+CND+ 0x7f745648eb75: not taken
+CND+ 0x7f745648eb7f: taken
+CND+ 0x7f745648eb9b: taken
+CND+ 0x7f745648ec3c: taken
+CND+ 0x7f745648eed9: not taken
+CND+ 0x7f745648eee6: not taken
+CND+ 0x7f745648ef01: not taken
+CND+ 0x7f745648ef1a: not taken
+CND+ 0x7f745648ef20: not taken
+CND+ 0x7f745648ef26: taken
+CND+ 0x7f745648f76c: not taken
+CND+ 0x7f745648f78c: not taken
+CND+ 0x7f745648f7d8: both
+CND+ 0x7f745648f7e1: taken
+CND+ 0x7f745648f806: not taken
+CND+ 0x7f745648f840: not taken
+CND+ 0x7f745648f84a: not taken
+CND+ 0x7f745648f965: both
+CND+ 0x7f745648f989: not taken
+CND+ 0x7f745648f9b2: not taken
+CND+ 0x7f745648f9bc: not taken
+CND+ 0x7f745648f9e3: not taken
+CND+ 0x7f745648fa13: taken
+CND+ 0x7f745648fafd: not taken
+CND+ 0x7f745648fb1a: not taken
+CND+ 0x7f745648fb61: taken
+CND+ 0x7f7456490711: not taken
+CND+ 0x7f745649071d: not taken
+CND+ 0x7f7456490722: not taken
+CND+ 0x7f7456490748: not taken
+CND+ 0x7f745649074c: not taken
+CND+ 0x7f745649075f: not taken
+CND+ 0x7f74564907a4: not taken
+CND+ 0x7f74564908f3: both
+CND+ 0x7f745649090f: both
+CND+ 0x7f7456490911: not taken
+CND+ 0x7f745649091a: taken
+CND+ 0x7f7456490a92: not taken
+CND+ 0x7f7456490aba: not taken
+CND+ 0x7f7456490ad5: both
+CND+ 0x7f7456490ade: taken
+CND+ 0x7f7456490af7: not taken
+CND+ 0x7f7456490b01: not taken
+CND+ 0x7f7456490b05: not taken
+CND+ 0x7f7456490b19: taken
+CND+ 0x7f7456490c50: not taken
+CND+ 0x7f7456490c62: taken
+CND+ 0x7f7456490db1: not taken
+CND+ 0x7f7456490dea: both
+CND+ 0x7f7456490e13: not taken
+CND+ 0x7f7456490e20: taken
+CND+ 0x7f7456490e2d: not taken
+CND+ 0x7f7456490e43: not taken
+CND+ 0x7f7456490e4f: both
+CND+ 0x7f7456490e58: not taken
+CND+ 0x7f7456490e72: taken
+CND+ 0x7f7456490ee7: taken
+CND+ 0x7f745649175d: both
+CND+ 0x7f745649176f: not taken
+CND+ 0x7f7456491782: both
+CND+ 0x7f7456491787: both
+CND+ 0x7f7456491795: both
+CND+ 0x7f74564918b1: not taken
+CND+ 0x7f74564918dc: not taken
+CND+ 0x7f74564918ea: not taken
+CND+ 0x7f74564918ec: both
+CND+ 0x7f74564918f5: not taken
+CND+ 0x7f74564918fb: taken
+CND+ 0x7f7456491943: not taken
+CND+ 0x7f745649194c: taken
+CND+ 0x7f7456491983: not taken
+CND+ 0x7f7456491989: both
+CND+ 0x7f7456491990: not taken
+CND+ 0x7f74564919ab: taken
+CND+ 0x7f7456491a0b: taken
+CND+ 0x7f7456491b10: both
+CND+ 0x7f7456491b1c: not taken
+CND+ 0x7f7456491b21: both
+CND+ 0x7f7456491b2f: not taken
+CND+ 0x7f7456491b37: both
+CND+ 0x7f7456491b44: both
+CND+ 0x7f7456491b5e: taken
+CND+ 0x7f7456491b92: both
+CND+ 0x7f7456491b9b: taken
+CND+ 0x7f7456491bfb: taken
+CND+ 0x7f7456491d68: both
+CND+ 0x7f7456491d71: taken
+CND+ 0x7f7456491d8b: not taken
+CND+ 0x7f7456491da3: taken
+CND+ 0x7f7456491ddd: taken
+CND+ 0x7f7456491e02: not taken
+CND+ 0x7f7456491e0b: taken
+CND+ 0x7f7456491e2f: not taken
+CND+ 0x7f7456491e35: taken
+CND+ 0x7f7456491e4f: not taken
+CND+ 0x7f7456491e58: both
+CND+ 0x7f7456491f7d: not taken
+CND+ 0x7f745649202c: not taken
+CND+ 0x7f74564920c7: not taken
+CND+ 0x7f74564920d0: both
+CND+ 0x7f74564920d9: not taken
+CND+ 0x7f74564925a7: both
+CND+ 0x7f74564925ed: not taken
+CND+ 0x7f74564925f2: taken
+CND+ 0x7f7456492682: not taken
+CND+ 0x7f74564926a1: not taken
+CND+ 0x7f74564927bb: not taken
+CND+ 0x7f7456492835: not taken
+CND+ 0x7f7456492870: not taken
+CND+ 0x7f745649288e: not taken
+CND+ 0x7f745649289e: not taken
+CND+ 0x7f74564929ca: both
+CND+ 0x7f74564929ea: taken
+CND+ 0x7f74564929f6: taken
+CND+ 0x7f7456492a15: taken
+CND+ 0x7f7456492a38: not taken
+CND+ 0x7f7456492a48: taken
+CND+ 0x7f7456492abb: not taken
+CND+ 0x7f745649314f: not taken
+CND+ 0x7f745649316f: not taken
+CND+ 0x7f745649317e: taken
+CND+ 0x7f7456493a5f: taken
+CND+ 0x7f7456493b46: not taken
+CND+ 0x7f7456493b50: taken
+CND+ 0x7f7456493b69: taken
+CND+ 0x7f7456493b93: taken
+CND+ 0x7f7456493d2b: taken
+CND+ 0x7f7456493e50: not taken
+CND+ 0x7f7456494227: taken
+CND+ 0x7f745649425f: not taken
+CND+ 0x7f7456494278: taken
+CND+ 0x7f74564942b9: not taken
+CND+ 0x7f74564942d7: taken
+CND+ 0x7f745649430b: taken
+CND+ 0x7f7456494383: taken
+CND+ 0x7f74564943e2: taken
+CND+ 0x7f7456494456: taken
+CND+ 0x7f7456494488: both
+CND+ 0x7f745649448c: not taken
+CND+ 0x7f7456494493: not taken
+CND+ 0x7f7456494498: both
+CND+ 0x7f74564944e0: not taken
+CND+ 0x7f7456494512: not taken
+CND+ 0x7f7456494519: taken
+CND+ 0x7f7456494548: not taken
+CND+ 0x7f745649454d: not taken
+CND+ 0x7f74564945c9: not taken
+CND+ 0x7f74564945d7: taken
+CND+ 0x7f74564946f8: taken
+CND+ 0x7f74564947b9: not taken
+CND+ 0x7f7456494830: not taken
+CND+ 0x7f7456494846: taken
+CND+ 0x7f745649486e: not taken
+CND+ 0x7f7456494b09: not taken
+CND+ 0x7f7456494b13: not taken
+CND+ 0x7f7456494c18: taken
+CND+ 0x7f7456494c9d: not taken
+CND+ 0x7f7456494dfa: taken
+CND+ 0x7f7456496946: both
+CND+ 0x7f7456496963: both
+CND+ 0x7f7456496968: not taken
+CND+ 0x7f745649696e: not taken
+CND+ 0x7f7456496986: not taken
+CND+ 0x7f745649698b: both
+CND+ 0x7f745649699a: both
+CND+ 0x7f745649699f: both
+CND+ 0x7f74564969ac: both
+CND+ 0x7f74564969b7: both
+CND+ 0x7f74564969c4: not taken
+CND+ 0x7f7456496a10: not taken
+CND+ 0x7f7456496a15: taken
+CND+ 0x7f7456496a2e: both
+CND+ 0x7f7456496a32: both
+CND+ 0x7f7456496a5c: both
+CND+ 0x7f7456496add: not taken
+CND+ 0x7f7456496ae2: not taken
+CND+ 0x7f7456496afe: not taken
+CND+ 0x7f7456496b02: both
+CND+ 0x7f7456496b48: both
+CND+ 0x7f7456496b52: not taken
+CND+ 0x7f7456496b5c: not taken
+CND+ 0x7f7456496b65: both
+CND+ 0x7f7456496b6b: taken
+CND+ 0x7f7456496b75: not taken
+CND+ 0x7f7456496b95: not taken
+CND+ 0x7f7456496ba2: not taken
+CND+ 0x7f7456496bc4: not taken
+CND+ 0x7f7456496bce: not taken
+CND+ 0x7f7456496bf6: taken
+CND+ 0x7f7456496c24: taken
+CND+ 0x7f7456496ce1: not taken
+CND+ 0x7f7456496cea: not taken
+CND+ 0x7f7456496cf3: not taken
+CND+ 0x7f7456496d25: not taken
+CND+ 0x7f7456496d53: not taken
+CND+ 0x7f7456496d5d: not taken
+CND+ 0x7f7456496eb5: not taken
+CND+ 0x7f7456496eba: not taken
+CND+ 0x7f7456496ed8: both
+CND+ 0x7f7456496edc: taken
+CND+ 0x7f7456496f0f: not taken
+CND+ 0x7f7456496f15: not taken
+CND+ 0x7f745649746f: not taken
+CND+ 0x7f745649753d: not taken
+CND+ 0x7f7456497547: not taken
+CND+ 0x7f7456497605: not taken
+CND+ 0x7f745649760f: not taken
+CND+ 0x7f7456497647: not taken
+CND+ 0x7f745649765e: not taken
+CND+ 0x7f74564977bd: taken
+CND+ 0x7f74564977d2: taken
+CND+ 0x7f74564977df: not taken
+CND+ 0x7f74564977e4: both
+CND+ 0x7f74564977fa: taken
+CND+ 0x7f7456497856: not taken
+CND+ 0x7f745649785b: taken
+CND+ 0x7f745649787a: not taken
+CND+ 0x7f745649789a: not taken
+CND+ 0x7f74564978b7: not taken
+CND+ 0x7f74564978c5: not taken
+CND+ 0x7f74564978d4: taken
+CND+ 0x7f7456497df1: not taken
+CND+ 0x7f7456497e0c: not taken
@0x7f74564928af to 0x7f7456492a01 185
@0x7f74564928af to 0x7f74564929f0 10
@0x7f74564928af to 0x7f7456492a28 1
@0x7f7456496c19 to 0x7f745648a7d0 1
@0x7f7456496c19 to 0x7f7456491120 1
@0x7f7456486050 to 0x7f7459fbfa30 4
@0x7f7456486080 to 0x7f7459f5f330 2
@0x7f7456486090 to 0x7f745a001710 1
@0x7f74564860a0 to 0x7f7459fd7e70 5
@0x7f74564860d0 to 0x7f7459f72a20 7
@0x7f74564860f0 to 0x7f745a096800 4
@0x7f7456486130 to 0x7f745a0021e0 1
@0x7f7456486140 to 0x7f7459f76c10 1
@0x7f7456486150 to 0x7f745a024800 4
@0x7f7456486160 to 0x7f745a001230 1
@0x7f7456486190 to 0x7f745a096bc0 8
@0x7f74564861c0 to 0x7f745a002200 1
@0x7f74564861e0 to 0x7f745a0965d0 1
@0x7f7456486220 to 0x7f745a002210 2
@0x7f7456486230 to 0x7f745a025b10 1
@0x7f745648816e to 0x7f74564881c0 1
@0x7f7456486280 to 0x7f745a091d10 11
@0x7f74564862a0 to 0x7f7459f72450 4
@0x7f74564881ac to 0x7f7456488e90 1
@0x7f74564862d0 to 0x7f745a092100 9
@0x7f7456486320 to 0x7f7459f730f0 4
@0x7f7456486330 to 0x7f745a097100 6
@0x7f7456486350 to 0x7f745a002220 1
@0x7f7456486370 to 0x7f745a024800 2
@0x7f7456486390 to 0x7f7459fbf3e0 23
@0x7f74564863b0 to 0x7f745a002230 1
@0x7f74564863c0 to 0x7f745a091e90 22
@0x7f74564863e0 to 0x7f745a042ba0 1
@0x7f7456486410 to 0x7f7459fbfc80 1
@0x7f7456486460 to 0x7f745a0970e0 13
@0x7f7456486510 to 0x7f745a0021f0 1
@0x7f7456486560 to 0x7f745a0014e0 1
@0x7f7456486570 to 0x7f7459f6b580 191
@0x7f7456491f91 to 0x7f7456492075 1
@0x7f7456486784 to 0x7f7459f5efb0 1
@0x7f7456497e01 to 0x7f7456486840 1
@0x7f745649455f to 0x7f7456494580 1
@0x7f745649455f to 0x7f74564945c0 1
@0x7f745649455f to 0x7f74564945a8 2
