MODULE_NAME: /usr/bin/gs
MODULE_START: 0x7fc0ee331000
+B+: 0x7fc0ee332000 0x7fc0ee33200f
+B+: 0x7fc0ee332012 0x7fc0ee332016
+B+: 0x7fc0ee332020 0x7fc0ee33202b
+B+: 0x7fc0ee332030 0x7fc0ee332035
+B+: 0x7fc0ee332036 0x7fc0ee33203f
+B+: 0x7fc0ee332040 0x7fc0ee332045
+B+: 0x7fc0ee332046 0x7fc0ee33204f
+B+: 0x7fc0ee332050 0x7fc0ee332055
+B+: 0x7fc0ee332056 0x7fc0ee33205f
+B+: 0x7fc0ee332090 0x7fc0ee332095
+B+: 0x7fc0ee332096 0x7fc0ee33209f
+B+: 0x7fc0ee3320b0 0x7fc0ee3320b5
+B+: 0x7fc0ee3320b6 0x7fc0ee3320bf
+B+: 0x7fc0ee3320c0 0x7fc0ee3320c5
+B+: 0x7fc0ee3320c6 0x7fc0ee3320cf
+B+: 0x7fc0ee3320d0 0x7fc0ee3320d5
+B+: 0x7fc0ee3320d6 0x7fc0ee3320df
+B+: 0x7fc0ee3320e0 0x7fc0ee3320e5
+B+: 0x7fc0ee3320f0 0x7fc0ee332121
+B+: 0x7fc0ee332122 0x7fc0ee332127
+B+: 0x7fc0ee332128 0x7fc0ee332130
+B+: 0x7fc0ee332131 0x7fc0ee332132
+B+: 0x7fc0ee332133 0x7fc0ee332137
+B+: 0x7fc0ee332138 0x7fc0ee332152
+B+: 0x7fc0ee332153 0x7fc0ee33215b
+B+: 0x7fc0ee332184 0x7fc0ee3321a2
+B+: 0x7fc0ee3321a3 0x7fc0ee3321b1
+B+: 0x7fc0ee3321b2 0x7fc0ee3321b7
+B+: 0x7fc0ee3321b8 0x7fc0ee3321c1
+B+: 0x7fc0ee3321c2 0x7fc0ee3321c5
+B+: 0x7fc0ee3321c6 0x7fc0ee3321ca
+B+: 0x7fc0ee3321cb 0x7fc0ee3321d6
+B+: 0x7fc0ee3321d7 0x7fc0ee3321db
+B+: 0x7fc0ee332220 0x7fc0ee332249
+B+: 0x7fc0ee332250 0x7fc0ee332262
+B+: 0x7fc0ee332278 0x7fc0ee332278
+B+: 0x7fc0ee332280 0x7fc0ee3322a3
+B+: 0x7fc0ee3322b8 0x7fc0ee3322b8
+B+: 0x7fc0ee3322c0 0x7fc0ee3322c8
+B+: 0x7fc0ee3322c9 0x7fc0ee3322d6
+B+: 0x7fc0ee3322d7 0x7fc0ee3322e2
+B+: 0x7fc0ee3322e3 0x7fc0ee3322e7
+B+: 0x7fc0ee3322e8 0x7fc0ee3322f0
+B+: 0x7fc0ee332300 0x7fc0ee332304
+B+: 0x7fc0ee332350 0x7fc0ee332373
+B+: 0x7fc0ee332374 0x7fc0ee33237c
+B+: 0x7fc0ee33237d 0x7fc0ee332385
+B+: 0x7fc0ee3323c0 0x7fc0ee3323ec
+B+: 0x7fc0ee3323ed 0x7fc0ee3323f2
+B+: 0x7fc0ee3323f3 0x7fc0ee332404
+B+: 0x7fc0ee332405 0x7fc0ee33240d
+B+: 0x7fc0ee33240e 0x7fc0ee33241c
+B+: 0x7fc0ee332424 0x7fc0ee33242c
+CND+ 0x7fc0ee33200e: taken
+CND+ 0x7fc0ee332126: taken
+CND+ 0x7fc0ee33212b: not taken
+CND+ 0x7fc0ee332131: not taken
+CND+ 0x7fc0ee332136: not taken
+CND+ 0x7fc0ee33214d: not taken
+CND+ 0x7fc0ee3321b6: not taken
+CND+ 0x7fc0ee3321c4: not taken
+CND+ 0x7fc0ee3321c9: not taken
+CND+ 0x7fc0ee332261: taken
+CND+ 0x7fc0ee3322a2: taken
+CND+ 0x7fc0ee3322c7: not taken
+CND+ 0x7fc0ee3322d5: not taken
+CND+ 0x7fc0ee3323f1: not taken
+CND+ 0x7fc0ee33240c: not taken
@0x7fc0ee332026 to 0x7fc0f2321500 7
@0x7fc0ee332030 to 0x7fc0ee332036 1
@0x7fc0ee332040 to 0x7fc0ee332046 1
@0x7fc0ee332050 to 0x7fc0ee332056 1
@0x7fc0ee332090 to 0x7fc0ee332096 1
@0x7fc0ee3320b0 to 0x7fc0ee3320b6 1
@0x7fc0ee3320c0 to 0x7fc0ee3320c6 1
@0x7fc0ee3320d0 to 0x7fc0ee3320d6 1
@0x7fc0ee3320e0 to 0x7fc0f0e871c0 1
@0x7fc0ee332244 to 0x7fc0f0e70fb0 1
@0x7fc0ee332401 to 0x7fc0ee332300 1
