MODULE_NAME: /usr/bin/gs
MODULE_START: 0x7f7c0bf3f000
+B+: 0x7f7c0bf40000 0x7f7c0bf4000f
+B+: 0x7f7c0bf40012 0x7f7c0bf40016
+B+: 0x7f7c0bf40020 0x7f7c0bf4002b
+B+: 0x7f7c0bf40030 0x7f7c0bf40035
+B+: 0x7f7c0bf40036 0x7f7c0bf4003f
+B+: 0x7f7c0bf40040 0x7f7c0bf40045
+B+: 0x7f7c0bf40046 0x7f7c0bf4004f
+B+: 0x7f7c0bf40050 0x7f7c0bf40055
+B+: 0x7f7c0bf40056 0x7f7c0bf4005f
+B+: 0x7f7c0bf40090 0x7f7c0bf40095
+B+: 0x7f7c0bf40096 0x7f7c0bf4009f
+B+: 0x7f7c0bf400b0 0x7f7c0bf400b5
+B+: 0x7f7c0bf400b6 0x7f7c0bf400bf
+B+: 0x7f7c0bf400c0 0x7f7c0bf400c5
+B+: 0x7f7c0bf400c6 0x7f7c0bf400cf
+B+: 0x7f7c0bf400d0 0x7f7c0bf400d5
+B+: 0x7f7c0bf400d6 0x7f7c0bf400df
+B+: 0x7f7c0bf400e0 0x7f7c0bf400e5
+B+: 0x7f7c0bf400f0 0x7f7c0bf40121
+B+: 0x7f7c0bf40122 0x7f7c0bf40127
+B+: 0x7f7c0bf40128 0x7f7c0bf40130
+B+: 0x7f7c0bf40131 0x7f7c0bf40132
+B+: 0x7f7c0bf40133 0x7f7c0bf40137
+B+: 0x7f7c0bf40138 0x7f7c0bf40152
+B+: 0x7f7c0bf40153 0x7f7c0bf4015b
+B+: 0x7f7c0bf40184 0x7f7c0bf401a2
+B+: 0x7f7c0bf401a3 0x7f7c0bf401b1
+B+: 0x7f7c0bf401b2 0x7f7c0bf401b7
+B+: 0x7f7c0bf401b8 0x7f7c0bf401c1
+B+: 0x7f7c0bf401c2 0x7f7c0bf401c5
+B+: 0x7f7c0bf401c6 0x7f7c0bf401ca
+B+: 0x7f7c0bf401cb 0x7f7c0bf401d6
+B+: 0x7f7c0bf401d7 0x7f7c0bf401db
+B+: 0x7f7c0bf40220 0x7f7c0bf40249
+B+: 0x7f7c0bf40250 0x7f7c0bf40262
+B+: 0x7f7c0bf40278 0x7f7c0bf40278
+B+: 0x7f7c0bf40280 0x7f7c0bf402a3
+B+: 0x7f7c0bf402b8 0x7f7c0bf402b8
+B+: 0x7f7c0bf402c0 0x7f7c0bf402c8
+B+: 0x7f7c0bf402c9 0x7f7c0bf402d6
+B+: 0x7f7c0bf402d7 0x7f7c0bf402e2
+B+: 0x7f7c0bf402e3 0x7f7c0bf402e7
+B+: 0x7f7c0bf402e8 0x7f7c0bf402f0
+B+: 0x7f7c0bf40300 0x7f7c0bf40304
+B+: 0x7f7c0bf40350 0x7f7c0bf40373
+B+: 0x7f7c0bf40374 0x7f7c0bf4037c
+B+: 0x7f7c0bf4037d 0x7f7c0bf40385
+B+: 0x7f7c0bf403c0 0x7f7c0bf403ec
+B+: 0x7f7c0bf403ed 0x7f7c0bf403f2
+B+: 0x7f7c0bf403f3 0x7f7c0bf40404
+B+: 0x7f7c0bf40405 0x7f7c0bf4040d
+B+: 0x7f7c0bf4040e 0x7f7c0bf4041c
+B+: 0x7f7c0bf40424 0x7f7c0bf4042c
+CND+ 0x7f7c0bf4000e: taken
+CND+ 0x7f7c0bf40126: taken
+CND+ 0x7f7c0bf4012b: not taken
+CND+ 0x7f7c0bf40131: not taken
+CND+ 0x7f7c0bf40136: not taken
+CND+ 0x7f7c0bf4014d: not taken
+CND+ 0x7f7c0bf401b6: not taken
+CND+ 0x7f7c0bf401c4: not taken
+CND+ 0x7f7c0bf401c9: not taken
+CND+ 0x7f7c0bf40261: taken
+CND+ 0x7f7c0bf402a2: taken
+CND+ 0x7f7c0bf402c7: not taken
+CND+ 0x7f7c0bf402d5: not taken
+CND+ 0x7f7c0bf403f1: not taken
+CND+ 0x7f7c0bf4040c: not taken
@0x7f7c0bf40026 to 0x7f7c0ff2f500 7
@0x7f7c0bf40030 to 0x7f7c0bf40036 1
@0x7f7c0bf40040 to 0x7f7c0bf40046 1
@0x7f7c0bf40050 to 0x7f7c0bf40056 1
@0x7f7c0bf40090 to 0x7f7c0bf40096 1
@0x7f7c0bf400b0 to 0x7f7c0bf400b6 1
@0x7f7c0bf400c0 to 0x7f7c0bf400c6 1
@0x7f7c0bf400d0 to 0x7f7c0bf400d6 1
@0x7f7c0bf400e0 to 0x7f7c0ea951c0 1
@0x7f7c0bf40244 to 0x7f7c0ea7efb0 1
@0x7f7c0bf40401 to 0x7f7c0bf40300 1
