MODULE_NAME: /usr/bin/gs
MODULE_START: 0x7fd2fc9e3000
+B+: 0x7fd2fc9e4000 0x7fd2fc9e400f
+B+: 0x7fd2fc9e4012 0x7fd2fc9e4016
+B+: 0x7fd2fc9e4020 0x7fd2fc9e402b
+B+: 0x7fd2fc9e4030 0x7fd2fc9e4035
+B+: 0x7fd2fc9e4036 0x7fd2fc9e403f
+B+: 0x7fd2fc9e4040 0x7fd2fc9e4045
+B+: 0x7fd2fc9e4046 0x7fd2fc9e404f
+B+: 0x7fd2fc9e4050 0x7fd2fc9e4055
+B+: 0x7fd2fc9e4056 0x7fd2fc9e405f
+B+: 0x7fd2fc9e40b0 0x7fd2fc9e40b5
+B+: 0x7fd2fc9e40b6 0x7fd2fc9e40bf
+B+: 0x7fd2fc9e40c0 0x7fd2fc9e40c5
+B+: 0x7fd2fc9e40c6 0x7fd2fc9e40cf
+B+: 0x7fd2fc9e40e0 0x7fd2fc9e40e5
+B+: 0x7fd2fc9e40f0 0x7fd2fc9e4121
+B+: 0x7fd2fc9e4122 0x7fd2fc9e4127
+B+: 0x7fd2fc9e4128 0x7fd2fc9e4130
+B+: 0x7fd2fc9e4131 0x7fd2fc9e4132
+B+: 0x7fd2fc9e4133 0x7fd2fc9e4137
+B+: 0x7fd2fc9e413d 0x7fd2fc9e4152
+B+: 0x7fd2fc9e4153 0x7fd2fc9e415b
+B+: 0x7fd2fc9e4178 0x7fd2fc9e4183
+B+: 0x7fd2fc9e4184 0x7fd2fc9e41a2
+B+: 0x7fd2fc9e41a3 0x7fd2fc9e41b1
+B+: 0x7fd2fc9e41b2 0x7fd2fc9e41b7
+B+: 0x7fd2fc9e41b8 0x7fd2fc9e41c1
+B+: 0x7fd2fc9e41c2 0x7fd2fc9e41c5
+B+: 0x7fd2fc9e41c6 0x7fd2fc9e41ca
+B+: 0x7fd2fc9e41cb 0x7fd2fc9e41d6
+B+: 0x7fd2fc9e41d7 0x7fd2fc9e41db
+B+: 0x7fd2fc9e41dc 0x7fd2fc9e41e0
+B+: 0x7fd2fc9e4213 0x7fd2fc9e4216
+B+: 0x7fd2fc9e4220 0x7fd2fc9e4249
+B+: 0x7fd2fc9e4250 0x7fd2fc9e4262
+B+: 0x7fd2fc9e4278 0x7fd2fc9e4278
+B+: 0x7fd2fc9e4280 0x7fd2fc9e42a3
+B+: 0x7fd2fc9e42b8 0x7fd2fc9e42b8
+B+: 0x7fd2fc9e42c0 0x7fd2fc9e42c8
+B+: 0x7fd2fc9e42c9 0x7fd2fc9e42d6
+B+: 0x7fd2fc9e42d7 0x7fd2fc9e42e2
+B+: 0x7fd2fc9e42e3 0x7fd2fc9e42e7
+B+: 0x7fd2fc9e42e8 0x7fd2fc9e42f0
+B+: 0x7fd2fc9e4300 0x7fd2fc9e4304
+B+: 0x7fd2fc9e43c0 0x7fd2fc9e43ec
+B+: 0x7fd2fc9e43ed 0x7fd2fc9e43f2
+B+: 0x7fd2fc9e43f3 0x7fd2fc9e4404
+B+: 0x7fd2fc9e4405 0x7fd2fc9e440d
+B+: 0x7fd2fc9e440e 0x7fd2fc9e441c
+B+: 0x7fd2fc9e4424 0x7fd2fc9e442c
+CND+ 0x7fd2fc9e400e: taken
+CND+ 0x7fd2fc9e4126: taken
+CND+ 0x7fd2fc9e412b: not taken
+CND+ 0x7fd2fc9e4131: not taken
+CND+ 0x7fd2fc9e4136: taken
+CND+ 0x7fd2fc9e414d: not taken
+CND+ 0x7fd2fc9e41b6: not taken
+CND+ 0x7fd2fc9e41c4: not taken
+CND+ 0x7fd2fc9e41c9: taken
+CND+ 0x7fd2fc9e41df: taken
+CND+ 0x7fd2fc9e4261: taken
+CND+ 0x7fd2fc9e42a2: taken
+CND+ 0x7fd2fc9e42c7: not taken
+CND+ 0x7fd2fc9e42d5: not taken
+CND+ 0x7fd2fc9e43f1: not taken
+CND+ 0x7fd2fc9e440c: not taken
@0x7fd2fc9e4026 to 0x7fd3009d3500 5
@0x7fd2fc9e4030 to 0x7fd2fc9e4036 1
@0x7fd2fc9e4040 to 0x7fd2fc9e4046 1
@0x7fd2fc9e4050 to 0x7fd2fc9e4056 1
@0x7fd2fc9e40b0 to 0x7fd2fc9e40b6 1
@0x7fd2fc9e40c0 to 0x7fd2fc9e40c6 1
@0x7fd2fc9e40e0 to 0x7fd2ff5391c0 1
@0x7fd2fc9e4244 to 0x7fd2ff522fb0 1
@0x7fd2fc9e4401 to 0x7fd2fc9e4300 1
