MODULE_NAME: /usr/bin/gs
MODULE_START: 0x7f9b19f55000
+B+: 0x7f9b19f56000 0x7f9b19f5600f
+B+: 0x7f9b19f56012 0x7f9b19f56016
+B+: 0x7f9b19f56020 0x7f9b19f5602b
+B+: 0x7f9b19f56030 0x7f9b19f56035
+B+: 0x7f9b19f56036 0x7f9b19f5603f
+B+: 0x7f9b19f56040 0x7f9b19f56045
+B+: 0x7f9b19f56046 0x7f9b19f5604f
+B+: 0x7f9b19f56050 0x7f9b19f56055
+B+: 0x7f9b19f56056 0x7f9b19f5605f
+B+: 0x7f9b19f56090 0x7f9b19f56095
+B+: 0x7f9b19f56096 0x7f9b19f5609f
+B+: 0x7f9b19f560b0 0x7f9b19f560b5
+B+: 0x7f9b19f560b6 0x7f9b19f560bf
+B+: 0x7f9b19f560c0 0x7f9b19f560c5
+B+: 0x7f9b19f560c6 0x7f9b19f560cf
+B+: 0x7f9b19f560d0 0x7f9b19f560d5
+B+: 0x7f9b19f560d6 0x7f9b19f560df
+B+: 0x7f9b19f560e0 0x7f9b19f560e5
+B+: 0x7f9b19f560f0 0x7f9b19f56121
+B+: 0x7f9b19f56122 0x7f9b19f56127
+B+: 0x7f9b19f56128 0x7f9b19f56130
+B+: 0x7f9b19f56131 0x7f9b19f56132
+B+: 0x7f9b19f56133 0x7f9b19f56137
+B+: 0x7f9b19f56138 0x7f9b19f56152
+B+: 0x7f9b19f56153 0x7f9b19f5615b
+B+: 0x7f9b19f56184 0x7f9b19f561a2
+B+: 0x7f9b19f561a3 0x7f9b19f561b1
+B+: 0x7f9b19f561b2 0x7f9b19f561b7
+B+: 0x7f9b19f561b8 0x7f9b19f561c1
+B+: 0x7f9b19f561c2 0x7f9b19f561c5
+B+: 0x7f9b19f561c6 0x7f9b19f561ca
+B+: 0x7f9b19f561cb 0x7f9b19f561d6
+B+: 0x7f9b19f561d7 0x7f9b19f561db
+B+: 0x7f9b19f56220 0x7f9b19f56249
+B+: 0x7f9b19f56250 0x7f9b19f56262
+B+: 0x7f9b19f56278 0x7f9b19f56278
+B+: 0x7f9b19f56280 0x7f9b19f562a3
+B+: 0x7f9b19f562b8 0x7f9b19f562b8
+B+: 0x7f9b19f562c0 0x7f9b19f562c8
+B+: 0x7f9b19f562c9 0x7f9b19f562d6
+B+: 0x7f9b19f562d7 0x7f9b19f562e2
+B+: 0x7f9b19f562e3 0x7f9b19f562e7
+B+: 0x7f9b19f562e8 0x7f9b19f562f0
+B+: 0x7f9b19f56300 0x7f9b19f56304
+B+: 0x7f9b19f56350 0x7f9b19f56373
+B+: 0x7f9b19f56374 0x7f9b19f5637c
+B+: 0x7f9b19f5637d 0x7f9b19f56385
+B+: 0x7f9b19f563c0 0x7f9b19f563ec
+B+: 0x7f9b19f563ed 0x7f9b19f563f2
+B+: 0x7f9b19f563f3 0x7f9b19f56404
+B+: 0x7f9b19f56405 0x7f9b19f5640d
+B+: 0x7f9b19f5640e 0x7f9b19f5641c
+B+: 0x7f9b19f56424 0x7f9b19f5642c
+CND+ 0x7f9b19f5600e: taken
+CND+ 0x7f9b19f56126: taken
+CND+ 0x7f9b19f5612b: not taken
+CND+ 0x7f9b19f56131: not taken
+CND+ 0x7f9b19f56136: not taken
+CND+ 0x7f9b19f5614d: not taken
+CND+ 0x7f9b19f561b6: not taken
+CND+ 0x7f9b19f561c4: not taken
+CND+ 0x7f9b19f561c9: not taken
+CND+ 0x7f9b19f56261: taken
+CND+ 0x7f9b19f562a2: taken
+CND+ 0x7f9b19f562c7: not taken
+CND+ 0x7f9b19f562d5: not taken
+CND+ 0x7f9b19f563f1: not taken
+CND+ 0x7f9b19f5640c: not taken
@0x7f9b19f56026 to 0x7f9b1df45500 7
@0x7f9b19f56030 to 0x7f9b19f56036 1
@0x7f9b19f56040 to 0x7f9b19f56046 1
@0x7f9b19f56050 to 0x7f9b19f56056 1
@0x7f9b19f56090 to 0x7f9b19f56096 1
@0x7f9b19f560b0 to 0x7f9b19f560b6 1
@0x7f9b19f560c0 to 0x7f9b19f560c6 1
@0x7f9b19f560d0 to 0x7f9b19f560d6 1
@0x7f9b19f560e0 to 0x7f9b1caab1c0 1
@0x7f9b19f56244 to 0x7f9b1ca94fb0 1
@0x7f9b19f56401 to 0x7f9b19f56300 1
