MODULE_NAME: /bin/dash
MODULE_START: 0x7fcaf1932000
+B+: 0x7fcaf1936000 0x7fcaf193600f
+B+: 0x7fcaf1936012 0x7fcaf1936016
+B+: 0x7fcaf1936050 0x7fcaf1936055
+B+: 0x7fcaf1936080 0x7fcaf1936085
+B+: 0x7fcaf1936090 0x7fcaf1936095
+B+: 0x7fcaf19360a0 0x7fcaf19360a5
+B+: 0x7fcaf19360d0 0x7fcaf19360d5
+B+: 0x7fcaf19360f0 0x7fcaf19360f5
+B+: 0x7fcaf1936130 0x7fcaf1936135
+B+: 0x7fcaf1936140 0x7fcaf1936145
+B+: 0x7fcaf1936150 0x7fcaf1936155
+B+: 0x7fcaf1936160 0x7fcaf1936165
+B+: 0x7fcaf1936190 0x7fcaf1936195
+B+: 0x7fcaf19361c0 0x7fcaf19361c5
+B+: 0x7fcaf19361e0 0x7fcaf19361e5
+B+: 0x7fcaf1936220 0x7fcaf1936225
+B+: 0x7fcaf1936230 0x7fcaf1936235
+B+: 0x7fcaf1936280 0x7fcaf1936285
+B+: 0x7fcaf19362a0 0x7fcaf19362a5
+B+: 0x7fcaf19362d0 0x7fcaf19362d5
+B+: 0x7fcaf1936320 0x7fcaf1936325
+B+: 0x7fcaf1936330 0x7fcaf1936335
+B+: 0x7fcaf1936350 0x7fcaf1936355
+B+: 0x7fcaf1936370 0x7fcaf1936375
+B+: 0x7fcaf1936390 0x7fcaf1936395
+B+: 0x7fcaf19363b0 0x7fcaf19363b5
+B+: 0x7fcaf19363c0 0x7fcaf19363c5
+B+: 0x7fcaf19363e0 0x7fcaf19363e5
+B+: 0x7fcaf1936410 0x7fcaf1936415
+B+: 0x7fcaf1936460 0x7fcaf1936465
+B+: 0x7fcaf1936510 0x7fcaf1936515
+B+: 0x7fcaf1936560 0x7fcaf1936565
+B+: 0x7fcaf1936570 0x7fcaf1936575
+B+: 0x7fcaf1936590 0x7fcaf19365b8
+B+: 0x7fcaf19365b9 0x7fcaf19365c4
+B+: 0x7fcaf19365c5 0x7fcaf19365cf
+B+: 0x7fcaf19365d0 0x7fcaf19365e7
+B+: 0x7fcaf19365e8 0x7fcaf19365ef
+B+: 0x7fcaf19365f0 0x7fcaf1936600
+B+: 0x7fcaf1936601 0x7fcaf193660b
+B+: 0x7fcaf193660c 0x7fcaf1936615
+B+: 0x7fcaf1936616 0x7fcaf1936623
+B+: 0x7fcaf1936624 0x7fcaf193662b
+B+: 0x7fcaf193662c 0x7fcaf193663c
+B+: 0x7fcaf1936657 0x7fcaf1936660
+B+: 0x7fcaf1936661 0x7fcaf1936678
+B+: 0x7fcaf1936679 0x7fcaf193667f
+B+: 0x7fcaf1936680 0x7fcaf193668c
+B+: 0x7fcaf193668d 0x7fcaf1936696
+B+: 0x7fcaf1936697 0x7fcaf193669b
+B+: 0x7fcaf1936760 0x7fcaf1936789
+B+: 0x7fcaf19367c0 0x7fcaf19367e3
+B+: 0x7fcaf19367f8 0x7fcaf19367f8
+B+: 0x7fcaf1936840 0x7fcaf1936844
+B+: 0x7fcaf1936850 0x7fcaf1936863
+B+: 0x7fcaf1936864 0x7fcaf193686f
+B+: 0x7fcaf1936870 0x7fcaf193687d
+B+: 0x7fcaf193687e 0x7fcaf19368aa
+B+: 0x7fcaf19368ab 0x7fcaf19368ac
+B+: 0x7fcaf19368cb 0x7fcaf19368d2
+B+: 0x7fcaf1936a50 0x7fcaf1936a57
+B+: 0x7fcaf1936a58 0x7fcaf1936a5e
+B+: 0x7fcaf1936a5f 0x7fcaf1936a63
+B+: 0x7fcaf1936a71 0x7fcaf1936a72
+B+: 0x7fcaf19376d0 0x7fcaf19376eb
+B+: 0x7fcaf19376ec 0x7fcaf1937705
+B+: 0x7fcaf1937717 0x7fcaf193771b
+B+: 0x7fcaf193771c 0x7fcaf1937720
+B+: 0x7fcaf193772c 0x7fcaf1937730
+B+: 0x7fcaf193773e 0x7fcaf193774d
+B+: 0x7fcaf193774e 0x7fcaf1937757
+B+: 0x7fcaf1937758 0x7fcaf1937775
+B+: 0x7fcaf1937780 0x7fcaf1937788
+B+: 0x7fcaf1937789 0x7fcaf1937790
+B+: 0x7fcaf1937791 0x7fcaf193779c
+B+: 0x7fcaf1938060 0x7fcaf193807e
+B+: 0x7fcaf193810d 0x7fcaf193811c
+B+: 0x7fcaf193811d 0x7fcaf1938123
+B+: 0x7fcaf1938140 0x7fcaf193814a
+B+: 0x7fcaf193814b 0x7fcaf1938152
+B+: 0x7fcaf1938153 0x7fcaf193815d
+B+: 0x7fcaf193815e 0x7fcaf193816f
+B+: 0x7fcaf1938188 0x7fcaf193818c
+B+: 0x7fcaf193818d 0x7fcaf1938191
+B+: 0x7fcaf1938192 0x7fcaf193819c
+B+: 0x7fcaf19381a7 0x7fcaf19381ad
+B+: 0x7fcaf19381ae 0x7fcaf19381b5
+B+: 0x7fcaf19381c0 0x7fcaf19381cf
+B+: 0x7fcaf1938bc0 0x7fcaf1938bfa
+B+: 0x7fcaf1938bfb 0x7fcaf1938c07
+B+: 0x7fcaf1938c08 0x7fcaf1938c0f
+B+: 0x7fcaf1938c10 0x7fcaf1938c11
+B+: 0x7fcaf1938c18 0x7fcaf1938c21
+B+: 0x7fcaf1938c22 0x7fcaf1938c2e
+B+: 0x7fcaf1938c32 0x7fcaf1938c39
+B+: 0x7fcaf1938c3a 0x7fcaf1938c49
+B+: 0x7fcaf1938c4a 0x7fcaf1938c51
+B+: 0x7fcaf1938c52 0x7fcaf1938c58
+B+: 0x7fcaf1938c59 0x7fcaf1938c60
+B+: 0x7fcaf1938c61 0x7fcaf1938c68
+B+: 0x7fcaf1938c69 0x7fcaf1938c6d
+B+: 0x7fcaf1938c6e 0x7fcaf1938c77
+B+: 0x7fcaf1938c78 0x7fcaf1938c89
+B+: 0x7fcaf1938c8a 0x7fcaf1938c98
+B+: 0x7fcaf1938e90 0x7fcaf1938ed3
+B+: 0x7fcaf1938edf 0x7fcaf1938ef5
+B+: 0x7fcaf1938ef6 0x7fcaf1938efa
+B+: 0x7fcaf1938efb 0x7fcaf1938f5a
+B+: 0x7fcaf1938f5b 0x7fcaf1938f67
+B+: 0x7fcaf1938f68 0x7fcaf1938f77
+B+: 0x7fcaf1938f78 0x7fcaf1938f7f
+B+: 0x7fcaf1938f80 0x7fcaf1938f8b
+B+: 0x7fcaf1938f8c 0x7fcaf1938f94
+B+: 0x7fcaf1938f95 0x7fcaf1938f9b
+B+: 0x7fcaf1938fa0 0x7fcaf1938faf
+B+: 0x7fcaf1938fb0 0x7fcaf1938fc5
+B+: 0x7fcaf1938fc6 0x7fcaf1938fcf
+B+: 0x7fcaf1938fd0 0x7fcaf1938fe3
+B+: 0x7fcaf1938fe4 0x7fcaf1938ffc
+B+: 0x7fcaf1939019 0x7fcaf193902b
+B+: 0x7fcaf193902c 0x7fcaf1939034
+B+: 0x7fcaf1939035 0x7fcaf1939047
+B+: 0x7fcaf1939048 0x7fcaf193905b
+B+: 0x7fcaf19390a8 0x7fcaf19390b4
+B+: 0x7fcaf19390b5 0x7fcaf19390b9
+B+: 0x7fcaf19390db 0x7fcaf19390e1
+B+: 0x7fcaf19390f0 0x7fcaf1939103
+B+: 0x7fcaf1939104 0x7fcaf1939113
+B+: 0x7fcaf1939114 0x7fcaf193911b
+B+: 0x7fcaf193911c 0x7fcaf1939122
+B+: 0x7fcaf1939123 0x7fcaf1939152
+B+: 0x7fcaf1939153 0x7fcaf193915f
+B+: 0x7fcaf1939160 0x7fcaf1939168
+B+: 0x7fcaf1939216 0x7fcaf193921c
+B+: 0x7fcaf1939224 0x7fcaf193922d
+B+: 0x7fcaf193922e 0x7fcaf1939237
+B+: 0x7fcaf1939238 0x7fcaf1939241
+B+: 0x7fcaf1939242 0x7fcaf193924b
+B+: 0x7fcaf193925d 0x7fcaf1939266
+B+: 0x7fcaf1939267 0x7fcaf1939281
+B+: 0x7fcaf1939282 0x7fcaf1939293
+B+: 0x7fcaf193934c 0x7fcaf1939353
+B+: 0x7fcaf1939354 0x7fcaf193936f
+B+: 0x7fcaf193951b 0x7fcaf1939525
+B+: 0x7fcaf1939526 0x7fcaf193952e
+B+: 0x7fcaf193952f 0x7fcaf1939537
+B+: 0x7fcaf19398d0 0x7fcaf19398ec
+B+: 0x7fcaf19398ed 0x7fcaf19398f1
+B+: 0x7fcaf19398f8 0x7fcaf19398fa
+B+: 0x7fcaf19398fb 0x7fcaf1939907
+B+: 0x7fcaf1939908 0x7fcaf193993e
+B+: 0x7fcaf193993f 0x7fcaf1939940
+B+: 0x7fcaf1939963 0x7fcaf1939977
+B+: 0x7fcaf1939980 0x7fcaf1939986
+B+: 0x7fcaf1939987 0x7fcaf193998e
+B+: 0x7fcaf193998f 0x7fcaf1939997
+B+: 0x7fcaf1939998 0x7fcaf19399ba
+B+: 0x7fcaf19399bb 0x7fcaf19399bc
+B+: 0x7fcaf19399c0 0x7fcaf19399e7
+B+: 0x7fcaf19399e8 0x7fcaf19399f7
+B+: 0x7fcaf1939a19 0x7fcaf1939a21
+B+: 0x7fcaf1939a22 0x7fcaf1939a2a
+B+: 0x7fcaf1939a2b 0x7fcaf1939a34
+B+: 0x7fcaf1939a35 0x7fcaf1939a3f
+B+: 0x7fcaf1939ad0 0x7fcaf1939ae9
+B+: 0x7fcaf1939aea 0x7fcaf1939b00
+B+: 0x7fcaf1939b10 0x7fcaf1939b1f
+B+: 0x7fcaf1939b20 0x7fcaf1939b2b
+B+: 0x7fcaf1939b2c 0x7fcaf1939b31
+B+: 0x7fcaf1939b32 0x7fcaf1939b41
+B+: 0x7fcaf1939b56 0x7fcaf1939b61
+B+: 0x7fcaf1939b62 0x7fcaf1939b6f
+B+: 0x7fcaf1939b70 0x7fcaf1939b85
+B+: 0x7fcaf1939b86 0x7fcaf1939b97
+B+: 0x7fcaf1939b98 0x7fcaf1939bc0
+B+: 0x7fcaf1939bc8 0x7fcaf1939bcc
+B+: 0x7fcaf1939bcd 0x7fcaf1939bea
+B+: 0x7fcaf1939d70 0x7fcaf1939d98
+B+: 0x7fcaf1939da0 0x7fcaf1939da1
+B+: 0x7fcaf1939da2 0x7fcaf1939daa
+B+: 0x7fcaf1939dab 0x7fcaf1939dc5
+B+: 0x7fcaf1939dc6 0x7fcaf1939dc9
+B+: 0x7fcaf1939dca 0x7fcaf1939dd1
+B+: 0x7fcaf1939dd2 0x7fcaf1939de6
+B+: 0x7fcaf1939df0 0x7fcaf1939e2a
+B+: 0x7fcaf1939e2b 0x7fcaf1939e2f
+B+: 0x7fcaf1939e46 0x7fcaf1939e5c
+B+: 0x7fcaf1939e5d 0x7fcaf1939e6e
+B+: 0x7fcaf1939e90 0x7fcaf1939ead
+B+: 0x7fcaf1939ec8 0x7fcaf1939ed1
+B+: 0x7fcaf1939ed2 0x7fcaf1939edd
+B+: 0x7fcaf1939f6c 0x7fcaf1939f8f
+B+: 0x7fcaf1939f90 0x7fcaf1939f9c
+B+: 0x7fcaf1939f9d 0x7fcaf1939fa8
+B+: 0x7fcaf1939fa9 0x7fcaf1939fb0
+B+: 0x7fcaf1939fb1 0x7fcaf1939fc5
+B+: 0x7fcaf193a008 0x7fcaf193a012
+B+: 0x7fcaf193a013 0x7fcaf193a01e
+B+: 0x7fcaf193a01f 0x7fcaf193a02e
+B+: 0x7fcaf193a060 0x7fcaf193a066
+B+: 0x7fcaf193a067 0x7fcaf193a074
+B+: 0x7fcaf193a075 0x7fcaf193a086
+B+: 0x7fcaf193a087 0x7fcaf193a08e
+B+: 0x7fcaf193a08f 0x7fcaf193a0a2
+B+: 0x7fcaf193a0a3 0x7fcaf193a0b0
+B+: 0x7fcaf193a100 0x7fcaf193a116
+B+: 0x7fcaf193a145 0x7fcaf193a14d
+B+: 0x7fcaf193a14e 0x7fcaf193a157
+B+: 0x7fcaf193a160 0x7fcaf193a166
+B+: 0x7fcaf193a1c0 0x7fcaf193a1d1
+B+: 0x7fcaf193a1e8 0x7fcaf193a1ef
+B+: 0x7fcaf193a248 0x7fcaf193a25b
+B+: 0x7fcaf193a25c 0x7fcaf193a271
+B+: 0x7fcaf193a7d0 0x7fcaf193a7ff
+B+: 0x7fcaf193a80f 0x7fcaf193a812
+B+: 0x7fcaf193a813 0x7fcaf193a81c
+B+: 0x7fcaf193a81d 0x7fcaf193a820
+B+: 0x7fcaf193a821 0x7fcaf193a82f
+B+: 0x7fcaf193a830 0x7fcaf193a83a
+B+: 0x7fcaf193a84f 0x7fcaf193a85a
+B+: 0x7fcaf193a85f 0x7fcaf193a862
+B+: 0x7fcaf193a870 0x7fcaf193a877
+B+: 0x7fcaf193a878 0x7fcaf193a88d
+B+: 0x7fcaf193b440 0x7fcaf193b464
+B+: 0x7fcaf193b61e 0x7fcaf193b627
+B+: 0x7fcaf193b628 0x7fcaf193b631
+B+: 0x7fcaf193b632 0x7fcaf193b659
+B+: 0x7fcaf193b6af 0x7fcaf193b6bc
+B+: 0x7fcaf193b6c0 0x7fcaf193b6cb
+B+: 0x7fcaf193b730 0x7fcaf193b73b
+B+: 0x7fcaf193b740 0x7fcaf193b75e
+B+: 0x7fcaf193b75f 0x7fcaf193b767
+B+: 0x7fcaf193b7d2 0x7fcaf193b7e3
+B+: 0x7fcaf193b8a0 0x7fcaf193b8a7
+B+: 0x7fcaf193c260 0x7fcaf193c2a5
+B+: 0x7fcaf193c2b5 0x7fcaf193c2be
+B+: 0x7fcaf193c2bf 0x7fcaf193c2d2
+B+: 0x7fcaf193c2d3 0x7fcaf193c2fc
+B+: 0x7fcaf193c2fd 0x7fcaf193c310
+B+: 0x7fcaf193c324 0x7fcaf193c328
+B+: 0x7fcaf193c336 0x7fcaf193c33f
+B+: 0x7fcaf193c340 0x7fcaf193c344
+B+: 0x7fcaf193c370 0x7fcaf193c386
+B+: 0x7fcaf193c387 0x7fcaf193c398
+B+: 0x7fcaf193c3a0 0x7fcaf193c3b6
+B+: 0x7fcaf193c3b7 0x7fcaf193c3d7
+B+: 0x7fcaf193c3dd 0x7fcaf193c3ec
+B+: 0x7fcaf193c850 0x7fcaf193c886
+B+: 0x7fcaf193c887 0x7fcaf193c89a
+B+: 0x7fcaf193c89b 0x7fcaf193c8ad
+B+: 0x7fcaf193c8ae 0x7fcaf193c8c4
+B+: 0x7fcaf193c8c5 0x7fcaf193c8d7
+B+: 0x7fcaf193c8d8 0x7fcaf193c8e7
+B+: 0x7fcaf193c8e8 0x7fcaf193c90c
+B+: 0x7fcaf193c90d 0x7fcaf193c915
+B+: 0x7fcaf193c924 0x7fcaf193c933
+B+: 0x7fcaf193c934 0x7fcaf193c947
+B+: 0x7fcaf193c948 0x7fcaf193c954
+B+: 0x7fcaf193c955 0x7fcaf193c95f
+B+: 0x7fcaf193c960 0x7fcaf193c964
+B+: 0x7fcaf193ca6a 0x7fcaf193ca7c
+B+: 0x7fcaf193ca7d 0x7fcaf193ca9c
+B+: 0x7fcaf193cba0 0x7fcaf193cbad
+B+: 0x7fcaf193cbae 0x7fcaf193cbe1
+B+: 0x7fcaf193cbf0 0x7fcaf193cbfb
+B+: 0x7fcaf193cdb0 0x7fcaf193cdbd
+B+: 0x7fcaf193cdbe 0x7fcaf193cdca
+B+: 0x7fcaf193cdcb 0x7fcaf193cde3
+B+: 0x7fcaf193cde8 0x7fcaf193cdf4
+B+: 0x7fcaf193cdf8 0x7fcaf193ce04
+B+: 0x7fcaf193ce05 0x7fcaf193ce12
+B+: 0x7fcaf193ce13 0x7fcaf193ce1d
+B+: 0x7fcaf193ceb4 0x7fcaf193cec1
+B+: 0x7fcaf193d160 0x7fcaf193d174
+B+: 0x7fcaf193d175 0x7fcaf193d187
+B+: 0x7fcaf193d188 0x7fcaf193d1a2
+B+: 0x7fcaf193d1a3 0x7fcaf193d1ac
+B+: 0x7fcaf193d1ad 0x7fcaf193d1b3
+B+: 0x7fcaf193d1d0 0x7fcaf193d1e5
+B+: 0x7fcaf193d1eb 0x7fcaf193d1f3
+B+: 0x7fcaf193d205 0x7fcaf193d20b
+B+: 0x7fcaf193d20c 0x7fcaf193d21d
+B+: 0x7fcaf193d21e 0x7fcaf193d226
+B+: 0x7fcaf193d227 0x7fcaf193d230
+B+: 0x7fcaf193d231 0x7fcaf193d232
+B+: 0x7fcaf193d240 0x7fcaf193d248
+B+: 0x7fcaf193d260 0x7fcaf193d260
+B+: 0x7fcaf193d520 0x7fcaf193d534
+B+: 0x7fcaf193d572 0x7fcaf193d578
+B+: 0x7fcaf193d580 0x7fcaf193d583
+B+: 0x7fcaf193d610 0x7fcaf193d656
+B+: 0x7fcaf193d65b 0x7fcaf193d686
+B+: 0x7fcaf193d687 0x7fcaf193d69d
+B+: 0x7fcaf193d6fc 0x7fcaf193d708
+B+: 0x7fcaf193d709 0x7fcaf193d711
+B+: 0x7fcaf193d712 0x7fcaf193d72a
+B+: 0x7fcaf193d72b 0x7fcaf193d73c
+B+: 0x7fcaf193d740 0x7fcaf193d747
+B+: 0x7fcaf193d748 0x7fcaf193d75f
+B+: 0x7fcaf193d760 0x7fcaf193d766
+B+: 0x7fcaf193d767 0x7fcaf193d780
+B+: 0x7fcaf193d790 0x7fcaf193d793
+B+: 0x7fcaf193d794 0x7fcaf193d798
+B+: 0x7fcaf193d7a2 0x7fcaf193d7aa
+B+: 0x7fcaf193d7ab 0x7fcaf193d7ae
+B+: 0x7fcaf193d7af 0x7fcaf193d7bd
+B+: 0x7fcaf193d7cb 0x7fcaf193d7d3
+B+: 0x7fcaf193d825 0x7fcaf193d841
+B+: 0x7fcaf193d842 0x7fcaf193d84d
+B+: 0x7fcaf193d87e 0x7fcaf193d88e
+B+: 0x7fcaf193d88f 0x7fcaf193d8a0
+B+: 0x7fcaf193d8a1 0x7fcaf193d8ad
+B+: 0x7fcaf193dc10 0x7fcaf193dc30
+B+: 0x7fcaf193dc31 0x7fcaf193dc58
+B+: 0x7fcaf193dc5e 0x7fcaf193dc66
+B+: 0x7fcaf193dc67 0x7fcaf193dc6f
+B+: 0x7fcaf193dc78 0x7fcaf193dc87
+B+: 0x7fcaf193dc88 0x7fcaf193dc89
+B+: 0x7fcaf193dca0 0x7fcaf193dcaf
+B+: 0x7fcaf193dcba 0x7fcaf193dcc4
+B+: 0x7fcaf193dce0 0x7fcaf193dce8
+B+: 0x7fcaf193e360 0x7fcaf193e36b
+B+: 0x7fcaf193e480 0x7fcaf193e480
+B+: 0x7fcaf193e9c0 0x7fcaf193e9db
+B+: 0x7fcaf193ea16 0x7fcaf193ea32
+B+: 0x7fcaf193ea33 0x7fcaf193ea52
+B+: 0x7fcaf193ea63 0x7fcaf193ea6a
+B+: 0x7fcaf193ea90 0x7fcaf193eaa6
+B+: 0x7fcaf193eaa7 0x7fcaf193eaae
+B+: 0x7fcaf193eaaf 0x7fcaf193eab6
+B+: 0x7fcaf193eaf6 0x7fcaf193eb01
+B+: 0x7fcaf193eb0c 0x7fcaf193eb34
+B+: 0x7fcaf193eb40 0x7fcaf193eb57
+B+: 0x7fcaf193eb58 0x7fcaf193eb5f
+B+: 0x7fcaf193eb60 0x7fcaf193eb67
+B+: 0x7fcaf193eb68 0x7fcaf193eb70
+B+: 0x7fcaf193eb71 0x7fcaf193eb7a
+B+: 0x7fcaf193eb7b 0x7fcaf193eb80
+B+: 0x7fcaf193eb97 0x7fcaf193eb9c
+B+: 0x7fcaf193ec0a 0x7fcaf193ec3d
+B+: 0x7fcaf193ec47 0x7fcaf193ec53
+B+: 0x7fcaf193eed0 0x7fcaf193eede
+B+: 0x7fcaf193eedf 0x7fcaf193eee7
+B+: 0x7fcaf193eee8 0x7fcaf193eefc
+B+: 0x7fcaf193eefd 0x7fcaf193ef02
+B+: 0x7fcaf193ef03 0x7fcaf193ef1b
+B+: 0x7fcaf193ef1c 0x7fcaf193ef21
+B+: 0x7fcaf193ef22 0x7fcaf193ef2b
+B+: 0x7fcaf193efc0 0x7fcaf193efc7
+B+: 0x7fcaf193efc8 0x7fcaf193efd0
+B+: 0x7fcaf193f760 0x7fcaf193f768
+B+: 0x7fcaf193f769 0x7fcaf193f76d
+B+: 0x7fcaf193f76e 0x7fcaf193f772
+B+: 0x7fcaf193f780 0x7fcaf193f788
+B+: 0x7fcaf193f789 0x7fcaf193f78d
+B+: 0x7fcaf193f78e 0x7fcaf193f792
+B+: 0x7fcaf193f7c0 0x7fcaf193f7d9
+B+: 0x7fcaf193f7da 0x7fcaf193f7e6
+B+: 0x7fcaf193f7f7 0x7fcaf193f802
+B+: 0x7fcaf193f803 0x7fcaf193f80b
+B+: 0x7fcaf193f80c 0x7fcaf193f841
+B+: 0x7fcaf193f842 0x7fcaf193f84b
+B+: 0x7fcaf193f84c 0x7fcaf193f852
+B+: 0x7fcaf193f853 0x7fcaf193f875
+B+: 0x7fcaf193f880 0x7fcaf193f88e
+B+: 0x7fcaf193f8b0 0x7fcaf193f8c8
+B+: 0x7fcaf193f900 0x7fcaf193f941
+B+: 0x7fcaf193f950 0x7fcaf193f966
+B+: 0x7fcaf193f967 0x7fcaf193f97e
+B+: 0x7fcaf193f97f 0x7fcaf193f98a
+B+: 0x7fcaf193f98b 0x7fcaf193f9b3
+B+: 0x7fcaf193f9b4 0x7fcaf193f9bd
+B+: 0x7fcaf193f9be 0x7fcaf193f9bf
+B+: 0x7fcaf193f9d0 0x7fcaf193f9e8
+B+: 0x7fcaf193f9e9 0x7fcaf193fa14
+B+: 0x7fcaf193fa1e 0x7fcaf193fa25
+B+: 0x7fcaf193fa26 0x7fcaf193fa33
+B+: 0x7fcaf193fa34 0x7fcaf193fa46
+B+: 0x7fcaf193fae0 0x7fcaf193fafe
+B+: 0x7fcaf193faff 0x7fcaf193fb0c
+B+: 0x7fcaf193fb0d 0x7fcaf193fb1b
+B+: 0x7fcaf193fb1c 0x7fcaf193fb2c
+B+: 0x7fcaf193fb40 0x7fcaf193fb62
+B+: 0x7fcaf193fb98 0x7fcaf193fba9
+B+: 0x7fcaf19406d0 0x7fcaf19406f4
+B+: 0x7fcaf19406f5 0x7fcaf194070d
+B+: 0x7fcaf194070e 0x7fcaf1940712
+B+: 0x7fcaf1940713 0x7fcaf194071e
+B+: 0x7fcaf194071f 0x7fcaf1940723
+B+: 0x7fcaf1940724 0x7fcaf1940728
+B+: 0x7fcaf1940729 0x7fcaf1940730
+B+: 0x7fcaf194073c 0x7fcaf1940749
+B+: 0x7fcaf194074a 0x7fcaf194074d
+B+: 0x7fcaf194074e 0x7fcaf1940760
+B+: 0x7fcaf1940761 0x7fcaf194076b
+B+: 0x7fcaf1940790 0x7fcaf194079d
+B+: 0x7fcaf194079e 0x7fcaf19407a5
+B+: 0x7fcaf19407a6 0x7fcaf19407a7
+B+: 0x7fcaf1940890 0x7fcaf194089d
+B+: 0x7fcaf194089e 0x7fcaf19408a9
+B+: 0x7fcaf19408aa 0x7fcaf19408bd
+B+: 0x7fcaf19408c0 0x7fcaf19408ca
+B+: 0x7fcaf19408d0 0x7fcaf19408ef
+B+: 0x7fcaf19408f0 0x7fcaf19408f4
+B+: 0x7fcaf19408f5 0x7fcaf194090c
+B+: 0x7fcaf194090d 0x7fcaf1940910
+B+: 0x7fcaf1940911 0x7fcaf1940912
+B+: 0x7fcaf1940913 0x7fcaf194091b
+B+: 0x7fcaf194091c 0x7fcaf1940930
+B+: 0x7fcaf1940938 0x7fcaf194093c
+B+: 0x7fcaf1940980 0x7fcaf194098f
+B+: 0x7fcaf1940990 0x7fcaf194099b
+B+: 0x7fcaf194099c 0x7fcaf19409ab
+B+: 0x7fcaf1940a80 0x7fcaf1940a93
+B+: 0x7fcaf1940a94 0x7fcaf1940aac
+B+: 0x7fcaf1940aad 0x7fcaf1940abf
+B+: 0x7fcaf1940ac0 0x7fcaf1940ada
+B+: 0x7fcaf1940adb 0x7fcaf1940ae3
+B+: 0x7fcaf1940aec 0x7fcaf1940af8
+B+: 0x7fcaf1940af9 0x7fcaf1940b02
+B+: 0x7fcaf1940b03 0x7fcaf1940b06
+B+: 0x7fcaf1940b07 0x7fcaf1940b1a
+B+: 0x7fcaf1940c49 0x7fcaf1940c55
+B+: 0x7fcaf1940c56 0x7fcaf1940c67
+B+: 0x7fcaf1940c82 0x7fcaf1940c93
+B+: 0x7fcaf1940d77 0x7fcaf1940d82
+B+: 0x7fcaf1940da0 0x7fcaf1940db2
+B+: 0x7fcaf1940db3 0x7fcaf1940ddf
+B+: 0x7fcaf1940de0 0x7fcaf1940deb
+B+: 0x7fcaf1940dec 0x7fcaf1940dfc
+B+: 0x7fcaf1940dfd 0x7fcaf1940e18
+B+: 0x7fcaf1940e19 0x7fcaf1940e25
+B+: 0x7fcaf1940e26 0x7fcaf1940e2e
+B+: 0x7fcaf1940e2f 0x7fcaf1940e3f
+B+: 0x7fcaf1940e40 0x7fcaf1940e44
+B+: 0x7fcaf1940e45 0x7fcaf1940e50
+B+: 0x7fcaf1940e51 0x7fcaf1940e5d
+B+: 0x7fcaf1940e5e 0x7fcaf1940e77
+B+: 0x7fcaf1940ece 0x7fcaf1940ed2
+B+: 0x7fcaf1940ed3 0x7fcaf1940ede
+B+: 0x7fcaf1940ee0 0x7fcaf1940eec
+B+: 0x7fcaf1940f60 0x7fcaf1940f7c
+B+: 0x7fcaf1941120 0x7fcaf1941128
+B+: 0x7fcaf1941129 0x7fcaf1941147
+B+: 0x7fcaf1941750 0x7fcaf194175e
+B+: 0x7fcaf194175f 0x7fcaf1941763
+B+: 0x7fcaf1941764 0x7fcaf1941770
+B+: 0x7fcaf1941771 0x7fcaf1941777
+B+: 0x7fcaf1941778 0x7fcaf1941783
+B+: 0x7fcaf1941784 0x7fcaf1941788
+B+: 0x7fcaf1941789 0x7fcaf194178d
+B+: 0x7fcaf194178e 0x7fcaf1941796
+B+: 0x7fcaf1941797 0x7fcaf194179e
+B+: 0x7fcaf1941890 0x7fcaf1941892
+B+: 0x7fcaf19418a7 0x7fcaf19418ab
+B+: 0x7fcaf19418ac 0x7fcaf19418b2
+B+: 0x7fcaf19418b3 0x7fcaf19418b6
+B+: 0x7fcaf19418d0 0x7fcaf19418e1
+B+: 0x7fcaf19418e2 0x7fcaf19418e6
+B+: 0x7fcaf19418e7 0x7fcaf19418eb
+B+: 0x7fcaf19418ec 0x7fcaf19418f1
+B+: 0x7fcaf19418f2 0x7fcaf19418fa
+B+: 0x7fcaf19418fb 0x7fcaf19418fc
+B+: 0x7fcaf1941940 0x7fcaf1941948
+B+: 0x7fcaf1941949 0x7fcaf1941951
+B+: 0x7fcaf1941980 0x7fcaf1941988
+B+: 0x7fcaf1941989 0x7fcaf194198a
+B+: 0x7fcaf194198b 0x7fcaf1941991
+B+: 0x7fcaf1941992 0x7fcaf19419a2
+B+: 0x7fcaf19419a8 0x7fcaf19419ac
+B+: 0x7fcaf19419eb 0x7fcaf1941a00
+B+: 0x7fcaf1941a08 0x7fcaf1941a10
+B+: 0x7fcaf1941af0 0x7fcaf1941b11
+B+: 0x7fcaf1941b12 0x7fcaf1941b16
+B+: 0x7fcaf1941b17 0x7fcaf1941b1d
+B+: 0x7fcaf1941b1e 0x7fcaf1941b26
+B+: 0x7fcaf1941b27 0x7fcaf1941b34
+B+: 0x7fcaf1941b35 0x7fcaf1941b3c
+B+: 0x7fcaf1941b3d 0x7fcaf1941b49
+B+: 0x7fcaf1941b4a 0x7fcaf1941b5a
+B+: 0x7fcaf1941b5b 0x7fcaf1941b63
+B+: 0x7fcaf1941b7f 0x7fcaf1941b93
+B+: 0x7fcaf1941b94 0x7fcaf1941b9c
+B+: 0x7fcaf1941be0 0x7fcaf1941bf7
+B+: 0x7fcaf1941bf8 0x7fcaf1941c00
+B+: 0x7fcaf1941c1b 0x7fcaf1941c2b
+B+: 0x7fcaf1941d40 0x7fcaf1941d5e
+B+: 0x7fcaf1941d5f 0x7fcaf1941d6d
+B+: 0x7fcaf1941d6e 0x7fcaf1941d72
+B+: 0x7fcaf1941d7d 0x7fcaf1941d90
+B+: 0x7fcaf1941d91 0x7fcaf1941d95
+B+: 0x7fcaf1941d96 0x7fcaf1941d9a
+B+: 0x7fcaf1941da0 0x7fcaf1941da4
+B+: 0x7fcaf1941dd5 0x7fcaf1941dd9
+B+: 0x7fcaf1941dda 0x7fcaf1941dde
+B+: 0x7fcaf1941df0 0x7fcaf1941dfb
+B+: 0x7fcaf1941dfc 0x7fcaf1941e07
+B+: 0x7fcaf1941e08 0x7fcaf1941e10
+B+: 0x7fcaf1941e2c 0x7fcaf1941e30
+B+: 0x7fcaf1941e31 0x7fcaf1941e36
+B+: 0x7fcaf1941e41 0x7fcaf1941e45
+B+: 0x7fcaf1941e46 0x7fcaf1941e54
+B+: 0x7fcaf1941e55 0x7fcaf1941e5d
+B+: 0x7fcaf1941e5e 0x7fcaf1941e62
+B+: 0x7fcaf1941e63 0x7fcaf1941e74
+B+: 0x7fcaf1941e78 0x7fcaf1941e84
+B+: 0x7fcaf1941ea0 0x7fcaf1941ea4
+B+: 0x7fcaf1941ef0 0x7fcaf1941f03
+B+: 0x7fcaf1941f40 0x7fcaf1941f76
+B+: 0x7fcaf1941f77 0x7fcaf1941f82
+B+: 0x7fcaf1941f83 0x7fcaf1941f92
+B+: 0x7fcaf194201b 0x7fcaf1942031
+B+: 0x7fcaf1942032 0x7fcaf1942040
+B+: 0x7fcaf1942075 0x7fcaf19420b8
+B+: 0x7fcaf19420b9 0x7fcaf19420c3
+B+: 0x7fcaf19420c4 0x7fcaf19420cc
+B+: 0x7fcaf19420cd 0x7fcaf19420d5
+B+: 0x7fcaf19420d6 0x7fcaf19420de
+B+: 0x7fcaf19420df 0x7fcaf1942106
+B+: 0x7fcaf1942107 0x7fcaf1942133
+B+: 0x7fcaf1942578 0x7fcaf1942581
+B+: 0x7fcaf1942582 0x7fcaf19425a8
+B+: 0x7fcaf19425a9 0x7fcaf19425b6
+B+: 0x7fcaf19425d0 0x7fcaf19425e0
+B+: 0x7fcaf19425e1 0x7fcaf19425ee
+B+: 0x7fcaf19425ef 0x7fcaf19425f3
+B+: 0x7fcaf1942670 0x7fcaf194267e
+B+: 0x7fcaf194267f 0x7fcaf1942683
+B+: 0x7fcaf1942684 0x7fcaf1942692
+B+: 0x7fcaf1942693 0x7fcaf194269a
+B+: 0x7fcaf194269b 0x7fcaf19426a2
+B+: 0x7fcaf19426a3 0x7fcaf19426b7
+B+: 0x7fcaf1942790 0x7fcaf19427bc
+B+: 0x7fcaf19427bd 0x7fcaf19427d4
+B+: 0x7fcaf19427e0 0x7fcaf194283a
+B+: 0x7fcaf194283b 0x7fcaf1942875
+B+: 0x7fcaf1942876 0x7fcaf1942893
+B+: 0x7fcaf1942894 0x7fcaf19428a3
+B+: 0x7fcaf19428a4 0x7fcaf19428b0
+B+: 0x7fcaf19429b4 0x7fcaf19429b8
+B+: 0x7fcaf19429b9 0x7fcaf19429cf
+B+: 0x7fcaf19429d0 0x7fcaf19429dc
+B+: 0x7fcaf19429dd 0x7fcaf19429ef
+B+: 0x7fcaf19429f0 0x7fcaf19429f7
+B+: 0x7fcaf1942a01 0x7fcaf1942a16
+B+: 0x7fcaf1942a28 0x7fcaf1942a3d
+B+: 0x7fcaf1942a3e 0x7fcaf1942a4d
+B+: 0x7fcaf1942a79 0x7fcaf1942a97
+B+: 0x7fcaf1942a98 0x7fcaf1942ac0
+B+: 0x7fcaf1942ac1 0x7fcaf1942acf
+B+: 0x7fcaf1943148 0x7fcaf1943154
+B+: 0x7fcaf1943155 0x7fcaf1943174
+B+: 0x7fcaf1943175 0x7fcaf194317f
+B+: 0x7fcaf19431ac 0x7fcaf19431b0
+B+: 0x7fcaf19431b1 0x7fcaf19431b5
+B+: 0x7fcaf1943a40 0x7fcaf1943a64
+B+: 0x7fcaf1943b10 0x7fcaf1943b1a
+B+: 0x7fcaf1943b40 0x7fcaf1943b47
+B+: 0x7fcaf1943b48 0x7fcaf1943b51
+B+: 0x7fcaf1943b58 0x7fcaf1943b60
+B+: 0x7fcaf1943b61 0x7fcaf1943b6a
+B+: 0x7fcaf1943b88 0x7fcaf1943b8c
+B+: 0x7fcaf1943b8d 0x7fcaf1943b94
+B+: 0x7fcaf1943ba0 0x7fcaf1943ba4
+B+: 0x7fcaf1943d00 0x7fcaf1943d30
+B+: 0x7fcaf1943e3f 0x7fcaf1943e55
+B+: 0x7fcaf1943e56 0x7fcaf1943e67
+B+: 0x7fcaf19441e0 0x7fcaf1944222
+B+: 0x7fcaf1944223 0x7fcaf1944228
+B+: 0x7fcaf194424c 0x7fcaf1944260
+B+: 0x7fcaf1944261 0x7fcaf1944269
+B+: 0x7fcaf1944270 0x7fcaf1944279
+B+: 0x7fcaf1944288 0x7fcaf19442a0
+B+: 0x7fcaf19442a1 0x7fcaf19442ba
+B+: 0x7fcaf19442bb 0x7fcaf19442bc
+B+: 0x7fcaf19442d0 0x7fcaf19442d8
+B+: 0x7fcaf19442f8 0x7fcaf19442f8
+B+: 0x7fcaf1944300 0x7fcaf194430c
+B+: 0x7fcaf194433f 0x7fcaf1944343
+B+: 0x7fcaf1944380 0x7fcaf1944384
+B+: 0x7fcaf19443d0 0x7fcaf19443e3
+B+: 0x7fcaf1944400 0x7fcaf1944400
+B+: 0x7fcaf1944420 0x7fcaf194445b
+B+: 0x7fcaf1944467 0x7fcaf1944471
+B+: 0x7fcaf1944472 0x7fcaf1944489
+B+: 0x7fcaf194448a 0x7fcaf194448d
+B+: 0x7fcaf194448e 0x7fcaf1944494
+B+: 0x7fcaf1944495 0x7fcaf194449d
+B+: 0x7fcaf194449e 0x7fcaf19444a9
+B+: 0x7fcaf19444aa 0x7fcaf19444c2
+B+: 0x7fcaf19444c3 0x7fcaf19444ce
+B+: 0x7fcaf19444cf 0x7fcaf19444e5
+B+: 0x7fcaf19444e6 0x7fcaf19444f5
+B+: 0x7fcaf1944500 0x7fcaf194450e
+B+: 0x7fcaf194450f 0x7fcaf1944513
+B+: 0x7fcaf1944514 0x7fcaf194451e
+B+: 0x7fcaf1944540 0x7fcaf1944549
+B+: 0x7fcaf194454a 0x7fcaf194454e
+B+: 0x7fcaf194454f 0x7fcaf1944560
+B+: 0x7fcaf1944568 0x7fcaf1944577
+B+: 0x7fcaf1944580 0x7fcaf1944589
+B+: 0x7fcaf19445a8 0x7fcaf19445bb
+B+: 0x7fcaf19445c0 0x7fcaf19445ce
+B+: 0x7fcaf19445cf 0x7fcaf19445dc
+B+: 0x7fcaf19446f0 0x7fcaf19446fd
+B+: 0x7fcaf19447a0 0x7fcaf19447a0
+B+: 0x7fcaf19447b0 0x7fcaf19447ba
+B+: 0x7fcaf19447bb 0x7fcaf19447ce
+B+: 0x7fcaf19447cf 0x7fcaf19447d8
+B+: 0x7fcaf19447d9 0x7fcaf19447e6
+B+: 0x7fcaf1944800 0x7fcaf194482d
+B+: 0x7fcaf194482e 0x7fcaf1944831
+B+: 0x7fcaf1944832 0x7fcaf1944847
+B+: 0x7fcaf1944864 0x7fcaf194486b
+B+: 0x7fcaf194486c 0x7fcaf194486f
+B+: 0x7fcaf1944870 0x7fcaf1944876
+B+: 0x7fcaf1944877 0x7fcaf194487b
+B+: 0x7fcaf194487c 0x7fcaf1944886
+B+: 0x7fcaf1944ae0 0x7fcaf1944b01
+B+: 0x7fcaf1944b02 0x7fcaf1944b0a
+B+: 0x7fcaf1944b0b 0x7fcaf1944b14
+B+: 0x7fcaf1944b15 0x7fcaf1944b19
+B+: 0x7fcaf1944c00 0x7fcaf1944c19
+B+: 0x7fcaf1944c51 0x7fcaf1944c8e
+B+: 0x7fcaf1944c8f 0x7fcaf1944c9e
+B+: 0x7fcaf1944c9f 0x7fcaf1944ca6
+B+: 0x7fcaf1944df0 0x7fcaf1944dfb
+B+: 0x7fcaf1944e20 0x7fcaf1944e20
+B+: 0x7fcaf1944e30 0x7fcaf1944e38
+B+: 0x7fcaf1946940 0x7fcaf194694b
+B+: 0x7fcaf194694c 0x7fcaf1946957
+B+: 0x7fcaf1946958 0x7fcaf1946964
+B+: 0x7fcaf1946965 0x7fcaf1946969
+B+: 0x7fcaf194696a 0x7fcaf194696f
+B+: 0x7fcaf1946970 0x7fcaf1946976
+B+: 0x7fcaf1946980 0x7fcaf1946987
+B+: 0x7fcaf1946988 0x7fcaf194698c
+B+: 0x7fcaf194698d 0x7fcaf194699b
+B+: 0x7fcaf194699c 0x7fcaf19469a0
+B+: 0x7fcaf19469a1 0x7fcaf19469a8
+B+: 0x7fcaf19469a9 0x7fcaf19469ad
+B+: 0x7fcaf19469ae 0x7fcaf19469b8
+B+: 0x7fcaf19469b9 0x7fcaf19469b9
+B+: 0x7fcaf19469c0 0x7fcaf19469c5
+B+: 0x7fcaf19469c6 0x7fcaf19469c9
+B+: 0x7fcaf19469d0 0x7fcaf19469d0
+B+: 0x7fcaf19469d1 0x7fcaf19469d5
+B+: 0x7fcaf19469d6 0x7fcaf19469d9
+B+: 0x7fcaf19469e0 0x7fcaf19469ff
+B+: 0x7fcaf1946a00 0x7fcaf1946a11
+B+: 0x7fcaf1946a12 0x7fcaf1946a16
+B+: 0x7fcaf1946a20 0x7fcaf1946a22
+B+: 0x7fcaf1946a23 0x7fcaf1946a2f
+B+: 0x7fcaf1946a30 0x7fcaf1946a33
+B+: 0x7fcaf1946a34 0x7fcaf1946a5d
+B+: 0x7fcaf1946a5e 0x7fcaf1946a62
+B+: 0x7fcaf1946a63 0x7fcaf1946a82
+B+: 0x7fcaf1946ac0 0x7fcaf1946ade
+B+: 0x7fcaf1946adf 0x7fcaf1946ae3
+B+: 0x7fcaf1946ae4 0x7fcaf1946ae8
+B+: 0x7fcaf1946af0 0x7fcaf1946af2
+B+: 0x7fcaf1946af3 0x7fcaf1946aff
+B+: 0x7fcaf1946b00 0x7fcaf1946b03
+B+: 0x7fcaf1946b04 0x7fcaf1946b3e
+B+: 0x7fcaf1946b3f 0x7fcaf1946b49
+B+: 0x7fcaf1946b4a 0x7fcaf1946b57
+B+: 0x7fcaf1946b58 0x7fcaf1946b5d
+B+: 0x7fcaf1946b5e 0x7fcaf1946b66
+B+: 0x7fcaf1946b67 0x7fcaf1946b70
+B+: 0x7fcaf1946b71 0x7fcaf1946b7a
+B+: 0x7fcaf1946b7b 0x7fcaf1946b9a
+B+: 0x7fcaf1946b9b 0x7fcaf1946ba3
+B+: 0x7fcaf1946ba4 0x7fcaf1946bbd
+B+: 0x7fcaf1946bc0 0x7fcaf1946bc5
+B+: 0x7fcaf1946bc6 0x7fcaf1946bcf
+B+: 0x7fcaf1946bd0 0x7fcaf1946bd9
+B+: 0x7fcaf1946bda 0x7fcaf1946bf7
+B+: 0x7fcaf1946c08 0x7fcaf1946c14
+B+: 0x7fcaf1946c15 0x7fcaf1946c1b
+B+: 0x7fcaf1946c1c 0x7fcaf1946c29
+B+: 0x7fcaf1946cb0 0x7fcaf1946cca
+B+: 0x7fcaf1946ccb 0x7fcaf1946cda
+B+: 0x7fcaf1946cdb 0x7fcaf1946ce6
+B+: 0x7fcaf1946ce7 0x7fcaf1946cef
+B+: 0x7fcaf1946cf0 0x7fcaf1946cf4
+B+: 0x7fcaf1946cf5 0x7fcaf1946cfc
+B+: 0x7fcaf1946cfd 0x7fcaf1946d10
+B+: 0x7fcaf1946d11 0x7fcaf1946d21
+B+: 0x7fcaf1946d22 0x7fcaf1946d26
+B+: 0x7fcaf1946d27 0x7fcaf1946d38
+B+: 0x7fcaf1946d39 0x7fcaf1946d4b
+B+: 0x7fcaf1946d4c 0x7fcaf1946d54
+B+: 0x7fcaf1946d55 0x7fcaf1946d5e
+B+: 0x7fcaf1946d5f 0x7fcaf1946d6d
+B+: 0x7fcaf1946ea0 0x7fcaf1946eb6
+B+: 0x7fcaf1946eb7 0x7fcaf1946ebb
+B+: 0x7fcaf1946ebc 0x7fcaf1946ec0
+B+: 0x7fcaf1946ec8 0x7fcaf1946ecb
+B+: 0x7fcaf1946ecc 0x7fcaf1946ed9
+B+: 0x7fcaf1946eda 0x7fcaf1946edd
+B+: 0x7fcaf1946ede 0x7fcaf1946f06
+B+: 0x7fcaf1946f07 0x7fcaf1946f10
+B+: 0x7fcaf1946f11 0x7fcaf1946f16
+B+: 0x7fcaf1946f17 0x7fcaf1946f24
+B+: 0x7fcaf1946f25 0x7fcaf1946f2d
+B+: 0x7fcaf1947440 0x7fcaf194746b
+B+: 0x7fcaf194746c 0x7fcaf1947470
+B+: 0x7fcaf1947471 0x7fcaf1947475
+B+: 0x7fcaf1947536 0x7fcaf194753e
+B+: 0x7fcaf194753f 0x7fcaf1947548
+B+: 0x7fcaf1947549 0x7fcaf1947551
+B+: 0x7fcaf19475d0 0x7fcaf19475e4
+B+: 0x7fcaf19475e5 0x7fcaf1947606
+B+: 0x7fcaf1947607 0x7fcaf1947610
+B+: 0x7fcaf1947611 0x7fcaf1947618
+B+: 0x7fcaf1947640 0x7fcaf1947648
+B+: 0x7fcaf1947649 0x7fcaf1947656
+B+: 0x7fcaf1947657 0x7fcaf194765f
+B+: 0x7fcaf1947660 0x7fcaf1947661
+B+: 0x7fcaf1947760 0x7fcaf19477aa
+B+: 0x7fcaf19477ab 0x7fcaf19477af
+B+: 0x7fcaf19477b0 0x7fcaf19477be
+B+: 0x7fcaf19477c8 0x7fcaf19477d3
+B+: 0x7fcaf19477d4 0x7fcaf19477d8
+B+: 0x7fcaf19477d9 0x7fcaf19477e0
+B+: 0x7fcaf19477e1 0x7fcaf19477e5
+B+: 0x7fcaf19477e6 0x7fcaf19477f3
+B+: 0x7fcaf19477f4 0x7fcaf19477fb
+B+: 0x7fcaf1947800 0x7fcaf1947810
+B+: 0x7fcaf1947811 0x7fcaf1947815
+B+: 0x7fcaf1947816 0x7fcaf1947832
+B+: 0x7fcaf1947833 0x7fcaf1947843
+B+: 0x7fcaf1947844 0x7fcaf194784f
+B+: 0x7fcaf1947850 0x7fcaf1947857
+B+: 0x7fcaf1947858 0x7fcaf194785c
+B+: 0x7fcaf194785d 0x7fcaf1947868
+B+: 0x7fcaf1947869 0x7fcaf194787b
+B+: 0x7fcaf194787c 0x7fcaf1947884
+B+: 0x7fcaf1947888 0x7fcaf1947897
+B+: 0x7fcaf1947898 0x7fcaf194789b
+B+: 0x7fcaf194789c 0x7fcaf19478b4
+B+: 0x7fcaf19478b5 0x7fcaf19478b8
+B+: 0x7fcaf19478b9 0x7fcaf19478c6
+B+: 0x7fcaf19478c7 0x7fcaf19478d5
+B+: 0x7fcaf1947dc0 0x7fcaf1947dec
+B+: 0x7fcaf1947ded 0x7fcaf1947df2
+B+: 0x7fcaf1947df3 0x7fcaf1947e04
+B+: 0x7fcaf1947e05 0x7fcaf1947e0d
+B+: 0x7fcaf1947e0e 0x7fcaf1947e1c
+CND+ 0x7fcaf193600e: taken
+CND+ 0x7fcaf19365ea: not taken
+CND+ 0x7fcaf1936626: not taken
+CND+ 0x7fcaf193663b: taken
+CND+ 0x7fcaf1936673: not taken
+CND+ 0x7fcaf1936687: not taken
+CND+ 0x7fcaf1936695: not taken
+CND+ 0x7fcaf19367e2: taken
+CND+ 0x7fcaf1936862: not taken
+CND+ 0x7fcaf193687c: both
+CND+ 0x7fcaf19368a9: not taken
+CND+ 0x7fcaf1936a5d: not taken
+CND+ 0x7fcaf1936a62: taken
+CND+ 0x7fcaf19376e6: not taken
+CND+ 0x7fcaf1937704: taken
+CND+ 0x7fcaf193771a: not taken
+CND+ 0x7fcaf193771f: taken
+CND+ 0x7fcaf193772f: taken
+CND+ 0x7fcaf193774c: not taken
+CND+ 0x7fcaf1937756: not taken
+CND+ 0x7fcaf193778f: not taken
+CND+ 0x7fcaf193779b: taken
+CND+ 0x7fcaf1938079: taken
+CND+ 0x7fcaf193811b: not taken
+CND+ 0x7fcaf1938149: not taken
+CND+ 0x7fcaf1938158: not taken
+CND+ 0x7fcaf1938190: not taken
+CND+ 0x7fcaf19381ce: taken
+CND+ 0x7fcaf1938c20: not taken
+CND+ 0x7fcaf1938c2d: taken
+CND+ 0x7fcaf1938c48: not taken
+CND+ 0x7fcaf1938c5f: both
+CND+ 0x7fcaf1938c88: not taken
+CND+ 0x7fcaf1938ed2: taken
+CND+ 0x7fcaf1938f55: not taken
+CND+ 0x7fcaf1938f7e: not taken
+CND+ 0x7fcaf1938f8a: not taken
+CND+ 0x7fcaf1938f93: both
+CND+ 0x7fcaf1938fc4: not taken
+CND+ 0x7fcaf1938fe2: both
+CND+ 0x7fcaf1938ffb: taken
+CND+ 0x7fcaf193905a: taken
+CND+ 0x7fcaf19390af: not taken
+CND+ 0x7fcaf19390b8: taken
+CND+ 0x7fcaf19390e0: taken
+CND+ 0x7fcaf1939116: not taken
+CND+ 0x7fcaf193915a: not taken
+CND+ 0x7fcaf1939163: taken
+CND+ 0x7fcaf193921b: taken
+CND+ 0x7fcaf193924a: taken
+CND+ 0x7fcaf193927c: not taken
+CND+ 0x7fcaf193936a: taken
+CND+ 0x7fcaf1939520: not taken
+CND+ 0x7fcaf1939529: not taken
+CND+ 0x7fcaf1939532: taken
+CND+ 0x7fcaf19398eb: not taken
+CND+ 0x7fcaf1939906: both
+CND+ 0x7fcaf193993d: not taken
+CND+ 0x7fcaf1939985: both
+CND+ 0x7fcaf19399f6: taken
+CND+ 0x7fcaf1939a20: both
+CND+ 0x7fcaf1939a29: not taken
+CND+ 0x7fcaf1939a33: not taken
+CND+ 0x7fcaf1939ae4: not taken
+CND+ 0x7fcaf1939afb: taken
+CND+ 0x7fcaf1939b2a: both
+CND+ 0x7fcaf1939b30: both
+CND+ 0x7fcaf1939b40: taken
+CND+ 0x7fcaf1939b60: not taken
+CND+ 0x7fcaf1939b96: not taken
+CND+ 0x7fcaf1939be5: taken
+CND+ 0x7fcaf1939da0: not taken
+CND+ 0x7fcaf1939da9: not taken
+CND+ 0x7fcaf1939dc8: both
+CND+ 0x7fcaf1939dd0: both
+CND+ 0x7fcaf1939e2e: taken
+CND+ 0x7fcaf1939e57: not taken
+CND+ 0x7fcaf1939eac: taken
+CND+ 0x7fcaf1939ed8: taken
+CND+ 0x7fcaf1939fa3: not taken
+CND+ 0x7fcaf1939fc0: taken
+CND+ 0x7fcaf193a019: not taken
+CND+ 0x7fcaf193a065: not taken
+CND+ 0x7fcaf193a06f: not taken
+CND+ 0x7fcaf193a089: both
+CND+ 0x7fcaf193a09d: not taken
+CND+ 0x7fcaf193a0ab: taken
+CND+ 0x7fcaf193a14c: not taken
+CND+ 0x7fcaf193a156: taken
+CND+ 0x7fcaf193a1cc: taken
+CND+ 0x7fcaf193a1ee: taken
+CND+ 0x7fcaf193a811: both
+CND+ 0x7fcaf193a81b: not taken
+CND+ 0x7fcaf193a81f: not taken
+CND+ 0x7fcaf193a839: taken
+CND+ 0x7fcaf193a859: taken
+CND+ 0x7fcaf193a861: taken
+CND+ 0x7fcaf193b45f: taken
+CND+ 0x7fcaf193b626: not taken
+CND+ 0x7fcaf193b6ca: taken
+CND+ 0x7fcaf193b762: taken
+CND+ 0x7fcaf193c2a4: taken
+CND+ 0x7fcaf193c2bd: not taken
+CND+ 0x7fcaf193c2cd: not taken
+CND+ 0x7fcaf193c30f: taken
+CND+ 0x7fcaf193c327: taken
+CND+ 0x7fcaf193c33a: not taken
+CND+ 0x7fcaf193c343: taken
+CND+ 0x7fcaf193c381: not taken
+CND+ 0x7fcaf193c3d6: taken
+CND+ 0x7fcaf193c3e7: taken
+CND+ 0x7fcaf193c895: not taken
+CND+ 0x7fcaf193c8a8: not taken
+CND+ 0x7fcaf193c8d2: not taken
+CND+ 0x7fcaf193c907: not taken
+CND+ 0x7fcaf193c942: taken
+CND+ 0x7fcaf193c953: not taken
+CND+ 0x7fcaf193c963: taken
+CND+ 0x7fcaf193ca7b: not taken
+CND+ 0x7fcaf193cdbc: both
+CND+ 0x7fcaf193cdc9: both
+CND+ 0x7fcaf193ce03: not taken
+CND+ 0x7fcaf193ce0d: not taken
+CND+ 0x7fcaf193ce18: taken
+CND+ 0x7fcaf193d1a1: not taken
+CND+ 0x7fcaf193d1ab: not taken
+CND+ 0x7fcaf193d1e4: taken
+CND+ 0x7fcaf193d1f2: taken
+CND+ 0x7fcaf193d20a: not taken
+CND+ 0x7fcaf193d225: not taken
+CND+ 0x7fcaf193d22f: not taken
+CND+ 0x7fcaf193d247: taken
+CND+ 0x7fcaf193d533: taken
+CND+ 0x7fcaf193d582: taken
+CND+ 0x7fcaf193d655: taken
+CND+ 0x7fcaf193d698: taken
+CND+ 0x7fcaf193d703: not taken
+CND+ 0x7fcaf193d70c: taken
+CND+ 0x7fcaf193d725: not taken
+CND+ 0x7fcaf193d742: not taken
+CND+ 0x7fcaf193d75a: not taken
+CND+ 0x7fcaf193d765: not taken
+CND+ 0x7fcaf193d792: not taken
+CND+ 0x7fcaf193d797: taken
+CND+ 0x7fcaf193d7a9: taken
+CND+ 0x7fcaf193d7ad: not taken
+CND+ 0x7fcaf193d7bc: taken
+CND+ 0x7fcaf193d7ce: taken
+CND+ 0x7fcaf193d848: taken
+CND+ 0x7fcaf193d889: not taken
+CND+ 0x7fcaf193d89b: not taken
+CND+ 0x7fcaf193d8a8: taken
+CND+ 0x7fcaf193dc2f: not taken
+CND+ 0x7fcaf193dc57: taken
+CND+ 0x7fcaf193dc65: not taken
+CND+ 0x7fcaf193dc6e: taken
+CND+ 0x7fcaf193dc86: not taken
+CND+ 0x7fcaf193dcae: taken
+CND+ 0x7fcaf193e366: taken
+CND+ 0x7fcaf193e9d6: taken
+CND+ 0x7fcaf193ea31: not taken
+CND+ 0x7fcaf193ea51: taken
+CND+ 0x7fcaf193eaad: not taken
+CND+ 0x7fcaf193eab5: taken
+CND+ 0x7fcaf193eb00: taken
+CND+ 0x7fcaf193eb5a: not taken
+CND+ 0x7fcaf193eb62: not taken
+CND+ 0x7fcaf193eb6b: not taken
+CND+ 0x7fcaf193eb75: not taken
+CND+ 0x7fcaf193eb7f: taken
+CND+ 0x7fcaf193eb9b: taken
+CND+ 0x7fcaf193ec3c: taken
+CND+ 0x7fcaf193eed9: not taken
+CND+ 0x7fcaf193eee6: not taken
+CND+ 0x7fcaf193ef01: not taken
+CND+ 0x7fcaf193ef1a: not taken
+CND+ 0x7fcaf193ef20: not taken
+CND+ 0x7fcaf193ef26: taken
+CND+ 0x7fcaf193f76c: not taken
+CND+ 0x7fcaf193f78c: not taken
+CND+ 0x7fcaf193f7d8: both
+CND+ 0x7fcaf193f7e1: taken
+CND+ 0x7fcaf193f806: not taken
+CND+ 0x7fcaf193f840: not taken
+CND+ 0x7fcaf193f84a: not taken
+CND+ 0x7fcaf193f965: both
+CND+ 0x7fcaf193f989: not taken
+CND+ 0x7fcaf193f9b2: not taken
+CND+ 0x7fcaf193f9bc: not taken
+CND+ 0x7fcaf193f9e3: not taken
+CND+ 0x7fcaf193fa13: taken
+CND+ 0x7fcaf193fafd: not taken
+CND+ 0x7fcaf193fb1a: not taken
+CND+ 0x7fcaf193fb61: taken
+CND+ 0x7fcaf1940711: not taken
+CND+ 0x7fcaf194071d: not taken
+CND+ 0x7fcaf1940722: not taken
+CND+ 0x7fcaf1940748: not taken
+CND+ 0x7fcaf194074c: not taken
+CND+ 0x7fcaf194075f: not taken
+CND+ 0x7fcaf19407a4: not taken
+CND+ 0x7fcaf19408f3: both
+CND+ 0x7fcaf194090f: both
+CND+ 0x7fcaf1940911: not taken
+CND+ 0x7fcaf194091a: taken
+CND+ 0x7fcaf1940a92: not taken
+CND+ 0x7fcaf1940aba: not taken
+CND+ 0x7fcaf1940ad5: both
+CND+ 0x7fcaf1940ade: taken
+CND+ 0x7fcaf1940af7: not taken
+CND+ 0x7fcaf1940b01: not taken
+CND+ 0x7fcaf1940b05: not taken
+CND+ 0x7fcaf1940b19: taken
+CND+ 0x7fcaf1940c50: not taken
+CND+ 0x7fcaf1940c62: taken
+CND+ 0x7fcaf1940db1: not taken
+CND+ 0x7fcaf1940dea: both
+CND+ 0x7fcaf1940e13: not taken
+CND+ 0x7fcaf1940e20: taken
+CND+ 0x7fcaf1940e2d: not taken
+CND+ 0x7fcaf1940e43: not taken
+CND+ 0x7fcaf1940e4f: both
+CND+ 0x7fcaf1940e58: not taken
+CND+ 0x7fcaf1940e72: taken
+CND+ 0x7fcaf1940ee7: taken
+CND+ 0x7fcaf194175d: both
+CND+ 0x7fcaf194176f: not taken
+CND+ 0x7fcaf1941782: both
+CND+ 0x7fcaf1941787: both
+CND+ 0x7fcaf1941795: both
+CND+ 0x7fcaf19418b1: not taken
+CND+ 0x7fcaf19418dc: not taken
+CND+ 0x7fcaf19418ea: not taken
+CND+ 0x7fcaf19418ec: both
+CND+ 0x7fcaf19418f5: not taken
+CND+ 0x7fcaf19418fb: taken
+CND+ 0x7fcaf1941943: not taken
+CND+ 0x7fcaf194194c: taken
+CND+ 0x7fcaf1941983: not taken
+CND+ 0x7fcaf1941989: both
+CND+ 0x7fcaf1941990: not taken
+CND+ 0x7fcaf19419ab: taken
+CND+ 0x7fcaf1941a0b: taken
+CND+ 0x7fcaf1941b10: both
+CND+ 0x7fcaf1941b1c: not taken
+CND+ 0x7fcaf1941b21: both
+CND+ 0x7fcaf1941b2f: not taken
+CND+ 0x7fcaf1941b37: both
+CND+ 0x7fcaf1941b44: both
+CND+ 0x7fcaf1941b5e: taken
+CND+ 0x7fcaf1941b92: both
+CND+ 0x7fcaf1941b9b: taken
+CND+ 0x7fcaf1941bfb: taken
+CND+ 0x7fcaf1941d68: both
+CND+ 0x7fcaf1941d71: taken
+CND+ 0x7fcaf1941d8b: not taken
+CND+ 0x7fcaf1941da3: taken
+CND+ 0x7fcaf1941ddd: taken
+CND+ 0x7fcaf1941e02: not taken
+CND+ 0x7fcaf1941e0b: taken
+CND+ 0x7fcaf1941e2f: not taken
+CND+ 0x7fcaf1941e35: taken
+CND+ 0x7fcaf1941e4f: not taken
+CND+ 0x7fcaf1941e58: both
+CND+ 0x7fcaf1941f7d: not taken
+CND+ 0x7fcaf194202c: not taken
+CND+ 0x7fcaf19420c7: not taken
+CND+ 0x7fcaf19420d0: both
+CND+ 0x7fcaf19420d9: not taken
+CND+ 0x7fcaf19425a7: both
+CND+ 0x7fcaf19425ed: not taken
+CND+ 0x7fcaf19425f2: taken
+CND+ 0x7fcaf1942682: not taken
+CND+ 0x7fcaf19426a1: not taken
+CND+ 0x7fcaf19427bb: not taken
+CND+ 0x7fcaf1942835: not taken
+CND+ 0x7fcaf1942870: not taken
+CND+ 0x7fcaf194288e: not taken
+CND+ 0x7fcaf194289e: not taken
+CND+ 0x7fcaf19429ca: both
+CND+ 0x7fcaf19429ea: taken
+CND+ 0x7fcaf19429f6: taken
+CND+ 0x7fcaf1942a15: taken
+CND+ 0x7fcaf1942a38: not taken
+CND+ 0x7fcaf1942a48: taken
+CND+ 0x7fcaf1942abb: not taken
+CND+ 0x7fcaf194314f: not taken
+CND+ 0x7fcaf194316f: not taken
+CND+ 0x7fcaf194317e: taken
+CND+ 0x7fcaf1943a5f: taken
+CND+ 0x7fcaf1943b46: not taken
+CND+ 0x7fcaf1943b50: taken
+CND+ 0x7fcaf1943b69: taken
+CND+ 0x7fcaf1943b93: taken
+CND+ 0x7fcaf1943d2b: taken
+CND+ 0x7fcaf1943e50: not taken
+CND+ 0x7fcaf1944227: taken
+CND+ 0x7fcaf194425f: not taken
+CND+ 0x7fcaf1944278: taken
+CND+ 0x7fcaf19442b9: not taken
+CND+ 0x7fcaf19442d7: taken
+CND+ 0x7fcaf194430b: taken
+CND+ 0x7fcaf1944383: taken
+CND+ 0x7fcaf19443e2: taken
+CND+ 0x7fcaf1944456: taken
+CND+ 0x7fcaf1944488: both
+CND+ 0x7fcaf194448c: not taken
+CND+ 0x7fcaf1944493: not taken
+CND+ 0x7fcaf1944498: both
+CND+ 0x7fcaf19444e0: not taken
+CND+ 0x7fcaf1944512: not taken
+CND+ 0x7fcaf1944519: taken
+CND+ 0x7fcaf1944548: not taken
+CND+ 0x7fcaf194454d: not taken
+CND+ 0x7fcaf19445c9: not taken
+CND+ 0x7fcaf19445d7: taken
+CND+ 0x7fcaf19446f8: taken
+CND+ 0x7fcaf19447b9: not taken
+CND+ 0x7fcaf1944830: not taken
+CND+ 0x7fcaf1944846: taken
+CND+ 0x7fcaf194486e: not taken
+CND+ 0x7fcaf1944b09: not taken
+CND+ 0x7fcaf1944b13: not taken
+CND+ 0x7fcaf1944c18: taken
+CND+ 0x7fcaf1944c9d: not taken
+CND+ 0x7fcaf1944dfa: taken
+CND+ 0x7fcaf1946946: both
+CND+ 0x7fcaf1946963: both
+CND+ 0x7fcaf1946968: not taken
+CND+ 0x7fcaf194696e: not taken
+CND+ 0x7fcaf1946986: not taken
+CND+ 0x7fcaf194698b: both
+CND+ 0x7fcaf194699a: both
+CND+ 0x7fcaf194699f: both
+CND+ 0x7fcaf19469ac: both
+CND+ 0x7fcaf19469b7: both
+CND+ 0x7fcaf19469c4: not taken
+CND+ 0x7fcaf1946a10: not taken
+CND+ 0x7fcaf1946a15: taken
+CND+ 0x7fcaf1946a2e: both
+CND+ 0x7fcaf1946a32: both
+CND+ 0x7fcaf1946a5c: both
+CND+ 0x7fcaf1946add: not taken
+CND+ 0x7fcaf1946ae2: not taken
+CND+ 0x7fcaf1946afe: not taken
+CND+ 0x7fcaf1946b02: both
+CND+ 0x7fcaf1946b48: both
+CND+ 0x7fcaf1946b52: not taken
+CND+ 0x7fcaf1946b5c: not taken
+CND+ 0x7fcaf1946b65: both
+CND+ 0x7fcaf1946b6b: taken
+CND+ 0x7fcaf1946b75: not taken
+CND+ 0x7fcaf1946b95: not taken
+CND+ 0x7fcaf1946ba2: not taken
+CND+ 0x7fcaf1946bc4: not taken
+CND+ 0x7fcaf1946bce: not taken
+CND+ 0x7fcaf1946bf6: taken
+CND+ 0x7fcaf1946c24: taken
+CND+ 0x7fcaf1946ce1: not taken
+CND+ 0x7fcaf1946cea: not taken
+CND+ 0x7fcaf1946cf3: not taken
+CND+ 0x7fcaf1946d25: not taken
+CND+ 0x7fcaf1946d53: not taken
+CND+ 0x7fcaf1946d5d: not taken
+CND+ 0x7fcaf1946eb5: not taken
+CND+ 0x7fcaf1946eba: not taken
+CND+ 0x7fcaf1946ed8: both
+CND+ 0x7fcaf1946edc: taken
+CND+ 0x7fcaf1946f0f: not taken
+CND+ 0x7fcaf1946f15: not taken
+CND+ 0x7fcaf194746f: not taken
+CND+ 0x7fcaf194753d: not taken
+CND+ 0x7fcaf1947547: not taken
+CND+ 0x7fcaf1947605: not taken
+CND+ 0x7fcaf194760f: not taken
+CND+ 0x7fcaf1947647: not taken
+CND+ 0x7fcaf194765e: not taken
+CND+ 0x7fcaf19477bd: taken
+CND+ 0x7fcaf19477d2: taken
+CND+ 0x7fcaf19477df: not taken
+CND+ 0x7fcaf19477e4: both
+CND+ 0x7fcaf19477fa: taken
+CND+ 0x7fcaf1947856: not taken
+CND+ 0x7fcaf194785b: taken
+CND+ 0x7fcaf194787a: not taken
+CND+ 0x7fcaf194789a: not taken
+CND+ 0x7fcaf19478b7: not taken
+CND+ 0x7fcaf19478c5: not taken
+CND+ 0x7fcaf19478d4: taken
+CND+ 0x7fcaf1947df1: not taken
+CND+ 0x7fcaf1947e0c: not taken
@0x7fcaf1936050 to 0x7fcaf546fa30 4
@0x7fcaf1936080 to 0x7fcaf540f330 2
@0x7fcaf1936090 to 0x7fcaf54b1710 1
@0x7fcaf19360a0 to 0x7fcaf5487e70 5
@0x7fcaf19360d0 to 0x7fcaf5422a20 7
@0x7fcaf19360f0 to 0x7fcaf5546800 4
@0x7fcaf1936130 to 0x7fcaf54b21e0 1
@0x7fcaf1936140 to 0x7fcaf5426c10 1
@0x7fcaf1936150 to 0x7fcaf54d4800 4
@0x7fcaf1936160 to 0x7fcaf54b1230 1
@0x7fcaf1936190 to 0x7fcaf5546bc0 8
@0x7fcaf19361c0 to 0x7fcaf54b2200 1
@0x7fcaf19361e0 to 0x7fcaf55465d0 1
@0x7fcaf1936220 to 0x7fcaf54b2210 2
@0x7fcaf1936230 to 0x7fcaf54d5b10 1
@0x7fcaf193816e to 0x7fcaf19381c0 1
@0x7fcaf1936280 to 0x7fcaf5541d10 11
@0x7fcaf19362a0 to 0x7fcaf5422450 4
@0x7fcaf19381ac to 0x7fcaf1938e90 1
@0x7fcaf19362d0 to 0x7fcaf5542100 9
@0x7fcaf1936320 to 0x7fcaf54230f0 4
@0x7fcaf1936330 to 0x7fcaf5547100 6
@0x7fcaf1936350 to 0x7fcaf54b2220 1
@0x7fcaf1936370 to 0x7fcaf54d4800 2
@0x7fcaf1936390 to 0x7fcaf546f3e0 23
@0x7fcaf19363b0 to 0x7fcaf54b2230 1
@0x7fcaf19363c0 to 0x7fcaf5541e90 22
@0x7fcaf19363e0 to 0x7fcaf54f2ba0 1
@0x7fcaf1936410 to 0x7fcaf546fc80 1
@0x7fcaf1936460 to 0x7fcaf55470e0 13
@0x7fcaf1936510 to 0x7fcaf54b21f0 1
@0x7fcaf1936560 to 0x7fcaf54b14e0 1
@0x7fcaf1936570 to 0x7fcaf541b580 191
@0x7fcaf1941f91 to 0x7fcaf1942075 1
@0x7fcaf1936784 to 0x7fcaf540efb0 1
@0x7fcaf1947e01 to 0x7fcaf1936840 1
@0x7fcaf194455f to 0x7fcaf1944580 1
@0x7fcaf194455f to 0x7fcaf19445c0 1
@0x7fcaf194455f to 0x7fcaf19445a8 2
@0x7fcaf19428af to 0x7fcaf1942a01 185
@0x7fcaf19428af to 0x7fcaf19429f0 10
@0x7fcaf19428af to 0x7fcaf1942a28 1
@0x7fcaf1946c19 to 0x7fcaf193a7d0 1
@0x7fcaf1946c19 to 0x7fcaf1941120 1
