MODULE_NAME: /usr/bin/gs
MODULE_START: 0x7f3a3b827000
+B+: 0x7f3a3b828000 0x7f3a3b82800f
+B+: 0x7f3a3b828012 0x7f3a3b828016
+B+: 0x7f3a3b828020 0x7f3a3b82802b
+B+: 0x7f3a3b828030 0x7f3a3b828035
+B+: 0x7f3a3b828036 0x7f3a3b82803f
+B+: 0x7f3a3b828040 0x7f3a3b828045
+B+: 0x7f3a3b828046 0x7f3a3b82804f
+B+: 0x7f3a3b828050 0x7f3a3b828055
+B+: 0x7f3a3b828056 0x7f3a3b82805f
+B+: 0x7f3a3b828090 0x7f3a3b828095
+B+: 0x7f3a3b828096 0x7f3a3b82809f
+B+: 0x7f3a3b8280b0 0x7f3a3b8280b5
+B+: 0x7f3a3b8280b6 0x7f3a3b8280bf
+B+: 0x7f3a3b8280c0 0x7f3a3b8280c5
+B+: 0x7f3a3b8280c6 0x7f3a3b8280cf
+B+: 0x7f3a3b8280d0 0x7f3a3b8280d5
+B+: 0x7f3a3b8280d6 0x7f3a3b8280df
+B+: 0x7f3a3b8280e0 0x7f3a3b8280e5
+B+: 0x7f3a3b8280f0 0x7f3a3b828121
+B+: 0x7f3a3b828122 0x7f3a3b828127
+B+: 0x7f3a3b828128 0x7f3a3b828130
+B+: 0x7f3a3b828131 0x7f3a3b828132
+B+: 0x7f3a3b828133 0x7f3a3b828137
+B+: 0x7f3a3b828138 0x7f3a3b828152
+B+: 0x7f3a3b828153 0x7f3a3b82815b
+B+: 0x7f3a3b828184 0x7f3a3b8281a2
+B+: 0x7f3a3b8281a3 0x7f3a3b8281b1
+B+: 0x7f3a3b8281b2 0x7f3a3b8281b7
+B+: 0x7f3a3b8281b8 0x7f3a3b8281c1
+B+: 0x7f3a3b8281c2 0x7f3a3b8281c5
+B+: 0x7f3a3b8281c6 0x7f3a3b8281ca
+B+: 0x7f3a3b8281cb 0x7f3a3b8281d6
+B+: 0x7f3a3b8281d7 0x7f3a3b8281db
+B+: 0x7f3a3b828220 0x7f3a3b828249
+B+: 0x7f3a3b828250 0x7f3a3b828262
+B+: 0x7f3a3b828278 0x7f3a3b828278
+B+: 0x7f3a3b828280 0x7f3a3b8282a3
+B+: 0x7f3a3b8282b8 0x7f3a3b8282b8
+B+: 0x7f3a3b8282c0 0x7f3a3b8282c8
+B+: 0x7f3a3b8282c9 0x7f3a3b8282d6
+B+: 0x7f3a3b8282d7 0x7f3a3b8282e2
+B+: 0x7f3a3b8282e3 0x7f3a3b8282e7
+B+: 0x7f3a3b8282e8 0x7f3a3b8282f0
+B+: 0x7f3a3b828300 0x7f3a3b828304
+B+: 0x7f3a3b828350 0x7f3a3b828373
+B+: 0x7f3a3b828374 0x7f3a3b82837c
+B+: 0x7f3a3b82837d 0x7f3a3b828385
+B+: 0x7f3a3b8283c0 0x7f3a3b8283ec
+B+: 0x7f3a3b8283ed 0x7f3a3b8283f2
+B+: 0x7f3a3b8283f3 0x7f3a3b828404
+B+: 0x7f3a3b828405 0x7f3a3b82840d
+B+: 0x7f3a3b82840e 0x7f3a3b82841c
+B+: 0x7f3a3b828424 0x7f3a3b82842c
+CND+ 0x7f3a3b82800e: taken
+CND+ 0x7f3a3b828126: taken
+CND+ 0x7f3a3b82812b: not taken
+CND+ 0x7f3a3b828131: not taken
+CND+ 0x7f3a3b828136: not taken
+CND+ 0x7f3a3b82814d: not taken
+CND+ 0x7f3a3b8281b6: not taken
+CND+ 0x7f3a3b8281c4: not taken
+CND+ 0x7f3a3b8281c9: not taken
+CND+ 0x7f3a3b828261: taken
+CND+ 0x7f3a3b8282a2: taken
+CND+ 0x7f3a3b8282c7: not taken
+CND+ 0x7f3a3b8282d5: not taken
+CND+ 0x7f3a3b8283f1: not taken
+CND+ 0x7f3a3b82840c: not taken
@0x7f3a3b828026 to 0x7f3a3f817500 7
@0x7f3a3b828030 to 0x7f3a3b828036 1
@0x7f3a3b828040 to 0x7f3a3b828046 1
@0x7f3a3b828050 to 0x7f3a3b828056 1
@0x7f3a3b828090 to 0x7f3a3b828096 1
@0x7f3a3b8280b0 to 0x7f3a3b8280b6 1
@0x7f3a3b8280c0 to 0x7f3a3b8280c6 1
@0x7f3a3b8280d0 to 0x7f3a3b8280d6 1
@0x7f3a3b8280e0 to 0x7f3a3e37d1c0 1
@0x7f3a3b828244 to 0x7f3a3e366fb0 1
@0x7f3a3b828401 to 0x7f3a3b828300 1
