MODULE_NAME: /usr/bin/gs
MODULE_START: 0x7f9adac06000
+B+: 0x7f9adac07000 0x7f9adac0700f
+B+: 0x7f9adac07012 0x7f9adac07016
+B+: 0x7f9adac07020 0x7f9adac0702b
+B+: 0x7f9adac07030 0x7f9adac07035
+B+: 0x7f9adac07036 0x7f9adac0703f
+B+: 0x7f9adac07040 0x7f9adac07045
+B+: 0x7f9adac07046 0x7f9adac0704f
+B+: 0x7f9adac07050 0x7f9adac07055
+B+: 0x7f9adac07056 0x7f9adac0705f
+B+: 0x7f9adac070b0 0x7f9adac070b5
+B+: 0x7f9adac070b6 0x7f9adac070bf
+B+: 0x7f9adac070c0 0x7f9adac070c5
+B+: 0x7f9adac070c6 0x7f9adac070cf
+B+: 0x7f9adac070e0 0x7f9adac070e5
+B+: 0x7f9adac070f0 0x7f9adac07121
+B+: 0x7f9adac07122 0x7f9adac07127
+B+: 0x7f9adac07128 0x7f9adac07130
+B+: 0x7f9adac07131 0x7f9adac07132
+B+: 0x7f9adac07133 0x7f9adac07137
+B+: 0x7f9adac0713d 0x7f9adac07152
+B+: 0x7f9adac07153 0x7f9adac0715b
+B+: 0x7f9adac07178 0x7f9adac07183
+B+: 0x7f9adac07184 0x7f9adac071a2
+B+: 0x7f9adac071a3 0x7f9adac071b1
+B+: 0x7f9adac071b2 0x7f9adac071b7
+B+: 0x7f9adac071b8 0x7f9adac071c1
+B+: 0x7f9adac071c2 0x7f9adac071c5
+B+: 0x7f9adac071c6 0x7f9adac071ca
+B+: 0x7f9adac071cb 0x7f9adac071d6
+B+: 0x7f9adac071d7 0x7f9adac071db
+B+: 0x7f9adac071dc 0x7f9adac071e0
+B+: 0x7f9adac07213 0x7f9adac07216
+B+: 0x7f9adac07220 0x7f9adac07249
+B+: 0x7f9adac07250 0x7f9adac07262
+B+: 0x7f9adac07278 0x7f9adac07278
+B+: 0x7f9adac07280 0x7f9adac072a3
+B+: 0x7f9adac072b8 0x7f9adac072b8
+B+: 0x7f9adac072c0 0x7f9adac072c8
+B+: 0x7f9adac072c9 0x7f9adac072d6
+B+: 0x7f9adac072d7 0x7f9adac072e2
+B+: 0x7f9adac072e3 0x7f9adac072e7
+B+: 0x7f9adac072e8 0x7f9adac072f0
+B+: 0x7f9adac07300 0x7f9adac07304
+B+: 0x7f9adac073c0 0x7f9adac073ec
+B+: 0x7f9adac073ed 0x7f9adac073f2
+B+: 0x7f9adac073f3 0x7f9adac07404
+B+: 0x7f9adac07405 0x7f9adac0740d
+B+: 0x7f9adac0740e 0x7f9adac0741c
+B+: 0x7f9adac07424 0x7f9adac0742c
+CND+ 0x7f9adac0700e: taken
+CND+ 0x7f9adac07126: taken
+CND+ 0x7f9adac0712b: not taken
+CND+ 0x7f9adac07131: not taken
+CND+ 0x7f9adac07136: taken
+CND+ 0x7f9adac0714d: not taken
+CND+ 0x7f9adac071b6: not taken
+CND+ 0x7f9adac071c4: not taken
+CND+ 0x7f9adac071c9: taken
+CND+ 0x7f9adac071df: taken
+CND+ 0x7f9adac07261: taken
+CND+ 0x7f9adac072a2: taken
+CND+ 0x7f9adac072c7: not taken
+CND+ 0x7f9adac072d5: not taken
+CND+ 0x7f9adac073f1: not taken
+CND+ 0x7f9adac0740c: not taken
@0x7f9adac07026 to 0x7f9adebf6500 5
@0x7f9adac07030 to 0x7f9adac07036 1
@0x7f9adac07040 to 0x7f9adac07046 1
@0x7f9adac07050 to 0x7f9adac07056 1
@0x7f9adac070b0 to 0x7f9adac070b6 1
@0x7f9adac070c0 to 0x7f9adac070c6 1
@0x7f9adac070e0 to 0x7f9add75c1c0 1
@0x7f9adac07244 to 0x7f9add745fb0 1
@0x7f9adac07401 to 0x7f9adac07300 1
