MODULE_NAME: /usr/bin/gs
MODULE_START: 0x7fbe906ea000
+B+: 0x7fbe906eb000 0x7fbe906eb00f
+B+: 0x7fbe906eb012 0x7fbe906eb016
+B+: 0x7fbe906eb020 0x7fbe906eb02b
+B+: 0x7fbe906eb030 0x7fbe906eb035
+B+: 0x7fbe906eb036 0x7fbe906eb03f
+B+: 0x7fbe906eb040 0x7fbe906eb045
+B+: 0x7fbe906eb046 0x7fbe906eb04f
+B+: 0x7fbe906eb050 0x7fbe906eb055
+B+: 0x7fbe906eb056 0x7fbe906eb05f
+B+: 0x7fbe906eb0b0 0x7fbe906eb0b5
+B+: 0x7fbe906eb0b6 0x7fbe906eb0bf
+B+: 0x7fbe906eb0c0 0x7fbe906eb0c5
+B+: 0x7fbe906eb0c6 0x7fbe906eb0cf
+B+: 0x7fbe906eb0e0 0x7fbe906eb0e5
+B+: 0x7fbe906eb0f0 0x7fbe906eb121
+B+: 0x7fbe906eb122 0x7fbe906eb127
+B+: 0x7fbe906eb128 0x7fbe906eb130
+B+: 0x7fbe906eb131 0x7fbe906eb132
+B+: 0x7fbe906eb133 0x7fbe906eb137
+B+: 0x7fbe906eb13d 0x7fbe906eb152
+B+: 0x7fbe906eb153 0x7fbe906eb15b
+B+: 0x7fbe906eb178 0x7fbe906eb183
+B+: 0x7fbe906eb184 0x7fbe906eb1a2
+B+: 0x7fbe906eb1a3 0x7fbe906eb1b1
+B+: 0x7fbe906eb1b2 0x7fbe906eb1b7
+B+: 0x7fbe906eb1b8 0x7fbe906eb1c1
+B+: 0x7fbe906eb1c2 0x7fbe906eb1c5
+B+: 0x7fbe906eb1c6 0x7fbe906eb1ca
+B+: 0x7fbe906eb1cb 0x7fbe906eb1d6
+B+: 0x7fbe906eb1d7 0x7fbe906eb1db
+B+: 0x7fbe906eb1dc 0x7fbe906eb1e0
+B+: 0x7fbe906eb213 0x7fbe906eb216
+B+: 0x7fbe906eb220 0x7fbe906eb249
+B+: 0x7fbe906eb250 0x7fbe906eb262
+B+: 0x7fbe906eb278 0x7fbe906eb278
+B+: 0x7fbe906eb280 0x7fbe906eb2a3
+B+: 0x7fbe906eb2b8 0x7fbe906eb2b8
+B+: 0x7fbe906eb2c0 0x7fbe906eb2c8
+B+: 0x7fbe906eb2c9 0x7fbe906eb2d6
+B+: 0x7fbe906eb2d7 0x7fbe906eb2e2
+B+: 0x7fbe906eb2e3 0x7fbe906eb2e7
+B+: 0x7fbe906eb2e8 0x7fbe906eb2f0
+B+: 0x7fbe906eb300 0x7fbe906eb304
+B+: 0x7fbe906eb3c0 0x7fbe906eb3ec
+B+: 0x7fbe906eb3ed 0x7fbe906eb3f2
+B+: 0x7fbe906eb3f3 0x7fbe906eb404
+B+: 0x7fbe906eb405 0x7fbe906eb40d
+B+: 0x7fbe906eb40e 0x7fbe906eb41c
+B+: 0x7fbe906eb424 0x7fbe906eb42c
+CND+ 0x7fbe906eb00e: taken
+CND+ 0x7fbe906eb126: taken
+CND+ 0x7fbe906eb12b: not taken
+CND+ 0x7fbe906eb131: not taken
+CND+ 0x7fbe906eb136: taken
+CND+ 0x7fbe906eb14d: not taken
+CND+ 0x7fbe906eb1b6: not taken
+CND+ 0x7fbe906eb1c4: not taken
+CND+ 0x7fbe906eb1c9: taken
+CND+ 0x7fbe906eb1df: taken
+CND+ 0x7fbe906eb261: taken
+CND+ 0x7fbe906eb2a2: taken
+CND+ 0x7fbe906eb2c7: not taken
+CND+ 0x7fbe906eb2d5: not taken
+CND+ 0x7fbe906eb3f1: not taken
+CND+ 0x7fbe906eb40c: not taken
@0x7fbe906eb026 to 0x7fbe946da500 5
@0x7fbe906eb030 to 0x7fbe906eb036 1
@0x7fbe906eb040 to 0x7fbe906eb046 1
@0x7fbe906eb050 to 0x7fbe906eb056 1
@0x7fbe906eb0b0 to 0x7fbe906eb0b6 1
@0x7fbe906eb0c0 to 0x7fbe906eb0c6 1
@0x7fbe906eb0e0 to 0x7fbe932401c0 1
@0x7fbe906eb244 to 0x7fbe93229fb0 1
@0x7fbe906eb401 to 0x7fbe906eb300 1
