MODULE_NAME: /usr/bin/gs
MODULE_START: 0x7fae876ab000
+B+: 0x7fae876ac000 0x7fae876ac00f
+B+: 0x7fae876ac012 0x7fae876ac016
+B+: 0x7fae876ac020 0x7fae876ac02b
+B+: 0x7fae876ac030 0x7fae876ac035
+B+: 0x7fae876ac036 0x7fae876ac03f
+B+: 0x7fae876ac040 0x7fae876ac045
+B+: 0x7fae876ac046 0x7fae876ac04f
+B+: 0x7fae876ac050 0x7fae876ac055
+B+: 0x7fae876ac056 0x7fae876ac05f
+B+: 0x7fae876ac0b0 0x7fae876ac0b5
+B+: 0x7fae876ac0b6 0x7fae876ac0bf
+B+: 0x7fae876ac0c0 0x7fae876ac0c5
+B+: 0x7fae876ac0c6 0x7fae876ac0cf
+B+: 0x7fae876ac0e0 0x7fae876ac0e5
+B+: 0x7fae876ac0f0 0x7fae876ac121
+B+: 0x7fae876ac122 0x7fae876ac127
+B+: 0x7fae876ac128 0x7fae876ac130
+B+: 0x7fae876ac131 0x7fae876ac132
+B+: 0x7fae876ac133 0x7fae876ac137
+B+: 0x7fae876ac13d 0x7fae876ac152
+B+: 0x7fae876ac153 0x7fae876ac15b
+B+: 0x7fae876ac178 0x7fae876ac183
+B+: 0x7fae876ac184 0x7fae876ac1a2
+B+: 0x7fae876ac1a3 0x7fae876ac1b1
+B+: 0x7fae876ac1b2 0x7fae876ac1b7
+B+: 0x7fae876ac1b8 0x7fae876ac1c1
+B+: 0x7fae876ac1c2 0x7fae876ac1c5
+B+: 0x7fae876ac1c6 0x7fae876ac1ca
+B+: 0x7fae876ac1cb 0x7fae876ac1d6
+B+: 0x7fae876ac1d7 0x7fae876ac1db
+B+: 0x7fae876ac1dc 0x7fae876ac1e0
+B+: 0x7fae876ac213 0x7fae876ac216
+B+: 0x7fae876ac220 0x7fae876ac249
+B+: 0x7fae876ac250 0x7fae876ac262
+B+: 0x7fae876ac278 0x7fae876ac278
+B+: 0x7fae876ac280 0x7fae876ac2a3
+B+: 0x7fae876ac2b8 0x7fae876ac2b8
+B+: 0x7fae876ac2c0 0x7fae876ac2c8
+B+: 0x7fae876ac2c9 0x7fae876ac2d6
+B+: 0x7fae876ac2d7 0x7fae876ac2e2
+B+: 0x7fae876ac2e3 0x7fae876ac2e7
+B+: 0x7fae876ac2e8 0x7fae876ac2f0
+B+: 0x7fae876ac300 0x7fae876ac304
+B+: 0x7fae876ac3c0 0x7fae876ac3ec
+B+: 0x7fae876ac3ed 0x7fae876ac3f2
+B+: 0x7fae876ac3f3 0x7fae876ac404
+B+: 0x7fae876ac405 0x7fae876ac40d
+B+: 0x7fae876ac40e 0x7fae876ac41c
+B+: 0x7fae876ac424 0x7fae876ac42c
+CND+ 0x7fae876ac00e: taken
+CND+ 0x7fae876ac126: taken
+CND+ 0x7fae876ac12b: not taken
+CND+ 0x7fae876ac131: not taken
+CND+ 0x7fae876ac136: taken
+CND+ 0x7fae876ac14d: not taken
+CND+ 0x7fae876ac1b6: not taken
+CND+ 0x7fae876ac1c4: not taken
+CND+ 0x7fae876ac1c9: taken
+CND+ 0x7fae876ac1df: taken
+CND+ 0x7fae876ac261: taken
+CND+ 0x7fae876ac2a2: taken
+CND+ 0x7fae876ac2c7: not taken
+CND+ 0x7fae876ac2d5: not taken
+CND+ 0x7fae876ac3f1: not taken
+CND+ 0x7fae876ac40c: not taken
@0x7fae876ac026 to 0x7fae8b69b500 5
@0x7fae876ac030 to 0x7fae876ac036 1
@0x7fae876ac040 to 0x7fae876ac046 1
@0x7fae876ac050 to 0x7fae876ac056 1
@0x7fae876ac0b0 to 0x7fae876ac0b6 1
@0x7fae876ac0c0 to 0x7fae876ac0c6 1
@0x7fae876ac0e0 to 0x7fae8a2011c0 1
@0x7fae876ac244 to 0x7fae8a1eafb0 1
@0x7fae876ac401 to 0x7fae876ac300 1
