MODULE_NAME: /usr/bin/gs
MODULE_START: 0x7fb6bb3fd000
+B+: 0x7fb6bb3fe000 0x7fb6bb3fe00f
+B+: 0x7fb6bb3fe012 0x7fb6bb3fe016
+B+: 0x7fb6bb3fe020 0x7fb6bb3fe02b
+B+: 0x7fb6bb3fe030 0x7fb6bb3fe035
+B+: 0x7fb6bb3fe036 0x7fb6bb3fe03f
+B+: 0x7fb6bb3fe040 0x7fb6bb3fe045
+B+: 0x7fb6bb3fe046 0x7fb6bb3fe04f
+B+: 0x7fb6bb3fe050 0x7fb6bb3fe055
+B+: 0x7fb6bb3fe056 0x7fb6bb3fe05f
+B+: 0x7fb6bb3fe090 0x7fb6bb3fe095
+B+: 0x7fb6bb3fe096 0x7fb6bb3fe09f
+B+: 0x7fb6bb3fe0b0 0x7fb6bb3fe0b5
+B+: 0x7fb6bb3fe0b6 0x7fb6bb3fe0bf
+B+: 0x7fb6bb3fe0c0 0x7fb6bb3fe0c5
+B+: 0x7fb6bb3fe0c6 0x7fb6bb3fe0cf
+B+: 0x7fb6bb3fe0d0 0x7fb6bb3fe0d5
+B+: 0x7fb6bb3fe0d6 0x7fb6bb3fe0df
+B+: 0x7fb6bb3fe0e0 0x7fb6bb3fe0e5
+B+: 0x7fb6bb3fe0f0 0x7fb6bb3fe121
+B+: 0x7fb6bb3fe122 0x7fb6bb3fe127
+B+: 0x7fb6bb3fe128 0x7fb6bb3fe130
+B+: 0x7fb6bb3fe131 0x7fb6bb3fe132
+B+: 0x7fb6bb3fe133 0x7fb6bb3fe137
+B+: 0x7fb6bb3fe138 0x7fb6bb3fe152
+B+: 0x7fb6bb3fe153 0x7fb6bb3fe15b
+B+: 0x7fb6bb3fe184 0x7fb6bb3fe1a2
+B+: 0x7fb6bb3fe1a3 0x7fb6bb3fe1b1
+B+: 0x7fb6bb3fe1b2 0x7fb6bb3fe1b7
+B+: 0x7fb6bb3fe1b8 0x7fb6bb3fe1c1
+B+: 0x7fb6bb3fe1c2 0x7fb6bb3fe1c5
+B+: 0x7fb6bb3fe1c6 0x7fb6bb3fe1ca
+B+: 0x7fb6bb3fe1cb 0x7fb6bb3fe1d6
+B+: 0x7fb6bb3fe1d7 0x7fb6bb3fe1db
+B+: 0x7fb6bb3fe220 0x7fb6bb3fe249
+B+: 0x7fb6bb3fe250 0x7fb6bb3fe262
+B+: 0x7fb6bb3fe278 0x7fb6bb3fe278
+B+: 0x7fb6bb3fe280 0x7fb6bb3fe2a3
+B+: 0x7fb6bb3fe2b8 0x7fb6bb3fe2b8
+B+: 0x7fb6bb3fe2c0 0x7fb6bb3fe2c8
+B+: 0x7fb6bb3fe2c9 0x7fb6bb3fe2d6
+B+: 0x7fb6bb3fe2d7 0x7fb6bb3fe2e2
+B+: 0x7fb6bb3fe2e3 0x7fb6bb3fe2e7
+B+: 0x7fb6bb3fe2e8 0x7fb6bb3fe2f0
+B+: 0x7fb6bb3fe300 0x7fb6bb3fe304
+B+: 0x7fb6bb3fe350 0x7fb6bb3fe373
+B+: 0x7fb6bb3fe374 0x7fb6bb3fe37c
+B+: 0x7fb6bb3fe37d 0x7fb6bb3fe385
+B+: 0x7fb6bb3fe3c0 0x7fb6bb3fe3ec
+B+: 0x7fb6bb3fe3ed 0x7fb6bb3fe3f2
+B+: 0x7fb6bb3fe3f3 0x7fb6bb3fe404
+B+: 0x7fb6bb3fe405 0x7fb6bb3fe40d
+B+: 0x7fb6bb3fe40e 0x7fb6bb3fe41c
+B+: 0x7fb6bb3fe424 0x7fb6bb3fe42c
+CND+ 0x7fb6bb3fe00e: taken
+CND+ 0x7fb6bb3fe126: taken
+CND+ 0x7fb6bb3fe12b: not taken
+CND+ 0x7fb6bb3fe131: not taken
+CND+ 0x7fb6bb3fe136: not taken
+CND+ 0x7fb6bb3fe14d: not taken
+CND+ 0x7fb6bb3fe1b6: not taken
+CND+ 0x7fb6bb3fe1c4: not taken
+CND+ 0x7fb6bb3fe1c9: not taken
+CND+ 0x7fb6bb3fe261: taken
+CND+ 0x7fb6bb3fe2a2: taken
+CND+ 0x7fb6bb3fe2c7: not taken
+CND+ 0x7fb6bb3fe2d5: not taken
+CND+ 0x7fb6bb3fe3f1: not taken
+CND+ 0x7fb6bb3fe40c: not taken
@0x7fb6bb3fe401 to 0x7fb6bb3fe300 1
@0x7fb6bb3fe026 to 0x7fb6bf3ed500 7
@0x7fb6bb3fe030 to 0x7fb6bb3fe036 1
@0x7fb6bb3fe040 to 0x7fb6bb3fe046 1
@0x7fb6bb3fe050 to 0x7fb6bb3fe056 1
@0x7fb6bb3fe090 to 0x7fb6bb3fe096 1
@0x7fb6bb3fe0b0 to 0x7fb6bb3fe0b6 1
@0x7fb6bb3fe0c0 to 0x7fb6bb3fe0c6 1
@0x7fb6bb3fe0d0 to 0x7fb6bb3fe0d6 1
@0x7fb6bb3fe0e0 to 0x7fb6bdf531c0 1
@0x7fb6bb3fe244 to 0x7fb6bdf3cfb0 1
