MODULE_NAME: /usr/bin/gs
MODULE_START: 0x7f34e258e000
+B+: 0x7f34e258f000 0x7f34e258f00f
+B+: 0x7f34e258f012 0x7f34e258f016
+B+: 0x7f34e258f020 0x7f34e258f02b
+B+: 0x7f34e258f030 0x7f34e258f035
+B+: 0x7f34e258f036 0x7f34e258f03f
+B+: 0x7f34e258f040 0x7f34e258f045
+B+: 0x7f34e258f046 0x7f34e258f04f
+B+: 0x7f34e258f050 0x7f34e258f055
+B+: 0x7f34e258f056 0x7f34e258f05f
+B+: 0x7f34e258f0b0 0x7f34e258f0b5
+B+: 0x7f34e258f0b6 0x7f34e258f0bf
+B+: 0x7f34e258f0c0 0x7f34e258f0c5
+B+: 0x7f34e258f0c6 0x7f34e258f0cf
+B+: 0x7f34e258f0e0 0x7f34e258f0e5
+B+: 0x7f34e258f0f0 0x7f34e258f121
+B+: 0x7f34e258f122 0x7f34e258f127
+B+: 0x7f34e258f128 0x7f34e258f130
+B+: 0x7f34e258f131 0x7f34e258f132
+B+: 0x7f34e258f133 0x7f34e258f137
+B+: 0x7f34e258f13d 0x7f34e258f152
+B+: 0x7f34e258f153 0x7f34e258f15b
+B+: 0x7f34e258f178 0x7f34e258f183
+B+: 0x7f34e258f184 0x7f34e258f1a2
+B+: 0x7f34e258f1a3 0x7f34e258f1b1
+B+: 0x7f34e258f1b2 0x7f34e258f1b7
+B+: 0x7f34e258f1b8 0x7f34e258f1c1
+B+: 0x7f34e258f1c2 0x7f34e258f1c5
+B+: 0x7f34e258f1c6 0x7f34e258f1ca
+B+: 0x7f34e258f1cb 0x7f34e258f1d6
+B+: 0x7f34e258f1d7 0x7f34e258f1db
+B+: 0x7f34e258f1dc 0x7f34e258f1e0
+B+: 0x7f34e258f213 0x7f34e258f216
+B+: 0x7f34e258f220 0x7f34e258f249
+B+: 0x7f34e258f250 0x7f34e258f262
+B+: 0x7f34e258f278 0x7f34e258f278
+B+: 0x7f34e258f280 0x7f34e258f2a3
+B+: 0x7f34e258f2b8 0x7f34e258f2b8
+B+: 0x7f34e258f2c0 0x7f34e258f2c8
+B+: 0x7f34e258f2c9 0x7f34e258f2d6
+B+: 0x7f34e258f2d7 0x7f34e258f2e2
+B+: 0x7f34e258f2e3 0x7f34e258f2e7
+B+: 0x7f34e258f2e8 0x7f34e258f2f0
+B+: 0x7f34e258f300 0x7f34e258f304
+B+: 0x7f34e258f3c0 0x7f34e258f3ec
+B+: 0x7f34e258f3ed 0x7f34e258f3f2
+B+: 0x7f34e258f3f3 0x7f34e258f404
+B+: 0x7f34e258f405 0x7f34e258f40d
+B+: 0x7f34e258f40e 0x7f34e258f41c
+B+: 0x7f34e258f424 0x7f34e258f42c
+CND+ 0x7f34e258f00e: taken
+CND+ 0x7f34e258f126: taken
+CND+ 0x7f34e258f12b: not taken
+CND+ 0x7f34e258f131: not taken
+CND+ 0x7f34e258f136: taken
+CND+ 0x7f34e258f14d: not taken
+CND+ 0x7f34e258f1b6: not taken
+CND+ 0x7f34e258f1c4: not taken
+CND+ 0x7f34e258f1c9: taken
+CND+ 0x7f34e258f1df: taken
+CND+ 0x7f34e258f261: taken
+CND+ 0x7f34e258f2a2: taken
+CND+ 0x7f34e258f2c7: not taken
+CND+ 0x7f34e258f2d5: not taken
+CND+ 0x7f34e258f3f1: not taken
+CND+ 0x7f34e258f40c: not taken
@0x7f34e258f026 to 0x7f34e657e500 5
@0x7f34e258f030 to 0x7f34e258f036 1
@0x7f34e258f040 to 0x7f34e258f046 1
@0x7f34e258f050 to 0x7f34e258f056 1
@0x7f34e258f0b0 to 0x7f34e258f0b6 1
@0x7f34e258f0c0 to 0x7f34e258f0c6 1
@0x7f34e258f0e0 to 0x7f34e50e41c0 1
@0x7f34e258f244 to 0x7f34e50cdfb0 1
@0x7f34e258f401 to 0x7f34e258f300 1
