MODULE_NAME: /usr/bin/gs
MODULE_START: 0x7f1df387c000
+B+: 0x7f1df387d000 0x7f1df387d00f
+B+: 0x7f1df387d012 0x7f1df387d016
+B+: 0x7f1df387d020 0x7f1df387d02b
+B+: 0x7f1df387d030 0x7f1df387d035
+B+: 0x7f1df387d036 0x7f1df387d03f
+B+: 0x7f1df387d040 0x7f1df387d045
+B+: 0x7f1df387d046 0x7f1df387d04f
+B+: 0x7f1df387d050 0x7f1df387d055
+B+: 0x7f1df387d056 0x7f1df387d05f
+B+: 0x7f1df387d0b0 0x7f1df387d0b5
+B+: 0x7f1df387d0b6 0x7f1df387d0bf
+B+: 0x7f1df387d0c0 0x7f1df387d0c5
+B+: 0x7f1df387d0c6 0x7f1df387d0cf
+B+: 0x7f1df387d0e0 0x7f1df387d0e5
+B+: 0x7f1df387d0f0 0x7f1df387d121
+B+: 0x7f1df387d122 0x7f1df387d127
+B+: 0x7f1df387d128 0x7f1df387d130
+B+: 0x7f1df387d131 0x7f1df387d132
+B+: 0x7f1df387d133 0x7f1df387d137
+B+: 0x7f1df387d13d 0x7f1df387d152
+B+: 0x7f1df387d153 0x7f1df387d15b
+B+: 0x7f1df387d178 0x7f1df387d183
+B+: 0x7f1df387d184 0x7f1df387d1a2
+B+: 0x7f1df387d1a3 0x7f1df387d1b1
+B+: 0x7f1df387d1b2 0x7f1df387d1b7
+B+: 0x7f1df387d1b8 0x7f1df387d1c1
+B+: 0x7f1df387d1c2 0x7f1df387d1c5
+B+: 0x7f1df387d1c6 0x7f1df387d1ca
+B+: 0x7f1df387d1cb 0x7f1df387d1d6
+B+: 0x7f1df387d1d7 0x7f1df387d1db
+B+: 0x7f1df387d1dc 0x7f1df387d1e0
+B+: 0x7f1df387d213 0x7f1df387d216
+B+: 0x7f1df387d220 0x7f1df387d249
+B+: 0x7f1df387d250 0x7f1df387d262
+B+: 0x7f1df387d278 0x7f1df387d278
+B+: 0x7f1df387d280 0x7f1df387d2a3
+B+: 0x7f1df387d2b8 0x7f1df387d2b8
+B+: 0x7f1df387d2c0 0x7f1df387d2c8
+B+: 0x7f1df387d2c9 0x7f1df387d2d6
+B+: 0x7f1df387d2d7 0x7f1df387d2e2
+B+: 0x7f1df387d2e3 0x7f1df387d2e7
+B+: 0x7f1df387d2e8 0x7f1df387d2f0
+B+: 0x7f1df387d300 0x7f1df387d304
+B+: 0x7f1df387d3c0 0x7f1df387d3ec
+B+: 0x7f1df387d3ed 0x7f1df387d3f2
+B+: 0x7f1df387d3f3 0x7f1df387d404
+B+: 0x7f1df387d405 0x7f1df387d40d
+B+: 0x7f1df387d40e 0x7f1df387d41c
+B+: 0x7f1df387d424 0x7f1df387d42c
+CND+ 0x7f1df387d00e: taken
+CND+ 0x7f1df387d126: taken
+CND+ 0x7f1df387d12b: not taken
+CND+ 0x7f1df387d131: not taken
+CND+ 0x7f1df387d136: taken
+CND+ 0x7f1df387d14d: not taken
+CND+ 0x7f1df387d1b6: not taken
+CND+ 0x7f1df387d1c4: not taken
+CND+ 0x7f1df387d1c9: taken
+CND+ 0x7f1df387d1df: taken
+CND+ 0x7f1df387d261: taken
+CND+ 0x7f1df387d2a2: taken
+CND+ 0x7f1df387d2c7: not taken
+CND+ 0x7f1df387d2d5: not taken
+CND+ 0x7f1df387d3f1: not taken
+CND+ 0x7f1df387d40c: not taken
@0x7f1df387d026 to 0x7f1df786c500 5
@0x7f1df387d030 to 0x7f1df387d036 1
@0x7f1df387d040 to 0x7f1df387d046 1
@0x7f1df387d050 to 0x7f1df387d056 1
@0x7f1df387d0b0 to 0x7f1df387d0b6 1
@0x7f1df387d0c0 to 0x7f1df387d0c6 1
@0x7f1df387d0e0 to 0x7f1df63d21c0 1
@0x7f1df387d244 to 0x7f1df63bbfb0 1
@0x7f1df387d401 to 0x7f1df387d300 1
