MODULE_NAME: /usr/bin/gs
MODULE_START: 0x7f4b1214f000
+B+: 0x7f4b12150000 0x7f4b1215000f
+B+: 0x7f4b12150012 0x7f4b12150016
+B+: 0x7f4b12150020 0x7f4b1215002b
+B+: 0x7f4b12150030 0x7f4b12150035
+B+: 0x7f4b12150036 0x7f4b1215003f
+B+: 0x7f4b12150040 0x7f4b12150045
+B+: 0x7f4b12150046 0x7f4b1215004f
+B+: 0x7f4b12150050 0x7f4b12150055
+B+: 0x7f4b12150056 0x7f4b1215005f
+B+: 0x7f4b121500b0 0x7f4b121500b5
+B+: 0x7f4b121500b6 0x7f4b121500bf
+B+: 0x7f4b121500c0 0x7f4b121500c5
+B+: 0x7f4b121500c6 0x7f4b121500cf
+B+: 0x7f4b121500e0 0x7f4b121500e5
+B+: 0x7f4b121500f0 0x7f4b12150121
+B+: 0x7f4b12150122 0x7f4b12150127
+B+: 0x7f4b12150128 0x7f4b12150130
+B+: 0x7f4b12150131 0x7f4b12150132
+B+: 0x7f4b12150133 0x7f4b12150137
+B+: 0x7f4b1215013d 0x7f4b12150152
+B+: 0x7f4b12150153 0x7f4b1215015b
+B+: 0x7f4b12150178 0x7f4b12150183
+B+: 0x7f4b12150184 0x7f4b121501a2
+B+: 0x7f4b121501a3 0x7f4b121501b1
+B+: 0x7f4b121501b2 0x7f4b121501b7
+B+: 0x7f4b121501b8 0x7f4b121501c1
+B+: 0x7f4b121501c2 0x7f4b121501c5
+B+: 0x7f4b121501c6 0x7f4b121501ca
+B+: 0x7f4b121501cb 0x7f4b121501d6
+B+: 0x7f4b121501d7 0x7f4b121501db
+B+: 0x7f4b121501dc 0x7f4b121501e0
+B+: 0x7f4b12150213 0x7f4b12150216
+B+: 0x7f4b12150220 0x7f4b12150249
+B+: 0x7f4b12150250 0x7f4b12150262
+B+: 0x7f4b12150278 0x7f4b12150278
+B+: 0x7f4b12150280 0x7f4b121502a3
+B+: 0x7f4b121502b8 0x7f4b121502b8
+B+: 0x7f4b121502c0 0x7f4b121502c8
+B+: 0x7f4b121502c9 0x7f4b121502d6
+B+: 0x7f4b121502d7 0x7f4b121502e2
+B+: 0x7f4b121502e3 0x7f4b121502e7
+B+: 0x7f4b121502e8 0x7f4b121502f0
+B+: 0x7f4b12150300 0x7f4b12150304
+B+: 0x7f4b121503c0 0x7f4b121503ec
+B+: 0x7f4b121503ed 0x7f4b121503f2
+B+: 0x7f4b121503f3 0x7f4b12150404
+B+: 0x7f4b12150405 0x7f4b1215040d
+B+: 0x7f4b1215040e 0x7f4b1215041c
+B+: 0x7f4b12150424 0x7f4b1215042c
+CND+ 0x7f4b1215000e: taken
+CND+ 0x7f4b12150126: taken
+CND+ 0x7f4b1215012b: not taken
+CND+ 0x7f4b12150131: not taken
+CND+ 0x7f4b12150136: taken
+CND+ 0x7f4b1215014d: not taken
+CND+ 0x7f4b121501b6: not taken
+CND+ 0x7f4b121501c4: not taken
+CND+ 0x7f4b121501c9: taken
+CND+ 0x7f4b121501df: taken
+CND+ 0x7f4b12150261: taken
+CND+ 0x7f4b121502a2: taken
+CND+ 0x7f4b121502c7: not taken
+CND+ 0x7f4b121502d5: not taken
+CND+ 0x7f4b121503f1: not taken
+CND+ 0x7f4b1215040c: not taken
@0x7f4b12150026 to 0x7f4b1613f500 5
@0x7f4b12150030 to 0x7f4b12150036 1
@0x7f4b12150040 to 0x7f4b12150046 1
@0x7f4b12150050 to 0x7f4b12150056 1
@0x7f4b121500b0 to 0x7f4b121500b6 1
@0x7f4b121500c0 to 0x7f4b121500c6 1
@0x7f4b121500e0 to 0x7f4b14ca51c0 1
@0x7f4b12150244 to 0x7f4b14c8efb0 1
@0x7f4b12150401 to 0x7f4b12150300 1
