MODULE_NAME: /usr/bin/gs
MODULE_START: 0x7ff8f7cce000
+B+: 0x7ff8f7ccf000 0x7ff8f7ccf00f
+B+: 0x7ff8f7ccf012 0x7ff8f7ccf016
+B+: 0x7ff8f7ccf020 0x7ff8f7ccf02b
+B+: 0x7ff8f7ccf030 0x7ff8f7ccf035
+B+: 0x7ff8f7ccf036 0x7ff8f7ccf03f
+B+: 0x7ff8f7ccf040 0x7ff8f7ccf045
+B+: 0x7ff8f7ccf046 0x7ff8f7ccf04f
+B+: 0x7ff8f7ccf050 0x7ff8f7ccf055
+B+: 0x7ff8f7ccf056 0x7ff8f7ccf05f
+B+: 0x7ff8f7ccf0b0 0x7ff8f7ccf0b5
+B+: 0x7ff8f7ccf0b6 0x7ff8f7ccf0bf
+B+: 0x7ff8f7ccf0c0 0x7ff8f7ccf0c5
+B+: 0x7ff8f7ccf0c6 0x7ff8f7ccf0cf
+B+: 0x7ff8f7ccf0e0 0x7ff8f7ccf0e5
+B+: 0x7ff8f7ccf0f0 0x7ff8f7ccf121
+B+: 0x7ff8f7ccf122 0x7ff8f7ccf127
+B+: 0x7ff8f7ccf128 0x7ff8f7ccf130
+B+: 0x7ff8f7ccf131 0x7ff8f7ccf132
+B+: 0x7ff8f7ccf133 0x7ff8f7ccf137
+B+: 0x7ff8f7ccf13d 0x7ff8f7ccf152
+B+: 0x7ff8f7ccf153 0x7ff8f7ccf15b
+B+: 0x7ff8f7ccf178 0x7ff8f7ccf183
+B+: 0x7ff8f7ccf184 0x7ff8f7ccf1a2
+B+: 0x7ff8f7ccf1a3 0x7ff8f7ccf1b1
+B+: 0x7ff8f7ccf1b2 0x7ff8f7ccf1b7
+B+: 0x7ff8f7ccf1b8 0x7ff8f7ccf1c1
+B+: 0x7ff8f7ccf1c2 0x7ff8f7ccf1c5
+B+: 0x7ff8f7ccf1c6 0x7ff8f7ccf1ca
+B+: 0x7ff8f7ccf1cb 0x7ff8f7ccf1d6
+B+: 0x7ff8f7ccf1d7 0x7ff8f7ccf1db
+B+: 0x7ff8f7ccf1dc 0x7ff8f7ccf1e0
+B+: 0x7ff8f7ccf213 0x7ff8f7ccf216
+B+: 0x7ff8f7ccf220 0x7ff8f7ccf249
+B+: 0x7ff8f7ccf250 0x7ff8f7ccf262
+B+: 0x7ff8f7ccf278 0x7ff8f7ccf278
+B+: 0x7ff8f7ccf280 0x7ff8f7ccf2a3
+B+: 0x7ff8f7ccf2b8 0x7ff8f7ccf2b8
+B+: 0x7ff8f7ccf2c0 0x7ff8f7ccf2c8
+B+: 0x7ff8f7ccf2c9 0x7ff8f7ccf2d6
+B+: 0x7ff8f7ccf2d7 0x7ff8f7ccf2e2
+B+: 0x7ff8f7ccf2e3 0x7ff8f7ccf2e7
+B+: 0x7ff8f7ccf2e8 0x7ff8f7ccf2f0
+B+: 0x7ff8f7ccf300 0x7ff8f7ccf304
+B+: 0x7ff8f7ccf3c0 0x7ff8f7ccf3ec
+B+: 0x7ff8f7ccf3ed 0x7ff8f7ccf3f2
+B+: 0x7ff8f7ccf3f3 0x7ff8f7ccf404
+B+: 0x7ff8f7ccf405 0x7ff8f7ccf40d
+B+: 0x7ff8f7ccf40e 0x7ff8f7ccf41c
+B+: 0x7ff8f7ccf424 0x7ff8f7ccf42c
+CND+ 0x7ff8f7ccf00e: taken
+CND+ 0x7ff8f7ccf126: taken
+CND+ 0x7ff8f7ccf12b: not taken
+CND+ 0x7ff8f7ccf131: not taken
+CND+ 0x7ff8f7ccf136: taken
+CND+ 0x7ff8f7ccf14d: not taken
+CND+ 0x7ff8f7ccf1b6: not taken
+CND+ 0x7ff8f7ccf1c4: not taken
+CND+ 0x7ff8f7ccf1c9: taken
+CND+ 0x7ff8f7ccf1df: taken
+CND+ 0x7ff8f7ccf261: taken
+CND+ 0x7ff8f7ccf2a2: taken
+CND+ 0x7ff8f7ccf2c7: not taken
+CND+ 0x7ff8f7ccf2d5: not taken
+CND+ 0x7ff8f7ccf3f1: not taken
+CND+ 0x7ff8f7ccf40c: not taken
@0x7ff8f7ccf026 to 0x7ff8fbcbe500 5
@0x7ff8f7ccf030 to 0x7ff8f7ccf036 1
@0x7ff8f7ccf040 to 0x7ff8f7ccf046 1
@0x7ff8f7ccf050 to 0x7ff8f7ccf056 1
@0x7ff8f7ccf0b0 to 0x7ff8f7ccf0b6 1
@0x7ff8f7ccf0c0 to 0x7ff8f7ccf0c6 1
@0x7ff8f7ccf0e0 to 0x7ff8fa8241c0 1
@0x7ff8f7ccf244 to 0x7ff8fa80dfb0 1
@0x7ff8f7ccf401 to 0x7ff8f7ccf300 1
