MODULE_NAME: /bin/dash
MODULE_START: 0x7f9034c81000
+B+: 0x7f9034c85000 0x7f9034c8500f
+B+: 0x7f9034c85012 0x7f9034c85016
+B+: 0x7f9034c85050 0x7f9034c85055
+B+: 0x7f9034c85080 0x7f9034c85085
+B+: 0x7f9034c85090 0x7f9034c85095
+B+: 0x7f9034c850a0 0x7f9034c850a5
+B+: 0x7f9034c850d0 0x7f9034c850d5
+B+: 0x7f9034c850f0 0x7f9034c850f5
+B+: 0x7f9034c85130 0x7f9034c85135
+B+: 0x7f9034c85140 0x7f9034c85145
+B+: 0x7f9034c85150 0x7f9034c85155
+B+: 0x7f9034c85160 0x7f9034c85165
+B+: 0x7f9034c85190 0x7f9034c85195
+B+: 0x7f9034c851c0 0x7f9034c851c5
+B+: 0x7f9034c851e0 0x7f9034c851e5
+B+: 0x7f9034c85220 0x7f9034c85225
+B+: 0x7f9034c85230 0x7f9034c85235
+B+: 0x7f9034c85280 0x7f9034c85285
+B+: 0x7f9034c852a0 0x7f9034c852a5
+B+: 0x7f9034c852d0 0x7f9034c852d5
+B+: 0x7f9034c85320 0x7f9034c85325
+B+: 0x7f9034c85330 0x7f9034c85335
+B+: 0x7f9034c85350 0x7f9034c85355
+B+: 0x7f9034c85370 0x7f9034c85375
+B+: 0x7f9034c85390 0x7f9034c85395
+B+: 0x7f9034c853b0 0x7f9034c853b5
+B+: 0x7f9034c853c0 0x7f9034c853c5
+B+: 0x7f9034c853e0 0x7f9034c853e5
+B+: 0x7f9034c85410 0x7f9034c85415
+B+: 0x7f9034c85460 0x7f9034c85465
+B+: 0x7f9034c85510 0x7f9034c85515
+B+: 0x7f9034c85560 0x7f9034c85565
+B+: 0x7f9034c85570 0x7f9034c85575
+B+: 0x7f9034c85590 0x7f9034c855b8
+B+: 0x7f9034c855b9 0x7f9034c855c4
+B+: 0x7f9034c855c5 0x7f9034c855cf
+B+: 0x7f9034c855d0 0x7f9034c855e7
+B+: 0x7f9034c855e8 0x7f9034c855ef
+B+: 0x7f9034c855f0 0x7f9034c85600
+B+: 0x7f9034c85601 0x7f9034c8560b
+B+: 0x7f9034c8560c 0x7f9034c85615
+B+: 0x7f9034c85616 0x7f9034c85623
+B+: 0x7f9034c85624 0x7f9034c8562b
+B+: 0x7f9034c8562c 0x7f9034c8563c
+B+: 0x7f9034c85657 0x7f9034c85660
+B+: 0x7f9034c85661 0x7f9034c85678
+B+: 0x7f9034c85679 0x7f9034c8567f
+B+: 0x7f9034c85680 0x7f9034c8568c
+B+: 0x7f9034c8568d 0x7f9034c85696
+B+: 0x7f9034c85697 0x7f9034c8569b
+B+: 0x7f9034c85760 0x7f9034c85789
+B+: 0x7f9034c857c0 0x7f9034c857e3
+B+: 0x7f9034c857f8 0x7f9034c857f8
+B+: 0x7f9034c85840 0x7f9034c85844
+B+: 0x7f9034c85850 0x7f9034c85863
+B+: 0x7f9034c85864 0x7f9034c8586f
+B+: 0x7f9034c85870 0x7f9034c8587d
+B+: 0x7f9034c8587e 0x7f9034c858aa
+B+: 0x7f9034c858ab 0x7f9034c858ac
+B+: 0x7f9034c858cb 0x7f9034c858d2
+B+: 0x7f9034c85a50 0x7f9034c85a57
+B+: 0x7f9034c85a58 0x7f9034c85a5e
+B+: 0x7f9034c85a5f 0x7f9034c85a63
+B+: 0x7f9034c85a71 0x7f9034c85a72
+B+: 0x7f9034c866d0 0x7f9034c866eb
+B+: 0x7f9034c866ec 0x7f9034c86705
+B+: 0x7f9034c86717 0x7f9034c8671b
+B+: 0x7f9034c8671c 0x7f9034c86720
+B+: 0x7f9034c8672c 0x7f9034c86730
+B+: 0x7f9034c8673e 0x7f9034c8674d
+B+: 0x7f9034c8674e 0x7f9034c86757
+B+: 0x7f9034c86758 0x7f9034c86775
+B+: 0x7f9034c86780 0x7f9034c86788
+B+: 0x7f9034c86789 0x7f9034c86790
+B+: 0x7f9034c86791 0x7f9034c8679c
+B+: 0x7f9034c87060 0x7f9034c8707e
+B+: 0x7f9034c8710d 0x7f9034c8711c
+B+: 0x7f9034c8711d 0x7f9034c87123
+B+: 0x7f9034c87140 0x7f9034c8714a
+B+: 0x7f9034c8714b 0x7f9034c87152
+B+: 0x7f9034c87153 0x7f9034c8715d
+B+: 0x7f9034c8715e 0x7f9034c8716f
+B+: 0x7f9034c87188 0x7f9034c8718c
+B+: 0x7f9034c8718d 0x7f9034c87191
+B+: 0x7f9034c87192 0x7f9034c8719c
+B+: 0x7f9034c871a7 0x7f9034c871ad
+B+: 0x7f9034c871ae 0x7f9034c871b5
+B+: 0x7f9034c871c0 0x7f9034c871cf
+B+: 0x7f9034c87bc0 0x7f9034c87bfa
+B+: 0x7f9034c87bfb 0x7f9034c87c07
+B+: 0x7f9034c87c08 0x7f9034c87c0f
+B+: 0x7f9034c87c10 0x7f9034c87c11
+B+: 0x7f9034c87c18 0x7f9034c87c21
+B+: 0x7f9034c87c22 0x7f9034c87c2e
+B+: 0x7f9034c87c32 0x7f9034c87c39
+B+: 0x7f9034c87c3a 0x7f9034c87c49
+B+: 0x7f9034c87c4a 0x7f9034c87c51
+B+: 0x7f9034c87c52 0x7f9034c87c58
+B+: 0x7f9034c87c59 0x7f9034c87c60
+B+: 0x7f9034c87c61 0x7f9034c87c68
+B+: 0x7f9034c87c69 0x7f9034c87c6d
+B+: 0x7f9034c87c6e 0x7f9034c87c77
+B+: 0x7f9034c87c78 0x7f9034c87c89
+B+: 0x7f9034c87c8a 0x7f9034c87c98
+B+: 0x7f9034c87e90 0x7f9034c87ed3
+B+: 0x7f9034c87edf 0x7f9034c87ef5
+B+: 0x7f9034c87ef6 0x7f9034c87efa
+B+: 0x7f9034c87efb 0x7f9034c87f5a
+B+: 0x7f9034c87f5b 0x7f9034c87f67
+B+: 0x7f9034c87f68 0x7f9034c87f77
+B+: 0x7f9034c87f78 0x7f9034c87f7f
+B+: 0x7f9034c87f80 0x7f9034c87f8b
+B+: 0x7f9034c87f8c 0x7f9034c87f94
+B+: 0x7f9034c87f95 0x7f9034c87f9b
+B+: 0x7f9034c87fa0 0x7f9034c87faf
+B+: 0x7f9034c87fb0 0x7f9034c87fc5
+B+: 0x7f9034c87fc6 0x7f9034c87fcf
+B+: 0x7f9034c87fd0 0x7f9034c87fe3
+B+: 0x7f9034c87fe4 0x7f9034c87ffc
+B+: 0x7f9034c88019 0x7f9034c8802b
+B+: 0x7f9034c8802c 0x7f9034c88034
+B+: 0x7f9034c88035 0x7f9034c88047
+B+: 0x7f9034c88048 0x7f9034c8805b
+B+: 0x7f9034c880a8 0x7f9034c880b4
+B+: 0x7f9034c880b5 0x7f9034c880b9
+B+: 0x7f9034c880db 0x7f9034c880e1
+B+: 0x7f9034c880f0 0x7f9034c88103
+B+: 0x7f9034c88104 0x7f9034c88113
+B+: 0x7f9034c88114 0x7f9034c8811b
+B+: 0x7f9034c8811c 0x7f9034c88122
+B+: 0x7f9034c88123 0x7f9034c88152
+B+: 0x7f9034c88153 0x7f9034c8815f
+B+: 0x7f9034c88160 0x7f9034c88168
+B+: 0x7f9034c88216 0x7f9034c8821c
+B+: 0x7f9034c88224 0x7f9034c8822d
+B+: 0x7f9034c8822e 0x7f9034c88237
+B+: 0x7f9034c88238 0x7f9034c88241
+B+: 0x7f9034c88242 0x7f9034c8824b
+B+: 0x7f9034c8825d 0x7f9034c88266
+B+: 0x7f9034c88267 0x7f9034c88281
+B+: 0x7f9034c88282 0x7f9034c88293
+B+: 0x7f9034c8834c 0x7f9034c88353
+B+: 0x7f9034c88354 0x7f9034c8836f
+B+: 0x7f9034c8851b 0x7f9034c88525
+B+: 0x7f9034c88526 0x7f9034c8852e
+B+: 0x7f9034c8852f 0x7f9034c88537
+B+: 0x7f9034c888d0 0x7f9034c888ec
+B+: 0x7f9034c888ed 0x7f9034c888f1
+B+: 0x7f9034c888f8 0x7f9034c888fa
+B+: 0x7f9034c888fb 0x7f9034c88907
+B+: 0x7f9034c88908 0x7f9034c8893e
+B+: 0x7f9034c8893f 0x7f9034c88940
+B+: 0x7f9034c88963 0x7f9034c88977
+B+: 0x7f9034c88980 0x7f9034c88986
+B+: 0x7f9034c88987 0x7f9034c8898e
+B+: 0x7f9034c8898f 0x7f9034c88997
+B+: 0x7f9034c88998 0x7f9034c889ba
+B+: 0x7f9034c889bb 0x7f9034c889bc
+B+: 0x7f9034c889c0 0x7f9034c889e7
+B+: 0x7f9034c889e8 0x7f9034c889f7
+B+: 0x7f9034c88a19 0x7f9034c88a21
+B+: 0x7f9034c88a22 0x7f9034c88a2a
+B+: 0x7f9034c88a2b 0x7f9034c88a34
+B+: 0x7f9034c88a35 0x7f9034c88a3f
+B+: 0x7f9034c88ad0 0x7f9034c88ae9
+B+: 0x7f9034c88aea 0x7f9034c88b00
+B+: 0x7f9034c88b10 0x7f9034c88b1f
+B+: 0x7f9034c88b20 0x7f9034c88b2b
+B+: 0x7f9034c88b2c 0x7f9034c88b31
+B+: 0x7f9034c88b32 0x7f9034c88b41
+B+: 0x7f9034c88b56 0x7f9034c88b61
+B+: 0x7f9034c88b62 0x7f9034c88b6f
+B+: 0x7f9034c88b70 0x7f9034c88b85
+B+: 0x7f9034c88b86 0x7f9034c88b97
+B+: 0x7f9034c88b98 0x7f9034c88bc0
+B+: 0x7f9034c88bc8 0x7f9034c88bcc
+B+: 0x7f9034c88bcd 0x7f9034c88bea
+B+: 0x7f9034c88d70 0x7f9034c88d98
+B+: 0x7f9034c88da0 0x7f9034c88da1
+B+: 0x7f9034c88da2 0x7f9034c88daa
+B+: 0x7f9034c88dab 0x7f9034c88dc5
+B+: 0x7f9034c88dc6 0x7f9034c88dc9
+B+: 0x7f9034c88dca 0x7f9034c88dd1
+B+: 0x7f9034c88dd2 0x7f9034c88de6
+B+: 0x7f9034c88df0 0x7f9034c88e2a
+B+: 0x7f9034c88e2b 0x7f9034c88e2f
+B+: 0x7f9034c88e46 0x7f9034c88e5c
+B+: 0x7f9034c88e5d 0x7f9034c88e6e
+B+: 0x7f9034c88e90 0x7f9034c88ead
+B+: 0x7f9034c88ec8 0x7f9034c88ed1
+B+: 0x7f9034c88ed2 0x7f9034c88edd
+B+: 0x7f9034c88f6c 0x7f9034c88f8f
+B+: 0x7f9034c88f90 0x7f9034c88f9c
+B+: 0x7f9034c88f9d 0x7f9034c88fa8
+B+: 0x7f9034c88fa9 0x7f9034c88fb0
+B+: 0x7f9034c88fb1 0x7f9034c88fc5
+B+: 0x7f9034c89008 0x7f9034c89012
+B+: 0x7f9034c89013 0x7f9034c8901e
+B+: 0x7f9034c8901f 0x7f9034c8902e
+B+: 0x7f9034c89060 0x7f9034c89066
+B+: 0x7f9034c89067 0x7f9034c89074
+B+: 0x7f9034c89075 0x7f9034c89086
+B+: 0x7f9034c89087 0x7f9034c8908e
+B+: 0x7f9034c8908f 0x7f9034c890a2
+B+: 0x7f9034c890a3 0x7f9034c890b0
+B+: 0x7f9034c89100 0x7f9034c89116
+B+: 0x7f9034c89145 0x7f9034c8914d
+B+: 0x7f9034c8914e 0x7f9034c89157
+B+: 0x7f9034c89160 0x7f9034c89166
+B+: 0x7f9034c891c0 0x7f9034c891d1
+B+: 0x7f9034c891e8 0x7f9034c891ef
+B+: 0x7f9034c89248 0x7f9034c8925b
+B+: 0x7f9034c8925c 0x7f9034c89271
+B+: 0x7f9034c897d0 0x7f9034c897ff
+B+: 0x7f9034c8980f 0x7f9034c89812
+B+: 0x7f9034c89813 0x7f9034c8981c
+B+: 0x7f9034c8981d 0x7f9034c89820
+B+: 0x7f9034c89821 0x7f9034c8982f
+B+: 0x7f9034c89830 0x7f9034c8983a
+B+: 0x7f9034c8984f 0x7f9034c8985a
+B+: 0x7f9034c8985f 0x7f9034c89862
+B+: 0x7f9034c89870 0x7f9034c89877
+B+: 0x7f9034c89878 0x7f9034c8988d
+B+: 0x7f9034c8a440 0x7f9034c8a464
+B+: 0x7f9034c8a61e 0x7f9034c8a627
+B+: 0x7f9034c8a628 0x7f9034c8a631
+B+: 0x7f9034c8a632 0x7f9034c8a659
+B+: 0x7f9034c8a6af 0x7f9034c8a6bc
+B+: 0x7f9034c8a6c0 0x7f9034c8a6cb
+B+: 0x7f9034c8a730 0x7f9034c8a73b
+B+: 0x7f9034c8a740 0x7f9034c8a75e
+B+: 0x7f9034c8a75f 0x7f9034c8a767
+B+: 0x7f9034c8a7d2 0x7f9034c8a7e3
+B+: 0x7f9034c8a8a0 0x7f9034c8a8a7
+B+: 0x7f9034c8b260 0x7f9034c8b2a5
+B+: 0x7f9034c8b2b5 0x7f9034c8b2be
+B+: 0x7f9034c8b2bf 0x7f9034c8b2d2
+B+: 0x7f9034c8b2d3 0x7f9034c8b2fc
+B+: 0x7f9034c8b2fd 0x7f9034c8b310
+B+: 0x7f9034c8b324 0x7f9034c8b328
+B+: 0x7f9034c8b336 0x7f9034c8b33f
+B+: 0x7f9034c8b340 0x7f9034c8b344
+B+: 0x7f9034c8b370 0x7f9034c8b386
+B+: 0x7f9034c8b387 0x7f9034c8b398
+B+: 0x7f9034c8b3a0 0x7f9034c8b3b6
+B+: 0x7f9034c8b3b7 0x7f9034c8b3d7
+B+: 0x7f9034c8b3dd 0x7f9034c8b3ec
+B+: 0x7f9034c8b850 0x7f9034c8b886
+B+: 0x7f9034c8b887 0x7f9034c8b89a
+B+: 0x7f9034c8b89b 0x7f9034c8b8ad
+B+: 0x7f9034c8b8ae 0x7f9034c8b8c4
+B+: 0x7f9034c8b8c5 0x7f9034c8b8d7
+B+: 0x7f9034c8b8d8 0x7f9034c8b8e7
+B+: 0x7f9034c8b8e8 0x7f9034c8b90c
+B+: 0x7f9034c8b90d 0x7f9034c8b915
+B+: 0x7f9034c8b924 0x7f9034c8b933
+B+: 0x7f9034c8b934 0x7f9034c8b947
+B+: 0x7f9034c8b948 0x7f9034c8b954
+B+: 0x7f9034c8b955 0x7f9034c8b95f
+B+: 0x7f9034c8b960 0x7f9034c8b964
+B+: 0x7f9034c8ba6a 0x7f9034c8ba7c
+B+: 0x7f9034c8ba7d 0x7f9034c8ba9c
+B+: 0x7f9034c8bba0 0x7f9034c8bbad
+B+: 0x7f9034c8bbae 0x7f9034c8bbe1
+B+: 0x7f9034c8bbf0 0x7f9034c8bbfb
+B+: 0x7f9034c8bdb0 0x7f9034c8bdbd
+B+: 0x7f9034c8bdbe 0x7f9034c8bdca
+B+: 0x7f9034c8bdcb 0x7f9034c8bde3
+B+: 0x7f9034c8bde8 0x7f9034c8bdf4
+B+: 0x7f9034c8bdf8 0x7f9034c8be04
+B+: 0x7f9034c8be05 0x7f9034c8be12
+B+: 0x7f9034c8be13 0x7f9034c8be1d
+B+: 0x7f9034c8beb4 0x7f9034c8bec1
+B+: 0x7f9034c8c160 0x7f9034c8c174
+B+: 0x7f9034c8c175 0x7f9034c8c187
+B+: 0x7f9034c8c188 0x7f9034c8c1a2
+B+: 0x7f9034c8c1a3 0x7f9034c8c1ac
+B+: 0x7f9034c8c1ad 0x7f9034c8c1b3
+B+: 0x7f9034c8c1d0 0x7f9034c8c1e5
+B+: 0x7f9034c8c1eb 0x7f9034c8c1f3
+B+: 0x7f9034c8c205 0x7f9034c8c20b
+B+: 0x7f9034c8c20c 0x7f9034c8c21d
+B+: 0x7f9034c8c21e 0x7f9034c8c226
+B+: 0x7f9034c8c227 0x7f9034c8c230
+B+: 0x7f9034c8c231 0x7f9034c8c232
+B+: 0x7f9034c8c240 0x7f9034c8c248
+B+: 0x7f9034c8c260 0x7f9034c8c260
+B+: 0x7f9034c8c520 0x7f9034c8c534
+B+: 0x7f9034c8c572 0x7f9034c8c578
+B+: 0x7f9034c8c580 0x7f9034c8c583
+B+: 0x7f9034c8c610 0x7f9034c8c656
+B+: 0x7f9034c8c65b 0x7f9034c8c686
+B+: 0x7f9034c8c687 0x7f9034c8c69d
+B+: 0x7f9034c8c6fc 0x7f9034c8c708
+B+: 0x7f9034c8c709 0x7f9034c8c711
+B+: 0x7f9034c8c712 0x7f9034c8c72a
+B+: 0x7f9034c8c72b 0x7f9034c8c73c
+B+: 0x7f9034c8c740 0x7f9034c8c747
+B+: 0x7f9034c8c748 0x7f9034c8c75f
+B+: 0x7f9034c8c760 0x7f9034c8c766
+B+: 0x7f9034c8c767 0x7f9034c8c780
+B+: 0x7f9034c8c790 0x7f9034c8c793
+B+: 0x7f9034c8c794 0x7f9034c8c798
+B+: 0x7f9034c8c7a2 0x7f9034c8c7aa
+B+: 0x7f9034c8c7ab 0x7f9034c8c7ae
+B+: 0x7f9034c8c7af 0x7f9034c8c7bd
+B+: 0x7f9034c8c7cb 0x7f9034c8c7d3
+B+: 0x7f9034c8c825 0x7f9034c8c841
+B+: 0x7f9034c8c842 0x7f9034c8c84d
+B+: 0x7f9034c8c87e 0x7f9034c8c88e
+B+: 0x7f9034c8c88f 0x7f9034c8c8a0
+B+: 0x7f9034c8c8a1 0x7f9034c8c8ad
+B+: 0x7f9034c8cc10 0x7f9034c8cc30
+B+: 0x7f9034c8cc31 0x7f9034c8cc58
+B+: 0x7f9034c8cc5e 0x7f9034c8cc66
+B+: 0x7f9034c8cc67 0x7f9034c8cc6f
+B+: 0x7f9034c8cc78 0x7f9034c8cc87
+B+: 0x7f9034c8cc88 0x7f9034c8cc89
+B+: 0x7f9034c8cca0 0x7f9034c8ccaf
+B+: 0x7f9034c8ccba 0x7f9034c8ccc4
+B+: 0x7f9034c8cce0 0x7f9034c8cce8
+B+: 0x7f9034c8d360 0x7f9034c8d36b
+B+: 0x7f9034c8d480 0x7f9034c8d480
+B+: 0x7f9034c8d9c0 0x7f9034c8d9db
+B+: 0x7f9034c8da16 0x7f9034c8da32
+B+: 0x7f9034c8da33 0x7f9034c8da52
+B+: 0x7f9034c8da63 0x7f9034c8da6a
+B+: 0x7f9034c8da90 0x7f9034c8daa6
+B+: 0x7f9034c8daa7 0x7f9034c8daae
+B+: 0x7f9034c8daaf 0x7f9034c8dab6
+B+: 0x7f9034c8daf6 0x7f9034c8db01
+B+: 0x7f9034c8db0c 0x7f9034c8db34
+B+: 0x7f9034c8db40 0x7f9034c8db57
+B+: 0x7f9034c8db58 0x7f9034c8db5f
+B+: 0x7f9034c8db60 0x7f9034c8db67
+B+: 0x7f9034c8db68 0x7f9034c8db70
+B+: 0x7f9034c8db71 0x7f9034c8db7a
+B+: 0x7f9034c8db7b 0x7f9034c8db80
+B+: 0x7f9034c8db97 0x7f9034c8db9c
+B+: 0x7f9034c8dc0a 0x7f9034c8dc3d
+B+: 0x7f9034c8dc47 0x7f9034c8dc53
+B+: 0x7f9034c8ded0 0x7f9034c8dede
+B+: 0x7f9034c8dedf 0x7f9034c8dee7
+B+: 0x7f9034c8dee8 0x7f9034c8defc
+B+: 0x7f9034c8defd 0x7f9034c8df02
+B+: 0x7f9034c8df03 0x7f9034c8df1b
+B+: 0x7f9034c8df1c 0x7f9034c8df21
+B+: 0x7f9034c8df22 0x7f9034c8df2b
+B+: 0x7f9034c8dfc0 0x7f9034c8dfc7
+B+: 0x7f9034c8dfc8 0x7f9034c8dfd0
+B+: 0x7f9034c8e760 0x7f9034c8e768
+B+: 0x7f9034c8e769 0x7f9034c8e76d
+B+: 0x7f9034c8e76e 0x7f9034c8e772
+B+: 0x7f9034c8e780 0x7f9034c8e788
+B+: 0x7f9034c8e789 0x7f9034c8e78d
+B+: 0x7f9034c8e78e 0x7f9034c8e792
+B+: 0x7f9034c8e7c0 0x7f9034c8e7d9
+B+: 0x7f9034c8e7da 0x7f9034c8e7e6
+B+: 0x7f9034c8e7f7 0x7f9034c8e802
+B+: 0x7f9034c8e803 0x7f9034c8e80b
+B+: 0x7f9034c8e80c 0x7f9034c8e841
+B+: 0x7f9034c8e842 0x7f9034c8e84b
+B+: 0x7f9034c8e84c 0x7f9034c8e852
+B+: 0x7f9034c8e853 0x7f9034c8e875
+B+: 0x7f9034c8e880 0x7f9034c8e88e
+B+: 0x7f9034c8e8b0 0x7f9034c8e8c8
+B+: 0x7f9034c8e900 0x7f9034c8e941
+B+: 0x7f9034c8e950 0x7f9034c8e966
+B+: 0x7f9034c8e967 0x7f9034c8e97e
+B+: 0x7f9034c8e97f 0x7f9034c8e98a
+B+: 0x7f9034c8e98b 0x7f9034c8e9b3
+B+: 0x7f9034c8e9b4 0x7f9034c8e9bd
+B+: 0x7f9034c8e9be 0x7f9034c8e9bf
+B+: 0x7f9034c8e9d0 0x7f9034c8e9e8
+B+: 0x7f9034c8e9e9 0x7f9034c8ea14
+B+: 0x7f9034c8ea1e 0x7f9034c8ea25
+B+: 0x7f9034c8ea26 0x7f9034c8ea33
+B+: 0x7f9034c8ea34 0x7f9034c8ea46
+B+: 0x7f9034c8eae0 0x7f9034c8eafe
+B+: 0x7f9034c8eaff 0x7f9034c8eb0c
+B+: 0x7f9034c8eb0d 0x7f9034c8eb1b
+B+: 0x7f9034c8eb1c 0x7f9034c8eb2c
+B+: 0x7f9034c8eb40 0x7f9034c8eb62
+B+: 0x7f9034c8eb98 0x7f9034c8eba9
+B+: 0x7f9034c8f6d0 0x7f9034c8f6f4
+B+: 0x7f9034c8f6f5 0x7f9034c8f70d
+B+: 0x7f9034c8f70e 0x7f9034c8f712
+B+: 0x7f9034c8f713 0x7f9034c8f71e
+B+: 0x7f9034c8f71f 0x7f9034c8f723
+B+: 0x7f9034c8f724 0x7f9034c8f728
+B+: 0x7f9034c8f729 0x7f9034c8f730
+B+: 0x7f9034c8f73c 0x7f9034c8f749
+B+: 0x7f9034c8f74a 0x7f9034c8f74d
+B+: 0x7f9034c8f74e 0x7f9034c8f760
+B+: 0x7f9034c8f761 0x7f9034c8f76b
+B+: 0x7f9034c8f790 0x7f9034c8f79d
+B+: 0x7f9034c8f79e 0x7f9034c8f7a5
+B+: 0x7f9034c8f7a6 0x7f9034c8f7a7
+B+: 0x7f9034c8f890 0x7f9034c8f89d
+B+: 0x7f9034c8f89e 0x7f9034c8f8a9
+B+: 0x7f9034c8f8aa 0x7f9034c8f8bd
+B+: 0x7f9034c8f8c0 0x7f9034c8f8ca
+B+: 0x7f9034c8f8d0 0x7f9034c8f8ef
+B+: 0x7f9034c8f8f0 0x7f9034c8f8f4
+B+: 0x7f9034c8f8f5 0x7f9034c8f90c
+B+: 0x7f9034c8f90d 0x7f9034c8f910
+B+: 0x7f9034c8f911 0x7f9034c8f912
+B+: 0x7f9034c8f913 0x7f9034c8f91b
+B+: 0x7f9034c8f91c 0x7f9034c8f930
+B+: 0x7f9034c8f938 0x7f9034c8f93c
+B+: 0x7f9034c8f980 0x7f9034c8f98f
+B+: 0x7f9034c8f990 0x7f9034c8f99b
+B+: 0x7f9034c8f99c 0x7f9034c8f9ab
+B+: 0x7f9034c8fa80 0x7f9034c8fa93
+B+: 0x7f9034c8fa94 0x7f9034c8faac
+B+: 0x7f9034c8faad 0x7f9034c8fabf
+B+: 0x7f9034c8fac0 0x7f9034c8fada
+B+: 0x7f9034c8fadb 0x7f9034c8fae3
+B+: 0x7f9034c8faec 0x7f9034c8faf8
+B+: 0x7f9034c8faf9 0x7f9034c8fb02
+B+: 0x7f9034c8fb03 0x7f9034c8fb06
+B+: 0x7f9034c8fb07 0x7f9034c8fb1a
+B+: 0x7f9034c8fc49 0x7f9034c8fc55
+B+: 0x7f9034c8fc56 0x7f9034c8fc67
+B+: 0x7f9034c8fc82 0x7f9034c8fc93
+B+: 0x7f9034c8fd77 0x7f9034c8fd82
+B+: 0x7f9034c8fda0 0x7f9034c8fdb2
+B+: 0x7f9034c8fdb3 0x7f9034c8fddf
+B+: 0x7f9034c8fde0 0x7f9034c8fdeb
+B+: 0x7f9034c8fdec 0x7f9034c8fdfc
+B+: 0x7f9034c8fdfd 0x7f9034c8fe18
+B+: 0x7f9034c8fe19 0x7f9034c8fe25
+B+: 0x7f9034c8fe26 0x7f9034c8fe2e
+B+: 0x7f9034c8fe2f 0x7f9034c8fe3f
+B+: 0x7f9034c8fe40 0x7f9034c8fe44
+B+: 0x7f9034c8fe45 0x7f9034c8fe50
+B+: 0x7f9034c8fe51 0x7f9034c8fe5d
+B+: 0x7f9034c8fe5e 0x7f9034c8fe77
+B+: 0x7f9034c8fece 0x7f9034c8fed2
+B+: 0x7f9034c8fed3 0x7f9034c8fede
+B+: 0x7f9034c8fee0 0x7f9034c8feec
+B+: 0x7f9034c8ff60 0x7f9034c8ff7c
+B+: 0x7f9034c90120 0x7f9034c90128
+B+: 0x7f9034c90129 0x7f9034c90147
+B+: 0x7f9034c90750 0x7f9034c9075e
+B+: 0x7f9034c9075f 0x7f9034c90763
+B+: 0x7f9034c90764 0x7f9034c90770
+B+: 0x7f9034c90771 0x7f9034c90777
+B+: 0x7f9034c90778 0x7f9034c90783
+B+: 0x7f9034c90784 0x7f9034c90788
+B+: 0x7f9034c90789 0x7f9034c9078d
+B+: 0x7f9034c9078e 0x7f9034c90796
+B+: 0x7f9034c90797 0x7f9034c9079e
+B+: 0x7f9034c90890 0x7f9034c90892
+B+: 0x7f9034c908a7 0x7f9034c908ab
+B+: 0x7f9034c908ac 0x7f9034c908b2
+B+: 0x7f9034c908b3 0x7f9034c908b6
+B+: 0x7f9034c908d0 0x7f9034c908e1
+B+: 0x7f9034c908e2 0x7f9034c908e6
+B+: 0x7f9034c908e7 0x7f9034c908eb
+B+: 0x7f9034c908ec 0x7f9034c908f1
+B+: 0x7f9034c908f2 0x7f9034c908fa
+B+: 0x7f9034c908fb 0x7f9034c908fc
+B+: 0x7f9034c90940 0x7f9034c90948
+B+: 0x7f9034c90949 0x7f9034c90951
+B+: 0x7f9034c90980 0x7f9034c90988
+B+: 0x7f9034c90989 0x7f9034c9098a
+B+: 0x7f9034c9098b 0x7f9034c90991
+B+: 0x7f9034c90992 0x7f9034c909a2
+B+: 0x7f9034c909a8 0x7f9034c909ac
+B+: 0x7f9034c909eb 0x7f9034c90a00
+B+: 0x7f9034c90a08 0x7f9034c90a10
+B+: 0x7f9034c90af0 0x7f9034c90b11
+B+: 0x7f9034c90b12 0x7f9034c90b16
+B+: 0x7f9034c90b17 0x7f9034c90b1d
+B+: 0x7f9034c90b1e 0x7f9034c90b26
+B+: 0x7f9034c90b27 0x7f9034c90b34
+B+: 0x7f9034c90b35 0x7f9034c90b3c
+B+: 0x7f9034c90b3d 0x7f9034c90b49
+B+: 0x7f9034c90b4a 0x7f9034c90b5a
+B+: 0x7f9034c90b5b 0x7f9034c90b63
+B+: 0x7f9034c90b7f 0x7f9034c90b93
+B+: 0x7f9034c90b94 0x7f9034c90b9c
+B+: 0x7f9034c90be0 0x7f9034c90bf7
+B+: 0x7f9034c90bf8 0x7f9034c90c00
+B+: 0x7f9034c90c1b 0x7f9034c90c2b
+B+: 0x7f9034c90d40 0x7f9034c90d5e
+B+: 0x7f9034c90d5f 0x7f9034c90d6d
+B+: 0x7f9034c90d6e 0x7f9034c90d72
+B+: 0x7f9034c90d7d 0x7f9034c90d90
+B+: 0x7f9034c90d91 0x7f9034c90d95
+B+: 0x7f9034c90d96 0x7f9034c90d9a
+B+: 0x7f9034c90da0 0x7f9034c90da4
+B+: 0x7f9034c90dd5 0x7f9034c90dd9
+B+: 0x7f9034c90dda 0x7f9034c90dde
+B+: 0x7f9034c90df0 0x7f9034c90dfb
+B+: 0x7f9034c90dfc 0x7f9034c90e07
+B+: 0x7f9034c90e08 0x7f9034c90e10
+B+: 0x7f9034c90e2c 0x7f9034c90e30
+B+: 0x7f9034c90e31 0x7f9034c90e36
+B+: 0x7f9034c90e41 0x7f9034c90e45
+B+: 0x7f9034c90e46 0x7f9034c90e54
+B+: 0x7f9034c90e55 0x7f9034c90e5d
+B+: 0x7f9034c90e5e 0x7f9034c90e62
+B+: 0x7f9034c90e63 0x7f9034c90e74
+B+: 0x7f9034c90e78 0x7f9034c90e84
+B+: 0x7f9034c90ea0 0x7f9034c90ea4
+B+: 0x7f9034c90ef0 0x7f9034c90f03
+B+: 0x7f9034c90f40 0x7f9034c90f76
+B+: 0x7f9034c90f77 0x7f9034c90f82
+B+: 0x7f9034c90f83 0x7f9034c90f92
+B+: 0x7f9034c9101b 0x7f9034c91031
+B+: 0x7f9034c91032 0x7f9034c91040
+B+: 0x7f9034c91075 0x7f9034c910b8
+B+: 0x7f9034c910b9 0x7f9034c910c3
+B+: 0x7f9034c910c4 0x7f9034c910cc
+B+: 0x7f9034c910cd 0x7f9034c910d5
+B+: 0x7f9034c910d6 0x7f9034c910de
+B+: 0x7f9034c910df 0x7f9034c91106
+B+: 0x7f9034c91107 0x7f9034c91133
+B+: 0x7f9034c91578 0x7f9034c91581
+B+: 0x7f9034c91582 0x7f9034c915a8
+B+: 0x7f9034c915a9 0x7f9034c915b6
+B+: 0x7f9034c915d0 0x7f9034c915e0
+B+: 0x7f9034c915e1 0x7f9034c915ee
+B+: 0x7f9034c915ef 0x7f9034c915f3
+B+: 0x7f9034c91670 0x7f9034c9167e
+B+: 0x7f9034c9167f 0x7f9034c91683
+B+: 0x7f9034c91684 0x7f9034c91692
+B+: 0x7f9034c91693 0x7f9034c9169a
+B+: 0x7f9034c9169b 0x7f9034c916a2
+B+: 0x7f9034c916a3 0x7f9034c916b7
+B+: 0x7f9034c91790 0x7f9034c917bc
+B+: 0x7f9034c917bd 0x7f9034c917d4
+B+: 0x7f9034c917e0 0x7f9034c9183a
+B+: 0x7f9034c9183b 0x7f9034c91875
+B+: 0x7f9034c91876 0x7f9034c91893
+B+: 0x7f9034c91894 0x7f9034c918a3
+B+: 0x7f9034c918a4 0x7f9034c918b0
+B+: 0x7f9034c919b4 0x7f9034c919b8
+B+: 0x7f9034c919b9 0x7f9034c919cf
+B+: 0x7f9034c919d0 0x7f9034c919dc
+B+: 0x7f9034c919dd 0x7f9034c919ef
+B+: 0x7f9034c919f0 0x7f9034c919f7
+B+: 0x7f9034c91a01 0x7f9034c91a16
+B+: 0x7f9034c91a28 0x7f9034c91a3d
+B+: 0x7f9034c91a3e 0x7f9034c91a4d
+B+: 0x7f9034c91a79 0x7f9034c91a97
+B+: 0x7f9034c91a98 0x7f9034c91ac0
+B+: 0x7f9034c91ac1 0x7f9034c91acf
+B+: 0x7f9034c92148 0x7f9034c92154
+B+: 0x7f9034c92155 0x7f9034c92174
+B+: 0x7f9034c92175 0x7f9034c9217f
+B+: 0x7f9034c921ac 0x7f9034c921b0
+B+: 0x7f9034c921b1 0x7f9034c921b5
+B+: 0x7f9034c92a40 0x7f9034c92a64
+B+: 0x7f9034c92b10 0x7f9034c92b1a
+B+: 0x7f9034c92b40 0x7f9034c92b47
+B+: 0x7f9034c92b48 0x7f9034c92b51
+B+: 0x7f9034c92b58 0x7f9034c92b60
+B+: 0x7f9034c92b61 0x7f9034c92b6a
+B+: 0x7f9034c92b88 0x7f9034c92b8c
+B+: 0x7f9034c92b8d 0x7f9034c92b94
+B+: 0x7f9034c92ba0 0x7f9034c92ba4
+B+: 0x7f9034c92d00 0x7f9034c92d30
+B+: 0x7f9034c92e3f 0x7f9034c92e55
+B+: 0x7f9034c92e56 0x7f9034c92e67
+B+: 0x7f9034c931e0 0x7f9034c93222
+B+: 0x7f9034c93223 0x7f9034c93228
+B+: 0x7f9034c9324c 0x7f9034c93260
+B+: 0x7f9034c93261 0x7f9034c93269
+B+: 0x7f9034c93270 0x7f9034c93279
+B+: 0x7f9034c93288 0x7f9034c932a0
+B+: 0x7f9034c932a1 0x7f9034c932ba
+B+: 0x7f9034c932bb 0x7f9034c932bc
+B+: 0x7f9034c932d0 0x7f9034c932d8
+B+: 0x7f9034c932f8 0x7f9034c932f8
+B+: 0x7f9034c93300 0x7f9034c9330c
+B+: 0x7f9034c9333f 0x7f9034c93343
+B+: 0x7f9034c93380 0x7f9034c93384
+B+: 0x7f9034c933d0 0x7f9034c933e3
+B+: 0x7f9034c93400 0x7f9034c93400
+B+: 0x7f9034c93420 0x7f9034c9345b
+B+: 0x7f9034c93467 0x7f9034c93471
+B+: 0x7f9034c93472 0x7f9034c93489
+B+: 0x7f9034c9348a 0x7f9034c9348d
+B+: 0x7f9034c9348e 0x7f9034c93494
+B+: 0x7f9034c93495 0x7f9034c9349d
+B+: 0x7f9034c9349e 0x7f9034c934a9
+B+: 0x7f9034c934aa 0x7f9034c934c2
+B+: 0x7f9034c934c3 0x7f9034c934ce
+B+: 0x7f9034c934cf 0x7f9034c934e5
+B+: 0x7f9034c934e6 0x7f9034c934f5
+B+: 0x7f9034c93500 0x7f9034c9350e
+B+: 0x7f9034c9350f 0x7f9034c93513
+B+: 0x7f9034c93514 0x7f9034c9351e
+B+: 0x7f9034c93540 0x7f9034c93549
+B+: 0x7f9034c9354a 0x7f9034c9354e
+B+: 0x7f9034c9354f 0x7f9034c93560
+B+: 0x7f9034c93568 0x7f9034c93577
+B+: 0x7f9034c93580 0x7f9034c93589
+B+: 0x7f9034c935a8 0x7f9034c935bb
+B+: 0x7f9034c935c0 0x7f9034c935ce
+B+: 0x7f9034c935cf 0x7f9034c935dc
+B+: 0x7f9034c936f0 0x7f9034c936fd
+B+: 0x7f9034c937a0 0x7f9034c937a0
+B+: 0x7f9034c937b0 0x7f9034c937ba
+B+: 0x7f9034c937bb 0x7f9034c937ce
+B+: 0x7f9034c937cf 0x7f9034c937d8
+B+: 0x7f9034c937d9 0x7f9034c937e6
+B+: 0x7f9034c93800 0x7f9034c9382d
+B+: 0x7f9034c9382e 0x7f9034c93831
+B+: 0x7f9034c93832 0x7f9034c93847
+B+: 0x7f9034c93864 0x7f9034c9386b
+B+: 0x7f9034c9386c 0x7f9034c9386f
+B+: 0x7f9034c93870 0x7f9034c93876
+B+: 0x7f9034c93877 0x7f9034c9387b
+B+: 0x7f9034c9387c 0x7f9034c93886
+B+: 0x7f9034c93ae0 0x7f9034c93b01
+B+: 0x7f9034c93b02 0x7f9034c93b0a
+B+: 0x7f9034c93b0b 0x7f9034c93b14
+B+: 0x7f9034c93b15 0x7f9034c93b19
+B+: 0x7f9034c93c00 0x7f9034c93c19
+B+: 0x7f9034c93c51 0x7f9034c93c8e
+B+: 0x7f9034c93c8f 0x7f9034c93c9e
+B+: 0x7f9034c93c9f 0x7f9034c93ca6
+B+: 0x7f9034c93df0 0x7f9034c93dfb
+B+: 0x7f9034c93e20 0x7f9034c93e20
+B+: 0x7f9034c93e30 0x7f9034c93e38
+B+: 0x7f9034c95940 0x7f9034c9594b
+B+: 0x7f9034c9594c 0x7f9034c95957
+B+: 0x7f9034c95958 0x7f9034c95964
+B+: 0x7f9034c95965 0x7f9034c95969
+B+: 0x7f9034c9596a 0x7f9034c9596f
+B+: 0x7f9034c95970 0x7f9034c95976
+B+: 0x7f9034c95980 0x7f9034c95987
+B+: 0x7f9034c95988 0x7f9034c9598c
+B+: 0x7f9034c9598d 0x7f9034c9599b
+B+: 0x7f9034c9599c 0x7f9034c959a0
+B+: 0x7f9034c959a1 0x7f9034c959a8
+B+: 0x7f9034c959a9 0x7f9034c959ad
+B+: 0x7f9034c959ae 0x7f9034c959b8
+B+: 0x7f9034c959b9 0x7f9034c959b9
+B+: 0x7f9034c959c0 0x7f9034c959c5
+B+: 0x7f9034c959c6 0x7f9034c959c9
+B+: 0x7f9034c959d0 0x7f9034c959d0
+B+: 0x7f9034c959d1 0x7f9034c959d5
+B+: 0x7f9034c959d6 0x7f9034c959d9
+B+: 0x7f9034c959e0 0x7f9034c959ff
+B+: 0x7f9034c95a00 0x7f9034c95a11
+B+: 0x7f9034c95a12 0x7f9034c95a16
+B+: 0x7f9034c95a20 0x7f9034c95a22
+B+: 0x7f9034c95a23 0x7f9034c95a2f
+B+: 0x7f9034c95a30 0x7f9034c95a33
+B+: 0x7f9034c95a34 0x7f9034c95a5d
+B+: 0x7f9034c95a5e 0x7f9034c95a62
+B+: 0x7f9034c95a63 0x7f9034c95a82
+B+: 0x7f9034c95ac0 0x7f9034c95ade
+B+: 0x7f9034c95adf 0x7f9034c95ae3
+B+: 0x7f9034c95ae4 0x7f9034c95ae8
+B+: 0x7f9034c95af0 0x7f9034c95af2
+B+: 0x7f9034c95af3 0x7f9034c95aff
+B+: 0x7f9034c95b00 0x7f9034c95b03
+B+: 0x7f9034c95b04 0x7f9034c95b3e
+B+: 0x7f9034c95b3f 0x7f9034c95b49
+B+: 0x7f9034c95b4a 0x7f9034c95b57
+B+: 0x7f9034c95b58 0x7f9034c95b5d
+B+: 0x7f9034c95b5e 0x7f9034c95b66
+B+: 0x7f9034c95b67 0x7f9034c95b70
+B+: 0x7f9034c95b71 0x7f9034c95b7a
+B+: 0x7f9034c95b7b 0x7f9034c95b9a
+B+: 0x7f9034c95b9b 0x7f9034c95ba3
+B+: 0x7f9034c95ba4 0x7f9034c95bbd
+B+: 0x7f9034c95bc0 0x7f9034c95bc5
+B+: 0x7f9034c95bc6 0x7f9034c95bcf
+B+: 0x7f9034c95bd0 0x7f9034c95bd9
+B+: 0x7f9034c95bda 0x7f9034c95bf7
+B+: 0x7f9034c95c08 0x7f9034c95c14
+B+: 0x7f9034c95c15 0x7f9034c95c1b
+B+: 0x7f9034c95c1c 0x7f9034c95c29
+B+: 0x7f9034c95cb0 0x7f9034c95cca
+B+: 0x7f9034c95ccb 0x7f9034c95cda
+B+: 0x7f9034c95cdb 0x7f9034c95ce6
+B+: 0x7f9034c95ce7 0x7f9034c95cef
+B+: 0x7f9034c95cf0 0x7f9034c95cf4
+B+: 0x7f9034c95cf5 0x7f9034c95cfc
+B+: 0x7f9034c95cfd 0x7f9034c95d10
+B+: 0x7f9034c95d11 0x7f9034c95d21
+B+: 0x7f9034c95d22 0x7f9034c95d26
+B+: 0x7f9034c95d27 0x7f9034c95d38
+B+: 0x7f9034c95d39 0x7f9034c95d4b
+B+: 0x7f9034c95d4c 0x7f9034c95d54
+B+: 0x7f9034c95d55 0x7f9034c95d5e
+B+: 0x7f9034c95d5f 0x7f9034c95d6d
+B+: 0x7f9034c95ea0 0x7f9034c95eb6
+B+: 0x7f9034c95eb7 0x7f9034c95ebb
+B+: 0x7f9034c95ebc 0x7f9034c95ec0
+B+: 0x7f9034c95ec8 0x7f9034c95ecb
+B+: 0x7f9034c95ecc 0x7f9034c95ed9
+B+: 0x7f9034c95eda 0x7f9034c95edd
+B+: 0x7f9034c95ede 0x7f9034c95f06
+B+: 0x7f9034c95f07 0x7f9034c95f10
+B+: 0x7f9034c95f11 0x7f9034c95f16
+B+: 0x7f9034c95f17 0x7f9034c95f24
+B+: 0x7f9034c95f25 0x7f9034c95f2d
+B+: 0x7f9034c96440 0x7f9034c9646b
+B+: 0x7f9034c9646c 0x7f9034c96470
+B+: 0x7f9034c96471 0x7f9034c96475
+B+: 0x7f9034c96536 0x7f9034c9653e
+B+: 0x7f9034c9653f 0x7f9034c96548
+B+: 0x7f9034c96549 0x7f9034c96551
+B+: 0x7f9034c965d0 0x7f9034c965e4
+B+: 0x7f9034c965e5 0x7f9034c96606
+B+: 0x7f9034c96607 0x7f9034c96610
+B+: 0x7f9034c96611 0x7f9034c96618
+B+: 0x7f9034c96640 0x7f9034c96648
+B+: 0x7f9034c96649 0x7f9034c96656
+B+: 0x7f9034c96657 0x7f9034c9665f
+B+: 0x7f9034c96660 0x7f9034c96661
+B+: 0x7f9034c96760 0x7f9034c967aa
+B+: 0x7f9034c967ab 0x7f9034c967af
+B+: 0x7f9034c967b0 0x7f9034c967be
+B+: 0x7f9034c967c8 0x7f9034c967d3
+B+: 0x7f9034c967d4 0x7f9034c967d8
+B+: 0x7f9034c967d9 0x7f9034c967e0
+B+: 0x7f9034c967e1 0x7f9034c967e5
+B+: 0x7f9034c967e6 0x7f9034c967f3
+B+: 0x7f9034c967f4 0x7f9034c967fb
+B+: 0x7f9034c96800 0x7f9034c96810
+B+: 0x7f9034c96811 0x7f9034c96815
+B+: 0x7f9034c96816 0x7f9034c96832
+B+: 0x7f9034c96833 0x7f9034c96843
+B+: 0x7f9034c96844 0x7f9034c9684f
+B+: 0x7f9034c96850 0x7f9034c96857
+B+: 0x7f9034c96858 0x7f9034c9685c
+B+: 0x7f9034c9685d 0x7f9034c96868
+B+: 0x7f9034c96869 0x7f9034c9687b
+B+: 0x7f9034c9687c 0x7f9034c96884
+B+: 0x7f9034c96888 0x7f9034c96897
+B+: 0x7f9034c96898 0x7f9034c9689b
+B+: 0x7f9034c9689c 0x7f9034c968b4
+B+: 0x7f9034c968b5 0x7f9034c968b8
+B+: 0x7f9034c968b9 0x7f9034c968c6
+B+: 0x7f9034c968c7 0x7f9034c968d5
+B+: 0x7f9034c96dc0 0x7f9034c96dec
+B+: 0x7f9034c96ded 0x7f9034c96df2
+B+: 0x7f9034c96df3 0x7f9034c96e04
+B+: 0x7f9034c96e05 0x7f9034c96e0d
+B+: 0x7f9034c96e0e 0x7f9034c96e1c
+CND+ 0x7f9034c8500e: taken
+CND+ 0x7f9034c855ea: not taken
+CND+ 0x7f9034c85626: not taken
+CND+ 0x7f9034c8563b: taken
+CND+ 0x7f9034c85673: not taken
+CND+ 0x7f9034c85687: not taken
+CND+ 0x7f9034c85695: not taken
+CND+ 0x7f9034c857e2: taken
+CND+ 0x7f9034c85862: not taken
+CND+ 0x7f9034c8587c: both
+CND+ 0x7f9034c858a9: not taken
+CND+ 0x7f9034c85a5d: not taken
+CND+ 0x7f9034c85a62: taken
+CND+ 0x7f9034c866e6: not taken
+CND+ 0x7f9034c86704: taken
+CND+ 0x7f9034c8671a: not taken
+CND+ 0x7f9034c8671f: taken
+CND+ 0x7f9034c8672f: taken
+CND+ 0x7f9034c8674c: not taken
+CND+ 0x7f9034c86756: not taken
+CND+ 0x7f9034c8678f: not taken
+CND+ 0x7f9034c8679b: taken
+CND+ 0x7f9034c87079: taken
+CND+ 0x7f9034c8711b: not taken
+CND+ 0x7f9034c87149: not taken
+CND+ 0x7f9034c87158: not taken
+CND+ 0x7f9034c87190: not taken
+CND+ 0x7f9034c871ce: taken
+CND+ 0x7f9034c87c20: not taken
+CND+ 0x7f9034c87c2d: taken
+CND+ 0x7f9034c87c48: not taken
+CND+ 0x7f9034c87c5f: both
+CND+ 0x7f9034c87c88: not taken
+CND+ 0x7f9034c87ed2: taken
+CND+ 0x7f9034c87f55: not taken
+CND+ 0x7f9034c87f7e: not taken
+CND+ 0x7f9034c87f8a: not taken
+CND+ 0x7f9034c87f93: both
+CND+ 0x7f9034c87fc4: not taken
+CND+ 0x7f9034c87fe2: both
+CND+ 0x7f9034c87ffb: taken
+CND+ 0x7f9034c8805a: taken
+CND+ 0x7f9034c880af: not taken
+CND+ 0x7f9034c880b8: taken
+CND+ 0x7f9034c880e0: taken
+CND+ 0x7f9034c88116: not taken
+CND+ 0x7f9034c8815a: not taken
+CND+ 0x7f9034c88163: taken
+CND+ 0x7f9034c8821b: taken
+CND+ 0x7f9034c8824a: taken
+CND+ 0x7f9034c8827c: not taken
+CND+ 0x7f9034c8836a: taken
+CND+ 0x7f9034c88520: not taken
+CND+ 0x7f9034c88529: not taken
+CND+ 0x7f9034c88532: taken
+CND+ 0x7f9034c888eb: not taken
+CND+ 0x7f9034c88906: both
+CND+ 0x7f9034c8893d: not taken
+CND+ 0x7f9034c88985: both
+CND+ 0x7f9034c889f6: taken
+CND+ 0x7f9034c88a20: both
+CND+ 0x7f9034c88a29: not taken
+CND+ 0x7f9034c88a33: not taken
+CND+ 0x7f9034c88ae4: not taken
+CND+ 0x7f9034c88afb: taken
+CND+ 0x7f9034c88b2a: both
+CND+ 0x7f9034c88b30: both
+CND+ 0x7f9034c88b40: taken
+CND+ 0x7f9034c88b60: not taken
+CND+ 0x7f9034c88b96: not taken
+CND+ 0x7f9034c88be5: taken
+CND+ 0x7f9034c88da0: not taken
+CND+ 0x7f9034c88da9: not taken
+CND+ 0x7f9034c88dc8: both
+CND+ 0x7f9034c88dd0: both
+CND+ 0x7f9034c88e2e: taken
+CND+ 0x7f9034c88e57: not taken
+CND+ 0x7f9034c88eac: taken
+CND+ 0x7f9034c88ed8: taken
+CND+ 0x7f9034c88fa3: not taken
+CND+ 0x7f9034c88fc0: taken
+CND+ 0x7f9034c89019: not taken
+CND+ 0x7f9034c89065: not taken
+CND+ 0x7f9034c8906f: not taken
+CND+ 0x7f9034c89089: both
+CND+ 0x7f9034c8909d: not taken
+CND+ 0x7f9034c890ab: taken
+CND+ 0x7f9034c8914c: not taken
+CND+ 0x7f9034c89156: taken
+CND+ 0x7f9034c891cc: taken
+CND+ 0x7f9034c891ee: taken
+CND+ 0x7f9034c89811: both
+CND+ 0x7f9034c8981b: not taken
+CND+ 0x7f9034c8981f: not taken
+CND+ 0x7f9034c89839: taken
+CND+ 0x7f9034c89859: taken
+CND+ 0x7f9034c89861: taken
+CND+ 0x7f9034c8a45f: taken
+CND+ 0x7f9034c8a626: not taken
+CND+ 0x7f9034c8a6ca: taken
+CND+ 0x7f9034c8a762: taken
+CND+ 0x7f9034c8b2a4: taken
+CND+ 0x7f9034c8b2bd: not taken
+CND+ 0x7f9034c8b2cd: not taken
+CND+ 0x7f9034c8b30f: taken
+CND+ 0x7f9034c8b327: taken
+CND+ 0x7f9034c8b33a: not taken
+CND+ 0x7f9034c8b343: taken
+CND+ 0x7f9034c8b381: not taken
+CND+ 0x7f9034c8b3d6: taken
+CND+ 0x7f9034c8b3e7: taken
+CND+ 0x7f9034c8b895: not taken
+CND+ 0x7f9034c8b8a8: not taken
+CND+ 0x7f9034c8b8d2: not taken
+CND+ 0x7f9034c8b907: not taken
+CND+ 0x7f9034c8b942: taken
+CND+ 0x7f9034c8b953: not taken
+CND+ 0x7f9034c8b963: taken
+CND+ 0x7f9034c8ba7b: not taken
+CND+ 0x7f9034c8bdbc: both
+CND+ 0x7f9034c8bdc9: both
+CND+ 0x7f9034c8be03: not taken
+CND+ 0x7f9034c8be0d: not taken
+CND+ 0x7f9034c8be18: taken
+CND+ 0x7f9034c8c1a1: not taken
+CND+ 0x7f9034c8c1ab: not taken
+CND+ 0x7f9034c8c1e4: taken
+CND+ 0x7f9034c8c1f2: taken
+CND+ 0x7f9034c8c20a: not taken
+CND+ 0x7f9034c8c225: not taken
+CND+ 0x7f9034c8c22f: not taken
+CND+ 0x7f9034c8c247: taken
+CND+ 0x7f9034c8c533: taken
+CND+ 0x7f9034c8c582: taken
+CND+ 0x7f9034c8c655: taken
+CND+ 0x7f9034c8c698: taken
+CND+ 0x7f9034c8c703: not taken
+CND+ 0x7f9034c8c70c: taken
+CND+ 0x7f9034c8c725: not taken
+CND+ 0x7f9034c8c742: not taken
+CND+ 0x7f9034c8c75a: not taken
+CND+ 0x7f9034c8c765: not taken
+CND+ 0x7f9034c8c792: not taken
+CND+ 0x7f9034c8c797: taken
+CND+ 0x7f9034c8c7a9: taken
+CND+ 0x7f9034c8c7ad: not taken
+CND+ 0x7f9034c8c7bc: taken
+CND+ 0x7f9034c8c7ce: taken
+CND+ 0x7f9034c8c848: taken
+CND+ 0x7f9034c8c889: not taken
+CND+ 0x7f9034c8c89b: not taken
+CND+ 0x7f9034c8c8a8: taken
+CND+ 0x7f9034c8cc2f: not taken
+CND+ 0x7f9034c8cc57: taken
+CND+ 0x7f9034c8cc65: not taken
+CND+ 0x7f9034c8cc6e: taken
+CND+ 0x7f9034c8cc86: not taken
+CND+ 0x7f9034c8ccae: taken
+CND+ 0x7f9034c8d366: taken
+CND+ 0x7f9034c8d9d6: taken
+CND+ 0x7f9034c8da31: not taken
+CND+ 0x7f9034c8da51: taken
+CND+ 0x7f9034c8daad: not taken
+CND+ 0x7f9034c8dab5: taken
+CND+ 0x7f9034c8db00: taken
+CND+ 0x7f9034c8db5a: not taken
+CND+ 0x7f9034c8db62: not taken
+CND+ 0x7f9034c8db6b: not taken
+CND+ 0x7f9034c8db75: not taken
+CND+ 0x7f9034c8db7f: taken
+CND+ 0x7f9034c8db9b: taken
+CND+ 0x7f9034c8dc3c: taken
+CND+ 0x7f9034c8ded9: not taken
+CND+ 0x7f9034c8dee6: not taken
+CND+ 0x7f9034c8df01: not taken
+CND+ 0x7f9034c8df1a: not taken
+CND+ 0x7f9034c8df20: not taken
+CND+ 0x7f9034c8df26: taken
+CND+ 0x7f9034c8e76c: not taken
+CND+ 0x7f9034c8e78c: not taken
+CND+ 0x7f9034c8e7d8: both
+CND+ 0x7f9034c8e7e1: taken
+CND+ 0x7f9034c8e806: not taken
+CND+ 0x7f9034c8e840: not taken
+CND+ 0x7f9034c8e84a: not taken
+CND+ 0x7f9034c8e965: both
+CND+ 0x7f9034c8e989: not taken
+CND+ 0x7f9034c8e9b2: not taken
+CND+ 0x7f9034c8e9bc: not taken
+CND+ 0x7f9034c8e9e3: not taken
+CND+ 0x7f9034c8ea13: taken
+CND+ 0x7f9034c8eafd: not taken
+CND+ 0x7f9034c8eb1a: not taken
+CND+ 0x7f9034c8eb61: taken
+CND+ 0x7f9034c8f711: not taken
+CND+ 0x7f9034c8f71d: not taken
+CND+ 0x7f9034c8f722: not taken
+CND+ 0x7f9034c8f748: not taken
+CND+ 0x7f9034c8f74c: not taken
+CND+ 0x7f9034c8f75f: not taken
+CND+ 0x7f9034c8f7a4: not taken
+CND+ 0x7f9034c8f8f3: both
+CND+ 0x7f9034c8f90f: both
+CND+ 0x7f9034c8f911: not taken
+CND+ 0x7f9034c8f91a: taken
+CND+ 0x7f9034c8fa92: not taken
+CND+ 0x7f9034c8faba: not taken
+CND+ 0x7f9034c8fad5: both
+CND+ 0x7f9034c8fade: taken
+CND+ 0x7f9034c8faf7: not taken
+CND+ 0x7f9034c8fb01: not taken
+CND+ 0x7f9034c8fb05: not taken
+CND+ 0x7f9034c8fb19: taken
+CND+ 0x7f9034c8fc50: not taken
+CND+ 0x7f9034c8fc62: taken
+CND+ 0x7f9034c8fdb1: not taken
+CND+ 0x7f9034c8fdea: both
+CND+ 0x7f9034c8fe13: not taken
+CND+ 0x7f9034c8fe20: taken
+CND+ 0x7f9034c8fe2d: not taken
+CND+ 0x7f9034c8fe43: not taken
+CND+ 0x7f9034c8fe4f: both
+CND+ 0x7f9034c8fe58: not taken
+CND+ 0x7f9034c8fe72: taken
+CND+ 0x7f9034c8fee7: taken
+CND+ 0x7f9034c9075d: both
+CND+ 0x7f9034c9076f: not taken
+CND+ 0x7f9034c90782: both
+CND+ 0x7f9034c90787: both
+CND+ 0x7f9034c90795: both
+CND+ 0x7f9034c908b1: not taken
+CND+ 0x7f9034c908dc: not taken
+CND+ 0x7f9034c908ea: not taken
+CND+ 0x7f9034c908ec: both
+CND+ 0x7f9034c908f5: not taken
+CND+ 0x7f9034c908fb: taken
+CND+ 0x7f9034c90943: not taken
+CND+ 0x7f9034c9094c: taken
+CND+ 0x7f9034c90983: not taken
+CND+ 0x7f9034c90989: both
+CND+ 0x7f9034c90990: not taken
+CND+ 0x7f9034c909ab: taken
+CND+ 0x7f9034c90a0b: taken
+CND+ 0x7f9034c90b10: both
+CND+ 0x7f9034c90b1c: not taken
+CND+ 0x7f9034c90b21: both
+CND+ 0x7f9034c90b2f: not taken
+CND+ 0x7f9034c90b37: both
+CND+ 0x7f9034c90b44: both
+CND+ 0x7f9034c90b5e: taken
+CND+ 0x7f9034c90b92: both
+CND+ 0x7f9034c90b9b: taken
+CND+ 0x7f9034c90bfb: taken
+CND+ 0x7f9034c90d68: both
+CND+ 0x7f9034c90d71: taken
+CND+ 0x7f9034c90d8b: not taken
+CND+ 0x7f9034c90da3: taken
+CND+ 0x7f9034c90ddd: taken
+CND+ 0x7f9034c90e02: not taken
+CND+ 0x7f9034c90e0b: taken
+CND+ 0x7f9034c90e2f: not taken
+CND+ 0x7f9034c90e35: taken
+CND+ 0x7f9034c90e4f: not taken
+CND+ 0x7f9034c90e58: both
+CND+ 0x7f9034c90f7d: not taken
+CND+ 0x7f9034c9102c: not taken
+CND+ 0x7f9034c910c7: not taken
+CND+ 0x7f9034c910d0: both
+CND+ 0x7f9034c910d9: not taken
+CND+ 0x7f9034c915a7: both
+CND+ 0x7f9034c915ed: not taken
+CND+ 0x7f9034c915f2: taken
+CND+ 0x7f9034c91682: not taken
+CND+ 0x7f9034c916a1: not taken
+CND+ 0x7f9034c917bb: not taken
+CND+ 0x7f9034c91835: not taken
+CND+ 0x7f9034c91870: not taken
+CND+ 0x7f9034c9188e: not taken
+CND+ 0x7f9034c9189e: not taken
+CND+ 0x7f9034c919ca: both
+CND+ 0x7f9034c919ea: taken
+CND+ 0x7f9034c919f6: taken
+CND+ 0x7f9034c91a15: taken
+CND+ 0x7f9034c91a38: not taken
+CND+ 0x7f9034c91a48: taken
+CND+ 0x7f9034c91abb: not taken
+CND+ 0x7f9034c9214f: not taken
+CND+ 0x7f9034c9216f: not taken
+CND+ 0x7f9034c9217e: taken
+CND+ 0x7f9034c92a5f: taken
+CND+ 0x7f9034c92b46: not taken
+CND+ 0x7f9034c92b50: taken
+CND+ 0x7f9034c92b69: taken
+CND+ 0x7f9034c92b93: taken
+CND+ 0x7f9034c92d2b: taken
+CND+ 0x7f9034c92e50: not taken
+CND+ 0x7f9034c93227: taken
+CND+ 0x7f9034c9325f: not taken
+CND+ 0x7f9034c93278: taken
+CND+ 0x7f9034c932b9: not taken
+CND+ 0x7f9034c932d7: taken
+CND+ 0x7f9034c9330b: taken
+CND+ 0x7f9034c93383: taken
+CND+ 0x7f9034c933e2: taken
+CND+ 0x7f9034c93456: taken
+CND+ 0x7f9034c93488: both
+CND+ 0x7f9034c9348c: not taken
+CND+ 0x7f9034c93493: not taken
+CND+ 0x7f9034c93498: both
+CND+ 0x7f9034c934e0: not taken
+CND+ 0x7f9034c93512: not taken
+CND+ 0x7f9034c93519: taken
+CND+ 0x7f9034c93548: not taken
+CND+ 0x7f9034c9354d: not taken
+CND+ 0x7f9034c935c9: not taken
+CND+ 0x7f9034c935d7: taken
+CND+ 0x7f9034c936f8: taken
+CND+ 0x7f9034c937b9: not taken
+CND+ 0x7f9034c93830: not taken
+CND+ 0x7f9034c93846: taken
+CND+ 0x7f9034c9386e: not taken
+CND+ 0x7f9034c93b09: not taken
+CND+ 0x7f9034c93b13: not taken
+CND+ 0x7f9034c93c18: taken
+CND+ 0x7f9034c93c9d: not taken
+CND+ 0x7f9034c93dfa: taken
+CND+ 0x7f9034c95946: both
+CND+ 0x7f9034c95963: both
+CND+ 0x7f9034c95968: not taken
+CND+ 0x7f9034c9596e: not taken
+CND+ 0x7f9034c95986: not taken
+CND+ 0x7f9034c9598b: both
+CND+ 0x7f9034c9599a: both
+CND+ 0x7f9034c9599f: both
+CND+ 0x7f9034c959ac: both
+CND+ 0x7f9034c959b7: both
+CND+ 0x7f9034c959c4: not taken
+CND+ 0x7f9034c95a10: not taken
+CND+ 0x7f9034c95a15: taken
+CND+ 0x7f9034c95a2e: both
+CND+ 0x7f9034c95a32: both
+CND+ 0x7f9034c95a5c: both
+CND+ 0x7f9034c95add: not taken
+CND+ 0x7f9034c95ae2: not taken
+CND+ 0x7f9034c95afe: not taken
+CND+ 0x7f9034c95b02: both
+CND+ 0x7f9034c95b48: both
+CND+ 0x7f9034c95b52: not taken
+CND+ 0x7f9034c95b5c: not taken
+CND+ 0x7f9034c95b65: both
+CND+ 0x7f9034c95b6b: taken
+CND+ 0x7f9034c95b75: not taken
+CND+ 0x7f9034c95b95: not taken
+CND+ 0x7f9034c95ba2: not taken
+CND+ 0x7f9034c95bc4: not taken
+CND+ 0x7f9034c95bce: not taken
+CND+ 0x7f9034c95bf6: taken
+CND+ 0x7f9034c95c24: taken
+CND+ 0x7f9034c95ce1: not taken
+CND+ 0x7f9034c95cea: not taken
+CND+ 0x7f9034c95cf3: not taken
+CND+ 0x7f9034c95d25: not taken
+CND+ 0x7f9034c95d53: not taken
+CND+ 0x7f9034c95d5d: not taken
+CND+ 0x7f9034c95eb5: not taken
+CND+ 0x7f9034c95eba: not taken
+CND+ 0x7f9034c95ed8: both
+CND+ 0x7f9034c95edc: taken
+CND+ 0x7f9034c95f0f: not taken
+CND+ 0x7f9034c95f15: not taken
+CND+ 0x7f9034c9646f: not taken
+CND+ 0x7f9034c9653d: not taken
+CND+ 0x7f9034c96547: not taken
+CND+ 0x7f9034c96605: not taken
+CND+ 0x7f9034c9660f: not taken
+CND+ 0x7f9034c96647: not taken
+CND+ 0x7f9034c9665e: not taken
+CND+ 0x7f9034c967bd: taken
+CND+ 0x7f9034c967d2: taken
+CND+ 0x7f9034c967df: not taken
+CND+ 0x7f9034c967e4: both
+CND+ 0x7f9034c967fa: taken
+CND+ 0x7f9034c96856: not taken
+CND+ 0x7f9034c9685b: taken
+CND+ 0x7f9034c9687a: not taken
+CND+ 0x7f9034c9689a: not taken
+CND+ 0x7f9034c968b7: not taken
+CND+ 0x7f9034c968c5: not taken
+CND+ 0x7f9034c968d4: taken
+CND+ 0x7f9034c96df1: not taken
+CND+ 0x7f9034c96e0c: not taken
@0x7f9034c85050 to 0x7f90387bea30 4
@0x7f9034c85080 to 0x7f903875e330 2
@0x7f9034c85090 to 0x7f9038800710 1
@0x7f9034c850a0 to 0x7f90387d6e70 5
@0x7f9034c850d0 to 0x7f9038771a20 7
@0x7f9034c850f0 to 0x7f9038895800 4
@0x7f9034c85130 to 0x7f90388011e0 1
@0x7f9034c85140 to 0x7f9038775c10 1
@0x7f9034c85150 to 0x7f9038823800 4
@0x7f9034c85160 to 0x7f9038800230 1
@0x7f9034c85190 to 0x7f9038895bc0 8
@0x7f9034c851c0 to 0x7f9038801200 1
@0x7f9034c851e0 to 0x7f90388955d0 1
@0x7f9034c85220 to 0x7f9038801210 2
@0x7f9034c85230 to 0x7f9038824b10 1
@0x7f9034c8716e to 0x7f9034c871c0 1
@0x7f9034c85280 to 0x7f9038890d10 11
@0x7f9034c852a0 to 0x7f9038771450 4
@0x7f9034c871ac to 0x7f9034c87e90 1
@0x7f9034c852d0 to 0x7f9038891100 9
@0x7f9034c85320 to 0x7f90387720f0 4
@0x7f9034c85330 to 0x7f9038896100 6
@0x7f9034c85350 to 0x7f9038801220 1
@0x7f9034c85370 to 0x7f9038823800 2
@0x7f9034c85390 to 0x7f90387be3e0 23
@0x7f9034c853b0 to 0x7f9038801230 1
@0x7f9034c853c0 to 0x7f9038890e90 22
@0x7f9034c853e0 to 0x7f9038841ba0 1
@0x7f9034c85410 to 0x7f90387bec80 1
@0x7f9034c85460 to 0x7f90388960e0 13
@0x7f9034c85510 to 0x7f90388011f0 1
@0x7f9034c85560 to 0x7f90388004e0 1
@0x7f9034c85570 to 0x7f903876a580 191
@0x7f9034c90f91 to 0x7f9034c91075 1
@0x7f9034c85784 to 0x7f903875dfb0 1
@0x7f9034c96e01 to 0x7f9034c85840 1
@0x7f9034c9355f to 0x7f9034c93580 1
@0x7f9034c9355f to 0x7f9034c935c0 1
@0x7f9034c9355f to 0x7f9034c935a8 2
@0x7f9034c918af to 0x7f9034c91a01 180
@0x7f9034c918af to 0x7f9034c919f0 10
@0x7f9034c918af to 0x7f9034c91a28 1
@0x7f9034c95c19 to 0x7f9034c897d0 1
@0x7f9034c95c19 to 0x7f9034c90120 1
