MODULE_NAME: /usr/bin/gs
MODULE_START: 0x7fc438bba000
+B+: 0x7fc438bbb000 0x7fc438bbb00f
+B+: 0x7fc438bbb012 0x7fc438bbb016
+B+: 0x7fc438bbb020 0x7fc438bbb02b
+B+: 0x7fc438bbb030 0x7fc438bbb035
+B+: 0x7fc438bbb036 0x7fc438bbb03f
+B+: 0x7fc438bbb040 0x7fc438bbb045
+B+: 0x7fc438bbb046 0x7fc438bbb04f
+B+: 0x7fc438bbb050 0x7fc438bbb055
+B+: 0x7fc438bbb056 0x7fc438bbb05f
+B+: 0x7fc438bbb0b0 0x7fc438bbb0b5
+B+: 0x7fc438bbb0b6 0x7fc438bbb0bf
+B+: 0x7fc438bbb0c0 0x7fc438bbb0c5
+B+: 0x7fc438bbb0c6 0x7fc438bbb0cf
+B+: 0x7fc438bbb0e0 0x7fc438bbb0e5
+B+: 0x7fc438bbb0f0 0x7fc438bbb121
+B+: 0x7fc438bbb122 0x7fc438bbb127
+B+: 0x7fc438bbb128 0x7fc438bbb130
+B+: 0x7fc438bbb131 0x7fc438bbb132
+B+: 0x7fc438bbb133 0x7fc438bbb137
+B+: 0x7fc438bbb13d 0x7fc438bbb152
+B+: 0x7fc438bbb153 0x7fc438bbb15b
+B+: 0x7fc438bbb178 0x7fc438bbb183
+B+: 0x7fc438bbb184 0x7fc438bbb1a2
+B+: 0x7fc438bbb1a3 0x7fc438bbb1b1
+B+: 0x7fc438bbb1b2 0x7fc438bbb1b7
+B+: 0x7fc438bbb1b8 0x7fc438bbb1c1
+B+: 0x7fc438bbb1c2 0x7fc438bbb1c5
+B+: 0x7fc438bbb1c6 0x7fc438bbb1ca
+B+: 0x7fc438bbb1cb 0x7fc438bbb1d6
+B+: 0x7fc438bbb1d7 0x7fc438bbb1db
+B+: 0x7fc438bbb1dc 0x7fc438bbb1e0
+B+: 0x7fc438bbb213 0x7fc438bbb216
+B+: 0x7fc438bbb220 0x7fc438bbb249
+B+: 0x7fc438bbb250 0x7fc438bbb262
+B+: 0x7fc438bbb278 0x7fc438bbb278
+B+: 0x7fc438bbb280 0x7fc438bbb2a3
+B+: 0x7fc438bbb2b8 0x7fc438bbb2b8
+B+: 0x7fc438bbb2c0 0x7fc438bbb2c8
+B+: 0x7fc438bbb2c9 0x7fc438bbb2d6
+B+: 0x7fc438bbb2d7 0x7fc438bbb2e2
+B+: 0x7fc438bbb2e3 0x7fc438bbb2e7
+B+: 0x7fc438bbb2e8 0x7fc438bbb2f0
+B+: 0x7fc438bbb300 0x7fc438bbb304
+B+: 0x7fc438bbb3c0 0x7fc438bbb3ec
+B+: 0x7fc438bbb3ed 0x7fc438bbb3f2
+B+: 0x7fc438bbb3f3 0x7fc438bbb404
+B+: 0x7fc438bbb405 0x7fc438bbb40d
+B+: 0x7fc438bbb40e 0x7fc438bbb41c
+B+: 0x7fc438bbb424 0x7fc438bbb42c
+CND+ 0x7fc438bbb00e: taken
+CND+ 0x7fc438bbb126: taken
+CND+ 0x7fc438bbb12b: not taken
+CND+ 0x7fc438bbb131: not taken
+CND+ 0x7fc438bbb136: taken
+CND+ 0x7fc438bbb14d: not taken
+CND+ 0x7fc438bbb1b6: not taken
+CND+ 0x7fc438bbb1c4: not taken
+CND+ 0x7fc438bbb1c9: taken
+CND+ 0x7fc438bbb1df: taken
+CND+ 0x7fc438bbb261: taken
+CND+ 0x7fc438bbb2a2: taken
+CND+ 0x7fc438bbb2c7: not taken
+CND+ 0x7fc438bbb2d5: not taken
+CND+ 0x7fc438bbb3f1: not taken
+CND+ 0x7fc438bbb40c: not taken
@0x7fc438bbb026 to 0x7fc43cbaa500 5
@0x7fc438bbb030 to 0x7fc438bbb036 1
@0x7fc438bbb040 to 0x7fc438bbb046 1
@0x7fc438bbb050 to 0x7fc438bbb056 1
@0x7fc438bbb0b0 to 0x7fc438bbb0b6 1
@0x7fc438bbb0c0 to 0x7fc438bbb0c6 1
@0x7fc438bbb0e0 to 0x7fc43b7101c0 1
@0x7fc438bbb244 to 0x7fc43b6f9fb0 1
@0x7fc438bbb401 to 0x7fc438bbb300 1
