MODULE_NAME: /bin/dash
MODULE_START: 0x7fbaa8265000
+B+: 0x7fbaa8269000 0x7fbaa826900f
+B+: 0x7fbaa8269012 0x7fbaa8269016
+B+: 0x7fbaa8269050 0x7fbaa8269055
+B+: 0x7fbaa8269080 0x7fbaa8269085
+B+: 0x7fbaa8269090 0x7fbaa8269095
+B+: 0x7fbaa82690a0 0x7fbaa82690a5
+B+: 0x7fbaa82690d0 0x7fbaa82690d5
+B+: 0x7fbaa82690f0 0x7fbaa82690f5
+B+: 0x7fbaa8269130 0x7fbaa8269135
+B+: 0x7fbaa8269140 0x7fbaa8269145
+B+: 0x7fbaa8269150 0x7fbaa8269155
+B+: 0x7fbaa8269160 0x7fbaa8269165
+B+: 0x7fbaa8269190 0x7fbaa8269195
+B+: 0x7fbaa82691c0 0x7fbaa82691c5
+B+: 0x7fbaa82691e0 0x7fbaa82691e5
+B+: 0x7fbaa8269220 0x7fbaa8269225
+B+: 0x7fbaa8269230 0x7fbaa8269235
+B+: 0x7fbaa8269280 0x7fbaa8269285
+B+: 0x7fbaa82692a0 0x7fbaa82692a5
+B+: 0x7fbaa82692d0 0x7fbaa82692d5
+B+: 0x7fbaa8269320 0x7fbaa8269325
+B+: 0x7fbaa8269330 0x7fbaa8269335
+B+: 0x7fbaa8269350 0x7fbaa8269355
+B+: 0x7fbaa8269370 0x7fbaa8269375
+B+: 0x7fbaa8269390 0x7fbaa8269395
+B+: 0x7fbaa82693b0 0x7fbaa82693b5
+B+: 0x7fbaa82693c0 0x7fbaa82693c5
+B+: 0x7fbaa82693e0 0x7fbaa82693e5
+B+: 0x7fbaa8269410 0x7fbaa8269415
+B+: 0x7fbaa8269460 0x7fbaa8269465
+B+: 0x7fbaa8269510 0x7fbaa8269515
+B+: 0x7fbaa8269560 0x7fbaa8269565
+B+: 0x7fbaa8269570 0x7fbaa8269575
+B+: 0x7fbaa8269590 0x7fbaa82695b8
+B+: 0x7fbaa82695b9 0x7fbaa82695c4
+B+: 0x7fbaa82695c5 0x7fbaa82695cf
+B+: 0x7fbaa82695d0 0x7fbaa82695e7
+B+: 0x7fbaa82695e8 0x7fbaa82695ef
+B+: 0x7fbaa82695f0 0x7fbaa8269600
+B+: 0x7fbaa8269601 0x7fbaa826960b
+B+: 0x7fbaa826960c 0x7fbaa8269615
+B+: 0x7fbaa8269616 0x7fbaa8269623
+B+: 0x7fbaa8269624 0x7fbaa826962b
+B+: 0x7fbaa826962c 0x7fbaa826963c
+B+: 0x7fbaa8269657 0x7fbaa8269660
+B+: 0x7fbaa8269661 0x7fbaa8269678
+B+: 0x7fbaa8269679 0x7fbaa826967f
+B+: 0x7fbaa8269680 0x7fbaa826968c
+B+: 0x7fbaa826968d 0x7fbaa8269696
+B+: 0x7fbaa8269697 0x7fbaa826969b
+B+: 0x7fbaa8269760 0x7fbaa8269789
+B+: 0x7fbaa82697c0 0x7fbaa82697e3
+B+: 0x7fbaa82697f8 0x7fbaa82697f8
+B+: 0x7fbaa8269840 0x7fbaa8269844
+B+: 0x7fbaa8269850 0x7fbaa8269863
+B+: 0x7fbaa8269864 0x7fbaa826986f
+B+: 0x7fbaa8269870 0x7fbaa826987d
+B+: 0x7fbaa826987e 0x7fbaa82698aa
+B+: 0x7fbaa82698ab 0x7fbaa82698ac
+B+: 0x7fbaa82698cb 0x7fbaa82698d2
+B+: 0x7fbaa8269a50 0x7fbaa8269a57
+B+: 0x7fbaa8269a58 0x7fbaa8269a5e
+B+: 0x7fbaa8269a5f 0x7fbaa8269a63
+B+: 0x7fbaa8269a71 0x7fbaa8269a72
+B+: 0x7fbaa826a6d0 0x7fbaa826a6eb
+B+: 0x7fbaa826a6ec 0x7fbaa826a705
+B+: 0x7fbaa826a717 0x7fbaa826a71b
+B+: 0x7fbaa826a71c 0x7fbaa826a720
+B+: 0x7fbaa826a72c 0x7fbaa826a730
+B+: 0x7fbaa826a73e 0x7fbaa826a74d
+B+: 0x7fbaa826a74e 0x7fbaa826a757
+B+: 0x7fbaa826a758 0x7fbaa826a775
+B+: 0x7fbaa826a780 0x7fbaa826a788
+B+: 0x7fbaa826a789 0x7fbaa826a790
+B+: 0x7fbaa826a791 0x7fbaa826a79c
+B+: 0x7fbaa826b060 0x7fbaa826b07e
+B+: 0x7fbaa826b10d 0x7fbaa826b11c
+B+: 0x7fbaa826b11d 0x7fbaa826b123
+B+: 0x7fbaa826b140 0x7fbaa826b14a
+B+: 0x7fbaa826b14b 0x7fbaa826b152
+B+: 0x7fbaa826b153 0x7fbaa826b15d
+B+: 0x7fbaa826b15e 0x7fbaa826b16f
+B+: 0x7fbaa826b188 0x7fbaa826b18c
+B+: 0x7fbaa826b18d 0x7fbaa826b191
+B+: 0x7fbaa826b192 0x7fbaa826b19c
+B+: 0x7fbaa826b1a7 0x7fbaa826b1ad
+B+: 0x7fbaa826b1ae 0x7fbaa826b1b5
+B+: 0x7fbaa826b1c0 0x7fbaa826b1cf
+B+: 0x7fbaa826bbc0 0x7fbaa826bbfa
+B+: 0x7fbaa826bbfb 0x7fbaa826bc07
+B+: 0x7fbaa826bc08 0x7fbaa826bc0f
+B+: 0x7fbaa826bc10 0x7fbaa826bc11
+B+: 0x7fbaa826bc18 0x7fbaa826bc21
+B+: 0x7fbaa826bc22 0x7fbaa826bc2e
+B+: 0x7fbaa826bc32 0x7fbaa826bc39
+B+: 0x7fbaa826bc3a 0x7fbaa826bc49
+B+: 0x7fbaa826bc4a 0x7fbaa826bc51
+B+: 0x7fbaa826bc52 0x7fbaa826bc58
+B+: 0x7fbaa826bc59 0x7fbaa826bc60
+B+: 0x7fbaa826bc61 0x7fbaa826bc68
+B+: 0x7fbaa826bc69 0x7fbaa826bc6d
+B+: 0x7fbaa826bc6e 0x7fbaa826bc77
+B+: 0x7fbaa826bc78 0x7fbaa826bc89
+B+: 0x7fbaa826bc8a 0x7fbaa826bc98
+B+: 0x7fbaa826be90 0x7fbaa826bed3
+B+: 0x7fbaa826bedf 0x7fbaa826bef5
+B+: 0x7fbaa826bef6 0x7fbaa826befa
+B+: 0x7fbaa826befb 0x7fbaa826bf5a
+B+: 0x7fbaa826bf5b 0x7fbaa826bf67
+B+: 0x7fbaa826bf68 0x7fbaa826bf77
+B+: 0x7fbaa826bf78 0x7fbaa826bf7f
+B+: 0x7fbaa826bf80 0x7fbaa826bf8b
+B+: 0x7fbaa826bf8c 0x7fbaa826bf94
+B+: 0x7fbaa826bf95 0x7fbaa826bf9b
+B+: 0x7fbaa826bfa0 0x7fbaa826bfaf
+B+: 0x7fbaa826bfb0 0x7fbaa826bfc5
+B+: 0x7fbaa826bfc6 0x7fbaa826bfcf
+B+: 0x7fbaa826bfd0 0x7fbaa826bfe3
+B+: 0x7fbaa826bfe4 0x7fbaa826bffc
+B+: 0x7fbaa826c019 0x7fbaa826c02b
+B+: 0x7fbaa826c02c 0x7fbaa826c034
+B+: 0x7fbaa826c035 0x7fbaa826c047
+B+: 0x7fbaa826c048 0x7fbaa826c05b
+B+: 0x7fbaa826c0a8 0x7fbaa826c0b4
+B+: 0x7fbaa826c0b5 0x7fbaa826c0b9
+B+: 0x7fbaa826c0db 0x7fbaa826c0e1
+B+: 0x7fbaa826c0f0 0x7fbaa826c103
+B+: 0x7fbaa826c104 0x7fbaa826c113
+B+: 0x7fbaa826c114 0x7fbaa826c11b
+B+: 0x7fbaa826c11c 0x7fbaa826c122
+B+: 0x7fbaa826c123 0x7fbaa826c152
+B+: 0x7fbaa826c153 0x7fbaa826c15f
+B+: 0x7fbaa826c160 0x7fbaa826c168
+B+: 0x7fbaa826c216 0x7fbaa826c21c
+B+: 0x7fbaa826c224 0x7fbaa826c22d
+B+: 0x7fbaa826c22e 0x7fbaa826c237
+B+: 0x7fbaa826c238 0x7fbaa826c241
+B+: 0x7fbaa826c242 0x7fbaa826c24b
+B+: 0x7fbaa826c25d 0x7fbaa826c266
+B+: 0x7fbaa826c267 0x7fbaa826c281
+B+: 0x7fbaa826c282 0x7fbaa826c293
+B+: 0x7fbaa826c34c 0x7fbaa826c353
+B+: 0x7fbaa826c354 0x7fbaa826c36f
+B+: 0x7fbaa826c51b 0x7fbaa826c525
+B+: 0x7fbaa826c526 0x7fbaa826c52e
+B+: 0x7fbaa826c52f 0x7fbaa826c537
+B+: 0x7fbaa826c8d0 0x7fbaa826c8ec
+B+: 0x7fbaa826c8ed 0x7fbaa826c8f1
+B+: 0x7fbaa826c8f8 0x7fbaa826c8fa
+B+: 0x7fbaa826c8fb 0x7fbaa826c907
+B+: 0x7fbaa826c908 0x7fbaa826c93e
+B+: 0x7fbaa826c93f 0x7fbaa826c940
+B+: 0x7fbaa826c963 0x7fbaa826c977
+B+: 0x7fbaa826c980 0x7fbaa826c986
+B+: 0x7fbaa826c987 0x7fbaa826c98e
+B+: 0x7fbaa826c98f 0x7fbaa826c997
+B+: 0x7fbaa826c998 0x7fbaa826c9ba
+B+: 0x7fbaa826c9bb 0x7fbaa826c9bc
+B+: 0x7fbaa826c9c0 0x7fbaa826c9e7
+B+: 0x7fbaa826c9e8 0x7fbaa826c9f7
+B+: 0x7fbaa826ca19 0x7fbaa826ca21
+B+: 0x7fbaa826ca22 0x7fbaa826ca2a
+B+: 0x7fbaa826ca2b 0x7fbaa826ca34
+B+: 0x7fbaa826ca35 0x7fbaa826ca3f
+B+: 0x7fbaa826cad0 0x7fbaa826cae9
+B+: 0x7fbaa826caea 0x7fbaa826cb00
+B+: 0x7fbaa826cb10 0x7fbaa826cb1f
+B+: 0x7fbaa826cb20 0x7fbaa826cb2b
+B+: 0x7fbaa826cb2c 0x7fbaa826cb31
+B+: 0x7fbaa826cb32 0x7fbaa826cb41
+B+: 0x7fbaa826cb56 0x7fbaa826cb61
+B+: 0x7fbaa826cb62 0x7fbaa826cb6f
+B+: 0x7fbaa826cb70 0x7fbaa826cb85
+B+: 0x7fbaa826cb86 0x7fbaa826cb97
+B+: 0x7fbaa826cb98 0x7fbaa826cbc0
+B+: 0x7fbaa826cbc8 0x7fbaa826cbcc
+B+: 0x7fbaa826cbcd 0x7fbaa826cbea
+B+: 0x7fbaa826cd70 0x7fbaa826cd98
+B+: 0x7fbaa826cda0 0x7fbaa826cda1
+B+: 0x7fbaa826cda2 0x7fbaa826cdaa
+B+: 0x7fbaa826cdab 0x7fbaa826cdc5
+B+: 0x7fbaa826cdc6 0x7fbaa826cdc9
+B+: 0x7fbaa826cdca 0x7fbaa826cdd1
+B+: 0x7fbaa826cdd2 0x7fbaa826cde6
+B+: 0x7fbaa826cdf0 0x7fbaa826ce2a
+B+: 0x7fbaa826ce2b 0x7fbaa826ce2f
+B+: 0x7fbaa826ce46 0x7fbaa826ce5c
+B+: 0x7fbaa826ce5d 0x7fbaa826ce6e
+B+: 0x7fbaa826ce90 0x7fbaa826cead
+B+: 0x7fbaa826cec8 0x7fbaa826ced1
+B+: 0x7fbaa826ced2 0x7fbaa826cedd
+B+: 0x7fbaa826cf6c 0x7fbaa826cf8f
+B+: 0x7fbaa826cf90 0x7fbaa826cf9c
+B+: 0x7fbaa826cf9d 0x7fbaa826cfa8
+B+: 0x7fbaa826cfa9 0x7fbaa826cfb0
+B+: 0x7fbaa826cfb1 0x7fbaa826cfc5
+B+: 0x7fbaa826d008 0x7fbaa826d012
+B+: 0x7fbaa826d013 0x7fbaa826d01e
+B+: 0x7fbaa826d01f 0x7fbaa826d02e
+B+: 0x7fbaa826d060 0x7fbaa826d066
+B+: 0x7fbaa826d067 0x7fbaa826d074
+B+: 0x7fbaa826d075 0x7fbaa826d086
+B+: 0x7fbaa826d087 0x7fbaa826d08e
+B+: 0x7fbaa826d08f 0x7fbaa826d0a2
+B+: 0x7fbaa826d0a3 0x7fbaa826d0b0
+B+: 0x7fbaa826d100 0x7fbaa826d116
+B+: 0x7fbaa826d145 0x7fbaa826d14d
+B+: 0x7fbaa826d14e 0x7fbaa826d157
+B+: 0x7fbaa826d160 0x7fbaa826d166
+B+: 0x7fbaa826d1c0 0x7fbaa826d1d1
+B+: 0x7fbaa826d1e8 0x7fbaa826d1ef
+B+: 0x7fbaa826d248 0x7fbaa826d25b
+B+: 0x7fbaa826d25c 0x7fbaa826d271
+B+: 0x7fbaa826d7d0 0x7fbaa826d7ff
+B+: 0x7fbaa826d80f 0x7fbaa826d812
+B+: 0x7fbaa826d813 0x7fbaa826d81c
+B+: 0x7fbaa826d81d 0x7fbaa826d820
+B+: 0x7fbaa826d821 0x7fbaa826d82f
+B+: 0x7fbaa826d830 0x7fbaa826d83a
+B+: 0x7fbaa826d84f 0x7fbaa826d85a
+B+: 0x7fbaa826d85f 0x7fbaa826d862
+B+: 0x7fbaa826d870 0x7fbaa826d877
+B+: 0x7fbaa826d878 0x7fbaa826d88d
+B+: 0x7fbaa826e440 0x7fbaa826e464
+B+: 0x7fbaa826e61e 0x7fbaa826e627
+B+: 0x7fbaa826e628 0x7fbaa826e631
+B+: 0x7fbaa826e632 0x7fbaa826e659
+B+: 0x7fbaa826e6af 0x7fbaa826e6bc
+B+: 0x7fbaa826e6c0 0x7fbaa826e6cb
+B+: 0x7fbaa826e730 0x7fbaa826e73b
+B+: 0x7fbaa826e740 0x7fbaa826e75e
+B+: 0x7fbaa826e75f 0x7fbaa826e767
+B+: 0x7fbaa826e7d2 0x7fbaa826e7e3
+B+: 0x7fbaa826e8a0 0x7fbaa826e8a7
+B+: 0x7fbaa826f260 0x7fbaa826f2a5
+B+: 0x7fbaa826f2b5 0x7fbaa826f2be
+B+: 0x7fbaa826f2bf 0x7fbaa826f2d2
+B+: 0x7fbaa826f2d3 0x7fbaa826f2fc
+B+: 0x7fbaa826f2fd 0x7fbaa826f310
+B+: 0x7fbaa826f324 0x7fbaa826f328
+B+: 0x7fbaa826f336 0x7fbaa826f33f
+B+: 0x7fbaa826f340 0x7fbaa826f344
+B+: 0x7fbaa826f370 0x7fbaa826f386
+B+: 0x7fbaa826f387 0x7fbaa826f398
+B+: 0x7fbaa826f3a0 0x7fbaa826f3b6
+B+: 0x7fbaa826f3b7 0x7fbaa826f3d7
+B+: 0x7fbaa826f3dd 0x7fbaa826f3ec
+B+: 0x7fbaa826f850 0x7fbaa826f886
+B+: 0x7fbaa826f887 0x7fbaa826f89a
+B+: 0x7fbaa826f89b 0x7fbaa826f8ad
+B+: 0x7fbaa826f8ae 0x7fbaa826f8c4
+B+: 0x7fbaa826f8c5 0x7fbaa826f8d7
+B+: 0x7fbaa826f8d8 0x7fbaa826f8e7
+B+: 0x7fbaa826f8e8 0x7fbaa826f90c
+B+: 0x7fbaa826f90d 0x7fbaa826f915
+B+: 0x7fbaa826f924 0x7fbaa826f933
+B+: 0x7fbaa826f934 0x7fbaa826f947
+B+: 0x7fbaa826f948 0x7fbaa826f954
+B+: 0x7fbaa826f955 0x7fbaa826f95f
+B+: 0x7fbaa826f960 0x7fbaa826f964
+B+: 0x7fbaa826fa6a 0x7fbaa826fa7c
+B+: 0x7fbaa826fa7d 0x7fbaa826fa9c
+B+: 0x7fbaa826fba0 0x7fbaa826fbad
+B+: 0x7fbaa826fbae 0x7fbaa826fbe1
+B+: 0x7fbaa826fbf0 0x7fbaa826fbfb
+B+: 0x7fbaa826fdb0 0x7fbaa826fdbd
+B+: 0x7fbaa826fdbe 0x7fbaa826fdca
+B+: 0x7fbaa826fdcb 0x7fbaa826fde3
+B+: 0x7fbaa826fde8 0x7fbaa826fdf4
+B+: 0x7fbaa826fdf8 0x7fbaa826fe04
+B+: 0x7fbaa826fe05 0x7fbaa826fe12
+B+: 0x7fbaa826fe13 0x7fbaa826fe1d
+B+: 0x7fbaa826feb4 0x7fbaa826fec1
+B+: 0x7fbaa8270160 0x7fbaa8270174
+B+: 0x7fbaa8270175 0x7fbaa8270187
+B+: 0x7fbaa8270188 0x7fbaa82701a2
+B+: 0x7fbaa82701a3 0x7fbaa82701ac
+B+: 0x7fbaa82701ad 0x7fbaa82701b3
+B+: 0x7fbaa82701d0 0x7fbaa82701e5
+B+: 0x7fbaa82701eb 0x7fbaa82701f3
+B+: 0x7fbaa8270205 0x7fbaa827020b
+B+: 0x7fbaa827020c 0x7fbaa827021d
+B+: 0x7fbaa827021e 0x7fbaa8270226
+B+: 0x7fbaa8270227 0x7fbaa8270230
+B+: 0x7fbaa8270231 0x7fbaa8270232
+B+: 0x7fbaa8270240 0x7fbaa8270248
+B+: 0x7fbaa8270260 0x7fbaa8270260
+B+: 0x7fbaa8270520 0x7fbaa8270534
+B+: 0x7fbaa8270572 0x7fbaa8270578
+B+: 0x7fbaa8270580 0x7fbaa8270583
+B+: 0x7fbaa8270610 0x7fbaa8270656
+B+: 0x7fbaa827065b 0x7fbaa8270686
+B+: 0x7fbaa8270687 0x7fbaa827069d
+B+: 0x7fbaa82706fc 0x7fbaa8270708
+B+: 0x7fbaa8270709 0x7fbaa8270711
+B+: 0x7fbaa8270712 0x7fbaa827072a
+B+: 0x7fbaa827072b 0x7fbaa827073c
+B+: 0x7fbaa8270740 0x7fbaa8270747
+B+: 0x7fbaa8270748 0x7fbaa827075f
+B+: 0x7fbaa8270760 0x7fbaa8270766
+B+: 0x7fbaa8270767 0x7fbaa8270780
+B+: 0x7fbaa8270790 0x7fbaa8270793
+B+: 0x7fbaa8270794 0x7fbaa8270798
+B+: 0x7fbaa82707a2 0x7fbaa82707aa
+B+: 0x7fbaa82707ab 0x7fbaa82707ae
+B+: 0x7fbaa82707af 0x7fbaa82707bd
+B+: 0x7fbaa82707cb 0x7fbaa82707d3
+B+: 0x7fbaa8270825 0x7fbaa8270841
+B+: 0x7fbaa8270842 0x7fbaa827084d
+B+: 0x7fbaa827087e 0x7fbaa827088e
+B+: 0x7fbaa827088f 0x7fbaa82708a0
+B+: 0x7fbaa82708a1 0x7fbaa82708ad
+B+: 0x7fbaa8270c10 0x7fbaa8270c30
+B+: 0x7fbaa8270c31 0x7fbaa8270c58
+B+: 0x7fbaa8270c5e 0x7fbaa8270c66
+B+: 0x7fbaa8270c67 0x7fbaa8270c6f
+B+: 0x7fbaa8270c78 0x7fbaa8270c87
+B+: 0x7fbaa8270c88 0x7fbaa8270c89
+B+: 0x7fbaa8270ca0 0x7fbaa8270caf
+B+: 0x7fbaa8270cba 0x7fbaa8270cc4
+B+: 0x7fbaa8270ce0 0x7fbaa8270ce8
+B+: 0x7fbaa8271360 0x7fbaa827136b
+B+: 0x7fbaa8271480 0x7fbaa8271480
+B+: 0x7fbaa82719c0 0x7fbaa82719db
+B+: 0x7fbaa8271a16 0x7fbaa8271a32
+B+: 0x7fbaa8271a33 0x7fbaa8271a52
+B+: 0x7fbaa8271a63 0x7fbaa8271a6a
+B+: 0x7fbaa8271a90 0x7fbaa8271aa6
+B+: 0x7fbaa8271aa7 0x7fbaa8271aae
+B+: 0x7fbaa8271aaf 0x7fbaa8271ab6
+B+: 0x7fbaa8271af6 0x7fbaa8271b01
+B+: 0x7fbaa8271b0c 0x7fbaa8271b34
+B+: 0x7fbaa8271b40 0x7fbaa8271b57
+B+: 0x7fbaa8271b58 0x7fbaa8271b5f
+B+: 0x7fbaa8271b60 0x7fbaa8271b67
+B+: 0x7fbaa8271b68 0x7fbaa8271b70
+B+: 0x7fbaa8271b71 0x7fbaa8271b7a
+B+: 0x7fbaa8271b7b 0x7fbaa8271b80
+B+: 0x7fbaa8271b97 0x7fbaa8271b9c
+B+: 0x7fbaa8271c0a 0x7fbaa8271c3d
+B+: 0x7fbaa8271c47 0x7fbaa8271c53
+B+: 0x7fbaa8271ed0 0x7fbaa8271ede
+B+: 0x7fbaa8271edf 0x7fbaa8271ee7
+B+: 0x7fbaa8271ee8 0x7fbaa8271efc
+B+: 0x7fbaa8271efd 0x7fbaa8271f02
+B+: 0x7fbaa8271f03 0x7fbaa8271f1b
+B+: 0x7fbaa8271f1c 0x7fbaa8271f21
+B+: 0x7fbaa8271f22 0x7fbaa8271f2b
+B+: 0x7fbaa8271fc0 0x7fbaa8271fc7
+B+: 0x7fbaa8271fc8 0x7fbaa8271fd0
+B+: 0x7fbaa8272760 0x7fbaa8272768
+B+: 0x7fbaa8272769 0x7fbaa827276d
+B+: 0x7fbaa827276e 0x7fbaa8272772
+B+: 0x7fbaa8272780 0x7fbaa8272788
+B+: 0x7fbaa8272789 0x7fbaa827278d
+B+: 0x7fbaa827278e 0x7fbaa8272792
+B+: 0x7fbaa82727c0 0x7fbaa82727d9
+B+: 0x7fbaa82727da 0x7fbaa82727e6
+B+: 0x7fbaa82727f7 0x7fbaa8272802
+B+: 0x7fbaa8272803 0x7fbaa827280b
+B+: 0x7fbaa827280c 0x7fbaa8272841
+B+: 0x7fbaa8272842 0x7fbaa827284b
+B+: 0x7fbaa827284c 0x7fbaa8272852
+B+: 0x7fbaa8272853 0x7fbaa8272875
+B+: 0x7fbaa8272880 0x7fbaa827288e
+B+: 0x7fbaa82728b0 0x7fbaa82728c8
+B+: 0x7fbaa8272900 0x7fbaa8272941
+B+: 0x7fbaa8272950 0x7fbaa8272966
+B+: 0x7fbaa8272967 0x7fbaa827297e
+B+: 0x7fbaa827297f 0x7fbaa827298a
+B+: 0x7fbaa827298b 0x7fbaa82729b3
+B+: 0x7fbaa82729b4 0x7fbaa82729bd
+B+: 0x7fbaa82729be 0x7fbaa82729bf
+B+: 0x7fbaa82729d0 0x7fbaa82729e8
+B+: 0x7fbaa82729e9 0x7fbaa8272a14
+B+: 0x7fbaa8272a1e 0x7fbaa8272a25
+B+: 0x7fbaa8272a26 0x7fbaa8272a33
+B+: 0x7fbaa8272a34 0x7fbaa8272a46
+B+: 0x7fbaa8272ae0 0x7fbaa8272afe
+B+: 0x7fbaa8272aff 0x7fbaa8272b0c
+B+: 0x7fbaa8272b0d 0x7fbaa8272b1b
+B+: 0x7fbaa8272b1c 0x7fbaa8272b2c
+B+: 0x7fbaa8272b40 0x7fbaa8272b62
+B+: 0x7fbaa8272b98 0x7fbaa8272ba9
+B+: 0x7fbaa82736d0 0x7fbaa82736f4
+B+: 0x7fbaa82736f5 0x7fbaa827370d
+B+: 0x7fbaa827370e 0x7fbaa8273712
+B+: 0x7fbaa8273713 0x7fbaa827371e
+B+: 0x7fbaa827371f 0x7fbaa8273723
+B+: 0x7fbaa8273724 0x7fbaa8273728
+B+: 0x7fbaa8273729 0x7fbaa8273730
+B+: 0x7fbaa827373c 0x7fbaa8273749
+B+: 0x7fbaa827374a 0x7fbaa827374d
+B+: 0x7fbaa827374e 0x7fbaa8273760
+B+: 0x7fbaa8273761 0x7fbaa827376b
+B+: 0x7fbaa8273790 0x7fbaa827379d
+B+: 0x7fbaa827379e 0x7fbaa82737a5
+B+: 0x7fbaa82737a6 0x7fbaa82737a7
+B+: 0x7fbaa8273890 0x7fbaa827389d
+B+: 0x7fbaa827389e 0x7fbaa82738a9
+B+: 0x7fbaa82738aa 0x7fbaa82738bd
+B+: 0x7fbaa82738c0 0x7fbaa82738ca
+B+: 0x7fbaa82738d0 0x7fbaa82738ef
+B+: 0x7fbaa82738f0 0x7fbaa82738f4
+B+: 0x7fbaa82738f5 0x7fbaa827390c
+B+: 0x7fbaa827390d 0x7fbaa8273910
+B+: 0x7fbaa8273911 0x7fbaa8273912
+B+: 0x7fbaa8273913 0x7fbaa827391b
+B+: 0x7fbaa827391c 0x7fbaa8273930
+B+: 0x7fbaa8273938 0x7fbaa827393c
+B+: 0x7fbaa8273980 0x7fbaa827398f
+B+: 0x7fbaa8273990 0x7fbaa827399b
+B+: 0x7fbaa827399c 0x7fbaa82739ab
+B+: 0x7fbaa8273a80 0x7fbaa8273a93
+B+: 0x7fbaa8273a94 0x7fbaa8273aac
+B+: 0x7fbaa8273aad 0x7fbaa8273abf
+B+: 0x7fbaa8273ac0 0x7fbaa8273ada
+B+: 0x7fbaa8273adb 0x7fbaa8273ae3
+B+: 0x7fbaa8273aec 0x7fbaa8273af8
+B+: 0x7fbaa8273af9 0x7fbaa8273b02
+B+: 0x7fbaa8273b03 0x7fbaa8273b06
+B+: 0x7fbaa8273b07 0x7fbaa8273b1a
+B+: 0x7fbaa8273c49 0x7fbaa8273c55
+B+: 0x7fbaa8273c56 0x7fbaa8273c67
+B+: 0x7fbaa8273c82 0x7fbaa8273c93
+B+: 0x7fbaa8273d77 0x7fbaa8273d82
+B+: 0x7fbaa8273da0 0x7fbaa8273db2
+B+: 0x7fbaa8273db3 0x7fbaa8273ddf
+B+: 0x7fbaa8273de0 0x7fbaa8273deb
+B+: 0x7fbaa8273dec 0x7fbaa8273dfc
+B+: 0x7fbaa8273dfd 0x7fbaa8273e18
+B+: 0x7fbaa8273e19 0x7fbaa8273e25
+B+: 0x7fbaa8273e26 0x7fbaa8273e2e
+B+: 0x7fbaa8273e2f 0x7fbaa8273e3f
+B+: 0x7fbaa8273e40 0x7fbaa8273e44
+B+: 0x7fbaa8273e45 0x7fbaa8273e50
+B+: 0x7fbaa8273e51 0x7fbaa8273e5d
+B+: 0x7fbaa8273e5e 0x7fbaa8273e77
+B+: 0x7fbaa8273ece 0x7fbaa8273ed2
+B+: 0x7fbaa8273ed3 0x7fbaa8273ede
+B+: 0x7fbaa8273ee0 0x7fbaa8273eec
+B+: 0x7fbaa8273f60 0x7fbaa8273f7c
+B+: 0x7fbaa8274120 0x7fbaa8274128
+B+: 0x7fbaa8274129 0x7fbaa8274147
+B+: 0x7fbaa8274750 0x7fbaa827475e
+B+: 0x7fbaa827475f 0x7fbaa8274763
+B+: 0x7fbaa8274764 0x7fbaa8274770
+B+: 0x7fbaa8274771 0x7fbaa8274777
+B+: 0x7fbaa8274778 0x7fbaa8274783
+B+: 0x7fbaa8274784 0x7fbaa8274788
+B+: 0x7fbaa8274789 0x7fbaa827478d
+B+: 0x7fbaa827478e 0x7fbaa8274796
+B+: 0x7fbaa8274797 0x7fbaa827479e
+B+: 0x7fbaa8274890 0x7fbaa8274892
+B+: 0x7fbaa82748a7 0x7fbaa82748ab
+B+: 0x7fbaa82748ac 0x7fbaa82748b2
+B+: 0x7fbaa82748b3 0x7fbaa82748b6
+B+: 0x7fbaa82748d0 0x7fbaa82748e1
+B+: 0x7fbaa82748e2 0x7fbaa82748e6
+B+: 0x7fbaa82748e7 0x7fbaa82748eb
+B+: 0x7fbaa82748ec 0x7fbaa82748f1
+B+: 0x7fbaa82748f2 0x7fbaa82748fa
+B+: 0x7fbaa82748fb 0x7fbaa82748fc
+B+: 0x7fbaa8274940 0x7fbaa8274948
+B+: 0x7fbaa8274949 0x7fbaa8274951
+B+: 0x7fbaa8274980 0x7fbaa8274988
+B+: 0x7fbaa8274989 0x7fbaa827498a
+B+: 0x7fbaa827498b 0x7fbaa8274991
+B+: 0x7fbaa8274992 0x7fbaa82749a2
+B+: 0x7fbaa82749a8 0x7fbaa82749ac
+B+: 0x7fbaa82749eb 0x7fbaa8274a00
+B+: 0x7fbaa8274a08 0x7fbaa8274a10
+B+: 0x7fbaa8274af0 0x7fbaa8274b11
+B+: 0x7fbaa8274b12 0x7fbaa8274b16
+B+: 0x7fbaa8274b17 0x7fbaa8274b1d
+B+: 0x7fbaa8274b1e 0x7fbaa8274b26
+B+: 0x7fbaa8274b27 0x7fbaa8274b34
+B+: 0x7fbaa8274b35 0x7fbaa8274b3c
+B+: 0x7fbaa8274b3d 0x7fbaa8274b49
+B+: 0x7fbaa8274b4a 0x7fbaa8274b5a
+B+: 0x7fbaa8274b5b 0x7fbaa8274b63
+B+: 0x7fbaa8274b7f 0x7fbaa8274b93
+B+: 0x7fbaa8274b94 0x7fbaa8274b9c
+B+: 0x7fbaa8274be0 0x7fbaa8274bf7
+B+: 0x7fbaa8274bf8 0x7fbaa8274c00
+B+: 0x7fbaa8274c1b 0x7fbaa8274c2b
+B+: 0x7fbaa8274d40 0x7fbaa8274d5e
+B+: 0x7fbaa8274d5f 0x7fbaa8274d6d
+B+: 0x7fbaa8274d6e 0x7fbaa8274d72
+B+: 0x7fbaa8274d7d 0x7fbaa8274d90
+B+: 0x7fbaa8274d91 0x7fbaa8274d95
+B+: 0x7fbaa8274d96 0x7fbaa8274d9a
+B+: 0x7fbaa8274da0 0x7fbaa8274da4
+B+: 0x7fbaa8274dd5 0x7fbaa8274dd9
+B+: 0x7fbaa8274dda 0x7fbaa8274dde
+B+: 0x7fbaa8274df0 0x7fbaa8274dfb
+B+: 0x7fbaa8274dfc 0x7fbaa8274e07
+B+: 0x7fbaa8274e08 0x7fbaa8274e10
+B+: 0x7fbaa8274e2c 0x7fbaa8274e30
+B+: 0x7fbaa8274e31 0x7fbaa8274e36
+B+: 0x7fbaa8274e41 0x7fbaa8274e45
+B+: 0x7fbaa8274e46 0x7fbaa8274e54
+B+: 0x7fbaa8274e55 0x7fbaa8274e5d
+B+: 0x7fbaa8274e5e 0x7fbaa8274e62
+B+: 0x7fbaa8274e63 0x7fbaa8274e74
+B+: 0x7fbaa8274e78 0x7fbaa8274e84
+B+: 0x7fbaa8274ea0 0x7fbaa8274ea4
+B+: 0x7fbaa8274ef0 0x7fbaa8274f03
+B+: 0x7fbaa8274f40 0x7fbaa8274f76
+B+: 0x7fbaa8274f77 0x7fbaa8274f82
+B+: 0x7fbaa8274f83 0x7fbaa8274f92
+B+: 0x7fbaa827501b 0x7fbaa8275031
+B+: 0x7fbaa8275032 0x7fbaa8275040
+B+: 0x7fbaa8275075 0x7fbaa82750b8
+B+: 0x7fbaa82750b9 0x7fbaa82750c3
+B+: 0x7fbaa82750c4 0x7fbaa82750cc
+B+: 0x7fbaa82750cd 0x7fbaa82750d5
+B+: 0x7fbaa82750d6 0x7fbaa82750de
+B+: 0x7fbaa82750df 0x7fbaa8275106
+B+: 0x7fbaa8275107 0x7fbaa8275133
+B+: 0x7fbaa8275578 0x7fbaa8275581
+B+: 0x7fbaa8275582 0x7fbaa82755a8
+B+: 0x7fbaa82755a9 0x7fbaa82755b6
+B+: 0x7fbaa82755d0 0x7fbaa82755e0
+B+: 0x7fbaa82755e1 0x7fbaa82755ee
+B+: 0x7fbaa82755ef 0x7fbaa82755f3
+B+: 0x7fbaa8275670 0x7fbaa827567e
+B+: 0x7fbaa827567f 0x7fbaa8275683
+B+: 0x7fbaa8275684 0x7fbaa8275692
+B+: 0x7fbaa8275693 0x7fbaa827569a
+B+: 0x7fbaa827569b 0x7fbaa82756a2
+B+: 0x7fbaa82756a3 0x7fbaa82756b7
+B+: 0x7fbaa8275790 0x7fbaa82757bc
+B+: 0x7fbaa82757bd 0x7fbaa82757d4
+B+: 0x7fbaa82757e0 0x7fbaa827583a
+B+: 0x7fbaa827583b 0x7fbaa8275875
+B+: 0x7fbaa8275876 0x7fbaa8275893
+B+: 0x7fbaa8275894 0x7fbaa82758a3
+B+: 0x7fbaa82758a4 0x7fbaa82758b0
+B+: 0x7fbaa82759b4 0x7fbaa82759b8
+B+: 0x7fbaa82759b9 0x7fbaa82759cf
+B+: 0x7fbaa82759d0 0x7fbaa82759dc
+B+: 0x7fbaa82759dd 0x7fbaa82759ef
+B+: 0x7fbaa82759f0 0x7fbaa82759f7
+B+: 0x7fbaa8275a01 0x7fbaa8275a16
+B+: 0x7fbaa8275a28 0x7fbaa8275a3d
+B+: 0x7fbaa8275a3e 0x7fbaa8275a4d
+B+: 0x7fbaa8275a79 0x7fbaa8275a97
+B+: 0x7fbaa8275a98 0x7fbaa8275ac0
+B+: 0x7fbaa8275ac1 0x7fbaa8275acf
+B+: 0x7fbaa8276148 0x7fbaa8276154
+B+: 0x7fbaa8276155 0x7fbaa8276174
+B+: 0x7fbaa8276175 0x7fbaa827617f
+B+: 0x7fbaa82761ac 0x7fbaa82761b0
+B+: 0x7fbaa82761b1 0x7fbaa82761b5
+B+: 0x7fbaa8276a40 0x7fbaa8276a64
+B+: 0x7fbaa8276b10 0x7fbaa8276b1a
+B+: 0x7fbaa8276b40 0x7fbaa8276b47
+B+: 0x7fbaa8276b48 0x7fbaa8276b51
+B+: 0x7fbaa8276b58 0x7fbaa8276b60
+B+: 0x7fbaa8276b61 0x7fbaa8276b6a
+B+: 0x7fbaa8276b88 0x7fbaa8276b8c
+B+: 0x7fbaa8276b8d 0x7fbaa8276b94
+B+: 0x7fbaa8276ba0 0x7fbaa8276ba4
+B+: 0x7fbaa8276d00 0x7fbaa8276d30
+B+: 0x7fbaa8276e3f 0x7fbaa8276e55
+B+: 0x7fbaa8276e56 0x7fbaa8276e67
+B+: 0x7fbaa82771e0 0x7fbaa8277222
+B+: 0x7fbaa8277223 0x7fbaa8277228
+B+: 0x7fbaa827724c 0x7fbaa8277260
+B+: 0x7fbaa8277261 0x7fbaa8277269
+B+: 0x7fbaa8277270 0x7fbaa8277279
+B+: 0x7fbaa8277288 0x7fbaa82772a0
+B+: 0x7fbaa82772a1 0x7fbaa82772ba
+B+: 0x7fbaa82772bb 0x7fbaa82772bc
+B+: 0x7fbaa82772d0 0x7fbaa82772d8
+B+: 0x7fbaa82772f8 0x7fbaa82772f8
+B+: 0x7fbaa8277300 0x7fbaa827730c
+B+: 0x7fbaa827733f 0x7fbaa8277343
+B+: 0x7fbaa8277380 0x7fbaa8277384
+B+: 0x7fbaa82773d0 0x7fbaa82773e3
+B+: 0x7fbaa8277400 0x7fbaa8277400
+B+: 0x7fbaa8277420 0x7fbaa827745b
+B+: 0x7fbaa8277467 0x7fbaa8277471
+B+: 0x7fbaa8277472 0x7fbaa8277489
+B+: 0x7fbaa827748a 0x7fbaa827748d
+B+: 0x7fbaa827748e 0x7fbaa8277494
+B+: 0x7fbaa8277495 0x7fbaa827749d
+B+: 0x7fbaa827749e 0x7fbaa82774a9
+B+: 0x7fbaa82774aa 0x7fbaa82774c2
+B+: 0x7fbaa82774c3 0x7fbaa82774ce
+B+: 0x7fbaa82774cf 0x7fbaa82774e5
+B+: 0x7fbaa82774e6 0x7fbaa82774f5
+B+: 0x7fbaa8277500 0x7fbaa827750e
+B+: 0x7fbaa827750f 0x7fbaa8277513
+B+: 0x7fbaa8277514 0x7fbaa827751e
+B+: 0x7fbaa8277540 0x7fbaa8277549
+B+: 0x7fbaa827754a 0x7fbaa827754e
+B+: 0x7fbaa827754f 0x7fbaa8277560
+B+: 0x7fbaa8277568 0x7fbaa8277577
+B+: 0x7fbaa8277580 0x7fbaa8277589
+B+: 0x7fbaa82775a8 0x7fbaa82775bb
+B+: 0x7fbaa82775c0 0x7fbaa82775ce
+B+: 0x7fbaa82775cf 0x7fbaa82775dc
+B+: 0x7fbaa82776f0 0x7fbaa82776fd
+B+: 0x7fbaa82777a0 0x7fbaa82777a0
+B+: 0x7fbaa82777b0 0x7fbaa82777ba
+B+: 0x7fbaa82777bb 0x7fbaa82777ce
+B+: 0x7fbaa82777cf 0x7fbaa82777d8
+B+: 0x7fbaa82777d9 0x7fbaa82777e6
+B+: 0x7fbaa8277800 0x7fbaa827782d
+B+: 0x7fbaa827782e 0x7fbaa8277831
+B+: 0x7fbaa8277832 0x7fbaa8277847
+B+: 0x7fbaa8277864 0x7fbaa827786b
+B+: 0x7fbaa827786c 0x7fbaa827786f
+B+: 0x7fbaa8277870 0x7fbaa8277876
+B+: 0x7fbaa8277877 0x7fbaa827787b
+B+: 0x7fbaa827787c 0x7fbaa8277886
+B+: 0x7fbaa8277ae0 0x7fbaa8277b01
+B+: 0x7fbaa8277b02 0x7fbaa8277b0a
+B+: 0x7fbaa8277b0b 0x7fbaa8277b14
+B+: 0x7fbaa8277b15 0x7fbaa8277b19
+B+: 0x7fbaa8277c00 0x7fbaa8277c19
+B+: 0x7fbaa8277c51 0x7fbaa8277c8e
+B+: 0x7fbaa8277c8f 0x7fbaa8277c9e
+B+: 0x7fbaa8277c9f 0x7fbaa8277ca6
+B+: 0x7fbaa8277df0 0x7fbaa8277dfb
+B+: 0x7fbaa8277e20 0x7fbaa8277e20
+B+: 0x7fbaa8277e30 0x7fbaa8277e38
+B+: 0x7fbaa8279940 0x7fbaa827994b
+B+: 0x7fbaa827994c 0x7fbaa8279957
+B+: 0x7fbaa8279958 0x7fbaa8279964
+B+: 0x7fbaa8279965 0x7fbaa8279969
+B+: 0x7fbaa827996a 0x7fbaa827996f
+B+: 0x7fbaa8279970 0x7fbaa8279976
+B+: 0x7fbaa8279980 0x7fbaa8279987
+B+: 0x7fbaa8279988 0x7fbaa827998c
+B+: 0x7fbaa827998d 0x7fbaa827999b
+B+: 0x7fbaa827999c 0x7fbaa82799a0
+B+: 0x7fbaa82799a1 0x7fbaa82799a8
+B+: 0x7fbaa82799a9 0x7fbaa82799ad
+B+: 0x7fbaa82799ae 0x7fbaa82799b8
+B+: 0x7fbaa82799b9 0x7fbaa82799b9
+B+: 0x7fbaa82799c0 0x7fbaa82799c5
+B+: 0x7fbaa82799c6 0x7fbaa82799c9
+B+: 0x7fbaa82799d0 0x7fbaa82799d0
+B+: 0x7fbaa82799d1 0x7fbaa82799d5
+B+: 0x7fbaa82799d6 0x7fbaa82799d9
+B+: 0x7fbaa82799e0 0x7fbaa82799ff
+B+: 0x7fbaa8279a00 0x7fbaa8279a11
+B+: 0x7fbaa8279a12 0x7fbaa8279a16
+B+: 0x7fbaa8279a20 0x7fbaa8279a22
+B+: 0x7fbaa8279a23 0x7fbaa8279a2f
+B+: 0x7fbaa8279a30 0x7fbaa8279a33
+B+: 0x7fbaa8279a34 0x7fbaa8279a5d
+B+: 0x7fbaa8279a5e 0x7fbaa8279a62
+B+: 0x7fbaa8279a63 0x7fbaa8279a82
+B+: 0x7fbaa8279ac0 0x7fbaa8279ade
+B+: 0x7fbaa8279adf 0x7fbaa8279ae3
+B+: 0x7fbaa8279ae4 0x7fbaa8279ae8
+B+: 0x7fbaa8279af0 0x7fbaa8279af2
+B+: 0x7fbaa8279af3 0x7fbaa8279aff
+B+: 0x7fbaa8279b00 0x7fbaa8279b03
+B+: 0x7fbaa8279b04 0x7fbaa8279b3e
+B+: 0x7fbaa8279b3f 0x7fbaa8279b49
+B+: 0x7fbaa8279b4a 0x7fbaa8279b57
+B+: 0x7fbaa8279b58 0x7fbaa8279b5d
+B+: 0x7fbaa8279b5e 0x7fbaa8279b66
+B+: 0x7fbaa8279b67 0x7fbaa8279b70
+B+: 0x7fbaa8279b71 0x7fbaa8279b7a
+B+: 0x7fbaa8279b7b 0x7fbaa8279b9a
+B+: 0x7fbaa8279b9b 0x7fbaa8279ba3
+B+: 0x7fbaa8279ba4 0x7fbaa8279bbd
+B+: 0x7fbaa8279bc0 0x7fbaa8279bc5
+B+: 0x7fbaa8279bc6 0x7fbaa8279bcf
+B+: 0x7fbaa8279bd0 0x7fbaa8279bd9
+B+: 0x7fbaa8279bda 0x7fbaa8279bf7
+B+: 0x7fbaa8279c08 0x7fbaa8279c14
+B+: 0x7fbaa8279c15 0x7fbaa8279c1b
+B+: 0x7fbaa8279c1c 0x7fbaa8279c29
+B+: 0x7fbaa8279cb0 0x7fbaa8279cca
+B+: 0x7fbaa8279ccb 0x7fbaa8279cda
+B+: 0x7fbaa8279cdb 0x7fbaa8279ce6
+B+: 0x7fbaa8279ce7 0x7fbaa8279cef
+B+: 0x7fbaa8279cf0 0x7fbaa8279cf4
+B+: 0x7fbaa8279cf5 0x7fbaa8279cfc
+B+: 0x7fbaa8279cfd 0x7fbaa8279d10
+B+: 0x7fbaa8279d11 0x7fbaa8279d21
+B+: 0x7fbaa8279d22 0x7fbaa8279d26
+B+: 0x7fbaa8279d27 0x7fbaa8279d38
+B+: 0x7fbaa8279d39 0x7fbaa8279d4b
+B+: 0x7fbaa8279d4c 0x7fbaa8279d54
+B+: 0x7fbaa8279d55 0x7fbaa8279d5e
+B+: 0x7fbaa8279d5f 0x7fbaa8279d6d
+B+: 0x7fbaa8279ea0 0x7fbaa8279eb6
+B+: 0x7fbaa8279eb7 0x7fbaa8279ebb
+B+: 0x7fbaa8279ebc 0x7fbaa8279ec0
+B+: 0x7fbaa8279ec8 0x7fbaa8279ecb
+B+: 0x7fbaa8279ecc 0x7fbaa8279ed9
+B+: 0x7fbaa8279eda 0x7fbaa8279edd
+B+: 0x7fbaa8279ede 0x7fbaa8279f06
+B+: 0x7fbaa8279f07 0x7fbaa8279f10
+B+: 0x7fbaa8279f11 0x7fbaa8279f16
+B+: 0x7fbaa8279f17 0x7fbaa8279f24
+B+: 0x7fbaa8279f25 0x7fbaa8279f2d
+B+: 0x7fbaa827a440 0x7fbaa827a46b
+B+: 0x7fbaa827a46c 0x7fbaa827a470
+B+: 0x7fbaa827a471 0x7fbaa827a475
+B+: 0x7fbaa827a536 0x7fbaa827a53e
+B+: 0x7fbaa827a53f 0x7fbaa827a548
+B+: 0x7fbaa827a549 0x7fbaa827a551
+B+: 0x7fbaa827a5d0 0x7fbaa827a5e4
+B+: 0x7fbaa827a5e5 0x7fbaa827a606
+B+: 0x7fbaa827a607 0x7fbaa827a610
+B+: 0x7fbaa827a611 0x7fbaa827a618
+B+: 0x7fbaa827a640 0x7fbaa827a648
+B+: 0x7fbaa827a649 0x7fbaa827a656
+B+: 0x7fbaa827a657 0x7fbaa827a65f
+B+: 0x7fbaa827a660 0x7fbaa827a661
+B+: 0x7fbaa827a760 0x7fbaa827a7aa
+B+: 0x7fbaa827a7ab 0x7fbaa827a7af
+B+: 0x7fbaa827a7b0 0x7fbaa827a7be
+B+: 0x7fbaa827a7c8 0x7fbaa827a7d3
+B+: 0x7fbaa827a7d4 0x7fbaa827a7d8
+B+: 0x7fbaa827a7d9 0x7fbaa827a7e0
+B+: 0x7fbaa827a7e1 0x7fbaa827a7e5
+B+: 0x7fbaa827a7e6 0x7fbaa827a7f3
+B+: 0x7fbaa827a7f4 0x7fbaa827a7fb
+B+: 0x7fbaa827a800 0x7fbaa827a810
+B+: 0x7fbaa827a811 0x7fbaa827a815
+B+: 0x7fbaa827a816 0x7fbaa827a832
+B+: 0x7fbaa827a833 0x7fbaa827a843
+B+: 0x7fbaa827a844 0x7fbaa827a84f
+B+: 0x7fbaa827a850 0x7fbaa827a857
+B+: 0x7fbaa827a858 0x7fbaa827a85c
+B+: 0x7fbaa827a85d 0x7fbaa827a868
+B+: 0x7fbaa827a869 0x7fbaa827a87b
+B+: 0x7fbaa827a87c 0x7fbaa827a884
+B+: 0x7fbaa827a888 0x7fbaa827a897
+B+: 0x7fbaa827a898 0x7fbaa827a89b
+B+: 0x7fbaa827a89c 0x7fbaa827a8b4
+B+: 0x7fbaa827a8b5 0x7fbaa827a8b8
+B+: 0x7fbaa827a8b9 0x7fbaa827a8c6
+B+: 0x7fbaa827a8c7 0x7fbaa827a8d5
+B+: 0x7fbaa827adc0 0x7fbaa827adec
+B+: 0x7fbaa827aded 0x7fbaa827adf2
+B+: 0x7fbaa827adf3 0x7fbaa827ae04
+B+: 0x7fbaa827ae05 0x7fbaa827ae0d
+B+: 0x7fbaa827ae0e 0x7fbaa827ae1c
+CND+ 0x7fbaa826900e: taken
+CND+ 0x7fbaa82695ea: not taken
+CND+ 0x7fbaa8269626: not taken
+CND+ 0x7fbaa826963b: taken
+CND+ 0x7fbaa8269673: not taken
+CND+ 0x7fbaa8269687: not taken
+CND+ 0x7fbaa8269695: not taken
+CND+ 0x7fbaa82697e2: taken
+CND+ 0x7fbaa8269862: not taken
+CND+ 0x7fbaa826987c: both
+CND+ 0x7fbaa82698a9: not taken
+CND+ 0x7fbaa8269a5d: not taken
+CND+ 0x7fbaa8269a62: taken
+CND+ 0x7fbaa826a6e6: not taken
+CND+ 0x7fbaa826a704: taken
+CND+ 0x7fbaa826a71a: not taken
+CND+ 0x7fbaa826a71f: taken
+CND+ 0x7fbaa826a72f: taken
+CND+ 0x7fbaa826a74c: not taken
+CND+ 0x7fbaa826a756: not taken
+CND+ 0x7fbaa826a78f: not taken
+CND+ 0x7fbaa826a79b: taken
+CND+ 0x7fbaa826b079: taken
+CND+ 0x7fbaa826b11b: not taken
+CND+ 0x7fbaa826b149: not taken
+CND+ 0x7fbaa826b158: not taken
+CND+ 0x7fbaa826b190: not taken
+CND+ 0x7fbaa826b1ce: taken
+CND+ 0x7fbaa826bc20: not taken
+CND+ 0x7fbaa826bc2d: taken
+CND+ 0x7fbaa826bc48: not taken
+CND+ 0x7fbaa826bc5f: both
+CND+ 0x7fbaa826bc88: not taken
+CND+ 0x7fbaa826bed2: taken
+CND+ 0x7fbaa826bf55: not taken
+CND+ 0x7fbaa826bf7e: not taken
+CND+ 0x7fbaa826bf8a: not taken
+CND+ 0x7fbaa826bf93: both
+CND+ 0x7fbaa826bfc4: not taken
+CND+ 0x7fbaa826bfe2: both
+CND+ 0x7fbaa826bffb: taken
+CND+ 0x7fbaa826c05a: taken
+CND+ 0x7fbaa826c0af: not taken
+CND+ 0x7fbaa826c0b8: taken
+CND+ 0x7fbaa826c0e0: taken
+CND+ 0x7fbaa826c116: not taken
+CND+ 0x7fbaa826c15a: not taken
+CND+ 0x7fbaa826c163: taken
+CND+ 0x7fbaa826c21b: taken
+CND+ 0x7fbaa826c24a: taken
+CND+ 0x7fbaa826c27c: not taken
+CND+ 0x7fbaa826c36a: taken
+CND+ 0x7fbaa826c520: not taken
+CND+ 0x7fbaa826c529: not taken
+CND+ 0x7fbaa826c532: taken
+CND+ 0x7fbaa826c8eb: not taken
+CND+ 0x7fbaa826c906: both
+CND+ 0x7fbaa826c93d: not taken
+CND+ 0x7fbaa826c985: both
+CND+ 0x7fbaa826c9f6: taken
+CND+ 0x7fbaa826ca20: both
+CND+ 0x7fbaa826ca29: not taken
+CND+ 0x7fbaa826ca33: not taken
+CND+ 0x7fbaa826cae4: not taken
+CND+ 0x7fbaa826cafb: taken
+CND+ 0x7fbaa826cb2a: both
+CND+ 0x7fbaa826cb30: both
+CND+ 0x7fbaa826cb40: taken
+CND+ 0x7fbaa826cb60: not taken
+CND+ 0x7fbaa826cb96: not taken
+CND+ 0x7fbaa826cbe5: taken
+CND+ 0x7fbaa826cda0: not taken
+CND+ 0x7fbaa826cda9: not taken
+CND+ 0x7fbaa826cdc8: both
+CND+ 0x7fbaa826cdd0: both
+CND+ 0x7fbaa826ce2e: taken
+CND+ 0x7fbaa826ce57: not taken
+CND+ 0x7fbaa826ceac: taken
+CND+ 0x7fbaa826ced8: taken
+CND+ 0x7fbaa826cfa3: not taken
+CND+ 0x7fbaa826cfc0: taken
+CND+ 0x7fbaa826d019: not taken
+CND+ 0x7fbaa826d065: not taken
+CND+ 0x7fbaa826d06f: not taken
+CND+ 0x7fbaa826d089: both
+CND+ 0x7fbaa826d09d: not taken
+CND+ 0x7fbaa826d0ab: taken
+CND+ 0x7fbaa826d14c: not taken
+CND+ 0x7fbaa826d156: taken
+CND+ 0x7fbaa826d1cc: taken
+CND+ 0x7fbaa826d1ee: taken
+CND+ 0x7fbaa826d811: both
+CND+ 0x7fbaa826d81b: not taken
+CND+ 0x7fbaa826d81f: not taken
+CND+ 0x7fbaa826d839: taken
+CND+ 0x7fbaa826d859: taken
+CND+ 0x7fbaa826d861: taken
+CND+ 0x7fbaa826e45f: taken
+CND+ 0x7fbaa826e626: not taken
+CND+ 0x7fbaa826e6ca: taken
+CND+ 0x7fbaa826e762: taken
+CND+ 0x7fbaa826f2a4: taken
+CND+ 0x7fbaa826f2bd: not taken
+CND+ 0x7fbaa826f2cd: not taken
+CND+ 0x7fbaa826f30f: taken
+CND+ 0x7fbaa826f327: taken
+CND+ 0x7fbaa826f33a: not taken
+CND+ 0x7fbaa826f343: taken
+CND+ 0x7fbaa826f381: not taken
+CND+ 0x7fbaa826f3d6: taken
+CND+ 0x7fbaa826f3e7: taken
+CND+ 0x7fbaa826f895: not taken
+CND+ 0x7fbaa826f8a8: not taken
+CND+ 0x7fbaa826f8d2: not taken
+CND+ 0x7fbaa826f907: not taken
+CND+ 0x7fbaa826f942: taken
+CND+ 0x7fbaa826f953: not taken
+CND+ 0x7fbaa826f963: taken
+CND+ 0x7fbaa826fa7b: not taken
+CND+ 0x7fbaa826fdbc: both
+CND+ 0x7fbaa826fdc9: both
+CND+ 0x7fbaa826fe03: not taken
+CND+ 0x7fbaa826fe0d: not taken
+CND+ 0x7fbaa826fe18: taken
+CND+ 0x7fbaa82701a1: not taken
+CND+ 0x7fbaa82701ab: not taken
+CND+ 0x7fbaa82701e4: taken
+CND+ 0x7fbaa82701f2: taken
+CND+ 0x7fbaa827020a: not taken
+CND+ 0x7fbaa8270225: not taken
+CND+ 0x7fbaa827022f: not taken
+CND+ 0x7fbaa8270247: taken
+CND+ 0x7fbaa8270533: taken
+CND+ 0x7fbaa8270582: taken
+CND+ 0x7fbaa8270655: taken
+CND+ 0x7fbaa8270698: taken
+CND+ 0x7fbaa8270703: not taken
+CND+ 0x7fbaa827070c: taken
+CND+ 0x7fbaa8270725: not taken
+CND+ 0x7fbaa8270742: not taken
+CND+ 0x7fbaa827075a: not taken
+CND+ 0x7fbaa8270765: not taken
+CND+ 0x7fbaa8270792: not taken
+CND+ 0x7fbaa8270797: taken
+CND+ 0x7fbaa82707a9: taken
+CND+ 0x7fbaa82707ad: not taken
+CND+ 0x7fbaa82707bc: taken
+CND+ 0x7fbaa82707ce: taken
+CND+ 0x7fbaa8270848: taken
+CND+ 0x7fbaa8270889: not taken
+CND+ 0x7fbaa827089b: not taken
+CND+ 0x7fbaa82708a8: taken
+CND+ 0x7fbaa8270c2f: not taken
+CND+ 0x7fbaa8270c57: taken
+CND+ 0x7fbaa8270c65: not taken
+CND+ 0x7fbaa8270c6e: taken
+CND+ 0x7fbaa8270c86: not taken
+CND+ 0x7fbaa8270cae: taken
+CND+ 0x7fbaa8271366: taken
+CND+ 0x7fbaa82719d6: taken
+CND+ 0x7fbaa8271a31: not taken
+CND+ 0x7fbaa8271a51: taken
+CND+ 0x7fbaa8271aad: not taken
+CND+ 0x7fbaa8271ab5: taken
+CND+ 0x7fbaa8271b00: taken
+CND+ 0x7fbaa8271b5a: not taken
+CND+ 0x7fbaa8271b62: not taken
+CND+ 0x7fbaa8271b6b: not taken
+CND+ 0x7fbaa8271b75: not taken
+CND+ 0x7fbaa8271b7f: taken
+CND+ 0x7fbaa8271b9b: taken
+CND+ 0x7fbaa8271c3c: taken
+CND+ 0x7fbaa8271ed9: not taken
+CND+ 0x7fbaa8271ee6: not taken
+CND+ 0x7fbaa8271f01: not taken
+CND+ 0x7fbaa8271f1a: not taken
+CND+ 0x7fbaa8271f20: not taken
+CND+ 0x7fbaa8271f26: taken
+CND+ 0x7fbaa827276c: not taken
+CND+ 0x7fbaa827278c: not taken
+CND+ 0x7fbaa82727d8: both
+CND+ 0x7fbaa82727e1: taken
+CND+ 0x7fbaa8272806: not taken
+CND+ 0x7fbaa8272840: not taken
+CND+ 0x7fbaa827284a: not taken
+CND+ 0x7fbaa8272965: both
+CND+ 0x7fbaa8272989: not taken
+CND+ 0x7fbaa82729b2: not taken
+CND+ 0x7fbaa82729bc: not taken
+CND+ 0x7fbaa82729e3: not taken
+CND+ 0x7fbaa8272a13: taken
+CND+ 0x7fbaa8272afd: not taken
+CND+ 0x7fbaa8272b1a: not taken
+CND+ 0x7fbaa8272b61: taken
+CND+ 0x7fbaa8273711: not taken
+CND+ 0x7fbaa827371d: not taken
+CND+ 0x7fbaa8273722: not taken
+CND+ 0x7fbaa8273748: not taken
+CND+ 0x7fbaa827374c: not taken
+CND+ 0x7fbaa827375f: not taken
+CND+ 0x7fbaa82737a4: not taken
+CND+ 0x7fbaa82738f3: both
+CND+ 0x7fbaa827390f: both
+CND+ 0x7fbaa8273911: not taken
+CND+ 0x7fbaa827391a: taken
+CND+ 0x7fbaa8273a92: not taken
+CND+ 0x7fbaa8273aba: not taken
+CND+ 0x7fbaa8273ad5: both
+CND+ 0x7fbaa8273ade: taken
+CND+ 0x7fbaa8273af7: not taken
+CND+ 0x7fbaa8273b01: not taken
+CND+ 0x7fbaa8273b05: not taken
+CND+ 0x7fbaa8273b19: taken
+CND+ 0x7fbaa8273c50: not taken
+CND+ 0x7fbaa8273c62: taken
+CND+ 0x7fbaa8273db1: not taken
+CND+ 0x7fbaa8273dea: both
+CND+ 0x7fbaa8273e13: not taken
+CND+ 0x7fbaa8273e20: taken
+CND+ 0x7fbaa8273e2d: not taken
+CND+ 0x7fbaa8273e43: not taken
+CND+ 0x7fbaa8273e4f: both
+CND+ 0x7fbaa8273e58: not taken
+CND+ 0x7fbaa8273e72: taken
+CND+ 0x7fbaa8273ee7: taken
+CND+ 0x7fbaa827475d: both
+CND+ 0x7fbaa827476f: not taken
+CND+ 0x7fbaa8274782: both
+CND+ 0x7fbaa8274787: both
+CND+ 0x7fbaa8274795: both
+CND+ 0x7fbaa82748b1: not taken
+CND+ 0x7fbaa82748dc: not taken
+CND+ 0x7fbaa82748ea: not taken
+CND+ 0x7fbaa82748ec: both
+CND+ 0x7fbaa82748f5: not taken
+CND+ 0x7fbaa82748fb: taken
+CND+ 0x7fbaa8274943: not taken
+CND+ 0x7fbaa827494c: taken
+CND+ 0x7fbaa8274983: not taken
+CND+ 0x7fbaa8274989: both
+CND+ 0x7fbaa8274990: not taken
+CND+ 0x7fbaa82749ab: taken
+CND+ 0x7fbaa8274a0b: taken
+CND+ 0x7fbaa8274b10: both
+CND+ 0x7fbaa8274b1c: not taken
+CND+ 0x7fbaa8274b21: both
+CND+ 0x7fbaa8274b2f: not taken
+CND+ 0x7fbaa8274b37: both
+CND+ 0x7fbaa8274b44: both
+CND+ 0x7fbaa8274b5e: taken
+CND+ 0x7fbaa8274b92: both
+CND+ 0x7fbaa8274b9b: taken
+CND+ 0x7fbaa8274bfb: taken
+CND+ 0x7fbaa8274d68: both
+CND+ 0x7fbaa8274d71: taken
+CND+ 0x7fbaa8274d8b: not taken
+CND+ 0x7fbaa8274da3: taken
+CND+ 0x7fbaa8274ddd: taken
+CND+ 0x7fbaa8274e02: not taken
+CND+ 0x7fbaa8274e0b: taken
+CND+ 0x7fbaa8274e2f: not taken
+CND+ 0x7fbaa8274e35: taken
+CND+ 0x7fbaa8274e4f: not taken
+CND+ 0x7fbaa8274e58: both
+CND+ 0x7fbaa8274f7d: not taken
+CND+ 0x7fbaa827502c: not taken
+CND+ 0x7fbaa82750c7: not taken
+CND+ 0x7fbaa82750d0: both
+CND+ 0x7fbaa82750d9: not taken
+CND+ 0x7fbaa82755a7: both
+CND+ 0x7fbaa82755ed: not taken
+CND+ 0x7fbaa82755f2: taken
+CND+ 0x7fbaa8275682: not taken
+CND+ 0x7fbaa82756a1: not taken
+CND+ 0x7fbaa82757bb: not taken
+CND+ 0x7fbaa8275835: not taken
+CND+ 0x7fbaa8275870: not taken
+CND+ 0x7fbaa827588e: not taken
+CND+ 0x7fbaa827589e: not taken
+CND+ 0x7fbaa82759ca: both
+CND+ 0x7fbaa82759ea: taken
+CND+ 0x7fbaa82759f6: taken
+CND+ 0x7fbaa8275a15: taken
+CND+ 0x7fbaa8275a38: not taken
+CND+ 0x7fbaa8275a48: taken
+CND+ 0x7fbaa8275abb: not taken
+CND+ 0x7fbaa827614f: not taken
+CND+ 0x7fbaa827616f: not taken
+CND+ 0x7fbaa827617e: taken
+CND+ 0x7fbaa8276a5f: taken
+CND+ 0x7fbaa8276b46: not taken
+CND+ 0x7fbaa8276b50: taken
+CND+ 0x7fbaa8276b69: taken
+CND+ 0x7fbaa8276b93: taken
+CND+ 0x7fbaa8276d2b: taken
+CND+ 0x7fbaa8276e50: not taken
+CND+ 0x7fbaa8277227: taken
+CND+ 0x7fbaa827725f: not taken
+CND+ 0x7fbaa8277278: taken
+CND+ 0x7fbaa82772b9: not taken
+CND+ 0x7fbaa82772d7: taken
+CND+ 0x7fbaa827730b: taken
+CND+ 0x7fbaa8277383: taken
+CND+ 0x7fbaa82773e2: taken
+CND+ 0x7fbaa8277456: taken
+CND+ 0x7fbaa8277488: both
+CND+ 0x7fbaa827748c: not taken
+CND+ 0x7fbaa8277493: not taken
+CND+ 0x7fbaa8277498: both
+CND+ 0x7fbaa82774e0: not taken
+CND+ 0x7fbaa8277512: not taken
+CND+ 0x7fbaa8277519: taken
+CND+ 0x7fbaa8277548: not taken
+CND+ 0x7fbaa827754d: not taken
+CND+ 0x7fbaa82775c9: not taken
+CND+ 0x7fbaa82775d7: taken
+CND+ 0x7fbaa82776f8: taken
+CND+ 0x7fbaa82777b9: not taken
+CND+ 0x7fbaa8277830: not taken
+CND+ 0x7fbaa8277846: taken
+CND+ 0x7fbaa827786e: not taken
+CND+ 0x7fbaa8277b09: not taken
+CND+ 0x7fbaa8277b13: not taken
+CND+ 0x7fbaa8277c18: taken
+CND+ 0x7fbaa8277c9d: not taken
+CND+ 0x7fbaa8277dfa: taken
+CND+ 0x7fbaa8279946: both
+CND+ 0x7fbaa8279963: both
+CND+ 0x7fbaa8279968: not taken
+CND+ 0x7fbaa827996e: not taken
+CND+ 0x7fbaa8279986: not taken
+CND+ 0x7fbaa827998b: both
+CND+ 0x7fbaa827999a: both
+CND+ 0x7fbaa827999f: both
+CND+ 0x7fbaa82799ac: both
+CND+ 0x7fbaa82799b7: both
+CND+ 0x7fbaa82799c4: not taken
+CND+ 0x7fbaa8279a10: not taken
+CND+ 0x7fbaa8279a15: taken
+CND+ 0x7fbaa8279a2e: both
+CND+ 0x7fbaa8279a32: both
+CND+ 0x7fbaa8279a5c: both
+CND+ 0x7fbaa8279add: not taken
+CND+ 0x7fbaa8279ae2: not taken
+CND+ 0x7fbaa8279afe: not taken
+CND+ 0x7fbaa8279b02: both
+CND+ 0x7fbaa8279b48: both
+CND+ 0x7fbaa8279b52: not taken
+CND+ 0x7fbaa8279b5c: not taken
+CND+ 0x7fbaa8279b65: both
+CND+ 0x7fbaa8279b6b: taken
+CND+ 0x7fbaa8279b75: not taken
+CND+ 0x7fbaa8279b95: not taken
+CND+ 0x7fbaa8279ba2: not taken
+CND+ 0x7fbaa8279bc4: not taken
+CND+ 0x7fbaa8279bce: not taken
+CND+ 0x7fbaa8279bf6: taken
+CND+ 0x7fbaa8279c24: taken
+CND+ 0x7fbaa8279ce1: not taken
+CND+ 0x7fbaa8279cea: not taken
+CND+ 0x7fbaa8279cf3: not taken
+CND+ 0x7fbaa8279d25: not taken
+CND+ 0x7fbaa8279d53: not taken
+CND+ 0x7fbaa8279d5d: not taken
+CND+ 0x7fbaa8279eb5: not taken
+CND+ 0x7fbaa8279eba: not taken
+CND+ 0x7fbaa8279ed8: both
+CND+ 0x7fbaa8279edc: taken
+CND+ 0x7fbaa8279f0f: not taken
+CND+ 0x7fbaa8279f15: not taken
+CND+ 0x7fbaa827a46f: not taken
+CND+ 0x7fbaa827a53d: not taken
+CND+ 0x7fbaa827a547: not taken
+CND+ 0x7fbaa827a605: not taken
+CND+ 0x7fbaa827a60f: not taken
+CND+ 0x7fbaa827a647: not taken
+CND+ 0x7fbaa827a65e: not taken
+CND+ 0x7fbaa827a7bd: taken
+CND+ 0x7fbaa827a7d2: taken
+CND+ 0x7fbaa827a7df: not taken
+CND+ 0x7fbaa827a7e4: both
+CND+ 0x7fbaa827a7fa: taken
+CND+ 0x7fbaa827a856: not taken
+CND+ 0x7fbaa827a85b: taken
+CND+ 0x7fbaa827a87a: not taken
+CND+ 0x7fbaa827a89a: not taken
+CND+ 0x7fbaa827a8b7: not taken
+CND+ 0x7fbaa827a8c5: not taken
+CND+ 0x7fbaa827a8d4: taken
+CND+ 0x7fbaa827adf1: not taken
+CND+ 0x7fbaa827ae0c: not taken
@0x7fbaa8269050 to 0x7fbaabda2a30 4
@0x7fbaa8269080 to 0x7fbaabd42330 2
@0x7fbaa8269090 to 0x7fbaabde4710 1
@0x7fbaa82690a0 to 0x7fbaabdbae70 5
@0x7fbaa82690d0 to 0x7fbaabd55a20 7
@0x7fbaa82690f0 to 0x7fbaabe79800 4
@0x7fbaa8269130 to 0x7fbaabde51e0 1
@0x7fbaa8269140 to 0x7fbaabd59c10 1
@0x7fbaa8269150 to 0x7fbaabe07800 4
@0x7fbaa8269160 to 0x7fbaabde4230 1
@0x7fbaa8269190 to 0x7fbaabe79bc0 8
@0x7fbaa82691c0 to 0x7fbaabde5200 1
@0x7fbaa82691e0 to 0x7fbaabe795d0 1
@0x7fbaa8269220 to 0x7fbaabde5210 2
@0x7fbaa8269230 to 0x7fbaabe08b10 1
@0x7fbaa826b16e to 0x7fbaa826b1c0 1
@0x7fbaa8269280 to 0x7fbaabe74d10 11
@0x7fbaa82692a0 to 0x7fbaabd55450 4
@0x7fbaa826b1ac to 0x7fbaa826be90 1
@0x7fbaa82692d0 to 0x7fbaabe75100 9
@0x7fbaa8269320 to 0x7fbaabd560f0 4
@0x7fbaa8269330 to 0x7fbaabe7a100 6
@0x7fbaa8269350 to 0x7fbaabde5220 1
@0x7fbaa8269370 to 0x7fbaabe07800 2
@0x7fbaa8269390 to 0x7fbaabda23e0 23
@0x7fbaa82693b0 to 0x7fbaabde5230 1
@0x7fbaa82693c0 to 0x7fbaabe74e90 22
@0x7fbaa82693e0 to 0x7fbaabe25ba0 1
@0x7fbaa8269410 to 0x7fbaabda2c80 1
@0x7fbaa8269460 to 0x7fbaabe7a0e0 13
@0x7fbaa8269510 to 0x7fbaabde51f0 1
@0x7fbaa8269560 to 0x7fbaabde44e0 1
@0x7fbaa8269570 to 0x7fbaabd4e580 191
@0x7fbaa8274f91 to 0x7fbaa8275075 1
@0x7fbaa8269784 to 0x7fbaabd41fb0 1
@0x7fbaa827ae01 to 0x7fbaa8269840 1
@0x7fbaa827755f to 0x7fbaa8277580 1
@0x7fbaa827755f to 0x7fbaa82775c0 1
@0x7fbaa827755f to 0x7fbaa82775a8 2
@0x7fbaa82758af to 0x7fbaa8275a01 178
@0x7fbaa82758af to 0x7fbaa82759f0 10
@0x7fbaa82758af to 0x7fbaa8275a28 1
@0x7fbaa8279c19 to 0x7fbaa826d7d0 1
@0x7fbaa8279c19 to 0x7fbaa8274120 1
