MODULE_NAME: /usr/bin/gs
MODULE_START: 0x7fd77adce000
+B+: 0x7fd77adcf000 0x7fd77adcf00f
+B+: 0x7fd77adcf012 0x7fd77adcf016
+B+: 0x7fd77adcf020 0x7fd77adcf02b
+B+: 0x7fd77adcf030 0x7fd77adcf035
+B+: 0x7fd77adcf036 0x7fd77adcf03f
+B+: 0x7fd77adcf040 0x7fd77adcf045
+B+: 0x7fd77adcf046 0x7fd77adcf04f
+B+: 0x7fd77adcf050 0x7fd77adcf055
+B+: 0x7fd77adcf056 0x7fd77adcf05f
+B+: 0x7fd77adcf090 0x7fd77adcf095
+B+: 0x7fd77adcf096 0x7fd77adcf09f
+B+: 0x7fd77adcf0b0 0x7fd77adcf0b5
+B+: 0x7fd77adcf0b6 0x7fd77adcf0bf
+B+: 0x7fd77adcf0c0 0x7fd77adcf0c5
+B+: 0x7fd77adcf0c6 0x7fd77adcf0cf
+B+: 0x7fd77adcf0d0 0x7fd77adcf0d5
+B+: 0x7fd77adcf0d6 0x7fd77adcf0df
+B+: 0x7fd77adcf0e0 0x7fd77adcf0e5
+B+: 0x7fd77adcf0f0 0x7fd77adcf121
+B+: 0x7fd77adcf122 0x7fd77adcf127
+B+: 0x7fd77adcf128 0x7fd77adcf130
+B+: 0x7fd77adcf131 0x7fd77adcf132
+B+: 0x7fd77adcf133 0x7fd77adcf137
+B+: 0x7fd77adcf138 0x7fd77adcf152
+B+: 0x7fd77adcf153 0x7fd77adcf15b
+B+: 0x7fd77adcf184 0x7fd77adcf1a2
+B+: 0x7fd77adcf1a3 0x7fd77adcf1b1
+B+: 0x7fd77adcf1b2 0x7fd77adcf1b7
+B+: 0x7fd77adcf1b8 0x7fd77adcf1c1
+B+: 0x7fd77adcf1c2 0x7fd77adcf1c5
+B+: 0x7fd77adcf1c6 0x7fd77adcf1ca
+B+: 0x7fd77adcf1cb 0x7fd77adcf1d6
+B+: 0x7fd77adcf1d7 0x7fd77adcf1db
+B+: 0x7fd77adcf220 0x7fd77adcf249
+B+: 0x7fd77adcf250 0x7fd77adcf262
+B+: 0x7fd77adcf278 0x7fd77adcf278
+B+: 0x7fd77adcf280 0x7fd77adcf2a3
+B+: 0x7fd77adcf2b8 0x7fd77adcf2b8
+B+: 0x7fd77adcf2c0 0x7fd77adcf2c8
+B+: 0x7fd77adcf2c9 0x7fd77adcf2d6
+B+: 0x7fd77adcf2d7 0x7fd77adcf2e2
+B+: 0x7fd77adcf2e3 0x7fd77adcf2e7
+B+: 0x7fd77adcf2e8 0x7fd77adcf2f0
+B+: 0x7fd77adcf300 0x7fd77adcf304
+B+: 0x7fd77adcf350 0x7fd77adcf373
+B+: 0x7fd77adcf374 0x7fd77adcf37c
+B+: 0x7fd77adcf37d 0x7fd77adcf385
+B+: 0x7fd77adcf3c0 0x7fd77adcf3ec
+B+: 0x7fd77adcf3ed 0x7fd77adcf3f2
+B+: 0x7fd77adcf3f3 0x7fd77adcf404
+B+: 0x7fd77adcf405 0x7fd77adcf40d
+B+: 0x7fd77adcf40e 0x7fd77adcf41c
+B+: 0x7fd77adcf424 0x7fd77adcf42c
+CND+ 0x7fd77adcf00e: taken
+CND+ 0x7fd77adcf126: taken
+CND+ 0x7fd77adcf12b: not taken
+CND+ 0x7fd77adcf131: not taken
+CND+ 0x7fd77adcf136: not taken
+CND+ 0x7fd77adcf14d: not taken
+CND+ 0x7fd77adcf1b6: not taken
+CND+ 0x7fd77adcf1c4: not taken
+CND+ 0x7fd77adcf1c9: not taken
+CND+ 0x7fd77adcf261: taken
+CND+ 0x7fd77adcf2a2: taken
+CND+ 0x7fd77adcf2c7: not taken
+CND+ 0x7fd77adcf2d5: not taken
+CND+ 0x7fd77adcf3f1: not taken
+CND+ 0x7fd77adcf40c: not taken
@0x7fd77adcf026 to 0x7fd77edbe500 7
@0x7fd77adcf030 to 0x7fd77adcf036 1
@0x7fd77adcf040 to 0x7fd77adcf046 1
@0x7fd77adcf050 to 0x7fd77adcf056 1
@0x7fd77adcf090 to 0x7fd77adcf096 1
@0x7fd77adcf0b0 to 0x7fd77adcf0b6 1
@0x7fd77adcf0c0 to 0x7fd77adcf0c6 1
@0x7fd77adcf0d0 to 0x7fd77adcf0d6 1
@0x7fd77adcf0e0 to 0x7fd77d9241c0 1
@0x7fd77adcf244 to 0x7fd77d90dfb0 1
@0x7fd77adcf401 to 0x7fd77adcf300 1
