MODULE_NAME: /bin/dash
MODULE_START: 0x7fdba8bde000
+B+: 0x7fdba8be2000 0x7fdba8be200f
+B+: 0x7fdba8be2012 0x7fdba8be2016
+B+: 0x7fdba8be2050 0x7fdba8be2055
+B+: 0x7fdba8be2080 0x7fdba8be2085
+B+: 0x7fdba8be2090 0x7fdba8be2095
+B+: 0x7fdba8be20a0 0x7fdba8be20a5
+B+: 0x7fdba8be20d0 0x7fdba8be20d5
+B+: 0x7fdba8be20f0 0x7fdba8be20f5
+B+: 0x7fdba8be2130 0x7fdba8be2135
+B+: 0x7fdba8be2140 0x7fdba8be2145
+B+: 0x7fdba8be2150 0x7fdba8be2155
+B+: 0x7fdba8be2160 0x7fdba8be2165
+B+: 0x7fdba8be2190 0x7fdba8be2195
+B+: 0x7fdba8be21c0 0x7fdba8be21c5
+B+: 0x7fdba8be21e0 0x7fdba8be21e5
+B+: 0x7fdba8be2220 0x7fdba8be2225
+B+: 0x7fdba8be2230 0x7fdba8be2235
+B+: 0x7fdba8be2280 0x7fdba8be2285
+B+: 0x7fdba8be22a0 0x7fdba8be22a5
+B+: 0x7fdba8be22d0 0x7fdba8be22d5
+B+: 0x7fdba8be2320 0x7fdba8be2325
+B+: 0x7fdba8be2330 0x7fdba8be2335
+B+: 0x7fdba8be2350 0x7fdba8be2355
+B+: 0x7fdba8be2370 0x7fdba8be2375
+B+: 0x7fdba8be2390 0x7fdba8be2395
+B+: 0x7fdba8be23b0 0x7fdba8be23b5
+B+: 0x7fdba8be23c0 0x7fdba8be23c5
+B+: 0x7fdba8be23e0 0x7fdba8be23e5
+B+: 0x7fdba8be2410 0x7fdba8be2415
+B+: 0x7fdba8be2460 0x7fdba8be2465
+B+: 0x7fdba8be2510 0x7fdba8be2515
+B+: 0x7fdba8be2560 0x7fdba8be2565
+B+: 0x7fdba8be2570 0x7fdba8be2575
+B+: 0x7fdba8be2590 0x7fdba8be25b8
+B+: 0x7fdba8be25b9 0x7fdba8be25c4
+B+: 0x7fdba8be25c5 0x7fdba8be25cf
+B+: 0x7fdba8be25d0 0x7fdba8be25e7
+B+: 0x7fdba8be25e8 0x7fdba8be25ef
+B+: 0x7fdba8be25f0 0x7fdba8be2600
+B+: 0x7fdba8be2601 0x7fdba8be260b
+B+: 0x7fdba8be260c 0x7fdba8be2615
+B+: 0x7fdba8be2616 0x7fdba8be2623
+B+: 0x7fdba8be2624 0x7fdba8be262b
+B+: 0x7fdba8be262c 0x7fdba8be263c
+B+: 0x7fdba8be2657 0x7fdba8be2660
+B+: 0x7fdba8be2661 0x7fdba8be2678
+B+: 0x7fdba8be2679 0x7fdba8be267f
+B+: 0x7fdba8be2680 0x7fdba8be268c
+B+: 0x7fdba8be268d 0x7fdba8be2696
+B+: 0x7fdba8be2697 0x7fdba8be269b
+B+: 0x7fdba8be2760 0x7fdba8be2789
+B+: 0x7fdba8be27c0 0x7fdba8be27e3
+B+: 0x7fdba8be27f8 0x7fdba8be27f8
+B+: 0x7fdba8be2840 0x7fdba8be2844
+B+: 0x7fdba8be2850 0x7fdba8be2863
+B+: 0x7fdba8be2864 0x7fdba8be286f
+B+: 0x7fdba8be2870 0x7fdba8be287d
+B+: 0x7fdba8be287e 0x7fdba8be28aa
+B+: 0x7fdba8be28ab 0x7fdba8be28ac
+B+: 0x7fdba8be28cb 0x7fdba8be28d2
+B+: 0x7fdba8be2a50 0x7fdba8be2a57
+B+: 0x7fdba8be2a58 0x7fdba8be2a5e
+B+: 0x7fdba8be2a5f 0x7fdba8be2a63
+B+: 0x7fdba8be2a71 0x7fdba8be2a72
+B+: 0x7fdba8be36d0 0x7fdba8be36eb
+B+: 0x7fdba8be36ec 0x7fdba8be3705
+B+: 0x7fdba8be3717 0x7fdba8be371b
+B+: 0x7fdba8be371c 0x7fdba8be3720
+B+: 0x7fdba8be372c 0x7fdba8be3730
+B+: 0x7fdba8be373e 0x7fdba8be374d
+B+: 0x7fdba8be374e 0x7fdba8be3757
+B+: 0x7fdba8be3758 0x7fdba8be3775
+B+: 0x7fdba8be3780 0x7fdba8be3788
+B+: 0x7fdba8be3789 0x7fdba8be3790
+B+: 0x7fdba8be3791 0x7fdba8be379c
+B+: 0x7fdba8be4060 0x7fdba8be407e
+B+: 0x7fdba8be410d 0x7fdba8be411c
+B+: 0x7fdba8be411d 0x7fdba8be4123
+B+: 0x7fdba8be4140 0x7fdba8be414a
+B+: 0x7fdba8be414b 0x7fdba8be4152
+B+: 0x7fdba8be4153 0x7fdba8be415d
+B+: 0x7fdba8be415e 0x7fdba8be416f
+B+: 0x7fdba8be4188 0x7fdba8be418c
+B+: 0x7fdba8be418d 0x7fdba8be4191
+B+: 0x7fdba8be4192 0x7fdba8be419c
+B+: 0x7fdba8be41a7 0x7fdba8be41ad
+B+: 0x7fdba8be41ae 0x7fdba8be41b5
+B+: 0x7fdba8be41c0 0x7fdba8be41cf
+B+: 0x7fdba8be4bc0 0x7fdba8be4bfa
+B+: 0x7fdba8be4bfb 0x7fdba8be4c07
+B+: 0x7fdba8be4c08 0x7fdba8be4c0f
+B+: 0x7fdba8be4c10 0x7fdba8be4c11
+B+: 0x7fdba8be4c18 0x7fdba8be4c21
+B+: 0x7fdba8be4c22 0x7fdba8be4c2e
+B+: 0x7fdba8be4c32 0x7fdba8be4c39
+B+: 0x7fdba8be4c3a 0x7fdba8be4c49
+B+: 0x7fdba8be4c4a 0x7fdba8be4c51
+B+: 0x7fdba8be4c52 0x7fdba8be4c58
+B+: 0x7fdba8be4c59 0x7fdba8be4c60
+B+: 0x7fdba8be4c61 0x7fdba8be4c68
+B+: 0x7fdba8be4c69 0x7fdba8be4c6d
+B+: 0x7fdba8be4c6e 0x7fdba8be4c77
+B+: 0x7fdba8be4c78 0x7fdba8be4c89
+B+: 0x7fdba8be4c8a 0x7fdba8be4c98
+B+: 0x7fdba8be4e90 0x7fdba8be4ed3
+B+: 0x7fdba8be4edf 0x7fdba8be4ef5
+B+: 0x7fdba8be4ef6 0x7fdba8be4efa
+B+: 0x7fdba8be4efb 0x7fdba8be4f5a
+B+: 0x7fdba8be4f5b 0x7fdba8be4f67
+B+: 0x7fdba8be4f68 0x7fdba8be4f77
+B+: 0x7fdba8be4f78 0x7fdba8be4f7f
+B+: 0x7fdba8be4f80 0x7fdba8be4f8b
+B+: 0x7fdba8be4f8c 0x7fdba8be4f94
+B+: 0x7fdba8be4f95 0x7fdba8be4f9b
+B+: 0x7fdba8be4fa0 0x7fdba8be4faf
+B+: 0x7fdba8be4fb0 0x7fdba8be4fc5
+B+: 0x7fdba8be4fc6 0x7fdba8be4fcf
+B+: 0x7fdba8be4fd0 0x7fdba8be4fe3
+B+: 0x7fdba8be4fe4 0x7fdba8be4ffc
+B+: 0x7fdba8be5019 0x7fdba8be502b
+B+: 0x7fdba8be502c 0x7fdba8be5034
+B+: 0x7fdba8be5035 0x7fdba8be5047
+B+: 0x7fdba8be5048 0x7fdba8be505b
+B+: 0x7fdba8be50a8 0x7fdba8be50b4
+B+: 0x7fdba8be50b5 0x7fdba8be50b9
+B+: 0x7fdba8be50db 0x7fdba8be50e1
+B+: 0x7fdba8be50f0 0x7fdba8be5103
+B+: 0x7fdba8be5104 0x7fdba8be5113
+B+: 0x7fdba8be5114 0x7fdba8be511b
+B+: 0x7fdba8be511c 0x7fdba8be5122
+B+: 0x7fdba8be5123 0x7fdba8be5152
+B+: 0x7fdba8be5153 0x7fdba8be515f
+B+: 0x7fdba8be5160 0x7fdba8be5168
+B+: 0x7fdba8be5216 0x7fdba8be521c
+B+: 0x7fdba8be5224 0x7fdba8be522d
+B+: 0x7fdba8be522e 0x7fdba8be5237
+B+: 0x7fdba8be5238 0x7fdba8be5241
+B+: 0x7fdba8be5242 0x7fdba8be524b
+B+: 0x7fdba8be525d 0x7fdba8be5266
+B+: 0x7fdba8be5267 0x7fdba8be5281
+B+: 0x7fdba8be5282 0x7fdba8be5293
+B+: 0x7fdba8be534c 0x7fdba8be5353
+B+: 0x7fdba8be5354 0x7fdba8be536f
+B+: 0x7fdba8be551b 0x7fdba8be5525
+B+: 0x7fdba8be5526 0x7fdba8be552e
+B+: 0x7fdba8be552f 0x7fdba8be5537
+B+: 0x7fdba8be58d0 0x7fdba8be58ec
+B+: 0x7fdba8be58ed 0x7fdba8be58f1
+B+: 0x7fdba8be58f8 0x7fdba8be58fa
+B+: 0x7fdba8be58fb 0x7fdba8be5907
+B+: 0x7fdba8be5908 0x7fdba8be593e
+B+: 0x7fdba8be593f 0x7fdba8be5940
+B+: 0x7fdba8be5963 0x7fdba8be5977
+B+: 0x7fdba8be5980 0x7fdba8be5986
+B+: 0x7fdba8be5987 0x7fdba8be598e
+B+: 0x7fdba8be598f 0x7fdba8be5997
+B+: 0x7fdba8be5998 0x7fdba8be59ba
+B+: 0x7fdba8be59bb 0x7fdba8be59bc
+B+: 0x7fdba8be59c0 0x7fdba8be59e7
+B+: 0x7fdba8be59e8 0x7fdba8be59f7
+B+: 0x7fdba8be5a19 0x7fdba8be5a21
+B+: 0x7fdba8be5a22 0x7fdba8be5a2a
+B+: 0x7fdba8be5a2b 0x7fdba8be5a34
+B+: 0x7fdba8be5a35 0x7fdba8be5a3f
+B+: 0x7fdba8be5ad0 0x7fdba8be5ae9
+B+: 0x7fdba8be5aea 0x7fdba8be5b00
+B+: 0x7fdba8be5b10 0x7fdba8be5b1f
+B+: 0x7fdba8be5b20 0x7fdba8be5b2b
+B+: 0x7fdba8be5b2c 0x7fdba8be5b31
+B+: 0x7fdba8be5b32 0x7fdba8be5b41
+B+: 0x7fdba8be5b56 0x7fdba8be5b61
+B+: 0x7fdba8be5b62 0x7fdba8be5b6f
+B+: 0x7fdba8be5b70 0x7fdba8be5b85
+B+: 0x7fdba8be5b86 0x7fdba8be5b97
+B+: 0x7fdba8be5b98 0x7fdba8be5bc0
+B+: 0x7fdba8be5bc8 0x7fdba8be5bcc
+B+: 0x7fdba8be5bcd 0x7fdba8be5bea
+B+: 0x7fdba8be5d70 0x7fdba8be5d98
+B+: 0x7fdba8be5da0 0x7fdba8be5da1
+B+: 0x7fdba8be5da2 0x7fdba8be5daa
+B+: 0x7fdba8be5dab 0x7fdba8be5dc5
+B+: 0x7fdba8be5dc6 0x7fdba8be5dc9
+B+: 0x7fdba8be5dca 0x7fdba8be5dd1
+B+: 0x7fdba8be5dd2 0x7fdba8be5de6
+B+: 0x7fdba8be5df0 0x7fdba8be5e2a
+B+: 0x7fdba8be5e2b 0x7fdba8be5e2f
+B+: 0x7fdba8be5e46 0x7fdba8be5e5c
+B+: 0x7fdba8be5e5d 0x7fdba8be5e6e
+B+: 0x7fdba8be5e90 0x7fdba8be5ead
+B+: 0x7fdba8be5ec8 0x7fdba8be5ed1
+B+: 0x7fdba8be5ed2 0x7fdba8be5edd
+B+: 0x7fdba8be5f6c 0x7fdba8be5f8f
+B+: 0x7fdba8be5f90 0x7fdba8be5f9c
+B+: 0x7fdba8be5f9d 0x7fdba8be5fa8
+B+: 0x7fdba8be5fa9 0x7fdba8be5fb0
+B+: 0x7fdba8be5fb1 0x7fdba8be5fc5
+B+: 0x7fdba8be6008 0x7fdba8be6012
+B+: 0x7fdba8be6013 0x7fdba8be601e
+B+: 0x7fdba8be601f 0x7fdba8be602e
+B+: 0x7fdba8be6060 0x7fdba8be6066
+B+: 0x7fdba8be6067 0x7fdba8be6074
+B+: 0x7fdba8be6075 0x7fdba8be6086
+B+: 0x7fdba8be6087 0x7fdba8be608e
+B+: 0x7fdba8be608f 0x7fdba8be60a2
+B+: 0x7fdba8be60a3 0x7fdba8be60b0
+B+: 0x7fdba8be6100 0x7fdba8be6116
+B+: 0x7fdba8be6145 0x7fdba8be614d
+B+: 0x7fdba8be614e 0x7fdba8be6157
+B+: 0x7fdba8be6160 0x7fdba8be6166
+B+: 0x7fdba8be61c0 0x7fdba8be61d1
+B+: 0x7fdba8be61e8 0x7fdba8be61ef
+B+: 0x7fdba8be6248 0x7fdba8be625b
+B+: 0x7fdba8be625c 0x7fdba8be6271
+B+: 0x7fdba8be67d0 0x7fdba8be67ff
+B+: 0x7fdba8be680f 0x7fdba8be6812
+B+: 0x7fdba8be6813 0x7fdba8be681c
+B+: 0x7fdba8be681d 0x7fdba8be6820
+B+: 0x7fdba8be6821 0x7fdba8be682f
+B+: 0x7fdba8be6830 0x7fdba8be683a
+B+: 0x7fdba8be684f 0x7fdba8be685a
+B+: 0x7fdba8be685f 0x7fdba8be6862
+B+: 0x7fdba8be6870 0x7fdba8be6877
+B+: 0x7fdba8be6878 0x7fdba8be688d
+B+: 0x7fdba8be7440 0x7fdba8be7464
+B+: 0x7fdba8be761e 0x7fdba8be7627
+B+: 0x7fdba8be7628 0x7fdba8be7631
+B+: 0x7fdba8be7632 0x7fdba8be7659
+B+: 0x7fdba8be76af 0x7fdba8be76bc
+B+: 0x7fdba8be76c0 0x7fdba8be76cb
+B+: 0x7fdba8be7730 0x7fdba8be773b
+B+: 0x7fdba8be7740 0x7fdba8be775e
+B+: 0x7fdba8be775f 0x7fdba8be7767
+B+: 0x7fdba8be77d2 0x7fdba8be77e3
+B+: 0x7fdba8be78a0 0x7fdba8be78a7
+B+: 0x7fdba8be8260 0x7fdba8be82a5
+B+: 0x7fdba8be82b5 0x7fdba8be82be
+B+: 0x7fdba8be82bf 0x7fdba8be82d2
+B+: 0x7fdba8be82d3 0x7fdba8be82fc
+B+: 0x7fdba8be82fd 0x7fdba8be8310
+B+: 0x7fdba8be8324 0x7fdba8be8328
+B+: 0x7fdba8be8336 0x7fdba8be833f
+B+: 0x7fdba8be8340 0x7fdba8be8344
+B+: 0x7fdba8be8370 0x7fdba8be8386
+B+: 0x7fdba8be8387 0x7fdba8be8398
+B+: 0x7fdba8be83a0 0x7fdba8be83b6
+B+: 0x7fdba8be83b7 0x7fdba8be83d7
+B+: 0x7fdba8be83dd 0x7fdba8be83ec
+B+: 0x7fdba8be8850 0x7fdba8be8886
+B+: 0x7fdba8be8887 0x7fdba8be889a
+B+: 0x7fdba8be889b 0x7fdba8be88ad
+B+: 0x7fdba8be88ae 0x7fdba8be88c4
+B+: 0x7fdba8be88c5 0x7fdba8be88d7
+B+: 0x7fdba8be88d8 0x7fdba8be88e7
+B+: 0x7fdba8be88e8 0x7fdba8be890c
+B+: 0x7fdba8be890d 0x7fdba8be8915
+B+: 0x7fdba8be8924 0x7fdba8be8933
+B+: 0x7fdba8be8934 0x7fdba8be8947
+B+: 0x7fdba8be8948 0x7fdba8be8954
+B+: 0x7fdba8be8955 0x7fdba8be895f
+B+: 0x7fdba8be8960 0x7fdba8be8964
+B+: 0x7fdba8be8a6a 0x7fdba8be8a7c
+B+: 0x7fdba8be8a7d 0x7fdba8be8a9c
+B+: 0x7fdba8be8ba0 0x7fdba8be8bad
+B+: 0x7fdba8be8bae 0x7fdba8be8be1
+B+: 0x7fdba8be8bf0 0x7fdba8be8bfb
+B+: 0x7fdba8be8db0 0x7fdba8be8dbd
+B+: 0x7fdba8be8dbe 0x7fdba8be8dca
+B+: 0x7fdba8be8dcb 0x7fdba8be8de3
+B+: 0x7fdba8be8de8 0x7fdba8be8df4
+B+: 0x7fdba8be8df8 0x7fdba8be8e04
+B+: 0x7fdba8be8e05 0x7fdba8be8e12
+B+: 0x7fdba8be8e13 0x7fdba8be8e1d
+B+: 0x7fdba8be8eb4 0x7fdba8be8ec1
+B+: 0x7fdba8be9160 0x7fdba8be9174
+B+: 0x7fdba8be9175 0x7fdba8be9187
+B+: 0x7fdba8be9188 0x7fdba8be91a2
+B+: 0x7fdba8be91a3 0x7fdba8be91ac
+B+: 0x7fdba8be91ad 0x7fdba8be91b3
+B+: 0x7fdba8be91d0 0x7fdba8be91e5
+B+: 0x7fdba8be91eb 0x7fdba8be91f3
+B+: 0x7fdba8be9205 0x7fdba8be920b
+B+: 0x7fdba8be920c 0x7fdba8be921d
+B+: 0x7fdba8be921e 0x7fdba8be9226
+B+: 0x7fdba8be9227 0x7fdba8be9230
+B+: 0x7fdba8be9231 0x7fdba8be9232
+B+: 0x7fdba8be9240 0x7fdba8be9248
+B+: 0x7fdba8be9260 0x7fdba8be9260
+B+: 0x7fdba8be9520 0x7fdba8be9534
+B+: 0x7fdba8be9572 0x7fdba8be9578
+B+: 0x7fdba8be9580 0x7fdba8be9583
+B+: 0x7fdba8be9610 0x7fdba8be9656
+B+: 0x7fdba8be965b 0x7fdba8be9686
+B+: 0x7fdba8be9687 0x7fdba8be969d
+B+: 0x7fdba8be96fc 0x7fdba8be9708
+B+: 0x7fdba8be9709 0x7fdba8be9711
+B+: 0x7fdba8be9712 0x7fdba8be972a
+B+: 0x7fdba8be972b 0x7fdba8be973c
+B+: 0x7fdba8be9740 0x7fdba8be9747
+B+: 0x7fdba8be9748 0x7fdba8be975f
+B+: 0x7fdba8be9760 0x7fdba8be9766
+B+: 0x7fdba8be9767 0x7fdba8be9780
+B+: 0x7fdba8be9790 0x7fdba8be9793
+B+: 0x7fdba8be9794 0x7fdba8be9798
+B+: 0x7fdba8be97a2 0x7fdba8be97aa
+B+: 0x7fdba8be97ab 0x7fdba8be97ae
+B+: 0x7fdba8be97af 0x7fdba8be97bd
+B+: 0x7fdba8be97cb 0x7fdba8be97d3
+B+: 0x7fdba8be9825 0x7fdba8be9841
+B+: 0x7fdba8be9842 0x7fdba8be984d
+B+: 0x7fdba8be987e 0x7fdba8be988e
+B+: 0x7fdba8be988f 0x7fdba8be98a0
+B+: 0x7fdba8be98a1 0x7fdba8be98ad
+B+: 0x7fdba8be9c10 0x7fdba8be9c30
+B+: 0x7fdba8be9c31 0x7fdba8be9c58
+B+: 0x7fdba8be9c5e 0x7fdba8be9c66
+B+: 0x7fdba8be9c67 0x7fdba8be9c6f
+B+: 0x7fdba8be9c78 0x7fdba8be9c87
+B+: 0x7fdba8be9c88 0x7fdba8be9c89
+B+: 0x7fdba8be9ca0 0x7fdba8be9caf
+B+: 0x7fdba8be9cba 0x7fdba8be9cc4
+B+: 0x7fdba8be9ce0 0x7fdba8be9ce8
+B+: 0x7fdba8bea360 0x7fdba8bea36b
+B+: 0x7fdba8bea480 0x7fdba8bea480
+B+: 0x7fdba8bea9c0 0x7fdba8bea9db
+B+: 0x7fdba8beaa16 0x7fdba8beaa32
+B+: 0x7fdba8beaa33 0x7fdba8beaa52
+B+: 0x7fdba8beaa63 0x7fdba8beaa6a
+B+: 0x7fdba8beaa90 0x7fdba8beaaa6
+B+: 0x7fdba8beaaa7 0x7fdba8beaaae
+B+: 0x7fdba8beaaaf 0x7fdba8beaab6
+B+: 0x7fdba8beaaf6 0x7fdba8beab01
+B+: 0x7fdba8beab0c 0x7fdba8beab34
+B+: 0x7fdba8beab40 0x7fdba8beab57
+B+: 0x7fdba8beab58 0x7fdba8beab5f
+B+: 0x7fdba8beab60 0x7fdba8beab67
+B+: 0x7fdba8beab68 0x7fdba8beab70
+B+: 0x7fdba8beab71 0x7fdba8beab7a
+B+: 0x7fdba8beab7b 0x7fdba8beab80
+B+: 0x7fdba8beab97 0x7fdba8beab9c
+B+: 0x7fdba8beac0a 0x7fdba8beac3d
+B+: 0x7fdba8beac47 0x7fdba8beac53
+B+: 0x7fdba8beaed0 0x7fdba8beaede
+B+: 0x7fdba8beaedf 0x7fdba8beaee7
+B+: 0x7fdba8beaee8 0x7fdba8beaefc
+B+: 0x7fdba8beaefd 0x7fdba8beaf02
+B+: 0x7fdba8beaf03 0x7fdba8beaf1b
+B+: 0x7fdba8beaf1c 0x7fdba8beaf21
+B+: 0x7fdba8beaf22 0x7fdba8beaf2b
+B+: 0x7fdba8beafc0 0x7fdba8beafc7
+B+: 0x7fdba8beafc8 0x7fdba8beafd0
+B+: 0x7fdba8beb760 0x7fdba8beb768
+B+: 0x7fdba8beb769 0x7fdba8beb76d
+B+: 0x7fdba8beb76e 0x7fdba8beb772
+B+: 0x7fdba8beb780 0x7fdba8beb788
+B+: 0x7fdba8beb789 0x7fdba8beb78d
+B+: 0x7fdba8beb78e 0x7fdba8beb792
+B+: 0x7fdba8beb7c0 0x7fdba8beb7d9
+B+: 0x7fdba8beb7da 0x7fdba8beb7e6
+B+: 0x7fdba8beb7f7 0x7fdba8beb802
+B+: 0x7fdba8beb803 0x7fdba8beb80b
+B+: 0x7fdba8beb80c 0x7fdba8beb841
+B+: 0x7fdba8beb842 0x7fdba8beb84b
+B+: 0x7fdba8beb84c 0x7fdba8beb852
+B+: 0x7fdba8beb853 0x7fdba8beb875
+B+: 0x7fdba8beb880 0x7fdba8beb88e
+B+: 0x7fdba8beb8b0 0x7fdba8beb8c8
+B+: 0x7fdba8beb900 0x7fdba8beb941
+B+: 0x7fdba8beb950 0x7fdba8beb966
+B+: 0x7fdba8beb967 0x7fdba8beb97e
+B+: 0x7fdba8beb97f 0x7fdba8beb98a
+B+: 0x7fdba8beb98b 0x7fdba8beb9b3
+B+: 0x7fdba8beb9b4 0x7fdba8beb9bd
+B+: 0x7fdba8beb9be 0x7fdba8beb9bf
+B+: 0x7fdba8beb9d0 0x7fdba8beb9e8
+B+: 0x7fdba8beb9e9 0x7fdba8beba14
+B+: 0x7fdba8beba1e 0x7fdba8beba25
+B+: 0x7fdba8beba26 0x7fdba8beba33
+B+: 0x7fdba8beba34 0x7fdba8beba46
+B+: 0x7fdba8bebae0 0x7fdba8bebafe
+B+: 0x7fdba8bebaff 0x7fdba8bebb0c
+B+: 0x7fdba8bebb0d 0x7fdba8bebb1b
+B+: 0x7fdba8bebb1c 0x7fdba8bebb2c
+B+: 0x7fdba8bebb40 0x7fdba8bebb62
+B+: 0x7fdba8bebb98 0x7fdba8bebba9
+B+: 0x7fdba8bec6d0 0x7fdba8bec6f4
+B+: 0x7fdba8bec6f5 0x7fdba8bec70d
+B+: 0x7fdba8bec70e 0x7fdba8bec712
+B+: 0x7fdba8bec713 0x7fdba8bec71e
+B+: 0x7fdba8bec71f 0x7fdba8bec723
+B+: 0x7fdba8bec724 0x7fdba8bec728
+B+: 0x7fdba8bec729 0x7fdba8bec730
+B+: 0x7fdba8bec73c 0x7fdba8bec749
+B+: 0x7fdba8bec74a 0x7fdba8bec74d
+B+: 0x7fdba8bec74e 0x7fdba8bec760
+B+: 0x7fdba8bec761 0x7fdba8bec76b
+B+: 0x7fdba8bec790 0x7fdba8bec79d
+B+: 0x7fdba8bec79e 0x7fdba8bec7a5
+B+: 0x7fdba8bec7a6 0x7fdba8bec7a7
+B+: 0x7fdba8bec890 0x7fdba8bec89d
+B+: 0x7fdba8bec89e 0x7fdba8bec8a9
+B+: 0x7fdba8bec8aa 0x7fdba8bec8bd
+B+: 0x7fdba8bec8c0 0x7fdba8bec8ca
+B+: 0x7fdba8bec8d0 0x7fdba8bec8ef
+B+: 0x7fdba8bec8f0 0x7fdba8bec8f4
+B+: 0x7fdba8bec8f5 0x7fdba8bec90c
+B+: 0x7fdba8bec90d 0x7fdba8bec910
+B+: 0x7fdba8bec911 0x7fdba8bec912
+B+: 0x7fdba8bec913 0x7fdba8bec91b
+B+: 0x7fdba8bec91c 0x7fdba8bec930
+B+: 0x7fdba8bec938 0x7fdba8bec93c
+B+: 0x7fdba8bec980 0x7fdba8bec98f
+B+: 0x7fdba8bec990 0x7fdba8bec99b
+B+: 0x7fdba8bec99c 0x7fdba8bec9ab
+B+: 0x7fdba8beca80 0x7fdba8beca93
+B+: 0x7fdba8beca94 0x7fdba8becaac
+B+: 0x7fdba8becaad 0x7fdba8becabf
+B+: 0x7fdba8becac0 0x7fdba8becada
+B+: 0x7fdba8becadb 0x7fdba8becae3
+B+: 0x7fdba8becaec 0x7fdba8becaf8
+B+: 0x7fdba8becaf9 0x7fdba8becb02
+B+: 0x7fdba8becb03 0x7fdba8becb06
+B+: 0x7fdba8becb07 0x7fdba8becb1a
+B+: 0x7fdba8becc49 0x7fdba8becc55
+B+: 0x7fdba8becc56 0x7fdba8becc67
+B+: 0x7fdba8becc82 0x7fdba8becc93
+B+: 0x7fdba8becd77 0x7fdba8becd82
+B+: 0x7fdba8becda0 0x7fdba8becdb2
+B+: 0x7fdba8becdb3 0x7fdba8becddf
+B+: 0x7fdba8becde0 0x7fdba8becdeb
+B+: 0x7fdba8becdec 0x7fdba8becdfc
+B+: 0x7fdba8becdfd 0x7fdba8bece18
+B+: 0x7fdba8bece19 0x7fdba8bece25
+B+: 0x7fdba8bece26 0x7fdba8bece2e
+B+: 0x7fdba8bece2f 0x7fdba8bece3f
+B+: 0x7fdba8bece40 0x7fdba8bece44
+B+: 0x7fdba8bece45 0x7fdba8bece50
+B+: 0x7fdba8bece51 0x7fdba8bece5d
+B+: 0x7fdba8bece5e 0x7fdba8bece77
+B+: 0x7fdba8becece 0x7fdba8beced2
+B+: 0x7fdba8beced3 0x7fdba8becede
+B+: 0x7fdba8becee0 0x7fdba8beceec
+B+: 0x7fdba8becf60 0x7fdba8becf7c
+B+: 0x7fdba8bed120 0x7fdba8bed128
+B+: 0x7fdba8bed129 0x7fdba8bed147
+B+: 0x7fdba8bed750 0x7fdba8bed75e
+B+: 0x7fdba8bed75f 0x7fdba8bed763
+B+: 0x7fdba8bed764 0x7fdba8bed770
+B+: 0x7fdba8bed771 0x7fdba8bed777
+B+: 0x7fdba8bed778 0x7fdba8bed783
+B+: 0x7fdba8bed784 0x7fdba8bed788
+B+: 0x7fdba8bed789 0x7fdba8bed78d
+B+: 0x7fdba8bed78e 0x7fdba8bed796
+B+: 0x7fdba8bed797 0x7fdba8bed79e
+B+: 0x7fdba8bed890 0x7fdba8bed892
+B+: 0x7fdba8bed8a7 0x7fdba8bed8ab
+B+: 0x7fdba8bed8ac 0x7fdba8bed8b2
+B+: 0x7fdba8bed8b3 0x7fdba8bed8b6
+B+: 0x7fdba8bed8d0 0x7fdba8bed8e1
+B+: 0x7fdba8bed8e2 0x7fdba8bed8e6
+B+: 0x7fdba8bed8e7 0x7fdba8bed8eb
+B+: 0x7fdba8bed8ec 0x7fdba8bed8f1
+B+: 0x7fdba8bed8f2 0x7fdba8bed8fa
+B+: 0x7fdba8bed8fb 0x7fdba8bed8fc
+B+: 0x7fdba8bed940 0x7fdba8bed948
+B+: 0x7fdba8bed949 0x7fdba8bed951
+B+: 0x7fdba8bed980 0x7fdba8bed988
+B+: 0x7fdba8bed989 0x7fdba8bed98a
+B+: 0x7fdba8bed98b 0x7fdba8bed991
+B+: 0x7fdba8bed992 0x7fdba8bed9a2
+B+: 0x7fdba8bed9a8 0x7fdba8bed9ac
+B+: 0x7fdba8bed9eb 0x7fdba8beda00
+B+: 0x7fdba8beda08 0x7fdba8beda10
+B+: 0x7fdba8bedaf0 0x7fdba8bedb11
+B+: 0x7fdba8bedb12 0x7fdba8bedb16
+B+: 0x7fdba8bedb17 0x7fdba8bedb1d
+B+: 0x7fdba8bedb1e 0x7fdba8bedb26
+B+: 0x7fdba8bedb27 0x7fdba8bedb34
+B+: 0x7fdba8bedb35 0x7fdba8bedb3c
+B+: 0x7fdba8bedb3d 0x7fdba8bedb49
+B+: 0x7fdba8bedb4a 0x7fdba8bedb5a
+B+: 0x7fdba8bedb5b 0x7fdba8bedb63
+B+: 0x7fdba8bedb7f 0x7fdba8bedb93
+B+: 0x7fdba8bedb94 0x7fdba8bedb9c
+B+: 0x7fdba8bedbe0 0x7fdba8bedbf7
+B+: 0x7fdba8bedbf8 0x7fdba8bedc00
+B+: 0x7fdba8bedc1b 0x7fdba8bedc2b
+B+: 0x7fdba8bedd40 0x7fdba8bedd5e
+B+: 0x7fdba8bedd5f 0x7fdba8bedd6d
+B+: 0x7fdba8bedd6e 0x7fdba8bedd72
+B+: 0x7fdba8bedd7d 0x7fdba8bedd90
+B+: 0x7fdba8bedd91 0x7fdba8bedd95
+B+: 0x7fdba8bedd96 0x7fdba8bedd9a
+B+: 0x7fdba8bedda0 0x7fdba8bedda4
+B+: 0x7fdba8beddd5 0x7fdba8beddd9
+B+: 0x7fdba8beddda 0x7fdba8beddde
+B+: 0x7fdba8beddf0 0x7fdba8beddfb
+B+: 0x7fdba8beddfc 0x7fdba8bede07
+B+: 0x7fdba8bede08 0x7fdba8bede10
+B+: 0x7fdba8bede2c 0x7fdba8bede30
+B+: 0x7fdba8bede31 0x7fdba8bede36
+B+: 0x7fdba8bede41 0x7fdba8bede45
+B+: 0x7fdba8bede46 0x7fdba8bede54
+B+: 0x7fdba8bede55 0x7fdba8bede5d
+B+: 0x7fdba8bede5e 0x7fdba8bede62
+B+: 0x7fdba8bede63 0x7fdba8bede74
+B+: 0x7fdba8bede78 0x7fdba8bede84
+B+: 0x7fdba8bedea0 0x7fdba8bedea4
+B+: 0x7fdba8bedef0 0x7fdba8bedf03
+B+: 0x7fdba8bedf40 0x7fdba8bedf76
+B+: 0x7fdba8bedf77 0x7fdba8bedf82
+B+: 0x7fdba8bedf83 0x7fdba8bedf92
+B+: 0x7fdba8bee01b 0x7fdba8bee031
+B+: 0x7fdba8bee032 0x7fdba8bee040
+B+: 0x7fdba8bee075 0x7fdba8bee0b8
+B+: 0x7fdba8bee0b9 0x7fdba8bee0c3
+B+: 0x7fdba8bee0c4 0x7fdba8bee0cc
+B+: 0x7fdba8bee0cd 0x7fdba8bee0d5
+B+: 0x7fdba8bee0d6 0x7fdba8bee0de
+B+: 0x7fdba8bee0df 0x7fdba8bee106
+B+: 0x7fdba8bee107 0x7fdba8bee133
+B+: 0x7fdba8bee578 0x7fdba8bee581
+B+: 0x7fdba8bee582 0x7fdba8bee5a8
+B+: 0x7fdba8bee5a9 0x7fdba8bee5b6
+B+: 0x7fdba8bee5d0 0x7fdba8bee5e0
+B+: 0x7fdba8bee5e1 0x7fdba8bee5ee
+B+: 0x7fdba8bee5ef 0x7fdba8bee5f3
+B+: 0x7fdba8bee670 0x7fdba8bee67e
+B+: 0x7fdba8bee67f 0x7fdba8bee683
+B+: 0x7fdba8bee684 0x7fdba8bee692
+B+: 0x7fdba8bee693 0x7fdba8bee69a
+B+: 0x7fdba8bee69b 0x7fdba8bee6a2
+B+: 0x7fdba8bee6a3 0x7fdba8bee6b7
+B+: 0x7fdba8bee790 0x7fdba8bee7bc
+B+: 0x7fdba8bee7bd 0x7fdba8bee7d4
+B+: 0x7fdba8bee7e0 0x7fdba8bee83a
+B+: 0x7fdba8bee83b 0x7fdba8bee875
+B+: 0x7fdba8bee876 0x7fdba8bee893
+B+: 0x7fdba8bee894 0x7fdba8bee8a3
+B+: 0x7fdba8bee8a4 0x7fdba8bee8b0
+B+: 0x7fdba8bee9b4 0x7fdba8bee9b8
+B+: 0x7fdba8bee9b9 0x7fdba8bee9cf
+B+: 0x7fdba8bee9d0 0x7fdba8bee9dc
+B+: 0x7fdba8bee9dd 0x7fdba8bee9ef
+B+: 0x7fdba8bee9f0 0x7fdba8bee9f7
+B+: 0x7fdba8beea01 0x7fdba8beea16
+B+: 0x7fdba8beea28 0x7fdba8beea3d
+B+: 0x7fdba8beea3e 0x7fdba8beea4d
+B+: 0x7fdba8beea79 0x7fdba8beea97
+B+: 0x7fdba8beea98 0x7fdba8beeac0
+B+: 0x7fdba8beeac1 0x7fdba8beeacf
+B+: 0x7fdba8bef148 0x7fdba8bef154
+B+: 0x7fdba8bef155 0x7fdba8bef174
+B+: 0x7fdba8bef175 0x7fdba8bef17f
+B+: 0x7fdba8bef1ac 0x7fdba8bef1b0
+B+: 0x7fdba8bef1b1 0x7fdba8bef1b5
+B+: 0x7fdba8befa40 0x7fdba8befa64
+B+: 0x7fdba8befb10 0x7fdba8befb1a
+B+: 0x7fdba8befb40 0x7fdba8befb47
+B+: 0x7fdba8befb48 0x7fdba8befb51
+B+: 0x7fdba8befb58 0x7fdba8befb60
+B+: 0x7fdba8befb61 0x7fdba8befb6a
+B+: 0x7fdba8befb88 0x7fdba8befb8c
+B+: 0x7fdba8befb8d 0x7fdba8befb94
+B+: 0x7fdba8befba0 0x7fdba8befba4
+B+: 0x7fdba8befd00 0x7fdba8befd30
+B+: 0x7fdba8befe3f 0x7fdba8befe55
+B+: 0x7fdba8befe56 0x7fdba8befe67
+B+: 0x7fdba8bf01e0 0x7fdba8bf0222
+B+: 0x7fdba8bf0223 0x7fdba8bf0228
+B+: 0x7fdba8bf024c 0x7fdba8bf0260
+B+: 0x7fdba8bf0261 0x7fdba8bf0269
+B+: 0x7fdba8bf0270 0x7fdba8bf0279
+B+: 0x7fdba8bf0288 0x7fdba8bf02a0
+B+: 0x7fdba8bf02a1 0x7fdba8bf02ba
+B+: 0x7fdba8bf02bb 0x7fdba8bf02bc
+B+: 0x7fdba8bf02d0 0x7fdba8bf02d8
+B+: 0x7fdba8bf02f8 0x7fdba8bf02f8
+B+: 0x7fdba8bf0300 0x7fdba8bf030c
+B+: 0x7fdba8bf033f 0x7fdba8bf0343
+B+: 0x7fdba8bf0380 0x7fdba8bf0384
+B+: 0x7fdba8bf03d0 0x7fdba8bf03e3
+B+: 0x7fdba8bf0400 0x7fdba8bf0400
+B+: 0x7fdba8bf0420 0x7fdba8bf045b
+B+: 0x7fdba8bf0467 0x7fdba8bf0471
+B+: 0x7fdba8bf0472 0x7fdba8bf0489
+B+: 0x7fdba8bf048a 0x7fdba8bf048d
+B+: 0x7fdba8bf048e 0x7fdba8bf0494
+B+: 0x7fdba8bf0495 0x7fdba8bf049d
+B+: 0x7fdba8bf049e 0x7fdba8bf04a9
+B+: 0x7fdba8bf04aa 0x7fdba8bf04c2
+B+: 0x7fdba8bf04c3 0x7fdba8bf04ce
+B+: 0x7fdba8bf04cf 0x7fdba8bf04e5
+B+: 0x7fdba8bf04e6 0x7fdba8bf04f5
+B+: 0x7fdba8bf0500 0x7fdba8bf050e
+B+: 0x7fdba8bf050f 0x7fdba8bf0513
+B+: 0x7fdba8bf0514 0x7fdba8bf051e
+B+: 0x7fdba8bf0540 0x7fdba8bf0549
+B+: 0x7fdba8bf054a 0x7fdba8bf054e
+B+: 0x7fdba8bf054f 0x7fdba8bf0560
+B+: 0x7fdba8bf0568 0x7fdba8bf0577
+B+: 0x7fdba8bf0580 0x7fdba8bf0589
+B+: 0x7fdba8bf05a8 0x7fdba8bf05bb
+B+: 0x7fdba8bf05c0 0x7fdba8bf05ce
+B+: 0x7fdba8bf05cf 0x7fdba8bf05dc
+B+: 0x7fdba8bf06f0 0x7fdba8bf06fd
+B+: 0x7fdba8bf07a0 0x7fdba8bf07a0
+B+: 0x7fdba8bf07b0 0x7fdba8bf07ba
+B+: 0x7fdba8bf07bb 0x7fdba8bf07ce
+B+: 0x7fdba8bf07cf 0x7fdba8bf07d8
+B+: 0x7fdba8bf07d9 0x7fdba8bf07e6
+B+: 0x7fdba8bf0800 0x7fdba8bf082d
+B+: 0x7fdba8bf082e 0x7fdba8bf0831
+B+: 0x7fdba8bf0832 0x7fdba8bf0847
+B+: 0x7fdba8bf0864 0x7fdba8bf086b
+B+: 0x7fdba8bf086c 0x7fdba8bf086f
+B+: 0x7fdba8bf0870 0x7fdba8bf0876
+B+: 0x7fdba8bf0877 0x7fdba8bf087b
+B+: 0x7fdba8bf087c 0x7fdba8bf0886
+B+: 0x7fdba8bf0ae0 0x7fdba8bf0b01
+B+: 0x7fdba8bf0b02 0x7fdba8bf0b0a
+B+: 0x7fdba8bf0b0b 0x7fdba8bf0b14
+B+: 0x7fdba8bf0b15 0x7fdba8bf0b19
+B+: 0x7fdba8bf0c00 0x7fdba8bf0c19
+B+: 0x7fdba8bf0c51 0x7fdba8bf0c8e
+B+: 0x7fdba8bf0c8f 0x7fdba8bf0c9e
+B+: 0x7fdba8bf0c9f 0x7fdba8bf0ca6
+B+: 0x7fdba8bf0df0 0x7fdba8bf0dfb
+B+: 0x7fdba8bf0e20 0x7fdba8bf0e20
+B+: 0x7fdba8bf0e30 0x7fdba8bf0e38
+B+: 0x7fdba8bf2940 0x7fdba8bf294b
+B+: 0x7fdba8bf294c 0x7fdba8bf2957
+B+: 0x7fdba8bf2958 0x7fdba8bf2964
+B+: 0x7fdba8bf2965 0x7fdba8bf2969
+B+: 0x7fdba8bf296a 0x7fdba8bf296f
+B+: 0x7fdba8bf2970 0x7fdba8bf2976
+B+: 0x7fdba8bf2980 0x7fdba8bf2987
+B+: 0x7fdba8bf2988 0x7fdba8bf298c
+B+: 0x7fdba8bf298d 0x7fdba8bf299b
+B+: 0x7fdba8bf299c 0x7fdba8bf29a0
+B+: 0x7fdba8bf29a1 0x7fdba8bf29a8
+B+: 0x7fdba8bf29a9 0x7fdba8bf29ad
+B+: 0x7fdba8bf29ae 0x7fdba8bf29b8
+B+: 0x7fdba8bf29b9 0x7fdba8bf29b9
+B+: 0x7fdba8bf29c0 0x7fdba8bf29c5
+B+: 0x7fdba8bf29c6 0x7fdba8bf29c9
+B+: 0x7fdba8bf29d0 0x7fdba8bf29d0
+B+: 0x7fdba8bf29d1 0x7fdba8bf29d5
+B+: 0x7fdba8bf29d6 0x7fdba8bf29d9
+B+: 0x7fdba8bf29e0 0x7fdba8bf29ff
+B+: 0x7fdba8bf2a00 0x7fdba8bf2a11
+B+: 0x7fdba8bf2a12 0x7fdba8bf2a16
+B+: 0x7fdba8bf2a20 0x7fdba8bf2a22
+B+: 0x7fdba8bf2a23 0x7fdba8bf2a2f
+B+: 0x7fdba8bf2a30 0x7fdba8bf2a33
+B+: 0x7fdba8bf2a34 0x7fdba8bf2a5d
+B+: 0x7fdba8bf2a5e 0x7fdba8bf2a62
+B+: 0x7fdba8bf2a63 0x7fdba8bf2a82
+B+: 0x7fdba8bf2ac0 0x7fdba8bf2ade
+B+: 0x7fdba8bf2adf 0x7fdba8bf2ae3
+B+: 0x7fdba8bf2ae4 0x7fdba8bf2ae8
+B+: 0x7fdba8bf2af0 0x7fdba8bf2af2
+B+: 0x7fdba8bf2af3 0x7fdba8bf2aff
+B+: 0x7fdba8bf2b00 0x7fdba8bf2b03
+B+: 0x7fdba8bf2b04 0x7fdba8bf2b3e
+B+: 0x7fdba8bf2b3f 0x7fdba8bf2b49
+B+: 0x7fdba8bf2b4a 0x7fdba8bf2b57
+B+: 0x7fdba8bf2b58 0x7fdba8bf2b5d
+B+: 0x7fdba8bf2b5e 0x7fdba8bf2b66
+B+: 0x7fdba8bf2b67 0x7fdba8bf2b70
+B+: 0x7fdba8bf2b71 0x7fdba8bf2b7a
+B+: 0x7fdba8bf2b7b 0x7fdba8bf2b9a
+B+: 0x7fdba8bf2b9b 0x7fdba8bf2ba3
+B+: 0x7fdba8bf2ba4 0x7fdba8bf2bbd
+B+: 0x7fdba8bf2bc0 0x7fdba8bf2bc5
+B+: 0x7fdba8bf2bc6 0x7fdba8bf2bcf
+B+: 0x7fdba8bf2bd0 0x7fdba8bf2bd9
+B+: 0x7fdba8bf2bda 0x7fdba8bf2bf7
+B+: 0x7fdba8bf2c08 0x7fdba8bf2c14
+B+: 0x7fdba8bf2c15 0x7fdba8bf2c1b
+B+: 0x7fdba8bf2c1c 0x7fdba8bf2c29
+B+: 0x7fdba8bf2cb0 0x7fdba8bf2cca
+B+: 0x7fdba8bf2ccb 0x7fdba8bf2cda
+B+: 0x7fdba8bf2cdb 0x7fdba8bf2ce6
+B+: 0x7fdba8bf2ce7 0x7fdba8bf2cef
+B+: 0x7fdba8bf2cf0 0x7fdba8bf2cf4
+B+: 0x7fdba8bf2cf5 0x7fdba8bf2cfc
+B+: 0x7fdba8bf2cfd 0x7fdba8bf2d10
+B+: 0x7fdba8bf2d11 0x7fdba8bf2d21
+B+: 0x7fdba8bf2d22 0x7fdba8bf2d26
+B+: 0x7fdba8bf2d27 0x7fdba8bf2d38
+B+: 0x7fdba8bf2d39 0x7fdba8bf2d4b
+B+: 0x7fdba8bf2d4c 0x7fdba8bf2d54
+B+: 0x7fdba8bf2d55 0x7fdba8bf2d5e
+B+: 0x7fdba8bf2d5f 0x7fdba8bf2d6d
+B+: 0x7fdba8bf2ea0 0x7fdba8bf2eb6
+B+: 0x7fdba8bf2eb7 0x7fdba8bf2ebb
+B+: 0x7fdba8bf2ebc 0x7fdba8bf2ec0
+B+: 0x7fdba8bf2ec8 0x7fdba8bf2ecb
+B+: 0x7fdba8bf2ecc 0x7fdba8bf2ed9
+B+: 0x7fdba8bf2eda 0x7fdba8bf2edd
+B+: 0x7fdba8bf2ede 0x7fdba8bf2f06
+B+: 0x7fdba8bf2f07 0x7fdba8bf2f10
+B+: 0x7fdba8bf2f11 0x7fdba8bf2f16
+B+: 0x7fdba8bf2f17 0x7fdba8bf2f24
+B+: 0x7fdba8bf2f25 0x7fdba8bf2f2d
+B+: 0x7fdba8bf3440 0x7fdba8bf346b
+B+: 0x7fdba8bf346c 0x7fdba8bf3470
+B+: 0x7fdba8bf3471 0x7fdba8bf3475
+B+: 0x7fdba8bf3536 0x7fdba8bf353e
+B+: 0x7fdba8bf353f 0x7fdba8bf3548
+B+: 0x7fdba8bf3549 0x7fdba8bf3551
+B+: 0x7fdba8bf35d0 0x7fdba8bf35e4
+B+: 0x7fdba8bf35e5 0x7fdba8bf3606
+B+: 0x7fdba8bf3607 0x7fdba8bf3610
+B+: 0x7fdba8bf3611 0x7fdba8bf3618
+B+: 0x7fdba8bf3640 0x7fdba8bf3648
+B+: 0x7fdba8bf3649 0x7fdba8bf3656
+B+: 0x7fdba8bf3657 0x7fdba8bf365f
+B+: 0x7fdba8bf3660 0x7fdba8bf3661
+B+: 0x7fdba8bf3760 0x7fdba8bf37aa
+B+: 0x7fdba8bf37ab 0x7fdba8bf37af
+B+: 0x7fdba8bf37b0 0x7fdba8bf37be
+B+: 0x7fdba8bf37c8 0x7fdba8bf37d3
+B+: 0x7fdba8bf37d4 0x7fdba8bf37d8
+B+: 0x7fdba8bf37d9 0x7fdba8bf37e0
+B+: 0x7fdba8bf37e1 0x7fdba8bf37e5
+B+: 0x7fdba8bf37e6 0x7fdba8bf37f3
+B+: 0x7fdba8bf37f4 0x7fdba8bf37fb
+B+: 0x7fdba8bf3800 0x7fdba8bf3810
+B+: 0x7fdba8bf3811 0x7fdba8bf3815
+B+: 0x7fdba8bf3816 0x7fdba8bf3832
+B+: 0x7fdba8bf3833 0x7fdba8bf3843
+B+: 0x7fdba8bf3844 0x7fdba8bf384f
+B+: 0x7fdba8bf3850 0x7fdba8bf3857
+B+: 0x7fdba8bf3858 0x7fdba8bf385c
+B+: 0x7fdba8bf385d 0x7fdba8bf3868
+B+: 0x7fdba8bf3869 0x7fdba8bf387b
+B+: 0x7fdba8bf387c 0x7fdba8bf3884
+B+: 0x7fdba8bf3888 0x7fdba8bf3897
+B+: 0x7fdba8bf3898 0x7fdba8bf389b
+B+: 0x7fdba8bf389c 0x7fdba8bf38b4
+B+: 0x7fdba8bf38b5 0x7fdba8bf38b8
+B+: 0x7fdba8bf38b9 0x7fdba8bf38c6
+B+: 0x7fdba8bf38c7 0x7fdba8bf38d5
+B+: 0x7fdba8bf3dc0 0x7fdba8bf3dec
+B+: 0x7fdba8bf3ded 0x7fdba8bf3df2
+B+: 0x7fdba8bf3df3 0x7fdba8bf3e04
+B+: 0x7fdba8bf3e05 0x7fdba8bf3e0d
+B+: 0x7fdba8bf3e0e 0x7fdba8bf3e1c
+CND+ 0x7fdba8be200e: taken
+CND+ 0x7fdba8be25ea: not taken
+CND+ 0x7fdba8be2626: not taken
+CND+ 0x7fdba8be263b: taken
+CND+ 0x7fdba8be2673: not taken
+CND+ 0x7fdba8be2687: not taken
+CND+ 0x7fdba8be2695: not taken
+CND+ 0x7fdba8be27e2: taken
+CND+ 0x7fdba8be2862: not taken
+CND+ 0x7fdba8be287c: both
+CND+ 0x7fdba8be28a9: not taken
+CND+ 0x7fdba8be2a5d: not taken
+CND+ 0x7fdba8be2a62: taken
+CND+ 0x7fdba8be36e6: not taken
+CND+ 0x7fdba8be3704: taken
+CND+ 0x7fdba8be371a: not taken
+CND+ 0x7fdba8be371f: taken
+CND+ 0x7fdba8be372f: taken
+CND+ 0x7fdba8be374c: not taken
+CND+ 0x7fdba8be3756: not taken
+CND+ 0x7fdba8be378f: not taken
+CND+ 0x7fdba8be379b: taken
+CND+ 0x7fdba8be4079: taken
+CND+ 0x7fdba8be411b: not taken
+CND+ 0x7fdba8be4149: not taken
+CND+ 0x7fdba8be4158: not taken
+CND+ 0x7fdba8be4190: not taken
+CND+ 0x7fdba8be41ce: taken
+CND+ 0x7fdba8be4c20: not taken
+CND+ 0x7fdba8be4c2d: taken
+CND+ 0x7fdba8be4c48: not taken
+CND+ 0x7fdba8be4c5f: both
+CND+ 0x7fdba8be4c88: not taken
+CND+ 0x7fdba8be4ed2: taken
+CND+ 0x7fdba8be4f55: not taken
+CND+ 0x7fdba8be4f7e: not taken
+CND+ 0x7fdba8be4f8a: not taken
+CND+ 0x7fdba8be4f93: both
+CND+ 0x7fdba8be4fc4: not taken
+CND+ 0x7fdba8be4fe2: both
+CND+ 0x7fdba8be4ffb: taken
+CND+ 0x7fdba8be505a: taken
+CND+ 0x7fdba8be50af: not taken
+CND+ 0x7fdba8be50b8: taken
+CND+ 0x7fdba8be50e0: taken
+CND+ 0x7fdba8be5116: not taken
+CND+ 0x7fdba8be515a: not taken
+CND+ 0x7fdba8be5163: taken
+CND+ 0x7fdba8be521b: taken
+CND+ 0x7fdba8be524a: taken
+CND+ 0x7fdba8be527c: not taken
+CND+ 0x7fdba8be536a: taken
+CND+ 0x7fdba8be5520: not taken
+CND+ 0x7fdba8be5529: not taken
+CND+ 0x7fdba8be5532: taken
+CND+ 0x7fdba8be58eb: not taken
+CND+ 0x7fdba8be5906: both
+CND+ 0x7fdba8be593d: not taken
+CND+ 0x7fdba8be5985: both
+CND+ 0x7fdba8be59f6: taken
+CND+ 0x7fdba8be5a20: both
+CND+ 0x7fdba8be5a29: not taken
+CND+ 0x7fdba8be5a33: not taken
+CND+ 0x7fdba8be5ae4: not taken
+CND+ 0x7fdba8be5afb: taken
+CND+ 0x7fdba8be5b2a: both
+CND+ 0x7fdba8be5b30: both
+CND+ 0x7fdba8be5b40: taken
+CND+ 0x7fdba8be5b60: not taken
+CND+ 0x7fdba8be5b96: not taken
+CND+ 0x7fdba8be5be5: taken
+CND+ 0x7fdba8be5da0: not taken
+CND+ 0x7fdba8be5da9: not taken
+CND+ 0x7fdba8be5dc8: both
+CND+ 0x7fdba8be5dd0: both
+CND+ 0x7fdba8be5e2e: taken
+CND+ 0x7fdba8be5e57: not taken
+CND+ 0x7fdba8be5eac: taken
+CND+ 0x7fdba8be5ed8: taken
+CND+ 0x7fdba8be5fa3: not taken
+CND+ 0x7fdba8be5fc0: taken
+CND+ 0x7fdba8be6019: not taken
+CND+ 0x7fdba8be6065: not taken
+CND+ 0x7fdba8be606f: not taken
+CND+ 0x7fdba8be6089: both
+CND+ 0x7fdba8be609d: not taken
+CND+ 0x7fdba8be60ab: taken
+CND+ 0x7fdba8be614c: not taken
+CND+ 0x7fdba8be6156: taken
+CND+ 0x7fdba8be61cc: taken
+CND+ 0x7fdba8be61ee: taken
+CND+ 0x7fdba8be6811: both
+CND+ 0x7fdba8be681b: not taken
+CND+ 0x7fdba8be681f: not taken
+CND+ 0x7fdba8be6839: taken
+CND+ 0x7fdba8be6859: taken
+CND+ 0x7fdba8be6861: taken
+CND+ 0x7fdba8be745f: taken
+CND+ 0x7fdba8be7626: not taken
+CND+ 0x7fdba8be76ca: taken
+CND+ 0x7fdba8be7762: taken
+CND+ 0x7fdba8be82a4: taken
+CND+ 0x7fdba8be82bd: not taken
+CND+ 0x7fdba8be82cd: not taken
+CND+ 0x7fdba8be830f: taken
+CND+ 0x7fdba8be8327: taken
+CND+ 0x7fdba8be833a: not taken
+CND+ 0x7fdba8be8343: taken
+CND+ 0x7fdba8be8381: not taken
+CND+ 0x7fdba8be83d6: taken
+CND+ 0x7fdba8be83e7: taken
+CND+ 0x7fdba8be8895: not taken
+CND+ 0x7fdba8be88a8: not taken
+CND+ 0x7fdba8be88d2: not taken
+CND+ 0x7fdba8be8907: not taken
+CND+ 0x7fdba8be8942: taken
+CND+ 0x7fdba8be8953: not taken
+CND+ 0x7fdba8be8963: taken
+CND+ 0x7fdba8be8a7b: not taken
+CND+ 0x7fdba8be8dbc: both
+CND+ 0x7fdba8be8dc9: both
+CND+ 0x7fdba8be8e03: not taken
+CND+ 0x7fdba8be8e0d: not taken
+CND+ 0x7fdba8be8e18: taken
+CND+ 0x7fdba8be91a1: not taken
+CND+ 0x7fdba8be91ab: not taken
+CND+ 0x7fdba8be91e4: taken
+CND+ 0x7fdba8be91f2: taken
+CND+ 0x7fdba8be920a: not taken
+CND+ 0x7fdba8be9225: not taken
+CND+ 0x7fdba8be922f: not taken
+CND+ 0x7fdba8be9247: taken
+CND+ 0x7fdba8be9533: taken
+CND+ 0x7fdba8be9582: taken
+CND+ 0x7fdba8be9655: taken
+CND+ 0x7fdba8be9698: taken
+CND+ 0x7fdba8be9703: not taken
+CND+ 0x7fdba8be970c: taken
+CND+ 0x7fdba8be9725: not taken
+CND+ 0x7fdba8be9742: not taken
+CND+ 0x7fdba8be975a: not taken
+CND+ 0x7fdba8be9765: not taken
+CND+ 0x7fdba8be9792: not taken
+CND+ 0x7fdba8be9797: taken
+CND+ 0x7fdba8be97a9: taken
+CND+ 0x7fdba8be97ad: not taken
+CND+ 0x7fdba8be97bc: taken
+CND+ 0x7fdba8be97ce: taken
+CND+ 0x7fdba8be9848: taken
+CND+ 0x7fdba8be9889: not taken
+CND+ 0x7fdba8be989b: not taken
+CND+ 0x7fdba8be98a8: taken
+CND+ 0x7fdba8be9c2f: not taken
+CND+ 0x7fdba8be9c57: taken
+CND+ 0x7fdba8be9c65: not taken
+CND+ 0x7fdba8be9c6e: taken
+CND+ 0x7fdba8be9c86: not taken
+CND+ 0x7fdba8be9cae: taken
+CND+ 0x7fdba8bea366: taken
+CND+ 0x7fdba8bea9d6: taken
+CND+ 0x7fdba8beaa31: not taken
+CND+ 0x7fdba8beaa51: taken
+CND+ 0x7fdba8beaaad: not taken
+CND+ 0x7fdba8beaab5: taken
+CND+ 0x7fdba8beab00: taken
+CND+ 0x7fdba8beab5a: not taken
+CND+ 0x7fdba8beab62: not taken
+CND+ 0x7fdba8beab6b: not taken
+CND+ 0x7fdba8beab75: not taken
+CND+ 0x7fdba8beab7f: taken
+CND+ 0x7fdba8beab9b: taken
+CND+ 0x7fdba8beac3c: taken
+CND+ 0x7fdba8beaed9: not taken
+CND+ 0x7fdba8beaee6: not taken
+CND+ 0x7fdba8beaf01: not taken
+CND+ 0x7fdba8beaf1a: not taken
+CND+ 0x7fdba8beaf20: not taken
+CND+ 0x7fdba8beaf26: taken
+CND+ 0x7fdba8beb76c: not taken
+CND+ 0x7fdba8beb78c: not taken
+CND+ 0x7fdba8beb7d8: both
+CND+ 0x7fdba8beb7e1: taken
+CND+ 0x7fdba8beb806: not taken
+CND+ 0x7fdba8beb840: not taken
+CND+ 0x7fdba8beb84a: not taken
+CND+ 0x7fdba8beb965: both
+CND+ 0x7fdba8beb989: not taken
+CND+ 0x7fdba8beb9b2: not taken
+CND+ 0x7fdba8beb9bc: not taken
+CND+ 0x7fdba8beb9e3: not taken
+CND+ 0x7fdba8beba13: taken
+CND+ 0x7fdba8bebafd: not taken
+CND+ 0x7fdba8bebb1a: not taken
+CND+ 0x7fdba8bebb61: taken
+CND+ 0x7fdba8bec711: not taken
+CND+ 0x7fdba8bec71d: not taken
+CND+ 0x7fdba8bec722: not taken
+CND+ 0x7fdba8bec748: not taken
+CND+ 0x7fdba8bec74c: not taken
+CND+ 0x7fdba8bec75f: not taken
+CND+ 0x7fdba8bec7a4: not taken
+CND+ 0x7fdba8bec8f3: both
+CND+ 0x7fdba8bec90f: both
+CND+ 0x7fdba8bec911: not taken
+CND+ 0x7fdba8bec91a: taken
+CND+ 0x7fdba8beca92: not taken
+CND+ 0x7fdba8becaba: not taken
+CND+ 0x7fdba8becad5: both
+CND+ 0x7fdba8becade: taken
+CND+ 0x7fdba8becaf7: not taken
+CND+ 0x7fdba8becb01: not taken
+CND+ 0x7fdba8becb05: not taken
+CND+ 0x7fdba8becb19: taken
+CND+ 0x7fdba8becc50: not taken
+CND+ 0x7fdba8becc62: taken
+CND+ 0x7fdba8becdb1: not taken
+CND+ 0x7fdba8becdea: both
+CND+ 0x7fdba8bece13: not taken
+CND+ 0x7fdba8bece20: taken
+CND+ 0x7fdba8bece2d: not taken
+CND+ 0x7fdba8bece43: not taken
+CND+ 0x7fdba8bece4f: both
+CND+ 0x7fdba8bece58: not taken
+CND+ 0x7fdba8bece72: taken
+CND+ 0x7fdba8becee7: taken
+CND+ 0x7fdba8bed75d: both
+CND+ 0x7fdba8bed76f: not taken
+CND+ 0x7fdba8bed782: both
+CND+ 0x7fdba8bed787: both
+CND+ 0x7fdba8bed795: both
+CND+ 0x7fdba8bed8b1: not taken
+CND+ 0x7fdba8bed8dc: not taken
+CND+ 0x7fdba8bed8ea: not taken
+CND+ 0x7fdba8bed8ec: both
+CND+ 0x7fdba8bed8f5: not taken
+CND+ 0x7fdba8bed8fb: taken
+CND+ 0x7fdba8bed943: not taken
+CND+ 0x7fdba8bed94c: taken
+CND+ 0x7fdba8bed983: not taken
+CND+ 0x7fdba8bed989: both
+CND+ 0x7fdba8bed990: not taken
+CND+ 0x7fdba8bed9ab: taken
+CND+ 0x7fdba8beda0b: taken
+CND+ 0x7fdba8bedb10: both
+CND+ 0x7fdba8bedb1c: not taken
+CND+ 0x7fdba8bedb21: both
+CND+ 0x7fdba8bedb2f: not taken
+CND+ 0x7fdba8bedb37: both
+CND+ 0x7fdba8bedb44: both
+CND+ 0x7fdba8bedb5e: taken
+CND+ 0x7fdba8bedb92: both
+CND+ 0x7fdba8bedb9b: taken
+CND+ 0x7fdba8bedbfb: taken
+CND+ 0x7fdba8bedd68: both
+CND+ 0x7fdba8bedd71: taken
+CND+ 0x7fdba8bedd8b: not taken
+CND+ 0x7fdba8bedda3: taken
+CND+ 0x7fdba8bedddd: taken
+CND+ 0x7fdba8bede02: not taken
+CND+ 0x7fdba8bede0b: taken
+CND+ 0x7fdba8bede2f: not taken
+CND+ 0x7fdba8bede35: taken
+CND+ 0x7fdba8bede4f: not taken
+CND+ 0x7fdba8bede58: both
+CND+ 0x7fdba8bedf7d: not taken
+CND+ 0x7fdba8bee02c: not taken
+CND+ 0x7fdba8bee0c7: not taken
+CND+ 0x7fdba8bee0d0: both
+CND+ 0x7fdba8bee0d9: not taken
+CND+ 0x7fdba8bee5a7: both
+CND+ 0x7fdba8bee5ed: not taken
+CND+ 0x7fdba8bee5f2: taken
+CND+ 0x7fdba8bee682: not taken
+CND+ 0x7fdba8bee6a1: not taken
+CND+ 0x7fdba8bee7bb: not taken
+CND+ 0x7fdba8bee835: not taken
+CND+ 0x7fdba8bee870: not taken
+CND+ 0x7fdba8bee88e: not taken
+CND+ 0x7fdba8bee89e: not taken
+CND+ 0x7fdba8bee9ca: both
+CND+ 0x7fdba8bee9ea: taken
+CND+ 0x7fdba8bee9f6: taken
+CND+ 0x7fdba8beea15: taken
+CND+ 0x7fdba8beea38: not taken
+CND+ 0x7fdba8beea48: taken
+CND+ 0x7fdba8beeabb: not taken
+CND+ 0x7fdba8bef14f: not taken
+CND+ 0x7fdba8bef16f: not taken
+CND+ 0x7fdba8bef17e: taken
+CND+ 0x7fdba8befa5f: taken
+CND+ 0x7fdba8befb46: not taken
+CND+ 0x7fdba8befb50: taken
+CND+ 0x7fdba8befb69: taken
+CND+ 0x7fdba8befb93: taken
+CND+ 0x7fdba8befd2b: taken
+CND+ 0x7fdba8befe50: not taken
+CND+ 0x7fdba8bf0227: taken
+CND+ 0x7fdba8bf025f: not taken
+CND+ 0x7fdba8bf0278: taken
+CND+ 0x7fdba8bf02b9: not taken
+CND+ 0x7fdba8bf02d7: taken
+CND+ 0x7fdba8bf030b: taken
+CND+ 0x7fdba8bf0383: taken
+CND+ 0x7fdba8bf03e2: taken
+CND+ 0x7fdba8bf0456: taken
+CND+ 0x7fdba8bf0488: both
+CND+ 0x7fdba8bf048c: not taken
+CND+ 0x7fdba8bf0493: not taken
+CND+ 0x7fdba8bf0498: both
+CND+ 0x7fdba8bf04e0: not taken
+CND+ 0x7fdba8bf0512: not taken
+CND+ 0x7fdba8bf0519: taken
+CND+ 0x7fdba8bf0548: not taken
+CND+ 0x7fdba8bf054d: not taken
+CND+ 0x7fdba8bf05c9: not taken
+CND+ 0x7fdba8bf05d7: taken
+CND+ 0x7fdba8bf06f8: taken
+CND+ 0x7fdba8bf07b9: not taken
+CND+ 0x7fdba8bf0830: not taken
+CND+ 0x7fdba8bf0846: taken
+CND+ 0x7fdba8bf086e: not taken
+CND+ 0x7fdba8bf0b09: not taken
+CND+ 0x7fdba8bf0b13: not taken
+CND+ 0x7fdba8bf0c18: taken
+CND+ 0x7fdba8bf0c9d: not taken
+CND+ 0x7fdba8bf0dfa: taken
+CND+ 0x7fdba8bf2946: both
+CND+ 0x7fdba8bf2963: both
+CND+ 0x7fdba8bf2968: not taken
+CND+ 0x7fdba8bf296e: not taken
+CND+ 0x7fdba8bf2986: not taken
+CND+ 0x7fdba8bf298b: both
+CND+ 0x7fdba8bf299a: both
+CND+ 0x7fdba8bf299f: both
+CND+ 0x7fdba8bf29ac: both
+CND+ 0x7fdba8bf29b7: both
+CND+ 0x7fdba8bf29c4: not taken
+CND+ 0x7fdba8bf2a10: not taken
+CND+ 0x7fdba8bf2a15: taken
+CND+ 0x7fdba8bf2a2e: both
+CND+ 0x7fdba8bf2a32: both
+CND+ 0x7fdba8bf2a5c: both
+CND+ 0x7fdba8bf2add: not taken
+CND+ 0x7fdba8bf2ae2: not taken
+CND+ 0x7fdba8bf2afe: not taken
+CND+ 0x7fdba8bf2b02: both
+CND+ 0x7fdba8bf2b48: both
+CND+ 0x7fdba8bf2b52: not taken
+CND+ 0x7fdba8bf2b5c: not taken
+CND+ 0x7fdba8bf2b65: both
+CND+ 0x7fdba8bf2b6b: taken
+CND+ 0x7fdba8bf2b75: not taken
+CND+ 0x7fdba8bf2b95: not taken
+CND+ 0x7fdba8bf2ba2: not taken
+CND+ 0x7fdba8bf2bc4: not taken
+CND+ 0x7fdba8bf2bce: not taken
+CND+ 0x7fdba8bf2bf6: taken
+CND+ 0x7fdba8bf2c24: taken
+CND+ 0x7fdba8bf2ce1: not taken
+CND+ 0x7fdba8bf2cea: not taken
+CND+ 0x7fdba8bf2cf3: not taken
+CND+ 0x7fdba8bf2d25: not taken
+CND+ 0x7fdba8bf2d53: not taken
+CND+ 0x7fdba8bf2d5d: not taken
+CND+ 0x7fdba8bf2eb5: not taken
+CND+ 0x7fdba8bf2eba: not taken
+CND+ 0x7fdba8bf2ed8: both
+CND+ 0x7fdba8bf2edc: taken
+CND+ 0x7fdba8bf2f0f: not taken
+CND+ 0x7fdba8bf2f15: not taken
+CND+ 0x7fdba8bf346f: not taken
+CND+ 0x7fdba8bf353d: not taken
+CND+ 0x7fdba8bf3547: not taken
+CND+ 0x7fdba8bf3605: not taken
+CND+ 0x7fdba8bf360f: not taken
+CND+ 0x7fdba8bf3647: not taken
+CND+ 0x7fdba8bf365e: not taken
+CND+ 0x7fdba8bf37bd: taken
+CND+ 0x7fdba8bf37d2: taken
+CND+ 0x7fdba8bf37df: not taken
+CND+ 0x7fdba8bf37e4: both
+CND+ 0x7fdba8bf37fa: taken
+CND+ 0x7fdba8bf3856: not taken
+CND+ 0x7fdba8bf385b: taken
+CND+ 0x7fdba8bf387a: not taken
+CND+ 0x7fdba8bf389a: not taken
+CND+ 0x7fdba8bf38b7: not taken
+CND+ 0x7fdba8bf38c5: not taken
+CND+ 0x7fdba8bf38d4: taken
+CND+ 0x7fdba8bf3df1: not taken
+CND+ 0x7fdba8bf3e0c: not taken
@0x7fdba8bf2c19 to 0x7fdba8be67d0 1
@0x7fdba8bf2c19 to 0x7fdba8bed120 1
@0x7fdba8be2050 to 0x7fdbac71ba30 4
@0x7fdba8be2080 to 0x7fdbac6bb330 2
@0x7fdba8be2090 to 0x7fdbac75d710 1
@0x7fdba8be20a0 to 0x7fdbac733e70 5
@0x7fdba8be20d0 to 0x7fdbac6cea20 7
@0x7fdba8be20f0 to 0x7fdbac7f2800 4
@0x7fdba8be2130 to 0x7fdbac75e1e0 1
@0x7fdba8be2140 to 0x7fdbac6d2c10 1
@0x7fdba8be2150 to 0x7fdbac780800 4
@0x7fdba8be2160 to 0x7fdbac75d230 1
@0x7fdba8be2190 to 0x7fdbac7f2bc0 8
@0x7fdba8be21c0 to 0x7fdbac75e200 1
@0x7fdba8be21e0 to 0x7fdbac7f25d0 1
@0x7fdba8be2220 to 0x7fdbac75e210 2
@0x7fdba8be2230 to 0x7fdbac781b10 1
@0x7fdba8be416e to 0x7fdba8be41c0 1
@0x7fdba8be2280 to 0x7fdbac7edd10 11
@0x7fdba8be22a0 to 0x7fdbac6ce450 4
@0x7fdba8be41ac to 0x7fdba8be4e90 1
@0x7fdba8be22d0 to 0x7fdbac7ee100 9
@0x7fdba8be2320 to 0x7fdbac6cf0f0 4
@0x7fdba8be2330 to 0x7fdbac7f3100 6
@0x7fdba8be2350 to 0x7fdbac75e220 1
@0x7fdba8be2370 to 0x7fdbac780800 2
@0x7fdba8be2390 to 0x7fdbac71b3e0 23
@0x7fdba8be23b0 to 0x7fdbac75e230 1
@0x7fdba8be23c0 to 0x7fdbac7ede90 22
@0x7fdba8be23e0 to 0x7fdbac79eba0 1
@0x7fdba8be2410 to 0x7fdbac71bc80 1
@0x7fdba8be2460 to 0x7fdbac7f30e0 13
@0x7fdba8be2510 to 0x7fdbac75e1f0 1
@0x7fdba8be2560 to 0x7fdbac75d4e0 1
@0x7fdba8be2570 to 0x7fdbac6c7580 191
@0x7fdba8bedf91 to 0x7fdba8bee075 1
@0x7fdba8be2784 to 0x7fdbac6bafb0 1
@0x7fdba8bf3e01 to 0x7fdba8be2840 1
@0x7fdba8bf055f to 0x7fdba8bf0580 1
@0x7fdba8bf055f to 0x7fdba8bf05c0 1
@0x7fdba8bf055f to 0x7fdba8bf05a8 2
@0x7fdba8bee8af to 0x7fdba8beea01 180
@0x7fdba8bee8af to 0x7fdba8bee9f0 10
@0x7fdba8bee8af to 0x7fdba8beea28 1
