MODULE_NAME: /usr/bin/gs
MODULE_START: 0x7f945cdf6000
+B+: 0x7f945cdf7000 0x7f945cdf700f
+B+: 0x7f945cdf7012 0x7f945cdf7016
+B+: 0x7f945cdf7020 0x7f945cdf702b
+B+: 0x7f945cdf7030 0x7f945cdf7035
+B+: 0x7f945cdf7036 0x7f945cdf703f
+B+: 0x7f945cdf7040 0x7f945cdf7045
+B+: 0x7f945cdf7046 0x7f945cdf704f
+B+: 0x7f945cdf7050 0x7f945cdf7055
+B+: 0x7f945cdf7056 0x7f945cdf705f
+B+: 0x7f945cdf7090 0x7f945cdf7095
+B+: 0x7f945cdf7096 0x7f945cdf709f
+B+: 0x7f945cdf70b0 0x7f945cdf70b5
+B+: 0x7f945cdf70b6 0x7f945cdf70bf
+B+: 0x7f945cdf70c0 0x7f945cdf70c5
+B+: 0x7f945cdf70c6 0x7f945cdf70cf
+B+: 0x7f945cdf70d0 0x7f945cdf70d5
+B+: 0x7f945cdf70d6 0x7f945cdf70df
+B+: 0x7f945cdf70e0 0x7f945cdf70e5
+B+: 0x7f945cdf70f0 0x7f945cdf7121
+B+: 0x7f945cdf7122 0x7f945cdf7127
+B+: 0x7f945cdf7128 0x7f945cdf7130
+B+: 0x7f945cdf7131 0x7f945cdf7132
+B+: 0x7f945cdf7133 0x7f945cdf7137
+B+: 0x7f945cdf7138 0x7f945cdf7152
+B+: 0x7f945cdf7153 0x7f945cdf715b
+B+: 0x7f945cdf7184 0x7f945cdf71a2
+B+: 0x7f945cdf71a3 0x7f945cdf71b1
+B+: 0x7f945cdf71b2 0x7f945cdf71b7
+B+: 0x7f945cdf71b8 0x7f945cdf71c1
+B+: 0x7f945cdf71c2 0x7f945cdf71c5
+B+: 0x7f945cdf71c6 0x7f945cdf71ca
+B+: 0x7f945cdf71cb 0x7f945cdf71d6
+B+: 0x7f945cdf71d7 0x7f945cdf71db
+B+: 0x7f945cdf7220 0x7f945cdf7249
+B+: 0x7f945cdf7250 0x7f945cdf7262
+B+: 0x7f945cdf7278 0x7f945cdf7278
+B+: 0x7f945cdf7280 0x7f945cdf72a3
+B+: 0x7f945cdf72b8 0x7f945cdf72b8
+B+: 0x7f945cdf72c0 0x7f945cdf72c8
+B+: 0x7f945cdf72c9 0x7f945cdf72d6
+B+: 0x7f945cdf72d7 0x7f945cdf72e2
+B+: 0x7f945cdf72e3 0x7f945cdf72e7
+B+: 0x7f945cdf72e8 0x7f945cdf72f0
+B+: 0x7f945cdf7300 0x7f945cdf7304
+B+: 0x7f945cdf7350 0x7f945cdf7373
+B+: 0x7f945cdf7374 0x7f945cdf737c
+B+: 0x7f945cdf737d 0x7f945cdf7385
+B+: 0x7f945cdf73c0 0x7f945cdf73ec
+B+: 0x7f945cdf73ed 0x7f945cdf73f2
+B+: 0x7f945cdf73f3 0x7f945cdf7404
+B+: 0x7f945cdf7405 0x7f945cdf740d
+B+: 0x7f945cdf740e 0x7f945cdf741c
+B+: 0x7f945cdf7424 0x7f945cdf742c
+CND+ 0x7f945cdf700e: taken
+CND+ 0x7f945cdf7126: taken
+CND+ 0x7f945cdf712b: not taken
+CND+ 0x7f945cdf7131: not taken
+CND+ 0x7f945cdf7136: not taken
+CND+ 0x7f945cdf714d: not taken
+CND+ 0x7f945cdf71b6: not taken
+CND+ 0x7f945cdf71c4: not taken
+CND+ 0x7f945cdf71c9: not taken
+CND+ 0x7f945cdf7261: taken
+CND+ 0x7f945cdf72a2: taken
+CND+ 0x7f945cdf72c7: not taken
+CND+ 0x7f945cdf72d5: not taken
+CND+ 0x7f945cdf73f1: not taken
+CND+ 0x7f945cdf740c: not taken
@0x7f945cdf7401 to 0x7f945cdf7300 1
@0x7f945cdf7026 to 0x7f9460de6500 7
@0x7f945cdf7030 to 0x7f945cdf7036 1
@0x7f945cdf7040 to 0x7f945cdf7046 1
@0x7f945cdf7050 to 0x7f945cdf7056 1
@0x7f945cdf7090 to 0x7f945cdf7096 1
@0x7f945cdf70b0 to 0x7f945cdf70b6 1
@0x7f945cdf70c0 to 0x7f945cdf70c6 1
@0x7f945cdf70d0 to 0x7f945cdf70d6 1
@0x7f945cdf70e0 to 0x7f945f94c1c0 1
@0x7f945cdf7244 to 0x7f945f935fb0 1
