MODULE_NAME: /usr/bin/gs
MODULE_START: 0x7f75f3ac7000
+B+: 0x7f75f3ac8000 0x7f75f3ac800f
+B+: 0x7f75f3ac8012 0x7f75f3ac8016
+B+: 0x7f75f3ac8020 0x7f75f3ac802b
+B+: 0x7f75f3ac8030 0x7f75f3ac8035
+B+: 0x7f75f3ac8036 0x7f75f3ac803f
+B+: 0x7f75f3ac8040 0x7f75f3ac8045
+B+: 0x7f75f3ac8046 0x7f75f3ac804f
+B+: 0x7f75f3ac8050 0x7f75f3ac8055
+B+: 0x7f75f3ac8056 0x7f75f3ac805f
+B+: 0x7f75f3ac8090 0x7f75f3ac8095
+B+: 0x7f75f3ac8096 0x7f75f3ac809f
+B+: 0x7f75f3ac80b0 0x7f75f3ac80b5
+B+: 0x7f75f3ac80b6 0x7f75f3ac80bf
+B+: 0x7f75f3ac80c0 0x7f75f3ac80c5
+B+: 0x7f75f3ac80c6 0x7f75f3ac80cf
+B+: 0x7f75f3ac80d0 0x7f75f3ac80d5
+B+: 0x7f75f3ac80d6 0x7f75f3ac80df
+B+: 0x7f75f3ac80e0 0x7f75f3ac80e5
+B+: 0x7f75f3ac80f0 0x7f75f3ac8121
+B+: 0x7f75f3ac8122 0x7f75f3ac8127
+B+: 0x7f75f3ac8128 0x7f75f3ac8130
+B+: 0x7f75f3ac8131 0x7f75f3ac8132
+B+: 0x7f75f3ac8133 0x7f75f3ac8137
+B+: 0x7f75f3ac8138 0x7f75f3ac8152
+B+: 0x7f75f3ac8153 0x7f75f3ac815b
+B+: 0x7f75f3ac8184 0x7f75f3ac81a2
+B+: 0x7f75f3ac81a3 0x7f75f3ac81b1
+B+: 0x7f75f3ac81b2 0x7f75f3ac81b7
+B+: 0x7f75f3ac81b8 0x7f75f3ac81c1
+B+: 0x7f75f3ac81c2 0x7f75f3ac81c5
+B+: 0x7f75f3ac81c6 0x7f75f3ac81ca
+B+: 0x7f75f3ac81cb 0x7f75f3ac81d6
+B+: 0x7f75f3ac81d7 0x7f75f3ac81db
+B+: 0x7f75f3ac8220 0x7f75f3ac8249
+B+: 0x7f75f3ac8250 0x7f75f3ac8262
+B+: 0x7f75f3ac8278 0x7f75f3ac8278
+B+: 0x7f75f3ac8280 0x7f75f3ac82a3
+B+: 0x7f75f3ac82b8 0x7f75f3ac82b8
+B+: 0x7f75f3ac82c0 0x7f75f3ac82c8
+B+: 0x7f75f3ac82c9 0x7f75f3ac82d6
+B+: 0x7f75f3ac82d7 0x7f75f3ac82e2
+B+: 0x7f75f3ac82e3 0x7f75f3ac82e7
+B+: 0x7f75f3ac82e8 0x7f75f3ac82f0
+B+: 0x7f75f3ac8300 0x7f75f3ac8304
+B+: 0x7f75f3ac8350 0x7f75f3ac8373
+B+: 0x7f75f3ac8374 0x7f75f3ac837c
+B+: 0x7f75f3ac837d 0x7f75f3ac8385
+B+: 0x7f75f3ac83c0 0x7f75f3ac83ec
+B+: 0x7f75f3ac83ed 0x7f75f3ac83f2
+B+: 0x7f75f3ac83f3 0x7f75f3ac8404
+B+: 0x7f75f3ac8405 0x7f75f3ac840d
+B+: 0x7f75f3ac840e 0x7f75f3ac841c
+B+: 0x7f75f3ac8424 0x7f75f3ac842c
+CND+ 0x7f75f3ac800e: taken
+CND+ 0x7f75f3ac8126: taken
+CND+ 0x7f75f3ac812b: not taken
+CND+ 0x7f75f3ac8131: not taken
+CND+ 0x7f75f3ac8136: not taken
+CND+ 0x7f75f3ac814d: not taken
+CND+ 0x7f75f3ac81b6: not taken
+CND+ 0x7f75f3ac81c4: not taken
+CND+ 0x7f75f3ac81c9: not taken
+CND+ 0x7f75f3ac8261: taken
+CND+ 0x7f75f3ac82a2: taken
+CND+ 0x7f75f3ac82c7: not taken
+CND+ 0x7f75f3ac82d5: not taken
+CND+ 0x7f75f3ac83f1: not taken
+CND+ 0x7f75f3ac840c: not taken
@0x7f75f3ac8026 to 0x7f75f7ab7500 7
@0x7f75f3ac8030 to 0x7f75f3ac8036 1
@0x7f75f3ac8040 to 0x7f75f3ac8046 1
@0x7f75f3ac8050 to 0x7f75f3ac8056 1
@0x7f75f3ac8090 to 0x7f75f3ac8096 1
@0x7f75f3ac80b0 to 0x7f75f3ac80b6 1
@0x7f75f3ac80c0 to 0x7f75f3ac80c6 1
@0x7f75f3ac80d0 to 0x7f75f3ac80d6 1
@0x7f75f3ac80e0 to 0x7f75f661d1c0 1
@0x7f75f3ac8244 to 0x7f75f6606fb0 1
@0x7f75f3ac8401 to 0x7f75f3ac8300 1
