MODULE_NAME: /root/workspace/razor/benchmarks/core-utilities/gv-razor/train-scale/gv
MODULE_START: 0x400000
+B+: 0x404ce0 0x404cef
+B+: 0x404cf2 0x404cf6
+B+: 0x404d00 0x404d0b
+B+: 0x404d40 0x404d45
+B+: 0x404d46 0x404d4f
+B+: 0x404d60 0x404d65
+B+: 0x404d66 0x404d6f
+B+: 0x404df0 0x404df5
+B+: 0x404df6 0x404dff
+B+: 0x404e10 0x404e15
+B+: 0x404e16 0x404e1f
+B+: 0x404e60 0x404e65
+B+: 0x404e66 0x404e6f
+B+: 0x404ec0 0x404ec5
+B+: 0x404ec6 0x404ecf
+B+: 0x404ed0 0x404ed5
+B+: 0x404ed6 0x404edf
+B+: 0x404f00 0x404f05
+B+: 0x404f06 0x404f0f
+B+: 0x404f10 0x404f15
+B+: 0x404f16 0x404f1f
+B+: 0x404f40 0x404f45
+B+: 0x404f46 0x404f4f
+B+: 0x404f90 0x404f95
+B+: 0x404f96 0x404f9f
+B+: 0x404fa0 0x404fa5
+B+: 0x404fa6 0x404faf
+B+: 0x404fc0 0x404fc5
+B+: 0x404fc6 0x404fcf
+B+: 0x404ff0 0x404ff5
+B+: 0x404ff6 0x404fff
+B+: 0x405060 0x405065
+B+: 0x405066 0x40506f
+B+: 0x405090 0x405095
+B+: 0x405096 0x40509f
+B+: 0x4050b0 0x4050b5
+B+: 0x4050b6 0x4050bf
+B+: 0x4050d0 0x4050d5
+B+: 0x4050d6 0x4050df
+B+: 0x405100 0x405105
+B+: 0x405106 0x40510f
+B+: 0x405170 0x405175
+B+: 0x405176 0x40517f
+B+: 0x4051a0 0x4051a5
+B+: 0x4051a6 0x4051af
+B+: 0x4051b0 0x4051b5
+B+: 0x4051b6 0x4051bf
+B+: 0x405240 0x405245
+B+: 0x405246 0x40524f
+B+: 0x405280 0x405285
+B+: 0x405286 0x40528f
+B+: 0x4052a0 0x4052a5
+B+: 0x4052a6 0x4052af
+B+: 0x4052b0 0x4052b5
+B+: 0x4052b6 0x4052bf
+B+: 0x4052d0 0x4052d5
+B+: 0x4052d6 0x4052df
+B+: 0x405320 0x405325
+B+: 0x405326 0x40532f
+B+: 0x405330 0x405335
+B+: 0x405336 0x40533f
+B+: 0x405370 0x405375
+B+: 0x405376 0x40537f
+B+: 0x405380 0x405385
+B+: 0x405386 0x40538f
+B+: 0x405390 0x405395
+B+: 0x405396 0x40539f
+B+: 0x405450 0x405455
+B+: 0x405456 0x40545f
+B+: 0x405460 0x405465
+B+: 0x405466 0x40546f
+B+: 0x405470 0x405475
+B+: 0x405476 0x40547f
+B+: 0x405490 0x405495
+B+: 0x405496 0x40549f
+B+: 0x4054d0 0x4054d5
+B+: 0x4054d6 0x4054df
+B+: 0x4054e0 0x4054e5
+B+: 0x4054e6 0x4054ef
+B+: 0x405520 0x405525
+B+: 0x405526 0x40552f
+B+: 0x405530 0x405535
+B+: 0x405536 0x40553f
+B+: 0x405550 0x405555
+B+: 0x405556 0x40555f
+B+: 0x4055a0 0x4055a5
+B+: 0x4055a6 0x4055af
+B+: 0x4055c0 0x4055c5
+B+: 0x4055c6 0x4055cf
+B+: 0x4055d0 0x4055d5
+B+: 0x4055d6 0x4055df
+B+: 0x405610 0x405615
+B+: 0x405616 0x40561f
+B+: 0x405620 0x405625
+B+: 0x405626 0x40562f
+B+: 0x405630 0x405635
+B+: 0x405636 0x40563f
+B+: 0x405670 0x405675
+B+: 0x405676 0x40567f
+B+: 0x405690 0x405695
+B+: 0x405696 0x40569f
+B+: 0x4056b0 0x4056b5
+B+: 0x4056b6 0x4056bf
+B+: 0x405720 0x405725
+B+: 0x405726 0x40572f
+B+: 0x405740 0x405745
+B+: 0x405746 0x40574f
+B+: 0x405780 0x405785
+B+: 0x405786 0x40578f
+B+: 0x4057b0 0x4057b5
+B+: 0x4057b6 0x4057bf
+B+: 0x4057d0 0x4057d5
+B+: 0x4057d6 0x4057df
+B+: 0x4057e0 0x4057e5
+B+: 0x4057e6 0x4057ef
+B+: 0x405860 0x405865
+B+: 0x405866 0x40586f
+B+: 0x4058b0 0x4058b5
+B+: 0x4058b6 0x4058bf
+B+: 0x4058c0 0x4058c5
+B+: 0x4058c6 0x4058cf
+B+: 0x4058d0 0x4058d5
+B+: 0x4058d6 0x4058df
+B+: 0x405940 0x405945
+B+: 0x405946 0x40594f
+B+: 0x405950 0x405955
+B+: 0x405956 0x40595f
+B+: 0x405980 0x405985
+B+: 0x405986 0x40598f
+B+: 0x4059c0 0x4059c5
+B+: 0x4059c6 0x4059cf
+B+: 0x4059e0 0x4059e5
+B+: 0x4059e6 0x4059ef
+B+: 0x4059f0 0x4059f5
+B+: 0x4059f6 0x4059ff
+B+: 0x405a20 0x405a25
+B+: 0x405a26 0x405a2f
+B+: 0x405a50 0x405a55
+B+: 0x405a56 0x405a5f
+B+: 0x405a90 0x405a95
+B+: 0x405a96 0x405a9f
+B+: 0x405ac0 0x405ac5
+B+: 0x405ac6 0x405acf
+B+: 0x405ae0 0x405ae5
+B+: 0x405ae6 0x405aef
+B+: 0x405af0 0x405af5
+B+: 0x405af6 0x405aff
+B+: 0x405b10 0x405b15
+B+: 0x405b16 0x405b1f
+B+: 0x405b20 0x405b25
+B+: 0x405b26 0x405b2f
+B+: 0x405b30 0x405b35
+B+: 0x405b36 0x405b3f
+B+: 0x405b70 0x405b75
+B+: 0x405b76 0x405b7f
+B+: 0x405bf0 0x405bf5
+B+: 0x405bf6 0x405bff
+B+: 0x405c00 0x405c29
+B+: 0x405c40 0x405c50
+B+: 0x405c68 0x405c69
+B+: 0x405c70 0x405c92
+B+: 0x405ca8 0x405ca9
+B+: 0x405cb0 0x405cb8
+B+: 0x405cb9 0x405cc1
+B+: 0x405cc2 0x405cca
+B+: 0x405ce0 0x405ce6
+B+: 0x405cf0 0x405d17
+B+: 0x405d18 0x405d19
+B+: 0x405d20 0x405d36
+B+: 0x405d44 0x405d4f
+B+: 0x405d50 0x405d5c
+B+: 0x405d5d 0x405d73
+B+: 0x405d78 0x405d9c
+B+: 0x405d9d 0x405dad
+B+: 0x405dae 0x405db9
+B+: 0x405e20 0x405e35
+B+: 0x405e36 0x405e40
+B+: 0x405efd 0x405f00
+B+: 0x405f21 0x405f2c
+B+: 0x4060e0 0x4060ed
+B+: 0x4060ee 0x4060fa
+B+: 0x4060fb 0x406133
+B+: 0x4062c0 0x4062e9
+B+: 0x4062ea 0x4062f3
+B+: 0x4069c0 0x4069dd
+B+: 0x4069de 0x4069ee
+B+: 0x4069ef 0x406a66
+B+: 0x406a67 0x406aa1
+B+: 0x406ab0 0x406abb
+B+: 0x406abc 0x406acd
+B+: 0x406ace 0x406aed
+B+: 0x406aee 0x406aff
+B+: 0x406b00 0x406b01
+B+: 0x406b02 0x406b19
+B+: 0x406b1a 0x406b27
+B+: 0x406b28 0x406b39
+B+: 0x406b40 0x406b41
+B+: 0x406b42 0x406b5f
+B+: 0x406b60 0x406b6f
+B+: 0x406b70 0x406b76
+B+: 0x406b77 0x406b82
+B+: 0x406b83 0x406b87
+B+: 0x406b90 0x406b99
+B+: 0x406b9a 0x406bbb
+B+: 0x406bbc 0x406bc2
+B+: 0x406bc3 0x406bd8
+B+: 0x406bf0 0x406c15
+B+: 0x406c16 0x406c17
+B+: 0x406c18 0x406c33
+B+: 0x406c34 0x406c3e
+B+: 0x406c3f 0x406c59
+B+: 0x406c70 0x406c75
+B+: 0x406c76 0x406c95
+B+: 0x406c96 0x406ca0
+B+: 0x406ca1 0x406cab
+B+: 0x406cac 0x406cc0
+B+: 0x406cd2 0x406ce9
+B+: 0x406cea 0x406d0c
+B+: 0x406d0d 0x406d19
+B+: 0x406d1a 0x406d24
+B+: 0x406d25 0x406d2f
+B+: 0x406d30 0x406d32
+B+: 0x406d33 0x406d3b
+B+: 0x406d3c 0x406d43
+B+: 0x406d44 0x406d63
+B+: 0x406d64 0x406d80
+B+: 0x406d81 0x406d94
+B+: 0x406d95 0x406d9f
+B+: 0x406da0 0x406db0
+B+: 0x406db1 0x406db4
+B+: 0x406db5 0x406dc4
+B+: 0x406dc5 0x406dc6
+B+: 0x406dc7 0x406dce
+B+: 0x406de7 0x406df0
+B+: 0x406df1 0x406e07
+B+: 0x406e08 0x406e12
+B+: 0x406e13 0x406e23
+B+: 0x406e24 0x406e27
+B+: 0x406e28 0x406e37
+B+: 0x406e38 0x406e39
+B+: 0x406e3a 0x406e41
+B+: 0x406e5a 0x406e61
+B+: 0x406e62 0x406e76
+B+: 0x406e77 0x406e8c
+B+: 0x406e8d 0x406e97
+B+: 0x406e98 0x406ea8
+B+: 0x406ea9 0x406eac
+B+: 0x406ead 0x406ebc
+B+: 0x406ebd 0x406ebe
+B+: 0x406ebf 0x406ec6
+B+: 0x406edf 0x406ee8
+B+: 0x406ee9 0x406efe
+B+: 0x406eff 0x406f09
+B+: 0x406f0a 0x406f1a
+B+: 0x406f1b 0x406f1e
+B+: 0x406f1f 0x406f2e
+B+: 0x406f2f 0x406f30
+B+: 0x406f31 0x406f38
+B+: 0x406f53 0x406f75
+B+: 0x406f76 0x406f84
+B+: 0x406f90 0x406fab
+B+: 0x406fac 0x406fbf
+B+: 0x406fc0 0x406fc9
+B+: 0x406fca 0x406fe2
+B+: 0x406fe3 0x406ffc
+B+: 0x406ffd 0x40700b
+B+: 0x40700c 0x407012
+B+: 0x407013 0x407020
+B+: 0x407021 0x407039
+B+: 0x40703a 0x407042
+B+: 0x407043 0x40704d
+B+: 0x407090 0x407097
+B+: 0x407098 0x4070a2
+B+: 0x4070a3 0x4070af
+B+: 0x4070c0 0x4070cb
+B+: 0x4070cc 0x4070d0
+B+: 0x4070e0 0x4070e8
+B+: 0x4070e9 0x4070f7
+B+: 0x407100 0x407102
+B+: 0x407103 0x407107
+B+: 0x407108 0x407110
+B+: 0x407111 0x407118
+B+: 0x407119 0x407124
+B+: 0x407125 0x40713f
+B+: 0x40716a 0x40717d
+B+: 0x40717e 0x407188
+B+: 0x407189 0x407193
+B+: 0x4071b0 0x4071c0
+B+: 0x4071d0 0x40720b
+B+: 0x40720c 0x40721f
+B+: 0x407220 0x407235
+B+: 0x407236 0x40723b
+B+: 0x40723c 0x40724a
+B+: 0x40724b 0x40724d
+B+: 0x40724e 0x407252
+B+: 0x407253 0x407260
+B+: 0x407261 0x40726c
+B+: 0x407270 0x407274
+B+: 0x407275 0x40727d
+B+: 0x40727e 0x40728c
+B+: 0x40728d 0x407296
+B+: 0x407297 0x4072a0
+B+: 0x4072a1 0x4072ea
+B+: 0x4072f0 0x4072ff
+B+: 0x407300 0x407320
+B+: 0x407321 0x407350
+B+: 0x407351 0x40735c
+B+: 0x40735d 0x407363
+B+: 0x407364 0x407370
+B+: 0x407371 0x4073a1
+B+: 0x4073a2 0x4073aa
+B+: 0x4073ab 0x4073ce
+B+: 0x4073cf 0x4073e0
+B+: 0x407413 0x40741f
+B+: 0x407420 0x407466
+B+: 0x407467 0x407470
+B+: 0x407471 0x407474
+B+: 0x407475 0x40747b
+B+: 0x40747c 0x40748a
+B+: 0x40748b 0x4074e9
+B+: 0x4074f0 0x4074f6
+B+: 0x4074f7 0x4074ff
+B+: 0x407500 0x407508
+B+: 0x407509 0x407591
+B+: 0x407592 0x40759c
+B+: 0x40759d 0x4075a5
+B+: 0x4075a6 0x4075b2
+B+: 0x4075b3 0x4075cd
+B+: 0x4075ce 0x4075e3
+B+: 0x4075e4 0x4075f8
+B+: 0x4075f9 0x407607
+B+: 0x407608 0x407659
+B+: 0x40765a 0x40766c
+B+: 0x40766d 0x40767b
+B+: 0x40767c 0x4076cd
+B+: 0x4076ce 0x4076e2
+B+: 0x4076e3 0x4076ef
+B+: 0x4076f0 0x407745
+B+: 0x407746 0x40775e
+B+: 0x40775f 0x40776b
+B+: 0x40776c 0x407793
+B+: 0x407794 0x4077a0
+B+: 0x4077a1 0x4077bb
+B+: 0x4077bc 0x4077c8
+B+: 0x4077c9 0x407838
+B+: 0x407839 0x407845
+B+: 0x407846 0x40788d
+B+: 0x40788e 0x40789b
+B+: 0x40789c 0x4078a4
+B+: 0x4078c8 0x4078cf
+B+: 0x4078d0 0x4078dc
+B+: 0x4078dd 0x40790f
+B+: 0x407910 0x407965
+B+: 0x407966 0x407971
+B+: 0x407972 0x40797e
+B+: 0x407980 0x40798d
+B+: 0x40798e 0x4079a9
+B+: 0x4079c5 0x4079d8
+B+: 0x407bf0 0x407c09
+B+: 0x407c0a 0x407c1b
+B+: 0x407c20 0x407c23
+B+: 0x407c24 0x407c2c
+B+: 0x407c2d 0x407c32
+B+: 0x407c33 0x407c3f
+B+: 0x407c40 0x407c46
+B+: 0x407c47 0x407c52
+B+: 0x407c53 0x407c56
+B+: 0x407c57 0x407c62
+B+: 0x407c63 0x407c6a
+B+: 0x407c6b 0x407c76
+B+: 0x407c90 0x407c9c
+B+: 0x407ca7 0x407cb5
+B+: 0x407cb6 0x407cbf
+B+: 0x407cc0 0x407ccc
+B+: 0x407ccd 0x407ce3
+B+: 0x407ce4 0x407cf8
+B+: 0x407cf9 0x407d02
+B+: 0x407d03 0x407d0c
+B+: 0x407d14 0x407d1d
+B+: 0x407d20 0x407d26
+B+: 0x407d27 0x407d38
+B+: 0x407d39 0x407d3d
+B+: 0x407d3e 0x407d49
+B+: 0x407d4a 0x407d53
+B+: 0x407d54 0x407d64
+B+: 0x407d65 0x407d69
+B+: 0x407d6a 0x407d71
+B+: 0x407d72 0x407d7a
+B+: 0x407d7b 0x407d7f
+B+: 0x407d80 0x407d8c
+B+: 0x407d8d 0x407d9d
+B+: 0x407d9e 0x407dad
+B+: 0x407dae 0x407dbc
+B+: 0x407dbd 0x407dcd
+B+: 0x407ddc 0x407de6
+B+: 0x407de7 0x407df1
+B+: 0x407e0d 0x407e14
+B+: 0x407e15 0x407e25
+B+: 0x407e44 0x407e4d
+B+: 0x407e4e 0x407e61
+B+: 0x407e8d 0x407e96
+B+: 0x407e97 0x407e9d
+B+: 0x407e9e 0x407eab
+B+: 0x407eac 0x407ebc
+B+: 0x407ec8 0x407ed8
+B+: 0x407f2f 0x407f3c
+B+: 0x407f3d 0x407f4a
+B+: 0x407f4b 0x407f5f
+B+: 0x407f60 0x407f74
+B+: 0x407f75 0x407f89
+B+: 0x407f8a 0x407f9e
+B+: 0x407f9f 0x407fac
+B+: 0x407fad 0x407fba
+B+: 0x407fbb 0x407fc5
+B+: 0x407fc6 0x407fcd
+B+: 0x407fce 0x407fcf
+B+: 0x407fd0 0x407fd9
+B+: 0x407fda 0x407fe2
+B+: 0x407fe3 0x407ff6
+B+: 0x408005 0x40800f
+B+: 0x408010 0x40801a
+B+: 0x408034 0x40803a
+B+: 0x40803b 0x40804c
+B+: 0x408071 0x408082
+B+: 0x408083 0x408098
+B+: 0x408099 0x40809d
+B+: 0x40809e 0x4080ac
+B+: 0x4080ad 0x4080ba
+B+: 0x4080e0 0x4080e7
+B+: 0x4080e8 0x40810e
+B+: 0x40810f 0x408110
+B+: 0x408120 0x408152
+B+: 0x408153 0x408181
+B+: 0x408182 0x40819b
+B+: 0x408440 0x408446
+B+: 0x40844e 0x408462
+B+: 0x408463 0x40846f
+B+: 0x408470 0x408477
+B+: 0x408950 0x40895f
+B+: 0x408960 0x408972
+B+: 0x408973 0x4089b6
+B+: 0x40c050 0x40c057
+B+: 0x40c058 0x40c07e
+B+: 0x40c07f 0x40c080
+B+: 0x40c090 0x40c0a7
+B+: 0x40c0a8 0x40c0c3
+B+: 0x40c0c4 0x40c0cc
+B+: 0x40c0cf 0x40c0db
+B+: 0x40c0dc 0x40c0f7
+B+: 0x40c0f8 0x40c103
+B+: 0x40c106 0x40c111
+B+: 0x40c112 0x40c116
+B+: 0x40c117 0x40c11d
+B+: 0x40c125 0x40c153
+B+: 0x40c164 0x40c170
+B+: 0x40c171 0x40c178
+B+: 0x40c390 0x40c3b1
+B+: 0x40c407 0x40c451
+B+: 0x40c473 0x40c480
+B+: 0x40c590 0x40c59f
+B+: 0x40c5a0 0x40c5ab
+B+: 0x40c5ac 0x40c5af
+B+: 0x40c5d0 0x40c5f5
+B+: 0x40c600 0x40c61b
+B+: 0x40c61c 0x40c61f
+B+: 0x40c620 0x40c62c
+B+: 0x40c62d 0x40c634
+B+: 0x40c635 0x40c641
+B+: 0x40c642 0x40c649
+B+: 0x40c6bb 0x40c6c3
+B+: 0x40c6c4 0x40c6c9
+B+: 0x40c6ca 0x40c6d4
+B+: 0x40c6d5 0x40c6dd
+B+: 0x40c6de 0x40c6e3
+B+: 0x40c6e4 0x40c6ee
+B+: 0x40c79a 0x40c7a8
+B+: 0x40cc50 0x40cc77
+B+: 0x40cc78 0x40cc79
+B+: 0x40cc80 0x40cc8d
+B+: 0x40cc8e 0x40cc9e
+B+: 0x40cc9f 0x40ccaf
+B+: 0x40ccb0 0x40ccc0
+B+: 0x40ccc1 0x40ccd1
+B+: 0x40ccd2 0x40ccda
+B+: 0x40cce0 0x40cd22
+B+: 0x40cd23 0x40cd65
+B+: 0x40cd66 0x40cdf0
+B+: 0x40cdf1 0x40ce1f
+B+: 0x40ce20 0x40ce7d
+B+: 0x40ce7e 0x40ce85
+B+: 0x40ce86 0x40ceb3
+B+: 0x40ceb4 0x40cebc
+B+: 0x40d02d 0x40d039
+B+: 0x40d550 0x40d55a
+B+: 0x40d5d3 0x40d5dc
+B+: 0x40f1b0 0x40f1c4
+B+: 0x40f1c5 0x40f1c9
+B+: 0x40f1e5 0x40f226
+B+: 0x40f227 0x40f22a
+B+: 0x40f22b 0x40f255
+B+: 0x40f36a 0x40f395
+B+: 0x40f800 0x40f807
+B+: 0x40f808 0x40f827
+B+: 0x40fa00 0x40fa06
+B+: 0x40fa10 0x40fa41
+B+: 0x40fa42 0x40fa49
+B+: 0x40fa4a 0x40fa54
+B+: 0x40fa55 0x40fa7e
+B+: 0x40fa7f 0x40fab3
+B+: 0x40fab4 0x40fae2
+B+: 0x40fae3 0x40fb01
+B+: 0x40fb02 0x40fb24
+B+: 0x40fb25 0x40fb47
+B+: 0x40fb48 0x40fb72
+B+: 0x40fb73 0x40fb82
+B+: 0x40fba6 0x40fbd0
+B+: 0x40fc30 0x40fc40
+B+: 0x40fc41 0x40fc49
+B+: 0x40fc4a 0x40fc63
+B+: 0x412670 0x412679
+B+: 0x41267a 0x412683
+B+: 0x412684 0x412690
+B+: 0x412d90 0x412d95
+B+: 0x412df7 0x412e10
+B+: 0x412f20 0x412f25
+B+: 0x412f94 0x412fad
+B+: 0x412fb0 0x412fb5
+B+: 0x413024 0x413039
+B+: 0x4142c0 0x4142c8
+B+: 0x4142e3 0x4142eb
+B+: 0x4142ec 0x414321
+B+: 0x414322 0x41433a
+B+: 0x41433b 0x41433f
+B+: 0x415fa0 0x415fb7
+B+: 0x415fb8 0x415fc8
+B+: 0x415fff 0x41600a
+B+: 0x41600b 0x41602a
+B+: 0x41602b 0x41602e
+B+: 0x4162d0 0x4162dd
+B+: 0x4162de 0x4162ea
+B+: 0x4162ef 0x4162f8
+B+: 0x4162f9 0x4162fd
+B+: 0x4162fe 0x416308
+B+: 0x416309 0x416313
+B+: 0x416314 0x416326
+B+: 0x416327 0x416338
+B+: 0x416339 0x41634f
+B+: 0x416350 0x416359
+B+: 0x4163e0 0x4163ec
+B+: 0x4163ed 0x416401
+B+: 0x416402 0x416405
+B+: 0x41643d 0x416447
+B+: 0x416d10 0x416d31
+B+: 0x416d32 0x416d41
+B+: 0x416d42 0x416d4c
+B+: 0x416d4d 0x416d4f
+B+: 0x416d50 0x416d64
+B+: 0x416d65 0x416d69
+B+: 0x416d6a 0x416d76
+B+: 0x416d77 0x416d88
+B+: 0x416d89 0x416d9f
+B+: 0x416da0 0x416dac
+B+: 0x416dad 0x416db4
+B+: 0x416db5 0x416db7
+B+: 0x416db8 0x416dca
+B+: 0x416dcb 0x416de1
+B+: 0x416de2 0x416de6
+B+: 0x416de7 0x416df4
+B+: 0x416df5 0x416dfe
+B+: 0x416dff 0x416e17
+B+: 0x416e18 0x416e1f
+B+: 0x416e20 0x416e2a
+B+: 0x416e2b 0x416e3c
+B+: 0x416e3d 0x416e42
+B+: 0x416e48 0x416e64
+B+: 0x416e65 0x416e79
+B+: 0x416e7a 0x416e83
+B+: 0x416ec6 0x416ed4
+B+: 0x416ed5 0x416eeb
+B+: 0x417680 0x417926
+B+: 0x417927 0x41792f
+B+: 0x417a15 0x417a28
+B+: 0x417a29 0x417a35
+B+: 0x417a36 0x417a3a
+B+: 0x417a3b 0x417a3f
+B+: 0x417a40 0x417a58
+B+: 0x417a59 0x417a62
+B+: 0x417a63 0x417a67
+B+: 0x417a89 0x417a9c
+B+: 0x417a9d 0x417ac1
+B+: 0x417ac2 0x417ad6
+B+: 0x417aee 0x417af2
+B+: 0x417af3 0x417afe
+B+: 0x417aff 0x417b0d
+B+: 0x417b0e 0x417b0f
+B+: 0x417b20 0x417b38
+B+: 0x417b39 0x417b44
+B+: 0x417b45 0x417b4b
+B+: 0x417c9e 0x417cb1
+B+: 0x417cb2 0x417cc4
+B+: 0x417cc5 0x417ce3
+B+: 0x417ce4 0x417ce8
+B+: 0x417ecb 0x417eda
+B+: 0x417edb 0x417ef5
+B+: 0x417ef6 0x417f03
+B+: 0x417f04 0x417f2e
+B+: 0x417f2f 0x417f3c
+B+: 0x417f3d 0x417f56
+B+: 0x417f57 0x417f75
+B+: 0x417f76 0x417fca
+B+: 0x417fcb 0x417fe8
+B+: 0x417fe9 0x418009
+B+: 0x41800a 0x418021
+B+: 0x418022 0x418029
+B+: 0x41802a 0x41803a
+B+: 0x41803b 0x41803e
+B+: 0x41803f 0x418055
+B+: 0x418056 0x41805d
+B+: 0x41805e 0x41808b
+B+: 0x41808c 0x418093
+B+: 0x418094 0x41809b
+B+: 0x41809c 0x4180b5
+B+: 0x4180b6 0x4180c1
+B+: 0x4180c2 0x4180df
+B+: 0x4180e0 0x4180fa
+B+: 0x4180fb 0x418102
+B+: 0x418103 0x418111
+B+: 0x418112 0x418136
+B+: 0x418137 0x418148
+B+: 0x418149 0x418150
+B+: 0x418151 0x41815b
+B+: 0x41815c 0x418168
+B+: 0x418169 0x418177
+B+: 0x418178 0x418195
+B+: 0x418196 0x4181ab
+B+: 0x4181ac 0x4181b3
+B+: 0x4181b4 0x4181c2
+B+: 0x4181c3 0x4181ce
+B+: 0x4181cf 0x418210
+B+: 0x418218 0x418269
+B+: 0x41826a 0x418275
+B+: 0x418276 0x41827d
+B+: 0x41827e 0x418285
+B+: 0x418286 0x418294
+B+: 0x418295 0x418299
+B+: 0x41829c 0x4182a7
+B+: 0x4182a8 0x4182b6
+B+: 0x4182b7 0x4182e1
+B+: 0x4182e2 0x4182ed
+B+: 0x4182ee 0x4182f5
+B+: 0x4182f6 0x4182fd
+B+: 0x4182fe 0x41830c
+B+: 0x41830d 0x418311
+B+: 0x418314 0x41831f
+B+: 0x418320 0x41834b
+B+: 0x41834c 0x418357
+B+: 0x418358 0x41835f
+B+: 0x418360 0x418367
+B+: 0x418368 0x418376
+B+: 0x418377 0x41837b
+B+: 0x41837e 0x418389
+B+: 0x41838a 0x4183b5
+B+: 0x4183b6 0x4183c1
+B+: 0x4183c2 0x4183c9
+B+: 0x4183ca 0x4183d1
+B+: 0x4183d2 0x4183e0
+B+: 0x4183e1 0x4183e5
+B+: 0x4183e8 0x4183f3
+B+: 0x4183f4 0x418430
+B+: 0x418431 0x418437
+B+: 0x418573 0x41857c
+B+: 0x41857d 0x41859a
+B+: 0x41859b 0x4185bf
+B+: 0x4185c0 0x4185d5
+B+: 0x4185d6 0x4185e3
+B+: 0x41863d 0x418652
+B+: 0x418653 0x418658
+B+: 0x41865e 0x41866f
+B+: 0x41867f 0x41869f
+B+: 0x4186a0 0x4186bb
+B+: 0x4186bc 0x4186c5
+B+: 0x4186cc 0x4186d7
+B+: 0x4186e2 0x4186eb
+B+: 0x4186ec 0x41872f
+B+: 0x418730 0x41873e
+B+: 0x4187a1 0x4187b4
+B+: 0x4187b5 0x4187bd
+B+: 0x4187be 0x4187da
+B+: 0x4187db 0x4187e1
+B+: 0x4187e2 0x418808
+B+: 0x418809 0x418834
+B+: 0x418835 0x418842
+B+: 0x418843 0x418869
+B+: 0x41886a 0x41887e
+B+: 0x41887f 0x4188a5
+B+: 0x4188a6 0x4188ba
+B+: 0x4188bb 0x4188e1
+B+: 0x4188e2 0x4188f6
+B+: 0x4188f7 0x41891d
+B+: 0x41891e 0x418932
+B+: 0x418933 0x418959
+B+: 0x41895a 0x41896e
+B+: 0x41896f 0x418995
+B+: 0x418996 0x4189aa
+B+: 0x4189ab 0x4189d1
+B+: 0x4189d2 0x4189dd
+B+: 0x4189ed 0x418a16
+B+: 0x418a17 0x418a23
+B+: 0x418a24 0x418a40
+B+: 0x418a41 0x418a44
+B+: 0x418a54 0x418af2
+B+: 0x418af3 0x418b13
+B+: 0x418b14 0x418b2e
+B+: 0x418b2f 0x418b48
+B+: 0x418b49 0x418b56
+B+: 0x418b57 0x418b73
+B+: 0x418b74 0x418b90
+B+: 0x418b91 0x418bad
+B+: 0x418bae 0x418bca
+B+: 0x418bcb 0x418bda
+B+: 0x418bdb 0x418bea
+B+: 0x418beb 0x418bfa
+B+: 0x418bfb 0x418c14
+B+: 0x418c15 0x418c22
+B+: 0x418c23 0x418c3c
+B+: 0x418c3d 0x418c4a
+B+: 0x418c4b 0x418c7d
+B+: 0x418c7e 0x418cca
+B+: 0x418ccb 0x418d0d
+B+: 0x418d0e 0x418d2c
+B+: 0x418d2d 0x418d51
+B+: 0x418d52 0x418d7a
+B+: 0x418d80 0x418d99
+B+: 0x418d9a 0x418daa
+B+: 0x418dab 0x418db9
+B+: 0x418dba 0x418dc9
+B+: 0x418dca 0x418de8
+B+: 0x418de9 0x418df1
+B+: 0x418df2 0x418e06
+B+: 0x418e07 0x418e0b
+B+: 0x418e0c 0x418e14
+B+: 0x418e15 0x418e20
+B+: 0x418e21 0x418e44
+B+: 0x418e45 0x418e5d
+B+: 0x418e5e 0x418e69
+B+: 0x418e6a 0x418e8d
+B+: 0x418e8e 0x418e96
+B+: 0x418e97 0x418ea2
+B+: 0x418ea3 0x418ec6
+B+: 0x418ec7 0x418ecf
+B+: 0x418ed0 0x418edb
+B+: 0x418edc 0x418eff
+B+: 0x418f00 0x418f0f
+B+: 0x418f10 0x418f2e
+B+: 0x418f2f 0x418f3e
+B+: 0x418f3f 0x418f61
+B+: 0x418f62 0x418f88
+B+: 0x418f89 0x418f98
+B+: 0x418f99 0x418fbb
+B+: 0x418fbc 0x418fe2
+B+: 0x418fe3 0x418ff2
+B+: 0x418ff3 0x41900d
+B+: 0x41900e 0x41903e
+B+: 0x41903f 0x419065
+B+: 0x419066 0x419079
+B+: 0x41907a 0x41909c
+B+: 0x41909d 0x4190d0
+B+: 0x4190d1 0x419118
+B+: 0x419119 0x419142
+B+: 0x419143 0x419176
+B+: 0x419177 0x419197
+B+: 0x419198 0x4191b8
+B+: 0x4191b9 0x4191d3
+B+: 0x4191d4 0x4191f1
+B+: 0x4191f2 0x41920f
+B+: 0x419210 0x41922a
+B+: 0x41922b 0x419262
+B+: 0x419263 0x419296
+B+: 0x419297 0x4192a9
+B+: 0x4192aa 0x4192ba
+B+: 0x4192bb 0x4192d2
+B+: 0x4192d3 0x4192f5
+B+: 0x4192f6 0x41940e
+B+: 0x41940f 0x419430
+B+: 0x419431 0x419449
+B+: 0x41944a 0x419462
+B+: 0x419463 0x41947a
+B+: 0x41947b 0x41948a
+B+: 0x41948b 0x419494
+B+: 0x419495 0x419499
+B+: 0x41949a 0x4194a1
+B+: 0x4194a2 0x4194b5
+B+: 0x4194b6 0x4194c4
+B+: 0x4194e3 0x4194ef
+B+: 0x4194f0 0x4194f3
+B+: 0x4194f4 0x4194fb
+B+: 0x4194fc 0x419504
+B+: 0x419c93 0x419c97
+B+: 0x419c98 0x419caf
+B+: 0x419cb0 0x419cb4
+B+: 0x419cb5 0x419cbe
+B+: 0x419cd0 0x419cee
+B+: 0x419cef 0x419d09
+B+: 0x419d0a 0x419d11
+B+: 0x419d12 0x419d20
+B+: 0x419d21 0x419d41
+B+: 0x419d42 0x419d57
+B+: 0x419d58 0x419d5f
+B+: 0x419d60 0x419d6e
+B+: 0x419d6f 0x419d8f
+B+: 0x419d90 0x419da5
+B+: 0x419da6 0x419dad
+B+: 0x419dae 0x419dbc
+B+: 0x419dbd 0x419ddd
+B+: 0x419dde 0x419df3
+B+: 0x419df4 0x419dfb
+B+: 0x419dfc 0x419e0a
+B+: 0x419e0b 0x419e2b
+B+: 0x419e2c 0x419e41
+B+: 0x419e42 0x419e49
+B+: 0x419e4a 0x419e58
+B+: 0x419e59 0x419e79
+B+: 0x419e7a 0x419e8f
+B+: 0x419e90 0x419e97
+B+: 0x419e98 0x419ea6
+B+: 0x419ea7 0x419ece
+B+: 0x419ecf 0x419ed3
+B+: 0x419edb 0x419efa
+B+: 0x419efb 0x419f07
+B+: 0x419f08 0x419f32
+B+: 0x419f33 0x419f37
+B+: 0x419f38 0x419f44
+B+: 0x419f45 0x419f48
+B+: 0x419f49 0x419f74
+B+: 0x419f75 0x419f79
+B+: 0x419fb5 0x419fd4
+B+: 0x419fd5 0x419fd9
+B+: 0x419fda 0x419fe6
+B+: 0x419fe7 0x419fea
+B+: 0x419feb 0x41a016
+B+: 0x41a017 0x41a01b
+B+: 0x41a057 0x41a077
+B+: 0x41a078 0x41a087
+B+: 0x41a088 0x41a090
+B+: 0x41a091 0x41a09d
+B+: 0x41a09e 0x41a0a1
+B+: 0x41a0a2 0x41a0ae
+B+: 0x41a0af 0x41a0bb
+B+: 0x41a0c1 0x41a0e4
+B+: 0x41a0e5 0x41a0f4
+B+: 0x41a0f5 0x41a0f8
+B+: 0x41a0f9 0x41a105
+B+: 0x41a106 0x41a109
+B+: 0x41a10a 0x41a116
+B+: 0x41a117 0x41a11e
+B+: 0x41a125 0x41a131
+B+: 0x41a190 0x41a19f
+B+: 0x41a1a0 0x41a1d5
+B+: 0x41a1d6 0x41a1de
+B+: 0x41a203 0x41a236
+B+: 0x41a237 0x41a246
+B+: 0x41a296 0x41a29f
+B+: 0x41a2a0 0x41a2a4
+B+: 0x41a2ac 0x41a2be
+B+: 0x41a2bf 0x41a2c2
+B+: 0x41a2c3 0x41a2c6
+B+: 0x41a2c7 0x41a2d7
+B+: 0x41a2d8 0x41a2e9
+B+: 0x41a2fb 0x41a388
+B+: 0x41a390 0x41a3c3
+B+: 0x41a3c4 0x41a3f6
+B+: 0x41a3f7 0x41a40a
+B+: 0x41a40b 0x41a413
+B+: 0x41a420 0x41a43d
+B+: 0x41a43e 0x41a44a
+B+: 0x41a44b 0x41a457
+B+: 0x41a458 0x41a45b
+B+: 0x41a45c 0x41a477
+B+: 0x41a478 0x41a486
+B+: 0x41a487 0x41a49a
+B+: 0x41a49b 0x41a49c
+B+: 0x41a49d 0x41a4a8
+B+: 0x41a4b0 0x41a4d7
+B+: 0x41a4d8 0x41a4ef
+B+: 0x41a4f0 0x41a4fc
+B+: 0x41a4fd 0x41a501
+B+: 0x41a502 0x41a51b
+B+: 0x41a51c 0x41a533
+B+: 0x41a534 0x41a550
+B+: 0x41a551 0x41a55f
+B+: 0x41a560 0x41a57f
+B+: 0x41a580 0x41a5d2
+B+: 0x41a5d3 0x41a5e7
+B+: 0x41a5e8 0x41a5f0
+B+: 0x41a5f1 0x41a5fa
+B+: 0x41a5fb 0x41a601
+B+: 0x41a602 0x41a60c
+B+: 0x41a660 0x41a681
+B+: 0x41a682 0x41a691
+B+: 0x41a692 0x41a69c
+B+: 0x41a69d 0x41a69f
+B+: 0x41a6a0 0x41a6b4
+B+: 0x41a6b5 0x41a6b9
+B+: 0x41a6ba 0x41a6c6
+B+: 0x41a6c7 0x41a6d3
+B+: 0x41a6d4 0x41a6ee
+B+: 0x41a6ef 0x41a721
+B+: 0x41a722 0x41a73f
+B+: 0x41a740 0x41a74c
+B+: 0x41a74d 0x41a754
+B+: 0x41a755 0x41a758
+B+: 0x41a759 0x41a76f
+B+: 0x41a770 0x41a779
+B+: 0x41a77a 0x41a781
+B+: 0x41a790 0x41a7ad
+B+: 0x41a7ae 0x41a7b2
+B+: 0x41a7b3 0x41a7b9
+B+: 0x41a7ba 0x41a7c0
+B+: 0x41a7c1 0x41a7ca
+B+: 0x41a7cb 0x41a7e8
+B+: 0x41a7e9 0x41a7f0
+B+: 0x41a7f1 0x41a7fb
+B+: 0x41a7fc 0x41a831
+B+: 0x41a832 0x41a849
+B+: 0x41a84a 0x41a85d
+B+: 0x41a85e 0x41a862
+B+: 0x41a863 0x41a872
+B+: 0x41a873 0x41a887
+B+: 0x41a900 0x41a90f
+B+: 0x41a910 0x41a91b
+B+: 0x41a91c 0x41a91c
+B+: 0x41ad70 0x41ad93
+B+: 0x41ad94 0x41ad97
+B+: 0x41ad98 0x41ad9f
+B+: 0x41ada0 0x41ada3
+B+: 0x41ada4 0x41adab
+B+: 0x41adac 0x41adb3
+B+: 0x41adb4 0x41adcb
+B+: 0x41adcc 0x41add0
+B+: 0x41adfd 0x41ae01
+B+: 0x41ae30 0x41ae3e
+B+: 0x41ae40 0x41ae68
+B+: 0x41ae69 0x41ae70
+B+: 0x41ae71 0x41ae7e
+B+: 0x41ae7f 0x41ae8b
+B+: 0x41ae8c 0x41ae8f
+B+: 0x41ae90 0x41ae97
+B+: 0x41ae98 0x41ae9b
+B+: 0x41ae9c 0x41aead
+B+: 0x41aeae 0x41aeb5
+B+: 0x41aeb6 0x41aeb9
+B+: 0x41aeba 0x41aecb
+B+: 0x41aecc 0x41aed6
+B+: 0x41aed7 0x41aede
+B+: 0x41aedf 0x41aef2
+B+: 0x41aef3 0x41aefe
+B+: 0x41b02c 0x41b033
+B+: 0x41b034 0x41b043
+B+: 0x41d670 0x41d68e
+B+: 0x41d68f 0x41d69e
+B+: 0x41d69f 0x41d6a8
+B+: 0x41d6a9 0x41d6af
+B+: 0x41d6b0 0x41d6c3
+B+: 0x41d6c4 0x41d6c8
+B+: 0x41d6c9 0x41d6d4
+B+: 0x41d6d5 0x41d6e2
+B+: 0x41d6e3 0x41d6ff
+B+: 0x41d700 0x41d70c
+B+: 0x41d70d 0x41d714
+B+: 0x41d715 0x41d719
+B+: 0x41d71a 0x41d726
+B+: 0x41d727 0x41d738
+B+: 0x41d739 0x41d73d
+B+: 0x41d73e 0x41d74b
+B+: 0x41d750 0x41d75c
+B+: 0x41d75d 0x41d764
+B+: 0x41d765 0x41d768
+B+: 0x41d769 0x41d772
+B+: 0x41d773 0x41d796
+B+: 0x41d7a0 0x41d7a4
+B+: 0x41d7a5 0x41d7b9
+B+: 0x41d7ba 0x41d7c7
+B+: 0x41d7f3 0x41d801
+B+: 0x41d802 0x41d813
+B+: 0x41e560 0x41e57e
+B+: 0x41e57f 0x41e586
+B+: 0x41e587 0x41e594
+B+: 0x41e595 0x41e5a4
+B+: 0x41e5a5 0x41e5a9
+B+: 0x41e5aa 0x41e5bf
+B+: 0x41e5c0 0x41e5cd
+B+: 0x41e5ce 0x41e5cf
+B+: 0x41e5d0 0x41e5df
+B+: 0x41e5e0 0x41e5ef
+B+: 0x41e5f0 0x41e5f7
+B+: 0x41e5f8 0x41e5fc
+B+: 0x41e5fd 0x41e612
+B+: 0x41e620 0x41e628
+B+: 0x41e629 0x41e638
+B+: 0x41e639 0x41e64b
+B+: 0x41e770 0x41e77f
+B+: 0x41e780 0x41e792
+B+: 0x41e793 0x41e797
+B+: 0x41e798 0x41e7a8
+B+: 0x41e7a9 0x41e7b9
+B+: 0x41e7ba 0x41e7c5
+B+: 0x41e7c6 0x41e7ca
+B+: 0x41e7cb 0x41e7d2
+B+: 0x41e7d3 0x41e7e2
+B+: 0x41e806 0x41e817
+B+: 0x4288c0 0x4288e0
+B+: 0x4288e1 0x4288ff
+B+: 0x428900 0x428907
+B+: 0x428908 0x428914
+B+: 0x428915 0x42891e
+B+: 0x42891f 0x42892c
+B+: 0x42892d 0x428947
+B+: 0x428948 0x428979
+B+: 0x42897a 0x428990
+B+: 0x428991 0x42899d
+B+: 0x42899e 0x4289c7
+B+: 0x4289c8 0x4289cf
+B+: 0x4289d0 0x4289d3
+B+: 0x4289d4 0x4289dd
+B+: 0x4289de 0x4289e6
+B+: 0x428a78 0x428a8e
+B+: 0x428a8f 0x428a96
+B+: 0x428a97 0x428aa1
+B+: 0x428aa2 0x428ab2
+B+: 0x428ab3 0x428ab7
+B+: 0x428ac0 0x428ac9
+B+: 0x428aca 0x428ace
+B+: 0x428ad7 0x428ae0
+B+: 0x428ae1 0x428ae5
+B+: 0x428aee 0x428b30
+B+: 0x428b40 0x428b49
+B+: 0x428b4a 0x428b51
+B+: 0x428b52 0x428b55
+B+: 0x428b56 0x428b5a
+B+: 0x428b64 0x428b68
+B+: 0x428b90 0x428bb5
+B+: 0x428bb6 0x428bd6
+B+: 0x428bd7 0x428bf4
+B+: 0x428bf5 0x428bf8
+B+: 0x428c0f 0x428c18
+B+: 0x428c94 0x428cba
+B+: 0x428cbb 0x428cd1
+B+: 0x428cd2 0x428ce4
+B+: 0x428d21 0x428d4e
+B+: 0x428d4f 0x428d5b
+B+: 0x428d5c 0x428d6d
+B+: 0x428d6e 0x428d75
+B+: 0x428d76 0x428dab
+B+: 0x428dac 0x428db3
+B+: 0x428db4 0x428dd8
+B+: 0x428dd9 0x428de0
+B+: 0x428de1 0x428ded
+B+: 0x428dee 0x428df2
+B+: 0x428e29 0x428e56
+B+: 0x428e57 0x428e63
+B+: 0x428e64 0x428e75
+B+: 0x428e76 0x428e7d
+B+: 0x428e7e 0x428eb3
+B+: 0x428eb4 0x428ebb
+B+: 0x428ebc 0x428ee0
+B+: 0x428ee1 0x428ee8
+B+: 0x428ee9 0x428ef5
+B+: 0x428ef6 0x428efa
+B+: 0x428f39 0x428f66
+B+: 0x428f67 0x428f73
+B+: 0x428f74 0x428f85
+B+: 0x428f86 0x428f8d
+B+: 0x428f8e 0x428fc3
+B+: 0x428fc4 0x428fcb
+B+: 0x428fcc 0x428ff0
+B+: 0x428ff1 0x428ff4
+B+: 0x428ff5 0x429001
+B+: 0x429002 0x429006
+B+: 0x429048 0x42906b
+B+: 0x42906c 0x42908a
+B+: 0x42908b 0x4290a2
+B+: 0x4290a3 0x4290a6
+B+: 0x4290a7 0x4290ad
+B+: 0x4290ae 0x4290b4
+B+: 0x4290b8 0x4290e2
+B+: 0x4290e3 0x429101
+B+: 0x429102 0x429119
+B+: 0x42911a 0x42911d
+B+: 0x42911e 0x429124
+B+: 0x429125 0x42912b
+B+: 0x42912f 0x429159
+B+: 0x42915a 0x429178
+B+: 0x429179 0x429190
+B+: 0x429191 0x429194
+B+: 0x429195 0x42919b
+B+: 0x42919c 0x4291a2
+B+: 0x4291a6 0x4291d0
+B+: 0x4291d1 0x4291ef
+B+: 0x4291f0 0x429207
+B+: 0x429208 0x42920b
+B+: 0x42920c 0x429212
+B+: 0x429213 0x429219
+B+: 0x42921d 0x429247
+B+: 0x429248 0x429266
+B+: 0x429267 0x42927e
+B+: 0x42927f 0x429282
+B+: 0x429283 0x429289
+B+: 0x42928a 0x429290
+B+: 0x429294 0x4292be
+B+: 0x4292bf 0x4292dd
+B+: 0x4292de 0x4292f5
+B+: 0x4292f6 0x4292f9
+B+: 0x4292fa 0x429300
+B+: 0x429301 0x429307
+B+: 0x42930b 0x429335
+B+: 0x429336 0x429354
+B+: 0x429355 0x42936c
+B+: 0x42936d 0x429370
+B+: 0x429371 0x429377
+B+: 0x429378 0x42937e
+B+: 0x429382 0x4293ac
+B+: 0x4293ad 0x4293cb
+B+: 0x4293cc 0x4293e3
+B+: 0x4293e4 0x4293e7
+B+: 0x4293e8 0x4293ee
+B+: 0x4293ef 0x4293f5
+B+: 0x4293f9 0x429423
+B+: 0x429424 0x429442
+B+: 0x429443 0x42945a
+B+: 0x42945b 0x42945e
+B+: 0x42945f 0x429465
+B+: 0x429466 0x42946c
+B+: 0x429470 0x42949a
+B+: 0x42949b 0x4294b9
+B+: 0x4294ba 0x4294d1
+B+: 0x4294d2 0x4294d5
+B+: 0x4294d6 0x4294dc
+B+: 0x4294dd 0x4294e3
+B+: 0x4294e7 0x429511
+B+: 0x429512 0x429530
+B+: 0x429531 0x429548
+B+: 0x429549 0x42954c
+B+: 0x42954d 0x429553
+B+: 0x429554 0x42955a
+B+: 0x42955e 0x429588
+B+: 0x429589 0x4295a7
+B+: 0x4295a8 0x4295bf
+B+: 0x4295c0 0x4295c3
+B+: 0x4295c4 0x4295ca
+B+: 0x4295cb 0x4295d1
+B+: 0x4295d5 0x4295ff
+B+: 0x429600 0x42961e
+B+: 0x42961f 0x429636
+B+: 0x429637 0x42963a
+B+: 0x42963b 0x429641
+B+: 0x429642 0x429648
+B+: 0x42964c 0x429676
+B+: 0x429677 0x429695
+B+: 0x429696 0x4296ad
+B+: 0x4296ae 0x4296b1
+B+: 0x4296b2 0x4296b8
+B+: 0x4296b9 0x4296bf
+B+: 0x4296c3 0x4296ed
+B+: 0x4296ee 0x42970c
+B+: 0x42970d 0x429724
+B+: 0x429725 0x429728
+B+: 0x429729 0x42972f
+B+: 0x429730 0x429736
+B+: 0x42973a 0x429764
+B+: 0x429765 0x429783
+B+: 0x429784 0x42979b
+B+: 0x42979c 0x42979f
+B+: 0x4297a0 0x4297a6
+B+: 0x4297a7 0x4297ad
+B+: 0x4297b1 0x4297db
+B+: 0x4297dc 0x4297fa
+B+: 0x4297fb 0x429812
+B+: 0x429813 0x429816
+B+: 0x429817 0x42981d
+B+: 0x42981e 0x429824
+B+: 0x429828 0x429852
+B+: 0x429853 0x429871
+B+: 0x429872 0x429889
+B+: 0x42988a 0x42988d
+B+: 0x42988e 0x429894
+B+: 0x429895 0x42989b
+B+: 0x42989f 0x4298c9
+B+: 0x4298ca 0x4298e8
+B+: 0x4298e9 0x429900
+B+: 0x429901 0x429904
+B+: 0x429905 0x42990b
+B+: 0x42990c 0x429912
+B+: 0x429916 0x429940
+B+: 0x429941 0x42995f
+B+: 0x429960 0x429977
+B+: 0x429978 0x42997b
+B+: 0x42997c 0x429982
+B+: 0x429983 0x429989
+B+: 0x42998d 0x4299b7
+B+: 0x4299b8 0x4299d6
+B+: 0x4299d7 0x4299ee
+B+: 0x4299ef 0x4299f2
+B+: 0x4299f3 0x4299f9
+B+: 0x4299fa 0x429a00
+B+: 0x429a04 0x429a2e
+B+: 0x429a2f 0x429a4d
+B+: 0x429a4e 0x429a65
+B+: 0x429a66 0x429a69
+B+: 0x429a6a 0x429a70
+B+: 0x429a71 0x429a77
+B+: 0x429a7b 0x429aa5
+B+: 0x429aa6 0x429ac4
+B+: 0x429ac5 0x429adc
+B+: 0x429add 0x429ae0
+B+: 0x429ae1 0x429ae7
+B+: 0x429ae8 0x429aee
+B+: 0x429af2 0x429b1c
+B+: 0x429b1d 0x429b3b
+B+: 0x429b3c 0x429b53
+B+: 0x429b54 0x429b57
+B+: 0x429b58 0x429b5e
+B+: 0x429b5f 0x429b65
+B+: 0x429b69 0x429b93
+B+: 0x429b94 0x429bb2
+B+: 0x429bb3 0x429bca
+B+: 0x429bcb 0x429bce
+B+: 0x429bcf 0x429bd5
+B+: 0x429bd6 0x429bdc
+B+: 0x429be0 0x429c0a
+B+: 0x429c0b 0x429c29
+B+: 0x429c2a 0x429c41
+B+: 0x429c42 0x429c45
+B+: 0x429c46 0x429c4c
+B+: 0x429c4d 0x429c53
+B+: 0x429c57 0x429c81
+B+: 0x429c82 0x429ca0
+B+: 0x429ca1 0x429cb8
+B+: 0x429cb9 0x429cbc
+B+: 0x429cbd 0x429cc3
+B+: 0x429cc4 0x429cca
+B+: 0x429cce 0x429cdd
+B+: 0x429d0c 0x429d14
+B+: 0x429d43 0x429d4b
+B+: 0x429d7a 0x429d82
+B+: 0x429db1 0x429db9
+B+: 0x429de8 0x429df0
+B+: 0x429e1f 0x429e27
+B+: 0x429e56 0x429e5e
+B+: 0x429e8d 0x429e95
+B+: 0x429ec4 0x429ecc
+B+: 0x429efb 0x429f03
+B+: 0x429f76 0x429f7e
+B+: 0x429ff9 0x42a001
+B+: 0x42a030 0x42a03e
+B+: 0x42a0e3 0x42a0eb
+B+: 0x42a11a 0x42a122
+B+: 0x42a151 0x42a159
+B+: 0x42a18d 0x42a195
+B+: 0x42a1c9 0x42a1d1
+B+: 0x42a205 0x42a20d
+B+: 0x42a23c 0x42a244
+B+: 0x42a273 0x42a27b
+B+: 0x42a27c 0x42a29e
+B+: 0x42a29f 0x42a2ae
+B+: 0x42a2af 0x42a2b7
+B+: 0x42a2eb 0x42a2f3
+B+: 0x42a327 0x42a32f
+B+: 0x42a35e 0x42a366
+B+: 0x42a395 0x42a39d
+B+: 0x42a3cc 0x42a3d4
+B+: 0x42a403 0x42a40b
+B+: 0x42a43a 0x42a442
+B+: 0x42a471 0x42a479
+B+: 0x42a4a8 0x42a4b0
+B+: 0x42a4df 0x42a4e7
+B+: 0x42a516 0x42a51e
+B+: 0x42a54d 0x42a555
+B+: 0x42a589 0x42a591
+B+: 0x42a5c5 0x42a5cd
+B+: 0x42a601 0x42a624
+B+: 0x42a625 0x42a645
+B+: 0x42a646 0x42a65d
+B+: 0x42a65e 0x42a661
+B+: 0x42a66e 0x42a672
+B+: 0x42a673 0x42a677
+B+: 0x42a75f 0x42a782
+B+: 0x42a783 0x42a7a3
+B+: 0x42a7a4 0x42a7bb
+B+: 0x42a7bc 0x42a7bf
+B+: 0x42a7cc 0x42a7d0
+B+: 0x42a7d1 0x42a7d2
+B+: 0x42a81a 0x42a830
+B+: 0x42a870 0x42a8aa
+B+: 0x42a8ab 0x42a8c4
+B+: 0x42a8c5 0x42a8dc
+B+: 0x42a8dd 0x42a8e0
+B+: 0x42a8e1 0x42a8e7
+B+: 0x42a8e8 0x42a8ee
+B+: 0x42a8f2 0x42a906
+B+: 0x42a910 0x42a91d
+B+: 0x42a91e 0x42a925
+B+: 0x42a926 0x42a932
+B+: 0x42a933 0x42a93a
+B+: 0x42a93b 0x42a947
+B+: 0x42a948 0x42a94f
+B+: 0x42a950 0x42a95c
+B+: 0x42a95d 0x42a960
+B+: 0x42a961 0x42a96d
+B+: 0x42a96e 0x42a971
+B+: 0x42a972 0x42a97e
+B+: 0x42a97f 0x42a982
+B+: 0x42a983 0x42a98f
+B+: 0x42a990 0x42a993
+B+: 0x42a994 0x42a9a0
+B+: 0x42a9a1 0x42a9a4
+B+: 0x42a9a5 0x42a9b1
+B+: 0x42a9b2 0x42a9c2
+B+: 0x42ab00 0x42ab59
+B+: 0x42ab5a 0x42ab78
+B+: 0x42ab79 0x42ab90
+B+: 0x42ab91 0x42ab94
+B+: 0x42ab95 0x42ab9b
+B+: 0x42ab9c 0x42aba5
+B+: 0x42abb6 0x42abcc
+B+: 0x42abcd 0x42abd6
+B+: 0x42abed 0x42abf5
+B+: 0x42ac06 0x42ac13
+B+: 0x42ac14 0x42ac1d
+B+: 0x42ac1e 0x42ac27
+B+: 0x42ac39 0x42ac52
+B+: 0x42ac53 0x42ac64
+B+: 0x42ac65 0x42ac79
+B+: 0x42ace0 0x42ad14
+B+: 0x42ad15 0x42ad21
+B+: 0x42ad22 0x42ad2b
+B+: 0x42ad2c 0x42ad60
+B+: 0x42ad61 0x42ad6d
+B+: 0x42ad6e 0x42ad78
+B+: 0x42ad80 0x42adf2
+B+: 0x42adf3 0x42ae15
+B+: 0x42ae16 0x42ae1a
+B+: 0x42ae1b 0x42ae1f
+B+: 0x42ae20 0x42ae29
+B+: 0x42ae2a 0x42ae34
+B+: 0x42ae35 0x42ae3e
+B+: 0x42ae3f 0x42ae44
+B+: 0x42ae45 0x42ae4d
+B+: 0x42ae4e 0x42ae5a
+B+: 0x42ae5b 0x42ae68
+B+: 0x42af3d 0x42af47
+B+: 0x42b0b0 0x42b0d9
+B+: 0x42b0da 0x42b0e1
+B+: 0x42b0e2 0x42b0ed
+B+: 0x42ba30 0x42ba51
+B+: 0x42ba52 0x42ba61
+B+: 0x42ba62 0x42ba6c
+B+: 0x42ba6d 0x42ba6f
+B+: 0x42ba70 0x42ba84
+B+: 0x42ba85 0x42ba89
+B+: 0x42ba8a 0x42ba96
+B+: 0x42ba97 0x42baa8
+B+: 0x42baa9 0x42bacf
+B+: 0x42bad0 0x42badc
+B+: 0x42badd 0x42bae4
+B+: 0x42bae5 0x42bae8
+B+: 0x42bae9 0x42bb04
+B+: 0x42bb05 0x42bb20
+B+: 0x42bb21 0x42bb25
+B+: 0x42bb26 0x42bb39
+B+: 0x42bb48 0x42bb5c
+B+: 0x42bb62 0x42bb6e
+B+: 0x42bb6f 0x42bb8e
+B+: 0x42bb8f 0x42bb96
+B+: 0x42bb97 0x42bba4
+B+: 0x42bba5 0x42bbb7
+B+: 0x42bbb8 0x42bbb9
+B+: 0x42bbba 0x42bbbf
+B+: 0x42bbc5 0x42bbcf
+B+: 0x42bbd0 0x42bbe1
+B+: 0x42bbe2 0x42bbe5
+B+: 0x42bbe6 0x42bbf2
+B+: 0x42bbf3 0x42bbf6
+B+: 0x42bbf7 0x42bbff
+B+: 0x42bc00 0x42bc0a
+B+: 0x42bc0d 0x42bc13
+B+: 0x42bc14 0x42bc21
+B+: 0x42bc22 0x42bc30
+B+: 0x42bc31 0x42bc32
+B+: 0x42bc33 0x42bc41
+B+: 0x42bc42 0x42bc5b
+B+: 0x42bc5c 0x42bc70
+B+: 0x42bc71 0x42bc79
+B+: 0x42bc7a 0x42bc8e
+B+: 0x42bc8f 0x42bc95
+B+: 0x42bca0 0x42bca3
+B+: 0x42bca4 0x42bcaf
+B+: 0x42bcb0 0x42bcb2
+B+: 0x42bcb3 0x42bcc2
+B+: 0x42bcc3 0x42bcc6
+B+: 0x42bcc7 0x42bcd7
+B+: 0x42bcd8 0x42bcdb
+B+: 0x42bcde 0x42bce8
+B+: 0x42bce9 0x42bcfa
+B+: 0x42bcfb 0x42bcff
+B+: 0x42bd00 0x42bd14
+B+: 0x42bdd0 0x42bdec
+B+: 0x42bded 0x42be08
+B+: 0x42be12 0x42be1a
+B+: 0x42be25 0x42be32
+B+: 0x42be33 0x42be3f
+B+: 0x42be40 0x42be45
+B+: 0x42be46 0x42be53
+B+: 0x42be58 0x42be87
+B+: 0x42be9c 0x42bea6
+B+: 0x42beb3 0x42beb6
+B+: 0x42beb7 0x42bec9
+B+: 0x42beca 0x42bede
+B+: 0x42bedf 0x42beeb
+B+: 0x42bef0 0x42bf2b
+B+: 0x42bf2c 0x42bf30
+B+: 0x42bf59 0x42bf77
+B+: 0x42bf78 0x42bf90
+B+: 0x42bf91 0x42bf95
+B+: 0x42bf96 0x42bfab
+B+: 0x42bfac 0x42bfb4
+B+: 0x42bfef 0x42bffe
+B+: 0x42c00b 0x42c01a
+B+: 0x42c023 0x42c034
+B+: 0x42c035 0x42c048
+B+: 0x42c050 0x42c076
+B+: 0x42c077 0x42c07e
+B+: 0x42c07f 0x42c087
+B+: 0x42c088 0x42c097
+B+: 0x42c098 0x42c0a4
+B+: 0x42c0a5 0x42c0a9
+B+: 0x42c0aa 0x42c0cb
+B+: 0x42c0e3 0x42c0f8
+B+: 0x42c0f9 0x42c100
+B+: 0x42c132 0x42c13d
+B+: 0x42c13e 0x42c142
+B+: 0x42c186 0x42c189
+B+: 0x42c1d6 0x42c1e4
+B+: 0x42c1e5 0x42c1f3
+B+: 0x42c1f4 0x42c1f8
+B+: 0x42c1fc 0x42c202
+B+: 0x42c203 0x42c21f
+B+: 0x42c220 0x42c221
+B+: 0x42c226 0x42c230
+B+: 0x42d220 0x42d227
+B+: 0x42d228 0x42d230
+B+: 0x42d233 0x42d24c
+B+: 0x42d24d 0x42d251
+B+: 0x42dd70 0x42dd79
+B+: 0x42dd7a 0x42dd80
+B+: 0x42dd81 0x42dd99
+B+: 0x42dd9a 0x42dda2
+B+: 0x42ddb0 0x42ddbb
+B+: 0x42ddbc 0x42ddc2
+B+: 0x42ddce 0x42de32
+B+: 0x42de33 0x42de55
+B+: 0x42de56 0x42de72
+B+: 0x4303d0 0x4303f3
+B+: 0x43047f 0x43049b
+B+: 0x4304b6 0x4304bc
+B+: 0x4304d2 0x4304de
+B+: 0x4304df 0x4304f0
+B+: 0x430500 0x430544
+B+: 0x430545 0x430567
+B+: 0x430568 0x430591
+B+: 0x430592 0x4305fb
+B+: 0x43062b 0x430630
+B+: 0x43067a 0x4306eb
+B+: 0x430713 0x43073a
+B+: 0x430757 0x43075c
+B+: 0x43075d 0x430776
+B+: 0x430794 0x43079e
+B+: 0x430ae0 0x430b10
+B+: 0x430b11 0x430b15
+B+: 0x430b16 0x430b2c
+B+: 0x430b2d 0x430b35
+B+: 0x430b36 0x430b44
+B+: 0x430b54 0x430b5c
+CND+ 0x404cee: taken
+CND+ 0x405c4f: taken
+CND+ 0x405c91: taken
+CND+ 0x405cb7: not taken
+CND+ 0x405d35: taken
+CND+ 0x405d4e: not taken
+CND+ 0x405d9b: not taken
+CND+ 0x405dac: not taken
+CND+ 0x405e34: not taken
+CND+ 0x405e3b: taken
+CND+ 0x4069d8: not taken
+CND+ 0x406a61: not taken
+CND+ 0x406ab6: both
+CND+ 0x406aec: both
+CND+ 0x406b00: both
+CND+ 0x406b26: both
+CND+ 0x406b40: both
+CND+ 0x406b6e: both
+CND+ 0x406b75: both
+CND+ 0x406b81: not taken
+CND+ 0x406b98: both
+CND+ 0x406bc1: both
+CND+ 0x406bd7: taken
+CND+ 0x406c14: both
+CND+ 0x406c16: both
+CND+ 0x406c3d: both
+CND+ 0x406c54: taken
+CND+ 0x406c70: both
+CND+ 0x406cbb: taken
+CND+ 0x406d1f: both
+CND+ 0x406d36: both
+CND+ 0x406d42: both
+CND+ 0x406d7f: both
+CND+ 0x406daf: not taken
+CND+ 0x406db3: both
+CND+ 0x406dc3: both
+CND+ 0x406dc5: not taken
+CND+ 0x406def: both
+CND+ 0x406e22: not taken
+CND+ 0x406e26: both
+CND+ 0x406e36: not taken
+CND+ 0x406e38: not taken
+CND+ 0x406e75: both
+CND+ 0x406ea7: not taken
+CND+ 0x406eab: both
+CND+ 0x406ebb: both
+CND+ 0x406ebd: not taken
+CND+ 0x406ee7: both
+CND+ 0x406f19: not taken
+CND+ 0x406f1d: both
+CND+ 0x406f2d: both
+CND+ 0x406f2f: not taken
+CND+ 0x406fa6: not taken
+CND+ 0x40700a: not taken
+CND+ 0x407041: not taken
+CND+ 0x4070aa: taken
+CND+ 0x4070ca: not taken
+CND+ 0x4070e7: not taken
+CND+ 0x407106: both
+CND+ 0x40710f: both
+CND+ 0x407117: both
+CND+ 0x407123: not taken
+CND+ 0x407230: both
+CND+ 0x40723a: both
+CND+ 0x407251: both
+CND+ 0x40725f: not taken
+CND+ 0x40727c: not taken
+CND+ 0x40728b: both
+CND+ 0x407291: not taken
+CND+ 0x40729b: both
+CND+ 0x4072e5: taken
+CND+ 0x4072fa: not taken
+CND+ 0x40731f: both
+CND+ 0x407357: not taken
+CND+ 0x4074fa: both
+CND+ 0x407507: both
+CND+ 0x407964: both
+CND+ 0x407970: both
+CND+ 0x4079a4: taken
+CND+ 0x407c04: not taken
+CND+ 0x407c2b: both
+CND+ 0x407c31: both
+CND+ 0x407c3e: not taken
+CND+ 0x407c4d: both
+CND+ 0x407c55: both
+CND+ 0x407c5d: not taken
+CND+ 0x407c65: not taken
+CND+ 0x407c71: taken
+CND+ 0x407c9b: taken
+CND+ 0x407cb4: not taken
+CND+ 0x407cc7: not taken
+CND+ 0x407ce2: both
+CND+ 0x407cf3: both
+CND+ 0x407cfd: both
+CND+ 0x407d37: both
+CND+ 0x407d3c: not taken
+CND+ 0x407d44: taken
+CND+ 0x407d52: not taken
+CND+ 0x407d63: both
+CND+ 0x407d68: not taken
+CND+ 0x407d70: not taken
+CND+ 0x407d8b: not taken
+CND+ 0x407d9c: both
+CND+ 0x407dac: not taken
+CND+ 0x407df0: taken
+CND+ 0x407e60: taken
+CND+ 0x407ebb: taken
+CND+ 0x407ed3: taken
+CND+ 0x407fcc: not taken
+CND+ 0x407fd4: not taken
+CND+ 0x407fdd: both
+CND+ 0x407ff5: taken
+CND+ 0x408093: not taken
+CND+ 0x40809c: not taken
+CND+ 0x408445: taken
+CND+ 0x40846e: not taken
+CND+ 0x40c0a6: not taken
+CND+ 0x40c0da: not taken
+CND+ 0x40c110: not taken
+CND+ 0x40c115: not taken
+CND+ 0x40c11c: taken
+CND+ 0x40c16f: not taken
+CND+ 0x40c3b0: taken
+CND+ 0x40c450: taken
+CND+ 0x40c5ae: taken
+CND+ 0x40c61e: not taken
+CND+ 0x40c62f: both
+CND+ 0x40c644: taken
+CND+ 0x40c6c2: not taken
+CND+ 0x40c6c8: not taken
+CND+ 0x40c6dc: not taken
+CND+ 0x40c6e2: not taken
+CND+ 0x40cdef: not taken
+CND+ 0x40ce1e: not taken
+CND+ 0x40ce80: not taken
+CND+ 0x40ceb7: taken
+CND+ 0x40d559: taken
+CND+ 0x40f1c3: not taken
+CND+ 0x40f1c8: taken
+CND+ 0x40f225: not taken
+CND+ 0x40f229: not taken
+CND+ 0x40fb81: taken
+CND+ 0x40fc48: not taken
+CND+ 0x412678: not taken
+CND+ 0x412d94: taken
+CND+ 0x412f24: taken
+CND+ 0x412fb4: taken
+CND+ 0x4142c7: taken
+CND+ 0x4142ea: not taken
+CND+ 0x415fc7: taken
+CND+ 0x4162dc: both
+CND+ 0x4162e9: taken
+CND+ 0x4162fc: not taken
+CND+ 0x416325: not taken
+CND+ 0x4163eb: not taken
+CND+ 0x416404: taken
+CND+ 0x416d4b: not taken
+CND+ 0x416d68: both
+CND+ 0x416d83: not taken
+CND+ 0x416db3: both
+CND+ 0x416dc5: not taken
+CND+ 0x416de5: not taken
+CND+ 0x416df3: not taken
+CND+ 0x416e3b: not taken
+CND+ 0x416e63: both
+CND+ 0x416e74: taken
+CND+ 0x416e82: taken
+CND+ 0x41792a: taken
+CND+ 0x417a66: taken
+CND+ 0x417ad5: taken
+CND+ 0x417afd: not taken
+CND+ 0x417b3f: not taken
+CND+ 0x417cbf: not taken
+CND+ 0x417ed5: not taken
+CND+ 0x418024: not taken
+CND+ 0x41803d: not taken
+CND+ 0x4180b0: not taken
+CND+ 0x41820f: taken
+CND+ 0x418274: not taken
+CND+ 0x4182ec: not taken
+CND+ 0x418356: not taken
+CND+ 0x4183c0: not taken
+CND+ 0x41842b: not taken
+CND+ 0x418595: not taken
+CND+ 0x4185d4: both
+CND+ 0x4185e2: taken
+CND+ 0x418651: not taken
+CND+ 0x41866e: taken
+CND+ 0x4186ba: not taken
+CND+ 0x4186c4: taken
+CND+ 0x4186d6: taken
+CND+ 0x418739: taken
+CND+ 0x4187b8: not taken
+CND+ 0x41883d: not taken
+CND+ 0x418879: not taken
+CND+ 0x4188b5: not taken
+CND+ 0x4188f1: not taken
+CND+ 0x41892d: not taken
+CND+ 0x418969: not taken
+CND+ 0x4189a5: not taken
+CND+ 0x418a22: not taken
+CND+ 0x418da9: both
+CND+ 0x418dc8: both
+CND+ 0x418df0: both
+CND+ 0x418e13: not taken
+CND+ 0x418e1f: not taken
+CND+ 0x418e5c: not taken
+CND+ 0x418e68: not taken
+CND+ 0x418e95: not taken
+CND+ 0x418ea1: not taken
+CND+ 0x418ece: not taken
+CND+ 0x418eda: not taken
+CND+ 0x418f3d: not taken
+CND+ 0x418f97: not taken
+CND+ 0x418ff1: not taken
+CND+ 0x419074: not taken
+CND+ 0x4192a8: not taken
+CND+ 0x419489: not taken
+CND+ 0x419493: not taken
+CND+ 0x4194c3: taken
+CND+ 0x4194f2: not taken
+CND+ 0x4194ff: taken
+CND+ 0x419ed2: taken
+CND+ 0x419f36: not taken
+CND+ 0x419f47: not taken
+CND+ 0x419f78: taken
+CND+ 0x419fd8: not taken
+CND+ 0x419fe9: not taken
+CND+ 0x41a01a: taken
+CND+ 0x41a08f: not taken
+CND+ 0x41a0a0: not taken
+CND+ 0x41a0f7: not taken
+CND+ 0x41a108: not taken
+CND+ 0x41a19e: not taken
+CND+ 0x41a1dd: taken
+CND+ 0x41a235: not taken
+CND+ 0x41a29e: not taken
+CND+ 0x41a2a3: taken
+CND+ 0x41a2c1: not taken
+CND+ 0x41a2c5: not taken
+CND+ 0x41a2e8: taken
+CND+ 0x41a405: not taken
+CND+ 0x41a449: both
+CND+ 0x41a45a: both
+CND+ 0x41a485: both
+CND+ 0x41a4fb: both
+CND+ 0x41a516: not taken
+CND+ 0x41a5e6: both
+CND+ 0x41a5eb: both
+CND+ 0x41a5f5: both
+CND+ 0x41a69b: not taken
+CND+ 0x41a6b8: both
+CND+ 0x41a71c: not taken
+CND+ 0x41a753: both
+CND+ 0x41a778: both
+CND+ 0x41a7b1: not taken
+CND+ 0x41a7b8: not taken
+CND+ 0x41a7bf: not taken
+CND+ 0x41a830: both
+CND+ 0x41a844: taken
+CND+ 0x41a85c: not taken
+CND+ 0x41a861: not taken
+CND+ 0x41a91a: both
+CND+ 0x41ad96: not taken
+CND+ 0x41ada2: not taken
+CND+ 0x41adcf: taken
+CND+ 0x41ae8e: not taken
+CND+ 0x41ae9a: not taken
+CND+ 0x41aeb8: not taken
+CND+ 0x41aef9: taken
+CND+ 0x41d6a7: not taken
+CND+ 0x41d6c7: both
+CND+ 0x41d6dd: not taken
+CND+ 0x41d713: both
+CND+ 0x41d725: both
+CND+ 0x41d73c: not taken
+CND+ 0x41d75b: both
+CND+ 0x41d767: both
+CND+ 0x41d7a3: both
+CND+ 0x41d7b4: taken
+CND+ 0x41d7c6: taken
+CND+ 0x41e59f: not taken
+CND+ 0x41e5cc: both
+CND+ 0x41e5de: both
+CND+ 0x41e5f6: both
+CND+ 0x41e5fb: both
+CND+ 0x41e623: not taken
+CND+ 0x41e637: not taken
+CND+ 0x41e646: taken
+CND+ 0x41e791: both
+CND+ 0x41e796: not taken
+CND+ 0x41e7a7: both
+CND+ 0x41e7b4: taken
+CND+ 0x41e7c9: not taken
+CND+ 0x41e7e1: taken
+CND+ 0x428913: both
+CND+ 0x4289d2: not taken
+CND+ 0x4289e1: taken
+CND+ 0x428ab6: taken
+CND+ 0x428acd: taken
+CND+ 0x428ae4: taken
+CND+ 0x428b50: not taken
+CND+ 0x428b54: both
+CND+ 0x428b59: taken
+CND+ 0x428b67: taken
+CND+ 0x428bf7: taken
+CND+ 0x428c17: taken
+CND+ 0x428ce3: taken
+CND+ 0x428d70: not taken
+CND+ 0x428ddb: not taken
+CND+ 0x428df1: taken
+CND+ 0x428e78: not taken
+CND+ 0x428ee3: not taken
+CND+ 0x428ef9: taken
+CND+ 0x428f88: not taken
+CND+ 0x428ff3: not taken
+CND+ 0x429005: taken
+CND+ 0x4290a5: not taken
+CND+ 0x4290ac: not taken
+CND+ 0x42911c: not taken
+CND+ 0x429123: not taken
+CND+ 0x429193: not taken
+CND+ 0x42919a: not taken
+CND+ 0x42920a: not taken
+CND+ 0x429211: not taken
+CND+ 0x429281: not taken
+CND+ 0x429288: not taken
+CND+ 0x4292f8: not taken
+CND+ 0x4292ff: not taken
+CND+ 0x42936f: not taken
+CND+ 0x429376: not taken
+CND+ 0x4293e6: not taken
+CND+ 0x4293ed: not taken
+CND+ 0x42945d: not taken
+CND+ 0x429464: not taken
+CND+ 0x4294d4: not taken
+CND+ 0x4294db: not taken
+CND+ 0x42954b: not taken
+CND+ 0x429552: not taken
+CND+ 0x4295c2: not taken
+CND+ 0x4295c9: not taken
+CND+ 0x429639: not taken
+CND+ 0x429640: not taken
+CND+ 0x4296b0: not taken
+CND+ 0x4296b7: not taken
+CND+ 0x429727: not taken
+CND+ 0x42972e: not taken
+CND+ 0x42979e: not taken
+CND+ 0x4297a5: not taken
+CND+ 0x429815: not taken
+CND+ 0x42981c: not taken
+CND+ 0x42988c: not taken
+CND+ 0x429893: not taken
+CND+ 0x429903: not taken
+CND+ 0x42990a: not taken
+CND+ 0x42997a: not taken
+CND+ 0x429981: not taken
+CND+ 0x4299f1: not taken
+CND+ 0x4299f8: not taken
+CND+ 0x429a68: not taken
+CND+ 0x429a6f: not taken
+CND+ 0x429adf: not taken
+CND+ 0x429ae6: not taken
+CND+ 0x429b56: not taken
+CND+ 0x429b5d: not taken
+CND+ 0x429bcd: not taken
+CND+ 0x429bd4: not taken
+CND+ 0x429c44: not taken
+CND+ 0x429c4b: not taken
+CND+ 0x429cbb: not taken
+CND+ 0x429cc2: not taken
+CND+ 0x429cdc: taken
+CND+ 0x429d13: taken
+CND+ 0x429d4a: taken
+CND+ 0x429d81: taken
+CND+ 0x429db8: taken
+CND+ 0x429def: taken
+CND+ 0x429e26: taken
+CND+ 0x429e5d: taken
+CND+ 0x429e94: taken
+CND+ 0x429ecb: taken
+CND+ 0x429f02: taken
+CND+ 0x429f7d: taken
+CND+ 0x42a000: taken
+CND+ 0x42a039: taken
+CND+ 0x42a0ea: taken
+CND+ 0x42a121: taken
+CND+ 0x42a158: taken
+CND+ 0x42a194: taken
+CND+ 0x42a1d0: taken
+CND+ 0x42a20c: taken
+CND+ 0x42a243: taken
+CND+ 0x42a27a: not taken
+CND+ 0x42a2b6: taken
+CND+ 0x42a2f2: taken
+CND+ 0x42a32e: taken
+CND+ 0x42a365: taken
+CND+ 0x42a39c: taken
+CND+ 0x42a3d3: taken
+CND+ 0x42a40a: taken
+CND+ 0x42a441: taken
+CND+ 0x42a478: taken
+CND+ 0x42a4af: taken
+CND+ 0x42a4e6: taken
+CND+ 0x42a51d: taken
+CND+ 0x42a554: taken
+CND+ 0x42a590: taken
+CND+ 0x42a5cc: taken
+CND+ 0x42a660: taken
+CND+ 0x42a671: not taken
+CND+ 0x42a7be: taken
+CND+ 0x42a7cf: not taken
+CND+ 0x42a8df: both
+CND+ 0x42a8e6: not taken
+CND+ 0x42a920: not taken
+CND+ 0x42a935: not taken
+CND+ 0x42a94a: not taken
+CND+ 0x42a95f: not taken
+CND+ 0x42a970: not taken
+CND+ 0x42a981: not taken
+CND+ 0x42a992: not taken
+CND+ 0x42a9a3: not taken
+CND+ 0x42ab93: not taken
+CND+ 0x42ab9a: not taken
+CND+ 0x42aba4: taken
+CND+ 0x42abd5: taken
+CND+ 0x42abf4: taken
+CND+ 0x42ac12: not taken
+CND+ 0x42ac18: not taken
+CND+ 0x42ac22: taken
+CND+ 0x42ad26: not taken
+CND+ 0x42ad73: taken
+CND+ 0x42ae19: not taken
+CND+ 0x42ae1e: not taken
+CND+ 0x42ae28: not taken
+CND+ 0x42ae2f: not taken
+CND+ 0x42ae3d: not taken
+CND+ 0x42ae3f: not taken
+CND+ 0x42ae4c: not taken
+CND+ 0x42ae55: not taken
+CND+ 0x42ae63: taken
+CND+ 0x42ba6b: not taken
+CND+ 0x42ba88: both
+CND+ 0x42baa3: not taken
+CND+ 0x42bae3: both
+CND+ 0x42bb03: not taken
+CND+ 0x42bb24: not taken
+CND+ 0x42bb38: taken
+CND+ 0x42bb57: taken
+CND+ 0x42bbb6: both
+CND+ 0x42bbb8: not taken
+CND+ 0x42bbce: both
+CND+ 0x42bbe4: both
+CND+ 0x42bbf5: not taken
+CND+ 0x42bc09: taken
+CND+ 0x42bc20: taken
+CND+ 0x42bc2f: both
+CND+ 0x42bc31: not taken
+CND+ 0x42bc56: both
+CND+ 0x42bc6b: not taken
+CND+ 0x42bc74: not taken
+CND+ 0x42bc8d: not taken
+CND+ 0x42bca2: both
+CND+ 0x42bcc1: both
+CND+ 0x42bcc5: both
+CND+ 0x42bcd6: both
+CND+ 0x42bcda: taken
+CND+ 0x42bce7: both
+CND+ 0x42bdeb: both
+CND+ 0x42be07: taken
+CND+ 0x42be15: taken
+CND+ 0x42be31: not taken
+CND+ 0x42be44: both
+CND+ 0x42be52: taken
+CND+ 0x42be86: taken
+CND+ 0x42bea5: taken
+CND+ 0x42beb5: not taken
+CND+ 0x42bec8: both
+CND+ 0x42bf2f: taken
+CND+ 0x42bf94: not taken
+CND+ 0x42bfaf: taken
+CND+ 0x42bffd: taken
+CND+ 0x42c019: taken
+CND+ 0x42c082: not taken
+CND+ 0x42c0a8: not taken
+CND+ 0x42c0ca: taken
+CND+ 0x42c0ff: taken
+CND+ 0x42c141: taken
+CND+ 0x42c188: taken
+CND+ 0x42c1f7: taken
+CND+ 0x42c201: not taken
+CND+ 0x42d226: not taken
+CND+ 0x42dd78: not taken
+CND+ 0x42ddc1: taken
+CND+ 0x42de50: not taken
+CND+ 0x4303ee: taken
+CND+ 0x43049a: taken
+CND+ 0x430543: not taken
+CND+ 0x430566: not taken
+CND+ 0x43058c: not taken
+CND+ 0x4305fa: taken
+CND+ 0x43062f: taken
+CND+ 0x430739: taken
+CND+ 0x43075b: not taken
+CND+ 0x430775: taken
+CND+ 0x430b14: not taken
+CND+ 0x430b34: not taken
@0x40c59a to 0x7f03bb2d7b60 3
@0x4069e8 to 0x4069ef 20
@0x4069e8 to 0x406d0d 7
@0x4069e8 to 0x406cd2 50
@0x4069e8 to 0x406c96 29
@0x40895a to 0x7f03bb2d7b60 2
@0x404d06 to 0x7f03bb39f500 77
@0x404d40 to 0x404d46 1
@0x404d60 to 0x404d66 1
@0x404df0 to 0x404df6 1
@0x404df0 to 0x7f03ba667750 1
@0x404e10 to 0x404e16 1
@0x404e60 to 0x404e66 1
@0x404ec0 to 0x404ec6 1
@0x404ec0 to 0x7f03bb2fc070 9
@0x404ed0 to 0x404ed6 1
@0x418431 to 0x418573 1
@0x404f00 to 0x404f06 1
@0x404f00 to 0x7f03ba6558f0 30
@0x404f10 to 0x404f16 1
@0x404f10 to 0x7f03bb2df740 4
@0x404f40 to 0x404f46 1
@0x404f40 to 0x7f03ba3b9580 1
@0x404f90 to 0x404f96 1
@0x404fa0 to 0x404fa6 1
@0x404fc0 to 0x404fc6 1
@0x404fc0 to 0x7f03ba4315b0 155
@0x404ff0 to 0x404ff6 1
@0x405060 to 0x405066 1
@0x405090 to 0x405096 1
@0x4050b0 to 0x4050b6 1
@0x406fb9 to 0x4070c0 24
@0x406fb9 to 0x406fc0 86
@0x406fb9 to 0x407021 17
@0x406fb9 to 0x406fca 5
@0x406fb9 to 0x407090 2
@0x4050d0 to 0x4050d6 1
@0x405100 to 0x405106 1
@0x40700c to 0x40717e 3
@0x40700c to 0x407013 1
@0x40700c to 0x407189 1
@0x407047 to 0x40716a 17
@0x405170 to 0x405176 1
@0x405170 to 0x7f03bb2d6b80 71
@0x4051a0 to 0x4051a6 1
@0x4051b0 to 0x4051b6 1
@0x405240 to 0x405246 1
@0x405240 to 0x7f03ba434bc0 122
@0x405280 to 0x405286 1
@0x405280 to 0x7f03ba3c2800 9
@0x4052a0 to 0x4052a6 1
@0x4052a0 to 0x7f03bb2eb520 30
@0x4052b0 to 0x4052b6 1
@0x4052b0 to 0x7f03ba309580 7
@0x4052d0 to 0x4052d6 1
@0x4052d0 to 0x7f03ba6557f0 60
@0x405320 to 0x405326 1
@0x405320 to 0x7f03bb334d70 4
@0x405330 to 0x405336 1
@0x405330 to 0x7f03ba3316e0 120
@0x405370 to 0x405376 1
@0x405370 to 0x7f03ba4349f0 1
@0x405380 to 0x405386 1
@0x405390 to 0x405396 1
@0x405390 to 0x7f03ba345b00 98
@0x405450 to 0x405456 1
@0x405460 to 0x405466 1
@0x40735d to 0x407467 8
@0x40735d to 0x40775f 69
@0x40735d to 0x407910 68
@0x40735d to 0x4077bc 7
@0x40735d to 0x4075a6 1
@0x40735d to 0x40759d 7
@0x40735d to 0x407364 4
@0x40735d to 0x407794 24
@0x40735d to 0x407413 31
@0x40735d to 0x40766d 50
@0x40735d to 0x407475 12
@0x40735d to 0x407746 23
@0x40735d to 0x4073ab 56
@0x40735d to 0x4073cf 82
@0x40735d to 0x4076e3 21
@0x40735d to 0x4075f9 29
@0x40735d to 0x407839 27
@0x40735d to 0x407471 28
@0x40735d to 0x4073a2 37
@0x40735d to 0x407592 83
@0x40735d to 0x40747c 20
@0x40735d to 0x40789c 5
@0x40735d to 0x4078d0 17
@0x40735d to 0x4075e4 3
@0x405470 to 0x405476 1
@0x405470 to 0x7f03ba37a6e0 20
@0x405490 to 0x405496 1
@0x4054d0 to 0x4054d6 1
@0x4054d0 to 0x7f03ba378e60 7
@0x4054e0 to 0x4054e6 1
@0x4054e0 to 0x7f03bb2e8180 30
@0x405520 to 0x405526 1
@0x405520 to 0x7f03ba314c20 98
@0x405530 to 0x405536 1
@0x405550 to 0x405556 1
@0x405550 to 0x7f03ba63d8f0 7
@0x4055a0 to 0x4055a6 1
@0x4055c0 to 0x4055c6 1
@0x4055c0 to 0x7f03ba435100 3
@0x4055d0 to 0x4055d6 1
@0x4055d0 to 0x7f03ba4345d0 188
@0x405610 to 0x405616 1
@0x405610 to 0x7f03ba3129e0 1
@0x405620 to 0x405626 1
@0x405620 to 0x7f03bb2d6060 83
@0x405630 to 0x405636 1
@0x405630 to 0x7f03ba312480 10
@0x405670 to 0x405676 1
@0x405690 to 0x405696 1
@0x405690 to 0x7f03bb2df450 23
@0x4056b0 to 0x4056b6 1
@0x405720 to 0x405726 1
@0x405720 to 0x7f03ba430100 73
@0x405740 to 0x405746 1
@0x405780 to 0x405786 1
@0x405780 to 0x7f03badd9120 8
@0x4057b0 to 0x4057b6 1
@0x4057b0 to 0x7f03ba375e70 106
@0x4057d0 to 0x4057d6 1
@0x4057e0 to 0x4057e6 1
@0x405860 to 0x405866 1
@0x4058b0 to 0x4058b6 1
@0x4058b0 to 0x7f03bb3347a0 110
@0x4058c0 to 0x4058c6 1
@0x4058d0 to 0x4058d6 1
@0x405940 to 0x405946 1
@0x405940 to 0x7f03ba667850 503
@0x405950 to 0x405956 1
@0x405950 to 0x7f03bb2d5db0 504
@0x405980 to 0x405986 1
@0x4059c0 to 0x4059c6 1
@0x4059e0 to 0x4059e6 1
@0x4059f0 to 0x4059f6 1
@0x405a20 to 0x405a26 1
@0x405a50 to 0x405a56 1
@0x405a50 to 0x7f03ba6682a0 54
@0x405a90 to 0x405a96 1
@0x405a90 to 0x7f03bb2df530 73
@0x405ac0 to 0x405ac6 1
@0x405ae0 to 0x405ae6 1
@0x405af0 to 0x405af6 1
@0x405af0 to 0x7f03bb2d8c00 3
@0x405b10 to 0x405b16 1
@0x405b20 to 0x405b26 1
@0x405b20 to 0x7f03bb2eb770 2
@0x405b30 to 0x405b36 1
@0x405b30 to 0x7f03bb2e6cb0 56
@0x405b70 to 0x405b76 1
@0x405b70 to 0x7f03ba435100 7
@0x405bf0 to 0x405bf6 1
@0x405c24 to 0x7f03ba2fcfb0 1
@0x407c40 to 0x407c47 151
@0x407c40 to 0x408005 20
@0x407c40 to 0x407fad 7
@0x407c40 to 0x407f2f 7
@0x407c40 to 0x407f4b 23
@0x407c40 to 0x407f3d 7
@0x407c40 to 0x407e9e 24
@0x407c40 to 0x407f8a 1
@0x407c40 to 0x407f60 37
@0x407c40 to 0x407f9f 48
@0x407c40 to 0x407fc6 28
@0x407c40 to 0x407fbb 48
@0x407c40 to 0x408010 20
@0x407c40 to 0x407f75 20
@0x407c40 to 0x407eac 17
@0x407c40 to 0x407e97 3
@0x4060e8 to 0x7f03bb2d7b60 29
@0x40fc3e to 0x7f03badb8cc0 1
@0x430b29 to 0x405ce0 1
@0x417b45 to 0x417c9e 1
@0x417b45 to 0x417ecb 1
