MODULE_NAME: /usr/bin/gs
MODULE_START: 0x7f4975d97000
+B+: 0x7f4975d98000 0x7f4975d9800f
+B+: 0x7f4975d98012 0x7f4975d98016
+B+: 0x7f4975d98020 0x7f4975d9802b
+B+: 0x7f4975d98030 0x7f4975d98035
+B+: 0x7f4975d98036 0x7f4975d9803f
+B+: 0x7f4975d98040 0x7f4975d98045
+B+: 0x7f4975d98046 0x7f4975d9804f
+B+: 0x7f4975d98050 0x7f4975d98055
+B+: 0x7f4975d98056 0x7f4975d9805f
+B+: 0x7f4975d980b0 0x7f4975d980b5
+B+: 0x7f4975d980b6 0x7f4975d980bf
+B+: 0x7f4975d980c0 0x7f4975d980c5
+B+: 0x7f4975d980c6 0x7f4975d980cf
+B+: 0x7f4975d980e0 0x7f4975d980e5
+B+: 0x7f4975d980f0 0x7f4975d98121
+B+: 0x7f4975d98122 0x7f4975d98127
+B+: 0x7f4975d98128 0x7f4975d98130
+B+: 0x7f4975d98131 0x7f4975d98132
+B+: 0x7f4975d98133 0x7f4975d98137
+B+: 0x7f4975d9813d 0x7f4975d98152
+B+: 0x7f4975d98153 0x7f4975d9815b
+B+: 0x7f4975d98178 0x7f4975d98183
+B+: 0x7f4975d98184 0x7f4975d981a2
+B+: 0x7f4975d981a3 0x7f4975d981b1
+B+: 0x7f4975d981b2 0x7f4975d981b7
+B+: 0x7f4975d981b8 0x7f4975d981c1
+B+: 0x7f4975d981c2 0x7f4975d981c5
+B+: 0x7f4975d981c6 0x7f4975d981ca
+B+: 0x7f4975d981cb 0x7f4975d981d6
+B+: 0x7f4975d981d7 0x7f4975d981db
+B+: 0x7f4975d981dc 0x7f4975d981e0
+B+: 0x7f4975d98213 0x7f4975d98216
+B+: 0x7f4975d98220 0x7f4975d98249
+B+: 0x7f4975d98250 0x7f4975d98262
+B+: 0x7f4975d98278 0x7f4975d98278
+B+: 0x7f4975d98280 0x7f4975d982a3
+B+: 0x7f4975d982b8 0x7f4975d982b8
+B+: 0x7f4975d982c0 0x7f4975d982c8
+B+: 0x7f4975d982c9 0x7f4975d982d6
+B+: 0x7f4975d982d7 0x7f4975d982e2
+B+: 0x7f4975d982e3 0x7f4975d982e7
+B+: 0x7f4975d982e8 0x7f4975d982f0
+B+: 0x7f4975d98300 0x7f4975d98304
+B+: 0x7f4975d983c0 0x7f4975d983ec
+B+: 0x7f4975d983ed 0x7f4975d983f2
+B+: 0x7f4975d983f3 0x7f4975d98404
+B+: 0x7f4975d98405 0x7f4975d9840d
+B+: 0x7f4975d9840e 0x7f4975d9841c
+B+: 0x7f4975d98424 0x7f4975d9842c
+CND+ 0x7f4975d9800e: taken
+CND+ 0x7f4975d98126: taken
+CND+ 0x7f4975d9812b: not taken
+CND+ 0x7f4975d98131: not taken
+CND+ 0x7f4975d98136: taken
+CND+ 0x7f4975d9814d: not taken
+CND+ 0x7f4975d981b6: not taken
+CND+ 0x7f4975d981c4: not taken
+CND+ 0x7f4975d981c9: taken
+CND+ 0x7f4975d981df: taken
+CND+ 0x7f4975d98261: taken
+CND+ 0x7f4975d982a2: taken
+CND+ 0x7f4975d982c7: not taken
+CND+ 0x7f4975d982d5: not taken
+CND+ 0x7f4975d983f1: not taken
+CND+ 0x7f4975d9840c: not taken
@0x7f4975d98026 to 0x7f4979d87500 5
@0x7f4975d98030 to 0x7f4975d98036 1
@0x7f4975d98040 to 0x7f4975d98046 1
@0x7f4975d98050 to 0x7f4975d98056 1
@0x7f4975d980b0 to 0x7f4975d980b6 1
@0x7f4975d980c0 to 0x7f4975d980c6 1
@0x7f4975d980e0 to 0x7f49788ed1c0 1
@0x7f4975d98244 to 0x7f49788d6fb0 1
@0x7f4975d98401 to 0x7f4975d98300 1
