MODULE_NAME: /usr/bin/gs
MODULE_START: 0x7f5694327000
+B+: 0x7f5694328000 0x7f569432800f
+B+: 0x7f5694328012 0x7f5694328016
+B+: 0x7f5694328020 0x7f569432802b
+B+: 0x7f5694328030 0x7f5694328035
+B+: 0x7f5694328036 0x7f569432803f
+B+: 0x7f5694328040 0x7f5694328045
+B+: 0x7f5694328046 0x7f569432804f
+B+: 0x7f5694328050 0x7f5694328055
+B+: 0x7f5694328056 0x7f569432805f
+B+: 0x7f5694328090 0x7f5694328095
+B+: 0x7f5694328096 0x7f569432809f
+B+: 0x7f56943280b0 0x7f56943280b5
+B+: 0x7f56943280b6 0x7f56943280bf
+B+: 0x7f56943280c0 0x7f56943280c5
+B+: 0x7f56943280c6 0x7f56943280cf
+B+: 0x7f56943280d0 0x7f56943280d5
+B+: 0x7f56943280d6 0x7f56943280df
+B+: 0x7f56943280e0 0x7f56943280e5
+B+: 0x7f56943280f0 0x7f5694328121
+B+: 0x7f5694328122 0x7f5694328127
+B+: 0x7f5694328128 0x7f5694328130
+B+: 0x7f5694328131 0x7f5694328132
+B+: 0x7f5694328133 0x7f5694328137
+B+: 0x7f5694328138 0x7f5694328152
+B+: 0x7f5694328153 0x7f569432815b
+B+: 0x7f5694328184 0x7f56943281a2
+B+: 0x7f56943281a3 0x7f56943281b1
+B+: 0x7f56943281b2 0x7f56943281b7
+B+: 0x7f56943281b8 0x7f56943281c1
+B+: 0x7f56943281c2 0x7f56943281c5
+B+: 0x7f56943281c6 0x7f56943281ca
+B+: 0x7f56943281cb 0x7f56943281d6
+B+: 0x7f56943281d7 0x7f56943281db
+B+: 0x7f5694328220 0x7f5694328249
+B+: 0x7f5694328250 0x7f5694328262
+B+: 0x7f5694328278 0x7f5694328278
+B+: 0x7f5694328280 0x7f56943282a3
+B+: 0x7f56943282b8 0x7f56943282b8
+B+: 0x7f56943282c0 0x7f56943282c8
+B+: 0x7f56943282c9 0x7f56943282d6
+B+: 0x7f56943282d7 0x7f56943282e2
+B+: 0x7f56943282e3 0x7f56943282e7
+B+: 0x7f56943282e8 0x7f56943282f0
+B+: 0x7f5694328300 0x7f5694328304
+B+: 0x7f5694328350 0x7f5694328373
+B+: 0x7f5694328374 0x7f569432837c
+B+: 0x7f569432837d 0x7f5694328385
+B+: 0x7f56943283c0 0x7f56943283ec
+B+: 0x7f56943283ed 0x7f56943283f2
+B+: 0x7f56943283f3 0x7f5694328404
+B+: 0x7f5694328405 0x7f569432840d
+B+: 0x7f569432840e 0x7f569432841c
+B+: 0x7f5694328424 0x7f569432842c
+CND+ 0x7f569432800e: taken
+CND+ 0x7f5694328126: taken
+CND+ 0x7f569432812b: not taken
+CND+ 0x7f5694328131: not taken
+CND+ 0x7f5694328136: not taken
+CND+ 0x7f569432814d: not taken
+CND+ 0x7f56943281b6: not taken
+CND+ 0x7f56943281c4: not taken
+CND+ 0x7f56943281c9: not taken
+CND+ 0x7f5694328261: taken
+CND+ 0x7f56943282a2: taken
+CND+ 0x7f56943282c7: not taken
+CND+ 0x7f56943282d5: not taken
+CND+ 0x7f56943283f1: not taken
+CND+ 0x7f569432840c: not taken
@0x7f5694328244 to 0x7f5696e66fb0 1
@0x7f5694328401 to 0x7f5694328300 1
@0x7f5694328026 to 0x7f5698317500 7
@0x7f5694328030 to 0x7f5694328036 1
@0x7f5694328040 to 0x7f5694328046 1
@0x7f5694328050 to 0x7f5694328056 1
@0x7f5694328090 to 0x7f5694328096 1
@0x7f56943280b0 to 0x7f56943280b6 1
@0x7f56943280c0 to 0x7f56943280c6 1
@0x7f56943280d0 to 0x7f56943280d6 1
@0x7f56943280e0 to 0x7f5696e7d1c0 1
