MODULE_NAME: /bin/dash
MODULE_START: 0x7fbf85b00000
+B+: 0x7fbf85b04000 0x7fbf85b0400f
+B+: 0x7fbf85b04012 0x7fbf85b04016
+B+: 0x7fbf85b04050 0x7fbf85b04055
+B+: 0x7fbf85b04080 0x7fbf85b04085
+B+: 0x7fbf85b04090 0x7fbf85b04095
+B+: 0x7fbf85b040a0 0x7fbf85b040a5
+B+: 0x7fbf85b040d0 0x7fbf85b040d5
+B+: 0x7fbf85b040f0 0x7fbf85b040f5
+B+: 0x7fbf85b04130 0x7fbf85b04135
+B+: 0x7fbf85b04140 0x7fbf85b04145
+B+: 0x7fbf85b04150 0x7fbf85b04155
+B+: 0x7fbf85b04160 0x7fbf85b04165
+B+: 0x7fbf85b04190 0x7fbf85b04195
+B+: 0x7fbf85b041c0 0x7fbf85b041c5
+B+: 0x7fbf85b041e0 0x7fbf85b041e5
+B+: 0x7fbf85b04220 0x7fbf85b04225
+B+: 0x7fbf85b04230 0x7fbf85b04235
+B+: 0x7fbf85b04280 0x7fbf85b04285
+B+: 0x7fbf85b042a0 0x7fbf85b042a5
+B+: 0x7fbf85b042d0 0x7fbf85b042d5
+B+: 0x7fbf85b04320 0x7fbf85b04325
+B+: 0x7fbf85b04330 0x7fbf85b04335
+B+: 0x7fbf85b04350 0x7fbf85b04355
+B+: 0x7fbf85b04370 0x7fbf85b04375
+B+: 0x7fbf85b04390 0x7fbf85b04395
+B+: 0x7fbf85b043b0 0x7fbf85b043b5
+B+: 0x7fbf85b043c0 0x7fbf85b043c5
+B+: 0x7fbf85b043e0 0x7fbf85b043e5
+B+: 0x7fbf85b04410 0x7fbf85b04415
+B+: 0x7fbf85b04460 0x7fbf85b04465
+B+: 0x7fbf85b04510 0x7fbf85b04515
+B+: 0x7fbf85b04560 0x7fbf85b04565
+B+: 0x7fbf85b04570 0x7fbf85b04575
+B+: 0x7fbf85b04590 0x7fbf85b045b8
+B+: 0x7fbf85b045b9 0x7fbf85b045c4
+B+: 0x7fbf85b045c5 0x7fbf85b045cf
+B+: 0x7fbf85b045d0 0x7fbf85b045e7
+B+: 0x7fbf85b045e8 0x7fbf85b045ef
+B+: 0x7fbf85b045f0 0x7fbf85b04600
+B+: 0x7fbf85b04601 0x7fbf85b0460b
+B+: 0x7fbf85b0460c 0x7fbf85b04615
+B+: 0x7fbf85b04616 0x7fbf85b04623
+B+: 0x7fbf85b04624 0x7fbf85b0462b
+B+: 0x7fbf85b0462c 0x7fbf85b0463c
+B+: 0x7fbf85b04657 0x7fbf85b04660
+B+: 0x7fbf85b04661 0x7fbf85b04678
+B+: 0x7fbf85b04679 0x7fbf85b0467f
+B+: 0x7fbf85b04680 0x7fbf85b0468c
+B+: 0x7fbf85b0468d 0x7fbf85b04696
+B+: 0x7fbf85b04697 0x7fbf85b0469b
+B+: 0x7fbf85b04760 0x7fbf85b04789
+B+: 0x7fbf85b047c0 0x7fbf85b047e3
+B+: 0x7fbf85b047f8 0x7fbf85b047f8
+B+: 0x7fbf85b04840 0x7fbf85b04844
+B+: 0x7fbf85b04850 0x7fbf85b04863
+B+: 0x7fbf85b04864 0x7fbf85b0486f
+B+: 0x7fbf85b04870 0x7fbf85b0487d
+B+: 0x7fbf85b0487e 0x7fbf85b048aa
+B+: 0x7fbf85b048ab 0x7fbf85b048ac
+B+: 0x7fbf85b048cb 0x7fbf85b048d2
+B+: 0x7fbf85b04a50 0x7fbf85b04a57
+B+: 0x7fbf85b04a58 0x7fbf85b04a5e
+B+: 0x7fbf85b04a5f 0x7fbf85b04a63
+B+: 0x7fbf85b04a71 0x7fbf85b04a72
+B+: 0x7fbf85b056d0 0x7fbf85b056eb
+B+: 0x7fbf85b056ec 0x7fbf85b05705
+B+: 0x7fbf85b05717 0x7fbf85b0571b
+B+: 0x7fbf85b0571c 0x7fbf85b05720
+B+: 0x7fbf85b0572c 0x7fbf85b05730
+B+: 0x7fbf85b0573e 0x7fbf85b0574d
+B+: 0x7fbf85b0574e 0x7fbf85b05757
+B+: 0x7fbf85b05758 0x7fbf85b05775
+B+: 0x7fbf85b05780 0x7fbf85b05788
+B+: 0x7fbf85b05789 0x7fbf85b05790
+B+: 0x7fbf85b05791 0x7fbf85b0579c
+B+: 0x7fbf85b06060 0x7fbf85b0607e
+B+: 0x7fbf85b0610d 0x7fbf85b0611c
+B+: 0x7fbf85b0611d 0x7fbf85b06123
+B+: 0x7fbf85b06140 0x7fbf85b0614a
+B+: 0x7fbf85b0614b 0x7fbf85b06152
+B+: 0x7fbf85b06153 0x7fbf85b0615d
+B+: 0x7fbf85b0615e 0x7fbf85b0616f
+B+: 0x7fbf85b06188 0x7fbf85b0618c
+B+: 0x7fbf85b0618d 0x7fbf85b06191
+B+: 0x7fbf85b06192 0x7fbf85b0619c
+B+: 0x7fbf85b061a7 0x7fbf85b061ad
+B+: 0x7fbf85b061ae 0x7fbf85b061b5
+B+: 0x7fbf85b061c0 0x7fbf85b061cf
+B+: 0x7fbf85b06bc0 0x7fbf85b06bfa
+B+: 0x7fbf85b06bfb 0x7fbf85b06c07
+B+: 0x7fbf85b06c08 0x7fbf85b06c0f
+B+: 0x7fbf85b06c10 0x7fbf85b06c11
+B+: 0x7fbf85b06c18 0x7fbf85b06c21
+B+: 0x7fbf85b06c22 0x7fbf85b06c2e
+B+: 0x7fbf85b06c32 0x7fbf85b06c39
+B+: 0x7fbf85b06c3a 0x7fbf85b06c49
+B+: 0x7fbf85b06c4a 0x7fbf85b06c51
+B+: 0x7fbf85b06c52 0x7fbf85b06c58
+B+: 0x7fbf85b06c59 0x7fbf85b06c60
+B+: 0x7fbf85b06c61 0x7fbf85b06c68
+B+: 0x7fbf85b06c69 0x7fbf85b06c6d
+B+: 0x7fbf85b06c6e 0x7fbf85b06c77
+B+: 0x7fbf85b06c78 0x7fbf85b06c89
+B+: 0x7fbf85b06c8a 0x7fbf85b06c98
+B+: 0x7fbf85b06e90 0x7fbf85b06ed3
+B+: 0x7fbf85b06edf 0x7fbf85b06ef5
+B+: 0x7fbf85b06ef6 0x7fbf85b06efa
+B+: 0x7fbf85b06efb 0x7fbf85b06f5a
+B+: 0x7fbf85b06f5b 0x7fbf85b06f67
+B+: 0x7fbf85b06f68 0x7fbf85b06f77
+B+: 0x7fbf85b06f78 0x7fbf85b06f7f
+B+: 0x7fbf85b06f80 0x7fbf85b06f8b
+B+: 0x7fbf85b06f8c 0x7fbf85b06f94
+B+: 0x7fbf85b06f95 0x7fbf85b06f9b
+B+: 0x7fbf85b06fa0 0x7fbf85b06faf
+B+: 0x7fbf85b06fb0 0x7fbf85b06fc5
+B+: 0x7fbf85b06fc6 0x7fbf85b06fcf
+B+: 0x7fbf85b06fd0 0x7fbf85b06fe3
+B+: 0x7fbf85b06fe4 0x7fbf85b06ffc
+B+: 0x7fbf85b07019 0x7fbf85b0702b
+B+: 0x7fbf85b0702c 0x7fbf85b07034
+B+: 0x7fbf85b07035 0x7fbf85b07047
+B+: 0x7fbf85b07048 0x7fbf85b0705b
+B+: 0x7fbf85b070a8 0x7fbf85b070b4
+B+: 0x7fbf85b070b5 0x7fbf85b070b9
+B+: 0x7fbf85b070db 0x7fbf85b070e1
+B+: 0x7fbf85b070f0 0x7fbf85b07103
+B+: 0x7fbf85b07104 0x7fbf85b07113
+B+: 0x7fbf85b07114 0x7fbf85b0711b
+B+: 0x7fbf85b0711c 0x7fbf85b07122
+B+: 0x7fbf85b07123 0x7fbf85b07152
+B+: 0x7fbf85b07153 0x7fbf85b0715f
+B+: 0x7fbf85b07160 0x7fbf85b07168
+B+: 0x7fbf85b07216 0x7fbf85b0721c
+B+: 0x7fbf85b07224 0x7fbf85b0722d
+B+: 0x7fbf85b0722e 0x7fbf85b07237
+B+: 0x7fbf85b07238 0x7fbf85b07241
+B+: 0x7fbf85b07242 0x7fbf85b0724b
+B+: 0x7fbf85b0725d 0x7fbf85b07266
+B+: 0x7fbf85b07267 0x7fbf85b07281
+B+: 0x7fbf85b07282 0x7fbf85b07293
+B+: 0x7fbf85b0734c 0x7fbf85b07353
+B+: 0x7fbf85b07354 0x7fbf85b0736f
+B+: 0x7fbf85b0751b 0x7fbf85b07525
+B+: 0x7fbf85b07526 0x7fbf85b0752e
+B+: 0x7fbf85b0752f 0x7fbf85b07537
+B+: 0x7fbf85b078d0 0x7fbf85b078ec
+B+: 0x7fbf85b078ed 0x7fbf85b078f1
+B+: 0x7fbf85b078f8 0x7fbf85b078fa
+B+: 0x7fbf85b078fb 0x7fbf85b07907
+B+: 0x7fbf85b07908 0x7fbf85b0793e
+B+: 0x7fbf85b0793f 0x7fbf85b07940
+B+: 0x7fbf85b07963 0x7fbf85b07977
+B+: 0x7fbf85b07980 0x7fbf85b07986
+B+: 0x7fbf85b07987 0x7fbf85b0798e
+B+: 0x7fbf85b0798f 0x7fbf85b07997
+B+: 0x7fbf85b07998 0x7fbf85b079ba
+B+: 0x7fbf85b079bb 0x7fbf85b079bc
+B+: 0x7fbf85b079c0 0x7fbf85b079e7
+B+: 0x7fbf85b079e8 0x7fbf85b079f7
+B+: 0x7fbf85b07a19 0x7fbf85b07a21
+B+: 0x7fbf85b07a22 0x7fbf85b07a2a
+B+: 0x7fbf85b07a2b 0x7fbf85b07a34
+B+: 0x7fbf85b07a35 0x7fbf85b07a3f
+B+: 0x7fbf85b07ad0 0x7fbf85b07ae9
+B+: 0x7fbf85b07aea 0x7fbf85b07b00
+B+: 0x7fbf85b07b10 0x7fbf85b07b1f
+B+: 0x7fbf85b07b20 0x7fbf85b07b2b
+B+: 0x7fbf85b07b2c 0x7fbf85b07b31
+B+: 0x7fbf85b07b32 0x7fbf85b07b41
+B+: 0x7fbf85b07b56 0x7fbf85b07b61
+B+: 0x7fbf85b07b62 0x7fbf85b07b6f
+B+: 0x7fbf85b07b70 0x7fbf85b07b85
+B+: 0x7fbf85b07b86 0x7fbf85b07b97
+B+: 0x7fbf85b07b98 0x7fbf85b07bc0
+B+: 0x7fbf85b07bc8 0x7fbf85b07bcc
+B+: 0x7fbf85b07bcd 0x7fbf85b07bea
+B+: 0x7fbf85b07d70 0x7fbf85b07d98
+B+: 0x7fbf85b07da0 0x7fbf85b07da1
+B+: 0x7fbf85b07da2 0x7fbf85b07daa
+B+: 0x7fbf85b07dab 0x7fbf85b07dc5
+B+: 0x7fbf85b07dc6 0x7fbf85b07dc9
+B+: 0x7fbf85b07dca 0x7fbf85b07dd1
+B+: 0x7fbf85b07dd2 0x7fbf85b07de6
+B+: 0x7fbf85b07df0 0x7fbf85b07e2a
+B+: 0x7fbf85b07e2b 0x7fbf85b07e2f
+B+: 0x7fbf85b07e46 0x7fbf85b07e5c
+B+: 0x7fbf85b07e5d 0x7fbf85b07e6e
+B+: 0x7fbf85b07e90 0x7fbf85b07ead
+B+: 0x7fbf85b07ec8 0x7fbf85b07ed1
+B+: 0x7fbf85b07ed2 0x7fbf85b07edd
+B+: 0x7fbf85b07f6c 0x7fbf85b07f8f
+B+: 0x7fbf85b07f90 0x7fbf85b07f9c
+B+: 0x7fbf85b07f9d 0x7fbf85b07fa8
+B+: 0x7fbf85b07fa9 0x7fbf85b07fb0
+B+: 0x7fbf85b07fb1 0x7fbf85b07fc5
+B+: 0x7fbf85b08008 0x7fbf85b08012
+B+: 0x7fbf85b08013 0x7fbf85b0801e
+B+: 0x7fbf85b0801f 0x7fbf85b0802e
+B+: 0x7fbf85b08060 0x7fbf85b08066
+B+: 0x7fbf85b08067 0x7fbf85b08074
+B+: 0x7fbf85b08075 0x7fbf85b08086
+B+: 0x7fbf85b08087 0x7fbf85b0808e
+B+: 0x7fbf85b0808f 0x7fbf85b080a2
+B+: 0x7fbf85b080a3 0x7fbf85b080b0
+B+: 0x7fbf85b08100 0x7fbf85b08116
+B+: 0x7fbf85b08145 0x7fbf85b0814d
+B+: 0x7fbf85b0814e 0x7fbf85b08157
+B+: 0x7fbf85b08160 0x7fbf85b08166
+B+: 0x7fbf85b081c0 0x7fbf85b081d1
+B+: 0x7fbf85b081e8 0x7fbf85b081ef
+B+: 0x7fbf85b08248 0x7fbf85b0825b
+B+: 0x7fbf85b0825c 0x7fbf85b08271
+B+: 0x7fbf85b087d0 0x7fbf85b087ff
+B+: 0x7fbf85b0880f 0x7fbf85b08812
+B+: 0x7fbf85b08813 0x7fbf85b0881c
+B+: 0x7fbf85b0881d 0x7fbf85b08820
+B+: 0x7fbf85b08821 0x7fbf85b0882f
+B+: 0x7fbf85b08830 0x7fbf85b0883a
+B+: 0x7fbf85b0884f 0x7fbf85b0885a
+B+: 0x7fbf85b0885f 0x7fbf85b08862
+B+: 0x7fbf85b08870 0x7fbf85b08877
+B+: 0x7fbf85b08878 0x7fbf85b0888d
+B+: 0x7fbf85b09440 0x7fbf85b09464
+B+: 0x7fbf85b0961e 0x7fbf85b09627
+B+: 0x7fbf85b09628 0x7fbf85b09631
+B+: 0x7fbf85b09632 0x7fbf85b09659
+B+: 0x7fbf85b096af 0x7fbf85b096bc
+B+: 0x7fbf85b096c0 0x7fbf85b096cb
+B+: 0x7fbf85b09730 0x7fbf85b0973b
+B+: 0x7fbf85b09740 0x7fbf85b0975e
+B+: 0x7fbf85b0975f 0x7fbf85b09767
+B+: 0x7fbf85b097d2 0x7fbf85b097e3
+B+: 0x7fbf85b098a0 0x7fbf85b098a7
+B+: 0x7fbf85b0a260 0x7fbf85b0a2a5
+B+: 0x7fbf85b0a2b5 0x7fbf85b0a2be
+B+: 0x7fbf85b0a2bf 0x7fbf85b0a2d2
+B+: 0x7fbf85b0a2d3 0x7fbf85b0a2fc
+B+: 0x7fbf85b0a2fd 0x7fbf85b0a310
+B+: 0x7fbf85b0a324 0x7fbf85b0a328
+B+: 0x7fbf85b0a336 0x7fbf85b0a33f
+B+: 0x7fbf85b0a340 0x7fbf85b0a344
+B+: 0x7fbf85b0a370 0x7fbf85b0a386
+B+: 0x7fbf85b0a387 0x7fbf85b0a398
+B+: 0x7fbf85b0a3a0 0x7fbf85b0a3b6
+B+: 0x7fbf85b0a3b7 0x7fbf85b0a3d7
+B+: 0x7fbf85b0a3dd 0x7fbf85b0a3ec
+B+: 0x7fbf85b0a850 0x7fbf85b0a886
+B+: 0x7fbf85b0a887 0x7fbf85b0a89a
+B+: 0x7fbf85b0a89b 0x7fbf85b0a8ad
+B+: 0x7fbf85b0a8ae 0x7fbf85b0a8c4
+B+: 0x7fbf85b0a8c5 0x7fbf85b0a8d7
+B+: 0x7fbf85b0a8d8 0x7fbf85b0a8e7
+B+: 0x7fbf85b0a8e8 0x7fbf85b0a90c
+B+: 0x7fbf85b0a90d 0x7fbf85b0a915
+B+: 0x7fbf85b0a924 0x7fbf85b0a933
+B+: 0x7fbf85b0a934 0x7fbf85b0a947
+B+: 0x7fbf85b0a948 0x7fbf85b0a954
+B+: 0x7fbf85b0a955 0x7fbf85b0a95f
+B+: 0x7fbf85b0a960 0x7fbf85b0a964
+B+: 0x7fbf85b0aa6a 0x7fbf85b0aa7c
+B+: 0x7fbf85b0aa7d 0x7fbf85b0aa9c
+B+: 0x7fbf85b0aba0 0x7fbf85b0abad
+B+: 0x7fbf85b0abae 0x7fbf85b0abe1
+B+: 0x7fbf85b0abf0 0x7fbf85b0abfb
+B+: 0x7fbf85b0adb0 0x7fbf85b0adbd
+B+: 0x7fbf85b0adbe 0x7fbf85b0adca
+B+: 0x7fbf85b0adcb 0x7fbf85b0ade3
+B+: 0x7fbf85b0ade8 0x7fbf85b0adf4
+B+: 0x7fbf85b0adf8 0x7fbf85b0ae04
+B+: 0x7fbf85b0ae05 0x7fbf85b0ae12
+B+: 0x7fbf85b0ae13 0x7fbf85b0ae1d
+B+: 0x7fbf85b0aeb4 0x7fbf85b0aec1
+B+: 0x7fbf85b0b160 0x7fbf85b0b174
+B+: 0x7fbf85b0b175 0x7fbf85b0b187
+B+: 0x7fbf85b0b188 0x7fbf85b0b1a2
+B+: 0x7fbf85b0b1a3 0x7fbf85b0b1ac
+B+: 0x7fbf85b0b1ad 0x7fbf85b0b1b3
+B+: 0x7fbf85b0b1d0 0x7fbf85b0b1e5
+B+: 0x7fbf85b0b1eb 0x7fbf85b0b1f3
+B+: 0x7fbf85b0b205 0x7fbf85b0b20b
+B+: 0x7fbf85b0b20c 0x7fbf85b0b21d
+B+: 0x7fbf85b0b21e 0x7fbf85b0b226
+B+: 0x7fbf85b0b227 0x7fbf85b0b230
+B+: 0x7fbf85b0b231 0x7fbf85b0b232
+B+: 0x7fbf85b0b240 0x7fbf85b0b248
+B+: 0x7fbf85b0b260 0x7fbf85b0b260
+B+: 0x7fbf85b0b520 0x7fbf85b0b534
+B+: 0x7fbf85b0b572 0x7fbf85b0b578
+B+: 0x7fbf85b0b580 0x7fbf85b0b583
+B+: 0x7fbf85b0b610 0x7fbf85b0b656
+B+: 0x7fbf85b0b65b 0x7fbf85b0b686
+B+: 0x7fbf85b0b687 0x7fbf85b0b69d
+B+: 0x7fbf85b0b6fc 0x7fbf85b0b708
+B+: 0x7fbf85b0b709 0x7fbf85b0b711
+B+: 0x7fbf85b0b712 0x7fbf85b0b72a
+B+: 0x7fbf85b0b72b 0x7fbf85b0b73c
+B+: 0x7fbf85b0b740 0x7fbf85b0b747
+B+: 0x7fbf85b0b748 0x7fbf85b0b75f
+B+: 0x7fbf85b0b760 0x7fbf85b0b766
+B+: 0x7fbf85b0b767 0x7fbf85b0b780
+B+: 0x7fbf85b0b790 0x7fbf85b0b793
+B+: 0x7fbf85b0b794 0x7fbf85b0b798
+B+: 0x7fbf85b0b7a2 0x7fbf85b0b7aa
+B+: 0x7fbf85b0b7ab 0x7fbf85b0b7ae
+B+: 0x7fbf85b0b7af 0x7fbf85b0b7bd
+B+: 0x7fbf85b0b7cb 0x7fbf85b0b7d3
+B+: 0x7fbf85b0b825 0x7fbf85b0b841
+B+: 0x7fbf85b0b842 0x7fbf85b0b84d
+B+: 0x7fbf85b0b87e 0x7fbf85b0b88e
+B+: 0x7fbf85b0b88f 0x7fbf85b0b8a0
+B+: 0x7fbf85b0b8a1 0x7fbf85b0b8ad
+B+: 0x7fbf85b0bc10 0x7fbf85b0bc30
+B+: 0x7fbf85b0bc31 0x7fbf85b0bc58
+B+: 0x7fbf85b0bc5e 0x7fbf85b0bc66
+B+: 0x7fbf85b0bc67 0x7fbf85b0bc6f
+B+: 0x7fbf85b0bc78 0x7fbf85b0bc87
+B+: 0x7fbf85b0bc88 0x7fbf85b0bc89
+B+: 0x7fbf85b0bca0 0x7fbf85b0bcaf
+B+: 0x7fbf85b0bcba 0x7fbf85b0bcc4
+B+: 0x7fbf85b0bce0 0x7fbf85b0bce8
+B+: 0x7fbf85b0c360 0x7fbf85b0c36b
+B+: 0x7fbf85b0c480 0x7fbf85b0c480
+B+: 0x7fbf85b0c9c0 0x7fbf85b0c9db
+B+: 0x7fbf85b0ca16 0x7fbf85b0ca32
+B+: 0x7fbf85b0ca33 0x7fbf85b0ca52
+B+: 0x7fbf85b0ca63 0x7fbf85b0ca6a
+B+: 0x7fbf85b0ca90 0x7fbf85b0caa6
+B+: 0x7fbf85b0caa7 0x7fbf85b0caae
+B+: 0x7fbf85b0caaf 0x7fbf85b0cab6
+B+: 0x7fbf85b0caf6 0x7fbf85b0cb01
+B+: 0x7fbf85b0cb0c 0x7fbf85b0cb34
+B+: 0x7fbf85b0cb40 0x7fbf85b0cb57
+B+: 0x7fbf85b0cb58 0x7fbf85b0cb5f
+B+: 0x7fbf85b0cb60 0x7fbf85b0cb67
+B+: 0x7fbf85b0cb68 0x7fbf85b0cb70
+B+: 0x7fbf85b0cb71 0x7fbf85b0cb7a
+B+: 0x7fbf85b0cb7b 0x7fbf85b0cb80
+B+: 0x7fbf85b0cb97 0x7fbf85b0cb9c
+B+: 0x7fbf85b0cc0a 0x7fbf85b0cc3d
+B+: 0x7fbf85b0cc47 0x7fbf85b0cc53
+B+: 0x7fbf85b0ced0 0x7fbf85b0cede
+B+: 0x7fbf85b0cedf 0x7fbf85b0cee7
+B+: 0x7fbf85b0cee8 0x7fbf85b0cefc
+B+: 0x7fbf85b0cefd 0x7fbf85b0cf02
+B+: 0x7fbf85b0cf03 0x7fbf85b0cf1b
+B+: 0x7fbf85b0cf1c 0x7fbf85b0cf21
+B+: 0x7fbf85b0cf22 0x7fbf85b0cf2b
+B+: 0x7fbf85b0cfc0 0x7fbf85b0cfc7
+B+: 0x7fbf85b0cfc8 0x7fbf85b0cfd0
+B+: 0x7fbf85b0d760 0x7fbf85b0d768
+B+: 0x7fbf85b0d769 0x7fbf85b0d76d
+B+: 0x7fbf85b0d76e 0x7fbf85b0d772
+B+: 0x7fbf85b0d780 0x7fbf85b0d788
+B+: 0x7fbf85b0d789 0x7fbf85b0d78d
+B+: 0x7fbf85b0d78e 0x7fbf85b0d792
+B+: 0x7fbf85b0d7c0 0x7fbf85b0d7d9
+B+: 0x7fbf85b0d7da 0x7fbf85b0d7e6
+B+: 0x7fbf85b0d7f7 0x7fbf85b0d802
+B+: 0x7fbf85b0d803 0x7fbf85b0d80b
+B+: 0x7fbf85b0d80c 0x7fbf85b0d841
+B+: 0x7fbf85b0d842 0x7fbf85b0d84b
+B+: 0x7fbf85b0d84c 0x7fbf85b0d852
+B+: 0x7fbf85b0d853 0x7fbf85b0d875
+B+: 0x7fbf85b0d880 0x7fbf85b0d88e
+B+: 0x7fbf85b0d8b0 0x7fbf85b0d8c8
+B+: 0x7fbf85b0d900 0x7fbf85b0d941
+B+: 0x7fbf85b0d950 0x7fbf85b0d966
+B+: 0x7fbf85b0d967 0x7fbf85b0d97e
+B+: 0x7fbf85b0d97f 0x7fbf85b0d98a
+B+: 0x7fbf85b0d98b 0x7fbf85b0d9b3
+B+: 0x7fbf85b0d9b4 0x7fbf85b0d9bd
+B+: 0x7fbf85b0d9be 0x7fbf85b0d9bf
+B+: 0x7fbf85b0d9d0 0x7fbf85b0d9e8
+B+: 0x7fbf85b0d9e9 0x7fbf85b0da14
+B+: 0x7fbf85b0da1e 0x7fbf85b0da25
+B+: 0x7fbf85b0da26 0x7fbf85b0da33
+B+: 0x7fbf85b0da34 0x7fbf85b0da46
+B+: 0x7fbf85b0dae0 0x7fbf85b0dafe
+B+: 0x7fbf85b0daff 0x7fbf85b0db0c
+B+: 0x7fbf85b0db0d 0x7fbf85b0db1b
+B+: 0x7fbf85b0db1c 0x7fbf85b0db2c
+B+: 0x7fbf85b0db40 0x7fbf85b0db62
+B+: 0x7fbf85b0db98 0x7fbf85b0dba9
+B+: 0x7fbf85b0e6d0 0x7fbf85b0e6f4
+B+: 0x7fbf85b0e6f5 0x7fbf85b0e70d
+B+: 0x7fbf85b0e70e 0x7fbf85b0e712
+B+: 0x7fbf85b0e713 0x7fbf85b0e71e
+B+: 0x7fbf85b0e71f 0x7fbf85b0e723
+B+: 0x7fbf85b0e724 0x7fbf85b0e728
+B+: 0x7fbf85b0e729 0x7fbf85b0e730
+B+: 0x7fbf85b0e73c 0x7fbf85b0e749
+B+: 0x7fbf85b0e74a 0x7fbf85b0e74d
+B+: 0x7fbf85b0e74e 0x7fbf85b0e760
+B+: 0x7fbf85b0e761 0x7fbf85b0e76b
+B+: 0x7fbf85b0e790 0x7fbf85b0e79d
+B+: 0x7fbf85b0e79e 0x7fbf85b0e7a5
+B+: 0x7fbf85b0e7a6 0x7fbf85b0e7a7
+B+: 0x7fbf85b0e890 0x7fbf85b0e89d
+B+: 0x7fbf85b0e89e 0x7fbf85b0e8a9
+B+: 0x7fbf85b0e8aa 0x7fbf85b0e8bd
+B+: 0x7fbf85b0e8c0 0x7fbf85b0e8ca
+B+: 0x7fbf85b0e8d0 0x7fbf85b0e8ef
+B+: 0x7fbf85b0e8f0 0x7fbf85b0e8f4
+B+: 0x7fbf85b0e8f5 0x7fbf85b0e90c
+B+: 0x7fbf85b0e90d 0x7fbf85b0e910
+B+: 0x7fbf85b0e911 0x7fbf85b0e912
+B+: 0x7fbf85b0e913 0x7fbf85b0e91b
+B+: 0x7fbf85b0e91c 0x7fbf85b0e930
+B+: 0x7fbf85b0e938 0x7fbf85b0e93c
+B+: 0x7fbf85b0e980 0x7fbf85b0e98f
+B+: 0x7fbf85b0e990 0x7fbf85b0e99b
+B+: 0x7fbf85b0e99c 0x7fbf85b0e9ab
+B+: 0x7fbf85b0ea80 0x7fbf85b0ea93
+B+: 0x7fbf85b0ea94 0x7fbf85b0eaac
+B+: 0x7fbf85b0eaad 0x7fbf85b0eabf
+B+: 0x7fbf85b0eac0 0x7fbf85b0eada
+B+: 0x7fbf85b0eadb 0x7fbf85b0eae3
+B+: 0x7fbf85b0eaec 0x7fbf85b0eaf8
+B+: 0x7fbf85b0eaf9 0x7fbf85b0eb02
+B+: 0x7fbf85b0eb03 0x7fbf85b0eb06
+B+: 0x7fbf85b0eb07 0x7fbf85b0eb1a
+B+: 0x7fbf85b0ec49 0x7fbf85b0ec55
+B+: 0x7fbf85b0ec56 0x7fbf85b0ec67
+B+: 0x7fbf85b0ec82 0x7fbf85b0ec93
+B+: 0x7fbf85b0ed77 0x7fbf85b0ed82
+B+: 0x7fbf85b0eda0 0x7fbf85b0edb2
+B+: 0x7fbf85b0edb3 0x7fbf85b0eddf
+B+: 0x7fbf85b0ede0 0x7fbf85b0edeb
+B+: 0x7fbf85b0edec 0x7fbf85b0edfc
+B+: 0x7fbf85b0edfd 0x7fbf85b0ee18
+B+: 0x7fbf85b0ee19 0x7fbf85b0ee25
+B+: 0x7fbf85b0ee26 0x7fbf85b0ee2e
+B+: 0x7fbf85b0ee2f 0x7fbf85b0ee3f
+B+: 0x7fbf85b0ee40 0x7fbf85b0ee44
+B+: 0x7fbf85b0ee45 0x7fbf85b0ee50
+B+: 0x7fbf85b0ee51 0x7fbf85b0ee5d
+B+: 0x7fbf85b0ee5e 0x7fbf85b0ee77
+B+: 0x7fbf85b0eece 0x7fbf85b0eed2
+B+: 0x7fbf85b0eed3 0x7fbf85b0eede
+B+: 0x7fbf85b0eee0 0x7fbf85b0eeec
+B+: 0x7fbf85b0ef60 0x7fbf85b0ef7c
+B+: 0x7fbf85b0f120 0x7fbf85b0f128
+B+: 0x7fbf85b0f129 0x7fbf85b0f147
+B+: 0x7fbf85b0f750 0x7fbf85b0f75e
+B+: 0x7fbf85b0f75f 0x7fbf85b0f763
+B+: 0x7fbf85b0f764 0x7fbf85b0f770
+B+: 0x7fbf85b0f771 0x7fbf85b0f777
+B+: 0x7fbf85b0f778 0x7fbf85b0f783
+B+: 0x7fbf85b0f784 0x7fbf85b0f788
+B+: 0x7fbf85b0f789 0x7fbf85b0f78d
+B+: 0x7fbf85b0f78e 0x7fbf85b0f796
+B+: 0x7fbf85b0f797 0x7fbf85b0f79e
+B+: 0x7fbf85b0f890 0x7fbf85b0f892
+B+: 0x7fbf85b0f8a7 0x7fbf85b0f8ab
+B+: 0x7fbf85b0f8ac 0x7fbf85b0f8b2
+B+: 0x7fbf85b0f8b3 0x7fbf85b0f8b6
+B+: 0x7fbf85b0f8d0 0x7fbf85b0f8e1
+B+: 0x7fbf85b0f8e2 0x7fbf85b0f8e6
+B+: 0x7fbf85b0f8e7 0x7fbf85b0f8eb
+B+: 0x7fbf85b0f8ec 0x7fbf85b0f8f1
+B+: 0x7fbf85b0f8f2 0x7fbf85b0f8fa
+B+: 0x7fbf85b0f8fb 0x7fbf85b0f8fc
+B+: 0x7fbf85b0f940 0x7fbf85b0f948
+B+: 0x7fbf85b0f949 0x7fbf85b0f951
+B+: 0x7fbf85b0f980 0x7fbf85b0f988
+B+: 0x7fbf85b0f989 0x7fbf85b0f98a
+B+: 0x7fbf85b0f98b 0x7fbf85b0f991
+B+: 0x7fbf85b0f992 0x7fbf85b0f9a2
+B+: 0x7fbf85b0f9a8 0x7fbf85b0f9ac
+B+: 0x7fbf85b0f9eb 0x7fbf85b0fa00
+B+: 0x7fbf85b0fa08 0x7fbf85b0fa10
+B+: 0x7fbf85b0faf0 0x7fbf85b0fb11
+B+: 0x7fbf85b0fb12 0x7fbf85b0fb16
+B+: 0x7fbf85b0fb17 0x7fbf85b0fb1d
+B+: 0x7fbf85b0fb1e 0x7fbf85b0fb26
+B+: 0x7fbf85b0fb27 0x7fbf85b0fb34
+B+: 0x7fbf85b0fb35 0x7fbf85b0fb3c
+B+: 0x7fbf85b0fb3d 0x7fbf85b0fb49
+B+: 0x7fbf85b0fb4a 0x7fbf85b0fb5a
+B+: 0x7fbf85b0fb5b 0x7fbf85b0fb63
+B+: 0x7fbf85b0fb7f 0x7fbf85b0fb93
+B+: 0x7fbf85b0fb94 0x7fbf85b0fb9c
+B+: 0x7fbf85b0fbe0 0x7fbf85b0fbf7
+B+: 0x7fbf85b0fbf8 0x7fbf85b0fc00
+B+: 0x7fbf85b0fc1b 0x7fbf85b0fc2b
+B+: 0x7fbf85b0fd40 0x7fbf85b0fd5e
+B+: 0x7fbf85b0fd5f 0x7fbf85b0fd6d
+B+: 0x7fbf85b0fd6e 0x7fbf85b0fd72
+B+: 0x7fbf85b0fd7d 0x7fbf85b0fd90
+B+: 0x7fbf85b0fd91 0x7fbf85b0fd95
+B+: 0x7fbf85b0fd96 0x7fbf85b0fd9a
+B+: 0x7fbf85b0fda0 0x7fbf85b0fda4
+B+: 0x7fbf85b0fdd5 0x7fbf85b0fdd9
+B+: 0x7fbf85b0fdda 0x7fbf85b0fdde
+B+: 0x7fbf85b0fdf0 0x7fbf85b0fdfb
+B+: 0x7fbf85b0fdfc 0x7fbf85b0fe07
+B+: 0x7fbf85b0fe08 0x7fbf85b0fe10
+B+: 0x7fbf85b0fe2c 0x7fbf85b0fe30
+B+: 0x7fbf85b0fe31 0x7fbf85b0fe36
+B+: 0x7fbf85b0fe41 0x7fbf85b0fe45
+B+: 0x7fbf85b0fe46 0x7fbf85b0fe54
+B+: 0x7fbf85b0fe55 0x7fbf85b0fe5d
+B+: 0x7fbf85b0fe5e 0x7fbf85b0fe62
+B+: 0x7fbf85b0fe63 0x7fbf85b0fe74
+B+: 0x7fbf85b0fe78 0x7fbf85b0fe84
+B+: 0x7fbf85b0fea0 0x7fbf85b0fea4
+B+: 0x7fbf85b0fef0 0x7fbf85b0ff03
+B+: 0x7fbf85b0ff40 0x7fbf85b0ff76
+B+: 0x7fbf85b0ff77 0x7fbf85b0ff82
+B+: 0x7fbf85b0ff83 0x7fbf85b0ff92
+B+: 0x7fbf85b1001b 0x7fbf85b10031
+B+: 0x7fbf85b10032 0x7fbf85b10040
+B+: 0x7fbf85b10075 0x7fbf85b100b8
+B+: 0x7fbf85b100b9 0x7fbf85b100c3
+B+: 0x7fbf85b100c4 0x7fbf85b100cc
+B+: 0x7fbf85b100cd 0x7fbf85b100d5
+B+: 0x7fbf85b100d6 0x7fbf85b100de
+B+: 0x7fbf85b100df 0x7fbf85b10106
+B+: 0x7fbf85b10107 0x7fbf85b10133
+B+: 0x7fbf85b10578 0x7fbf85b10581
+B+: 0x7fbf85b10582 0x7fbf85b105a8
+B+: 0x7fbf85b105a9 0x7fbf85b105b6
+B+: 0x7fbf85b105d0 0x7fbf85b105e0
+B+: 0x7fbf85b105e1 0x7fbf85b105ee
+B+: 0x7fbf85b105ef 0x7fbf85b105f3
+B+: 0x7fbf85b10670 0x7fbf85b1067e
+B+: 0x7fbf85b1067f 0x7fbf85b10683
+B+: 0x7fbf85b10684 0x7fbf85b10692
+B+: 0x7fbf85b10693 0x7fbf85b1069a
+B+: 0x7fbf85b1069b 0x7fbf85b106a2
+B+: 0x7fbf85b106a3 0x7fbf85b106b7
+B+: 0x7fbf85b10790 0x7fbf85b107bc
+B+: 0x7fbf85b107bd 0x7fbf85b107d4
+B+: 0x7fbf85b107e0 0x7fbf85b1083a
+B+: 0x7fbf85b1083b 0x7fbf85b10875
+B+: 0x7fbf85b10876 0x7fbf85b10893
+B+: 0x7fbf85b10894 0x7fbf85b108a3
+B+: 0x7fbf85b108a4 0x7fbf85b108b0
+B+: 0x7fbf85b109b4 0x7fbf85b109b8
+B+: 0x7fbf85b109b9 0x7fbf85b109cf
+B+: 0x7fbf85b109d0 0x7fbf85b109dc
+B+: 0x7fbf85b109dd 0x7fbf85b109ef
+B+: 0x7fbf85b109f0 0x7fbf85b109f7
+B+: 0x7fbf85b10a01 0x7fbf85b10a16
+B+: 0x7fbf85b10a28 0x7fbf85b10a3d
+B+: 0x7fbf85b10a3e 0x7fbf85b10a4d
+B+: 0x7fbf85b10a79 0x7fbf85b10a97
+B+: 0x7fbf85b10a98 0x7fbf85b10ac0
+B+: 0x7fbf85b10ac1 0x7fbf85b10acf
+B+: 0x7fbf85b11148 0x7fbf85b11154
+B+: 0x7fbf85b11155 0x7fbf85b11174
+B+: 0x7fbf85b11175 0x7fbf85b1117f
+B+: 0x7fbf85b111ac 0x7fbf85b111b0
+B+: 0x7fbf85b111b1 0x7fbf85b111b5
+B+: 0x7fbf85b11a40 0x7fbf85b11a64
+B+: 0x7fbf85b11b10 0x7fbf85b11b1a
+B+: 0x7fbf85b11b40 0x7fbf85b11b47
+B+: 0x7fbf85b11b48 0x7fbf85b11b51
+B+: 0x7fbf85b11b58 0x7fbf85b11b60
+B+: 0x7fbf85b11b61 0x7fbf85b11b6a
+B+: 0x7fbf85b11b88 0x7fbf85b11b8c
+B+: 0x7fbf85b11b8d 0x7fbf85b11b94
+B+: 0x7fbf85b11ba0 0x7fbf85b11ba4
+B+: 0x7fbf85b11d00 0x7fbf85b11d30
+B+: 0x7fbf85b11e3f 0x7fbf85b11e55
+B+: 0x7fbf85b11e56 0x7fbf85b11e67
+B+: 0x7fbf85b121e0 0x7fbf85b12222
+B+: 0x7fbf85b12223 0x7fbf85b12228
+B+: 0x7fbf85b1224c 0x7fbf85b12260
+B+: 0x7fbf85b12261 0x7fbf85b12269
+B+: 0x7fbf85b12270 0x7fbf85b12279
+B+: 0x7fbf85b12288 0x7fbf85b122a0
+B+: 0x7fbf85b122a1 0x7fbf85b122ba
+B+: 0x7fbf85b122bb 0x7fbf85b122bc
+B+: 0x7fbf85b122d0 0x7fbf85b122d8
+B+: 0x7fbf85b122f8 0x7fbf85b122f8
+B+: 0x7fbf85b12300 0x7fbf85b1230c
+B+: 0x7fbf85b1233f 0x7fbf85b12343
+B+: 0x7fbf85b12380 0x7fbf85b12384
+B+: 0x7fbf85b123d0 0x7fbf85b123e3
+B+: 0x7fbf85b12400 0x7fbf85b12400
+B+: 0x7fbf85b12420 0x7fbf85b1245b
+B+: 0x7fbf85b12467 0x7fbf85b12471
+B+: 0x7fbf85b12472 0x7fbf85b12489
+B+: 0x7fbf85b1248a 0x7fbf85b1248d
+B+: 0x7fbf85b1248e 0x7fbf85b12494
+B+: 0x7fbf85b12495 0x7fbf85b1249d
+B+: 0x7fbf85b1249e 0x7fbf85b124a9
+B+: 0x7fbf85b124aa 0x7fbf85b124c2
+B+: 0x7fbf85b124c3 0x7fbf85b124ce
+B+: 0x7fbf85b124cf 0x7fbf85b124e5
+B+: 0x7fbf85b124e6 0x7fbf85b124f5
+B+: 0x7fbf85b12500 0x7fbf85b1250e
+B+: 0x7fbf85b1250f 0x7fbf85b12513
+B+: 0x7fbf85b12514 0x7fbf85b1251e
+B+: 0x7fbf85b12540 0x7fbf85b12549
+B+: 0x7fbf85b1254a 0x7fbf85b1254e
+B+: 0x7fbf85b1254f 0x7fbf85b12560
+B+: 0x7fbf85b12568 0x7fbf85b12577
+B+: 0x7fbf85b12580 0x7fbf85b12589
+B+: 0x7fbf85b125a8 0x7fbf85b125bb
+B+: 0x7fbf85b125c0 0x7fbf85b125ce
+B+: 0x7fbf85b125cf 0x7fbf85b125dc
+B+: 0x7fbf85b126f0 0x7fbf85b126fd
+B+: 0x7fbf85b127a0 0x7fbf85b127a0
+B+: 0x7fbf85b127b0 0x7fbf85b127ba
+B+: 0x7fbf85b127bb 0x7fbf85b127ce
+B+: 0x7fbf85b127cf 0x7fbf85b127d8
+B+: 0x7fbf85b127d9 0x7fbf85b127e6
+B+: 0x7fbf85b12800 0x7fbf85b1282d
+B+: 0x7fbf85b1282e 0x7fbf85b12831
+B+: 0x7fbf85b12832 0x7fbf85b12847
+B+: 0x7fbf85b12864 0x7fbf85b1286b
+B+: 0x7fbf85b1286c 0x7fbf85b1286f
+B+: 0x7fbf85b12870 0x7fbf85b12876
+B+: 0x7fbf85b12877 0x7fbf85b1287b
+B+: 0x7fbf85b1287c 0x7fbf85b12886
+B+: 0x7fbf85b12ae0 0x7fbf85b12b01
+B+: 0x7fbf85b12b02 0x7fbf85b12b0a
+B+: 0x7fbf85b12b0b 0x7fbf85b12b14
+B+: 0x7fbf85b12b15 0x7fbf85b12b19
+B+: 0x7fbf85b12c00 0x7fbf85b12c19
+B+: 0x7fbf85b12c51 0x7fbf85b12c8e
+B+: 0x7fbf85b12c8f 0x7fbf85b12c9e
+B+: 0x7fbf85b12c9f 0x7fbf85b12ca6
+B+: 0x7fbf85b12df0 0x7fbf85b12dfb
+B+: 0x7fbf85b12e20 0x7fbf85b12e20
+B+: 0x7fbf85b12e30 0x7fbf85b12e38
+B+: 0x7fbf85b14940 0x7fbf85b1494b
+B+: 0x7fbf85b1494c 0x7fbf85b14957
+B+: 0x7fbf85b14958 0x7fbf85b14964
+B+: 0x7fbf85b14965 0x7fbf85b14969
+B+: 0x7fbf85b1496a 0x7fbf85b1496f
+B+: 0x7fbf85b14970 0x7fbf85b14976
+B+: 0x7fbf85b14980 0x7fbf85b14987
+B+: 0x7fbf85b14988 0x7fbf85b1498c
+B+: 0x7fbf85b1498d 0x7fbf85b1499b
+B+: 0x7fbf85b1499c 0x7fbf85b149a0
+B+: 0x7fbf85b149a1 0x7fbf85b149a8
+B+: 0x7fbf85b149a9 0x7fbf85b149ad
+B+: 0x7fbf85b149ae 0x7fbf85b149b8
+B+: 0x7fbf85b149b9 0x7fbf85b149b9
+B+: 0x7fbf85b149c0 0x7fbf85b149c5
+B+: 0x7fbf85b149c6 0x7fbf85b149c9
+B+: 0x7fbf85b149d0 0x7fbf85b149d0
+B+: 0x7fbf85b149d1 0x7fbf85b149d5
+B+: 0x7fbf85b149d6 0x7fbf85b149d9
+B+: 0x7fbf85b149e0 0x7fbf85b149ff
+B+: 0x7fbf85b14a00 0x7fbf85b14a11
+B+: 0x7fbf85b14a12 0x7fbf85b14a16
+B+: 0x7fbf85b14a20 0x7fbf85b14a22
+B+: 0x7fbf85b14a23 0x7fbf85b14a2f
+B+: 0x7fbf85b14a30 0x7fbf85b14a33
+B+: 0x7fbf85b14a34 0x7fbf85b14a5d
+B+: 0x7fbf85b14a5e 0x7fbf85b14a62
+B+: 0x7fbf85b14a63 0x7fbf85b14a82
+B+: 0x7fbf85b14ac0 0x7fbf85b14ade
+B+: 0x7fbf85b14adf 0x7fbf85b14ae3
+B+: 0x7fbf85b14ae4 0x7fbf85b14ae8
+B+: 0x7fbf85b14af0 0x7fbf85b14af2
+B+: 0x7fbf85b14af3 0x7fbf85b14aff
+B+: 0x7fbf85b14b00 0x7fbf85b14b03
+B+: 0x7fbf85b14b04 0x7fbf85b14b3e
+B+: 0x7fbf85b14b3f 0x7fbf85b14b49
+B+: 0x7fbf85b14b4a 0x7fbf85b14b57
+B+: 0x7fbf85b14b58 0x7fbf85b14b5d
+B+: 0x7fbf85b14b5e 0x7fbf85b14b66
+B+: 0x7fbf85b14b67 0x7fbf85b14b70
+B+: 0x7fbf85b14b71 0x7fbf85b14b7a
+B+: 0x7fbf85b14b7b 0x7fbf85b14b9a
+B+: 0x7fbf85b14b9b 0x7fbf85b14ba3
+B+: 0x7fbf85b14ba4 0x7fbf85b14bbd
+B+: 0x7fbf85b14bc0 0x7fbf85b14bc5
+B+: 0x7fbf85b14bc6 0x7fbf85b14bcf
+B+: 0x7fbf85b14bd0 0x7fbf85b14bd9
+B+: 0x7fbf85b14bda 0x7fbf85b14bf7
+B+: 0x7fbf85b14c08 0x7fbf85b14c14
+B+: 0x7fbf85b14c15 0x7fbf85b14c1b
+B+: 0x7fbf85b14c1c 0x7fbf85b14c29
+B+: 0x7fbf85b14cb0 0x7fbf85b14cca
+B+: 0x7fbf85b14ccb 0x7fbf85b14cda
+B+: 0x7fbf85b14cdb 0x7fbf85b14ce6
+B+: 0x7fbf85b14ce7 0x7fbf85b14cef
+B+: 0x7fbf85b14cf0 0x7fbf85b14cf4
+B+: 0x7fbf85b14cf5 0x7fbf85b14cfc
+B+: 0x7fbf85b14cfd 0x7fbf85b14d10
+B+: 0x7fbf85b14d11 0x7fbf85b14d21
+B+: 0x7fbf85b14d22 0x7fbf85b14d26
+B+: 0x7fbf85b14d27 0x7fbf85b14d38
+B+: 0x7fbf85b14d39 0x7fbf85b14d4b
+B+: 0x7fbf85b14d4c 0x7fbf85b14d54
+B+: 0x7fbf85b14d55 0x7fbf85b14d5e
+B+: 0x7fbf85b14d5f 0x7fbf85b14d6d
+B+: 0x7fbf85b14ea0 0x7fbf85b14eb6
+B+: 0x7fbf85b14eb7 0x7fbf85b14ebb
+B+: 0x7fbf85b14ebc 0x7fbf85b14ec0
+B+: 0x7fbf85b14ec8 0x7fbf85b14ecb
+B+: 0x7fbf85b14ecc 0x7fbf85b14ed9
+B+: 0x7fbf85b14eda 0x7fbf85b14edd
+B+: 0x7fbf85b14ede 0x7fbf85b14f06
+B+: 0x7fbf85b14f07 0x7fbf85b14f10
+B+: 0x7fbf85b14f11 0x7fbf85b14f16
+B+: 0x7fbf85b14f17 0x7fbf85b14f24
+B+: 0x7fbf85b14f25 0x7fbf85b14f2d
+B+: 0x7fbf85b15440 0x7fbf85b1546b
+B+: 0x7fbf85b1546c 0x7fbf85b15470
+B+: 0x7fbf85b15471 0x7fbf85b15475
+B+: 0x7fbf85b15536 0x7fbf85b1553e
+B+: 0x7fbf85b1553f 0x7fbf85b15548
+B+: 0x7fbf85b15549 0x7fbf85b15551
+B+: 0x7fbf85b155d0 0x7fbf85b155e4
+B+: 0x7fbf85b155e5 0x7fbf85b15606
+B+: 0x7fbf85b15607 0x7fbf85b15610
+B+: 0x7fbf85b15611 0x7fbf85b15618
+B+: 0x7fbf85b15640 0x7fbf85b15648
+B+: 0x7fbf85b15649 0x7fbf85b15656
+B+: 0x7fbf85b15657 0x7fbf85b1565f
+B+: 0x7fbf85b15660 0x7fbf85b15661
+B+: 0x7fbf85b15760 0x7fbf85b157aa
+B+: 0x7fbf85b157ab 0x7fbf85b157af
+B+: 0x7fbf85b157b0 0x7fbf85b157be
+B+: 0x7fbf85b157c8 0x7fbf85b157d3
+B+: 0x7fbf85b157d4 0x7fbf85b157d8
+B+: 0x7fbf85b157d9 0x7fbf85b157e0
+B+: 0x7fbf85b157e1 0x7fbf85b157e5
+B+: 0x7fbf85b157e6 0x7fbf85b157f3
+B+: 0x7fbf85b157f4 0x7fbf85b157fb
+B+: 0x7fbf85b15800 0x7fbf85b15810
+B+: 0x7fbf85b15811 0x7fbf85b15815
+B+: 0x7fbf85b15816 0x7fbf85b15832
+B+: 0x7fbf85b15833 0x7fbf85b15843
+B+: 0x7fbf85b15844 0x7fbf85b1584f
+B+: 0x7fbf85b15850 0x7fbf85b15857
+B+: 0x7fbf85b15858 0x7fbf85b1585c
+B+: 0x7fbf85b1585d 0x7fbf85b15868
+B+: 0x7fbf85b15869 0x7fbf85b1587b
+B+: 0x7fbf85b1587c 0x7fbf85b15884
+B+: 0x7fbf85b15888 0x7fbf85b15897
+B+: 0x7fbf85b15898 0x7fbf85b1589b
+B+: 0x7fbf85b1589c 0x7fbf85b158b4
+B+: 0x7fbf85b158b5 0x7fbf85b158b8
+B+: 0x7fbf85b158b9 0x7fbf85b158c6
+B+: 0x7fbf85b158c7 0x7fbf85b158d5
+B+: 0x7fbf85b15dc0 0x7fbf85b15dec
+B+: 0x7fbf85b15ded 0x7fbf85b15df2
+B+: 0x7fbf85b15df3 0x7fbf85b15e04
+B+: 0x7fbf85b15e05 0x7fbf85b15e0d
+B+: 0x7fbf85b15e0e 0x7fbf85b15e1c
+CND+ 0x7fbf85b0400e: taken
+CND+ 0x7fbf85b045ea: not taken
+CND+ 0x7fbf85b04626: not taken
+CND+ 0x7fbf85b0463b: taken
+CND+ 0x7fbf85b04673: not taken
+CND+ 0x7fbf85b04687: not taken
+CND+ 0x7fbf85b04695: not taken
+CND+ 0x7fbf85b047e2: taken
+CND+ 0x7fbf85b04862: not taken
+CND+ 0x7fbf85b0487c: both
+CND+ 0x7fbf85b048a9: not taken
+CND+ 0x7fbf85b04a5d: not taken
+CND+ 0x7fbf85b04a62: taken
+CND+ 0x7fbf85b056e6: not taken
+CND+ 0x7fbf85b05704: taken
+CND+ 0x7fbf85b0571a: not taken
+CND+ 0x7fbf85b0571f: taken
+CND+ 0x7fbf85b0572f: taken
+CND+ 0x7fbf85b0574c: not taken
+CND+ 0x7fbf85b05756: not taken
+CND+ 0x7fbf85b0578f: not taken
+CND+ 0x7fbf85b0579b: taken
+CND+ 0x7fbf85b06079: taken
+CND+ 0x7fbf85b0611b: not taken
+CND+ 0x7fbf85b06149: not taken
+CND+ 0x7fbf85b06158: not taken
+CND+ 0x7fbf85b06190: not taken
+CND+ 0x7fbf85b061ce: taken
+CND+ 0x7fbf85b06c20: not taken
+CND+ 0x7fbf85b06c2d: taken
+CND+ 0x7fbf85b06c48: not taken
+CND+ 0x7fbf85b06c5f: both
+CND+ 0x7fbf85b06c88: not taken
+CND+ 0x7fbf85b06ed2: taken
+CND+ 0x7fbf85b06f55: not taken
+CND+ 0x7fbf85b06f7e: not taken
+CND+ 0x7fbf85b06f8a: not taken
+CND+ 0x7fbf85b06f93: both
+CND+ 0x7fbf85b06fc4: not taken
+CND+ 0x7fbf85b06fe2: both
+CND+ 0x7fbf85b06ffb: taken
+CND+ 0x7fbf85b0705a: taken
+CND+ 0x7fbf85b070af: not taken
+CND+ 0x7fbf85b070b8: taken
+CND+ 0x7fbf85b070e0: taken
+CND+ 0x7fbf85b07116: not taken
+CND+ 0x7fbf85b0715a: not taken
+CND+ 0x7fbf85b07163: taken
+CND+ 0x7fbf85b0721b: taken
+CND+ 0x7fbf85b0724a: taken
+CND+ 0x7fbf85b0727c: not taken
+CND+ 0x7fbf85b0736a: taken
+CND+ 0x7fbf85b07520: not taken
+CND+ 0x7fbf85b07529: not taken
+CND+ 0x7fbf85b07532: taken
+CND+ 0x7fbf85b078eb: not taken
+CND+ 0x7fbf85b07906: both
+CND+ 0x7fbf85b0793d: not taken
+CND+ 0x7fbf85b07985: both
+CND+ 0x7fbf85b079f6: taken
+CND+ 0x7fbf85b07a20: both
+CND+ 0x7fbf85b07a29: not taken
+CND+ 0x7fbf85b07a33: not taken
+CND+ 0x7fbf85b07ae4: not taken
+CND+ 0x7fbf85b07afb: taken
+CND+ 0x7fbf85b07b2a: both
+CND+ 0x7fbf85b07b30: both
+CND+ 0x7fbf85b07b40: taken
+CND+ 0x7fbf85b07b60: not taken
+CND+ 0x7fbf85b07b96: not taken
+CND+ 0x7fbf85b07be5: taken
+CND+ 0x7fbf85b07da0: not taken
+CND+ 0x7fbf85b07da9: not taken
+CND+ 0x7fbf85b07dc8: both
+CND+ 0x7fbf85b07dd0: both
+CND+ 0x7fbf85b07e2e: taken
+CND+ 0x7fbf85b07e57: not taken
+CND+ 0x7fbf85b07eac: taken
+CND+ 0x7fbf85b07ed8: taken
+CND+ 0x7fbf85b07fa3: not taken
+CND+ 0x7fbf85b07fc0: taken
+CND+ 0x7fbf85b08019: not taken
+CND+ 0x7fbf85b08065: not taken
+CND+ 0x7fbf85b0806f: not taken
+CND+ 0x7fbf85b08089: both
+CND+ 0x7fbf85b0809d: not taken
+CND+ 0x7fbf85b080ab: taken
+CND+ 0x7fbf85b0814c: not taken
+CND+ 0x7fbf85b08156: taken
+CND+ 0x7fbf85b081cc: taken
+CND+ 0x7fbf85b081ee: taken
+CND+ 0x7fbf85b08811: both
+CND+ 0x7fbf85b0881b: not taken
+CND+ 0x7fbf85b0881f: not taken
+CND+ 0x7fbf85b08839: taken
+CND+ 0x7fbf85b08859: taken
+CND+ 0x7fbf85b08861: taken
+CND+ 0x7fbf85b0945f: taken
+CND+ 0x7fbf85b09626: not taken
+CND+ 0x7fbf85b096ca: taken
+CND+ 0x7fbf85b09762: taken
+CND+ 0x7fbf85b0a2a4: taken
+CND+ 0x7fbf85b0a2bd: not taken
+CND+ 0x7fbf85b0a2cd: not taken
+CND+ 0x7fbf85b0a30f: taken
+CND+ 0x7fbf85b0a327: taken
+CND+ 0x7fbf85b0a33a: not taken
+CND+ 0x7fbf85b0a343: taken
+CND+ 0x7fbf85b0a381: not taken
+CND+ 0x7fbf85b0a3d6: taken
+CND+ 0x7fbf85b0a3e7: taken
+CND+ 0x7fbf85b0a895: not taken
+CND+ 0x7fbf85b0a8a8: not taken
+CND+ 0x7fbf85b0a8d2: not taken
+CND+ 0x7fbf85b0a907: not taken
+CND+ 0x7fbf85b0a942: taken
+CND+ 0x7fbf85b0a953: not taken
+CND+ 0x7fbf85b0a963: taken
+CND+ 0x7fbf85b0aa7b: not taken
+CND+ 0x7fbf85b0adbc: both
+CND+ 0x7fbf85b0adc9: both
+CND+ 0x7fbf85b0ae03: not taken
+CND+ 0x7fbf85b0ae0d: not taken
+CND+ 0x7fbf85b0ae18: taken
+CND+ 0x7fbf85b0b1a1: not taken
+CND+ 0x7fbf85b0b1ab: not taken
+CND+ 0x7fbf85b0b1e4: taken
+CND+ 0x7fbf85b0b1f2: taken
+CND+ 0x7fbf85b0b20a: not taken
+CND+ 0x7fbf85b0b225: not taken
+CND+ 0x7fbf85b0b22f: not taken
+CND+ 0x7fbf85b0b247: taken
+CND+ 0x7fbf85b0b533: taken
+CND+ 0x7fbf85b0b582: taken
+CND+ 0x7fbf85b0b655: taken
+CND+ 0x7fbf85b0b698: taken
+CND+ 0x7fbf85b0b703: not taken
+CND+ 0x7fbf85b0b70c: taken
+CND+ 0x7fbf85b0b725: not taken
+CND+ 0x7fbf85b0b742: not taken
+CND+ 0x7fbf85b0b75a: not taken
+CND+ 0x7fbf85b0b765: not taken
+CND+ 0x7fbf85b0b792: not taken
+CND+ 0x7fbf85b0b797: taken
+CND+ 0x7fbf85b0b7a9: taken
+CND+ 0x7fbf85b0b7ad: not taken
+CND+ 0x7fbf85b0b7bc: taken
+CND+ 0x7fbf85b0b7ce: taken
+CND+ 0x7fbf85b0b848: taken
+CND+ 0x7fbf85b0b889: not taken
+CND+ 0x7fbf85b0b89b: not taken
+CND+ 0x7fbf85b0b8a8: taken
+CND+ 0x7fbf85b0bc2f: not taken
+CND+ 0x7fbf85b0bc57: taken
+CND+ 0x7fbf85b0bc65: not taken
+CND+ 0x7fbf85b0bc6e: taken
+CND+ 0x7fbf85b0bc86: not taken
+CND+ 0x7fbf85b0bcae: taken
+CND+ 0x7fbf85b0c366: taken
+CND+ 0x7fbf85b0c9d6: taken
+CND+ 0x7fbf85b0ca31: not taken
+CND+ 0x7fbf85b0ca51: taken
+CND+ 0x7fbf85b0caad: not taken
+CND+ 0x7fbf85b0cab5: taken
+CND+ 0x7fbf85b0cb00: taken
+CND+ 0x7fbf85b0cb5a: not taken
+CND+ 0x7fbf85b0cb62: not taken
+CND+ 0x7fbf85b0cb6b: not taken
+CND+ 0x7fbf85b0cb75: not taken
+CND+ 0x7fbf85b0cb7f: taken
+CND+ 0x7fbf85b0cb9b: taken
+CND+ 0x7fbf85b0cc3c: taken
+CND+ 0x7fbf85b0ced9: not taken
+CND+ 0x7fbf85b0cee6: not taken
+CND+ 0x7fbf85b0cf01: not taken
+CND+ 0x7fbf85b0cf1a: not taken
+CND+ 0x7fbf85b0cf20: not taken
+CND+ 0x7fbf85b0cf26: taken
+CND+ 0x7fbf85b0d76c: not taken
+CND+ 0x7fbf85b0d78c: not taken
+CND+ 0x7fbf85b0d7d8: both
+CND+ 0x7fbf85b0d7e1: taken
+CND+ 0x7fbf85b0d806: not taken
+CND+ 0x7fbf85b0d840: not taken
+CND+ 0x7fbf85b0d84a: not taken
+CND+ 0x7fbf85b0d965: both
+CND+ 0x7fbf85b0d989: not taken
+CND+ 0x7fbf85b0d9b2: not taken
+CND+ 0x7fbf85b0d9bc: not taken
+CND+ 0x7fbf85b0d9e3: not taken
+CND+ 0x7fbf85b0da13: taken
+CND+ 0x7fbf85b0dafd: not taken
+CND+ 0x7fbf85b0db1a: not taken
+CND+ 0x7fbf85b0db61: taken
+CND+ 0x7fbf85b0e711: not taken
+CND+ 0x7fbf85b0e71d: not taken
+CND+ 0x7fbf85b0e722: not taken
+CND+ 0x7fbf85b0e748: not taken
+CND+ 0x7fbf85b0e74c: not taken
+CND+ 0x7fbf85b0e75f: not taken
+CND+ 0x7fbf85b0e7a4: not taken
+CND+ 0x7fbf85b0e8f3: both
+CND+ 0x7fbf85b0e90f: both
+CND+ 0x7fbf85b0e911: not taken
+CND+ 0x7fbf85b0e91a: taken
+CND+ 0x7fbf85b0ea92: not taken
+CND+ 0x7fbf85b0eaba: not taken
+CND+ 0x7fbf85b0ead5: both
+CND+ 0x7fbf85b0eade: taken
+CND+ 0x7fbf85b0eaf7: not taken
+CND+ 0x7fbf85b0eb01: not taken
+CND+ 0x7fbf85b0eb05: not taken
+CND+ 0x7fbf85b0eb19: taken
+CND+ 0x7fbf85b0ec50: not taken
+CND+ 0x7fbf85b0ec62: taken
+CND+ 0x7fbf85b0edb1: not taken
+CND+ 0x7fbf85b0edea: both
+CND+ 0x7fbf85b0ee13: not taken
+CND+ 0x7fbf85b0ee20: taken
+CND+ 0x7fbf85b0ee2d: not taken
+CND+ 0x7fbf85b0ee43: not taken
+CND+ 0x7fbf85b0ee4f: both
+CND+ 0x7fbf85b0ee58: not taken
+CND+ 0x7fbf85b0ee72: taken
+CND+ 0x7fbf85b0eee7: taken
+CND+ 0x7fbf85b0f75d: both
+CND+ 0x7fbf85b0f76f: not taken
+CND+ 0x7fbf85b0f782: both
+CND+ 0x7fbf85b0f787: both
+CND+ 0x7fbf85b0f795: both
+CND+ 0x7fbf85b0f8b1: not taken
+CND+ 0x7fbf85b0f8dc: not taken
+CND+ 0x7fbf85b0f8ea: not taken
+CND+ 0x7fbf85b0f8ec: both
+CND+ 0x7fbf85b0f8f5: not taken
+CND+ 0x7fbf85b0f8fb: taken
+CND+ 0x7fbf85b0f943: not taken
+CND+ 0x7fbf85b0f94c: taken
+CND+ 0x7fbf85b0f983: not taken
+CND+ 0x7fbf85b0f989: both
+CND+ 0x7fbf85b0f990: not taken
+CND+ 0x7fbf85b0f9ab: taken
+CND+ 0x7fbf85b0fa0b: taken
+CND+ 0x7fbf85b0fb10: both
+CND+ 0x7fbf85b0fb1c: not taken
+CND+ 0x7fbf85b0fb21: both
+CND+ 0x7fbf85b0fb2f: not taken
+CND+ 0x7fbf85b0fb37: both
+CND+ 0x7fbf85b0fb44: both
+CND+ 0x7fbf85b0fb5e: taken
+CND+ 0x7fbf85b0fb92: both
+CND+ 0x7fbf85b0fb9b: taken
+CND+ 0x7fbf85b0fbfb: taken
+CND+ 0x7fbf85b0fd68: both
+CND+ 0x7fbf85b0fd71: taken
+CND+ 0x7fbf85b0fd8b: not taken
+CND+ 0x7fbf85b0fda3: taken
+CND+ 0x7fbf85b0fddd: taken
+CND+ 0x7fbf85b0fe02: not taken
+CND+ 0x7fbf85b0fe0b: taken
+CND+ 0x7fbf85b0fe2f: not taken
+CND+ 0x7fbf85b0fe35: taken
+CND+ 0x7fbf85b0fe4f: not taken
+CND+ 0x7fbf85b0fe58: both
+CND+ 0x7fbf85b0ff7d: not taken
+CND+ 0x7fbf85b1002c: not taken
+CND+ 0x7fbf85b100c7: not taken
+CND+ 0x7fbf85b100d0: both
+CND+ 0x7fbf85b100d9: not taken
+CND+ 0x7fbf85b105a7: both
+CND+ 0x7fbf85b105ed: not taken
+CND+ 0x7fbf85b105f2: taken
+CND+ 0x7fbf85b10682: not taken
+CND+ 0x7fbf85b106a1: not taken
+CND+ 0x7fbf85b107bb: not taken
+CND+ 0x7fbf85b10835: not taken
+CND+ 0x7fbf85b10870: not taken
+CND+ 0x7fbf85b1088e: not taken
+CND+ 0x7fbf85b1089e: not taken
+CND+ 0x7fbf85b109ca: both
+CND+ 0x7fbf85b109ea: taken
+CND+ 0x7fbf85b109f6: taken
+CND+ 0x7fbf85b10a15: taken
+CND+ 0x7fbf85b10a38: not taken
+CND+ 0x7fbf85b10a48: taken
+CND+ 0x7fbf85b10abb: not taken
+CND+ 0x7fbf85b1114f: not taken
+CND+ 0x7fbf85b1116f: not taken
+CND+ 0x7fbf85b1117e: taken
+CND+ 0x7fbf85b11a5f: taken
+CND+ 0x7fbf85b11b46: not taken
+CND+ 0x7fbf85b11b50: taken
+CND+ 0x7fbf85b11b69: taken
+CND+ 0x7fbf85b11b93: taken
+CND+ 0x7fbf85b11d2b: taken
+CND+ 0x7fbf85b11e50: not taken
+CND+ 0x7fbf85b12227: taken
+CND+ 0x7fbf85b1225f: not taken
+CND+ 0x7fbf85b12278: taken
+CND+ 0x7fbf85b122b9: not taken
+CND+ 0x7fbf85b122d7: taken
+CND+ 0x7fbf85b1230b: taken
+CND+ 0x7fbf85b12383: taken
+CND+ 0x7fbf85b123e2: taken
+CND+ 0x7fbf85b12456: taken
+CND+ 0x7fbf85b12488: both
+CND+ 0x7fbf85b1248c: not taken
+CND+ 0x7fbf85b12493: not taken
+CND+ 0x7fbf85b12498: both
+CND+ 0x7fbf85b124e0: not taken
+CND+ 0x7fbf85b12512: not taken
+CND+ 0x7fbf85b12519: taken
+CND+ 0x7fbf85b12548: not taken
+CND+ 0x7fbf85b1254d: not taken
+CND+ 0x7fbf85b125c9: not taken
+CND+ 0x7fbf85b125d7: taken
+CND+ 0x7fbf85b126f8: taken
+CND+ 0x7fbf85b127b9: not taken
+CND+ 0x7fbf85b12830: not taken
+CND+ 0x7fbf85b12846: taken
+CND+ 0x7fbf85b1286e: not taken
+CND+ 0x7fbf85b12b09: not taken
+CND+ 0x7fbf85b12b13: not taken
+CND+ 0x7fbf85b12c18: taken
+CND+ 0x7fbf85b12c9d: not taken
+CND+ 0x7fbf85b12dfa: taken
+CND+ 0x7fbf85b14946: both
+CND+ 0x7fbf85b14963: both
+CND+ 0x7fbf85b14968: not taken
+CND+ 0x7fbf85b1496e: not taken
+CND+ 0x7fbf85b14986: not taken
+CND+ 0x7fbf85b1498b: both
+CND+ 0x7fbf85b1499a: both
+CND+ 0x7fbf85b1499f: both
+CND+ 0x7fbf85b149ac: both
+CND+ 0x7fbf85b149b7: both
+CND+ 0x7fbf85b149c4: not taken
+CND+ 0x7fbf85b14a10: not taken
+CND+ 0x7fbf85b14a15: taken
+CND+ 0x7fbf85b14a2e: both
+CND+ 0x7fbf85b14a32: both
+CND+ 0x7fbf85b14a5c: both
+CND+ 0x7fbf85b14add: not taken
+CND+ 0x7fbf85b14ae2: not taken
+CND+ 0x7fbf85b14afe: not taken
+CND+ 0x7fbf85b14b02: both
+CND+ 0x7fbf85b14b48: both
+CND+ 0x7fbf85b14b52: not taken
+CND+ 0x7fbf85b14b5c: not taken
+CND+ 0x7fbf85b14b65: both
+CND+ 0x7fbf85b14b6b: taken
+CND+ 0x7fbf85b14b75: not taken
+CND+ 0x7fbf85b14b95: not taken
+CND+ 0x7fbf85b14ba2: not taken
+CND+ 0x7fbf85b14bc4: not taken
+CND+ 0x7fbf85b14bce: not taken
+CND+ 0x7fbf85b14bf6: taken
+CND+ 0x7fbf85b14c24: taken
+CND+ 0x7fbf85b14ce1: not taken
+CND+ 0x7fbf85b14cea: not taken
+CND+ 0x7fbf85b14cf3: not taken
+CND+ 0x7fbf85b14d25: not taken
+CND+ 0x7fbf85b14d53: not taken
+CND+ 0x7fbf85b14d5d: not taken
+CND+ 0x7fbf85b14eb5: not taken
+CND+ 0x7fbf85b14eba: not taken
+CND+ 0x7fbf85b14ed8: both
+CND+ 0x7fbf85b14edc: taken
+CND+ 0x7fbf85b14f0f: not taken
+CND+ 0x7fbf85b14f15: not taken
+CND+ 0x7fbf85b1546f: not taken
+CND+ 0x7fbf85b1553d: not taken
+CND+ 0x7fbf85b15547: not taken
+CND+ 0x7fbf85b15605: not taken
+CND+ 0x7fbf85b1560f: not taken
+CND+ 0x7fbf85b15647: not taken
+CND+ 0x7fbf85b1565e: not taken
+CND+ 0x7fbf85b157bd: taken
+CND+ 0x7fbf85b157d2: taken
+CND+ 0x7fbf85b157df: not taken
+CND+ 0x7fbf85b157e4: both
+CND+ 0x7fbf85b157fa: taken
+CND+ 0x7fbf85b15856: not taken
+CND+ 0x7fbf85b1585b: taken
+CND+ 0x7fbf85b1587a: not taken
+CND+ 0x7fbf85b1589a: not taken
+CND+ 0x7fbf85b158b7: not taken
+CND+ 0x7fbf85b158c5: not taken
+CND+ 0x7fbf85b158d4: taken
+CND+ 0x7fbf85b15df1: not taken
+CND+ 0x7fbf85b15e0c: not taken
@0x7fbf85b04050 to 0x7fbf8963da30 4
@0x7fbf85b04080 to 0x7fbf895dd330 2
@0x7fbf85b04090 to 0x7fbf8967f710 1
@0x7fbf85b040a0 to 0x7fbf89655e70 5
@0x7fbf85b040d0 to 0x7fbf895f0a20 7
@0x7fbf85b040f0 to 0x7fbf89714800 4
@0x7fbf85b04130 to 0x7fbf896801e0 1
@0x7fbf85b04140 to 0x7fbf895f4c10 1
@0x7fbf85b04150 to 0x7fbf896a2800 4
@0x7fbf85b04160 to 0x7fbf8967f230 1
@0x7fbf85b04190 to 0x7fbf89714bc0 8
@0x7fbf85b041c0 to 0x7fbf89680200 1
@0x7fbf85b041e0 to 0x7fbf897145d0 1
@0x7fbf85b04220 to 0x7fbf89680210 2
@0x7fbf85b04230 to 0x7fbf896a3b10 1
@0x7fbf85b0616e to 0x7fbf85b061c0 1
@0x7fbf85b04280 to 0x7fbf8970fd10 11
@0x7fbf85b042a0 to 0x7fbf895f0450 4
@0x7fbf85b061ac to 0x7fbf85b06e90 1
@0x7fbf85b042d0 to 0x7fbf89710100 9
@0x7fbf85b04320 to 0x7fbf895f10f0 4
@0x7fbf85b04330 to 0x7fbf89715100 6
@0x7fbf85b04350 to 0x7fbf89680220 1
@0x7fbf85b04370 to 0x7fbf896a2800 2
@0x7fbf85b04390 to 0x7fbf8963d3e0 23
@0x7fbf85b043b0 to 0x7fbf89680230 1
@0x7fbf85b043c0 to 0x7fbf8970fe90 22
@0x7fbf85b043e0 to 0x7fbf896c0ba0 1
@0x7fbf85b04410 to 0x7fbf8963dc80 1
@0x7fbf85b04460 to 0x7fbf897150e0 13
@0x7fbf85b04510 to 0x7fbf896801f0 1
@0x7fbf85b04560 to 0x7fbf8967f4e0 1
@0x7fbf85b04570 to 0x7fbf895e9580 191
@0x7fbf85b0ff91 to 0x7fbf85b10075 1
@0x7fbf85b04784 to 0x7fbf895dcfb0 1
@0x7fbf85b15e01 to 0x7fbf85b04840 1
@0x7fbf85b1255f to 0x7fbf85b12580 1
@0x7fbf85b1255f to 0x7fbf85b125c0 1
@0x7fbf85b1255f to 0x7fbf85b125a8 2
@0x7fbf85b108af to 0x7fbf85b10a01 180
@0x7fbf85b108af to 0x7fbf85b109f0 10
@0x7fbf85b108af to 0x7fbf85b10a28 1
@0x7fbf85b14c19 to 0x7fbf85b087d0 1
@0x7fbf85b14c19 to 0x7fbf85b0f120 1
