MODULE_NAME: /bin/dash
MODULE_START: 0x7fa07c274000
+B+: 0x7fa07c278000 0x7fa07c27800f
+B+: 0x7fa07c278012 0x7fa07c278016
+B+: 0x7fa07c278050 0x7fa07c278055
+B+: 0x7fa07c278080 0x7fa07c278085
+B+: 0x7fa07c278090 0x7fa07c278095
+B+: 0x7fa07c2780a0 0x7fa07c2780a5
+B+: 0x7fa07c2780d0 0x7fa07c2780d5
+B+: 0x7fa07c2780f0 0x7fa07c2780f5
+B+: 0x7fa07c278130 0x7fa07c278135
+B+: 0x7fa07c278140 0x7fa07c278145
+B+: 0x7fa07c278150 0x7fa07c278155
+B+: 0x7fa07c278160 0x7fa07c278165
+B+: 0x7fa07c278190 0x7fa07c278195
+B+: 0x7fa07c2781c0 0x7fa07c2781c5
+B+: 0x7fa07c2781e0 0x7fa07c2781e5
+B+: 0x7fa07c278220 0x7fa07c278225
+B+: 0x7fa07c278230 0x7fa07c278235
+B+: 0x7fa07c278280 0x7fa07c278285
+B+: 0x7fa07c2782a0 0x7fa07c2782a5
+B+: 0x7fa07c2782d0 0x7fa07c2782d5
+B+: 0x7fa07c278320 0x7fa07c278325
+B+: 0x7fa07c278330 0x7fa07c278335
+B+: 0x7fa07c278350 0x7fa07c278355
+B+: 0x7fa07c278370 0x7fa07c278375
+B+: 0x7fa07c278390 0x7fa07c278395
+B+: 0x7fa07c2783b0 0x7fa07c2783b5
+B+: 0x7fa07c2783c0 0x7fa07c2783c5
+B+: 0x7fa07c2783e0 0x7fa07c2783e5
+B+: 0x7fa07c278410 0x7fa07c278415
+B+: 0x7fa07c278460 0x7fa07c278465
+B+: 0x7fa07c278510 0x7fa07c278515
+B+: 0x7fa07c278560 0x7fa07c278565
+B+: 0x7fa07c278570 0x7fa07c278575
+B+: 0x7fa07c278590 0x7fa07c2785b8
+B+: 0x7fa07c2785b9 0x7fa07c2785c4
+B+: 0x7fa07c2785c5 0x7fa07c2785cf
+B+: 0x7fa07c2785d0 0x7fa07c2785e7
+B+: 0x7fa07c2785e8 0x7fa07c2785ef
+B+: 0x7fa07c2785f0 0x7fa07c278600
+B+: 0x7fa07c278601 0x7fa07c27860b
+B+: 0x7fa07c27860c 0x7fa07c278615
+B+: 0x7fa07c278616 0x7fa07c278623
+B+: 0x7fa07c278624 0x7fa07c27862b
+B+: 0x7fa07c27862c 0x7fa07c27863c
+B+: 0x7fa07c278657 0x7fa07c278660
+B+: 0x7fa07c278661 0x7fa07c278678
+B+: 0x7fa07c278679 0x7fa07c27867f
+B+: 0x7fa07c278680 0x7fa07c27868c
+B+: 0x7fa07c27868d 0x7fa07c278696
+B+: 0x7fa07c278697 0x7fa07c27869b
+B+: 0x7fa07c278760 0x7fa07c278789
+B+: 0x7fa07c2787c0 0x7fa07c2787e3
+B+: 0x7fa07c2787f8 0x7fa07c2787f8
+B+: 0x7fa07c278840 0x7fa07c278844
+B+: 0x7fa07c278850 0x7fa07c278863
+B+: 0x7fa07c278864 0x7fa07c27886f
+B+: 0x7fa07c278870 0x7fa07c27887d
+B+: 0x7fa07c27887e 0x7fa07c2788aa
+B+: 0x7fa07c2788ab 0x7fa07c2788ac
+B+: 0x7fa07c2788cb 0x7fa07c2788d2
+B+: 0x7fa07c278a50 0x7fa07c278a57
+B+: 0x7fa07c278a58 0x7fa07c278a5e
+B+: 0x7fa07c278a5f 0x7fa07c278a63
+B+: 0x7fa07c278a71 0x7fa07c278a72
+B+: 0x7fa07c2796d0 0x7fa07c2796eb
+B+: 0x7fa07c2796ec 0x7fa07c279705
+B+: 0x7fa07c279717 0x7fa07c27971b
+B+: 0x7fa07c27971c 0x7fa07c279720
+B+: 0x7fa07c27972c 0x7fa07c279730
+B+: 0x7fa07c27973e 0x7fa07c27974d
+B+: 0x7fa07c27974e 0x7fa07c279757
+B+: 0x7fa07c279758 0x7fa07c279775
+B+: 0x7fa07c279780 0x7fa07c279788
+B+: 0x7fa07c279789 0x7fa07c279790
+B+: 0x7fa07c279791 0x7fa07c27979c
+B+: 0x7fa07c27a060 0x7fa07c27a07e
+B+: 0x7fa07c27a10d 0x7fa07c27a11c
+B+: 0x7fa07c27a11d 0x7fa07c27a123
+B+: 0x7fa07c27a140 0x7fa07c27a14a
+B+: 0x7fa07c27a14b 0x7fa07c27a152
+B+: 0x7fa07c27a153 0x7fa07c27a15d
+B+: 0x7fa07c27a15e 0x7fa07c27a16f
+B+: 0x7fa07c27a188 0x7fa07c27a18c
+B+: 0x7fa07c27a18d 0x7fa07c27a191
+B+: 0x7fa07c27a192 0x7fa07c27a19c
+B+: 0x7fa07c27a1a7 0x7fa07c27a1ad
+B+: 0x7fa07c27a1ae 0x7fa07c27a1b5
+B+: 0x7fa07c27a1c0 0x7fa07c27a1cf
+B+: 0x7fa07c27abc0 0x7fa07c27abfa
+B+: 0x7fa07c27abfb 0x7fa07c27ac07
+B+: 0x7fa07c27ac08 0x7fa07c27ac0f
+B+: 0x7fa07c27ac10 0x7fa07c27ac11
+B+: 0x7fa07c27ac18 0x7fa07c27ac21
+B+: 0x7fa07c27ac22 0x7fa07c27ac2e
+B+: 0x7fa07c27ac32 0x7fa07c27ac39
+B+: 0x7fa07c27ac3a 0x7fa07c27ac49
+B+: 0x7fa07c27ac4a 0x7fa07c27ac51
+B+: 0x7fa07c27ac52 0x7fa07c27ac58
+B+: 0x7fa07c27ac59 0x7fa07c27ac60
+B+: 0x7fa07c27ac61 0x7fa07c27ac68
+B+: 0x7fa07c27ac69 0x7fa07c27ac6d
+B+: 0x7fa07c27ac6e 0x7fa07c27ac77
+B+: 0x7fa07c27ac78 0x7fa07c27ac89
+B+: 0x7fa07c27ac8a 0x7fa07c27ac98
+B+: 0x7fa07c27ae90 0x7fa07c27aed3
+B+: 0x7fa07c27aedf 0x7fa07c27aef5
+B+: 0x7fa07c27aef6 0x7fa07c27aefa
+B+: 0x7fa07c27aefb 0x7fa07c27af5a
+B+: 0x7fa07c27af5b 0x7fa07c27af67
+B+: 0x7fa07c27af68 0x7fa07c27af77
+B+: 0x7fa07c27af78 0x7fa07c27af7f
+B+: 0x7fa07c27af80 0x7fa07c27af8b
+B+: 0x7fa07c27af8c 0x7fa07c27af94
+B+: 0x7fa07c27af95 0x7fa07c27af9b
+B+: 0x7fa07c27afa0 0x7fa07c27afaf
+B+: 0x7fa07c27afb0 0x7fa07c27afc5
+B+: 0x7fa07c27afc6 0x7fa07c27afcf
+B+: 0x7fa07c27afd0 0x7fa07c27afe3
+B+: 0x7fa07c27afe4 0x7fa07c27affc
+B+: 0x7fa07c27b019 0x7fa07c27b02b
+B+: 0x7fa07c27b02c 0x7fa07c27b034
+B+: 0x7fa07c27b035 0x7fa07c27b047
+B+: 0x7fa07c27b048 0x7fa07c27b05b
+B+: 0x7fa07c27b0a8 0x7fa07c27b0b4
+B+: 0x7fa07c27b0b5 0x7fa07c27b0b9
+B+: 0x7fa07c27b0db 0x7fa07c27b0e1
+B+: 0x7fa07c27b0f0 0x7fa07c27b103
+B+: 0x7fa07c27b104 0x7fa07c27b113
+B+: 0x7fa07c27b114 0x7fa07c27b11b
+B+: 0x7fa07c27b11c 0x7fa07c27b122
+B+: 0x7fa07c27b123 0x7fa07c27b152
+B+: 0x7fa07c27b153 0x7fa07c27b15f
+B+: 0x7fa07c27b160 0x7fa07c27b168
+B+: 0x7fa07c27b216 0x7fa07c27b21c
+B+: 0x7fa07c27b224 0x7fa07c27b22d
+B+: 0x7fa07c27b22e 0x7fa07c27b237
+B+: 0x7fa07c27b238 0x7fa07c27b241
+B+: 0x7fa07c27b242 0x7fa07c27b24b
+B+: 0x7fa07c27b25d 0x7fa07c27b266
+B+: 0x7fa07c27b267 0x7fa07c27b281
+B+: 0x7fa07c27b282 0x7fa07c27b293
+B+: 0x7fa07c27b34c 0x7fa07c27b353
+B+: 0x7fa07c27b354 0x7fa07c27b36f
+B+: 0x7fa07c27b51b 0x7fa07c27b525
+B+: 0x7fa07c27b526 0x7fa07c27b52e
+B+: 0x7fa07c27b52f 0x7fa07c27b537
+B+: 0x7fa07c27b8d0 0x7fa07c27b8ec
+B+: 0x7fa07c27b8ed 0x7fa07c27b8f1
+B+: 0x7fa07c27b8f8 0x7fa07c27b8fa
+B+: 0x7fa07c27b8fb 0x7fa07c27b907
+B+: 0x7fa07c27b908 0x7fa07c27b93e
+B+: 0x7fa07c27b93f 0x7fa07c27b940
+B+: 0x7fa07c27b963 0x7fa07c27b977
+B+: 0x7fa07c27b980 0x7fa07c27b986
+B+: 0x7fa07c27b987 0x7fa07c27b98e
+B+: 0x7fa07c27b98f 0x7fa07c27b997
+B+: 0x7fa07c27b998 0x7fa07c27b9ba
+B+: 0x7fa07c27b9bb 0x7fa07c27b9bc
+B+: 0x7fa07c27b9c0 0x7fa07c27b9e7
+B+: 0x7fa07c27b9e8 0x7fa07c27b9f7
+B+: 0x7fa07c27ba19 0x7fa07c27ba21
+B+: 0x7fa07c27ba22 0x7fa07c27ba2a
+B+: 0x7fa07c27ba2b 0x7fa07c27ba34
+B+: 0x7fa07c27ba35 0x7fa07c27ba3f
+B+: 0x7fa07c27bad0 0x7fa07c27bae9
+B+: 0x7fa07c27baea 0x7fa07c27bb00
+B+: 0x7fa07c27bb10 0x7fa07c27bb1f
+B+: 0x7fa07c27bb20 0x7fa07c27bb2b
+B+: 0x7fa07c27bb2c 0x7fa07c27bb31
+B+: 0x7fa07c27bb32 0x7fa07c27bb41
+B+: 0x7fa07c27bb56 0x7fa07c27bb61
+B+: 0x7fa07c27bb62 0x7fa07c27bb6f
+B+: 0x7fa07c27bb70 0x7fa07c27bb85
+B+: 0x7fa07c27bb86 0x7fa07c27bb97
+B+: 0x7fa07c27bb98 0x7fa07c27bbc0
+B+: 0x7fa07c27bbc8 0x7fa07c27bbcc
+B+: 0x7fa07c27bbcd 0x7fa07c27bbea
+B+: 0x7fa07c27bd70 0x7fa07c27bd98
+B+: 0x7fa07c27bda0 0x7fa07c27bda1
+B+: 0x7fa07c27bda2 0x7fa07c27bdaa
+B+: 0x7fa07c27bdab 0x7fa07c27bdc5
+B+: 0x7fa07c27bdc6 0x7fa07c27bdc9
+B+: 0x7fa07c27bdca 0x7fa07c27bdd1
+B+: 0x7fa07c27bdd2 0x7fa07c27bde6
+B+: 0x7fa07c27bdf0 0x7fa07c27be2a
+B+: 0x7fa07c27be2b 0x7fa07c27be2f
+B+: 0x7fa07c27be46 0x7fa07c27be5c
+B+: 0x7fa07c27be5d 0x7fa07c27be6e
+B+: 0x7fa07c27be90 0x7fa07c27bead
+B+: 0x7fa07c27bec8 0x7fa07c27bed1
+B+: 0x7fa07c27bed2 0x7fa07c27bedd
+B+: 0x7fa07c27bf6c 0x7fa07c27bf8f
+B+: 0x7fa07c27bf90 0x7fa07c27bf9c
+B+: 0x7fa07c27bf9d 0x7fa07c27bfa8
+B+: 0x7fa07c27bfa9 0x7fa07c27bfb0
+B+: 0x7fa07c27bfb1 0x7fa07c27bfc5
+B+: 0x7fa07c27c008 0x7fa07c27c012
+B+: 0x7fa07c27c013 0x7fa07c27c01e
+B+: 0x7fa07c27c01f 0x7fa07c27c02e
+B+: 0x7fa07c27c060 0x7fa07c27c066
+B+: 0x7fa07c27c067 0x7fa07c27c074
+B+: 0x7fa07c27c075 0x7fa07c27c086
+B+: 0x7fa07c27c087 0x7fa07c27c08e
+B+: 0x7fa07c27c08f 0x7fa07c27c0a2
+B+: 0x7fa07c27c0a3 0x7fa07c27c0b0
+B+: 0x7fa07c27c100 0x7fa07c27c116
+B+: 0x7fa07c27c145 0x7fa07c27c14d
+B+: 0x7fa07c27c14e 0x7fa07c27c157
+B+: 0x7fa07c27c160 0x7fa07c27c166
+B+: 0x7fa07c27c1c0 0x7fa07c27c1d1
+B+: 0x7fa07c27c1e8 0x7fa07c27c1ef
+B+: 0x7fa07c27c248 0x7fa07c27c25b
+B+: 0x7fa07c27c25c 0x7fa07c27c271
+B+: 0x7fa07c27c7d0 0x7fa07c27c7ff
+B+: 0x7fa07c27c80f 0x7fa07c27c812
+B+: 0x7fa07c27c813 0x7fa07c27c81c
+B+: 0x7fa07c27c81d 0x7fa07c27c820
+B+: 0x7fa07c27c821 0x7fa07c27c82f
+B+: 0x7fa07c27c830 0x7fa07c27c83a
+B+: 0x7fa07c27c84f 0x7fa07c27c85a
+B+: 0x7fa07c27c85f 0x7fa07c27c862
+B+: 0x7fa07c27c870 0x7fa07c27c877
+B+: 0x7fa07c27c878 0x7fa07c27c88d
+B+: 0x7fa07c27d440 0x7fa07c27d464
+B+: 0x7fa07c27d61e 0x7fa07c27d627
+B+: 0x7fa07c27d628 0x7fa07c27d631
+B+: 0x7fa07c27d632 0x7fa07c27d659
+B+: 0x7fa07c27d6af 0x7fa07c27d6bc
+B+: 0x7fa07c27d6c0 0x7fa07c27d6cb
+B+: 0x7fa07c27d730 0x7fa07c27d73b
+B+: 0x7fa07c27d740 0x7fa07c27d75e
+B+: 0x7fa07c27d75f 0x7fa07c27d767
+B+: 0x7fa07c27d7d2 0x7fa07c27d7e3
+B+: 0x7fa07c27d8a0 0x7fa07c27d8a7
+B+: 0x7fa07c27e260 0x7fa07c27e2a5
+B+: 0x7fa07c27e2b5 0x7fa07c27e2be
+B+: 0x7fa07c27e2bf 0x7fa07c27e2d2
+B+: 0x7fa07c27e2d3 0x7fa07c27e2fc
+B+: 0x7fa07c27e2fd 0x7fa07c27e310
+B+: 0x7fa07c27e324 0x7fa07c27e328
+B+: 0x7fa07c27e336 0x7fa07c27e33f
+B+: 0x7fa07c27e340 0x7fa07c27e344
+B+: 0x7fa07c27e370 0x7fa07c27e386
+B+: 0x7fa07c27e387 0x7fa07c27e398
+B+: 0x7fa07c27e3a0 0x7fa07c27e3b6
+B+: 0x7fa07c27e3b7 0x7fa07c27e3d7
+B+: 0x7fa07c27e3dd 0x7fa07c27e3ec
+B+: 0x7fa07c27e850 0x7fa07c27e886
+B+: 0x7fa07c27e887 0x7fa07c27e89a
+B+: 0x7fa07c27e89b 0x7fa07c27e8ad
+B+: 0x7fa07c27e8ae 0x7fa07c27e8c4
+B+: 0x7fa07c27e8c5 0x7fa07c27e8d7
+B+: 0x7fa07c27e8d8 0x7fa07c27e8e7
+B+: 0x7fa07c27e8e8 0x7fa07c27e90c
+B+: 0x7fa07c27e90d 0x7fa07c27e915
+B+: 0x7fa07c27e924 0x7fa07c27e933
+B+: 0x7fa07c27e934 0x7fa07c27e947
+B+: 0x7fa07c27e948 0x7fa07c27e954
+B+: 0x7fa07c27e955 0x7fa07c27e95f
+B+: 0x7fa07c27e960 0x7fa07c27e964
+B+: 0x7fa07c27ea6a 0x7fa07c27ea7c
+B+: 0x7fa07c27ea7d 0x7fa07c27ea9c
+B+: 0x7fa07c27eba0 0x7fa07c27ebad
+B+: 0x7fa07c27ebae 0x7fa07c27ebe1
+B+: 0x7fa07c27ebf0 0x7fa07c27ebfb
+B+: 0x7fa07c27edb0 0x7fa07c27edbd
+B+: 0x7fa07c27edbe 0x7fa07c27edca
+B+: 0x7fa07c27edcb 0x7fa07c27ede3
+B+: 0x7fa07c27ede8 0x7fa07c27edf4
+B+: 0x7fa07c27edf8 0x7fa07c27ee04
+B+: 0x7fa07c27ee05 0x7fa07c27ee12
+B+: 0x7fa07c27ee13 0x7fa07c27ee1d
+B+: 0x7fa07c27eeb4 0x7fa07c27eec1
+B+: 0x7fa07c27f160 0x7fa07c27f174
+B+: 0x7fa07c27f175 0x7fa07c27f187
+B+: 0x7fa07c27f188 0x7fa07c27f1a2
+B+: 0x7fa07c27f1a3 0x7fa07c27f1ac
+B+: 0x7fa07c27f1ad 0x7fa07c27f1b3
+B+: 0x7fa07c27f1d0 0x7fa07c27f1e5
+B+: 0x7fa07c27f1eb 0x7fa07c27f1f3
+B+: 0x7fa07c27f205 0x7fa07c27f20b
+B+: 0x7fa07c27f20c 0x7fa07c27f21d
+B+: 0x7fa07c27f21e 0x7fa07c27f226
+B+: 0x7fa07c27f227 0x7fa07c27f230
+B+: 0x7fa07c27f231 0x7fa07c27f232
+B+: 0x7fa07c27f240 0x7fa07c27f248
+B+: 0x7fa07c27f260 0x7fa07c27f260
+B+: 0x7fa07c27f520 0x7fa07c27f534
+B+: 0x7fa07c27f572 0x7fa07c27f578
+B+: 0x7fa07c27f580 0x7fa07c27f583
+B+: 0x7fa07c27f610 0x7fa07c27f656
+B+: 0x7fa07c27f65b 0x7fa07c27f686
+B+: 0x7fa07c27f687 0x7fa07c27f69d
+B+: 0x7fa07c27f6fc 0x7fa07c27f708
+B+: 0x7fa07c27f709 0x7fa07c27f711
+B+: 0x7fa07c27f712 0x7fa07c27f72a
+B+: 0x7fa07c27f72b 0x7fa07c27f73c
+B+: 0x7fa07c27f740 0x7fa07c27f747
+B+: 0x7fa07c27f748 0x7fa07c27f75f
+B+: 0x7fa07c27f760 0x7fa07c27f766
+B+: 0x7fa07c27f767 0x7fa07c27f780
+B+: 0x7fa07c27f790 0x7fa07c27f793
+B+: 0x7fa07c27f794 0x7fa07c27f798
+B+: 0x7fa07c27f7a2 0x7fa07c27f7aa
+B+: 0x7fa07c27f7ab 0x7fa07c27f7ae
+B+: 0x7fa07c27f7af 0x7fa07c27f7bd
+B+: 0x7fa07c27f7cb 0x7fa07c27f7d3
+B+: 0x7fa07c27f825 0x7fa07c27f841
+B+: 0x7fa07c27f842 0x7fa07c27f84d
+B+: 0x7fa07c27f87e 0x7fa07c27f88e
+B+: 0x7fa07c27f88f 0x7fa07c27f8a0
+B+: 0x7fa07c27f8a1 0x7fa07c27f8ad
+B+: 0x7fa07c27fc10 0x7fa07c27fc30
+B+: 0x7fa07c27fc31 0x7fa07c27fc58
+B+: 0x7fa07c27fc5e 0x7fa07c27fc66
+B+: 0x7fa07c27fc67 0x7fa07c27fc6f
+B+: 0x7fa07c27fc78 0x7fa07c27fc87
+B+: 0x7fa07c27fc88 0x7fa07c27fc89
+B+: 0x7fa07c27fca0 0x7fa07c27fcaf
+B+: 0x7fa07c27fcba 0x7fa07c27fcc4
+B+: 0x7fa07c27fce0 0x7fa07c27fce8
+B+: 0x7fa07c280360 0x7fa07c28036b
+B+: 0x7fa07c280480 0x7fa07c280480
+B+: 0x7fa07c2809c0 0x7fa07c2809db
+B+: 0x7fa07c280a16 0x7fa07c280a32
+B+: 0x7fa07c280a33 0x7fa07c280a52
+B+: 0x7fa07c280a63 0x7fa07c280a6a
+B+: 0x7fa07c280a90 0x7fa07c280aa6
+B+: 0x7fa07c280aa7 0x7fa07c280aae
+B+: 0x7fa07c280aaf 0x7fa07c280ab6
+B+: 0x7fa07c280af6 0x7fa07c280b01
+B+: 0x7fa07c280b0c 0x7fa07c280b34
+B+: 0x7fa07c280b40 0x7fa07c280b57
+B+: 0x7fa07c280b58 0x7fa07c280b5f
+B+: 0x7fa07c280b60 0x7fa07c280b67
+B+: 0x7fa07c280b68 0x7fa07c280b70
+B+: 0x7fa07c280b71 0x7fa07c280b7a
+B+: 0x7fa07c280b7b 0x7fa07c280b80
+B+: 0x7fa07c280b97 0x7fa07c280b9c
+B+: 0x7fa07c280c0a 0x7fa07c280c3d
+B+: 0x7fa07c280c47 0x7fa07c280c53
+B+: 0x7fa07c280ed0 0x7fa07c280ede
+B+: 0x7fa07c280edf 0x7fa07c280ee7
+B+: 0x7fa07c280ee8 0x7fa07c280efc
+B+: 0x7fa07c280efd 0x7fa07c280f02
+B+: 0x7fa07c280f03 0x7fa07c280f1b
+B+: 0x7fa07c280f1c 0x7fa07c280f21
+B+: 0x7fa07c280f22 0x7fa07c280f2b
+B+: 0x7fa07c280fc0 0x7fa07c280fc7
+B+: 0x7fa07c280fc8 0x7fa07c280fd0
+B+: 0x7fa07c281760 0x7fa07c281768
+B+: 0x7fa07c281769 0x7fa07c28176d
+B+: 0x7fa07c28176e 0x7fa07c281772
+B+: 0x7fa07c281780 0x7fa07c281788
+B+: 0x7fa07c281789 0x7fa07c28178d
+B+: 0x7fa07c28178e 0x7fa07c281792
+B+: 0x7fa07c2817c0 0x7fa07c2817d9
+B+: 0x7fa07c2817da 0x7fa07c2817e6
+B+: 0x7fa07c2817f7 0x7fa07c281802
+B+: 0x7fa07c281803 0x7fa07c28180b
+B+: 0x7fa07c28180c 0x7fa07c281841
+B+: 0x7fa07c281842 0x7fa07c28184b
+B+: 0x7fa07c28184c 0x7fa07c281852
+B+: 0x7fa07c281853 0x7fa07c281875
+B+: 0x7fa07c281880 0x7fa07c28188e
+B+: 0x7fa07c2818b0 0x7fa07c2818c8
+B+: 0x7fa07c281900 0x7fa07c281941
+B+: 0x7fa07c281950 0x7fa07c281966
+B+: 0x7fa07c281967 0x7fa07c28197e
+B+: 0x7fa07c28197f 0x7fa07c28198a
+B+: 0x7fa07c28198b 0x7fa07c2819b3
+B+: 0x7fa07c2819b4 0x7fa07c2819bd
+B+: 0x7fa07c2819be 0x7fa07c2819bf
+B+: 0x7fa07c2819d0 0x7fa07c2819e8
+B+: 0x7fa07c2819e9 0x7fa07c281a14
+B+: 0x7fa07c281a1e 0x7fa07c281a25
+B+: 0x7fa07c281a26 0x7fa07c281a33
+B+: 0x7fa07c281a34 0x7fa07c281a46
+B+: 0x7fa07c281ae0 0x7fa07c281afe
+B+: 0x7fa07c281aff 0x7fa07c281b0c
+B+: 0x7fa07c281b0d 0x7fa07c281b1b
+B+: 0x7fa07c281b1c 0x7fa07c281b2c
+B+: 0x7fa07c281b40 0x7fa07c281b62
+B+: 0x7fa07c281b98 0x7fa07c281ba9
+B+: 0x7fa07c2826d0 0x7fa07c2826f4
+B+: 0x7fa07c2826f5 0x7fa07c28270d
+B+: 0x7fa07c28270e 0x7fa07c282712
+B+: 0x7fa07c282713 0x7fa07c28271e
+B+: 0x7fa07c28271f 0x7fa07c282723
+B+: 0x7fa07c282724 0x7fa07c282728
+B+: 0x7fa07c282729 0x7fa07c282730
+B+: 0x7fa07c28273c 0x7fa07c282749
+B+: 0x7fa07c28274a 0x7fa07c28274d
+B+: 0x7fa07c28274e 0x7fa07c282760
+B+: 0x7fa07c282761 0x7fa07c28276b
+B+: 0x7fa07c282790 0x7fa07c28279d
+B+: 0x7fa07c28279e 0x7fa07c2827a5
+B+: 0x7fa07c2827a6 0x7fa07c2827a7
+B+: 0x7fa07c282890 0x7fa07c28289d
+B+: 0x7fa07c28289e 0x7fa07c2828a9
+B+: 0x7fa07c2828aa 0x7fa07c2828bd
+B+: 0x7fa07c2828c0 0x7fa07c2828ca
+B+: 0x7fa07c2828d0 0x7fa07c2828ef
+B+: 0x7fa07c2828f0 0x7fa07c2828f4
+B+: 0x7fa07c2828f5 0x7fa07c28290c
+B+: 0x7fa07c28290d 0x7fa07c282910
+B+: 0x7fa07c282911 0x7fa07c282912
+B+: 0x7fa07c282913 0x7fa07c28291b
+B+: 0x7fa07c28291c 0x7fa07c282930
+B+: 0x7fa07c282938 0x7fa07c28293c
+B+: 0x7fa07c282980 0x7fa07c28298f
+B+: 0x7fa07c282990 0x7fa07c28299b
+B+: 0x7fa07c28299c 0x7fa07c2829ab
+B+: 0x7fa07c282a80 0x7fa07c282a93
+B+: 0x7fa07c282a94 0x7fa07c282aac
+B+: 0x7fa07c282aad 0x7fa07c282abf
+B+: 0x7fa07c282ac0 0x7fa07c282ada
+B+: 0x7fa07c282adb 0x7fa07c282ae3
+B+: 0x7fa07c282aec 0x7fa07c282af8
+B+: 0x7fa07c282af9 0x7fa07c282b02
+B+: 0x7fa07c282b03 0x7fa07c282b06
+B+: 0x7fa07c282b07 0x7fa07c282b1a
+B+: 0x7fa07c282c49 0x7fa07c282c55
+B+: 0x7fa07c282c56 0x7fa07c282c67
+B+: 0x7fa07c282c82 0x7fa07c282c93
+B+: 0x7fa07c282d77 0x7fa07c282d82
+B+: 0x7fa07c282da0 0x7fa07c282db2
+B+: 0x7fa07c282db3 0x7fa07c282ddf
+B+: 0x7fa07c282de0 0x7fa07c282deb
+B+: 0x7fa07c282dec 0x7fa07c282dfc
+B+: 0x7fa07c282dfd 0x7fa07c282e18
+B+: 0x7fa07c282e19 0x7fa07c282e25
+B+: 0x7fa07c282e26 0x7fa07c282e2e
+B+: 0x7fa07c282e2f 0x7fa07c282e3f
+B+: 0x7fa07c282e40 0x7fa07c282e44
+B+: 0x7fa07c282e45 0x7fa07c282e50
+B+: 0x7fa07c282e51 0x7fa07c282e5d
+B+: 0x7fa07c282e5e 0x7fa07c282e77
+B+: 0x7fa07c282ece 0x7fa07c282ed2
+B+: 0x7fa07c282ed3 0x7fa07c282ede
+B+: 0x7fa07c282ee0 0x7fa07c282eec
+B+: 0x7fa07c282f60 0x7fa07c282f7c
+B+: 0x7fa07c283120 0x7fa07c283128
+B+: 0x7fa07c283129 0x7fa07c283147
+B+: 0x7fa07c283750 0x7fa07c28375e
+B+: 0x7fa07c28375f 0x7fa07c283763
+B+: 0x7fa07c283764 0x7fa07c283770
+B+: 0x7fa07c283771 0x7fa07c283777
+B+: 0x7fa07c283778 0x7fa07c283783
+B+: 0x7fa07c283784 0x7fa07c283788
+B+: 0x7fa07c283789 0x7fa07c28378d
+B+: 0x7fa07c28378e 0x7fa07c283796
+B+: 0x7fa07c283797 0x7fa07c28379e
+B+: 0x7fa07c283890 0x7fa07c283892
+B+: 0x7fa07c2838a7 0x7fa07c2838ab
+B+: 0x7fa07c2838ac 0x7fa07c2838b2
+B+: 0x7fa07c2838b3 0x7fa07c2838b6
+B+: 0x7fa07c2838d0 0x7fa07c2838e1
+B+: 0x7fa07c2838e2 0x7fa07c2838e6
+B+: 0x7fa07c2838e7 0x7fa07c2838eb
+B+: 0x7fa07c2838ec 0x7fa07c2838f1
+B+: 0x7fa07c2838f2 0x7fa07c2838fa
+B+: 0x7fa07c2838fb 0x7fa07c2838fc
+B+: 0x7fa07c283940 0x7fa07c283948
+B+: 0x7fa07c283949 0x7fa07c283951
+B+: 0x7fa07c283980 0x7fa07c283988
+B+: 0x7fa07c283989 0x7fa07c28398a
+B+: 0x7fa07c28398b 0x7fa07c283991
+B+: 0x7fa07c283992 0x7fa07c2839a2
+B+: 0x7fa07c2839a8 0x7fa07c2839ac
+B+: 0x7fa07c2839eb 0x7fa07c283a00
+B+: 0x7fa07c283a08 0x7fa07c283a10
+B+: 0x7fa07c283af0 0x7fa07c283b11
+B+: 0x7fa07c283b12 0x7fa07c283b16
+B+: 0x7fa07c283b17 0x7fa07c283b1d
+B+: 0x7fa07c283b1e 0x7fa07c283b26
+B+: 0x7fa07c283b27 0x7fa07c283b34
+B+: 0x7fa07c283b35 0x7fa07c283b3c
+B+: 0x7fa07c283b3d 0x7fa07c283b49
+B+: 0x7fa07c283b4a 0x7fa07c283b5a
+B+: 0x7fa07c283b5b 0x7fa07c283b63
+B+: 0x7fa07c283b7f 0x7fa07c283b93
+B+: 0x7fa07c283b94 0x7fa07c283b9c
+B+: 0x7fa07c283be0 0x7fa07c283bf7
+B+: 0x7fa07c283bf8 0x7fa07c283c00
+B+: 0x7fa07c283c1b 0x7fa07c283c2b
+B+: 0x7fa07c283d40 0x7fa07c283d5e
+B+: 0x7fa07c283d5f 0x7fa07c283d6d
+B+: 0x7fa07c283d6e 0x7fa07c283d72
+B+: 0x7fa07c283d7d 0x7fa07c283d90
+B+: 0x7fa07c283d91 0x7fa07c283d95
+B+: 0x7fa07c283d96 0x7fa07c283d9a
+B+: 0x7fa07c283da0 0x7fa07c283da4
+B+: 0x7fa07c283dd5 0x7fa07c283dd9
+B+: 0x7fa07c283dda 0x7fa07c283dde
+B+: 0x7fa07c283df0 0x7fa07c283dfb
+B+: 0x7fa07c283dfc 0x7fa07c283e07
+B+: 0x7fa07c283e08 0x7fa07c283e10
+B+: 0x7fa07c283e2c 0x7fa07c283e30
+B+: 0x7fa07c283e31 0x7fa07c283e36
+B+: 0x7fa07c283e41 0x7fa07c283e45
+B+: 0x7fa07c283e46 0x7fa07c283e54
+B+: 0x7fa07c283e55 0x7fa07c283e5d
+B+: 0x7fa07c283e5e 0x7fa07c283e62
+B+: 0x7fa07c283e63 0x7fa07c283e74
+B+: 0x7fa07c283e78 0x7fa07c283e84
+B+: 0x7fa07c283ea0 0x7fa07c283ea4
+B+: 0x7fa07c283ef0 0x7fa07c283f03
+B+: 0x7fa07c283f40 0x7fa07c283f76
+B+: 0x7fa07c283f77 0x7fa07c283f82
+B+: 0x7fa07c283f83 0x7fa07c283f92
+B+: 0x7fa07c28401b 0x7fa07c284031
+B+: 0x7fa07c284032 0x7fa07c284040
+B+: 0x7fa07c284075 0x7fa07c2840b8
+B+: 0x7fa07c2840b9 0x7fa07c2840c3
+B+: 0x7fa07c2840c4 0x7fa07c2840cc
+B+: 0x7fa07c2840cd 0x7fa07c2840d5
+B+: 0x7fa07c2840d6 0x7fa07c2840de
+B+: 0x7fa07c2840df 0x7fa07c284106
+B+: 0x7fa07c284107 0x7fa07c284133
+B+: 0x7fa07c284578 0x7fa07c284581
+B+: 0x7fa07c284582 0x7fa07c2845a8
+B+: 0x7fa07c2845a9 0x7fa07c2845b6
+B+: 0x7fa07c2845d0 0x7fa07c2845e0
+B+: 0x7fa07c2845e1 0x7fa07c2845ee
+B+: 0x7fa07c2845ef 0x7fa07c2845f3
+B+: 0x7fa07c284670 0x7fa07c28467e
+B+: 0x7fa07c28467f 0x7fa07c284683
+B+: 0x7fa07c284684 0x7fa07c284692
+B+: 0x7fa07c284693 0x7fa07c28469a
+B+: 0x7fa07c28469b 0x7fa07c2846a2
+B+: 0x7fa07c2846a3 0x7fa07c2846b7
+B+: 0x7fa07c284790 0x7fa07c2847bc
+B+: 0x7fa07c2847bd 0x7fa07c2847d4
+B+: 0x7fa07c2847e0 0x7fa07c28483a
+B+: 0x7fa07c28483b 0x7fa07c284875
+B+: 0x7fa07c284876 0x7fa07c284893
+B+: 0x7fa07c284894 0x7fa07c2848a3
+B+: 0x7fa07c2848a4 0x7fa07c2848b0
+B+: 0x7fa07c2849b4 0x7fa07c2849b8
+B+: 0x7fa07c2849b9 0x7fa07c2849cf
+B+: 0x7fa07c2849d0 0x7fa07c2849dc
+B+: 0x7fa07c2849dd 0x7fa07c2849ef
+B+: 0x7fa07c2849f0 0x7fa07c2849f7
+B+: 0x7fa07c284a01 0x7fa07c284a16
+B+: 0x7fa07c284a28 0x7fa07c284a3d
+B+: 0x7fa07c284a3e 0x7fa07c284a4d
+B+: 0x7fa07c284a79 0x7fa07c284a97
+B+: 0x7fa07c284a98 0x7fa07c284ac0
+B+: 0x7fa07c284ac1 0x7fa07c284acf
+B+: 0x7fa07c285148 0x7fa07c285154
+B+: 0x7fa07c285155 0x7fa07c285174
+B+: 0x7fa07c285175 0x7fa07c28517f
+B+: 0x7fa07c2851ac 0x7fa07c2851b0
+B+: 0x7fa07c2851b1 0x7fa07c2851b5
+B+: 0x7fa07c285a40 0x7fa07c285a64
+B+: 0x7fa07c285b10 0x7fa07c285b1a
+B+: 0x7fa07c285b40 0x7fa07c285b47
+B+: 0x7fa07c285b48 0x7fa07c285b51
+B+: 0x7fa07c285b58 0x7fa07c285b60
+B+: 0x7fa07c285b61 0x7fa07c285b6a
+B+: 0x7fa07c285b88 0x7fa07c285b8c
+B+: 0x7fa07c285b8d 0x7fa07c285b94
+B+: 0x7fa07c285ba0 0x7fa07c285ba4
+B+: 0x7fa07c285d00 0x7fa07c285d30
+B+: 0x7fa07c285e3f 0x7fa07c285e55
+B+: 0x7fa07c285e56 0x7fa07c285e67
+B+: 0x7fa07c2861e0 0x7fa07c286222
+B+: 0x7fa07c286223 0x7fa07c286228
+B+: 0x7fa07c28624c 0x7fa07c286260
+B+: 0x7fa07c286261 0x7fa07c286269
+B+: 0x7fa07c286270 0x7fa07c286279
+B+: 0x7fa07c286288 0x7fa07c2862a0
+B+: 0x7fa07c2862a1 0x7fa07c2862ba
+B+: 0x7fa07c2862bb 0x7fa07c2862bc
+B+: 0x7fa07c2862d0 0x7fa07c2862d8
+B+: 0x7fa07c2862f8 0x7fa07c2862f8
+B+: 0x7fa07c286300 0x7fa07c28630c
+B+: 0x7fa07c28633f 0x7fa07c286343
+B+: 0x7fa07c286380 0x7fa07c286384
+B+: 0x7fa07c2863d0 0x7fa07c2863e3
+B+: 0x7fa07c286400 0x7fa07c286400
+B+: 0x7fa07c286420 0x7fa07c28645b
+B+: 0x7fa07c286467 0x7fa07c286471
+B+: 0x7fa07c286472 0x7fa07c286489
+B+: 0x7fa07c28648a 0x7fa07c28648d
+B+: 0x7fa07c28648e 0x7fa07c286494
+B+: 0x7fa07c286495 0x7fa07c28649d
+B+: 0x7fa07c28649e 0x7fa07c2864a9
+B+: 0x7fa07c2864aa 0x7fa07c2864c2
+B+: 0x7fa07c2864c3 0x7fa07c2864ce
+B+: 0x7fa07c2864cf 0x7fa07c2864e5
+B+: 0x7fa07c2864e6 0x7fa07c2864f5
+B+: 0x7fa07c286500 0x7fa07c28650e
+B+: 0x7fa07c28650f 0x7fa07c286513
+B+: 0x7fa07c286514 0x7fa07c28651e
+B+: 0x7fa07c286540 0x7fa07c286549
+B+: 0x7fa07c28654a 0x7fa07c28654e
+B+: 0x7fa07c28654f 0x7fa07c286560
+B+: 0x7fa07c286568 0x7fa07c286577
+B+: 0x7fa07c286580 0x7fa07c286589
+B+: 0x7fa07c2865a8 0x7fa07c2865bb
+B+: 0x7fa07c2865c0 0x7fa07c2865ce
+B+: 0x7fa07c2865cf 0x7fa07c2865dc
+B+: 0x7fa07c2866f0 0x7fa07c2866fd
+B+: 0x7fa07c2867a0 0x7fa07c2867a0
+B+: 0x7fa07c2867b0 0x7fa07c2867ba
+B+: 0x7fa07c2867bb 0x7fa07c2867ce
+B+: 0x7fa07c2867cf 0x7fa07c2867d8
+B+: 0x7fa07c2867d9 0x7fa07c2867e6
+B+: 0x7fa07c286800 0x7fa07c28682d
+B+: 0x7fa07c28682e 0x7fa07c286831
+B+: 0x7fa07c286832 0x7fa07c286847
+B+: 0x7fa07c286864 0x7fa07c28686b
+B+: 0x7fa07c28686c 0x7fa07c28686f
+B+: 0x7fa07c286870 0x7fa07c286876
+B+: 0x7fa07c286877 0x7fa07c28687b
+B+: 0x7fa07c28687c 0x7fa07c286886
+B+: 0x7fa07c286ae0 0x7fa07c286b01
+B+: 0x7fa07c286b02 0x7fa07c286b0a
+B+: 0x7fa07c286b0b 0x7fa07c286b14
+B+: 0x7fa07c286b15 0x7fa07c286b19
+B+: 0x7fa07c286c00 0x7fa07c286c19
+B+: 0x7fa07c286c51 0x7fa07c286c8e
+B+: 0x7fa07c286c8f 0x7fa07c286c9e
+B+: 0x7fa07c286c9f 0x7fa07c286ca6
+B+: 0x7fa07c286df0 0x7fa07c286dfb
+B+: 0x7fa07c286e20 0x7fa07c286e20
+B+: 0x7fa07c286e30 0x7fa07c286e38
+B+: 0x7fa07c288940 0x7fa07c28894b
+B+: 0x7fa07c28894c 0x7fa07c288957
+B+: 0x7fa07c288958 0x7fa07c288964
+B+: 0x7fa07c288965 0x7fa07c288969
+B+: 0x7fa07c28896a 0x7fa07c28896f
+B+: 0x7fa07c288970 0x7fa07c288976
+B+: 0x7fa07c288980 0x7fa07c288987
+B+: 0x7fa07c288988 0x7fa07c28898c
+B+: 0x7fa07c28898d 0x7fa07c28899b
+B+: 0x7fa07c28899c 0x7fa07c2889a0
+B+: 0x7fa07c2889a1 0x7fa07c2889a8
+B+: 0x7fa07c2889a9 0x7fa07c2889ad
+B+: 0x7fa07c2889ae 0x7fa07c2889b8
+B+: 0x7fa07c2889b9 0x7fa07c2889b9
+B+: 0x7fa07c2889c0 0x7fa07c2889c5
+B+: 0x7fa07c2889c6 0x7fa07c2889c9
+B+: 0x7fa07c2889d0 0x7fa07c2889d0
+B+: 0x7fa07c2889d1 0x7fa07c2889d5
+B+: 0x7fa07c2889d6 0x7fa07c2889d9
+B+: 0x7fa07c2889e0 0x7fa07c2889ff
+B+: 0x7fa07c288a00 0x7fa07c288a11
+B+: 0x7fa07c288a12 0x7fa07c288a16
+B+: 0x7fa07c288a20 0x7fa07c288a22
+B+: 0x7fa07c288a23 0x7fa07c288a2f
+B+: 0x7fa07c288a30 0x7fa07c288a33
+B+: 0x7fa07c288a34 0x7fa07c288a5d
+B+: 0x7fa07c288a5e 0x7fa07c288a62
+B+: 0x7fa07c288a63 0x7fa07c288a82
+B+: 0x7fa07c288ac0 0x7fa07c288ade
+B+: 0x7fa07c288adf 0x7fa07c288ae3
+B+: 0x7fa07c288ae4 0x7fa07c288ae8
+B+: 0x7fa07c288af0 0x7fa07c288af2
+B+: 0x7fa07c288af3 0x7fa07c288aff
+B+: 0x7fa07c288b00 0x7fa07c288b03
+B+: 0x7fa07c288b04 0x7fa07c288b3e
+B+: 0x7fa07c288b3f 0x7fa07c288b49
+B+: 0x7fa07c288b4a 0x7fa07c288b57
+B+: 0x7fa07c288b58 0x7fa07c288b5d
+B+: 0x7fa07c288b5e 0x7fa07c288b66
+B+: 0x7fa07c288b67 0x7fa07c288b70
+B+: 0x7fa07c288b71 0x7fa07c288b7a
+B+: 0x7fa07c288b7b 0x7fa07c288b9a
+B+: 0x7fa07c288b9b 0x7fa07c288ba3
+B+: 0x7fa07c288ba4 0x7fa07c288bbd
+B+: 0x7fa07c288bc0 0x7fa07c288bc5
+B+: 0x7fa07c288bc6 0x7fa07c288bcf
+B+: 0x7fa07c288bd0 0x7fa07c288bd9
+B+: 0x7fa07c288bda 0x7fa07c288bf7
+B+: 0x7fa07c288c08 0x7fa07c288c14
+B+: 0x7fa07c288c15 0x7fa07c288c1b
+B+: 0x7fa07c288c1c 0x7fa07c288c29
+B+: 0x7fa07c288cb0 0x7fa07c288cca
+B+: 0x7fa07c288ccb 0x7fa07c288cda
+B+: 0x7fa07c288cdb 0x7fa07c288ce6
+B+: 0x7fa07c288ce7 0x7fa07c288cef
+B+: 0x7fa07c288cf0 0x7fa07c288cf4
+B+: 0x7fa07c288cf5 0x7fa07c288cfc
+B+: 0x7fa07c288cfd 0x7fa07c288d10
+B+: 0x7fa07c288d11 0x7fa07c288d21
+B+: 0x7fa07c288d22 0x7fa07c288d26
+B+: 0x7fa07c288d27 0x7fa07c288d38
+B+: 0x7fa07c288d39 0x7fa07c288d4b
+B+: 0x7fa07c288d4c 0x7fa07c288d54
+B+: 0x7fa07c288d55 0x7fa07c288d5e
+B+: 0x7fa07c288d5f 0x7fa07c288d6d
+B+: 0x7fa07c288ea0 0x7fa07c288eb6
+B+: 0x7fa07c288eb7 0x7fa07c288ebb
+B+: 0x7fa07c288ebc 0x7fa07c288ec0
+B+: 0x7fa07c288ec8 0x7fa07c288ecb
+B+: 0x7fa07c288ecc 0x7fa07c288ed9
+B+: 0x7fa07c288eda 0x7fa07c288edd
+B+: 0x7fa07c288ede 0x7fa07c288f06
+B+: 0x7fa07c288f07 0x7fa07c288f10
+B+: 0x7fa07c288f11 0x7fa07c288f16
+B+: 0x7fa07c288f17 0x7fa07c288f24
+B+: 0x7fa07c288f25 0x7fa07c288f2d
+B+: 0x7fa07c289440 0x7fa07c28946b
+B+: 0x7fa07c28946c 0x7fa07c289470
+B+: 0x7fa07c289471 0x7fa07c289475
+B+: 0x7fa07c289536 0x7fa07c28953e
+B+: 0x7fa07c28953f 0x7fa07c289548
+B+: 0x7fa07c289549 0x7fa07c289551
+B+: 0x7fa07c2895d0 0x7fa07c2895e4
+B+: 0x7fa07c2895e5 0x7fa07c289606
+B+: 0x7fa07c289607 0x7fa07c289610
+B+: 0x7fa07c289611 0x7fa07c289618
+B+: 0x7fa07c289640 0x7fa07c289648
+B+: 0x7fa07c289649 0x7fa07c289656
+B+: 0x7fa07c289657 0x7fa07c28965f
+B+: 0x7fa07c289660 0x7fa07c289661
+B+: 0x7fa07c289760 0x7fa07c2897aa
+B+: 0x7fa07c2897ab 0x7fa07c2897af
+B+: 0x7fa07c2897b0 0x7fa07c2897be
+B+: 0x7fa07c2897c8 0x7fa07c2897d3
+B+: 0x7fa07c2897d4 0x7fa07c2897d8
+B+: 0x7fa07c2897d9 0x7fa07c2897e0
+B+: 0x7fa07c2897e1 0x7fa07c2897e5
+B+: 0x7fa07c2897e6 0x7fa07c2897f3
+B+: 0x7fa07c2897f4 0x7fa07c2897fb
+B+: 0x7fa07c289800 0x7fa07c289810
+B+: 0x7fa07c289811 0x7fa07c289815
+B+: 0x7fa07c289816 0x7fa07c289832
+B+: 0x7fa07c289833 0x7fa07c289843
+B+: 0x7fa07c289844 0x7fa07c28984f
+B+: 0x7fa07c289850 0x7fa07c289857
+B+: 0x7fa07c289858 0x7fa07c28985c
+B+: 0x7fa07c28985d 0x7fa07c289868
+B+: 0x7fa07c289869 0x7fa07c28987b
+B+: 0x7fa07c28987c 0x7fa07c289884
+B+: 0x7fa07c289888 0x7fa07c289897
+B+: 0x7fa07c289898 0x7fa07c28989b
+B+: 0x7fa07c28989c 0x7fa07c2898b4
+B+: 0x7fa07c2898b5 0x7fa07c2898b8
+B+: 0x7fa07c2898b9 0x7fa07c2898c6
+B+: 0x7fa07c2898c7 0x7fa07c2898d5
+B+: 0x7fa07c289dc0 0x7fa07c289dec
+B+: 0x7fa07c289ded 0x7fa07c289df2
+B+: 0x7fa07c289df3 0x7fa07c289e04
+B+: 0x7fa07c289e05 0x7fa07c289e0d
+B+: 0x7fa07c289e0e 0x7fa07c289e1c
+CND+ 0x7fa07c27800e: taken
+CND+ 0x7fa07c2785ea: not taken
+CND+ 0x7fa07c278626: not taken
+CND+ 0x7fa07c27863b: taken
+CND+ 0x7fa07c278673: not taken
+CND+ 0x7fa07c278687: not taken
+CND+ 0x7fa07c278695: not taken
+CND+ 0x7fa07c2787e2: taken
+CND+ 0x7fa07c278862: not taken
+CND+ 0x7fa07c27887c: both
+CND+ 0x7fa07c2788a9: not taken
+CND+ 0x7fa07c278a5d: not taken
+CND+ 0x7fa07c278a62: taken
+CND+ 0x7fa07c2796e6: not taken
+CND+ 0x7fa07c279704: taken
+CND+ 0x7fa07c27971a: not taken
+CND+ 0x7fa07c27971f: taken
+CND+ 0x7fa07c27972f: taken
+CND+ 0x7fa07c27974c: not taken
+CND+ 0x7fa07c279756: not taken
+CND+ 0x7fa07c27978f: not taken
+CND+ 0x7fa07c27979b: taken
+CND+ 0x7fa07c27a079: taken
+CND+ 0x7fa07c27a11b: not taken
+CND+ 0x7fa07c27a149: not taken
+CND+ 0x7fa07c27a158: not taken
+CND+ 0x7fa07c27a190: not taken
+CND+ 0x7fa07c27a1ce: taken
+CND+ 0x7fa07c27ac20: not taken
+CND+ 0x7fa07c27ac2d: taken
+CND+ 0x7fa07c27ac48: not taken
+CND+ 0x7fa07c27ac5f: both
+CND+ 0x7fa07c27ac88: not taken
+CND+ 0x7fa07c27aed2: taken
+CND+ 0x7fa07c27af55: not taken
+CND+ 0x7fa07c27af7e: not taken
+CND+ 0x7fa07c27af8a: not taken
+CND+ 0x7fa07c27af93: both
+CND+ 0x7fa07c27afc4: not taken
+CND+ 0x7fa07c27afe2: both
+CND+ 0x7fa07c27affb: taken
+CND+ 0x7fa07c27b05a: taken
+CND+ 0x7fa07c27b0af: not taken
+CND+ 0x7fa07c27b0b8: taken
+CND+ 0x7fa07c27b0e0: taken
+CND+ 0x7fa07c27b116: not taken
+CND+ 0x7fa07c27b15a: not taken
+CND+ 0x7fa07c27b163: taken
+CND+ 0x7fa07c27b21b: taken
+CND+ 0x7fa07c27b24a: taken
+CND+ 0x7fa07c27b27c: not taken
+CND+ 0x7fa07c27b36a: taken
+CND+ 0x7fa07c27b520: not taken
+CND+ 0x7fa07c27b529: not taken
+CND+ 0x7fa07c27b532: taken
+CND+ 0x7fa07c27b8eb: not taken
+CND+ 0x7fa07c27b906: both
+CND+ 0x7fa07c27b93d: not taken
+CND+ 0x7fa07c27b985: both
+CND+ 0x7fa07c27b9f6: taken
+CND+ 0x7fa07c27ba20: both
+CND+ 0x7fa07c27ba29: not taken
+CND+ 0x7fa07c27ba33: not taken
+CND+ 0x7fa07c27bae4: not taken
+CND+ 0x7fa07c27bafb: taken
+CND+ 0x7fa07c27bb2a: both
+CND+ 0x7fa07c27bb30: both
+CND+ 0x7fa07c27bb40: taken
+CND+ 0x7fa07c27bb60: not taken
+CND+ 0x7fa07c27bb96: not taken
+CND+ 0x7fa07c27bbe5: taken
+CND+ 0x7fa07c27bda0: not taken
+CND+ 0x7fa07c27bda9: not taken
+CND+ 0x7fa07c27bdc8: both
+CND+ 0x7fa07c27bdd0: both
+CND+ 0x7fa07c27be2e: taken
+CND+ 0x7fa07c27be57: not taken
+CND+ 0x7fa07c27beac: taken
+CND+ 0x7fa07c27bed8: taken
+CND+ 0x7fa07c27bfa3: not taken
+CND+ 0x7fa07c27bfc0: taken
+CND+ 0x7fa07c27c019: not taken
+CND+ 0x7fa07c27c065: not taken
+CND+ 0x7fa07c27c06f: not taken
+CND+ 0x7fa07c27c089: both
+CND+ 0x7fa07c27c09d: not taken
+CND+ 0x7fa07c27c0ab: taken
+CND+ 0x7fa07c27c14c: not taken
+CND+ 0x7fa07c27c156: taken
+CND+ 0x7fa07c27c1cc: taken
+CND+ 0x7fa07c27c1ee: taken
+CND+ 0x7fa07c27c811: both
+CND+ 0x7fa07c27c81b: not taken
+CND+ 0x7fa07c27c81f: not taken
+CND+ 0x7fa07c27c839: taken
+CND+ 0x7fa07c27c859: taken
+CND+ 0x7fa07c27c861: taken
+CND+ 0x7fa07c27d45f: taken
+CND+ 0x7fa07c27d626: not taken
+CND+ 0x7fa07c27d6ca: taken
+CND+ 0x7fa07c27d762: taken
+CND+ 0x7fa07c27e2a4: taken
+CND+ 0x7fa07c27e2bd: not taken
+CND+ 0x7fa07c27e2cd: not taken
+CND+ 0x7fa07c27e30f: taken
+CND+ 0x7fa07c27e327: taken
+CND+ 0x7fa07c27e33a: not taken
+CND+ 0x7fa07c27e343: taken
+CND+ 0x7fa07c27e381: not taken
+CND+ 0x7fa07c27e3d6: taken
+CND+ 0x7fa07c27e3e7: taken
+CND+ 0x7fa07c27e895: not taken
+CND+ 0x7fa07c27e8a8: not taken
+CND+ 0x7fa07c27e8d2: not taken
+CND+ 0x7fa07c27e907: not taken
+CND+ 0x7fa07c27e942: taken
+CND+ 0x7fa07c27e953: not taken
+CND+ 0x7fa07c27e963: taken
+CND+ 0x7fa07c27ea7b: not taken
+CND+ 0x7fa07c27edbc: both
+CND+ 0x7fa07c27edc9: both
+CND+ 0x7fa07c27ee03: not taken
+CND+ 0x7fa07c27ee0d: not taken
+CND+ 0x7fa07c27ee18: taken
+CND+ 0x7fa07c27f1a1: not taken
+CND+ 0x7fa07c27f1ab: not taken
+CND+ 0x7fa07c27f1e4: taken
+CND+ 0x7fa07c27f1f2: taken
+CND+ 0x7fa07c27f20a: not taken
+CND+ 0x7fa07c27f225: not taken
+CND+ 0x7fa07c27f22f: not taken
+CND+ 0x7fa07c27f247: taken
+CND+ 0x7fa07c27f533: taken
+CND+ 0x7fa07c27f582: taken
+CND+ 0x7fa07c27f655: taken
+CND+ 0x7fa07c27f698: taken
+CND+ 0x7fa07c27f703: not taken
+CND+ 0x7fa07c27f70c: taken
+CND+ 0x7fa07c27f725: not taken
+CND+ 0x7fa07c27f742: not taken
+CND+ 0x7fa07c27f75a: not taken
+CND+ 0x7fa07c27f765: not taken
+CND+ 0x7fa07c27f792: not taken
+CND+ 0x7fa07c27f797: taken
+CND+ 0x7fa07c27f7a9: taken
+CND+ 0x7fa07c27f7ad: not taken
+CND+ 0x7fa07c27f7bc: taken
+CND+ 0x7fa07c27f7ce: taken
+CND+ 0x7fa07c27f848: taken
+CND+ 0x7fa07c27f889: not taken
+CND+ 0x7fa07c27f89b: not taken
+CND+ 0x7fa07c27f8a8: taken
+CND+ 0x7fa07c27fc2f: not taken
+CND+ 0x7fa07c27fc57: taken
+CND+ 0x7fa07c27fc65: not taken
+CND+ 0x7fa07c27fc6e: taken
+CND+ 0x7fa07c27fc86: not taken
+CND+ 0x7fa07c27fcae: taken
+CND+ 0x7fa07c280366: taken
+CND+ 0x7fa07c2809d6: taken
+CND+ 0x7fa07c280a31: not taken
+CND+ 0x7fa07c280a51: taken
+CND+ 0x7fa07c280aad: not taken
+CND+ 0x7fa07c280ab5: taken
+CND+ 0x7fa07c280b00: taken
+CND+ 0x7fa07c280b5a: not taken
+CND+ 0x7fa07c280b62: not taken
+CND+ 0x7fa07c280b6b: not taken
+CND+ 0x7fa07c280b75: not taken
+CND+ 0x7fa07c280b7f: taken
+CND+ 0x7fa07c280b9b: taken
+CND+ 0x7fa07c280c3c: taken
+CND+ 0x7fa07c280ed9: not taken
+CND+ 0x7fa07c280ee6: not taken
+CND+ 0x7fa07c280f01: not taken
+CND+ 0x7fa07c280f1a: not taken
+CND+ 0x7fa07c280f20: not taken
+CND+ 0x7fa07c280f26: taken
+CND+ 0x7fa07c28176c: not taken
+CND+ 0x7fa07c28178c: not taken
+CND+ 0x7fa07c2817d8: both
+CND+ 0x7fa07c2817e1: taken
+CND+ 0x7fa07c281806: not taken
+CND+ 0x7fa07c281840: not taken
+CND+ 0x7fa07c28184a: not taken
+CND+ 0x7fa07c281965: both
+CND+ 0x7fa07c281989: not taken
+CND+ 0x7fa07c2819b2: not taken
+CND+ 0x7fa07c2819bc: not taken
+CND+ 0x7fa07c2819e3: not taken
+CND+ 0x7fa07c281a13: taken
+CND+ 0x7fa07c281afd: not taken
+CND+ 0x7fa07c281b1a: not taken
+CND+ 0x7fa07c281b61: taken
+CND+ 0x7fa07c282711: not taken
+CND+ 0x7fa07c28271d: not taken
+CND+ 0x7fa07c282722: not taken
+CND+ 0x7fa07c282748: not taken
+CND+ 0x7fa07c28274c: not taken
+CND+ 0x7fa07c28275f: not taken
+CND+ 0x7fa07c2827a4: not taken
+CND+ 0x7fa07c2828f3: both
+CND+ 0x7fa07c28290f: both
+CND+ 0x7fa07c282911: not taken
+CND+ 0x7fa07c28291a: taken
+CND+ 0x7fa07c282a92: not taken
+CND+ 0x7fa07c282aba: not taken
+CND+ 0x7fa07c282ad5: both
+CND+ 0x7fa07c282ade: taken
+CND+ 0x7fa07c282af7: not taken
+CND+ 0x7fa07c282b01: not taken
+CND+ 0x7fa07c282b05: not taken
+CND+ 0x7fa07c282b19: taken
+CND+ 0x7fa07c282c50: not taken
+CND+ 0x7fa07c282c62: taken
+CND+ 0x7fa07c282db1: not taken
+CND+ 0x7fa07c282dea: both
+CND+ 0x7fa07c282e13: not taken
+CND+ 0x7fa07c282e20: taken
+CND+ 0x7fa07c282e2d: not taken
+CND+ 0x7fa07c282e43: not taken
+CND+ 0x7fa07c282e4f: both
+CND+ 0x7fa07c282e58: not taken
+CND+ 0x7fa07c282e72: taken
+CND+ 0x7fa07c282ee7: taken
+CND+ 0x7fa07c28375d: both
+CND+ 0x7fa07c28376f: not taken
+CND+ 0x7fa07c283782: both
+CND+ 0x7fa07c283787: both
+CND+ 0x7fa07c283795: both
+CND+ 0x7fa07c2838b1: not taken
+CND+ 0x7fa07c2838dc: not taken
+CND+ 0x7fa07c2838ea: not taken
+CND+ 0x7fa07c2838ec: both
+CND+ 0x7fa07c2838f5: not taken
+CND+ 0x7fa07c2838fb: taken
+CND+ 0x7fa07c283943: not taken
+CND+ 0x7fa07c28394c: taken
+CND+ 0x7fa07c283983: not taken
+CND+ 0x7fa07c283989: both
+CND+ 0x7fa07c283990: not taken
+CND+ 0x7fa07c2839ab: taken
+CND+ 0x7fa07c283a0b: taken
+CND+ 0x7fa07c283b10: both
+CND+ 0x7fa07c283b1c: not taken
+CND+ 0x7fa07c283b21: both
+CND+ 0x7fa07c283b2f: not taken
+CND+ 0x7fa07c283b37: both
+CND+ 0x7fa07c283b44: both
+CND+ 0x7fa07c283b5e: taken
+CND+ 0x7fa07c283b92: both
+CND+ 0x7fa07c283b9b: taken
+CND+ 0x7fa07c283bfb: taken
+CND+ 0x7fa07c283d68: both
+CND+ 0x7fa07c283d71: taken
+CND+ 0x7fa07c283d8b: not taken
+CND+ 0x7fa07c283da3: taken
+CND+ 0x7fa07c283ddd: taken
+CND+ 0x7fa07c283e02: not taken
+CND+ 0x7fa07c283e0b: taken
+CND+ 0x7fa07c283e2f: not taken
+CND+ 0x7fa07c283e35: taken
+CND+ 0x7fa07c283e4f: not taken
+CND+ 0x7fa07c283e58: both
+CND+ 0x7fa07c283f7d: not taken
+CND+ 0x7fa07c28402c: not taken
+CND+ 0x7fa07c2840c7: not taken
+CND+ 0x7fa07c2840d0: both
+CND+ 0x7fa07c2840d9: not taken
+CND+ 0x7fa07c2845a7: both
+CND+ 0x7fa07c2845ed: not taken
+CND+ 0x7fa07c2845f2: taken
+CND+ 0x7fa07c284682: not taken
+CND+ 0x7fa07c2846a1: not taken
+CND+ 0x7fa07c2847bb: not taken
+CND+ 0x7fa07c284835: not taken
+CND+ 0x7fa07c284870: not taken
+CND+ 0x7fa07c28488e: not taken
+CND+ 0x7fa07c28489e: not taken
+CND+ 0x7fa07c2849ca: both
+CND+ 0x7fa07c2849ea: taken
+CND+ 0x7fa07c2849f6: taken
+CND+ 0x7fa07c284a15: taken
+CND+ 0x7fa07c284a38: not taken
+CND+ 0x7fa07c284a48: taken
+CND+ 0x7fa07c284abb: not taken
+CND+ 0x7fa07c28514f: not taken
+CND+ 0x7fa07c28516f: not taken
+CND+ 0x7fa07c28517e: taken
+CND+ 0x7fa07c285a5f: taken
+CND+ 0x7fa07c285b46: not taken
+CND+ 0x7fa07c285b50: taken
+CND+ 0x7fa07c285b69: taken
+CND+ 0x7fa07c285b93: taken
+CND+ 0x7fa07c285d2b: taken
+CND+ 0x7fa07c285e50: not taken
+CND+ 0x7fa07c286227: taken
+CND+ 0x7fa07c28625f: not taken
+CND+ 0x7fa07c286278: taken
+CND+ 0x7fa07c2862b9: not taken
+CND+ 0x7fa07c2862d7: taken
+CND+ 0x7fa07c28630b: taken
+CND+ 0x7fa07c286383: taken
+CND+ 0x7fa07c2863e2: taken
+CND+ 0x7fa07c286456: taken
+CND+ 0x7fa07c286488: both
+CND+ 0x7fa07c28648c: not taken
+CND+ 0x7fa07c286493: not taken
+CND+ 0x7fa07c286498: both
+CND+ 0x7fa07c2864e0: not taken
+CND+ 0x7fa07c286512: not taken
+CND+ 0x7fa07c286519: taken
+CND+ 0x7fa07c286548: not taken
+CND+ 0x7fa07c28654d: not taken
+CND+ 0x7fa07c2865c9: not taken
+CND+ 0x7fa07c2865d7: taken
+CND+ 0x7fa07c2866f8: taken
+CND+ 0x7fa07c2867b9: not taken
+CND+ 0x7fa07c286830: not taken
+CND+ 0x7fa07c286846: taken
+CND+ 0x7fa07c28686e: not taken
+CND+ 0x7fa07c286b09: not taken
+CND+ 0x7fa07c286b13: not taken
+CND+ 0x7fa07c286c18: taken
+CND+ 0x7fa07c286c9d: not taken
+CND+ 0x7fa07c286dfa: taken
+CND+ 0x7fa07c288946: both
+CND+ 0x7fa07c288963: both
+CND+ 0x7fa07c288968: not taken
+CND+ 0x7fa07c28896e: not taken
+CND+ 0x7fa07c288986: not taken
+CND+ 0x7fa07c28898b: both
+CND+ 0x7fa07c28899a: both
+CND+ 0x7fa07c28899f: both
+CND+ 0x7fa07c2889ac: both
+CND+ 0x7fa07c2889b7: both
+CND+ 0x7fa07c2889c4: not taken
+CND+ 0x7fa07c288a10: not taken
+CND+ 0x7fa07c288a15: taken
+CND+ 0x7fa07c288a2e: both
+CND+ 0x7fa07c288a32: both
+CND+ 0x7fa07c288a5c: both
+CND+ 0x7fa07c288add: not taken
+CND+ 0x7fa07c288ae2: not taken
+CND+ 0x7fa07c288afe: not taken
+CND+ 0x7fa07c288b02: both
+CND+ 0x7fa07c288b48: both
+CND+ 0x7fa07c288b52: not taken
+CND+ 0x7fa07c288b5c: not taken
+CND+ 0x7fa07c288b65: both
+CND+ 0x7fa07c288b6b: taken
+CND+ 0x7fa07c288b75: not taken
+CND+ 0x7fa07c288b95: not taken
+CND+ 0x7fa07c288ba2: not taken
+CND+ 0x7fa07c288bc4: not taken
+CND+ 0x7fa07c288bce: not taken
+CND+ 0x7fa07c288bf6: taken
+CND+ 0x7fa07c288c24: taken
+CND+ 0x7fa07c288ce1: not taken
+CND+ 0x7fa07c288cea: not taken
+CND+ 0x7fa07c288cf3: not taken
+CND+ 0x7fa07c288d25: not taken
+CND+ 0x7fa07c288d53: not taken
+CND+ 0x7fa07c288d5d: not taken
+CND+ 0x7fa07c288eb5: not taken
+CND+ 0x7fa07c288eba: not taken
+CND+ 0x7fa07c288ed8: both
+CND+ 0x7fa07c288edc: taken
+CND+ 0x7fa07c288f0f: not taken
+CND+ 0x7fa07c288f15: not taken
+CND+ 0x7fa07c28946f: not taken
+CND+ 0x7fa07c28953d: not taken
+CND+ 0x7fa07c289547: not taken
+CND+ 0x7fa07c289605: not taken
+CND+ 0x7fa07c28960f: not taken
+CND+ 0x7fa07c289647: not taken
+CND+ 0x7fa07c28965e: not taken
+CND+ 0x7fa07c2897bd: taken
+CND+ 0x7fa07c2897d2: taken
+CND+ 0x7fa07c2897df: not taken
+CND+ 0x7fa07c2897e4: both
+CND+ 0x7fa07c2897fa: taken
+CND+ 0x7fa07c289856: not taken
+CND+ 0x7fa07c28985b: taken
+CND+ 0x7fa07c28987a: not taken
+CND+ 0x7fa07c28989a: not taken
+CND+ 0x7fa07c2898b7: not taken
+CND+ 0x7fa07c2898c5: not taken
+CND+ 0x7fa07c2898d4: taken
+CND+ 0x7fa07c289df1: not taken
+CND+ 0x7fa07c289e0c: not taken
@0x7fa07c27a16e to 0x7fa07c27a1c0 1
@0x7fa07c278280 to 0x7fa07fe83d10 11
@0x7fa07c2782a0 to 0x7fa07fd64450 4
@0x7fa07c27a1ac to 0x7fa07c27ae90 1
@0x7fa07c2782d0 to 0x7fa07fe84100 9
@0x7fa07c278320 to 0x7fa07fd650f0 4
@0x7fa07c278330 to 0x7fa07fe89100 6
@0x7fa07c278350 to 0x7fa07fdf4220 1
@0x7fa07c278370 to 0x7fa07fe16800 2
@0x7fa07c278390 to 0x7fa07fdb13e0 23
@0x7fa07c2783b0 to 0x7fa07fdf4230 1
@0x7fa07c2783c0 to 0x7fa07fe83e90 22
@0x7fa07c2783e0 to 0x7fa07fe34ba0 1
@0x7fa07c278410 to 0x7fa07fdb1c80 1
@0x7fa07c278460 to 0x7fa07fe890e0 13
@0x7fa07c278510 to 0x7fa07fdf41f0 1
@0x7fa07c278560 to 0x7fa07fdf34e0 1
@0x7fa07c278570 to 0x7fa07fd5d580 191
@0x7fa07c283f91 to 0x7fa07c284075 1
@0x7fa07c278784 to 0x7fa07fd50fb0 1
@0x7fa07c289e01 to 0x7fa07c278840 1
@0x7fa07c28655f to 0x7fa07c286580 1
@0x7fa07c28655f to 0x7fa07c2865c0 1
@0x7fa07c28655f to 0x7fa07c2865a8 2
@0x7fa07c2848af to 0x7fa07c284a01 180
@0x7fa07c2848af to 0x7fa07c2849f0 10
@0x7fa07c2848af to 0x7fa07c284a28 1
@0x7fa07c288c19 to 0x7fa07c27c7d0 1
@0x7fa07c288c19 to 0x7fa07c283120 1
@0x7fa07c278050 to 0x7fa07fdb1a30 4
@0x7fa07c278080 to 0x7fa07fd51330 2
@0x7fa07c278090 to 0x7fa07fdf3710 1
@0x7fa07c2780a0 to 0x7fa07fdc9e70 5
@0x7fa07c2780d0 to 0x7fa07fd64a20 7
@0x7fa07c2780f0 to 0x7fa07fe88800 4
@0x7fa07c278130 to 0x7fa07fdf41e0 1
@0x7fa07c278140 to 0x7fa07fd68c10 1
@0x7fa07c278150 to 0x7fa07fe16800 4
@0x7fa07c278160 to 0x7fa07fdf3230 1
@0x7fa07c278190 to 0x7fa07fe88bc0 8
@0x7fa07c2781c0 to 0x7fa07fdf4200 1
@0x7fa07c2781e0 to 0x7fa07fe885d0 1
@0x7fa07c278220 to 0x7fa07fdf4210 2
@0x7fa07c278230 to 0x7fa07fe17b10 1
