MODULE_NAME: /usr/bin/gs
MODULE_START: 0x7f2ec53ba000
+B+: 0x7f2ec53bb000 0x7f2ec53bb00f
+B+: 0x7f2ec53bb012 0x7f2ec53bb016
+B+: 0x7f2ec53bb020 0x7f2ec53bb02b
+B+: 0x7f2ec53bb030 0x7f2ec53bb035
+B+: 0x7f2ec53bb036 0x7f2ec53bb03f
+B+: 0x7f2ec53bb040 0x7f2ec53bb045
+B+: 0x7f2ec53bb046 0x7f2ec53bb04f
+B+: 0x7f2ec53bb050 0x7f2ec53bb055
+B+: 0x7f2ec53bb056 0x7f2ec53bb05f
+B+: 0x7f2ec53bb0b0 0x7f2ec53bb0b5
+B+: 0x7f2ec53bb0b6 0x7f2ec53bb0bf
+B+: 0x7f2ec53bb0c0 0x7f2ec53bb0c5
+B+: 0x7f2ec53bb0c6 0x7f2ec53bb0cf
+B+: 0x7f2ec53bb0e0 0x7f2ec53bb0e5
+B+: 0x7f2ec53bb0f0 0x7f2ec53bb121
+B+: 0x7f2ec53bb122 0x7f2ec53bb127
+B+: 0x7f2ec53bb128 0x7f2ec53bb130
+B+: 0x7f2ec53bb131 0x7f2ec53bb132
+B+: 0x7f2ec53bb133 0x7f2ec53bb137
+B+: 0x7f2ec53bb13d 0x7f2ec53bb152
+B+: 0x7f2ec53bb153 0x7f2ec53bb15b
+B+: 0x7f2ec53bb178 0x7f2ec53bb183
+B+: 0x7f2ec53bb184 0x7f2ec53bb1a2
+B+: 0x7f2ec53bb1a3 0x7f2ec53bb1b1
+B+: 0x7f2ec53bb1b2 0x7f2ec53bb1b7
+B+: 0x7f2ec53bb1b8 0x7f2ec53bb1c1
+B+: 0x7f2ec53bb1c2 0x7f2ec53bb1c5
+B+: 0x7f2ec53bb1c6 0x7f2ec53bb1ca
+B+: 0x7f2ec53bb1cb 0x7f2ec53bb1d6
+B+: 0x7f2ec53bb1d7 0x7f2ec53bb1db
+B+: 0x7f2ec53bb1dc 0x7f2ec53bb1e0
+B+: 0x7f2ec53bb213 0x7f2ec53bb216
+B+: 0x7f2ec53bb220 0x7f2ec53bb249
+B+: 0x7f2ec53bb250 0x7f2ec53bb262
+B+: 0x7f2ec53bb278 0x7f2ec53bb278
+B+: 0x7f2ec53bb280 0x7f2ec53bb2a3
+B+: 0x7f2ec53bb2b8 0x7f2ec53bb2b8
+B+: 0x7f2ec53bb2c0 0x7f2ec53bb2c8
+B+: 0x7f2ec53bb2c9 0x7f2ec53bb2d6
+B+: 0x7f2ec53bb2d7 0x7f2ec53bb2e2
+B+: 0x7f2ec53bb2e3 0x7f2ec53bb2e7
+B+: 0x7f2ec53bb2e8 0x7f2ec53bb2f0
+B+: 0x7f2ec53bb300 0x7f2ec53bb304
+B+: 0x7f2ec53bb3c0 0x7f2ec53bb3ec
+B+: 0x7f2ec53bb3ed 0x7f2ec53bb3f2
+B+: 0x7f2ec53bb3f3 0x7f2ec53bb404
+B+: 0x7f2ec53bb405 0x7f2ec53bb40d
+B+: 0x7f2ec53bb40e 0x7f2ec53bb41c
+B+: 0x7f2ec53bb424 0x7f2ec53bb42c
+CND+ 0x7f2ec53bb00e: taken
+CND+ 0x7f2ec53bb126: taken
+CND+ 0x7f2ec53bb12b: not taken
+CND+ 0x7f2ec53bb131: not taken
+CND+ 0x7f2ec53bb136: taken
+CND+ 0x7f2ec53bb14d: not taken
+CND+ 0x7f2ec53bb1b6: not taken
+CND+ 0x7f2ec53bb1c4: not taken
+CND+ 0x7f2ec53bb1c9: taken
+CND+ 0x7f2ec53bb1df: taken
+CND+ 0x7f2ec53bb261: taken
+CND+ 0x7f2ec53bb2a2: taken
+CND+ 0x7f2ec53bb2c7: not taken
+CND+ 0x7f2ec53bb2d5: not taken
+CND+ 0x7f2ec53bb3f1: not taken
+CND+ 0x7f2ec53bb40c: not taken
@0x7f2ec53bb026 to 0x7f2ec93aa500 5
@0x7f2ec53bb030 to 0x7f2ec53bb036 1
@0x7f2ec53bb040 to 0x7f2ec53bb046 1
@0x7f2ec53bb050 to 0x7f2ec53bb056 1
@0x7f2ec53bb0b0 to 0x7f2ec53bb0b6 1
@0x7f2ec53bb0c0 to 0x7f2ec53bb0c6 1
@0x7f2ec53bb0e0 to 0x7f2ec7f101c0 1
@0x7f2ec53bb244 to 0x7f2ec7ef9fb0 1
@0x7f2ec53bb401 to 0x7f2ec53bb300 1
