MODULE_NAME: /usr/bin/gs
MODULE_START: 0x7f7f75744000
+B+: 0x7f7f75745000 0x7f7f7574500f
+B+: 0x7f7f75745012 0x7f7f75745016
+B+: 0x7f7f75745020 0x7f7f7574502b
+B+: 0x7f7f75745030 0x7f7f75745035
+B+: 0x7f7f75745036 0x7f7f7574503f
+B+: 0x7f7f75745040 0x7f7f75745045
+B+: 0x7f7f75745046 0x7f7f7574504f
+B+: 0x7f7f75745050 0x7f7f75745055
+B+: 0x7f7f75745056 0x7f7f7574505f
+B+: 0x7f7f75745090 0x7f7f75745095
+B+: 0x7f7f75745096 0x7f7f7574509f
+B+: 0x7f7f757450b0 0x7f7f757450b5
+B+: 0x7f7f757450b6 0x7f7f757450bf
+B+: 0x7f7f757450c0 0x7f7f757450c5
+B+: 0x7f7f757450c6 0x7f7f757450cf
+B+: 0x7f7f757450d0 0x7f7f757450d5
+B+: 0x7f7f757450d6 0x7f7f757450df
+B+: 0x7f7f757450e0 0x7f7f757450e5
+B+: 0x7f7f757450f0 0x7f7f75745121
+B+: 0x7f7f75745122 0x7f7f75745127
+B+: 0x7f7f75745128 0x7f7f75745130
+B+: 0x7f7f75745131 0x7f7f75745132
+B+: 0x7f7f75745133 0x7f7f75745137
+B+: 0x7f7f75745138 0x7f7f75745152
+B+: 0x7f7f75745153 0x7f7f7574515b
+B+: 0x7f7f75745184 0x7f7f757451a2
+B+: 0x7f7f757451a3 0x7f7f757451b1
+B+: 0x7f7f757451b2 0x7f7f757451b7
+B+: 0x7f7f757451b8 0x7f7f757451c1
+B+: 0x7f7f757451c2 0x7f7f757451c5
+B+: 0x7f7f757451c6 0x7f7f757451ca
+B+: 0x7f7f757451cb 0x7f7f757451d6
+B+: 0x7f7f757451d7 0x7f7f757451db
+B+: 0x7f7f75745220 0x7f7f75745249
+B+: 0x7f7f75745250 0x7f7f75745262
+B+: 0x7f7f75745278 0x7f7f75745278
+B+: 0x7f7f75745280 0x7f7f757452a3
+B+: 0x7f7f757452b8 0x7f7f757452b8
+B+: 0x7f7f757452c0 0x7f7f757452c8
+B+: 0x7f7f757452c9 0x7f7f757452d6
+B+: 0x7f7f757452d7 0x7f7f757452e2
+B+: 0x7f7f757452e3 0x7f7f757452e7
+B+: 0x7f7f757452e8 0x7f7f757452f0
+B+: 0x7f7f75745300 0x7f7f75745304
+B+: 0x7f7f75745350 0x7f7f75745373
+B+: 0x7f7f75745374 0x7f7f7574537c
+B+: 0x7f7f7574537d 0x7f7f75745385
+B+: 0x7f7f757453c0 0x7f7f757453ec
+B+: 0x7f7f757453ed 0x7f7f757453f2
+B+: 0x7f7f757453f3 0x7f7f75745404
+B+: 0x7f7f75745405 0x7f7f7574540d
+B+: 0x7f7f7574540e 0x7f7f7574541c
+B+: 0x7f7f75745424 0x7f7f7574542c
+CND+ 0x7f7f7574500e: taken
+CND+ 0x7f7f75745126: taken
+CND+ 0x7f7f7574512b: not taken
+CND+ 0x7f7f75745131: not taken
+CND+ 0x7f7f75745136: not taken
+CND+ 0x7f7f7574514d: not taken
+CND+ 0x7f7f757451b6: not taken
+CND+ 0x7f7f757451c4: not taken
+CND+ 0x7f7f757451c9: not taken
+CND+ 0x7f7f75745261: taken
+CND+ 0x7f7f757452a2: taken
+CND+ 0x7f7f757452c7: not taken
+CND+ 0x7f7f757452d5: not taken
+CND+ 0x7f7f757453f1: not taken
+CND+ 0x7f7f7574540c: not taken
@0x7f7f75745026 to 0x7f7f79734500 7
@0x7f7f75745030 to 0x7f7f75745036 1
@0x7f7f75745040 to 0x7f7f75745046 1
@0x7f7f75745050 to 0x7f7f75745056 1
@0x7f7f75745090 to 0x7f7f75745096 1
@0x7f7f757450b0 to 0x7f7f757450b6 1
@0x7f7f757450c0 to 0x7f7f757450c6 1
@0x7f7f757450d0 to 0x7f7f757450d6 1
@0x7f7f757450e0 to 0x7f7f7829a1c0 1
@0x7f7f75745244 to 0x7f7f78283fb0 1
@0x7f7f75745401 to 0x7f7f75745300 1
