MODULE_NAME: /bin/dash
MODULE_START: 0x7f7461d51000
+B+: 0x7f7461d55000 0x7f7461d5500f
+B+: 0x7f7461d55012 0x7f7461d55016
+B+: 0x7f7461d55050 0x7f7461d55055
+B+: 0x7f7461d55080 0x7f7461d55085
+B+: 0x7f7461d55090 0x7f7461d55095
+B+: 0x7f7461d550a0 0x7f7461d550a5
+B+: 0x7f7461d550d0 0x7f7461d550d5
+B+: 0x7f7461d550f0 0x7f7461d550f5
+B+: 0x7f7461d55130 0x7f7461d55135
+B+: 0x7f7461d55140 0x7f7461d55145
+B+: 0x7f7461d55150 0x7f7461d55155
+B+: 0x7f7461d55160 0x7f7461d55165
+B+: 0x7f7461d55190 0x7f7461d55195
+B+: 0x7f7461d551c0 0x7f7461d551c5
+B+: 0x7f7461d551e0 0x7f7461d551e5
+B+: 0x7f7461d55220 0x7f7461d55225
+B+: 0x7f7461d55230 0x7f7461d55235
+B+: 0x7f7461d55280 0x7f7461d55285
+B+: 0x7f7461d552a0 0x7f7461d552a5
+B+: 0x7f7461d552d0 0x7f7461d552d5
+B+: 0x7f7461d55320 0x7f7461d55325
+B+: 0x7f7461d55330 0x7f7461d55335
+B+: 0x7f7461d55350 0x7f7461d55355
+B+: 0x7f7461d55370 0x7f7461d55375
+B+: 0x7f7461d55390 0x7f7461d55395
+B+: 0x7f7461d553b0 0x7f7461d553b5
+B+: 0x7f7461d553c0 0x7f7461d553c5
+B+: 0x7f7461d553e0 0x7f7461d553e5
+B+: 0x7f7461d55410 0x7f7461d55415
+B+: 0x7f7461d55460 0x7f7461d55465
+B+: 0x7f7461d55510 0x7f7461d55515
+B+: 0x7f7461d55560 0x7f7461d55565
+B+: 0x7f7461d55570 0x7f7461d55575
+B+: 0x7f7461d55590 0x7f7461d555b8
+B+: 0x7f7461d555b9 0x7f7461d555c4
+B+: 0x7f7461d555c5 0x7f7461d555cf
+B+: 0x7f7461d555d0 0x7f7461d555e7
+B+: 0x7f7461d555e8 0x7f7461d555ef
+B+: 0x7f7461d555f0 0x7f7461d55600
+B+: 0x7f7461d55601 0x7f7461d5560b
+B+: 0x7f7461d5560c 0x7f7461d55615
+B+: 0x7f7461d55616 0x7f7461d55623
+B+: 0x7f7461d55624 0x7f7461d5562b
+B+: 0x7f7461d5562c 0x7f7461d5563c
+B+: 0x7f7461d55657 0x7f7461d55660
+B+: 0x7f7461d55661 0x7f7461d55678
+B+: 0x7f7461d55679 0x7f7461d5567f
+B+: 0x7f7461d55680 0x7f7461d5568c
+B+: 0x7f7461d5568d 0x7f7461d55696
+B+: 0x7f7461d55697 0x7f7461d5569b
+B+: 0x7f7461d55760 0x7f7461d55789
+B+: 0x7f7461d557c0 0x7f7461d557e3
+B+: 0x7f7461d557f8 0x7f7461d557f8
+B+: 0x7f7461d55840 0x7f7461d55844
+B+: 0x7f7461d55850 0x7f7461d55863
+B+: 0x7f7461d55864 0x7f7461d5586f
+B+: 0x7f7461d55870 0x7f7461d5587d
+B+: 0x7f7461d5587e 0x7f7461d558aa
+B+: 0x7f7461d558ab 0x7f7461d558ac
+B+: 0x7f7461d558cb 0x7f7461d558d2
+B+: 0x7f7461d55a50 0x7f7461d55a57
+B+: 0x7f7461d55a58 0x7f7461d55a5e
+B+: 0x7f7461d55a5f 0x7f7461d55a63
+B+: 0x7f7461d55a71 0x7f7461d55a72
+B+: 0x7f7461d566d0 0x7f7461d566eb
+B+: 0x7f7461d566ec 0x7f7461d56705
+B+: 0x7f7461d56717 0x7f7461d5671b
+B+: 0x7f7461d5671c 0x7f7461d56720
+B+: 0x7f7461d5672c 0x7f7461d56730
+B+: 0x7f7461d5673e 0x7f7461d5674d
+B+: 0x7f7461d5674e 0x7f7461d56757
+B+: 0x7f7461d56758 0x7f7461d56775
+B+: 0x7f7461d56780 0x7f7461d56788
+B+: 0x7f7461d56789 0x7f7461d56790
+B+: 0x7f7461d56791 0x7f7461d5679c
+B+: 0x7f7461d57060 0x7f7461d5707e
+B+: 0x7f7461d5710d 0x7f7461d5711c
+B+: 0x7f7461d5711d 0x7f7461d57123
+B+: 0x7f7461d57140 0x7f7461d5714a
+B+: 0x7f7461d5714b 0x7f7461d57152
+B+: 0x7f7461d57153 0x7f7461d5715d
+B+: 0x7f7461d5715e 0x7f7461d5716f
+B+: 0x7f7461d57188 0x7f7461d5718c
+B+: 0x7f7461d5718d 0x7f7461d57191
+B+: 0x7f7461d57192 0x7f7461d5719c
+B+: 0x7f7461d571a7 0x7f7461d571ad
+B+: 0x7f7461d571ae 0x7f7461d571b5
+B+: 0x7f7461d571c0 0x7f7461d571cf
+B+: 0x7f7461d57bc0 0x7f7461d57bfa
+B+: 0x7f7461d57bfb 0x7f7461d57c07
+B+: 0x7f7461d57c08 0x7f7461d57c0f
+B+: 0x7f7461d57c10 0x7f7461d57c11
+B+: 0x7f7461d57c18 0x7f7461d57c21
+B+: 0x7f7461d57c22 0x7f7461d57c2e
+B+: 0x7f7461d57c32 0x7f7461d57c39
+B+: 0x7f7461d57c3a 0x7f7461d57c49
+B+: 0x7f7461d57c4a 0x7f7461d57c51
+B+: 0x7f7461d57c52 0x7f7461d57c58
+B+: 0x7f7461d57c59 0x7f7461d57c60
+B+: 0x7f7461d57c61 0x7f7461d57c68
+B+: 0x7f7461d57c69 0x7f7461d57c6d
+B+: 0x7f7461d57c6e 0x7f7461d57c77
+B+: 0x7f7461d57c78 0x7f7461d57c89
+B+: 0x7f7461d57c8a 0x7f7461d57c98
+B+: 0x7f7461d57e90 0x7f7461d57ed3
+B+: 0x7f7461d57edf 0x7f7461d57ef5
+B+: 0x7f7461d57ef6 0x7f7461d57efa
+B+: 0x7f7461d57efb 0x7f7461d57f5a
+B+: 0x7f7461d57f5b 0x7f7461d57f67
+B+: 0x7f7461d57f68 0x7f7461d57f77
+B+: 0x7f7461d57f78 0x7f7461d57f7f
+B+: 0x7f7461d57f80 0x7f7461d57f8b
+B+: 0x7f7461d57f8c 0x7f7461d57f94
+B+: 0x7f7461d57f95 0x7f7461d57f9b
+B+: 0x7f7461d57fa0 0x7f7461d57faf
+B+: 0x7f7461d57fb0 0x7f7461d57fc5
+B+: 0x7f7461d57fc6 0x7f7461d57fcf
+B+: 0x7f7461d57fd0 0x7f7461d57fe3
+B+: 0x7f7461d57fe4 0x7f7461d57ffc
+B+: 0x7f7461d58019 0x7f7461d5802b
+B+: 0x7f7461d5802c 0x7f7461d58034
+B+: 0x7f7461d58035 0x7f7461d58047
+B+: 0x7f7461d58048 0x7f7461d5805b
+B+: 0x7f7461d580a8 0x7f7461d580b4
+B+: 0x7f7461d580b5 0x7f7461d580b9
+B+: 0x7f7461d580db 0x7f7461d580e1
+B+: 0x7f7461d580f0 0x7f7461d58103
+B+: 0x7f7461d58104 0x7f7461d58113
+B+: 0x7f7461d58114 0x7f7461d5811b
+B+: 0x7f7461d5811c 0x7f7461d58122
+B+: 0x7f7461d58123 0x7f7461d58152
+B+: 0x7f7461d58153 0x7f7461d5815f
+B+: 0x7f7461d58160 0x7f7461d58168
+B+: 0x7f7461d58216 0x7f7461d5821c
+B+: 0x7f7461d58224 0x7f7461d5822d
+B+: 0x7f7461d5822e 0x7f7461d58237
+B+: 0x7f7461d58238 0x7f7461d58241
+B+: 0x7f7461d58242 0x7f7461d5824b
+B+: 0x7f7461d5825d 0x7f7461d58266
+B+: 0x7f7461d58267 0x7f7461d58281
+B+: 0x7f7461d58282 0x7f7461d58293
+B+: 0x7f7461d5834c 0x7f7461d58353
+B+: 0x7f7461d58354 0x7f7461d5836f
+B+: 0x7f7461d5851b 0x7f7461d58525
+B+: 0x7f7461d58526 0x7f7461d5852e
+B+: 0x7f7461d5852f 0x7f7461d58537
+B+: 0x7f7461d588d0 0x7f7461d588ec
+B+: 0x7f7461d588ed 0x7f7461d588f1
+B+: 0x7f7461d588f8 0x7f7461d588fa
+B+: 0x7f7461d588fb 0x7f7461d58907
+B+: 0x7f7461d58908 0x7f7461d5893e
+B+: 0x7f7461d5893f 0x7f7461d58940
+B+: 0x7f7461d58963 0x7f7461d58977
+B+: 0x7f7461d58980 0x7f7461d58986
+B+: 0x7f7461d58987 0x7f7461d5898e
+B+: 0x7f7461d5898f 0x7f7461d58997
+B+: 0x7f7461d58998 0x7f7461d589ba
+B+: 0x7f7461d589bb 0x7f7461d589bc
+B+: 0x7f7461d589c0 0x7f7461d589e7
+B+: 0x7f7461d589e8 0x7f7461d589f7
+B+: 0x7f7461d58a19 0x7f7461d58a21
+B+: 0x7f7461d58a22 0x7f7461d58a2a
+B+: 0x7f7461d58a2b 0x7f7461d58a34
+B+: 0x7f7461d58a35 0x7f7461d58a3f
+B+: 0x7f7461d58ad0 0x7f7461d58ae9
+B+: 0x7f7461d58aea 0x7f7461d58b00
+B+: 0x7f7461d58b10 0x7f7461d58b1f
+B+: 0x7f7461d58b20 0x7f7461d58b2b
+B+: 0x7f7461d58b2c 0x7f7461d58b31
+B+: 0x7f7461d58b32 0x7f7461d58b41
+B+: 0x7f7461d58b56 0x7f7461d58b61
+B+: 0x7f7461d58b62 0x7f7461d58b6f
+B+: 0x7f7461d58b70 0x7f7461d58b85
+B+: 0x7f7461d58b86 0x7f7461d58b97
+B+: 0x7f7461d58b98 0x7f7461d58bc0
+B+: 0x7f7461d58bc8 0x7f7461d58bcc
+B+: 0x7f7461d58bcd 0x7f7461d58bea
+B+: 0x7f7461d58d70 0x7f7461d58d98
+B+: 0x7f7461d58da0 0x7f7461d58da1
+B+: 0x7f7461d58da2 0x7f7461d58daa
+B+: 0x7f7461d58dab 0x7f7461d58dc5
+B+: 0x7f7461d58dc6 0x7f7461d58dc9
+B+: 0x7f7461d58dca 0x7f7461d58dd1
+B+: 0x7f7461d58dd2 0x7f7461d58de6
+B+: 0x7f7461d58df0 0x7f7461d58e2a
+B+: 0x7f7461d58e2b 0x7f7461d58e2f
+B+: 0x7f7461d58e46 0x7f7461d58e5c
+B+: 0x7f7461d58e5d 0x7f7461d58e6e
+B+: 0x7f7461d58e90 0x7f7461d58ead
+B+: 0x7f7461d58ec8 0x7f7461d58ed1
+B+: 0x7f7461d58ed2 0x7f7461d58edd
+B+: 0x7f7461d58f6c 0x7f7461d58f8f
+B+: 0x7f7461d58f90 0x7f7461d58f9c
+B+: 0x7f7461d58f9d 0x7f7461d58fa8
+B+: 0x7f7461d58fa9 0x7f7461d58fb0
+B+: 0x7f7461d58fb1 0x7f7461d58fc5
+B+: 0x7f7461d59008 0x7f7461d59012
+B+: 0x7f7461d59013 0x7f7461d5901e
+B+: 0x7f7461d5901f 0x7f7461d5902e
+B+: 0x7f7461d59060 0x7f7461d59066
+B+: 0x7f7461d59067 0x7f7461d59074
+B+: 0x7f7461d59075 0x7f7461d59086
+B+: 0x7f7461d59087 0x7f7461d5908e
+B+: 0x7f7461d5908f 0x7f7461d590a2
+B+: 0x7f7461d590a3 0x7f7461d590b0
+B+: 0x7f7461d59100 0x7f7461d59116
+B+: 0x7f7461d59145 0x7f7461d5914d
+B+: 0x7f7461d5914e 0x7f7461d59157
+B+: 0x7f7461d59160 0x7f7461d59166
+B+: 0x7f7461d591c0 0x7f7461d591d1
+B+: 0x7f7461d591e8 0x7f7461d591ef
+B+: 0x7f7461d59248 0x7f7461d5925b
+B+: 0x7f7461d5925c 0x7f7461d59271
+B+: 0x7f7461d597d0 0x7f7461d597ff
+B+: 0x7f7461d5980f 0x7f7461d59812
+B+: 0x7f7461d59813 0x7f7461d5981c
+B+: 0x7f7461d5981d 0x7f7461d59820
+B+: 0x7f7461d59821 0x7f7461d5982f
+B+: 0x7f7461d59830 0x7f7461d5983a
+B+: 0x7f7461d5984f 0x7f7461d5985a
+B+: 0x7f7461d5985f 0x7f7461d59862
+B+: 0x7f7461d59870 0x7f7461d59877
+B+: 0x7f7461d59878 0x7f7461d5988d
+B+: 0x7f7461d5a440 0x7f7461d5a464
+B+: 0x7f7461d5a61e 0x7f7461d5a627
+B+: 0x7f7461d5a628 0x7f7461d5a631
+B+: 0x7f7461d5a632 0x7f7461d5a659
+B+: 0x7f7461d5a6af 0x7f7461d5a6bc
+B+: 0x7f7461d5a6c0 0x7f7461d5a6cb
+B+: 0x7f7461d5a730 0x7f7461d5a73b
+B+: 0x7f7461d5a740 0x7f7461d5a75e
+B+: 0x7f7461d5a75f 0x7f7461d5a767
+B+: 0x7f7461d5a7d2 0x7f7461d5a7e3
+B+: 0x7f7461d5a8a0 0x7f7461d5a8a7
+B+: 0x7f7461d5b260 0x7f7461d5b2a5
+B+: 0x7f7461d5b2b5 0x7f7461d5b2be
+B+: 0x7f7461d5b2bf 0x7f7461d5b2d2
+B+: 0x7f7461d5b2d3 0x7f7461d5b2fc
+B+: 0x7f7461d5b2fd 0x7f7461d5b310
+B+: 0x7f7461d5b324 0x7f7461d5b328
+B+: 0x7f7461d5b336 0x7f7461d5b33f
+B+: 0x7f7461d5b340 0x7f7461d5b344
+B+: 0x7f7461d5b370 0x7f7461d5b386
+B+: 0x7f7461d5b387 0x7f7461d5b398
+B+: 0x7f7461d5b3a0 0x7f7461d5b3b6
+B+: 0x7f7461d5b3b7 0x7f7461d5b3d7
+B+: 0x7f7461d5b3dd 0x7f7461d5b3ec
+B+: 0x7f7461d5b850 0x7f7461d5b886
+B+: 0x7f7461d5b887 0x7f7461d5b89a
+B+: 0x7f7461d5b89b 0x7f7461d5b8ad
+B+: 0x7f7461d5b8ae 0x7f7461d5b8c4
+B+: 0x7f7461d5b8c5 0x7f7461d5b8d7
+B+: 0x7f7461d5b8d8 0x7f7461d5b8e7
+B+: 0x7f7461d5b8e8 0x7f7461d5b90c
+B+: 0x7f7461d5b90d 0x7f7461d5b915
+B+: 0x7f7461d5b924 0x7f7461d5b933
+B+: 0x7f7461d5b934 0x7f7461d5b947
+B+: 0x7f7461d5b948 0x7f7461d5b954
+B+: 0x7f7461d5b955 0x7f7461d5b95f
+B+: 0x7f7461d5b960 0x7f7461d5b964
+B+: 0x7f7461d5ba6a 0x7f7461d5ba7c
+B+: 0x7f7461d5ba7d 0x7f7461d5ba9c
+B+: 0x7f7461d5bba0 0x7f7461d5bbad
+B+: 0x7f7461d5bbae 0x7f7461d5bbe1
+B+: 0x7f7461d5bbf0 0x7f7461d5bbfb
+B+: 0x7f7461d5bdb0 0x7f7461d5bdbd
+B+: 0x7f7461d5bdbe 0x7f7461d5bdca
+B+: 0x7f7461d5bdcb 0x7f7461d5bde3
+B+: 0x7f7461d5bde8 0x7f7461d5bdf4
+B+: 0x7f7461d5bdf8 0x7f7461d5be04
+B+: 0x7f7461d5be05 0x7f7461d5be12
+B+: 0x7f7461d5be13 0x7f7461d5be1d
+B+: 0x7f7461d5beb4 0x7f7461d5bec1
+B+: 0x7f7461d5c160 0x7f7461d5c174
+B+: 0x7f7461d5c175 0x7f7461d5c187
+B+: 0x7f7461d5c188 0x7f7461d5c1a2
+B+: 0x7f7461d5c1a3 0x7f7461d5c1ac
+B+: 0x7f7461d5c1ad 0x7f7461d5c1b3
+B+: 0x7f7461d5c1d0 0x7f7461d5c1e5
+B+: 0x7f7461d5c1eb 0x7f7461d5c1f3
+B+: 0x7f7461d5c205 0x7f7461d5c20b
+B+: 0x7f7461d5c20c 0x7f7461d5c21d
+B+: 0x7f7461d5c21e 0x7f7461d5c226
+B+: 0x7f7461d5c227 0x7f7461d5c230
+B+: 0x7f7461d5c231 0x7f7461d5c232
+B+: 0x7f7461d5c240 0x7f7461d5c248
+B+: 0x7f7461d5c260 0x7f7461d5c260
+B+: 0x7f7461d5c520 0x7f7461d5c534
+B+: 0x7f7461d5c572 0x7f7461d5c578
+B+: 0x7f7461d5c580 0x7f7461d5c583
+B+: 0x7f7461d5c610 0x7f7461d5c656
+B+: 0x7f7461d5c65b 0x7f7461d5c686
+B+: 0x7f7461d5c687 0x7f7461d5c69d
+B+: 0x7f7461d5c6fc 0x7f7461d5c708
+B+: 0x7f7461d5c709 0x7f7461d5c711
+B+: 0x7f7461d5c712 0x7f7461d5c72a
+B+: 0x7f7461d5c72b 0x7f7461d5c73c
+B+: 0x7f7461d5c740 0x7f7461d5c747
+B+: 0x7f7461d5c748 0x7f7461d5c75f
+B+: 0x7f7461d5c760 0x7f7461d5c766
+B+: 0x7f7461d5c767 0x7f7461d5c780
+B+: 0x7f7461d5c790 0x7f7461d5c793
+B+: 0x7f7461d5c794 0x7f7461d5c798
+B+: 0x7f7461d5c7a2 0x7f7461d5c7aa
+B+: 0x7f7461d5c7ab 0x7f7461d5c7ae
+B+: 0x7f7461d5c7af 0x7f7461d5c7bd
+B+: 0x7f7461d5c7cb 0x7f7461d5c7d3
+B+: 0x7f7461d5c825 0x7f7461d5c841
+B+: 0x7f7461d5c842 0x7f7461d5c84d
+B+: 0x7f7461d5c87e 0x7f7461d5c88e
+B+: 0x7f7461d5c88f 0x7f7461d5c8a0
+B+: 0x7f7461d5c8a1 0x7f7461d5c8ad
+B+: 0x7f7461d5cc10 0x7f7461d5cc30
+B+: 0x7f7461d5cc31 0x7f7461d5cc58
+B+: 0x7f7461d5cc5e 0x7f7461d5cc66
+B+: 0x7f7461d5cc67 0x7f7461d5cc6f
+B+: 0x7f7461d5cc78 0x7f7461d5cc87
+B+: 0x7f7461d5cc88 0x7f7461d5cc89
+B+: 0x7f7461d5cca0 0x7f7461d5ccaf
+B+: 0x7f7461d5ccba 0x7f7461d5ccc4
+B+: 0x7f7461d5cce0 0x7f7461d5cce8
+B+: 0x7f7461d5d360 0x7f7461d5d36b
+B+: 0x7f7461d5d480 0x7f7461d5d480
+B+: 0x7f7461d5d9c0 0x7f7461d5d9db
+B+: 0x7f7461d5da16 0x7f7461d5da32
+B+: 0x7f7461d5da33 0x7f7461d5da52
+B+: 0x7f7461d5da63 0x7f7461d5da6a
+B+: 0x7f7461d5da90 0x7f7461d5daa6
+B+: 0x7f7461d5daa7 0x7f7461d5daae
+B+: 0x7f7461d5daaf 0x7f7461d5dab6
+B+: 0x7f7461d5daf6 0x7f7461d5db01
+B+: 0x7f7461d5db0c 0x7f7461d5db34
+B+: 0x7f7461d5db40 0x7f7461d5db57
+B+: 0x7f7461d5db58 0x7f7461d5db5f
+B+: 0x7f7461d5db60 0x7f7461d5db67
+B+: 0x7f7461d5db68 0x7f7461d5db70
+B+: 0x7f7461d5db71 0x7f7461d5db7a
+B+: 0x7f7461d5db7b 0x7f7461d5db80
+B+: 0x7f7461d5db97 0x7f7461d5db9c
+B+: 0x7f7461d5dc0a 0x7f7461d5dc3d
+B+: 0x7f7461d5dc47 0x7f7461d5dc53
+B+: 0x7f7461d5ded0 0x7f7461d5dede
+B+: 0x7f7461d5dedf 0x7f7461d5dee7
+B+: 0x7f7461d5dee8 0x7f7461d5defc
+B+: 0x7f7461d5defd 0x7f7461d5df02
+B+: 0x7f7461d5df03 0x7f7461d5df1b
+B+: 0x7f7461d5df1c 0x7f7461d5df21
+B+: 0x7f7461d5df22 0x7f7461d5df2b
+B+: 0x7f7461d5dfc0 0x7f7461d5dfc7
+B+: 0x7f7461d5dfc8 0x7f7461d5dfd0
+B+: 0x7f7461d5e760 0x7f7461d5e768
+B+: 0x7f7461d5e769 0x7f7461d5e76d
+B+: 0x7f7461d5e76e 0x7f7461d5e772
+B+: 0x7f7461d5e780 0x7f7461d5e788
+B+: 0x7f7461d5e789 0x7f7461d5e78d
+B+: 0x7f7461d5e78e 0x7f7461d5e792
+B+: 0x7f7461d5e7c0 0x7f7461d5e7d9
+B+: 0x7f7461d5e7da 0x7f7461d5e7e6
+B+: 0x7f7461d5e7f7 0x7f7461d5e802
+B+: 0x7f7461d5e803 0x7f7461d5e80b
+B+: 0x7f7461d5e80c 0x7f7461d5e841
+B+: 0x7f7461d5e842 0x7f7461d5e84b
+B+: 0x7f7461d5e84c 0x7f7461d5e852
+B+: 0x7f7461d5e853 0x7f7461d5e875
+B+: 0x7f7461d5e880 0x7f7461d5e88e
+B+: 0x7f7461d5e8b0 0x7f7461d5e8c8
+B+: 0x7f7461d5e900 0x7f7461d5e941
+B+: 0x7f7461d5e950 0x7f7461d5e966
+B+: 0x7f7461d5e967 0x7f7461d5e97e
+B+: 0x7f7461d5e97f 0x7f7461d5e98a
+B+: 0x7f7461d5e98b 0x7f7461d5e9b3
+B+: 0x7f7461d5e9b4 0x7f7461d5e9bd
+B+: 0x7f7461d5e9be 0x7f7461d5e9bf
+B+: 0x7f7461d5e9d0 0x7f7461d5e9e8
+B+: 0x7f7461d5e9e9 0x7f7461d5ea14
+B+: 0x7f7461d5ea1e 0x7f7461d5ea25
+B+: 0x7f7461d5ea26 0x7f7461d5ea33
+B+: 0x7f7461d5ea34 0x7f7461d5ea46
+B+: 0x7f7461d5eae0 0x7f7461d5eafe
+B+: 0x7f7461d5eaff 0x7f7461d5eb0c
+B+: 0x7f7461d5eb0d 0x7f7461d5eb1b
+B+: 0x7f7461d5eb1c 0x7f7461d5eb2c
+B+: 0x7f7461d5eb40 0x7f7461d5eb62
+B+: 0x7f7461d5eb98 0x7f7461d5eba9
+B+: 0x7f7461d5f6d0 0x7f7461d5f6f4
+B+: 0x7f7461d5f6f5 0x7f7461d5f70d
+B+: 0x7f7461d5f70e 0x7f7461d5f712
+B+: 0x7f7461d5f713 0x7f7461d5f71e
+B+: 0x7f7461d5f71f 0x7f7461d5f723
+B+: 0x7f7461d5f724 0x7f7461d5f728
+B+: 0x7f7461d5f729 0x7f7461d5f730
+B+: 0x7f7461d5f73c 0x7f7461d5f749
+B+: 0x7f7461d5f74a 0x7f7461d5f74d
+B+: 0x7f7461d5f74e 0x7f7461d5f760
+B+: 0x7f7461d5f761 0x7f7461d5f76b
+B+: 0x7f7461d5f790 0x7f7461d5f79d
+B+: 0x7f7461d5f79e 0x7f7461d5f7a5
+B+: 0x7f7461d5f7a6 0x7f7461d5f7a7
+B+: 0x7f7461d5f890 0x7f7461d5f89d
+B+: 0x7f7461d5f89e 0x7f7461d5f8a9
+B+: 0x7f7461d5f8aa 0x7f7461d5f8bd
+B+: 0x7f7461d5f8c0 0x7f7461d5f8ca
+B+: 0x7f7461d5f8d0 0x7f7461d5f8ef
+B+: 0x7f7461d5f8f0 0x7f7461d5f8f4
+B+: 0x7f7461d5f8f5 0x7f7461d5f90c
+B+: 0x7f7461d5f90d 0x7f7461d5f910
+B+: 0x7f7461d5f911 0x7f7461d5f912
+B+: 0x7f7461d5f913 0x7f7461d5f91b
+B+: 0x7f7461d5f91c 0x7f7461d5f930
+B+: 0x7f7461d5f938 0x7f7461d5f93c
+B+: 0x7f7461d5f980 0x7f7461d5f98f
+B+: 0x7f7461d5f990 0x7f7461d5f99b
+B+: 0x7f7461d5f99c 0x7f7461d5f9ab
+B+: 0x7f7461d5fa80 0x7f7461d5fa93
+B+: 0x7f7461d5fa94 0x7f7461d5faac
+B+: 0x7f7461d5faad 0x7f7461d5fabf
+B+: 0x7f7461d5fac0 0x7f7461d5fada
+B+: 0x7f7461d5fadb 0x7f7461d5fae3
+B+: 0x7f7461d5faec 0x7f7461d5faf8
+B+: 0x7f7461d5faf9 0x7f7461d5fb02
+B+: 0x7f7461d5fb03 0x7f7461d5fb06
+B+: 0x7f7461d5fb07 0x7f7461d5fb1a
+B+: 0x7f7461d5fc49 0x7f7461d5fc55
+B+: 0x7f7461d5fc56 0x7f7461d5fc67
+B+: 0x7f7461d5fc82 0x7f7461d5fc93
+B+: 0x7f7461d5fd77 0x7f7461d5fd82
+B+: 0x7f7461d5fda0 0x7f7461d5fdb2
+B+: 0x7f7461d5fdb3 0x7f7461d5fddf
+B+: 0x7f7461d5fde0 0x7f7461d5fdeb
+B+: 0x7f7461d5fdec 0x7f7461d5fdfc
+B+: 0x7f7461d5fdfd 0x7f7461d5fe18
+B+: 0x7f7461d5fe19 0x7f7461d5fe25
+B+: 0x7f7461d5fe26 0x7f7461d5fe2e
+B+: 0x7f7461d5fe2f 0x7f7461d5fe3f
+B+: 0x7f7461d5fe40 0x7f7461d5fe44
+B+: 0x7f7461d5fe45 0x7f7461d5fe50
+B+: 0x7f7461d5fe51 0x7f7461d5fe5d
+B+: 0x7f7461d5fe5e 0x7f7461d5fe77
+B+: 0x7f7461d5fece 0x7f7461d5fed2
+B+: 0x7f7461d5fed3 0x7f7461d5fede
+B+: 0x7f7461d5fee0 0x7f7461d5feec
+B+: 0x7f7461d5ff60 0x7f7461d5ff7c
+B+: 0x7f7461d60120 0x7f7461d60128
+B+: 0x7f7461d60129 0x7f7461d60147
+B+: 0x7f7461d60750 0x7f7461d6075e
+B+: 0x7f7461d6075f 0x7f7461d60763
+B+: 0x7f7461d60764 0x7f7461d60770
+B+: 0x7f7461d60771 0x7f7461d60777
+B+: 0x7f7461d60778 0x7f7461d60783
+B+: 0x7f7461d60784 0x7f7461d60788
+B+: 0x7f7461d60789 0x7f7461d6078d
+B+: 0x7f7461d6078e 0x7f7461d60796
+B+: 0x7f7461d60797 0x7f7461d6079e
+B+: 0x7f7461d60890 0x7f7461d60892
+B+: 0x7f7461d608a7 0x7f7461d608ab
+B+: 0x7f7461d608ac 0x7f7461d608b2
+B+: 0x7f7461d608b3 0x7f7461d608b6
+B+: 0x7f7461d608d0 0x7f7461d608e1
+B+: 0x7f7461d608e2 0x7f7461d608e6
+B+: 0x7f7461d608e7 0x7f7461d608eb
+B+: 0x7f7461d608ec 0x7f7461d608f1
+B+: 0x7f7461d608f2 0x7f7461d608fa
+B+: 0x7f7461d608fb 0x7f7461d608fc
+B+: 0x7f7461d60940 0x7f7461d60948
+B+: 0x7f7461d60949 0x7f7461d60951
+B+: 0x7f7461d60980 0x7f7461d60988
+B+: 0x7f7461d60989 0x7f7461d6098a
+B+: 0x7f7461d6098b 0x7f7461d60991
+B+: 0x7f7461d60992 0x7f7461d609a2
+B+: 0x7f7461d609a8 0x7f7461d609ac
+B+: 0x7f7461d609eb 0x7f7461d60a00
+B+: 0x7f7461d60a08 0x7f7461d60a10
+B+: 0x7f7461d60af0 0x7f7461d60b11
+B+: 0x7f7461d60b12 0x7f7461d60b16
+B+: 0x7f7461d60b17 0x7f7461d60b1d
+B+: 0x7f7461d60b1e 0x7f7461d60b26
+B+: 0x7f7461d60b27 0x7f7461d60b34
+B+: 0x7f7461d60b35 0x7f7461d60b3c
+B+: 0x7f7461d60b3d 0x7f7461d60b49
+B+: 0x7f7461d60b4a 0x7f7461d60b5a
+B+: 0x7f7461d60b5b 0x7f7461d60b63
+B+: 0x7f7461d60b7f 0x7f7461d60b93
+B+: 0x7f7461d60b94 0x7f7461d60b9c
+B+: 0x7f7461d60be0 0x7f7461d60bf7
+B+: 0x7f7461d60bf8 0x7f7461d60c00
+B+: 0x7f7461d60c1b 0x7f7461d60c2b
+B+: 0x7f7461d60d40 0x7f7461d60d5e
+B+: 0x7f7461d60d5f 0x7f7461d60d6d
+B+: 0x7f7461d60d6e 0x7f7461d60d72
+B+: 0x7f7461d60d7d 0x7f7461d60d90
+B+: 0x7f7461d60d91 0x7f7461d60d95
+B+: 0x7f7461d60d96 0x7f7461d60d9a
+B+: 0x7f7461d60da0 0x7f7461d60da4
+B+: 0x7f7461d60dd5 0x7f7461d60dd9
+B+: 0x7f7461d60dda 0x7f7461d60dde
+B+: 0x7f7461d60df0 0x7f7461d60dfb
+B+: 0x7f7461d60dfc 0x7f7461d60e07
+B+: 0x7f7461d60e08 0x7f7461d60e10
+B+: 0x7f7461d60e2c 0x7f7461d60e30
+B+: 0x7f7461d60e31 0x7f7461d60e36
+B+: 0x7f7461d60e41 0x7f7461d60e45
+B+: 0x7f7461d60e46 0x7f7461d60e54
+B+: 0x7f7461d60e55 0x7f7461d60e5d
+B+: 0x7f7461d60e5e 0x7f7461d60e62
+B+: 0x7f7461d60e63 0x7f7461d60e74
+B+: 0x7f7461d60e78 0x7f7461d60e84
+B+: 0x7f7461d60ea0 0x7f7461d60ea4
+B+: 0x7f7461d60ef0 0x7f7461d60f03
+B+: 0x7f7461d60f40 0x7f7461d60f76
+B+: 0x7f7461d60f77 0x7f7461d60f82
+B+: 0x7f7461d60f83 0x7f7461d60f92
+B+: 0x7f7461d6101b 0x7f7461d61031
+B+: 0x7f7461d61032 0x7f7461d61040
+B+: 0x7f7461d61075 0x7f7461d610b8
+B+: 0x7f7461d610b9 0x7f7461d610c3
+B+: 0x7f7461d610c4 0x7f7461d610cc
+B+: 0x7f7461d610cd 0x7f7461d610d5
+B+: 0x7f7461d610d6 0x7f7461d610de
+B+: 0x7f7461d610df 0x7f7461d61106
+B+: 0x7f7461d61107 0x7f7461d61133
+B+: 0x7f7461d61578 0x7f7461d61581
+B+: 0x7f7461d61582 0x7f7461d615a8
+B+: 0x7f7461d615a9 0x7f7461d615b6
+B+: 0x7f7461d615d0 0x7f7461d615e0
+B+: 0x7f7461d615e1 0x7f7461d615ee
+B+: 0x7f7461d615ef 0x7f7461d615f3
+B+: 0x7f7461d61670 0x7f7461d6167e
+B+: 0x7f7461d6167f 0x7f7461d61683
+B+: 0x7f7461d61684 0x7f7461d61692
+B+: 0x7f7461d61693 0x7f7461d6169a
+B+: 0x7f7461d6169b 0x7f7461d616a2
+B+: 0x7f7461d616a3 0x7f7461d616b7
+B+: 0x7f7461d61790 0x7f7461d617bc
+B+: 0x7f7461d617bd 0x7f7461d617d4
+B+: 0x7f7461d617e0 0x7f7461d6183a
+B+: 0x7f7461d6183b 0x7f7461d61875
+B+: 0x7f7461d61876 0x7f7461d61893
+B+: 0x7f7461d61894 0x7f7461d618a3
+B+: 0x7f7461d618a4 0x7f7461d618b0
+B+: 0x7f7461d619b4 0x7f7461d619b8
+B+: 0x7f7461d619b9 0x7f7461d619cf
+B+: 0x7f7461d619d0 0x7f7461d619dc
+B+: 0x7f7461d619dd 0x7f7461d619ef
+B+: 0x7f7461d619f0 0x7f7461d619f7
+B+: 0x7f7461d61a01 0x7f7461d61a16
+B+: 0x7f7461d61a28 0x7f7461d61a3d
+B+: 0x7f7461d61a3e 0x7f7461d61a4d
+B+: 0x7f7461d61a79 0x7f7461d61a97
+B+: 0x7f7461d61a98 0x7f7461d61ac0
+B+: 0x7f7461d61ac1 0x7f7461d61acf
+B+: 0x7f7461d62148 0x7f7461d62154
+B+: 0x7f7461d62155 0x7f7461d62174
+B+: 0x7f7461d62175 0x7f7461d6217f
+B+: 0x7f7461d621ac 0x7f7461d621b0
+B+: 0x7f7461d621b1 0x7f7461d621b5
+B+: 0x7f7461d62a40 0x7f7461d62a64
+B+: 0x7f7461d62b10 0x7f7461d62b1a
+B+: 0x7f7461d62b40 0x7f7461d62b47
+B+: 0x7f7461d62b48 0x7f7461d62b51
+B+: 0x7f7461d62b58 0x7f7461d62b60
+B+: 0x7f7461d62b61 0x7f7461d62b6a
+B+: 0x7f7461d62b88 0x7f7461d62b8c
+B+: 0x7f7461d62b8d 0x7f7461d62b94
+B+: 0x7f7461d62ba0 0x7f7461d62ba4
+B+: 0x7f7461d62d00 0x7f7461d62d30
+B+: 0x7f7461d62e3f 0x7f7461d62e55
+B+: 0x7f7461d62e56 0x7f7461d62e67
+B+: 0x7f7461d631e0 0x7f7461d63222
+B+: 0x7f7461d63223 0x7f7461d63228
+B+: 0x7f7461d6324c 0x7f7461d63260
+B+: 0x7f7461d63261 0x7f7461d63269
+B+: 0x7f7461d63270 0x7f7461d63279
+B+: 0x7f7461d63288 0x7f7461d632a0
+B+: 0x7f7461d632a1 0x7f7461d632ba
+B+: 0x7f7461d632bb 0x7f7461d632bc
+B+: 0x7f7461d632d0 0x7f7461d632d8
+B+: 0x7f7461d632f8 0x7f7461d632f8
+B+: 0x7f7461d63300 0x7f7461d6330c
+B+: 0x7f7461d6333f 0x7f7461d63343
+B+: 0x7f7461d63380 0x7f7461d63384
+B+: 0x7f7461d633d0 0x7f7461d633e3
+B+: 0x7f7461d63400 0x7f7461d63400
+B+: 0x7f7461d63420 0x7f7461d6345b
+B+: 0x7f7461d63467 0x7f7461d63471
+B+: 0x7f7461d63472 0x7f7461d63489
+B+: 0x7f7461d6348a 0x7f7461d6348d
+B+: 0x7f7461d6348e 0x7f7461d63494
+B+: 0x7f7461d63495 0x7f7461d6349d
+B+: 0x7f7461d6349e 0x7f7461d634a9
+B+: 0x7f7461d634aa 0x7f7461d634c2
+B+: 0x7f7461d634c3 0x7f7461d634ce
+B+: 0x7f7461d634cf 0x7f7461d634e5
+B+: 0x7f7461d634e6 0x7f7461d634f5
+B+: 0x7f7461d63500 0x7f7461d6350e
+B+: 0x7f7461d6350f 0x7f7461d63513
+B+: 0x7f7461d63514 0x7f7461d6351e
+B+: 0x7f7461d63540 0x7f7461d63549
+B+: 0x7f7461d6354a 0x7f7461d6354e
+B+: 0x7f7461d6354f 0x7f7461d63560
+B+: 0x7f7461d63568 0x7f7461d63577
+B+: 0x7f7461d63580 0x7f7461d63589
+B+: 0x7f7461d635a8 0x7f7461d635bb
+B+: 0x7f7461d635c0 0x7f7461d635ce
+B+: 0x7f7461d635cf 0x7f7461d635dc
+B+: 0x7f7461d636f0 0x7f7461d636fd
+B+: 0x7f7461d637a0 0x7f7461d637a0
+B+: 0x7f7461d637b0 0x7f7461d637ba
+B+: 0x7f7461d637bb 0x7f7461d637ce
+B+: 0x7f7461d637cf 0x7f7461d637d8
+B+: 0x7f7461d637d9 0x7f7461d637e6
+B+: 0x7f7461d63800 0x7f7461d6382d
+B+: 0x7f7461d6382e 0x7f7461d63831
+B+: 0x7f7461d63832 0x7f7461d63847
+B+: 0x7f7461d63864 0x7f7461d6386b
+B+: 0x7f7461d6386c 0x7f7461d6386f
+B+: 0x7f7461d63870 0x7f7461d63876
+B+: 0x7f7461d63877 0x7f7461d6387b
+B+: 0x7f7461d6387c 0x7f7461d63886
+B+: 0x7f7461d63ae0 0x7f7461d63b01
+B+: 0x7f7461d63b02 0x7f7461d63b0a
+B+: 0x7f7461d63b0b 0x7f7461d63b14
+B+: 0x7f7461d63b15 0x7f7461d63b19
+B+: 0x7f7461d63c00 0x7f7461d63c19
+B+: 0x7f7461d63c51 0x7f7461d63c8e
+B+: 0x7f7461d63c8f 0x7f7461d63c9e
+B+: 0x7f7461d63c9f 0x7f7461d63ca6
+B+: 0x7f7461d63df0 0x7f7461d63dfb
+B+: 0x7f7461d63e20 0x7f7461d63e20
+B+: 0x7f7461d63e30 0x7f7461d63e38
+B+: 0x7f7461d65940 0x7f7461d6594b
+B+: 0x7f7461d6594c 0x7f7461d65957
+B+: 0x7f7461d65958 0x7f7461d65964
+B+: 0x7f7461d65965 0x7f7461d65969
+B+: 0x7f7461d6596a 0x7f7461d6596f
+B+: 0x7f7461d65970 0x7f7461d65976
+B+: 0x7f7461d65980 0x7f7461d65987
+B+: 0x7f7461d65988 0x7f7461d6598c
+B+: 0x7f7461d6598d 0x7f7461d6599b
+B+: 0x7f7461d6599c 0x7f7461d659a0
+B+: 0x7f7461d659a1 0x7f7461d659a8
+B+: 0x7f7461d659a9 0x7f7461d659ad
+B+: 0x7f7461d659ae 0x7f7461d659b8
+B+: 0x7f7461d659b9 0x7f7461d659b9
+B+: 0x7f7461d659c0 0x7f7461d659c5
+B+: 0x7f7461d659c6 0x7f7461d659c9
+B+: 0x7f7461d659d0 0x7f7461d659d0
+B+: 0x7f7461d659d1 0x7f7461d659d5
+B+: 0x7f7461d659d6 0x7f7461d659d9
+B+: 0x7f7461d659e0 0x7f7461d659ff
+B+: 0x7f7461d65a00 0x7f7461d65a11
+B+: 0x7f7461d65a12 0x7f7461d65a16
+B+: 0x7f7461d65a20 0x7f7461d65a22
+B+: 0x7f7461d65a23 0x7f7461d65a2f
+B+: 0x7f7461d65a30 0x7f7461d65a33
+B+: 0x7f7461d65a34 0x7f7461d65a5d
+B+: 0x7f7461d65a5e 0x7f7461d65a62
+B+: 0x7f7461d65a63 0x7f7461d65a82
+B+: 0x7f7461d65ac0 0x7f7461d65ade
+B+: 0x7f7461d65adf 0x7f7461d65ae3
+B+: 0x7f7461d65ae4 0x7f7461d65ae8
+B+: 0x7f7461d65af0 0x7f7461d65af2
+B+: 0x7f7461d65af3 0x7f7461d65aff
+B+: 0x7f7461d65b00 0x7f7461d65b03
+B+: 0x7f7461d65b04 0x7f7461d65b3e
+B+: 0x7f7461d65b3f 0x7f7461d65b49
+B+: 0x7f7461d65b4a 0x7f7461d65b57
+B+: 0x7f7461d65b58 0x7f7461d65b5d
+B+: 0x7f7461d65b5e 0x7f7461d65b66
+B+: 0x7f7461d65b67 0x7f7461d65b70
+B+: 0x7f7461d65b71 0x7f7461d65b7a
+B+: 0x7f7461d65b7b 0x7f7461d65b9a
+B+: 0x7f7461d65b9b 0x7f7461d65ba3
+B+: 0x7f7461d65ba4 0x7f7461d65bbd
+B+: 0x7f7461d65bc0 0x7f7461d65bc5
+B+: 0x7f7461d65bc6 0x7f7461d65bcf
+B+: 0x7f7461d65bd0 0x7f7461d65bd9
+B+: 0x7f7461d65bda 0x7f7461d65bf7
+B+: 0x7f7461d65c08 0x7f7461d65c14
+B+: 0x7f7461d65c15 0x7f7461d65c1b
+B+: 0x7f7461d65c1c 0x7f7461d65c29
+B+: 0x7f7461d65cb0 0x7f7461d65cca
+B+: 0x7f7461d65ccb 0x7f7461d65cda
+B+: 0x7f7461d65cdb 0x7f7461d65ce6
+B+: 0x7f7461d65ce7 0x7f7461d65cef
+B+: 0x7f7461d65cf0 0x7f7461d65cf4
+B+: 0x7f7461d65cf5 0x7f7461d65cfc
+B+: 0x7f7461d65cfd 0x7f7461d65d10
+B+: 0x7f7461d65d11 0x7f7461d65d21
+B+: 0x7f7461d65d22 0x7f7461d65d26
+B+: 0x7f7461d65d27 0x7f7461d65d38
+B+: 0x7f7461d65d39 0x7f7461d65d4b
+B+: 0x7f7461d65d4c 0x7f7461d65d54
+B+: 0x7f7461d65d55 0x7f7461d65d5e
+B+: 0x7f7461d65d5f 0x7f7461d65d6d
+B+: 0x7f7461d65ea0 0x7f7461d65eb6
+B+: 0x7f7461d65eb7 0x7f7461d65ebb
+B+: 0x7f7461d65ebc 0x7f7461d65ec0
+B+: 0x7f7461d65ec8 0x7f7461d65ecb
+B+: 0x7f7461d65ecc 0x7f7461d65ed9
+B+: 0x7f7461d65eda 0x7f7461d65edd
+B+: 0x7f7461d65ede 0x7f7461d65f06
+B+: 0x7f7461d65f07 0x7f7461d65f10
+B+: 0x7f7461d65f11 0x7f7461d65f16
+B+: 0x7f7461d65f17 0x7f7461d65f24
+B+: 0x7f7461d65f25 0x7f7461d65f2d
+B+: 0x7f7461d66440 0x7f7461d6646b
+B+: 0x7f7461d6646c 0x7f7461d66470
+B+: 0x7f7461d66471 0x7f7461d66475
+B+: 0x7f7461d66536 0x7f7461d6653e
+B+: 0x7f7461d6653f 0x7f7461d66548
+B+: 0x7f7461d66549 0x7f7461d66551
+B+: 0x7f7461d665d0 0x7f7461d665e4
+B+: 0x7f7461d665e5 0x7f7461d66606
+B+: 0x7f7461d66607 0x7f7461d66610
+B+: 0x7f7461d66611 0x7f7461d66618
+B+: 0x7f7461d66640 0x7f7461d66648
+B+: 0x7f7461d66649 0x7f7461d66656
+B+: 0x7f7461d66657 0x7f7461d6665f
+B+: 0x7f7461d66660 0x7f7461d66661
+B+: 0x7f7461d66760 0x7f7461d667aa
+B+: 0x7f7461d667ab 0x7f7461d667af
+B+: 0x7f7461d667b0 0x7f7461d667be
+B+: 0x7f7461d667c8 0x7f7461d667d3
+B+: 0x7f7461d667d4 0x7f7461d667d8
+B+: 0x7f7461d667d9 0x7f7461d667e0
+B+: 0x7f7461d667e1 0x7f7461d667e5
+B+: 0x7f7461d667e6 0x7f7461d667f3
+B+: 0x7f7461d667f4 0x7f7461d667fb
+B+: 0x7f7461d66800 0x7f7461d66810
+B+: 0x7f7461d66811 0x7f7461d66815
+B+: 0x7f7461d66816 0x7f7461d66832
+B+: 0x7f7461d66833 0x7f7461d66843
+B+: 0x7f7461d66844 0x7f7461d6684f
+B+: 0x7f7461d66850 0x7f7461d66857
+B+: 0x7f7461d66858 0x7f7461d6685c
+B+: 0x7f7461d6685d 0x7f7461d66868
+B+: 0x7f7461d66869 0x7f7461d6687b
+B+: 0x7f7461d6687c 0x7f7461d66884
+B+: 0x7f7461d66888 0x7f7461d66897
+B+: 0x7f7461d66898 0x7f7461d6689b
+B+: 0x7f7461d6689c 0x7f7461d668b4
+B+: 0x7f7461d668b5 0x7f7461d668b8
+B+: 0x7f7461d668b9 0x7f7461d668c6
+B+: 0x7f7461d668c7 0x7f7461d668d5
+B+: 0x7f7461d66dc0 0x7f7461d66dec
+B+: 0x7f7461d66ded 0x7f7461d66df2
+B+: 0x7f7461d66df3 0x7f7461d66e04
+B+: 0x7f7461d66e05 0x7f7461d66e0d
+B+: 0x7f7461d66e0e 0x7f7461d66e1c
+CND+ 0x7f7461d5500e: taken
+CND+ 0x7f7461d555ea: not taken
+CND+ 0x7f7461d55626: not taken
+CND+ 0x7f7461d5563b: taken
+CND+ 0x7f7461d55673: not taken
+CND+ 0x7f7461d55687: not taken
+CND+ 0x7f7461d55695: not taken
+CND+ 0x7f7461d557e2: taken
+CND+ 0x7f7461d55862: not taken
+CND+ 0x7f7461d5587c: both
+CND+ 0x7f7461d558a9: not taken
+CND+ 0x7f7461d55a5d: not taken
+CND+ 0x7f7461d55a62: taken
+CND+ 0x7f7461d566e6: not taken
+CND+ 0x7f7461d56704: taken
+CND+ 0x7f7461d5671a: not taken
+CND+ 0x7f7461d5671f: taken
+CND+ 0x7f7461d5672f: taken
+CND+ 0x7f7461d5674c: not taken
+CND+ 0x7f7461d56756: not taken
+CND+ 0x7f7461d5678f: not taken
+CND+ 0x7f7461d5679b: taken
+CND+ 0x7f7461d57079: taken
+CND+ 0x7f7461d5711b: not taken
+CND+ 0x7f7461d57149: not taken
+CND+ 0x7f7461d57158: not taken
+CND+ 0x7f7461d57190: not taken
+CND+ 0x7f7461d571ce: taken
+CND+ 0x7f7461d57c20: not taken
+CND+ 0x7f7461d57c2d: taken
+CND+ 0x7f7461d57c48: not taken
+CND+ 0x7f7461d57c5f: both
+CND+ 0x7f7461d57c88: not taken
+CND+ 0x7f7461d57ed2: taken
+CND+ 0x7f7461d57f55: not taken
+CND+ 0x7f7461d57f7e: not taken
+CND+ 0x7f7461d57f8a: not taken
+CND+ 0x7f7461d57f93: both
+CND+ 0x7f7461d57fc4: not taken
+CND+ 0x7f7461d57fe2: both
+CND+ 0x7f7461d57ffb: taken
+CND+ 0x7f7461d5805a: taken
+CND+ 0x7f7461d580af: not taken
+CND+ 0x7f7461d580b8: taken
+CND+ 0x7f7461d580e0: taken
+CND+ 0x7f7461d58116: not taken
+CND+ 0x7f7461d5815a: not taken
+CND+ 0x7f7461d58163: taken
+CND+ 0x7f7461d5821b: taken
+CND+ 0x7f7461d5824a: taken
+CND+ 0x7f7461d5827c: not taken
+CND+ 0x7f7461d5836a: taken
+CND+ 0x7f7461d58520: not taken
+CND+ 0x7f7461d58529: not taken
+CND+ 0x7f7461d58532: taken
+CND+ 0x7f7461d588eb: not taken
+CND+ 0x7f7461d58906: both
+CND+ 0x7f7461d5893d: not taken
+CND+ 0x7f7461d58985: both
+CND+ 0x7f7461d589f6: taken
+CND+ 0x7f7461d58a20: both
+CND+ 0x7f7461d58a29: not taken
+CND+ 0x7f7461d58a33: not taken
+CND+ 0x7f7461d58ae4: not taken
+CND+ 0x7f7461d58afb: taken
+CND+ 0x7f7461d58b2a: both
+CND+ 0x7f7461d58b30: both
+CND+ 0x7f7461d58b40: taken
+CND+ 0x7f7461d58b60: not taken
+CND+ 0x7f7461d58b96: not taken
+CND+ 0x7f7461d58be5: taken
+CND+ 0x7f7461d58da0: not taken
+CND+ 0x7f7461d58da9: not taken
+CND+ 0x7f7461d58dc8: both
+CND+ 0x7f7461d58dd0: both
+CND+ 0x7f7461d58e2e: taken
+CND+ 0x7f7461d58e57: not taken
+CND+ 0x7f7461d58eac: taken
+CND+ 0x7f7461d58ed8: taken
+CND+ 0x7f7461d58fa3: not taken
+CND+ 0x7f7461d58fc0: taken
+CND+ 0x7f7461d59019: not taken
+CND+ 0x7f7461d59065: not taken
+CND+ 0x7f7461d5906f: not taken
+CND+ 0x7f7461d59089: both
+CND+ 0x7f7461d5909d: not taken
+CND+ 0x7f7461d590ab: taken
+CND+ 0x7f7461d5914c: not taken
+CND+ 0x7f7461d59156: taken
+CND+ 0x7f7461d591cc: taken
+CND+ 0x7f7461d591ee: taken
+CND+ 0x7f7461d59811: both
+CND+ 0x7f7461d5981b: not taken
+CND+ 0x7f7461d5981f: not taken
+CND+ 0x7f7461d59839: taken
+CND+ 0x7f7461d59859: taken
+CND+ 0x7f7461d59861: taken
+CND+ 0x7f7461d5a45f: taken
+CND+ 0x7f7461d5a626: not taken
+CND+ 0x7f7461d5a6ca: taken
+CND+ 0x7f7461d5a762: taken
+CND+ 0x7f7461d5b2a4: taken
+CND+ 0x7f7461d5b2bd: not taken
+CND+ 0x7f7461d5b2cd: not taken
+CND+ 0x7f7461d5b30f: taken
+CND+ 0x7f7461d5b327: taken
+CND+ 0x7f7461d5b33a: not taken
+CND+ 0x7f7461d5b343: taken
+CND+ 0x7f7461d5b381: not taken
+CND+ 0x7f7461d5b3d6: taken
+CND+ 0x7f7461d5b3e7: taken
+CND+ 0x7f7461d5b895: not taken
+CND+ 0x7f7461d5b8a8: not taken
+CND+ 0x7f7461d5b8d2: not taken
+CND+ 0x7f7461d5b907: not taken
+CND+ 0x7f7461d5b942: taken
+CND+ 0x7f7461d5b953: not taken
+CND+ 0x7f7461d5b963: taken
+CND+ 0x7f7461d5ba7b: not taken
+CND+ 0x7f7461d5bdbc: both
+CND+ 0x7f7461d5bdc9: both
+CND+ 0x7f7461d5be03: not taken
+CND+ 0x7f7461d5be0d: not taken
+CND+ 0x7f7461d5be18: taken
+CND+ 0x7f7461d5c1a1: not taken
+CND+ 0x7f7461d5c1ab: not taken
+CND+ 0x7f7461d5c1e4: taken
+CND+ 0x7f7461d5c1f2: taken
+CND+ 0x7f7461d5c20a: not taken
+CND+ 0x7f7461d5c225: not taken
+CND+ 0x7f7461d5c22f: not taken
+CND+ 0x7f7461d5c247: taken
+CND+ 0x7f7461d5c533: taken
+CND+ 0x7f7461d5c582: taken
+CND+ 0x7f7461d5c655: taken
+CND+ 0x7f7461d5c698: taken
+CND+ 0x7f7461d5c703: not taken
+CND+ 0x7f7461d5c70c: taken
+CND+ 0x7f7461d5c725: not taken
+CND+ 0x7f7461d5c742: not taken
+CND+ 0x7f7461d5c75a: not taken
+CND+ 0x7f7461d5c765: not taken
+CND+ 0x7f7461d5c792: not taken
+CND+ 0x7f7461d5c797: taken
+CND+ 0x7f7461d5c7a9: taken
+CND+ 0x7f7461d5c7ad: not taken
+CND+ 0x7f7461d5c7bc: taken
+CND+ 0x7f7461d5c7ce: taken
+CND+ 0x7f7461d5c848: taken
+CND+ 0x7f7461d5c889: not taken
+CND+ 0x7f7461d5c89b: not taken
+CND+ 0x7f7461d5c8a8: taken
+CND+ 0x7f7461d5cc2f: not taken
+CND+ 0x7f7461d5cc57: taken
+CND+ 0x7f7461d5cc65: not taken
+CND+ 0x7f7461d5cc6e: taken
+CND+ 0x7f7461d5cc86: not taken
+CND+ 0x7f7461d5ccae: taken
+CND+ 0x7f7461d5d366: taken
+CND+ 0x7f7461d5d9d6: taken
+CND+ 0x7f7461d5da31: not taken
+CND+ 0x7f7461d5da51: taken
+CND+ 0x7f7461d5daad: not taken
+CND+ 0x7f7461d5dab5: taken
+CND+ 0x7f7461d5db00: taken
+CND+ 0x7f7461d5db5a: not taken
+CND+ 0x7f7461d5db62: not taken
+CND+ 0x7f7461d5db6b: not taken
+CND+ 0x7f7461d5db75: not taken
+CND+ 0x7f7461d5db7f: taken
+CND+ 0x7f7461d5db9b: taken
+CND+ 0x7f7461d5dc3c: taken
+CND+ 0x7f7461d5ded9: not taken
+CND+ 0x7f7461d5dee6: not taken
+CND+ 0x7f7461d5df01: not taken
+CND+ 0x7f7461d5df1a: not taken
+CND+ 0x7f7461d5df20: not taken
+CND+ 0x7f7461d5df26: taken
+CND+ 0x7f7461d5e76c: not taken
+CND+ 0x7f7461d5e78c: not taken
+CND+ 0x7f7461d5e7d8: both
+CND+ 0x7f7461d5e7e1: taken
+CND+ 0x7f7461d5e806: not taken
+CND+ 0x7f7461d5e840: not taken
+CND+ 0x7f7461d5e84a: not taken
+CND+ 0x7f7461d5e965: both
+CND+ 0x7f7461d5e989: not taken
+CND+ 0x7f7461d5e9b2: not taken
+CND+ 0x7f7461d5e9bc: not taken
+CND+ 0x7f7461d5e9e3: not taken
+CND+ 0x7f7461d5ea13: taken
+CND+ 0x7f7461d5eafd: not taken
+CND+ 0x7f7461d5eb1a: not taken
+CND+ 0x7f7461d5eb61: taken
+CND+ 0x7f7461d5f711: not taken
+CND+ 0x7f7461d5f71d: not taken
+CND+ 0x7f7461d5f722: not taken
+CND+ 0x7f7461d5f748: not taken
+CND+ 0x7f7461d5f74c: not taken
+CND+ 0x7f7461d5f75f: not taken
+CND+ 0x7f7461d5f7a4: not taken
+CND+ 0x7f7461d5f8f3: both
+CND+ 0x7f7461d5f90f: both
+CND+ 0x7f7461d5f911: not taken
+CND+ 0x7f7461d5f91a: taken
+CND+ 0x7f7461d5fa92: not taken
+CND+ 0x7f7461d5faba: not taken
+CND+ 0x7f7461d5fad5: both
+CND+ 0x7f7461d5fade: taken
+CND+ 0x7f7461d5faf7: not taken
+CND+ 0x7f7461d5fb01: not taken
+CND+ 0x7f7461d5fb05: not taken
+CND+ 0x7f7461d5fb19: taken
+CND+ 0x7f7461d5fc50: not taken
+CND+ 0x7f7461d5fc62: taken
+CND+ 0x7f7461d5fdb1: not taken
+CND+ 0x7f7461d5fdea: both
+CND+ 0x7f7461d5fe13: not taken
+CND+ 0x7f7461d5fe20: taken
+CND+ 0x7f7461d5fe2d: not taken
+CND+ 0x7f7461d5fe43: not taken
+CND+ 0x7f7461d5fe4f: both
+CND+ 0x7f7461d5fe58: not taken
+CND+ 0x7f7461d5fe72: taken
+CND+ 0x7f7461d5fee7: taken
+CND+ 0x7f7461d6075d: both
+CND+ 0x7f7461d6076f: not taken
+CND+ 0x7f7461d60782: both
+CND+ 0x7f7461d60787: both
+CND+ 0x7f7461d60795: both
+CND+ 0x7f7461d608b1: not taken
+CND+ 0x7f7461d608dc: not taken
+CND+ 0x7f7461d608ea: not taken
+CND+ 0x7f7461d608ec: both
+CND+ 0x7f7461d608f5: not taken
+CND+ 0x7f7461d608fb: taken
+CND+ 0x7f7461d60943: not taken
+CND+ 0x7f7461d6094c: taken
+CND+ 0x7f7461d60983: not taken
+CND+ 0x7f7461d60989: both
+CND+ 0x7f7461d60990: not taken
+CND+ 0x7f7461d609ab: taken
+CND+ 0x7f7461d60a0b: taken
+CND+ 0x7f7461d60b10: both
+CND+ 0x7f7461d60b1c: not taken
+CND+ 0x7f7461d60b21: both
+CND+ 0x7f7461d60b2f: not taken
+CND+ 0x7f7461d60b37: both
+CND+ 0x7f7461d60b44: both
+CND+ 0x7f7461d60b5e: taken
+CND+ 0x7f7461d60b92: both
+CND+ 0x7f7461d60b9b: taken
+CND+ 0x7f7461d60bfb: taken
+CND+ 0x7f7461d60d68: both
+CND+ 0x7f7461d60d71: taken
+CND+ 0x7f7461d60d8b: not taken
+CND+ 0x7f7461d60da3: taken
+CND+ 0x7f7461d60ddd: taken
+CND+ 0x7f7461d60e02: not taken
+CND+ 0x7f7461d60e0b: taken
+CND+ 0x7f7461d60e2f: not taken
+CND+ 0x7f7461d60e35: taken
+CND+ 0x7f7461d60e4f: not taken
+CND+ 0x7f7461d60e58: both
+CND+ 0x7f7461d60f7d: not taken
+CND+ 0x7f7461d6102c: not taken
+CND+ 0x7f7461d610c7: not taken
+CND+ 0x7f7461d610d0: both
+CND+ 0x7f7461d610d9: not taken
+CND+ 0x7f7461d615a7: both
+CND+ 0x7f7461d615ed: not taken
+CND+ 0x7f7461d615f2: taken
+CND+ 0x7f7461d61682: not taken
+CND+ 0x7f7461d616a1: not taken
+CND+ 0x7f7461d617bb: not taken
+CND+ 0x7f7461d61835: not taken
+CND+ 0x7f7461d61870: not taken
+CND+ 0x7f7461d6188e: not taken
+CND+ 0x7f7461d6189e: not taken
+CND+ 0x7f7461d619ca: both
+CND+ 0x7f7461d619ea: taken
+CND+ 0x7f7461d619f6: taken
+CND+ 0x7f7461d61a15: taken
+CND+ 0x7f7461d61a38: not taken
+CND+ 0x7f7461d61a48: taken
+CND+ 0x7f7461d61abb: not taken
+CND+ 0x7f7461d6214f: not taken
+CND+ 0x7f7461d6216f: not taken
+CND+ 0x7f7461d6217e: taken
+CND+ 0x7f7461d62a5f: taken
+CND+ 0x7f7461d62b46: not taken
+CND+ 0x7f7461d62b50: taken
+CND+ 0x7f7461d62b69: taken
+CND+ 0x7f7461d62b93: taken
+CND+ 0x7f7461d62d2b: taken
+CND+ 0x7f7461d62e50: not taken
+CND+ 0x7f7461d63227: taken
+CND+ 0x7f7461d6325f: not taken
+CND+ 0x7f7461d63278: taken
+CND+ 0x7f7461d632b9: not taken
+CND+ 0x7f7461d632d7: taken
+CND+ 0x7f7461d6330b: taken
+CND+ 0x7f7461d63383: taken
+CND+ 0x7f7461d633e2: taken
+CND+ 0x7f7461d63456: taken
+CND+ 0x7f7461d63488: both
+CND+ 0x7f7461d6348c: not taken
+CND+ 0x7f7461d63493: not taken
+CND+ 0x7f7461d63498: both
+CND+ 0x7f7461d634e0: not taken
+CND+ 0x7f7461d63512: not taken
+CND+ 0x7f7461d63519: taken
+CND+ 0x7f7461d63548: not taken
+CND+ 0x7f7461d6354d: not taken
+CND+ 0x7f7461d635c9: not taken
+CND+ 0x7f7461d635d7: taken
+CND+ 0x7f7461d636f8: taken
+CND+ 0x7f7461d637b9: not taken
+CND+ 0x7f7461d63830: not taken
+CND+ 0x7f7461d63846: taken
+CND+ 0x7f7461d6386e: not taken
+CND+ 0x7f7461d63b09: not taken
+CND+ 0x7f7461d63b13: not taken
+CND+ 0x7f7461d63c18: taken
+CND+ 0x7f7461d63c9d: not taken
+CND+ 0x7f7461d63dfa: taken
+CND+ 0x7f7461d65946: both
+CND+ 0x7f7461d65963: both
+CND+ 0x7f7461d65968: not taken
+CND+ 0x7f7461d6596e: not taken
+CND+ 0x7f7461d65986: not taken
+CND+ 0x7f7461d6598b: both
+CND+ 0x7f7461d6599a: both
+CND+ 0x7f7461d6599f: both
+CND+ 0x7f7461d659ac: both
+CND+ 0x7f7461d659b7: both
+CND+ 0x7f7461d659c4: not taken
+CND+ 0x7f7461d65a10: not taken
+CND+ 0x7f7461d65a15: taken
+CND+ 0x7f7461d65a2e: both
+CND+ 0x7f7461d65a32: both
+CND+ 0x7f7461d65a5c: both
+CND+ 0x7f7461d65add: not taken
+CND+ 0x7f7461d65ae2: not taken
+CND+ 0x7f7461d65afe: not taken
+CND+ 0x7f7461d65b02: both
+CND+ 0x7f7461d65b48: both
+CND+ 0x7f7461d65b52: not taken
+CND+ 0x7f7461d65b5c: not taken
+CND+ 0x7f7461d65b65: both
+CND+ 0x7f7461d65b6b: taken
+CND+ 0x7f7461d65b75: not taken
+CND+ 0x7f7461d65b95: not taken
+CND+ 0x7f7461d65ba2: not taken
+CND+ 0x7f7461d65bc4: not taken
+CND+ 0x7f7461d65bce: not taken
+CND+ 0x7f7461d65bf6: taken
+CND+ 0x7f7461d65c24: taken
+CND+ 0x7f7461d65ce1: not taken
+CND+ 0x7f7461d65cea: not taken
+CND+ 0x7f7461d65cf3: not taken
+CND+ 0x7f7461d65d25: not taken
+CND+ 0x7f7461d65d53: not taken
+CND+ 0x7f7461d65d5d: not taken
+CND+ 0x7f7461d65eb5: not taken
+CND+ 0x7f7461d65eba: not taken
+CND+ 0x7f7461d65ed8: both
+CND+ 0x7f7461d65edc: taken
+CND+ 0x7f7461d65f0f: not taken
+CND+ 0x7f7461d65f15: not taken
+CND+ 0x7f7461d6646f: not taken
+CND+ 0x7f7461d6653d: not taken
+CND+ 0x7f7461d66547: not taken
+CND+ 0x7f7461d66605: not taken
+CND+ 0x7f7461d6660f: not taken
+CND+ 0x7f7461d66647: not taken
+CND+ 0x7f7461d6665e: not taken
+CND+ 0x7f7461d667bd: taken
+CND+ 0x7f7461d667d2: taken
+CND+ 0x7f7461d667df: not taken
+CND+ 0x7f7461d667e4: both
+CND+ 0x7f7461d667fa: taken
+CND+ 0x7f7461d66856: not taken
+CND+ 0x7f7461d6685b: taken
+CND+ 0x7f7461d6687a: not taken
+CND+ 0x7f7461d6689a: not taken
+CND+ 0x7f7461d668b7: not taken
+CND+ 0x7f7461d668c5: not taken
+CND+ 0x7f7461d668d4: taken
+CND+ 0x7f7461d66df1: not taken
+CND+ 0x7f7461d66e0c: not taken
@0x7f7461d618af to 0x7f7461d61a01 180
@0x7f7461d618af to 0x7f7461d619f0 10
@0x7f7461d618af to 0x7f7461d61a28 1
@0x7f7461d65c19 to 0x7f7461d597d0 1
@0x7f7461d65c19 to 0x7f7461d60120 1
@0x7f7461d55050 to 0x7f746588ea30 4
@0x7f7461d55080 to 0x7f746582e330 2
@0x7f7461d55090 to 0x7f74658d0710 1
@0x7f7461d550a0 to 0x7f74658a6e70 5
@0x7f7461d550d0 to 0x7f7465841a20 7
@0x7f7461d550f0 to 0x7f7465965800 4
@0x7f7461d55130 to 0x7f74658d11e0 1
@0x7f7461d55140 to 0x7f7465845c10 1
@0x7f7461d55150 to 0x7f74658f3800 4
@0x7f7461d55160 to 0x7f74658d0230 1
@0x7f7461d55190 to 0x7f7465965bc0 8
@0x7f7461d551c0 to 0x7f74658d1200 1
@0x7f7461d551e0 to 0x7f74659655d0 1
@0x7f7461d55220 to 0x7f74658d1210 2
@0x7f7461d55230 to 0x7f74658f4b10 1
@0x7f7461d5716e to 0x7f7461d571c0 1
@0x7f7461d55280 to 0x7f7465960d10 11
@0x7f7461d552a0 to 0x7f7465841450 4
@0x7f7461d571ac to 0x7f7461d57e90 1
@0x7f7461d552d0 to 0x7f7465961100 9
@0x7f7461d55320 to 0x7f74658420f0 4
@0x7f7461d55330 to 0x7f7465966100 6
@0x7f7461d55350 to 0x7f74658d1220 1
@0x7f7461d55370 to 0x7f74658f3800 2
@0x7f7461d55390 to 0x7f746588e3e0 23
@0x7f7461d553b0 to 0x7f74658d1230 1
@0x7f7461d553c0 to 0x7f7465960e90 22
@0x7f7461d553e0 to 0x7f7465911ba0 1
@0x7f7461d55410 to 0x7f746588ec80 1
@0x7f7461d55460 to 0x7f74659660e0 13
@0x7f7461d55510 to 0x7f74658d11f0 1
@0x7f7461d55560 to 0x7f74658d04e0 1
@0x7f7461d55570 to 0x7f746583a580 191
@0x7f7461d60f91 to 0x7f7461d61075 1
@0x7f7461d55784 to 0x7f746582dfb0 1
@0x7f7461d66e01 to 0x7f7461d55840 1
@0x7f7461d6355f to 0x7f7461d63580 1
@0x7f7461d6355f to 0x7f7461d635c0 1
@0x7f7461d6355f to 0x7f7461d635a8 2
