MODULE_NAME: /bin/dash
MODULE_START: 0x7efc43f83000
+B+: 0x7efc43f87000 0x7efc43f8700f
+B+: 0x7efc43f87012 0x7efc43f87016
+B+: 0x7efc43f87050 0x7efc43f87055
+B+: 0x7efc43f87080 0x7efc43f87085
+B+: 0x7efc43f87090 0x7efc43f87095
+B+: 0x7efc43f870a0 0x7efc43f870a5
+B+: 0x7efc43f870d0 0x7efc43f870d5
+B+: 0x7efc43f870f0 0x7efc43f870f5
+B+: 0x7efc43f87130 0x7efc43f87135
+B+: 0x7efc43f87140 0x7efc43f87145
+B+: 0x7efc43f87150 0x7efc43f87155
+B+: 0x7efc43f87160 0x7efc43f87165
+B+: 0x7efc43f87190 0x7efc43f87195
+B+: 0x7efc43f871c0 0x7efc43f871c5
+B+: 0x7efc43f871e0 0x7efc43f871e5
+B+: 0x7efc43f87220 0x7efc43f87225
+B+: 0x7efc43f87230 0x7efc43f87235
+B+: 0x7efc43f87280 0x7efc43f87285
+B+: 0x7efc43f872a0 0x7efc43f872a5
+B+: 0x7efc43f872d0 0x7efc43f872d5
+B+: 0x7efc43f87320 0x7efc43f87325
+B+: 0x7efc43f87330 0x7efc43f87335
+B+: 0x7efc43f87350 0x7efc43f87355
+B+: 0x7efc43f87370 0x7efc43f87375
+B+: 0x7efc43f87390 0x7efc43f87395
+B+: 0x7efc43f873b0 0x7efc43f873b5
+B+: 0x7efc43f873c0 0x7efc43f873c5
+B+: 0x7efc43f873e0 0x7efc43f873e5
+B+: 0x7efc43f87410 0x7efc43f87415
+B+: 0x7efc43f87460 0x7efc43f87465
+B+: 0x7efc43f87510 0x7efc43f87515
+B+: 0x7efc43f87560 0x7efc43f87565
+B+: 0x7efc43f87570 0x7efc43f87575
+B+: 0x7efc43f87590 0x7efc43f875b8
+B+: 0x7efc43f875b9 0x7efc43f875c4
+B+: 0x7efc43f875c5 0x7efc43f875cf
+B+: 0x7efc43f875d0 0x7efc43f875e7
+B+: 0x7efc43f875e8 0x7efc43f875ef
+B+: 0x7efc43f875f0 0x7efc43f87600
+B+: 0x7efc43f87601 0x7efc43f8760b
+B+: 0x7efc43f8760c 0x7efc43f87615
+B+: 0x7efc43f87616 0x7efc43f87623
+B+: 0x7efc43f87624 0x7efc43f8762b
+B+: 0x7efc43f8762c 0x7efc43f8763c
+B+: 0x7efc43f87657 0x7efc43f87660
+B+: 0x7efc43f87661 0x7efc43f87678
+B+: 0x7efc43f87679 0x7efc43f8767f
+B+: 0x7efc43f87680 0x7efc43f8768c
+B+: 0x7efc43f8768d 0x7efc43f87696
+B+: 0x7efc43f87697 0x7efc43f8769b
+B+: 0x7efc43f87760 0x7efc43f87789
+B+: 0x7efc43f877c0 0x7efc43f877e3
+B+: 0x7efc43f877f8 0x7efc43f877f8
+B+: 0x7efc43f87840 0x7efc43f87844
+B+: 0x7efc43f87850 0x7efc43f87863
+B+: 0x7efc43f87864 0x7efc43f8786f
+B+: 0x7efc43f87870 0x7efc43f8787d
+B+: 0x7efc43f8787e 0x7efc43f878aa
+B+: 0x7efc43f878ab 0x7efc43f878ac
+B+: 0x7efc43f878cb 0x7efc43f878d2
+B+: 0x7efc43f87a50 0x7efc43f87a57
+B+: 0x7efc43f87a58 0x7efc43f87a5e
+B+: 0x7efc43f87a5f 0x7efc43f87a63
+B+: 0x7efc43f87a71 0x7efc43f87a72
+B+: 0x7efc43f886d0 0x7efc43f886eb
+B+: 0x7efc43f886ec 0x7efc43f88705
+B+: 0x7efc43f88717 0x7efc43f8871b
+B+: 0x7efc43f8871c 0x7efc43f88720
+B+: 0x7efc43f8872c 0x7efc43f88730
+B+: 0x7efc43f8873e 0x7efc43f8874d
+B+: 0x7efc43f8874e 0x7efc43f88757
+B+: 0x7efc43f88758 0x7efc43f88775
+B+: 0x7efc43f88780 0x7efc43f88788
+B+: 0x7efc43f88789 0x7efc43f88790
+B+: 0x7efc43f88791 0x7efc43f8879c
+B+: 0x7efc43f89060 0x7efc43f8907e
+B+: 0x7efc43f8910d 0x7efc43f8911c
+B+: 0x7efc43f8911d 0x7efc43f89123
+B+: 0x7efc43f89140 0x7efc43f8914a
+B+: 0x7efc43f8914b 0x7efc43f89152
+B+: 0x7efc43f89153 0x7efc43f8915d
+B+: 0x7efc43f8915e 0x7efc43f8916f
+B+: 0x7efc43f89188 0x7efc43f8918c
+B+: 0x7efc43f8918d 0x7efc43f89191
+B+: 0x7efc43f89192 0x7efc43f8919c
+B+: 0x7efc43f891a7 0x7efc43f891ad
+B+: 0x7efc43f891ae 0x7efc43f891b5
+B+: 0x7efc43f891c0 0x7efc43f891cf
+B+: 0x7efc43f89bc0 0x7efc43f89bfa
+B+: 0x7efc43f89bfb 0x7efc43f89c07
+B+: 0x7efc43f89c08 0x7efc43f89c0f
+B+: 0x7efc43f89c10 0x7efc43f89c11
+B+: 0x7efc43f89c18 0x7efc43f89c21
+B+: 0x7efc43f89c22 0x7efc43f89c2e
+B+: 0x7efc43f89c32 0x7efc43f89c39
+B+: 0x7efc43f89c3a 0x7efc43f89c49
+B+: 0x7efc43f89c4a 0x7efc43f89c51
+B+: 0x7efc43f89c52 0x7efc43f89c58
+B+: 0x7efc43f89c59 0x7efc43f89c60
+B+: 0x7efc43f89c61 0x7efc43f89c68
+B+: 0x7efc43f89c69 0x7efc43f89c6d
+B+: 0x7efc43f89c6e 0x7efc43f89c77
+B+: 0x7efc43f89c78 0x7efc43f89c89
+B+: 0x7efc43f89c8a 0x7efc43f89c98
+B+: 0x7efc43f89e90 0x7efc43f89ed3
+B+: 0x7efc43f89edf 0x7efc43f89ef5
+B+: 0x7efc43f89ef6 0x7efc43f89efa
+B+: 0x7efc43f89efb 0x7efc43f89f5a
+B+: 0x7efc43f89f5b 0x7efc43f89f67
+B+: 0x7efc43f89f68 0x7efc43f89f77
+B+: 0x7efc43f89f78 0x7efc43f89f7f
+B+: 0x7efc43f89f80 0x7efc43f89f8b
+B+: 0x7efc43f89f8c 0x7efc43f89f94
+B+: 0x7efc43f89f95 0x7efc43f89f9b
+B+: 0x7efc43f89fa0 0x7efc43f89faf
+B+: 0x7efc43f89fb0 0x7efc43f89fc5
+B+: 0x7efc43f89fc6 0x7efc43f89fcf
+B+: 0x7efc43f89fd0 0x7efc43f89fe3
+B+: 0x7efc43f89fe4 0x7efc43f89ffc
+B+: 0x7efc43f8a019 0x7efc43f8a02b
+B+: 0x7efc43f8a02c 0x7efc43f8a034
+B+: 0x7efc43f8a035 0x7efc43f8a047
+B+: 0x7efc43f8a048 0x7efc43f8a05b
+B+: 0x7efc43f8a0a8 0x7efc43f8a0b4
+B+: 0x7efc43f8a0b5 0x7efc43f8a0b9
+B+: 0x7efc43f8a0db 0x7efc43f8a0e1
+B+: 0x7efc43f8a0f0 0x7efc43f8a103
+B+: 0x7efc43f8a104 0x7efc43f8a113
+B+: 0x7efc43f8a114 0x7efc43f8a11b
+B+: 0x7efc43f8a11c 0x7efc43f8a122
+B+: 0x7efc43f8a123 0x7efc43f8a152
+B+: 0x7efc43f8a153 0x7efc43f8a15f
+B+: 0x7efc43f8a160 0x7efc43f8a168
+B+: 0x7efc43f8a216 0x7efc43f8a21c
+B+: 0x7efc43f8a224 0x7efc43f8a22d
+B+: 0x7efc43f8a22e 0x7efc43f8a237
+B+: 0x7efc43f8a238 0x7efc43f8a241
+B+: 0x7efc43f8a242 0x7efc43f8a24b
+B+: 0x7efc43f8a25d 0x7efc43f8a266
+B+: 0x7efc43f8a267 0x7efc43f8a281
+B+: 0x7efc43f8a282 0x7efc43f8a293
+B+: 0x7efc43f8a34c 0x7efc43f8a353
+B+: 0x7efc43f8a354 0x7efc43f8a36f
+B+: 0x7efc43f8a51b 0x7efc43f8a525
+B+: 0x7efc43f8a526 0x7efc43f8a52e
+B+: 0x7efc43f8a52f 0x7efc43f8a537
+B+: 0x7efc43f8a8d0 0x7efc43f8a8ec
+B+: 0x7efc43f8a8ed 0x7efc43f8a8f1
+B+: 0x7efc43f8a8f8 0x7efc43f8a8fa
+B+: 0x7efc43f8a8fb 0x7efc43f8a907
+B+: 0x7efc43f8a908 0x7efc43f8a93e
+B+: 0x7efc43f8a93f 0x7efc43f8a940
+B+: 0x7efc43f8a963 0x7efc43f8a977
+B+: 0x7efc43f8a980 0x7efc43f8a986
+B+: 0x7efc43f8a987 0x7efc43f8a98e
+B+: 0x7efc43f8a98f 0x7efc43f8a997
+B+: 0x7efc43f8a998 0x7efc43f8a9ba
+B+: 0x7efc43f8a9bb 0x7efc43f8a9bc
+B+: 0x7efc43f8a9c0 0x7efc43f8a9e7
+B+: 0x7efc43f8a9e8 0x7efc43f8a9f7
+B+: 0x7efc43f8aa19 0x7efc43f8aa21
+B+: 0x7efc43f8aa22 0x7efc43f8aa2a
+B+: 0x7efc43f8aa2b 0x7efc43f8aa34
+B+: 0x7efc43f8aa35 0x7efc43f8aa3f
+B+: 0x7efc43f8aad0 0x7efc43f8aae9
+B+: 0x7efc43f8aaea 0x7efc43f8ab00
+B+: 0x7efc43f8ab10 0x7efc43f8ab1f
+B+: 0x7efc43f8ab20 0x7efc43f8ab2b
+B+: 0x7efc43f8ab2c 0x7efc43f8ab31
+B+: 0x7efc43f8ab32 0x7efc43f8ab41
+B+: 0x7efc43f8ab56 0x7efc43f8ab61
+B+: 0x7efc43f8ab62 0x7efc43f8ab6f
+B+: 0x7efc43f8ab70 0x7efc43f8ab85
+B+: 0x7efc43f8ab86 0x7efc43f8ab97
+B+: 0x7efc43f8ab98 0x7efc43f8abc0
+B+: 0x7efc43f8abc8 0x7efc43f8abcc
+B+: 0x7efc43f8abcd 0x7efc43f8abea
+B+: 0x7efc43f8ad70 0x7efc43f8ad98
+B+: 0x7efc43f8ada0 0x7efc43f8ada1
+B+: 0x7efc43f8ada2 0x7efc43f8adaa
+B+: 0x7efc43f8adab 0x7efc43f8adc5
+B+: 0x7efc43f8adc6 0x7efc43f8adc9
+B+: 0x7efc43f8adca 0x7efc43f8add1
+B+: 0x7efc43f8add2 0x7efc43f8ade6
+B+: 0x7efc43f8adf0 0x7efc43f8ae2a
+B+: 0x7efc43f8ae2b 0x7efc43f8ae2f
+B+: 0x7efc43f8ae46 0x7efc43f8ae5c
+B+: 0x7efc43f8ae5d 0x7efc43f8ae6e
+B+: 0x7efc43f8ae90 0x7efc43f8aead
+B+: 0x7efc43f8aec8 0x7efc43f8aed1
+B+: 0x7efc43f8aed2 0x7efc43f8aedd
+B+: 0x7efc43f8af6c 0x7efc43f8af8f
+B+: 0x7efc43f8af90 0x7efc43f8af9c
+B+: 0x7efc43f8af9d 0x7efc43f8afa8
+B+: 0x7efc43f8afa9 0x7efc43f8afb0
+B+: 0x7efc43f8afb1 0x7efc43f8afc5
+B+: 0x7efc43f8b008 0x7efc43f8b012
+B+: 0x7efc43f8b013 0x7efc43f8b01e
+B+: 0x7efc43f8b01f 0x7efc43f8b02e
+B+: 0x7efc43f8b060 0x7efc43f8b066
+B+: 0x7efc43f8b067 0x7efc43f8b074
+B+: 0x7efc43f8b075 0x7efc43f8b086
+B+: 0x7efc43f8b087 0x7efc43f8b08e
+B+: 0x7efc43f8b08f 0x7efc43f8b0a2
+B+: 0x7efc43f8b0a3 0x7efc43f8b0b0
+B+: 0x7efc43f8b100 0x7efc43f8b116
+B+: 0x7efc43f8b145 0x7efc43f8b14d
+B+: 0x7efc43f8b14e 0x7efc43f8b157
+B+: 0x7efc43f8b160 0x7efc43f8b166
+B+: 0x7efc43f8b1c0 0x7efc43f8b1d1
+B+: 0x7efc43f8b1e8 0x7efc43f8b1ef
+B+: 0x7efc43f8b248 0x7efc43f8b25b
+B+: 0x7efc43f8b25c 0x7efc43f8b271
+B+: 0x7efc43f8b7d0 0x7efc43f8b7ff
+B+: 0x7efc43f8b80f 0x7efc43f8b812
+B+: 0x7efc43f8b813 0x7efc43f8b81c
+B+: 0x7efc43f8b81d 0x7efc43f8b820
+B+: 0x7efc43f8b821 0x7efc43f8b82f
+B+: 0x7efc43f8b830 0x7efc43f8b83a
+B+: 0x7efc43f8b84f 0x7efc43f8b85a
+B+: 0x7efc43f8b85f 0x7efc43f8b862
+B+: 0x7efc43f8b870 0x7efc43f8b877
+B+: 0x7efc43f8b878 0x7efc43f8b88d
+B+: 0x7efc43f8c440 0x7efc43f8c464
+B+: 0x7efc43f8c61e 0x7efc43f8c627
+B+: 0x7efc43f8c628 0x7efc43f8c631
+B+: 0x7efc43f8c632 0x7efc43f8c659
+B+: 0x7efc43f8c6af 0x7efc43f8c6bc
+B+: 0x7efc43f8c6c0 0x7efc43f8c6cb
+B+: 0x7efc43f8c730 0x7efc43f8c73b
+B+: 0x7efc43f8c740 0x7efc43f8c75e
+B+: 0x7efc43f8c75f 0x7efc43f8c767
+B+: 0x7efc43f8c7d2 0x7efc43f8c7e3
+B+: 0x7efc43f8c8a0 0x7efc43f8c8a7
+B+: 0x7efc43f8d260 0x7efc43f8d2a5
+B+: 0x7efc43f8d2b5 0x7efc43f8d2be
+B+: 0x7efc43f8d2bf 0x7efc43f8d2d2
+B+: 0x7efc43f8d2d3 0x7efc43f8d2fc
+B+: 0x7efc43f8d2fd 0x7efc43f8d310
+B+: 0x7efc43f8d324 0x7efc43f8d328
+B+: 0x7efc43f8d336 0x7efc43f8d33f
+B+: 0x7efc43f8d340 0x7efc43f8d344
+B+: 0x7efc43f8d370 0x7efc43f8d386
+B+: 0x7efc43f8d387 0x7efc43f8d398
+B+: 0x7efc43f8d3a0 0x7efc43f8d3b6
+B+: 0x7efc43f8d3b7 0x7efc43f8d3d7
+B+: 0x7efc43f8d3dd 0x7efc43f8d3ec
+B+: 0x7efc43f8d850 0x7efc43f8d886
+B+: 0x7efc43f8d887 0x7efc43f8d89a
+B+: 0x7efc43f8d89b 0x7efc43f8d8ad
+B+: 0x7efc43f8d8ae 0x7efc43f8d8c4
+B+: 0x7efc43f8d8c5 0x7efc43f8d8d7
+B+: 0x7efc43f8d8d8 0x7efc43f8d8e7
+B+: 0x7efc43f8d8e8 0x7efc43f8d90c
+B+: 0x7efc43f8d90d 0x7efc43f8d915
+B+: 0x7efc43f8d924 0x7efc43f8d933
+B+: 0x7efc43f8d934 0x7efc43f8d947
+B+: 0x7efc43f8d948 0x7efc43f8d954
+B+: 0x7efc43f8d955 0x7efc43f8d95f
+B+: 0x7efc43f8d960 0x7efc43f8d964
+B+: 0x7efc43f8da6a 0x7efc43f8da7c
+B+: 0x7efc43f8da7d 0x7efc43f8da9c
+B+: 0x7efc43f8dba0 0x7efc43f8dbad
+B+: 0x7efc43f8dbae 0x7efc43f8dbe1
+B+: 0x7efc43f8dbf0 0x7efc43f8dbfb
+B+: 0x7efc43f8ddb0 0x7efc43f8ddbd
+B+: 0x7efc43f8ddbe 0x7efc43f8ddca
+B+: 0x7efc43f8ddcb 0x7efc43f8dde3
+B+: 0x7efc43f8dde8 0x7efc43f8ddf4
+B+: 0x7efc43f8ddf8 0x7efc43f8de04
+B+: 0x7efc43f8de05 0x7efc43f8de12
+B+: 0x7efc43f8de13 0x7efc43f8de1d
+B+: 0x7efc43f8deb4 0x7efc43f8dec1
+B+: 0x7efc43f8e160 0x7efc43f8e174
+B+: 0x7efc43f8e175 0x7efc43f8e187
+B+: 0x7efc43f8e188 0x7efc43f8e1a2
+B+: 0x7efc43f8e1a3 0x7efc43f8e1ac
+B+: 0x7efc43f8e1ad 0x7efc43f8e1b3
+B+: 0x7efc43f8e1d0 0x7efc43f8e1e5
+B+: 0x7efc43f8e1eb 0x7efc43f8e1f3
+B+: 0x7efc43f8e205 0x7efc43f8e20b
+B+: 0x7efc43f8e20c 0x7efc43f8e21d
+B+: 0x7efc43f8e21e 0x7efc43f8e226
+B+: 0x7efc43f8e227 0x7efc43f8e230
+B+: 0x7efc43f8e231 0x7efc43f8e232
+B+: 0x7efc43f8e240 0x7efc43f8e248
+B+: 0x7efc43f8e260 0x7efc43f8e260
+B+: 0x7efc43f8e520 0x7efc43f8e534
+B+: 0x7efc43f8e572 0x7efc43f8e578
+B+: 0x7efc43f8e580 0x7efc43f8e583
+B+: 0x7efc43f8e610 0x7efc43f8e656
+B+: 0x7efc43f8e65b 0x7efc43f8e686
+B+: 0x7efc43f8e687 0x7efc43f8e69d
+B+: 0x7efc43f8e6fc 0x7efc43f8e708
+B+: 0x7efc43f8e709 0x7efc43f8e711
+B+: 0x7efc43f8e712 0x7efc43f8e72a
+B+: 0x7efc43f8e72b 0x7efc43f8e73c
+B+: 0x7efc43f8e740 0x7efc43f8e747
+B+: 0x7efc43f8e748 0x7efc43f8e75f
+B+: 0x7efc43f8e760 0x7efc43f8e766
+B+: 0x7efc43f8e767 0x7efc43f8e780
+B+: 0x7efc43f8e790 0x7efc43f8e793
+B+: 0x7efc43f8e794 0x7efc43f8e798
+B+: 0x7efc43f8e7a2 0x7efc43f8e7aa
+B+: 0x7efc43f8e7ab 0x7efc43f8e7ae
+B+: 0x7efc43f8e7af 0x7efc43f8e7bd
+B+: 0x7efc43f8e7cb 0x7efc43f8e7d3
+B+: 0x7efc43f8e825 0x7efc43f8e841
+B+: 0x7efc43f8e842 0x7efc43f8e84d
+B+: 0x7efc43f8e87e 0x7efc43f8e88e
+B+: 0x7efc43f8e88f 0x7efc43f8e8a0
+B+: 0x7efc43f8e8a1 0x7efc43f8e8ad
+B+: 0x7efc43f8ec10 0x7efc43f8ec30
+B+: 0x7efc43f8ec31 0x7efc43f8ec58
+B+: 0x7efc43f8ec5e 0x7efc43f8ec66
+B+: 0x7efc43f8ec67 0x7efc43f8ec6f
+B+: 0x7efc43f8ec78 0x7efc43f8ec87
+B+: 0x7efc43f8ec88 0x7efc43f8ec89
+B+: 0x7efc43f8eca0 0x7efc43f8ecaf
+B+: 0x7efc43f8ecba 0x7efc43f8ecc4
+B+: 0x7efc43f8ece0 0x7efc43f8ece8
+B+: 0x7efc43f8f360 0x7efc43f8f36b
+B+: 0x7efc43f8f480 0x7efc43f8f480
+B+: 0x7efc43f8f9c0 0x7efc43f8f9db
+B+: 0x7efc43f8fa16 0x7efc43f8fa32
+B+: 0x7efc43f8fa33 0x7efc43f8fa52
+B+: 0x7efc43f8fa63 0x7efc43f8fa6a
+B+: 0x7efc43f8fa90 0x7efc43f8faa6
+B+: 0x7efc43f8faa7 0x7efc43f8faae
+B+: 0x7efc43f8faaf 0x7efc43f8fab6
+B+: 0x7efc43f8faf6 0x7efc43f8fb01
+B+: 0x7efc43f8fb0c 0x7efc43f8fb34
+B+: 0x7efc43f8fb40 0x7efc43f8fb57
+B+: 0x7efc43f8fb58 0x7efc43f8fb5f
+B+: 0x7efc43f8fb60 0x7efc43f8fb67
+B+: 0x7efc43f8fb68 0x7efc43f8fb70
+B+: 0x7efc43f8fb71 0x7efc43f8fb7a
+B+: 0x7efc43f8fb7b 0x7efc43f8fb80
+B+: 0x7efc43f8fb97 0x7efc43f8fb9c
+B+: 0x7efc43f8fc0a 0x7efc43f8fc3d
+B+: 0x7efc43f8fc47 0x7efc43f8fc53
+B+: 0x7efc43f8fed0 0x7efc43f8fede
+B+: 0x7efc43f8fedf 0x7efc43f8fee7
+B+: 0x7efc43f8fee8 0x7efc43f8fefc
+B+: 0x7efc43f8fefd 0x7efc43f8ff02
+B+: 0x7efc43f8ff03 0x7efc43f8ff1b
+B+: 0x7efc43f8ff1c 0x7efc43f8ff21
+B+: 0x7efc43f8ff22 0x7efc43f8ff2b
+B+: 0x7efc43f8ffc0 0x7efc43f8ffc7
+B+: 0x7efc43f8ffc8 0x7efc43f8ffd0
+B+: 0x7efc43f90760 0x7efc43f90768
+B+: 0x7efc43f90769 0x7efc43f9076d
+B+: 0x7efc43f9076e 0x7efc43f90772
+B+: 0x7efc43f90780 0x7efc43f90788
+B+: 0x7efc43f90789 0x7efc43f9078d
+B+: 0x7efc43f9078e 0x7efc43f90792
+B+: 0x7efc43f907c0 0x7efc43f907d9
+B+: 0x7efc43f907da 0x7efc43f907e6
+B+: 0x7efc43f907f7 0x7efc43f90802
+B+: 0x7efc43f90803 0x7efc43f9080b
+B+: 0x7efc43f9080c 0x7efc43f90841
+B+: 0x7efc43f90842 0x7efc43f9084b
+B+: 0x7efc43f9084c 0x7efc43f90852
+B+: 0x7efc43f90853 0x7efc43f90875
+B+: 0x7efc43f90880 0x7efc43f9088e
+B+: 0x7efc43f908b0 0x7efc43f908c8
+B+: 0x7efc43f90900 0x7efc43f90941
+B+: 0x7efc43f90950 0x7efc43f90966
+B+: 0x7efc43f90967 0x7efc43f9097e
+B+: 0x7efc43f9097f 0x7efc43f9098a
+B+: 0x7efc43f9098b 0x7efc43f909b3
+B+: 0x7efc43f909b4 0x7efc43f909bd
+B+: 0x7efc43f909be 0x7efc43f909bf
+B+: 0x7efc43f909d0 0x7efc43f909e8
+B+: 0x7efc43f909e9 0x7efc43f90a14
+B+: 0x7efc43f90a1e 0x7efc43f90a25
+B+: 0x7efc43f90a26 0x7efc43f90a33
+B+: 0x7efc43f90a34 0x7efc43f90a46
+B+: 0x7efc43f90ae0 0x7efc43f90afe
+B+: 0x7efc43f90aff 0x7efc43f90b0c
+B+: 0x7efc43f90b0d 0x7efc43f90b1b
+B+: 0x7efc43f90b1c 0x7efc43f90b2c
+B+: 0x7efc43f90b40 0x7efc43f90b62
+B+: 0x7efc43f90b98 0x7efc43f90ba9
+B+: 0x7efc43f916d0 0x7efc43f916f4
+B+: 0x7efc43f916f5 0x7efc43f9170d
+B+: 0x7efc43f9170e 0x7efc43f91712
+B+: 0x7efc43f91713 0x7efc43f9171e
+B+: 0x7efc43f9171f 0x7efc43f91723
+B+: 0x7efc43f91724 0x7efc43f91728
+B+: 0x7efc43f91729 0x7efc43f91730
+B+: 0x7efc43f9173c 0x7efc43f91749
+B+: 0x7efc43f9174a 0x7efc43f9174d
+B+: 0x7efc43f9174e 0x7efc43f91760
+B+: 0x7efc43f91761 0x7efc43f9176b
+B+: 0x7efc43f91790 0x7efc43f9179d
+B+: 0x7efc43f9179e 0x7efc43f917a5
+B+: 0x7efc43f917a6 0x7efc43f917a7
+B+: 0x7efc43f91890 0x7efc43f9189d
+B+: 0x7efc43f9189e 0x7efc43f918a9
+B+: 0x7efc43f918aa 0x7efc43f918bd
+B+: 0x7efc43f918c0 0x7efc43f918ca
+B+: 0x7efc43f918d0 0x7efc43f918ef
+B+: 0x7efc43f918f0 0x7efc43f918f4
+B+: 0x7efc43f918f5 0x7efc43f9190c
+B+: 0x7efc43f9190d 0x7efc43f91910
+B+: 0x7efc43f91911 0x7efc43f91912
+B+: 0x7efc43f91913 0x7efc43f9191b
+B+: 0x7efc43f9191c 0x7efc43f91930
+B+: 0x7efc43f91938 0x7efc43f9193c
+B+: 0x7efc43f91980 0x7efc43f9198f
+B+: 0x7efc43f91990 0x7efc43f9199b
+B+: 0x7efc43f9199c 0x7efc43f919ab
+B+: 0x7efc43f91a80 0x7efc43f91a93
+B+: 0x7efc43f91a94 0x7efc43f91aac
+B+: 0x7efc43f91aad 0x7efc43f91abf
+B+: 0x7efc43f91ac0 0x7efc43f91ada
+B+: 0x7efc43f91adb 0x7efc43f91ae3
+B+: 0x7efc43f91aec 0x7efc43f91af8
+B+: 0x7efc43f91af9 0x7efc43f91b02
+B+: 0x7efc43f91b03 0x7efc43f91b06
+B+: 0x7efc43f91b07 0x7efc43f91b1a
+B+: 0x7efc43f91c49 0x7efc43f91c55
+B+: 0x7efc43f91c56 0x7efc43f91c67
+B+: 0x7efc43f91c82 0x7efc43f91c93
+B+: 0x7efc43f91d77 0x7efc43f91d82
+B+: 0x7efc43f91da0 0x7efc43f91db2
+B+: 0x7efc43f91db3 0x7efc43f91ddf
+B+: 0x7efc43f91de0 0x7efc43f91deb
+B+: 0x7efc43f91dec 0x7efc43f91dfc
+B+: 0x7efc43f91dfd 0x7efc43f91e18
+B+: 0x7efc43f91e19 0x7efc43f91e25
+B+: 0x7efc43f91e26 0x7efc43f91e2e
+B+: 0x7efc43f91e2f 0x7efc43f91e3f
+B+: 0x7efc43f91e40 0x7efc43f91e44
+B+: 0x7efc43f91e45 0x7efc43f91e50
+B+: 0x7efc43f91e51 0x7efc43f91e5d
+B+: 0x7efc43f91e5e 0x7efc43f91e77
+B+: 0x7efc43f91ece 0x7efc43f91ed2
+B+: 0x7efc43f91ed3 0x7efc43f91ede
+B+: 0x7efc43f91ee0 0x7efc43f91eec
+B+: 0x7efc43f91f60 0x7efc43f91f7c
+B+: 0x7efc43f92120 0x7efc43f92128
+B+: 0x7efc43f92129 0x7efc43f92147
+B+: 0x7efc43f92750 0x7efc43f9275e
+B+: 0x7efc43f9275f 0x7efc43f92763
+B+: 0x7efc43f92764 0x7efc43f92770
+B+: 0x7efc43f92771 0x7efc43f92777
+B+: 0x7efc43f92778 0x7efc43f92783
+B+: 0x7efc43f92784 0x7efc43f92788
+B+: 0x7efc43f92789 0x7efc43f9278d
+B+: 0x7efc43f9278e 0x7efc43f92796
+B+: 0x7efc43f92797 0x7efc43f9279e
+B+: 0x7efc43f92890 0x7efc43f92892
+B+: 0x7efc43f928a7 0x7efc43f928ab
+B+: 0x7efc43f928ac 0x7efc43f928b2
+B+: 0x7efc43f928b3 0x7efc43f928b6
+B+: 0x7efc43f928d0 0x7efc43f928e1
+B+: 0x7efc43f928e2 0x7efc43f928e6
+B+: 0x7efc43f928e7 0x7efc43f928eb
+B+: 0x7efc43f928ec 0x7efc43f928f1
+B+: 0x7efc43f928f2 0x7efc43f928fa
+B+: 0x7efc43f928fb 0x7efc43f928fc
+B+: 0x7efc43f92940 0x7efc43f92948
+B+: 0x7efc43f92949 0x7efc43f92951
+B+: 0x7efc43f92980 0x7efc43f92988
+B+: 0x7efc43f92989 0x7efc43f9298a
+B+: 0x7efc43f9298b 0x7efc43f92991
+B+: 0x7efc43f92992 0x7efc43f929a2
+B+: 0x7efc43f929a8 0x7efc43f929ac
+B+: 0x7efc43f929eb 0x7efc43f92a00
+B+: 0x7efc43f92a08 0x7efc43f92a10
+B+: 0x7efc43f92af0 0x7efc43f92b11
+B+: 0x7efc43f92b12 0x7efc43f92b16
+B+: 0x7efc43f92b17 0x7efc43f92b1d
+B+: 0x7efc43f92b1e 0x7efc43f92b26
+B+: 0x7efc43f92b27 0x7efc43f92b34
+B+: 0x7efc43f92b35 0x7efc43f92b3c
+B+: 0x7efc43f92b3d 0x7efc43f92b49
+B+: 0x7efc43f92b4a 0x7efc43f92b5a
+B+: 0x7efc43f92b5b 0x7efc43f92b63
+B+: 0x7efc43f92b7f 0x7efc43f92b93
+B+: 0x7efc43f92b94 0x7efc43f92b9c
+B+: 0x7efc43f92be0 0x7efc43f92bf7
+B+: 0x7efc43f92bf8 0x7efc43f92c00
+B+: 0x7efc43f92c1b 0x7efc43f92c2b
+B+: 0x7efc43f92d40 0x7efc43f92d5e
+B+: 0x7efc43f92d5f 0x7efc43f92d6d
+B+: 0x7efc43f92d6e 0x7efc43f92d72
+B+: 0x7efc43f92d7d 0x7efc43f92d90
+B+: 0x7efc43f92d91 0x7efc43f92d95
+B+: 0x7efc43f92d96 0x7efc43f92d9a
+B+: 0x7efc43f92da0 0x7efc43f92da4
+B+: 0x7efc43f92dd5 0x7efc43f92dd9
+B+: 0x7efc43f92dda 0x7efc43f92dde
+B+: 0x7efc43f92df0 0x7efc43f92dfb
+B+: 0x7efc43f92dfc 0x7efc43f92e07
+B+: 0x7efc43f92e08 0x7efc43f92e10
+B+: 0x7efc43f92e2c 0x7efc43f92e30
+B+: 0x7efc43f92e31 0x7efc43f92e36
+B+: 0x7efc43f92e41 0x7efc43f92e45
+B+: 0x7efc43f92e46 0x7efc43f92e54
+B+: 0x7efc43f92e55 0x7efc43f92e5d
+B+: 0x7efc43f92e5e 0x7efc43f92e62
+B+: 0x7efc43f92e63 0x7efc43f92e74
+B+: 0x7efc43f92e78 0x7efc43f92e84
+B+: 0x7efc43f92ea0 0x7efc43f92ea4
+B+: 0x7efc43f92ef0 0x7efc43f92f03
+B+: 0x7efc43f92f40 0x7efc43f92f76
+B+: 0x7efc43f92f77 0x7efc43f92f82
+B+: 0x7efc43f92f83 0x7efc43f92f92
+B+: 0x7efc43f9301b 0x7efc43f93031
+B+: 0x7efc43f93032 0x7efc43f93040
+B+: 0x7efc43f93075 0x7efc43f930b8
+B+: 0x7efc43f930b9 0x7efc43f930c3
+B+: 0x7efc43f930c4 0x7efc43f930cc
+B+: 0x7efc43f930cd 0x7efc43f930d5
+B+: 0x7efc43f930d6 0x7efc43f930de
+B+: 0x7efc43f930df 0x7efc43f93106
+B+: 0x7efc43f93107 0x7efc43f93133
+B+: 0x7efc43f93578 0x7efc43f93581
+B+: 0x7efc43f93582 0x7efc43f935a8
+B+: 0x7efc43f935a9 0x7efc43f935b6
+B+: 0x7efc43f935d0 0x7efc43f935e0
+B+: 0x7efc43f935e1 0x7efc43f935ee
+B+: 0x7efc43f935ef 0x7efc43f935f3
+B+: 0x7efc43f93670 0x7efc43f9367e
+B+: 0x7efc43f9367f 0x7efc43f93683
+B+: 0x7efc43f93684 0x7efc43f93692
+B+: 0x7efc43f93693 0x7efc43f9369a
+B+: 0x7efc43f9369b 0x7efc43f936a2
+B+: 0x7efc43f936a3 0x7efc43f936b7
+B+: 0x7efc43f93790 0x7efc43f937bc
+B+: 0x7efc43f937bd 0x7efc43f937d4
+B+: 0x7efc43f937e0 0x7efc43f9383a
+B+: 0x7efc43f9383b 0x7efc43f93875
+B+: 0x7efc43f93876 0x7efc43f93893
+B+: 0x7efc43f93894 0x7efc43f938a3
+B+: 0x7efc43f938a4 0x7efc43f938b0
+B+: 0x7efc43f939b4 0x7efc43f939b8
+B+: 0x7efc43f939b9 0x7efc43f939cf
+B+: 0x7efc43f939d0 0x7efc43f939dc
+B+: 0x7efc43f939dd 0x7efc43f939ef
+B+: 0x7efc43f939f0 0x7efc43f939f7
+B+: 0x7efc43f93a01 0x7efc43f93a16
+B+: 0x7efc43f93a28 0x7efc43f93a3d
+B+: 0x7efc43f93a3e 0x7efc43f93a4d
+B+: 0x7efc43f93a79 0x7efc43f93a97
+B+: 0x7efc43f93a98 0x7efc43f93ac0
+B+: 0x7efc43f93ac1 0x7efc43f93acf
+B+: 0x7efc43f94148 0x7efc43f94154
+B+: 0x7efc43f94155 0x7efc43f94174
+B+: 0x7efc43f94175 0x7efc43f9417f
+B+: 0x7efc43f941ac 0x7efc43f941b0
+B+: 0x7efc43f941b1 0x7efc43f941b5
+B+: 0x7efc43f94a40 0x7efc43f94a64
+B+: 0x7efc43f94b10 0x7efc43f94b1a
+B+: 0x7efc43f94b40 0x7efc43f94b47
+B+: 0x7efc43f94b48 0x7efc43f94b51
+B+: 0x7efc43f94b58 0x7efc43f94b60
+B+: 0x7efc43f94b61 0x7efc43f94b6a
+B+: 0x7efc43f94b88 0x7efc43f94b8c
+B+: 0x7efc43f94b8d 0x7efc43f94b94
+B+: 0x7efc43f94ba0 0x7efc43f94ba4
+B+: 0x7efc43f94d00 0x7efc43f94d30
+B+: 0x7efc43f94e3f 0x7efc43f94e55
+B+: 0x7efc43f94e56 0x7efc43f94e67
+B+: 0x7efc43f951e0 0x7efc43f95222
+B+: 0x7efc43f95223 0x7efc43f95228
+B+: 0x7efc43f9524c 0x7efc43f95260
+B+: 0x7efc43f95261 0x7efc43f95269
+B+: 0x7efc43f95270 0x7efc43f95279
+B+: 0x7efc43f95288 0x7efc43f952a0
+B+: 0x7efc43f952a1 0x7efc43f952ba
+B+: 0x7efc43f952bb 0x7efc43f952bc
+B+: 0x7efc43f952d0 0x7efc43f952d8
+B+: 0x7efc43f952f8 0x7efc43f952f8
+B+: 0x7efc43f95300 0x7efc43f9530c
+B+: 0x7efc43f9533f 0x7efc43f95343
+B+: 0x7efc43f95380 0x7efc43f95384
+B+: 0x7efc43f953d0 0x7efc43f953e3
+B+: 0x7efc43f95400 0x7efc43f95400
+B+: 0x7efc43f95420 0x7efc43f9545b
+B+: 0x7efc43f95467 0x7efc43f95471
+B+: 0x7efc43f95472 0x7efc43f95489
+B+: 0x7efc43f9548a 0x7efc43f9548d
+B+: 0x7efc43f9548e 0x7efc43f95494
+B+: 0x7efc43f95495 0x7efc43f9549d
+B+: 0x7efc43f9549e 0x7efc43f954a9
+B+: 0x7efc43f954aa 0x7efc43f954c2
+B+: 0x7efc43f954c3 0x7efc43f954ce
+B+: 0x7efc43f954cf 0x7efc43f954e5
+B+: 0x7efc43f954e6 0x7efc43f954f5
+B+: 0x7efc43f95500 0x7efc43f9550e
+B+: 0x7efc43f9550f 0x7efc43f95513
+B+: 0x7efc43f95514 0x7efc43f9551e
+B+: 0x7efc43f95540 0x7efc43f95549
+B+: 0x7efc43f9554a 0x7efc43f9554e
+B+: 0x7efc43f9554f 0x7efc43f95560
+B+: 0x7efc43f95568 0x7efc43f95577
+B+: 0x7efc43f95580 0x7efc43f95589
+B+: 0x7efc43f955a8 0x7efc43f955bb
+B+: 0x7efc43f955c0 0x7efc43f955ce
+B+: 0x7efc43f955cf 0x7efc43f955dc
+B+: 0x7efc43f956f0 0x7efc43f956fd
+B+: 0x7efc43f957a0 0x7efc43f957a0
+B+: 0x7efc43f957b0 0x7efc43f957ba
+B+: 0x7efc43f957bb 0x7efc43f957ce
+B+: 0x7efc43f957cf 0x7efc43f957d8
+B+: 0x7efc43f957d9 0x7efc43f957e6
+B+: 0x7efc43f95800 0x7efc43f9582d
+B+: 0x7efc43f9582e 0x7efc43f95831
+B+: 0x7efc43f95832 0x7efc43f95847
+B+: 0x7efc43f95864 0x7efc43f9586b
+B+: 0x7efc43f9586c 0x7efc43f9586f
+B+: 0x7efc43f95870 0x7efc43f95876
+B+: 0x7efc43f95877 0x7efc43f9587b
+B+: 0x7efc43f9587c 0x7efc43f95886
+B+: 0x7efc43f95ae0 0x7efc43f95b01
+B+: 0x7efc43f95b02 0x7efc43f95b0a
+B+: 0x7efc43f95b0b 0x7efc43f95b14
+B+: 0x7efc43f95b15 0x7efc43f95b19
+B+: 0x7efc43f95c00 0x7efc43f95c19
+B+: 0x7efc43f95c51 0x7efc43f95c8e
+B+: 0x7efc43f95c8f 0x7efc43f95c9e
+B+: 0x7efc43f95c9f 0x7efc43f95ca6
+B+: 0x7efc43f95df0 0x7efc43f95dfb
+B+: 0x7efc43f95e20 0x7efc43f95e20
+B+: 0x7efc43f95e30 0x7efc43f95e38
+B+: 0x7efc43f97940 0x7efc43f9794b
+B+: 0x7efc43f9794c 0x7efc43f97957
+B+: 0x7efc43f97958 0x7efc43f97964
+B+: 0x7efc43f97965 0x7efc43f97969
+B+: 0x7efc43f9796a 0x7efc43f9796f
+B+: 0x7efc43f97970 0x7efc43f97976
+B+: 0x7efc43f97980 0x7efc43f97987
+B+: 0x7efc43f97988 0x7efc43f9798c
+B+: 0x7efc43f9798d 0x7efc43f9799b
+B+: 0x7efc43f9799c 0x7efc43f979a0
+B+: 0x7efc43f979a1 0x7efc43f979a8
+B+: 0x7efc43f979a9 0x7efc43f979ad
+B+: 0x7efc43f979ae 0x7efc43f979b8
+B+: 0x7efc43f979b9 0x7efc43f979b9
+B+: 0x7efc43f979c0 0x7efc43f979c5
+B+: 0x7efc43f979c6 0x7efc43f979c9
+B+: 0x7efc43f979d0 0x7efc43f979d0
+B+: 0x7efc43f979d1 0x7efc43f979d5
+B+: 0x7efc43f979d6 0x7efc43f979d9
+B+: 0x7efc43f979e0 0x7efc43f979ff
+B+: 0x7efc43f97a00 0x7efc43f97a11
+B+: 0x7efc43f97a12 0x7efc43f97a16
+B+: 0x7efc43f97a20 0x7efc43f97a22
+B+: 0x7efc43f97a23 0x7efc43f97a2f
+B+: 0x7efc43f97a30 0x7efc43f97a33
+B+: 0x7efc43f97a34 0x7efc43f97a5d
+B+: 0x7efc43f97a5e 0x7efc43f97a62
+B+: 0x7efc43f97a63 0x7efc43f97a82
+B+: 0x7efc43f97ac0 0x7efc43f97ade
+B+: 0x7efc43f97adf 0x7efc43f97ae3
+B+: 0x7efc43f97ae4 0x7efc43f97ae8
+B+: 0x7efc43f97af0 0x7efc43f97af2
+B+: 0x7efc43f97af3 0x7efc43f97aff
+B+: 0x7efc43f97b00 0x7efc43f97b03
+B+: 0x7efc43f97b04 0x7efc43f97b3e
+B+: 0x7efc43f97b3f 0x7efc43f97b49
+B+: 0x7efc43f97b4a 0x7efc43f97b57
+B+: 0x7efc43f97b58 0x7efc43f97b5d
+B+: 0x7efc43f97b5e 0x7efc43f97b66
+B+: 0x7efc43f97b67 0x7efc43f97b70
+B+: 0x7efc43f97b71 0x7efc43f97b7a
+B+: 0x7efc43f97b7b 0x7efc43f97b9a
+B+: 0x7efc43f97b9b 0x7efc43f97ba3
+B+: 0x7efc43f97ba4 0x7efc43f97bbd
+B+: 0x7efc43f97bc0 0x7efc43f97bc5
+B+: 0x7efc43f97bc6 0x7efc43f97bcf
+B+: 0x7efc43f97bd0 0x7efc43f97bd9
+B+: 0x7efc43f97bda 0x7efc43f97bf7
+B+: 0x7efc43f97c08 0x7efc43f97c14
+B+: 0x7efc43f97c15 0x7efc43f97c1b
+B+: 0x7efc43f97c1c 0x7efc43f97c29
+B+: 0x7efc43f97cb0 0x7efc43f97cca
+B+: 0x7efc43f97ccb 0x7efc43f97cda
+B+: 0x7efc43f97cdb 0x7efc43f97ce6
+B+: 0x7efc43f97ce7 0x7efc43f97cef
+B+: 0x7efc43f97cf0 0x7efc43f97cf4
+B+: 0x7efc43f97cf5 0x7efc43f97cfc
+B+: 0x7efc43f97cfd 0x7efc43f97d10
+B+: 0x7efc43f97d11 0x7efc43f97d21
+B+: 0x7efc43f97d22 0x7efc43f97d26
+B+: 0x7efc43f97d27 0x7efc43f97d38
+B+: 0x7efc43f97d39 0x7efc43f97d4b
+B+: 0x7efc43f97d4c 0x7efc43f97d54
+B+: 0x7efc43f97d55 0x7efc43f97d5e
+B+: 0x7efc43f97d5f 0x7efc43f97d6d
+B+: 0x7efc43f97ea0 0x7efc43f97eb6
+B+: 0x7efc43f97eb7 0x7efc43f97ebb
+B+: 0x7efc43f97ebc 0x7efc43f97ec0
+B+: 0x7efc43f97ec8 0x7efc43f97ecb
+B+: 0x7efc43f97ecc 0x7efc43f97ed9
+B+: 0x7efc43f97eda 0x7efc43f97edd
+B+: 0x7efc43f97ede 0x7efc43f97f06
+B+: 0x7efc43f97f07 0x7efc43f97f10
+B+: 0x7efc43f97f11 0x7efc43f97f16
+B+: 0x7efc43f97f17 0x7efc43f97f24
+B+: 0x7efc43f97f25 0x7efc43f97f2d
+B+: 0x7efc43f98440 0x7efc43f9846b
+B+: 0x7efc43f9846c 0x7efc43f98470
+B+: 0x7efc43f98471 0x7efc43f98475
+B+: 0x7efc43f98536 0x7efc43f9853e
+B+: 0x7efc43f9853f 0x7efc43f98548
+B+: 0x7efc43f98549 0x7efc43f98551
+B+: 0x7efc43f985d0 0x7efc43f985e4
+B+: 0x7efc43f985e5 0x7efc43f98606
+B+: 0x7efc43f98607 0x7efc43f98610
+B+: 0x7efc43f98611 0x7efc43f98618
+B+: 0x7efc43f98640 0x7efc43f98648
+B+: 0x7efc43f98649 0x7efc43f98656
+B+: 0x7efc43f98657 0x7efc43f9865f
+B+: 0x7efc43f98660 0x7efc43f98661
+B+: 0x7efc43f98760 0x7efc43f987aa
+B+: 0x7efc43f987ab 0x7efc43f987af
+B+: 0x7efc43f987b0 0x7efc43f987be
+B+: 0x7efc43f987c8 0x7efc43f987d3
+B+: 0x7efc43f987d4 0x7efc43f987d8
+B+: 0x7efc43f987d9 0x7efc43f987e0
+B+: 0x7efc43f987e1 0x7efc43f987e5
+B+: 0x7efc43f987e6 0x7efc43f987f3
+B+: 0x7efc43f987f4 0x7efc43f987fb
+B+: 0x7efc43f98800 0x7efc43f98810
+B+: 0x7efc43f98811 0x7efc43f98815
+B+: 0x7efc43f98816 0x7efc43f98832
+B+: 0x7efc43f98833 0x7efc43f98843
+B+: 0x7efc43f98844 0x7efc43f9884f
+B+: 0x7efc43f98850 0x7efc43f98857
+B+: 0x7efc43f98858 0x7efc43f9885c
+B+: 0x7efc43f9885d 0x7efc43f98868
+B+: 0x7efc43f98869 0x7efc43f9887b
+B+: 0x7efc43f9887c 0x7efc43f98884
+B+: 0x7efc43f98888 0x7efc43f98897
+B+: 0x7efc43f98898 0x7efc43f9889b
+B+: 0x7efc43f9889c 0x7efc43f988b4
+B+: 0x7efc43f988b5 0x7efc43f988b8
+B+: 0x7efc43f988b9 0x7efc43f988c6
+B+: 0x7efc43f988c7 0x7efc43f988d5
+B+: 0x7efc43f98dc0 0x7efc43f98dec
+B+: 0x7efc43f98ded 0x7efc43f98df2
+B+: 0x7efc43f98df3 0x7efc43f98e04
+B+: 0x7efc43f98e05 0x7efc43f98e0d
+B+: 0x7efc43f98e0e 0x7efc43f98e1c
+CND+ 0x7efc43f8700e: taken
+CND+ 0x7efc43f875ea: not taken
+CND+ 0x7efc43f87626: not taken
+CND+ 0x7efc43f8763b: taken
+CND+ 0x7efc43f87673: not taken
+CND+ 0x7efc43f87687: not taken
+CND+ 0x7efc43f87695: not taken
+CND+ 0x7efc43f877e2: taken
+CND+ 0x7efc43f87862: not taken
+CND+ 0x7efc43f8787c: both
+CND+ 0x7efc43f878a9: not taken
+CND+ 0x7efc43f87a5d: not taken
+CND+ 0x7efc43f87a62: taken
+CND+ 0x7efc43f886e6: not taken
+CND+ 0x7efc43f88704: taken
+CND+ 0x7efc43f8871a: not taken
+CND+ 0x7efc43f8871f: taken
+CND+ 0x7efc43f8872f: taken
+CND+ 0x7efc43f8874c: not taken
+CND+ 0x7efc43f88756: not taken
+CND+ 0x7efc43f8878f: not taken
+CND+ 0x7efc43f8879b: taken
+CND+ 0x7efc43f89079: taken
+CND+ 0x7efc43f8911b: not taken
+CND+ 0x7efc43f89149: not taken
+CND+ 0x7efc43f89158: not taken
+CND+ 0x7efc43f89190: not taken
+CND+ 0x7efc43f891ce: taken
+CND+ 0x7efc43f89c20: not taken
+CND+ 0x7efc43f89c2d: taken
+CND+ 0x7efc43f89c48: not taken
+CND+ 0x7efc43f89c5f: both
+CND+ 0x7efc43f89c88: not taken
+CND+ 0x7efc43f89ed2: taken
+CND+ 0x7efc43f89f55: not taken
+CND+ 0x7efc43f89f7e: not taken
+CND+ 0x7efc43f89f8a: not taken
+CND+ 0x7efc43f89f93: both
+CND+ 0x7efc43f89fc4: not taken
+CND+ 0x7efc43f89fe2: both
+CND+ 0x7efc43f89ffb: taken
+CND+ 0x7efc43f8a05a: taken
+CND+ 0x7efc43f8a0af: not taken
+CND+ 0x7efc43f8a0b8: taken
+CND+ 0x7efc43f8a0e0: taken
+CND+ 0x7efc43f8a116: not taken
+CND+ 0x7efc43f8a15a: not taken
+CND+ 0x7efc43f8a163: taken
+CND+ 0x7efc43f8a21b: taken
+CND+ 0x7efc43f8a24a: taken
+CND+ 0x7efc43f8a27c: not taken
+CND+ 0x7efc43f8a36a: taken
+CND+ 0x7efc43f8a520: not taken
+CND+ 0x7efc43f8a529: not taken
+CND+ 0x7efc43f8a532: taken
+CND+ 0x7efc43f8a8eb: not taken
+CND+ 0x7efc43f8a906: both
+CND+ 0x7efc43f8a93d: not taken
+CND+ 0x7efc43f8a985: both
+CND+ 0x7efc43f8a9f6: taken
+CND+ 0x7efc43f8aa20: both
+CND+ 0x7efc43f8aa29: not taken
+CND+ 0x7efc43f8aa33: not taken
+CND+ 0x7efc43f8aae4: not taken
+CND+ 0x7efc43f8aafb: taken
+CND+ 0x7efc43f8ab2a: both
+CND+ 0x7efc43f8ab30: both
+CND+ 0x7efc43f8ab40: taken
+CND+ 0x7efc43f8ab60: not taken
+CND+ 0x7efc43f8ab96: not taken
+CND+ 0x7efc43f8abe5: taken
+CND+ 0x7efc43f8ada0: not taken
+CND+ 0x7efc43f8ada9: not taken
+CND+ 0x7efc43f8adc8: both
+CND+ 0x7efc43f8add0: both
+CND+ 0x7efc43f8ae2e: taken
+CND+ 0x7efc43f8ae57: not taken
+CND+ 0x7efc43f8aeac: taken
+CND+ 0x7efc43f8aed8: taken
+CND+ 0x7efc43f8afa3: not taken
+CND+ 0x7efc43f8afc0: taken
+CND+ 0x7efc43f8b019: not taken
+CND+ 0x7efc43f8b065: not taken
+CND+ 0x7efc43f8b06f: not taken
+CND+ 0x7efc43f8b089: both
+CND+ 0x7efc43f8b09d: not taken
+CND+ 0x7efc43f8b0ab: taken
+CND+ 0x7efc43f8b14c: not taken
+CND+ 0x7efc43f8b156: taken
+CND+ 0x7efc43f8b1cc: taken
+CND+ 0x7efc43f8b1ee: taken
+CND+ 0x7efc43f8b811: both
+CND+ 0x7efc43f8b81b: not taken
+CND+ 0x7efc43f8b81f: not taken
+CND+ 0x7efc43f8b839: taken
+CND+ 0x7efc43f8b859: taken
+CND+ 0x7efc43f8b861: taken
+CND+ 0x7efc43f8c45f: taken
+CND+ 0x7efc43f8c626: not taken
+CND+ 0x7efc43f8c6ca: taken
+CND+ 0x7efc43f8c762: taken
+CND+ 0x7efc43f8d2a4: taken
+CND+ 0x7efc43f8d2bd: not taken
+CND+ 0x7efc43f8d2cd: not taken
+CND+ 0x7efc43f8d30f: taken
+CND+ 0x7efc43f8d327: taken
+CND+ 0x7efc43f8d33a: not taken
+CND+ 0x7efc43f8d343: taken
+CND+ 0x7efc43f8d381: not taken
+CND+ 0x7efc43f8d3d6: taken
+CND+ 0x7efc43f8d3e7: taken
+CND+ 0x7efc43f8d895: not taken
+CND+ 0x7efc43f8d8a8: not taken
+CND+ 0x7efc43f8d8d2: not taken
+CND+ 0x7efc43f8d907: not taken
+CND+ 0x7efc43f8d942: taken
+CND+ 0x7efc43f8d953: not taken
+CND+ 0x7efc43f8d963: taken
+CND+ 0x7efc43f8da7b: not taken
+CND+ 0x7efc43f8ddbc: both
+CND+ 0x7efc43f8ddc9: both
+CND+ 0x7efc43f8de03: not taken
+CND+ 0x7efc43f8de0d: not taken
+CND+ 0x7efc43f8de18: taken
+CND+ 0x7efc43f8e1a1: not taken
+CND+ 0x7efc43f8e1ab: not taken
+CND+ 0x7efc43f8e1e4: taken
+CND+ 0x7efc43f8e1f2: taken
+CND+ 0x7efc43f8e20a: not taken
+CND+ 0x7efc43f8e225: not taken
+CND+ 0x7efc43f8e22f: not taken
+CND+ 0x7efc43f8e247: taken
+CND+ 0x7efc43f8e533: taken
+CND+ 0x7efc43f8e582: taken
+CND+ 0x7efc43f8e655: taken
+CND+ 0x7efc43f8e698: taken
+CND+ 0x7efc43f8e703: not taken
+CND+ 0x7efc43f8e70c: taken
+CND+ 0x7efc43f8e725: not taken
+CND+ 0x7efc43f8e742: not taken
+CND+ 0x7efc43f8e75a: not taken
+CND+ 0x7efc43f8e765: not taken
+CND+ 0x7efc43f8e792: not taken
+CND+ 0x7efc43f8e797: taken
+CND+ 0x7efc43f8e7a9: taken
+CND+ 0x7efc43f8e7ad: not taken
+CND+ 0x7efc43f8e7bc: taken
+CND+ 0x7efc43f8e7ce: taken
+CND+ 0x7efc43f8e848: taken
+CND+ 0x7efc43f8e889: not taken
+CND+ 0x7efc43f8e89b: not taken
+CND+ 0x7efc43f8e8a8: taken
+CND+ 0x7efc43f8ec2f: not taken
+CND+ 0x7efc43f8ec57: taken
+CND+ 0x7efc43f8ec65: not taken
+CND+ 0x7efc43f8ec6e: taken
+CND+ 0x7efc43f8ec86: not taken
+CND+ 0x7efc43f8ecae: taken
+CND+ 0x7efc43f8f366: taken
+CND+ 0x7efc43f8f9d6: taken
+CND+ 0x7efc43f8fa31: not taken
+CND+ 0x7efc43f8fa51: taken
+CND+ 0x7efc43f8faad: not taken
+CND+ 0x7efc43f8fab5: taken
+CND+ 0x7efc43f8fb00: taken
+CND+ 0x7efc43f8fb5a: not taken
+CND+ 0x7efc43f8fb62: not taken
+CND+ 0x7efc43f8fb6b: not taken
+CND+ 0x7efc43f8fb75: not taken
+CND+ 0x7efc43f8fb7f: taken
+CND+ 0x7efc43f8fb9b: taken
+CND+ 0x7efc43f8fc3c: taken
+CND+ 0x7efc43f8fed9: not taken
+CND+ 0x7efc43f8fee6: not taken
+CND+ 0x7efc43f8ff01: not taken
+CND+ 0x7efc43f8ff1a: not taken
+CND+ 0x7efc43f8ff20: not taken
+CND+ 0x7efc43f8ff26: taken
+CND+ 0x7efc43f9076c: not taken
+CND+ 0x7efc43f9078c: not taken
+CND+ 0x7efc43f907d8: both
+CND+ 0x7efc43f907e1: taken
+CND+ 0x7efc43f90806: not taken
+CND+ 0x7efc43f90840: not taken
+CND+ 0x7efc43f9084a: not taken
+CND+ 0x7efc43f90965: both
+CND+ 0x7efc43f90989: not taken
+CND+ 0x7efc43f909b2: not taken
+CND+ 0x7efc43f909bc: not taken
+CND+ 0x7efc43f909e3: not taken
+CND+ 0x7efc43f90a13: taken
+CND+ 0x7efc43f90afd: not taken
+CND+ 0x7efc43f90b1a: not taken
+CND+ 0x7efc43f90b61: taken
+CND+ 0x7efc43f91711: not taken
+CND+ 0x7efc43f9171d: not taken
+CND+ 0x7efc43f91722: not taken
+CND+ 0x7efc43f91748: not taken
+CND+ 0x7efc43f9174c: not taken
+CND+ 0x7efc43f9175f: not taken
+CND+ 0x7efc43f917a4: not taken
+CND+ 0x7efc43f918f3: both
+CND+ 0x7efc43f9190f: both
+CND+ 0x7efc43f91911: not taken
+CND+ 0x7efc43f9191a: taken
+CND+ 0x7efc43f91a92: not taken
+CND+ 0x7efc43f91aba: not taken
+CND+ 0x7efc43f91ad5: both
+CND+ 0x7efc43f91ade: taken
+CND+ 0x7efc43f91af7: not taken
+CND+ 0x7efc43f91b01: not taken
+CND+ 0x7efc43f91b05: not taken
+CND+ 0x7efc43f91b19: taken
+CND+ 0x7efc43f91c50: not taken
+CND+ 0x7efc43f91c62: taken
+CND+ 0x7efc43f91db1: not taken
+CND+ 0x7efc43f91dea: both
+CND+ 0x7efc43f91e13: not taken
+CND+ 0x7efc43f91e20: taken
+CND+ 0x7efc43f91e2d: not taken
+CND+ 0x7efc43f91e43: not taken
+CND+ 0x7efc43f91e4f: both
+CND+ 0x7efc43f91e58: not taken
+CND+ 0x7efc43f91e72: taken
+CND+ 0x7efc43f91ee7: taken
+CND+ 0x7efc43f9275d: both
+CND+ 0x7efc43f9276f: not taken
+CND+ 0x7efc43f92782: both
+CND+ 0x7efc43f92787: both
+CND+ 0x7efc43f92795: both
+CND+ 0x7efc43f928b1: not taken
+CND+ 0x7efc43f928dc: not taken
+CND+ 0x7efc43f928ea: not taken
+CND+ 0x7efc43f928ec: both
+CND+ 0x7efc43f928f5: not taken
+CND+ 0x7efc43f928fb: taken
+CND+ 0x7efc43f92943: not taken
+CND+ 0x7efc43f9294c: taken
+CND+ 0x7efc43f92983: not taken
+CND+ 0x7efc43f92989: both
+CND+ 0x7efc43f92990: not taken
+CND+ 0x7efc43f929ab: taken
+CND+ 0x7efc43f92a0b: taken
+CND+ 0x7efc43f92b10: both
+CND+ 0x7efc43f92b1c: not taken
+CND+ 0x7efc43f92b21: both
+CND+ 0x7efc43f92b2f: not taken
+CND+ 0x7efc43f92b37: both
+CND+ 0x7efc43f92b44: both
+CND+ 0x7efc43f92b5e: taken
+CND+ 0x7efc43f92b92: both
+CND+ 0x7efc43f92b9b: taken
+CND+ 0x7efc43f92bfb: taken
+CND+ 0x7efc43f92d68: both
+CND+ 0x7efc43f92d71: taken
+CND+ 0x7efc43f92d8b: not taken
+CND+ 0x7efc43f92da3: taken
+CND+ 0x7efc43f92ddd: taken
+CND+ 0x7efc43f92e02: not taken
+CND+ 0x7efc43f92e0b: taken
+CND+ 0x7efc43f92e2f: not taken
+CND+ 0x7efc43f92e35: taken
+CND+ 0x7efc43f92e4f: not taken
+CND+ 0x7efc43f92e58: both
+CND+ 0x7efc43f92f7d: not taken
+CND+ 0x7efc43f9302c: not taken
+CND+ 0x7efc43f930c7: not taken
+CND+ 0x7efc43f930d0: both
+CND+ 0x7efc43f930d9: not taken
+CND+ 0x7efc43f935a7: both
+CND+ 0x7efc43f935ed: not taken
+CND+ 0x7efc43f935f2: taken
+CND+ 0x7efc43f93682: not taken
+CND+ 0x7efc43f936a1: not taken
+CND+ 0x7efc43f937bb: not taken
+CND+ 0x7efc43f93835: not taken
+CND+ 0x7efc43f93870: not taken
+CND+ 0x7efc43f9388e: not taken
+CND+ 0x7efc43f9389e: not taken
+CND+ 0x7efc43f939ca: both
+CND+ 0x7efc43f939ea: taken
+CND+ 0x7efc43f939f6: taken
+CND+ 0x7efc43f93a15: taken
+CND+ 0x7efc43f93a38: not taken
+CND+ 0x7efc43f93a48: taken
+CND+ 0x7efc43f93abb: not taken
+CND+ 0x7efc43f9414f: not taken
+CND+ 0x7efc43f9416f: not taken
+CND+ 0x7efc43f9417e: taken
+CND+ 0x7efc43f94a5f: taken
+CND+ 0x7efc43f94b46: not taken
+CND+ 0x7efc43f94b50: taken
+CND+ 0x7efc43f94b69: taken
+CND+ 0x7efc43f94b93: taken
+CND+ 0x7efc43f94d2b: taken
+CND+ 0x7efc43f94e50: not taken
+CND+ 0x7efc43f95227: taken
+CND+ 0x7efc43f9525f: not taken
+CND+ 0x7efc43f95278: taken
+CND+ 0x7efc43f952b9: not taken
+CND+ 0x7efc43f952d7: taken
+CND+ 0x7efc43f9530b: taken
+CND+ 0x7efc43f95383: taken
+CND+ 0x7efc43f953e2: taken
+CND+ 0x7efc43f95456: taken
+CND+ 0x7efc43f95488: both
+CND+ 0x7efc43f9548c: not taken
+CND+ 0x7efc43f95493: not taken
+CND+ 0x7efc43f95498: both
+CND+ 0x7efc43f954e0: not taken
+CND+ 0x7efc43f95512: not taken
+CND+ 0x7efc43f95519: taken
+CND+ 0x7efc43f95548: not taken
+CND+ 0x7efc43f9554d: not taken
+CND+ 0x7efc43f955c9: not taken
+CND+ 0x7efc43f955d7: taken
+CND+ 0x7efc43f956f8: taken
+CND+ 0x7efc43f957b9: not taken
+CND+ 0x7efc43f95830: not taken
+CND+ 0x7efc43f95846: taken
+CND+ 0x7efc43f9586e: not taken
+CND+ 0x7efc43f95b09: not taken
+CND+ 0x7efc43f95b13: not taken
+CND+ 0x7efc43f95c18: taken
+CND+ 0x7efc43f95c9d: not taken
+CND+ 0x7efc43f95dfa: taken
+CND+ 0x7efc43f97946: both
+CND+ 0x7efc43f97963: both
+CND+ 0x7efc43f97968: not taken
+CND+ 0x7efc43f9796e: not taken
+CND+ 0x7efc43f97986: not taken
+CND+ 0x7efc43f9798b: both
+CND+ 0x7efc43f9799a: both
+CND+ 0x7efc43f9799f: both
+CND+ 0x7efc43f979ac: both
+CND+ 0x7efc43f979b7: both
+CND+ 0x7efc43f979c4: not taken
+CND+ 0x7efc43f97a10: not taken
+CND+ 0x7efc43f97a15: taken
+CND+ 0x7efc43f97a2e: both
+CND+ 0x7efc43f97a32: both
+CND+ 0x7efc43f97a5c: both
+CND+ 0x7efc43f97add: not taken
+CND+ 0x7efc43f97ae2: not taken
+CND+ 0x7efc43f97afe: not taken
+CND+ 0x7efc43f97b02: both
+CND+ 0x7efc43f97b48: both
+CND+ 0x7efc43f97b52: not taken
+CND+ 0x7efc43f97b5c: not taken
+CND+ 0x7efc43f97b65: both
+CND+ 0x7efc43f97b6b: taken
+CND+ 0x7efc43f97b75: not taken
+CND+ 0x7efc43f97b95: not taken
+CND+ 0x7efc43f97ba2: not taken
+CND+ 0x7efc43f97bc4: not taken
+CND+ 0x7efc43f97bce: not taken
+CND+ 0x7efc43f97bf6: taken
+CND+ 0x7efc43f97c24: taken
+CND+ 0x7efc43f97ce1: not taken
+CND+ 0x7efc43f97cea: not taken
+CND+ 0x7efc43f97cf3: not taken
+CND+ 0x7efc43f97d25: not taken
+CND+ 0x7efc43f97d53: not taken
+CND+ 0x7efc43f97d5d: not taken
+CND+ 0x7efc43f97eb5: not taken
+CND+ 0x7efc43f97eba: not taken
+CND+ 0x7efc43f97ed8: both
+CND+ 0x7efc43f97edc: taken
+CND+ 0x7efc43f97f0f: not taken
+CND+ 0x7efc43f97f15: not taken
+CND+ 0x7efc43f9846f: not taken
+CND+ 0x7efc43f9853d: not taken
+CND+ 0x7efc43f98547: not taken
+CND+ 0x7efc43f98605: not taken
+CND+ 0x7efc43f9860f: not taken
+CND+ 0x7efc43f98647: not taken
+CND+ 0x7efc43f9865e: not taken
+CND+ 0x7efc43f987bd: taken
+CND+ 0x7efc43f987d2: taken
+CND+ 0x7efc43f987df: not taken
+CND+ 0x7efc43f987e4: both
+CND+ 0x7efc43f987fa: taken
+CND+ 0x7efc43f98856: not taken
+CND+ 0x7efc43f9885b: taken
+CND+ 0x7efc43f9887a: not taken
+CND+ 0x7efc43f9889a: not taken
+CND+ 0x7efc43f988b7: not taken
+CND+ 0x7efc43f988c5: not taken
+CND+ 0x7efc43f988d4: taken
+CND+ 0x7efc43f98df1: not taken
+CND+ 0x7efc43f98e0c: not taken
@0x7efc43f97c19 to 0x7efc43f8b7d0 1
@0x7efc43f97c19 to 0x7efc43f92120 1
@0x7efc43f87050 to 0x7efc47ac0a30 4
@0x7efc43f87080 to 0x7efc47a60330 2
@0x7efc43f87090 to 0x7efc47b02710 1
@0x7efc43f870a0 to 0x7efc47ad8e70 5
@0x7efc43f870d0 to 0x7efc47a73a20 7
@0x7efc43f870f0 to 0x7efc47b97800 4
@0x7efc43f87130 to 0x7efc47b031e0 1
@0x7efc43f87140 to 0x7efc47a77c10 1
@0x7efc43f87150 to 0x7efc47b25800 4
@0x7efc43f87160 to 0x7efc47b02230 1
@0x7efc43f87190 to 0x7efc47b97bc0 8
@0x7efc43f871c0 to 0x7efc47b03200 1
@0x7efc43f871e0 to 0x7efc47b975d0 1
@0x7efc43f87220 to 0x7efc47b03210 2
@0x7efc43f87230 to 0x7efc47b26b10 1
@0x7efc43f8916e to 0x7efc43f891c0 1
@0x7efc43f87280 to 0x7efc47b92d10 11
@0x7efc43f872a0 to 0x7efc47a73450 4
@0x7efc43f891ac to 0x7efc43f89e90 1
@0x7efc43f872d0 to 0x7efc47b93100 9
@0x7efc43f87320 to 0x7efc47a740f0 4
@0x7efc43f87330 to 0x7efc47b98100 6
@0x7efc43f87350 to 0x7efc47b03220 1
@0x7efc43f87370 to 0x7efc47b25800 2
@0x7efc43f87390 to 0x7efc47ac03e0 23
@0x7efc43f873b0 to 0x7efc47b03230 1
@0x7efc43f873c0 to 0x7efc47b92e90 22
@0x7efc43f873e0 to 0x7efc47b43ba0 1
@0x7efc43f87410 to 0x7efc47ac0c80 1
@0x7efc43f87460 to 0x7efc47b980e0 13
@0x7efc43f87510 to 0x7efc47b031f0 1
@0x7efc43f87560 to 0x7efc47b024e0 1
@0x7efc43f87570 to 0x7efc47a6c580 191
@0x7efc43f92f91 to 0x7efc43f93075 1
@0x7efc43f87784 to 0x7efc47a5ffb0 1
@0x7efc43f98e01 to 0x7efc43f87840 1
@0x7efc43f9555f to 0x7efc43f95580 1
@0x7efc43f9555f to 0x7efc43f955c0 1
@0x7efc43f9555f to 0x7efc43f955a8 2
@0x7efc43f938af to 0x7efc43f93a01 180
@0x7efc43f938af to 0x7efc43f939f0 10
@0x7efc43f938af to 0x7efc43f93a28 1
