MODULE_NAME: /usr/bin/gs
MODULE_START: 0x7f1157bba000
+B+: 0x7f1157bbb000 0x7f1157bbb00f
+B+: 0x7f1157bbb012 0x7f1157bbb016
+B+: 0x7f1157bbb020 0x7f1157bbb02b
+B+: 0x7f1157bbb030 0x7f1157bbb035
+B+: 0x7f1157bbb036 0x7f1157bbb03f
+B+: 0x7f1157bbb040 0x7f1157bbb045
+B+: 0x7f1157bbb046 0x7f1157bbb04f
+B+: 0x7f1157bbb050 0x7f1157bbb055
+B+: 0x7f1157bbb056 0x7f1157bbb05f
+B+: 0x7f1157bbb0b0 0x7f1157bbb0b5
+B+: 0x7f1157bbb0b6 0x7f1157bbb0bf
+B+: 0x7f1157bbb0c0 0x7f1157bbb0c5
+B+: 0x7f1157bbb0c6 0x7f1157bbb0cf
+B+: 0x7f1157bbb0e0 0x7f1157bbb0e5
+B+: 0x7f1157bbb0f0 0x7f1157bbb121
+B+: 0x7f1157bbb122 0x7f1157bbb127
+B+: 0x7f1157bbb128 0x7f1157bbb130
+B+: 0x7f1157bbb131 0x7f1157bbb132
+B+: 0x7f1157bbb133 0x7f1157bbb137
+B+: 0x7f1157bbb13d 0x7f1157bbb152
+B+: 0x7f1157bbb153 0x7f1157bbb15b
+B+: 0x7f1157bbb178 0x7f1157bbb183
+B+: 0x7f1157bbb184 0x7f1157bbb1a2
+B+: 0x7f1157bbb1a3 0x7f1157bbb1b1
+B+: 0x7f1157bbb1b2 0x7f1157bbb1b7
+B+: 0x7f1157bbb1b8 0x7f1157bbb1c1
+B+: 0x7f1157bbb1c2 0x7f1157bbb1c5
+B+: 0x7f1157bbb1c6 0x7f1157bbb1ca
+B+: 0x7f1157bbb1cb 0x7f1157bbb1d6
+B+: 0x7f1157bbb1d7 0x7f1157bbb1db
+B+: 0x7f1157bbb1dc 0x7f1157bbb1e0
+B+: 0x7f1157bbb213 0x7f1157bbb216
+B+: 0x7f1157bbb220 0x7f1157bbb249
+B+: 0x7f1157bbb250 0x7f1157bbb262
+B+: 0x7f1157bbb278 0x7f1157bbb278
+B+: 0x7f1157bbb280 0x7f1157bbb2a3
+B+: 0x7f1157bbb2b8 0x7f1157bbb2b8
+B+: 0x7f1157bbb2c0 0x7f1157bbb2c8
+B+: 0x7f1157bbb2c9 0x7f1157bbb2d6
+B+: 0x7f1157bbb2d7 0x7f1157bbb2e2
+B+: 0x7f1157bbb2e3 0x7f1157bbb2e7
+B+: 0x7f1157bbb2e8 0x7f1157bbb2f0
+B+: 0x7f1157bbb300 0x7f1157bbb304
+B+: 0x7f1157bbb3c0 0x7f1157bbb3ec
+B+: 0x7f1157bbb3ed 0x7f1157bbb3f2
+B+: 0x7f1157bbb3f3 0x7f1157bbb404
+B+: 0x7f1157bbb405 0x7f1157bbb40d
+B+: 0x7f1157bbb40e 0x7f1157bbb41c
+B+: 0x7f1157bbb424 0x7f1157bbb42c
+CND+ 0x7f1157bbb00e: taken
+CND+ 0x7f1157bbb126: taken
+CND+ 0x7f1157bbb12b: not taken
+CND+ 0x7f1157bbb131: not taken
+CND+ 0x7f1157bbb136: taken
+CND+ 0x7f1157bbb14d: not taken
+CND+ 0x7f1157bbb1b6: not taken
+CND+ 0x7f1157bbb1c4: not taken
+CND+ 0x7f1157bbb1c9: taken
+CND+ 0x7f1157bbb1df: taken
+CND+ 0x7f1157bbb261: taken
+CND+ 0x7f1157bbb2a2: taken
+CND+ 0x7f1157bbb2c7: not taken
+CND+ 0x7f1157bbb2d5: not taken
+CND+ 0x7f1157bbb3f1: not taken
+CND+ 0x7f1157bbb40c: not taken
@0x7f1157bbb026 to 0x7f115bbaa500 5
@0x7f1157bbb030 to 0x7f1157bbb036 1
@0x7f1157bbb040 to 0x7f1157bbb046 1
@0x7f1157bbb050 to 0x7f1157bbb056 1
@0x7f1157bbb0b0 to 0x7f1157bbb0b6 1
@0x7f1157bbb0c0 to 0x7f1157bbb0c6 1
@0x7f1157bbb0e0 to 0x7f115a7101c0 1
@0x7f1157bbb244 to 0x7f115a6f9fb0 1
@0x7f1157bbb401 to 0x7f1157bbb300 1
