MODULE_NAME: /bin/dash
MODULE_START: 0x7f29de56c000
+B+: 0x7f29de570000 0x7f29de57000f
+B+: 0x7f29de570012 0x7f29de570016
+B+: 0x7f29de570050 0x7f29de570055
+B+: 0x7f29de570080 0x7f29de570085
+B+: 0x7f29de570090 0x7f29de570095
+B+: 0x7f29de5700a0 0x7f29de5700a5
+B+: 0x7f29de5700d0 0x7f29de5700d5
+B+: 0x7f29de5700f0 0x7f29de5700f5
+B+: 0x7f29de570130 0x7f29de570135
+B+: 0x7f29de570140 0x7f29de570145
+B+: 0x7f29de570150 0x7f29de570155
+B+: 0x7f29de570160 0x7f29de570165
+B+: 0x7f29de570190 0x7f29de570195
+B+: 0x7f29de5701c0 0x7f29de5701c5
+B+: 0x7f29de5701e0 0x7f29de5701e5
+B+: 0x7f29de570220 0x7f29de570225
+B+: 0x7f29de570230 0x7f29de570235
+B+: 0x7f29de570280 0x7f29de570285
+B+: 0x7f29de5702a0 0x7f29de5702a5
+B+: 0x7f29de5702d0 0x7f29de5702d5
+B+: 0x7f29de570320 0x7f29de570325
+B+: 0x7f29de570330 0x7f29de570335
+B+: 0x7f29de570350 0x7f29de570355
+B+: 0x7f29de570370 0x7f29de570375
+B+: 0x7f29de570390 0x7f29de570395
+B+: 0x7f29de5703b0 0x7f29de5703b5
+B+: 0x7f29de5703c0 0x7f29de5703c5
+B+: 0x7f29de5703e0 0x7f29de5703e5
+B+: 0x7f29de570410 0x7f29de570415
+B+: 0x7f29de570460 0x7f29de570465
+B+: 0x7f29de570510 0x7f29de570515
+B+: 0x7f29de570560 0x7f29de570565
+B+: 0x7f29de570570 0x7f29de570575
+B+: 0x7f29de570590 0x7f29de5705b8
+B+: 0x7f29de5705b9 0x7f29de5705c4
+B+: 0x7f29de5705c5 0x7f29de5705cf
+B+: 0x7f29de5705d0 0x7f29de5705e7
+B+: 0x7f29de5705e8 0x7f29de5705ef
+B+: 0x7f29de5705f0 0x7f29de570600
+B+: 0x7f29de570601 0x7f29de57060b
+B+: 0x7f29de57060c 0x7f29de570615
+B+: 0x7f29de570616 0x7f29de570623
+B+: 0x7f29de570624 0x7f29de57062b
+B+: 0x7f29de57062c 0x7f29de57063c
+B+: 0x7f29de570657 0x7f29de570660
+B+: 0x7f29de570661 0x7f29de570678
+B+: 0x7f29de570679 0x7f29de57067f
+B+: 0x7f29de570680 0x7f29de57068c
+B+: 0x7f29de57068d 0x7f29de570696
+B+: 0x7f29de570697 0x7f29de57069b
+B+: 0x7f29de570760 0x7f29de570789
+B+: 0x7f29de5707c0 0x7f29de5707e3
+B+: 0x7f29de5707f8 0x7f29de5707f8
+B+: 0x7f29de570840 0x7f29de570844
+B+: 0x7f29de570850 0x7f29de570863
+B+: 0x7f29de570864 0x7f29de57086f
+B+: 0x7f29de570870 0x7f29de57087d
+B+: 0x7f29de57087e 0x7f29de5708aa
+B+: 0x7f29de5708ab 0x7f29de5708ac
+B+: 0x7f29de5708cb 0x7f29de5708d2
+B+: 0x7f29de570a50 0x7f29de570a57
+B+: 0x7f29de570a58 0x7f29de570a5e
+B+: 0x7f29de570a5f 0x7f29de570a63
+B+: 0x7f29de570a71 0x7f29de570a72
+B+: 0x7f29de5716d0 0x7f29de5716eb
+B+: 0x7f29de5716ec 0x7f29de571705
+B+: 0x7f29de571717 0x7f29de57171b
+B+: 0x7f29de57171c 0x7f29de571720
+B+: 0x7f29de57172c 0x7f29de571730
+B+: 0x7f29de57173e 0x7f29de57174d
+B+: 0x7f29de57174e 0x7f29de571757
+B+: 0x7f29de571758 0x7f29de571775
+B+: 0x7f29de571780 0x7f29de571788
+B+: 0x7f29de571789 0x7f29de571790
+B+: 0x7f29de571791 0x7f29de57179c
+B+: 0x7f29de572060 0x7f29de57207e
+B+: 0x7f29de57210d 0x7f29de57211c
+B+: 0x7f29de57211d 0x7f29de572123
+B+: 0x7f29de572140 0x7f29de57214a
+B+: 0x7f29de57214b 0x7f29de572152
+B+: 0x7f29de572153 0x7f29de57215d
+B+: 0x7f29de57215e 0x7f29de57216f
+B+: 0x7f29de572188 0x7f29de57218c
+B+: 0x7f29de57218d 0x7f29de572191
+B+: 0x7f29de572192 0x7f29de57219c
+B+: 0x7f29de5721a7 0x7f29de5721ad
+B+: 0x7f29de5721ae 0x7f29de5721b5
+B+: 0x7f29de5721c0 0x7f29de5721cf
+B+: 0x7f29de572bc0 0x7f29de572bfa
+B+: 0x7f29de572bfb 0x7f29de572c07
+B+: 0x7f29de572c08 0x7f29de572c0f
+B+: 0x7f29de572c10 0x7f29de572c11
+B+: 0x7f29de572c18 0x7f29de572c21
+B+: 0x7f29de572c22 0x7f29de572c2e
+B+: 0x7f29de572c32 0x7f29de572c39
+B+: 0x7f29de572c3a 0x7f29de572c49
+B+: 0x7f29de572c4a 0x7f29de572c51
+B+: 0x7f29de572c52 0x7f29de572c58
+B+: 0x7f29de572c59 0x7f29de572c60
+B+: 0x7f29de572c61 0x7f29de572c68
+B+: 0x7f29de572c69 0x7f29de572c6d
+B+: 0x7f29de572c6e 0x7f29de572c77
+B+: 0x7f29de572c78 0x7f29de572c89
+B+: 0x7f29de572c8a 0x7f29de572c98
+B+: 0x7f29de572e90 0x7f29de572ed3
+B+: 0x7f29de572edf 0x7f29de572ef5
+B+: 0x7f29de572ef6 0x7f29de572efa
+B+: 0x7f29de572efb 0x7f29de572f5a
+B+: 0x7f29de572f5b 0x7f29de572f67
+B+: 0x7f29de572f68 0x7f29de572f77
+B+: 0x7f29de572f78 0x7f29de572f7f
+B+: 0x7f29de572f80 0x7f29de572f8b
+B+: 0x7f29de572f8c 0x7f29de572f94
+B+: 0x7f29de572f95 0x7f29de572f9b
+B+: 0x7f29de572fa0 0x7f29de572faf
+B+: 0x7f29de572fb0 0x7f29de572fc5
+B+: 0x7f29de572fc6 0x7f29de572fcf
+B+: 0x7f29de572fd0 0x7f29de572fe3
+B+: 0x7f29de572fe4 0x7f29de572ffc
+B+: 0x7f29de573019 0x7f29de57302b
+B+: 0x7f29de57302c 0x7f29de573034
+B+: 0x7f29de573035 0x7f29de573047
+B+: 0x7f29de573048 0x7f29de57305b
+B+: 0x7f29de5730a8 0x7f29de5730b4
+B+: 0x7f29de5730b5 0x7f29de5730b9
+B+: 0x7f29de5730db 0x7f29de5730e1
+B+: 0x7f29de5730f0 0x7f29de573103
+B+: 0x7f29de573104 0x7f29de573113
+B+: 0x7f29de573114 0x7f29de57311b
+B+: 0x7f29de57311c 0x7f29de573122
+B+: 0x7f29de573123 0x7f29de573152
+B+: 0x7f29de573153 0x7f29de57315f
+B+: 0x7f29de573160 0x7f29de573168
+B+: 0x7f29de573216 0x7f29de57321c
+B+: 0x7f29de573224 0x7f29de57322d
+B+: 0x7f29de57322e 0x7f29de573237
+B+: 0x7f29de573238 0x7f29de573241
+B+: 0x7f29de573242 0x7f29de57324b
+B+: 0x7f29de57325d 0x7f29de573266
+B+: 0x7f29de573267 0x7f29de573281
+B+: 0x7f29de573282 0x7f29de573293
+B+: 0x7f29de57334c 0x7f29de573353
+B+: 0x7f29de573354 0x7f29de57336f
+B+: 0x7f29de57351b 0x7f29de573525
+B+: 0x7f29de573526 0x7f29de57352e
+B+: 0x7f29de57352f 0x7f29de573537
+B+: 0x7f29de5738d0 0x7f29de5738ec
+B+: 0x7f29de5738ed 0x7f29de5738f1
+B+: 0x7f29de5738f8 0x7f29de5738fa
+B+: 0x7f29de5738fb 0x7f29de573907
+B+: 0x7f29de573908 0x7f29de57393e
+B+: 0x7f29de57393f 0x7f29de573940
+B+: 0x7f29de573963 0x7f29de573977
+B+: 0x7f29de573980 0x7f29de573986
+B+: 0x7f29de573987 0x7f29de57398e
+B+: 0x7f29de57398f 0x7f29de573997
+B+: 0x7f29de573998 0x7f29de5739ba
+B+: 0x7f29de5739bb 0x7f29de5739bc
+B+: 0x7f29de5739c0 0x7f29de5739e7
+B+: 0x7f29de5739e8 0x7f29de5739f7
+B+: 0x7f29de573a19 0x7f29de573a21
+B+: 0x7f29de573a22 0x7f29de573a2a
+B+: 0x7f29de573a2b 0x7f29de573a34
+B+: 0x7f29de573a35 0x7f29de573a3f
+B+: 0x7f29de573ad0 0x7f29de573ae9
+B+: 0x7f29de573aea 0x7f29de573b00
+B+: 0x7f29de573b10 0x7f29de573b1f
+B+: 0x7f29de573b20 0x7f29de573b2b
+B+: 0x7f29de573b2c 0x7f29de573b31
+B+: 0x7f29de573b32 0x7f29de573b41
+B+: 0x7f29de573b56 0x7f29de573b61
+B+: 0x7f29de573b62 0x7f29de573b6f
+B+: 0x7f29de573b70 0x7f29de573b85
+B+: 0x7f29de573b86 0x7f29de573b97
+B+: 0x7f29de573b98 0x7f29de573bc0
+B+: 0x7f29de573bc8 0x7f29de573bcc
+B+: 0x7f29de573bcd 0x7f29de573bea
+B+: 0x7f29de573d70 0x7f29de573d98
+B+: 0x7f29de573da0 0x7f29de573da1
+B+: 0x7f29de573da2 0x7f29de573daa
+B+: 0x7f29de573dab 0x7f29de573dc5
+B+: 0x7f29de573dc6 0x7f29de573dc9
+B+: 0x7f29de573dca 0x7f29de573dd1
+B+: 0x7f29de573dd2 0x7f29de573de6
+B+: 0x7f29de573df0 0x7f29de573e2a
+B+: 0x7f29de573e2b 0x7f29de573e2f
+B+: 0x7f29de573e46 0x7f29de573e5c
+B+: 0x7f29de573e5d 0x7f29de573e6e
+B+: 0x7f29de573e90 0x7f29de573ead
+B+: 0x7f29de573ec8 0x7f29de573ed1
+B+: 0x7f29de573ed2 0x7f29de573edd
+B+: 0x7f29de573f6c 0x7f29de573f8f
+B+: 0x7f29de573f90 0x7f29de573f9c
+B+: 0x7f29de573f9d 0x7f29de573fa8
+B+: 0x7f29de573fa9 0x7f29de573fb0
+B+: 0x7f29de573fb1 0x7f29de573fc5
+B+: 0x7f29de574008 0x7f29de574012
+B+: 0x7f29de574013 0x7f29de57401e
+B+: 0x7f29de57401f 0x7f29de57402e
+B+: 0x7f29de574060 0x7f29de574066
+B+: 0x7f29de574067 0x7f29de574074
+B+: 0x7f29de574075 0x7f29de574086
+B+: 0x7f29de574087 0x7f29de57408e
+B+: 0x7f29de57408f 0x7f29de5740a2
+B+: 0x7f29de5740a3 0x7f29de5740b0
+B+: 0x7f29de574100 0x7f29de574116
+B+: 0x7f29de574145 0x7f29de57414d
+B+: 0x7f29de57414e 0x7f29de574157
+B+: 0x7f29de574160 0x7f29de574166
+B+: 0x7f29de5741c0 0x7f29de5741d1
+B+: 0x7f29de5741e8 0x7f29de5741ef
+B+: 0x7f29de574248 0x7f29de57425b
+B+: 0x7f29de57425c 0x7f29de574271
+B+: 0x7f29de5747d0 0x7f29de5747ff
+B+: 0x7f29de57480f 0x7f29de574812
+B+: 0x7f29de574813 0x7f29de57481c
+B+: 0x7f29de57481d 0x7f29de574820
+B+: 0x7f29de574821 0x7f29de57482f
+B+: 0x7f29de574830 0x7f29de57483a
+B+: 0x7f29de57484f 0x7f29de57485a
+B+: 0x7f29de57485f 0x7f29de574862
+B+: 0x7f29de574870 0x7f29de574877
+B+: 0x7f29de574878 0x7f29de57488d
+B+: 0x7f29de575440 0x7f29de575464
+B+: 0x7f29de57561e 0x7f29de575627
+B+: 0x7f29de575628 0x7f29de575631
+B+: 0x7f29de575632 0x7f29de575659
+B+: 0x7f29de5756af 0x7f29de5756bc
+B+: 0x7f29de5756c0 0x7f29de5756cb
+B+: 0x7f29de575730 0x7f29de57573b
+B+: 0x7f29de575740 0x7f29de57575e
+B+: 0x7f29de57575f 0x7f29de575767
+B+: 0x7f29de5757d2 0x7f29de5757e3
+B+: 0x7f29de5758a0 0x7f29de5758a7
+B+: 0x7f29de576260 0x7f29de5762a5
+B+: 0x7f29de5762b5 0x7f29de5762be
+B+: 0x7f29de5762bf 0x7f29de5762d2
+B+: 0x7f29de5762d3 0x7f29de5762fc
+B+: 0x7f29de5762fd 0x7f29de576310
+B+: 0x7f29de576324 0x7f29de576328
+B+: 0x7f29de576336 0x7f29de57633f
+B+: 0x7f29de576340 0x7f29de576344
+B+: 0x7f29de576370 0x7f29de576386
+B+: 0x7f29de576387 0x7f29de576398
+B+: 0x7f29de5763a0 0x7f29de5763b6
+B+: 0x7f29de5763b7 0x7f29de5763d7
+B+: 0x7f29de5763dd 0x7f29de5763ec
+B+: 0x7f29de576850 0x7f29de576886
+B+: 0x7f29de576887 0x7f29de57689a
+B+: 0x7f29de57689b 0x7f29de5768ad
+B+: 0x7f29de5768ae 0x7f29de5768c4
+B+: 0x7f29de5768c5 0x7f29de5768d7
+B+: 0x7f29de5768d8 0x7f29de5768e7
+B+: 0x7f29de5768e8 0x7f29de57690c
+B+: 0x7f29de57690d 0x7f29de576915
+B+: 0x7f29de576924 0x7f29de576933
+B+: 0x7f29de576934 0x7f29de576947
+B+: 0x7f29de576948 0x7f29de576954
+B+: 0x7f29de576955 0x7f29de57695f
+B+: 0x7f29de576960 0x7f29de576964
+B+: 0x7f29de576a6a 0x7f29de576a7c
+B+: 0x7f29de576a7d 0x7f29de576a9c
+B+: 0x7f29de576ba0 0x7f29de576bad
+B+: 0x7f29de576bae 0x7f29de576be1
+B+: 0x7f29de576bf0 0x7f29de576bfb
+B+: 0x7f29de576db0 0x7f29de576dbd
+B+: 0x7f29de576dbe 0x7f29de576dca
+B+: 0x7f29de576dcb 0x7f29de576de3
+B+: 0x7f29de576de8 0x7f29de576df4
+B+: 0x7f29de576df8 0x7f29de576e04
+B+: 0x7f29de576e05 0x7f29de576e12
+B+: 0x7f29de576e13 0x7f29de576e1d
+B+: 0x7f29de576eb4 0x7f29de576ec1
+B+: 0x7f29de577160 0x7f29de577174
+B+: 0x7f29de577175 0x7f29de577187
+B+: 0x7f29de577188 0x7f29de5771a2
+B+: 0x7f29de5771a3 0x7f29de5771ac
+B+: 0x7f29de5771ad 0x7f29de5771b3
+B+: 0x7f29de5771d0 0x7f29de5771e5
+B+: 0x7f29de5771eb 0x7f29de5771f3
+B+: 0x7f29de577205 0x7f29de57720b
+B+: 0x7f29de57720c 0x7f29de57721d
+B+: 0x7f29de57721e 0x7f29de577226
+B+: 0x7f29de577227 0x7f29de577230
+B+: 0x7f29de577231 0x7f29de577232
+B+: 0x7f29de577240 0x7f29de577248
+B+: 0x7f29de577260 0x7f29de577260
+B+: 0x7f29de577520 0x7f29de577534
+B+: 0x7f29de577572 0x7f29de577578
+B+: 0x7f29de577580 0x7f29de577583
+B+: 0x7f29de577610 0x7f29de577656
+B+: 0x7f29de57765b 0x7f29de577686
+B+: 0x7f29de577687 0x7f29de57769d
+B+: 0x7f29de5776fc 0x7f29de577708
+B+: 0x7f29de577709 0x7f29de577711
+B+: 0x7f29de577712 0x7f29de57772a
+B+: 0x7f29de57772b 0x7f29de57773c
+B+: 0x7f29de577740 0x7f29de577747
+B+: 0x7f29de577748 0x7f29de57775f
+B+: 0x7f29de577760 0x7f29de577766
+B+: 0x7f29de577767 0x7f29de577780
+B+: 0x7f29de577790 0x7f29de577793
+B+: 0x7f29de577794 0x7f29de577798
+B+: 0x7f29de5777a2 0x7f29de5777aa
+B+: 0x7f29de5777ab 0x7f29de5777ae
+B+: 0x7f29de5777af 0x7f29de5777bd
+B+: 0x7f29de5777cb 0x7f29de5777d3
+B+: 0x7f29de577825 0x7f29de577841
+B+: 0x7f29de577842 0x7f29de57784d
+B+: 0x7f29de57787e 0x7f29de57788e
+B+: 0x7f29de57788f 0x7f29de5778a0
+B+: 0x7f29de5778a1 0x7f29de5778ad
+B+: 0x7f29de577c10 0x7f29de577c30
+B+: 0x7f29de577c31 0x7f29de577c58
+B+: 0x7f29de577c5e 0x7f29de577c66
+B+: 0x7f29de577c67 0x7f29de577c6f
+B+: 0x7f29de577c78 0x7f29de577c87
+B+: 0x7f29de577c88 0x7f29de577c89
+B+: 0x7f29de577ca0 0x7f29de577caf
+B+: 0x7f29de577cba 0x7f29de577cc4
+B+: 0x7f29de577ce0 0x7f29de577ce8
+B+: 0x7f29de578360 0x7f29de57836b
+B+: 0x7f29de578480 0x7f29de578480
+B+: 0x7f29de5789c0 0x7f29de5789db
+B+: 0x7f29de578a16 0x7f29de578a32
+B+: 0x7f29de578a33 0x7f29de578a52
+B+: 0x7f29de578a63 0x7f29de578a6a
+B+: 0x7f29de578a90 0x7f29de578aa6
+B+: 0x7f29de578aa7 0x7f29de578aae
+B+: 0x7f29de578aaf 0x7f29de578ab6
+B+: 0x7f29de578af6 0x7f29de578b01
+B+: 0x7f29de578b0c 0x7f29de578b34
+B+: 0x7f29de578b40 0x7f29de578b57
+B+: 0x7f29de578b58 0x7f29de578b5f
+B+: 0x7f29de578b60 0x7f29de578b67
+B+: 0x7f29de578b68 0x7f29de578b70
+B+: 0x7f29de578b71 0x7f29de578b7a
+B+: 0x7f29de578b7b 0x7f29de578b80
+B+: 0x7f29de578b97 0x7f29de578b9c
+B+: 0x7f29de578c0a 0x7f29de578c3d
+B+: 0x7f29de578c47 0x7f29de578c53
+B+: 0x7f29de578ed0 0x7f29de578ede
+B+: 0x7f29de578edf 0x7f29de578ee7
+B+: 0x7f29de578ee8 0x7f29de578efc
+B+: 0x7f29de578efd 0x7f29de578f02
+B+: 0x7f29de578f03 0x7f29de578f1b
+B+: 0x7f29de578f1c 0x7f29de578f21
+B+: 0x7f29de578f22 0x7f29de578f2b
+B+: 0x7f29de578fc0 0x7f29de578fc7
+B+: 0x7f29de578fc8 0x7f29de578fd0
+B+: 0x7f29de579760 0x7f29de579768
+B+: 0x7f29de579769 0x7f29de57976d
+B+: 0x7f29de57976e 0x7f29de579772
+B+: 0x7f29de579780 0x7f29de579788
+B+: 0x7f29de579789 0x7f29de57978d
+B+: 0x7f29de57978e 0x7f29de579792
+B+: 0x7f29de5797c0 0x7f29de5797d9
+B+: 0x7f29de5797da 0x7f29de5797e6
+B+: 0x7f29de5797f7 0x7f29de579802
+B+: 0x7f29de579803 0x7f29de57980b
+B+: 0x7f29de57980c 0x7f29de579841
+B+: 0x7f29de579842 0x7f29de57984b
+B+: 0x7f29de57984c 0x7f29de579852
+B+: 0x7f29de579853 0x7f29de579875
+B+: 0x7f29de579880 0x7f29de57988e
+B+: 0x7f29de5798b0 0x7f29de5798c8
+B+: 0x7f29de579900 0x7f29de579941
+B+: 0x7f29de579950 0x7f29de579966
+B+: 0x7f29de579967 0x7f29de57997e
+B+: 0x7f29de57997f 0x7f29de57998a
+B+: 0x7f29de57998b 0x7f29de5799b3
+B+: 0x7f29de5799b4 0x7f29de5799bd
+B+: 0x7f29de5799be 0x7f29de5799bf
+B+: 0x7f29de5799d0 0x7f29de5799e8
+B+: 0x7f29de5799e9 0x7f29de579a14
+B+: 0x7f29de579a1e 0x7f29de579a25
+B+: 0x7f29de579a26 0x7f29de579a33
+B+: 0x7f29de579a34 0x7f29de579a46
+B+: 0x7f29de579ae0 0x7f29de579afe
+B+: 0x7f29de579aff 0x7f29de579b0c
+B+: 0x7f29de579b0d 0x7f29de579b1b
+B+: 0x7f29de579b1c 0x7f29de579b2c
+B+: 0x7f29de579b40 0x7f29de579b62
+B+: 0x7f29de579b98 0x7f29de579ba9
+B+: 0x7f29de57a6d0 0x7f29de57a6f4
+B+: 0x7f29de57a6f5 0x7f29de57a70d
+B+: 0x7f29de57a70e 0x7f29de57a712
+B+: 0x7f29de57a713 0x7f29de57a71e
+B+: 0x7f29de57a71f 0x7f29de57a723
+B+: 0x7f29de57a724 0x7f29de57a728
+B+: 0x7f29de57a729 0x7f29de57a730
+B+: 0x7f29de57a73c 0x7f29de57a749
+B+: 0x7f29de57a74a 0x7f29de57a74d
+B+: 0x7f29de57a74e 0x7f29de57a760
+B+: 0x7f29de57a761 0x7f29de57a76b
+B+: 0x7f29de57a790 0x7f29de57a79d
+B+: 0x7f29de57a79e 0x7f29de57a7a5
+B+: 0x7f29de57a7a6 0x7f29de57a7a7
+B+: 0x7f29de57a890 0x7f29de57a89d
+B+: 0x7f29de57a89e 0x7f29de57a8a9
+B+: 0x7f29de57a8aa 0x7f29de57a8bd
+B+: 0x7f29de57a8c0 0x7f29de57a8ca
+B+: 0x7f29de57a8d0 0x7f29de57a8ef
+B+: 0x7f29de57a8f0 0x7f29de57a8f4
+B+: 0x7f29de57a8f5 0x7f29de57a90c
+B+: 0x7f29de57a90d 0x7f29de57a910
+B+: 0x7f29de57a911 0x7f29de57a912
+B+: 0x7f29de57a913 0x7f29de57a91b
+B+: 0x7f29de57a91c 0x7f29de57a930
+B+: 0x7f29de57a938 0x7f29de57a93c
+B+: 0x7f29de57a980 0x7f29de57a98f
+B+: 0x7f29de57a990 0x7f29de57a99b
+B+: 0x7f29de57a99c 0x7f29de57a9ab
+B+: 0x7f29de57aa80 0x7f29de57aa93
+B+: 0x7f29de57aa94 0x7f29de57aaac
+B+: 0x7f29de57aaad 0x7f29de57aabf
+B+: 0x7f29de57aac0 0x7f29de57aada
+B+: 0x7f29de57aadb 0x7f29de57aae3
+B+: 0x7f29de57aaec 0x7f29de57aaf8
+B+: 0x7f29de57aaf9 0x7f29de57ab02
+B+: 0x7f29de57ab03 0x7f29de57ab06
+B+: 0x7f29de57ab07 0x7f29de57ab1a
+B+: 0x7f29de57ac49 0x7f29de57ac55
+B+: 0x7f29de57ac56 0x7f29de57ac67
+B+: 0x7f29de57ac82 0x7f29de57ac93
+B+: 0x7f29de57ad77 0x7f29de57ad82
+B+: 0x7f29de57ada0 0x7f29de57adb2
+B+: 0x7f29de57adb3 0x7f29de57addf
+B+: 0x7f29de57ade0 0x7f29de57adeb
+B+: 0x7f29de57adec 0x7f29de57adfc
+B+: 0x7f29de57adfd 0x7f29de57ae18
+B+: 0x7f29de57ae19 0x7f29de57ae25
+B+: 0x7f29de57ae26 0x7f29de57ae2e
+B+: 0x7f29de57ae2f 0x7f29de57ae3f
+B+: 0x7f29de57ae40 0x7f29de57ae44
+B+: 0x7f29de57ae45 0x7f29de57ae50
+B+: 0x7f29de57ae51 0x7f29de57ae5d
+B+: 0x7f29de57ae5e 0x7f29de57ae77
+B+: 0x7f29de57aece 0x7f29de57aed2
+B+: 0x7f29de57aed3 0x7f29de57aede
+B+: 0x7f29de57aee0 0x7f29de57aeec
+B+: 0x7f29de57af60 0x7f29de57af7c
+B+: 0x7f29de57b120 0x7f29de57b128
+B+: 0x7f29de57b129 0x7f29de57b147
+B+: 0x7f29de57b750 0x7f29de57b75e
+B+: 0x7f29de57b75f 0x7f29de57b763
+B+: 0x7f29de57b764 0x7f29de57b770
+B+: 0x7f29de57b771 0x7f29de57b777
+B+: 0x7f29de57b778 0x7f29de57b783
+B+: 0x7f29de57b784 0x7f29de57b788
+B+: 0x7f29de57b789 0x7f29de57b78d
+B+: 0x7f29de57b78e 0x7f29de57b796
+B+: 0x7f29de57b797 0x7f29de57b79e
+B+: 0x7f29de57b890 0x7f29de57b892
+B+: 0x7f29de57b8a7 0x7f29de57b8ab
+B+: 0x7f29de57b8ac 0x7f29de57b8b2
+B+: 0x7f29de57b8b3 0x7f29de57b8b6
+B+: 0x7f29de57b8d0 0x7f29de57b8e1
+B+: 0x7f29de57b8e2 0x7f29de57b8e6
+B+: 0x7f29de57b8e7 0x7f29de57b8eb
+B+: 0x7f29de57b8ec 0x7f29de57b8f1
+B+: 0x7f29de57b8f2 0x7f29de57b8fa
+B+: 0x7f29de57b8fb 0x7f29de57b8fc
+B+: 0x7f29de57b940 0x7f29de57b948
+B+: 0x7f29de57b949 0x7f29de57b951
+B+: 0x7f29de57b980 0x7f29de57b988
+B+: 0x7f29de57b989 0x7f29de57b98a
+B+: 0x7f29de57b98b 0x7f29de57b991
+B+: 0x7f29de57b992 0x7f29de57b9a2
+B+: 0x7f29de57b9a8 0x7f29de57b9ac
+B+: 0x7f29de57b9eb 0x7f29de57ba00
+B+: 0x7f29de57ba08 0x7f29de57ba10
+B+: 0x7f29de57baf0 0x7f29de57bb11
+B+: 0x7f29de57bb12 0x7f29de57bb16
+B+: 0x7f29de57bb17 0x7f29de57bb1d
+B+: 0x7f29de57bb1e 0x7f29de57bb26
+B+: 0x7f29de57bb27 0x7f29de57bb34
+B+: 0x7f29de57bb35 0x7f29de57bb3c
+B+: 0x7f29de57bb3d 0x7f29de57bb49
+B+: 0x7f29de57bb4a 0x7f29de57bb5a
+B+: 0x7f29de57bb5b 0x7f29de57bb63
+B+: 0x7f29de57bb7f 0x7f29de57bb93
+B+: 0x7f29de57bb94 0x7f29de57bb9c
+B+: 0x7f29de57bbe0 0x7f29de57bbf7
+B+: 0x7f29de57bbf8 0x7f29de57bc00
+B+: 0x7f29de57bc1b 0x7f29de57bc2b
+B+: 0x7f29de57bd40 0x7f29de57bd5e
+B+: 0x7f29de57bd5f 0x7f29de57bd6d
+B+: 0x7f29de57bd6e 0x7f29de57bd72
+B+: 0x7f29de57bd7d 0x7f29de57bd90
+B+: 0x7f29de57bd91 0x7f29de57bd95
+B+: 0x7f29de57bd96 0x7f29de57bd9a
+B+: 0x7f29de57bda0 0x7f29de57bda4
+B+: 0x7f29de57bdd5 0x7f29de57bdd9
+B+: 0x7f29de57bdda 0x7f29de57bdde
+B+: 0x7f29de57bdf0 0x7f29de57bdfb
+B+: 0x7f29de57bdfc 0x7f29de57be07
+B+: 0x7f29de57be08 0x7f29de57be10
+B+: 0x7f29de57be2c 0x7f29de57be30
+B+: 0x7f29de57be31 0x7f29de57be36
+B+: 0x7f29de57be41 0x7f29de57be45
+B+: 0x7f29de57be46 0x7f29de57be54
+B+: 0x7f29de57be55 0x7f29de57be5d
+B+: 0x7f29de57be5e 0x7f29de57be62
+B+: 0x7f29de57be63 0x7f29de57be74
+B+: 0x7f29de57be78 0x7f29de57be84
+B+: 0x7f29de57bea0 0x7f29de57bea4
+B+: 0x7f29de57bef0 0x7f29de57bf03
+B+: 0x7f29de57bf40 0x7f29de57bf76
+B+: 0x7f29de57bf77 0x7f29de57bf82
+B+: 0x7f29de57bf83 0x7f29de57bf92
+B+: 0x7f29de57c01b 0x7f29de57c031
+B+: 0x7f29de57c032 0x7f29de57c040
+B+: 0x7f29de57c075 0x7f29de57c0b8
+B+: 0x7f29de57c0b9 0x7f29de57c0c3
+B+: 0x7f29de57c0c4 0x7f29de57c0cc
+B+: 0x7f29de57c0cd 0x7f29de57c0d5
+B+: 0x7f29de57c0d6 0x7f29de57c0de
+B+: 0x7f29de57c0df 0x7f29de57c106
+B+: 0x7f29de57c107 0x7f29de57c133
+B+: 0x7f29de57c578 0x7f29de57c581
+B+: 0x7f29de57c582 0x7f29de57c5a8
+B+: 0x7f29de57c5a9 0x7f29de57c5b6
+B+: 0x7f29de57c5d0 0x7f29de57c5e0
+B+: 0x7f29de57c5e1 0x7f29de57c5ee
+B+: 0x7f29de57c5ef 0x7f29de57c5f3
+B+: 0x7f29de57c670 0x7f29de57c67e
+B+: 0x7f29de57c67f 0x7f29de57c683
+B+: 0x7f29de57c684 0x7f29de57c692
+B+: 0x7f29de57c693 0x7f29de57c69a
+B+: 0x7f29de57c69b 0x7f29de57c6a2
+B+: 0x7f29de57c6a3 0x7f29de57c6b7
+B+: 0x7f29de57c790 0x7f29de57c7bc
+B+: 0x7f29de57c7bd 0x7f29de57c7d4
+B+: 0x7f29de57c7e0 0x7f29de57c83a
+B+: 0x7f29de57c83b 0x7f29de57c875
+B+: 0x7f29de57c876 0x7f29de57c893
+B+: 0x7f29de57c894 0x7f29de57c8a3
+B+: 0x7f29de57c8a4 0x7f29de57c8b0
+B+: 0x7f29de57c9b4 0x7f29de57c9b8
+B+: 0x7f29de57c9b9 0x7f29de57c9cf
+B+: 0x7f29de57c9d0 0x7f29de57c9dc
+B+: 0x7f29de57c9dd 0x7f29de57c9ef
+B+: 0x7f29de57c9f0 0x7f29de57c9f7
+B+: 0x7f29de57ca01 0x7f29de57ca16
+B+: 0x7f29de57ca28 0x7f29de57ca3d
+B+: 0x7f29de57ca3e 0x7f29de57ca4d
+B+: 0x7f29de57ca79 0x7f29de57ca97
+B+: 0x7f29de57ca98 0x7f29de57cac0
+B+: 0x7f29de57cac1 0x7f29de57cacf
+B+: 0x7f29de57d148 0x7f29de57d154
+B+: 0x7f29de57d155 0x7f29de57d174
+B+: 0x7f29de57d175 0x7f29de57d17f
+B+: 0x7f29de57d1ac 0x7f29de57d1b0
+B+: 0x7f29de57d1b1 0x7f29de57d1b5
+B+: 0x7f29de57da40 0x7f29de57da64
+B+: 0x7f29de57db10 0x7f29de57db1a
+B+: 0x7f29de57db40 0x7f29de57db47
+B+: 0x7f29de57db48 0x7f29de57db51
+B+: 0x7f29de57db58 0x7f29de57db60
+B+: 0x7f29de57db61 0x7f29de57db6a
+B+: 0x7f29de57db88 0x7f29de57db8c
+B+: 0x7f29de57db8d 0x7f29de57db94
+B+: 0x7f29de57dba0 0x7f29de57dba4
+B+: 0x7f29de57dd00 0x7f29de57dd30
+B+: 0x7f29de57de3f 0x7f29de57de55
+B+: 0x7f29de57de56 0x7f29de57de67
+B+: 0x7f29de57e1e0 0x7f29de57e222
+B+: 0x7f29de57e223 0x7f29de57e228
+B+: 0x7f29de57e24c 0x7f29de57e260
+B+: 0x7f29de57e261 0x7f29de57e269
+B+: 0x7f29de57e270 0x7f29de57e279
+B+: 0x7f29de57e288 0x7f29de57e2a0
+B+: 0x7f29de57e2a1 0x7f29de57e2ba
+B+: 0x7f29de57e2bb 0x7f29de57e2bc
+B+: 0x7f29de57e2d0 0x7f29de57e2d8
+B+: 0x7f29de57e2f8 0x7f29de57e2f8
+B+: 0x7f29de57e300 0x7f29de57e30c
+B+: 0x7f29de57e33f 0x7f29de57e343
+B+: 0x7f29de57e380 0x7f29de57e384
+B+: 0x7f29de57e3d0 0x7f29de57e3e3
+B+: 0x7f29de57e400 0x7f29de57e400
+B+: 0x7f29de57e420 0x7f29de57e45b
+B+: 0x7f29de57e467 0x7f29de57e471
+B+: 0x7f29de57e472 0x7f29de57e489
+B+: 0x7f29de57e48a 0x7f29de57e48d
+B+: 0x7f29de57e48e 0x7f29de57e494
+B+: 0x7f29de57e495 0x7f29de57e49d
+B+: 0x7f29de57e49e 0x7f29de57e4a9
+B+: 0x7f29de57e4aa 0x7f29de57e4c2
+B+: 0x7f29de57e4c3 0x7f29de57e4ce
+B+: 0x7f29de57e4cf 0x7f29de57e4e5
+B+: 0x7f29de57e4e6 0x7f29de57e4f5
+B+: 0x7f29de57e500 0x7f29de57e50e
+B+: 0x7f29de57e50f 0x7f29de57e513
+B+: 0x7f29de57e514 0x7f29de57e51e
+B+: 0x7f29de57e540 0x7f29de57e549
+B+: 0x7f29de57e54a 0x7f29de57e54e
+B+: 0x7f29de57e54f 0x7f29de57e560
+B+: 0x7f29de57e568 0x7f29de57e577
+B+: 0x7f29de57e580 0x7f29de57e589
+B+: 0x7f29de57e5a8 0x7f29de57e5bb
+B+: 0x7f29de57e5c0 0x7f29de57e5ce
+B+: 0x7f29de57e5cf 0x7f29de57e5dc
+B+: 0x7f29de57e6f0 0x7f29de57e6fd
+B+: 0x7f29de57e7a0 0x7f29de57e7a0
+B+: 0x7f29de57e7b0 0x7f29de57e7ba
+B+: 0x7f29de57e7bb 0x7f29de57e7ce
+B+: 0x7f29de57e7cf 0x7f29de57e7d8
+B+: 0x7f29de57e7d9 0x7f29de57e7e6
+B+: 0x7f29de57e800 0x7f29de57e82d
+B+: 0x7f29de57e82e 0x7f29de57e831
+B+: 0x7f29de57e832 0x7f29de57e847
+B+: 0x7f29de57e864 0x7f29de57e86b
+B+: 0x7f29de57e86c 0x7f29de57e86f
+B+: 0x7f29de57e870 0x7f29de57e876
+B+: 0x7f29de57e877 0x7f29de57e87b
+B+: 0x7f29de57e87c 0x7f29de57e886
+B+: 0x7f29de57eae0 0x7f29de57eb01
+B+: 0x7f29de57eb02 0x7f29de57eb0a
+B+: 0x7f29de57eb0b 0x7f29de57eb14
+B+: 0x7f29de57eb15 0x7f29de57eb19
+B+: 0x7f29de57ec00 0x7f29de57ec19
+B+: 0x7f29de57ec51 0x7f29de57ec8e
+B+: 0x7f29de57ec8f 0x7f29de57ec9e
+B+: 0x7f29de57ec9f 0x7f29de57eca6
+B+: 0x7f29de57edf0 0x7f29de57edfb
+B+: 0x7f29de57ee20 0x7f29de57ee20
+B+: 0x7f29de57ee30 0x7f29de57ee38
+B+: 0x7f29de580940 0x7f29de58094b
+B+: 0x7f29de58094c 0x7f29de580957
+B+: 0x7f29de580958 0x7f29de580964
+B+: 0x7f29de580965 0x7f29de580969
+B+: 0x7f29de58096a 0x7f29de58096f
+B+: 0x7f29de580970 0x7f29de580976
+B+: 0x7f29de580980 0x7f29de580987
+B+: 0x7f29de580988 0x7f29de58098c
+B+: 0x7f29de58098d 0x7f29de58099b
+B+: 0x7f29de58099c 0x7f29de5809a0
+B+: 0x7f29de5809a1 0x7f29de5809a8
+B+: 0x7f29de5809a9 0x7f29de5809ad
+B+: 0x7f29de5809ae 0x7f29de5809b8
+B+: 0x7f29de5809b9 0x7f29de5809b9
+B+: 0x7f29de5809c0 0x7f29de5809c5
+B+: 0x7f29de5809c6 0x7f29de5809c9
+B+: 0x7f29de5809d0 0x7f29de5809d0
+B+: 0x7f29de5809d1 0x7f29de5809d5
+B+: 0x7f29de5809d6 0x7f29de5809d9
+B+: 0x7f29de5809e0 0x7f29de5809ff
+B+: 0x7f29de580a00 0x7f29de580a11
+B+: 0x7f29de580a12 0x7f29de580a16
+B+: 0x7f29de580a20 0x7f29de580a22
+B+: 0x7f29de580a23 0x7f29de580a2f
+B+: 0x7f29de580a30 0x7f29de580a33
+B+: 0x7f29de580a34 0x7f29de580a5d
+B+: 0x7f29de580a5e 0x7f29de580a62
+B+: 0x7f29de580a63 0x7f29de580a82
+B+: 0x7f29de580ac0 0x7f29de580ade
+B+: 0x7f29de580adf 0x7f29de580ae3
+B+: 0x7f29de580ae4 0x7f29de580ae8
+B+: 0x7f29de580af0 0x7f29de580af2
+B+: 0x7f29de580af3 0x7f29de580aff
+B+: 0x7f29de580b00 0x7f29de580b03
+B+: 0x7f29de580b04 0x7f29de580b3e
+B+: 0x7f29de580b3f 0x7f29de580b49
+B+: 0x7f29de580b4a 0x7f29de580b57
+B+: 0x7f29de580b58 0x7f29de580b5d
+B+: 0x7f29de580b5e 0x7f29de580b66
+B+: 0x7f29de580b67 0x7f29de580b70
+B+: 0x7f29de580b71 0x7f29de580b7a
+B+: 0x7f29de580b7b 0x7f29de580b9a
+B+: 0x7f29de580b9b 0x7f29de580ba3
+B+: 0x7f29de580ba4 0x7f29de580bbd
+B+: 0x7f29de580bc0 0x7f29de580bc5
+B+: 0x7f29de580bc6 0x7f29de580bcf
+B+: 0x7f29de580bd0 0x7f29de580bd9
+B+: 0x7f29de580bda 0x7f29de580bf7
+B+: 0x7f29de580c08 0x7f29de580c14
+B+: 0x7f29de580c15 0x7f29de580c1b
+B+: 0x7f29de580c1c 0x7f29de580c29
+B+: 0x7f29de580cb0 0x7f29de580cca
+B+: 0x7f29de580ccb 0x7f29de580cda
+B+: 0x7f29de580cdb 0x7f29de580ce6
+B+: 0x7f29de580ce7 0x7f29de580cef
+B+: 0x7f29de580cf0 0x7f29de580cf4
+B+: 0x7f29de580cf5 0x7f29de580cfc
+B+: 0x7f29de580cfd 0x7f29de580d10
+B+: 0x7f29de580d11 0x7f29de580d21
+B+: 0x7f29de580d22 0x7f29de580d26
+B+: 0x7f29de580d27 0x7f29de580d38
+B+: 0x7f29de580d39 0x7f29de580d4b
+B+: 0x7f29de580d4c 0x7f29de580d54
+B+: 0x7f29de580d55 0x7f29de580d5e
+B+: 0x7f29de580d5f 0x7f29de580d6d
+B+: 0x7f29de580ea0 0x7f29de580eb6
+B+: 0x7f29de580eb7 0x7f29de580ebb
+B+: 0x7f29de580ebc 0x7f29de580ec0
+B+: 0x7f29de580ec8 0x7f29de580ecb
+B+: 0x7f29de580ecc 0x7f29de580ed9
+B+: 0x7f29de580eda 0x7f29de580edd
+B+: 0x7f29de580ede 0x7f29de580f06
+B+: 0x7f29de580f07 0x7f29de580f10
+B+: 0x7f29de580f11 0x7f29de580f16
+B+: 0x7f29de580f17 0x7f29de580f24
+B+: 0x7f29de580f25 0x7f29de580f2d
+B+: 0x7f29de581440 0x7f29de58146b
+B+: 0x7f29de58146c 0x7f29de581470
+B+: 0x7f29de581471 0x7f29de581475
+B+: 0x7f29de581536 0x7f29de58153e
+B+: 0x7f29de58153f 0x7f29de581548
+B+: 0x7f29de581549 0x7f29de581551
+B+: 0x7f29de5815d0 0x7f29de5815e4
+B+: 0x7f29de5815e5 0x7f29de581606
+B+: 0x7f29de581607 0x7f29de581610
+B+: 0x7f29de581611 0x7f29de581618
+B+: 0x7f29de581640 0x7f29de581648
+B+: 0x7f29de581649 0x7f29de581656
+B+: 0x7f29de581657 0x7f29de58165f
+B+: 0x7f29de581660 0x7f29de581661
+B+: 0x7f29de581760 0x7f29de5817aa
+B+: 0x7f29de5817ab 0x7f29de5817af
+B+: 0x7f29de5817b0 0x7f29de5817be
+B+: 0x7f29de5817c8 0x7f29de5817d3
+B+: 0x7f29de5817d4 0x7f29de5817d8
+B+: 0x7f29de5817d9 0x7f29de5817e0
+B+: 0x7f29de5817e1 0x7f29de5817e5
+B+: 0x7f29de5817e6 0x7f29de5817f3
+B+: 0x7f29de5817f4 0x7f29de5817fb
+B+: 0x7f29de581800 0x7f29de581810
+B+: 0x7f29de581811 0x7f29de581815
+B+: 0x7f29de581816 0x7f29de581832
+B+: 0x7f29de581833 0x7f29de581843
+B+: 0x7f29de581844 0x7f29de58184f
+B+: 0x7f29de581850 0x7f29de581857
+B+: 0x7f29de581858 0x7f29de58185c
+B+: 0x7f29de58185d 0x7f29de581868
+B+: 0x7f29de581869 0x7f29de58187b
+B+: 0x7f29de58187c 0x7f29de581884
+B+: 0x7f29de581888 0x7f29de581897
+B+: 0x7f29de581898 0x7f29de58189b
+B+: 0x7f29de58189c 0x7f29de5818b4
+B+: 0x7f29de5818b5 0x7f29de5818b8
+B+: 0x7f29de5818b9 0x7f29de5818c6
+B+: 0x7f29de5818c7 0x7f29de5818d5
+B+: 0x7f29de581dc0 0x7f29de581dec
+B+: 0x7f29de581ded 0x7f29de581df2
+B+: 0x7f29de581df3 0x7f29de581e04
+B+: 0x7f29de581e05 0x7f29de581e0d
+B+: 0x7f29de581e0e 0x7f29de581e1c
+CND+ 0x7f29de57000e: taken
+CND+ 0x7f29de5705ea: not taken
+CND+ 0x7f29de570626: not taken
+CND+ 0x7f29de57063b: taken
+CND+ 0x7f29de570673: not taken
+CND+ 0x7f29de570687: not taken
+CND+ 0x7f29de570695: not taken
+CND+ 0x7f29de5707e2: taken
+CND+ 0x7f29de570862: not taken
+CND+ 0x7f29de57087c: both
+CND+ 0x7f29de5708a9: not taken
+CND+ 0x7f29de570a5d: not taken
+CND+ 0x7f29de570a62: taken
+CND+ 0x7f29de5716e6: not taken
+CND+ 0x7f29de571704: taken
+CND+ 0x7f29de57171a: not taken
+CND+ 0x7f29de57171f: taken
+CND+ 0x7f29de57172f: taken
+CND+ 0x7f29de57174c: not taken
+CND+ 0x7f29de571756: not taken
+CND+ 0x7f29de57178f: not taken
+CND+ 0x7f29de57179b: taken
+CND+ 0x7f29de572079: taken
+CND+ 0x7f29de57211b: not taken
+CND+ 0x7f29de572149: not taken
+CND+ 0x7f29de572158: not taken
+CND+ 0x7f29de572190: not taken
+CND+ 0x7f29de5721ce: taken
+CND+ 0x7f29de572c20: not taken
+CND+ 0x7f29de572c2d: taken
+CND+ 0x7f29de572c48: not taken
+CND+ 0x7f29de572c5f: both
+CND+ 0x7f29de572c88: not taken
+CND+ 0x7f29de572ed2: taken
+CND+ 0x7f29de572f55: not taken
+CND+ 0x7f29de572f7e: not taken
+CND+ 0x7f29de572f8a: not taken
+CND+ 0x7f29de572f93: both
+CND+ 0x7f29de572fc4: not taken
+CND+ 0x7f29de572fe2: both
+CND+ 0x7f29de572ffb: taken
+CND+ 0x7f29de57305a: taken
+CND+ 0x7f29de5730af: not taken
+CND+ 0x7f29de5730b8: taken
+CND+ 0x7f29de5730e0: taken
+CND+ 0x7f29de573116: not taken
+CND+ 0x7f29de57315a: not taken
+CND+ 0x7f29de573163: taken
+CND+ 0x7f29de57321b: taken
+CND+ 0x7f29de57324a: taken
+CND+ 0x7f29de57327c: not taken
+CND+ 0x7f29de57336a: taken
+CND+ 0x7f29de573520: not taken
+CND+ 0x7f29de573529: not taken
+CND+ 0x7f29de573532: taken
+CND+ 0x7f29de5738eb: not taken
+CND+ 0x7f29de573906: both
+CND+ 0x7f29de57393d: not taken
+CND+ 0x7f29de573985: both
+CND+ 0x7f29de5739f6: taken
+CND+ 0x7f29de573a20: both
+CND+ 0x7f29de573a29: not taken
+CND+ 0x7f29de573a33: not taken
+CND+ 0x7f29de573ae4: not taken
+CND+ 0x7f29de573afb: taken
+CND+ 0x7f29de573b2a: both
+CND+ 0x7f29de573b30: both
+CND+ 0x7f29de573b40: taken
+CND+ 0x7f29de573b60: not taken
+CND+ 0x7f29de573b96: not taken
+CND+ 0x7f29de573be5: taken
+CND+ 0x7f29de573da0: not taken
+CND+ 0x7f29de573da9: not taken
+CND+ 0x7f29de573dc8: both
+CND+ 0x7f29de573dd0: both
+CND+ 0x7f29de573e2e: taken
+CND+ 0x7f29de573e57: not taken
+CND+ 0x7f29de573eac: taken
+CND+ 0x7f29de573ed8: taken
+CND+ 0x7f29de573fa3: not taken
+CND+ 0x7f29de573fc0: taken
+CND+ 0x7f29de574019: not taken
+CND+ 0x7f29de574065: not taken
+CND+ 0x7f29de57406f: not taken
+CND+ 0x7f29de574089: both
+CND+ 0x7f29de57409d: not taken
+CND+ 0x7f29de5740ab: taken
+CND+ 0x7f29de57414c: not taken
+CND+ 0x7f29de574156: taken
+CND+ 0x7f29de5741cc: taken
+CND+ 0x7f29de5741ee: taken
+CND+ 0x7f29de574811: both
+CND+ 0x7f29de57481b: not taken
+CND+ 0x7f29de57481f: not taken
+CND+ 0x7f29de574839: taken
+CND+ 0x7f29de574859: taken
+CND+ 0x7f29de574861: taken
+CND+ 0x7f29de57545f: taken
+CND+ 0x7f29de575626: not taken
+CND+ 0x7f29de5756ca: taken
+CND+ 0x7f29de575762: taken
+CND+ 0x7f29de5762a4: taken
+CND+ 0x7f29de5762bd: not taken
+CND+ 0x7f29de5762cd: not taken
+CND+ 0x7f29de57630f: taken
+CND+ 0x7f29de576327: taken
+CND+ 0x7f29de57633a: not taken
+CND+ 0x7f29de576343: taken
+CND+ 0x7f29de576381: not taken
+CND+ 0x7f29de5763d6: taken
+CND+ 0x7f29de5763e7: taken
+CND+ 0x7f29de576895: not taken
+CND+ 0x7f29de5768a8: not taken
+CND+ 0x7f29de5768d2: not taken
+CND+ 0x7f29de576907: not taken
+CND+ 0x7f29de576942: taken
+CND+ 0x7f29de576953: not taken
+CND+ 0x7f29de576963: taken
+CND+ 0x7f29de576a7b: not taken
+CND+ 0x7f29de576dbc: both
+CND+ 0x7f29de576dc9: both
+CND+ 0x7f29de576e03: not taken
+CND+ 0x7f29de576e0d: not taken
+CND+ 0x7f29de576e18: taken
+CND+ 0x7f29de5771a1: not taken
+CND+ 0x7f29de5771ab: not taken
+CND+ 0x7f29de5771e4: taken
+CND+ 0x7f29de5771f2: taken
+CND+ 0x7f29de57720a: not taken
+CND+ 0x7f29de577225: not taken
+CND+ 0x7f29de57722f: not taken
+CND+ 0x7f29de577247: taken
+CND+ 0x7f29de577533: taken
+CND+ 0x7f29de577582: taken
+CND+ 0x7f29de577655: taken
+CND+ 0x7f29de577698: taken
+CND+ 0x7f29de577703: not taken
+CND+ 0x7f29de57770c: taken
+CND+ 0x7f29de577725: not taken
+CND+ 0x7f29de577742: not taken
+CND+ 0x7f29de57775a: not taken
+CND+ 0x7f29de577765: not taken
+CND+ 0x7f29de577792: not taken
+CND+ 0x7f29de577797: taken
+CND+ 0x7f29de5777a9: taken
+CND+ 0x7f29de5777ad: not taken
+CND+ 0x7f29de5777bc: taken
+CND+ 0x7f29de5777ce: taken
+CND+ 0x7f29de577848: taken
+CND+ 0x7f29de577889: not taken
+CND+ 0x7f29de57789b: not taken
+CND+ 0x7f29de5778a8: taken
+CND+ 0x7f29de577c2f: not taken
+CND+ 0x7f29de577c57: taken
+CND+ 0x7f29de577c65: not taken
+CND+ 0x7f29de577c6e: taken
+CND+ 0x7f29de577c86: not taken
+CND+ 0x7f29de577cae: taken
+CND+ 0x7f29de578366: taken
+CND+ 0x7f29de5789d6: taken
+CND+ 0x7f29de578a31: not taken
+CND+ 0x7f29de578a51: taken
+CND+ 0x7f29de578aad: not taken
+CND+ 0x7f29de578ab5: taken
+CND+ 0x7f29de578b00: taken
+CND+ 0x7f29de578b5a: not taken
+CND+ 0x7f29de578b62: not taken
+CND+ 0x7f29de578b6b: not taken
+CND+ 0x7f29de578b75: not taken
+CND+ 0x7f29de578b7f: taken
+CND+ 0x7f29de578b9b: taken
+CND+ 0x7f29de578c3c: taken
+CND+ 0x7f29de578ed9: not taken
+CND+ 0x7f29de578ee6: not taken
+CND+ 0x7f29de578f01: not taken
+CND+ 0x7f29de578f1a: not taken
+CND+ 0x7f29de578f20: not taken
+CND+ 0x7f29de578f26: taken
+CND+ 0x7f29de57976c: not taken
+CND+ 0x7f29de57978c: not taken
+CND+ 0x7f29de5797d8: both
+CND+ 0x7f29de5797e1: taken
+CND+ 0x7f29de579806: not taken
+CND+ 0x7f29de579840: not taken
+CND+ 0x7f29de57984a: not taken
+CND+ 0x7f29de579965: both
+CND+ 0x7f29de579989: not taken
+CND+ 0x7f29de5799b2: not taken
+CND+ 0x7f29de5799bc: not taken
+CND+ 0x7f29de5799e3: not taken
+CND+ 0x7f29de579a13: taken
+CND+ 0x7f29de579afd: not taken
+CND+ 0x7f29de579b1a: not taken
+CND+ 0x7f29de579b61: taken
+CND+ 0x7f29de57a711: not taken
+CND+ 0x7f29de57a71d: not taken
+CND+ 0x7f29de57a722: not taken
+CND+ 0x7f29de57a748: not taken
+CND+ 0x7f29de57a74c: not taken
+CND+ 0x7f29de57a75f: not taken
+CND+ 0x7f29de57a7a4: not taken
+CND+ 0x7f29de57a8f3: both
+CND+ 0x7f29de57a90f: both
+CND+ 0x7f29de57a911: not taken
+CND+ 0x7f29de57a91a: taken
+CND+ 0x7f29de57aa92: not taken
+CND+ 0x7f29de57aaba: not taken
+CND+ 0x7f29de57aad5: both
+CND+ 0x7f29de57aade: taken
+CND+ 0x7f29de57aaf7: not taken
+CND+ 0x7f29de57ab01: not taken
+CND+ 0x7f29de57ab05: not taken
+CND+ 0x7f29de57ab19: taken
+CND+ 0x7f29de57ac50: not taken
+CND+ 0x7f29de57ac62: taken
+CND+ 0x7f29de57adb1: not taken
+CND+ 0x7f29de57adea: both
+CND+ 0x7f29de57ae13: not taken
+CND+ 0x7f29de57ae20: taken
+CND+ 0x7f29de57ae2d: not taken
+CND+ 0x7f29de57ae43: not taken
+CND+ 0x7f29de57ae4f: both
+CND+ 0x7f29de57ae58: not taken
+CND+ 0x7f29de57ae72: taken
+CND+ 0x7f29de57aee7: taken
+CND+ 0x7f29de57b75d: both
+CND+ 0x7f29de57b76f: not taken
+CND+ 0x7f29de57b782: both
+CND+ 0x7f29de57b787: both
+CND+ 0x7f29de57b795: both
+CND+ 0x7f29de57b8b1: not taken
+CND+ 0x7f29de57b8dc: not taken
+CND+ 0x7f29de57b8ea: not taken
+CND+ 0x7f29de57b8ec: both
+CND+ 0x7f29de57b8f5: not taken
+CND+ 0x7f29de57b8fb: taken
+CND+ 0x7f29de57b943: not taken
+CND+ 0x7f29de57b94c: taken
+CND+ 0x7f29de57b983: not taken
+CND+ 0x7f29de57b989: both
+CND+ 0x7f29de57b990: not taken
+CND+ 0x7f29de57b9ab: taken
+CND+ 0x7f29de57ba0b: taken
+CND+ 0x7f29de57bb10: both
+CND+ 0x7f29de57bb1c: not taken
+CND+ 0x7f29de57bb21: both
+CND+ 0x7f29de57bb2f: not taken
+CND+ 0x7f29de57bb37: both
+CND+ 0x7f29de57bb44: both
+CND+ 0x7f29de57bb5e: taken
+CND+ 0x7f29de57bb92: both
+CND+ 0x7f29de57bb9b: taken
+CND+ 0x7f29de57bbfb: taken
+CND+ 0x7f29de57bd68: both
+CND+ 0x7f29de57bd71: taken
+CND+ 0x7f29de57bd8b: not taken
+CND+ 0x7f29de57bda3: taken
+CND+ 0x7f29de57bddd: taken
+CND+ 0x7f29de57be02: not taken
+CND+ 0x7f29de57be0b: taken
+CND+ 0x7f29de57be2f: not taken
+CND+ 0x7f29de57be35: taken
+CND+ 0x7f29de57be4f: not taken
+CND+ 0x7f29de57be58: both
+CND+ 0x7f29de57bf7d: not taken
+CND+ 0x7f29de57c02c: not taken
+CND+ 0x7f29de57c0c7: not taken
+CND+ 0x7f29de57c0d0: both
+CND+ 0x7f29de57c0d9: not taken
+CND+ 0x7f29de57c5a7: both
+CND+ 0x7f29de57c5ed: not taken
+CND+ 0x7f29de57c5f2: taken
+CND+ 0x7f29de57c682: not taken
+CND+ 0x7f29de57c6a1: not taken
+CND+ 0x7f29de57c7bb: not taken
+CND+ 0x7f29de57c835: not taken
+CND+ 0x7f29de57c870: not taken
+CND+ 0x7f29de57c88e: not taken
+CND+ 0x7f29de57c89e: not taken
+CND+ 0x7f29de57c9ca: both
+CND+ 0x7f29de57c9ea: taken
+CND+ 0x7f29de57c9f6: taken
+CND+ 0x7f29de57ca15: taken
+CND+ 0x7f29de57ca38: not taken
+CND+ 0x7f29de57ca48: taken
+CND+ 0x7f29de57cabb: not taken
+CND+ 0x7f29de57d14f: not taken
+CND+ 0x7f29de57d16f: not taken
+CND+ 0x7f29de57d17e: taken
+CND+ 0x7f29de57da5f: taken
+CND+ 0x7f29de57db46: not taken
+CND+ 0x7f29de57db50: taken
+CND+ 0x7f29de57db69: taken
+CND+ 0x7f29de57db93: taken
+CND+ 0x7f29de57dd2b: taken
+CND+ 0x7f29de57de50: not taken
+CND+ 0x7f29de57e227: taken
+CND+ 0x7f29de57e25f: not taken
+CND+ 0x7f29de57e278: taken
+CND+ 0x7f29de57e2b9: not taken
+CND+ 0x7f29de57e2d7: taken
+CND+ 0x7f29de57e30b: taken
+CND+ 0x7f29de57e383: taken
+CND+ 0x7f29de57e3e2: taken
+CND+ 0x7f29de57e456: taken
+CND+ 0x7f29de57e488: both
+CND+ 0x7f29de57e48c: not taken
+CND+ 0x7f29de57e493: not taken
+CND+ 0x7f29de57e498: both
+CND+ 0x7f29de57e4e0: not taken
+CND+ 0x7f29de57e512: not taken
+CND+ 0x7f29de57e519: taken
+CND+ 0x7f29de57e548: not taken
+CND+ 0x7f29de57e54d: not taken
+CND+ 0x7f29de57e5c9: not taken
+CND+ 0x7f29de57e5d7: taken
+CND+ 0x7f29de57e6f8: taken
+CND+ 0x7f29de57e7b9: not taken
+CND+ 0x7f29de57e830: not taken
+CND+ 0x7f29de57e846: taken
+CND+ 0x7f29de57e86e: not taken
+CND+ 0x7f29de57eb09: not taken
+CND+ 0x7f29de57eb13: not taken
+CND+ 0x7f29de57ec18: taken
+CND+ 0x7f29de57ec9d: not taken
+CND+ 0x7f29de57edfa: taken
+CND+ 0x7f29de580946: both
+CND+ 0x7f29de580963: both
+CND+ 0x7f29de580968: not taken
+CND+ 0x7f29de58096e: not taken
+CND+ 0x7f29de580986: not taken
+CND+ 0x7f29de58098b: both
+CND+ 0x7f29de58099a: both
+CND+ 0x7f29de58099f: both
+CND+ 0x7f29de5809ac: both
+CND+ 0x7f29de5809b7: both
+CND+ 0x7f29de5809c4: not taken
+CND+ 0x7f29de580a10: not taken
+CND+ 0x7f29de580a15: taken
+CND+ 0x7f29de580a2e: both
+CND+ 0x7f29de580a32: both
+CND+ 0x7f29de580a5c: both
+CND+ 0x7f29de580add: not taken
+CND+ 0x7f29de580ae2: not taken
+CND+ 0x7f29de580afe: not taken
+CND+ 0x7f29de580b02: both
+CND+ 0x7f29de580b48: both
+CND+ 0x7f29de580b52: not taken
+CND+ 0x7f29de580b5c: not taken
+CND+ 0x7f29de580b65: both
+CND+ 0x7f29de580b6b: taken
+CND+ 0x7f29de580b75: not taken
+CND+ 0x7f29de580b95: not taken
+CND+ 0x7f29de580ba2: not taken
+CND+ 0x7f29de580bc4: not taken
+CND+ 0x7f29de580bce: not taken
+CND+ 0x7f29de580bf6: taken
+CND+ 0x7f29de580c24: taken
+CND+ 0x7f29de580ce1: not taken
+CND+ 0x7f29de580cea: not taken
+CND+ 0x7f29de580cf3: not taken
+CND+ 0x7f29de580d25: not taken
+CND+ 0x7f29de580d53: not taken
+CND+ 0x7f29de580d5d: not taken
+CND+ 0x7f29de580eb5: not taken
+CND+ 0x7f29de580eba: not taken
+CND+ 0x7f29de580ed8: both
+CND+ 0x7f29de580edc: taken
+CND+ 0x7f29de580f0f: not taken
+CND+ 0x7f29de580f15: not taken
+CND+ 0x7f29de58146f: not taken
+CND+ 0x7f29de58153d: not taken
+CND+ 0x7f29de581547: not taken
+CND+ 0x7f29de581605: not taken
+CND+ 0x7f29de58160f: not taken
+CND+ 0x7f29de581647: not taken
+CND+ 0x7f29de58165e: not taken
+CND+ 0x7f29de5817bd: taken
+CND+ 0x7f29de5817d2: taken
+CND+ 0x7f29de5817df: not taken
+CND+ 0x7f29de5817e4: both
+CND+ 0x7f29de5817fa: taken
+CND+ 0x7f29de581856: not taken
+CND+ 0x7f29de58185b: taken
+CND+ 0x7f29de58187a: not taken
+CND+ 0x7f29de58189a: not taken
+CND+ 0x7f29de5818b7: not taken
+CND+ 0x7f29de5818c5: not taken
+CND+ 0x7f29de5818d4: taken
+CND+ 0x7f29de581df1: not taken
+CND+ 0x7f29de581e0c: not taken
@0x7f29de570784 to 0x7f29e2048fb0 1
@0x7f29de581e01 to 0x7f29de570840 1
@0x7f29de57e55f to 0x7f29de57e580 1
@0x7f29de57e55f to 0x7f29de57e5c0 1
@0x7f29de57e55f to 0x7f29de57e5a8 2
@0x7f29de57c8af to 0x7f29de57ca01 180
@0x7f29de57c8af to 0x7f29de57c9f0 10
@0x7f29de57c8af to 0x7f29de57ca28 1
@0x7f29de580c19 to 0x7f29de5747d0 1
@0x7f29de580c19 to 0x7f29de57b120 1
@0x7f29de570050 to 0x7f29e20a9a30 4
@0x7f29de570080 to 0x7f29e2049330 2
@0x7f29de570090 to 0x7f29e20eb710 1
@0x7f29de5700a0 to 0x7f29e20c1e70 5
@0x7f29de5700d0 to 0x7f29e205ca20 7
@0x7f29de5700f0 to 0x7f29e2180800 4
@0x7f29de570130 to 0x7f29e20ec1e0 1
@0x7f29de570140 to 0x7f29e2060c10 1
@0x7f29de570150 to 0x7f29e210e800 4
@0x7f29de570160 to 0x7f29e20eb230 1
@0x7f29de570190 to 0x7f29e2180bc0 8
@0x7f29de5701c0 to 0x7f29e20ec200 1
@0x7f29de5701e0 to 0x7f29e21805d0 1
@0x7f29de570220 to 0x7f29e20ec210 2
@0x7f29de570230 to 0x7f29e210fb10 1
@0x7f29de57216e to 0x7f29de5721c0 1
@0x7f29de570280 to 0x7f29e217bd10 11
@0x7f29de5702a0 to 0x7f29e205c450 4
@0x7f29de5721ac to 0x7f29de572e90 1
@0x7f29de5702d0 to 0x7f29e217c100 9
@0x7f29de570320 to 0x7f29e205d0f0 4
@0x7f29de570330 to 0x7f29e2181100 6
@0x7f29de570350 to 0x7f29e20ec220 1
@0x7f29de570370 to 0x7f29e210e800 2
@0x7f29de570390 to 0x7f29e20a93e0 23
@0x7f29de5703b0 to 0x7f29e20ec230 1
@0x7f29de5703c0 to 0x7f29e217be90 22
@0x7f29de5703e0 to 0x7f29e212cba0 1
@0x7f29de570410 to 0x7f29e20a9c80 1
@0x7f29de570460 to 0x7f29e21810e0 13
@0x7f29de570510 to 0x7f29e20ec1f0 1
@0x7f29de570560 to 0x7f29e20eb4e0 1
@0x7f29de570570 to 0x7f29e2055580 191
@0x7f29de57bf91 to 0x7f29de57c075 1
