MODULE_NAME: /usr/bin/gs
MODULE_START: 0x7fbc4a6eb000
+B+: 0x7fbc4a6ec000 0x7fbc4a6ec00f
+B+: 0x7fbc4a6ec012 0x7fbc4a6ec016
+B+: 0x7fbc4a6ec020 0x7fbc4a6ec02b
+B+: 0x7fbc4a6ec030 0x7fbc4a6ec035
+B+: 0x7fbc4a6ec036 0x7fbc4a6ec03f
+B+: 0x7fbc4a6ec040 0x7fbc4a6ec045
+B+: 0x7fbc4a6ec046 0x7fbc4a6ec04f
+B+: 0x7fbc4a6ec050 0x7fbc4a6ec055
+B+: 0x7fbc4a6ec056 0x7fbc4a6ec05f
+B+: 0x7fbc4a6ec0b0 0x7fbc4a6ec0b5
+B+: 0x7fbc4a6ec0b6 0x7fbc4a6ec0bf
+B+: 0x7fbc4a6ec0c0 0x7fbc4a6ec0c5
+B+: 0x7fbc4a6ec0c6 0x7fbc4a6ec0cf
+B+: 0x7fbc4a6ec0e0 0x7fbc4a6ec0e5
+B+: 0x7fbc4a6ec0f0 0x7fbc4a6ec121
+B+: 0x7fbc4a6ec122 0x7fbc4a6ec127
+B+: 0x7fbc4a6ec128 0x7fbc4a6ec130
+B+: 0x7fbc4a6ec131 0x7fbc4a6ec132
+B+: 0x7fbc4a6ec133 0x7fbc4a6ec137
+B+: 0x7fbc4a6ec13d 0x7fbc4a6ec152
+B+: 0x7fbc4a6ec153 0x7fbc4a6ec15b
+B+: 0x7fbc4a6ec178 0x7fbc4a6ec183
+B+: 0x7fbc4a6ec184 0x7fbc4a6ec1a2
+B+: 0x7fbc4a6ec1a3 0x7fbc4a6ec1b1
+B+: 0x7fbc4a6ec1b2 0x7fbc4a6ec1b7
+B+: 0x7fbc4a6ec1b8 0x7fbc4a6ec1c1
+B+: 0x7fbc4a6ec1c2 0x7fbc4a6ec1c5
+B+: 0x7fbc4a6ec1c6 0x7fbc4a6ec1ca
+B+: 0x7fbc4a6ec1cb 0x7fbc4a6ec1d6
+B+: 0x7fbc4a6ec1d7 0x7fbc4a6ec1db
+B+: 0x7fbc4a6ec1dc 0x7fbc4a6ec1e0
+B+: 0x7fbc4a6ec213 0x7fbc4a6ec216
+B+: 0x7fbc4a6ec220 0x7fbc4a6ec249
+B+: 0x7fbc4a6ec250 0x7fbc4a6ec262
+B+: 0x7fbc4a6ec278 0x7fbc4a6ec278
+B+: 0x7fbc4a6ec280 0x7fbc4a6ec2a3
+B+: 0x7fbc4a6ec2b8 0x7fbc4a6ec2b8
+B+: 0x7fbc4a6ec2c0 0x7fbc4a6ec2c8
+B+: 0x7fbc4a6ec2c9 0x7fbc4a6ec2d6
+B+: 0x7fbc4a6ec2d7 0x7fbc4a6ec2e2
+B+: 0x7fbc4a6ec2e3 0x7fbc4a6ec2e7
+B+: 0x7fbc4a6ec2e8 0x7fbc4a6ec2f0
+B+: 0x7fbc4a6ec300 0x7fbc4a6ec304
+B+: 0x7fbc4a6ec3c0 0x7fbc4a6ec3ec
+B+: 0x7fbc4a6ec3ed 0x7fbc4a6ec3f2
+B+: 0x7fbc4a6ec3f3 0x7fbc4a6ec404
+B+: 0x7fbc4a6ec405 0x7fbc4a6ec40d
+B+: 0x7fbc4a6ec40e 0x7fbc4a6ec41c
+B+: 0x7fbc4a6ec424 0x7fbc4a6ec42c
+CND+ 0x7fbc4a6ec00e: taken
+CND+ 0x7fbc4a6ec126: taken
+CND+ 0x7fbc4a6ec12b: not taken
+CND+ 0x7fbc4a6ec131: not taken
+CND+ 0x7fbc4a6ec136: taken
+CND+ 0x7fbc4a6ec14d: not taken
+CND+ 0x7fbc4a6ec1b6: not taken
+CND+ 0x7fbc4a6ec1c4: not taken
+CND+ 0x7fbc4a6ec1c9: taken
+CND+ 0x7fbc4a6ec1df: taken
+CND+ 0x7fbc4a6ec261: taken
+CND+ 0x7fbc4a6ec2a2: taken
+CND+ 0x7fbc4a6ec2c7: not taken
+CND+ 0x7fbc4a6ec2d5: not taken
+CND+ 0x7fbc4a6ec3f1: not taken
+CND+ 0x7fbc4a6ec40c: not taken
@0x7fbc4a6ec026 to 0x7fbc4e6db500 5
@0x7fbc4a6ec030 to 0x7fbc4a6ec036 1
@0x7fbc4a6ec040 to 0x7fbc4a6ec046 1
@0x7fbc4a6ec050 to 0x7fbc4a6ec056 1
@0x7fbc4a6ec0b0 to 0x7fbc4a6ec0b6 1
@0x7fbc4a6ec0c0 to 0x7fbc4a6ec0c6 1
@0x7fbc4a6ec0e0 to 0x7fbc4d2411c0 1
@0x7fbc4a6ec244 to 0x7fbc4d22afb0 1
@0x7fbc4a6ec401 to 0x7fbc4a6ec300 1
