MODULE_NAME: /usr/bin/gs
MODULE_START: 0x7f323b524000
+B+: 0x7f323b525000 0x7f323b52500f
+B+: 0x7f323b525012 0x7f323b525016
+B+: 0x7f323b525020 0x7f323b52502b
+B+: 0x7f323b525030 0x7f323b525035
+B+: 0x7f323b525036 0x7f323b52503f
+B+: 0x7f323b525040 0x7f323b525045
+B+: 0x7f323b525046 0x7f323b52504f
+B+: 0x7f323b525050 0x7f323b525055
+B+: 0x7f323b525056 0x7f323b52505f
+B+: 0x7f323b5250b0 0x7f323b5250b5
+B+: 0x7f323b5250b6 0x7f323b5250bf
+B+: 0x7f323b5250c0 0x7f323b5250c5
+B+: 0x7f323b5250c6 0x7f323b5250cf
+B+: 0x7f323b5250e0 0x7f323b5250e5
+B+: 0x7f323b5250f0 0x7f323b525121
+B+: 0x7f323b525122 0x7f323b525127
+B+: 0x7f323b525128 0x7f323b525130
+B+: 0x7f323b525131 0x7f323b525132
+B+: 0x7f323b525133 0x7f323b525137
+B+: 0x7f323b52513d 0x7f323b525152
+B+: 0x7f323b525153 0x7f323b52515b
+B+: 0x7f323b525178 0x7f323b525183
+B+: 0x7f323b525184 0x7f323b5251a2
+B+: 0x7f323b5251a3 0x7f323b5251b1
+B+: 0x7f323b5251b2 0x7f323b5251b7
+B+: 0x7f323b5251b8 0x7f323b5251c1
+B+: 0x7f323b5251c2 0x7f323b5251c5
+B+: 0x7f323b5251c6 0x7f323b5251ca
+B+: 0x7f323b5251cb 0x7f323b5251d6
+B+: 0x7f323b5251d7 0x7f323b5251db
+B+: 0x7f323b5251dc 0x7f323b5251e0
+B+: 0x7f323b525213 0x7f323b525216
+B+: 0x7f323b525220 0x7f323b525249
+B+: 0x7f323b525250 0x7f323b525262
+B+: 0x7f323b525278 0x7f323b525278
+B+: 0x7f323b525280 0x7f323b5252a3
+B+: 0x7f323b5252b8 0x7f323b5252b8
+B+: 0x7f323b5252c0 0x7f323b5252c8
+B+: 0x7f323b5252c9 0x7f323b5252d6
+B+: 0x7f323b5252d7 0x7f323b5252e2
+B+: 0x7f323b5252e3 0x7f323b5252e7
+B+: 0x7f323b5252e8 0x7f323b5252f0
+B+: 0x7f323b525300 0x7f323b525304
+B+: 0x7f323b5253c0 0x7f323b5253ec
+B+: 0x7f323b5253ed 0x7f323b5253f2
+B+: 0x7f323b5253f3 0x7f323b525404
+B+: 0x7f323b525405 0x7f323b52540d
+B+: 0x7f323b52540e 0x7f323b52541c
+B+: 0x7f323b525424 0x7f323b52542c
+CND+ 0x7f323b52500e: taken
+CND+ 0x7f323b525126: taken
+CND+ 0x7f323b52512b: not taken
+CND+ 0x7f323b525131: not taken
+CND+ 0x7f323b525136: taken
+CND+ 0x7f323b52514d: not taken
+CND+ 0x7f323b5251b6: not taken
+CND+ 0x7f323b5251c4: not taken
+CND+ 0x7f323b5251c9: taken
+CND+ 0x7f323b5251df: taken
+CND+ 0x7f323b525261: taken
+CND+ 0x7f323b5252a2: taken
+CND+ 0x7f323b5252c7: not taken
+CND+ 0x7f323b5252d5: not taken
+CND+ 0x7f323b5253f1: not taken
+CND+ 0x7f323b52540c: not taken
@0x7f323b525026 to 0x7f323f514500 5
@0x7f323b525030 to 0x7f323b525036 1
@0x7f323b525040 to 0x7f323b525046 1
@0x7f323b525050 to 0x7f323b525056 1
@0x7f323b5250b0 to 0x7f323b5250b6 1
@0x7f323b5250c0 to 0x7f323b5250c6 1
@0x7f323b5250e0 to 0x7f323e07a1c0 1
@0x7f323b525244 to 0x7f323e063fb0 1
@0x7f323b525401 to 0x7f323b525300 1
