MODULE_NAME: /bin/dash
MODULE_START: 0x7f17d9b9a000
+B+: 0x7f17d9b9e000 0x7f17d9b9e00f
+B+: 0x7f17d9b9e012 0x7f17d9b9e016
+B+: 0x7f17d9b9e050 0x7f17d9b9e055
+B+: 0x7f17d9b9e080 0x7f17d9b9e085
+B+: 0x7f17d9b9e090 0x7f17d9b9e095
+B+: 0x7f17d9b9e0a0 0x7f17d9b9e0a5
+B+: 0x7f17d9b9e0d0 0x7f17d9b9e0d5
+B+: 0x7f17d9b9e0f0 0x7f17d9b9e0f5
+B+: 0x7f17d9b9e130 0x7f17d9b9e135
+B+: 0x7f17d9b9e140 0x7f17d9b9e145
+B+: 0x7f17d9b9e150 0x7f17d9b9e155
+B+: 0x7f17d9b9e160 0x7f17d9b9e165
+B+: 0x7f17d9b9e190 0x7f17d9b9e195
+B+: 0x7f17d9b9e1c0 0x7f17d9b9e1c5
+B+: 0x7f17d9b9e1e0 0x7f17d9b9e1e5
+B+: 0x7f17d9b9e220 0x7f17d9b9e225
+B+: 0x7f17d9b9e230 0x7f17d9b9e235
+B+: 0x7f17d9b9e280 0x7f17d9b9e285
+B+: 0x7f17d9b9e2a0 0x7f17d9b9e2a5
+B+: 0x7f17d9b9e2d0 0x7f17d9b9e2d5
+B+: 0x7f17d9b9e320 0x7f17d9b9e325
+B+: 0x7f17d9b9e330 0x7f17d9b9e335
+B+: 0x7f17d9b9e350 0x7f17d9b9e355
+B+: 0x7f17d9b9e370 0x7f17d9b9e375
+B+: 0x7f17d9b9e390 0x7f17d9b9e395
+B+: 0x7f17d9b9e3b0 0x7f17d9b9e3b5
+B+: 0x7f17d9b9e3c0 0x7f17d9b9e3c5
+B+: 0x7f17d9b9e3e0 0x7f17d9b9e3e5
+B+: 0x7f17d9b9e410 0x7f17d9b9e415
+B+: 0x7f17d9b9e460 0x7f17d9b9e465
+B+: 0x7f17d9b9e510 0x7f17d9b9e515
+B+: 0x7f17d9b9e560 0x7f17d9b9e565
+B+: 0x7f17d9b9e570 0x7f17d9b9e575
+B+: 0x7f17d9b9e590 0x7f17d9b9e5b8
+B+: 0x7f17d9b9e5b9 0x7f17d9b9e5c4
+B+: 0x7f17d9b9e5c5 0x7f17d9b9e5cf
+B+: 0x7f17d9b9e5d0 0x7f17d9b9e5e7
+B+: 0x7f17d9b9e5e8 0x7f17d9b9e5ef
+B+: 0x7f17d9b9e5f0 0x7f17d9b9e600
+B+: 0x7f17d9b9e601 0x7f17d9b9e60b
+B+: 0x7f17d9b9e60c 0x7f17d9b9e615
+B+: 0x7f17d9b9e616 0x7f17d9b9e623
+B+: 0x7f17d9b9e624 0x7f17d9b9e62b
+B+: 0x7f17d9b9e62c 0x7f17d9b9e63c
+B+: 0x7f17d9b9e657 0x7f17d9b9e660
+B+: 0x7f17d9b9e661 0x7f17d9b9e678
+B+: 0x7f17d9b9e679 0x7f17d9b9e67f
+B+: 0x7f17d9b9e680 0x7f17d9b9e68c
+B+: 0x7f17d9b9e68d 0x7f17d9b9e696
+B+: 0x7f17d9b9e697 0x7f17d9b9e69b
+B+: 0x7f17d9b9e760 0x7f17d9b9e789
+B+: 0x7f17d9b9e7c0 0x7f17d9b9e7e3
+B+: 0x7f17d9b9e7f8 0x7f17d9b9e7f8
+B+: 0x7f17d9b9e840 0x7f17d9b9e844
+B+: 0x7f17d9b9e850 0x7f17d9b9e863
+B+: 0x7f17d9b9e864 0x7f17d9b9e86f
+B+: 0x7f17d9b9e870 0x7f17d9b9e87d
+B+: 0x7f17d9b9e87e 0x7f17d9b9e8aa
+B+: 0x7f17d9b9e8ab 0x7f17d9b9e8ac
+B+: 0x7f17d9b9e8cb 0x7f17d9b9e8d2
+B+: 0x7f17d9b9ea50 0x7f17d9b9ea57
+B+: 0x7f17d9b9ea58 0x7f17d9b9ea5e
+B+: 0x7f17d9b9ea5f 0x7f17d9b9ea63
+B+: 0x7f17d9b9ea71 0x7f17d9b9ea72
+B+: 0x7f17d9b9f6d0 0x7f17d9b9f6eb
+B+: 0x7f17d9b9f6ec 0x7f17d9b9f705
+B+: 0x7f17d9b9f717 0x7f17d9b9f71b
+B+: 0x7f17d9b9f71c 0x7f17d9b9f720
+B+: 0x7f17d9b9f72c 0x7f17d9b9f730
+B+: 0x7f17d9b9f73e 0x7f17d9b9f74d
+B+: 0x7f17d9b9f74e 0x7f17d9b9f757
+B+: 0x7f17d9b9f758 0x7f17d9b9f775
+B+: 0x7f17d9b9f780 0x7f17d9b9f788
+B+: 0x7f17d9b9f789 0x7f17d9b9f790
+B+: 0x7f17d9b9f791 0x7f17d9b9f79c
+B+: 0x7f17d9ba0060 0x7f17d9ba007e
+B+: 0x7f17d9ba010d 0x7f17d9ba011c
+B+: 0x7f17d9ba011d 0x7f17d9ba0123
+B+: 0x7f17d9ba0140 0x7f17d9ba014a
+B+: 0x7f17d9ba014b 0x7f17d9ba0152
+B+: 0x7f17d9ba0153 0x7f17d9ba015d
+B+: 0x7f17d9ba015e 0x7f17d9ba016f
+B+: 0x7f17d9ba0188 0x7f17d9ba018c
+B+: 0x7f17d9ba018d 0x7f17d9ba0191
+B+: 0x7f17d9ba0192 0x7f17d9ba019c
+B+: 0x7f17d9ba01a7 0x7f17d9ba01ad
+B+: 0x7f17d9ba01ae 0x7f17d9ba01b5
+B+: 0x7f17d9ba01c0 0x7f17d9ba01cf
+B+: 0x7f17d9ba0bc0 0x7f17d9ba0bfa
+B+: 0x7f17d9ba0bfb 0x7f17d9ba0c07
+B+: 0x7f17d9ba0c08 0x7f17d9ba0c0f
+B+: 0x7f17d9ba0c10 0x7f17d9ba0c11
+B+: 0x7f17d9ba0c18 0x7f17d9ba0c21
+B+: 0x7f17d9ba0c22 0x7f17d9ba0c2e
+B+: 0x7f17d9ba0c32 0x7f17d9ba0c39
+B+: 0x7f17d9ba0c3a 0x7f17d9ba0c49
+B+: 0x7f17d9ba0c4a 0x7f17d9ba0c51
+B+: 0x7f17d9ba0c52 0x7f17d9ba0c58
+B+: 0x7f17d9ba0c59 0x7f17d9ba0c60
+B+: 0x7f17d9ba0c61 0x7f17d9ba0c68
+B+: 0x7f17d9ba0c69 0x7f17d9ba0c6d
+B+: 0x7f17d9ba0c6e 0x7f17d9ba0c77
+B+: 0x7f17d9ba0c78 0x7f17d9ba0c89
+B+: 0x7f17d9ba0c8a 0x7f17d9ba0c98
+B+: 0x7f17d9ba0e90 0x7f17d9ba0ed3
+B+: 0x7f17d9ba0edf 0x7f17d9ba0ef5
+B+: 0x7f17d9ba0ef6 0x7f17d9ba0efa
+B+: 0x7f17d9ba0efb 0x7f17d9ba0f5a
+B+: 0x7f17d9ba0f5b 0x7f17d9ba0f67
+B+: 0x7f17d9ba0f68 0x7f17d9ba0f77
+B+: 0x7f17d9ba0f78 0x7f17d9ba0f7f
+B+: 0x7f17d9ba0f80 0x7f17d9ba0f8b
+B+: 0x7f17d9ba0f8c 0x7f17d9ba0f94
+B+: 0x7f17d9ba0f95 0x7f17d9ba0f9b
+B+: 0x7f17d9ba0fa0 0x7f17d9ba0faf
+B+: 0x7f17d9ba0fb0 0x7f17d9ba0fc5
+B+: 0x7f17d9ba0fc6 0x7f17d9ba0fcf
+B+: 0x7f17d9ba0fd0 0x7f17d9ba0fe3
+B+: 0x7f17d9ba0fe4 0x7f17d9ba0ffc
+B+: 0x7f17d9ba1019 0x7f17d9ba102b
+B+: 0x7f17d9ba102c 0x7f17d9ba1034
+B+: 0x7f17d9ba1035 0x7f17d9ba1047
+B+: 0x7f17d9ba1048 0x7f17d9ba105b
+B+: 0x7f17d9ba10a8 0x7f17d9ba10b4
+B+: 0x7f17d9ba10b5 0x7f17d9ba10b9
+B+: 0x7f17d9ba10db 0x7f17d9ba10e1
+B+: 0x7f17d9ba10f0 0x7f17d9ba1103
+B+: 0x7f17d9ba1104 0x7f17d9ba1113
+B+: 0x7f17d9ba1114 0x7f17d9ba111b
+B+: 0x7f17d9ba111c 0x7f17d9ba1122
+B+: 0x7f17d9ba1123 0x7f17d9ba1152
+B+: 0x7f17d9ba1153 0x7f17d9ba115f
+B+: 0x7f17d9ba1160 0x7f17d9ba1168
+B+: 0x7f17d9ba1216 0x7f17d9ba121c
+B+: 0x7f17d9ba1224 0x7f17d9ba122d
+B+: 0x7f17d9ba122e 0x7f17d9ba1237
+B+: 0x7f17d9ba1238 0x7f17d9ba1241
+B+: 0x7f17d9ba1242 0x7f17d9ba124b
+B+: 0x7f17d9ba125d 0x7f17d9ba1266
+B+: 0x7f17d9ba1267 0x7f17d9ba1281
+B+: 0x7f17d9ba1282 0x7f17d9ba1293
+B+: 0x7f17d9ba134c 0x7f17d9ba1353
+B+: 0x7f17d9ba1354 0x7f17d9ba136f
+B+: 0x7f17d9ba151b 0x7f17d9ba1525
+B+: 0x7f17d9ba1526 0x7f17d9ba152e
+B+: 0x7f17d9ba152f 0x7f17d9ba1537
+B+: 0x7f17d9ba18d0 0x7f17d9ba18ec
+B+: 0x7f17d9ba18ed 0x7f17d9ba18f1
+B+: 0x7f17d9ba18f8 0x7f17d9ba18fa
+B+: 0x7f17d9ba18fb 0x7f17d9ba1907
+B+: 0x7f17d9ba1908 0x7f17d9ba193e
+B+: 0x7f17d9ba193f 0x7f17d9ba1940
+B+: 0x7f17d9ba1963 0x7f17d9ba1977
+B+: 0x7f17d9ba1980 0x7f17d9ba1986
+B+: 0x7f17d9ba1987 0x7f17d9ba198e
+B+: 0x7f17d9ba198f 0x7f17d9ba1997
+B+: 0x7f17d9ba1998 0x7f17d9ba19ba
+B+: 0x7f17d9ba19bb 0x7f17d9ba19bc
+B+: 0x7f17d9ba19c0 0x7f17d9ba19e7
+B+: 0x7f17d9ba19e8 0x7f17d9ba19f7
+B+: 0x7f17d9ba1a19 0x7f17d9ba1a21
+B+: 0x7f17d9ba1a22 0x7f17d9ba1a2a
+B+: 0x7f17d9ba1a2b 0x7f17d9ba1a34
+B+: 0x7f17d9ba1a35 0x7f17d9ba1a3f
+B+: 0x7f17d9ba1ad0 0x7f17d9ba1ae9
+B+: 0x7f17d9ba1aea 0x7f17d9ba1b00
+B+: 0x7f17d9ba1b10 0x7f17d9ba1b1f
+B+: 0x7f17d9ba1b20 0x7f17d9ba1b2b
+B+: 0x7f17d9ba1b2c 0x7f17d9ba1b31
+B+: 0x7f17d9ba1b32 0x7f17d9ba1b41
+B+: 0x7f17d9ba1b56 0x7f17d9ba1b61
+B+: 0x7f17d9ba1b62 0x7f17d9ba1b6f
+B+: 0x7f17d9ba1b70 0x7f17d9ba1b85
+B+: 0x7f17d9ba1b86 0x7f17d9ba1b97
+B+: 0x7f17d9ba1b98 0x7f17d9ba1bc0
+B+: 0x7f17d9ba1bc8 0x7f17d9ba1bcc
+B+: 0x7f17d9ba1bcd 0x7f17d9ba1bea
+B+: 0x7f17d9ba1d70 0x7f17d9ba1d98
+B+: 0x7f17d9ba1da0 0x7f17d9ba1da1
+B+: 0x7f17d9ba1da2 0x7f17d9ba1daa
+B+: 0x7f17d9ba1dab 0x7f17d9ba1dc5
+B+: 0x7f17d9ba1dc6 0x7f17d9ba1dc9
+B+: 0x7f17d9ba1dca 0x7f17d9ba1dd1
+B+: 0x7f17d9ba1dd2 0x7f17d9ba1de6
+B+: 0x7f17d9ba1df0 0x7f17d9ba1e2a
+B+: 0x7f17d9ba1e2b 0x7f17d9ba1e2f
+B+: 0x7f17d9ba1e46 0x7f17d9ba1e5c
+B+: 0x7f17d9ba1e5d 0x7f17d9ba1e6e
+B+: 0x7f17d9ba1e90 0x7f17d9ba1ead
+B+: 0x7f17d9ba1ec8 0x7f17d9ba1ed1
+B+: 0x7f17d9ba1ed2 0x7f17d9ba1edd
+B+: 0x7f17d9ba1f6c 0x7f17d9ba1f8f
+B+: 0x7f17d9ba1f90 0x7f17d9ba1f9c
+B+: 0x7f17d9ba1f9d 0x7f17d9ba1fa8
+B+: 0x7f17d9ba1fa9 0x7f17d9ba1fb0
+B+: 0x7f17d9ba1fb1 0x7f17d9ba1fc5
+B+: 0x7f17d9ba2008 0x7f17d9ba2012
+B+: 0x7f17d9ba2013 0x7f17d9ba201e
+B+: 0x7f17d9ba201f 0x7f17d9ba202e
+B+: 0x7f17d9ba2060 0x7f17d9ba2066
+B+: 0x7f17d9ba2067 0x7f17d9ba2074
+B+: 0x7f17d9ba2075 0x7f17d9ba2086
+B+: 0x7f17d9ba2087 0x7f17d9ba208e
+B+: 0x7f17d9ba208f 0x7f17d9ba20a2
+B+: 0x7f17d9ba20a3 0x7f17d9ba20b0
+B+: 0x7f17d9ba2100 0x7f17d9ba2116
+B+: 0x7f17d9ba2145 0x7f17d9ba214d
+B+: 0x7f17d9ba214e 0x7f17d9ba2157
+B+: 0x7f17d9ba2160 0x7f17d9ba2166
+B+: 0x7f17d9ba21c0 0x7f17d9ba21d1
+B+: 0x7f17d9ba21e8 0x7f17d9ba21ef
+B+: 0x7f17d9ba2248 0x7f17d9ba225b
+B+: 0x7f17d9ba225c 0x7f17d9ba2271
+B+: 0x7f17d9ba27d0 0x7f17d9ba27ff
+B+: 0x7f17d9ba280f 0x7f17d9ba2812
+B+: 0x7f17d9ba2813 0x7f17d9ba281c
+B+: 0x7f17d9ba281d 0x7f17d9ba2820
+B+: 0x7f17d9ba2821 0x7f17d9ba282f
+B+: 0x7f17d9ba2830 0x7f17d9ba283a
+B+: 0x7f17d9ba284f 0x7f17d9ba285a
+B+: 0x7f17d9ba285f 0x7f17d9ba2862
+B+: 0x7f17d9ba2870 0x7f17d9ba2877
+B+: 0x7f17d9ba2878 0x7f17d9ba288d
+B+: 0x7f17d9ba3440 0x7f17d9ba3464
+B+: 0x7f17d9ba361e 0x7f17d9ba3627
+B+: 0x7f17d9ba3628 0x7f17d9ba3631
+B+: 0x7f17d9ba3632 0x7f17d9ba3659
+B+: 0x7f17d9ba36af 0x7f17d9ba36bc
+B+: 0x7f17d9ba36c0 0x7f17d9ba36cb
+B+: 0x7f17d9ba3730 0x7f17d9ba373b
+B+: 0x7f17d9ba3740 0x7f17d9ba375e
+B+: 0x7f17d9ba375f 0x7f17d9ba3767
+B+: 0x7f17d9ba37d2 0x7f17d9ba37e3
+B+: 0x7f17d9ba38a0 0x7f17d9ba38a7
+B+: 0x7f17d9ba4260 0x7f17d9ba42a5
+B+: 0x7f17d9ba42b5 0x7f17d9ba42be
+B+: 0x7f17d9ba42bf 0x7f17d9ba42d2
+B+: 0x7f17d9ba42d3 0x7f17d9ba42fc
+B+: 0x7f17d9ba42fd 0x7f17d9ba4310
+B+: 0x7f17d9ba4324 0x7f17d9ba4328
+B+: 0x7f17d9ba4336 0x7f17d9ba433f
+B+: 0x7f17d9ba4340 0x7f17d9ba4344
+B+: 0x7f17d9ba4370 0x7f17d9ba4386
+B+: 0x7f17d9ba4387 0x7f17d9ba4398
+B+: 0x7f17d9ba43a0 0x7f17d9ba43b6
+B+: 0x7f17d9ba43b7 0x7f17d9ba43d7
+B+: 0x7f17d9ba43dd 0x7f17d9ba43ec
+B+: 0x7f17d9ba4850 0x7f17d9ba4886
+B+: 0x7f17d9ba4887 0x7f17d9ba489a
+B+: 0x7f17d9ba489b 0x7f17d9ba48ad
+B+: 0x7f17d9ba48ae 0x7f17d9ba48c4
+B+: 0x7f17d9ba48c5 0x7f17d9ba48d7
+B+: 0x7f17d9ba48d8 0x7f17d9ba48e7
+B+: 0x7f17d9ba48e8 0x7f17d9ba490c
+B+: 0x7f17d9ba490d 0x7f17d9ba4915
+B+: 0x7f17d9ba4924 0x7f17d9ba4933
+B+: 0x7f17d9ba4934 0x7f17d9ba4947
+B+: 0x7f17d9ba4948 0x7f17d9ba4954
+B+: 0x7f17d9ba4955 0x7f17d9ba495f
+B+: 0x7f17d9ba4960 0x7f17d9ba4964
+B+: 0x7f17d9ba4a6a 0x7f17d9ba4a7c
+B+: 0x7f17d9ba4a7d 0x7f17d9ba4a9c
+B+: 0x7f17d9ba4ba0 0x7f17d9ba4bad
+B+: 0x7f17d9ba4bae 0x7f17d9ba4be1
+B+: 0x7f17d9ba4bf0 0x7f17d9ba4bfb
+B+: 0x7f17d9ba4db0 0x7f17d9ba4dbd
+B+: 0x7f17d9ba4dbe 0x7f17d9ba4dca
+B+: 0x7f17d9ba4dcb 0x7f17d9ba4de3
+B+: 0x7f17d9ba4de8 0x7f17d9ba4df4
+B+: 0x7f17d9ba4df8 0x7f17d9ba4e04
+B+: 0x7f17d9ba4e05 0x7f17d9ba4e12
+B+: 0x7f17d9ba4e13 0x7f17d9ba4e1d
+B+: 0x7f17d9ba4eb4 0x7f17d9ba4ec1
+B+: 0x7f17d9ba5160 0x7f17d9ba5174
+B+: 0x7f17d9ba5175 0x7f17d9ba5187
+B+: 0x7f17d9ba5188 0x7f17d9ba51a2
+B+: 0x7f17d9ba51a3 0x7f17d9ba51ac
+B+: 0x7f17d9ba51ad 0x7f17d9ba51b3
+B+: 0x7f17d9ba51d0 0x7f17d9ba51e5
+B+: 0x7f17d9ba51eb 0x7f17d9ba51f3
+B+: 0x7f17d9ba5205 0x7f17d9ba520b
+B+: 0x7f17d9ba520c 0x7f17d9ba521d
+B+: 0x7f17d9ba521e 0x7f17d9ba5226
+B+: 0x7f17d9ba5227 0x7f17d9ba5230
+B+: 0x7f17d9ba5231 0x7f17d9ba5232
+B+: 0x7f17d9ba5240 0x7f17d9ba5248
+B+: 0x7f17d9ba5260 0x7f17d9ba5260
+B+: 0x7f17d9ba5520 0x7f17d9ba5534
+B+: 0x7f17d9ba5572 0x7f17d9ba5578
+B+: 0x7f17d9ba5580 0x7f17d9ba5583
+B+: 0x7f17d9ba5610 0x7f17d9ba5656
+B+: 0x7f17d9ba565b 0x7f17d9ba5686
+B+: 0x7f17d9ba5687 0x7f17d9ba569d
+B+: 0x7f17d9ba56fc 0x7f17d9ba5708
+B+: 0x7f17d9ba5709 0x7f17d9ba5711
+B+: 0x7f17d9ba5712 0x7f17d9ba572a
+B+: 0x7f17d9ba572b 0x7f17d9ba573c
+B+: 0x7f17d9ba5740 0x7f17d9ba5747
+B+: 0x7f17d9ba5748 0x7f17d9ba575f
+B+: 0x7f17d9ba5760 0x7f17d9ba5766
+B+: 0x7f17d9ba5767 0x7f17d9ba5780
+B+: 0x7f17d9ba5790 0x7f17d9ba5793
+B+: 0x7f17d9ba5794 0x7f17d9ba5798
+B+: 0x7f17d9ba57a2 0x7f17d9ba57aa
+B+: 0x7f17d9ba57ab 0x7f17d9ba57ae
+B+: 0x7f17d9ba57af 0x7f17d9ba57bd
+B+: 0x7f17d9ba57cb 0x7f17d9ba57d3
+B+: 0x7f17d9ba5825 0x7f17d9ba5841
+B+: 0x7f17d9ba5842 0x7f17d9ba584d
+B+: 0x7f17d9ba587e 0x7f17d9ba588e
+B+: 0x7f17d9ba588f 0x7f17d9ba58a0
+B+: 0x7f17d9ba58a1 0x7f17d9ba58ad
+B+: 0x7f17d9ba5c10 0x7f17d9ba5c30
+B+: 0x7f17d9ba5c31 0x7f17d9ba5c58
+B+: 0x7f17d9ba5c5e 0x7f17d9ba5c66
+B+: 0x7f17d9ba5c67 0x7f17d9ba5c6f
+B+: 0x7f17d9ba5c78 0x7f17d9ba5c87
+B+: 0x7f17d9ba5c88 0x7f17d9ba5c89
+B+: 0x7f17d9ba5ca0 0x7f17d9ba5caf
+B+: 0x7f17d9ba5cba 0x7f17d9ba5cc4
+B+: 0x7f17d9ba5ce0 0x7f17d9ba5ce8
+B+: 0x7f17d9ba6360 0x7f17d9ba636b
+B+: 0x7f17d9ba6480 0x7f17d9ba6480
+B+: 0x7f17d9ba69c0 0x7f17d9ba69db
+B+: 0x7f17d9ba6a16 0x7f17d9ba6a32
+B+: 0x7f17d9ba6a33 0x7f17d9ba6a52
+B+: 0x7f17d9ba6a63 0x7f17d9ba6a6a
+B+: 0x7f17d9ba6a90 0x7f17d9ba6aa6
+B+: 0x7f17d9ba6aa7 0x7f17d9ba6aae
+B+: 0x7f17d9ba6aaf 0x7f17d9ba6ab6
+B+: 0x7f17d9ba6af6 0x7f17d9ba6b01
+B+: 0x7f17d9ba6b0c 0x7f17d9ba6b34
+B+: 0x7f17d9ba6b40 0x7f17d9ba6b57
+B+: 0x7f17d9ba6b58 0x7f17d9ba6b5f
+B+: 0x7f17d9ba6b60 0x7f17d9ba6b67
+B+: 0x7f17d9ba6b68 0x7f17d9ba6b70
+B+: 0x7f17d9ba6b71 0x7f17d9ba6b7a
+B+: 0x7f17d9ba6b7b 0x7f17d9ba6b80
+B+: 0x7f17d9ba6b97 0x7f17d9ba6b9c
+B+: 0x7f17d9ba6c0a 0x7f17d9ba6c3d
+B+: 0x7f17d9ba6c47 0x7f17d9ba6c53
+B+: 0x7f17d9ba6ed0 0x7f17d9ba6ede
+B+: 0x7f17d9ba6edf 0x7f17d9ba6ee7
+B+: 0x7f17d9ba6ee8 0x7f17d9ba6efc
+B+: 0x7f17d9ba6efd 0x7f17d9ba6f02
+B+: 0x7f17d9ba6f03 0x7f17d9ba6f1b
+B+: 0x7f17d9ba6f1c 0x7f17d9ba6f21
+B+: 0x7f17d9ba6f22 0x7f17d9ba6f2b
+B+: 0x7f17d9ba6fc0 0x7f17d9ba6fc7
+B+: 0x7f17d9ba6fc8 0x7f17d9ba6fd0
+B+: 0x7f17d9ba7760 0x7f17d9ba7768
+B+: 0x7f17d9ba7769 0x7f17d9ba776d
+B+: 0x7f17d9ba776e 0x7f17d9ba7772
+B+: 0x7f17d9ba7780 0x7f17d9ba7788
+B+: 0x7f17d9ba7789 0x7f17d9ba778d
+B+: 0x7f17d9ba778e 0x7f17d9ba7792
+B+: 0x7f17d9ba77c0 0x7f17d9ba77d9
+B+: 0x7f17d9ba77da 0x7f17d9ba77e6
+B+: 0x7f17d9ba77f7 0x7f17d9ba7802
+B+: 0x7f17d9ba7803 0x7f17d9ba780b
+B+: 0x7f17d9ba780c 0x7f17d9ba7841
+B+: 0x7f17d9ba7842 0x7f17d9ba784b
+B+: 0x7f17d9ba784c 0x7f17d9ba7852
+B+: 0x7f17d9ba7853 0x7f17d9ba7875
+B+: 0x7f17d9ba7880 0x7f17d9ba788e
+B+: 0x7f17d9ba78b0 0x7f17d9ba78c8
+B+: 0x7f17d9ba7900 0x7f17d9ba7941
+B+: 0x7f17d9ba7950 0x7f17d9ba7966
+B+: 0x7f17d9ba7967 0x7f17d9ba797e
+B+: 0x7f17d9ba797f 0x7f17d9ba798a
+B+: 0x7f17d9ba798b 0x7f17d9ba79b3
+B+: 0x7f17d9ba79b4 0x7f17d9ba79bd
+B+: 0x7f17d9ba79be 0x7f17d9ba79bf
+B+: 0x7f17d9ba79d0 0x7f17d9ba79e8
+B+: 0x7f17d9ba79e9 0x7f17d9ba7a14
+B+: 0x7f17d9ba7a1e 0x7f17d9ba7a25
+B+: 0x7f17d9ba7a26 0x7f17d9ba7a33
+B+: 0x7f17d9ba7a34 0x7f17d9ba7a46
+B+: 0x7f17d9ba7ae0 0x7f17d9ba7afe
+B+: 0x7f17d9ba7aff 0x7f17d9ba7b0c
+B+: 0x7f17d9ba7b0d 0x7f17d9ba7b1b
+B+: 0x7f17d9ba7b1c 0x7f17d9ba7b2c
+B+: 0x7f17d9ba7b40 0x7f17d9ba7b62
+B+: 0x7f17d9ba7b98 0x7f17d9ba7ba9
+B+: 0x7f17d9ba86d0 0x7f17d9ba86f4
+B+: 0x7f17d9ba86f5 0x7f17d9ba870d
+B+: 0x7f17d9ba870e 0x7f17d9ba8712
+B+: 0x7f17d9ba8713 0x7f17d9ba871e
+B+: 0x7f17d9ba871f 0x7f17d9ba8723
+B+: 0x7f17d9ba8724 0x7f17d9ba8728
+B+: 0x7f17d9ba8729 0x7f17d9ba8730
+B+: 0x7f17d9ba873c 0x7f17d9ba8749
+B+: 0x7f17d9ba874a 0x7f17d9ba874d
+B+: 0x7f17d9ba874e 0x7f17d9ba8760
+B+: 0x7f17d9ba8761 0x7f17d9ba876b
+B+: 0x7f17d9ba8790 0x7f17d9ba879d
+B+: 0x7f17d9ba879e 0x7f17d9ba87a5
+B+: 0x7f17d9ba87a6 0x7f17d9ba87a7
+B+: 0x7f17d9ba8890 0x7f17d9ba889d
+B+: 0x7f17d9ba889e 0x7f17d9ba88a9
+B+: 0x7f17d9ba88aa 0x7f17d9ba88bd
+B+: 0x7f17d9ba88c0 0x7f17d9ba88ca
+B+: 0x7f17d9ba88d0 0x7f17d9ba88ef
+B+: 0x7f17d9ba88f0 0x7f17d9ba88f4
+B+: 0x7f17d9ba88f5 0x7f17d9ba890c
+B+: 0x7f17d9ba890d 0x7f17d9ba8910
+B+: 0x7f17d9ba8911 0x7f17d9ba8912
+B+: 0x7f17d9ba8913 0x7f17d9ba891b
+B+: 0x7f17d9ba891c 0x7f17d9ba8930
+B+: 0x7f17d9ba8938 0x7f17d9ba893c
+B+: 0x7f17d9ba8980 0x7f17d9ba898f
+B+: 0x7f17d9ba8990 0x7f17d9ba899b
+B+: 0x7f17d9ba899c 0x7f17d9ba89ab
+B+: 0x7f17d9ba8a80 0x7f17d9ba8a93
+B+: 0x7f17d9ba8a94 0x7f17d9ba8aac
+B+: 0x7f17d9ba8aad 0x7f17d9ba8abf
+B+: 0x7f17d9ba8ac0 0x7f17d9ba8ada
+B+: 0x7f17d9ba8adb 0x7f17d9ba8ae3
+B+: 0x7f17d9ba8aec 0x7f17d9ba8af8
+B+: 0x7f17d9ba8af9 0x7f17d9ba8b02
+B+: 0x7f17d9ba8b03 0x7f17d9ba8b06
+B+: 0x7f17d9ba8b07 0x7f17d9ba8b1a
+B+: 0x7f17d9ba8c49 0x7f17d9ba8c55
+B+: 0x7f17d9ba8c56 0x7f17d9ba8c67
+B+: 0x7f17d9ba8c82 0x7f17d9ba8c93
+B+: 0x7f17d9ba8d77 0x7f17d9ba8d82
+B+: 0x7f17d9ba8da0 0x7f17d9ba8db2
+B+: 0x7f17d9ba8db3 0x7f17d9ba8ddf
+B+: 0x7f17d9ba8de0 0x7f17d9ba8deb
+B+: 0x7f17d9ba8dec 0x7f17d9ba8dfc
+B+: 0x7f17d9ba8dfd 0x7f17d9ba8e18
+B+: 0x7f17d9ba8e19 0x7f17d9ba8e25
+B+: 0x7f17d9ba8e26 0x7f17d9ba8e2e
+B+: 0x7f17d9ba8e2f 0x7f17d9ba8e3f
+B+: 0x7f17d9ba8e40 0x7f17d9ba8e44
+B+: 0x7f17d9ba8e45 0x7f17d9ba8e50
+B+: 0x7f17d9ba8e51 0x7f17d9ba8e5d
+B+: 0x7f17d9ba8e5e 0x7f17d9ba8e77
+B+: 0x7f17d9ba8ece 0x7f17d9ba8ed2
+B+: 0x7f17d9ba8ed3 0x7f17d9ba8ede
+B+: 0x7f17d9ba8ee0 0x7f17d9ba8eec
+B+: 0x7f17d9ba8f60 0x7f17d9ba8f7c
+B+: 0x7f17d9ba9120 0x7f17d9ba9128
+B+: 0x7f17d9ba9129 0x7f17d9ba9147
+B+: 0x7f17d9ba9750 0x7f17d9ba975e
+B+: 0x7f17d9ba975f 0x7f17d9ba9763
+B+: 0x7f17d9ba9764 0x7f17d9ba9770
+B+: 0x7f17d9ba9771 0x7f17d9ba9777
+B+: 0x7f17d9ba9778 0x7f17d9ba9783
+B+: 0x7f17d9ba9784 0x7f17d9ba9788
+B+: 0x7f17d9ba9789 0x7f17d9ba978d
+B+: 0x7f17d9ba978e 0x7f17d9ba9796
+B+: 0x7f17d9ba9797 0x7f17d9ba979e
+B+: 0x7f17d9ba9890 0x7f17d9ba9892
+B+: 0x7f17d9ba98a7 0x7f17d9ba98ab
+B+: 0x7f17d9ba98ac 0x7f17d9ba98b2
+B+: 0x7f17d9ba98b3 0x7f17d9ba98b6
+B+: 0x7f17d9ba98d0 0x7f17d9ba98e1
+B+: 0x7f17d9ba98e2 0x7f17d9ba98e6
+B+: 0x7f17d9ba98e7 0x7f17d9ba98eb
+B+: 0x7f17d9ba98ec 0x7f17d9ba98f1
+B+: 0x7f17d9ba98f2 0x7f17d9ba98fa
+B+: 0x7f17d9ba98fb 0x7f17d9ba98fc
+B+: 0x7f17d9ba9940 0x7f17d9ba9948
+B+: 0x7f17d9ba9949 0x7f17d9ba9951
+B+: 0x7f17d9ba9980 0x7f17d9ba9988
+B+: 0x7f17d9ba9989 0x7f17d9ba998a
+B+: 0x7f17d9ba998b 0x7f17d9ba9991
+B+: 0x7f17d9ba9992 0x7f17d9ba99a2
+B+: 0x7f17d9ba99a8 0x7f17d9ba99ac
+B+: 0x7f17d9ba99eb 0x7f17d9ba9a00
+B+: 0x7f17d9ba9a08 0x7f17d9ba9a10
+B+: 0x7f17d9ba9af0 0x7f17d9ba9b11
+B+: 0x7f17d9ba9b12 0x7f17d9ba9b16
+B+: 0x7f17d9ba9b17 0x7f17d9ba9b1d
+B+: 0x7f17d9ba9b1e 0x7f17d9ba9b26
+B+: 0x7f17d9ba9b27 0x7f17d9ba9b34
+B+: 0x7f17d9ba9b35 0x7f17d9ba9b3c
+B+: 0x7f17d9ba9b3d 0x7f17d9ba9b49
+B+: 0x7f17d9ba9b4a 0x7f17d9ba9b5a
+B+: 0x7f17d9ba9b5b 0x7f17d9ba9b63
+B+: 0x7f17d9ba9b7f 0x7f17d9ba9b93
+B+: 0x7f17d9ba9b94 0x7f17d9ba9b9c
+B+: 0x7f17d9ba9be0 0x7f17d9ba9bf7
+B+: 0x7f17d9ba9bf8 0x7f17d9ba9c00
+B+: 0x7f17d9ba9c1b 0x7f17d9ba9c2b
+B+: 0x7f17d9ba9d40 0x7f17d9ba9d5e
+B+: 0x7f17d9ba9d5f 0x7f17d9ba9d6d
+B+: 0x7f17d9ba9d6e 0x7f17d9ba9d72
+B+: 0x7f17d9ba9d7d 0x7f17d9ba9d90
+B+: 0x7f17d9ba9d91 0x7f17d9ba9d95
+B+: 0x7f17d9ba9d96 0x7f17d9ba9d9a
+B+: 0x7f17d9ba9da0 0x7f17d9ba9da4
+B+: 0x7f17d9ba9dd5 0x7f17d9ba9dd9
+B+: 0x7f17d9ba9dda 0x7f17d9ba9dde
+B+: 0x7f17d9ba9df0 0x7f17d9ba9dfb
+B+: 0x7f17d9ba9dfc 0x7f17d9ba9e07
+B+: 0x7f17d9ba9e08 0x7f17d9ba9e10
+B+: 0x7f17d9ba9e2c 0x7f17d9ba9e30
+B+: 0x7f17d9ba9e31 0x7f17d9ba9e36
+B+: 0x7f17d9ba9e41 0x7f17d9ba9e45
+B+: 0x7f17d9ba9e46 0x7f17d9ba9e54
+B+: 0x7f17d9ba9e55 0x7f17d9ba9e5d
+B+: 0x7f17d9ba9e5e 0x7f17d9ba9e62
+B+: 0x7f17d9ba9e63 0x7f17d9ba9e74
+B+: 0x7f17d9ba9e78 0x7f17d9ba9e84
+B+: 0x7f17d9ba9ea0 0x7f17d9ba9ea4
+B+: 0x7f17d9ba9ef0 0x7f17d9ba9f03
+B+: 0x7f17d9ba9f40 0x7f17d9ba9f76
+B+: 0x7f17d9ba9f77 0x7f17d9ba9f82
+B+: 0x7f17d9ba9f83 0x7f17d9ba9f92
+B+: 0x7f17d9baa01b 0x7f17d9baa031
+B+: 0x7f17d9baa032 0x7f17d9baa040
+B+: 0x7f17d9baa075 0x7f17d9baa0b8
+B+: 0x7f17d9baa0b9 0x7f17d9baa0c3
+B+: 0x7f17d9baa0c4 0x7f17d9baa0cc
+B+: 0x7f17d9baa0cd 0x7f17d9baa0d5
+B+: 0x7f17d9baa0d6 0x7f17d9baa0de
+B+: 0x7f17d9baa0df 0x7f17d9baa106
+B+: 0x7f17d9baa107 0x7f17d9baa133
+B+: 0x7f17d9baa578 0x7f17d9baa581
+B+: 0x7f17d9baa582 0x7f17d9baa5a8
+B+: 0x7f17d9baa5a9 0x7f17d9baa5b6
+B+: 0x7f17d9baa5d0 0x7f17d9baa5e0
+B+: 0x7f17d9baa5e1 0x7f17d9baa5ee
+B+: 0x7f17d9baa5ef 0x7f17d9baa5f3
+B+: 0x7f17d9baa670 0x7f17d9baa67e
+B+: 0x7f17d9baa67f 0x7f17d9baa683
+B+: 0x7f17d9baa684 0x7f17d9baa692
+B+: 0x7f17d9baa693 0x7f17d9baa69a
+B+: 0x7f17d9baa69b 0x7f17d9baa6a2
+B+: 0x7f17d9baa6a3 0x7f17d9baa6b7
+B+: 0x7f17d9baa790 0x7f17d9baa7bc
+B+: 0x7f17d9baa7bd 0x7f17d9baa7d4
+B+: 0x7f17d9baa7e0 0x7f17d9baa83a
+B+: 0x7f17d9baa83b 0x7f17d9baa875
+B+: 0x7f17d9baa876 0x7f17d9baa893
+B+: 0x7f17d9baa894 0x7f17d9baa8a3
+B+: 0x7f17d9baa8a4 0x7f17d9baa8b0
+B+: 0x7f17d9baa9b4 0x7f17d9baa9b8
+B+: 0x7f17d9baa9b9 0x7f17d9baa9cf
+B+: 0x7f17d9baa9d0 0x7f17d9baa9dc
+B+: 0x7f17d9baa9dd 0x7f17d9baa9ef
+B+: 0x7f17d9baa9f0 0x7f17d9baa9f7
+B+: 0x7f17d9baaa01 0x7f17d9baaa16
+B+: 0x7f17d9baaa28 0x7f17d9baaa3d
+B+: 0x7f17d9baaa3e 0x7f17d9baaa4d
+B+: 0x7f17d9baaa79 0x7f17d9baaa97
+B+: 0x7f17d9baaa98 0x7f17d9baaac0
+B+: 0x7f17d9baaac1 0x7f17d9baaacf
+B+: 0x7f17d9bab148 0x7f17d9bab154
+B+: 0x7f17d9bab155 0x7f17d9bab174
+B+: 0x7f17d9bab175 0x7f17d9bab17f
+B+: 0x7f17d9bab1ac 0x7f17d9bab1b0
+B+: 0x7f17d9bab1b1 0x7f17d9bab1b5
+B+: 0x7f17d9baba40 0x7f17d9baba64
+B+: 0x7f17d9babb10 0x7f17d9babb1a
+B+: 0x7f17d9babb40 0x7f17d9babb47
+B+: 0x7f17d9babb48 0x7f17d9babb51
+B+: 0x7f17d9babb58 0x7f17d9babb60
+B+: 0x7f17d9babb61 0x7f17d9babb6a
+B+: 0x7f17d9babb88 0x7f17d9babb8c
+B+: 0x7f17d9babb8d 0x7f17d9babb94
+B+: 0x7f17d9babba0 0x7f17d9babba4
+B+: 0x7f17d9babd00 0x7f17d9babd30
+B+: 0x7f17d9babe3f 0x7f17d9babe55
+B+: 0x7f17d9babe56 0x7f17d9babe67
+B+: 0x7f17d9bac1e0 0x7f17d9bac222
+B+: 0x7f17d9bac223 0x7f17d9bac228
+B+: 0x7f17d9bac24c 0x7f17d9bac260
+B+: 0x7f17d9bac261 0x7f17d9bac269
+B+: 0x7f17d9bac270 0x7f17d9bac279
+B+: 0x7f17d9bac288 0x7f17d9bac2a0
+B+: 0x7f17d9bac2a1 0x7f17d9bac2ba
+B+: 0x7f17d9bac2bb 0x7f17d9bac2bc
+B+: 0x7f17d9bac2d0 0x7f17d9bac2d8
+B+: 0x7f17d9bac2f8 0x7f17d9bac2f8
+B+: 0x7f17d9bac300 0x7f17d9bac30c
+B+: 0x7f17d9bac33f 0x7f17d9bac343
+B+: 0x7f17d9bac380 0x7f17d9bac384
+B+: 0x7f17d9bac3d0 0x7f17d9bac3e3
+B+: 0x7f17d9bac400 0x7f17d9bac400
+B+: 0x7f17d9bac420 0x7f17d9bac45b
+B+: 0x7f17d9bac467 0x7f17d9bac471
+B+: 0x7f17d9bac472 0x7f17d9bac489
+B+: 0x7f17d9bac48a 0x7f17d9bac48d
+B+: 0x7f17d9bac48e 0x7f17d9bac494
+B+: 0x7f17d9bac495 0x7f17d9bac49d
+B+: 0x7f17d9bac49e 0x7f17d9bac4a9
+B+: 0x7f17d9bac4aa 0x7f17d9bac4c2
+B+: 0x7f17d9bac4c3 0x7f17d9bac4ce
+B+: 0x7f17d9bac4cf 0x7f17d9bac4e5
+B+: 0x7f17d9bac4e6 0x7f17d9bac4f5
+B+: 0x7f17d9bac500 0x7f17d9bac50e
+B+: 0x7f17d9bac50f 0x7f17d9bac513
+B+: 0x7f17d9bac514 0x7f17d9bac51e
+B+: 0x7f17d9bac540 0x7f17d9bac549
+B+: 0x7f17d9bac54a 0x7f17d9bac54e
+B+: 0x7f17d9bac54f 0x7f17d9bac560
+B+: 0x7f17d9bac568 0x7f17d9bac577
+B+: 0x7f17d9bac580 0x7f17d9bac589
+B+: 0x7f17d9bac5a8 0x7f17d9bac5bb
+B+: 0x7f17d9bac5c0 0x7f17d9bac5ce
+B+: 0x7f17d9bac5cf 0x7f17d9bac5dc
+B+: 0x7f17d9bac6f0 0x7f17d9bac6fd
+B+: 0x7f17d9bac7a0 0x7f17d9bac7a0
+B+: 0x7f17d9bac7b0 0x7f17d9bac7ba
+B+: 0x7f17d9bac7bb 0x7f17d9bac7ce
+B+: 0x7f17d9bac7cf 0x7f17d9bac7d8
+B+: 0x7f17d9bac7d9 0x7f17d9bac7e6
+B+: 0x7f17d9bac800 0x7f17d9bac82d
+B+: 0x7f17d9bac82e 0x7f17d9bac831
+B+: 0x7f17d9bac832 0x7f17d9bac847
+B+: 0x7f17d9bac864 0x7f17d9bac86b
+B+: 0x7f17d9bac86c 0x7f17d9bac86f
+B+: 0x7f17d9bac870 0x7f17d9bac876
+B+: 0x7f17d9bac877 0x7f17d9bac87b
+B+: 0x7f17d9bac87c 0x7f17d9bac886
+B+: 0x7f17d9bacae0 0x7f17d9bacb01
+B+: 0x7f17d9bacb02 0x7f17d9bacb0a
+B+: 0x7f17d9bacb0b 0x7f17d9bacb14
+B+: 0x7f17d9bacb15 0x7f17d9bacb19
+B+: 0x7f17d9bacc00 0x7f17d9bacc19
+B+: 0x7f17d9bacc51 0x7f17d9bacc8e
+B+: 0x7f17d9bacc8f 0x7f17d9bacc9e
+B+: 0x7f17d9bacc9f 0x7f17d9bacca6
+B+: 0x7f17d9bacdf0 0x7f17d9bacdfb
+B+: 0x7f17d9bace20 0x7f17d9bace20
+B+: 0x7f17d9bace30 0x7f17d9bace38
+B+: 0x7f17d9bae940 0x7f17d9bae94b
+B+: 0x7f17d9bae94c 0x7f17d9bae957
+B+: 0x7f17d9bae958 0x7f17d9bae964
+B+: 0x7f17d9bae965 0x7f17d9bae969
+B+: 0x7f17d9bae96a 0x7f17d9bae96f
+B+: 0x7f17d9bae970 0x7f17d9bae976
+B+: 0x7f17d9bae980 0x7f17d9bae987
+B+: 0x7f17d9bae988 0x7f17d9bae98c
+B+: 0x7f17d9bae98d 0x7f17d9bae99b
+B+: 0x7f17d9bae99c 0x7f17d9bae9a0
+B+: 0x7f17d9bae9a1 0x7f17d9bae9a8
+B+: 0x7f17d9bae9a9 0x7f17d9bae9ad
+B+: 0x7f17d9bae9ae 0x7f17d9bae9b8
+B+: 0x7f17d9bae9b9 0x7f17d9bae9b9
+B+: 0x7f17d9bae9c0 0x7f17d9bae9c5
+B+: 0x7f17d9bae9c6 0x7f17d9bae9c9
+B+: 0x7f17d9bae9d0 0x7f17d9bae9d0
+B+: 0x7f17d9bae9d1 0x7f17d9bae9d5
+B+: 0x7f17d9bae9d6 0x7f17d9bae9d9
+B+: 0x7f17d9bae9e0 0x7f17d9bae9ff
+B+: 0x7f17d9baea00 0x7f17d9baea11
+B+: 0x7f17d9baea12 0x7f17d9baea16
+B+: 0x7f17d9baea20 0x7f17d9baea22
+B+: 0x7f17d9baea23 0x7f17d9baea2f
+B+: 0x7f17d9baea30 0x7f17d9baea33
+B+: 0x7f17d9baea34 0x7f17d9baea5d
+B+: 0x7f17d9baea5e 0x7f17d9baea62
+B+: 0x7f17d9baea63 0x7f17d9baea82
+B+: 0x7f17d9baeac0 0x7f17d9baeade
+B+: 0x7f17d9baeadf 0x7f17d9baeae3
+B+: 0x7f17d9baeae4 0x7f17d9baeae8
+B+: 0x7f17d9baeaf0 0x7f17d9baeaf2
+B+: 0x7f17d9baeaf3 0x7f17d9baeaff
+B+: 0x7f17d9baeb00 0x7f17d9baeb03
+B+: 0x7f17d9baeb04 0x7f17d9baeb3e
+B+: 0x7f17d9baeb3f 0x7f17d9baeb49
+B+: 0x7f17d9baeb4a 0x7f17d9baeb57
+B+: 0x7f17d9baeb58 0x7f17d9baeb5d
+B+: 0x7f17d9baeb5e 0x7f17d9baeb66
+B+: 0x7f17d9baeb67 0x7f17d9baeb70
+B+: 0x7f17d9baeb71 0x7f17d9baeb7a
+B+: 0x7f17d9baeb7b 0x7f17d9baeb9a
+B+: 0x7f17d9baeb9b 0x7f17d9baeba3
+B+: 0x7f17d9baeba4 0x7f17d9baebbd
+B+: 0x7f17d9baebc0 0x7f17d9baebc5
+B+: 0x7f17d9baebc6 0x7f17d9baebcf
+B+: 0x7f17d9baebd0 0x7f17d9baebd9
+B+: 0x7f17d9baebda 0x7f17d9baebf7
+B+: 0x7f17d9baec08 0x7f17d9baec14
+B+: 0x7f17d9baec15 0x7f17d9baec1b
+B+: 0x7f17d9baec1c 0x7f17d9baec29
+B+: 0x7f17d9baecb0 0x7f17d9baecca
+B+: 0x7f17d9baeccb 0x7f17d9baecda
+B+: 0x7f17d9baecdb 0x7f17d9baece6
+B+: 0x7f17d9baece7 0x7f17d9baecef
+B+: 0x7f17d9baecf0 0x7f17d9baecf4
+B+: 0x7f17d9baecf5 0x7f17d9baecfc
+B+: 0x7f17d9baecfd 0x7f17d9baed10
+B+: 0x7f17d9baed11 0x7f17d9baed21
+B+: 0x7f17d9baed22 0x7f17d9baed26
+B+: 0x7f17d9baed27 0x7f17d9baed38
+B+: 0x7f17d9baed39 0x7f17d9baed4b
+B+: 0x7f17d9baed4c 0x7f17d9baed54
+B+: 0x7f17d9baed55 0x7f17d9baed5e
+B+: 0x7f17d9baed5f 0x7f17d9baed6d
+B+: 0x7f17d9baeea0 0x7f17d9baeeb6
+B+: 0x7f17d9baeeb7 0x7f17d9baeebb
+B+: 0x7f17d9baeebc 0x7f17d9baeec0
+B+: 0x7f17d9baeec8 0x7f17d9baeecb
+B+: 0x7f17d9baeecc 0x7f17d9baeed9
+B+: 0x7f17d9baeeda 0x7f17d9baeedd
+B+: 0x7f17d9baeede 0x7f17d9baef06
+B+: 0x7f17d9baef07 0x7f17d9baef10
+B+: 0x7f17d9baef11 0x7f17d9baef16
+B+: 0x7f17d9baef17 0x7f17d9baef24
+B+: 0x7f17d9baef25 0x7f17d9baef2d
+B+: 0x7f17d9baf440 0x7f17d9baf46b
+B+: 0x7f17d9baf46c 0x7f17d9baf470
+B+: 0x7f17d9baf471 0x7f17d9baf475
+B+: 0x7f17d9baf536 0x7f17d9baf53e
+B+: 0x7f17d9baf53f 0x7f17d9baf548
+B+: 0x7f17d9baf549 0x7f17d9baf551
+B+: 0x7f17d9baf5d0 0x7f17d9baf5e4
+B+: 0x7f17d9baf5e5 0x7f17d9baf606
+B+: 0x7f17d9baf607 0x7f17d9baf610
+B+: 0x7f17d9baf611 0x7f17d9baf618
+B+: 0x7f17d9baf640 0x7f17d9baf648
+B+: 0x7f17d9baf649 0x7f17d9baf656
+B+: 0x7f17d9baf657 0x7f17d9baf65f
+B+: 0x7f17d9baf660 0x7f17d9baf661
+B+: 0x7f17d9baf760 0x7f17d9baf7aa
+B+: 0x7f17d9baf7ab 0x7f17d9baf7af
+B+: 0x7f17d9baf7b0 0x7f17d9baf7be
+B+: 0x7f17d9baf7c8 0x7f17d9baf7d3
+B+: 0x7f17d9baf7d4 0x7f17d9baf7d8
+B+: 0x7f17d9baf7d9 0x7f17d9baf7e0
+B+: 0x7f17d9baf7e1 0x7f17d9baf7e5
+B+: 0x7f17d9baf7e6 0x7f17d9baf7f3
+B+: 0x7f17d9baf7f4 0x7f17d9baf7fb
+B+: 0x7f17d9baf800 0x7f17d9baf810
+B+: 0x7f17d9baf811 0x7f17d9baf815
+B+: 0x7f17d9baf816 0x7f17d9baf832
+B+: 0x7f17d9baf833 0x7f17d9baf843
+B+: 0x7f17d9baf844 0x7f17d9baf84f
+B+: 0x7f17d9baf850 0x7f17d9baf857
+B+: 0x7f17d9baf858 0x7f17d9baf85c
+B+: 0x7f17d9baf85d 0x7f17d9baf868
+B+: 0x7f17d9baf869 0x7f17d9baf87b
+B+: 0x7f17d9baf87c 0x7f17d9baf884
+B+: 0x7f17d9baf888 0x7f17d9baf897
+B+: 0x7f17d9baf898 0x7f17d9baf89b
+B+: 0x7f17d9baf89c 0x7f17d9baf8b4
+B+: 0x7f17d9baf8b5 0x7f17d9baf8b8
+B+: 0x7f17d9baf8b9 0x7f17d9baf8c6
+B+: 0x7f17d9baf8c7 0x7f17d9baf8d5
+B+: 0x7f17d9bafdc0 0x7f17d9bafdec
+B+: 0x7f17d9bafded 0x7f17d9bafdf2
+B+: 0x7f17d9bafdf3 0x7f17d9bafe04
+B+: 0x7f17d9bafe05 0x7f17d9bafe0d
+B+: 0x7f17d9bafe0e 0x7f17d9bafe1c
+CND+ 0x7f17d9b9e00e: taken
+CND+ 0x7f17d9b9e5ea: not taken
+CND+ 0x7f17d9b9e626: not taken
+CND+ 0x7f17d9b9e63b: taken
+CND+ 0x7f17d9b9e673: not taken
+CND+ 0x7f17d9b9e687: not taken
+CND+ 0x7f17d9b9e695: not taken
+CND+ 0x7f17d9b9e7e2: taken
+CND+ 0x7f17d9b9e862: not taken
+CND+ 0x7f17d9b9e87c: both
+CND+ 0x7f17d9b9e8a9: not taken
+CND+ 0x7f17d9b9ea5d: not taken
+CND+ 0x7f17d9b9ea62: taken
+CND+ 0x7f17d9b9f6e6: not taken
+CND+ 0x7f17d9b9f704: taken
+CND+ 0x7f17d9b9f71a: not taken
+CND+ 0x7f17d9b9f71f: taken
+CND+ 0x7f17d9b9f72f: taken
+CND+ 0x7f17d9b9f74c: not taken
+CND+ 0x7f17d9b9f756: not taken
+CND+ 0x7f17d9b9f78f: not taken
+CND+ 0x7f17d9b9f79b: taken
+CND+ 0x7f17d9ba0079: taken
+CND+ 0x7f17d9ba011b: not taken
+CND+ 0x7f17d9ba0149: not taken
+CND+ 0x7f17d9ba0158: not taken
+CND+ 0x7f17d9ba0190: not taken
+CND+ 0x7f17d9ba01ce: taken
+CND+ 0x7f17d9ba0c20: not taken
+CND+ 0x7f17d9ba0c2d: taken
+CND+ 0x7f17d9ba0c48: not taken
+CND+ 0x7f17d9ba0c5f: both
+CND+ 0x7f17d9ba0c88: not taken
+CND+ 0x7f17d9ba0ed2: taken
+CND+ 0x7f17d9ba0f55: not taken
+CND+ 0x7f17d9ba0f7e: not taken
+CND+ 0x7f17d9ba0f8a: not taken
+CND+ 0x7f17d9ba0f93: both
+CND+ 0x7f17d9ba0fc4: not taken
+CND+ 0x7f17d9ba0fe2: both
+CND+ 0x7f17d9ba0ffb: taken
+CND+ 0x7f17d9ba105a: taken
+CND+ 0x7f17d9ba10af: not taken
+CND+ 0x7f17d9ba10b8: taken
+CND+ 0x7f17d9ba10e0: taken
+CND+ 0x7f17d9ba1116: not taken
+CND+ 0x7f17d9ba115a: not taken
+CND+ 0x7f17d9ba1163: taken
+CND+ 0x7f17d9ba121b: taken
+CND+ 0x7f17d9ba124a: taken
+CND+ 0x7f17d9ba127c: not taken
+CND+ 0x7f17d9ba136a: taken
+CND+ 0x7f17d9ba1520: not taken
+CND+ 0x7f17d9ba1529: not taken
+CND+ 0x7f17d9ba1532: taken
+CND+ 0x7f17d9ba18eb: not taken
+CND+ 0x7f17d9ba1906: both
+CND+ 0x7f17d9ba193d: not taken
+CND+ 0x7f17d9ba1985: both
+CND+ 0x7f17d9ba19f6: taken
+CND+ 0x7f17d9ba1a20: both
+CND+ 0x7f17d9ba1a29: not taken
+CND+ 0x7f17d9ba1a33: not taken
+CND+ 0x7f17d9ba1ae4: not taken
+CND+ 0x7f17d9ba1afb: taken
+CND+ 0x7f17d9ba1b2a: both
+CND+ 0x7f17d9ba1b30: both
+CND+ 0x7f17d9ba1b40: taken
+CND+ 0x7f17d9ba1b60: not taken
+CND+ 0x7f17d9ba1b96: not taken
+CND+ 0x7f17d9ba1be5: taken
+CND+ 0x7f17d9ba1da0: not taken
+CND+ 0x7f17d9ba1da9: not taken
+CND+ 0x7f17d9ba1dc8: both
+CND+ 0x7f17d9ba1dd0: both
+CND+ 0x7f17d9ba1e2e: taken
+CND+ 0x7f17d9ba1e57: not taken
+CND+ 0x7f17d9ba1eac: taken
+CND+ 0x7f17d9ba1ed8: taken
+CND+ 0x7f17d9ba1fa3: not taken
+CND+ 0x7f17d9ba1fc0: taken
+CND+ 0x7f17d9ba2019: not taken
+CND+ 0x7f17d9ba2065: not taken
+CND+ 0x7f17d9ba206f: not taken
+CND+ 0x7f17d9ba2089: both
+CND+ 0x7f17d9ba209d: not taken
+CND+ 0x7f17d9ba20ab: taken
+CND+ 0x7f17d9ba214c: not taken
+CND+ 0x7f17d9ba2156: taken
+CND+ 0x7f17d9ba21cc: taken
+CND+ 0x7f17d9ba21ee: taken
+CND+ 0x7f17d9ba2811: both
+CND+ 0x7f17d9ba281b: not taken
+CND+ 0x7f17d9ba281f: not taken
+CND+ 0x7f17d9ba2839: taken
+CND+ 0x7f17d9ba2859: taken
+CND+ 0x7f17d9ba2861: taken
+CND+ 0x7f17d9ba345f: taken
+CND+ 0x7f17d9ba3626: not taken
+CND+ 0x7f17d9ba36ca: taken
+CND+ 0x7f17d9ba3762: taken
+CND+ 0x7f17d9ba42a4: taken
+CND+ 0x7f17d9ba42bd: not taken
+CND+ 0x7f17d9ba42cd: not taken
+CND+ 0x7f17d9ba430f: taken
+CND+ 0x7f17d9ba4327: taken
+CND+ 0x7f17d9ba433a: not taken
+CND+ 0x7f17d9ba4343: taken
+CND+ 0x7f17d9ba4381: not taken
+CND+ 0x7f17d9ba43d6: taken
+CND+ 0x7f17d9ba43e7: taken
+CND+ 0x7f17d9ba4895: not taken
+CND+ 0x7f17d9ba48a8: not taken
+CND+ 0x7f17d9ba48d2: not taken
+CND+ 0x7f17d9ba4907: not taken
+CND+ 0x7f17d9ba4942: taken
+CND+ 0x7f17d9ba4953: not taken
+CND+ 0x7f17d9ba4963: taken
+CND+ 0x7f17d9ba4a7b: not taken
+CND+ 0x7f17d9ba4dbc: both
+CND+ 0x7f17d9ba4dc9: both
+CND+ 0x7f17d9ba4e03: not taken
+CND+ 0x7f17d9ba4e0d: not taken
+CND+ 0x7f17d9ba4e18: taken
+CND+ 0x7f17d9ba51a1: not taken
+CND+ 0x7f17d9ba51ab: not taken
+CND+ 0x7f17d9ba51e4: taken
+CND+ 0x7f17d9ba51f2: taken
+CND+ 0x7f17d9ba520a: not taken
+CND+ 0x7f17d9ba5225: not taken
+CND+ 0x7f17d9ba522f: not taken
+CND+ 0x7f17d9ba5247: taken
+CND+ 0x7f17d9ba5533: taken
+CND+ 0x7f17d9ba5582: taken
+CND+ 0x7f17d9ba5655: taken
+CND+ 0x7f17d9ba5698: taken
+CND+ 0x7f17d9ba5703: not taken
+CND+ 0x7f17d9ba570c: taken
+CND+ 0x7f17d9ba5725: not taken
+CND+ 0x7f17d9ba5742: not taken
+CND+ 0x7f17d9ba575a: not taken
+CND+ 0x7f17d9ba5765: not taken
+CND+ 0x7f17d9ba5792: not taken
+CND+ 0x7f17d9ba5797: taken
+CND+ 0x7f17d9ba57a9: taken
+CND+ 0x7f17d9ba57ad: not taken
+CND+ 0x7f17d9ba57bc: taken
+CND+ 0x7f17d9ba57ce: taken
+CND+ 0x7f17d9ba5848: taken
+CND+ 0x7f17d9ba5889: not taken
+CND+ 0x7f17d9ba589b: not taken
+CND+ 0x7f17d9ba58a8: taken
+CND+ 0x7f17d9ba5c2f: not taken
+CND+ 0x7f17d9ba5c57: taken
+CND+ 0x7f17d9ba5c65: not taken
+CND+ 0x7f17d9ba5c6e: taken
+CND+ 0x7f17d9ba5c86: not taken
+CND+ 0x7f17d9ba5cae: taken
+CND+ 0x7f17d9ba6366: taken
+CND+ 0x7f17d9ba69d6: taken
+CND+ 0x7f17d9ba6a31: not taken
+CND+ 0x7f17d9ba6a51: taken
+CND+ 0x7f17d9ba6aad: not taken
+CND+ 0x7f17d9ba6ab5: taken
+CND+ 0x7f17d9ba6b00: taken
+CND+ 0x7f17d9ba6b5a: not taken
+CND+ 0x7f17d9ba6b62: not taken
+CND+ 0x7f17d9ba6b6b: not taken
+CND+ 0x7f17d9ba6b75: not taken
+CND+ 0x7f17d9ba6b7f: taken
+CND+ 0x7f17d9ba6b9b: taken
+CND+ 0x7f17d9ba6c3c: taken
+CND+ 0x7f17d9ba6ed9: not taken
+CND+ 0x7f17d9ba6ee6: not taken
+CND+ 0x7f17d9ba6f01: not taken
+CND+ 0x7f17d9ba6f1a: not taken
+CND+ 0x7f17d9ba6f20: not taken
+CND+ 0x7f17d9ba6f26: taken
+CND+ 0x7f17d9ba776c: not taken
+CND+ 0x7f17d9ba778c: not taken
+CND+ 0x7f17d9ba77d8: both
+CND+ 0x7f17d9ba77e1: taken
+CND+ 0x7f17d9ba7806: not taken
+CND+ 0x7f17d9ba7840: not taken
+CND+ 0x7f17d9ba784a: not taken
+CND+ 0x7f17d9ba7965: both
+CND+ 0x7f17d9ba7989: not taken
+CND+ 0x7f17d9ba79b2: not taken
+CND+ 0x7f17d9ba79bc: not taken
+CND+ 0x7f17d9ba79e3: not taken
+CND+ 0x7f17d9ba7a13: taken
+CND+ 0x7f17d9ba7afd: not taken
+CND+ 0x7f17d9ba7b1a: not taken
+CND+ 0x7f17d9ba7b61: taken
+CND+ 0x7f17d9ba8711: not taken
+CND+ 0x7f17d9ba871d: not taken
+CND+ 0x7f17d9ba8722: not taken
+CND+ 0x7f17d9ba8748: not taken
+CND+ 0x7f17d9ba874c: not taken
+CND+ 0x7f17d9ba875f: not taken
+CND+ 0x7f17d9ba87a4: not taken
+CND+ 0x7f17d9ba88f3: both
+CND+ 0x7f17d9ba890f: both
+CND+ 0x7f17d9ba8911: not taken
+CND+ 0x7f17d9ba891a: taken
+CND+ 0x7f17d9ba8a92: not taken
+CND+ 0x7f17d9ba8aba: not taken
+CND+ 0x7f17d9ba8ad5: both
+CND+ 0x7f17d9ba8ade: taken
+CND+ 0x7f17d9ba8af7: not taken
+CND+ 0x7f17d9ba8b01: not taken
+CND+ 0x7f17d9ba8b05: not taken
+CND+ 0x7f17d9ba8b19: taken
+CND+ 0x7f17d9ba8c50: not taken
+CND+ 0x7f17d9ba8c62: taken
+CND+ 0x7f17d9ba8db1: not taken
+CND+ 0x7f17d9ba8dea: both
+CND+ 0x7f17d9ba8e13: not taken
+CND+ 0x7f17d9ba8e20: taken
+CND+ 0x7f17d9ba8e2d: not taken
+CND+ 0x7f17d9ba8e43: not taken
+CND+ 0x7f17d9ba8e4f: both
+CND+ 0x7f17d9ba8e58: not taken
+CND+ 0x7f17d9ba8e72: taken
+CND+ 0x7f17d9ba8ee7: taken
+CND+ 0x7f17d9ba975d: both
+CND+ 0x7f17d9ba976f: not taken
+CND+ 0x7f17d9ba9782: both
+CND+ 0x7f17d9ba9787: both
+CND+ 0x7f17d9ba9795: both
+CND+ 0x7f17d9ba98b1: not taken
+CND+ 0x7f17d9ba98dc: not taken
+CND+ 0x7f17d9ba98ea: not taken
+CND+ 0x7f17d9ba98ec: both
+CND+ 0x7f17d9ba98f5: not taken
+CND+ 0x7f17d9ba98fb: taken
+CND+ 0x7f17d9ba9943: not taken
+CND+ 0x7f17d9ba994c: taken
+CND+ 0x7f17d9ba9983: not taken
+CND+ 0x7f17d9ba9989: both
+CND+ 0x7f17d9ba9990: not taken
+CND+ 0x7f17d9ba99ab: taken
+CND+ 0x7f17d9ba9a0b: taken
+CND+ 0x7f17d9ba9b10: both
+CND+ 0x7f17d9ba9b1c: not taken
+CND+ 0x7f17d9ba9b21: both
+CND+ 0x7f17d9ba9b2f: not taken
+CND+ 0x7f17d9ba9b37: both
+CND+ 0x7f17d9ba9b44: both
+CND+ 0x7f17d9ba9b5e: taken
+CND+ 0x7f17d9ba9b92: both
+CND+ 0x7f17d9ba9b9b: taken
+CND+ 0x7f17d9ba9bfb: taken
+CND+ 0x7f17d9ba9d68: both
+CND+ 0x7f17d9ba9d71: taken
+CND+ 0x7f17d9ba9d8b: not taken
+CND+ 0x7f17d9ba9da3: taken
+CND+ 0x7f17d9ba9ddd: taken
+CND+ 0x7f17d9ba9e02: not taken
+CND+ 0x7f17d9ba9e0b: taken
+CND+ 0x7f17d9ba9e2f: not taken
+CND+ 0x7f17d9ba9e35: taken
+CND+ 0x7f17d9ba9e4f: not taken
+CND+ 0x7f17d9ba9e58: both
+CND+ 0x7f17d9ba9f7d: not taken
+CND+ 0x7f17d9baa02c: not taken
+CND+ 0x7f17d9baa0c7: not taken
+CND+ 0x7f17d9baa0d0: both
+CND+ 0x7f17d9baa0d9: not taken
+CND+ 0x7f17d9baa5a7: both
+CND+ 0x7f17d9baa5ed: not taken
+CND+ 0x7f17d9baa5f2: taken
+CND+ 0x7f17d9baa682: not taken
+CND+ 0x7f17d9baa6a1: not taken
+CND+ 0x7f17d9baa7bb: not taken
+CND+ 0x7f17d9baa835: not taken
+CND+ 0x7f17d9baa870: not taken
+CND+ 0x7f17d9baa88e: not taken
+CND+ 0x7f17d9baa89e: not taken
+CND+ 0x7f17d9baa9ca: both
+CND+ 0x7f17d9baa9ea: taken
+CND+ 0x7f17d9baa9f6: taken
+CND+ 0x7f17d9baaa15: taken
+CND+ 0x7f17d9baaa38: not taken
+CND+ 0x7f17d9baaa48: taken
+CND+ 0x7f17d9baaabb: not taken
+CND+ 0x7f17d9bab14f: not taken
+CND+ 0x7f17d9bab16f: not taken
+CND+ 0x7f17d9bab17e: taken
+CND+ 0x7f17d9baba5f: taken
+CND+ 0x7f17d9babb46: not taken
+CND+ 0x7f17d9babb50: taken
+CND+ 0x7f17d9babb69: taken
+CND+ 0x7f17d9babb93: taken
+CND+ 0x7f17d9babd2b: taken
+CND+ 0x7f17d9babe50: not taken
+CND+ 0x7f17d9bac227: taken
+CND+ 0x7f17d9bac25f: not taken
+CND+ 0x7f17d9bac278: taken
+CND+ 0x7f17d9bac2b9: not taken
+CND+ 0x7f17d9bac2d7: taken
+CND+ 0x7f17d9bac30b: taken
+CND+ 0x7f17d9bac383: taken
+CND+ 0x7f17d9bac3e2: taken
+CND+ 0x7f17d9bac456: taken
+CND+ 0x7f17d9bac488: both
+CND+ 0x7f17d9bac48c: not taken
+CND+ 0x7f17d9bac493: not taken
+CND+ 0x7f17d9bac498: both
+CND+ 0x7f17d9bac4e0: not taken
+CND+ 0x7f17d9bac512: not taken
+CND+ 0x7f17d9bac519: taken
+CND+ 0x7f17d9bac548: not taken
+CND+ 0x7f17d9bac54d: not taken
+CND+ 0x7f17d9bac5c9: not taken
+CND+ 0x7f17d9bac5d7: taken
+CND+ 0x7f17d9bac6f8: taken
+CND+ 0x7f17d9bac7b9: not taken
+CND+ 0x7f17d9bac830: not taken
+CND+ 0x7f17d9bac846: taken
+CND+ 0x7f17d9bac86e: not taken
+CND+ 0x7f17d9bacb09: not taken
+CND+ 0x7f17d9bacb13: not taken
+CND+ 0x7f17d9bacc18: taken
+CND+ 0x7f17d9bacc9d: not taken
+CND+ 0x7f17d9bacdfa: taken
+CND+ 0x7f17d9bae946: both
+CND+ 0x7f17d9bae963: both
+CND+ 0x7f17d9bae968: not taken
+CND+ 0x7f17d9bae96e: not taken
+CND+ 0x7f17d9bae986: not taken
+CND+ 0x7f17d9bae98b: both
+CND+ 0x7f17d9bae99a: both
+CND+ 0x7f17d9bae99f: both
+CND+ 0x7f17d9bae9ac: both
+CND+ 0x7f17d9bae9b7: both
+CND+ 0x7f17d9bae9c4: not taken
+CND+ 0x7f17d9baea10: not taken
+CND+ 0x7f17d9baea15: taken
+CND+ 0x7f17d9baea2e: both
+CND+ 0x7f17d9baea32: both
+CND+ 0x7f17d9baea5c: both
+CND+ 0x7f17d9baeadd: not taken
+CND+ 0x7f17d9baeae2: not taken
+CND+ 0x7f17d9baeafe: not taken
+CND+ 0x7f17d9baeb02: both
+CND+ 0x7f17d9baeb48: both
+CND+ 0x7f17d9baeb52: not taken
+CND+ 0x7f17d9baeb5c: not taken
+CND+ 0x7f17d9baeb65: both
+CND+ 0x7f17d9baeb6b: taken
+CND+ 0x7f17d9baeb75: not taken
+CND+ 0x7f17d9baeb95: not taken
+CND+ 0x7f17d9baeba2: not taken
+CND+ 0x7f17d9baebc4: not taken
+CND+ 0x7f17d9baebce: not taken
+CND+ 0x7f17d9baebf6: taken
+CND+ 0x7f17d9baec24: taken
+CND+ 0x7f17d9baece1: not taken
+CND+ 0x7f17d9baecea: not taken
+CND+ 0x7f17d9baecf3: not taken
+CND+ 0x7f17d9baed25: not taken
+CND+ 0x7f17d9baed53: not taken
+CND+ 0x7f17d9baed5d: not taken
+CND+ 0x7f17d9baeeb5: not taken
+CND+ 0x7f17d9baeeba: not taken
+CND+ 0x7f17d9baeed8: both
+CND+ 0x7f17d9baeedc: taken
+CND+ 0x7f17d9baef0f: not taken
+CND+ 0x7f17d9baef15: not taken
+CND+ 0x7f17d9baf46f: not taken
+CND+ 0x7f17d9baf53d: not taken
+CND+ 0x7f17d9baf547: not taken
+CND+ 0x7f17d9baf605: not taken
+CND+ 0x7f17d9baf60f: not taken
+CND+ 0x7f17d9baf647: not taken
+CND+ 0x7f17d9baf65e: not taken
+CND+ 0x7f17d9baf7bd: taken
+CND+ 0x7f17d9baf7d2: taken
+CND+ 0x7f17d9baf7df: not taken
+CND+ 0x7f17d9baf7e4: both
+CND+ 0x7f17d9baf7fa: taken
+CND+ 0x7f17d9baf856: not taken
+CND+ 0x7f17d9baf85b: taken
+CND+ 0x7f17d9baf87a: not taken
+CND+ 0x7f17d9baf89a: not taken
+CND+ 0x7f17d9baf8b7: not taken
+CND+ 0x7f17d9baf8c5: not taken
+CND+ 0x7f17d9baf8d4: taken
+CND+ 0x7f17d9bafdf1: not taken
+CND+ 0x7f17d9bafe0c: not taken
@0x7f17d9b9e050 to 0x7f17dd6d7a30 4
@0x7f17d9b9e080 to 0x7f17dd677330 2
@0x7f17d9b9e090 to 0x7f17dd719710 1
@0x7f17d9b9e0a0 to 0x7f17dd6efe70 5
@0x7f17d9b9e0d0 to 0x7f17dd68aa20 7
@0x7f17d9b9e0f0 to 0x7f17dd7ae800 4
@0x7f17d9b9e130 to 0x7f17dd71a1e0 1
@0x7f17d9b9e140 to 0x7f17dd68ec10 1
@0x7f17d9b9e150 to 0x7f17dd73c800 4
@0x7f17d9b9e160 to 0x7f17dd719230 1
@0x7f17d9b9e190 to 0x7f17dd7aebc0 8
@0x7f17d9b9e1c0 to 0x7f17dd71a200 1
@0x7f17d9b9e1e0 to 0x7f17dd7ae5d0 1
@0x7f17d9b9e220 to 0x7f17dd71a210 2
@0x7f17d9b9e230 to 0x7f17dd73db10 1
@0x7f17d9ba016e to 0x7f17d9ba01c0 1
@0x7f17d9b9e280 to 0x7f17dd7a9d10 11
@0x7f17d9b9e2a0 to 0x7f17dd68a450 4
@0x7f17d9ba01ac to 0x7f17d9ba0e90 1
@0x7f17d9b9e2d0 to 0x7f17dd7aa100 9
@0x7f17d9b9e320 to 0x7f17dd68b0f0 4
@0x7f17d9b9e330 to 0x7f17dd7af100 6
@0x7f17d9b9e350 to 0x7f17dd71a220 1
@0x7f17d9b9e370 to 0x7f17dd73c800 2
@0x7f17d9b9e390 to 0x7f17dd6d73e0 23
@0x7f17d9b9e3b0 to 0x7f17dd71a230 1
@0x7f17d9b9e3c0 to 0x7f17dd7a9e90 22
@0x7f17d9b9e3e0 to 0x7f17dd75aba0 1
@0x7f17d9b9e410 to 0x7f17dd6d7c80 1
@0x7f17d9b9e460 to 0x7f17dd7af0e0 13
@0x7f17d9b9e510 to 0x7f17dd71a1f0 1
@0x7f17d9b9e560 to 0x7f17dd7194e0 1
@0x7f17d9b9e570 to 0x7f17dd683580 191
@0x7f17d9ba9f91 to 0x7f17d9baa075 1
@0x7f17d9b9e784 to 0x7f17dd676fb0 1
@0x7f17d9bafe01 to 0x7f17d9b9e840 1
@0x7f17d9bac55f to 0x7f17d9bac580 1
@0x7f17d9bac55f to 0x7f17d9bac5c0 1
@0x7f17d9bac55f to 0x7f17d9bac5a8 2
@0x7f17d9baa8af to 0x7f17d9baaa01 180
@0x7f17d9baa8af to 0x7f17d9baa9f0 10
@0x7f17d9baa8af to 0x7f17d9baaa28 1
@0x7f17d9baec19 to 0x7f17d9ba27d0 1
@0x7f17d9baec19 to 0x7f17d9ba9120 1
