MODULE_NAME: /bin/dash
MODULE_START: 0x7f4bdeee1000
+B+: 0x7f4bdeee5000 0x7f4bdeee500f
+B+: 0x7f4bdeee5012 0x7f4bdeee5016
+B+: 0x7f4bdeee5050 0x7f4bdeee5055
+B+: 0x7f4bdeee5080 0x7f4bdeee5085
+B+: 0x7f4bdeee5090 0x7f4bdeee5095
+B+: 0x7f4bdeee50a0 0x7f4bdeee50a5
+B+: 0x7f4bdeee50d0 0x7f4bdeee50d5
+B+: 0x7f4bdeee50f0 0x7f4bdeee50f5
+B+: 0x7f4bdeee5130 0x7f4bdeee5135
+B+: 0x7f4bdeee5140 0x7f4bdeee5145
+B+: 0x7f4bdeee5150 0x7f4bdeee5155
+B+: 0x7f4bdeee5160 0x7f4bdeee5165
+B+: 0x7f4bdeee5190 0x7f4bdeee5195
+B+: 0x7f4bdeee51c0 0x7f4bdeee51c5
+B+: 0x7f4bdeee51e0 0x7f4bdeee51e5
+B+: 0x7f4bdeee5220 0x7f4bdeee5225
+B+: 0x7f4bdeee5230 0x7f4bdeee5235
+B+: 0x7f4bdeee5280 0x7f4bdeee5285
+B+: 0x7f4bdeee52a0 0x7f4bdeee52a5
+B+: 0x7f4bdeee52d0 0x7f4bdeee52d5
+B+: 0x7f4bdeee5320 0x7f4bdeee5325
+B+: 0x7f4bdeee5330 0x7f4bdeee5335
+B+: 0x7f4bdeee5350 0x7f4bdeee5355
+B+: 0x7f4bdeee5370 0x7f4bdeee5375
+B+: 0x7f4bdeee5390 0x7f4bdeee5395
+B+: 0x7f4bdeee53b0 0x7f4bdeee53b5
+B+: 0x7f4bdeee53c0 0x7f4bdeee53c5
+B+: 0x7f4bdeee53e0 0x7f4bdeee53e5
+B+: 0x7f4bdeee5410 0x7f4bdeee5415
+B+: 0x7f4bdeee5460 0x7f4bdeee5465
+B+: 0x7f4bdeee5510 0x7f4bdeee5515
+B+: 0x7f4bdeee5560 0x7f4bdeee5565
+B+: 0x7f4bdeee5570 0x7f4bdeee5575
+B+: 0x7f4bdeee5590 0x7f4bdeee55b8
+B+: 0x7f4bdeee55b9 0x7f4bdeee55c4
+B+: 0x7f4bdeee55c5 0x7f4bdeee55cf
+B+: 0x7f4bdeee55d0 0x7f4bdeee55e7
+B+: 0x7f4bdeee55e8 0x7f4bdeee55ef
+B+: 0x7f4bdeee55f0 0x7f4bdeee5600
+B+: 0x7f4bdeee5601 0x7f4bdeee560b
+B+: 0x7f4bdeee560c 0x7f4bdeee5615
+B+: 0x7f4bdeee5616 0x7f4bdeee5623
+B+: 0x7f4bdeee5624 0x7f4bdeee562b
+B+: 0x7f4bdeee562c 0x7f4bdeee563c
+B+: 0x7f4bdeee5657 0x7f4bdeee5660
+B+: 0x7f4bdeee5661 0x7f4bdeee5678
+B+: 0x7f4bdeee5679 0x7f4bdeee567f
+B+: 0x7f4bdeee5680 0x7f4bdeee568c
+B+: 0x7f4bdeee568d 0x7f4bdeee5696
+B+: 0x7f4bdeee5697 0x7f4bdeee569b
+B+: 0x7f4bdeee5760 0x7f4bdeee5789
+B+: 0x7f4bdeee57c0 0x7f4bdeee57e3
+B+: 0x7f4bdeee57f8 0x7f4bdeee57f8
+B+: 0x7f4bdeee5840 0x7f4bdeee5844
+B+: 0x7f4bdeee5850 0x7f4bdeee5863
+B+: 0x7f4bdeee5864 0x7f4bdeee586f
+B+: 0x7f4bdeee5870 0x7f4bdeee587d
+B+: 0x7f4bdeee587e 0x7f4bdeee58aa
+B+: 0x7f4bdeee58ab 0x7f4bdeee58ac
+B+: 0x7f4bdeee58cb 0x7f4bdeee58d2
+B+: 0x7f4bdeee5a50 0x7f4bdeee5a57
+B+: 0x7f4bdeee5a58 0x7f4bdeee5a5e
+B+: 0x7f4bdeee5a5f 0x7f4bdeee5a63
+B+: 0x7f4bdeee5a71 0x7f4bdeee5a72
+B+: 0x7f4bdeee66d0 0x7f4bdeee66eb
+B+: 0x7f4bdeee66ec 0x7f4bdeee6705
+B+: 0x7f4bdeee6717 0x7f4bdeee671b
+B+: 0x7f4bdeee671c 0x7f4bdeee6720
+B+: 0x7f4bdeee672c 0x7f4bdeee6730
+B+: 0x7f4bdeee673e 0x7f4bdeee674d
+B+: 0x7f4bdeee674e 0x7f4bdeee6757
+B+: 0x7f4bdeee6758 0x7f4bdeee6775
+B+: 0x7f4bdeee6780 0x7f4bdeee6788
+B+: 0x7f4bdeee6789 0x7f4bdeee6790
+B+: 0x7f4bdeee6791 0x7f4bdeee679c
+B+: 0x7f4bdeee7060 0x7f4bdeee707e
+B+: 0x7f4bdeee710d 0x7f4bdeee711c
+B+: 0x7f4bdeee711d 0x7f4bdeee7123
+B+: 0x7f4bdeee7140 0x7f4bdeee714a
+B+: 0x7f4bdeee714b 0x7f4bdeee7152
+B+: 0x7f4bdeee7153 0x7f4bdeee715d
+B+: 0x7f4bdeee715e 0x7f4bdeee716f
+B+: 0x7f4bdeee7188 0x7f4bdeee718c
+B+: 0x7f4bdeee718d 0x7f4bdeee7191
+B+: 0x7f4bdeee7192 0x7f4bdeee719c
+B+: 0x7f4bdeee71a7 0x7f4bdeee71ad
+B+: 0x7f4bdeee71ae 0x7f4bdeee71b5
+B+: 0x7f4bdeee71c0 0x7f4bdeee71cf
+B+: 0x7f4bdeee7bc0 0x7f4bdeee7bfa
+B+: 0x7f4bdeee7bfb 0x7f4bdeee7c07
+B+: 0x7f4bdeee7c08 0x7f4bdeee7c0f
+B+: 0x7f4bdeee7c10 0x7f4bdeee7c11
+B+: 0x7f4bdeee7c18 0x7f4bdeee7c21
+B+: 0x7f4bdeee7c22 0x7f4bdeee7c2e
+B+: 0x7f4bdeee7c32 0x7f4bdeee7c39
+B+: 0x7f4bdeee7c3a 0x7f4bdeee7c49
+B+: 0x7f4bdeee7c4a 0x7f4bdeee7c51
+B+: 0x7f4bdeee7c52 0x7f4bdeee7c58
+B+: 0x7f4bdeee7c59 0x7f4bdeee7c60
+B+: 0x7f4bdeee7c61 0x7f4bdeee7c68
+B+: 0x7f4bdeee7c69 0x7f4bdeee7c6d
+B+: 0x7f4bdeee7c6e 0x7f4bdeee7c77
+B+: 0x7f4bdeee7c78 0x7f4bdeee7c89
+B+: 0x7f4bdeee7c8a 0x7f4bdeee7c98
+B+: 0x7f4bdeee7e90 0x7f4bdeee7ed3
+B+: 0x7f4bdeee7edf 0x7f4bdeee7ef5
+B+: 0x7f4bdeee7ef6 0x7f4bdeee7efa
+B+: 0x7f4bdeee7efb 0x7f4bdeee7f5a
+B+: 0x7f4bdeee7f5b 0x7f4bdeee7f67
+B+: 0x7f4bdeee7f68 0x7f4bdeee7f77
+B+: 0x7f4bdeee7f78 0x7f4bdeee7f7f
+B+: 0x7f4bdeee7f80 0x7f4bdeee7f8b
+B+: 0x7f4bdeee7f8c 0x7f4bdeee7f94
+B+: 0x7f4bdeee7f95 0x7f4bdeee7f9b
+B+: 0x7f4bdeee7fa0 0x7f4bdeee7faf
+B+: 0x7f4bdeee7fb0 0x7f4bdeee7fc5
+B+: 0x7f4bdeee7fc6 0x7f4bdeee7fcf
+B+: 0x7f4bdeee7fd0 0x7f4bdeee7fe3
+B+: 0x7f4bdeee7fe4 0x7f4bdeee7ffc
+B+: 0x7f4bdeee8019 0x7f4bdeee802b
+B+: 0x7f4bdeee802c 0x7f4bdeee8034
+B+: 0x7f4bdeee8035 0x7f4bdeee8047
+B+: 0x7f4bdeee8048 0x7f4bdeee805b
+B+: 0x7f4bdeee80a8 0x7f4bdeee80b4
+B+: 0x7f4bdeee80b5 0x7f4bdeee80b9
+B+: 0x7f4bdeee80db 0x7f4bdeee80e1
+B+: 0x7f4bdeee80f0 0x7f4bdeee8103
+B+: 0x7f4bdeee8104 0x7f4bdeee8113
+B+: 0x7f4bdeee8114 0x7f4bdeee811b
+B+: 0x7f4bdeee811c 0x7f4bdeee8122
+B+: 0x7f4bdeee8123 0x7f4bdeee8152
+B+: 0x7f4bdeee8153 0x7f4bdeee815f
+B+: 0x7f4bdeee8160 0x7f4bdeee8168
+B+: 0x7f4bdeee8216 0x7f4bdeee821c
+B+: 0x7f4bdeee8224 0x7f4bdeee822d
+B+: 0x7f4bdeee822e 0x7f4bdeee8237
+B+: 0x7f4bdeee8238 0x7f4bdeee8241
+B+: 0x7f4bdeee8242 0x7f4bdeee824b
+B+: 0x7f4bdeee825d 0x7f4bdeee8266
+B+: 0x7f4bdeee8267 0x7f4bdeee8281
+B+: 0x7f4bdeee8282 0x7f4bdeee8293
+B+: 0x7f4bdeee834c 0x7f4bdeee8353
+B+: 0x7f4bdeee8354 0x7f4bdeee836f
+B+: 0x7f4bdeee851b 0x7f4bdeee8525
+B+: 0x7f4bdeee8526 0x7f4bdeee852e
+B+: 0x7f4bdeee852f 0x7f4bdeee8537
+B+: 0x7f4bdeee88d0 0x7f4bdeee88ec
+B+: 0x7f4bdeee88ed 0x7f4bdeee88f1
+B+: 0x7f4bdeee88f8 0x7f4bdeee88fa
+B+: 0x7f4bdeee88fb 0x7f4bdeee8907
+B+: 0x7f4bdeee8908 0x7f4bdeee893e
+B+: 0x7f4bdeee893f 0x7f4bdeee8940
+B+: 0x7f4bdeee8963 0x7f4bdeee8977
+B+: 0x7f4bdeee8980 0x7f4bdeee8986
+B+: 0x7f4bdeee8987 0x7f4bdeee898e
+B+: 0x7f4bdeee898f 0x7f4bdeee8997
+B+: 0x7f4bdeee8998 0x7f4bdeee89ba
+B+: 0x7f4bdeee89bb 0x7f4bdeee89bc
+B+: 0x7f4bdeee89c0 0x7f4bdeee89e7
+B+: 0x7f4bdeee89e8 0x7f4bdeee89f7
+B+: 0x7f4bdeee8a19 0x7f4bdeee8a21
+B+: 0x7f4bdeee8a22 0x7f4bdeee8a2a
+B+: 0x7f4bdeee8a2b 0x7f4bdeee8a34
+B+: 0x7f4bdeee8a35 0x7f4bdeee8a3f
+B+: 0x7f4bdeee8ad0 0x7f4bdeee8ae9
+B+: 0x7f4bdeee8aea 0x7f4bdeee8b00
+B+: 0x7f4bdeee8b10 0x7f4bdeee8b1f
+B+: 0x7f4bdeee8b20 0x7f4bdeee8b2b
+B+: 0x7f4bdeee8b2c 0x7f4bdeee8b31
+B+: 0x7f4bdeee8b32 0x7f4bdeee8b41
+B+: 0x7f4bdeee8b56 0x7f4bdeee8b61
+B+: 0x7f4bdeee8b62 0x7f4bdeee8b6f
+B+: 0x7f4bdeee8b70 0x7f4bdeee8b85
+B+: 0x7f4bdeee8b86 0x7f4bdeee8b97
+B+: 0x7f4bdeee8b98 0x7f4bdeee8bc0
+B+: 0x7f4bdeee8bc8 0x7f4bdeee8bcc
+B+: 0x7f4bdeee8bcd 0x7f4bdeee8bea
+B+: 0x7f4bdeee8d70 0x7f4bdeee8d98
+B+: 0x7f4bdeee8da0 0x7f4bdeee8da1
+B+: 0x7f4bdeee8da2 0x7f4bdeee8daa
+B+: 0x7f4bdeee8dab 0x7f4bdeee8dc5
+B+: 0x7f4bdeee8dc6 0x7f4bdeee8dc9
+B+: 0x7f4bdeee8dca 0x7f4bdeee8dd1
+B+: 0x7f4bdeee8dd2 0x7f4bdeee8de6
+B+: 0x7f4bdeee8df0 0x7f4bdeee8e2a
+B+: 0x7f4bdeee8e2b 0x7f4bdeee8e2f
+B+: 0x7f4bdeee8e46 0x7f4bdeee8e5c
+B+: 0x7f4bdeee8e5d 0x7f4bdeee8e6e
+B+: 0x7f4bdeee8e90 0x7f4bdeee8ead
+B+: 0x7f4bdeee8ec8 0x7f4bdeee8ed1
+B+: 0x7f4bdeee8ed2 0x7f4bdeee8edd
+B+: 0x7f4bdeee8f6c 0x7f4bdeee8f8f
+B+: 0x7f4bdeee8f90 0x7f4bdeee8f9c
+B+: 0x7f4bdeee8f9d 0x7f4bdeee8fa8
+B+: 0x7f4bdeee8fa9 0x7f4bdeee8fb0
+B+: 0x7f4bdeee8fb1 0x7f4bdeee8fc5
+B+: 0x7f4bdeee9008 0x7f4bdeee9012
+B+: 0x7f4bdeee9013 0x7f4bdeee901e
+B+: 0x7f4bdeee901f 0x7f4bdeee902e
+B+: 0x7f4bdeee9060 0x7f4bdeee9066
+B+: 0x7f4bdeee9067 0x7f4bdeee9074
+B+: 0x7f4bdeee9075 0x7f4bdeee9086
+B+: 0x7f4bdeee9087 0x7f4bdeee908e
+B+: 0x7f4bdeee908f 0x7f4bdeee90a2
+B+: 0x7f4bdeee90a3 0x7f4bdeee90b0
+B+: 0x7f4bdeee9100 0x7f4bdeee9116
+B+: 0x7f4bdeee9145 0x7f4bdeee914d
+B+: 0x7f4bdeee914e 0x7f4bdeee9157
+B+: 0x7f4bdeee9160 0x7f4bdeee9166
+B+: 0x7f4bdeee91c0 0x7f4bdeee91d1
+B+: 0x7f4bdeee91e8 0x7f4bdeee91ef
+B+: 0x7f4bdeee9248 0x7f4bdeee925b
+B+: 0x7f4bdeee925c 0x7f4bdeee9271
+B+: 0x7f4bdeee97d0 0x7f4bdeee97ff
+B+: 0x7f4bdeee980f 0x7f4bdeee9812
+B+: 0x7f4bdeee9813 0x7f4bdeee981c
+B+: 0x7f4bdeee981d 0x7f4bdeee9820
+B+: 0x7f4bdeee9821 0x7f4bdeee982f
+B+: 0x7f4bdeee9830 0x7f4bdeee983a
+B+: 0x7f4bdeee984f 0x7f4bdeee985a
+B+: 0x7f4bdeee985f 0x7f4bdeee9862
+B+: 0x7f4bdeee9870 0x7f4bdeee9877
+B+: 0x7f4bdeee9878 0x7f4bdeee988d
+B+: 0x7f4bdeeea440 0x7f4bdeeea464
+B+: 0x7f4bdeeea61e 0x7f4bdeeea627
+B+: 0x7f4bdeeea628 0x7f4bdeeea631
+B+: 0x7f4bdeeea632 0x7f4bdeeea659
+B+: 0x7f4bdeeea6af 0x7f4bdeeea6bc
+B+: 0x7f4bdeeea6c0 0x7f4bdeeea6cb
+B+: 0x7f4bdeeea730 0x7f4bdeeea73b
+B+: 0x7f4bdeeea740 0x7f4bdeeea75e
+B+: 0x7f4bdeeea75f 0x7f4bdeeea767
+B+: 0x7f4bdeeea7d2 0x7f4bdeeea7e3
+B+: 0x7f4bdeeea8a0 0x7f4bdeeea8a7
+B+: 0x7f4bdeeeb260 0x7f4bdeeeb2a5
+B+: 0x7f4bdeeeb2b5 0x7f4bdeeeb2be
+B+: 0x7f4bdeeeb2bf 0x7f4bdeeeb2d2
+B+: 0x7f4bdeeeb2d3 0x7f4bdeeeb2fc
+B+: 0x7f4bdeeeb2fd 0x7f4bdeeeb310
+B+: 0x7f4bdeeeb324 0x7f4bdeeeb328
+B+: 0x7f4bdeeeb336 0x7f4bdeeeb33f
+B+: 0x7f4bdeeeb340 0x7f4bdeeeb344
+B+: 0x7f4bdeeeb370 0x7f4bdeeeb386
+B+: 0x7f4bdeeeb387 0x7f4bdeeeb398
+B+: 0x7f4bdeeeb3a0 0x7f4bdeeeb3b6
+B+: 0x7f4bdeeeb3b7 0x7f4bdeeeb3d7
+B+: 0x7f4bdeeeb3dd 0x7f4bdeeeb3ec
+B+: 0x7f4bdeeeb850 0x7f4bdeeeb886
+B+: 0x7f4bdeeeb887 0x7f4bdeeeb89a
+B+: 0x7f4bdeeeb89b 0x7f4bdeeeb8ad
+B+: 0x7f4bdeeeb8ae 0x7f4bdeeeb8c4
+B+: 0x7f4bdeeeb8c5 0x7f4bdeeeb8d7
+B+: 0x7f4bdeeeb8d8 0x7f4bdeeeb8e7
+B+: 0x7f4bdeeeb8e8 0x7f4bdeeeb90c
+B+: 0x7f4bdeeeb90d 0x7f4bdeeeb915
+B+: 0x7f4bdeeeb924 0x7f4bdeeeb933
+B+: 0x7f4bdeeeb934 0x7f4bdeeeb947
+B+: 0x7f4bdeeeb948 0x7f4bdeeeb954
+B+: 0x7f4bdeeeb955 0x7f4bdeeeb95f
+B+: 0x7f4bdeeeb960 0x7f4bdeeeb964
+B+: 0x7f4bdeeeba6a 0x7f4bdeeeba7c
+B+: 0x7f4bdeeeba7d 0x7f4bdeeeba9c
+B+: 0x7f4bdeeebba0 0x7f4bdeeebbad
+B+: 0x7f4bdeeebbae 0x7f4bdeeebbe1
+B+: 0x7f4bdeeebbf0 0x7f4bdeeebbfb
+B+: 0x7f4bdeeebdb0 0x7f4bdeeebdbd
+B+: 0x7f4bdeeebdbe 0x7f4bdeeebdca
+B+: 0x7f4bdeeebdcb 0x7f4bdeeebde3
+B+: 0x7f4bdeeebde8 0x7f4bdeeebdf4
+B+: 0x7f4bdeeebdf8 0x7f4bdeeebe04
+B+: 0x7f4bdeeebe05 0x7f4bdeeebe12
+B+: 0x7f4bdeeebe13 0x7f4bdeeebe1d
+B+: 0x7f4bdeeebeb4 0x7f4bdeeebec1
+B+: 0x7f4bdeeec160 0x7f4bdeeec174
+B+: 0x7f4bdeeec175 0x7f4bdeeec187
+B+: 0x7f4bdeeec188 0x7f4bdeeec1a2
+B+: 0x7f4bdeeec1a3 0x7f4bdeeec1ac
+B+: 0x7f4bdeeec1ad 0x7f4bdeeec1b3
+B+: 0x7f4bdeeec1d0 0x7f4bdeeec1e5
+B+: 0x7f4bdeeec1eb 0x7f4bdeeec1f3
+B+: 0x7f4bdeeec205 0x7f4bdeeec20b
+B+: 0x7f4bdeeec20c 0x7f4bdeeec21d
+B+: 0x7f4bdeeec21e 0x7f4bdeeec226
+B+: 0x7f4bdeeec227 0x7f4bdeeec230
+B+: 0x7f4bdeeec231 0x7f4bdeeec232
+B+: 0x7f4bdeeec240 0x7f4bdeeec248
+B+: 0x7f4bdeeec260 0x7f4bdeeec260
+B+: 0x7f4bdeeec520 0x7f4bdeeec534
+B+: 0x7f4bdeeec572 0x7f4bdeeec578
+B+: 0x7f4bdeeec580 0x7f4bdeeec583
+B+: 0x7f4bdeeec610 0x7f4bdeeec656
+B+: 0x7f4bdeeec65b 0x7f4bdeeec686
+B+: 0x7f4bdeeec687 0x7f4bdeeec69d
+B+: 0x7f4bdeeec6fc 0x7f4bdeeec708
+B+: 0x7f4bdeeec709 0x7f4bdeeec711
+B+: 0x7f4bdeeec712 0x7f4bdeeec72a
+B+: 0x7f4bdeeec72b 0x7f4bdeeec73c
+B+: 0x7f4bdeeec740 0x7f4bdeeec747
+B+: 0x7f4bdeeec748 0x7f4bdeeec75f
+B+: 0x7f4bdeeec760 0x7f4bdeeec766
+B+: 0x7f4bdeeec767 0x7f4bdeeec780
+B+: 0x7f4bdeeec790 0x7f4bdeeec793
+B+: 0x7f4bdeeec794 0x7f4bdeeec798
+B+: 0x7f4bdeeec7a2 0x7f4bdeeec7aa
+B+: 0x7f4bdeeec7ab 0x7f4bdeeec7ae
+B+: 0x7f4bdeeec7af 0x7f4bdeeec7bd
+B+: 0x7f4bdeeec7cb 0x7f4bdeeec7d3
+B+: 0x7f4bdeeec825 0x7f4bdeeec841
+B+: 0x7f4bdeeec842 0x7f4bdeeec84d
+B+: 0x7f4bdeeec87e 0x7f4bdeeec88e
+B+: 0x7f4bdeeec88f 0x7f4bdeeec8a0
+B+: 0x7f4bdeeec8a1 0x7f4bdeeec8ad
+B+: 0x7f4bdeeecc10 0x7f4bdeeecc30
+B+: 0x7f4bdeeecc31 0x7f4bdeeecc58
+B+: 0x7f4bdeeecc5e 0x7f4bdeeecc66
+B+: 0x7f4bdeeecc67 0x7f4bdeeecc6f
+B+: 0x7f4bdeeecc78 0x7f4bdeeecc87
+B+: 0x7f4bdeeecc88 0x7f4bdeeecc89
+B+: 0x7f4bdeeecca0 0x7f4bdeeeccaf
+B+: 0x7f4bdeeeccba 0x7f4bdeeeccc4
+B+: 0x7f4bdeeecce0 0x7f4bdeeecce8
+B+: 0x7f4bdeeed360 0x7f4bdeeed36b
+B+: 0x7f4bdeeed480 0x7f4bdeeed480
+B+: 0x7f4bdeeed9c0 0x7f4bdeeed9db
+B+: 0x7f4bdeeeda16 0x7f4bdeeeda32
+B+: 0x7f4bdeeeda33 0x7f4bdeeeda52
+B+: 0x7f4bdeeeda63 0x7f4bdeeeda6a
+B+: 0x7f4bdeeeda90 0x7f4bdeeedaa6
+B+: 0x7f4bdeeedaa7 0x7f4bdeeedaae
+B+: 0x7f4bdeeedaaf 0x7f4bdeeedab6
+B+: 0x7f4bdeeedaf6 0x7f4bdeeedb01
+B+: 0x7f4bdeeedb0c 0x7f4bdeeedb34
+B+: 0x7f4bdeeedb40 0x7f4bdeeedb57
+B+: 0x7f4bdeeedb58 0x7f4bdeeedb5f
+B+: 0x7f4bdeeedb60 0x7f4bdeeedb67
+B+: 0x7f4bdeeedb68 0x7f4bdeeedb70
+B+: 0x7f4bdeeedb71 0x7f4bdeeedb7a
+B+: 0x7f4bdeeedb7b 0x7f4bdeeedb80
+B+: 0x7f4bdeeedb97 0x7f4bdeeedb9c
+B+: 0x7f4bdeeedc0a 0x7f4bdeeedc3d
+B+: 0x7f4bdeeedc47 0x7f4bdeeedc53
+B+: 0x7f4bdeeeded0 0x7f4bdeeedede
+B+: 0x7f4bdeeededf 0x7f4bdeeedee7
+B+: 0x7f4bdeeedee8 0x7f4bdeeedefc
+B+: 0x7f4bdeeedefd 0x7f4bdeeedf02
+B+: 0x7f4bdeeedf03 0x7f4bdeeedf1b
+B+: 0x7f4bdeeedf1c 0x7f4bdeeedf21
+B+: 0x7f4bdeeedf22 0x7f4bdeeedf2b
+B+: 0x7f4bdeeedfc0 0x7f4bdeeedfc7
+B+: 0x7f4bdeeedfc8 0x7f4bdeeedfd0
+B+: 0x7f4bdeeee760 0x7f4bdeeee768
+B+: 0x7f4bdeeee769 0x7f4bdeeee76d
+B+: 0x7f4bdeeee76e 0x7f4bdeeee772
+B+: 0x7f4bdeeee780 0x7f4bdeeee788
+B+: 0x7f4bdeeee789 0x7f4bdeeee78d
+B+: 0x7f4bdeeee78e 0x7f4bdeeee792
+B+: 0x7f4bdeeee7c0 0x7f4bdeeee7d9
+B+: 0x7f4bdeeee7da 0x7f4bdeeee7e6
+B+: 0x7f4bdeeee7f7 0x7f4bdeeee802
+B+: 0x7f4bdeeee803 0x7f4bdeeee80b
+B+: 0x7f4bdeeee80c 0x7f4bdeeee841
+B+: 0x7f4bdeeee842 0x7f4bdeeee84b
+B+: 0x7f4bdeeee84c 0x7f4bdeeee852
+B+: 0x7f4bdeeee853 0x7f4bdeeee875
+B+: 0x7f4bdeeee880 0x7f4bdeeee88e
+B+: 0x7f4bdeeee8b0 0x7f4bdeeee8c8
+B+: 0x7f4bdeeee900 0x7f4bdeeee941
+B+: 0x7f4bdeeee950 0x7f4bdeeee966
+B+: 0x7f4bdeeee967 0x7f4bdeeee97e
+B+: 0x7f4bdeeee97f 0x7f4bdeeee98a
+B+: 0x7f4bdeeee98b 0x7f4bdeeee9b3
+B+: 0x7f4bdeeee9b4 0x7f4bdeeee9bd
+B+: 0x7f4bdeeee9be 0x7f4bdeeee9bf
+B+: 0x7f4bdeeee9d0 0x7f4bdeeee9e8
+B+: 0x7f4bdeeee9e9 0x7f4bdeeeea14
+B+: 0x7f4bdeeeea1e 0x7f4bdeeeea25
+B+: 0x7f4bdeeeea26 0x7f4bdeeeea33
+B+: 0x7f4bdeeeea34 0x7f4bdeeeea46
+B+: 0x7f4bdeeeeae0 0x7f4bdeeeeafe
+B+: 0x7f4bdeeeeaff 0x7f4bdeeeeb0c
+B+: 0x7f4bdeeeeb0d 0x7f4bdeeeeb1b
+B+: 0x7f4bdeeeeb1c 0x7f4bdeeeeb2c
+B+: 0x7f4bdeeeeb40 0x7f4bdeeeeb62
+B+: 0x7f4bdeeeeb98 0x7f4bdeeeeba9
+B+: 0x7f4bdeeef6d0 0x7f4bdeeef6f4
+B+: 0x7f4bdeeef6f5 0x7f4bdeeef70d
+B+: 0x7f4bdeeef70e 0x7f4bdeeef712
+B+: 0x7f4bdeeef713 0x7f4bdeeef71e
+B+: 0x7f4bdeeef71f 0x7f4bdeeef723
+B+: 0x7f4bdeeef724 0x7f4bdeeef728
+B+: 0x7f4bdeeef729 0x7f4bdeeef730
+B+: 0x7f4bdeeef73c 0x7f4bdeeef749
+B+: 0x7f4bdeeef74a 0x7f4bdeeef74d
+B+: 0x7f4bdeeef74e 0x7f4bdeeef760
+B+: 0x7f4bdeeef761 0x7f4bdeeef76b
+B+: 0x7f4bdeeef790 0x7f4bdeeef79d
+B+: 0x7f4bdeeef79e 0x7f4bdeeef7a5
+B+: 0x7f4bdeeef7a6 0x7f4bdeeef7a7
+B+: 0x7f4bdeeef890 0x7f4bdeeef89d
+B+: 0x7f4bdeeef89e 0x7f4bdeeef8a9
+B+: 0x7f4bdeeef8aa 0x7f4bdeeef8bd
+B+: 0x7f4bdeeef8c0 0x7f4bdeeef8ca
+B+: 0x7f4bdeeef8d0 0x7f4bdeeef8ef
+B+: 0x7f4bdeeef8f0 0x7f4bdeeef8f4
+B+: 0x7f4bdeeef8f5 0x7f4bdeeef90c
+B+: 0x7f4bdeeef90d 0x7f4bdeeef910
+B+: 0x7f4bdeeef911 0x7f4bdeeef912
+B+: 0x7f4bdeeef913 0x7f4bdeeef91b
+B+: 0x7f4bdeeef91c 0x7f4bdeeef930
+B+: 0x7f4bdeeef938 0x7f4bdeeef93c
+B+: 0x7f4bdeeef980 0x7f4bdeeef98f
+B+: 0x7f4bdeeef990 0x7f4bdeeef99b
+B+: 0x7f4bdeeef99c 0x7f4bdeeef9ab
+B+: 0x7f4bdeeefa80 0x7f4bdeeefa93
+B+: 0x7f4bdeeefa94 0x7f4bdeeefaac
+B+: 0x7f4bdeeefaad 0x7f4bdeeefabf
+B+: 0x7f4bdeeefac0 0x7f4bdeeefada
+B+: 0x7f4bdeeefadb 0x7f4bdeeefae3
+B+: 0x7f4bdeeefaec 0x7f4bdeeefaf8
+B+: 0x7f4bdeeefaf9 0x7f4bdeeefb02
+B+: 0x7f4bdeeefb03 0x7f4bdeeefb06
+B+: 0x7f4bdeeefb07 0x7f4bdeeefb1a
+B+: 0x7f4bdeeefc49 0x7f4bdeeefc55
+B+: 0x7f4bdeeefc56 0x7f4bdeeefc67
+B+: 0x7f4bdeeefc82 0x7f4bdeeefc93
+B+: 0x7f4bdeeefd77 0x7f4bdeeefd82
+B+: 0x7f4bdeeefda0 0x7f4bdeeefdb2
+B+: 0x7f4bdeeefdb3 0x7f4bdeeefddf
+B+: 0x7f4bdeeefde0 0x7f4bdeeefdeb
+B+: 0x7f4bdeeefdec 0x7f4bdeeefdfc
+B+: 0x7f4bdeeefdfd 0x7f4bdeeefe18
+B+: 0x7f4bdeeefe19 0x7f4bdeeefe25
+B+: 0x7f4bdeeefe26 0x7f4bdeeefe2e
+B+: 0x7f4bdeeefe2f 0x7f4bdeeefe3f
+B+: 0x7f4bdeeefe40 0x7f4bdeeefe44
+B+: 0x7f4bdeeefe45 0x7f4bdeeefe50
+B+: 0x7f4bdeeefe51 0x7f4bdeeefe5d
+B+: 0x7f4bdeeefe5e 0x7f4bdeeefe77
+B+: 0x7f4bdeeefece 0x7f4bdeeefed2
+B+: 0x7f4bdeeefed3 0x7f4bdeeefede
+B+: 0x7f4bdeeefee0 0x7f4bdeeefeec
+B+: 0x7f4bdeeeff60 0x7f4bdeeeff7c
+B+: 0x7f4bdeef0120 0x7f4bdeef0128
+B+: 0x7f4bdeef0129 0x7f4bdeef0147
+B+: 0x7f4bdeef0750 0x7f4bdeef075e
+B+: 0x7f4bdeef075f 0x7f4bdeef0763
+B+: 0x7f4bdeef0764 0x7f4bdeef0770
+B+: 0x7f4bdeef0771 0x7f4bdeef0777
+B+: 0x7f4bdeef0778 0x7f4bdeef0783
+B+: 0x7f4bdeef0784 0x7f4bdeef0788
+B+: 0x7f4bdeef0789 0x7f4bdeef078d
+B+: 0x7f4bdeef078e 0x7f4bdeef0796
+B+: 0x7f4bdeef0797 0x7f4bdeef079e
+B+: 0x7f4bdeef0890 0x7f4bdeef0892
+B+: 0x7f4bdeef08a7 0x7f4bdeef08ab
+B+: 0x7f4bdeef08ac 0x7f4bdeef08b2
+B+: 0x7f4bdeef08b3 0x7f4bdeef08b6
+B+: 0x7f4bdeef08d0 0x7f4bdeef08e1
+B+: 0x7f4bdeef08e2 0x7f4bdeef08e6
+B+: 0x7f4bdeef08e7 0x7f4bdeef08eb
+B+: 0x7f4bdeef08ec 0x7f4bdeef08f1
+B+: 0x7f4bdeef08f2 0x7f4bdeef08fa
+B+: 0x7f4bdeef08fb 0x7f4bdeef08fc
+B+: 0x7f4bdeef0940 0x7f4bdeef0948
+B+: 0x7f4bdeef0949 0x7f4bdeef0951
+B+: 0x7f4bdeef0980 0x7f4bdeef0988
+B+: 0x7f4bdeef0989 0x7f4bdeef098a
+B+: 0x7f4bdeef098b 0x7f4bdeef0991
+B+: 0x7f4bdeef0992 0x7f4bdeef09a2
+B+: 0x7f4bdeef09a8 0x7f4bdeef09ac
+B+: 0x7f4bdeef09eb 0x7f4bdeef0a00
+B+: 0x7f4bdeef0a08 0x7f4bdeef0a10
+B+: 0x7f4bdeef0af0 0x7f4bdeef0b11
+B+: 0x7f4bdeef0b12 0x7f4bdeef0b16
+B+: 0x7f4bdeef0b17 0x7f4bdeef0b1d
+B+: 0x7f4bdeef0b1e 0x7f4bdeef0b26
+B+: 0x7f4bdeef0b27 0x7f4bdeef0b34
+B+: 0x7f4bdeef0b35 0x7f4bdeef0b3c
+B+: 0x7f4bdeef0b3d 0x7f4bdeef0b49
+B+: 0x7f4bdeef0b4a 0x7f4bdeef0b5a
+B+: 0x7f4bdeef0b5b 0x7f4bdeef0b63
+B+: 0x7f4bdeef0b7f 0x7f4bdeef0b93
+B+: 0x7f4bdeef0b94 0x7f4bdeef0b9c
+B+: 0x7f4bdeef0be0 0x7f4bdeef0bf7
+B+: 0x7f4bdeef0bf8 0x7f4bdeef0c00
+B+: 0x7f4bdeef0c1b 0x7f4bdeef0c2b
+B+: 0x7f4bdeef0d40 0x7f4bdeef0d5e
+B+: 0x7f4bdeef0d5f 0x7f4bdeef0d6d
+B+: 0x7f4bdeef0d6e 0x7f4bdeef0d72
+B+: 0x7f4bdeef0d7d 0x7f4bdeef0d90
+B+: 0x7f4bdeef0d91 0x7f4bdeef0d95
+B+: 0x7f4bdeef0d96 0x7f4bdeef0d9a
+B+: 0x7f4bdeef0da0 0x7f4bdeef0da4
+B+: 0x7f4bdeef0dd5 0x7f4bdeef0dd9
+B+: 0x7f4bdeef0dda 0x7f4bdeef0dde
+B+: 0x7f4bdeef0df0 0x7f4bdeef0dfb
+B+: 0x7f4bdeef0dfc 0x7f4bdeef0e07
+B+: 0x7f4bdeef0e08 0x7f4bdeef0e10
+B+: 0x7f4bdeef0e2c 0x7f4bdeef0e30
+B+: 0x7f4bdeef0e31 0x7f4bdeef0e36
+B+: 0x7f4bdeef0e41 0x7f4bdeef0e45
+B+: 0x7f4bdeef0e46 0x7f4bdeef0e54
+B+: 0x7f4bdeef0e55 0x7f4bdeef0e5d
+B+: 0x7f4bdeef0e5e 0x7f4bdeef0e62
+B+: 0x7f4bdeef0e63 0x7f4bdeef0e74
+B+: 0x7f4bdeef0e78 0x7f4bdeef0e84
+B+: 0x7f4bdeef0ea0 0x7f4bdeef0ea4
+B+: 0x7f4bdeef0ef0 0x7f4bdeef0f03
+B+: 0x7f4bdeef0f40 0x7f4bdeef0f76
+B+: 0x7f4bdeef0f77 0x7f4bdeef0f82
+B+: 0x7f4bdeef0f83 0x7f4bdeef0f92
+B+: 0x7f4bdeef101b 0x7f4bdeef1031
+B+: 0x7f4bdeef1032 0x7f4bdeef1040
+B+: 0x7f4bdeef1075 0x7f4bdeef10b8
+B+: 0x7f4bdeef10b9 0x7f4bdeef10c3
+B+: 0x7f4bdeef10c4 0x7f4bdeef10cc
+B+: 0x7f4bdeef10cd 0x7f4bdeef10d5
+B+: 0x7f4bdeef10d6 0x7f4bdeef10de
+B+: 0x7f4bdeef10df 0x7f4bdeef1106
+B+: 0x7f4bdeef1107 0x7f4bdeef1133
+B+: 0x7f4bdeef1578 0x7f4bdeef1581
+B+: 0x7f4bdeef1582 0x7f4bdeef15a8
+B+: 0x7f4bdeef15a9 0x7f4bdeef15b6
+B+: 0x7f4bdeef15d0 0x7f4bdeef15e0
+B+: 0x7f4bdeef15e1 0x7f4bdeef15ee
+B+: 0x7f4bdeef15ef 0x7f4bdeef15f3
+B+: 0x7f4bdeef1670 0x7f4bdeef167e
+B+: 0x7f4bdeef167f 0x7f4bdeef1683
+B+: 0x7f4bdeef1684 0x7f4bdeef1692
+B+: 0x7f4bdeef1693 0x7f4bdeef169a
+B+: 0x7f4bdeef169b 0x7f4bdeef16a2
+B+: 0x7f4bdeef16a3 0x7f4bdeef16b7
+B+: 0x7f4bdeef1790 0x7f4bdeef17bc
+B+: 0x7f4bdeef17bd 0x7f4bdeef17d4
+B+: 0x7f4bdeef17e0 0x7f4bdeef183a
+B+: 0x7f4bdeef183b 0x7f4bdeef1875
+B+: 0x7f4bdeef1876 0x7f4bdeef1893
+B+: 0x7f4bdeef1894 0x7f4bdeef18a3
+B+: 0x7f4bdeef18a4 0x7f4bdeef18b0
+B+: 0x7f4bdeef19b4 0x7f4bdeef19b8
+B+: 0x7f4bdeef19b9 0x7f4bdeef19cf
+B+: 0x7f4bdeef19d0 0x7f4bdeef19dc
+B+: 0x7f4bdeef19dd 0x7f4bdeef19ef
+B+: 0x7f4bdeef19f0 0x7f4bdeef19f7
+B+: 0x7f4bdeef1a01 0x7f4bdeef1a16
+B+: 0x7f4bdeef1a28 0x7f4bdeef1a3d
+B+: 0x7f4bdeef1a3e 0x7f4bdeef1a4d
+B+: 0x7f4bdeef1a79 0x7f4bdeef1a97
+B+: 0x7f4bdeef1a98 0x7f4bdeef1ac0
+B+: 0x7f4bdeef1ac1 0x7f4bdeef1acf
+B+: 0x7f4bdeef2148 0x7f4bdeef2154
+B+: 0x7f4bdeef2155 0x7f4bdeef2174
+B+: 0x7f4bdeef2175 0x7f4bdeef217f
+B+: 0x7f4bdeef21ac 0x7f4bdeef21b0
+B+: 0x7f4bdeef21b1 0x7f4bdeef21b5
+B+: 0x7f4bdeef2a40 0x7f4bdeef2a64
+B+: 0x7f4bdeef2b10 0x7f4bdeef2b1a
+B+: 0x7f4bdeef2b40 0x7f4bdeef2b47
+B+: 0x7f4bdeef2b48 0x7f4bdeef2b51
+B+: 0x7f4bdeef2b58 0x7f4bdeef2b60
+B+: 0x7f4bdeef2b61 0x7f4bdeef2b6a
+B+: 0x7f4bdeef2b88 0x7f4bdeef2b8c
+B+: 0x7f4bdeef2b8d 0x7f4bdeef2b94
+B+: 0x7f4bdeef2ba0 0x7f4bdeef2ba4
+B+: 0x7f4bdeef2d00 0x7f4bdeef2d30
+B+: 0x7f4bdeef2e3f 0x7f4bdeef2e55
+B+: 0x7f4bdeef2e56 0x7f4bdeef2e67
+B+: 0x7f4bdeef31e0 0x7f4bdeef3222
+B+: 0x7f4bdeef3223 0x7f4bdeef3228
+B+: 0x7f4bdeef324c 0x7f4bdeef3260
+B+: 0x7f4bdeef3261 0x7f4bdeef3269
+B+: 0x7f4bdeef3270 0x7f4bdeef3279
+B+: 0x7f4bdeef3288 0x7f4bdeef32a0
+B+: 0x7f4bdeef32a1 0x7f4bdeef32ba
+B+: 0x7f4bdeef32bb 0x7f4bdeef32bc
+B+: 0x7f4bdeef32d0 0x7f4bdeef32d8
+B+: 0x7f4bdeef32f8 0x7f4bdeef32f8
+B+: 0x7f4bdeef3300 0x7f4bdeef330c
+B+: 0x7f4bdeef333f 0x7f4bdeef3343
+B+: 0x7f4bdeef3380 0x7f4bdeef3384
+B+: 0x7f4bdeef33d0 0x7f4bdeef33e3
+B+: 0x7f4bdeef3400 0x7f4bdeef3400
+B+: 0x7f4bdeef3420 0x7f4bdeef345b
+B+: 0x7f4bdeef3467 0x7f4bdeef3471
+B+: 0x7f4bdeef3472 0x7f4bdeef3489
+B+: 0x7f4bdeef348a 0x7f4bdeef348d
+B+: 0x7f4bdeef348e 0x7f4bdeef3494
+B+: 0x7f4bdeef3495 0x7f4bdeef349d
+B+: 0x7f4bdeef349e 0x7f4bdeef34a9
+B+: 0x7f4bdeef34aa 0x7f4bdeef34c2
+B+: 0x7f4bdeef34c3 0x7f4bdeef34ce
+B+: 0x7f4bdeef34cf 0x7f4bdeef34e5
+B+: 0x7f4bdeef34e6 0x7f4bdeef34f5
+B+: 0x7f4bdeef3500 0x7f4bdeef350e
+B+: 0x7f4bdeef350f 0x7f4bdeef3513
+B+: 0x7f4bdeef3514 0x7f4bdeef351e
+B+: 0x7f4bdeef3540 0x7f4bdeef3549
+B+: 0x7f4bdeef354a 0x7f4bdeef354e
+B+: 0x7f4bdeef354f 0x7f4bdeef3560
+B+: 0x7f4bdeef3568 0x7f4bdeef3577
+B+: 0x7f4bdeef3580 0x7f4bdeef3589
+B+: 0x7f4bdeef35a8 0x7f4bdeef35bb
+B+: 0x7f4bdeef35c0 0x7f4bdeef35ce
+B+: 0x7f4bdeef35cf 0x7f4bdeef35dc
+B+: 0x7f4bdeef36f0 0x7f4bdeef36fd
+B+: 0x7f4bdeef37a0 0x7f4bdeef37a0
+B+: 0x7f4bdeef37b0 0x7f4bdeef37ba
+B+: 0x7f4bdeef37bb 0x7f4bdeef37ce
+B+: 0x7f4bdeef37cf 0x7f4bdeef37d8
+B+: 0x7f4bdeef37d9 0x7f4bdeef37e6
+B+: 0x7f4bdeef3800 0x7f4bdeef382d
+B+: 0x7f4bdeef382e 0x7f4bdeef3831
+B+: 0x7f4bdeef3832 0x7f4bdeef3847
+B+: 0x7f4bdeef3864 0x7f4bdeef386b
+B+: 0x7f4bdeef386c 0x7f4bdeef386f
+B+: 0x7f4bdeef3870 0x7f4bdeef3876
+B+: 0x7f4bdeef3877 0x7f4bdeef387b
+B+: 0x7f4bdeef387c 0x7f4bdeef3886
+B+: 0x7f4bdeef3ae0 0x7f4bdeef3b01
+B+: 0x7f4bdeef3b02 0x7f4bdeef3b0a
+B+: 0x7f4bdeef3b0b 0x7f4bdeef3b14
+B+: 0x7f4bdeef3b15 0x7f4bdeef3b19
+B+: 0x7f4bdeef3c00 0x7f4bdeef3c19
+B+: 0x7f4bdeef3c51 0x7f4bdeef3c8e
+B+: 0x7f4bdeef3c8f 0x7f4bdeef3c9e
+B+: 0x7f4bdeef3c9f 0x7f4bdeef3ca6
+B+: 0x7f4bdeef3df0 0x7f4bdeef3dfb
+B+: 0x7f4bdeef3e20 0x7f4bdeef3e20
+B+: 0x7f4bdeef3e30 0x7f4bdeef3e38
+B+: 0x7f4bdeef5940 0x7f4bdeef594b
+B+: 0x7f4bdeef594c 0x7f4bdeef5957
+B+: 0x7f4bdeef5958 0x7f4bdeef5964
+B+: 0x7f4bdeef5965 0x7f4bdeef5969
+B+: 0x7f4bdeef596a 0x7f4bdeef596f
+B+: 0x7f4bdeef5970 0x7f4bdeef5976
+B+: 0x7f4bdeef5980 0x7f4bdeef5987
+B+: 0x7f4bdeef5988 0x7f4bdeef598c
+B+: 0x7f4bdeef598d 0x7f4bdeef599b
+B+: 0x7f4bdeef599c 0x7f4bdeef59a0
+B+: 0x7f4bdeef59a1 0x7f4bdeef59a8
+B+: 0x7f4bdeef59a9 0x7f4bdeef59ad
+B+: 0x7f4bdeef59ae 0x7f4bdeef59b8
+B+: 0x7f4bdeef59b9 0x7f4bdeef59b9
+B+: 0x7f4bdeef59c0 0x7f4bdeef59c5
+B+: 0x7f4bdeef59c6 0x7f4bdeef59c9
+B+: 0x7f4bdeef59d0 0x7f4bdeef59d0
+B+: 0x7f4bdeef59d1 0x7f4bdeef59d5
+B+: 0x7f4bdeef59d6 0x7f4bdeef59d9
+B+: 0x7f4bdeef59e0 0x7f4bdeef59ff
+B+: 0x7f4bdeef5a00 0x7f4bdeef5a11
+B+: 0x7f4bdeef5a12 0x7f4bdeef5a16
+B+: 0x7f4bdeef5a20 0x7f4bdeef5a22
+B+: 0x7f4bdeef5a23 0x7f4bdeef5a2f
+B+: 0x7f4bdeef5a30 0x7f4bdeef5a33
+B+: 0x7f4bdeef5a34 0x7f4bdeef5a5d
+B+: 0x7f4bdeef5a5e 0x7f4bdeef5a62
+B+: 0x7f4bdeef5a63 0x7f4bdeef5a82
+B+: 0x7f4bdeef5ac0 0x7f4bdeef5ade
+B+: 0x7f4bdeef5adf 0x7f4bdeef5ae3
+B+: 0x7f4bdeef5ae4 0x7f4bdeef5ae8
+B+: 0x7f4bdeef5af0 0x7f4bdeef5af2
+B+: 0x7f4bdeef5af3 0x7f4bdeef5aff
+B+: 0x7f4bdeef5b00 0x7f4bdeef5b03
+B+: 0x7f4bdeef5b04 0x7f4bdeef5b3e
+B+: 0x7f4bdeef5b3f 0x7f4bdeef5b49
+B+: 0x7f4bdeef5b4a 0x7f4bdeef5b57
+B+: 0x7f4bdeef5b58 0x7f4bdeef5b5d
+B+: 0x7f4bdeef5b5e 0x7f4bdeef5b66
+B+: 0x7f4bdeef5b67 0x7f4bdeef5b70
+B+: 0x7f4bdeef5b71 0x7f4bdeef5b7a
+B+: 0x7f4bdeef5b7b 0x7f4bdeef5b9a
+B+: 0x7f4bdeef5b9b 0x7f4bdeef5ba3
+B+: 0x7f4bdeef5ba4 0x7f4bdeef5bbd
+B+: 0x7f4bdeef5bc0 0x7f4bdeef5bc5
+B+: 0x7f4bdeef5bc6 0x7f4bdeef5bcf
+B+: 0x7f4bdeef5bd0 0x7f4bdeef5bd9
+B+: 0x7f4bdeef5bda 0x7f4bdeef5bf7
+B+: 0x7f4bdeef5c08 0x7f4bdeef5c14
+B+: 0x7f4bdeef5c15 0x7f4bdeef5c1b
+B+: 0x7f4bdeef5c1c 0x7f4bdeef5c29
+B+: 0x7f4bdeef5cb0 0x7f4bdeef5cca
+B+: 0x7f4bdeef5ccb 0x7f4bdeef5cda
+B+: 0x7f4bdeef5cdb 0x7f4bdeef5ce6
+B+: 0x7f4bdeef5ce7 0x7f4bdeef5cef
+B+: 0x7f4bdeef5cf0 0x7f4bdeef5cf4
+B+: 0x7f4bdeef5cf5 0x7f4bdeef5cfc
+B+: 0x7f4bdeef5cfd 0x7f4bdeef5d10
+B+: 0x7f4bdeef5d11 0x7f4bdeef5d21
+B+: 0x7f4bdeef5d22 0x7f4bdeef5d26
+B+: 0x7f4bdeef5d27 0x7f4bdeef5d38
+B+: 0x7f4bdeef5d39 0x7f4bdeef5d4b
+B+: 0x7f4bdeef5d4c 0x7f4bdeef5d54
+B+: 0x7f4bdeef5d55 0x7f4bdeef5d5e
+B+: 0x7f4bdeef5d5f 0x7f4bdeef5d6d
+B+: 0x7f4bdeef5ea0 0x7f4bdeef5eb6
+B+: 0x7f4bdeef5eb7 0x7f4bdeef5ebb
+B+: 0x7f4bdeef5ebc 0x7f4bdeef5ec0
+B+: 0x7f4bdeef5ec8 0x7f4bdeef5ecb
+B+: 0x7f4bdeef5ecc 0x7f4bdeef5ed9
+B+: 0x7f4bdeef5eda 0x7f4bdeef5edd
+B+: 0x7f4bdeef5ede 0x7f4bdeef5f06
+B+: 0x7f4bdeef5f07 0x7f4bdeef5f10
+B+: 0x7f4bdeef5f11 0x7f4bdeef5f16
+B+: 0x7f4bdeef5f17 0x7f4bdeef5f24
+B+: 0x7f4bdeef5f25 0x7f4bdeef5f2d
+B+: 0x7f4bdeef6440 0x7f4bdeef646b
+B+: 0x7f4bdeef646c 0x7f4bdeef6470
+B+: 0x7f4bdeef6471 0x7f4bdeef6475
+B+: 0x7f4bdeef6536 0x7f4bdeef653e
+B+: 0x7f4bdeef653f 0x7f4bdeef6548
+B+: 0x7f4bdeef6549 0x7f4bdeef6551
+B+: 0x7f4bdeef65d0 0x7f4bdeef65e4
+B+: 0x7f4bdeef65e5 0x7f4bdeef6606
+B+: 0x7f4bdeef6607 0x7f4bdeef6610
+B+: 0x7f4bdeef6611 0x7f4bdeef6618
+B+: 0x7f4bdeef6640 0x7f4bdeef6648
+B+: 0x7f4bdeef6649 0x7f4bdeef6656
+B+: 0x7f4bdeef6657 0x7f4bdeef665f
+B+: 0x7f4bdeef6660 0x7f4bdeef6661
+B+: 0x7f4bdeef6760 0x7f4bdeef67aa
+B+: 0x7f4bdeef67ab 0x7f4bdeef67af
+B+: 0x7f4bdeef67b0 0x7f4bdeef67be
+B+: 0x7f4bdeef67c8 0x7f4bdeef67d3
+B+: 0x7f4bdeef67d4 0x7f4bdeef67d8
+B+: 0x7f4bdeef67d9 0x7f4bdeef67e0
+B+: 0x7f4bdeef67e1 0x7f4bdeef67e5
+B+: 0x7f4bdeef67e6 0x7f4bdeef67f3
+B+: 0x7f4bdeef67f4 0x7f4bdeef67fb
+B+: 0x7f4bdeef6800 0x7f4bdeef6810
+B+: 0x7f4bdeef6811 0x7f4bdeef6815
+B+: 0x7f4bdeef6816 0x7f4bdeef6832
+B+: 0x7f4bdeef6833 0x7f4bdeef6843
+B+: 0x7f4bdeef6844 0x7f4bdeef684f
+B+: 0x7f4bdeef6850 0x7f4bdeef6857
+B+: 0x7f4bdeef6858 0x7f4bdeef685c
+B+: 0x7f4bdeef685d 0x7f4bdeef6868
+B+: 0x7f4bdeef6869 0x7f4bdeef687b
+B+: 0x7f4bdeef687c 0x7f4bdeef6884
+B+: 0x7f4bdeef6888 0x7f4bdeef6897
+B+: 0x7f4bdeef6898 0x7f4bdeef689b
+B+: 0x7f4bdeef689c 0x7f4bdeef68b4
+B+: 0x7f4bdeef68b5 0x7f4bdeef68b8
+B+: 0x7f4bdeef68b9 0x7f4bdeef68c6
+B+: 0x7f4bdeef68c7 0x7f4bdeef68d5
+B+: 0x7f4bdeef6dc0 0x7f4bdeef6dec
+B+: 0x7f4bdeef6ded 0x7f4bdeef6df2
+B+: 0x7f4bdeef6df3 0x7f4bdeef6e04
+B+: 0x7f4bdeef6e05 0x7f4bdeef6e0d
+B+: 0x7f4bdeef6e0e 0x7f4bdeef6e1c
+CND+ 0x7f4bdeee500e: taken
+CND+ 0x7f4bdeee55ea: not taken
+CND+ 0x7f4bdeee5626: not taken
+CND+ 0x7f4bdeee563b: taken
+CND+ 0x7f4bdeee5673: not taken
+CND+ 0x7f4bdeee5687: not taken
+CND+ 0x7f4bdeee5695: not taken
+CND+ 0x7f4bdeee57e2: taken
+CND+ 0x7f4bdeee5862: not taken
+CND+ 0x7f4bdeee587c: both
+CND+ 0x7f4bdeee58a9: not taken
+CND+ 0x7f4bdeee5a5d: not taken
+CND+ 0x7f4bdeee5a62: taken
+CND+ 0x7f4bdeee66e6: not taken
+CND+ 0x7f4bdeee6704: taken
+CND+ 0x7f4bdeee671a: not taken
+CND+ 0x7f4bdeee671f: taken
+CND+ 0x7f4bdeee672f: taken
+CND+ 0x7f4bdeee674c: not taken
+CND+ 0x7f4bdeee6756: not taken
+CND+ 0x7f4bdeee678f: not taken
+CND+ 0x7f4bdeee679b: taken
+CND+ 0x7f4bdeee7079: taken
+CND+ 0x7f4bdeee711b: not taken
+CND+ 0x7f4bdeee7149: not taken
+CND+ 0x7f4bdeee7158: not taken
+CND+ 0x7f4bdeee7190: not taken
+CND+ 0x7f4bdeee71ce: taken
+CND+ 0x7f4bdeee7c20: not taken
+CND+ 0x7f4bdeee7c2d: taken
+CND+ 0x7f4bdeee7c48: not taken
+CND+ 0x7f4bdeee7c5f: both
+CND+ 0x7f4bdeee7c88: not taken
+CND+ 0x7f4bdeee7ed2: taken
+CND+ 0x7f4bdeee7f55: not taken
+CND+ 0x7f4bdeee7f7e: not taken
+CND+ 0x7f4bdeee7f8a: not taken
+CND+ 0x7f4bdeee7f93: both
+CND+ 0x7f4bdeee7fc4: not taken
+CND+ 0x7f4bdeee7fe2: both
+CND+ 0x7f4bdeee7ffb: taken
+CND+ 0x7f4bdeee805a: taken
+CND+ 0x7f4bdeee80af: not taken
+CND+ 0x7f4bdeee80b8: taken
+CND+ 0x7f4bdeee80e0: taken
+CND+ 0x7f4bdeee8116: not taken
+CND+ 0x7f4bdeee815a: not taken
+CND+ 0x7f4bdeee8163: taken
+CND+ 0x7f4bdeee821b: taken
+CND+ 0x7f4bdeee824a: taken
+CND+ 0x7f4bdeee827c: not taken
+CND+ 0x7f4bdeee836a: taken
+CND+ 0x7f4bdeee8520: not taken
+CND+ 0x7f4bdeee8529: not taken
+CND+ 0x7f4bdeee8532: taken
+CND+ 0x7f4bdeee88eb: not taken
+CND+ 0x7f4bdeee8906: both
+CND+ 0x7f4bdeee893d: not taken
+CND+ 0x7f4bdeee8985: both
+CND+ 0x7f4bdeee89f6: taken
+CND+ 0x7f4bdeee8a20: both
+CND+ 0x7f4bdeee8a29: not taken
+CND+ 0x7f4bdeee8a33: not taken
+CND+ 0x7f4bdeee8ae4: not taken
+CND+ 0x7f4bdeee8afb: taken
+CND+ 0x7f4bdeee8b2a: both
+CND+ 0x7f4bdeee8b30: both
+CND+ 0x7f4bdeee8b40: taken
+CND+ 0x7f4bdeee8b60: not taken
+CND+ 0x7f4bdeee8b96: not taken
+CND+ 0x7f4bdeee8be5: taken
+CND+ 0x7f4bdeee8da0: not taken
+CND+ 0x7f4bdeee8da9: not taken
+CND+ 0x7f4bdeee8dc8: both
+CND+ 0x7f4bdeee8dd0: both
+CND+ 0x7f4bdeee8e2e: taken
+CND+ 0x7f4bdeee8e57: not taken
+CND+ 0x7f4bdeee8eac: taken
+CND+ 0x7f4bdeee8ed8: taken
+CND+ 0x7f4bdeee8fa3: not taken
+CND+ 0x7f4bdeee8fc0: taken
+CND+ 0x7f4bdeee9019: not taken
+CND+ 0x7f4bdeee9065: not taken
+CND+ 0x7f4bdeee906f: not taken
+CND+ 0x7f4bdeee9089: both
+CND+ 0x7f4bdeee909d: not taken
+CND+ 0x7f4bdeee90ab: taken
+CND+ 0x7f4bdeee914c: not taken
+CND+ 0x7f4bdeee9156: taken
+CND+ 0x7f4bdeee91cc: taken
+CND+ 0x7f4bdeee91ee: taken
+CND+ 0x7f4bdeee9811: both
+CND+ 0x7f4bdeee981b: not taken
+CND+ 0x7f4bdeee981f: not taken
+CND+ 0x7f4bdeee9839: taken
+CND+ 0x7f4bdeee9859: taken
+CND+ 0x7f4bdeee9861: taken
+CND+ 0x7f4bdeeea45f: taken
+CND+ 0x7f4bdeeea626: not taken
+CND+ 0x7f4bdeeea6ca: taken
+CND+ 0x7f4bdeeea762: taken
+CND+ 0x7f4bdeeeb2a4: taken
+CND+ 0x7f4bdeeeb2bd: not taken
+CND+ 0x7f4bdeeeb2cd: not taken
+CND+ 0x7f4bdeeeb30f: taken
+CND+ 0x7f4bdeeeb327: taken
+CND+ 0x7f4bdeeeb33a: not taken
+CND+ 0x7f4bdeeeb343: taken
+CND+ 0x7f4bdeeeb381: not taken
+CND+ 0x7f4bdeeeb3d6: taken
+CND+ 0x7f4bdeeeb3e7: taken
+CND+ 0x7f4bdeeeb895: not taken
+CND+ 0x7f4bdeeeb8a8: not taken
+CND+ 0x7f4bdeeeb8d2: not taken
+CND+ 0x7f4bdeeeb907: not taken
+CND+ 0x7f4bdeeeb942: taken
+CND+ 0x7f4bdeeeb953: not taken
+CND+ 0x7f4bdeeeb963: taken
+CND+ 0x7f4bdeeeba7b: not taken
+CND+ 0x7f4bdeeebdbc: both
+CND+ 0x7f4bdeeebdc9: both
+CND+ 0x7f4bdeeebe03: not taken
+CND+ 0x7f4bdeeebe0d: not taken
+CND+ 0x7f4bdeeebe18: taken
+CND+ 0x7f4bdeeec1a1: not taken
+CND+ 0x7f4bdeeec1ab: not taken
+CND+ 0x7f4bdeeec1e4: taken
+CND+ 0x7f4bdeeec1f2: taken
+CND+ 0x7f4bdeeec20a: not taken
+CND+ 0x7f4bdeeec225: not taken
+CND+ 0x7f4bdeeec22f: not taken
+CND+ 0x7f4bdeeec247: taken
+CND+ 0x7f4bdeeec533: taken
+CND+ 0x7f4bdeeec582: taken
+CND+ 0x7f4bdeeec655: taken
+CND+ 0x7f4bdeeec698: taken
+CND+ 0x7f4bdeeec703: not taken
+CND+ 0x7f4bdeeec70c: taken
+CND+ 0x7f4bdeeec725: not taken
+CND+ 0x7f4bdeeec742: not taken
+CND+ 0x7f4bdeeec75a: not taken
+CND+ 0x7f4bdeeec765: not taken
+CND+ 0x7f4bdeeec792: not taken
+CND+ 0x7f4bdeeec797: taken
+CND+ 0x7f4bdeeec7a9: taken
+CND+ 0x7f4bdeeec7ad: not taken
+CND+ 0x7f4bdeeec7bc: taken
+CND+ 0x7f4bdeeec7ce: taken
+CND+ 0x7f4bdeeec848: taken
+CND+ 0x7f4bdeeec889: not taken
+CND+ 0x7f4bdeeec89b: not taken
+CND+ 0x7f4bdeeec8a8: taken
+CND+ 0x7f4bdeeecc2f: not taken
+CND+ 0x7f4bdeeecc57: taken
+CND+ 0x7f4bdeeecc65: not taken
+CND+ 0x7f4bdeeecc6e: taken
+CND+ 0x7f4bdeeecc86: not taken
+CND+ 0x7f4bdeeeccae: taken
+CND+ 0x7f4bdeeed366: taken
+CND+ 0x7f4bdeeed9d6: taken
+CND+ 0x7f4bdeeeda31: not taken
+CND+ 0x7f4bdeeeda51: taken
+CND+ 0x7f4bdeeedaad: not taken
+CND+ 0x7f4bdeeedab5: taken
+CND+ 0x7f4bdeeedb00: taken
+CND+ 0x7f4bdeeedb5a: not taken
+CND+ 0x7f4bdeeedb62: not taken
+CND+ 0x7f4bdeeedb6b: not taken
+CND+ 0x7f4bdeeedb75: not taken
+CND+ 0x7f4bdeeedb7f: taken
+CND+ 0x7f4bdeeedb9b: taken
+CND+ 0x7f4bdeeedc3c: taken
+CND+ 0x7f4bdeeeded9: not taken
+CND+ 0x7f4bdeeedee6: not taken
+CND+ 0x7f4bdeeedf01: not taken
+CND+ 0x7f4bdeeedf1a: not taken
+CND+ 0x7f4bdeeedf20: not taken
+CND+ 0x7f4bdeeedf26: taken
+CND+ 0x7f4bdeeee76c: not taken
+CND+ 0x7f4bdeeee78c: not taken
+CND+ 0x7f4bdeeee7d8: both
+CND+ 0x7f4bdeeee7e1: taken
+CND+ 0x7f4bdeeee806: not taken
+CND+ 0x7f4bdeeee840: not taken
+CND+ 0x7f4bdeeee84a: not taken
+CND+ 0x7f4bdeeee965: both
+CND+ 0x7f4bdeeee989: not taken
+CND+ 0x7f4bdeeee9b2: not taken
+CND+ 0x7f4bdeeee9bc: not taken
+CND+ 0x7f4bdeeee9e3: not taken
+CND+ 0x7f4bdeeeea13: taken
+CND+ 0x7f4bdeeeeafd: not taken
+CND+ 0x7f4bdeeeeb1a: not taken
+CND+ 0x7f4bdeeeeb61: taken
+CND+ 0x7f4bdeeef711: not taken
+CND+ 0x7f4bdeeef71d: not taken
+CND+ 0x7f4bdeeef722: not taken
+CND+ 0x7f4bdeeef748: not taken
+CND+ 0x7f4bdeeef74c: not taken
+CND+ 0x7f4bdeeef75f: not taken
+CND+ 0x7f4bdeeef7a4: not taken
+CND+ 0x7f4bdeeef8f3: both
+CND+ 0x7f4bdeeef90f: both
+CND+ 0x7f4bdeeef911: not taken
+CND+ 0x7f4bdeeef91a: taken
+CND+ 0x7f4bdeeefa92: not taken
+CND+ 0x7f4bdeeefaba: not taken
+CND+ 0x7f4bdeeefad5: both
+CND+ 0x7f4bdeeefade: taken
+CND+ 0x7f4bdeeefaf7: not taken
+CND+ 0x7f4bdeeefb01: not taken
+CND+ 0x7f4bdeeefb05: not taken
+CND+ 0x7f4bdeeefb19: taken
+CND+ 0x7f4bdeeefc50: not taken
+CND+ 0x7f4bdeeefc62: taken
+CND+ 0x7f4bdeeefdb1: not taken
+CND+ 0x7f4bdeeefdea: both
+CND+ 0x7f4bdeeefe13: not taken
+CND+ 0x7f4bdeeefe20: taken
+CND+ 0x7f4bdeeefe2d: not taken
+CND+ 0x7f4bdeeefe43: not taken
+CND+ 0x7f4bdeeefe4f: both
+CND+ 0x7f4bdeeefe58: not taken
+CND+ 0x7f4bdeeefe72: taken
+CND+ 0x7f4bdeeefee7: taken
+CND+ 0x7f4bdeef075d: both
+CND+ 0x7f4bdeef076f: not taken
+CND+ 0x7f4bdeef0782: both
+CND+ 0x7f4bdeef0787: both
+CND+ 0x7f4bdeef0795: both
+CND+ 0x7f4bdeef08b1: not taken
+CND+ 0x7f4bdeef08dc: not taken
+CND+ 0x7f4bdeef08ea: not taken
+CND+ 0x7f4bdeef08ec: both
+CND+ 0x7f4bdeef08f5: not taken
+CND+ 0x7f4bdeef08fb: taken
+CND+ 0x7f4bdeef0943: not taken
+CND+ 0x7f4bdeef094c: taken
+CND+ 0x7f4bdeef0983: not taken
+CND+ 0x7f4bdeef0989: both
+CND+ 0x7f4bdeef0990: not taken
+CND+ 0x7f4bdeef09ab: taken
+CND+ 0x7f4bdeef0a0b: taken
+CND+ 0x7f4bdeef0b10: both
+CND+ 0x7f4bdeef0b1c: not taken
+CND+ 0x7f4bdeef0b21: both
+CND+ 0x7f4bdeef0b2f: not taken
+CND+ 0x7f4bdeef0b37: both
+CND+ 0x7f4bdeef0b44: both
+CND+ 0x7f4bdeef0b5e: taken
+CND+ 0x7f4bdeef0b92: both
+CND+ 0x7f4bdeef0b9b: taken
+CND+ 0x7f4bdeef0bfb: taken
+CND+ 0x7f4bdeef0d68: both
+CND+ 0x7f4bdeef0d71: taken
+CND+ 0x7f4bdeef0d8b: not taken
+CND+ 0x7f4bdeef0da3: taken
+CND+ 0x7f4bdeef0ddd: taken
+CND+ 0x7f4bdeef0e02: not taken
+CND+ 0x7f4bdeef0e0b: taken
+CND+ 0x7f4bdeef0e2f: not taken
+CND+ 0x7f4bdeef0e35: taken
+CND+ 0x7f4bdeef0e4f: not taken
+CND+ 0x7f4bdeef0e58: both
+CND+ 0x7f4bdeef0f7d: not taken
+CND+ 0x7f4bdeef102c: not taken
+CND+ 0x7f4bdeef10c7: not taken
+CND+ 0x7f4bdeef10d0: both
+CND+ 0x7f4bdeef10d9: not taken
+CND+ 0x7f4bdeef15a7: both
+CND+ 0x7f4bdeef15ed: not taken
+CND+ 0x7f4bdeef15f2: taken
+CND+ 0x7f4bdeef1682: not taken
+CND+ 0x7f4bdeef16a1: not taken
+CND+ 0x7f4bdeef17bb: not taken
+CND+ 0x7f4bdeef1835: not taken
+CND+ 0x7f4bdeef1870: not taken
+CND+ 0x7f4bdeef188e: not taken
+CND+ 0x7f4bdeef189e: not taken
+CND+ 0x7f4bdeef19ca: both
+CND+ 0x7f4bdeef19ea: taken
+CND+ 0x7f4bdeef19f6: taken
+CND+ 0x7f4bdeef1a15: taken
+CND+ 0x7f4bdeef1a38: not taken
+CND+ 0x7f4bdeef1a48: taken
+CND+ 0x7f4bdeef1abb: not taken
+CND+ 0x7f4bdeef214f: not taken
+CND+ 0x7f4bdeef216f: not taken
+CND+ 0x7f4bdeef217e: taken
+CND+ 0x7f4bdeef2a5f: taken
+CND+ 0x7f4bdeef2b46: not taken
+CND+ 0x7f4bdeef2b50: taken
+CND+ 0x7f4bdeef2b69: taken
+CND+ 0x7f4bdeef2b93: taken
+CND+ 0x7f4bdeef2d2b: taken
+CND+ 0x7f4bdeef2e50: not taken
+CND+ 0x7f4bdeef3227: taken
+CND+ 0x7f4bdeef325f: not taken
+CND+ 0x7f4bdeef3278: taken
+CND+ 0x7f4bdeef32b9: not taken
+CND+ 0x7f4bdeef32d7: taken
+CND+ 0x7f4bdeef330b: taken
+CND+ 0x7f4bdeef3383: taken
+CND+ 0x7f4bdeef33e2: taken
+CND+ 0x7f4bdeef3456: taken
+CND+ 0x7f4bdeef3488: both
+CND+ 0x7f4bdeef348c: not taken
+CND+ 0x7f4bdeef3493: not taken
+CND+ 0x7f4bdeef3498: both
+CND+ 0x7f4bdeef34e0: not taken
+CND+ 0x7f4bdeef3512: not taken
+CND+ 0x7f4bdeef3519: taken
+CND+ 0x7f4bdeef3548: not taken
+CND+ 0x7f4bdeef354d: not taken
+CND+ 0x7f4bdeef35c9: not taken
+CND+ 0x7f4bdeef35d7: taken
+CND+ 0x7f4bdeef36f8: taken
+CND+ 0x7f4bdeef37b9: not taken
+CND+ 0x7f4bdeef3830: not taken
+CND+ 0x7f4bdeef3846: taken
+CND+ 0x7f4bdeef386e: not taken
+CND+ 0x7f4bdeef3b09: not taken
+CND+ 0x7f4bdeef3b13: not taken
+CND+ 0x7f4bdeef3c18: taken
+CND+ 0x7f4bdeef3c9d: not taken
+CND+ 0x7f4bdeef3dfa: taken
+CND+ 0x7f4bdeef5946: both
+CND+ 0x7f4bdeef5963: both
+CND+ 0x7f4bdeef5968: not taken
+CND+ 0x7f4bdeef596e: not taken
+CND+ 0x7f4bdeef5986: not taken
+CND+ 0x7f4bdeef598b: both
+CND+ 0x7f4bdeef599a: both
+CND+ 0x7f4bdeef599f: both
+CND+ 0x7f4bdeef59ac: both
+CND+ 0x7f4bdeef59b7: both
+CND+ 0x7f4bdeef59c4: not taken
+CND+ 0x7f4bdeef5a10: not taken
+CND+ 0x7f4bdeef5a15: taken
+CND+ 0x7f4bdeef5a2e: both
+CND+ 0x7f4bdeef5a32: both
+CND+ 0x7f4bdeef5a5c: both
+CND+ 0x7f4bdeef5add: not taken
+CND+ 0x7f4bdeef5ae2: not taken
+CND+ 0x7f4bdeef5afe: not taken
+CND+ 0x7f4bdeef5b02: both
+CND+ 0x7f4bdeef5b48: both
+CND+ 0x7f4bdeef5b52: not taken
+CND+ 0x7f4bdeef5b5c: not taken
+CND+ 0x7f4bdeef5b65: both
+CND+ 0x7f4bdeef5b6b: taken
+CND+ 0x7f4bdeef5b75: not taken
+CND+ 0x7f4bdeef5b95: not taken
+CND+ 0x7f4bdeef5ba2: not taken
+CND+ 0x7f4bdeef5bc4: not taken
+CND+ 0x7f4bdeef5bce: not taken
+CND+ 0x7f4bdeef5bf6: taken
+CND+ 0x7f4bdeef5c24: taken
+CND+ 0x7f4bdeef5ce1: not taken
+CND+ 0x7f4bdeef5cea: not taken
+CND+ 0x7f4bdeef5cf3: not taken
+CND+ 0x7f4bdeef5d25: not taken
+CND+ 0x7f4bdeef5d53: not taken
+CND+ 0x7f4bdeef5d5d: not taken
+CND+ 0x7f4bdeef5eb5: not taken
+CND+ 0x7f4bdeef5eba: not taken
+CND+ 0x7f4bdeef5ed8: both
+CND+ 0x7f4bdeef5edc: taken
+CND+ 0x7f4bdeef5f0f: not taken
+CND+ 0x7f4bdeef5f15: not taken
+CND+ 0x7f4bdeef646f: not taken
+CND+ 0x7f4bdeef653d: not taken
+CND+ 0x7f4bdeef6547: not taken
+CND+ 0x7f4bdeef6605: not taken
+CND+ 0x7f4bdeef660f: not taken
+CND+ 0x7f4bdeef6647: not taken
+CND+ 0x7f4bdeef665e: not taken
+CND+ 0x7f4bdeef67bd: taken
+CND+ 0x7f4bdeef67d2: taken
+CND+ 0x7f4bdeef67df: not taken
+CND+ 0x7f4bdeef67e4: both
+CND+ 0x7f4bdeef67fa: taken
+CND+ 0x7f4bdeef6856: not taken
+CND+ 0x7f4bdeef685b: taken
+CND+ 0x7f4bdeef687a: not taken
+CND+ 0x7f4bdeef689a: not taken
+CND+ 0x7f4bdeef68b7: not taken
+CND+ 0x7f4bdeef68c5: not taken
+CND+ 0x7f4bdeef68d4: taken
+CND+ 0x7f4bdeef6df1: not taken
+CND+ 0x7f4bdeef6e0c: not taken
@0x7f4bdeee5050 to 0x7f4be2a1ea30 4
@0x7f4bdeee5080 to 0x7f4be29be330 2
@0x7f4bdeee5090 to 0x7f4be2a60710 1
@0x7f4bdeee50a0 to 0x7f4be2a36e70 5
@0x7f4bdeee50d0 to 0x7f4be29d1a20 7
@0x7f4bdeee50f0 to 0x7f4be2af5800 4
@0x7f4bdeee5130 to 0x7f4be2a611e0 1
@0x7f4bdeee5140 to 0x7f4be29d5c10 1
@0x7f4bdeee5150 to 0x7f4be2a83800 4
@0x7f4bdeee5160 to 0x7f4be2a60230 1
@0x7f4bdeee5190 to 0x7f4be2af5bc0 8
@0x7f4bdeee51c0 to 0x7f4be2a61200 1
@0x7f4bdeee51e0 to 0x7f4be2af55d0 1
@0x7f4bdeee5220 to 0x7f4be2a61210 2
@0x7f4bdeee5230 to 0x7f4be2a84b10 1
@0x7f4bdeee716e to 0x7f4bdeee71c0 1
@0x7f4bdeee5280 to 0x7f4be2af0d10 11
@0x7f4bdeee52a0 to 0x7f4be29d1450 4
@0x7f4bdeee71ac to 0x7f4bdeee7e90 1
@0x7f4bdeee52d0 to 0x7f4be2af1100 9
@0x7f4bdeee5320 to 0x7f4be29d20f0 4
@0x7f4bdeee5330 to 0x7f4be2af6100 6
@0x7f4bdeee5350 to 0x7f4be2a61220 1
@0x7f4bdeee5370 to 0x7f4be2a83800 2
@0x7f4bdeee5390 to 0x7f4be2a1e3e0 23
@0x7f4bdeee53b0 to 0x7f4be2a61230 1
@0x7f4bdeee53c0 to 0x7f4be2af0e90 22
@0x7f4bdeee53e0 to 0x7f4be2aa1ba0 1
@0x7f4bdeee5410 to 0x7f4be2a1ec80 1
@0x7f4bdeee5460 to 0x7f4be2af60e0 13
@0x7f4bdeee5510 to 0x7f4be2a611f0 1
@0x7f4bdeee5560 to 0x7f4be2a604e0 1
@0x7f4bdeee5570 to 0x7f4be29ca580 191
@0x7f4bdeef0f91 to 0x7f4bdeef1075 1
@0x7f4bdeee5784 to 0x7f4be29bdfb0 1
@0x7f4bdeef6e01 to 0x7f4bdeee5840 1
@0x7f4bdeef355f to 0x7f4bdeef3580 1
@0x7f4bdeef355f to 0x7f4bdeef35c0 1
@0x7f4bdeef355f to 0x7f4bdeef35a8 2
@0x7f4bdeef18af to 0x7f4bdeef1a01 180
@0x7f4bdeef18af to 0x7f4bdeef19f0 10
@0x7f4bdeef18af to 0x7f4bdeef1a28 1
@0x7f4bdeef5c19 to 0x7f4bdeee97d0 1
@0x7f4bdeef5c19 to 0x7f4bdeef0120 1
