MODULE_NAME: /bin/dash
MODULE_START: 0x7f1b9ebac000
+B+: 0x7f1b9ebb0000 0x7f1b9ebb000f
+B+: 0x7f1b9ebb0012 0x7f1b9ebb0016
+B+: 0x7f1b9ebb0050 0x7f1b9ebb0055
+B+: 0x7f1b9ebb0080 0x7f1b9ebb0085
+B+: 0x7f1b9ebb0090 0x7f1b9ebb0095
+B+: 0x7f1b9ebb00a0 0x7f1b9ebb00a5
+B+: 0x7f1b9ebb00d0 0x7f1b9ebb00d5
+B+: 0x7f1b9ebb00f0 0x7f1b9ebb00f5
+B+: 0x7f1b9ebb0130 0x7f1b9ebb0135
+B+: 0x7f1b9ebb0140 0x7f1b9ebb0145
+B+: 0x7f1b9ebb0150 0x7f1b9ebb0155
+B+: 0x7f1b9ebb0160 0x7f1b9ebb0165
+B+: 0x7f1b9ebb0190 0x7f1b9ebb0195
+B+: 0x7f1b9ebb01c0 0x7f1b9ebb01c5
+B+: 0x7f1b9ebb01e0 0x7f1b9ebb01e5
+B+: 0x7f1b9ebb0220 0x7f1b9ebb0225
+B+: 0x7f1b9ebb0230 0x7f1b9ebb0235
+B+: 0x7f1b9ebb0280 0x7f1b9ebb0285
+B+: 0x7f1b9ebb02a0 0x7f1b9ebb02a5
+B+: 0x7f1b9ebb02d0 0x7f1b9ebb02d5
+B+: 0x7f1b9ebb0320 0x7f1b9ebb0325
+B+: 0x7f1b9ebb0330 0x7f1b9ebb0335
+B+: 0x7f1b9ebb0350 0x7f1b9ebb0355
+B+: 0x7f1b9ebb0370 0x7f1b9ebb0375
+B+: 0x7f1b9ebb0390 0x7f1b9ebb0395
+B+: 0x7f1b9ebb03b0 0x7f1b9ebb03b5
+B+: 0x7f1b9ebb03c0 0x7f1b9ebb03c5
+B+: 0x7f1b9ebb03e0 0x7f1b9ebb03e5
+B+: 0x7f1b9ebb0410 0x7f1b9ebb0415
+B+: 0x7f1b9ebb0460 0x7f1b9ebb0465
+B+: 0x7f1b9ebb0510 0x7f1b9ebb0515
+B+: 0x7f1b9ebb0560 0x7f1b9ebb0565
+B+: 0x7f1b9ebb0570 0x7f1b9ebb0575
+B+: 0x7f1b9ebb0590 0x7f1b9ebb05b8
+B+: 0x7f1b9ebb05b9 0x7f1b9ebb05c4
+B+: 0x7f1b9ebb05c5 0x7f1b9ebb05cf
+B+: 0x7f1b9ebb05d0 0x7f1b9ebb05e7
+B+: 0x7f1b9ebb05e8 0x7f1b9ebb05ef
+B+: 0x7f1b9ebb05f0 0x7f1b9ebb0600
+B+: 0x7f1b9ebb0601 0x7f1b9ebb060b
+B+: 0x7f1b9ebb060c 0x7f1b9ebb0615
+B+: 0x7f1b9ebb0616 0x7f1b9ebb0623
+B+: 0x7f1b9ebb0624 0x7f1b9ebb062b
+B+: 0x7f1b9ebb062c 0x7f1b9ebb063c
+B+: 0x7f1b9ebb0657 0x7f1b9ebb0660
+B+: 0x7f1b9ebb0661 0x7f1b9ebb0678
+B+: 0x7f1b9ebb0679 0x7f1b9ebb067f
+B+: 0x7f1b9ebb0680 0x7f1b9ebb068c
+B+: 0x7f1b9ebb068d 0x7f1b9ebb0696
+B+: 0x7f1b9ebb0697 0x7f1b9ebb069b
+B+: 0x7f1b9ebb0760 0x7f1b9ebb0789
+B+: 0x7f1b9ebb07c0 0x7f1b9ebb07e3
+B+: 0x7f1b9ebb07f8 0x7f1b9ebb07f8
+B+: 0x7f1b9ebb0840 0x7f1b9ebb0844
+B+: 0x7f1b9ebb0850 0x7f1b9ebb0863
+B+: 0x7f1b9ebb0864 0x7f1b9ebb086f
+B+: 0x7f1b9ebb0870 0x7f1b9ebb087d
+B+: 0x7f1b9ebb087e 0x7f1b9ebb08aa
+B+: 0x7f1b9ebb08ab 0x7f1b9ebb08ac
+B+: 0x7f1b9ebb08cb 0x7f1b9ebb08d2
+B+: 0x7f1b9ebb0a50 0x7f1b9ebb0a57
+B+: 0x7f1b9ebb0a58 0x7f1b9ebb0a5e
+B+: 0x7f1b9ebb0a5f 0x7f1b9ebb0a63
+B+: 0x7f1b9ebb0a71 0x7f1b9ebb0a72
+B+: 0x7f1b9ebb16d0 0x7f1b9ebb16eb
+B+: 0x7f1b9ebb16ec 0x7f1b9ebb1705
+B+: 0x7f1b9ebb1717 0x7f1b9ebb171b
+B+: 0x7f1b9ebb171c 0x7f1b9ebb1720
+B+: 0x7f1b9ebb172c 0x7f1b9ebb1730
+B+: 0x7f1b9ebb173e 0x7f1b9ebb174d
+B+: 0x7f1b9ebb174e 0x7f1b9ebb1757
+B+: 0x7f1b9ebb1758 0x7f1b9ebb1775
+B+: 0x7f1b9ebb1780 0x7f1b9ebb1788
+B+: 0x7f1b9ebb1789 0x7f1b9ebb1790
+B+: 0x7f1b9ebb1791 0x7f1b9ebb179c
+B+: 0x7f1b9ebb2060 0x7f1b9ebb207e
+B+: 0x7f1b9ebb210d 0x7f1b9ebb211c
+B+: 0x7f1b9ebb211d 0x7f1b9ebb2123
+B+: 0x7f1b9ebb2140 0x7f1b9ebb214a
+B+: 0x7f1b9ebb214b 0x7f1b9ebb2152
+B+: 0x7f1b9ebb2153 0x7f1b9ebb215d
+B+: 0x7f1b9ebb215e 0x7f1b9ebb216f
+B+: 0x7f1b9ebb2188 0x7f1b9ebb218c
+B+: 0x7f1b9ebb218d 0x7f1b9ebb2191
+B+: 0x7f1b9ebb2192 0x7f1b9ebb219c
+B+: 0x7f1b9ebb21a7 0x7f1b9ebb21ad
+B+: 0x7f1b9ebb21ae 0x7f1b9ebb21b5
+B+: 0x7f1b9ebb21c0 0x7f1b9ebb21cf
+B+: 0x7f1b9ebb2bc0 0x7f1b9ebb2bfa
+B+: 0x7f1b9ebb2bfb 0x7f1b9ebb2c07
+B+: 0x7f1b9ebb2c08 0x7f1b9ebb2c0f
+B+: 0x7f1b9ebb2c10 0x7f1b9ebb2c11
+B+: 0x7f1b9ebb2c18 0x7f1b9ebb2c21
+B+: 0x7f1b9ebb2c22 0x7f1b9ebb2c2e
+B+: 0x7f1b9ebb2c32 0x7f1b9ebb2c39
+B+: 0x7f1b9ebb2c3a 0x7f1b9ebb2c49
+B+: 0x7f1b9ebb2c4a 0x7f1b9ebb2c51
+B+: 0x7f1b9ebb2c52 0x7f1b9ebb2c58
+B+: 0x7f1b9ebb2c59 0x7f1b9ebb2c60
+B+: 0x7f1b9ebb2c61 0x7f1b9ebb2c68
+B+: 0x7f1b9ebb2c69 0x7f1b9ebb2c6d
+B+: 0x7f1b9ebb2c6e 0x7f1b9ebb2c77
+B+: 0x7f1b9ebb2c78 0x7f1b9ebb2c89
+B+: 0x7f1b9ebb2c8a 0x7f1b9ebb2c98
+B+: 0x7f1b9ebb2e90 0x7f1b9ebb2ed3
+B+: 0x7f1b9ebb2edf 0x7f1b9ebb2ef5
+B+: 0x7f1b9ebb2ef6 0x7f1b9ebb2efa
+B+: 0x7f1b9ebb2efb 0x7f1b9ebb2f5a
+B+: 0x7f1b9ebb2f5b 0x7f1b9ebb2f67
+B+: 0x7f1b9ebb2f68 0x7f1b9ebb2f77
+B+: 0x7f1b9ebb2f78 0x7f1b9ebb2f7f
+B+: 0x7f1b9ebb2f80 0x7f1b9ebb2f8b
+B+: 0x7f1b9ebb2f8c 0x7f1b9ebb2f94
+B+: 0x7f1b9ebb2f95 0x7f1b9ebb2f9b
+B+: 0x7f1b9ebb2fa0 0x7f1b9ebb2faf
+B+: 0x7f1b9ebb2fb0 0x7f1b9ebb2fc5
+B+: 0x7f1b9ebb2fc6 0x7f1b9ebb2fcf
+B+: 0x7f1b9ebb2fd0 0x7f1b9ebb2fe3
+B+: 0x7f1b9ebb2fe4 0x7f1b9ebb2ffc
+B+: 0x7f1b9ebb3019 0x7f1b9ebb302b
+B+: 0x7f1b9ebb302c 0x7f1b9ebb3034
+B+: 0x7f1b9ebb3035 0x7f1b9ebb3047
+B+: 0x7f1b9ebb3048 0x7f1b9ebb305b
+B+: 0x7f1b9ebb30a8 0x7f1b9ebb30b4
+B+: 0x7f1b9ebb30b5 0x7f1b9ebb30b9
+B+: 0x7f1b9ebb30db 0x7f1b9ebb30e1
+B+: 0x7f1b9ebb30f0 0x7f1b9ebb3103
+B+: 0x7f1b9ebb3104 0x7f1b9ebb3113
+B+: 0x7f1b9ebb3114 0x7f1b9ebb311b
+B+: 0x7f1b9ebb311c 0x7f1b9ebb3122
+B+: 0x7f1b9ebb3123 0x7f1b9ebb3152
+B+: 0x7f1b9ebb3153 0x7f1b9ebb315f
+B+: 0x7f1b9ebb3160 0x7f1b9ebb3168
+B+: 0x7f1b9ebb3216 0x7f1b9ebb321c
+B+: 0x7f1b9ebb3224 0x7f1b9ebb322d
+B+: 0x7f1b9ebb322e 0x7f1b9ebb3237
+B+: 0x7f1b9ebb3238 0x7f1b9ebb3241
+B+: 0x7f1b9ebb3242 0x7f1b9ebb324b
+B+: 0x7f1b9ebb325d 0x7f1b9ebb3266
+B+: 0x7f1b9ebb3267 0x7f1b9ebb3281
+B+: 0x7f1b9ebb3282 0x7f1b9ebb3293
+B+: 0x7f1b9ebb334c 0x7f1b9ebb3353
+B+: 0x7f1b9ebb3354 0x7f1b9ebb336f
+B+: 0x7f1b9ebb351b 0x7f1b9ebb3525
+B+: 0x7f1b9ebb3526 0x7f1b9ebb352e
+B+: 0x7f1b9ebb352f 0x7f1b9ebb3537
+B+: 0x7f1b9ebb38d0 0x7f1b9ebb38ec
+B+: 0x7f1b9ebb38ed 0x7f1b9ebb38f1
+B+: 0x7f1b9ebb38f8 0x7f1b9ebb38fa
+B+: 0x7f1b9ebb38fb 0x7f1b9ebb3907
+B+: 0x7f1b9ebb3908 0x7f1b9ebb393e
+B+: 0x7f1b9ebb393f 0x7f1b9ebb3940
+B+: 0x7f1b9ebb3963 0x7f1b9ebb3977
+B+: 0x7f1b9ebb3980 0x7f1b9ebb3986
+B+: 0x7f1b9ebb3987 0x7f1b9ebb398e
+B+: 0x7f1b9ebb398f 0x7f1b9ebb3997
+B+: 0x7f1b9ebb3998 0x7f1b9ebb39ba
+B+: 0x7f1b9ebb39bb 0x7f1b9ebb39bc
+B+: 0x7f1b9ebb39c0 0x7f1b9ebb39e7
+B+: 0x7f1b9ebb39e8 0x7f1b9ebb39f7
+B+: 0x7f1b9ebb3a19 0x7f1b9ebb3a21
+B+: 0x7f1b9ebb3a22 0x7f1b9ebb3a2a
+B+: 0x7f1b9ebb3a2b 0x7f1b9ebb3a34
+B+: 0x7f1b9ebb3a35 0x7f1b9ebb3a3f
+B+: 0x7f1b9ebb3ad0 0x7f1b9ebb3ae9
+B+: 0x7f1b9ebb3aea 0x7f1b9ebb3b00
+B+: 0x7f1b9ebb3b10 0x7f1b9ebb3b1f
+B+: 0x7f1b9ebb3b20 0x7f1b9ebb3b2b
+B+: 0x7f1b9ebb3b2c 0x7f1b9ebb3b31
+B+: 0x7f1b9ebb3b32 0x7f1b9ebb3b41
+B+: 0x7f1b9ebb3b56 0x7f1b9ebb3b61
+B+: 0x7f1b9ebb3b62 0x7f1b9ebb3b6f
+B+: 0x7f1b9ebb3b70 0x7f1b9ebb3b85
+B+: 0x7f1b9ebb3b86 0x7f1b9ebb3b97
+B+: 0x7f1b9ebb3b98 0x7f1b9ebb3bc0
+B+: 0x7f1b9ebb3bc8 0x7f1b9ebb3bcc
+B+: 0x7f1b9ebb3bcd 0x7f1b9ebb3bea
+B+: 0x7f1b9ebb3d70 0x7f1b9ebb3d98
+B+: 0x7f1b9ebb3da0 0x7f1b9ebb3da1
+B+: 0x7f1b9ebb3da2 0x7f1b9ebb3daa
+B+: 0x7f1b9ebb3dab 0x7f1b9ebb3dc5
+B+: 0x7f1b9ebb3dc6 0x7f1b9ebb3dc9
+B+: 0x7f1b9ebb3dca 0x7f1b9ebb3dd1
+B+: 0x7f1b9ebb3dd2 0x7f1b9ebb3de6
+B+: 0x7f1b9ebb3df0 0x7f1b9ebb3e2a
+B+: 0x7f1b9ebb3e2b 0x7f1b9ebb3e2f
+B+: 0x7f1b9ebb3e46 0x7f1b9ebb3e5c
+B+: 0x7f1b9ebb3e5d 0x7f1b9ebb3e6e
+B+: 0x7f1b9ebb3e90 0x7f1b9ebb3ead
+B+: 0x7f1b9ebb3ec8 0x7f1b9ebb3ed1
+B+: 0x7f1b9ebb3ed2 0x7f1b9ebb3edd
+B+: 0x7f1b9ebb3f6c 0x7f1b9ebb3f8f
+B+: 0x7f1b9ebb3f90 0x7f1b9ebb3f9c
+B+: 0x7f1b9ebb3f9d 0x7f1b9ebb3fa8
+B+: 0x7f1b9ebb3fa9 0x7f1b9ebb3fb0
+B+: 0x7f1b9ebb3fb1 0x7f1b9ebb3fc5
+B+: 0x7f1b9ebb4008 0x7f1b9ebb4012
+B+: 0x7f1b9ebb4013 0x7f1b9ebb401e
+B+: 0x7f1b9ebb401f 0x7f1b9ebb402e
+B+: 0x7f1b9ebb4060 0x7f1b9ebb4066
+B+: 0x7f1b9ebb4067 0x7f1b9ebb4074
+B+: 0x7f1b9ebb4075 0x7f1b9ebb4086
+B+: 0x7f1b9ebb4087 0x7f1b9ebb408e
+B+: 0x7f1b9ebb408f 0x7f1b9ebb40a2
+B+: 0x7f1b9ebb40a3 0x7f1b9ebb40b0
+B+: 0x7f1b9ebb4100 0x7f1b9ebb4116
+B+: 0x7f1b9ebb4145 0x7f1b9ebb414d
+B+: 0x7f1b9ebb414e 0x7f1b9ebb4157
+B+: 0x7f1b9ebb4160 0x7f1b9ebb4166
+B+: 0x7f1b9ebb41c0 0x7f1b9ebb41d1
+B+: 0x7f1b9ebb41e8 0x7f1b9ebb41ef
+B+: 0x7f1b9ebb4248 0x7f1b9ebb425b
+B+: 0x7f1b9ebb425c 0x7f1b9ebb4271
+B+: 0x7f1b9ebb47d0 0x7f1b9ebb47ff
+B+: 0x7f1b9ebb480f 0x7f1b9ebb4812
+B+: 0x7f1b9ebb4813 0x7f1b9ebb481c
+B+: 0x7f1b9ebb481d 0x7f1b9ebb4820
+B+: 0x7f1b9ebb4821 0x7f1b9ebb482f
+B+: 0x7f1b9ebb4830 0x7f1b9ebb483a
+B+: 0x7f1b9ebb484f 0x7f1b9ebb485a
+B+: 0x7f1b9ebb485f 0x7f1b9ebb4862
+B+: 0x7f1b9ebb4870 0x7f1b9ebb4877
+B+: 0x7f1b9ebb4878 0x7f1b9ebb488d
+B+: 0x7f1b9ebb5440 0x7f1b9ebb5464
+B+: 0x7f1b9ebb561e 0x7f1b9ebb5627
+B+: 0x7f1b9ebb5628 0x7f1b9ebb5631
+B+: 0x7f1b9ebb5632 0x7f1b9ebb5659
+B+: 0x7f1b9ebb56af 0x7f1b9ebb56bc
+B+: 0x7f1b9ebb56c0 0x7f1b9ebb56cb
+B+: 0x7f1b9ebb5730 0x7f1b9ebb573b
+B+: 0x7f1b9ebb5740 0x7f1b9ebb575e
+B+: 0x7f1b9ebb575f 0x7f1b9ebb5767
+B+: 0x7f1b9ebb57d2 0x7f1b9ebb57e3
+B+: 0x7f1b9ebb58a0 0x7f1b9ebb58a7
+B+: 0x7f1b9ebb6260 0x7f1b9ebb62a5
+B+: 0x7f1b9ebb62b5 0x7f1b9ebb62be
+B+: 0x7f1b9ebb62bf 0x7f1b9ebb62d2
+B+: 0x7f1b9ebb62d3 0x7f1b9ebb62fc
+B+: 0x7f1b9ebb62fd 0x7f1b9ebb6310
+B+: 0x7f1b9ebb6324 0x7f1b9ebb6328
+B+: 0x7f1b9ebb6336 0x7f1b9ebb633f
+B+: 0x7f1b9ebb6340 0x7f1b9ebb6344
+B+: 0x7f1b9ebb6370 0x7f1b9ebb6386
+B+: 0x7f1b9ebb6387 0x7f1b9ebb6398
+B+: 0x7f1b9ebb63a0 0x7f1b9ebb63b6
+B+: 0x7f1b9ebb63b7 0x7f1b9ebb63d7
+B+: 0x7f1b9ebb63dd 0x7f1b9ebb63ec
+B+: 0x7f1b9ebb6850 0x7f1b9ebb6886
+B+: 0x7f1b9ebb6887 0x7f1b9ebb689a
+B+: 0x7f1b9ebb689b 0x7f1b9ebb68ad
+B+: 0x7f1b9ebb68ae 0x7f1b9ebb68c4
+B+: 0x7f1b9ebb68c5 0x7f1b9ebb68d7
+B+: 0x7f1b9ebb68d8 0x7f1b9ebb68e7
+B+: 0x7f1b9ebb68e8 0x7f1b9ebb690c
+B+: 0x7f1b9ebb690d 0x7f1b9ebb6915
+B+: 0x7f1b9ebb6924 0x7f1b9ebb6933
+B+: 0x7f1b9ebb6934 0x7f1b9ebb6947
+B+: 0x7f1b9ebb6948 0x7f1b9ebb6954
+B+: 0x7f1b9ebb6955 0x7f1b9ebb695f
+B+: 0x7f1b9ebb6960 0x7f1b9ebb6964
+B+: 0x7f1b9ebb6a6a 0x7f1b9ebb6a7c
+B+: 0x7f1b9ebb6a7d 0x7f1b9ebb6a9c
+B+: 0x7f1b9ebb6ba0 0x7f1b9ebb6bad
+B+: 0x7f1b9ebb6bae 0x7f1b9ebb6be1
+B+: 0x7f1b9ebb6bf0 0x7f1b9ebb6bfb
+B+: 0x7f1b9ebb6db0 0x7f1b9ebb6dbd
+B+: 0x7f1b9ebb6dbe 0x7f1b9ebb6dca
+B+: 0x7f1b9ebb6dcb 0x7f1b9ebb6de3
+B+: 0x7f1b9ebb6de8 0x7f1b9ebb6df4
+B+: 0x7f1b9ebb6df8 0x7f1b9ebb6e04
+B+: 0x7f1b9ebb6e05 0x7f1b9ebb6e12
+B+: 0x7f1b9ebb6e13 0x7f1b9ebb6e1d
+B+: 0x7f1b9ebb6eb4 0x7f1b9ebb6ec1
+B+: 0x7f1b9ebb7160 0x7f1b9ebb7174
+B+: 0x7f1b9ebb7175 0x7f1b9ebb7187
+B+: 0x7f1b9ebb7188 0x7f1b9ebb71a2
+B+: 0x7f1b9ebb71a3 0x7f1b9ebb71ac
+B+: 0x7f1b9ebb71ad 0x7f1b9ebb71b3
+B+: 0x7f1b9ebb71d0 0x7f1b9ebb71e5
+B+: 0x7f1b9ebb71eb 0x7f1b9ebb71f3
+B+: 0x7f1b9ebb7205 0x7f1b9ebb720b
+B+: 0x7f1b9ebb720c 0x7f1b9ebb721d
+B+: 0x7f1b9ebb721e 0x7f1b9ebb7226
+B+: 0x7f1b9ebb7227 0x7f1b9ebb7230
+B+: 0x7f1b9ebb7231 0x7f1b9ebb7232
+B+: 0x7f1b9ebb7240 0x7f1b9ebb7248
+B+: 0x7f1b9ebb7260 0x7f1b9ebb7260
+B+: 0x7f1b9ebb7520 0x7f1b9ebb7534
+B+: 0x7f1b9ebb7572 0x7f1b9ebb7578
+B+: 0x7f1b9ebb7580 0x7f1b9ebb7583
+B+: 0x7f1b9ebb7610 0x7f1b9ebb7656
+B+: 0x7f1b9ebb765b 0x7f1b9ebb7686
+B+: 0x7f1b9ebb7687 0x7f1b9ebb769d
+B+: 0x7f1b9ebb76fc 0x7f1b9ebb7708
+B+: 0x7f1b9ebb7709 0x7f1b9ebb7711
+B+: 0x7f1b9ebb7712 0x7f1b9ebb772a
+B+: 0x7f1b9ebb772b 0x7f1b9ebb773c
+B+: 0x7f1b9ebb7740 0x7f1b9ebb7747
+B+: 0x7f1b9ebb7748 0x7f1b9ebb775f
+B+: 0x7f1b9ebb7760 0x7f1b9ebb7766
+B+: 0x7f1b9ebb7767 0x7f1b9ebb7780
+B+: 0x7f1b9ebb7790 0x7f1b9ebb7793
+B+: 0x7f1b9ebb7794 0x7f1b9ebb7798
+B+: 0x7f1b9ebb77a2 0x7f1b9ebb77aa
+B+: 0x7f1b9ebb77ab 0x7f1b9ebb77ae
+B+: 0x7f1b9ebb77af 0x7f1b9ebb77bd
+B+: 0x7f1b9ebb77cb 0x7f1b9ebb77d3
+B+: 0x7f1b9ebb7825 0x7f1b9ebb7841
+B+: 0x7f1b9ebb7842 0x7f1b9ebb784d
+B+: 0x7f1b9ebb787e 0x7f1b9ebb788e
+B+: 0x7f1b9ebb788f 0x7f1b9ebb78a0
+B+: 0x7f1b9ebb78a1 0x7f1b9ebb78ad
+B+: 0x7f1b9ebb7c10 0x7f1b9ebb7c30
+B+: 0x7f1b9ebb7c31 0x7f1b9ebb7c58
+B+: 0x7f1b9ebb7c5e 0x7f1b9ebb7c66
+B+: 0x7f1b9ebb7c67 0x7f1b9ebb7c6f
+B+: 0x7f1b9ebb7c78 0x7f1b9ebb7c87
+B+: 0x7f1b9ebb7c88 0x7f1b9ebb7c89
+B+: 0x7f1b9ebb7ca0 0x7f1b9ebb7caf
+B+: 0x7f1b9ebb7cba 0x7f1b9ebb7cc4
+B+: 0x7f1b9ebb7ce0 0x7f1b9ebb7ce8
+B+: 0x7f1b9ebb8360 0x7f1b9ebb836b
+B+: 0x7f1b9ebb8480 0x7f1b9ebb8480
+B+: 0x7f1b9ebb89c0 0x7f1b9ebb89db
+B+: 0x7f1b9ebb8a16 0x7f1b9ebb8a32
+B+: 0x7f1b9ebb8a33 0x7f1b9ebb8a52
+B+: 0x7f1b9ebb8a63 0x7f1b9ebb8a6a
+B+: 0x7f1b9ebb8a90 0x7f1b9ebb8aa6
+B+: 0x7f1b9ebb8aa7 0x7f1b9ebb8aae
+B+: 0x7f1b9ebb8aaf 0x7f1b9ebb8ab6
+B+: 0x7f1b9ebb8af6 0x7f1b9ebb8b01
+B+: 0x7f1b9ebb8b0c 0x7f1b9ebb8b34
+B+: 0x7f1b9ebb8b40 0x7f1b9ebb8b57
+B+: 0x7f1b9ebb8b58 0x7f1b9ebb8b5f
+B+: 0x7f1b9ebb8b60 0x7f1b9ebb8b67
+B+: 0x7f1b9ebb8b68 0x7f1b9ebb8b70
+B+: 0x7f1b9ebb8b71 0x7f1b9ebb8b7a
+B+: 0x7f1b9ebb8b7b 0x7f1b9ebb8b80
+B+: 0x7f1b9ebb8b97 0x7f1b9ebb8b9c
+B+: 0x7f1b9ebb8c0a 0x7f1b9ebb8c3d
+B+: 0x7f1b9ebb8c47 0x7f1b9ebb8c53
+B+: 0x7f1b9ebb8ed0 0x7f1b9ebb8ede
+B+: 0x7f1b9ebb8edf 0x7f1b9ebb8ee7
+B+: 0x7f1b9ebb8ee8 0x7f1b9ebb8efc
+B+: 0x7f1b9ebb8efd 0x7f1b9ebb8f02
+B+: 0x7f1b9ebb8f03 0x7f1b9ebb8f1b
+B+: 0x7f1b9ebb8f1c 0x7f1b9ebb8f21
+B+: 0x7f1b9ebb8f22 0x7f1b9ebb8f2b
+B+: 0x7f1b9ebb8fc0 0x7f1b9ebb8fc7
+B+: 0x7f1b9ebb8fc8 0x7f1b9ebb8fd0
+B+: 0x7f1b9ebb9760 0x7f1b9ebb9768
+B+: 0x7f1b9ebb9769 0x7f1b9ebb976d
+B+: 0x7f1b9ebb976e 0x7f1b9ebb9772
+B+: 0x7f1b9ebb9780 0x7f1b9ebb9788
+B+: 0x7f1b9ebb9789 0x7f1b9ebb978d
+B+: 0x7f1b9ebb978e 0x7f1b9ebb9792
+B+: 0x7f1b9ebb97c0 0x7f1b9ebb97d9
+B+: 0x7f1b9ebb97da 0x7f1b9ebb97e6
+B+: 0x7f1b9ebb97f7 0x7f1b9ebb9802
+B+: 0x7f1b9ebb9803 0x7f1b9ebb980b
+B+: 0x7f1b9ebb980c 0x7f1b9ebb9841
+B+: 0x7f1b9ebb9842 0x7f1b9ebb984b
+B+: 0x7f1b9ebb984c 0x7f1b9ebb9852
+B+: 0x7f1b9ebb9853 0x7f1b9ebb9875
+B+: 0x7f1b9ebb9880 0x7f1b9ebb988e
+B+: 0x7f1b9ebb98b0 0x7f1b9ebb98c8
+B+: 0x7f1b9ebb9900 0x7f1b9ebb9941
+B+: 0x7f1b9ebb9950 0x7f1b9ebb9966
+B+: 0x7f1b9ebb9967 0x7f1b9ebb997e
+B+: 0x7f1b9ebb997f 0x7f1b9ebb998a
+B+: 0x7f1b9ebb998b 0x7f1b9ebb99b3
+B+: 0x7f1b9ebb99b4 0x7f1b9ebb99bd
+B+: 0x7f1b9ebb99be 0x7f1b9ebb99bf
+B+: 0x7f1b9ebb99d0 0x7f1b9ebb99e8
+B+: 0x7f1b9ebb99e9 0x7f1b9ebb9a14
+B+: 0x7f1b9ebb9a1e 0x7f1b9ebb9a25
+B+: 0x7f1b9ebb9a26 0x7f1b9ebb9a33
+B+: 0x7f1b9ebb9a34 0x7f1b9ebb9a46
+B+: 0x7f1b9ebb9ae0 0x7f1b9ebb9afe
+B+: 0x7f1b9ebb9aff 0x7f1b9ebb9b0c
+B+: 0x7f1b9ebb9b0d 0x7f1b9ebb9b1b
+B+: 0x7f1b9ebb9b1c 0x7f1b9ebb9b2c
+B+: 0x7f1b9ebb9b40 0x7f1b9ebb9b62
+B+: 0x7f1b9ebb9b98 0x7f1b9ebb9ba9
+B+: 0x7f1b9ebba6d0 0x7f1b9ebba6f4
+B+: 0x7f1b9ebba6f5 0x7f1b9ebba70d
+B+: 0x7f1b9ebba70e 0x7f1b9ebba712
+B+: 0x7f1b9ebba713 0x7f1b9ebba71e
+B+: 0x7f1b9ebba71f 0x7f1b9ebba723
+B+: 0x7f1b9ebba724 0x7f1b9ebba728
+B+: 0x7f1b9ebba729 0x7f1b9ebba730
+B+: 0x7f1b9ebba73c 0x7f1b9ebba749
+B+: 0x7f1b9ebba74a 0x7f1b9ebba74d
+B+: 0x7f1b9ebba74e 0x7f1b9ebba760
+B+: 0x7f1b9ebba761 0x7f1b9ebba76b
+B+: 0x7f1b9ebba790 0x7f1b9ebba79d
+B+: 0x7f1b9ebba79e 0x7f1b9ebba7a5
+B+: 0x7f1b9ebba7a6 0x7f1b9ebba7a7
+B+: 0x7f1b9ebba890 0x7f1b9ebba89d
+B+: 0x7f1b9ebba89e 0x7f1b9ebba8a9
+B+: 0x7f1b9ebba8aa 0x7f1b9ebba8bd
+B+: 0x7f1b9ebba8c0 0x7f1b9ebba8ca
+B+: 0x7f1b9ebba8d0 0x7f1b9ebba8ef
+B+: 0x7f1b9ebba8f0 0x7f1b9ebba8f4
+B+: 0x7f1b9ebba8f5 0x7f1b9ebba90c
+B+: 0x7f1b9ebba90d 0x7f1b9ebba910
+B+: 0x7f1b9ebba911 0x7f1b9ebba912
+B+: 0x7f1b9ebba913 0x7f1b9ebba91b
+B+: 0x7f1b9ebba91c 0x7f1b9ebba930
+B+: 0x7f1b9ebba938 0x7f1b9ebba93c
+B+: 0x7f1b9ebba980 0x7f1b9ebba98f
+B+: 0x7f1b9ebba990 0x7f1b9ebba99b
+B+: 0x7f1b9ebba99c 0x7f1b9ebba9ab
+B+: 0x7f1b9ebbaa80 0x7f1b9ebbaa93
+B+: 0x7f1b9ebbaa94 0x7f1b9ebbaaac
+B+: 0x7f1b9ebbaaad 0x7f1b9ebbaabf
+B+: 0x7f1b9ebbaac0 0x7f1b9ebbaada
+B+: 0x7f1b9ebbaadb 0x7f1b9ebbaae3
+B+: 0x7f1b9ebbaaec 0x7f1b9ebbaaf8
+B+: 0x7f1b9ebbaaf9 0x7f1b9ebbab02
+B+: 0x7f1b9ebbab03 0x7f1b9ebbab06
+B+: 0x7f1b9ebbab07 0x7f1b9ebbab1a
+B+: 0x7f1b9ebbac49 0x7f1b9ebbac55
+B+: 0x7f1b9ebbac56 0x7f1b9ebbac67
+B+: 0x7f1b9ebbac82 0x7f1b9ebbac93
+B+: 0x7f1b9ebbad77 0x7f1b9ebbad82
+B+: 0x7f1b9ebbada0 0x7f1b9ebbadb2
+B+: 0x7f1b9ebbadb3 0x7f1b9ebbaddf
+B+: 0x7f1b9ebbade0 0x7f1b9ebbadeb
+B+: 0x7f1b9ebbadec 0x7f1b9ebbadfc
+B+: 0x7f1b9ebbadfd 0x7f1b9ebbae18
+B+: 0x7f1b9ebbae19 0x7f1b9ebbae25
+B+: 0x7f1b9ebbae26 0x7f1b9ebbae2e
+B+: 0x7f1b9ebbae2f 0x7f1b9ebbae3f
+B+: 0x7f1b9ebbae40 0x7f1b9ebbae44
+B+: 0x7f1b9ebbae45 0x7f1b9ebbae50
+B+: 0x7f1b9ebbae51 0x7f1b9ebbae5d
+B+: 0x7f1b9ebbae5e 0x7f1b9ebbae77
+B+: 0x7f1b9ebbaece 0x7f1b9ebbaed2
+B+: 0x7f1b9ebbaed3 0x7f1b9ebbaede
+B+: 0x7f1b9ebbaee0 0x7f1b9ebbaeec
+B+: 0x7f1b9ebbaf60 0x7f1b9ebbaf7c
+B+: 0x7f1b9ebbb120 0x7f1b9ebbb128
+B+: 0x7f1b9ebbb129 0x7f1b9ebbb147
+B+: 0x7f1b9ebbb750 0x7f1b9ebbb75e
+B+: 0x7f1b9ebbb75f 0x7f1b9ebbb763
+B+: 0x7f1b9ebbb764 0x7f1b9ebbb770
+B+: 0x7f1b9ebbb771 0x7f1b9ebbb777
+B+: 0x7f1b9ebbb778 0x7f1b9ebbb783
+B+: 0x7f1b9ebbb784 0x7f1b9ebbb788
+B+: 0x7f1b9ebbb789 0x7f1b9ebbb78d
+B+: 0x7f1b9ebbb78e 0x7f1b9ebbb796
+B+: 0x7f1b9ebbb797 0x7f1b9ebbb79e
+B+: 0x7f1b9ebbb890 0x7f1b9ebbb892
+B+: 0x7f1b9ebbb8a7 0x7f1b9ebbb8ab
+B+: 0x7f1b9ebbb8ac 0x7f1b9ebbb8b2
+B+: 0x7f1b9ebbb8b3 0x7f1b9ebbb8b6
+B+: 0x7f1b9ebbb8d0 0x7f1b9ebbb8e1
+B+: 0x7f1b9ebbb8e2 0x7f1b9ebbb8e6
+B+: 0x7f1b9ebbb8e7 0x7f1b9ebbb8eb
+B+: 0x7f1b9ebbb8ec 0x7f1b9ebbb8f1
+B+: 0x7f1b9ebbb8f2 0x7f1b9ebbb8fa
+B+: 0x7f1b9ebbb8fb 0x7f1b9ebbb8fc
+B+: 0x7f1b9ebbb940 0x7f1b9ebbb948
+B+: 0x7f1b9ebbb949 0x7f1b9ebbb951
+B+: 0x7f1b9ebbb980 0x7f1b9ebbb988
+B+: 0x7f1b9ebbb989 0x7f1b9ebbb98a
+B+: 0x7f1b9ebbb98b 0x7f1b9ebbb991
+B+: 0x7f1b9ebbb992 0x7f1b9ebbb9a2
+B+: 0x7f1b9ebbb9a8 0x7f1b9ebbb9ac
+B+: 0x7f1b9ebbb9eb 0x7f1b9ebbba00
+B+: 0x7f1b9ebbba08 0x7f1b9ebbba10
+B+: 0x7f1b9ebbbaf0 0x7f1b9ebbbb11
+B+: 0x7f1b9ebbbb12 0x7f1b9ebbbb16
+B+: 0x7f1b9ebbbb17 0x7f1b9ebbbb1d
+B+: 0x7f1b9ebbbb1e 0x7f1b9ebbbb26
+B+: 0x7f1b9ebbbb27 0x7f1b9ebbbb34
+B+: 0x7f1b9ebbbb35 0x7f1b9ebbbb3c
+B+: 0x7f1b9ebbbb3d 0x7f1b9ebbbb49
+B+: 0x7f1b9ebbbb4a 0x7f1b9ebbbb5a
+B+: 0x7f1b9ebbbb5b 0x7f1b9ebbbb63
+B+: 0x7f1b9ebbbb7f 0x7f1b9ebbbb93
+B+: 0x7f1b9ebbbb94 0x7f1b9ebbbb9c
+B+: 0x7f1b9ebbbbe0 0x7f1b9ebbbbf7
+B+: 0x7f1b9ebbbbf8 0x7f1b9ebbbc00
+B+: 0x7f1b9ebbbc1b 0x7f1b9ebbbc2b
+B+: 0x7f1b9ebbbd40 0x7f1b9ebbbd5e
+B+: 0x7f1b9ebbbd5f 0x7f1b9ebbbd6d
+B+: 0x7f1b9ebbbd6e 0x7f1b9ebbbd72
+B+: 0x7f1b9ebbbd7d 0x7f1b9ebbbd90
+B+: 0x7f1b9ebbbd91 0x7f1b9ebbbd95
+B+: 0x7f1b9ebbbd96 0x7f1b9ebbbd9a
+B+: 0x7f1b9ebbbda0 0x7f1b9ebbbda4
+B+: 0x7f1b9ebbbdd5 0x7f1b9ebbbdd9
+B+: 0x7f1b9ebbbdda 0x7f1b9ebbbdde
+B+: 0x7f1b9ebbbdf0 0x7f1b9ebbbdfb
+B+: 0x7f1b9ebbbdfc 0x7f1b9ebbbe07
+B+: 0x7f1b9ebbbe08 0x7f1b9ebbbe10
+B+: 0x7f1b9ebbbe2c 0x7f1b9ebbbe30
+B+: 0x7f1b9ebbbe31 0x7f1b9ebbbe36
+B+: 0x7f1b9ebbbe41 0x7f1b9ebbbe45
+B+: 0x7f1b9ebbbe46 0x7f1b9ebbbe54
+B+: 0x7f1b9ebbbe55 0x7f1b9ebbbe5d
+B+: 0x7f1b9ebbbe5e 0x7f1b9ebbbe62
+B+: 0x7f1b9ebbbe63 0x7f1b9ebbbe74
+B+: 0x7f1b9ebbbe78 0x7f1b9ebbbe84
+B+: 0x7f1b9ebbbea0 0x7f1b9ebbbea4
+B+: 0x7f1b9ebbbef0 0x7f1b9ebbbf03
+B+: 0x7f1b9ebbbf40 0x7f1b9ebbbf76
+B+: 0x7f1b9ebbbf77 0x7f1b9ebbbf82
+B+: 0x7f1b9ebbbf83 0x7f1b9ebbbf92
+B+: 0x7f1b9ebbc01b 0x7f1b9ebbc031
+B+: 0x7f1b9ebbc032 0x7f1b9ebbc040
+B+: 0x7f1b9ebbc075 0x7f1b9ebbc0b8
+B+: 0x7f1b9ebbc0b9 0x7f1b9ebbc0c3
+B+: 0x7f1b9ebbc0c4 0x7f1b9ebbc0cc
+B+: 0x7f1b9ebbc0cd 0x7f1b9ebbc0d5
+B+: 0x7f1b9ebbc0d6 0x7f1b9ebbc0de
+B+: 0x7f1b9ebbc0df 0x7f1b9ebbc106
+B+: 0x7f1b9ebbc107 0x7f1b9ebbc133
+B+: 0x7f1b9ebbc578 0x7f1b9ebbc581
+B+: 0x7f1b9ebbc582 0x7f1b9ebbc5a8
+B+: 0x7f1b9ebbc5a9 0x7f1b9ebbc5b6
+B+: 0x7f1b9ebbc5d0 0x7f1b9ebbc5e0
+B+: 0x7f1b9ebbc5e1 0x7f1b9ebbc5ee
+B+: 0x7f1b9ebbc5ef 0x7f1b9ebbc5f3
+B+: 0x7f1b9ebbc670 0x7f1b9ebbc67e
+B+: 0x7f1b9ebbc67f 0x7f1b9ebbc683
+B+: 0x7f1b9ebbc684 0x7f1b9ebbc692
+B+: 0x7f1b9ebbc693 0x7f1b9ebbc69a
+B+: 0x7f1b9ebbc69b 0x7f1b9ebbc6a2
+B+: 0x7f1b9ebbc6a3 0x7f1b9ebbc6b7
+B+: 0x7f1b9ebbc790 0x7f1b9ebbc7bc
+B+: 0x7f1b9ebbc7bd 0x7f1b9ebbc7d4
+B+: 0x7f1b9ebbc7e0 0x7f1b9ebbc83a
+B+: 0x7f1b9ebbc83b 0x7f1b9ebbc875
+B+: 0x7f1b9ebbc876 0x7f1b9ebbc893
+B+: 0x7f1b9ebbc894 0x7f1b9ebbc8a3
+B+: 0x7f1b9ebbc8a4 0x7f1b9ebbc8b0
+B+: 0x7f1b9ebbc9b4 0x7f1b9ebbc9b8
+B+: 0x7f1b9ebbc9b9 0x7f1b9ebbc9cf
+B+: 0x7f1b9ebbc9d0 0x7f1b9ebbc9dc
+B+: 0x7f1b9ebbc9dd 0x7f1b9ebbc9ef
+B+: 0x7f1b9ebbc9f0 0x7f1b9ebbc9f7
+B+: 0x7f1b9ebbca01 0x7f1b9ebbca16
+B+: 0x7f1b9ebbca28 0x7f1b9ebbca3d
+B+: 0x7f1b9ebbca3e 0x7f1b9ebbca4d
+B+: 0x7f1b9ebbca79 0x7f1b9ebbca97
+B+: 0x7f1b9ebbca98 0x7f1b9ebbcac0
+B+: 0x7f1b9ebbcac1 0x7f1b9ebbcacf
+B+: 0x7f1b9ebbd148 0x7f1b9ebbd154
+B+: 0x7f1b9ebbd155 0x7f1b9ebbd174
+B+: 0x7f1b9ebbd175 0x7f1b9ebbd17f
+B+: 0x7f1b9ebbd1ac 0x7f1b9ebbd1b0
+B+: 0x7f1b9ebbd1b1 0x7f1b9ebbd1b5
+B+: 0x7f1b9ebbda40 0x7f1b9ebbda64
+B+: 0x7f1b9ebbdb10 0x7f1b9ebbdb1a
+B+: 0x7f1b9ebbdb40 0x7f1b9ebbdb47
+B+: 0x7f1b9ebbdb48 0x7f1b9ebbdb51
+B+: 0x7f1b9ebbdb58 0x7f1b9ebbdb60
+B+: 0x7f1b9ebbdb61 0x7f1b9ebbdb6a
+B+: 0x7f1b9ebbdb88 0x7f1b9ebbdb8c
+B+: 0x7f1b9ebbdb8d 0x7f1b9ebbdb94
+B+: 0x7f1b9ebbdba0 0x7f1b9ebbdba4
+B+: 0x7f1b9ebbdd00 0x7f1b9ebbdd30
+B+: 0x7f1b9ebbde3f 0x7f1b9ebbde55
+B+: 0x7f1b9ebbde56 0x7f1b9ebbde67
+B+: 0x7f1b9ebbe1e0 0x7f1b9ebbe222
+B+: 0x7f1b9ebbe223 0x7f1b9ebbe228
+B+: 0x7f1b9ebbe24c 0x7f1b9ebbe260
+B+: 0x7f1b9ebbe261 0x7f1b9ebbe269
+B+: 0x7f1b9ebbe270 0x7f1b9ebbe279
+B+: 0x7f1b9ebbe288 0x7f1b9ebbe2a0
+B+: 0x7f1b9ebbe2a1 0x7f1b9ebbe2ba
+B+: 0x7f1b9ebbe2bb 0x7f1b9ebbe2bc
+B+: 0x7f1b9ebbe2d0 0x7f1b9ebbe2d8
+B+: 0x7f1b9ebbe2f8 0x7f1b9ebbe2f8
+B+: 0x7f1b9ebbe300 0x7f1b9ebbe30c
+B+: 0x7f1b9ebbe33f 0x7f1b9ebbe343
+B+: 0x7f1b9ebbe380 0x7f1b9ebbe384
+B+: 0x7f1b9ebbe3d0 0x7f1b9ebbe3e3
+B+: 0x7f1b9ebbe400 0x7f1b9ebbe400
+B+: 0x7f1b9ebbe420 0x7f1b9ebbe45b
+B+: 0x7f1b9ebbe467 0x7f1b9ebbe471
+B+: 0x7f1b9ebbe472 0x7f1b9ebbe489
+B+: 0x7f1b9ebbe48a 0x7f1b9ebbe48d
+B+: 0x7f1b9ebbe48e 0x7f1b9ebbe494
+B+: 0x7f1b9ebbe495 0x7f1b9ebbe49d
+B+: 0x7f1b9ebbe49e 0x7f1b9ebbe4a9
+B+: 0x7f1b9ebbe4aa 0x7f1b9ebbe4c2
+B+: 0x7f1b9ebbe4c3 0x7f1b9ebbe4ce
+B+: 0x7f1b9ebbe4cf 0x7f1b9ebbe4e5
+B+: 0x7f1b9ebbe4e6 0x7f1b9ebbe4f5
+B+: 0x7f1b9ebbe500 0x7f1b9ebbe50e
+B+: 0x7f1b9ebbe50f 0x7f1b9ebbe513
+B+: 0x7f1b9ebbe514 0x7f1b9ebbe51e
+B+: 0x7f1b9ebbe540 0x7f1b9ebbe549
+B+: 0x7f1b9ebbe54a 0x7f1b9ebbe54e
+B+: 0x7f1b9ebbe54f 0x7f1b9ebbe560
+B+: 0x7f1b9ebbe568 0x7f1b9ebbe577
+B+: 0x7f1b9ebbe580 0x7f1b9ebbe589
+B+: 0x7f1b9ebbe5a8 0x7f1b9ebbe5bb
+B+: 0x7f1b9ebbe5c0 0x7f1b9ebbe5ce
+B+: 0x7f1b9ebbe5cf 0x7f1b9ebbe5dc
+B+: 0x7f1b9ebbe6f0 0x7f1b9ebbe6fd
+B+: 0x7f1b9ebbe7a0 0x7f1b9ebbe7a0
+B+: 0x7f1b9ebbe7b0 0x7f1b9ebbe7ba
+B+: 0x7f1b9ebbe7bb 0x7f1b9ebbe7ce
+B+: 0x7f1b9ebbe7cf 0x7f1b9ebbe7d8
+B+: 0x7f1b9ebbe7d9 0x7f1b9ebbe7e6
+B+: 0x7f1b9ebbe800 0x7f1b9ebbe82d
+B+: 0x7f1b9ebbe82e 0x7f1b9ebbe831
+B+: 0x7f1b9ebbe832 0x7f1b9ebbe847
+B+: 0x7f1b9ebbe864 0x7f1b9ebbe86b
+B+: 0x7f1b9ebbe86c 0x7f1b9ebbe86f
+B+: 0x7f1b9ebbe870 0x7f1b9ebbe876
+B+: 0x7f1b9ebbe877 0x7f1b9ebbe87b
+B+: 0x7f1b9ebbe87c 0x7f1b9ebbe886
+B+: 0x7f1b9ebbeae0 0x7f1b9ebbeb01
+B+: 0x7f1b9ebbeb02 0x7f1b9ebbeb0a
+B+: 0x7f1b9ebbeb0b 0x7f1b9ebbeb14
+B+: 0x7f1b9ebbeb15 0x7f1b9ebbeb19
+B+: 0x7f1b9ebbec00 0x7f1b9ebbec19
+B+: 0x7f1b9ebbec51 0x7f1b9ebbec8e
+B+: 0x7f1b9ebbec8f 0x7f1b9ebbec9e
+B+: 0x7f1b9ebbec9f 0x7f1b9ebbeca6
+B+: 0x7f1b9ebbedf0 0x7f1b9ebbedfb
+B+: 0x7f1b9ebbee20 0x7f1b9ebbee20
+B+: 0x7f1b9ebbee30 0x7f1b9ebbee38
+B+: 0x7f1b9ebc0940 0x7f1b9ebc094b
+B+: 0x7f1b9ebc094c 0x7f1b9ebc0957
+B+: 0x7f1b9ebc0958 0x7f1b9ebc0964
+B+: 0x7f1b9ebc0965 0x7f1b9ebc0969
+B+: 0x7f1b9ebc096a 0x7f1b9ebc096f
+B+: 0x7f1b9ebc0970 0x7f1b9ebc0976
+B+: 0x7f1b9ebc0980 0x7f1b9ebc0987
+B+: 0x7f1b9ebc0988 0x7f1b9ebc098c
+B+: 0x7f1b9ebc098d 0x7f1b9ebc099b
+B+: 0x7f1b9ebc099c 0x7f1b9ebc09a0
+B+: 0x7f1b9ebc09a1 0x7f1b9ebc09a8
+B+: 0x7f1b9ebc09a9 0x7f1b9ebc09ad
+B+: 0x7f1b9ebc09ae 0x7f1b9ebc09b8
+B+: 0x7f1b9ebc09b9 0x7f1b9ebc09b9
+B+: 0x7f1b9ebc09c0 0x7f1b9ebc09c5
+B+: 0x7f1b9ebc09c6 0x7f1b9ebc09c9
+B+: 0x7f1b9ebc09d0 0x7f1b9ebc09d0
+B+: 0x7f1b9ebc09d1 0x7f1b9ebc09d5
+B+: 0x7f1b9ebc09d6 0x7f1b9ebc09d9
+B+: 0x7f1b9ebc09e0 0x7f1b9ebc09ff
+B+: 0x7f1b9ebc0a00 0x7f1b9ebc0a11
+B+: 0x7f1b9ebc0a12 0x7f1b9ebc0a16
+B+: 0x7f1b9ebc0a20 0x7f1b9ebc0a22
+B+: 0x7f1b9ebc0a23 0x7f1b9ebc0a2f
+B+: 0x7f1b9ebc0a30 0x7f1b9ebc0a33
+B+: 0x7f1b9ebc0a34 0x7f1b9ebc0a5d
+B+: 0x7f1b9ebc0a5e 0x7f1b9ebc0a62
+B+: 0x7f1b9ebc0a63 0x7f1b9ebc0a82
+B+: 0x7f1b9ebc0ac0 0x7f1b9ebc0ade
+B+: 0x7f1b9ebc0adf 0x7f1b9ebc0ae3
+B+: 0x7f1b9ebc0ae4 0x7f1b9ebc0ae8
+B+: 0x7f1b9ebc0af0 0x7f1b9ebc0af2
+B+: 0x7f1b9ebc0af3 0x7f1b9ebc0aff
+B+: 0x7f1b9ebc0b00 0x7f1b9ebc0b03
+B+: 0x7f1b9ebc0b04 0x7f1b9ebc0b3e
+B+: 0x7f1b9ebc0b3f 0x7f1b9ebc0b49
+B+: 0x7f1b9ebc0b4a 0x7f1b9ebc0b57
+B+: 0x7f1b9ebc0b58 0x7f1b9ebc0b5d
+B+: 0x7f1b9ebc0b5e 0x7f1b9ebc0b66
+B+: 0x7f1b9ebc0b67 0x7f1b9ebc0b70
+B+: 0x7f1b9ebc0b71 0x7f1b9ebc0b7a
+B+: 0x7f1b9ebc0b7b 0x7f1b9ebc0b9a
+B+: 0x7f1b9ebc0b9b 0x7f1b9ebc0ba3
+B+: 0x7f1b9ebc0ba4 0x7f1b9ebc0bbd
+B+: 0x7f1b9ebc0bc0 0x7f1b9ebc0bc5
+B+: 0x7f1b9ebc0bc6 0x7f1b9ebc0bcf
+B+: 0x7f1b9ebc0bd0 0x7f1b9ebc0bd9
+B+: 0x7f1b9ebc0bda 0x7f1b9ebc0bf7
+B+: 0x7f1b9ebc0c08 0x7f1b9ebc0c14
+B+: 0x7f1b9ebc0c15 0x7f1b9ebc0c1b
+B+: 0x7f1b9ebc0c1c 0x7f1b9ebc0c29
+B+: 0x7f1b9ebc0cb0 0x7f1b9ebc0cca
+B+: 0x7f1b9ebc0ccb 0x7f1b9ebc0cda
+B+: 0x7f1b9ebc0cdb 0x7f1b9ebc0ce6
+B+: 0x7f1b9ebc0ce7 0x7f1b9ebc0cef
+B+: 0x7f1b9ebc0cf0 0x7f1b9ebc0cf4
+B+: 0x7f1b9ebc0cf5 0x7f1b9ebc0cfc
+B+: 0x7f1b9ebc0cfd 0x7f1b9ebc0d10
+B+: 0x7f1b9ebc0d11 0x7f1b9ebc0d21
+B+: 0x7f1b9ebc0d22 0x7f1b9ebc0d26
+B+: 0x7f1b9ebc0d27 0x7f1b9ebc0d38
+B+: 0x7f1b9ebc0d39 0x7f1b9ebc0d4b
+B+: 0x7f1b9ebc0d4c 0x7f1b9ebc0d54
+B+: 0x7f1b9ebc0d55 0x7f1b9ebc0d5e
+B+: 0x7f1b9ebc0d5f 0x7f1b9ebc0d6d
+B+: 0x7f1b9ebc0ea0 0x7f1b9ebc0eb6
+B+: 0x7f1b9ebc0eb7 0x7f1b9ebc0ebb
+B+: 0x7f1b9ebc0ebc 0x7f1b9ebc0ec0
+B+: 0x7f1b9ebc0ec8 0x7f1b9ebc0ecb
+B+: 0x7f1b9ebc0ecc 0x7f1b9ebc0ed9
+B+: 0x7f1b9ebc0eda 0x7f1b9ebc0edd
+B+: 0x7f1b9ebc0ede 0x7f1b9ebc0f06
+B+: 0x7f1b9ebc0f07 0x7f1b9ebc0f10
+B+: 0x7f1b9ebc0f11 0x7f1b9ebc0f16
+B+: 0x7f1b9ebc0f17 0x7f1b9ebc0f24
+B+: 0x7f1b9ebc0f25 0x7f1b9ebc0f2d
+B+: 0x7f1b9ebc1440 0x7f1b9ebc146b
+B+: 0x7f1b9ebc146c 0x7f1b9ebc1470
+B+: 0x7f1b9ebc1471 0x7f1b9ebc1475
+B+: 0x7f1b9ebc1536 0x7f1b9ebc153e
+B+: 0x7f1b9ebc153f 0x7f1b9ebc1548
+B+: 0x7f1b9ebc1549 0x7f1b9ebc1551
+B+: 0x7f1b9ebc15d0 0x7f1b9ebc15e4
+B+: 0x7f1b9ebc15e5 0x7f1b9ebc1606
+B+: 0x7f1b9ebc1607 0x7f1b9ebc1610
+B+: 0x7f1b9ebc1611 0x7f1b9ebc1618
+B+: 0x7f1b9ebc1640 0x7f1b9ebc1648
+B+: 0x7f1b9ebc1649 0x7f1b9ebc1656
+B+: 0x7f1b9ebc1657 0x7f1b9ebc165f
+B+: 0x7f1b9ebc1660 0x7f1b9ebc1661
+B+: 0x7f1b9ebc1760 0x7f1b9ebc17aa
+B+: 0x7f1b9ebc17ab 0x7f1b9ebc17af
+B+: 0x7f1b9ebc17b0 0x7f1b9ebc17be
+B+: 0x7f1b9ebc17c8 0x7f1b9ebc17d3
+B+: 0x7f1b9ebc17d4 0x7f1b9ebc17d8
+B+: 0x7f1b9ebc17d9 0x7f1b9ebc17e0
+B+: 0x7f1b9ebc17e1 0x7f1b9ebc17e5
+B+: 0x7f1b9ebc17e6 0x7f1b9ebc17f3
+B+: 0x7f1b9ebc17f4 0x7f1b9ebc17fb
+B+: 0x7f1b9ebc1800 0x7f1b9ebc1810
+B+: 0x7f1b9ebc1811 0x7f1b9ebc1815
+B+: 0x7f1b9ebc1816 0x7f1b9ebc1832
+B+: 0x7f1b9ebc1833 0x7f1b9ebc1843
+B+: 0x7f1b9ebc1844 0x7f1b9ebc184f
+B+: 0x7f1b9ebc1850 0x7f1b9ebc1857
+B+: 0x7f1b9ebc1858 0x7f1b9ebc185c
+B+: 0x7f1b9ebc185d 0x7f1b9ebc1868
+B+: 0x7f1b9ebc1869 0x7f1b9ebc187b
+B+: 0x7f1b9ebc187c 0x7f1b9ebc1884
+B+: 0x7f1b9ebc1888 0x7f1b9ebc1897
+B+: 0x7f1b9ebc1898 0x7f1b9ebc189b
+B+: 0x7f1b9ebc189c 0x7f1b9ebc18b4
+B+: 0x7f1b9ebc18b5 0x7f1b9ebc18b8
+B+: 0x7f1b9ebc18b9 0x7f1b9ebc18c6
+B+: 0x7f1b9ebc18c7 0x7f1b9ebc18d5
+B+: 0x7f1b9ebc1dc0 0x7f1b9ebc1dec
+B+: 0x7f1b9ebc1ded 0x7f1b9ebc1df2
+B+: 0x7f1b9ebc1df3 0x7f1b9ebc1e04
+B+: 0x7f1b9ebc1e05 0x7f1b9ebc1e0d
+B+: 0x7f1b9ebc1e0e 0x7f1b9ebc1e1c
+CND+ 0x7f1b9ebb000e: taken
+CND+ 0x7f1b9ebb05ea: not taken
+CND+ 0x7f1b9ebb0626: not taken
+CND+ 0x7f1b9ebb063b: taken
+CND+ 0x7f1b9ebb0673: not taken
+CND+ 0x7f1b9ebb0687: not taken
+CND+ 0x7f1b9ebb0695: not taken
+CND+ 0x7f1b9ebb07e2: taken
+CND+ 0x7f1b9ebb0862: not taken
+CND+ 0x7f1b9ebb087c: both
+CND+ 0x7f1b9ebb08a9: not taken
+CND+ 0x7f1b9ebb0a5d: not taken
+CND+ 0x7f1b9ebb0a62: taken
+CND+ 0x7f1b9ebb16e6: not taken
+CND+ 0x7f1b9ebb1704: taken
+CND+ 0x7f1b9ebb171a: not taken
+CND+ 0x7f1b9ebb171f: taken
+CND+ 0x7f1b9ebb172f: taken
+CND+ 0x7f1b9ebb174c: not taken
+CND+ 0x7f1b9ebb1756: not taken
+CND+ 0x7f1b9ebb178f: not taken
+CND+ 0x7f1b9ebb179b: taken
+CND+ 0x7f1b9ebb2079: taken
+CND+ 0x7f1b9ebb211b: not taken
+CND+ 0x7f1b9ebb2149: not taken
+CND+ 0x7f1b9ebb2158: not taken
+CND+ 0x7f1b9ebb2190: not taken
+CND+ 0x7f1b9ebb21ce: taken
+CND+ 0x7f1b9ebb2c20: not taken
+CND+ 0x7f1b9ebb2c2d: taken
+CND+ 0x7f1b9ebb2c48: not taken
+CND+ 0x7f1b9ebb2c5f: both
+CND+ 0x7f1b9ebb2c88: not taken
+CND+ 0x7f1b9ebb2ed2: taken
+CND+ 0x7f1b9ebb2f55: not taken
+CND+ 0x7f1b9ebb2f7e: not taken
+CND+ 0x7f1b9ebb2f8a: not taken
+CND+ 0x7f1b9ebb2f93: both
+CND+ 0x7f1b9ebb2fc4: not taken
+CND+ 0x7f1b9ebb2fe2: both
+CND+ 0x7f1b9ebb2ffb: taken
+CND+ 0x7f1b9ebb305a: taken
+CND+ 0x7f1b9ebb30af: not taken
+CND+ 0x7f1b9ebb30b8: taken
+CND+ 0x7f1b9ebb30e0: taken
+CND+ 0x7f1b9ebb3116: not taken
+CND+ 0x7f1b9ebb315a: not taken
+CND+ 0x7f1b9ebb3163: taken
+CND+ 0x7f1b9ebb321b: taken
+CND+ 0x7f1b9ebb324a: taken
+CND+ 0x7f1b9ebb327c: not taken
+CND+ 0x7f1b9ebb336a: taken
+CND+ 0x7f1b9ebb3520: not taken
+CND+ 0x7f1b9ebb3529: not taken
+CND+ 0x7f1b9ebb3532: taken
+CND+ 0x7f1b9ebb38eb: not taken
+CND+ 0x7f1b9ebb3906: both
+CND+ 0x7f1b9ebb393d: not taken
+CND+ 0x7f1b9ebb3985: both
+CND+ 0x7f1b9ebb39f6: taken
+CND+ 0x7f1b9ebb3a20: both
+CND+ 0x7f1b9ebb3a29: not taken
+CND+ 0x7f1b9ebb3a33: not taken
+CND+ 0x7f1b9ebb3ae4: not taken
+CND+ 0x7f1b9ebb3afb: taken
+CND+ 0x7f1b9ebb3b2a: both
+CND+ 0x7f1b9ebb3b30: both
+CND+ 0x7f1b9ebb3b40: taken
+CND+ 0x7f1b9ebb3b60: not taken
+CND+ 0x7f1b9ebb3b96: not taken
+CND+ 0x7f1b9ebb3be5: taken
+CND+ 0x7f1b9ebb3da0: not taken
+CND+ 0x7f1b9ebb3da9: not taken
+CND+ 0x7f1b9ebb3dc8: both
+CND+ 0x7f1b9ebb3dd0: both
+CND+ 0x7f1b9ebb3e2e: taken
+CND+ 0x7f1b9ebb3e57: not taken
+CND+ 0x7f1b9ebb3eac: taken
+CND+ 0x7f1b9ebb3ed8: taken
+CND+ 0x7f1b9ebb3fa3: not taken
+CND+ 0x7f1b9ebb3fc0: taken
+CND+ 0x7f1b9ebb4019: not taken
+CND+ 0x7f1b9ebb4065: not taken
+CND+ 0x7f1b9ebb406f: not taken
+CND+ 0x7f1b9ebb4089: both
+CND+ 0x7f1b9ebb409d: not taken
+CND+ 0x7f1b9ebb40ab: taken
+CND+ 0x7f1b9ebb414c: not taken
+CND+ 0x7f1b9ebb4156: taken
+CND+ 0x7f1b9ebb41cc: taken
+CND+ 0x7f1b9ebb41ee: taken
+CND+ 0x7f1b9ebb4811: both
+CND+ 0x7f1b9ebb481b: not taken
+CND+ 0x7f1b9ebb481f: not taken
+CND+ 0x7f1b9ebb4839: taken
+CND+ 0x7f1b9ebb4859: taken
+CND+ 0x7f1b9ebb4861: taken
+CND+ 0x7f1b9ebb545f: taken
+CND+ 0x7f1b9ebb5626: not taken
+CND+ 0x7f1b9ebb56ca: taken
+CND+ 0x7f1b9ebb5762: taken
+CND+ 0x7f1b9ebb62a4: taken
+CND+ 0x7f1b9ebb62bd: not taken
+CND+ 0x7f1b9ebb62cd: not taken
+CND+ 0x7f1b9ebb630f: taken
+CND+ 0x7f1b9ebb6327: taken
+CND+ 0x7f1b9ebb633a: not taken
+CND+ 0x7f1b9ebb6343: taken
+CND+ 0x7f1b9ebb6381: not taken
+CND+ 0x7f1b9ebb63d6: taken
+CND+ 0x7f1b9ebb63e7: taken
+CND+ 0x7f1b9ebb6895: not taken
+CND+ 0x7f1b9ebb68a8: not taken
+CND+ 0x7f1b9ebb68d2: not taken
+CND+ 0x7f1b9ebb6907: not taken
+CND+ 0x7f1b9ebb6942: taken
+CND+ 0x7f1b9ebb6953: not taken
+CND+ 0x7f1b9ebb6963: taken
+CND+ 0x7f1b9ebb6a7b: not taken
+CND+ 0x7f1b9ebb6dbc: both
+CND+ 0x7f1b9ebb6dc9: both
+CND+ 0x7f1b9ebb6e03: not taken
+CND+ 0x7f1b9ebb6e0d: not taken
+CND+ 0x7f1b9ebb6e18: taken
+CND+ 0x7f1b9ebb71a1: not taken
+CND+ 0x7f1b9ebb71ab: not taken
+CND+ 0x7f1b9ebb71e4: taken
+CND+ 0x7f1b9ebb71f2: taken
+CND+ 0x7f1b9ebb720a: not taken
+CND+ 0x7f1b9ebb7225: not taken
+CND+ 0x7f1b9ebb722f: not taken
+CND+ 0x7f1b9ebb7247: taken
+CND+ 0x7f1b9ebb7533: taken
+CND+ 0x7f1b9ebb7582: taken
+CND+ 0x7f1b9ebb7655: taken
+CND+ 0x7f1b9ebb7698: taken
+CND+ 0x7f1b9ebb7703: not taken
+CND+ 0x7f1b9ebb770c: taken
+CND+ 0x7f1b9ebb7725: not taken
+CND+ 0x7f1b9ebb7742: not taken
+CND+ 0x7f1b9ebb775a: not taken
+CND+ 0x7f1b9ebb7765: not taken
+CND+ 0x7f1b9ebb7792: not taken
+CND+ 0x7f1b9ebb7797: taken
+CND+ 0x7f1b9ebb77a9: taken
+CND+ 0x7f1b9ebb77ad: not taken
+CND+ 0x7f1b9ebb77bc: taken
+CND+ 0x7f1b9ebb77ce: taken
+CND+ 0x7f1b9ebb7848: taken
+CND+ 0x7f1b9ebb7889: not taken
+CND+ 0x7f1b9ebb789b: not taken
+CND+ 0x7f1b9ebb78a8: taken
+CND+ 0x7f1b9ebb7c2f: not taken
+CND+ 0x7f1b9ebb7c57: taken
+CND+ 0x7f1b9ebb7c65: not taken
+CND+ 0x7f1b9ebb7c6e: taken
+CND+ 0x7f1b9ebb7c86: not taken
+CND+ 0x7f1b9ebb7cae: taken
+CND+ 0x7f1b9ebb8366: taken
+CND+ 0x7f1b9ebb89d6: taken
+CND+ 0x7f1b9ebb8a31: not taken
+CND+ 0x7f1b9ebb8a51: taken
+CND+ 0x7f1b9ebb8aad: not taken
+CND+ 0x7f1b9ebb8ab5: taken
+CND+ 0x7f1b9ebb8b00: taken
+CND+ 0x7f1b9ebb8b5a: not taken
+CND+ 0x7f1b9ebb8b62: not taken
+CND+ 0x7f1b9ebb8b6b: not taken
+CND+ 0x7f1b9ebb8b75: not taken
+CND+ 0x7f1b9ebb8b7f: taken
+CND+ 0x7f1b9ebb8b9b: taken
+CND+ 0x7f1b9ebb8c3c: taken
+CND+ 0x7f1b9ebb8ed9: not taken
+CND+ 0x7f1b9ebb8ee6: not taken
+CND+ 0x7f1b9ebb8f01: not taken
+CND+ 0x7f1b9ebb8f1a: not taken
+CND+ 0x7f1b9ebb8f20: not taken
+CND+ 0x7f1b9ebb8f26: taken
+CND+ 0x7f1b9ebb976c: not taken
+CND+ 0x7f1b9ebb978c: not taken
+CND+ 0x7f1b9ebb97d8: both
+CND+ 0x7f1b9ebb97e1: taken
+CND+ 0x7f1b9ebb9806: not taken
+CND+ 0x7f1b9ebb9840: not taken
+CND+ 0x7f1b9ebb984a: not taken
+CND+ 0x7f1b9ebb9965: both
+CND+ 0x7f1b9ebb9989: not taken
+CND+ 0x7f1b9ebb99b2: not taken
+CND+ 0x7f1b9ebb99bc: not taken
+CND+ 0x7f1b9ebb99e3: not taken
+CND+ 0x7f1b9ebb9a13: taken
+CND+ 0x7f1b9ebb9afd: not taken
+CND+ 0x7f1b9ebb9b1a: not taken
+CND+ 0x7f1b9ebb9b61: taken
+CND+ 0x7f1b9ebba711: not taken
+CND+ 0x7f1b9ebba71d: not taken
+CND+ 0x7f1b9ebba722: not taken
+CND+ 0x7f1b9ebba748: not taken
+CND+ 0x7f1b9ebba74c: not taken
+CND+ 0x7f1b9ebba75f: not taken
+CND+ 0x7f1b9ebba7a4: not taken
+CND+ 0x7f1b9ebba8f3: both
+CND+ 0x7f1b9ebba90f: both
+CND+ 0x7f1b9ebba911: not taken
+CND+ 0x7f1b9ebba91a: taken
+CND+ 0x7f1b9ebbaa92: not taken
+CND+ 0x7f1b9ebbaaba: not taken
+CND+ 0x7f1b9ebbaad5: both
+CND+ 0x7f1b9ebbaade: taken
+CND+ 0x7f1b9ebbaaf7: not taken
+CND+ 0x7f1b9ebbab01: not taken
+CND+ 0x7f1b9ebbab05: not taken
+CND+ 0x7f1b9ebbab19: taken
+CND+ 0x7f1b9ebbac50: not taken
+CND+ 0x7f1b9ebbac62: taken
+CND+ 0x7f1b9ebbadb1: not taken
+CND+ 0x7f1b9ebbadea: both
+CND+ 0x7f1b9ebbae13: not taken
+CND+ 0x7f1b9ebbae20: taken
+CND+ 0x7f1b9ebbae2d: not taken
+CND+ 0x7f1b9ebbae43: not taken
+CND+ 0x7f1b9ebbae4f: both
+CND+ 0x7f1b9ebbae58: not taken
+CND+ 0x7f1b9ebbae72: taken
+CND+ 0x7f1b9ebbaee7: taken
+CND+ 0x7f1b9ebbb75d: both
+CND+ 0x7f1b9ebbb76f: not taken
+CND+ 0x7f1b9ebbb782: both
+CND+ 0x7f1b9ebbb787: both
+CND+ 0x7f1b9ebbb795: both
+CND+ 0x7f1b9ebbb8b1: not taken
+CND+ 0x7f1b9ebbb8dc: not taken
+CND+ 0x7f1b9ebbb8ea: not taken
+CND+ 0x7f1b9ebbb8ec: both
+CND+ 0x7f1b9ebbb8f5: not taken
+CND+ 0x7f1b9ebbb8fb: taken
+CND+ 0x7f1b9ebbb943: not taken
+CND+ 0x7f1b9ebbb94c: taken
+CND+ 0x7f1b9ebbb983: not taken
+CND+ 0x7f1b9ebbb989: both
+CND+ 0x7f1b9ebbb990: not taken
+CND+ 0x7f1b9ebbb9ab: taken
+CND+ 0x7f1b9ebbba0b: taken
+CND+ 0x7f1b9ebbbb10: both
+CND+ 0x7f1b9ebbbb1c: not taken
+CND+ 0x7f1b9ebbbb21: both
+CND+ 0x7f1b9ebbbb2f: not taken
+CND+ 0x7f1b9ebbbb37: both
+CND+ 0x7f1b9ebbbb44: both
+CND+ 0x7f1b9ebbbb5e: taken
+CND+ 0x7f1b9ebbbb92: both
+CND+ 0x7f1b9ebbbb9b: taken
+CND+ 0x7f1b9ebbbbfb: taken
+CND+ 0x7f1b9ebbbd68: both
+CND+ 0x7f1b9ebbbd71: taken
+CND+ 0x7f1b9ebbbd8b: not taken
+CND+ 0x7f1b9ebbbda3: taken
+CND+ 0x7f1b9ebbbddd: taken
+CND+ 0x7f1b9ebbbe02: not taken
+CND+ 0x7f1b9ebbbe0b: taken
+CND+ 0x7f1b9ebbbe2f: not taken
+CND+ 0x7f1b9ebbbe35: taken
+CND+ 0x7f1b9ebbbe4f: not taken
+CND+ 0x7f1b9ebbbe58: both
+CND+ 0x7f1b9ebbbf7d: not taken
+CND+ 0x7f1b9ebbc02c: not taken
+CND+ 0x7f1b9ebbc0c7: not taken
+CND+ 0x7f1b9ebbc0d0: both
+CND+ 0x7f1b9ebbc0d9: not taken
+CND+ 0x7f1b9ebbc5a7: both
+CND+ 0x7f1b9ebbc5ed: not taken
+CND+ 0x7f1b9ebbc5f2: taken
+CND+ 0x7f1b9ebbc682: not taken
+CND+ 0x7f1b9ebbc6a1: not taken
+CND+ 0x7f1b9ebbc7bb: not taken
+CND+ 0x7f1b9ebbc835: not taken
+CND+ 0x7f1b9ebbc870: not taken
+CND+ 0x7f1b9ebbc88e: not taken
+CND+ 0x7f1b9ebbc89e: not taken
+CND+ 0x7f1b9ebbc9ca: both
+CND+ 0x7f1b9ebbc9ea: taken
+CND+ 0x7f1b9ebbc9f6: taken
+CND+ 0x7f1b9ebbca15: taken
+CND+ 0x7f1b9ebbca38: not taken
+CND+ 0x7f1b9ebbca48: taken
+CND+ 0x7f1b9ebbcabb: not taken
+CND+ 0x7f1b9ebbd14f: not taken
+CND+ 0x7f1b9ebbd16f: not taken
+CND+ 0x7f1b9ebbd17e: taken
+CND+ 0x7f1b9ebbda5f: taken
+CND+ 0x7f1b9ebbdb46: not taken
+CND+ 0x7f1b9ebbdb50: taken
+CND+ 0x7f1b9ebbdb69: taken
+CND+ 0x7f1b9ebbdb93: taken
+CND+ 0x7f1b9ebbdd2b: taken
+CND+ 0x7f1b9ebbde50: not taken
+CND+ 0x7f1b9ebbe227: taken
+CND+ 0x7f1b9ebbe25f: not taken
+CND+ 0x7f1b9ebbe278: taken
+CND+ 0x7f1b9ebbe2b9: not taken
+CND+ 0x7f1b9ebbe2d7: taken
+CND+ 0x7f1b9ebbe30b: taken
+CND+ 0x7f1b9ebbe383: taken
+CND+ 0x7f1b9ebbe3e2: taken
+CND+ 0x7f1b9ebbe456: taken
+CND+ 0x7f1b9ebbe488: both
+CND+ 0x7f1b9ebbe48c: not taken
+CND+ 0x7f1b9ebbe493: not taken
+CND+ 0x7f1b9ebbe498: both
+CND+ 0x7f1b9ebbe4e0: not taken
+CND+ 0x7f1b9ebbe512: not taken
+CND+ 0x7f1b9ebbe519: taken
+CND+ 0x7f1b9ebbe548: not taken
+CND+ 0x7f1b9ebbe54d: not taken
+CND+ 0x7f1b9ebbe5c9: not taken
+CND+ 0x7f1b9ebbe5d7: taken
+CND+ 0x7f1b9ebbe6f8: taken
+CND+ 0x7f1b9ebbe7b9: not taken
+CND+ 0x7f1b9ebbe830: not taken
+CND+ 0x7f1b9ebbe846: taken
+CND+ 0x7f1b9ebbe86e: not taken
+CND+ 0x7f1b9ebbeb09: not taken
+CND+ 0x7f1b9ebbeb13: not taken
+CND+ 0x7f1b9ebbec18: taken
+CND+ 0x7f1b9ebbec9d: not taken
+CND+ 0x7f1b9ebbedfa: taken
+CND+ 0x7f1b9ebc0946: both
+CND+ 0x7f1b9ebc0963: both
+CND+ 0x7f1b9ebc0968: not taken
+CND+ 0x7f1b9ebc096e: not taken
+CND+ 0x7f1b9ebc0986: not taken
+CND+ 0x7f1b9ebc098b: both
+CND+ 0x7f1b9ebc099a: both
+CND+ 0x7f1b9ebc099f: both
+CND+ 0x7f1b9ebc09ac: both
+CND+ 0x7f1b9ebc09b7: both
+CND+ 0x7f1b9ebc09c4: not taken
+CND+ 0x7f1b9ebc0a10: not taken
+CND+ 0x7f1b9ebc0a15: taken
+CND+ 0x7f1b9ebc0a2e: both
+CND+ 0x7f1b9ebc0a32: both
+CND+ 0x7f1b9ebc0a5c: both
+CND+ 0x7f1b9ebc0add: not taken
+CND+ 0x7f1b9ebc0ae2: not taken
+CND+ 0x7f1b9ebc0afe: not taken
+CND+ 0x7f1b9ebc0b02: both
+CND+ 0x7f1b9ebc0b48: both
+CND+ 0x7f1b9ebc0b52: not taken
+CND+ 0x7f1b9ebc0b5c: not taken
+CND+ 0x7f1b9ebc0b65: both
+CND+ 0x7f1b9ebc0b6b: taken
+CND+ 0x7f1b9ebc0b75: not taken
+CND+ 0x7f1b9ebc0b95: not taken
+CND+ 0x7f1b9ebc0ba2: not taken
+CND+ 0x7f1b9ebc0bc4: not taken
+CND+ 0x7f1b9ebc0bce: not taken
+CND+ 0x7f1b9ebc0bf6: taken
+CND+ 0x7f1b9ebc0c24: taken
+CND+ 0x7f1b9ebc0ce1: not taken
+CND+ 0x7f1b9ebc0cea: not taken
+CND+ 0x7f1b9ebc0cf3: not taken
+CND+ 0x7f1b9ebc0d25: not taken
+CND+ 0x7f1b9ebc0d53: not taken
+CND+ 0x7f1b9ebc0d5d: not taken
+CND+ 0x7f1b9ebc0eb5: not taken
+CND+ 0x7f1b9ebc0eba: not taken
+CND+ 0x7f1b9ebc0ed8: both
+CND+ 0x7f1b9ebc0edc: taken
+CND+ 0x7f1b9ebc0f0f: not taken
+CND+ 0x7f1b9ebc0f15: not taken
+CND+ 0x7f1b9ebc146f: not taken
+CND+ 0x7f1b9ebc153d: not taken
+CND+ 0x7f1b9ebc1547: not taken
+CND+ 0x7f1b9ebc1605: not taken
+CND+ 0x7f1b9ebc160f: not taken
+CND+ 0x7f1b9ebc1647: not taken
+CND+ 0x7f1b9ebc165e: not taken
+CND+ 0x7f1b9ebc17bd: taken
+CND+ 0x7f1b9ebc17d2: taken
+CND+ 0x7f1b9ebc17df: not taken
+CND+ 0x7f1b9ebc17e4: both
+CND+ 0x7f1b9ebc17fa: taken
+CND+ 0x7f1b9ebc1856: not taken
+CND+ 0x7f1b9ebc185b: taken
+CND+ 0x7f1b9ebc187a: not taken
+CND+ 0x7f1b9ebc189a: not taken
+CND+ 0x7f1b9ebc18b7: not taken
+CND+ 0x7f1b9ebc18c5: not taken
+CND+ 0x7f1b9ebc18d4: taken
+CND+ 0x7f1b9ebc1df1: not taken
+CND+ 0x7f1b9ebc1e0c: not taken
@0x7f1b9ebb0050 to 0x7f1ba26e9a30 4
@0x7f1b9ebb0080 to 0x7f1ba2689330 2
@0x7f1b9ebb0090 to 0x7f1ba272b710 1
@0x7f1b9ebb00a0 to 0x7f1ba2701e70 5
@0x7f1b9ebb00d0 to 0x7f1ba269ca20 7
@0x7f1b9ebb00f0 to 0x7f1ba27c0800 4
@0x7f1b9ebb0130 to 0x7f1ba272c1e0 1
@0x7f1b9ebb0140 to 0x7f1ba26a0c10 1
@0x7f1b9ebb0150 to 0x7f1ba274e800 4
@0x7f1b9ebb0160 to 0x7f1ba272b230 1
@0x7f1b9ebb0190 to 0x7f1ba27c0bc0 8
@0x7f1b9ebb01c0 to 0x7f1ba272c200 1
@0x7f1b9ebb01e0 to 0x7f1ba27c05d0 1
@0x7f1b9ebb0220 to 0x7f1ba272c210 2
@0x7f1b9ebb0230 to 0x7f1ba274fb10 1
@0x7f1b9ebb216e to 0x7f1b9ebb21c0 1
@0x7f1b9ebb0280 to 0x7f1ba27bbd10 11
@0x7f1b9ebb02a0 to 0x7f1ba269c450 4
@0x7f1b9ebb21ac to 0x7f1b9ebb2e90 1
@0x7f1b9ebb02d0 to 0x7f1ba27bc100 9
@0x7f1b9ebb0320 to 0x7f1ba269d0f0 4
@0x7f1b9ebb0330 to 0x7f1ba27c1100 6
@0x7f1b9ebb0350 to 0x7f1ba272c220 1
@0x7f1b9ebb0370 to 0x7f1ba274e800 2
@0x7f1b9ebb0390 to 0x7f1ba26e93e0 23
@0x7f1b9ebb03b0 to 0x7f1ba272c230 1
@0x7f1b9ebb03c0 to 0x7f1ba27bbe90 22
@0x7f1b9ebb03e0 to 0x7f1ba276cba0 1
@0x7f1b9ebb0410 to 0x7f1ba26e9c80 1
@0x7f1b9ebb0460 to 0x7f1ba27c10e0 13
@0x7f1b9ebb0510 to 0x7f1ba272c1f0 1
@0x7f1b9ebb0560 to 0x7f1ba272b4e0 1
@0x7f1b9ebb0570 to 0x7f1ba2695580 191
@0x7f1b9ebbbf91 to 0x7f1b9ebbc075 1
@0x7f1b9ebb0784 to 0x7f1ba2688fb0 1
@0x7f1b9ebc1e01 to 0x7f1b9ebb0840 1
@0x7f1b9ebbe55f to 0x7f1b9ebbe580 1
@0x7f1b9ebbe55f to 0x7f1b9ebbe5c0 1
@0x7f1b9ebbe55f to 0x7f1b9ebbe5a8 2
@0x7f1b9ebbc8af to 0x7f1b9ebbca01 180
@0x7f1b9ebbc8af to 0x7f1b9ebbc9f0 10
@0x7f1b9ebbc8af to 0x7f1b9ebbca28 1
@0x7f1b9ebc0c19 to 0x7f1b9ebb47d0 1
@0x7f1b9ebc0c19 to 0x7f1b9ebbb120 1
