MODULE_NAME: /bin/dash
MODULE_START: 0x7feb9ea36000
+B+: 0x7feb9ea3a000 0x7feb9ea3a00f
+B+: 0x7feb9ea3a012 0x7feb9ea3a016
+B+: 0x7feb9ea3a050 0x7feb9ea3a055
+B+: 0x7feb9ea3a080 0x7feb9ea3a085
+B+: 0x7feb9ea3a090 0x7feb9ea3a095
+B+: 0x7feb9ea3a0a0 0x7feb9ea3a0a5
+B+: 0x7feb9ea3a0d0 0x7feb9ea3a0d5
+B+: 0x7feb9ea3a0f0 0x7feb9ea3a0f5
+B+: 0x7feb9ea3a130 0x7feb9ea3a135
+B+: 0x7feb9ea3a140 0x7feb9ea3a145
+B+: 0x7feb9ea3a150 0x7feb9ea3a155
+B+: 0x7feb9ea3a160 0x7feb9ea3a165
+B+: 0x7feb9ea3a190 0x7feb9ea3a195
+B+: 0x7feb9ea3a1c0 0x7feb9ea3a1c5
+B+: 0x7feb9ea3a1e0 0x7feb9ea3a1e5
+B+: 0x7feb9ea3a220 0x7feb9ea3a225
+B+: 0x7feb9ea3a230 0x7feb9ea3a235
+B+: 0x7feb9ea3a280 0x7feb9ea3a285
+B+: 0x7feb9ea3a2a0 0x7feb9ea3a2a5
+B+: 0x7feb9ea3a2d0 0x7feb9ea3a2d5
+B+: 0x7feb9ea3a320 0x7feb9ea3a325
+B+: 0x7feb9ea3a330 0x7feb9ea3a335
+B+: 0x7feb9ea3a350 0x7feb9ea3a355
+B+: 0x7feb9ea3a370 0x7feb9ea3a375
+B+: 0x7feb9ea3a390 0x7feb9ea3a395
+B+: 0x7feb9ea3a3b0 0x7feb9ea3a3b5
+B+: 0x7feb9ea3a3c0 0x7feb9ea3a3c5
+B+: 0x7feb9ea3a3e0 0x7feb9ea3a3e5
+B+: 0x7feb9ea3a410 0x7feb9ea3a415
+B+: 0x7feb9ea3a460 0x7feb9ea3a465
+B+: 0x7feb9ea3a510 0x7feb9ea3a515
+B+: 0x7feb9ea3a560 0x7feb9ea3a565
+B+: 0x7feb9ea3a570 0x7feb9ea3a575
+B+: 0x7feb9ea3a590 0x7feb9ea3a5b8
+B+: 0x7feb9ea3a5b9 0x7feb9ea3a5c4
+B+: 0x7feb9ea3a5c5 0x7feb9ea3a5cf
+B+: 0x7feb9ea3a5d0 0x7feb9ea3a5e7
+B+: 0x7feb9ea3a5e8 0x7feb9ea3a5ef
+B+: 0x7feb9ea3a5f0 0x7feb9ea3a600
+B+: 0x7feb9ea3a601 0x7feb9ea3a60b
+B+: 0x7feb9ea3a60c 0x7feb9ea3a615
+B+: 0x7feb9ea3a616 0x7feb9ea3a623
+B+: 0x7feb9ea3a624 0x7feb9ea3a62b
+B+: 0x7feb9ea3a62c 0x7feb9ea3a63c
+B+: 0x7feb9ea3a657 0x7feb9ea3a660
+B+: 0x7feb9ea3a661 0x7feb9ea3a678
+B+: 0x7feb9ea3a679 0x7feb9ea3a67f
+B+: 0x7feb9ea3a680 0x7feb9ea3a68c
+B+: 0x7feb9ea3a68d 0x7feb9ea3a696
+B+: 0x7feb9ea3a697 0x7feb9ea3a69b
+B+: 0x7feb9ea3a760 0x7feb9ea3a789
+B+: 0x7feb9ea3a7c0 0x7feb9ea3a7e3
+B+: 0x7feb9ea3a7f8 0x7feb9ea3a7f8
+B+: 0x7feb9ea3a840 0x7feb9ea3a844
+B+: 0x7feb9ea3a850 0x7feb9ea3a863
+B+: 0x7feb9ea3a864 0x7feb9ea3a86f
+B+: 0x7feb9ea3a870 0x7feb9ea3a87d
+B+: 0x7feb9ea3a87e 0x7feb9ea3a8aa
+B+: 0x7feb9ea3a8ab 0x7feb9ea3a8ac
+B+: 0x7feb9ea3a8cb 0x7feb9ea3a8d2
+B+: 0x7feb9ea3aa50 0x7feb9ea3aa57
+B+: 0x7feb9ea3aa58 0x7feb9ea3aa5e
+B+: 0x7feb9ea3aa5f 0x7feb9ea3aa63
+B+: 0x7feb9ea3aa71 0x7feb9ea3aa72
+B+: 0x7feb9ea3b6d0 0x7feb9ea3b6eb
+B+: 0x7feb9ea3b6ec 0x7feb9ea3b705
+B+: 0x7feb9ea3b717 0x7feb9ea3b71b
+B+: 0x7feb9ea3b71c 0x7feb9ea3b720
+B+: 0x7feb9ea3b72c 0x7feb9ea3b730
+B+: 0x7feb9ea3b73e 0x7feb9ea3b74d
+B+: 0x7feb9ea3b74e 0x7feb9ea3b757
+B+: 0x7feb9ea3b758 0x7feb9ea3b775
+B+: 0x7feb9ea3b780 0x7feb9ea3b788
+B+: 0x7feb9ea3b789 0x7feb9ea3b790
+B+: 0x7feb9ea3b791 0x7feb9ea3b79c
+B+: 0x7feb9ea3c060 0x7feb9ea3c07e
+B+: 0x7feb9ea3c10d 0x7feb9ea3c11c
+B+: 0x7feb9ea3c11d 0x7feb9ea3c123
+B+: 0x7feb9ea3c140 0x7feb9ea3c14a
+B+: 0x7feb9ea3c14b 0x7feb9ea3c152
+B+: 0x7feb9ea3c153 0x7feb9ea3c15d
+B+: 0x7feb9ea3c15e 0x7feb9ea3c16f
+B+: 0x7feb9ea3c188 0x7feb9ea3c18c
+B+: 0x7feb9ea3c18d 0x7feb9ea3c191
+B+: 0x7feb9ea3c192 0x7feb9ea3c19c
+B+: 0x7feb9ea3c1a7 0x7feb9ea3c1ad
+B+: 0x7feb9ea3c1ae 0x7feb9ea3c1b5
+B+: 0x7feb9ea3c1c0 0x7feb9ea3c1cf
+B+: 0x7feb9ea3cbc0 0x7feb9ea3cbfa
+B+: 0x7feb9ea3cbfb 0x7feb9ea3cc07
+B+: 0x7feb9ea3cc08 0x7feb9ea3cc0f
+B+: 0x7feb9ea3cc10 0x7feb9ea3cc11
+B+: 0x7feb9ea3cc18 0x7feb9ea3cc21
+B+: 0x7feb9ea3cc22 0x7feb9ea3cc2e
+B+: 0x7feb9ea3cc32 0x7feb9ea3cc39
+B+: 0x7feb9ea3cc3a 0x7feb9ea3cc49
+B+: 0x7feb9ea3cc4a 0x7feb9ea3cc51
+B+: 0x7feb9ea3cc52 0x7feb9ea3cc58
+B+: 0x7feb9ea3cc59 0x7feb9ea3cc60
+B+: 0x7feb9ea3cc61 0x7feb9ea3cc68
+B+: 0x7feb9ea3cc69 0x7feb9ea3cc6d
+B+: 0x7feb9ea3cc6e 0x7feb9ea3cc77
+B+: 0x7feb9ea3cc78 0x7feb9ea3cc89
+B+: 0x7feb9ea3cc8a 0x7feb9ea3cc98
+B+: 0x7feb9ea3ce90 0x7feb9ea3ced3
+B+: 0x7feb9ea3cedf 0x7feb9ea3cef5
+B+: 0x7feb9ea3cef6 0x7feb9ea3cefa
+B+: 0x7feb9ea3cefb 0x7feb9ea3cf5a
+B+: 0x7feb9ea3cf5b 0x7feb9ea3cf67
+B+: 0x7feb9ea3cf68 0x7feb9ea3cf77
+B+: 0x7feb9ea3cf78 0x7feb9ea3cf7f
+B+: 0x7feb9ea3cf80 0x7feb9ea3cf8b
+B+: 0x7feb9ea3cf8c 0x7feb9ea3cf94
+B+: 0x7feb9ea3cf95 0x7feb9ea3cf9b
+B+: 0x7feb9ea3cfa0 0x7feb9ea3cfaf
+B+: 0x7feb9ea3cfb0 0x7feb9ea3cfc5
+B+: 0x7feb9ea3cfc6 0x7feb9ea3cfcf
+B+: 0x7feb9ea3cfd0 0x7feb9ea3cfe3
+B+: 0x7feb9ea3cfe4 0x7feb9ea3cffc
+B+: 0x7feb9ea3d019 0x7feb9ea3d02b
+B+: 0x7feb9ea3d02c 0x7feb9ea3d034
+B+: 0x7feb9ea3d035 0x7feb9ea3d047
+B+: 0x7feb9ea3d048 0x7feb9ea3d05b
+B+: 0x7feb9ea3d0a8 0x7feb9ea3d0b4
+B+: 0x7feb9ea3d0b5 0x7feb9ea3d0b9
+B+: 0x7feb9ea3d0db 0x7feb9ea3d0e1
+B+: 0x7feb9ea3d0f0 0x7feb9ea3d103
+B+: 0x7feb9ea3d104 0x7feb9ea3d113
+B+: 0x7feb9ea3d114 0x7feb9ea3d11b
+B+: 0x7feb9ea3d11c 0x7feb9ea3d122
+B+: 0x7feb9ea3d123 0x7feb9ea3d152
+B+: 0x7feb9ea3d153 0x7feb9ea3d15f
+B+: 0x7feb9ea3d160 0x7feb9ea3d168
+B+: 0x7feb9ea3d216 0x7feb9ea3d21c
+B+: 0x7feb9ea3d224 0x7feb9ea3d22d
+B+: 0x7feb9ea3d22e 0x7feb9ea3d237
+B+: 0x7feb9ea3d238 0x7feb9ea3d241
+B+: 0x7feb9ea3d242 0x7feb9ea3d24b
+B+: 0x7feb9ea3d25d 0x7feb9ea3d266
+B+: 0x7feb9ea3d267 0x7feb9ea3d281
+B+: 0x7feb9ea3d282 0x7feb9ea3d293
+B+: 0x7feb9ea3d34c 0x7feb9ea3d353
+B+: 0x7feb9ea3d354 0x7feb9ea3d36f
+B+: 0x7feb9ea3d51b 0x7feb9ea3d525
+B+: 0x7feb9ea3d526 0x7feb9ea3d52e
+B+: 0x7feb9ea3d52f 0x7feb9ea3d537
+B+: 0x7feb9ea3d8d0 0x7feb9ea3d8ec
+B+: 0x7feb9ea3d8ed 0x7feb9ea3d8f1
+B+: 0x7feb9ea3d8f8 0x7feb9ea3d8fa
+B+: 0x7feb9ea3d8fb 0x7feb9ea3d907
+B+: 0x7feb9ea3d908 0x7feb9ea3d93e
+B+: 0x7feb9ea3d93f 0x7feb9ea3d940
+B+: 0x7feb9ea3d963 0x7feb9ea3d977
+B+: 0x7feb9ea3d980 0x7feb9ea3d986
+B+: 0x7feb9ea3d987 0x7feb9ea3d98e
+B+: 0x7feb9ea3d98f 0x7feb9ea3d997
+B+: 0x7feb9ea3d998 0x7feb9ea3d9ba
+B+: 0x7feb9ea3d9bb 0x7feb9ea3d9bc
+B+: 0x7feb9ea3d9c0 0x7feb9ea3d9e7
+B+: 0x7feb9ea3d9e8 0x7feb9ea3d9f7
+B+: 0x7feb9ea3da19 0x7feb9ea3da21
+B+: 0x7feb9ea3da22 0x7feb9ea3da2a
+B+: 0x7feb9ea3da2b 0x7feb9ea3da34
+B+: 0x7feb9ea3da35 0x7feb9ea3da3f
+B+: 0x7feb9ea3dad0 0x7feb9ea3dae9
+B+: 0x7feb9ea3daea 0x7feb9ea3db00
+B+: 0x7feb9ea3db10 0x7feb9ea3db1f
+B+: 0x7feb9ea3db20 0x7feb9ea3db2b
+B+: 0x7feb9ea3db2c 0x7feb9ea3db31
+B+: 0x7feb9ea3db32 0x7feb9ea3db41
+B+: 0x7feb9ea3db56 0x7feb9ea3db61
+B+: 0x7feb9ea3db62 0x7feb9ea3db6f
+B+: 0x7feb9ea3db70 0x7feb9ea3db85
+B+: 0x7feb9ea3db86 0x7feb9ea3db97
+B+: 0x7feb9ea3db98 0x7feb9ea3dbc0
+B+: 0x7feb9ea3dbc8 0x7feb9ea3dbcc
+B+: 0x7feb9ea3dbcd 0x7feb9ea3dbea
+B+: 0x7feb9ea3dd70 0x7feb9ea3dd98
+B+: 0x7feb9ea3dda0 0x7feb9ea3dda1
+B+: 0x7feb9ea3dda2 0x7feb9ea3ddaa
+B+: 0x7feb9ea3ddab 0x7feb9ea3ddc5
+B+: 0x7feb9ea3ddc6 0x7feb9ea3ddc9
+B+: 0x7feb9ea3ddca 0x7feb9ea3ddd1
+B+: 0x7feb9ea3ddd2 0x7feb9ea3dde6
+B+: 0x7feb9ea3ddf0 0x7feb9ea3de2a
+B+: 0x7feb9ea3de2b 0x7feb9ea3de2f
+B+: 0x7feb9ea3de46 0x7feb9ea3de5c
+B+: 0x7feb9ea3de5d 0x7feb9ea3de6e
+B+: 0x7feb9ea3de90 0x7feb9ea3dead
+B+: 0x7feb9ea3dec8 0x7feb9ea3ded1
+B+: 0x7feb9ea3ded2 0x7feb9ea3dedd
+B+: 0x7feb9ea3df6c 0x7feb9ea3df8f
+B+: 0x7feb9ea3df90 0x7feb9ea3df9c
+B+: 0x7feb9ea3df9d 0x7feb9ea3dfa8
+B+: 0x7feb9ea3dfa9 0x7feb9ea3dfb0
+B+: 0x7feb9ea3dfb1 0x7feb9ea3dfc5
+B+: 0x7feb9ea3e008 0x7feb9ea3e012
+B+: 0x7feb9ea3e013 0x7feb9ea3e01e
+B+: 0x7feb9ea3e01f 0x7feb9ea3e02e
+B+: 0x7feb9ea3e060 0x7feb9ea3e066
+B+: 0x7feb9ea3e067 0x7feb9ea3e074
+B+: 0x7feb9ea3e075 0x7feb9ea3e086
+B+: 0x7feb9ea3e087 0x7feb9ea3e08e
+B+: 0x7feb9ea3e08f 0x7feb9ea3e0a2
+B+: 0x7feb9ea3e0a3 0x7feb9ea3e0b0
+B+: 0x7feb9ea3e100 0x7feb9ea3e116
+B+: 0x7feb9ea3e145 0x7feb9ea3e14d
+B+: 0x7feb9ea3e14e 0x7feb9ea3e157
+B+: 0x7feb9ea3e160 0x7feb9ea3e166
+B+: 0x7feb9ea3e1c0 0x7feb9ea3e1d1
+B+: 0x7feb9ea3e1e8 0x7feb9ea3e1ef
+B+: 0x7feb9ea3e248 0x7feb9ea3e25b
+B+: 0x7feb9ea3e25c 0x7feb9ea3e271
+B+: 0x7feb9ea3e7d0 0x7feb9ea3e7ff
+B+: 0x7feb9ea3e80f 0x7feb9ea3e812
+B+: 0x7feb9ea3e813 0x7feb9ea3e81c
+B+: 0x7feb9ea3e81d 0x7feb9ea3e820
+B+: 0x7feb9ea3e821 0x7feb9ea3e82f
+B+: 0x7feb9ea3e830 0x7feb9ea3e83a
+B+: 0x7feb9ea3e84f 0x7feb9ea3e85a
+B+: 0x7feb9ea3e85f 0x7feb9ea3e862
+B+: 0x7feb9ea3e870 0x7feb9ea3e877
+B+: 0x7feb9ea3e878 0x7feb9ea3e88d
+B+: 0x7feb9ea3f440 0x7feb9ea3f464
+B+: 0x7feb9ea3f61e 0x7feb9ea3f627
+B+: 0x7feb9ea3f628 0x7feb9ea3f631
+B+: 0x7feb9ea3f632 0x7feb9ea3f659
+B+: 0x7feb9ea3f6af 0x7feb9ea3f6bc
+B+: 0x7feb9ea3f6c0 0x7feb9ea3f6cb
+B+: 0x7feb9ea3f730 0x7feb9ea3f73b
+B+: 0x7feb9ea3f740 0x7feb9ea3f75e
+B+: 0x7feb9ea3f75f 0x7feb9ea3f767
+B+: 0x7feb9ea3f7d2 0x7feb9ea3f7e3
+B+: 0x7feb9ea3f8a0 0x7feb9ea3f8a7
+B+: 0x7feb9ea40260 0x7feb9ea402a5
+B+: 0x7feb9ea402b5 0x7feb9ea402be
+B+: 0x7feb9ea402bf 0x7feb9ea402d2
+B+: 0x7feb9ea402d3 0x7feb9ea402fc
+B+: 0x7feb9ea402fd 0x7feb9ea40310
+B+: 0x7feb9ea40324 0x7feb9ea40328
+B+: 0x7feb9ea40336 0x7feb9ea4033f
+B+: 0x7feb9ea40340 0x7feb9ea40344
+B+: 0x7feb9ea40370 0x7feb9ea40386
+B+: 0x7feb9ea40387 0x7feb9ea40398
+B+: 0x7feb9ea403a0 0x7feb9ea403b6
+B+: 0x7feb9ea403b7 0x7feb9ea403d7
+B+: 0x7feb9ea403dd 0x7feb9ea403ec
+B+: 0x7feb9ea40850 0x7feb9ea40886
+B+: 0x7feb9ea40887 0x7feb9ea4089a
+B+: 0x7feb9ea4089b 0x7feb9ea408ad
+B+: 0x7feb9ea408ae 0x7feb9ea408c4
+B+: 0x7feb9ea408c5 0x7feb9ea408d7
+B+: 0x7feb9ea408d8 0x7feb9ea408e7
+B+: 0x7feb9ea408e8 0x7feb9ea4090c
+B+: 0x7feb9ea4090d 0x7feb9ea40915
+B+: 0x7feb9ea40924 0x7feb9ea40933
+B+: 0x7feb9ea40934 0x7feb9ea40947
+B+: 0x7feb9ea40948 0x7feb9ea40954
+B+: 0x7feb9ea40955 0x7feb9ea4095f
+B+: 0x7feb9ea40960 0x7feb9ea40964
+B+: 0x7feb9ea40a6a 0x7feb9ea40a7c
+B+: 0x7feb9ea40a7d 0x7feb9ea40a9c
+B+: 0x7feb9ea40ba0 0x7feb9ea40bad
+B+: 0x7feb9ea40bae 0x7feb9ea40be1
+B+: 0x7feb9ea40bf0 0x7feb9ea40bfb
+B+: 0x7feb9ea40db0 0x7feb9ea40dbd
+B+: 0x7feb9ea40dbe 0x7feb9ea40dca
+B+: 0x7feb9ea40dcb 0x7feb9ea40de3
+B+: 0x7feb9ea40de8 0x7feb9ea40df4
+B+: 0x7feb9ea40df8 0x7feb9ea40e04
+B+: 0x7feb9ea40e05 0x7feb9ea40e12
+B+: 0x7feb9ea40e13 0x7feb9ea40e1d
+B+: 0x7feb9ea40eb4 0x7feb9ea40ec1
+B+: 0x7feb9ea41160 0x7feb9ea41174
+B+: 0x7feb9ea41175 0x7feb9ea41187
+B+: 0x7feb9ea41188 0x7feb9ea411a2
+B+: 0x7feb9ea411a3 0x7feb9ea411ac
+B+: 0x7feb9ea411ad 0x7feb9ea411b3
+B+: 0x7feb9ea411d0 0x7feb9ea411e5
+B+: 0x7feb9ea411eb 0x7feb9ea411f3
+B+: 0x7feb9ea41205 0x7feb9ea4120b
+B+: 0x7feb9ea4120c 0x7feb9ea4121d
+B+: 0x7feb9ea4121e 0x7feb9ea41226
+B+: 0x7feb9ea41227 0x7feb9ea41230
+B+: 0x7feb9ea41231 0x7feb9ea41232
+B+: 0x7feb9ea41240 0x7feb9ea41248
+B+: 0x7feb9ea41260 0x7feb9ea41260
+B+: 0x7feb9ea41520 0x7feb9ea41534
+B+: 0x7feb9ea41572 0x7feb9ea41578
+B+: 0x7feb9ea41580 0x7feb9ea41583
+B+: 0x7feb9ea41610 0x7feb9ea41656
+B+: 0x7feb9ea4165b 0x7feb9ea41686
+B+: 0x7feb9ea41687 0x7feb9ea4169d
+B+: 0x7feb9ea416fc 0x7feb9ea41708
+B+: 0x7feb9ea41709 0x7feb9ea41711
+B+: 0x7feb9ea41712 0x7feb9ea4172a
+B+: 0x7feb9ea4172b 0x7feb9ea4173c
+B+: 0x7feb9ea41740 0x7feb9ea41747
+B+: 0x7feb9ea41748 0x7feb9ea4175f
+B+: 0x7feb9ea41760 0x7feb9ea41766
+B+: 0x7feb9ea41767 0x7feb9ea41780
+B+: 0x7feb9ea41790 0x7feb9ea41793
+B+: 0x7feb9ea41794 0x7feb9ea41798
+B+: 0x7feb9ea417a2 0x7feb9ea417aa
+B+: 0x7feb9ea417ab 0x7feb9ea417ae
+B+: 0x7feb9ea417af 0x7feb9ea417bd
+B+: 0x7feb9ea417cb 0x7feb9ea417d3
+B+: 0x7feb9ea41825 0x7feb9ea41841
+B+: 0x7feb9ea41842 0x7feb9ea4184d
+B+: 0x7feb9ea4187e 0x7feb9ea4188e
+B+: 0x7feb9ea4188f 0x7feb9ea418a0
+B+: 0x7feb9ea418a1 0x7feb9ea418ad
+B+: 0x7feb9ea41c10 0x7feb9ea41c30
+B+: 0x7feb9ea41c31 0x7feb9ea41c58
+B+: 0x7feb9ea41c5e 0x7feb9ea41c66
+B+: 0x7feb9ea41c67 0x7feb9ea41c6f
+B+: 0x7feb9ea41c78 0x7feb9ea41c87
+B+: 0x7feb9ea41c88 0x7feb9ea41c89
+B+: 0x7feb9ea41ca0 0x7feb9ea41caf
+B+: 0x7feb9ea41cba 0x7feb9ea41cc4
+B+: 0x7feb9ea41ce0 0x7feb9ea41ce8
+B+: 0x7feb9ea42360 0x7feb9ea4236b
+B+: 0x7feb9ea42480 0x7feb9ea42480
+B+: 0x7feb9ea429c0 0x7feb9ea429db
+B+: 0x7feb9ea42a16 0x7feb9ea42a32
+B+: 0x7feb9ea42a33 0x7feb9ea42a52
+B+: 0x7feb9ea42a63 0x7feb9ea42a6a
+B+: 0x7feb9ea42a90 0x7feb9ea42aa6
+B+: 0x7feb9ea42aa7 0x7feb9ea42aae
+B+: 0x7feb9ea42aaf 0x7feb9ea42ab6
+B+: 0x7feb9ea42af6 0x7feb9ea42b01
+B+: 0x7feb9ea42b0c 0x7feb9ea42b34
+B+: 0x7feb9ea42b40 0x7feb9ea42b57
+B+: 0x7feb9ea42b58 0x7feb9ea42b5f
+B+: 0x7feb9ea42b60 0x7feb9ea42b67
+B+: 0x7feb9ea42b68 0x7feb9ea42b70
+B+: 0x7feb9ea42b71 0x7feb9ea42b7a
+B+: 0x7feb9ea42b7b 0x7feb9ea42b80
+B+: 0x7feb9ea42b97 0x7feb9ea42b9c
+B+: 0x7feb9ea42c0a 0x7feb9ea42c3d
+B+: 0x7feb9ea42c47 0x7feb9ea42c53
+B+: 0x7feb9ea42ed0 0x7feb9ea42ede
+B+: 0x7feb9ea42edf 0x7feb9ea42ee7
+B+: 0x7feb9ea42ee8 0x7feb9ea42efc
+B+: 0x7feb9ea42efd 0x7feb9ea42f02
+B+: 0x7feb9ea42f03 0x7feb9ea42f1b
+B+: 0x7feb9ea42f1c 0x7feb9ea42f21
+B+: 0x7feb9ea42f22 0x7feb9ea42f2b
+B+: 0x7feb9ea42fc0 0x7feb9ea42fc7
+B+: 0x7feb9ea42fc8 0x7feb9ea42fd0
+B+: 0x7feb9ea43760 0x7feb9ea43768
+B+: 0x7feb9ea43769 0x7feb9ea4376d
+B+: 0x7feb9ea4376e 0x7feb9ea43772
+B+: 0x7feb9ea43780 0x7feb9ea43788
+B+: 0x7feb9ea43789 0x7feb9ea4378d
+B+: 0x7feb9ea4378e 0x7feb9ea43792
+B+: 0x7feb9ea437c0 0x7feb9ea437d9
+B+: 0x7feb9ea437da 0x7feb9ea437e6
+B+: 0x7feb9ea437f7 0x7feb9ea43802
+B+: 0x7feb9ea43803 0x7feb9ea4380b
+B+: 0x7feb9ea4380c 0x7feb9ea43841
+B+: 0x7feb9ea43842 0x7feb9ea4384b
+B+: 0x7feb9ea4384c 0x7feb9ea43852
+B+: 0x7feb9ea43853 0x7feb9ea43875
+B+: 0x7feb9ea43880 0x7feb9ea4388e
+B+: 0x7feb9ea438b0 0x7feb9ea438c8
+B+: 0x7feb9ea43900 0x7feb9ea43941
+B+: 0x7feb9ea43950 0x7feb9ea43966
+B+: 0x7feb9ea43967 0x7feb9ea4397e
+B+: 0x7feb9ea4397f 0x7feb9ea4398a
+B+: 0x7feb9ea4398b 0x7feb9ea439b3
+B+: 0x7feb9ea439b4 0x7feb9ea439bd
+B+: 0x7feb9ea439be 0x7feb9ea439bf
+B+: 0x7feb9ea439d0 0x7feb9ea439e8
+B+: 0x7feb9ea439e9 0x7feb9ea43a14
+B+: 0x7feb9ea43a1e 0x7feb9ea43a25
+B+: 0x7feb9ea43a26 0x7feb9ea43a33
+B+: 0x7feb9ea43a34 0x7feb9ea43a46
+B+: 0x7feb9ea43ae0 0x7feb9ea43afe
+B+: 0x7feb9ea43aff 0x7feb9ea43b0c
+B+: 0x7feb9ea43b0d 0x7feb9ea43b1b
+B+: 0x7feb9ea43b1c 0x7feb9ea43b2c
+B+: 0x7feb9ea43b40 0x7feb9ea43b62
+B+: 0x7feb9ea43b98 0x7feb9ea43ba9
+B+: 0x7feb9ea446d0 0x7feb9ea446f4
+B+: 0x7feb9ea446f5 0x7feb9ea4470d
+B+: 0x7feb9ea4470e 0x7feb9ea44712
+B+: 0x7feb9ea44713 0x7feb9ea4471e
+B+: 0x7feb9ea4471f 0x7feb9ea44723
+B+: 0x7feb9ea44724 0x7feb9ea44728
+B+: 0x7feb9ea44729 0x7feb9ea44730
+B+: 0x7feb9ea4473c 0x7feb9ea44749
+B+: 0x7feb9ea4474a 0x7feb9ea4474d
+B+: 0x7feb9ea4474e 0x7feb9ea44760
+B+: 0x7feb9ea44761 0x7feb9ea4476b
+B+: 0x7feb9ea44790 0x7feb9ea4479d
+B+: 0x7feb9ea4479e 0x7feb9ea447a5
+B+: 0x7feb9ea447a6 0x7feb9ea447a7
+B+: 0x7feb9ea44890 0x7feb9ea4489d
+B+: 0x7feb9ea4489e 0x7feb9ea448a9
+B+: 0x7feb9ea448aa 0x7feb9ea448bd
+B+: 0x7feb9ea448c0 0x7feb9ea448ca
+B+: 0x7feb9ea448d0 0x7feb9ea448ef
+B+: 0x7feb9ea448f0 0x7feb9ea448f4
+B+: 0x7feb9ea448f5 0x7feb9ea4490c
+B+: 0x7feb9ea4490d 0x7feb9ea44910
+B+: 0x7feb9ea44911 0x7feb9ea44912
+B+: 0x7feb9ea44913 0x7feb9ea4491b
+B+: 0x7feb9ea4491c 0x7feb9ea44930
+B+: 0x7feb9ea44938 0x7feb9ea4493c
+B+: 0x7feb9ea44980 0x7feb9ea4498f
+B+: 0x7feb9ea44990 0x7feb9ea4499b
+B+: 0x7feb9ea4499c 0x7feb9ea449ab
+B+: 0x7feb9ea44a80 0x7feb9ea44a93
+B+: 0x7feb9ea44a94 0x7feb9ea44aac
+B+: 0x7feb9ea44aad 0x7feb9ea44abf
+B+: 0x7feb9ea44ac0 0x7feb9ea44ada
+B+: 0x7feb9ea44adb 0x7feb9ea44ae3
+B+: 0x7feb9ea44aec 0x7feb9ea44af8
+B+: 0x7feb9ea44af9 0x7feb9ea44b02
+B+: 0x7feb9ea44b03 0x7feb9ea44b06
+B+: 0x7feb9ea44b07 0x7feb9ea44b1a
+B+: 0x7feb9ea44c49 0x7feb9ea44c55
+B+: 0x7feb9ea44c56 0x7feb9ea44c67
+B+: 0x7feb9ea44c82 0x7feb9ea44c93
+B+: 0x7feb9ea44d77 0x7feb9ea44d82
+B+: 0x7feb9ea44da0 0x7feb9ea44db2
+B+: 0x7feb9ea44db3 0x7feb9ea44ddf
+B+: 0x7feb9ea44de0 0x7feb9ea44deb
+B+: 0x7feb9ea44dec 0x7feb9ea44dfc
+B+: 0x7feb9ea44dfd 0x7feb9ea44e18
+B+: 0x7feb9ea44e19 0x7feb9ea44e25
+B+: 0x7feb9ea44e26 0x7feb9ea44e2e
+B+: 0x7feb9ea44e2f 0x7feb9ea44e3f
+B+: 0x7feb9ea44e40 0x7feb9ea44e44
+B+: 0x7feb9ea44e45 0x7feb9ea44e50
+B+: 0x7feb9ea44e51 0x7feb9ea44e5d
+B+: 0x7feb9ea44e5e 0x7feb9ea44e77
+B+: 0x7feb9ea44ece 0x7feb9ea44ed2
+B+: 0x7feb9ea44ed3 0x7feb9ea44ede
+B+: 0x7feb9ea44ee0 0x7feb9ea44eec
+B+: 0x7feb9ea44f60 0x7feb9ea44f7c
+B+: 0x7feb9ea45120 0x7feb9ea45128
+B+: 0x7feb9ea45129 0x7feb9ea45147
+B+: 0x7feb9ea45750 0x7feb9ea4575e
+B+: 0x7feb9ea4575f 0x7feb9ea45763
+B+: 0x7feb9ea45764 0x7feb9ea45770
+B+: 0x7feb9ea45771 0x7feb9ea45777
+B+: 0x7feb9ea45778 0x7feb9ea45783
+B+: 0x7feb9ea45784 0x7feb9ea45788
+B+: 0x7feb9ea45789 0x7feb9ea4578d
+B+: 0x7feb9ea4578e 0x7feb9ea45796
+B+: 0x7feb9ea45797 0x7feb9ea4579e
+B+: 0x7feb9ea45890 0x7feb9ea45892
+B+: 0x7feb9ea458a7 0x7feb9ea458ab
+B+: 0x7feb9ea458ac 0x7feb9ea458b2
+B+: 0x7feb9ea458b3 0x7feb9ea458b6
+B+: 0x7feb9ea458d0 0x7feb9ea458e1
+B+: 0x7feb9ea458e2 0x7feb9ea458e6
+B+: 0x7feb9ea458e7 0x7feb9ea458eb
+B+: 0x7feb9ea458ec 0x7feb9ea458f1
+B+: 0x7feb9ea458f2 0x7feb9ea458fa
+B+: 0x7feb9ea458fb 0x7feb9ea458fc
+B+: 0x7feb9ea45940 0x7feb9ea45948
+B+: 0x7feb9ea45949 0x7feb9ea45951
+B+: 0x7feb9ea45980 0x7feb9ea45988
+B+: 0x7feb9ea45989 0x7feb9ea4598a
+B+: 0x7feb9ea4598b 0x7feb9ea45991
+B+: 0x7feb9ea45992 0x7feb9ea459a2
+B+: 0x7feb9ea459a8 0x7feb9ea459ac
+B+: 0x7feb9ea459eb 0x7feb9ea45a00
+B+: 0x7feb9ea45a08 0x7feb9ea45a10
+B+: 0x7feb9ea45af0 0x7feb9ea45b11
+B+: 0x7feb9ea45b12 0x7feb9ea45b16
+B+: 0x7feb9ea45b17 0x7feb9ea45b1d
+B+: 0x7feb9ea45b1e 0x7feb9ea45b26
+B+: 0x7feb9ea45b27 0x7feb9ea45b34
+B+: 0x7feb9ea45b35 0x7feb9ea45b3c
+B+: 0x7feb9ea45b3d 0x7feb9ea45b49
+B+: 0x7feb9ea45b4a 0x7feb9ea45b5a
+B+: 0x7feb9ea45b5b 0x7feb9ea45b63
+B+: 0x7feb9ea45b7f 0x7feb9ea45b93
+B+: 0x7feb9ea45b94 0x7feb9ea45b9c
+B+: 0x7feb9ea45be0 0x7feb9ea45bf7
+B+: 0x7feb9ea45bf8 0x7feb9ea45c00
+B+: 0x7feb9ea45c1b 0x7feb9ea45c2b
+B+: 0x7feb9ea45d40 0x7feb9ea45d5e
+B+: 0x7feb9ea45d5f 0x7feb9ea45d6d
+B+: 0x7feb9ea45d6e 0x7feb9ea45d72
+B+: 0x7feb9ea45d7d 0x7feb9ea45d90
+B+: 0x7feb9ea45d91 0x7feb9ea45d95
+B+: 0x7feb9ea45d96 0x7feb9ea45d9a
+B+: 0x7feb9ea45da0 0x7feb9ea45da4
+B+: 0x7feb9ea45dd5 0x7feb9ea45dd9
+B+: 0x7feb9ea45dda 0x7feb9ea45dde
+B+: 0x7feb9ea45df0 0x7feb9ea45dfb
+B+: 0x7feb9ea45dfc 0x7feb9ea45e07
+B+: 0x7feb9ea45e08 0x7feb9ea45e10
+B+: 0x7feb9ea45e2c 0x7feb9ea45e30
+B+: 0x7feb9ea45e31 0x7feb9ea45e36
+B+: 0x7feb9ea45e41 0x7feb9ea45e45
+B+: 0x7feb9ea45e46 0x7feb9ea45e54
+B+: 0x7feb9ea45e55 0x7feb9ea45e5d
+B+: 0x7feb9ea45e5e 0x7feb9ea45e62
+B+: 0x7feb9ea45e63 0x7feb9ea45e74
+B+: 0x7feb9ea45e78 0x7feb9ea45e84
+B+: 0x7feb9ea45ea0 0x7feb9ea45ea4
+B+: 0x7feb9ea45ef0 0x7feb9ea45f03
+B+: 0x7feb9ea45f40 0x7feb9ea45f76
+B+: 0x7feb9ea45f77 0x7feb9ea45f82
+B+: 0x7feb9ea45f83 0x7feb9ea45f92
+B+: 0x7feb9ea4601b 0x7feb9ea46031
+B+: 0x7feb9ea46032 0x7feb9ea46040
+B+: 0x7feb9ea46075 0x7feb9ea460b8
+B+: 0x7feb9ea460b9 0x7feb9ea460c3
+B+: 0x7feb9ea460c4 0x7feb9ea460cc
+B+: 0x7feb9ea460cd 0x7feb9ea460d5
+B+: 0x7feb9ea460d6 0x7feb9ea460de
+B+: 0x7feb9ea460df 0x7feb9ea46106
+B+: 0x7feb9ea46107 0x7feb9ea46133
+B+: 0x7feb9ea46578 0x7feb9ea46581
+B+: 0x7feb9ea46582 0x7feb9ea465a8
+B+: 0x7feb9ea465a9 0x7feb9ea465b6
+B+: 0x7feb9ea465d0 0x7feb9ea465e0
+B+: 0x7feb9ea465e1 0x7feb9ea465ee
+B+: 0x7feb9ea465ef 0x7feb9ea465f3
+B+: 0x7feb9ea46670 0x7feb9ea4667e
+B+: 0x7feb9ea4667f 0x7feb9ea46683
+B+: 0x7feb9ea46684 0x7feb9ea46692
+B+: 0x7feb9ea46693 0x7feb9ea4669a
+B+: 0x7feb9ea4669b 0x7feb9ea466a2
+B+: 0x7feb9ea466a3 0x7feb9ea466b7
+B+: 0x7feb9ea46790 0x7feb9ea467bc
+B+: 0x7feb9ea467bd 0x7feb9ea467d4
+B+: 0x7feb9ea467e0 0x7feb9ea4683a
+B+: 0x7feb9ea4683b 0x7feb9ea46875
+B+: 0x7feb9ea46876 0x7feb9ea46893
+B+: 0x7feb9ea46894 0x7feb9ea468a3
+B+: 0x7feb9ea468a4 0x7feb9ea468b0
+B+: 0x7feb9ea469b4 0x7feb9ea469b8
+B+: 0x7feb9ea469b9 0x7feb9ea469cf
+B+: 0x7feb9ea469d0 0x7feb9ea469dc
+B+: 0x7feb9ea469dd 0x7feb9ea469ef
+B+: 0x7feb9ea469f0 0x7feb9ea469f7
+B+: 0x7feb9ea46a01 0x7feb9ea46a16
+B+: 0x7feb9ea46a28 0x7feb9ea46a3d
+B+: 0x7feb9ea46a3e 0x7feb9ea46a4d
+B+: 0x7feb9ea46a79 0x7feb9ea46a97
+B+: 0x7feb9ea46a98 0x7feb9ea46ac0
+B+: 0x7feb9ea46ac1 0x7feb9ea46acf
+B+: 0x7feb9ea47148 0x7feb9ea47154
+B+: 0x7feb9ea47155 0x7feb9ea47174
+B+: 0x7feb9ea47175 0x7feb9ea4717f
+B+: 0x7feb9ea471ac 0x7feb9ea471b0
+B+: 0x7feb9ea471b1 0x7feb9ea471b5
+B+: 0x7feb9ea47a40 0x7feb9ea47a64
+B+: 0x7feb9ea47b10 0x7feb9ea47b1a
+B+: 0x7feb9ea47b40 0x7feb9ea47b47
+B+: 0x7feb9ea47b48 0x7feb9ea47b51
+B+: 0x7feb9ea47b58 0x7feb9ea47b60
+B+: 0x7feb9ea47b61 0x7feb9ea47b6a
+B+: 0x7feb9ea47b88 0x7feb9ea47b8c
+B+: 0x7feb9ea47b8d 0x7feb9ea47b94
+B+: 0x7feb9ea47ba0 0x7feb9ea47ba4
+B+: 0x7feb9ea47d00 0x7feb9ea47d30
+B+: 0x7feb9ea47e3f 0x7feb9ea47e55
+B+: 0x7feb9ea47e56 0x7feb9ea47e67
+B+: 0x7feb9ea481e0 0x7feb9ea48222
+B+: 0x7feb9ea48223 0x7feb9ea48228
+B+: 0x7feb9ea4824c 0x7feb9ea48260
+B+: 0x7feb9ea48261 0x7feb9ea48269
+B+: 0x7feb9ea48270 0x7feb9ea48279
+B+: 0x7feb9ea48288 0x7feb9ea482a0
+B+: 0x7feb9ea482a1 0x7feb9ea482ba
+B+: 0x7feb9ea482bb 0x7feb9ea482bc
+B+: 0x7feb9ea482d0 0x7feb9ea482d8
+B+: 0x7feb9ea482f8 0x7feb9ea482f8
+B+: 0x7feb9ea48300 0x7feb9ea4830c
+B+: 0x7feb9ea4833f 0x7feb9ea48343
+B+: 0x7feb9ea48380 0x7feb9ea48384
+B+: 0x7feb9ea483d0 0x7feb9ea483e3
+B+: 0x7feb9ea48400 0x7feb9ea48400
+B+: 0x7feb9ea48420 0x7feb9ea4845b
+B+: 0x7feb9ea48467 0x7feb9ea48471
+B+: 0x7feb9ea48472 0x7feb9ea48489
+B+: 0x7feb9ea4848a 0x7feb9ea4848d
+B+: 0x7feb9ea4848e 0x7feb9ea48494
+B+: 0x7feb9ea48495 0x7feb9ea4849d
+B+: 0x7feb9ea4849e 0x7feb9ea484a9
+B+: 0x7feb9ea484aa 0x7feb9ea484c2
+B+: 0x7feb9ea484c3 0x7feb9ea484ce
+B+: 0x7feb9ea484cf 0x7feb9ea484e5
+B+: 0x7feb9ea484e6 0x7feb9ea484f5
+B+: 0x7feb9ea48500 0x7feb9ea4850e
+B+: 0x7feb9ea4850f 0x7feb9ea48513
+B+: 0x7feb9ea48514 0x7feb9ea4851e
+B+: 0x7feb9ea48540 0x7feb9ea48549
+B+: 0x7feb9ea4854a 0x7feb9ea4854e
+B+: 0x7feb9ea4854f 0x7feb9ea48560
+B+: 0x7feb9ea48568 0x7feb9ea48577
+B+: 0x7feb9ea48580 0x7feb9ea48589
+B+: 0x7feb9ea485a8 0x7feb9ea485bb
+B+: 0x7feb9ea485c0 0x7feb9ea485ce
+B+: 0x7feb9ea485cf 0x7feb9ea485dc
+B+: 0x7feb9ea486f0 0x7feb9ea486fd
+B+: 0x7feb9ea487a0 0x7feb9ea487a0
+B+: 0x7feb9ea487b0 0x7feb9ea487ba
+B+: 0x7feb9ea487bb 0x7feb9ea487ce
+B+: 0x7feb9ea487cf 0x7feb9ea487d8
+B+: 0x7feb9ea487d9 0x7feb9ea487e6
+B+: 0x7feb9ea48800 0x7feb9ea4882d
+B+: 0x7feb9ea4882e 0x7feb9ea48831
+B+: 0x7feb9ea48832 0x7feb9ea48847
+B+: 0x7feb9ea48864 0x7feb9ea4886b
+B+: 0x7feb9ea4886c 0x7feb9ea4886f
+B+: 0x7feb9ea48870 0x7feb9ea48876
+B+: 0x7feb9ea48877 0x7feb9ea4887b
+B+: 0x7feb9ea4887c 0x7feb9ea48886
+B+: 0x7feb9ea48ae0 0x7feb9ea48b01
+B+: 0x7feb9ea48b02 0x7feb9ea48b0a
+B+: 0x7feb9ea48b0b 0x7feb9ea48b14
+B+: 0x7feb9ea48b15 0x7feb9ea48b19
+B+: 0x7feb9ea48c00 0x7feb9ea48c19
+B+: 0x7feb9ea48c51 0x7feb9ea48c8e
+B+: 0x7feb9ea48c8f 0x7feb9ea48c9e
+B+: 0x7feb9ea48c9f 0x7feb9ea48ca6
+B+: 0x7feb9ea48df0 0x7feb9ea48dfb
+B+: 0x7feb9ea48e20 0x7feb9ea48e20
+B+: 0x7feb9ea48e30 0x7feb9ea48e38
+B+: 0x7feb9ea4a940 0x7feb9ea4a94b
+B+: 0x7feb9ea4a94c 0x7feb9ea4a957
+B+: 0x7feb9ea4a958 0x7feb9ea4a964
+B+: 0x7feb9ea4a965 0x7feb9ea4a969
+B+: 0x7feb9ea4a96a 0x7feb9ea4a96f
+B+: 0x7feb9ea4a970 0x7feb9ea4a976
+B+: 0x7feb9ea4a980 0x7feb9ea4a987
+B+: 0x7feb9ea4a988 0x7feb9ea4a98c
+B+: 0x7feb9ea4a98d 0x7feb9ea4a99b
+B+: 0x7feb9ea4a99c 0x7feb9ea4a9a0
+B+: 0x7feb9ea4a9a1 0x7feb9ea4a9a8
+B+: 0x7feb9ea4a9a9 0x7feb9ea4a9ad
+B+: 0x7feb9ea4a9ae 0x7feb9ea4a9b8
+B+: 0x7feb9ea4a9b9 0x7feb9ea4a9b9
+B+: 0x7feb9ea4a9c0 0x7feb9ea4a9c5
+B+: 0x7feb9ea4a9c6 0x7feb9ea4a9c9
+B+: 0x7feb9ea4a9d0 0x7feb9ea4a9d0
+B+: 0x7feb9ea4a9d1 0x7feb9ea4a9d5
+B+: 0x7feb9ea4a9d6 0x7feb9ea4a9d9
+B+: 0x7feb9ea4a9e0 0x7feb9ea4a9ff
+B+: 0x7feb9ea4aa00 0x7feb9ea4aa11
+B+: 0x7feb9ea4aa12 0x7feb9ea4aa16
+B+: 0x7feb9ea4aa20 0x7feb9ea4aa22
+B+: 0x7feb9ea4aa23 0x7feb9ea4aa2f
+B+: 0x7feb9ea4aa30 0x7feb9ea4aa33
+B+: 0x7feb9ea4aa34 0x7feb9ea4aa5d
+B+: 0x7feb9ea4aa5e 0x7feb9ea4aa62
+B+: 0x7feb9ea4aa63 0x7feb9ea4aa82
+B+: 0x7feb9ea4aac0 0x7feb9ea4aade
+B+: 0x7feb9ea4aadf 0x7feb9ea4aae3
+B+: 0x7feb9ea4aae4 0x7feb9ea4aae8
+B+: 0x7feb9ea4aaf0 0x7feb9ea4aaf2
+B+: 0x7feb9ea4aaf3 0x7feb9ea4aaff
+B+: 0x7feb9ea4ab00 0x7feb9ea4ab03
+B+: 0x7feb9ea4ab04 0x7feb9ea4ab3e
+B+: 0x7feb9ea4ab3f 0x7feb9ea4ab49
+B+: 0x7feb9ea4ab4a 0x7feb9ea4ab57
+B+: 0x7feb9ea4ab58 0x7feb9ea4ab5d
+B+: 0x7feb9ea4ab5e 0x7feb9ea4ab66
+B+: 0x7feb9ea4ab67 0x7feb9ea4ab70
+B+: 0x7feb9ea4ab71 0x7feb9ea4ab7a
+B+: 0x7feb9ea4ab7b 0x7feb9ea4ab9a
+B+: 0x7feb9ea4ab9b 0x7feb9ea4aba3
+B+: 0x7feb9ea4aba4 0x7feb9ea4abbd
+B+: 0x7feb9ea4abc0 0x7feb9ea4abc5
+B+: 0x7feb9ea4abc6 0x7feb9ea4abcf
+B+: 0x7feb9ea4abd0 0x7feb9ea4abd9
+B+: 0x7feb9ea4abda 0x7feb9ea4abf7
+B+: 0x7feb9ea4ac08 0x7feb9ea4ac14
+B+: 0x7feb9ea4ac15 0x7feb9ea4ac1b
+B+: 0x7feb9ea4ac1c 0x7feb9ea4ac29
+B+: 0x7feb9ea4acb0 0x7feb9ea4acca
+B+: 0x7feb9ea4accb 0x7feb9ea4acda
+B+: 0x7feb9ea4acdb 0x7feb9ea4ace6
+B+: 0x7feb9ea4ace7 0x7feb9ea4acef
+B+: 0x7feb9ea4acf0 0x7feb9ea4acf4
+B+: 0x7feb9ea4acf5 0x7feb9ea4acfc
+B+: 0x7feb9ea4acfd 0x7feb9ea4ad10
+B+: 0x7feb9ea4ad11 0x7feb9ea4ad21
+B+: 0x7feb9ea4ad22 0x7feb9ea4ad26
+B+: 0x7feb9ea4ad27 0x7feb9ea4ad38
+B+: 0x7feb9ea4ad39 0x7feb9ea4ad4b
+B+: 0x7feb9ea4ad4c 0x7feb9ea4ad54
+B+: 0x7feb9ea4ad55 0x7feb9ea4ad5e
+B+: 0x7feb9ea4ad5f 0x7feb9ea4ad6d
+B+: 0x7feb9ea4aea0 0x7feb9ea4aeb6
+B+: 0x7feb9ea4aeb7 0x7feb9ea4aebb
+B+: 0x7feb9ea4aebc 0x7feb9ea4aec0
+B+: 0x7feb9ea4aec8 0x7feb9ea4aecb
+B+: 0x7feb9ea4aecc 0x7feb9ea4aed9
+B+: 0x7feb9ea4aeda 0x7feb9ea4aedd
+B+: 0x7feb9ea4aede 0x7feb9ea4af06
+B+: 0x7feb9ea4af07 0x7feb9ea4af10
+B+: 0x7feb9ea4af11 0x7feb9ea4af16
+B+: 0x7feb9ea4af17 0x7feb9ea4af24
+B+: 0x7feb9ea4af25 0x7feb9ea4af2d
+B+: 0x7feb9ea4b440 0x7feb9ea4b46b
+B+: 0x7feb9ea4b46c 0x7feb9ea4b470
+B+: 0x7feb9ea4b471 0x7feb9ea4b475
+B+: 0x7feb9ea4b536 0x7feb9ea4b53e
+B+: 0x7feb9ea4b53f 0x7feb9ea4b548
+B+: 0x7feb9ea4b549 0x7feb9ea4b551
+B+: 0x7feb9ea4b5d0 0x7feb9ea4b5e4
+B+: 0x7feb9ea4b5e5 0x7feb9ea4b606
+B+: 0x7feb9ea4b607 0x7feb9ea4b610
+B+: 0x7feb9ea4b611 0x7feb9ea4b618
+B+: 0x7feb9ea4b640 0x7feb9ea4b648
+B+: 0x7feb9ea4b649 0x7feb9ea4b656
+B+: 0x7feb9ea4b657 0x7feb9ea4b65f
+B+: 0x7feb9ea4b660 0x7feb9ea4b661
+B+: 0x7feb9ea4b760 0x7feb9ea4b7aa
+B+: 0x7feb9ea4b7ab 0x7feb9ea4b7af
+B+: 0x7feb9ea4b7b0 0x7feb9ea4b7be
+B+: 0x7feb9ea4b7c8 0x7feb9ea4b7d3
+B+: 0x7feb9ea4b7d4 0x7feb9ea4b7d8
+B+: 0x7feb9ea4b7d9 0x7feb9ea4b7e0
+B+: 0x7feb9ea4b7e1 0x7feb9ea4b7e5
+B+: 0x7feb9ea4b7e6 0x7feb9ea4b7f3
+B+: 0x7feb9ea4b7f4 0x7feb9ea4b7fb
+B+: 0x7feb9ea4b800 0x7feb9ea4b810
+B+: 0x7feb9ea4b811 0x7feb9ea4b815
+B+: 0x7feb9ea4b816 0x7feb9ea4b832
+B+: 0x7feb9ea4b833 0x7feb9ea4b843
+B+: 0x7feb9ea4b844 0x7feb9ea4b84f
+B+: 0x7feb9ea4b850 0x7feb9ea4b857
+B+: 0x7feb9ea4b858 0x7feb9ea4b85c
+B+: 0x7feb9ea4b85d 0x7feb9ea4b868
+B+: 0x7feb9ea4b869 0x7feb9ea4b87b
+B+: 0x7feb9ea4b87c 0x7feb9ea4b884
+B+: 0x7feb9ea4b888 0x7feb9ea4b897
+B+: 0x7feb9ea4b898 0x7feb9ea4b89b
+B+: 0x7feb9ea4b89c 0x7feb9ea4b8b4
+B+: 0x7feb9ea4b8b5 0x7feb9ea4b8b8
+B+: 0x7feb9ea4b8b9 0x7feb9ea4b8c6
+B+: 0x7feb9ea4b8c7 0x7feb9ea4b8d5
+B+: 0x7feb9ea4bdc0 0x7feb9ea4bdec
+B+: 0x7feb9ea4bded 0x7feb9ea4bdf2
+B+: 0x7feb9ea4bdf3 0x7feb9ea4be04
+B+: 0x7feb9ea4be05 0x7feb9ea4be0d
+B+: 0x7feb9ea4be0e 0x7feb9ea4be1c
+CND+ 0x7feb9ea3a00e: taken
+CND+ 0x7feb9ea3a5ea: not taken
+CND+ 0x7feb9ea3a626: not taken
+CND+ 0x7feb9ea3a63b: taken
+CND+ 0x7feb9ea3a673: not taken
+CND+ 0x7feb9ea3a687: not taken
+CND+ 0x7feb9ea3a695: not taken
+CND+ 0x7feb9ea3a7e2: taken
+CND+ 0x7feb9ea3a862: not taken
+CND+ 0x7feb9ea3a87c: both
+CND+ 0x7feb9ea3a8a9: not taken
+CND+ 0x7feb9ea3aa5d: not taken
+CND+ 0x7feb9ea3aa62: taken
+CND+ 0x7feb9ea3b6e6: not taken
+CND+ 0x7feb9ea3b704: taken
+CND+ 0x7feb9ea3b71a: not taken
+CND+ 0x7feb9ea3b71f: taken
+CND+ 0x7feb9ea3b72f: taken
+CND+ 0x7feb9ea3b74c: not taken
+CND+ 0x7feb9ea3b756: not taken
+CND+ 0x7feb9ea3b78f: not taken
+CND+ 0x7feb9ea3b79b: taken
+CND+ 0x7feb9ea3c079: taken
+CND+ 0x7feb9ea3c11b: not taken
+CND+ 0x7feb9ea3c149: not taken
+CND+ 0x7feb9ea3c158: not taken
+CND+ 0x7feb9ea3c190: not taken
+CND+ 0x7feb9ea3c1ce: taken
+CND+ 0x7feb9ea3cc20: not taken
+CND+ 0x7feb9ea3cc2d: taken
+CND+ 0x7feb9ea3cc48: not taken
+CND+ 0x7feb9ea3cc5f: both
+CND+ 0x7feb9ea3cc88: not taken
+CND+ 0x7feb9ea3ced2: taken
+CND+ 0x7feb9ea3cf55: not taken
+CND+ 0x7feb9ea3cf7e: not taken
+CND+ 0x7feb9ea3cf8a: not taken
+CND+ 0x7feb9ea3cf93: both
+CND+ 0x7feb9ea3cfc4: not taken
+CND+ 0x7feb9ea3cfe2: both
+CND+ 0x7feb9ea3cffb: taken
+CND+ 0x7feb9ea3d05a: taken
+CND+ 0x7feb9ea3d0af: not taken
+CND+ 0x7feb9ea3d0b8: taken
+CND+ 0x7feb9ea3d0e0: taken
+CND+ 0x7feb9ea3d116: not taken
+CND+ 0x7feb9ea3d15a: not taken
+CND+ 0x7feb9ea3d163: taken
+CND+ 0x7feb9ea3d21b: taken
+CND+ 0x7feb9ea3d24a: taken
+CND+ 0x7feb9ea3d27c: not taken
+CND+ 0x7feb9ea3d36a: taken
+CND+ 0x7feb9ea3d520: not taken
+CND+ 0x7feb9ea3d529: not taken
+CND+ 0x7feb9ea3d532: taken
+CND+ 0x7feb9ea3d8eb: not taken
+CND+ 0x7feb9ea3d906: both
+CND+ 0x7feb9ea3d93d: not taken
+CND+ 0x7feb9ea3d985: both
+CND+ 0x7feb9ea3d9f6: taken
+CND+ 0x7feb9ea3da20: both
+CND+ 0x7feb9ea3da29: not taken
+CND+ 0x7feb9ea3da33: not taken
+CND+ 0x7feb9ea3dae4: not taken
+CND+ 0x7feb9ea3dafb: taken
+CND+ 0x7feb9ea3db2a: both
+CND+ 0x7feb9ea3db30: both
+CND+ 0x7feb9ea3db40: taken
+CND+ 0x7feb9ea3db60: not taken
+CND+ 0x7feb9ea3db96: not taken
+CND+ 0x7feb9ea3dbe5: taken
+CND+ 0x7feb9ea3dda0: not taken
+CND+ 0x7feb9ea3dda9: not taken
+CND+ 0x7feb9ea3ddc8: both
+CND+ 0x7feb9ea3ddd0: both
+CND+ 0x7feb9ea3de2e: taken
+CND+ 0x7feb9ea3de57: not taken
+CND+ 0x7feb9ea3deac: taken
+CND+ 0x7feb9ea3ded8: taken
+CND+ 0x7feb9ea3dfa3: not taken
+CND+ 0x7feb9ea3dfc0: taken
+CND+ 0x7feb9ea3e019: not taken
+CND+ 0x7feb9ea3e065: not taken
+CND+ 0x7feb9ea3e06f: not taken
+CND+ 0x7feb9ea3e089: both
+CND+ 0x7feb9ea3e09d: not taken
+CND+ 0x7feb9ea3e0ab: taken
+CND+ 0x7feb9ea3e14c: not taken
+CND+ 0x7feb9ea3e156: taken
+CND+ 0x7feb9ea3e1cc: taken
+CND+ 0x7feb9ea3e1ee: taken
+CND+ 0x7feb9ea3e811: both
+CND+ 0x7feb9ea3e81b: not taken
+CND+ 0x7feb9ea3e81f: not taken
+CND+ 0x7feb9ea3e839: taken
+CND+ 0x7feb9ea3e859: taken
+CND+ 0x7feb9ea3e861: taken
+CND+ 0x7feb9ea3f45f: taken
+CND+ 0x7feb9ea3f626: not taken
+CND+ 0x7feb9ea3f6ca: taken
+CND+ 0x7feb9ea3f762: taken
+CND+ 0x7feb9ea402a4: taken
+CND+ 0x7feb9ea402bd: not taken
+CND+ 0x7feb9ea402cd: not taken
+CND+ 0x7feb9ea4030f: taken
+CND+ 0x7feb9ea40327: taken
+CND+ 0x7feb9ea4033a: not taken
+CND+ 0x7feb9ea40343: taken
+CND+ 0x7feb9ea40381: not taken
+CND+ 0x7feb9ea403d6: taken
+CND+ 0x7feb9ea403e7: taken
+CND+ 0x7feb9ea40895: not taken
+CND+ 0x7feb9ea408a8: not taken
+CND+ 0x7feb9ea408d2: not taken
+CND+ 0x7feb9ea40907: not taken
+CND+ 0x7feb9ea40942: taken
+CND+ 0x7feb9ea40953: not taken
+CND+ 0x7feb9ea40963: taken
+CND+ 0x7feb9ea40a7b: not taken
+CND+ 0x7feb9ea40dbc: both
+CND+ 0x7feb9ea40dc9: both
+CND+ 0x7feb9ea40e03: not taken
+CND+ 0x7feb9ea40e0d: not taken
+CND+ 0x7feb9ea40e18: taken
+CND+ 0x7feb9ea411a1: not taken
+CND+ 0x7feb9ea411ab: not taken
+CND+ 0x7feb9ea411e4: taken
+CND+ 0x7feb9ea411f2: taken
+CND+ 0x7feb9ea4120a: not taken
+CND+ 0x7feb9ea41225: not taken
+CND+ 0x7feb9ea4122f: not taken
+CND+ 0x7feb9ea41247: taken
+CND+ 0x7feb9ea41533: taken
+CND+ 0x7feb9ea41582: taken
+CND+ 0x7feb9ea41655: taken
+CND+ 0x7feb9ea41698: taken
+CND+ 0x7feb9ea41703: not taken
+CND+ 0x7feb9ea4170c: taken
+CND+ 0x7feb9ea41725: not taken
+CND+ 0x7feb9ea41742: not taken
+CND+ 0x7feb9ea4175a: not taken
+CND+ 0x7feb9ea41765: not taken
+CND+ 0x7feb9ea41792: not taken
+CND+ 0x7feb9ea41797: taken
+CND+ 0x7feb9ea417a9: taken
+CND+ 0x7feb9ea417ad: not taken
+CND+ 0x7feb9ea417bc: taken
+CND+ 0x7feb9ea417ce: taken
+CND+ 0x7feb9ea41848: taken
+CND+ 0x7feb9ea41889: not taken
+CND+ 0x7feb9ea4189b: not taken
+CND+ 0x7feb9ea418a8: taken
+CND+ 0x7feb9ea41c2f: not taken
+CND+ 0x7feb9ea41c57: taken
+CND+ 0x7feb9ea41c65: not taken
+CND+ 0x7feb9ea41c6e: taken
+CND+ 0x7feb9ea41c86: not taken
+CND+ 0x7feb9ea41cae: taken
+CND+ 0x7feb9ea42366: taken
+CND+ 0x7feb9ea429d6: taken
+CND+ 0x7feb9ea42a31: not taken
+CND+ 0x7feb9ea42a51: taken
+CND+ 0x7feb9ea42aad: not taken
+CND+ 0x7feb9ea42ab5: taken
+CND+ 0x7feb9ea42b00: taken
+CND+ 0x7feb9ea42b5a: not taken
+CND+ 0x7feb9ea42b62: not taken
+CND+ 0x7feb9ea42b6b: not taken
+CND+ 0x7feb9ea42b75: not taken
+CND+ 0x7feb9ea42b7f: taken
+CND+ 0x7feb9ea42b9b: taken
+CND+ 0x7feb9ea42c3c: taken
+CND+ 0x7feb9ea42ed9: not taken
+CND+ 0x7feb9ea42ee6: not taken
+CND+ 0x7feb9ea42f01: not taken
+CND+ 0x7feb9ea42f1a: not taken
+CND+ 0x7feb9ea42f20: not taken
+CND+ 0x7feb9ea42f26: taken
+CND+ 0x7feb9ea4376c: not taken
+CND+ 0x7feb9ea4378c: not taken
+CND+ 0x7feb9ea437d8: both
+CND+ 0x7feb9ea437e1: taken
+CND+ 0x7feb9ea43806: not taken
+CND+ 0x7feb9ea43840: not taken
+CND+ 0x7feb9ea4384a: not taken
+CND+ 0x7feb9ea43965: both
+CND+ 0x7feb9ea43989: not taken
+CND+ 0x7feb9ea439b2: not taken
+CND+ 0x7feb9ea439bc: not taken
+CND+ 0x7feb9ea439e3: not taken
+CND+ 0x7feb9ea43a13: taken
+CND+ 0x7feb9ea43afd: not taken
+CND+ 0x7feb9ea43b1a: not taken
+CND+ 0x7feb9ea43b61: taken
+CND+ 0x7feb9ea44711: not taken
+CND+ 0x7feb9ea4471d: not taken
+CND+ 0x7feb9ea44722: not taken
+CND+ 0x7feb9ea44748: not taken
+CND+ 0x7feb9ea4474c: not taken
+CND+ 0x7feb9ea4475f: not taken
+CND+ 0x7feb9ea447a4: not taken
+CND+ 0x7feb9ea448f3: both
+CND+ 0x7feb9ea4490f: both
+CND+ 0x7feb9ea44911: not taken
+CND+ 0x7feb9ea4491a: taken
+CND+ 0x7feb9ea44a92: not taken
+CND+ 0x7feb9ea44aba: not taken
+CND+ 0x7feb9ea44ad5: both
+CND+ 0x7feb9ea44ade: taken
+CND+ 0x7feb9ea44af7: not taken
+CND+ 0x7feb9ea44b01: not taken
+CND+ 0x7feb9ea44b05: not taken
+CND+ 0x7feb9ea44b19: taken
+CND+ 0x7feb9ea44c50: not taken
+CND+ 0x7feb9ea44c62: taken
+CND+ 0x7feb9ea44db1: not taken
+CND+ 0x7feb9ea44dea: both
+CND+ 0x7feb9ea44e13: not taken
+CND+ 0x7feb9ea44e20: taken
+CND+ 0x7feb9ea44e2d: not taken
+CND+ 0x7feb9ea44e43: not taken
+CND+ 0x7feb9ea44e4f: both
+CND+ 0x7feb9ea44e58: not taken
+CND+ 0x7feb9ea44e72: taken
+CND+ 0x7feb9ea44ee7: taken
+CND+ 0x7feb9ea4575d: both
+CND+ 0x7feb9ea4576f: not taken
+CND+ 0x7feb9ea45782: both
+CND+ 0x7feb9ea45787: both
+CND+ 0x7feb9ea45795: both
+CND+ 0x7feb9ea458b1: not taken
+CND+ 0x7feb9ea458dc: not taken
+CND+ 0x7feb9ea458ea: not taken
+CND+ 0x7feb9ea458ec: both
+CND+ 0x7feb9ea458f5: not taken
+CND+ 0x7feb9ea458fb: taken
+CND+ 0x7feb9ea45943: not taken
+CND+ 0x7feb9ea4594c: taken
+CND+ 0x7feb9ea45983: not taken
+CND+ 0x7feb9ea45989: both
+CND+ 0x7feb9ea45990: not taken
+CND+ 0x7feb9ea459ab: taken
+CND+ 0x7feb9ea45a0b: taken
+CND+ 0x7feb9ea45b10: both
+CND+ 0x7feb9ea45b1c: not taken
+CND+ 0x7feb9ea45b21: both
+CND+ 0x7feb9ea45b2f: not taken
+CND+ 0x7feb9ea45b37: both
+CND+ 0x7feb9ea45b44: both
+CND+ 0x7feb9ea45b5e: taken
+CND+ 0x7feb9ea45b92: both
+CND+ 0x7feb9ea45b9b: taken
+CND+ 0x7feb9ea45bfb: taken
+CND+ 0x7feb9ea45d68: both
+CND+ 0x7feb9ea45d71: taken
+CND+ 0x7feb9ea45d8b: not taken
+CND+ 0x7feb9ea45da3: taken
+CND+ 0x7feb9ea45ddd: taken
+CND+ 0x7feb9ea45e02: not taken
+CND+ 0x7feb9ea45e0b: taken
+CND+ 0x7feb9ea45e2f: not taken
+CND+ 0x7feb9ea45e35: taken
+CND+ 0x7feb9ea45e4f: not taken
+CND+ 0x7feb9ea45e58: both
+CND+ 0x7feb9ea45f7d: not taken
+CND+ 0x7feb9ea4602c: not taken
+CND+ 0x7feb9ea460c7: not taken
+CND+ 0x7feb9ea460d0: both
+CND+ 0x7feb9ea460d9: not taken
+CND+ 0x7feb9ea465a7: both
+CND+ 0x7feb9ea465ed: not taken
+CND+ 0x7feb9ea465f2: taken
+CND+ 0x7feb9ea46682: not taken
+CND+ 0x7feb9ea466a1: not taken
+CND+ 0x7feb9ea467bb: not taken
+CND+ 0x7feb9ea46835: not taken
+CND+ 0x7feb9ea46870: not taken
+CND+ 0x7feb9ea4688e: not taken
+CND+ 0x7feb9ea4689e: not taken
+CND+ 0x7feb9ea469ca: both
+CND+ 0x7feb9ea469ea: taken
+CND+ 0x7feb9ea469f6: taken
+CND+ 0x7feb9ea46a15: taken
+CND+ 0x7feb9ea46a38: not taken
+CND+ 0x7feb9ea46a48: taken
+CND+ 0x7feb9ea46abb: not taken
+CND+ 0x7feb9ea4714f: not taken
+CND+ 0x7feb9ea4716f: not taken
+CND+ 0x7feb9ea4717e: taken
+CND+ 0x7feb9ea47a5f: taken
+CND+ 0x7feb9ea47b46: not taken
+CND+ 0x7feb9ea47b50: taken
+CND+ 0x7feb9ea47b69: taken
+CND+ 0x7feb9ea47b93: taken
+CND+ 0x7feb9ea47d2b: taken
+CND+ 0x7feb9ea47e50: not taken
+CND+ 0x7feb9ea48227: taken
+CND+ 0x7feb9ea4825f: not taken
+CND+ 0x7feb9ea48278: taken
+CND+ 0x7feb9ea482b9: not taken
+CND+ 0x7feb9ea482d7: taken
+CND+ 0x7feb9ea4830b: taken
+CND+ 0x7feb9ea48383: taken
+CND+ 0x7feb9ea483e2: taken
+CND+ 0x7feb9ea48456: taken
+CND+ 0x7feb9ea48488: both
+CND+ 0x7feb9ea4848c: not taken
+CND+ 0x7feb9ea48493: not taken
+CND+ 0x7feb9ea48498: both
+CND+ 0x7feb9ea484e0: not taken
+CND+ 0x7feb9ea48512: not taken
+CND+ 0x7feb9ea48519: taken
+CND+ 0x7feb9ea48548: not taken
+CND+ 0x7feb9ea4854d: not taken
+CND+ 0x7feb9ea485c9: not taken
+CND+ 0x7feb9ea485d7: taken
+CND+ 0x7feb9ea486f8: taken
+CND+ 0x7feb9ea487b9: not taken
+CND+ 0x7feb9ea48830: not taken
+CND+ 0x7feb9ea48846: taken
+CND+ 0x7feb9ea4886e: not taken
+CND+ 0x7feb9ea48b09: not taken
+CND+ 0x7feb9ea48b13: not taken
+CND+ 0x7feb9ea48c18: taken
+CND+ 0x7feb9ea48c9d: not taken
+CND+ 0x7feb9ea48dfa: taken
+CND+ 0x7feb9ea4a946: both
+CND+ 0x7feb9ea4a963: both
+CND+ 0x7feb9ea4a968: not taken
+CND+ 0x7feb9ea4a96e: not taken
+CND+ 0x7feb9ea4a986: not taken
+CND+ 0x7feb9ea4a98b: both
+CND+ 0x7feb9ea4a99a: both
+CND+ 0x7feb9ea4a99f: both
+CND+ 0x7feb9ea4a9ac: both
+CND+ 0x7feb9ea4a9b7: both
+CND+ 0x7feb9ea4a9c4: not taken
+CND+ 0x7feb9ea4aa10: not taken
+CND+ 0x7feb9ea4aa15: taken
+CND+ 0x7feb9ea4aa2e: both
+CND+ 0x7feb9ea4aa32: both
+CND+ 0x7feb9ea4aa5c: both
+CND+ 0x7feb9ea4aadd: not taken
+CND+ 0x7feb9ea4aae2: not taken
+CND+ 0x7feb9ea4aafe: not taken
+CND+ 0x7feb9ea4ab02: both
+CND+ 0x7feb9ea4ab48: both
+CND+ 0x7feb9ea4ab52: not taken
+CND+ 0x7feb9ea4ab5c: not taken
+CND+ 0x7feb9ea4ab65: both
+CND+ 0x7feb9ea4ab6b: taken
+CND+ 0x7feb9ea4ab75: not taken
+CND+ 0x7feb9ea4ab95: not taken
+CND+ 0x7feb9ea4aba2: not taken
+CND+ 0x7feb9ea4abc4: not taken
+CND+ 0x7feb9ea4abce: not taken
+CND+ 0x7feb9ea4abf6: taken
+CND+ 0x7feb9ea4ac24: taken
+CND+ 0x7feb9ea4ace1: not taken
+CND+ 0x7feb9ea4acea: not taken
+CND+ 0x7feb9ea4acf3: not taken
+CND+ 0x7feb9ea4ad25: not taken
+CND+ 0x7feb9ea4ad53: not taken
+CND+ 0x7feb9ea4ad5d: not taken
+CND+ 0x7feb9ea4aeb5: not taken
+CND+ 0x7feb9ea4aeba: not taken
+CND+ 0x7feb9ea4aed8: both
+CND+ 0x7feb9ea4aedc: taken
+CND+ 0x7feb9ea4af0f: not taken
+CND+ 0x7feb9ea4af15: not taken
+CND+ 0x7feb9ea4b46f: not taken
+CND+ 0x7feb9ea4b53d: not taken
+CND+ 0x7feb9ea4b547: not taken
+CND+ 0x7feb9ea4b605: not taken
+CND+ 0x7feb9ea4b60f: not taken
+CND+ 0x7feb9ea4b647: not taken
+CND+ 0x7feb9ea4b65e: not taken
+CND+ 0x7feb9ea4b7bd: taken
+CND+ 0x7feb9ea4b7d2: taken
+CND+ 0x7feb9ea4b7df: not taken
+CND+ 0x7feb9ea4b7e4: both
+CND+ 0x7feb9ea4b7fa: taken
+CND+ 0x7feb9ea4b856: not taken
+CND+ 0x7feb9ea4b85b: taken
+CND+ 0x7feb9ea4b87a: not taken
+CND+ 0x7feb9ea4b89a: not taken
+CND+ 0x7feb9ea4b8b7: not taken
+CND+ 0x7feb9ea4b8c5: not taken
+CND+ 0x7feb9ea4b8d4: taken
+CND+ 0x7feb9ea4bdf1: not taken
+CND+ 0x7feb9ea4be0c: not taken
@0x7feb9ea4ac19 to 0x7feb9ea3e7d0 1
@0x7feb9ea4ac19 to 0x7feb9ea45120 1
@0x7feb9ea3a050 to 0x7feba2573a30 4
@0x7feb9ea3a080 to 0x7feba2513330 2
@0x7feb9ea3a090 to 0x7feba25b5710 1
@0x7feb9ea3a0a0 to 0x7feba258be70 5
@0x7feb9ea3a0d0 to 0x7feba2526a20 7
@0x7feb9ea3a0f0 to 0x7feba264a800 4
@0x7feb9ea3a130 to 0x7feba25b61e0 1
@0x7feb9ea3a140 to 0x7feba252ac10 1
@0x7feb9ea3a150 to 0x7feba25d8800 4
@0x7feb9ea3a160 to 0x7feba25b5230 1
@0x7feb9ea3a190 to 0x7feba264abc0 8
@0x7feb9ea3a1c0 to 0x7feba25b6200 1
@0x7feb9ea3a1e0 to 0x7feba264a5d0 1
@0x7feb9ea3a220 to 0x7feba25b6210 2
@0x7feb9ea3a230 to 0x7feba25d9b10 1
@0x7feb9ea3c16e to 0x7feb9ea3c1c0 1
@0x7feb9ea3a280 to 0x7feba2645d10 11
@0x7feb9ea3a2a0 to 0x7feba2526450 4
@0x7feb9ea3c1ac to 0x7feb9ea3ce90 1
@0x7feb9ea3a2d0 to 0x7feba2646100 9
@0x7feb9ea3a320 to 0x7feba25270f0 4
@0x7feb9ea3a330 to 0x7feba264b100 6
@0x7feb9ea3a350 to 0x7feba25b6220 1
@0x7feb9ea3a370 to 0x7feba25d8800 2
@0x7feb9ea3a390 to 0x7feba25733e0 23
@0x7feb9ea3a3b0 to 0x7feba25b6230 1
@0x7feb9ea3a3c0 to 0x7feba2645e90 22
@0x7feb9ea3a3e0 to 0x7feba25f6ba0 1
@0x7feb9ea3a410 to 0x7feba2573c80 1
@0x7feb9ea3a460 to 0x7feba264b0e0 13
@0x7feb9ea3a510 to 0x7feba25b61f0 1
@0x7feb9ea3a560 to 0x7feba25b54e0 1
@0x7feb9ea3a570 to 0x7feba251f580 191
@0x7feb9ea45f91 to 0x7feb9ea46075 1
@0x7feb9ea3a784 to 0x7feba2512fb0 1
@0x7feb9ea4be01 to 0x7feb9ea3a840 1
@0x7feb9ea4855f to 0x7feb9ea48580 1
@0x7feb9ea4855f to 0x7feb9ea485c0 1
@0x7feb9ea4855f to 0x7feb9ea485a8 2
@0x7feb9ea468af to 0x7feb9ea46a01 180
@0x7feb9ea468af to 0x7feb9ea469f0 10
@0x7feb9ea468af to 0x7feb9ea46a28 1
