MODULE_NAME: /bin/dash
MODULE_START: 0x7f10c918f000
+B+: 0x7f10c9193000 0x7f10c919300f
+B+: 0x7f10c9193012 0x7f10c9193016
+B+: 0x7f10c9193050 0x7f10c9193055
+B+: 0x7f10c9193080 0x7f10c9193085
+B+: 0x7f10c9193090 0x7f10c9193095
+B+: 0x7f10c91930a0 0x7f10c91930a5
+B+: 0x7f10c91930d0 0x7f10c91930d5
+B+: 0x7f10c91930f0 0x7f10c91930f5
+B+: 0x7f10c9193130 0x7f10c9193135
+B+: 0x7f10c9193140 0x7f10c9193145
+B+: 0x7f10c9193150 0x7f10c9193155
+B+: 0x7f10c9193160 0x7f10c9193165
+B+: 0x7f10c9193190 0x7f10c9193195
+B+: 0x7f10c91931c0 0x7f10c91931c5
+B+: 0x7f10c91931e0 0x7f10c91931e5
+B+: 0x7f10c9193220 0x7f10c9193225
+B+: 0x7f10c9193230 0x7f10c9193235
+B+: 0x7f10c9193280 0x7f10c9193285
+B+: 0x7f10c91932a0 0x7f10c91932a5
+B+: 0x7f10c91932d0 0x7f10c91932d5
+B+: 0x7f10c9193320 0x7f10c9193325
+B+: 0x7f10c9193330 0x7f10c9193335
+B+: 0x7f10c9193350 0x7f10c9193355
+B+: 0x7f10c9193370 0x7f10c9193375
+B+: 0x7f10c9193390 0x7f10c9193395
+B+: 0x7f10c91933b0 0x7f10c91933b5
+B+: 0x7f10c91933c0 0x7f10c91933c5
+B+: 0x7f10c91933e0 0x7f10c91933e5
+B+: 0x7f10c9193410 0x7f10c9193415
+B+: 0x7f10c9193460 0x7f10c9193465
+B+: 0x7f10c9193510 0x7f10c9193515
+B+: 0x7f10c9193560 0x7f10c9193565
+B+: 0x7f10c9193570 0x7f10c9193575
+B+: 0x7f10c9193590 0x7f10c91935b8
+B+: 0x7f10c91935b9 0x7f10c91935c4
+B+: 0x7f10c91935c5 0x7f10c91935cf
+B+: 0x7f10c91935d0 0x7f10c91935e7
+B+: 0x7f10c91935e8 0x7f10c91935ef
+B+: 0x7f10c91935f0 0x7f10c9193600
+B+: 0x7f10c9193601 0x7f10c919360b
+B+: 0x7f10c919360c 0x7f10c9193615
+B+: 0x7f10c9193616 0x7f10c9193623
+B+: 0x7f10c9193624 0x7f10c919362b
+B+: 0x7f10c919362c 0x7f10c919363c
+B+: 0x7f10c9193657 0x7f10c9193660
+B+: 0x7f10c9193661 0x7f10c9193678
+B+: 0x7f10c9193679 0x7f10c919367f
+B+: 0x7f10c9193680 0x7f10c919368c
+B+: 0x7f10c919368d 0x7f10c9193696
+B+: 0x7f10c9193697 0x7f10c919369b
+B+: 0x7f10c9193760 0x7f10c9193789
+B+: 0x7f10c91937c0 0x7f10c91937e3
+B+: 0x7f10c91937f8 0x7f10c91937f8
+B+: 0x7f10c9193840 0x7f10c9193844
+B+: 0x7f10c9193850 0x7f10c9193863
+B+: 0x7f10c9193864 0x7f10c919386f
+B+: 0x7f10c9193870 0x7f10c919387d
+B+: 0x7f10c919387e 0x7f10c91938aa
+B+: 0x7f10c91938ab 0x7f10c91938ac
+B+: 0x7f10c91938cb 0x7f10c91938d2
+B+: 0x7f10c9193a50 0x7f10c9193a57
+B+: 0x7f10c9193a58 0x7f10c9193a5e
+B+: 0x7f10c9193a5f 0x7f10c9193a63
+B+: 0x7f10c9193a71 0x7f10c9193a72
+B+: 0x7f10c91946d0 0x7f10c91946eb
+B+: 0x7f10c91946ec 0x7f10c9194705
+B+: 0x7f10c9194717 0x7f10c919471b
+B+: 0x7f10c919471c 0x7f10c9194720
+B+: 0x7f10c919472c 0x7f10c9194730
+B+: 0x7f10c919473e 0x7f10c919474d
+B+: 0x7f10c919474e 0x7f10c9194757
+B+: 0x7f10c9194758 0x7f10c9194775
+B+: 0x7f10c9194780 0x7f10c9194788
+B+: 0x7f10c9194789 0x7f10c9194790
+B+: 0x7f10c9194791 0x7f10c919479c
+B+: 0x7f10c9195060 0x7f10c919507e
+B+: 0x7f10c919510d 0x7f10c919511c
+B+: 0x7f10c919511d 0x7f10c9195123
+B+: 0x7f10c9195140 0x7f10c919514a
+B+: 0x7f10c919514b 0x7f10c9195152
+B+: 0x7f10c9195153 0x7f10c919515d
+B+: 0x7f10c919515e 0x7f10c919516f
+B+: 0x7f10c9195188 0x7f10c919518c
+B+: 0x7f10c919518d 0x7f10c9195191
+B+: 0x7f10c9195192 0x7f10c919519c
+B+: 0x7f10c91951a7 0x7f10c91951ad
+B+: 0x7f10c91951ae 0x7f10c91951b5
+B+: 0x7f10c91951c0 0x7f10c91951cf
+B+: 0x7f10c9195bc0 0x7f10c9195bfa
+B+: 0x7f10c9195bfb 0x7f10c9195c07
+B+: 0x7f10c9195c08 0x7f10c9195c0f
+B+: 0x7f10c9195c10 0x7f10c9195c11
+B+: 0x7f10c9195c18 0x7f10c9195c21
+B+: 0x7f10c9195c22 0x7f10c9195c2e
+B+: 0x7f10c9195c32 0x7f10c9195c39
+B+: 0x7f10c9195c3a 0x7f10c9195c49
+B+: 0x7f10c9195c4a 0x7f10c9195c51
+B+: 0x7f10c9195c52 0x7f10c9195c58
+B+: 0x7f10c9195c59 0x7f10c9195c60
+B+: 0x7f10c9195c61 0x7f10c9195c68
+B+: 0x7f10c9195c69 0x7f10c9195c6d
+B+: 0x7f10c9195c6e 0x7f10c9195c77
+B+: 0x7f10c9195c78 0x7f10c9195c89
+B+: 0x7f10c9195c8a 0x7f10c9195c98
+B+: 0x7f10c9195e90 0x7f10c9195ed3
+B+: 0x7f10c9195edf 0x7f10c9195ef5
+B+: 0x7f10c9195ef6 0x7f10c9195efa
+B+: 0x7f10c9195efb 0x7f10c9195f5a
+B+: 0x7f10c9195f5b 0x7f10c9195f67
+B+: 0x7f10c9195f68 0x7f10c9195f77
+B+: 0x7f10c9195f78 0x7f10c9195f7f
+B+: 0x7f10c9195f80 0x7f10c9195f8b
+B+: 0x7f10c9195f8c 0x7f10c9195f94
+B+: 0x7f10c9195f95 0x7f10c9195f9b
+B+: 0x7f10c9195fa0 0x7f10c9195faf
+B+: 0x7f10c9195fb0 0x7f10c9195fc5
+B+: 0x7f10c9195fc6 0x7f10c9195fcf
+B+: 0x7f10c9195fd0 0x7f10c9195fe3
+B+: 0x7f10c9195fe4 0x7f10c9195ffc
+B+: 0x7f10c9196019 0x7f10c919602b
+B+: 0x7f10c919602c 0x7f10c9196034
+B+: 0x7f10c9196035 0x7f10c9196047
+B+: 0x7f10c9196048 0x7f10c919605b
+B+: 0x7f10c91960a8 0x7f10c91960b4
+B+: 0x7f10c91960b5 0x7f10c91960b9
+B+: 0x7f10c91960db 0x7f10c91960e1
+B+: 0x7f10c91960f0 0x7f10c9196103
+B+: 0x7f10c9196104 0x7f10c9196113
+B+: 0x7f10c9196114 0x7f10c919611b
+B+: 0x7f10c919611c 0x7f10c9196122
+B+: 0x7f10c9196123 0x7f10c9196152
+B+: 0x7f10c9196153 0x7f10c919615f
+B+: 0x7f10c9196160 0x7f10c9196168
+B+: 0x7f10c9196216 0x7f10c919621c
+B+: 0x7f10c9196224 0x7f10c919622d
+B+: 0x7f10c919622e 0x7f10c9196237
+B+: 0x7f10c9196238 0x7f10c9196241
+B+: 0x7f10c9196242 0x7f10c919624b
+B+: 0x7f10c919625d 0x7f10c9196266
+B+: 0x7f10c9196267 0x7f10c9196281
+B+: 0x7f10c9196282 0x7f10c9196293
+B+: 0x7f10c919634c 0x7f10c9196353
+B+: 0x7f10c9196354 0x7f10c919636f
+B+: 0x7f10c919651b 0x7f10c9196525
+B+: 0x7f10c9196526 0x7f10c919652e
+B+: 0x7f10c919652f 0x7f10c9196537
+B+: 0x7f10c91968d0 0x7f10c91968ec
+B+: 0x7f10c91968ed 0x7f10c91968f1
+B+: 0x7f10c91968f8 0x7f10c91968fa
+B+: 0x7f10c91968fb 0x7f10c9196907
+B+: 0x7f10c9196908 0x7f10c919693e
+B+: 0x7f10c919693f 0x7f10c9196940
+B+: 0x7f10c9196963 0x7f10c9196977
+B+: 0x7f10c9196980 0x7f10c9196986
+B+: 0x7f10c9196987 0x7f10c919698e
+B+: 0x7f10c919698f 0x7f10c9196997
+B+: 0x7f10c9196998 0x7f10c91969ba
+B+: 0x7f10c91969bb 0x7f10c91969bc
+B+: 0x7f10c91969c0 0x7f10c91969e7
+B+: 0x7f10c91969e8 0x7f10c91969f7
+B+: 0x7f10c9196a19 0x7f10c9196a21
+B+: 0x7f10c9196a22 0x7f10c9196a2a
+B+: 0x7f10c9196a2b 0x7f10c9196a34
+B+: 0x7f10c9196a35 0x7f10c9196a3f
+B+: 0x7f10c9196ad0 0x7f10c9196ae9
+B+: 0x7f10c9196aea 0x7f10c9196b00
+B+: 0x7f10c9196b10 0x7f10c9196b1f
+B+: 0x7f10c9196b20 0x7f10c9196b2b
+B+: 0x7f10c9196b2c 0x7f10c9196b31
+B+: 0x7f10c9196b32 0x7f10c9196b41
+B+: 0x7f10c9196b56 0x7f10c9196b61
+B+: 0x7f10c9196b62 0x7f10c9196b6f
+B+: 0x7f10c9196b70 0x7f10c9196b85
+B+: 0x7f10c9196b86 0x7f10c9196b97
+B+: 0x7f10c9196b98 0x7f10c9196bc0
+B+: 0x7f10c9196bc8 0x7f10c9196bcc
+B+: 0x7f10c9196bcd 0x7f10c9196bea
+B+: 0x7f10c9196d70 0x7f10c9196d98
+B+: 0x7f10c9196da0 0x7f10c9196da1
+B+: 0x7f10c9196da2 0x7f10c9196daa
+B+: 0x7f10c9196dab 0x7f10c9196dc5
+B+: 0x7f10c9196dc6 0x7f10c9196dc9
+B+: 0x7f10c9196dca 0x7f10c9196dd1
+B+: 0x7f10c9196dd2 0x7f10c9196de6
+B+: 0x7f10c9196df0 0x7f10c9196e2a
+B+: 0x7f10c9196e2b 0x7f10c9196e2f
+B+: 0x7f10c9196e46 0x7f10c9196e5c
+B+: 0x7f10c9196e5d 0x7f10c9196e6e
+B+: 0x7f10c9196e90 0x7f10c9196ead
+B+: 0x7f10c9196ec8 0x7f10c9196ed1
+B+: 0x7f10c9196ed2 0x7f10c9196edd
+B+: 0x7f10c9196f6c 0x7f10c9196f8f
+B+: 0x7f10c9196f90 0x7f10c9196f9c
+B+: 0x7f10c9196f9d 0x7f10c9196fa8
+B+: 0x7f10c9196fa9 0x7f10c9196fb0
+B+: 0x7f10c9196fb1 0x7f10c9196fc5
+B+: 0x7f10c9197008 0x7f10c9197012
+B+: 0x7f10c9197013 0x7f10c919701e
+B+: 0x7f10c919701f 0x7f10c919702e
+B+: 0x7f10c9197060 0x7f10c9197066
+B+: 0x7f10c9197067 0x7f10c9197074
+B+: 0x7f10c9197075 0x7f10c9197086
+B+: 0x7f10c9197087 0x7f10c919708e
+B+: 0x7f10c919708f 0x7f10c91970a2
+B+: 0x7f10c91970a3 0x7f10c91970b0
+B+: 0x7f10c9197100 0x7f10c9197116
+B+: 0x7f10c9197145 0x7f10c919714d
+B+: 0x7f10c919714e 0x7f10c9197157
+B+: 0x7f10c9197160 0x7f10c9197166
+B+: 0x7f10c91971c0 0x7f10c91971d1
+B+: 0x7f10c91971e8 0x7f10c91971ef
+B+: 0x7f10c9197248 0x7f10c919725b
+B+: 0x7f10c919725c 0x7f10c9197271
+B+: 0x7f10c91977d0 0x7f10c91977ff
+B+: 0x7f10c919780f 0x7f10c9197812
+B+: 0x7f10c9197813 0x7f10c919781c
+B+: 0x7f10c919781d 0x7f10c9197820
+B+: 0x7f10c9197821 0x7f10c919782f
+B+: 0x7f10c9197830 0x7f10c919783a
+B+: 0x7f10c919784f 0x7f10c919785a
+B+: 0x7f10c919785f 0x7f10c9197862
+B+: 0x7f10c9197870 0x7f10c9197877
+B+: 0x7f10c9197878 0x7f10c919788d
+B+: 0x7f10c9198440 0x7f10c9198464
+B+: 0x7f10c919861e 0x7f10c9198627
+B+: 0x7f10c9198628 0x7f10c9198631
+B+: 0x7f10c9198632 0x7f10c9198659
+B+: 0x7f10c91986af 0x7f10c91986bc
+B+: 0x7f10c91986c0 0x7f10c91986cb
+B+: 0x7f10c9198730 0x7f10c919873b
+B+: 0x7f10c9198740 0x7f10c919875e
+B+: 0x7f10c919875f 0x7f10c9198767
+B+: 0x7f10c91987d2 0x7f10c91987e3
+B+: 0x7f10c91988a0 0x7f10c91988a7
+B+: 0x7f10c9199260 0x7f10c91992a5
+B+: 0x7f10c91992b5 0x7f10c91992be
+B+: 0x7f10c91992bf 0x7f10c91992d2
+B+: 0x7f10c91992d3 0x7f10c91992fc
+B+: 0x7f10c91992fd 0x7f10c9199310
+B+: 0x7f10c9199324 0x7f10c9199328
+B+: 0x7f10c9199336 0x7f10c919933f
+B+: 0x7f10c9199340 0x7f10c9199344
+B+: 0x7f10c9199370 0x7f10c9199386
+B+: 0x7f10c9199387 0x7f10c9199398
+B+: 0x7f10c91993a0 0x7f10c91993b6
+B+: 0x7f10c91993b7 0x7f10c91993d7
+B+: 0x7f10c91993dd 0x7f10c91993ec
+B+: 0x7f10c9199850 0x7f10c9199886
+B+: 0x7f10c9199887 0x7f10c919989a
+B+: 0x7f10c919989b 0x7f10c91998ad
+B+: 0x7f10c91998ae 0x7f10c91998c4
+B+: 0x7f10c91998c5 0x7f10c91998d7
+B+: 0x7f10c91998d8 0x7f10c91998e7
+B+: 0x7f10c91998e8 0x7f10c919990c
+B+: 0x7f10c919990d 0x7f10c9199915
+B+: 0x7f10c9199924 0x7f10c9199933
+B+: 0x7f10c9199934 0x7f10c9199947
+B+: 0x7f10c9199948 0x7f10c9199954
+B+: 0x7f10c9199955 0x7f10c919995f
+B+: 0x7f10c9199960 0x7f10c9199964
+B+: 0x7f10c9199a6a 0x7f10c9199a7c
+B+: 0x7f10c9199a7d 0x7f10c9199a9c
+B+: 0x7f10c9199ba0 0x7f10c9199bad
+B+: 0x7f10c9199bae 0x7f10c9199be1
+B+: 0x7f10c9199bf0 0x7f10c9199bfb
+B+: 0x7f10c9199db0 0x7f10c9199dbd
+B+: 0x7f10c9199dbe 0x7f10c9199dca
+B+: 0x7f10c9199dcb 0x7f10c9199de3
+B+: 0x7f10c9199de8 0x7f10c9199df4
+B+: 0x7f10c9199df8 0x7f10c9199e04
+B+: 0x7f10c9199e05 0x7f10c9199e12
+B+: 0x7f10c9199e13 0x7f10c9199e1d
+B+: 0x7f10c9199eb4 0x7f10c9199ec1
+B+: 0x7f10c919a160 0x7f10c919a174
+B+: 0x7f10c919a175 0x7f10c919a187
+B+: 0x7f10c919a188 0x7f10c919a1a2
+B+: 0x7f10c919a1a3 0x7f10c919a1ac
+B+: 0x7f10c919a1ad 0x7f10c919a1b3
+B+: 0x7f10c919a1d0 0x7f10c919a1e5
+B+: 0x7f10c919a1eb 0x7f10c919a1f3
+B+: 0x7f10c919a205 0x7f10c919a20b
+B+: 0x7f10c919a20c 0x7f10c919a21d
+B+: 0x7f10c919a21e 0x7f10c919a226
+B+: 0x7f10c919a227 0x7f10c919a230
+B+: 0x7f10c919a231 0x7f10c919a232
+B+: 0x7f10c919a240 0x7f10c919a248
+B+: 0x7f10c919a260 0x7f10c919a260
+B+: 0x7f10c919a520 0x7f10c919a534
+B+: 0x7f10c919a572 0x7f10c919a578
+B+: 0x7f10c919a580 0x7f10c919a583
+B+: 0x7f10c919a610 0x7f10c919a656
+B+: 0x7f10c919a65b 0x7f10c919a686
+B+: 0x7f10c919a687 0x7f10c919a69d
+B+: 0x7f10c919a6fc 0x7f10c919a708
+B+: 0x7f10c919a709 0x7f10c919a711
+B+: 0x7f10c919a712 0x7f10c919a72a
+B+: 0x7f10c919a72b 0x7f10c919a73c
+B+: 0x7f10c919a740 0x7f10c919a747
+B+: 0x7f10c919a748 0x7f10c919a75f
+B+: 0x7f10c919a760 0x7f10c919a766
+B+: 0x7f10c919a767 0x7f10c919a780
+B+: 0x7f10c919a790 0x7f10c919a793
+B+: 0x7f10c919a794 0x7f10c919a798
+B+: 0x7f10c919a7a2 0x7f10c919a7aa
+B+: 0x7f10c919a7ab 0x7f10c919a7ae
+B+: 0x7f10c919a7af 0x7f10c919a7bd
+B+: 0x7f10c919a7cb 0x7f10c919a7d3
+B+: 0x7f10c919a825 0x7f10c919a841
+B+: 0x7f10c919a842 0x7f10c919a84d
+B+: 0x7f10c919a87e 0x7f10c919a88e
+B+: 0x7f10c919a88f 0x7f10c919a8a0
+B+: 0x7f10c919a8a1 0x7f10c919a8ad
+B+: 0x7f10c919ac10 0x7f10c919ac30
+B+: 0x7f10c919ac31 0x7f10c919ac58
+B+: 0x7f10c919ac5e 0x7f10c919ac66
+B+: 0x7f10c919ac67 0x7f10c919ac6f
+B+: 0x7f10c919ac78 0x7f10c919ac87
+B+: 0x7f10c919ac88 0x7f10c919ac89
+B+: 0x7f10c919aca0 0x7f10c919acaf
+B+: 0x7f10c919acba 0x7f10c919acc4
+B+: 0x7f10c919ace0 0x7f10c919ace8
+B+: 0x7f10c919b360 0x7f10c919b36b
+B+: 0x7f10c919b480 0x7f10c919b480
+B+: 0x7f10c919b9c0 0x7f10c919b9db
+B+: 0x7f10c919ba16 0x7f10c919ba32
+B+: 0x7f10c919ba33 0x7f10c919ba52
+B+: 0x7f10c919ba63 0x7f10c919ba6a
+B+: 0x7f10c919ba90 0x7f10c919baa6
+B+: 0x7f10c919baa7 0x7f10c919baae
+B+: 0x7f10c919baaf 0x7f10c919bab6
+B+: 0x7f10c919baf6 0x7f10c919bb01
+B+: 0x7f10c919bb0c 0x7f10c919bb34
+B+: 0x7f10c919bb40 0x7f10c919bb57
+B+: 0x7f10c919bb58 0x7f10c919bb5f
+B+: 0x7f10c919bb60 0x7f10c919bb67
+B+: 0x7f10c919bb68 0x7f10c919bb70
+B+: 0x7f10c919bb71 0x7f10c919bb7a
+B+: 0x7f10c919bb7b 0x7f10c919bb80
+B+: 0x7f10c919bb97 0x7f10c919bb9c
+B+: 0x7f10c919bc0a 0x7f10c919bc3d
+B+: 0x7f10c919bc47 0x7f10c919bc53
+B+: 0x7f10c919bed0 0x7f10c919bede
+B+: 0x7f10c919bedf 0x7f10c919bee7
+B+: 0x7f10c919bee8 0x7f10c919befc
+B+: 0x7f10c919befd 0x7f10c919bf02
+B+: 0x7f10c919bf03 0x7f10c919bf1b
+B+: 0x7f10c919bf1c 0x7f10c919bf21
+B+: 0x7f10c919bf22 0x7f10c919bf2b
+B+: 0x7f10c919bfc0 0x7f10c919bfc7
+B+: 0x7f10c919bfc8 0x7f10c919bfd0
+B+: 0x7f10c919c760 0x7f10c919c768
+B+: 0x7f10c919c769 0x7f10c919c76d
+B+: 0x7f10c919c76e 0x7f10c919c772
+B+: 0x7f10c919c780 0x7f10c919c788
+B+: 0x7f10c919c789 0x7f10c919c78d
+B+: 0x7f10c919c78e 0x7f10c919c792
+B+: 0x7f10c919c7c0 0x7f10c919c7d9
+B+: 0x7f10c919c7da 0x7f10c919c7e6
+B+: 0x7f10c919c7f7 0x7f10c919c802
+B+: 0x7f10c919c803 0x7f10c919c80b
+B+: 0x7f10c919c80c 0x7f10c919c841
+B+: 0x7f10c919c842 0x7f10c919c84b
+B+: 0x7f10c919c84c 0x7f10c919c852
+B+: 0x7f10c919c853 0x7f10c919c875
+B+: 0x7f10c919c880 0x7f10c919c88e
+B+: 0x7f10c919c8b0 0x7f10c919c8c8
+B+: 0x7f10c919c900 0x7f10c919c941
+B+: 0x7f10c919c950 0x7f10c919c966
+B+: 0x7f10c919c967 0x7f10c919c97e
+B+: 0x7f10c919c97f 0x7f10c919c98a
+B+: 0x7f10c919c98b 0x7f10c919c9b3
+B+: 0x7f10c919c9b4 0x7f10c919c9bd
+B+: 0x7f10c919c9be 0x7f10c919c9bf
+B+: 0x7f10c919c9d0 0x7f10c919c9e8
+B+: 0x7f10c919c9e9 0x7f10c919ca14
+B+: 0x7f10c919ca1e 0x7f10c919ca25
+B+: 0x7f10c919ca26 0x7f10c919ca33
+B+: 0x7f10c919ca34 0x7f10c919ca46
+B+: 0x7f10c919cae0 0x7f10c919cafe
+B+: 0x7f10c919caff 0x7f10c919cb0c
+B+: 0x7f10c919cb0d 0x7f10c919cb1b
+B+: 0x7f10c919cb1c 0x7f10c919cb2c
+B+: 0x7f10c919cb40 0x7f10c919cb62
+B+: 0x7f10c919cb98 0x7f10c919cba9
+B+: 0x7f10c919d6d0 0x7f10c919d6f4
+B+: 0x7f10c919d6f5 0x7f10c919d70d
+B+: 0x7f10c919d70e 0x7f10c919d712
+B+: 0x7f10c919d713 0x7f10c919d71e
+B+: 0x7f10c919d71f 0x7f10c919d723
+B+: 0x7f10c919d724 0x7f10c919d728
+B+: 0x7f10c919d729 0x7f10c919d730
+B+: 0x7f10c919d73c 0x7f10c919d749
+B+: 0x7f10c919d74a 0x7f10c919d74d
+B+: 0x7f10c919d74e 0x7f10c919d760
+B+: 0x7f10c919d761 0x7f10c919d76b
+B+: 0x7f10c919d790 0x7f10c919d79d
+B+: 0x7f10c919d79e 0x7f10c919d7a5
+B+: 0x7f10c919d7a6 0x7f10c919d7a7
+B+: 0x7f10c919d890 0x7f10c919d89d
+B+: 0x7f10c919d89e 0x7f10c919d8a9
+B+: 0x7f10c919d8aa 0x7f10c919d8bd
+B+: 0x7f10c919d8c0 0x7f10c919d8ca
+B+: 0x7f10c919d8d0 0x7f10c919d8ef
+B+: 0x7f10c919d8f0 0x7f10c919d8f4
+B+: 0x7f10c919d8f5 0x7f10c919d90c
+B+: 0x7f10c919d90d 0x7f10c919d910
+B+: 0x7f10c919d911 0x7f10c919d912
+B+: 0x7f10c919d913 0x7f10c919d91b
+B+: 0x7f10c919d91c 0x7f10c919d930
+B+: 0x7f10c919d938 0x7f10c919d93c
+B+: 0x7f10c919d980 0x7f10c919d98f
+B+: 0x7f10c919d990 0x7f10c919d99b
+B+: 0x7f10c919d99c 0x7f10c919d9ab
+B+: 0x7f10c919da80 0x7f10c919da93
+B+: 0x7f10c919da94 0x7f10c919daac
+B+: 0x7f10c919daad 0x7f10c919dabf
+B+: 0x7f10c919dac0 0x7f10c919dada
+B+: 0x7f10c919dadb 0x7f10c919dae3
+B+: 0x7f10c919daec 0x7f10c919daf8
+B+: 0x7f10c919daf9 0x7f10c919db02
+B+: 0x7f10c919db03 0x7f10c919db06
+B+: 0x7f10c919db07 0x7f10c919db1a
+B+: 0x7f10c919dc49 0x7f10c919dc55
+B+: 0x7f10c919dc56 0x7f10c919dc67
+B+: 0x7f10c919dc82 0x7f10c919dc93
+B+: 0x7f10c919dd77 0x7f10c919dd82
+B+: 0x7f10c919dda0 0x7f10c919ddb2
+B+: 0x7f10c919ddb3 0x7f10c919dddf
+B+: 0x7f10c919dde0 0x7f10c919ddeb
+B+: 0x7f10c919ddec 0x7f10c919ddfc
+B+: 0x7f10c919ddfd 0x7f10c919de18
+B+: 0x7f10c919de19 0x7f10c919de25
+B+: 0x7f10c919de26 0x7f10c919de2e
+B+: 0x7f10c919de2f 0x7f10c919de3f
+B+: 0x7f10c919de40 0x7f10c919de44
+B+: 0x7f10c919de45 0x7f10c919de50
+B+: 0x7f10c919de51 0x7f10c919de5d
+B+: 0x7f10c919de5e 0x7f10c919de77
+B+: 0x7f10c919dece 0x7f10c919ded2
+B+: 0x7f10c919ded3 0x7f10c919dede
+B+: 0x7f10c919dee0 0x7f10c919deec
+B+: 0x7f10c919df60 0x7f10c919df7c
+B+: 0x7f10c919e120 0x7f10c919e128
+B+: 0x7f10c919e129 0x7f10c919e147
+B+: 0x7f10c919e750 0x7f10c919e75e
+B+: 0x7f10c919e75f 0x7f10c919e763
+B+: 0x7f10c919e764 0x7f10c919e770
+B+: 0x7f10c919e771 0x7f10c919e777
+B+: 0x7f10c919e778 0x7f10c919e783
+B+: 0x7f10c919e784 0x7f10c919e788
+B+: 0x7f10c919e789 0x7f10c919e78d
+B+: 0x7f10c919e78e 0x7f10c919e796
+B+: 0x7f10c919e797 0x7f10c919e79e
+B+: 0x7f10c919e890 0x7f10c919e892
+B+: 0x7f10c919e8a7 0x7f10c919e8ab
+B+: 0x7f10c919e8ac 0x7f10c919e8b2
+B+: 0x7f10c919e8b3 0x7f10c919e8b6
+B+: 0x7f10c919e8d0 0x7f10c919e8e1
+B+: 0x7f10c919e8e2 0x7f10c919e8e6
+B+: 0x7f10c919e8e7 0x7f10c919e8eb
+B+: 0x7f10c919e8ec 0x7f10c919e8f1
+B+: 0x7f10c919e8f2 0x7f10c919e8fa
+B+: 0x7f10c919e8fb 0x7f10c919e8fc
+B+: 0x7f10c919e940 0x7f10c919e948
+B+: 0x7f10c919e949 0x7f10c919e951
+B+: 0x7f10c919e980 0x7f10c919e988
+B+: 0x7f10c919e989 0x7f10c919e98a
+B+: 0x7f10c919e98b 0x7f10c919e991
+B+: 0x7f10c919e992 0x7f10c919e9a2
+B+: 0x7f10c919e9a8 0x7f10c919e9ac
+B+: 0x7f10c919e9eb 0x7f10c919ea00
+B+: 0x7f10c919ea08 0x7f10c919ea10
+B+: 0x7f10c919eaf0 0x7f10c919eb11
+B+: 0x7f10c919eb12 0x7f10c919eb16
+B+: 0x7f10c919eb17 0x7f10c919eb1d
+B+: 0x7f10c919eb1e 0x7f10c919eb26
+B+: 0x7f10c919eb27 0x7f10c919eb34
+B+: 0x7f10c919eb35 0x7f10c919eb3c
+B+: 0x7f10c919eb3d 0x7f10c919eb49
+B+: 0x7f10c919eb4a 0x7f10c919eb5a
+B+: 0x7f10c919eb5b 0x7f10c919eb63
+B+: 0x7f10c919eb7f 0x7f10c919eb93
+B+: 0x7f10c919eb94 0x7f10c919eb9c
+B+: 0x7f10c919ebe0 0x7f10c919ebf7
+B+: 0x7f10c919ebf8 0x7f10c919ec00
+B+: 0x7f10c919ec1b 0x7f10c919ec2b
+B+: 0x7f10c919ed40 0x7f10c919ed5e
+B+: 0x7f10c919ed5f 0x7f10c919ed6d
+B+: 0x7f10c919ed6e 0x7f10c919ed72
+B+: 0x7f10c919ed7d 0x7f10c919ed90
+B+: 0x7f10c919ed91 0x7f10c919ed95
+B+: 0x7f10c919ed96 0x7f10c919ed9a
+B+: 0x7f10c919eda0 0x7f10c919eda4
+B+: 0x7f10c919edd5 0x7f10c919edd9
+B+: 0x7f10c919edda 0x7f10c919edde
+B+: 0x7f10c919edf0 0x7f10c919edfb
+B+: 0x7f10c919edfc 0x7f10c919ee07
+B+: 0x7f10c919ee08 0x7f10c919ee10
+B+: 0x7f10c919ee2c 0x7f10c919ee30
+B+: 0x7f10c919ee31 0x7f10c919ee36
+B+: 0x7f10c919ee41 0x7f10c919ee45
+B+: 0x7f10c919ee46 0x7f10c919ee54
+B+: 0x7f10c919ee55 0x7f10c919ee5d
+B+: 0x7f10c919ee5e 0x7f10c919ee62
+B+: 0x7f10c919ee63 0x7f10c919ee74
+B+: 0x7f10c919ee78 0x7f10c919ee84
+B+: 0x7f10c919eea0 0x7f10c919eea4
+B+: 0x7f10c919eef0 0x7f10c919ef03
+B+: 0x7f10c919ef40 0x7f10c919ef76
+B+: 0x7f10c919ef77 0x7f10c919ef82
+B+: 0x7f10c919ef83 0x7f10c919ef92
+B+: 0x7f10c919f01b 0x7f10c919f031
+B+: 0x7f10c919f032 0x7f10c919f040
+B+: 0x7f10c919f075 0x7f10c919f0b8
+B+: 0x7f10c919f0b9 0x7f10c919f0c3
+B+: 0x7f10c919f0c4 0x7f10c919f0cc
+B+: 0x7f10c919f0cd 0x7f10c919f0d5
+B+: 0x7f10c919f0d6 0x7f10c919f0de
+B+: 0x7f10c919f0df 0x7f10c919f106
+B+: 0x7f10c919f107 0x7f10c919f133
+B+: 0x7f10c919f578 0x7f10c919f581
+B+: 0x7f10c919f582 0x7f10c919f5a8
+B+: 0x7f10c919f5a9 0x7f10c919f5b6
+B+: 0x7f10c919f5d0 0x7f10c919f5e0
+B+: 0x7f10c919f5e1 0x7f10c919f5ee
+B+: 0x7f10c919f5ef 0x7f10c919f5f3
+B+: 0x7f10c919f670 0x7f10c919f67e
+B+: 0x7f10c919f67f 0x7f10c919f683
+B+: 0x7f10c919f684 0x7f10c919f692
+B+: 0x7f10c919f693 0x7f10c919f69a
+B+: 0x7f10c919f69b 0x7f10c919f6a2
+B+: 0x7f10c919f6a3 0x7f10c919f6b7
+B+: 0x7f10c919f790 0x7f10c919f7bc
+B+: 0x7f10c919f7bd 0x7f10c919f7d4
+B+: 0x7f10c919f7e0 0x7f10c919f83a
+B+: 0x7f10c919f83b 0x7f10c919f875
+B+: 0x7f10c919f876 0x7f10c919f893
+B+: 0x7f10c919f894 0x7f10c919f8a3
+B+: 0x7f10c919f8a4 0x7f10c919f8b0
+B+: 0x7f10c919f9b4 0x7f10c919f9b8
+B+: 0x7f10c919f9b9 0x7f10c919f9cf
+B+: 0x7f10c919f9d0 0x7f10c919f9dc
+B+: 0x7f10c919f9dd 0x7f10c919f9ef
+B+: 0x7f10c919f9f0 0x7f10c919f9f7
+B+: 0x7f10c919fa01 0x7f10c919fa16
+B+: 0x7f10c919fa28 0x7f10c919fa3d
+B+: 0x7f10c919fa3e 0x7f10c919fa4d
+B+: 0x7f10c919fa79 0x7f10c919fa97
+B+: 0x7f10c919fa98 0x7f10c919fac0
+B+: 0x7f10c919fac1 0x7f10c919facf
+B+: 0x7f10c91a0148 0x7f10c91a0154
+B+: 0x7f10c91a0155 0x7f10c91a0174
+B+: 0x7f10c91a0175 0x7f10c91a017f
+B+: 0x7f10c91a01ac 0x7f10c91a01b0
+B+: 0x7f10c91a01b1 0x7f10c91a01b5
+B+: 0x7f10c91a0a40 0x7f10c91a0a64
+B+: 0x7f10c91a0b10 0x7f10c91a0b1a
+B+: 0x7f10c91a0b40 0x7f10c91a0b47
+B+: 0x7f10c91a0b48 0x7f10c91a0b51
+B+: 0x7f10c91a0b58 0x7f10c91a0b60
+B+: 0x7f10c91a0b61 0x7f10c91a0b6a
+B+: 0x7f10c91a0b88 0x7f10c91a0b8c
+B+: 0x7f10c91a0b8d 0x7f10c91a0b94
+B+: 0x7f10c91a0ba0 0x7f10c91a0ba4
+B+: 0x7f10c91a0d00 0x7f10c91a0d30
+B+: 0x7f10c91a0e3f 0x7f10c91a0e55
+B+: 0x7f10c91a0e56 0x7f10c91a0e67
+B+: 0x7f10c91a11e0 0x7f10c91a1222
+B+: 0x7f10c91a1223 0x7f10c91a1228
+B+: 0x7f10c91a124c 0x7f10c91a1260
+B+: 0x7f10c91a1261 0x7f10c91a1269
+B+: 0x7f10c91a1270 0x7f10c91a1279
+B+: 0x7f10c91a1288 0x7f10c91a12a0
+B+: 0x7f10c91a12a1 0x7f10c91a12ba
+B+: 0x7f10c91a12bb 0x7f10c91a12bc
+B+: 0x7f10c91a12d0 0x7f10c91a12d8
+B+: 0x7f10c91a12f8 0x7f10c91a12f8
+B+: 0x7f10c91a1300 0x7f10c91a130c
+B+: 0x7f10c91a133f 0x7f10c91a1343
+B+: 0x7f10c91a1380 0x7f10c91a1384
+B+: 0x7f10c91a13d0 0x7f10c91a13e3
+B+: 0x7f10c91a1400 0x7f10c91a1400
+B+: 0x7f10c91a1420 0x7f10c91a145b
+B+: 0x7f10c91a1467 0x7f10c91a1471
+B+: 0x7f10c91a1472 0x7f10c91a1489
+B+: 0x7f10c91a148a 0x7f10c91a148d
+B+: 0x7f10c91a148e 0x7f10c91a1494
+B+: 0x7f10c91a1495 0x7f10c91a149d
+B+: 0x7f10c91a149e 0x7f10c91a14a9
+B+: 0x7f10c91a14aa 0x7f10c91a14c2
+B+: 0x7f10c91a14c3 0x7f10c91a14ce
+B+: 0x7f10c91a14cf 0x7f10c91a14e5
+B+: 0x7f10c91a14e6 0x7f10c91a14f5
+B+: 0x7f10c91a1500 0x7f10c91a150e
+B+: 0x7f10c91a150f 0x7f10c91a1513
+B+: 0x7f10c91a1514 0x7f10c91a151e
+B+: 0x7f10c91a1540 0x7f10c91a1549
+B+: 0x7f10c91a154a 0x7f10c91a154e
+B+: 0x7f10c91a154f 0x7f10c91a1560
+B+: 0x7f10c91a1568 0x7f10c91a1577
+B+: 0x7f10c91a1580 0x7f10c91a1589
+B+: 0x7f10c91a15a8 0x7f10c91a15bb
+B+: 0x7f10c91a15c0 0x7f10c91a15ce
+B+: 0x7f10c91a15cf 0x7f10c91a15dc
+B+: 0x7f10c91a16f0 0x7f10c91a16fd
+B+: 0x7f10c91a17a0 0x7f10c91a17a0
+B+: 0x7f10c91a17b0 0x7f10c91a17ba
+B+: 0x7f10c91a17bb 0x7f10c91a17ce
+B+: 0x7f10c91a17cf 0x7f10c91a17d8
+B+: 0x7f10c91a17d9 0x7f10c91a17e6
+B+: 0x7f10c91a1800 0x7f10c91a182d
+B+: 0x7f10c91a182e 0x7f10c91a1831
+B+: 0x7f10c91a1832 0x7f10c91a1847
+B+: 0x7f10c91a1864 0x7f10c91a186b
+B+: 0x7f10c91a186c 0x7f10c91a186f
+B+: 0x7f10c91a1870 0x7f10c91a1876
+B+: 0x7f10c91a1877 0x7f10c91a187b
+B+: 0x7f10c91a187c 0x7f10c91a1886
+B+: 0x7f10c91a1ae0 0x7f10c91a1b01
+B+: 0x7f10c91a1b02 0x7f10c91a1b0a
+B+: 0x7f10c91a1b0b 0x7f10c91a1b14
+B+: 0x7f10c91a1b15 0x7f10c91a1b19
+B+: 0x7f10c91a1c00 0x7f10c91a1c19
+B+: 0x7f10c91a1c51 0x7f10c91a1c8e
+B+: 0x7f10c91a1c8f 0x7f10c91a1c9e
+B+: 0x7f10c91a1c9f 0x7f10c91a1ca6
+B+: 0x7f10c91a1df0 0x7f10c91a1dfb
+B+: 0x7f10c91a1e20 0x7f10c91a1e20
+B+: 0x7f10c91a1e30 0x7f10c91a1e38
+B+: 0x7f10c91a3940 0x7f10c91a394b
+B+: 0x7f10c91a394c 0x7f10c91a3957
+B+: 0x7f10c91a3958 0x7f10c91a3964
+B+: 0x7f10c91a3965 0x7f10c91a3969
+B+: 0x7f10c91a396a 0x7f10c91a396f
+B+: 0x7f10c91a3970 0x7f10c91a3976
+B+: 0x7f10c91a3980 0x7f10c91a3987
+B+: 0x7f10c91a3988 0x7f10c91a398c
+B+: 0x7f10c91a398d 0x7f10c91a399b
+B+: 0x7f10c91a399c 0x7f10c91a39a0
+B+: 0x7f10c91a39a1 0x7f10c91a39a8
+B+: 0x7f10c91a39a9 0x7f10c91a39ad
+B+: 0x7f10c91a39ae 0x7f10c91a39b8
+B+: 0x7f10c91a39b9 0x7f10c91a39b9
+B+: 0x7f10c91a39c0 0x7f10c91a39c5
+B+: 0x7f10c91a39c6 0x7f10c91a39c9
+B+: 0x7f10c91a39d0 0x7f10c91a39d0
+B+: 0x7f10c91a39d1 0x7f10c91a39d5
+B+: 0x7f10c91a39d6 0x7f10c91a39d9
+B+: 0x7f10c91a39e0 0x7f10c91a39ff
+B+: 0x7f10c91a3a00 0x7f10c91a3a11
+B+: 0x7f10c91a3a12 0x7f10c91a3a16
+B+: 0x7f10c91a3a20 0x7f10c91a3a22
+B+: 0x7f10c91a3a23 0x7f10c91a3a2f
+B+: 0x7f10c91a3a30 0x7f10c91a3a33
+B+: 0x7f10c91a3a34 0x7f10c91a3a5d
+B+: 0x7f10c91a3a5e 0x7f10c91a3a62
+B+: 0x7f10c91a3a63 0x7f10c91a3a82
+B+: 0x7f10c91a3ac0 0x7f10c91a3ade
+B+: 0x7f10c91a3adf 0x7f10c91a3ae3
+B+: 0x7f10c91a3ae4 0x7f10c91a3ae8
+B+: 0x7f10c91a3af0 0x7f10c91a3af2
+B+: 0x7f10c91a3af3 0x7f10c91a3aff
+B+: 0x7f10c91a3b00 0x7f10c91a3b03
+B+: 0x7f10c91a3b04 0x7f10c91a3b3e
+B+: 0x7f10c91a3b3f 0x7f10c91a3b49
+B+: 0x7f10c91a3b4a 0x7f10c91a3b57
+B+: 0x7f10c91a3b58 0x7f10c91a3b5d
+B+: 0x7f10c91a3b5e 0x7f10c91a3b66
+B+: 0x7f10c91a3b67 0x7f10c91a3b70
+B+: 0x7f10c91a3b71 0x7f10c91a3b7a
+B+: 0x7f10c91a3b7b 0x7f10c91a3b9a
+B+: 0x7f10c91a3b9b 0x7f10c91a3ba3
+B+: 0x7f10c91a3ba4 0x7f10c91a3bbd
+B+: 0x7f10c91a3bc0 0x7f10c91a3bc5
+B+: 0x7f10c91a3bc6 0x7f10c91a3bcf
+B+: 0x7f10c91a3bd0 0x7f10c91a3bd9
+B+: 0x7f10c91a3bda 0x7f10c91a3bf7
+B+: 0x7f10c91a3c08 0x7f10c91a3c14
+B+: 0x7f10c91a3c15 0x7f10c91a3c1b
+B+: 0x7f10c91a3c1c 0x7f10c91a3c29
+B+: 0x7f10c91a3cb0 0x7f10c91a3cca
+B+: 0x7f10c91a3ccb 0x7f10c91a3cda
+B+: 0x7f10c91a3cdb 0x7f10c91a3ce6
+B+: 0x7f10c91a3ce7 0x7f10c91a3cef
+B+: 0x7f10c91a3cf0 0x7f10c91a3cf4
+B+: 0x7f10c91a3cf5 0x7f10c91a3cfc
+B+: 0x7f10c91a3cfd 0x7f10c91a3d10
+B+: 0x7f10c91a3d11 0x7f10c91a3d21
+B+: 0x7f10c91a3d22 0x7f10c91a3d26
+B+: 0x7f10c91a3d27 0x7f10c91a3d38
+B+: 0x7f10c91a3d39 0x7f10c91a3d4b
+B+: 0x7f10c91a3d4c 0x7f10c91a3d54
+B+: 0x7f10c91a3d55 0x7f10c91a3d5e
+B+: 0x7f10c91a3d5f 0x7f10c91a3d6d
+B+: 0x7f10c91a3ea0 0x7f10c91a3eb6
+B+: 0x7f10c91a3eb7 0x7f10c91a3ebb
+B+: 0x7f10c91a3ebc 0x7f10c91a3ec0
+B+: 0x7f10c91a3ec8 0x7f10c91a3ecb
+B+: 0x7f10c91a3ecc 0x7f10c91a3ed9
+B+: 0x7f10c91a3eda 0x7f10c91a3edd
+B+: 0x7f10c91a3ede 0x7f10c91a3f06
+B+: 0x7f10c91a3f07 0x7f10c91a3f10
+B+: 0x7f10c91a3f11 0x7f10c91a3f16
+B+: 0x7f10c91a3f17 0x7f10c91a3f24
+B+: 0x7f10c91a3f25 0x7f10c91a3f2d
+B+: 0x7f10c91a4440 0x7f10c91a446b
+B+: 0x7f10c91a446c 0x7f10c91a4470
+B+: 0x7f10c91a4471 0x7f10c91a4475
+B+: 0x7f10c91a4536 0x7f10c91a453e
+B+: 0x7f10c91a453f 0x7f10c91a4548
+B+: 0x7f10c91a4549 0x7f10c91a4551
+B+: 0x7f10c91a45d0 0x7f10c91a45e4
+B+: 0x7f10c91a45e5 0x7f10c91a4606
+B+: 0x7f10c91a4607 0x7f10c91a4610
+B+: 0x7f10c91a4611 0x7f10c91a4618
+B+: 0x7f10c91a4640 0x7f10c91a4648
+B+: 0x7f10c91a4649 0x7f10c91a4656
+B+: 0x7f10c91a4657 0x7f10c91a465f
+B+: 0x7f10c91a4660 0x7f10c91a4661
+B+: 0x7f10c91a4760 0x7f10c91a47aa
+B+: 0x7f10c91a47ab 0x7f10c91a47af
+B+: 0x7f10c91a47b0 0x7f10c91a47be
+B+: 0x7f10c91a47c8 0x7f10c91a47d3
+B+: 0x7f10c91a47d4 0x7f10c91a47d8
+B+: 0x7f10c91a47d9 0x7f10c91a47e0
+B+: 0x7f10c91a47e1 0x7f10c91a47e5
+B+: 0x7f10c91a47e6 0x7f10c91a47f3
+B+: 0x7f10c91a47f4 0x7f10c91a47fb
+B+: 0x7f10c91a4800 0x7f10c91a4810
+B+: 0x7f10c91a4811 0x7f10c91a4815
+B+: 0x7f10c91a4816 0x7f10c91a4832
+B+: 0x7f10c91a4833 0x7f10c91a4843
+B+: 0x7f10c91a4844 0x7f10c91a484f
+B+: 0x7f10c91a4850 0x7f10c91a4857
+B+: 0x7f10c91a4858 0x7f10c91a485c
+B+: 0x7f10c91a485d 0x7f10c91a4868
+B+: 0x7f10c91a4869 0x7f10c91a487b
+B+: 0x7f10c91a487c 0x7f10c91a4884
+B+: 0x7f10c91a4888 0x7f10c91a4897
+B+: 0x7f10c91a4898 0x7f10c91a489b
+B+: 0x7f10c91a489c 0x7f10c91a48b4
+B+: 0x7f10c91a48b5 0x7f10c91a48b8
+B+: 0x7f10c91a48b9 0x7f10c91a48c6
+B+: 0x7f10c91a48c7 0x7f10c91a48d5
+B+: 0x7f10c91a4dc0 0x7f10c91a4dec
+B+: 0x7f10c91a4ded 0x7f10c91a4df2
+B+: 0x7f10c91a4df3 0x7f10c91a4e04
+B+: 0x7f10c91a4e05 0x7f10c91a4e0d
+B+: 0x7f10c91a4e0e 0x7f10c91a4e1c
+CND+ 0x7f10c919300e: taken
+CND+ 0x7f10c91935ea: not taken
+CND+ 0x7f10c9193626: not taken
+CND+ 0x7f10c919363b: taken
+CND+ 0x7f10c9193673: not taken
+CND+ 0x7f10c9193687: not taken
+CND+ 0x7f10c9193695: not taken
+CND+ 0x7f10c91937e2: taken
+CND+ 0x7f10c9193862: not taken
+CND+ 0x7f10c919387c: both
+CND+ 0x7f10c91938a9: not taken
+CND+ 0x7f10c9193a5d: not taken
+CND+ 0x7f10c9193a62: taken
+CND+ 0x7f10c91946e6: not taken
+CND+ 0x7f10c9194704: taken
+CND+ 0x7f10c919471a: not taken
+CND+ 0x7f10c919471f: taken
+CND+ 0x7f10c919472f: taken
+CND+ 0x7f10c919474c: not taken
+CND+ 0x7f10c9194756: not taken
+CND+ 0x7f10c919478f: not taken
+CND+ 0x7f10c919479b: taken
+CND+ 0x7f10c9195079: taken
+CND+ 0x7f10c919511b: not taken
+CND+ 0x7f10c9195149: not taken
+CND+ 0x7f10c9195158: not taken
+CND+ 0x7f10c9195190: not taken
+CND+ 0x7f10c91951ce: taken
+CND+ 0x7f10c9195c20: not taken
+CND+ 0x7f10c9195c2d: taken
+CND+ 0x7f10c9195c48: not taken
+CND+ 0x7f10c9195c5f: both
+CND+ 0x7f10c9195c88: not taken
+CND+ 0x7f10c9195ed2: taken
+CND+ 0x7f10c9195f55: not taken
+CND+ 0x7f10c9195f7e: not taken
+CND+ 0x7f10c9195f8a: not taken
+CND+ 0x7f10c9195f93: both
+CND+ 0x7f10c9195fc4: not taken
+CND+ 0x7f10c9195fe2: both
+CND+ 0x7f10c9195ffb: taken
+CND+ 0x7f10c919605a: taken
+CND+ 0x7f10c91960af: not taken
+CND+ 0x7f10c91960b8: taken
+CND+ 0x7f10c91960e0: taken
+CND+ 0x7f10c9196116: not taken
+CND+ 0x7f10c919615a: not taken
+CND+ 0x7f10c9196163: taken
+CND+ 0x7f10c919621b: taken
+CND+ 0x7f10c919624a: taken
+CND+ 0x7f10c919627c: not taken
+CND+ 0x7f10c919636a: taken
+CND+ 0x7f10c9196520: not taken
+CND+ 0x7f10c9196529: not taken
+CND+ 0x7f10c9196532: taken
+CND+ 0x7f10c91968eb: not taken
+CND+ 0x7f10c9196906: both
+CND+ 0x7f10c919693d: not taken
+CND+ 0x7f10c9196985: both
+CND+ 0x7f10c91969f6: taken
+CND+ 0x7f10c9196a20: both
+CND+ 0x7f10c9196a29: not taken
+CND+ 0x7f10c9196a33: not taken
+CND+ 0x7f10c9196ae4: not taken
+CND+ 0x7f10c9196afb: taken
+CND+ 0x7f10c9196b2a: both
+CND+ 0x7f10c9196b30: both
+CND+ 0x7f10c9196b40: taken
+CND+ 0x7f10c9196b60: not taken
+CND+ 0x7f10c9196b96: not taken
+CND+ 0x7f10c9196be5: taken
+CND+ 0x7f10c9196da0: not taken
+CND+ 0x7f10c9196da9: not taken
+CND+ 0x7f10c9196dc8: both
+CND+ 0x7f10c9196dd0: both
+CND+ 0x7f10c9196e2e: taken
+CND+ 0x7f10c9196e57: not taken
+CND+ 0x7f10c9196eac: taken
+CND+ 0x7f10c9196ed8: taken
+CND+ 0x7f10c9196fa3: not taken
+CND+ 0x7f10c9196fc0: taken
+CND+ 0x7f10c9197019: not taken
+CND+ 0x7f10c9197065: not taken
+CND+ 0x7f10c919706f: not taken
+CND+ 0x7f10c9197089: both
+CND+ 0x7f10c919709d: not taken
+CND+ 0x7f10c91970ab: taken
+CND+ 0x7f10c919714c: not taken
+CND+ 0x7f10c9197156: taken
+CND+ 0x7f10c91971cc: taken
+CND+ 0x7f10c91971ee: taken
+CND+ 0x7f10c9197811: both
+CND+ 0x7f10c919781b: not taken
+CND+ 0x7f10c919781f: not taken
+CND+ 0x7f10c9197839: taken
+CND+ 0x7f10c9197859: taken
+CND+ 0x7f10c9197861: taken
+CND+ 0x7f10c919845f: taken
+CND+ 0x7f10c9198626: not taken
+CND+ 0x7f10c91986ca: taken
+CND+ 0x7f10c9198762: taken
+CND+ 0x7f10c91992a4: taken
+CND+ 0x7f10c91992bd: not taken
+CND+ 0x7f10c91992cd: not taken
+CND+ 0x7f10c919930f: taken
+CND+ 0x7f10c9199327: taken
+CND+ 0x7f10c919933a: not taken
+CND+ 0x7f10c9199343: taken
+CND+ 0x7f10c9199381: not taken
+CND+ 0x7f10c91993d6: taken
+CND+ 0x7f10c91993e7: taken
+CND+ 0x7f10c9199895: not taken
+CND+ 0x7f10c91998a8: not taken
+CND+ 0x7f10c91998d2: not taken
+CND+ 0x7f10c9199907: not taken
+CND+ 0x7f10c9199942: taken
+CND+ 0x7f10c9199953: not taken
+CND+ 0x7f10c9199963: taken
+CND+ 0x7f10c9199a7b: not taken
+CND+ 0x7f10c9199dbc: both
+CND+ 0x7f10c9199dc9: both
+CND+ 0x7f10c9199e03: not taken
+CND+ 0x7f10c9199e0d: not taken
+CND+ 0x7f10c9199e18: taken
+CND+ 0x7f10c919a1a1: not taken
+CND+ 0x7f10c919a1ab: not taken
+CND+ 0x7f10c919a1e4: taken
+CND+ 0x7f10c919a1f2: taken
+CND+ 0x7f10c919a20a: not taken
+CND+ 0x7f10c919a225: not taken
+CND+ 0x7f10c919a22f: not taken
+CND+ 0x7f10c919a247: taken
+CND+ 0x7f10c919a533: taken
+CND+ 0x7f10c919a582: taken
+CND+ 0x7f10c919a655: taken
+CND+ 0x7f10c919a698: taken
+CND+ 0x7f10c919a703: not taken
+CND+ 0x7f10c919a70c: taken
+CND+ 0x7f10c919a725: not taken
+CND+ 0x7f10c919a742: not taken
+CND+ 0x7f10c919a75a: not taken
+CND+ 0x7f10c919a765: not taken
+CND+ 0x7f10c919a792: not taken
+CND+ 0x7f10c919a797: taken
+CND+ 0x7f10c919a7a9: taken
+CND+ 0x7f10c919a7ad: not taken
+CND+ 0x7f10c919a7bc: taken
+CND+ 0x7f10c919a7ce: taken
+CND+ 0x7f10c919a848: taken
+CND+ 0x7f10c919a889: not taken
+CND+ 0x7f10c919a89b: not taken
+CND+ 0x7f10c919a8a8: taken
+CND+ 0x7f10c919ac2f: not taken
+CND+ 0x7f10c919ac57: taken
+CND+ 0x7f10c919ac65: not taken
+CND+ 0x7f10c919ac6e: taken
+CND+ 0x7f10c919ac86: not taken
+CND+ 0x7f10c919acae: taken
+CND+ 0x7f10c919b366: taken
+CND+ 0x7f10c919b9d6: taken
+CND+ 0x7f10c919ba31: not taken
+CND+ 0x7f10c919ba51: taken
+CND+ 0x7f10c919baad: not taken
+CND+ 0x7f10c919bab5: taken
+CND+ 0x7f10c919bb00: taken
+CND+ 0x7f10c919bb5a: not taken
+CND+ 0x7f10c919bb62: not taken
+CND+ 0x7f10c919bb6b: not taken
+CND+ 0x7f10c919bb75: not taken
+CND+ 0x7f10c919bb7f: taken
+CND+ 0x7f10c919bb9b: taken
+CND+ 0x7f10c919bc3c: taken
+CND+ 0x7f10c919bed9: not taken
+CND+ 0x7f10c919bee6: not taken
+CND+ 0x7f10c919bf01: not taken
+CND+ 0x7f10c919bf1a: not taken
+CND+ 0x7f10c919bf20: not taken
+CND+ 0x7f10c919bf26: taken
+CND+ 0x7f10c919c76c: not taken
+CND+ 0x7f10c919c78c: not taken
+CND+ 0x7f10c919c7d8: both
+CND+ 0x7f10c919c7e1: taken
+CND+ 0x7f10c919c806: not taken
+CND+ 0x7f10c919c840: not taken
+CND+ 0x7f10c919c84a: not taken
+CND+ 0x7f10c919c965: both
+CND+ 0x7f10c919c989: not taken
+CND+ 0x7f10c919c9b2: not taken
+CND+ 0x7f10c919c9bc: not taken
+CND+ 0x7f10c919c9e3: not taken
+CND+ 0x7f10c919ca13: taken
+CND+ 0x7f10c919cafd: not taken
+CND+ 0x7f10c919cb1a: not taken
+CND+ 0x7f10c919cb61: taken
+CND+ 0x7f10c919d711: not taken
+CND+ 0x7f10c919d71d: not taken
+CND+ 0x7f10c919d722: not taken
+CND+ 0x7f10c919d748: not taken
+CND+ 0x7f10c919d74c: not taken
+CND+ 0x7f10c919d75f: not taken
+CND+ 0x7f10c919d7a4: not taken
+CND+ 0x7f10c919d8f3: both
+CND+ 0x7f10c919d90f: both
+CND+ 0x7f10c919d911: not taken
+CND+ 0x7f10c919d91a: taken
+CND+ 0x7f10c919da92: not taken
+CND+ 0x7f10c919daba: not taken
+CND+ 0x7f10c919dad5: both
+CND+ 0x7f10c919dade: taken
+CND+ 0x7f10c919daf7: not taken
+CND+ 0x7f10c919db01: not taken
+CND+ 0x7f10c919db05: not taken
+CND+ 0x7f10c919db19: taken
+CND+ 0x7f10c919dc50: not taken
+CND+ 0x7f10c919dc62: taken
+CND+ 0x7f10c919ddb1: not taken
+CND+ 0x7f10c919ddea: both
+CND+ 0x7f10c919de13: not taken
+CND+ 0x7f10c919de20: taken
+CND+ 0x7f10c919de2d: not taken
+CND+ 0x7f10c919de43: not taken
+CND+ 0x7f10c919de4f: both
+CND+ 0x7f10c919de58: not taken
+CND+ 0x7f10c919de72: taken
+CND+ 0x7f10c919dee7: taken
+CND+ 0x7f10c919e75d: both
+CND+ 0x7f10c919e76f: not taken
+CND+ 0x7f10c919e782: both
+CND+ 0x7f10c919e787: both
+CND+ 0x7f10c919e795: both
+CND+ 0x7f10c919e8b1: not taken
+CND+ 0x7f10c919e8dc: not taken
+CND+ 0x7f10c919e8ea: not taken
+CND+ 0x7f10c919e8ec: both
+CND+ 0x7f10c919e8f5: not taken
+CND+ 0x7f10c919e8fb: taken
+CND+ 0x7f10c919e943: not taken
+CND+ 0x7f10c919e94c: taken
+CND+ 0x7f10c919e983: not taken
+CND+ 0x7f10c919e989: both
+CND+ 0x7f10c919e990: not taken
+CND+ 0x7f10c919e9ab: taken
+CND+ 0x7f10c919ea0b: taken
+CND+ 0x7f10c919eb10: both
+CND+ 0x7f10c919eb1c: not taken
+CND+ 0x7f10c919eb21: both
+CND+ 0x7f10c919eb2f: not taken
+CND+ 0x7f10c919eb37: both
+CND+ 0x7f10c919eb44: both
+CND+ 0x7f10c919eb5e: taken
+CND+ 0x7f10c919eb92: both
+CND+ 0x7f10c919eb9b: taken
+CND+ 0x7f10c919ebfb: taken
+CND+ 0x7f10c919ed68: both
+CND+ 0x7f10c919ed71: taken
+CND+ 0x7f10c919ed8b: not taken
+CND+ 0x7f10c919eda3: taken
+CND+ 0x7f10c919eddd: taken
+CND+ 0x7f10c919ee02: not taken
+CND+ 0x7f10c919ee0b: taken
+CND+ 0x7f10c919ee2f: not taken
+CND+ 0x7f10c919ee35: taken
+CND+ 0x7f10c919ee4f: not taken
+CND+ 0x7f10c919ee58: both
+CND+ 0x7f10c919ef7d: not taken
+CND+ 0x7f10c919f02c: not taken
+CND+ 0x7f10c919f0c7: not taken
+CND+ 0x7f10c919f0d0: both
+CND+ 0x7f10c919f0d9: not taken
+CND+ 0x7f10c919f5a7: both
+CND+ 0x7f10c919f5ed: not taken
+CND+ 0x7f10c919f5f2: taken
+CND+ 0x7f10c919f682: not taken
+CND+ 0x7f10c919f6a1: not taken
+CND+ 0x7f10c919f7bb: not taken
+CND+ 0x7f10c919f835: not taken
+CND+ 0x7f10c919f870: not taken
+CND+ 0x7f10c919f88e: not taken
+CND+ 0x7f10c919f89e: not taken
+CND+ 0x7f10c919f9ca: both
+CND+ 0x7f10c919f9ea: taken
+CND+ 0x7f10c919f9f6: taken
+CND+ 0x7f10c919fa15: taken
+CND+ 0x7f10c919fa38: not taken
+CND+ 0x7f10c919fa48: taken
+CND+ 0x7f10c919fabb: not taken
+CND+ 0x7f10c91a014f: not taken
+CND+ 0x7f10c91a016f: not taken
+CND+ 0x7f10c91a017e: taken
+CND+ 0x7f10c91a0a5f: taken
+CND+ 0x7f10c91a0b46: not taken
+CND+ 0x7f10c91a0b50: taken
+CND+ 0x7f10c91a0b69: taken
+CND+ 0x7f10c91a0b93: taken
+CND+ 0x7f10c91a0d2b: taken
+CND+ 0x7f10c91a0e50: not taken
+CND+ 0x7f10c91a1227: taken
+CND+ 0x7f10c91a125f: not taken
+CND+ 0x7f10c91a1278: taken
+CND+ 0x7f10c91a12b9: not taken
+CND+ 0x7f10c91a12d7: taken
+CND+ 0x7f10c91a130b: taken
+CND+ 0x7f10c91a1383: taken
+CND+ 0x7f10c91a13e2: taken
+CND+ 0x7f10c91a1456: taken
+CND+ 0x7f10c91a1488: both
+CND+ 0x7f10c91a148c: not taken
+CND+ 0x7f10c91a1493: not taken
+CND+ 0x7f10c91a1498: both
+CND+ 0x7f10c91a14e0: not taken
+CND+ 0x7f10c91a1512: not taken
+CND+ 0x7f10c91a1519: taken
+CND+ 0x7f10c91a1548: not taken
+CND+ 0x7f10c91a154d: not taken
+CND+ 0x7f10c91a15c9: not taken
+CND+ 0x7f10c91a15d7: taken
+CND+ 0x7f10c91a16f8: taken
+CND+ 0x7f10c91a17b9: not taken
+CND+ 0x7f10c91a1830: not taken
+CND+ 0x7f10c91a1846: taken
+CND+ 0x7f10c91a186e: not taken
+CND+ 0x7f10c91a1b09: not taken
+CND+ 0x7f10c91a1b13: not taken
+CND+ 0x7f10c91a1c18: taken
+CND+ 0x7f10c91a1c9d: not taken
+CND+ 0x7f10c91a1dfa: taken
+CND+ 0x7f10c91a3946: both
+CND+ 0x7f10c91a3963: both
+CND+ 0x7f10c91a3968: not taken
+CND+ 0x7f10c91a396e: not taken
+CND+ 0x7f10c91a3986: not taken
+CND+ 0x7f10c91a398b: both
+CND+ 0x7f10c91a399a: both
+CND+ 0x7f10c91a399f: both
+CND+ 0x7f10c91a39ac: both
+CND+ 0x7f10c91a39b7: both
+CND+ 0x7f10c91a39c4: not taken
+CND+ 0x7f10c91a3a10: not taken
+CND+ 0x7f10c91a3a15: taken
+CND+ 0x7f10c91a3a2e: both
+CND+ 0x7f10c91a3a32: both
+CND+ 0x7f10c91a3a5c: both
+CND+ 0x7f10c91a3add: not taken
+CND+ 0x7f10c91a3ae2: not taken
+CND+ 0x7f10c91a3afe: not taken
+CND+ 0x7f10c91a3b02: both
+CND+ 0x7f10c91a3b48: both
+CND+ 0x7f10c91a3b52: not taken
+CND+ 0x7f10c91a3b5c: not taken
+CND+ 0x7f10c91a3b65: both
+CND+ 0x7f10c91a3b6b: taken
+CND+ 0x7f10c91a3b75: not taken
+CND+ 0x7f10c91a3b95: not taken
+CND+ 0x7f10c91a3ba2: not taken
+CND+ 0x7f10c91a3bc4: not taken
+CND+ 0x7f10c91a3bce: not taken
+CND+ 0x7f10c91a3bf6: taken
+CND+ 0x7f10c91a3c24: taken
+CND+ 0x7f10c91a3ce1: not taken
+CND+ 0x7f10c91a3cea: not taken
+CND+ 0x7f10c91a3cf3: not taken
+CND+ 0x7f10c91a3d25: not taken
+CND+ 0x7f10c91a3d53: not taken
+CND+ 0x7f10c91a3d5d: not taken
+CND+ 0x7f10c91a3eb5: not taken
+CND+ 0x7f10c91a3eba: not taken
+CND+ 0x7f10c91a3ed8: both
+CND+ 0x7f10c91a3edc: taken
+CND+ 0x7f10c91a3f0f: not taken
+CND+ 0x7f10c91a3f15: not taken
+CND+ 0x7f10c91a446f: not taken
+CND+ 0x7f10c91a453d: not taken
+CND+ 0x7f10c91a4547: not taken
+CND+ 0x7f10c91a4605: not taken
+CND+ 0x7f10c91a460f: not taken
+CND+ 0x7f10c91a4647: not taken
+CND+ 0x7f10c91a465e: not taken
+CND+ 0x7f10c91a47bd: taken
+CND+ 0x7f10c91a47d2: taken
+CND+ 0x7f10c91a47df: not taken
+CND+ 0x7f10c91a47e4: both
+CND+ 0x7f10c91a47fa: taken
+CND+ 0x7f10c91a4856: not taken
+CND+ 0x7f10c91a485b: taken
+CND+ 0x7f10c91a487a: not taken
+CND+ 0x7f10c91a489a: not taken
+CND+ 0x7f10c91a48b7: not taken
+CND+ 0x7f10c91a48c5: not taken
+CND+ 0x7f10c91a48d4: taken
+CND+ 0x7f10c91a4df1: not taken
+CND+ 0x7f10c91a4e0c: not taken
@0x7f10c9193050 to 0x7f10ccccca30 4
@0x7f10c9193080 to 0x7f10ccc6c330 2
@0x7f10c9193090 to 0x7f10ccd0e710 1
@0x7f10c91930a0 to 0x7f10ccce4e70 5
@0x7f10c91930d0 to 0x7f10ccc7fa20 7
@0x7f10c91930f0 to 0x7f10ccda3800 4
@0x7f10c9193130 to 0x7f10ccd0f1e0 1
@0x7f10c9193140 to 0x7f10ccc83c10 1
@0x7f10c9193150 to 0x7f10ccd31800 4
@0x7f10c9193160 to 0x7f10ccd0e230 1
@0x7f10c9193190 to 0x7f10ccda3bc0 8
@0x7f10c91931c0 to 0x7f10ccd0f200 1
@0x7f10c91931e0 to 0x7f10ccda35d0 1
@0x7f10c9193220 to 0x7f10ccd0f210 2
@0x7f10c9193230 to 0x7f10ccd32b10 1
@0x7f10c919516e to 0x7f10c91951c0 1
@0x7f10c9193280 to 0x7f10ccd9ed10 11
@0x7f10c91932a0 to 0x7f10ccc7f450 4
@0x7f10c91951ac to 0x7f10c9195e90 1
@0x7f10c91932d0 to 0x7f10ccd9f100 9
@0x7f10c9193320 to 0x7f10ccc800f0 4
@0x7f10c9193330 to 0x7f10ccda4100 6
@0x7f10c9193350 to 0x7f10ccd0f220 1
@0x7f10c9193370 to 0x7f10ccd31800 2
@0x7f10c9193390 to 0x7f10ccccc3e0 23
@0x7f10c91933b0 to 0x7f10ccd0f230 1
@0x7f10c91933c0 to 0x7f10ccd9ee90 22
@0x7f10c91933e0 to 0x7f10ccd4fba0 1
@0x7f10c9193410 to 0x7f10cccccc80 1
@0x7f10c9193460 to 0x7f10ccda40e0 13
@0x7f10c9193510 to 0x7f10ccd0f1f0 1
@0x7f10c9193560 to 0x7f10ccd0e4e0 1
@0x7f10c9193570 to 0x7f10ccc78580 191
@0x7f10c919ef91 to 0x7f10c919f075 1
@0x7f10c9193784 to 0x7f10ccc6bfb0 1
@0x7f10c91a4e01 to 0x7f10c9193840 1
@0x7f10c91a155f to 0x7f10c91a1580 1
@0x7f10c91a155f to 0x7f10c91a15c0 1
@0x7f10c91a155f to 0x7f10c91a15a8 2
@0x7f10c919f8af to 0x7f10c919fa01 180
@0x7f10c919f8af to 0x7f10c919f9f0 10
@0x7f10c919f8af to 0x7f10c919fa28 1
@0x7f10c91a3c19 to 0x7f10c91977d0 1
@0x7f10c91a3c19 to 0x7f10c919e120 1
