MODULE_NAME: /usr/bin/gs
MODULE_START: 0x7f7c0996f000
+B+: 0x7f7c09970000 0x7f7c0997000f
+B+: 0x7f7c09970012 0x7f7c09970016
+B+: 0x7f7c09970020 0x7f7c0997002b
+B+: 0x7f7c09970030 0x7f7c09970035
+B+: 0x7f7c09970036 0x7f7c0997003f
+B+: 0x7f7c09970040 0x7f7c09970045
+B+: 0x7f7c09970046 0x7f7c0997004f
+B+: 0x7f7c09970050 0x7f7c09970055
+B+: 0x7f7c09970056 0x7f7c0997005f
+B+: 0x7f7c099700b0 0x7f7c099700b5
+B+: 0x7f7c099700b6 0x7f7c099700bf
+B+: 0x7f7c099700c0 0x7f7c099700c5
+B+: 0x7f7c099700c6 0x7f7c099700cf
+B+: 0x7f7c099700e0 0x7f7c099700e5
+B+: 0x7f7c099700f0 0x7f7c09970121
+B+: 0x7f7c09970122 0x7f7c09970127
+B+: 0x7f7c09970128 0x7f7c09970130
+B+: 0x7f7c09970131 0x7f7c09970132
+B+: 0x7f7c09970133 0x7f7c09970137
+B+: 0x7f7c0997013d 0x7f7c09970152
+B+: 0x7f7c09970153 0x7f7c0997015b
+B+: 0x7f7c09970178 0x7f7c09970183
+B+: 0x7f7c09970184 0x7f7c099701a2
+B+: 0x7f7c099701a3 0x7f7c099701b1
+B+: 0x7f7c099701b2 0x7f7c099701b7
+B+: 0x7f7c099701b8 0x7f7c099701c1
+B+: 0x7f7c099701c2 0x7f7c099701c5
+B+: 0x7f7c099701c6 0x7f7c099701ca
+B+: 0x7f7c099701cb 0x7f7c099701d6
+B+: 0x7f7c099701d7 0x7f7c099701db
+B+: 0x7f7c099701dc 0x7f7c099701e0
+B+: 0x7f7c09970213 0x7f7c09970216
+B+: 0x7f7c09970220 0x7f7c09970249
+B+: 0x7f7c09970250 0x7f7c09970262
+B+: 0x7f7c09970278 0x7f7c09970278
+B+: 0x7f7c09970280 0x7f7c099702a3
+B+: 0x7f7c099702b8 0x7f7c099702b8
+B+: 0x7f7c099702c0 0x7f7c099702c8
+B+: 0x7f7c099702c9 0x7f7c099702d6
+B+: 0x7f7c099702d7 0x7f7c099702e2
+B+: 0x7f7c099702e3 0x7f7c099702e7
+B+: 0x7f7c099702e8 0x7f7c099702f0
+B+: 0x7f7c09970300 0x7f7c09970304
+B+: 0x7f7c099703c0 0x7f7c099703ec
+B+: 0x7f7c099703ed 0x7f7c099703f2
+B+: 0x7f7c099703f3 0x7f7c09970404
+B+: 0x7f7c09970405 0x7f7c0997040d
+B+: 0x7f7c0997040e 0x7f7c0997041c
+B+: 0x7f7c09970424 0x7f7c0997042c
+CND+ 0x7f7c0997000e: taken
+CND+ 0x7f7c09970126: taken
+CND+ 0x7f7c0997012b: not taken
+CND+ 0x7f7c09970131: not taken
+CND+ 0x7f7c09970136: taken
+CND+ 0x7f7c0997014d: not taken
+CND+ 0x7f7c099701b6: not taken
+CND+ 0x7f7c099701c4: not taken
+CND+ 0x7f7c099701c9: taken
+CND+ 0x7f7c099701df: taken
+CND+ 0x7f7c09970261: taken
+CND+ 0x7f7c099702a2: taken
+CND+ 0x7f7c099702c7: not taken
+CND+ 0x7f7c099702d5: not taken
+CND+ 0x7f7c099703f1: not taken
+CND+ 0x7f7c0997040c: not taken
@0x7f7c09970026 to 0x7f7c0d95f500 5
@0x7f7c09970030 to 0x7f7c09970036 1
@0x7f7c09970040 to 0x7f7c09970046 1
@0x7f7c09970050 to 0x7f7c09970056 1
@0x7f7c099700b0 to 0x7f7c099700b6 1
@0x7f7c099700c0 to 0x7f7c099700c6 1
@0x7f7c099700e0 to 0x7f7c0c4c51c0 1
@0x7f7c09970244 to 0x7f7c0c4aefb0 1
@0x7f7c09970401 to 0x7f7c09970300 1
