MODULE_NAME: /bin/dash
MODULE_START: 0x7feb4523d000
+B+: 0x7feb45241000 0x7feb4524100f
+B+: 0x7feb45241012 0x7feb45241016
+B+: 0x7feb45241050 0x7feb45241055
+B+: 0x7feb45241080 0x7feb45241085
+B+: 0x7feb45241090 0x7feb45241095
+B+: 0x7feb452410a0 0x7feb452410a5
+B+: 0x7feb452410d0 0x7feb452410d5
+B+: 0x7feb452410f0 0x7feb452410f5
+B+: 0x7feb45241130 0x7feb45241135
+B+: 0x7feb45241140 0x7feb45241145
+B+: 0x7feb45241150 0x7feb45241155
+B+: 0x7feb45241160 0x7feb45241165
+B+: 0x7feb45241190 0x7feb45241195
+B+: 0x7feb452411c0 0x7feb452411c5
+B+: 0x7feb452411e0 0x7feb452411e5
+B+: 0x7feb45241220 0x7feb45241225
+B+: 0x7feb45241230 0x7feb45241235
+B+: 0x7feb45241280 0x7feb45241285
+B+: 0x7feb452412a0 0x7feb452412a5
+B+: 0x7feb452412d0 0x7feb452412d5
+B+: 0x7feb45241320 0x7feb45241325
+B+: 0x7feb45241330 0x7feb45241335
+B+: 0x7feb45241350 0x7feb45241355
+B+: 0x7feb45241370 0x7feb45241375
+B+: 0x7feb45241390 0x7feb45241395
+B+: 0x7feb452413b0 0x7feb452413b5
+B+: 0x7feb452413c0 0x7feb452413c5
+B+: 0x7feb452413e0 0x7feb452413e5
+B+: 0x7feb45241410 0x7feb45241415
+B+: 0x7feb45241460 0x7feb45241465
+B+: 0x7feb45241510 0x7feb45241515
+B+: 0x7feb45241560 0x7feb45241565
+B+: 0x7feb45241570 0x7feb45241575
+B+: 0x7feb45241590 0x7feb452415b8
+B+: 0x7feb452415b9 0x7feb452415c4
+B+: 0x7feb452415c5 0x7feb452415cf
+B+: 0x7feb452415d0 0x7feb452415e7
+B+: 0x7feb452415e8 0x7feb452415ef
+B+: 0x7feb452415f0 0x7feb45241600
+B+: 0x7feb45241601 0x7feb4524160b
+B+: 0x7feb4524160c 0x7feb45241615
+B+: 0x7feb45241616 0x7feb45241623
+B+: 0x7feb45241624 0x7feb4524162b
+B+: 0x7feb4524162c 0x7feb4524163c
+B+: 0x7feb45241657 0x7feb45241660
+B+: 0x7feb45241661 0x7feb45241678
+B+: 0x7feb45241679 0x7feb4524167f
+B+: 0x7feb45241680 0x7feb4524168c
+B+: 0x7feb4524168d 0x7feb45241696
+B+: 0x7feb45241697 0x7feb4524169b
+B+: 0x7feb45241760 0x7feb45241789
+B+: 0x7feb452417c0 0x7feb452417e3
+B+: 0x7feb452417f8 0x7feb452417f8
+B+: 0x7feb45241840 0x7feb45241844
+B+: 0x7feb45241850 0x7feb45241863
+B+: 0x7feb45241864 0x7feb4524186f
+B+: 0x7feb45241870 0x7feb4524187d
+B+: 0x7feb4524187e 0x7feb452418aa
+B+: 0x7feb452418ab 0x7feb452418ac
+B+: 0x7feb452418cb 0x7feb452418d2
+B+: 0x7feb45241a50 0x7feb45241a57
+B+: 0x7feb45241a58 0x7feb45241a5e
+B+: 0x7feb45241a5f 0x7feb45241a63
+B+: 0x7feb45241a71 0x7feb45241a72
+B+: 0x7feb452426d0 0x7feb452426eb
+B+: 0x7feb452426ec 0x7feb45242705
+B+: 0x7feb45242717 0x7feb4524271b
+B+: 0x7feb4524271c 0x7feb45242720
+B+: 0x7feb4524272c 0x7feb45242730
+B+: 0x7feb4524273e 0x7feb4524274d
+B+: 0x7feb4524274e 0x7feb45242757
+B+: 0x7feb45242758 0x7feb45242775
+B+: 0x7feb45242780 0x7feb45242788
+B+: 0x7feb45242789 0x7feb45242790
+B+: 0x7feb45242791 0x7feb4524279c
+B+: 0x7feb45243060 0x7feb4524307e
+B+: 0x7feb4524310d 0x7feb4524311c
+B+: 0x7feb4524311d 0x7feb45243123
+B+: 0x7feb45243140 0x7feb4524314a
+B+: 0x7feb4524314b 0x7feb45243152
+B+: 0x7feb45243153 0x7feb4524315d
+B+: 0x7feb4524315e 0x7feb4524316f
+B+: 0x7feb45243188 0x7feb4524318c
+B+: 0x7feb4524318d 0x7feb45243191
+B+: 0x7feb45243192 0x7feb4524319c
+B+: 0x7feb452431a7 0x7feb452431ad
+B+: 0x7feb452431ae 0x7feb452431b5
+B+: 0x7feb452431c0 0x7feb452431cf
+B+: 0x7feb45243bc0 0x7feb45243bfa
+B+: 0x7feb45243bfb 0x7feb45243c07
+B+: 0x7feb45243c08 0x7feb45243c0f
+B+: 0x7feb45243c10 0x7feb45243c11
+B+: 0x7feb45243c18 0x7feb45243c21
+B+: 0x7feb45243c22 0x7feb45243c2e
+B+: 0x7feb45243c32 0x7feb45243c39
+B+: 0x7feb45243c3a 0x7feb45243c49
+B+: 0x7feb45243c4a 0x7feb45243c51
+B+: 0x7feb45243c52 0x7feb45243c58
+B+: 0x7feb45243c59 0x7feb45243c60
+B+: 0x7feb45243c61 0x7feb45243c68
+B+: 0x7feb45243c69 0x7feb45243c6d
+B+: 0x7feb45243c6e 0x7feb45243c77
+B+: 0x7feb45243c78 0x7feb45243c89
+B+: 0x7feb45243c8a 0x7feb45243c98
+B+: 0x7feb45243e90 0x7feb45243ed3
+B+: 0x7feb45243edf 0x7feb45243ef5
+B+: 0x7feb45243ef6 0x7feb45243efa
+B+: 0x7feb45243efb 0x7feb45243f5a
+B+: 0x7feb45243f5b 0x7feb45243f67
+B+: 0x7feb45243f68 0x7feb45243f77
+B+: 0x7feb45243f78 0x7feb45243f7f
+B+: 0x7feb45243f80 0x7feb45243f8b
+B+: 0x7feb45243f8c 0x7feb45243f94
+B+: 0x7feb45243f95 0x7feb45243f9b
+B+: 0x7feb45243fa0 0x7feb45243faf
+B+: 0x7feb45243fb0 0x7feb45243fc5
+B+: 0x7feb45243fc6 0x7feb45243fcf
+B+: 0x7feb45243fd0 0x7feb45243fe3
+B+: 0x7feb45243fe4 0x7feb45243ffc
+B+: 0x7feb45244019 0x7feb4524402b
+B+: 0x7feb4524402c 0x7feb45244034
+B+: 0x7feb45244035 0x7feb45244047
+B+: 0x7feb45244048 0x7feb4524405b
+B+: 0x7feb452440a8 0x7feb452440b4
+B+: 0x7feb452440b5 0x7feb452440b9
+B+: 0x7feb452440db 0x7feb452440e1
+B+: 0x7feb452440f0 0x7feb45244103
+B+: 0x7feb45244104 0x7feb45244113
+B+: 0x7feb45244114 0x7feb4524411b
+B+: 0x7feb4524411c 0x7feb45244122
+B+: 0x7feb45244123 0x7feb45244152
+B+: 0x7feb45244153 0x7feb4524415f
+B+: 0x7feb45244160 0x7feb45244168
+B+: 0x7feb45244216 0x7feb4524421c
+B+: 0x7feb45244224 0x7feb4524422d
+B+: 0x7feb4524422e 0x7feb45244237
+B+: 0x7feb45244238 0x7feb45244241
+B+: 0x7feb45244242 0x7feb4524424b
+B+: 0x7feb4524425d 0x7feb45244266
+B+: 0x7feb45244267 0x7feb45244281
+B+: 0x7feb45244282 0x7feb45244293
+B+: 0x7feb4524434c 0x7feb45244353
+B+: 0x7feb45244354 0x7feb4524436f
+B+: 0x7feb4524451b 0x7feb45244525
+B+: 0x7feb45244526 0x7feb4524452e
+B+: 0x7feb4524452f 0x7feb45244537
+B+: 0x7feb452448d0 0x7feb452448ec
+B+: 0x7feb452448ed 0x7feb452448f1
+B+: 0x7feb452448f8 0x7feb452448fa
+B+: 0x7feb452448fb 0x7feb45244907
+B+: 0x7feb45244908 0x7feb4524493e
+B+: 0x7feb4524493f 0x7feb45244940
+B+: 0x7feb45244963 0x7feb45244977
+B+: 0x7feb45244980 0x7feb45244986
+B+: 0x7feb45244987 0x7feb4524498e
+B+: 0x7feb4524498f 0x7feb45244997
+B+: 0x7feb45244998 0x7feb452449ba
+B+: 0x7feb452449bb 0x7feb452449bc
+B+: 0x7feb452449c0 0x7feb452449e7
+B+: 0x7feb452449e8 0x7feb452449f7
+B+: 0x7feb45244a19 0x7feb45244a21
+B+: 0x7feb45244a22 0x7feb45244a2a
+B+: 0x7feb45244a2b 0x7feb45244a34
+B+: 0x7feb45244a35 0x7feb45244a3f
+B+: 0x7feb45244ad0 0x7feb45244ae9
+B+: 0x7feb45244aea 0x7feb45244b00
+B+: 0x7feb45244b10 0x7feb45244b1f
+B+: 0x7feb45244b20 0x7feb45244b2b
+B+: 0x7feb45244b2c 0x7feb45244b31
+B+: 0x7feb45244b32 0x7feb45244b41
+B+: 0x7feb45244b56 0x7feb45244b61
+B+: 0x7feb45244b62 0x7feb45244b6f
+B+: 0x7feb45244b70 0x7feb45244b85
+B+: 0x7feb45244b86 0x7feb45244b97
+B+: 0x7feb45244b98 0x7feb45244bc0
+B+: 0x7feb45244bc8 0x7feb45244bcc
+B+: 0x7feb45244bcd 0x7feb45244bea
+B+: 0x7feb45244d70 0x7feb45244d98
+B+: 0x7feb45244da0 0x7feb45244da1
+B+: 0x7feb45244da2 0x7feb45244daa
+B+: 0x7feb45244dab 0x7feb45244dc5
+B+: 0x7feb45244dc6 0x7feb45244dc9
+B+: 0x7feb45244dca 0x7feb45244dd1
+B+: 0x7feb45244dd2 0x7feb45244de6
+B+: 0x7feb45244df0 0x7feb45244e2a
+B+: 0x7feb45244e2b 0x7feb45244e2f
+B+: 0x7feb45244e46 0x7feb45244e5c
+B+: 0x7feb45244e5d 0x7feb45244e6e
+B+: 0x7feb45244e90 0x7feb45244ead
+B+: 0x7feb45244ec8 0x7feb45244ed1
+B+: 0x7feb45244ed2 0x7feb45244edd
+B+: 0x7feb45244f6c 0x7feb45244f8f
+B+: 0x7feb45244f90 0x7feb45244f9c
+B+: 0x7feb45244f9d 0x7feb45244fa8
+B+: 0x7feb45244fa9 0x7feb45244fb0
+B+: 0x7feb45244fb1 0x7feb45244fc5
+B+: 0x7feb45245008 0x7feb45245012
+B+: 0x7feb45245013 0x7feb4524501e
+B+: 0x7feb4524501f 0x7feb4524502e
+B+: 0x7feb45245060 0x7feb45245066
+B+: 0x7feb45245067 0x7feb45245074
+B+: 0x7feb45245075 0x7feb45245086
+B+: 0x7feb45245087 0x7feb4524508e
+B+: 0x7feb4524508f 0x7feb452450a2
+B+: 0x7feb452450a3 0x7feb452450b0
+B+: 0x7feb45245100 0x7feb45245116
+B+: 0x7feb45245145 0x7feb4524514d
+B+: 0x7feb4524514e 0x7feb45245157
+B+: 0x7feb45245160 0x7feb45245166
+B+: 0x7feb452451c0 0x7feb452451d1
+B+: 0x7feb452451e8 0x7feb452451ef
+B+: 0x7feb45245248 0x7feb4524525b
+B+: 0x7feb4524525c 0x7feb45245271
+B+: 0x7feb452457d0 0x7feb452457ff
+B+: 0x7feb4524580f 0x7feb45245812
+B+: 0x7feb45245813 0x7feb4524581c
+B+: 0x7feb4524581d 0x7feb45245820
+B+: 0x7feb45245821 0x7feb4524582f
+B+: 0x7feb45245830 0x7feb4524583a
+B+: 0x7feb4524584f 0x7feb4524585a
+B+: 0x7feb4524585f 0x7feb45245862
+B+: 0x7feb45245870 0x7feb45245877
+B+: 0x7feb45245878 0x7feb4524588d
+B+: 0x7feb45246440 0x7feb45246464
+B+: 0x7feb4524661e 0x7feb45246627
+B+: 0x7feb45246628 0x7feb45246631
+B+: 0x7feb45246632 0x7feb45246659
+B+: 0x7feb452466af 0x7feb452466bc
+B+: 0x7feb452466c0 0x7feb452466cb
+B+: 0x7feb45246730 0x7feb4524673b
+B+: 0x7feb45246740 0x7feb4524675e
+B+: 0x7feb4524675f 0x7feb45246767
+B+: 0x7feb452467d2 0x7feb452467e3
+B+: 0x7feb452468a0 0x7feb452468a7
+B+: 0x7feb45247260 0x7feb452472a5
+B+: 0x7feb452472b5 0x7feb452472be
+B+: 0x7feb452472bf 0x7feb452472d2
+B+: 0x7feb452472d3 0x7feb452472fc
+B+: 0x7feb452472fd 0x7feb45247310
+B+: 0x7feb45247324 0x7feb45247328
+B+: 0x7feb45247336 0x7feb4524733f
+B+: 0x7feb45247340 0x7feb45247344
+B+: 0x7feb45247370 0x7feb45247386
+B+: 0x7feb45247387 0x7feb45247398
+B+: 0x7feb452473a0 0x7feb452473b6
+B+: 0x7feb452473b7 0x7feb452473d7
+B+: 0x7feb452473dd 0x7feb452473ec
+B+: 0x7feb45247850 0x7feb45247886
+B+: 0x7feb45247887 0x7feb4524789a
+B+: 0x7feb4524789b 0x7feb452478ad
+B+: 0x7feb452478ae 0x7feb452478c4
+B+: 0x7feb452478c5 0x7feb452478d7
+B+: 0x7feb452478d8 0x7feb452478e7
+B+: 0x7feb452478e8 0x7feb4524790c
+B+: 0x7feb4524790d 0x7feb45247915
+B+: 0x7feb45247924 0x7feb45247933
+B+: 0x7feb45247934 0x7feb45247947
+B+: 0x7feb45247948 0x7feb45247954
+B+: 0x7feb45247955 0x7feb4524795f
+B+: 0x7feb45247960 0x7feb45247964
+B+: 0x7feb45247a6a 0x7feb45247a7c
+B+: 0x7feb45247a7d 0x7feb45247a9c
+B+: 0x7feb45247ba0 0x7feb45247bad
+B+: 0x7feb45247bae 0x7feb45247be1
+B+: 0x7feb45247bf0 0x7feb45247bfb
+B+: 0x7feb45247db0 0x7feb45247dbd
+B+: 0x7feb45247dbe 0x7feb45247dca
+B+: 0x7feb45247dcb 0x7feb45247de3
+B+: 0x7feb45247de8 0x7feb45247df4
+B+: 0x7feb45247df8 0x7feb45247e04
+B+: 0x7feb45247e05 0x7feb45247e12
+B+: 0x7feb45247e13 0x7feb45247e1d
+B+: 0x7feb45247eb4 0x7feb45247ec1
+B+: 0x7feb45248160 0x7feb45248174
+B+: 0x7feb45248175 0x7feb45248187
+B+: 0x7feb45248188 0x7feb452481a2
+B+: 0x7feb452481a3 0x7feb452481ac
+B+: 0x7feb452481ad 0x7feb452481b3
+B+: 0x7feb452481d0 0x7feb452481e5
+B+: 0x7feb452481eb 0x7feb452481f3
+B+: 0x7feb45248205 0x7feb4524820b
+B+: 0x7feb4524820c 0x7feb4524821d
+B+: 0x7feb4524821e 0x7feb45248226
+B+: 0x7feb45248227 0x7feb45248230
+B+: 0x7feb45248231 0x7feb45248232
+B+: 0x7feb45248240 0x7feb45248248
+B+: 0x7feb45248260 0x7feb45248260
+B+: 0x7feb45248520 0x7feb45248534
+B+: 0x7feb45248572 0x7feb45248578
+B+: 0x7feb45248580 0x7feb45248583
+B+: 0x7feb45248610 0x7feb45248656
+B+: 0x7feb4524865b 0x7feb45248686
+B+: 0x7feb45248687 0x7feb4524869d
+B+: 0x7feb452486fc 0x7feb45248708
+B+: 0x7feb45248709 0x7feb45248711
+B+: 0x7feb45248712 0x7feb4524872a
+B+: 0x7feb4524872b 0x7feb4524873c
+B+: 0x7feb45248740 0x7feb45248747
+B+: 0x7feb45248748 0x7feb4524875f
+B+: 0x7feb45248760 0x7feb45248766
+B+: 0x7feb45248767 0x7feb45248780
+B+: 0x7feb45248790 0x7feb45248793
+B+: 0x7feb45248794 0x7feb45248798
+B+: 0x7feb452487a2 0x7feb452487aa
+B+: 0x7feb452487ab 0x7feb452487ae
+B+: 0x7feb452487af 0x7feb452487bd
+B+: 0x7feb452487cb 0x7feb452487d3
+B+: 0x7feb45248825 0x7feb45248841
+B+: 0x7feb45248842 0x7feb4524884d
+B+: 0x7feb4524887e 0x7feb4524888e
+B+: 0x7feb4524888f 0x7feb452488a0
+B+: 0x7feb452488a1 0x7feb452488ad
+B+: 0x7feb45248c10 0x7feb45248c30
+B+: 0x7feb45248c31 0x7feb45248c58
+B+: 0x7feb45248c5e 0x7feb45248c66
+B+: 0x7feb45248c67 0x7feb45248c6f
+B+: 0x7feb45248c78 0x7feb45248c87
+B+: 0x7feb45248c88 0x7feb45248c89
+B+: 0x7feb45248ca0 0x7feb45248caf
+B+: 0x7feb45248cba 0x7feb45248cc4
+B+: 0x7feb45248ce0 0x7feb45248ce8
+B+: 0x7feb45249360 0x7feb4524936b
+B+: 0x7feb45249480 0x7feb45249480
+B+: 0x7feb452499c0 0x7feb452499db
+B+: 0x7feb45249a16 0x7feb45249a32
+B+: 0x7feb45249a33 0x7feb45249a52
+B+: 0x7feb45249a63 0x7feb45249a6a
+B+: 0x7feb45249a90 0x7feb45249aa6
+B+: 0x7feb45249aa7 0x7feb45249aae
+B+: 0x7feb45249aaf 0x7feb45249ab6
+B+: 0x7feb45249af6 0x7feb45249b01
+B+: 0x7feb45249b0c 0x7feb45249b34
+B+: 0x7feb45249b40 0x7feb45249b57
+B+: 0x7feb45249b58 0x7feb45249b5f
+B+: 0x7feb45249b60 0x7feb45249b67
+B+: 0x7feb45249b68 0x7feb45249b70
+B+: 0x7feb45249b71 0x7feb45249b7a
+B+: 0x7feb45249b7b 0x7feb45249b80
+B+: 0x7feb45249b97 0x7feb45249b9c
+B+: 0x7feb45249c0a 0x7feb45249c3d
+B+: 0x7feb45249c47 0x7feb45249c53
+B+: 0x7feb45249ed0 0x7feb45249ede
+B+: 0x7feb45249edf 0x7feb45249ee7
+B+: 0x7feb45249ee8 0x7feb45249efc
+B+: 0x7feb45249efd 0x7feb45249f02
+B+: 0x7feb45249f03 0x7feb45249f1b
+B+: 0x7feb45249f1c 0x7feb45249f21
+B+: 0x7feb45249f22 0x7feb45249f2b
+B+: 0x7feb45249fc0 0x7feb45249fc7
+B+: 0x7feb45249fc8 0x7feb45249fd0
+B+: 0x7feb4524a760 0x7feb4524a768
+B+: 0x7feb4524a769 0x7feb4524a76d
+B+: 0x7feb4524a76e 0x7feb4524a772
+B+: 0x7feb4524a780 0x7feb4524a788
+B+: 0x7feb4524a789 0x7feb4524a78d
+B+: 0x7feb4524a78e 0x7feb4524a792
+B+: 0x7feb4524a7c0 0x7feb4524a7d9
+B+: 0x7feb4524a7da 0x7feb4524a7e6
+B+: 0x7feb4524a7f7 0x7feb4524a802
+B+: 0x7feb4524a803 0x7feb4524a80b
+B+: 0x7feb4524a80c 0x7feb4524a841
+B+: 0x7feb4524a842 0x7feb4524a84b
+B+: 0x7feb4524a84c 0x7feb4524a852
+B+: 0x7feb4524a853 0x7feb4524a875
+B+: 0x7feb4524a880 0x7feb4524a88e
+B+: 0x7feb4524a8b0 0x7feb4524a8c8
+B+: 0x7feb4524a900 0x7feb4524a941
+B+: 0x7feb4524a950 0x7feb4524a966
+B+: 0x7feb4524a967 0x7feb4524a97e
+B+: 0x7feb4524a97f 0x7feb4524a98a
+B+: 0x7feb4524a98b 0x7feb4524a9b3
+B+: 0x7feb4524a9b4 0x7feb4524a9bd
+B+: 0x7feb4524a9be 0x7feb4524a9bf
+B+: 0x7feb4524a9d0 0x7feb4524a9e8
+B+: 0x7feb4524a9e9 0x7feb4524aa14
+B+: 0x7feb4524aa1e 0x7feb4524aa25
+B+: 0x7feb4524aa26 0x7feb4524aa33
+B+: 0x7feb4524aa34 0x7feb4524aa46
+B+: 0x7feb4524aae0 0x7feb4524aafe
+B+: 0x7feb4524aaff 0x7feb4524ab0c
+B+: 0x7feb4524ab0d 0x7feb4524ab1b
+B+: 0x7feb4524ab1c 0x7feb4524ab2c
+B+: 0x7feb4524ab40 0x7feb4524ab62
+B+: 0x7feb4524ab98 0x7feb4524aba9
+B+: 0x7feb4524b6d0 0x7feb4524b6f4
+B+: 0x7feb4524b6f5 0x7feb4524b70d
+B+: 0x7feb4524b70e 0x7feb4524b712
+B+: 0x7feb4524b713 0x7feb4524b71e
+B+: 0x7feb4524b71f 0x7feb4524b723
+B+: 0x7feb4524b724 0x7feb4524b728
+B+: 0x7feb4524b729 0x7feb4524b730
+B+: 0x7feb4524b73c 0x7feb4524b749
+B+: 0x7feb4524b74a 0x7feb4524b74d
+B+: 0x7feb4524b74e 0x7feb4524b760
+B+: 0x7feb4524b761 0x7feb4524b76b
+B+: 0x7feb4524b790 0x7feb4524b79d
+B+: 0x7feb4524b79e 0x7feb4524b7a5
+B+: 0x7feb4524b7a6 0x7feb4524b7a7
+B+: 0x7feb4524b890 0x7feb4524b89d
+B+: 0x7feb4524b89e 0x7feb4524b8a9
+B+: 0x7feb4524b8aa 0x7feb4524b8bd
+B+: 0x7feb4524b8c0 0x7feb4524b8ca
+B+: 0x7feb4524b8d0 0x7feb4524b8ef
+B+: 0x7feb4524b8f0 0x7feb4524b8f4
+B+: 0x7feb4524b8f5 0x7feb4524b90c
+B+: 0x7feb4524b90d 0x7feb4524b910
+B+: 0x7feb4524b911 0x7feb4524b912
+B+: 0x7feb4524b913 0x7feb4524b91b
+B+: 0x7feb4524b91c 0x7feb4524b930
+B+: 0x7feb4524b938 0x7feb4524b93c
+B+: 0x7feb4524b980 0x7feb4524b98f
+B+: 0x7feb4524b990 0x7feb4524b99b
+B+: 0x7feb4524b99c 0x7feb4524b9ab
+B+: 0x7feb4524ba80 0x7feb4524ba93
+B+: 0x7feb4524ba94 0x7feb4524baac
+B+: 0x7feb4524baad 0x7feb4524babf
+B+: 0x7feb4524bac0 0x7feb4524bada
+B+: 0x7feb4524badb 0x7feb4524bae3
+B+: 0x7feb4524baec 0x7feb4524baf8
+B+: 0x7feb4524baf9 0x7feb4524bb02
+B+: 0x7feb4524bb03 0x7feb4524bb06
+B+: 0x7feb4524bb07 0x7feb4524bb1a
+B+: 0x7feb4524bc49 0x7feb4524bc55
+B+: 0x7feb4524bc56 0x7feb4524bc67
+B+: 0x7feb4524bc82 0x7feb4524bc93
+B+: 0x7feb4524bd77 0x7feb4524bd82
+B+: 0x7feb4524bda0 0x7feb4524bdb2
+B+: 0x7feb4524bdb3 0x7feb4524bddf
+B+: 0x7feb4524bde0 0x7feb4524bdeb
+B+: 0x7feb4524bdec 0x7feb4524bdfc
+B+: 0x7feb4524bdfd 0x7feb4524be18
+B+: 0x7feb4524be19 0x7feb4524be25
+B+: 0x7feb4524be26 0x7feb4524be2e
+B+: 0x7feb4524be2f 0x7feb4524be3f
+B+: 0x7feb4524be40 0x7feb4524be44
+B+: 0x7feb4524be45 0x7feb4524be50
+B+: 0x7feb4524be51 0x7feb4524be5d
+B+: 0x7feb4524be5e 0x7feb4524be77
+B+: 0x7feb4524bece 0x7feb4524bed2
+B+: 0x7feb4524bed3 0x7feb4524bede
+B+: 0x7feb4524bee0 0x7feb4524beec
+B+: 0x7feb4524bf60 0x7feb4524bf7c
+B+: 0x7feb4524c120 0x7feb4524c128
+B+: 0x7feb4524c129 0x7feb4524c147
+B+: 0x7feb4524c750 0x7feb4524c75e
+B+: 0x7feb4524c75f 0x7feb4524c763
+B+: 0x7feb4524c764 0x7feb4524c770
+B+: 0x7feb4524c771 0x7feb4524c777
+B+: 0x7feb4524c778 0x7feb4524c783
+B+: 0x7feb4524c784 0x7feb4524c788
+B+: 0x7feb4524c789 0x7feb4524c78d
+B+: 0x7feb4524c78e 0x7feb4524c796
+B+: 0x7feb4524c797 0x7feb4524c79e
+B+: 0x7feb4524c890 0x7feb4524c892
+B+: 0x7feb4524c8a7 0x7feb4524c8ab
+B+: 0x7feb4524c8ac 0x7feb4524c8b2
+B+: 0x7feb4524c8b3 0x7feb4524c8b6
+B+: 0x7feb4524c8d0 0x7feb4524c8e1
+B+: 0x7feb4524c8e2 0x7feb4524c8e6
+B+: 0x7feb4524c8e7 0x7feb4524c8eb
+B+: 0x7feb4524c8ec 0x7feb4524c8f1
+B+: 0x7feb4524c8f2 0x7feb4524c8fa
+B+: 0x7feb4524c8fb 0x7feb4524c8fc
+B+: 0x7feb4524c940 0x7feb4524c948
+B+: 0x7feb4524c949 0x7feb4524c951
+B+: 0x7feb4524c980 0x7feb4524c988
+B+: 0x7feb4524c989 0x7feb4524c98a
+B+: 0x7feb4524c98b 0x7feb4524c991
+B+: 0x7feb4524c992 0x7feb4524c9a2
+B+: 0x7feb4524c9a8 0x7feb4524c9ac
+B+: 0x7feb4524c9eb 0x7feb4524ca00
+B+: 0x7feb4524ca08 0x7feb4524ca10
+B+: 0x7feb4524caf0 0x7feb4524cb11
+B+: 0x7feb4524cb12 0x7feb4524cb16
+B+: 0x7feb4524cb17 0x7feb4524cb1d
+B+: 0x7feb4524cb1e 0x7feb4524cb26
+B+: 0x7feb4524cb27 0x7feb4524cb34
+B+: 0x7feb4524cb35 0x7feb4524cb3c
+B+: 0x7feb4524cb3d 0x7feb4524cb49
+B+: 0x7feb4524cb4a 0x7feb4524cb5a
+B+: 0x7feb4524cb5b 0x7feb4524cb63
+B+: 0x7feb4524cb7f 0x7feb4524cb93
+B+: 0x7feb4524cb94 0x7feb4524cb9c
+B+: 0x7feb4524cbe0 0x7feb4524cbf7
+B+: 0x7feb4524cbf8 0x7feb4524cc00
+B+: 0x7feb4524cc1b 0x7feb4524cc2b
+B+: 0x7feb4524cd40 0x7feb4524cd5e
+B+: 0x7feb4524cd5f 0x7feb4524cd6d
+B+: 0x7feb4524cd6e 0x7feb4524cd72
+B+: 0x7feb4524cd7d 0x7feb4524cd90
+B+: 0x7feb4524cd91 0x7feb4524cd95
+B+: 0x7feb4524cd96 0x7feb4524cd9a
+B+: 0x7feb4524cda0 0x7feb4524cda4
+B+: 0x7feb4524cdd5 0x7feb4524cdd9
+B+: 0x7feb4524cdda 0x7feb4524cdde
+B+: 0x7feb4524cdf0 0x7feb4524cdfb
+B+: 0x7feb4524cdfc 0x7feb4524ce07
+B+: 0x7feb4524ce08 0x7feb4524ce10
+B+: 0x7feb4524ce2c 0x7feb4524ce30
+B+: 0x7feb4524ce31 0x7feb4524ce36
+B+: 0x7feb4524ce41 0x7feb4524ce45
+B+: 0x7feb4524ce46 0x7feb4524ce54
+B+: 0x7feb4524ce55 0x7feb4524ce5d
+B+: 0x7feb4524ce5e 0x7feb4524ce62
+B+: 0x7feb4524ce63 0x7feb4524ce74
+B+: 0x7feb4524ce78 0x7feb4524ce84
+B+: 0x7feb4524cea0 0x7feb4524cea4
+B+: 0x7feb4524cef0 0x7feb4524cf03
+B+: 0x7feb4524cf40 0x7feb4524cf76
+B+: 0x7feb4524cf77 0x7feb4524cf82
+B+: 0x7feb4524cf83 0x7feb4524cf92
+B+: 0x7feb4524d01b 0x7feb4524d031
+B+: 0x7feb4524d032 0x7feb4524d040
+B+: 0x7feb4524d075 0x7feb4524d0b8
+B+: 0x7feb4524d0b9 0x7feb4524d0c3
+B+: 0x7feb4524d0c4 0x7feb4524d0cc
+B+: 0x7feb4524d0cd 0x7feb4524d0d5
+B+: 0x7feb4524d0d6 0x7feb4524d0de
+B+: 0x7feb4524d0df 0x7feb4524d106
+B+: 0x7feb4524d107 0x7feb4524d133
+B+: 0x7feb4524d578 0x7feb4524d581
+B+: 0x7feb4524d582 0x7feb4524d5a8
+B+: 0x7feb4524d5a9 0x7feb4524d5b6
+B+: 0x7feb4524d5d0 0x7feb4524d5e0
+B+: 0x7feb4524d5e1 0x7feb4524d5ee
+B+: 0x7feb4524d5ef 0x7feb4524d5f3
+B+: 0x7feb4524d670 0x7feb4524d67e
+B+: 0x7feb4524d67f 0x7feb4524d683
+B+: 0x7feb4524d684 0x7feb4524d692
+B+: 0x7feb4524d693 0x7feb4524d69a
+B+: 0x7feb4524d69b 0x7feb4524d6a2
+B+: 0x7feb4524d6a3 0x7feb4524d6b7
+B+: 0x7feb4524d790 0x7feb4524d7bc
+B+: 0x7feb4524d7bd 0x7feb4524d7d4
+B+: 0x7feb4524d7e0 0x7feb4524d83a
+B+: 0x7feb4524d83b 0x7feb4524d875
+B+: 0x7feb4524d876 0x7feb4524d893
+B+: 0x7feb4524d894 0x7feb4524d8a3
+B+: 0x7feb4524d8a4 0x7feb4524d8b0
+B+: 0x7feb4524d9b4 0x7feb4524d9b8
+B+: 0x7feb4524d9b9 0x7feb4524d9cf
+B+: 0x7feb4524d9d0 0x7feb4524d9dc
+B+: 0x7feb4524d9dd 0x7feb4524d9ef
+B+: 0x7feb4524d9f0 0x7feb4524d9f7
+B+: 0x7feb4524da01 0x7feb4524da16
+B+: 0x7feb4524da28 0x7feb4524da3d
+B+: 0x7feb4524da3e 0x7feb4524da4d
+B+: 0x7feb4524da79 0x7feb4524da97
+B+: 0x7feb4524da98 0x7feb4524dac0
+B+: 0x7feb4524dac1 0x7feb4524dacf
+B+: 0x7feb4524e148 0x7feb4524e154
+B+: 0x7feb4524e155 0x7feb4524e174
+B+: 0x7feb4524e175 0x7feb4524e17f
+B+: 0x7feb4524e1ac 0x7feb4524e1b0
+B+: 0x7feb4524e1b1 0x7feb4524e1b5
+B+: 0x7feb4524ea40 0x7feb4524ea64
+B+: 0x7feb4524eb10 0x7feb4524eb1a
+B+: 0x7feb4524eb40 0x7feb4524eb47
+B+: 0x7feb4524eb48 0x7feb4524eb51
+B+: 0x7feb4524eb58 0x7feb4524eb60
+B+: 0x7feb4524eb61 0x7feb4524eb6a
+B+: 0x7feb4524eb88 0x7feb4524eb8c
+B+: 0x7feb4524eb8d 0x7feb4524eb94
+B+: 0x7feb4524eba0 0x7feb4524eba4
+B+: 0x7feb4524ed00 0x7feb4524ed30
+B+: 0x7feb4524ee3f 0x7feb4524ee55
+B+: 0x7feb4524ee56 0x7feb4524ee67
+B+: 0x7feb4524f1e0 0x7feb4524f222
+B+: 0x7feb4524f223 0x7feb4524f228
+B+: 0x7feb4524f24c 0x7feb4524f260
+B+: 0x7feb4524f261 0x7feb4524f269
+B+: 0x7feb4524f270 0x7feb4524f279
+B+: 0x7feb4524f288 0x7feb4524f2a0
+B+: 0x7feb4524f2a1 0x7feb4524f2ba
+B+: 0x7feb4524f2bb 0x7feb4524f2bc
+B+: 0x7feb4524f2d0 0x7feb4524f2d8
+B+: 0x7feb4524f2f8 0x7feb4524f2f8
+B+: 0x7feb4524f300 0x7feb4524f30c
+B+: 0x7feb4524f33f 0x7feb4524f343
+B+: 0x7feb4524f380 0x7feb4524f384
+B+: 0x7feb4524f3d0 0x7feb4524f3e3
+B+: 0x7feb4524f400 0x7feb4524f400
+B+: 0x7feb4524f420 0x7feb4524f45b
+B+: 0x7feb4524f467 0x7feb4524f471
+B+: 0x7feb4524f472 0x7feb4524f489
+B+: 0x7feb4524f48a 0x7feb4524f48d
+B+: 0x7feb4524f48e 0x7feb4524f494
+B+: 0x7feb4524f495 0x7feb4524f49d
+B+: 0x7feb4524f49e 0x7feb4524f4a9
+B+: 0x7feb4524f4aa 0x7feb4524f4c2
+B+: 0x7feb4524f4c3 0x7feb4524f4ce
+B+: 0x7feb4524f4cf 0x7feb4524f4e5
+B+: 0x7feb4524f4e6 0x7feb4524f4f5
+B+: 0x7feb4524f500 0x7feb4524f50e
+B+: 0x7feb4524f50f 0x7feb4524f513
+B+: 0x7feb4524f514 0x7feb4524f51e
+B+: 0x7feb4524f540 0x7feb4524f549
+B+: 0x7feb4524f54a 0x7feb4524f54e
+B+: 0x7feb4524f54f 0x7feb4524f560
+B+: 0x7feb4524f568 0x7feb4524f577
+B+: 0x7feb4524f580 0x7feb4524f589
+B+: 0x7feb4524f5a8 0x7feb4524f5bb
+B+: 0x7feb4524f5c0 0x7feb4524f5ce
+B+: 0x7feb4524f5cf 0x7feb4524f5dc
+B+: 0x7feb4524f6f0 0x7feb4524f6fd
+B+: 0x7feb4524f7a0 0x7feb4524f7a0
+B+: 0x7feb4524f7b0 0x7feb4524f7ba
+B+: 0x7feb4524f7bb 0x7feb4524f7ce
+B+: 0x7feb4524f7cf 0x7feb4524f7d8
+B+: 0x7feb4524f7d9 0x7feb4524f7e6
+B+: 0x7feb4524f800 0x7feb4524f82d
+B+: 0x7feb4524f82e 0x7feb4524f831
+B+: 0x7feb4524f832 0x7feb4524f847
+B+: 0x7feb4524f864 0x7feb4524f86b
+B+: 0x7feb4524f86c 0x7feb4524f86f
+B+: 0x7feb4524f870 0x7feb4524f876
+B+: 0x7feb4524f877 0x7feb4524f87b
+B+: 0x7feb4524f87c 0x7feb4524f886
+B+: 0x7feb4524fae0 0x7feb4524fb01
+B+: 0x7feb4524fb02 0x7feb4524fb0a
+B+: 0x7feb4524fb0b 0x7feb4524fb14
+B+: 0x7feb4524fb15 0x7feb4524fb19
+B+: 0x7feb4524fc00 0x7feb4524fc19
+B+: 0x7feb4524fc51 0x7feb4524fc8e
+B+: 0x7feb4524fc8f 0x7feb4524fc9e
+B+: 0x7feb4524fc9f 0x7feb4524fca6
+B+: 0x7feb4524fdf0 0x7feb4524fdfb
+B+: 0x7feb4524fe20 0x7feb4524fe20
+B+: 0x7feb4524fe30 0x7feb4524fe38
+B+: 0x7feb45251940 0x7feb4525194b
+B+: 0x7feb4525194c 0x7feb45251957
+B+: 0x7feb45251958 0x7feb45251964
+B+: 0x7feb45251965 0x7feb45251969
+B+: 0x7feb4525196a 0x7feb4525196f
+B+: 0x7feb45251970 0x7feb45251976
+B+: 0x7feb45251980 0x7feb45251987
+B+: 0x7feb45251988 0x7feb4525198c
+B+: 0x7feb4525198d 0x7feb4525199b
+B+: 0x7feb4525199c 0x7feb452519a0
+B+: 0x7feb452519a1 0x7feb452519a8
+B+: 0x7feb452519a9 0x7feb452519ad
+B+: 0x7feb452519ae 0x7feb452519b8
+B+: 0x7feb452519b9 0x7feb452519b9
+B+: 0x7feb452519c0 0x7feb452519c5
+B+: 0x7feb452519c6 0x7feb452519c9
+B+: 0x7feb452519d0 0x7feb452519d0
+B+: 0x7feb452519d1 0x7feb452519d5
+B+: 0x7feb452519d6 0x7feb452519d9
+B+: 0x7feb452519e0 0x7feb452519ff
+B+: 0x7feb45251a00 0x7feb45251a11
+B+: 0x7feb45251a12 0x7feb45251a16
+B+: 0x7feb45251a20 0x7feb45251a22
+B+: 0x7feb45251a23 0x7feb45251a2f
+B+: 0x7feb45251a30 0x7feb45251a33
+B+: 0x7feb45251a34 0x7feb45251a5d
+B+: 0x7feb45251a5e 0x7feb45251a62
+B+: 0x7feb45251a63 0x7feb45251a82
+B+: 0x7feb45251ac0 0x7feb45251ade
+B+: 0x7feb45251adf 0x7feb45251ae3
+B+: 0x7feb45251ae4 0x7feb45251ae8
+B+: 0x7feb45251af0 0x7feb45251af2
+B+: 0x7feb45251af3 0x7feb45251aff
+B+: 0x7feb45251b00 0x7feb45251b03
+B+: 0x7feb45251b04 0x7feb45251b3e
+B+: 0x7feb45251b3f 0x7feb45251b49
+B+: 0x7feb45251b4a 0x7feb45251b57
+B+: 0x7feb45251b58 0x7feb45251b5d
+B+: 0x7feb45251b5e 0x7feb45251b66
+B+: 0x7feb45251b67 0x7feb45251b70
+B+: 0x7feb45251b71 0x7feb45251b7a
+B+: 0x7feb45251b7b 0x7feb45251b9a
+B+: 0x7feb45251b9b 0x7feb45251ba3
+B+: 0x7feb45251ba4 0x7feb45251bbd
+B+: 0x7feb45251bc0 0x7feb45251bc5
+B+: 0x7feb45251bc6 0x7feb45251bcf
+B+: 0x7feb45251bd0 0x7feb45251bd9
+B+: 0x7feb45251bda 0x7feb45251bf7
+B+: 0x7feb45251c08 0x7feb45251c14
+B+: 0x7feb45251c15 0x7feb45251c1b
+B+: 0x7feb45251c1c 0x7feb45251c29
+B+: 0x7feb45251cb0 0x7feb45251cca
+B+: 0x7feb45251ccb 0x7feb45251cda
+B+: 0x7feb45251cdb 0x7feb45251ce6
+B+: 0x7feb45251ce7 0x7feb45251cef
+B+: 0x7feb45251cf0 0x7feb45251cf4
+B+: 0x7feb45251cf5 0x7feb45251cfc
+B+: 0x7feb45251cfd 0x7feb45251d10
+B+: 0x7feb45251d11 0x7feb45251d21
+B+: 0x7feb45251d22 0x7feb45251d26
+B+: 0x7feb45251d27 0x7feb45251d38
+B+: 0x7feb45251d39 0x7feb45251d4b
+B+: 0x7feb45251d4c 0x7feb45251d54
+B+: 0x7feb45251d55 0x7feb45251d5e
+B+: 0x7feb45251d5f 0x7feb45251d6d
+B+: 0x7feb45251ea0 0x7feb45251eb6
+B+: 0x7feb45251eb7 0x7feb45251ebb
+B+: 0x7feb45251ebc 0x7feb45251ec0
+B+: 0x7feb45251ec8 0x7feb45251ecb
+B+: 0x7feb45251ecc 0x7feb45251ed9
+B+: 0x7feb45251eda 0x7feb45251edd
+B+: 0x7feb45251ede 0x7feb45251f06
+B+: 0x7feb45251f07 0x7feb45251f10
+B+: 0x7feb45251f11 0x7feb45251f16
+B+: 0x7feb45251f17 0x7feb45251f24
+B+: 0x7feb45251f25 0x7feb45251f2d
+B+: 0x7feb45252440 0x7feb4525246b
+B+: 0x7feb4525246c 0x7feb45252470
+B+: 0x7feb45252471 0x7feb45252475
+B+: 0x7feb45252536 0x7feb4525253e
+B+: 0x7feb4525253f 0x7feb45252548
+B+: 0x7feb45252549 0x7feb45252551
+B+: 0x7feb452525d0 0x7feb452525e4
+B+: 0x7feb452525e5 0x7feb45252606
+B+: 0x7feb45252607 0x7feb45252610
+B+: 0x7feb45252611 0x7feb45252618
+B+: 0x7feb45252640 0x7feb45252648
+B+: 0x7feb45252649 0x7feb45252656
+B+: 0x7feb45252657 0x7feb4525265f
+B+: 0x7feb45252660 0x7feb45252661
+B+: 0x7feb45252760 0x7feb452527aa
+B+: 0x7feb452527ab 0x7feb452527af
+B+: 0x7feb452527b0 0x7feb452527be
+B+: 0x7feb452527c8 0x7feb452527d3
+B+: 0x7feb452527d4 0x7feb452527d8
+B+: 0x7feb452527d9 0x7feb452527e0
+B+: 0x7feb452527e1 0x7feb452527e5
+B+: 0x7feb452527e6 0x7feb452527f3
+B+: 0x7feb452527f4 0x7feb452527fb
+B+: 0x7feb45252800 0x7feb45252810
+B+: 0x7feb45252811 0x7feb45252815
+B+: 0x7feb45252816 0x7feb45252832
+B+: 0x7feb45252833 0x7feb45252843
+B+: 0x7feb45252844 0x7feb4525284f
+B+: 0x7feb45252850 0x7feb45252857
+B+: 0x7feb45252858 0x7feb4525285c
+B+: 0x7feb4525285d 0x7feb45252868
+B+: 0x7feb45252869 0x7feb4525287b
+B+: 0x7feb4525287c 0x7feb45252884
+B+: 0x7feb45252888 0x7feb45252897
+B+: 0x7feb45252898 0x7feb4525289b
+B+: 0x7feb4525289c 0x7feb452528b4
+B+: 0x7feb452528b5 0x7feb452528b8
+B+: 0x7feb452528b9 0x7feb452528c6
+B+: 0x7feb452528c7 0x7feb452528d5
+B+: 0x7feb45252dc0 0x7feb45252dec
+B+: 0x7feb45252ded 0x7feb45252df2
+B+: 0x7feb45252df3 0x7feb45252e04
+B+: 0x7feb45252e05 0x7feb45252e0d
+B+: 0x7feb45252e0e 0x7feb45252e1c
+CND+ 0x7feb4524100e: taken
+CND+ 0x7feb452415ea: not taken
+CND+ 0x7feb45241626: not taken
+CND+ 0x7feb4524163b: taken
+CND+ 0x7feb45241673: not taken
+CND+ 0x7feb45241687: not taken
+CND+ 0x7feb45241695: not taken
+CND+ 0x7feb452417e2: taken
+CND+ 0x7feb45241862: not taken
+CND+ 0x7feb4524187c: both
+CND+ 0x7feb452418a9: not taken
+CND+ 0x7feb45241a5d: not taken
+CND+ 0x7feb45241a62: taken
+CND+ 0x7feb452426e6: not taken
+CND+ 0x7feb45242704: taken
+CND+ 0x7feb4524271a: not taken
+CND+ 0x7feb4524271f: taken
+CND+ 0x7feb4524272f: taken
+CND+ 0x7feb4524274c: not taken
+CND+ 0x7feb45242756: not taken
+CND+ 0x7feb4524278f: not taken
+CND+ 0x7feb4524279b: taken
+CND+ 0x7feb45243079: taken
+CND+ 0x7feb4524311b: not taken
+CND+ 0x7feb45243149: not taken
+CND+ 0x7feb45243158: not taken
+CND+ 0x7feb45243190: not taken
+CND+ 0x7feb452431ce: taken
+CND+ 0x7feb45243c20: not taken
+CND+ 0x7feb45243c2d: taken
+CND+ 0x7feb45243c48: not taken
+CND+ 0x7feb45243c5f: both
+CND+ 0x7feb45243c88: not taken
+CND+ 0x7feb45243ed2: taken
+CND+ 0x7feb45243f55: not taken
+CND+ 0x7feb45243f7e: not taken
+CND+ 0x7feb45243f8a: not taken
+CND+ 0x7feb45243f93: both
+CND+ 0x7feb45243fc4: not taken
+CND+ 0x7feb45243fe2: both
+CND+ 0x7feb45243ffb: taken
+CND+ 0x7feb4524405a: taken
+CND+ 0x7feb452440af: not taken
+CND+ 0x7feb452440b8: taken
+CND+ 0x7feb452440e0: taken
+CND+ 0x7feb45244116: not taken
+CND+ 0x7feb4524415a: not taken
+CND+ 0x7feb45244163: taken
+CND+ 0x7feb4524421b: taken
+CND+ 0x7feb4524424a: taken
+CND+ 0x7feb4524427c: not taken
+CND+ 0x7feb4524436a: taken
+CND+ 0x7feb45244520: not taken
+CND+ 0x7feb45244529: not taken
+CND+ 0x7feb45244532: taken
+CND+ 0x7feb452448eb: not taken
+CND+ 0x7feb45244906: both
+CND+ 0x7feb4524493d: not taken
+CND+ 0x7feb45244985: both
+CND+ 0x7feb452449f6: taken
+CND+ 0x7feb45244a20: both
+CND+ 0x7feb45244a29: not taken
+CND+ 0x7feb45244a33: not taken
+CND+ 0x7feb45244ae4: not taken
+CND+ 0x7feb45244afb: taken
+CND+ 0x7feb45244b2a: both
+CND+ 0x7feb45244b30: both
+CND+ 0x7feb45244b40: taken
+CND+ 0x7feb45244b60: not taken
+CND+ 0x7feb45244b96: not taken
+CND+ 0x7feb45244be5: taken
+CND+ 0x7feb45244da0: not taken
+CND+ 0x7feb45244da9: not taken
+CND+ 0x7feb45244dc8: both
+CND+ 0x7feb45244dd0: both
+CND+ 0x7feb45244e2e: taken
+CND+ 0x7feb45244e57: not taken
+CND+ 0x7feb45244eac: taken
+CND+ 0x7feb45244ed8: taken
+CND+ 0x7feb45244fa3: not taken
+CND+ 0x7feb45244fc0: taken
+CND+ 0x7feb45245019: not taken
+CND+ 0x7feb45245065: not taken
+CND+ 0x7feb4524506f: not taken
+CND+ 0x7feb45245089: both
+CND+ 0x7feb4524509d: not taken
+CND+ 0x7feb452450ab: taken
+CND+ 0x7feb4524514c: not taken
+CND+ 0x7feb45245156: taken
+CND+ 0x7feb452451cc: taken
+CND+ 0x7feb452451ee: taken
+CND+ 0x7feb45245811: both
+CND+ 0x7feb4524581b: not taken
+CND+ 0x7feb4524581f: not taken
+CND+ 0x7feb45245839: taken
+CND+ 0x7feb45245859: taken
+CND+ 0x7feb45245861: taken
+CND+ 0x7feb4524645f: taken
+CND+ 0x7feb45246626: not taken
+CND+ 0x7feb452466ca: taken
+CND+ 0x7feb45246762: taken
+CND+ 0x7feb452472a4: taken
+CND+ 0x7feb452472bd: not taken
+CND+ 0x7feb452472cd: not taken
+CND+ 0x7feb4524730f: taken
+CND+ 0x7feb45247327: taken
+CND+ 0x7feb4524733a: not taken
+CND+ 0x7feb45247343: taken
+CND+ 0x7feb45247381: not taken
+CND+ 0x7feb452473d6: taken
+CND+ 0x7feb452473e7: taken
+CND+ 0x7feb45247895: not taken
+CND+ 0x7feb452478a8: not taken
+CND+ 0x7feb452478d2: not taken
+CND+ 0x7feb45247907: not taken
+CND+ 0x7feb45247942: taken
+CND+ 0x7feb45247953: not taken
+CND+ 0x7feb45247963: taken
+CND+ 0x7feb45247a7b: not taken
+CND+ 0x7feb45247dbc: both
+CND+ 0x7feb45247dc9: both
+CND+ 0x7feb45247e03: not taken
+CND+ 0x7feb45247e0d: not taken
+CND+ 0x7feb45247e18: taken
+CND+ 0x7feb452481a1: not taken
+CND+ 0x7feb452481ab: not taken
+CND+ 0x7feb452481e4: taken
+CND+ 0x7feb452481f2: taken
+CND+ 0x7feb4524820a: not taken
+CND+ 0x7feb45248225: not taken
+CND+ 0x7feb4524822f: not taken
+CND+ 0x7feb45248247: taken
+CND+ 0x7feb45248533: taken
+CND+ 0x7feb45248582: taken
+CND+ 0x7feb45248655: taken
+CND+ 0x7feb45248698: taken
+CND+ 0x7feb45248703: not taken
+CND+ 0x7feb4524870c: taken
+CND+ 0x7feb45248725: not taken
+CND+ 0x7feb45248742: not taken
+CND+ 0x7feb4524875a: not taken
+CND+ 0x7feb45248765: not taken
+CND+ 0x7feb45248792: not taken
+CND+ 0x7feb45248797: taken
+CND+ 0x7feb452487a9: taken
+CND+ 0x7feb452487ad: not taken
+CND+ 0x7feb452487bc: taken
+CND+ 0x7feb452487ce: taken
+CND+ 0x7feb45248848: taken
+CND+ 0x7feb45248889: not taken
+CND+ 0x7feb4524889b: not taken
+CND+ 0x7feb452488a8: taken
+CND+ 0x7feb45248c2f: not taken
+CND+ 0x7feb45248c57: taken
+CND+ 0x7feb45248c65: not taken
+CND+ 0x7feb45248c6e: taken
+CND+ 0x7feb45248c86: not taken
+CND+ 0x7feb45248cae: taken
+CND+ 0x7feb45249366: taken
+CND+ 0x7feb452499d6: taken
+CND+ 0x7feb45249a31: not taken
+CND+ 0x7feb45249a51: taken
+CND+ 0x7feb45249aad: not taken
+CND+ 0x7feb45249ab5: taken
+CND+ 0x7feb45249b00: taken
+CND+ 0x7feb45249b5a: not taken
+CND+ 0x7feb45249b62: not taken
+CND+ 0x7feb45249b6b: not taken
+CND+ 0x7feb45249b75: not taken
+CND+ 0x7feb45249b7f: taken
+CND+ 0x7feb45249b9b: taken
+CND+ 0x7feb45249c3c: taken
+CND+ 0x7feb45249ed9: not taken
+CND+ 0x7feb45249ee6: not taken
+CND+ 0x7feb45249f01: not taken
+CND+ 0x7feb45249f1a: not taken
+CND+ 0x7feb45249f20: not taken
+CND+ 0x7feb45249f26: taken
+CND+ 0x7feb4524a76c: not taken
+CND+ 0x7feb4524a78c: not taken
+CND+ 0x7feb4524a7d8: both
+CND+ 0x7feb4524a7e1: taken
+CND+ 0x7feb4524a806: not taken
+CND+ 0x7feb4524a840: not taken
+CND+ 0x7feb4524a84a: not taken
+CND+ 0x7feb4524a965: both
+CND+ 0x7feb4524a989: not taken
+CND+ 0x7feb4524a9b2: not taken
+CND+ 0x7feb4524a9bc: not taken
+CND+ 0x7feb4524a9e3: not taken
+CND+ 0x7feb4524aa13: taken
+CND+ 0x7feb4524aafd: not taken
+CND+ 0x7feb4524ab1a: not taken
+CND+ 0x7feb4524ab61: taken
+CND+ 0x7feb4524b711: not taken
+CND+ 0x7feb4524b71d: not taken
+CND+ 0x7feb4524b722: not taken
+CND+ 0x7feb4524b748: not taken
+CND+ 0x7feb4524b74c: not taken
+CND+ 0x7feb4524b75f: not taken
+CND+ 0x7feb4524b7a4: not taken
+CND+ 0x7feb4524b8f3: both
+CND+ 0x7feb4524b90f: both
+CND+ 0x7feb4524b911: not taken
+CND+ 0x7feb4524b91a: taken
+CND+ 0x7feb4524ba92: not taken
+CND+ 0x7feb4524baba: not taken
+CND+ 0x7feb4524bad5: both
+CND+ 0x7feb4524bade: taken
+CND+ 0x7feb4524baf7: not taken
+CND+ 0x7feb4524bb01: not taken
+CND+ 0x7feb4524bb05: not taken
+CND+ 0x7feb4524bb19: taken
+CND+ 0x7feb4524bc50: not taken
+CND+ 0x7feb4524bc62: taken
+CND+ 0x7feb4524bdb1: not taken
+CND+ 0x7feb4524bdea: both
+CND+ 0x7feb4524be13: not taken
+CND+ 0x7feb4524be20: taken
+CND+ 0x7feb4524be2d: not taken
+CND+ 0x7feb4524be43: not taken
+CND+ 0x7feb4524be4f: both
+CND+ 0x7feb4524be58: not taken
+CND+ 0x7feb4524be72: taken
+CND+ 0x7feb4524bee7: taken
+CND+ 0x7feb4524c75d: both
+CND+ 0x7feb4524c76f: not taken
+CND+ 0x7feb4524c782: both
+CND+ 0x7feb4524c787: both
+CND+ 0x7feb4524c795: both
+CND+ 0x7feb4524c8b1: not taken
+CND+ 0x7feb4524c8dc: not taken
+CND+ 0x7feb4524c8ea: not taken
+CND+ 0x7feb4524c8ec: both
+CND+ 0x7feb4524c8f5: not taken
+CND+ 0x7feb4524c8fb: taken
+CND+ 0x7feb4524c943: not taken
+CND+ 0x7feb4524c94c: taken
+CND+ 0x7feb4524c983: not taken
+CND+ 0x7feb4524c989: both
+CND+ 0x7feb4524c990: not taken
+CND+ 0x7feb4524c9ab: taken
+CND+ 0x7feb4524ca0b: taken
+CND+ 0x7feb4524cb10: both
+CND+ 0x7feb4524cb1c: not taken
+CND+ 0x7feb4524cb21: both
+CND+ 0x7feb4524cb2f: not taken
+CND+ 0x7feb4524cb37: both
+CND+ 0x7feb4524cb44: both
+CND+ 0x7feb4524cb5e: taken
+CND+ 0x7feb4524cb92: both
+CND+ 0x7feb4524cb9b: taken
+CND+ 0x7feb4524cbfb: taken
+CND+ 0x7feb4524cd68: both
+CND+ 0x7feb4524cd71: taken
+CND+ 0x7feb4524cd8b: not taken
+CND+ 0x7feb4524cda3: taken
+CND+ 0x7feb4524cddd: taken
+CND+ 0x7feb4524ce02: not taken
+CND+ 0x7feb4524ce0b: taken
+CND+ 0x7feb4524ce2f: not taken
+CND+ 0x7feb4524ce35: taken
+CND+ 0x7feb4524ce4f: not taken
+CND+ 0x7feb4524ce58: both
+CND+ 0x7feb4524cf7d: not taken
+CND+ 0x7feb4524d02c: not taken
+CND+ 0x7feb4524d0c7: not taken
+CND+ 0x7feb4524d0d0: both
+CND+ 0x7feb4524d0d9: not taken
+CND+ 0x7feb4524d5a7: both
+CND+ 0x7feb4524d5ed: not taken
+CND+ 0x7feb4524d5f2: taken
+CND+ 0x7feb4524d682: not taken
+CND+ 0x7feb4524d6a1: not taken
+CND+ 0x7feb4524d7bb: not taken
+CND+ 0x7feb4524d835: not taken
+CND+ 0x7feb4524d870: not taken
+CND+ 0x7feb4524d88e: not taken
+CND+ 0x7feb4524d89e: not taken
+CND+ 0x7feb4524d9ca: both
+CND+ 0x7feb4524d9ea: taken
+CND+ 0x7feb4524d9f6: taken
+CND+ 0x7feb4524da15: taken
+CND+ 0x7feb4524da38: not taken
+CND+ 0x7feb4524da48: taken
+CND+ 0x7feb4524dabb: not taken
+CND+ 0x7feb4524e14f: not taken
+CND+ 0x7feb4524e16f: not taken
+CND+ 0x7feb4524e17e: taken
+CND+ 0x7feb4524ea5f: taken
+CND+ 0x7feb4524eb46: not taken
+CND+ 0x7feb4524eb50: taken
+CND+ 0x7feb4524eb69: taken
+CND+ 0x7feb4524eb93: taken
+CND+ 0x7feb4524ed2b: taken
+CND+ 0x7feb4524ee50: not taken
+CND+ 0x7feb4524f227: taken
+CND+ 0x7feb4524f25f: not taken
+CND+ 0x7feb4524f278: taken
+CND+ 0x7feb4524f2b9: not taken
+CND+ 0x7feb4524f2d7: taken
+CND+ 0x7feb4524f30b: taken
+CND+ 0x7feb4524f383: taken
+CND+ 0x7feb4524f3e2: taken
+CND+ 0x7feb4524f456: taken
+CND+ 0x7feb4524f488: both
+CND+ 0x7feb4524f48c: not taken
+CND+ 0x7feb4524f493: not taken
+CND+ 0x7feb4524f498: both
+CND+ 0x7feb4524f4e0: not taken
+CND+ 0x7feb4524f512: not taken
+CND+ 0x7feb4524f519: taken
+CND+ 0x7feb4524f548: not taken
+CND+ 0x7feb4524f54d: not taken
+CND+ 0x7feb4524f5c9: not taken
+CND+ 0x7feb4524f5d7: taken
+CND+ 0x7feb4524f6f8: taken
+CND+ 0x7feb4524f7b9: not taken
+CND+ 0x7feb4524f830: not taken
+CND+ 0x7feb4524f846: taken
+CND+ 0x7feb4524f86e: not taken
+CND+ 0x7feb4524fb09: not taken
+CND+ 0x7feb4524fb13: not taken
+CND+ 0x7feb4524fc18: taken
+CND+ 0x7feb4524fc9d: not taken
+CND+ 0x7feb4524fdfa: taken
+CND+ 0x7feb45251946: both
+CND+ 0x7feb45251963: both
+CND+ 0x7feb45251968: not taken
+CND+ 0x7feb4525196e: not taken
+CND+ 0x7feb45251986: not taken
+CND+ 0x7feb4525198b: both
+CND+ 0x7feb4525199a: both
+CND+ 0x7feb4525199f: both
+CND+ 0x7feb452519ac: both
+CND+ 0x7feb452519b7: both
+CND+ 0x7feb452519c4: not taken
+CND+ 0x7feb45251a10: not taken
+CND+ 0x7feb45251a15: taken
+CND+ 0x7feb45251a2e: both
+CND+ 0x7feb45251a32: both
+CND+ 0x7feb45251a5c: both
+CND+ 0x7feb45251add: not taken
+CND+ 0x7feb45251ae2: not taken
+CND+ 0x7feb45251afe: not taken
+CND+ 0x7feb45251b02: both
+CND+ 0x7feb45251b48: both
+CND+ 0x7feb45251b52: not taken
+CND+ 0x7feb45251b5c: not taken
+CND+ 0x7feb45251b65: both
+CND+ 0x7feb45251b6b: taken
+CND+ 0x7feb45251b75: not taken
+CND+ 0x7feb45251b95: not taken
+CND+ 0x7feb45251ba2: not taken
+CND+ 0x7feb45251bc4: not taken
+CND+ 0x7feb45251bce: not taken
+CND+ 0x7feb45251bf6: taken
+CND+ 0x7feb45251c24: taken
+CND+ 0x7feb45251ce1: not taken
+CND+ 0x7feb45251cea: not taken
+CND+ 0x7feb45251cf3: not taken
+CND+ 0x7feb45251d25: not taken
+CND+ 0x7feb45251d53: not taken
+CND+ 0x7feb45251d5d: not taken
+CND+ 0x7feb45251eb5: not taken
+CND+ 0x7feb45251eba: not taken
+CND+ 0x7feb45251ed8: both
+CND+ 0x7feb45251edc: taken
+CND+ 0x7feb45251f0f: not taken
+CND+ 0x7feb45251f15: not taken
+CND+ 0x7feb4525246f: not taken
+CND+ 0x7feb4525253d: not taken
+CND+ 0x7feb45252547: not taken
+CND+ 0x7feb45252605: not taken
+CND+ 0x7feb4525260f: not taken
+CND+ 0x7feb45252647: not taken
+CND+ 0x7feb4525265e: not taken
+CND+ 0x7feb452527bd: taken
+CND+ 0x7feb452527d2: taken
+CND+ 0x7feb452527df: not taken
+CND+ 0x7feb452527e4: both
+CND+ 0x7feb452527fa: taken
+CND+ 0x7feb45252856: not taken
+CND+ 0x7feb4525285b: taken
+CND+ 0x7feb4525287a: not taken
+CND+ 0x7feb4525289a: not taken
+CND+ 0x7feb452528b7: not taken
+CND+ 0x7feb452528c5: not taken
+CND+ 0x7feb452528d4: taken
+CND+ 0x7feb45252df1: not taken
+CND+ 0x7feb45252e0c: not taken
@0x7feb45241050 to 0x7feb48d7aa30 4
@0x7feb45241080 to 0x7feb48d1a330 2
@0x7feb45241090 to 0x7feb48dbc710 1
@0x7feb452410a0 to 0x7feb48d92e70 5
@0x7feb452410d0 to 0x7feb48d2da20 7
@0x7feb452410f0 to 0x7feb48e51800 4
@0x7feb45241130 to 0x7feb48dbd1e0 1
@0x7feb45241140 to 0x7feb48d31c10 1
@0x7feb45241150 to 0x7feb48ddf800 4
@0x7feb45241160 to 0x7feb48dbc230 1
@0x7feb45241190 to 0x7feb48e51bc0 8
@0x7feb452411c0 to 0x7feb48dbd200 1
@0x7feb452411e0 to 0x7feb48e515d0 1
@0x7feb45241220 to 0x7feb48dbd210 2
@0x7feb45241230 to 0x7feb48de0b10 1
@0x7feb4524316e to 0x7feb452431c0 1
@0x7feb45241280 to 0x7feb48e4cd10 11
@0x7feb452412a0 to 0x7feb48d2d450 4
@0x7feb452431ac to 0x7feb45243e90 1
@0x7feb452412d0 to 0x7feb48e4d100 9
@0x7feb45241320 to 0x7feb48d2e0f0 4
@0x7feb45241330 to 0x7feb48e52100 6
@0x7feb45241350 to 0x7feb48dbd220 1
@0x7feb45241370 to 0x7feb48ddf800 2
@0x7feb45241390 to 0x7feb48d7a3e0 23
@0x7feb452413b0 to 0x7feb48dbd230 1
@0x7feb452413c0 to 0x7feb48e4ce90 22
@0x7feb452413e0 to 0x7feb48dfdba0 1
@0x7feb45241410 to 0x7feb48d7ac80 1
@0x7feb45241460 to 0x7feb48e520e0 13
@0x7feb45241510 to 0x7feb48dbd1f0 1
@0x7feb45241560 to 0x7feb48dbc4e0 1
@0x7feb45241570 to 0x7feb48d26580 191
@0x7feb4524cf91 to 0x7feb4524d075 1
@0x7feb45241784 to 0x7feb48d19fb0 1
@0x7feb45252e01 to 0x7feb45241840 1
@0x7feb4524f55f to 0x7feb4524f580 1
@0x7feb4524f55f to 0x7feb4524f5c0 1
@0x7feb4524f55f to 0x7feb4524f5a8 2
@0x7feb4524d8af to 0x7feb4524da01 180
@0x7feb4524d8af to 0x7feb4524d9f0 10
@0x7feb4524d8af to 0x7feb4524da28 1
@0x7feb45251c19 to 0x7feb452457d0 1
@0x7feb45251c19 to 0x7feb4524c120 1
