MODULE_NAME: /usr/bin/gs
MODULE_START: 0x7f58ab5c5000
+B+: 0x7f58ab5c6000 0x7f58ab5c600f
+B+: 0x7f58ab5c6012 0x7f58ab5c6016
+B+: 0x7f58ab5c6020 0x7f58ab5c602b
+B+: 0x7f58ab5c6030 0x7f58ab5c6035
+B+: 0x7f58ab5c6036 0x7f58ab5c603f
+B+: 0x7f58ab5c6040 0x7f58ab5c6045
+B+: 0x7f58ab5c6046 0x7f58ab5c604f
+B+: 0x7f58ab5c6050 0x7f58ab5c6055
+B+: 0x7f58ab5c6056 0x7f58ab5c605f
+B+: 0x7f58ab5c60b0 0x7f58ab5c60b5
+B+: 0x7f58ab5c60b6 0x7f58ab5c60bf
+B+: 0x7f58ab5c60c0 0x7f58ab5c60c5
+B+: 0x7f58ab5c60c6 0x7f58ab5c60cf
+B+: 0x7f58ab5c60e0 0x7f58ab5c60e5
+B+: 0x7f58ab5c60f0 0x7f58ab5c6121
+B+: 0x7f58ab5c6122 0x7f58ab5c6127
+B+: 0x7f58ab5c6128 0x7f58ab5c6130
+B+: 0x7f58ab5c6131 0x7f58ab5c6132
+B+: 0x7f58ab5c6133 0x7f58ab5c6137
+B+: 0x7f58ab5c613d 0x7f58ab5c6152
+B+: 0x7f58ab5c6153 0x7f58ab5c615b
+B+: 0x7f58ab5c6178 0x7f58ab5c6183
+B+: 0x7f58ab5c6184 0x7f58ab5c61a2
+B+: 0x7f58ab5c61a3 0x7f58ab5c61b1
+B+: 0x7f58ab5c61b2 0x7f58ab5c61b7
+B+: 0x7f58ab5c61b8 0x7f58ab5c61c1
+B+: 0x7f58ab5c61c2 0x7f58ab5c61c5
+B+: 0x7f58ab5c61c6 0x7f58ab5c61ca
+B+: 0x7f58ab5c61cb 0x7f58ab5c61d6
+B+: 0x7f58ab5c61d7 0x7f58ab5c61db
+B+: 0x7f58ab5c61dc 0x7f58ab5c61e0
+B+: 0x7f58ab5c6213 0x7f58ab5c6216
+B+: 0x7f58ab5c6220 0x7f58ab5c6249
+B+: 0x7f58ab5c6250 0x7f58ab5c6262
+B+: 0x7f58ab5c6278 0x7f58ab5c6278
+B+: 0x7f58ab5c6280 0x7f58ab5c62a3
+B+: 0x7f58ab5c62b8 0x7f58ab5c62b8
+B+: 0x7f58ab5c62c0 0x7f58ab5c62c8
+B+: 0x7f58ab5c62c9 0x7f58ab5c62d6
+B+: 0x7f58ab5c62d7 0x7f58ab5c62e2
+B+: 0x7f58ab5c62e3 0x7f58ab5c62e7
+B+: 0x7f58ab5c62e8 0x7f58ab5c62f0
+B+: 0x7f58ab5c6300 0x7f58ab5c6304
+B+: 0x7f58ab5c63c0 0x7f58ab5c63ec
+B+: 0x7f58ab5c63ed 0x7f58ab5c63f2
+B+: 0x7f58ab5c63f3 0x7f58ab5c6404
+B+: 0x7f58ab5c6405 0x7f58ab5c640d
+B+: 0x7f58ab5c640e 0x7f58ab5c641c
+B+: 0x7f58ab5c6424 0x7f58ab5c642c
+CND+ 0x7f58ab5c600e: taken
+CND+ 0x7f58ab5c6126: taken
+CND+ 0x7f58ab5c612b: not taken
+CND+ 0x7f58ab5c6131: not taken
+CND+ 0x7f58ab5c6136: taken
+CND+ 0x7f58ab5c614d: not taken
+CND+ 0x7f58ab5c61b6: not taken
+CND+ 0x7f58ab5c61c4: not taken
+CND+ 0x7f58ab5c61c9: taken
+CND+ 0x7f58ab5c61df: taken
+CND+ 0x7f58ab5c6261: taken
+CND+ 0x7f58ab5c62a2: taken
+CND+ 0x7f58ab5c62c7: not taken
+CND+ 0x7f58ab5c62d5: not taken
+CND+ 0x7f58ab5c63f1: not taken
+CND+ 0x7f58ab5c640c: not taken
@0x7f58ab5c6026 to 0x7f58af5b5500 5
@0x7f58ab5c6030 to 0x7f58ab5c6036 1
@0x7f58ab5c6040 to 0x7f58ab5c6046 1
@0x7f58ab5c6050 to 0x7f58ab5c6056 1
@0x7f58ab5c60b0 to 0x7f58ab5c60b6 1
@0x7f58ab5c60c0 to 0x7f58ab5c60c6 1
@0x7f58ab5c60e0 to 0x7f58ae11b1c0 1
@0x7f58ab5c6244 to 0x7f58ae104fb0 1
@0x7f58ab5c6401 to 0x7f58ab5c6300 1
