MODULE_NAME: /bin/dash
MODULE_START: 0x7ff01b57e000
+B+: 0x7ff01b582000 0x7ff01b58200f
+B+: 0x7ff01b582012 0x7ff01b582016
+B+: 0x7ff01b582050 0x7ff01b582055
+B+: 0x7ff01b582080 0x7ff01b582085
+B+: 0x7ff01b582090 0x7ff01b582095
+B+: 0x7ff01b5820a0 0x7ff01b5820a5
+B+: 0x7ff01b5820d0 0x7ff01b5820d5
+B+: 0x7ff01b5820f0 0x7ff01b5820f5
+B+: 0x7ff01b582130 0x7ff01b582135
+B+: 0x7ff01b582140 0x7ff01b582145
+B+: 0x7ff01b582150 0x7ff01b582155
+B+: 0x7ff01b582160 0x7ff01b582165
+B+: 0x7ff01b582190 0x7ff01b582195
+B+: 0x7ff01b5821c0 0x7ff01b5821c5
+B+: 0x7ff01b5821e0 0x7ff01b5821e5
+B+: 0x7ff01b582220 0x7ff01b582225
+B+: 0x7ff01b582230 0x7ff01b582235
+B+: 0x7ff01b582280 0x7ff01b582285
+B+: 0x7ff01b5822a0 0x7ff01b5822a5
+B+: 0x7ff01b5822d0 0x7ff01b5822d5
+B+: 0x7ff01b582320 0x7ff01b582325
+B+: 0x7ff01b582330 0x7ff01b582335
+B+: 0x7ff01b582350 0x7ff01b582355
+B+: 0x7ff01b582370 0x7ff01b582375
+B+: 0x7ff01b582390 0x7ff01b582395
+B+: 0x7ff01b5823b0 0x7ff01b5823b5
+B+: 0x7ff01b5823c0 0x7ff01b5823c5
+B+: 0x7ff01b5823e0 0x7ff01b5823e5
+B+: 0x7ff01b582410 0x7ff01b582415
+B+: 0x7ff01b582460 0x7ff01b582465
+B+: 0x7ff01b582510 0x7ff01b582515
+B+: 0x7ff01b582560 0x7ff01b582565
+B+: 0x7ff01b582570 0x7ff01b582575
+B+: 0x7ff01b582590 0x7ff01b5825b8
+B+: 0x7ff01b5825b9 0x7ff01b5825c4
+B+: 0x7ff01b5825c5 0x7ff01b5825cf
+B+: 0x7ff01b5825d0 0x7ff01b5825e7
+B+: 0x7ff01b5825e8 0x7ff01b5825ef
+B+: 0x7ff01b5825f0 0x7ff01b582600
+B+: 0x7ff01b582601 0x7ff01b58260b
+B+: 0x7ff01b58260c 0x7ff01b582615
+B+: 0x7ff01b582616 0x7ff01b582623
+B+: 0x7ff01b582624 0x7ff01b58262b
+B+: 0x7ff01b58262c 0x7ff01b58263c
+B+: 0x7ff01b582657 0x7ff01b582660
+B+: 0x7ff01b582661 0x7ff01b582678
+B+: 0x7ff01b582679 0x7ff01b58267f
+B+: 0x7ff01b582680 0x7ff01b58268c
+B+: 0x7ff01b58268d 0x7ff01b582696
+B+: 0x7ff01b582697 0x7ff01b58269b
+B+: 0x7ff01b582760 0x7ff01b582789
+B+: 0x7ff01b5827c0 0x7ff01b5827e3
+B+: 0x7ff01b5827f8 0x7ff01b5827f8
+B+: 0x7ff01b582840 0x7ff01b582844
+B+: 0x7ff01b582850 0x7ff01b582863
+B+: 0x7ff01b582864 0x7ff01b58286f
+B+: 0x7ff01b582870 0x7ff01b58287d
+B+: 0x7ff01b58287e 0x7ff01b5828aa
+B+: 0x7ff01b5828ab 0x7ff01b5828ac
+B+: 0x7ff01b5828cb 0x7ff01b5828d2
+B+: 0x7ff01b582a50 0x7ff01b582a57
+B+: 0x7ff01b582a58 0x7ff01b582a5e
+B+: 0x7ff01b582a5f 0x7ff01b582a63
+B+: 0x7ff01b582a71 0x7ff01b582a72
+B+: 0x7ff01b5836d0 0x7ff01b5836eb
+B+: 0x7ff01b5836ec 0x7ff01b583705
+B+: 0x7ff01b583717 0x7ff01b58371b
+B+: 0x7ff01b58371c 0x7ff01b583720
+B+: 0x7ff01b58372c 0x7ff01b583730
+B+: 0x7ff01b58373e 0x7ff01b58374d
+B+: 0x7ff01b58374e 0x7ff01b583757
+B+: 0x7ff01b583758 0x7ff01b583775
+B+: 0x7ff01b583780 0x7ff01b583788
+B+: 0x7ff01b583789 0x7ff01b583790
+B+: 0x7ff01b583791 0x7ff01b58379c
+B+: 0x7ff01b584060 0x7ff01b58407e
+B+: 0x7ff01b58410d 0x7ff01b58411c
+B+: 0x7ff01b58411d 0x7ff01b584123
+B+: 0x7ff01b584140 0x7ff01b58414a
+B+: 0x7ff01b58414b 0x7ff01b584152
+B+: 0x7ff01b584153 0x7ff01b58415d
+B+: 0x7ff01b58415e 0x7ff01b58416f
+B+: 0x7ff01b584188 0x7ff01b58418c
+B+: 0x7ff01b58418d 0x7ff01b584191
+B+: 0x7ff01b584192 0x7ff01b58419c
+B+: 0x7ff01b5841a7 0x7ff01b5841ad
+B+: 0x7ff01b5841ae 0x7ff01b5841b5
+B+: 0x7ff01b5841c0 0x7ff01b5841cf
+B+: 0x7ff01b584bc0 0x7ff01b584bfa
+B+: 0x7ff01b584bfb 0x7ff01b584c07
+B+: 0x7ff01b584c08 0x7ff01b584c0f
+B+: 0x7ff01b584c10 0x7ff01b584c11
+B+: 0x7ff01b584c18 0x7ff01b584c21
+B+: 0x7ff01b584c22 0x7ff01b584c2e
+B+: 0x7ff01b584c32 0x7ff01b584c39
+B+: 0x7ff01b584c3a 0x7ff01b584c49
+B+: 0x7ff01b584c4a 0x7ff01b584c51
+B+: 0x7ff01b584c52 0x7ff01b584c58
+B+: 0x7ff01b584c59 0x7ff01b584c60
+B+: 0x7ff01b584c61 0x7ff01b584c68
+B+: 0x7ff01b584c69 0x7ff01b584c6d
+B+: 0x7ff01b584c6e 0x7ff01b584c77
+B+: 0x7ff01b584c78 0x7ff01b584c89
+B+: 0x7ff01b584c8a 0x7ff01b584c98
+B+: 0x7ff01b584e90 0x7ff01b584ed3
+B+: 0x7ff01b584edf 0x7ff01b584ef5
+B+: 0x7ff01b584ef6 0x7ff01b584efa
+B+: 0x7ff01b584efb 0x7ff01b584f5a
+B+: 0x7ff01b584f5b 0x7ff01b584f67
+B+: 0x7ff01b584f68 0x7ff01b584f77
+B+: 0x7ff01b584f78 0x7ff01b584f7f
+B+: 0x7ff01b584f80 0x7ff01b584f8b
+B+: 0x7ff01b584f8c 0x7ff01b584f94
+B+: 0x7ff01b584f95 0x7ff01b584f9b
+B+: 0x7ff01b584fa0 0x7ff01b584faf
+B+: 0x7ff01b584fb0 0x7ff01b584fc5
+B+: 0x7ff01b584fc6 0x7ff01b584fcf
+B+: 0x7ff01b584fd0 0x7ff01b584fe3
+B+: 0x7ff01b584fe4 0x7ff01b584ffc
+B+: 0x7ff01b585019 0x7ff01b58502b
+B+: 0x7ff01b58502c 0x7ff01b585034
+B+: 0x7ff01b585035 0x7ff01b585047
+B+: 0x7ff01b585048 0x7ff01b58505b
+B+: 0x7ff01b5850a8 0x7ff01b5850b4
+B+: 0x7ff01b5850b5 0x7ff01b5850b9
+B+: 0x7ff01b5850db 0x7ff01b5850e1
+B+: 0x7ff01b5850f0 0x7ff01b585103
+B+: 0x7ff01b585104 0x7ff01b585113
+B+: 0x7ff01b585114 0x7ff01b58511b
+B+: 0x7ff01b58511c 0x7ff01b585122
+B+: 0x7ff01b585123 0x7ff01b585152
+B+: 0x7ff01b585153 0x7ff01b58515f
+B+: 0x7ff01b585160 0x7ff01b585168
+B+: 0x7ff01b585216 0x7ff01b58521c
+B+: 0x7ff01b585224 0x7ff01b58522d
+B+: 0x7ff01b58522e 0x7ff01b585237
+B+: 0x7ff01b585238 0x7ff01b585241
+B+: 0x7ff01b585242 0x7ff01b58524b
+B+: 0x7ff01b58525d 0x7ff01b585266
+B+: 0x7ff01b585267 0x7ff01b585281
+B+: 0x7ff01b585282 0x7ff01b585293
+B+: 0x7ff01b58534c 0x7ff01b585353
+B+: 0x7ff01b585354 0x7ff01b58536f
+B+: 0x7ff01b58551b 0x7ff01b585525
+B+: 0x7ff01b585526 0x7ff01b58552e
+B+: 0x7ff01b58552f 0x7ff01b585537
+B+: 0x7ff01b5858d0 0x7ff01b5858ec
+B+: 0x7ff01b5858ed 0x7ff01b5858f1
+B+: 0x7ff01b5858f8 0x7ff01b5858fa
+B+: 0x7ff01b5858fb 0x7ff01b585907
+B+: 0x7ff01b585908 0x7ff01b58593e
+B+: 0x7ff01b58593f 0x7ff01b585940
+B+: 0x7ff01b585963 0x7ff01b585977
+B+: 0x7ff01b585980 0x7ff01b585986
+B+: 0x7ff01b585987 0x7ff01b58598e
+B+: 0x7ff01b58598f 0x7ff01b585997
+B+: 0x7ff01b585998 0x7ff01b5859ba
+B+: 0x7ff01b5859bb 0x7ff01b5859bc
+B+: 0x7ff01b5859c0 0x7ff01b5859e7
+B+: 0x7ff01b5859e8 0x7ff01b5859f7
+B+: 0x7ff01b585a19 0x7ff01b585a21
+B+: 0x7ff01b585a22 0x7ff01b585a2a
+B+: 0x7ff01b585a2b 0x7ff01b585a34
+B+: 0x7ff01b585a35 0x7ff01b585a3f
+B+: 0x7ff01b585ad0 0x7ff01b585ae9
+B+: 0x7ff01b585aea 0x7ff01b585b00
+B+: 0x7ff01b585b10 0x7ff01b585b1f
+B+: 0x7ff01b585b20 0x7ff01b585b2b
+B+: 0x7ff01b585b2c 0x7ff01b585b31
+B+: 0x7ff01b585b32 0x7ff01b585b41
+B+: 0x7ff01b585b56 0x7ff01b585b61
+B+: 0x7ff01b585b62 0x7ff01b585b6f
+B+: 0x7ff01b585b70 0x7ff01b585b85
+B+: 0x7ff01b585b86 0x7ff01b585b97
+B+: 0x7ff01b585b98 0x7ff01b585bc0
+B+: 0x7ff01b585bc8 0x7ff01b585bcc
+B+: 0x7ff01b585bcd 0x7ff01b585bea
+B+: 0x7ff01b585d70 0x7ff01b585d98
+B+: 0x7ff01b585da0 0x7ff01b585da1
+B+: 0x7ff01b585da2 0x7ff01b585daa
+B+: 0x7ff01b585dab 0x7ff01b585dc5
+B+: 0x7ff01b585dc6 0x7ff01b585dc9
+B+: 0x7ff01b585dca 0x7ff01b585dd1
+B+: 0x7ff01b585dd2 0x7ff01b585de6
+B+: 0x7ff01b585df0 0x7ff01b585e2a
+B+: 0x7ff01b585e2b 0x7ff01b585e2f
+B+: 0x7ff01b585e46 0x7ff01b585e5c
+B+: 0x7ff01b585e5d 0x7ff01b585e6e
+B+: 0x7ff01b585e90 0x7ff01b585ead
+B+: 0x7ff01b585ec8 0x7ff01b585ed1
+B+: 0x7ff01b585ed2 0x7ff01b585edd
+B+: 0x7ff01b585f6c 0x7ff01b585f8f
+B+: 0x7ff01b585f90 0x7ff01b585f9c
+B+: 0x7ff01b585f9d 0x7ff01b585fa8
+B+: 0x7ff01b585fa9 0x7ff01b585fb0
+B+: 0x7ff01b585fb1 0x7ff01b585fc5
+B+: 0x7ff01b586008 0x7ff01b586012
+B+: 0x7ff01b586013 0x7ff01b58601e
+B+: 0x7ff01b58601f 0x7ff01b58602e
+B+: 0x7ff01b586060 0x7ff01b586066
+B+: 0x7ff01b586067 0x7ff01b586074
+B+: 0x7ff01b586075 0x7ff01b586086
+B+: 0x7ff01b586087 0x7ff01b58608e
+B+: 0x7ff01b58608f 0x7ff01b5860a2
+B+: 0x7ff01b5860a3 0x7ff01b5860b0
+B+: 0x7ff01b586100 0x7ff01b586116
+B+: 0x7ff01b586145 0x7ff01b58614d
+B+: 0x7ff01b58614e 0x7ff01b586157
+B+: 0x7ff01b586160 0x7ff01b586166
+B+: 0x7ff01b5861c0 0x7ff01b5861d1
+B+: 0x7ff01b5861e8 0x7ff01b5861ef
+B+: 0x7ff01b586248 0x7ff01b58625b
+B+: 0x7ff01b58625c 0x7ff01b586271
+B+: 0x7ff01b5867d0 0x7ff01b5867ff
+B+: 0x7ff01b58680f 0x7ff01b586812
+B+: 0x7ff01b586813 0x7ff01b58681c
+B+: 0x7ff01b58681d 0x7ff01b586820
+B+: 0x7ff01b586821 0x7ff01b58682f
+B+: 0x7ff01b586830 0x7ff01b58683a
+B+: 0x7ff01b58684f 0x7ff01b58685a
+B+: 0x7ff01b58685f 0x7ff01b586862
+B+: 0x7ff01b586870 0x7ff01b586877
+B+: 0x7ff01b586878 0x7ff01b58688d
+B+: 0x7ff01b587440 0x7ff01b587464
+B+: 0x7ff01b58761e 0x7ff01b587627
+B+: 0x7ff01b587628 0x7ff01b587631
+B+: 0x7ff01b587632 0x7ff01b587659
+B+: 0x7ff01b5876af 0x7ff01b5876bc
+B+: 0x7ff01b5876c0 0x7ff01b5876cb
+B+: 0x7ff01b587730 0x7ff01b58773b
+B+: 0x7ff01b587740 0x7ff01b58775e
+B+: 0x7ff01b58775f 0x7ff01b587767
+B+: 0x7ff01b5877d2 0x7ff01b5877e3
+B+: 0x7ff01b5878a0 0x7ff01b5878a7
+B+: 0x7ff01b588260 0x7ff01b5882a5
+B+: 0x7ff01b5882b5 0x7ff01b5882be
+B+: 0x7ff01b5882bf 0x7ff01b5882d2
+B+: 0x7ff01b5882d3 0x7ff01b5882fc
+B+: 0x7ff01b5882fd 0x7ff01b588310
+B+: 0x7ff01b588324 0x7ff01b588328
+B+: 0x7ff01b588336 0x7ff01b58833f
+B+: 0x7ff01b588340 0x7ff01b588344
+B+: 0x7ff01b588370 0x7ff01b588386
+B+: 0x7ff01b588387 0x7ff01b588398
+B+: 0x7ff01b5883a0 0x7ff01b5883b6
+B+: 0x7ff01b5883b7 0x7ff01b5883d7
+B+: 0x7ff01b5883dd 0x7ff01b5883ec
+B+: 0x7ff01b588850 0x7ff01b588886
+B+: 0x7ff01b588887 0x7ff01b58889a
+B+: 0x7ff01b58889b 0x7ff01b5888ad
+B+: 0x7ff01b5888ae 0x7ff01b5888c4
+B+: 0x7ff01b5888c5 0x7ff01b5888d7
+B+: 0x7ff01b5888d8 0x7ff01b5888e7
+B+: 0x7ff01b5888e8 0x7ff01b58890c
+B+: 0x7ff01b58890d 0x7ff01b588915
+B+: 0x7ff01b588924 0x7ff01b588933
+B+: 0x7ff01b588934 0x7ff01b588947
+B+: 0x7ff01b588948 0x7ff01b588954
+B+: 0x7ff01b588955 0x7ff01b58895f
+B+: 0x7ff01b588960 0x7ff01b588964
+B+: 0x7ff01b588a6a 0x7ff01b588a7c
+B+: 0x7ff01b588a7d 0x7ff01b588a9c
+B+: 0x7ff01b588ba0 0x7ff01b588bad
+B+: 0x7ff01b588bae 0x7ff01b588be1
+B+: 0x7ff01b588bf0 0x7ff01b588bfb
+B+: 0x7ff01b588db0 0x7ff01b588dbd
+B+: 0x7ff01b588dbe 0x7ff01b588dca
+B+: 0x7ff01b588dcb 0x7ff01b588de3
+B+: 0x7ff01b588de8 0x7ff01b588df4
+B+: 0x7ff01b588df8 0x7ff01b588e04
+B+: 0x7ff01b588e05 0x7ff01b588e12
+B+: 0x7ff01b588e13 0x7ff01b588e1d
+B+: 0x7ff01b588eb4 0x7ff01b588ec1
+B+: 0x7ff01b589160 0x7ff01b589174
+B+: 0x7ff01b589175 0x7ff01b589187
+B+: 0x7ff01b589188 0x7ff01b5891a2
+B+: 0x7ff01b5891a3 0x7ff01b5891ac
+B+: 0x7ff01b5891ad 0x7ff01b5891b3
+B+: 0x7ff01b5891d0 0x7ff01b5891e5
+B+: 0x7ff01b5891eb 0x7ff01b5891f3
+B+: 0x7ff01b589205 0x7ff01b58920b
+B+: 0x7ff01b58920c 0x7ff01b58921d
+B+: 0x7ff01b58921e 0x7ff01b589226
+B+: 0x7ff01b589227 0x7ff01b589230
+B+: 0x7ff01b589231 0x7ff01b589232
+B+: 0x7ff01b589240 0x7ff01b589248
+B+: 0x7ff01b589260 0x7ff01b589260
+B+: 0x7ff01b589520 0x7ff01b589534
+B+: 0x7ff01b589572 0x7ff01b589578
+B+: 0x7ff01b589580 0x7ff01b589583
+B+: 0x7ff01b589610 0x7ff01b589656
+B+: 0x7ff01b58965b 0x7ff01b589686
+B+: 0x7ff01b589687 0x7ff01b58969d
+B+: 0x7ff01b5896fc 0x7ff01b589708
+B+: 0x7ff01b589709 0x7ff01b589711
+B+: 0x7ff01b589712 0x7ff01b58972a
+B+: 0x7ff01b58972b 0x7ff01b58973c
+B+: 0x7ff01b589740 0x7ff01b589747
+B+: 0x7ff01b589748 0x7ff01b58975f
+B+: 0x7ff01b589760 0x7ff01b589766
+B+: 0x7ff01b589767 0x7ff01b589780
+B+: 0x7ff01b589790 0x7ff01b589793
+B+: 0x7ff01b589794 0x7ff01b589798
+B+: 0x7ff01b5897a2 0x7ff01b5897aa
+B+: 0x7ff01b5897ab 0x7ff01b5897ae
+B+: 0x7ff01b5897af 0x7ff01b5897bd
+B+: 0x7ff01b5897cb 0x7ff01b5897d3
+B+: 0x7ff01b589825 0x7ff01b589841
+B+: 0x7ff01b589842 0x7ff01b58984d
+B+: 0x7ff01b58987e 0x7ff01b58988e
+B+: 0x7ff01b58988f 0x7ff01b5898a0
+B+: 0x7ff01b5898a1 0x7ff01b5898ad
+B+: 0x7ff01b589c10 0x7ff01b589c30
+B+: 0x7ff01b589c31 0x7ff01b589c58
+B+: 0x7ff01b589c5e 0x7ff01b589c66
+B+: 0x7ff01b589c67 0x7ff01b589c6f
+B+: 0x7ff01b589c78 0x7ff01b589c87
+B+: 0x7ff01b589c88 0x7ff01b589c89
+B+: 0x7ff01b589ca0 0x7ff01b589caf
+B+: 0x7ff01b589cba 0x7ff01b589cc4
+B+: 0x7ff01b589ce0 0x7ff01b589ce8
+B+: 0x7ff01b58a360 0x7ff01b58a36b
+B+: 0x7ff01b58a480 0x7ff01b58a480
+B+: 0x7ff01b58a9c0 0x7ff01b58a9db
+B+: 0x7ff01b58aa16 0x7ff01b58aa32
+B+: 0x7ff01b58aa33 0x7ff01b58aa52
+B+: 0x7ff01b58aa63 0x7ff01b58aa6a
+B+: 0x7ff01b58aa90 0x7ff01b58aaa6
+B+: 0x7ff01b58aaa7 0x7ff01b58aaae
+B+: 0x7ff01b58aaaf 0x7ff01b58aab6
+B+: 0x7ff01b58aaf6 0x7ff01b58ab01
+B+: 0x7ff01b58ab0c 0x7ff01b58ab34
+B+: 0x7ff01b58ab40 0x7ff01b58ab57
+B+: 0x7ff01b58ab58 0x7ff01b58ab5f
+B+: 0x7ff01b58ab60 0x7ff01b58ab67
+B+: 0x7ff01b58ab68 0x7ff01b58ab70
+B+: 0x7ff01b58ab71 0x7ff01b58ab7a
+B+: 0x7ff01b58ab7b 0x7ff01b58ab80
+B+: 0x7ff01b58ab97 0x7ff01b58ab9c
+B+: 0x7ff01b58ac0a 0x7ff01b58ac3d
+B+: 0x7ff01b58ac47 0x7ff01b58ac53
+B+: 0x7ff01b58aed0 0x7ff01b58aede
+B+: 0x7ff01b58aedf 0x7ff01b58aee7
+B+: 0x7ff01b58aee8 0x7ff01b58aefc
+B+: 0x7ff01b58aefd 0x7ff01b58af02
+B+: 0x7ff01b58af03 0x7ff01b58af1b
+B+: 0x7ff01b58af1c 0x7ff01b58af21
+B+: 0x7ff01b58af22 0x7ff01b58af2b
+B+: 0x7ff01b58afc0 0x7ff01b58afc7
+B+: 0x7ff01b58afc8 0x7ff01b58afd0
+B+: 0x7ff01b58b760 0x7ff01b58b768
+B+: 0x7ff01b58b769 0x7ff01b58b76d
+B+: 0x7ff01b58b76e 0x7ff01b58b772
+B+: 0x7ff01b58b780 0x7ff01b58b788
+B+: 0x7ff01b58b789 0x7ff01b58b78d
+B+: 0x7ff01b58b78e 0x7ff01b58b792
+B+: 0x7ff01b58b7c0 0x7ff01b58b7d9
+B+: 0x7ff01b58b7da 0x7ff01b58b7e6
+B+: 0x7ff01b58b7f7 0x7ff01b58b802
+B+: 0x7ff01b58b803 0x7ff01b58b80b
+B+: 0x7ff01b58b80c 0x7ff01b58b841
+B+: 0x7ff01b58b842 0x7ff01b58b84b
+B+: 0x7ff01b58b84c 0x7ff01b58b852
+B+: 0x7ff01b58b853 0x7ff01b58b875
+B+: 0x7ff01b58b880 0x7ff01b58b88e
+B+: 0x7ff01b58b8b0 0x7ff01b58b8c8
+B+: 0x7ff01b58b900 0x7ff01b58b941
+B+: 0x7ff01b58b950 0x7ff01b58b966
+B+: 0x7ff01b58b967 0x7ff01b58b97e
+B+: 0x7ff01b58b97f 0x7ff01b58b98a
+B+: 0x7ff01b58b98b 0x7ff01b58b9b3
+B+: 0x7ff01b58b9b4 0x7ff01b58b9bd
+B+: 0x7ff01b58b9be 0x7ff01b58b9bf
+B+: 0x7ff01b58b9d0 0x7ff01b58b9e8
+B+: 0x7ff01b58b9e9 0x7ff01b58ba14
+B+: 0x7ff01b58ba1e 0x7ff01b58ba25
+B+: 0x7ff01b58ba26 0x7ff01b58ba33
+B+: 0x7ff01b58ba34 0x7ff01b58ba46
+B+: 0x7ff01b58bae0 0x7ff01b58bafe
+B+: 0x7ff01b58baff 0x7ff01b58bb0c
+B+: 0x7ff01b58bb0d 0x7ff01b58bb1b
+B+: 0x7ff01b58bb1c 0x7ff01b58bb2c
+B+: 0x7ff01b58bb40 0x7ff01b58bb62
+B+: 0x7ff01b58bb98 0x7ff01b58bba9
+B+: 0x7ff01b58c6d0 0x7ff01b58c6f4
+B+: 0x7ff01b58c6f5 0x7ff01b58c70d
+B+: 0x7ff01b58c70e 0x7ff01b58c712
+B+: 0x7ff01b58c713 0x7ff01b58c71e
+B+: 0x7ff01b58c71f 0x7ff01b58c723
+B+: 0x7ff01b58c724 0x7ff01b58c728
+B+: 0x7ff01b58c729 0x7ff01b58c730
+B+: 0x7ff01b58c73c 0x7ff01b58c749
+B+: 0x7ff01b58c74a 0x7ff01b58c74d
+B+: 0x7ff01b58c74e 0x7ff01b58c760
+B+: 0x7ff01b58c761 0x7ff01b58c76b
+B+: 0x7ff01b58c790 0x7ff01b58c79d
+B+: 0x7ff01b58c79e 0x7ff01b58c7a5
+B+: 0x7ff01b58c7a6 0x7ff01b58c7a7
+B+: 0x7ff01b58c890 0x7ff01b58c89d
+B+: 0x7ff01b58c89e 0x7ff01b58c8a9
+B+: 0x7ff01b58c8aa 0x7ff01b58c8bd
+B+: 0x7ff01b58c8c0 0x7ff01b58c8ca
+B+: 0x7ff01b58c8d0 0x7ff01b58c8ef
+B+: 0x7ff01b58c8f0 0x7ff01b58c8f4
+B+: 0x7ff01b58c8f5 0x7ff01b58c90c
+B+: 0x7ff01b58c90d 0x7ff01b58c910
+B+: 0x7ff01b58c911 0x7ff01b58c912
+B+: 0x7ff01b58c913 0x7ff01b58c91b
+B+: 0x7ff01b58c91c 0x7ff01b58c930
+B+: 0x7ff01b58c938 0x7ff01b58c93c
+B+: 0x7ff01b58c980 0x7ff01b58c98f
+B+: 0x7ff01b58c990 0x7ff01b58c99b
+B+: 0x7ff01b58c99c 0x7ff01b58c9ab
+B+: 0x7ff01b58ca80 0x7ff01b58ca93
+B+: 0x7ff01b58ca94 0x7ff01b58caac
+B+: 0x7ff01b58caad 0x7ff01b58cabf
+B+: 0x7ff01b58cac0 0x7ff01b58cada
+B+: 0x7ff01b58cadb 0x7ff01b58cae3
+B+: 0x7ff01b58caec 0x7ff01b58caf8
+B+: 0x7ff01b58caf9 0x7ff01b58cb02
+B+: 0x7ff01b58cb03 0x7ff01b58cb06
+B+: 0x7ff01b58cb07 0x7ff01b58cb1a
+B+: 0x7ff01b58cc49 0x7ff01b58cc55
+B+: 0x7ff01b58cc56 0x7ff01b58cc67
+B+: 0x7ff01b58cc82 0x7ff01b58cc93
+B+: 0x7ff01b58cd77 0x7ff01b58cd82
+B+: 0x7ff01b58cda0 0x7ff01b58cdb2
+B+: 0x7ff01b58cdb3 0x7ff01b58cddf
+B+: 0x7ff01b58cde0 0x7ff01b58cdeb
+B+: 0x7ff01b58cdec 0x7ff01b58cdfc
+B+: 0x7ff01b58cdfd 0x7ff01b58ce18
+B+: 0x7ff01b58ce19 0x7ff01b58ce25
+B+: 0x7ff01b58ce26 0x7ff01b58ce2e
+B+: 0x7ff01b58ce2f 0x7ff01b58ce3f
+B+: 0x7ff01b58ce40 0x7ff01b58ce44
+B+: 0x7ff01b58ce45 0x7ff01b58ce50
+B+: 0x7ff01b58ce51 0x7ff01b58ce5d
+B+: 0x7ff01b58ce5e 0x7ff01b58ce77
+B+: 0x7ff01b58cece 0x7ff01b58ced2
+B+: 0x7ff01b58ced3 0x7ff01b58cede
+B+: 0x7ff01b58cee0 0x7ff01b58ceec
+B+: 0x7ff01b58cf60 0x7ff01b58cf7c
+B+: 0x7ff01b58d120 0x7ff01b58d128
+B+: 0x7ff01b58d129 0x7ff01b58d147
+B+: 0x7ff01b58d750 0x7ff01b58d75e
+B+: 0x7ff01b58d75f 0x7ff01b58d763
+B+: 0x7ff01b58d764 0x7ff01b58d770
+B+: 0x7ff01b58d771 0x7ff01b58d777
+B+: 0x7ff01b58d778 0x7ff01b58d783
+B+: 0x7ff01b58d784 0x7ff01b58d788
+B+: 0x7ff01b58d789 0x7ff01b58d78d
+B+: 0x7ff01b58d78e 0x7ff01b58d796
+B+: 0x7ff01b58d797 0x7ff01b58d79e
+B+: 0x7ff01b58d890 0x7ff01b58d892
+B+: 0x7ff01b58d8a7 0x7ff01b58d8ab
+B+: 0x7ff01b58d8ac 0x7ff01b58d8b2
+B+: 0x7ff01b58d8b3 0x7ff01b58d8b6
+B+: 0x7ff01b58d8d0 0x7ff01b58d8e1
+B+: 0x7ff01b58d8e2 0x7ff01b58d8e6
+B+: 0x7ff01b58d8e7 0x7ff01b58d8eb
+B+: 0x7ff01b58d8ec 0x7ff01b58d8f1
+B+: 0x7ff01b58d8f2 0x7ff01b58d8fa
+B+: 0x7ff01b58d8fb 0x7ff01b58d8fc
+B+: 0x7ff01b58d940 0x7ff01b58d948
+B+: 0x7ff01b58d949 0x7ff01b58d951
+B+: 0x7ff01b58d980 0x7ff01b58d988
+B+: 0x7ff01b58d989 0x7ff01b58d98a
+B+: 0x7ff01b58d98b 0x7ff01b58d991
+B+: 0x7ff01b58d992 0x7ff01b58d9a2
+B+: 0x7ff01b58d9a8 0x7ff01b58d9ac
+B+: 0x7ff01b58d9eb 0x7ff01b58da00
+B+: 0x7ff01b58da08 0x7ff01b58da10
+B+: 0x7ff01b58daf0 0x7ff01b58db11
+B+: 0x7ff01b58db12 0x7ff01b58db16
+B+: 0x7ff01b58db17 0x7ff01b58db1d
+B+: 0x7ff01b58db1e 0x7ff01b58db26
+B+: 0x7ff01b58db27 0x7ff01b58db34
+B+: 0x7ff01b58db35 0x7ff01b58db3c
+B+: 0x7ff01b58db3d 0x7ff01b58db49
+B+: 0x7ff01b58db4a 0x7ff01b58db5a
+B+: 0x7ff01b58db5b 0x7ff01b58db63
+B+: 0x7ff01b58db7f 0x7ff01b58db93
+B+: 0x7ff01b58db94 0x7ff01b58db9c
+B+: 0x7ff01b58dbe0 0x7ff01b58dbf7
+B+: 0x7ff01b58dbf8 0x7ff01b58dc00
+B+: 0x7ff01b58dc1b 0x7ff01b58dc2b
+B+: 0x7ff01b58dd40 0x7ff01b58dd5e
+B+: 0x7ff01b58dd5f 0x7ff01b58dd6d
+B+: 0x7ff01b58dd6e 0x7ff01b58dd72
+B+: 0x7ff01b58dd7d 0x7ff01b58dd90
+B+: 0x7ff01b58dd91 0x7ff01b58dd95
+B+: 0x7ff01b58dd96 0x7ff01b58dd9a
+B+: 0x7ff01b58dda0 0x7ff01b58dda4
+B+: 0x7ff01b58ddd5 0x7ff01b58ddd9
+B+: 0x7ff01b58ddda 0x7ff01b58ddde
+B+: 0x7ff01b58ddf0 0x7ff01b58ddfb
+B+: 0x7ff01b58ddfc 0x7ff01b58de07
+B+: 0x7ff01b58de08 0x7ff01b58de10
+B+: 0x7ff01b58de2c 0x7ff01b58de30
+B+: 0x7ff01b58de31 0x7ff01b58de36
+B+: 0x7ff01b58de41 0x7ff01b58de45
+B+: 0x7ff01b58de46 0x7ff01b58de54
+B+: 0x7ff01b58de55 0x7ff01b58de5d
+B+: 0x7ff01b58de5e 0x7ff01b58de62
+B+: 0x7ff01b58de63 0x7ff01b58de74
+B+: 0x7ff01b58de78 0x7ff01b58de84
+B+: 0x7ff01b58dea0 0x7ff01b58dea4
+B+: 0x7ff01b58def0 0x7ff01b58df03
+B+: 0x7ff01b58df40 0x7ff01b58df76
+B+: 0x7ff01b58df77 0x7ff01b58df82
+B+: 0x7ff01b58df83 0x7ff01b58df92
+B+: 0x7ff01b58e01b 0x7ff01b58e031
+B+: 0x7ff01b58e032 0x7ff01b58e040
+B+: 0x7ff01b58e075 0x7ff01b58e0b8
+B+: 0x7ff01b58e0b9 0x7ff01b58e0c3
+B+: 0x7ff01b58e0c4 0x7ff01b58e0cc
+B+: 0x7ff01b58e0cd 0x7ff01b58e0d5
+B+: 0x7ff01b58e0d6 0x7ff01b58e0de
+B+: 0x7ff01b58e0df 0x7ff01b58e106
+B+: 0x7ff01b58e107 0x7ff01b58e133
+B+: 0x7ff01b58e578 0x7ff01b58e581
+B+: 0x7ff01b58e582 0x7ff01b58e5a8
+B+: 0x7ff01b58e5a9 0x7ff01b58e5b6
+B+: 0x7ff01b58e5d0 0x7ff01b58e5e0
+B+: 0x7ff01b58e5e1 0x7ff01b58e5ee
+B+: 0x7ff01b58e5ef 0x7ff01b58e5f3
+B+: 0x7ff01b58e670 0x7ff01b58e67e
+B+: 0x7ff01b58e67f 0x7ff01b58e683
+B+: 0x7ff01b58e684 0x7ff01b58e692
+B+: 0x7ff01b58e693 0x7ff01b58e69a
+B+: 0x7ff01b58e69b 0x7ff01b58e6a2
+B+: 0x7ff01b58e6a3 0x7ff01b58e6b7
+B+: 0x7ff01b58e790 0x7ff01b58e7bc
+B+: 0x7ff01b58e7bd 0x7ff01b58e7d4
+B+: 0x7ff01b58e7e0 0x7ff01b58e83a
+B+: 0x7ff01b58e83b 0x7ff01b58e875
+B+: 0x7ff01b58e876 0x7ff01b58e893
+B+: 0x7ff01b58e894 0x7ff01b58e8a3
+B+: 0x7ff01b58e8a4 0x7ff01b58e8b0
+B+: 0x7ff01b58e9b4 0x7ff01b58e9b8
+B+: 0x7ff01b58e9b9 0x7ff01b58e9cf
+B+: 0x7ff01b58e9d0 0x7ff01b58e9dc
+B+: 0x7ff01b58e9dd 0x7ff01b58e9ef
+B+: 0x7ff01b58e9f0 0x7ff01b58e9f7
+B+: 0x7ff01b58ea01 0x7ff01b58ea16
+B+: 0x7ff01b58ea28 0x7ff01b58ea3d
+B+: 0x7ff01b58ea3e 0x7ff01b58ea4d
+B+: 0x7ff01b58ea79 0x7ff01b58ea97
+B+: 0x7ff01b58ea98 0x7ff01b58eac0
+B+: 0x7ff01b58eac1 0x7ff01b58eacf
+B+: 0x7ff01b58f148 0x7ff01b58f154
+B+: 0x7ff01b58f155 0x7ff01b58f174
+B+: 0x7ff01b58f175 0x7ff01b58f17f
+B+: 0x7ff01b58f1ac 0x7ff01b58f1b0
+B+: 0x7ff01b58f1b1 0x7ff01b58f1b5
+B+: 0x7ff01b58fa40 0x7ff01b58fa64
+B+: 0x7ff01b58fb10 0x7ff01b58fb1a
+B+: 0x7ff01b58fb40 0x7ff01b58fb47
+B+: 0x7ff01b58fb48 0x7ff01b58fb51
+B+: 0x7ff01b58fb58 0x7ff01b58fb60
+B+: 0x7ff01b58fb61 0x7ff01b58fb6a
+B+: 0x7ff01b58fb88 0x7ff01b58fb8c
+B+: 0x7ff01b58fb8d 0x7ff01b58fb94
+B+: 0x7ff01b58fba0 0x7ff01b58fba4
+B+: 0x7ff01b58fd00 0x7ff01b58fd30
+B+: 0x7ff01b58fe3f 0x7ff01b58fe55
+B+: 0x7ff01b58fe56 0x7ff01b58fe67
+B+: 0x7ff01b5901e0 0x7ff01b590222
+B+: 0x7ff01b590223 0x7ff01b590228
+B+: 0x7ff01b59024c 0x7ff01b590260
+B+: 0x7ff01b590261 0x7ff01b590269
+B+: 0x7ff01b590270 0x7ff01b590279
+B+: 0x7ff01b590288 0x7ff01b5902a0
+B+: 0x7ff01b5902a1 0x7ff01b5902ba
+B+: 0x7ff01b5902bb 0x7ff01b5902bc
+B+: 0x7ff01b5902d0 0x7ff01b5902d8
+B+: 0x7ff01b5902f8 0x7ff01b5902f8
+B+: 0x7ff01b590300 0x7ff01b59030c
+B+: 0x7ff01b59033f 0x7ff01b590343
+B+: 0x7ff01b590380 0x7ff01b590384
+B+: 0x7ff01b5903d0 0x7ff01b5903e3
+B+: 0x7ff01b590400 0x7ff01b590400
+B+: 0x7ff01b590420 0x7ff01b59045b
+B+: 0x7ff01b590467 0x7ff01b590471
+B+: 0x7ff01b590472 0x7ff01b590489
+B+: 0x7ff01b59048a 0x7ff01b59048d
+B+: 0x7ff01b59048e 0x7ff01b590494
+B+: 0x7ff01b590495 0x7ff01b59049d
+B+: 0x7ff01b59049e 0x7ff01b5904a9
+B+: 0x7ff01b5904aa 0x7ff01b5904c2
+B+: 0x7ff01b5904c3 0x7ff01b5904ce
+B+: 0x7ff01b5904cf 0x7ff01b5904e5
+B+: 0x7ff01b5904e6 0x7ff01b5904f5
+B+: 0x7ff01b590500 0x7ff01b59050e
+B+: 0x7ff01b59050f 0x7ff01b590513
+B+: 0x7ff01b590514 0x7ff01b59051e
+B+: 0x7ff01b590540 0x7ff01b590549
+B+: 0x7ff01b59054a 0x7ff01b59054e
+B+: 0x7ff01b59054f 0x7ff01b590560
+B+: 0x7ff01b590568 0x7ff01b590577
+B+: 0x7ff01b590580 0x7ff01b590589
+B+: 0x7ff01b5905a8 0x7ff01b5905bb
+B+: 0x7ff01b5905c0 0x7ff01b5905ce
+B+: 0x7ff01b5905cf 0x7ff01b5905dc
+B+: 0x7ff01b5906f0 0x7ff01b5906fd
+B+: 0x7ff01b5907a0 0x7ff01b5907a0
+B+: 0x7ff01b5907b0 0x7ff01b5907ba
+B+: 0x7ff01b5907bb 0x7ff01b5907ce
+B+: 0x7ff01b5907cf 0x7ff01b5907d8
+B+: 0x7ff01b5907d9 0x7ff01b5907e6
+B+: 0x7ff01b590800 0x7ff01b59082d
+B+: 0x7ff01b59082e 0x7ff01b590831
+B+: 0x7ff01b590832 0x7ff01b590847
+B+: 0x7ff01b590864 0x7ff01b59086b
+B+: 0x7ff01b59086c 0x7ff01b59086f
+B+: 0x7ff01b590870 0x7ff01b590876
+B+: 0x7ff01b590877 0x7ff01b59087b
+B+: 0x7ff01b59087c 0x7ff01b590886
+B+: 0x7ff01b590ae0 0x7ff01b590b01
+B+: 0x7ff01b590b02 0x7ff01b590b0a
+B+: 0x7ff01b590b0b 0x7ff01b590b14
+B+: 0x7ff01b590b15 0x7ff01b590b19
+B+: 0x7ff01b590c00 0x7ff01b590c19
+B+: 0x7ff01b590c51 0x7ff01b590c8e
+B+: 0x7ff01b590c8f 0x7ff01b590c9e
+B+: 0x7ff01b590c9f 0x7ff01b590ca6
+B+: 0x7ff01b590df0 0x7ff01b590dfb
+B+: 0x7ff01b590e20 0x7ff01b590e20
+B+: 0x7ff01b590e30 0x7ff01b590e38
+B+: 0x7ff01b592940 0x7ff01b59294b
+B+: 0x7ff01b59294c 0x7ff01b592957
+B+: 0x7ff01b592958 0x7ff01b592964
+B+: 0x7ff01b592965 0x7ff01b592969
+B+: 0x7ff01b59296a 0x7ff01b59296f
+B+: 0x7ff01b592970 0x7ff01b592976
+B+: 0x7ff01b592980 0x7ff01b592987
+B+: 0x7ff01b592988 0x7ff01b59298c
+B+: 0x7ff01b59298d 0x7ff01b59299b
+B+: 0x7ff01b59299c 0x7ff01b5929a0
+B+: 0x7ff01b5929a1 0x7ff01b5929a8
+B+: 0x7ff01b5929a9 0x7ff01b5929ad
+B+: 0x7ff01b5929ae 0x7ff01b5929b8
+B+: 0x7ff01b5929b9 0x7ff01b5929b9
+B+: 0x7ff01b5929c0 0x7ff01b5929c5
+B+: 0x7ff01b5929c6 0x7ff01b5929c9
+B+: 0x7ff01b5929d0 0x7ff01b5929d0
+B+: 0x7ff01b5929d1 0x7ff01b5929d5
+B+: 0x7ff01b5929d6 0x7ff01b5929d9
+B+: 0x7ff01b5929e0 0x7ff01b5929ff
+B+: 0x7ff01b592a00 0x7ff01b592a11
+B+: 0x7ff01b592a12 0x7ff01b592a16
+B+: 0x7ff01b592a20 0x7ff01b592a22
+B+: 0x7ff01b592a23 0x7ff01b592a2f
+B+: 0x7ff01b592a30 0x7ff01b592a33
+B+: 0x7ff01b592a34 0x7ff01b592a5d
+B+: 0x7ff01b592a5e 0x7ff01b592a62
+B+: 0x7ff01b592a63 0x7ff01b592a82
+B+: 0x7ff01b592ac0 0x7ff01b592ade
+B+: 0x7ff01b592adf 0x7ff01b592ae3
+B+: 0x7ff01b592ae4 0x7ff01b592ae8
+B+: 0x7ff01b592af0 0x7ff01b592af2
+B+: 0x7ff01b592af3 0x7ff01b592aff
+B+: 0x7ff01b592b00 0x7ff01b592b03
+B+: 0x7ff01b592b04 0x7ff01b592b3e
+B+: 0x7ff01b592b3f 0x7ff01b592b49
+B+: 0x7ff01b592b4a 0x7ff01b592b57
+B+: 0x7ff01b592b58 0x7ff01b592b5d
+B+: 0x7ff01b592b5e 0x7ff01b592b66
+B+: 0x7ff01b592b67 0x7ff01b592b70
+B+: 0x7ff01b592b71 0x7ff01b592b7a
+B+: 0x7ff01b592b7b 0x7ff01b592b9a
+B+: 0x7ff01b592b9b 0x7ff01b592ba3
+B+: 0x7ff01b592ba4 0x7ff01b592bbd
+B+: 0x7ff01b592bc0 0x7ff01b592bc5
+B+: 0x7ff01b592bc6 0x7ff01b592bcf
+B+: 0x7ff01b592bd0 0x7ff01b592bd9
+B+: 0x7ff01b592bda 0x7ff01b592bf7
+B+: 0x7ff01b592c08 0x7ff01b592c14
+B+: 0x7ff01b592c15 0x7ff01b592c1b
+B+: 0x7ff01b592c1c 0x7ff01b592c29
+B+: 0x7ff01b592cb0 0x7ff01b592cca
+B+: 0x7ff01b592ccb 0x7ff01b592cda
+B+: 0x7ff01b592cdb 0x7ff01b592ce6
+B+: 0x7ff01b592ce7 0x7ff01b592cef
+B+: 0x7ff01b592cf0 0x7ff01b592cf4
+B+: 0x7ff01b592cf5 0x7ff01b592cfc
+B+: 0x7ff01b592cfd 0x7ff01b592d10
+B+: 0x7ff01b592d11 0x7ff01b592d21
+B+: 0x7ff01b592d22 0x7ff01b592d26
+B+: 0x7ff01b592d27 0x7ff01b592d38
+B+: 0x7ff01b592d39 0x7ff01b592d4b
+B+: 0x7ff01b592d4c 0x7ff01b592d54
+B+: 0x7ff01b592d55 0x7ff01b592d5e
+B+: 0x7ff01b592d5f 0x7ff01b592d6d
+B+: 0x7ff01b592ea0 0x7ff01b592eb6
+B+: 0x7ff01b592eb7 0x7ff01b592ebb
+B+: 0x7ff01b592ebc 0x7ff01b592ec0
+B+: 0x7ff01b592ec8 0x7ff01b592ecb
+B+: 0x7ff01b592ecc 0x7ff01b592ed9
+B+: 0x7ff01b592eda 0x7ff01b592edd
+B+: 0x7ff01b592ede 0x7ff01b592f06
+B+: 0x7ff01b592f07 0x7ff01b592f10
+B+: 0x7ff01b592f11 0x7ff01b592f16
+B+: 0x7ff01b592f17 0x7ff01b592f24
+B+: 0x7ff01b592f25 0x7ff01b592f2d
+B+: 0x7ff01b593440 0x7ff01b59346b
+B+: 0x7ff01b59346c 0x7ff01b593470
+B+: 0x7ff01b593471 0x7ff01b593475
+B+: 0x7ff01b593536 0x7ff01b59353e
+B+: 0x7ff01b59353f 0x7ff01b593548
+B+: 0x7ff01b593549 0x7ff01b593551
+B+: 0x7ff01b5935d0 0x7ff01b5935e4
+B+: 0x7ff01b5935e5 0x7ff01b593606
+B+: 0x7ff01b593607 0x7ff01b593610
+B+: 0x7ff01b593611 0x7ff01b593618
+B+: 0x7ff01b593640 0x7ff01b593648
+B+: 0x7ff01b593649 0x7ff01b593656
+B+: 0x7ff01b593657 0x7ff01b59365f
+B+: 0x7ff01b593660 0x7ff01b593661
+B+: 0x7ff01b593760 0x7ff01b5937aa
+B+: 0x7ff01b5937ab 0x7ff01b5937af
+B+: 0x7ff01b5937b0 0x7ff01b5937be
+B+: 0x7ff01b5937c8 0x7ff01b5937d3
+B+: 0x7ff01b5937d4 0x7ff01b5937d8
+B+: 0x7ff01b5937d9 0x7ff01b5937e0
+B+: 0x7ff01b5937e1 0x7ff01b5937e5
+B+: 0x7ff01b5937e6 0x7ff01b5937f3
+B+: 0x7ff01b5937f4 0x7ff01b5937fb
+B+: 0x7ff01b593800 0x7ff01b593810
+B+: 0x7ff01b593811 0x7ff01b593815
+B+: 0x7ff01b593816 0x7ff01b593832
+B+: 0x7ff01b593833 0x7ff01b593843
+B+: 0x7ff01b593844 0x7ff01b59384f
+B+: 0x7ff01b593850 0x7ff01b593857
+B+: 0x7ff01b593858 0x7ff01b59385c
+B+: 0x7ff01b59385d 0x7ff01b593868
+B+: 0x7ff01b593869 0x7ff01b59387b
+B+: 0x7ff01b59387c 0x7ff01b593884
+B+: 0x7ff01b593888 0x7ff01b593897
+B+: 0x7ff01b593898 0x7ff01b59389b
+B+: 0x7ff01b59389c 0x7ff01b5938b4
+B+: 0x7ff01b5938b5 0x7ff01b5938b8
+B+: 0x7ff01b5938b9 0x7ff01b5938c6
+B+: 0x7ff01b5938c7 0x7ff01b5938d5
+B+: 0x7ff01b593dc0 0x7ff01b593dec
+B+: 0x7ff01b593ded 0x7ff01b593df2
+B+: 0x7ff01b593df3 0x7ff01b593e04
+B+: 0x7ff01b593e05 0x7ff01b593e0d
+B+: 0x7ff01b593e0e 0x7ff01b593e1c
+CND+ 0x7ff01b58200e: taken
+CND+ 0x7ff01b5825ea: not taken
+CND+ 0x7ff01b582626: not taken
+CND+ 0x7ff01b58263b: taken
+CND+ 0x7ff01b582673: not taken
+CND+ 0x7ff01b582687: not taken
+CND+ 0x7ff01b582695: not taken
+CND+ 0x7ff01b5827e2: taken
+CND+ 0x7ff01b582862: not taken
+CND+ 0x7ff01b58287c: both
+CND+ 0x7ff01b5828a9: not taken
+CND+ 0x7ff01b582a5d: not taken
+CND+ 0x7ff01b582a62: taken
+CND+ 0x7ff01b5836e6: not taken
+CND+ 0x7ff01b583704: taken
+CND+ 0x7ff01b58371a: not taken
+CND+ 0x7ff01b58371f: taken
+CND+ 0x7ff01b58372f: taken
+CND+ 0x7ff01b58374c: not taken
+CND+ 0x7ff01b583756: not taken
+CND+ 0x7ff01b58378f: not taken
+CND+ 0x7ff01b58379b: taken
+CND+ 0x7ff01b584079: taken
+CND+ 0x7ff01b58411b: not taken
+CND+ 0x7ff01b584149: not taken
+CND+ 0x7ff01b584158: not taken
+CND+ 0x7ff01b584190: not taken
+CND+ 0x7ff01b5841ce: taken
+CND+ 0x7ff01b584c20: not taken
+CND+ 0x7ff01b584c2d: taken
+CND+ 0x7ff01b584c48: not taken
+CND+ 0x7ff01b584c5f: both
+CND+ 0x7ff01b584c88: not taken
+CND+ 0x7ff01b584ed2: taken
+CND+ 0x7ff01b584f55: not taken
+CND+ 0x7ff01b584f7e: not taken
+CND+ 0x7ff01b584f8a: not taken
+CND+ 0x7ff01b584f93: both
+CND+ 0x7ff01b584fc4: not taken
+CND+ 0x7ff01b584fe2: both
+CND+ 0x7ff01b584ffb: taken
+CND+ 0x7ff01b58505a: taken
+CND+ 0x7ff01b5850af: not taken
+CND+ 0x7ff01b5850b8: taken
+CND+ 0x7ff01b5850e0: taken
+CND+ 0x7ff01b585116: not taken
+CND+ 0x7ff01b58515a: not taken
+CND+ 0x7ff01b585163: taken
+CND+ 0x7ff01b58521b: taken
+CND+ 0x7ff01b58524a: taken
+CND+ 0x7ff01b58527c: not taken
+CND+ 0x7ff01b58536a: taken
+CND+ 0x7ff01b585520: not taken
+CND+ 0x7ff01b585529: not taken
+CND+ 0x7ff01b585532: taken
+CND+ 0x7ff01b5858eb: not taken
+CND+ 0x7ff01b585906: both
+CND+ 0x7ff01b58593d: not taken
+CND+ 0x7ff01b585985: both
+CND+ 0x7ff01b5859f6: taken
+CND+ 0x7ff01b585a20: both
+CND+ 0x7ff01b585a29: not taken
+CND+ 0x7ff01b585a33: not taken
+CND+ 0x7ff01b585ae4: not taken
+CND+ 0x7ff01b585afb: taken
+CND+ 0x7ff01b585b2a: both
+CND+ 0x7ff01b585b30: both
+CND+ 0x7ff01b585b40: taken
+CND+ 0x7ff01b585b60: not taken
+CND+ 0x7ff01b585b96: not taken
+CND+ 0x7ff01b585be5: taken
+CND+ 0x7ff01b585da0: not taken
+CND+ 0x7ff01b585da9: not taken
+CND+ 0x7ff01b585dc8: both
+CND+ 0x7ff01b585dd0: both
+CND+ 0x7ff01b585e2e: taken
+CND+ 0x7ff01b585e57: not taken
+CND+ 0x7ff01b585eac: taken
+CND+ 0x7ff01b585ed8: taken
+CND+ 0x7ff01b585fa3: not taken
+CND+ 0x7ff01b585fc0: taken
+CND+ 0x7ff01b586019: not taken
+CND+ 0x7ff01b586065: not taken
+CND+ 0x7ff01b58606f: not taken
+CND+ 0x7ff01b586089: both
+CND+ 0x7ff01b58609d: not taken
+CND+ 0x7ff01b5860ab: taken
+CND+ 0x7ff01b58614c: not taken
+CND+ 0x7ff01b586156: taken
+CND+ 0x7ff01b5861cc: taken
+CND+ 0x7ff01b5861ee: taken
+CND+ 0x7ff01b586811: both
+CND+ 0x7ff01b58681b: not taken
+CND+ 0x7ff01b58681f: not taken
+CND+ 0x7ff01b586839: taken
+CND+ 0x7ff01b586859: taken
+CND+ 0x7ff01b586861: taken
+CND+ 0x7ff01b58745f: taken
+CND+ 0x7ff01b587626: not taken
+CND+ 0x7ff01b5876ca: taken
+CND+ 0x7ff01b587762: taken
+CND+ 0x7ff01b5882a4: taken
+CND+ 0x7ff01b5882bd: not taken
+CND+ 0x7ff01b5882cd: not taken
+CND+ 0x7ff01b58830f: taken
+CND+ 0x7ff01b588327: taken
+CND+ 0x7ff01b58833a: not taken
+CND+ 0x7ff01b588343: taken
+CND+ 0x7ff01b588381: not taken
+CND+ 0x7ff01b5883d6: taken
+CND+ 0x7ff01b5883e7: taken
+CND+ 0x7ff01b588895: not taken
+CND+ 0x7ff01b5888a8: not taken
+CND+ 0x7ff01b5888d2: not taken
+CND+ 0x7ff01b588907: not taken
+CND+ 0x7ff01b588942: taken
+CND+ 0x7ff01b588953: not taken
+CND+ 0x7ff01b588963: taken
+CND+ 0x7ff01b588a7b: not taken
+CND+ 0x7ff01b588dbc: both
+CND+ 0x7ff01b588dc9: both
+CND+ 0x7ff01b588e03: not taken
+CND+ 0x7ff01b588e0d: not taken
+CND+ 0x7ff01b588e18: taken
+CND+ 0x7ff01b5891a1: not taken
+CND+ 0x7ff01b5891ab: not taken
+CND+ 0x7ff01b5891e4: taken
+CND+ 0x7ff01b5891f2: taken
+CND+ 0x7ff01b58920a: not taken
+CND+ 0x7ff01b589225: not taken
+CND+ 0x7ff01b58922f: not taken
+CND+ 0x7ff01b589247: taken
+CND+ 0x7ff01b589533: taken
+CND+ 0x7ff01b589582: taken
+CND+ 0x7ff01b589655: taken
+CND+ 0x7ff01b589698: taken
+CND+ 0x7ff01b589703: not taken
+CND+ 0x7ff01b58970c: taken
+CND+ 0x7ff01b589725: not taken
+CND+ 0x7ff01b589742: not taken
+CND+ 0x7ff01b58975a: not taken
+CND+ 0x7ff01b589765: not taken
+CND+ 0x7ff01b589792: not taken
+CND+ 0x7ff01b589797: taken
+CND+ 0x7ff01b5897a9: taken
+CND+ 0x7ff01b5897ad: not taken
+CND+ 0x7ff01b5897bc: taken
+CND+ 0x7ff01b5897ce: taken
+CND+ 0x7ff01b589848: taken
+CND+ 0x7ff01b589889: not taken
+CND+ 0x7ff01b58989b: not taken
+CND+ 0x7ff01b5898a8: taken
+CND+ 0x7ff01b589c2f: not taken
+CND+ 0x7ff01b589c57: taken
+CND+ 0x7ff01b589c65: not taken
+CND+ 0x7ff01b589c6e: taken
+CND+ 0x7ff01b589c86: not taken
+CND+ 0x7ff01b589cae: taken
+CND+ 0x7ff01b58a366: taken
+CND+ 0x7ff01b58a9d6: taken
+CND+ 0x7ff01b58aa31: not taken
+CND+ 0x7ff01b58aa51: taken
+CND+ 0x7ff01b58aaad: not taken
+CND+ 0x7ff01b58aab5: taken
+CND+ 0x7ff01b58ab00: taken
+CND+ 0x7ff01b58ab5a: not taken
+CND+ 0x7ff01b58ab62: not taken
+CND+ 0x7ff01b58ab6b: not taken
+CND+ 0x7ff01b58ab75: not taken
+CND+ 0x7ff01b58ab7f: taken
+CND+ 0x7ff01b58ab9b: taken
+CND+ 0x7ff01b58ac3c: taken
+CND+ 0x7ff01b58aed9: not taken
+CND+ 0x7ff01b58aee6: not taken
+CND+ 0x7ff01b58af01: not taken
+CND+ 0x7ff01b58af1a: not taken
+CND+ 0x7ff01b58af20: not taken
+CND+ 0x7ff01b58af26: taken
+CND+ 0x7ff01b58b76c: not taken
+CND+ 0x7ff01b58b78c: not taken
+CND+ 0x7ff01b58b7d8: both
+CND+ 0x7ff01b58b7e1: taken
+CND+ 0x7ff01b58b806: not taken
+CND+ 0x7ff01b58b840: not taken
+CND+ 0x7ff01b58b84a: not taken
+CND+ 0x7ff01b58b965: both
+CND+ 0x7ff01b58b989: not taken
+CND+ 0x7ff01b58b9b2: not taken
+CND+ 0x7ff01b58b9bc: not taken
+CND+ 0x7ff01b58b9e3: not taken
+CND+ 0x7ff01b58ba13: taken
+CND+ 0x7ff01b58bafd: not taken
+CND+ 0x7ff01b58bb1a: not taken
+CND+ 0x7ff01b58bb61: taken
+CND+ 0x7ff01b58c711: not taken
+CND+ 0x7ff01b58c71d: not taken
+CND+ 0x7ff01b58c722: not taken
+CND+ 0x7ff01b58c748: not taken
+CND+ 0x7ff01b58c74c: not taken
+CND+ 0x7ff01b58c75f: not taken
+CND+ 0x7ff01b58c7a4: not taken
+CND+ 0x7ff01b58c8f3: both
+CND+ 0x7ff01b58c90f: both
+CND+ 0x7ff01b58c911: not taken
+CND+ 0x7ff01b58c91a: taken
+CND+ 0x7ff01b58ca92: not taken
+CND+ 0x7ff01b58caba: not taken
+CND+ 0x7ff01b58cad5: both
+CND+ 0x7ff01b58cade: taken
+CND+ 0x7ff01b58caf7: not taken
+CND+ 0x7ff01b58cb01: not taken
+CND+ 0x7ff01b58cb05: not taken
+CND+ 0x7ff01b58cb19: taken
+CND+ 0x7ff01b58cc50: not taken
+CND+ 0x7ff01b58cc62: taken
+CND+ 0x7ff01b58cdb1: not taken
+CND+ 0x7ff01b58cdea: both
+CND+ 0x7ff01b58ce13: not taken
+CND+ 0x7ff01b58ce20: taken
+CND+ 0x7ff01b58ce2d: not taken
+CND+ 0x7ff01b58ce43: not taken
+CND+ 0x7ff01b58ce4f: both
+CND+ 0x7ff01b58ce58: not taken
+CND+ 0x7ff01b58ce72: taken
+CND+ 0x7ff01b58cee7: taken
+CND+ 0x7ff01b58d75d: both
+CND+ 0x7ff01b58d76f: not taken
+CND+ 0x7ff01b58d782: both
+CND+ 0x7ff01b58d787: both
+CND+ 0x7ff01b58d795: both
+CND+ 0x7ff01b58d8b1: not taken
+CND+ 0x7ff01b58d8dc: not taken
+CND+ 0x7ff01b58d8ea: not taken
+CND+ 0x7ff01b58d8ec: both
+CND+ 0x7ff01b58d8f5: not taken
+CND+ 0x7ff01b58d8fb: taken
+CND+ 0x7ff01b58d943: not taken
+CND+ 0x7ff01b58d94c: taken
+CND+ 0x7ff01b58d983: not taken
+CND+ 0x7ff01b58d989: both
+CND+ 0x7ff01b58d990: not taken
+CND+ 0x7ff01b58d9ab: taken
+CND+ 0x7ff01b58da0b: taken
+CND+ 0x7ff01b58db10: both
+CND+ 0x7ff01b58db1c: not taken
+CND+ 0x7ff01b58db21: both
+CND+ 0x7ff01b58db2f: not taken
+CND+ 0x7ff01b58db37: both
+CND+ 0x7ff01b58db44: both
+CND+ 0x7ff01b58db5e: taken
+CND+ 0x7ff01b58db92: both
+CND+ 0x7ff01b58db9b: taken
+CND+ 0x7ff01b58dbfb: taken
+CND+ 0x7ff01b58dd68: both
+CND+ 0x7ff01b58dd71: taken
+CND+ 0x7ff01b58dd8b: not taken
+CND+ 0x7ff01b58dda3: taken
+CND+ 0x7ff01b58dddd: taken
+CND+ 0x7ff01b58de02: not taken
+CND+ 0x7ff01b58de0b: taken
+CND+ 0x7ff01b58de2f: not taken
+CND+ 0x7ff01b58de35: taken
+CND+ 0x7ff01b58de4f: not taken
+CND+ 0x7ff01b58de58: both
+CND+ 0x7ff01b58df7d: not taken
+CND+ 0x7ff01b58e02c: not taken
+CND+ 0x7ff01b58e0c7: not taken
+CND+ 0x7ff01b58e0d0: both
+CND+ 0x7ff01b58e0d9: not taken
+CND+ 0x7ff01b58e5a7: both
+CND+ 0x7ff01b58e5ed: not taken
+CND+ 0x7ff01b58e5f2: taken
+CND+ 0x7ff01b58e682: not taken
+CND+ 0x7ff01b58e6a1: not taken
+CND+ 0x7ff01b58e7bb: not taken
+CND+ 0x7ff01b58e835: not taken
+CND+ 0x7ff01b58e870: not taken
+CND+ 0x7ff01b58e88e: not taken
+CND+ 0x7ff01b58e89e: not taken
+CND+ 0x7ff01b58e9ca: both
+CND+ 0x7ff01b58e9ea: taken
+CND+ 0x7ff01b58e9f6: taken
+CND+ 0x7ff01b58ea15: taken
+CND+ 0x7ff01b58ea38: not taken
+CND+ 0x7ff01b58ea48: taken
+CND+ 0x7ff01b58eabb: not taken
+CND+ 0x7ff01b58f14f: not taken
+CND+ 0x7ff01b58f16f: not taken
+CND+ 0x7ff01b58f17e: taken
+CND+ 0x7ff01b58fa5f: taken
+CND+ 0x7ff01b58fb46: not taken
+CND+ 0x7ff01b58fb50: taken
+CND+ 0x7ff01b58fb69: taken
+CND+ 0x7ff01b58fb93: taken
+CND+ 0x7ff01b58fd2b: taken
+CND+ 0x7ff01b58fe50: not taken
+CND+ 0x7ff01b590227: taken
+CND+ 0x7ff01b59025f: not taken
+CND+ 0x7ff01b590278: taken
+CND+ 0x7ff01b5902b9: not taken
+CND+ 0x7ff01b5902d7: taken
+CND+ 0x7ff01b59030b: taken
+CND+ 0x7ff01b590383: taken
+CND+ 0x7ff01b5903e2: taken
+CND+ 0x7ff01b590456: taken
+CND+ 0x7ff01b590488: both
+CND+ 0x7ff01b59048c: not taken
+CND+ 0x7ff01b590493: not taken
+CND+ 0x7ff01b590498: both
+CND+ 0x7ff01b5904e0: not taken
+CND+ 0x7ff01b590512: not taken
+CND+ 0x7ff01b590519: taken
+CND+ 0x7ff01b590548: not taken
+CND+ 0x7ff01b59054d: not taken
+CND+ 0x7ff01b5905c9: not taken
+CND+ 0x7ff01b5905d7: taken
+CND+ 0x7ff01b5906f8: taken
+CND+ 0x7ff01b5907b9: not taken
+CND+ 0x7ff01b590830: not taken
+CND+ 0x7ff01b590846: taken
+CND+ 0x7ff01b59086e: not taken
+CND+ 0x7ff01b590b09: not taken
+CND+ 0x7ff01b590b13: not taken
+CND+ 0x7ff01b590c18: taken
+CND+ 0x7ff01b590c9d: not taken
+CND+ 0x7ff01b590dfa: taken
+CND+ 0x7ff01b592946: both
+CND+ 0x7ff01b592963: both
+CND+ 0x7ff01b592968: not taken
+CND+ 0x7ff01b59296e: not taken
+CND+ 0x7ff01b592986: not taken
+CND+ 0x7ff01b59298b: both
+CND+ 0x7ff01b59299a: both
+CND+ 0x7ff01b59299f: both
+CND+ 0x7ff01b5929ac: both
+CND+ 0x7ff01b5929b7: both
+CND+ 0x7ff01b5929c4: not taken
+CND+ 0x7ff01b592a10: not taken
+CND+ 0x7ff01b592a15: taken
+CND+ 0x7ff01b592a2e: both
+CND+ 0x7ff01b592a32: both
+CND+ 0x7ff01b592a5c: both
+CND+ 0x7ff01b592add: not taken
+CND+ 0x7ff01b592ae2: not taken
+CND+ 0x7ff01b592afe: not taken
+CND+ 0x7ff01b592b02: both
+CND+ 0x7ff01b592b48: both
+CND+ 0x7ff01b592b52: not taken
+CND+ 0x7ff01b592b5c: not taken
+CND+ 0x7ff01b592b65: both
+CND+ 0x7ff01b592b6b: taken
+CND+ 0x7ff01b592b75: not taken
+CND+ 0x7ff01b592b95: not taken
+CND+ 0x7ff01b592ba2: not taken
+CND+ 0x7ff01b592bc4: not taken
+CND+ 0x7ff01b592bce: not taken
+CND+ 0x7ff01b592bf6: taken
+CND+ 0x7ff01b592c24: taken
+CND+ 0x7ff01b592ce1: not taken
+CND+ 0x7ff01b592cea: not taken
+CND+ 0x7ff01b592cf3: not taken
+CND+ 0x7ff01b592d25: not taken
+CND+ 0x7ff01b592d53: not taken
+CND+ 0x7ff01b592d5d: not taken
+CND+ 0x7ff01b592eb5: not taken
+CND+ 0x7ff01b592eba: not taken
+CND+ 0x7ff01b592ed8: both
+CND+ 0x7ff01b592edc: taken
+CND+ 0x7ff01b592f0f: not taken
+CND+ 0x7ff01b592f15: not taken
+CND+ 0x7ff01b59346f: not taken
+CND+ 0x7ff01b59353d: not taken
+CND+ 0x7ff01b593547: not taken
+CND+ 0x7ff01b593605: not taken
+CND+ 0x7ff01b59360f: not taken
+CND+ 0x7ff01b593647: not taken
+CND+ 0x7ff01b59365e: not taken
+CND+ 0x7ff01b5937bd: taken
+CND+ 0x7ff01b5937d2: taken
+CND+ 0x7ff01b5937df: not taken
+CND+ 0x7ff01b5937e4: both
+CND+ 0x7ff01b5937fa: taken
+CND+ 0x7ff01b593856: not taken
+CND+ 0x7ff01b59385b: taken
+CND+ 0x7ff01b59387a: not taken
+CND+ 0x7ff01b59389a: not taken
+CND+ 0x7ff01b5938b7: not taken
+CND+ 0x7ff01b5938c5: not taken
+CND+ 0x7ff01b5938d4: taken
+CND+ 0x7ff01b593df1: not taken
+CND+ 0x7ff01b593e0c: not taken
@0x7ff01b582050 to 0x7ff01f0bba30 4
@0x7ff01b582080 to 0x7ff01f05b330 2
@0x7ff01b582090 to 0x7ff01f0fd710 1
@0x7ff01b5820a0 to 0x7ff01f0d3e70 5
@0x7ff01b5820d0 to 0x7ff01f06ea20 7
@0x7ff01b5820f0 to 0x7ff01f192800 4
@0x7ff01b582130 to 0x7ff01f0fe1e0 1
@0x7ff01b582140 to 0x7ff01f072c10 1
@0x7ff01b582150 to 0x7ff01f120800 4
@0x7ff01b582160 to 0x7ff01f0fd230 1
@0x7ff01b582190 to 0x7ff01f192bc0 8
@0x7ff01b5821c0 to 0x7ff01f0fe200 1
@0x7ff01b5821e0 to 0x7ff01f1925d0 1
@0x7ff01b582220 to 0x7ff01f0fe210 2
@0x7ff01b582230 to 0x7ff01f121b10 1
@0x7ff01b58416e to 0x7ff01b5841c0 1
@0x7ff01b582280 to 0x7ff01f18dd10 11
@0x7ff01b5822a0 to 0x7ff01f06e450 4
@0x7ff01b5841ac to 0x7ff01b584e90 1
@0x7ff01b5822d0 to 0x7ff01f18e100 9
@0x7ff01b582320 to 0x7ff01f06f0f0 4
@0x7ff01b582330 to 0x7ff01f193100 6
@0x7ff01b582350 to 0x7ff01f0fe220 1
@0x7ff01b582370 to 0x7ff01f120800 2
@0x7ff01b582390 to 0x7ff01f0bb3e0 23
@0x7ff01b5823b0 to 0x7ff01f0fe230 1
@0x7ff01b5823c0 to 0x7ff01f18de90 22
@0x7ff01b5823e0 to 0x7ff01f13eba0 1
@0x7ff01b582410 to 0x7ff01f0bbc80 1
@0x7ff01b582460 to 0x7ff01f1930e0 13
@0x7ff01b582510 to 0x7ff01f0fe1f0 1
@0x7ff01b582560 to 0x7ff01f0fd4e0 1
@0x7ff01b582570 to 0x7ff01f067580 191
@0x7ff01b58df91 to 0x7ff01b58e075 1
@0x7ff01b582784 to 0x7ff01f05afb0 1
@0x7ff01b593e01 to 0x7ff01b582840 1
@0x7ff01b59055f to 0x7ff01b590580 1
@0x7ff01b59055f to 0x7ff01b5905c0 1
@0x7ff01b59055f to 0x7ff01b5905a8 2
@0x7ff01b58e8af to 0x7ff01b58ea01 180
@0x7ff01b58e8af to 0x7ff01b58e9f0 10
@0x7ff01b58e8af to 0x7ff01b58ea28 1
@0x7ff01b592c19 to 0x7ff01b5867d0 1
@0x7ff01b592c19 to 0x7ff01b58d120 1
