MODULE_NAME: /usr/bin/gs
MODULE_START: 0x7f4e10691000
+B+: 0x7f4e10692000 0x7f4e1069200f
+B+: 0x7f4e10692012 0x7f4e10692016
+B+: 0x7f4e10692020 0x7f4e1069202b
+B+: 0x7f4e10692030 0x7f4e10692035
+B+: 0x7f4e10692036 0x7f4e1069203f
+B+: 0x7f4e10692040 0x7f4e10692045
+B+: 0x7f4e10692046 0x7f4e1069204f
+B+: 0x7f4e10692050 0x7f4e10692055
+B+: 0x7f4e10692056 0x7f4e1069205f
+B+: 0x7f4e106920b0 0x7f4e106920b5
+B+: 0x7f4e106920b6 0x7f4e106920bf
+B+: 0x7f4e106920c0 0x7f4e106920c5
+B+: 0x7f4e106920c6 0x7f4e106920cf
+B+: 0x7f4e106920e0 0x7f4e106920e5
+B+: 0x7f4e106920f0 0x7f4e10692121
+B+: 0x7f4e10692122 0x7f4e10692127
+B+: 0x7f4e10692128 0x7f4e10692130
+B+: 0x7f4e10692131 0x7f4e10692132
+B+: 0x7f4e10692133 0x7f4e10692137
+B+: 0x7f4e1069213d 0x7f4e10692152
+B+: 0x7f4e10692153 0x7f4e1069215b
+B+: 0x7f4e10692178 0x7f4e10692183
+B+: 0x7f4e10692184 0x7f4e106921a2
+B+: 0x7f4e106921a3 0x7f4e106921b1
+B+: 0x7f4e106921b2 0x7f4e106921b7
+B+: 0x7f4e106921b8 0x7f4e106921c1
+B+: 0x7f4e106921c2 0x7f4e106921c5
+B+: 0x7f4e106921c6 0x7f4e106921ca
+B+: 0x7f4e106921cb 0x7f4e106921d6
+B+: 0x7f4e106921d7 0x7f4e106921db
+B+: 0x7f4e106921dc 0x7f4e106921e0
+B+: 0x7f4e10692213 0x7f4e10692216
+B+: 0x7f4e10692220 0x7f4e10692249
+B+: 0x7f4e10692250 0x7f4e10692262
+B+: 0x7f4e10692278 0x7f4e10692278
+B+: 0x7f4e10692280 0x7f4e106922a3
+B+: 0x7f4e106922b8 0x7f4e106922b8
+B+: 0x7f4e106922c0 0x7f4e106922c8
+B+: 0x7f4e106922c9 0x7f4e106922d6
+B+: 0x7f4e106922d7 0x7f4e106922e2
+B+: 0x7f4e106922e3 0x7f4e106922e7
+B+: 0x7f4e106922e8 0x7f4e106922f0
+B+: 0x7f4e10692300 0x7f4e10692304
+B+: 0x7f4e106923c0 0x7f4e106923ec
+B+: 0x7f4e106923ed 0x7f4e106923f2
+B+: 0x7f4e106923f3 0x7f4e10692404
+B+: 0x7f4e10692405 0x7f4e1069240d
+B+: 0x7f4e1069240e 0x7f4e1069241c
+B+: 0x7f4e10692424 0x7f4e1069242c
+CND+ 0x7f4e1069200e: taken
+CND+ 0x7f4e10692126: taken
+CND+ 0x7f4e1069212b: not taken
+CND+ 0x7f4e10692131: not taken
+CND+ 0x7f4e10692136: taken
+CND+ 0x7f4e1069214d: not taken
+CND+ 0x7f4e106921b6: not taken
+CND+ 0x7f4e106921c4: not taken
+CND+ 0x7f4e106921c9: taken
+CND+ 0x7f4e106921df: taken
+CND+ 0x7f4e10692261: taken
+CND+ 0x7f4e106922a2: taken
+CND+ 0x7f4e106922c7: not taken
+CND+ 0x7f4e106922d5: not taken
+CND+ 0x7f4e106923f1: not taken
+CND+ 0x7f4e1069240c: not taken
@0x7f4e10692026 to 0x7f4e14681500 5
@0x7f4e10692030 to 0x7f4e10692036 1
@0x7f4e10692040 to 0x7f4e10692046 1
@0x7f4e10692050 to 0x7f4e10692056 1
@0x7f4e106920b0 to 0x7f4e106920b6 1
@0x7f4e106920c0 to 0x7f4e106920c6 1
@0x7f4e106920e0 to 0x7f4e131e71c0 1
@0x7f4e10692244 to 0x7f4e131d0fb0 1
@0x7f4e10692401 to 0x7f4e10692300 1
