MODULE_NAME: /bin/dash
MODULE_START: 0x7eff18aab000
+B+: 0x7eff18aaf000 0x7eff18aaf00f
+B+: 0x7eff18aaf012 0x7eff18aaf016
+B+: 0x7eff18aaf050 0x7eff18aaf055
+B+: 0x7eff18aaf080 0x7eff18aaf085
+B+: 0x7eff18aaf090 0x7eff18aaf095
+B+: 0x7eff18aaf0a0 0x7eff18aaf0a5
+B+: 0x7eff18aaf0d0 0x7eff18aaf0d5
+B+: 0x7eff18aaf0f0 0x7eff18aaf0f5
+B+: 0x7eff18aaf130 0x7eff18aaf135
+B+: 0x7eff18aaf140 0x7eff18aaf145
+B+: 0x7eff18aaf150 0x7eff18aaf155
+B+: 0x7eff18aaf160 0x7eff18aaf165
+B+: 0x7eff18aaf190 0x7eff18aaf195
+B+: 0x7eff18aaf1c0 0x7eff18aaf1c5
+B+: 0x7eff18aaf1e0 0x7eff18aaf1e5
+B+: 0x7eff18aaf220 0x7eff18aaf225
+B+: 0x7eff18aaf230 0x7eff18aaf235
+B+: 0x7eff18aaf280 0x7eff18aaf285
+B+: 0x7eff18aaf2a0 0x7eff18aaf2a5
+B+: 0x7eff18aaf2d0 0x7eff18aaf2d5
+B+: 0x7eff18aaf320 0x7eff18aaf325
+B+: 0x7eff18aaf330 0x7eff18aaf335
+B+: 0x7eff18aaf350 0x7eff18aaf355
+B+: 0x7eff18aaf370 0x7eff18aaf375
+B+: 0x7eff18aaf390 0x7eff18aaf395
+B+: 0x7eff18aaf3b0 0x7eff18aaf3b5
+B+: 0x7eff18aaf3c0 0x7eff18aaf3c5
+B+: 0x7eff18aaf3e0 0x7eff18aaf3e5
+B+: 0x7eff18aaf410 0x7eff18aaf415
+B+: 0x7eff18aaf460 0x7eff18aaf465
+B+: 0x7eff18aaf510 0x7eff18aaf515
+B+: 0x7eff18aaf560 0x7eff18aaf565
+B+: 0x7eff18aaf570 0x7eff18aaf575
+B+: 0x7eff18aaf590 0x7eff18aaf5b8
+B+: 0x7eff18aaf5b9 0x7eff18aaf5c4
+B+: 0x7eff18aaf5c5 0x7eff18aaf5cf
+B+: 0x7eff18aaf5d0 0x7eff18aaf5e7
+B+: 0x7eff18aaf5e8 0x7eff18aaf5ef
+B+: 0x7eff18aaf5f0 0x7eff18aaf600
+B+: 0x7eff18aaf601 0x7eff18aaf60b
+B+: 0x7eff18aaf60c 0x7eff18aaf615
+B+: 0x7eff18aaf616 0x7eff18aaf623
+B+: 0x7eff18aaf624 0x7eff18aaf62b
+B+: 0x7eff18aaf62c 0x7eff18aaf63c
+B+: 0x7eff18aaf657 0x7eff18aaf660
+B+: 0x7eff18aaf661 0x7eff18aaf678
+B+: 0x7eff18aaf679 0x7eff18aaf67f
+B+: 0x7eff18aaf680 0x7eff18aaf68c
+B+: 0x7eff18aaf68d 0x7eff18aaf696
+B+: 0x7eff18aaf697 0x7eff18aaf69b
+B+: 0x7eff18aaf760 0x7eff18aaf789
+B+: 0x7eff18aaf7c0 0x7eff18aaf7e3
+B+: 0x7eff18aaf7f8 0x7eff18aaf7f8
+B+: 0x7eff18aaf840 0x7eff18aaf844
+B+: 0x7eff18aaf850 0x7eff18aaf863
+B+: 0x7eff18aaf864 0x7eff18aaf86f
+B+: 0x7eff18aaf870 0x7eff18aaf87d
+B+: 0x7eff18aaf87e 0x7eff18aaf8aa
+B+: 0x7eff18aaf8ab 0x7eff18aaf8ac
+B+: 0x7eff18aaf8cb 0x7eff18aaf8d2
+B+: 0x7eff18aafa50 0x7eff18aafa57
+B+: 0x7eff18aafa58 0x7eff18aafa5e
+B+: 0x7eff18aafa5f 0x7eff18aafa63
+B+: 0x7eff18aafa71 0x7eff18aafa72
+B+: 0x7eff18ab06d0 0x7eff18ab06eb
+B+: 0x7eff18ab06ec 0x7eff18ab0705
+B+: 0x7eff18ab0717 0x7eff18ab071b
+B+: 0x7eff18ab071c 0x7eff18ab0720
+B+: 0x7eff18ab072c 0x7eff18ab0730
+B+: 0x7eff18ab073e 0x7eff18ab074d
+B+: 0x7eff18ab074e 0x7eff18ab0757
+B+: 0x7eff18ab0758 0x7eff18ab0775
+B+: 0x7eff18ab0780 0x7eff18ab0788
+B+: 0x7eff18ab0789 0x7eff18ab0790
+B+: 0x7eff18ab0791 0x7eff18ab079c
+B+: 0x7eff18ab1060 0x7eff18ab107e
+B+: 0x7eff18ab110d 0x7eff18ab111c
+B+: 0x7eff18ab111d 0x7eff18ab1123
+B+: 0x7eff18ab1140 0x7eff18ab114a
+B+: 0x7eff18ab114b 0x7eff18ab1152
+B+: 0x7eff18ab1153 0x7eff18ab115d
+B+: 0x7eff18ab115e 0x7eff18ab116f
+B+: 0x7eff18ab1188 0x7eff18ab118c
+B+: 0x7eff18ab118d 0x7eff18ab1191
+B+: 0x7eff18ab1192 0x7eff18ab119c
+B+: 0x7eff18ab11a7 0x7eff18ab11ad
+B+: 0x7eff18ab11ae 0x7eff18ab11b5
+B+: 0x7eff18ab11c0 0x7eff18ab11cf
+B+: 0x7eff18ab1bc0 0x7eff18ab1bfa
+B+: 0x7eff18ab1bfb 0x7eff18ab1c07
+B+: 0x7eff18ab1c08 0x7eff18ab1c0f
+B+: 0x7eff18ab1c10 0x7eff18ab1c11
+B+: 0x7eff18ab1c18 0x7eff18ab1c21
+B+: 0x7eff18ab1c22 0x7eff18ab1c2e
+B+: 0x7eff18ab1c32 0x7eff18ab1c39
+B+: 0x7eff18ab1c3a 0x7eff18ab1c49
+B+: 0x7eff18ab1c4a 0x7eff18ab1c51
+B+: 0x7eff18ab1c52 0x7eff18ab1c58
+B+: 0x7eff18ab1c59 0x7eff18ab1c60
+B+: 0x7eff18ab1c61 0x7eff18ab1c68
+B+: 0x7eff18ab1c69 0x7eff18ab1c6d
+B+: 0x7eff18ab1c6e 0x7eff18ab1c77
+B+: 0x7eff18ab1c78 0x7eff18ab1c89
+B+: 0x7eff18ab1c8a 0x7eff18ab1c98
+B+: 0x7eff18ab1e90 0x7eff18ab1ed3
+B+: 0x7eff18ab1edf 0x7eff18ab1ef5
+B+: 0x7eff18ab1ef6 0x7eff18ab1efa
+B+: 0x7eff18ab1efb 0x7eff18ab1f5a
+B+: 0x7eff18ab1f5b 0x7eff18ab1f67
+B+: 0x7eff18ab1f68 0x7eff18ab1f77
+B+: 0x7eff18ab1f78 0x7eff18ab1f7f
+B+: 0x7eff18ab1f80 0x7eff18ab1f8b
+B+: 0x7eff18ab1f8c 0x7eff18ab1f94
+B+: 0x7eff18ab1f95 0x7eff18ab1f9b
+B+: 0x7eff18ab1fa0 0x7eff18ab1faf
+B+: 0x7eff18ab1fb0 0x7eff18ab1fc5
+B+: 0x7eff18ab1fc6 0x7eff18ab1fcf
+B+: 0x7eff18ab1fd0 0x7eff18ab1fe3
+B+: 0x7eff18ab1fe4 0x7eff18ab1ffc
+B+: 0x7eff18ab2019 0x7eff18ab202b
+B+: 0x7eff18ab202c 0x7eff18ab2034
+B+: 0x7eff18ab2035 0x7eff18ab2047
+B+: 0x7eff18ab2048 0x7eff18ab205b
+B+: 0x7eff18ab20a8 0x7eff18ab20b4
+B+: 0x7eff18ab20b5 0x7eff18ab20b9
+B+: 0x7eff18ab20db 0x7eff18ab20e1
+B+: 0x7eff18ab20f0 0x7eff18ab2103
+B+: 0x7eff18ab2104 0x7eff18ab2113
+B+: 0x7eff18ab2114 0x7eff18ab211b
+B+: 0x7eff18ab211c 0x7eff18ab2122
+B+: 0x7eff18ab2123 0x7eff18ab2152
+B+: 0x7eff18ab2153 0x7eff18ab215f
+B+: 0x7eff18ab2160 0x7eff18ab2168
+B+: 0x7eff18ab2216 0x7eff18ab221c
+B+: 0x7eff18ab2224 0x7eff18ab222d
+B+: 0x7eff18ab222e 0x7eff18ab2237
+B+: 0x7eff18ab2238 0x7eff18ab2241
+B+: 0x7eff18ab2242 0x7eff18ab224b
+B+: 0x7eff18ab225d 0x7eff18ab2266
+B+: 0x7eff18ab2267 0x7eff18ab2281
+B+: 0x7eff18ab2282 0x7eff18ab2293
+B+: 0x7eff18ab234c 0x7eff18ab2353
+B+: 0x7eff18ab2354 0x7eff18ab236f
+B+: 0x7eff18ab251b 0x7eff18ab2525
+B+: 0x7eff18ab2526 0x7eff18ab252e
+B+: 0x7eff18ab252f 0x7eff18ab2537
+B+: 0x7eff18ab28d0 0x7eff18ab28ec
+B+: 0x7eff18ab28ed 0x7eff18ab28f1
+B+: 0x7eff18ab28f8 0x7eff18ab28fa
+B+: 0x7eff18ab28fb 0x7eff18ab2907
+B+: 0x7eff18ab2908 0x7eff18ab293e
+B+: 0x7eff18ab293f 0x7eff18ab2940
+B+: 0x7eff18ab2963 0x7eff18ab2977
+B+: 0x7eff18ab2980 0x7eff18ab2986
+B+: 0x7eff18ab2987 0x7eff18ab298e
+B+: 0x7eff18ab298f 0x7eff18ab2997
+B+: 0x7eff18ab2998 0x7eff18ab29ba
+B+: 0x7eff18ab29bb 0x7eff18ab29bc
+B+: 0x7eff18ab29c0 0x7eff18ab29e7
+B+: 0x7eff18ab29e8 0x7eff18ab29f7
+B+: 0x7eff18ab2a19 0x7eff18ab2a21
+B+: 0x7eff18ab2a22 0x7eff18ab2a2a
+B+: 0x7eff18ab2a2b 0x7eff18ab2a34
+B+: 0x7eff18ab2a35 0x7eff18ab2a3f
+B+: 0x7eff18ab2ad0 0x7eff18ab2ae9
+B+: 0x7eff18ab2aea 0x7eff18ab2b00
+B+: 0x7eff18ab2b10 0x7eff18ab2b1f
+B+: 0x7eff18ab2b20 0x7eff18ab2b2b
+B+: 0x7eff18ab2b2c 0x7eff18ab2b31
+B+: 0x7eff18ab2b32 0x7eff18ab2b41
+B+: 0x7eff18ab2b56 0x7eff18ab2b61
+B+: 0x7eff18ab2b62 0x7eff18ab2b6f
+B+: 0x7eff18ab2b70 0x7eff18ab2b85
+B+: 0x7eff18ab2b86 0x7eff18ab2b97
+B+: 0x7eff18ab2b98 0x7eff18ab2bc0
+B+: 0x7eff18ab2bc8 0x7eff18ab2bcc
+B+: 0x7eff18ab2bcd 0x7eff18ab2bea
+B+: 0x7eff18ab2d70 0x7eff18ab2d98
+B+: 0x7eff18ab2da0 0x7eff18ab2da1
+B+: 0x7eff18ab2da2 0x7eff18ab2daa
+B+: 0x7eff18ab2dab 0x7eff18ab2dc5
+B+: 0x7eff18ab2dc6 0x7eff18ab2dc9
+B+: 0x7eff18ab2dca 0x7eff18ab2dd1
+B+: 0x7eff18ab2dd2 0x7eff18ab2de6
+B+: 0x7eff18ab2df0 0x7eff18ab2e2a
+B+: 0x7eff18ab2e2b 0x7eff18ab2e2f
+B+: 0x7eff18ab2e46 0x7eff18ab2e5c
+B+: 0x7eff18ab2e5d 0x7eff18ab2e6e
+B+: 0x7eff18ab2e90 0x7eff18ab2ead
+B+: 0x7eff18ab2ec8 0x7eff18ab2ed1
+B+: 0x7eff18ab2ed2 0x7eff18ab2edd
+B+: 0x7eff18ab2f6c 0x7eff18ab2f8f
+B+: 0x7eff18ab2f90 0x7eff18ab2f9c
+B+: 0x7eff18ab2f9d 0x7eff18ab2fa8
+B+: 0x7eff18ab2fa9 0x7eff18ab2fb0
+B+: 0x7eff18ab2fb1 0x7eff18ab2fc5
+B+: 0x7eff18ab3008 0x7eff18ab3012
+B+: 0x7eff18ab3013 0x7eff18ab301e
+B+: 0x7eff18ab301f 0x7eff18ab302e
+B+: 0x7eff18ab3060 0x7eff18ab3066
+B+: 0x7eff18ab3067 0x7eff18ab3074
+B+: 0x7eff18ab3075 0x7eff18ab3086
+B+: 0x7eff18ab3087 0x7eff18ab308e
+B+: 0x7eff18ab308f 0x7eff18ab30a2
+B+: 0x7eff18ab30a3 0x7eff18ab30b0
+B+: 0x7eff18ab3100 0x7eff18ab3116
+B+: 0x7eff18ab3145 0x7eff18ab314d
+B+: 0x7eff18ab314e 0x7eff18ab3157
+B+: 0x7eff18ab3160 0x7eff18ab3166
+B+: 0x7eff18ab31c0 0x7eff18ab31d1
+B+: 0x7eff18ab31e8 0x7eff18ab31ef
+B+: 0x7eff18ab3248 0x7eff18ab325b
+B+: 0x7eff18ab325c 0x7eff18ab3271
+B+: 0x7eff18ab37d0 0x7eff18ab37ff
+B+: 0x7eff18ab380f 0x7eff18ab3812
+B+: 0x7eff18ab3813 0x7eff18ab381c
+B+: 0x7eff18ab381d 0x7eff18ab3820
+B+: 0x7eff18ab3821 0x7eff18ab382f
+B+: 0x7eff18ab3830 0x7eff18ab383a
+B+: 0x7eff18ab384f 0x7eff18ab385a
+B+: 0x7eff18ab385f 0x7eff18ab3862
+B+: 0x7eff18ab3870 0x7eff18ab3877
+B+: 0x7eff18ab3878 0x7eff18ab388d
+B+: 0x7eff18ab4440 0x7eff18ab4464
+B+: 0x7eff18ab461e 0x7eff18ab4627
+B+: 0x7eff18ab4628 0x7eff18ab4631
+B+: 0x7eff18ab4632 0x7eff18ab4659
+B+: 0x7eff18ab46af 0x7eff18ab46bc
+B+: 0x7eff18ab46c0 0x7eff18ab46cb
+B+: 0x7eff18ab4730 0x7eff18ab473b
+B+: 0x7eff18ab4740 0x7eff18ab475e
+B+: 0x7eff18ab475f 0x7eff18ab4767
+B+: 0x7eff18ab47d2 0x7eff18ab47e3
+B+: 0x7eff18ab48a0 0x7eff18ab48a7
+B+: 0x7eff18ab5260 0x7eff18ab52a5
+B+: 0x7eff18ab52b5 0x7eff18ab52be
+B+: 0x7eff18ab52bf 0x7eff18ab52d2
+B+: 0x7eff18ab52d3 0x7eff18ab52fc
+B+: 0x7eff18ab52fd 0x7eff18ab5310
+B+: 0x7eff18ab5324 0x7eff18ab5328
+B+: 0x7eff18ab5336 0x7eff18ab533f
+B+: 0x7eff18ab5340 0x7eff18ab5344
+B+: 0x7eff18ab5370 0x7eff18ab5386
+B+: 0x7eff18ab5387 0x7eff18ab5398
+B+: 0x7eff18ab53a0 0x7eff18ab53b6
+B+: 0x7eff18ab53b7 0x7eff18ab53d7
+B+: 0x7eff18ab53dd 0x7eff18ab53ec
+B+: 0x7eff18ab5850 0x7eff18ab5886
+B+: 0x7eff18ab5887 0x7eff18ab589a
+B+: 0x7eff18ab589b 0x7eff18ab58ad
+B+: 0x7eff18ab58ae 0x7eff18ab58c4
+B+: 0x7eff18ab58c5 0x7eff18ab58d7
+B+: 0x7eff18ab58d8 0x7eff18ab58e7
+B+: 0x7eff18ab58e8 0x7eff18ab590c
+B+: 0x7eff18ab590d 0x7eff18ab5915
+B+: 0x7eff18ab5924 0x7eff18ab5933
+B+: 0x7eff18ab5934 0x7eff18ab5947
+B+: 0x7eff18ab5948 0x7eff18ab5954
+B+: 0x7eff18ab5955 0x7eff18ab595f
+B+: 0x7eff18ab5960 0x7eff18ab5964
+B+: 0x7eff18ab5a6a 0x7eff18ab5a7c
+B+: 0x7eff18ab5a7d 0x7eff18ab5a9c
+B+: 0x7eff18ab5ba0 0x7eff18ab5bad
+B+: 0x7eff18ab5bae 0x7eff18ab5be1
+B+: 0x7eff18ab5bf0 0x7eff18ab5bfb
+B+: 0x7eff18ab5db0 0x7eff18ab5dbd
+B+: 0x7eff18ab5dbe 0x7eff18ab5dca
+B+: 0x7eff18ab5dcb 0x7eff18ab5de3
+B+: 0x7eff18ab5de8 0x7eff18ab5df4
+B+: 0x7eff18ab5df8 0x7eff18ab5e04
+B+: 0x7eff18ab5e05 0x7eff18ab5e12
+B+: 0x7eff18ab5e13 0x7eff18ab5e1d
+B+: 0x7eff18ab5eb4 0x7eff18ab5ec1
+B+: 0x7eff18ab6160 0x7eff18ab6174
+B+: 0x7eff18ab6175 0x7eff18ab6187
+B+: 0x7eff18ab6188 0x7eff18ab61a2
+B+: 0x7eff18ab61a3 0x7eff18ab61ac
+B+: 0x7eff18ab61ad 0x7eff18ab61b3
+B+: 0x7eff18ab61d0 0x7eff18ab61e5
+B+: 0x7eff18ab61eb 0x7eff18ab61f3
+B+: 0x7eff18ab6205 0x7eff18ab620b
+B+: 0x7eff18ab620c 0x7eff18ab621d
+B+: 0x7eff18ab621e 0x7eff18ab6226
+B+: 0x7eff18ab6227 0x7eff18ab6230
+B+: 0x7eff18ab6231 0x7eff18ab6232
+B+: 0x7eff18ab6240 0x7eff18ab6248
+B+: 0x7eff18ab6260 0x7eff18ab6260
+B+: 0x7eff18ab6520 0x7eff18ab6534
+B+: 0x7eff18ab6572 0x7eff18ab6578
+B+: 0x7eff18ab6580 0x7eff18ab6583
+B+: 0x7eff18ab6610 0x7eff18ab6656
+B+: 0x7eff18ab665b 0x7eff18ab6686
+B+: 0x7eff18ab6687 0x7eff18ab669d
+B+: 0x7eff18ab66fc 0x7eff18ab6708
+B+: 0x7eff18ab6709 0x7eff18ab6711
+B+: 0x7eff18ab6712 0x7eff18ab672a
+B+: 0x7eff18ab672b 0x7eff18ab673c
+B+: 0x7eff18ab6740 0x7eff18ab6747
+B+: 0x7eff18ab6748 0x7eff18ab675f
+B+: 0x7eff18ab6760 0x7eff18ab6766
+B+: 0x7eff18ab6767 0x7eff18ab6780
+B+: 0x7eff18ab6790 0x7eff18ab6793
+B+: 0x7eff18ab6794 0x7eff18ab6798
+B+: 0x7eff18ab67a2 0x7eff18ab67aa
+B+: 0x7eff18ab67ab 0x7eff18ab67ae
+B+: 0x7eff18ab67af 0x7eff18ab67bd
+B+: 0x7eff18ab67cb 0x7eff18ab67d3
+B+: 0x7eff18ab6825 0x7eff18ab6841
+B+: 0x7eff18ab6842 0x7eff18ab684d
+B+: 0x7eff18ab687e 0x7eff18ab688e
+B+: 0x7eff18ab688f 0x7eff18ab68a0
+B+: 0x7eff18ab68a1 0x7eff18ab68ad
+B+: 0x7eff18ab6c10 0x7eff18ab6c30
+B+: 0x7eff18ab6c31 0x7eff18ab6c58
+B+: 0x7eff18ab6c5e 0x7eff18ab6c66
+B+: 0x7eff18ab6c67 0x7eff18ab6c6f
+B+: 0x7eff18ab6c78 0x7eff18ab6c87
+B+: 0x7eff18ab6c88 0x7eff18ab6c89
+B+: 0x7eff18ab6ca0 0x7eff18ab6caf
+B+: 0x7eff18ab6cba 0x7eff18ab6cc4
+B+: 0x7eff18ab6ce0 0x7eff18ab6ce8
+B+: 0x7eff18ab7360 0x7eff18ab736b
+B+: 0x7eff18ab7480 0x7eff18ab7480
+B+: 0x7eff18ab79c0 0x7eff18ab79db
+B+: 0x7eff18ab7a16 0x7eff18ab7a32
+B+: 0x7eff18ab7a33 0x7eff18ab7a52
+B+: 0x7eff18ab7a63 0x7eff18ab7a6a
+B+: 0x7eff18ab7a90 0x7eff18ab7aa6
+B+: 0x7eff18ab7aa7 0x7eff18ab7aae
+B+: 0x7eff18ab7aaf 0x7eff18ab7ab6
+B+: 0x7eff18ab7af6 0x7eff18ab7b01
+B+: 0x7eff18ab7b0c 0x7eff18ab7b34
+B+: 0x7eff18ab7b40 0x7eff18ab7b57
+B+: 0x7eff18ab7b58 0x7eff18ab7b5f
+B+: 0x7eff18ab7b60 0x7eff18ab7b67
+B+: 0x7eff18ab7b68 0x7eff18ab7b70
+B+: 0x7eff18ab7b71 0x7eff18ab7b7a
+B+: 0x7eff18ab7b7b 0x7eff18ab7b80
+B+: 0x7eff18ab7b97 0x7eff18ab7b9c
+B+: 0x7eff18ab7c0a 0x7eff18ab7c3d
+B+: 0x7eff18ab7c47 0x7eff18ab7c53
+B+: 0x7eff18ab7ed0 0x7eff18ab7ede
+B+: 0x7eff18ab7edf 0x7eff18ab7ee7
+B+: 0x7eff18ab7ee8 0x7eff18ab7efc
+B+: 0x7eff18ab7efd 0x7eff18ab7f02
+B+: 0x7eff18ab7f03 0x7eff18ab7f1b
+B+: 0x7eff18ab7f1c 0x7eff18ab7f21
+B+: 0x7eff18ab7f22 0x7eff18ab7f2b
+B+: 0x7eff18ab7fc0 0x7eff18ab7fc7
+B+: 0x7eff18ab7fc8 0x7eff18ab7fd0
+B+: 0x7eff18ab8760 0x7eff18ab8768
+B+: 0x7eff18ab8769 0x7eff18ab876d
+B+: 0x7eff18ab876e 0x7eff18ab8772
+B+: 0x7eff18ab8780 0x7eff18ab8788
+B+: 0x7eff18ab8789 0x7eff18ab878d
+B+: 0x7eff18ab878e 0x7eff18ab8792
+B+: 0x7eff18ab87c0 0x7eff18ab87d9
+B+: 0x7eff18ab87da 0x7eff18ab87e6
+B+: 0x7eff18ab87f7 0x7eff18ab8802
+B+: 0x7eff18ab8803 0x7eff18ab880b
+B+: 0x7eff18ab880c 0x7eff18ab8841
+B+: 0x7eff18ab8842 0x7eff18ab884b
+B+: 0x7eff18ab884c 0x7eff18ab8852
+B+: 0x7eff18ab8853 0x7eff18ab8875
+B+: 0x7eff18ab8880 0x7eff18ab888e
+B+: 0x7eff18ab88b0 0x7eff18ab88c8
+B+: 0x7eff18ab8900 0x7eff18ab8941
+B+: 0x7eff18ab8950 0x7eff18ab8966
+B+: 0x7eff18ab8967 0x7eff18ab897e
+B+: 0x7eff18ab897f 0x7eff18ab898a
+B+: 0x7eff18ab898b 0x7eff18ab89b3
+B+: 0x7eff18ab89b4 0x7eff18ab89bd
+B+: 0x7eff18ab89be 0x7eff18ab89bf
+B+: 0x7eff18ab89d0 0x7eff18ab89e8
+B+: 0x7eff18ab89e9 0x7eff18ab8a14
+B+: 0x7eff18ab8a1e 0x7eff18ab8a25
+B+: 0x7eff18ab8a26 0x7eff18ab8a33
+B+: 0x7eff18ab8a34 0x7eff18ab8a46
+B+: 0x7eff18ab8ae0 0x7eff18ab8afe
+B+: 0x7eff18ab8aff 0x7eff18ab8b0c
+B+: 0x7eff18ab8b0d 0x7eff18ab8b1b
+B+: 0x7eff18ab8b1c 0x7eff18ab8b2c
+B+: 0x7eff18ab8b40 0x7eff18ab8b62
+B+: 0x7eff18ab8b98 0x7eff18ab8ba9
+B+: 0x7eff18ab96d0 0x7eff18ab96f4
+B+: 0x7eff18ab96f5 0x7eff18ab970d
+B+: 0x7eff18ab970e 0x7eff18ab9712
+B+: 0x7eff18ab9713 0x7eff18ab971e
+B+: 0x7eff18ab971f 0x7eff18ab9723
+B+: 0x7eff18ab9724 0x7eff18ab9728
+B+: 0x7eff18ab9729 0x7eff18ab9730
+B+: 0x7eff18ab973c 0x7eff18ab9749
+B+: 0x7eff18ab974a 0x7eff18ab974d
+B+: 0x7eff18ab974e 0x7eff18ab9760
+B+: 0x7eff18ab9761 0x7eff18ab976b
+B+: 0x7eff18ab9790 0x7eff18ab979d
+B+: 0x7eff18ab979e 0x7eff18ab97a5
+B+: 0x7eff18ab97a6 0x7eff18ab97a7
+B+: 0x7eff18ab9890 0x7eff18ab989d
+B+: 0x7eff18ab989e 0x7eff18ab98a9
+B+: 0x7eff18ab98aa 0x7eff18ab98bd
+B+: 0x7eff18ab98c0 0x7eff18ab98ca
+B+: 0x7eff18ab98d0 0x7eff18ab98ef
+B+: 0x7eff18ab98f0 0x7eff18ab98f4
+B+: 0x7eff18ab98f5 0x7eff18ab990c
+B+: 0x7eff18ab990d 0x7eff18ab9910
+B+: 0x7eff18ab9911 0x7eff18ab9912
+B+: 0x7eff18ab9913 0x7eff18ab991b
+B+: 0x7eff18ab991c 0x7eff18ab9930
+B+: 0x7eff18ab9938 0x7eff18ab993c
+B+: 0x7eff18ab9980 0x7eff18ab998f
+B+: 0x7eff18ab9990 0x7eff18ab999b
+B+: 0x7eff18ab999c 0x7eff18ab99ab
+B+: 0x7eff18ab9a80 0x7eff18ab9a93
+B+: 0x7eff18ab9a94 0x7eff18ab9aac
+B+: 0x7eff18ab9aad 0x7eff18ab9abf
+B+: 0x7eff18ab9ac0 0x7eff18ab9ada
+B+: 0x7eff18ab9adb 0x7eff18ab9ae3
+B+: 0x7eff18ab9aec 0x7eff18ab9af8
+B+: 0x7eff18ab9af9 0x7eff18ab9b02
+B+: 0x7eff18ab9b03 0x7eff18ab9b06
+B+: 0x7eff18ab9b07 0x7eff18ab9b1a
+B+: 0x7eff18ab9c49 0x7eff18ab9c55
+B+: 0x7eff18ab9c56 0x7eff18ab9c67
+B+: 0x7eff18ab9c82 0x7eff18ab9c93
+B+: 0x7eff18ab9d77 0x7eff18ab9d82
+B+: 0x7eff18ab9da0 0x7eff18ab9db2
+B+: 0x7eff18ab9db3 0x7eff18ab9ddf
+B+: 0x7eff18ab9de0 0x7eff18ab9deb
+B+: 0x7eff18ab9dec 0x7eff18ab9dfc
+B+: 0x7eff18ab9dfd 0x7eff18ab9e18
+B+: 0x7eff18ab9e19 0x7eff18ab9e25
+B+: 0x7eff18ab9e26 0x7eff18ab9e2e
+B+: 0x7eff18ab9e2f 0x7eff18ab9e3f
+B+: 0x7eff18ab9e40 0x7eff18ab9e44
+B+: 0x7eff18ab9e45 0x7eff18ab9e50
+B+: 0x7eff18ab9e51 0x7eff18ab9e5d
+B+: 0x7eff18ab9e5e 0x7eff18ab9e77
+B+: 0x7eff18ab9ece 0x7eff18ab9ed2
+B+: 0x7eff18ab9ed3 0x7eff18ab9ede
+B+: 0x7eff18ab9ee0 0x7eff18ab9eec
+B+: 0x7eff18ab9f60 0x7eff18ab9f7c
+B+: 0x7eff18aba120 0x7eff18aba128
+B+: 0x7eff18aba129 0x7eff18aba147
+B+: 0x7eff18aba750 0x7eff18aba75e
+B+: 0x7eff18aba75f 0x7eff18aba763
+B+: 0x7eff18aba764 0x7eff18aba770
+B+: 0x7eff18aba771 0x7eff18aba777
+B+: 0x7eff18aba778 0x7eff18aba783
+B+: 0x7eff18aba784 0x7eff18aba788
+B+: 0x7eff18aba789 0x7eff18aba78d
+B+: 0x7eff18aba78e 0x7eff18aba796
+B+: 0x7eff18aba797 0x7eff18aba79e
+B+: 0x7eff18aba890 0x7eff18aba892
+B+: 0x7eff18aba8a7 0x7eff18aba8ab
+B+: 0x7eff18aba8ac 0x7eff18aba8b2
+B+: 0x7eff18aba8b3 0x7eff18aba8b6
+B+: 0x7eff18aba8d0 0x7eff18aba8e1
+B+: 0x7eff18aba8e2 0x7eff18aba8e6
+B+: 0x7eff18aba8e7 0x7eff18aba8eb
+B+: 0x7eff18aba8ec 0x7eff18aba8f1
+B+: 0x7eff18aba8f2 0x7eff18aba8fa
+B+: 0x7eff18aba8fb 0x7eff18aba8fc
+B+: 0x7eff18aba940 0x7eff18aba948
+B+: 0x7eff18aba949 0x7eff18aba951
+B+: 0x7eff18aba980 0x7eff18aba988
+B+: 0x7eff18aba989 0x7eff18aba98a
+B+: 0x7eff18aba98b 0x7eff18aba991
+B+: 0x7eff18aba992 0x7eff18aba9a2
+B+: 0x7eff18aba9a8 0x7eff18aba9ac
+B+: 0x7eff18aba9eb 0x7eff18abaa00
+B+: 0x7eff18abaa08 0x7eff18abaa10
+B+: 0x7eff18abaaf0 0x7eff18abab11
+B+: 0x7eff18abab12 0x7eff18abab16
+B+: 0x7eff18abab17 0x7eff18abab1d
+B+: 0x7eff18abab1e 0x7eff18abab26
+B+: 0x7eff18abab27 0x7eff18abab34
+B+: 0x7eff18abab35 0x7eff18abab3c
+B+: 0x7eff18abab3d 0x7eff18abab49
+B+: 0x7eff18abab4a 0x7eff18abab5a
+B+: 0x7eff18abab5b 0x7eff18abab63
+B+: 0x7eff18abab7f 0x7eff18abab93
+B+: 0x7eff18abab94 0x7eff18abab9c
+B+: 0x7eff18ababe0 0x7eff18ababf7
+B+: 0x7eff18ababf8 0x7eff18abac00
+B+: 0x7eff18abac1b 0x7eff18abac2b
+B+: 0x7eff18abad40 0x7eff18abad5e
+B+: 0x7eff18abad5f 0x7eff18abad6d
+B+: 0x7eff18abad6e 0x7eff18abad72
+B+: 0x7eff18abad7d 0x7eff18abad90
+B+: 0x7eff18abad91 0x7eff18abad95
+B+: 0x7eff18abad96 0x7eff18abad9a
+B+: 0x7eff18abada0 0x7eff18abada4
+B+: 0x7eff18abadd5 0x7eff18abadd9
+B+: 0x7eff18abadda 0x7eff18abadde
+B+: 0x7eff18abadf0 0x7eff18abadfb
+B+: 0x7eff18abadfc 0x7eff18abae07
+B+: 0x7eff18abae08 0x7eff18abae10
+B+: 0x7eff18abae2c 0x7eff18abae30
+B+: 0x7eff18abae31 0x7eff18abae36
+B+: 0x7eff18abae41 0x7eff18abae45
+B+: 0x7eff18abae46 0x7eff18abae54
+B+: 0x7eff18abae55 0x7eff18abae5d
+B+: 0x7eff18abae5e 0x7eff18abae62
+B+: 0x7eff18abae63 0x7eff18abae74
+B+: 0x7eff18abae78 0x7eff18abae84
+B+: 0x7eff18abaea0 0x7eff18abaea4
+B+: 0x7eff18abaef0 0x7eff18abaf03
+B+: 0x7eff18abaf40 0x7eff18abaf76
+B+: 0x7eff18abaf77 0x7eff18abaf82
+B+: 0x7eff18abaf83 0x7eff18abaf92
+B+: 0x7eff18abb01b 0x7eff18abb031
+B+: 0x7eff18abb032 0x7eff18abb040
+B+: 0x7eff18abb075 0x7eff18abb0b8
+B+: 0x7eff18abb0b9 0x7eff18abb0c3
+B+: 0x7eff18abb0c4 0x7eff18abb0cc
+B+: 0x7eff18abb0cd 0x7eff18abb0d5
+B+: 0x7eff18abb0d6 0x7eff18abb0de
+B+: 0x7eff18abb0df 0x7eff18abb106
+B+: 0x7eff18abb107 0x7eff18abb133
+B+: 0x7eff18abb578 0x7eff18abb581
+B+: 0x7eff18abb582 0x7eff18abb5a8
+B+: 0x7eff18abb5a9 0x7eff18abb5b6
+B+: 0x7eff18abb5d0 0x7eff18abb5e0
+B+: 0x7eff18abb5e1 0x7eff18abb5ee
+B+: 0x7eff18abb5ef 0x7eff18abb5f3
+B+: 0x7eff18abb670 0x7eff18abb67e
+B+: 0x7eff18abb67f 0x7eff18abb683
+B+: 0x7eff18abb684 0x7eff18abb692
+B+: 0x7eff18abb693 0x7eff18abb69a
+B+: 0x7eff18abb69b 0x7eff18abb6a2
+B+: 0x7eff18abb6a3 0x7eff18abb6b7
+B+: 0x7eff18abb790 0x7eff18abb7bc
+B+: 0x7eff18abb7bd 0x7eff18abb7d4
+B+: 0x7eff18abb7e0 0x7eff18abb83a
+B+: 0x7eff18abb83b 0x7eff18abb875
+B+: 0x7eff18abb876 0x7eff18abb893
+B+: 0x7eff18abb894 0x7eff18abb8a3
+B+: 0x7eff18abb8a4 0x7eff18abb8b0
+B+: 0x7eff18abb9b4 0x7eff18abb9b8
+B+: 0x7eff18abb9b9 0x7eff18abb9cf
+B+: 0x7eff18abb9d0 0x7eff18abb9dc
+B+: 0x7eff18abb9dd 0x7eff18abb9ef
+B+: 0x7eff18abb9f0 0x7eff18abb9f7
+B+: 0x7eff18abba01 0x7eff18abba16
+B+: 0x7eff18abba28 0x7eff18abba3d
+B+: 0x7eff18abba3e 0x7eff18abba4d
+B+: 0x7eff18abba79 0x7eff18abba97
+B+: 0x7eff18abba98 0x7eff18abbac0
+B+: 0x7eff18abbac1 0x7eff18abbacf
+B+: 0x7eff18abc148 0x7eff18abc154
+B+: 0x7eff18abc155 0x7eff18abc174
+B+: 0x7eff18abc175 0x7eff18abc17f
+B+: 0x7eff18abc1ac 0x7eff18abc1b0
+B+: 0x7eff18abc1b1 0x7eff18abc1b5
+B+: 0x7eff18abca40 0x7eff18abca64
+B+: 0x7eff18abcb10 0x7eff18abcb1a
+B+: 0x7eff18abcb40 0x7eff18abcb47
+B+: 0x7eff18abcb48 0x7eff18abcb51
+B+: 0x7eff18abcb58 0x7eff18abcb60
+B+: 0x7eff18abcb61 0x7eff18abcb6a
+B+: 0x7eff18abcb88 0x7eff18abcb8c
+B+: 0x7eff18abcb8d 0x7eff18abcb94
+B+: 0x7eff18abcba0 0x7eff18abcba4
+B+: 0x7eff18abcd00 0x7eff18abcd30
+B+: 0x7eff18abce3f 0x7eff18abce55
+B+: 0x7eff18abce56 0x7eff18abce67
+B+: 0x7eff18abd1e0 0x7eff18abd222
+B+: 0x7eff18abd223 0x7eff18abd228
+B+: 0x7eff18abd24c 0x7eff18abd260
+B+: 0x7eff18abd261 0x7eff18abd269
+B+: 0x7eff18abd270 0x7eff18abd279
+B+: 0x7eff18abd288 0x7eff18abd2a0
+B+: 0x7eff18abd2a1 0x7eff18abd2ba
+B+: 0x7eff18abd2bb 0x7eff18abd2bc
+B+: 0x7eff18abd2d0 0x7eff18abd2d8
+B+: 0x7eff18abd2f8 0x7eff18abd2f8
+B+: 0x7eff18abd300 0x7eff18abd30c
+B+: 0x7eff18abd33f 0x7eff18abd343
+B+: 0x7eff18abd380 0x7eff18abd384
+B+: 0x7eff18abd3d0 0x7eff18abd3e3
+B+: 0x7eff18abd400 0x7eff18abd400
+B+: 0x7eff18abd420 0x7eff18abd45b
+B+: 0x7eff18abd467 0x7eff18abd471
+B+: 0x7eff18abd472 0x7eff18abd489
+B+: 0x7eff18abd48a 0x7eff18abd48d
+B+: 0x7eff18abd48e 0x7eff18abd494
+B+: 0x7eff18abd495 0x7eff18abd49d
+B+: 0x7eff18abd49e 0x7eff18abd4a9
+B+: 0x7eff18abd4aa 0x7eff18abd4c2
+B+: 0x7eff18abd4c3 0x7eff18abd4ce
+B+: 0x7eff18abd4cf 0x7eff18abd4e5
+B+: 0x7eff18abd4e6 0x7eff18abd4f5
+B+: 0x7eff18abd500 0x7eff18abd50e
+B+: 0x7eff18abd50f 0x7eff18abd513
+B+: 0x7eff18abd514 0x7eff18abd51e
+B+: 0x7eff18abd540 0x7eff18abd549
+B+: 0x7eff18abd54a 0x7eff18abd54e
+B+: 0x7eff18abd54f 0x7eff18abd560
+B+: 0x7eff18abd568 0x7eff18abd577
+B+: 0x7eff18abd580 0x7eff18abd589
+B+: 0x7eff18abd5a8 0x7eff18abd5bb
+B+: 0x7eff18abd5c0 0x7eff18abd5ce
+B+: 0x7eff18abd5cf 0x7eff18abd5dc
+B+: 0x7eff18abd6f0 0x7eff18abd6fd
+B+: 0x7eff18abd7a0 0x7eff18abd7a0
+B+: 0x7eff18abd7b0 0x7eff18abd7ba
+B+: 0x7eff18abd7bb 0x7eff18abd7ce
+B+: 0x7eff18abd7cf 0x7eff18abd7d8
+B+: 0x7eff18abd7d9 0x7eff18abd7e6
+B+: 0x7eff18abd800 0x7eff18abd82d
+B+: 0x7eff18abd82e 0x7eff18abd831
+B+: 0x7eff18abd832 0x7eff18abd847
+B+: 0x7eff18abd864 0x7eff18abd86b
+B+: 0x7eff18abd86c 0x7eff18abd86f
+B+: 0x7eff18abd870 0x7eff18abd876
+B+: 0x7eff18abd877 0x7eff18abd87b
+B+: 0x7eff18abd87c 0x7eff18abd886
+B+: 0x7eff18abdae0 0x7eff18abdb01
+B+: 0x7eff18abdb02 0x7eff18abdb0a
+B+: 0x7eff18abdb0b 0x7eff18abdb14
+B+: 0x7eff18abdb15 0x7eff18abdb19
+B+: 0x7eff18abdc00 0x7eff18abdc19
+B+: 0x7eff18abdc51 0x7eff18abdc8e
+B+: 0x7eff18abdc8f 0x7eff18abdc9e
+B+: 0x7eff18abdc9f 0x7eff18abdca6
+B+: 0x7eff18abddf0 0x7eff18abddfb
+B+: 0x7eff18abde20 0x7eff18abde20
+B+: 0x7eff18abde30 0x7eff18abde38
+B+: 0x7eff18abf940 0x7eff18abf94b
+B+: 0x7eff18abf94c 0x7eff18abf957
+B+: 0x7eff18abf958 0x7eff18abf964
+B+: 0x7eff18abf965 0x7eff18abf969
+B+: 0x7eff18abf96a 0x7eff18abf96f
+B+: 0x7eff18abf970 0x7eff18abf976
+B+: 0x7eff18abf980 0x7eff18abf987
+B+: 0x7eff18abf988 0x7eff18abf98c
+B+: 0x7eff18abf98d 0x7eff18abf99b
+B+: 0x7eff18abf99c 0x7eff18abf9a0
+B+: 0x7eff18abf9a1 0x7eff18abf9a8
+B+: 0x7eff18abf9a9 0x7eff18abf9ad
+B+: 0x7eff18abf9ae 0x7eff18abf9b8
+B+: 0x7eff18abf9b9 0x7eff18abf9b9
+B+: 0x7eff18abf9c0 0x7eff18abf9c5
+B+: 0x7eff18abf9c6 0x7eff18abf9c9
+B+: 0x7eff18abf9d0 0x7eff18abf9d0
+B+: 0x7eff18abf9d1 0x7eff18abf9d5
+B+: 0x7eff18abf9d6 0x7eff18abf9d9
+B+: 0x7eff18abf9e0 0x7eff18abf9ff
+B+: 0x7eff18abfa00 0x7eff18abfa11
+B+: 0x7eff18abfa12 0x7eff18abfa16
+B+: 0x7eff18abfa20 0x7eff18abfa22
+B+: 0x7eff18abfa23 0x7eff18abfa2f
+B+: 0x7eff18abfa30 0x7eff18abfa33
+B+: 0x7eff18abfa34 0x7eff18abfa5d
+B+: 0x7eff18abfa5e 0x7eff18abfa62
+B+: 0x7eff18abfa63 0x7eff18abfa82
+B+: 0x7eff18abfac0 0x7eff18abfade
+B+: 0x7eff18abfadf 0x7eff18abfae3
+B+: 0x7eff18abfae4 0x7eff18abfae8
+B+: 0x7eff18abfaf0 0x7eff18abfaf2
+B+: 0x7eff18abfaf3 0x7eff18abfaff
+B+: 0x7eff18abfb00 0x7eff18abfb03
+B+: 0x7eff18abfb04 0x7eff18abfb3e
+B+: 0x7eff18abfb3f 0x7eff18abfb49
+B+: 0x7eff18abfb4a 0x7eff18abfb57
+B+: 0x7eff18abfb58 0x7eff18abfb5d
+B+: 0x7eff18abfb5e 0x7eff18abfb66
+B+: 0x7eff18abfb67 0x7eff18abfb70
+B+: 0x7eff18abfb71 0x7eff18abfb7a
+B+: 0x7eff18abfb7b 0x7eff18abfb9a
+B+: 0x7eff18abfb9b 0x7eff18abfba3
+B+: 0x7eff18abfba4 0x7eff18abfbbd
+B+: 0x7eff18abfbc0 0x7eff18abfbc5
+B+: 0x7eff18abfbc6 0x7eff18abfbcf
+B+: 0x7eff18abfbd0 0x7eff18abfbd9
+B+: 0x7eff18abfbda 0x7eff18abfbf7
+B+: 0x7eff18abfc08 0x7eff18abfc14
+B+: 0x7eff18abfc15 0x7eff18abfc1b
+B+: 0x7eff18abfc1c 0x7eff18abfc29
+B+: 0x7eff18abfcb0 0x7eff18abfcca
+B+: 0x7eff18abfccb 0x7eff18abfcda
+B+: 0x7eff18abfcdb 0x7eff18abfce6
+B+: 0x7eff18abfce7 0x7eff18abfcef
+B+: 0x7eff18abfcf0 0x7eff18abfcf4
+B+: 0x7eff18abfcf5 0x7eff18abfcfc
+B+: 0x7eff18abfcfd 0x7eff18abfd10
+B+: 0x7eff18abfd11 0x7eff18abfd21
+B+: 0x7eff18abfd22 0x7eff18abfd26
+B+: 0x7eff18abfd27 0x7eff18abfd38
+B+: 0x7eff18abfd39 0x7eff18abfd4b
+B+: 0x7eff18abfd4c 0x7eff18abfd54
+B+: 0x7eff18abfd55 0x7eff18abfd5e
+B+: 0x7eff18abfd5f 0x7eff18abfd6d
+B+: 0x7eff18abfea0 0x7eff18abfeb6
+B+: 0x7eff18abfeb7 0x7eff18abfebb
+B+: 0x7eff18abfebc 0x7eff18abfec0
+B+: 0x7eff18abfec8 0x7eff18abfecb
+B+: 0x7eff18abfecc 0x7eff18abfed9
+B+: 0x7eff18abfeda 0x7eff18abfedd
+B+: 0x7eff18abfede 0x7eff18abff06
+B+: 0x7eff18abff07 0x7eff18abff10
+B+: 0x7eff18abff11 0x7eff18abff16
+B+: 0x7eff18abff17 0x7eff18abff24
+B+: 0x7eff18abff25 0x7eff18abff2d
+B+: 0x7eff18ac0440 0x7eff18ac046b
+B+: 0x7eff18ac046c 0x7eff18ac0470
+B+: 0x7eff18ac0471 0x7eff18ac0475
+B+: 0x7eff18ac0536 0x7eff18ac053e
+B+: 0x7eff18ac053f 0x7eff18ac0548
+B+: 0x7eff18ac0549 0x7eff18ac0551
+B+: 0x7eff18ac05d0 0x7eff18ac05e4
+B+: 0x7eff18ac05e5 0x7eff18ac0606
+B+: 0x7eff18ac0607 0x7eff18ac0610
+B+: 0x7eff18ac0611 0x7eff18ac0618
+B+: 0x7eff18ac0640 0x7eff18ac0648
+B+: 0x7eff18ac0649 0x7eff18ac0656
+B+: 0x7eff18ac0657 0x7eff18ac065f
+B+: 0x7eff18ac0660 0x7eff18ac0661
+B+: 0x7eff18ac0760 0x7eff18ac07aa
+B+: 0x7eff18ac07ab 0x7eff18ac07af
+B+: 0x7eff18ac07b0 0x7eff18ac07be
+B+: 0x7eff18ac07c8 0x7eff18ac07d3
+B+: 0x7eff18ac07d4 0x7eff18ac07d8
+B+: 0x7eff18ac07d9 0x7eff18ac07e0
+B+: 0x7eff18ac07e1 0x7eff18ac07e5
+B+: 0x7eff18ac07e6 0x7eff18ac07f3
+B+: 0x7eff18ac07f4 0x7eff18ac07fb
+B+: 0x7eff18ac0800 0x7eff18ac0810
+B+: 0x7eff18ac0811 0x7eff18ac0815
+B+: 0x7eff18ac0816 0x7eff18ac0832
+B+: 0x7eff18ac0833 0x7eff18ac0843
+B+: 0x7eff18ac0844 0x7eff18ac084f
+B+: 0x7eff18ac0850 0x7eff18ac0857
+B+: 0x7eff18ac0858 0x7eff18ac085c
+B+: 0x7eff18ac085d 0x7eff18ac0868
+B+: 0x7eff18ac0869 0x7eff18ac087b
+B+: 0x7eff18ac087c 0x7eff18ac0884
+B+: 0x7eff18ac0888 0x7eff18ac0897
+B+: 0x7eff18ac0898 0x7eff18ac089b
+B+: 0x7eff18ac089c 0x7eff18ac08b4
+B+: 0x7eff18ac08b5 0x7eff18ac08b8
+B+: 0x7eff18ac08b9 0x7eff18ac08c6
+B+: 0x7eff18ac08c7 0x7eff18ac08d5
+B+: 0x7eff18ac0dc0 0x7eff18ac0dec
+B+: 0x7eff18ac0ded 0x7eff18ac0df2
+B+: 0x7eff18ac0df3 0x7eff18ac0e04
+B+: 0x7eff18ac0e05 0x7eff18ac0e0d
+B+: 0x7eff18ac0e0e 0x7eff18ac0e1c
+CND+ 0x7eff18aaf00e: taken
+CND+ 0x7eff18aaf5ea: not taken
+CND+ 0x7eff18aaf626: not taken
+CND+ 0x7eff18aaf63b: taken
+CND+ 0x7eff18aaf673: not taken
+CND+ 0x7eff18aaf687: not taken
+CND+ 0x7eff18aaf695: not taken
+CND+ 0x7eff18aaf7e2: taken
+CND+ 0x7eff18aaf862: not taken
+CND+ 0x7eff18aaf87c: both
+CND+ 0x7eff18aaf8a9: not taken
+CND+ 0x7eff18aafa5d: not taken
+CND+ 0x7eff18aafa62: taken
+CND+ 0x7eff18ab06e6: not taken
+CND+ 0x7eff18ab0704: taken
+CND+ 0x7eff18ab071a: not taken
+CND+ 0x7eff18ab071f: taken
+CND+ 0x7eff18ab072f: taken
+CND+ 0x7eff18ab074c: not taken
+CND+ 0x7eff18ab0756: not taken
+CND+ 0x7eff18ab078f: not taken
+CND+ 0x7eff18ab079b: taken
+CND+ 0x7eff18ab1079: taken
+CND+ 0x7eff18ab111b: not taken
+CND+ 0x7eff18ab1149: not taken
+CND+ 0x7eff18ab1158: not taken
+CND+ 0x7eff18ab1190: not taken
+CND+ 0x7eff18ab11ce: taken
+CND+ 0x7eff18ab1c20: not taken
+CND+ 0x7eff18ab1c2d: taken
+CND+ 0x7eff18ab1c48: not taken
+CND+ 0x7eff18ab1c5f: both
+CND+ 0x7eff18ab1c88: not taken
+CND+ 0x7eff18ab1ed2: taken
+CND+ 0x7eff18ab1f55: not taken
+CND+ 0x7eff18ab1f7e: not taken
+CND+ 0x7eff18ab1f8a: not taken
+CND+ 0x7eff18ab1f93: both
+CND+ 0x7eff18ab1fc4: not taken
+CND+ 0x7eff18ab1fe2: both
+CND+ 0x7eff18ab1ffb: taken
+CND+ 0x7eff18ab205a: taken
+CND+ 0x7eff18ab20af: not taken
+CND+ 0x7eff18ab20b8: taken
+CND+ 0x7eff18ab20e0: taken
+CND+ 0x7eff18ab2116: not taken
+CND+ 0x7eff18ab215a: not taken
+CND+ 0x7eff18ab2163: taken
+CND+ 0x7eff18ab221b: taken
+CND+ 0x7eff18ab224a: taken
+CND+ 0x7eff18ab227c: not taken
+CND+ 0x7eff18ab236a: taken
+CND+ 0x7eff18ab2520: not taken
+CND+ 0x7eff18ab2529: not taken
+CND+ 0x7eff18ab2532: taken
+CND+ 0x7eff18ab28eb: not taken
+CND+ 0x7eff18ab2906: both
+CND+ 0x7eff18ab293d: not taken
+CND+ 0x7eff18ab2985: both
+CND+ 0x7eff18ab29f6: taken
+CND+ 0x7eff18ab2a20: both
+CND+ 0x7eff18ab2a29: not taken
+CND+ 0x7eff18ab2a33: not taken
+CND+ 0x7eff18ab2ae4: not taken
+CND+ 0x7eff18ab2afb: taken
+CND+ 0x7eff18ab2b2a: both
+CND+ 0x7eff18ab2b30: both
+CND+ 0x7eff18ab2b40: taken
+CND+ 0x7eff18ab2b60: not taken
+CND+ 0x7eff18ab2b96: not taken
+CND+ 0x7eff18ab2be5: taken
+CND+ 0x7eff18ab2da0: not taken
+CND+ 0x7eff18ab2da9: not taken
+CND+ 0x7eff18ab2dc8: both
+CND+ 0x7eff18ab2dd0: both
+CND+ 0x7eff18ab2e2e: taken
+CND+ 0x7eff18ab2e57: not taken
+CND+ 0x7eff18ab2eac: taken
+CND+ 0x7eff18ab2ed8: taken
+CND+ 0x7eff18ab2fa3: not taken
+CND+ 0x7eff18ab2fc0: taken
+CND+ 0x7eff18ab3019: not taken
+CND+ 0x7eff18ab3065: not taken
+CND+ 0x7eff18ab306f: not taken
+CND+ 0x7eff18ab3089: both
+CND+ 0x7eff18ab309d: not taken
+CND+ 0x7eff18ab30ab: taken
+CND+ 0x7eff18ab314c: not taken
+CND+ 0x7eff18ab3156: taken
+CND+ 0x7eff18ab31cc: taken
+CND+ 0x7eff18ab31ee: taken
+CND+ 0x7eff18ab3811: both
+CND+ 0x7eff18ab381b: not taken
+CND+ 0x7eff18ab381f: not taken
+CND+ 0x7eff18ab3839: taken
+CND+ 0x7eff18ab3859: taken
+CND+ 0x7eff18ab3861: taken
+CND+ 0x7eff18ab445f: taken
+CND+ 0x7eff18ab4626: not taken
+CND+ 0x7eff18ab46ca: taken
+CND+ 0x7eff18ab4762: taken
+CND+ 0x7eff18ab52a4: taken
+CND+ 0x7eff18ab52bd: not taken
+CND+ 0x7eff18ab52cd: not taken
+CND+ 0x7eff18ab530f: taken
+CND+ 0x7eff18ab5327: taken
+CND+ 0x7eff18ab533a: not taken
+CND+ 0x7eff18ab5343: taken
+CND+ 0x7eff18ab5381: not taken
+CND+ 0x7eff18ab53d6: taken
+CND+ 0x7eff18ab53e7: taken
+CND+ 0x7eff18ab5895: not taken
+CND+ 0x7eff18ab58a8: not taken
+CND+ 0x7eff18ab58d2: not taken
+CND+ 0x7eff18ab5907: not taken
+CND+ 0x7eff18ab5942: taken
+CND+ 0x7eff18ab5953: not taken
+CND+ 0x7eff18ab5963: taken
+CND+ 0x7eff18ab5a7b: not taken
+CND+ 0x7eff18ab5dbc: both
+CND+ 0x7eff18ab5dc9: both
+CND+ 0x7eff18ab5e03: not taken
+CND+ 0x7eff18ab5e0d: not taken
+CND+ 0x7eff18ab5e18: taken
+CND+ 0x7eff18ab61a1: not taken
+CND+ 0x7eff18ab61ab: not taken
+CND+ 0x7eff18ab61e4: taken
+CND+ 0x7eff18ab61f2: taken
+CND+ 0x7eff18ab620a: not taken
+CND+ 0x7eff18ab6225: not taken
+CND+ 0x7eff18ab622f: not taken
+CND+ 0x7eff18ab6247: taken
+CND+ 0x7eff18ab6533: taken
+CND+ 0x7eff18ab6582: taken
+CND+ 0x7eff18ab6655: taken
+CND+ 0x7eff18ab6698: taken
+CND+ 0x7eff18ab6703: not taken
+CND+ 0x7eff18ab670c: taken
+CND+ 0x7eff18ab6725: not taken
+CND+ 0x7eff18ab6742: not taken
+CND+ 0x7eff18ab675a: not taken
+CND+ 0x7eff18ab6765: not taken
+CND+ 0x7eff18ab6792: not taken
+CND+ 0x7eff18ab6797: taken
+CND+ 0x7eff18ab67a9: taken
+CND+ 0x7eff18ab67ad: not taken
+CND+ 0x7eff18ab67bc: taken
+CND+ 0x7eff18ab67ce: taken
+CND+ 0x7eff18ab6848: taken
+CND+ 0x7eff18ab6889: not taken
+CND+ 0x7eff18ab689b: not taken
+CND+ 0x7eff18ab68a8: taken
+CND+ 0x7eff18ab6c2f: not taken
+CND+ 0x7eff18ab6c57: taken
+CND+ 0x7eff18ab6c65: not taken
+CND+ 0x7eff18ab6c6e: taken
+CND+ 0x7eff18ab6c86: not taken
+CND+ 0x7eff18ab6cae: taken
+CND+ 0x7eff18ab7366: taken
+CND+ 0x7eff18ab79d6: taken
+CND+ 0x7eff18ab7a31: not taken
+CND+ 0x7eff18ab7a51: taken
+CND+ 0x7eff18ab7aad: not taken
+CND+ 0x7eff18ab7ab5: taken
+CND+ 0x7eff18ab7b00: taken
+CND+ 0x7eff18ab7b5a: not taken
+CND+ 0x7eff18ab7b62: not taken
+CND+ 0x7eff18ab7b6b: not taken
+CND+ 0x7eff18ab7b75: not taken
+CND+ 0x7eff18ab7b7f: taken
+CND+ 0x7eff18ab7b9b: taken
+CND+ 0x7eff18ab7c3c: taken
+CND+ 0x7eff18ab7ed9: not taken
+CND+ 0x7eff18ab7ee6: not taken
+CND+ 0x7eff18ab7f01: not taken
+CND+ 0x7eff18ab7f1a: not taken
+CND+ 0x7eff18ab7f20: not taken
+CND+ 0x7eff18ab7f26: taken
+CND+ 0x7eff18ab876c: not taken
+CND+ 0x7eff18ab878c: not taken
+CND+ 0x7eff18ab87d8: both
+CND+ 0x7eff18ab87e1: taken
+CND+ 0x7eff18ab8806: not taken
+CND+ 0x7eff18ab8840: not taken
+CND+ 0x7eff18ab884a: not taken
+CND+ 0x7eff18ab8965: both
+CND+ 0x7eff18ab8989: not taken
+CND+ 0x7eff18ab89b2: not taken
+CND+ 0x7eff18ab89bc: not taken
+CND+ 0x7eff18ab89e3: not taken
+CND+ 0x7eff18ab8a13: taken
+CND+ 0x7eff18ab8afd: not taken
+CND+ 0x7eff18ab8b1a: not taken
+CND+ 0x7eff18ab8b61: taken
+CND+ 0x7eff18ab9711: not taken
+CND+ 0x7eff18ab971d: not taken
+CND+ 0x7eff18ab9722: not taken
+CND+ 0x7eff18ab9748: not taken
+CND+ 0x7eff18ab974c: not taken
+CND+ 0x7eff18ab975f: not taken
+CND+ 0x7eff18ab97a4: not taken
+CND+ 0x7eff18ab98f3: both
+CND+ 0x7eff18ab990f: both
+CND+ 0x7eff18ab9911: not taken
+CND+ 0x7eff18ab991a: taken
+CND+ 0x7eff18ab9a92: not taken
+CND+ 0x7eff18ab9aba: not taken
+CND+ 0x7eff18ab9ad5: both
+CND+ 0x7eff18ab9ade: taken
+CND+ 0x7eff18ab9af7: not taken
+CND+ 0x7eff18ab9b01: not taken
+CND+ 0x7eff18ab9b05: not taken
+CND+ 0x7eff18ab9b19: taken
+CND+ 0x7eff18ab9c50: not taken
+CND+ 0x7eff18ab9c62: taken
+CND+ 0x7eff18ab9db1: not taken
+CND+ 0x7eff18ab9dea: both
+CND+ 0x7eff18ab9e13: not taken
+CND+ 0x7eff18ab9e20: taken
+CND+ 0x7eff18ab9e2d: not taken
+CND+ 0x7eff18ab9e43: not taken
+CND+ 0x7eff18ab9e4f: both
+CND+ 0x7eff18ab9e58: not taken
+CND+ 0x7eff18ab9e72: taken
+CND+ 0x7eff18ab9ee7: taken
+CND+ 0x7eff18aba75d: both
+CND+ 0x7eff18aba76f: not taken
+CND+ 0x7eff18aba782: both
+CND+ 0x7eff18aba787: both
+CND+ 0x7eff18aba795: both
+CND+ 0x7eff18aba8b1: not taken
+CND+ 0x7eff18aba8dc: not taken
+CND+ 0x7eff18aba8ea: not taken
+CND+ 0x7eff18aba8ec: both
+CND+ 0x7eff18aba8f5: not taken
+CND+ 0x7eff18aba8fb: taken
+CND+ 0x7eff18aba943: not taken
+CND+ 0x7eff18aba94c: taken
+CND+ 0x7eff18aba983: not taken
+CND+ 0x7eff18aba989: both
+CND+ 0x7eff18aba990: not taken
+CND+ 0x7eff18aba9ab: taken
+CND+ 0x7eff18abaa0b: taken
+CND+ 0x7eff18abab10: both
+CND+ 0x7eff18abab1c: not taken
+CND+ 0x7eff18abab21: both
+CND+ 0x7eff18abab2f: not taken
+CND+ 0x7eff18abab37: both
+CND+ 0x7eff18abab44: both
+CND+ 0x7eff18abab5e: taken
+CND+ 0x7eff18abab92: both
+CND+ 0x7eff18abab9b: taken
+CND+ 0x7eff18ababfb: taken
+CND+ 0x7eff18abad68: both
+CND+ 0x7eff18abad71: taken
+CND+ 0x7eff18abad8b: not taken
+CND+ 0x7eff18abada3: taken
+CND+ 0x7eff18abaddd: taken
+CND+ 0x7eff18abae02: not taken
+CND+ 0x7eff18abae0b: taken
+CND+ 0x7eff18abae2f: not taken
+CND+ 0x7eff18abae35: taken
+CND+ 0x7eff18abae4f: not taken
+CND+ 0x7eff18abae58: both
+CND+ 0x7eff18abaf7d: not taken
+CND+ 0x7eff18abb02c: not taken
+CND+ 0x7eff18abb0c7: not taken
+CND+ 0x7eff18abb0d0: both
+CND+ 0x7eff18abb0d9: not taken
+CND+ 0x7eff18abb5a7: both
+CND+ 0x7eff18abb5ed: not taken
+CND+ 0x7eff18abb5f2: taken
+CND+ 0x7eff18abb682: not taken
+CND+ 0x7eff18abb6a1: not taken
+CND+ 0x7eff18abb7bb: not taken
+CND+ 0x7eff18abb835: not taken
+CND+ 0x7eff18abb870: not taken
+CND+ 0x7eff18abb88e: not taken
+CND+ 0x7eff18abb89e: not taken
+CND+ 0x7eff18abb9ca: both
+CND+ 0x7eff18abb9ea: taken
+CND+ 0x7eff18abb9f6: taken
+CND+ 0x7eff18abba15: taken
+CND+ 0x7eff18abba38: not taken
+CND+ 0x7eff18abba48: taken
+CND+ 0x7eff18abbabb: not taken
+CND+ 0x7eff18abc14f: not taken
+CND+ 0x7eff18abc16f: not taken
+CND+ 0x7eff18abc17e: taken
+CND+ 0x7eff18abca5f: taken
+CND+ 0x7eff18abcb46: not taken
+CND+ 0x7eff18abcb50: taken
+CND+ 0x7eff18abcb69: taken
+CND+ 0x7eff18abcb93: taken
+CND+ 0x7eff18abcd2b: taken
+CND+ 0x7eff18abce50: not taken
+CND+ 0x7eff18abd227: taken
+CND+ 0x7eff18abd25f: not taken
+CND+ 0x7eff18abd278: taken
+CND+ 0x7eff18abd2b9: not taken
+CND+ 0x7eff18abd2d7: taken
+CND+ 0x7eff18abd30b: taken
+CND+ 0x7eff18abd383: taken
+CND+ 0x7eff18abd3e2: taken
+CND+ 0x7eff18abd456: taken
+CND+ 0x7eff18abd488: both
+CND+ 0x7eff18abd48c: not taken
+CND+ 0x7eff18abd493: not taken
+CND+ 0x7eff18abd498: both
+CND+ 0x7eff18abd4e0: not taken
+CND+ 0x7eff18abd512: not taken
+CND+ 0x7eff18abd519: taken
+CND+ 0x7eff18abd548: not taken
+CND+ 0x7eff18abd54d: not taken
+CND+ 0x7eff18abd5c9: not taken
+CND+ 0x7eff18abd5d7: taken
+CND+ 0x7eff18abd6f8: taken
+CND+ 0x7eff18abd7b9: not taken
+CND+ 0x7eff18abd830: not taken
+CND+ 0x7eff18abd846: taken
+CND+ 0x7eff18abd86e: not taken
+CND+ 0x7eff18abdb09: not taken
+CND+ 0x7eff18abdb13: not taken
+CND+ 0x7eff18abdc18: taken
+CND+ 0x7eff18abdc9d: not taken
+CND+ 0x7eff18abddfa: taken
+CND+ 0x7eff18abf946: both
+CND+ 0x7eff18abf963: both
+CND+ 0x7eff18abf968: not taken
+CND+ 0x7eff18abf96e: not taken
+CND+ 0x7eff18abf986: not taken
+CND+ 0x7eff18abf98b: both
+CND+ 0x7eff18abf99a: both
+CND+ 0x7eff18abf99f: both
+CND+ 0x7eff18abf9ac: both
+CND+ 0x7eff18abf9b7: both
+CND+ 0x7eff18abf9c4: not taken
+CND+ 0x7eff18abfa10: not taken
+CND+ 0x7eff18abfa15: taken
+CND+ 0x7eff18abfa2e: both
+CND+ 0x7eff18abfa32: both
+CND+ 0x7eff18abfa5c: both
+CND+ 0x7eff18abfadd: not taken
+CND+ 0x7eff18abfae2: not taken
+CND+ 0x7eff18abfafe: not taken
+CND+ 0x7eff18abfb02: both
+CND+ 0x7eff18abfb48: both
+CND+ 0x7eff18abfb52: not taken
+CND+ 0x7eff18abfb5c: not taken
+CND+ 0x7eff18abfb65: both
+CND+ 0x7eff18abfb6b: taken
+CND+ 0x7eff18abfb75: not taken
+CND+ 0x7eff18abfb95: not taken
+CND+ 0x7eff18abfba2: not taken
+CND+ 0x7eff18abfbc4: not taken
+CND+ 0x7eff18abfbce: not taken
+CND+ 0x7eff18abfbf6: taken
+CND+ 0x7eff18abfc24: taken
+CND+ 0x7eff18abfce1: not taken
+CND+ 0x7eff18abfcea: not taken
+CND+ 0x7eff18abfcf3: not taken
+CND+ 0x7eff18abfd25: not taken
+CND+ 0x7eff18abfd53: not taken
+CND+ 0x7eff18abfd5d: not taken
+CND+ 0x7eff18abfeb5: not taken
+CND+ 0x7eff18abfeba: not taken
+CND+ 0x7eff18abfed8: both
+CND+ 0x7eff18abfedc: taken
+CND+ 0x7eff18abff0f: not taken
+CND+ 0x7eff18abff15: not taken
+CND+ 0x7eff18ac046f: not taken
+CND+ 0x7eff18ac053d: not taken
+CND+ 0x7eff18ac0547: not taken
+CND+ 0x7eff18ac0605: not taken
+CND+ 0x7eff18ac060f: not taken
+CND+ 0x7eff18ac0647: not taken
+CND+ 0x7eff18ac065e: not taken
+CND+ 0x7eff18ac07bd: taken
+CND+ 0x7eff18ac07d2: taken
+CND+ 0x7eff18ac07df: not taken
+CND+ 0x7eff18ac07e4: both
+CND+ 0x7eff18ac07fa: taken
+CND+ 0x7eff18ac0856: not taken
+CND+ 0x7eff18ac085b: taken
+CND+ 0x7eff18ac087a: not taken
+CND+ 0x7eff18ac089a: not taken
+CND+ 0x7eff18ac08b7: not taken
+CND+ 0x7eff18ac08c5: not taken
+CND+ 0x7eff18ac08d4: taken
+CND+ 0x7eff18ac0df1: not taken
+CND+ 0x7eff18ac0e0c: not taken
@0x7eff18aaf050 to 0x7eff1c5e8a30 4
@0x7eff18aaf080 to 0x7eff1c588330 2
@0x7eff18aaf090 to 0x7eff1c62a710 1
@0x7eff18aaf0a0 to 0x7eff1c600e70 5
@0x7eff18aaf0d0 to 0x7eff1c59ba20 7
@0x7eff18aaf0f0 to 0x7eff1c6bf800 4
@0x7eff18aaf130 to 0x7eff1c62b1e0 1
@0x7eff18aaf140 to 0x7eff1c59fc10 1
@0x7eff18aaf150 to 0x7eff1c64d800 4
@0x7eff18aaf160 to 0x7eff1c62a230 1
@0x7eff18aaf190 to 0x7eff1c6bfbc0 8
@0x7eff18aaf1c0 to 0x7eff1c62b200 1
@0x7eff18aaf1e0 to 0x7eff1c6bf5d0 1
@0x7eff18aaf220 to 0x7eff1c62b210 2
@0x7eff18aaf230 to 0x7eff1c64eb10 1
@0x7eff18ab116e to 0x7eff18ab11c0 1
@0x7eff18aaf280 to 0x7eff1c6bad10 11
@0x7eff18aaf2a0 to 0x7eff1c59b450 4
@0x7eff18ab11ac to 0x7eff18ab1e90 1
@0x7eff18aaf2d0 to 0x7eff1c6bb100 9
@0x7eff18aaf320 to 0x7eff1c59c0f0 4
@0x7eff18aaf330 to 0x7eff1c6c0100 6
@0x7eff18aaf350 to 0x7eff1c62b220 1
@0x7eff18aaf370 to 0x7eff1c64d800 2
@0x7eff18aaf390 to 0x7eff1c5e83e0 23
@0x7eff18aaf3b0 to 0x7eff1c62b230 1
@0x7eff18aaf3c0 to 0x7eff1c6bae90 22
@0x7eff18aaf3e0 to 0x7eff1c66bba0 1
@0x7eff18aaf410 to 0x7eff1c5e8c80 1
@0x7eff18aaf460 to 0x7eff1c6c00e0 13
@0x7eff18aaf510 to 0x7eff1c62b1f0 1
@0x7eff18aaf560 to 0x7eff1c62a4e0 1
@0x7eff18aaf570 to 0x7eff1c594580 191
@0x7eff18abaf91 to 0x7eff18abb075 1
@0x7eff18aaf784 to 0x7eff1c587fb0 1
@0x7eff18ac0e01 to 0x7eff18aaf840 1
@0x7eff18abd55f to 0x7eff18abd580 1
@0x7eff18abd55f to 0x7eff18abd5c0 1
@0x7eff18abd55f to 0x7eff18abd5a8 2
@0x7eff18abb8af to 0x7eff18abba01 180
@0x7eff18abb8af to 0x7eff18abb9f0 10
@0x7eff18abb8af to 0x7eff18abba28 1
@0x7eff18abfc19 to 0x7eff18ab37d0 1
@0x7eff18abfc19 to 0x7eff18aba120 1
