MODULE_NAME: /usr/bin/gs
MODULE_START: 0x7fb3bf8d6000
+B+: 0x7fb3bf8d7000 0x7fb3bf8d700f
+B+: 0x7fb3bf8d7012 0x7fb3bf8d7016
+B+: 0x7fb3bf8d7020 0x7fb3bf8d702b
+B+: 0x7fb3bf8d7030 0x7fb3bf8d7035
+B+: 0x7fb3bf8d7036 0x7fb3bf8d703f
+B+: 0x7fb3bf8d7040 0x7fb3bf8d7045
+B+: 0x7fb3bf8d7046 0x7fb3bf8d704f
+B+: 0x7fb3bf8d7050 0x7fb3bf8d7055
+B+: 0x7fb3bf8d7056 0x7fb3bf8d705f
+B+: 0x7fb3bf8d7090 0x7fb3bf8d7095
+B+: 0x7fb3bf8d7096 0x7fb3bf8d709f
+B+: 0x7fb3bf8d70b0 0x7fb3bf8d70b5
+B+: 0x7fb3bf8d70b6 0x7fb3bf8d70bf
+B+: 0x7fb3bf8d70c0 0x7fb3bf8d70c5
+B+: 0x7fb3bf8d70c6 0x7fb3bf8d70cf
+B+: 0x7fb3bf8d70d0 0x7fb3bf8d70d5
+B+: 0x7fb3bf8d70d6 0x7fb3bf8d70df
+B+: 0x7fb3bf8d70e0 0x7fb3bf8d70e5
+B+: 0x7fb3bf8d70f0 0x7fb3bf8d7121
+B+: 0x7fb3bf8d7122 0x7fb3bf8d7127
+B+: 0x7fb3bf8d7128 0x7fb3bf8d7130
+B+: 0x7fb3bf8d7131 0x7fb3bf8d7132
+B+: 0x7fb3bf8d7133 0x7fb3bf8d7137
+B+: 0x7fb3bf8d7138 0x7fb3bf8d7152
+B+: 0x7fb3bf8d7153 0x7fb3bf8d715b
+B+: 0x7fb3bf8d7184 0x7fb3bf8d71a2
+B+: 0x7fb3bf8d71a3 0x7fb3bf8d71b1
+B+: 0x7fb3bf8d71b2 0x7fb3bf8d71b7
+B+: 0x7fb3bf8d71b8 0x7fb3bf8d71c1
+B+: 0x7fb3bf8d71c2 0x7fb3bf8d71c5
+B+: 0x7fb3bf8d71c6 0x7fb3bf8d71ca
+B+: 0x7fb3bf8d71cb 0x7fb3bf8d71d6
+B+: 0x7fb3bf8d71d7 0x7fb3bf8d71db
+B+: 0x7fb3bf8d7220 0x7fb3bf8d7249
+B+: 0x7fb3bf8d7250 0x7fb3bf8d7262
+B+: 0x7fb3bf8d7278 0x7fb3bf8d7278
+B+: 0x7fb3bf8d7280 0x7fb3bf8d72a3
+B+: 0x7fb3bf8d72b8 0x7fb3bf8d72b8
+B+: 0x7fb3bf8d72c0 0x7fb3bf8d72c8
+B+: 0x7fb3bf8d72c9 0x7fb3bf8d72d6
+B+: 0x7fb3bf8d72d7 0x7fb3bf8d72e2
+B+: 0x7fb3bf8d72e3 0x7fb3bf8d72e7
+B+: 0x7fb3bf8d72e8 0x7fb3bf8d72f0
+B+: 0x7fb3bf8d7300 0x7fb3bf8d7304
+B+: 0x7fb3bf8d7350 0x7fb3bf8d7373
+B+: 0x7fb3bf8d7374 0x7fb3bf8d737c
+B+: 0x7fb3bf8d737d 0x7fb3bf8d7385
+B+: 0x7fb3bf8d73c0 0x7fb3bf8d73ec
+B+: 0x7fb3bf8d73ed 0x7fb3bf8d73f2
+B+: 0x7fb3bf8d73f3 0x7fb3bf8d7404
+B+: 0x7fb3bf8d7405 0x7fb3bf8d740d
+B+: 0x7fb3bf8d740e 0x7fb3bf8d741c
+B+: 0x7fb3bf8d7424 0x7fb3bf8d742c
+CND+ 0x7fb3bf8d700e: taken
+CND+ 0x7fb3bf8d7126: taken
+CND+ 0x7fb3bf8d712b: not taken
+CND+ 0x7fb3bf8d7131: not taken
+CND+ 0x7fb3bf8d7136: not taken
+CND+ 0x7fb3bf8d714d: not taken
+CND+ 0x7fb3bf8d71b6: not taken
+CND+ 0x7fb3bf8d71c4: not taken
+CND+ 0x7fb3bf8d71c9: not taken
+CND+ 0x7fb3bf8d7261: taken
+CND+ 0x7fb3bf8d72a2: taken
+CND+ 0x7fb3bf8d72c7: not taken
+CND+ 0x7fb3bf8d72d5: not taken
+CND+ 0x7fb3bf8d73f1: not taken
+CND+ 0x7fb3bf8d740c: not taken
@0x7fb3bf8d7026 to 0x7fb3c38c6500 7
@0x7fb3bf8d7030 to 0x7fb3bf8d7036 1
@0x7fb3bf8d7040 to 0x7fb3bf8d7046 1
@0x7fb3bf8d7050 to 0x7fb3bf8d7056 1
@0x7fb3bf8d7090 to 0x7fb3bf8d7096 1
@0x7fb3bf8d70b0 to 0x7fb3bf8d70b6 1
@0x7fb3bf8d70c0 to 0x7fb3bf8d70c6 1
@0x7fb3bf8d70d0 to 0x7fb3bf8d70d6 1
@0x7fb3bf8d70e0 to 0x7fb3c242c1c0 1
@0x7fb3bf8d7244 to 0x7fb3c2415fb0 1
@0x7fb3bf8d7401 to 0x7fb3bf8d7300 1
