MODULE_NAME: /usr/bin/gs
MODULE_START: 0x7fc292cc9000
+B+: 0x7fc292cca000 0x7fc292cca00f
+B+: 0x7fc292cca012 0x7fc292cca016
+B+: 0x7fc292cca020 0x7fc292cca02b
+B+: 0x7fc292cca030 0x7fc292cca035
+B+: 0x7fc292cca036 0x7fc292cca03f
+B+: 0x7fc292cca040 0x7fc292cca045
+B+: 0x7fc292cca046 0x7fc292cca04f
+B+: 0x7fc292cca050 0x7fc292cca055
+B+: 0x7fc292cca056 0x7fc292cca05f
+B+: 0x7fc292cca0b0 0x7fc292cca0b5
+B+: 0x7fc292cca0b6 0x7fc292cca0bf
+B+: 0x7fc292cca0c0 0x7fc292cca0c5
+B+: 0x7fc292cca0c6 0x7fc292cca0cf
+B+: 0x7fc292cca0e0 0x7fc292cca0e5
+B+: 0x7fc292cca0f0 0x7fc292cca121
+B+: 0x7fc292cca122 0x7fc292cca127
+B+: 0x7fc292cca128 0x7fc292cca130
+B+: 0x7fc292cca131 0x7fc292cca132
+B+: 0x7fc292cca133 0x7fc292cca137
+B+: 0x7fc292cca13d 0x7fc292cca152
+B+: 0x7fc292cca153 0x7fc292cca15b
+B+: 0x7fc292cca178 0x7fc292cca183
+B+: 0x7fc292cca184 0x7fc292cca1a2
+B+: 0x7fc292cca1a3 0x7fc292cca1b1
+B+: 0x7fc292cca1b2 0x7fc292cca1b7
+B+: 0x7fc292cca1b8 0x7fc292cca1c1
+B+: 0x7fc292cca1c2 0x7fc292cca1c5
+B+: 0x7fc292cca1c6 0x7fc292cca1ca
+B+: 0x7fc292cca1cb 0x7fc292cca1d6
+B+: 0x7fc292cca1d7 0x7fc292cca1db
+B+: 0x7fc292cca1dc 0x7fc292cca1e0
+B+: 0x7fc292cca213 0x7fc292cca216
+B+: 0x7fc292cca220 0x7fc292cca249
+B+: 0x7fc292cca250 0x7fc292cca262
+B+: 0x7fc292cca278 0x7fc292cca278
+B+: 0x7fc292cca280 0x7fc292cca2a3
+B+: 0x7fc292cca2b8 0x7fc292cca2b8
+B+: 0x7fc292cca2c0 0x7fc292cca2c8
+B+: 0x7fc292cca2c9 0x7fc292cca2d6
+B+: 0x7fc292cca2d7 0x7fc292cca2e2
+B+: 0x7fc292cca2e3 0x7fc292cca2e7
+B+: 0x7fc292cca2e8 0x7fc292cca2f0
+B+: 0x7fc292cca300 0x7fc292cca304
+B+: 0x7fc292cca3c0 0x7fc292cca3ec
+B+: 0x7fc292cca3ed 0x7fc292cca3f2
+B+: 0x7fc292cca3f3 0x7fc292cca404
+B+: 0x7fc292cca405 0x7fc292cca40d
+B+: 0x7fc292cca40e 0x7fc292cca41c
+B+: 0x7fc292cca424 0x7fc292cca42c
+CND+ 0x7fc292cca00e: taken
+CND+ 0x7fc292cca126: taken
+CND+ 0x7fc292cca12b: not taken
+CND+ 0x7fc292cca131: not taken
+CND+ 0x7fc292cca136: taken
+CND+ 0x7fc292cca14d: not taken
+CND+ 0x7fc292cca1b6: not taken
+CND+ 0x7fc292cca1c4: not taken
+CND+ 0x7fc292cca1c9: taken
+CND+ 0x7fc292cca1df: taken
+CND+ 0x7fc292cca261: taken
+CND+ 0x7fc292cca2a2: taken
+CND+ 0x7fc292cca2c7: not taken
+CND+ 0x7fc292cca2d5: not taken
+CND+ 0x7fc292cca3f1: not taken
+CND+ 0x7fc292cca40c: not taken
@0x7fc292cca244 to 0x7fc295808fb0 1
@0x7fc292cca401 to 0x7fc292cca300 1
@0x7fc292cca026 to 0x7fc296cb9500 5
@0x7fc292cca030 to 0x7fc292cca036 1
@0x7fc292cca040 to 0x7fc292cca046 1
@0x7fc292cca050 to 0x7fc292cca056 1
@0x7fc292cca0b0 to 0x7fc292cca0b6 1
@0x7fc292cca0c0 to 0x7fc292cca0c6 1
@0x7fc292cca0e0 to 0x7fc29581f1c0 1
