MODULE_NAME: /usr/bin/gs
MODULE_START: 0x7fd92a347000
+B+: 0x7fd92a348000 0x7fd92a34800f
+B+: 0x7fd92a348012 0x7fd92a348016
+B+: 0x7fd92a348020 0x7fd92a34802b
+B+: 0x7fd92a348030 0x7fd92a348035
+B+: 0x7fd92a348036 0x7fd92a34803f
+B+: 0x7fd92a348040 0x7fd92a348045
+B+: 0x7fd92a348046 0x7fd92a34804f
+B+: 0x7fd92a348050 0x7fd92a348055
+B+: 0x7fd92a348056 0x7fd92a34805f
+B+: 0x7fd92a348090 0x7fd92a348095
+B+: 0x7fd92a348096 0x7fd92a34809f
+B+: 0x7fd92a3480b0 0x7fd92a3480b5
+B+: 0x7fd92a3480b6 0x7fd92a3480bf
+B+: 0x7fd92a3480c0 0x7fd92a3480c5
+B+: 0x7fd92a3480c6 0x7fd92a3480cf
+B+: 0x7fd92a3480d0 0x7fd92a3480d5
+B+: 0x7fd92a3480d6 0x7fd92a3480df
+B+: 0x7fd92a3480e0 0x7fd92a3480e5
+B+: 0x7fd92a3480f0 0x7fd92a348121
+B+: 0x7fd92a348122 0x7fd92a348127
+B+: 0x7fd92a348128 0x7fd92a348130
+B+: 0x7fd92a348131 0x7fd92a348132
+B+: 0x7fd92a348133 0x7fd92a348137
+B+: 0x7fd92a348138 0x7fd92a348152
+B+: 0x7fd92a348153 0x7fd92a34815b
+B+: 0x7fd92a348184 0x7fd92a3481a2
+B+: 0x7fd92a3481a3 0x7fd92a3481b1
+B+: 0x7fd92a3481b2 0x7fd92a3481b7
+B+: 0x7fd92a3481b8 0x7fd92a3481c1
+B+: 0x7fd92a3481c2 0x7fd92a3481c5
+B+: 0x7fd92a3481c6 0x7fd92a3481ca
+B+: 0x7fd92a3481cb 0x7fd92a3481d6
+B+: 0x7fd92a3481d7 0x7fd92a3481db
+B+: 0x7fd92a348220 0x7fd92a348249
+B+: 0x7fd92a348250 0x7fd92a348262
+B+: 0x7fd92a348278 0x7fd92a348278
+B+: 0x7fd92a348280 0x7fd92a3482a3
+B+: 0x7fd92a3482b8 0x7fd92a3482b8
+B+: 0x7fd92a3482c0 0x7fd92a3482c8
+B+: 0x7fd92a3482c9 0x7fd92a3482d6
+B+: 0x7fd92a3482d7 0x7fd92a3482e2
+B+: 0x7fd92a3482e3 0x7fd92a3482e7
+B+: 0x7fd92a3482e8 0x7fd92a3482f0
+B+: 0x7fd92a348300 0x7fd92a348304
+B+: 0x7fd92a348350 0x7fd92a348373
+B+: 0x7fd92a348374 0x7fd92a34837c
+B+: 0x7fd92a34837d 0x7fd92a348385
+B+: 0x7fd92a3483c0 0x7fd92a3483ec
+B+: 0x7fd92a3483ed 0x7fd92a3483f2
+B+: 0x7fd92a3483f3 0x7fd92a348404
+B+: 0x7fd92a348405 0x7fd92a34840d
+B+: 0x7fd92a34840e 0x7fd92a34841c
+B+: 0x7fd92a348424 0x7fd92a34842c
+CND+ 0x7fd92a34800e: taken
+CND+ 0x7fd92a348126: taken
+CND+ 0x7fd92a34812b: not taken
+CND+ 0x7fd92a348131: not taken
+CND+ 0x7fd92a348136: not taken
+CND+ 0x7fd92a34814d: not taken
+CND+ 0x7fd92a3481b6: not taken
+CND+ 0x7fd92a3481c4: not taken
+CND+ 0x7fd92a3481c9: not taken
+CND+ 0x7fd92a348261: taken
+CND+ 0x7fd92a3482a2: taken
+CND+ 0x7fd92a3482c7: not taken
+CND+ 0x7fd92a3482d5: not taken
+CND+ 0x7fd92a3483f1: not taken
+CND+ 0x7fd92a34840c: not taken
@0x7fd92a348401 to 0x7fd92a348300 1
@0x7fd92a348026 to 0x7fd92e337500 7
@0x7fd92a348030 to 0x7fd92a348036 1
@0x7fd92a348040 to 0x7fd92a348046 1
@0x7fd92a348050 to 0x7fd92a348056 1
@0x7fd92a348090 to 0x7fd92a348096 1
@0x7fd92a3480b0 to 0x7fd92a3480b6 1
@0x7fd92a3480c0 to 0x7fd92a3480c6 1
@0x7fd92a3480d0 to 0x7fd92a3480d6 1
@0x7fd92a3480e0 to 0x7fd92ce9d1c0 1
@0x7fd92a348244 to 0x7fd92ce86fb0 1
