MODULE_NAME: /usr/bin/gs
MODULE_START: 0x7efd8010c000
+B+: 0x7efd8010d000 0x7efd8010d00f
+B+: 0x7efd8010d012 0x7efd8010d016
+B+: 0x7efd8010d020 0x7efd8010d02b
+B+: 0x7efd8010d030 0x7efd8010d035
+B+: 0x7efd8010d036 0x7efd8010d03f
+B+: 0x7efd8010d040 0x7efd8010d045
+B+: 0x7efd8010d046 0x7efd8010d04f
+B+: 0x7efd8010d050 0x7efd8010d055
+B+: 0x7efd8010d056 0x7efd8010d05f
+B+: 0x7efd8010d0b0 0x7efd8010d0b5
+B+: 0x7efd8010d0b6 0x7efd8010d0bf
+B+: 0x7efd8010d0c0 0x7efd8010d0c5
+B+: 0x7efd8010d0c6 0x7efd8010d0cf
+B+: 0x7efd8010d0e0 0x7efd8010d0e5
+B+: 0x7efd8010d0f0 0x7efd8010d121
+B+: 0x7efd8010d122 0x7efd8010d127
+B+: 0x7efd8010d128 0x7efd8010d130
+B+: 0x7efd8010d131 0x7efd8010d132
+B+: 0x7efd8010d133 0x7efd8010d137
+B+: 0x7efd8010d13d 0x7efd8010d152
+B+: 0x7efd8010d153 0x7efd8010d15b
+B+: 0x7efd8010d178 0x7efd8010d183
+B+: 0x7efd8010d184 0x7efd8010d1a2
+B+: 0x7efd8010d1a3 0x7efd8010d1b1
+B+: 0x7efd8010d1b2 0x7efd8010d1b7
+B+: 0x7efd8010d1b8 0x7efd8010d1c1
+B+: 0x7efd8010d1c2 0x7efd8010d1c5
+B+: 0x7efd8010d1c6 0x7efd8010d1ca
+B+: 0x7efd8010d1cb 0x7efd8010d1d6
+B+: 0x7efd8010d1d7 0x7efd8010d1db
+B+: 0x7efd8010d1dc 0x7efd8010d1e0
+B+: 0x7efd8010d213 0x7efd8010d216
+B+: 0x7efd8010d220 0x7efd8010d249
+B+: 0x7efd8010d250 0x7efd8010d262
+B+: 0x7efd8010d278 0x7efd8010d278
+B+: 0x7efd8010d280 0x7efd8010d2a3
+B+: 0x7efd8010d2b8 0x7efd8010d2b8
+B+: 0x7efd8010d2c0 0x7efd8010d2c8
+B+: 0x7efd8010d2c9 0x7efd8010d2d6
+B+: 0x7efd8010d2d7 0x7efd8010d2e2
+B+: 0x7efd8010d2e3 0x7efd8010d2e7
+B+: 0x7efd8010d2e8 0x7efd8010d2f0
+B+: 0x7efd8010d300 0x7efd8010d304
+B+: 0x7efd8010d3c0 0x7efd8010d3ec
+B+: 0x7efd8010d3ed 0x7efd8010d3f2
+B+: 0x7efd8010d3f3 0x7efd8010d404
+B+: 0x7efd8010d405 0x7efd8010d40d
+B+: 0x7efd8010d40e 0x7efd8010d41c
+B+: 0x7efd8010d424 0x7efd8010d42c
+CND+ 0x7efd8010d00e: taken
+CND+ 0x7efd8010d126: taken
+CND+ 0x7efd8010d12b: not taken
+CND+ 0x7efd8010d131: not taken
+CND+ 0x7efd8010d136: taken
+CND+ 0x7efd8010d14d: not taken
+CND+ 0x7efd8010d1b6: not taken
+CND+ 0x7efd8010d1c4: not taken
+CND+ 0x7efd8010d1c9: taken
+CND+ 0x7efd8010d1df: taken
+CND+ 0x7efd8010d261: taken
+CND+ 0x7efd8010d2a2: taken
+CND+ 0x7efd8010d2c7: not taken
+CND+ 0x7efd8010d2d5: not taken
+CND+ 0x7efd8010d3f1: not taken
+CND+ 0x7efd8010d40c: not taken
@0x7efd8010d026 to 0x7efd840fc500 5
@0x7efd8010d030 to 0x7efd8010d036 1
@0x7efd8010d040 to 0x7efd8010d046 1
@0x7efd8010d050 to 0x7efd8010d056 1
@0x7efd8010d0b0 to 0x7efd8010d0b6 1
@0x7efd8010d0c0 to 0x7efd8010d0c6 1
@0x7efd8010d0e0 to 0x7efd82c621c0 1
@0x7efd8010d244 to 0x7efd82c4bfb0 1
@0x7efd8010d401 to 0x7efd8010d300 1
