MODULE_NAME: /usr/bin/gs
MODULE_START: 0x7f2102ad3000
+B+: 0x7f2102ad4000 0x7f2102ad400f
+B+: 0x7f2102ad4012 0x7f2102ad4016
+B+: 0x7f2102ad4020 0x7f2102ad402b
+B+: 0x7f2102ad4030 0x7f2102ad4035
+B+: 0x7f2102ad4036 0x7f2102ad403f
+B+: 0x7f2102ad4040 0x7f2102ad4045
+B+: 0x7f2102ad4046 0x7f2102ad404f
+B+: 0x7f2102ad4050 0x7f2102ad4055
+B+: 0x7f2102ad4056 0x7f2102ad405f
+B+: 0x7f2102ad40b0 0x7f2102ad40b5
+B+: 0x7f2102ad40b6 0x7f2102ad40bf
+B+: 0x7f2102ad40c0 0x7f2102ad40c5
+B+: 0x7f2102ad40c6 0x7f2102ad40cf
+B+: 0x7f2102ad40e0 0x7f2102ad40e5
+B+: 0x7f2102ad40f0 0x7f2102ad4121
+B+: 0x7f2102ad4122 0x7f2102ad4127
+B+: 0x7f2102ad4128 0x7f2102ad4130
+B+: 0x7f2102ad4131 0x7f2102ad4132
+B+: 0x7f2102ad4133 0x7f2102ad4137
+B+: 0x7f2102ad413d 0x7f2102ad4152
+B+: 0x7f2102ad4153 0x7f2102ad415b
+B+: 0x7f2102ad4178 0x7f2102ad4183
+B+: 0x7f2102ad4184 0x7f2102ad41a2
+B+: 0x7f2102ad41a3 0x7f2102ad41b1
+B+: 0x7f2102ad41b2 0x7f2102ad41b7
+B+: 0x7f2102ad41b8 0x7f2102ad41c1
+B+: 0x7f2102ad41c2 0x7f2102ad41c5
+B+: 0x7f2102ad41c6 0x7f2102ad41ca
+B+: 0x7f2102ad41cb 0x7f2102ad41d6
+B+: 0x7f2102ad41d7 0x7f2102ad41db
+B+: 0x7f2102ad41dc 0x7f2102ad41e0
+B+: 0x7f2102ad4213 0x7f2102ad4216
+B+: 0x7f2102ad4220 0x7f2102ad4249
+B+: 0x7f2102ad4250 0x7f2102ad4262
+B+: 0x7f2102ad4278 0x7f2102ad4278
+B+: 0x7f2102ad4280 0x7f2102ad42a3
+B+: 0x7f2102ad42b8 0x7f2102ad42b8
+B+: 0x7f2102ad42c0 0x7f2102ad42c8
+B+: 0x7f2102ad42c9 0x7f2102ad42d6
+B+: 0x7f2102ad42d7 0x7f2102ad42e2
+B+: 0x7f2102ad42e3 0x7f2102ad42e7
+B+: 0x7f2102ad42e8 0x7f2102ad42f0
+B+: 0x7f2102ad4300 0x7f2102ad4304
+B+: 0x7f2102ad43c0 0x7f2102ad43ec
+B+: 0x7f2102ad43ed 0x7f2102ad43f2
+B+: 0x7f2102ad43f3 0x7f2102ad4404
+B+: 0x7f2102ad4405 0x7f2102ad440d
+B+: 0x7f2102ad440e 0x7f2102ad441c
+B+: 0x7f2102ad4424 0x7f2102ad442c
+CND+ 0x7f2102ad400e: taken
+CND+ 0x7f2102ad4126: taken
+CND+ 0x7f2102ad412b: not taken
+CND+ 0x7f2102ad4131: not taken
+CND+ 0x7f2102ad4136: taken
+CND+ 0x7f2102ad414d: not taken
+CND+ 0x7f2102ad41b6: not taken
+CND+ 0x7f2102ad41c4: not taken
+CND+ 0x7f2102ad41c9: taken
+CND+ 0x7f2102ad41df: taken
+CND+ 0x7f2102ad4261: taken
+CND+ 0x7f2102ad42a2: taken
+CND+ 0x7f2102ad42c7: not taken
+CND+ 0x7f2102ad42d5: not taken
+CND+ 0x7f2102ad43f1: not taken
+CND+ 0x7f2102ad440c: not taken
@0x7f2102ad4026 to 0x7f2106ac3500 5
@0x7f2102ad4030 to 0x7f2102ad4036 1
@0x7f2102ad4040 to 0x7f2102ad4046 1
@0x7f2102ad4050 to 0x7f2102ad4056 1
@0x7f2102ad40b0 to 0x7f2102ad40b6 1
@0x7f2102ad40c0 to 0x7f2102ad40c6 1
@0x7f2102ad40e0 to 0x7f21056291c0 1
@0x7f2102ad4244 to 0x7f2105612fb0 1
@0x7f2102ad4401 to 0x7f2102ad4300 1
