MODULE_NAME: /bin/dash
MODULE_START: 0x7f340f742000
+B+: 0x7f340f746000 0x7f340f74600f
+B+: 0x7f340f746012 0x7f340f746016
+B+: 0x7f340f746050 0x7f340f746055
+B+: 0x7f340f746080 0x7f340f746085
+B+: 0x7f340f746090 0x7f340f746095
+B+: 0x7f340f7460a0 0x7f340f7460a5
+B+: 0x7f340f7460d0 0x7f340f7460d5
+B+: 0x7f340f7460f0 0x7f340f7460f5
+B+: 0x7f340f746130 0x7f340f746135
+B+: 0x7f340f746140 0x7f340f746145
+B+: 0x7f340f746150 0x7f340f746155
+B+: 0x7f340f746160 0x7f340f746165
+B+: 0x7f340f746190 0x7f340f746195
+B+: 0x7f340f7461c0 0x7f340f7461c5
+B+: 0x7f340f7461e0 0x7f340f7461e5
+B+: 0x7f340f746220 0x7f340f746225
+B+: 0x7f340f746230 0x7f340f746235
+B+: 0x7f340f746280 0x7f340f746285
+B+: 0x7f340f7462a0 0x7f340f7462a5
+B+: 0x7f340f7462d0 0x7f340f7462d5
+B+: 0x7f340f746320 0x7f340f746325
+B+: 0x7f340f746330 0x7f340f746335
+B+: 0x7f340f746350 0x7f340f746355
+B+: 0x7f340f746370 0x7f340f746375
+B+: 0x7f340f746390 0x7f340f746395
+B+: 0x7f340f7463b0 0x7f340f7463b5
+B+: 0x7f340f7463c0 0x7f340f7463c5
+B+: 0x7f340f7463e0 0x7f340f7463e5
+B+: 0x7f340f746410 0x7f340f746415
+B+: 0x7f340f746460 0x7f340f746465
+B+: 0x7f340f746510 0x7f340f746515
+B+: 0x7f340f746560 0x7f340f746565
+B+: 0x7f340f746570 0x7f340f746575
+B+: 0x7f340f746590 0x7f340f7465b8
+B+: 0x7f340f7465b9 0x7f340f7465c4
+B+: 0x7f340f7465c5 0x7f340f7465cf
+B+: 0x7f340f7465d0 0x7f340f7465e7
+B+: 0x7f340f7465e8 0x7f340f7465ef
+B+: 0x7f340f7465f0 0x7f340f746600
+B+: 0x7f340f746601 0x7f340f74660b
+B+: 0x7f340f74660c 0x7f340f746615
+B+: 0x7f340f746616 0x7f340f746623
+B+: 0x7f340f746624 0x7f340f74662b
+B+: 0x7f340f74662c 0x7f340f74663c
+B+: 0x7f340f746657 0x7f340f746660
+B+: 0x7f340f746661 0x7f340f746678
+B+: 0x7f340f746679 0x7f340f74667f
+B+: 0x7f340f746680 0x7f340f74668c
+B+: 0x7f340f74668d 0x7f340f746696
+B+: 0x7f340f746697 0x7f340f74669b
+B+: 0x7f340f746760 0x7f340f746789
+B+: 0x7f340f7467c0 0x7f340f7467e3
+B+: 0x7f340f7467f8 0x7f340f7467f8
+B+: 0x7f340f746840 0x7f340f746844
+B+: 0x7f340f746850 0x7f340f746863
+B+: 0x7f340f746864 0x7f340f74686f
+B+: 0x7f340f746870 0x7f340f74687d
+B+: 0x7f340f74687e 0x7f340f7468aa
+B+: 0x7f340f7468ab 0x7f340f7468ac
+B+: 0x7f340f7468cb 0x7f340f7468d2
+B+: 0x7f340f746a50 0x7f340f746a57
+B+: 0x7f340f746a58 0x7f340f746a5e
+B+: 0x7f340f746a5f 0x7f340f746a63
+B+: 0x7f340f746a71 0x7f340f746a72
+B+: 0x7f340f7476d0 0x7f340f7476eb
+B+: 0x7f340f7476ec 0x7f340f747705
+B+: 0x7f340f747717 0x7f340f74771b
+B+: 0x7f340f74771c 0x7f340f747720
+B+: 0x7f340f74772c 0x7f340f747730
+B+: 0x7f340f74773e 0x7f340f74774d
+B+: 0x7f340f74774e 0x7f340f747757
+B+: 0x7f340f747758 0x7f340f747775
+B+: 0x7f340f747780 0x7f340f747788
+B+: 0x7f340f747789 0x7f340f747790
+B+: 0x7f340f747791 0x7f340f74779c
+B+: 0x7f340f748060 0x7f340f74807e
+B+: 0x7f340f74810d 0x7f340f74811c
+B+: 0x7f340f74811d 0x7f340f748123
+B+: 0x7f340f748140 0x7f340f74814a
+B+: 0x7f340f74814b 0x7f340f748152
+B+: 0x7f340f748153 0x7f340f74815d
+B+: 0x7f340f74815e 0x7f340f74816f
+B+: 0x7f340f748188 0x7f340f74818c
+B+: 0x7f340f74818d 0x7f340f748191
+B+: 0x7f340f748192 0x7f340f74819c
+B+: 0x7f340f7481a7 0x7f340f7481ad
+B+: 0x7f340f7481ae 0x7f340f7481b5
+B+: 0x7f340f7481c0 0x7f340f7481cf
+B+: 0x7f340f748bc0 0x7f340f748bfa
+B+: 0x7f340f748bfb 0x7f340f748c07
+B+: 0x7f340f748c08 0x7f340f748c0f
+B+: 0x7f340f748c10 0x7f340f748c11
+B+: 0x7f340f748c18 0x7f340f748c21
+B+: 0x7f340f748c22 0x7f340f748c2e
+B+: 0x7f340f748c32 0x7f340f748c39
+B+: 0x7f340f748c3a 0x7f340f748c49
+B+: 0x7f340f748c4a 0x7f340f748c51
+B+: 0x7f340f748c52 0x7f340f748c58
+B+: 0x7f340f748c59 0x7f340f748c60
+B+: 0x7f340f748c61 0x7f340f748c68
+B+: 0x7f340f748c69 0x7f340f748c6d
+B+: 0x7f340f748c6e 0x7f340f748c77
+B+: 0x7f340f748c78 0x7f340f748c89
+B+: 0x7f340f748c8a 0x7f340f748c98
+B+: 0x7f340f748e90 0x7f340f748ed3
+B+: 0x7f340f748edf 0x7f340f748ef5
+B+: 0x7f340f748ef6 0x7f340f748efa
+B+: 0x7f340f748efb 0x7f340f748f5a
+B+: 0x7f340f748f5b 0x7f340f748f67
+B+: 0x7f340f748f68 0x7f340f748f77
+B+: 0x7f340f748f78 0x7f340f748f7f
+B+: 0x7f340f748f80 0x7f340f748f8b
+B+: 0x7f340f748f8c 0x7f340f748f94
+B+: 0x7f340f748f95 0x7f340f748f9b
+B+: 0x7f340f748fa0 0x7f340f748faf
+B+: 0x7f340f748fb0 0x7f340f748fc5
+B+: 0x7f340f748fc6 0x7f340f748fcf
+B+: 0x7f340f748fd0 0x7f340f748fe3
+B+: 0x7f340f748fe4 0x7f340f748ffc
+B+: 0x7f340f749019 0x7f340f74902b
+B+: 0x7f340f74902c 0x7f340f749034
+B+: 0x7f340f749035 0x7f340f749047
+B+: 0x7f340f749048 0x7f340f74905b
+B+: 0x7f340f7490a8 0x7f340f7490b4
+B+: 0x7f340f7490b5 0x7f340f7490b9
+B+: 0x7f340f7490db 0x7f340f7490e1
+B+: 0x7f340f7490f0 0x7f340f749103
+B+: 0x7f340f749104 0x7f340f749113
+B+: 0x7f340f749114 0x7f340f74911b
+B+: 0x7f340f74911c 0x7f340f749122
+B+: 0x7f340f749123 0x7f340f749152
+B+: 0x7f340f749153 0x7f340f74915f
+B+: 0x7f340f749160 0x7f340f749168
+B+: 0x7f340f749216 0x7f340f74921c
+B+: 0x7f340f749224 0x7f340f74922d
+B+: 0x7f340f74922e 0x7f340f749237
+B+: 0x7f340f749238 0x7f340f749241
+B+: 0x7f340f749242 0x7f340f74924b
+B+: 0x7f340f74925d 0x7f340f749266
+B+: 0x7f340f749267 0x7f340f749281
+B+: 0x7f340f749282 0x7f340f749293
+B+: 0x7f340f74934c 0x7f340f749353
+B+: 0x7f340f749354 0x7f340f74936f
+B+: 0x7f340f74951b 0x7f340f749525
+B+: 0x7f340f749526 0x7f340f74952e
+B+: 0x7f340f74952f 0x7f340f749537
+B+: 0x7f340f7498d0 0x7f340f7498ec
+B+: 0x7f340f7498ed 0x7f340f7498f1
+B+: 0x7f340f7498f8 0x7f340f7498fa
+B+: 0x7f340f7498fb 0x7f340f749907
+B+: 0x7f340f749908 0x7f340f74993e
+B+: 0x7f340f74993f 0x7f340f749940
+B+: 0x7f340f749963 0x7f340f749977
+B+: 0x7f340f749980 0x7f340f749986
+B+: 0x7f340f749987 0x7f340f74998e
+B+: 0x7f340f74998f 0x7f340f749997
+B+: 0x7f340f749998 0x7f340f7499ba
+B+: 0x7f340f7499bb 0x7f340f7499bc
+B+: 0x7f340f7499c0 0x7f340f7499e7
+B+: 0x7f340f7499e8 0x7f340f7499f7
+B+: 0x7f340f749a19 0x7f340f749a21
+B+: 0x7f340f749a22 0x7f340f749a2a
+B+: 0x7f340f749a2b 0x7f340f749a34
+B+: 0x7f340f749a35 0x7f340f749a3f
+B+: 0x7f340f749ad0 0x7f340f749ae9
+B+: 0x7f340f749aea 0x7f340f749b00
+B+: 0x7f340f749b10 0x7f340f749b1f
+B+: 0x7f340f749b20 0x7f340f749b2b
+B+: 0x7f340f749b2c 0x7f340f749b31
+B+: 0x7f340f749b32 0x7f340f749b41
+B+: 0x7f340f749b56 0x7f340f749b61
+B+: 0x7f340f749b62 0x7f340f749b6f
+B+: 0x7f340f749b70 0x7f340f749b85
+B+: 0x7f340f749b86 0x7f340f749b97
+B+: 0x7f340f749b98 0x7f340f749bc0
+B+: 0x7f340f749bc8 0x7f340f749bcc
+B+: 0x7f340f749bcd 0x7f340f749bea
+B+: 0x7f340f749d70 0x7f340f749d98
+B+: 0x7f340f749da0 0x7f340f749da1
+B+: 0x7f340f749da2 0x7f340f749daa
+B+: 0x7f340f749dab 0x7f340f749dc5
+B+: 0x7f340f749dc6 0x7f340f749dc9
+B+: 0x7f340f749dca 0x7f340f749dd1
+B+: 0x7f340f749dd2 0x7f340f749de6
+B+: 0x7f340f749df0 0x7f340f749e2a
+B+: 0x7f340f749e2b 0x7f340f749e2f
+B+: 0x7f340f749e46 0x7f340f749e5c
+B+: 0x7f340f749e5d 0x7f340f749e6e
+B+: 0x7f340f749e90 0x7f340f749ead
+B+: 0x7f340f749ec8 0x7f340f749ed1
+B+: 0x7f340f749ed2 0x7f340f749edd
+B+: 0x7f340f749f6c 0x7f340f749f8f
+B+: 0x7f340f749f90 0x7f340f749f9c
+B+: 0x7f340f749f9d 0x7f340f749fa8
+B+: 0x7f340f749fa9 0x7f340f749fb0
+B+: 0x7f340f749fb1 0x7f340f749fc5
+B+: 0x7f340f74a008 0x7f340f74a012
+B+: 0x7f340f74a013 0x7f340f74a01e
+B+: 0x7f340f74a01f 0x7f340f74a02e
+B+: 0x7f340f74a060 0x7f340f74a066
+B+: 0x7f340f74a067 0x7f340f74a074
+B+: 0x7f340f74a075 0x7f340f74a086
+B+: 0x7f340f74a087 0x7f340f74a08e
+B+: 0x7f340f74a08f 0x7f340f74a0a2
+B+: 0x7f340f74a0a3 0x7f340f74a0b0
+B+: 0x7f340f74a100 0x7f340f74a116
+B+: 0x7f340f74a145 0x7f340f74a14d
+B+: 0x7f340f74a14e 0x7f340f74a157
+B+: 0x7f340f74a160 0x7f340f74a166
+B+: 0x7f340f74a1c0 0x7f340f74a1d1
+B+: 0x7f340f74a1e8 0x7f340f74a1ef
+B+: 0x7f340f74a248 0x7f340f74a25b
+B+: 0x7f340f74a25c 0x7f340f74a271
+B+: 0x7f340f74a7d0 0x7f340f74a7ff
+B+: 0x7f340f74a80f 0x7f340f74a812
+B+: 0x7f340f74a813 0x7f340f74a81c
+B+: 0x7f340f74a81d 0x7f340f74a820
+B+: 0x7f340f74a821 0x7f340f74a82f
+B+: 0x7f340f74a830 0x7f340f74a83a
+B+: 0x7f340f74a84f 0x7f340f74a85a
+B+: 0x7f340f74a85f 0x7f340f74a862
+B+: 0x7f340f74a870 0x7f340f74a877
+B+: 0x7f340f74a878 0x7f340f74a88d
+B+: 0x7f340f74b440 0x7f340f74b464
+B+: 0x7f340f74b61e 0x7f340f74b627
+B+: 0x7f340f74b628 0x7f340f74b631
+B+: 0x7f340f74b632 0x7f340f74b659
+B+: 0x7f340f74b6af 0x7f340f74b6bc
+B+: 0x7f340f74b6c0 0x7f340f74b6cb
+B+: 0x7f340f74b730 0x7f340f74b73b
+B+: 0x7f340f74b740 0x7f340f74b75e
+B+: 0x7f340f74b75f 0x7f340f74b767
+B+: 0x7f340f74b7d2 0x7f340f74b7e3
+B+: 0x7f340f74b8a0 0x7f340f74b8a7
+B+: 0x7f340f74c260 0x7f340f74c2a5
+B+: 0x7f340f74c2b5 0x7f340f74c2be
+B+: 0x7f340f74c2bf 0x7f340f74c2d2
+B+: 0x7f340f74c2d3 0x7f340f74c2fc
+B+: 0x7f340f74c2fd 0x7f340f74c310
+B+: 0x7f340f74c324 0x7f340f74c328
+B+: 0x7f340f74c336 0x7f340f74c33f
+B+: 0x7f340f74c340 0x7f340f74c344
+B+: 0x7f340f74c370 0x7f340f74c386
+B+: 0x7f340f74c387 0x7f340f74c398
+B+: 0x7f340f74c3a0 0x7f340f74c3b6
+B+: 0x7f340f74c3b7 0x7f340f74c3d7
+B+: 0x7f340f74c3dd 0x7f340f74c3ec
+B+: 0x7f340f74c850 0x7f340f74c886
+B+: 0x7f340f74c887 0x7f340f74c89a
+B+: 0x7f340f74c89b 0x7f340f74c8ad
+B+: 0x7f340f74c8ae 0x7f340f74c8c4
+B+: 0x7f340f74c8c5 0x7f340f74c8d7
+B+: 0x7f340f74c8d8 0x7f340f74c8e7
+B+: 0x7f340f74c8e8 0x7f340f74c90c
+B+: 0x7f340f74c90d 0x7f340f74c915
+B+: 0x7f340f74c924 0x7f340f74c933
+B+: 0x7f340f74c934 0x7f340f74c947
+B+: 0x7f340f74c948 0x7f340f74c954
+B+: 0x7f340f74c955 0x7f340f74c95f
+B+: 0x7f340f74c960 0x7f340f74c964
+B+: 0x7f340f74ca6a 0x7f340f74ca7c
+B+: 0x7f340f74ca7d 0x7f340f74ca9c
+B+: 0x7f340f74cba0 0x7f340f74cbad
+B+: 0x7f340f74cbae 0x7f340f74cbe1
+B+: 0x7f340f74cbf0 0x7f340f74cbfb
+B+: 0x7f340f74cdb0 0x7f340f74cdbd
+B+: 0x7f340f74cdbe 0x7f340f74cdca
+B+: 0x7f340f74cdcb 0x7f340f74cde3
+B+: 0x7f340f74cde8 0x7f340f74cdf4
+B+: 0x7f340f74cdf8 0x7f340f74ce04
+B+: 0x7f340f74ce05 0x7f340f74ce12
+B+: 0x7f340f74ce13 0x7f340f74ce1d
+B+: 0x7f340f74ceb4 0x7f340f74cec1
+B+: 0x7f340f74d160 0x7f340f74d174
+B+: 0x7f340f74d175 0x7f340f74d187
+B+: 0x7f340f74d188 0x7f340f74d1a2
+B+: 0x7f340f74d1a3 0x7f340f74d1ac
+B+: 0x7f340f74d1ad 0x7f340f74d1b3
+B+: 0x7f340f74d1d0 0x7f340f74d1e5
+B+: 0x7f340f74d1eb 0x7f340f74d1f3
+B+: 0x7f340f74d205 0x7f340f74d20b
+B+: 0x7f340f74d20c 0x7f340f74d21d
+B+: 0x7f340f74d21e 0x7f340f74d226
+B+: 0x7f340f74d227 0x7f340f74d230
+B+: 0x7f340f74d231 0x7f340f74d232
+B+: 0x7f340f74d240 0x7f340f74d248
+B+: 0x7f340f74d260 0x7f340f74d260
+B+: 0x7f340f74d520 0x7f340f74d534
+B+: 0x7f340f74d572 0x7f340f74d578
+B+: 0x7f340f74d580 0x7f340f74d583
+B+: 0x7f340f74d610 0x7f340f74d656
+B+: 0x7f340f74d65b 0x7f340f74d686
+B+: 0x7f340f74d687 0x7f340f74d69d
+B+: 0x7f340f74d6fc 0x7f340f74d708
+B+: 0x7f340f74d709 0x7f340f74d711
+B+: 0x7f340f74d712 0x7f340f74d72a
+B+: 0x7f340f74d72b 0x7f340f74d73c
+B+: 0x7f340f74d740 0x7f340f74d747
+B+: 0x7f340f74d748 0x7f340f74d75f
+B+: 0x7f340f74d760 0x7f340f74d766
+B+: 0x7f340f74d767 0x7f340f74d780
+B+: 0x7f340f74d790 0x7f340f74d793
+B+: 0x7f340f74d794 0x7f340f74d798
+B+: 0x7f340f74d7a2 0x7f340f74d7aa
+B+: 0x7f340f74d7ab 0x7f340f74d7ae
+B+: 0x7f340f74d7af 0x7f340f74d7bd
+B+: 0x7f340f74d7cb 0x7f340f74d7d3
+B+: 0x7f340f74d825 0x7f340f74d841
+B+: 0x7f340f74d842 0x7f340f74d84d
+B+: 0x7f340f74d87e 0x7f340f74d88e
+B+: 0x7f340f74d88f 0x7f340f74d8a0
+B+: 0x7f340f74d8a1 0x7f340f74d8ad
+B+: 0x7f340f74dc10 0x7f340f74dc30
+B+: 0x7f340f74dc31 0x7f340f74dc58
+B+: 0x7f340f74dc5e 0x7f340f74dc66
+B+: 0x7f340f74dc67 0x7f340f74dc6f
+B+: 0x7f340f74dc78 0x7f340f74dc87
+B+: 0x7f340f74dc88 0x7f340f74dc89
+B+: 0x7f340f74dca0 0x7f340f74dcaf
+B+: 0x7f340f74dcba 0x7f340f74dcc4
+B+: 0x7f340f74dce0 0x7f340f74dce8
+B+: 0x7f340f74e360 0x7f340f74e36b
+B+: 0x7f340f74e480 0x7f340f74e480
+B+: 0x7f340f74e9c0 0x7f340f74e9db
+B+: 0x7f340f74ea16 0x7f340f74ea32
+B+: 0x7f340f74ea33 0x7f340f74ea52
+B+: 0x7f340f74ea63 0x7f340f74ea6a
+B+: 0x7f340f74ea90 0x7f340f74eaa6
+B+: 0x7f340f74eaa7 0x7f340f74eaae
+B+: 0x7f340f74eaaf 0x7f340f74eab6
+B+: 0x7f340f74eaf6 0x7f340f74eb01
+B+: 0x7f340f74eb0c 0x7f340f74eb34
+B+: 0x7f340f74eb40 0x7f340f74eb57
+B+: 0x7f340f74eb58 0x7f340f74eb5f
+B+: 0x7f340f74eb60 0x7f340f74eb67
+B+: 0x7f340f74eb68 0x7f340f74eb70
+B+: 0x7f340f74eb71 0x7f340f74eb7a
+B+: 0x7f340f74eb7b 0x7f340f74eb80
+B+: 0x7f340f74eb97 0x7f340f74eb9c
+B+: 0x7f340f74ec0a 0x7f340f74ec3d
+B+: 0x7f340f74ec47 0x7f340f74ec53
+B+: 0x7f340f74eed0 0x7f340f74eede
+B+: 0x7f340f74eedf 0x7f340f74eee7
+B+: 0x7f340f74eee8 0x7f340f74eefc
+B+: 0x7f340f74eefd 0x7f340f74ef02
+B+: 0x7f340f74ef03 0x7f340f74ef1b
+B+: 0x7f340f74ef1c 0x7f340f74ef21
+B+: 0x7f340f74ef22 0x7f340f74ef2b
+B+: 0x7f340f74efc0 0x7f340f74efc7
+B+: 0x7f340f74efc8 0x7f340f74efd0
+B+: 0x7f340f74f760 0x7f340f74f768
+B+: 0x7f340f74f769 0x7f340f74f76d
+B+: 0x7f340f74f76e 0x7f340f74f772
+B+: 0x7f340f74f780 0x7f340f74f788
+B+: 0x7f340f74f789 0x7f340f74f78d
+B+: 0x7f340f74f78e 0x7f340f74f792
+B+: 0x7f340f74f7c0 0x7f340f74f7d9
+B+: 0x7f340f74f7da 0x7f340f74f7e6
+B+: 0x7f340f74f7f7 0x7f340f74f802
+B+: 0x7f340f74f803 0x7f340f74f80b
+B+: 0x7f340f74f80c 0x7f340f74f841
+B+: 0x7f340f74f842 0x7f340f74f84b
+B+: 0x7f340f74f84c 0x7f340f74f852
+B+: 0x7f340f74f853 0x7f340f74f875
+B+: 0x7f340f74f880 0x7f340f74f88e
+B+: 0x7f340f74f8b0 0x7f340f74f8c8
+B+: 0x7f340f74f900 0x7f340f74f941
+B+: 0x7f340f74f950 0x7f340f74f966
+B+: 0x7f340f74f967 0x7f340f74f97e
+B+: 0x7f340f74f97f 0x7f340f74f98a
+B+: 0x7f340f74f98b 0x7f340f74f9b3
+B+: 0x7f340f74f9b4 0x7f340f74f9bd
+B+: 0x7f340f74f9be 0x7f340f74f9bf
+B+: 0x7f340f74f9d0 0x7f340f74f9e8
+B+: 0x7f340f74f9e9 0x7f340f74fa14
+B+: 0x7f340f74fa1e 0x7f340f74fa25
+B+: 0x7f340f74fa26 0x7f340f74fa33
+B+: 0x7f340f74fa34 0x7f340f74fa46
+B+: 0x7f340f74fae0 0x7f340f74fafe
+B+: 0x7f340f74faff 0x7f340f74fb0c
+B+: 0x7f340f74fb0d 0x7f340f74fb1b
+B+: 0x7f340f74fb1c 0x7f340f74fb2c
+B+: 0x7f340f74fb40 0x7f340f74fb62
+B+: 0x7f340f74fb98 0x7f340f74fba9
+B+: 0x7f340f7506d0 0x7f340f7506f4
+B+: 0x7f340f7506f5 0x7f340f75070d
+B+: 0x7f340f75070e 0x7f340f750712
+B+: 0x7f340f750713 0x7f340f75071e
+B+: 0x7f340f75071f 0x7f340f750723
+B+: 0x7f340f750724 0x7f340f750728
+B+: 0x7f340f750729 0x7f340f750730
+B+: 0x7f340f75073c 0x7f340f750749
+B+: 0x7f340f75074a 0x7f340f75074d
+B+: 0x7f340f75074e 0x7f340f750760
+B+: 0x7f340f750761 0x7f340f75076b
+B+: 0x7f340f750790 0x7f340f75079d
+B+: 0x7f340f75079e 0x7f340f7507a5
+B+: 0x7f340f7507a6 0x7f340f7507a7
+B+: 0x7f340f750890 0x7f340f75089d
+B+: 0x7f340f75089e 0x7f340f7508a9
+B+: 0x7f340f7508aa 0x7f340f7508bd
+B+: 0x7f340f7508c0 0x7f340f7508ca
+B+: 0x7f340f7508d0 0x7f340f7508ef
+B+: 0x7f340f7508f0 0x7f340f7508f4
+B+: 0x7f340f7508f5 0x7f340f75090c
+B+: 0x7f340f75090d 0x7f340f750910
+B+: 0x7f340f750911 0x7f340f750912
+B+: 0x7f340f750913 0x7f340f75091b
+B+: 0x7f340f75091c 0x7f340f750930
+B+: 0x7f340f750938 0x7f340f75093c
+B+: 0x7f340f750980 0x7f340f75098f
+B+: 0x7f340f750990 0x7f340f75099b
+B+: 0x7f340f75099c 0x7f340f7509ab
+B+: 0x7f340f750a80 0x7f340f750a93
+B+: 0x7f340f750a94 0x7f340f750aac
+B+: 0x7f340f750aad 0x7f340f750abf
+B+: 0x7f340f750ac0 0x7f340f750ada
+B+: 0x7f340f750adb 0x7f340f750ae3
+B+: 0x7f340f750aec 0x7f340f750af8
+B+: 0x7f340f750af9 0x7f340f750b02
+B+: 0x7f340f750b03 0x7f340f750b06
+B+: 0x7f340f750b07 0x7f340f750b1a
+B+: 0x7f340f750c49 0x7f340f750c55
+B+: 0x7f340f750c56 0x7f340f750c67
+B+: 0x7f340f750c82 0x7f340f750c93
+B+: 0x7f340f750d77 0x7f340f750d82
+B+: 0x7f340f750da0 0x7f340f750db2
+B+: 0x7f340f750db3 0x7f340f750ddf
+B+: 0x7f340f750de0 0x7f340f750deb
+B+: 0x7f340f750dec 0x7f340f750dfc
+B+: 0x7f340f750dfd 0x7f340f750e18
+B+: 0x7f340f750e19 0x7f340f750e25
+B+: 0x7f340f750e26 0x7f340f750e2e
+B+: 0x7f340f750e2f 0x7f340f750e3f
+B+: 0x7f340f750e40 0x7f340f750e44
+B+: 0x7f340f750e45 0x7f340f750e50
+B+: 0x7f340f750e51 0x7f340f750e5d
+B+: 0x7f340f750e5e 0x7f340f750e77
+B+: 0x7f340f750ece 0x7f340f750ed2
+B+: 0x7f340f750ed3 0x7f340f750ede
+B+: 0x7f340f750ee0 0x7f340f750eec
+B+: 0x7f340f750f60 0x7f340f750f7c
+B+: 0x7f340f751120 0x7f340f751128
+B+: 0x7f340f751129 0x7f340f751147
+B+: 0x7f340f751750 0x7f340f75175e
+B+: 0x7f340f75175f 0x7f340f751763
+B+: 0x7f340f751764 0x7f340f751770
+B+: 0x7f340f751771 0x7f340f751777
+B+: 0x7f340f751778 0x7f340f751783
+B+: 0x7f340f751784 0x7f340f751788
+B+: 0x7f340f751789 0x7f340f75178d
+B+: 0x7f340f75178e 0x7f340f751796
+B+: 0x7f340f751797 0x7f340f75179e
+B+: 0x7f340f751890 0x7f340f751892
+B+: 0x7f340f7518a7 0x7f340f7518ab
+B+: 0x7f340f7518ac 0x7f340f7518b2
+B+: 0x7f340f7518b3 0x7f340f7518b6
+B+: 0x7f340f7518d0 0x7f340f7518e1
+B+: 0x7f340f7518e2 0x7f340f7518e6
+B+: 0x7f340f7518e7 0x7f340f7518eb
+B+: 0x7f340f7518ec 0x7f340f7518f1
+B+: 0x7f340f7518f2 0x7f340f7518fa
+B+: 0x7f340f7518fb 0x7f340f7518fc
+B+: 0x7f340f751940 0x7f340f751948
+B+: 0x7f340f751949 0x7f340f751951
+B+: 0x7f340f751980 0x7f340f751988
+B+: 0x7f340f751989 0x7f340f75198a
+B+: 0x7f340f75198b 0x7f340f751991
+B+: 0x7f340f751992 0x7f340f7519a2
+B+: 0x7f340f7519a8 0x7f340f7519ac
+B+: 0x7f340f7519eb 0x7f340f751a00
+B+: 0x7f340f751a08 0x7f340f751a10
+B+: 0x7f340f751af0 0x7f340f751b11
+B+: 0x7f340f751b12 0x7f340f751b16
+B+: 0x7f340f751b17 0x7f340f751b1d
+B+: 0x7f340f751b1e 0x7f340f751b26
+B+: 0x7f340f751b27 0x7f340f751b34
+B+: 0x7f340f751b35 0x7f340f751b3c
+B+: 0x7f340f751b3d 0x7f340f751b49
+B+: 0x7f340f751b4a 0x7f340f751b5a
+B+: 0x7f340f751b5b 0x7f340f751b63
+B+: 0x7f340f751b7f 0x7f340f751b93
+B+: 0x7f340f751b94 0x7f340f751b9c
+B+: 0x7f340f751be0 0x7f340f751bf7
+B+: 0x7f340f751bf8 0x7f340f751c00
+B+: 0x7f340f751c1b 0x7f340f751c2b
+B+: 0x7f340f751d40 0x7f340f751d5e
+B+: 0x7f340f751d5f 0x7f340f751d6d
+B+: 0x7f340f751d6e 0x7f340f751d72
+B+: 0x7f340f751d7d 0x7f340f751d90
+B+: 0x7f340f751d91 0x7f340f751d95
+B+: 0x7f340f751d96 0x7f340f751d9a
+B+: 0x7f340f751da0 0x7f340f751da4
+B+: 0x7f340f751dd5 0x7f340f751dd9
+B+: 0x7f340f751dda 0x7f340f751dde
+B+: 0x7f340f751df0 0x7f340f751dfb
+B+: 0x7f340f751dfc 0x7f340f751e07
+B+: 0x7f340f751e08 0x7f340f751e10
+B+: 0x7f340f751e2c 0x7f340f751e30
+B+: 0x7f340f751e31 0x7f340f751e36
+B+: 0x7f340f751e41 0x7f340f751e45
+B+: 0x7f340f751e46 0x7f340f751e54
+B+: 0x7f340f751e55 0x7f340f751e5d
+B+: 0x7f340f751e5e 0x7f340f751e62
+B+: 0x7f340f751e63 0x7f340f751e74
+B+: 0x7f340f751e78 0x7f340f751e84
+B+: 0x7f340f751ea0 0x7f340f751ea4
+B+: 0x7f340f751ef0 0x7f340f751f03
+B+: 0x7f340f751f40 0x7f340f751f76
+B+: 0x7f340f751f77 0x7f340f751f82
+B+: 0x7f340f751f83 0x7f340f751f92
+B+: 0x7f340f75201b 0x7f340f752031
+B+: 0x7f340f752032 0x7f340f752040
+B+: 0x7f340f752075 0x7f340f7520b8
+B+: 0x7f340f7520b9 0x7f340f7520c3
+B+: 0x7f340f7520c4 0x7f340f7520cc
+B+: 0x7f340f7520cd 0x7f340f7520d5
+B+: 0x7f340f7520d6 0x7f340f7520de
+B+: 0x7f340f7520df 0x7f340f752106
+B+: 0x7f340f752107 0x7f340f752133
+B+: 0x7f340f752578 0x7f340f752581
+B+: 0x7f340f752582 0x7f340f7525a8
+B+: 0x7f340f7525a9 0x7f340f7525b6
+B+: 0x7f340f7525d0 0x7f340f7525e0
+B+: 0x7f340f7525e1 0x7f340f7525ee
+B+: 0x7f340f7525ef 0x7f340f7525f3
+B+: 0x7f340f752670 0x7f340f75267e
+B+: 0x7f340f75267f 0x7f340f752683
+B+: 0x7f340f752684 0x7f340f752692
+B+: 0x7f340f752693 0x7f340f75269a
+B+: 0x7f340f75269b 0x7f340f7526a2
+B+: 0x7f340f7526a3 0x7f340f7526b7
+B+: 0x7f340f752790 0x7f340f7527bc
+B+: 0x7f340f7527bd 0x7f340f7527d4
+B+: 0x7f340f7527e0 0x7f340f75283a
+B+: 0x7f340f75283b 0x7f340f752875
+B+: 0x7f340f752876 0x7f340f752893
+B+: 0x7f340f752894 0x7f340f7528a3
+B+: 0x7f340f7528a4 0x7f340f7528b0
+B+: 0x7f340f7529b4 0x7f340f7529b8
+B+: 0x7f340f7529b9 0x7f340f7529cf
+B+: 0x7f340f7529d0 0x7f340f7529dc
+B+: 0x7f340f7529dd 0x7f340f7529ef
+B+: 0x7f340f7529f0 0x7f340f7529f7
+B+: 0x7f340f752a01 0x7f340f752a16
+B+: 0x7f340f752a28 0x7f340f752a3d
+B+: 0x7f340f752a3e 0x7f340f752a4d
+B+: 0x7f340f752a79 0x7f340f752a97
+B+: 0x7f340f752a98 0x7f340f752ac0
+B+: 0x7f340f752ac1 0x7f340f752acf
+B+: 0x7f340f753148 0x7f340f753154
+B+: 0x7f340f753155 0x7f340f753174
+B+: 0x7f340f753175 0x7f340f75317f
+B+: 0x7f340f7531ac 0x7f340f7531b0
+B+: 0x7f340f7531b1 0x7f340f7531b5
+B+: 0x7f340f753a40 0x7f340f753a64
+B+: 0x7f340f753b10 0x7f340f753b1a
+B+: 0x7f340f753b40 0x7f340f753b47
+B+: 0x7f340f753b48 0x7f340f753b51
+B+: 0x7f340f753b58 0x7f340f753b60
+B+: 0x7f340f753b61 0x7f340f753b6a
+B+: 0x7f340f753b88 0x7f340f753b8c
+B+: 0x7f340f753b8d 0x7f340f753b94
+B+: 0x7f340f753ba0 0x7f340f753ba4
+B+: 0x7f340f753d00 0x7f340f753d30
+B+: 0x7f340f753e3f 0x7f340f753e55
+B+: 0x7f340f753e56 0x7f340f753e67
+B+: 0x7f340f7541e0 0x7f340f754222
+B+: 0x7f340f754223 0x7f340f754228
+B+: 0x7f340f75424c 0x7f340f754260
+B+: 0x7f340f754261 0x7f340f754269
+B+: 0x7f340f754270 0x7f340f754279
+B+: 0x7f340f754288 0x7f340f7542a0
+B+: 0x7f340f7542a1 0x7f340f7542ba
+B+: 0x7f340f7542bb 0x7f340f7542bc
+B+: 0x7f340f7542d0 0x7f340f7542d8
+B+: 0x7f340f7542f8 0x7f340f7542f8
+B+: 0x7f340f754300 0x7f340f75430c
+B+: 0x7f340f75433f 0x7f340f754343
+B+: 0x7f340f754380 0x7f340f754384
+B+: 0x7f340f7543d0 0x7f340f7543e3
+B+: 0x7f340f754400 0x7f340f754400
+B+: 0x7f340f754420 0x7f340f75445b
+B+: 0x7f340f754467 0x7f340f754471
+B+: 0x7f340f754472 0x7f340f754489
+B+: 0x7f340f75448a 0x7f340f75448d
+B+: 0x7f340f75448e 0x7f340f754494
+B+: 0x7f340f754495 0x7f340f75449d
+B+: 0x7f340f75449e 0x7f340f7544a9
+B+: 0x7f340f7544aa 0x7f340f7544c2
+B+: 0x7f340f7544c3 0x7f340f7544ce
+B+: 0x7f340f7544cf 0x7f340f7544e5
+B+: 0x7f340f7544e6 0x7f340f7544f5
+B+: 0x7f340f754500 0x7f340f75450e
+B+: 0x7f340f75450f 0x7f340f754513
+B+: 0x7f340f754514 0x7f340f75451e
+B+: 0x7f340f754540 0x7f340f754549
+B+: 0x7f340f75454a 0x7f340f75454e
+B+: 0x7f340f75454f 0x7f340f754560
+B+: 0x7f340f754568 0x7f340f754577
+B+: 0x7f340f754580 0x7f340f754589
+B+: 0x7f340f7545a8 0x7f340f7545bb
+B+: 0x7f340f7545c0 0x7f340f7545ce
+B+: 0x7f340f7545cf 0x7f340f7545dc
+B+: 0x7f340f7546f0 0x7f340f7546fd
+B+: 0x7f340f7547a0 0x7f340f7547a0
+B+: 0x7f340f7547b0 0x7f340f7547ba
+B+: 0x7f340f7547bb 0x7f340f7547ce
+B+: 0x7f340f7547cf 0x7f340f7547d8
+B+: 0x7f340f7547d9 0x7f340f7547e6
+B+: 0x7f340f754800 0x7f340f75482d
+B+: 0x7f340f75482e 0x7f340f754831
+B+: 0x7f340f754832 0x7f340f754847
+B+: 0x7f340f754864 0x7f340f75486b
+B+: 0x7f340f75486c 0x7f340f75486f
+B+: 0x7f340f754870 0x7f340f754876
+B+: 0x7f340f754877 0x7f340f75487b
+B+: 0x7f340f75487c 0x7f340f754886
+B+: 0x7f340f754ae0 0x7f340f754b01
+B+: 0x7f340f754b02 0x7f340f754b0a
+B+: 0x7f340f754b0b 0x7f340f754b14
+B+: 0x7f340f754b15 0x7f340f754b19
+B+: 0x7f340f754c00 0x7f340f754c19
+B+: 0x7f340f754c51 0x7f340f754c8e
+B+: 0x7f340f754c8f 0x7f340f754c9e
+B+: 0x7f340f754c9f 0x7f340f754ca6
+B+: 0x7f340f754df0 0x7f340f754dfb
+B+: 0x7f340f754e20 0x7f340f754e20
+B+: 0x7f340f754e30 0x7f340f754e38
+B+: 0x7f340f756940 0x7f340f75694b
+B+: 0x7f340f75694c 0x7f340f756957
+B+: 0x7f340f756958 0x7f340f756964
+B+: 0x7f340f756965 0x7f340f756969
+B+: 0x7f340f75696a 0x7f340f75696f
+B+: 0x7f340f756970 0x7f340f756976
+B+: 0x7f340f756980 0x7f340f756987
+B+: 0x7f340f756988 0x7f340f75698c
+B+: 0x7f340f75698d 0x7f340f75699b
+B+: 0x7f340f75699c 0x7f340f7569a0
+B+: 0x7f340f7569a1 0x7f340f7569a8
+B+: 0x7f340f7569a9 0x7f340f7569ad
+B+: 0x7f340f7569ae 0x7f340f7569b8
+B+: 0x7f340f7569b9 0x7f340f7569b9
+B+: 0x7f340f7569c0 0x7f340f7569c5
+B+: 0x7f340f7569c6 0x7f340f7569c9
+B+: 0x7f340f7569d0 0x7f340f7569d0
+B+: 0x7f340f7569d1 0x7f340f7569d5
+B+: 0x7f340f7569d6 0x7f340f7569d9
+B+: 0x7f340f7569e0 0x7f340f7569ff
+B+: 0x7f340f756a00 0x7f340f756a11
+B+: 0x7f340f756a12 0x7f340f756a16
+B+: 0x7f340f756a20 0x7f340f756a22
+B+: 0x7f340f756a23 0x7f340f756a2f
+B+: 0x7f340f756a30 0x7f340f756a33
+B+: 0x7f340f756a34 0x7f340f756a5d
+B+: 0x7f340f756a5e 0x7f340f756a62
+B+: 0x7f340f756a63 0x7f340f756a82
+B+: 0x7f340f756ac0 0x7f340f756ade
+B+: 0x7f340f756adf 0x7f340f756ae3
+B+: 0x7f340f756ae4 0x7f340f756ae8
+B+: 0x7f340f756af0 0x7f340f756af2
+B+: 0x7f340f756af3 0x7f340f756aff
+B+: 0x7f340f756b00 0x7f340f756b03
+B+: 0x7f340f756b04 0x7f340f756b3e
+B+: 0x7f340f756b3f 0x7f340f756b49
+B+: 0x7f340f756b4a 0x7f340f756b57
+B+: 0x7f340f756b58 0x7f340f756b5d
+B+: 0x7f340f756b5e 0x7f340f756b66
+B+: 0x7f340f756b67 0x7f340f756b70
+B+: 0x7f340f756b71 0x7f340f756b7a
+B+: 0x7f340f756b7b 0x7f340f756b9a
+B+: 0x7f340f756b9b 0x7f340f756ba3
+B+: 0x7f340f756ba4 0x7f340f756bbd
+B+: 0x7f340f756bc0 0x7f340f756bc5
+B+: 0x7f340f756bc6 0x7f340f756bcf
+B+: 0x7f340f756bd0 0x7f340f756bd9
+B+: 0x7f340f756bda 0x7f340f756bf7
+B+: 0x7f340f756c08 0x7f340f756c14
+B+: 0x7f340f756c15 0x7f340f756c1b
+B+: 0x7f340f756c1c 0x7f340f756c29
+B+: 0x7f340f756cb0 0x7f340f756cca
+B+: 0x7f340f756ccb 0x7f340f756cda
+B+: 0x7f340f756cdb 0x7f340f756ce6
+B+: 0x7f340f756ce7 0x7f340f756cef
+B+: 0x7f340f756cf0 0x7f340f756cf4
+B+: 0x7f340f756cf5 0x7f340f756cfc
+B+: 0x7f340f756cfd 0x7f340f756d10
+B+: 0x7f340f756d11 0x7f340f756d21
+B+: 0x7f340f756d22 0x7f340f756d26
+B+: 0x7f340f756d27 0x7f340f756d38
+B+: 0x7f340f756d39 0x7f340f756d4b
+B+: 0x7f340f756d4c 0x7f340f756d54
+B+: 0x7f340f756d55 0x7f340f756d5e
+B+: 0x7f340f756d5f 0x7f340f756d6d
+B+: 0x7f340f756ea0 0x7f340f756eb6
+B+: 0x7f340f756eb7 0x7f340f756ebb
+B+: 0x7f340f756ebc 0x7f340f756ec0
+B+: 0x7f340f756ec8 0x7f340f756ecb
+B+: 0x7f340f756ecc 0x7f340f756ed9
+B+: 0x7f340f756eda 0x7f340f756edd
+B+: 0x7f340f756ede 0x7f340f756f06
+B+: 0x7f340f756f07 0x7f340f756f10
+B+: 0x7f340f756f11 0x7f340f756f16
+B+: 0x7f340f756f17 0x7f340f756f24
+B+: 0x7f340f756f25 0x7f340f756f2d
+B+: 0x7f340f757440 0x7f340f75746b
+B+: 0x7f340f75746c 0x7f340f757470
+B+: 0x7f340f757471 0x7f340f757475
+B+: 0x7f340f757536 0x7f340f75753e
+B+: 0x7f340f75753f 0x7f340f757548
+B+: 0x7f340f757549 0x7f340f757551
+B+: 0x7f340f7575d0 0x7f340f7575e4
+B+: 0x7f340f7575e5 0x7f340f757606
+B+: 0x7f340f757607 0x7f340f757610
+B+: 0x7f340f757611 0x7f340f757618
+B+: 0x7f340f757640 0x7f340f757648
+B+: 0x7f340f757649 0x7f340f757656
+B+: 0x7f340f757657 0x7f340f75765f
+B+: 0x7f340f757660 0x7f340f757661
+B+: 0x7f340f757760 0x7f340f7577aa
+B+: 0x7f340f7577ab 0x7f340f7577af
+B+: 0x7f340f7577b0 0x7f340f7577be
+B+: 0x7f340f7577c8 0x7f340f7577d3
+B+: 0x7f340f7577d4 0x7f340f7577d8
+B+: 0x7f340f7577d9 0x7f340f7577e0
+B+: 0x7f340f7577e1 0x7f340f7577e5
+B+: 0x7f340f7577e6 0x7f340f7577f3
+B+: 0x7f340f7577f4 0x7f340f7577fb
+B+: 0x7f340f757800 0x7f340f757810
+B+: 0x7f340f757811 0x7f340f757815
+B+: 0x7f340f757816 0x7f340f757832
+B+: 0x7f340f757833 0x7f340f757843
+B+: 0x7f340f757844 0x7f340f75784f
+B+: 0x7f340f757850 0x7f340f757857
+B+: 0x7f340f757858 0x7f340f75785c
+B+: 0x7f340f75785d 0x7f340f757868
+B+: 0x7f340f757869 0x7f340f75787b
+B+: 0x7f340f75787c 0x7f340f757884
+B+: 0x7f340f757888 0x7f340f757897
+B+: 0x7f340f757898 0x7f340f75789b
+B+: 0x7f340f75789c 0x7f340f7578b4
+B+: 0x7f340f7578b5 0x7f340f7578b8
+B+: 0x7f340f7578b9 0x7f340f7578c6
+B+: 0x7f340f7578c7 0x7f340f7578d5
+B+: 0x7f340f757dc0 0x7f340f757dec
+B+: 0x7f340f757ded 0x7f340f757df2
+B+: 0x7f340f757df3 0x7f340f757e04
+B+: 0x7f340f757e05 0x7f340f757e0d
+B+: 0x7f340f757e0e 0x7f340f757e1c
+CND+ 0x7f340f74600e: taken
+CND+ 0x7f340f7465ea: not taken
+CND+ 0x7f340f746626: not taken
+CND+ 0x7f340f74663b: taken
+CND+ 0x7f340f746673: not taken
+CND+ 0x7f340f746687: not taken
+CND+ 0x7f340f746695: not taken
+CND+ 0x7f340f7467e2: taken
+CND+ 0x7f340f746862: not taken
+CND+ 0x7f340f74687c: both
+CND+ 0x7f340f7468a9: not taken
+CND+ 0x7f340f746a5d: not taken
+CND+ 0x7f340f746a62: taken
+CND+ 0x7f340f7476e6: not taken
+CND+ 0x7f340f747704: taken
+CND+ 0x7f340f74771a: not taken
+CND+ 0x7f340f74771f: taken
+CND+ 0x7f340f74772f: taken
+CND+ 0x7f340f74774c: not taken
+CND+ 0x7f340f747756: not taken
+CND+ 0x7f340f74778f: not taken
+CND+ 0x7f340f74779b: taken
+CND+ 0x7f340f748079: taken
+CND+ 0x7f340f74811b: not taken
+CND+ 0x7f340f748149: not taken
+CND+ 0x7f340f748158: not taken
+CND+ 0x7f340f748190: not taken
+CND+ 0x7f340f7481ce: taken
+CND+ 0x7f340f748c20: not taken
+CND+ 0x7f340f748c2d: taken
+CND+ 0x7f340f748c48: not taken
+CND+ 0x7f340f748c5f: both
+CND+ 0x7f340f748c88: not taken
+CND+ 0x7f340f748ed2: taken
+CND+ 0x7f340f748f55: not taken
+CND+ 0x7f340f748f7e: not taken
+CND+ 0x7f340f748f8a: not taken
+CND+ 0x7f340f748f93: both
+CND+ 0x7f340f748fc4: not taken
+CND+ 0x7f340f748fe2: both
+CND+ 0x7f340f748ffb: taken
+CND+ 0x7f340f74905a: taken
+CND+ 0x7f340f7490af: not taken
+CND+ 0x7f340f7490b8: taken
+CND+ 0x7f340f7490e0: taken
+CND+ 0x7f340f749116: not taken
+CND+ 0x7f340f74915a: not taken
+CND+ 0x7f340f749163: taken
+CND+ 0x7f340f74921b: taken
+CND+ 0x7f340f74924a: taken
+CND+ 0x7f340f74927c: not taken
+CND+ 0x7f340f74936a: taken
+CND+ 0x7f340f749520: not taken
+CND+ 0x7f340f749529: not taken
+CND+ 0x7f340f749532: taken
+CND+ 0x7f340f7498eb: not taken
+CND+ 0x7f340f749906: both
+CND+ 0x7f340f74993d: not taken
+CND+ 0x7f340f749985: both
+CND+ 0x7f340f7499f6: taken
+CND+ 0x7f340f749a20: both
+CND+ 0x7f340f749a29: not taken
+CND+ 0x7f340f749a33: not taken
+CND+ 0x7f340f749ae4: not taken
+CND+ 0x7f340f749afb: taken
+CND+ 0x7f340f749b2a: both
+CND+ 0x7f340f749b30: both
+CND+ 0x7f340f749b40: taken
+CND+ 0x7f340f749b60: not taken
+CND+ 0x7f340f749b96: not taken
+CND+ 0x7f340f749be5: taken
+CND+ 0x7f340f749da0: not taken
+CND+ 0x7f340f749da9: not taken
+CND+ 0x7f340f749dc8: both
+CND+ 0x7f340f749dd0: both
+CND+ 0x7f340f749e2e: taken
+CND+ 0x7f340f749e57: not taken
+CND+ 0x7f340f749eac: taken
+CND+ 0x7f340f749ed8: taken
+CND+ 0x7f340f749fa3: not taken
+CND+ 0x7f340f749fc0: taken
+CND+ 0x7f340f74a019: not taken
+CND+ 0x7f340f74a065: not taken
+CND+ 0x7f340f74a06f: not taken
+CND+ 0x7f340f74a089: both
+CND+ 0x7f340f74a09d: not taken
+CND+ 0x7f340f74a0ab: taken
+CND+ 0x7f340f74a14c: not taken
+CND+ 0x7f340f74a156: taken
+CND+ 0x7f340f74a1cc: taken
+CND+ 0x7f340f74a1ee: taken
+CND+ 0x7f340f74a811: both
+CND+ 0x7f340f74a81b: not taken
+CND+ 0x7f340f74a81f: not taken
+CND+ 0x7f340f74a839: taken
+CND+ 0x7f340f74a859: taken
+CND+ 0x7f340f74a861: taken
+CND+ 0x7f340f74b45f: taken
+CND+ 0x7f340f74b626: not taken
+CND+ 0x7f340f74b6ca: taken
+CND+ 0x7f340f74b762: taken
+CND+ 0x7f340f74c2a4: taken
+CND+ 0x7f340f74c2bd: not taken
+CND+ 0x7f340f74c2cd: not taken
+CND+ 0x7f340f74c30f: taken
+CND+ 0x7f340f74c327: taken
+CND+ 0x7f340f74c33a: not taken
+CND+ 0x7f340f74c343: taken
+CND+ 0x7f340f74c381: not taken
+CND+ 0x7f340f74c3d6: taken
+CND+ 0x7f340f74c3e7: taken
+CND+ 0x7f340f74c895: not taken
+CND+ 0x7f340f74c8a8: not taken
+CND+ 0x7f340f74c8d2: not taken
+CND+ 0x7f340f74c907: not taken
+CND+ 0x7f340f74c942: taken
+CND+ 0x7f340f74c953: not taken
+CND+ 0x7f340f74c963: taken
+CND+ 0x7f340f74ca7b: not taken
+CND+ 0x7f340f74cdbc: both
+CND+ 0x7f340f74cdc9: both
+CND+ 0x7f340f74ce03: not taken
+CND+ 0x7f340f74ce0d: not taken
+CND+ 0x7f340f74ce18: taken
+CND+ 0x7f340f74d1a1: not taken
+CND+ 0x7f340f74d1ab: not taken
+CND+ 0x7f340f74d1e4: taken
+CND+ 0x7f340f74d1f2: taken
+CND+ 0x7f340f74d20a: not taken
+CND+ 0x7f340f74d225: not taken
+CND+ 0x7f340f74d22f: not taken
+CND+ 0x7f340f74d247: taken
+CND+ 0x7f340f74d533: taken
+CND+ 0x7f340f74d582: taken
+CND+ 0x7f340f74d655: taken
+CND+ 0x7f340f74d698: taken
+CND+ 0x7f340f74d703: not taken
+CND+ 0x7f340f74d70c: taken
+CND+ 0x7f340f74d725: not taken
+CND+ 0x7f340f74d742: not taken
+CND+ 0x7f340f74d75a: not taken
+CND+ 0x7f340f74d765: not taken
+CND+ 0x7f340f74d792: not taken
+CND+ 0x7f340f74d797: taken
+CND+ 0x7f340f74d7a9: taken
+CND+ 0x7f340f74d7ad: not taken
+CND+ 0x7f340f74d7bc: taken
+CND+ 0x7f340f74d7ce: taken
+CND+ 0x7f340f74d848: taken
+CND+ 0x7f340f74d889: not taken
+CND+ 0x7f340f74d89b: not taken
+CND+ 0x7f340f74d8a8: taken
+CND+ 0x7f340f74dc2f: not taken
+CND+ 0x7f340f74dc57: taken
+CND+ 0x7f340f74dc65: not taken
+CND+ 0x7f340f74dc6e: taken
+CND+ 0x7f340f74dc86: not taken
+CND+ 0x7f340f74dcae: taken
+CND+ 0x7f340f74e366: taken
+CND+ 0x7f340f74e9d6: taken
+CND+ 0x7f340f74ea31: not taken
+CND+ 0x7f340f74ea51: taken
+CND+ 0x7f340f74eaad: not taken
+CND+ 0x7f340f74eab5: taken
+CND+ 0x7f340f74eb00: taken
+CND+ 0x7f340f74eb5a: not taken
+CND+ 0x7f340f74eb62: not taken
+CND+ 0x7f340f74eb6b: not taken
+CND+ 0x7f340f74eb75: not taken
+CND+ 0x7f340f74eb7f: taken
+CND+ 0x7f340f74eb9b: taken
+CND+ 0x7f340f74ec3c: taken
+CND+ 0x7f340f74eed9: not taken
+CND+ 0x7f340f74eee6: not taken
+CND+ 0x7f340f74ef01: not taken
+CND+ 0x7f340f74ef1a: not taken
+CND+ 0x7f340f74ef20: not taken
+CND+ 0x7f340f74ef26: taken
+CND+ 0x7f340f74f76c: not taken
+CND+ 0x7f340f74f78c: not taken
+CND+ 0x7f340f74f7d8: both
+CND+ 0x7f340f74f7e1: taken
+CND+ 0x7f340f74f806: not taken
+CND+ 0x7f340f74f840: not taken
+CND+ 0x7f340f74f84a: not taken
+CND+ 0x7f340f74f965: both
+CND+ 0x7f340f74f989: not taken
+CND+ 0x7f340f74f9b2: not taken
+CND+ 0x7f340f74f9bc: not taken
+CND+ 0x7f340f74f9e3: not taken
+CND+ 0x7f340f74fa13: taken
+CND+ 0x7f340f74fafd: not taken
+CND+ 0x7f340f74fb1a: not taken
+CND+ 0x7f340f74fb61: taken
+CND+ 0x7f340f750711: not taken
+CND+ 0x7f340f75071d: not taken
+CND+ 0x7f340f750722: not taken
+CND+ 0x7f340f750748: not taken
+CND+ 0x7f340f75074c: not taken
+CND+ 0x7f340f75075f: not taken
+CND+ 0x7f340f7507a4: not taken
+CND+ 0x7f340f7508f3: both
+CND+ 0x7f340f75090f: both
+CND+ 0x7f340f750911: not taken
+CND+ 0x7f340f75091a: taken
+CND+ 0x7f340f750a92: not taken
+CND+ 0x7f340f750aba: not taken
+CND+ 0x7f340f750ad5: both
+CND+ 0x7f340f750ade: taken
+CND+ 0x7f340f750af7: not taken
+CND+ 0x7f340f750b01: not taken
+CND+ 0x7f340f750b05: not taken
+CND+ 0x7f340f750b19: taken
+CND+ 0x7f340f750c50: not taken
+CND+ 0x7f340f750c62: taken
+CND+ 0x7f340f750db1: not taken
+CND+ 0x7f340f750dea: both
+CND+ 0x7f340f750e13: not taken
+CND+ 0x7f340f750e20: taken
+CND+ 0x7f340f750e2d: not taken
+CND+ 0x7f340f750e43: not taken
+CND+ 0x7f340f750e4f: both
+CND+ 0x7f340f750e58: not taken
+CND+ 0x7f340f750e72: taken
+CND+ 0x7f340f750ee7: taken
+CND+ 0x7f340f75175d: both
+CND+ 0x7f340f75176f: not taken
+CND+ 0x7f340f751782: both
+CND+ 0x7f340f751787: both
+CND+ 0x7f340f751795: both
+CND+ 0x7f340f7518b1: not taken
+CND+ 0x7f340f7518dc: not taken
+CND+ 0x7f340f7518ea: not taken
+CND+ 0x7f340f7518ec: both
+CND+ 0x7f340f7518f5: not taken
+CND+ 0x7f340f7518fb: taken
+CND+ 0x7f340f751943: not taken
+CND+ 0x7f340f75194c: taken
+CND+ 0x7f340f751983: not taken
+CND+ 0x7f340f751989: both
+CND+ 0x7f340f751990: not taken
+CND+ 0x7f340f7519ab: taken
+CND+ 0x7f340f751a0b: taken
+CND+ 0x7f340f751b10: both
+CND+ 0x7f340f751b1c: not taken
+CND+ 0x7f340f751b21: both
+CND+ 0x7f340f751b2f: not taken
+CND+ 0x7f340f751b37: both
+CND+ 0x7f340f751b44: both
+CND+ 0x7f340f751b5e: taken
+CND+ 0x7f340f751b92: both
+CND+ 0x7f340f751b9b: taken
+CND+ 0x7f340f751bfb: taken
+CND+ 0x7f340f751d68: both
+CND+ 0x7f340f751d71: taken
+CND+ 0x7f340f751d8b: not taken
+CND+ 0x7f340f751da3: taken
+CND+ 0x7f340f751ddd: taken
+CND+ 0x7f340f751e02: not taken
+CND+ 0x7f340f751e0b: taken
+CND+ 0x7f340f751e2f: not taken
+CND+ 0x7f340f751e35: taken
+CND+ 0x7f340f751e4f: not taken
+CND+ 0x7f340f751e58: both
+CND+ 0x7f340f751f7d: not taken
+CND+ 0x7f340f75202c: not taken
+CND+ 0x7f340f7520c7: not taken
+CND+ 0x7f340f7520d0: both
+CND+ 0x7f340f7520d9: not taken
+CND+ 0x7f340f7525a7: both
+CND+ 0x7f340f7525ed: not taken
+CND+ 0x7f340f7525f2: taken
+CND+ 0x7f340f752682: not taken
+CND+ 0x7f340f7526a1: not taken
+CND+ 0x7f340f7527bb: not taken
+CND+ 0x7f340f752835: not taken
+CND+ 0x7f340f752870: not taken
+CND+ 0x7f340f75288e: not taken
+CND+ 0x7f340f75289e: not taken
+CND+ 0x7f340f7529ca: both
+CND+ 0x7f340f7529ea: taken
+CND+ 0x7f340f7529f6: taken
+CND+ 0x7f340f752a15: taken
+CND+ 0x7f340f752a38: not taken
+CND+ 0x7f340f752a48: taken
+CND+ 0x7f340f752abb: not taken
+CND+ 0x7f340f75314f: not taken
+CND+ 0x7f340f75316f: not taken
+CND+ 0x7f340f75317e: taken
+CND+ 0x7f340f753a5f: taken
+CND+ 0x7f340f753b46: not taken
+CND+ 0x7f340f753b50: taken
+CND+ 0x7f340f753b69: taken
+CND+ 0x7f340f753b93: taken
+CND+ 0x7f340f753d2b: taken
+CND+ 0x7f340f753e50: not taken
+CND+ 0x7f340f754227: taken
+CND+ 0x7f340f75425f: not taken
+CND+ 0x7f340f754278: taken
+CND+ 0x7f340f7542b9: not taken
+CND+ 0x7f340f7542d7: taken
+CND+ 0x7f340f75430b: taken
+CND+ 0x7f340f754383: taken
+CND+ 0x7f340f7543e2: taken
+CND+ 0x7f340f754456: taken
+CND+ 0x7f340f754488: both
+CND+ 0x7f340f75448c: not taken
+CND+ 0x7f340f754493: not taken
+CND+ 0x7f340f754498: both
+CND+ 0x7f340f7544e0: not taken
+CND+ 0x7f340f754512: not taken
+CND+ 0x7f340f754519: taken
+CND+ 0x7f340f754548: not taken
+CND+ 0x7f340f75454d: not taken
+CND+ 0x7f340f7545c9: not taken
+CND+ 0x7f340f7545d7: taken
+CND+ 0x7f340f7546f8: taken
+CND+ 0x7f340f7547b9: not taken
+CND+ 0x7f340f754830: not taken
+CND+ 0x7f340f754846: taken
+CND+ 0x7f340f75486e: not taken
+CND+ 0x7f340f754b09: not taken
+CND+ 0x7f340f754b13: not taken
+CND+ 0x7f340f754c18: taken
+CND+ 0x7f340f754c9d: not taken
+CND+ 0x7f340f754dfa: taken
+CND+ 0x7f340f756946: both
+CND+ 0x7f340f756963: both
+CND+ 0x7f340f756968: not taken
+CND+ 0x7f340f75696e: not taken
+CND+ 0x7f340f756986: not taken
+CND+ 0x7f340f75698b: both
+CND+ 0x7f340f75699a: both
+CND+ 0x7f340f75699f: both
+CND+ 0x7f340f7569ac: both
+CND+ 0x7f340f7569b7: both
+CND+ 0x7f340f7569c4: not taken
+CND+ 0x7f340f756a10: not taken
+CND+ 0x7f340f756a15: taken
+CND+ 0x7f340f756a2e: both
+CND+ 0x7f340f756a32: both
+CND+ 0x7f340f756a5c: both
+CND+ 0x7f340f756add: not taken
+CND+ 0x7f340f756ae2: not taken
+CND+ 0x7f340f756afe: not taken
+CND+ 0x7f340f756b02: both
+CND+ 0x7f340f756b48: both
+CND+ 0x7f340f756b52: not taken
+CND+ 0x7f340f756b5c: not taken
+CND+ 0x7f340f756b65: both
+CND+ 0x7f340f756b6b: taken
+CND+ 0x7f340f756b75: not taken
+CND+ 0x7f340f756b95: not taken
+CND+ 0x7f340f756ba2: not taken
+CND+ 0x7f340f756bc4: not taken
+CND+ 0x7f340f756bce: not taken
+CND+ 0x7f340f756bf6: taken
+CND+ 0x7f340f756c24: taken
+CND+ 0x7f340f756ce1: not taken
+CND+ 0x7f340f756cea: not taken
+CND+ 0x7f340f756cf3: not taken
+CND+ 0x7f340f756d25: not taken
+CND+ 0x7f340f756d53: not taken
+CND+ 0x7f340f756d5d: not taken
+CND+ 0x7f340f756eb5: not taken
+CND+ 0x7f340f756eba: not taken
+CND+ 0x7f340f756ed8: both
+CND+ 0x7f340f756edc: taken
+CND+ 0x7f340f756f0f: not taken
+CND+ 0x7f340f756f15: not taken
+CND+ 0x7f340f75746f: not taken
+CND+ 0x7f340f75753d: not taken
+CND+ 0x7f340f757547: not taken
+CND+ 0x7f340f757605: not taken
+CND+ 0x7f340f75760f: not taken
+CND+ 0x7f340f757647: not taken
+CND+ 0x7f340f75765e: not taken
+CND+ 0x7f340f7577bd: taken
+CND+ 0x7f340f7577d2: taken
+CND+ 0x7f340f7577df: not taken
+CND+ 0x7f340f7577e4: both
+CND+ 0x7f340f7577fa: taken
+CND+ 0x7f340f757856: not taken
+CND+ 0x7f340f75785b: taken
+CND+ 0x7f340f75787a: not taken
+CND+ 0x7f340f75789a: not taken
+CND+ 0x7f340f7578b7: not taken
+CND+ 0x7f340f7578c5: not taken
+CND+ 0x7f340f7578d4: taken
+CND+ 0x7f340f757df1: not taken
+CND+ 0x7f340f757e0c: not taken
@0x7f340f75455f to 0x7f340f754580 1
@0x7f340f75455f to 0x7f340f7545c0 1
@0x7f340f75455f to 0x7f340f7545a8 2
@0x7f340f7528af to 0x7f340f752a01 180
@0x7f340f7528af to 0x7f340f7529f0 10
@0x7f340f7528af to 0x7f340f752a28 1
@0x7f340f756c19 to 0x7f340f74a7d0 1
@0x7f340f756c19 to 0x7f340f751120 1
@0x7f340f746050 to 0x7f341327fa30 4
@0x7f340f746080 to 0x7f341321f330 2
@0x7f340f746090 to 0x7f34132c1710 1
@0x7f340f7460a0 to 0x7f3413297e70 5
@0x7f340f7460d0 to 0x7f3413232a20 7
@0x7f340f7460f0 to 0x7f3413356800 4
@0x7f340f746130 to 0x7f34132c21e0 1
@0x7f340f746140 to 0x7f3413236c10 1
@0x7f340f746150 to 0x7f34132e4800 4
@0x7f340f746160 to 0x7f34132c1230 1
@0x7f340f746190 to 0x7f3413356bc0 8
@0x7f340f7461c0 to 0x7f34132c2200 1
@0x7f340f7461e0 to 0x7f34133565d0 1
@0x7f340f746220 to 0x7f34132c2210 2
@0x7f340f746230 to 0x7f34132e5b10 1
@0x7f340f74816e to 0x7f340f7481c0 1
@0x7f340f746280 to 0x7f3413351d10 11
@0x7f340f7462a0 to 0x7f3413232450 4
@0x7f340f7481ac to 0x7f340f748e90 1
@0x7f340f7462d0 to 0x7f3413352100 9
@0x7f340f746320 to 0x7f34132330f0 4
@0x7f340f746330 to 0x7f3413357100 6
@0x7f340f746350 to 0x7f34132c2220 1
@0x7f340f746370 to 0x7f34132e4800 2
@0x7f340f746390 to 0x7f341327f3e0 23
@0x7f340f7463b0 to 0x7f34132c2230 1
@0x7f340f7463c0 to 0x7f3413351e90 22
@0x7f340f7463e0 to 0x7f3413302ba0 1
@0x7f340f746410 to 0x7f341327fc80 1
@0x7f340f746460 to 0x7f34133570e0 13
@0x7f340f746510 to 0x7f34132c21f0 1
@0x7f340f746560 to 0x7f34132c14e0 1
@0x7f340f746570 to 0x7f341322b580 191
@0x7f340f751f91 to 0x7f340f752075 1
@0x7f340f746784 to 0x7f341321efb0 1
@0x7f340f757e01 to 0x7f340f746840 1
