MODULE_NAME: /bin/dash
MODULE_START: 0x7f6761d20000
+B+: 0x7f6761d24000 0x7f6761d2400f
+B+: 0x7f6761d24012 0x7f6761d24016
+B+: 0x7f6761d24050 0x7f6761d24055
+B+: 0x7f6761d24080 0x7f6761d24085
+B+: 0x7f6761d24090 0x7f6761d24095
+B+: 0x7f6761d240a0 0x7f6761d240a5
+B+: 0x7f6761d240d0 0x7f6761d240d5
+B+: 0x7f6761d240f0 0x7f6761d240f5
+B+: 0x7f6761d24130 0x7f6761d24135
+B+: 0x7f6761d24140 0x7f6761d24145
+B+: 0x7f6761d24150 0x7f6761d24155
+B+: 0x7f6761d24160 0x7f6761d24165
+B+: 0x7f6761d24190 0x7f6761d24195
+B+: 0x7f6761d241c0 0x7f6761d241c5
+B+: 0x7f6761d241e0 0x7f6761d241e5
+B+: 0x7f6761d24220 0x7f6761d24225
+B+: 0x7f6761d24230 0x7f6761d24235
+B+: 0x7f6761d24280 0x7f6761d24285
+B+: 0x7f6761d242a0 0x7f6761d242a5
+B+: 0x7f6761d242d0 0x7f6761d242d5
+B+: 0x7f6761d24320 0x7f6761d24325
+B+: 0x7f6761d24330 0x7f6761d24335
+B+: 0x7f6761d24350 0x7f6761d24355
+B+: 0x7f6761d24370 0x7f6761d24375
+B+: 0x7f6761d24390 0x7f6761d24395
+B+: 0x7f6761d243b0 0x7f6761d243b5
+B+: 0x7f6761d243c0 0x7f6761d243c5
+B+: 0x7f6761d243e0 0x7f6761d243e5
+B+: 0x7f6761d24410 0x7f6761d24415
+B+: 0x7f6761d24460 0x7f6761d24465
+B+: 0x7f6761d24510 0x7f6761d24515
+B+: 0x7f6761d24560 0x7f6761d24565
+B+: 0x7f6761d24570 0x7f6761d24575
+B+: 0x7f6761d24590 0x7f6761d245b8
+B+: 0x7f6761d245b9 0x7f6761d245c4
+B+: 0x7f6761d245c5 0x7f6761d245cf
+B+: 0x7f6761d245d0 0x7f6761d245e7
+B+: 0x7f6761d245e8 0x7f6761d245ef
+B+: 0x7f6761d245f0 0x7f6761d24600
+B+: 0x7f6761d24601 0x7f6761d2460b
+B+: 0x7f6761d2460c 0x7f6761d24615
+B+: 0x7f6761d24616 0x7f6761d24623
+B+: 0x7f6761d24624 0x7f6761d2462b
+B+: 0x7f6761d2462c 0x7f6761d2463c
+B+: 0x7f6761d24657 0x7f6761d24660
+B+: 0x7f6761d24661 0x7f6761d24678
+B+: 0x7f6761d24679 0x7f6761d2467f
+B+: 0x7f6761d24680 0x7f6761d2468c
+B+: 0x7f6761d2468d 0x7f6761d24696
+B+: 0x7f6761d24697 0x7f6761d2469b
+B+: 0x7f6761d24760 0x7f6761d24789
+B+: 0x7f6761d247c0 0x7f6761d247e3
+B+: 0x7f6761d247f8 0x7f6761d247f8
+B+: 0x7f6761d24840 0x7f6761d24844
+B+: 0x7f6761d24850 0x7f6761d24863
+B+: 0x7f6761d24864 0x7f6761d2486f
+B+: 0x7f6761d24870 0x7f6761d2487d
+B+: 0x7f6761d2487e 0x7f6761d248aa
+B+: 0x7f6761d248ab 0x7f6761d248ac
+B+: 0x7f6761d248cb 0x7f6761d248d2
+B+: 0x7f6761d24a50 0x7f6761d24a57
+B+: 0x7f6761d24a58 0x7f6761d24a5e
+B+: 0x7f6761d24a5f 0x7f6761d24a63
+B+: 0x7f6761d24a71 0x7f6761d24a72
+B+: 0x7f6761d256d0 0x7f6761d256eb
+B+: 0x7f6761d256ec 0x7f6761d25705
+B+: 0x7f6761d25717 0x7f6761d2571b
+B+: 0x7f6761d2571c 0x7f6761d25720
+B+: 0x7f6761d2572c 0x7f6761d25730
+B+: 0x7f6761d2573e 0x7f6761d2574d
+B+: 0x7f6761d2574e 0x7f6761d25757
+B+: 0x7f6761d25758 0x7f6761d25775
+B+: 0x7f6761d25780 0x7f6761d25788
+B+: 0x7f6761d25789 0x7f6761d25790
+B+: 0x7f6761d25791 0x7f6761d2579c
+B+: 0x7f6761d26060 0x7f6761d2607e
+B+: 0x7f6761d2610d 0x7f6761d2611c
+B+: 0x7f6761d2611d 0x7f6761d26123
+B+: 0x7f6761d26140 0x7f6761d2614a
+B+: 0x7f6761d2614b 0x7f6761d26152
+B+: 0x7f6761d26153 0x7f6761d2615d
+B+: 0x7f6761d2615e 0x7f6761d2616f
+B+: 0x7f6761d26188 0x7f6761d2618c
+B+: 0x7f6761d2618d 0x7f6761d26191
+B+: 0x7f6761d26192 0x7f6761d2619c
+B+: 0x7f6761d261a7 0x7f6761d261ad
+B+: 0x7f6761d261ae 0x7f6761d261b5
+B+: 0x7f6761d261c0 0x7f6761d261cf
+B+: 0x7f6761d26bc0 0x7f6761d26bfa
+B+: 0x7f6761d26bfb 0x7f6761d26c07
+B+: 0x7f6761d26c08 0x7f6761d26c0f
+B+: 0x7f6761d26c10 0x7f6761d26c11
+B+: 0x7f6761d26c18 0x7f6761d26c21
+B+: 0x7f6761d26c22 0x7f6761d26c2e
+B+: 0x7f6761d26c32 0x7f6761d26c39
+B+: 0x7f6761d26c3a 0x7f6761d26c49
+B+: 0x7f6761d26c4a 0x7f6761d26c51
+B+: 0x7f6761d26c52 0x7f6761d26c58
+B+: 0x7f6761d26c59 0x7f6761d26c60
+B+: 0x7f6761d26c61 0x7f6761d26c68
+B+: 0x7f6761d26c69 0x7f6761d26c6d
+B+: 0x7f6761d26c6e 0x7f6761d26c77
+B+: 0x7f6761d26c78 0x7f6761d26c89
+B+: 0x7f6761d26c8a 0x7f6761d26c98
+B+: 0x7f6761d26e90 0x7f6761d26ed3
+B+: 0x7f6761d26edf 0x7f6761d26ef5
+B+: 0x7f6761d26ef6 0x7f6761d26efa
+B+: 0x7f6761d26efb 0x7f6761d26f5a
+B+: 0x7f6761d26f5b 0x7f6761d26f67
+B+: 0x7f6761d26f68 0x7f6761d26f77
+B+: 0x7f6761d26f78 0x7f6761d26f7f
+B+: 0x7f6761d26f80 0x7f6761d26f8b
+B+: 0x7f6761d26f8c 0x7f6761d26f94
+B+: 0x7f6761d26f95 0x7f6761d26f9b
+B+: 0x7f6761d26fa0 0x7f6761d26faf
+B+: 0x7f6761d26fb0 0x7f6761d26fc5
+B+: 0x7f6761d26fc6 0x7f6761d26fcf
+B+: 0x7f6761d26fd0 0x7f6761d26fe3
+B+: 0x7f6761d26fe4 0x7f6761d26ffc
+B+: 0x7f6761d27019 0x7f6761d2702b
+B+: 0x7f6761d2702c 0x7f6761d27034
+B+: 0x7f6761d27035 0x7f6761d27047
+B+: 0x7f6761d27048 0x7f6761d2705b
+B+: 0x7f6761d270a8 0x7f6761d270b4
+B+: 0x7f6761d270b5 0x7f6761d270b9
+B+: 0x7f6761d270db 0x7f6761d270e1
+B+: 0x7f6761d270f0 0x7f6761d27103
+B+: 0x7f6761d27104 0x7f6761d27113
+B+: 0x7f6761d27114 0x7f6761d2711b
+B+: 0x7f6761d2711c 0x7f6761d27122
+B+: 0x7f6761d27123 0x7f6761d27152
+B+: 0x7f6761d27153 0x7f6761d2715f
+B+: 0x7f6761d27160 0x7f6761d27168
+B+: 0x7f6761d27216 0x7f6761d2721c
+B+: 0x7f6761d27224 0x7f6761d2722d
+B+: 0x7f6761d2722e 0x7f6761d27237
+B+: 0x7f6761d27238 0x7f6761d27241
+B+: 0x7f6761d27242 0x7f6761d2724b
+B+: 0x7f6761d2725d 0x7f6761d27266
+B+: 0x7f6761d27267 0x7f6761d27281
+B+: 0x7f6761d27282 0x7f6761d27293
+B+: 0x7f6761d2734c 0x7f6761d27353
+B+: 0x7f6761d27354 0x7f6761d2736f
+B+: 0x7f6761d2751b 0x7f6761d27525
+B+: 0x7f6761d27526 0x7f6761d2752e
+B+: 0x7f6761d2752f 0x7f6761d27537
+B+: 0x7f6761d278d0 0x7f6761d278ec
+B+: 0x7f6761d278ed 0x7f6761d278f1
+B+: 0x7f6761d278f8 0x7f6761d278fa
+B+: 0x7f6761d278fb 0x7f6761d27907
+B+: 0x7f6761d27908 0x7f6761d2793e
+B+: 0x7f6761d2793f 0x7f6761d27940
+B+: 0x7f6761d27963 0x7f6761d27977
+B+: 0x7f6761d27980 0x7f6761d27986
+B+: 0x7f6761d27987 0x7f6761d2798e
+B+: 0x7f6761d2798f 0x7f6761d27997
+B+: 0x7f6761d27998 0x7f6761d279ba
+B+: 0x7f6761d279bb 0x7f6761d279bc
+B+: 0x7f6761d279c0 0x7f6761d279e7
+B+: 0x7f6761d279e8 0x7f6761d279f7
+B+: 0x7f6761d27a19 0x7f6761d27a21
+B+: 0x7f6761d27a22 0x7f6761d27a2a
+B+: 0x7f6761d27a2b 0x7f6761d27a34
+B+: 0x7f6761d27a35 0x7f6761d27a3f
+B+: 0x7f6761d27ad0 0x7f6761d27ae9
+B+: 0x7f6761d27aea 0x7f6761d27b00
+B+: 0x7f6761d27b10 0x7f6761d27b1f
+B+: 0x7f6761d27b20 0x7f6761d27b2b
+B+: 0x7f6761d27b2c 0x7f6761d27b31
+B+: 0x7f6761d27b32 0x7f6761d27b41
+B+: 0x7f6761d27b56 0x7f6761d27b61
+B+: 0x7f6761d27b62 0x7f6761d27b6f
+B+: 0x7f6761d27b70 0x7f6761d27b85
+B+: 0x7f6761d27b86 0x7f6761d27b97
+B+: 0x7f6761d27b98 0x7f6761d27bc0
+B+: 0x7f6761d27bc8 0x7f6761d27bcc
+B+: 0x7f6761d27bcd 0x7f6761d27bea
+B+: 0x7f6761d27d70 0x7f6761d27d98
+B+: 0x7f6761d27da0 0x7f6761d27da1
+B+: 0x7f6761d27da2 0x7f6761d27daa
+B+: 0x7f6761d27dab 0x7f6761d27dc5
+B+: 0x7f6761d27dc6 0x7f6761d27dc9
+B+: 0x7f6761d27dca 0x7f6761d27dd1
+B+: 0x7f6761d27dd2 0x7f6761d27de6
+B+: 0x7f6761d27df0 0x7f6761d27e2a
+B+: 0x7f6761d27e2b 0x7f6761d27e2f
+B+: 0x7f6761d27e46 0x7f6761d27e5c
+B+: 0x7f6761d27e5d 0x7f6761d27e6e
+B+: 0x7f6761d27e90 0x7f6761d27ead
+B+: 0x7f6761d27ec8 0x7f6761d27ed1
+B+: 0x7f6761d27ed2 0x7f6761d27edd
+B+: 0x7f6761d27f6c 0x7f6761d27f8f
+B+: 0x7f6761d27f90 0x7f6761d27f9c
+B+: 0x7f6761d27f9d 0x7f6761d27fa8
+B+: 0x7f6761d27fa9 0x7f6761d27fb0
+B+: 0x7f6761d27fb1 0x7f6761d27fc5
+B+: 0x7f6761d28008 0x7f6761d28012
+B+: 0x7f6761d28013 0x7f6761d2801e
+B+: 0x7f6761d2801f 0x7f6761d2802e
+B+: 0x7f6761d28060 0x7f6761d28066
+B+: 0x7f6761d28067 0x7f6761d28074
+B+: 0x7f6761d28075 0x7f6761d28086
+B+: 0x7f6761d28087 0x7f6761d2808e
+B+: 0x7f6761d2808f 0x7f6761d280a2
+B+: 0x7f6761d280a3 0x7f6761d280b0
+B+: 0x7f6761d28100 0x7f6761d28116
+B+: 0x7f6761d28145 0x7f6761d2814d
+B+: 0x7f6761d2814e 0x7f6761d28157
+B+: 0x7f6761d28160 0x7f6761d28166
+B+: 0x7f6761d281c0 0x7f6761d281d1
+B+: 0x7f6761d281e8 0x7f6761d281ef
+B+: 0x7f6761d28248 0x7f6761d2825b
+B+: 0x7f6761d2825c 0x7f6761d28271
+B+: 0x7f6761d287d0 0x7f6761d287ff
+B+: 0x7f6761d2880f 0x7f6761d28812
+B+: 0x7f6761d28813 0x7f6761d2881c
+B+: 0x7f6761d2881d 0x7f6761d28820
+B+: 0x7f6761d28821 0x7f6761d2882f
+B+: 0x7f6761d28830 0x7f6761d2883a
+B+: 0x7f6761d2884f 0x7f6761d2885a
+B+: 0x7f6761d2885f 0x7f6761d28862
+B+: 0x7f6761d28870 0x7f6761d28877
+B+: 0x7f6761d28878 0x7f6761d2888d
+B+: 0x7f6761d29440 0x7f6761d29464
+B+: 0x7f6761d2961e 0x7f6761d29627
+B+: 0x7f6761d29628 0x7f6761d29631
+B+: 0x7f6761d29632 0x7f6761d29659
+B+: 0x7f6761d296af 0x7f6761d296bc
+B+: 0x7f6761d296c0 0x7f6761d296cb
+B+: 0x7f6761d29730 0x7f6761d2973b
+B+: 0x7f6761d29740 0x7f6761d2975e
+B+: 0x7f6761d2975f 0x7f6761d29767
+B+: 0x7f6761d297d2 0x7f6761d297e3
+B+: 0x7f6761d298a0 0x7f6761d298a7
+B+: 0x7f6761d2a260 0x7f6761d2a2a5
+B+: 0x7f6761d2a2b5 0x7f6761d2a2be
+B+: 0x7f6761d2a2bf 0x7f6761d2a2d2
+B+: 0x7f6761d2a2d3 0x7f6761d2a2fc
+B+: 0x7f6761d2a2fd 0x7f6761d2a310
+B+: 0x7f6761d2a324 0x7f6761d2a328
+B+: 0x7f6761d2a336 0x7f6761d2a33f
+B+: 0x7f6761d2a340 0x7f6761d2a344
+B+: 0x7f6761d2a370 0x7f6761d2a386
+B+: 0x7f6761d2a387 0x7f6761d2a398
+B+: 0x7f6761d2a3a0 0x7f6761d2a3b6
+B+: 0x7f6761d2a3b7 0x7f6761d2a3d7
+B+: 0x7f6761d2a3dd 0x7f6761d2a3ec
+B+: 0x7f6761d2a850 0x7f6761d2a886
+B+: 0x7f6761d2a887 0x7f6761d2a89a
+B+: 0x7f6761d2a89b 0x7f6761d2a8ad
+B+: 0x7f6761d2a8ae 0x7f6761d2a8c4
+B+: 0x7f6761d2a8c5 0x7f6761d2a8d7
+B+: 0x7f6761d2a8d8 0x7f6761d2a8e7
+B+: 0x7f6761d2a8e8 0x7f6761d2a90c
+B+: 0x7f6761d2a90d 0x7f6761d2a915
+B+: 0x7f6761d2a924 0x7f6761d2a933
+B+: 0x7f6761d2a934 0x7f6761d2a947
+B+: 0x7f6761d2a948 0x7f6761d2a954
+B+: 0x7f6761d2a955 0x7f6761d2a95f
+B+: 0x7f6761d2a960 0x7f6761d2a964
+B+: 0x7f6761d2aa6a 0x7f6761d2aa7c
+B+: 0x7f6761d2aa7d 0x7f6761d2aa9c
+B+: 0x7f6761d2aba0 0x7f6761d2abad
+B+: 0x7f6761d2abae 0x7f6761d2abe1
+B+: 0x7f6761d2abf0 0x7f6761d2abfb
+B+: 0x7f6761d2adb0 0x7f6761d2adbd
+B+: 0x7f6761d2adbe 0x7f6761d2adca
+B+: 0x7f6761d2adcb 0x7f6761d2ade3
+B+: 0x7f6761d2ade8 0x7f6761d2adf4
+B+: 0x7f6761d2adf8 0x7f6761d2ae04
+B+: 0x7f6761d2ae05 0x7f6761d2ae12
+B+: 0x7f6761d2ae13 0x7f6761d2ae1d
+B+: 0x7f6761d2aeb4 0x7f6761d2aec1
+B+: 0x7f6761d2b160 0x7f6761d2b174
+B+: 0x7f6761d2b175 0x7f6761d2b187
+B+: 0x7f6761d2b188 0x7f6761d2b1a2
+B+: 0x7f6761d2b1a3 0x7f6761d2b1ac
+B+: 0x7f6761d2b1ad 0x7f6761d2b1b3
+B+: 0x7f6761d2b1d0 0x7f6761d2b1e5
+B+: 0x7f6761d2b1eb 0x7f6761d2b1f3
+B+: 0x7f6761d2b205 0x7f6761d2b20b
+B+: 0x7f6761d2b20c 0x7f6761d2b21d
+B+: 0x7f6761d2b21e 0x7f6761d2b226
+B+: 0x7f6761d2b227 0x7f6761d2b230
+B+: 0x7f6761d2b231 0x7f6761d2b232
+B+: 0x7f6761d2b240 0x7f6761d2b248
+B+: 0x7f6761d2b260 0x7f6761d2b260
+B+: 0x7f6761d2b520 0x7f6761d2b534
+B+: 0x7f6761d2b572 0x7f6761d2b578
+B+: 0x7f6761d2b580 0x7f6761d2b583
+B+: 0x7f6761d2b610 0x7f6761d2b656
+B+: 0x7f6761d2b65b 0x7f6761d2b686
+B+: 0x7f6761d2b687 0x7f6761d2b69d
+B+: 0x7f6761d2b6fc 0x7f6761d2b708
+B+: 0x7f6761d2b709 0x7f6761d2b711
+B+: 0x7f6761d2b712 0x7f6761d2b72a
+B+: 0x7f6761d2b72b 0x7f6761d2b73c
+B+: 0x7f6761d2b740 0x7f6761d2b747
+B+: 0x7f6761d2b748 0x7f6761d2b75f
+B+: 0x7f6761d2b760 0x7f6761d2b766
+B+: 0x7f6761d2b767 0x7f6761d2b780
+B+: 0x7f6761d2b790 0x7f6761d2b793
+B+: 0x7f6761d2b794 0x7f6761d2b798
+B+: 0x7f6761d2b7a2 0x7f6761d2b7aa
+B+: 0x7f6761d2b7ab 0x7f6761d2b7ae
+B+: 0x7f6761d2b7af 0x7f6761d2b7bd
+B+: 0x7f6761d2b7cb 0x7f6761d2b7d3
+B+: 0x7f6761d2b825 0x7f6761d2b841
+B+: 0x7f6761d2b842 0x7f6761d2b84d
+B+: 0x7f6761d2b87e 0x7f6761d2b88e
+B+: 0x7f6761d2b88f 0x7f6761d2b8a0
+B+: 0x7f6761d2b8a1 0x7f6761d2b8ad
+B+: 0x7f6761d2bc10 0x7f6761d2bc30
+B+: 0x7f6761d2bc31 0x7f6761d2bc58
+B+: 0x7f6761d2bc5e 0x7f6761d2bc66
+B+: 0x7f6761d2bc67 0x7f6761d2bc6f
+B+: 0x7f6761d2bc78 0x7f6761d2bc87
+B+: 0x7f6761d2bc88 0x7f6761d2bc89
+B+: 0x7f6761d2bca0 0x7f6761d2bcaf
+B+: 0x7f6761d2bcba 0x7f6761d2bcc4
+B+: 0x7f6761d2bce0 0x7f6761d2bce8
+B+: 0x7f6761d2c360 0x7f6761d2c36b
+B+: 0x7f6761d2c480 0x7f6761d2c480
+B+: 0x7f6761d2c9c0 0x7f6761d2c9db
+B+: 0x7f6761d2ca16 0x7f6761d2ca32
+B+: 0x7f6761d2ca33 0x7f6761d2ca52
+B+: 0x7f6761d2ca63 0x7f6761d2ca6a
+B+: 0x7f6761d2ca90 0x7f6761d2caa6
+B+: 0x7f6761d2caa7 0x7f6761d2caae
+B+: 0x7f6761d2caaf 0x7f6761d2cab6
+B+: 0x7f6761d2caf6 0x7f6761d2cb01
+B+: 0x7f6761d2cb0c 0x7f6761d2cb34
+B+: 0x7f6761d2cb40 0x7f6761d2cb57
+B+: 0x7f6761d2cb58 0x7f6761d2cb5f
+B+: 0x7f6761d2cb60 0x7f6761d2cb67
+B+: 0x7f6761d2cb68 0x7f6761d2cb70
+B+: 0x7f6761d2cb71 0x7f6761d2cb7a
+B+: 0x7f6761d2cb7b 0x7f6761d2cb80
+B+: 0x7f6761d2cb97 0x7f6761d2cb9c
+B+: 0x7f6761d2cc0a 0x7f6761d2cc3d
+B+: 0x7f6761d2cc47 0x7f6761d2cc53
+B+: 0x7f6761d2ced0 0x7f6761d2cede
+B+: 0x7f6761d2cedf 0x7f6761d2cee7
+B+: 0x7f6761d2cee8 0x7f6761d2cefc
+B+: 0x7f6761d2cefd 0x7f6761d2cf02
+B+: 0x7f6761d2cf03 0x7f6761d2cf1b
+B+: 0x7f6761d2cf1c 0x7f6761d2cf21
+B+: 0x7f6761d2cf22 0x7f6761d2cf2b
+B+: 0x7f6761d2cfc0 0x7f6761d2cfc7
+B+: 0x7f6761d2cfc8 0x7f6761d2cfd0
+B+: 0x7f6761d2d760 0x7f6761d2d768
+B+: 0x7f6761d2d769 0x7f6761d2d76d
+B+: 0x7f6761d2d76e 0x7f6761d2d772
+B+: 0x7f6761d2d780 0x7f6761d2d788
+B+: 0x7f6761d2d789 0x7f6761d2d78d
+B+: 0x7f6761d2d78e 0x7f6761d2d792
+B+: 0x7f6761d2d7c0 0x7f6761d2d7d9
+B+: 0x7f6761d2d7da 0x7f6761d2d7e6
+B+: 0x7f6761d2d7f7 0x7f6761d2d802
+B+: 0x7f6761d2d803 0x7f6761d2d80b
+B+: 0x7f6761d2d80c 0x7f6761d2d841
+B+: 0x7f6761d2d842 0x7f6761d2d84b
+B+: 0x7f6761d2d84c 0x7f6761d2d852
+B+: 0x7f6761d2d853 0x7f6761d2d875
+B+: 0x7f6761d2d880 0x7f6761d2d88e
+B+: 0x7f6761d2d8b0 0x7f6761d2d8c8
+B+: 0x7f6761d2d900 0x7f6761d2d941
+B+: 0x7f6761d2d950 0x7f6761d2d966
+B+: 0x7f6761d2d967 0x7f6761d2d97e
+B+: 0x7f6761d2d97f 0x7f6761d2d98a
+B+: 0x7f6761d2d98b 0x7f6761d2d9b3
+B+: 0x7f6761d2d9b4 0x7f6761d2d9bd
+B+: 0x7f6761d2d9be 0x7f6761d2d9bf
+B+: 0x7f6761d2d9d0 0x7f6761d2d9e8
+B+: 0x7f6761d2d9e9 0x7f6761d2da14
+B+: 0x7f6761d2da1e 0x7f6761d2da25
+B+: 0x7f6761d2da26 0x7f6761d2da33
+B+: 0x7f6761d2da34 0x7f6761d2da46
+B+: 0x7f6761d2dae0 0x7f6761d2dafe
+B+: 0x7f6761d2daff 0x7f6761d2db0c
+B+: 0x7f6761d2db0d 0x7f6761d2db1b
+B+: 0x7f6761d2db1c 0x7f6761d2db2c
+B+: 0x7f6761d2db40 0x7f6761d2db62
+B+: 0x7f6761d2db98 0x7f6761d2dba9
+B+: 0x7f6761d2e6d0 0x7f6761d2e6f4
+B+: 0x7f6761d2e6f5 0x7f6761d2e70d
+B+: 0x7f6761d2e70e 0x7f6761d2e712
+B+: 0x7f6761d2e713 0x7f6761d2e71e
+B+: 0x7f6761d2e71f 0x7f6761d2e723
+B+: 0x7f6761d2e724 0x7f6761d2e728
+B+: 0x7f6761d2e729 0x7f6761d2e730
+B+: 0x7f6761d2e73c 0x7f6761d2e749
+B+: 0x7f6761d2e74a 0x7f6761d2e74d
+B+: 0x7f6761d2e74e 0x7f6761d2e760
+B+: 0x7f6761d2e761 0x7f6761d2e76b
+B+: 0x7f6761d2e790 0x7f6761d2e79d
+B+: 0x7f6761d2e79e 0x7f6761d2e7a5
+B+: 0x7f6761d2e7a6 0x7f6761d2e7a7
+B+: 0x7f6761d2e890 0x7f6761d2e89d
+B+: 0x7f6761d2e89e 0x7f6761d2e8a9
+B+: 0x7f6761d2e8aa 0x7f6761d2e8bd
+B+: 0x7f6761d2e8c0 0x7f6761d2e8ca
+B+: 0x7f6761d2e8d0 0x7f6761d2e8ef
+B+: 0x7f6761d2e8f0 0x7f6761d2e8f4
+B+: 0x7f6761d2e8f5 0x7f6761d2e90c
+B+: 0x7f6761d2e90d 0x7f6761d2e910
+B+: 0x7f6761d2e911 0x7f6761d2e912
+B+: 0x7f6761d2e913 0x7f6761d2e91b
+B+: 0x7f6761d2e91c 0x7f6761d2e930
+B+: 0x7f6761d2e938 0x7f6761d2e93c
+B+: 0x7f6761d2e980 0x7f6761d2e98f
+B+: 0x7f6761d2e990 0x7f6761d2e99b
+B+: 0x7f6761d2e99c 0x7f6761d2e9ab
+B+: 0x7f6761d2ea80 0x7f6761d2ea93
+B+: 0x7f6761d2ea94 0x7f6761d2eaac
+B+: 0x7f6761d2eaad 0x7f6761d2eabf
+B+: 0x7f6761d2eac0 0x7f6761d2eada
+B+: 0x7f6761d2eadb 0x7f6761d2eae3
+B+: 0x7f6761d2eaec 0x7f6761d2eaf8
+B+: 0x7f6761d2eaf9 0x7f6761d2eb02
+B+: 0x7f6761d2eb03 0x7f6761d2eb06
+B+: 0x7f6761d2eb07 0x7f6761d2eb1a
+B+: 0x7f6761d2ec49 0x7f6761d2ec55
+B+: 0x7f6761d2ec56 0x7f6761d2ec67
+B+: 0x7f6761d2ec82 0x7f6761d2ec93
+B+: 0x7f6761d2ed77 0x7f6761d2ed82
+B+: 0x7f6761d2eda0 0x7f6761d2edb2
+B+: 0x7f6761d2edb3 0x7f6761d2eddf
+B+: 0x7f6761d2ede0 0x7f6761d2edeb
+B+: 0x7f6761d2edec 0x7f6761d2edfc
+B+: 0x7f6761d2edfd 0x7f6761d2ee18
+B+: 0x7f6761d2ee19 0x7f6761d2ee25
+B+: 0x7f6761d2ee26 0x7f6761d2ee2e
+B+: 0x7f6761d2ee2f 0x7f6761d2ee3f
+B+: 0x7f6761d2ee40 0x7f6761d2ee44
+B+: 0x7f6761d2ee45 0x7f6761d2ee50
+B+: 0x7f6761d2ee51 0x7f6761d2ee5d
+B+: 0x7f6761d2ee5e 0x7f6761d2ee77
+B+: 0x7f6761d2eece 0x7f6761d2eed2
+B+: 0x7f6761d2eed3 0x7f6761d2eede
+B+: 0x7f6761d2eee0 0x7f6761d2eeec
+B+: 0x7f6761d2ef60 0x7f6761d2ef7c
+B+: 0x7f6761d2f120 0x7f6761d2f128
+B+: 0x7f6761d2f129 0x7f6761d2f147
+B+: 0x7f6761d2f750 0x7f6761d2f75e
+B+: 0x7f6761d2f75f 0x7f6761d2f763
+B+: 0x7f6761d2f764 0x7f6761d2f770
+B+: 0x7f6761d2f771 0x7f6761d2f777
+B+: 0x7f6761d2f778 0x7f6761d2f783
+B+: 0x7f6761d2f784 0x7f6761d2f788
+B+: 0x7f6761d2f789 0x7f6761d2f78d
+B+: 0x7f6761d2f78e 0x7f6761d2f796
+B+: 0x7f6761d2f797 0x7f6761d2f79e
+B+: 0x7f6761d2f890 0x7f6761d2f892
+B+: 0x7f6761d2f8a7 0x7f6761d2f8ab
+B+: 0x7f6761d2f8ac 0x7f6761d2f8b2
+B+: 0x7f6761d2f8b3 0x7f6761d2f8b6
+B+: 0x7f6761d2f8d0 0x7f6761d2f8e1
+B+: 0x7f6761d2f8e2 0x7f6761d2f8e6
+B+: 0x7f6761d2f8e7 0x7f6761d2f8eb
+B+: 0x7f6761d2f8ec 0x7f6761d2f8f1
+B+: 0x7f6761d2f8f2 0x7f6761d2f8fa
+B+: 0x7f6761d2f8fb 0x7f6761d2f8fc
+B+: 0x7f6761d2f940 0x7f6761d2f948
+B+: 0x7f6761d2f949 0x7f6761d2f951
+B+: 0x7f6761d2f980 0x7f6761d2f988
+B+: 0x7f6761d2f989 0x7f6761d2f98a
+B+: 0x7f6761d2f98b 0x7f6761d2f991
+B+: 0x7f6761d2f992 0x7f6761d2f9a2
+B+: 0x7f6761d2f9a8 0x7f6761d2f9ac
+B+: 0x7f6761d2f9eb 0x7f6761d2fa00
+B+: 0x7f6761d2fa08 0x7f6761d2fa10
+B+: 0x7f6761d2faf0 0x7f6761d2fb11
+B+: 0x7f6761d2fb12 0x7f6761d2fb16
+B+: 0x7f6761d2fb17 0x7f6761d2fb1d
+B+: 0x7f6761d2fb1e 0x7f6761d2fb26
+B+: 0x7f6761d2fb27 0x7f6761d2fb34
+B+: 0x7f6761d2fb35 0x7f6761d2fb3c
+B+: 0x7f6761d2fb3d 0x7f6761d2fb49
+B+: 0x7f6761d2fb4a 0x7f6761d2fb5a
+B+: 0x7f6761d2fb5b 0x7f6761d2fb63
+B+: 0x7f6761d2fb7f 0x7f6761d2fb93
+B+: 0x7f6761d2fb94 0x7f6761d2fb9c
+B+: 0x7f6761d2fbe0 0x7f6761d2fbf7
+B+: 0x7f6761d2fbf8 0x7f6761d2fc00
+B+: 0x7f6761d2fc1b 0x7f6761d2fc2b
+B+: 0x7f6761d2fd40 0x7f6761d2fd5e
+B+: 0x7f6761d2fd5f 0x7f6761d2fd6d
+B+: 0x7f6761d2fd6e 0x7f6761d2fd72
+B+: 0x7f6761d2fd7d 0x7f6761d2fd90
+B+: 0x7f6761d2fd91 0x7f6761d2fd95
+B+: 0x7f6761d2fd96 0x7f6761d2fd9a
+B+: 0x7f6761d2fda0 0x7f6761d2fda4
+B+: 0x7f6761d2fdd5 0x7f6761d2fdd9
+B+: 0x7f6761d2fdda 0x7f6761d2fdde
+B+: 0x7f6761d2fdf0 0x7f6761d2fdfb
+B+: 0x7f6761d2fdfc 0x7f6761d2fe07
+B+: 0x7f6761d2fe08 0x7f6761d2fe10
+B+: 0x7f6761d2fe2c 0x7f6761d2fe30
+B+: 0x7f6761d2fe31 0x7f6761d2fe36
+B+: 0x7f6761d2fe41 0x7f6761d2fe45
+B+: 0x7f6761d2fe46 0x7f6761d2fe54
+B+: 0x7f6761d2fe55 0x7f6761d2fe5d
+B+: 0x7f6761d2fe5e 0x7f6761d2fe62
+B+: 0x7f6761d2fe63 0x7f6761d2fe74
+B+: 0x7f6761d2fe78 0x7f6761d2fe84
+B+: 0x7f6761d2fea0 0x7f6761d2fea4
+B+: 0x7f6761d2fef0 0x7f6761d2ff03
+B+: 0x7f6761d2ff40 0x7f6761d2ff76
+B+: 0x7f6761d2ff77 0x7f6761d2ff82
+B+: 0x7f6761d2ff83 0x7f6761d2ff92
+B+: 0x7f6761d3001b 0x7f6761d30031
+B+: 0x7f6761d30032 0x7f6761d30040
+B+: 0x7f6761d30075 0x7f6761d300b8
+B+: 0x7f6761d300b9 0x7f6761d300c3
+B+: 0x7f6761d300c4 0x7f6761d300cc
+B+: 0x7f6761d300cd 0x7f6761d300d5
+B+: 0x7f6761d300d6 0x7f6761d300de
+B+: 0x7f6761d300df 0x7f6761d30106
+B+: 0x7f6761d30107 0x7f6761d30133
+B+: 0x7f6761d30578 0x7f6761d30581
+B+: 0x7f6761d30582 0x7f6761d305a8
+B+: 0x7f6761d305a9 0x7f6761d305b6
+B+: 0x7f6761d305d0 0x7f6761d305e0
+B+: 0x7f6761d305e1 0x7f6761d305ee
+B+: 0x7f6761d305ef 0x7f6761d305f3
+B+: 0x7f6761d30670 0x7f6761d3067e
+B+: 0x7f6761d3067f 0x7f6761d30683
+B+: 0x7f6761d30684 0x7f6761d30692
+B+: 0x7f6761d30693 0x7f6761d3069a
+B+: 0x7f6761d3069b 0x7f6761d306a2
+B+: 0x7f6761d306a3 0x7f6761d306b7
+B+: 0x7f6761d30790 0x7f6761d307bc
+B+: 0x7f6761d307bd 0x7f6761d307d4
+B+: 0x7f6761d307e0 0x7f6761d3083a
+B+: 0x7f6761d3083b 0x7f6761d30875
+B+: 0x7f6761d30876 0x7f6761d30893
+B+: 0x7f6761d30894 0x7f6761d308a3
+B+: 0x7f6761d308a4 0x7f6761d308b0
+B+: 0x7f6761d309b4 0x7f6761d309b8
+B+: 0x7f6761d309b9 0x7f6761d309cf
+B+: 0x7f6761d309d0 0x7f6761d309dc
+B+: 0x7f6761d309dd 0x7f6761d309ef
+B+: 0x7f6761d309f0 0x7f6761d309f7
+B+: 0x7f6761d30a01 0x7f6761d30a16
+B+: 0x7f6761d30a28 0x7f6761d30a3d
+B+: 0x7f6761d30a3e 0x7f6761d30a4d
+B+: 0x7f6761d30a79 0x7f6761d30a97
+B+: 0x7f6761d30a98 0x7f6761d30ac0
+B+: 0x7f6761d30ac1 0x7f6761d30acf
+B+: 0x7f6761d31148 0x7f6761d31154
+B+: 0x7f6761d31155 0x7f6761d31174
+B+: 0x7f6761d31175 0x7f6761d3117f
+B+: 0x7f6761d311ac 0x7f6761d311b0
+B+: 0x7f6761d311b1 0x7f6761d311b5
+B+: 0x7f6761d31a40 0x7f6761d31a64
+B+: 0x7f6761d31b10 0x7f6761d31b1a
+B+: 0x7f6761d31b40 0x7f6761d31b47
+B+: 0x7f6761d31b48 0x7f6761d31b51
+B+: 0x7f6761d31b58 0x7f6761d31b60
+B+: 0x7f6761d31b61 0x7f6761d31b6a
+B+: 0x7f6761d31b88 0x7f6761d31b8c
+B+: 0x7f6761d31b8d 0x7f6761d31b94
+B+: 0x7f6761d31ba0 0x7f6761d31ba4
+B+: 0x7f6761d31d00 0x7f6761d31d30
+B+: 0x7f6761d31e3f 0x7f6761d31e55
+B+: 0x7f6761d31e56 0x7f6761d31e67
+B+: 0x7f6761d321e0 0x7f6761d32222
+B+: 0x7f6761d32223 0x7f6761d32228
+B+: 0x7f6761d3224c 0x7f6761d32260
+B+: 0x7f6761d32261 0x7f6761d32269
+B+: 0x7f6761d32270 0x7f6761d32279
+B+: 0x7f6761d32288 0x7f6761d322a0
+B+: 0x7f6761d322a1 0x7f6761d322ba
+B+: 0x7f6761d322bb 0x7f6761d322bc
+B+: 0x7f6761d322d0 0x7f6761d322d8
+B+: 0x7f6761d322f8 0x7f6761d322f8
+B+: 0x7f6761d32300 0x7f6761d3230c
+B+: 0x7f6761d3233f 0x7f6761d32343
+B+: 0x7f6761d32380 0x7f6761d32384
+B+: 0x7f6761d323d0 0x7f6761d323e3
+B+: 0x7f6761d32400 0x7f6761d32400
+B+: 0x7f6761d32420 0x7f6761d3245b
+B+: 0x7f6761d32467 0x7f6761d32471
+B+: 0x7f6761d32472 0x7f6761d32489
+B+: 0x7f6761d3248a 0x7f6761d3248d
+B+: 0x7f6761d3248e 0x7f6761d32494
+B+: 0x7f6761d32495 0x7f6761d3249d
+B+: 0x7f6761d3249e 0x7f6761d324a9
+B+: 0x7f6761d324aa 0x7f6761d324c2
+B+: 0x7f6761d324c3 0x7f6761d324ce
+B+: 0x7f6761d324cf 0x7f6761d324e5
+B+: 0x7f6761d324e6 0x7f6761d324f5
+B+: 0x7f6761d32500 0x7f6761d3250e
+B+: 0x7f6761d3250f 0x7f6761d32513
+B+: 0x7f6761d32514 0x7f6761d3251e
+B+: 0x7f6761d32540 0x7f6761d32549
+B+: 0x7f6761d3254a 0x7f6761d3254e
+B+: 0x7f6761d3254f 0x7f6761d32560
+B+: 0x7f6761d32568 0x7f6761d32577
+B+: 0x7f6761d32580 0x7f6761d32589
+B+: 0x7f6761d325a8 0x7f6761d325bb
+B+: 0x7f6761d325c0 0x7f6761d325ce
+B+: 0x7f6761d325cf 0x7f6761d325dc
+B+: 0x7f6761d326f0 0x7f6761d326fd
+B+: 0x7f6761d327a0 0x7f6761d327a0
+B+: 0x7f6761d327b0 0x7f6761d327ba
+B+: 0x7f6761d327bb 0x7f6761d327ce
+B+: 0x7f6761d327cf 0x7f6761d327d8
+B+: 0x7f6761d327d9 0x7f6761d327e6
+B+: 0x7f6761d32800 0x7f6761d3282d
+B+: 0x7f6761d3282e 0x7f6761d32831
+B+: 0x7f6761d32832 0x7f6761d32847
+B+: 0x7f6761d32864 0x7f6761d3286b
+B+: 0x7f6761d3286c 0x7f6761d3286f
+B+: 0x7f6761d32870 0x7f6761d32876
+B+: 0x7f6761d32877 0x7f6761d3287b
+B+: 0x7f6761d3287c 0x7f6761d32886
+B+: 0x7f6761d32ae0 0x7f6761d32b01
+B+: 0x7f6761d32b02 0x7f6761d32b0a
+B+: 0x7f6761d32b0b 0x7f6761d32b14
+B+: 0x7f6761d32b15 0x7f6761d32b19
+B+: 0x7f6761d32c00 0x7f6761d32c19
+B+: 0x7f6761d32c51 0x7f6761d32c8e
+B+: 0x7f6761d32c8f 0x7f6761d32c9e
+B+: 0x7f6761d32c9f 0x7f6761d32ca6
+B+: 0x7f6761d32df0 0x7f6761d32dfb
+B+: 0x7f6761d32e20 0x7f6761d32e20
+B+: 0x7f6761d32e30 0x7f6761d32e38
+B+: 0x7f6761d34940 0x7f6761d3494b
+B+: 0x7f6761d3494c 0x7f6761d34957
+B+: 0x7f6761d34958 0x7f6761d34964
+B+: 0x7f6761d34965 0x7f6761d34969
+B+: 0x7f6761d3496a 0x7f6761d3496f
+B+: 0x7f6761d34970 0x7f6761d34976
+B+: 0x7f6761d34980 0x7f6761d34987
+B+: 0x7f6761d34988 0x7f6761d3498c
+B+: 0x7f6761d3498d 0x7f6761d3499b
+B+: 0x7f6761d3499c 0x7f6761d349a0
+B+: 0x7f6761d349a1 0x7f6761d349a8
+B+: 0x7f6761d349a9 0x7f6761d349ad
+B+: 0x7f6761d349ae 0x7f6761d349b8
+B+: 0x7f6761d349b9 0x7f6761d349b9
+B+: 0x7f6761d349c0 0x7f6761d349c5
+B+: 0x7f6761d349c6 0x7f6761d349c9
+B+: 0x7f6761d349d0 0x7f6761d349d0
+B+: 0x7f6761d349d1 0x7f6761d349d5
+B+: 0x7f6761d349d6 0x7f6761d349d9
+B+: 0x7f6761d349e0 0x7f6761d349ff
+B+: 0x7f6761d34a00 0x7f6761d34a11
+B+: 0x7f6761d34a12 0x7f6761d34a16
+B+: 0x7f6761d34a20 0x7f6761d34a22
+B+: 0x7f6761d34a23 0x7f6761d34a2f
+B+: 0x7f6761d34a30 0x7f6761d34a33
+B+: 0x7f6761d34a34 0x7f6761d34a5d
+B+: 0x7f6761d34a5e 0x7f6761d34a62
+B+: 0x7f6761d34a63 0x7f6761d34a82
+B+: 0x7f6761d34ac0 0x7f6761d34ade
+B+: 0x7f6761d34adf 0x7f6761d34ae3
+B+: 0x7f6761d34ae4 0x7f6761d34ae8
+B+: 0x7f6761d34af0 0x7f6761d34af2
+B+: 0x7f6761d34af3 0x7f6761d34aff
+B+: 0x7f6761d34b00 0x7f6761d34b03
+B+: 0x7f6761d34b04 0x7f6761d34b3e
+B+: 0x7f6761d34b3f 0x7f6761d34b49
+B+: 0x7f6761d34b4a 0x7f6761d34b57
+B+: 0x7f6761d34b58 0x7f6761d34b5d
+B+: 0x7f6761d34b5e 0x7f6761d34b66
+B+: 0x7f6761d34b67 0x7f6761d34b70
+B+: 0x7f6761d34b71 0x7f6761d34b7a
+B+: 0x7f6761d34b7b 0x7f6761d34b9a
+B+: 0x7f6761d34b9b 0x7f6761d34ba3
+B+: 0x7f6761d34ba4 0x7f6761d34bbd
+B+: 0x7f6761d34bc0 0x7f6761d34bc5
+B+: 0x7f6761d34bc6 0x7f6761d34bcf
+B+: 0x7f6761d34bd0 0x7f6761d34bd9
+B+: 0x7f6761d34bda 0x7f6761d34bf7
+B+: 0x7f6761d34c08 0x7f6761d34c14
+B+: 0x7f6761d34c15 0x7f6761d34c1b
+B+: 0x7f6761d34c1c 0x7f6761d34c29
+B+: 0x7f6761d34cb0 0x7f6761d34cca
+B+: 0x7f6761d34ccb 0x7f6761d34cda
+B+: 0x7f6761d34cdb 0x7f6761d34ce6
+B+: 0x7f6761d34ce7 0x7f6761d34cef
+B+: 0x7f6761d34cf0 0x7f6761d34cf4
+B+: 0x7f6761d34cf5 0x7f6761d34cfc
+B+: 0x7f6761d34cfd 0x7f6761d34d10
+B+: 0x7f6761d34d11 0x7f6761d34d21
+B+: 0x7f6761d34d22 0x7f6761d34d26
+B+: 0x7f6761d34d27 0x7f6761d34d38
+B+: 0x7f6761d34d39 0x7f6761d34d4b
+B+: 0x7f6761d34d4c 0x7f6761d34d54
+B+: 0x7f6761d34d55 0x7f6761d34d5e
+B+: 0x7f6761d34d5f 0x7f6761d34d6d
+B+: 0x7f6761d34ea0 0x7f6761d34eb6
+B+: 0x7f6761d34eb7 0x7f6761d34ebb
+B+: 0x7f6761d34ebc 0x7f6761d34ec0
+B+: 0x7f6761d34ec8 0x7f6761d34ecb
+B+: 0x7f6761d34ecc 0x7f6761d34ed9
+B+: 0x7f6761d34eda 0x7f6761d34edd
+B+: 0x7f6761d34ede 0x7f6761d34f06
+B+: 0x7f6761d34f07 0x7f6761d34f10
+B+: 0x7f6761d34f11 0x7f6761d34f16
+B+: 0x7f6761d34f17 0x7f6761d34f24
+B+: 0x7f6761d34f25 0x7f6761d34f2d
+B+: 0x7f6761d35440 0x7f6761d3546b
+B+: 0x7f6761d3546c 0x7f6761d35470
+B+: 0x7f6761d35471 0x7f6761d35475
+B+: 0x7f6761d35536 0x7f6761d3553e
+B+: 0x7f6761d3553f 0x7f6761d35548
+B+: 0x7f6761d35549 0x7f6761d35551
+B+: 0x7f6761d355d0 0x7f6761d355e4
+B+: 0x7f6761d355e5 0x7f6761d35606
+B+: 0x7f6761d35607 0x7f6761d35610
+B+: 0x7f6761d35611 0x7f6761d35618
+B+: 0x7f6761d35640 0x7f6761d35648
+B+: 0x7f6761d35649 0x7f6761d35656
+B+: 0x7f6761d35657 0x7f6761d3565f
+B+: 0x7f6761d35660 0x7f6761d35661
+B+: 0x7f6761d35760 0x7f6761d357aa
+B+: 0x7f6761d357ab 0x7f6761d357af
+B+: 0x7f6761d357b0 0x7f6761d357be
+B+: 0x7f6761d357c8 0x7f6761d357d3
+B+: 0x7f6761d357d4 0x7f6761d357d8
+B+: 0x7f6761d357d9 0x7f6761d357e0
+B+: 0x7f6761d357e1 0x7f6761d357e5
+B+: 0x7f6761d357e6 0x7f6761d357f3
+B+: 0x7f6761d357f4 0x7f6761d357fb
+B+: 0x7f6761d35800 0x7f6761d35810
+B+: 0x7f6761d35811 0x7f6761d35815
+B+: 0x7f6761d35816 0x7f6761d35832
+B+: 0x7f6761d35833 0x7f6761d35843
+B+: 0x7f6761d35844 0x7f6761d3584f
+B+: 0x7f6761d35850 0x7f6761d35857
+B+: 0x7f6761d35858 0x7f6761d3585c
+B+: 0x7f6761d3585d 0x7f6761d35868
+B+: 0x7f6761d35869 0x7f6761d3587b
+B+: 0x7f6761d3587c 0x7f6761d35884
+B+: 0x7f6761d35888 0x7f6761d35897
+B+: 0x7f6761d35898 0x7f6761d3589b
+B+: 0x7f6761d3589c 0x7f6761d358b4
+B+: 0x7f6761d358b5 0x7f6761d358b8
+B+: 0x7f6761d358b9 0x7f6761d358c6
+B+: 0x7f6761d358c7 0x7f6761d358d5
+B+: 0x7f6761d35dc0 0x7f6761d35dec
+B+: 0x7f6761d35ded 0x7f6761d35df2
+B+: 0x7f6761d35df3 0x7f6761d35e04
+B+: 0x7f6761d35e05 0x7f6761d35e0d
+B+: 0x7f6761d35e0e 0x7f6761d35e1c
+CND+ 0x7f6761d2400e: taken
+CND+ 0x7f6761d245ea: not taken
+CND+ 0x7f6761d24626: not taken
+CND+ 0x7f6761d2463b: taken
+CND+ 0x7f6761d24673: not taken
+CND+ 0x7f6761d24687: not taken
+CND+ 0x7f6761d24695: not taken
+CND+ 0x7f6761d247e2: taken
+CND+ 0x7f6761d24862: not taken
+CND+ 0x7f6761d2487c: both
+CND+ 0x7f6761d248a9: not taken
+CND+ 0x7f6761d24a5d: not taken
+CND+ 0x7f6761d24a62: taken
+CND+ 0x7f6761d256e6: not taken
+CND+ 0x7f6761d25704: taken
+CND+ 0x7f6761d2571a: not taken
+CND+ 0x7f6761d2571f: taken
+CND+ 0x7f6761d2572f: taken
+CND+ 0x7f6761d2574c: not taken
+CND+ 0x7f6761d25756: not taken
+CND+ 0x7f6761d2578f: not taken
+CND+ 0x7f6761d2579b: taken
+CND+ 0x7f6761d26079: taken
+CND+ 0x7f6761d2611b: not taken
+CND+ 0x7f6761d26149: not taken
+CND+ 0x7f6761d26158: not taken
+CND+ 0x7f6761d26190: not taken
+CND+ 0x7f6761d261ce: taken
+CND+ 0x7f6761d26c20: not taken
+CND+ 0x7f6761d26c2d: taken
+CND+ 0x7f6761d26c48: not taken
+CND+ 0x7f6761d26c5f: both
+CND+ 0x7f6761d26c88: not taken
+CND+ 0x7f6761d26ed2: taken
+CND+ 0x7f6761d26f55: not taken
+CND+ 0x7f6761d26f7e: not taken
+CND+ 0x7f6761d26f8a: not taken
+CND+ 0x7f6761d26f93: both
+CND+ 0x7f6761d26fc4: not taken
+CND+ 0x7f6761d26fe2: both
+CND+ 0x7f6761d26ffb: taken
+CND+ 0x7f6761d2705a: taken
+CND+ 0x7f6761d270af: not taken
+CND+ 0x7f6761d270b8: taken
+CND+ 0x7f6761d270e0: taken
+CND+ 0x7f6761d27116: not taken
+CND+ 0x7f6761d2715a: not taken
+CND+ 0x7f6761d27163: taken
+CND+ 0x7f6761d2721b: taken
+CND+ 0x7f6761d2724a: taken
+CND+ 0x7f6761d2727c: not taken
+CND+ 0x7f6761d2736a: taken
+CND+ 0x7f6761d27520: not taken
+CND+ 0x7f6761d27529: not taken
+CND+ 0x7f6761d27532: taken
+CND+ 0x7f6761d278eb: not taken
+CND+ 0x7f6761d27906: both
+CND+ 0x7f6761d2793d: not taken
+CND+ 0x7f6761d27985: both
+CND+ 0x7f6761d279f6: taken
+CND+ 0x7f6761d27a20: both
+CND+ 0x7f6761d27a29: not taken
+CND+ 0x7f6761d27a33: not taken
+CND+ 0x7f6761d27ae4: not taken
+CND+ 0x7f6761d27afb: taken
+CND+ 0x7f6761d27b2a: both
+CND+ 0x7f6761d27b30: both
+CND+ 0x7f6761d27b40: taken
+CND+ 0x7f6761d27b60: not taken
+CND+ 0x7f6761d27b96: not taken
+CND+ 0x7f6761d27be5: taken
+CND+ 0x7f6761d27da0: not taken
+CND+ 0x7f6761d27da9: not taken
+CND+ 0x7f6761d27dc8: both
+CND+ 0x7f6761d27dd0: both
+CND+ 0x7f6761d27e2e: taken
+CND+ 0x7f6761d27e57: not taken
+CND+ 0x7f6761d27eac: taken
+CND+ 0x7f6761d27ed8: taken
+CND+ 0x7f6761d27fa3: not taken
+CND+ 0x7f6761d27fc0: taken
+CND+ 0x7f6761d28019: not taken
+CND+ 0x7f6761d28065: not taken
+CND+ 0x7f6761d2806f: not taken
+CND+ 0x7f6761d28089: both
+CND+ 0x7f6761d2809d: not taken
+CND+ 0x7f6761d280ab: taken
+CND+ 0x7f6761d2814c: not taken
+CND+ 0x7f6761d28156: taken
+CND+ 0x7f6761d281cc: taken
+CND+ 0x7f6761d281ee: taken
+CND+ 0x7f6761d28811: both
+CND+ 0x7f6761d2881b: not taken
+CND+ 0x7f6761d2881f: not taken
+CND+ 0x7f6761d28839: taken
+CND+ 0x7f6761d28859: taken
+CND+ 0x7f6761d28861: taken
+CND+ 0x7f6761d2945f: taken
+CND+ 0x7f6761d29626: not taken
+CND+ 0x7f6761d296ca: taken
+CND+ 0x7f6761d29762: taken
+CND+ 0x7f6761d2a2a4: taken
+CND+ 0x7f6761d2a2bd: not taken
+CND+ 0x7f6761d2a2cd: not taken
+CND+ 0x7f6761d2a30f: taken
+CND+ 0x7f6761d2a327: taken
+CND+ 0x7f6761d2a33a: not taken
+CND+ 0x7f6761d2a343: taken
+CND+ 0x7f6761d2a381: not taken
+CND+ 0x7f6761d2a3d6: taken
+CND+ 0x7f6761d2a3e7: taken
+CND+ 0x7f6761d2a895: not taken
+CND+ 0x7f6761d2a8a8: not taken
+CND+ 0x7f6761d2a8d2: not taken
+CND+ 0x7f6761d2a907: not taken
+CND+ 0x7f6761d2a942: taken
+CND+ 0x7f6761d2a953: not taken
+CND+ 0x7f6761d2a963: taken
+CND+ 0x7f6761d2aa7b: not taken
+CND+ 0x7f6761d2adbc: both
+CND+ 0x7f6761d2adc9: both
+CND+ 0x7f6761d2ae03: not taken
+CND+ 0x7f6761d2ae0d: not taken
+CND+ 0x7f6761d2ae18: taken
+CND+ 0x7f6761d2b1a1: not taken
+CND+ 0x7f6761d2b1ab: not taken
+CND+ 0x7f6761d2b1e4: taken
+CND+ 0x7f6761d2b1f2: taken
+CND+ 0x7f6761d2b20a: not taken
+CND+ 0x7f6761d2b225: not taken
+CND+ 0x7f6761d2b22f: not taken
+CND+ 0x7f6761d2b247: taken
+CND+ 0x7f6761d2b533: taken
+CND+ 0x7f6761d2b582: taken
+CND+ 0x7f6761d2b655: taken
+CND+ 0x7f6761d2b698: taken
+CND+ 0x7f6761d2b703: not taken
+CND+ 0x7f6761d2b70c: taken
+CND+ 0x7f6761d2b725: not taken
+CND+ 0x7f6761d2b742: not taken
+CND+ 0x7f6761d2b75a: not taken
+CND+ 0x7f6761d2b765: not taken
+CND+ 0x7f6761d2b792: not taken
+CND+ 0x7f6761d2b797: taken
+CND+ 0x7f6761d2b7a9: taken
+CND+ 0x7f6761d2b7ad: not taken
+CND+ 0x7f6761d2b7bc: taken
+CND+ 0x7f6761d2b7ce: taken
+CND+ 0x7f6761d2b848: taken
+CND+ 0x7f6761d2b889: not taken
+CND+ 0x7f6761d2b89b: not taken
+CND+ 0x7f6761d2b8a8: taken
+CND+ 0x7f6761d2bc2f: not taken
+CND+ 0x7f6761d2bc57: taken
+CND+ 0x7f6761d2bc65: not taken
+CND+ 0x7f6761d2bc6e: taken
+CND+ 0x7f6761d2bc86: not taken
+CND+ 0x7f6761d2bcae: taken
+CND+ 0x7f6761d2c366: taken
+CND+ 0x7f6761d2c9d6: taken
+CND+ 0x7f6761d2ca31: not taken
+CND+ 0x7f6761d2ca51: taken
+CND+ 0x7f6761d2caad: not taken
+CND+ 0x7f6761d2cab5: taken
+CND+ 0x7f6761d2cb00: taken
+CND+ 0x7f6761d2cb5a: not taken
+CND+ 0x7f6761d2cb62: not taken
+CND+ 0x7f6761d2cb6b: not taken
+CND+ 0x7f6761d2cb75: not taken
+CND+ 0x7f6761d2cb7f: taken
+CND+ 0x7f6761d2cb9b: taken
+CND+ 0x7f6761d2cc3c: taken
+CND+ 0x7f6761d2ced9: not taken
+CND+ 0x7f6761d2cee6: not taken
+CND+ 0x7f6761d2cf01: not taken
+CND+ 0x7f6761d2cf1a: not taken
+CND+ 0x7f6761d2cf20: not taken
+CND+ 0x7f6761d2cf26: taken
+CND+ 0x7f6761d2d76c: not taken
+CND+ 0x7f6761d2d78c: not taken
+CND+ 0x7f6761d2d7d8: both
+CND+ 0x7f6761d2d7e1: taken
+CND+ 0x7f6761d2d806: not taken
+CND+ 0x7f6761d2d840: not taken
+CND+ 0x7f6761d2d84a: not taken
+CND+ 0x7f6761d2d965: both
+CND+ 0x7f6761d2d989: not taken
+CND+ 0x7f6761d2d9b2: not taken
+CND+ 0x7f6761d2d9bc: not taken
+CND+ 0x7f6761d2d9e3: not taken
+CND+ 0x7f6761d2da13: taken
+CND+ 0x7f6761d2dafd: not taken
+CND+ 0x7f6761d2db1a: not taken
+CND+ 0x7f6761d2db61: taken
+CND+ 0x7f6761d2e711: not taken
+CND+ 0x7f6761d2e71d: not taken
+CND+ 0x7f6761d2e722: not taken
+CND+ 0x7f6761d2e748: not taken
+CND+ 0x7f6761d2e74c: not taken
+CND+ 0x7f6761d2e75f: not taken
+CND+ 0x7f6761d2e7a4: not taken
+CND+ 0x7f6761d2e8f3: both
+CND+ 0x7f6761d2e90f: both
+CND+ 0x7f6761d2e911: not taken
+CND+ 0x7f6761d2e91a: taken
+CND+ 0x7f6761d2ea92: not taken
+CND+ 0x7f6761d2eaba: not taken
+CND+ 0x7f6761d2ead5: both
+CND+ 0x7f6761d2eade: taken
+CND+ 0x7f6761d2eaf7: not taken
+CND+ 0x7f6761d2eb01: not taken
+CND+ 0x7f6761d2eb05: not taken
+CND+ 0x7f6761d2eb19: taken
+CND+ 0x7f6761d2ec50: not taken
+CND+ 0x7f6761d2ec62: taken
+CND+ 0x7f6761d2edb1: not taken
+CND+ 0x7f6761d2edea: both
+CND+ 0x7f6761d2ee13: not taken
+CND+ 0x7f6761d2ee20: taken
+CND+ 0x7f6761d2ee2d: not taken
+CND+ 0x7f6761d2ee43: not taken
+CND+ 0x7f6761d2ee4f: both
+CND+ 0x7f6761d2ee58: not taken
+CND+ 0x7f6761d2ee72: taken
+CND+ 0x7f6761d2eee7: taken
+CND+ 0x7f6761d2f75d: both
+CND+ 0x7f6761d2f76f: not taken
+CND+ 0x7f6761d2f782: both
+CND+ 0x7f6761d2f787: both
+CND+ 0x7f6761d2f795: both
+CND+ 0x7f6761d2f8b1: not taken
+CND+ 0x7f6761d2f8dc: not taken
+CND+ 0x7f6761d2f8ea: not taken
+CND+ 0x7f6761d2f8ec: both
+CND+ 0x7f6761d2f8f5: not taken
+CND+ 0x7f6761d2f8fb: taken
+CND+ 0x7f6761d2f943: not taken
+CND+ 0x7f6761d2f94c: taken
+CND+ 0x7f6761d2f983: not taken
+CND+ 0x7f6761d2f989: both
+CND+ 0x7f6761d2f990: not taken
+CND+ 0x7f6761d2f9ab: taken
+CND+ 0x7f6761d2fa0b: taken
+CND+ 0x7f6761d2fb10: both
+CND+ 0x7f6761d2fb1c: not taken
+CND+ 0x7f6761d2fb21: both
+CND+ 0x7f6761d2fb2f: not taken
+CND+ 0x7f6761d2fb37: both
+CND+ 0x7f6761d2fb44: both
+CND+ 0x7f6761d2fb5e: taken
+CND+ 0x7f6761d2fb92: both
+CND+ 0x7f6761d2fb9b: taken
+CND+ 0x7f6761d2fbfb: taken
+CND+ 0x7f6761d2fd68: both
+CND+ 0x7f6761d2fd71: taken
+CND+ 0x7f6761d2fd8b: not taken
+CND+ 0x7f6761d2fda3: taken
+CND+ 0x7f6761d2fddd: taken
+CND+ 0x7f6761d2fe02: not taken
+CND+ 0x7f6761d2fe0b: taken
+CND+ 0x7f6761d2fe2f: not taken
+CND+ 0x7f6761d2fe35: taken
+CND+ 0x7f6761d2fe4f: not taken
+CND+ 0x7f6761d2fe58: both
+CND+ 0x7f6761d2ff7d: not taken
+CND+ 0x7f6761d3002c: not taken
+CND+ 0x7f6761d300c7: not taken
+CND+ 0x7f6761d300d0: both
+CND+ 0x7f6761d300d9: not taken
+CND+ 0x7f6761d305a7: both
+CND+ 0x7f6761d305ed: not taken
+CND+ 0x7f6761d305f2: taken
+CND+ 0x7f6761d30682: not taken
+CND+ 0x7f6761d306a1: not taken
+CND+ 0x7f6761d307bb: not taken
+CND+ 0x7f6761d30835: not taken
+CND+ 0x7f6761d30870: not taken
+CND+ 0x7f6761d3088e: not taken
+CND+ 0x7f6761d3089e: not taken
+CND+ 0x7f6761d309ca: both
+CND+ 0x7f6761d309ea: taken
+CND+ 0x7f6761d309f6: taken
+CND+ 0x7f6761d30a15: taken
+CND+ 0x7f6761d30a38: not taken
+CND+ 0x7f6761d30a48: taken
+CND+ 0x7f6761d30abb: not taken
+CND+ 0x7f6761d3114f: not taken
+CND+ 0x7f6761d3116f: not taken
+CND+ 0x7f6761d3117e: taken
+CND+ 0x7f6761d31a5f: taken
+CND+ 0x7f6761d31b46: not taken
+CND+ 0x7f6761d31b50: taken
+CND+ 0x7f6761d31b69: taken
+CND+ 0x7f6761d31b93: taken
+CND+ 0x7f6761d31d2b: taken
+CND+ 0x7f6761d31e50: not taken
+CND+ 0x7f6761d32227: taken
+CND+ 0x7f6761d3225f: not taken
+CND+ 0x7f6761d32278: taken
+CND+ 0x7f6761d322b9: not taken
+CND+ 0x7f6761d322d7: taken
+CND+ 0x7f6761d3230b: taken
+CND+ 0x7f6761d32383: taken
+CND+ 0x7f6761d323e2: taken
+CND+ 0x7f6761d32456: taken
+CND+ 0x7f6761d32488: both
+CND+ 0x7f6761d3248c: not taken
+CND+ 0x7f6761d32493: not taken
+CND+ 0x7f6761d32498: both
+CND+ 0x7f6761d324e0: not taken
+CND+ 0x7f6761d32512: not taken
+CND+ 0x7f6761d32519: taken
+CND+ 0x7f6761d32548: not taken
+CND+ 0x7f6761d3254d: not taken
+CND+ 0x7f6761d325c9: not taken
+CND+ 0x7f6761d325d7: taken
+CND+ 0x7f6761d326f8: taken
+CND+ 0x7f6761d327b9: not taken
+CND+ 0x7f6761d32830: not taken
+CND+ 0x7f6761d32846: taken
+CND+ 0x7f6761d3286e: not taken
+CND+ 0x7f6761d32b09: not taken
+CND+ 0x7f6761d32b13: not taken
+CND+ 0x7f6761d32c18: taken
+CND+ 0x7f6761d32c9d: not taken
+CND+ 0x7f6761d32dfa: taken
+CND+ 0x7f6761d34946: both
+CND+ 0x7f6761d34963: both
+CND+ 0x7f6761d34968: not taken
+CND+ 0x7f6761d3496e: not taken
+CND+ 0x7f6761d34986: not taken
+CND+ 0x7f6761d3498b: both
+CND+ 0x7f6761d3499a: both
+CND+ 0x7f6761d3499f: both
+CND+ 0x7f6761d349ac: both
+CND+ 0x7f6761d349b7: both
+CND+ 0x7f6761d349c4: not taken
+CND+ 0x7f6761d34a10: not taken
+CND+ 0x7f6761d34a15: taken
+CND+ 0x7f6761d34a2e: both
+CND+ 0x7f6761d34a32: both
+CND+ 0x7f6761d34a5c: both
+CND+ 0x7f6761d34add: not taken
+CND+ 0x7f6761d34ae2: not taken
+CND+ 0x7f6761d34afe: not taken
+CND+ 0x7f6761d34b02: both
+CND+ 0x7f6761d34b48: both
+CND+ 0x7f6761d34b52: not taken
+CND+ 0x7f6761d34b5c: not taken
+CND+ 0x7f6761d34b65: both
+CND+ 0x7f6761d34b6b: taken
+CND+ 0x7f6761d34b75: not taken
+CND+ 0x7f6761d34b95: not taken
+CND+ 0x7f6761d34ba2: not taken
+CND+ 0x7f6761d34bc4: not taken
+CND+ 0x7f6761d34bce: not taken
+CND+ 0x7f6761d34bf6: taken
+CND+ 0x7f6761d34c24: taken
+CND+ 0x7f6761d34ce1: not taken
+CND+ 0x7f6761d34cea: not taken
+CND+ 0x7f6761d34cf3: not taken
+CND+ 0x7f6761d34d25: not taken
+CND+ 0x7f6761d34d53: not taken
+CND+ 0x7f6761d34d5d: not taken
+CND+ 0x7f6761d34eb5: not taken
+CND+ 0x7f6761d34eba: not taken
+CND+ 0x7f6761d34ed8: both
+CND+ 0x7f6761d34edc: taken
+CND+ 0x7f6761d34f0f: not taken
+CND+ 0x7f6761d34f15: not taken
+CND+ 0x7f6761d3546f: not taken
+CND+ 0x7f6761d3553d: not taken
+CND+ 0x7f6761d35547: not taken
+CND+ 0x7f6761d35605: not taken
+CND+ 0x7f6761d3560f: not taken
+CND+ 0x7f6761d35647: not taken
+CND+ 0x7f6761d3565e: not taken
+CND+ 0x7f6761d357bd: taken
+CND+ 0x7f6761d357d2: taken
+CND+ 0x7f6761d357df: not taken
+CND+ 0x7f6761d357e4: both
+CND+ 0x7f6761d357fa: taken
+CND+ 0x7f6761d35856: not taken
+CND+ 0x7f6761d3585b: taken
+CND+ 0x7f6761d3587a: not taken
+CND+ 0x7f6761d3589a: not taken
+CND+ 0x7f6761d358b7: not taken
+CND+ 0x7f6761d358c5: not taken
+CND+ 0x7f6761d358d4: taken
+CND+ 0x7f6761d35df1: not taken
+CND+ 0x7f6761d35e0c: not taken
@0x7f6761d24350 to 0x7f67658a0220 1
@0x7f6761d24370 to 0x7f67658c2800 2
@0x7f6761d24390 to 0x7f676585d3e0 23
@0x7f6761d243b0 to 0x7f67658a0230 1
@0x7f6761d243c0 to 0x7f676592fe90 22
@0x7f6761d243e0 to 0x7f67658e0ba0 1
@0x7f6761d24410 to 0x7f676585dc80 1
@0x7f6761d24460 to 0x7f67659350e0 13
@0x7f6761d24510 to 0x7f67658a01f0 1
@0x7f6761d24560 to 0x7f676589f4e0 1
@0x7f6761d24570 to 0x7f6765809580 191
@0x7f6761d2ff91 to 0x7f6761d30075 1
@0x7f6761d24784 to 0x7f67657fcfb0 1
@0x7f6761d35e01 to 0x7f6761d24840 1
@0x7f6761d3255f to 0x7f6761d32580 1
@0x7f6761d3255f to 0x7f6761d325c0 1
@0x7f6761d3255f to 0x7f6761d325a8 2
@0x7f6761d308af to 0x7f6761d30a01 180
@0x7f6761d308af to 0x7f6761d309f0 10
@0x7f6761d308af to 0x7f6761d30a28 1
@0x7f6761d34c19 to 0x7f6761d287d0 1
@0x7f6761d34c19 to 0x7f6761d2f120 1
@0x7f6761d24050 to 0x7f676585da30 4
@0x7f6761d24080 to 0x7f67657fd330 2
@0x7f6761d24090 to 0x7f676589f710 1
@0x7f6761d240a0 to 0x7f6765875e70 5
@0x7f6761d240d0 to 0x7f6765810a20 7
@0x7f6761d240f0 to 0x7f6765934800 4
@0x7f6761d24130 to 0x7f67658a01e0 1
@0x7f6761d24140 to 0x7f6765814c10 1
@0x7f6761d24150 to 0x7f67658c2800 4
@0x7f6761d24160 to 0x7f676589f230 1
@0x7f6761d24190 to 0x7f6765934bc0 8
@0x7f6761d241c0 to 0x7f67658a0200 1
@0x7f6761d241e0 to 0x7f67659345d0 1
@0x7f6761d24220 to 0x7f67658a0210 2
@0x7f6761d24230 to 0x7f67658c3b10 1
@0x7f6761d2616e to 0x7f6761d261c0 1
@0x7f6761d24280 to 0x7f676592fd10 11
@0x7f6761d242a0 to 0x7f6765810450 4
@0x7f6761d261ac to 0x7f6761d26e90 1
@0x7f6761d242d0 to 0x7f6765930100 9
@0x7f6761d24320 to 0x7f67658110f0 4
@0x7f6761d24330 to 0x7f6765935100 6
