MODULE_NAME: /usr/bin/gs
MODULE_START: 0x7f04c5744000
+B+: 0x7f04c5745000 0x7f04c574500f
+B+: 0x7f04c5745012 0x7f04c5745016
+B+: 0x7f04c5745020 0x7f04c574502b
+B+: 0x7f04c5745030 0x7f04c5745035
+B+: 0x7f04c5745036 0x7f04c574503f
+B+: 0x7f04c5745040 0x7f04c5745045
+B+: 0x7f04c5745046 0x7f04c574504f
+B+: 0x7f04c5745050 0x7f04c5745055
+B+: 0x7f04c5745056 0x7f04c574505f
+B+: 0x7f04c5745090 0x7f04c5745095
+B+: 0x7f04c5745096 0x7f04c574509f
+B+: 0x7f04c57450b0 0x7f04c57450b5
+B+: 0x7f04c57450b6 0x7f04c57450bf
+B+: 0x7f04c57450c0 0x7f04c57450c5
+B+: 0x7f04c57450c6 0x7f04c57450cf
+B+: 0x7f04c57450d0 0x7f04c57450d5
+B+: 0x7f04c57450d6 0x7f04c57450df
+B+: 0x7f04c57450e0 0x7f04c57450e5
+B+: 0x7f04c57450f0 0x7f04c5745121
+B+: 0x7f04c5745122 0x7f04c5745127
+B+: 0x7f04c5745128 0x7f04c5745130
+B+: 0x7f04c5745131 0x7f04c5745132
+B+: 0x7f04c5745133 0x7f04c5745137
+B+: 0x7f04c5745138 0x7f04c5745152
+B+: 0x7f04c5745153 0x7f04c574515b
+B+: 0x7f04c5745184 0x7f04c57451a2
+B+: 0x7f04c57451a3 0x7f04c57451b1
+B+: 0x7f04c57451b2 0x7f04c57451b7
+B+: 0x7f04c57451b8 0x7f04c57451c1
+B+: 0x7f04c57451c2 0x7f04c57451c5
+B+: 0x7f04c57451c6 0x7f04c57451ca
+B+: 0x7f04c57451cb 0x7f04c57451d6
+B+: 0x7f04c57451d7 0x7f04c57451db
+B+: 0x7f04c5745220 0x7f04c5745249
+B+: 0x7f04c5745250 0x7f04c5745262
+B+: 0x7f04c5745278 0x7f04c5745278
+B+: 0x7f04c5745280 0x7f04c57452a3
+B+: 0x7f04c57452b8 0x7f04c57452b8
+B+: 0x7f04c57452c0 0x7f04c57452c8
+B+: 0x7f04c57452c9 0x7f04c57452d6
+B+: 0x7f04c57452d7 0x7f04c57452e2
+B+: 0x7f04c57452e3 0x7f04c57452e7
+B+: 0x7f04c57452e8 0x7f04c57452f0
+B+: 0x7f04c5745300 0x7f04c5745304
+B+: 0x7f04c5745350 0x7f04c5745373
+B+: 0x7f04c5745374 0x7f04c574537c
+B+: 0x7f04c574537d 0x7f04c5745385
+B+: 0x7f04c57453c0 0x7f04c57453ec
+B+: 0x7f04c57453ed 0x7f04c57453f2
+B+: 0x7f04c57453f3 0x7f04c5745404
+B+: 0x7f04c5745405 0x7f04c574540d
+B+: 0x7f04c574540e 0x7f04c574541c
+B+: 0x7f04c5745424 0x7f04c574542c
+CND+ 0x7f04c574500e: taken
+CND+ 0x7f04c5745126: taken
+CND+ 0x7f04c574512b: not taken
+CND+ 0x7f04c5745131: not taken
+CND+ 0x7f04c5745136: not taken
+CND+ 0x7f04c574514d: not taken
+CND+ 0x7f04c57451b6: not taken
+CND+ 0x7f04c57451c4: not taken
+CND+ 0x7f04c57451c9: not taken
+CND+ 0x7f04c5745261: taken
+CND+ 0x7f04c57452a2: taken
+CND+ 0x7f04c57452c7: not taken
+CND+ 0x7f04c57452d5: not taken
+CND+ 0x7f04c57453f1: not taken
+CND+ 0x7f04c574540c: not taken
@0x7f04c5745026 to 0x7f04c9734500 7
@0x7f04c5745030 to 0x7f04c5745036 1
@0x7f04c5745040 to 0x7f04c5745046 1
@0x7f04c5745050 to 0x7f04c5745056 1
@0x7f04c5745090 to 0x7f04c5745096 1
@0x7f04c57450b0 to 0x7f04c57450b6 1
@0x7f04c57450c0 to 0x7f04c57450c6 1
@0x7f04c57450d0 to 0x7f04c57450d6 1
@0x7f04c57450e0 to 0x7f04c829a1c0 1
@0x7f04c5745244 to 0x7f04c8283fb0 1
@0x7f04c5745401 to 0x7f04c5745300 1
