MODULE_NAME: /bin/dash
MODULE_START: 0x7f5c74240000
+B+: 0x7f5c74244000 0x7f5c7424400f
+B+: 0x7f5c74244012 0x7f5c74244016
+B+: 0x7f5c74244050 0x7f5c74244055
+B+: 0x7f5c74244080 0x7f5c74244085
+B+: 0x7f5c74244090 0x7f5c74244095
+B+: 0x7f5c742440a0 0x7f5c742440a5
+B+: 0x7f5c742440d0 0x7f5c742440d5
+B+: 0x7f5c742440f0 0x7f5c742440f5
+B+: 0x7f5c74244130 0x7f5c74244135
+B+: 0x7f5c74244140 0x7f5c74244145
+B+: 0x7f5c74244150 0x7f5c74244155
+B+: 0x7f5c74244160 0x7f5c74244165
+B+: 0x7f5c74244190 0x7f5c74244195
+B+: 0x7f5c742441c0 0x7f5c742441c5
+B+: 0x7f5c742441e0 0x7f5c742441e5
+B+: 0x7f5c74244220 0x7f5c74244225
+B+: 0x7f5c74244230 0x7f5c74244235
+B+: 0x7f5c74244280 0x7f5c74244285
+B+: 0x7f5c742442a0 0x7f5c742442a5
+B+: 0x7f5c742442d0 0x7f5c742442d5
+B+: 0x7f5c74244320 0x7f5c74244325
+B+: 0x7f5c74244330 0x7f5c74244335
+B+: 0x7f5c74244350 0x7f5c74244355
+B+: 0x7f5c74244370 0x7f5c74244375
+B+: 0x7f5c74244390 0x7f5c74244395
+B+: 0x7f5c742443b0 0x7f5c742443b5
+B+: 0x7f5c742443c0 0x7f5c742443c5
+B+: 0x7f5c742443e0 0x7f5c742443e5
+B+: 0x7f5c74244410 0x7f5c74244415
+B+: 0x7f5c74244460 0x7f5c74244465
+B+: 0x7f5c74244510 0x7f5c74244515
+B+: 0x7f5c74244560 0x7f5c74244565
+B+: 0x7f5c74244570 0x7f5c74244575
+B+: 0x7f5c74244590 0x7f5c742445b8
+B+: 0x7f5c742445b9 0x7f5c742445c4
+B+: 0x7f5c742445c5 0x7f5c742445cf
+B+: 0x7f5c742445d0 0x7f5c742445e7
+B+: 0x7f5c742445e8 0x7f5c742445ef
+B+: 0x7f5c742445f0 0x7f5c74244600
+B+: 0x7f5c74244601 0x7f5c7424460b
+B+: 0x7f5c7424460c 0x7f5c74244615
+B+: 0x7f5c74244616 0x7f5c74244623
+B+: 0x7f5c74244624 0x7f5c7424462b
+B+: 0x7f5c7424462c 0x7f5c7424463c
+B+: 0x7f5c74244657 0x7f5c74244660
+B+: 0x7f5c74244661 0x7f5c74244678
+B+: 0x7f5c74244679 0x7f5c7424467f
+B+: 0x7f5c74244680 0x7f5c7424468c
+B+: 0x7f5c7424468d 0x7f5c74244696
+B+: 0x7f5c74244697 0x7f5c7424469b
+B+: 0x7f5c74244760 0x7f5c74244789
+B+: 0x7f5c742447c0 0x7f5c742447e3
+B+: 0x7f5c742447f8 0x7f5c742447f8
+B+: 0x7f5c74244840 0x7f5c74244844
+B+: 0x7f5c74244850 0x7f5c74244863
+B+: 0x7f5c74244864 0x7f5c7424486f
+B+: 0x7f5c74244870 0x7f5c7424487d
+B+: 0x7f5c7424487e 0x7f5c742448aa
+B+: 0x7f5c742448ab 0x7f5c742448ac
+B+: 0x7f5c742448cb 0x7f5c742448d2
+B+: 0x7f5c74244a50 0x7f5c74244a57
+B+: 0x7f5c74244a58 0x7f5c74244a5e
+B+: 0x7f5c74244a5f 0x7f5c74244a63
+B+: 0x7f5c74244a71 0x7f5c74244a72
+B+: 0x7f5c742456d0 0x7f5c742456eb
+B+: 0x7f5c742456ec 0x7f5c74245705
+B+: 0x7f5c74245717 0x7f5c7424571b
+B+: 0x7f5c7424571c 0x7f5c74245720
+B+: 0x7f5c7424572c 0x7f5c74245730
+B+: 0x7f5c7424573e 0x7f5c7424574d
+B+: 0x7f5c7424574e 0x7f5c74245757
+B+: 0x7f5c74245758 0x7f5c74245775
+B+: 0x7f5c74245780 0x7f5c74245788
+B+: 0x7f5c74245789 0x7f5c74245790
+B+: 0x7f5c74245791 0x7f5c7424579c
+B+: 0x7f5c74246060 0x7f5c7424607e
+B+: 0x7f5c7424610d 0x7f5c7424611c
+B+: 0x7f5c7424611d 0x7f5c74246123
+B+: 0x7f5c74246140 0x7f5c7424614a
+B+: 0x7f5c7424614b 0x7f5c74246152
+B+: 0x7f5c74246153 0x7f5c7424615d
+B+: 0x7f5c7424615e 0x7f5c7424616f
+B+: 0x7f5c74246188 0x7f5c7424618c
+B+: 0x7f5c7424618d 0x7f5c74246191
+B+: 0x7f5c74246192 0x7f5c7424619c
+B+: 0x7f5c742461a7 0x7f5c742461ad
+B+: 0x7f5c742461ae 0x7f5c742461b5
+B+: 0x7f5c742461c0 0x7f5c742461cf
+B+: 0x7f5c74246bc0 0x7f5c74246bfa
+B+: 0x7f5c74246bfb 0x7f5c74246c07
+B+: 0x7f5c74246c08 0x7f5c74246c0f
+B+: 0x7f5c74246c10 0x7f5c74246c11
+B+: 0x7f5c74246c18 0x7f5c74246c21
+B+: 0x7f5c74246c22 0x7f5c74246c2e
+B+: 0x7f5c74246c32 0x7f5c74246c39
+B+: 0x7f5c74246c3a 0x7f5c74246c49
+B+: 0x7f5c74246c4a 0x7f5c74246c51
+B+: 0x7f5c74246c52 0x7f5c74246c58
+B+: 0x7f5c74246c59 0x7f5c74246c60
+B+: 0x7f5c74246c61 0x7f5c74246c68
+B+: 0x7f5c74246c69 0x7f5c74246c6d
+B+: 0x7f5c74246c6e 0x7f5c74246c77
+B+: 0x7f5c74246c78 0x7f5c74246c89
+B+: 0x7f5c74246c8a 0x7f5c74246c98
+B+: 0x7f5c74246e90 0x7f5c74246ed3
+B+: 0x7f5c74246edf 0x7f5c74246ef5
+B+: 0x7f5c74246ef6 0x7f5c74246efa
+B+: 0x7f5c74246efb 0x7f5c74246f5a
+B+: 0x7f5c74246f5b 0x7f5c74246f67
+B+: 0x7f5c74246f68 0x7f5c74246f77
+B+: 0x7f5c74246f78 0x7f5c74246f7f
+B+: 0x7f5c74246f80 0x7f5c74246f8b
+B+: 0x7f5c74246f8c 0x7f5c74246f94
+B+: 0x7f5c74246f95 0x7f5c74246f9b
+B+: 0x7f5c74246fa0 0x7f5c74246faf
+B+: 0x7f5c74246fb0 0x7f5c74246fc5
+B+: 0x7f5c74246fc6 0x7f5c74246fcf
+B+: 0x7f5c74246fd0 0x7f5c74246fe3
+B+: 0x7f5c74246fe4 0x7f5c74246ffc
+B+: 0x7f5c74247019 0x7f5c7424702b
+B+: 0x7f5c7424702c 0x7f5c74247034
+B+: 0x7f5c74247035 0x7f5c74247047
+B+: 0x7f5c74247048 0x7f5c7424705b
+B+: 0x7f5c742470a8 0x7f5c742470b4
+B+: 0x7f5c742470b5 0x7f5c742470b9
+B+: 0x7f5c742470db 0x7f5c742470e1
+B+: 0x7f5c742470f0 0x7f5c74247103
+B+: 0x7f5c74247104 0x7f5c74247113
+B+: 0x7f5c74247114 0x7f5c7424711b
+B+: 0x7f5c7424711c 0x7f5c74247122
+B+: 0x7f5c74247123 0x7f5c74247152
+B+: 0x7f5c74247153 0x7f5c7424715f
+B+: 0x7f5c74247160 0x7f5c74247168
+B+: 0x7f5c74247216 0x7f5c7424721c
+B+: 0x7f5c74247224 0x7f5c7424722d
+B+: 0x7f5c7424722e 0x7f5c74247237
+B+: 0x7f5c74247238 0x7f5c74247241
+B+: 0x7f5c74247242 0x7f5c7424724b
+B+: 0x7f5c7424725d 0x7f5c74247266
+B+: 0x7f5c74247267 0x7f5c74247281
+B+: 0x7f5c74247282 0x7f5c74247293
+B+: 0x7f5c7424734c 0x7f5c74247353
+B+: 0x7f5c74247354 0x7f5c7424736f
+B+: 0x7f5c7424751b 0x7f5c74247525
+B+: 0x7f5c74247526 0x7f5c7424752e
+B+: 0x7f5c7424752f 0x7f5c74247537
+B+: 0x7f5c742478d0 0x7f5c742478ec
+B+: 0x7f5c742478ed 0x7f5c742478f1
+B+: 0x7f5c742478f8 0x7f5c742478fa
+B+: 0x7f5c742478fb 0x7f5c74247907
+B+: 0x7f5c74247908 0x7f5c7424793e
+B+: 0x7f5c7424793f 0x7f5c74247940
+B+: 0x7f5c74247963 0x7f5c74247977
+B+: 0x7f5c74247980 0x7f5c74247986
+B+: 0x7f5c74247987 0x7f5c7424798e
+B+: 0x7f5c7424798f 0x7f5c74247997
+B+: 0x7f5c74247998 0x7f5c742479ba
+B+: 0x7f5c742479bb 0x7f5c742479bc
+B+: 0x7f5c742479c0 0x7f5c742479e7
+B+: 0x7f5c742479e8 0x7f5c742479f7
+B+: 0x7f5c74247a19 0x7f5c74247a21
+B+: 0x7f5c74247a22 0x7f5c74247a2a
+B+: 0x7f5c74247a2b 0x7f5c74247a34
+B+: 0x7f5c74247a35 0x7f5c74247a3f
+B+: 0x7f5c74247ad0 0x7f5c74247ae9
+B+: 0x7f5c74247aea 0x7f5c74247b00
+B+: 0x7f5c74247b10 0x7f5c74247b1f
+B+: 0x7f5c74247b20 0x7f5c74247b2b
+B+: 0x7f5c74247b2c 0x7f5c74247b31
+B+: 0x7f5c74247b32 0x7f5c74247b41
+B+: 0x7f5c74247b56 0x7f5c74247b61
+B+: 0x7f5c74247b62 0x7f5c74247b6f
+B+: 0x7f5c74247b70 0x7f5c74247b85
+B+: 0x7f5c74247b86 0x7f5c74247b97
+B+: 0x7f5c74247b98 0x7f5c74247bc0
+B+: 0x7f5c74247bc8 0x7f5c74247bcc
+B+: 0x7f5c74247bcd 0x7f5c74247bea
+B+: 0x7f5c74247d70 0x7f5c74247d98
+B+: 0x7f5c74247da0 0x7f5c74247da1
+B+: 0x7f5c74247da2 0x7f5c74247daa
+B+: 0x7f5c74247dab 0x7f5c74247dc5
+B+: 0x7f5c74247dc6 0x7f5c74247dc9
+B+: 0x7f5c74247dca 0x7f5c74247dd1
+B+: 0x7f5c74247dd2 0x7f5c74247de6
+B+: 0x7f5c74247df0 0x7f5c74247e2a
+B+: 0x7f5c74247e2b 0x7f5c74247e2f
+B+: 0x7f5c74247e46 0x7f5c74247e5c
+B+: 0x7f5c74247e5d 0x7f5c74247e6e
+B+: 0x7f5c74247e90 0x7f5c74247ead
+B+: 0x7f5c74247ec8 0x7f5c74247ed1
+B+: 0x7f5c74247ed2 0x7f5c74247edd
+B+: 0x7f5c74247f6c 0x7f5c74247f8f
+B+: 0x7f5c74247f90 0x7f5c74247f9c
+B+: 0x7f5c74247f9d 0x7f5c74247fa8
+B+: 0x7f5c74247fa9 0x7f5c74247fb0
+B+: 0x7f5c74247fb1 0x7f5c74247fc5
+B+: 0x7f5c74248008 0x7f5c74248012
+B+: 0x7f5c74248013 0x7f5c7424801e
+B+: 0x7f5c7424801f 0x7f5c7424802e
+B+: 0x7f5c74248060 0x7f5c74248066
+B+: 0x7f5c74248067 0x7f5c74248074
+B+: 0x7f5c74248075 0x7f5c74248086
+B+: 0x7f5c74248087 0x7f5c7424808e
+B+: 0x7f5c7424808f 0x7f5c742480a2
+B+: 0x7f5c742480a3 0x7f5c742480b0
+B+: 0x7f5c74248100 0x7f5c74248116
+B+: 0x7f5c74248145 0x7f5c7424814d
+B+: 0x7f5c7424814e 0x7f5c74248157
+B+: 0x7f5c74248160 0x7f5c74248166
+B+: 0x7f5c742481c0 0x7f5c742481d1
+B+: 0x7f5c742481e8 0x7f5c742481ef
+B+: 0x7f5c74248248 0x7f5c7424825b
+B+: 0x7f5c7424825c 0x7f5c74248271
+B+: 0x7f5c742487d0 0x7f5c742487ff
+B+: 0x7f5c7424880f 0x7f5c74248812
+B+: 0x7f5c74248813 0x7f5c7424881c
+B+: 0x7f5c7424881d 0x7f5c74248820
+B+: 0x7f5c74248821 0x7f5c7424882f
+B+: 0x7f5c74248830 0x7f5c7424883a
+B+: 0x7f5c7424884f 0x7f5c7424885a
+B+: 0x7f5c7424885f 0x7f5c74248862
+B+: 0x7f5c74248870 0x7f5c74248877
+B+: 0x7f5c74248878 0x7f5c7424888d
+B+: 0x7f5c74249440 0x7f5c74249464
+B+: 0x7f5c7424961e 0x7f5c74249627
+B+: 0x7f5c74249628 0x7f5c74249631
+B+: 0x7f5c74249632 0x7f5c74249659
+B+: 0x7f5c742496af 0x7f5c742496bc
+B+: 0x7f5c742496c0 0x7f5c742496cb
+B+: 0x7f5c74249730 0x7f5c7424973b
+B+: 0x7f5c74249740 0x7f5c7424975e
+B+: 0x7f5c7424975f 0x7f5c74249767
+B+: 0x7f5c742497d2 0x7f5c742497e3
+B+: 0x7f5c742498a0 0x7f5c742498a7
+B+: 0x7f5c7424a260 0x7f5c7424a2a5
+B+: 0x7f5c7424a2b5 0x7f5c7424a2be
+B+: 0x7f5c7424a2bf 0x7f5c7424a2d2
+B+: 0x7f5c7424a2d3 0x7f5c7424a2fc
+B+: 0x7f5c7424a2fd 0x7f5c7424a310
+B+: 0x7f5c7424a324 0x7f5c7424a328
+B+: 0x7f5c7424a336 0x7f5c7424a33f
+B+: 0x7f5c7424a340 0x7f5c7424a344
+B+: 0x7f5c7424a370 0x7f5c7424a386
+B+: 0x7f5c7424a387 0x7f5c7424a398
+B+: 0x7f5c7424a3a0 0x7f5c7424a3b6
+B+: 0x7f5c7424a3b7 0x7f5c7424a3d7
+B+: 0x7f5c7424a3dd 0x7f5c7424a3ec
+B+: 0x7f5c7424a850 0x7f5c7424a886
+B+: 0x7f5c7424a887 0x7f5c7424a89a
+B+: 0x7f5c7424a89b 0x7f5c7424a8ad
+B+: 0x7f5c7424a8ae 0x7f5c7424a8c4
+B+: 0x7f5c7424a8c5 0x7f5c7424a8d7
+B+: 0x7f5c7424a8d8 0x7f5c7424a8e7
+B+: 0x7f5c7424a8e8 0x7f5c7424a90c
+B+: 0x7f5c7424a90d 0x7f5c7424a915
+B+: 0x7f5c7424a924 0x7f5c7424a933
+B+: 0x7f5c7424a934 0x7f5c7424a947
+B+: 0x7f5c7424a948 0x7f5c7424a954
+B+: 0x7f5c7424a955 0x7f5c7424a95f
+B+: 0x7f5c7424a960 0x7f5c7424a964
+B+: 0x7f5c7424aa6a 0x7f5c7424aa7c
+B+: 0x7f5c7424aa7d 0x7f5c7424aa9c
+B+: 0x7f5c7424aba0 0x7f5c7424abad
+B+: 0x7f5c7424abae 0x7f5c7424abe1
+B+: 0x7f5c7424abf0 0x7f5c7424abfb
+B+: 0x7f5c7424adb0 0x7f5c7424adbd
+B+: 0x7f5c7424adbe 0x7f5c7424adca
+B+: 0x7f5c7424adcb 0x7f5c7424ade3
+B+: 0x7f5c7424ade8 0x7f5c7424adf4
+B+: 0x7f5c7424adf8 0x7f5c7424ae04
+B+: 0x7f5c7424ae05 0x7f5c7424ae12
+B+: 0x7f5c7424ae13 0x7f5c7424ae1d
+B+: 0x7f5c7424aeb4 0x7f5c7424aec1
+B+: 0x7f5c7424b160 0x7f5c7424b174
+B+: 0x7f5c7424b175 0x7f5c7424b187
+B+: 0x7f5c7424b188 0x7f5c7424b1a2
+B+: 0x7f5c7424b1a3 0x7f5c7424b1ac
+B+: 0x7f5c7424b1ad 0x7f5c7424b1b3
+B+: 0x7f5c7424b1d0 0x7f5c7424b1e5
+B+: 0x7f5c7424b1eb 0x7f5c7424b1f3
+B+: 0x7f5c7424b205 0x7f5c7424b20b
+B+: 0x7f5c7424b20c 0x7f5c7424b21d
+B+: 0x7f5c7424b21e 0x7f5c7424b226
+B+: 0x7f5c7424b227 0x7f5c7424b230
+B+: 0x7f5c7424b231 0x7f5c7424b232
+B+: 0x7f5c7424b240 0x7f5c7424b248
+B+: 0x7f5c7424b260 0x7f5c7424b260
+B+: 0x7f5c7424b520 0x7f5c7424b534
+B+: 0x7f5c7424b572 0x7f5c7424b578
+B+: 0x7f5c7424b580 0x7f5c7424b583
+B+: 0x7f5c7424b610 0x7f5c7424b656
+B+: 0x7f5c7424b65b 0x7f5c7424b686
+B+: 0x7f5c7424b687 0x7f5c7424b69d
+B+: 0x7f5c7424b6fc 0x7f5c7424b708
+B+: 0x7f5c7424b709 0x7f5c7424b711
+B+: 0x7f5c7424b712 0x7f5c7424b72a
+B+: 0x7f5c7424b72b 0x7f5c7424b73c
+B+: 0x7f5c7424b740 0x7f5c7424b747
+B+: 0x7f5c7424b748 0x7f5c7424b75f
+B+: 0x7f5c7424b760 0x7f5c7424b766
+B+: 0x7f5c7424b767 0x7f5c7424b780
+B+: 0x7f5c7424b790 0x7f5c7424b793
+B+: 0x7f5c7424b794 0x7f5c7424b798
+B+: 0x7f5c7424b7a2 0x7f5c7424b7aa
+B+: 0x7f5c7424b7ab 0x7f5c7424b7ae
+B+: 0x7f5c7424b7af 0x7f5c7424b7bd
+B+: 0x7f5c7424b7cb 0x7f5c7424b7d3
+B+: 0x7f5c7424b825 0x7f5c7424b841
+B+: 0x7f5c7424b842 0x7f5c7424b84d
+B+: 0x7f5c7424b87e 0x7f5c7424b88e
+B+: 0x7f5c7424b88f 0x7f5c7424b8a0
+B+: 0x7f5c7424b8a1 0x7f5c7424b8ad
+B+: 0x7f5c7424bc10 0x7f5c7424bc30
+B+: 0x7f5c7424bc31 0x7f5c7424bc58
+B+: 0x7f5c7424bc5e 0x7f5c7424bc66
+B+: 0x7f5c7424bc67 0x7f5c7424bc6f
+B+: 0x7f5c7424bc78 0x7f5c7424bc87
+B+: 0x7f5c7424bc88 0x7f5c7424bc89
+B+: 0x7f5c7424bca0 0x7f5c7424bcaf
+B+: 0x7f5c7424bcba 0x7f5c7424bcc4
+B+: 0x7f5c7424bce0 0x7f5c7424bce8
+B+: 0x7f5c7424c360 0x7f5c7424c36b
+B+: 0x7f5c7424c480 0x7f5c7424c480
+B+: 0x7f5c7424c9c0 0x7f5c7424c9db
+B+: 0x7f5c7424ca16 0x7f5c7424ca32
+B+: 0x7f5c7424ca33 0x7f5c7424ca52
+B+: 0x7f5c7424ca63 0x7f5c7424ca6a
+B+: 0x7f5c7424ca90 0x7f5c7424caa6
+B+: 0x7f5c7424caa7 0x7f5c7424caae
+B+: 0x7f5c7424caaf 0x7f5c7424cab6
+B+: 0x7f5c7424caf6 0x7f5c7424cb01
+B+: 0x7f5c7424cb0c 0x7f5c7424cb34
+B+: 0x7f5c7424cb40 0x7f5c7424cb57
+B+: 0x7f5c7424cb58 0x7f5c7424cb5f
+B+: 0x7f5c7424cb60 0x7f5c7424cb67
+B+: 0x7f5c7424cb68 0x7f5c7424cb70
+B+: 0x7f5c7424cb71 0x7f5c7424cb7a
+B+: 0x7f5c7424cb7b 0x7f5c7424cb80
+B+: 0x7f5c7424cb97 0x7f5c7424cb9c
+B+: 0x7f5c7424cc0a 0x7f5c7424cc3d
+B+: 0x7f5c7424cc47 0x7f5c7424cc53
+B+: 0x7f5c7424ced0 0x7f5c7424cede
+B+: 0x7f5c7424cedf 0x7f5c7424cee7
+B+: 0x7f5c7424cee8 0x7f5c7424cefc
+B+: 0x7f5c7424cefd 0x7f5c7424cf02
+B+: 0x7f5c7424cf03 0x7f5c7424cf1b
+B+: 0x7f5c7424cf1c 0x7f5c7424cf21
+B+: 0x7f5c7424cf22 0x7f5c7424cf2b
+B+: 0x7f5c7424cfc0 0x7f5c7424cfc7
+B+: 0x7f5c7424cfc8 0x7f5c7424cfd0
+B+: 0x7f5c7424d760 0x7f5c7424d768
+B+: 0x7f5c7424d769 0x7f5c7424d76d
+B+: 0x7f5c7424d76e 0x7f5c7424d772
+B+: 0x7f5c7424d780 0x7f5c7424d788
+B+: 0x7f5c7424d789 0x7f5c7424d78d
+B+: 0x7f5c7424d78e 0x7f5c7424d792
+B+: 0x7f5c7424d7c0 0x7f5c7424d7d9
+B+: 0x7f5c7424d7da 0x7f5c7424d7e6
+B+: 0x7f5c7424d7f7 0x7f5c7424d802
+B+: 0x7f5c7424d803 0x7f5c7424d80b
+B+: 0x7f5c7424d80c 0x7f5c7424d841
+B+: 0x7f5c7424d842 0x7f5c7424d84b
+B+: 0x7f5c7424d84c 0x7f5c7424d852
+B+: 0x7f5c7424d853 0x7f5c7424d875
+B+: 0x7f5c7424d880 0x7f5c7424d88e
+B+: 0x7f5c7424d8b0 0x7f5c7424d8c8
+B+: 0x7f5c7424d900 0x7f5c7424d941
+B+: 0x7f5c7424d950 0x7f5c7424d966
+B+: 0x7f5c7424d967 0x7f5c7424d97e
+B+: 0x7f5c7424d97f 0x7f5c7424d98a
+B+: 0x7f5c7424d98b 0x7f5c7424d9b3
+B+: 0x7f5c7424d9b4 0x7f5c7424d9bd
+B+: 0x7f5c7424d9be 0x7f5c7424d9bf
+B+: 0x7f5c7424d9d0 0x7f5c7424d9e8
+B+: 0x7f5c7424d9e9 0x7f5c7424da14
+B+: 0x7f5c7424da1e 0x7f5c7424da25
+B+: 0x7f5c7424da26 0x7f5c7424da33
+B+: 0x7f5c7424da34 0x7f5c7424da46
+B+: 0x7f5c7424dae0 0x7f5c7424dafe
+B+: 0x7f5c7424daff 0x7f5c7424db0c
+B+: 0x7f5c7424db0d 0x7f5c7424db1b
+B+: 0x7f5c7424db1c 0x7f5c7424db2c
+B+: 0x7f5c7424db40 0x7f5c7424db62
+B+: 0x7f5c7424db98 0x7f5c7424dba9
+B+: 0x7f5c7424e6d0 0x7f5c7424e6f4
+B+: 0x7f5c7424e6f5 0x7f5c7424e70d
+B+: 0x7f5c7424e70e 0x7f5c7424e712
+B+: 0x7f5c7424e713 0x7f5c7424e71e
+B+: 0x7f5c7424e71f 0x7f5c7424e723
+B+: 0x7f5c7424e724 0x7f5c7424e728
+B+: 0x7f5c7424e729 0x7f5c7424e730
+B+: 0x7f5c7424e73c 0x7f5c7424e749
+B+: 0x7f5c7424e74a 0x7f5c7424e74d
+B+: 0x7f5c7424e74e 0x7f5c7424e760
+B+: 0x7f5c7424e761 0x7f5c7424e76b
+B+: 0x7f5c7424e790 0x7f5c7424e79d
+B+: 0x7f5c7424e79e 0x7f5c7424e7a5
+B+: 0x7f5c7424e7a6 0x7f5c7424e7a7
+B+: 0x7f5c7424e890 0x7f5c7424e89d
+B+: 0x7f5c7424e89e 0x7f5c7424e8a9
+B+: 0x7f5c7424e8aa 0x7f5c7424e8bd
+B+: 0x7f5c7424e8c0 0x7f5c7424e8ca
+B+: 0x7f5c7424e8d0 0x7f5c7424e8ef
+B+: 0x7f5c7424e8f0 0x7f5c7424e8f4
+B+: 0x7f5c7424e8f5 0x7f5c7424e90c
+B+: 0x7f5c7424e90d 0x7f5c7424e910
+B+: 0x7f5c7424e911 0x7f5c7424e912
+B+: 0x7f5c7424e913 0x7f5c7424e91b
+B+: 0x7f5c7424e91c 0x7f5c7424e930
+B+: 0x7f5c7424e938 0x7f5c7424e93c
+B+: 0x7f5c7424e980 0x7f5c7424e98f
+B+: 0x7f5c7424e990 0x7f5c7424e99b
+B+: 0x7f5c7424e99c 0x7f5c7424e9ab
+B+: 0x7f5c7424ea80 0x7f5c7424ea93
+B+: 0x7f5c7424ea94 0x7f5c7424eaac
+B+: 0x7f5c7424eaad 0x7f5c7424eabf
+B+: 0x7f5c7424eac0 0x7f5c7424eada
+B+: 0x7f5c7424eadb 0x7f5c7424eae3
+B+: 0x7f5c7424eaec 0x7f5c7424eaf8
+B+: 0x7f5c7424eaf9 0x7f5c7424eb02
+B+: 0x7f5c7424eb03 0x7f5c7424eb06
+B+: 0x7f5c7424eb07 0x7f5c7424eb1a
+B+: 0x7f5c7424ec49 0x7f5c7424ec55
+B+: 0x7f5c7424ec56 0x7f5c7424ec67
+B+: 0x7f5c7424ec82 0x7f5c7424ec93
+B+: 0x7f5c7424ed77 0x7f5c7424ed82
+B+: 0x7f5c7424eda0 0x7f5c7424edb2
+B+: 0x7f5c7424edb3 0x7f5c7424eddf
+B+: 0x7f5c7424ede0 0x7f5c7424edeb
+B+: 0x7f5c7424edec 0x7f5c7424edfc
+B+: 0x7f5c7424edfd 0x7f5c7424ee18
+B+: 0x7f5c7424ee19 0x7f5c7424ee25
+B+: 0x7f5c7424ee26 0x7f5c7424ee2e
+B+: 0x7f5c7424ee2f 0x7f5c7424ee3f
+B+: 0x7f5c7424ee40 0x7f5c7424ee44
+B+: 0x7f5c7424ee45 0x7f5c7424ee50
+B+: 0x7f5c7424ee51 0x7f5c7424ee5d
+B+: 0x7f5c7424ee5e 0x7f5c7424ee77
+B+: 0x7f5c7424eece 0x7f5c7424eed2
+B+: 0x7f5c7424eed3 0x7f5c7424eede
+B+: 0x7f5c7424eee0 0x7f5c7424eeec
+B+: 0x7f5c7424ef60 0x7f5c7424ef7c
+B+: 0x7f5c7424f120 0x7f5c7424f128
+B+: 0x7f5c7424f129 0x7f5c7424f147
+B+: 0x7f5c7424f750 0x7f5c7424f75e
+B+: 0x7f5c7424f75f 0x7f5c7424f763
+B+: 0x7f5c7424f764 0x7f5c7424f770
+B+: 0x7f5c7424f771 0x7f5c7424f777
+B+: 0x7f5c7424f778 0x7f5c7424f783
+B+: 0x7f5c7424f784 0x7f5c7424f788
+B+: 0x7f5c7424f789 0x7f5c7424f78d
+B+: 0x7f5c7424f78e 0x7f5c7424f796
+B+: 0x7f5c7424f797 0x7f5c7424f79e
+B+: 0x7f5c7424f890 0x7f5c7424f892
+B+: 0x7f5c7424f8a7 0x7f5c7424f8ab
+B+: 0x7f5c7424f8ac 0x7f5c7424f8b2
+B+: 0x7f5c7424f8b3 0x7f5c7424f8b6
+B+: 0x7f5c7424f8d0 0x7f5c7424f8e1
+B+: 0x7f5c7424f8e2 0x7f5c7424f8e6
+B+: 0x7f5c7424f8e7 0x7f5c7424f8eb
+B+: 0x7f5c7424f8ec 0x7f5c7424f8f1
+B+: 0x7f5c7424f8f2 0x7f5c7424f8fa
+B+: 0x7f5c7424f8fb 0x7f5c7424f8fc
+B+: 0x7f5c7424f940 0x7f5c7424f948
+B+: 0x7f5c7424f949 0x7f5c7424f951
+B+: 0x7f5c7424f980 0x7f5c7424f988
+B+: 0x7f5c7424f989 0x7f5c7424f98a
+B+: 0x7f5c7424f98b 0x7f5c7424f991
+B+: 0x7f5c7424f992 0x7f5c7424f9a2
+B+: 0x7f5c7424f9a8 0x7f5c7424f9ac
+B+: 0x7f5c7424f9eb 0x7f5c7424fa00
+B+: 0x7f5c7424fa08 0x7f5c7424fa10
+B+: 0x7f5c7424faf0 0x7f5c7424fb11
+B+: 0x7f5c7424fb12 0x7f5c7424fb16
+B+: 0x7f5c7424fb17 0x7f5c7424fb1d
+B+: 0x7f5c7424fb1e 0x7f5c7424fb26
+B+: 0x7f5c7424fb27 0x7f5c7424fb34
+B+: 0x7f5c7424fb35 0x7f5c7424fb3c
+B+: 0x7f5c7424fb3d 0x7f5c7424fb49
+B+: 0x7f5c7424fb4a 0x7f5c7424fb5a
+B+: 0x7f5c7424fb5b 0x7f5c7424fb63
+B+: 0x7f5c7424fb7f 0x7f5c7424fb93
+B+: 0x7f5c7424fb94 0x7f5c7424fb9c
+B+: 0x7f5c7424fbe0 0x7f5c7424fbf7
+B+: 0x7f5c7424fbf8 0x7f5c7424fc00
+B+: 0x7f5c7424fc1b 0x7f5c7424fc2b
+B+: 0x7f5c7424fd40 0x7f5c7424fd5e
+B+: 0x7f5c7424fd5f 0x7f5c7424fd6d
+B+: 0x7f5c7424fd6e 0x7f5c7424fd72
+B+: 0x7f5c7424fd7d 0x7f5c7424fd90
+B+: 0x7f5c7424fd91 0x7f5c7424fd95
+B+: 0x7f5c7424fd96 0x7f5c7424fd9a
+B+: 0x7f5c7424fda0 0x7f5c7424fda4
+B+: 0x7f5c7424fdd5 0x7f5c7424fdd9
+B+: 0x7f5c7424fdda 0x7f5c7424fdde
+B+: 0x7f5c7424fdf0 0x7f5c7424fdfb
+B+: 0x7f5c7424fdfc 0x7f5c7424fe07
+B+: 0x7f5c7424fe08 0x7f5c7424fe10
+B+: 0x7f5c7424fe2c 0x7f5c7424fe30
+B+: 0x7f5c7424fe31 0x7f5c7424fe36
+B+: 0x7f5c7424fe41 0x7f5c7424fe45
+B+: 0x7f5c7424fe46 0x7f5c7424fe54
+B+: 0x7f5c7424fe55 0x7f5c7424fe5d
+B+: 0x7f5c7424fe5e 0x7f5c7424fe62
+B+: 0x7f5c7424fe63 0x7f5c7424fe74
+B+: 0x7f5c7424fe78 0x7f5c7424fe84
+B+: 0x7f5c7424fea0 0x7f5c7424fea4
+B+: 0x7f5c7424fef0 0x7f5c7424ff03
+B+: 0x7f5c7424ff40 0x7f5c7424ff76
+B+: 0x7f5c7424ff77 0x7f5c7424ff82
+B+: 0x7f5c7424ff83 0x7f5c7424ff92
+B+: 0x7f5c7425001b 0x7f5c74250031
+B+: 0x7f5c74250032 0x7f5c74250040
+B+: 0x7f5c74250075 0x7f5c742500b8
+B+: 0x7f5c742500b9 0x7f5c742500c3
+B+: 0x7f5c742500c4 0x7f5c742500cc
+B+: 0x7f5c742500cd 0x7f5c742500d5
+B+: 0x7f5c742500d6 0x7f5c742500de
+B+: 0x7f5c742500df 0x7f5c74250106
+B+: 0x7f5c74250107 0x7f5c74250133
+B+: 0x7f5c74250578 0x7f5c74250581
+B+: 0x7f5c74250582 0x7f5c742505a8
+B+: 0x7f5c742505a9 0x7f5c742505b6
+B+: 0x7f5c742505d0 0x7f5c742505e0
+B+: 0x7f5c742505e1 0x7f5c742505ee
+B+: 0x7f5c742505ef 0x7f5c742505f3
+B+: 0x7f5c74250670 0x7f5c7425067e
+B+: 0x7f5c7425067f 0x7f5c74250683
+B+: 0x7f5c74250684 0x7f5c74250692
+B+: 0x7f5c74250693 0x7f5c7425069a
+B+: 0x7f5c7425069b 0x7f5c742506a2
+B+: 0x7f5c742506a3 0x7f5c742506b7
+B+: 0x7f5c74250790 0x7f5c742507bc
+B+: 0x7f5c742507bd 0x7f5c742507d4
+B+: 0x7f5c742507e0 0x7f5c7425083a
+B+: 0x7f5c7425083b 0x7f5c74250875
+B+: 0x7f5c74250876 0x7f5c74250893
+B+: 0x7f5c74250894 0x7f5c742508a3
+B+: 0x7f5c742508a4 0x7f5c742508b0
+B+: 0x7f5c742509b4 0x7f5c742509b8
+B+: 0x7f5c742509b9 0x7f5c742509cf
+B+: 0x7f5c742509d0 0x7f5c742509dc
+B+: 0x7f5c742509dd 0x7f5c742509ef
+B+: 0x7f5c742509f0 0x7f5c742509f7
+B+: 0x7f5c74250a01 0x7f5c74250a16
+B+: 0x7f5c74250a28 0x7f5c74250a3d
+B+: 0x7f5c74250a3e 0x7f5c74250a4d
+B+: 0x7f5c74250a79 0x7f5c74250a97
+B+: 0x7f5c74250a98 0x7f5c74250ac0
+B+: 0x7f5c74250ac1 0x7f5c74250acf
+B+: 0x7f5c74251148 0x7f5c74251154
+B+: 0x7f5c74251155 0x7f5c74251174
+B+: 0x7f5c74251175 0x7f5c7425117f
+B+: 0x7f5c742511ac 0x7f5c742511b0
+B+: 0x7f5c742511b1 0x7f5c742511b5
+B+: 0x7f5c74251a40 0x7f5c74251a64
+B+: 0x7f5c74251b10 0x7f5c74251b1a
+B+: 0x7f5c74251b40 0x7f5c74251b47
+B+: 0x7f5c74251b48 0x7f5c74251b51
+B+: 0x7f5c74251b58 0x7f5c74251b60
+B+: 0x7f5c74251b61 0x7f5c74251b6a
+B+: 0x7f5c74251b88 0x7f5c74251b8c
+B+: 0x7f5c74251b8d 0x7f5c74251b94
+B+: 0x7f5c74251ba0 0x7f5c74251ba4
+B+: 0x7f5c74251d00 0x7f5c74251d30
+B+: 0x7f5c74251e3f 0x7f5c74251e55
+B+: 0x7f5c74251e56 0x7f5c74251e67
+B+: 0x7f5c742521e0 0x7f5c74252222
+B+: 0x7f5c74252223 0x7f5c74252228
+B+: 0x7f5c7425224c 0x7f5c74252260
+B+: 0x7f5c74252261 0x7f5c74252269
+B+: 0x7f5c74252270 0x7f5c74252279
+B+: 0x7f5c74252288 0x7f5c742522a0
+B+: 0x7f5c742522a1 0x7f5c742522ba
+B+: 0x7f5c742522bb 0x7f5c742522bc
+B+: 0x7f5c742522d0 0x7f5c742522d8
+B+: 0x7f5c742522f8 0x7f5c742522f8
+B+: 0x7f5c74252300 0x7f5c7425230c
+B+: 0x7f5c7425233f 0x7f5c74252343
+B+: 0x7f5c74252380 0x7f5c74252384
+B+: 0x7f5c742523d0 0x7f5c742523e3
+B+: 0x7f5c74252400 0x7f5c74252400
+B+: 0x7f5c74252420 0x7f5c7425245b
+B+: 0x7f5c74252467 0x7f5c74252471
+B+: 0x7f5c74252472 0x7f5c74252489
+B+: 0x7f5c7425248a 0x7f5c7425248d
+B+: 0x7f5c7425248e 0x7f5c74252494
+B+: 0x7f5c74252495 0x7f5c7425249d
+B+: 0x7f5c7425249e 0x7f5c742524a9
+B+: 0x7f5c742524aa 0x7f5c742524c2
+B+: 0x7f5c742524c3 0x7f5c742524ce
+B+: 0x7f5c742524cf 0x7f5c742524e5
+B+: 0x7f5c742524e6 0x7f5c742524f5
+B+: 0x7f5c74252500 0x7f5c7425250e
+B+: 0x7f5c7425250f 0x7f5c74252513
+B+: 0x7f5c74252514 0x7f5c7425251e
+B+: 0x7f5c74252540 0x7f5c74252549
+B+: 0x7f5c7425254a 0x7f5c7425254e
+B+: 0x7f5c7425254f 0x7f5c74252560
+B+: 0x7f5c74252568 0x7f5c74252577
+B+: 0x7f5c74252580 0x7f5c74252589
+B+: 0x7f5c742525a8 0x7f5c742525bb
+B+: 0x7f5c742525c0 0x7f5c742525ce
+B+: 0x7f5c742525cf 0x7f5c742525dc
+B+: 0x7f5c742526f0 0x7f5c742526fd
+B+: 0x7f5c742527a0 0x7f5c742527a0
+B+: 0x7f5c742527b0 0x7f5c742527ba
+B+: 0x7f5c742527bb 0x7f5c742527ce
+B+: 0x7f5c742527cf 0x7f5c742527d8
+B+: 0x7f5c742527d9 0x7f5c742527e6
+B+: 0x7f5c74252800 0x7f5c7425282d
+B+: 0x7f5c7425282e 0x7f5c74252831
+B+: 0x7f5c74252832 0x7f5c74252847
+B+: 0x7f5c74252864 0x7f5c7425286b
+B+: 0x7f5c7425286c 0x7f5c7425286f
+B+: 0x7f5c74252870 0x7f5c74252876
+B+: 0x7f5c74252877 0x7f5c7425287b
+B+: 0x7f5c7425287c 0x7f5c74252886
+B+: 0x7f5c74252ae0 0x7f5c74252b01
+B+: 0x7f5c74252b02 0x7f5c74252b0a
+B+: 0x7f5c74252b0b 0x7f5c74252b14
+B+: 0x7f5c74252b15 0x7f5c74252b19
+B+: 0x7f5c74252c00 0x7f5c74252c19
+B+: 0x7f5c74252c51 0x7f5c74252c8e
+B+: 0x7f5c74252c8f 0x7f5c74252c9e
+B+: 0x7f5c74252c9f 0x7f5c74252ca6
+B+: 0x7f5c74252df0 0x7f5c74252dfb
+B+: 0x7f5c74252e20 0x7f5c74252e20
+B+: 0x7f5c74252e30 0x7f5c74252e38
+B+: 0x7f5c74254940 0x7f5c7425494b
+B+: 0x7f5c7425494c 0x7f5c74254957
+B+: 0x7f5c74254958 0x7f5c74254964
+B+: 0x7f5c74254965 0x7f5c74254969
+B+: 0x7f5c7425496a 0x7f5c7425496f
+B+: 0x7f5c74254970 0x7f5c74254976
+B+: 0x7f5c74254980 0x7f5c74254987
+B+: 0x7f5c74254988 0x7f5c7425498c
+B+: 0x7f5c7425498d 0x7f5c7425499b
+B+: 0x7f5c7425499c 0x7f5c742549a0
+B+: 0x7f5c742549a1 0x7f5c742549a8
+B+: 0x7f5c742549a9 0x7f5c742549ad
+B+: 0x7f5c742549ae 0x7f5c742549b8
+B+: 0x7f5c742549b9 0x7f5c742549b9
+B+: 0x7f5c742549c0 0x7f5c742549c5
+B+: 0x7f5c742549c6 0x7f5c742549c9
+B+: 0x7f5c742549d0 0x7f5c742549d0
+B+: 0x7f5c742549d1 0x7f5c742549d5
+B+: 0x7f5c742549d6 0x7f5c742549d9
+B+: 0x7f5c742549e0 0x7f5c742549ff
+B+: 0x7f5c74254a00 0x7f5c74254a11
+B+: 0x7f5c74254a12 0x7f5c74254a16
+B+: 0x7f5c74254a20 0x7f5c74254a22
+B+: 0x7f5c74254a23 0x7f5c74254a2f
+B+: 0x7f5c74254a30 0x7f5c74254a33
+B+: 0x7f5c74254a34 0x7f5c74254a5d
+B+: 0x7f5c74254a5e 0x7f5c74254a62
+B+: 0x7f5c74254a63 0x7f5c74254a82
+B+: 0x7f5c74254ac0 0x7f5c74254ade
+B+: 0x7f5c74254adf 0x7f5c74254ae3
+B+: 0x7f5c74254ae4 0x7f5c74254ae8
+B+: 0x7f5c74254af0 0x7f5c74254af2
+B+: 0x7f5c74254af3 0x7f5c74254aff
+B+: 0x7f5c74254b00 0x7f5c74254b03
+B+: 0x7f5c74254b04 0x7f5c74254b3e
+B+: 0x7f5c74254b3f 0x7f5c74254b49
+B+: 0x7f5c74254b4a 0x7f5c74254b57
+B+: 0x7f5c74254b58 0x7f5c74254b5d
+B+: 0x7f5c74254b5e 0x7f5c74254b66
+B+: 0x7f5c74254b67 0x7f5c74254b70
+B+: 0x7f5c74254b71 0x7f5c74254b7a
+B+: 0x7f5c74254b7b 0x7f5c74254b9a
+B+: 0x7f5c74254b9b 0x7f5c74254ba3
+B+: 0x7f5c74254ba4 0x7f5c74254bbd
+B+: 0x7f5c74254bc0 0x7f5c74254bc5
+B+: 0x7f5c74254bc6 0x7f5c74254bcf
+B+: 0x7f5c74254bd0 0x7f5c74254bd9
+B+: 0x7f5c74254bda 0x7f5c74254bf7
+B+: 0x7f5c74254c08 0x7f5c74254c14
+B+: 0x7f5c74254c15 0x7f5c74254c1b
+B+: 0x7f5c74254c1c 0x7f5c74254c29
+B+: 0x7f5c74254cb0 0x7f5c74254cca
+B+: 0x7f5c74254ccb 0x7f5c74254cda
+B+: 0x7f5c74254cdb 0x7f5c74254ce6
+B+: 0x7f5c74254ce7 0x7f5c74254cef
+B+: 0x7f5c74254cf0 0x7f5c74254cf4
+B+: 0x7f5c74254cf5 0x7f5c74254cfc
+B+: 0x7f5c74254cfd 0x7f5c74254d10
+B+: 0x7f5c74254d11 0x7f5c74254d21
+B+: 0x7f5c74254d22 0x7f5c74254d26
+B+: 0x7f5c74254d27 0x7f5c74254d38
+B+: 0x7f5c74254d39 0x7f5c74254d4b
+B+: 0x7f5c74254d4c 0x7f5c74254d54
+B+: 0x7f5c74254d55 0x7f5c74254d5e
+B+: 0x7f5c74254d5f 0x7f5c74254d6d
+B+: 0x7f5c74254ea0 0x7f5c74254eb6
+B+: 0x7f5c74254eb7 0x7f5c74254ebb
+B+: 0x7f5c74254ebc 0x7f5c74254ec0
+B+: 0x7f5c74254ec8 0x7f5c74254ecb
+B+: 0x7f5c74254ecc 0x7f5c74254ed9
+B+: 0x7f5c74254eda 0x7f5c74254edd
+B+: 0x7f5c74254ede 0x7f5c74254f06
+B+: 0x7f5c74254f07 0x7f5c74254f10
+B+: 0x7f5c74254f11 0x7f5c74254f16
+B+: 0x7f5c74254f17 0x7f5c74254f24
+B+: 0x7f5c74254f25 0x7f5c74254f2d
+B+: 0x7f5c74255440 0x7f5c7425546b
+B+: 0x7f5c7425546c 0x7f5c74255470
+B+: 0x7f5c74255471 0x7f5c74255475
+B+: 0x7f5c74255536 0x7f5c7425553e
+B+: 0x7f5c7425553f 0x7f5c74255548
+B+: 0x7f5c74255549 0x7f5c74255551
+B+: 0x7f5c742555d0 0x7f5c742555e4
+B+: 0x7f5c742555e5 0x7f5c74255606
+B+: 0x7f5c74255607 0x7f5c74255610
+B+: 0x7f5c74255611 0x7f5c74255618
+B+: 0x7f5c74255640 0x7f5c74255648
+B+: 0x7f5c74255649 0x7f5c74255656
+B+: 0x7f5c74255657 0x7f5c7425565f
+B+: 0x7f5c74255660 0x7f5c74255661
+B+: 0x7f5c74255760 0x7f5c742557aa
+B+: 0x7f5c742557ab 0x7f5c742557af
+B+: 0x7f5c742557b0 0x7f5c742557be
+B+: 0x7f5c742557c8 0x7f5c742557d3
+B+: 0x7f5c742557d4 0x7f5c742557d8
+B+: 0x7f5c742557d9 0x7f5c742557e0
+B+: 0x7f5c742557e1 0x7f5c742557e5
+B+: 0x7f5c742557e6 0x7f5c742557f3
+B+: 0x7f5c742557f4 0x7f5c742557fb
+B+: 0x7f5c74255800 0x7f5c74255810
+B+: 0x7f5c74255811 0x7f5c74255815
+B+: 0x7f5c74255816 0x7f5c74255832
+B+: 0x7f5c74255833 0x7f5c74255843
+B+: 0x7f5c74255844 0x7f5c7425584f
+B+: 0x7f5c74255850 0x7f5c74255857
+B+: 0x7f5c74255858 0x7f5c7425585c
+B+: 0x7f5c7425585d 0x7f5c74255868
+B+: 0x7f5c74255869 0x7f5c7425587b
+B+: 0x7f5c7425587c 0x7f5c74255884
+B+: 0x7f5c74255888 0x7f5c74255897
+B+: 0x7f5c74255898 0x7f5c7425589b
+B+: 0x7f5c7425589c 0x7f5c742558b4
+B+: 0x7f5c742558b5 0x7f5c742558b8
+B+: 0x7f5c742558b9 0x7f5c742558c6
+B+: 0x7f5c742558c7 0x7f5c742558d5
+B+: 0x7f5c74255dc0 0x7f5c74255dec
+B+: 0x7f5c74255ded 0x7f5c74255df2
+B+: 0x7f5c74255df3 0x7f5c74255e04
+B+: 0x7f5c74255e05 0x7f5c74255e0d
+B+: 0x7f5c74255e0e 0x7f5c74255e1c
+CND+ 0x7f5c7424400e: taken
+CND+ 0x7f5c742445ea: not taken
+CND+ 0x7f5c74244626: not taken
+CND+ 0x7f5c7424463b: taken
+CND+ 0x7f5c74244673: not taken
+CND+ 0x7f5c74244687: not taken
+CND+ 0x7f5c74244695: not taken
+CND+ 0x7f5c742447e2: taken
+CND+ 0x7f5c74244862: not taken
+CND+ 0x7f5c7424487c: both
+CND+ 0x7f5c742448a9: not taken
+CND+ 0x7f5c74244a5d: not taken
+CND+ 0x7f5c74244a62: taken
+CND+ 0x7f5c742456e6: not taken
+CND+ 0x7f5c74245704: taken
+CND+ 0x7f5c7424571a: not taken
+CND+ 0x7f5c7424571f: taken
+CND+ 0x7f5c7424572f: taken
+CND+ 0x7f5c7424574c: not taken
+CND+ 0x7f5c74245756: not taken
+CND+ 0x7f5c7424578f: not taken
+CND+ 0x7f5c7424579b: taken
+CND+ 0x7f5c74246079: taken
+CND+ 0x7f5c7424611b: not taken
+CND+ 0x7f5c74246149: not taken
+CND+ 0x7f5c74246158: not taken
+CND+ 0x7f5c74246190: not taken
+CND+ 0x7f5c742461ce: taken
+CND+ 0x7f5c74246c20: not taken
+CND+ 0x7f5c74246c2d: taken
+CND+ 0x7f5c74246c48: not taken
+CND+ 0x7f5c74246c5f: both
+CND+ 0x7f5c74246c88: not taken
+CND+ 0x7f5c74246ed2: taken
+CND+ 0x7f5c74246f55: not taken
+CND+ 0x7f5c74246f7e: not taken
+CND+ 0x7f5c74246f8a: not taken
+CND+ 0x7f5c74246f93: both
+CND+ 0x7f5c74246fc4: not taken
+CND+ 0x7f5c74246fe2: both
+CND+ 0x7f5c74246ffb: taken
+CND+ 0x7f5c7424705a: taken
+CND+ 0x7f5c742470af: not taken
+CND+ 0x7f5c742470b8: taken
+CND+ 0x7f5c742470e0: taken
+CND+ 0x7f5c74247116: not taken
+CND+ 0x7f5c7424715a: not taken
+CND+ 0x7f5c74247163: taken
+CND+ 0x7f5c7424721b: taken
+CND+ 0x7f5c7424724a: taken
+CND+ 0x7f5c7424727c: not taken
+CND+ 0x7f5c7424736a: taken
+CND+ 0x7f5c74247520: not taken
+CND+ 0x7f5c74247529: not taken
+CND+ 0x7f5c74247532: taken
+CND+ 0x7f5c742478eb: not taken
+CND+ 0x7f5c74247906: both
+CND+ 0x7f5c7424793d: not taken
+CND+ 0x7f5c74247985: both
+CND+ 0x7f5c742479f6: taken
+CND+ 0x7f5c74247a20: both
+CND+ 0x7f5c74247a29: not taken
+CND+ 0x7f5c74247a33: not taken
+CND+ 0x7f5c74247ae4: not taken
+CND+ 0x7f5c74247afb: taken
+CND+ 0x7f5c74247b2a: both
+CND+ 0x7f5c74247b30: both
+CND+ 0x7f5c74247b40: taken
+CND+ 0x7f5c74247b60: not taken
+CND+ 0x7f5c74247b96: not taken
+CND+ 0x7f5c74247be5: taken
+CND+ 0x7f5c74247da0: not taken
+CND+ 0x7f5c74247da9: not taken
+CND+ 0x7f5c74247dc8: both
+CND+ 0x7f5c74247dd0: both
+CND+ 0x7f5c74247e2e: taken
+CND+ 0x7f5c74247e57: not taken
+CND+ 0x7f5c74247eac: taken
+CND+ 0x7f5c74247ed8: taken
+CND+ 0x7f5c74247fa3: not taken
+CND+ 0x7f5c74247fc0: taken
+CND+ 0x7f5c74248019: not taken
+CND+ 0x7f5c74248065: not taken
+CND+ 0x7f5c7424806f: not taken
+CND+ 0x7f5c74248089: both
+CND+ 0x7f5c7424809d: not taken
+CND+ 0x7f5c742480ab: taken
+CND+ 0x7f5c7424814c: not taken
+CND+ 0x7f5c74248156: taken
+CND+ 0x7f5c742481cc: taken
+CND+ 0x7f5c742481ee: taken
+CND+ 0x7f5c74248811: both
+CND+ 0x7f5c7424881b: not taken
+CND+ 0x7f5c7424881f: not taken
+CND+ 0x7f5c74248839: taken
+CND+ 0x7f5c74248859: taken
+CND+ 0x7f5c74248861: taken
+CND+ 0x7f5c7424945f: taken
+CND+ 0x7f5c74249626: not taken
+CND+ 0x7f5c742496ca: taken
+CND+ 0x7f5c74249762: taken
+CND+ 0x7f5c7424a2a4: taken
+CND+ 0x7f5c7424a2bd: not taken
+CND+ 0x7f5c7424a2cd: not taken
+CND+ 0x7f5c7424a30f: taken
+CND+ 0x7f5c7424a327: taken
+CND+ 0x7f5c7424a33a: not taken
+CND+ 0x7f5c7424a343: taken
+CND+ 0x7f5c7424a381: not taken
+CND+ 0x7f5c7424a3d6: taken
+CND+ 0x7f5c7424a3e7: taken
+CND+ 0x7f5c7424a895: not taken
+CND+ 0x7f5c7424a8a8: not taken
+CND+ 0x7f5c7424a8d2: not taken
+CND+ 0x7f5c7424a907: not taken
+CND+ 0x7f5c7424a942: taken
+CND+ 0x7f5c7424a953: not taken
+CND+ 0x7f5c7424a963: taken
+CND+ 0x7f5c7424aa7b: not taken
+CND+ 0x7f5c7424adbc: both
+CND+ 0x7f5c7424adc9: both
+CND+ 0x7f5c7424ae03: not taken
+CND+ 0x7f5c7424ae0d: not taken
+CND+ 0x7f5c7424ae18: taken
+CND+ 0x7f5c7424b1a1: not taken
+CND+ 0x7f5c7424b1ab: not taken
+CND+ 0x7f5c7424b1e4: taken
+CND+ 0x7f5c7424b1f2: taken
+CND+ 0x7f5c7424b20a: not taken
+CND+ 0x7f5c7424b225: not taken
+CND+ 0x7f5c7424b22f: not taken
+CND+ 0x7f5c7424b247: taken
+CND+ 0x7f5c7424b533: taken
+CND+ 0x7f5c7424b582: taken
+CND+ 0x7f5c7424b655: taken
+CND+ 0x7f5c7424b698: taken
+CND+ 0x7f5c7424b703: not taken
+CND+ 0x7f5c7424b70c: taken
+CND+ 0x7f5c7424b725: not taken
+CND+ 0x7f5c7424b742: not taken
+CND+ 0x7f5c7424b75a: not taken
+CND+ 0x7f5c7424b765: not taken
+CND+ 0x7f5c7424b792: not taken
+CND+ 0x7f5c7424b797: taken
+CND+ 0x7f5c7424b7a9: taken
+CND+ 0x7f5c7424b7ad: not taken
+CND+ 0x7f5c7424b7bc: taken
+CND+ 0x7f5c7424b7ce: taken
+CND+ 0x7f5c7424b848: taken
+CND+ 0x7f5c7424b889: not taken
+CND+ 0x7f5c7424b89b: not taken
+CND+ 0x7f5c7424b8a8: taken
+CND+ 0x7f5c7424bc2f: not taken
+CND+ 0x7f5c7424bc57: taken
+CND+ 0x7f5c7424bc65: not taken
+CND+ 0x7f5c7424bc6e: taken
+CND+ 0x7f5c7424bc86: not taken
+CND+ 0x7f5c7424bcae: taken
+CND+ 0x7f5c7424c366: taken
+CND+ 0x7f5c7424c9d6: taken
+CND+ 0x7f5c7424ca31: not taken
+CND+ 0x7f5c7424ca51: taken
+CND+ 0x7f5c7424caad: not taken
+CND+ 0x7f5c7424cab5: taken
+CND+ 0x7f5c7424cb00: taken
+CND+ 0x7f5c7424cb5a: not taken
+CND+ 0x7f5c7424cb62: not taken
+CND+ 0x7f5c7424cb6b: not taken
+CND+ 0x7f5c7424cb75: not taken
+CND+ 0x7f5c7424cb7f: taken
+CND+ 0x7f5c7424cb9b: taken
+CND+ 0x7f5c7424cc3c: taken
+CND+ 0x7f5c7424ced9: not taken
+CND+ 0x7f5c7424cee6: not taken
+CND+ 0x7f5c7424cf01: not taken
+CND+ 0x7f5c7424cf1a: not taken
+CND+ 0x7f5c7424cf20: not taken
+CND+ 0x7f5c7424cf26: taken
+CND+ 0x7f5c7424d76c: not taken
+CND+ 0x7f5c7424d78c: not taken
+CND+ 0x7f5c7424d7d8: both
+CND+ 0x7f5c7424d7e1: taken
+CND+ 0x7f5c7424d806: not taken
+CND+ 0x7f5c7424d840: not taken
+CND+ 0x7f5c7424d84a: not taken
+CND+ 0x7f5c7424d965: both
+CND+ 0x7f5c7424d989: not taken
+CND+ 0x7f5c7424d9b2: not taken
+CND+ 0x7f5c7424d9bc: not taken
+CND+ 0x7f5c7424d9e3: not taken
+CND+ 0x7f5c7424da13: taken
+CND+ 0x7f5c7424dafd: not taken
+CND+ 0x7f5c7424db1a: not taken
+CND+ 0x7f5c7424db61: taken
+CND+ 0x7f5c7424e711: not taken
+CND+ 0x7f5c7424e71d: not taken
+CND+ 0x7f5c7424e722: not taken
+CND+ 0x7f5c7424e748: not taken
+CND+ 0x7f5c7424e74c: not taken
+CND+ 0x7f5c7424e75f: not taken
+CND+ 0x7f5c7424e7a4: not taken
+CND+ 0x7f5c7424e8f3: both
+CND+ 0x7f5c7424e90f: both
+CND+ 0x7f5c7424e911: not taken
+CND+ 0x7f5c7424e91a: taken
+CND+ 0x7f5c7424ea92: not taken
+CND+ 0x7f5c7424eaba: not taken
+CND+ 0x7f5c7424ead5: both
+CND+ 0x7f5c7424eade: taken
+CND+ 0x7f5c7424eaf7: not taken
+CND+ 0x7f5c7424eb01: not taken
+CND+ 0x7f5c7424eb05: not taken
+CND+ 0x7f5c7424eb19: taken
+CND+ 0x7f5c7424ec50: not taken
+CND+ 0x7f5c7424ec62: taken
+CND+ 0x7f5c7424edb1: not taken
+CND+ 0x7f5c7424edea: both
+CND+ 0x7f5c7424ee13: not taken
+CND+ 0x7f5c7424ee20: taken
+CND+ 0x7f5c7424ee2d: not taken
+CND+ 0x7f5c7424ee43: not taken
+CND+ 0x7f5c7424ee4f: both
+CND+ 0x7f5c7424ee58: not taken
+CND+ 0x7f5c7424ee72: taken
+CND+ 0x7f5c7424eee7: taken
+CND+ 0x7f5c7424f75d: both
+CND+ 0x7f5c7424f76f: not taken
+CND+ 0x7f5c7424f782: both
+CND+ 0x7f5c7424f787: both
+CND+ 0x7f5c7424f795: both
+CND+ 0x7f5c7424f8b1: not taken
+CND+ 0x7f5c7424f8dc: not taken
+CND+ 0x7f5c7424f8ea: not taken
+CND+ 0x7f5c7424f8ec: both
+CND+ 0x7f5c7424f8f5: not taken
+CND+ 0x7f5c7424f8fb: taken
+CND+ 0x7f5c7424f943: not taken
+CND+ 0x7f5c7424f94c: taken
+CND+ 0x7f5c7424f983: not taken
+CND+ 0x7f5c7424f989: both
+CND+ 0x7f5c7424f990: not taken
+CND+ 0x7f5c7424f9ab: taken
+CND+ 0x7f5c7424fa0b: taken
+CND+ 0x7f5c7424fb10: both
+CND+ 0x7f5c7424fb1c: not taken
+CND+ 0x7f5c7424fb21: both
+CND+ 0x7f5c7424fb2f: not taken
+CND+ 0x7f5c7424fb37: both
+CND+ 0x7f5c7424fb44: both
+CND+ 0x7f5c7424fb5e: taken
+CND+ 0x7f5c7424fb92: both
+CND+ 0x7f5c7424fb9b: taken
+CND+ 0x7f5c7424fbfb: taken
+CND+ 0x7f5c7424fd68: both
+CND+ 0x7f5c7424fd71: taken
+CND+ 0x7f5c7424fd8b: not taken
+CND+ 0x7f5c7424fda3: taken
+CND+ 0x7f5c7424fddd: taken
+CND+ 0x7f5c7424fe02: not taken
+CND+ 0x7f5c7424fe0b: taken
+CND+ 0x7f5c7424fe2f: not taken
+CND+ 0x7f5c7424fe35: taken
+CND+ 0x7f5c7424fe4f: not taken
+CND+ 0x7f5c7424fe58: both
+CND+ 0x7f5c7424ff7d: not taken
+CND+ 0x7f5c7425002c: not taken
+CND+ 0x7f5c742500c7: not taken
+CND+ 0x7f5c742500d0: both
+CND+ 0x7f5c742500d9: not taken
+CND+ 0x7f5c742505a7: both
+CND+ 0x7f5c742505ed: not taken
+CND+ 0x7f5c742505f2: taken
+CND+ 0x7f5c74250682: not taken
+CND+ 0x7f5c742506a1: not taken
+CND+ 0x7f5c742507bb: not taken
+CND+ 0x7f5c74250835: not taken
+CND+ 0x7f5c74250870: not taken
+CND+ 0x7f5c7425088e: not taken
+CND+ 0x7f5c7425089e: not taken
+CND+ 0x7f5c742509ca: both
+CND+ 0x7f5c742509ea: taken
+CND+ 0x7f5c742509f6: taken
+CND+ 0x7f5c74250a15: taken
+CND+ 0x7f5c74250a38: not taken
+CND+ 0x7f5c74250a48: taken
+CND+ 0x7f5c74250abb: not taken
+CND+ 0x7f5c7425114f: not taken
+CND+ 0x7f5c7425116f: not taken
+CND+ 0x7f5c7425117e: taken
+CND+ 0x7f5c74251a5f: taken
+CND+ 0x7f5c74251b46: not taken
+CND+ 0x7f5c74251b50: taken
+CND+ 0x7f5c74251b69: taken
+CND+ 0x7f5c74251b93: taken
+CND+ 0x7f5c74251d2b: taken
+CND+ 0x7f5c74251e50: not taken
+CND+ 0x7f5c74252227: taken
+CND+ 0x7f5c7425225f: not taken
+CND+ 0x7f5c74252278: taken
+CND+ 0x7f5c742522b9: not taken
+CND+ 0x7f5c742522d7: taken
+CND+ 0x7f5c7425230b: taken
+CND+ 0x7f5c74252383: taken
+CND+ 0x7f5c742523e2: taken
+CND+ 0x7f5c74252456: taken
+CND+ 0x7f5c74252488: both
+CND+ 0x7f5c7425248c: not taken
+CND+ 0x7f5c74252493: not taken
+CND+ 0x7f5c74252498: both
+CND+ 0x7f5c742524e0: not taken
+CND+ 0x7f5c74252512: not taken
+CND+ 0x7f5c74252519: taken
+CND+ 0x7f5c74252548: not taken
+CND+ 0x7f5c7425254d: not taken
+CND+ 0x7f5c742525c9: not taken
+CND+ 0x7f5c742525d7: taken
+CND+ 0x7f5c742526f8: taken
+CND+ 0x7f5c742527b9: not taken
+CND+ 0x7f5c74252830: not taken
+CND+ 0x7f5c74252846: taken
+CND+ 0x7f5c7425286e: not taken
+CND+ 0x7f5c74252b09: not taken
+CND+ 0x7f5c74252b13: not taken
+CND+ 0x7f5c74252c18: taken
+CND+ 0x7f5c74252c9d: not taken
+CND+ 0x7f5c74252dfa: taken
+CND+ 0x7f5c74254946: both
+CND+ 0x7f5c74254963: both
+CND+ 0x7f5c74254968: not taken
+CND+ 0x7f5c7425496e: not taken
+CND+ 0x7f5c74254986: not taken
+CND+ 0x7f5c7425498b: both
+CND+ 0x7f5c7425499a: both
+CND+ 0x7f5c7425499f: both
+CND+ 0x7f5c742549ac: both
+CND+ 0x7f5c742549b7: both
+CND+ 0x7f5c742549c4: not taken
+CND+ 0x7f5c74254a10: not taken
+CND+ 0x7f5c74254a15: taken
+CND+ 0x7f5c74254a2e: both
+CND+ 0x7f5c74254a32: both
+CND+ 0x7f5c74254a5c: both
+CND+ 0x7f5c74254add: not taken
+CND+ 0x7f5c74254ae2: not taken
+CND+ 0x7f5c74254afe: not taken
+CND+ 0x7f5c74254b02: both
+CND+ 0x7f5c74254b48: both
+CND+ 0x7f5c74254b52: not taken
+CND+ 0x7f5c74254b5c: not taken
+CND+ 0x7f5c74254b65: both
+CND+ 0x7f5c74254b6b: taken
+CND+ 0x7f5c74254b75: not taken
+CND+ 0x7f5c74254b95: not taken
+CND+ 0x7f5c74254ba2: not taken
+CND+ 0x7f5c74254bc4: not taken
+CND+ 0x7f5c74254bce: not taken
+CND+ 0x7f5c74254bf6: taken
+CND+ 0x7f5c74254c24: taken
+CND+ 0x7f5c74254ce1: not taken
+CND+ 0x7f5c74254cea: not taken
+CND+ 0x7f5c74254cf3: not taken
+CND+ 0x7f5c74254d25: not taken
+CND+ 0x7f5c74254d53: not taken
+CND+ 0x7f5c74254d5d: not taken
+CND+ 0x7f5c74254eb5: not taken
+CND+ 0x7f5c74254eba: not taken
+CND+ 0x7f5c74254ed8: both
+CND+ 0x7f5c74254edc: taken
+CND+ 0x7f5c74254f0f: not taken
+CND+ 0x7f5c74254f15: not taken
+CND+ 0x7f5c7425546f: not taken
+CND+ 0x7f5c7425553d: not taken
+CND+ 0x7f5c74255547: not taken
+CND+ 0x7f5c74255605: not taken
+CND+ 0x7f5c7425560f: not taken
+CND+ 0x7f5c74255647: not taken
+CND+ 0x7f5c7425565e: not taken
+CND+ 0x7f5c742557bd: taken
+CND+ 0x7f5c742557d2: taken
+CND+ 0x7f5c742557df: not taken
+CND+ 0x7f5c742557e4: both
+CND+ 0x7f5c742557fa: taken
+CND+ 0x7f5c74255856: not taken
+CND+ 0x7f5c7425585b: taken
+CND+ 0x7f5c7425587a: not taken
+CND+ 0x7f5c7425589a: not taken
+CND+ 0x7f5c742558b7: not taken
+CND+ 0x7f5c742558c5: not taken
+CND+ 0x7f5c742558d4: taken
+CND+ 0x7f5c74255df1: not taken
+CND+ 0x7f5c74255e0c: not taken
@0x7f5c7425255f to 0x7f5c74252580 1
@0x7f5c7425255f to 0x7f5c742525c0 1
@0x7f5c7425255f to 0x7f5c742525a8 2
@0x7f5c742508af to 0x7f5c74250a01 180
@0x7f5c742508af to 0x7f5c742509f0 10
@0x7f5c742508af to 0x7f5c74250a28 1
@0x7f5c74254c19 to 0x7f5c742487d0 1
@0x7f5c74254c19 to 0x7f5c7424f120 1
@0x7f5c74244050 to 0x7f5c77d7da30 4
@0x7f5c74244080 to 0x7f5c77d1d330 2
@0x7f5c74244090 to 0x7f5c77dbf710 1
@0x7f5c742440a0 to 0x7f5c77d95e70 5
@0x7f5c742440d0 to 0x7f5c77d30a20 7
@0x7f5c742440f0 to 0x7f5c77e54800 4
@0x7f5c74244130 to 0x7f5c77dc01e0 1
@0x7f5c74244140 to 0x7f5c77d34c10 1
@0x7f5c74244150 to 0x7f5c77de2800 4
@0x7f5c74244160 to 0x7f5c77dbf230 1
@0x7f5c74244190 to 0x7f5c77e54bc0 8
@0x7f5c742441c0 to 0x7f5c77dc0200 1
@0x7f5c742441e0 to 0x7f5c77e545d0 1
@0x7f5c74244220 to 0x7f5c77dc0210 2
@0x7f5c74244230 to 0x7f5c77de3b10 1
@0x7f5c7424616e to 0x7f5c742461c0 1
@0x7f5c74244280 to 0x7f5c77e4fd10 11
@0x7f5c742442a0 to 0x7f5c77d30450 4
@0x7f5c742461ac to 0x7f5c74246e90 1
@0x7f5c742442d0 to 0x7f5c77e50100 9
@0x7f5c74244320 to 0x7f5c77d310f0 4
@0x7f5c74244330 to 0x7f5c77e55100 6
@0x7f5c74244350 to 0x7f5c77dc0220 1
@0x7f5c74244370 to 0x7f5c77de2800 2
@0x7f5c74244390 to 0x7f5c77d7d3e0 23
@0x7f5c742443b0 to 0x7f5c77dc0230 1
@0x7f5c742443c0 to 0x7f5c77e4fe90 22
@0x7f5c742443e0 to 0x7f5c77e00ba0 1
@0x7f5c74244410 to 0x7f5c77d7dc80 1
@0x7f5c74244460 to 0x7f5c77e550e0 13
@0x7f5c74244510 to 0x7f5c77dc01f0 1
@0x7f5c74244560 to 0x7f5c77dbf4e0 1
@0x7f5c74244570 to 0x7f5c77d29580 191
@0x7f5c7424ff91 to 0x7f5c74250075 1
@0x7f5c74244784 to 0x7f5c77d1cfb0 1
@0x7f5c74255e01 to 0x7f5c74244840 1
