MODULE_NAME: /usr/bin/gs
MODULE_START: 0x7fc0236c1000
+B+: 0x7fc0236c2000 0x7fc0236c200f
+B+: 0x7fc0236c2012 0x7fc0236c2016
+B+: 0x7fc0236c2020 0x7fc0236c202b
+B+: 0x7fc0236c2030 0x7fc0236c2035
+B+: 0x7fc0236c2036 0x7fc0236c203f
+B+: 0x7fc0236c2040 0x7fc0236c2045
+B+: 0x7fc0236c2046 0x7fc0236c204f
+B+: 0x7fc0236c2050 0x7fc0236c2055
+B+: 0x7fc0236c2056 0x7fc0236c205f
+B+: 0x7fc0236c2090 0x7fc0236c2095
+B+: 0x7fc0236c2096 0x7fc0236c209f
+B+: 0x7fc0236c20b0 0x7fc0236c20b5
+B+: 0x7fc0236c20b6 0x7fc0236c20bf
+B+: 0x7fc0236c20c0 0x7fc0236c20c5
+B+: 0x7fc0236c20c6 0x7fc0236c20cf
+B+: 0x7fc0236c20d0 0x7fc0236c20d5
+B+: 0x7fc0236c20d6 0x7fc0236c20df
+B+: 0x7fc0236c20e0 0x7fc0236c20e5
+B+: 0x7fc0236c20f0 0x7fc0236c2121
+B+: 0x7fc0236c2122 0x7fc0236c2127
+B+: 0x7fc0236c2128 0x7fc0236c2130
+B+: 0x7fc0236c2131 0x7fc0236c2132
+B+: 0x7fc0236c2133 0x7fc0236c2137
+B+: 0x7fc0236c2138 0x7fc0236c2152
+B+: 0x7fc0236c2153 0x7fc0236c215b
+B+: 0x7fc0236c2184 0x7fc0236c21a2
+B+: 0x7fc0236c21a3 0x7fc0236c21b1
+B+: 0x7fc0236c21b2 0x7fc0236c21b7
+B+: 0x7fc0236c21b8 0x7fc0236c21c1
+B+: 0x7fc0236c21c2 0x7fc0236c21c5
+B+: 0x7fc0236c21c6 0x7fc0236c21ca
+B+: 0x7fc0236c21cb 0x7fc0236c21d6
+B+: 0x7fc0236c21d7 0x7fc0236c21db
+B+: 0x7fc0236c2220 0x7fc0236c2249
+B+: 0x7fc0236c2250 0x7fc0236c2262
+B+: 0x7fc0236c2278 0x7fc0236c2278
+B+: 0x7fc0236c2280 0x7fc0236c22a3
+B+: 0x7fc0236c22b8 0x7fc0236c22b8
+B+: 0x7fc0236c22c0 0x7fc0236c22c8
+B+: 0x7fc0236c22c9 0x7fc0236c22d6
+B+: 0x7fc0236c22d7 0x7fc0236c22e2
+B+: 0x7fc0236c22e3 0x7fc0236c22e7
+B+: 0x7fc0236c22e8 0x7fc0236c22f0
+B+: 0x7fc0236c2300 0x7fc0236c2304
+B+: 0x7fc0236c2350 0x7fc0236c2373
+B+: 0x7fc0236c2374 0x7fc0236c237c
+B+: 0x7fc0236c237d 0x7fc0236c2385
+B+: 0x7fc0236c23c0 0x7fc0236c23ec
+B+: 0x7fc0236c23ed 0x7fc0236c23f2
+B+: 0x7fc0236c23f3 0x7fc0236c2404
+B+: 0x7fc0236c2405 0x7fc0236c240d
+B+: 0x7fc0236c240e 0x7fc0236c241c
+B+: 0x7fc0236c2424 0x7fc0236c242c
+CND+ 0x7fc0236c200e: taken
+CND+ 0x7fc0236c2126: taken
+CND+ 0x7fc0236c212b: not taken
+CND+ 0x7fc0236c2131: not taken
+CND+ 0x7fc0236c2136: not taken
+CND+ 0x7fc0236c214d: not taken
+CND+ 0x7fc0236c21b6: not taken
+CND+ 0x7fc0236c21c4: not taken
+CND+ 0x7fc0236c21c9: not taken
+CND+ 0x7fc0236c2261: taken
+CND+ 0x7fc0236c22a2: taken
+CND+ 0x7fc0236c22c7: not taken
+CND+ 0x7fc0236c22d5: not taken
+CND+ 0x7fc0236c23f1: not taken
+CND+ 0x7fc0236c240c: not taken
@0x7fc0236c2026 to 0x7fc0276b1500 7
@0x7fc0236c2030 to 0x7fc0236c2036 1
@0x7fc0236c2040 to 0x7fc0236c2046 1
@0x7fc0236c2050 to 0x7fc0236c2056 1
@0x7fc0236c2090 to 0x7fc0236c2096 1
@0x7fc0236c20b0 to 0x7fc0236c20b6 1
@0x7fc0236c20c0 to 0x7fc0236c20c6 1
@0x7fc0236c20d0 to 0x7fc0236c20d6 1
@0x7fc0236c20e0 to 0x7fc0262171c0 1
@0x7fc0236c2244 to 0x7fc026200fb0 1
@0x7fc0236c2401 to 0x7fc0236c2300 1
