MODULE_NAME: /usr/bin/gs
MODULE_START: 0x7f633f66a000
+B+: 0x7f633f66b000 0x7f633f66b00f
+B+: 0x7f633f66b012 0x7f633f66b016
+B+: 0x7f633f66b020 0x7f633f66b02b
+B+: 0x7f633f66b030 0x7f633f66b035
+B+: 0x7f633f66b036 0x7f633f66b03f
+B+: 0x7f633f66b040 0x7f633f66b045
+B+: 0x7f633f66b046 0x7f633f66b04f
+B+: 0x7f633f66b050 0x7f633f66b055
+B+: 0x7f633f66b056 0x7f633f66b05f
+B+: 0x7f633f66b090 0x7f633f66b095
+B+: 0x7f633f66b096 0x7f633f66b09f
+B+: 0x7f633f66b0b0 0x7f633f66b0b5
+B+: 0x7f633f66b0b6 0x7f633f66b0bf
+B+: 0x7f633f66b0c0 0x7f633f66b0c5
+B+: 0x7f633f66b0c6 0x7f633f66b0cf
+B+: 0x7f633f66b0d0 0x7f633f66b0d5
+B+: 0x7f633f66b0d6 0x7f633f66b0df
+B+: 0x7f633f66b0e0 0x7f633f66b0e5
+B+: 0x7f633f66b0f0 0x7f633f66b121
+B+: 0x7f633f66b122 0x7f633f66b127
+B+: 0x7f633f66b128 0x7f633f66b130
+B+: 0x7f633f66b131 0x7f633f66b132
+B+: 0x7f633f66b133 0x7f633f66b137
+B+: 0x7f633f66b138 0x7f633f66b152
+B+: 0x7f633f66b153 0x7f633f66b15b
+B+: 0x7f633f66b184 0x7f633f66b1a2
+B+: 0x7f633f66b1a3 0x7f633f66b1b1
+B+: 0x7f633f66b1b2 0x7f633f66b1b7
+B+: 0x7f633f66b1b8 0x7f633f66b1c1
+B+: 0x7f633f66b1c2 0x7f633f66b1c5
+B+: 0x7f633f66b1c6 0x7f633f66b1ca
+B+: 0x7f633f66b1cb 0x7f633f66b1d6
+B+: 0x7f633f66b1d7 0x7f633f66b1db
+B+: 0x7f633f66b220 0x7f633f66b249
+B+: 0x7f633f66b250 0x7f633f66b262
+B+: 0x7f633f66b278 0x7f633f66b278
+B+: 0x7f633f66b280 0x7f633f66b2a3
+B+: 0x7f633f66b2b8 0x7f633f66b2b8
+B+: 0x7f633f66b2c0 0x7f633f66b2c8
+B+: 0x7f633f66b2c9 0x7f633f66b2d6
+B+: 0x7f633f66b2d7 0x7f633f66b2e2
+B+: 0x7f633f66b2e3 0x7f633f66b2e7
+B+: 0x7f633f66b2e8 0x7f633f66b2f0
+B+: 0x7f633f66b300 0x7f633f66b304
+B+: 0x7f633f66b350 0x7f633f66b373
+B+: 0x7f633f66b374 0x7f633f66b37c
+B+: 0x7f633f66b37d 0x7f633f66b385
+B+: 0x7f633f66b3c0 0x7f633f66b3ec
+B+: 0x7f633f66b3ed 0x7f633f66b3f2
+B+: 0x7f633f66b3f3 0x7f633f66b404
+B+: 0x7f633f66b405 0x7f633f66b40d
+B+: 0x7f633f66b40e 0x7f633f66b41c
+B+: 0x7f633f66b424 0x7f633f66b42c
+CND+ 0x7f633f66b00e: taken
+CND+ 0x7f633f66b126: taken
+CND+ 0x7f633f66b12b: not taken
+CND+ 0x7f633f66b131: not taken
+CND+ 0x7f633f66b136: not taken
+CND+ 0x7f633f66b14d: not taken
+CND+ 0x7f633f66b1b6: not taken
+CND+ 0x7f633f66b1c4: not taken
+CND+ 0x7f633f66b1c9: not taken
+CND+ 0x7f633f66b261: taken
+CND+ 0x7f633f66b2a2: taken
+CND+ 0x7f633f66b2c7: not taken
+CND+ 0x7f633f66b2d5: not taken
+CND+ 0x7f633f66b3f1: not taken
+CND+ 0x7f633f66b40c: not taken
@0x7f633f66b401 to 0x7f633f66b300 1
@0x7f633f66b026 to 0x7f634365a500 7
@0x7f633f66b030 to 0x7f633f66b036 1
@0x7f633f66b040 to 0x7f633f66b046 1
@0x7f633f66b050 to 0x7f633f66b056 1
@0x7f633f66b090 to 0x7f633f66b096 1
@0x7f633f66b0b0 to 0x7f633f66b0b6 1
@0x7f633f66b0c0 to 0x7f633f66b0c6 1
@0x7f633f66b0d0 to 0x7f633f66b0d6 1
@0x7f633f66b0e0 to 0x7f63421c01c0 1
@0x7f633f66b244 to 0x7f63421a9fb0 1
