MODULE_NAME: /bin/dash
MODULE_START: 0x7f5bb08d5000
+B+: 0x7f5bb08d9000 0x7f5bb08d900f
+B+: 0x7f5bb08d9012 0x7f5bb08d9016
+B+: 0x7f5bb08d9050 0x7f5bb08d9055
+B+: 0x7f5bb08d9080 0x7f5bb08d9085
+B+: 0x7f5bb08d9090 0x7f5bb08d9095
+B+: 0x7f5bb08d90a0 0x7f5bb08d90a5
+B+: 0x7f5bb08d90d0 0x7f5bb08d90d5
+B+: 0x7f5bb08d90f0 0x7f5bb08d90f5
+B+: 0x7f5bb08d9130 0x7f5bb08d9135
+B+: 0x7f5bb08d9140 0x7f5bb08d9145
+B+: 0x7f5bb08d9150 0x7f5bb08d9155
+B+: 0x7f5bb08d9160 0x7f5bb08d9165
+B+: 0x7f5bb08d9190 0x7f5bb08d9195
+B+: 0x7f5bb08d91c0 0x7f5bb08d91c5
+B+: 0x7f5bb08d91e0 0x7f5bb08d91e5
+B+: 0x7f5bb08d9220 0x7f5bb08d9225
+B+: 0x7f5bb08d9230 0x7f5bb08d9235
+B+: 0x7f5bb08d9280 0x7f5bb08d9285
+B+: 0x7f5bb08d92a0 0x7f5bb08d92a5
+B+: 0x7f5bb08d92d0 0x7f5bb08d92d5
+B+: 0x7f5bb08d9320 0x7f5bb08d9325
+B+: 0x7f5bb08d9330 0x7f5bb08d9335
+B+: 0x7f5bb08d9350 0x7f5bb08d9355
+B+: 0x7f5bb08d9370 0x7f5bb08d9375
+B+: 0x7f5bb08d9390 0x7f5bb08d9395
+B+: 0x7f5bb08d93b0 0x7f5bb08d93b5
+B+: 0x7f5bb08d93c0 0x7f5bb08d93c5
+B+: 0x7f5bb08d93e0 0x7f5bb08d93e5
+B+: 0x7f5bb08d9410 0x7f5bb08d9415
+B+: 0x7f5bb08d9460 0x7f5bb08d9465
+B+: 0x7f5bb08d9510 0x7f5bb08d9515
+B+: 0x7f5bb08d9560 0x7f5bb08d9565
+B+: 0x7f5bb08d9570 0x7f5bb08d9575
+B+: 0x7f5bb08d9590 0x7f5bb08d95b8
+B+: 0x7f5bb08d95b9 0x7f5bb08d95c4
+B+: 0x7f5bb08d95c5 0x7f5bb08d95cf
+B+: 0x7f5bb08d95d0 0x7f5bb08d95e7
+B+: 0x7f5bb08d95e8 0x7f5bb08d95ef
+B+: 0x7f5bb08d95f0 0x7f5bb08d9600
+B+: 0x7f5bb08d9601 0x7f5bb08d960b
+B+: 0x7f5bb08d960c 0x7f5bb08d9615
+B+: 0x7f5bb08d9616 0x7f5bb08d9623
+B+: 0x7f5bb08d9624 0x7f5bb08d962b
+B+: 0x7f5bb08d962c 0x7f5bb08d963c
+B+: 0x7f5bb08d9657 0x7f5bb08d9660
+B+: 0x7f5bb08d9661 0x7f5bb08d9678
+B+: 0x7f5bb08d9679 0x7f5bb08d967f
+B+: 0x7f5bb08d9680 0x7f5bb08d968c
+B+: 0x7f5bb08d968d 0x7f5bb08d9696
+B+: 0x7f5bb08d9697 0x7f5bb08d969b
+B+: 0x7f5bb08d9760 0x7f5bb08d9789
+B+: 0x7f5bb08d97c0 0x7f5bb08d97e3
+B+: 0x7f5bb08d97f8 0x7f5bb08d97f8
+B+: 0x7f5bb08d9840 0x7f5bb08d9844
+B+: 0x7f5bb08d9850 0x7f5bb08d9863
+B+: 0x7f5bb08d9864 0x7f5bb08d986f
+B+: 0x7f5bb08d9870 0x7f5bb08d987d
+B+: 0x7f5bb08d987e 0x7f5bb08d98aa
+B+: 0x7f5bb08d98ab 0x7f5bb08d98ac
+B+: 0x7f5bb08d98cb 0x7f5bb08d98d2
+B+: 0x7f5bb08d9a50 0x7f5bb08d9a57
+B+: 0x7f5bb08d9a58 0x7f5bb08d9a5e
+B+: 0x7f5bb08d9a5f 0x7f5bb08d9a63
+B+: 0x7f5bb08d9a71 0x7f5bb08d9a72
+B+: 0x7f5bb08da6d0 0x7f5bb08da6eb
+B+: 0x7f5bb08da6ec 0x7f5bb08da705
+B+: 0x7f5bb08da717 0x7f5bb08da71b
+B+: 0x7f5bb08da71c 0x7f5bb08da720
+B+: 0x7f5bb08da72c 0x7f5bb08da730
+B+: 0x7f5bb08da73e 0x7f5bb08da74d
+B+: 0x7f5bb08da74e 0x7f5bb08da757
+B+: 0x7f5bb08da758 0x7f5bb08da775
+B+: 0x7f5bb08da780 0x7f5bb08da788
+B+: 0x7f5bb08da789 0x7f5bb08da790
+B+: 0x7f5bb08da791 0x7f5bb08da79c
+B+: 0x7f5bb08db060 0x7f5bb08db07e
+B+: 0x7f5bb08db10d 0x7f5bb08db11c
+B+: 0x7f5bb08db11d 0x7f5bb08db123
+B+: 0x7f5bb08db140 0x7f5bb08db14a
+B+: 0x7f5bb08db14b 0x7f5bb08db152
+B+: 0x7f5bb08db153 0x7f5bb08db15d
+B+: 0x7f5bb08db15e 0x7f5bb08db16f
+B+: 0x7f5bb08db188 0x7f5bb08db18c
+B+: 0x7f5bb08db18d 0x7f5bb08db191
+B+: 0x7f5bb08db192 0x7f5bb08db19c
+B+: 0x7f5bb08db1a7 0x7f5bb08db1ad
+B+: 0x7f5bb08db1ae 0x7f5bb08db1b5
+B+: 0x7f5bb08db1c0 0x7f5bb08db1cf
+B+: 0x7f5bb08dbbc0 0x7f5bb08dbbfa
+B+: 0x7f5bb08dbbfb 0x7f5bb08dbc07
+B+: 0x7f5bb08dbc08 0x7f5bb08dbc0f
+B+: 0x7f5bb08dbc10 0x7f5bb08dbc11
+B+: 0x7f5bb08dbc18 0x7f5bb08dbc21
+B+: 0x7f5bb08dbc22 0x7f5bb08dbc2e
+B+: 0x7f5bb08dbc32 0x7f5bb08dbc39
+B+: 0x7f5bb08dbc3a 0x7f5bb08dbc49
+B+: 0x7f5bb08dbc4a 0x7f5bb08dbc51
+B+: 0x7f5bb08dbc52 0x7f5bb08dbc58
+B+: 0x7f5bb08dbc59 0x7f5bb08dbc60
+B+: 0x7f5bb08dbc61 0x7f5bb08dbc68
+B+: 0x7f5bb08dbc69 0x7f5bb08dbc6d
+B+: 0x7f5bb08dbc6e 0x7f5bb08dbc77
+B+: 0x7f5bb08dbc78 0x7f5bb08dbc89
+B+: 0x7f5bb08dbc8a 0x7f5bb08dbc98
+B+: 0x7f5bb08dbe90 0x7f5bb08dbed3
+B+: 0x7f5bb08dbedf 0x7f5bb08dbef5
+B+: 0x7f5bb08dbef6 0x7f5bb08dbefa
+B+: 0x7f5bb08dbefb 0x7f5bb08dbf5a
+B+: 0x7f5bb08dbf5b 0x7f5bb08dbf67
+B+: 0x7f5bb08dbf68 0x7f5bb08dbf77
+B+: 0x7f5bb08dbf78 0x7f5bb08dbf7f
+B+: 0x7f5bb08dbf80 0x7f5bb08dbf8b
+B+: 0x7f5bb08dbf8c 0x7f5bb08dbf94
+B+: 0x7f5bb08dbf95 0x7f5bb08dbf9b
+B+: 0x7f5bb08dbfa0 0x7f5bb08dbfaf
+B+: 0x7f5bb08dbfb0 0x7f5bb08dbfc5
+B+: 0x7f5bb08dbfc6 0x7f5bb08dbfcf
+B+: 0x7f5bb08dbfd0 0x7f5bb08dbfe3
+B+: 0x7f5bb08dbfe4 0x7f5bb08dbffc
+B+: 0x7f5bb08dc019 0x7f5bb08dc02b
+B+: 0x7f5bb08dc02c 0x7f5bb08dc034
+B+: 0x7f5bb08dc035 0x7f5bb08dc047
+B+: 0x7f5bb08dc048 0x7f5bb08dc05b
+B+: 0x7f5bb08dc0a8 0x7f5bb08dc0b4
+B+: 0x7f5bb08dc0b5 0x7f5bb08dc0b9
+B+: 0x7f5bb08dc0db 0x7f5bb08dc0e1
+B+: 0x7f5bb08dc0f0 0x7f5bb08dc103
+B+: 0x7f5bb08dc104 0x7f5bb08dc113
+B+: 0x7f5bb08dc114 0x7f5bb08dc11b
+B+: 0x7f5bb08dc11c 0x7f5bb08dc122
+B+: 0x7f5bb08dc123 0x7f5bb08dc152
+B+: 0x7f5bb08dc153 0x7f5bb08dc15f
+B+: 0x7f5bb08dc160 0x7f5bb08dc168
+B+: 0x7f5bb08dc216 0x7f5bb08dc21c
+B+: 0x7f5bb08dc224 0x7f5bb08dc22d
+B+: 0x7f5bb08dc22e 0x7f5bb08dc237
+B+: 0x7f5bb08dc238 0x7f5bb08dc241
+B+: 0x7f5bb08dc242 0x7f5bb08dc24b
+B+: 0x7f5bb08dc25d 0x7f5bb08dc266
+B+: 0x7f5bb08dc267 0x7f5bb08dc281
+B+: 0x7f5bb08dc282 0x7f5bb08dc293
+B+: 0x7f5bb08dc34c 0x7f5bb08dc353
+B+: 0x7f5bb08dc354 0x7f5bb08dc36f
+B+: 0x7f5bb08dc51b 0x7f5bb08dc525
+B+: 0x7f5bb08dc526 0x7f5bb08dc52e
+B+: 0x7f5bb08dc52f 0x7f5bb08dc537
+B+: 0x7f5bb08dc8d0 0x7f5bb08dc8ec
+B+: 0x7f5bb08dc8ed 0x7f5bb08dc8f1
+B+: 0x7f5bb08dc8f8 0x7f5bb08dc8fa
+B+: 0x7f5bb08dc8fb 0x7f5bb08dc907
+B+: 0x7f5bb08dc908 0x7f5bb08dc93e
+B+: 0x7f5bb08dc93f 0x7f5bb08dc940
+B+: 0x7f5bb08dc963 0x7f5bb08dc977
+B+: 0x7f5bb08dc980 0x7f5bb08dc986
+B+: 0x7f5bb08dc987 0x7f5bb08dc98e
+B+: 0x7f5bb08dc98f 0x7f5bb08dc997
+B+: 0x7f5bb08dc998 0x7f5bb08dc9ba
+B+: 0x7f5bb08dc9bb 0x7f5bb08dc9bc
+B+: 0x7f5bb08dc9c0 0x7f5bb08dc9e7
+B+: 0x7f5bb08dc9e8 0x7f5bb08dc9f7
+B+: 0x7f5bb08dca19 0x7f5bb08dca21
+B+: 0x7f5bb08dca22 0x7f5bb08dca2a
+B+: 0x7f5bb08dca2b 0x7f5bb08dca34
+B+: 0x7f5bb08dca35 0x7f5bb08dca3f
+B+: 0x7f5bb08dcad0 0x7f5bb08dcae9
+B+: 0x7f5bb08dcaea 0x7f5bb08dcb00
+B+: 0x7f5bb08dcb10 0x7f5bb08dcb1f
+B+: 0x7f5bb08dcb20 0x7f5bb08dcb2b
+B+: 0x7f5bb08dcb2c 0x7f5bb08dcb31
+B+: 0x7f5bb08dcb32 0x7f5bb08dcb41
+B+: 0x7f5bb08dcb56 0x7f5bb08dcb61
+B+: 0x7f5bb08dcb62 0x7f5bb08dcb6f
+B+: 0x7f5bb08dcb70 0x7f5bb08dcb85
+B+: 0x7f5bb08dcb86 0x7f5bb08dcb97
+B+: 0x7f5bb08dcb98 0x7f5bb08dcbc0
+B+: 0x7f5bb08dcbc8 0x7f5bb08dcbcc
+B+: 0x7f5bb08dcbcd 0x7f5bb08dcbea
+B+: 0x7f5bb08dcd70 0x7f5bb08dcd98
+B+: 0x7f5bb08dcda0 0x7f5bb08dcda1
+B+: 0x7f5bb08dcda2 0x7f5bb08dcdaa
+B+: 0x7f5bb08dcdab 0x7f5bb08dcdc5
+B+: 0x7f5bb08dcdc6 0x7f5bb08dcdc9
+B+: 0x7f5bb08dcdca 0x7f5bb08dcdd1
+B+: 0x7f5bb08dcdd2 0x7f5bb08dcde6
+B+: 0x7f5bb08dcdf0 0x7f5bb08dce2a
+B+: 0x7f5bb08dce2b 0x7f5bb08dce2f
+B+: 0x7f5bb08dce46 0x7f5bb08dce5c
+B+: 0x7f5bb08dce5d 0x7f5bb08dce6e
+B+: 0x7f5bb08dce90 0x7f5bb08dcead
+B+: 0x7f5bb08dcec8 0x7f5bb08dced1
+B+: 0x7f5bb08dced2 0x7f5bb08dcedd
+B+: 0x7f5bb08dcf6c 0x7f5bb08dcf8f
+B+: 0x7f5bb08dcf90 0x7f5bb08dcf9c
+B+: 0x7f5bb08dcf9d 0x7f5bb08dcfa8
+B+: 0x7f5bb08dcfa9 0x7f5bb08dcfb0
+B+: 0x7f5bb08dcfb1 0x7f5bb08dcfc5
+B+: 0x7f5bb08dd008 0x7f5bb08dd012
+B+: 0x7f5bb08dd013 0x7f5bb08dd01e
+B+: 0x7f5bb08dd01f 0x7f5bb08dd02e
+B+: 0x7f5bb08dd060 0x7f5bb08dd066
+B+: 0x7f5bb08dd067 0x7f5bb08dd074
+B+: 0x7f5bb08dd075 0x7f5bb08dd086
+B+: 0x7f5bb08dd087 0x7f5bb08dd08e
+B+: 0x7f5bb08dd08f 0x7f5bb08dd0a2
+B+: 0x7f5bb08dd0a3 0x7f5bb08dd0b0
+B+: 0x7f5bb08dd100 0x7f5bb08dd116
+B+: 0x7f5bb08dd145 0x7f5bb08dd14d
+B+: 0x7f5bb08dd14e 0x7f5bb08dd157
+B+: 0x7f5bb08dd160 0x7f5bb08dd166
+B+: 0x7f5bb08dd1c0 0x7f5bb08dd1d1
+B+: 0x7f5bb08dd1e8 0x7f5bb08dd1ef
+B+: 0x7f5bb08dd248 0x7f5bb08dd25b
+B+: 0x7f5bb08dd25c 0x7f5bb08dd271
+B+: 0x7f5bb08dd7d0 0x7f5bb08dd7ff
+B+: 0x7f5bb08dd80f 0x7f5bb08dd812
+B+: 0x7f5bb08dd813 0x7f5bb08dd81c
+B+: 0x7f5bb08dd81d 0x7f5bb08dd820
+B+: 0x7f5bb08dd821 0x7f5bb08dd82f
+B+: 0x7f5bb08dd830 0x7f5bb08dd83a
+B+: 0x7f5bb08dd84f 0x7f5bb08dd85a
+B+: 0x7f5bb08dd85f 0x7f5bb08dd862
+B+: 0x7f5bb08dd870 0x7f5bb08dd877
+B+: 0x7f5bb08dd878 0x7f5bb08dd88d
+B+: 0x7f5bb08de440 0x7f5bb08de464
+B+: 0x7f5bb08de61e 0x7f5bb08de627
+B+: 0x7f5bb08de628 0x7f5bb08de631
+B+: 0x7f5bb08de632 0x7f5bb08de659
+B+: 0x7f5bb08de6af 0x7f5bb08de6bc
+B+: 0x7f5bb08de6c0 0x7f5bb08de6cb
+B+: 0x7f5bb08de730 0x7f5bb08de73b
+B+: 0x7f5bb08de740 0x7f5bb08de75e
+B+: 0x7f5bb08de75f 0x7f5bb08de767
+B+: 0x7f5bb08de7d2 0x7f5bb08de7e3
+B+: 0x7f5bb08de8a0 0x7f5bb08de8a7
+B+: 0x7f5bb08df260 0x7f5bb08df2a5
+B+: 0x7f5bb08df2b5 0x7f5bb08df2be
+B+: 0x7f5bb08df2bf 0x7f5bb08df2d2
+B+: 0x7f5bb08df2d3 0x7f5bb08df2fc
+B+: 0x7f5bb08df2fd 0x7f5bb08df310
+B+: 0x7f5bb08df324 0x7f5bb08df328
+B+: 0x7f5bb08df336 0x7f5bb08df33f
+B+: 0x7f5bb08df340 0x7f5bb08df344
+B+: 0x7f5bb08df370 0x7f5bb08df386
+B+: 0x7f5bb08df387 0x7f5bb08df398
+B+: 0x7f5bb08df3a0 0x7f5bb08df3b6
+B+: 0x7f5bb08df3b7 0x7f5bb08df3d7
+B+: 0x7f5bb08df3dd 0x7f5bb08df3ec
+B+: 0x7f5bb08df850 0x7f5bb08df886
+B+: 0x7f5bb08df887 0x7f5bb08df89a
+B+: 0x7f5bb08df89b 0x7f5bb08df8ad
+B+: 0x7f5bb08df8ae 0x7f5bb08df8c4
+B+: 0x7f5bb08df8c5 0x7f5bb08df8d7
+B+: 0x7f5bb08df8d8 0x7f5bb08df8e7
+B+: 0x7f5bb08df8e8 0x7f5bb08df90c
+B+: 0x7f5bb08df90d 0x7f5bb08df915
+B+: 0x7f5bb08df924 0x7f5bb08df933
+B+: 0x7f5bb08df934 0x7f5bb08df947
+B+: 0x7f5bb08df948 0x7f5bb08df954
+B+: 0x7f5bb08df955 0x7f5bb08df95f
+B+: 0x7f5bb08df960 0x7f5bb08df964
+B+: 0x7f5bb08dfa6a 0x7f5bb08dfa7c
+B+: 0x7f5bb08dfa7d 0x7f5bb08dfa9c
+B+: 0x7f5bb08dfba0 0x7f5bb08dfbad
+B+: 0x7f5bb08dfbae 0x7f5bb08dfbe1
+B+: 0x7f5bb08dfbf0 0x7f5bb08dfbfb
+B+: 0x7f5bb08dfdb0 0x7f5bb08dfdbd
+B+: 0x7f5bb08dfdbe 0x7f5bb08dfdca
+B+: 0x7f5bb08dfdcb 0x7f5bb08dfde3
+B+: 0x7f5bb08dfde8 0x7f5bb08dfdf4
+B+: 0x7f5bb08dfdf8 0x7f5bb08dfe04
+B+: 0x7f5bb08dfe05 0x7f5bb08dfe12
+B+: 0x7f5bb08dfe13 0x7f5bb08dfe1d
+B+: 0x7f5bb08dfeb4 0x7f5bb08dfec1
+B+: 0x7f5bb08e0160 0x7f5bb08e0174
+B+: 0x7f5bb08e0175 0x7f5bb08e0187
+B+: 0x7f5bb08e0188 0x7f5bb08e01a2
+B+: 0x7f5bb08e01a3 0x7f5bb08e01ac
+B+: 0x7f5bb08e01ad 0x7f5bb08e01b3
+B+: 0x7f5bb08e01d0 0x7f5bb08e01e5
+B+: 0x7f5bb08e01eb 0x7f5bb08e01f3
+B+: 0x7f5bb08e0205 0x7f5bb08e020b
+B+: 0x7f5bb08e020c 0x7f5bb08e021d
+B+: 0x7f5bb08e021e 0x7f5bb08e0226
+B+: 0x7f5bb08e0227 0x7f5bb08e0230
+B+: 0x7f5bb08e0231 0x7f5bb08e0232
+B+: 0x7f5bb08e0240 0x7f5bb08e0248
+B+: 0x7f5bb08e0260 0x7f5bb08e0260
+B+: 0x7f5bb08e0520 0x7f5bb08e0534
+B+: 0x7f5bb08e0572 0x7f5bb08e0578
+B+: 0x7f5bb08e0580 0x7f5bb08e0583
+B+: 0x7f5bb08e0610 0x7f5bb08e0656
+B+: 0x7f5bb08e065b 0x7f5bb08e0686
+B+: 0x7f5bb08e0687 0x7f5bb08e069d
+B+: 0x7f5bb08e06fc 0x7f5bb08e0708
+B+: 0x7f5bb08e0709 0x7f5bb08e0711
+B+: 0x7f5bb08e0712 0x7f5bb08e072a
+B+: 0x7f5bb08e072b 0x7f5bb08e073c
+B+: 0x7f5bb08e0740 0x7f5bb08e0747
+B+: 0x7f5bb08e0748 0x7f5bb08e075f
+B+: 0x7f5bb08e0760 0x7f5bb08e0766
+B+: 0x7f5bb08e0767 0x7f5bb08e0780
+B+: 0x7f5bb08e0790 0x7f5bb08e0793
+B+: 0x7f5bb08e0794 0x7f5bb08e0798
+B+: 0x7f5bb08e07a2 0x7f5bb08e07aa
+B+: 0x7f5bb08e07ab 0x7f5bb08e07ae
+B+: 0x7f5bb08e07af 0x7f5bb08e07bd
+B+: 0x7f5bb08e07cb 0x7f5bb08e07d3
+B+: 0x7f5bb08e0825 0x7f5bb08e0841
+B+: 0x7f5bb08e0842 0x7f5bb08e084d
+B+: 0x7f5bb08e087e 0x7f5bb08e088e
+B+: 0x7f5bb08e088f 0x7f5bb08e08a0
+B+: 0x7f5bb08e08a1 0x7f5bb08e08ad
+B+: 0x7f5bb08e0c10 0x7f5bb08e0c30
+B+: 0x7f5bb08e0c31 0x7f5bb08e0c58
+B+: 0x7f5bb08e0c5e 0x7f5bb08e0c66
+B+: 0x7f5bb08e0c67 0x7f5bb08e0c6f
+B+: 0x7f5bb08e0c78 0x7f5bb08e0c87
+B+: 0x7f5bb08e0c88 0x7f5bb08e0c89
+B+: 0x7f5bb08e0ca0 0x7f5bb08e0caf
+B+: 0x7f5bb08e0cba 0x7f5bb08e0cc4
+B+: 0x7f5bb08e0ce0 0x7f5bb08e0ce8
+B+: 0x7f5bb08e1360 0x7f5bb08e136b
+B+: 0x7f5bb08e1480 0x7f5bb08e1480
+B+: 0x7f5bb08e19c0 0x7f5bb08e19db
+B+: 0x7f5bb08e1a16 0x7f5bb08e1a32
+B+: 0x7f5bb08e1a33 0x7f5bb08e1a52
+B+: 0x7f5bb08e1a63 0x7f5bb08e1a6a
+B+: 0x7f5bb08e1a90 0x7f5bb08e1aa6
+B+: 0x7f5bb08e1aa7 0x7f5bb08e1aae
+B+: 0x7f5bb08e1aaf 0x7f5bb08e1ab6
+B+: 0x7f5bb08e1af6 0x7f5bb08e1b01
+B+: 0x7f5bb08e1b0c 0x7f5bb08e1b34
+B+: 0x7f5bb08e1b40 0x7f5bb08e1b57
+B+: 0x7f5bb08e1b58 0x7f5bb08e1b5f
+B+: 0x7f5bb08e1b60 0x7f5bb08e1b67
+B+: 0x7f5bb08e1b68 0x7f5bb08e1b70
+B+: 0x7f5bb08e1b71 0x7f5bb08e1b7a
+B+: 0x7f5bb08e1b7b 0x7f5bb08e1b80
+B+: 0x7f5bb08e1b97 0x7f5bb08e1b9c
+B+: 0x7f5bb08e1c0a 0x7f5bb08e1c3d
+B+: 0x7f5bb08e1c47 0x7f5bb08e1c53
+B+: 0x7f5bb08e1ed0 0x7f5bb08e1ede
+B+: 0x7f5bb08e1edf 0x7f5bb08e1ee7
+B+: 0x7f5bb08e1ee8 0x7f5bb08e1efc
+B+: 0x7f5bb08e1efd 0x7f5bb08e1f02
+B+: 0x7f5bb08e1f03 0x7f5bb08e1f1b
+B+: 0x7f5bb08e1f1c 0x7f5bb08e1f21
+B+: 0x7f5bb08e1f22 0x7f5bb08e1f2b
+B+: 0x7f5bb08e1fc0 0x7f5bb08e1fc7
+B+: 0x7f5bb08e1fc8 0x7f5bb08e1fd0
+B+: 0x7f5bb08e2760 0x7f5bb08e2768
+B+: 0x7f5bb08e2769 0x7f5bb08e276d
+B+: 0x7f5bb08e276e 0x7f5bb08e2772
+B+: 0x7f5bb08e2780 0x7f5bb08e2788
+B+: 0x7f5bb08e2789 0x7f5bb08e278d
+B+: 0x7f5bb08e278e 0x7f5bb08e2792
+B+: 0x7f5bb08e27c0 0x7f5bb08e27d9
+B+: 0x7f5bb08e27da 0x7f5bb08e27e6
+B+: 0x7f5bb08e27f7 0x7f5bb08e2802
+B+: 0x7f5bb08e2803 0x7f5bb08e280b
+B+: 0x7f5bb08e280c 0x7f5bb08e2841
+B+: 0x7f5bb08e2842 0x7f5bb08e284b
+B+: 0x7f5bb08e284c 0x7f5bb08e2852
+B+: 0x7f5bb08e2853 0x7f5bb08e2875
+B+: 0x7f5bb08e2880 0x7f5bb08e288e
+B+: 0x7f5bb08e28b0 0x7f5bb08e28c8
+B+: 0x7f5bb08e2900 0x7f5bb08e2941
+B+: 0x7f5bb08e2950 0x7f5bb08e2966
+B+: 0x7f5bb08e2967 0x7f5bb08e297e
+B+: 0x7f5bb08e297f 0x7f5bb08e298a
+B+: 0x7f5bb08e298b 0x7f5bb08e29b3
+B+: 0x7f5bb08e29b4 0x7f5bb08e29bd
+B+: 0x7f5bb08e29be 0x7f5bb08e29bf
+B+: 0x7f5bb08e29d0 0x7f5bb08e29e8
+B+: 0x7f5bb08e29e9 0x7f5bb08e2a14
+B+: 0x7f5bb08e2a1e 0x7f5bb08e2a25
+B+: 0x7f5bb08e2a26 0x7f5bb08e2a33
+B+: 0x7f5bb08e2a34 0x7f5bb08e2a46
+B+: 0x7f5bb08e2ae0 0x7f5bb08e2afe
+B+: 0x7f5bb08e2aff 0x7f5bb08e2b0c
+B+: 0x7f5bb08e2b0d 0x7f5bb08e2b1b
+B+: 0x7f5bb08e2b1c 0x7f5bb08e2b2c
+B+: 0x7f5bb08e2b40 0x7f5bb08e2b62
+B+: 0x7f5bb08e2b98 0x7f5bb08e2ba9
+B+: 0x7f5bb08e36d0 0x7f5bb08e36f4
+B+: 0x7f5bb08e36f5 0x7f5bb08e370d
+B+: 0x7f5bb08e370e 0x7f5bb08e3712
+B+: 0x7f5bb08e3713 0x7f5bb08e371e
+B+: 0x7f5bb08e371f 0x7f5bb08e3723
+B+: 0x7f5bb08e3724 0x7f5bb08e3728
+B+: 0x7f5bb08e3729 0x7f5bb08e3730
+B+: 0x7f5bb08e373c 0x7f5bb08e3749
+B+: 0x7f5bb08e374a 0x7f5bb08e374d
+B+: 0x7f5bb08e374e 0x7f5bb08e3760
+B+: 0x7f5bb08e3761 0x7f5bb08e376b
+B+: 0x7f5bb08e3790 0x7f5bb08e379d
+B+: 0x7f5bb08e379e 0x7f5bb08e37a5
+B+: 0x7f5bb08e37a6 0x7f5bb08e37a7
+B+: 0x7f5bb08e3890 0x7f5bb08e389d
+B+: 0x7f5bb08e389e 0x7f5bb08e38a9
+B+: 0x7f5bb08e38aa 0x7f5bb08e38bd
+B+: 0x7f5bb08e38c0 0x7f5bb08e38ca
+B+: 0x7f5bb08e38d0 0x7f5bb08e38ef
+B+: 0x7f5bb08e38f0 0x7f5bb08e38f4
+B+: 0x7f5bb08e38f5 0x7f5bb08e390c
+B+: 0x7f5bb08e390d 0x7f5bb08e3910
+B+: 0x7f5bb08e3911 0x7f5bb08e3912
+B+: 0x7f5bb08e3913 0x7f5bb08e391b
+B+: 0x7f5bb08e391c 0x7f5bb08e3930
+B+: 0x7f5bb08e3938 0x7f5bb08e393c
+B+: 0x7f5bb08e3980 0x7f5bb08e398f
+B+: 0x7f5bb08e3990 0x7f5bb08e399b
+B+: 0x7f5bb08e399c 0x7f5bb08e39ab
+B+: 0x7f5bb08e3a80 0x7f5bb08e3a93
+B+: 0x7f5bb08e3a94 0x7f5bb08e3aac
+B+: 0x7f5bb08e3aad 0x7f5bb08e3abf
+B+: 0x7f5bb08e3ac0 0x7f5bb08e3ada
+B+: 0x7f5bb08e3adb 0x7f5bb08e3ae3
+B+: 0x7f5bb08e3aec 0x7f5bb08e3af8
+B+: 0x7f5bb08e3af9 0x7f5bb08e3b02
+B+: 0x7f5bb08e3b03 0x7f5bb08e3b06
+B+: 0x7f5bb08e3b07 0x7f5bb08e3b1a
+B+: 0x7f5bb08e3c49 0x7f5bb08e3c55
+B+: 0x7f5bb08e3c56 0x7f5bb08e3c67
+B+: 0x7f5bb08e3c82 0x7f5bb08e3c93
+B+: 0x7f5bb08e3d77 0x7f5bb08e3d82
+B+: 0x7f5bb08e3da0 0x7f5bb08e3db2
+B+: 0x7f5bb08e3db3 0x7f5bb08e3ddf
+B+: 0x7f5bb08e3de0 0x7f5bb08e3deb
+B+: 0x7f5bb08e3dec 0x7f5bb08e3dfc
+B+: 0x7f5bb08e3dfd 0x7f5bb08e3e18
+B+: 0x7f5bb08e3e19 0x7f5bb08e3e25
+B+: 0x7f5bb08e3e26 0x7f5bb08e3e2e
+B+: 0x7f5bb08e3e2f 0x7f5bb08e3e3f
+B+: 0x7f5bb08e3e40 0x7f5bb08e3e44
+B+: 0x7f5bb08e3e45 0x7f5bb08e3e50
+B+: 0x7f5bb08e3e51 0x7f5bb08e3e5d
+B+: 0x7f5bb08e3e5e 0x7f5bb08e3e77
+B+: 0x7f5bb08e3ece 0x7f5bb08e3ed2
+B+: 0x7f5bb08e3ed3 0x7f5bb08e3ede
+B+: 0x7f5bb08e3ee0 0x7f5bb08e3eec
+B+: 0x7f5bb08e3f60 0x7f5bb08e3f7c
+B+: 0x7f5bb08e4120 0x7f5bb08e4128
+B+: 0x7f5bb08e4129 0x7f5bb08e4147
+B+: 0x7f5bb08e4750 0x7f5bb08e475e
+B+: 0x7f5bb08e475f 0x7f5bb08e4763
+B+: 0x7f5bb08e4764 0x7f5bb08e4770
+B+: 0x7f5bb08e4771 0x7f5bb08e4777
+B+: 0x7f5bb08e4778 0x7f5bb08e4783
+B+: 0x7f5bb08e4784 0x7f5bb08e4788
+B+: 0x7f5bb08e4789 0x7f5bb08e478d
+B+: 0x7f5bb08e478e 0x7f5bb08e4796
+B+: 0x7f5bb08e4797 0x7f5bb08e479e
+B+: 0x7f5bb08e4890 0x7f5bb08e4892
+B+: 0x7f5bb08e48a7 0x7f5bb08e48ab
+B+: 0x7f5bb08e48ac 0x7f5bb08e48b2
+B+: 0x7f5bb08e48b3 0x7f5bb08e48b6
+B+: 0x7f5bb08e48d0 0x7f5bb08e48e1
+B+: 0x7f5bb08e48e2 0x7f5bb08e48e6
+B+: 0x7f5bb08e48e7 0x7f5bb08e48eb
+B+: 0x7f5bb08e48ec 0x7f5bb08e48f1
+B+: 0x7f5bb08e48f2 0x7f5bb08e48fa
+B+: 0x7f5bb08e48fb 0x7f5bb08e48fc
+B+: 0x7f5bb08e4940 0x7f5bb08e4948
+B+: 0x7f5bb08e4949 0x7f5bb08e4951
+B+: 0x7f5bb08e4980 0x7f5bb08e4988
+B+: 0x7f5bb08e4989 0x7f5bb08e498a
+B+: 0x7f5bb08e498b 0x7f5bb08e4991
+B+: 0x7f5bb08e4992 0x7f5bb08e49a2
+B+: 0x7f5bb08e49a8 0x7f5bb08e49ac
+B+: 0x7f5bb08e49eb 0x7f5bb08e4a00
+B+: 0x7f5bb08e4a08 0x7f5bb08e4a10
+B+: 0x7f5bb08e4af0 0x7f5bb08e4b11
+B+: 0x7f5bb08e4b12 0x7f5bb08e4b16
+B+: 0x7f5bb08e4b17 0x7f5bb08e4b1d
+B+: 0x7f5bb08e4b1e 0x7f5bb08e4b26
+B+: 0x7f5bb08e4b27 0x7f5bb08e4b34
+B+: 0x7f5bb08e4b35 0x7f5bb08e4b3c
+B+: 0x7f5bb08e4b3d 0x7f5bb08e4b49
+B+: 0x7f5bb08e4b4a 0x7f5bb08e4b5a
+B+: 0x7f5bb08e4b5b 0x7f5bb08e4b63
+B+: 0x7f5bb08e4b7f 0x7f5bb08e4b93
+B+: 0x7f5bb08e4b94 0x7f5bb08e4b9c
+B+: 0x7f5bb08e4be0 0x7f5bb08e4bf7
+B+: 0x7f5bb08e4bf8 0x7f5bb08e4c00
+B+: 0x7f5bb08e4c1b 0x7f5bb08e4c2b
+B+: 0x7f5bb08e4d40 0x7f5bb08e4d5e
+B+: 0x7f5bb08e4d5f 0x7f5bb08e4d6d
+B+: 0x7f5bb08e4d6e 0x7f5bb08e4d72
+B+: 0x7f5bb08e4d7d 0x7f5bb08e4d90
+B+: 0x7f5bb08e4d91 0x7f5bb08e4d95
+B+: 0x7f5bb08e4d96 0x7f5bb08e4d9a
+B+: 0x7f5bb08e4da0 0x7f5bb08e4da4
+B+: 0x7f5bb08e4dd5 0x7f5bb08e4dd9
+B+: 0x7f5bb08e4dda 0x7f5bb08e4dde
+B+: 0x7f5bb08e4df0 0x7f5bb08e4dfb
+B+: 0x7f5bb08e4dfc 0x7f5bb08e4e07
+B+: 0x7f5bb08e4e08 0x7f5bb08e4e10
+B+: 0x7f5bb08e4e2c 0x7f5bb08e4e30
+B+: 0x7f5bb08e4e31 0x7f5bb08e4e36
+B+: 0x7f5bb08e4e41 0x7f5bb08e4e45
+B+: 0x7f5bb08e4e46 0x7f5bb08e4e54
+B+: 0x7f5bb08e4e55 0x7f5bb08e4e5d
+B+: 0x7f5bb08e4e5e 0x7f5bb08e4e62
+B+: 0x7f5bb08e4e63 0x7f5bb08e4e74
+B+: 0x7f5bb08e4e78 0x7f5bb08e4e84
+B+: 0x7f5bb08e4ea0 0x7f5bb08e4ea4
+B+: 0x7f5bb08e4ef0 0x7f5bb08e4f03
+B+: 0x7f5bb08e4f40 0x7f5bb08e4f76
+B+: 0x7f5bb08e4f77 0x7f5bb08e4f82
+B+: 0x7f5bb08e4f83 0x7f5bb08e4f92
+B+: 0x7f5bb08e501b 0x7f5bb08e5031
+B+: 0x7f5bb08e5032 0x7f5bb08e5040
+B+: 0x7f5bb08e5075 0x7f5bb08e50b8
+B+: 0x7f5bb08e50b9 0x7f5bb08e50c3
+B+: 0x7f5bb08e50c4 0x7f5bb08e50cc
+B+: 0x7f5bb08e50cd 0x7f5bb08e50d5
+B+: 0x7f5bb08e50d6 0x7f5bb08e50de
+B+: 0x7f5bb08e50df 0x7f5bb08e5106
+B+: 0x7f5bb08e5107 0x7f5bb08e5133
+B+: 0x7f5bb08e5578 0x7f5bb08e5581
+B+: 0x7f5bb08e5582 0x7f5bb08e55a8
+B+: 0x7f5bb08e55a9 0x7f5bb08e55b6
+B+: 0x7f5bb08e55d0 0x7f5bb08e55e0
+B+: 0x7f5bb08e55e1 0x7f5bb08e55ee
+B+: 0x7f5bb08e55ef 0x7f5bb08e55f3
+B+: 0x7f5bb08e5670 0x7f5bb08e567e
+B+: 0x7f5bb08e567f 0x7f5bb08e5683
+B+: 0x7f5bb08e5684 0x7f5bb08e5692
+B+: 0x7f5bb08e5693 0x7f5bb08e569a
+B+: 0x7f5bb08e569b 0x7f5bb08e56a2
+B+: 0x7f5bb08e56a3 0x7f5bb08e56b7
+B+: 0x7f5bb08e5790 0x7f5bb08e57bc
+B+: 0x7f5bb08e57bd 0x7f5bb08e57d4
+B+: 0x7f5bb08e57e0 0x7f5bb08e583a
+B+: 0x7f5bb08e583b 0x7f5bb08e5875
+B+: 0x7f5bb08e5876 0x7f5bb08e5893
+B+: 0x7f5bb08e5894 0x7f5bb08e58a3
+B+: 0x7f5bb08e58a4 0x7f5bb08e58b0
+B+: 0x7f5bb08e59b4 0x7f5bb08e59b8
+B+: 0x7f5bb08e59b9 0x7f5bb08e59cf
+B+: 0x7f5bb08e59d0 0x7f5bb08e59dc
+B+: 0x7f5bb08e59dd 0x7f5bb08e59ef
+B+: 0x7f5bb08e59f0 0x7f5bb08e59f7
+B+: 0x7f5bb08e5a01 0x7f5bb08e5a16
+B+: 0x7f5bb08e5a28 0x7f5bb08e5a3d
+B+: 0x7f5bb08e5a3e 0x7f5bb08e5a4d
+B+: 0x7f5bb08e5a79 0x7f5bb08e5a97
+B+: 0x7f5bb08e5a98 0x7f5bb08e5ac0
+B+: 0x7f5bb08e5ac1 0x7f5bb08e5acf
+B+: 0x7f5bb08e6148 0x7f5bb08e6154
+B+: 0x7f5bb08e6155 0x7f5bb08e6174
+B+: 0x7f5bb08e6175 0x7f5bb08e617f
+B+: 0x7f5bb08e61ac 0x7f5bb08e61b0
+B+: 0x7f5bb08e61b1 0x7f5bb08e61b5
+B+: 0x7f5bb08e6a40 0x7f5bb08e6a64
+B+: 0x7f5bb08e6b10 0x7f5bb08e6b1a
+B+: 0x7f5bb08e6b40 0x7f5bb08e6b47
+B+: 0x7f5bb08e6b48 0x7f5bb08e6b51
+B+: 0x7f5bb08e6b58 0x7f5bb08e6b60
+B+: 0x7f5bb08e6b61 0x7f5bb08e6b6a
+B+: 0x7f5bb08e6b88 0x7f5bb08e6b8c
+B+: 0x7f5bb08e6b8d 0x7f5bb08e6b94
+B+: 0x7f5bb08e6ba0 0x7f5bb08e6ba4
+B+: 0x7f5bb08e6d00 0x7f5bb08e6d30
+B+: 0x7f5bb08e6e3f 0x7f5bb08e6e55
+B+: 0x7f5bb08e6e56 0x7f5bb08e6e67
+B+: 0x7f5bb08e71e0 0x7f5bb08e7222
+B+: 0x7f5bb08e7223 0x7f5bb08e7228
+B+: 0x7f5bb08e724c 0x7f5bb08e7260
+B+: 0x7f5bb08e7261 0x7f5bb08e7269
+B+: 0x7f5bb08e7270 0x7f5bb08e7279
+B+: 0x7f5bb08e7288 0x7f5bb08e72a0
+B+: 0x7f5bb08e72a1 0x7f5bb08e72ba
+B+: 0x7f5bb08e72bb 0x7f5bb08e72bc
+B+: 0x7f5bb08e72d0 0x7f5bb08e72d8
+B+: 0x7f5bb08e72f8 0x7f5bb08e72f8
+B+: 0x7f5bb08e7300 0x7f5bb08e730c
+B+: 0x7f5bb08e733f 0x7f5bb08e7343
+B+: 0x7f5bb08e7380 0x7f5bb08e7384
+B+: 0x7f5bb08e73d0 0x7f5bb08e73e3
+B+: 0x7f5bb08e7400 0x7f5bb08e7400
+B+: 0x7f5bb08e7420 0x7f5bb08e745b
+B+: 0x7f5bb08e7467 0x7f5bb08e7471
+B+: 0x7f5bb08e7472 0x7f5bb08e7489
+B+: 0x7f5bb08e748a 0x7f5bb08e748d
+B+: 0x7f5bb08e748e 0x7f5bb08e7494
+B+: 0x7f5bb08e7495 0x7f5bb08e749d
+B+: 0x7f5bb08e749e 0x7f5bb08e74a9
+B+: 0x7f5bb08e74aa 0x7f5bb08e74c2
+B+: 0x7f5bb08e74c3 0x7f5bb08e74ce
+B+: 0x7f5bb08e74cf 0x7f5bb08e74e5
+B+: 0x7f5bb08e74e6 0x7f5bb08e74f5
+B+: 0x7f5bb08e7500 0x7f5bb08e750e
+B+: 0x7f5bb08e750f 0x7f5bb08e7513
+B+: 0x7f5bb08e7514 0x7f5bb08e751e
+B+: 0x7f5bb08e7540 0x7f5bb08e7549
+B+: 0x7f5bb08e754a 0x7f5bb08e754e
+B+: 0x7f5bb08e754f 0x7f5bb08e7560
+B+: 0x7f5bb08e7568 0x7f5bb08e7577
+B+: 0x7f5bb08e7580 0x7f5bb08e7589
+B+: 0x7f5bb08e75a8 0x7f5bb08e75bb
+B+: 0x7f5bb08e75c0 0x7f5bb08e75ce
+B+: 0x7f5bb08e75cf 0x7f5bb08e75dc
+B+: 0x7f5bb08e76f0 0x7f5bb08e76fd
+B+: 0x7f5bb08e77a0 0x7f5bb08e77a0
+B+: 0x7f5bb08e77b0 0x7f5bb08e77ba
+B+: 0x7f5bb08e77bb 0x7f5bb08e77ce
+B+: 0x7f5bb08e77cf 0x7f5bb08e77d8
+B+: 0x7f5bb08e77d9 0x7f5bb08e77e6
+B+: 0x7f5bb08e7800 0x7f5bb08e782d
+B+: 0x7f5bb08e782e 0x7f5bb08e7831
+B+: 0x7f5bb08e7832 0x7f5bb08e7847
+B+: 0x7f5bb08e7864 0x7f5bb08e786b
+B+: 0x7f5bb08e786c 0x7f5bb08e786f
+B+: 0x7f5bb08e7870 0x7f5bb08e7876
+B+: 0x7f5bb08e7877 0x7f5bb08e787b
+B+: 0x7f5bb08e787c 0x7f5bb08e7886
+B+: 0x7f5bb08e7ae0 0x7f5bb08e7b01
+B+: 0x7f5bb08e7b02 0x7f5bb08e7b0a
+B+: 0x7f5bb08e7b0b 0x7f5bb08e7b14
+B+: 0x7f5bb08e7b15 0x7f5bb08e7b19
+B+: 0x7f5bb08e7c00 0x7f5bb08e7c19
+B+: 0x7f5bb08e7c51 0x7f5bb08e7c8e
+B+: 0x7f5bb08e7c8f 0x7f5bb08e7c9e
+B+: 0x7f5bb08e7c9f 0x7f5bb08e7ca6
+B+: 0x7f5bb08e7df0 0x7f5bb08e7dfb
+B+: 0x7f5bb08e7e20 0x7f5bb08e7e20
+B+: 0x7f5bb08e7e30 0x7f5bb08e7e38
+B+: 0x7f5bb08e9940 0x7f5bb08e994b
+B+: 0x7f5bb08e994c 0x7f5bb08e9957
+B+: 0x7f5bb08e9958 0x7f5bb08e9964
+B+: 0x7f5bb08e9965 0x7f5bb08e9969
+B+: 0x7f5bb08e996a 0x7f5bb08e996f
+B+: 0x7f5bb08e9970 0x7f5bb08e9976
+B+: 0x7f5bb08e9980 0x7f5bb08e9987
+B+: 0x7f5bb08e9988 0x7f5bb08e998c
+B+: 0x7f5bb08e998d 0x7f5bb08e999b
+B+: 0x7f5bb08e999c 0x7f5bb08e99a0
+B+: 0x7f5bb08e99a1 0x7f5bb08e99a8
+B+: 0x7f5bb08e99a9 0x7f5bb08e99ad
+B+: 0x7f5bb08e99ae 0x7f5bb08e99b8
+B+: 0x7f5bb08e99b9 0x7f5bb08e99b9
+B+: 0x7f5bb08e99c0 0x7f5bb08e99c5
+B+: 0x7f5bb08e99c6 0x7f5bb08e99c9
+B+: 0x7f5bb08e99d0 0x7f5bb08e99d0
+B+: 0x7f5bb08e99d1 0x7f5bb08e99d5
+B+: 0x7f5bb08e99d6 0x7f5bb08e99d9
+B+: 0x7f5bb08e99e0 0x7f5bb08e99ff
+B+: 0x7f5bb08e9a00 0x7f5bb08e9a11
+B+: 0x7f5bb08e9a12 0x7f5bb08e9a16
+B+: 0x7f5bb08e9a20 0x7f5bb08e9a22
+B+: 0x7f5bb08e9a23 0x7f5bb08e9a2f
+B+: 0x7f5bb08e9a30 0x7f5bb08e9a33
+B+: 0x7f5bb08e9a34 0x7f5bb08e9a5d
+B+: 0x7f5bb08e9a5e 0x7f5bb08e9a62
+B+: 0x7f5bb08e9a63 0x7f5bb08e9a82
+B+: 0x7f5bb08e9ac0 0x7f5bb08e9ade
+B+: 0x7f5bb08e9adf 0x7f5bb08e9ae3
+B+: 0x7f5bb08e9ae4 0x7f5bb08e9ae8
+B+: 0x7f5bb08e9af0 0x7f5bb08e9af2
+B+: 0x7f5bb08e9af3 0x7f5bb08e9aff
+B+: 0x7f5bb08e9b00 0x7f5bb08e9b03
+B+: 0x7f5bb08e9b04 0x7f5bb08e9b3e
+B+: 0x7f5bb08e9b3f 0x7f5bb08e9b49
+B+: 0x7f5bb08e9b4a 0x7f5bb08e9b57
+B+: 0x7f5bb08e9b58 0x7f5bb08e9b5d
+B+: 0x7f5bb08e9b5e 0x7f5bb08e9b66
+B+: 0x7f5bb08e9b67 0x7f5bb08e9b70
+B+: 0x7f5bb08e9b71 0x7f5bb08e9b7a
+B+: 0x7f5bb08e9b7b 0x7f5bb08e9b9a
+B+: 0x7f5bb08e9b9b 0x7f5bb08e9ba3
+B+: 0x7f5bb08e9ba4 0x7f5bb08e9bbd
+B+: 0x7f5bb08e9bc0 0x7f5bb08e9bc5
+B+: 0x7f5bb08e9bc6 0x7f5bb08e9bcf
+B+: 0x7f5bb08e9bd0 0x7f5bb08e9bd9
+B+: 0x7f5bb08e9bda 0x7f5bb08e9bf7
+B+: 0x7f5bb08e9c08 0x7f5bb08e9c14
+B+: 0x7f5bb08e9c15 0x7f5bb08e9c1b
+B+: 0x7f5bb08e9c1c 0x7f5bb08e9c29
+B+: 0x7f5bb08e9cb0 0x7f5bb08e9cca
+B+: 0x7f5bb08e9ccb 0x7f5bb08e9cda
+B+: 0x7f5bb08e9cdb 0x7f5bb08e9ce6
+B+: 0x7f5bb08e9ce7 0x7f5bb08e9cef
+B+: 0x7f5bb08e9cf0 0x7f5bb08e9cf4
+B+: 0x7f5bb08e9cf5 0x7f5bb08e9cfc
+B+: 0x7f5bb08e9cfd 0x7f5bb08e9d10
+B+: 0x7f5bb08e9d11 0x7f5bb08e9d21
+B+: 0x7f5bb08e9d22 0x7f5bb08e9d26
+B+: 0x7f5bb08e9d27 0x7f5bb08e9d38
+B+: 0x7f5bb08e9d39 0x7f5bb08e9d4b
+B+: 0x7f5bb08e9d4c 0x7f5bb08e9d54
+B+: 0x7f5bb08e9d55 0x7f5bb08e9d5e
+B+: 0x7f5bb08e9d5f 0x7f5bb08e9d6d
+B+: 0x7f5bb08e9ea0 0x7f5bb08e9eb6
+B+: 0x7f5bb08e9eb7 0x7f5bb08e9ebb
+B+: 0x7f5bb08e9ebc 0x7f5bb08e9ec0
+B+: 0x7f5bb08e9ec8 0x7f5bb08e9ecb
+B+: 0x7f5bb08e9ecc 0x7f5bb08e9ed9
+B+: 0x7f5bb08e9eda 0x7f5bb08e9edd
+B+: 0x7f5bb08e9ede 0x7f5bb08e9f06
+B+: 0x7f5bb08e9f07 0x7f5bb08e9f10
+B+: 0x7f5bb08e9f11 0x7f5bb08e9f16
+B+: 0x7f5bb08e9f17 0x7f5bb08e9f24
+B+: 0x7f5bb08e9f25 0x7f5bb08e9f2d
+B+: 0x7f5bb08ea440 0x7f5bb08ea46b
+B+: 0x7f5bb08ea46c 0x7f5bb08ea470
+B+: 0x7f5bb08ea471 0x7f5bb08ea475
+B+: 0x7f5bb08ea536 0x7f5bb08ea53e
+B+: 0x7f5bb08ea53f 0x7f5bb08ea548
+B+: 0x7f5bb08ea549 0x7f5bb08ea551
+B+: 0x7f5bb08ea5d0 0x7f5bb08ea5e4
+B+: 0x7f5bb08ea5e5 0x7f5bb08ea606
+B+: 0x7f5bb08ea607 0x7f5bb08ea610
+B+: 0x7f5bb08ea611 0x7f5bb08ea618
+B+: 0x7f5bb08ea640 0x7f5bb08ea648
+B+: 0x7f5bb08ea649 0x7f5bb08ea656
+B+: 0x7f5bb08ea657 0x7f5bb08ea65f
+B+: 0x7f5bb08ea660 0x7f5bb08ea661
+B+: 0x7f5bb08ea760 0x7f5bb08ea7aa
+B+: 0x7f5bb08ea7ab 0x7f5bb08ea7af
+B+: 0x7f5bb08ea7b0 0x7f5bb08ea7be
+B+: 0x7f5bb08ea7c8 0x7f5bb08ea7d3
+B+: 0x7f5bb08ea7d4 0x7f5bb08ea7d8
+B+: 0x7f5bb08ea7d9 0x7f5bb08ea7e0
+B+: 0x7f5bb08ea7e1 0x7f5bb08ea7e5
+B+: 0x7f5bb08ea7e6 0x7f5bb08ea7f3
+B+: 0x7f5bb08ea7f4 0x7f5bb08ea7fb
+B+: 0x7f5bb08ea800 0x7f5bb08ea810
+B+: 0x7f5bb08ea811 0x7f5bb08ea815
+B+: 0x7f5bb08ea816 0x7f5bb08ea832
+B+: 0x7f5bb08ea833 0x7f5bb08ea843
+B+: 0x7f5bb08ea844 0x7f5bb08ea84f
+B+: 0x7f5bb08ea850 0x7f5bb08ea857
+B+: 0x7f5bb08ea858 0x7f5bb08ea85c
+B+: 0x7f5bb08ea85d 0x7f5bb08ea868
+B+: 0x7f5bb08ea869 0x7f5bb08ea87b
+B+: 0x7f5bb08ea87c 0x7f5bb08ea884
+B+: 0x7f5bb08ea888 0x7f5bb08ea897
+B+: 0x7f5bb08ea898 0x7f5bb08ea89b
+B+: 0x7f5bb08ea89c 0x7f5bb08ea8b4
+B+: 0x7f5bb08ea8b5 0x7f5bb08ea8b8
+B+: 0x7f5bb08ea8b9 0x7f5bb08ea8c6
+B+: 0x7f5bb08ea8c7 0x7f5bb08ea8d5
+B+: 0x7f5bb08eadc0 0x7f5bb08eadec
+B+: 0x7f5bb08eaded 0x7f5bb08eadf2
+B+: 0x7f5bb08eadf3 0x7f5bb08eae04
+B+: 0x7f5bb08eae05 0x7f5bb08eae0d
+B+: 0x7f5bb08eae0e 0x7f5bb08eae1c
+CND+ 0x7f5bb08d900e: taken
+CND+ 0x7f5bb08d95ea: not taken
+CND+ 0x7f5bb08d9626: not taken
+CND+ 0x7f5bb08d963b: taken
+CND+ 0x7f5bb08d9673: not taken
+CND+ 0x7f5bb08d9687: not taken
+CND+ 0x7f5bb08d9695: not taken
+CND+ 0x7f5bb08d97e2: taken
+CND+ 0x7f5bb08d9862: not taken
+CND+ 0x7f5bb08d987c: both
+CND+ 0x7f5bb08d98a9: not taken
+CND+ 0x7f5bb08d9a5d: not taken
+CND+ 0x7f5bb08d9a62: taken
+CND+ 0x7f5bb08da6e6: not taken
+CND+ 0x7f5bb08da704: taken
+CND+ 0x7f5bb08da71a: not taken
+CND+ 0x7f5bb08da71f: taken
+CND+ 0x7f5bb08da72f: taken
+CND+ 0x7f5bb08da74c: not taken
+CND+ 0x7f5bb08da756: not taken
+CND+ 0x7f5bb08da78f: not taken
+CND+ 0x7f5bb08da79b: taken
+CND+ 0x7f5bb08db079: taken
+CND+ 0x7f5bb08db11b: not taken
+CND+ 0x7f5bb08db149: not taken
+CND+ 0x7f5bb08db158: not taken
+CND+ 0x7f5bb08db190: not taken
+CND+ 0x7f5bb08db1ce: taken
+CND+ 0x7f5bb08dbc20: not taken
+CND+ 0x7f5bb08dbc2d: taken
+CND+ 0x7f5bb08dbc48: not taken
+CND+ 0x7f5bb08dbc5f: both
+CND+ 0x7f5bb08dbc88: not taken
+CND+ 0x7f5bb08dbed2: taken
+CND+ 0x7f5bb08dbf55: not taken
+CND+ 0x7f5bb08dbf7e: not taken
+CND+ 0x7f5bb08dbf8a: not taken
+CND+ 0x7f5bb08dbf93: both
+CND+ 0x7f5bb08dbfc4: not taken
+CND+ 0x7f5bb08dbfe2: both
+CND+ 0x7f5bb08dbffb: taken
+CND+ 0x7f5bb08dc05a: taken
+CND+ 0x7f5bb08dc0af: not taken
+CND+ 0x7f5bb08dc0b8: taken
+CND+ 0x7f5bb08dc0e0: taken
+CND+ 0x7f5bb08dc116: not taken
+CND+ 0x7f5bb08dc15a: not taken
+CND+ 0x7f5bb08dc163: taken
+CND+ 0x7f5bb08dc21b: taken
+CND+ 0x7f5bb08dc24a: taken
+CND+ 0x7f5bb08dc27c: not taken
+CND+ 0x7f5bb08dc36a: taken
+CND+ 0x7f5bb08dc520: not taken
+CND+ 0x7f5bb08dc529: not taken
+CND+ 0x7f5bb08dc532: taken
+CND+ 0x7f5bb08dc8eb: not taken
+CND+ 0x7f5bb08dc906: both
+CND+ 0x7f5bb08dc93d: not taken
+CND+ 0x7f5bb08dc985: both
+CND+ 0x7f5bb08dc9f6: taken
+CND+ 0x7f5bb08dca20: both
+CND+ 0x7f5bb08dca29: not taken
+CND+ 0x7f5bb08dca33: not taken
+CND+ 0x7f5bb08dcae4: not taken
+CND+ 0x7f5bb08dcafb: taken
+CND+ 0x7f5bb08dcb2a: both
+CND+ 0x7f5bb08dcb30: both
+CND+ 0x7f5bb08dcb40: taken
+CND+ 0x7f5bb08dcb60: not taken
+CND+ 0x7f5bb08dcb96: not taken
+CND+ 0x7f5bb08dcbe5: taken
+CND+ 0x7f5bb08dcda0: not taken
+CND+ 0x7f5bb08dcda9: not taken
+CND+ 0x7f5bb08dcdc8: both
+CND+ 0x7f5bb08dcdd0: both
+CND+ 0x7f5bb08dce2e: taken
+CND+ 0x7f5bb08dce57: not taken
+CND+ 0x7f5bb08dceac: taken
+CND+ 0x7f5bb08dced8: taken
+CND+ 0x7f5bb08dcfa3: not taken
+CND+ 0x7f5bb08dcfc0: taken
+CND+ 0x7f5bb08dd019: not taken
+CND+ 0x7f5bb08dd065: not taken
+CND+ 0x7f5bb08dd06f: not taken
+CND+ 0x7f5bb08dd089: both
+CND+ 0x7f5bb08dd09d: not taken
+CND+ 0x7f5bb08dd0ab: taken
+CND+ 0x7f5bb08dd14c: not taken
+CND+ 0x7f5bb08dd156: taken
+CND+ 0x7f5bb08dd1cc: taken
+CND+ 0x7f5bb08dd1ee: taken
+CND+ 0x7f5bb08dd811: both
+CND+ 0x7f5bb08dd81b: not taken
+CND+ 0x7f5bb08dd81f: not taken
+CND+ 0x7f5bb08dd839: taken
+CND+ 0x7f5bb08dd859: taken
+CND+ 0x7f5bb08dd861: taken
+CND+ 0x7f5bb08de45f: taken
+CND+ 0x7f5bb08de626: not taken
+CND+ 0x7f5bb08de6ca: taken
+CND+ 0x7f5bb08de762: taken
+CND+ 0x7f5bb08df2a4: taken
+CND+ 0x7f5bb08df2bd: not taken
+CND+ 0x7f5bb08df2cd: not taken
+CND+ 0x7f5bb08df30f: taken
+CND+ 0x7f5bb08df327: taken
+CND+ 0x7f5bb08df33a: not taken
+CND+ 0x7f5bb08df343: taken
+CND+ 0x7f5bb08df381: not taken
+CND+ 0x7f5bb08df3d6: taken
+CND+ 0x7f5bb08df3e7: taken
+CND+ 0x7f5bb08df895: not taken
+CND+ 0x7f5bb08df8a8: not taken
+CND+ 0x7f5bb08df8d2: not taken
+CND+ 0x7f5bb08df907: not taken
+CND+ 0x7f5bb08df942: taken
+CND+ 0x7f5bb08df953: not taken
+CND+ 0x7f5bb08df963: taken
+CND+ 0x7f5bb08dfa7b: not taken
+CND+ 0x7f5bb08dfdbc: both
+CND+ 0x7f5bb08dfdc9: both
+CND+ 0x7f5bb08dfe03: not taken
+CND+ 0x7f5bb08dfe0d: not taken
+CND+ 0x7f5bb08dfe18: taken
+CND+ 0x7f5bb08e01a1: not taken
+CND+ 0x7f5bb08e01ab: not taken
+CND+ 0x7f5bb08e01e4: taken
+CND+ 0x7f5bb08e01f2: taken
+CND+ 0x7f5bb08e020a: not taken
+CND+ 0x7f5bb08e0225: not taken
+CND+ 0x7f5bb08e022f: not taken
+CND+ 0x7f5bb08e0247: taken
+CND+ 0x7f5bb08e0533: taken
+CND+ 0x7f5bb08e0582: taken
+CND+ 0x7f5bb08e0655: taken
+CND+ 0x7f5bb08e0698: taken
+CND+ 0x7f5bb08e0703: not taken
+CND+ 0x7f5bb08e070c: taken
+CND+ 0x7f5bb08e0725: not taken
+CND+ 0x7f5bb08e0742: not taken
+CND+ 0x7f5bb08e075a: not taken
+CND+ 0x7f5bb08e0765: not taken
+CND+ 0x7f5bb08e0792: not taken
+CND+ 0x7f5bb08e0797: taken
+CND+ 0x7f5bb08e07a9: taken
+CND+ 0x7f5bb08e07ad: not taken
+CND+ 0x7f5bb08e07bc: taken
+CND+ 0x7f5bb08e07ce: taken
+CND+ 0x7f5bb08e0848: taken
+CND+ 0x7f5bb08e0889: not taken
+CND+ 0x7f5bb08e089b: not taken
+CND+ 0x7f5bb08e08a8: taken
+CND+ 0x7f5bb08e0c2f: not taken
+CND+ 0x7f5bb08e0c57: taken
+CND+ 0x7f5bb08e0c65: not taken
+CND+ 0x7f5bb08e0c6e: taken
+CND+ 0x7f5bb08e0c86: not taken
+CND+ 0x7f5bb08e0cae: taken
+CND+ 0x7f5bb08e1366: taken
+CND+ 0x7f5bb08e19d6: taken
+CND+ 0x7f5bb08e1a31: not taken
+CND+ 0x7f5bb08e1a51: taken
+CND+ 0x7f5bb08e1aad: not taken
+CND+ 0x7f5bb08e1ab5: taken
+CND+ 0x7f5bb08e1b00: taken
+CND+ 0x7f5bb08e1b5a: not taken
+CND+ 0x7f5bb08e1b62: not taken
+CND+ 0x7f5bb08e1b6b: not taken
+CND+ 0x7f5bb08e1b75: not taken
+CND+ 0x7f5bb08e1b7f: taken
+CND+ 0x7f5bb08e1b9b: taken
+CND+ 0x7f5bb08e1c3c: taken
+CND+ 0x7f5bb08e1ed9: not taken
+CND+ 0x7f5bb08e1ee6: not taken
+CND+ 0x7f5bb08e1f01: not taken
+CND+ 0x7f5bb08e1f1a: not taken
+CND+ 0x7f5bb08e1f20: not taken
+CND+ 0x7f5bb08e1f26: taken
+CND+ 0x7f5bb08e276c: not taken
+CND+ 0x7f5bb08e278c: not taken
+CND+ 0x7f5bb08e27d8: both
+CND+ 0x7f5bb08e27e1: taken
+CND+ 0x7f5bb08e2806: not taken
+CND+ 0x7f5bb08e2840: not taken
+CND+ 0x7f5bb08e284a: not taken
+CND+ 0x7f5bb08e2965: both
+CND+ 0x7f5bb08e2989: not taken
+CND+ 0x7f5bb08e29b2: not taken
+CND+ 0x7f5bb08e29bc: not taken
+CND+ 0x7f5bb08e29e3: not taken
+CND+ 0x7f5bb08e2a13: taken
+CND+ 0x7f5bb08e2afd: not taken
+CND+ 0x7f5bb08e2b1a: not taken
+CND+ 0x7f5bb08e2b61: taken
+CND+ 0x7f5bb08e3711: not taken
+CND+ 0x7f5bb08e371d: not taken
+CND+ 0x7f5bb08e3722: not taken
+CND+ 0x7f5bb08e3748: not taken
+CND+ 0x7f5bb08e374c: not taken
+CND+ 0x7f5bb08e375f: not taken
+CND+ 0x7f5bb08e37a4: not taken
+CND+ 0x7f5bb08e38f3: both
+CND+ 0x7f5bb08e390f: both
+CND+ 0x7f5bb08e3911: not taken
+CND+ 0x7f5bb08e391a: taken
+CND+ 0x7f5bb08e3a92: not taken
+CND+ 0x7f5bb08e3aba: not taken
+CND+ 0x7f5bb08e3ad5: both
+CND+ 0x7f5bb08e3ade: taken
+CND+ 0x7f5bb08e3af7: not taken
+CND+ 0x7f5bb08e3b01: not taken
+CND+ 0x7f5bb08e3b05: not taken
+CND+ 0x7f5bb08e3b19: taken
+CND+ 0x7f5bb08e3c50: not taken
+CND+ 0x7f5bb08e3c62: taken
+CND+ 0x7f5bb08e3db1: not taken
+CND+ 0x7f5bb08e3dea: both
+CND+ 0x7f5bb08e3e13: not taken
+CND+ 0x7f5bb08e3e20: taken
+CND+ 0x7f5bb08e3e2d: not taken
+CND+ 0x7f5bb08e3e43: not taken
+CND+ 0x7f5bb08e3e4f: both
+CND+ 0x7f5bb08e3e58: not taken
+CND+ 0x7f5bb08e3e72: taken
+CND+ 0x7f5bb08e3ee7: taken
+CND+ 0x7f5bb08e475d: both
+CND+ 0x7f5bb08e476f: not taken
+CND+ 0x7f5bb08e4782: both
+CND+ 0x7f5bb08e4787: both
+CND+ 0x7f5bb08e4795: both
+CND+ 0x7f5bb08e48b1: not taken
+CND+ 0x7f5bb08e48dc: not taken
+CND+ 0x7f5bb08e48ea: not taken
+CND+ 0x7f5bb08e48ec: both
+CND+ 0x7f5bb08e48f5: not taken
+CND+ 0x7f5bb08e48fb: taken
+CND+ 0x7f5bb08e4943: not taken
+CND+ 0x7f5bb08e494c: taken
+CND+ 0x7f5bb08e4983: not taken
+CND+ 0x7f5bb08e4989: both
+CND+ 0x7f5bb08e4990: not taken
+CND+ 0x7f5bb08e49ab: taken
+CND+ 0x7f5bb08e4a0b: taken
+CND+ 0x7f5bb08e4b10: both
+CND+ 0x7f5bb08e4b1c: not taken
+CND+ 0x7f5bb08e4b21: both
+CND+ 0x7f5bb08e4b2f: not taken
+CND+ 0x7f5bb08e4b37: both
+CND+ 0x7f5bb08e4b44: both
+CND+ 0x7f5bb08e4b5e: taken
+CND+ 0x7f5bb08e4b92: both
+CND+ 0x7f5bb08e4b9b: taken
+CND+ 0x7f5bb08e4bfb: taken
+CND+ 0x7f5bb08e4d68: both
+CND+ 0x7f5bb08e4d71: taken
+CND+ 0x7f5bb08e4d8b: not taken
+CND+ 0x7f5bb08e4da3: taken
+CND+ 0x7f5bb08e4ddd: taken
+CND+ 0x7f5bb08e4e02: not taken
+CND+ 0x7f5bb08e4e0b: taken
+CND+ 0x7f5bb08e4e2f: not taken
+CND+ 0x7f5bb08e4e35: taken
+CND+ 0x7f5bb08e4e4f: not taken
+CND+ 0x7f5bb08e4e58: both
+CND+ 0x7f5bb08e4f7d: not taken
+CND+ 0x7f5bb08e502c: not taken
+CND+ 0x7f5bb08e50c7: not taken
+CND+ 0x7f5bb08e50d0: both
+CND+ 0x7f5bb08e50d9: not taken
+CND+ 0x7f5bb08e55a7: both
+CND+ 0x7f5bb08e55ed: not taken
+CND+ 0x7f5bb08e55f2: taken
+CND+ 0x7f5bb08e5682: not taken
+CND+ 0x7f5bb08e56a1: not taken
+CND+ 0x7f5bb08e57bb: not taken
+CND+ 0x7f5bb08e5835: not taken
+CND+ 0x7f5bb08e5870: not taken
+CND+ 0x7f5bb08e588e: not taken
+CND+ 0x7f5bb08e589e: not taken
+CND+ 0x7f5bb08e59ca: both
+CND+ 0x7f5bb08e59ea: taken
+CND+ 0x7f5bb08e59f6: taken
+CND+ 0x7f5bb08e5a15: taken
+CND+ 0x7f5bb08e5a38: not taken
+CND+ 0x7f5bb08e5a48: taken
+CND+ 0x7f5bb08e5abb: not taken
+CND+ 0x7f5bb08e614f: not taken
+CND+ 0x7f5bb08e616f: not taken
+CND+ 0x7f5bb08e617e: taken
+CND+ 0x7f5bb08e6a5f: taken
+CND+ 0x7f5bb08e6b46: not taken
+CND+ 0x7f5bb08e6b50: taken
+CND+ 0x7f5bb08e6b69: taken
+CND+ 0x7f5bb08e6b93: taken
+CND+ 0x7f5bb08e6d2b: taken
+CND+ 0x7f5bb08e6e50: not taken
+CND+ 0x7f5bb08e7227: taken
+CND+ 0x7f5bb08e725f: not taken
+CND+ 0x7f5bb08e7278: taken
+CND+ 0x7f5bb08e72b9: not taken
+CND+ 0x7f5bb08e72d7: taken
+CND+ 0x7f5bb08e730b: taken
+CND+ 0x7f5bb08e7383: taken
+CND+ 0x7f5bb08e73e2: taken
+CND+ 0x7f5bb08e7456: taken
+CND+ 0x7f5bb08e7488: both
+CND+ 0x7f5bb08e748c: not taken
+CND+ 0x7f5bb08e7493: not taken
+CND+ 0x7f5bb08e7498: both
+CND+ 0x7f5bb08e74e0: not taken
+CND+ 0x7f5bb08e7512: not taken
+CND+ 0x7f5bb08e7519: taken
+CND+ 0x7f5bb08e7548: not taken
+CND+ 0x7f5bb08e754d: not taken
+CND+ 0x7f5bb08e75c9: not taken
+CND+ 0x7f5bb08e75d7: taken
+CND+ 0x7f5bb08e76f8: taken
+CND+ 0x7f5bb08e77b9: not taken
+CND+ 0x7f5bb08e7830: not taken
+CND+ 0x7f5bb08e7846: taken
+CND+ 0x7f5bb08e786e: not taken
+CND+ 0x7f5bb08e7b09: not taken
+CND+ 0x7f5bb08e7b13: not taken
+CND+ 0x7f5bb08e7c18: taken
+CND+ 0x7f5bb08e7c9d: not taken
+CND+ 0x7f5bb08e7dfa: taken
+CND+ 0x7f5bb08e9946: both
+CND+ 0x7f5bb08e9963: both
+CND+ 0x7f5bb08e9968: not taken
+CND+ 0x7f5bb08e996e: not taken
+CND+ 0x7f5bb08e9986: not taken
+CND+ 0x7f5bb08e998b: both
+CND+ 0x7f5bb08e999a: both
+CND+ 0x7f5bb08e999f: both
+CND+ 0x7f5bb08e99ac: both
+CND+ 0x7f5bb08e99b7: both
+CND+ 0x7f5bb08e99c4: not taken
+CND+ 0x7f5bb08e9a10: not taken
+CND+ 0x7f5bb08e9a15: taken
+CND+ 0x7f5bb08e9a2e: both
+CND+ 0x7f5bb08e9a32: both
+CND+ 0x7f5bb08e9a5c: both
+CND+ 0x7f5bb08e9add: not taken
+CND+ 0x7f5bb08e9ae2: not taken
+CND+ 0x7f5bb08e9afe: not taken
+CND+ 0x7f5bb08e9b02: both
+CND+ 0x7f5bb08e9b48: both
+CND+ 0x7f5bb08e9b52: not taken
+CND+ 0x7f5bb08e9b5c: not taken
+CND+ 0x7f5bb08e9b65: both
+CND+ 0x7f5bb08e9b6b: taken
+CND+ 0x7f5bb08e9b75: not taken
+CND+ 0x7f5bb08e9b95: not taken
+CND+ 0x7f5bb08e9ba2: not taken
+CND+ 0x7f5bb08e9bc4: not taken
+CND+ 0x7f5bb08e9bce: not taken
+CND+ 0x7f5bb08e9bf6: taken
+CND+ 0x7f5bb08e9c24: taken
+CND+ 0x7f5bb08e9ce1: not taken
+CND+ 0x7f5bb08e9cea: not taken
+CND+ 0x7f5bb08e9cf3: not taken
+CND+ 0x7f5bb08e9d25: not taken
+CND+ 0x7f5bb08e9d53: not taken
+CND+ 0x7f5bb08e9d5d: not taken
+CND+ 0x7f5bb08e9eb5: not taken
+CND+ 0x7f5bb08e9eba: not taken
+CND+ 0x7f5bb08e9ed8: both
+CND+ 0x7f5bb08e9edc: taken
+CND+ 0x7f5bb08e9f0f: not taken
+CND+ 0x7f5bb08e9f15: not taken
+CND+ 0x7f5bb08ea46f: not taken
+CND+ 0x7f5bb08ea53d: not taken
+CND+ 0x7f5bb08ea547: not taken
+CND+ 0x7f5bb08ea605: not taken
+CND+ 0x7f5bb08ea60f: not taken
+CND+ 0x7f5bb08ea647: not taken
+CND+ 0x7f5bb08ea65e: not taken
+CND+ 0x7f5bb08ea7bd: taken
+CND+ 0x7f5bb08ea7d2: taken
+CND+ 0x7f5bb08ea7df: not taken
+CND+ 0x7f5bb08ea7e4: both
+CND+ 0x7f5bb08ea7fa: taken
+CND+ 0x7f5bb08ea856: not taken
+CND+ 0x7f5bb08ea85b: taken
+CND+ 0x7f5bb08ea87a: not taken
+CND+ 0x7f5bb08ea89a: not taken
+CND+ 0x7f5bb08ea8b7: not taken
+CND+ 0x7f5bb08ea8c5: not taken
+CND+ 0x7f5bb08ea8d4: taken
+CND+ 0x7f5bb08eadf1: not taken
+CND+ 0x7f5bb08eae0c: not taken
@0x7f5bb08d9050 to 0x7f5bb4412a30 4
@0x7f5bb08d9080 to 0x7f5bb43b2330 2
@0x7f5bb08d9090 to 0x7f5bb4454710 1
@0x7f5bb08d90a0 to 0x7f5bb442ae70 5
@0x7f5bb08d90d0 to 0x7f5bb43c5a20 7
@0x7f5bb08d90f0 to 0x7f5bb44e9800 4
@0x7f5bb08d9130 to 0x7f5bb44551e0 1
@0x7f5bb08d9140 to 0x7f5bb43c9c10 1
@0x7f5bb08d9150 to 0x7f5bb4477800 4
@0x7f5bb08d9160 to 0x7f5bb4454230 1
@0x7f5bb08d9190 to 0x7f5bb44e9bc0 8
@0x7f5bb08d91c0 to 0x7f5bb4455200 1
@0x7f5bb08d91e0 to 0x7f5bb44e95d0 1
@0x7f5bb08d9220 to 0x7f5bb4455210 2
@0x7f5bb08d9230 to 0x7f5bb4478b10 1
@0x7f5bb08db16e to 0x7f5bb08db1c0 1
@0x7f5bb08d9280 to 0x7f5bb44e4d10 11
@0x7f5bb08d92a0 to 0x7f5bb43c5450 4
@0x7f5bb08db1ac to 0x7f5bb08dbe90 1
@0x7f5bb08d92d0 to 0x7f5bb44e5100 9
@0x7f5bb08d9320 to 0x7f5bb43c60f0 4
@0x7f5bb08d9330 to 0x7f5bb44ea100 6
@0x7f5bb08d9350 to 0x7f5bb4455220 1
@0x7f5bb08d9370 to 0x7f5bb4477800 2
@0x7f5bb08d9390 to 0x7f5bb44123e0 23
@0x7f5bb08d93b0 to 0x7f5bb4455230 1
@0x7f5bb08d93c0 to 0x7f5bb44e4e90 22
@0x7f5bb08d93e0 to 0x7f5bb4495ba0 1
@0x7f5bb08d9410 to 0x7f5bb4412c80 1
@0x7f5bb08d9460 to 0x7f5bb44ea0e0 13
@0x7f5bb08d9510 to 0x7f5bb44551f0 1
@0x7f5bb08d9560 to 0x7f5bb44544e0 1
@0x7f5bb08d9570 to 0x7f5bb43be580 191
@0x7f5bb08e4f91 to 0x7f5bb08e5075 1
@0x7f5bb08d9784 to 0x7f5bb43b1fb0 1
@0x7f5bb08eae01 to 0x7f5bb08d9840 1
@0x7f5bb08e755f to 0x7f5bb08e7580 1
@0x7f5bb08e755f to 0x7f5bb08e75c0 1
@0x7f5bb08e755f to 0x7f5bb08e75a8 2
@0x7f5bb08e58af to 0x7f5bb08e5a01 180
@0x7f5bb08e58af to 0x7f5bb08e59f0 10
@0x7f5bb08e58af to 0x7f5bb08e5a28 1
@0x7f5bb08e9c19 to 0x7f5bb08dd7d0 1
@0x7f5bb08e9c19 to 0x7f5bb08e4120 1
