MODULE_NAME: /usr/bin/gs
MODULE_START: 0x7f7c38f13000
+B+: 0x7f7c38f14000 0x7f7c38f1400f
+B+: 0x7f7c38f14012 0x7f7c38f14016
+B+: 0x7f7c38f14020 0x7f7c38f1402b
+B+: 0x7f7c38f14030 0x7f7c38f14035
+B+: 0x7f7c38f14036 0x7f7c38f1403f
+B+: 0x7f7c38f14040 0x7f7c38f14045
+B+: 0x7f7c38f14046 0x7f7c38f1404f
+B+: 0x7f7c38f14050 0x7f7c38f14055
+B+: 0x7f7c38f14056 0x7f7c38f1405f
+B+: 0x7f7c38f14090 0x7f7c38f14095
+B+: 0x7f7c38f14096 0x7f7c38f1409f
+B+: 0x7f7c38f140b0 0x7f7c38f140b5
+B+: 0x7f7c38f140b6 0x7f7c38f140bf
+B+: 0x7f7c38f140c0 0x7f7c38f140c5
+B+: 0x7f7c38f140c6 0x7f7c38f140cf
+B+: 0x7f7c38f140d0 0x7f7c38f140d5
+B+: 0x7f7c38f140d6 0x7f7c38f140df
+B+: 0x7f7c38f140e0 0x7f7c38f140e5
+B+: 0x7f7c38f140f0 0x7f7c38f14121
+B+: 0x7f7c38f14122 0x7f7c38f14127
+B+: 0x7f7c38f14128 0x7f7c38f14130
+B+: 0x7f7c38f14131 0x7f7c38f14132
+B+: 0x7f7c38f14133 0x7f7c38f14137
+B+: 0x7f7c38f14138 0x7f7c38f14152
+B+: 0x7f7c38f14153 0x7f7c38f1415b
+B+: 0x7f7c38f14184 0x7f7c38f141a2
+B+: 0x7f7c38f141a3 0x7f7c38f141b1
+B+: 0x7f7c38f141b2 0x7f7c38f141b7
+B+: 0x7f7c38f141b8 0x7f7c38f141c1
+B+: 0x7f7c38f141c2 0x7f7c38f141c5
+B+: 0x7f7c38f141c6 0x7f7c38f141ca
+B+: 0x7f7c38f141cb 0x7f7c38f141d6
+B+: 0x7f7c38f141d7 0x7f7c38f141db
+B+: 0x7f7c38f14220 0x7f7c38f14249
+B+: 0x7f7c38f14250 0x7f7c38f14262
+B+: 0x7f7c38f14278 0x7f7c38f14278
+B+: 0x7f7c38f14280 0x7f7c38f142a3
+B+: 0x7f7c38f142b8 0x7f7c38f142b8
+B+: 0x7f7c38f142c0 0x7f7c38f142c8
+B+: 0x7f7c38f142c9 0x7f7c38f142d6
+B+: 0x7f7c38f142d7 0x7f7c38f142e2
+B+: 0x7f7c38f142e3 0x7f7c38f142e7
+B+: 0x7f7c38f142e8 0x7f7c38f142f0
+B+: 0x7f7c38f14300 0x7f7c38f14304
+B+: 0x7f7c38f14350 0x7f7c38f14373
+B+: 0x7f7c38f14374 0x7f7c38f1437c
+B+: 0x7f7c38f1437d 0x7f7c38f14385
+B+: 0x7f7c38f143c0 0x7f7c38f143ec
+B+: 0x7f7c38f143ed 0x7f7c38f143f2
+B+: 0x7f7c38f143f3 0x7f7c38f14404
+B+: 0x7f7c38f14405 0x7f7c38f1440d
+B+: 0x7f7c38f1440e 0x7f7c38f1441c
+B+: 0x7f7c38f14424 0x7f7c38f1442c
+CND+ 0x7f7c38f1400e: taken
+CND+ 0x7f7c38f14126: taken
+CND+ 0x7f7c38f1412b: not taken
+CND+ 0x7f7c38f14131: not taken
+CND+ 0x7f7c38f14136: not taken
+CND+ 0x7f7c38f1414d: not taken
+CND+ 0x7f7c38f141b6: not taken
+CND+ 0x7f7c38f141c4: not taken
+CND+ 0x7f7c38f141c9: not taken
+CND+ 0x7f7c38f14261: taken
+CND+ 0x7f7c38f142a2: taken
+CND+ 0x7f7c38f142c7: not taken
+CND+ 0x7f7c38f142d5: not taken
+CND+ 0x7f7c38f143f1: not taken
+CND+ 0x7f7c38f1440c: not taken
@0x7f7c38f14026 to 0x7f7c3cf03500 7
@0x7f7c38f14030 to 0x7f7c38f14036 1
@0x7f7c38f14040 to 0x7f7c38f14046 1
@0x7f7c38f14050 to 0x7f7c38f14056 1
@0x7f7c38f14090 to 0x7f7c38f14096 1
@0x7f7c38f140b0 to 0x7f7c38f140b6 1
@0x7f7c38f140c0 to 0x7f7c38f140c6 1
@0x7f7c38f140d0 to 0x7f7c38f140d6 1
@0x7f7c38f140e0 to 0x7f7c3ba691c0 1
@0x7f7c38f14244 to 0x7f7c3ba52fb0 1
@0x7f7c38f14401 to 0x7f7c38f14300 1
