MODULE_NAME: /usr/bin/gs
MODULE_START: 0x7fa0482b2000
+B+: 0x7fa0482b3000 0x7fa0482b300f
+B+: 0x7fa0482b3012 0x7fa0482b3016
+B+: 0x7fa0482b3020 0x7fa0482b302b
+B+: 0x7fa0482b3030 0x7fa0482b3035
+B+: 0x7fa0482b3036 0x7fa0482b303f
+B+: 0x7fa0482b3040 0x7fa0482b3045
+B+: 0x7fa0482b3046 0x7fa0482b304f
+B+: 0x7fa0482b3050 0x7fa0482b3055
+B+: 0x7fa0482b3056 0x7fa0482b305f
+B+: 0x7fa0482b3090 0x7fa0482b3095
+B+: 0x7fa0482b3096 0x7fa0482b309f
+B+: 0x7fa0482b30b0 0x7fa0482b30b5
+B+: 0x7fa0482b30b6 0x7fa0482b30bf
+B+: 0x7fa0482b30c0 0x7fa0482b30c5
+B+: 0x7fa0482b30c6 0x7fa0482b30cf
+B+: 0x7fa0482b30d0 0x7fa0482b30d5
+B+: 0x7fa0482b30d6 0x7fa0482b30df
+B+: 0x7fa0482b30e0 0x7fa0482b30e5
+B+: 0x7fa0482b30f0 0x7fa0482b3121
+B+: 0x7fa0482b3122 0x7fa0482b3127
+B+: 0x7fa0482b3128 0x7fa0482b3130
+B+: 0x7fa0482b3131 0x7fa0482b3132
+B+: 0x7fa0482b3133 0x7fa0482b3137
+B+: 0x7fa0482b3138 0x7fa0482b3152
+B+: 0x7fa0482b3153 0x7fa0482b315b
+B+: 0x7fa0482b3184 0x7fa0482b31a2
+B+: 0x7fa0482b31a3 0x7fa0482b31b1
+B+: 0x7fa0482b31b2 0x7fa0482b31b7
+B+: 0x7fa0482b31b8 0x7fa0482b31c1
+B+: 0x7fa0482b31c2 0x7fa0482b31c5
+B+: 0x7fa0482b31c6 0x7fa0482b31ca
+B+: 0x7fa0482b31cb 0x7fa0482b31d6
+B+: 0x7fa0482b31d7 0x7fa0482b31db
+B+: 0x7fa0482b3220 0x7fa0482b3249
+B+: 0x7fa0482b3250 0x7fa0482b3262
+B+: 0x7fa0482b3278 0x7fa0482b3278
+B+: 0x7fa0482b3280 0x7fa0482b32a3
+B+: 0x7fa0482b32b8 0x7fa0482b32b8
+B+: 0x7fa0482b32c0 0x7fa0482b32c8
+B+: 0x7fa0482b32c9 0x7fa0482b32d6
+B+: 0x7fa0482b32d7 0x7fa0482b32e2
+B+: 0x7fa0482b32e3 0x7fa0482b32e7
+B+: 0x7fa0482b32e8 0x7fa0482b32f0
+B+: 0x7fa0482b3300 0x7fa0482b3304
+B+: 0x7fa0482b3350 0x7fa0482b3373
+B+: 0x7fa0482b3374 0x7fa0482b337c
+B+: 0x7fa0482b337d 0x7fa0482b3385
+B+: 0x7fa0482b33c0 0x7fa0482b33ec
+B+: 0x7fa0482b33ed 0x7fa0482b33f2
+B+: 0x7fa0482b33f3 0x7fa0482b3404
+B+: 0x7fa0482b3405 0x7fa0482b340d
+B+: 0x7fa0482b340e 0x7fa0482b341c
+B+: 0x7fa0482b3424 0x7fa0482b342c
+CND+ 0x7fa0482b300e: taken
+CND+ 0x7fa0482b3126: taken
+CND+ 0x7fa0482b312b: not taken
+CND+ 0x7fa0482b3131: not taken
+CND+ 0x7fa0482b3136: not taken
+CND+ 0x7fa0482b314d: not taken
+CND+ 0x7fa0482b31b6: not taken
+CND+ 0x7fa0482b31c4: not taken
+CND+ 0x7fa0482b31c9: not taken
+CND+ 0x7fa0482b3261: taken
+CND+ 0x7fa0482b32a2: taken
+CND+ 0x7fa0482b32c7: not taken
+CND+ 0x7fa0482b32d5: not taken
+CND+ 0x7fa0482b33f1: not taken
+CND+ 0x7fa0482b340c: not taken
@0x7fa0482b3026 to 0x7fa04c2a2500 7
@0x7fa0482b3030 to 0x7fa0482b3036 1
@0x7fa0482b3040 to 0x7fa0482b3046 1
@0x7fa0482b3050 to 0x7fa0482b3056 1
@0x7fa0482b3090 to 0x7fa0482b3096 1
@0x7fa0482b30b0 to 0x7fa0482b30b6 1
@0x7fa0482b30c0 to 0x7fa0482b30c6 1
@0x7fa0482b30d0 to 0x7fa0482b30d6 1
@0x7fa0482b30e0 to 0x7fa04ae081c0 1
@0x7fa0482b3244 to 0x7fa04adf1fb0 1
@0x7fa0482b3401 to 0x7fa0482b3300 1
