MODULE_NAME: /bin/dash
MODULE_START: 0x7fb867f25000
+B+: 0x7fb867f29000 0x7fb867f2900f
+B+: 0x7fb867f29012 0x7fb867f29016
+B+: 0x7fb867f29050 0x7fb867f29055
+B+: 0x7fb867f29080 0x7fb867f29085
+B+: 0x7fb867f29090 0x7fb867f29095
+B+: 0x7fb867f290a0 0x7fb867f290a5
+B+: 0x7fb867f290d0 0x7fb867f290d5
+B+: 0x7fb867f290f0 0x7fb867f290f5
+B+: 0x7fb867f29130 0x7fb867f29135
+B+: 0x7fb867f29140 0x7fb867f29145
+B+: 0x7fb867f29150 0x7fb867f29155
+B+: 0x7fb867f29160 0x7fb867f29165
+B+: 0x7fb867f29190 0x7fb867f29195
+B+: 0x7fb867f291c0 0x7fb867f291c5
+B+: 0x7fb867f291e0 0x7fb867f291e5
+B+: 0x7fb867f29220 0x7fb867f29225
+B+: 0x7fb867f29230 0x7fb867f29235
+B+: 0x7fb867f29280 0x7fb867f29285
+B+: 0x7fb867f292a0 0x7fb867f292a5
+B+: 0x7fb867f292d0 0x7fb867f292d5
+B+: 0x7fb867f29320 0x7fb867f29325
+B+: 0x7fb867f29330 0x7fb867f29335
+B+: 0x7fb867f29350 0x7fb867f29355
+B+: 0x7fb867f29370 0x7fb867f29375
+B+: 0x7fb867f29390 0x7fb867f29395
+B+: 0x7fb867f293b0 0x7fb867f293b5
+B+: 0x7fb867f293c0 0x7fb867f293c5
+B+: 0x7fb867f293e0 0x7fb867f293e5
+B+: 0x7fb867f29410 0x7fb867f29415
+B+: 0x7fb867f29460 0x7fb867f29465
+B+: 0x7fb867f29510 0x7fb867f29515
+B+: 0x7fb867f29560 0x7fb867f29565
+B+: 0x7fb867f29570 0x7fb867f29575
+B+: 0x7fb867f29590 0x7fb867f295b8
+B+: 0x7fb867f295b9 0x7fb867f295c4
+B+: 0x7fb867f295c5 0x7fb867f295cf
+B+: 0x7fb867f295d0 0x7fb867f295e7
+B+: 0x7fb867f295e8 0x7fb867f295ef
+B+: 0x7fb867f295f0 0x7fb867f29600
+B+: 0x7fb867f29601 0x7fb867f2960b
+B+: 0x7fb867f2960c 0x7fb867f29615
+B+: 0x7fb867f29616 0x7fb867f29623
+B+: 0x7fb867f29624 0x7fb867f2962b
+B+: 0x7fb867f2962c 0x7fb867f2963c
+B+: 0x7fb867f29657 0x7fb867f29660
+B+: 0x7fb867f29661 0x7fb867f29678
+B+: 0x7fb867f29679 0x7fb867f2967f
+B+: 0x7fb867f29680 0x7fb867f2968c
+B+: 0x7fb867f2968d 0x7fb867f29696
+B+: 0x7fb867f29697 0x7fb867f2969b
+B+: 0x7fb867f29760 0x7fb867f29789
+B+: 0x7fb867f297c0 0x7fb867f297e3
+B+: 0x7fb867f297f8 0x7fb867f297f8
+B+: 0x7fb867f29840 0x7fb867f29844
+B+: 0x7fb867f29850 0x7fb867f29863
+B+: 0x7fb867f29864 0x7fb867f2986f
+B+: 0x7fb867f29870 0x7fb867f2987d
+B+: 0x7fb867f2987e 0x7fb867f298aa
+B+: 0x7fb867f298ab 0x7fb867f298ac
+B+: 0x7fb867f298cb 0x7fb867f298d2
+B+: 0x7fb867f29a50 0x7fb867f29a57
+B+: 0x7fb867f29a58 0x7fb867f29a5e
+B+: 0x7fb867f29a5f 0x7fb867f29a63
+B+: 0x7fb867f29a71 0x7fb867f29a72
+B+: 0x7fb867f2a6d0 0x7fb867f2a6eb
+B+: 0x7fb867f2a6ec 0x7fb867f2a705
+B+: 0x7fb867f2a717 0x7fb867f2a71b
+B+: 0x7fb867f2a71c 0x7fb867f2a720
+B+: 0x7fb867f2a72c 0x7fb867f2a730
+B+: 0x7fb867f2a73e 0x7fb867f2a74d
+B+: 0x7fb867f2a74e 0x7fb867f2a757
+B+: 0x7fb867f2a758 0x7fb867f2a775
+B+: 0x7fb867f2a780 0x7fb867f2a788
+B+: 0x7fb867f2a789 0x7fb867f2a790
+B+: 0x7fb867f2a791 0x7fb867f2a79c
+B+: 0x7fb867f2b060 0x7fb867f2b07e
+B+: 0x7fb867f2b10d 0x7fb867f2b11c
+B+: 0x7fb867f2b11d 0x7fb867f2b123
+B+: 0x7fb867f2b140 0x7fb867f2b14a
+B+: 0x7fb867f2b14b 0x7fb867f2b152
+B+: 0x7fb867f2b153 0x7fb867f2b15d
+B+: 0x7fb867f2b15e 0x7fb867f2b16f
+B+: 0x7fb867f2b188 0x7fb867f2b18c
+B+: 0x7fb867f2b18d 0x7fb867f2b191
+B+: 0x7fb867f2b192 0x7fb867f2b19c
+B+: 0x7fb867f2b1a7 0x7fb867f2b1ad
+B+: 0x7fb867f2b1ae 0x7fb867f2b1b5
+B+: 0x7fb867f2b1c0 0x7fb867f2b1cf
+B+: 0x7fb867f2bbc0 0x7fb867f2bbfa
+B+: 0x7fb867f2bbfb 0x7fb867f2bc07
+B+: 0x7fb867f2bc08 0x7fb867f2bc0f
+B+: 0x7fb867f2bc10 0x7fb867f2bc11
+B+: 0x7fb867f2bc18 0x7fb867f2bc21
+B+: 0x7fb867f2bc22 0x7fb867f2bc2e
+B+: 0x7fb867f2bc32 0x7fb867f2bc39
+B+: 0x7fb867f2bc3a 0x7fb867f2bc49
+B+: 0x7fb867f2bc4a 0x7fb867f2bc51
+B+: 0x7fb867f2bc52 0x7fb867f2bc58
+B+: 0x7fb867f2bc59 0x7fb867f2bc60
+B+: 0x7fb867f2bc61 0x7fb867f2bc68
+B+: 0x7fb867f2bc69 0x7fb867f2bc6d
+B+: 0x7fb867f2bc6e 0x7fb867f2bc77
+B+: 0x7fb867f2bc78 0x7fb867f2bc89
+B+: 0x7fb867f2bc8a 0x7fb867f2bc98
+B+: 0x7fb867f2be90 0x7fb867f2bed3
+B+: 0x7fb867f2bedf 0x7fb867f2bef5
+B+: 0x7fb867f2bef6 0x7fb867f2befa
+B+: 0x7fb867f2befb 0x7fb867f2bf5a
+B+: 0x7fb867f2bf5b 0x7fb867f2bf67
+B+: 0x7fb867f2bf68 0x7fb867f2bf77
+B+: 0x7fb867f2bf78 0x7fb867f2bf7f
+B+: 0x7fb867f2bf80 0x7fb867f2bf8b
+B+: 0x7fb867f2bf8c 0x7fb867f2bf94
+B+: 0x7fb867f2bf95 0x7fb867f2bf9b
+B+: 0x7fb867f2bfa0 0x7fb867f2bfaf
+B+: 0x7fb867f2bfb0 0x7fb867f2bfc5
+B+: 0x7fb867f2bfc6 0x7fb867f2bfcf
+B+: 0x7fb867f2bfd0 0x7fb867f2bfe3
+B+: 0x7fb867f2bfe4 0x7fb867f2bffc
+B+: 0x7fb867f2c019 0x7fb867f2c02b
+B+: 0x7fb867f2c02c 0x7fb867f2c034
+B+: 0x7fb867f2c035 0x7fb867f2c047
+B+: 0x7fb867f2c048 0x7fb867f2c05b
+B+: 0x7fb867f2c0a8 0x7fb867f2c0b4
+B+: 0x7fb867f2c0b5 0x7fb867f2c0b9
+B+: 0x7fb867f2c0db 0x7fb867f2c0e1
+B+: 0x7fb867f2c0f0 0x7fb867f2c103
+B+: 0x7fb867f2c104 0x7fb867f2c113
+B+: 0x7fb867f2c114 0x7fb867f2c11b
+B+: 0x7fb867f2c11c 0x7fb867f2c122
+B+: 0x7fb867f2c123 0x7fb867f2c152
+B+: 0x7fb867f2c153 0x7fb867f2c15f
+B+: 0x7fb867f2c160 0x7fb867f2c168
+B+: 0x7fb867f2c216 0x7fb867f2c21c
+B+: 0x7fb867f2c224 0x7fb867f2c22d
+B+: 0x7fb867f2c22e 0x7fb867f2c237
+B+: 0x7fb867f2c238 0x7fb867f2c241
+B+: 0x7fb867f2c242 0x7fb867f2c24b
+B+: 0x7fb867f2c25d 0x7fb867f2c266
+B+: 0x7fb867f2c267 0x7fb867f2c281
+B+: 0x7fb867f2c282 0x7fb867f2c293
+B+: 0x7fb867f2c34c 0x7fb867f2c353
+B+: 0x7fb867f2c354 0x7fb867f2c36f
+B+: 0x7fb867f2c51b 0x7fb867f2c525
+B+: 0x7fb867f2c526 0x7fb867f2c52e
+B+: 0x7fb867f2c52f 0x7fb867f2c537
+B+: 0x7fb867f2c8d0 0x7fb867f2c8ec
+B+: 0x7fb867f2c8ed 0x7fb867f2c8f1
+B+: 0x7fb867f2c8f8 0x7fb867f2c8fa
+B+: 0x7fb867f2c8fb 0x7fb867f2c907
+B+: 0x7fb867f2c908 0x7fb867f2c93e
+B+: 0x7fb867f2c93f 0x7fb867f2c940
+B+: 0x7fb867f2c963 0x7fb867f2c977
+B+: 0x7fb867f2c980 0x7fb867f2c986
+B+: 0x7fb867f2c987 0x7fb867f2c98e
+B+: 0x7fb867f2c98f 0x7fb867f2c997
+B+: 0x7fb867f2c998 0x7fb867f2c9ba
+B+: 0x7fb867f2c9bb 0x7fb867f2c9bc
+B+: 0x7fb867f2c9c0 0x7fb867f2c9e7
+B+: 0x7fb867f2c9e8 0x7fb867f2c9f7
+B+: 0x7fb867f2ca19 0x7fb867f2ca21
+B+: 0x7fb867f2ca22 0x7fb867f2ca2a
+B+: 0x7fb867f2ca2b 0x7fb867f2ca34
+B+: 0x7fb867f2ca35 0x7fb867f2ca3f
+B+: 0x7fb867f2cad0 0x7fb867f2cae9
+B+: 0x7fb867f2caea 0x7fb867f2cb00
+B+: 0x7fb867f2cb10 0x7fb867f2cb1f
+B+: 0x7fb867f2cb20 0x7fb867f2cb2b
+B+: 0x7fb867f2cb2c 0x7fb867f2cb31
+B+: 0x7fb867f2cb32 0x7fb867f2cb41
+B+: 0x7fb867f2cb56 0x7fb867f2cb61
+B+: 0x7fb867f2cb62 0x7fb867f2cb6f
+B+: 0x7fb867f2cb70 0x7fb867f2cb85
+B+: 0x7fb867f2cb86 0x7fb867f2cb97
+B+: 0x7fb867f2cb98 0x7fb867f2cbc0
+B+: 0x7fb867f2cbc8 0x7fb867f2cbcc
+B+: 0x7fb867f2cbcd 0x7fb867f2cbea
+B+: 0x7fb867f2cd70 0x7fb867f2cd98
+B+: 0x7fb867f2cda0 0x7fb867f2cda1
+B+: 0x7fb867f2cda2 0x7fb867f2cdaa
+B+: 0x7fb867f2cdab 0x7fb867f2cdc5
+B+: 0x7fb867f2cdc6 0x7fb867f2cdc9
+B+: 0x7fb867f2cdca 0x7fb867f2cdd1
+B+: 0x7fb867f2cdd2 0x7fb867f2cde6
+B+: 0x7fb867f2cdf0 0x7fb867f2ce2a
+B+: 0x7fb867f2ce2b 0x7fb867f2ce2f
+B+: 0x7fb867f2ce46 0x7fb867f2ce5c
+B+: 0x7fb867f2ce5d 0x7fb867f2ce6e
+B+: 0x7fb867f2ce90 0x7fb867f2cead
+B+: 0x7fb867f2cec8 0x7fb867f2ced1
+B+: 0x7fb867f2ced2 0x7fb867f2cedd
+B+: 0x7fb867f2cf6c 0x7fb867f2cf8f
+B+: 0x7fb867f2cf90 0x7fb867f2cf9c
+B+: 0x7fb867f2cf9d 0x7fb867f2cfa8
+B+: 0x7fb867f2cfa9 0x7fb867f2cfb0
+B+: 0x7fb867f2cfb1 0x7fb867f2cfc5
+B+: 0x7fb867f2d008 0x7fb867f2d012
+B+: 0x7fb867f2d013 0x7fb867f2d01e
+B+: 0x7fb867f2d01f 0x7fb867f2d02e
+B+: 0x7fb867f2d060 0x7fb867f2d066
+B+: 0x7fb867f2d067 0x7fb867f2d074
+B+: 0x7fb867f2d075 0x7fb867f2d086
+B+: 0x7fb867f2d087 0x7fb867f2d08e
+B+: 0x7fb867f2d08f 0x7fb867f2d0a2
+B+: 0x7fb867f2d0a3 0x7fb867f2d0b0
+B+: 0x7fb867f2d100 0x7fb867f2d116
+B+: 0x7fb867f2d145 0x7fb867f2d14d
+B+: 0x7fb867f2d14e 0x7fb867f2d157
+B+: 0x7fb867f2d160 0x7fb867f2d166
+B+: 0x7fb867f2d1c0 0x7fb867f2d1d1
+B+: 0x7fb867f2d1e8 0x7fb867f2d1ef
+B+: 0x7fb867f2d248 0x7fb867f2d25b
+B+: 0x7fb867f2d25c 0x7fb867f2d271
+B+: 0x7fb867f2d7d0 0x7fb867f2d7ff
+B+: 0x7fb867f2d80f 0x7fb867f2d812
+B+: 0x7fb867f2d813 0x7fb867f2d81c
+B+: 0x7fb867f2d81d 0x7fb867f2d820
+B+: 0x7fb867f2d821 0x7fb867f2d82f
+B+: 0x7fb867f2d830 0x7fb867f2d83a
+B+: 0x7fb867f2d84f 0x7fb867f2d85a
+B+: 0x7fb867f2d85f 0x7fb867f2d862
+B+: 0x7fb867f2d870 0x7fb867f2d877
+B+: 0x7fb867f2d878 0x7fb867f2d88d
+B+: 0x7fb867f2e440 0x7fb867f2e464
+B+: 0x7fb867f2e61e 0x7fb867f2e627
+B+: 0x7fb867f2e628 0x7fb867f2e631
+B+: 0x7fb867f2e632 0x7fb867f2e659
+B+: 0x7fb867f2e6af 0x7fb867f2e6bc
+B+: 0x7fb867f2e6c0 0x7fb867f2e6cb
+B+: 0x7fb867f2e730 0x7fb867f2e73b
+B+: 0x7fb867f2e740 0x7fb867f2e75e
+B+: 0x7fb867f2e75f 0x7fb867f2e767
+B+: 0x7fb867f2e7d2 0x7fb867f2e7e3
+B+: 0x7fb867f2e8a0 0x7fb867f2e8a7
+B+: 0x7fb867f2f260 0x7fb867f2f2a5
+B+: 0x7fb867f2f2b5 0x7fb867f2f2be
+B+: 0x7fb867f2f2bf 0x7fb867f2f2d2
+B+: 0x7fb867f2f2d3 0x7fb867f2f2fc
+B+: 0x7fb867f2f2fd 0x7fb867f2f310
+B+: 0x7fb867f2f324 0x7fb867f2f328
+B+: 0x7fb867f2f336 0x7fb867f2f33f
+B+: 0x7fb867f2f340 0x7fb867f2f344
+B+: 0x7fb867f2f370 0x7fb867f2f386
+B+: 0x7fb867f2f387 0x7fb867f2f398
+B+: 0x7fb867f2f3a0 0x7fb867f2f3b6
+B+: 0x7fb867f2f3b7 0x7fb867f2f3d7
+B+: 0x7fb867f2f3dd 0x7fb867f2f3ec
+B+: 0x7fb867f2f850 0x7fb867f2f886
+B+: 0x7fb867f2f887 0x7fb867f2f89a
+B+: 0x7fb867f2f89b 0x7fb867f2f8ad
+B+: 0x7fb867f2f8ae 0x7fb867f2f8c4
+B+: 0x7fb867f2f8c5 0x7fb867f2f8d7
+B+: 0x7fb867f2f8d8 0x7fb867f2f8e7
+B+: 0x7fb867f2f8e8 0x7fb867f2f90c
+B+: 0x7fb867f2f90d 0x7fb867f2f915
+B+: 0x7fb867f2f924 0x7fb867f2f933
+B+: 0x7fb867f2f934 0x7fb867f2f947
+B+: 0x7fb867f2f948 0x7fb867f2f954
+B+: 0x7fb867f2f955 0x7fb867f2f95f
+B+: 0x7fb867f2f960 0x7fb867f2f964
+B+: 0x7fb867f2fa6a 0x7fb867f2fa7c
+B+: 0x7fb867f2fa7d 0x7fb867f2fa9c
+B+: 0x7fb867f2fba0 0x7fb867f2fbad
+B+: 0x7fb867f2fbae 0x7fb867f2fbe1
+B+: 0x7fb867f2fbf0 0x7fb867f2fbfb
+B+: 0x7fb867f2fdb0 0x7fb867f2fdbd
+B+: 0x7fb867f2fdbe 0x7fb867f2fdca
+B+: 0x7fb867f2fdcb 0x7fb867f2fde3
+B+: 0x7fb867f2fde8 0x7fb867f2fdf4
+B+: 0x7fb867f2fdf8 0x7fb867f2fe04
+B+: 0x7fb867f2fe05 0x7fb867f2fe12
+B+: 0x7fb867f2fe13 0x7fb867f2fe1d
+B+: 0x7fb867f2feb4 0x7fb867f2fec1
+B+: 0x7fb867f30160 0x7fb867f30174
+B+: 0x7fb867f30175 0x7fb867f30187
+B+: 0x7fb867f30188 0x7fb867f301a2
+B+: 0x7fb867f301a3 0x7fb867f301ac
+B+: 0x7fb867f301ad 0x7fb867f301b3
+B+: 0x7fb867f301d0 0x7fb867f301e5
+B+: 0x7fb867f301eb 0x7fb867f301f3
+B+: 0x7fb867f30205 0x7fb867f3020b
+B+: 0x7fb867f3020c 0x7fb867f3021d
+B+: 0x7fb867f3021e 0x7fb867f30226
+B+: 0x7fb867f30227 0x7fb867f30230
+B+: 0x7fb867f30231 0x7fb867f30232
+B+: 0x7fb867f30240 0x7fb867f30248
+B+: 0x7fb867f30260 0x7fb867f30260
+B+: 0x7fb867f30520 0x7fb867f30534
+B+: 0x7fb867f30572 0x7fb867f30578
+B+: 0x7fb867f30580 0x7fb867f30583
+B+: 0x7fb867f30610 0x7fb867f30656
+B+: 0x7fb867f3065b 0x7fb867f30686
+B+: 0x7fb867f30687 0x7fb867f3069d
+B+: 0x7fb867f306fc 0x7fb867f30708
+B+: 0x7fb867f30709 0x7fb867f30711
+B+: 0x7fb867f30712 0x7fb867f3072a
+B+: 0x7fb867f3072b 0x7fb867f3073c
+B+: 0x7fb867f30740 0x7fb867f30747
+B+: 0x7fb867f30748 0x7fb867f3075f
+B+: 0x7fb867f30760 0x7fb867f30766
+B+: 0x7fb867f30767 0x7fb867f30780
+B+: 0x7fb867f30790 0x7fb867f30793
+B+: 0x7fb867f30794 0x7fb867f30798
+B+: 0x7fb867f307a2 0x7fb867f307aa
+B+: 0x7fb867f307ab 0x7fb867f307ae
+B+: 0x7fb867f307af 0x7fb867f307bd
+B+: 0x7fb867f307cb 0x7fb867f307d3
+B+: 0x7fb867f30825 0x7fb867f30841
+B+: 0x7fb867f30842 0x7fb867f3084d
+B+: 0x7fb867f3087e 0x7fb867f3088e
+B+: 0x7fb867f3088f 0x7fb867f308a0
+B+: 0x7fb867f308a1 0x7fb867f308ad
+B+: 0x7fb867f30c10 0x7fb867f30c30
+B+: 0x7fb867f30c31 0x7fb867f30c58
+B+: 0x7fb867f30c5e 0x7fb867f30c66
+B+: 0x7fb867f30c67 0x7fb867f30c6f
+B+: 0x7fb867f30c78 0x7fb867f30c87
+B+: 0x7fb867f30c88 0x7fb867f30c89
+B+: 0x7fb867f30ca0 0x7fb867f30caf
+B+: 0x7fb867f30cba 0x7fb867f30cc4
+B+: 0x7fb867f30ce0 0x7fb867f30ce8
+B+: 0x7fb867f31360 0x7fb867f3136b
+B+: 0x7fb867f31480 0x7fb867f31480
+B+: 0x7fb867f319c0 0x7fb867f319db
+B+: 0x7fb867f31a16 0x7fb867f31a32
+B+: 0x7fb867f31a33 0x7fb867f31a52
+B+: 0x7fb867f31a63 0x7fb867f31a6a
+B+: 0x7fb867f31a90 0x7fb867f31aa6
+B+: 0x7fb867f31aa7 0x7fb867f31aae
+B+: 0x7fb867f31aaf 0x7fb867f31ab6
+B+: 0x7fb867f31af6 0x7fb867f31b01
+B+: 0x7fb867f31b0c 0x7fb867f31b34
+B+: 0x7fb867f31b40 0x7fb867f31b57
+B+: 0x7fb867f31b58 0x7fb867f31b5f
+B+: 0x7fb867f31b60 0x7fb867f31b67
+B+: 0x7fb867f31b68 0x7fb867f31b70
+B+: 0x7fb867f31b71 0x7fb867f31b7a
+B+: 0x7fb867f31b7b 0x7fb867f31b80
+B+: 0x7fb867f31b97 0x7fb867f31b9c
+B+: 0x7fb867f31c0a 0x7fb867f31c3d
+B+: 0x7fb867f31c47 0x7fb867f31c53
+B+: 0x7fb867f31ed0 0x7fb867f31ede
+B+: 0x7fb867f31edf 0x7fb867f31ee7
+B+: 0x7fb867f31ee8 0x7fb867f31efc
+B+: 0x7fb867f31efd 0x7fb867f31f02
+B+: 0x7fb867f31f03 0x7fb867f31f1b
+B+: 0x7fb867f31f1c 0x7fb867f31f21
+B+: 0x7fb867f31f22 0x7fb867f31f2b
+B+: 0x7fb867f31fc0 0x7fb867f31fc7
+B+: 0x7fb867f31fc8 0x7fb867f31fd0
+B+: 0x7fb867f32760 0x7fb867f32768
+B+: 0x7fb867f32769 0x7fb867f3276d
+B+: 0x7fb867f3276e 0x7fb867f32772
+B+: 0x7fb867f32780 0x7fb867f32788
+B+: 0x7fb867f32789 0x7fb867f3278d
+B+: 0x7fb867f3278e 0x7fb867f32792
+B+: 0x7fb867f327c0 0x7fb867f327d9
+B+: 0x7fb867f327da 0x7fb867f327e6
+B+: 0x7fb867f327f7 0x7fb867f32802
+B+: 0x7fb867f32803 0x7fb867f3280b
+B+: 0x7fb867f3280c 0x7fb867f32841
+B+: 0x7fb867f32842 0x7fb867f3284b
+B+: 0x7fb867f3284c 0x7fb867f32852
+B+: 0x7fb867f32853 0x7fb867f32875
+B+: 0x7fb867f32880 0x7fb867f3288e
+B+: 0x7fb867f328b0 0x7fb867f328c8
+B+: 0x7fb867f32900 0x7fb867f32941
+B+: 0x7fb867f32950 0x7fb867f32966
+B+: 0x7fb867f32967 0x7fb867f3297e
+B+: 0x7fb867f3297f 0x7fb867f3298a
+B+: 0x7fb867f3298b 0x7fb867f329b3
+B+: 0x7fb867f329b4 0x7fb867f329bd
+B+: 0x7fb867f329be 0x7fb867f329bf
+B+: 0x7fb867f329d0 0x7fb867f329e8
+B+: 0x7fb867f329e9 0x7fb867f32a14
+B+: 0x7fb867f32a1e 0x7fb867f32a25
+B+: 0x7fb867f32a26 0x7fb867f32a33
+B+: 0x7fb867f32a34 0x7fb867f32a46
+B+: 0x7fb867f32ae0 0x7fb867f32afe
+B+: 0x7fb867f32aff 0x7fb867f32b0c
+B+: 0x7fb867f32b0d 0x7fb867f32b1b
+B+: 0x7fb867f32b1c 0x7fb867f32b2c
+B+: 0x7fb867f32b40 0x7fb867f32b62
+B+: 0x7fb867f32b98 0x7fb867f32ba9
+B+: 0x7fb867f336d0 0x7fb867f336f4
+B+: 0x7fb867f336f5 0x7fb867f3370d
+B+: 0x7fb867f3370e 0x7fb867f33712
+B+: 0x7fb867f33713 0x7fb867f3371e
+B+: 0x7fb867f3371f 0x7fb867f33723
+B+: 0x7fb867f33724 0x7fb867f33728
+B+: 0x7fb867f33729 0x7fb867f33730
+B+: 0x7fb867f3373c 0x7fb867f33749
+B+: 0x7fb867f3374a 0x7fb867f3374d
+B+: 0x7fb867f3374e 0x7fb867f33760
+B+: 0x7fb867f33761 0x7fb867f3376b
+B+: 0x7fb867f33790 0x7fb867f3379d
+B+: 0x7fb867f3379e 0x7fb867f337a5
+B+: 0x7fb867f337a6 0x7fb867f337a7
+B+: 0x7fb867f33890 0x7fb867f3389d
+B+: 0x7fb867f3389e 0x7fb867f338a9
+B+: 0x7fb867f338aa 0x7fb867f338bd
+B+: 0x7fb867f338c0 0x7fb867f338ca
+B+: 0x7fb867f338d0 0x7fb867f338ef
+B+: 0x7fb867f338f0 0x7fb867f338f4
+B+: 0x7fb867f338f5 0x7fb867f3390c
+B+: 0x7fb867f3390d 0x7fb867f33910
+B+: 0x7fb867f33911 0x7fb867f33912
+B+: 0x7fb867f33913 0x7fb867f3391b
+B+: 0x7fb867f3391c 0x7fb867f33930
+B+: 0x7fb867f33938 0x7fb867f3393c
+B+: 0x7fb867f33980 0x7fb867f3398f
+B+: 0x7fb867f33990 0x7fb867f3399b
+B+: 0x7fb867f3399c 0x7fb867f339ab
+B+: 0x7fb867f33a80 0x7fb867f33a93
+B+: 0x7fb867f33a94 0x7fb867f33aac
+B+: 0x7fb867f33aad 0x7fb867f33abf
+B+: 0x7fb867f33ac0 0x7fb867f33ada
+B+: 0x7fb867f33adb 0x7fb867f33ae3
+B+: 0x7fb867f33aec 0x7fb867f33af8
+B+: 0x7fb867f33af9 0x7fb867f33b02
+B+: 0x7fb867f33b03 0x7fb867f33b06
+B+: 0x7fb867f33b07 0x7fb867f33b1a
+B+: 0x7fb867f33c49 0x7fb867f33c55
+B+: 0x7fb867f33c56 0x7fb867f33c67
+B+: 0x7fb867f33c82 0x7fb867f33c93
+B+: 0x7fb867f33d77 0x7fb867f33d82
+B+: 0x7fb867f33da0 0x7fb867f33db2
+B+: 0x7fb867f33db3 0x7fb867f33ddf
+B+: 0x7fb867f33de0 0x7fb867f33deb
+B+: 0x7fb867f33dec 0x7fb867f33dfc
+B+: 0x7fb867f33dfd 0x7fb867f33e18
+B+: 0x7fb867f33e19 0x7fb867f33e25
+B+: 0x7fb867f33e26 0x7fb867f33e2e
+B+: 0x7fb867f33e2f 0x7fb867f33e3f
+B+: 0x7fb867f33e40 0x7fb867f33e44
+B+: 0x7fb867f33e45 0x7fb867f33e50
+B+: 0x7fb867f33e51 0x7fb867f33e5d
+B+: 0x7fb867f33e5e 0x7fb867f33e77
+B+: 0x7fb867f33ece 0x7fb867f33ed2
+B+: 0x7fb867f33ed3 0x7fb867f33ede
+B+: 0x7fb867f33ee0 0x7fb867f33eec
+B+: 0x7fb867f33f60 0x7fb867f33f7c
+B+: 0x7fb867f34120 0x7fb867f34128
+B+: 0x7fb867f34129 0x7fb867f34147
+B+: 0x7fb867f34750 0x7fb867f3475e
+B+: 0x7fb867f3475f 0x7fb867f34763
+B+: 0x7fb867f34764 0x7fb867f34770
+B+: 0x7fb867f34771 0x7fb867f34777
+B+: 0x7fb867f34778 0x7fb867f34783
+B+: 0x7fb867f34784 0x7fb867f34788
+B+: 0x7fb867f34789 0x7fb867f3478d
+B+: 0x7fb867f3478e 0x7fb867f34796
+B+: 0x7fb867f34797 0x7fb867f3479e
+B+: 0x7fb867f34890 0x7fb867f34892
+B+: 0x7fb867f348a7 0x7fb867f348ab
+B+: 0x7fb867f348ac 0x7fb867f348b2
+B+: 0x7fb867f348b3 0x7fb867f348b6
+B+: 0x7fb867f348d0 0x7fb867f348e1
+B+: 0x7fb867f348e2 0x7fb867f348e6
+B+: 0x7fb867f348e7 0x7fb867f348eb
+B+: 0x7fb867f348ec 0x7fb867f348f1
+B+: 0x7fb867f348f2 0x7fb867f348fa
+B+: 0x7fb867f348fb 0x7fb867f348fc
+B+: 0x7fb867f34940 0x7fb867f34948
+B+: 0x7fb867f34949 0x7fb867f34951
+B+: 0x7fb867f34980 0x7fb867f34988
+B+: 0x7fb867f34989 0x7fb867f3498a
+B+: 0x7fb867f3498b 0x7fb867f34991
+B+: 0x7fb867f34992 0x7fb867f349a2
+B+: 0x7fb867f349a8 0x7fb867f349ac
+B+: 0x7fb867f349eb 0x7fb867f34a00
+B+: 0x7fb867f34a08 0x7fb867f34a10
+B+: 0x7fb867f34af0 0x7fb867f34b11
+B+: 0x7fb867f34b12 0x7fb867f34b16
+B+: 0x7fb867f34b17 0x7fb867f34b1d
+B+: 0x7fb867f34b1e 0x7fb867f34b26
+B+: 0x7fb867f34b27 0x7fb867f34b34
+B+: 0x7fb867f34b35 0x7fb867f34b3c
+B+: 0x7fb867f34b3d 0x7fb867f34b49
+B+: 0x7fb867f34b4a 0x7fb867f34b5a
+B+: 0x7fb867f34b5b 0x7fb867f34b63
+B+: 0x7fb867f34b7f 0x7fb867f34b93
+B+: 0x7fb867f34b94 0x7fb867f34b9c
+B+: 0x7fb867f34be0 0x7fb867f34bf7
+B+: 0x7fb867f34bf8 0x7fb867f34c00
+B+: 0x7fb867f34c1b 0x7fb867f34c2b
+B+: 0x7fb867f34d40 0x7fb867f34d5e
+B+: 0x7fb867f34d5f 0x7fb867f34d6d
+B+: 0x7fb867f34d6e 0x7fb867f34d72
+B+: 0x7fb867f34d7d 0x7fb867f34d90
+B+: 0x7fb867f34d91 0x7fb867f34d95
+B+: 0x7fb867f34d96 0x7fb867f34d9a
+B+: 0x7fb867f34da0 0x7fb867f34da4
+B+: 0x7fb867f34dd5 0x7fb867f34dd9
+B+: 0x7fb867f34dda 0x7fb867f34dde
+B+: 0x7fb867f34df0 0x7fb867f34dfb
+B+: 0x7fb867f34dfc 0x7fb867f34e07
+B+: 0x7fb867f34e08 0x7fb867f34e10
+B+: 0x7fb867f34e2c 0x7fb867f34e30
+B+: 0x7fb867f34e31 0x7fb867f34e36
+B+: 0x7fb867f34e41 0x7fb867f34e45
+B+: 0x7fb867f34e46 0x7fb867f34e54
+B+: 0x7fb867f34e55 0x7fb867f34e5d
+B+: 0x7fb867f34e5e 0x7fb867f34e62
+B+: 0x7fb867f34e63 0x7fb867f34e74
+B+: 0x7fb867f34e78 0x7fb867f34e84
+B+: 0x7fb867f34ea0 0x7fb867f34ea4
+B+: 0x7fb867f34ef0 0x7fb867f34f03
+B+: 0x7fb867f34f40 0x7fb867f34f76
+B+: 0x7fb867f34f77 0x7fb867f34f82
+B+: 0x7fb867f34f83 0x7fb867f34f92
+B+: 0x7fb867f3501b 0x7fb867f35031
+B+: 0x7fb867f35032 0x7fb867f35040
+B+: 0x7fb867f35075 0x7fb867f350b8
+B+: 0x7fb867f350b9 0x7fb867f350c3
+B+: 0x7fb867f350c4 0x7fb867f350cc
+B+: 0x7fb867f350cd 0x7fb867f350d5
+B+: 0x7fb867f350d6 0x7fb867f350de
+B+: 0x7fb867f350df 0x7fb867f35106
+B+: 0x7fb867f35107 0x7fb867f35133
+B+: 0x7fb867f35578 0x7fb867f35581
+B+: 0x7fb867f35582 0x7fb867f355a8
+B+: 0x7fb867f355a9 0x7fb867f355b6
+B+: 0x7fb867f355d0 0x7fb867f355e0
+B+: 0x7fb867f355e1 0x7fb867f355ee
+B+: 0x7fb867f355ef 0x7fb867f355f3
+B+: 0x7fb867f35670 0x7fb867f3567e
+B+: 0x7fb867f3567f 0x7fb867f35683
+B+: 0x7fb867f35684 0x7fb867f35692
+B+: 0x7fb867f35693 0x7fb867f3569a
+B+: 0x7fb867f3569b 0x7fb867f356a2
+B+: 0x7fb867f356a3 0x7fb867f356b7
+B+: 0x7fb867f35790 0x7fb867f357bc
+B+: 0x7fb867f357bd 0x7fb867f357d4
+B+: 0x7fb867f357e0 0x7fb867f3583a
+B+: 0x7fb867f3583b 0x7fb867f35875
+B+: 0x7fb867f35876 0x7fb867f35893
+B+: 0x7fb867f35894 0x7fb867f358a3
+B+: 0x7fb867f358a4 0x7fb867f358b0
+B+: 0x7fb867f359b4 0x7fb867f359b8
+B+: 0x7fb867f359b9 0x7fb867f359cf
+B+: 0x7fb867f359d0 0x7fb867f359dc
+B+: 0x7fb867f359dd 0x7fb867f359ef
+B+: 0x7fb867f359f0 0x7fb867f359f7
+B+: 0x7fb867f35a01 0x7fb867f35a16
+B+: 0x7fb867f35a28 0x7fb867f35a3d
+B+: 0x7fb867f35a3e 0x7fb867f35a4d
+B+: 0x7fb867f35a79 0x7fb867f35a97
+B+: 0x7fb867f35a98 0x7fb867f35ac0
+B+: 0x7fb867f35ac1 0x7fb867f35acf
+B+: 0x7fb867f36148 0x7fb867f36154
+B+: 0x7fb867f36155 0x7fb867f36174
+B+: 0x7fb867f36175 0x7fb867f3617f
+B+: 0x7fb867f361ac 0x7fb867f361b0
+B+: 0x7fb867f361b1 0x7fb867f361b5
+B+: 0x7fb867f36a40 0x7fb867f36a64
+B+: 0x7fb867f36b10 0x7fb867f36b1a
+B+: 0x7fb867f36b40 0x7fb867f36b47
+B+: 0x7fb867f36b48 0x7fb867f36b51
+B+: 0x7fb867f36b58 0x7fb867f36b60
+B+: 0x7fb867f36b61 0x7fb867f36b6a
+B+: 0x7fb867f36b88 0x7fb867f36b8c
+B+: 0x7fb867f36b8d 0x7fb867f36b94
+B+: 0x7fb867f36ba0 0x7fb867f36ba4
+B+: 0x7fb867f36d00 0x7fb867f36d30
+B+: 0x7fb867f36e3f 0x7fb867f36e55
+B+: 0x7fb867f36e56 0x7fb867f36e67
+B+: 0x7fb867f371e0 0x7fb867f37222
+B+: 0x7fb867f37223 0x7fb867f37228
+B+: 0x7fb867f3724c 0x7fb867f37260
+B+: 0x7fb867f37261 0x7fb867f37269
+B+: 0x7fb867f37270 0x7fb867f37279
+B+: 0x7fb867f37288 0x7fb867f372a0
+B+: 0x7fb867f372a1 0x7fb867f372ba
+B+: 0x7fb867f372bb 0x7fb867f372bc
+B+: 0x7fb867f372d0 0x7fb867f372d8
+B+: 0x7fb867f372f8 0x7fb867f372f8
+B+: 0x7fb867f37300 0x7fb867f3730c
+B+: 0x7fb867f3733f 0x7fb867f37343
+B+: 0x7fb867f37380 0x7fb867f37384
+B+: 0x7fb867f373d0 0x7fb867f373e3
+B+: 0x7fb867f37400 0x7fb867f37400
+B+: 0x7fb867f37420 0x7fb867f3745b
+B+: 0x7fb867f37467 0x7fb867f37471
+B+: 0x7fb867f37472 0x7fb867f37489
+B+: 0x7fb867f3748a 0x7fb867f3748d
+B+: 0x7fb867f3748e 0x7fb867f37494
+B+: 0x7fb867f37495 0x7fb867f3749d
+B+: 0x7fb867f3749e 0x7fb867f374a9
+B+: 0x7fb867f374aa 0x7fb867f374c2
+B+: 0x7fb867f374c3 0x7fb867f374ce
+B+: 0x7fb867f374cf 0x7fb867f374e5
+B+: 0x7fb867f374e6 0x7fb867f374f5
+B+: 0x7fb867f37500 0x7fb867f3750e
+B+: 0x7fb867f3750f 0x7fb867f37513
+B+: 0x7fb867f37514 0x7fb867f3751e
+B+: 0x7fb867f37540 0x7fb867f37549
+B+: 0x7fb867f3754a 0x7fb867f3754e
+B+: 0x7fb867f3754f 0x7fb867f37560
+B+: 0x7fb867f37568 0x7fb867f37577
+B+: 0x7fb867f37580 0x7fb867f37589
+B+: 0x7fb867f375a8 0x7fb867f375bb
+B+: 0x7fb867f375c0 0x7fb867f375ce
+B+: 0x7fb867f375cf 0x7fb867f375dc
+B+: 0x7fb867f376f0 0x7fb867f376fd
+B+: 0x7fb867f377a0 0x7fb867f377a0
+B+: 0x7fb867f377b0 0x7fb867f377ba
+B+: 0x7fb867f377bb 0x7fb867f377ce
+B+: 0x7fb867f377cf 0x7fb867f377d8
+B+: 0x7fb867f377d9 0x7fb867f377e6
+B+: 0x7fb867f37800 0x7fb867f3782d
+B+: 0x7fb867f3782e 0x7fb867f37831
+B+: 0x7fb867f37832 0x7fb867f37847
+B+: 0x7fb867f37864 0x7fb867f3786b
+B+: 0x7fb867f3786c 0x7fb867f3786f
+B+: 0x7fb867f37870 0x7fb867f37876
+B+: 0x7fb867f37877 0x7fb867f3787b
+B+: 0x7fb867f3787c 0x7fb867f37886
+B+: 0x7fb867f37ae0 0x7fb867f37b01
+B+: 0x7fb867f37b02 0x7fb867f37b0a
+B+: 0x7fb867f37b0b 0x7fb867f37b14
+B+: 0x7fb867f37b15 0x7fb867f37b19
+B+: 0x7fb867f37c00 0x7fb867f37c19
+B+: 0x7fb867f37c51 0x7fb867f37c8e
+B+: 0x7fb867f37c8f 0x7fb867f37c9e
+B+: 0x7fb867f37c9f 0x7fb867f37ca6
+B+: 0x7fb867f37df0 0x7fb867f37dfb
+B+: 0x7fb867f37e20 0x7fb867f37e20
+B+: 0x7fb867f37e30 0x7fb867f37e38
+B+: 0x7fb867f39940 0x7fb867f3994b
+B+: 0x7fb867f3994c 0x7fb867f39957
+B+: 0x7fb867f39958 0x7fb867f39964
+B+: 0x7fb867f39965 0x7fb867f39969
+B+: 0x7fb867f3996a 0x7fb867f3996f
+B+: 0x7fb867f39970 0x7fb867f39976
+B+: 0x7fb867f39980 0x7fb867f39987
+B+: 0x7fb867f39988 0x7fb867f3998c
+B+: 0x7fb867f3998d 0x7fb867f3999b
+B+: 0x7fb867f3999c 0x7fb867f399a0
+B+: 0x7fb867f399a1 0x7fb867f399a8
+B+: 0x7fb867f399a9 0x7fb867f399ad
+B+: 0x7fb867f399ae 0x7fb867f399b8
+B+: 0x7fb867f399b9 0x7fb867f399b9
+B+: 0x7fb867f399c0 0x7fb867f399c5
+B+: 0x7fb867f399c6 0x7fb867f399c9
+B+: 0x7fb867f399d0 0x7fb867f399d0
+B+: 0x7fb867f399d1 0x7fb867f399d5
+B+: 0x7fb867f399d6 0x7fb867f399d9
+B+: 0x7fb867f399e0 0x7fb867f399ff
+B+: 0x7fb867f39a00 0x7fb867f39a11
+B+: 0x7fb867f39a12 0x7fb867f39a16
+B+: 0x7fb867f39a20 0x7fb867f39a22
+B+: 0x7fb867f39a23 0x7fb867f39a2f
+B+: 0x7fb867f39a30 0x7fb867f39a33
+B+: 0x7fb867f39a34 0x7fb867f39a5d
+B+: 0x7fb867f39a5e 0x7fb867f39a62
+B+: 0x7fb867f39a63 0x7fb867f39a82
+B+: 0x7fb867f39ac0 0x7fb867f39ade
+B+: 0x7fb867f39adf 0x7fb867f39ae3
+B+: 0x7fb867f39ae4 0x7fb867f39ae8
+B+: 0x7fb867f39af0 0x7fb867f39af2
+B+: 0x7fb867f39af3 0x7fb867f39aff
+B+: 0x7fb867f39b00 0x7fb867f39b03
+B+: 0x7fb867f39b04 0x7fb867f39b3e
+B+: 0x7fb867f39b3f 0x7fb867f39b49
+B+: 0x7fb867f39b4a 0x7fb867f39b57
+B+: 0x7fb867f39b58 0x7fb867f39b5d
+B+: 0x7fb867f39b5e 0x7fb867f39b66
+B+: 0x7fb867f39b67 0x7fb867f39b70
+B+: 0x7fb867f39b71 0x7fb867f39b7a
+B+: 0x7fb867f39b7b 0x7fb867f39b9a
+B+: 0x7fb867f39b9b 0x7fb867f39ba3
+B+: 0x7fb867f39ba4 0x7fb867f39bbd
+B+: 0x7fb867f39bc0 0x7fb867f39bc5
+B+: 0x7fb867f39bc6 0x7fb867f39bcf
+B+: 0x7fb867f39bd0 0x7fb867f39bd9
+B+: 0x7fb867f39bda 0x7fb867f39bf7
+B+: 0x7fb867f39c08 0x7fb867f39c14
+B+: 0x7fb867f39c15 0x7fb867f39c1b
+B+: 0x7fb867f39c1c 0x7fb867f39c29
+B+: 0x7fb867f39cb0 0x7fb867f39cca
+B+: 0x7fb867f39ccb 0x7fb867f39cda
+B+: 0x7fb867f39cdb 0x7fb867f39ce6
+B+: 0x7fb867f39ce7 0x7fb867f39cef
+B+: 0x7fb867f39cf0 0x7fb867f39cf4
+B+: 0x7fb867f39cf5 0x7fb867f39cfc
+B+: 0x7fb867f39cfd 0x7fb867f39d10
+B+: 0x7fb867f39d11 0x7fb867f39d21
+B+: 0x7fb867f39d22 0x7fb867f39d26
+B+: 0x7fb867f39d27 0x7fb867f39d38
+B+: 0x7fb867f39d39 0x7fb867f39d4b
+B+: 0x7fb867f39d4c 0x7fb867f39d54
+B+: 0x7fb867f39d55 0x7fb867f39d5e
+B+: 0x7fb867f39d5f 0x7fb867f39d6d
+B+: 0x7fb867f39ea0 0x7fb867f39eb6
+B+: 0x7fb867f39eb7 0x7fb867f39ebb
+B+: 0x7fb867f39ebc 0x7fb867f39ec0
+B+: 0x7fb867f39ec8 0x7fb867f39ecb
+B+: 0x7fb867f39ecc 0x7fb867f39ed9
+B+: 0x7fb867f39eda 0x7fb867f39edd
+B+: 0x7fb867f39ede 0x7fb867f39f06
+B+: 0x7fb867f39f07 0x7fb867f39f10
+B+: 0x7fb867f39f11 0x7fb867f39f16
+B+: 0x7fb867f39f17 0x7fb867f39f24
+B+: 0x7fb867f39f25 0x7fb867f39f2d
+B+: 0x7fb867f3a440 0x7fb867f3a46b
+B+: 0x7fb867f3a46c 0x7fb867f3a470
+B+: 0x7fb867f3a471 0x7fb867f3a475
+B+: 0x7fb867f3a536 0x7fb867f3a53e
+B+: 0x7fb867f3a53f 0x7fb867f3a548
+B+: 0x7fb867f3a549 0x7fb867f3a551
+B+: 0x7fb867f3a5d0 0x7fb867f3a5e4
+B+: 0x7fb867f3a5e5 0x7fb867f3a606
+B+: 0x7fb867f3a607 0x7fb867f3a610
+B+: 0x7fb867f3a611 0x7fb867f3a618
+B+: 0x7fb867f3a640 0x7fb867f3a648
+B+: 0x7fb867f3a649 0x7fb867f3a656
+B+: 0x7fb867f3a657 0x7fb867f3a65f
+B+: 0x7fb867f3a660 0x7fb867f3a661
+B+: 0x7fb867f3a760 0x7fb867f3a7aa
+B+: 0x7fb867f3a7ab 0x7fb867f3a7af
+B+: 0x7fb867f3a7b0 0x7fb867f3a7be
+B+: 0x7fb867f3a7c8 0x7fb867f3a7d3
+B+: 0x7fb867f3a7d4 0x7fb867f3a7d8
+B+: 0x7fb867f3a7d9 0x7fb867f3a7e0
+B+: 0x7fb867f3a7e1 0x7fb867f3a7e5
+B+: 0x7fb867f3a7e6 0x7fb867f3a7f3
+B+: 0x7fb867f3a7f4 0x7fb867f3a7fb
+B+: 0x7fb867f3a800 0x7fb867f3a810
+B+: 0x7fb867f3a811 0x7fb867f3a815
+B+: 0x7fb867f3a816 0x7fb867f3a832
+B+: 0x7fb867f3a833 0x7fb867f3a843
+B+: 0x7fb867f3a844 0x7fb867f3a84f
+B+: 0x7fb867f3a850 0x7fb867f3a857
+B+: 0x7fb867f3a858 0x7fb867f3a85c
+B+: 0x7fb867f3a85d 0x7fb867f3a868
+B+: 0x7fb867f3a869 0x7fb867f3a87b
+B+: 0x7fb867f3a87c 0x7fb867f3a884
+B+: 0x7fb867f3a888 0x7fb867f3a897
+B+: 0x7fb867f3a898 0x7fb867f3a89b
+B+: 0x7fb867f3a89c 0x7fb867f3a8b4
+B+: 0x7fb867f3a8b5 0x7fb867f3a8b8
+B+: 0x7fb867f3a8b9 0x7fb867f3a8c6
+B+: 0x7fb867f3a8c7 0x7fb867f3a8d5
+B+: 0x7fb867f3adc0 0x7fb867f3adec
+B+: 0x7fb867f3aded 0x7fb867f3adf2
+B+: 0x7fb867f3adf3 0x7fb867f3ae04
+B+: 0x7fb867f3ae05 0x7fb867f3ae0d
+B+: 0x7fb867f3ae0e 0x7fb867f3ae1c
+CND+ 0x7fb867f2900e: taken
+CND+ 0x7fb867f295ea: not taken
+CND+ 0x7fb867f29626: not taken
+CND+ 0x7fb867f2963b: taken
+CND+ 0x7fb867f29673: not taken
+CND+ 0x7fb867f29687: not taken
+CND+ 0x7fb867f29695: not taken
+CND+ 0x7fb867f297e2: taken
+CND+ 0x7fb867f29862: not taken
+CND+ 0x7fb867f2987c: both
+CND+ 0x7fb867f298a9: not taken
+CND+ 0x7fb867f29a5d: not taken
+CND+ 0x7fb867f29a62: taken
+CND+ 0x7fb867f2a6e6: not taken
+CND+ 0x7fb867f2a704: taken
+CND+ 0x7fb867f2a71a: not taken
+CND+ 0x7fb867f2a71f: taken
+CND+ 0x7fb867f2a72f: taken
+CND+ 0x7fb867f2a74c: not taken
+CND+ 0x7fb867f2a756: not taken
+CND+ 0x7fb867f2a78f: not taken
+CND+ 0x7fb867f2a79b: taken
+CND+ 0x7fb867f2b079: taken
+CND+ 0x7fb867f2b11b: not taken
+CND+ 0x7fb867f2b149: not taken
+CND+ 0x7fb867f2b158: not taken
+CND+ 0x7fb867f2b190: not taken
+CND+ 0x7fb867f2b1ce: taken
+CND+ 0x7fb867f2bc20: not taken
+CND+ 0x7fb867f2bc2d: taken
+CND+ 0x7fb867f2bc48: not taken
+CND+ 0x7fb867f2bc5f: both
+CND+ 0x7fb867f2bc88: not taken
+CND+ 0x7fb867f2bed2: taken
+CND+ 0x7fb867f2bf55: not taken
+CND+ 0x7fb867f2bf7e: not taken
+CND+ 0x7fb867f2bf8a: not taken
+CND+ 0x7fb867f2bf93: both
+CND+ 0x7fb867f2bfc4: not taken
+CND+ 0x7fb867f2bfe2: both
+CND+ 0x7fb867f2bffb: taken
+CND+ 0x7fb867f2c05a: taken
+CND+ 0x7fb867f2c0af: not taken
+CND+ 0x7fb867f2c0b8: taken
+CND+ 0x7fb867f2c0e0: taken
+CND+ 0x7fb867f2c116: not taken
+CND+ 0x7fb867f2c15a: not taken
+CND+ 0x7fb867f2c163: taken
+CND+ 0x7fb867f2c21b: taken
+CND+ 0x7fb867f2c24a: taken
+CND+ 0x7fb867f2c27c: not taken
+CND+ 0x7fb867f2c36a: taken
+CND+ 0x7fb867f2c520: not taken
+CND+ 0x7fb867f2c529: not taken
+CND+ 0x7fb867f2c532: taken
+CND+ 0x7fb867f2c8eb: not taken
+CND+ 0x7fb867f2c906: both
+CND+ 0x7fb867f2c93d: not taken
+CND+ 0x7fb867f2c985: both
+CND+ 0x7fb867f2c9f6: taken
+CND+ 0x7fb867f2ca20: both
+CND+ 0x7fb867f2ca29: not taken
+CND+ 0x7fb867f2ca33: not taken
+CND+ 0x7fb867f2cae4: not taken
+CND+ 0x7fb867f2cafb: taken
+CND+ 0x7fb867f2cb2a: both
+CND+ 0x7fb867f2cb30: both
+CND+ 0x7fb867f2cb40: taken
+CND+ 0x7fb867f2cb60: not taken
+CND+ 0x7fb867f2cb96: not taken
+CND+ 0x7fb867f2cbe5: taken
+CND+ 0x7fb867f2cda0: not taken
+CND+ 0x7fb867f2cda9: not taken
+CND+ 0x7fb867f2cdc8: both
+CND+ 0x7fb867f2cdd0: both
+CND+ 0x7fb867f2ce2e: taken
+CND+ 0x7fb867f2ce57: not taken
+CND+ 0x7fb867f2ceac: taken
+CND+ 0x7fb867f2ced8: taken
+CND+ 0x7fb867f2cfa3: not taken
+CND+ 0x7fb867f2cfc0: taken
+CND+ 0x7fb867f2d019: not taken
+CND+ 0x7fb867f2d065: not taken
+CND+ 0x7fb867f2d06f: not taken
+CND+ 0x7fb867f2d089: both
+CND+ 0x7fb867f2d09d: not taken
+CND+ 0x7fb867f2d0ab: taken
+CND+ 0x7fb867f2d14c: not taken
+CND+ 0x7fb867f2d156: taken
+CND+ 0x7fb867f2d1cc: taken
+CND+ 0x7fb867f2d1ee: taken
+CND+ 0x7fb867f2d811: both
+CND+ 0x7fb867f2d81b: not taken
+CND+ 0x7fb867f2d81f: not taken
+CND+ 0x7fb867f2d839: taken
+CND+ 0x7fb867f2d859: taken
+CND+ 0x7fb867f2d861: taken
+CND+ 0x7fb867f2e45f: taken
+CND+ 0x7fb867f2e626: not taken
+CND+ 0x7fb867f2e6ca: taken
+CND+ 0x7fb867f2e762: taken
+CND+ 0x7fb867f2f2a4: taken
+CND+ 0x7fb867f2f2bd: not taken
+CND+ 0x7fb867f2f2cd: not taken
+CND+ 0x7fb867f2f30f: taken
+CND+ 0x7fb867f2f327: taken
+CND+ 0x7fb867f2f33a: not taken
+CND+ 0x7fb867f2f343: taken
+CND+ 0x7fb867f2f381: not taken
+CND+ 0x7fb867f2f3d6: taken
+CND+ 0x7fb867f2f3e7: taken
+CND+ 0x7fb867f2f895: not taken
+CND+ 0x7fb867f2f8a8: not taken
+CND+ 0x7fb867f2f8d2: not taken
+CND+ 0x7fb867f2f907: not taken
+CND+ 0x7fb867f2f942: taken
+CND+ 0x7fb867f2f953: not taken
+CND+ 0x7fb867f2f963: taken
+CND+ 0x7fb867f2fa7b: not taken
+CND+ 0x7fb867f2fdbc: both
+CND+ 0x7fb867f2fdc9: both
+CND+ 0x7fb867f2fe03: not taken
+CND+ 0x7fb867f2fe0d: not taken
+CND+ 0x7fb867f2fe18: taken
+CND+ 0x7fb867f301a1: not taken
+CND+ 0x7fb867f301ab: not taken
+CND+ 0x7fb867f301e4: taken
+CND+ 0x7fb867f301f2: taken
+CND+ 0x7fb867f3020a: not taken
+CND+ 0x7fb867f30225: not taken
+CND+ 0x7fb867f3022f: not taken
+CND+ 0x7fb867f30247: taken
+CND+ 0x7fb867f30533: taken
+CND+ 0x7fb867f30582: taken
+CND+ 0x7fb867f30655: taken
+CND+ 0x7fb867f30698: taken
+CND+ 0x7fb867f30703: not taken
+CND+ 0x7fb867f3070c: taken
+CND+ 0x7fb867f30725: not taken
+CND+ 0x7fb867f30742: not taken
+CND+ 0x7fb867f3075a: not taken
+CND+ 0x7fb867f30765: not taken
+CND+ 0x7fb867f30792: not taken
+CND+ 0x7fb867f30797: taken
+CND+ 0x7fb867f307a9: taken
+CND+ 0x7fb867f307ad: not taken
+CND+ 0x7fb867f307bc: taken
+CND+ 0x7fb867f307ce: taken
+CND+ 0x7fb867f30848: taken
+CND+ 0x7fb867f30889: not taken
+CND+ 0x7fb867f3089b: not taken
+CND+ 0x7fb867f308a8: taken
+CND+ 0x7fb867f30c2f: not taken
+CND+ 0x7fb867f30c57: taken
+CND+ 0x7fb867f30c65: not taken
+CND+ 0x7fb867f30c6e: taken
+CND+ 0x7fb867f30c86: not taken
+CND+ 0x7fb867f30cae: taken
+CND+ 0x7fb867f31366: taken
+CND+ 0x7fb867f319d6: taken
+CND+ 0x7fb867f31a31: not taken
+CND+ 0x7fb867f31a51: taken
+CND+ 0x7fb867f31aad: not taken
+CND+ 0x7fb867f31ab5: taken
+CND+ 0x7fb867f31b00: taken
+CND+ 0x7fb867f31b5a: not taken
+CND+ 0x7fb867f31b62: not taken
+CND+ 0x7fb867f31b6b: not taken
+CND+ 0x7fb867f31b75: not taken
+CND+ 0x7fb867f31b7f: taken
+CND+ 0x7fb867f31b9b: taken
+CND+ 0x7fb867f31c3c: taken
+CND+ 0x7fb867f31ed9: not taken
+CND+ 0x7fb867f31ee6: not taken
+CND+ 0x7fb867f31f01: not taken
+CND+ 0x7fb867f31f1a: not taken
+CND+ 0x7fb867f31f20: not taken
+CND+ 0x7fb867f31f26: taken
+CND+ 0x7fb867f3276c: not taken
+CND+ 0x7fb867f3278c: not taken
+CND+ 0x7fb867f327d8: both
+CND+ 0x7fb867f327e1: taken
+CND+ 0x7fb867f32806: not taken
+CND+ 0x7fb867f32840: not taken
+CND+ 0x7fb867f3284a: not taken
+CND+ 0x7fb867f32965: both
+CND+ 0x7fb867f32989: not taken
+CND+ 0x7fb867f329b2: not taken
+CND+ 0x7fb867f329bc: not taken
+CND+ 0x7fb867f329e3: not taken
+CND+ 0x7fb867f32a13: taken
+CND+ 0x7fb867f32afd: not taken
+CND+ 0x7fb867f32b1a: not taken
+CND+ 0x7fb867f32b61: taken
+CND+ 0x7fb867f33711: not taken
+CND+ 0x7fb867f3371d: not taken
+CND+ 0x7fb867f33722: not taken
+CND+ 0x7fb867f33748: not taken
+CND+ 0x7fb867f3374c: not taken
+CND+ 0x7fb867f3375f: not taken
+CND+ 0x7fb867f337a4: not taken
+CND+ 0x7fb867f338f3: both
+CND+ 0x7fb867f3390f: both
+CND+ 0x7fb867f33911: not taken
+CND+ 0x7fb867f3391a: taken
+CND+ 0x7fb867f33a92: not taken
+CND+ 0x7fb867f33aba: not taken
+CND+ 0x7fb867f33ad5: both
+CND+ 0x7fb867f33ade: taken
+CND+ 0x7fb867f33af7: not taken
+CND+ 0x7fb867f33b01: not taken
+CND+ 0x7fb867f33b05: not taken
+CND+ 0x7fb867f33b19: taken
+CND+ 0x7fb867f33c50: not taken
+CND+ 0x7fb867f33c62: taken
+CND+ 0x7fb867f33db1: not taken
+CND+ 0x7fb867f33dea: both
+CND+ 0x7fb867f33e13: not taken
+CND+ 0x7fb867f33e20: taken
+CND+ 0x7fb867f33e2d: not taken
+CND+ 0x7fb867f33e43: not taken
+CND+ 0x7fb867f33e4f: both
+CND+ 0x7fb867f33e58: not taken
+CND+ 0x7fb867f33e72: taken
+CND+ 0x7fb867f33ee7: taken
+CND+ 0x7fb867f3475d: both
+CND+ 0x7fb867f3476f: not taken
+CND+ 0x7fb867f34782: both
+CND+ 0x7fb867f34787: both
+CND+ 0x7fb867f34795: both
+CND+ 0x7fb867f348b1: not taken
+CND+ 0x7fb867f348dc: not taken
+CND+ 0x7fb867f348ea: not taken
+CND+ 0x7fb867f348ec: both
+CND+ 0x7fb867f348f5: not taken
+CND+ 0x7fb867f348fb: taken
+CND+ 0x7fb867f34943: not taken
+CND+ 0x7fb867f3494c: taken
+CND+ 0x7fb867f34983: not taken
+CND+ 0x7fb867f34989: both
+CND+ 0x7fb867f34990: not taken
+CND+ 0x7fb867f349ab: taken
+CND+ 0x7fb867f34a0b: taken
+CND+ 0x7fb867f34b10: both
+CND+ 0x7fb867f34b1c: not taken
+CND+ 0x7fb867f34b21: both
+CND+ 0x7fb867f34b2f: not taken
+CND+ 0x7fb867f34b37: both
+CND+ 0x7fb867f34b44: both
+CND+ 0x7fb867f34b5e: taken
+CND+ 0x7fb867f34b92: both
+CND+ 0x7fb867f34b9b: taken
+CND+ 0x7fb867f34bfb: taken
+CND+ 0x7fb867f34d68: both
+CND+ 0x7fb867f34d71: taken
+CND+ 0x7fb867f34d8b: not taken
+CND+ 0x7fb867f34da3: taken
+CND+ 0x7fb867f34ddd: taken
+CND+ 0x7fb867f34e02: not taken
+CND+ 0x7fb867f34e0b: taken
+CND+ 0x7fb867f34e2f: not taken
+CND+ 0x7fb867f34e35: taken
+CND+ 0x7fb867f34e4f: not taken
+CND+ 0x7fb867f34e58: both
+CND+ 0x7fb867f34f7d: not taken
+CND+ 0x7fb867f3502c: not taken
+CND+ 0x7fb867f350c7: not taken
+CND+ 0x7fb867f350d0: both
+CND+ 0x7fb867f350d9: not taken
+CND+ 0x7fb867f355a7: both
+CND+ 0x7fb867f355ed: not taken
+CND+ 0x7fb867f355f2: taken
+CND+ 0x7fb867f35682: not taken
+CND+ 0x7fb867f356a1: not taken
+CND+ 0x7fb867f357bb: not taken
+CND+ 0x7fb867f35835: not taken
+CND+ 0x7fb867f35870: not taken
+CND+ 0x7fb867f3588e: not taken
+CND+ 0x7fb867f3589e: not taken
+CND+ 0x7fb867f359ca: both
+CND+ 0x7fb867f359ea: taken
+CND+ 0x7fb867f359f6: taken
+CND+ 0x7fb867f35a15: taken
+CND+ 0x7fb867f35a38: not taken
+CND+ 0x7fb867f35a48: taken
+CND+ 0x7fb867f35abb: not taken
+CND+ 0x7fb867f3614f: not taken
+CND+ 0x7fb867f3616f: not taken
+CND+ 0x7fb867f3617e: taken
+CND+ 0x7fb867f36a5f: taken
+CND+ 0x7fb867f36b46: not taken
+CND+ 0x7fb867f36b50: taken
+CND+ 0x7fb867f36b69: taken
+CND+ 0x7fb867f36b93: taken
+CND+ 0x7fb867f36d2b: taken
+CND+ 0x7fb867f36e50: not taken
+CND+ 0x7fb867f37227: taken
+CND+ 0x7fb867f3725f: not taken
+CND+ 0x7fb867f37278: taken
+CND+ 0x7fb867f372b9: not taken
+CND+ 0x7fb867f372d7: taken
+CND+ 0x7fb867f3730b: taken
+CND+ 0x7fb867f37383: taken
+CND+ 0x7fb867f373e2: taken
+CND+ 0x7fb867f37456: taken
+CND+ 0x7fb867f37488: both
+CND+ 0x7fb867f3748c: not taken
+CND+ 0x7fb867f37493: not taken
+CND+ 0x7fb867f37498: both
+CND+ 0x7fb867f374e0: not taken
+CND+ 0x7fb867f37512: not taken
+CND+ 0x7fb867f37519: taken
+CND+ 0x7fb867f37548: not taken
+CND+ 0x7fb867f3754d: not taken
+CND+ 0x7fb867f375c9: not taken
+CND+ 0x7fb867f375d7: taken
+CND+ 0x7fb867f376f8: taken
+CND+ 0x7fb867f377b9: not taken
+CND+ 0x7fb867f37830: not taken
+CND+ 0x7fb867f37846: taken
+CND+ 0x7fb867f3786e: not taken
+CND+ 0x7fb867f37b09: not taken
+CND+ 0x7fb867f37b13: not taken
+CND+ 0x7fb867f37c18: taken
+CND+ 0x7fb867f37c9d: not taken
+CND+ 0x7fb867f37dfa: taken
+CND+ 0x7fb867f39946: both
+CND+ 0x7fb867f39963: both
+CND+ 0x7fb867f39968: not taken
+CND+ 0x7fb867f3996e: not taken
+CND+ 0x7fb867f39986: not taken
+CND+ 0x7fb867f3998b: both
+CND+ 0x7fb867f3999a: both
+CND+ 0x7fb867f3999f: both
+CND+ 0x7fb867f399ac: both
+CND+ 0x7fb867f399b7: both
+CND+ 0x7fb867f399c4: not taken
+CND+ 0x7fb867f39a10: not taken
+CND+ 0x7fb867f39a15: taken
+CND+ 0x7fb867f39a2e: both
+CND+ 0x7fb867f39a32: both
+CND+ 0x7fb867f39a5c: both
+CND+ 0x7fb867f39add: not taken
+CND+ 0x7fb867f39ae2: not taken
+CND+ 0x7fb867f39afe: not taken
+CND+ 0x7fb867f39b02: both
+CND+ 0x7fb867f39b48: both
+CND+ 0x7fb867f39b52: not taken
+CND+ 0x7fb867f39b5c: not taken
+CND+ 0x7fb867f39b65: both
+CND+ 0x7fb867f39b6b: taken
+CND+ 0x7fb867f39b75: not taken
+CND+ 0x7fb867f39b95: not taken
+CND+ 0x7fb867f39ba2: not taken
+CND+ 0x7fb867f39bc4: not taken
+CND+ 0x7fb867f39bce: not taken
+CND+ 0x7fb867f39bf6: taken
+CND+ 0x7fb867f39c24: taken
+CND+ 0x7fb867f39ce1: not taken
+CND+ 0x7fb867f39cea: not taken
+CND+ 0x7fb867f39cf3: not taken
+CND+ 0x7fb867f39d25: not taken
+CND+ 0x7fb867f39d53: not taken
+CND+ 0x7fb867f39d5d: not taken
+CND+ 0x7fb867f39eb5: not taken
+CND+ 0x7fb867f39eba: not taken
+CND+ 0x7fb867f39ed8: both
+CND+ 0x7fb867f39edc: taken
+CND+ 0x7fb867f39f0f: not taken
+CND+ 0x7fb867f39f15: not taken
+CND+ 0x7fb867f3a46f: not taken
+CND+ 0x7fb867f3a53d: not taken
+CND+ 0x7fb867f3a547: not taken
+CND+ 0x7fb867f3a605: not taken
+CND+ 0x7fb867f3a60f: not taken
+CND+ 0x7fb867f3a647: not taken
+CND+ 0x7fb867f3a65e: not taken
+CND+ 0x7fb867f3a7bd: taken
+CND+ 0x7fb867f3a7d2: taken
+CND+ 0x7fb867f3a7df: not taken
+CND+ 0x7fb867f3a7e4: both
+CND+ 0x7fb867f3a7fa: taken
+CND+ 0x7fb867f3a856: not taken
+CND+ 0x7fb867f3a85b: taken
+CND+ 0x7fb867f3a87a: not taken
+CND+ 0x7fb867f3a89a: not taken
+CND+ 0x7fb867f3a8b7: not taken
+CND+ 0x7fb867f3a8c5: not taken
+CND+ 0x7fb867f3a8d4: taken
+CND+ 0x7fb867f3adf1: not taken
+CND+ 0x7fb867f3ae0c: not taken
@0x7fb867f3755f to 0x7fb867f37580 1
@0x7fb867f3755f to 0x7fb867f375c0 1
@0x7fb867f3755f to 0x7fb867f375a8 2
@0x7fb867f358af to 0x7fb867f35a01 180
@0x7fb867f358af to 0x7fb867f359f0 10
@0x7fb867f358af to 0x7fb867f35a28 1
@0x7fb867f39c19 to 0x7fb867f2d7d0 1
@0x7fb867f39c19 to 0x7fb867f34120 1
@0x7fb867f29050 to 0x7fb86ba62a30 4
@0x7fb867f29080 to 0x7fb86ba02330 2
@0x7fb867f29090 to 0x7fb86baa4710 1
@0x7fb867f290a0 to 0x7fb86ba7ae70 5
@0x7fb867f290d0 to 0x7fb86ba15a20 7
@0x7fb867f290f0 to 0x7fb86bb39800 4
@0x7fb867f29130 to 0x7fb86baa51e0 1
@0x7fb867f29140 to 0x7fb86ba19c10 1
@0x7fb867f29150 to 0x7fb86bac7800 4
@0x7fb867f29160 to 0x7fb86baa4230 1
@0x7fb867f29190 to 0x7fb86bb39bc0 8
@0x7fb867f291c0 to 0x7fb86baa5200 1
@0x7fb867f291e0 to 0x7fb86bb395d0 1
@0x7fb867f29220 to 0x7fb86baa5210 2
@0x7fb867f29230 to 0x7fb86bac8b10 1
@0x7fb867f2b16e to 0x7fb867f2b1c0 1
@0x7fb867f29280 to 0x7fb86bb34d10 11
@0x7fb867f292a0 to 0x7fb86ba15450 4
@0x7fb867f2b1ac to 0x7fb867f2be90 1
@0x7fb867f292d0 to 0x7fb86bb35100 9
@0x7fb867f29320 to 0x7fb86ba160f0 4
@0x7fb867f29330 to 0x7fb86bb3a100 6
@0x7fb867f29350 to 0x7fb86baa5220 1
@0x7fb867f29370 to 0x7fb86bac7800 2
@0x7fb867f29390 to 0x7fb86ba623e0 23
@0x7fb867f293b0 to 0x7fb86baa5230 1
@0x7fb867f293c0 to 0x7fb86bb34e90 22
@0x7fb867f293e0 to 0x7fb86bae5ba0 1
@0x7fb867f29410 to 0x7fb86ba62c80 1
@0x7fb867f29460 to 0x7fb86bb3a0e0 13
@0x7fb867f29510 to 0x7fb86baa51f0 1
@0x7fb867f29560 to 0x7fb86baa44e0 1
@0x7fb867f29570 to 0x7fb86ba0e580 191
@0x7fb867f34f91 to 0x7fb867f35075 1
@0x7fb867f29784 to 0x7fb86ba01fb0 1
@0x7fb867f3ae01 to 0x7fb867f29840 1
