MODULE_NAME: /usr/bin/gs
MODULE_START: 0x7f95e0a22000
+B+: 0x7f95e0a23000 0x7f95e0a2300f
+B+: 0x7f95e0a23012 0x7f95e0a23016
+B+: 0x7f95e0a23020 0x7f95e0a2302b
+B+: 0x7f95e0a23030 0x7f95e0a23035
+B+: 0x7f95e0a23036 0x7f95e0a2303f
+B+: 0x7f95e0a23040 0x7f95e0a23045
+B+: 0x7f95e0a23046 0x7f95e0a2304f
+B+: 0x7f95e0a23050 0x7f95e0a23055
+B+: 0x7f95e0a23056 0x7f95e0a2305f
+B+: 0x7f95e0a230b0 0x7f95e0a230b5
+B+: 0x7f95e0a230b6 0x7f95e0a230bf
+B+: 0x7f95e0a230c0 0x7f95e0a230c5
+B+: 0x7f95e0a230c6 0x7f95e0a230cf
+B+: 0x7f95e0a230e0 0x7f95e0a230e5
+B+: 0x7f95e0a230f0 0x7f95e0a23121
+B+: 0x7f95e0a23122 0x7f95e0a23127
+B+: 0x7f95e0a23128 0x7f95e0a23130
+B+: 0x7f95e0a23131 0x7f95e0a23132
+B+: 0x7f95e0a23133 0x7f95e0a23137
+B+: 0x7f95e0a2313d 0x7f95e0a23152
+B+: 0x7f95e0a23153 0x7f95e0a2315b
+B+: 0x7f95e0a23178 0x7f95e0a23183
+B+: 0x7f95e0a23184 0x7f95e0a231a2
+B+: 0x7f95e0a231a3 0x7f95e0a231b1
+B+: 0x7f95e0a231b2 0x7f95e0a231b7
+B+: 0x7f95e0a231b8 0x7f95e0a231c1
+B+: 0x7f95e0a231c2 0x7f95e0a231c5
+B+: 0x7f95e0a231c6 0x7f95e0a231ca
+B+: 0x7f95e0a231cb 0x7f95e0a231d6
+B+: 0x7f95e0a231d7 0x7f95e0a231db
+B+: 0x7f95e0a231dc 0x7f95e0a231e0
+B+: 0x7f95e0a23213 0x7f95e0a23216
+B+: 0x7f95e0a23220 0x7f95e0a23249
+B+: 0x7f95e0a23250 0x7f95e0a23262
+B+: 0x7f95e0a23278 0x7f95e0a23278
+B+: 0x7f95e0a23280 0x7f95e0a232a3
+B+: 0x7f95e0a232b8 0x7f95e0a232b8
+B+: 0x7f95e0a232c0 0x7f95e0a232c8
+B+: 0x7f95e0a232c9 0x7f95e0a232d6
+B+: 0x7f95e0a232d7 0x7f95e0a232e2
+B+: 0x7f95e0a232e3 0x7f95e0a232e7
+B+: 0x7f95e0a232e8 0x7f95e0a232f0
+B+: 0x7f95e0a23300 0x7f95e0a23304
+B+: 0x7f95e0a233c0 0x7f95e0a233ec
+B+: 0x7f95e0a233ed 0x7f95e0a233f2
+B+: 0x7f95e0a233f3 0x7f95e0a23404
+B+: 0x7f95e0a23405 0x7f95e0a2340d
+B+: 0x7f95e0a2340e 0x7f95e0a2341c
+B+: 0x7f95e0a23424 0x7f95e0a2342c
+CND+ 0x7f95e0a2300e: taken
+CND+ 0x7f95e0a23126: taken
+CND+ 0x7f95e0a2312b: not taken
+CND+ 0x7f95e0a23131: not taken
+CND+ 0x7f95e0a23136: taken
+CND+ 0x7f95e0a2314d: not taken
+CND+ 0x7f95e0a231b6: not taken
+CND+ 0x7f95e0a231c4: not taken
+CND+ 0x7f95e0a231c9: taken
+CND+ 0x7f95e0a231df: taken
+CND+ 0x7f95e0a23261: taken
+CND+ 0x7f95e0a232a2: taken
+CND+ 0x7f95e0a232c7: not taken
+CND+ 0x7f95e0a232d5: not taken
+CND+ 0x7f95e0a233f1: not taken
+CND+ 0x7f95e0a2340c: not taken
@0x7f95e0a23401 to 0x7f95e0a23300 1
@0x7f95e0a23026 to 0x7f95e4a12500 5
@0x7f95e0a23030 to 0x7f95e0a23036 1
@0x7f95e0a23040 to 0x7f95e0a23046 1
@0x7f95e0a23050 to 0x7f95e0a23056 1
@0x7f95e0a230b0 to 0x7f95e0a230b6 1
@0x7f95e0a230c0 to 0x7f95e0a230c6 1
@0x7f95e0a230e0 to 0x7f95e35781c0 1
@0x7f95e0a23244 to 0x7f95e3561fb0 1
