MODULE_NAME: /usr/bin/gs
MODULE_START: 0x7f2bb8695000
+B+: 0x7f2bb8696000 0x7f2bb869600f
+B+: 0x7f2bb8696012 0x7f2bb8696016
+B+: 0x7f2bb8696020 0x7f2bb869602b
+B+: 0x7f2bb8696030 0x7f2bb8696035
+B+: 0x7f2bb8696036 0x7f2bb869603f
+B+: 0x7f2bb8696040 0x7f2bb8696045
+B+: 0x7f2bb8696046 0x7f2bb869604f
+B+: 0x7f2bb8696050 0x7f2bb8696055
+B+: 0x7f2bb8696056 0x7f2bb869605f
+B+: 0x7f2bb86960b0 0x7f2bb86960b5
+B+: 0x7f2bb86960b6 0x7f2bb86960bf
+B+: 0x7f2bb86960c0 0x7f2bb86960c5
+B+: 0x7f2bb86960c6 0x7f2bb86960cf
+B+: 0x7f2bb86960e0 0x7f2bb86960e5
+B+: 0x7f2bb86960f0 0x7f2bb8696121
+B+: 0x7f2bb8696122 0x7f2bb8696127
+B+: 0x7f2bb8696128 0x7f2bb8696130
+B+: 0x7f2bb8696131 0x7f2bb8696132
+B+: 0x7f2bb8696133 0x7f2bb8696137
+B+: 0x7f2bb869613d 0x7f2bb8696152
+B+: 0x7f2bb8696153 0x7f2bb869615b
+B+: 0x7f2bb8696178 0x7f2bb8696183
+B+: 0x7f2bb8696184 0x7f2bb86961a2
+B+: 0x7f2bb86961a3 0x7f2bb86961b1
+B+: 0x7f2bb86961b2 0x7f2bb86961b7
+B+: 0x7f2bb86961b8 0x7f2bb86961c1
+B+: 0x7f2bb86961c2 0x7f2bb86961c5
+B+: 0x7f2bb86961c6 0x7f2bb86961ca
+B+: 0x7f2bb86961cb 0x7f2bb86961d6
+B+: 0x7f2bb86961d7 0x7f2bb86961db
+B+: 0x7f2bb86961dc 0x7f2bb86961e0
+B+: 0x7f2bb8696213 0x7f2bb8696216
+B+: 0x7f2bb8696220 0x7f2bb8696249
+B+: 0x7f2bb8696250 0x7f2bb8696262
+B+: 0x7f2bb8696278 0x7f2bb8696278
+B+: 0x7f2bb8696280 0x7f2bb86962a3
+B+: 0x7f2bb86962b8 0x7f2bb86962b8
+B+: 0x7f2bb86962c0 0x7f2bb86962c8
+B+: 0x7f2bb86962c9 0x7f2bb86962d6
+B+: 0x7f2bb86962d7 0x7f2bb86962e2
+B+: 0x7f2bb86962e3 0x7f2bb86962e7
+B+: 0x7f2bb86962e8 0x7f2bb86962f0
+B+: 0x7f2bb8696300 0x7f2bb8696304
+B+: 0x7f2bb86963c0 0x7f2bb86963ec
+B+: 0x7f2bb86963ed 0x7f2bb86963f2
+B+: 0x7f2bb86963f3 0x7f2bb8696404
+B+: 0x7f2bb8696405 0x7f2bb869640d
+B+: 0x7f2bb869640e 0x7f2bb869641c
+B+: 0x7f2bb8696424 0x7f2bb869642c
+CND+ 0x7f2bb869600e: taken
+CND+ 0x7f2bb8696126: taken
+CND+ 0x7f2bb869612b: not taken
+CND+ 0x7f2bb8696131: not taken
+CND+ 0x7f2bb8696136: taken
+CND+ 0x7f2bb869614d: not taken
+CND+ 0x7f2bb86961b6: not taken
+CND+ 0x7f2bb86961c4: not taken
+CND+ 0x7f2bb86961c9: taken
+CND+ 0x7f2bb86961df: taken
+CND+ 0x7f2bb8696261: taken
+CND+ 0x7f2bb86962a2: taken
+CND+ 0x7f2bb86962c7: not taken
+CND+ 0x7f2bb86962d5: not taken
+CND+ 0x7f2bb86963f1: not taken
+CND+ 0x7f2bb869640c: not taken
@0x7f2bb8696026 to 0x7f2bbc685500 5
@0x7f2bb8696030 to 0x7f2bb8696036 1
@0x7f2bb8696040 to 0x7f2bb8696046 1
@0x7f2bb8696050 to 0x7f2bb8696056 1
@0x7f2bb86960b0 to 0x7f2bb86960b6 1
@0x7f2bb86960c0 to 0x7f2bb86960c6 1
@0x7f2bb86960e0 to 0x7f2bbb1eb1c0 1
@0x7f2bb8696244 to 0x7f2bbb1d4fb0 1
@0x7f2bb8696401 to 0x7f2bb8696300 1
