MODULE_NAME: /usr/bin/gs
MODULE_START: 0x7f2867df6000
+B+: 0x7f2867df7000 0x7f2867df700f
+B+: 0x7f2867df7012 0x7f2867df7016
+B+: 0x7f2867df7020 0x7f2867df702b
+B+: 0x7f2867df7030 0x7f2867df7035
+B+: 0x7f2867df7036 0x7f2867df703f
+B+: 0x7f2867df7040 0x7f2867df7045
+B+: 0x7f2867df7046 0x7f2867df704f
+B+: 0x7f2867df7050 0x7f2867df7055
+B+: 0x7f2867df7056 0x7f2867df705f
+B+: 0x7f2867df70b0 0x7f2867df70b5
+B+: 0x7f2867df70b6 0x7f2867df70bf
+B+: 0x7f2867df70c0 0x7f2867df70c5
+B+: 0x7f2867df70c6 0x7f2867df70cf
+B+: 0x7f2867df70e0 0x7f2867df70e5
+B+: 0x7f2867df70f0 0x7f2867df7121
+B+: 0x7f2867df7122 0x7f2867df7127
+B+: 0x7f2867df7128 0x7f2867df7130
+B+: 0x7f2867df7131 0x7f2867df7132
+B+: 0x7f2867df7133 0x7f2867df7137
+B+: 0x7f2867df713d 0x7f2867df7152
+B+: 0x7f2867df7153 0x7f2867df715b
+B+: 0x7f2867df7178 0x7f2867df7183
+B+: 0x7f2867df7184 0x7f2867df71a2
+B+: 0x7f2867df71a3 0x7f2867df71b1
+B+: 0x7f2867df71b2 0x7f2867df71b7
+B+: 0x7f2867df71b8 0x7f2867df71c1
+B+: 0x7f2867df71c2 0x7f2867df71c5
+B+: 0x7f2867df71c6 0x7f2867df71ca
+B+: 0x7f2867df71cb 0x7f2867df71d6
+B+: 0x7f2867df71d7 0x7f2867df71db
+B+: 0x7f2867df71dc 0x7f2867df71e0
+B+: 0x7f2867df7213 0x7f2867df7216
+B+: 0x7f2867df7220 0x7f2867df7249
+B+: 0x7f2867df7250 0x7f2867df7262
+B+: 0x7f2867df7278 0x7f2867df7278
+B+: 0x7f2867df7280 0x7f2867df72a3
+B+: 0x7f2867df72b8 0x7f2867df72b8
+B+: 0x7f2867df72c0 0x7f2867df72c8
+B+: 0x7f2867df72c9 0x7f2867df72d6
+B+: 0x7f2867df72d7 0x7f2867df72e2
+B+: 0x7f2867df72e3 0x7f2867df72e7
+B+: 0x7f2867df72e8 0x7f2867df72f0
+B+: 0x7f2867df7300 0x7f2867df7304
+B+: 0x7f2867df73c0 0x7f2867df73ec
+B+: 0x7f2867df73ed 0x7f2867df73f2
+B+: 0x7f2867df73f3 0x7f2867df7404
+B+: 0x7f2867df7405 0x7f2867df740d
+B+: 0x7f2867df740e 0x7f2867df741c
+B+: 0x7f2867df7424 0x7f2867df742c
+CND+ 0x7f2867df700e: taken
+CND+ 0x7f2867df7126: taken
+CND+ 0x7f2867df712b: not taken
+CND+ 0x7f2867df7131: not taken
+CND+ 0x7f2867df7136: taken
+CND+ 0x7f2867df714d: not taken
+CND+ 0x7f2867df71b6: not taken
+CND+ 0x7f2867df71c4: not taken
+CND+ 0x7f2867df71c9: taken
+CND+ 0x7f2867df71df: taken
+CND+ 0x7f2867df7261: taken
+CND+ 0x7f2867df72a2: taken
+CND+ 0x7f2867df72c7: not taken
+CND+ 0x7f2867df72d5: not taken
+CND+ 0x7f2867df73f1: not taken
+CND+ 0x7f2867df740c: not taken
@0x7f2867df7026 to 0x7f286bde6500 5
@0x7f2867df7030 to 0x7f2867df7036 1
@0x7f2867df7040 to 0x7f2867df7046 1
@0x7f2867df7050 to 0x7f2867df7056 1
@0x7f2867df70b0 to 0x7f2867df70b6 1
@0x7f2867df70c0 to 0x7f2867df70c6 1
@0x7f2867df70e0 to 0x7f286a94c1c0 1
@0x7f2867df7244 to 0x7f286a935fb0 1
@0x7f2867df7401 to 0x7f2867df7300 1
