MODULE_NAME: /usr/bin/gs
MODULE_START: 0x7f723df35000
+B+: 0x7f723df36000 0x7f723df3600f
+B+: 0x7f723df36012 0x7f723df36016
+B+: 0x7f723df36020 0x7f723df3602b
+B+: 0x7f723df36030 0x7f723df36035
+B+: 0x7f723df36036 0x7f723df3603f
+B+: 0x7f723df36040 0x7f723df36045
+B+: 0x7f723df36046 0x7f723df3604f
+B+: 0x7f723df36050 0x7f723df36055
+B+: 0x7f723df36056 0x7f723df3605f
+B+: 0x7f723df360b0 0x7f723df360b5
+B+: 0x7f723df360b6 0x7f723df360bf
+B+: 0x7f723df360c0 0x7f723df360c5
+B+: 0x7f723df360c6 0x7f723df360cf
+B+: 0x7f723df360e0 0x7f723df360e5
+B+: 0x7f723df360f0 0x7f723df36121
+B+: 0x7f723df36122 0x7f723df36127
+B+: 0x7f723df36128 0x7f723df36130
+B+: 0x7f723df36131 0x7f723df36132
+B+: 0x7f723df36133 0x7f723df36137
+B+: 0x7f723df3613d 0x7f723df36152
+B+: 0x7f723df36153 0x7f723df3615b
+B+: 0x7f723df36178 0x7f723df36183
+B+: 0x7f723df36184 0x7f723df361a2
+B+: 0x7f723df361a3 0x7f723df361b1
+B+: 0x7f723df361b2 0x7f723df361b7
+B+: 0x7f723df361b8 0x7f723df361c1
+B+: 0x7f723df361c2 0x7f723df361c5
+B+: 0x7f723df361c6 0x7f723df361ca
+B+: 0x7f723df361cb 0x7f723df361d6
+B+: 0x7f723df361d7 0x7f723df361db
+B+: 0x7f723df361dc 0x7f723df361e0
+B+: 0x7f723df36213 0x7f723df36216
+B+: 0x7f723df36220 0x7f723df36249
+B+: 0x7f723df36250 0x7f723df36262
+B+: 0x7f723df36278 0x7f723df36278
+B+: 0x7f723df36280 0x7f723df362a3
+B+: 0x7f723df362b8 0x7f723df362b8
+B+: 0x7f723df362c0 0x7f723df362c8
+B+: 0x7f723df362c9 0x7f723df362d6
+B+: 0x7f723df362d7 0x7f723df362e2
+B+: 0x7f723df362e3 0x7f723df362e7
+B+: 0x7f723df362e8 0x7f723df362f0
+B+: 0x7f723df36300 0x7f723df36304
+B+: 0x7f723df363c0 0x7f723df363ec
+B+: 0x7f723df363ed 0x7f723df363f2
+B+: 0x7f723df363f3 0x7f723df36404
+B+: 0x7f723df36405 0x7f723df3640d
+B+: 0x7f723df3640e 0x7f723df3641c
+B+: 0x7f723df36424 0x7f723df3642c
+CND+ 0x7f723df3600e: taken
+CND+ 0x7f723df36126: taken
+CND+ 0x7f723df3612b: not taken
+CND+ 0x7f723df36131: not taken
+CND+ 0x7f723df36136: taken
+CND+ 0x7f723df3614d: not taken
+CND+ 0x7f723df361b6: not taken
+CND+ 0x7f723df361c4: not taken
+CND+ 0x7f723df361c9: taken
+CND+ 0x7f723df361df: taken
+CND+ 0x7f723df36261: taken
+CND+ 0x7f723df362a2: taken
+CND+ 0x7f723df362c7: not taken
+CND+ 0x7f723df362d5: not taken
+CND+ 0x7f723df363f1: not taken
+CND+ 0x7f723df3640c: not taken
@0x7f723df36244 to 0x7f7240a74fb0 1
@0x7f723df36401 to 0x7f723df36300 1
@0x7f723df36026 to 0x7f7241f25500 5
@0x7f723df36030 to 0x7f723df36036 1
@0x7f723df36040 to 0x7f723df36046 1
@0x7f723df36050 to 0x7f723df36056 1
@0x7f723df360b0 to 0x7f723df360b6 1
@0x7f723df360c0 to 0x7f723df360c6 1
@0x7f723df360e0 to 0x7f7240a8b1c0 1
