MODULE_NAME: /usr/bin/gs
MODULE_START: 0x7fa54ec1f000
+B+: 0x7fa54ec20000 0x7fa54ec2000f
+B+: 0x7fa54ec20012 0x7fa54ec20016
+B+: 0x7fa54ec20020 0x7fa54ec2002b
+B+: 0x7fa54ec20030 0x7fa54ec20035
+B+: 0x7fa54ec20036 0x7fa54ec2003f
+B+: 0x7fa54ec20040 0x7fa54ec20045
+B+: 0x7fa54ec20046 0x7fa54ec2004f
+B+: 0x7fa54ec20050 0x7fa54ec20055
+B+: 0x7fa54ec20056 0x7fa54ec2005f
+B+: 0x7fa54ec20090 0x7fa54ec20095
+B+: 0x7fa54ec20096 0x7fa54ec2009f
+B+: 0x7fa54ec200b0 0x7fa54ec200b5
+B+: 0x7fa54ec200b6 0x7fa54ec200bf
+B+: 0x7fa54ec200c0 0x7fa54ec200c5
+B+: 0x7fa54ec200c6 0x7fa54ec200cf
+B+: 0x7fa54ec200d0 0x7fa54ec200d5
+B+: 0x7fa54ec200d6 0x7fa54ec200df
+B+: 0x7fa54ec200e0 0x7fa54ec200e5
+B+: 0x7fa54ec200f0 0x7fa54ec20121
+B+: 0x7fa54ec20122 0x7fa54ec20127
+B+: 0x7fa54ec20128 0x7fa54ec20130
+B+: 0x7fa54ec20131 0x7fa54ec20132
+B+: 0x7fa54ec20133 0x7fa54ec20137
+B+: 0x7fa54ec20138 0x7fa54ec20152
+B+: 0x7fa54ec20153 0x7fa54ec2015b
+B+: 0x7fa54ec20184 0x7fa54ec201a2
+B+: 0x7fa54ec201a3 0x7fa54ec201b1
+B+: 0x7fa54ec201b2 0x7fa54ec201b7
+B+: 0x7fa54ec201b8 0x7fa54ec201c1
+B+: 0x7fa54ec201c2 0x7fa54ec201c5
+B+: 0x7fa54ec201c6 0x7fa54ec201ca
+B+: 0x7fa54ec201cb 0x7fa54ec201d6
+B+: 0x7fa54ec201d7 0x7fa54ec201db
+B+: 0x7fa54ec20220 0x7fa54ec20249
+B+: 0x7fa54ec20250 0x7fa54ec20262
+B+: 0x7fa54ec20278 0x7fa54ec20278
+B+: 0x7fa54ec20280 0x7fa54ec202a3
+B+: 0x7fa54ec202b8 0x7fa54ec202b8
+B+: 0x7fa54ec202c0 0x7fa54ec202c8
+B+: 0x7fa54ec202c9 0x7fa54ec202d6
+B+: 0x7fa54ec202d7 0x7fa54ec202e2
+B+: 0x7fa54ec202e3 0x7fa54ec202e7
+B+: 0x7fa54ec202e8 0x7fa54ec202f0
+B+: 0x7fa54ec20300 0x7fa54ec20304
+B+: 0x7fa54ec20350 0x7fa54ec20373
+B+: 0x7fa54ec20374 0x7fa54ec2037c
+B+: 0x7fa54ec2037d 0x7fa54ec20385
+B+: 0x7fa54ec203c0 0x7fa54ec203ec
+B+: 0x7fa54ec203ed 0x7fa54ec203f2
+B+: 0x7fa54ec203f3 0x7fa54ec20404
+B+: 0x7fa54ec20405 0x7fa54ec2040d
+B+: 0x7fa54ec2040e 0x7fa54ec2041c
+B+: 0x7fa54ec20424 0x7fa54ec2042c
+CND+ 0x7fa54ec2000e: taken
+CND+ 0x7fa54ec20126: taken
+CND+ 0x7fa54ec2012b: not taken
+CND+ 0x7fa54ec20131: not taken
+CND+ 0x7fa54ec20136: not taken
+CND+ 0x7fa54ec2014d: not taken
+CND+ 0x7fa54ec201b6: not taken
+CND+ 0x7fa54ec201c4: not taken
+CND+ 0x7fa54ec201c9: not taken
+CND+ 0x7fa54ec20261: taken
+CND+ 0x7fa54ec202a2: taken
+CND+ 0x7fa54ec202c7: not taken
+CND+ 0x7fa54ec202d5: not taken
+CND+ 0x7fa54ec203f1: not taken
+CND+ 0x7fa54ec2040c: not taken
@0x7fa54ec20026 to 0x7fa552c0f500 7
@0x7fa54ec20030 to 0x7fa54ec20036 1
@0x7fa54ec20040 to 0x7fa54ec20046 1
@0x7fa54ec20050 to 0x7fa54ec20056 1
@0x7fa54ec20090 to 0x7fa54ec20096 1
@0x7fa54ec200b0 to 0x7fa54ec200b6 1
@0x7fa54ec200c0 to 0x7fa54ec200c6 1
@0x7fa54ec200d0 to 0x7fa54ec200d6 1
@0x7fa54ec200e0 to 0x7fa5517751c0 1
@0x7fa54ec20244 to 0x7fa55175efb0 1
@0x7fa54ec20401 to 0x7fa54ec20300 1
