MODULE_NAME: /bin/dash
MODULE_START: 0x7fb127a92000
+B+: 0x7fb127a96000 0x7fb127a9600f
+B+: 0x7fb127a96012 0x7fb127a96016
+B+: 0x7fb127a96050 0x7fb127a96055
+B+: 0x7fb127a96080 0x7fb127a96085
+B+: 0x7fb127a96090 0x7fb127a96095
+B+: 0x7fb127a960a0 0x7fb127a960a5
+B+: 0x7fb127a960d0 0x7fb127a960d5
+B+: 0x7fb127a960f0 0x7fb127a960f5
+B+: 0x7fb127a96130 0x7fb127a96135
+B+: 0x7fb127a96140 0x7fb127a96145
+B+: 0x7fb127a96150 0x7fb127a96155
+B+: 0x7fb127a96160 0x7fb127a96165
+B+: 0x7fb127a96190 0x7fb127a96195
+B+: 0x7fb127a961c0 0x7fb127a961c5
+B+: 0x7fb127a961e0 0x7fb127a961e5
+B+: 0x7fb127a96220 0x7fb127a96225
+B+: 0x7fb127a96230 0x7fb127a96235
+B+: 0x7fb127a96280 0x7fb127a96285
+B+: 0x7fb127a962a0 0x7fb127a962a5
+B+: 0x7fb127a962d0 0x7fb127a962d5
+B+: 0x7fb127a96320 0x7fb127a96325
+B+: 0x7fb127a96330 0x7fb127a96335
+B+: 0x7fb127a96350 0x7fb127a96355
+B+: 0x7fb127a96370 0x7fb127a96375
+B+: 0x7fb127a96390 0x7fb127a96395
+B+: 0x7fb127a963b0 0x7fb127a963b5
+B+: 0x7fb127a963c0 0x7fb127a963c5
+B+: 0x7fb127a963e0 0x7fb127a963e5
+B+: 0x7fb127a96410 0x7fb127a96415
+B+: 0x7fb127a96460 0x7fb127a96465
+B+: 0x7fb127a96510 0x7fb127a96515
+B+: 0x7fb127a96560 0x7fb127a96565
+B+: 0x7fb127a96570 0x7fb127a96575
+B+: 0x7fb127a96590 0x7fb127a965b8
+B+: 0x7fb127a965b9 0x7fb127a965c4
+B+: 0x7fb127a965c5 0x7fb127a965cf
+B+: 0x7fb127a965d0 0x7fb127a965e7
+B+: 0x7fb127a965e8 0x7fb127a965ef
+B+: 0x7fb127a965f0 0x7fb127a96600
+B+: 0x7fb127a96601 0x7fb127a9660b
+B+: 0x7fb127a9660c 0x7fb127a96615
+B+: 0x7fb127a96616 0x7fb127a96623
+B+: 0x7fb127a96624 0x7fb127a9662b
+B+: 0x7fb127a9662c 0x7fb127a9663c
+B+: 0x7fb127a96657 0x7fb127a96660
+B+: 0x7fb127a96661 0x7fb127a96678
+B+: 0x7fb127a96679 0x7fb127a9667f
+B+: 0x7fb127a96680 0x7fb127a9668c
+B+: 0x7fb127a9668d 0x7fb127a96696
+B+: 0x7fb127a96697 0x7fb127a9669b
+B+: 0x7fb127a96760 0x7fb127a96789
+B+: 0x7fb127a967c0 0x7fb127a967e3
+B+: 0x7fb127a967f8 0x7fb127a967f8
+B+: 0x7fb127a96840 0x7fb127a96844
+B+: 0x7fb127a96850 0x7fb127a96863
+B+: 0x7fb127a96864 0x7fb127a9686f
+B+: 0x7fb127a96870 0x7fb127a9687d
+B+: 0x7fb127a9687e 0x7fb127a968aa
+B+: 0x7fb127a968ab 0x7fb127a968ac
+B+: 0x7fb127a968cb 0x7fb127a968d2
+B+: 0x7fb127a96a50 0x7fb127a96a57
+B+: 0x7fb127a96a58 0x7fb127a96a5e
+B+: 0x7fb127a96a5f 0x7fb127a96a63
+B+: 0x7fb127a96a71 0x7fb127a96a72
+B+: 0x7fb127a976d0 0x7fb127a976eb
+B+: 0x7fb127a976ec 0x7fb127a97705
+B+: 0x7fb127a97717 0x7fb127a9771b
+B+: 0x7fb127a9771c 0x7fb127a97720
+B+: 0x7fb127a9772c 0x7fb127a97730
+B+: 0x7fb127a9773e 0x7fb127a9774d
+B+: 0x7fb127a9774e 0x7fb127a97757
+B+: 0x7fb127a97758 0x7fb127a97775
+B+: 0x7fb127a97780 0x7fb127a97788
+B+: 0x7fb127a97789 0x7fb127a97790
+B+: 0x7fb127a97791 0x7fb127a9779c
+B+: 0x7fb127a98060 0x7fb127a9807e
+B+: 0x7fb127a9810d 0x7fb127a9811c
+B+: 0x7fb127a9811d 0x7fb127a98123
+B+: 0x7fb127a98140 0x7fb127a9814a
+B+: 0x7fb127a9814b 0x7fb127a98152
+B+: 0x7fb127a98153 0x7fb127a9815d
+B+: 0x7fb127a9815e 0x7fb127a9816f
+B+: 0x7fb127a98188 0x7fb127a9818c
+B+: 0x7fb127a9818d 0x7fb127a98191
+B+: 0x7fb127a98192 0x7fb127a9819c
+B+: 0x7fb127a981a7 0x7fb127a981ad
+B+: 0x7fb127a981ae 0x7fb127a981b5
+B+: 0x7fb127a981c0 0x7fb127a981cf
+B+: 0x7fb127a98bc0 0x7fb127a98bfa
+B+: 0x7fb127a98bfb 0x7fb127a98c07
+B+: 0x7fb127a98c08 0x7fb127a98c0f
+B+: 0x7fb127a98c10 0x7fb127a98c11
+B+: 0x7fb127a98c18 0x7fb127a98c21
+B+: 0x7fb127a98c22 0x7fb127a98c2e
+B+: 0x7fb127a98c32 0x7fb127a98c39
+B+: 0x7fb127a98c3a 0x7fb127a98c49
+B+: 0x7fb127a98c4a 0x7fb127a98c51
+B+: 0x7fb127a98c52 0x7fb127a98c58
+B+: 0x7fb127a98c59 0x7fb127a98c60
+B+: 0x7fb127a98c61 0x7fb127a98c68
+B+: 0x7fb127a98c69 0x7fb127a98c6d
+B+: 0x7fb127a98c6e 0x7fb127a98c77
+B+: 0x7fb127a98c78 0x7fb127a98c89
+B+: 0x7fb127a98c8a 0x7fb127a98c98
+B+: 0x7fb127a98e90 0x7fb127a98ed3
+B+: 0x7fb127a98edf 0x7fb127a98ef5
+B+: 0x7fb127a98ef6 0x7fb127a98efa
+B+: 0x7fb127a98efb 0x7fb127a98f5a
+B+: 0x7fb127a98f5b 0x7fb127a98f67
+B+: 0x7fb127a98f68 0x7fb127a98f77
+B+: 0x7fb127a98f78 0x7fb127a98f7f
+B+: 0x7fb127a98f80 0x7fb127a98f8b
+B+: 0x7fb127a98f8c 0x7fb127a98f94
+B+: 0x7fb127a98f95 0x7fb127a98f9b
+B+: 0x7fb127a98fa0 0x7fb127a98faf
+B+: 0x7fb127a98fb0 0x7fb127a98fc5
+B+: 0x7fb127a98fc6 0x7fb127a98fcf
+B+: 0x7fb127a98fd0 0x7fb127a98fe3
+B+: 0x7fb127a98fe4 0x7fb127a98ffc
+B+: 0x7fb127a99019 0x7fb127a9902b
+B+: 0x7fb127a9902c 0x7fb127a99034
+B+: 0x7fb127a99035 0x7fb127a99047
+B+: 0x7fb127a99048 0x7fb127a9905b
+B+: 0x7fb127a990a8 0x7fb127a990b4
+B+: 0x7fb127a990b5 0x7fb127a990b9
+B+: 0x7fb127a990db 0x7fb127a990e1
+B+: 0x7fb127a990f0 0x7fb127a99103
+B+: 0x7fb127a99104 0x7fb127a99113
+B+: 0x7fb127a99114 0x7fb127a9911b
+B+: 0x7fb127a9911c 0x7fb127a99122
+B+: 0x7fb127a99123 0x7fb127a99152
+B+: 0x7fb127a99153 0x7fb127a9915f
+B+: 0x7fb127a99160 0x7fb127a99168
+B+: 0x7fb127a99216 0x7fb127a9921c
+B+: 0x7fb127a99224 0x7fb127a9922d
+B+: 0x7fb127a9922e 0x7fb127a99237
+B+: 0x7fb127a99238 0x7fb127a99241
+B+: 0x7fb127a99242 0x7fb127a9924b
+B+: 0x7fb127a9925d 0x7fb127a99266
+B+: 0x7fb127a99267 0x7fb127a99281
+B+: 0x7fb127a99282 0x7fb127a99293
+B+: 0x7fb127a9934c 0x7fb127a99353
+B+: 0x7fb127a99354 0x7fb127a9936f
+B+: 0x7fb127a9951b 0x7fb127a99525
+B+: 0x7fb127a99526 0x7fb127a9952e
+B+: 0x7fb127a9952f 0x7fb127a99537
+B+: 0x7fb127a998d0 0x7fb127a998ec
+B+: 0x7fb127a998ed 0x7fb127a998f1
+B+: 0x7fb127a998f8 0x7fb127a998fa
+B+: 0x7fb127a998fb 0x7fb127a99907
+B+: 0x7fb127a99908 0x7fb127a9993e
+B+: 0x7fb127a9993f 0x7fb127a99940
+B+: 0x7fb127a99963 0x7fb127a99977
+B+: 0x7fb127a99980 0x7fb127a99986
+B+: 0x7fb127a99987 0x7fb127a9998e
+B+: 0x7fb127a9998f 0x7fb127a99997
+B+: 0x7fb127a99998 0x7fb127a999ba
+B+: 0x7fb127a999bb 0x7fb127a999bc
+B+: 0x7fb127a999c0 0x7fb127a999e7
+B+: 0x7fb127a999e8 0x7fb127a999f7
+B+: 0x7fb127a99a19 0x7fb127a99a21
+B+: 0x7fb127a99a22 0x7fb127a99a2a
+B+: 0x7fb127a99a2b 0x7fb127a99a34
+B+: 0x7fb127a99a35 0x7fb127a99a3f
+B+: 0x7fb127a99ad0 0x7fb127a99ae9
+B+: 0x7fb127a99aea 0x7fb127a99b00
+B+: 0x7fb127a99b10 0x7fb127a99b1f
+B+: 0x7fb127a99b20 0x7fb127a99b2b
+B+: 0x7fb127a99b2c 0x7fb127a99b31
+B+: 0x7fb127a99b32 0x7fb127a99b41
+B+: 0x7fb127a99b56 0x7fb127a99b61
+B+: 0x7fb127a99b62 0x7fb127a99b6f
+B+: 0x7fb127a99b70 0x7fb127a99b85
+B+: 0x7fb127a99b86 0x7fb127a99b97
+B+: 0x7fb127a99b98 0x7fb127a99bc0
+B+: 0x7fb127a99bc8 0x7fb127a99bcc
+B+: 0x7fb127a99bcd 0x7fb127a99bea
+B+: 0x7fb127a99d70 0x7fb127a99d98
+B+: 0x7fb127a99da0 0x7fb127a99da1
+B+: 0x7fb127a99da2 0x7fb127a99daa
+B+: 0x7fb127a99dab 0x7fb127a99dc5
+B+: 0x7fb127a99dc6 0x7fb127a99dc9
+B+: 0x7fb127a99dca 0x7fb127a99dd1
+B+: 0x7fb127a99dd2 0x7fb127a99de6
+B+: 0x7fb127a99df0 0x7fb127a99e2a
+B+: 0x7fb127a99e2b 0x7fb127a99e2f
+B+: 0x7fb127a99e46 0x7fb127a99e5c
+B+: 0x7fb127a99e5d 0x7fb127a99e6e
+B+: 0x7fb127a99e90 0x7fb127a99ead
+B+: 0x7fb127a99ec8 0x7fb127a99ed1
+B+: 0x7fb127a99ed2 0x7fb127a99edd
+B+: 0x7fb127a99f6c 0x7fb127a99f8f
+B+: 0x7fb127a99f90 0x7fb127a99f9c
+B+: 0x7fb127a99f9d 0x7fb127a99fa8
+B+: 0x7fb127a99fa9 0x7fb127a99fb0
+B+: 0x7fb127a99fb1 0x7fb127a99fc5
+B+: 0x7fb127a9a008 0x7fb127a9a012
+B+: 0x7fb127a9a013 0x7fb127a9a01e
+B+: 0x7fb127a9a01f 0x7fb127a9a02e
+B+: 0x7fb127a9a060 0x7fb127a9a066
+B+: 0x7fb127a9a067 0x7fb127a9a074
+B+: 0x7fb127a9a075 0x7fb127a9a086
+B+: 0x7fb127a9a087 0x7fb127a9a08e
+B+: 0x7fb127a9a08f 0x7fb127a9a0a2
+B+: 0x7fb127a9a0a3 0x7fb127a9a0b0
+B+: 0x7fb127a9a100 0x7fb127a9a116
+B+: 0x7fb127a9a145 0x7fb127a9a14d
+B+: 0x7fb127a9a14e 0x7fb127a9a157
+B+: 0x7fb127a9a160 0x7fb127a9a166
+B+: 0x7fb127a9a1c0 0x7fb127a9a1d1
+B+: 0x7fb127a9a1e8 0x7fb127a9a1ef
+B+: 0x7fb127a9a248 0x7fb127a9a25b
+B+: 0x7fb127a9a25c 0x7fb127a9a271
+B+: 0x7fb127a9a7d0 0x7fb127a9a7ff
+B+: 0x7fb127a9a80f 0x7fb127a9a812
+B+: 0x7fb127a9a813 0x7fb127a9a81c
+B+: 0x7fb127a9a81d 0x7fb127a9a820
+B+: 0x7fb127a9a821 0x7fb127a9a82f
+B+: 0x7fb127a9a830 0x7fb127a9a83a
+B+: 0x7fb127a9a84f 0x7fb127a9a85a
+B+: 0x7fb127a9a85f 0x7fb127a9a862
+B+: 0x7fb127a9a870 0x7fb127a9a877
+B+: 0x7fb127a9a878 0x7fb127a9a88d
+B+: 0x7fb127a9b440 0x7fb127a9b464
+B+: 0x7fb127a9b61e 0x7fb127a9b627
+B+: 0x7fb127a9b628 0x7fb127a9b631
+B+: 0x7fb127a9b632 0x7fb127a9b659
+B+: 0x7fb127a9b6af 0x7fb127a9b6bc
+B+: 0x7fb127a9b6c0 0x7fb127a9b6cb
+B+: 0x7fb127a9b730 0x7fb127a9b73b
+B+: 0x7fb127a9b740 0x7fb127a9b75e
+B+: 0x7fb127a9b75f 0x7fb127a9b767
+B+: 0x7fb127a9b7d2 0x7fb127a9b7e3
+B+: 0x7fb127a9b8a0 0x7fb127a9b8a7
+B+: 0x7fb127a9c260 0x7fb127a9c2a5
+B+: 0x7fb127a9c2b5 0x7fb127a9c2be
+B+: 0x7fb127a9c2bf 0x7fb127a9c2d2
+B+: 0x7fb127a9c2d3 0x7fb127a9c2fc
+B+: 0x7fb127a9c2fd 0x7fb127a9c310
+B+: 0x7fb127a9c324 0x7fb127a9c328
+B+: 0x7fb127a9c336 0x7fb127a9c33f
+B+: 0x7fb127a9c340 0x7fb127a9c344
+B+: 0x7fb127a9c370 0x7fb127a9c386
+B+: 0x7fb127a9c387 0x7fb127a9c398
+B+: 0x7fb127a9c3a0 0x7fb127a9c3b6
+B+: 0x7fb127a9c3b7 0x7fb127a9c3d7
+B+: 0x7fb127a9c3dd 0x7fb127a9c3ec
+B+: 0x7fb127a9c850 0x7fb127a9c886
+B+: 0x7fb127a9c887 0x7fb127a9c89a
+B+: 0x7fb127a9c89b 0x7fb127a9c8ad
+B+: 0x7fb127a9c8ae 0x7fb127a9c8c4
+B+: 0x7fb127a9c8c5 0x7fb127a9c8d7
+B+: 0x7fb127a9c8d8 0x7fb127a9c8e7
+B+: 0x7fb127a9c8e8 0x7fb127a9c90c
+B+: 0x7fb127a9c90d 0x7fb127a9c915
+B+: 0x7fb127a9c924 0x7fb127a9c933
+B+: 0x7fb127a9c934 0x7fb127a9c947
+B+: 0x7fb127a9c948 0x7fb127a9c954
+B+: 0x7fb127a9c955 0x7fb127a9c95f
+B+: 0x7fb127a9c960 0x7fb127a9c964
+B+: 0x7fb127a9ca6a 0x7fb127a9ca7c
+B+: 0x7fb127a9ca7d 0x7fb127a9ca9c
+B+: 0x7fb127a9cba0 0x7fb127a9cbad
+B+: 0x7fb127a9cbae 0x7fb127a9cbe1
+B+: 0x7fb127a9cbf0 0x7fb127a9cbfb
+B+: 0x7fb127a9cdb0 0x7fb127a9cdbd
+B+: 0x7fb127a9cdbe 0x7fb127a9cdca
+B+: 0x7fb127a9cdcb 0x7fb127a9cde3
+B+: 0x7fb127a9cde8 0x7fb127a9cdf4
+B+: 0x7fb127a9cdf8 0x7fb127a9ce04
+B+: 0x7fb127a9ce05 0x7fb127a9ce12
+B+: 0x7fb127a9ce13 0x7fb127a9ce1d
+B+: 0x7fb127a9ceb4 0x7fb127a9cec1
+B+: 0x7fb127a9d160 0x7fb127a9d174
+B+: 0x7fb127a9d175 0x7fb127a9d187
+B+: 0x7fb127a9d188 0x7fb127a9d1a2
+B+: 0x7fb127a9d1a3 0x7fb127a9d1ac
+B+: 0x7fb127a9d1ad 0x7fb127a9d1b3
+B+: 0x7fb127a9d1d0 0x7fb127a9d1e5
+B+: 0x7fb127a9d1eb 0x7fb127a9d1f3
+B+: 0x7fb127a9d205 0x7fb127a9d20b
+B+: 0x7fb127a9d20c 0x7fb127a9d21d
+B+: 0x7fb127a9d21e 0x7fb127a9d226
+B+: 0x7fb127a9d227 0x7fb127a9d230
+B+: 0x7fb127a9d231 0x7fb127a9d232
+B+: 0x7fb127a9d240 0x7fb127a9d248
+B+: 0x7fb127a9d260 0x7fb127a9d260
+B+: 0x7fb127a9d520 0x7fb127a9d534
+B+: 0x7fb127a9d572 0x7fb127a9d578
+B+: 0x7fb127a9d580 0x7fb127a9d583
+B+: 0x7fb127a9d610 0x7fb127a9d656
+B+: 0x7fb127a9d65b 0x7fb127a9d686
+B+: 0x7fb127a9d687 0x7fb127a9d69d
+B+: 0x7fb127a9d6fc 0x7fb127a9d708
+B+: 0x7fb127a9d709 0x7fb127a9d711
+B+: 0x7fb127a9d712 0x7fb127a9d72a
+B+: 0x7fb127a9d72b 0x7fb127a9d73c
+B+: 0x7fb127a9d740 0x7fb127a9d747
+B+: 0x7fb127a9d748 0x7fb127a9d75f
+B+: 0x7fb127a9d760 0x7fb127a9d766
+B+: 0x7fb127a9d767 0x7fb127a9d780
+B+: 0x7fb127a9d790 0x7fb127a9d793
+B+: 0x7fb127a9d794 0x7fb127a9d798
+B+: 0x7fb127a9d7a2 0x7fb127a9d7aa
+B+: 0x7fb127a9d7ab 0x7fb127a9d7ae
+B+: 0x7fb127a9d7af 0x7fb127a9d7bd
+B+: 0x7fb127a9d7cb 0x7fb127a9d7d3
+B+: 0x7fb127a9d825 0x7fb127a9d841
+B+: 0x7fb127a9d842 0x7fb127a9d84d
+B+: 0x7fb127a9d87e 0x7fb127a9d88e
+B+: 0x7fb127a9d88f 0x7fb127a9d8a0
+B+: 0x7fb127a9d8a1 0x7fb127a9d8ad
+B+: 0x7fb127a9dc10 0x7fb127a9dc30
+B+: 0x7fb127a9dc31 0x7fb127a9dc58
+B+: 0x7fb127a9dc5e 0x7fb127a9dc66
+B+: 0x7fb127a9dc67 0x7fb127a9dc6f
+B+: 0x7fb127a9dc78 0x7fb127a9dc87
+B+: 0x7fb127a9dc88 0x7fb127a9dc89
+B+: 0x7fb127a9dca0 0x7fb127a9dcaf
+B+: 0x7fb127a9dcba 0x7fb127a9dcc4
+B+: 0x7fb127a9dce0 0x7fb127a9dce8
+B+: 0x7fb127a9e360 0x7fb127a9e36b
+B+: 0x7fb127a9e480 0x7fb127a9e480
+B+: 0x7fb127a9e9c0 0x7fb127a9e9db
+B+: 0x7fb127a9ea16 0x7fb127a9ea32
+B+: 0x7fb127a9ea33 0x7fb127a9ea52
+B+: 0x7fb127a9ea63 0x7fb127a9ea6a
+B+: 0x7fb127a9ea90 0x7fb127a9eaa6
+B+: 0x7fb127a9eaa7 0x7fb127a9eaae
+B+: 0x7fb127a9eaaf 0x7fb127a9eab6
+B+: 0x7fb127a9eaf6 0x7fb127a9eb01
+B+: 0x7fb127a9eb0c 0x7fb127a9eb34
+B+: 0x7fb127a9eb40 0x7fb127a9eb57
+B+: 0x7fb127a9eb58 0x7fb127a9eb5f
+B+: 0x7fb127a9eb60 0x7fb127a9eb67
+B+: 0x7fb127a9eb68 0x7fb127a9eb70
+B+: 0x7fb127a9eb71 0x7fb127a9eb7a
+B+: 0x7fb127a9eb7b 0x7fb127a9eb80
+B+: 0x7fb127a9eb97 0x7fb127a9eb9c
+B+: 0x7fb127a9ec0a 0x7fb127a9ec3d
+B+: 0x7fb127a9ec47 0x7fb127a9ec53
+B+: 0x7fb127a9eed0 0x7fb127a9eede
+B+: 0x7fb127a9eedf 0x7fb127a9eee7
+B+: 0x7fb127a9eee8 0x7fb127a9eefc
+B+: 0x7fb127a9eefd 0x7fb127a9ef02
+B+: 0x7fb127a9ef03 0x7fb127a9ef1b
+B+: 0x7fb127a9ef1c 0x7fb127a9ef21
+B+: 0x7fb127a9ef22 0x7fb127a9ef2b
+B+: 0x7fb127a9efc0 0x7fb127a9efc7
+B+: 0x7fb127a9efc8 0x7fb127a9efd0
+B+: 0x7fb127a9f760 0x7fb127a9f768
+B+: 0x7fb127a9f769 0x7fb127a9f76d
+B+: 0x7fb127a9f76e 0x7fb127a9f772
+B+: 0x7fb127a9f780 0x7fb127a9f788
+B+: 0x7fb127a9f789 0x7fb127a9f78d
+B+: 0x7fb127a9f78e 0x7fb127a9f792
+B+: 0x7fb127a9f7c0 0x7fb127a9f7d9
+B+: 0x7fb127a9f7da 0x7fb127a9f7e6
+B+: 0x7fb127a9f7f7 0x7fb127a9f802
+B+: 0x7fb127a9f803 0x7fb127a9f80b
+B+: 0x7fb127a9f80c 0x7fb127a9f841
+B+: 0x7fb127a9f842 0x7fb127a9f84b
+B+: 0x7fb127a9f84c 0x7fb127a9f852
+B+: 0x7fb127a9f853 0x7fb127a9f875
+B+: 0x7fb127a9f880 0x7fb127a9f88e
+B+: 0x7fb127a9f8b0 0x7fb127a9f8c8
+B+: 0x7fb127a9f900 0x7fb127a9f941
+B+: 0x7fb127a9f950 0x7fb127a9f966
+B+: 0x7fb127a9f967 0x7fb127a9f97e
+B+: 0x7fb127a9f97f 0x7fb127a9f98a
+B+: 0x7fb127a9f98b 0x7fb127a9f9b3
+B+: 0x7fb127a9f9b4 0x7fb127a9f9bd
+B+: 0x7fb127a9f9be 0x7fb127a9f9bf
+B+: 0x7fb127a9f9d0 0x7fb127a9f9e8
+B+: 0x7fb127a9f9e9 0x7fb127a9fa14
+B+: 0x7fb127a9fa1e 0x7fb127a9fa25
+B+: 0x7fb127a9fa26 0x7fb127a9fa33
+B+: 0x7fb127a9fa34 0x7fb127a9fa46
+B+: 0x7fb127a9fae0 0x7fb127a9fafe
+B+: 0x7fb127a9faff 0x7fb127a9fb0c
+B+: 0x7fb127a9fb0d 0x7fb127a9fb1b
+B+: 0x7fb127a9fb1c 0x7fb127a9fb2c
+B+: 0x7fb127a9fb40 0x7fb127a9fb62
+B+: 0x7fb127a9fb98 0x7fb127a9fba9
+B+: 0x7fb127aa06d0 0x7fb127aa06f4
+B+: 0x7fb127aa06f5 0x7fb127aa070d
+B+: 0x7fb127aa070e 0x7fb127aa0712
+B+: 0x7fb127aa0713 0x7fb127aa071e
+B+: 0x7fb127aa071f 0x7fb127aa0723
+B+: 0x7fb127aa0724 0x7fb127aa0728
+B+: 0x7fb127aa0729 0x7fb127aa0730
+B+: 0x7fb127aa073c 0x7fb127aa0749
+B+: 0x7fb127aa074a 0x7fb127aa074d
+B+: 0x7fb127aa074e 0x7fb127aa0760
+B+: 0x7fb127aa0761 0x7fb127aa076b
+B+: 0x7fb127aa0790 0x7fb127aa079d
+B+: 0x7fb127aa079e 0x7fb127aa07a5
+B+: 0x7fb127aa07a6 0x7fb127aa07a7
+B+: 0x7fb127aa0890 0x7fb127aa089d
+B+: 0x7fb127aa089e 0x7fb127aa08a9
+B+: 0x7fb127aa08aa 0x7fb127aa08bd
+B+: 0x7fb127aa08c0 0x7fb127aa08ca
+B+: 0x7fb127aa08d0 0x7fb127aa08ef
+B+: 0x7fb127aa08f0 0x7fb127aa08f4
+B+: 0x7fb127aa08f5 0x7fb127aa090c
+B+: 0x7fb127aa090d 0x7fb127aa0910
+B+: 0x7fb127aa0911 0x7fb127aa0912
+B+: 0x7fb127aa0913 0x7fb127aa091b
+B+: 0x7fb127aa091c 0x7fb127aa0930
+B+: 0x7fb127aa0938 0x7fb127aa093c
+B+: 0x7fb127aa0980 0x7fb127aa098f
+B+: 0x7fb127aa0990 0x7fb127aa099b
+B+: 0x7fb127aa099c 0x7fb127aa09ab
+B+: 0x7fb127aa0a80 0x7fb127aa0a93
+B+: 0x7fb127aa0a94 0x7fb127aa0aac
+B+: 0x7fb127aa0aad 0x7fb127aa0abf
+B+: 0x7fb127aa0ac0 0x7fb127aa0ada
+B+: 0x7fb127aa0adb 0x7fb127aa0ae3
+B+: 0x7fb127aa0aec 0x7fb127aa0af8
+B+: 0x7fb127aa0af9 0x7fb127aa0b02
+B+: 0x7fb127aa0b03 0x7fb127aa0b06
+B+: 0x7fb127aa0b07 0x7fb127aa0b1a
+B+: 0x7fb127aa0c49 0x7fb127aa0c55
+B+: 0x7fb127aa0c56 0x7fb127aa0c67
+B+: 0x7fb127aa0c82 0x7fb127aa0c93
+B+: 0x7fb127aa0d77 0x7fb127aa0d82
+B+: 0x7fb127aa0da0 0x7fb127aa0db2
+B+: 0x7fb127aa0db3 0x7fb127aa0ddf
+B+: 0x7fb127aa0de0 0x7fb127aa0deb
+B+: 0x7fb127aa0dec 0x7fb127aa0dfc
+B+: 0x7fb127aa0dfd 0x7fb127aa0e18
+B+: 0x7fb127aa0e19 0x7fb127aa0e25
+B+: 0x7fb127aa0e26 0x7fb127aa0e2e
+B+: 0x7fb127aa0e2f 0x7fb127aa0e3f
+B+: 0x7fb127aa0e40 0x7fb127aa0e44
+B+: 0x7fb127aa0e45 0x7fb127aa0e50
+B+: 0x7fb127aa0e51 0x7fb127aa0e5d
+B+: 0x7fb127aa0e5e 0x7fb127aa0e77
+B+: 0x7fb127aa0ece 0x7fb127aa0ed2
+B+: 0x7fb127aa0ed3 0x7fb127aa0ede
+B+: 0x7fb127aa0ee0 0x7fb127aa0eec
+B+: 0x7fb127aa0f60 0x7fb127aa0f7c
+B+: 0x7fb127aa1120 0x7fb127aa1128
+B+: 0x7fb127aa1129 0x7fb127aa1147
+B+: 0x7fb127aa1750 0x7fb127aa175e
+B+: 0x7fb127aa175f 0x7fb127aa1763
+B+: 0x7fb127aa1764 0x7fb127aa1770
+B+: 0x7fb127aa1771 0x7fb127aa1777
+B+: 0x7fb127aa1778 0x7fb127aa1783
+B+: 0x7fb127aa1784 0x7fb127aa1788
+B+: 0x7fb127aa1789 0x7fb127aa178d
+B+: 0x7fb127aa178e 0x7fb127aa1796
+B+: 0x7fb127aa1797 0x7fb127aa179e
+B+: 0x7fb127aa1890 0x7fb127aa1892
+B+: 0x7fb127aa18a7 0x7fb127aa18ab
+B+: 0x7fb127aa18ac 0x7fb127aa18b2
+B+: 0x7fb127aa18b3 0x7fb127aa18b6
+B+: 0x7fb127aa18d0 0x7fb127aa18e1
+B+: 0x7fb127aa18e2 0x7fb127aa18e6
+B+: 0x7fb127aa18e7 0x7fb127aa18eb
+B+: 0x7fb127aa18ec 0x7fb127aa18f1
+B+: 0x7fb127aa18f2 0x7fb127aa18fa
+B+: 0x7fb127aa18fb 0x7fb127aa18fc
+B+: 0x7fb127aa1940 0x7fb127aa1948
+B+: 0x7fb127aa1949 0x7fb127aa1951
+B+: 0x7fb127aa1980 0x7fb127aa1988
+B+: 0x7fb127aa1989 0x7fb127aa198a
+B+: 0x7fb127aa198b 0x7fb127aa1991
+B+: 0x7fb127aa1992 0x7fb127aa19a2
+B+: 0x7fb127aa19a8 0x7fb127aa19ac
+B+: 0x7fb127aa19eb 0x7fb127aa1a00
+B+: 0x7fb127aa1a08 0x7fb127aa1a10
+B+: 0x7fb127aa1af0 0x7fb127aa1b11
+B+: 0x7fb127aa1b12 0x7fb127aa1b16
+B+: 0x7fb127aa1b17 0x7fb127aa1b1d
+B+: 0x7fb127aa1b1e 0x7fb127aa1b26
+B+: 0x7fb127aa1b27 0x7fb127aa1b34
+B+: 0x7fb127aa1b35 0x7fb127aa1b3c
+B+: 0x7fb127aa1b3d 0x7fb127aa1b49
+B+: 0x7fb127aa1b4a 0x7fb127aa1b5a
+B+: 0x7fb127aa1b5b 0x7fb127aa1b63
+B+: 0x7fb127aa1b7f 0x7fb127aa1b93
+B+: 0x7fb127aa1b94 0x7fb127aa1b9c
+B+: 0x7fb127aa1be0 0x7fb127aa1bf7
+B+: 0x7fb127aa1bf8 0x7fb127aa1c00
+B+: 0x7fb127aa1c1b 0x7fb127aa1c2b
+B+: 0x7fb127aa1d40 0x7fb127aa1d5e
+B+: 0x7fb127aa1d5f 0x7fb127aa1d6d
+B+: 0x7fb127aa1d6e 0x7fb127aa1d72
+B+: 0x7fb127aa1d7d 0x7fb127aa1d90
+B+: 0x7fb127aa1d91 0x7fb127aa1d95
+B+: 0x7fb127aa1d96 0x7fb127aa1d9a
+B+: 0x7fb127aa1da0 0x7fb127aa1da4
+B+: 0x7fb127aa1dd5 0x7fb127aa1dd9
+B+: 0x7fb127aa1dda 0x7fb127aa1dde
+B+: 0x7fb127aa1df0 0x7fb127aa1dfb
+B+: 0x7fb127aa1dfc 0x7fb127aa1e07
+B+: 0x7fb127aa1e08 0x7fb127aa1e10
+B+: 0x7fb127aa1e2c 0x7fb127aa1e30
+B+: 0x7fb127aa1e31 0x7fb127aa1e36
+B+: 0x7fb127aa1e41 0x7fb127aa1e45
+B+: 0x7fb127aa1e46 0x7fb127aa1e54
+B+: 0x7fb127aa1e55 0x7fb127aa1e5d
+B+: 0x7fb127aa1e5e 0x7fb127aa1e62
+B+: 0x7fb127aa1e63 0x7fb127aa1e74
+B+: 0x7fb127aa1e78 0x7fb127aa1e84
+B+: 0x7fb127aa1ea0 0x7fb127aa1ea4
+B+: 0x7fb127aa1ef0 0x7fb127aa1f03
+B+: 0x7fb127aa1f40 0x7fb127aa1f76
+B+: 0x7fb127aa1f77 0x7fb127aa1f82
+B+: 0x7fb127aa1f83 0x7fb127aa1f92
+B+: 0x7fb127aa201b 0x7fb127aa2031
+B+: 0x7fb127aa2032 0x7fb127aa2040
+B+: 0x7fb127aa2075 0x7fb127aa20b8
+B+: 0x7fb127aa20b9 0x7fb127aa20c3
+B+: 0x7fb127aa20c4 0x7fb127aa20cc
+B+: 0x7fb127aa20cd 0x7fb127aa20d5
+B+: 0x7fb127aa20d6 0x7fb127aa20de
+B+: 0x7fb127aa20df 0x7fb127aa2106
+B+: 0x7fb127aa2107 0x7fb127aa2133
+B+: 0x7fb127aa2578 0x7fb127aa2581
+B+: 0x7fb127aa2582 0x7fb127aa25a8
+B+: 0x7fb127aa25a9 0x7fb127aa25b6
+B+: 0x7fb127aa25d0 0x7fb127aa25e0
+B+: 0x7fb127aa25e1 0x7fb127aa25ee
+B+: 0x7fb127aa25ef 0x7fb127aa25f3
+B+: 0x7fb127aa2670 0x7fb127aa267e
+B+: 0x7fb127aa267f 0x7fb127aa2683
+B+: 0x7fb127aa2684 0x7fb127aa2692
+B+: 0x7fb127aa2693 0x7fb127aa269a
+B+: 0x7fb127aa269b 0x7fb127aa26a2
+B+: 0x7fb127aa26a3 0x7fb127aa26b7
+B+: 0x7fb127aa2790 0x7fb127aa27bc
+B+: 0x7fb127aa27bd 0x7fb127aa27d4
+B+: 0x7fb127aa27e0 0x7fb127aa283a
+B+: 0x7fb127aa283b 0x7fb127aa2875
+B+: 0x7fb127aa2876 0x7fb127aa2893
+B+: 0x7fb127aa2894 0x7fb127aa28a3
+B+: 0x7fb127aa28a4 0x7fb127aa28b0
+B+: 0x7fb127aa29b4 0x7fb127aa29b8
+B+: 0x7fb127aa29b9 0x7fb127aa29cf
+B+: 0x7fb127aa29d0 0x7fb127aa29dc
+B+: 0x7fb127aa29dd 0x7fb127aa29ef
+B+: 0x7fb127aa29f0 0x7fb127aa29f7
+B+: 0x7fb127aa2a01 0x7fb127aa2a16
+B+: 0x7fb127aa2a28 0x7fb127aa2a3d
+B+: 0x7fb127aa2a3e 0x7fb127aa2a4d
+B+: 0x7fb127aa2a79 0x7fb127aa2a97
+B+: 0x7fb127aa2a98 0x7fb127aa2ac0
+B+: 0x7fb127aa2ac1 0x7fb127aa2acf
+B+: 0x7fb127aa3148 0x7fb127aa3154
+B+: 0x7fb127aa3155 0x7fb127aa3174
+B+: 0x7fb127aa3175 0x7fb127aa317f
+B+: 0x7fb127aa31ac 0x7fb127aa31b0
+B+: 0x7fb127aa31b1 0x7fb127aa31b5
+B+: 0x7fb127aa3a40 0x7fb127aa3a64
+B+: 0x7fb127aa3b10 0x7fb127aa3b1a
+B+: 0x7fb127aa3b40 0x7fb127aa3b47
+B+: 0x7fb127aa3b48 0x7fb127aa3b51
+B+: 0x7fb127aa3b58 0x7fb127aa3b60
+B+: 0x7fb127aa3b61 0x7fb127aa3b6a
+B+: 0x7fb127aa3b88 0x7fb127aa3b8c
+B+: 0x7fb127aa3b8d 0x7fb127aa3b94
+B+: 0x7fb127aa3ba0 0x7fb127aa3ba4
+B+: 0x7fb127aa3d00 0x7fb127aa3d30
+B+: 0x7fb127aa3e3f 0x7fb127aa3e55
+B+: 0x7fb127aa3e56 0x7fb127aa3e67
+B+: 0x7fb127aa41e0 0x7fb127aa4222
+B+: 0x7fb127aa4223 0x7fb127aa4228
+B+: 0x7fb127aa424c 0x7fb127aa4260
+B+: 0x7fb127aa4261 0x7fb127aa4269
+B+: 0x7fb127aa4270 0x7fb127aa4279
+B+: 0x7fb127aa4288 0x7fb127aa42a0
+B+: 0x7fb127aa42a1 0x7fb127aa42ba
+B+: 0x7fb127aa42bb 0x7fb127aa42bc
+B+: 0x7fb127aa42d0 0x7fb127aa42d8
+B+: 0x7fb127aa42f8 0x7fb127aa42f8
+B+: 0x7fb127aa4300 0x7fb127aa430c
+B+: 0x7fb127aa433f 0x7fb127aa4343
+B+: 0x7fb127aa4380 0x7fb127aa4384
+B+: 0x7fb127aa43d0 0x7fb127aa43e3
+B+: 0x7fb127aa4400 0x7fb127aa4400
+B+: 0x7fb127aa4420 0x7fb127aa445b
+B+: 0x7fb127aa4467 0x7fb127aa4471
+B+: 0x7fb127aa4472 0x7fb127aa4489
+B+: 0x7fb127aa448a 0x7fb127aa448d
+B+: 0x7fb127aa448e 0x7fb127aa4494
+B+: 0x7fb127aa4495 0x7fb127aa449d
+B+: 0x7fb127aa449e 0x7fb127aa44a9
+B+: 0x7fb127aa44aa 0x7fb127aa44c2
+B+: 0x7fb127aa44c3 0x7fb127aa44ce
+B+: 0x7fb127aa44cf 0x7fb127aa44e5
+B+: 0x7fb127aa44e6 0x7fb127aa44f5
+B+: 0x7fb127aa4500 0x7fb127aa450e
+B+: 0x7fb127aa450f 0x7fb127aa4513
+B+: 0x7fb127aa4514 0x7fb127aa451e
+B+: 0x7fb127aa4540 0x7fb127aa4549
+B+: 0x7fb127aa454a 0x7fb127aa454e
+B+: 0x7fb127aa454f 0x7fb127aa4560
+B+: 0x7fb127aa4568 0x7fb127aa4577
+B+: 0x7fb127aa4580 0x7fb127aa4589
+B+: 0x7fb127aa45a8 0x7fb127aa45bb
+B+: 0x7fb127aa45c0 0x7fb127aa45ce
+B+: 0x7fb127aa45cf 0x7fb127aa45dc
+B+: 0x7fb127aa46f0 0x7fb127aa46fd
+B+: 0x7fb127aa47a0 0x7fb127aa47a0
+B+: 0x7fb127aa47b0 0x7fb127aa47ba
+B+: 0x7fb127aa47bb 0x7fb127aa47ce
+B+: 0x7fb127aa47cf 0x7fb127aa47d8
+B+: 0x7fb127aa47d9 0x7fb127aa47e6
+B+: 0x7fb127aa4800 0x7fb127aa482d
+B+: 0x7fb127aa482e 0x7fb127aa4831
+B+: 0x7fb127aa4832 0x7fb127aa4847
+B+: 0x7fb127aa4864 0x7fb127aa486b
+B+: 0x7fb127aa486c 0x7fb127aa486f
+B+: 0x7fb127aa4870 0x7fb127aa4876
+B+: 0x7fb127aa4877 0x7fb127aa487b
+B+: 0x7fb127aa487c 0x7fb127aa4886
+B+: 0x7fb127aa4ae0 0x7fb127aa4b01
+B+: 0x7fb127aa4b02 0x7fb127aa4b0a
+B+: 0x7fb127aa4b0b 0x7fb127aa4b14
+B+: 0x7fb127aa4b15 0x7fb127aa4b19
+B+: 0x7fb127aa4c00 0x7fb127aa4c19
+B+: 0x7fb127aa4c51 0x7fb127aa4c8e
+B+: 0x7fb127aa4c8f 0x7fb127aa4c9e
+B+: 0x7fb127aa4c9f 0x7fb127aa4ca6
+B+: 0x7fb127aa4df0 0x7fb127aa4dfb
+B+: 0x7fb127aa4e20 0x7fb127aa4e20
+B+: 0x7fb127aa4e30 0x7fb127aa4e38
+B+: 0x7fb127aa6940 0x7fb127aa694b
+B+: 0x7fb127aa694c 0x7fb127aa6957
+B+: 0x7fb127aa6958 0x7fb127aa6964
+B+: 0x7fb127aa6965 0x7fb127aa6969
+B+: 0x7fb127aa696a 0x7fb127aa696f
+B+: 0x7fb127aa6970 0x7fb127aa6976
+B+: 0x7fb127aa6980 0x7fb127aa6987
+B+: 0x7fb127aa6988 0x7fb127aa698c
+B+: 0x7fb127aa698d 0x7fb127aa699b
+B+: 0x7fb127aa699c 0x7fb127aa69a0
+B+: 0x7fb127aa69a1 0x7fb127aa69a8
+B+: 0x7fb127aa69a9 0x7fb127aa69ad
+B+: 0x7fb127aa69ae 0x7fb127aa69b8
+B+: 0x7fb127aa69b9 0x7fb127aa69b9
+B+: 0x7fb127aa69c0 0x7fb127aa69c5
+B+: 0x7fb127aa69c6 0x7fb127aa69c9
+B+: 0x7fb127aa69d0 0x7fb127aa69d0
+B+: 0x7fb127aa69d1 0x7fb127aa69d5
+B+: 0x7fb127aa69d6 0x7fb127aa69d9
+B+: 0x7fb127aa69e0 0x7fb127aa69ff
+B+: 0x7fb127aa6a00 0x7fb127aa6a11
+B+: 0x7fb127aa6a12 0x7fb127aa6a16
+B+: 0x7fb127aa6a20 0x7fb127aa6a22
+B+: 0x7fb127aa6a23 0x7fb127aa6a2f
+B+: 0x7fb127aa6a30 0x7fb127aa6a33
+B+: 0x7fb127aa6a34 0x7fb127aa6a5d
+B+: 0x7fb127aa6a5e 0x7fb127aa6a62
+B+: 0x7fb127aa6a63 0x7fb127aa6a82
+B+: 0x7fb127aa6ac0 0x7fb127aa6ade
+B+: 0x7fb127aa6adf 0x7fb127aa6ae3
+B+: 0x7fb127aa6ae4 0x7fb127aa6ae8
+B+: 0x7fb127aa6af0 0x7fb127aa6af2
+B+: 0x7fb127aa6af3 0x7fb127aa6aff
+B+: 0x7fb127aa6b00 0x7fb127aa6b03
+B+: 0x7fb127aa6b04 0x7fb127aa6b3e
+B+: 0x7fb127aa6b3f 0x7fb127aa6b49
+B+: 0x7fb127aa6b4a 0x7fb127aa6b57
+B+: 0x7fb127aa6b58 0x7fb127aa6b5d
+B+: 0x7fb127aa6b5e 0x7fb127aa6b66
+B+: 0x7fb127aa6b67 0x7fb127aa6b70
+B+: 0x7fb127aa6b71 0x7fb127aa6b7a
+B+: 0x7fb127aa6b7b 0x7fb127aa6b9a
+B+: 0x7fb127aa6b9b 0x7fb127aa6ba3
+B+: 0x7fb127aa6ba4 0x7fb127aa6bbd
+B+: 0x7fb127aa6bc0 0x7fb127aa6bc5
+B+: 0x7fb127aa6bc6 0x7fb127aa6bcf
+B+: 0x7fb127aa6bd0 0x7fb127aa6bd9
+B+: 0x7fb127aa6bda 0x7fb127aa6bf7
+B+: 0x7fb127aa6c08 0x7fb127aa6c14
+B+: 0x7fb127aa6c15 0x7fb127aa6c1b
+B+: 0x7fb127aa6c1c 0x7fb127aa6c29
+B+: 0x7fb127aa6cb0 0x7fb127aa6cca
+B+: 0x7fb127aa6ccb 0x7fb127aa6cda
+B+: 0x7fb127aa6cdb 0x7fb127aa6ce6
+B+: 0x7fb127aa6ce7 0x7fb127aa6cef
+B+: 0x7fb127aa6cf0 0x7fb127aa6cf4
+B+: 0x7fb127aa6cf5 0x7fb127aa6cfc
+B+: 0x7fb127aa6cfd 0x7fb127aa6d10
+B+: 0x7fb127aa6d11 0x7fb127aa6d21
+B+: 0x7fb127aa6d22 0x7fb127aa6d26
+B+: 0x7fb127aa6d27 0x7fb127aa6d38
+B+: 0x7fb127aa6d39 0x7fb127aa6d4b
+B+: 0x7fb127aa6d4c 0x7fb127aa6d54
+B+: 0x7fb127aa6d55 0x7fb127aa6d5e
+B+: 0x7fb127aa6d5f 0x7fb127aa6d6d
+B+: 0x7fb127aa6ea0 0x7fb127aa6eb6
+B+: 0x7fb127aa6eb7 0x7fb127aa6ebb
+B+: 0x7fb127aa6ebc 0x7fb127aa6ec0
+B+: 0x7fb127aa6ec8 0x7fb127aa6ecb
+B+: 0x7fb127aa6ecc 0x7fb127aa6ed9
+B+: 0x7fb127aa6eda 0x7fb127aa6edd
+B+: 0x7fb127aa6ede 0x7fb127aa6f06
+B+: 0x7fb127aa6f07 0x7fb127aa6f10
+B+: 0x7fb127aa6f11 0x7fb127aa6f16
+B+: 0x7fb127aa6f17 0x7fb127aa6f24
+B+: 0x7fb127aa6f25 0x7fb127aa6f2d
+B+: 0x7fb127aa7440 0x7fb127aa746b
+B+: 0x7fb127aa746c 0x7fb127aa7470
+B+: 0x7fb127aa7471 0x7fb127aa7475
+B+: 0x7fb127aa7536 0x7fb127aa753e
+B+: 0x7fb127aa753f 0x7fb127aa7548
+B+: 0x7fb127aa7549 0x7fb127aa7551
+B+: 0x7fb127aa75d0 0x7fb127aa75e4
+B+: 0x7fb127aa75e5 0x7fb127aa7606
+B+: 0x7fb127aa7607 0x7fb127aa7610
+B+: 0x7fb127aa7611 0x7fb127aa7618
+B+: 0x7fb127aa7640 0x7fb127aa7648
+B+: 0x7fb127aa7649 0x7fb127aa7656
+B+: 0x7fb127aa7657 0x7fb127aa765f
+B+: 0x7fb127aa7660 0x7fb127aa7661
+B+: 0x7fb127aa7760 0x7fb127aa77aa
+B+: 0x7fb127aa77ab 0x7fb127aa77af
+B+: 0x7fb127aa77b0 0x7fb127aa77be
+B+: 0x7fb127aa77c8 0x7fb127aa77d3
+B+: 0x7fb127aa77d4 0x7fb127aa77d8
+B+: 0x7fb127aa77d9 0x7fb127aa77e0
+B+: 0x7fb127aa77e1 0x7fb127aa77e5
+B+: 0x7fb127aa77e6 0x7fb127aa77f3
+B+: 0x7fb127aa77f4 0x7fb127aa77fb
+B+: 0x7fb127aa7800 0x7fb127aa7810
+B+: 0x7fb127aa7811 0x7fb127aa7815
+B+: 0x7fb127aa7816 0x7fb127aa7832
+B+: 0x7fb127aa7833 0x7fb127aa7843
+B+: 0x7fb127aa7844 0x7fb127aa784f
+B+: 0x7fb127aa7850 0x7fb127aa7857
+B+: 0x7fb127aa7858 0x7fb127aa785c
+B+: 0x7fb127aa785d 0x7fb127aa7868
+B+: 0x7fb127aa7869 0x7fb127aa787b
+B+: 0x7fb127aa787c 0x7fb127aa7884
+B+: 0x7fb127aa7888 0x7fb127aa7897
+B+: 0x7fb127aa7898 0x7fb127aa789b
+B+: 0x7fb127aa789c 0x7fb127aa78b4
+B+: 0x7fb127aa78b5 0x7fb127aa78b8
+B+: 0x7fb127aa78b9 0x7fb127aa78c6
+B+: 0x7fb127aa78c7 0x7fb127aa78d5
+B+: 0x7fb127aa7dc0 0x7fb127aa7dec
+B+: 0x7fb127aa7ded 0x7fb127aa7df2
+B+: 0x7fb127aa7df3 0x7fb127aa7e04
+B+: 0x7fb127aa7e05 0x7fb127aa7e0d
+B+: 0x7fb127aa7e0e 0x7fb127aa7e1c
+CND+ 0x7fb127a9600e: taken
+CND+ 0x7fb127a965ea: not taken
+CND+ 0x7fb127a96626: not taken
+CND+ 0x7fb127a9663b: taken
+CND+ 0x7fb127a96673: not taken
+CND+ 0x7fb127a96687: not taken
+CND+ 0x7fb127a96695: not taken
+CND+ 0x7fb127a967e2: taken
+CND+ 0x7fb127a96862: not taken
+CND+ 0x7fb127a9687c: both
+CND+ 0x7fb127a968a9: not taken
+CND+ 0x7fb127a96a5d: not taken
+CND+ 0x7fb127a96a62: taken
+CND+ 0x7fb127a976e6: not taken
+CND+ 0x7fb127a97704: taken
+CND+ 0x7fb127a9771a: not taken
+CND+ 0x7fb127a9771f: taken
+CND+ 0x7fb127a9772f: taken
+CND+ 0x7fb127a9774c: not taken
+CND+ 0x7fb127a97756: not taken
+CND+ 0x7fb127a9778f: not taken
+CND+ 0x7fb127a9779b: taken
+CND+ 0x7fb127a98079: taken
+CND+ 0x7fb127a9811b: not taken
+CND+ 0x7fb127a98149: not taken
+CND+ 0x7fb127a98158: not taken
+CND+ 0x7fb127a98190: not taken
+CND+ 0x7fb127a981ce: taken
+CND+ 0x7fb127a98c20: not taken
+CND+ 0x7fb127a98c2d: taken
+CND+ 0x7fb127a98c48: not taken
+CND+ 0x7fb127a98c5f: both
+CND+ 0x7fb127a98c88: not taken
+CND+ 0x7fb127a98ed2: taken
+CND+ 0x7fb127a98f55: not taken
+CND+ 0x7fb127a98f7e: not taken
+CND+ 0x7fb127a98f8a: not taken
+CND+ 0x7fb127a98f93: both
+CND+ 0x7fb127a98fc4: not taken
+CND+ 0x7fb127a98fe2: both
+CND+ 0x7fb127a98ffb: taken
+CND+ 0x7fb127a9905a: taken
+CND+ 0x7fb127a990af: not taken
+CND+ 0x7fb127a990b8: taken
+CND+ 0x7fb127a990e0: taken
+CND+ 0x7fb127a99116: not taken
+CND+ 0x7fb127a9915a: not taken
+CND+ 0x7fb127a99163: taken
+CND+ 0x7fb127a9921b: taken
+CND+ 0x7fb127a9924a: taken
+CND+ 0x7fb127a9927c: not taken
+CND+ 0x7fb127a9936a: taken
+CND+ 0x7fb127a99520: not taken
+CND+ 0x7fb127a99529: not taken
+CND+ 0x7fb127a99532: taken
+CND+ 0x7fb127a998eb: not taken
+CND+ 0x7fb127a99906: both
+CND+ 0x7fb127a9993d: not taken
+CND+ 0x7fb127a99985: both
+CND+ 0x7fb127a999f6: taken
+CND+ 0x7fb127a99a20: both
+CND+ 0x7fb127a99a29: not taken
+CND+ 0x7fb127a99a33: not taken
+CND+ 0x7fb127a99ae4: not taken
+CND+ 0x7fb127a99afb: taken
+CND+ 0x7fb127a99b2a: both
+CND+ 0x7fb127a99b30: both
+CND+ 0x7fb127a99b40: taken
+CND+ 0x7fb127a99b60: not taken
+CND+ 0x7fb127a99b96: not taken
+CND+ 0x7fb127a99be5: taken
+CND+ 0x7fb127a99da0: not taken
+CND+ 0x7fb127a99da9: not taken
+CND+ 0x7fb127a99dc8: both
+CND+ 0x7fb127a99dd0: both
+CND+ 0x7fb127a99e2e: taken
+CND+ 0x7fb127a99e57: not taken
+CND+ 0x7fb127a99eac: taken
+CND+ 0x7fb127a99ed8: taken
+CND+ 0x7fb127a99fa3: not taken
+CND+ 0x7fb127a99fc0: taken
+CND+ 0x7fb127a9a019: not taken
+CND+ 0x7fb127a9a065: not taken
+CND+ 0x7fb127a9a06f: not taken
+CND+ 0x7fb127a9a089: both
+CND+ 0x7fb127a9a09d: not taken
+CND+ 0x7fb127a9a0ab: taken
+CND+ 0x7fb127a9a14c: not taken
+CND+ 0x7fb127a9a156: taken
+CND+ 0x7fb127a9a1cc: taken
+CND+ 0x7fb127a9a1ee: taken
+CND+ 0x7fb127a9a811: both
+CND+ 0x7fb127a9a81b: not taken
+CND+ 0x7fb127a9a81f: not taken
+CND+ 0x7fb127a9a839: taken
+CND+ 0x7fb127a9a859: taken
+CND+ 0x7fb127a9a861: taken
+CND+ 0x7fb127a9b45f: taken
+CND+ 0x7fb127a9b626: not taken
+CND+ 0x7fb127a9b6ca: taken
+CND+ 0x7fb127a9b762: taken
+CND+ 0x7fb127a9c2a4: taken
+CND+ 0x7fb127a9c2bd: not taken
+CND+ 0x7fb127a9c2cd: not taken
+CND+ 0x7fb127a9c30f: taken
+CND+ 0x7fb127a9c327: taken
+CND+ 0x7fb127a9c33a: not taken
+CND+ 0x7fb127a9c343: taken
+CND+ 0x7fb127a9c381: not taken
+CND+ 0x7fb127a9c3d6: taken
+CND+ 0x7fb127a9c3e7: taken
+CND+ 0x7fb127a9c895: not taken
+CND+ 0x7fb127a9c8a8: not taken
+CND+ 0x7fb127a9c8d2: not taken
+CND+ 0x7fb127a9c907: not taken
+CND+ 0x7fb127a9c942: taken
+CND+ 0x7fb127a9c953: not taken
+CND+ 0x7fb127a9c963: taken
+CND+ 0x7fb127a9ca7b: not taken
+CND+ 0x7fb127a9cdbc: both
+CND+ 0x7fb127a9cdc9: both
+CND+ 0x7fb127a9ce03: not taken
+CND+ 0x7fb127a9ce0d: not taken
+CND+ 0x7fb127a9ce18: taken
+CND+ 0x7fb127a9d1a1: not taken
+CND+ 0x7fb127a9d1ab: not taken
+CND+ 0x7fb127a9d1e4: taken
+CND+ 0x7fb127a9d1f2: taken
+CND+ 0x7fb127a9d20a: not taken
+CND+ 0x7fb127a9d225: not taken
+CND+ 0x7fb127a9d22f: not taken
+CND+ 0x7fb127a9d247: taken
+CND+ 0x7fb127a9d533: taken
+CND+ 0x7fb127a9d582: taken
+CND+ 0x7fb127a9d655: taken
+CND+ 0x7fb127a9d698: taken
+CND+ 0x7fb127a9d703: not taken
+CND+ 0x7fb127a9d70c: taken
+CND+ 0x7fb127a9d725: not taken
+CND+ 0x7fb127a9d742: not taken
+CND+ 0x7fb127a9d75a: not taken
+CND+ 0x7fb127a9d765: not taken
+CND+ 0x7fb127a9d792: not taken
+CND+ 0x7fb127a9d797: taken
+CND+ 0x7fb127a9d7a9: taken
+CND+ 0x7fb127a9d7ad: not taken
+CND+ 0x7fb127a9d7bc: taken
+CND+ 0x7fb127a9d7ce: taken
+CND+ 0x7fb127a9d848: taken
+CND+ 0x7fb127a9d889: not taken
+CND+ 0x7fb127a9d89b: not taken
+CND+ 0x7fb127a9d8a8: taken
+CND+ 0x7fb127a9dc2f: not taken
+CND+ 0x7fb127a9dc57: taken
+CND+ 0x7fb127a9dc65: not taken
+CND+ 0x7fb127a9dc6e: taken
+CND+ 0x7fb127a9dc86: not taken
+CND+ 0x7fb127a9dcae: taken
+CND+ 0x7fb127a9e366: taken
+CND+ 0x7fb127a9e9d6: taken
+CND+ 0x7fb127a9ea31: not taken
+CND+ 0x7fb127a9ea51: taken
+CND+ 0x7fb127a9eaad: not taken
+CND+ 0x7fb127a9eab5: taken
+CND+ 0x7fb127a9eb00: taken
+CND+ 0x7fb127a9eb5a: not taken
+CND+ 0x7fb127a9eb62: not taken
+CND+ 0x7fb127a9eb6b: not taken
+CND+ 0x7fb127a9eb75: not taken
+CND+ 0x7fb127a9eb7f: taken
+CND+ 0x7fb127a9eb9b: taken
+CND+ 0x7fb127a9ec3c: taken
+CND+ 0x7fb127a9eed9: not taken
+CND+ 0x7fb127a9eee6: not taken
+CND+ 0x7fb127a9ef01: not taken
+CND+ 0x7fb127a9ef1a: not taken
+CND+ 0x7fb127a9ef20: not taken
+CND+ 0x7fb127a9ef26: taken
+CND+ 0x7fb127a9f76c: not taken
+CND+ 0x7fb127a9f78c: not taken
+CND+ 0x7fb127a9f7d8: both
+CND+ 0x7fb127a9f7e1: taken
+CND+ 0x7fb127a9f806: not taken
+CND+ 0x7fb127a9f840: not taken
+CND+ 0x7fb127a9f84a: not taken
+CND+ 0x7fb127a9f965: both
+CND+ 0x7fb127a9f989: not taken
+CND+ 0x7fb127a9f9b2: not taken
+CND+ 0x7fb127a9f9bc: not taken
+CND+ 0x7fb127a9f9e3: not taken
+CND+ 0x7fb127a9fa13: taken
+CND+ 0x7fb127a9fafd: not taken
+CND+ 0x7fb127a9fb1a: not taken
+CND+ 0x7fb127a9fb61: taken
+CND+ 0x7fb127aa0711: not taken
+CND+ 0x7fb127aa071d: not taken
+CND+ 0x7fb127aa0722: not taken
+CND+ 0x7fb127aa0748: not taken
+CND+ 0x7fb127aa074c: not taken
+CND+ 0x7fb127aa075f: not taken
+CND+ 0x7fb127aa07a4: not taken
+CND+ 0x7fb127aa08f3: both
+CND+ 0x7fb127aa090f: both
+CND+ 0x7fb127aa0911: not taken
+CND+ 0x7fb127aa091a: taken
+CND+ 0x7fb127aa0a92: not taken
+CND+ 0x7fb127aa0aba: not taken
+CND+ 0x7fb127aa0ad5: both
+CND+ 0x7fb127aa0ade: taken
+CND+ 0x7fb127aa0af7: not taken
+CND+ 0x7fb127aa0b01: not taken
+CND+ 0x7fb127aa0b05: not taken
+CND+ 0x7fb127aa0b19: taken
+CND+ 0x7fb127aa0c50: not taken
+CND+ 0x7fb127aa0c62: taken
+CND+ 0x7fb127aa0db1: not taken
+CND+ 0x7fb127aa0dea: both
+CND+ 0x7fb127aa0e13: not taken
+CND+ 0x7fb127aa0e20: taken
+CND+ 0x7fb127aa0e2d: not taken
+CND+ 0x7fb127aa0e43: not taken
+CND+ 0x7fb127aa0e4f: both
+CND+ 0x7fb127aa0e58: not taken
+CND+ 0x7fb127aa0e72: taken
+CND+ 0x7fb127aa0ee7: taken
+CND+ 0x7fb127aa175d: both
+CND+ 0x7fb127aa176f: not taken
+CND+ 0x7fb127aa1782: both
+CND+ 0x7fb127aa1787: both
+CND+ 0x7fb127aa1795: both
+CND+ 0x7fb127aa18b1: not taken
+CND+ 0x7fb127aa18dc: not taken
+CND+ 0x7fb127aa18ea: not taken
+CND+ 0x7fb127aa18ec: both
+CND+ 0x7fb127aa18f5: not taken
+CND+ 0x7fb127aa18fb: taken
+CND+ 0x7fb127aa1943: not taken
+CND+ 0x7fb127aa194c: taken
+CND+ 0x7fb127aa1983: not taken
+CND+ 0x7fb127aa1989: both
+CND+ 0x7fb127aa1990: not taken
+CND+ 0x7fb127aa19ab: taken
+CND+ 0x7fb127aa1a0b: taken
+CND+ 0x7fb127aa1b10: both
+CND+ 0x7fb127aa1b1c: not taken
+CND+ 0x7fb127aa1b21: both
+CND+ 0x7fb127aa1b2f: not taken
+CND+ 0x7fb127aa1b37: both
+CND+ 0x7fb127aa1b44: both
+CND+ 0x7fb127aa1b5e: taken
+CND+ 0x7fb127aa1b92: both
+CND+ 0x7fb127aa1b9b: taken
+CND+ 0x7fb127aa1bfb: taken
+CND+ 0x7fb127aa1d68: both
+CND+ 0x7fb127aa1d71: taken
+CND+ 0x7fb127aa1d8b: not taken
+CND+ 0x7fb127aa1da3: taken
+CND+ 0x7fb127aa1ddd: taken
+CND+ 0x7fb127aa1e02: not taken
+CND+ 0x7fb127aa1e0b: taken
+CND+ 0x7fb127aa1e2f: not taken
+CND+ 0x7fb127aa1e35: taken
+CND+ 0x7fb127aa1e4f: not taken
+CND+ 0x7fb127aa1e58: both
+CND+ 0x7fb127aa1f7d: not taken
+CND+ 0x7fb127aa202c: not taken
+CND+ 0x7fb127aa20c7: not taken
+CND+ 0x7fb127aa20d0: both
+CND+ 0x7fb127aa20d9: not taken
+CND+ 0x7fb127aa25a7: both
+CND+ 0x7fb127aa25ed: not taken
+CND+ 0x7fb127aa25f2: taken
+CND+ 0x7fb127aa2682: not taken
+CND+ 0x7fb127aa26a1: not taken
+CND+ 0x7fb127aa27bb: not taken
+CND+ 0x7fb127aa2835: not taken
+CND+ 0x7fb127aa2870: not taken
+CND+ 0x7fb127aa288e: not taken
+CND+ 0x7fb127aa289e: not taken
+CND+ 0x7fb127aa29ca: both
+CND+ 0x7fb127aa29ea: taken
+CND+ 0x7fb127aa29f6: taken
+CND+ 0x7fb127aa2a15: taken
+CND+ 0x7fb127aa2a38: not taken
+CND+ 0x7fb127aa2a48: taken
+CND+ 0x7fb127aa2abb: not taken
+CND+ 0x7fb127aa314f: not taken
+CND+ 0x7fb127aa316f: not taken
+CND+ 0x7fb127aa317e: taken
+CND+ 0x7fb127aa3a5f: taken
+CND+ 0x7fb127aa3b46: not taken
+CND+ 0x7fb127aa3b50: taken
+CND+ 0x7fb127aa3b69: taken
+CND+ 0x7fb127aa3b93: taken
+CND+ 0x7fb127aa3d2b: taken
+CND+ 0x7fb127aa3e50: not taken
+CND+ 0x7fb127aa4227: taken
+CND+ 0x7fb127aa425f: not taken
+CND+ 0x7fb127aa4278: taken
+CND+ 0x7fb127aa42b9: not taken
+CND+ 0x7fb127aa42d7: taken
+CND+ 0x7fb127aa430b: taken
+CND+ 0x7fb127aa4383: taken
+CND+ 0x7fb127aa43e2: taken
+CND+ 0x7fb127aa4456: taken
+CND+ 0x7fb127aa4488: both
+CND+ 0x7fb127aa448c: not taken
+CND+ 0x7fb127aa4493: not taken
+CND+ 0x7fb127aa4498: both
+CND+ 0x7fb127aa44e0: not taken
+CND+ 0x7fb127aa4512: not taken
+CND+ 0x7fb127aa4519: taken
+CND+ 0x7fb127aa4548: not taken
+CND+ 0x7fb127aa454d: not taken
+CND+ 0x7fb127aa45c9: not taken
+CND+ 0x7fb127aa45d7: taken
+CND+ 0x7fb127aa46f8: taken
+CND+ 0x7fb127aa47b9: not taken
+CND+ 0x7fb127aa4830: not taken
+CND+ 0x7fb127aa4846: taken
+CND+ 0x7fb127aa486e: not taken
+CND+ 0x7fb127aa4b09: not taken
+CND+ 0x7fb127aa4b13: not taken
+CND+ 0x7fb127aa4c18: taken
+CND+ 0x7fb127aa4c9d: not taken
+CND+ 0x7fb127aa4dfa: taken
+CND+ 0x7fb127aa6946: both
+CND+ 0x7fb127aa6963: both
+CND+ 0x7fb127aa6968: not taken
+CND+ 0x7fb127aa696e: not taken
+CND+ 0x7fb127aa6986: not taken
+CND+ 0x7fb127aa698b: both
+CND+ 0x7fb127aa699a: both
+CND+ 0x7fb127aa699f: both
+CND+ 0x7fb127aa69ac: both
+CND+ 0x7fb127aa69b7: both
+CND+ 0x7fb127aa69c4: not taken
+CND+ 0x7fb127aa6a10: not taken
+CND+ 0x7fb127aa6a15: taken
+CND+ 0x7fb127aa6a2e: both
+CND+ 0x7fb127aa6a32: both
+CND+ 0x7fb127aa6a5c: both
+CND+ 0x7fb127aa6add: not taken
+CND+ 0x7fb127aa6ae2: not taken
+CND+ 0x7fb127aa6afe: not taken
+CND+ 0x7fb127aa6b02: both
+CND+ 0x7fb127aa6b48: both
+CND+ 0x7fb127aa6b52: not taken
+CND+ 0x7fb127aa6b5c: not taken
+CND+ 0x7fb127aa6b65: both
+CND+ 0x7fb127aa6b6b: taken
+CND+ 0x7fb127aa6b75: not taken
+CND+ 0x7fb127aa6b95: not taken
+CND+ 0x7fb127aa6ba2: not taken
+CND+ 0x7fb127aa6bc4: not taken
+CND+ 0x7fb127aa6bce: not taken
+CND+ 0x7fb127aa6bf6: taken
+CND+ 0x7fb127aa6c24: taken
+CND+ 0x7fb127aa6ce1: not taken
+CND+ 0x7fb127aa6cea: not taken
+CND+ 0x7fb127aa6cf3: not taken
+CND+ 0x7fb127aa6d25: not taken
+CND+ 0x7fb127aa6d53: not taken
+CND+ 0x7fb127aa6d5d: not taken
+CND+ 0x7fb127aa6eb5: not taken
+CND+ 0x7fb127aa6eba: not taken
+CND+ 0x7fb127aa6ed8: both
+CND+ 0x7fb127aa6edc: taken
+CND+ 0x7fb127aa6f0f: not taken
+CND+ 0x7fb127aa6f15: not taken
+CND+ 0x7fb127aa746f: not taken
+CND+ 0x7fb127aa753d: not taken
+CND+ 0x7fb127aa7547: not taken
+CND+ 0x7fb127aa7605: not taken
+CND+ 0x7fb127aa760f: not taken
+CND+ 0x7fb127aa7647: not taken
+CND+ 0x7fb127aa765e: not taken
+CND+ 0x7fb127aa77bd: taken
+CND+ 0x7fb127aa77d2: taken
+CND+ 0x7fb127aa77df: not taken
+CND+ 0x7fb127aa77e4: both
+CND+ 0x7fb127aa77fa: taken
+CND+ 0x7fb127aa7856: not taken
+CND+ 0x7fb127aa785b: taken
+CND+ 0x7fb127aa787a: not taken
+CND+ 0x7fb127aa789a: not taken
+CND+ 0x7fb127aa78b7: not taken
+CND+ 0x7fb127aa78c5: not taken
+CND+ 0x7fb127aa78d4: taken
+CND+ 0x7fb127aa7df1: not taken
+CND+ 0x7fb127aa7e0c: not taken
@0x7fb127a96050 to 0x7fb12b5cfa30 4
@0x7fb127a96080 to 0x7fb12b56f330 2
@0x7fb127a96090 to 0x7fb12b611710 1
@0x7fb127a960a0 to 0x7fb12b5e7e70 5
@0x7fb127a960d0 to 0x7fb12b582a20 7
@0x7fb127a960f0 to 0x7fb12b6a6800 4
@0x7fb127a96130 to 0x7fb12b6121e0 1
@0x7fb127a96140 to 0x7fb12b586c10 1
@0x7fb127a96150 to 0x7fb12b634800 4
@0x7fb127a96160 to 0x7fb12b611230 1
@0x7fb127a96190 to 0x7fb12b6a6bc0 8
@0x7fb127a961c0 to 0x7fb12b612200 1
@0x7fb127a961e0 to 0x7fb12b6a65d0 1
@0x7fb127a96220 to 0x7fb12b612210 2
@0x7fb127a96230 to 0x7fb12b635b10 1
@0x7fb127a9816e to 0x7fb127a981c0 1
@0x7fb127a96280 to 0x7fb12b6a1d10 11
@0x7fb127a962a0 to 0x7fb12b582450 4
@0x7fb127a981ac to 0x7fb127a98e90 1
@0x7fb127a962d0 to 0x7fb12b6a2100 9
@0x7fb127a96320 to 0x7fb12b5830f0 4
@0x7fb127a96330 to 0x7fb12b6a7100 6
@0x7fb127a96350 to 0x7fb12b612220 1
@0x7fb127a96370 to 0x7fb12b634800 2
@0x7fb127a96390 to 0x7fb12b5cf3e0 23
@0x7fb127a963b0 to 0x7fb12b612230 1
@0x7fb127a963c0 to 0x7fb12b6a1e90 22
@0x7fb127a963e0 to 0x7fb12b652ba0 1
@0x7fb127a96410 to 0x7fb12b5cfc80 1
@0x7fb127a96460 to 0x7fb12b6a70e0 13
@0x7fb127a96510 to 0x7fb12b6121f0 1
@0x7fb127a96560 to 0x7fb12b6114e0 1
@0x7fb127a96570 to 0x7fb12b57b580 191
@0x7fb127aa1f91 to 0x7fb127aa2075 1
@0x7fb127a96784 to 0x7fb12b56efb0 1
@0x7fb127aa7e01 to 0x7fb127a96840 1
@0x7fb127aa455f to 0x7fb127aa4580 1
@0x7fb127aa455f to 0x7fb127aa45c0 1
@0x7fb127aa455f to 0x7fb127aa45a8 2
@0x7fb127aa28af to 0x7fb127aa2a01 180
@0x7fb127aa28af to 0x7fb127aa29f0 10
@0x7fb127aa28af to 0x7fb127aa2a28 1
@0x7fb127aa6c19 to 0x7fb127a9a7d0 1
@0x7fb127aa6c19 to 0x7fb127aa1120 1
