MODULE_NAME: /usr/bin/gs
MODULE_START: 0x7f8d8ef78000
+B+: 0x7f8d8ef79000 0x7f8d8ef7900f
+B+: 0x7f8d8ef79012 0x7f8d8ef79016
+B+: 0x7f8d8ef79020 0x7f8d8ef7902b
+B+: 0x7f8d8ef79030 0x7f8d8ef79035
+B+: 0x7f8d8ef79036 0x7f8d8ef7903f
+B+: 0x7f8d8ef79040 0x7f8d8ef79045
+B+: 0x7f8d8ef79046 0x7f8d8ef7904f
+B+: 0x7f8d8ef79050 0x7f8d8ef79055
+B+: 0x7f8d8ef79056 0x7f8d8ef7905f
+B+: 0x7f8d8ef790b0 0x7f8d8ef790b5
+B+: 0x7f8d8ef790b6 0x7f8d8ef790bf
+B+: 0x7f8d8ef790c0 0x7f8d8ef790c5
+B+: 0x7f8d8ef790c6 0x7f8d8ef790cf
+B+: 0x7f8d8ef790e0 0x7f8d8ef790e5
+B+: 0x7f8d8ef790f0 0x7f8d8ef79121
+B+: 0x7f8d8ef79122 0x7f8d8ef79127
+B+: 0x7f8d8ef79128 0x7f8d8ef79130
+B+: 0x7f8d8ef79131 0x7f8d8ef79132
+B+: 0x7f8d8ef79133 0x7f8d8ef79137
+B+: 0x7f8d8ef7913d 0x7f8d8ef79152
+B+: 0x7f8d8ef79153 0x7f8d8ef7915b
+B+: 0x7f8d8ef79178 0x7f8d8ef79183
+B+: 0x7f8d8ef79184 0x7f8d8ef791a2
+B+: 0x7f8d8ef791a3 0x7f8d8ef791b1
+B+: 0x7f8d8ef791b2 0x7f8d8ef791b7
+B+: 0x7f8d8ef791b8 0x7f8d8ef791c1
+B+: 0x7f8d8ef791c2 0x7f8d8ef791c5
+B+: 0x7f8d8ef791c6 0x7f8d8ef791ca
+B+: 0x7f8d8ef791cb 0x7f8d8ef791d6
+B+: 0x7f8d8ef791d7 0x7f8d8ef791db
+B+: 0x7f8d8ef791dc 0x7f8d8ef791e0
+B+: 0x7f8d8ef79213 0x7f8d8ef79216
+B+: 0x7f8d8ef79220 0x7f8d8ef79249
+B+: 0x7f8d8ef79250 0x7f8d8ef79262
+B+: 0x7f8d8ef79278 0x7f8d8ef79278
+B+: 0x7f8d8ef79280 0x7f8d8ef792a3
+B+: 0x7f8d8ef792b8 0x7f8d8ef792b8
+B+: 0x7f8d8ef792c0 0x7f8d8ef792c8
+B+: 0x7f8d8ef792c9 0x7f8d8ef792d6
+B+: 0x7f8d8ef792d7 0x7f8d8ef792e2
+B+: 0x7f8d8ef792e3 0x7f8d8ef792e7
+B+: 0x7f8d8ef792e8 0x7f8d8ef792f0
+B+: 0x7f8d8ef79300 0x7f8d8ef79304
+B+: 0x7f8d8ef793c0 0x7f8d8ef793ec
+B+: 0x7f8d8ef793ed 0x7f8d8ef793f2
+B+: 0x7f8d8ef793f3 0x7f8d8ef79404
+B+: 0x7f8d8ef79405 0x7f8d8ef7940d
+B+: 0x7f8d8ef7940e 0x7f8d8ef7941c
+B+: 0x7f8d8ef79424 0x7f8d8ef7942c
+CND+ 0x7f8d8ef7900e: taken
+CND+ 0x7f8d8ef79126: taken
+CND+ 0x7f8d8ef7912b: not taken
+CND+ 0x7f8d8ef79131: not taken
+CND+ 0x7f8d8ef79136: taken
+CND+ 0x7f8d8ef7914d: not taken
+CND+ 0x7f8d8ef791b6: not taken
+CND+ 0x7f8d8ef791c4: not taken
+CND+ 0x7f8d8ef791c9: taken
+CND+ 0x7f8d8ef791df: taken
+CND+ 0x7f8d8ef79261: taken
+CND+ 0x7f8d8ef792a2: taken
+CND+ 0x7f8d8ef792c7: not taken
+CND+ 0x7f8d8ef792d5: not taken
+CND+ 0x7f8d8ef793f1: not taken
+CND+ 0x7f8d8ef7940c: not taken
@0x7f8d8ef79026 to 0x7f8d92f68500 5
@0x7f8d8ef79030 to 0x7f8d8ef79036 1
@0x7f8d8ef79040 to 0x7f8d8ef79046 1
@0x7f8d8ef79050 to 0x7f8d8ef79056 1
@0x7f8d8ef790b0 to 0x7f8d8ef790b6 1
@0x7f8d8ef790c0 to 0x7f8d8ef790c6 1
@0x7f8d8ef790e0 to 0x7f8d91ace1c0 1
@0x7f8d8ef79244 to 0x7f8d91ab7fb0 1
@0x7f8d8ef79401 to 0x7f8d8ef79300 1
