MODULE_NAME: /bin/dash
MODULE_START: 0x7fc62b925000
+B+: 0x7fc62b929000 0x7fc62b92900f
+B+: 0x7fc62b929012 0x7fc62b929016
+B+: 0x7fc62b929050 0x7fc62b929055
+B+: 0x7fc62b929080 0x7fc62b929085
+B+: 0x7fc62b929090 0x7fc62b929095
+B+: 0x7fc62b9290a0 0x7fc62b9290a5
+B+: 0x7fc62b9290d0 0x7fc62b9290d5
+B+: 0x7fc62b9290f0 0x7fc62b9290f5
+B+: 0x7fc62b929130 0x7fc62b929135
+B+: 0x7fc62b929140 0x7fc62b929145
+B+: 0x7fc62b929150 0x7fc62b929155
+B+: 0x7fc62b929160 0x7fc62b929165
+B+: 0x7fc62b929190 0x7fc62b929195
+B+: 0x7fc62b9291c0 0x7fc62b9291c5
+B+: 0x7fc62b9291e0 0x7fc62b9291e5
+B+: 0x7fc62b929220 0x7fc62b929225
+B+: 0x7fc62b929230 0x7fc62b929235
+B+: 0x7fc62b929280 0x7fc62b929285
+B+: 0x7fc62b9292a0 0x7fc62b9292a5
+B+: 0x7fc62b9292d0 0x7fc62b9292d5
+B+: 0x7fc62b929320 0x7fc62b929325
+B+: 0x7fc62b929330 0x7fc62b929335
+B+: 0x7fc62b929350 0x7fc62b929355
+B+: 0x7fc62b929370 0x7fc62b929375
+B+: 0x7fc62b929390 0x7fc62b929395
+B+: 0x7fc62b9293b0 0x7fc62b9293b5
+B+: 0x7fc62b9293c0 0x7fc62b9293c5
+B+: 0x7fc62b9293e0 0x7fc62b9293e5
+B+: 0x7fc62b929410 0x7fc62b929415
+B+: 0x7fc62b929460 0x7fc62b929465
+B+: 0x7fc62b929510 0x7fc62b929515
+B+: 0x7fc62b929560 0x7fc62b929565
+B+: 0x7fc62b929570 0x7fc62b929575
+B+: 0x7fc62b929590 0x7fc62b9295b8
+B+: 0x7fc62b9295b9 0x7fc62b9295c4
+B+: 0x7fc62b9295c5 0x7fc62b9295cf
+B+: 0x7fc62b9295d0 0x7fc62b9295e7
+B+: 0x7fc62b9295e8 0x7fc62b9295ef
+B+: 0x7fc62b9295f0 0x7fc62b929600
+B+: 0x7fc62b929601 0x7fc62b92960b
+B+: 0x7fc62b92960c 0x7fc62b929615
+B+: 0x7fc62b929616 0x7fc62b929623
+B+: 0x7fc62b929624 0x7fc62b92962b
+B+: 0x7fc62b92962c 0x7fc62b92963c
+B+: 0x7fc62b929657 0x7fc62b929660
+B+: 0x7fc62b929661 0x7fc62b929678
+B+: 0x7fc62b929679 0x7fc62b92967f
+B+: 0x7fc62b929680 0x7fc62b92968c
+B+: 0x7fc62b92968d 0x7fc62b929696
+B+: 0x7fc62b929697 0x7fc62b92969b
+B+: 0x7fc62b929760 0x7fc62b929789
+B+: 0x7fc62b9297c0 0x7fc62b9297e3
+B+: 0x7fc62b9297f8 0x7fc62b9297f8
+B+: 0x7fc62b929840 0x7fc62b929844
+B+: 0x7fc62b929850 0x7fc62b929863
+B+: 0x7fc62b929864 0x7fc62b92986f
+B+: 0x7fc62b929870 0x7fc62b92987d
+B+: 0x7fc62b92987e 0x7fc62b9298aa
+B+: 0x7fc62b9298ab 0x7fc62b9298ac
+B+: 0x7fc62b9298cb 0x7fc62b9298d2
+B+: 0x7fc62b929a50 0x7fc62b929a57
+B+: 0x7fc62b929a58 0x7fc62b929a5e
+B+: 0x7fc62b929a5f 0x7fc62b929a63
+B+: 0x7fc62b929a71 0x7fc62b929a72
+B+: 0x7fc62b92a6d0 0x7fc62b92a6eb
+B+: 0x7fc62b92a6ec 0x7fc62b92a705
+B+: 0x7fc62b92a717 0x7fc62b92a71b
+B+: 0x7fc62b92a71c 0x7fc62b92a720
+B+: 0x7fc62b92a72c 0x7fc62b92a730
+B+: 0x7fc62b92a73e 0x7fc62b92a74d
+B+: 0x7fc62b92a74e 0x7fc62b92a757
+B+: 0x7fc62b92a758 0x7fc62b92a775
+B+: 0x7fc62b92a780 0x7fc62b92a788
+B+: 0x7fc62b92a789 0x7fc62b92a790
+B+: 0x7fc62b92a791 0x7fc62b92a79c
+B+: 0x7fc62b92b060 0x7fc62b92b07e
+B+: 0x7fc62b92b10d 0x7fc62b92b11c
+B+: 0x7fc62b92b11d 0x7fc62b92b123
+B+: 0x7fc62b92b140 0x7fc62b92b14a
+B+: 0x7fc62b92b14b 0x7fc62b92b152
+B+: 0x7fc62b92b153 0x7fc62b92b15d
+B+: 0x7fc62b92b15e 0x7fc62b92b16f
+B+: 0x7fc62b92b188 0x7fc62b92b18c
+B+: 0x7fc62b92b18d 0x7fc62b92b191
+B+: 0x7fc62b92b192 0x7fc62b92b19c
+B+: 0x7fc62b92b1a7 0x7fc62b92b1ad
+B+: 0x7fc62b92b1ae 0x7fc62b92b1b5
+B+: 0x7fc62b92b1c0 0x7fc62b92b1cf
+B+: 0x7fc62b92bbc0 0x7fc62b92bbfa
+B+: 0x7fc62b92bbfb 0x7fc62b92bc07
+B+: 0x7fc62b92bc08 0x7fc62b92bc0f
+B+: 0x7fc62b92bc10 0x7fc62b92bc11
+B+: 0x7fc62b92bc18 0x7fc62b92bc21
+B+: 0x7fc62b92bc22 0x7fc62b92bc2e
+B+: 0x7fc62b92bc32 0x7fc62b92bc39
+B+: 0x7fc62b92bc3a 0x7fc62b92bc49
+B+: 0x7fc62b92bc4a 0x7fc62b92bc51
+B+: 0x7fc62b92bc52 0x7fc62b92bc58
+B+: 0x7fc62b92bc59 0x7fc62b92bc60
+B+: 0x7fc62b92bc61 0x7fc62b92bc68
+B+: 0x7fc62b92bc69 0x7fc62b92bc6d
+B+: 0x7fc62b92bc6e 0x7fc62b92bc77
+B+: 0x7fc62b92bc78 0x7fc62b92bc89
+B+: 0x7fc62b92bc8a 0x7fc62b92bc98
+B+: 0x7fc62b92be90 0x7fc62b92bed3
+B+: 0x7fc62b92bedf 0x7fc62b92bef5
+B+: 0x7fc62b92bef6 0x7fc62b92befa
+B+: 0x7fc62b92befb 0x7fc62b92bf5a
+B+: 0x7fc62b92bf5b 0x7fc62b92bf67
+B+: 0x7fc62b92bf68 0x7fc62b92bf77
+B+: 0x7fc62b92bf78 0x7fc62b92bf7f
+B+: 0x7fc62b92bf80 0x7fc62b92bf8b
+B+: 0x7fc62b92bf8c 0x7fc62b92bf94
+B+: 0x7fc62b92bf95 0x7fc62b92bf9b
+B+: 0x7fc62b92bfa0 0x7fc62b92bfaf
+B+: 0x7fc62b92bfb0 0x7fc62b92bfc5
+B+: 0x7fc62b92bfc6 0x7fc62b92bfcf
+B+: 0x7fc62b92bfd0 0x7fc62b92bfe3
+B+: 0x7fc62b92bfe4 0x7fc62b92bffc
+B+: 0x7fc62b92c019 0x7fc62b92c02b
+B+: 0x7fc62b92c02c 0x7fc62b92c034
+B+: 0x7fc62b92c035 0x7fc62b92c047
+B+: 0x7fc62b92c048 0x7fc62b92c05b
+B+: 0x7fc62b92c0a8 0x7fc62b92c0b4
+B+: 0x7fc62b92c0b5 0x7fc62b92c0b9
+B+: 0x7fc62b92c0db 0x7fc62b92c0e1
+B+: 0x7fc62b92c0f0 0x7fc62b92c103
+B+: 0x7fc62b92c104 0x7fc62b92c113
+B+: 0x7fc62b92c114 0x7fc62b92c11b
+B+: 0x7fc62b92c11c 0x7fc62b92c122
+B+: 0x7fc62b92c123 0x7fc62b92c152
+B+: 0x7fc62b92c153 0x7fc62b92c15f
+B+: 0x7fc62b92c160 0x7fc62b92c168
+B+: 0x7fc62b92c216 0x7fc62b92c21c
+B+: 0x7fc62b92c224 0x7fc62b92c22d
+B+: 0x7fc62b92c22e 0x7fc62b92c237
+B+: 0x7fc62b92c238 0x7fc62b92c241
+B+: 0x7fc62b92c242 0x7fc62b92c24b
+B+: 0x7fc62b92c25d 0x7fc62b92c266
+B+: 0x7fc62b92c267 0x7fc62b92c281
+B+: 0x7fc62b92c282 0x7fc62b92c293
+B+: 0x7fc62b92c34c 0x7fc62b92c353
+B+: 0x7fc62b92c354 0x7fc62b92c36f
+B+: 0x7fc62b92c51b 0x7fc62b92c525
+B+: 0x7fc62b92c526 0x7fc62b92c52e
+B+: 0x7fc62b92c52f 0x7fc62b92c537
+B+: 0x7fc62b92c8d0 0x7fc62b92c8ec
+B+: 0x7fc62b92c8ed 0x7fc62b92c8f1
+B+: 0x7fc62b92c8f8 0x7fc62b92c8fa
+B+: 0x7fc62b92c8fb 0x7fc62b92c907
+B+: 0x7fc62b92c908 0x7fc62b92c93e
+B+: 0x7fc62b92c93f 0x7fc62b92c940
+B+: 0x7fc62b92c963 0x7fc62b92c977
+B+: 0x7fc62b92c980 0x7fc62b92c986
+B+: 0x7fc62b92c987 0x7fc62b92c98e
+B+: 0x7fc62b92c98f 0x7fc62b92c997
+B+: 0x7fc62b92c998 0x7fc62b92c9ba
+B+: 0x7fc62b92c9bb 0x7fc62b92c9bc
+B+: 0x7fc62b92c9c0 0x7fc62b92c9e7
+B+: 0x7fc62b92c9e8 0x7fc62b92c9f7
+B+: 0x7fc62b92ca19 0x7fc62b92ca21
+B+: 0x7fc62b92ca22 0x7fc62b92ca2a
+B+: 0x7fc62b92ca2b 0x7fc62b92ca34
+B+: 0x7fc62b92ca35 0x7fc62b92ca3f
+B+: 0x7fc62b92cad0 0x7fc62b92cae9
+B+: 0x7fc62b92caea 0x7fc62b92cb00
+B+: 0x7fc62b92cb10 0x7fc62b92cb1f
+B+: 0x7fc62b92cb20 0x7fc62b92cb2b
+B+: 0x7fc62b92cb2c 0x7fc62b92cb31
+B+: 0x7fc62b92cb32 0x7fc62b92cb41
+B+: 0x7fc62b92cb56 0x7fc62b92cb61
+B+: 0x7fc62b92cb62 0x7fc62b92cb6f
+B+: 0x7fc62b92cb70 0x7fc62b92cb85
+B+: 0x7fc62b92cb86 0x7fc62b92cb97
+B+: 0x7fc62b92cb98 0x7fc62b92cbc0
+B+: 0x7fc62b92cbc8 0x7fc62b92cbcc
+B+: 0x7fc62b92cbcd 0x7fc62b92cbea
+B+: 0x7fc62b92cd70 0x7fc62b92cd98
+B+: 0x7fc62b92cda0 0x7fc62b92cda1
+B+: 0x7fc62b92cda2 0x7fc62b92cdaa
+B+: 0x7fc62b92cdab 0x7fc62b92cdc5
+B+: 0x7fc62b92cdc6 0x7fc62b92cdc9
+B+: 0x7fc62b92cdca 0x7fc62b92cdd1
+B+: 0x7fc62b92cdd2 0x7fc62b92cde6
+B+: 0x7fc62b92cdf0 0x7fc62b92ce2a
+B+: 0x7fc62b92ce2b 0x7fc62b92ce2f
+B+: 0x7fc62b92ce46 0x7fc62b92ce5c
+B+: 0x7fc62b92ce5d 0x7fc62b92ce6e
+B+: 0x7fc62b92ce90 0x7fc62b92cead
+B+: 0x7fc62b92cec8 0x7fc62b92ced1
+B+: 0x7fc62b92ced2 0x7fc62b92cedd
+B+: 0x7fc62b92cf6c 0x7fc62b92cf8f
+B+: 0x7fc62b92cf90 0x7fc62b92cf9c
+B+: 0x7fc62b92cf9d 0x7fc62b92cfa8
+B+: 0x7fc62b92cfa9 0x7fc62b92cfb0
+B+: 0x7fc62b92cfb1 0x7fc62b92cfc5
+B+: 0x7fc62b92d008 0x7fc62b92d012
+B+: 0x7fc62b92d013 0x7fc62b92d01e
+B+: 0x7fc62b92d01f 0x7fc62b92d02e
+B+: 0x7fc62b92d060 0x7fc62b92d066
+B+: 0x7fc62b92d067 0x7fc62b92d074
+B+: 0x7fc62b92d075 0x7fc62b92d086
+B+: 0x7fc62b92d087 0x7fc62b92d08e
+B+: 0x7fc62b92d08f 0x7fc62b92d0a2
+B+: 0x7fc62b92d0a3 0x7fc62b92d0b0
+B+: 0x7fc62b92d100 0x7fc62b92d116
+B+: 0x7fc62b92d145 0x7fc62b92d14d
+B+: 0x7fc62b92d14e 0x7fc62b92d157
+B+: 0x7fc62b92d160 0x7fc62b92d166
+B+: 0x7fc62b92d1c0 0x7fc62b92d1d1
+B+: 0x7fc62b92d1e8 0x7fc62b92d1ef
+B+: 0x7fc62b92d248 0x7fc62b92d25b
+B+: 0x7fc62b92d25c 0x7fc62b92d271
+B+: 0x7fc62b92d7d0 0x7fc62b92d7ff
+B+: 0x7fc62b92d80f 0x7fc62b92d812
+B+: 0x7fc62b92d813 0x7fc62b92d81c
+B+: 0x7fc62b92d81d 0x7fc62b92d820
+B+: 0x7fc62b92d821 0x7fc62b92d82f
+B+: 0x7fc62b92d830 0x7fc62b92d83a
+B+: 0x7fc62b92d84f 0x7fc62b92d85a
+B+: 0x7fc62b92d85f 0x7fc62b92d862
+B+: 0x7fc62b92d870 0x7fc62b92d877
+B+: 0x7fc62b92d878 0x7fc62b92d88d
+B+: 0x7fc62b92e440 0x7fc62b92e464
+B+: 0x7fc62b92e61e 0x7fc62b92e627
+B+: 0x7fc62b92e628 0x7fc62b92e631
+B+: 0x7fc62b92e632 0x7fc62b92e659
+B+: 0x7fc62b92e6af 0x7fc62b92e6bc
+B+: 0x7fc62b92e6c0 0x7fc62b92e6cb
+B+: 0x7fc62b92e730 0x7fc62b92e73b
+B+: 0x7fc62b92e740 0x7fc62b92e75e
+B+: 0x7fc62b92e75f 0x7fc62b92e767
+B+: 0x7fc62b92e7d2 0x7fc62b92e7e3
+B+: 0x7fc62b92e8a0 0x7fc62b92e8a7
+B+: 0x7fc62b92f260 0x7fc62b92f2a5
+B+: 0x7fc62b92f2b5 0x7fc62b92f2be
+B+: 0x7fc62b92f2bf 0x7fc62b92f2d2
+B+: 0x7fc62b92f2d3 0x7fc62b92f2fc
+B+: 0x7fc62b92f2fd 0x7fc62b92f310
+B+: 0x7fc62b92f324 0x7fc62b92f328
+B+: 0x7fc62b92f336 0x7fc62b92f33f
+B+: 0x7fc62b92f340 0x7fc62b92f344
+B+: 0x7fc62b92f370 0x7fc62b92f386
+B+: 0x7fc62b92f387 0x7fc62b92f398
+B+: 0x7fc62b92f3a0 0x7fc62b92f3b6
+B+: 0x7fc62b92f3b7 0x7fc62b92f3d7
+B+: 0x7fc62b92f3dd 0x7fc62b92f3ec
+B+: 0x7fc62b92f850 0x7fc62b92f886
+B+: 0x7fc62b92f887 0x7fc62b92f89a
+B+: 0x7fc62b92f89b 0x7fc62b92f8ad
+B+: 0x7fc62b92f8ae 0x7fc62b92f8c4
+B+: 0x7fc62b92f8c5 0x7fc62b92f8d7
+B+: 0x7fc62b92f8d8 0x7fc62b92f8e7
+B+: 0x7fc62b92f8e8 0x7fc62b92f90c
+B+: 0x7fc62b92f90d 0x7fc62b92f915
+B+: 0x7fc62b92f924 0x7fc62b92f933
+B+: 0x7fc62b92f934 0x7fc62b92f947
+B+: 0x7fc62b92f948 0x7fc62b92f954
+B+: 0x7fc62b92f955 0x7fc62b92f95f
+B+: 0x7fc62b92f960 0x7fc62b92f964
+B+: 0x7fc62b92fa6a 0x7fc62b92fa7c
+B+: 0x7fc62b92fa7d 0x7fc62b92fa9c
+B+: 0x7fc62b92fba0 0x7fc62b92fbad
+B+: 0x7fc62b92fbae 0x7fc62b92fbe1
+B+: 0x7fc62b92fbf0 0x7fc62b92fbfb
+B+: 0x7fc62b92fdb0 0x7fc62b92fdbd
+B+: 0x7fc62b92fdbe 0x7fc62b92fdca
+B+: 0x7fc62b92fdcb 0x7fc62b92fde3
+B+: 0x7fc62b92fde8 0x7fc62b92fdf4
+B+: 0x7fc62b92fdf8 0x7fc62b92fe04
+B+: 0x7fc62b92fe05 0x7fc62b92fe12
+B+: 0x7fc62b92fe13 0x7fc62b92fe1d
+B+: 0x7fc62b92feb4 0x7fc62b92fec1
+B+: 0x7fc62b930160 0x7fc62b930174
+B+: 0x7fc62b930175 0x7fc62b930187
+B+: 0x7fc62b930188 0x7fc62b9301a2
+B+: 0x7fc62b9301a3 0x7fc62b9301ac
+B+: 0x7fc62b9301ad 0x7fc62b9301b3
+B+: 0x7fc62b9301d0 0x7fc62b9301e5
+B+: 0x7fc62b9301eb 0x7fc62b9301f3
+B+: 0x7fc62b930205 0x7fc62b93020b
+B+: 0x7fc62b93020c 0x7fc62b93021d
+B+: 0x7fc62b93021e 0x7fc62b930226
+B+: 0x7fc62b930227 0x7fc62b930230
+B+: 0x7fc62b930231 0x7fc62b930232
+B+: 0x7fc62b930240 0x7fc62b930248
+B+: 0x7fc62b930260 0x7fc62b930260
+B+: 0x7fc62b930520 0x7fc62b930534
+B+: 0x7fc62b930572 0x7fc62b930578
+B+: 0x7fc62b930580 0x7fc62b930583
+B+: 0x7fc62b930610 0x7fc62b930656
+B+: 0x7fc62b93065b 0x7fc62b930686
+B+: 0x7fc62b930687 0x7fc62b93069d
+B+: 0x7fc62b9306fc 0x7fc62b930708
+B+: 0x7fc62b930709 0x7fc62b930711
+B+: 0x7fc62b930712 0x7fc62b93072a
+B+: 0x7fc62b93072b 0x7fc62b93073c
+B+: 0x7fc62b930740 0x7fc62b930747
+B+: 0x7fc62b930748 0x7fc62b93075f
+B+: 0x7fc62b930760 0x7fc62b930766
+B+: 0x7fc62b930767 0x7fc62b930780
+B+: 0x7fc62b930790 0x7fc62b930793
+B+: 0x7fc62b930794 0x7fc62b930798
+B+: 0x7fc62b9307a2 0x7fc62b9307aa
+B+: 0x7fc62b9307ab 0x7fc62b9307ae
+B+: 0x7fc62b9307af 0x7fc62b9307bd
+B+: 0x7fc62b9307cb 0x7fc62b9307d3
+B+: 0x7fc62b930825 0x7fc62b930841
+B+: 0x7fc62b930842 0x7fc62b93084d
+B+: 0x7fc62b93087e 0x7fc62b93088e
+B+: 0x7fc62b93088f 0x7fc62b9308a0
+B+: 0x7fc62b9308a1 0x7fc62b9308ad
+B+: 0x7fc62b930c10 0x7fc62b930c30
+B+: 0x7fc62b930c31 0x7fc62b930c58
+B+: 0x7fc62b930c5e 0x7fc62b930c66
+B+: 0x7fc62b930c67 0x7fc62b930c6f
+B+: 0x7fc62b930c78 0x7fc62b930c87
+B+: 0x7fc62b930c88 0x7fc62b930c89
+B+: 0x7fc62b930ca0 0x7fc62b930caf
+B+: 0x7fc62b930cba 0x7fc62b930cc4
+B+: 0x7fc62b930ce0 0x7fc62b930ce8
+B+: 0x7fc62b931360 0x7fc62b93136b
+B+: 0x7fc62b931480 0x7fc62b931480
+B+: 0x7fc62b9319c0 0x7fc62b9319db
+B+: 0x7fc62b931a16 0x7fc62b931a32
+B+: 0x7fc62b931a33 0x7fc62b931a52
+B+: 0x7fc62b931a63 0x7fc62b931a6a
+B+: 0x7fc62b931a90 0x7fc62b931aa6
+B+: 0x7fc62b931aa7 0x7fc62b931aae
+B+: 0x7fc62b931aaf 0x7fc62b931ab6
+B+: 0x7fc62b931af6 0x7fc62b931b01
+B+: 0x7fc62b931b0c 0x7fc62b931b34
+B+: 0x7fc62b931b40 0x7fc62b931b57
+B+: 0x7fc62b931b58 0x7fc62b931b5f
+B+: 0x7fc62b931b60 0x7fc62b931b67
+B+: 0x7fc62b931b68 0x7fc62b931b70
+B+: 0x7fc62b931b71 0x7fc62b931b7a
+B+: 0x7fc62b931b7b 0x7fc62b931b80
+B+: 0x7fc62b931b97 0x7fc62b931b9c
+B+: 0x7fc62b931c0a 0x7fc62b931c3d
+B+: 0x7fc62b931c47 0x7fc62b931c53
+B+: 0x7fc62b931ed0 0x7fc62b931ede
+B+: 0x7fc62b931edf 0x7fc62b931ee7
+B+: 0x7fc62b931ee8 0x7fc62b931efc
+B+: 0x7fc62b931efd 0x7fc62b931f02
+B+: 0x7fc62b931f03 0x7fc62b931f1b
+B+: 0x7fc62b931f1c 0x7fc62b931f21
+B+: 0x7fc62b931f22 0x7fc62b931f2b
+B+: 0x7fc62b931fc0 0x7fc62b931fc7
+B+: 0x7fc62b931fc8 0x7fc62b931fd0
+B+: 0x7fc62b932760 0x7fc62b932768
+B+: 0x7fc62b932769 0x7fc62b93276d
+B+: 0x7fc62b93276e 0x7fc62b932772
+B+: 0x7fc62b932780 0x7fc62b932788
+B+: 0x7fc62b932789 0x7fc62b93278d
+B+: 0x7fc62b93278e 0x7fc62b932792
+B+: 0x7fc62b9327c0 0x7fc62b9327d9
+B+: 0x7fc62b9327da 0x7fc62b9327e6
+B+: 0x7fc62b9327f7 0x7fc62b932802
+B+: 0x7fc62b932803 0x7fc62b93280b
+B+: 0x7fc62b93280c 0x7fc62b932841
+B+: 0x7fc62b932842 0x7fc62b93284b
+B+: 0x7fc62b93284c 0x7fc62b932852
+B+: 0x7fc62b932853 0x7fc62b932875
+B+: 0x7fc62b932880 0x7fc62b93288e
+B+: 0x7fc62b9328b0 0x7fc62b9328c8
+B+: 0x7fc62b932900 0x7fc62b932941
+B+: 0x7fc62b932950 0x7fc62b932966
+B+: 0x7fc62b932967 0x7fc62b93297e
+B+: 0x7fc62b93297f 0x7fc62b93298a
+B+: 0x7fc62b93298b 0x7fc62b9329b3
+B+: 0x7fc62b9329b4 0x7fc62b9329bd
+B+: 0x7fc62b9329be 0x7fc62b9329bf
+B+: 0x7fc62b9329d0 0x7fc62b9329e8
+B+: 0x7fc62b9329e9 0x7fc62b932a14
+B+: 0x7fc62b932a1e 0x7fc62b932a25
+B+: 0x7fc62b932a26 0x7fc62b932a33
+B+: 0x7fc62b932a34 0x7fc62b932a46
+B+: 0x7fc62b932ae0 0x7fc62b932afe
+B+: 0x7fc62b932aff 0x7fc62b932b0c
+B+: 0x7fc62b932b0d 0x7fc62b932b1b
+B+: 0x7fc62b932b1c 0x7fc62b932b2c
+B+: 0x7fc62b932b40 0x7fc62b932b62
+B+: 0x7fc62b932b98 0x7fc62b932ba9
+B+: 0x7fc62b9336d0 0x7fc62b9336f4
+B+: 0x7fc62b9336f5 0x7fc62b93370d
+B+: 0x7fc62b93370e 0x7fc62b933712
+B+: 0x7fc62b933713 0x7fc62b93371e
+B+: 0x7fc62b93371f 0x7fc62b933723
+B+: 0x7fc62b933724 0x7fc62b933728
+B+: 0x7fc62b933729 0x7fc62b933730
+B+: 0x7fc62b93373c 0x7fc62b933749
+B+: 0x7fc62b93374a 0x7fc62b93374d
+B+: 0x7fc62b93374e 0x7fc62b933760
+B+: 0x7fc62b933761 0x7fc62b93376b
+B+: 0x7fc62b933790 0x7fc62b93379d
+B+: 0x7fc62b93379e 0x7fc62b9337a5
+B+: 0x7fc62b9337a6 0x7fc62b9337a7
+B+: 0x7fc62b933890 0x7fc62b93389d
+B+: 0x7fc62b93389e 0x7fc62b9338a9
+B+: 0x7fc62b9338aa 0x7fc62b9338bd
+B+: 0x7fc62b9338c0 0x7fc62b9338ca
+B+: 0x7fc62b9338d0 0x7fc62b9338ef
+B+: 0x7fc62b9338f0 0x7fc62b9338f4
+B+: 0x7fc62b9338f5 0x7fc62b93390c
+B+: 0x7fc62b93390d 0x7fc62b933910
+B+: 0x7fc62b933911 0x7fc62b933912
+B+: 0x7fc62b933913 0x7fc62b93391b
+B+: 0x7fc62b93391c 0x7fc62b933930
+B+: 0x7fc62b933938 0x7fc62b93393c
+B+: 0x7fc62b933980 0x7fc62b93398f
+B+: 0x7fc62b933990 0x7fc62b93399b
+B+: 0x7fc62b93399c 0x7fc62b9339ab
+B+: 0x7fc62b933a80 0x7fc62b933a93
+B+: 0x7fc62b933a94 0x7fc62b933aac
+B+: 0x7fc62b933aad 0x7fc62b933abf
+B+: 0x7fc62b933ac0 0x7fc62b933ada
+B+: 0x7fc62b933adb 0x7fc62b933ae3
+B+: 0x7fc62b933aec 0x7fc62b933af8
+B+: 0x7fc62b933af9 0x7fc62b933b02
+B+: 0x7fc62b933b03 0x7fc62b933b06
+B+: 0x7fc62b933b07 0x7fc62b933b1a
+B+: 0x7fc62b933c49 0x7fc62b933c55
+B+: 0x7fc62b933c56 0x7fc62b933c67
+B+: 0x7fc62b933c82 0x7fc62b933c93
+B+: 0x7fc62b933d77 0x7fc62b933d82
+B+: 0x7fc62b933da0 0x7fc62b933db2
+B+: 0x7fc62b933db3 0x7fc62b933ddf
+B+: 0x7fc62b933de0 0x7fc62b933deb
+B+: 0x7fc62b933dec 0x7fc62b933dfc
+B+: 0x7fc62b933dfd 0x7fc62b933e18
+B+: 0x7fc62b933e19 0x7fc62b933e25
+B+: 0x7fc62b933e26 0x7fc62b933e2e
+B+: 0x7fc62b933e2f 0x7fc62b933e3f
+B+: 0x7fc62b933e40 0x7fc62b933e44
+B+: 0x7fc62b933e45 0x7fc62b933e50
+B+: 0x7fc62b933e51 0x7fc62b933e5d
+B+: 0x7fc62b933e5e 0x7fc62b933e77
+B+: 0x7fc62b933ece 0x7fc62b933ed2
+B+: 0x7fc62b933ed3 0x7fc62b933ede
+B+: 0x7fc62b933ee0 0x7fc62b933eec
+B+: 0x7fc62b933f60 0x7fc62b933f7c
+B+: 0x7fc62b934120 0x7fc62b934128
+B+: 0x7fc62b934129 0x7fc62b934147
+B+: 0x7fc62b934750 0x7fc62b93475e
+B+: 0x7fc62b93475f 0x7fc62b934763
+B+: 0x7fc62b934764 0x7fc62b934770
+B+: 0x7fc62b934771 0x7fc62b934777
+B+: 0x7fc62b934778 0x7fc62b934783
+B+: 0x7fc62b934784 0x7fc62b934788
+B+: 0x7fc62b934789 0x7fc62b93478d
+B+: 0x7fc62b93478e 0x7fc62b934796
+B+: 0x7fc62b934797 0x7fc62b93479e
+B+: 0x7fc62b934890 0x7fc62b934892
+B+: 0x7fc62b9348a7 0x7fc62b9348ab
+B+: 0x7fc62b9348ac 0x7fc62b9348b2
+B+: 0x7fc62b9348b3 0x7fc62b9348b6
+B+: 0x7fc62b9348d0 0x7fc62b9348e1
+B+: 0x7fc62b9348e2 0x7fc62b9348e6
+B+: 0x7fc62b9348e7 0x7fc62b9348eb
+B+: 0x7fc62b9348ec 0x7fc62b9348f1
+B+: 0x7fc62b9348f2 0x7fc62b9348fa
+B+: 0x7fc62b9348fb 0x7fc62b9348fc
+B+: 0x7fc62b934940 0x7fc62b934948
+B+: 0x7fc62b934949 0x7fc62b934951
+B+: 0x7fc62b934980 0x7fc62b934988
+B+: 0x7fc62b934989 0x7fc62b93498a
+B+: 0x7fc62b93498b 0x7fc62b934991
+B+: 0x7fc62b934992 0x7fc62b9349a2
+B+: 0x7fc62b9349a8 0x7fc62b9349ac
+B+: 0x7fc62b9349eb 0x7fc62b934a00
+B+: 0x7fc62b934a08 0x7fc62b934a10
+B+: 0x7fc62b934af0 0x7fc62b934b11
+B+: 0x7fc62b934b12 0x7fc62b934b16
+B+: 0x7fc62b934b17 0x7fc62b934b1d
+B+: 0x7fc62b934b1e 0x7fc62b934b26
+B+: 0x7fc62b934b27 0x7fc62b934b34
+B+: 0x7fc62b934b35 0x7fc62b934b3c
+B+: 0x7fc62b934b3d 0x7fc62b934b49
+B+: 0x7fc62b934b4a 0x7fc62b934b5a
+B+: 0x7fc62b934b5b 0x7fc62b934b63
+B+: 0x7fc62b934b7f 0x7fc62b934b93
+B+: 0x7fc62b934b94 0x7fc62b934b9c
+B+: 0x7fc62b934be0 0x7fc62b934bf7
+B+: 0x7fc62b934bf8 0x7fc62b934c00
+B+: 0x7fc62b934c1b 0x7fc62b934c2b
+B+: 0x7fc62b934d40 0x7fc62b934d5e
+B+: 0x7fc62b934d5f 0x7fc62b934d6d
+B+: 0x7fc62b934d6e 0x7fc62b934d72
+B+: 0x7fc62b934d7d 0x7fc62b934d90
+B+: 0x7fc62b934d91 0x7fc62b934d95
+B+: 0x7fc62b934d96 0x7fc62b934d9a
+B+: 0x7fc62b934da0 0x7fc62b934da4
+B+: 0x7fc62b934dd5 0x7fc62b934dd9
+B+: 0x7fc62b934dda 0x7fc62b934dde
+B+: 0x7fc62b934df0 0x7fc62b934dfb
+B+: 0x7fc62b934dfc 0x7fc62b934e07
+B+: 0x7fc62b934e08 0x7fc62b934e10
+B+: 0x7fc62b934e2c 0x7fc62b934e30
+B+: 0x7fc62b934e31 0x7fc62b934e36
+B+: 0x7fc62b934e41 0x7fc62b934e45
+B+: 0x7fc62b934e46 0x7fc62b934e54
+B+: 0x7fc62b934e55 0x7fc62b934e5d
+B+: 0x7fc62b934e5e 0x7fc62b934e62
+B+: 0x7fc62b934e63 0x7fc62b934e74
+B+: 0x7fc62b934e78 0x7fc62b934e84
+B+: 0x7fc62b934ea0 0x7fc62b934ea4
+B+: 0x7fc62b934ef0 0x7fc62b934f03
+B+: 0x7fc62b934f40 0x7fc62b934f76
+B+: 0x7fc62b934f77 0x7fc62b934f82
+B+: 0x7fc62b934f83 0x7fc62b934f92
+B+: 0x7fc62b93501b 0x7fc62b935031
+B+: 0x7fc62b935032 0x7fc62b935040
+B+: 0x7fc62b935075 0x7fc62b9350b8
+B+: 0x7fc62b9350b9 0x7fc62b9350c3
+B+: 0x7fc62b9350c4 0x7fc62b9350cc
+B+: 0x7fc62b9350cd 0x7fc62b9350d5
+B+: 0x7fc62b9350d6 0x7fc62b9350de
+B+: 0x7fc62b9350df 0x7fc62b935106
+B+: 0x7fc62b935107 0x7fc62b935133
+B+: 0x7fc62b935578 0x7fc62b935581
+B+: 0x7fc62b935582 0x7fc62b9355a8
+B+: 0x7fc62b9355a9 0x7fc62b9355b6
+B+: 0x7fc62b9355d0 0x7fc62b9355e0
+B+: 0x7fc62b9355e1 0x7fc62b9355ee
+B+: 0x7fc62b9355ef 0x7fc62b9355f3
+B+: 0x7fc62b935670 0x7fc62b93567e
+B+: 0x7fc62b93567f 0x7fc62b935683
+B+: 0x7fc62b935684 0x7fc62b935692
+B+: 0x7fc62b935693 0x7fc62b93569a
+B+: 0x7fc62b93569b 0x7fc62b9356a2
+B+: 0x7fc62b9356a3 0x7fc62b9356b7
+B+: 0x7fc62b935790 0x7fc62b9357bc
+B+: 0x7fc62b9357bd 0x7fc62b9357d4
+B+: 0x7fc62b9357e0 0x7fc62b93583a
+B+: 0x7fc62b93583b 0x7fc62b935875
+B+: 0x7fc62b935876 0x7fc62b935893
+B+: 0x7fc62b935894 0x7fc62b9358a3
+B+: 0x7fc62b9358a4 0x7fc62b9358b0
+B+: 0x7fc62b9359b4 0x7fc62b9359b8
+B+: 0x7fc62b9359b9 0x7fc62b9359cf
+B+: 0x7fc62b9359d0 0x7fc62b9359dc
+B+: 0x7fc62b9359dd 0x7fc62b9359ef
+B+: 0x7fc62b9359f0 0x7fc62b9359f7
+B+: 0x7fc62b935a01 0x7fc62b935a16
+B+: 0x7fc62b935a28 0x7fc62b935a3d
+B+: 0x7fc62b935a3e 0x7fc62b935a4d
+B+: 0x7fc62b935a79 0x7fc62b935a97
+B+: 0x7fc62b935a98 0x7fc62b935ac0
+B+: 0x7fc62b935ac1 0x7fc62b935acf
+B+: 0x7fc62b936148 0x7fc62b936154
+B+: 0x7fc62b936155 0x7fc62b936174
+B+: 0x7fc62b936175 0x7fc62b93617f
+B+: 0x7fc62b9361ac 0x7fc62b9361b0
+B+: 0x7fc62b9361b1 0x7fc62b9361b5
+B+: 0x7fc62b936a40 0x7fc62b936a64
+B+: 0x7fc62b936b10 0x7fc62b936b1a
+B+: 0x7fc62b936b40 0x7fc62b936b47
+B+: 0x7fc62b936b48 0x7fc62b936b51
+B+: 0x7fc62b936b58 0x7fc62b936b60
+B+: 0x7fc62b936b61 0x7fc62b936b6a
+B+: 0x7fc62b936b88 0x7fc62b936b8c
+B+: 0x7fc62b936b8d 0x7fc62b936b94
+B+: 0x7fc62b936ba0 0x7fc62b936ba4
+B+: 0x7fc62b936d00 0x7fc62b936d30
+B+: 0x7fc62b936e3f 0x7fc62b936e55
+B+: 0x7fc62b936e56 0x7fc62b936e67
+B+: 0x7fc62b9371e0 0x7fc62b937222
+B+: 0x7fc62b937223 0x7fc62b937228
+B+: 0x7fc62b93724c 0x7fc62b937260
+B+: 0x7fc62b937261 0x7fc62b937269
+B+: 0x7fc62b937270 0x7fc62b937279
+B+: 0x7fc62b937288 0x7fc62b9372a0
+B+: 0x7fc62b9372a1 0x7fc62b9372ba
+B+: 0x7fc62b9372bb 0x7fc62b9372bc
+B+: 0x7fc62b9372d0 0x7fc62b9372d8
+B+: 0x7fc62b9372f8 0x7fc62b9372f8
+B+: 0x7fc62b937300 0x7fc62b93730c
+B+: 0x7fc62b93733f 0x7fc62b937343
+B+: 0x7fc62b937380 0x7fc62b937384
+B+: 0x7fc62b9373d0 0x7fc62b9373e3
+B+: 0x7fc62b937400 0x7fc62b937400
+B+: 0x7fc62b937420 0x7fc62b93745b
+B+: 0x7fc62b937467 0x7fc62b937471
+B+: 0x7fc62b937472 0x7fc62b937489
+B+: 0x7fc62b93748a 0x7fc62b93748d
+B+: 0x7fc62b93748e 0x7fc62b937494
+B+: 0x7fc62b937495 0x7fc62b93749d
+B+: 0x7fc62b93749e 0x7fc62b9374a9
+B+: 0x7fc62b9374aa 0x7fc62b9374c2
+B+: 0x7fc62b9374c3 0x7fc62b9374ce
+B+: 0x7fc62b9374cf 0x7fc62b9374e5
+B+: 0x7fc62b9374e6 0x7fc62b9374f5
+B+: 0x7fc62b937500 0x7fc62b93750e
+B+: 0x7fc62b93750f 0x7fc62b937513
+B+: 0x7fc62b937514 0x7fc62b93751e
+B+: 0x7fc62b937540 0x7fc62b937549
+B+: 0x7fc62b93754a 0x7fc62b93754e
+B+: 0x7fc62b93754f 0x7fc62b937560
+B+: 0x7fc62b937568 0x7fc62b937577
+B+: 0x7fc62b937580 0x7fc62b937589
+B+: 0x7fc62b9375a8 0x7fc62b9375bb
+B+: 0x7fc62b9375c0 0x7fc62b9375ce
+B+: 0x7fc62b9375cf 0x7fc62b9375dc
+B+: 0x7fc62b9376f0 0x7fc62b9376fd
+B+: 0x7fc62b9377a0 0x7fc62b9377a0
+B+: 0x7fc62b9377b0 0x7fc62b9377ba
+B+: 0x7fc62b9377bb 0x7fc62b9377ce
+B+: 0x7fc62b9377cf 0x7fc62b9377d8
+B+: 0x7fc62b9377d9 0x7fc62b9377e6
+B+: 0x7fc62b937800 0x7fc62b93782d
+B+: 0x7fc62b93782e 0x7fc62b937831
+B+: 0x7fc62b937832 0x7fc62b937847
+B+: 0x7fc62b937864 0x7fc62b93786b
+B+: 0x7fc62b93786c 0x7fc62b93786f
+B+: 0x7fc62b937870 0x7fc62b937876
+B+: 0x7fc62b937877 0x7fc62b93787b
+B+: 0x7fc62b93787c 0x7fc62b937886
+B+: 0x7fc62b937ae0 0x7fc62b937b01
+B+: 0x7fc62b937b02 0x7fc62b937b0a
+B+: 0x7fc62b937b0b 0x7fc62b937b14
+B+: 0x7fc62b937b15 0x7fc62b937b19
+B+: 0x7fc62b937c00 0x7fc62b937c19
+B+: 0x7fc62b937c51 0x7fc62b937c8e
+B+: 0x7fc62b937c8f 0x7fc62b937c9e
+B+: 0x7fc62b937c9f 0x7fc62b937ca6
+B+: 0x7fc62b937df0 0x7fc62b937dfb
+B+: 0x7fc62b937e20 0x7fc62b937e20
+B+: 0x7fc62b937e30 0x7fc62b937e38
+B+: 0x7fc62b939940 0x7fc62b93994b
+B+: 0x7fc62b93994c 0x7fc62b939957
+B+: 0x7fc62b939958 0x7fc62b939964
+B+: 0x7fc62b939965 0x7fc62b939969
+B+: 0x7fc62b93996a 0x7fc62b93996f
+B+: 0x7fc62b939970 0x7fc62b939976
+B+: 0x7fc62b939980 0x7fc62b939987
+B+: 0x7fc62b939988 0x7fc62b93998c
+B+: 0x7fc62b93998d 0x7fc62b93999b
+B+: 0x7fc62b93999c 0x7fc62b9399a0
+B+: 0x7fc62b9399a1 0x7fc62b9399a8
+B+: 0x7fc62b9399a9 0x7fc62b9399ad
+B+: 0x7fc62b9399ae 0x7fc62b9399b8
+B+: 0x7fc62b9399b9 0x7fc62b9399b9
+B+: 0x7fc62b9399c0 0x7fc62b9399c5
+B+: 0x7fc62b9399c6 0x7fc62b9399c9
+B+: 0x7fc62b9399d0 0x7fc62b9399d0
+B+: 0x7fc62b9399d1 0x7fc62b9399d5
+B+: 0x7fc62b9399d6 0x7fc62b9399d9
+B+: 0x7fc62b9399e0 0x7fc62b9399ff
+B+: 0x7fc62b939a00 0x7fc62b939a11
+B+: 0x7fc62b939a12 0x7fc62b939a16
+B+: 0x7fc62b939a20 0x7fc62b939a22
+B+: 0x7fc62b939a23 0x7fc62b939a2f
+B+: 0x7fc62b939a30 0x7fc62b939a33
+B+: 0x7fc62b939a34 0x7fc62b939a5d
+B+: 0x7fc62b939a5e 0x7fc62b939a62
+B+: 0x7fc62b939a63 0x7fc62b939a82
+B+: 0x7fc62b939ac0 0x7fc62b939ade
+B+: 0x7fc62b939adf 0x7fc62b939ae3
+B+: 0x7fc62b939ae4 0x7fc62b939ae8
+B+: 0x7fc62b939af0 0x7fc62b939af2
+B+: 0x7fc62b939af3 0x7fc62b939aff
+B+: 0x7fc62b939b00 0x7fc62b939b03
+B+: 0x7fc62b939b04 0x7fc62b939b3e
+B+: 0x7fc62b939b3f 0x7fc62b939b49
+B+: 0x7fc62b939b4a 0x7fc62b939b57
+B+: 0x7fc62b939b58 0x7fc62b939b5d
+B+: 0x7fc62b939b5e 0x7fc62b939b66
+B+: 0x7fc62b939b67 0x7fc62b939b70
+B+: 0x7fc62b939b71 0x7fc62b939b7a
+B+: 0x7fc62b939b7b 0x7fc62b939b9a
+B+: 0x7fc62b939b9b 0x7fc62b939ba3
+B+: 0x7fc62b939ba4 0x7fc62b939bbd
+B+: 0x7fc62b939bc0 0x7fc62b939bc5
+B+: 0x7fc62b939bc6 0x7fc62b939bcf
+B+: 0x7fc62b939bd0 0x7fc62b939bd9
+B+: 0x7fc62b939bda 0x7fc62b939bf7
+B+: 0x7fc62b939c08 0x7fc62b939c14
+B+: 0x7fc62b939c15 0x7fc62b939c1b
+B+: 0x7fc62b939c1c 0x7fc62b939c29
+B+: 0x7fc62b939cb0 0x7fc62b939cca
+B+: 0x7fc62b939ccb 0x7fc62b939cda
+B+: 0x7fc62b939cdb 0x7fc62b939ce6
+B+: 0x7fc62b939ce7 0x7fc62b939cef
+B+: 0x7fc62b939cf0 0x7fc62b939cf4
+B+: 0x7fc62b939cf5 0x7fc62b939cfc
+B+: 0x7fc62b939cfd 0x7fc62b939d10
+B+: 0x7fc62b939d11 0x7fc62b939d21
+B+: 0x7fc62b939d22 0x7fc62b939d26
+B+: 0x7fc62b939d27 0x7fc62b939d38
+B+: 0x7fc62b939d39 0x7fc62b939d4b
+B+: 0x7fc62b939d4c 0x7fc62b939d54
+B+: 0x7fc62b939d55 0x7fc62b939d5e
+B+: 0x7fc62b939d5f 0x7fc62b939d6d
+B+: 0x7fc62b939ea0 0x7fc62b939eb6
+B+: 0x7fc62b939eb7 0x7fc62b939ebb
+B+: 0x7fc62b939ebc 0x7fc62b939ec0
+B+: 0x7fc62b939ec8 0x7fc62b939ecb
+B+: 0x7fc62b939ecc 0x7fc62b939ed9
+B+: 0x7fc62b939eda 0x7fc62b939edd
+B+: 0x7fc62b939ede 0x7fc62b939f06
+B+: 0x7fc62b939f07 0x7fc62b939f10
+B+: 0x7fc62b939f11 0x7fc62b939f16
+B+: 0x7fc62b939f17 0x7fc62b939f24
+B+: 0x7fc62b939f25 0x7fc62b939f2d
+B+: 0x7fc62b93a440 0x7fc62b93a46b
+B+: 0x7fc62b93a46c 0x7fc62b93a470
+B+: 0x7fc62b93a471 0x7fc62b93a475
+B+: 0x7fc62b93a536 0x7fc62b93a53e
+B+: 0x7fc62b93a53f 0x7fc62b93a548
+B+: 0x7fc62b93a549 0x7fc62b93a551
+B+: 0x7fc62b93a5d0 0x7fc62b93a5e4
+B+: 0x7fc62b93a5e5 0x7fc62b93a606
+B+: 0x7fc62b93a607 0x7fc62b93a610
+B+: 0x7fc62b93a611 0x7fc62b93a618
+B+: 0x7fc62b93a640 0x7fc62b93a648
+B+: 0x7fc62b93a649 0x7fc62b93a656
+B+: 0x7fc62b93a657 0x7fc62b93a65f
+B+: 0x7fc62b93a660 0x7fc62b93a661
+B+: 0x7fc62b93a760 0x7fc62b93a7aa
+B+: 0x7fc62b93a7ab 0x7fc62b93a7af
+B+: 0x7fc62b93a7b0 0x7fc62b93a7be
+B+: 0x7fc62b93a7c8 0x7fc62b93a7d3
+B+: 0x7fc62b93a7d4 0x7fc62b93a7d8
+B+: 0x7fc62b93a7d9 0x7fc62b93a7e0
+B+: 0x7fc62b93a7e1 0x7fc62b93a7e5
+B+: 0x7fc62b93a7e6 0x7fc62b93a7f3
+B+: 0x7fc62b93a7f4 0x7fc62b93a7fb
+B+: 0x7fc62b93a800 0x7fc62b93a810
+B+: 0x7fc62b93a811 0x7fc62b93a815
+B+: 0x7fc62b93a816 0x7fc62b93a832
+B+: 0x7fc62b93a833 0x7fc62b93a843
+B+: 0x7fc62b93a844 0x7fc62b93a84f
+B+: 0x7fc62b93a850 0x7fc62b93a857
+B+: 0x7fc62b93a858 0x7fc62b93a85c
+B+: 0x7fc62b93a85d 0x7fc62b93a868
+B+: 0x7fc62b93a869 0x7fc62b93a87b
+B+: 0x7fc62b93a87c 0x7fc62b93a884
+B+: 0x7fc62b93a888 0x7fc62b93a897
+B+: 0x7fc62b93a898 0x7fc62b93a89b
+B+: 0x7fc62b93a89c 0x7fc62b93a8b4
+B+: 0x7fc62b93a8b5 0x7fc62b93a8b8
+B+: 0x7fc62b93a8b9 0x7fc62b93a8c6
+B+: 0x7fc62b93a8c7 0x7fc62b93a8d5
+B+: 0x7fc62b93adc0 0x7fc62b93adec
+B+: 0x7fc62b93aded 0x7fc62b93adf2
+B+: 0x7fc62b93adf3 0x7fc62b93ae04
+B+: 0x7fc62b93ae05 0x7fc62b93ae0d
+B+: 0x7fc62b93ae0e 0x7fc62b93ae1c
+CND+ 0x7fc62b92900e: taken
+CND+ 0x7fc62b9295ea: not taken
+CND+ 0x7fc62b929626: not taken
+CND+ 0x7fc62b92963b: taken
+CND+ 0x7fc62b929673: not taken
+CND+ 0x7fc62b929687: not taken
+CND+ 0x7fc62b929695: not taken
+CND+ 0x7fc62b9297e2: taken
+CND+ 0x7fc62b929862: not taken
+CND+ 0x7fc62b92987c: both
+CND+ 0x7fc62b9298a9: not taken
+CND+ 0x7fc62b929a5d: not taken
+CND+ 0x7fc62b929a62: taken
+CND+ 0x7fc62b92a6e6: not taken
+CND+ 0x7fc62b92a704: taken
+CND+ 0x7fc62b92a71a: not taken
+CND+ 0x7fc62b92a71f: taken
+CND+ 0x7fc62b92a72f: taken
+CND+ 0x7fc62b92a74c: not taken
+CND+ 0x7fc62b92a756: not taken
+CND+ 0x7fc62b92a78f: not taken
+CND+ 0x7fc62b92a79b: taken
+CND+ 0x7fc62b92b079: taken
+CND+ 0x7fc62b92b11b: not taken
+CND+ 0x7fc62b92b149: not taken
+CND+ 0x7fc62b92b158: not taken
+CND+ 0x7fc62b92b190: not taken
+CND+ 0x7fc62b92b1ce: taken
+CND+ 0x7fc62b92bc20: not taken
+CND+ 0x7fc62b92bc2d: taken
+CND+ 0x7fc62b92bc48: not taken
+CND+ 0x7fc62b92bc5f: both
+CND+ 0x7fc62b92bc88: not taken
+CND+ 0x7fc62b92bed2: taken
+CND+ 0x7fc62b92bf55: not taken
+CND+ 0x7fc62b92bf7e: not taken
+CND+ 0x7fc62b92bf8a: not taken
+CND+ 0x7fc62b92bf93: both
+CND+ 0x7fc62b92bfc4: not taken
+CND+ 0x7fc62b92bfe2: both
+CND+ 0x7fc62b92bffb: taken
+CND+ 0x7fc62b92c05a: taken
+CND+ 0x7fc62b92c0af: not taken
+CND+ 0x7fc62b92c0b8: taken
+CND+ 0x7fc62b92c0e0: taken
+CND+ 0x7fc62b92c116: not taken
+CND+ 0x7fc62b92c15a: not taken
+CND+ 0x7fc62b92c163: taken
+CND+ 0x7fc62b92c21b: taken
+CND+ 0x7fc62b92c24a: taken
+CND+ 0x7fc62b92c27c: not taken
+CND+ 0x7fc62b92c36a: taken
+CND+ 0x7fc62b92c520: not taken
+CND+ 0x7fc62b92c529: not taken
+CND+ 0x7fc62b92c532: taken
+CND+ 0x7fc62b92c8eb: not taken
+CND+ 0x7fc62b92c906: both
+CND+ 0x7fc62b92c93d: not taken
+CND+ 0x7fc62b92c985: both
+CND+ 0x7fc62b92c9f6: taken
+CND+ 0x7fc62b92ca20: both
+CND+ 0x7fc62b92ca29: not taken
+CND+ 0x7fc62b92ca33: not taken
+CND+ 0x7fc62b92cae4: not taken
+CND+ 0x7fc62b92cafb: taken
+CND+ 0x7fc62b92cb2a: both
+CND+ 0x7fc62b92cb30: both
+CND+ 0x7fc62b92cb40: taken
+CND+ 0x7fc62b92cb60: not taken
+CND+ 0x7fc62b92cb96: not taken
+CND+ 0x7fc62b92cbe5: taken
+CND+ 0x7fc62b92cda0: not taken
+CND+ 0x7fc62b92cda9: not taken
+CND+ 0x7fc62b92cdc8: both
+CND+ 0x7fc62b92cdd0: both
+CND+ 0x7fc62b92ce2e: taken
+CND+ 0x7fc62b92ce57: not taken
+CND+ 0x7fc62b92ceac: taken
+CND+ 0x7fc62b92ced8: taken
+CND+ 0x7fc62b92cfa3: not taken
+CND+ 0x7fc62b92cfc0: taken
+CND+ 0x7fc62b92d019: not taken
+CND+ 0x7fc62b92d065: not taken
+CND+ 0x7fc62b92d06f: not taken
+CND+ 0x7fc62b92d089: both
+CND+ 0x7fc62b92d09d: not taken
+CND+ 0x7fc62b92d0ab: taken
+CND+ 0x7fc62b92d14c: not taken
+CND+ 0x7fc62b92d156: taken
+CND+ 0x7fc62b92d1cc: taken
+CND+ 0x7fc62b92d1ee: taken
+CND+ 0x7fc62b92d811: both
+CND+ 0x7fc62b92d81b: not taken
+CND+ 0x7fc62b92d81f: not taken
+CND+ 0x7fc62b92d839: taken
+CND+ 0x7fc62b92d859: taken
+CND+ 0x7fc62b92d861: taken
+CND+ 0x7fc62b92e45f: taken
+CND+ 0x7fc62b92e626: not taken
+CND+ 0x7fc62b92e6ca: taken
+CND+ 0x7fc62b92e762: taken
+CND+ 0x7fc62b92f2a4: taken
+CND+ 0x7fc62b92f2bd: not taken
+CND+ 0x7fc62b92f2cd: not taken
+CND+ 0x7fc62b92f30f: taken
+CND+ 0x7fc62b92f327: taken
+CND+ 0x7fc62b92f33a: not taken
+CND+ 0x7fc62b92f343: taken
+CND+ 0x7fc62b92f381: not taken
+CND+ 0x7fc62b92f3d6: taken
+CND+ 0x7fc62b92f3e7: taken
+CND+ 0x7fc62b92f895: not taken
+CND+ 0x7fc62b92f8a8: not taken
+CND+ 0x7fc62b92f8d2: not taken
+CND+ 0x7fc62b92f907: not taken
+CND+ 0x7fc62b92f942: taken
+CND+ 0x7fc62b92f953: not taken
+CND+ 0x7fc62b92f963: taken
+CND+ 0x7fc62b92fa7b: not taken
+CND+ 0x7fc62b92fdbc: both
+CND+ 0x7fc62b92fdc9: both
+CND+ 0x7fc62b92fe03: not taken
+CND+ 0x7fc62b92fe0d: not taken
+CND+ 0x7fc62b92fe18: taken
+CND+ 0x7fc62b9301a1: not taken
+CND+ 0x7fc62b9301ab: not taken
+CND+ 0x7fc62b9301e4: taken
+CND+ 0x7fc62b9301f2: taken
+CND+ 0x7fc62b93020a: not taken
+CND+ 0x7fc62b930225: not taken
+CND+ 0x7fc62b93022f: not taken
+CND+ 0x7fc62b930247: taken
+CND+ 0x7fc62b930533: taken
+CND+ 0x7fc62b930582: taken
+CND+ 0x7fc62b930655: taken
+CND+ 0x7fc62b930698: taken
+CND+ 0x7fc62b930703: not taken
+CND+ 0x7fc62b93070c: taken
+CND+ 0x7fc62b930725: not taken
+CND+ 0x7fc62b930742: not taken
+CND+ 0x7fc62b93075a: not taken
+CND+ 0x7fc62b930765: not taken
+CND+ 0x7fc62b930792: not taken
+CND+ 0x7fc62b930797: taken
+CND+ 0x7fc62b9307a9: taken
+CND+ 0x7fc62b9307ad: not taken
+CND+ 0x7fc62b9307bc: taken
+CND+ 0x7fc62b9307ce: taken
+CND+ 0x7fc62b930848: taken
+CND+ 0x7fc62b930889: not taken
+CND+ 0x7fc62b93089b: not taken
+CND+ 0x7fc62b9308a8: taken
+CND+ 0x7fc62b930c2f: not taken
+CND+ 0x7fc62b930c57: taken
+CND+ 0x7fc62b930c65: not taken
+CND+ 0x7fc62b930c6e: taken
+CND+ 0x7fc62b930c86: not taken
+CND+ 0x7fc62b930cae: taken
+CND+ 0x7fc62b931366: taken
+CND+ 0x7fc62b9319d6: taken
+CND+ 0x7fc62b931a31: not taken
+CND+ 0x7fc62b931a51: taken
+CND+ 0x7fc62b931aad: not taken
+CND+ 0x7fc62b931ab5: taken
+CND+ 0x7fc62b931b00: taken
+CND+ 0x7fc62b931b5a: not taken
+CND+ 0x7fc62b931b62: not taken
+CND+ 0x7fc62b931b6b: not taken
+CND+ 0x7fc62b931b75: not taken
+CND+ 0x7fc62b931b7f: taken
+CND+ 0x7fc62b931b9b: taken
+CND+ 0x7fc62b931c3c: taken
+CND+ 0x7fc62b931ed9: not taken
+CND+ 0x7fc62b931ee6: not taken
+CND+ 0x7fc62b931f01: not taken
+CND+ 0x7fc62b931f1a: not taken
+CND+ 0x7fc62b931f20: not taken
+CND+ 0x7fc62b931f26: taken
+CND+ 0x7fc62b93276c: not taken
+CND+ 0x7fc62b93278c: not taken
+CND+ 0x7fc62b9327d8: both
+CND+ 0x7fc62b9327e1: taken
+CND+ 0x7fc62b932806: not taken
+CND+ 0x7fc62b932840: not taken
+CND+ 0x7fc62b93284a: not taken
+CND+ 0x7fc62b932965: both
+CND+ 0x7fc62b932989: not taken
+CND+ 0x7fc62b9329b2: not taken
+CND+ 0x7fc62b9329bc: not taken
+CND+ 0x7fc62b9329e3: not taken
+CND+ 0x7fc62b932a13: taken
+CND+ 0x7fc62b932afd: not taken
+CND+ 0x7fc62b932b1a: not taken
+CND+ 0x7fc62b932b61: taken
+CND+ 0x7fc62b933711: not taken
+CND+ 0x7fc62b93371d: not taken
+CND+ 0x7fc62b933722: not taken
+CND+ 0x7fc62b933748: not taken
+CND+ 0x7fc62b93374c: not taken
+CND+ 0x7fc62b93375f: not taken
+CND+ 0x7fc62b9337a4: not taken
+CND+ 0x7fc62b9338f3: both
+CND+ 0x7fc62b93390f: both
+CND+ 0x7fc62b933911: not taken
+CND+ 0x7fc62b93391a: taken
+CND+ 0x7fc62b933a92: not taken
+CND+ 0x7fc62b933aba: not taken
+CND+ 0x7fc62b933ad5: both
+CND+ 0x7fc62b933ade: taken
+CND+ 0x7fc62b933af7: not taken
+CND+ 0x7fc62b933b01: not taken
+CND+ 0x7fc62b933b05: not taken
+CND+ 0x7fc62b933b19: taken
+CND+ 0x7fc62b933c50: not taken
+CND+ 0x7fc62b933c62: taken
+CND+ 0x7fc62b933db1: not taken
+CND+ 0x7fc62b933dea: both
+CND+ 0x7fc62b933e13: not taken
+CND+ 0x7fc62b933e20: taken
+CND+ 0x7fc62b933e2d: not taken
+CND+ 0x7fc62b933e43: not taken
+CND+ 0x7fc62b933e4f: both
+CND+ 0x7fc62b933e58: not taken
+CND+ 0x7fc62b933e72: taken
+CND+ 0x7fc62b933ee7: taken
+CND+ 0x7fc62b93475d: both
+CND+ 0x7fc62b93476f: not taken
+CND+ 0x7fc62b934782: both
+CND+ 0x7fc62b934787: both
+CND+ 0x7fc62b934795: both
+CND+ 0x7fc62b9348b1: not taken
+CND+ 0x7fc62b9348dc: not taken
+CND+ 0x7fc62b9348ea: not taken
+CND+ 0x7fc62b9348ec: both
+CND+ 0x7fc62b9348f5: not taken
+CND+ 0x7fc62b9348fb: taken
+CND+ 0x7fc62b934943: not taken
+CND+ 0x7fc62b93494c: taken
+CND+ 0x7fc62b934983: not taken
+CND+ 0x7fc62b934989: both
+CND+ 0x7fc62b934990: not taken
+CND+ 0x7fc62b9349ab: taken
+CND+ 0x7fc62b934a0b: taken
+CND+ 0x7fc62b934b10: both
+CND+ 0x7fc62b934b1c: not taken
+CND+ 0x7fc62b934b21: both
+CND+ 0x7fc62b934b2f: not taken
+CND+ 0x7fc62b934b37: both
+CND+ 0x7fc62b934b44: both
+CND+ 0x7fc62b934b5e: taken
+CND+ 0x7fc62b934b92: both
+CND+ 0x7fc62b934b9b: taken
+CND+ 0x7fc62b934bfb: taken
+CND+ 0x7fc62b934d68: both
+CND+ 0x7fc62b934d71: taken
+CND+ 0x7fc62b934d8b: not taken
+CND+ 0x7fc62b934da3: taken
+CND+ 0x7fc62b934ddd: taken
+CND+ 0x7fc62b934e02: not taken
+CND+ 0x7fc62b934e0b: taken
+CND+ 0x7fc62b934e2f: not taken
+CND+ 0x7fc62b934e35: taken
+CND+ 0x7fc62b934e4f: not taken
+CND+ 0x7fc62b934e58: both
+CND+ 0x7fc62b934f7d: not taken
+CND+ 0x7fc62b93502c: not taken
+CND+ 0x7fc62b9350c7: not taken
+CND+ 0x7fc62b9350d0: both
+CND+ 0x7fc62b9350d9: not taken
+CND+ 0x7fc62b9355a7: both
+CND+ 0x7fc62b9355ed: not taken
+CND+ 0x7fc62b9355f2: taken
+CND+ 0x7fc62b935682: not taken
+CND+ 0x7fc62b9356a1: not taken
+CND+ 0x7fc62b9357bb: not taken
+CND+ 0x7fc62b935835: not taken
+CND+ 0x7fc62b935870: not taken
+CND+ 0x7fc62b93588e: not taken
+CND+ 0x7fc62b93589e: not taken
+CND+ 0x7fc62b9359ca: both
+CND+ 0x7fc62b9359ea: taken
+CND+ 0x7fc62b9359f6: taken
+CND+ 0x7fc62b935a15: taken
+CND+ 0x7fc62b935a38: not taken
+CND+ 0x7fc62b935a48: taken
+CND+ 0x7fc62b935abb: not taken
+CND+ 0x7fc62b93614f: not taken
+CND+ 0x7fc62b93616f: not taken
+CND+ 0x7fc62b93617e: taken
+CND+ 0x7fc62b936a5f: taken
+CND+ 0x7fc62b936b46: not taken
+CND+ 0x7fc62b936b50: taken
+CND+ 0x7fc62b936b69: taken
+CND+ 0x7fc62b936b93: taken
+CND+ 0x7fc62b936d2b: taken
+CND+ 0x7fc62b936e50: not taken
+CND+ 0x7fc62b937227: taken
+CND+ 0x7fc62b93725f: not taken
+CND+ 0x7fc62b937278: taken
+CND+ 0x7fc62b9372b9: not taken
+CND+ 0x7fc62b9372d7: taken
+CND+ 0x7fc62b93730b: taken
+CND+ 0x7fc62b937383: taken
+CND+ 0x7fc62b9373e2: taken
+CND+ 0x7fc62b937456: taken
+CND+ 0x7fc62b937488: both
+CND+ 0x7fc62b93748c: not taken
+CND+ 0x7fc62b937493: not taken
+CND+ 0x7fc62b937498: both
+CND+ 0x7fc62b9374e0: not taken
+CND+ 0x7fc62b937512: not taken
+CND+ 0x7fc62b937519: taken
+CND+ 0x7fc62b937548: not taken
+CND+ 0x7fc62b93754d: not taken
+CND+ 0x7fc62b9375c9: not taken
+CND+ 0x7fc62b9375d7: taken
+CND+ 0x7fc62b9376f8: taken
+CND+ 0x7fc62b9377b9: not taken
+CND+ 0x7fc62b937830: not taken
+CND+ 0x7fc62b937846: taken
+CND+ 0x7fc62b93786e: not taken
+CND+ 0x7fc62b937b09: not taken
+CND+ 0x7fc62b937b13: not taken
+CND+ 0x7fc62b937c18: taken
+CND+ 0x7fc62b937c9d: not taken
+CND+ 0x7fc62b937dfa: taken
+CND+ 0x7fc62b939946: both
+CND+ 0x7fc62b939963: both
+CND+ 0x7fc62b939968: not taken
+CND+ 0x7fc62b93996e: not taken
+CND+ 0x7fc62b939986: not taken
+CND+ 0x7fc62b93998b: both
+CND+ 0x7fc62b93999a: both
+CND+ 0x7fc62b93999f: both
+CND+ 0x7fc62b9399ac: both
+CND+ 0x7fc62b9399b7: both
+CND+ 0x7fc62b9399c4: not taken
+CND+ 0x7fc62b939a10: not taken
+CND+ 0x7fc62b939a15: taken
+CND+ 0x7fc62b939a2e: both
+CND+ 0x7fc62b939a32: both
+CND+ 0x7fc62b939a5c: both
+CND+ 0x7fc62b939add: not taken
+CND+ 0x7fc62b939ae2: not taken
+CND+ 0x7fc62b939afe: not taken
+CND+ 0x7fc62b939b02: both
+CND+ 0x7fc62b939b48: both
+CND+ 0x7fc62b939b52: not taken
+CND+ 0x7fc62b939b5c: not taken
+CND+ 0x7fc62b939b65: both
+CND+ 0x7fc62b939b6b: taken
+CND+ 0x7fc62b939b75: not taken
+CND+ 0x7fc62b939b95: not taken
+CND+ 0x7fc62b939ba2: not taken
+CND+ 0x7fc62b939bc4: not taken
+CND+ 0x7fc62b939bce: not taken
+CND+ 0x7fc62b939bf6: taken
+CND+ 0x7fc62b939c24: taken
+CND+ 0x7fc62b939ce1: not taken
+CND+ 0x7fc62b939cea: not taken
+CND+ 0x7fc62b939cf3: not taken
+CND+ 0x7fc62b939d25: not taken
+CND+ 0x7fc62b939d53: not taken
+CND+ 0x7fc62b939d5d: not taken
+CND+ 0x7fc62b939eb5: not taken
+CND+ 0x7fc62b939eba: not taken
+CND+ 0x7fc62b939ed8: both
+CND+ 0x7fc62b939edc: taken
+CND+ 0x7fc62b939f0f: not taken
+CND+ 0x7fc62b939f15: not taken
+CND+ 0x7fc62b93a46f: not taken
+CND+ 0x7fc62b93a53d: not taken
+CND+ 0x7fc62b93a547: not taken
+CND+ 0x7fc62b93a605: not taken
+CND+ 0x7fc62b93a60f: not taken
+CND+ 0x7fc62b93a647: not taken
+CND+ 0x7fc62b93a65e: not taken
+CND+ 0x7fc62b93a7bd: taken
+CND+ 0x7fc62b93a7d2: taken
+CND+ 0x7fc62b93a7df: not taken
+CND+ 0x7fc62b93a7e4: both
+CND+ 0x7fc62b93a7fa: taken
+CND+ 0x7fc62b93a856: not taken
+CND+ 0x7fc62b93a85b: taken
+CND+ 0x7fc62b93a87a: not taken
+CND+ 0x7fc62b93a89a: not taken
+CND+ 0x7fc62b93a8b7: not taken
+CND+ 0x7fc62b93a8c5: not taken
+CND+ 0x7fc62b93a8d4: taken
+CND+ 0x7fc62b93adf1: not taken
+CND+ 0x7fc62b93ae0c: not taken
@0x7fc62b93755f to 0x7fc62b937580 1
@0x7fc62b93755f to 0x7fc62b9375c0 1
@0x7fc62b93755f to 0x7fc62b9375a8 2
@0x7fc62b9358af to 0x7fc62b935a01 180
@0x7fc62b9358af to 0x7fc62b9359f0 10
@0x7fc62b9358af to 0x7fc62b935a28 1
@0x7fc62b939c19 to 0x7fc62b92d7d0 1
@0x7fc62b939c19 to 0x7fc62b934120 1
@0x7fc62b929050 to 0x7fc62f462a30 4
@0x7fc62b929080 to 0x7fc62f402330 2
@0x7fc62b929090 to 0x7fc62f4a4710 1
@0x7fc62b9290a0 to 0x7fc62f47ae70 5
@0x7fc62b9290d0 to 0x7fc62f415a20 7
@0x7fc62b9290f0 to 0x7fc62f539800 4
@0x7fc62b929130 to 0x7fc62f4a51e0 1
@0x7fc62b929140 to 0x7fc62f419c10 1
@0x7fc62b929150 to 0x7fc62f4c7800 4
@0x7fc62b929160 to 0x7fc62f4a4230 1
@0x7fc62b929190 to 0x7fc62f539bc0 8
@0x7fc62b9291c0 to 0x7fc62f4a5200 1
@0x7fc62b9291e0 to 0x7fc62f5395d0 1
@0x7fc62b929220 to 0x7fc62f4a5210 2
@0x7fc62b929230 to 0x7fc62f4c8b10 1
@0x7fc62b92b16e to 0x7fc62b92b1c0 1
@0x7fc62b929280 to 0x7fc62f534d10 11
@0x7fc62b9292a0 to 0x7fc62f415450 4
@0x7fc62b92b1ac to 0x7fc62b92be90 1
@0x7fc62b9292d0 to 0x7fc62f535100 9
@0x7fc62b929320 to 0x7fc62f4160f0 4
@0x7fc62b929330 to 0x7fc62f53a100 6
@0x7fc62b929350 to 0x7fc62f4a5220 1
@0x7fc62b929370 to 0x7fc62f4c7800 2
@0x7fc62b929390 to 0x7fc62f4623e0 23
@0x7fc62b9293b0 to 0x7fc62f4a5230 1
@0x7fc62b9293c0 to 0x7fc62f534e90 22
@0x7fc62b9293e0 to 0x7fc62f4e5ba0 1
@0x7fc62b929410 to 0x7fc62f462c80 1
@0x7fc62b929460 to 0x7fc62f53a0e0 13
@0x7fc62b929510 to 0x7fc62f4a51f0 1
@0x7fc62b929560 to 0x7fc62f4a44e0 1
@0x7fc62b929570 to 0x7fc62f40e580 191
@0x7fc62b934f91 to 0x7fc62b935075 1
@0x7fc62b929784 to 0x7fc62f401fb0 1
@0x7fc62b93ae01 to 0x7fc62b929840 1
