MODULE_NAME: /bin/dash
MODULE_START: 0x7f1e2e7c2000
+B+: 0x7f1e2e7c6000 0x7f1e2e7c600f
+B+: 0x7f1e2e7c6012 0x7f1e2e7c6016
+B+: 0x7f1e2e7c6050 0x7f1e2e7c6055
+B+: 0x7f1e2e7c6080 0x7f1e2e7c6085
+B+: 0x7f1e2e7c6090 0x7f1e2e7c6095
+B+: 0x7f1e2e7c60a0 0x7f1e2e7c60a5
+B+: 0x7f1e2e7c60d0 0x7f1e2e7c60d5
+B+: 0x7f1e2e7c60f0 0x7f1e2e7c60f5
+B+: 0x7f1e2e7c6130 0x7f1e2e7c6135
+B+: 0x7f1e2e7c6140 0x7f1e2e7c6145
+B+: 0x7f1e2e7c6150 0x7f1e2e7c6155
+B+: 0x7f1e2e7c6160 0x7f1e2e7c6165
+B+: 0x7f1e2e7c6190 0x7f1e2e7c6195
+B+: 0x7f1e2e7c61c0 0x7f1e2e7c61c5
+B+: 0x7f1e2e7c61e0 0x7f1e2e7c61e5
+B+: 0x7f1e2e7c6220 0x7f1e2e7c6225
+B+: 0x7f1e2e7c6230 0x7f1e2e7c6235
+B+: 0x7f1e2e7c6280 0x7f1e2e7c6285
+B+: 0x7f1e2e7c62a0 0x7f1e2e7c62a5
+B+: 0x7f1e2e7c62d0 0x7f1e2e7c62d5
+B+: 0x7f1e2e7c6320 0x7f1e2e7c6325
+B+: 0x7f1e2e7c6330 0x7f1e2e7c6335
+B+: 0x7f1e2e7c6350 0x7f1e2e7c6355
+B+: 0x7f1e2e7c6370 0x7f1e2e7c6375
+B+: 0x7f1e2e7c6390 0x7f1e2e7c6395
+B+: 0x7f1e2e7c63b0 0x7f1e2e7c63b5
+B+: 0x7f1e2e7c63c0 0x7f1e2e7c63c5
+B+: 0x7f1e2e7c63e0 0x7f1e2e7c63e5
+B+: 0x7f1e2e7c6410 0x7f1e2e7c6415
+B+: 0x7f1e2e7c6460 0x7f1e2e7c6465
+B+: 0x7f1e2e7c6510 0x7f1e2e7c6515
+B+: 0x7f1e2e7c6560 0x7f1e2e7c6565
+B+: 0x7f1e2e7c6570 0x7f1e2e7c6575
+B+: 0x7f1e2e7c6590 0x7f1e2e7c65b8
+B+: 0x7f1e2e7c65b9 0x7f1e2e7c65c4
+B+: 0x7f1e2e7c65c5 0x7f1e2e7c65cf
+B+: 0x7f1e2e7c65d0 0x7f1e2e7c65e7
+B+: 0x7f1e2e7c65e8 0x7f1e2e7c65ef
+B+: 0x7f1e2e7c65f0 0x7f1e2e7c6600
+B+: 0x7f1e2e7c6601 0x7f1e2e7c660b
+B+: 0x7f1e2e7c660c 0x7f1e2e7c6615
+B+: 0x7f1e2e7c6616 0x7f1e2e7c6623
+B+: 0x7f1e2e7c6624 0x7f1e2e7c662b
+B+: 0x7f1e2e7c662c 0x7f1e2e7c663c
+B+: 0x7f1e2e7c6657 0x7f1e2e7c6660
+B+: 0x7f1e2e7c6661 0x7f1e2e7c6678
+B+: 0x7f1e2e7c6679 0x7f1e2e7c667f
+B+: 0x7f1e2e7c6680 0x7f1e2e7c668c
+B+: 0x7f1e2e7c668d 0x7f1e2e7c6696
+B+: 0x7f1e2e7c6697 0x7f1e2e7c669b
+B+: 0x7f1e2e7c6760 0x7f1e2e7c6789
+B+: 0x7f1e2e7c67c0 0x7f1e2e7c67e3
+B+: 0x7f1e2e7c67f8 0x7f1e2e7c67f8
+B+: 0x7f1e2e7c6840 0x7f1e2e7c6844
+B+: 0x7f1e2e7c6850 0x7f1e2e7c6863
+B+: 0x7f1e2e7c6864 0x7f1e2e7c686f
+B+: 0x7f1e2e7c6870 0x7f1e2e7c687d
+B+: 0x7f1e2e7c687e 0x7f1e2e7c68aa
+B+: 0x7f1e2e7c68ab 0x7f1e2e7c68ac
+B+: 0x7f1e2e7c68cb 0x7f1e2e7c68d2
+B+: 0x7f1e2e7c6a50 0x7f1e2e7c6a57
+B+: 0x7f1e2e7c6a58 0x7f1e2e7c6a5e
+B+: 0x7f1e2e7c6a5f 0x7f1e2e7c6a63
+B+: 0x7f1e2e7c6a71 0x7f1e2e7c6a72
+B+: 0x7f1e2e7c76d0 0x7f1e2e7c76eb
+B+: 0x7f1e2e7c76ec 0x7f1e2e7c7705
+B+: 0x7f1e2e7c7717 0x7f1e2e7c771b
+B+: 0x7f1e2e7c771c 0x7f1e2e7c7720
+B+: 0x7f1e2e7c772c 0x7f1e2e7c7730
+B+: 0x7f1e2e7c773e 0x7f1e2e7c774d
+B+: 0x7f1e2e7c774e 0x7f1e2e7c7757
+B+: 0x7f1e2e7c7758 0x7f1e2e7c7775
+B+: 0x7f1e2e7c7780 0x7f1e2e7c7788
+B+: 0x7f1e2e7c7789 0x7f1e2e7c7790
+B+: 0x7f1e2e7c7791 0x7f1e2e7c779c
+B+: 0x7f1e2e7c8060 0x7f1e2e7c807e
+B+: 0x7f1e2e7c810d 0x7f1e2e7c811c
+B+: 0x7f1e2e7c811d 0x7f1e2e7c8123
+B+: 0x7f1e2e7c8140 0x7f1e2e7c814a
+B+: 0x7f1e2e7c814b 0x7f1e2e7c8152
+B+: 0x7f1e2e7c8153 0x7f1e2e7c815d
+B+: 0x7f1e2e7c815e 0x7f1e2e7c816f
+B+: 0x7f1e2e7c8188 0x7f1e2e7c818c
+B+: 0x7f1e2e7c818d 0x7f1e2e7c8191
+B+: 0x7f1e2e7c8192 0x7f1e2e7c819c
+B+: 0x7f1e2e7c81a7 0x7f1e2e7c81ad
+B+: 0x7f1e2e7c81ae 0x7f1e2e7c81b5
+B+: 0x7f1e2e7c81c0 0x7f1e2e7c81cf
+B+: 0x7f1e2e7c8bc0 0x7f1e2e7c8bfa
+B+: 0x7f1e2e7c8bfb 0x7f1e2e7c8c07
+B+: 0x7f1e2e7c8c08 0x7f1e2e7c8c0f
+B+: 0x7f1e2e7c8c10 0x7f1e2e7c8c11
+B+: 0x7f1e2e7c8c18 0x7f1e2e7c8c21
+B+: 0x7f1e2e7c8c22 0x7f1e2e7c8c2e
+B+: 0x7f1e2e7c8c32 0x7f1e2e7c8c39
+B+: 0x7f1e2e7c8c3a 0x7f1e2e7c8c49
+B+: 0x7f1e2e7c8c4a 0x7f1e2e7c8c51
+B+: 0x7f1e2e7c8c52 0x7f1e2e7c8c58
+B+: 0x7f1e2e7c8c59 0x7f1e2e7c8c60
+B+: 0x7f1e2e7c8c61 0x7f1e2e7c8c68
+B+: 0x7f1e2e7c8c69 0x7f1e2e7c8c6d
+B+: 0x7f1e2e7c8c6e 0x7f1e2e7c8c77
+B+: 0x7f1e2e7c8c78 0x7f1e2e7c8c89
+B+: 0x7f1e2e7c8c8a 0x7f1e2e7c8c98
+B+: 0x7f1e2e7c8e90 0x7f1e2e7c8ed3
+B+: 0x7f1e2e7c8edf 0x7f1e2e7c8ef5
+B+: 0x7f1e2e7c8ef6 0x7f1e2e7c8efa
+B+: 0x7f1e2e7c8efb 0x7f1e2e7c8f5a
+B+: 0x7f1e2e7c8f5b 0x7f1e2e7c8f67
+B+: 0x7f1e2e7c8f68 0x7f1e2e7c8f77
+B+: 0x7f1e2e7c8f78 0x7f1e2e7c8f7f
+B+: 0x7f1e2e7c8f80 0x7f1e2e7c8f8b
+B+: 0x7f1e2e7c8f8c 0x7f1e2e7c8f94
+B+: 0x7f1e2e7c8f95 0x7f1e2e7c8f9b
+B+: 0x7f1e2e7c8fa0 0x7f1e2e7c8faf
+B+: 0x7f1e2e7c8fb0 0x7f1e2e7c8fc5
+B+: 0x7f1e2e7c8fc6 0x7f1e2e7c8fcf
+B+: 0x7f1e2e7c8fd0 0x7f1e2e7c8fe3
+B+: 0x7f1e2e7c8fe4 0x7f1e2e7c8ffc
+B+: 0x7f1e2e7c9019 0x7f1e2e7c902b
+B+: 0x7f1e2e7c902c 0x7f1e2e7c9034
+B+: 0x7f1e2e7c9035 0x7f1e2e7c9047
+B+: 0x7f1e2e7c9048 0x7f1e2e7c905b
+B+: 0x7f1e2e7c90a8 0x7f1e2e7c90b4
+B+: 0x7f1e2e7c90b5 0x7f1e2e7c90b9
+B+: 0x7f1e2e7c90db 0x7f1e2e7c90e1
+B+: 0x7f1e2e7c90f0 0x7f1e2e7c9103
+B+: 0x7f1e2e7c9104 0x7f1e2e7c9113
+B+: 0x7f1e2e7c9114 0x7f1e2e7c911b
+B+: 0x7f1e2e7c911c 0x7f1e2e7c9122
+B+: 0x7f1e2e7c9123 0x7f1e2e7c9152
+B+: 0x7f1e2e7c9153 0x7f1e2e7c915f
+B+: 0x7f1e2e7c9160 0x7f1e2e7c9168
+B+: 0x7f1e2e7c9216 0x7f1e2e7c921c
+B+: 0x7f1e2e7c9224 0x7f1e2e7c922d
+B+: 0x7f1e2e7c922e 0x7f1e2e7c9237
+B+: 0x7f1e2e7c9238 0x7f1e2e7c9241
+B+: 0x7f1e2e7c9242 0x7f1e2e7c924b
+B+: 0x7f1e2e7c925d 0x7f1e2e7c9266
+B+: 0x7f1e2e7c9267 0x7f1e2e7c9281
+B+: 0x7f1e2e7c9282 0x7f1e2e7c9293
+B+: 0x7f1e2e7c934c 0x7f1e2e7c9353
+B+: 0x7f1e2e7c9354 0x7f1e2e7c936f
+B+: 0x7f1e2e7c951b 0x7f1e2e7c9525
+B+: 0x7f1e2e7c9526 0x7f1e2e7c952e
+B+: 0x7f1e2e7c952f 0x7f1e2e7c9537
+B+: 0x7f1e2e7c98d0 0x7f1e2e7c98ec
+B+: 0x7f1e2e7c98ed 0x7f1e2e7c98f1
+B+: 0x7f1e2e7c98f8 0x7f1e2e7c98fa
+B+: 0x7f1e2e7c98fb 0x7f1e2e7c9907
+B+: 0x7f1e2e7c9908 0x7f1e2e7c993e
+B+: 0x7f1e2e7c993f 0x7f1e2e7c9940
+B+: 0x7f1e2e7c9963 0x7f1e2e7c9977
+B+: 0x7f1e2e7c9980 0x7f1e2e7c9986
+B+: 0x7f1e2e7c9987 0x7f1e2e7c998e
+B+: 0x7f1e2e7c998f 0x7f1e2e7c9997
+B+: 0x7f1e2e7c9998 0x7f1e2e7c99ba
+B+: 0x7f1e2e7c99bb 0x7f1e2e7c99bc
+B+: 0x7f1e2e7c99c0 0x7f1e2e7c99e7
+B+: 0x7f1e2e7c99e8 0x7f1e2e7c99f7
+B+: 0x7f1e2e7c9a19 0x7f1e2e7c9a21
+B+: 0x7f1e2e7c9a22 0x7f1e2e7c9a2a
+B+: 0x7f1e2e7c9a2b 0x7f1e2e7c9a34
+B+: 0x7f1e2e7c9a35 0x7f1e2e7c9a3f
+B+: 0x7f1e2e7c9ad0 0x7f1e2e7c9ae9
+B+: 0x7f1e2e7c9aea 0x7f1e2e7c9b00
+B+: 0x7f1e2e7c9b10 0x7f1e2e7c9b1f
+B+: 0x7f1e2e7c9b20 0x7f1e2e7c9b2b
+B+: 0x7f1e2e7c9b2c 0x7f1e2e7c9b31
+B+: 0x7f1e2e7c9b32 0x7f1e2e7c9b41
+B+: 0x7f1e2e7c9b56 0x7f1e2e7c9b61
+B+: 0x7f1e2e7c9b62 0x7f1e2e7c9b6f
+B+: 0x7f1e2e7c9b70 0x7f1e2e7c9b85
+B+: 0x7f1e2e7c9b86 0x7f1e2e7c9b97
+B+: 0x7f1e2e7c9b98 0x7f1e2e7c9bc0
+B+: 0x7f1e2e7c9bc8 0x7f1e2e7c9bcc
+B+: 0x7f1e2e7c9bcd 0x7f1e2e7c9bea
+B+: 0x7f1e2e7c9d70 0x7f1e2e7c9d98
+B+: 0x7f1e2e7c9da0 0x7f1e2e7c9da1
+B+: 0x7f1e2e7c9da2 0x7f1e2e7c9daa
+B+: 0x7f1e2e7c9dab 0x7f1e2e7c9dc5
+B+: 0x7f1e2e7c9dc6 0x7f1e2e7c9dc9
+B+: 0x7f1e2e7c9dca 0x7f1e2e7c9dd1
+B+: 0x7f1e2e7c9dd2 0x7f1e2e7c9de6
+B+: 0x7f1e2e7c9df0 0x7f1e2e7c9e2a
+B+: 0x7f1e2e7c9e2b 0x7f1e2e7c9e2f
+B+: 0x7f1e2e7c9e46 0x7f1e2e7c9e5c
+B+: 0x7f1e2e7c9e5d 0x7f1e2e7c9e6e
+B+: 0x7f1e2e7c9e90 0x7f1e2e7c9ead
+B+: 0x7f1e2e7c9ec8 0x7f1e2e7c9ed1
+B+: 0x7f1e2e7c9ed2 0x7f1e2e7c9edd
+B+: 0x7f1e2e7c9f6c 0x7f1e2e7c9f8f
+B+: 0x7f1e2e7c9f90 0x7f1e2e7c9f9c
+B+: 0x7f1e2e7c9f9d 0x7f1e2e7c9fa8
+B+: 0x7f1e2e7c9fa9 0x7f1e2e7c9fb0
+B+: 0x7f1e2e7c9fb1 0x7f1e2e7c9fc5
+B+: 0x7f1e2e7ca008 0x7f1e2e7ca012
+B+: 0x7f1e2e7ca013 0x7f1e2e7ca01e
+B+: 0x7f1e2e7ca01f 0x7f1e2e7ca02e
+B+: 0x7f1e2e7ca060 0x7f1e2e7ca066
+B+: 0x7f1e2e7ca067 0x7f1e2e7ca074
+B+: 0x7f1e2e7ca075 0x7f1e2e7ca086
+B+: 0x7f1e2e7ca087 0x7f1e2e7ca08e
+B+: 0x7f1e2e7ca08f 0x7f1e2e7ca0a2
+B+: 0x7f1e2e7ca0a3 0x7f1e2e7ca0b0
+B+: 0x7f1e2e7ca100 0x7f1e2e7ca116
+B+: 0x7f1e2e7ca145 0x7f1e2e7ca14d
+B+: 0x7f1e2e7ca14e 0x7f1e2e7ca157
+B+: 0x7f1e2e7ca160 0x7f1e2e7ca166
+B+: 0x7f1e2e7ca1c0 0x7f1e2e7ca1d1
+B+: 0x7f1e2e7ca1e8 0x7f1e2e7ca1ef
+B+: 0x7f1e2e7ca248 0x7f1e2e7ca25b
+B+: 0x7f1e2e7ca25c 0x7f1e2e7ca271
+B+: 0x7f1e2e7ca7d0 0x7f1e2e7ca7ff
+B+: 0x7f1e2e7ca80f 0x7f1e2e7ca812
+B+: 0x7f1e2e7ca813 0x7f1e2e7ca81c
+B+: 0x7f1e2e7ca81d 0x7f1e2e7ca820
+B+: 0x7f1e2e7ca821 0x7f1e2e7ca82f
+B+: 0x7f1e2e7ca830 0x7f1e2e7ca83a
+B+: 0x7f1e2e7ca84f 0x7f1e2e7ca85a
+B+: 0x7f1e2e7ca85f 0x7f1e2e7ca862
+B+: 0x7f1e2e7ca870 0x7f1e2e7ca877
+B+: 0x7f1e2e7ca878 0x7f1e2e7ca88d
+B+: 0x7f1e2e7cb440 0x7f1e2e7cb464
+B+: 0x7f1e2e7cb61e 0x7f1e2e7cb627
+B+: 0x7f1e2e7cb628 0x7f1e2e7cb631
+B+: 0x7f1e2e7cb632 0x7f1e2e7cb659
+B+: 0x7f1e2e7cb6af 0x7f1e2e7cb6bc
+B+: 0x7f1e2e7cb6c0 0x7f1e2e7cb6cb
+B+: 0x7f1e2e7cb730 0x7f1e2e7cb73b
+B+: 0x7f1e2e7cb740 0x7f1e2e7cb75e
+B+: 0x7f1e2e7cb75f 0x7f1e2e7cb767
+B+: 0x7f1e2e7cb7d2 0x7f1e2e7cb7e3
+B+: 0x7f1e2e7cb8a0 0x7f1e2e7cb8a7
+B+: 0x7f1e2e7cc260 0x7f1e2e7cc2a5
+B+: 0x7f1e2e7cc2b5 0x7f1e2e7cc2be
+B+: 0x7f1e2e7cc2bf 0x7f1e2e7cc2d2
+B+: 0x7f1e2e7cc2d3 0x7f1e2e7cc2fc
+B+: 0x7f1e2e7cc2fd 0x7f1e2e7cc310
+B+: 0x7f1e2e7cc324 0x7f1e2e7cc328
+B+: 0x7f1e2e7cc336 0x7f1e2e7cc33f
+B+: 0x7f1e2e7cc340 0x7f1e2e7cc344
+B+: 0x7f1e2e7cc370 0x7f1e2e7cc386
+B+: 0x7f1e2e7cc387 0x7f1e2e7cc398
+B+: 0x7f1e2e7cc3a0 0x7f1e2e7cc3b6
+B+: 0x7f1e2e7cc3b7 0x7f1e2e7cc3d7
+B+: 0x7f1e2e7cc3dd 0x7f1e2e7cc3ec
+B+: 0x7f1e2e7cc850 0x7f1e2e7cc886
+B+: 0x7f1e2e7cc887 0x7f1e2e7cc89a
+B+: 0x7f1e2e7cc89b 0x7f1e2e7cc8ad
+B+: 0x7f1e2e7cc8ae 0x7f1e2e7cc8c4
+B+: 0x7f1e2e7cc8c5 0x7f1e2e7cc8d7
+B+: 0x7f1e2e7cc8d8 0x7f1e2e7cc8e7
+B+: 0x7f1e2e7cc8e8 0x7f1e2e7cc90c
+B+: 0x7f1e2e7cc90d 0x7f1e2e7cc915
+B+: 0x7f1e2e7cc924 0x7f1e2e7cc933
+B+: 0x7f1e2e7cc934 0x7f1e2e7cc947
+B+: 0x7f1e2e7cc948 0x7f1e2e7cc954
+B+: 0x7f1e2e7cc955 0x7f1e2e7cc95f
+B+: 0x7f1e2e7cc960 0x7f1e2e7cc964
+B+: 0x7f1e2e7cca6a 0x7f1e2e7cca7c
+B+: 0x7f1e2e7cca7d 0x7f1e2e7cca9c
+B+: 0x7f1e2e7ccba0 0x7f1e2e7ccbad
+B+: 0x7f1e2e7ccbae 0x7f1e2e7ccbe1
+B+: 0x7f1e2e7ccbf0 0x7f1e2e7ccbfb
+B+: 0x7f1e2e7ccdb0 0x7f1e2e7ccdbd
+B+: 0x7f1e2e7ccdbe 0x7f1e2e7ccdca
+B+: 0x7f1e2e7ccdcb 0x7f1e2e7ccde3
+B+: 0x7f1e2e7ccde8 0x7f1e2e7ccdf4
+B+: 0x7f1e2e7ccdf8 0x7f1e2e7cce04
+B+: 0x7f1e2e7cce05 0x7f1e2e7cce12
+B+: 0x7f1e2e7cce13 0x7f1e2e7cce1d
+B+: 0x7f1e2e7cceb4 0x7f1e2e7ccec1
+B+: 0x7f1e2e7cd160 0x7f1e2e7cd174
+B+: 0x7f1e2e7cd175 0x7f1e2e7cd187
+B+: 0x7f1e2e7cd188 0x7f1e2e7cd1a2
+B+: 0x7f1e2e7cd1a3 0x7f1e2e7cd1ac
+B+: 0x7f1e2e7cd1ad 0x7f1e2e7cd1b3
+B+: 0x7f1e2e7cd1d0 0x7f1e2e7cd1e5
+B+: 0x7f1e2e7cd1eb 0x7f1e2e7cd1f3
+B+: 0x7f1e2e7cd205 0x7f1e2e7cd20b
+B+: 0x7f1e2e7cd20c 0x7f1e2e7cd21d
+B+: 0x7f1e2e7cd21e 0x7f1e2e7cd226
+B+: 0x7f1e2e7cd227 0x7f1e2e7cd230
+B+: 0x7f1e2e7cd231 0x7f1e2e7cd232
+B+: 0x7f1e2e7cd240 0x7f1e2e7cd248
+B+: 0x7f1e2e7cd260 0x7f1e2e7cd260
+B+: 0x7f1e2e7cd520 0x7f1e2e7cd534
+B+: 0x7f1e2e7cd572 0x7f1e2e7cd578
+B+: 0x7f1e2e7cd580 0x7f1e2e7cd583
+B+: 0x7f1e2e7cd610 0x7f1e2e7cd656
+B+: 0x7f1e2e7cd65b 0x7f1e2e7cd686
+B+: 0x7f1e2e7cd687 0x7f1e2e7cd69d
+B+: 0x7f1e2e7cd6fc 0x7f1e2e7cd708
+B+: 0x7f1e2e7cd709 0x7f1e2e7cd711
+B+: 0x7f1e2e7cd712 0x7f1e2e7cd72a
+B+: 0x7f1e2e7cd72b 0x7f1e2e7cd73c
+B+: 0x7f1e2e7cd740 0x7f1e2e7cd747
+B+: 0x7f1e2e7cd748 0x7f1e2e7cd75f
+B+: 0x7f1e2e7cd760 0x7f1e2e7cd766
+B+: 0x7f1e2e7cd767 0x7f1e2e7cd780
+B+: 0x7f1e2e7cd790 0x7f1e2e7cd793
+B+: 0x7f1e2e7cd794 0x7f1e2e7cd798
+B+: 0x7f1e2e7cd7a2 0x7f1e2e7cd7aa
+B+: 0x7f1e2e7cd7ab 0x7f1e2e7cd7ae
+B+: 0x7f1e2e7cd7af 0x7f1e2e7cd7bd
+B+: 0x7f1e2e7cd7cb 0x7f1e2e7cd7d3
+B+: 0x7f1e2e7cd825 0x7f1e2e7cd841
+B+: 0x7f1e2e7cd842 0x7f1e2e7cd84d
+B+: 0x7f1e2e7cd87e 0x7f1e2e7cd88e
+B+: 0x7f1e2e7cd88f 0x7f1e2e7cd8a0
+B+: 0x7f1e2e7cd8a1 0x7f1e2e7cd8ad
+B+: 0x7f1e2e7cdc10 0x7f1e2e7cdc30
+B+: 0x7f1e2e7cdc31 0x7f1e2e7cdc58
+B+: 0x7f1e2e7cdc5e 0x7f1e2e7cdc66
+B+: 0x7f1e2e7cdc67 0x7f1e2e7cdc6f
+B+: 0x7f1e2e7cdc78 0x7f1e2e7cdc87
+B+: 0x7f1e2e7cdc88 0x7f1e2e7cdc89
+B+: 0x7f1e2e7cdca0 0x7f1e2e7cdcaf
+B+: 0x7f1e2e7cdcba 0x7f1e2e7cdcc4
+B+: 0x7f1e2e7cdce0 0x7f1e2e7cdce8
+B+: 0x7f1e2e7ce360 0x7f1e2e7ce36b
+B+: 0x7f1e2e7ce480 0x7f1e2e7ce480
+B+: 0x7f1e2e7ce9c0 0x7f1e2e7ce9db
+B+: 0x7f1e2e7cea16 0x7f1e2e7cea32
+B+: 0x7f1e2e7cea33 0x7f1e2e7cea52
+B+: 0x7f1e2e7cea63 0x7f1e2e7cea6a
+B+: 0x7f1e2e7cea90 0x7f1e2e7ceaa6
+B+: 0x7f1e2e7ceaa7 0x7f1e2e7ceaae
+B+: 0x7f1e2e7ceaaf 0x7f1e2e7ceab6
+B+: 0x7f1e2e7ceaf6 0x7f1e2e7ceb01
+B+: 0x7f1e2e7ceb0c 0x7f1e2e7ceb34
+B+: 0x7f1e2e7ceb40 0x7f1e2e7ceb57
+B+: 0x7f1e2e7ceb58 0x7f1e2e7ceb5f
+B+: 0x7f1e2e7ceb60 0x7f1e2e7ceb67
+B+: 0x7f1e2e7ceb68 0x7f1e2e7ceb70
+B+: 0x7f1e2e7ceb71 0x7f1e2e7ceb7a
+B+: 0x7f1e2e7ceb7b 0x7f1e2e7ceb80
+B+: 0x7f1e2e7ceb97 0x7f1e2e7ceb9c
+B+: 0x7f1e2e7cec0a 0x7f1e2e7cec3d
+B+: 0x7f1e2e7cec47 0x7f1e2e7cec53
+B+: 0x7f1e2e7ceed0 0x7f1e2e7ceede
+B+: 0x7f1e2e7ceedf 0x7f1e2e7ceee7
+B+: 0x7f1e2e7ceee8 0x7f1e2e7ceefc
+B+: 0x7f1e2e7ceefd 0x7f1e2e7cef02
+B+: 0x7f1e2e7cef03 0x7f1e2e7cef1b
+B+: 0x7f1e2e7cef1c 0x7f1e2e7cef21
+B+: 0x7f1e2e7cef22 0x7f1e2e7cef2b
+B+: 0x7f1e2e7cefc0 0x7f1e2e7cefc7
+B+: 0x7f1e2e7cefc8 0x7f1e2e7cefd0
+B+: 0x7f1e2e7cf760 0x7f1e2e7cf768
+B+: 0x7f1e2e7cf769 0x7f1e2e7cf76d
+B+: 0x7f1e2e7cf76e 0x7f1e2e7cf772
+B+: 0x7f1e2e7cf780 0x7f1e2e7cf788
+B+: 0x7f1e2e7cf789 0x7f1e2e7cf78d
+B+: 0x7f1e2e7cf78e 0x7f1e2e7cf792
+B+: 0x7f1e2e7cf7c0 0x7f1e2e7cf7d9
+B+: 0x7f1e2e7cf7da 0x7f1e2e7cf7e6
+B+: 0x7f1e2e7cf7f7 0x7f1e2e7cf802
+B+: 0x7f1e2e7cf803 0x7f1e2e7cf80b
+B+: 0x7f1e2e7cf80c 0x7f1e2e7cf841
+B+: 0x7f1e2e7cf842 0x7f1e2e7cf84b
+B+: 0x7f1e2e7cf84c 0x7f1e2e7cf852
+B+: 0x7f1e2e7cf853 0x7f1e2e7cf875
+B+: 0x7f1e2e7cf880 0x7f1e2e7cf88e
+B+: 0x7f1e2e7cf8b0 0x7f1e2e7cf8c8
+B+: 0x7f1e2e7cf900 0x7f1e2e7cf941
+B+: 0x7f1e2e7cf950 0x7f1e2e7cf966
+B+: 0x7f1e2e7cf967 0x7f1e2e7cf97e
+B+: 0x7f1e2e7cf97f 0x7f1e2e7cf98a
+B+: 0x7f1e2e7cf98b 0x7f1e2e7cf9b3
+B+: 0x7f1e2e7cf9b4 0x7f1e2e7cf9bd
+B+: 0x7f1e2e7cf9be 0x7f1e2e7cf9bf
+B+: 0x7f1e2e7cf9d0 0x7f1e2e7cf9e8
+B+: 0x7f1e2e7cf9e9 0x7f1e2e7cfa14
+B+: 0x7f1e2e7cfa1e 0x7f1e2e7cfa25
+B+: 0x7f1e2e7cfa26 0x7f1e2e7cfa33
+B+: 0x7f1e2e7cfa34 0x7f1e2e7cfa46
+B+: 0x7f1e2e7cfae0 0x7f1e2e7cfafe
+B+: 0x7f1e2e7cfaff 0x7f1e2e7cfb0c
+B+: 0x7f1e2e7cfb0d 0x7f1e2e7cfb1b
+B+: 0x7f1e2e7cfb1c 0x7f1e2e7cfb2c
+B+: 0x7f1e2e7cfb40 0x7f1e2e7cfb62
+B+: 0x7f1e2e7cfb98 0x7f1e2e7cfba9
+B+: 0x7f1e2e7d06d0 0x7f1e2e7d06f4
+B+: 0x7f1e2e7d06f5 0x7f1e2e7d070d
+B+: 0x7f1e2e7d070e 0x7f1e2e7d0712
+B+: 0x7f1e2e7d0713 0x7f1e2e7d071e
+B+: 0x7f1e2e7d071f 0x7f1e2e7d0723
+B+: 0x7f1e2e7d0724 0x7f1e2e7d0728
+B+: 0x7f1e2e7d0729 0x7f1e2e7d0730
+B+: 0x7f1e2e7d073c 0x7f1e2e7d0749
+B+: 0x7f1e2e7d074a 0x7f1e2e7d074d
+B+: 0x7f1e2e7d074e 0x7f1e2e7d0760
+B+: 0x7f1e2e7d0761 0x7f1e2e7d076b
+B+: 0x7f1e2e7d0790 0x7f1e2e7d079d
+B+: 0x7f1e2e7d079e 0x7f1e2e7d07a5
+B+: 0x7f1e2e7d07a6 0x7f1e2e7d07a7
+B+: 0x7f1e2e7d0890 0x7f1e2e7d089d
+B+: 0x7f1e2e7d089e 0x7f1e2e7d08a9
+B+: 0x7f1e2e7d08aa 0x7f1e2e7d08bd
+B+: 0x7f1e2e7d08c0 0x7f1e2e7d08ca
+B+: 0x7f1e2e7d08d0 0x7f1e2e7d08ef
+B+: 0x7f1e2e7d08f0 0x7f1e2e7d08f4
+B+: 0x7f1e2e7d08f5 0x7f1e2e7d090c
+B+: 0x7f1e2e7d090d 0x7f1e2e7d0910
+B+: 0x7f1e2e7d0911 0x7f1e2e7d0912
+B+: 0x7f1e2e7d0913 0x7f1e2e7d091b
+B+: 0x7f1e2e7d091c 0x7f1e2e7d0930
+B+: 0x7f1e2e7d0938 0x7f1e2e7d093c
+B+: 0x7f1e2e7d0980 0x7f1e2e7d098f
+B+: 0x7f1e2e7d0990 0x7f1e2e7d099b
+B+: 0x7f1e2e7d099c 0x7f1e2e7d09ab
+B+: 0x7f1e2e7d0a80 0x7f1e2e7d0a93
+B+: 0x7f1e2e7d0a94 0x7f1e2e7d0aac
+B+: 0x7f1e2e7d0aad 0x7f1e2e7d0abf
+B+: 0x7f1e2e7d0ac0 0x7f1e2e7d0ada
+B+: 0x7f1e2e7d0adb 0x7f1e2e7d0ae3
+B+: 0x7f1e2e7d0aec 0x7f1e2e7d0af8
+B+: 0x7f1e2e7d0af9 0x7f1e2e7d0b02
+B+: 0x7f1e2e7d0b03 0x7f1e2e7d0b06
+B+: 0x7f1e2e7d0b07 0x7f1e2e7d0b1a
+B+: 0x7f1e2e7d0c49 0x7f1e2e7d0c55
+B+: 0x7f1e2e7d0c56 0x7f1e2e7d0c67
+B+: 0x7f1e2e7d0c82 0x7f1e2e7d0c93
+B+: 0x7f1e2e7d0d77 0x7f1e2e7d0d82
+B+: 0x7f1e2e7d0da0 0x7f1e2e7d0db2
+B+: 0x7f1e2e7d0db3 0x7f1e2e7d0ddf
+B+: 0x7f1e2e7d0de0 0x7f1e2e7d0deb
+B+: 0x7f1e2e7d0dec 0x7f1e2e7d0dfc
+B+: 0x7f1e2e7d0dfd 0x7f1e2e7d0e18
+B+: 0x7f1e2e7d0e19 0x7f1e2e7d0e25
+B+: 0x7f1e2e7d0e26 0x7f1e2e7d0e2e
+B+: 0x7f1e2e7d0e2f 0x7f1e2e7d0e3f
+B+: 0x7f1e2e7d0e40 0x7f1e2e7d0e44
+B+: 0x7f1e2e7d0e45 0x7f1e2e7d0e50
+B+: 0x7f1e2e7d0e51 0x7f1e2e7d0e5d
+B+: 0x7f1e2e7d0e5e 0x7f1e2e7d0e77
+B+: 0x7f1e2e7d0ece 0x7f1e2e7d0ed2
+B+: 0x7f1e2e7d0ed3 0x7f1e2e7d0ede
+B+: 0x7f1e2e7d0ee0 0x7f1e2e7d0eec
+B+: 0x7f1e2e7d0f60 0x7f1e2e7d0f7c
+B+: 0x7f1e2e7d1120 0x7f1e2e7d1128
+B+: 0x7f1e2e7d1129 0x7f1e2e7d1147
+B+: 0x7f1e2e7d1750 0x7f1e2e7d175e
+B+: 0x7f1e2e7d175f 0x7f1e2e7d1763
+B+: 0x7f1e2e7d1764 0x7f1e2e7d1770
+B+: 0x7f1e2e7d1771 0x7f1e2e7d1777
+B+: 0x7f1e2e7d1778 0x7f1e2e7d1783
+B+: 0x7f1e2e7d1784 0x7f1e2e7d1788
+B+: 0x7f1e2e7d1789 0x7f1e2e7d178d
+B+: 0x7f1e2e7d178e 0x7f1e2e7d1796
+B+: 0x7f1e2e7d1797 0x7f1e2e7d179e
+B+: 0x7f1e2e7d1890 0x7f1e2e7d1892
+B+: 0x7f1e2e7d18a7 0x7f1e2e7d18ab
+B+: 0x7f1e2e7d18ac 0x7f1e2e7d18b2
+B+: 0x7f1e2e7d18b3 0x7f1e2e7d18b6
+B+: 0x7f1e2e7d18d0 0x7f1e2e7d18e1
+B+: 0x7f1e2e7d18e2 0x7f1e2e7d18e6
+B+: 0x7f1e2e7d18e7 0x7f1e2e7d18eb
+B+: 0x7f1e2e7d18ec 0x7f1e2e7d18f1
+B+: 0x7f1e2e7d18f2 0x7f1e2e7d18fa
+B+: 0x7f1e2e7d18fb 0x7f1e2e7d18fc
+B+: 0x7f1e2e7d1940 0x7f1e2e7d1948
+B+: 0x7f1e2e7d1949 0x7f1e2e7d1951
+B+: 0x7f1e2e7d1980 0x7f1e2e7d1988
+B+: 0x7f1e2e7d1989 0x7f1e2e7d198a
+B+: 0x7f1e2e7d198b 0x7f1e2e7d1991
+B+: 0x7f1e2e7d1992 0x7f1e2e7d19a2
+B+: 0x7f1e2e7d19a8 0x7f1e2e7d19ac
+B+: 0x7f1e2e7d19eb 0x7f1e2e7d1a00
+B+: 0x7f1e2e7d1a08 0x7f1e2e7d1a10
+B+: 0x7f1e2e7d1af0 0x7f1e2e7d1b11
+B+: 0x7f1e2e7d1b12 0x7f1e2e7d1b16
+B+: 0x7f1e2e7d1b17 0x7f1e2e7d1b1d
+B+: 0x7f1e2e7d1b1e 0x7f1e2e7d1b26
+B+: 0x7f1e2e7d1b27 0x7f1e2e7d1b34
+B+: 0x7f1e2e7d1b35 0x7f1e2e7d1b3c
+B+: 0x7f1e2e7d1b3d 0x7f1e2e7d1b49
+B+: 0x7f1e2e7d1b4a 0x7f1e2e7d1b5a
+B+: 0x7f1e2e7d1b5b 0x7f1e2e7d1b63
+B+: 0x7f1e2e7d1b7f 0x7f1e2e7d1b93
+B+: 0x7f1e2e7d1b94 0x7f1e2e7d1b9c
+B+: 0x7f1e2e7d1be0 0x7f1e2e7d1bf7
+B+: 0x7f1e2e7d1bf8 0x7f1e2e7d1c00
+B+: 0x7f1e2e7d1c1b 0x7f1e2e7d1c2b
+B+: 0x7f1e2e7d1d40 0x7f1e2e7d1d5e
+B+: 0x7f1e2e7d1d5f 0x7f1e2e7d1d6d
+B+: 0x7f1e2e7d1d6e 0x7f1e2e7d1d72
+B+: 0x7f1e2e7d1d7d 0x7f1e2e7d1d90
+B+: 0x7f1e2e7d1d91 0x7f1e2e7d1d95
+B+: 0x7f1e2e7d1d96 0x7f1e2e7d1d9a
+B+: 0x7f1e2e7d1da0 0x7f1e2e7d1da4
+B+: 0x7f1e2e7d1dd5 0x7f1e2e7d1dd9
+B+: 0x7f1e2e7d1dda 0x7f1e2e7d1dde
+B+: 0x7f1e2e7d1df0 0x7f1e2e7d1dfb
+B+: 0x7f1e2e7d1dfc 0x7f1e2e7d1e07
+B+: 0x7f1e2e7d1e08 0x7f1e2e7d1e10
+B+: 0x7f1e2e7d1e2c 0x7f1e2e7d1e30
+B+: 0x7f1e2e7d1e31 0x7f1e2e7d1e36
+B+: 0x7f1e2e7d1e41 0x7f1e2e7d1e45
+B+: 0x7f1e2e7d1e46 0x7f1e2e7d1e54
+B+: 0x7f1e2e7d1e55 0x7f1e2e7d1e5d
+B+: 0x7f1e2e7d1e5e 0x7f1e2e7d1e62
+B+: 0x7f1e2e7d1e63 0x7f1e2e7d1e74
+B+: 0x7f1e2e7d1e78 0x7f1e2e7d1e84
+B+: 0x7f1e2e7d1ea0 0x7f1e2e7d1ea4
+B+: 0x7f1e2e7d1ef0 0x7f1e2e7d1f03
+B+: 0x7f1e2e7d1f40 0x7f1e2e7d1f76
+B+: 0x7f1e2e7d1f77 0x7f1e2e7d1f82
+B+: 0x7f1e2e7d1f83 0x7f1e2e7d1f92
+B+: 0x7f1e2e7d201b 0x7f1e2e7d2031
+B+: 0x7f1e2e7d2032 0x7f1e2e7d2040
+B+: 0x7f1e2e7d2075 0x7f1e2e7d20b8
+B+: 0x7f1e2e7d20b9 0x7f1e2e7d20c3
+B+: 0x7f1e2e7d20c4 0x7f1e2e7d20cc
+B+: 0x7f1e2e7d20cd 0x7f1e2e7d20d5
+B+: 0x7f1e2e7d20d6 0x7f1e2e7d20de
+B+: 0x7f1e2e7d20df 0x7f1e2e7d2106
+B+: 0x7f1e2e7d2107 0x7f1e2e7d2133
+B+: 0x7f1e2e7d2578 0x7f1e2e7d2581
+B+: 0x7f1e2e7d2582 0x7f1e2e7d25a8
+B+: 0x7f1e2e7d25a9 0x7f1e2e7d25b6
+B+: 0x7f1e2e7d25d0 0x7f1e2e7d25e0
+B+: 0x7f1e2e7d25e1 0x7f1e2e7d25ee
+B+: 0x7f1e2e7d25ef 0x7f1e2e7d25f3
+B+: 0x7f1e2e7d2670 0x7f1e2e7d267e
+B+: 0x7f1e2e7d267f 0x7f1e2e7d2683
+B+: 0x7f1e2e7d2684 0x7f1e2e7d2692
+B+: 0x7f1e2e7d2693 0x7f1e2e7d269a
+B+: 0x7f1e2e7d269b 0x7f1e2e7d26a2
+B+: 0x7f1e2e7d26a3 0x7f1e2e7d26b7
+B+: 0x7f1e2e7d2790 0x7f1e2e7d27bc
+B+: 0x7f1e2e7d27bd 0x7f1e2e7d27d4
+B+: 0x7f1e2e7d27e0 0x7f1e2e7d283a
+B+: 0x7f1e2e7d283b 0x7f1e2e7d2875
+B+: 0x7f1e2e7d2876 0x7f1e2e7d2893
+B+: 0x7f1e2e7d2894 0x7f1e2e7d28a3
+B+: 0x7f1e2e7d28a4 0x7f1e2e7d28b0
+B+: 0x7f1e2e7d29b4 0x7f1e2e7d29b8
+B+: 0x7f1e2e7d29b9 0x7f1e2e7d29cf
+B+: 0x7f1e2e7d29d0 0x7f1e2e7d29dc
+B+: 0x7f1e2e7d29dd 0x7f1e2e7d29ef
+B+: 0x7f1e2e7d29f0 0x7f1e2e7d29f7
+B+: 0x7f1e2e7d2a01 0x7f1e2e7d2a16
+B+: 0x7f1e2e7d2a28 0x7f1e2e7d2a3d
+B+: 0x7f1e2e7d2a3e 0x7f1e2e7d2a4d
+B+: 0x7f1e2e7d2a79 0x7f1e2e7d2a97
+B+: 0x7f1e2e7d2a98 0x7f1e2e7d2ac0
+B+: 0x7f1e2e7d2ac1 0x7f1e2e7d2acf
+B+: 0x7f1e2e7d3148 0x7f1e2e7d3154
+B+: 0x7f1e2e7d3155 0x7f1e2e7d3174
+B+: 0x7f1e2e7d3175 0x7f1e2e7d317f
+B+: 0x7f1e2e7d31ac 0x7f1e2e7d31b0
+B+: 0x7f1e2e7d31b1 0x7f1e2e7d31b5
+B+: 0x7f1e2e7d3a40 0x7f1e2e7d3a64
+B+: 0x7f1e2e7d3b10 0x7f1e2e7d3b1a
+B+: 0x7f1e2e7d3b40 0x7f1e2e7d3b47
+B+: 0x7f1e2e7d3b48 0x7f1e2e7d3b51
+B+: 0x7f1e2e7d3b58 0x7f1e2e7d3b60
+B+: 0x7f1e2e7d3b61 0x7f1e2e7d3b6a
+B+: 0x7f1e2e7d3b88 0x7f1e2e7d3b8c
+B+: 0x7f1e2e7d3b8d 0x7f1e2e7d3b94
+B+: 0x7f1e2e7d3ba0 0x7f1e2e7d3ba4
+B+: 0x7f1e2e7d3d00 0x7f1e2e7d3d30
+B+: 0x7f1e2e7d3e3f 0x7f1e2e7d3e55
+B+: 0x7f1e2e7d3e56 0x7f1e2e7d3e67
+B+: 0x7f1e2e7d41e0 0x7f1e2e7d4222
+B+: 0x7f1e2e7d4223 0x7f1e2e7d4228
+B+: 0x7f1e2e7d424c 0x7f1e2e7d4260
+B+: 0x7f1e2e7d4261 0x7f1e2e7d4269
+B+: 0x7f1e2e7d4270 0x7f1e2e7d4279
+B+: 0x7f1e2e7d4288 0x7f1e2e7d42a0
+B+: 0x7f1e2e7d42a1 0x7f1e2e7d42ba
+B+: 0x7f1e2e7d42bb 0x7f1e2e7d42bc
+B+: 0x7f1e2e7d42d0 0x7f1e2e7d42d8
+B+: 0x7f1e2e7d42f8 0x7f1e2e7d42f8
+B+: 0x7f1e2e7d4300 0x7f1e2e7d430c
+B+: 0x7f1e2e7d433f 0x7f1e2e7d4343
+B+: 0x7f1e2e7d4380 0x7f1e2e7d4384
+B+: 0x7f1e2e7d43d0 0x7f1e2e7d43e3
+B+: 0x7f1e2e7d4400 0x7f1e2e7d4400
+B+: 0x7f1e2e7d4420 0x7f1e2e7d445b
+B+: 0x7f1e2e7d4467 0x7f1e2e7d4471
+B+: 0x7f1e2e7d4472 0x7f1e2e7d4489
+B+: 0x7f1e2e7d448a 0x7f1e2e7d448d
+B+: 0x7f1e2e7d448e 0x7f1e2e7d4494
+B+: 0x7f1e2e7d4495 0x7f1e2e7d449d
+B+: 0x7f1e2e7d449e 0x7f1e2e7d44a9
+B+: 0x7f1e2e7d44aa 0x7f1e2e7d44c2
+B+: 0x7f1e2e7d44c3 0x7f1e2e7d44ce
+B+: 0x7f1e2e7d44cf 0x7f1e2e7d44e5
+B+: 0x7f1e2e7d44e6 0x7f1e2e7d44f5
+B+: 0x7f1e2e7d4500 0x7f1e2e7d450e
+B+: 0x7f1e2e7d450f 0x7f1e2e7d4513
+B+: 0x7f1e2e7d4514 0x7f1e2e7d451e
+B+: 0x7f1e2e7d4540 0x7f1e2e7d4549
+B+: 0x7f1e2e7d454a 0x7f1e2e7d454e
+B+: 0x7f1e2e7d454f 0x7f1e2e7d4560
+B+: 0x7f1e2e7d4568 0x7f1e2e7d4577
+B+: 0x7f1e2e7d4580 0x7f1e2e7d4589
+B+: 0x7f1e2e7d45a8 0x7f1e2e7d45bb
+B+: 0x7f1e2e7d45c0 0x7f1e2e7d45ce
+B+: 0x7f1e2e7d45cf 0x7f1e2e7d45dc
+B+: 0x7f1e2e7d46f0 0x7f1e2e7d46fd
+B+: 0x7f1e2e7d47a0 0x7f1e2e7d47a0
+B+: 0x7f1e2e7d47b0 0x7f1e2e7d47ba
+B+: 0x7f1e2e7d47bb 0x7f1e2e7d47ce
+B+: 0x7f1e2e7d47cf 0x7f1e2e7d47d8
+B+: 0x7f1e2e7d47d9 0x7f1e2e7d47e6
+B+: 0x7f1e2e7d4800 0x7f1e2e7d482d
+B+: 0x7f1e2e7d482e 0x7f1e2e7d4831
+B+: 0x7f1e2e7d4832 0x7f1e2e7d4847
+B+: 0x7f1e2e7d4864 0x7f1e2e7d486b
+B+: 0x7f1e2e7d486c 0x7f1e2e7d486f
+B+: 0x7f1e2e7d4870 0x7f1e2e7d4876
+B+: 0x7f1e2e7d4877 0x7f1e2e7d487b
+B+: 0x7f1e2e7d487c 0x7f1e2e7d4886
+B+: 0x7f1e2e7d4ae0 0x7f1e2e7d4b01
+B+: 0x7f1e2e7d4b02 0x7f1e2e7d4b0a
+B+: 0x7f1e2e7d4b0b 0x7f1e2e7d4b14
+B+: 0x7f1e2e7d4b15 0x7f1e2e7d4b19
+B+: 0x7f1e2e7d4c00 0x7f1e2e7d4c19
+B+: 0x7f1e2e7d4c51 0x7f1e2e7d4c8e
+B+: 0x7f1e2e7d4c8f 0x7f1e2e7d4c9e
+B+: 0x7f1e2e7d4c9f 0x7f1e2e7d4ca6
+B+: 0x7f1e2e7d4df0 0x7f1e2e7d4dfb
+B+: 0x7f1e2e7d4e20 0x7f1e2e7d4e20
+B+: 0x7f1e2e7d4e30 0x7f1e2e7d4e38
+B+: 0x7f1e2e7d6940 0x7f1e2e7d694b
+B+: 0x7f1e2e7d694c 0x7f1e2e7d6957
+B+: 0x7f1e2e7d6958 0x7f1e2e7d6964
+B+: 0x7f1e2e7d6965 0x7f1e2e7d6969
+B+: 0x7f1e2e7d696a 0x7f1e2e7d696f
+B+: 0x7f1e2e7d6970 0x7f1e2e7d6976
+B+: 0x7f1e2e7d6980 0x7f1e2e7d6987
+B+: 0x7f1e2e7d6988 0x7f1e2e7d698c
+B+: 0x7f1e2e7d698d 0x7f1e2e7d699b
+B+: 0x7f1e2e7d699c 0x7f1e2e7d69a0
+B+: 0x7f1e2e7d69a1 0x7f1e2e7d69a8
+B+: 0x7f1e2e7d69a9 0x7f1e2e7d69ad
+B+: 0x7f1e2e7d69ae 0x7f1e2e7d69b8
+B+: 0x7f1e2e7d69b9 0x7f1e2e7d69b9
+B+: 0x7f1e2e7d69c0 0x7f1e2e7d69c5
+B+: 0x7f1e2e7d69c6 0x7f1e2e7d69c9
+B+: 0x7f1e2e7d69d0 0x7f1e2e7d69d0
+B+: 0x7f1e2e7d69d1 0x7f1e2e7d69d5
+B+: 0x7f1e2e7d69d6 0x7f1e2e7d69d9
+B+: 0x7f1e2e7d69e0 0x7f1e2e7d69ff
+B+: 0x7f1e2e7d6a00 0x7f1e2e7d6a11
+B+: 0x7f1e2e7d6a12 0x7f1e2e7d6a16
+B+: 0x7f1e2e7d6a20 0x7f1e2e7d6a22
+B+: 0x7f1e2e7d6a23 0x7f1e2e7d6a2f
+B+: 0x7f1e2e7d6a30 0x7f1e2e7d6a33
+B+: 0x7f1e2e7d6a34 0x7f1e2e7d6a5d
+B+: 0x7f1e2e7d6a5e 0x7f1e2e7d6a62
+B+: 0x7f1e2e7d6a63 0x7f1e2e7d6a82
+B+: 0x7f1e2e7d6ac0 0x7f1e2e7d6ade
+B+: 0x7f1e2e7d6adf 0x7f1e2e7d6ae3
+B+: 0x7f1e2e7d6ae4 0x7f1e2e7d6ae8
+B+: 0x7f1e2e7d6af0 0x7f1e2e7d6af2
+B+: 0x7f1e2e7d6af3 0x7f1e2e7d6aff
+B+: 0x7f1e2e7d6b00 0x7f1e2e7d6b03
+B+: 0x7f1e2e7d6b04 0x7f1e2e7d6b3e
+B+: 0x7f1e2e7d6b3f 0x7f1e2e7d6b49
+B+: 0x7f1e2e7d6b4a 0x7f1e2e7d6b57
+B+: 0x7f1e2e7d6b58 0x7f1e2e7d6b5d
+B+: 0x7f1e2e7d6b5e 0x7f1e2e7d6b66
+B+: 0x7f1e2e7d6b67 0x7f1e2e7d6b70
+B+: 0x7f1e2e7d6b71 0x7f1e2e7d6b7a
+B+: 0x7f1e2e7d6b7b 0x7f1e2e7d6b9a
+B+: 0x7f1e2e7d6b9b 0x7f1e2e7d6ba3
+B+: 0x7f1e2e7d6ba4 0x7f1e2e7d6bbd
+B+: 0x7f1e2e7d6bc0 0x7f1e2e7d6bc5
+B+: 0x7f1e2e7d6bc6 0x7f1e2e7d6bcf
+B+: 0x7f1e2e7d6bd0 0x7f1e2e7d6bd9
+B+: 0x7f1e2e7d6bda 0x7f1e2e7d6bf7
+B+: 0x7f1e2e7d6c08 0x7f1e2e7d6c14
+B+: 0x7f1e2e7d6c15 0x7f1e2e7d6c1b
+B+: 0x7f1e2e7d6c1c 0x7f1e2e7d6c29
+B+: 0x7f1e2e7d6cb0 0x7f1e2e7d6cca
+B+: 0x7f1e2e7d6ccb 0x7f1e2e7d6cda
+B+: 0x7f1e2e7d6cdb 0x7f1e2e7d6ce6
+B+: 0x7f1e2e7d6ce7 0x7f1e2e7d6cef
+B+: 0x7f1e2e7d6cf0 0x7f1e2e7d6cf4
+B+: 0x7f1e2e7d6cf5 0x7f1e2e7d6cfc
+B+: 0x7f1e2e7d6cfd 0x7f1e2e7d6d10
+B+: 0x7f1e2e7d6d11 0x7f1e2e7d6d21
+B+: 0x7f1e2e7d6d22 0x7f1e2e7d6d26
+B+: 0x7f1e2e7d6d27 0x7f1e2e7d6d38
+B+: 0x7f1e2e7d6d39 0x7f1e2e7d6d4b
+B+: 0x7f1e2e7d6d4c 0x7f1e2e7d6d54
+B+: 0x7f1e2e7d6d55 0x7f1e2e7d6d5e
+B+: 0x7f1e2e7d6d5f 0x7f1e2e7d6d6d
+B+: 0x7f1e2e7d6ea0 0x7f1e2e7d6eb6
+B+: 0x7f1e2e7d6eb7 0x7f1e2e7d6ebb
+B+: 0x7f1e2e7d6ebc 0x7f1e2e7d6ec0
+B+: 0x7f1e2e7d6ec8 0x7f1e2e7d6ecb
+B+: 0x7f1e2e7d6ecc 0x7f1e2e7d6ed9
+B+: 0x7f1e2e7d6eda 0x7f1e2e7d6edd
+B+: 0x7f1e2e7d6ede 0x7f1e2e7d6f06
+B+: 0x7f1e2e7d6f07 0x7f1e2e7d6f10
+B+: 0x7f1e2e7d6f11 0x7f1e2e7d6f16
+B+: 0x7f1e2e7d6f17 0x7f1e2e7d6f24
+B+: 0x7f1e2e7d6f25 0x7f1e2e7d6f2d
+B+: 0x7f1e2e7d7440 0x7f1e2e7d746b
+B+: 0x7f1e2e7d746c 0x7f1e2e7d7470
+B+: 0x7f1e2e7d7471 0x7f1e2e7d7475
+B+: 0x7f1e2e7d7536 0x7f1e2e7d753e
+B+: 0x7f1e2e7d753f 0x7f1e2e7d7548
+B+: 0x7f1e2e7d7549 0x7f1e2e7d7551
+B+: 0x7f1e2e7d75d0 0x7f1e2e7d75e4
+B+: 0x7f1e2e7d75e5 0x7f1e2e7d7606
+B+: 0x7f1e2e7d7607 0x7f1e2e7d7610
+B+: 0x7f1e2e7d7611 0x7f1e2e7d7618
+B+: 0x7f1e2e7d7640 0x7f1e2e7d7648
+B+: 0x7f1e2e7d7649 0x7f1e2e7d7656
+B+: 0x7f1e2e7d7657 0x7f1e2e7d765f
+B+: 0x7f1e2e7d7660 0x7f1e2e7d7661
+B+: 0x7f1e2e7d7760 0x7f1e2e7d77aa
+B+: 0x7f1e2e7d77ab 0x7f1e2e7d77af
+B+: 0x7f1e2e7d77b0 0x7f1e2e7d77be
+B+: 0x7f1e2e7d77c8 0x7f1e2e7d77d3
+B+: 0x7f1e2e7d77d4 0x7f1e2e7d77d8
+B+: 0x7f1e2e7d77d9 0x7f1e2e7d77e0
+B+: 0x7f1e2e7d77e1 0x7f1e2e7d77e5
+B+: 0x7f1e2e7d77e6 0x7f1e2e7d77f3
+B+: 0x7f1e2e7d77f4 0x7f1e2e7d77fb
+B+: 0x7f1e2e7d7800 0x7f1e2e7d7810
+B+: 0x7f1e2e7d7811 0x7f1e2e7d7815
+B+: 0x7f1e2e7d7816 0x7f1e2e7d7832
+B+: 0x7f1e2e7d7833 0x7f1e2e7d7843
+B+: 0x7f1e2e7d7844 0x7f1e2e7d784f
+B+: 0x7f1e2e7d7850 0x7f1e2e7d7857
+B+: 0x7f1e2e7d7858 0x7f1e2e7d785c
+B+: 0x7f1e2e7d785d 0x7f1e2e7d7868
+B+: 0x7f1e2e7d7869 0x7f1e2e7d787b
+B+: 0x7f1e2e7d787c 0x7f1e2e7d7884
+B+: 0x7f1e2e7d7888 0x7f1e2e7d7897
+B+: 0x7f1e2e7d7898 0x7f1e2e7d789b
+B+: 0x7f1e2e7d789c 0x7f1e2e7d78b4
+B+: 0x7f1e2e7d78b5 0x7f1e2e7d78b8
+B+: 0x7f1e2e7d78b9 0x7f1e2e7d78c6
+B+: 0x7f1e2e7d78c7 0x7f1e2e7d78d5
+B+: 0x7f1e2e7d7dc0 0x7f1e2e7d7dec
+B+: 0x7f1e2e7d7ded 0x7f1e2e7d7df2
+B+: 0x7f1e2e7d7df3 0x7f1e2e7d7e04
+B+: 0x7f1e2e7d7e05 0x7f1e2e7d7e0d
+B+: 0x7f1e2e7d7e0e 0x7f1e2e7d7e1c
+CND+ 0x7f1e2e7c600e: taken
+CND+ 0x7f1e2e7c65ea: not taken
+CND+ 0x7f1e2e7c6626: not taken
+CND+ 0x7f1e2e7c663b: taken
+CND+ 0x7f1e2e7c6673: not taken
+CND+ 0x7f1e2e7c6687: not taken
+CND+ 0x7f1e2e7c6695: not taken
+CND+ 0x7f1e2e7c67e2: taken
+CND+ 0x7f1e2e7c6862: not taken
+CND+ 0x7f1e2e7c687c: both
+CND+ 0x7f1e2e7c68a9: not taken
+CND+ 0x7f1e2e7c6a5d: not taken
+CND+ 0x7f1e2e7c6a62: taken
+CND+ 0x7f1e2e7c76e6: not taken
+CND+ 0x7f1e2e7c7704: taken
+CND+ 0x7f1e2e7c771a: not taken
+CND+ 0x7f1e2e7c771f: taken
+CND+ 0x7f1e2e7c772f: taken
+CND+ 0x7f1e2e7c774c: not taken
+CND+ 0x7f1e2e7c7756: not taken
+CND+ 0x7f1e2e7c778f: not taken
+CND+ 0x7f1e2e7c779b: taken
+CND+ 0x7f1e2e7c8079: taken
+CND+ 0x7f1e2e7c811b: not taken
+CND+ 0x7f1e2e7c8149: not taken
+CND+ 0x7f1e2e7c8158: not taken
+CND+ 0x7f1e2e7c8190: not taken
+CND+ 0x7f1e2e7c81ce: taken
+CND+ 0x7f1e2e7c8c20: not taken
+CND+ 0x7f1e2e7c8c2d: taken
+CND+ 0x7f1e2e7c8c48: not taken
+CND+ 0x7f1e2e7c8c5f: both
+CND+ 0x7f1e2e7c8c88: not taken
+CND+ 0x7f1e2e7c8ed2: taken
+CND+ 0x7f1e2e7c8f55: not taken
+CND+ 0x7f1e2e7c8f7e: not taken
+CND+ 0x7f1e2e7c8f8a: not taken
+CND+ 0x7f1e2e7c8f93: both
+CND+ 0x7f1e2e7c8fc4: not taken
+CND+ 0x7f1e2e7c8fe2: both
+CND+ 0x7f1e2e7c8ffb: taken
+CND+ 0x7f1e2e7c905a: taken
+CND+ 0x7f1e2e7c90af: not taken
+CND+ 0x7f1e2e7c90b8: taken
+CND+ 0x7f1e2e7c90e0: taken
+CND+ 0x7f1e2e7c9116: not taken
+CND+ 0x7f1e2e7c915a: not taken
+CND+ 0x7f1e2e7c9163: taken
+CND+ 0x7f1e2e7c921b: taken
+CND+ 0x7f1e2e7c924a: taken
+CND+ 0x7f1e2e7c927c: not taken
+CND+ 0x7f1e2e7c936a: taken
+CND+ 0x7f1e2e7c9520: not taken
+CND+ 0x7f1e2e7c9529: not taken
+CND+ 0x7f1e2e7c9532: taken
+CND+ 0x7f1e2e7c98eb: not taken
+CND+ 0x7f1e2e7c9906: both
+CND+ 0x7f1e2e7c993d: not taken
+CND+ 0x7f1e2e7c9985: both
+CND+ 0x7f1e2e7c99f6: taken
+CND+ 0x7f1e2e7c9a20: both
+CND+ 0x7f1e2e7c9a29: not taken
+CND+ 0x7f1e2e7c9a33: not taken
+CND+ 0x7f1e2e7c9ae4: not taken
+CND+ 0x7f1e2e7c9afb: taken
+CND+ 0x7f1e2e7c9b2a: both
+CND+ 0x7f1e2e7c9b30: both
+CND+ 0x7f1e2e7c9b40: taken
+CND+ 0x7f1e2e7c9b60: not taken
+CND+ 0x7f1e2e7c9b96: not taken
+CND+ 0x7f1e2e7c9be5: taken
+CND+ 0x7f1e2e7c9da0: not taken
+CND+ 0x7f1e2e7c9da9: not taken
+CND+ 0x7f1e2e7c9dc8: both
+CND+ 0x7f1e2e7c9dd0: both
+CND+ 0x7f1e2e7c9e2e: taken
+CND+ 0x7f1e2e7c9e57: not taken
+CND+ 0x7f1e2e7c9eac: taken
+CND+ 0x7f1e2e7c9ed8: taken
+CND+ 0x7f1e2e7c9fa3: not taken
+CND+ 0x7f1e2e7c9fc0: taken
+CND+ 0x7f1e2e7ca019: not taken
+CND+ 0x7f1e2e7ca065: not taken
+CND+ 0x7f1e2e7ca06f: not taken
+CND+ 0x7f1e2e7ca089: both
+CND+ 0x7f1e2e7ca09d: not taken
+CND+ 0x7f1e2e7ca0ab: taken
+CND+ 0x7f1e2e7ca14c: not taken
+CND+ 0x7f1e2e7ca156: taken
+CND+ 0x7f1e2e7ca1cc: taken
+CND+ 0x7f1e2e7ca1ee: taken
+CND+ 0x7f1e2e7ca811: both
+CND+ 0x7f1e2e7ca81b: not taken
+CND+ 0x7f1e2e7ca81f: not taken
+CND+ 0x7f1e2e7ca839: taken
+CND+ 0x7f1e2e7ca859: taken
+CND+ 0x7f1e2e7ca861: taken
+CND+ 0x7f1e2e7cb45f: taken
+CND+ 0x7f1e2e7cb626: not taken
+CND+ 0x7f1e2e7cb6ca: taken
+CND+ 0x7f1e2e7cb762: taken
+CND+ 0x7f1e2e7cc2a4: taken
+CND+ 0x7f1e2e7cc2bd: not taken
+CND+ 0x7f1e2e7cc2cd: not taken
+CND+ 0x7f1e2e7cc30f: taken
+CND+ 0x7f1e2e7cc327: taken
+CND+ 0x7f1e2e7cc33a: not taken
+CND+ 0x7f1e2e7cc343: taken
+CND+ 0x7f1e2e7cc381: not taken
+CND+ 0x7f1e2e7cc3d6: taken
+CND+ 0x7f1e2e7cc3e7: taken
+CND+ 0x7f1e2e7cc895: not taken
+CND+ 0x7f1e2e7cc8a8: not taken
+CND+ 0x7f1e2e7cc8d2: not taken
+CND+ 0x7f1e2e7cc907: not taken
+CND+ 0x7f1e2e7cc942: taken
+CND+ 0x7f1e2e7cc953: not taken
+CND+ 0x7f1e2e7cc963: taken
+CND+ 0x7f1e2e7cca7b: not taken
+CND+ 0x7f1e2e7ccdbc: both
+CND+ 0x7f1e2e7ccdc9: both
+CND+ 0x7f1e2e7cce03: not taken
+CND+ 0x7f1e2e7cce0d: not taken
+CND+ 0x7f1e2e7cce18: taken
+CND+ 0x7f1e2e7cd1a1: not taken
+CND+ 0x7f1e2e7cd1ab: not taken
+CND+ 0x7f1e2e7cd1e4: taken
+CND+ 0x7f1e2e7cd1f2: taken
+CND+ 0x7f1e2e7cd20a: not taken
+CND+ 0x7f1e2e7cd225: not taken
+CND+ 0x7f1e2e7cd22f: not taken
+CND+ 0x7f1e2e7cd247: taken
+CND+ 0x7f1e2e7cd533: taken
+CND+ 0x7f1e2e7cd582: taken
+CND+ 0x7f1e2e7cd655: taken
+CND+ 0x7f1e2e7cd698: taken
+CND+ 0x7f1e2e7cd703: not taken
+CND+ 0x7f1e2e7cd70c: taken
+CND+ 0x7f1e2e7cd725: not taken
+CND+ 0x7f1e2e7cd742: not taken
+CND+ 0x7f1e2e7cd75a: not taken
+CND+ 0x7f1e2e7cd765: not taken
+CND+ 0x7f1e2e7cd792: not taken
+CND+ 0x7f1e2e7cd797: taken
+CND+ 0x7f1e2e7cd7a9: taken
+CND+ 0x7f1e2e7cd7ad: not taken
+CND+ 0x7f1e2e7cd7bc: taken
+CND+ 0x7f1e2e7cd7ce: taken
+CND+ 0x7f1e2e7cd848: taken
+CND+ 0x7f1e2e7cd889: not taken
+CND+ 0x7f1e2e7cd89b: not taken
+CND+ 0x7f1e2e7cd8a8: taken
+CND+ 0x7f1e2e7cdc2f: not taken
+CND+ 0x7f1e2e7cdc57: taken
+CND+ 0x7f1e2e7cdc65: not taken
+CND+ 0x7f1e2e7cdc6e: taken
+CND+ 0x7f1e2e7cdc86: not taken
+CND+ 0x7f1e2e7cdcae: taken
+CND+ 0x7f1e2e7ce366: taken
+CND+ 0x7f1e2e7ce9d6: taken
+CND+ 0x7f1e2e7cea31: not taken
+CND+ 0x7f1e2e7cea51: taken
+CND+ 0x7f1e2e7ceaad: not taken
+CND+ 0x7f1e2e7ceab5: taken
+CND+ 0x7f1e2e7ceb00: taken
+CND+ 0x7f1e2e7ceb5a: not taken
+CND+ 0x7f1e2e7ceb62: not taken
+CND+ 0x7f1e2e7ceb6b: not taken
+CND+ 0x7f1e2e7ceb75: not taken
+CND+ 0x7f1e2e7ceb7f: taken
+CND+ 0x7f1e2e7ceb9b: taken
+CND+ 0x7f1e2e7cec3c: taken
+CND+ 0x7f1e2e7ceed9: not taken
+CND+ 0x7f1e2e7ceee6: not taken
+CND+ 0x7f1e2e7cef01: not taken
+CND+ 0x7f1e2e7cef1a: not taken
+CND+ 0x7f1e2e7cef20: not taken
+CND+ 0x7f1e2e7cef26: taken
+CND+ 0x7f1e2e7cf76c: not taken
+CND+ 0x7f1e2e7cf78c: not taken
+CND+ 0x7f1e2e7cf7d8: both
+CND+ 0x7f1e2e7cf7e1: taken
+CND+ 0x7f1e2e7cf806: not taken
+CND+ 0x7f1e2e7cf840: not taken
+CND+ 0x7f1e2e7cf84a: not taken
+CND+ 0x7f1e2e7cf965: both
+CND+ 0x7f1e2e7cf989: not taken
+CND+ 0x7f1e2e7cf9b2: not taken
+CND+ 0x7f1e2e7cf9bc: not taken
+CND+ 0x7f1e2e7cf9e3: not taken
+CND+ 0x7f1e2e7cfa13: taken
+CND+ 0x7f1e2e7cfafd: not taken
+CND+ 0x7f1e2e7cfb1a: not taken
+CND+ 0x7f1e2e7cfb61: taken
+CND+ 0x7f1e2e7d0711: not taken
+CND+ 0x7f1e2e7d071d: not taken
+CND+ 0x7f1e2e7d0722: not taken
+CND+ 0x7f1e2e7d0748: not taken
+CND+ 0x7f1e2e7d074c: not taken
+CND+ 0x7f1e2e7d075f: not taken
+CND+ 0x7f1e2e7d07a4: not taken
+CND+ 0x7f1e2e7d08f3: both
+CND+ 0x7f1e2e7d090f: both
+CND+ 0x7f1e2e7d0911: not taken
+CND+ 0x7f1e2e7d091a: taken
+CND+ 0x7f1e2e7d0a92: not taken
+CND+ 0x7f1e2e7d0aba: not taken
+CND+ 0x7f1e2e7d0ad5: both
+CND+ 0x7f1e2e7d0ade: taken
+CND+ 0x7f1e2e7d0af7: not taken
+CND+ 0x7f1e2e7d0b01: not taken
+CND+ 0x7f1e2e7d0b05: not taken
+CND+ 0x7f1e2e7d0b19: taken
+CND+ 0x7f1e2e7d0c50: not taken
+CND+ 0x7f1e2e7d0c62: taken
+CND+ 0x7f1e2e7d0db1: not taken
+CND+ 0x7f1e2e7d0dea: both
+CND+ 0x7f1e2e7d0e13: not taken
+CND+ 0x7f1e2e7d0e20: taken
+CND+ 0x7f1e2e7d0e2d: not taken
+CND+ 0x7f1e2e7d0e43: not taken
+CND+ 0x7f1e2e7d0e4f: both
+CND+ 0x7f1e2e7d0e58: not taken
+CND+ 0x7f1e2e7d0e72: taken
+CND+ 0x7f1e2e7d0ee7: taken
+CND+ 0x7f1e2e7d175d: both
+CND+ 0x7f1e2e7d176f: not taken
+CND+ 0x7f1e2e7d1782: both
+CND+ 0x7f1e2e7d1787: both
+CND+ 0x7f1e2e7d1795: both
+CND+ 0x7f1e2e7d18b1: not taken
+CND+ 0x7f1e2e7d18dc: not taken
+CND+ 0x7f1e2e7d18ea: not taken
+CND+ 0x7f1e2e7d18ec: both
+CND+ 0x7f1e2e7d18f5: not taken
+CND+ 0x7f1e2e7d18fb: taken
+CND+ 0x7f1e2e7d1943: not taken
+CND+ 0x7f1e2e7d194c: taken
+CND+ 0x7f1e2e7d1983: not taken
+CND+ 0x7f1e2e7d1989: both
+CND+ 0x7f1e2e7d1990: not taken
+CND+ 0x7f1e2e7d19ab: taken
+CND+ 0x7f1e2e7d1a0b: taken
+CND+ 0x7f1e2e7d1b10: both
+CND+ 0x7f1e2e7d1b1c: not taken
+CND+ 0x7f1e2e7d1b21: both
+CND+ 0x7f1e2e7d1b2f: not taken
+CND+ 0x7f1e2e7d1b37: both
+CND+ 0x7f1e2e7d1b44: both
+CND+ 0x7f1e2e7d1b5e: taken
+CND+ 0x7f1e2e7d1b92: both
+CND+ 0x7f1e2e7d1b9b: taken
+CND+ 0x7f1e2e7d1bfb: taken
+CND+ 0x7f1e2e7d1d68: both
+CND+ 0x7f1e2e7d1d71: taken
+CND+ 0x7f1e2e7d1d8b: not taken
+CND+ 0x7f1e2e7d1da3: taken
+CND+ 0x7f1e2e7d1ddd: taken
+CND+ 0x7f1e2e7d1e02: not taken
+CND+ 0x7f1e2e7d1e0b: taken
+CND+ 0x7f1e2e7d1e2f: not taken
+CND+ 0x7f1e2e7d1e35: taken
+CND+ 0x7f1e2e7d1e4f: not taken
+CND+ 0x7f1e2e7d1e58: both
+CND+ 0x7f1e2e7d1f7d: not taken
+CND+ 0x7f1e2e7d202c: not taken
+CND+ 0x7f1e2e7d20c7: not taken
+CND+ 0x7f1e2e7d20d0: both
+CND+ 0x7f1e2e7d20d9: not taken
+CND+ 0x7f1e2e7d25a7: both
+CND+ 0x7f1e2e7d25ed: not taken
+CND+ 0x7f1e2e7d25f2: taken
+CND+ 0x7f1e2e7d2682: not taken
+CND+ 0x7f1e2e7d26a1: not taken
+CND+ 0x7f1e2e7d27bb: not taken
+CND+ 0x7f1e2e7d2835: not taken
+CND+ 0x7f1e2e7d2870: not taken
+CND+ 0x7f1e2e7d288e: not taken
+CND+ 0x7f1e2e7d289e: not taken
+CND+ 0x7f1e2e7d29ca: both
+CND+ 0x7f1e2e7d29ea: taken
+CND+ 0x7f1e2e7d29f6: taken
+CND+ 0x7f1e2e7d2a15: taken
+CND+ 0x7f1e2e7d2a38: not taken
+CND+ 0x7f1e2e7d2a48: taken
+CND+ 0x7f1e2e7d2abb: not taken
+CND+ 0x7f1e2e7d314f: not taken
+CND+ 0x7f1e2e7d316f: not taken
+CND+ 0x7f1e2e7d317e: taken
+CND+ 0x7f1e2e7d3a5f: taken
+CND+ 0x7f1e2e7d3b46: not taken
+CND+ 0x7f1e2e7d3b50: taken
+CND+ 0x7f1e2e7d3b69: taken
+CND+ 0x7f1e2e7d3b93: taken
+CND+ 0x7f1e2e7d3d2b: taken
+CND+ 0x7f1e2e7d3e50: not taken
+CND+ 0x7f1e2e7d4227: taken
+CND+ 0x7f1e2e7d425f: not taken
+CND+ 0x7f1e2e7d4278: taken
+CND+ 0x7f1e2e7d42b9: not taken
+CND+ 0x7f1e2e7d42d7: taken
+CND+ 0x7f1e2e7d430b: taken
+CND+ 0x7f1e2e7d4383: taken
+CND+ 0x7f1e2e7d43e2: taken
+CND+ 0x7f1e2e7d4456: taken
+CND+ 0x7f1e2e7d4488: both
+CND+ 0x7f1e2e7d448c: not taken
+CND+ 0x7f1e2e7d4493: not taken
+CND+ 0x7f1e2e7d4498: both
+CND+ 0x7f1e2e7d44e0: not taken
+CND+ 0x7f1e2e7d4512: not taken
+CND+ 0x7f1e2e7d4519: taken
+CND+ 0x7f1e2e7d4548: not taken
+CND+ 0x7f1e2e7d454d: not taken
+CND+ 0x7f1e2e7d45c9: not taken
+CND+ 0x7f1e2e7d45d7: taken
+CND+ 0x7f1e2e7d46f8: taken
+CND+ 0x7f1e2e7d47b9: not taken
+CND+ 0x7f1e2e7d4830: not taken
+CND+ 0x7f1e2e7d4846: taken
+CND+ 0x7f1e2e7d486e: not taken
+CND+ 0x7f1e2e7d4b09: not taken
+CND+ 0x7f1e2e7d4b13: not taken
+CND+ 0x7f1e2e7d4c18: taken
+CND+ 0x7f1e2e7d4c9d: not taken
+CND+ 0x7f1e2e7d4dfa: taken
+CND+ 0x7f1e2e7d6946: both
+CND+ 0x7f1e2e7d6963: both
+CND+ 0x7f1e2e7d6968: not taken
+CND+ 0x7f1e2e7d696e: not taken
+CND+ 0x7f1e2e7d6986: not taken
+CND+ 0x7f1e2e7d698b: both
+CND+ 0x7f1e2e7d699a: both
+CND+ 0x7f1e2e7d699f: both
+CND+ 0x7f1e2e7d69ac: both
+CND+ 0x7f1e2e7d69b7: both
+CND+ 0x7f1e2e7d69c4: not taken
+CND+ 0x7f1e2e7d6a10: not taken
+CND+ 0x7f1e2e7d6a15: taken
+CND+ 0x7f1e2e7d6a2e: both
+CND+ 0x7f1e2e7d6a32: both
+CND+ 0x7f1e2e7d6a5c: both
+CND+ 0x7f1e2e7d6add: not taken
+CND+ 0x7f1e2e7d6ae2: not taken
+CND+ 0x7f1e2e7d6afe: not taken
+CND+ 0x7f1e2e7d6b02: both
+CND+ 0x7f1e2e7d6b48: both
+CND+ 0x7f1e2e7d6b52: not taken
+CND+ 0x7f1e2e7d6b5c: not taken
+CND+ 0x7f1e2e7d6b65: both
+CND+ 0x7f1e2e7d6b6b: taken
+CND+ 0x7f1e2e7d6b75: not taken
+CND+ 0x7f1e2e7d6b95: not taken
+CND+ 0x7f1e2e7d6ba2: not taken
+CND+ 0x7f1e2e7d6bc4: not taken
+CND+ 0x7f1e2e7d6bce: not taken
+CND+ 0x7f1e2e7d6bf6: taken
+CND+ 0x7f1e2e7d6c24: taken
+CND+ 0x7f1e2e7d6ce1: not taken
+CND+ 0x7f1e2e7d6cea: not taken
+CND+ 0x7f1e2e7d6cf3: not taken
+CND+ 0x7f1e2e7d6d25: not taken
+CND+ 0x7f1e2e7d6d53: not taken
+CND+ 0x7f1e2e7d6d5d: not taken
+CND+ 0x7f1e2e7d6eb5: not taken
+CND+ 0x7f1e2e7d6eba: not taken
+CND+ 0x7f1e2e7d6ed8: both
+CND+ 0x7f1e2e7d6edc: taken
+CND+ 0x7f1e2e7d6f0f: not taken
+CND+ 0x7f1e2e7d6f15: not taken
+CND+ 0x7f1e2e7d746f: not taken
+CND+ 0x7f1e2e7d753d: not taken
+CND+ 0x7f1e2e7d7547: not taken
+CND+ 0x7f1e2e7d7605: not taken
+CND+ 0x7f1e2e7d760f: not taken
+CND+ 0x7f1e2e7d7647: not taken
+CND+ 0x7f1e2e7d765e: not taken
+CND+ 0x7f1e2e7d77bd: taken
+CND+ 0x7f1e2e7d77d2: taken
+CND+ 0x7f1e2e7d77df: not taken
+CND+ 0x7f1e2e7d77e4: both
+CND+ 0x7f1e2e7d77fa: taken
+CND+ 0x7f1e2e7d7856: not taken
+CND+ 0x7f1e2e7d785b: taken
+CND+ 0x7f1e2e7d787a: not taken
+CND+ 0x7f1e2e7d789a: not taken
+CND+ 0x7f1e2e7d78b7: not taken
+CND+ 0x7f1e2e7d78c5: not taken
+CND+ 0x7f1e2e7d78d4: taken
+CND+ 0x7f1e2e7d7df1: not taken
+CND+ 0x7f1e2e7d7e0c: not taken
@0x7f1e2e7c6050 to 0x7f1e322ffa30 4
@0x7f1e2e7c6080 to 0x7f1e3229f330 2
@0x7f1e2e7c6090 to 0x7f1e32341710 1
@0x7f1e2e7c60a0 to 0x7f1e32317e70 5
@0x7f1e2e7c60d0 to 0x7f1e322b2a20 7
@0x7f1e2e7c60f0 to 0x7f1e323d6800 4
@0x7f1e2e7c6130 to 0x7f1e323421e0 1
@0x7f1e2e7c6140 to 0x7f1e322b6c10 1
@0x7f1e2e7c6150 to 0x7f1e32364800 4
@0x7f1e2e7c6160 to 0x7f1e32341230 1
@0x7f1e2e7c6190 to 0x7f1e323d6bc0 8
@0x7f1e2e7c61c0 to 0x7f1e32342200 1
@0x7f1e2e7c61e0 to 0x7f1e323d65d0 1
@0x7f1e2e7c6220 to 0x7f1e32342210 2
@0x7f1e2e7c6230 to 0x7f1e32365b10 1
@0x7f1e2e7c816e to 0x7f1e2e7c81c0 1
@0x7f1e2e7c6280 to 0x7f1e323d1d10 11
@0x7f1e2e7c62a0 to 0x7f1e322b2450 4
@0x7f1e2e7c81ac to 0x7f1e2e7c8e90 1
@0x7f1e2e7c62d0 to 0x7f1e323d2100 9
@0x7f1e2e7c6320 to 0x7f1e322b30f0 4
@0x7f1e2e7c6330 to 0x7f1e323d7100 6
@0x7f1e2e7c6350 to 0x7f1e32342220 1
@0x7f1e2e7c6370 to 0x7f1e32364800 2
@0x7f1e2e7c6390 to 0x7f1e322ff3e0 23
@0x7f1e2e7c63b0 to 0x7f1e32342230 1
@0x7f1e2e7c63c0 to 0x7f1e323d1e90 22
@0x7f1e2e7c63e0 to 0x7f1e32382ba0 1
@0x7f1e2e7c6410 to 0x7f1e322ffc80 1
@0x7f1e2e7c6460 to 0x7f1e323d70e0 13
@0x7f1e2e7c6510 to 0x7f1e323421f0 1
@0x7f1e2e7c6560 to 0x7f1e323414e0 1
@0x7f1e2e7c6570 to 0x7f1e322ab580 191
@0x7f1e2e7d1f91 to 0x7f1e2e7d2075 1
@0x7f1e2e7c6784 to 0x7f1e3229efb0 1
@0x7f1e2e7d7e01 to 0x7f1e2e7c6840 1
@0x7f1e2e7d455f to 0x7f1e2e7d4580 1
@0x7f1e2e7d455f to 0x7f1e2e7d45c0 1
@0x7f1e2e7d455f to 0x7f1e2e7d45a8 2
@0x7f1e2e7d28af to 0x7f1e2e7d2a01 180
@0x7f1e2e7d28af to 0x7f1e2e7d29f0 10
@0x7f1e2e7d28af to 0x7f1e2e7d2a28 1
@0x7f1e2e7d6c19 to 0x7f1e2e7ca7d0 1
@0x7f1e2e7d6c19 to 0x7f1e2e7d1120 1
