MODULE_NAME: /usr/bin/gs
MODULE_START: 0x7efc65b50000
+B+: 0x7efc65b51000 0x7efc65b5100f
+B+: 0x7efc65b51012 0x7efc65b51016
+B+: 0x7efc65b51020 0x7efc65b5102b
+B+: 0x7efc65b51030 0x7efc65b51035
+B+: 0x7efc65b51036 0x7efc65b5103f
+B+: 0x7efc65b51040 0x7efc65b51045
+B+: 0x7efc65b51046 0x7efc65b5104f
+B+: 0x7efc65b51050 0x7efc65b51055
+B+: 0x7efc65b51056 0x7efc65b5105f
+B+: 0x7efc65b51090 0x7efc65b51095
+B+: 0x7efc65b51096 0x7efc65b5109f
+B+: 0x7efc65b510b0 0x7efc65b510b5
+B+: 0x7efc65b510b6 0x7efc65b510bf
+B+: 0x7efc65b510c0 0x7efc65b510c5
+B+: 0x7efc65b510c6 0x7efc65b510cf
+B+: 0x7efc65b510d0 0x7efc65b510d5
+B+: 0x7efc65b510d6 0x7efc65b510df
+B+: 0x7efc65b510e0 0x7efc65b510e5
+B+: 0x7efc65b510f0 0x7efc65b51121
+B+: 0x7efc65b51122 0x7efc65b51127
+B+: 0x7efc65b51128 0x7efc65b51130
+B+: 0x7efc65b51131 0x7efc65b51132
+B+: 0x7efc65b51133 0x7efc65b51137
+B+: 0x7efc65b51138 0x7efc65b51152
+B+: 0x7efc65b51153 0x7efc65b5115b
+B+: 0x7efc65b51184 0x7efc65b511a2
+B+: 0x7efc65b511a3 0x7efc65b511b1
+B+: 0x7efc65b511b2 0x7efc65b511b7
+B+: 0x7efc65b511b8 0x7efc65b511c1
+B+: 0x7efc65b511c2 0x7efc65b511c5
+B+: 0x7efc65b511c6 0x7efc65b511ca
+B+: 0x7efc65b511cb 0x7efc65b511d6
+B+: 0x7efc65b511d7 0x7efc65b511db
+B+: 0x7efc65b51220 0x7efc65b51249
+B+: 0x7efc65b51250 0x7efc65b51262
+B+: 0x7efc65b51278 0x7efc65b51278
+B+: 0x7efc65b51280 0x7efc65b512a3
+B+: 0x7efc65b512b8 0x7efc65b512b8
+B+: 0x7efc65b512c0 0x7efc65b512c8
+B+: 0x7efc65b512c9 0x7efc65b512d6
+B+: 0x7efc65b512d7 0x7efc65b512e2
+B+: 0x7efc65b512e3 0x7efc65b512e7
+B+: 0x7efc65b512e8 0x7efc65b512f0
+B+: 0x7efc65b51300 0x7efc65b51304
+B+: 0x7efc65b51350 0x7efc65b51373
+B+: 0x7efc65b51374 0x7efc65b5137c
+B+: 0x7efc65b5137d 0x7efc65b51385
+B+: 0x7efc65b513c0 0x7efc65b513ec
+B+: 0x7efc65b513ed 0x7efc65b513f2
+B+: 0x7efc65b513f3 0x7efc65b51404
+B+: 0x7efc65b51405 0x7efc65b5140d
+B+: 0x7efc65b5140e 0x7efc65b5141c
+B+: 0x7efc65b51424 0x7efc65b5142c
+CND+ 0x7efc65b5100e: taken
+CND+ 0x7efc65b51126: taken
+CND+ 0x7efc65b5112b: not taken
+CND+ 0x7efc65b51131: not taken
+CND+ 0x7efc65b51136: not taken
+CND+ 0x7efc65b5114d: not taken
+CND+ 0x7efc65b511b6: not taken
+CND+ 0x7efc65b511c4: not taken
+CND+ 0x7efc65b511c9: not taken
+CND+ 0x7efc65b51261: taken
+CND+ 0x7efc65b512a2: taken
+CND+ 0x7efc65b512c7: not taken
+CND+ 0x7efc65b512d5: not taken
+CND+ 0x7efc65b513f1: not taken
+CND+ 0x7efc65b5140c: not taken
@0x7efc65b51026 to 0x7efc69b40500 7
@0x7efc65b51030 to 0x7efc65b51036 1
@0x7efc65b51040 to 0x7efc65b51046 1
@0x7efc65b51050 to 0x7efc65b51056 1
@0x7efc65b51090 to 0x7efc65b51096 1
@0x7efc65b510b0 to 0x7efc65b510b6 1
@0x7efc65b510c0 to 0x7efc65b510c6 1
@0x7efc65b510d0 to 0x7efc65b510d6 1
@0x7efc65b510e0 to 0x7efc686a61c0 1
@0x7efc65b51244 to 0x7efc6868ffb0 1
@0x7efc65b51401 to 0x7efc65b51300 1
