MODULE_NAME: /bin/dash
MODULE_START: 0x7f3454e61000
+B+: 0x7f3454e65000 0x7f3454e6500f
+B+: 0x7f3454e65012 0x7f3454e65016
+B+: 0x7f3454e65050 0x7f3454e65055
+B+: 0x7f3454e65080 0x7f3454e65085
+B+: 0x7f3454e65090 0x7f3454e65095
+B+: 0x7f3454e650a0 0x7f3454e650a5
+B+: 0x7f3454e650d0 0x7f3454e650d5
+B+: 0x7f3454e650f0 0x7f3454e650f5
+B+: 0x7f3454e65130 0x7f3454e65135
+B+: 0x7f3454e65140 0x7f3454e65145
+B+: 0x7f3454e65150 0x7f3454e65155
+B+: 0x7f3454e65160 0x7f3454e65165
+B+: 0x7f3454e65190 0x7f3454e65195
+B+: 0x7f3454e651c0 0x7f3454e651c5
+B+: 0x7f3454e651e0 0x7f3454e651e5
+B+: 0x7f3454e65220 0x7f3454e65225
+B+: 0x7f3454e65230 0x7f3454e65235
+B+: 0x7f3454e65280 0x7f3454e65285
+B+: 0x7f3454e652a0 0x7f3454e652a5
+B+: 0x7f3454e652d0 0x7f3454e652d5
+B+: 0x7f3454e65320 0x7f3454e65325
+B+: 0x7f3454e65330 0x7f3454e65335
+B+: 0x7f3454e65350 0x7f3454e65355
+B+: 0x7f3454e65370 0x7f3454e65375
+B+: 0x7f3454e65390 0x7f3454e65395
+B+: 0x7f3454e653b0 0x7f3454e653b5
+B+: 0x7f3454e653c0 0x7f3454e653c5
+B+: 0x7f3454e653e0 0x7f3454e653e5
+B+: 0x7f3454e65410 0x7f3454e65415
+B+: 0x7f3454e65460 0x7f3454e65465
+B+: 0x7f3454e65510 0x7f3454e65515
+B+: 0x7f3454e65560 0x7f3454e65565
+B+: 0x7f3454e65570 0x7f3454e65575
+B+: 0x7f3454e65590 0x7f3454e655b8
+B+: 0x7f3454e655b9 0x7f3454e655c4
+B+: 0x7f3454e655c5 0x7f3454e655cf
+B+: 0x7f3454e655d0 0x7f3454e655e7
+B+: 0x7f3454e655e8 0x7f3454e655ef
+B+: 0x7f3454e655f0 0x7f3454e65600
+B+: 0x7f3454e65601 0x7f3454e6560b
+B+: 0x7f3454e6560c 0x7f3454e65615
+B+: 0x7f3454e65616 0x7f3454e65623
+B+: 0x7f3454e65624 0x7f3454e6562b
+B+: 0x7f3454e6562c 0x7f3454e6563c
+B+: 0x7f3454e65657 0x7f3454e65660
+B+: 0x7f3454e65661 0x7f3454e65678
+B+: 0x7f3454e65679 0x7f3454e6567f
+B+: 0x7f3454e65680 0x7f3454e6568c
+B+: 0x7f3454e6568d 0x7f3454e65696
+B+: 0x7f3454e65697 0x7f3454e6569b
+B+: 0x7f3454e65760 0x7f3454e65789
+B+: 0x7f3454e657c0 0x7f3454e657e3
+B+: 0x7f3454e657f8 0x7f3454e657f8
+B+: 0x7f3454e65840 0x7f3454e65844
+B+: 0x7f3454e65850 0x7f3454e65863
+B+: 0x7f3454e65864 0x7f3454e6586f
+B+: 0x7f3454e65870 0x7f3454e6587d
+B+: 0x7f3454e6587e 0x7f3454e658aa
+B+: 0x7f3454e658ab 0x7f3454e658ac
+B+: 0x7f3454e658cb 0x7f3454e658d2
+B+: 0x7f3454e65a50 0x7f3454e65a57
+B+: 0x7f3454e65a58 0x7f3454e65a5e
+B+: 0x7f3454e65a5f 0x7f3454e65a63
+B+: 0x7f3454e65a71 0x7f3454e65a72
+B+: 0x7f3454e666d0 0x7f3454e666eb
+B+: 0x7f3454e666ec 0x7f3454e66705
+B+: 0x7f3454e66717 0x7f3454e6671b
+B+: 0x7f3454e6671c 0x7f3454e66720
+B+: 0x7f3454e6672c 0x7f3454e66730
+B+: 0x7f3454e6673e 0x7f3454e6674d
+B+: 0x7f3454e6674e 0x7f3454e66757
+B+: 0x7f3454e66758 0x7f3454e66775
+B+: 0x7f3454e66780 0x7f3454e66788
+B+: 0x7f3454e66789 0x7f3454e66790
+B+: 0x7f3454e66791 0x7f3454e6679c
+B+: 0x7f3454e67060 0x7f3454e6707e
+B+: 0x7f3454e6710d 0x7f3454e6711c
+B+: 0x7f3454e6711d 0x7f3454e67123
+B+: 0x7f3454e67140 0x7f3454e6714a
+B+: 0x7f3454e6714b 0x7f3454e67152
+B+: 0x7f3454e67153 0x7f3454e6715d
+B+: 0x7f3454e6715e 0x7f3454e6716f
+B+: 0x7f3454e67188 0x7f3454e6718c
+B+: 0x7f3454e6718d 0x7f3454e67191
+B+: 0x7f3454e67192 0x7f3454e6719c
+B+: 0x7f3454e671a7 0x7f3454e671ad
+B+: 0x7f3454e671ae 0x7f3454e671b5
+B+: 0x7f3454e671c0 0x7f3454e671cf
+B+: 0x7f3454e67bc0 0x7f3454e67bfa
+B+: 0x7f3454e67bfb 0x7f3454e67c07
+B+: 0x7f3454e67c08 0x7f3454e67c0f
+B+: 0x7f3454e67c10 0x7f3454e67c11
+B+: 0x7f3454e67c18 0x7f3454e67c21
+B+: 0x7f3454e67c22 0x7f3454e67c2e
+B+: 0x7f3454e67c32 0x7f3454e67c39
+B+: 0x7f3454e67c3a 0x7f3454e67c49
+B+: 0x7f3454e67c4a 0x7f3454e67c51
+B+: 0x7f3454e67c52 0x7f3454e67c58
+B+: 0x7f3454e67c59 0x7f3454e67c60
+B+: 0x7f3454e67c61 0x7f3454e67c68
+B+: 0x7f3454e67c69 0x7f3454e67c6d
+B+: 0x7f3454e67c6e 0x7f3454e67c77
+B+: 0x7f3454e67c78 0x7f3454e67c89
+B+: 0x7f3454e67c8a 0x7f3454e67c98
+B+: 0x7f3454e67e90 0x7f3454e67ed3
+B+: 0x7f3454e67edf 0x7f3454e67ef5
+B+: 0x7f3454e67ef6 0x7f3454e67efa
+B+: 0x7f3454e67efb 0x7f3454e67f5a
+B+: 0x7f3454e67f5b 0x7f3454e67f67
+B+: 0x7f3454e67f68 0x7f3454e67f77
+B+: 0x7f3454e67f78 0x7f3454e67f7f
+B+: 0x7f3454e67f80 0x7f3454e67f8b
+B+: 0x7f3454e67f8c 0x7f3454e67f94
+B+: 0x7f3454e67f95 0x7f3454e67f9b
+B+: 0x7f3454e67fa0 0x7f3454e67faf
+B+: 0x7f3454e67fb0 0x7f3454e67fc5
+B+: 0x7f3454e67fc6 0x7f3454e67fcf
+B+: 0x7f3454e67fd0 0x7f3454e67fe3
+B+: 0x7f3454e67fe4 0x7f3454e67ffc
+B+: 0x7f3454e68019 0x7f3454e6802b
+B+: 0x7f3454e6802c 0x7f3454e68034
+B+: 0x7f3454e68035 0x7f3454e68047
+B+: 0x7f3454e68048 0x7f3454e6805b
+B+: 0x7f3454e680a8 0x7f3454e680b4
+B+: 0x7f3454e680b5 0x7f3454e680b9
+B+: 0x7f3454e680db 0x7f3454e680e1
+B+: 0x7f3454e680f0 0x7f3454e68103
+B+: 0x7f3454e68104 0x7f3454e68113
+B+: 0x7f3454e68114 0x7f3454e6811b
+B+: 0x7f3454e6811c 0x7f3454e68122
+B+: 0x7f3454e68123 0x7f3454e68152
+B+: 0x7f3454e68153 0x7f3454e6815f
+B+: 0x7f3454e68160 0x7f3454e68168
+B+: 0x7f3454e68216 0x7f3454e6821c
+B+: 0x7f3454e68224 0x7f3454e6822d
+B+: 0x7f3454e6822e 0x7f3454e68237
+B+: 0x7f3454e68238 0x7f3454e68241
+B+: 0x7f3454e68242 0x7f3454e6824b
+B+: 0x7f3454e6825d 0x7f3454e68266
+B+: 0x7f3454e68267 0x7f3454e68281
+B+: 0x7f3454e68282 0x7f3454e68293
+B+: 0x7f3454e6834c 0x7f3454e68353
+B+: 0x7f3454e68354 0x7f3454e6836f
+B+: 0x7f3454e6851b 0x7f3454e68525
+B+: 0x7f3454e68526 0x7f3454e6852e
+B+: 0x7f3454e6852f 0x7f3454e68537
+B+: 0x7f3454e688d0 0x7f3454e688ec
+B+: 0x7f3454e688ed 0x7f3454e688f1
+B+: 0x7f3454e688f8 0x7f3454e688fa
+B+: 0x7f3454e688fb 0x7f3454e68907
+B+: 0x7f3454e68908 0x7f3454e6893e
+B+: 0x7f3454e6893f 0x7f3454e68940
+B+: 0x7f3454e68963 0x7f3454e68977
+B+: 0x7f3454e68980 0x7f3454e68986
+B+: 0x7f3454e68987 0x7f3454e6898e
+B+: 0x7f3454e6898f 0x7f3454e68997
+B+: 0x7f3454e68998 0x7f3454e689ba
+B+: 0x7f3454e689bb 0x7f3454e689bc
+B+: 0x7f3454e689c0 0x7f3454e689e7
+B+: 0x7f3454e689e8 0x7f3454e689f7
+B+: 0x7f3454e68a19 0x7f3454e68a21
+B+: 0x7f3454e68a22 0x7f3454e68a2a
+B+: 0x7f3454e68a2b 0x7f3454e68a34
+B+: 0x7f3454e68a35 0x7f3454e68a3f
+B+: 0x7f3454e68ad0 0x7f3454e68ae9
+B+: 0x7f3454e68aea 0x7f3454e68b00
+B+: 0x7f3454e68b10 0x7f3454e68b1f
+B+: 0x7f3454e68b20 0x7f3454e68b2b
+B+: 0x7f3454e68b2c 0x7f3454e68b31
+B+: 0x7f3454e68b32 0x7f3454e68b41
+B+: 0x7f3454e68b56 0x7f3454e68b61
+B+: 0x7f3454e68b62 0x7f3454e68b6f
+B+: 0x7f3454e68b70 0x7f3454e68b85
+B+: 0x7f3454e68b86 0x7f3454e68b97
+B+: 0x7f3454e68b98 0x7f3454e68bc0
+B+: 0x7f3454e68bc8 0x7f3454e68bcc
+B+: 0x7f3454e68bcd 0x7f3454e68bea
+B+: 0x7f3454e68d70 0x7f3454e68d98
+B+: 0x7f3454e68da0 0x7f3454e68da1
+B+: 0x7f3454e68da2 0x7f3454e68daa
+B+: 0x7f3454e68dab 0x7f3454e68dc5
+B+: 0x7f3454e68dc6 0x7f3454e68dc9
+B+: 0x7f3454e68dca 0x7f3454e68dd1
+B+: 0x7f3454e68dd2 0x7f3454e68de6
+B+: 0x7f3454e68df0 0x7f3454e68e2a
+B+: 0x7f3454e68e2b 0x7f3454e68e2f
+B+: 0x7f3454e68e46 0x7f3454e68e5c
+B+: 0x7f3454e68e5d 0x7f3454e68e6e
+B+: 0x7f3454e68e90 0x7f3454e68ead
+B+: 0x7f3454e68ec8 0x7f3454e68ed1
+B+: 0x7f3454e68ed2 0x7f3454e68edd
+B+: 0x7f3454e68f6c 0x7f3454e68f8f
+B+: 0x7f3454e68f90 0x7f3454e68f9c
+B+: 0x7f3454e68f9d 0x7f3454e68fa8
+B+: 0x7f3454e68fa9 0x7f3454e68fb0
+B+: 0x7f3454e68fb1 0x7f3454e68fc5
+B+: 0x7f3454e69008 0x7f3454e69012
+B+: 0x7f3454e69013 0x7f3454e6901e
+B+: 0x7f3454e6901f 0x7f3454e6902e
+B+: 0x7f3454e69060 0x7f3454e69066
+B+: 0x7f3454e69067 0x7f3454e69074
+B+: 0x7f3454e69075 0x7f3454e69086
+B+: 0x7f3454e69087 0x7f3454e6908e
+B+: 0x7f3454e6908f 0x7f3454e690a2
+B+: 0x7f3454e690a3 0x7f3454e690b0
+B+: 0x7f3454e69100 0x7f3454e69116
+B+: 0x7f3454e69145 0x7f3454e6914d
+B+: 0x7f3454e6914e 0x7f3454e69157
+B+: 0x7f3454e69160 0x7f3454e69166
+B+: 0x7f3454e691c0 0x7f3454e691d1
+B+: 0x7f3454e691e8 0x7f3454e691ef
+B+: 0x7f3454e69248 0x7f3454e6925b
+B+: 0x7f3454e6925c 0x7f3454e69271
+B+: 0x7f3454e697d0 0x7f3454e697ff
+B+: 0x7f3454e6980f 0x7f3454e69812
+B+: 0x7f3454e69813 0x7f3454e6981c
+B+: 0x7f3454e6981d 0x7f3454e69820
+B+: 0x7f3454e69821 0x7f3454e6982f
+B+: 0x7f3454e69830 0x7f3454e6983a
+B+: 0x7f3454e6984f 0x7f3454e6985a
+B+: 0x7f3454e6985f 0x7f3454e69862
+B+: 0x7f3454e69870 0x7f3454e69877
+B+: 0x7f3454e69878 0x7f3454e6988d
+B+: 0x7f3454e6a440 0x7f3454e6a464
+B+: 0x7f3454e6a61e 0x7f3454e6a627
+B+: 0x7f3454e6a628 0x7f3454e6a631
+B+: 0x7f3454e6a632 0x7f3454e6a659
+B+: 0x7f3454e6a6af 0x7f3454e6a6bc
+B+: 0x7f3454e6a6c0 0x7f3454e6a6cb
+B+: 0x7f3454e6a730 0x7f3454e6a73b
+B+: 0x7f3454e6a740 0x7f3454e6a75e
+B+: 0x7f3454e6a75f 0x7f3454e6a767
+B+: 0x7f3454e6a7d2 0x7f3454e6a7e3
+B+: 0x7f3454e6a8a0 0x7f3454e6a8a7
+B+: 0x7f3454e6b260 0x7f3454e6b2a5
+B+: 0x7f3454e6b2b5 0x7f3454e6b2be
+B+: 0x7f3454e6b2bf 0x7f3454e6b2d2
+B+: 0x7f3454e6b2d3 0x7f3454e6b2fc
+B+: 0x7f3454e6b2fd 0x7f3454e6b310
+B+: 0x7f3454e6b324 0x7f3454e6b328
+B+: 0x7f3454e6b336 0x7f3454e6b33f
+B+: 0x7f3454e6b340 0x7f3454e6b344
+B+: 0x7f3454e6b370 0x7f3454e6b386
+B+: 0x7f3454e6b387 0x7f3454e6b398
+B+: 0x7f3454e6b3a0 0x7f3454e6b3b6
+B+: 0x7f3454e6b3b7 0x7f3454e6b3d7
+B+: 0x7f3454e6b3dd 0x7f3454e6b3ec
+B+: 0x7f3454e6b850 0x7f3454e6b886
+B+: 0x7f3454e6b887 0x7f3454e6b89a
+B+: 0x7f3454e6b89b 0x7f3454e6b8ad
+B+: 0x7f3454e6b8ae 0x7f3454e6b8c4
+B+: 0x7f3454e6b8c5 0x7f3454e6b8d7
+B+: 0x7f3454e6b8d8 0x7f3454e6b8e7
+B+: 0x7f3454e6b8e8 0x7f3454e6b90c
+B+: 0x7f3454e6b90d 0x7f3454e6b915
+B+: 0x7f3454e6b924 0x7f3454e6b933
+B+: 0x7f3454e6b934 0x7f3454e6b947
+B+: 0x7f3454e6b948 0x7f3454e6b954
+B+: 0x7f3454e6b955 0x7f3454e6b95f
+B+: 0x7f3454e6b960 0x7f3454e6b964
+B+: 0x7f3454e6ba6a 0x7f3454e6ba7c
+B+: 0x7f3454e6ba7d 0x7f3454e6ba9c
+B+: 0x7f3454e6bba0 0x7f3454e6bbad
+B+: 0x7f3454e6bbae 0x7f3454e6bbe1
+B+: 0x7f3454e6bbf0 0x7f3454e6bbfb
+B+: 0x7f3454e6bdb0 0x7f3454e6bdbd
+B+: 0x7f3454e6bdbe 0x7f3454e6bdca
+B+: 0x7f3454e6bdcb 0x7f3454e6bde3
+B+: 0x7f3454e6bde8 0x7f3454e6bdf4
+B+: 0x7f3454e6bdf8 0x7f3454e6be04
+B+: 0x7f3454e6be05 0x7f3454e6be12
+B+: 0x7f3454e6be13 0x7f3454e6be1d
+B+: 0x7f3454e6beb4 0x7f3454e6bec1
+B+: 0x7f3454e6c160 0x7f3454e6c174
+B+: 0x7f3454e6c175 0x7f3454e6c187
+B+: 0x7f3454e6c188 0x7f3454e6c1a2
+B+: 0x7f3454e6c1a3 0x7f3454e6c1ac
+B+: 0x7f3454e6c1ad 0x7f3454e6c1b3
+B+: 0x7f3454e6c1d0 0x7f3454e6c1e5
+B+: 0x7f3454e6c1eb 0x7f3454e6c1f3
+B+: 0x7f3454e6c205 0x7f3454e6c20b
+B+: 0x7f3454e6c20c 0x7f3454e6c21d
+B+: 0x7f3454e6c21e 0x7f3454e6c226
+B+: 0x7f3454e6c227 0x7f3454e6c230
+B+: 0x7f3454e6c231 0x7f3454e6c232
+B+: 0x7f3454e6c240 0x7f3454e6c248
+B+: 0x7f3454e6c260 0x7f3454e6c260
+B+: 0x7f3454e6c520 0x7f3454e6c534
+B+: 0x7f3454e6c572 0x7f3454e6c578
+B+: 0x7f3454e6c580 0x7f3454e6c583
+B+: 0x7f3454e6c610 0x7f3454e6c656
+B+: 0x7f3454e6c65b 0x7f3454e6c686
+B+: 0x7f3454e6c687 0x7f3454e6c69d
+B+: 0x7f3454e6c6fc 0x7f3454e6c708
+B+: 0x7f3454e6c709 0x7f3454e6c711
+B+: 0x7f3454e6c712 0x7f3454e6c72a
+B+: 0x7f3454e6c72b 0x7f3454e6c73c
+B+: 0x7f3454e6c740 0x7f3454e6c747
+B+: 0x7f3454e6c748 0x7f3454e6c75f
+B+: 0x7f3454e6c760 0x7f3454e6c766
+B+: 0x7f3454e6c767 0x7f3454e6c780
+B+: 0x7f3454e6c790 0x7f3454e6c793
+B+: 0x7f3454e6c794 0x7f3454e6c798
+B+: 0x7f3454e6c7a2 0x7f3454e6c7aa
+B+: 0x7f3454e6c7ab 0x7f3454e6c7ae
+B+: 0x7f3454e6c7af 0x7f3454e6c7bd
+B+: 0x7f3454e6c7cb 0x7f3454e6c7d3
+B+: 0x7f3454e6c825 0x7f3454e6c841
+B+: 0x7f3454e6c842 0x7f3454e6c84d
+B+: 0x7f3454e6c87e 0x7f3454e6c88e
+B+: 0x7f3454e6c88f 0x7f3454e6c8a0
+B+: 0x7f3454e6c8a1 0x7f3454e6c8ad
+B+: 0x7f3454e6cc10 0x7f3454e6cc30
+B+: 0x7f3454e6cc31 0x7f3454e6cc58
+B+: 0x7f3454e6cc5e 0x7f3454e6cc66
+B+: 0x7f3454e6cc67 0x7f3454e6cc6f
+B+: 0x7f3454e6cc78 0x7f3454e6cc87
+B+: 0x7f3454e6cc88 0x7f3454e6cc89
+B+: 0x7f3454e6cca0 0x7f3454e6ccaf
+B+: 0x7f3454e6ccba 0x7f3454e6ccc4
+B+: 0x7f3454e6cce0 0x7f3454e6cce8
+B+: 0x7f3454e6d360 0x7f3454e6d36b
+B+: 0x7f3454e6d480 0x7f3454e6d480
+B+: 0x7f3454e6d9c0 0x7f3454e6d9db
+B+: 0x7f3454e6da16 0x7f3454e6da32
+B+: 0x7f3454e6da33 0x7f3454e6da52
+B+: 0x7f3454e6da63 0x7f3454e6da6a
+B+: 0x7f3454e6da90 0x7f3454e6daa6
+B+: 0x7f3454e6daa7 0x7f3454e6daae
+B+: 0x7f3454e6daaf 0x7f3454e6dab6
+B+: 0x7f3454e6daf6 0x7f3454e6db01
+B+: 0x7f3454e6db0c 0x7f3454e6db34
+B+: 0x7f3454e6db40 0x7f3454e6db57
+B+: 0x7f3454e6db58 0x7f3454e6db5f
+B+: 0x7f3454e6db60 0x7f3454e6db67
+B+: 0x7f3454e6db68 0x7f3454e6db70
+B+: 0x7f3454e6db71 0x7f3454e6db7a
+B+: 0x7f3454e6db7b 0x7f3454e6db80
+B+: 0x7f3454e6db97 0x7f3454e6db9c
+B+: 0x7f3454e6dc0a 0x7f3454e6dc3d
+B+: 0x7f3454e6dc47 0x7f3454e6dc53
+B+: 0x7f3454e6ded0 0x7f3454e6dede
+B+: 0x7f3454e6dedf 0x7f3454e6dee7
+B+: 0x7f3454e6dee8 0x7f3454e6defc
+B+: 0x7f3454e6defd 0x7f3454e6df02
+B+: 0x7f3454e6df03 0x7f3454e6df1b
+B+: 0x7f3454e6df1c 0x7f3454e6df21
+B+: 0x7f3454e6df22 0x7f3454e6df2b
+B+: 0x7f3454e6dfc0 0x7f3454e6dfc7
+B+: 0x7f3454e6dfc8 0x7f3454e6dfd0
+B+: 0x7f3454e6e760 0x7f3454e6e768
+B+: 0x7f3454e6e769 0x7f3454e6e76d
+B+: 0x7f3454e6e76e 0x7f3454e6e772
+B+: 0x7f3454e6e780 0x7f3454e6e788
+B+: 0x7f3454e6e789 0x7f3454e6e78d
+B+: 0x7f3454e6e78e 0x7f3454e6e792
+B+: 0x7f3454e6e7c0 0x7f3454e6e7d9
+B+: 0x7f3454e6e7da 0x7f3454e6e7e6
+B+: 0x7f3454e6e7f7 0x7f3454e6e802
+B+: 0x7f3454e6e803 0x7f3454e6e80b
+B+: 0x7f3454e6e80c 0x7f3454e6e841
+B+: 0x7f3454e6e842 0x7f3454e6e84b
+B+: 0x7f3454e6e84c 0x7f3454e6e852
+B+: 0x7f3454e6e853 0x7f3454e6e875
+B+: 0x7f3454e6e880 0x7f3454e6e88e
+B+: 0x7f3454e6e8b0 0x7f3454e6e8c8
+B+: 0x7f3454e6e900 0x7f3454e6e941
+B+: 0x7f3454e6e950 0x7f3454e6e966
+B+: 0x7f3454e6e967 0x7f3454e6e97e
+B+: 0x7f3454e6e97f 0x7f3454e6e98a
+B+: 0x7f3454e6e98b 0x7f3454e6e9b3
+B+: 0x7f3454e6e9b4 0x7f3454e6e9bd
+B+: 0x7f3454e6e9be 0x7f3454e6e9bf
+B+: 0x7f3454e6e9d0 0x7f3454e6e9e8
+B+: 0x7f3454e6e9e9 0x7f3454e6ea14
+B+: 0x7f3454e6ea1e 0x7f3454e6ea25
+B+: 0x7f3454e6ea26 0x7f3454e6ea33
+B+: 0x7f3454e6ea34 0x7f3454e6ea46
+B+: 0x7f3454e6eae0 0x7f3454e6eafe
+B+: 0x7f3454e6eaff 0x7f3454e6eb0c
+B+: 0x7f3454e6eb0d 0x7f3454e6eb1b
+B+: 0x7f3454e6eb1c 0x7f3454e6eb2c
+B+: 0x7f3454e6eb40 0x7f3454e6eb62
+B+: 0x7f3454e6eb98 0x7f3454e6eba9
+B+: 0x7f3454e6f6d0 0x7f3454e6f6f4
+B+: 0x7f3454e6f6f5 0x7f3454e6f70d
+B+: 0x7f3454e6f70e 0x7f3454e6f712
+B+: 0x7f3454e6f713 0x7f3454e6f71e
+B+: 0x7f3454e6f71f 0x7f3454e6f723
+B+: 0x7f3454e6f724 0x7f3454e6f728
+B+: 0x7f3454e6f729 0x7f3454e6f730
+B+: 0x7f3454e6f73c 0x7f3454e6f749
+B+: 0x7f3454e6f74a 0x7f3454e6f74d
+B+: 0x7f3454e6f74e 0x7f3454e6f760
+B+: 0x7f3454e6f761 0x7f3454e6f76b
+B+: 0x7f3454e6f790 0x7f3454e6f79d
+B+: 0x7f3454e6f79e 0x7f3454e6f7a5
+B+: 0x7f3454e6f7a6 0x7f3454e6f7a7
+B+: 0x7f3454e6f890 0x7f3454e6f89d
+B+: 0x7f3454e6f89e 0x7f3454e6f8a9
+B+: 0x7f3454e6f8aa 0x7f3454e6f8bd
+B+: 0x7f3454e6f8c0 0x7f3454e6f8ca
+B+: 0x7f3454e6f8d0 0x7f3454e6f8ef
+B+: 0x7f3454e6f8f0 0x7f3454e6f8f4
+B+: 0x7f3454e6f8f5 0x7f3454e6f90c
+B+: 0x7f3454e6f90d 0x7f3454e6f910
+B+: 0x7f3454e6f911 0x7f3454e6f912
+B+: 0x7f3454e6f913 0x7f3454e6f91b
+B+: 0x7f3454e6f91c 0x7f3454e6f930
+B+: 0x7f3454e6f938 0x7f3454e6f93c
+B+: 0x7f3454e6f980 0x7f3454e6f98f
+B+: 0x7f3454e6f990 0x7f3454e6f99b
+B+: 0x7f3454e6f99c 0x7f3454e6f9ab
+B+: 0x7f3454e6fa80 0x7f3454e6fa93
+B+: 0x7f3454e6fa94 0x7f3454e6faac
+B+: 0x7f3454e6faad 0x7f3454e6fabf
+B+: 0x7f3454e6fac0 0x7f3454e6fada
+B+: 0x7f3454e6fadb 0x7f3454e6fae3
+B+: 0x7f3454e6faec 0x7f3454e6faf8
+B+: 0x7f3454e6faf9 0x7f3454e6fb02
+B+: 0x7f3454e6fb03 0x7f3454e6fb06
+B+: 0x7f3454e6fb07 0x7f3454e6fb1a
+B+: 0x7f3454e6fc49 0x7f3454e6fc55
+B+: 0x7f3454e6fc56 0x7f3454e6fc67
+B+: 0x7f3454e6fc82 0x7f3454e6fc93
+B+: 0x7f3454e6fd77 0x7f3454e6fd82
+B+: 0x7f3454e6fda0 0x7f3454e6fdb2
+B+: 0x7f3454e6fdb3 0x7f3454e6fddf
+B+: 0x7f3454e6fde0 0x7f3454e6fdeb
+B+: 0x7f3454e6fdec 0x7f3454e6fdfc
+B+: 0x7f3454e6fdfd 0x7f3454e6fe18
+B+: 0x7f3454e6fe19 0x7f3454e6fe25
+B+: 0x7f3454e6fe26 0x7f3454e6fe2e
+B+: 0x7f3454e6fe2f 0x7f3454e6fe3f
+B+: 0x7f3454e6fe40 0x7f3454e6fe44
+B+: 0x7f3454e6fe45 0x7f3454e6fe50
+B+: 0x7f3454e6fe51 0x7f3454e6fe5d
+B+: 0x7f3454e6fe5e 0x7f3454e6fe77
+B+: 0x7f3454e6fece 0x7f3454e6fed2
+B+: 0x7f3454e6fed3 0x7f3454e6fede
+B+: 0x7f3454e6fee0 0x7f3454e6feec
+B+: 0x7f3454e6ff60 0x7f3454e6ff7c
+B+: 0x7f3454e70120 0x7f3454e70128
+B+: 0x7f3454e70129 0x7f3454e70147
+B+: 0x7f3454e70750 0x7f3454e7075e
+B+: 0x7f3454e7075f 0x7f3454e70763
+B+: 0x7f3454e70764 0x7f3454e70770
+B+: 0x7f3454e70771 0x7f3454e70777
+B+: 0x7f3454e70778 0x7f3454e70783
+B+: 0x7f3454e70784 0x7f3454e70788
+B+: 0x7f3454e70789 0x7f3454e7078d
+B+: 0x7f3454e7078e 0x7f3454e70796
+B+: 0x7f3454e70797 0x7f3454e7079e
+B+: 0x7f3454e70890 0x7f3454e70892
+B+: 0x7f3454e708a7 0x7f3454e708ab
+B+: 0x7f3454e708ac 0x7f3454e708b2
+B+: 0x7f3454e708b3 0x7f3454e708b6
+B+: 0x7f3454e708d0 0x7f3454e708e1
+B+: 0x7f3454e708e2 0x7f3454e708e6
+B+: 0x7f3454e708e7 0x7f3454e708eb
+B+: 0x7f3454e708ec 0x7f3454e708f1
+B+: 0x7f3454e708f2 0x7f3454e708fa
+B+: 0x7f3454e708fb 0x7f3454e708fc
+B+: 0x7f3454e70940 0x7f3454e70948
+B+: 0x7f3454e70949 0x7f3454e70951
+B+: 0x7f3454e70980 0x7f3454e70988
+B+: 0x7f3454e70989 0x7f3454e7098a
+B+: 0x7f3454e7098b 0x7f3454e70991
+B+: 0x7f3454e70992 0x7f3454e709a2
+B+: 0x7f3454e709a8 0x7f3454e709ac
+B+: 0x7f3454e709eb 0x7f3454e70a00
+B+: 0x7f3454e70a08 0x7f3454e70a10
+B+: 0x7f3454e70af0 0x7f3454e70b11
+B+: 0x7f3454e70b12 0x7f3454e70b16
+B+: 0x7f3454e70b17 0x7f3454e70b1d
+B+: 0x7f3454e70b1e 0x7f3454e70b26
+B+: 0x7f3454e70b27 0x7f3454e70b34
+B+: 0x7f3454e70b35 0x7f3454e70b3c
+B+: 0x7f3454e70b3d 0x7f3454e70b49
+B+: 0x7f3454e70b4a 0x7f3454e70b5a
+B+: 0x7f3454e70b5b 0x7f3454e70b63
+B+: 0x7f3454e70b7f 0x7f3454e70b93
+B+: 0x7f3454e70b94 0x7f3454e70b9c
+B+: 0x7f3454e70be0 0x7f3454e70bf7
+B+: 0x7f3454e70bf8 0x7f3454e70c00
+B+: 0x7f3454e70c1b 0x7f3454e70c2b
+B+: 0x7f3454e70d40 0x7f3454e70d5e
+B+: 0x7f3454e70d5f 0x7f3454e70d6d
+B+: 0x7f3454e70d6e 0x7f3454e70d72
+B+: 0x7f3454e70d7d 0x7f3454e70d90
+B+: 0x7f3454e70d91 0x7f3454e70d95
+B+: 0x7f3454e70d96 0x7f3454e70d9a
+B+: 0x7f3454e70da0 0x7f3454e70da4
+B+: 0x7f3454e70dd5 0x7f3454e70dd9
+B+: 0x7f3454e70dda 0x7f3454e70dde
+B+: 0x7f3454e70df0 0x7f3454e70dfb
+B+: 0x7f3454e70dfc 0x7f3454e70e07
+B+: 0x7f3454e70e08 0x7f3454e70e10
+B+: 0x7f3454e70e2c 0x7f3454e70e30
+B+: 0x7f3454e70e31 0x7f3454e70e36
+B+: 0x7f3454e70e41 0x7f3454e70e45
+B+: 0x7f3454e70e46 0x7f3454e70e54
+B+: 0x7f3454e70e55 0x7f3454e70e5d
+B+: 0x7f3454e70e5e 0x7f3454e70e62
+B+: 0x7f3454e70e63 0x7f3454e70e74
+B+: 0x7f3454e70e78 0x7f3454e70e84
+B+: 0x7f3454e70ea0 0x7f3454e70ea4
+B+: 0x7f3454e70ef0 0x7f3454e70f03
+B+: 0x7f3454e70f40 0x7f3454e70f76
+B+: 0x7f3454e70f77 0x7f3454e70f82
+B+: 0x7f3454e70f83 0x7f3454e70f92
+B+: 0x7f3454e7101b 0x7f3454e71031
+B+: 0x7f3454e71032 0x7f3454e71040
+B+: 0x7f3454e71075 0x7f3454e710b8
+B+: 0x7f3454e710b9 0x7f3454e710c3
+B+: 0x7f3454e710c4 0x7f3454e710cc
+B+: 0x7f3454e710cd 0x7f3454e710d5
+B+: 0x7f3454e710d6 0x7f3454e710de
+B+: 0x7f3454e710df 0x7f3454e71106
+B+: 0x7f3454e71107 0x7f3454e71133
+B+: 0x7f3454e71578 0x7f3454e71581
+B+: 0x7f3454e71582 0x7f3454e715a8
+B+: 0x7f3454e715a9 0x7f3454e715b6
+B+: 0x7f3454e715d0 0x7f3454e715e0
+B+: 0x7f3454e715e1 0x7f3454e715ee
+B+: 0x7f3454e715ef 0x7f3454e715f3
+B+: 0x7f3454e71670 0x7f3454e7167e
+B+: 0x7f3454e7167f 0x7f3454e71683
+B+: 0x7f3454e71684 0x7f3454e71692
+B+: 0x7f3454e71693 0x7f3454e7169a
+B+: 0x7f3454e7169b 0x7f3454e716a2
+B+: 0x7f3454e716a3 0x7f3454e716b7
+B+: 0x7f3454e71790 0x7f3454e717bc
+B+: 0x7f3454e717bd 0x7f3454e717d4
+B+: 0x7f3454e717e0 0x7f3454e7183a
+B+: 0x7f3454e7183b 0x7f3454e71875
+B+: 0x7f3454e71876 0x7f3454e71893
+B+: 0x7f3454e71894 0x7f3454e718a3
+B+: 0x7f3454e718a4 0x7f3454e718b0
+B+: 0x7f3454e719b4 0x7f3454e719b8
+B+: 0x7f3454e719b9 0x7f3454e719cf
+B+: 0x7f3454e719d0 0x7f3454e719dc
+B+: 0x7f3454e719dd 0x7f3454e719ef
+B+: 0x7f3454e719f0 0x7f3454e719f7
+B+: 0x7f3454e71a01 0x7f3454e71a16
+B+: 0x7f3454e71a28 0x7f3454e71a3d
+B+: 0x7f3454e71a3e 0x7f3454e71a4d
+B+: 0x7f3454e71a79 0x7f3454e71a97
+B+: 0x7f3454e71a98 0x7f3454e71ac0
+B+: 0x7f3454e71ac1 0x7f3454e71acf
+B+: 0x7f3454e72148 0x7f3454e72154
+B+: 0x7f3454e72155 0x7f3454e72174
+B+: 0x7f3454e72175 0x7f3454e7217f
+B+: 0x7f3454e721ac 0x7f3454e721b0
+B+: 0x7f3454e721b1 0x7f3454e721b5
+B+: 0x7f3454e72a40 0x7f3454e72a64
+B+: 0x7f3454e72b10 0x7f3454e72b1a
+B+: 0x7f3454e72b40 0x7f3454e72b47
+B+: 0x7f3454e72b48 0x7f3454e72b51
+B+: 0x7f3454e72b58 0x7f3454e72b60
+B+: 0x7f3454e72b61 0x7f3454e72b6a
+B+: 0x7f3454e72b88 0x7f3454e72b8c
+B+: 0x7f3454e72b8d 0x7f3454e72b94
+B+: 0x7f3454e72ba0 0x7f3454e72ba4
+B+: 0x7f3454e72d00 0x7f3454e72d30
+B+: 0x7f3454e72e3f 0x7f3454e72e55
+B+: 0x7f3454e72e56 0x7f3454e72e67
+B+: 0x7f3454e731e0 0x7f3454e73222
+B+: 0x7f3454e73223 0x7f3454e73228
+B+: 0x7f3454e7324c 0x7f3454e73260
+B+: 0x7f3454e73261 0x7f3454e73269
+B+: 0x7f3454e73270 0x7f3454e73279
+B+: 0x7f3454e73288 0x7f3454e732a0
+B+: 0x7f3454e732a1 0x7f3454e732ba
+B+: 0x7f3454e732bb 0x7f3454e732bc
+B+: 0x7f3454e732d0 0x7f3454e732d8
+B+: 0x7f3454e732f8 0x7f3454e732f8
+B+: 0x7f3454e73300 0x7f3454e7330c
+B+: 0x7f3454e7333f 0x7f3454e73343
+B+: 0x7f3454e73380 0x7f3454e73384
+B+: 0x7f3454e733d0 0x7f3454e733e3
+B+: 0x7f3454e73400 0x7f3454e73400
+B+: 0x7f3454e73420 0x7f3454e7345b
+B+: 0x7f3454e73467 0x7f3454e73471
+B+: 0x7f3454e73472 0x7f3454e73489
+B+: 0x7f3454e7348a 0x7f3454e7348d
+B+: 0x7f3454e7348e 0x7f3454e73494
+B+: 0x7f3454e73495 0x7f3454e7349d
+B+: 0x7f3454e7349e 0x7f3454e734a9
+B+: 0x7f3454e734aa 0x7f3454e734c2
+B+: 0x7f3454e734c3 0x7f3454e734ce
+B+: 0x7f3454e734cf 0x7f3454e734e5
+B+: 0x7f3454e734e6 0x7f3454e734f5
+B+: 0x7f3454e73500 0x7f3454e7350e
+B+: 0x7f3454e7350f 0x7f3454e73513
+B+: 0x7f3454e73514 0x7f3454e7351e
+B+: 0x7f3454e73540 0x7f3454e73549
+B+: 0x7f3454e7354a 0x7f3454e7354e
+B+: 0x7f3454e7354f 0x7f3454e73560
+B+: 0x7f3454e73568 0x7f3454e73577
+B+: 0x7f3454e73580 0x7f3454e73589
+B+: 0x7f3454e735a8 0x7f3454e735bb
+B+: 0x7f3454e735c0 0x7f3454e735ce
+B+: 0x7f3454e735cf 0x7f3454e735dc
+B+: 0x7f3454e736f0 0x7f3454e736fd
+B+: 0x7f3454e737a0 0x7f3454e737a0
+B+: 0x7f3454e737b0 0x7f3454e737ba
+B+: 0x7f3454e737bb 0x7f3454e737ce
+B+: 0x7f3454e737cf 0x7f3454e737d8
+B+: 0x7f3454e737d9 0x7f3454e737e6
+B+: 0x7f3454e73800 0x7f3454e7382d
+B+: 0x7f3454e7382e 0x7f3454e73831
+B+: 0x7f3454e73832 0x7f3454e73847
+B+: 0x7f3454e73864 0x7f3454e7386b
+B+: 0x7f3454e7386c 0x7f3454e7386f
+B+: 0x7f3454e73870 0x7f3454e73876
+B+: 0x7f3454e73877 0x7f3454e7387b
+B+: 0x7f3454e7387c 0x7f3454e73886
+B+: 0x7f3454e73ae0 0x7f3454e73b01
+B+: 0x7f3454e73b02 0x7f3454e73b0a
+B+: 0x7f3454e73b0b 0x7f3454e73b14
+B+: 0x7f3454e73b15 0x7f3454e73b19
+B+: 0x7f3454e73c00 0x7f3454e73c19
+B+: 0x7f3454e73c51 0x7f3454e73c8e
+B+: 0x7f3454e73c8f 0x7f3454e73c9e
+B+: 0x7f3454e73c9f 0x7f3454e73ca6
+B+: 0x7f3454e73df0 0x7f3454e73dfb
+B+: 0x7f3454e73e20 0x7f3454e73e20
+B+: 0x7f3454e73e30 0x7f3454e73e38
+B+: 0x7f3454e75940 0x7f3454e7594b
+B+: 0x7f3454e7594c 0x7f3454e75957
+B+: 0x7f3454e75958 0x7f3454e75964
+B+: 0x7f3454e75965 0x7f3454e75969
+B+: 0x7f3454e7596a 0x7f3454e7596f
+B+: 0x7f3454e75970 0x7f3454e75976
+B+: 0x7f3454e75980 0x7f3454e75987
+B+: 0x7f3454e75988 0x7f3454e7598c
+B+: 0x7f3454e7598d 0x7f3454e7599b
+B+: 0x7f3454e7599c 0x7f3454e759a0
+B+: 0x7f3454e759a1 0x7f3454e759a8
+B+: 0x7f3454e759a9 0x7f3454e759ad
+B+: 0x7f3454e759ae 0x7f3454e759b8
+B+: 0x7f3454e759b9 0x7f3454e759b9
+B+: 0x7f3454e759c0 0x7f3454e759c5
+B+: 0x7f3454e759c6 0x7f3454e759c9
+B+: 0x7f3454e759d0 0x7f3454e759d0
+B+: 0x7f3454e759d1 0x7f3454e759d5
+B+: 0x7f3454e759d6 0x7f3454e759d9
+B+: 0x7f3454e759e0 0x7f3454e759ff
+B+: 0x7f3454e75a00 0x7f3454e75a11
+B+: 0x7f3454e75a12 0x7f3454e75a16
+B+: 0x7f3454e75a20 0x7f3454e75a22
+B+: 0x7f3454e75a23 0x7f3454e75a2f
+B+: 0x7f3454e75a30 0x7f3454e75a33
+B+: 0x7f3454e75a34 0x7f3454e75a5d
+B+: 0x7f3454e75a5e 0x7f3454e75a62
+B+: 0x7f3454e75a63 0x7f3454e75a82
+B+: 0x7f3454e75ac0 0x7f3454e75ade
+B+: 0x7f3454e75adf 0x7f3454e75ae3
+B+: 0x7f3454e75ae4 0x7f3454e75ae8
+B+: 0x7f3454e75af0 0x7f3454e75af2
+B+: 0x7f3454e75af3 0x7f3454e75aff
+B+: 0x7f3454e75b00 0x7f3454e75b03
+B+: 0x7f3454e75b04 0x7f3454e75b3e
+B+: 0x7f3454e75b3f 0x7f3454e75b49
+B+: 0x7f3454e75b4a 0x7f3454e75b57
+B+: 0x7f3454e75b58 0x7f3454e75b5d
+B+: 0x7f3454e75b5e 0x7f3454e75b66
+B+: 0x7f3454e75b67 0x7f3454e75b70
+B+: 0x7f3454e75b71 0x7f3454e75b7a
+B+: 0x7f3454e75b7b 0x7f3454e75b9a
+B+: 0x7f3454e75b9b 0x7f3454e75ba3
+B+: 0x7f3454e75ba4 0x7f3454e75bbd
+B+: 0x7f3454e75bc0 0x7f3454e75bc5
+B+: 0x7f3454e75bc6 0x7f3454e75bcf
+B+: 0x7f3454e75bd0 0x7f3454e75bd9
+B+: 0x7f3454e75bda 0x7f3454e75bf7
+B+: 0x7f3454e75c08 0x7f3454e75c14
+B+: 0x7f3454e75c15 0x7f3454e75c1b
+B+: 0x7f3454e75c1c 0x7f3454e75c29
+B+: 0x7f3454e75cb0 0x7f3454e75cca
+B+: 0x7f3454e75ccb 0x7f3454e75cda
+B+: 0x7f3454e75cdb 0x7f3454e75ce6
+B+: 0x7f3454e75ce7 0x7f3454e75cef
+B+: 0x7f3454e75cf0 0x7f3454e75cf4
+B+: 0x7f3454e75cf5 0x7f3454e75cfc
+B+: 0x7f3454e75cfd 0x7f3454e75d10
+B+: 0x7f3454e75d11 0x7f3454e75d21
+B+: 0x7f3454e75d22 0x7f3454e75d26
+B+: 0x7f3454e75d27 0x7f3454e75d38
+B+: 0x7f3454e75d39 0x7f3454e75d4b
+B+: 0x7f3454e75d4c 0x7f3454e75d54
+B+: 0x7f3454e75d55 0x7f3454e75d5e
+B+: 0x7f3454e75d5f 0x7f3454e75d6d
+B+: 0x7f3454e75ea0 0x7f3454e75eb6
+B+: 0x7f3454e75eb7 0x7f3454e75ebb
+B+: 0x7f3454e75ebc 0x7f3454e75ec0
+B+: 0x7f3454e75ec8 0x7f3454e75ecb
+B+: 0x7f3454e75ecc 0x7f3454e75ed9
+B+: 0x7f3454e75eda 0x7f3454e75edd
+B+: 0x7f3454e75ede 0x7f3454e75f06
+B+: 0x7f3454e75f07 0x7f3454e75f10
+B+: 0x7f3454e75f11 0x7f3454e75f16
+B+: 0x7f3454e75f17 0x7f3454e75f24
+B+: 0x7f3454e75f25 0x7f3454e75f2d
+B+: 0x7f3454e76440 0x7f3454e7646b
+B+: 0x7f3454e7646c 0x7f3454e76470
+B+: 0x7f3454e76471 0x7f3454e76475
+B+: 0x7f3454e76536 0x7f3454e7653e
+B+: 0x7f3454e7653f 0x7f3454e76548
+B+: 0x7f3454e76549 0x7f3454e76551
+B+: 0x7f3454e765d0 0x7f3454e765e4
+B+: 0x7f3454e765e5 0x7f3454e76606
+B+: 0x7f3454e76607 0x7f3454e76610
+B+: 0x7f3454e76611 0x7f3454e76618
+B+: 0x7f3454e76640 0x7f3454e76648
+B+: 0x7f3454e76649 0x7f3454e76656
+B+: 0x7f3454e76657 0x7f3454e7665f
+B+: 0x7f3454e76660 0x7f3454e76661
+B+: 0x7f3454e76760 0x7f3454e767aa
+B+: 0x7f3454e767ab 0x7f3454e767af
+B+: 0x7f3454e767b0 0x7f3454e767be
+B+: 0x7f3454e767c8 0x7f3454e767d3
+B+: 0x7f3454e767d4 0x7f3454e767d8
+B+: 0x7f3454e767d9 0x7f3454e767e0
+B+: 0x7f3454e767e1 0x7f3454e767e5
+B+: 0x7f3454e767e6 0x7f3454e767f3
+B+: 0x7f3454e767f4 0x7f3454e767fb
+B+: 0x7f3454e76800 0x7f3454e76810
+B+: 0x7f3454e76811 0x7f3454e76815
+B+: 0x7f3454e76816 0x7f3454e76832
+B+: 0x7f3454e76833 0x7f3454e76843
+B+: 0x7f3454e76844 0x7f3454e7684f
+B+: 0x7f3454e76850 0x7f3454e76857
+B+: 0x7f3454e76858 0x7f3454e7685c
+B+: 0x7f3454e7685d 0x7f3454e76868
+B+: 0x7f3454e76869 0x7f3454e7687b
+B+: 0x7f3454e7687c 0x7f3454e76884
+B+: 0x7f3454e76888 0x7f3454e76897
+B+: 0x7f3454e76898 0x7f3454e7689b
+B+: 0x7f3454e7689c 0x7f3454e768b4
+B+: 0x7f3454e768b5 0x7f3454e768b8
+B+: 0x7f3454e768b9 0x7f3454e768c6
+B+: 0x7f3454e768c7 0x7f3454e768d5
+B+: 0x7f3454e76dc0 0x7f3454e76dec
+B+: 0x7f3454e76ded 0x7f3454e76df2
+B+: 0x7f3454e76df3 0x7f3454e76e04
+B+: 0x7f3454e76e05 0x7f3454e76e0d
+B+: 0x7f3454e76e0e 0x7f3454e76e1c
+CND+ 0x7f3454e6500e: taken
+CND+ 0x7f3454e655ea: not taken
+CND+ 0x7f3454e65626: not taken
+CND+ 0x7f3454e6563b: taken
+CND+ 0x7f3454e65673: not taken
+CND+ 0x7f3454e65687: not taken
+CND+ 0x7f3454e65695: not taken
+CND+ 0x7f3454e657e2: taken
+CND+ 0x7f3454e65862: not taken
+CND+ 0x7f3454e6587c: both
+CND+ 0x7f3454e658a9: not taken
+CND+ 0x7f3454e65a5d: not taken
+CND+ 0x7f3454e65a62: taken
+CND+ 0x7f3454e666e6: not taken
+CND+ 0x7f3454e66704: taken
+CND+ 0x7f3454e6671a: not taken
+CND+ 0x7f3454e6671f: taken
+CND+ 0x7f3454e6672f: taken
+CND+ 0x7f3454e6674c: not taken
+CND+ 0x7f3454e66756: not taken
+CND+ 0x7f3454e6678f: not taken
+CND+ 0x7f3454e6679b: taken
+CND+ 0x7f3454e67079: taken
+CND+ 0x7f3454e6711b: not taken
+CND+ 0x7f3454e67149: not taken
+CND+ 0x7f3454e67158: not taken
+CND+ 0x7f3454e67190: not taken
+CND+ 0x7f3454e671ce: taken
+CND+ 0x7f3454e67c20: not taken
+CND+ 0x7f3454e67c2d: taken
+CND+ 0x7f3454e67c48: not taken
+CND+ 0x7f3454e67c5f: both
+CND+ 0x7f3454e67c88: not taken
+CND+ 0x7f3454e67ed2: taken
+CND+ 0x7f3454e67f55: not taken
+CND+ 0x7f3454e67f7e: not taken
+CND+ 0x7f3454e67f8a: not taken
+CND+ 0x7f3454e67f93: both
+CND+ 0x7f3454e67fc4: not taken
+CND+ 0x7f3454e67fe2: both
+CND+ 0x7f3454e67ffb: taken
+CND+ 0x7f3454e6805a: taken
+CND+ 0x7f3454e680af: not taken
+CND+ 0x7f3454e680b8: taken
+CND+ 0x7f3454e680e0: taken
+CND+ 0x7f3454e68116: not taken
+CND+ 0x7f3454e6815a: not taken
+CND+ 0x7f3454e68163: taken
+CND+ 0x7f3454e6821b: taken
+CND+ 0x7f3454e6824a: taken
+CND+ 0x7f3454e6827c: not taken
+CND+ 0x7f3454e6836a: taken
+CND+ 0x7f3454e68520: not taken
+CND+ 0x7f3454e68529: not taken
+CND+ 0x7f3454e68532: taken
+CND+ 0x7f3454e688eb: not taken
+CND+ 0x7f3454e68906: both
+CND+ 0x7f3454e6893d: not taken
+CND+ 0x7f3454e68985: both
+CND+ 0x7f3454e689f6: taken
+CND+ 0x7f3454e68a20: both
+CND+ 0x7f3454e68a29: not taken
+CND+ 0x7f3454e68a33: not taken
+CND+ 0x7f3454e68ae4: not taken
+CND+ 0x7f3454e68afb: taken
+CND+ 0x7f3454e68b2a: both
+CND+ 0x7f3454e68b30: both
+CND+ 0x7f3454e68b40: taken
+CND+ 0x7f3454e68b60: not taken
+CND+ 0x7f3454e68b96: not taken
+CND+ 0x7f3454e68be5: taken
+CND+ 0x7f3454e68da0: not taken
+CND+ 0x7f3454e68da9: not taken
+CND+ 0x7f3454e68dc8: both
+CND+ 0x7f3454e68dd0: both
+CND+ 0x7f3454e68e2e: taken
+CND+ 0x7f3454e68e57: not taken
+CND+ 0x7f3454e68eac: taken
+CND+ 0x7f3454e68ed8: taken
+CND+ 0x7f3454e68fa3: not taken
+CND+ 0x7f3454e68fc0: taken
+CND+ 0x7f3454e69019: not taken
+CND+ 0x7f3454e69065: not taken
+CND+ 0x7f3454e6906f: not taken
+CND+ 0x7f3454e69089: both
+CND+ 0x7f3454e6909d: not taken
+CND+ 0x7f3454e690ab: taken
+CND+ 0x7f3454e6914c: not taken
+CND+ 0x7f3454e69156: taken
+CND+ 0x7f3454e691cc: taken
+CND+ 0x7f3454e691ee: taken
+CND+ 0x7f3454e69811: both
+CND+ 0x7f3454e6981b: not taken
+CND+ 0x7f3454e6981f: not taken
+CND+ 0x7f3454e69839: taken
+CND+ 0x7f3454e69859: taken
+CND+ 0x7f3454e69861: taken
+CND+ 0x7f3454e6a45f: taken
+CND+ 0x7f3454e6a626: not taken
+CND+ 0x7f3454e6a6ca: taken
+CND+ 0x7f3454e6a762: taken
+CND+ 0x7f3454e6b2a4: taken
+CND+ 0x7f3454e6b2bd: not taken
+CND+ 0x7f3454e6b2cd: not taken
+CND+ 0x7f3454e6b30f: taken
+CND+ 0x7f3454e6b327: taken
+CND+ 0x7f3454e6b33a: not taken
+CND+ 0x7f3454e6b343: taken
+CND+ 0x7f3454e6b381: not taken
+CND+ 0x7f3454e6b3d6: taken
+CND+ 0x7f3454e6b3e7: taken
+CND+ 0x7f3454e6b895: not taken
+CND+ 0x7f3454e6b8a8: not taken
+CND+ 0x7f3454e6b8d2: not taken
+CND+ 0x7f3454e6b907: not taken
+CND+ 0x7f3454e6b942: taken
+CND+ 0x7f3454e6b953: not taken
+CND+ 0x7f3454e6b963: taken
+CND+ 0x7f3454e6ba7b: not taken
+CND+ 0x7f3454e6bdbc: both
+CND+ 0x7f3454e6bdc9: both
+CND+ 0x7f3454e6be03: not taken
+CND+ 0x7f3454e6be0d: not taken
+CND+ 0x7f3454e6be18: taken
+CND+ 0x7f3454e6c1a1: not taken
+CND+ 0x7f3454e6c1ab: not taken
+CND+ 0x7f3454e6c1e4: taken
+CND+ 0x7f3454e6c1f2: taken
+CND+ 0x7f3454e6c20a: not taken
+CND+ 0x7f3454e6c225: not taken
+CND+ 0x7f3454e6c22f: not taken
+CND+ 0x7f3454e6c247: taken
+CND+ 0x7f3454e6c533: taken
+CND+ 0x7f3454e6c582: taken
+CND+ 0x7f3454e6c655: taken
+CND+ 0x7f3454e6c698: taken
+CND+ 0x7f3454e6c703: not taken
+CND+ 0x7f3454e6c70c: taken
+CND+ 0x7f3454e6c725: not taken
+CND+ 0x7f3454e6c742: not taken
+CND+ 0x7f3454e6c75a: not taken
+CND+ 0x7f3454e6c765: not taken
+CND+ 0x7f3454e6c792: not taken
+CND+ 0x7f3454e6c797: taken
+CND+ 0x7f3454e6c7a9: taken
+CND+ 0x7f3454e6c7ad: not taken
+CND+ 0x7f3454e6c7bc: taken
+CND+ 0x7f3454e6c7ce: taken
+CND+ 0x7f3454e6c848: taken
+CND+ 0x7f3454e6c889: not taken
+CND+ 0x7f3454e6c89b: not taken
+CND+ 0x7f3454e6c8a8: taken
+CND+ 0x7f3454e6cc2f: not taken
+CND+ 0x7f3454e6cc57: taken
+CND+ 0x7f3454e6cc65: not taken
+CND+ 0x7f3454e6cc6e: taken
+CND+ 0x7f3454e6cc86: not taken
+CND+ 0x7f3454e6ccae: taken
+CND+ 0x7f3454e6d366: taken
+CND+ 0x7f3454e6d9d6: taken
+CND+ 0x7f3454e6da31: not taken
+CND+ 0x7f3454e6da51: taken
+CND+ 0x7f3454e6daad: not taken
+CND+ 0x7f3454e6dab5: taken
+CND+ 0x7f3454e6db00: taken
+CND+ 0x7f3454e6db5a: not taken
+CND+ 0x7f3454e6db62: not taken
+CND+ 0x7f3454e6db6b: not taken
+CND+ 0x7f3454e6db75: not taken
+CND+ 0x7f3454e6db7f: taken
+CND+ 0x7f3454e6db9b: taken
+CND+ 0x7f3454e6dc3c: taken
+CND+ 0x7f3454e6ded9: not taken
+CND+ 0x7f3454e6dee6: not taken
+CND+ 0x7f3454e6df01: not taken
+CND+ 0x7f3454e6df1a: not taken
+CND+ 0x7f3454e6df20: not taken
+CND+ 0x7f3454e6df26: taken
+CND+ 0x7f3454e6e76c: not taken
+CND+ 0x7f3454e6e78c: not taken
+CND+ 0x7f3454e6e7d8: both
+CND+ 0x7f3454e6e7e1: taken
+CND+ 0x7f3454e6e806: not taken
+CND+ 0x7f3454e6e840: not taken
+CND+ 0x7f3454e6e84a: not taken
+CND+ 0x7f3454e6e965: both
+CND+ 0x7f3454e6e989: not taken
+CND+ 0x7f3454e6e9b2: not taken
+CND+ 0x7f3454e6e9bc: not taken
+CND+ 0x7f3454e6e9e3: not taken
+CND+ 0x7f3454e6ea13: taken
+CND+ 0x7f3454e6eafd: not taken
+CND+ 0x7f3454e6eb1a: not taken
+CND+ 0x7f3454e6eb61: taken
+CND+ 0x7f3454e6f711: not taken
+CND+ 0x7f3454e6f71d: not taken
+CND+ 0x7f3454e6f722: not taken
+CND+ 0x7f3454e6f748: not taken
+CND+ 0x7f3454e6f74c: not taken
+CND+ 0x7f3454e6f75f: not taken
+CND+ 0x7f3454e6f7a4: not taken
+CND+ 0x7f3454e6f8f3: both
+CND+ 0x7f3454e6f90f: both
+CND+ 0x7f3454e6f911: not taken
+CND+ 0x7f3454e6f91a: taken
+CND+ 0x7f3454e6fa92: not taken
+CND+ 0x7f3454e6faba: not taken
+CND+ 0x7f3454e6fad5: both
+CND+ 0x7f3454e6fade: taken
+CND+ 0x7f3454e6faf7: not taken
+CND+ 0x7f3454e6fb01: not taken
+CND+ 0x7f3454e6fb05: not taken
+CND+ 0x7f3454e6fb19: taken
+CND+ 0x7f3454e6fc50: not taken
+CND+ 0x7f3454e6fc62: taken
+CND+ 0x7f3454e6fdb1: not taken
+CND+ 0x7f3454e6fdea: both
+CND+ 0x7f3454e6fe13: not taken
+CND+ 0x7f3454e6fe20: taken
+CND+ 0x7f3454e6fe2d: not taken
+CND+ 0x7f3454e6fe43: not taken
+CND+ 0x7f3454e6fe4f: both
+CND+ 0x7f3454e6fe58: not taken
+CND+ 0x7f3454e6fe72: taken
+CND+ 0x7f3454e6fee7: taken
+CND+ 0x7f3454e7075d: both
+CND+ 0x7f3454e7076f: not taken
+CND+ 0x7f3454e70782: both
+CND+ 0x7f3454e70787: both
+CND+ 0x7f3454e70795: both
+CND+ 0x7f3454e708b1: not taken
+CND+ 0x7f3454e708dc: not taken
+CND+ 0x7f3454e708ea: not taken
+CND+ 0x7f3454e708ec: both
+CND+ 0x7f3454e708f5: not taken
+CND+ 0x7f3454e708fb: taken
+CND+ 0x7f3454e70943: not taken
+CND+ 0x7f3454e7094c: taken
+CND+ 0x7f3454e70983: not taken
+CND+ 0x7f3454e70989: both
+CND+ 0x7f3454e70990: not taken
+CND+ 0x7f3454e709ab: taken
+CND+ 0x7f3454e70a0b: taken
+CND+ 0x7f3454e70b10: both
+CND+ 0x7f3454e70b1c: not taken
+CND+ 0x7f3454e70b21: both
+CND+ 0x7f3454e70b2f: not taken
+CND+ 0x7f3454e70b37: both
+CND+ 0x7f3454e70b44: both
+CND+ 0x7f3454e70b5e: taken
+CND+ 0x7f3454e70b92: both
+CND+ 0x7f3454e70b9b: taken
+CND+ 0x7f3454e70bfb: taken
+CND+ 0x7f3454e70d68: both
+CND+ 0x7f3454e70d71: taken
+CND+ 0x7f3454e70d8b: not taken
+CND+ 0x7f3454e70da3: taken
+CND+ 0x7f3454e70ddd: taken
+CND+ 0x7f3454e70e02: not taken
+CND+ 0x7f3454e70e0b: taken
+CND+ 0x7f3454e70e2f: not taken
+CND+ 0x7f3454e70e35: taken
+CND+ 0x7f3454e70e4f: not taken
+CND+ 0x7f3454e70e58: both
+CND+ 0x7f3454e70f7d: not taken
+CND+ 0x7f3454e7102c: not taken
+CND+ 0x7f3454e710c7: not taken
+CND+ 0x7f3454e710d0: both
+CND+ 0x7f3454e710d9: not taken
+CND+ 0x7f3454e715a7: both
+CND+ 0x7f3454e715ed: not taken
+CND+ 0x7f3454e715f2: taken
+CND+ 0x7f3454e71682: not taken
+CND+ 0x7f3454e716a1: not taken
+CND+ 0x7f3454e717bb: not taken
+CND+ 0x7f3454e71835: not taken
+CND+ 0x7f3454e71870: not taken
+CND+ 0x7f3454e7188e: not taken
+CND+ 0x7f3454e7189e: not taken
+CND+ 0x7f3454e719ca: both
+CND+ 0x7f3454e719ea: taken
+CND+ 0x7f3454e719f6: taken
+CND+ 0x7f3454e71a15: taken
+CND+ 0x7f3454e71a38: not taken
+CND+ 0x7f3454e71a48: taken
+CND+ 0x7f3454e71abb: not taken
+CND+ 0x7f3454e7214f: not taken
+CND+ 0x7f3454e7216f: not taken
+CND+ 0x7f3454e7217e: taken
+CND+ 0x7f3454e72a5f: taken
+CND+ 0x7f3454e72b46: not taken
+CND+ 0x7f3454e72b50: taken
+CND+ 0x7f3454e72b69: taken
+CND+ 0x7f3454e72b93: taken
+CND+ 0x7f3454e72d2b: taken
+CND+ 0x7f3454e72e50: not taken
+CND+ 0x7f3454e73227: taken
+CND+ 0x7f3454e7325f: not taken
+CND+ 0x7f3454e73278: taken
+CND+ 0x7f3454e732b9: not taken
+CND+ 0x7f3454e732d7: taken
+CND+ 0x7f3454e7330b: taken
+CND+ 0x7f3454e73383: taken
+CND+ 0x7f3454e733e2: taken
+CND+ 0x7f3454e73456: taken
+CND+ 0x7f3454e73488: both
+CND+ 0x7f3454e7348c: not taken
+CND+ 0x7f3454e73493: not taken
+CND+ 0x7f3454e73498: both
+CND+ 0x7f3454e734e0: not taken
+CND+ 0x7f3454e73512: not taken
+CND+ 0x7f3454e73519: taken
+CND+ 0x7f3454e73548: not taken
+CND+ 0x7f3454e7354d: not taken
+CND+ 0x7f3454e735c9: not taken
+CND+ 0x7f3454e735d7: taken
+CND+ 0x7f3454e736f8: taken
+CND+ 0x7f3454e737b9: not taken
+CND+ 0x7f3454e73830: not taken
+CND+ 0x7f3454e73846: taken
+CND+ 0x7f3454e7386e: not taken
+CND+ 0x7f3454e73b09: not taken
+CND+ 0x7f3454e73b13: not taken
+CND+ 0x7f3454e73c18: taken
+CND+ 0x7f3454e73c9d: not taken
+CND+ 0x7f3454e73dfa: taken
+CND+ 0x7f3454e75946: both
+CND+ 0x7f3454e75963: both
+CND+ 0x7f3454e75968: not taken
+CND+ 0x7f3454e7596e: not taken
+CND+ 0x7f3454e75986: not taken
+CND+ 0x7f3454e7598b: both
+CND+ 0x7f3454e7599a: both
+CND+ 0x7f3454e7599f: both
+CND+ 0x7f3454e759ac: both
+CND+ 0x7f3454e759b7: both
+CND+ 0x7f3454e759c4: not taken
+CND+ 0x7f3454e75a10: not taken
+CND+ 0x7f3454e75a15: taken
+CND+ 0x7f3454e75a2e: both
+CND+ 0x7f3454e75a32: both
+CND+ 0x7f3454e75a5c: both
+CND+ 0x7f3454e75add: not taken
+CND+ 0x7f3454e75ae2: not taken
+CND+ 0x7f3454e75afe: not taken
+CND+ 0x7f3454e75b02: both
+CND+ 0x7f3454e75b48: both
+CND+ 0x7f3454e75b52: not taken
+CND+ 0x7f3454e75b5c: not taken
+CND+ 0x7f3454e75b65: both
+CND+ 0x7f3454e75b6b: taken
+CND+ 0x7f3454e75b75: not taken
+CND+ 0x7f3454e75b95: not taken
+CND+ 0x7f3454e75ba2: not taken
+CND+ 0x7f3454e75bc4: not taken
+CND+ 0x7f3454e75bce: not taken
+CND+ 0x7f3454e75bf6: taken
+CND+ 0x7f3454e75c24: taken
+CND+ 0x7f3454e75ce1: not taken
+CND+ 0x7f3454e75cea: not taken
+CND+ 0x7f3454e75cf3: not taken
+CND+ 0x7f3454e75d25: not taken
+CND+ 0x7f3454e75d53: not taken
+CND+ 0x7f3454e75d5d: not taken
+CND+ 0x7f3454e75eb5: not taken
+CND+ 0x7f3454e75eba: not taken
+CND+ 0x7f3454e75ed8: both
+CND+ 0x7f3454e75edc: taken
+CND+ 0x7f3454e75f0f: not taken
+CND+ 0x7f3454e75f15: not taken
+CND+ 0x7f3454e7646f: not taken
+CND+ 0x7f3454e7653d: not taken
+CND+ 0x7f3454e76547: not taken
+CND+ 0x7f3454e76605: not taken
+CND+ 0x7f3454e7660f: not taken
+CND+ 0x7f3454e76647: not taken
+CND+ 0x7f3454e7665e: not taken
+CND+ 0x7f3454e767bd: taken
+CND+ 0x7f3454e767d2: taken
+CND+ 0x7f3454e767df: not taken
+CND+ 0x7f3454e767e4: both
+CND+ 0x7f3454e767fa: taken
+CND+ 0x7f3454e76856: not taken
+CND+ 0x7f3454e7685b: taken
+CND+ 0x7f3454e7687a: not taken
+CND+ 0x7f3454e7689a: not taken
+CND+ 0x7f3454e768b7: not taken
+CND+ 0x7f3454e768c5: not taken
+CND+ 0x7f3454e768d4: taken
+CND+ 0x7f3454e76df1: not taken
+CND+ 0x7f3454e76e0c: not taken
@0x7f3454e65050 to 0x7f345899ea30 4
@0x7f3454e65080 to 0x7f345893e330 2
@0x7f3454e65090 to 0x7f34589e0710 1
@0x7f3454e650a0 to 0x7f34589b6e70 5
@0x7f3454e650d0 to 0x7f3458951a20 7
@0x7f3454e650f0 to 0x7f3458a75800 4
@0x7f3454e65130 to 0x7f34589e11e0 1
@0x7f3454e65140 to 0x7f3458955c10 1
@0x7f3454e65150 to 0x7f3458a03800 4
@0x7f3454e65160 to 0x7f34589e0230 1
@0x7f3454e65190 to 0x7f3458a75bc0 8
@0x7f3454e651c0 to 0x7f34589e1200 1
@0x7f3454e651e0 to 0x7f3458a755d0 1
@0x7f3454e65220 to 0x7f34589e1210 2
@0x7f3454e65230 to 0x7f3458a04b10 1
@0x7f3454e6716e to 0x7f3454e671c0 1
@0x7f3454e65280 to 0x7f3458a70d10 11
@0x7f3454e652a0 to 0x7f3458951450 4
@0x7f3454e671ac to 0x7f3454e67e90 1
@0x7f3454e652d0 to 0x7f3458a71100 9
@0x7f3454e65320 to 0x7f34589520f0 4
@0x7f3454e65330 to 0x7f3458a76100 6
@0x7f3454e65350 to 0x7f34589e1220 1
@0x7f3454e65370 to 0x7f3458a03800 2
@0x7f3454e65390 to 0x7f345899e3e0 23
@0x7f3454e653b0 to 0x7f34589e1230 1
@0x7f3454e653c0 to 0x7f3458a70e90 22
@0x7f3454e653e0 to 0x7f3458a21ba0 1
@0x7f3454e65410 to 0x7f345899ec80 1
@0x7f3454e65460 to 0x7f3458a760e0 13
@0x7f3454e65510 to 0x7f34589e11f0 1
@0x7f3454e65560 to 0x7f34589e04e0 1
@0x7f3454e65570 to 0x7f345894a580 191
@0x7f3454e70f91 to 0x7f3454e71075 1
@0x7f3454e65784 to 0x7f345893dfb0 1
@0x7f3454e76e01 to 0x7f3454e65840 1
@0x7f3454e7355f to 0x7f3454e73580 1
@0x7f3454e7355f to 0x7f3454e735c0 1
@0x7f3454e7355f to 0x7f3454e735a8 2
@0x7f3454e718af to 0x7f3454e71a01 180
@0x7f3454e718af to 0x7f3454e719f0 10
@0x7f3454e718af to 0x7f3454e71a28 1
@0x7f3454e75c19 to 0x7f3454e697d0 1
@0x7f3454e75c19 to 0x7f3454e70120 1
