MODULE_NAME: /usr/bin/gs
MODULE_START: 0x7ffaf4fc9000
+B+: 0x7ffaf4fca000 0x7ffaf4fca00f
+B+: 0x7ffaf4fca012 0x7ffaf4fca016
+B+: 0x7ffaf4fca020 0x7ffaf4fca02b
+B+: 0x7ffaf4fca030 0x7ffaf4fca035
+B+: 0x7ffaf4fca036 0x7ffaf4fca03f
+B+: 0x7ffaf4fca040 0x7ffaf4fca045
+B+: 0x7ffaf4fca046 0x7ffaf4fca04f
+B+: 0x7ffaf4fca050 0x7ffaf4fca055
+B+: 0x7ffaf4fca056 0x7ffaf4fca05f
+B+: 0x7ffaf4fca090 0x7ffaf4fca095
+B+: 0x7ffaf4fca096 0x7ffaf4fca09f
+B+: 0x7ffaf4fca0b0 0x7ffaf4fca0b5
+B+: 0x7ffaf4fca0b6 0x7ffaf4fca0bf
+B+: 0x7ffaf4fca0c0 0x7ffaf4fca0c5
+B+: 0x7ffaf4fca0c6 0x7ffaf4fca0cf
+B+: 0x7ffaf4fca0d0 0x7ffaf4fca0d5
+B+: 0x7ffaf4fca0d6 0x7ffaf4fca0df
+B+: 0x7ffaf4fca0e0 0x7ffaf4fca0e5
+B+: 0x7ffaf4fca0f0 0x7ffaf4fca121
+B+: 0x7ffaf4fca122 0x7ffaf4fca127
+B+: 0x7ffaf4fca128 0x7ffaf4fca130
+B+: 0x7ffaf4fca131 0x7ffaf4fca132
+B+: 0x7ffaf4fca133 0x7ffaf4fca137
+B+: 0x7ffaf4fca138 0x7ffaf4fca152
+B+: 0x7ffaf4fca153 0x7ffaf4fca15b
+B+: 0x7ffaf4fca184 0x7ffaf4fca1a2
+B+: 0x7ffaf4fca1a3 0x7ffaf4fca1b1
+B+: 0x7ffaf4fca1b2 0x7ffaf4fca1b7
+B+: 0x7ffaf4fca1b8 0x7ffaf4fca1c1
+B+: 0x7ffaf4fca1c2 0x7ffaf4fca1c5
+B+: 0x7ffaf4fca1c6 0x7ffaf4fca1ca
+B+: 0x7ffaf4fca1cb 0x7ffaf4fca1d6
+B+: 0x7ffaf4fca1d7 0x7ffaf4fca1db
+B+: 0x7ffaf4fca220 0x7ffaf4fca249
+B+: 0x7ffaf4fca250 0x7ffaf4fca262
+B+: 0x7ffaf4fca278 0x7ffaf4fca278
+B+: 0x7ffaf4fca280 0x7ffaf4fca2a3
+B+: 0x7ffaf4fca2b8 0x7ffaf4fca2b8
+B+: 0x7ffaf4fca2c0 0x7ffaf4fca2c8
+B+: 0x7ffaf4fca2c9 0x7ffaf4fca2d6
+B+: 0x7ffaf4fca2d7 0x7ffaf4fca2e2
+B+: 0x7ffaf4fca2e3 0x7ffaf4fca2e7
+B+: 0x7ffaf4fca2e8 0x7ffaf4fca2f0
+B+: 0x7ffaf4fca300 0x7ffaf4fca304
+B+: 0x7ffaf4fca350 0x7ffaf4fca373
+B+: 0x7ffaf4fca374 0x7ffaf4fca37c
+B+: 0x7ffaf4fca37d 0x7ffaf4fca385
+B+: 0x7ffaf4fca3c0 0x7ffaf4fca3ec
+B+: 0x7ffaf4fca3ed 0x7ffaf4fca3f2
+B+: 0x7ffaf4fca3f3 0x7ffaf4fca404
+B+: 0x7ffaf4fca405 0x7ffaf4fca40d
+B+: 0x7ffaf4fca40e 0x7ffaf4fca41c
+B+: 0x7ffaf4fca424 0x7ffaf4fca42c
+CND+ 0x7ffaf4fca00e: taken
+CND+ 0x7ffaf4fca126: taken
+CND+ 0x7ffaf4fca12b: not taken
+CND+ 0x7ffaf4fca131: not taken
+CND+ 0x7ffaf4fca136: not taken
+CND+ 0x7ffaf4fca14d: not taken
+CND+ 0x7ffaf4fca1b6: not taken
+CND+ 0x7ffaf4fca1c4: not taken
+CND+ 0x7ffaf4fca1c9: not taken
+CND+ 0x7ffaf4fca261: taken
+CND+ 0x7ffaf4fca2a2: taken
+CND+ 0x7ffaf4fca2c7: not taken
+CND+ 0x7ffaf4fca2d5: not taken
+CND+ 0x7ffaf4fca3f1: not taken
+CND+ 0x7ffaf4fca40c: not taken
@0x7ffaf4fca026 to 0x7ffaf8fb9500 7
@0x7ffaf4fca030 to 0x7ffaf4fca036 1
@0x7ffaf4fca040 to 0x7ffaf4fca046 1
@0x7ffaf4fca050 to 0x7ffaf4fca056 1
@0x7ffaf4fca090 to 0x7ffaf4fca096 1
@0x7ffaf4fca0b0 to 0x7ffaf4fca0b6 1
@0x7ffaf4fca0c0 to 0x7ffaf4fca0c6 1
@0x7ffaf4fca0d0 to 0x7ffaf4fca0d6 1
@0x7ffaf4fca0e0 to 0x7ffaf7b1f1c0 1
@0x7ffaf4fca244 to 0x7ffaf7b08fb0 1
@0x7ffaf4fca401 to 0x7ffaf4fca300 1
