MODULE_NAME: /bin/dash
MODULE_START: 0x7f93743b1000
+B+: 0x7f93743b5000 0x7f93743b500f
+B+: 0x7f93743b5012 0x7f93743b5016
+B+: 0x7f93743b5050 0x7f93743b5055
+B+: 0x7f93743b5080 0x7f93743b5085
+B+: 0x7f93743b5090 0x7f93743b5095
+B+: 0x7f93743b50a0 0x7f93743b50a5
+B+: 0x7f93743b50d0 0x7f93743b50d5
+B+: 0x7f93743b50f0 0x7f93743b50f5
+B+: 0x7f93743b5130 0x7f93743b5135
+B+: 0x7f93743b5140 0x7f93743b5145
+B+: 0x7f93743b5150 0x7f93743b5155
+B+: 0x7f93743b5160 0x7f93743b5165
+B+: 0x7f93743b5190 0x7f93743b5195
+B+: 0x7f93743b51c0 0x7f93743b51c5
+B+: 0x7f93743b51e0 0x7f93743b51e5
+B+: 0x7f93743b5220 0x7f93743b5225
+B+: 0x7f93743b5230 0x7f93743b5235
+B+: 0x7f93743b5280 0x7f93743b5285
+B+: 0x7f93743b52a0 0x7f93743b52a5
+B+: 0x7f93743b52d0 0x7f93743b52d5
+B+: 0x7f93743b5320 0x7f93743b5325
+B+: 0x7f93743b5330 0x7f93743b5335
+B+: 0x7f93743b5350 0x7f93743b5355
+B+: 0x7f93743b5370 0x7f93743b5375
+B+: 0x7f93743b5390 0x7f93743b5395
+B+: 0x7f93743b53b0 0x7f93743b53b5
+B+: 0x7f93743b53c0 0x7f93743b53c5
+B+: 0x7f93743b53e0 0x7f93743b53e5
+B+: 0x7f93743b5410 0x7f93743b5415
+B+: 0x7f93743b5460 0x7f93743b5465
+B+: 0x7f93743b5510 0x7f93743b5515
+B+: 0x7f93743b5560 0x7f93743b5565
+B+: 0x7f93743b5570 0x7f93743b5575
+B+: 0x7f93743b5590 0x7f93743b55b8
+B+: 0x7f93743b55b9 0x7f93743b55c4
+B+: 0x7f93743b55c5 0x7f93743b55cf
+B+: 0x7f93743b55d0 0x7f93743b55e7
+B+: 0x7f93743b55e8 0x7f93743b55ef
+B+: 0x7f93743b55f0 0x7f93743b5600
+B+: 0x7f93743b5601 0x7f93743b560b
+B+: 0x7f93743b560c 0x7f93743b5615
+B+: 0x7f93743b5616 0x7f93743b5623
+B+: 0x7f93743b5624 0x7f93743b562b
+B+: 0x7f93743b562c 0x7f93743b563c
+B+: 0x7f93743b5657 0x7f93743b5660
+B+: 0x7f93743b5661 0x7f93743b5678
+B+: 0x7f93743b5679 0x7f93743b567f
+B+: 0x7f93743b5680 0x7f93743b568c
+B+: 0x7f93743b568d 0x7f93743b5696
+B+: 0x7f93743b5697 0x7f93743b569b
+B+: 0x7f93743b5760 0x7f93743b5789
+B+: 0x7f93743b57c0 0x7f93743b57e3
+B+: 0x7f93743b57f8 0x7f93743b57f8
+B+: 0x7f93743b5840 0x7f93743b5844
+B+: 0x7f93743b5850 0x7f93743b5863
+B+: 0x7f93743b5864 0x7f93743b586f
+B+: 0x7f93743b5870 0x7f93743b587d
+B+: 0x7f93743b587e 0x7f93743b58aa
+B+: 0x7f93743b58ab 0x7f93743b58ac
+B+: 0x7f93743b58cb 0x7f93743b58d2
+B+: 0x7f93743b5a50 0x7f93743b5a57
+B+: 0x7f93743b5a58 0x7f93743b5a5e
+B+: 0x7f93743b5a5f 0x7f93743b5a63
+B+: 0x7f93743b5a71 0x7f93743b5a72
+B+: 0x7f93743b66d0 0x7f93743b66eb
+B+: 0x7f93743b66ec 0x7f93743b6705
+B+: 0x7f93743b6717 0x7f93743b671b
+B+: 0x7f93743b671c 0x7f93743b6720
+B+: 0x7f93743b672c 0x7f93743b6730
+B+: 0x7f93743b673e 0x7f93743b674d
+B+: 0x7f93743b674e 0x7f93743b6757
+B+: 0x7f93743b6758 0x7f93743b6775
+B+: 0x7f93743b6780 0x7f93743b6788
+B+: 0x7f93743b6789 0x7f93743b6790
+B+: 0x7f93743b6791 0x7f93743b679c
+B+: 0x7f93743b7060 0x7f93743b707e
+B+: 0x7f93743b710d 0x7f93743b711c
+B+: 0x7f93743b711d 0x7f93743b7123
+B+: 0x7f93743b7140 0x7f93743b714a
+B+: 0x7f93743b714b 0x7f93743b7152
+B+: 0x7f93743b7153 0x7f93743b715d
+B+: 0x7f93743b715e 0x7f93743b716f
+B+: 0x7f93743b7188 0x7f93743b718c
+B+: 0x7f93743b718d 0x7f93743b7191
+B+: 0x7f93743b7192 0x7f93743b719c
+B+: 0x7f93743b71a7 0x7f93743b71ad
+B+: 0x7f93743b71ae 0x7f93743b71b5
+B+: 0x7f93743b71c0 0x7f93743b71cf
+B+: 0x7f93743b7bc0 0x7f93743b7bfa
+B+: 0x7f93743b7bfb 0x7f93743b7c07
+B+: 0x7f93743b7c08 0x7f93743b7c0f
+B+: 0x7f93743b7c10 0x7f93743b7c11
+B+: 0x7f93743b7c18 0x7f93743b7c21
+B+: 0x7f93743b7c22 0x7f93743b7c2e
+B+: 0x7f93743b7c32 0x7f93743b7c39
+B+: 0x7f93743b7c3a 0x7f93743b7c49
+B+: 0x7f93743b7c4a 0x7f93743b7c51
+B+: 0x7f93743b7c52 0x7f93743b7c58
+B+: 0x7f93743b7c59 0x7f93743b7c60
+B+: 0x7f93743b7c61 0x7f93743b7c68
+B+: 0x7f93743b7c69 0x7f93743b7c6d
+B+: 0x7f93743b7c6e 0x7f93743b7c77
+B+: 0x7f93743b7c78 0x7f93743b7c89
+B+: 0x7f93743b7c8a 0x7f93743b7c98
+B+: 0x7f93743b7e90 0x7f93743b7ed3
+B+: 0x7f93743b7edf 0x7f93743b7ef5
+B+: 0x7f93743b7ef6 0x7f93743b7efa
+B+: 0x7f93743b7efb 0x7f93743b7f5a
+B+: 0x7f93743b7f5b 0x7f93743b7f67
+B+: 0x7f93743b7f68 0x7f93743b7f77
+B+: 0x7f93743b7f78 0x7f93743b7f7f
+B+: 0x7f93743b7f80 0x7f93743b7f8b
+B+: 0x7f93743b7f8c 0x7f93743b7f94
+B+: 0x7f93743b7f95 0x7f93743b7f9b
+B+: 0x7f93743b7fa0 0x7f93743b7faf
+B+: 0x7f93743b7fb0 0x7f93743b7fc5
+B+: 0x7f93743b7fc6 0x7f93743b7fcf
+B+: 0x7f93743b7fd0 0x7f93743b7fe3
+B+: 0x7f93743b7fe4 0x7f93743b7ffc
+B+: 0x7f93743b8019 0x7f93743b802b
+B+: 0x7f93743b802c 0x7f93743b8034
+B+: 0x7f93743b8035 0x7f93743b8047
+B+: 0x7f93743b8048 0x7f93743b805b
+B+: 0x7f93743b80a8 0x7f93743b80b4
+B+: 0x7f93743b80b5 0x7f93743b80b9
+B+: 0x7f93743b80db 0x7f93743b80e1
+B+: 0x7f93743b80f0 0x7f93743b8103
+B+: 0x7f93743b8104 0x7f93743b8113
+B+: 0x7f93743b8114 0x7f93743b811b
+B+: 0x7f93743b811c 0x7f93743b8122
+B+: 0x7f93743b8123 0x7f93743b8152
+B+: 0x7f93743b8153 0x7f93743b815f
+B+: 0x7f93743b8160 0x7f93743b8168
+B+: 0x7f93743b8216 0x7f93743b821c
+B+: 0x7f93743b8224 0x7f93743b822d
+B+: 0x7f93743b822e 0x7f93743b8237
+B+: 0x7f93743b8238 0x7f93743b8241
+B+: 0x7f93743b8242 0x7f93743b824b
+B+: 0x7f93743b825d 0x7f93743b8266
+B+: 0x7f93743b8267 0x7f93743b8281
+B+: 0x7f93743b8282 0x7f93743b8293
+B+: 0x7f93743b834c 0x7f93743b8353
+B+: 0x7f93743b8354 0x7f93743b836f
+B+: 0x7f93743b851b 0x7f93743b8525
+B+: 0x7f93743b8526 0x7f93743b852e
+B+: 0x7f93743b852f 0x7f93743b8537
+B+: 0x7f93743b88d0 0x7f93743b88ec
+B+: 0x7f93743b88ed 0x7f93743b88f1
+B+: 0x7f93743b88f8 0x7f93743b88fa
+B+: 0x7f93743b88fb 0x7f93743b8907
+B+: 0x7f93743b8908 0x7f93743b893e
+B+: 0x7f93743b893f 0x7f93743b8940
+B+: 0x7f93743b8963 0x7f93743b8977
+B+: 0x7f93743b8980 0x7f93743b8986
+B+: 0x7f93743b8987 0x7f93743b898e
+B+: 0x7f93743b898f 0x7f93743b8997
+B+: 0x7f93743b8998 0x7f93743b89ba
+B+: 0x7f93743b89bb 0x7f93743b89bc
+B+: 0x7f93743b89c0 0x7f93743b89e7
+B+: 0x7f93743b89e8 0x7f93743b89f7
+B+: 0x7f93743b8a19 0x7f93743b8a21
+B+: 0x7f93743b8a22 0x7f93743b8a2a
+B+: 0x7f93743b8a2b 0x7f93743b8a34
+B+: 0x7f93743b8a35 0x7f93743b8a3f
+B+: 0x7f93743b8ad0 0x7f93743b8ae9
+B+: 0x7f93743b8aea 0x7f93743b8b00
+B+: 0x7f93743b8b10 0x7f93743b8b1f
+B+: 0x7f93743b8b20 0x7f93743b8b2b
+B+: 0x7f93743b8b2c 0x7f93743b8b31
+B+: 0x7f93743b8b32 0x7f93743b8b41
+B+: 0x7f93743b8b56 0x7f93743b8b61
+B+: 0x7f93743b8b62 0x7f93743b8b6f
+B+: 0x7f93743b8b70 0x7f93743b8b85
+B+: 0x7f93743b8b86 0x7f93743b8b97
+B+: 0x7f93743b8b98 0x7f93743b8bc0
+B+: 0x7f93743b8bc8 0x7f93743b8bcc
+B+: 0x7f93743b8bcd 0x7f93743b8bea
+B+: 0x7f93743b8d70 0x7f93743b8d98
+B+: 0x7f93743b8da0 0x7f93743b8da1
+B+: 0x7f93743b8da2 0x7f93743b8daa
+B+: 0x7f93743b8dab 0x7f93743b8dc5
+B+: 0x7f93743b8dc6 0x7f93743b8dc9
+B+: 0x7f93743b8dca 0x7f93743b8dd1
+B+: 0x7f93743b8dd2 0x7f93743b8de6
+B+: 0x7f93743b8df0 0x7f93743b8e2a
+B+: 0x7f93743b8e2b 0x7f93743b8e2f
+B+: 0x7f93743b8e46 0x7f93743b8e5c
+B+: 0x7f93743b8e5d 0x7f93743b8e6e
+B+: 0x7f93743b8e90 0x7f93743b8ead
+B+: 0x7f93743b8ec8 0x7f93743b8ed1
+B+: 0x7f93743b8ed2 0x7f93743b8edd
+B+: 0x7f93743b8f6c 0x7f93743b8f8f
+B+: 0x7f93743b8f90 0x7f93743b8f9c
+B+: 0x7f93743b8f9d 0x7f93743b8fa8
+B+: 0x7f93743b8fa9 0x7f93743b8fb0
+B+: 0x7f93743b8fb1 0x7f93743b8fc5
+B+: 0x7f93743b9008 0x7f93743b9012
+B+: 0x7f93743b9013 0x7f93743b901e
+B+: 0x7f93743b901f 0x7f93743b902e
+B+: 0x7f93743b9060 0x7f93743b9066
+B+: 0x7f93743b9067 0x7f93743b9074
+B+: 0x7f93743b9075 0x7f93743b9086
+B+: 0x7f93743b9087 0x7f93743b908e
+B+: 0x7f93743b908f 0x7f93743b90a2
+B+: 0x7f93743b90a3 0x7f93743b90b0
+B+: 0x7f93743b9100 0x7f93743b9116
+B+: 0x7f93743b9145 0x7f93743b914d
+B+: 0x7f93743b914e 0x7f93743b9157
+B+: 0x7f93743b9160 0x7f93743b9166
+B+: 0x7f93743b91c0 0x7f93743b91d1
+B+: 0x7f93743b91e8 0x7f93743b91ef
+B+: 0x7f93743b9248 0x7f93743b925b
+B+: 0x7f93743b925c 0x7f93743b9271
+B+: 0x7f93743b97d0 0x7f93743b97ff
+B+: 0x7f93743b980f 0x7f93743b9812
+B+: 0x7f93743b9813 0x7f93743b981c
+B+: 0x7f93743b981d 0x7f93743b9820
+B+: 0x7f93743b9821 0x7f93743b982f
+B+: 0x7f93743b9830 0x7f93743b983a
+B+: 0x7f93743b984f 0x7f93743b985a
+B+: 0x7f93743b985f 0x7f93743b9862
+B+: 0x7f93743b9870 0x7f93743b9877
+B+: 0x7f93743b9878 0x7f93743b988d
+B+: 0x7f93743ba440 0x7f93743ba464
+B+: 0x7f93743ba61e 0x7f93743ba627
+B+: 0x7f93743ba628 0x7f93743ba631
+B+: 0x7f93743ba632 0x7f93743ba659
+B+: 0x7f93743ba6af 0x7f93743ba6bc
+B+: 0x7f93743ba6c0 0x7f93743ba6cb
+B+: 0x7f93743ba730 0x7f93743ba73b
+B+: 0x7f93743ba740 0x7f93743ba75e
+B+: 0x7f93743ba75f 0x7f93743ba767
+B+: 0x7f93743ba7d2 0x7f93743ba7e3
+B+: 0x7f93743ba8a0 0x7f93743ba8a7
+B+: 0x7f93743bb260 0x7f93743bb2a5
+B+: 0x7f93743bb2b5 0x7f93743bb2be
+B+: 0x7f93743bb2bf 0x7f93743bb2d2
+B+: 0x7f93743bb2d3 0x7f93743bb2fc
+B+: 0x7f93743bb2fd 0x7f93743bb310
+B+: 0x7f93743bb324 0x7f93743bb328
+B+: 0x7f93743bb336 0x7f93743bb33f
+B+: 0x7f93743bb340 0x7f93743bb344
+B+: 0x7f93743bb370 0x7f93743bb386
+B+: 0x7f93743bb387 0x7f93743bb398
+B+: 0x7f93743bb3a0 0x7f93743bb3b6
+B+: 0x7f93743bb3b7 0x7f93743bb3d7
+B+: 0x7f93743bb3dd 0x7f93743bb3ec
+B+: 0x7f93743bb850 0x7f93743bb886
+B+: 0x7f93743bb887 0x7f93743bb89a
+B+: 0x7f93743bb89b 0x7f93743bb8ad
+B+: 0x7f93743bb8ae 0x7f93743bb8c4
+B+: 0x7f93743bb8c5 0x7f93743bb8d7
+B+: 0x7f93743bb8d8 0x7f93743bb8e7
+B+: 0x7f93743bb8e8 0x7f93743bb90c
+B+: 0x7f93743bb90d 0x7f93743bb915
+B+: 0x7f93743bb924 0x7f93743bb933
+B+: 0x7f93743bb934 0x7f93743bb947
+B+: 0x7f93743bb948 0x7f93743bb954
+B+: 0x7f93743bb955 0x7f93743bb95f
+B+: 0x7f93743bb960 0x7f93743bb964
+B+: 0x7f93743bba6a 0x7f93743bba7c
+B+: 0x7f93743bba7d 0x7f93743bba9c
+B+: 0x7f93743bbba0 0x7f93743bbbad
+B+: 0x7f93743bbbae 0x7f93743bbbe1
+B+: 0x7f93743bbbf0 0x7f93743bbbfb
+B+: 0x7f93743bbdb0 0x7f93743bbdbd
+B+: 0x7f93743bbdbe 0x7f93743bbdca
+B+: 0x7f93743bbdcb 0x7f93743bbde3
+B+: 0x7f93743bbde8 0x7f93743bbdf4
+B+: 0x7f93743bbdf8 0x7f93743bbe04
+B+: 0x7f93743bbe05 0x7f93743bbe12
+B+: 0x7f93743bbe13 0x7f93743bbe1d
+B+: 0x7f93743bbeb4 0x7f93743bbec1
+B+: 0x7f93743bc160 0x7f93743bc174
+B+: 0x7f93743bc175 0x7f93743bc187
+B+: 0x7f93743bc188 0x7f93743bc1a2
+B+: 0x7f93743bc1a3 0x7f93743bc1ac
+B+: 0x7f93743bc1ad 0x7f93743bc1b3
+B+: 0x7f93743bc1d0 0x7f93743bc1e5
+B+: 0x7f93743bc1eb 0x7f93743bc1f3
+B+: 0x7f93743bc205 0x7f93743bc20b
+B+: 0x7f93743bc20c 0x7f93743bc21d
+B+: 0x7f93743bc21e 0x7f93743bc226
+B+: 0x7f93743bc227 0x7f93743bc230
+B+: 0x7f93743bc231 0x7f93743bc232
+B+: 0x7f93743bc240 0x7f93743bc248
+B+: 0x7f93743bc260 0x7f93743bc260
+B+: 0x7f93743bc520 0x7f93743bc534
+B+: 0x7f93743bc572 0x7f93743bc578
+B+: 0x7f93743bc580 0x7f93743bc583
+B+: 0x7f93743bc610 0x7f93743bc656
+B+: 0x7f93743bc65b 0x7f93743bc686
+B+: 0x7f93743bc687 0x7f93743bc69d
+B+: 0x7f93743bc6fc 0x7f93743bc708
+B+: 0x7f93743bc709 0x7f93743bc711
+B+: 0x7f93743bc712 0x7f93743bc72a
+B+: 0x7f93743bc72b 0x7f93743bc73c
+B+: 0x7f93743bc740 0x7f93743bc747
+B+: 0x7f93743bc748 0x7f93743bc75f
+B+: 0x7f93743bc760 0x7f93743bc766
+B+: 0x7f93743bc767 0x7f93743bc780
+B+: 0x7f93743bc790 0x7f93743bc793
+B+: 0x7f93743bc794 0x7f93743bc798
+B+: 0x7f93743bc7a2 0x7f93743bc7aa
+B+: 0x7f93743bc7ab 0x7f93743bc7ae
+B+: 0x7f93743bc7af 0x7f93743bc7bd
+B+: 0x7f93743bc7cb 0x7f93743bc7d3
+B+: 0x7f93743bc825 0x7f93743bc841
+B+: 0x7f93743bc842 0x7f93743bc84d
+B+: 0x7f93743bc87e 0x7f93743bc88e
+B+: 0x7f93743bc88f 0x7f93743bc8a0
+B+: 0x7f93743bc8a1 0x7f93743bc8ad
+B+: 0x7f93743bcc10 0x7f93743bcc30
+B+: 0x7f93743bcc31 0x7f93743bcc58
+B+: 0x7f93743bcc5e 0x7f93743bcc66
+B+: 0x7f93743bcc67 0x7f93743bcc6f
+B+: 0x7f93743bcc78 0x7f93743bcc87
+B+: 0x7f93743bcc88 0x7f93743bcc89
+B+: 0x7f93743bcca0 0x7f93743bccaf
+B+: 0x7f93743bccba 0x7f93743bccc4
+B+: 0x7f93743bcce0 0x7f93743bcce8
+B+: 0x7f93743bd360 0x7f93743bd36b
+B+: 0x7f93743bd480 0x7f93743bd480
+B+: 0x7f93743bd9c0 0x7f93743bd9db
+B+: 0x7f93743bda16 0x7f93743bda32
+B+: 0x7f93743bda33 0x7f93743bda52
+B+: 0x7f93743bda63 0x7f93743bda6a
+B+: 0x7f93743bda90 0x7f93743bdaa6
+B+: 0x7f93743bdaa7 0x7f93743bdaae
+B+: 0x7f93743bdaaf 0x7f93743bdab6
+B+: 0x7f93743bdaf6 0x7f93743bdb01
+B+: 0x7f93743bdb0c 0x7f93743bdb34
+B+: 0x7f93743bdb40 0x7f93743bdb57
+B+: 0x7f93743bdb58 0x7f93743bdb5f
+B+: 0x7f93743bdb60 0x7f93743bdb67
+B+: 0x7f93743bdb68 0x7f93743bdb70
+B+: 0x7f93743bdb71 0x7f93743bdb7a
+B+: 0x7f93743bdb7b 0x7f93743bdb80
+B+: 0x7f93743bdb97 0x7f93743bdb9c
+B+: 0x7f93743bdc0a 0x7f93743bdc3d
+B+: 0x7f93743bdc47 0x7f93743bdc53
+B+: 0x7f93743bded0 0x7f93743bdede
+B+: 0x7f93743bdedf 0x7f93743bdee7
+B+: 0x7f93743bdee8 0x7f93743bdefc
+B+: 0x7f93743bdefd 0x7f93743bdf02
+B+: 0x7f93743bdf03 0x7f93743bdf1b
+B+: 0x7f93743bdf1c 0x7f93743bdf21
+B+: 0x7f93743bdf22 0x7f93743bdf2b
+B+: 0x7f93743bdfc0 0x7f93743bdfc7
+B+: 0x7f93743bdfc8 0x7f93743bdfd0
+B+: 0x7f93743be760 0x7f93743be768
+B+: 0x7f93743be769 0x7f93743be76d
+B+: 0x7f93743be76e 0x7f93743be772
+B+: 0x7f93743be780 0x7f93743be788
+B+: 0x7f93743be789 0x7f93743be78d
+B+: 0x7f93743be78e 0x7f93743be792
+B+: 0x7f93743be7c0 0x7f93743be7d9
+B+: 0x7f93743be7da 0x7f93743be7e6
+B+: 0x7f93743be7f7 0x7f93743be802
+B+: 0x7f93743be803 0x7f93743be80b
+B+: 0x7f93743be80c 0x7f93743be841
+B+: 0x7f93743be842 0x7f93743be84b
+B+: 0x7f93743be84c 0x7f93743be852
+B+: 0x7f93743be853 0x7f93743be875
+B+: 0x7f93743be880 0x7f93743be88e
+B+: 0x7f93743be8b0 0x7f93743be8c8
+B+: 0x7f93743be900 0x7f93743be941
+B+: 0x7f93743be950 0x7f93743be966
+B+: 0x7f93743be967 0x7f93743be97e
+B+: 0x7f93743be97f 0x7f93743be98a
+B+: 0x7f93743be98b 0x7f93743be9b3
+B+: 0x7f93743be9b4 0x7f93743be9bd
+B+: 0x7f93743be9be 0x7f93743be9bf
+B+: 0x7f93743be9d0 0x7f93743be9e8
+B+: 0x7f93743be9e9 0x7f93743bea14
+B+: 0x7f93743bea1e 0x7f93743bea25
+B+: 0x7f93743bea26 0x7f93743bea33
+B+: 0x7f93743bea34 0x7f93743bea46
+B+: 0x7f93743beae0 0x7f93743beafe
+B+: 0x7f93743beaff 0x7f93743beb0c
+B+: 0x7f93743beb0d 0x7f93743beb1b
+B+: 0x7f93743beb1c 0x7f93743beb2c
+B+: 0x7f93743beb40 0x7f93743beb62
+B+: 0x7f93743beb98 0x7f93743beba9
+B+: 0x7f93743bf6d0 0x7f93743bf6f4
+B+: 0x7f93743bf6f5 0x7f93743bf70d
+B+: 0x7f93743bf70e 0x7f93743bf712
+B+: 0x7f93743bf713 0x7f93743bf71e
+B+: 0x7f93743bf71f 0x7f93743bf723
+B+: 0x7f93743bf724 0x7f93743bf728
+B+: 0x7f93743bf729 0x7f93743bf730
+B+: 0x7f93743bf73c 0x7f93743bf749
+B+: 0x7f93743bf74a 0x7f93743bf74d
+B+: 0x7f93743bf74e 0x7f93743bf760
+B+: 0x7f93743bf761 0x7f93743bf76b
+B+: 0x7f93743bf790 0x7f93743bf79d
+B+: 0x7f93743bf79e 0x7f93743bf7a5
+B+: 0x7f93743bf7a6 0x7f93743bf7a7
+B+: 0x7f93743bf890 0x7f93743bf89d
+B+: 0x7f93743bf89e 0x7f93743bf8a9
+B+: 0x7f93743bf8aa 0x7f93743bf8bd
+B+: 0x7f93743bf8c0 0x7f93743bf8ca
+B+: 0x7f93743bf8d0 0x7f93743bf8ef
+B+: 0x7f93743bf8f0 0x7f93743bf8f4
+B+: 0x7f93743bf8f5 0x7f93743bf90c
+B+: 0x7f93743bf90d 0x7f93743bf910
+B+: 0x7f93743bf911 0x7f93743bf912
+B+: 0x7f93743bf913 0x7f93743bf91b
+B+: 0x7f93743bf91c 0x7f93743bf930
+B+: 0x7f93743bf938 0x7f93743bf93c
+B+: 0x7f93743bf980 0x7f93743bf98f
+B+: 0x7f93743bf990 0x7f93743bf99b
+B+: 0x7f93743bf99c 0x7f93743bf9ab
+B+: 0x7f93743bfa80 0x7f93743bfa93
+B+: 0x7f93743bfa94 0x7f93743bfaac
+B+: 0x7f93743bfaad 0x7f93743bfabf
+B+: 0x7f93743bfac0 0x7f93743bfada
+B+: 0x7f93743bfadb 0x7f93743bfae3
+B+: 0x7f93743bfaec 0x7f93743bfaf8
+B+: 0x7f93743bfaf9 0x7f93743bfb02
+B+: 0x7f93743bfb03 0x7f93743bfb06
+B+: 0x7f93743bfb07 0x7f93743bfb1a
+B+: 0x7f93743bfc49 0x7f93743bfc55
+B+: 0x7f93743bfc56 0x7f93743bfc67
+B+: 0x7f93743bfc82 0x7f93743bfc93
+B+: 0x7f93743bfd77 0x7f93743bfd82
+B+: 0x7f93743bfda0 0x7f93743bfdb2
+B+: 0x7f93743bfdb3 0x7f93743bfddf
+B+: 0x7f93743bfde0 0x7f93743bfdeb
+B+: 0x7f93743bfdec 0x7f93743bfdfc
+B+: 0x7f93743bfdfd 0x7f93743bfe18
+B+: 0x7f93743bfe19 0x7f93743bfe25
+B+: 0x7f93743bfe26 0x7f93743bfe2e
+B+: 0x7f93743bfe2f 0x7f93743bfe3f
+B+: 0x7f93743bfe40 0x7f93743bfe44
+B+: 0x7f93743bfe45 0x7f93743bfe50
+B+: 0x7f93743bfe51 0x7f93743bfe5d
+B+: 0x7f93743bfe5e 0x7f93743bfe77
+B+: 0x7f93743bfece 0x7f93743bfed2
+B+: 0x7f93743bfed3 0x7f93743bfede
+B+: 0x7f93743bfee0 0x7f93743bfeec
+B+: 0x7f93743bff60 0x7f93743bff7c
+B+: 0x7f93743c0120 0x7f93743c0128
+B+: 0x7f93743c0129 0x7f93743c0147
+B+: 0x7f93743c0750 0x7f93743c075e
+B+: 0x7f93743c075f 0x7f93743c0763
+B+: 0x7f93743c0764 0x7f93743c0770
+B+: 0x7f93743c0771 0x7f93743c0777
+B+: 0x7f93743c0778 0x7f93743c0783
+B+: 0x7f93743c0784 0x7f93743c0788
+B+: 0x7f93743c0789 0x7f93743c078d
+B+: 0x7f93743c078e 0x7f93743c0796
+B+: 0x7f93743c0797 0x7f93743c079e
+B+: 0x7f93743c0890 0x7f93743c0892
+B+: 0x7f93743c08a7 0x7f93743c08ab
+B+: 0x7f93743c08ac 0x7f93743c08b2
+B+: 0x7f93743c08b3 0x7f93743c08b6
+B+: 0x7f93743c08d0 0x7f93743c08e1
+B+: 0x7f93743c08e2 0x7f93743c08e6
+B+: 0x7f93743c08e7 0x7f93743c08eb
+B+: 0x7f93743c08ec 0x7f93743c08f1
+B+: 0x7f93743c08f2 0x7f93743c08fa
+B+: 0x7f93743c08fb 0x7f93743c08fc
+B+: 0x7f93743c0940 0x7f93743c0948
+B+: 0x7f93743c0949 0x7f93743c0951
+B+: 0x7f93743c0980 0x7f93743c0988
+B+: 0x7f93743c0989 0x7f93743c098a
+B+: 0x7f93743c098b 0x7f93743c0991
+B+: 0x7f93743c0992 0x7f93743c09a2
+B+: 0x7f93743c09a8 0x7f93743c09ac
+B+: 0x7f93743c09eb 0x7f93743c0a00
+B+: 0x7f93743c0a08 0x7f93743c0a10
+B+: 0x7f93743c0af0 0x7f93743c0b11
+B+: 0x7f93743c0b12 0x7f93743c0b16
+B+: 0x7f93743c0b17 0x7f93743c0b1d
+B+: 0x7f93743c0b1e 0x7f93743c0b26
+B+: 0x7f93743c0b27 0x7f93743c0b34
+B+: 0x7f93743c0b35 0x7f93743c0b3c
+B+: 0x7f93743c0b3d 0x7f93743c0b49
+B+: 0x7f93743c0b4a 0x7f93743c0b5a
+B+: 0x7f93743c0b5b 0x7f93743c0b63
+B+: 0x7f93743c0b7f 0x7f93743c0b93
+B+: 0x7f93743c0b94 0x7f93743c0b9c
+B+: 0x7f93743c0be0 0x7f93743c0bf7
+B+: 0x7f93743c0bf8 0x7f93743c0c00
+B+: 0x7f93743c0c1b 0x7f93743c0c2b
+B+: 0x7f93743c0d40 0x7f93743c0d5e
+B+: 0x7f93743c0d5f 0x7f93743c0d6d
+B+: 0x7f93743c0d6e 0x7f93743c0d72
+B+: 0x7f93743c0d7d 0x7f93743c0d90
+B+: 0x7f93743c0d91 0x7f93743c0d95
+B+: 0x7f93743c0d96 0x7f93743c0d9a
+B+: 0x7f93743c0da0 0x7f93743c0da4
+B+: 0x7f93743c0dd5 0x7f93743c0dd9
+B+: 0x7f93743c0dda 0x7f93743c0dde
+B+: 0x7f93743c0df0 0x7f93743c0dfb
+B+: 0x7f93743c0dfc 0x7f93743c0e07
+B+: 0x7f93743c0e08 0x7f93743c0e10
+B+: 0x7f93743c0e2c 0x7f93743c0e30
+B+: 0x7f93743c0e31 0x7f93743c0e36
+B+: 0x7f93743c0e41 0x7f93743c0e45
+B+: 0x7f93743c0e46 0x7f93743c0e54
+B+: 0x7f93743c0e55 0x7f93743c0e5d
+B+: 0x7f93743c0e5e 0x7f93743c0e62
+B+: 0x7f93743c0e63 0x7f93743c0e74
+B+: 0x7f93743c0e78 0x7f93743c0e84
+B+: 0x7f93743c0ea0 0x7f93743c0ea4
+B+: 0x7f93743c0ef0 0x7f93743c0f03
+B+: 0x7f93743c0f40 0x7f93743c0f76
+B+: 0x7f93743c0f77 0x7f93743c0f82
+B+: 0x7f93743c0f83 0x7f93743c0f92
+B+: 0x7f93743c101b 0x7f93743c1031
+B+: 0x7f93743c1032 0x7f93743c1040
+B+: 0x7f93743c1075 0x7f93743c10b8
+B+: 0x7f93743c10b9 0x7f93743c10c3
+B+: 0x7f93743c10c4 0x7f93743c10cc
+B+: 0x7f93743c10cd 0x7f93743c10d5
+B+: 0x7f93743c10d6 0x7f93743c10de
+B+: 0x7f93743c10df 0x7f93743c1106
+B+: 0x7f93743c1107 0x7f93743c1133
+B+: 0x7f93743c1578 0x7f93743c1581
+B+: 0x7f93743c1582 0x7f93743c15a8
+B+: 0x7f93743c15a9 0x7f93743c15b6
+B+: 0x7f93743c15d0 0x7f93743c15e0
+B+: 0x7f93743c15e1 0x7f93743c15ee
+B+: 0x7f93743c15ef 0x7f93743c15f3
+B+: 0x7f93743c1670 0x7f93743c167e
+B+: 0x7f93743c167f 0x7f93743c1683
+B+: 0x7f93743c1684 0x7f93743c1692
+B+: 0x7f93743c1693 0x7f93743c169a
+B+: 0x7f93743c169b 0x7f93743c16a2
+B+: 0x7f93743c16a3 0x7f93743c16b7
+B+: 0x7f93743c1790 0x7f93743c17bc
+B+: 0x7f93743c17bd 0x7f93743c17d4
+B+: 0x7f93743c17e0 0x7f93743c183a
+B+: 0x7f93743c183b 0x7f93743c1875
+B+: 0x7f93743c1876 0x7f93743c1893
+B+: 0x7f93743c1894 0x7f93743c18a3
+B+: 0x7f93743c18a4 0x7f93743c18b0
+B+: 0x7f93743c19b4 0x7f93743c19b8
+B+: 0x7f93743c19b9 0x7f93743c19cf
+B+: 0x7f93743c19d0 0x7f93743c19dc
+B+: 0x7f93743c19dd 0x7f93743c19ef
+B+: 0x7f93743c19f0 0x7f93743c19f7
+B+: 0x7f93743c1a01 0x7f93743c1a16
+B+: 0x7f93743c1a28 0x7f93743c1a3d
+B+: 0x7f93743c1a3e 0x7f93743c1a4d
+B+: 0x7f93743c1a79 0x7f93743c1a97
+B+: 0x7f93743c1a98 0x7f93743c1ac0
+B+: 0x7f93743c1ac1 0x7f93743c1acf
+B+: 0x7f93743c2148 0x7f93743c2154
+B+: 0x7f93743c2155 0x7f93743c2174
+B+: 0x7f93743c2175 0x7f93743c217f
+B+: 0x7f93743c21ac 0x7f93743c21b0
+B+: 0x7f93743c21b1 0x7f93743c21b5
+B+: 0x7f93743c2a40 0x7f93743c2a64
+B+: 0x7f93743c2b10 0x7f93743c2b1a
+B+: 0x7f93743c2b40 0x7f93743c2b47
+B+: 0x7f93743c2b48 0x7f93743c2b51
+B+: 0x7f93743c2b58 0x7f93743c2b60
+B+: 0x7f93743c2b61 0x7f93743c2b6a
+B+: 0x7f93743c2b88 0x7f93743c2b8c
+B+: 0x7f93743c2b8d 0x7f93743c2b94
+B+: 0x7f93743c2ba0 0x7f93743c2ba4
+B+: 0x7f93743c2d00 0x7f93743c2d30
+B+: 0x7f93743c2e3f 0x7f93743c2e55
+B+: 0x7f93743c2e56 0x7f93743c2e67
+B+: 0x7f93743c31e0 0x7f93743c3222
+B+: 0x7f93743c3223 0x7f93743c3228
+B+: 0x7f93743c324c 0x7f93743c3260
+B+: 0x7f93743c3261 0x7f93743c3269
+B+: 0x7f93743c3270 0x7f93743c3279
+B+: 0x7f93743c3288 0x7f93743c32a0
+B+: 0x7f93743c32a1 0x7f93743c32ba
+B+: 0x7f93743c32bb 0x7f93743c32bc
+B+: 0x7f93743c32d0 0x7f93743c32d8
+B+: 0x7f93743c32f8 0x7f93743c32f8
+B+: 0x7f93743c3300 0x7f93743c330c
+B+: 0x7f93743c333f 0x7f93743c3343
+B+: 0x7f93743c3380 0x7f93743c3384
+B+: 0x7f93743c33d0 0x7f93743c33e3
+B+: 0x7f93743c3400 0x7f93743c3400
+B+: 0x7f93743c3420 0x7f93743c345b
+B+: 0x7f93743c3467 0x7f93743c3471
+B+: 0x7f93743c3472 0x7f93743c3489
+B+: 0x7f93743c348a 0x7f93743c348d
+B+: 0x7f93743c348e 0x7f93743c3494
+B+: 0x7f93743c3495 0x7f93743c349d
+B+: 0x7f93743c349e 0x7f93743c34a9
+B+: 0x7f93743c34aa 0x7f93743c34c2
+B+: 0x7f93743c34c3 0x7f93743c34ce
+B+: 0x7f93743c34cf 0x7f93743c34e5
+B+: 0x7f93743c34e6 0x7f93743c34f5
+B+: 0x7f93743c3500 0x7f93743c350e
+B+: 0x7f93743c350f 0x7f93743c3513
+B+: 0x7f93743c3514 0x7f93743c351e
+B+: 0x7f93743c3540 0x7f93743c3549
+B+: 0x7f93743c354a 0x7f93743c354e
+B+: 0x7f93743c354f 0x7f93743c3560
+B+: 0x7f93743c3568 0x7f93743c3577
+B+: 0x7f93743c3580 0x7f93743c3589
+B+: 0x7f93743c35a8 0x7f93743c35bb
+B+: 0x7f93743c35c0 0x7f93743c35ce
+B+: 0x7f93743c35cf 0x7f93743c35dc
+B+: 0x7f93743c36f0 0x7f93743c36fd
+B+: 0x7f93743c37a0 0x7f93743c37a0
+B+: 0x7f93743c37b0 0x7f93743c37ba
+B+: 0x7f93743c37bb 0x7f93743c37ce
+B+: 0x7f93743c37cf 0x7f93743c37d8
+B+: 0x7f93743c37d9 0x7f93743c37e6
+B+: 0x7f93743c3800 0x7f93743c382d
+B+: 0x7f93743c382e 0x7f93743c3831
+B+: 0x7f93743c3832 0x7f93743c3847
+B+: 0x7f93743c3864 0x7f93743c386b
+B+: 0x7f93743c386c 0x7f93743c386f
+B+: 0x7f93743c3870 0x7f93743c3876
+B+: 0x7f93743c3877 0x7f93743c387b
+B+: 0x7f93743c387c 0x7f93743c3886
+B+: 0x7f93743c3ae0 0x7f93743c3b01
+B+: 0x7f93743c3b02 0x7f93743c3b0a
+B+: 0x7f93743c3b0b 0x7f93743c3b14
+B+: 0x7f93743c3b15 0x7f93743c3b19
+B+: 0x7f93743c3c00 0x7f93743c3c19
+B+: 0x7f93743c3c51 0x7f93743c3c8e
+B+: 0x7f93743c3c8f 0x7f93743c3c9e
+B+: 0x7f93743c3c9f 0x7f93743c3ca6
+B+: 0x7f93743c3df0 0x7f93743c3dfb
+B+: 0x7f93743c3e20 0x7f93743c3e20
+B+: 0x7f93743c3e30 0x7f93743c3e38
+B+: 0x7f93743c5940 0x7f93743c594b
+B+: 0x7f93743c594c 0x7f93743c5957
+B+: 0x7f93743c5958 0x7f93743c5964
+B+: 0x7f93743c5965 0x7f93743c5969
+B+: 0x7f93743c596a 0x7f93743c596f
+B+: 0x7f93743c5970 0x7f93743c5976
+B+: 0x7f93743c5980 0x7f93743c5987
+B+: 0x7f93743c5988 0x7f93743c598c
+B+: 0x7f93743c598d 0x7f93743c599b
+B+: 0x7f93743c599c 0x7f93743c59a0
+B+: 0x7f93743c59a1 0x7f93743c59a8
+B+: 0x7f93743c59a9 0x7f93743c59ad
+B+: 0x7f93743c59ae 0x7f93743c59b8
+B+: 0x7f93743c59b9 0x7f93743c59b9
+B+: 0x7f93743c59c0 0x7f93743c59c5
+B+: 0x7f93743c59c6 0x7f93743c59c9
+B+: 0x7f93743c59d0 0x7f93743c59d0
+B+: 0x7f93743c59d1 0x7f93743c59d5
+B+: 0x7f93743c59d6 0x7f93743c59d9
+B+: 0x7f93743c59e0 0x7f93743c59ff
+B+: 0x7f93743c5a00 0x7f93743c5a11
+B+: 0x7f93743c5a12 0x7f93743c5a16
+B+: 0x7f93743c5a20 0x7f93743c5a22
+B+: 0x7f93743c5a23 0x7f93743c5a2f
+B+: 0x7f93743c5a30 0x7f93743c5a33
+B+: 0x7f93743c5a34 0x7f93743c5a5d
+B+: 0x7f93743c5a5e 0x7f93743c5a62
+B+: 0x7f93743c5a63 0x7f93743c5a82
+B+: 0x7f93743c5ac0 0x7f93743c5ade
+B+: 0x7f93743c5adf 0x7f93743c5ae3
+B+: 0x7f93743c5ae4 0x7f93743c5ae8
+B+: 0x7f93743c5af0 0x7f93743c5af2
+B+: 0x7f93743c5af3 0x7f93743c5aff
+B+: 0x7f93743c5b00 0x7f93743c5b03
+B+: 0x7f93743c5b04 0x7f93743c5b3e
+B+: 0x7f93743c5b3f 0x7f93743c5b49
+B+: 0x7f93743c5b4a 0x7f93743c5b57
+B+: 0x7f93743c5b58 0x7f93743c5b5d
+B+: 0x7f93743c5b5e 0x7f93743c5b66
+B+: 0x7f93743c5b67 0x7f93743c5b70
+B+: 0x7f93743c5b71 0x7f93743c5b7a
+B+: 0x7f93743c5b7b 0x7f93743c5b9a
+B+: 0x7f93743c5b9b 0x7f93743c5ba3
+B+: 0x7f93743c5ba4 0x7f93743c5bbd
+B+: 0x7f93743c5bc0 0x7f93743c5bc5
+B+: 0x7f93743c5bc6 0x7f93743c5bcf
+B+: 0x7f93743c5bd0 0x7f93743c5bd9
+B+: 0x7f93743c5bda 0x7f93743c5bf7
+B+: 0x7f93743c5c08 0x7f93743c5c14
+B+: 0x7f93743c5c15 0x7f93743c5c1b
+B+: 0x7f93743c5c1c 0x7f93743c5c29
+B+: 0x7f93743c5cb0 0x7f93743c5cca
+B+: 0x7f93743c5ccb 0x7f93743c5cda
+B+: 0x7f93743c5cdb 0x7f93743c5ce6
+B+: 0x7f93743c5ce7 0x7f93743c5cef
+B+: 0x7f93743c5cf0 0x7f93743c5cf4
+B+: 0x7f93743c5cf5 0x7f93743c5cfc
+B+: 0x7f93743c5cfd 0x7f93743c5d10
+B+: 0x7f93743c5d11 0x7f93743c5d21
+B+: 0x7f93743c5d22 0x7f93743c5d26
+B+: 0x7f93743c5d27 0x7f93743c5d38
+B+: 0x7f93743c5d39 0x7f93743c5d4b
+B+: 0x7f93743c5d4c 0x7f93743c5d54
+B+: 0x7f93743c5d55 0x7f93743c5d5e
+B+: 0x7f93743c5d5f 0x7f93743c5d6d
+B+: 0x7f93743c5ea0 0x7f93743c5eb6
+B+: 0x7f93743c5eb7 0x7f93743c5ebb
+B+: 0x7f93743c5ebc 0x7f93743c5ec0
+B+: 0x7f93743c5ec8 0x7f93743c5ecb
+B+: 0x7f93743c5ecc 0x7f93743c5ed9
+B+: 0x7f93743c5eda 0x7f93743c5edd
+B+: 0x7f93743c5ede 0x7f93743c5f06
+B+: 0x7f93743c5f07 0x7f93743c5f10
+B+: 0x7f93743c5f11 0x7f93743c5f16
+B+: 0x7f93743c5f17 0x7f93743c5f24
+B+: 0x7f93743c5f25 0x7f93743c5f2d
+B+: 0x7f93743c6440 0x7f93743c646b
+B+: 0x7f93743c646c 0x7f93743c6470
+B+: 0x7f93743c6471 0x7f93743c6475
+B+: 0x7f93743c6536 0x7f93743c653e
+B+: 0x7f93743c653f 0x7f93743c6548
+B+: 0x7f93743c6549 0x7f93743c6551
+B+: 0x7f93743c65d0 0x7f93743c65e4
+B+: 0x7f93743c65e5 0x7f93743c6606
+B+: 0x7f93743c6607 0x7f93743c6610
+B+: 0x7f93743c6611 0x7f93743c6618
+B+: 0x7f93743c6640 0x7f93743c6648
+B+: 0x7f93743c6649 0x7f93743c6656
+B+: 0x7f93743c6657 0x7f93743c665f
+B+: 0x7f93743c6660 0x7f93743c6661
+B+: 0x7f93743c6760 0x7f93743c67aa
+B+: 0x7f93743c67ab 0x7f93743c67af
+B+: 0x7f93743c67b0 0x7f93743c67be
+B+: 0x7f93743c67c8 0x7f93743c67d3
+B+: 0x7f93743c67d4 0x7f93743c67d8
+B+: 0x7f93743c67d9 0x7f93743c67e0
+B+: 0x7f93743c67e1 0x7f93743c67e5
+B+: 0x7f93743c67e6 0x7f93743c67f3
+B+: 0x7f93743c67f4 0x7f93743c67fb
+B+: 0x7f93743c6800 0x7f93743c6810
+B+: 0x7f93743c6811 0x7f93743c6815
+B+: 0x7f93743c6816 0x7f93743c6832
+B+: 0x7f93743c6833 0x7f93743c6843
+B+: 0x7f93743c6844 0x7f93743c684f
+B+: 0x7f93743c6850 0x7f93743c6857
+B+: 0x7f93743c6858 0x7f93743c685c
+B+: 0x7f93743c685d 0x7f93743c6868
+B+: 0x7f93743c6869 0x7f93743c687b
+B+: 0x7f93743c687c 0x7f93743c6884
+B+: 0x7f93743c6888 0x7f93743c6897
+B+: 0x7f93743c6898 0x7f93743c689b
+B+: 0x7f93743c689c 0x7f93743c68b4
+B+: 0x7f93743c68b5 0x7f93743c68b8
+B+: 0x7f93743c68b9 0x7f93743c68c6
+B+: 0x7f93743c68c7 0x7f93743c68d5
+B+: 0x7f93743c6dc0 0x7f93743c6dec
+B+: 0x7f93743c6ded 0x7f93743c6df2
+B+: 0x7f93743c6df3 0x7f93743c6e04
+B+: 0x7f93743c6e05 0x7f93743c6e0d
+B+: 0x7f93743c6e0e 0x7f93743c6e1c
+CND+ 0x7f93743b500e: taken
+CND+ 0x7f93743b55ea: not taken
+CND+ 0x7f93743b5626: not taken
+CND+ 0x7f93743b563b: taken
+CND+ 0x7f93743b5673: not taken
+CND+ 0x7f93743b5687: not taken
+CND+ 0x7f93743b5695: not taken
+CND+ 0x7f93743b57e2: taken
+CND+ 0x7f93743b5862: not taken
+CND+ 0x7f93743b587c: both
+CND+ 0x7f93743b58a9: not taken
+CND+ 0x7f93743b5a5d: not taken
+CND+ 0x7f93743b5a62: taken
+CND+ 0x7f93743b66e6: not taken
+CND+ 0x7f93743b6704: taken
+CND+ 0x7f93743b671a: not taken
+CND+ 0x7f93743b671f: taken
+CND+ 0x7f93743b672f: taken
+CND+ 0x7f93743b674c: not taken
+CND+ 0x7f93743b6756: not taken
+CND+ 0x7f93743b678f: not taken
+CND+ 0x7f93743b679b: taken
+CND+ 0x7f93743b7079: taken
+CND+ 0x7f93743b711b: not taken
+CND+ 0x7f93743b7149: not taken
+CND+ 0x7f93743b7158: not taken
+CND+ 0x7f93743b7190: not taken
+CND+ 0x7f93743b71ce: taken
+CND+ 0x7f93743b7c20: not taken
+CND+ 0x7f93743b7c2d: taken
+CND+ 0x7f93743b7c48: not taken
+CND+ 0x7f93743b7c5f: both
+CND+ 0x7f93743b7c88: not taken
+CND+ 0x7f93743b7ed2: taken
+CND+ 0x7f93743b7f55: not taken
+CND+ 0x7f93743b7f7e: not taken
+CND+ 0x7f93743b7f8a: not taken
+CND+ 0x7f93743b7f93: both
+CND+ 0x7f93743b7fc4: not taken
+CND+ 0x7f93743b7fe2: both
+CND+ 0x7f93743b7ffb: taken
+CND+ 0x7f93743b805a: taken
+CND+ 0x7f93743b80af: not taken
+CND+ 0x7f93743b80b8: taken
+CND+ 0x7f93743b80e0: taken
+CND+ 0x7f93743b8116: not taken
+CND+ 0x7f93743b815a: not taken
+CND+ 0x7f93743b8163: taken
+CND+ 0x7f93743b821b: taken
+CND+ 0x7f93743b824a: taken
+CND+ 0x7f93743b827c: not taken
+CND+ 0x7f93743b836a: taken
+CND+ 0x7f93743b8520: not taken
+CND+ 0x7f93743b8529: not taken
+CND+ 0x7f93743b8532: taken
+CND+ 0x7f93743b88eb: not taken
+CND+ 0x7f93743b8906: both
+CND+ 0x7f93743b893d: not taken
+CND+ 0x7f93743b8985: both
+CND+ 0x7f93743b89f6: taken
+CND+ 0x7f93743b8a20: both
+CND+ 0x7f93743b8a29: not taken
+CND+ 0x7f93743b8a33: not taken
+CND+ 0x7f93743b8ae4: not taken
+CND+ 0x7f93743b8afb: taken
+CND+ 0x7f93743b8b2a: both
+CND+ 0x7f93743b8b30: both
+CND+ 0x7f93743b8b40: taken
+CND+ 0x7f93743b8b60: not taken
+CND+ 0x7f93743b8b96: not taken
+CND+ 0x7f93743b8be5: taken
+CND+ 0x7f93743b8da0: not taken
+CND+ 0x7f93743b8da9: not taken
+CND+ 0x7f93743b8dc8: both
+CND+ 0x7f93743b8dd0: both
+CND+ 0x7f93743b8e2e: taken
+CND+ 0x7f93743b8e57: not taken
+CND+ 0x7f93743b8eac: taken
+CND+ 0x7f93743b8ed8: taken
+CND+ 0x7f93743b8fa3: not taken
+CND+ 0x7f93743b8fc0: taken
+CND+ 0x7f93743b9019: not taken
+CND+ 0x7f93743b9065: not taken
+CND+ 0x7f93743b906f: not taken
+CND+ 0x7f93743b9089: both
+CND+ 0x7f93743b909d: not taken
+CND+ 0x7f93743b90ab: taken
+CND+ 0x7f93743b914c: not taken
+CND+ 0x7f93743b9156: taken
+CND+ 0x7f93743b91cc: taken
+CND+ 0x7f93743b91ee: taken
+CND+ 0x7f93743b9811: both
+CND+ 0x7f93743b981b: not taken
+CND+ 0x7f93743b981f: not taken
+CND+ 0x7f93743b9839: taken
+CND+ 0x7f93743b9859: taken
+CND+ 0x7f93743b9861: taken
+CND+ 0x7f93743ba45f: taken
+CND+ 0x7f93743ba626: not taken
+CND+ 0x7f93743ba6ca: taken
+CND+ 0x7f93743ba762: taken
+CND+ 0x7f93743bb2a4: taken
+CND+ 0x7f93743bb2bd: not taken
+CND+ 0x7f93743bb2cd: not taken
+CND+ 0x7f93743bb30f: taken
+CND+ 0x7f93743bb327: taken
+CND+ 0x7f93743bb33a: not taken
+CND+ 0x7f93743bb343: taken
+CND+ 0x7f93743bb381: not taken
+CND+ 0x7f93743bb3d6: taken
+CND+ 0x7f93743bb3e7: taken
+CND+ 0x7f93743bb895: not taken
+CND+ 0x7f93743bb8a8: not taken
+CND+ 0x7f93743bb8d2: not taken
+CND+ 0x7f93743bb907: not taken
+CND+ 0x7f93743bb942: taken
+CND+ 0x7f93743bb953: not taken
+CND+ 0x7f93743bb963: taken
+CND+ 0x7f93743bba7b: not taken
+CND+ 0x7f93743bbdbc: both
+CND+ 0x7f93743bbdc9: both
+CND+ 0x7f93743bbe03: not taken
+CND+ 0x7f93743bbe0d: not taken
+CND+ 0x7f93743bbe18: taken
+CND+ 0x7f93743bc1a1: not taken
+CND+ 0x7f93743bc1ab: not taken
+CND+ 0x7f93743bc1e4: taken
+CND+ 0x7f93743bc1f2: taken
+CND+ 0x7f93743bc20a: not taken
+CND+ 0x7f93743bc225: not taken
+CND+ 0x7f93743bc22f: not taken
+CND+ 0x7f93743bc247: taken
+CND+ 0x7f93743bc533: taken
+CND+ 0x7f93743bc582: taken
+CND+ 0x7f93743bc655: taken
+CND+ 0x7f93743bc698: taken
+CND+ 0x7f93743bc703: not taken
+CND+ 0x7f93743bc70c: taken
+CND+ 0x7f93743bc725: not taken
+CND+ 0x7f93743bc742: not taken
+CND+ 0x7f93743bc75a: not taken
+CND+ 0x7f93743bc765: not taken
+CND+ 0x7f93743bc792: not taken
+CND+ 0x7f93743bc797: taken
+CND+ 0x7f93743bc7a9: taken
+CND+ 0x7f93743bc7ad: not taken
+CND+ 0x7f93743bc7bc: taken
+CND+ 0x7f93743bc7ce: taken
+CND+ 0x7f93743bc848: taken
+CND+ 0x7f93743bc889: not taken
+CND+ 0x7f93743bc89b: not taken
+CND+ 0x7f93743bc8a8: taken
+CND+ 0x7f93743bcc2f: not taken
+CND+ 0x7f93743bcc57: taken
+CND+ 0x7f93743bcc65: not taken
+CND+ 0x7f93743bcc6e: taken
+CND+ 0x7f93743bcc86: not taken
+CND+ 0x7f93743bccae: taken
+CND+ 0x7f93743bd366: taken
+CND+ 0x7f93743bd9d6: taken
+CND+ 0x7f93743bda31: not taken
+CND+ 0x7f93743bda51: taken
+CND+ 0x7f93743bdaad: not taken
+CND+ 0x7f93743bdab5: taken
+CND+ 0x7f93743bdb00: taken
+CND+ 0x7f93743bdb5a: not taken
+CND+ 0x7f93743bdb62: not taken
+CND+ 0x7f93743bdb6b: not taken
+CND+ 0x7f93743bdb75: not taken
+CND+ 0x7f93743bdb7f: taken
+CND+ 0x7f93743bdb9b: taken
+CND+ 0x7f93743bdc3c: taken
+CND+ 0x7f93743bded9: not taken
+CND+ 0x7f93743bdee6: not taken
+CND+ 0x7f93743bdf01: not taken
+CND+ 0x7f93743bdf1a: not taken
+CND+ 0x7f93743bdf20: not taken
+CND+ 0x7f93743bdf26: taken
+CND+ 0x7f93743be76c: not taken
+CND+ 0x7f93743be78c: not taken
+CND+ 0x7f93743be7d8: both
+CND+ 0x7f93743be7e1: taken
+CND+ 0x7f93743be806: not taken
+CND+ 0x7f93743be840: not taken
+CND+ 0x7f93743be84a: not taken
+CND+ 0x7f93743be965: both
+CND+ 0x7f93743be989: not taken
+CND+ 0x7f93743be9b2: not taken
+CND+ 0x7f93743be9bc: not taken
+CND+ 0x7f93743be9e3: not taken
+CND+ 0x7f93743bea13: taken
+CND+ 0x7f93743beafd: not taken
+CND+ 0x7f93743beb1a: not taken
+CND+ 0x7f93743beb61: taken
+CND+ 0x7f93743bf711: not taken
+CND+ 0x7f93743bf71d: not taken
+CND+ 0x7f93743bf722: not taken
+CND+ 0x7f93743bf748: not taken
+CND+ 0x7f93743bf74c: not taken
+CND+ 0x7f93743bf75f: not taken
+CND+ 0x7f93743bf7a4: not taken
+CND+ 0x7f93743bf8f3: both
+CND+ 0x7f93743bf90f: both
+CND+ 0x7f93743bf911: not taken
+CND+ 0x7f93743bf91a: taken
+CND+ 0x7f93743bfa92: not taken
+CND+ 0x7f93743bfaba: not taken
+CND+ 0x7f93743bfad5: both
+CND+ 0x7f93743bfade: taken
+CND+ 0x7f93743bfaf7: not taken
+CND+ 0x7f93743bfb01: not taken
+CND+ 0x7f93743bfb05: not taken
+CND+ 0x7f93743bfb19: taken
+CND+ 0x7f93743bfc50: not taken
+CND+ 0x7f93743bfc62: taken
+CND+ 0x7f93743bfdb1: not taken
+CND+ 0x7f93743bfdea: both
+CND+ 0x7f93743bfe13: not taken
+CND+ 0x7f93743bfe20: taken
+CND+ 0x7f93743bfe2d: not taken
+CND+ 0x7f93743bfe43: not taken
+CND+ 0x7f93743bfe4f: both
+CND+ 0x7f93743bfe58: not taken
+CND+ 0x7f93743bfe72: taken
+CND+ 0x7f93743bfee7: taken
+CND+ 0x7f93743c075d: both
+CND+ 0x7f93743c076f: not taken
+CND+ 0x7f93743c0782: both
+CND+ 0x7f93743c0787: both
+CND+ 0x7f93743c0795: both
+CND+ 0x7f93743c08b1: not taken
+CND+ 0x7f93743c08dc: not taken
+CND+ 0x7f93743c08ea: not taken
+CND+ 0x7f93743c08ec: both
+CND+ 0x7f93743c08f5: not taken
+CND+ 0x7f93743c08fb: taken
+CND+ 0x7f93743c0943: not taken
+CND+ 0x7f93743c094c: taken
+CND+ 0x7f93743c0983: not taken
+CND+ 0x7f93743c0989: both
+CND+ 0x7f93743c0990: not taken
+CND+ 0x7f93743c09ab: taken
+CND+ 0x7f93743c0a0b: taken
+CND+ 0x7f93743c0b10: both
+CND+ 0x7f93743c0b1c: not taken
+CND+ 0x7f93743c0b21: both
+CND+ 0x7f93743c0b2f: not taken
+CND+ 0x7f93743c0b37: both
+CND+ 0x7f93743c0b44: both
+CND+ 0x7f93743c0b5e: taken
+CND+ 0x7f93743c0b92: both
+CND+ 0x7f93743c0b9b: taken
+CND+ 0x7f93743c0bfb: taken
+CND+ 0x7f93743c0d68: both
+CND+ 0x7f93743c0d71: taken
+CND+ 0x7f93743c0d8b: not taken
+CND+ 0x7f93743c0da3: taken
+CND+ 0x7f93743c0ddd: taken
+CND+ 0x7f93743c0e02: not taken
+CND+ 0x7f93743c0e0b: taken
+CND+ 0x7f93743c0e2f: not taken
+CND+ 0x7f93743c0e35: taken
+CND+ 0x7f93743c0e4f: not taken
+CND+ 0x7f93743c0e58: both
+CND+ 0x7f93743c0f7d: not taken
+CND+ 0x7f93743c102c: not taken
+CND+ 0x7f93743c10c7: not taken
+CND+ 0x7f93743c10d0: both
+CND+ 0x7f93743c10d9: not taken
+CND+ 0x7f93743c15a7: both
+CND+ 0x7f93743c15ed: not taken
+CND+ 0x7f93743c15f2: taken
+CND+ 0x7f93743c1682: not taken
+CND+ 0x7f93743c16a1: not taken
+CND+ 0x7f93743c17bb: not taken
+CND+ 0x7f93743c1835: not taken
+CND+ 0x7f93743c1870: not taken
+CND+ 0x7f93743c188e: not taken
+CND+ 0x7f93743c189e: not taken
+CND+ 0x7f93743c19ca: both
+CND+ 0x7f93743c19ea: taken
+CND+ 0x7f93743c19f6: taken
+CND+ 0x7f93743c1a15: taken
+CND+ 0x7f93743c1a38: not taken
+CND+ 0x7f93743c1a48: taken
+CND+ 0x7f93743c1abb: not taken
+CND+ 0x7f93743c214f: not taken
+CND+ 0x7f93743c216f: not taken
+CND+ 0x7f93743c217e: taken
+CND+ 0x7f93743c2a5f: taken
+CND+ 0x7f93743c2b46: not taken
+CND+ 0x7f93743c2b50: taken
+CND+ 0x7f93743c2b69: taken
+CND+ 0x7f93743c2b93: taken
+CND+ 0x7f93743c2d2b: taken
+CND+ 0x7f93743c2e50: not taken
+CND+ 0x7f93743c3227: taken
+CND+ 0x7f93743c325f: not taken
+CND+ 0x7f93743c3278: taken
+CND+ 0x7f93743c32b9: not taken
+CND+ 0x7f93743c32d7: taken
+CND+ 0x7f93743c330b: taken
+CND+ 0x7f93743c3383: taken
+CND+ 0x7f93743c33e2: taken
+CND+ 0x7f93743c3456: taken
+CND+ 0x7f93743c3488: both
+CND+ 0x7f93743c348c: not taken
+CND+ 0x7f93743c3493: not taken
+CND+ 0x7f93743c3498: both
+CND+ 0x7f93743c34e0: not taken
+CND+ 0x7f93743c3512: not taken
+CND+ 0x7f93743c3519: taken
+CND+ 0x7f93743c3548: not taken
+CND+ 0x7f93743c354d: not taken
+CND+ 0x7f93743c35c9: not taken
+CND+ 0x7f93743c35d7: taken
+CND+ 0x7f93743c36f8: taken
+CND+ 0x7f93743c37b9: not taken
+CND+ 0x7f93743c3830: not taken
+CND+ 0x7f93743c3846: taken
+CND+ 0x7f93743c386e: not taken
+CND+ 0x7f93743c3b09: not taken
+CND+ 0x7f93743c3b13: not taken
+CND+ 0x7f93743c3c18: taken
+CND+ 0x7f93743c3c9d: not taken
+CND+ 0x7f93743c3dfa: taken
+CND+ 0x7f93743c5946: both
+CND+ 0x7f93743c5963: both
+CND+ 0x7f93743c5968: not taken
+CND+ 0x7f93743c596e: not taken
+CND+ 0x7f93743c5986: not taken
+CND+ 0x7f93743c598b: both
+CND+ 0x7f93743c599a: both
+CND+ 0x7f93743c599f: both
+CND+ 0x7f93743c59ac: both
+CND+ 0x7f93743c59b7: both
+CND+ 0x7f93743c59c4: not taken
+CND+ 0x7f93743c5a10: not taken
+CND+ 0x7f93743c5a15: taken
+CND+ 0x7f93743c5a2e: both
+CND+ 0x7f93743c5a32: both
+CND+ 0x7f93743c5a5c: both
+CND+ 0x7f93743c5add: not taken
+CND+ 0x7f93743c5ae2: not taken
+CND+ 0x7f93743c5afe: not taken
+CND+ 0x7f93743c5b02: both
+CND+ 0x7f93743c5b48: both
+CND+ 0x7f93743c5b52: not taken
+CND+ 0x7f93743c5b5c: not taken
+CND+ 0x7f93743c5b65: both
+CND+ 0x7f93743c5b6b: taken
+CND+ 0x7f93743c5b75: not taken
+CND+ 0x7f93743c5b95: not taken
+CND+ 0x7f93743c5ba2: not taken
+CND+ 0x7f93743c5bc4: not taken
+CND+ 0x7f93743c5bce: not taken
+CND+ 0x7f93743c5bf6: taken
+CND+ 0x7f93743c5c24: taken
+CND+ 0x7f93743c5ce1: not taken
+CND+ 0x7f93743c5cea: not taken
+CND+ 0x7f93743c5cf3: not taken
+CND+ 0x7f93743c5d25: not taken
+CND+ 0x7f93743c5d53: not taken
+CND+ 0x7f93743c5d5d: not taken
+CND+ 0x7f93743c5eb5: not taken
+CND+ 0x7f93743c5eba: not taken
+CND+ 0x7f93743c5ed8: both
+CND+ 0x7f93743c5edc: taken
+CND+ 0x7f93743c5f0f: not taken
+CND+ 0x7f93743c5f15: not taken
+CND+ 0x7f93743c646f: not taken
+CND+ 0x7f93743c653d: not taken
+CND+ 0x7f93743c6547: not taken
+CND+ 0x7f93743c6605: not taken
+CND+ 0x7f93743c660f: not taken
+CND+ 0x7f93743c6647: not taken
+CND+ 0x7f93743c665e: not taken
+CND+ 0x7f93743c67bd: taken
+CND+ 0x7f93743c67d2: taken
+CND+ 0x7f93743c67df: not taken
+CND+ 0x7f93743c67e4: both
+CND+ 0x7f93743c67fa: taken
+CND+ 0x7f93743c6856: not taken
+CND+ 0x7f93743c685b: taken
+CND+ 0x7f93743c687a: not taken
+CND+ 0x7f93743c689a: not taken
+CND+ 0x7f93743c68b7: not taken
+CND+ 0x7f93743c68c5: not taken
+CND+ 0x7f93743c68d4: taken
+CND+ 0x7f93743c6df1: not taken
+CND+ 0x7f93743c6e0c: not taken
@0x7f93743b5784 to 0x7f9377e8dfb0 1
@0x7f93743c6e01 to 0x7f93743b5840 1
@0x7f93743c355f to 0x7f93743c3580 1
@0x7f93743c355f to 0x7f93743c35c0 1
@0x7f93743c355f to 0x7f93743c35a8 2
@0x7f93743c18af to 0x7f93743c1a01 180
@0x7f93743c18af to 0x7f93743c19f0 10
@0x7f93743c18af to 0x7f93743c1a28 1
@0x7f93743c5c19 to 0x7f93743b97d0 1
@0x7f93743c5c19 to 0x7f93743c0120 1
@0x7f93743b5050 to 0x7f9377eeea30 4
@0x7f93743b5080 to 0x7f9377e8e330 2
@0x7f93743b5090 to 0x7f9377f30710 1
@0x7f93743b50a0 to 0x7f9377f06e70 5
@0x7f93743b50d0 to 0x7f9377ea1a20 7
@0x7f93743b50f0 to 0x7f9377fc5800 4
@0x7f93743b5130 to 0x7f9377f311e0 1
@0x7f93743b5140 to 0x7f9377ea5c10 1
@0x7f93743b5150 to 0x7f9377f53800 4
@0x7f93743b5160 to 0x7f9377f30230 1
@0x7f93743b5190 to 0x7f9377fc5bc0 8
@0x7f93743b51c0 to 0x7f9377f31200 1
@0x7f93743b51e0 to 0x7f9377fc55d0 1
@0x7f93743b5220 to 0x7f9377f31210 2
@0x7f93743b5230 to 0x7f9377f54b10 1
@0x7f93743b716e to 0x7f93743b71c0 1
@0x7f93743b5280 to 0x7f9377fc0d10 11
@0x7f93743b52a0 to 0x7f9377ea1450 4
@0x7f93743b71ac to 0x7f93743b7e90 1
@0x7f93743b52d0 to 0x7f9377fc1100 9
@0x7f93743b5320 to 0x7f9377ea20f0 4
@0x7f93743b5330 to 0x7f9377fc6100 6
@0x7f93743b5350 to 0x7f9377f31220 1
@0x7f93743b5370 to 0x7f9377f53800 2
@0x7f93743b5390 to 0x7f9377eee3e0 23
@0x7f93743b53b0 to 0x7f9377f31230 1
@0x7f93743b53c0 to 0x7f9377fc0e90 22
@0x7f93743b53e0 to 0x7f9377f71ba0 1
@0x7f93743b5410 to 0x7f9377eeec80 1
@0x7f93743b5460 to 0x7f9377fc60e0 13
@0x7f93743b5510 to 0x7f9377f311f0 1
@0x7f93743b5560 to 0x7f9377f304e0 1
@0x7f93743b5570 to 0x7f9377e9a580 191
@0x7f93743c0f91 to 0x7f93743c1075 1
