MODULE_NAME: /bin/dash
MODULE_START: 0x7f262dcc8000
+B+: 0x7f262dccc000 0x7f262dccc00f
+B+: 0x7f262dccc012 0x7f262dccc016
+B+: 0x7f262dccc050 0x7f262dccc055
+B+: 0x7f262dccc080 0x7f262dccc085
+B+: 0x7f262dccc090 0x7f262dccc095
+B+: 0x7f262dccc0a0 0x7f262dccc0a5
+B+: 0x7f262dccc0d0 0x7f262dccc0d5
+B+: 0x7f262dccc0f0 0x7f262dccc0f5
+B+: 0x7f262dccc130 0x7f262dccc135
+B+: 0x7f262dccc140 0x7f262dccc145
+B+: 0x7f262dccc150 0x7f262dccc155
+B+: 0x7f262dccc160 0x7f262dccc165
+B+: 0x7f262dccc190 0x7f262dccc195
+B+: 0x7f262dccc1c0 0x7f262dccc1c5
+B+: 0x7f262dccc1e0 0x7f262dccc1e5
+B+: 0x7f262dccc220 0x7f262dccc225
+B+: 0x7f262dccc230 0x7f262dccc235
+B+: 0x7f262dccc280 0x7f262dccc285
+B+: 0x7f262dccc2a0 0x7f262dccc2a5
+B+: 0x7f262dccc2d0 0x7f262dccc2d5
+B+: 0x7f262dccc320 0x7f262dccc325
+B+: 0x7f262dccc330 0x7f262dccc335
+B+: 0x7f262dccc350 0x7f262dccc355
+B+: 0x7f262dccc370 0x7f262dccc375
+B+: 0x7f262dccc390 0x7f262dccc395
+B+: 0x7f262dccc3b0 0x7f262dccc3b5
+B+: 0x7f262dccc3c0 0x7f262dccc3c5
+B+: 0x7f262dccc3e0 0x7f262dccc3e5
+B+: 0x7f262dccc410 0x7f262dccc415
+B+: 0x7f262dccc460 0x7f262dccc465
+B+: 0x7f262dccc510 0x7f262dccc515
+B+: 0x7f262dccc560 0x7f262dccc565
+B+: 0x7f262dccc570 0x7f262dccc575
+B+: 0x7f262dccc590 0x7f262dccc5b8
+B+: 0x7f262dccc5b9 0x7f262dccc5c4
+B+: 0x7f262dccc5c5 0x7f262dccc5cf
+B+: 0x7f262dccc5d0 0x7f262dccc5e7
+B+: 0x7f262dccc5e8 0x7f262dccc5ef
+B+: 0x7f262dccc5f0 0x7f262dccc600
+B+: 0x7f262dccc601 0x7f262dccc60b
+B+: 0x7f262dccc60c 0x7f262dccc615
+B+: 0x7f262dccc616 0x7f262dccc623
+B+: 0x7f262dccc624 0x7f262dccc62b
+B+: 0x7f262dccc62c 0x7f262dccc63c
+B+: 0x7f262dccc657 0x7f262dccc660
+B+: 0x7f262dccc661 0x7f262dccc678
+B+: 0x7f262dccc679 0x7f262dccc67f
+B+: 0x7f262dccc680 0x7f262dccc68c
+B+: 0x7f262dccc68d 0x7f262dccc696
+B+: 0x7f262dccc697 0x7f262dccc69b
+B+: 0x7f262dccc760 0x7f262dccc789
+B+: 0x7f262dccc7c0 0x7f262dccc7e3
+B+: 0x7f262dccc7f8 0x7f262dccc7f8
+B+: 0x7f262dccc840 0x7f262dccc844
+B+: 0x7f262dccc850 0x7f262dccc863
+B+: 0x7f262dccc864 0x7f262dccc86f
+B+: 0x7f262dccc870 0x7f262dccc87d
+B+: 0x7f262dccc87e 0x7f262dccc8aa
+B+: 0x7f262dccc8ab 0x7f262dccc8ac
+B+: 0x7f262dccc8cb 0x7f262dccc8d2
+B+: 0x7f262dccca50 0x7f262dccca57
+B+: 0x7f262dccca58 0x7f262dccca5e
+B+: 0x7f262dccca5f 0x7f262dccca63
+B+: 0x7f262dccca71 0x7f262dccca72
+B+: 0x7f262dccd6d0 0x7f262dccd6eb
+B+: 0x7f262dccd6ec 0x7f262dccd705
+B+: 0x7f262dccd717 0x7f262dccd71b
+B+: 0x7f262dccd71c 0x7f262dccd720
+B+: 0x7f262dccd72c 0x7f262dccd730
+B+: 0x7f262dccd73e 0x7f262dccd74d
+B+: 0x7f262dccd74e 0x7f262dccd757
+B+: 0x7f262dccd758 0x7f262dccd775
+B+: 0x7f262dccd780 0x7f262dccd788
+B+: 0x7f262dccd789 0x7f262dccd790
+B+: 0x7f262dccd791 0x7f262dccd79c
+B+: 0x7f262dcce060 0x7f262dcce07e
+B+: 0x7f262dcce10d 0x7f262dcce11c
+B+: 0x7f262dcce11d 0x7f262dcce123
+B+: 0x7f262dcce140 0x7f262dcce14a
+B+: 0x7f262dcce14b 0x7f262dcce152
+B+: 0x7f262dcce153 0x7f262dcce15d
+B+: 0x7f262dcce15e 0x7f262dcce16f
+B+: 0x7f262dcce188 0x7f262dcce18c
+B+: 0x7f262dcce18d 0x7f262dcce191
+B+: 0x7f262dcce192 0x7f262dcce19c
+B+: 0x7f262dcce1a7 0x7f262dcce1ad
+B+: 0x7f262dcce1ae 0x7f262dcce1b5
+B+: 0x7f262dcce1c0 0x7f262dcce1cf
+B+: 0x7f262dccebc0 0x7f262dccebfa
+B+: 0x7f262dccebfb 0x7f262dccec07
+B+: 0x7f262dccec08 0x7f262dccec0f
+B+: 0x7f262dccec10 0x7f262dccec11
+B+: 0x7f262dccec18 0x7f262dccec21
+B+: 0x7f262dccec22 0x7f262dccec2e
+B+: 0x7f262dccec32 0x7f262dccec39
+B+: 0x7f262dccec3a 0x7f262dccec49
+B+: 0x7f262dccec4a 0x7f262dccec51
+B+: 0x7f262dccec52 0x7f262dccec58
+B+: 0x7f262dccec59 0x7f262dccec60
+B+: 0x7f262dccec61 0x7f262dccec68
+B+: 0x7f262dccec69 0x7f262dccec6d
+B+: 0x7f262dccec6e 0x7f262dccec77
+B+: 0x7f262dccec78 0x7f262dccec89
+B+: 0x7f262dccec8a 0x7f262dccec98
+B+: 0x7f262dccee90 0x7f262dcceed3
+B+: 0x7f262dcceedf 0x7f262dcceef5
+B+: 0x7f262dcceef6 0x7f262dcceefa
+B+: 0x7f262dcceefb 0x7f262dccef5a
+B+: 0x7f262dccef5b 0x7f262dccef67
+B+: 0x7f262dccef68 0x7f262dccef77
+B+: 0x7f262dccef78 0x7f262dccef7f
+B+: 0x7f262dccef80 0x7f262dccef8b
+B+: 0x7f262dccef8c 0x7f262dccef94
+B+: 0x7f262dccef95 0x7f262dccef9b
+B+: 0x7f262dccefa0 0x7f262dccefaf
+B+: 0x7f262dccefb0 0x7f262dccefc5
+B+: 0x7f262dccefc6 0x7f262dccefcf
+B+: 0x7f262dccefd0 0x7f262dccefe3
+B+: 0x7f262dccefe4 0x7f262dcceffc
+B+: 0x7f262dccf019 0x7f262dccf02b
+B+: 0x7f262dccf02c 0x7f262dccf034
+B+: 0x7f262dccf035 0x7f262dccf047
+B+: 0x7f262dccf048 0x7f262dccf05b
+B+: 0x7f262dccf0a8 0x7f262dccf0b4
+B+: 0x7f262dccf0b5 0x7f262dccf0b9
+B+: 0x7f262dccf0db 0x7f262dccf0e1
+B+: 0x7f262dccf0f0 0x7f262dccf103
+B+: 0x7f262dccf104 0x7f262dccf113
+B+: 0x7f262dccf114 0x7f262dccf11b
+B+: 0x7f262dccf11c 0x7f262dccf122
+B+: 0x7f262dccf123 0x7f262dccf152
+B+: 0x7f262dccf153 0x7f262dccf15f
+B+: 0x7f262dccf160 0x7f262dccf168
+B+: 0x7f262dccf216 0x7f262dccf21c
+B+: 0x7f262dccf224 0x7f262dccf22d
+B+: 0x7f262dccf22e 0x7f262dccf237
+B+: 0x7f262dccf238 0x7f262dccf241
+B+: 0x7f262dccf242 0x7f262dccf24b
+B+: 0x7f262dccf25d 0x7f262dccf266
+B+: 0x7f262dccf267 0x7f262dccf281
+B+: 0x7f262dccf282 0x7f262dccf293
+B+: 0x7f262dccf34c 0x7f262dccf353
+B+: 0x7f262dccf354 0x7f262dccf36f
+B+: 0x7f262dccf51b 0x7f262dccf525
+B+: 0x7f262dccf526 0x7f262dccf52e
+B+: 0x7f262dccf52f 0x7f262dccf537
+B+: 0x7f262dccf8d0 0x7f262dccf8ec
+B+: 0x7f262dccf8ed 0x7f262dccf8f1
+B+: 0x7f262dccf8f8 0x7f262dccf8fa
+B+: 0x7f262dccf8fb 0x7f262dccf907
+B+: 0x7f262dccf908 0x7f262dccf93e
+B+: 0x7f262dccf93f 0x7f262dccf940
+B+: 0x7f262dccf963 0x7f262dccf977
+B+: 0x7f262dccf980 0x7f262dccf986
+B+: 0x7f262dccf987 0x7f262dccf98e
+B+: 0x7f262dccf98f 0x7f262dccf997
+B+: 0x7f262dccf998 0x7f262dccf9ba
+B+: 0x7f262dccf9bb 0x7f262dccf9bc
+B+: 0x7f262dccf9c0 0x7f262dccf9e7
+B+: 0x7f262dccf9e8 0x7f262dccf9f7
+B+: 0x7f262dccfa19 0x7f262dccfa21
+B+: 0x7f262dccfa22 0x7f262dccfa2a
+B+: 0x7f262dccfa2b 0x7f262dccfa34
+B+: 0x7f262dccfa35 0x7f262dccfa3f
+B+: 0x7f262dccfad0 0x7f262dccfae9
+B+: 0x7f262dccfaea 0x7f262dccfb00
+B+: 0x7f262dccfb10 0x7f262dccfb1f
+B+: 0x7f262dccfb20 0x7f262dccfb2b
+B+: 0x7f262dccfb2c 0x7f262dccfb31
+B+: 0x7f262dccfb32 0x7f262dccfb41
+B+: 0x7f262dccfb56 0x7f262dccfb61
+B+: 0x7f262dccfb62 0x7f262dccfb6f
+B+: 0x7f262dccfb70 0x7f262dccfb85
+B+: 0x7f262dccfb86 0x7f262dccfb97
+B+: 0x7f262dccfb98 0x7f262dccfbc0
+B+: 0x7f262dccfbc8 0x7f262dccfbcc
+B+: 0x7f262dccfbcd 0x7f262dccfbea
+B+: 0x7f262dccfd70 0x7f262dccfd98
+B+: 0x7f262dccfda0 0x7f262dccfda1
+B+: 0x7f262dccfda2 0x7f262dccfdaa
+B+: 0x7f262dccfdab 0x7f262dccfdc5
+B+: 0x7f262dccfdc6 0x7f262dccfdc9
+B+: 0x7f262dccfdca 0x7f262dccfdd1
+B+: 0x7f262dccfdd2 0x7f262dccfde6
+B+: 0x7f262dccfdf0 0x7f262dccfe2a
+B+: 0x7f262dccfe2b 0x7f262dccfe2f
+B+: 0x7f262dccfe46 0x7f262dccfe5c
+B+: 0x7f262dccfe5d 0x7f262dccfe6e
+B+: 0x7f262dccfe90 0x7f262dccfead
+B+: 0x7f262dccfec8 0x7f262dccfed1
+B+: 0x7f262dccfed2 0x7f262dccfedd
+B+: 0x7f262dccff6c 0x7f262dccff8f
+B+: 0x7f262dccff90 0x7f262dccff9c
+B+: 0x7f262dccff9d 0x7f262dccffa8
+B+: 0x7f262dccffa9 0x7f262dccffb0
+B+: 0x7f262dccffb1 0x7f262dccffc5
+B+: 0x7f262dcd0008 0x7f262dcd0012
+B+: 0x7f262dcd0013 0x7f262dcd001e
+B+: 0x7f262dcd001f 0x7f262dcd002e
+B+: 0x7f262dcd0060 0x7f262dcd0066
+B+: 0x7f262dcd0067 0x7f262dcd0074
+B+: 0x7f262dcd0075 0x7f262dcd0086
+B+: 0x7f262dcd0087 0x7f262dcd008e
+B+: 0x7f262dcd008f 0x7f262dcd00a2
+B+: 0x7f262dcd00a3 0x7f262dcd00b0
+B+: 0x7f262dcd0100 0x7f262dcd0116
+B+: 0x7f262dcd0145 0x7f262dcd014d
+B+: 0x7f262dcd014e 0x7f262dcd0157
+B+: 0x7f262dcd0160 0x7f262dcd0166
+B+: 0x7f262dcd01c0 0x7f262dcd01d1
+B+: 0x7f262dcd01e8 0x7f262dcd01ef
+B+: 0x7f262dcd0248 0x7f262dcd025b
+B+: 0x7f262dcd025c 0x7f262dcd0271
+B+: 0x7f262dcd07d0 0x7f262dcd07ff
+B+: 0x7f262dcd080f 0x7f262dcd0812
+B+: 0x7f262dcd0813 0x7f262dcd081c
+B+: 0x7f262dcd081d 0x7f262dcd0820
+B+: 0x7f262dcd0821 0x7f262dcd082f
+B+: 0x7f262dcd0830 0x7f262dcd083a
+B+: 0x7f262dcd084f 0x7f262dcd085a
+B+: 0x7f262dcd085f 0x7f262dcd0862
+B+: 0x7f262dcd0870 0x7f262dcd0877
+B+: 0x7f262dcd0878 0x7f262dcd088d
+B+: 0x7f262dcd1440 0x7f262dcd1464
+B+: 0x7f262dcd161e 0x7f262dcd1627
+B+: 0x7f262dcd1628 0x7f262dcd1631
+B+: 0x7f262dcd1632 0x7f262dcd1659
+B+: 0x7f262dcd16af 0x7f262dcd16bc
+B+: 0x7f262dcd16c0 0x7f262dcd16cb
+B+: 0x7f262dcd1730 0x7f262dcd173b
+B+: 0x7f262dcd1740 0x7f262dcd175e
+B+: 0x7f262dcd175f 0x7f262dcd1767
+B+: 0x7f262dcd17d2 0x7f262dcd17e3
+B+: 0x7f262dcd18a0 0x7f262dcd18a7
+B+: 0x7f262dcd2260 0x7f262dcd22a5
+B+: 0x7f262dcd22b5 0x7f262dcd22be
+B+: 0x7f262dcd22bf 0x7f262dcd22d2
+B+: 0x7f262dcd22d3 0x7f262dcd22fc
+B+: 0x7f262dcd22fd 0x7f262dcd2310
+B+: 0x7f262dcd2324 0x7f262dcd2328
+B+: 0x7f262dcd2336 0x7f262dcd233f
+B+: 0x7f262dcd2340 0x7f262dcd2344
+B+: 0x7f262dcd2370 0x7f262dcd2386
+B+: 0x7f262dcd2387 0x7f262dcd2398
+B+: 0x7f262dcd23a0 0x7f262dcd23b6
+B+: 0x7f262dcd23b7 0x7f262dcd23d7
+B+: 0x7f262dcd23dd 0x7f262dcd23ec
+B+: 0x7f262dcd2850 0x7f262dcd2886
+B+: 0x7f262dcd2887 0x7f262dcd289a
+B+: 0x7f262dcd289b 0x7f262dcd28ad
+B+: 0x7f262dcd28ae 0x7f262dcd28c4
+B+: 0x7f262dcd28c5 0x7f262dcd28d7
+B+: 0x7f262dcd28d8 0x7f262dcd28e7
+B+: 0x7f262dcd28e8 0x7f262dcd290c
+B+: 0x7f262dcd290d 0x7f262dcd2915
+B+: 0x7f262dcd2924 0x7f262dcd2933
+B+: 0x7f262dcd2934 0x7f262dcd2947
+B+: 0x7f262dcd2948 0x7f262dcd2954
+B+: 0x7f262dcd2955 0x7f262dcd295f
+B+: 0x7f262dcd2960 0x7f262dcd2964
+B+: 0x7f262dcd2a6a 0x7f262dcd2a7c
+B+: 0x7f262dcd2a7d 0x7f262dcd2a9c
+B+: 0x7f262dcd2ba0 0x7f262dcd2bad
+B+: 0x7f262dcd2bae 0x7f262dcd2be1
+B+: 0x7f262dcd2bf0 0x7f262dcd2bfb
+B+: 0x7f262dcd2db0 0x7f262dcd2dbd
+B+: 0x7f262dcd2dbe 0x7f262dcd2dca
+B+: 0x7f262dcd2dcb 0x7f262dcd2de3
+B+: 0x7f262dcd2de8 0x7f262dcd2df4
+B+: 0x7f262dcd2df8 0x7f262dcd2e04
+B+: 0x7f262dcd2e05 0x7f262dcd2e12
+B+: 0x7f262dcd2e13 0x7f262dcd2e1d
+B+: 0x7f262dcd2eb4 0x7f262dcd2ec1
+B+: 0x7f262dcd3160 0x7f262dcd3174
+B+: 0x7f262dcd3175 0x7f262dcd3187
+B+: 0x7f262dcd3188 0x7f262dcd31a2
+B+: 0x7f262dcd31a3 0x7f262dcd31ac
+B+: 0x7f262dcd31ad 0x7f262dcd31b3
+B+: 0x7f262dcd31d0 0x7f262dcd31e5
+B+: 0x7f262dcd31eb 0x7f262dcd31f3
+B+: 0x7f262dcd3205 0x7f262dcd320b
+B+: 0x7f262dcd320c 0x7f262dcd321d
+B+: 0x7f262dcd321e 0x7f262dcd3226
+B+: 0x7f262dcd3227 0x7f262dcd3230
+B+: 0x7f262dcd3231 0x7f262dcd3232
+B+: 0x7f262dcd3240 0x7f262dcd3248
+B+: 0x7f262dcd3260 0x7f262dcd3260
+B+: 0x7f262dcd3520 0x7f262dcd3534
+B+: 0x7f262dcd3572 0x7f262dcd3578
+B+: 0x7f262dcd3580 0x7f262dcd3583
+B+: 0x7f262dcd3610 0x7f262dcd3656
+B+: 0x7f262dcd365b 0x7f262dcd3686
+B+: 0x7f262dcd3687 0x7f262dcd369d
+B+: 0x7f262dcd36fc 0x7f262dcd3708
+B+: 0x7f262dcd3709 0x7f262dcd3711
+B+: 0x7f262dcd3712 0x7f262dcd372a
+B+: 0x7f262dcd372b 0x7f262dcd373c
+B+: 0x7f262dcd3740 0x7f262dcd3747
+B+: 0x7f262dcd3748 0x7f262dcd375f
+B+: 0x7f262dcd3760 0x7f262dcd3766
+B+: 0x7f262dcd3767 0x7f262dcd3780
+B+: 0x7f262dcd3790 0x7f262dcd3793
+B+: 0x7f262dcd3794 0x7f262dcd3798
+B+: 0x7f262dcd37a2 0x7f262dcd37aa
+B+: 0x7f262dcd37ab 0x7f262dcd37ae
+B+: 0x7f262dcd37af 0x7f262dcd37bd
+B+: 0x7f262dcd37cb 0x7f262dcd37d3
+B+: 0x7f262dcd3825 0x7f262dcd3841
+B+: 0x7f262dcd3842 0x7f262dcd384d
+B+: 0x7f262dcd387e 0x7f262dcd388e
+B+: 0x7f262dcd388f 0x7f262dcd38a0
+B+: 0x7f262dcd38a1 0x7f262dcd38ad
+B+: 0x7f262dcd3c10 0x7f262dcd3c30
+B+: 0x7f262dcd3c31 0x7f262dcd3c58
+B+: 0x7f262dcd3c5e 0x7f262dcd3c66
+B+: 0x7f262dcd3c67 0x7f262dcd3c6f
+B+: 0x7f262dcd3c78 0x7f262dcd3c87
+B+: 0x7f262dcd3c88 0x7f262dcd3c89
+B+: 0x7f262dcd3ca0 0x7f262dcd3caf
+B+: 0x7f262dcd3cba 0x7f262dcd3cc4
+B+: 0x7f262dcd3ce0 0x7f262dcd3ce8
+B+: 0x7f262dcd4360 0x7f262dcd436b
+B+: 0x7f262dcd4480 0x7f262dcd4480
+B+: 0x7f262dcd49c0 0x7f262dcd49db
+B+: 0x7f262dcd4a16 0x7f262dcd4a32
+B+: 0x7f262dcd4a33 0x7f262dcd4a52
+B+: 0x7f262dcd4a63 0x7f262dcd4a6a
+B+: 0x7f262dcd4a90 0x7f262dcd4aa6
+B+: 0x7f262dcd4aa7 0x7f262dcd4aae
+B+: 0x7f262dcd4aaf 0x7f262dcd4ab6
+B+: 0x7f262dcd4af6 0x7f262dcd4b01
+B+: 0x7f262dcd4b0c 0x7f262dcd4b34
+B+: 0x7f262dcd4b40 0x7f262dcd4b57
+B+: 0x7f262dcd4b58 0x7f262dcd4b5f
+B+: 0x7f262dcd4b60 0x7f262dcd4b67
+B+: 0x7f262dcd4b68 0x7f262dcd4b70
+B+: 0x7f262dcd4b71 0x7f262dcd4b7a
+B+: 0x7f262dcd4b7b 0x7f262dcd4b80
+B+: 0x7f262dcd4b97 0x7f262dcd4b9c
+B+: 0x7f262dcd4c0a 0x7f262dcd4c3d
+B+: 0x7f262dcd4c47 0x7f262dcd4c53
+B+: 0x7f262dcd4ed0 0x7f262dcd4ede
+B+: 0x7f262dcd4edf 0x7f262dcd4ee7
+B+: 0x7f262dcd4ee8 0x7f262dcd4efc
+B+: 0x7f262dcd4efd 0x7f262dcd4f02
+B+: 0x7f262dcd4f03 0x7f262dcd4f1b
+B+: 0x7f262dcd4f1c 0x7f262dcd4f21
+B+: 0x7f262dcd4f22 0x7f262dcd4f2b
+B+: 0x7f262dcd4fc0 0x7f262dcd4fc7
+B+: 0x7f262dcd4fc8 0x7f262dcd4fd0
+B+: 0x7f262dcd5760 0x7f262dcd5768
+B+: 0x7f262dcd5769 0x7f262dcd576d
+B+: 0x7f262dcd576e 0x7f262dcd5772
+B+: 0x7f262dcd5780 0x7f262dcd5788
+B+: 0x7f262dcd5789 0x7f262dcd578d
+B+: 0x7f262dcd578e 0x7f262dcd5792
+B+: 0x7f262dcd57c0 0x7f262dcd57d9
+B+: 0x7f262dcd57da 0x7f262dcd57e6
+B+: 0x7f262dcd57f7 0x7f262dcd5802
+B+: 0x7f262dcd5803 0x7f262dcd580b
+B+: 0x7f262dcd580c 0x7f262dcd5841
+B+: 0x7f262dcd5842 0x7f262dcd584b
+B+: 0x7f262dcd584c 0x7f262dcd5852
+B+: 0x7f262dcd5853 0x7f262dcd5875
+B+: 0x7f262dcd5880 0x7f262dcd588e
+B+: 0x7f262dcd58b0 0x7f262dcd58c8
+B+: 0x7f262dcd5900 0x7f262dcd5941
+B+: 0x7f262dcd5950 0x7f262dcd5966
+B+: 0x7f262dcd5967 0x7f262dcd597e
+B+: 0x7f262dcd597f 0x7f262dcd598a
+B+: 0x7f262dcd598b 0x7f262dcd59b3
+B+: 0x7f262dcd59b4 0x7f262dcd59bd
+B+: 0x7f262dcd59be 0x7f262dcd59bf
+B+: 0x7f262dcd59d0 0x7f262dcd59e8
+B+: 0x7f262dcd59e9 0x7f262dcd5a14
+B+: 0x7f262dcd5a1e 0x7f262dcd5a25
+B+: 0x7f262dcd5a26 0x7f262dcd5a33
+B+: 0x7f262dcd5a34 0x7f262dcd5a46
+B+: 0x7f262dcd5ae0 0x7f262dcd5afe
+B+: 0x7f262dcd5aff 0x7f262dcd5b0c
+B+: 0x7f262dcd5b0d 0x7f262dcd5b1b
+B+: 0x7f262dcd5b1c 0x7f262dcd5b2c
+B+: 0x7f262dcd5b40 0x7f262dcd5b62
+B+: 0x7f262dcd5b98 0x7f262dcd5ba9
+B+: 0x7f262dcd66d0 0x7f262dcd66f4
+B+: 0x7f262dcd66f5 0x7f262dcd670d
+B+: 0x7f262dcd670e 0x7f262dcd6712
+B+: 0x7f262dcd6713 0x7f262dcd671e
+B+: 0x7f262dcd671f 0x7f262dcd6723
+B+: 0x7f262dcd6724 0x7f262dcd6728
+B+: 0x7f262dcd6729 0x7f262dcd6730
+B+: 0x7f262dcd673c 0x7f262dcd6749
+B+: 0x7f262dcd674a 0x7f262dcd674d
+B+: 0x7f262dcd674e 0x7f262dcd6760
+B+: 0x7f262dcd6761 0x7f262dcd676b
+B+: 0x7f262dcd6790 0x7f262dcd679d
+B+: 0x7f262dcd679e 0x7f262dcd67a5
+B+: 0x7f262dcd67a6 0x7f262dcd67a7
+B+: 0x7f262dcd6890 0x7f262dcd689d
+B+: 0x7f262dcd689e 0x7f262dcd68a9
+B+: 0x7f262dcd68aa 0x7f262dcd68bd
+B+: 0x7f262dcd68c0 0x7f262dcd68ca
+B+: 0x7f262dcd68d0 0x7f262dcd68ef
+B+: 0x7f262dcd68f0 0x7f262dcd68f4
+B+: 0x7f262dcd68f5 0x7f262dcd690c
+B+: 0x7f262dcd690d 0x7f262dcd6910
+B+: 0x7f262dcd6911 0x7f262dcd6912
+B+: 0x7f262dcd6913 0x7f262dcd691b
+B+: 0x7f262dcd691c 0x7f262dcd6930
+B+: 0x7f262dcd6938 0x7f262dcd693c
+B+: 0x7f262dcd6980 0x7f262dcd698f
+B+: 0x7f262dcd6990 0x7f262dcd699b
+B+: 0x7f262dcd699c 0x7f262dcd69ab
+B+: 0x7f262dcd6a80 0x7f262dcd6a93
+B+: 0x7f262dcd6a94 0x7f262dcd6aac
+B+: 0x7f262dcd6aad 0x7f262dcd6abf
+B+: 0x7f262dcd6ac0 0x7f262dcd6ada
+B+: 0x7f262dcd6adb 0x7f262dcd6ae3
+B+: 0x7f262dcd6aec 0x7f262dcd6af8
+B+: 0x7f262dcd6af9 0x7f262dcd6b02
+B+: 0x7f262dcd6b03 0x7f262dcd6b06
+B+: 0x7f262dcd6b07 0x7f262dcd6b1a
+B+: 0x7f262dcd6c49 0x7f262dcd6c55
+B+: 0x7f262dcd6c56 0x7f262dcd6c67
+B+: 0x7f262dcd6c82 0x7f262dcd6c93
+B+: 0x7f262dcd6d77 0x7f262dcd6d82
+B+: 0x7f262dcd6da0 0x7f262dcd6db2
+B+: 0x7f262dcd6db3 0x7f262dcd6ddf
+B+: 0x7f262dcd6de0 0x7f262dcd6deb
+B+: 0x7f262dcd6dec 0x7f262dcd6dfc
+B+: 0x7f262dcd6dfd 0x7f262dcd6e18
+B+: 0x7f262dcd6e19 0x7f262dcd6e25
+B+: 0x7f262dcd6e26 0x7f262dcd6e2e
+B+: 0x7f262dcd6e2f 0x7f262dcd6e3f
+B+: 0x7f262dcd6e40 0x7f262dcd6e44
+B+: 0x7f262dcd6e45 0x7f262dcd6e50
+B+: 0x7f262dcd6e51 0x7f262dcd6e5d
+B+: 0x7f262dcd6e5e 0x7f262dcd6e77
+B+: 0x7f262dcd6ece 0x7f262dcd6ed2
+B+: 0x7f262dcd6ed3 0x7f262dcd6ede
+B+: 0x7f262dcd6ee0 0x7f262dcd6eec
+B+: 0x7f262dcd6f60 0x7f262dcd6f7c
+B+: 0x7f262dcd7120 0x7f262dcd7128
+B+: 0x7f262dcd7129 0x7f262dcd7147
+B+: 0x7f262dcd7750 0x7f262dcd775e
+B+: 0x7f262dcd775f 0x7f262dcd7763
+B+: 0x7f262dcd7764 0x7f262dcd7770
+B+: 0x7f262dcd7771 0x7f262dcd7777
+B+: 0x7f262dcd7778 0x7f262dcd7783
+B+: 0x7f262dcd7784 0x7f262dcd7788
+B+: 0x7f262dcd7789 0x7f262dcd778d
+B+: 0x7f262dcd778e 0x7f262dcd7796
+B+: 0x7f262dcd7797 0x7f262dcd779e
+B+: 0x7f262dcd7890 0x7f262dcd7892
+B+: 0x7f262dcd78a7 0x7f262dcd78ab
+B+: 0x7f262dcd78ac 0x7f262dcd78b2
+B+: 0x7f262dcd78b3 0x7f262dcd78b6
+B+: 0x7f262dcd78d0 0x7f262dcd78e1
+B+: 0x7f262dcd78e2 0x7f262dcd78e6
+B+: 0x7f262dcd78e7 0x7f262dcd78eb
+B+: 0x7f262dcd78ec 0x7f262dcd78f1
+B+: 0x7f262dcd78f2 0x7f262dcd78fa
+B+: 0x7f262dcd78fb 0x7f262dcd78fc
+B+: 0x7f262dcd7940 0x7f262dcd7948
+B+: 0x7f262dcd7949 0x7f262dcd7951
+B+: 0x7f262dcd7980 0x7f262dcd7988
+B+: 0x7f262dcd7989 0x7f262dcd798a
+B+: 0x7f262dcd798b 0x7f262dcd7991
+B+: 0x7f262dcd7992 0x7f262dcd79a2
+B+: 0x7f262dcd79a8 0x7f262dcd79ac
+B+: 0x7f262dcd79eb 0x7f262dcd7a00
+B+: 0x7f262dcd7a08 0x7f262dcd7a10
+B+: 0x7f262dcd7af0 0x7f262dcd7b11
+B+: 0x7f262dcd7b12 0x7f262dcd7b16
+B+: 0x7f262dcd7b17 0x7f262dcd7b1d
+B+: 0x7f262dcd7b1e 0x7f262dcd7b26
+B+: 0x7f262dcd7b27 0x7f262dcd7b34
+B+: 0x7f262dcd7b35 0x7f262dcd7b3c
+B+: 0x7f262dcd7b3d 0x7f262dcd7b49
+B+: 0x7f262dcd7b4a 0x7f262dcd7b5a
+B+: 0x7f262dcd7b5b 0x7f262dcd7b63
+B+: 0x7f262dcd7b7f 0x7f262dcd7b93
+B+: 0x7f262dcd7b94 0x7f262dcd7b9c
+B+: 0x7f262dcd7be0 0x7f262dcd7bf7
+B+: 0x7f262dcd7bf8 0x7f262dcd7c00
+B+: 0x7f262dcd7c1b 0x7f262dcd7c2b
+B+: 0x7f262dcd7d40 0x7f262dcd7d5e
+B+: 0x7f262dcd7d5f 0x7f262dcd7d6d
+B+: 0x7f262dcd7d6e 0x7f262dcd7d72
+B+: 0x7f262dcd7d7d 0x7f262dcd7d90
+B+: 0x7f262dcd7d91 0x7f262dcd7d95
+B+: 0x7f262dcd7d96 0x7f262dcd7d9a
+B+: 0x7f262dcd7da0 0x7f262dcd7da4
+B+: 0x7f262dcd7dd5 0x7f262dcd7dd9
+B+: 0x7f262dcd7dda 0x7f262dcd7dde
+B+: 0x7f262dcd7df0 0x7f262dcd7dfb
+B+: 0x7f262dcd7dfc 0x7f262dcd7e07
+B+: 0x7f262dcd7e08 0x7f262dcd7e10
+B+: 0x7f262dcd7e2c 0x7f262dcd7e30
+B+: 0x7f262dcd7e31 0x7f262dcd7e36
+B+: 0x7f262dcd7e41 0x7f262dcd7e45
+B+: 0x7f262dcd7e46 0x7f262dcd7e54
+B+: 0x7f262dcd7e55 0x7f262dcd7e5d
+B+: 0x7f262dcd7e5e 0x7f262dcd7e62
+B+: 0x7f262dcd7e63 0x7f262dcd7e74
+B+: 0x7f262dcd7e78 0x7f262dcd7e84
+B+: 0x7f262dcd7ea0 0x7f262dcd7ea4
+B+: 0x7f262dcd7ef0 0x7f262dcd7f03
+B+: 0x7f262dcd7f40 0x7f262dcd7f76
+B+: 0x7f262dcd7f77 0x7f262dcd7f82
+B+: 0x7f262dcd7f83 0x7f262dcd7f92
+B+: 0x7f262dcd801b 0x7f262dcd8031
+B+: 0x7f262dcd8032 0x7f262dcd8040
+B+: 0x7f262dcd8075 0x7f262dcd80b8
+B+: 0x7f262dcd80b9 0x7f262dcd80c3
+B+: 0x7f262dcd80c4 0x7f262dcd80cc
+B+: 0x7f262dcd80cd 0x7f262dcd80d5
+B+: 0x7f262dcd80d6 0x7f262dcd80de
+B+: 0x7f262dcd80df 0x7f262dcd8106
+B+: 0x7f262dcd8107 0x7f262dcd8133
+B+: 0x7f262dcd8578 0x7f262dcd8581
+B+: 0x7f262dcd8582 0x7f262dcd85a8
+B+: 0x7f262dcd85a9 0x7f262dcd85b6
+B+: 0x7f262dcd85d0 0x7f262dcd85e0
+B+: 0x7f262dcd85e1 0x7f262dcd85ee
+B+: 0x7f262dcd85ef 0x7f262dcd85f3
+B+: 0x7f262dcd8670 0x7f262dcd867e
+B+: 0x7f262dcd867f 0x7f262dcd8683
+B+: 0x7f262dcd8684 0x7f262dcd8692
+B+: 0x7f262dcd8693 0x7f262dcd869a
+B+: 0x7f262dcd869b 0x7f262dcd86a2
+B+: 0x7f262dcd86a3 0x7f262dcd86b7
+B+: 0x7f262dcd8790 0x7f262dcd87bc
+B+: 0x7f262dcd87bd 0x7f262dcd87d4
+B+: 0x7f262dcd87e0 0x7f262dcd883a
+B+: 0x7f262dcd883b 0x7f262dcd8875
+B+: 0x7f262dcd8876 0x7f262dcd8893
+B+: 0x7f262dcd8894 0x7f262dcd88a3
+B+: 0x7f262dcd88a4 0x7f262dcd88b0
+B+: 0x7f262dcd89b4 0x7f262dcd89b8
+B+: 0x7f262dcd89b9 0x7f262dcd89cf
+B+: 0x7f262dcd89d0 0x7f262dcd89dc
+B+: 0x7f262dcd89dd 0x7f262dcd89ef
+B+: 0x7f262dcd89f0 0x7f262dcd89f7
+B+: 0x7f262dcd8a01 0x7f262dcd8a16
+B+: 0x7f262dcd8a28 0x7f262dcd8a3d
+B+: 0x7f262dcd8a3e 0x7f262dcd8a4d
+B+: 0x7f262dcd8a79 0x7f262dcd8a97
+B+: 0x7f262dcd8a98 0x7f262dcd8ac0
+B+: 0x7f262dcd8ac1 0x7f262dcd8acf
+B+: 0x7f262dcd9148 0x7f262dcd9154
+B+: 0x7f262dcd9155 0x7f262dcd9174
+B+: 0x7f262dcd9175 0x7f262dcd917f
+B+: 0x7f262dcd91ac 0x7f262dcd91b0
+B+: 0x7f262dcd91b1 0x7f262dcd91b5
+B+: 0x7f262dcd9a40 0x7f262dcd9a64
+B+: 0x7f262dcd9b10 0x7f262dcd9b1a
+B+: 0x7f262dcd9b40 0x7f262dcd9b47
+B+: 0x7f262dcd9b48 0x7f262dcd9b51
+B+: 0x7f262dcd9b58 0x7f262dcd9b60
+B+: 0x7f262dcd9b61 0x7f262dcd9b6a
+B+: 0x7f262dcd9b88 0x7f262dcd9b8c
+B+: 0x7f262dcd9b8d 0x7f262dcd9b94
+B+: 0x7f262dcd9ba0 0x7f262dcd9ba4
+B+: 0x7f262dcd9d00 0x7f262dcd9d30
+B+: 0x7f262dcd9e3f 0x7f262dcd9e55
+B+: 0x7f262dcd9e56 0x7f262dcd9e67
+B+: 0x7f262dcda1e0 0x7f262dcda222
+B+: 0x7f262dcda223 0x7f262dcda228
+B+: 0x7f262dcda24c 0x7f262dcda260
+B+: 0x7f262dcda261 0x7f262dcda269
+B+: 0x7f262dcda270 0x7f262dcda279
+B+: 0x7f262dcda288 0x7f262dcda2a0
+B+: 0x7f262dcda2a1 0x7f262dcda2ba
+B+: 0x7f262dcda2bb 0x7f262dcda2bc
+B+: 0x7f262dcda2d0 0x7f262dcda2d8
+B+: 0x7f262dcda2f8 0x7f262dcda2f8
+B+: 0x7f262dcda300 0x7f262dcda30c
+B+: 0x7f262dcda33f 0x7f262dcda343
+B+: 0x7f262dcda380 0x7f262dcda384
+B+: 0x7f262dcda3d0 0x7f262dcda3e3
+B+: 0x7f262dcda400 0x7f262dcda400
+B+: 0x7f262dcda420 0x7f262dcda45b
+B+: 0x7f262dcda467 0x7f262dcda471
+B+: 0x7f262dcda472 0x7f262dcda489
+B+: 0x7f262dcda48a 0x7f262dcda48d
+B+: 0x7f262dcda48e 0x7f262dcda494
+B+: 0x7f262dcda495 0x7f262dcda49d
+B+: 0x7f262dcda49e 0x7f262dcda4a9
+B+: 0x7f262dcda4aa 0x7f262dcda4c2
+B+: 0x7f262dcda4c3 0x7f262dcda4ce
+B+: 0x7f262dcda4cf 0x7f262dcda4e5
+B+: 0x7f262dcda4e6 0x7f262dcda4f5
+B+: 0x7f262dcda500 0x7f262dcda50e
+B+: 0x7f262dcda50f 0x7f262dcda513
+B+: 0x7f262dcda514 0x7f262dcda51e
+B+: 0x7f262dcda540 0x7f262dcda549
+B+: 0x7f262dcda54a 0x7f262dcda54e
+B+: 0x7f262dcda54f 0x7f262dcda560
+B+: 0x7f262dcda568 0x7f262dcda577
+B+: 0x7f262dcda580 0x7f262dcda589
+B+: 0x7f262dcda5a8 0x7f262dcda5bb
+B+: 0x7f262dcda5c0 0x7f262dcda5ce
+B+: 0x7f262dcda5cf 0x7f262dcda5dc
+B+: 0x7f262dcda6f0 0x7f262dcda6fd
+B+: 0x7f262dcda7a0 0x7f262dcda7a0
+B+: 0x7f262dcda7b0 0x7f262dcda7ba
+B+: 0x7f262dcda7bb 0x7f262dcda7ce
+B+: 0x7f262dcda7cf 0x7f262dcda7d8
+B+: 0x7f262dcda7d9 0x7f262dcda7e6
+B+: 0x7f262dcda800 0x7f262dcda82d
+B+: 0x7f262dcda82e 0x7f262dcda831
+B+: 0x7f262dcda832 0x7f262dcda847
+B+: 0x7f262dcda864 0x7f262dcda86b
+B+: 0x7f262dcda86c 0x7f262dcda86f
+B+: 0x7f262dcda870 0x7f262dcda876
+B+: 0x7f262dcda877 0x7f262dcda87b
+B+: 0x7f262dcda87c 0x7f262dcda886
+B+: 0x7f262dcdaae0 0x7f262dcdab01
+B+: 0x7f262dcdab02 0x7f262dcdab0a
+B+: 0x7f262dcdab0b 0x7f262dcdab14
+B+: 0x7f262dcdab15 0x7f262dcdab19
+B+: 0x7f262dcdac00 0x7f262dcdac19
+B+: 0x7f262dcdac51 0x7f262dcdac8e
+B+: 0x7f262dcdac8f 0x7f262dcdac9e
+B+: 0x7f262dcdac9f 0x7f262dcdaca6
+B+: 0x7f262dcdadf0 0x7f262dcdadfb
+B+: 0x7f262dcdae20 0x7f262dcdae20
+B+: 0x7f262dcdae30 0x7f262dcdae38
+B+: 0x7f262dcdc940 0x7f262dcdc94b
+B+: 0x7f262dcdc94c 0x7f262dcdc957
+B+: 0x7f262dcdc958 0x7f262dcdc964
+B+: 0x7f262dcdc965 0x7f262dcdc969
+B+: 0x7f262dcdc96a 0x7f262dcdc96f
+B+: 0x7f262dcdc970 0x7f262dcdc976
+B+: 0x7f262dcdc980 0x7f262dcdc987
+B+: 0x7f262dcdc988 0x7f262dcdc98c
+B+: 0x7f262dcdc98d 0x7f262dcdc99b
+B+: 0x7f262dcdc99c 0x7f262dcdc9a0
+B+: 0x7f262dcdc9a1 0x7f262dcdc9a8
+B+: 0x7f262dcdc9a9 0x7f262dcdc9ad
+B+: 0x7f262dcdc9ae 0x7f262dcdc9b8
+B+: 0x7f262dcdc9b9 0x7f262dcdc9b9
+B+: 0x7f262dcdc9c0 0x7f262dcdc9c5
+B+: 0x7f262dcdc9c6 0x7f262dcdc9c9
+B+: 0x7f262dcdc9d0 0x7f262dcdc9d0
+B+: 0x7f262dcdc9d1 0x7f262dcdc9d5
+B+: 0x7f262dcdc9d6 0x7f262dcdc9d9
+B+: 0x7f262dcdc9e0 0x7f262dcdc9ff
+B+: 0x7f262dcdca00 0x7f262dcdca11
+B+: 0x7f262dcdca12 0x7f262dcdca16
+B+: 0x7f262dcdca20 0x7f262dcdca22
+B+: 0x7f262dcdca23 0x7f262dcdca2f
+B+: 0x7f262dcdca30 0x7f262dcdca33
+B+: 0x7f262dcdca34 0x7f262dcdca5d
+B+: 0x7f262dcdca5e 0x7f262dcdca62
+B+: 0x7f262dcdca63 0x7f262dcdca82
+B+: 0x7f262dcdcac0 0x7f262dcdcade
+B+: 0x7f262dcdcadf 0x7f262dcdcae3
+B+: 0x7f262dcdcae4 0x7f262dcdcae8
+B+: 0x7f262dcdcaf0 0x7f262dcdcaf2
+B+: 0x7f262dcdcaf3 0x7f262dcdcaff
+B+: 0x7f262dcdcb00 0x7f262dcdcb03
+B+: 0x7f262dcdcb04 0x7f262dcdcb3e
+B+: 0x7f262dcdcb3f 0x7f262dcdcb49
+B+: 0x7f262dcdcb4a 0x7f262dcdcb57
+B+: 0x7f262dcdcb58 0x7f262dcdcb5d
+B+: 0x7f262dcdcb5e 0x7f262dcdcb66
+B+: 0x7f262dcdcb67 0x7f262dcdcb70
+B+: 0x7f262dcdcb71 0x7f262dcdcb7a
+B+: 0x7f262dcdcb7b 0x7f262dcdcb9a
+B+: 0x7f262dcdcb9b 0x7f262dcdcba3
+B+: 0x7f262dcdcba4 0x7f262dcdcbbd
+B+: 0x7f262dcdcbc0 0x7f262dcdcbc5
+B+: 0x7f262dcdcbc6 0x7f262dcdcbcf
+B+: 0x7f262dcdcbd0 0x7f262dcdcbd9
+B+: 0x7f262dcdcbda 0x7f262dcdcbf7
+B+: 0x7f262dcdcc08 0x7f262dcdcc14
+B+: 0x7f262dcdcc15 0x7f262dcdcc1b
+B+: 0x7f262dcdcc1c 0x7f262dcdcc29
+B+: 0x7f262dcdccb0 0x7f262dcdccca
+B+: 0x7f262dcdcccb 0x7f262dcdccda
+B+: 0x7f262dcdccdb 0x7f262dcdcce6
+B+: 0x7f262dcdcce7 0x7f262dcdccef
+B+: 0x7f262dcdccf0 0x7f262dcdccf4
+B+: 0x7f262dcdccf5 0x7f262dcdccfc
+B+: 0x7f262dcdccfd 0x7f262dcdcd10
+B+: 0x7f262dcdcd11 0x7f262dcdcd21
+B+: 0x7f262dcdcd22 0x7f262dcdcd26
+B+: 0x7f262dcdcd27 0x7f262dcdcd38
+B+: 0x7f262dcdcd39 0x7f262dcdcd4b
+B+: 0x7f262dcdcd4c 0x7f262dcdcd54
+B+: 0x7f262dcdcd55 0x7f262dcdcd5e
+B+: 0x7f262dcdcd5f 0x7f262dcdcd6d
+B+: 0x7f262dcdcea0 0x7f262dcdceb6
+B+: 0x7f262dcdceb7 0x7f262dcdcebb
+B+: 0x7f262dcdcebc 0x7f262dcdcec0
+B+: 0x7f262dcdcec8 0x7f262dcdcecb
+B+: 0x7f262dcdcecc 0x7f262dcdced9
+B+: 0x7f262dcdceda 0x7f262dcdcedd
+B+: 0x7f262dcdcede 0x7f262dcdcf06
+B+: 0x7f262dcdcf07 0x7f262dcdcf10
+B+: 0x7f262dcdcf11 0x7f262dcdcf16
+B+: 0x7f262dcdcf17 0x7f262dcdcf24
+B+: 0x7f262dcdcf25 0x7f262dcdcf2d
+B+: 0x7f262dcdd440 0x7f262dcdd46b
+B+: 0x7f262dcdd46c 0x7f262dcdd470
+B+: 0x7f262dcdd471 0x7f262dcdd475
+B+: 0x7f262dcdd536 0x7f262dcdd53e
+B+: 0x7f262dcdd53f 0x7f262dcdd548
+B+: 0x7f262dcdd549 0x7f262dcdd551
+B+: 0x7f262dcdd5d0 0x7f262dcdd5e4
+B+: 0x7f262dcdd5e5 0x7f262dcdd606
+B+: 0x7f262dcdd607 0x7f262dcdd610
+B+: 0x7f262dcdd611 0x7f262dcdd618
+B+: 0x7f262dcdd640 0x7f262dcdd648
+B+: 0x7f262dcdd649 0x7f262dcdd656
+B+: 0x7f262dcdd657 0x7f262dcdd65f
+B+: 0x7f262dcdd660 0x7f262dcdd661
+B+: 0x7f262dcdd760 0x7f262dcdd7aa
+B+: 0x7f262dcdd7ab 0x7f262dcdd7af
+B+: 0x7f262dcdd7b0 0x7f262dcdd7be
+B+: 0x7f262dcdd7c8 0x7f262dcdd7d3
+B+: 0x7f262dcdd7d4 0x7f262dcdd7d8
+B+: 0x7f262dcdd7d9 0x7f262dcdd7e0
+B+: 0x7f262dcdd7e1 0x7f262dcdd7e5
+B+: 0x7f262dcdd7e6 0x7f262dcdd7f3
+B+: 0x7f262dcdd7f4 0x7f262dcdd7fb
+B+: 0x7f262dcdd800 0x7f262dcdd810
+B+: 0x7f262dcdd811 0x7f262dcdd815
+B+: 0x7f262dcdd816 0x7f262dcdd832
+B+: 0x7f262dcdd833 0x7f262dcdd843
+B+: 0x7f262dcdd844 0x7f262dcdd84f
+B+: 0x7f262dcdd850 0x7f262dcdd857
+B+: 0x7f262dcdd858 0x7f262dcdd85c
+B+: 0x7f262dcdd85d 0x7f262dcdd868
+B+: 0x7f262dcdd869 0x7f262dcdd87b
+B+: 0x7f262dcdd87c 0x7f262dcdd884
+B+: 0x7f262dcdd888 0x7f262dcdd897
+B+: 0x7f262dcdd898 0x7f262dcdd89b
+B+: 0x7f262dcdd89c 0x7f262dcdd8b4
+B+: 0x7f262dcdd8b5 0x7f262dcdd8b8
+B+: 0x7f262dcdd8b9 0x7f262dcdd8c6
+B+: 0x7f262dcdd8c7 0x7f262dcdd8d5
+B+: 0x7f262dcdddc0 0x7f262dcdddec
+B+: 0x7f262dcddded 0x7f262dcdddf2
+B+: 0x7f262dcdddf3 0x7f262dcdde04
+B+: 0x7f262dcdde05 0x7f262dcdde0d
+B+: 0x7f262dcdde0e 0x7f262dcdde1c
+CND+ 0x7f262dccc00e: taken
+CND+ 0x7f262dccc5ea: not taken
+CND+ 0x7f262dccc626: not taken
+CND+ 0x7f262dccc63b: taken
+CND+ 0x7f262dccc673: not taken
+CND+ 0x7f262dccc687: not taken
+CND+ 0x7f262dccc695: not taken
+CND+ 0x7f262dccc7e2: taken
+CND+ 0x7f262dccc862: not taken
+CND+ 0x7f262dccc87c: both
+CND+ 0x7f262dccc8a9: not taken
+CND+ 0x7f262dccca5d: not taken
+CND+ 0x7f262dccca62: taken
+CND+ 0x7f262dccd6e6: not taken
+CND+ 0x7f262dccd704: taken
+CND+ 0x7f262dccd71a: not taken
+CND+ 0x7f262dccd71f: taken
+CND+ 0x7f262dccd72f: taken
+CND+ 0x7f262dccd74c: not taken
+CND+ 0x7f262dccd756: not taken
+CND+ 0x7f262dccd78f: not taken
+CND+ 0x7f262dccd79b: taken
+CND+ 0x7f262dcce079: taken
+CND+ 0x7f262dcce11b: not taken
+CND+ 0x7f262dcce149: not taken
+CND+ 0x7f262dcce158: not taken
+CND+ 0x7f262dcce190: not taken
+CND+ 0x7f262dcce1ce: taken
+CND+ 0x7f262dccec20: not taken
+CND+ 0x7f262dccec2d: taken
+CND+ 0x7f262dccec48: not taken
+CND+ 0x7f262dccec5f: both
+CND+ 0x7f262dccec88: not taken
+CND+ 0x7f262dcceed2: taken
+CND+ 0x7f262dccef55: not taken
+CND+ 0x7f262dccef7e: not taken
+CND+ 0x7f262dccef8a: not taken
+CND+ 0x7f262dccef93: both
+CND+ 0x7f262dccefc4: not taken
+CND+ 0x7f262dccefe2: both
+CND+ 0x7f262dcceffb: taken
+CND+ 0x7f262dccf05a: taken
+CND+ 0x7f262dccf0af: not taken
+CND+ 0x7f262dccf0b8: taken
+CND+ 0x7f262dccf0e0: taken
+CND+ 0x7f262dccf116: not taken
+CND+ 0x7f262dccf15a: not taken
+CND+ 0x7f262dccf163: taken
+CND+ 0x7f262dccf21b: taken
+CND+ 0x7f262dccf24a: taken
+CND+ 0x7f262dccf27c: not taken
+CND+ 0x7f262dccf36a: taken
+CND+ 0x7f262dccf520: not taken
+CND+ 0x7f262dccf529: not taken
+CND+ 0x7f262dccf532: taken
+CND+ 0x7f262dccf8eb: not taken
+CND+ 0x7f262dccf906: both
+CND+ 0x7f262dccf93d: not taken
+CND+ 0x7f262dccf985: both
+CND+ 0x7f262dccf9f6: taken
+CND+ 0x7f262dccfa20: both
+CND+ 0x7f262dccfa29: not taken
+CND+ 0x7f262dccfa33: not taken
+CND+ 0x7f262dccfae4: not taken
+CND+ 0x7f262dccfafb: taken
+CND+ 0x7f262dccfb2a: both
+CND+ 0x7f262dccfb30: both
+CND+ 0x7f262dccfb40: taken
+CND+ 0x7f262dccfb60: not taken
+CND+ 0x7f262dccfb96: not taken
+CND+ 0x7f262dccfbe5: taken
+CND+ 0x7f262dccfda0: not taken
+CND+ 0x7f262dccfda9: not taken
+CND+ 0x7f262dccfdc8: both
+CND+ 0x7f262dccfdd0: both
+CND+ 0x7f262dccfe2e: taken
+CND+ 0x7f262dccfe57: not taken
+CND+ 0x7f262dccfeac: taken
+CND+ 0x7f262dccfed8: taken
+CND+ 0x7f262dccffa3: not taken
+CND+ 0x7f262dccffc0: taken
+CND+ 0x7f262dcd0019: not taken
+CND+ 0x7f262dcd0065: not taken
+CND+ 0x7f262dcd006f: not taken
+CND+ 0x7f262dcd0089: both
+CND+ 0x7f262dcd009d: not taken
+CND+ 0x7f262dcd00ab: taken
+CND+ 0x7f262dcd014c: not taken
+CND+ 0x7f262dcd0156: taken
+CND+ 0x7f262dcd01cc: taken
+CND+ 0x7f262dcd01ee: taken
+CND+ 0x7f262dcd0811: both
+CND+ 0x7f262dcd081b: not taken
+CND+ 0x7f262dcd081f: not taken
+CND+ 0x7f262dcd0839: taken
+CND+ 0x7f262dcd0859: taken
+CND+ 0x7f262dcd0861: taken
+CND+ 0x7f262dcd145f: taken
+CND+ 0x7f262dcd1626: not taken
+CND+ 0x7f262dcd16ca: taken
+CND+ 0x7f262dcd1762: taken
+CND+ 0x7f262dcd22a4: taken
+CND+ 0x7f262dcd22bd: not taken
+CND+ 0x7f262dcd22cd: not taken
+CND+ 0x7f262dcd230f: taken
+CND+ 0x7f262dcd2327: taken
+CND+ 0x7f262dcd233a: not taken
+CND+ 0x7f262dcd2343: taken
+CND+ 0x7f262dcd2381: not taken
+CND+ 0x7f262dcd23d6: taken
+CND+ 0x7f262dcd23e7: taken
+CND+ 0x7f262dcd2895: not taken
+CND+ 0x7f262dcd28a8: not taken
+CND+ 0x7f262dcd28d2: not taken
+CND+ 0x7f262dcd2907: not taken
+CND+ 0x7f262dcd2942: taken
+CND+ 0x7f262dcd2953: not taken
+CND+ 0x7f262dcd2963: taken
+CND+ 0x7f262dcd2a7b: not taken
+CND+ 0x7f262dcd2dbc: both
+CND+ 0x7f262dcd2dc9: both
+CND+ 0x7f262dcd2e03: not taken
+CND+ 0x7f262dcd2e0d: not taken
+CND+ 0x7f262dcd2e18: taken
+CND+ 0x7f262dcd31a1: not taken
+CND+ 0x7f262dcd31ab: not taken
+CND+ 0x7f262dcd31e4: taken
+CND+ 0x7f262dcd31f2: taken
+CND+ 0x7f262dcd320a: not taken
+CND+ 0x7f262dcd3225: not taken
+CND+ 0x7f262dcd322f: not taken
+CND+ 0x7f262dcd3247: taken
+CND+ 0x7f262dcd3533: taken
+CND+ 0x7f262dcd3582: taken
+CND+ 0x7f262dcd3655: taken
+CND+ 0x7f262dcd3698: taken
+CND+ 0x7f262dcd3703: not taken
+CND+ 0x7f262dcd370c: taken
+CND+ 0x7f262dcd3725: not taken
+CND+ 0x7f262dcd3742: not taken
+CND+ 0x7f262dcd375a: not taken
+CND+ 0x7f262dcd3765: not taken
+CND+ 0x7f262dcd3792: not taken
+CND+ 0x7f262dcd3797: taken
+CND+ 0x7f262dcd37a9: taken
+CND+ 0x7f262dcd37ad: not taken
+CND+ 0x7f262dcd37bc: taken
+CND+ 0x7f262dcd37ce: taken
+CND+ 0x7f262dcd3848: taken
+CND+ 0x7f262dcd3889: not taken
+CND+ 0x7f262dcd389b: not taken
+CND+ 0x7f262dcd38a8: taken
+CND+ 0x7f262dcd3c2f: not taken
+CND+ 0x7f262dcd3c57: taken
+CND+ 0x7f262dcd3c65: not taken
+CND+ 0x7f262dcd3c6e: taken
+CND+ 0x7f262dcd3c86: not taken
+CND+ 0x7f262dcd3cae: taken
+CND+ 0x7f262dcd4366: taken
+CND+ 0x7f262dcd49d6: taken
+CND+ 0x7f262dcd4a31: not taken
+CND+ 0x7f262dcd4a51: taken
+CND+ 0x7f262dcd4aad: not taken
+CND+ 0x7f262dcd4ab5: taken
+CND+ 0x7f262dcd4b00: taken
+CND+ 0x7f262dcd4b5a: not taken
+CND+ 0x7f262dcd4b62: not taken
+CND+ 0x7f262dcd4b6b: not taken
+CND+ 0x7f262dcd4b75: not taken
+CND+ 0x7f262dcd4b7f: taken
+CND+ 0x7f262dcd4b9b: taken
+CND+ 0x7f262dcd4c3c: taken
+CND+ 0x7f262dcd4ed9: not taken
+CND+ 0x7f262dcd4ee6: not taken
+CND+ 0x7f262dcd4f01: not taken
+CND+ 0x7f262dcd4f1a: not taken
+CND+ 0x7f262dcd4f20: not taken
+CND+ 0x7f262dcd4f26: taken
+CND+ 0x7f262dcd576c: not taken
+CND+ 0x7f262dcd578c: not taken
+CND+ 0x7f262dcd57d8: both
+CND+ 0x7f262dcd57e1: taken
+CND+ 0x7f262dcd5806: not taken
+CND+ 0x7f262dcd5840: not taken
+CND+ 0x7f262dcd584a: not taken
+CND+ 0x7f262dcd5965: both
+CND+ 0x7f262dcd5989: not taken
+CND+ 0x7f262dcd59b2: not taken
+CND+ 0x7f262dcd59bc: not taken
+CND+ 0x7f262dcd59e3: not taken
+CND+ 0x7f262dcd5a13: taken
+CND+ 0x7f262dcd5afd: not taken
+CND+ 0x7f262dcd5b1a: not taken
+CND+ 0x7f262dcd5b61: taken
+CND+ 0x7f262dcd6711: not taken
+CND+ 0x7f262dcd671d: not taken
+CND+ 0x7f262dcd6722: not taken
+CND+ 0x7f262dcd6748: not taken
+CND+ 0x7f262dcd674c: not taken
+CND+ 0x7f262dcd675f: not taken
+CND+ 0x7f262dcd67a4: not taken
+CND+ 0x7f262dcd68f3: both
+CND+ 0x7f262dcd690f: both
+CND+ 0x7f262dcd6911: not taken
+CND+ 0x7f262dcd691a: taken
+CND+ 0x7f262dcd6a92: not taken
+CND+ 0x7f262dcd6aba: not taken
+CND+ 0x7f262dcd6ad5: both
+CND+ 0x7f262dcd6ade: taken
+CND+ 0x7f262dcd6af7: not taken
+CND+ 0x7f262dcd6b01: not taken
+CND+ 0x7f262dcd6b05: not taken
+CND+ 0x7f262dcd6b19: taken
+CND+ 0x7f262dcd6c50: not taken
+CND+ 0x7f262dcd6c62: taken
+CND+ 0x7f262dcd6db1: not taken
+CND+ 0x7f262dcd6dea: both
+CND+ 0x7f262dcd6e13: not taken
+CND+ 0x7f262dcd6e20: taken
+CND+ 0x7f262dcd6e2d: not taken
+CND+ 0x7f262dcd6e43: not taken
+CND+ 0x7f262dcd6e4f: both
+CND+ 0x7f262dcd6e58: not taken
+CND+ 0x7f262dcd6e72: taken
+CND+ 0x7f262dcd6ee7: taken
+CND+ 0x7f262dcd775d: both
+CND+ 0x7f262dcd776f: not taken
+CND+ 0x7f262dcd7782: both
+CND+ 0x7f262dcd7787: both
+CND+ 0x7f262dcd7795: both
+CND+ 0x7f262dcd78b1: not taken
+CND+ 0x7f262dcd78dc: not taken
+CND+ 0x7f262dcd78ea: not taken
+CND+ 0x7f262dcd78ec: both
+CND+ 0x7f262dcd78f5: not taken
+CND+ 0x7f262dcd78fb: taken
+CND+ 0x7f262dcd7943: not taken
+CND+ 0x7f262dcd794c: taken
+CND+ 0x7f262dcd7983: not taken
+CND+ 0x7f262dcd7989: both
+CND+ 0x7f262dcd7990: not taken
+CND+ 0x7f262dcd79ab: taken
+CND+ 0x7f262dcd7a0b: taken
+CND+ 0x7f262dcd7b10: both
+CND+ 0x7f262dcd7b1c: not taken
+CND+ 0x7f262dcd7b21: both
+CND+ 0x7f262dcd7b2f: not taken
+CND+ 0x7f262dcd7b37: both
+CND+ 0x7f262dcd7b44: both
+CND+ 0x7f262dcd7b5e: taken
+CND+ 0x7f262dcd7b92: both
+CND+ 0x7f262dcd7b9b: taken
+CND+ 0x7f262dcd7bfb: taken
+CND+ 0x7f262dcd7d68: both
+CND+ 0x7f262dcd7d71: taken
+CND+ 0x7f262dcd7d8b: not taken
+CND+ 0x7f262dcd7da3: taken
+CND+ 0x7f262dcd7ddd: taken
+CND+ 0x7f262dcd7e02: not taken
+CND+ 0x7f262dcd7e0b: taken
+CND+ 0x7f262dcd7e2f: not taken
+CND+ 0x7f262dcd7e35: taken
+CND+ 0x7f262dcd7e4f: not taken
+CND+ 0x7f262dcd7e58: both
+CND+ 0x7f262dcd7f7d: not taken
+CND+ 0x7f262dcd802c: not taken
+CND+ 0x7f262dcd80c7: not taken
+CND+ 0x7f262dcd80d0: both
+CND+ 0x7f262dcd80d9: not taken
+CND+ 0x7f262dcd85a7: both
+CND+ 0x7f262dcd85ed: not taken
+CND+ 0x7f262dcd85f2: taken
+CND+ 0x7f262dcd8682: not taken
+CND+ 0x7f262dcd86a1: not taken
+CND+ 0x7f262dcd87bb: not taken
+CND+ 0x7f262dcd8835: not taken
+CND+ 0x7f262dcd8870: not taken
+CND+ 0x7f262dcd888e: not taken
+CND+ 0x7f262dcd889e: not taken
+CND+ 0x7f262dcd89ca: both
+CND+ 0x7f262dcd89ea: taken
+CND+ 0x7f262dcd89f6: taken
+CND+ 0x7f262dcd8a15: taken
+CND+ 0x7f262dcd8a38: not taken
+CND+ 0x7f262dcd8a48: taken
+CND+ 0x7f262dcd8abb: not taken
+CND+ 0x7f262dcd914f: not taken
+CND+ 0x7f262dcd916f: not taken
+CND+ 0x7f262dcd917e: taken
+CND+ 0x7f262dcd9a5f: taken
+CND+ 0x7f262dcd9b46: not taken
+CND+ 0x7f262dcd9b50: taken
+CND+ 0x7f262dcd9b69: taken
+CND+ 0x7f262dcd9b93: taken
+CND+ 0x7f262dcd9d2b: taken
+CND+ 0x7f262dcd9e50: not taken
+CND+ 0x7f262dcda227: taken
+CND+ 0x7f262dcda25f: not taken
+CND+ 0x7f262dcda278: taken
+CND+ 0x7f262dcda2b9: not taken
+CND+ 0x7f262dcda2d7: taken
+CND+ 0x7f262dcda30b: taken
+CND+ 0x7f262dcda383: taken
+CND+ 0x7f262dcda3e2: taken
+CND+ 0x7f262dcda456: taken
+CND+ 0x7f262dcda488: both
+CND+ 0x7f262dcda48c: not taken
+CND+ 0x7f262dcda493: not taken
+CND+ 0x7f262dcda498: both
+CND+ 0x7f262dcda4e0: not taken
+CND+ 0x7f262dcda512: not taken
+CND+ 0x7f262dcda519: taken
+CND+ 0x7f262dcda548: not taken
+CND+ 0x7f262dcda54d: not taken
+CND+ 0x7f262dcda5c9: not taken
+CND+ 0x7f262dcda5d7: taken
+CND+ 0x7f262dcda6f8: taken
+CND+ 0x7f262dcda7b9: not taken
+CND+ 0x7f262dcda830: not taken
+CND+ 0x7f262dcda846: taken
+CND+ 0x7f262dcda86e: not taken
+CND+ 0x7f262dcdab09: not taken
+CND+ 0x7f262dcdab13: not taken
+CND+ 0x7f262dcdac18: taken
+CND+ 0x7f262dcdac9d: not taken
+CND+ 0x7f262dcdadfa: taken
+CND+ 0x7f262dcdc946: both
+CND+ 0x7f262dcdc963: both
+CND+ 0x7f262dcdc968: not taken
+CND+ 0x7f262dcdc96e: not taken
+CND+ 0x7f262dcdc986: not taken
+CND+ 0x7f262dcdc98b: both
+CND+ 0x7f262dcdc99a: both
+CND+ 0x7f262dcdc99f: both
+CND+ 0x7f262dcdc9ac: both
+CND+ 0x7f262dcdc9b7: both
+CND+ 0x7f262dcdc9c4: not taken
+CND+ 0x7f262dcdca10: not taken
+CND+ 0x7f262dcdca15: taken
+CND+ 0x7f262dcdca2e: both
+CND+ 0x7f262dcdca32: both
+CND+ 0x7f262dcdca5c: both
+CND+ 0x7f262dcdcadd: not taken
+CND+ 0x7f262dcdcae2: not taken
+CND+ 0x7f262dcdcafe: not taken
+CND+ 0x7f262dcdcb02: both
+CND+ 0x7f262dcdcb48: both
+CND+ 0x7f262dcdcb52: not taken
+CND+ 0x7f262dcdcb5c: not taken
+CND+ 0x7f262dcdcb65: both
+CND+ 0x7f262dcdcb6b: taken
+CND+ 0x7f262dcdcb75: not taken
+CND+ 0x7f262dcdcb95: not taken
+CND+ 0x7f262dcdcba2: not taken
+CND+ 0x7f262dcdcbc4: not taken
+CND+ 0x7f262dcdcbce: not taken
+CND+ 0x7f262dcdcbf6: taken
+CND+ 0x7f262dcdcc24: taken
+CND+ 0x7f262dcdcce1: not taken
+CND+ 0x7f262dcdccea: not taken
+CND+ 0x7f262dcdccf3: not taken
+CND+ 0x7f262dcdcd25: not taken
+CND+ 0x7f262dcdcd53: not taken
+CND+ 0x7f262dcdcd5d: not taken
+CND+ 0x7f262dcdceb5: not taken
+CND+ 0x7f262dcdceba: not taken
+CND+ 0x7f262dcdced8: both
+CND+ 0x7f262dcdcedc: taken
+CND+ 0x7f262dcdcf0f: not taken
+CND+ 0x7f262dcdcf15: not taken
+CND+ 0x7f262dcdd46f: not taken
+CND+ 0x7f262dcdd53d: not taken
+CND+ 0x7f262dcdd547: not taken
+CND+ 0x7f262dcdd605: not taken
+CND+ 0x7f262dcdd60f: not taken
+CND+ 0x7f262dcdd647: not taken
+CND+ 0x7f262dcdd65e: not taken
+CND+ 0x7f262dcdd7bd: taken
+CND+ 0x7f262dcdd7d2: taken
+CND+ 0x7f262dcdd7df: not taken
+CND+ 0x7f262dcdd7e4: both
+CND+ 0x7f262dcdd7fa: taken
+CND+ 0x7f262dcdd856: not taken
+CND+ 0x7f262dcdd85b: taken
+CND+ 0x7f262dcdd87a: not taken
+CND+ 0x7f262dcdd89a: not taken
+CND+ 0x7f262dcdd8b7: not taken
+CND+ 0x7f262dcdd8c5: not taken
+CND+ 0x7f262dcdd8d4: taken
+CND+ 0x7f262dcdddf1: not taken
+CND+ 0x7f262dcdde0c: not taken
@0x7f262dcd88af to 0x7f262dcd8a01 180
@0x7f262dcd88af to 0x7f262dcd89f0 10
@0x7f262dcd88af to 0x7f262dcd8a28 1
@0x7f262dcdcc19 to 0x7f262dcd07d0 1
@0x7f262dcdcc19 to 0x7f262dcd7120 1
@0x7f262dccc050 to 0x7f2631805a30 4
@0x7f262dccc080 to 0x7f26317a5330 2
@0x7f262dccc090 to 0x7f2631847710 1
@0x7f262dccc0a0 to 0x7f263181de70 5
@0x7f262dccc0d0 to 0x7f26317b8a20 7
@0x7f262dccc0f0 to 0x7f26318dc800 4
@0x7f262dccc130 to 0x7f26318481e0 1
@0x7f262dccc140 to 0x7f26317bcc10 1
@0x7f262dccc150 to 0x7f263186a800 4
@0x7f262dccc160 to 0x7f2631847230 1
@0x7f262dccc190 to 0x7f26318dcbc0 8
@0x7f262dccc1c0 to 0x7f2631848200 1
@0x7f262dccc1e0 to 0x7f26318dc5d0 1
@0x7f262dccc220 to 0x7f2631848210 2
@0x7f262dccc230 to 0x7f263186bb10 1
@0x7f262dcce16e to 0x7f262dcce1c0 1
@0x7f262dccc280 to 0x7f26318d7d10 11
@0x7f262dccc2a0 to 0x7f26317b8450 4
@0x7f262dcce1ac to 0x7f262dccee90 1
@0x7f262dccc2d0 to 0x7f26318d8100 9
@0x7f262dccc320 to 0x7f26317b90f0 4
@0x7f262dccc330 to 0x7f26318dd100 6
@0x7f262dccc350 to 0x7f2631848220 1
@0x7f262dccc370 to 0x7f263186a800 2
@0x7f262dccc390 to 0x7f26318053e0 23
@0x7f262dccc3b0 to 0x7f2631848230 1
@0x7f262dccc3c0 to 0x7f26318d7e90 22
@0x7f262dccc3e0 to 0x7f2631888ba0 1
@0x7f262dccc410 to 0x7f2631805c80 1
@0x7f262dccc460 to 0x7f26318dd0e0 13
@0x7f262dccc510 to 0x7f26318481f0 1
@0x7f262dccc560 to 0x7f26318474e0 1
@0x7f262dccc570 to 0x7f26317b1580 191
@0x7f262dcd7f91 to 0x7f262dcd8075 1
@0x7f262dccc784 to 0x7f26317a4fb0 1
@0x7f262dcdde01 to 0x7f262dccc840 1
@0x7f262dcda55f to 0x7f262dcda580 1
@0x7f262dcda55f to 0x7f262dcda5c0 1
@0x7f262dcda55f to 0x7f262dcda5a8 2
