MODULE_NAME: /bin/dash
MODULE_START: 0x7f7848104000
+B+: 0x7f7848108000 0x7f784810800f
+B+: 0x7f7848108012 0x7f7848108016
+B+: 0x7f7848108050 0x7f7848108055
+B+: 0x7f7848108080 0x7f7848108085
+B+: 0x7f7848108090 0x7f7848108095
+B+: 0x7f78481080a0 0x7f78481080a5
+B+: 0x7f78481080d0 0x7f78481080d5
+B+: 0x7f78481080f0 0x7f78481080f5
+B+: 0x7f7848108130 0x7f7848108135
+B+: 0x7f7848108140 0x7f7848108145
+B+: 0x7f7848108150 0x7f7848108155
+B+: 0x7f7848108160 0x7f7848108165
+B+: 0x7f7848108190 0x7f7848108195
+B+: 0x7f78481081c0 0x7f78481081c5
+B+: 0x7f78481081e0 0x7f78481081e5
+B+: 0x7f7848108220 0x7f7848108225
+B+: 0x7f7848108230 0x7f7848108235
+B+: 0x7f7848108280 0x7f7848108285
+B+: 0x7f78481082a0 0x7f78481082a5
+B+: 0x7f78481082d0 0x7f78481082d5
+B+: 0x7f7848108320 0x7f7848108325
+B+: 0x7f7848108330 0x7f7848108335
+B+: 0x7f7848108350 0x7f7848108355
+B+: 0x7f7848108370 0x7f7848108375
+B+: 0x7f7848108390 0x7f7848108395
+B+: 0x7f78481083b0 0x7f78481083b5
+B+: 0x7f78481083c0 0x7f78481083c5
+B+: 0x7f78481083e0 0x7f78481083e5
+B+: 0x7f7848108410 0x7f7848108415
+B+: 0x7f7848108460 0x7f7848108465
+B+: 0x7f7848108510 0x7f7848108515
+B+: 0x7f7848108560 0x7f7848108565
+B+: 0x7f7848108570 0x7f7848108575
+B+: 0x7f7848108590 0x7f78481085b8
+B+: 0x7f78481085b9 0x7f78481085c4
+B+: 0x7f78481085c5 0x7f78481085cf
+B+: 0x7f78481085d0 0x7f78481085e7
+B+: 0x7f78481085e8 0x7f78481085ef
+B+: 0x7f78481085f0 0x7f7848108600
+B+: 0x7f7848108601 0x7f784810860b
+B+: 0x7f784810860c 0x7f7848108615
+B+: 0x7f7848108616 0x7f7848108623
+B+: 0x7f7848108624 0x7f784810862b
+B+: 0x7f784810862c 0x7f784810863c
+B+: 0x7f7848108657 0x7f7848108660
+B+: 0x7f7848108661 0x7f7848108678
+B+: 0x7f7848108679 0x7f784810867f
+B+: 0x7f7848108680 0x7f784810868c
+B+: 0x7f784810868d 0x7f7848108696
+B+: 0x7f7848108697 0x7f784810869b
+B+: 0x7f7848108760 0x7f7848108789
+B+: 0x7f78481087c0 0x7f78481087e3
+B+: 0x7f78481087f8 0x7f78481087f8
+B+: 0x7f7848108840 0x7f7848108844
+B+: 0x7f7848108850 0x7f7848108863
+B+: 0x7f7848108864 0x7f784810886f
+B+: 0x7f7848108870 0x7f784810887d
+B+: 0x7f784810887e 0x7f78481088aa
+B+: 0x7f78481088ab 0x7f78481088ac
+B+: 0x7f78481088cb 0x7f78481088d2
+B+: 0x7f7848108a50 0x7f7848108a57
+B+: 0x7f7848108a58 0x7f7848108a5e
+B+: 0x7f7848108a5f 0x7f7848108a63
+B+: 0x7f7848108a71 0x7f7848108a72
+B+: 0x7f78481096d0 0x7f78481096eb
+B+: 0x7f78481096ec 0x7f7848109705
+B+: 0x7f7848109717 0x7f784810971b
+B+: 0x7f784810971c 0x7f7848109720
+B+: 0x7f784810972c 0x7f7848109730
+B+: 0x7f784810973e 0x7f784810974d
+B+: 0x7f784810974e 0x7f7848109757
+B+: 0x7f7848109758 0x7f7848109775
+B+: 0x7f7848109780 0x7f7848109788
+B+: 0x7f7848109789 0x7f7848109790
+B+: 0x7f7848109791 0x7f784810979c
+B+: 0x7f784810a060 0x7f784810a07e
+B+: 0x7f784810a10d 0x7f784810a11c
+B+: 0x7f784810a11d 0x7f784810a123
+B+: 0x7f784810a140 0x7f784810a14a
+B+: 0x7f784810a14b 0x7f784810a152
+B+: 0x7f784810a153 0x7f784810a15d
+B+: 0x7f784810a15e 0x7f784810a16f
+B+: 0x7f784810a188 0x7f784810a18c
+B+: 0x7f784810a18d 0x7f784810a191
+B+: 0x7f784810a192 0x7f784810a19c
+B+: 0x7f784810a1a7 0x7f784810a1ad
+B+: 0x7f784810a1ae 0x7f784810a1b5
+B+: 0x7f784810a1c0 0x7f784810a1cf
+B+: 0x7f784810abc0 0x7f784810abfa
+B+: 0x7f784810abfb 0x7f784810ac07
+B+: 0x7f784810ac08 0x7f784810ac0f
+B+: 0x7f784810ac10 0x7f784810ac11
+B+: 0x7f784810ac18 0x7f784810ac21
+B+: 0x7f784810ac22 0x7f784810ac2e
+B+: 0x7f784810ac32 0x7f784810ac39
+B+: 0x7f784810ac3a 0x7f784810ac49
+B+: 0x7f784810ac4a 0x7f784810ac51
+B+: 0x7f784810ac52 0x7f784810ac58
+B+: 0x7f784810ac59 0x7f784810ac60
+B+: 0x7f784810ac61 0x7f784810ac68
+B+: 0x7f784810ac69 0x7f784810ac6d
+B+: 0x7f784810ac6e 0x7f784810ac77
+B+: 0x7f784810ac78 0x7f784810ac89
+B+: 0x7f784810ac8a 0x7f784810ac98
+B+: 0x7f784810ae90 0x7f784810aed3
+B+: 0x7f784810aedf 0x7f784810aef5
+B+: 0x7f784810aef6 0x7f784810aefa
+B+: 0x7f784810aefb 0x7f784810af5a
+B+: 0x7f784810af5b 0x7f784810af67
+B+: 0x7f784810af68 0x7f784810af77
+B+: 0x7f784810af78 0x7f784810af7f
+B+: 0x7f784810af80 0x7f784810af8b
+B+: 0x7f784810af8c 0x7f784810af94
+B+: 0x7f784810af95 0x7f784810af9b
+B+: 0x7f784810afa0 0x7f784810afaf
+B+: 0x7f784810afb0 0x7f784810afc5
+B+: 0x7f784810afc6 0x7f784810afcf
+B+: 0x7f784810afd0 0x7f784810afe3
+B+: 0x7f784810afe4 0x7f784810affc
+B+: 0x7f784810b019 0x7f784810b02b
+B+: 0x7f784810b02c 0x7f784810b034
+B+: 0x7f784810b035 0x7f784810b047
+B+: 0x7f784810b048 0x7f784810b05b
+B+: 0x7f784810b0a8 0x7f784810b0b4
+B+: 0x7f784810b0b5 0x7f784810b0b9
+B+: 0x7f784810b0db 0x7f784810b0e1
+B+: 0x7f784810b0f0 0x7f784810b103
+B+: 0x7f784810b104 0x7f784810b113
+B+: 0x7f784810b114 0x7f784810b11b
+B+: 0x7f784810b11c 0x7f784810b122
+B+: 0x7f784810b123 0x7f784810b152
+B+: 0x7f784810b153 0x7f784810b15f
+B+: 0x7f784810b160 0x7f784810b168
+B+: 0x7f784810b216 0x7f784810b21c
+B+: 0x7f784810b224 0x7f784810b22d
+B+: 0x7f784810b22e 0x7f784810b237
+B+: 0x7f784810b238 0x7f784810b241
+B+: 0x7f784810b242 0x7f784810b24b
+B+: 0x7f784810b25d 0x7f784810b266
+B+: 0x7f784810b267 0x7f784810b281
+B+: 0x7f784810b282 0x7f784810b293
+B+: 0x7f784810b34c 0x7f784810b353
+B+: 0x7f784810b354 0x7f784810b36f
+B+: 0x7f784810b51b 0x7f784810b525
+B+: 0x7f784810b526 0x7f784810b52e
+B+: 0x7f784810b52f 0x7f784810b537
+B+: 0x7f784810b8d0 0x7f784810b8ec
+B+: 0x7f784810b8ed 0x7f784810b8f1
+B+: 0x7f784810b8f8 0x7f784810b8fa
+B+: 0x7f784810b8fb 0x7f784810b907
+B+: 0x7f784810b908 0x7f784810b93e
+B+: 0x7f784810b93f 0x7f784810b940
+B+: 0x7f784810b963 0x7f784810b977
+B+: 0x7f784810b980 0x7f784810b986
+B+: 0x7f784810b987 0x7f784810b98e
+B+: 0x7f784810b98f 0x7f784810b997
+B+: 0x7f784810b998 0x7f784810b9ba
+B+: 0x7f784810b9bb 0x7f784810b9bc
+B+: 0x7f784810b9c0 0x7f784810b9e7
+B+: 0x7f784810b9e8 0x7f784810b9f7
+B+: 0x7f784810ba19 0x7f784810ba21
+B+: 0x7f784810ba22 0x7f784810ba2a
+B+: 0x7f784810ba2b 0x7f784810ba34
+B+: 0x7f784810ba35 0x7f784810ba3f
+B+: 0x7f784810bad0 0x7f784810bae9
+B+: 0x7f784810baea 0x7f784810bb00
+B+: 0x7f784810bb10 0x7f784810bb1f
+B+: 0x7f784810bb20 0x7f784810bb2b
+B+: 0x7f784810bb2c 0x7f784810bb31
+B+: 0x7f784810bb32 0x7f784810bb41
+B+: 0x7f784810bb56 0x7f784810bb61
+B+: 0x7f784810bb62 0x7f784810bb6f
+B+: 0x7f784810bb70 0x7f784810bb85
+B+: 0x7f784810bb86 0x7f784810bb97
+B+: 0x7f784810bb98 0x7f784810bbc0
+B+: 0x7f784810bbc8 0x7f784810bbcc
+B+: 0x7f784810bbcd 0x7f784810bbea
+B+: 0x7f784810bd70 0x7f784810bd98
+B+: 0x7f784810bda0 0x7f784810bda1
+B+: 0x7f784810bda2 0x7f784810bdaa
+B+: 0x7f784810bdab 0x7f784810bdc5
+B+: 0x7f784810bdc6 0x7f784810bdc9
+B+: 0x7f784810bdca 0x7f784810bdd1
+B+: 0x7f784810bdd2 0x7f784810bde6
+B+: 0x7f784810bdf0 0x7f784810be2a
+B+: 0x7f784810be2b 0x7f784810be2f
+B+: 0x7f784810be46 0x7f784810be5c
+B+: 0x7f784810be5d 0x7f784810be6e
+B+: 0x7f784810be90 0x7f784810bead
+B+: 0x7f784810bec8 0x7f784810bed1
+B+: 0x7f784810bed2 0x7f784810bedd
+B+: 0x7f784810bf6c 0x7f784810bf8f
+B+: 0x7f784810bf90 0x7f784810bf9c
+B+: 0x7f784810bf9d 0x7f784810bfa8
+B+: 0x7f784810bfa9 0x7f784810bfb0
+B+: 0x7f784810bfb1 0x7f784810bfc5
+B+: 0x7f784810c008 0x7f784810c012
+B+: 0x7f784810c013 0x7f784810c01e
+B+: 0x7f784810c01f 0x7f784810c02e
+B+: 0x7f784810c060 0x7f784810c066
+B+: 0x7f784810c067 0x7f784810c074
+B+: 0x7f784810c075 0x7f784810c086
+B+: 0x7f784810c087 0x7f784810c08e
+B+: 0x7f784810c08f 0x7f784810c0a2
+B+: 0x7f784810c0a3 0x7f784810c0b0
+B+: 0x7f784810c100 0x7f784810c116
+B+: 0x7f784810c145 0x7f784810c14d
+B+: 0x7f784810c14e 0x7f784810c157
+B+: 0x7f784810c160 0x7f784810c166
+B+: 0x7f784810c1c0 0x7f784810c1d1
+B+: 0x7f784810c1e8 0x7f784810c1ef
+B+: 0x7f784810c248 0x7f784810c25b
+B+: 0x7f784810c25c 0x7f784810c271
+B+: 0x7f784810c7d0 0x7f784810c7ff
+B+: 0x7f784810c80f 0x7f784810c812
+B+: 0x7f784810c813 0x7f784810c81c
+B+: 0x7f784810c81d 0x7f784810c820
+B+: 0x7f784810c821 0x7f784810c82f
+B+: 0x7f784810c830 0x7f784810c83a
+B+: 0x7f784810c84f 0x7f784810c85a
+B+: 0x7f784810c85f 0x7f784810c862
+B+: 0x7f784810c870 0x7f784810c877
+B+: 0x7f784810c878 0x7f784810c88d
+B+: 0x7f784810d440 0x7f784810d464
+B+: 0x7f784810d61e 0x7f784810d627
+B+: 0x7f784810d628 0x7f784810d631
+B+: 0x7f784810d632 0x7f784810d659
+B+: 0x7f784810d6af 0x7f784810d6bc
+B+: 0x7f784810d6c0 0x7f784810d6cb
+B+: 0x7f784810d730 0x7f784810d73b
+B+: 0x7f784810d740 0x7f784810d75e
+B+: 0x7f784810d75f 0x7f784810d767
+B+: 0x7f784810d7d2 0x7f784810d7e3
+B+: 0x7f784810d8a0 0x7f784810d8a7
+B+: 0x7f784810e260 0x7f784810e2a5
+B+: 0x7f784810e2b5 0x7f784810e2be
+B+: 0x7f784810e2bf 0x7f784810e2d2
+B+: 0x7f784810e2d3 0x7f784810e2fc
+B+: 0x7f784810e2fd 0x7f784810e310
+B+: 0x7f784810e324 0x7f784810e328
+B+: 0x7f784810e336 0x7f784810e33f
+B+: 0x7f784810e340 0x7f784810e344
+B+: 0x7f784810e370 0x7f784810e386
+B+: 0x7f784810e387 0x7f784810e398
+B+: 0x7f784810e3a0 0x7f784810e3b6
+B+: 0x7f784810e3b7 0x7f784810e3d7
+B+: 0x7f784810e3dd 0x7f784810e3ec
+B+: 0x7f784810e850 0x7f784810e886
+B+: 0x7f784810e887 0x7f784810e89a
+B+: 0x7f784810e89b 0x7f784810e8ad
+B+: 0x7f784810e8ae 0x7f784810e8c4
+B+: 0x7f784810e8c5 0x7f784810e8d7
+B+: 0x7f784810e8d8 0x7f784810e8e7
+B+: 0x7f784810e8e8 0x7f784810e90c
+B+: 0x7f784810e90d 0x7f784810e915
+B+: 0x7f784810e924 0x7f784810e933
+B+: 0x7f784810e934 0x7f784810e947
+B+: 0x7f784810e948 0x7f784810e954
+B+: 0x7f784810e955 0x7f784810e95f
+B+: 0x7f784810e960 0x7f784810e964
+B+: 0x7f784810ea6a 0x7f784810ea7c
+B+: 0x7f784810ea7d 0x7f784810ea9c
+B+: 0x7f784810eba0 0x7f784810ebad
+B+: 0x7f784810ebae 0x7f784810ebe1
+B+: 0x7f784810ebf0 0x7f784810ebfb
+B+: 0x7f784810edb0 0x7f784810edbd
+B+: 0x7f784810edbe 0x7f784810edca
+B+: 0x7f784810edcb 0x7f784810ede3
+B+: 0x7f784810ede8 0x7f784810edf4
+B+: 0x7f784810edf8 0x7f784810ee04
+B+: 0x7f784810ee05 0x7f784810ee12
+B+: 0x7f784810ee13 0x7f784810ee1d
+B+: 0x7f784810eeb4 0x7f784810eec1
+B+: 0x7f784810f160 0x7f784810f174
+B+: 0x7f784810f175 0x7f784810f187
+B+: 0x7f784810f188 0x7f784810f1a2
+B+: 0x7f784810f1a3 0x7f784810f1ac
+B+: 0x7f784810f1ad 0x7f784810f1b3
+B+: 0x7f784810f1d0 0x7f784810f1e5
+B+: 0x7f784810f1eb 0x7f784810f1f3
+B+: 0x7f784810f205 0x7f784810f20b
+B+: 0x7f784810f20c 0x7f784810f21d
+B+: 0x7f784810f21e 0x7f784810f226
+B+: 0x7f784810f227 0x7f784810f230
+B+: 0x7f784810f231 0x7f784810f232
+B+: 0x7f784810f240 0x7f784810f248
+B+: 0x7f784810f260 0x7f784810f260
+B+: 0x7f784810f520 0x7f784810f534
+B+: 0x7f784810f572 0x7f784810f578
+B+: 0x7f784810f580 0x7f784810f583
+B+: 0x7f784810f610 0x7f784810f656
+B+: 0x7f784810f65b 0x7f784810f686
+B+: 0x7f784810f687 0x7f784810f69d
+B+: 0x7f784810f6fc 0x7f784810f708
+B+: 0x7f784810f709 0x7f784810f711
+B+: 0x7f784810f712 0x7f784810f72a
+B+: 0x7f784810f72b 0x7f784810f73c
+B+: 0x7f784810f740 0x7f784810f747
+B+: 0x7f784810f748 0x7f784810f75f
+B+: 0x7f784810f760 0x7f784810f766
+B+: 0x7f784810f767 0x7f784810f780
+B+: 0x7f784810f790 0x7f784810f793
+B+: 0x7f784810f794 0x7f784810f798
+B+: 0x7f784810f7a2 0x7f784810f7aa
+B+: 0x7f784810f7ab 0x7f784810f7ae
+B+: 0x7f784810f7af 0x7f784810f7bd
+B+: 0x7f784810f7cb 0x7f784810f7d3
+B+: 0x7f784810f825 0x7f784810f841
+B+: 0x7f784810f842 0x7f784810f84d
+B+: 0x7f784810f87e 0x7f784810f88e
+B+: 0x7f784810f88f 0x7f784810f8a0
+B+: 0x7f784810f8a1 0x7f784810f8ad
+B+: 0x7f784810fc10 0x7f784810fc30
+B+: 0x7f784810fc31 0x7f784810fc58
+B+: 0x7f784810fc5e 0x7f784810fc66
+B+: 0x7f784810fc67 0x7f784810fc6f
+B+: 0x7f784810fc78 0x7f784810fc87
+B+: 0x7f784810fc88 0x7f784810fc89
+B+: 0x7f784810fca0 0x7f784810fcaf
+B+: 0x7f784810fcba 0x7f784810fcc4
+B+: 0x7f784810fce0 0x7f784810fce8
+B+: 0x7f7848110360 0x7f784811036b
+B+: 0x7f7848110480 0x7f7848110480
+B+: 0x7f78481109c0 0x7f78481109db
+B+: 0x7f7848110a16 0x7f7848110a32
+B+: 0x7f7848110a33 0x7f7848110a52
+B+: 0x7f7848110a63 0x7f7848110a6a
+B+: 0x7f7848110a90 0x7f7848110aa6
+B+: 0x7f7848110aa7 0x7f7848110aae
+B+: 0x7f7848110aaf 0x7f7848110ab6
+B+: 0x7f7848110af6 0x7f7848110b01
+B+: 0x7f7848110b0c 0x7f7848110b34
+B+: 0x7f7848110b40 0x7f7848110b57
+B+: 0x7f7848110b58 0x7f7848110b5f
+B+: 0x7f7848110b60 0x7f7848110b67
+B+: 0x7f7848110b68 0x7f7848110b70
+B+: 0x7f7848110b71 0x7f7848110b7a
+B+: 0x7f7848110b7b 0x7f7848110b80
+B+: 0x7f7848110b97 0x7f7848110b9c
+B+: 0x7f7848110c0a 0x7f7848110c3d
+B+: 0x7f7848110c47 0x7f7848110c53
+B+: 0x7f7848110ed0 0x7f7848110ede
+B+: 0x7f7848110edf 0x7f7848110ee7
+B+: 0x7f7848110ee8 0x7f7848110efc
+B+: 0x7f7848110efd 0x7f7848110f02
+B+: 0x7f7848110f03 0x7f7848110f1b
+B+: 0x7f7848110f1c 0x7f7848110f21
+B+: 0x7f7848110f22 0x7f7848110f2b
+B+: 0x7f7848110fc0 0x7f7848110fc7
+B+: 0x7f7848110fc8 0x7f7848110fd0
+B+: 0x7f7848111760 0x7f7848111768
+B+: 0x7f7848111769 0x7f784811176d
+B+: 0x7f784811176e 0x7f7848111772
+B+: 0x7f7848111780 0x7f7848111788
+B+: 0x7f7848111789 0x7f784811178d
+B+: 0x7f784811178e 0x7f7848111792
+B+: 0x7f78481117c0 0x7f78481117d9
+B+: 0x7f78481117da 0x7f78481117e6
+B+: 0x7f78481117f7 0x7f7848111802
+B+: 0x7f7848111803 0x7f784811180b
+B+: 0x7f784811180c 0x7f7848111841
+B+: 0x7f7848111842 0x7f784811184b
+B+: 0x7f784811184c 0x7f7848111852
+B+: 0x7f7848111853 0x7f7848111875
+B+: 0x7f7848111880 0x7f784811188e
+B+: 0x7f78481118b0 0x7f78481118c8
+B+: 0x7f7848111900 0x7f7848111941
+B+: 0x7f7848111950 0x7f7848111966
+B+: 0x7f7848111967 0x7f784811197e
+B+: 0x7f784811197f 0x7f784811198a
+B+: 0x7f784811198b 0x7f78481119b3
+B+: 0x7f78481119b4 0x7f78481119bd
+B+: 0x7f78481119be 0x7f78481119bf
+B+: 0x7f78481119d0 0x7f78481119e8
+B+: 0x7f78481119e9 0x7f7848111a14
+B+: 0x7f7848111a1e 0x7f7848111a25
+B+: 0x7f7848111a26 0x7f7848111a33
+B+: 0x7f7848111a34 0x7f7848111a46
+B+: 0x7f7848111ae0 0x7f7848111afe
+B+: 0x7f7848111aff 0x7f7848111b0c
+B+: 0x7f7848111b0d 0x7f7848111b1b
+B+: 0x7f7848111b1c 0x7f7848111b2c
+B+: 0x7f7848111b40 0x7f7848111b62
+B+: 0x7f7848111b98 0x7f7848111ba9
+B+: 0x7f78481126d0 0x7f78481126f4
+B+: 0x7f78481126f5 0x7f784811270d
+B+: 0x7f784811270e 0x7f7848112712
+B+: 0x7f7848112713 0x7f784811271e
+B+: 0x7f784811271f 0x7f7848112723
+B+: 0x7f7848112724 0x7f7848112728
+B+: 0x7f7848112729 0x7f7848112730
+B+: 0x7f784811273c 0x7f7848112749
+B+: 0x7f784811274a 0x7f784811274d
+B+: 0x7f784811274e 0x7f7848112760
+B+: 0x7f7848112761 0x7f784811276b
+B+: 0x7f7848112790 0x7f784811279d
+B+: 0x7f784811279e 0x7f78481127a5
+B+: 0x7f78481127a6 0x7f78481127a7
+B+: 0x7f7848112890 0x7f784811289d
+B+: 0x7f784811289e 0x7f78481128a9
+B+: 0x7f78481128aa 0x7f78481128bd
+B+: 0x7f78481128c0 0x7f78481128ca
+B+: 0x7f78481128d0 0x7f78481128ef
+B+: 0x7f78481128f0 0x7f78481128f4
+B+: 0x7f78481128f5 0x7f784811290c
+B+: 0x7f784811290d 0x7f7848112910
+B+: 0x7f7848112911 0x7f7848112912
+B+: 0x7f7848112913 0x7f784811291b
+B+: 0x7f784811291c 0x7f7848112930
+B+: 0x7f7848112938 0x7f784811293c
+B+: 0x7f7848112980 0x7f784811298f
+B+: 0x7f7848112990 0x7f784811299b
+B+: 0x7f784811299c 0x7f78481129ab
+B+: 0x7f7848112a80 0x7f7848112a93
+B+: 0x7f7848112a94 0x7f7848112aac
+B+: 0x7f7848112aad 0x7f7848112abf
+B+: 0x7f7848112ac0 0x7f7848112ada
+B+: 0x7f7848112adb 0x7f7848112ae3
+B+: 0x7f7848112aec 0x7f7848112af8
+B+: 0x7f7848112af9 0x7f7848112b02
+B+: 0x7f7848112b03 0x7f7848112b06
+B+: 0x7f7848112b07 0x7f7848112b1a
+B+: 0x7f7848112c49 0x7f7848112c55
+B+: 0x7f7848112c56 0x7f7848112c67
+B+: 0x7f7848112c82 0x7f7848112c93
+B+: 0x7f7848112d77 0x7f7848112d82
+B+: 0x7f7848112da0 0x7f7848112db2
+B+: 0x7f7848112db3 0x7f7848112ddf
+B+: 0x7f7848112de0 0x7f7848112deb
+B+: 0x7f7848112dec 0x7f7848112dfc
+B+: 0x7f7848112dfd 0x7f7848112e18
+B+: 0x7f7848112e19 0x7f7848112e25
+B+: 0x7f7848112e26 0x7f7848112e2e
+B+: 0x7f7848112e2f 0x7f7848112e3f
+B+: 0x7f7848112e40 0x7f7848112e44
+B+: 0x7f7848112e45 0x7f7848112e50
+B+: 0x7f7848112e51 0x7f7848112e5d
+B+: 0x7f7848112e5e 0x7f7848112e77
+B+: 0x7f7848112ece 0x7f7848112ed2
+B+: 0x7f7848112ed3 0x7f7848112ede
+B+: 0x7f7848112ee0 0x7f7848112eec
+B+: 0x7f7848112f60 0x7f7848112f7c
+B+: 0x7f7848113120 0x7f7848113128
+B+: 0x7f7848113129 0x7f7848113147
+B+: 0x7f7848113750 0x7f784811375e
+B+: 0x7f784811375f 0x7f7848113763
+B+: 0x7f7848113764 0x7f7848113770
+B+: 0x7f7848113771 0x7f7848113777
+B+: 0x7f7848113778 0x7f7848113783
+B+: 0x7f7848113784 0x7f7848113788
+B+: 0x7f7848113789 0x7f784811378d
+B+: 0x7f784811378e 0x7f7848113796
+B+: 0x7f7848113797 0x7f784811379e
+B+: 0x7f7848113890 0x7f7848113892
+B+: 0x7f78481138a7 0x7f78481138ab
+B+: 0x7f78481138ac 0x7f78481138b2
+B+: 0x7f78481138b3 0x7f78481138b6
+B+: 0x7f78481138d0 0x7f78481138e1
+B+: 0x7f78481138e2 0x7f78481138e6
+B+: 0x7f78481138e7 0x7f78481138eb
+B+: 0x7f78481138ec 0x7f78481138f1
+B+: 0x7f78481138f2 0x7f78481138fa
+B+: 0x7f78481138fb 0x7f78481138fc
+B+: 0x7f7848113940 0x7f7848113948
+B+: 0x7f7848113949 0x7f7848113951
+B+: 0x7f7848113980 0x7f7848113988
+B+: 0x7f7848113989 0x7f784811398a
+B+: 0x7f784811398b 0x7f7848113991
+B+: 0x7f7848113992 0x7f78481139a2
+B+: 0x7f78481139a8 0x7f78481139ac
+B+: 0x7f78481139eb 0x7f7848113a00
+B+: 0x7f7848113a08 0x7f7848113a10
+B+: 0x7f7848113af0 0x7f7848113b11
+B+: 0x7f7848113b12 0x7f7848113b16
+B+: 0x7f7848113b17 0x7f7848113b1d
+B+: 0x7f7848113b1e 0x7f7848113b26
+B+: 0x7f7848113b27 0x7f7848113b34
+B+: 0x7f7848113b35 0x7f7848113b3c
+B+: 0x7f7848113b3d 0x7f7848113b49
+B+: 0x7f7848113b4a 0x7f7848113b5a
+B+: 0x7f7848113b5b 0x7f7848113b63
+B+: 0x7f7848113b7f 0x7f7848113b93
+B+: 0x7f7848113b94 0x7f7848113b9c
+B+: 0x7f7848113be0 0x7f7848113bf7
+B+: 0x7f7848113bf8 0x7f7848113c00
+B+: 0x7f7848113c1b 0x7f7848113c2b
+B+: 0x7f7848113d40 0x7f7848113d5e
+B+: 0x7f7848113d5f 0x7f7848113d6d
+B+: 0x7f7848113d6e 0x7f7848113d72
+B+: 0x7f7848113d7d 0x7f7848113d90
+B+: 0x7f7848113d91 0x7f7848113d95
+B+: 0x7f7848113d96 0x7f7848113d9a
+B+: 0x7f7848113da0 0x7f7848113da4
+B+: 0x7f7848113dd5 0x7f7848113dd9
+B+: 0x7f7848113dda 0x7f7848113dde
+B+: 0x7f7848113df0 0x7f7848113dfb
+B+: 0x7f7848113dfc 0x7f7848113e07
+B+: 0x7f7848113e08 0x7f7848113e10
+B+: 0x7f7848113e2c 0x7f7848113e30
+B+: 0x7f7848113e31 0x7f7848113e36
+B+: 0x7f7848113e41 0x7f7848113e45
+B+: 0x7f7848113e46 0x7f7848113e54
+B+: 0x7f7848113e55 0x7f7848113e5d
+B+: 0x7f7848113e5e 0x7f7848113e62
+B+: 0x7f7848113e63 0x7f7848113e74
+B+: 0x7f7848113e78 0x7f7848113e84
+B+: 0x7f7848113ea0 0x7f7848113ea4
+B+: 0x7f7848113ef0 0x7f7848113f03
+B+: 0x7f7848113f40 0x7f7848113f76
+B+: 0x7f7848113f77 0x7f7848113f82
+B+: 0x7f7848113f83 0x7f7848113f92
+B+: 0x7f784811401b 0x7f7848114031
+B+: 0x7f7848114032 0x7f7848114040
+B+: 0x7f7848114075 0x7f78481140b8
+B+: 0x7f78481140b9 0x7f78481140c3
+B+: 0x7f78481140c4 0x7f78481140cc
+B+: 0x7f78481140cd 0x7f78481140d5
+B+: 0x7f78481140d6 0x7f78481140de
+B+: 0x7f78481140df 0x7f7848114106
+B+: 0x7f7848114107 0x7f7848114133
+B+: 0x7f7848114578 0x7f7848114581
+B+: 0x7f7848114582 0x7f78481145a8
+B+: 0x7f78481145a9 0x7f78481145b6
+B+: 0x7f78481145d0 0x7f78481145e0
+B+: 0x7f78481145e1 0x7f78481145ee
+B+: 0x7f78481145ef 0x7f78481145f3
+B+: 0x7f7848114670 0x7f784811467e
+B+: 0x7f784811467f 0x7f7848114683
+B+: 0x7f7848114684 0x7f7848114692
+B+: 0x7f7848114693 0x7f784811469a
+B+: 0x7f784811469b 0x7f78481146a2
+B+: 0x7f78481146a3 0x7f78481146b7
+B+: 0x7f7848114790 0x7f78481147bc
+B+: 0x7f78481147bd 0x7f78481147d4
+B+: 0x7f78481147e0 0x7f784811483a
+B+: 0x7f784811483b 0x7f7848114875
+B+: 0x7f7848114876 0x7f7848114893
+B+: 0x7f7848114894 0x7f78481148a3
+B+: 0x7f78481148a4 0x7f78481148b0
+B+: 0x7f78481149b4 0x7f78481149b8
+B+: 0x7f78481149b9 0x7f78481149cf
+B+: 0x7f78481149d0 0x7f78481149dc
+B+: 0x7f78481149dd 0x7f78481149ef
+B+: 0x7f78481149f0 0x7f78481149f7
+B+: 0x7f7848114a01 0x7f7848114a16
+B+: 0x7f7848114a28 0x7f7848114a3d
+B+: 0x7f7848114a3e 0x7f7848114a4d
+B+: 0x7f7848114a79 0x7f7848114a97
+B+: 0x7f7848114a98 0x7f7848114ac0
+B+: 0x7f7848114ac1 0x7f7848114acf
+B+: 0x7f7848115148 0x7f7848115154
+B+: 0x7f7848115155 0x7f7848115174
+B+: 0x7f7848115175 0x7f784811517f
+B+: 0x7f78481151ac 0x7f78481151b0
+B+: 0x7f78481151b1 0x7f78481151b5
+B+: 0x7f7848115a40 0x7f7848115a64
+B+: 0x7f7848115b10 0x7f7848115b1a
+B+: 0x7f7848115b40 0x7f7848115b47
+B+: 0x7f7848115b48 0x7f7848115b51
+B+: 0x7f7848115b58 0x7f7848115b60
+B+: 0x7f7848115b61 0x7f7848115b6a
+B+: 0x7f7848115b88 0x7f7848115b8c
+B+: 0x7f7848115b8d 0x7f7848115b94
+B+: 0x7f7848115ba0 0x7f7848115ba4
+B+: 0x7f7848115d00 0x7f7848115d30
+B+: 0x7f7848115e3f 0x7f7848115e55
+B+: 0x7f7848115e56 0x7f7848115e67
+B+: 0x7f78481161e0 0x7f7848116222
+B+: 0x7f7848116223 0x7f7848116228
+B+: 0x7f784811624c 0x7f7848116260
+B+: 0x7f7848116261 0x7f7848116269
+B+: 0x7f7848116270 0x7f7848116279
+B+: 0x7f7848116288 0x7f78481162a0
+B+: 0x7f78481162a1 0x7f78481162ba
+B+: 0x7f78481162bb 0x7f78481162bc
+B+: 0x7f78481162d0 0x7f78481162d8
+B+: 0x7f78481162f8 0x7f78481162f8
+B+: 0x7f7848116300 0x7f784811630c
+B+: 0x7f784811633f 0x7f7848116343
+B+: 0x7f7848116380 0x7f7848116384
+B+: 0x7f78481163d0 0x7f78481163e3
+B+: 0x7f7848116400 0x7f7848116400
+B+: 0x7f7848116420 0x7f784811645b
+B+: 0x7f7848116467 0x7f7848116471
+B+: 0x7f7848116472 0x7f7848116489
+B+: 0x7f784811648a 0x7f784811648d
+B+: 0x7f784811648e 0x7f7848116494
+B+: 0x7f7848116495 0x7f784811649d
+B+: 0x7f784811649e 0x7f78481164a9
+B+: 0x7f78481164aa 0x7f78481164c2
+B+: 0x7f78481164c3 0x7f78481164ce
+B+: 0x7f78481164cf 0x7f78481164e5
+B+: 0x7f78481164e6 0x7f78481164f5
+B+: 0x7f7848116500 0x7f784811650e
+B+: 0x7f784811650f 0x7f7848116513
+B+: 0x7f7848116514 0x7f784811651e
+B+: 0x7f7848116540 0x7f7848116549
+B+: 0x7f784811654a 0x7f784811654e
+B+: 0x7f784811654f 0x7f7848116560
+B+: 0x7f7848116568 0x7f7848116577
+B+: 0x7f7848116580 0x7f7848116589
+B+: 0x7f78481165a8 0x7f78481165bb
+B+: 0x7f78481165c0 0x7f78481165ce
+B+: 0x7f78481165cf 0x7f78481165dc
+B+: 0x7f78481166f0 0x7f78481166fd
+B+: 0x7f78481167a0 0x7f78481167a0
+B+: 0x7f78481167b0 0x7f78481167ba
+B+: 0x7f78481167bb 0x7f78481167ce
+B+: 0x7f78481167cf 0x7f78481167d8
+B+: 0x7f78481167d9 0x7f78481167e6
+B+: 0x7f7848116800 0x7f784811682d
+B+: 0x7f784811682e 0x7f7848116831
+B+: 0x7f7848116832 0x7f7848116847
+B+: 0x7f7848116864 0x7f784811686b
+B+: 0x7f784811686c 0x7f784811686f
+B+: 0x7f7848116870 0x7f7848116876
+B+: 0x7f7848116877 0x7f784811687b
+B+: 0x7f784811687c 0x7f7848116886
+B+: 0x7f7848116ae0 0x7f7848116b01
+B+: 0x7f7848116b02 0x7f7848116b0a
+B+: 0x7f7848116b0b 0x7f7848116b14
+B+: 0x7f7848116b15 0x7f7848116b19
+B+: 0x7f7848116c00 0x7f7848116c19
+B+: 0x7f7848116c51 0x7f7848116c8e
+B+: 0x7f7848116c8f 0x7f7848116c9e
+B+: 0x7f7848116c9f 0x7f7848116ca6
+B+: 0x7f7848116df0 0x7f7848116dfb
+B+: 0x7f7848116e20 0x7f7848116e20
+B+: 0x7f7848116e30 0x7f7848116e38
+B+: 0x7f7848118940 0x7f784811894b
+B+: 0x7f784811894c 0x7f7848118957
+B+: 0x7f7848118958 0x7f7848118964
+B+: 0x7f7848118965 0x7f7848118969
+B+: 0x7f784811896a 0x7f784811896f
+B+: 0x7f7848118970 0x7f7848118976
+B+: 0x7f7848118980 0x7f7848118987
+B+: 0x7f7848118988 0x7f784811898c
+B+: 0x7f784811898d 0x7f784811899b
+B+: 0x7f784811899c 0x7f78481189a0
+B+: 0x7f78481189a1 0x7f78481189a8
+B+: 0x7f78481189a9 0x7f78481189ad
+B+: 0x7f78481189ae 0x7f78481189b8
+B+: 0x7f78481189b9 0x7f78481189b9
+B+: 0x7f78481189c0 0x7f78481189c5
+B+: 0x7f78481189c6 0x7f78481189c9
+B+: 0x7f78481189d0 0x7f78481189d0
+B+: 0x7f78481189d1 0x7f78481189d5
+B+: 0x7f78481189d6 0x7f78481189d9
+B+: 0x7f78481189e0 0x7f78481189ff
+B+: 0x7f7848118a00 0x7f7848118a11
+B+: 0x7f7848118a12 0x7f7848118a16
+B+: 0x7f7848118a20 0x7f7848118a22
+B+: 0x7f7848118a23 0x7f7848118a2f
+B+: 0x7f7848118a30 0x7f7848118a33
+B+: 0x7f7848118a34 0x7f7848118a5d
+B+: 0x7f7848118a5e 0x7f7848118a62
+B+: 0x7f7848118a63 0x7f7848118a82
+B+: 0x7f7848118ac0 0x7f7848118ade
+B+: 0x7f7848118adf 0x7f7848118ae3
+B+: 0x7f7848118ae4 0x7f7848118ae8
+B+: 0x7f7848118af0 0x7f7848118af2
+B+: 0x7f7848118af3 0x7f7848118aff
+B+: 0x7f7848118b00 0x7f7848118b03
+B+: 0x7f7848118b04 0x7f7848118b3e
+B+: 0x7f7848118b3f 0x7f7848118b49
+B+: 0x7f7848118b4a 0x7f7848118b57
+B+: 0x7f7848118b58 0x7f7848118b5d
+B+: 0x7f7848118b5e 0x7f7848118b66
+B+: 0x7f7848118b67 0x7f7848118b70
+B+: 0x7f7848118b71 0x7f7848118b7a
+B+: 0x7f7848118b7b 0x7f7848118b9a
+B+: 0x7f7848118b9b 0x7f7848118ba3
+B+: 0x7f7848118ba4 0x7f7848118bbd
+B+: 0x7f7848118bc0 0x7f7848118bc5
+B+: 0x7f7848118bc6 0x7f7848118bcf
+B+: 0x7f7848118bd0 0x7f7848118bd9
+B+: 0x7f7848118bda 0x7f7848118bf7
+B+: 0x7f7848118c08 0x7f7848118c14
+B+: 0x7f7848118c15 0x7f7848118c1b
+B+: 0x7f7848118c1c 0x7f7848118c29
+B+: 0x7f7848118cb0 0x7f7848118cca
+B+: 0x7f7848118ccb 0x7f7848118cda
+B+: 0x7f7848118cdb 0x7f7848118ce6
+B+: 0x7f7848118ce7 0x7f7848118cef
+B+: 0x7f7848118cf0 0x7f7848118cf4
+B+: 0x7f7848118cf5 0x7f7848118cfc
+B+: 0x7f7848118cfd 0x7f7848118d10
+B+: 0x7f7848118d11 0x7f7848118d21
+B+: 0x7f7848118d22 0x7f7848118d26
+B+: 0x7f7848118d27 0x7f7848118d38
+B+: 0x7f7848118d39 0x7f7848118d4b
+B+: 0x7f7848118d4c 0x7f7848118d54
+B+: 0x7f7848118d55 0x7f7848118d5e
+B+: 0x7f7848118d5f 0x7f7848118d6d
+B+: 0x7f7848118ea0 0x7f7848118eb6
+B+: 0x7f7848118eb7 0x7f7848118ebb
+B+: 0x7f7848118ebc 0x7f7848118ec0
+B+: 0x7f7848118ec8 0x7f7848118ecb
+B+: 0x7f7848118ecc 0x7f7848118ed9
+B+: 0x7f7848118eda 0x7f7848118edd
+B+: 0x7f7848118ede 0x7f7848118f06
+B+: 0x7f7848118f07 0x7f7848118f10
+B+: 0x7f7848118f11 0x7f7848118f16
+B+: 0x7f7848118f17 0x7f7848118f24
+B+: 0x7f7848118f25 0x7f7848118f2d
+B+: 0x7f7848119440 0x7f784811946b
+B+: 0x7f784811946c 0x7f7848119470
+B+: 0x7f7848119471 0x7f7848119475
+B+: 0x7f7848119536 0x7f784811953e
+B+: 0x7f784811953f 0x7f7848119548
+B+: 0x7f7848119549 0x7f7848119551
+B+: 0x7f78481195d0 0x7f78481195e4
+B+: 0x7f78481195e5 0x7f7848119606
+B+: 0x7f7848119607 0x7f7848119610
+B+: 0x7f7848119611 0x7f7848119618
+B+: 0x7f7848119640 0x7f7848119648
+B+: 0x7f7848119649 0x7f7848119656
+B+: 0x7f7848119657 0x7f784811965f
+B+: 0x7f7848119660 0x7f7848119661
+B+: 0x7f7848119760 0x7f78481197aa
+B+: 0x7f78481197ab 0x7f78481197af
+B+: 0x7f78481197b0 0x7f78481197be
+B+: 0x7f78481197c8 0x7f78481197d3
+B+: 0x7f78481197d4 0x7f78481197d8
+B+: 0x7f78481197d9 0x7f78481197e0
+B+: 0x7f78481197e1 0x7f78481197e5
+B+: 0x7f78481197e6 0x7f78481197f3
+B+: 0x7f78481197f4 0x7f78481197fb
+B+: 0x7f7848119800 0x7f7848119810
+B+: 0x7f7848119811 0x7f7848119815
+B+: 0x7f7848119816 0x7f7848119832
+B+: 0x7f7848119833 0x7f7848119843
+B+: 0x7f7848119844 0x7f784811984f
+B+: 0x7f7848119850 0x7f7848119857
+B+: 0x7f7848119858 0x7f784811985c
+B+: 0x7f784811985d 0x7f7848119868
+B+: 0x7f7848119869 0x7f784811987b
+B+: 0x7f784811987c 0x7f7848119884
+B+: 0x7f7848119888 0x7f7848119897
+B+: 0x7f7848119898 0x7f784811989b
+B+: 0x7f784811989c 0x7f78481198b4
+B+: 0x7f78481198b5 0x7f78481198b8
+B+: 0x7f78481198b9 0x7f78481198c6
+B+: 0x7f78481198c7 0x7f78481198d5
+B+: 0x7f7848119dc0 0x7f7848119dec
+B+: 0x7f7848119ded 0x7f7848119df2
+B+: 0x7f7848119df3 0x7f7848119e04
+B+: 0x7f7848119e05 0x7f7848119e0d
+B+: 0x7f7848119e0e 0x7f7848119e1c
+CND+ 0x7f784810800e: taken
+CND+ 0x7f78481085ea: not taken
+CND+ 0x7f7848108626: not taken
+CND+ 0x7f784810863b: taken
+CND+ 0x7f7848108673: not taken
+CND+ 0x7f7848108687: not taken
+CND+ 0x7f7848108695: not taken
+CND+ 0x7f78481087e2: taken
+CND+ 0x7f7848108862: not taken
+CND+ 0x7f784810887c: both
+CND+ 0x7f78481088a9: not taken
+CND+ 0x7f7848108a5d: not taken
+CND+ 0x7f7848108a62: taken
+CND+ 0x7f78481096e6: not taken
+CND+ 0x7f7848109704: taken
+CND+ 0x7f784810971a: not taken
+CND+ 0x7f784810971f: taken
+CND+ 0x7f784810972f: taken
+CND+ 0x7f784810974c: not taken
+CND+ 0x7f7848109756: not taken
+CND+ 0x7f784810978f: not taken
+CND+ 0x7f784810979b: taken
+CND+ 0x7f784810a079: taken
+CND+ 0x7f784810a11b: not taken
+CND+ 0x7f784810a149: not taken
+CND+ 0x7f784810a158: not taken
+CND+ 0x7f784810a190: not taken
+CND+ 0x7f784810a1ce: taken
+CND+ 0x7f784810ac20: not taken
+CND+ 0x7f784810ac2d: taken
+CND+ 0x7f784810ac48: not taken
+CND+ 0x7f784810ac5f: both
+CND+ 0x7f784810ac88: not taken
+CND+ 0x7f784810aed2: taken
+CND+ 0x7f784810af55: not taken
+CND+ 0x7f784810af7e: not taken
+CND+ 0x7f784810af8a: not taken
+CND+ 0x7f784810af93: both
+CND+ 0x7f784810afc4: not taken
+CND+ 0x7f784810afe2: both
+CND+ 0x7f784810affb: taken
+CND+ 0x7f784810b05a: taken
+CND+ 0x7f784810b0af: not taken
+CND+ 0x7f784810b0b8: taken
+CND+ 0x7f784810b0e0: taken
+CND+ 0x7f784810b116: not taken
+CND+ 0x7f784810b15a: not taken
+CND+ 0x7f784810b163: taken
+CND+ 0x7f784810b21b: taken
+CND+ 0x7f784810b24a: taken
+CND+ 0x7f784810b27c: not taken
+CND+ 0x7f784810b36a: taken
+CND+ 0x7f784810b520: not taken
+CND+ 0x7f784810b529: not taken
+CND+ 0x7f784810b532: taken
+CND+ 0x7f784810b8eb: not taken
+CND+ 0x7f784810b906: both
+CND+ 0x7f784810b93d: not taken
+CND+ 0x7f784810b985: both
+CND+ 0x7f784810b9f6: taken
+CND+ 0x7f784810ba20: both
+CND+ 0x7f784810ba29: not taken
+CND+ 0x7f784810ba33: not taken
+CND+ 0x7f784810bae4: not taken
+CND+ 0x7f784810bafb: taken
+CND+ 0x7f784810bb2a: both
+CND+ 0x7f784810bb30: both
+CND+ 0x7f784810bb40: taken
+CND+ 0x7f784810bb60: not taken
+CND+ 0x7f784810bb96: not taken
+CND+ 0x7f784810bbe5: taken
+CND+ 0x7f784810bda0: not taken
+CND+ 0x7f784810bda9: not taken
+CND+ 0x7f784810bdc8: both
+CND+ 0x7f784810bdd0: both
+CND+ 0x7f784810be2e: taken
+CND+ 0x7f784810be57: not taken
+CND+ 0x7f784810beac: taken
+CND+ 0x7f784810bed8: taken
+CND+ 0x7f784810bfa3: not taken
+CND+ 0x7f784810bfc0: taken
+CND+ 0x7f784810c019: not taken
+CND+ 0x7f784810c065: not taken
+CND+ 0x7f784810c06f: not taken
+CND+ 0x7f784810c089: both
+CND+ 0x7f784810c09d: not taken
+CND+ 0x7f784810c0ab: taken
+CND+ 0x7f784810c14c: not taken
+CND+ 0x7f784810c156: taken
+CND+ 0x7f784810c1cc: taken
+CND+ 0x7f784810c1ee: taken
+CND+ 0x7f784810c811: both
+CND+ 0x7f784810c81b: not taken
+CND+ 0x7f784810c81f: not taken
+CND+ 0x7f784810c839: taken
+CND+ 0x7f784810c859: taken
+CND+ 0x7f784810c861: taken
+CND+ 0x7f784810d45f: taken
+CND+ 0x7f784810d626: not taken
+CND+ 0x7f784810d6ca: taken
+CND+ 0x7f784810d762: taken
+CND+ 0x7f784810e2a4: taken
+CND+ 0x7f784810e2bd: not taken
+CND+ 0x7f784810e2cd: not taken
+CND+ 0x7f784810e30f: taken
+CND+ 0x7f784810e327: taken
+CND+ 0x7f784810e33a: not taken
+CND+ 0x7f784810e343: taken
+CND+ 0x7f784810e381: not taken
+CND+ 0x7f784810e3d6: taken
+CND+ 0x7f784810e3e7: taken
+CND+ 0x7f784810e895: not taken
+CND+ 0x7f784810e8a8: not taken
+CND+ 0x7f784810e8d2: not taken
+CND+ 0x7f784810e907: not taken
+CND+ 0x7f784810e942: taken
+CND+ 0x7f784810e953: not taken
+CND+ 0x7f784810e963: taken
+CND+ 0x7f784810ea7b: not taken
+CND+ 0x7f784810edbc: both
+CND+ 0x7f784810edc9: both
+CND+ 0x7f784810ee03: not taken
+CND+ 0x7f784810ee0d: not taken
+CND+ 0x7f784810ee18: taken
+CND+ 0x7f784810f1a1: not taken
+CND+ 0x7f784810f1ab: not taken
+CND+ 0x7f784810f1e4: taken
+CND+ 0x7f784810f1f2: taken
+CND+ 0x7f784810f20a: not taken
+CND+ 0x7f784810f225: not taken
+CND+ 0x7f784810f22f: not taken
+CND+ 0x7f784810f247: taken
+CND+ 0x7f784810f533: taken
+CND+ 0x7f784810f582: taken
+CND+ 0x7f784810f655: taken
+CND+ 0x7f784810f698: taken
+CND+ 0x7f784810f703: not taken
+CND+ 0x7f784810f70c: taken
+CND+ 0x7f784810f725: not taken
+CND+ 0x7f784810f742: not taken
+CND+ 0x7f784810f75a: not taken
+CND+ 0x7f784810f765: not taken
+CND+ 0x7f784810f792: not taken
+CND+ 0x7f784810f797: taken
+CND+ 0x7f784810f7a9: taken
+CND+ 0x7f784810f7ad: not taken
+CND+ 0x7f784810f7bc: taken
+CND+ 0x7f784810f7ce: taken
+CND+ 0x7f784810f848: taken
+CND+ 0x7f784810f889: not taken
+CND+ 0x7f784810f89b: not taken
+CND+ 0x7f784810f8a8: taken
+CND+ 0x7f784810fc2f: not taken
+CND+ 0x7f784810fc57: taken
+CND+ 0x7f784810fc65: not taken
+CND+ 0x7f784810fc6e: taken
+CND+ 0x7f784810fc86: not taken
+CND+ 0x7f784810fcae: taken
+CND+ 0x7f7848110366: taken
+CND+ 0x7f78481109d6: taken
+CND+ 0x7f7848110a31: not taken
+CND+ 0x7f7848110a51: taken
+CND+ 0x7f7848110aad: not taken
+CND+ 0x7f7848110ab5: taken
+CND+ 0x7f7848110b00: taken
+CND+ 0x7f7848110b5a: not taken
+CND+ 0x7f7848110b62: not taken
+CND+ 0x7f7848110b6b: not taken
+CND+ 0x7f7848110b75: not taken
+CND+ 0x7f7848110b7f: taken
+CND+ 0x7f7848110b9b: taken
+CND+ 0x7f7848110c3c: taken
+CND+ 0x7f7848110ed9: not taken
+CND+ 0x7f7848110ee6: not taken
+CND+ 0x7f7848110f01: not taken
+CND+ 0x7f7848110f1a: not taken
+CND+ 0x7f7848110f20: not taken
+CND+ 0x7f7848110f26: taken
+CND+ 0x7f784811176c: not taken
+CND+ 0x7f784811178c: not taken
+CND+ 0x7f78481117d8: both
+CND+ 0x7f78481117e1: taken
+CND+ 0x7f7848111806: not taken
+CND+ 0x7f7848111840: not taken
+CND+ 0x7f784811184a: not taken
+CND+ 0x7f7848111965: both
+CND+ 0x7f7848111989: not taken
+CND+ 0x7f78481119b2: not taken
+CND+ 0x7f78481119bc: not taken
+CND+ 0x7f78481119e3: not taken
+CND+ 0x7f7848111a13: taken
+CND+ 0x7f7848111afd: not taken
+CND+ 0x7f7848111b1a: not taken
+CND+ 0x7f7848111b61: taken
+CND+ 0x7f7848112711: not taken
+CND+ 0x7f784811271d: not taken
+CND+ 0x7f7848112722: not taken
+CND+ 0x7f7848112748: not taken
+CND+ 0x7f784811274c: not taken
+CND+ 0x7f784811275f: not taken
+CND+ 0x7f78481127a4: not taken
+CND+ 0x7f78481128f3: both
+CND+ 0x7f784811290f: both
+CND+ 0x7f7848112911: not taken
+CND+ 0x7f784811291a: taken
+CND+ 0x7f7848112a92: not taken
+CND+ 0x7f7848112aba: not taken
+CND+ 0x7f7848112ad5: both
+CND+ 0x7f7848112ade: taken
+CND+ 0x7f7848112af7: not taken
+CND+ 0x7f7848112b01: not taken
+CND+ 0x7f7848112b05: not taken
+CND+ 0x7f7848112b19: taken
+CND+ 0x7f7848112c50: not taken
+CND+ 0x7f7848112c62: taken
+CND+ 0x7f7848112db1: not taken
+CND+ 0x7f7848112dea: both
+CND+ 0x7f7848112e13: not taken
+CND+ 0x7f7848112e20: taken
+CND+ 0x7f7848112e2d: not taken
+CND+ 0x7f7848112e43: not taken
+CND+ 0x7f7848112e4f: both
+CND+ 0x7f7848112e58: not taken
+CND+ 0x7f7848112e72: taken
+CND+ 0x7f7848112ee7: taken
+CND+ 0x7f784811375d: both
+CND+ 0x7f784811376f: not taken
+CND+ 0x7f7848113782: both
+CND+ 0x7f7848113787: both
+CND+ 0x7f7848113795: both
+CND+ 0x7f78481138b1: not taken
+CND+ 0x7f78481138dc: not taken
+CND+ 0x7f78481138ea: not taken
+CND+ 0x7f78481138ec: both
+CND+ 0x7f78481138f5: not taken
+CND+ 0x7f78481138fb: taken
+CND+ 0x7f7848113943: not taken
+CND+ 0x7f784811394c: taken
+CND+ 0x7f7848113983: not taken
+CND+ 0x7f7848113989: both
+CND+ 0x7f7848113990: not taken
+CND+ 0x7f78481139ab: taken
+CND+ 0x7f7848113a0b: taken
+CND+ 0x7f7848113b10: both
+CND+ 0x7f7848113b1c: not taken
+CND+ 0x7f7848113b21: both
+CND+ 0x7f7848113b2f: not taken
+CND+ 0x7f7848113b37: both
+CND+ 0x7f7848113b44: both
+CND+ 0x7f7848113b5e: taken
+CND+ 0x7f7848113b92: both
+CND+ 0x7f7848113b9b: taken
+CND+ 0x7f7848113bfb: taken
+CND+ 0x7f7848113d68: both
+CND+ 0x7f7848113d71: taken
+CND+ 0x7f7848113d8b: not taken
+CND+ 0x7f7848113da3: taken
+CND+ 0x7f7848113ddd: taken
+CND+ 0x7f7848113e02: not taken
+CND+ 0x7f7848113e0b: taken
+CND+ 0x7f7848113e2f: not taken
+CND+ 0x7f7848113e35: taken
+CND+ 0x7f7848113e4f: not taken
+CND+ 0x7f7848113e58: both
+CND+ 0x7f7848113f7d: not taken
+CND+ 0x7f784811402c: not taken
+CND+ 0x7f78481140c7: not taken
+CND+ 0x7f78481140d0: both
+CND+ 0x7f78481140d9: not taken
+CND+ 0x7f78481145a7: both
+CND+ 0x7f78481145ed: not taken
+CND+ 0x7f78481145f2: taken
+CND+ 0x7f7848114682: not taken
+CND+ 0x7f78481146a1: not taken
+CND+ 0x7f78481147bb: not taken
+CND+ 0x7f7848114835: not taken
+CND+ 0x7f7848114870: not taken
+CND+ 0x7f784811488e: not taken
+CND+ 0x7f784811489e: not taken
+CND+ 0x7f78481149ca: both
+CND+ 0x7f78481149ea: taken
+CND+ 0x7f78481149f6: taken
+CND+ 0x7f7848114a15: taken
+CND+ 0x7f7848114a38: not taken
+CND+ 0x7f7848114a48: taken
+CND+ 0x7f7848114abb: not taken
+CND+ 0x7f784811514f: not taken
+CND+ 0x7f784811516f: not taken
+CND+ 0x7f784811517e: taken
+CND+ 0x7f7848115a5f: taken
+CND+ 0x7f7848115b46: not taken
+CND+ 0x7f7848115b50: taken
+CND+ 0x7f7848115b69: taken
+CND+ 0x7f7848115b93: taken
+CND+ 0x7f7848115d2b: taken
+CND+ 0x7f7848115e50: not taken
+CND+ 0x7f7848116227: taken
+CND+ 0x7f784811625f: not taken
+CND+ 0x7f7848116278: taken
+CND+ 0x7f78481162b9: not taken
+CND+ 0x7f78481162d7: taken
+CND+ 0x7f784811630b: taken
+CND+ 0x7f7848116383: taken
+CND+ 0x7f78481163e2: taken
+CND+ 0x7f7848116456: taken
+CND+ 0x7f7848116488: both
+CND+ 0x7f784811648c: not taken
+CND+ 0x7f7848116493: not taken
+CND+ 0x7f7848116498: both
+CND+ 0x7f78481164e0: not taken
+CND+ 0x7f7848116512: not taken
+CND+ 0x7f7848116519: taken
+CND+ 0x7f7848116548: not taken
+CND+ 0x7f784811654d: not taken
+CND+ 0x7f78481165c9: not taken
+CND+ 0x7f78481165d7: taken
+CND+ 0x7f78481166f8: taken
+CND+ 0x7f78481167b9: not taken
+CND+ 0x7f7848116830: not taken
+CND+ 0x7f7848116846: taken
+CND+ 0x7f784811686e: not taken
+CND+ 0x7f7848116b09: not taken
+CND+ 0x7f7848116b13: not taken
+CND+ 0x7f7848116c18: taken
+CND+ 0x7f7848116c9d: not taken
+CND+ 0x7f7848116dfa: taken
+CND+ 0x7f7848118946: both
+CND+ 0x7f7848118963: both
+CND+ 0x7f7848118968: not taken
+CND+ 0x7f784811896e: not taken
+CND+ 0x7f7848118986: not taken
+CND+ 0x7f784811898b: both
+CND+ 0x7f784811899a: both
+CND+ 0x7f784811899f: both
+CND+ 0x7f78481189ac: both
+CND+ 0x7f78481189b7: both
+CND+ 0x7f78481189c4: not taken
+CND+ 0x7f7848118a10: not taken
+CND+ 0x7f7848118a15: taken
+CND+ 0x7f7848118a2e: both
+CND+ 0x7f7848118a32: both
+CND+ 0x7f7848118a5c: both
+CND+ 0x7f7848118add: not taken
+CND+ 0x7f7848118ae2: not taken
+CND+ 0x7f7848118afe: not taken
+CND+ 0x7f7848118b02: both
+CND+ 0x7f7848118b48: both
+CND+ 0x7f7848118b52: not taken
+CND+ 0x7f7848118b5c: not taken
+CND+ 0x7f7848118b65: both
+CND+ 0x7f7848118b6b: taken
+CND+ 0x7f7848118b75: not taken
+CND+ 0x7f7848118b95: not taken
+CND+ 0x7f7848118ba2: not taken
+CND+ 0x7f7848118bc4: not taken
+CND+ 0x7f7848118bce: not taken
+CND+ 0x7f7848118bf6: taken
+CND+ 0x7f7848118c24: taken
+CND+ 0x7f7848118ce1: not taken
+CND+ 0x7f7848118cea: not taken
+CND+ 0x7f7848118cf3: not taken
+CND+ 0x7f7848118d25: not taken
+CND+ 0x7f7848118d53: not taken
+CND+ 0x7f7848118d5d: not taken
+CND+ 0x7f7848118eb5: not taken
+CND+ 0x7f7848118eba: not taken
+CND+ 0x7f7848118ed8: both
+CND+ 0x7f7848118edc: taken
+CND+ 0x7f7848118f0f: not taken
+CND+ 0x7f7848118f15: not taken
+CND+ 0x7f784811946f: not taken
+CND+ 0x7f784811953d: not taken
+CND+ 0x7f7848119547: not taken
+CND+ 0x7f7848119605: not taken
+CND+ 0x7f784811960f: not taken
+CND+ 0x7f7848119647: not taken
+CND+ 0x7f784811965e: not taken
+CND+ 0x7f78481197bd: taken
+CND+ 0x7f78481197d2: taken
+CND+ 0x7f78481197df: not taken
+CND+ 0x7f78481197e4: both
+CND+ 0x7f78481197fa: taken
+CND+ 0x7f7848119856: not taken
+CND+ 0x7f784811985b: taken
+CND+ 0x7f784811987a: not taken
+CND+ 0x7f784811989a: not taken
+CND+ 0x7f78481198b7: not taken
+CND+ 0x7f78481198c5: not taken
+CND+ 0x7f78481198d4: taken
+CND+ 0x7f7848119df1: not taken
+CND+ 0x7f7848119e0c: not taken
@0x7f7848108050 to 0x7f784bc41a30 4
@0x7f7848108080 to 0x7f784bbe1330 2
@0x7f7848108090 to 0x7f784bc83710 1
@0x7f78481080a0 to 0x7f784bc59e70 5
@0x7f78481080d0 to 0x7f784bbf4a20 7
@0x7f78481080f0 to 0x7f784bd18800 4
@0x7f7848108130 to 0x7f784bc841e0 1
@0x7f7848108140 to 0x7f784bbf8c10 1
@0x7f7848108150 to 0x7f784bca6800 4
@0x7f7848108160 to 0x7f784bc83230 1
@0x7f7848108190 to 0x7f784bd18bc0 8
@0x7f78481081c0 to 0x7f784bc84200 1
@0x7f78481081e0 to 0x7f784bd185d0 1
@0x7f7848108220 to 0x7f784bc84210 2
@0x7f7848108230 to 0x7f784bca7b10 1
@0x7f784810a16e to 0x7f784810a1c0 1
@0x7f7848108280 to 0x7f784bd13d10 11
@0x7f78481082a0 to 0x7f784bbf4450 4
@0x7f784810a1ac to 0x7f784810ae90 1
@0x7f78481082d0 to 0x7f784bd14100 9
@0x7f7848108320 to 0x7f784bbf50f0 4
@0x7f7848108330 to 0x7f784bd19100 6
@0x7f7848108350 to 0x7f784bc84220 1
@0x7f7848108370 to 0x7f784bca6800 2
@0x7f7848108390 to 0x7f784bc413e0 23
@0x7f78481083b0 to 0x7f784bc84230 1
@0x7f78481083c0 to 0x7f784bd13e90 22
@0x7f78481083e0 to 0x7f784bcc4ba0 1
@0x7f7848108410 to 0x7f784bc41c80 1
@0x7f7848108460 to 0x7f784bd190e0 13
@0x7f7848108510 to 0x7f784bc841f0 1
@0x7f7848108560 to 0x7f784bc834e0 1
@0x7f7848108570 to 0x7f784bbed580 191
@0x7f7848113f91 to 0x7f7848114075 1
@0x7f7848108784 to 0x7f784bbe0fb0 1
@0x7f7848119e01 to 0x7f7848108840 1
@0x7f784811655f to 0x7f7848116580 1
@0x7f784811655f to 0x7f78481165c0 1
@0x7f784811655f to 0x7f78481165a8 2
@0x7f78481148af to 0x7f7848114a01 180
@0x7f78481148af to 0x7f78481149f0 10
@0x7f78481148af to 0x7f7848114a28 1
@0x7f7848118c19 to 0x7f784810c7d0 1
@0x7f7848118c19 to 0x7f7848113120 1
