MODULE_NAME: /usr/bin/gs
MODULE_START: 0x7f1eb53a0000
+B+: 0x7f1eb53a1000 0x7f1eb53a100f
+B+: 0x7f1eb53a1012 0x7f1eb53a1016
+B+: 0x7f1eb53a1020 0x7f1eb53a102b
+B+: 0x7f1eb53a1030 0x7f1eb53a1035
+B+: 0x7f1eb53a1036 0x7f1eb53a103f
+B+: 0x7f1eb53a1040 0x7f1eb53a1045
+B+: 0x7f1eb53a1046 0x7f1eb53a104f
+B+: 0x7f1eb53a1050 0x7f1eb53a1055
+B+: 0x7f1eb53a1056 0x7f1eb53a105f
+B+: 0x7f1eb53a10b0 0x7f1eb53a10b5
+B+: 0x7f1eb53a10b6 0x7f1eb53a10bf
+B+: 0x7f1eb53a10c0 0x7f1eb53a10c5
+B+: 0x7f1eb53a10c6 0x7f1eb53a10cf
+B+: 0x7f1eb53a10e0 0x7f1eb53a10e5
+B+: 0x7f1eb53a10f0 0x7f1eb53a1121
+B+: 0x7f1eb53a1122 0x7f1eb53a1127
+B+: 0x7f1eb53a1128 0x7f1eb53a1130
+B+: 0x7f1eb53a1131 0x7f1eb53a1132
+B+: 0x7f1eb53a1133 0x7f1eb53a1137
+B+: 0x7f1eb53a113d 0x7f1eb53a1152
+B+: 0x7f1eb53a1153 0x7f1eb53a115b
+B+: 0x7f1eb53a1178 0x7f1eb53a1183
+B+: 0x7f1eb53a1184 0x7f1eb53a11a2
+B+: 0x7f1eb53a11a3 0x7f1eb53a11b1
+B+: 0x7f1eb53a11b2 0x7f1eb53a11b7
+B+: 0x7f1eb53a11b8 0x7f1eb53a11c1
+B+: 0x7f1eb53a11c2 0x7f1eb53a11c5
+B+: 0x7f1eb53a11c6 0x7f1eb53a11ca
+B+: 0x7f1eb53a11cb 0x7f1eb53a11d6
+B+: 0x7f1eb53a11d7 0x7f1eb53a11db
+B+: 0x7f1eb53a11dc 0x7f1eb53a11e0
+B+: 0x7f1eb53a1213 0x7f1eb53a1216
+B+: 0x7f1eb53a1220 0x7f1eb53a1249
+B+: 0x7f1eb53a1250 0x7f1eb53a1262
+B+: 0x7f1eb53a1278 0x7f1eb53a1278
+B+: 0x7f1eb53a1280 0x7f1eb53a12a3
+B+: 0x7f1eb53a12b8 0x7f1eb53a12b8
+B+: 0x7f1eb53a12c0 0x7f1eb53a12c8
+B+: 0x7f1eb53a12c9 0x7f1eb53a12d6
+B+: 0x7f1eb53a12d7 0x7f1eb53a12e2
+B+: 0x7f1eb53a12e3 0x7f1eb53a12e7
+B+: 0x7f1eb53a12e8 0x7f1eb53a12f0
+B+: 0x7f1eb53a1300 0x7f1eb53a1304
+B+: 0x7f1eb53a13c0 0x7f1eb53a13ec
+B+: 0x7f1eb53a13ed 0x7f1eb53a13f2
+B+: 0x7f1eb53a13f3 0x7f1eb53a1404
+B+: 0x7f1eb53a1405 0x7f1eb53a140d
+B+: 0x7f1eb53a140e 0x7f1eb53a141c
+B+: 0x7f1eb53a1424 0x7f1eb53a142c
+CND+ 0x7f1eb53a100e: taken
+CND+ 0x7f1eb53a1126: taken
+CND+ 0x7f1eb53a112b: not taken
+CND+ 0x7f1eb53a1131: not taken
+CND+ 0x7f1eb53a1136: taken
+CND+ 0x7f1eb53a114d: not taken
+CND+ 0x7f1eb53a11b6: not taken
+CND+ 0x7f1eb53a11c4: not taken
+CND+ 0x7f1eb53a11c9: taken
+CND+ 0x7f1eb53a11df: taken
+CND+ 0x7f1eb53a1261: taken
+CND+ 0x7f1eb53a12a2: taken
+CND+ 0x7f1eb53a12c7: not taken
+CND+ 0x7f1eb53a12d5: not taken
+CND+ 0x7f1eb53a13f1: not taken
+CND+ 0x7f1eb53a140c: not taken
@0x7f1eb53a1244 to 0x7f1eb7edffb0 1
@0x7f1eb53a1401 to 0x7f1eb53a1300 1
@0x7f1eb53a1026 to 0x7f1eb9390500 5
@0x7f1eb53a1030 to 0x7f1eb53a1036 1
@0x7f1eb53a1040 to 0x7f1eb53a1046 1
@0x7f1eb53a1050 to 0x7f1eb53a1056 1
@0x7f1eb53a10b0 to 0x7f1eb53a10b6 1
@0x7f1eb53a10c0 to 0x7f1eb53a10c6 1
@0x7f1eb53a10e0 to 0x7f1eb7ef61c0 1
