MODULE_NAME: /usr/bin/gs
MODULE_START: 0x7f63d9837000
+B+: 0x7f63d9838000 0x7f63d983800f
+B+: 0x7f63d9838012 0x7f63d9838016
+B+: 0x7f63d9838020 0x7f63d983802b
+B+: 0x7f63d9838030 0x7f63d9838035
+B+: 0x7f63d9838036 0x7f63d983803f
+B+: 0x7f63d9838040 0x7f63d9838045
+B+: 0x7f63d9838046 0x7f63d983804f
+B+: 0x7f63d9838050 0x7f63d9838055
+B+: 0x7f63d9838056 0x7f63d983805f
+B+: 0x7f63d98380b0 0x7f63d98380b5
+B+: 0x7f63d98380b6 0x7f63d98380bf
+B+: 0x7f63d98380c0 0x7f63d98380c5
+B+: 0x7f63d98380c6 0x7f63d98380cf
+B+: 0x7f63d98380e0 0x7f63d98380e5
+B+: 0x7f63d98380f0 0x7f63d9838121
+B+: 0x7f63d9838122 0x7f63d9838127
+B+: 0x7f63d9838128 0x7f63d9838130
+B+: 0x7f63d9838131 0x7f63d9838132
+B+: 0x7f63d9838133 0x7f63d9838137
+B+: 0x7f63d983813d 0x7f63d9838152
+B+: 0x7f63d9838153 0x7f63d983815b
+B+: 0x7f63d9838178 0x7f63d9838183
+B+: 0x7f63d9838184 0x7f63d98381a2
+B+: 0x7f63d98381a3 0x7f63d98381b1
+B+: 0x7f63d98381b2 0x7f63d98381b7
+B+: 0x7f63d98381b8 0x7f63d98381c1
+B+: 0x7f63d98381c2 0x7f63d98381c5
+B+: 0x7f63d98381c6 0x7f63d98381ca
+B+: 0x7f63d98381cb 0x7f63d98381d6
+B+: 0x7f63d98381d7 0x7f63d98381db
+B+: 0x7f63d98381dc 0x7f63d98381e0
+B+: 0x7f63d9838213 0x7f63d9838216
+B+: 0x7f63d9838220 0x7f63d9838249
+B+: 0x7f63d9838250 0x7f63d9838262
+B+: 0x7f63d9838278 0x7f63d9838278
+B+: 0x7f63d9838280 0x7f63d98382a3
+B+: 0x7f63d98382b8 0x7f63d98382b8
+B+: 0x7f63d98382c0 0x7f63d98382c8
+B+: 0x7f63d98382c9 0x7f63d98382d6
+B+: 0x7f63d98382d7 0x7f63d98382e2
+B+: 0x7f63d98382e3 0x7f63d98382e7
+B+: 0x7f63d98382e8 0x7f63d98382f0
+B+: 0x7f63d9838300 0x7f63d9838304
+B+: 0x7f63d98383c0 0x7f63d98383ec
+B+: 0x7f63d98383ed 0x7f63d98383f2
+B+: 0x7f63d98383f3 0x7f63d9838404
+B+: 0x7f63d9838405 0x7f63d983840d
+B+: 0x7f63d983840e 0x7f63d983841c
+B+: 0x7f63d9838424 0x7f63d983842c
+CND+ 0x7f63d983800e: taken
+CND+ 0x7f63d9838126: taken
+CND+ 0x7f63d983812b: not taken
+CND+ 0x7f63d9838131: not taken
+CND+ 0x7f63d9838136: taken
+CND+ 0x7f63d983814d: not taken
+CND+ 0x7f63d98381b6: not taken
+CND+ 0x7f63d98381c4: not taken
+CND+ 0x7f63d98381c9: taken
+CND+ 0x7f63d98381df: taken
+CND+ 0x7f63d9838261: taken
+CND+ 0x7f63d98382a2: taken
+CND+ 0x7f63d98382c7: not taken
+CND+ 0x7f63d98382d5: not taken
+CND+ 0x7f63d98383f1: not taken
+CND+ 0x7f63d983840c: not taken
@0x7f63d9838026 to 0x7f63dd827500 5
@0x7f63d9838030 to 0x7f63d9838036 1
@0x7f63d9838040 to 0x7f63d9838046 1
@0x7f63d9838050 to 0x7f63d9838056 1
@0x7f63d98380b0 to 0x7f63d98380b6 1
@0x7f63d98380c0 to 0x7f63d98380c6 1
@0x7f63d98380e0 to 0x7f63dc38d1c0 1
@0x7f63d9838244 to 0x7f63dc376fb0 1
@0x7f63d9838401 to 0x7f63d9838300 1
