MODULE_NAME: /bin/dash
MODULE_START: 0x7f7bf47b0000
+B+: 0x7f7bf47b4000 0x7f7bf47b400f
+B+: 0x7f7bf47b4012 0x7f7bf47b4016
+B+: 0x7f7bf47b4050 0x7f7bf47b4055
+B+: 0x7f7bf47b4080 0x7f7bf47b4085
+B+: 0x7f7bf47b4090 0x7f7bf47b4095
+B+: 0x7f7bf47b40a0 0x7f7bf47b40a5
+B+: 0x7f7bf47b40d0 0x7f7bf47b40d5
+B+: 0x7f7bf47b40f0 0x7f7bf47b40f5
+B+: 0x7f7bf47b4130 0x7f7bf47b4135
+B+: 0x7f7bf47b4140 0x7f7bf47b4145
+B+: 0x7f7bf47b4150 0x7f7bf47b4155
+B+: 0x7f7bf47b4160 0x7f7bf47b4165
+B+: 0x7f7bf47b4190 0x7f7bf47b4195
+B+: 0x7f7bf47b41c0 0x7f7bf47b41c5
+B+: 0x7f7bf47b41e0 0x7f7bf47b41e5
+B+: 0x7f7bf47b4220 0x7f7bf47b4225
+B+: 0x7f7bf47b4230 0x7f7bf47b4235
+B+: 0x7f7bf47b4280 0x7f7bf47b4285
+B+: 0x7f7bf47b42a0 0x7f7bf47b42a5
+B+: 0x7f7bf47b42d0 0x7f7bf47b42d5
+B+: 0x7f7bf47b4320 0x7f7bf47b4325
+B+: 0x7f7bf47b4330 0x7f7bf47b4335
+B+: 0x7f7bf47b4350 0x7f7bf47b4355
+B+: 0x7f7bf47b4370 0x7f7bf47b4375
+B+: 0x7f7bf47b4390 0x7f7bf47b4395
+B+: 0x7f7bf47b43b0 0x7f7bf47b43b5
+B+: 0x7f7bf47b43c0 0x7f7bf47b43c5
+B+: 0x7f7bf47b43e0 0x7f7bf47b43e5
+B+: 0x7f7bf47b4410 0x7f7bf47b4415
+B+: 0x7f7bf47b4460 0x7f7bf47b4465
+B+: 0x7f7bf47b4510 0x7f7bf47b4515
+B+: 0x7f7bf47b4560 0x7f7bf47b4565
+B+: 0x7f7bf47b4570 0x7f7bf47b4575
+B+: 0x7f7bf47b4590 0x7f7bf47b45b8
+B+: 0x7f7bf47b45b9 0x7f7bf47b45c4
+B+: 0x7f7bf47b45c5 0x7f7bf47b45cf
+B+: 0x7f7bf47b45d0 0x7f7bf47b45e7
+B+: 0x7f7bf47b45e8 0x7f7bf47b45ef
+B+: 0x7f7bf47b45f0 0x7f7bf47b4600
+B+: 0x7f7bf47b4601 0x7f7bf47b460b
+B+: 0x7f7bf47b460c 0x7f7bf47b4615
+B+: 0x7f7bf47b4616 0x7f7bf47b4623
+B+: 0x7f7bf47b4624 0x7f7bf47b462b
+B+: 0x7f7bf47b462c 0x7f7bf47b463c
+B+: 0x7f7bf47b4657 0x7f7bf47b4660
+B+: 0x7f7bf47b4661 0x7f7bf47b4678
+B+: 0x7f7bf47b4679 0x7f7bf47b467f
+B+: 0x7f7bf47b4680 0x7f7bf47b468c
+B+: 0x7f7bf47b468d 0x7f7bf47b4696
+B+: 0x7f7bf47b4697 0x7f7bf47b469b
+B+: 0x7f7bf47b4760 0x7f7bf47b4789
+B+: 0x7f7bf47b47c0 0x7f7bf47b47e3
+B+: 0x7f7bf47b47f8 0x7f7bf47b47f8
+B+: 0x7f7bf47b4840 0x7f7bf47b4844
+B+: 0x7f7bf47b4850 0x7f7bf47b4863
+B+: 0x7f7bf47b4864 0x7f7bf47b486f
+B+: 0x7f7bf47b4870 0x7f7bf47b487d
+B+: 0x7f7bf47b487e 0x7f7bf47b48aa
+B+: 0x7f7bf47b48ab 0x7f7bf47b48ac
+B+: 0x7f7bf47b48cb 0x7f7bf47b48d2
+B+: 0x7f7bf47b4a50 0x7f7bf47b4a57
+B+: 0x7f7bf47b4a58 0x7f7bf47b4a5e
+B+: 0x7f7bf47b4a5f 0x7f7bf47b4a63
+B+: 0x7f7bf47b4a71 0x7f7bf47b4a72
+B+: 0x7f7bf47b56d0 0x7f7bf47b56eb
+B+: 0x7f7bf47b56ec 0x7f7bf47b5705
+B+: 0x7f7bf47b5717 0x7f7bf47b571b
+B+: 0x7f7bf47b571c 0x7f7bf47b5720
+B+: 0x7f7bf47b572c 0x7f7bf47b5730
+B+: 0x7f7bf47b573e 0x7f7bf47b574d
+B+: 0x7f7bf47b574e 0x7f7bf47b5757
+B+: 0x7f7bf47b5758 0x7f7bf47b5775
+B+: 0x7f7bf47b5780 0x7f7bf47b5788
+B+: 0x7f7bf47b5789 0x7f7bf47b5790
+B+: 0x7f7bf47b5791 0x7f7bf47b579c
+B+: 0x7f7bf47b6060 0x7f7bf47b607e
+B+: 0x7f7bf47b610d 0x7f7bf47b611c
+B+: 0x7f7bf47b611d 0x7f7bf47b6123
+B+: 0x7f7bf47b6140 0x7f7bf47b614a
+B+: 0x7f7bf47b614b 0x7f7bf47b6152
+B+: 0x7f7bf47b6153 0x7f7bf47b615d
+B+: 0x7f7bf47b615e 0x7f7bf47b616f
+B+: 0x7f7bf47b6188 0x7f7bf47b618c
+B+: 0x7f7bf47b618d 0x7f7bf47b6191
+B+: 0x7f7bf47b6192 0x7f7bf47b619c
+B+: 0x7f7bf47b61a7 0x7f7bf47b61ad
+B+: 0x7f7bf47b61ae 0x7f7bf47b61b5
+B+: 0x7f7bf47b61c0 0x7f7bf47b61cf
+B+: 0x7f7bf47b6bc0 0x7f7bf47b6bfa
+B+: 0x7f7bf47b6bfb 0x7f7bf47b6c07
+B+: 0x7f7bf47b6c08 0x7f7bf47b6c0f
+B+: 0x7f7bf47b6c10 0x7f7bf47b6c11
+B+: 0x7f7bf47b6c18 0x7f7bf47b6c21
+B+: 0x7f7bf47b6c22 0x7f7bf47b6c2e
+B+: 0x7f7bf47b6c32 0x7f7bf47b6c39
+B+: 0x7f7bf47b6c3a 0x7f7bf47b6c49
+B+: 0x7f7bf47b6c4a 0x7f7bf47b6c51
+B+: 0x7f7bf47b6c52 0x7f7bf47b6c58
+B+: 0x7f7bf47b6c59 0x7f7bf47b6c60
+B+: 0x7f7bf47b6c61 0x7f7bf47b6c68
+B+: 0x7f7bf47b6c69 0x7f7bf47b6c6d
+B+: 0x7f7bf47b6c6e 0x7f7bf47b6c77
+B+: 0x7f7bf47b6c78 0x7f7bf47b6c89
+B+: 0x7f7bf47b6c8a 0x7f7bf47b6c98
+B+: 0x7f7bf47b6e90 0x7f7bf47b6ed3
+B+: 0x7f7bf47b6edf 0x7f7bf47b6ef5
+B+: 0x7f7bf47b6ef6 0x7f7bf47b6efa
+B+: 0x7f7bf47b6efb 0x7f7bf47b6f5a
+B+: 0x7f7bf47b6f5b 0x7f7bf47b6f67
+B+: 0x7f7bf47b6f68 0x7f7bf47b6f77
+B+: 0x7f7bf47b6f78 0x7f7bf47b6f7f
+B+: 0x7f7bf47b6f80 0x7f7bf47b6f8b
+B+: 0x7f7bf47b6f8c 0x7f7bf47b6f94
+B+: 0x7f7bf47b6f95 0x7f7bf47b6f9b
+B+: 0x7f7bf47b6fa0 0x7f7bf47b6faf
+B+: 0x7f7bf47b6fb0 0x7f7bf47b6fc5
+B+: 0x7f7bf47b6fc6 0x7f7bf47b6fcf
+B+: 0x7f7bf47b6fd0 0x7f7bf47b6fe3
+B+: 0x7f7bf47b6fe4 0x7f7bf47b6ffc
+B+: 0x7f7bf47b7019 0x7f7bf47b702b
+B+: 0x7f7bf47b702c 0x7f7bf47b7034
+B+: 0x7f7bf47b7035 0x7f7bf47b7047
+B+: 0x7f7bf47b7048 0x7f7bf47b705b
+B+: 0x7f7bf47b70a8 0x7f7bf47b70b4
+B+: 0x7f7bf47b70b5 0x7f7bf47b70b9
+B+: 0x7f7bf47b70db 0x7f7bf47b70e1
+B+: 0x7f7bf47b70f0 0x7f7bf47b7103
+B+: 0x7f7bf47b7104 0x7f7bf47b7113
+B+: 0x7f7bf47b7114 0x7f7bf47b711b
+B+: 0x7f7bf47b711c 0x7f7bf47b7122
+B+: 0x7f7bf47b7123 0x7f7bf47b7152
+B+: 0x7f7bf47b7153 0x7f7bf47b715f
+B+: 0x7f7bf47b7160 0x7f7bf47b7168
+B+: 0x7f7bf47b7216 0x7f7bf47b721c
+B+: 0x7f7bf47b7224 0x7f7bf47b722d
+B+: 0x7f7bf47b722e 0x7f7bf47b7237
+B+: 0x7f7bf47b7238 0x7f7bf47b7241
+B+: 0x7f7bf47b7242 0x7f7bf47b724b
+B+: 0x7f7bf47b725d 0x7f7bf47b7266
+B+: 0x7f7bf47b7267 0x7f7bf47b7281
+B+: 0x7f7bf47b7282 0x7f7bf47b7293
+B+: 0x7f7bf47b734c 0x7f7bf47b7353
+B+: 0x7f7bf47b7354 0x7f7bf47b736f
+B+: 0x7f7bf47b751b 0x7f7bf47b7525
+B+: 0x7f7bf47b7526 0x7f7bf47b752e
+B+: 0x7f7bf47b752f 0x7f7bf47b7537
+B+: 0x7f7bf47b78d0 0x7f7bf47b78ec
+B+: 0x7f7bf47b78ed 0x7f7bf47b78f1
+B+: 0x7f7bf47b78f8 0x7f7bf47b78fa
+B+: 0x7f7bf47b78fb 0x7f7bf47b7907
+B+: 0x7f7bf47b7908 0x7f7bf47b793e
+B+: 0x7f7bf47b793f 0x7f7bf47b7940
+B+: 0x7f7bf47b7963 0x7f7bf47b7977
+B+: 0x7f7bf47b7980 0x7f7bf47b7986
+B+: 0x7f7bf47b7987 0x7f7bf47b798e
+B+: 0x7f7bf47b798f 0x7f7bf47b7997
+B+: 0x7f7bf47b7998 0x7f7bf47b79ba
+B+: 0x7f7bf47b79bb 0x7f7bf47b79bc
+B+: 0x7f7bf47b79c0 0x7f7bf47b79e7
+B+: 0x7f7bf47b79e8 0x7f7bf47b79f7
+B+: 0x7f7bf47b7a19 0x7f7bf47b7a21
+B+: 0x7f7bf47b7a22 0x7f7bf47b7a2a
+B+: 0x7f7bf47b7a2b 0x7f7bf47b7a34
+B+: 0x7f7bf47b7a35 0x7f7bf47b7a3f
+B+: 0x7f7bf47b7ad0 0x7f7bf47b7ae9
+B+: 0x7f7bf47b7aea 0x7f7bf47b7b00
+B+: 0x7f7bf47b7b10 0x7f7bf47b7b1f
+B+: 0x7f7bf47b7b20 0x7f7bf47b7b2b
+B+: 0x7f7bf47b7b2c 0x7f7bf47b7b31
+B+: 0x7f7bf47b7b32 0x7f7bf47b7b41
+B+: 0x7f7bf47b7b56 0x7f7bf47b7b61
+B+: 0x7f7bf47b7b62 0x7f7bf47b7b6f
+B+: 0x7f7bf47b7b70 0x7f7bf47b7b85
+B+: 0x7f7bf47b7b86 0x7f7bf47b7b97
+B+: 0x7f7bf47b7b98 0x7f7bf47b7bc0
+B+: 0x7f7bf47b7bc8 0x7f7bf47b7bcc
+B+: 0x7f7bf47b7bcd 0x7f7bf47b7bea
+B+: 0x7f7bf47b7d70 0x7f7bf47b7d98
+B+: 0x7f7bf47b7da0 0x7f7bf47b7da1
+B+: 0x7f7bf47b7da2 0x7f7bf47b7daa
+B+: 0x7f7bf47b7dab 0x7f7bf47b7dc5
+B+: 0x7f7bf47b7dc6 0x7f7bf47b7dc9
+B+: 0x7f7bf47b7dca 0x7f7bf47b7dd1
+B+: 0x7f7bf47b7dd2 0x7f7bf47b7de6
+B+: 0x7f7bf47b7df0 0x7f7bf47b7e2a
+B+: 0x7f7bf47b7e2b 0x7f7bf47b7e2f
+B+: 0x7f7bf47b7e46 0x7f7bf47b7e5c
+B+: 0x7f7bf47b7e5d 0x7f7bf47b7e6e
+B+: 0x7f7bf47b7e90 0x7f7bf47b7ead
+B+: 0x7f7bf47b7ec8 0x7f7bf47b7ed1
+B+: 0x7f7bf47b7ed2 0x7f7bf47b7edd
+B+: 0x7f7bf47b7f6c 0x7f7bf47b7f8f
+B+: 0x7f7bf47b7f90 0x7f7bf47b7f9c
+B+: 0x7f7bf47b7f9d 0x7f7bf47b7fa8
+B+: 0x7f7bf47b7fa9 0x7f7bf47b7fb0
+B+: 0x7f7bf47b7fb1 0x7f7bf47b7fc5
+B+: 0x7f7bf47b8008 0x7f7bf47b8012
+B+: 0x7f7bf47b8013 0x7f7bf47b801e
+B+: 0x7f7bf47b801f 0x7f7bf47b802e
+B+: 0x7f7bf47b8060 0x7f7bf47b8066
+B+: 0x7f7bf47b8067 0x7f7bf47b8074
+B+: 0x7f7bf47b8075 0x7f7bf47b8086
+B+: 0x7f7bf47b8087 0x7f7bf47b808e
+B+: 0x7f7bf47b808f 0x7f7bf47b80a2
+B+: 0x7f7bf47b80a3 0x7f7bf47b80b0
+B+: 0x7f7bf47b8100 0x7f7bf47b8116
+B+: 0x7f7bf47b8145 0x7f7bf47b814d
+B+: 0x7f7bf47b814e 0x7f7bf47b8157
+B+: 0x7f7bf47b8160 0x7f7bf47b8166
+B+: 0x7f7bf47b81c0 0x7f7bf47b81d1
+B+: 0x7f7bf47b81e8 0x7f7bf47b81ef
+B+: 0x7f7bf47b8248 0x7f7bf47b825b
+B+: 0x7f7bf47b825c 0x7f7bf47b8271
+B+: 0x7f7bf47b87d0 0x7f7bf47b87ff
+B+: 0x7f7bf47b880f 0x7f7bf47b8812
+B+: 0x7f7bf47b8813 0x7f7bf47b881c
+B+: 0x7f7bf47b881d 0x7f7bf47b8820
+B+: 0x7f7bf47b8821 0x7f7bf47b882f
+B+: 0x7f7bf47b8830 0x7f7bf47b883a
+B+: 0x7f7bf47b884f 0x7f7bf47b885a
+B+: 0x7f7bf47b885f 0x7f7bf47b8862
+B+: 0x7f7bf47b8870 0x7f7bf47b8877
+B+: 0x7f7bf47b8878 0x7f7bf47b888d
+B+: 0x7f7bf47b9440 0x7f7bf47b9464
+B+: 0x7f7bf47b961e 0x7f7bf47b9627
+B+: 0x7f7bf47b9628 0x7f7bf47b9631
+B+: 0x7f7bf47b9632 0x7f7bf47b9659
+B+: 0x7f7bf47b96af 0x7f7bf47b96bc
+B+: 0x7f7bf47b96c0 0x7f7bf47b96cb
+B+: 0x7f7bf47b9730 0x7f7bf47b973b
+B+: 0x7f7bf47b9740 0x7f7bf47b975e
+B+: 0x7f7bf47b975f 0x7f7bf47b9767
+B+: 0x7f7bf47b97d2 0x7f7bf47b97e3
+B+: 0x7f7bf47b98a0 0x7f7bf47b98a7
+B+: 0x7f7bf47ba260 0x7f7bf47ba2a5
+B+: 0x7f7bf47ba2b5 0x7f7bf47ba2be
+B+: 0x7f7bf47ba2bf 0x7f7bf47ba2d2
+B+: 0x7f7bf47ba2d3 0x7f7bf47ba2fc
+B+: 0x7f7bf47ba2fd 0x7f7bf47ba310
+B+: 0x7f7bf47ba324 0x7f7bf47ba328
+B+: 0x7f7bf47ba336 0x7f7bf47ba33f
+B+: 0x7f7bf47ba340 0x7f7bf47ba344
+B+: 0x7f7bf47ba370 0x7f7bf47ba386
+B+: 0x7f7bf47ba387 0x7f7bf47ba398
+B+: 0x7f7bf47ba3a0 0x7f7bf47ba3b6
+B+: 0x7f7bf47ba3b7 0x7f7bf47ba3d7
+B+: 0x7f7bf47ba3dd 0x7f7bf47ba3ec
+B+: 0x7f7bf47ba850 0x7f7bf47ba886
+B+: 0x7f7bf47ba887 0x7f7bf47ba89a
+B+: 0x7f7bf47ba89b 0x7f7bf47ba8ad
+B+: 0x7f7bf47ba8ae 0x7f7bf47ba8c4
+B+: 0x7f7bf47ba8c5 0x7f7bf47ba8d7
+B+: 0x7f7bf47ba8d8 0x7f7bf47ba8e7
+B+: 0x7f7bf47ba8e8 0x7f7bf47ba90c
+B+: 0x7f7bf47ba90d 0x7f7bf47ba915
+B+: 0x7f7bf47ba924 0x7f7bf47ba933
+B+: 0x7f7bf47ba934 0x7f7bf47ba947
+B+: 0x7f7bf47ba948 0x7f7bf47ba954
+B+: 0x7f7bf47ba955 0x7f7bf47ba95f
+B+: 0x7f7bf47ba960 0x7f7bf47ba964
+B+: 0x7f7bf47baa6a 0x7f7bf47baa7c
+B+: 0x7f7bf47baa7d 0x7f7bf47baa9c
+B+: 0x7f7bf47baba0 0x7f7bf47babad
+B+: 0x7f7bf47babae 0x7f7bf47babe1
+B+: 0x7f7bf47babf0 0x7f7bf47babfb
+B+: 0x7f7bf47badb0 0x7f7bf47badbd
+B+: 0x7f7bf47badbe 0x7f7bf47badca
+B+: 0x7f7bf47badcb 0x7f7bf47bade3
+B+: 0x7f7bf47bade8 0x7f7bf47badf4
+B+: 0x7f7bf47badf8 0x7f7bf47bae04
+B+: 0x7f7bf47bae05 0x7f7bf47bae12
+B+: 0x7f7bf47bae13 0x7f7bf47bae1d
+B+: 0x7f7bf47baeb4 0x7f7bf47baec1
+B+: 0x7f7bf47bb160 0x7f7bf47bb174
+B+: 0x7f7bf47bb175 0x7f7bf47bb187
+B+: 0x7f7bf47bb188 0x7f7bf47bb1a2
+B+: 0x7f7bf47bb1a3 0x7f7bf47bb1ac
+B+: 0x7f7bf47bb1ad 0x7f7bf47bb1b3
+B+: 0x7f7bf47bb1d0 0x7f7bf47bb1e5
+B+: 0x7f7bf47bb1eb 0x7f7bf47bb1f3
+B+: 0x7f7bf47bb205 0x7f7bf47bb20b
+B+: 0x7f7bf47bb20c 0x7f7bf47bb21d
+B+: 0x7f7bf47bb21e 0x7f7bf47bb226
+B+: 0x7f7bf47bb227 0x7f7bf47bb230
+B+: 0x7f7bf47bb231 0x7f7bf47bb232
+B+: 0x7f7bf47bb240 0x7f7bf47bb248
+B+: 0x7f7bf47bb260 0x7f7bf47bb260
+B+: 0x7f7bf47bb520 0x7f7bf47bb534
+B+: 0x7f7bf47bb572 0x7f7bf47bb578
+B+: 0x7f7bf47bb580 0x7f7bf47bb583
+B+: 0x7f7bf47bb610 0x7f7bf47bb656
+B+: 0x7f7bf47bb65b 0x7f7bf47bb686
+B+: 0x7f7bf47bb687 0x7f7bf47bb69d
+B+: 0x7f7bf47bb6fc 0x7f7bf47bb708
+B+: 0x7f7bf47bb709 0x7f7bf47bb711
+B+: 0x7f7bf47bb712 0x7f7bf47bb72a
+B+: 0x7f7bf47bb72b 0x7f7bf47bb73c
+B+: 0x7f7bf47bb740 0x7f7bf47bb747
+B+: 0x7f7bf47bb748 0x7f7bf47bb75f
+B+: 0x7f7bf47bb760 0x7f7bf47bb766
+B+: 0x7f7bf47bb767 0x7f7bf47bb780
+B+: 0x7f7bf47bb790 0x7f7bf47bb793
+B+: 0x7f7bf47bb794 0x7f7bf47bb798
+B+: 0x7f7bf47bb7a2 0x7f7bf47bb7aa
+B+: 0x7f7bf47bb7ab 0x7f7bf47bb7ae
+B+: 0x7f7bf47bb7af 0x7f7bf47bb7bd
+B+: 0x7f7bf47bb7cb 0x7f7bf47bb7d3
+B+: 0x7f7bf47bb825 0x7f7bf47bb841
+B+: 0x7f7bf47bb842 0x7f7bf47bb84d
+B+: 0x7f7bf47bb87e 0x7f7bf47bb88e
+B+: 0x7f7bf47bb88f 0x7f7bf47bb8a0
+B+: 0x7f7bf47bb8a1 0x7f7bf47bb8ad
+B+: 0x7f7bf47bbc10 0x7f7bf47bbc30
+B+: 0x7f7bf47bbc31 0x7f7bf47bbc58
+B+: 0x7f7bf47bbc5e 0x7f7bf47bbc66
+B+: 0x7f7bf47bbc67 0x7f7bf47bbc6f
+B+: 0x7f7bf47bbc78 0x7f7bf47bbc87
+B+: 0x7f7bf47bbc88 0x7f7bf47bbc89
+B+: 0x7f7bf47bbca0 0x7f7bf47bbcaf
+B+: 0x7f7bf47bbcba 0x7f7bf47bbcc4
+B+: 0x7f7bf47bbce0 0x7f7bf47bbce8
+B+: 0x7f7bf47bc360 0x7f7bf47bc36b
+B+: 0x7f7bf47bc480 0x7f7bf47bc480
+B+: 0x7f7bf47bc9c0 0x7f7bf47bc9db
+B+: 0x7f7bf47bca16 0x7f7bf47bca32
+B+: 0x7f7bf47bca33 0x7f7bf47bca52
+B+: 0x7f7bf47bca63 0x7f7bf47bca6a
+B+: 0x7f7bf47bca90 0x7f7bf47bcaa6
+B+: 0x7f7bf47bcaa7 0x7f7bf47bcaae
+B+: 0x7f7bf47bcaaf 0x7f7bf47bcab6
+B+: 0x7f7bf47bcaf6 0x7f7bf47bcb01
+B+: 0x7f7bf47bcb0c 0x7f7bf47bcb34
+B+: 0x7f7bf47bcb40 0x7f7bf47bcb57
+B+: 0x7f7bf47bcb58 0x7f7bf47bcb5f
+B+: 0x7f7bf47bcb60 0x7f7bf47bcb67
+B+: 0x7f7bf47bcb68 0x7f7bf47bcb70
+B+: 0x7f7bf47bcb71 0x7f7bf47bcb7a
+B+: 0x7f7bf47bcb7b 0x7f7bf47bcb80
+B+: 0x7f7bf47bcb97 0x7f7bf47bcb9c
+B+: 0x7f7bf47bcc0a 0x7f7bf47bcc3d
+B+: 0x7f7bf47bcc47 0x7f7bf47bcc53
+B+: 0x7f7bf47bced0 0x7f7bf47bcede
+B+: 0x7f7bf47bcedf 0x7f7bf47bcee7
+B+: 0x7f7bf47bcee8 0x7f7bf47bcefc
+B+: 0x7f7bf47bcefd 0x7f7bf47bcf02
+B+: 0x7f7bf47bcf03 0x7f7bf47bcf1b
+B+: 0x7f7bf47bcf1c 0x7f7bf47bcf21
+B+: 0x7f7bf47bcf22 0x7f7bf47bcf2b
+B+: 0x7f7bf47bcfc0 0x7f7bf47bcfc7
+B+: 0x7f7bf47bcfc8 0x7f7bf47bcfd0
+B+: 0x7f7bf47bd760 0x7f7bf47bd768
+B+: 0x7f7bf47bd769 0x7f7bf47bd76d
+B+: 0x7f7bf47bd76e 0x7f7bf47bd772
+B+: 0x7f7bf47bd780 0x7f7bf47bd788
+B+: 0x7f7bf47bd789 0x7f7bf47bd78d
+B+: 0x7f7bf47bd78e 0x7f7bf47bd792
+B+: 0x7f7bf47bd7c0 0x7f7bf47bd7d9
+B+: 0x7f7bf47bd7da 0x7f7bf47bd7e6
+B+: 0x7f7bf47bd7f7 0x7f7bf47bd802
+B+: 0x7f7bf47bd803 0x7f7bf47bd80b
+B+: 0x7f7bf47bd80c 0x7f7bf47bd841
+B+: 0x7f7bf47bd842 0x7f7bf47bd84b
+B+: 0x7f7bf47bd84c 0x7f7bf47bd852
+B+: 0x7f7bf47bd853 0x7f7bf47bd875
+B+: 0x7f7bf47bd880 0x7f7bf47bd88e
+B+: 0x7f7bf47bd8b0 0x7f7bf47bd8c8
+B+: 0x7f7bf47bd900 0x7f7bf47bd941
+B+: 0x7f7bf47bd950 0x7f7bf47bd966
+B+: 0x7f7bf47bd967 0x7f7bf47bd97e
+B+: 0x7f7bf47bd97f 0x7f7bf47bd98a
+B+: 0x7f7bf47bd98b 0x7f7bf47bd9b3
+B+: 0x7f7bf47bd9b4 0x7f7bf47bd9bd
+B+: 0x7f7bf47bd9be 0x7f7bf47bd9bf
+B+: 0x7f7bf47bd9d0 0x7f7bf47bd9e8
+B+: 0x7f7bf47bd9e9 0x7f7bf47bda14
+B+: 0x7f7bf47bda1e 0x7f7bf47bda25
+B+: 0x7f7bf47bda26 0x7f7bf47bda33
+B+: 0x7f7bf47bda34 0x7f7bf47bda46
+B+: 0x7f7bf47bdae0 0x7f7bf47bdafe
+B+: 0x7f7bf47bdaff 0x7f7bf47bdb0c
+B+: 0x7f7bf47bdb0d 0x7f7bf47bdb1b
+B+: 0x7f7bf47bdb1c 0x7f7bf47bdb2c
+B+: 0x7f7bf47bdb40 0x7f7bf47bdb62
+B+: 0x7f7bf47bdb98 0x7f7bf47bdba9
+B+: 0x7f7bf47be6d0 0x7f7bf47be6f4
+B+: 0x7f7bf47be6f5 0x7f7bf47be70d
+B+: 0x7f7bf47be70e 0x7f7bf47be712
+B+: 0x7f7bf47be713 0x7f7bf47be71e
+B+: 0x7f7bf47be71f 0x7f7bf47be723
+B+: 0x7f7bf47be724 0x7f7bf47be728
+B+: 0x7f7bf47be729 0x7f7bf47be730
+B+: 0x7f7bf47be73c 0x7f7bf47be749
+B+: 0x7f7bf47be74a 0x7f7bf47be74d
+B+: 0x7f7bf47be74e 0x7f7bf47be760
+B+: 0x7f7bf47be761 0x7f7bf47be76b
+B+: 0x7f7bf47be790 0x7f7bf47be79d
+B+: 0x7f7bf47be79e 0x7f7bf47be7a5
+B+: 0x7f7bf47be7a6 0x7f7bf47be7a7
+B+: 0x7f7bf47be890 0x7f7bf47be89d
+B+: 0x7f7bf47be89e 0x7f7bf47be8a9
+B+: 0x7f7bf47be8aa 0x7f7bf47be8bd
+B+: 0x7f7bf47be8c0 0x7f7bf47be8ca
+B+: 0x7f7bf47be8d0 0x7f7bf47be8ef
+B+: 0x7f7bf47be8f0 0x7f7bf47be8f4
+B+: 0x7f7bf47be8f5 0x7f7bf47be90c
+B+: 0x7f7bf47be90d 0x7f7bf47be910
+B+: 0x7f7bf47be911 0x7f7bf47be912
+B+: 0x7f7bf47be913 0x7f7bf47be91b
+B+: 0x7f7bf47be91c 0x7f7bf47be930
+B+: 0x7f7bf47be938 0x7f7bf47be93c
+B+: 0x7f7bf47be980 0x7f7bf47be98f
+B+: 0x7f7bf47be990 0x7f7bf47be99b
+B+: 0x7f7bf47be99c 0x7f7bf47be9ab
+B+: 0x7f7bf47bea80 0x7f7bf47bea93
+B+: 0x7f7bf47bea94 0x7f7bf47beaac
+B+: 0x7f7bf47beaad 0x7f7bf47beabf
+B+: 0x7f7bf47beac0 0x7f7bf47beada
+B+: 0x7f7bf47beadb 0x7f7bf47beae3
+B+: 0x7f7bf47beaec 0x7f7bf47beaf8
+B+: 0x7f7bf47beaf9 0x7f7bf47beb02
+B+: 0x7f7bf47beb03 0x7f7bf47beb06
+B+: 0x7f7bf47beb07 0x7f7bf47beb1a
+B+: 0x7f7bf47bec49 0x7f7bf47bec55
+B+: 0x7f7bf47bec56 0x7f7bf47bec67
+B+: 0x7f7bf47bec82 0x7f7bf47bec93
+B+: 0x7f7bf47bed77 0x7f7bf47bed82
+B+: 0x7f7bf47beda0 0x7f7bf47bedb2
+B+: 0x7f7bf47bedb3 0x7f7bf47beddf
+B+: 0x7f7bf47bede0 0x7f7bf47bedeb
+B+: 0x7f7bf47bedec 0x7f7bf47bedfc
+B+: 0x7f7bf47bedfd 0x7f7bf47bee18
+B+: 0x7f7bf47bee19 0x7f7bf47bee25
+B+: 0x7f7bf47bee26 0x7f7bf47bee2e
+B+: 0x7f7bf47bee2f 0x7f7bf47bee3f
+B+: 0x7f7bf47bee40 0x7f7bf47bee44
+B+: 0x7f7bf47bee45 0x7f7bf47bee50
+B+: 0x7f7bf47bee51 0x7f7bf47bee5d
+B+: 0x7f7bf47bee5e 0x7f7bf47bee77
+B+: 0x7f7bf47beece 0x7f7bf47beed2
+B+: 0x7f7bf47beed3 0x7f7bf47beede
+B+: 0x7f7bf47beee0 0x7f7bf47beeec
+B+: 0x7f7bf47bef60 0x7f7bf47bef7c
+B+: 0x7f7bf47bf120 0x7f7bf47bf128
+B+: 0x7f7bf47bf129 0x7f7bf47bf147
+B+: 0x7f7bf47bf750 0x7f7bf47bf75e
+B+: 0x7f7bf47bf75f 0x7f7bf47bf763
+B+: 0x7f7bf47bf764 0x7f7bf47bf770
+B+: 0x7f7bf47bf771 0x7f7bf47bf777
+B+: 0x7f7bf47bf778 0x7f7bf47bf783
+B+: 0x7f7bf47bf784 0x7f7bf47bf788
+B+: 0x7f7bf47bf789 0x7f7bf47bf78d
+B+: 0x7f7bf47bf78e 0x7f7bf47bf796
+B+: 0x7f7bf47bf797 0x7f7bf47bf79e
+B+: 0x7f7bf47bf890 0x7f7bf47bf892
+B+: 0x7f7bf47bf8a7 0x7f7bf47bf8ab
+B+: 0x7f7bf47bf8ac 0x7f7bf47bf8b2
+B+: 0x7f7bf47bf8b3 0x7f7bf47bf8b6
+B+: 0x7f7bf47bf8d0 0x7f7bf47bf8e1
+B+: 0x7f7bf47bf8e2 0x7f7bf47bf8e6
+B+: 0x7f7bf47bf8e7 0x7f7bf47bf8eb
+B+: 0x7f7bf47bf8ec 0x7f7bf47bf8f1
+B+: 0x7f7bf47bf8f2 0x7f7bf47bf8fa
+B+: 0x7f7bf47bf8fb 0x7f7bf47bf8fc
+B+: 0x7f7bf47bf940 0x7f7bf47bf948
+B+: 0x7f7bf47bf949 0x7f7bf47bf951
+B+: 0x7f7bf47bf980 0x7f7bf47bf988
+B+: 0x7f7bf47bf989 0x7f7bf47bf98a
+B+: 0x7f7bf47bf98b 0x7f7bf47bf991
+B+: 0x7f7bf47bf992 0x7f7bf47bf9a2
+B+: 0x7f7bf47bf9a8 0x7f7bf47bf9ac
+B+: 0x7f7bf47bf9eb 0x7f7bf47bfa00
+B+: 0x7f7bf47bfa08 0x7f7bf47bfa10
+B+: 0x7f7bf47bfaf0 0x7f7bf47bfb11
+B+: 0x7f7bf47bfb12 0x7f7bf47bfb16
+B+: 0x7f7bf47bfb17 0x7f7bf47bfb1d
+B+: 0x7f7bf47bfb1e 0x7f7bf47bfb26
+B+: 0x7f7bf47bfb27 0x7f7bf47bfb34
+B+: 0x7f7bf47bfb35 0x7f7bf47bfb3c
+B+: 0x7f7bf47bfb3d 0x7f7bf47bfb49
+B+: 0x7f7bf47bfb4a 0x7f7bf47bfb5a
+B+: 0x7f7bf47bfb5b 0x7f7bf47bfb63
+B+: 0x7f7bf47bfb7f 0x7f7bf47bfb93
+B+: 0x7f7bf47bfb94 0x7f7bf47bfb9c
+B+: 0x7f7bf47bfbe0 0x7f7bf47bfbf7
+B+: 0x7f7bf47bfbf8 0x7f7bf47bfc00
+B+: 0x7f7bf47bfc1b 0x7f7bf47bfc2b
+B+: 0x7f7bf47bfd40 0x7f7bf47bfd5e
+B+: 0x7f7bf47bfd5f 0x7f7bf47bfd6d
+B+: 0x7f7bf47bfd6e 0x7f7bf47bfd72
+B+: 0x7f7bf47bfd7d 0x7f7bf47bfd90
+B+: 0x7f7bf47bfd91 0x7f7bf47bfd95
+B+: 0x7f7bf47bfd96 0x7f7bf47bfd9a
+B+: 0x7f7bf47bfda0 0x7f7bf47bfda4
+B+: 0x7f7bf47bfdd5 0x7f7bf47bfdd9
+B+: 0x7f7bf47bfdda 0x7f7bf47bfdde
+B+: 0x7f7bf47bfdf0 0x7f7bf47bfdfb
+B+: 0x7f7bf47bfdfc 0x7f7bf47bfe07
+B+: 0x7f7bf47bfe08 0x7f7bf47bfe10
+B+: 0x7f7bf47bfe2c 0x7f7bf47bfe30
+B+: 0x7f7bf47bfe31 0x7f7bf47bfe36
+B+: 0x7f7bf47bfe41 0x7f7bf47bfe45
+B+: 0x7f7bf47bfe46 0x7f7bf47bfe54
+B+: 0x7f7bf47bfe55 0x7f7bf47bfe5d
+B+: 0x7f7bf47bfe5e 0x7f7bf47bfe62
+B+: 0x7f7bf47bfe63 0x7f7bf47bfe74
+B+: 0x7f7bf47bfe78 0x7f7bf47bfe84
+B+: 0x7f7bf47bfea0 0x7f7bf47bfea4
+B+: 0x7f7bf47bfef0 0x7f7bf47bff03
+B+: 0x7f7bf47bff40 0x7f7bf47bff76
+B+: 0x7f7bf47bff77 0x7f7bf47bff82
+B+: 0x7f7bf47bff83 0x7f7bf47bff92
+B+: 0x7f7bf47c001b 0x7f7bf47c0031
+B+: 0x7f7bf47c0032 0x7f7bf47c0040
+B+: 0x7f7bf47c0075 0x7f7bf47c00b8
+B+: 0x7f7bf47c00b9 0x7f7bf47c00c3
+B+: 0x7f7bf47c00c4 0x7f7bf47c00cc
+B+: 0x7f7bf47c00cd 0x7f7bf47c00d5
+B+: 0x7f7bf47c00d6 0x7f7bf47c00de
+B+: 0x7f7bf47c00df 0x7f7bf47c0106
+B+: 0x7f7bf47c0107 0x7f7bf47c0133
+B+: 0x7f7bf47c0578 0x7f7bf47c0581
+B+: 0x7f7bf47c0582 0x7f7bf47c05a8
+B+: 0x7f7bf47c05a9 0x7f7bf47c05b6
+B+: 0x7f7bf47c05d0 0x7f7bf47c05e0
+B+: 0x7f7bf47c05e1 0x7f7bf47c05ee
+B+: 0x7f7bf47c05ef 0x7f7bf47c05f3
+B+: 0x7f7bf47c0670 0x7f7bf47c067e
+B+: 0x7f7bf47c067f 0x7f7bf47c0683
+B+: 0x7f7bf47c0684 0x7f7bf47c0692
+B+: 0x7f7bf47c0693 0x7f7bf47c069a
+B+: 0x7f7bf47c069b 0x7f7bf47c06a2
+B+: 0x7f7bf47c06a3 0x7f7bf47c06b7
+B+: 0x7f7bf47c0790 0x7f7bf47c07bc
+B+: 0x7f7bf47c07bd 0x7f7bf47c07d4
+B+: 0x7f7bf47c07e0 0x7f7bf47c083a
+B+: 0x7f7bf47c083b 0x7f7bf47c0875
+B+: 0x7f7bf47c0876 0x7f7bf47c0893
+B+: 0x7f7bf47c0894 0x7f7bf47c08a3
+B+: 0x7f7bf47c08a4 0x7f7bf47c08b0
+B+: 0x7f7bf47c09b4 0x7f7bf47c09b8
+B+: 0x7f7bf47c09b9 0x7f7bf47c09cf
+B+: 0x7f7bf47c09d0 0x7f7bf47c09dc
+B+: 0x7f7bf47c09dd 0x7f7bf47c09ef
+B+: 0x7f7bf47c09f0 0x7f7bf47c09f7
+B+: 0x7f7bf47c0a01 0x7f7bf47c0a16
+B+: 0x7f7bf47c0a28 0x7f7bf47c0a3d
+B+: 0x7f7bf47c0a3e 0x7f7bf47c0a4d
+B+: 0x7f7bf47c0a79 0x7f7bf47c0a97
+B+: 0x7f7bf47c0a98 0x7f7bf47c0ac0
+B+: 0x7f7bf47c0ac1 0x7f7bf47c0acf
+B+: 0x7f7bf47c1148 0x7f7bf47c1154
+B+: 0x7f7bf47c1155 0x7f7bf47c1174
+B+: 0x7f7bf47c1175 0x7f7bf47c117f
+B+: 0x7f7bf47c11ac 0x7f7bf47c11b0
+B+: 0x7f7bf47c11b1 0x7f7bf47c11b5
+B+: 0x7f7bf47c1a40 0x7f7bf47c1a64
+B+: 0x7f7bf47c1b10 0x7f7bf47c1b1a
+B+: 0x7f7bf47c1b40 0x7f7bf47c1b47
+B+: 0x7f7bf47c1b48 0x7f7bf47c1b51
+B+: 0x7f7bf47c1b58 0x7f7bf47c1b60
+B+: 0x7f7bf47c1b61 0x7f7bf47c1b6a
+B+: 0x7f7bf47c1b88 0x7f7bf47c1b8c
+B+: 0x7f7bf47c1b8d 0x7f7bf47c1b94
+B+: 0x7f7bf47c1ba0 0x7f7bf47c1ba4
+B+: 0x7f7bf47c1d00 0x7f7bf47c1d30
+B+: 0x7f7bf47c1e3f 0x7f7bf47c1e55
+B+: 0x7f7bf47c1e56 0x7f7bf47c1e67
+B+: 0x7f7bf47c21e0 0x7f7bf47c2222
+B+: 0x7f7bf47c2223 0x7f7bf47c2228
+B+: 0x7f7bf47c224c 0x7f7bf47c2260
+B+: 0x7f7bf47c2261 0x7f7bf47c2269
+B+: 0x7f7bf47c2270 0x7f7bf47c2279
+B+: 0x7f7bf47c2288 0x7f7bf47c22a0
+B+: 0x7f7bf47c22a1 0x7f7bf47c22ba
+B+: 0x7f7bf47c22bb 0x7f7bf47c22bc
+B+: 0x7f7bf47c22d0 0x7f7bf47c22d8
+B+: 0x7f7bf47c22f8 0x7f7bf47c22f8
+B+: 0x7f7bf47c2300 0x7f7bf47c230c
+B+: 0x7f7bf47c233f 0x7f7bf47c2343
+B+: 0x7f7bf47c2380 0x7f7bf47c2384
+B+: 0x7f7bf47c23d0 0x7f7bf47c23e3
+B+: 0x7f7bf47c2400 0x7f7bf47c2400
+B+: 0x7f7bf47c2420 0x7f7bf47c245b
+B+: 0x7f7bf47c2467 0x7f7bf47c2471
+B+: 0x7f7bf47c2472 0x7f7bf47c2489
+B+: 0x7f7bf47c248a 0x7f7bf47c248d
+B+: 0x7f7bf47c248e 0x7f7bf47c2494
+B+: 0x7f7bf47c2495 0x7f7bf47c249d
+B+: 0x7f7bf47c249e 0x7f7bf47c24a9
+B+: 0x7f7bf47c24aa 0x7f7bf47c24c2
+B+: 0x7f7bf47c24c3 0x7f7bf47c24ce
+B+: 0x7f7bf47c24cf 0x7f7bf47c24e5
+B+: 0x7f7bf47c24e6 0x7f7bf47c24f5
+B+: 0x7f7bf47c2500 0x7f7bf47c250e
+B+: 0x7f7bf47c250f 0x7f7bf47c2513
+B+: 0x7f7bf47c2514 0x7f7bf47c251e
+B+: 0x7f7bf47c2540 0x7f7bf47c2549
+B+: 0x7f7bf47c254a 0x7f7bf47c254e
+B+: 0x7f7bf47c254f 0x7f7bf47c2560
+B+: 0x7f7bf47c2568 0x7f7bf47c2577
+B+: 0x7f7bf47c2580 0x7f7bf47c2589
+B+: 0x7f7bf47c25a8 0x7f7bf47c25bb
+B+: 0x7f7bf47c25c0 0x7f7bf47c25ce
+B+: 0x7f7bf47c25cf 0x7f7bf47c25dc
+B+: 0x7f7bf47c26f0 0x7f7bf47c26fd
+B+: 0x7f7bf47c27a0 0x7f7bf47c27a0
+B+: 0x7f7bf47c27b0 0x7f7bf47c27ba
+B+: 0x7f7bf47c27bb 0x7f7bf47c27ce
+B+: 0x7f7bf47c27cf 0x7f7bf47c27d8
+B+: 0x7f7bf47c27d9 0x7f7bf47c27e6
+B+: 0x7f7bf47c2800 0x7f7bf47c282d
+B+: 0x7f7bf47c282e 0x7f7bf47c2831
+B+: 0x7f7bf47c2832 0x7f7bf47c2847
+B+: 0x7f7bf47c2864 0x7f7bf47c286b
+B+: 0x7f7bf47c286c 0x7f7bf47c286f
+B+: 0x7f7bf47c2870 0x7f7bf47c2876
+B+: 0x7f7bf47c2877 0x7f7bf47c287b
+B+: 0x7f7bf47c287c 0x7f7bf47c2886
+B+: 0x7f7bf47c2ae0 0x7f7bf47c2b01
+B+: 0x7f7bf47c2b02 0x7f7bf47c2b0a
+B+: 0x7f7bf47c2b0b 0x7f7bf47c2b14
+B+: 0x7f7bf47c2b15 0x7f7bf47c2b19
+B+: 0x7f7bf47c2c00 0x7f7bf47c2c19
+B+: 0x7f7bf47c2c51 0x7f7bf47c2c8e
+B+: 0x7f7bf47c2c8f 0x7f7bf47c2c9e
+B+: 0x7f7bf47c2c9f 0x7f7bf47c2ca6
+B+: 0x7f7bf47c2df0 0x7f7bf47c2dfb
+B+: 0x7f7bf47c2e20 0x7f7bf47c2e20
+B+: 0x7f7bf47c2e30 0x7f7bf47c2e38
+B+: 0x7f7bf47c4940 0x7f7bf47c494b
+B+: 0x7f7bf47c494c 0x7f7bf47c4957
+B+: 0x7f7bf47c4958 0x7f7bf47c4964
+B+: 0x7f7bf47c4965 0x7f7bf47c4969
+B+: 0x7f7bf47c496a 0x7f7bf47c496f
+B+: 0x7f7bf47c4970 0x7f7bf47c4976
+B+: 0x7f7bf47c4980 0x7f7bf47c4987
+B+: 0x7f7bf47c4988 0x7f7bf47c498c
+B+: 0x7f7bf47c498d 0x7f7bf47c499b
+B+: 0x7f7bf47c499c 0x7f7bf47c49a0
+B+: 0x7f7bf47c49a1 0x7f7bf47c49a8
+B+: 0x7f7bf47c49a9 0x7f7bf47c49ad
+B+: 0x7f7bf47c49ae 0x7f7bf47c49b8
+B+: 0x7f7bf47c49b9 0x7f7bf47c49b9
+B+: 0x7f7bf47c49c0 0x7f7bf47c49c5
+B+: 0x7f7bf47c49c6 0x7f7bf47c49c9
+B+: 0x7f7bf47c49d0 0x7f7bf47c49d0
+B+: 0x7f7bf47c49d1 0x7f7bf47c49d5
+B+: 0x7f7bf47c49d6 0x7f7bf47c49d9
+B+: 0x7f7bf47c49e0 0x7f7bf47c49ff
+B+: 0x7f7bf47c4a00 0x7f7bf47c4a11
+B+: 0x7f7bf47c4a12 0x7f7bf47c4a16
+B+: 0x7f7bf47c4a20 0x7f7bf47c4a22
+B+: 0x7f7bf47c4a23 0x7f7bf47c4a2f
+B+: 0x7f7bf47c4a30 0x7f7bf47c4a33
+B+: 0x7f7bf47c4a34 0x7f7bf47c4a5d
+B+: 0x7f7bf47c4a5e 0x7f7bf47c4a62
+B+: 0x7f7bf47c4a63 0x7f7bf47c4a82
+B+: 0x7f7bf47c4ac0 0x7f7bf47c4ade
+B+: 0x7f7bf47c4adf 0x7f7bf47c4ae3
+B+: 0x7f7bf47c4ae4 0x7f7bf47c4ae8
+B+: 0x7f7bf47c4af0 0x7f7bf47c4af2
+B+: 0x7f7bf47c4af3 0x7f7bf47c4aff
+B+: 0x7f7bf47c4b00 0x7f7bf47c4b03
+B+: 0x7f7bf47c4b04 0x7f7bf47c4b3e
+B+: 0x7f7bf47c4b3f 0x7f7bf47c4b49
+B+: 0x7f7bf47c4b4a 0x7f7bf47c4b57
+B+: 0x7f7bf47c4b58 0x7f7bf47c4b5d
+B+: 0x7f7bf47c4b5e 0x7f7bf47c4b66
+B+: 0x7f7bf47c4b67 0x7f7bf47c4b70
+B+: 0x7f7bf47c4b71 0x7f7bf47c4b7a
+B+: 0x7f7bf47c4b7b 0x7f7bf47c4b9a
+B+: 0x7f7bf47c4b9b 0x7f7bf47c4ba3
+B+: 0x7f7bf47c4ba4 0x7f7bf47c4bbd
+B+: 0x7f7bf47c4bc0 0x7f7bf47c4bc5
+B+: 0x7f7bf47c4bc6 0x7f7bf47c4bcf
+B+: 0x7f7bf47c4bd0 0x7f7bf47c4bd9
+B+: 0x7f7bf47c4bda 0x7f7bf47c4bf7
+B+: 0x7f7bf47c4c08 0x7f7bf47c4c14
+B+: 0x7f7bf47c4c15 0x7f7bf47c4c1b
+B+: 0x7f7bf47c4c1c 0x7f7bf47c4c29
+B+: 0x7f7bf47c4cb0 0x7f7bf47c4cca
+B+: 0x7f7bf47c4ccb 0x7f7bf47c4cda
+B+: 0x7f7bf47c4cdb 0x7f7bf47c4ce6
+B+: 0x7f7bf47c4ce7 0x7f7bf47c4cef
+B+: 0x7f7bf47c4cf0 0x7f7bf47c4cf4
+B+: 0x7f7bf47c4cf5 0x7f7bf47c4cfc
+B+: 0x7f7bf47c4cfd 0x7f7bf47c4d10
+B+: 0x7f7bf47c4d11 0x7f7bf47c4d21
+B+: 0x7f7bf47c4d22 0x7f7bf47c4d26
+B+: 0x7f7bf47c4d27 0x7f7bf47c4d38
+B+: 0x7f7bf47c4d39 0x7f7bf47c4d4b
+B+: 0x7f7bf47c4d4c 0x7f7bf47c4d54
+B+: 0x7f7bf47c4d55 0x7f7bf47c4d5e
+B+: 0x7f7bf47c4d5f 0x7f7bf47c4d6d
+B+: 0x7f7bf47c4ea0 0x7f7bf47c4eb6
+B+: 0x7f7bf47c4eb7 0x7f7bf47c4ebb
+B+: 0x7f7bf47c4ebc 0x7f7bf47c4ec0
+B+: 0x7f7bf47c4ec8 0x7f7bf47c4ecb
+B+: 0x7f7bf47c4ecc 0x7f7bf47c4ed9
+B+: 0x7f7bf47c4eda 0x7f7bf47c4edd
+B+: 0x7f7bf47c4ede 0x7f7bf47c4f06
+B+: 0x7f7bf47c4f07 0x7f7bf47c4f10
+B+: 0x7f7bf47c4f11 0x7f7bf47c4f16
+B+: 0x7f7bf47c4f17 0x7f7bf47c4f24
+B+: 0x7f7bf47c4f25 0x7f7bf47c4f2d
+B+: 0x7f7bf47c5440 0x7f7bf47c546b
+B+: 0x7f7bf47c546c 0x7f7bf47c5470
+B+: 0x7f7bf47c5471 0x7f7bf47c5475
+B+: 0x7f7bf47c5536 0x7f7bf47c553e
+B+: 0x7f7bf47c553f 0x7f7bf47c5548
+B+: 0x7f7bf47c5549 0x7f7bf47c5551
+B+: 0x7f7bf47c55d0 0x7f7bf47c55e4
+B+: 0x7f7bf47c55e5 0x7f7bf47c5606
+B+: 0x7f7bf47c5607 0x7f7bf47c5610
+B+: 0x7f7bf47c5611 0x7f7bf47c5618
+B+: 0x7f7bf47c5640 0x7f7bf47c5648
+B+: 0x7f7bf47c5649 0x7f7bf47c5656
+B+: 0x7f7bf47c5657 0x7f7bf47c565f
+B+: 0x7f7bf47c5660 0x7f7bf47c5661
+B+: 0x7f7bf47c5760 0x7f7bf47c57aa
+B+: 0x7f7bf47c57ab 0x7f7bf47c57af
+B+: 0x7f7bf47c57b0 0x7f7bf47c57be
+B+: 0x7f7bf47c57c8 0x7f7bf47c57d3
+B+: 0x7f7bf47c57d4 0x7f7bf47c57d8
+B+: 0x7f7bf47c57d9 0x7f7bf47c57e0
+B+: 0x7f7bf47c57e1 0x7f7bf47c57e5
+B+: 0x7f7bf47c57e6 0x7f7bf47c57f3
+B+: 0x7f7bf47c57f4 0x7f7bf47c57fb
+B+: 0x7f7bf47c5800 0x7f7bf47c5810
+B+: 0x7f7bf47c5811 0x7f7bf47c5815
+B+: 0x7f7bf47c5816 0x7f7bf47c5832
+B+: 0x7f7bf47c5833 0x7f7bf47c5843
+B+: 0x7f7bf47c5844 0x7f7bf47c584f
+B+: 0x7f7bf47c5850 0x7f7bf47c5857
+B+: 0x7f7bf47c5858 0x7f7bf47c585c
+B+: 0x7f7bf47c585d 0x7f7bf47c5868
+B+: 0x7f7bf47c5869 0x7f7bf47c587b
+B+: 0x7f7bf47c587c 0x7f7bf47c5884
+B+: 0x7f7bf47c5888 0x7f7bf47c5897
+B+: 0x7f7bf47c5898 0x7f7bf47c589b
+B+: 0x7f7bf47c589c 0x7f7bf47c58b4
+B+: 0x7f7bf47c58b5 0x7f7bf47c58b8
+B+: 0x7f7bf47c58b9 0x7f7bf47c58c6
+B+: 0x7f7bf47c58c7 0x7f7bf47c58d5
+B+: 0x7f7bf47c5dc0 0x7f7bf47c5dec
+B+: 0x7f7bf47c5ded 0x7f7bf47c5df2
+B+: 0x7f7bf47c5df3 0x7f7bf47c5e04
+B+: 0x7f7bf47c5e05 0x7f7bf47c5e0d
+B+: 0x7f7bf47c5e0e 0x7f7bf47c5e1c
+CND+ 0x7f7bf47b400e: taken
+CND+ 0x7f7bf47b45ea: not taken
+CND+ 0x7f7bf47b4626: not taken
+CND+ 0x7f7bf47b463b: taken
+CND+ 0x7f7bf47b4673: not taken
+CND+ 0x7f7bf47b4687: not taken
+CND+ 0x7f7bf47b4695: not taken
+CND+ 0x7f7bf47b47e2: taken
+CND+ 0x7f7bf47b4862: not taken
+CND+ 0x7f7bf47b487c: both
+CND+ 0x7f7bf47b48a9: not taken
+CND+ 0x7f7bf47b4a5d: not taken
+CND+ 0x7f7bf47b4a62: taken
+CND+ 0x7f7bf47b56e6: not taken
+CND+ 0x7f7bf47b5704: taken
+CND+ 0x7f7bf47b571a: not taken
+CND+ 0x7f7bf47b571f: taken
+CND+ 0x7f7bf47b572f: taken
+CND+ 0x7f7bf47b574c: not taken
+CND+ 0x7f7bf47b5756: not taken
+CND+ 0x7f7bf47b578f: not taken
+CND+ 0x7f7bf47b579b: taken
+CND+ 0x7f7bf47b6079: taken
+CND+ 0x7f7bf47b611b: not taken
+CND+ 0x7f7bf47b6149: not taken
+CND+ 0x7f7bf47b6158: not taken
+CND+ 0x7f7bf47b6190: not taken
+CND+ 0x7f7bf47b61ce: taken
+CND+ 0x7f7bf47b6c20: not taken
+CND+ 0x7f7bf47b6c2d: taken
+CND+ 0x7f7bf47b6c48: not taken
+CND+ 0x7f7bf47b6c5f: both
+CND+ 0x7f7bf47b6c88: not taken
+CND+ 0x7f7bf47b6ed2: taken
+CND+ 0x7f7bf47b6f55: not taken
+CND+ 0x7f7bf47b6f7e: not taken
+CND+ 0x7f7bf47b6f8a: not taken
+CND+ 0x7f7bf47b6f93: both
+CND+ 0x7f7bf47b6fc4: not taken
+CND+ 0x7f7bf47b6fe2: both
+CND+ 0x7f7bf47b6ffb: taken
+CND+ 0x7f7bf47b705a: taken
+CND+ 0x7f7bf47b70af: not taken
+CND+ 0x7f7bf47b70b8: taken
+CND+ 0x7f7bf47b70e0: taken
+CND+ 0x7f7bf47b7116: not taken
+CND+ 0x7f7bf47b715a: not taken
+CND+ 0x7f7bf47b7163: taken
+CND+ 0x7f7bf47b721b: taken
+CND+ 0x7f7bf47b724a: taken
+CND+ 0x7f7bf47b727c: not taken
+CND+ 0x7f7bf47b736a: taken
+CND+ 0x7f7bf47b7520: not taken
+CND+ 0x7f7bf47b7529: not taken
+CND+ 0x7f7bf47b7532: taken
+CND+ 0x7f7bf47b78eb: not taken
+CND+ 0x7f7bf47b7906: both
+CND+ 0x7f7bf47b793d: not taken
+CND+ 0x7f7bf47b7985: both
+CND+ 0x7f7bf47b79f6: taken
+CND+ 0x7f7bf47b7a20: both
+CND+ 0x7f7bf47b7a29: not taken
+CND+ 0x7f7bf47b7a33: not taken
+CND+ 0x7f7bf47b7ae4: not taken
+CND+ 0x7f7bf47b7afb: taken
+CND+ 0x7f7bf47b7b2a: both
+CND+ 0x7f7bf47b7b30: both
+CND+ 0x7f7bf47b7b40: taken
+CND+ 0x7f7bf47b7b60: not taken
+CND+ 0x7f7bf47b7b96: not taken
+CND+ 0x7f7bf47b7be5: taken
+CND+ 0x7f7bf47b7da0: not taken
+CND+ 0x7f7bf47b7da9: not taken
+CND+ 0x7f7bf47b7dc8: both
+CND+ 0x7f7bf47b7dd0: both
+CND+ 0x7f7bf47b7e2e: taken
+CND+ 0x7f7bf47b7e57: not taken
+CND+ 0x7f7bf47b7eac: taken
+CND+ 0x7f7bf47b7ed8: taken
+CND+ 0x7f7bf47b7fa3: not taken
+CND+ 0x7f7bf47b7fc0: taken
+CND+ 0x7f7bf47b8019: not taken
+CND+ 0x7f7bf47b8065: not taken
+CND+ 0x7f7bf47b806f: not taken
+CND+ 0x7f7bf47b8089: both
+CND+ 0x7f7bf47b809d: not taken
+CND+ 0x7f7bf47b80ab: taken
+CND+ 0x7f7bf47b814c: not taken
+CND+ 0x7f7bf47b8156: taken
+CND+ 0x7f7bf47b81cc: taken
+CND+ 0x7f7bf47b81ee: taken
+CND+ 0x7f7bf47b8811: both
+CND+ 0x7f7bf47b881b: not taken
+CND+ 0x7f7bf47b881f: not taken
+CND+ 0x7f7bf47b8839: taken
+CND+ 0x7f7bf47b8859: taken
+CND+ 0x7f7bf47b8861: taken
+CND+ 0x7f7bf47b945f: taken
+CND+ 0x7f7bf47b9626: not taken
+CND+ 0x7f7bf47b96ca: taken
+CND+ 0x7f7bf47b9762: taken
+CND+ 0x7f7bf47ba2a4: taken
+CND+ 0x7f7bf47ba2bd: not taken
+CND+ 0x7f7bf47ba2cd: not taken
+CND+ 0x7f7bf47ba30f: taken
+CND+ 0x7f7bf47ba327: taken
+CND+ 0x7f7bf47ba33a: not taken
+CND+ 0x7f7bf47ba343: taken
+CND+ 0x7f7bf47ba381: not taken
+CND+ 0x7f7bf47ba3d6: taken
+CND+ 0x7f7bf47ba3e7: taken
+CND+ 0x7f7bf47ba895: not taken
+CND+ 0x7f7bf47ba8a8: not taken
+CND+ 0x7f7bf47ba8d2: not taken
+CND+ 0x7f7bf47ba907: not taken
+CND+ 0x7f7bf47ba942: taken
+CND+ 0x7f7bf47ba953: not taken
+CND+ 0x7f7bf47ba963: taken
+CND+ 0x7f7bf47baa7b: not taken
+CND+ 0x7f7bf47badbc: both
+CND+ 0x7f7bf47badc9: both
+CND+ 0x7f7bf47bae03: not taken
+CND+ 0x7f7bf47bae0d: not taken
+CND+ 0x7f7bf47bae18: taken
+CND+ 0x7f7bf47bb1a1: not taken
+CND+ 0x7f7bf47bb1ab: not taken
+CND+ 0x7f7bf47bb1e4: taken
+CND+ 0x7f7bf47bb1f2: taken
+CND+ 0x7f7bf47bb20a: not taken
+CND+ 0x7f7bf47bb225: not taken
+CND+ 0x7f7bf47bb22f: not taken
+CND+ 0x7f7bf47bb247: taken
+CND+ 0x7f7bf47bb533: taken
+CND+ 0x7f7bf47bb582: taken
+CND+ 0x7f7bf47bb655: taken
+CND+ 0x7f7bf47bb698: taken
+CND+ 0x7f7bf47bb703: not taken
+CND+ 0x7f7bf47bb70c: taken
+CND+ 0x7f7bf47bb725: not taken
+CND+ 0x7f7bf47bb742: not taken
+CND+ 0x7f7bf47bb75a: not taken
+CND+ 0x7f7bf47bb765: not taken
+CND+ 0x7f7bf47bb792: not taken
+CND+ 0x7f7bf47bb797: taken
+CND+ 0x7f7bf47bb7a9: taken
+CND+ 0x7f7bf47bb7ad: not taken
+CND+ 0x7f7bf47bb7bc: taken
+CND+ 0x7f7bf47bb7ce: taken
+CND+ 0x7f7bf47bb848: taken
+CND+ 0x7f7bf47bb889: not taken
+CND+ 0x7f7bf47bb89b: not taken
+CND+ 0x7f7bf47bb8a8: taken
+CND+ 0x7f7bf47bbc2f: not taken
+CND+ 0x7f7bf47bbc57: taken
+CND+ 0x7f7bf47bbc65: not taken
+CND+ 0x7f7bf47bbc6e: taken
+CND+ 0x7f7bf47bbc86: not taken
+CND+ 0x7f7bf47bbcae: taken
+CND+ 0x7f7bf47bc366: taken
+CND+ 0x7f7bf47bc9d6: taken
+CND+ 0x7f7bf47bca31: not taken
+CND+ 0x7f7bf47bca51: taken
+CND+ 0x7f7bf47bcaad: not taken
+CND+ 0x7f7bf47bcab5: taken
+CND+ 0x7f7bf47bcb00: taken
+CND+ 0x7f7bf47bcb5a: not taken
+CND+ 0x7f7bf47bcb62: not taken
+CND+ 0x7f7bf47bcb6b: not taken
+CND+ 0x7f7bf47bcb75: not taken
+CND+ 0x7f7bf47bcb7f: taken
+CND+ 0x7f7bf47bcb9b: taken
+CND+ 0x7f7bf47bcc3c: taken
+CND+ 0x7f7bf47bced9: not taken
+CND+ 0x7f7bf47bcee6: not taken
+CND+ 0x7f7bf47bcf01: not taken
+CND+ 0x7f7bf47bcf1a: not taken
+CND+ 0x7f7bf47bcf20: not taken
+CND+ 0x7f7bf47bcf26: taken
+CND+ 0x7f7bf47bd76c: not taken
+CND+ 0x7f7bf47bd78c: not taken
+CND+ 0x7f7bf47bd7d8: both
+CND+ 0x7f7bf47bd7e1: taken
+CND+ 0x7f7bf47bd806: not taken
+CND+ 0x7f7bf47bd840: not taken
+CND+ 0x7f7bf47bd84a: not taken
+CND+ 0x7f7bf47bd965: both
+CND+ 0x7f7bf47bd989: not taken
+CND+ 0x7f7bf47bd9b2: not taken
+CND+ 0x7f7bf47bd9bc: not taken
+CND+ 0x7f7bf47bd9e3: not taken
+CND+ 0x7f7bf47bda13: taken
+CND+ 0x7f7bf47bdafd: not taken
+CND+ 0x7f7bf47bdb1a: not taken
+CND+ 0x7f7bf47bdb61: taken
+CND+ 0x7f7bf47be711: not taken
+CND+ 0x7f7bf47be71d: not taken
+CND+ 0x7f7bf47be722: not taken
+CND+ 0x7f7bf47be748: not taken
+CND+ 0x7f7bf47be74c: not taken
+CND+ 0x7f7bf47be75f: not taken
+CND+ 0x7f7bf47be7a4: not taken
+CND+ 0x7f7bf47be8f3: both
+CND+ 0x7f7bf47be90f: both
+CND+ 0x7f7bf47be911: not taken
+CND+ 0x7f7bf47be91a: taken
+CND+ 0x7f7bf47bea92: not taken
+CND+ 0x7f7bf47beaba: not taken
+CND+ 0x7f7bf47bead5: both
+CND+ 0x7f7bf47beade: taken
+CND+ 0x7f7bf47beaf7: not taken
+CND+ 0x7f7bf47beb01: not taken
+CND+ 0x7f7bf47beb05: not taken
+CND+ 0x7f7bf47beb19: taken
+CND+ 0x7f7bf47bec50: not taken
+CND+ 0x7f7bf47bec62: taken
+CND+ 0x7f7bf47bedb1: not taken
+CND+ 0x7f7bf47bedea: both
+CND+ 0x7f7bf47bee13: not taken
+CND+ 0x7f7bf47bee20: taken
+CND+ 0x7f7bf47bee2d: not taken
+CND+ 0x7f7bf47bee43: not taken
+CND+ 0x7f7bf47bee4f: both
+CND+ 0x7f7bf47bee58: not taken
+CND+ 0x7f7bf47bee72: taken
+CND+ 0x7f7bf47beee7: taken
+CND+ 0x7f7bf47bf75d: both
+CND+ 0x7f7bf47bf76f: not taken
+CND+ 0x7f7bf47bf782: both
+CND+ 0x7f7bf47bf787: both
+CND+ 0x7f7bf47bf795: both
+CND+ 0x7f7bf47bf8b1: not taken
+CND+ 0x7f7bf47bf8dc: not taken
+CND+ 0x7f7bf47bf8ea: not taken
+CND+ 0x7f7bf47bf8ec: both
+CND+ 0x7f7bf47bf8f5: not taken
+CND+ 0x7f7bf47bf8fb: taken
+CND+ 0x7f7bf47bf943: not taken
+CND+ 0x7f7bf47bf94c: taken
+CND+ 0x7f7bf47bf983: not taken
+CND+ 0x7f7bf47bf989: both
+CND+ 0x7f7bf47bf990: not taken
+CND+ 0x7f7bf47bf9ab: taken
+CND+ 0x7f7bf47bfa0b: taken
+CND+ 0x7f7bf47bfb10: both
+CND+ 0x7f7bf47bfb1c: not taken
+CND+ 0x7f7bf47bfb21: both
+CND+ 0x7f7bf47bfb2f: not taken
+CND+ 0x7f7bf47bfb37: both
+CND+ 0x7f7bf47bfb44: both
+CND+ 0x7f7bf47bfb5e: taken
+CND+ 0x7f7bf47bfb92: both
+CND+ 0x7f7bf47bfb9b: taken
+CND+ 0x7f7bf47bfbfb: taken
+CND+ 0x7f7bf47bfd68: both
+CND+ 0x7f7bf47bfd71: taken
+CND+ 0x7f7bf47bfd8b: not taken
+CND+ 0x7f7bf47bfda3: taken
+CND+ 0x7f7bf47bfddd: taken
+CND+ 0x7f7bf47bfe02: not taken
+CND+ 0x7f7bf47bfe0b: taken
+CND+ 0x7f7bf47bfe2f: not taken
+CND+ 0x7f7bf47bfe35: taken
+CND+ 0x7f7bf47bfe4f: not taken
+CND+ 0x7f7bf47bfe58: both
+CND+ 0x7f7bf47bff7d: not taken
+CND+ 0x7f7bf47c002c: not taken
+CND+ 0x7f7bf47c00c7: not taken
+CND+ 0x7f7bf47c00d0: both
+CND+ 0x7f7bf47c00d9: not taken
+CND+ 0x7f7bf47c05a7: both
+CND+ 0x7f7bf47c05ed: not taken
+CND+ 0x7f7bf47c05f2: taken
+CND+ 0x7f7bf47c0682: not taken
+CND+ 0x7f7bf47c06a1: not taken
+CND+ 0x7f7bf47c07bb: not taken
+CND+ 0x7f7bf47c0835: not taken
+CND+ 0x7f7bf47c0870: not taken
+CND+ 0x7f7bf47c088e: not taken
+CND+ 0x7f7bf47c089e: not taken
+CND+ 0x7f7bf47c09ca: both
+CND+ 0x7f7bf47c09ea: taken
+CND+ 0x7f7bf47c09f6: taken
+CND+ 0x7f7bf47c0a15: taken
+CND+ 0x7f7bf47c0a38: not taken
+CND+ 0x7f7bf47c0a48: taken
+CND+ 0x7f7bf47c0abb: not taken
+CND+ 0x7f7bf47c114f: not taken
+CND+ 0x7f7bf47c116f: not taken
+CND+ 0x7f7bf47c117e: taken
+CND+ 0x7f7bf47c1a5f: taken
+CND+ 0x7f7bf47c1b46: not taken
+CND+ 0x7f7bf47c1b50: taken
+CND+ 0x7f7bf47c1b69: taken
+CND+ 0x7f7bf47c1b93: taken
+CND+ 0x7f7bf47c1d2b: taken
+CND+ 0x7f7bf47c1e50: not taken
+CND+ 0x7f7bf47c2227: taken
+CND+ 0x7f7bf47c225f: not taken
+CND+ 0x7f7bf47c2278: taken
+CND+ 0x7f7bf47c22b9: not taken
+CND+ 0x7f7bf47c22d7: taken
+CND+ 0x7f7bf47c230b: taken
+CND+ 0x7f7bf47c2383: taken
+CND+ 0x7f7bf47c23e2: taken
+CND+ 0x7f7bf47c2456: taken
+CND+ 0x7f7bf47c2488: both
+CND+ 0x7f7bf47c248c: not taken
+CND+ 0x7f7bf47c2493: not taken
+CND+ 0x7f7bf47c2498: both
+CND+ 0x7f7bf47c24e0: not taken
+CND+ 0x7f7bf47c2512: not taken
+CND+ 0x7f7bf47c2519: taken
+CND+ 0x7f7bf47c2548: not taken
+CND+ 0x7f7bf47c254d: not taken
+CND+ 0x7f7bf47c25c9: not taken
+CND+ 0x7f7bf47c25d7: taken
+CND+ 0x7f7bf47c26f8: taken
+CND+ 0x7f7bf47c27b9: not taken
+CND+ 0x7f7bf47c2830: not taken
+CND+ 0x7f7bf47c2846: taken
+CND+ 0x7f7bf47c286e: not taken
+CND+ 0x7f7bf47c2b09: not taken
+CND+ 0x7f7bf47c2b13: not taken
+CND+ 0x7f7bf47c2c18: taken
+CND+ 0x7f7bf47c2c9d: not taken
+CND+ 0x7f7bf47c2dfa: taken
+CND+ 0x7f7bf47c4946: both
+CND+ 0x7f7bf47c4963: both
+CND+ 0x7f7bf47c4968: not taken
+CND+ 0x7f7bf47c496e: not taken
+CND+ 0x7f7bf47c4986: not taken
+CND+ 0x7f7bf47c498b: both
+CND+ 0x7f7bf47c499a: both
+CND+ 0x7f7bf47c499f: both
+CND+ 0x7f7bf47c49ac: both
+CND+ 0x7f7bf47c49b7: both
+CND+ 0x7f7bf47c49c4: not taken
+CND+ 0x7f7bf47c4a10: not taken
+CND+ 0x7f7bf47c4a15: taken
+CND+ 0x7f7bf47c4a2e: both
+CND+ 0x7f7bf47c4a32: both
+CND+ 0x7f7bf47c4a5c: both
+CND+ 0x7f7bf47c4add: not taken
+CND+ 0x7f7bf47c4ae2: not taken
+CND+ 0x7f7bf47c4afe: not taken
+CND+ 0x7f7bf47c4b02: both
+CND+ 0x7f7bf47c4b48: both
+CND+ 0x7f7bf47c4b52: not taken
+CND+ 0x7f7bf47c4b5c: not taken
+CND+ 0x7f7bf47c4b65: both
+CND+ 0x7f7bf47c4b6b: taken
+CND+ 0x7f7bf47c4b75: not taken
+CND+ 0x7f7bf47c4b95: not taken
+CND+ 0x7f7bf47c4ba2: not taken
+CND+ 0x7f7bf47c4bc4: not taken
+CND+ 0x7f7bf47c4bce: not taken
+CND+ 0x7f7bf47c4bf6: taken
+CND+ 0x7f7bf47c4c24: taken
+CND+ 0x7f7bf47c4ce1: not taken
+CND+ 0x7f7bf47c4cea: not taken
+CND+ 0x7f7bf47c4cf3: not taken
+CND+ 0x7f7bf47c4d25: not taken
+CND+ 0x7f7bf47c4d53: not taken
+CND+ 0x7f7bf47c4d5d: not taken
+CND+ 0x7f7bf47c4eb5: not taken
+CND+ 0x7f7bf47c4eba: not taken
+CND+ 0x7f7bf47c4ed8: both
+CND+ 0x7f7bf47c4edc: taken
+CND+ 0x7f7bf47c4f0f: not taken
+CND+ 0x7f7bf47c4f15: not taken
+CND+ 0x7f7bf47c546f: not taken
+CND+ 0x7f7bf47c553d: not taken
+CND+ 0x7f7bf47c5547: not taken
+CND+ 0x7f7bf47c5605: not taken
+CND+ 0x7f7bf47c560f: not taken
+CND+ 0x7f7bf47c5647: not taken
+CND+ 0x7f7bf47c565e: not taken
+CND+ 0x7f7bf47c57bd: taken
+CND+ 0x7f7bf47c57d2: taken
+CND+ 0x7f7bf47c57df: not taken
+CND+ 0x7f7bf47c57e4: both
+CND+ 0x7f7bf47c57fa: taken
+CND+ 0x7f7bf47c5856: not taken
+CND+ 0x7f7bf47c585b: taken
+CND+ 0x7f7bf47c587a: not taken
+CND+ 0x7f7bf47c589a: not taken
+CND+ 0x7f7bf47c58b7: not taken
+CND+ 0x7f7bf47c58c5: not taken
+CND+ 0x7f7bf47c58d4: taken
+CND+ 0x7f7bf47c5df1: not taken
+CND+ 0x7f7bf47c5e0c: not taken
@0x7f7bf47b4050 to 0x7f7bf82eda30 4
@0x7f7bf47b4080 to 0x7f7bf828d330 2
@0x7f7bf47b4090 to 0x7f7bf832f710 1
@0x7f7bf47b40a0 to 0x7f7bf8305e70 5
@0x7f7bf47b40d0 to 0x7f7bf82a0a20 7
@0x7f7bf47b40f0 to 0x7f7bf83c4800 4
@0x7f7bf47b4130 to 0x7f7bf83301e0 1
@0x7f7bf47b4140 to 0x7f7bf82a4c10 1
@0x7f7bf47b4150 to 0x7f7bf8352800 4
@0x7f7bf47b4160 to 0x7f7bf832f230 1
@0x7f7bf47b4190 to 0x7f7bf83c4bc0 8
@0x7f7bf47b41c0 to 0x7f7bf8330200 1
@0x7f7bf47b41e0 to 0x7f7bf83c45d0 1
@0x7f7bf47b4220 to 0x7f7bf8330210 2
@0x7f7bf47b4230 to 0x7f7bf8353b10 1
@0x7f7bf47b616e to 0x7f7bf47b61c0 1
@0x7f7bf47b4280 to 0x7f7bf83bfd10 11
@0x7f7bf47b42a0 to 0x7f7bf82a0450 4
@0x7f7bf47b61ac to 0x7f7bf47b6e90 1
@0x7f7bf47b42d0 to 0x7f7bf83c0100 9
@0x7f7bf47b4320 to 0x7f7bf82a10f0 4
@0x7f7bf47b4330 to 0x7f7bf83c5100 6
@0x7f7bf47b4350 to 0x7f7bf8330220 1
@0x7f7bf47b4370 to 0x7f7bf8352800 2
@0x7f7bf47b4390 to 0x7f7bf82ed3e0 23
@0x7f7bf47b43b0 to 0x7f7bf8330230 1
@0x7f7bf47b43c0 to 0x7f7bf83bfe90 22
@0x7f7bf47b43e0 to 0x7f7bf8370ba0 1
@0x7f7bf47b4410 to 0x7f7bf82edc80 1
@0x7f7bf47b4460 to 0x7f7bf83c50e0 13
@0x7f7bf47b4510 to 0x7f7bf83301f0 1
@0x7f7bf47b4560 to 0x7f7bf832f4e0 1
@0x7f7bf47b4570 to 0x7f7bf8299580 191
@0x7f7bf47bff91 to 0x7f7bf47c0075 1
@0x7f7bf47b4784 to 0x7f7bf828cfb0 1
@0x7f7bf47c5e01 to 0x7f7bf47b4840 1
@0x7f7bf47c255f to 0x7f7bf47c2580 1
@0x7f7bf47c255f to 0x7f7bf47c25c0 1
@0x7f7bf47c255f to 0x7f7bf47c25a8 2
@0x7f7bf47c08af to 0x7f7bf47c0a01 180
@0x7f7bf47c08af to 0x7f7bf47c09f0 10
@0x7f7bf47c08af to 0x7f7bf47c0a28 1
@0x7f7bf47c4c19 to 0x7f7bf47b87d0 1
@0x7f7bf47c4c19 to 0x7f7bf47bf120 1
