MODULE_NAME: /usr/bin/gs
MODULE_START: 0x7fb9c3b66000
+B+: 0x7fb9c3b67000 0x7fb9c3b6700f
+B+: 0x7fb9c3b67012 0x7fb9c3b67016
+B+: 0x7fb9c3b67020 0x7fb9c3b6702b
+B+: 0x7fb9c3b67030 0x7fb9c3b67035
+B+: 0x7fb9c3b67036 0x7fb9c3b6703f
+B+: 0x7fb9c3b67040 0x7fb9c3b67045
+B+: 0x7fb9c3b67046 0x7fb9c3b6704f
+B+: 0x7fb9c3b67050 0x7fb9c3b67055
+B+: 0x7fb9c3b67056 0x7fb9c3b6705f
+B+: 0x7fb9c3b67090 0x7fb9c3b67095
+B+: 0x7fb9c3b67096 0x7fb9c3b6709f
+B+: 0x7fb9c3b670b0 0x7fb9c3b670b5
+B+: 0x7fb9c3b670b6 0x7fb9c3b670bf
+B+: 0x7fb9c3b670c0 0x7fb9c3b670c5
+B+: 0x7fb9c3b670c6 0x7fb9c3b670cf
+B+: 0x7fb9c3b670d0 0x7fb9c3b670d5
+B+: 0x7fb9c3b670d6 0x7fb9c3b670df
+B+: 0x7fb9c3b670e0 0x7fb9c3b670e5
+B+: 0x7fb9c3b670f0 0x7fb9c3b67121
+B+: 0x7fb9c3b67122 0x7fb9c3b67127
+B+: 0x7fb9c3b67128 0x7fb9c3b67130
+B+: 0x7fb9c3b67131 0x7fb9c3b67132
+B+: 0x7fb9c3b67133 0x7fb9c3b67137
+B+: 0x7fb9c3b67138 0x7fb9c3b67152
+B+: 0x7fb9c3b67153 0x7fb9c3b6715b
+B+: 0x7fb9c3b67184 0x7fb9c3b671a2
+B+: 0x7fb9c3b671a3 0x7fb9c3b671b1
+B+: 0x7fb9c3b671b2 0x7fb9c3b671b7
+B+: 0x7fb9c3b671b8 0x7fb9c3b671c1
+B+: 0x7fb9c3b671c2 0x7fb9c3b671c5
+B+: 0x7fb9c3b671c6 0x7fb9c3b671ca
+B+: 0x7fb9c3b671cb 0x7fb9c3b671d6
+B+: 0x7fb9c3b671d7 0x7fb9c3b671db
+B+: 0x7fb9c3b67220 0x7fb9c3b67249
+B+: 0x7fb9c3b67250 0x7fb9c3b67262
+B+: 0x7fb9c3b67278 0x7fb9c3b67278
+B+: 0x7fb9c3b67280 0x7fb9c3b672a3
+B+: 0x7fb9c3b672b8 0x7fb9c3b672b8
+B+: 0x7fb9c3b672c0 0x7fb9c3b672c8
+B+: 0x7fb9c3b672c9 0x7fb9c3b672d6
+B+: 0x7fb9c3b672d7 0x7fb9c3b672e2
+B+: 0x7fb9c3b672e3 0x7fb9c3b672e7
+B+: 0x7fb9c3b672e8 0x7fb9c3b672f0
+B+: 0x7fb9c3b67300 0x7fb9c3b67304
+B+: 0x7fb9c3b67350 0x7fb9c3b67373
+B+: 0x7fb9c3b67374 0x7fb9c3b6737c
+B+: 0x7fb9c3b6737d 0x7fb9c3b67385
+B+: 0x7fb9c3b673c0 0x7fb9c3b673ec
+B+: 0x7fb9c3b673ed 0x7fb9c3b673f2
+B+: 0x7fb9c3b673f3 0x7fb9c3b67404
+B+: 0x7fb9c3b67405 0x7fb9c3b6740d
+B+: 0x7fb9c3b6740e 0x7fb9c3b6741c
+B+: 0x7fb9c3b67424 0x7fb9c3b6742c
+CND+ 0x7fb9c3b6700e: taken
+CND+ 0x7fb9c3b67126: taken
+CND+ 0x7fb9c3b6712b: not taken
+CND+ 0x7fb9c3b67131: not taken
+CND+ 0x7fb9c3b67136: not taken
+CND+ 0x7fb9c3b6714d: not taken
+CND+ 0x7fb9c3b671b6: not taken
+CND+ 0x7fb9c3b671c4: not taken
+CND+ 0x7fb9c3b671c9: not taken
+CND+ 0x7fb9c3b67261: taken
+CND+ 0x7fb9c3b672a2: taken
+CND+ 0x7fb9c3b672c7: not taken
+CND+ 0x7fb9c3b672d5: not taken
+CND+ 0x7fb9c3b673f1: not taken
+CND+ 0x7fb9c3b6740c: not taken
@0x7fb9c3b67401 to 0x7fb9c3b67300 1
@0x7fb9c3b67026 to 0x7fb9c7b56500 7
@0x7fb9c3b67030 to 0x7fb9c3b67036 1
@0x7fb9c3b67040 to 0x7fb9c3b67046 1
@0x7fb9c3b67050 to 0x7fb9c3b67056 1
@0x7fb9c3b67090 to 0x7fb9c3b67096 1
@0x7fb9c3b670b0 to 0x7fb9c3b670b6 1
@0x7fb9c3b670c0 to 0x7fb9c3b670c6 1
@0x7fb9c3b670d0 to 0x7fb9c3b670d6 1
@0x7fb9c3b670e0 to 0x7fb9c66bc1c0 1
@0x7fb9c3b67244 to 0x7fb9c66a5fb0 1
