MODULE_NAME: /usr/bin/gs
MODULE_START: 0x7f89da87a000
+B+: 0x7f89da87b000 0x7f89da87b00f
+B+: 0x7f89da87b012 0x7f89da87b016
+B+: 0x7f89da87b020 0x7f89da87b02b
+B+: 0x7f89da87b030 0x7f89da87b035
+B+: 0x7f89da87b036 0x7f89da87b03f
+B+: 0x7f89da87b040 0x7f89da87b045
+B+: 0x7f89da87b046 0x7f89da87b04f
+B+: 0x7f89da87b050 0x7f89da87b055
+B+: 0x7f89da87b056 0x7f89da87b05f
+B+: 0x7f89da87b090 0x7f89da87b095
+B+: 0x7f89da87b096 0x7f89da87b09f
+B+: 0x7f89da87b0b0 0x7f89da87b0b5
+B+: 0x7f89da87b0b6 0x7f89da87b0bf
+B+: 0x7f89da87b0c0 0x7f89da87b0c5
+B+: 0x7f89da87b0c6 0x7f89da87b0cf
+B+: 0x7f89da87b0d0 0x7f89da87b0d5
+B+: 0x7f89da87b0d6 0x7f89da87b0df
+B+: 0x7f89da87b0e0 0x7f89da87b0e5
+B+: 0x7f89da87b0f0 0x7f89da87b121
+B+: 0x7f89da87b122 0x7f89da87b127
+B+: 0x7f89da87b128 0x7f89da87b130
+B+: 0x7f89da87b131 0x7f89da87b132
+B+: 0x7f89da87b133 0x7f89da87b137
+B+: 0x7f89da87b138 0x7f89da87b152
+B+: 0x7f89da87b153 0x7f89da87b15b
+B+: 0x7f89da87b184 0x7f89da87b1a2
+B+: 0x7f89da87b1a3 0x7f89da87b1b1
+B+: 0x7f89da87b1b2 0x7f89da87b1b7
+B+: 0x7f89da87b1b8 0x7f89da87b1c1
+B+: 0x7f89da87b1c2 0x7f89da87b1c5
+B+: 0x7f89da87b1c6 0x7f89da87b1ca
+B+: 0x7f89da87b1cb 0x7f89da87b1d6
+B+: 0x7f89da87b1d7 0x7f89da87b1db
+B+: 0x7f89da87b220 0x7f89da87b249
+B+: 0x7f89da87b250 0x7f89da87b262
+B+: 0x7f89da87b278 0x7f89da87b278
+B+: 0x7f89da87b280 0x7f89da87b2a3
+B+: 0x7f89da87b2b8 0x7f89da87b2b8
+B+: 0x7f89da87b2c0 0x7f89da87b2c8
+B+: 0x7f89da87b2c9 0x7f89da87b2d6
+B+: 0x7f89da87b2d7 0x7f89da87b2e2
+B+: 0x7f89da87b2e3 0x7f89da87b2e7
+B+: 0x7f89da87b2e8 0x7f89da87b2f0
+B+: 0x7f89da87b300 0x7f89da87b304
+B+: 0x7f89da87b350 0x7f89da87b373
+B+: 0x7f89da87b374 0x7f89da87b37c
+B+: 0x7f89da87b37d 0x7f89da87b385
+B+: 0x7f89da87b3c0 0x7f89da87b3ec
+B+: 0x7f89da87b3ed 0x7f89da87b3f2
+B+: 0x7f89da87b3f3 0x7f89da87b404
+B+: 0x7f89da87b405 0x7f89da87b40d
+B+: 0x7f89da87b40e 0x7f89da87b41c
+B+: 0x7f89da87b424 0x7f89da87b42c
+CND+ 0x7f89da87b00e: taken
+CND+ 0x7f89da87b126: taken
+CND+ 0x7f89da87b12b: not taken
+CND+ 0x7f89da87b131: not taken
+CND+ 0x7f89da87b136: not taken
+CND+ 0x7f89da87b14d: not taken
+CND+ 0x7f89da87b1b6: not taken
+CND+ 0x7f89da87b1c4: not taken
+CND+ 0x7f89da87b1c9: not taken
+CND+ 0x7f89da87b261: taken
+CND+ 0x7f89da87b2a2: taken
+CND+ 0x7f89da87b2c7: not taken
+CND+ 0x7f89da87b2d5: not taken
+CND+ 0x7f89da87b3f1: not taken
+CND+ 0x7f89da87b40c: not taken
@0x7f89da87b026 to 0x7f89de86a500 7
@0x7f89da87b030 to 0x7f89da87b036 1
@0x7f89da87b040 to 0x7f89da87b046 1
@0x7f89da87b050 to 0x7f89da87b056 1
@0x7f89da87b090 to 0x7f89da87b096 1
@0x7f89da87b0b0 to 0x7f89da87b0b6 1
@0x7f89da87b0c0 to 0x7f89da87b0c6 1
@0x7f89da87b0d0 to 0x7f89da87b0d6 1
@0x7f89da87b0e0 to 0x7f89dd3d01c0 1
@0x7f89da87b244 to 0x7f89dd3b9fb0 1
@0x7f89da87b401 to 0x7f89da87b300 1
