MODULE_NAME: /usr/bin/gs
MODULE_START: 0x7f2aab703000
+B+: 0x7f2aab704000 0x7f2aab70400f
+B+: 0x7f2aab704012 0x7f2aab704016
+B+: 0x7f2aab704020 0x7f2aab70402b
+B+: 0x7f2aab704030 0x7f2aab704035
+B+: 0x7f2aab704036 0x7f2aab70403f
+B+: 0x7f2aab704040 0x7f2aab704045
+B+: 0x7f2aab704046 0x7f2aab70404f
+B+: 0x7f2aab704050 0x7f2aab704055
+B+: 0x7f2aab704056 0x7f2aab70405f
+B+: 0x7f2aab704090 0x7f2aab704095
+B+: 0x7f2aab704096 0x7f2aab70409f
+B+: 0x7f2aab7040b0 0x7f2aab7040b5
+B+: 0x7f2aab7040b6 0x7f2aab7040bf
+B+: 0x7f2aab7040c0 0x7f2aab7040c5
+B+: 0x7f2aab7040c6 0x7f2aab7040cf
+B+: 0x7f2aab7040d0 0x7f2aab7040d5
+B+: 0x7f2aab7040d6 0x7f2aab7040df
+B+: 0x7f2aab7040e0 0x7f2aab7040e5
+B+: 0x7f2aab7040f0 0x7f2aab704121
+B+: 0x7f2aab704122 0x7f2aab704127
+B+: 0x7f2aab704128 0x7f2aab704130
+B+: 0x7f2aab704131 0x7f2aab704132
+B+: 0x7f2aab704133 0x7f2aab704137
+B+: 0x7f2aab704138 0x7f2aab704152
+B+: 0x7f2aab704153 0x7f2aab70415b
+B+: 0x7f2aab704184 0x7f2aab7041a2
+B+: 0x7f2aab7041a3 0x7f2aab7041b1
+B+: 0x7f2aab7041b2 0x7f2aab7041b7
+B+: 0x7f2aab7041b8 0x7f2aab7041c1
+B+: 0x7f2aab7041c2 0x7f2aab7041c5
+B+: 0x7f2aab7041c6 0x7f2aab7041ca
+B+: 0x7f2aab7041cb 0x7f2aab7041d6
+B+: 0x7f2aab7041d7 0x7f2aab7041db
+B+: 0x7f2aab704220 0x7f2aab704249
+B+: 0x7f2aab704250 0x7f2aab704262
+B+: 0x7f2aab704278 0x7f2aab704278
+B+: 0x7f2aab704280 0x7f2aab7042a3
+B+: 0x7f2aab7042b8 0x7f2aab7042b8
+B+: 0x7f2aab7042c0 0x7f2aab7042c8
+B+: 0x7f2aab7042c9 0x7f2aab7042d6
+B+: 0x7f2aab7042d7 0x7f2aab7042e2
+B+: 0x7f2aab7042e3 0x7f2aab7042e7
+B+: 0x7f2aab7042e8 0x7f2aab7042f0
+B+: 0x7f2aab704300 0x7f2aab704304
+B+: 0x7f2aab704350 0x7f2aab704373
+B+: 0x7f2aab704374 0x7f2aab70437c
+B+: 0x7f2aab70437d 0x7f2aab704385
+B+: 0x7f2aab7043c0 0x7f2aab7043ec
+B+: 0x7f2aab7043ed 0x7f2aab7043f2
+B+: 0x7f2aab7043f3 0x7f2aab704404
+B+: 0x7f2aab704405 0x7f2aab70440d
+B+: 0x7f2aab70440e 0x7f2aab70441c
+B+: 0x7f2aab704424 0x7f2aab70442c
+CND+ 0x7f2aab70400e: taken
+CND+ 0x7f2aab704126: taken
+CND+ 0x7f2aab70412b: not taken
+CND+ 0x7f2aab704131: not taken
+CND+ 0x7f2aab704136: not taken
+CND+ 0x7f2aab70414d: not taken
+CND+ 0x7f2aab7041b6: not taken
+CND+ 0x7f2aab7041c4: not taken
+CND+ 0x7f2aab7041c9: not taken
+CND+ 0x7f2aab704261: taken
+CND+ 0x7f2aab7042a2: taken
+CND+ 0x7f2aab7042c7: not taken
+CND+ 0x7f2aab7042d5: not taken
+CND+ 0x7f2aab7043f1: not taken
+CND+ 0x7f2aab70440c: not taken
@0x7f2aab704026 to 0x7f2aaf6f3500 7
@0x7f2aab704030 to 0x7f2aab704036 1
@0x7f2aab704040 to 0x7f2aab704046 1
@0x7f2aab704050 to 0x7f2aab704056 1
@0x7f2aab704090 to 0x7f2aab704096 1
@0x7f2aab7040b0 to 0x7f2aab7040b6 1
@0x7f2aab7040c0 to 0x7f2aab7040c6 1
@0x7f2aab7040d0 to 0x7f2aab7040d6 1
@0x7f2aab7040e0 to 0x7f2aae2591c0 1
@0x7f2aab704244 to 0x7f2aae242fb0 1
@0x7f2aab704401 to 0x7f2aab704300 1
