MODULE_NAME: /usr/bin/gs
MODULE_START: 0x7ff25cb9b000
+B+: 0x7ff25cb9c000 0x7ff25cb9c00f
+B+: 0x7ff25cb9c012 0x7ff25cb9c016
+B+: 0x7ff25cb9c020 0x7ff25cb9c02b
+B+: 0x7ff25cb9c030 0x7ff25cb9c035
+B+: 0x7ff25cb9c036 0x7ff25cb9c03f
+B+: 0x7ff25cb9c040 0x7ff25cb9c045
+B+: 0x7ff25cb9c046 0x7ff25cb9c04f
+B+: 0x7ff25cb9c050 0x7ff25cb9c055
+B+: 0x7ff25cb9c056 0x7ff25cb9c05f
+B+: 0x7ff25cb9c0b0 0x7ff25cb9c0b5
+B+: 0x7ff25cb9c0b6 0x7ff25cb9c0bf
+B+: 0x7ff25cb9c0c0 0x7ff25cb9c0c5
+B+: 0x7ff25cb9c0c6 0x7ff25cb9c0cf
+B+: 0x7ff25cb9c0e0 0x7ff25cb9c0e5
+B+: 0x7ff25cb9c0f0 0x7ff25cb9c121
+B+: 0x7ff25cb9c122 0x7ff25cb9c127
+B+: 0x7ff25cb9c128 0x7ff25cb9c130
+B+: 0x7ff25cb9c131 0x7ff25cb9c132
+B+: 0x7ff25cb9c133 0x7ff25cb9c137
+B+: 0x7ff25cb9c13d 0x7ff25cb9c152
+B+: 0x7ff25cb9c153 0x7ff25cb9c15b
+B+: 0x7ff25cb9c178 0x7ff25cb9c183
+B+: 0x7ff25cb9c184 0x7ff25cb9c1a2
+B+: 0x7ff25cb9c1a3 0x7ff25cb9c1b1
+B+: 0x7ff25cb9c1b2 0x7ff25cb9c1b7
+B+: 0x7ff25cb9c1b8 0x7ff25cb9c1c1
+B+: 0x7ff25cb9c1c2 0x7ff25cb9c1c5
+B+: 0x7ff25cb9c1c6 0x7ff25cb9c1ca
+B+: 0x7ff25cb9c1cb 0x7ff25cb9c1d6
+B+: 0x7ff25cb9c1d7 0x7ff25cb9c1db
+B+: 0x7ff25cb9c1dc 0x7ff25cb9c1e0
+B+: 0x7ff25cb9c213 0x7ff25cb9c216
+B+: 0x7ff25cb9c220 0x7ff25cb9c249
+B+: 0x7ff25cb9c250 0x7ff25cb9c262
+B+: 0x7ff25cb9c278 0x7ff25cb9c278
+B+: 0x7ff25cb9c280 0x7ff25cb9c2a3
+B+: 0x7ff25cb9c2b8 0x7ff25cb9c2b8
+B+: 0x7ff25cb9c2c0 0x7ff25cb9c2c8
+B+: 0x7ff25cb9c2c9 0x7ff25cb9c2d6
+B+: 0x7ff25cb9c2d7 0x7ff25cb9c2e2
+B+: 0x7ff25cb9c2e3 0x7ff25cb9c2e7
+B+: 0x7ff25cb9c2e8 0x7ff25cb9c2f0
+B+: 0x7ff25cb9c300 0x7ff25cb9c304
+B+: 0x7ff25cb9c3c0 0x7ff25cb9c3ec
+B+: 0x7ff25cb9c3ed 0x7ff25cb9c3f2
+B+: 0x7ff25cb9c3f3 0x7ff25cb9c404
+B+: 0x7ff25cb9c405 0x7ff25cb9c40d
+B+: 0x7ff25cb9c40e 0x7ff25cb9c41c
+B+: 0x7ff25cb9c424 0x7ff25cb9c42c
+CND+ 0x7ff25cb9c00e: taken
+CND+ 0x7ff25cb9c126: taken
+CND+ 0x7ff25cb9c12b: not taken
+CND+ 0x7ff25cb9c131: not taken
+CND+ 0x7ff25cb9c136: taken
+CND+ 0x7ff25cb9c14d: not taken
+CND+ 0x7ff25cb9c1b6: not taken
+CND+ 0x7ff25cb9c1c4: not taken
+CND+ 0x7ff25cb9c1c9: taken
+CND+ 0x7ff25cb9c1df: taken
+CND+ 0x7ff25cb9c261: taken
+CND+ 0x7ff25cb9c2a2: taken
+CND+ 0x7ff25cb9c2c7: not taken
+CND+ 0x7ff25cb9c2d5: not taken
+CND+ 0x7ff25cb9c3f1: not taken
+CND+ 0x7ff25cb9c40c: not taken
@0x7ff25cb9c026 to 0x7ff260b8b500 5
@0x7ff25cb9c030 to 0x7ff25cb9c036 1
@0x7ff25cb9c040 to 0x7ff25cb9c046 1
@0x7ff25cb9c050 to 0x7ff25cb9c056 1
@0x7ff25cb9c0b0 to 0x7ff25cb9c0b6 1
@0x7ff25cb9c0c0 to 0x7ff25cb9c0c6 1
@0x7ff25cb9c0e0 to 0x7ff25f6f11c0 1
@0x7ff25cb9c244 to 0x7ff25f6dafb0 1
@0x7ff25cb9c401 to 0x7ff25cb9c300 1
