MODULE_NAME: /bin/dash
MODULE_START: 0x7f5c9af22000
+B+: 0x7f5c9af26000 0x7f5c9af2600f
+B+: 0x7f5c9af26012 0x7f5c9af26016
+B+: 0x7f5c9af26050 0x7f5c9af26055
+B+: 0x7f5c9af26080 0x7f5c9af26085
+B+: 0x7f5c9af26090 0x7f5c9af26095
+B+: 0x7f5c9af260a0 0x7f5c9af260a5
+B+: 0x7f5c9af260d0 0x7f5c9af260d5
+B+: 0x7f5c9af260f0 0x7f5c9af260f5
+B+: 0x7f5c9af26130 0x7f5c9af26135
+B+: 0x7f5c9af26140 0x7f5c9af26145
+B+: 0x7f5c9af26150 0x7f5c9af26155
+B+: 0x7f5c9af26160 0x7f5c9af26165
+B+: 0x7f5c9af26190 0x7f5c9af26195
+B+: 0x7f5c9af261c0 0x7f5c9af261c5
+B+: 0x7f5c9af261e0 0x7f5c9af261e5
+B+: 0x7f5c9af26220 0x7f5c9af26225
+B+: 0x7f5c9af26230 0x7f5c9af26235
+B+: 0x7f5c9af26280 0x7f5c9af26285
+B+: 0x7f5c9af262a0 0x7f5c9af262a5
+B+: 0x7f5c9af262d0 0x7f5c9af262d5
+B+: 0x7f5c9af26320 0x7f5c9af26325
+B+: 0x7f5c9af26330 0x7f5c9af26335
+B+: 0x7f5c9af26350 0x7f5c9af26355
+B+: 0x7f5c9af26370 0x7f5c9af26375
+B+: 0x7f5c9af26390 0x7f5c9af26395
+B+: 0x7f5c9af263b0 0x7f5c9af263b5
+B+: 0x7f5c9af263c0 0x7f5c9af263c5
+B+: 0x7f5c9af263e0 0x7f5c9af263e5
+B+: 0x7f5c9af26410 0x7f5c9af26415
+B+: 0x7f5c9af26460 0x7f5c9af26465
+B+: 0x7f5c9af26510 0x7f5c9af26515
+B+: 0x7f5c9af26560 0x7f5c9af26565
+B+: 0x7f5c9af26570 0x7f5c9af26575
+B+: 0x7f5c9af26590 0x7f5c9af265b8
+B+: 0x7f5c9af265b9 0x7f5c9af265c4
+B+: 0x7f5c9af265c5 0x7f5c9af265cf
+B+: 0x7f5c9af265d0 0x7f5c9af265e7
+B+: 0x7f5c9af265e8 0x7f5c9af265ef
+B+: 0x7f5c9af265f0 0x7f5c9af26600
+B+: 0x7f5c9af26601 0x7f5c9af2660b
+B+: 0x7f5c9af2660c 0x7f5c9af26615
+B+: 0x7f5c9af26616 0x7f5c9af26623
+B+: 0x7f5c9af26624 0x7f5c9af2662b
+B+: 0x7f5c9af2662c 0x7f5c9af2663c
+B+: 0x7f5c9af26657 0x7f5c9af26660
+B+: 0x7f5c9af26661 0x7f5c9af26678
+B+: 0x7f5c9af26679 0x7f5c9af2667f
+B+: 0x7f5c9af26680 0x7f5c9af2668c
+B+: 0x7f5c9af2668d 0x7f5c9af26696
+B+: 0x7f5c9af26697 0x7f5c9af2669b
+B+: 0x7f5c9af26760 0x7f5c9af26789
+B+: 0x7f5c9af267c0 0x7f5c9af267e3
+B+: 0x7f5c9af267f8 0x7f5c9af267f8
+B+: 0x7f5c9af26840 0x7f5c9af26844
+B+: 0x7f5c9af26850 0x7f5c9af26863
+B+: 0x7f5c9af26864 0x7f5c9af2686f
+B+: 0x7f5c9af26870 0x7f5c9af2687d
+B+: 0x7f5c9af2687e 0x7f5c9af268aa
+B+: 0x7f5c9af268ab 0x7f5c9af268ac
+B+: 0x7f5c9af268cb 0x7f5c9af268d2
+B+: 0x7f5c9af26a50 0x7f5c9af26a57
+B+: 0x7f5c9af26a58 0x7f5c9af26a5e
+B+: 0x7f5c9af26a5f 0x7f5c9af26a63
+B+: 0x7f5c9af26a71 0x7f5c9af26a72
+B+: 0x7f5c9af276d0 0x7f5c9af276eb
+B+: 0x7f5c9af276ec 0x7f5c9af27705
+B+: 0x7f5c9af27717 0x7f5c9af2771b
+B+: 0x7f5c9af2771c 0x7f5c9af27720
+B+: 0x7f5c9af2772c 0x7f5c9af27730
+B+: 0x7f5c9af2773e 0x7f5c9af2774d
+B+: 0x7f5c9af2774e 0x7f5c9af27757
+B+: 0x7f5c9af27758 0x7f5c9af27775
+B+: 0x7f5c9af27780 0x7f5c9af27788
+B+: 0x7f5c9af27789 0x7f5c9af27790
+B+: 0x7f5c9af27791 0x7f5c9af2779c
+B+: 0x7f5c9af28060 0x7f5c9af2807e
+B+: 0x7f5c9af2810d 0x7f5c9af2811c
+B+: 0x7f5c9af2811d 0x7f5c9af28123
+B+: 0x7f5c9af28140 0x7f5c9af2814a
+B+: 0x7f5c9af2814b 0x7f5c9af28152
+B+: 0x7f5c9af28153 0x7f5c9af2815d
+B+: 0x7f5c9af2815e 0x7f5c9af2816f
+B+: 0x7f5c9af28188 0x7f5c9af2818c
+B+: 0x7f5c9af2818d 0x7f5c9af28191
+B+: 0x7f5c9af28192 0x7f5c9af2819c
+B+: 0x7f5c9af281a7 0x7f5c9af281ad
+B+: 0x7f5c9af281ae 0x7f5c9af281b5
+B+: 0x7f5c9af281c0 0x7f5c9af281cf
+B+: 0x7f5c9af28bc0 0x7f5c9af28bfa
+B+: 0x7f5c9af28bfb 0x7f5c9af28c07
+B+: 0x7f5c9af28c08 0x7f5c9af28c0f
+B+: 0x7f5c9af28c10 0x7f5c9af28c11
+B+: 0x7f5c9af28c18 0x7f5c9af28c21
+B+: 0x7f5c9af28c22 0x7f5c9af28c2e
+B+: 0x7f5c9af28c32 0x7f5c9af28c39
+B+: 0x7f5c9af28c3a 0x7f5c9af28c49
+B+: 0x7f5c9af28c4a 0x7f5c9af28c51
+B+: 0x7f5c9af28c52 0x7f5c9af28c58
+B+: 0x7f5c9af28c59 0x7f5c9af28c60
+B+: 0x7f5c9af28c61 0x7f5c9af28c68
+B+: 0x7f5c9af28c69 0x7f5c9af28c6d
+B+: 0x7f5c9af28c6e 0x7f5c9af28c77
+B+: 0x7f5c9af28c78 0x7f5c9af28c89
+B+: 0x7f5c9af28c8a 0x7f5c9af28c98
+B+: 0x7f5c9af28e90 0x7f5c9af28ed3
+B+: 0x7f5c9af28edf 0x7f5c9af28ef5
+B+: 0x7f5c9af28ef6 0x7f5c9af28efa
+B+: 0x7f5c9af28efb 0x7f5c9af28f5a
+B+: 0x7f5c9af28f5b 0x7f5c9af28f67
+B+: 0x7f5c9af28f68 0x7f5c9af28f77
+B+: 0x7f5c9af28f78 0x7f5c9af28f7f
+B+: 0x7f5c9af28f80 0x7f5c9af28f8b
+B+: 0x7f5c9af28f8c 0x7f5c9af28f94
+B+: 0x7f5c9af28f95 0x7f5c9af28f9b
+B+: 0x7f5c9af28fa0 0x7f5c9af28faf
+B+: 0x7f5c9af28fb0 0x7f5c9af28fc5
+B+: 0x7f5c9af28fc6 0x7f5c9af28fcf
+B+: 0x7f5c9af28fd0 0x7f5c9af28fe3
+B+: 0x7f5c9af28fe4 0x7f5c9af28ffc
+B+: 0x7f5c9af29019 0x7f5c9af2902b
+B+: 0x7f5c9af2902c 0x7f5c9af29034
+B+: 0x7f5c9af29035 0x7f5c9af29047
+B+: 0x7f5c9af29048 0x7f5c9af2905b
+B+: 0x7f5c9af290a8 0x7f5c9af290b4
+B+: 0x7f5c9af290b5 0x7f5c9af290b9
+B+: 0x7f5c9af290db 0x7f5c9af290e1
+B+: 0x7f5c9af290f0 0x7f5c9af29103
+B+: 0x7f5c9af29104 0x7f5c9af29113
+B+: 0x7f5c9af29114 0x7f5c9af2911b
+B+: 0x7f5c9af2911c 0x7f5c9af29122
+B+: 0x7f5c9af29123 0x7f5c9af29152
+B+: 0x7f5c9af29153 0x7f5c9af2915f
+B+: 0x7f5c9af29160 0x7f5c9af29168
+B+: 0x7f5c9af29216 0x7f5c9af2921c
+B+: 0x7f5c9af29224 0x7f5c9af2922d
+B+: 0x7f5c9af2922e 0x7f5c9af29237
+B+: 0x7f5c9af29238 0x7f5c9af29241
+B+: 0x7f5c9af29242 0x7f5c9af2924b
+B+: 0x7f5c9af2925d 0x7f5c9af29266
+B+: 0x7f5c9af29267 0x7f5c9af29281
+B+: 0x7f5c9af29282 0x7f5c9af29293
+B+: 0x7f5c9af2934c 0x7f5c9af29353
+B+: 0x7f5c9af29354 0x7f5c9af2936f
+B+: 0x7f5c9af2951b 0x7f5c9af29525
+B+: 0x7f5c9af29526 0x7f5c9af2952e
+B+: 0x7f5c9af2952f 0x7f5c9af29537
+B+: 0x7f5c9af298d0 0x7f5c9af298ec
+B+: 0x7f5c9af298ed 0x7f5c9af298f1
+B+: 0x7f5c9af298f8 0x7f5c9af298fa
+B+: 0x7f5c9af298fb 0x7f5c9af29907
+B+: 0x7f5c9af29908 0x7f5c9af2993e
+B+: 0x7f5c9af2993f 0x7f5c9af29940
+B+: 0x7f5c9af29963 0x7f5c9af29977
+B+: 0x7f5c9af29980 0x7f5c9af29986
+B+: 0x7f5c9af29987 0x7f5c9af2998e
+B+: 0x7f5c9af2998f 0x7f5c9af29997
+B+: 0x7f5c9af29998 0x7f5c9af299ba
+B+: 0x7f5c9af299bb 0x7f5c9af299bc
+B+: 0x7f5c9af299c0 0x7f5c9af299e7
+B+: 0x7f5c9af299e8 0x7f5c9af299f7
+B+: 0x7f5c9af29a19 0x7f5c9af29a21
+B+: 0x7f5c9af29a22 0x7f5c9af29a2a
+B+: 0x7f5c9af29a2b 0x7f5c9af29a34
+B+: 0x7f5c9af29a35 0x7f5c9af29a3f
+B+: 0x7f5c9af29ad0 0x7f5c9af29ae9
+B+: 0x7f5c9af29aea 0x7f5c9af29b00
+B+: 0x7f5c9af29b10 0x7f5c9af29b1f
+B+: 0x7f5c9af29b20 0x7f5c9af29b2b
+B+: 0x7f5c9af29b2c 0x7f5c9af29b31
+B+: 0x7f5c9af29b32 0x7f5c9af29b41
+B+: 0x7f5c9af29b56 0x7f5c9af29b61
+B+: 0x7f5c9af29b62 0x7f5c9af29b6f
+B+: 0x7f5c9af29b70 0x7f5c9af29b85
+B+: 0x7f5c9af29b86 0x7f5c9af29b97
+B+: 0x7f5c9af29b98 0x7f5c9af29bc0
+B+: 0x7f5c9af29bc8 0x7f5c9af29bcc
+B+: 0x7f5c9af29bcd 0x7f5c9af29bea
+B+: 0x7f5c9af29d70 0x7f5c9af29d98
+B+: 0x7f5c9af29da0 0x7f5c9af29da1
+B+: 0x7f5c9af29da2 0x7f5c9af29daa
+B+: 0x7f5c9af29dab 0x7f5c9af29dc5
+B+: 0x7f5c9af29dc6 0x7f5c9af29dc9
+B+: 0x7f5c9af29dca 0x7f5c9af29dd1
+B+: 0x7f5c9af29dd2 0x7f5c9af29de6
+B+: 0x7f5c9af29df0 0x7f5c9af29e2a
+B+: 0x7f5c9af29e2b 0x7f5c9af29e2f
+B+: 0x7f5c9af29e46 0x7f5c9af29e5c
+B+: 0x7f5c9af29e5d 0x7f5c9af29e6e
+B+: 0x7f5c9af29e90 0x7f5c9af29ead
+B+: 0x7f5c9af29ec8 0x7f5c9af29ed1
+B+: 0x7f5c9af29ed2 0x7f5c9af29edd
+B+: 0x7f5c9af29f6c 0x7f5c9af29f8f
+B+: 0x7f5c9af29f90 0x7f5c9af29f9c
+B+: 0x7f5c9af29f9d 0x7f5c9af29fa8
+B+: 0x7f5c9af29fa9 0x7f5c9af29fb0
+B+: 0x7f5c9af29fb1 0x7f5c9af29fc5
+B+: 0x7f5c9af2a008 0x7f5c9af2a012
+B+: 0x7f5c9af2a013 0x7f5c9af2a01e
+B+: 0x7f5c9af2a01f 0x7f5c9af2a02e
+B+: 0x7f5c9af2a060 0x7f5c9af2a066
+B+: 0x7f5c9af2a067 0x7f5c9af2a074
+B+: 0x7f5c9af2a075 0x7f5c9af2a086
+B+: 0x7f5c9af2a087 0x7f5c9af2a08e
+B+: 0x7f5c9af2a08f 0x7f5c9af2a0a2
+B+: 0x7f5c9af2a0a3 0x7f5c9af2a0b0
+B+: 0x7f5c9af2a100 0x7f5c9af2a116
+B+: 0x7f5c9af2a145 0x7f5c9af2a14d
+B+: 0x7f5c9af2a14e 0x7f5c9af2a157
+B+: 0x7f5c9af2a160 0x7f5c9af2a166
+B+: 0x7f5c9af2a1c0 0x7f5c9af2a1d1
+B+: 0x7f5c9af2a1e8 0x7f5c9af2a1ef
+B+: 0x7f5c9af2a248 0x7f5c9af2a25b
+B+: 0x7f5c9af2a25c 0x7f5c9af2a271
+B+: 0x7f5c9af2a7d0 0x7f5c9af2a7ff
+B+: 0x7f5c9af2a80f 0x7f5c9af2a812
+B+: 0x7f5c9af2a813 0x7f5c9af2a81c
+B+: 0x7f5c9af2a81d 0x7f5c9af2a820
+B+: 0x7f5c9af2a821 0x7f5c9af2a82f
+B+: 0x7f5c9af2a830 0x7f5c9af2a83a
+B+: 0x7f5c9af2a84f 0x7f5c9af2a85a
+B+: 0x7f5c9af2a85f 0x7f5c9af2a862
+B+: 0x7f5c9af2a870 0x7f5c9af2a877
+B+: 0x7f5c9af2a878 0x7f5c9af2a88d
+B+: 0x7f5c9af2b440 0x7f5c9af2b464
+B+: 0x7f5c9af2b61e 0x7f5c9af2b627
+B+: 0x7f5c9af2b628 0x7f5c9af2b631
+B+: 0x7f5c9af2b632 0x7f5c9af2b659
+B+: 0x7f5c9af2b6af 0x7f5c9af2b6bc
+B+: 0x7f5c9af2b6c0 0x7f5c9af2b6cb
+B+: 0x7f5c9af2b730 0x7f5c9af2b73b
+B+: 0x7f5c9af2b740 0x7f5c9af2b75e
+B+: 0x7f5c9af2b75f 0x7f5c9af2b767
+B+: 0x7f5c9af2b7d2 0x7f5c9af2b7e3
+B+: 0x7f5c9af2b8a0 0x7f5c9af2b8a7
+B+: 0x7f5c9af2c260 0x7f5c9af2c2a5
+B+: 0x7f5c9af2c2b5 0x7f5c9af2c2be
+B+: 0x7f5c9af2c2bf 0x7f5c9af2c2d2
+B+: 0x7f5c9af2c2d3 0x7f5c9af2c2fc
+B+: 0x7f5c9af2c2fd 0x7f5c9af2c310
+B+: 0x7f5c9af2c324 0x7f5c9af2c328
+B+: 0x7f5c9af2c336 0x7f5c9af2c33f
+B+: 0x7f5c9af2c340 0x7f5c9af2c344
+B+: 0x7f5c9af2c370 0x7f5c9af2c386
+B+: 0x7f5c9af2c387 0x7f5c9af2c398
+B+: 0x7f5c9af2c3a0 0x7f5c9af2c3b6
+B+: 0x7f5c9af2c3b7 0x7f5c9af2c3d7
+B+: 0x7f5c9af2c3dd 0x7f5c9af2c3ec
+B+: 0x7f5c9af2c850 0x7f5c9af2c886
+B+: 0x7f5c9af2c887 0x7f5c9af2c89a
+B+: 0x7f5c9af2c89b 0x7f5c9af2c8ad
+B+: 0x7f5c9af2c8ae 0x7f5c9af2c8c4
+B+: 0x7f5c9af2c8c5 0x7f5c9af2c8d7
+B+: 0x7f5c9af2c8d8 0x7f5c9af2c8e7
+B+: 0x7f5c9af2c8e8 0x7f5c9af2c90c
+B+: 0x7f5c9af2c90d 0x7f5c9af2c915
+B+: 0x7f5c9af2c924 0x7f5c9af2c933
+B+: 0x7f5c9af2c934 0x7f5c9af2c947
+B+: 0x7f5c9af2c948 0x7f5c9af2c954
+B+: 0x7f5c9af2c955 0x7f5c9af2c95f
+B+: 0x7f5c9af2c960 0x7f5c9af2c964
+B+: 0x7f5c9af2ca6a 0x7f5c9af2ca7c
+B+: 0x7f5c9af2ca7d 0x7f5c9af2ca9c
+B+: 0x7f5c9af2cba0 0x7f5c9af2cbad
+B+: 0x7f5c9af2cbae 0x7f5c9af2cbe1
+B+: 0x7f5c9af2cbf0 0x7f5c9af2cbfb
+B+: 0x7f5c9af2cdb0 0x7f5c9af2cdbd
+B+: 0x7f5c9af2cdbe 0x7f5c9af2cdca
+B+: 0x7f5c9af2cdcb 0x7f5c9af2cde3
+B+: 0x7f5c9af2cde8 0x7f5c9af2cdf4
+B+: 0x7f5c9af2cdf8 0x7f5c9af2ce04
+B+: 0x7f5c9af2ce05 0x7f5c9af2ce12
+B+: 0x7f5c9af2ce13 0x7f5c9af2ce1d
+B+: 0x7f5c9af2ceb4 0x7f5c9af2cec1
+B+: 0x7f5c9af2d160 0x7f5c9af2d174
+B+: 0x7f5c9af2d175 0x7f5c9af2d187
+B+: 0x7f5c9af2d188 0x7f5c9af2d1a2
+B+: 0x7f5c9af2d1a3 0x7f5c9af2d1ac
+B+: 0x7f5c9af2d1ad 0x7f5c9af2d1b3
+B+: 0x7f5c9af2d1d0 0x7f5c9af2d1e5
+B+: 0x7f5c9af2d1eb 0x7f5c9af2d1f3
+B+: 0x7f5c9af2d205 0x7f5c9af2d20b
+B+: 0x7f5c9af2d20c 0x7f5c9af2d21d
+B+: 0x7f5c9af2d21e 0x7f5c9af2d226
+B+: 0x7f5c9af2d227 0x7f5c9af2d230
+B+: 0x7f5c9af2d231 0x7f5c9af2d232
+B+: 0x7f5c9af2d240 0x7f5c9af2d248
+B+: 0x7f5c9af2d260 0x7f5c9af2d260
+B+: 0x7f5c9af2d520 0x7f5c9af2d534
+B+: 0x7f5c9af2d572 0x7f5c9af2d578
+B+: 0x7f5c9af2d580 0x7f5c9af2d583
+B+: 0x7f5c9af2d610 0x7f5c9af2d656
+B+: 0x7f5c9af2d65b 0x7f5c9af2d686
+B+: 0x7f5c9af2d687 0x7f5c9af2d69d
+B+: 0x7f5c9af2d6fc 0x7f5c9af2d708
+B+: 0x7f5c9af2d709 0x7f5c9af2d711
+B+: 0x7f5c9af2d712 0x7f5c9af2d72a
+B+: 0x7f5c9af2d72b 0x7f5c9af2d73c
+B+: 0x7f5c9af2d740 0x7f5c9af2d747
+B+: 0x7f5c9af2d748 0x7f5c9af2d75f
+B+: 0x7f5c9af2d760 0x7f5c9af2d766
+B+: 0x7f5c9af2d767 0x7f5c9af2d780
+B+: 0x7f5c9af2d790 0x7f5c9af2d793
+B+: 0x7f5c9af2d794 0x7f5c9af2d798
+B+: 0x7f5c9af2d7a2 0x7f5c9af2d7aa
+B+: 0x7f5c9af2d7ab 0x7f5c9af2d7ae
+B+: 0x7f5c9af2d7af 0x7f5c9af2d7bd
+B+: 0x7f5c9af2d7cb 0x7f5c9af2d7d3
+B+: 0x7f5c9af2d825 0x7f5c9af2d841
+B+: 0x7f5c9af2d842 0x7f5c9af2d84d
+B+: 0x7f5c9af2d87e 0x7f5c9af2d88e
+B+: 0x7f5c9af2d88f 0x7f5c9af2d8a0
+B+: 0x7f5c9af2d8a1 0x7f5c9af2d8ad
+B+: 0x7f5c9af2dc10 0x7f5c9af2dc30
+B+: 0x7f5c9af2dc31 0x7f5c9af2dc58
+B+: 0x7f5c9af2dc5e 0x7f5c9af2dc66
+B+: 0x7f5c9af2dc67 0x7f5c9af2dc6f
+B+: 0x7f5c9af2dc78 0x7f5c9af2dc87
+B+: 0x7f5c9af2dc88 0x7f5c9af2dc89
+B+: 0x7f5c9af2dca0 0x7f5c9af2dcaf
+B+: 0x7f5c9af2dcba 0x7f5c9af2dcc4
+B+: 0x7f5c9af2dce0 0x7f5c9af2dce8
+B+: 0x7f5c9af2e360 0x7f5c9af2e36b
+B+: 0x7f5c9af2e480 0x7f5c9af2e480
+B+: 0x7f5c9af2e9c0 0x7f5c9af2e9db
+B+: 0x7f5c9af2ea16 0x7f5c9af2ea32
+B+: 0x7f5c9af2ea33 0x7f5c9af2ea52
+B+: 0x7f5c9af2ea63 0x7f5c9af2ea6a
+B+: 0x7f5c9af2ea90 0x7f5c9af2eaa6
+B+: 0x7f5c9af2eaa7 0x7f5c9af2eaae
+B+: 0x7f5c9af2eaaf 0x7f5c9af2eab6
+B+: 0x7f5c9af2eaf6 0x7f5c9af2eb01
+B+: 0x7f5c9af2eb0c 0x7f5c9af2eb34
+B+: 0x7f5c9af2eb40 0x7f5c9af2eb57
+B+: 0x7f5c9af2eb58 0x7f5c9af2eb5f
+B+: 0x7f5c9af2eb60 0x7f5c9af2eb67
+B+: 0x7f5c9af2eb68 0x7f5c9af2eb70
+B+: 0x7f5c9af2eb71 0x7f5c9af2eb7a
+B+: 0x7f5c9af2eb7b 0x7f5c9af2eb80
+B+: 0x7f5c9af2eb97 0x7f5c9af2eb9c
+B+: 0x7f5c9af2ec0a 0x7f5c9af2ec3d
+B+: 0x7f5c9af2ec47 0x7f5c9af2ec53
+B+: 0x7f5c9af2eed0 0x7f5c9af2eede
+B+: 0x7f5c9af2eedf 0x7f5c9af2eee7
+B+: 0x7f5c9af2eee8 0x7f5c9af2eefc
+B+: 0x7f5c9af2eefd 0x7f5c9af2ef02
+B+: 0x7f5c9af2ef03 0x7f5c9af2ef1b
+B+: 0x7f5c9af2ef1c 0x7f5c9af2ef21
+B+: 0x7f5c9af2ef22 0x7f5c9af2ef2b
+B+: 0x7f5c9af2efc0 0x7f5c9af2efc7
+B+: 0x7f5c9af2efc8 0x7f5c9af2efd0
+B+: 0x7f5c9af2f760 0x7f5c9af2f768
+B+: 0x7f5c9af2f769 0x7f5c9af2f76d
+B+: 0x7f5c9af2f76e 0x7f5c9af2f772
+B+: 0x7f5c9af2f780 0x7f5c9af2f788
+B+: 0x7f5c9af2f789 0x7f5c9af2f78d
+B+: 0x7f5c9af2f78e 0x7f5c9af2f792
+B+: 0x7f5c9af2f7c0 0x7f5c9af2f7d9
+B+: 0x7f5c9af2f7da 0x7f5c9af2f7e6
+B+: 0x7f5c9af2f7f7 0x7f5c9af2f802
+B+: 0x7f5c9af2f803 0x7f5c9af2f80b
+B+: 0x7f5c9af2f80c 0x7f5c9af2f841
+B+: 0x7f5c9af2f842 0x7f5c9af2f84b
+B+: 0x7f5c9af2f84c 0x7f5c9af2f852
+B+: 0x7f5c9af2f853 0x7f5c9af2f875
+B+: 0x7f5c9af2f880 0x7f5c9af2f88e
+B+: 0x7f5c9af2f8b0 0x7f5c9af2f8c8
+B+: 0x7f5c9af2f900 0x7f5c9af2f941
+B+: 0x7f5c9af2f950 0x7f5c9af2f966
+B+: 0x7f5c9af2f967 0x7f5c9af2f97e
+B+: 0x7f5c9af2f97f 0x7f5c9af2f98a
+B+: 0x7f5c9af2f98b 0x7f5c9af2f9b3
+B+: 0x7f5c9af2f9b4 0x7f5c9af2f9bd
+B+: 0x7f5c9af2f9be 0x7f5c9af2f9bf
+B+: 0x7f5c9af2f9d0 0x7f5c9af2f9e8
+B+: 0x7f5c9af2f9e9 0x7f5c9af2fa14
+B+: 0x7f5c9af2fa1e 0x7f5c9af2fa25
+B+: 0x7f5c9af2fa26 0x7f5c9af2fa33
+B+: 0x7f5c9af2fa34 0x7f5c9af2fa46
+B+: 0x7f5c9af2fae0 0x7f5c9af2fafe
+B+: 0x7f5c9af2faff 0x7f5c9af2fb0c
+B+: 0x7f5c9af2fb0d 0x7f5c9af2fb1b
+B+: 0x7f5c9af2fb1c 0x7f5c9af2fb2c
+B+: 0x7f5c9af2fb40 0x7f5c9af2fb62
+B+: 0x7f5c9af2fb98 0x7f5c9af2fba9
+B+: 0x7f5c9af306d0 0x7f5c9af306f4
+B+: 0x7f5c9af306f5 0x7f5c9af3070d
+B+: 0x7f5c9af3070e 0x7f5c9af30712
+B+: 0x7f5c9af30713 0x7f5c9af3071e
+B+: 0x7f5c9af3071f 0x7f5c9af30723
+B+: 0x7f5c9af30724 0x7f5c9af30728
+B+: 0x7f5c9af30729 0x7f5c9af30730
+B+: 0x7f5c9af3073c 0x7f5c9af30749
+B+: 0x7f5c9af3074a 0x7f5c9af3074d
+B+: 0x7f5c9af3074e 0x7f5c9af30760
+B+: 0x7f5c9af30761 0x7f5c9af3076b
+B+: 0x7f5c9af30790 0x7f5c9af3079d
+B+: 0x7f5c9af3079e 0x7f5c9af307a5
+B+: 0x7f5c9af307a6 0x7f5c9af307a7
+B+: 0x7f5c9af30890 0x7f5c9af3089d
+B+: 0x7f5c9af3089e 0x7f5c9af308a9
+B+: 0x7f5c9af308aa 0x7f5c9af308bd
+B+: 0x7f5c9af308c0 0x7f5c9af308ca
+B+: 0x7f5c9af308d0 0x7f5c9af308ef
+B+: 0x7f5c9af308f0 0x7f5c9af308f4
+B+: 0x7f5c9af308f5 0x7f5c9af3090c
+B+: 0x7f5c9af3090d 0x7f5c9af30910
+B+: 0x7f5c9af30911 0x7f5c9af30912
+B+: 0x7f5c9af30913 0x7f5c9af3091b
+B+: 0x7f5c9af3091c 0x7f5c9af30930
+B+: 0x7f5c9af30938 0x7f5c9af3093c
+B+: 0x7f5c9af30980 0x7f5c9af3098f
+B+: 0x7f5c9af30990 0x7f5c9af3099b
+B+: 0x7f5c9af3099c 0x7f5c9af309ab
+B+: 0x7f5c9af30a80 0x7f5c9af30a93
+B+: 0x7f5c9af30a94 0x7f5c9af30aac
+B+: 0x7f5c9af30aad 0x7f5c9af30abf
+B+: 0x7f5c9af30ac0 0x7f5c9af30ada
+B+: 0x7f5c9af30adb 0x7f5c9af30ae3
+B+: 0x7f5c9af30aec 0x7f5c9af30af8
+B+: 0x7f5c9af30af9 0x7f5c9af30b02
+B+: 0x7f5c9af30b03 0x7f5c9af30b06
+B+: 0x7f5c9af30b07 0x7f5c9af30b1a
+B+: 0x7f5c9af30c49 0x7f5c9af30c55
+B+: 0x7f5c9af30c56 0x7f5c9af30c67
+B+: 0x7f5c9af30c82 0x7f5c9af30c93
+B+: 0x7f5c9af30d77 0x7f5c9af30d82
+B+: 0x7f5c9af30da0 0x7f5c9af30db2
+B+: 0x7f5c9af30db3 0x7f5c9af30ddf
+B+: 0x7f5c9af30de0 0x7f5c9af30deb
+B+: 0x7f5c9af30dec 0x7f5c9af30dfc
+B+: 0x7f5c9af30dfd 0x7f5c9af30e18
+B+: 0x7f5c9af30e19 0x7f5c9af30e25
+B+: 0x7f5c9af30e26 0x7f5c9af30e2e
+B+: 0x7f5c9af30e2f 0x7f5c9af30e3f
+B+: 0x7f5c9af30e40 0x7f5c9af30e44
+B+: 0x7f5c9af30e45 0x7f5c9af30e50
+B+: 0x7f5c9af30e51 0x7f5c9af30e5d
+B+: 0x7f5c9af30e5e 0x7f5c9af30e77
+B+: 0x7f5c9af30ece 0x7f5c9af30ed2
+B+: 0x7f5c9af30ed3 0x7f5c9af30ede
+B+: 0x7f5c9af30ee0 0x7f5c9af30eec
+B+: 0x7f5c9af30f60 0x7f5c9af30f7c
+B+: 0x7f5c9af31120 0x7f5c9af31128
+B+: 0x7f5c9af31129 0x7f5c9af31147
+B+: 0x7f5c9af31750 0x7f5c9af3175e
+B+: 0x7f5c9af3175f 0x7f5c9af31763
+B+: 0x7f5c9af31764 0x7f5c9af31770
+B+: 0x7f5c9af31771 0x7f5c9af31777
+B+: 0x7f5c9af31778 0x7f5c9af31783
+B+: 0x7f5c9af31784 0x7f5c9af31788
+B+: 0x7f5c9af31789 0x7f5c9af3178d
+B+: 0x7f5c9af3178e 0x7f5c9af31796
+B+: 0x7f5c9af31797 0x7f5c9af3179e
+B+: 0x7f5c9af31890 0x7f5c9af31892
+B+: 0x7f5c9af318a7 0x7f5c9af318ab
+B+: 0x7f5c9af318ac 0x7f5c9af318b2
+B+: 0x7f5c9af318b3 0x7f5c9af318b6
+B+: 0x7f5c9af318d0 0x7f5c9af318e1
+B+: 0x7f5c9af318e2 0x7f5c9af318e6
+B+: 0x7f5c9af318e7 0x7f5c9af318eb
+B+: 0x7f5c9af318ec 0x7f5c9af318f1
+B+: 0x7f5c9af318f2 0x7f5c9af318fa
+B+: 0x7f5c9af318fb 0x7f5c9af318fc
+B+: 0x7f5c9af31940 0x7f5c9af31948
+B+: 0x7f5c9af31949 0x7f5c9af31951
+B+: 0x7f5c9af31980 0x7f5c9af31988
+B+: 0x7f5c9af31989 0x7f5c9af3198a
+B+: 0x7f5c9af3198b 0x7f5c9af31991
+B+: 0x7f5c9af31992 0x7f5c9af319a2
+B+: 0x7f5c9af319a8 0x7f5c9af319ac
+B+: 0x7f5c9af319eb 0x7f5c9af31a00
+B+: 0x7f5c9af31a08 0x7f5c9af31a10
+B+: 0x7f5c9af31af0 0x7f5c9af31b11
+B+: 0x7f5c9af31b12 0x7f5c9af31b16
+B+: 0x7f5c9af31b17 0x7f5c9af31b1d
+B+: 0x7f5c9af31b1e 0x7f5c9af31b26
+B+: 0x7f5c9af31b27 0x7f5c9af31b34
+B+: 0x7f5c9af31b35 0x7f5c9af31b3c
+B+: 0x7f5c9af31b3d 0x7f5c9af31b49
+B+: 0x7f5c9af31b4a 0x7f5c9af31b5a
+B+: 0x7f5c9af31b5b 0x7f5c9af31b63
+B+: 0x7f5c9af31b7f 0x7f5c9af31b93
+B+: 0x7f5c9af31b94 0x7f5c9af31b9c
+B+: 0x7f5c9af31be0 0x7f5c9af31bf7
+B+: 0x7f5c9af31bf8 0x7f5c9af31c00
+B+: 0x7f5c9af31c1b 0x7f5c9af31c2b
+B+: 0x7f5c9af31d40 0x7f5c9af31d5e
+B+: 0x7f5c9af31d5f 0x7f5c9af31d6d
+B+: 0x7f5c9af31d6e 0x7f5c9af31d72
+B+: 0x7f5c9af31d7d 0x7f5c9af31d90
+B+: 0x7f5c9af31d91 0x7f5c9af31d95
+B+: 0x7f5c9af31d96 0x7f5c9af31d9a
+B+: 0x7f5c9af31da0 0x7f5c9af31da4
+B+: 0x7f5c9af31dd5 0x7f5c9af31dd9
+B+: 0x7f5c9af31dda 0x7f5c9af31dde
+B+: 0x7f5c9af31df0 0x7f5c9af31dfb
+B+: 0x7f5c9af31dfc 0x7f5c9af31e07
+B+: 0x7f5c9af31e08 0x7f5c9af31e10
+B+: 0x7f5c9af31e2c 0x7f5c9af31e30
+B+: 0x7f5c9af31e31 0x7f5c9af31e36
+B+: 0x7f5c9af31e41 0x7f5c9af31e45
+B+: 0x7f5c9af31e46 0x7f5c9af31e54
+B+: 0x7f5c9af31e55 0x7f5c9af31e5d
+B+: 0x7f5c9af31e5e 0x7f5c9af31e62
+B+: 0x7f5c9af31e63 0x7f5c9af31e74
+B+: 0x7f5c9af31e78 0x7f5c9af31e84
+B+: 0x7f5c9af31ea0 0x7f5c9af31ea4
+B+: 0x7f5c9af31ef0 0x7f5c9af31f03
+B+: 0x7f5c9af31f40 0x7f5c9af31f76
+B+: 0x7f5c9af31f77 0x7f5c9af31f82
+B+: 0x7f5c9af31f83 0x7f5c9af31f92
+B+: 0x7f5c9af3201b 0x7f5c9af32031
+B+: 0x7f5c9af32032 0x7f5c9af32040
+B+: 0x7f5c9af32075 0x7f5c9af320b8
+B+: 0x7f5c9af320b9 0x7f5c9af320c3
+B+: 0x7f5c9af320c4 0x7f5c9af320cc
+B+: 0x7f5c9af320cd 0x7f5c9af320d5
+B+: 0x7f5c9af320d6 0x7f5c9af320de
+B+: 0x7f5c9af320df 0x7f5c9af32106
+B+: 0x7f5c9af32107 0x7f5c9af32133
+B+: 0x7f5c9af32578 0x7f5c9af32581
+B+: 0x7f5c9af32582 0x7f5c9af325a8
+B+: 0x7f5c9af325a9 0x7f5c9af325b6
+B+: 0x7f5c9af325d0 0x7f5c9af325e0
+B+: 0x7f5c9af325e1 0x7f5c9af325ee
+B+: 0x7f5c9af325ef 0x7f5c9af325f3
+B+: 0x7f5c9af32670 0x7f5c9af3267e
+B+: 0x7f5c9af3267f 0x7f5c9af32683
+B+: 0x7f5c9af32684 0x7f5c9af32692
+B+: 0x7f5c9af32693 0x7f5c9af3269a
+B+: 0x7f5c9af3269b 0x7f5c9af326a2
+B+: 0x7f5c9af326a3 0x7f5c9af326b7
+B+: 0x7f5c9af32790 0x7f5c9af327bc
+B+: 0x7f5c9af327bd 0x7f5c9af327d4
+B+: 0x7f5c9af327e0 0x7f5c9af3283a
+B+: 0x7f5c9af3283b 0x7f5c9af32875
+B+: 0x7f5c9af32876 0x7f5c9af32893
+B+: 0x7f5c9af32894 0x7f5c9af328a3
+B+: 0x7f5c9af328a4 0x7f5c9af328b0
+B+: 0x7f5c9af329b4 0x7f5c9af329b8
+B+: 0x7f5c9af329b9 0x7f5c9af329cf
+B+: 0x7f5c9af329d0 0x7f5c9af329dc
+B+: 0x7f5c9af329dd 0x7f5c9af329ef
+B+: 0x7f5c9af329f0 0x7f5c9af329f7
+B+: 0x7f5c9af32a01 0x7f5c9af32a16
+B+: 0x7f5c9af32a28 0x7f5c9af32a3d
+B+: 0x7f5c9af32a3e 0x7f5c9af32a4d
+B+: 0x7f5c9af32a79 0x7f5c9af32a97
+B+: 0x7f5c9af32a98 0x7f5c9af32ac0
+B+: 0x7f5c9af32ac1 0x7f5c9af32acf
+B+: 0x7f5c9af33148 0x7f5c9af33154
+B+: 0x7f5c9af33155 0x7f5c9af33174
+B+: 0x7f5c9af33175 0x7f5c9af3317f
+B+: 0x7f5c9af331ac 0x7f5c9af331b0
+B+: 0x7f5c9af331b1 0x7f5c9af331b5
+B+: 0x7f5c9af33a40 0x7f5c9af33a64
+B+: 0x7f5c9af33b10 0x7f5c9af33b1a
+B+: 0x7f5c9af33b40 0x7f5c9af33b47
+B+: 0x7f5c9af33b48 0x7f5c9af33b51
+B+: 0x7f5c9af33b58 0x7f5c9af33b60
+B+: 0x7f5c9af33b61 0x7f5c9af33b6a
+B+: 0x7f5c9af33b88 0x7f5c9af33b8c
+B+: 0x7f5c9af33b8d 0x7f5c9af33b94
+B+: 0x7f5c9af33ba0 0x7f5c9af33ba4
+B+: 0x7f5c9af33d00 0x7f5c9af33d30
+B+: 0x7f5c9af33e3f 0x7f5c9af33e55
+B+: 0x7f5c9af33e56 0x7f5c9af33e67
+B+: 0x7f5c9af341e0 0x7f5c9af34222
+B+: 0x7f5c9af34223 0x7f5c9af34228
+B+: 0x7f5c9af3424c 0x7f5c9af34260
+B+: 0x7f5c9af34261 0x7f5c9af34269
+B+: 0x7f5c9af34270 0x7f5c9af34279
+B+: 0x7f5c9af34288 0x7f5c9af342a0
+B+: 0x7f5c9af342a1 0x7f5c9af342ba
+B+: 0x7f5c9af342bb 0x7f5c9af342bc
+B+: 0x7f5c9af342d0 0x7f5c9af342d8
+B+: 0x7f5c9af342f8 0x7f5c9af342f8
+B+: 0x7f5c9af34300 0x7f5c9af3430c
+B+: 0x7f5c9af3433f 0x7f5c9af34343
+B+: 0x7f5c9af34380 0x7f5c9af34384
+B+: 0x7f5c9af343d0 0x7f5c9af343e3
+B+: 0x7f5c9af34400 0x7f5c9af34400
+B+: 0x7f5c9af34420 0x7f5c9af3445b
+B+: 0x7f5c9af34467 0x7f5c9af34471
+B+: 0x7f5c9af34472 0x7f5c9af34489
+B+: 0x7f5c9af3448a 0x7f5c9af3448d
+B+: 0x7f5c9af3448e 0x7f5c9af34494
+B+: 0x7f5c9af34495 0x7f5c9af3449d
+B+: 0x7f5c9af3449e 0x7f5c9af344a9
+B+: 0x7f5c9af344aa 0x7f5c9af344c2
+B+: 0x7f5c9af344c3 0x7f5c9af344ce
+B+: 0x7f5c9af344cf 0x7f5c9af344e5
+B+: 0x7f5c9af344e6 0x7f5c9af344f5
+B+: 0x7f5c9af34500 0x7f5c9af3450e
+B+: 0x7f5c9af3450f 0x7f5c9af34513
+B+: 0x7f5c9af34514 0x7f5c9af3451e
+B+: 0x7f5c9af34540 0x7f5c9af34549
+B+: 0x7f5c9af3454a 0x7f5c9af3454e
+B+: 0x7f5c9af3454f 0x7f5c9af34560
+B+: 0x7f5c9af34568 0x7f5c9af34577
+B+: 0x7f5c9af34580 0x7f5c9af34589
+B+: 0x7f5c9af345a8 0x7f5c9af345bb
+B+: 0x7f5c9af345c0 0x7f5c9af345ce
+B+: 0x7f5c9af345cf 0x7f5c9af345dc
+B+: 0x7f5c9af346f0 0x7f5c9af346fd
+B+: 0x7f5c9af347a0 0x7f5c9af347a0
+B+: 0x7f5c9af347b0 0x7f5c9af347ba
+B+: 0x7f5c9af347bb 0x7f5c9af347ce
+B+: 0x7f5c9af347cf 0x7f5c9af347d8
+B+: 0x7f5c9af347d9 0x7f5c9af347e6
+B+: 0x7f5c9af34800 0x7f5c9af3482d
+B+: 0x7f5c9af3482e 0x7f5c9af34831
+B+: 0x7f5c9af34832 0x7f5c9af34847
+B+: 0x7f5c9af34864 0x7f5c9af3486b
+B+: 0x7f5c9af3486c 0x7f5c9af3486f
+B+: 0x7f5c9af34870 0x7f5c9af34876
+B+: 0x7f5c9af34877 0x7f5c9af3487b
+B+: 0x7f5c9af3487c 0x7f5c9af34886
+B+: 0x7f5c9af34ae0 0x7f5c9af34b01
+B+: 0x7f5c9af34b02 0x7f5c9af34b0a
+B+: 0x7f5c9af34b0b 0x7f5c9af34b14
+B+: 0x7f5c9af34b15 0x7f5c9af34b19
+B+: 0x7f5c9af34c00 0x7f5c9af34c19
+B+: 0x7f5c9af34c51 0x7f5c9af34c8e
+B+: 0x7f5c9af34c8f 0x7f5c9af34c9e
+B+: 0x7f5c9af34c9f 0x7f5c9af34ca6
+B+: 0x7f5c9af34df0 0x7f5c9af34dfb
+B+: 0x7f5c9af34e20 0x7f5c9af34e20
+B+: 0x7f5c9af34e30 0x7f5c9af34e38
+B+: 0x7f5c9af36940 0x7f5c9af3694b
+B+: 0x7f5c9af3694c 0x7f5c9af36957
+B+: 0x7f5c9af36958 0x7f5c9af36964
+B+: 0x7f5c9af36965 0x7f5c9af36969
+B+: 0x7f5c9af3696a 0x7f5c9af3696f
+B+: 0x7f5c9af36970 0x7f5c9af36976
+B+: 0x7f5c9af36980 0x7f5c9af36987
+B+: 0x7f5c9af36988 0x7f5c9af3698c
+B+: 0x7f5c9af3698d 0x7f5c9af3699b
+B+: 0x7f5c9af3699c 0x7f5c9af369a0
+B+: 0x7f5c9af369a1 0x7f5c9af369a8
+B+: 0x7f5c9af369a9 0x7f5c9af369ad
+B+: 0x7f5c9af369ae 0x7f5c9af369b8
+B+: 0x7f5c9af369b9 0x7f5c9af369b9
+B+: 0x7f5c9af369c0 0x7f5c9af369c5
+B+: 0x7f5c9af369c6 0x7f5c9af369c9
+B+: 0x7f5c9af369d0 0x7f5c9af369d0
+B+: 0x7f5c9af369d1 0x7f5c9af369d5
+B+: 0x7f5c9af369d6 0x7f5c9af369d9
+B+: 0x7f5c9af369e0 0x7f5c9af369ff
+B+: 0x7f5c9af36a00 0x7f5c9af36a11
+B+: 0x7f5c9af36a12 0x7f5c9af36a16
+B+: 0x7f5c9af36a20 0x7f5c9af36a22
+B+: 0x7f5c9af36a23 0x7f5c9af36a2f
+B+: 0x7f5c9af36a30 0x7f5c9af36a33
+B+: 0x7f5c9af36a34 0x7f5c9af36a5d
+B+: 0x7f5c9af36a5e 0x7f5c9af36a62
+B+: 0x7f5c9af36a63 0x7f5c9af36a82
+B+: 0x7f5c9af36ac0 0x7f5c9af36ade
+B+: 0x7f5c9af36adf 0x7f5c9af36ae3
+B+: 0x7f5c9af36ae4 0x7f5c9af36ae8
+B+: 0x7f5c9af36af0 0x7f5c9af36af2
+B+: 0x7f5c9af36af3 0x7f5c9af36aff
+B+: 0x7f5c9af36b00 0x7f5c9af36b03
+B+: 0x7f5c9af36b04 0x7f5c9af36b3e
+B+: 0x7f5c9af36b3f 0x7f5c9af36b49
+B+: 0x7f5c9af36b4a 0x7f5c9af36b57
+B+: 0x7f5c9af36b58 0x7f5c9af36b5d
+B+: 0x7f5c9af36b5e 0x7f5c9af36b66
+B+: 0x7f5c9af36b67 0x7f5c9af36b70
+B+: 0x7f5c9af36b71 0x7f5c9af36b7a
+B+: 0x7f5c9af36b7b 0x7f5c9af36b9a
+B+: 0x7f5c9af36b9b 0x7f5c9af36ba3
+B+: 0x7f5c9af36ba4 0x7f5c9af36bbd
+B+: 0x7f5c9af36bc0 0x7f5c9af36bc5
+B+: 0x7f5c9af36bc6 0x7f5c9af36bcf
+B+: 0x7f5c9af36bd0 0x7f5c9af36bd9
+B+: 0x7f5c9af36bda 0x7f5c9af36bf7
+B+: 0x7f5c9af36c08 0x7f5c9af36c14
+B+: 0x7f5c9af36c15 0x7f5c9af36c1b
+B+: 0x7f5c9af36c1c 0x7f5c9af36c29
+B+: 0x7f5c9af36cb0 0x7f5c9af36cca
+B+: 0x7f5c9af36ccb 0x7f5c9af36cda
+B+: 0x7f5c9af36cdb 0x7f5c9af36ce6
+B+: 0x7f5c9af36ce7 0x7f5c9af36cef
+B+: 0x7f5c9af36cf0 0x7f5c9af36cf4
+B+: 0x7f5c9af36cf5 0x7f5c9af36cfc
+B+: 0x7f5c9af36cfd 0x7f5c9af36d10
+B+: 0x7f5c9af36d11 0x7f5c9af36d21
+B+: 0x7f5c9af36d22 0x7f5c9af36d26
+B+: 0x7f5c9af36d27 0x7f5c9af36d38
+B+: 0x7f5c9af36d39 0x7f5c9af36d4b
+B+: 0x7f5c9af36d4c 0x7f5c9af36d54
+B+: 0x7f5c9af36d55 0x7f5c9af36d5e
+B+: 0x7f5c9af36d5f 0x7f5c9af36d6d
+B+: 0x7f5c9af36ea0 0x7f5c9af36eb6
+B+: 0x7f5c9af36eb7 0x7f5c9af36ebb
+B+: 0x7f5c9af36ebc 0x7f5c9af36ec0
+B+: 0x7f5c9af36ec8 0x7f5c9af36ecb
+B+: 0x7f5c9af36ecc 0x7f5c9af36ed9
+B+: 0x7f5c9af36eda 0x7f5c9af36edd
+B+: 0x7f5c9af36ede 0x7f5c9af36f06
+B+: 0x7f5c9af36f07 0x7f5c9af36f10
+B+: 0x7f5c9af36f11 0x7f5c9af36f16
+B+: 0x7f5c9af36f17 0x7f5c9af36f24
+B+: 0x7f5c9af36f25 0x7f5c9af36f2d
+B+: 0x7f5c9af37440 0x7f5c9af3746b
+B+: 0x7f5c9af3746c 0x7f5c9af37470
+B+: 0x7f5c9af37471 0x7f5c9af37475
+B+: 0x7f5c9af37536 0x7f5c9af3753e
+B+: 0x7f5c9af3753f 0x7f5c9af37548
+B+: 0x7f5c9af37549 0x7f5c9af37551
+B+: 0x7f5c9af375d0 0x7f5c9af375e4
+B+: 0x7f5c9af375e5 0x7f5c9af37606
+B+: 0x7f5c9af37607 0x7f5c9af37610
+B+: 0x7f5c9af37611 0x7f5c9af37618
+B+: 0x7f5c9af37640 0x7f5c9af37648
+B+: 0x7f5c9af37649 0x7f5c9af37656
+B+: 0x7f5c9af37657 0x7f5c9af3765f
+B+: 0x7f5c9af37660 0x7f5c9af37661
+B+: 0x7f5c9af37760 0x7f5c9af377aa
+B+: 0x7f5c9af377ab 0x7f5c9af377af
+B+: 0x7f5c9af377b0 0x7f5c9af377be
+B+: 0x7f5c9af377c8 0x7f5c9af377d3
+B+: 0x7f5c9af377d4 0x7f5c9af377d8
+B+: 0x7f5c9af377d9 0x7f5c9af377e0
+B+: 0x7f5c9af377e1 0x7f5c9af377e5
+B+: 0x7f5c9af377e6 0x7f5c9af377f3
+B+: 0x7f5c9af377f4 0x7f5c9af377fb
+B+: 0x7f5c9af37800 0x7f5c9af37810
+B+: 0x7f5c9af37811 0x7f5c9af37815
+B+: 0x7f5c9af37816 0x7f5c9af37832
+B+: 0x7f5c9af37833 0x7f5c9af37843
+B+: 0x7f5c9af37844 0x7f5c9af3784f
+B+: 0x7f5c9af37850 0x7f5c9af37857
+B+: 0x7f5c9af37858 0x7f5c9af3785c
+B+: 0x7f5c9af3785d 0x7f5c9af37868
+B+: 0x7f5c9af37869 0x7f5c9af3787b
+B+: 0x7f5c9af3787c 0x7f5c9af37884
+B+: 0x7f5c9af37888 0x7f5c9af37897
+B+: 0x7f5c9af37898 0x7f5c9af3789b
+B+: 0x7f5c9af3789c 0x7f5c9af378b4
+B+: 0x7f5c9af378b5 0x7f5c9af378b8
+B+: 0x7f5c9af378b9 0x7f5c9af378c6
+B+: 0x7f5c9af378c7 0x7f5c9af378d5
+B+: 0x7f5c9af37dc0 0x7f5c9af37dec
+B+: 0x7f5c9af37ded 0x7f5c9af37df2
+B+: 0x7f5c9af37df3 0x7f5c9af37e04
+B+: 0x7f5c9af37e05 0x7f5c9af37e0d
+B+: 0x7f5c9af37e0e 0x7f5c9af37e1c
+CND+ 0x7f5c9af2600e: taken
+CND+ 0x7f5c9af265ea: not taken
+CND+ 0x7f5c9af26626: not taken
+CND+ 0x7f5c9af2663b: taken
+CND+ 0x7f5c9af26673: not taken
+CND+ 0x7f5c9af26687: not taken
+CND+ 0x7f5c9af26695: not taken
+CND+ 0x7f5c9af267e2: taken
+CND+ 0x7f5c9af26862: not taken
+CND+ 0x7f5c9af2687c: both
+CND+ 0x7f5c9af268a9: not taken
+CND+ 0x7f5c9af26a5d: not taken
+CND+ 0x7f5c9af26a62: taken
+CND+ 0x7f5c9af276e6: not taken
+CND+ 0x7f5c9af27704: taken
+CND+ 0x7f5c9af2771a: not taken
+CND+ 0x7f5c9af2771f: taken
+CND+ 0x7f5c9af2772f: taken
+CND+ 0x7f5c9af2774c: not taken
+CND+ 0x7f5c9af27756: not taken
+CND+ 0x7f5c9af2778f: not taken
+CND+ 0x7f5c9af2779b: taken
+CND+ 0x7f5c9af28079: taken
+CND+ 0x7f5c9af2811b: not taken
+CND+ 0x7f5c9af28149: not taken
+CND+ 0x7f5c9af28158: not taken
+CND+ 0x7f5c9af28190: not taken
+CND+ 0x7f5c9af281ce: taken
+CND+ 0x7f5c9af28c20: not taken
+CND+ 0x7f5c9af28c2d: taken
+CND+ 0x7f5c9af28c48: not taken
+CND+ 0x7f5c9af28c5f: both
+CND+ 0x7f5c9af28c88: not taken
+CND+ 0x7f5c9af28ed2: taken
+CND+ 0x7f5c9af28f55: not taken
+CND+ 0x7f5c9af28f7e: not taken
+CND+ 0x7f5c9af28f8a: not taken
+CND+ 0x7f5c9af28f93: both
+CND+ 0x7f5c9af28fc4: not taken
+CND+ 0x7f5c9af28fe2: both
+CND+ 0x7f5c9af28ffb: taken
+CND+ 0x7f5c9af2905a: taken
+CND+ 0x7f5c9af290af: not taken
+CND+ 0x7f5c9af290b8: taken
+CND+ 0x7f5c9af290e0: taken
+CND+ 0x7f5c9af29116: not taken
+CND+ 0x7f5c9af2915a: not taken
+CND+ 0x7f5c9af29163: taken
+CND+ 0x7f5c9af2921b: taken
+CND+ 0x7f5c9af2924a: taken
+CND+ 0x7f5c9af2927c: not taken
+CND+ 0x7f5c9af2936a: taken
+CND+ 0x7f5c9af29520: not taken
+CND+ 0x7f5c9af29529: not taken
+CND+ 0x7f5c9af29532: taken
+CND+ 0x7f5c9af298eb: not taken
+CND+ 0x7f5c9af29906: both
+CND+ 0x7f5c9af2993d: not taken
+CND+ 0x7f5c9af29985: both
+CND+ 0x7f5c9af299f6: taken
+CND+ 0x7f5c9af29a20: both
+CND+ 0x7f5c9af29a29: not taken
+CND+ 0x7f5c9af29a33: not taken
+CND+ 0x7f5c9af29ae4: not taken
+CND+ 0x7f5c9af29afb: taken
+CND+ 0x7f5c9af29b2a: both
+CND+ 0x7f5c9af29b30: both
+CND+ 0x7f5c9af29b40: taken
+CND+ 0x7f5c9af29b60: not taken
+CND+ 0x7f5c9af29b96: not taken
+CND+ 0x7f5c9af29be5: taken
+CND+ 0x7f5c9af29da0: not taken
+CND+ 0x7f5c9af29da9: not taken
+CND+ 0x7f5c9af29dc8: both
+CND+ 0x7f5c9af29dd0: both
+CND+ 0x7f5c9af29e2e: taken
+CND+ 0x7f5c9af29e57: not taken
+CND+ 0x7f5c9af29eac: taken
+CND+ 0x7f5c9af29ed8: taken
+CND+ 0x7f5c9af29fa3: not taken
+CND+ 0x7f5c9af29fc0: taken
+CND+ 0x7f5c9af2a019: not taken
+CND+ 0x7f5c9af2a065: not taken
+CND+ 0x7f5c9af2a06f: not taken
+CND+ 0x7f5c9af2a089: both
+CND+ 0x7f5c9af2a09d: not taken
+CND+ 0x7f5c9af2a0ab: taken
+CND+ 0x7f5c9af2a14c: not taken
+CND+ 0x7f5c9af2a156: taken
+CND+ 0x7f5c9af2a1cc: taken
+CND+ 0x7f5c9af2a1ee: taken
+CND+ 0x7f5c9af2a811: both
+CND+ 0x7f5c9af2a81b: not taken
+CND+ 0x7f5c9af2a81f: not taken
+CND+ 0x7f5c9af2a839: taken
+CND+ 0x7f5c9af2a859: taken
+CND+ 0x7f5c9af2a861: taken
+CND+ 0x7f5c9af2b45f: taken
+CND+ 0x7f5c9af2b626: not taken
+CND+ 0x7f5c9af2b6ca: taken
+CND+ 0x7f5c9af2b762: taken
+CND+ 0x7f5c9af2c2a4: taken
+CND+ 0x7f5c9af2c2bd: not taken
+CND+ 0x7f5c9af2c2cd: not taken
+CND+ 0x7f5c9af2c30f: taken
+CND+ 0x7f5c9af2c327: taken
+CND+ 0x7f5c9af2c33a: not taken
+CND+ 0x7f5c9af2c343: taken
+CND+ 0x7f5c9af2c381: not taken
+CND+ 0x7f5c9af2c3d6: taken
+CND+ 0x7f5c9af2c3e7: taken
+CND+ 0x7f5c9af2c895: not taken
+CND+ 0x7f5c9af2c8a8: not taken
+CND+ 0x7f5c9af2c8d2: not taken
+CND+ 0x7f5c9af2c907: not taken
+CND+ 0x7f5c9af2c942: taken
+CND+ 0x7f5c9af2c953: not taken
+CND+ 0x7f5c9af2c963: taken
+CND+ 0x7f5c9af2ca7b: not taken
+CND+ 0x7f5c9af2cdbc: both
+CND+ 0x7f5c9af2cdc9: both
+CND+ 0x7f5c9af2ce03: not taken
+CND+ 0x7f5c9af2ce0d: not taken
+CND+ 0x7f5c9af2ce18: taken
+CND+ 0x7f5c9af2d1a1: not taken
+CND+ 0x7f5c9af2d1ab: not taken
+CND+ 0x7f5c9af2d1e4: taken
+CND+ 0x7f5c9af2d1f2: taken
+CND+ 0x7f5c9af2d20a: not taken
+CND+ 0x7f5c9af2d225: not taken
+CND+ 0x7f5c9af2d22f: not taken
+CND+ 0x7f5c9af2d247: taken
+CND+ 0x7f5c9af2d533: taken
+CND+ 0x7f5c9af2d582: taken
+CND+ 0x7f5c9af2d655: taken
+CND+ 0x7f5c9af2d698: taken
+CND+ 0x7f5c9af2d703: not taken
+CND+ 0x7f5c9af2d70c: taken
+CND+ 0x7f5c9af2d725: not taken
+CND+ 0x7f5c9af2d742: not taken
+CND+ 0x7f5c9af2d75a: not taken
+CND+ 0x7f5c9af2d765: not taken
+CND+ 0x7f5c9af2d792: not taken
+CND+ 0x7f5c9af2d797: taken
+CND+ 0x7f5c9af2d7a9: taken
+CND+ 0x7f5c9af2d7ad: not taken
+CND+ 0x7f5c9af2d7bc: taken
+CND+ 0x7f5c9af2d7ce: taken
+CND+ 0x7f5c9af2d848: taken
+CND+ 0x7f5c9af2d889: not taken
+CND+ 0x7f5c9af2d89b: not taken
+CND+ 0x7f5c9af2d8a8: taken
+CND+ 0x7f5c9af2dc2f: not taken
+CND+ 0x7f5c9af2dc57: taken
+CND+ 0x7f5c9af2dc65: not taken
+CND+ 0x7f5c9af2dc6e: taken
+CND+ 0x7f5c9af2dc86: not taken
+CND+ 0x7f5c9af2dcae: taken
+CND+ 0x7f5c9af2e366: taken
+CND+ 0x7f5c9af2e9d6: taken
+CND+ 0x7f5c9af2ea31: not taken
+CND+ 0x7f5c9af2ea51: taken
+CND+ 0x7f5c9af2eaad: not taken
+CND+ 0x7f5c9af2eab5: taken
+CND+ 0x7f5c9af2eb00: taken
+CND+ 0x7f5c9af2eb5a: not taken
+CND+ 0x7f5c9af2eb62: not taken
+CND+ 0x7f5c9af2eb6b: not taken
+CND+ 0x7f5c9af2eb75: not taken
+CND+ 0x7f5c9af2eb7f: taken
+CND+ 0x7f5c9af2eb9b: taken
+CND+ 0x7f5c9af2ec3c: taken
+CND+ 0x7f5c9af2eed9: not taken
+CND+ 0x7f5c9af2eee6: not taken
+CND+ 0x7f5c9af2ef01: not taken
+CND+ 0x7f5c9af2ef1a: not taken
+CND+ 0x7f5c9af2ef20: not taken
+CND+ 0x7f5c9af2ef26: taken
+CND+ 0x7f5c9af2f76c: not taken
+CND+ 0x7f5c9af2f78c: not taken
+CND+ 0x7f5c9af2f7d8: both
+CND+ 0x7f5c9af2f7e1: taken
+CND+ 0x7f5c9af2f806: not taken
+CND+ 0x7f5c9af2f840: not taken
+CND+ 0x7f5c9af2f84a: not taken
+CND+ 0x7f5c9af2f965: both
+CND+ 0x7f5c9af2f989: not taken
+CND+ 0x7f5c9af2f9b2: not taken
+CND+ 0x7f5c9af2f9bc: not taken
+CND+ 0x7f5c9af2f9e3: not taken
+CND+ 0x7f5c9af2fa13: taken
+CND+ 0x7f5c9af2fafd: not taken
+CND+ 0x7f5c9af2fb1a: not taken
+CND+ 0x7f5c9af2fb61: taken
+CND+ 0x7f5c9af30711: not taken
+CND+ 0x7f5c9af3071d: not taken
+CND+ 0x7f5c9af30722: not taken
+CND+ 0x7f5c9af30748: not taken
+CND+ 0x7f5c9af3074c: not taken
+CND+ 0x7f5c9af3075f: not taken
+CND+ 0x7f5c9af307a4: not taken
+CND+ 0x7f5c9af308f3: both
+CND+ 0x7f5c9af3090f: both
+CND+ 0x7f5c9af30911: not taken
+CND+ 0x7f5c9af3091a: taken
+CND+ 0x7f5c9af30a92: not taken
+CND+ 0x7f5c9af30aba: not taken
+CND+ 0x7f5c9af30ad5: both
+CND+ 0x7f5c9af30ade: taken
+CND+ 0x7f5c9af30af7: not taken
+CND+ 0x7f5c9af30b01: not taken
+CND+ 0x7f5c9af30b05: not taken
+CND+ 0x7f5c9af30b19: taken
+CND+ 0x7f5c9af30c50: not taken
+CND+ 0x7f5c9af30c62: taken
+CND+ 0x7f5c9af30db1: not taken
+CND+ 0x7f5c9af30dea: both
+CND+ 0x7f5c9af30e13: not taken
+CND+ 0x7f5c9af30e20: taken
+CND+ 0x7f5c9af30e2d: not taken
+CND+ 0x7f5c9af30e43: not taken
+CND+ 0x7f5c9af30e4f: both
+CND+ 0x7f5c9af30e58: not taken
+CND+ 0x7f5c9af30e72: taken
+CND+ 0x7f5c9af30ee7: taken
+CND+ 0x7f5c9af3175d: both
+CND+ 0x7f5c9af3176f: not taken
+CND+ 0x7f5c9af31782: both
+CND+ 0x7f5c9af31787: both
+CND+ 0x7f5c9af31795: both
+CND+ 0x7f5c9af318b1: not taken
+CND+ 0x7f5c9af318dc: not taken
+CND+ 0x7f5c9af318ea: not taken
+CND+ 0x7f5c9af318ec: both
+CND+ 0x7f5c9af318f5: not taken
+CND+ 0x7f5c9af318fb: taken
+CND+ 0x7f5c9af31943: not taken
+CND+ 0x7f5c9af3194c: taken
+CND+ 0x7f5c9af31983: not taken
+CND+ 0x7f5c9af31989: both
+CND+ 0x7f5c9af31990: not taken
+CND+ 0x7f5c9af319ab: taken
+CND+ 0x7f5c9af31a0b: taken
+CND+ 0x7f5c9af31b10: both
+CND+ 0x7f5c9af31b1c: not taken
+CND+ 0x7f5c9af31b21: both
+CND+ 0x7f5c9af31b2f: not taken
+CND+ 0x7f5c9af31b37: both
+CND+ 0x7f5c9af31b44: both
+CND+ 0x7f5c9af31b5e: taken
+CND+ 0x7f5c9af31b92: both
+CND+ 0x7f5c9af31b9b: taken
+CND+ 0x7f5c9af31bfb: taken
+CND+ 0x7f5c9af31d68: both
+CND+ 0x7f5c9af31d71: taken
+CND+ 0x7f5c9af31d8b: not taken
+CND+ 0x7f5c9af31da3: taken
+CND+ 0x7f5c9af31ddd: taken
+CND+ 0x7f5c9af31e02: not taken
+CND+ 0x7f5c9af31e0b: taken
+CND+ 0x7f5c9af31e2f: not taken
+CND+ 0x7f5c9af31e35: taken
+CND+ 0x7f5c9af31e4f: not taken
+CND+ 0x7f5c9af31e58: both
+CND+ 0x7f5c9af31f7d: not taken
+CND+ 0x7f5c9af3202c: not taken
+CND+ 0x7f5c9af320c7: not taken
+CND+ 0x7f5c9af320d0: both
+CND+ 0x7f5c9af320d9: not taken
+CND+ 0x7f5c9af325a7: both
+CND+ 0x7f5c9af325ed: not taken
+CND+ 0x7f5c9af325f2: taken
+CND+ 0x7f5c9af32682: not taken
+CND+ 0x7f5c9af326a1: not taken
+CND+ 0x7f5c9af327bb: not taken
+CND+ 0x7f5c9af32835: not taken
+CND+ 0x7f5c9af32870: not taken
+CND+ 0x7f5c9af3288e: not taken
+CND+ 0x7f5c9af3289e: not taken
+CND+ 0x7f5c9af329ca: both
+CND+ 0x7f5c9af329ea: taken
+CND+ 0x7f5c9af329f6: taken
+CND+ 0x7f5c9af32a15: taken
+CND+ 0x7f5c9af32a38: not taken
+CND+ 0x7f5c9af32a48: taken
+CND+ 0x7f5c9af32abb: not taken
+CND+ 0x7f5c9af3314f: not taken
+CND+ 0x7f5c9af3316f: not taken
+CND+ 0x7f5c9af3317e: taken
+CND+ 0x7f5c9af33a5f: taken
+CND+ 0x7f5c9af33b46: not taken
+CND+ 0x7f5c9af33b50: taken
+CND+ 0x7f5c9af33b69: taken
+CND+ 0x7f5c9af33b93: taken
+CND+ 0x7f5c9af33d2b: taken
+CND+ 0x7f5c9af33e50: not taken
+CND+ 0x7f5c9af34227: taken
+CND+ 0x7f5c9af3425f: not taken
+CND+ 0x7f5c9af34278: taken
+CND+ 0x7f5c9af342b9: not taken
+CND+ 0x7f5c9af342d7: taken
+CND+ 0x7f5c9af3430b: taken
+CND+ 0x7f5c9af34383: taken
+CND+ 0x7f5c9af343e2: taken
+CND+ 0x7f5c9af34456: taken
+CND+ 0x7f5c9af34488: both
+CND+ 0x7f5c9af3448c: not taken
+CND+ 0x7f5c9af34493: not taken
+CND+ 0x7f5c9af34498: both
+CND+ 0x7f5c9af344e0: not taken
+CND+ 0x7f5c9af34512: not taken
+CND+ 0x7f5c9af34519: taken
+CND+ 0x7f5c9af34548: not taken
+CND+ 0x7f5c9af3454d: not taken
+CND+ 0x7f5c9af345c9: not taken
+CND+ 0x7f5c9af345d7: taken
+CND+ 0x7f5c9af346f8: taken
+CND+ 0x7f5c9af347b9: not taken
+CND+ 0x7f5c9af34830: not taken
+CND+ 0x7f5c9af34846: taken
+CND+ 0x7f5c9af3486e: not taken
+CND+ 0x7f5c9af34b09: not taken
+CND+ 0x7f5c9af34b13: not taken
+CND+ 0x7f5c9af34c18: taken
+CND+ 0x7f5c9af34c9d: not taken
+CND+ 0x7f5c9af34dfa: taken
+CND+ 0x7f5c9af36946: both
+CND+ 0x7f5c9af36963: both
+CND+ 0x7f5c9af36968: not taken
+CND+ 0x7f5c9af3696e: not taken
+CND+ 0x7f5c9af36986: not taken
+CND+ 0x7f5c9af3698b: both
+CND+ 0x7f5c9af3699a: both
+CND+ 0x7f5c9af3699f: both
+CND+ 0x7f5c9af369ac: both
+CND+ 0x7f5c9af369b7: both
+CND+ 0x7f5c9af369c4: not taken
+CND+ 0x7f5c9af36a10: not taken
+CND+ 0x7f5c9af36a15: taken
+CND+ 0x7f5c9af36a2e: both
+CND+ 0x7f5c9af36a32: both
+CND+ 0x7f5c9af36a5c: both
+CND+ 0x7f5c9af36add: not taken
+CND+ 0x7f5c9af36ae2: not taken
+CND+ 0x7f5c9af36afe: not taken
+CND+ 0x7f5c9af36b02: both
+CND+ 0x7f5c9af36b48: both
+CND+ 0x7f5c9af36b52: not taken
+CND+ 0x7f5c9af36b5c: not taken
+CND+ 0x7f5c9af36b65: both
+CND+ 0x7f5c9af36b6b: taken
+CND+ 0x7f5c9af36b75: not taken
+CND+ 0x7f5c9af36b95: not taken
+CND+ 0x7f5c9af36ba2: not taken
+CND+ 0x7f5c9af36bc4: not taken
+CND+ 0x7f5c9af36bce: not taken
+CND+ 0x7f5c9af36bf6: taken
+CND+ 0x7f5c9af36c24: taken
+CND+ 0x7f5c9af36ce1: not taken
+CND+ 0x7f5c9af36cea: not taken
+CND+ 0x7f5c9af36cf3: not taken
+CND+ 0x7f5c9af36d25: not taken
+CND+ 0x7f5c9af36d53: not taken
+CND+ 0x7f5c9af36d5d: not taken
+CND+ 0x7f5c9af36eb5: not taken
+CND+ 0x7f5c9af36eba: not taken
+CND+ 0x7f5c9af36ed8: both
+CND+ 0x7f5c9af36edc: taken
+CND+ 0x7f5c9af36f0f: not taken
+CND+ 0x7f5c9af36f15: not taken
+CND+ 0x7f5c9af3746f: not taken
+CND+ 0x7f5c9af3753d: not taken
+CND+ 0x7f5c9af37547: not taken
+CND+ 0x7f5c9af37605: not taken
+CND+ 0x7f5c9af3760f: not taken
+CND+ 0x7f5c9af37647: not taken
+CND+ 0x7f5c9af3765e: not taken
+CND+ 0x7f5c9af377bd: taken
+CND+ 0x7f5c9af377d2: taken
+CND+ 0x7f5c9af377df: not taken
+CND+ 0x7f5c9af377e4: both
+CND+ 0x7f5c9af377fa: taken
+CND+ 0x7f5c9af37856: not taken
+CND+ 0x7f5c9af3785b: taken
+CND+ 0x7f5c9af3787a: not taken
+CND+ 0x7f5c9af3789a: not taken
+CND+ 0x7f5c9af378b7: not taken
+CND+ 0x7f5c9af378c5: not taken
+CND+ 0x7f5c9af378d4: taken
+CND+ 0x7f5c9af37df1: not taken
+CND+ 0x7f5c9af37e0c: not taken
@0x7f5c9af36c19 to 0x7f5c9af2a7d0 1
@0x7f5c9af36c19 to 0x7f5c9af31120 1
@0x7f5c9af26050 to 0x7f5c9ea5fa30 4
@0x7f5c9af26080 to 0x7f5c9e9ff330 2
@0x7f5c9af26090 to 0x7f5c9eaa1710 1
@0x7f5c9af260a0 to 0x7f5c9ea77e70 5
@0x7f5c9af260d0 to 0x7f5c9ea12a20 7
@0x7f5c9af260f0 to 0x7f5c9eb36800 4
@0x7f5c9af26130 to 0x7f5c9eaa21e0 1
@0x7f5c9af26140 to 0x7f5c9ea16c10 1
@0x7f5c9af26150 to 0x7f5c9eac4800 4
@0x7f5c9af26160 to 0x7f5c9eaa1230 1
@0x7f5c9af26190 to 0x7f5c9eb36bc0 8
@0x7f5c9af261c0 to 0x7f5c9eaa2200 1
@0x7f5c9af261e0 to 0x7f5c9eb365d0 1
@0x7f5c9af26220 to 0x7f5c9eaa2210 2
@0x7f5c9af26230 to 0x7f5c9eac5b10 1
@0x7f5c9af2816e to 0x7f5c9af281c0 1
@0x7f5c9af26280 to 0x7f5c9eb31d10 11
@0x7f5c9af262a0 to 0x7f5c9ea12450 4
@0x7f5c9af281ac to 0x7f5c9af28e90 1
@0x7f5c9af262d0 to 0x7f5c9eb32100 9
@0x7f5c9af26320 to 0x7f5c9ea130f0 4
@0x7f5c9af26330 to 0x7f5c9eb37100 6
@0x7f5c9af26350 to 0x7f5c9eaa2220 1
@0x7f5c9af26370 to 0x7f5c9eac4800 2
@0x7f5c9af26390 to 0x7f5c9ea5f3e0 23
@0x7f5c9af263b0 to 0x7f5c9eaa2230 1
@0x7f5c9af263c0 to 0x7f5c9eb31e90 22
@0x7f5c9af263e0 to 0x7f5c9eae2ba0 1
@0x7f5c9af26410 to 0x7f5c9ea5fc80 1
@0x7f5c9af26460 to 0x7f5c9eb370e0 13
@0x7f5c9af26510 to 0x7f5c9eaa21f0 1
@0x7f5c9af26560 to 0x7f5c9eaa14e0 1
@0x7f5c9af26570 to 0x7f5c9ea0b580 191
@0x7f5c9af31f91 to 0x7f5c9af32075 1
@0x7f5c9af26784 to 0x7f5c9e9fefb0 1
@0x7f5c9af37e01 to 0x7f5c9af26840 1
@0x7f5c9af3455f to 0x7f5c9af34580 1
@0x7f5c9af3455f to 0x7f5c9af345c0 1
@0x7f5c9af3455f to 0x7f5c9af345a8 2
@0x7f5c9af328af to 0x7f5c9af32a01 180
@0x7f5c9af328af to 0x7f5c9af329f0 10
@0x7f5c9af328af to 0x7f5c9af32a28 1
