MODULE_NAME: /usr/bin/gs
MODULE_START: 0x7f56608df000
+B+: 0x7f56608e0000 0x7f56608e000f
+B+: 0x7f56608e0012 0x7f56608e0016
+B+: 0x7f56608e0020 0x7f56608e002b
+B+: 0x7f56608e0030 0x7f56608e0035
+B+: 0x7f56608e0036 0x7f56608e003f
+B+: 0x7f56608e0040 0x7f56608e0045
+B+: 0x7f56608e0046 0x7f56608e004f
+B+: 0x7f56608e0050 0x7f56608e0055
+B+: 0x7f56608e0056 0x7f56608e005f
+B+: 0x7f56608e00b0 0x7f56608e00b5
+B+: 0x7f56608e00b6 0x7f56608e00bf
+B+: 0x7f56608e00c0 0x7f56608e00c5
+B+: 0x7f56608e00c6 0x7f56608e00cf
+B+: 0x7f56608e00e0 0x7f56608e00e5
+B+: 0x7f56608e00f0 0x7f56608e0121
+B+: 0x7f56608e0122 0x7f56608e0127
+B+: 0x7f56608e0128 0x7f56608e0130
+B+: 0x7f56608e0131 0x7f56608e0132
+B+: 0x7f56608e0133 0x7f56608e0137
+B+: 0x7f56608e013d 0x7f56608e0152
+B+: 0x7f56608e0153 0x7f56608e015b
+B+: 0x7f56608e0178 0x7f56608e0183
+B+: 0x7f56608e0184 0x7f56608e01a2
+B+: 0x7f56608e01a3 0x7f56608e01b1
+B+: 0x7f56608e01b2 0x7f56608e01b7
+B+: 0x7f56608e01b8 0x7f56608e01c1
+B+: 0x7f56608e01c2 0x7f56608e01c5
+B+: 0x7f56608e01c6 0x7f56608e01ca
+B+: 0x7f56608e01cb 0x7f56608e01d6
+B+: 0x7f56608e01d7 0x7f56608e01db
+B+: 0x7f56608e01dc 0x7f56608e01e0
+B+: 0x7f56608e0213 0x7f56608e0216
+B+: 0x7f56608e0220 0x7f56608e0249
+B+: 0x7f56608e0250 0x7f56608e0262
+B+: 0x7f56608e0278 0x7f56608e0278
+B+: 0x7f56608e0280 0x7f56608e02a3
+B+: 0x7f56608e02b8 0x7f56608e02b8
+B+: 0x7f56608e02c0 0x7f56608e02c8
+B+: 0x7f56608e02c9 0x7f56608e02d6
+B+: 0x7f56608e02d7 0x7f56608e02e2
+B+: 0x7f56608e02e3 0x7f56608e02e7
+B+: 0x7f56608e02e8 0x7f56608e02f0
+B+: 0x7f56608e0300 0x7f56608e0304
+B+: 0x7f56608e03c0 0x7f56608e03ec
+B+: 0x7f56608e03ed 0x7f56608e03f2
+B+: 0x7f56608e03f3 0x7f56608e0404
+B+: 0x7f56608e0405 0x7f56608e040d
+B+: 0x7f56608e040e 0x7f56608e041c
+B+: 0x7f56608e0424 0x7f56608e042c
+CND+ 0x7f56608e000e: taken
+CND+ 0x7f56608e0126: taken
+CND+ 0x7f56608e012b: not taken
+CND+ 0x7f56608e0131: not taken
+CND+ 0x7f56608e0136: taken
+CND+ 0x7f56608e014d: not taken
+CND+ 0x7f56608e01b6: not taken
+CND+ 0x7f56608e01c4: not taken
+CND+ 0x7f56608e01c9: taken
+CND+ 0x7f56608e01df: taken
+CND+ 0x7f56608e0261: taken
+CND+ 0x7f56608e02a2: taken
+CND+ 0x7f56608e02c7: not taken
+CND+ 0x7f56608e02d5: not taken
+CND+ 0x7f56608e03f1: not taken
+CND+ 0x7f56608e040c: not taken
@0x7f56608e0026 to 0x7f56648cf500 5
@0x7f56608e0030 to 0x7f56608e0036 1
@0x7f56608e0040 to 0x7f56608e0046 1
@0x7f56608e0050 to 0x7f56608e0056 1
@0x7f56608e00b0 to 0x7f56608e00b6 1
@0x7f56608e00c0 to 0x7f56608e00c6 1
@0x7f56608e00e0 to 0x7f56634351c0 1
@0x7f56608e0244 to 0x7f566341efb0 1
@0x7f56608e0401 to 0x7f56608e0300 1
