MODULE_NAME: /usr/bin/gs
MODULE_START: 0x7fe46c31a000
+B+: 0x7fe46c31b000 0x7fe46c31b00f
+B+: 0x7fe46c31b012 0x7fe46c31b016
+B+: 0x7fe46c31b020 0x7fe46c31b02b
+B+: 0x7fe46c31b030 0x7fe46c31b035
+B+: 0x7fe46c31b036 0x7fe46c31b03f
+B+: 0x7fe46c31b040 0x7fe46c31b045
+B+: 0x7fe46c31b046 0x7fe46c31b04f
+B+: 0x7fe46c31b050 0x7fe46c31b055
+B+: 0x7fe46c31b056 0x7fe46c31b05f
+B+: 0x7fe46c31b090 0x7fe46c31b095
+B+: 0x7fe46c31b096 0x7fe46c31b09f
+B+: 0x7fe46c31b0b0 0x7fe46c31b0b5
+B+: 0x7fe46c31b0b6 0x7fe46c31b0bf
+B+: 0x7fe46c31b0c0 0x7fe46c31b0c5
+B+: 0x7fe46c31b0c6 0x7fe46c31b0cf
+B+: 0x7fe46c31b0d0 0x7fe46c31b0d5
+B+: 0x7fe46c31b0d6 0x7fe46c31b0df
+B+: 0x7fe46c31b0e0 0x7fe46c31b0e5
+B+: 0x7fe46c31b0f0 0x7fe46c31b121
+B+: 0x7fe46c31b122 0x7fe46c31b127
+B+: 0x7fe46c31b128 0x7fe46c31b130
+B+: 0x7fe46c31b131 0x7fe46c31b132
+B+: 0x7fe46c31b133 0x7fe46c31b137
+B+: 0x7fe46c31b138 0x7fe46c31b152
+B+: 0x7fe46c31b153 0x7fe46c31b15b
+B+: 0x7fe46c31b184 0x7fe46c31b1a2
+B+: 0x7fe46c31b1a3 0x7fe46c31b1b1
+B+: 0x7fe46c31b1b2 0x7fe46c31b1b7
+B+: 0x7fe46c31b1b8 0x7fe46c31b1c1
+B+: 0x7fe46c31b1c2 0x7fe46c31b1c5
+B+: 0x7fe46c31b1c6 0x7fe46c31b1ca
+B+: 0x7fe46c31b1cb 0x7fe46c31b1d6
+B+: 0x7fe46c31b1d7 0x7fe46c31b1db
+B+: 0x7fe46c31b220 0x7fe46c31b249
+B+: 0x7fe46c31b250 0x7fe46c31b262
+B+: 0x7fe46c31b278 0x7fe46c31b278
+B+: 0x7fe46c31b280 0x7fe46c31b2a3
+B+: 0x7fe46c31b2b8 0x7fe46c31b2b8
+B+: 0x7fe46c31b2c0 0x7fe46c31b2c8
+B+: 0x7fe46c31b2c9 0x7fe46c31b2d6
+B+: 0x7fe46c31b2d7 0x7fe46c31b2e2
+B+: 0x7fe46c31b2e3 0x7fe46c31b2e7
+B+: 0x7fe46c31b2e8 0x7fe46c31b2f0
+B+: 0x7fe46c31b300 0x7fe46c31b304
+B+: 0x7fe46c31b350 0x7fe46c31b373
+B+: 0x7fe46c31b374 0x7fe46c31b37c
+B+: 0x7fe46c31b37d 0x7fe46c31b385
+B+: 0x7fe46c31b3c0 0x7fe46c31b3ec
+B+: 0x7fe46c31b3ed 0x7fe46c31b3f2
+B+: 0x7fe46c31b3f3 0x7fe46c31b404
+B+: 0x7fe46c31b405 0x7fe46c31b40d
+B+: 0x7fe46c31b40e 0x7fe46c31b41c
+B+: 0x7fe46c31b424 0x7fe46c31b42c
+CND+ 0x7fe46c31b00e: taken
+CND+ 0x7fe46c31b126: taken
+CND+ 0x7fe46c31b12b: not taken
+CND+ 0x7fe46c31b131: not taken
+CND+ 0x7fe46c31b136: not taken
+CND+ 0x7fe46c31b14d: not taken
+CND+ 0x7fe46c31b1b6: not taken
+CND+ 0x7fe46c31b1c4: not taken
+CND+ 0x7fe46c31b1c9: not taken
+CND+ 0x7fe46c31b261: taken
+CND+ 0x7fe46c31b2a2: taken
+CND+ 0x7fe46c31b2c7: not taken
+CND+ 0x7fe46c31b2d5: not taken
+CND+ 0x7fe46c31b3f1: not taken
+CND+ 0x7fe46c31b40c: not taken
@0x7fe46c31b026 to 0x7fe47030a500 7
@0x7fe46c31b030 to 0x7fe46c31b036 1
@0x7fe46c31b040 to 0x7fe46c31b046 1
@0x7fe46c31b050 to 0x7fe46c31b056 1
@0x7fe46c31b090 to 0x7fe46c31b096 1
@0x7fe46c31b0b0 to 0x7fe46c31b0b6 1
@0x7fe46c31b0c0 to 0x7fe46c31b0c6 1
@0x7fe46c31b0d0 to 0x7fe46c31b0d6 1
@0x7fe46c31b0e0 to 0x7fe46ee701c0 1
@0x7fe46c31b244 to 0x7fe46ee59fb0 1
@0x7fe46c31b401 to 0x7fe46c31b300 1
