MODULE_NAME: /usr/bin/gs
MODULE_START: 0x7f64053e5000
+B+: 0x7f64053e6000 0x7f64053e600f
+B+: 0x7f64053e6012 0x7f64053e6016
+B+: 0x7f64053e6020 0x7f64053e602b
+B+: 0x7f64053e6030 0x7f64053e6035
+B+: 0x7f64053e6036 0x7f64053e603f
+B+: 0x7f64053e6040 0x7f64053e6045
+B+: 0x7f64053e6046 0x7f64053e604f
+B+: 0x7f64053e6050 0x7f64053e6055
+B+: 0x7f64053e6056 0x7f64053e605f
+B+: 0x7f64053e60b0 0x7f64053e60b5
+B+: 0x7f64053e60b6 0x7f64053e60bf
+B+: 0x7f64053e60c0 0x7f64053e60c5
+B+: 0x7f64053e60c6 0x7f64053e60cf
+B+: 0x7f64053e60e0 0x7f64053e60e5
+B+: 0x7f64053e60f0 0x7f64053e6121
+B+: 0x7f64053e6122 0x7f64053e6127
+B+: 0x7f64053e6128 0x7f64053e6130
+B+: 0x7f64053e6131 0x7f64053e6132
+B+: 0x7f64053e6133 0x7f64053e6137
+B+: 0x7f64053e613d 0x7f64053e6152
+B+: 0x7f64053e6153 0x7f64053e615b
+B+: 0x7f64053e6178 0x7f64053e6183
+B+: 0x7f64053e6184 0x7f64053e61a2
+B+: 0x7f64053e61a3 0x7f64053e61b1
+B+: 0x7f64053e61b2 0x7f64053e61b7
+B+: 0x7f64053e61b8 0x7f64053e61c1
+B+: 0x7f64053e61c2 0x7f64053e61c5
+B+: 0x7f64053e61c6 0x7f64053e61ca
+B+: 0x7f64053e61cb 0x7f64053e61d6
+B+: 0x7f64053e61d7 0x7f64053e61db
+B+: 0x7f64053e61dc 0x7f64053e61e0
+B+: 0x7f64053e6213 0x7f64053e6216
+B+: 0x7f64053e6220 0x7f64053e6249
+B+: 0x7f64053e6250 0x7f64053e6262
+B+: 0x7f64053e6278 0x7f64053e6278
+B+: 0x7f64053e6280 0x7f64053e62a3
+B+: 0x7f64053e62b8 0x7f64053e62b8
+B+: 0x7f64053e62c0 0x7f64053e62c8
+B+: 0x7f64053e62c9 0x7f64053e62d6
+B+: 0x7f64053e62d7 0x7f64053e62e2
+B+: 0x7f64053e62e3 0x7f64053e62e7
+B+: 0x7f64053e62e8 0x7f64053e62f0
+B+: 0x7f64053e6300 0x7f64053e6304
+B+: 0x7f64053e63c0 0x7f64053e63ec
+B+: 0x7f64053e63ed 0x7f64053e63f2
+B+: 0x7f64053e63f3 0x7f64053e6404
+B+: 0x7f64053e6405 0x7f64053e640d
+B+: 0x7f64053e640e 0x7f64053e641c
+B+: 0x7f64053e6424 0x7f64053e642c
+CND+ 0x7f64053e600e: taken
+CND+ 0x7f64053e6126: taken
+CND+ 0x7f64053e612b: not taken
+CND+ 0x7f64053e6131: not taken
+CND+ 0x7f64053e6136: taken
+CND+ 0x7f64053e614d: not taken
+CND+ 0x7f64053e61b6: not taken
+CND+ 0x7f64053e61c4: not taken
+CND+ 0x7f64053e61c9: taken
+CND+ 0x7f64053e61df: taken
+CND+ 0x7f64053e6261: taken
+CND+ 0x7f64053e62a2: taken
+CND+ 0x7f64053e62c7: not taken
+CND+ 0x7f64053e62d5: not taken
+CND+ 0x7f64053e63f1: not taken
+CND+ 0x7f64053e640c: not taken
@0x7f64053e6026 to 0x7f64093d5500 5
@0x7f64053e6030 to 0x7f64053e6036 1
@0x7f64053e6040 to 0x7f64053e6046 1
@0x7f64053e6050 to 0x7f64053e6056 1
@0x7f64053e60b0 to 0x7f64053e60b6 1
@0x7f64053e60c0 to 0x7f64053e60c6 1
@0x7f64053e60e0 to 0x7f6407f3b1c0 1
@0x7f64053e6244 to 0x7f6407f24fb0 1
@0x7f64053e6401 to 0x7f64053e6300 1
