MODULE_NAME: /usr/bin/gs
MODULE_START: 0x7fa82dc1f000
+B+: 0x7fa82dc20000 0x7fa82dc2000f
+B+: 0x7fa82dc20012 0x7fa82dc20016
+B+: 0x7fa82dc20020 0x7fa82dc2002b
+B+: 0x7fa82dc20030 0x7fa82dc20035
+B+: 0x7fa82dc20036 0x7fa82dc2003f
+B+: 0x7fa82dc20040 0x7fa82dc20045
+B+: 0x7fa82dc20046 0x7fa82dc2004f
+B+: 0x7fa82dc20050 0x7fa82dc20055
+B+: 0x7fa82dc20056 0x7fa82dc2005f
+B+: 0x7fa82dc20090 0x7fa82dc20095
+B+: 0x7fa82dc20096 0x7fa82dc2009f
+B+: 0x7fa82dc200b0 0x7fa82dc200b5
+B+: 0x7fa82dc200b6 0x7fa82dc200bf
+B+: 0x7fa82dc200c0 0x7fa82dc200c5
+B+: 0x7fa82dc200c6 0x7fa82dc200cf
+B+: 0x7fa82dc200d0 0x7fa82dc200d5
+B+: 0x7fa82dc200d6 0x7fa82dc200df
+B+: 0x7fa82dc200e0 0x7fa82dc200e5
+B+: 0x7fa82dc200f0 0x7fa82dc20121
+B+: 0x7fa82dc20122 0x7fa82dc20127
+B+: 0x7fa82dc20128 0x7fa82dc20130
+B+: 0x7fa82dc20131 0x7fa82dc20132
+B+: 0x7fa82dc20133 0x7fa82dc20137
+B+: 0x7fa82dc20138 0x7fa82dc20152
+B+: 0x7fa82dc20153 0x7fa82dc2015b
+B+: 0x7fa82dc20184 0x7fa82dc201a2
+B+: 0x7fa82dc201a3 0x7fa82dc201b1
+B+: 0x7fa82dc201b2 0x7fa82dc201b7
+B+: 0x7fa82dc201b8 0x7fa82dc201c1
+B+: 0x7fa82dc201c2 0x7fa82dc201c5
+B+: 0x7fa82dc201c6 0x7fa82dc201ca
+B+: 0x7fa82dc201cb 0x7fa82dc201d6
+B+: 0x7fa82dc201d7 0x7fa82dc201db
+B+: 0x7fa82dc20220 0x7fa82dc20249
+B+: 0x7fa82dc20250 0x7fa82dc20262
+B+: 0x7fa82dc20278 0x7fa82dc20278
+B+: 0x7fa82dc20280 0x7fa82dc202a3
+B+: 0x7fa82dc202b8 0x7fa82dc202b8
+B+: 0x7fa82dc202c0 0x7fa82dc202c8
+B+: 0x7fa82dc202c9 0x7fa82dc202d6
+B+: 0x7fa82dc202d7 0x7fa82dc202e2
+B+: 0x7fa82dc202e3 0x7fa82dc202e7
+B+: 0x7fa82dc202e8 0x7fa82dc202f0
+B+: 0x7fa82dc20300 0x7fa82dc20304
+B+: 0x7fa82dc20350 0x7fa82dc20373
+B+: 0x7fa82dc20374 0x7fa82dc2037c
+B+: 0x7fa82dc2037d 0x7fa82dc20385
+B+: 0x7fa82dc203c0 0x7fa82dc203ec
+B+: 0x7fa82dc203ed 0x7fa82dc203f2
+B+: 0x7fa82dc203f3 0x7fa82dc20404
+B+: 0x7fa82dc20405 0x7fa82dc2040d
+B+: 0x7fa82dc2040e 0x7fa82dc2041c
+B+: 0x7fa82dc20424 0x7fa82dc2042c
+CND+ 0x7fa82dc2000e: taken
+CND+ 0x7fa82dc20126: taken
+CND+ 0x7fa82dc2012b: not taken
+CND+ 0x7fa82dc20131: not taken
+CND+ 0x7fa82dc20136: not taken
+CND+ 0x7fa82dc2014d: not taken
+CND+ 0x7fa82dc201b6: not taken
+CND+ 0x7fa82dc201c4: not taken
+CND+ 0x7fa82dc201c9: not taken
+CND+ 0x7fa82dc20261: taken
+CND+ 0x7fa82dc202a2: taken
+CND+ 0x7fa82dc202c7: not taken
+CND+ 0x7fa82dc202d5: not taken
+CND+ 0x7fa82dc203f1: not taken
+CND+ 0x7fa82dc2040c: not taken
@0x7fa82dc20026 to 0x7fa831c0f500 7
@0x7fa82dc20030 to 0x7fa82dc20036 1
@0x7fa82dc20040 to 0x7fa82dc20046 1
@0x7fa82dc20050 to 0x7fa82dc20056 1
@0x7fa82dc20090 to 0x7fa82dc20096 1
@0x7fa82dc200b0 to 0x7fa82dc200b6 1
@0x7fa82dc200c0 to 0x7fa82dc200c6 1
@0x7fa82dc200d0 to 0x7fa82dc200d6 1
@0x7fa82dc200e0 to 0x7fa8307751c0 1
@0x7fa82dc20244 to 0x7fa83075efb0 1
@0x7fa82dc20401 to 0x7fa82dc20300 1
