MODULE_NAME: /usr/bin/gs
MODULE_START: 0x7f1a47c4a000
+B+: 0x7f1a47c4b000 0x7f1a47c4b00f
+B+: 0x7f1a47c4b012 0x7f1a47c4b016
+B+: 0x7f1a47c4b020 0x7f1a47c4b02b
+B+: 0x7f1a47c4b030 0x7f1a47c4b035
+B+: 0x7f1a47c4b036 0x7f1a47c4b03f
+B+: 0x7f1a47c4b040 0x7f1a47c4b045
+B+: 0x7f1a47c4b046 0x7f1a47c4b04f
+B+: 0x7f1a47c4b050 0x7f1a47c4b055
+B+: 0x7f1a47c4b056 0x7f1a47c4b05f
+B+: 0x7f1a47c4b090 0x7f1a47c4b095
+B+: 0x7f1a47c4b096 0x7f1a47c4b09f
+B+: 0x7f1a47c4b0b0 0x7f1a47c4b0b5
+B+: 0x7f1a47c4b0b6 0x7f1a47c4b0bf
+B+: 0x7f1a47c4b0c0 0x7f1a47c4b0c5
+B+: 0x7f1a47c4b0c6 0x7f1a47c4b0cf
+B+: 0x7f1a47c4b0d0 0x7f1a47c4b0d5
+B+: 0x7f1a47c4b0d6 0x7f1a47c4b0df
+B+: 0x7f1a47c4b0e0 0x7f1a47c4b0e5
+B+: 0x7f1a47c4b0f0 0x7f1a47c4b121
+B+: 0x7f1a47c4b122 0x7f1a47c4b127
+B+: 0x7f1a47c4b128 0x7f1a47c4b130
+B+: 0x7f1a47c4b131 0x7f1a47c4b132
+B+: 0x7f1a47c4b133 0x7f1a47c4b137
+B+: 0x7f1a47c4b138 0x7f1a47c4b152
+B+: 0x7f1a47c4b153 0x7f1a47c4b15b
+B+: 0x7f1a47c4b184 0x7f1a47c4b1a2
+B+: 0x7f1a47c4b1a3 0x7f1a47c4b1b1
+B+: 0x7f1a47c4b1b2 0x7f1a47c4b1b7
+B+: 0x7f1a47c4b1b8 0x7f1a47c4b1c1
+B+: 0x7f1a47c4b1c2 0x7f1a47c4b1c5
+B+: 0x7f1a47c4b1c6 0x7f1a47c4b1ca
+B+: 0x7f1a47c4b1cb 0x7f1a47c4b1d6
+B+: 0x7f1a47c4b1d7 0x7f1a47c4b1db
+B+: 0x7f1a47c4b220 0x7f1a47c4b249
+B+: 0x7f1a47c4b250 0x7f1a47c4b262
+B+: 0x7f1a47c4b278 0x7f1a47c4b278
+B+: 0x7f1a47c4b280 0x7f1a47c4b2a3
+B+: 0x7f1a47c4b2b8 0x7f1a47c4b2b8
+B+: 0x7f1a47c4b2c0 0x7f1a47c4b2c8
+B+: 0x7f1a47c4b2c9 0x7f1a47c4b2d6
+B+: 0x7f1a47c4b2d7 0x7f1a47c4b2e2
+B+: 0x7f1a47c4b2e3 0x7f1a47c4b2e7
+B+: 0x7f1a47c4b2e8 0x7f1a47c4b2f0
+B+: 0x7f1a47c4b300 0x7f1a47c4b304
+B+: 0x7f1a47c4b350 0x7f1a47c4b373
+B+: 0x7f1a47c4b374 0x7f1a47c4b37c
+B+: 0x7f1a47c4b37d 0x7f1a47c4b385
+B+: 0x7f1a47c4b3c0 0x7f1a47c4b3ec
+B+: 0x7f1a47c4b3ed 0x7f1a47c4b3f2
+B+: 0x7f1a47c4b3f3 0x7f1a47c4b404
+B+: 0x7f1a47c4b405 0x7f1a47c4b40d
+B+: 0x7f1a47c4b40e 0x7f1a47c4b41c
+B+: 0x7f1a47c4b424 0x7f1a47c4b42c
+CND+ 0x7f1a47c4b00e: taken
+CND+ 0x7f1a47c4b126: taken
+CND+ 0x7f1a47c4b12b: not taken
+CND+ 0x7f1a47c4b131: not taken
+CND+ 0x7f1a47c4b136: not taken
+CND+ 0x7f1a47c4b14d: not taken
+CND+ 0x7f1a47c4b1b6: not taken
+CND+ 0x7f1a47c4b1c4: not taken
+CND+ 0x7f1a47c4b1c9: not taken
+CND+ 0x7f1a47c4b261: taken
+CND+ 0x7f1a47c4b2a2: taken
+CND+ 0x7f1a47c4b2c7: not taken
+CND+ 0x7f1a47c4b2d5: not taken
+CND+ 0x7f1a47c4b3f1: not taken
+CND+ 0x7f1a47c4b40c: not taken
@0x7f1a47c4b026 to 0x7f1a4bc3a500 7
@0x7f1a47c4b030 to 0x7f1a47c4b036 1
@0x7f1a47c4b040 to 0x7f1a47c4b046 1
@0x7f1a47c4b050 to 0x7f1a47c4b056 1
@0x7f1a47c4b090 to 0x7f1a47c4b096 1
@0x7f1a47c4b0b0 to 0x7f1a47c4b0b6 1
@0x7f1a47c4b0c0 to 0x7f1a47c4b0c6 1
@0x7f1a47c4b0d0 to 0x7f1a47c4b0d6 1
@0x7f1a47c4b0e0 to 0x7f1a4a7a01c0 1
@0x7f1a47c4b244 to 0x7f1a4a789fb0 1
@0x7f1a47c4b401 to 0x7f1a47c4b300 1
