MODULE_NAME: /usr/bin/gs
MODULE_START: 0x7fd017255000
+B+: 0x7fd017256000 0x7fd01725600f
+B+: 0x7fd017256012 0x7fd017256016
+B+: 0x7fd017256020 0x7fd01725602b
+B+: 0x7fd017256030 0x7fd017256035
+B+: 0x7fd017256036 0x7fd01725603f
+B+: 0x7fd017256040 0x7fd017256045
+B+: 0x7fd017256046 0x7fd01725604f
+B+: 0x7fd017256050 0x7fd017256055
+B+: 0x7fd017256056 0x7fd01725605f
+B+: 0x7fd017256090 0x7fd017256095
+B+: 0x7fd017256096 0x7fd01725609f
+B+: 0x7fd0172560b0 0x7fd0172560b5
+B+: 0x7fd0172560b6 0x7fd0172560bf
+B+: 0x7fd0172560c0 0x7fd0172560c5
+B+: 0x7fd0172560c6 0x7fd0172560cf
+B+: 0x7fd0172560d0 0x7fd0172560d5
+B+: 0x7fd0172560d6 0x7fd0172560df
+B+: 0x7fd0172560e0 0x7fd0172560e5
+B+: 0x7fd0172560f0 0x7fd017256121
+B+: 0x7fd017256122 0x7fd017256127
+B+: 0x7fd017256128 0x7fd017256130
+B+: 0x7fd017256131 0x7fd017256132
+B+: 0x7fd017256133 0x7fd017256137
+B+: 0x7fd017256138 0x7fd017256152
+B+: 0x7fd017256153 0x7fd01725615b
+B+: 0x7fd017256184 0x7fd0172561a2
+B+: 0x7fd0172561a3 0x7fd0172561b1
+B+: 0x7fd0172561b2 0x7fd0172561b7
+B+: 0x7fd0172561b8 0x7fd0172561c1
+B+: 0x7fd0172561c2 0x7fd0172561c5
+B+: 0x7fd0172561c6 0x7fd0172561ca
+B+: 0x7fd0172561cb 0x7fd0172561d6
+B+: 0x7fd0172561d7 0x7fd0172561db
+B+: 0x7fd017256220 0x7fd017256249
+B+: 0x7fd017256250 0x7fd017256262
+B+: 0x7fd017256278 0x7fd017256278
+B+: 0x7fd017256280 0x7fd0172562a3
+B+: 0x7fd0172562b8 0x7fd0172562b8
+B+: 0x7fd0172562c0 0x7fd0172562c8
+B+: 0x7fd0172562c9 0x7fd0172562d6
+B+: 0x7fd0172562d7 0x7fd0172562e2
+B+: 0x7fd0172562e3 0x7fd0172562e7
+B+: 0x7fd0172562e8 0x7fd0172562f0
+B+: 0x7fd017256300 0x7fd017256304
+B+: 0x7fd017256350 0x7fd017256373
+B+: 0x7fd017256374 0x7fd01725637c
+B+: 0x7fd01725637d 0x7fd017256385
+B+: 0x7fd0172563c0 0x7fd0172563ec
+B+: 0x7fd0172563ed 0x7fd0172563f2
+B+: 0x7fd0172563f3 0x7fd017256404
+B+: 0x7fd017256405 0x7fd01725640d
+B+: 0x7fd01725640e 0x7fd01725641c
+B+: 0x7fd017256424 0x7fd01725642c
+CND+ 0x7fd01725600e: taken
+CND+ 0x7fd017256126: taken
+CND+ 0x7fd01725612b: not taken
+CND+ 0x7fd017256131: not taken
+CND+ 0x7fd017256136: not taken
+CND+ 0x7fd01725614d: not taken
+CND+ 0x7fd0172561b6: not taken
+CND+ 0x7fd0172561c4: not taken
+CND+ 0x7fd0172561c9: not taken
+CND+ 0x7fd017256261: taken
+CND+ 0x7fd0172562a2: taken
+CND+ 0x7fd0172562c7: not taken
+CND+ 0x7fd0172562d5: not taken
+CND+ 0x7fd0172563f1: not taken
+CND+ 0x7fd01725640c: not taken
@0x7fd017256026 to 0x7fd01b245500 7
@0x7fd017256030 to 0x7fd017256036 1
@0x7fd017256040 to 0x7fd017256046 1
@0x7fd017256050 to 0x7fd017256056 1
@0x7fd017256090 to 0x7fd017256096 1
@0x7fd0172560b0 to 0x7fd0172560b6 1
@0x7fd0172560c0 to 0x7fd0172560c6 1
@0x7fd0172560d0 to 0x7fd0172560d6 1
@0x7fd0172560e0 to 0x7fd019dab1c0 1
@0x7fd017256244 to 0x7fd019d94fb0 1
@0x7fd017256401 to 0x7fd017256300 1
