MODULE_NAME: /usr/bin/gs
MODULE_START: 0x7f53b40ea000
+B+: 0x7f53b40eb000 0x7f53b40eb00f
+B+: 0x7f53b40eb012 0x7f53b40eb016
+B+: 0x7f53b40eb020 0x7f53b40eb02b
+B+: 0x7f53b40eb030 0x7f53b40eb035
+B+: 0x7f53b40eb036 0x7f53b40eb03f
+B+: 0x7f53b40eb040 0x7f53b40eb045
+B+: 0x7f53b40eb046 0x7f53b40eb04f
+B+: 0x7f53b40eb050 0x7f53b40eb055
+B+: 0x7f53b40eb056 0x7f53b40eb05f
+B+: 0x7f53b40eb090 0x7f53b40eb095
+B+: 0x7f53b40eb096 0x7f53b40eb09f
+B+: 0x7f53b40eb0b0 0x7f53b40eb0b5
+B+: 0x7f53b40eb0b6 0x7f53b40eb0bf
+B+: 0x7f53b40eb0c0 0x7f53b40eb0c5
+B+: 0x7f53b40eb0c6 0x7f53b40eb0cf
+B+: 0x7f53b40eb0d0 0x7f53b40eb0d5
+B+: 0x7f53b40eb0d6 0x7f53b40eb0df
+B+: 0x7f53b40eb0e0 0x7f53b40eb0e5
+B+: 0x7f53b40eb0f0 0x7f53b40eb121
+B+: 0x7f53b40eb122 0x7f53b40eb127
+B+: 0x7f53b40eb128 0x7f53b40eb130
+B+: 0x7f53b40eb131 0x7f53b40eb132
+B+: 0x7f53b40eb133 0x7f53b40eb137
+B+: 0x7f53b40eb138 0x7f53b40eb152
+B+: 0x7f53b40eb153 0x7f53b40eb15b
+B+: 0x7f53b40eb184 0x7f53b40eb1a2
+B+: 0x7f53b40eb1a3 0x7f53b40eb1b1
+B+: 0x7f53b40eb1b2 0x7f53b40eb1b7
+B+: 0x7f53b40eb1b8 0x7f53b40eb1c1
+B+: 0x7f53b40eb1c2 0x7f53b40eb1c5
+B+: 0x7f53b40eb1c6 0x7f53b40eb1ca
+B+: 0x7f53b40eb1cb 0x7f53b40eb1d6
+B+: 0x7f53b40eb1d7 0x7f53b40eb1db
+B+: 0x7f53b40eb220 0x7f53b40eb249
+B+: 0x7f53b40eb250 0x7f53b40eb262
+B+: 0x7f53b40eb278 0x7f53b40eb278
+B+: 0x7f53b40eb280 0x7f53b40eb2a3
+B+: 0x7f53b40eb2b8 0x7f53b40eb2b8
+B+: 0x7f53b40eb2c0 0x7f53b40eb2c8
+B+: 0x7f53b40eb2c9 0x7f53b40eb2d6
+B+: 0x7f53b40eb2d7 0x7f53b40eb2e2
+B+: 0x7f53b40eb2e3 0x7f53b40eb2e7
+B+: 0x7f53b40eb2e8 0x7f53b40eb2f0
+B+: 0x7f53b40eb300 0x7f53b40eb304
+B+: 0x7f53b40eb350 0x7f53b40eb373
+B+: 0x7f53b40eb374 0x7f53b40eb37c
+B+: 0x7f53b40eb37d 0x7f53b40eb385
+B+: 0x7f53b40eb3c0 0x7f53b40eb3ec
+B+: 0x7f53b40eb3ed 0x7f53b40eb3f2
+B+: 0x7f53b40eb3f3 0x7f53b40eb404
+B+: 0x7f53b40eb405 0x7f53b40eb40d
+B+: 0x7f53b40eb40e 0x7f53b40eb41c
+B+: 0x7f53b40eb424 0x7f53b40eb42c
+CND+ 0x7f53b40eb00e: taken
+CND+ 0x7f53b40eb126: taken
+CND+ 0x7f53b40eb12b: not taken
+CND+ 0x7f53b40eb131: not taken
+CND+ 0x7f53b40eb136: not taken
+CND+ 0x7f53b40eb14d: not taken
+CND+ 0x7f53b40eb1b6: not taken
+CND+ 0x7f53b40eb1c4: not taken
+CND+ 0x7f53b40eb1c9: not taken
+CND+ 0x7f53b40eb261: taken
+CND+ 0x7f53b40eb2a2: taken
+CND+ 0x7f53b40eb2c7: not taken
+CND+ 0x7f53b40eb2d5: not taken
+CND+ 0x7f53b40eb3f1: not taken
+CND+ 0x7f53b40eb40c: not taken
@0x7f53b40eb401 to 0x7f53b40eb300 1
@0x7f53b40eb026 to 0x7f53b80da500 7
@0x7f53b40eb030 to 0x7f53b40eb036 1
@0x7f53b40eb040 to 0x7f53b40eb046 1
@0x7f53b40eb050 to 0x7f53b40eb056 1
@0x7f53b40eb090 to 0x7f53b40eb096 1
@0x7f53b40eb0b0 to 0x7f53b40eb0b6 1
@0x7f53b40eb0c0 to 0x7f53b40eb0c6 1
@0x7f53b40eb0d0 to 0x7f53b40eb0d6 1
@0x7f53b40eb0e0 to 0x7f53b6c401c0 1
@0x7f53b40eb244 to 0x7f53b6c29fb0 1
