MODULE_NAME: /usr/bin/gs
MODULE_START: 0x7efdbc459000
+B+: 0x7efdbc45a000 0x7efdbc45a00f
+B+: 0x7efdbc45a012 0x7efdbc45a016
+B+: 0x7efdbc45a020 0x7efdbc45a02b
+B+: 0x7efdbc45a030 0x7efdbc45a035
+B+: 0x7efdbc45a036 0x7efdbc45a03f
+B+: 0x7efdbc45a040 0x7efdbc45a045
+B+: 0x7efdbc45a046 0x7efdbc45a04f
+B+: 0x7efdbc45a050 0x7efdbc45a055
+B+: 0x7efdbc45a056 0x7efdbc45a05f
+B+: 0x7efdbc45a090 0x7efdbc45a095
+B+: 0x7efdbc45a096 0x7efdbc45a09f
+B+: 0x7efdbc45a0b0 0x7efdbc45a0b5
+B+: 0x7efdbc45a0b6 0x7efdbc45a0bf
+B+: 0x7efdbc45a0c0 0x7efdbc45a0c5
+B+: 0x7efdbc45a0c6 0x7efdbc45a0cf
+B+: 0x7efdbc45a0d0 0x7efdbc45a0d5
+B+: 0x7efdbc45a0d6 0x7efdbc45a0df
+B+: 0x7efdbc45a0e0 0x7efdbc45a0e5
+B+: 0x7efdbc45a0f0 0x7efdbc45a121
+B+: 0x7efdbc45a122 0x7efdbc45a127
+B+: 0x7efdbc45a128 0x7efdbc45a130
+B+: 0x7efdbc45a131 0x7efdbc45a132
+B+: 0x7efdbc45a133 0x7efdbc45a137
+B+: 0x7efdbc45a138 0x7efdbc45a152
+B+: 0x7efdbc45a153 0x7efdbc45a15b
+B+: 0x7efdbc45a184 0x7efdbc45a1a2
+B+: 0x7efdbc45a1a3 0x7efdbc45a1b1
+B+: 0x7efdbc45a1b2 0x7efdbc45a1b7
+B+: 0x7efdbc45a1b8 0x7efdbc45a1c1
+B+: 0x7efdbc45a1c2 0x7efdbc45a1c5
+B+: 0x7efdbc45a1c6 0x7efdbc45a1ca
+B+: 0x7efdbc45a1cb 0x7efdbc45a1d6
+B+: 0x7efdbc45a1d7 0x7efdbc45a1db
+B+: 0x7efdbc45a220 0x7efdbc45a249
+B+: 0x7efdbc45a250 0x7efdbc45a262
+B+: 0x7efdbc45a278 0x7efdbc45a278
+B+: 0x7efdbc45a280 0x7efdbc45a2a3
+B+: 0x7efdbc45a2b8 0x7efdbc45a2b8
+B+: 0x7efdbc45a2c0 0x7efdbc45a2c8
+B+: 0x7efdbc45a2c9 0x7efdbc45a2d6
+B+: 0x7efdbc45a2d7 0x7efdbc45a2e2
+B+: 0x7efdbc45a2e3 0x7efdbc45a2e7
+B+: 0x7efdbc45a2e8 0x7efdbc45a2f0
+B+: 0x7efdbc45a300 0x7efdbc45a304
+B+: 0x7efdbc45a350 0x7efdbc45a373
+B+: 0x7efdbc45a374 0x7efdbc45a37c
+B+: 0x7efdbc45a37d 0x7efdbc45a385
+B+: 0x7efdbc45a3c0 0x7efdbc45a3ec
+B+: 0x7efdbc45a3ed 0x7efdbc45a3f2
+B+: 0x7efdbc45a3f3 0x7efdbc45a404
+B+: 0x7efdbc45a405 0x7efdbc45a40d
+B+: 0x7efdbc45a40e 0x7efdbc45a41c
+B+: 0x7efdbc45a424 0x7efdbc45a42c
+CND+ 0x7efdbc45a00e: taken
+CND+ 0x7efdbc45a126: taken
+CND+ 0x7efdbc45a12b: not taken
+CND+ 0x7efdbc45a131: not taken
+CND+ 0x7efdbc45a136: not taken
+CND+ 0x7efdbc45a14d: not taken
+CND+ 0x7efdbc45a1b6: not taken
+CND+ 0x7efdbc45a1c4: not taken
+CND+ 0x7efdbc45a1c9: not taken
+CND+ 0x7efdbc45a261: taken
+CND+ 0x7efdbc45a2a2: taken
+CND+ 0x7efdbc45a2c7: not taken
+CND+ 0x7efdbc45a2d5: not taken
+CND+ 0x7efdbc45a3f1: not taken
+CND+ 0x7efdbc45a40c: not taken
@0x7efdbc45a401 to 0x7efdbc45a300 1
@0x7efdbc45a026 to 0x7efdc0449500 7
@0x7efdbc45a030 to 0x7efdbc45a036 1
@0x7efdbc45a040 to 0x7efdbc45a046 1
@0x7efdbc45a050 to 0x7efdbc45a056 1
@0x7efdbc45a090 to 0x7efdbc45a096 1
@0x7efdbc45a0b0 to 0x7efdbc45a0b6 1
@0x7efdbc45a0c0 to 0x7efdbc45a0c6 1
@0x7efdbc45a0d0 to 0x7efdbc45a0d6 1
@0x7efdbc45a0e0 to 0x7efdbefaf1c0 1
@0x7efdbc45a244 to 0x7efdbef98fb0 1
