MODULE_NAME: /usr/bin/gs
MODULE_START: 0x7f8d4dded000
+B+: 0x7f8d4ddee000 0x7f8d4ddee00f
+B+: 0x7f8d4ddee012 0x7f8d4ddee016
+B+: 0x7f8d4ddee020 0x7f8d4ddee02b
+B+: 0x7f8d4ddee030 0x7f8d4ddee035
+B+: 0x7f8d4ddee036 0x7f8d4ddee03f
+B+: 0x7f8d4ddee040 0x7f8d4ddee045
+B+: 0x7f8d4ddee046 0x7f8d4ddee04f
+B+: 0x7f8d4ddee050 0x7f8d4ddee055
+B+: 0x7f8d4ddee056 0x7f8d4ddee05f
+B+: 0x7f8d4ddee090 0x7f8d4ddee095
+B+: 0x7f8d4ddee096 0x7f8d4ddee09f
+B+: 0x7f8d4ddee0b0 0x7f8d4ddee0b5
+B+: 0x7f8d4ddee0b6 0x7f8d4ddee0bf
+B+: 0x7f8d4ddee0c0 0x7f8d4ddee0c5
+B+: 0x7f8d4ddee0c6 0x7f8d4ddee0cf
+B+: 0x7f8d4ddee0d0 0x7f8d4ddee0d5
+B+: 0x7f8d4ddee0d6 0x7f8d4ddee0df
+B+: 0x7f8d4ddee0e0 0x7f8d4ddee0e5
+B+: 0x7f8d4ddee0f0 0x7f8d4ddee121
+B+: 0x7f8d4ddee122 0x7f8d4ddee127
+B+: 0x7f8d4ddee128 0x7f8d4ddee130
+B+: 0x7f8d4ddee131 0x7f8d4ddee132
+B+: 0x7f8d4ddee133 0x7f8d4ddee137
+B+: 0x7f8d4ddee138 0x7f8d4ddee152
+B+: 0x7f8d4ddee153 0x7f8d4ddee15b
+B+: 0x7f8d4ddee184 0x7f8d4ddee1a2
+B+: 0x7f8d4ddee1a3 0x7f8d4ddee1b1
+B+: 0x7f8d4ddee1b2 0x7f8d4ddee1b7
+B+: 0x7f8d4ddee1b8 0x7f8d4ddee1c1
+B+: 0x7f8d4ddee1c2 0x7f8d4ddee1c5
+B+: 0x7f8d4ddee1c6 0x7f8d4ddee1ca
+B+: 0x7f8d4ddee1cb 0x7f8d4ddee1d6
+B+: 0x7f8d4ddee1d7 0x7f8d4ddee1db
+B+: 0x7f8d4ddee220 0x7f8d4ddee249
+B+: 0x7f8d4ddee250 0x7f8d4ddee262
+B+: 0x7f8d4ddee278 0x7f8d4ddee278
+B+: 0x7f8d4ddee280 0x7f8d4ddee2a3
+B+: 0x7f8d4ddee2b8 0x7f8d4ddee2b8
+B+: 0x7f8d4ddee2c0 0x7f8d4ddee2c8
+B+: 0x7f8d4ddee2c9 0x7f8d4ddee2d6
+B+: 0x7f8d4ddee2d7 0x7f8d4ddee2e2
+B+: 0x7f8d4ddee2e3 0x7f8d4ddee2e7
+B+: 0x7f8d4ddee2e8 0x7f8d4ddee2f0
+B+: 0x7f8d4ddee300 0x7f8d4ddee304
+B+: 0x7f8d4ddee350 0x7f8d4ddee373
+B+: 0x7f8d4ddee374 0x7f8d4ddee37c
+B+: 0x7f8d4ddee37d 0x7f8d4ddee385
+B+: 0x7f8d4ddee3c0 0x7f8d4ddee3ec
+B+: 0x7f8d4ddee3ed 0x7f8d4ddee3f2
+B+: 0x7f8d4ddee3f3 0x7f8d4ddee404
+B+: 0x7f8d4ddee405 0x7f8d4ddee40d
+B+: 0x7f8d4ddee40e 0x7f8d4ddee41c
+B+: 0x7f8d4ddee424 0x7f8d4ddee42c
+CND+ 0x7f8d4ddee00e: taken
+CND+ 0x7f8d4ddee126: taken
+CND+ 0x7f8d4ddee12b: not taken
+CND+ 0x7f8d4ddee131: not taken
+CND+ 0x7f8d4ddee136: not taken
+CND+ 0x7f8d4ddee14d: not taken
+CND+ 0x7f8d4ddee1b6: not taken
+CND+ 0x7f8d4ddee1c4: not taken
+CND+ 0x7f8d4ddee1c9: not taken
+CND+ 0x7f8d4ddee261: taken
+CND+ 0x7f8d4ddee2a2: taken
+CND+ 0x7f8d4ddee2c7: not taken
+CND+ 0x7f8d4ddee2d5: not taken
+CND+ 0x7f8d4ddee3f1: not taken
+CND+ 0x7f8d4ddee40c: not taken
@0x7f8d4ddee401 to 0x7f8d4ddee300 1
@0x7f8d4ddee026 to 0x7f8d51ddd500 7
@0x7f8d4ddee030 to 0x7f8d4ddee036 1
@0x7f8d4ddee040 to 0x7f8d4ddee046 1
@0x7f8d4ddee050 to 0x7f8d4ddee056 1
@0x7f8d4ddee090 to 0x7f8d4ddee096 1
@0x7f8d4ddee0b0 to 0x7f8d4ddee0b6 1
@0x7f8d4ddee0c0 to 0x7f8d4ddee0c6 1
@0x7f8d4ddee0d0 to 0x7f8d4ddee0d6 1
@0x7f8d4ddee0e0 to 0x7f8d509431c0 1
@0x7f8d4ddee244 to 0x7f8d5092cfb0 1
