MODULE_NAME: /usr/bin/gs
MODULE_START: 0x7f7ba513b000
+B+: 0x7f7ba513c000 0x7f7ba513c00f
+B+: 0x7f7ba513c012 0x7f7ba513c016
+B+: 0x7f7ba513c020 0x7f7ba513c02b
+B+: 0x7f7ba513c030 0x7f7ba513c035
+B+: 0x7f7ba513c036 0x7f7ba513c03f
+B+: 0x7f7ba513c040 0x7f7ba513c045
+B+: 0x7f7ba513c046 0x7f7ba513c04f
+B+: 0x7f7ba513c050 0x7f7ba513c055
+B+: 0x7f7ba513c056 0x7f7ba513c05f
+B+: 0x7f7ba513c0b0 0x7f7ba513c0b5
+B+: 0x7f7ba513c0b6 0x7f7ba513c0bf
+B+: 0x7f7ba513c0c0 0x7f7ba513c0c5
+B+: 0x7f7ba513c0c6 0x7f7ba513c0cf
+B+: 0x7f7ba513c0e0 0x7f7ba513c0e5
+B+: 0x7f7ba513c0f0 0x7f7ba513c121
+B+: 0x7f7ba513c122 0x7f7ba513c127
+B+: 0x7f7ba513c128 0x7f7ba513c130
+B+: 0x7f7ba513c131 0x7f7ba513c132
+B+: 0x7f7ba513c133 0x7f7ba513c137
+B+: 0x7f7ba513c13d 0x7f7ba513c152
+B+: 0x7f7ba513c153 0x7f7ba513c15b
+B+: 0x7f7ba513c178 0x7f7ba513c183
+B+: 0x7f7ba513c184 0x7f7ba513c1a2
+B+: 0x7f7ba513c1a3 0x7f7ba513c1b1
+B+: 0x7f7ba513c1b2 0x7f7ba513c1b7
+B+: 0x7f7ba513c1b8 0x7f7ba513c1c1
+B+: 0x7f7ba513c1c2 0x7f7ba513c1c5
+B+: 0x7f7ba513c1c6 0x7f7ba513c1ca
+B+: 0x7f7ba513c1cb 0x7f7ba513c1d6
+B+: 0x7f7ba513c1d7 0x7f7ba513c1db
+B+: 0x7f7ba513c1dc 0x7f7ba513c1e0
+B+: 0x7f7ba513c213 0x7f7ba513c216
+B+: 0x7f7ba513c220 0x7f7ba513c249
+B+: 0x7f7ba513c250 0x7f7ba513c262
+B+: 0x7f7ba513c278 0x7f7ba513c278
+B+: 0x7f7ba513c280 0x7f7ba513c2a3
+B+: 0x7f7ba513c2b8 0x7f7ba513c2b8
+B+: 0x7f7ba513c2c0 0x7f7ba513c2c8
+B+: 0x7f7ba513c2c9 0x7f7ba513c2d6
+B+: 0x7f7ba513c2d7 0x7f7ba513c2e2
+B+: 0x7f7ba513c2e3 0x7f7ba513c2e7
+B+: 0x7f7ba513c2e8 0x7f7ba513c2f0
+B+: 0x7f7ba513c300 0x7f7ba513c304
+B+: 0x7f7ba513c3c0 0x7f7ba513c3ec
+B+: 0x7f7ba513c3ed 0x7f7ba513c3f2
+B+: 0x7f7ba513c3f3 0x7f7ba513c404
+B+: 0x7f7ba513c405 0x7f7ba513c40d
+B+: 0x7f7ba513c40e 0x7f7ba513c41c
+B+: 0x7f7ba513c424 0x7f7ba513c42c
+CND+ 0x7f7ba513c00e: taken
+CND+ 0x7f7ba513c126: taken
+CND+ 0x7f7ba513c12b: not taken
+CND+ 0x7f7ba513c131: not taken
+CND+ 0x7f7ba513c136: taken
+CND+ 0x7f7ba513c14d: not taken
+CND+ 0x7f7ba513c1b6: not taken
+CND+ 0x7f7ba513c1c4: not taken
+CND+ 0x7f7ba513c1c9: taken
+CND+ 0x7f7ba513c1df: taken
+CND+ 0x7f7ba513c261: taken
+CND+ 0x7f7ba513c2a2: taken
+CND+ 0x7f7ba513c2c7: not taken
+CND+ 0x7f7ba513c2d5: not taken
+CND+ 0x7f7ba513c3f1: not taken
+CND+ 0x7f7ba513c40c: not taken
@0x7f7ba513c244 to 0x7f7ba7c7afb0 1
@0x7f7ba513c401 to 0x7f7ba513c300 1
@0x7f7ba513c026 to 0x7f7ba912b500 5
@0x7f7ba513c030 to 0x7f7ba513c036 1
@0x7f7ba513c040 to 0x7f7ba513c046 1
@0x7f7ba513c050 to 0x7f7ba513c056 1
@0x7f7ba513c0b0 to 0x7f7ba513c0b6 1
@0x7f7ba513c0c0 to 0x7f7ba513c0c6 1
@0x7f7ba513c0e0 to 0x7f7ba7c911c0 1
