MODULE_NAME: /bin/dash
MODULE_START: 0x7f86bd9c6000
+B+: 0x7f86bd9ca000 0x7f86bd9ca00f
+B+: 0x7f86bd9ca012 0x7f86bd9ca016
+B+: 0x7f86bd9ca050 0x7f86bd9ca055
+B+: 0x7f86bd9ca080 0x7f86bd9ca085
+B+: 0x7f86bd9ca090 0x7f86bd9ca095
+B+: 0x7f86bd9ca0a0 0x7f86bd9ca0a5
+B+: 0x7f86bd9ca0d0 0x7f86bd9ca0d5
+B+: 0x7f86bd9ca0f0 0x7f86bd9ca0f5
+B+: 0x7f86bd9ca130 0x7f86bd9ca135
+B+: 0x7f86bd9ca140 0x7f86bd9ca145
+B+: 0x7f86bd9ca150 0x7f86bd9ca155
+B+: 0x7f86bd9ca160 0x7f86bd9ca165
+B+: 0x7f86bd9ca190 0x7f86bd9ca195
+B+: 0x7f86bd9ca1c0 0x7f86bd9ca1c5
+B+: 0x7f86bd9ca1e0 0x7f86bd9ca1e5
+B+: 0x7f86bd9ca220 0x7f86bd9ca225
+B+: 0x7f86bd9ca230 0x7f86bd9ca235
+B+: 0x7f86bd9ca280 0x7f86bd9ca285
+B+: 0x7f86bd9ca2a0 0x7f86bd9ca2a5
+B+: 0x7f86bd9ca2d0 0x7f86bd9ca2d5
+B+: 0x7f86bd9ca320 0x7f86bd9ca325
+B+: 0x7f86bd9ca330 0x7f86bd9ca335
+B+: 0x7f86bd9ca350 0x7f86bd9ca355
+B+: 0x7f86bd9ca370 0x7f86bd9ca375
+B+: 0x7f86bd9ca390 0x7f86bd9ca395
+B+: 0x7f86bd9ca3b0 0x7f86bd9ca3b5
+B+: 0x7f86bd9ca3c0 0x7f86bd9ca3c5
+B+: 0x7f86bd9ca3e0 0x7f86bd9ca3e5
+B+: 0x7f86bd9ca410 0x7f86bd9ca415
+B+: 0x7f86bd9ca460 0x7f86bd9ca465
+B+: 0x7f86bd9ca510 0x7f86bd9ca515
+B+: 0x7f86bd9ca560 0x7f86bd9ca565
+B+: 0x7f86bd9ca570 0x7f86bd9ca575
+B+: 0x7f86bd9ca590 0x7f86bd9ca5b8
+B+: 0x7f86bd9ca5b9 0x7f86bd9ca5c4
+B+: 0x7f86bd9ca5c5 0x7f86bd9ca5cf
+B+: 0x7f86bd9ca5d0 0x7f86bd9ca5e7
+B+: 0x7f86bd9ca5e8 0x7f86bd9ca5ef
+B+: 0x7f86bd9ca5f0 0x7f86bd9ca600
+B+: 0x7f86bd9ca601 0x7f86bd9ca60b
+B+: 0x7f86bd9ca60c 0x7f86bd9ca615
+B+: 0x7f86bd9ca616 0x7f86bd9ca623
+B+: 0x7f86bd9ca624 0x7f86bd9ca62b
+B+: 0x7f86bd9ca62c 0x7f86bd9ca63c
+B+: 0x7f86bd9ca657 0x7f86bd9ca660
+B+: 0x7f86bd9ca661 0x7f86bd9ca678
+B+: 0x7f86bd9ca679 0x7f86bd9ca67f
+B+: 0x7f86bd9ca680 0x7f86bd9ca68c
+B+: 0x7f86bd9ca68d 0x7f86bd9ca696
+B+: 0x7f86bd9ca697 0x7f86bd9ca69b
+B+: 0x7f86bd9ca760 0x7f86bd9ca789
+B+: 0x7f86bd9ca7c0 0x7f86bd9ca7e3
+B+: 0x7f86bd9ca7f8 0x7f86bd9ca7f8
+B+: 0x7f86bd9ca840 0x7f86bd9ca844
+B+: 0x7f86bd9ca850 0x7f86bd9ca863
+B+: 0x7f86bd9ca864 0x7f86bd9ca86f
+B+: 0x7f86bd9ca870 0x7f86bd9ca87d
+B+: 0x7f86bd9ca87e 0x7f86bd9ca8aa
+B+: 0x7f86bd9ca8ab 0x7f86bd9ca8ac
+B+: 0x7f86bd9ca8cb 0x7f86bd9ca8d2
+B+: 0x7f86bd9caa50 0x7f86bd9caa57
+B+: 0x7f86bd9caa58 0x7f86bd9caa5e
+B+: 0x7f86bd9caa5f 0x7f86bd9caa63
+B+: 0x7f86bd9caa71 0x7f86bd9caa72
+B+: 0x7f86bd9cb6d0 0x7f86bd9cb6eb
+B+: 0x7f86bd9cb6ec 0x7f86bd9cb705
+B+: 0x7f86bd9cb717 0x7f86bd9cb71b
+B+: 0x7f86bd9cb71c 0x7f86bd9cb720
+B+: 0x7f86bd9cb72c 0x7f86bd9cb730
+B+: 0x7f86bd9cb73e 0x7f86bd9cb74d
+B+: 0x7f86bd9cb74e 0x7f86bd9cb757
+B+: 0x7f86bd9cb758 0x7f86bd9cb775
+B+: 0x7f86bd9cb780 0x7f86bd9cb788
+B+: 0x7f86bd9cb789 0x7f86bd9cb790
+B+: 0x7f86bd9cb791 0x7f86bd9cb79c
+B+: 0x7f86bd9cc060 0x7f86bd9cc07e
+B+: 0x7f86bd9cc10d 0x7f86bd9cc11c
+B+: 0x7f86bd9cc11d 0x7f86bd9cc123
+B+: 0x7f86bd9cc140 0x7f86bd9cc14a
+B+: 0x7f86bd9cc14b 0x7f86bd9cc152
+B+: 0x7f86bd9cc153 0x7f86bd9cc15d
+B+: 0x7f86bd9cc15e 0x7f86bd9cc16f
+B+: 0x7f86bd9cc188 0x7f86bd9cc18c
+B+: 0x7f86bd9cc18d 0x7f86bd9cc191
+B+: 0x7f86bd9cc192 0x7f86bd9cc19c
+B+: 0x7f86bd9cc1a7 0x7f86bd9cc1ad
+B+: 0x7f86bd9cc1ae 0x7f86bd9cc1b5
+B+: 0x7f86bd9cc1c0 0x7f86bd9cc1cf
+B+: 0x7f86bd9ccbc0 0x7f86bd9ccbfa
+B+: 0x7f86bd9ccbfb 0x7f86bd9ccc07
+B+: 0x7f86bd9ccc08 0x7f86bd9ccc0f
+B+: 0x7f86bd9ccc10 0x7f86bd9ccc11
+B+: 0x7f86bd9ccc18 0x7f86bd9ccc21
+B+: 0x7f86bd9ccc22 0x7f86bd9ccc2e
+B+: 0x7f86bd9ccc32 0x7f86bd9ccc39
+B+: 0x7f86bd9ccc3a 0x7f86bd9ccc49
+B+: 0x7f86bd9ccc4a 0x7f86bd9ccc51
+B+: 0x7f86bd9ccc52 0x7f86bd9ccc58
+B+: 0x7f86bd9ccc59 0x7f86bd9ccc60
+B+: 0x7f86bd9ccc61 0x7f86bd9ccc68
+B+: 0x7f86bd9ccc69 0x7f86bd9ccc6d
+B+: 0x7f86bd9ccc6e 0x7f86bd9ccc77
+B+: 0x7f86bd9ccc78 0x7f86bd9ccc89
+B+: 0x7f86bd9ccc8a 0x7f86bd9ccc98
+B+: 0x7f86bd9cce90 0x7f86bd9cced3
+B+: 0x7f86bd9ccedf 0x7f86bd9ccef5
+B+: 0x7f86bd9ccef6 0x7f86bd9ccefa
+B+: 0x7f86bd9ccefb 0x7f86bd9ccf5a
+B+: 0x7f86bd9ccf5b 0x7f86bd9ccf67
+B+: 0x7f86bd9ccf68 0x7f86bd9ccf77
+B+: 0x7f86bd9ccf78 0x7f86bd9ccf7f
+B+: 0x7f86bd9ccf80 0x7f86bd9ccf8b
+B+: 0x7f86bd9ccf8c 0x7f86bd9ccf94
+B+: 0x7f86bd9ccf95 0x7f86bd9ccf9b
+B+: 0x7f86bd9ccfa0 0x7f86bd9ccfaf
+B+: 0x7f86bd9ccfb0 0x7f86bd9ccfc5
+B+: 0x7f86bd9ccfc6 0x7f86bd9ccfcf
+B+: 0x7f86bd9ccfd0 0x7f86bd9ccfe3
+B+: 0x7f86bd9ccfe4 0x7f86bd9ccffc
+B+: 0x7f86bd9cd019 0x7f86bd9cd02b
+B+: 0x7f86bd9cd02c 0x7f86bd9cd034
+B+: 0x7f86bd9cd035 0x7f86bd9cd047
+B+: 0x7f86bd9cd048 0x7f86bd9cd05b
+B+: 0x7f86bd9cd0a8 0x7f86bd9cd0b4
+B+: 0x7f86bd9cd0b5 0x7f86bd9cd0b9
+B+: 0x7f86bd9cd0db 0x7f86bd9cd0e1
+B+: 0x7f86bd9cd0f0 0x7f86bd9cd103
+B+: 0x7f86bd9cd104 0x7f86bd9cd113
+B+: 0x7f86bd9cd114 0x7f86bd9cd11b
+B+: 0x7f86bd9cd11c 0x7f86bd9cd122
+B+: 0x7f86bd9cd123 0x7f86bd9cd152
+B+: 0x7f86bd9cd153 0x7f86bd9cd15f
+B+: 0x7f86bd9cd160 0x7f86bd9cd168
+B+: 0x7f86bd9cd216 0x7f86bd9cd21c
+B+: 0x7f86bd9cd224 0x7f86bd9cd22d
+B+: 0x7f86bd9cd22e 0x7f86bd9cd237
+B+: 0x7f86bd9cd238 0x7f86bd9cd241
+B+: 0x7f86bd9cd242 0x7f86bd9cd24b
+B+: 0x7f86bd9cd25d 0x7f86bd9cd266
+B+: 0x7f86bd9cd267 0x7f86bd9cd281
+B+: 0x7f86bd9cd282 0x7f86bd9cd293
+B+: 0x7f86bd9cd34c 0x7f86bd9cd353
+B+: 0x7f86bd9cd354 0x7f86bd9cd36f
+B+: 0x7f86bd9cd51b 0x7f86bd9cd525
+B+: 0x7f86bd9cd526 0x7f86bd9cd52e
+B+: 0x7f86bd9cd52f 0x7f86bd9cd537
+B+: 0x7f86bd9cd8d0 0x7f86bd9cd8ec
+B+: 0x7f86bd9cd8ed 0x7f86bd9cd8f1
+B+: 0x7f86bd9cd8f8 0x7f86bd9cd8fa
+B+: 0x7f86bd9cd8fb 0x7f86bd9cd907
+B+: 0x7f86bd9cd908 0x7f86bd9cd93e
+B+: 0x7f86bd9cd93f 0x7f86bd9cd940
+B+: 0x7f86bd9cd963 0x7f86bd9cd977
+B+: 0x7f86bd9cd980 0x7f86bd9cd986
+B+: 0x7f86bd9cd987 0x7f86bd9cd98e
+B+: 0x7f86bd9cd98f 0x7f86bd9cd997
+B+: 0x7f86bd9cd998 0x7f86bd9cd9ba
+B+: 0x7f86bd9cd9bb 0x7f86bd9cd9bc
+B+: 0x7f86bd9cd9c0 0x7f86bd9cd9e7
+B+: 0x7f86bd9cd9e8 0x7f86bd9cd9f7
+B+: 0x7f86bd9cda19 0x7f86bd9cda21
+B+: 0x7f86bd9cda22 0x7f86bd9cda2a
+B+: 0x7f86bd9cda2b 0x7f86bd9cda34
+B+: 0x7f86bd9cda35 0x7f86bd9cda3f
+B+: 0x7f86bd9cdad0 0x7f86bd9cdae9
+B+: 0x7f86bd9cdaea 0x7f86bd9cdb00
+B+: 0x7f86bd9cdb10 0x7f86bd9cdb1f
+B+: 0x7f86bd9cdb20 0x7f86bd9cdb2b
+B+: 0x7f86bd9cdb2c 0x7f86bd9cdb31
+B+: 0x7f86bd9cdb32 0x7f86bd9cdb41
+B+: 0x7f86bd9cdb56 0x7f86bd9cdb61
+B+: 0x7f86bd9cdb62 0x7f86bd9cdb6f
+B+: 0x7f86bd9cdb70 0x7f86bd9cdb85
+B+: 0x7f86bd9cdb86 0x7f86bd9cdb97
+B+: 0x7f86bd9cdb98 0x7f86bd9cdbc0
+B+: 0x7f86bd9cdbc8 0x7f86bd9cdbcc
+B+: 0x7f86bd9cdbcd 0x7f86bd9cdbea
+B+: 0x7f86bd9cdd70 0x7f86bd9cdd98
+B+: 0x7f86bd9cdda0 0x7f86bd9cdda1
+B+: 0x7f86bd9cdda2 0x7f86bd9cddaa
+B+: 0x7f86bd9cddab 0x7f86bd9cddc5
+B+: 0x7f86bd9cddc6 0x7f86bd9cddc9
+B+: 0x7f86bd9cddca 0x7f86bd9cddd1
+B+: 0x7f86bd9cddd2 0x7f86bd9cdde6
+B+: 0x7f86bd9cddf0 0x7f86bd9cde2a
+B+: 0x7f86bd9cde2b 0x7f86bd9cde2f
+B+: 0x7f86bd9cde46 0x7f86bd9cde5c
+B+: 0x7f86bd9cde5d 0x7f86bd9cde6e
+B+: 0x7f86bd9cde90 0x7f86bd9cdead
+B+: 0x7f86bd9cdec8 0x7f86bd9cded1
+B+: 0x7f86bd9cded2 0x7f86bd9cdedd
+B+: 0x7f86bd9cdf6c 0x7f86bd9cdf8f
+B+: 0x7f86bd9cdf90 0x7f86bd9cdf9c
+B+: 0x7f86bd9cdf9d 0x7f86bd9cdfa8
+B+: 0x7f86bd9cdfa9 0x7f86bd9cdfb0
+B+: 0x7f86bd9cdfb1 0x7f86bd9cdfc5
+B+: 0x7f86bd9ce008 0x7f86bd9ce012
+B+: 0x7f86bd9ce013 0x7f86bd9ce01e
+B+: 0x7f86bd9ce01f 0x7f86bd9ce02e
+B+: 0x7f86bd9ce060 0x7f86bd9ce066
+B+: 0x7f86bd9ce067 0x7f86bd9ce074
+B+: 0x7f86bd9ce075 0x7f86bd9ce086
+B+: 0x7f86bd9ce087 0x7f86bd9ce08e
+B+: 0x7f86bd9ce08f 0x7f86bd9ce0a2
+B+: 0x7f86bd9ce0a3 0x7f86bd9ce0b0
+B+: 0x7f86bd9ce100 0x7f86bd9ce116
+B+: 0x7f86bd9ce145 0x7f86bd9ce14d
+B+: 0x7f86bd9ce14e 0x7f86bd9ce157
+B+: 0x7f86bd9ce160 0x7f86bd9ce166
+B+: 0x7f86bd9ce1c0 0x7f86bd9ce1d1
+B+: 0x7f86bd9ce1e8 0x7f86bd9ce1ef
+B+: 0x7f86bd9ce248 0x7f86bd9ce25b
+B+: 0x7f86bd9ce25c 0x7f86bd9ce271
+B+: 0x7f86bd9ce7d0 0x7f86bd9ce7ff
+B+: 0x7f86bd9ce80f 0x7f86bd9ce812
+B+: 0x7f86bd9ce813 0x7f86bd9ce81c
+B+: 0x7f86bd9ce81d 0x7f86bd9ce820
+B+: 0x7f86bd9ce821 0x7f86bd9ce82f
+B+: 0x7f86bd9ce830 0x7f86bd9ce83a
+B+: 0x7f86bd9ce84f 0x7f86bd9ce85a
+B+: 0x7f86bd9ce85f 0x7f86bd9ce862
+B+: 0x7f86bd9ce870 0x7f86bd9ce877
+B+: 0x7f86bd9ce878 0x7f86bd9ce88d
+B+: 0x7f86bd9cf440 0x7f86bd9cf464
+B+: 0x7f86bd9cf61e 0x7f86bd9cf627
+B+: 0x7f86bd9cf628 0x7f86bd9cf631
+B+: 0x7f86bd9cf632 0x7f86bd9cf659
+B+: 0x7f86bd9cf6af 0x7f86bd9cf6bc
+B+: 0x7f86bd9cf6c0 0x7f86bd9cf6cb
+B+: 0x7f86bd9cf730 0x7f86bd9cf73b
+B+: 0x7f86bd9cf740 0x7f86bd9cf75e
+B+: 0x7f86bd9cf75f 0x7f86bd9cf767
+B+: 0x7f86bd9cf7d2 0x7f86bd9cf7e3
+B+: 0x7f86bd9cf8a0 0x7f86bd9cf8a7
+B+: 0x7f86bd9d0260 0x7f86bd9d02a5
+B+: 0x7f86bd9d02b5 0x7f86bd9d02be
+B+: 0x7f86bd9d02bf 0x7f86bd9d02d2
+B+: 0x7f86bd9d02d3 0x7f86bd9d02fc
+B+: 0x7f86bd9d02fd 0x7f86bd9d0310
+B+: 0x7f86bd9d0324 0x7f86bd9d0328
+B+: 0x7f86bd9d0336 0x7f86bd9d033f
+B+: 0x7f86bd9d0340 0x7f86bd9d0344
+B+: 0x7f86bd9d0370 0x7f86bd9d0386
+B+: 0x7f86bd9d0387 0x7f86bd9d0398
+B+: 0x7f86bd9d03a0 0x7f86bd9d03b6
+B+: 0x7f86bd9d03b7 0x7f86bd9d03d7
+B+: 0x7f86bd9d03dd 0x7f86bd9d03ec
+B+: 0x7f86bd9d0850 0x7f86bd9d0886
+B+: 0x7f86bd9d0887 0x7f86bd9d089a
+B+: 0x7f86bd9d089b 0x7f86bd9d08ad
+B+: 0x7f86bd9d08ae 0x7f86bd9d08c4
+B+: 0x7f86bd9d08c5 0x7f86bd9d08d7
+B+: 0x7f86bd9d08d8 0x7f86bd9d08e7
+B+: 0x7f86bd9d08e8 0x7f86bd9d090c
+B+: 0x7f86bd9d090d 0x7f86bd9d0915
+B+: 0x7f86bd9d0924 0x7f86bd9d0933
+B+: 0x7f86bd9d0934 0x7f86bd9d0947
+B+: 0x7f86bd9d0948 0x7f86bd9d0954
+B+: 0x7f86bd9d0955 0x7f86bd9d095f
+B+: 0x7f86bd9d0960 0x7f86bd9d0964
+B+: 0x7f86bd9d0a6a 0x7f86bd9d0a7c
+B+: 0x7f86bd9d0a7d 0x7f86bd9d0a9c
+B+: 0x7f86bd9d0ba0 0x7f86bd9d0bad
+B+: 0x7f86bd9d0bae 0x7f86bd9d0be1
+B+: 0x7f86bd9d0bf0 0x7f86bd9d0bfb
+B+: 0x7f86bd9d0db0 0x7f86bd9d0dbd
+B+: 0x7f86bd9d0dbe 0x7f86bd9d0dca
+B+: 0x7f86bd9d0dcb 0x7f86bd9d0de3
+B+: 0x7f86bd9d0de8 0x7f86bd9d0df4
+B+: 0x7f86bd9d0df8 0x7f86bd9d0e04
+B+: 0x7f86bd9d0e05 0x7f86bd9d0e12
+B+: 0x7f86bd9d0e13 0x7f86bd9d0e1d
+B+: 0x7f86bd9d0eb4 0x7f86bd9d0ec1
+B+: 0x7f86bd9d1160 0x7f86bd9d1174
+B+: 0x7f86bd9d1175 0x7f86bd9d1187
+B+: 0x7f86bd9d1188 0x7f86bd9d11a2
+B+: 0x7f86bd9d11a3 0x7f86bd9d11ac
+B+: 0x7f86bd9d11ad 0x7f86bd9d11b3
+B+: 0x7f86bd9d11d0 0x7f86bd9d11e5
+B+: 0x7f86bd9d11eb 0x7f86bd9d11f3
+B+: 0x7f86bd9d1205 0x7f86bd9d120b
+B+: 0x7f86bd9d120c 0x7f86bd9d121d
+B+: 0x7f86bd9d121e 0x7f86bd9d1226
+B+: 0x7f86bd9d1227 0x7f86bd9d1230
+B+: 0x7f86bd9d1231 0x7f86bd9d1232
+B+: 0x7f86bd9d1240 0x7f86bd9d1248
+B+: 0x7f86bd9d1260 0x7f86bd9d1260
+B+: 0x7f86bd9d1520 0x7f86bd9d1534
+B+: 0x7f86bd9d1572 0x7f86bd9d1578
+B+: 0x7f86bd9d1580 0x7f86bd9d1583
+B+: 0x7f86bd9d1610 0x7f86bd9d1656
+B+: 0x7f86bd9d165b 0x7f86bd9d1686
+B+: 0x7f86bd9d1687 0x7f86bd9d169d
+B+: 0x7f86bd9d16fc 0x7f86bd9d1708
+B+: 0x7f86bd9d1709 0x7f86bd9d1711
+B+: 0x7f86bd9d1712 0x7f86bd9d172a
+B+: 0x7f86bd9d172b 0x7f86bd9d173c
+B+: 0x7f86bd9d1740 0x7f86bd9d1747
+B+: 0x7f86bd9d1748 0x7f86bd9d175f
+B+: 0x7f86bd9d1760 0x7f86bd9d1766
+B+: 0x7f86bd9d1767 0x7f86bd9d1780
+B+: 0x7f86bd9d1790 0x7f86bd9d1793
+B+: 0x7f86bd9d1794 0x7f86bd9d1798
+B+: 0x7f86bd9d17a2 0x7f86bd9d17aa
+B+: 0x7f86bd9d17ab 0x7f86bd9d17ae
+B+: 0x7f86bd9d17af 0x7f86bd9d17bd
+B+: 0x7f86bd9d17cb 0x7f86bd9d17d3
+B+: 0x7f86bd9d1825 0x7f86bd9d1841
+B+: 0x7f86bd9d1842 0x7f86bd9d184d
+B+: 0x7f86bd9d187e 0x7f86bd9d188e
+B+: 0x7f86bd9d188f 0x7f86bd9d18a0
+B+: 0x7f86bd9d18a1 0x7f86bd9d18ad
+B+: 0x7f86bd9d1c10 0x7f86bd9d1c30
+B+: 0x7f86bd9d1c31 0x7f86bd9d1c58
+B+: 0x7f86bd9d1c5e 0x7f86bd9d1c66
+B+: 0x7f86bd9d1c67 0x7f86bd9d1c6f
+B+: 0x7f86bd9d1c78 0x7f86bd9d1c87
+B+: 0x7f86bd9d1c88 0x7f86bd9d1c89
+B+: 0x7f86bd9d1ca0 0x7f86bd9d1caf
+B+: 0x7f86bd9d1cba 0x7f86bd9d1cc4
+B+: 0x7f86bd9d1ce0 0x7f86bd9d1ce8
+B+: 0x7f86bd9d2360 0x7f86bd9d236b
+B+: 0x7f86bd9d2480 0x7f86bd9d2480
+B+: 0x7f86bd9d29c0 0x7f86bd9d29db
+B+: 0x7f86bd9d2a16 0x7f86bd9d2a32
+B+: 0x7f86bd9d2a33 0x7f86bd9d2a52
+B+: 0x7f86bd9d2a63 0x7f86bd9d2a6a
+B+: 0x7f86bd9d2a90 0x7f86bd9d2aa6
+B+: 0x7f86bd9d2aa7 0x7f86bd9d2aae
+B+: 0x7f86bd9d2aaf 0x7f86bd9d2ab6
+B+: 0x7f86bd9d2af6 0x7f86bd9d2b01
+B+: 0x7f86bd9d2b0c 0x7f86bd9d2b34
+B+: 0x7f86bd9d2b40 0x7f86bd9d2b57
+B+: 0x7f86bd9d2b58 0x7f86bd9d2b5f
+B+: 0x7f86bd9d2b60 0x7f86bd9d2b67
+B+: 0x7f86bd9d2b68 0x7f86bd9d2b70
+B+: 0x7f86bd9d2b71 0x7f86bd9d2b7a
+B+: 0x7f86bd9d2b7b 0x7f86bd9d2b80
+B+: 0x7f86bd9d2b97 0x7f86bd9d2b9c
+B+: 0x7f86bd9d2c0a 0x7f86bd9d2c3d
+B+: 0x7f86bd9d2c47 0x7f86bd9d2c53
+B+: 0x7f86bd9d2ed0 0x7f86bd9d2ede
+B+: 0x7f86bd9d2edf 0x7f86bd9d2ee7
+B+: 0x7f86bd9d2ee8 0x7f86bd9d2efc
+B+: 0x7f86bd9d2efd 0x7f86bd9d2f02
+B+: 0x7f86bd9d2f03 0x7f86bd9d2f1b
+B+: 0x7f86bd9d2f1c 0x7f86bd9d2f21
+B+: 0x7f86bd9d2f22 0x7f86bd9d2f2b
+B+: 0x7f86bd9d2fc0 0x7f86bd9d2fc7
+B+: 0x7f86bd9d2fc8 0x7f86bd9d2fd0
+B+: 0x7f86bd9d3760 0x7f86bd9d3768
+B+: 0x7f86bd9d3769 0x7f86bd9d376d
+B+: 0x7f86bd9d376e 0x7f86bd9d3772
+B+: 0x7f86bd9d3780 0x7f86bd9d3788
+B+: 0x7f86bd9d3789 0x7f86bd9d378d
+B+: 0x7f86bd9d378e 0x7f86bd9d3792
+B+: 0x7f86bd9d37c0 0x7f86bd9d37d9
+B+: 0x7f86bd9d37da 0x7f86bd9d37e6
+B+: 0x7f86bd9d37f7 0x7f86bd9d3802
+B+: 0x7f86bd9d3803 0x7f86bd9d380b
+B+: 0x7f86bd9d380c 0x7f86bd9d3841
+B+: 0x7f86bd9d3842 0x7f86bd9d384b
+B+: 0x7f86bd9d384c 0x7f86bd9d3852
+B+: 0x7f86bd9d3853 0x7f86bd9d3875
+B+: 0x7f86bd9d3880 0x7f86bd9d388e
+B+: 0x7f86bd9d38b0 0x7f86bd9d38c8
+B+: 0x7f86bd9d3900 0x7f86bd9d3941
+B+: 0x7f86bd9d3950 0x7f86bd9d3966
+B+: 0x7f86bd9d3967 0x7f86bd9d397e
+B+: 0x7f86bd9d397f 0x7f86bd9d398a
+B+: 0x7f86bd9d398b 0x7f86bd9d39b3
+B+: 0x7f86bd9d39b4 0x7f86bd9d39bd
+B+: 0x7f86bd9d39be 0x7f86bd9d39bf
+B+: 0x7f86bd9d39d0 0x7f86bd9d39e8
+B+: 0x7f86bd9d39e9 0x7f86bd9d3a14
+B+: 0x7f86bd9d3a1e 0x7f86bd9d3a25
+B+: 0x7f86bd9d3a26 0x7f86bd9d3a33
+B+: 0x7f86bd9d3a34 0x7f86bd9d3a46
+B+: 0x7f86bd9d3ae0 0x7f86bd9d3afe
+B+: 0x7f86bd9d3aff 0x7f86bd9d3b0c
+B+: 0x7f86bd9d3b0d 0x7f86bd9d3b1b
+B+: 0x7f86bd9d3b1c 0x7f86bd9d3b2c
+B+: 0x7f86bd9d3b40 0x7f86bd9d3b62
+B+: 0x7f86bd9d3b98 0x7f86bd9d3ba9
+B+: 0x7f86bd9d46d0 0x7f86bd9d46f4
+B+: 0x7f86bd9d46f5 0x7f86bd9d470d
+B+: 0x7f86bd9d470e 0x7f86bd9d4712
+B+: 0x7f86bd9d4713 0x7f86bd9d471e
+B+: 0x7f86bd9d471f 0x7f86bd9d4723
+B+: 0x7f86bd9d4724 0x7f86bd9d4728
+B+: 0x7f86bd9d4729 0x7f86bd9d4730
+B+: 0x7f86bd9d473c 0x7f86bd9d4749
+B+: 0x7f86bd9d474a 0x7f86bd9d474d
+B+: 0x7f86bd9d474e 0x7f86bd9d4760
+B+: 0x7f86bd9d4761 0x7f86bd9d476b
+B+: 0x7f86bd9d4790 0x7f86bd9d479d
+B+: 0x7f86bd9d479e 0x7f86bd9d47a5
+B+: 0x7f86bd9d47a6 0x7f86bd9d47a7
+B+: 0x7f86bd9d4890 0x7f86bd9d489d
+B+: 0x7f86bd9d489e 0x7f86bd9d48a9
+B+: 0x7f86bd9d48aa 0x7f86bd9d48bd
+B+: 0x7f86bd9d48c0 0x7f86bd9d48ca
+B+: 0x7f86bd9d48d0 0x7f86bd9d48ef
+B+: 0x7f86bd9d48f0 0x7f86bd9d48f4
+B+: 0x7f86bd9d48f5 0x7f86bd9d490c
+B+: 0x7f86bd9d490d 0x7f86bd9d4910
+B+: 0x7f86bd9d4911 0x7f86bd9d4912
+B+: 0x7f86bd9d4913 0x7f86bd9d491b
+B+: 0x7f86bd9d491c 0x7f86bd9d4930
+B+: 0x7f86bd9d4938 0x7f86bd9d493c
+B+: 0x7f86bd9d4980 0x7f86bd9d498f
+B+: 0x7f86bd9d4990 0x7f86bd9d499b
+B+: 0x7f86bd9d499c 0x7f86bd9d49ab
+B+: 0x7f86bd9d4a80 0x7f86bd9d4a93
+B+: 0x7f86bd9d4a94 0x7f86bd9d4aac
+B+: 0x7f86bd9d4aad 0x7f86bd9d4abf
+B+: 0x7f86bd9d4ac0 0x7f86bd9d4ada
+B+: 0x7f86bd9d4adb 0x7f86bd9d4ae3
+B+: 0x7f86bd9d4aec 0x7f86bd9d4af8
+B+: 0x7f86bd9d4af9 0x7f86bd9d4b02
+B+: 0x7f86bd9d4b03 0x7f86bd9d4b06
+B+: 0x7f86bd9d4b07 0x7f86bd9d4b1a
+B+: 0x7f86bd9d4c49 0x7f86bd9d4c55
+B+: 0x7f86bd9d4c56 0x7f86bd9d4c67
+B+: 0x7f86bd9d4c82 0x7f86bd9d4c93
+B+: 0x7f86bd9d4d77 0x7f86bd9d4d82
+B+: 0x7f86bd9d4da0 0x7f86bd9d4db2
+B+: 0x7f86bd9d4db3 0x7f86bd9d4ddf
+B+: 0x7f86bd9d4de0 0x7f86bd9d4deb
+B+: 0x7f86bd9d4dec 0x7f86bd9d4dfc
+B+: 0x7f86bd9d4dfd 0x7f86bd9d4e18
+B+: 0x7f86bd9d4e19 0x7f86bd9d4e25
+B+: 0x7f86bd9d4e26 0x7f86bd9d4e2e
+B+: 0x7f86bd9d4e2f 0x7f86bd9d4e3f
+B+: 0x7f86bd9d4e40 0x7f86bd9d4e44
+B+: 0x7f86bd9d4e45 0x7f86bd9d4e50
+B+: 0x7f86bd9d4e51 0x7f86bd9d4e5d
+B+: 0x7f86bd9d4e5e 0x7f86bd9d4e77
+B+: 0x7f86bd9d4ece 0x7f86bd9d4ed2
+B+: 0x7f86bd9d4ed3 0x7f86bd9d4ede
+B+: 0x7f86bd9d4ee0 0x7f86bd9d4eec
+B+: 0x7f86bd9d4f60 0x7f86bd9d4f7c
+B+: 0x7f86bd9d5120 0x7f86bd9d5128
+B+: 0x7f86bd9d5129 0x7f86bd9d5147
+B+: 0x7f86bd9d5750 0x7f86bd9d575e
+B+: 0x7f86bd9d575f 0x7f86bd9d5763
+B+: 0x7f86bd9d5764 0x7f86bd9d5770
+B+: 0x7f86bd9d5771 0x7f86bd9d5777
+B+: 0x7f86bd9d5778 0x7f86bd9d5783
+B+: 0x7f86bd9d5784 0x7f86bd9d5788
+B+: 0x7f86bd9d5789 0x7f86bd9d578d
+B+: 0x7f86bd9d578e 0x7f86bd9d5796
+B+: 0x7f86bd9d5797 0x7f86bd9d579e
+B+: 0x7f86bd9d5890 0x7f86bd9d5892
+B+: 0x7f86bd9d58a7 0x7f86bd9d58ab
+B+: 0x7f86bd9d58ac 0x7f86bd9d58b2
+B+: 0x7f86bd9d58b3 0x7f86bd9d58b6
+B+: 0x7f86bd9d58d0 0x7f86bd9d58e1
+B+: 0x7f86bd9d58e2 0x7f86bd9d58e6
+B+: 0x7f86bd9d58e7 0x7f86bd9d58eb
+B+: 0x7f86bd9d58ec 0x7f86bd9d58f1
+B+: 0x7f86bd9d58f2 0x7f86bd9d58fa
+B+: 0x7f86bd9d58fb 0x7f86bd9d58fc
+B+: 0x7f86bd9d5940 0x7f86bd9d5948
+B+: 0x7f86bd9d5949 0x7f86bd9d5951
+B+: 0x7f86bd9d5980 0x7f86bd9d5988
+B+: 0x7f86bd9d5989 0x7f86bd9d598a
+B+: 0x7f86bd9d598b 0x7f86bd9d5991
+B+: 0x7f86bd9d5992 0x7f86bd9d59a2
+B+: 0x7f86bd9d59a8 0x7f86bd9d59ac
+B+: 0x7f86bd9d59eb 0x7f86bd9d5a00
+B+: 0x7f86bd9d5a08 0x7f86bd9d5a10
+B+: 0x7f86bd9d5af0 0x7f86bd9d5b11
+B+: 0x7f86bd9d5b12 0x7f86bd9d5b16
+B+: 0x7f86bd9d5b17 0x7f86bd9d5b1d
+B+: 0x7f86bd9d5b1e 0x7f86bd9d5b26
+B+: 0x7f86bd9d5b27 0x7f86bd9d5b34
+B+: 0x7f86bd9d5b35 0x7f86bd9d5b3c
+B+: 0x7f86bd9d5b3d 0x7f86bd9d5b49
+B+: 0x7f86bd9d5b4a 0x7f86bd9d5b5a
+B+: 0x7f86bd9d5b5b 0x7f86bd9d5b63
+B+: 0x7f86bd9d5b7f 0x7f86bd9d5b93
+B+: 0x7f86bd9d5b94 0x7f86bd9d5b9c
+B+: 0x7f86bd9d5be0 0x7f86bd9d5bf7
+B+: 0x7f86bd9d5bf8 0x7f86bd9d5c00
+B+: 0x7f86bd9d5c1b 0x7f86bd9d5c2b
+B+: 0x7f86bd9d5d40 0x7f86bd9d5d5e
+B+: 0x7f86bd9d5d5f 0x7f86bd9d5d6d
+B+: 0x7f86bd9d5d6e 0x7f86bd9d5d72
+B+: 0x7f86bd9d5d7d 0x7f86bd9d5d90
+B+: 0x7f86bd9d5d91 0x7f86bd9d5d95
+B+: 0x7f86bd9d5d96 0x7f86bd9d5d9a
+B+: 0x7f86bd9d5da0 0x7f86bd9d5da4
+B+: 0x7f86bd9d5dd5 0x7f86bd9d5dd9
+B+: 0x7f86bd9d5dda 0x7f86bd9d5dde
+B+: 0x7f86bd9d5df0 0x7f86bd9d5dfb
+B+: 0x7f86bd9d5dfc 0x7f86bd9d5e07
+B+: 0x7f86bd9d5e08 0x7f86bd9d5e10
+B+: 0x7f86bd9d5e2c 0x7f86bd9d5e30
+B+: 0x7f86bd9d5e31 0x7f86bd9d5e36
+B+: 0x7f86bd9d5e41 0x7f86bd9d5e45
+B+: 0x7f86bd9d5e46 0x7f86bd9d5e54
+B+: 0x7f86bd9d5e55 0x7f86bd9d5e5d
+B+: 0x7f86bd9d5e5e 0x7f86bd9d5e62
+B+: 0x7f86bd9d5e63 0x7f86bd9d5e74
+B+: 0x7f86bd9d5e78 0x7f86bd9d5e84
+B+: 0x7f86bd9d5ea0 0x7f86bd9d5ea4
+B+: 0x7f86bd9d5ef0 0x7f86bd9d5f03
+B+: 0x7f86bd9d5f40 0x7f86bd9d5f76
+B+: 0x7f86bd9d5f77 0x7f86bd9d5f82
+B+: 0x7f86bd9d5f83 0x7f86bd9d5f92
+B+: 0x7f86bd9d601b 0x7f86bd9d6031
+B+: 0x7f86bd9d6032 0x7f86bd9d6040
+B+: 0x7f86bd9d6075 0x7f86bd9d60b8
+B+: 0x7f86bd9d60b9 0x7f86bd9d60c3
+B+: 0x7f86bd9d60c4 0x7f86bd9d60cc
+B+: 0x7f86bd9d60cd 0x7f86bd9d60d5
+B+: 0x7f86bd9d60d6 0x7f86bd9d60de
+B+: 0x7f86bd9d60df 0x7f86bd9d6106
+B+: 0x7f86bd9d6107 0x7f86bd9d6133
+B+: 0x7f86bd9d6578 0x7f86bd9d6581
+B+: 0x7f86bd9d6582 0x7f86bd9d65a8
+B+: 0x7f86bd9d65a9 0x7f86bd9d65b6
+B+: 0x7f86bd9d65d0 0x7f86bd9d65e0
+B+: 0x7f86bd9d65e1 0x7f86bd9d65ee
+B+: 0x7f86bd9d65ef 0x7f86bd9d65f3
+B+: 0x7f86bd9d6670 0x7f86bd9d667e
+B+: 0x7f86bd9d667f 0x7f86bd9d6683
+B+: 0x7f86bd9d6684 0x7f86bd9d6692
+B+: 0x7f86bd9d6693 0x7f86bd9d669a
+B+: 0x7f86bd9d669b 0x7f86bd9d66a2
+B+: 0x7f86bd9d66a3 0x7f86bd9d66b7
+B+: 0x7f86bd9d6790 0x7f86bd9d67bc
+B+: 0x7f86bd9d67bd 0x7f86bd9d67d4
+B+: 0x7f86bd9d67e0 0x7f86bd9d683a
+B+: 0x7f86bd9d683b 0x7f86bd9d6875
+B+: 0x7f86bd9d6876 0x7f86bd9d6893
+B+: 0x7f86bd9d6894 0x7f86bd9d68a3
+B+: 0x7f86bd9d68a4 0x7f86bd9d68b0
+B+: 0x7f86bd9d69b4 0x7f86bd9d69b8
+B+: 0x7f86bd9d69b9 0x7f86bd9d69cf
+B+: 0x7f86bd9d69d0 0x7f86bd9d69dc
+B+: 0x7f86bd9d69dd 0x7f86bd9d69ef
+B+: 0x7f86bd9d69f0 0x7f86bd9d69f7
+B+: 0x7f86bd9d6a01 0x7f86bd9d6a16
+B+: 0x7f86bd9d6a28 0x7f86bd9d6a3d
+B+: 0x7f86bd9d6a3e 0x7f86bd9d6a4d
+B+: 0x7f86bd9d6a79 0x7f86bd9d6a97
+B+: 0x7f86bd9d6a98 0x7f86bd9d6ac0
+B+: 0x7f86bd9d6ac1 0x7f86bd9d6acf
+B+: 0x7f86bd9d7148 0x7f86bd9d7154
+B+: 0x7f86bd9d7155 0x7f86bd9d7174
+B+: 0x7f86bd9d7175 0x7f86bd9d717f
+B+: 0x7f86bd9d71ac 0x7f86bd9d71b0
+B+: 0x7f86bd9d71b1 0x7f86bd9d71b5
+B+: 0x7f86bd9d7a40 0x7f86bd9d7a64
+B+: 0x7f86bd9d7b10 0x7f86bd9d7b1a
+B+: 0x7f86bd9d7b40 0x7f86bd9d7b47
+B+: 0x7f86bd9d7b48 0x7f86bd9d7b51
+B+: 0x7f86bd9d7b58 0x7f86bd9d7b60
+B+: 0x7f86bd9d7b61 0x7f86bd9d7b6a
+B+: 0x7f86bd9d7b88 0x7f86bd9d7b8c
+B+: 0x7f86bd9d7b8d 0x7f86bd9d7b94
+B+: 0x7f86bd9d7ba0 0x7f86bd9d7ba4
+B+: 0x7f86bd9d7d00 0x7f86bd9d7d30
+B+: 0x7f86bd9d7e3f 0x7f86bd9d7e55
+B+: 0x7f86bd9d7e56 0x7f86bd9d7e67
+B+: 0x7f86bd9d81e0 0x7f86bd9d8222
+B+: 0x7f86bd9d8223 0x7f86bd9d8228
+B+: 0x7f86bd9d824c 0x7f86bd9d8260
+B+: 0x7f86bd9d8261 0x7f86bd9d8269
+B+: 0x7f86bd9d8270 0x7f86bd9d8279
+B+: 0x7f86bd9d8288 0x7f86bd9d82a0
+B+: 0x7f86bd9d82a1 0x7f86bd9d82ba
+B+: 0x7f86bd9d82bb 0x7f86bd9d82bc
+B+: 0x7f86bd9d82d0 0x7f86bd9d82d8
+B+: 0x7f86bd9d82f8 0x7f86bd9d82f8
+B+: 0x7f86bd9d8300 0x7f86bd9d830c
+B+: 0x7f86bd9d833f 0x7f86bd9d8343
+B+: 0x7f86bd9d8380 0x7f86bd9d8384
+B+: 0x7f86bd9d83d0 0x7f86bd9d83e3
+B+: 0x7f86bd9d8400 0x7f86bd9d8400
+B+: 0x7f86bd9d8420 0x7f86bd9d845b
+B+: 0x7f86bd9d8467 0x7f86bd9d8471
+B+: 0x7f86bd9d8472 0x7f86bd9d8489
+B+: 0x7f86bd9d848a 0x7f86bd9d848d
+B+: 0x7f86bd9d848e 0x7f86bd9d8494
+B+: 0x7f86bd9d8495 0x7f86bd9d849d
+B+: 0x7f86bd9d849e 0x7f86bd9d84a9
+B+: 0x7f86bd9d84aa 0x7f86bd9d84c2
+B+: 0x7f86bd9d84c3 0x7f86bd9d84ce
+B+: 0x7f86bd9d84cf 0x7f86bd9d84e5
+B+: 0x7f86bd9d84e6 0x7f86bd9d84f5
+B+: 0x7f86bd9d8500 0x7f86bd9d850e
+B+: 0x7f86bd9d850f 0x7f86bd9d8513
+B+: 0x7f86bd9d8514 0x7f86bd9d851e
+B+: 0x7f86bd9d8540 0x7f86bd9d8549
+B+: 0x7f86bd9d854a 0x7f86bd9d854e
+B+: 0x7f86bd9d854f 0x7f86bd9d8560
+B+: 0x7f86bd9d8568 0x7f86bd9d8577
+B+: 0x7f86bd9d8580 0x7f86bd9d8589
+B+: 0x7f86bd9d85a8 0x7f86bd9d85bb
+B+: 0x7f86bd9d85c0 0x7f86bd9d85ce
+B+: 0x7f86bd9d85cf 0x7f86bd9d85dc
+B+: 0x7f86bd9d86f0 0x7f86bd9d86fd
+B+: 0x7f86bd9d87a0 0x7f86bd9d87a0
+B+: 0x7f86bd9d87b0 0x7f86bd9d87ba
+B+: 0x7f86bd9d87bb 0x7f86bd9d87ce
+B+: 0x7f86bd9d87cf 0x7f86bd9d87d8
+B+: 0x7f86bd9d87d9 0x7f86bd9d87e6
+B+: 0x7f86bd9d8800 0x7f86bd9d882d
+B+: 0x7f86bd9d882e 0x7f86bd9d8831
+B+: 0x7f86bd9d8832 0x7f86bd9d8847
+B+: 0x7f86bd9d8864 0x7f86bd9d886b
+B+: 0x7f86bd9d886c 0x7f86bd9d886f
+B+: 0x7f86bd9d8870 0x7f86bd9d8876
+B+: 0x7f86bd9d8877 0x7f86bd9d887b
+B+: 0x7f86bd9d887c 0x7f86bd9d8886
+B+: 0x7f86bd9d8ae0 0x7f86bd9d8b01
+B+: 0x7f86bd9d8b02 0x7f86bd9d8b0a
+B+: 0x7f86bd9d8b0b 0x7f86bd9d8b14
+B+: 0x7f86bd9d8b15 0x7f86bd9d8b19
+B+: 0x7f86bd9d8c00 0x7f86bd9d8c19
+B+: 0x7f86bd9d8c51 0x7f86bd9d8c8e
+B+: 0x7f86bd9d8c8f 0x7f86bd9d8c9e
+B+: 0x7f86bd9d8c9f 0x7f86bd9d8ca6
+B+: 0x7f86bd9d8df0 0x7f86bd9d8dfb
+B+: 0x7f86bd9d8e20 0x7f86bd9d8e20
+B+: 0x7f86bd9d8e30 0x7f86bd9d8e38
+B+: 0x7f86bd9da940 0x7f86bd9da94b
+B+: 0x7f86bd9da94c 0x7f86bd9da957
+B+: 0x7f86bd9da958 0x7f86bd9da964
+B+: 0x7f86bd9da965 0x7f86bd9da969
+B+: 0x7f86bd9da96a 0x7f86bd9da96f
+B+: 0x7f86bd9da970 0x7f86bd9da976
+B+: 0x7f86bd9da980 0x7f86bd9da987
+B+: 0x7f86bd9da988 0x7f86bd9da98c
+B+: 0x7f86bd9da98d 0x7f86bd9da99b
+B+: 0x7f86bd9da99c 0x7f86bd9da9a0
+B+: 0x7f86bd9da9a1 0x7f86bd9da9a8
+B+: 0x7f86bd9da9a9 0x7f86bd9da9ad
+B+: 0x7f86bd9da9ae 0x7f86bd9da9b8
+B+: 0x7f86bd9da9b9 0x7f86bd9da9b9
+B+: 0x7f86bd9da9c0 0x7f86bd9da9c5
+B+: 0x7f86bd9da9c6 0x7f86bd9da9c9
+B+: 0x7f86bd9da9d0 0x7f86bd9da9d0
+B+: 0x7f86bd9da9d1 0x7f86bd9da9d5
+B+: 0x7f86bd9da9d6 0x7f86bd9da9d9
+B+: 0x7f86bd9da9e0 0x7f86bd9da9ff
+B+: 0x7f86bd9daa00 0x7f86bd9daa11
+B+: 0x7f86bd9daa12 0x7f86bd9daa16
+B+: 0x7f86bd9daa20 0x7f86bd9daa22
+B+: 0x7f86bd9daa23 0x7f86bd9daa2f
+B+: 0x7f86bd9daa30 0x7f86bd9daa33
+B+: 0x7f86bd9daa34 0x7f86bd9daa5d
+B+: 0x7f86bd9daa5e 0x7f86bd9daa62
+B+: 0x7f86bd9daa63 0x7f86bd9daa82
+B+: 0x7f86bd9daac0 0x7f86bd9daade
+B+: 0x7f86bd9daadf 0x7f86bd9daae3
+B+: 0x7f86bd9daae4 0x7f86bd9daae8
+B+: 0x7f86bd9daaf0 0x7f86bd9daaf2
+B+: 0x7f86bd9daaf3 0x7f86bd9daaff
+B+: 0x7f86bd9dab00 0x7f86bd9dab03
+B+: 0x7f86bd9dab04 0x7f86bd9dab3e
+B+: 0x7f86bd9dab3f 0x7f86bd9dab49
+B+: 0x7f86bd9dab4a 0x7f86bd9dab57
+B+: 0x7f86bd9dab58 0x7f86bd9dab5d
+B+: 0x7f86bd9dab5e 0x7f86bd9dab66
+B+: 0x7f86bd9dab67 0x7f86bd9dab70
+B+: 0x7f86bd9dab71 0x7f86bd9dab7a
+B+: 0x7f86bd9dab7b 0x7f86bd9dab9a
+B+: 0x7f86bd9dab9b 0x7f86bd9daba3
+B+: 0x7f86bd9daba4 0x7f86bd9dabbd
+B+: 0x7f86bd9dabc0 0x7f86bd9dabc5
+B+: 0x7f86bd9dabc6 0x7f86bd9dabcf
+B+: 0x7f86bd9dabd0 0x7f86bd9dabd9
+B+: 0x7f86bd9dabda 0x7f86bd9dabf7
+B+: 0x7f86bd9dac08 0x7f86bd9dac14
+B+: 0x7f86bd9dac15 0x7f86bd9dac1b
+B+: 0x7f86bd9dac1c 0x7f86bd9dac29
+B+: 0x7f86bd9dacb0 0x7f86bd9dacca
+B+: 0x7f86bd9daccb 0x7f86bd9dacda
+B+: 0x7f86bd9dacdb 0x7f86bd9dace6
+B+: 0x7f86bd9dace7 0x7f86bd9dacef
+B+: 0x7f86bd9dacf0 0x7f86bd9dacf4
+B+: 0x7f86bd9dacf5 0x7f86bd9dacfc
+B+: 0x7f86bd9dacfd 0x7f86bd9dad10
+B+: 0x7f86bd9dad11 0x7f86bd9dad21
+B+: 0x7f86bd9dad22 0x7f86bd9dad26
+B+: 0x7f86bd9dad27 0x7f86bd9dad38
+B+: 0x7f86bd9dad39 0x7f86bd9dad4b
+B+: 0x7f86bd9dad4c 0x7f86bd9dad54
+B+: 0x7f86bd9dad55 0x7f86bd9dad5e
+B+: 0x7f86bd9dad5f 0x7f86bd9dad6d
+B+: 0x7f86bd9daea0 0x7f86bd9daeb6
+B+: 0x7f86bd9daeb7 0x7f86bd9daebb
+B+: 0x7f86bd9daebc 0x7f86bd9daec0
+B+: 0x7f86bd9daec8 0x7f86bd9daecb
+B+: 0x7f86bd9daecc 0x7f86bd9daed9
+B+: 0x7f86bd9daeda 0x7f86bd9daedd
+B+: 0x7f86bd9daede 0x7f86bd9daf06
+B+: 0x7f86bd9daf07 0x7f86bd9daf10
+B+: 0x7f86bd9daf11 0x7f86bd9daf16
+B+: 0x7f86bd9daf17 0x7f86bd9daf24
+B+: 0x7f86bd9daf25 0x7f86bd9daf2d
+B+: 0x7f86bd9db440 0x7f86bd9db46b
+B+: 0x7f86bd9db46c 0x7f86bd9db470
+B+: 0x7f86bd9db471 0x7f86bd9db475
+B+: 0x7f86bd9db536 0x7f86bd9db53e
+B+: 0x7f86bd9db53f 0x7f86bd9db548
+B+: 0x7f86bd9db549 0x7f86bd9db551
+B+: 0x7f86bd9db5d0 0x7f86bd9db5e4
+B+: 0x7f86bd9db5e5 0x7f86bd9db606
+B+: 0x7f86bd9db607 0x7f86bd9db610
+B+: 0x7f86bd9db611 0x7f86bd9db618
+B+: 0x7f86bd9db640 0x7f86bd9db648
+B+: 0x7f86bd9db649 0x7f86bd9db656
+B+: 0x7f86bd9db657 0x7f86bd9db65f
+B+: 0x7f86bd9db660 0x7f86bd9db661
+B+: 0x7f86bd9db760 0x7f86bd9db7aa
+B+: 0x7f86bd9db7ab 0x7f86bd9db7af
+B+: 0x7f86bd9db7b0 0x7f86bd9db7be
+B+: 0x7f86bd9db7c8 0x7f86bd9db7d3
+B+: 0x7f86bd9db7d4 0x7f86bd9db7d8
+B+: 0x7f86bd9db7d9 0x7f86bd9db7e0
+B+: 0x7f86bd9db7e1 0x7f86bd9db7e5
+B+: 0x7f86bd9db7e6 0x7f86bd9db7f3
+B+: 0x7f86bd9db7f4 0x7f86bd9db7fb
+B+: 0x7f86bd9db800 0x7f86bd9db810
+B+: 0x7f86bd9db811 0x7f86bd9db815
+B+: 0x7f86bd9db816 0x7f86bd9db832
+B+: 0x7f86bd9db833 0x7f86bd9db843
+B+: 0x7f86bd9db844 0x7f86bd9db84f
+B+: 0x7f86bd9db850 0x7f86bd9db857
+B+: 0x7f86bd9db858 0x7f86bd9db85c
+B+: 0x7f86bd9db85d 0x7f86bd9db868
+B+: 0x7f86bd9db869 0x7f86bd9db87b
+B+: 0x7f86bd9db87c 0x7f86bd9db884
+B+: 0x7f86bd9db888 0x7f86bd9db897
+B+: 0x7f86bd9db898 0x7f86bd9db89b
+B+: 0x7f86bd9db89c 0x7f86bd9db8b4
+B+: 0x7f86bd9db8b5 0x7f86bd9db8b8
+B+: 0x7f86bd9db8b9 0x7f86bd9db8c6
+B+: 0x7f86bd9db8c7 0x7f86bd9db8d5
+B+: 0x7f86bd9dbdc0 0x7f86bd9dbdec
+B+: 0x7f86bd9dbded 0x7f86bd9dbdf2
+B+: 0x7f86bd9dbdf3 0x7f86bd9dbe04
+B+: 0x7f86bd9dbe05 0x7f86bd9dbe0d
+B+: 0x7f86bd9dbe0e 0x7f86bd9dbe1c
+CND+ 0x7f86bd9ca00e: taken
+CND+ 0x7f86bd9ca5ea: not taken
+CND+ 0x7f86bd9ca626: not taken
+CND+ 0x7f86bd9ca63b: taken
+CND+ 0x7f86bd9ca673: not taken
+CND+ 0x7f86bd9ca687: not taken
+CND+ 0x7f86bd9ca695: not taken
+CND+ 0x7f86bd9ca7e2: taken
+CND+ 0x7f86bd9ca862: not taken
+CND+ 0x7f86bd9ca87c: both
+CND+ 0x7f86bd9ca8a9: not taken
+CND+ 0x7f86bd9caa5d: not taken
+CND+ 0x7f86bd9caa62: taken
+CND+ 0x7f86bd9cb6e6: not taken
+CND+ 0x7f86bd9cb704: taken
+CND+ 0x7f86bd9cb71a: not taken
+CND+ 0x7f86bd9cb71f: taken
+CND+ 0x7f86bd9cb72f: taken
+CND+ 0x7f86bd9cb74c: not taken
+CND+ 0x7f86bd9cb756: not taken
+CND+ 0x7f86bd9cb78f: not taken
+CND+ 0x7f86bd9cb79b: taken
+CND+ 0x7f86bd9cc079: taken
+CND+ 0x7f86bd9cc11b: not taken
+CND+ 0x7f86bd9cc149: not taken
+CND+ 0x7f86bd9cc158: not taken
+CND+ 0x7f86bd9cc190: not taken
+CND+ 0x7f86bd9cc1ce: taken
+CND+ 0x7f86bd9ccc20: not taken
+CND+ 0x7f86bd9ccc2d: taken
+CND+ 0x7f86bd9ccc48: not taken
+CND+ 0x7f86bd9ccc5f: both
+CND+ 0x7f86bd9ccc88: not taken
+CND+ 0x7f86bd9cced2: taken
+CND+ 0x7f86bd9ccf55: not taken
+CND+ 0x7f86bd9ccf7e: not taken
+CND+ 0x7f86bd9ccf8a: not taken
+CND+ 0x7f86bd9ccf93: both
+CND+ 0x7f86bd9ccfc4: not taken
+CND+ 0x7f86bd9ccfe2: both
+CND+ 0x7f86bd9ccffb: taken
+CND+ 0x7f86bd9cd05a: taken
+CND+ 0x7f86bd9cd0af: not taken
+CND+ 0x7f86bd9cd0b8: taken
+CND+ 0x7f86bd9cd0e0: taken
+CND+ 0x7f86bd9cd116: not taken
+CND+ 0x7f86bd9cd15a: not taken
+CND+ 0x7f86bd9cd163: taken
+CND+ 0x7f86bd9cd21b: taken
+CND+ 0x7f86bd9cd24a: taken
+CND+ 0x7f86bd9cd27c: not taken
+CND+ 0x7f86bd9cd36a: taken
+CND+ 0x7f86bd9cd520: not taken
+CND+ 0x7f86bd9cd529: not taken
+CND+ 0x7f86bd9cd532: taken
+CND+ 0x7f86bd9cd8eb: not taken
+CND+ 0x7f86bd9cd906: both
+CND+ 0x7f86bd9cd93d: not taken
+CND+ 0x7f86bd9cd985: both
+CND+ 0x7f86bd9cd9f6: taken
+CND+ 0x7f86bd9cda20: both
+CND+ 0x7f86bd9cda29: not taken
+CND+ 0x7f86bd9cda33: not taken
+CND+ 0x7f86bd9cdae4: not taken
+CND+ 0x7f86bd9cdafb: taken
+CND+ 0x7f86bd9cdb2a: both
+CND+ 0x7f86bd9cdb30: both
+CND+ 0x7f86bd9cdb40: taken
+CND+ 0x7f86bd9cdb60: not taken
+CND+ 0x7f86bd9cdb96: not taken
+CND+ 0x7f86bd9cdbe5: taken
+CND+ 0x7f86bd9cdda0: not taken
+CND+ 0x7f86bd9cdda9: not taken
+CND+ 0x7f86bd9cddc8: both
+CND+ 0x7f86bd9cddd0: both
+CND+ 0x7f86bd9cde2e: taken
+CND+ 0x7f86bd9cde57: not taken
+CND+ 0x7f86bd9cdeac: taken
+CND+ 0x7f86bd9cded8: taken
+CND+ 0x7f86bd9cdfa3: not taken
+CND+ 0x7f86bd9cdfc0: taken
+CND+ 0x7f86bd9ce019: not taken
+CND+ 0x7f86bd9ce065: not taken
+CND+ 0x7f86bd9ce06f: not taken
+CND+ 0x7f86bd9ce089: both
+CND+ 0x7f86bd9ce09d: not taken
+CND+ 0x7f86bd9ce0ab: taken
+CND+ 0x7f86bd9ce14c: not taken
+CND+ 0x7f86bd9ce156: taken
+CND+ 0x7f86bd9ce1cc: taken
+CND+ 0x7f86bd9ce1ee: taken
+CND+ 0x7f86bd9ce811: both
+CND+ 0x7f86bd9ce81b: not taken
+CND+ 0x7f86bd9ce81f: not taken
+CND+ 0x7f86bd9ce839: taken
+CND+ 0x7f86bd9ce859: taken
+CND+ 0x7f86bd9ce861: taken
+CND+ 0x7f86bd9cf45f: taken
+CND+ 0x7f86bd9cf626: not taken
+CND+ 0x7f86bd9cf6ca: taken
+CND+ 0x7f86bd9cf762: taken
+CND+ 0x7f86bd9d02a4: taken
+CND+ 0x7f86bd9d02bd: not taken
+CND+ 0x7f86bd9d02cd: not taken
+CND+ 0x7f86bd9d030f: taken
+CND+ 0x7f86bd9d0327: taken
+CND+ 0x7f86bd9d033a: not taken
+CND+ 0x7f86bd9d0343: taken
+CND+ 0x7f86bd9d0381: not taken
+CND+ 0x7f86bd9d03d6: taken
+CND+ 0x7f86bd9d03e7: taken
+CND+ 0x7f86bd9d0895: not taken
+CND+ 0x7f86bd9d08a8: not taken
+CND+ 0x7f86bd9d08d2: not taken
+CND+ 0x7f86bd9d0907: not taken
+CND+ 0x7f86bd9d0942: taken
+CND+ 0x7f86bd9d0953: not taken
+CND+ 0x7f86bd9d0963: taken
+CND+ 0x7f86bd9d0a7b: not taken
+CND+ 0x7f86bd9d0dbc: both
+CND+ 0x7f86bd9d0dc9: both
+CND+ 0x7f86bd9d0e03: not taken
+CND+ 0x7f86bd9d0e0d: not taken
+CND+ 0x7f86bd9d0e18: taken
+CND+ 0x7f86bd9d11a1: not taken
+CND+ 0x7f86bd9d11ab: not taken
+CND+ 0x7f86bd9d11e4: taken
+CND+ 0x7f86bd9d11f2: taken
+CND+ 0x7f86bd9d120a: not taken
+CND+ 0x7f86bd9d1225: not taken
+CND+ 0x7f86bd9d122f: not taken
+CND+ 0x7f86bd9d1247: taken
+CND+ 0x7f86bd9d1533: taken
+CND+ 0x7f86bd9d1582: taken
+CND+ 0x7f86bd9d1655: taken
+CND+ 0x7f86bd9d1698: taken
+CND+ 0x7f86bd9d1703: not taken
+CND+ 0x7f86bd9d170c: taken
+CND+ 0x7f86bd9d1725: not taken
+CND+ 0x7f86bd9d1742: not taken
+CND+ 0x7f86bd9d175a: not taken
+CND+ 0x7f86bd9d1765: not taken
+CND+ 0x7f86bd9d1792: not taken
+CND+ 0x7f86bd9d1797: taken
+CND+ 0x7f86bd9d17a9: taken
+CND+ 0x7f86bd9d17ad: not taken
+CND+ 0x7f86bd9d17bc: taken
+CND+ 0x7f86bd9d17ce: taken
+CND+ 0x7f86bd9d1848: taken
+CND+ 0x7f86bd9d1889: not taken
+CND+ 0x7f86bd9d189b: not taken
+CND+ 0x7f86bd9d18a8: taken
+CND+ 0x7f86bd9d1c2f: not taken
+CND+ 0x7f86bd9d1c57: taken
+CND+ 0x7f86bd9d1c65: not taken
+CND+ 0x7f86bd9d1c6e: taken
+CND+ 0x7f86bd9d1c86: not taken
+CND+ 0x7f86bd9d1cae: taken
+CND+ 0x7f86bd9d2366: taken
+CND+ 0x7f86bd9d29d6: taken
+CND+ 0x7f86bd9d2a31: not taken
+CND+ 0x7f86bd9d2a51: taken
+CND+ 0x7f86bd9d2aad: not taken
+CND+ 0x7f86bd9d2ab5: taken
+CND+ 0x7f86bd9d2b00: taken
+CND+ 0x7f86bd9d2b5a: not taken
+CND+ 0x7f86bd9d2b62: not taken
+CND+ 0x7f86bd9d2b6b: not taken
+CND+ 0x7f86bd9d2b75: not taken
+CND+ 0x7f86bd9d2b7f: taken
+CND+ 0x7f86bd9d2b9b: taken
+CND+ 0x7f86bd9d2c3c: taken
+CND+ 0x7f86bd9d2ed9: not taken
+CND+ 0x7f86bd9d2ee6: not taken
+CND+ 0x7f86bd9d2f01: not taken
+CND+ 0x7f86bd9d2f1a: not taken
+CND+ 0x7f86bd9d2f20: not taken
+CND+ 0x7f86bd9d2f26: taken
+CND+ 0x7f86bd9d376c: not taken
+CND+ 0x7f86bd9d378c: not taken
+CND+ 0x7f86bd9d37d8: both
+CND+ 0x7f86bd9d37e1: taken
+CND+ 0x7f86bd9d3806: not taken
+CND+ 0x7f86bd9d3840: not taken
+CND+ 0x7f86bd9d384a: not taken
+CND+ 0x7f86bd9d3965: both
+CND+ 0x7f86bd9d3989: not taken
+CND+ 0x7f86bd9d39b2: not taken
+CND+ 0x7f86bd9d39bc: not taken
+CND+ 0x7f86bd9d39e3: not taken
+CND+ 0x7f86bd9d3a13: taken
+CND+ 0x7f86bd9d3afd: not taken
+CND+ 0x7f86bd9d3b1a: not taken
+CND+ 0x7f86bd9d3b61: taken
+CND+ 0x7f86bd9d4711: not taken
+CND+ 0x7f86bd9d471d: not taken
+CND+ 0x7f86bd9d4722: not taken
+CND+ 0x7f86bd9d4748: not taken
+CND+ 0x7f86bd9d474c: not taken
+CND+ 0x7f86bd9d475f: not taken
+CND+ 0x7f86bd9d47a4: not taken
+CND+ 0x7f86bd9d48f3: both
+CND+ 0x7f86bd9d490f: both
+CND+ 0x7f86bd9d4911: not taken
+CND+ 0x7f86bd9d491a: taken
+CND+ 0x7f86bd9d4a92: not taken
+CND+ 0x7f86bd9d4aba: not taken
+CND+ 0x7f86bd9d4ad5: both
+CND+ 0x7f86bd9d4ade: taken
+CND+ 0x7f86bd9d4af7: not taken
+CND+ 0x7f86bd9d4b01: not taken
+CND+ 0x7f86bd9d4b05: not taken
+CND+ 0x7f86bd9d4b19: taken
+CND+ 0x7f86bd9d4c50: not taken
+CND+ 0x7f86bd9d4c62: taken
+CND+ 0x7f86bd9d4db1: not taken
+CND+ 0x7f86bd9d4dea: both
+CND+ 0x7f86bd9d4e13: not taken
+CND+ 0x7f86bd9d4e20: taken
+CND+ 0x7f86bd9d4e2d: not taken
+CND+ 0x7f86bd9d4e43: not taken
+CND+ 0x7f86bd9d4e4f: both
+CND+ 0x7f86bd9d4e58: not taken
+CND+ 0x7f86bd9d4e72: taken
+CND+ 0x7f86bd9d4ee7: taken
+CND+ 0x7f86bd9d575d: both
+CND+ 0x7f86bd9d576f: not taken
+CND+ 0x7f86bd9d5782: both
+CND+ 0x7f86bd9d5787: both
+CND+ 0x7f86bd9d5795: both
+CND+ 0x7f86bd9d58b1: not taken
+CND+ 0x7f86bd9d58dc: not taken
+CND+ 0x7f86bd9d58ea: not taken
+CND+ 0x7f86bd9d58ec: both
+CND+ 0x7f86bd9d58f5: not taken
+CND+ 0x7f86bd9d58fb: taken
+CND+ 0x7f86bd9d5943: not taken
+CND+ 0x7f86bd9d594c: taken
+CND+ 0x7f86bd9d5983: not taken
+CND+ 0x7f86bd9d5989: both
+CND+ 0x7f86bd9d5990: not taken
+CND+ 0x7f86bd9d59ab: taken
+CND+ 0x7f86bd9d5a0b: taken
+CND+ 0x7f86bd9d5b10: both
+CND+ 0x7f86bd9d5b1c: not taken
+CND+ 0x7f86bd9d5b21: both
+CND+ 0x7f86bd9d5b2f: not taken
+CND+ 0x7f86bd9d5b37: both
+CND+ 0x7f86bd9d5b44: both
+CND+ 0x7f86bd9d5b5e: taken
+CND+ 0x7f86bd9d5b92: both
+CND+ 0x7f86bd9d5b9b: taken
+CND+ 0x7f86bd9d5bfb: taken
+CND+ 0x7f86bd9d5d68: both
+CND+ 0x7f86bd9d5d71: taken
+CND+ 0x7f86bd9d5d8b: not taken
+CND+ 0x7f86bd9d5da3: taken
+CND+ 0x7f86bd9d5ddd: taken
+CND+ 0x7f86bd9d5e02: not taken
+CND+ 0x7f86bd9d5e0b: taken
+CND+ 0x7f86bd9d5e2f: not taken
+CND+ 0x7f86bd9d5e35: taken
+CND+ 0x7f86bd9d5e4f: not taken
+CND+ 0x7f86bd9d5e58: both
+CND+ 0x7f86bd9d5f7d: not taken
+CND+ 0x7f86bd9d602c: not taken
+CND+ 0x7f86bd9d60c7: not taken
+CND+ 0x7f86bd9d60d0: both
+CND+ 0x7f86bd9d60d9: not taken
+CND+ 0x7f86bd9d65a7: both
+CND+ 0x7f86bd9d65ed: not taken
+CND+ 0x7f86bd9d65f2: taken
+CND+ 0x7f86bd9d6682: not taken
+CND+ 0x7f86bd9d66a1: not taken
+CND+ 0x7f86bd9d67bb: not taken
+CND+ 0x7f86bd9d6835: not taken
+CND+ 0x7f86bd9d6870: not taken
+CND+ 0x7f86bd9d688e: not taken
+CND+ 0x7f86bd9d689e: not taken
+CND+ 0x7f86bd9d69ca: both
+CND+ 0x7f86bd9d69ea: taken
+CND+ 0x7f86bd9d69f6: taken
+CND+ 0x7f86bd9d6a15: taken
+CND+ 0x7f86bd9d6a38: not taken
+CND+ 0x7f86bd9d6a48: taken
+CND+ 0x7f86bd9d6abb: not taken
+CND+ 0x7f86bd9d714f: not taken
+CND+ 0x7f86bd9d716f: not taken
+CND+ 0x7f86bd9d717e: taken
+CND+ 0x7f86bd9d7a5f: taken
+CND+ 0x7f86bd9d7b46: not taken
+CND+ 0x7f86bd9d7b50: taken
+CND+ 0x7f86bd9d7b69: taken
+CND+ 0x7f86bd9d7b93: taken
+CND+ 0x7f86bd9d7d2b: taken
+CND+ 0x7f86bd9d7e50: not taken
+CND+ 0x7f86bd9d8227: taken
+CND+ 0x7f86bd9d825f: not taken
+CND+ 0x7f86bd9d8278: taken
+CND+ 0x7f86bd9d82b9: not taken
+CND+ 0x7f86bd9d82d7: taken
+CND+ 0x7f86bd9d830b: taken
+CND+ 0x7f86bd9d8383: taken
+CND+ 0x7f86bd9d83e2: taken
+CND+ 0x7f86bd9d8456: taken
+CND+ 0x7f86bd9d8488: both
+CND+ 0x7f86bd9d848c: not taken
+CND+ 0x7f86bd9d8493: not taken
+CND+ 0x7f86bd9d8498: both
+CND+ 0x7f86bd9d84e0: not taken
+CND+ 0x7f86bd9d8512: not taken
+CND+ 0x7f86bd9d8519: taken
+CND+ 0x7f86bd9d8548: not taken
+CND+ 0x7f86bd9d854d: not taken
+CND+ 0x7f86bd9d85c9: not taken
+CND+ 0x7f86bd9d85d7: taken
+CND+ 0x7f86bd9d86f8: taken
+CND+ 0x7f86bd9d87b9: not taken
+CND+ 0x7f86bd9d8830: not taken
+CND+ 0x7f86bd9d8846: taken
+CND+ 0x7f86bd9d886e: not taken
+CND+ 0x7f86bd9d8b09: not taken
+CND+ 0x7f86bd9d8b13: not taken
+CND+ 0x7f86bd9d8c18: taken
+CND+ 0x7f86bd9d8c9d: not taken
+CND+ 0x7f86bd9d8dfa: taken
+CND+ 0x7f86bd9da946: both
+CND+ 0x7f86bd9da963: both
+CND+ 0x7f86bd9da968: not taken
+CND+ 0x7f86bd9da96e: not taken
+CND+ 0x7f86bd9da986: not taken
+CND+ 0x7f86bd9da98b: both
+CND+ 0x7f86bd9da99a: both
+CND+ 0x7f86bd9da99f: both
+CND+ 0x7f86bd9da9ac: both
+CND+ 0x7f86bd9da9b7: both
+CND+ 0x7f86bd9da9c4: not taken
+CND+ 0x7f86bd9daa10: not taken
+CND+ 0x7f86bd9daa15: taken
+CND+ 0x7f86bd9daa2e: both
+CND+ 0x7f86bd9daa32: both
+CND+ 0x7f86bd9daa5c: both
+CND+ 0x7f86bd9daadd: not taken
+CND+ 0x7f86bd9daae2: not taken
+CND+ 0x7f86bd9daafe: not taken
+CND+ 0x7f86bd9dab02: both
+CND+ 0x7f86bd9dab48: both
+CND+ 0x7f86bd9dab52: not taken
+CND+ 0x7f86bd9dab5c: not taken
+CND+ 0x7f86bd9dab65: both
+CND+ 0x7f86bd9dab6b: taken
+CND+ 0x7f86bd9dab75: not taken
+CND+ 0x7f86bd9dab95: not taken
+CND+ 0x7f86bd9daba2: not taken
+CND+ 0x7f86bd9dabc4: not taken
+CND+ 0x7f86bd9dabce: not taken
+CND+ 0x7f86bd9dabf6: taken
+CND+ 0x7f86bd9dac24: taken
+CND+ 0x7f86bd9dace1: not taken
+CND+ 0x7f86bd9dacea: not taken
+CND+ 0x7f86bd9dacf3: not taken
+CND+ 0x7f86bd9dad25: not taken
+CND+ 0x7f86bd9dad53: not taken
+CND+ 0x7f86bd9dad5d: not taken
+CND+ 0x7f86bd9daeb5: not taken
+CND+ 0x7f86bd9daeba: not taken
+CND+ 0x7f86bd9daed8: both
+CND+ 0x7f86bd9daedc: taken
+CND+ 0x7f86bd9daf0f: not taken
+CND+ 0x7f86bd9daf15: not taken
+CND+ 0x7f86bd9db46f: not taken
+CND+ 0x7f86bd9db53d: not taken
+CND+ 0x7f86bd9db547: not taken
+CND+ 0x7f86bd9db605: not taken
+CND+ 0x7f86bd9db60f: not taken
+CND+ 0x7f86bd9db647: not taken
+CND+ 0x7f86bd9db65e: not taken
+CND+ 0x7f86bd9db7bd: taken
+CND+ 0x7f86bd9db7d2: taken
+CND+ 0x7f86bd9db7df: not taken
+CND+ 0x7f86bd9db7e4: both
+CND+ 0x7f86bd9db7fa: taken
+CND+ 0x7f86bd9db856: not taken
+CND+ 0x7f86bd9db85b: taken
+CND+ 0x7f86bd9db87a: not taken
+CND+ 0x7f86bd9db89a: not taken
+CND+ 0x7f86bd9db8b7: not taken
+CND+ 0x7f86bd9db8c5: not taken
+CND+ 0x7f86bd9db8d4: taken
+CND+ 0x7f86bd9dbdf1: not taken
+CND+ 0x7f86bd9dbe0c: not taken
@0x7f86bd9d5f91 to 0x7f86bd9d6075 1
@0x7f86bd9ca784 to 0x7f86c14a2fb0 1
@0x7f86bd9dbe01 to 0x7f86bd9ca840 1
@0x7f86bd9d855f to 0x7f86bd9d8580 1
@0x7f86bd9d855f to 0x7f86bd9d85c0 1
@0x7f86bd9d855f to 0x7f86bd9d85a8 2
@0x7f86bd9d68af to 0x7f86bd9d6a01 180
@0x7f86bd9d68af to 0x7f86bd9d69f0 10
@0x7f86bd9d68af to 0x7f86bd9d6a28 1
@0x7f86bd9dac19 to 0x7f86bd9ce7d0 1
@0x7f86bd9dac19 to 0x7f86bd9d5120 1
@0x7f86bd9ca050 to 0x7f86c1503a30 4
@0x7f86bd9ca080 to 0x7f86c14a3330 2
@0x7f86bd9ca090 to 0x7f86c1545710 1
@0x7f86bd9ca0a0 to 0x7f86c151be70 5
@0x7f86bd9ca0d0 to 0x7f86c14b6a20 7
@0x7f86bd9ca0f0 to 0x7f86c15da800 4
@0x7f86bd9ca130 to 0x7f86c15461e0 1
@0x7f86bd9ca140 to 0x7f86c14bac10 1
@0x7f86bd9ca150 to 0x7f86c1568800 4
@0x7f86bd9ca160 to 0x7f86c1545230 1
@0x7f86bd9ca190 to 0x7f86c15dabc0 8
@0x7f86bd9ca1c0 to 0x7f86c1546200 1
@0x7f86bd9ca1e0 to 0x7f86c15da5d0 1
@0x7f86bd9ca220 to 0x7f86c1546210 2
@0x7f86bd9ca230 to 0x7f86c1569b10 1
@0x7f86bd9cc16e to 0x7f86bd9cc1c0 1
@0x7f86bd9ca280 to 0x7f86c15d5d10 11
@0x7f86bd9ca2a0 to 0x7f86c14b6450 4
@0x7f86bd9cc1ac to 0x7f86bd9cce90 1
@0x7f86bd9ca2d0 to 0x7f86c15d6100 9
@0x7f86bd9ca320 to 0x7f86c14b70f0 4
@0x7f86bd9ca330 to 0x7f86c15db100 6
@0x7f86bd9ca350 to 0x7f86c1546220 1
@0x7f86bd9ca370 to 0x7f86c1568800 2
@0x7f86bd9ca390 to 0x7f86c15033e0 23
@0x7f86bd9ca3b0 to 0x7f86c1546230 1
@0x7f86bd9ca3c0 to 0x7f86c15d5e90 22
@0x7f86bd9ca3e0 to 0x7f86c1586ba0 1
@0x7f86bd9ca410 to 0x7f86c1503c80 1
@0x7f86bd9ca460 to 0x7f86c15db0e0 13
@0x7f86bd9ca510 to 0x7f86c15461f0 1
@0x7f86bd9ca560 to 0x7f86c15454e0 1
@0x7f86bd9ca570 to 0x7f86c14af580 191
