MODULE_NAME: /bin/dash
MODULE_START: 0x7f59277f8000
+B+: 0x7f59277fc000 0x7f59277fc00f
+B+: 0x7f59277fc012 0x7f59277fc016
+B+: 0x7f59277fc050 0x7f59277fc055
+B+: 0x7f59277fc080 0x7f59277fc085
+B+: 0x7f59277fc090 0x7f59277fc095
+B+: 0x7f59277fc0a0 0x7f59277fc0a5
+B+: 0x7f59277fc0d0 0x7f59277fc0d5
+B+: 0x7f59277fc0f0 0x7f59277fc0f5
+B+: 0x7f59277fc130 0x7f59277fc135
+B+: 0x7f59277fc140 0x7f59277fc145
+B+: 0x7f59277fc150 0x7f59277fc155
+B+: 0x7f59277fc160 0x7f59277fc165
+B+: 0x7f59277fc190 0x7f59277fc195
+B+: 0x7f59277fc1c0 0x7f59277fc1c5
+B+: 0x7f59277fc1e0 0x7f59277fc1e5
+B+: 0x7f59277fc220 0x7f59277fc225
+B+: 0x7f59277fc230 0x7f59277fc235
+B+: 0x7f59277fc280 0x7f59277fc285
+B+: 0x7f59277fc2a0 0x7f59277fc2a5
+B+: 0x7f59277fc2d0 0x7f59277fc2d5
+B+: 0x7f59277fc320 0x7f59277fc325
+B+: 0x7f59277fc330 0x7f59277fc335
+B+: 0x7f59277fc350 0x7f59277fc355
+B+: 0x7f59277fc370 0x7f59277fc375
+B+: 0x7f59277fc390 0x7f59277fc395
+B+: 0x7f59277fc3b0 0x7f59277fc3b5
+B+: 0x7f59277fc3c0 0x7f59277fc3c5
+B+: 0x7f59277fc3e0 0x7f59277fc3e5
+B+: 0x7f59277fc410 0x7f59277fc415
+B+: 0x7f59277fc460 0x7f59277fc465
+B+: 0x7f59277fc510 0x7f59277fc515
+B+: 0x7f59277fc560 0x7f59277fc565
+B+: 0x7f59277fc570 0x7f59277fc575
+B+: 0x7f59277fc590 0x7f59277fc5b8
+B+: 0x7f59277fc5b9 0x7f59277fc5c4
+B+: 0x7f59277fc5c5 0x7f59277fc5cf
+B+: 0x7f59277fc5d0 0x7f59277fc5e7
+B+: 0x7f59277fc5e8 0x7f59277fc5ef
+B+: 0x7f59277fc5f0 0x7f59277fc600
+B+: 0x7f59277fc601 0x7f59277fc60b
+B+: 0x7f59277fc60c 0x7f59277fc615
+B+: 0x7f59277fc616 0x7f59277fc623
+B+: 0x7f59277fc624 0x7f59277fc62b
+B+: 0x7f59277fc62c 0x7f59277fc63c
+B+: 0x7f59277fc657 0x7f59277fc660
+B+: 0x7f59277fc661 0x7f59277fc678
+B+: 0x7f59277fc679 0x7f59277fc67f
+B+: 0x7f59277fc680 0x7f59277fc68c
+B+: 0x7f59277fc68d 0x7f59277fc696
+B+: 0x7f59277fc697 0x7f59277fc69b
+B+: 0x7f59277fc760 0x7f59277fc789
+B+: 0x7f59277fc7c0 0x7f59277fc7e3
+B+: 0x7f59277fc7f8 0x7f59277fc7f8
+B+: 0x7f59277fc840 0x7f59277fc844
+B+: 0x7f59277fc850 0x7f59277fc863
+B+: 0x7f59277fc864 0x7f59277fc86f
+B+: 0x7f59277fc870 0x7f59277fc87d
+B+: 0x7f59277fc87e 0x7f59277fc8aa
+B+: 0x7f59277fc8ab 0x7f59277fc8ac
+B+: 0x7f59277fc8cb 0x7f59277fc8d2
+B+: 0x7f59277fca50 0x7f59277fca57
+B+: 0x7f59277fca58 0x7f59277fca5e
+B+: 0x7f59277fca5f 0x7f59277fca63
+B+: 0x7f59277fca71 0x7f59277fca72
+B+: 0x7f59277fd6d0 0x7f59277fd6eb
+B+: 0x7f59277fd6ec 0x7f59277fd705
+B+: 0x7f59277fd717 0x7f59277fd71b
+B+: 0x7f59277fd71c 0x7f59277fd720
+B+: 0x7f59277fd72c 0x7f59277fd730
+B+: 0x7f59277fd73e 0x7f59277fd74d
+B+: 0x7f59277fd74e 0x7f59277fd757
+B+: 0x7f59277fd758 0x7f59277fd775
+B+: 0x7f59277fd780 0x7f59277fd788
+B+: 0x7f59277fd789 0x7f59277fd790
+B+: 0x7f59277fd791 0x7f59277fd79c
+B+: 0x7f59277fe060 0x7f59277fe07e
+B+: 0x7f59277fe10d 0x7f59277fe11c
+B+: 0x7f59277fe11d 0x7f59277fe123
+B+: 0x7f59277fe140 0x7f59277fe14a
+B+: 0x7f59277fe14b 0x7f59277fe152
+B+: 0x7f59277fe153 0x7f59277fe15d
+B+: 0x7f59277fe15e 0x7f59277fe16f
+B+: 0x7f59277fe188 0x7f59277fe18c
+B+: 0x7f59277fe18d 0x7f59277fe191
+B+: 0x7f59277fe192 0x7f59277fe19c
+B+: 0x7f59277fe1a7 0x7f59277fe1ad
+B+: 0x7f59277fe1ae 0x7f59277fe1b5
+B+: 0x7f59277fe1c0 0x7f59277fe1cf
+B+: 0x7f59277febc0 0x7f59277febfa
+B+: 0x7f59277febfb 0x7f59277fec07
+B+: 0x7f59277fec08 0x7f59277fec0f
+B+: 0x7f59277fec10 0x7f59277fec11
+B+: 0x7f59277fec18 0x7f59277fec21
+B+: 0x7f59277fec22 0x7f59277fec2e
+B+: 0x7f59277fec32 0x7f59277fec39
+B+: 0x7f59277fec3a 0x7f59277fec49
+B+: 0x7f59277fec4a 0x7f59277fec51
+B+: 0x7f59277fec52 0x7f59277fec58
+B+: 0x7f59277fec59 0x7f59277fec60
+B+: 0x7f59277fec61 0x7f59277fec68
+B+: 0x7f59277fec69 0x7f59277fec6d
+B+: 0x7f59277fec6e 0x7f59277fec77
+B+: 0x7f59277fec78 0x7f59277fec89
+B+: 0x7f59277fec8a 0x7f59277fec98
+B+: 0x7f59277fee90 0x7f59277feed3
+B+: 0x7f59277feedf 0x7f59277feef5
+B+: 0x7f59277feef6 0x7f59277feefa
+B+: 0x7f59277feefb 0x7f59277fef5a
+B+: 0x7f59277fef5b 0x7f59277fef67
+B+: 0x7f59277fef68 0x7f59277fef77
+B+: 0x7f59277fef78 0x7f59277fef7f
+B+: 0x7f59277fef80 0x7f59277fef8b
+B+: 0x7f59277fef8c 0x7f59277fef94
+B+: 0x7f59277fef95 0x7f59277fef9b
+B+: 0x7f59277fefa0 0x7f59277fefaf
+B+: 0x7f59277fefb0 0x7f59277fefc5
+B+: 0x7f59277fefc6 0x7f59277fefcf
+B+: 0x7f59277fefd0 0x7f59277fefe3
+B+: 0x7f59277fefe4 0x7f59277feffc
+B+: 0x7f59277ff019 0x7f59277ff02b
+B+: 0x7f59277ff02c 0x7f59277ff034
+B+: 0x7f59277ff035 0x7f59277ff047
+B+: 0x7f59277ff048 0x7f59277ff05b
+B+: 0x7f59277ff0a8 0x7f59277ff0b4
+B+: 0x7f59277ff0b5 0x7f59277ff0b9
+B+: 0x7f59277ff0db 0x7f59277ff0e1
+B+: 0x7f59277ff0f0 0x7f59277ff103
+B+: 0x7f59277ff104 0x7f59277ff113
+B+: 0x7f59277ff114 0x7f59277ff11b
+B+: 0x7f59277ff11c 0x7f59277ff122
+B+: 0x7f59277ff123 0x7f59277ff152
+B+: 0x7f59277ff153 0x7f59277ff15f
+B+: 0x7f59277ff160 0x7f59277ff168
+B+: 0x7f59277ff216 0x7f59277ff21c
+B+: 0x7f59277ff224 0x7f59277ff22d
+B+: 0x7f59277ff22e 0x7f59277ff237
+B+: 0x7f59277ff238 0x7f59277ff241
+B+: 0x7f59277ff242 0x7f59277ff24b
+B+: 0x7f59277ff25d 0x7f59277ff266
+B+: 0x7f59277ff267 0x7f59277ff281
+B+: 0x7f59277ff282 0x7f59277ff293
+B+: 0x7f59277ff34c 0x7f59277ff353
+B+: 0x7f59277ff354 0x7f59277ff36f
+B+: 0x7f59277ff51b 0x7f59277ff525
+B+: 0x7f59277ff526 0x7f59277ff52e
+B+: 0x7f59277ff52f 0x7f59277ff537
+B+: 0x7f59277ff8d0 0x7f59277ff8ec
+B+: 0x7f59277ff8ed 0x7f59277ff8f1
+B+: 0x7f59277ff8f8 0x7f59277ff8fa
+B+: 0x7f59277ff8fb 0x7f59277ff907
+B+: 0x7f59277ff908 0x7f59277ff93e
+B+: 0x7f59277ff93f 0x7f59277ff940
+B+: 0x7f59277ff963 0x7f59277ff977
+B+: 0x7f59277ff980 0x7f59277ff986
+B+: 0x7f59277ff987 0x7f59277ff98e
+B+: 0x7f59277ff98f 0x7f59277ff997
+B+: 0x7f59277ff998 0x7f59277ff9ba
+B+: 0x7f59277ff9bb 0x7f59277ff9bc
+B+: 0x7f59277ff9c0 0x7f59277ff9e7
+B+: 0x7f59277ff9e8 0x7f59277ff9f7
+B+: 0x7f59277ffa19 0x7f59277ffa21
+B+: 0x7f59277ffa22 0x7f59277ffa2a
+B+: 0x7f59277ffa2b 0x7f59277ffa34
+B+: 0x7f59277ffa35 0x7f59277ffa3f
+B+: 0x7f59277ffad0 0x7f59277ffae9
+B+: 0x7f59277ffaea 0x7f59277ffb00
+B+: 0x7f59277ffb10 0x7f59277ffb1f
+B+: 0x7f59277ffb20 0x7f59277ffb2b
+B+: 0x7f59277ffb2c 0x7f59277ffb31
+B+: 0x7f59277ffb32 0x7f59277ffb41
+B+: 0x7f59277ffb56 0x7f59277ffb61
+B+: 0x7f59277ffb62 0x7f59277ffb6f
+B+: 0x7f59277ffb70 0x7f59277ffb85
+B+: 0x7f59277ffb86 0x7f59277ffb97
+B+: 0x7f59277ffb98 0x7f59277ffbc0
+B+: 0x7f59277ffbc8 0x7f59277ffbcc
+B+: 0x7f59277ffbcd 0x7f59277ffbea
+B+: 0x7f59277ffd70 0x7f59277ffd98
+B+: 0x7f59277ffda0 0x7f59277ffda1
+B+: 0x7f59277ffda2 0x7f59277ffdaa
+B+: 0x7f59277ffdab 0x7f59277ffdc5
+B+: 0x7f59277ffdc6 0x7f59277ffdc9
+B+: 0x7f59277ffdca 0x7f59277ffdd1
+B+: 0x7f59277ffdd2 0x7f59277ffde6
+B+: 0x7f59277ffdf0 0x7f59277ffe2a
+B+: 0x7f59277ffe2b 0x7f59277ffe2f
+B+: 0x7f59277ffe46 0x7f59277ffe5c
+B+: 0x7f59277ffe5d 0x7f59277ffe6e
+B+: 0x7f59277ffe90 0x7f59277ffead
+B+: 0x7f59277ffec8 0x7f59277ffed1
+B+: 0x7f59277ffed2 0x7f59277ffedd
+B+: 0x7f59277fff6c 0x7f59277fff8f
+B+: 0x7f59277fff90 0x7f59277fff9c
+B+: 0x7f59277fff9d 0x7f59277fffa8
+B+: 0x7f59277fffa9 0x7f59277fffb0
+B+: 0x7f59277fffb1 0x7f59277fffc5
+B+: 0x7f5927800008 0x7f5927800012
+B+: 0x7f5927800013 0x7f592780001e
+B+: 0x7f592780001f 0x7f592780002e
+B+: 0x7f5927800060 0x7f5927800066
+B+: 0x7f5927800067 0x7f5927800074
+B+: 0x7f5927800075 0x7f5927800086
+B+: 0x7f5927800087 0x7f592780008e
+B+: 0x7f592780008f 0x7f59278000a2
+B+: 0x7f59278000a3 0x7f59278000b0
+B+: 0x7f5927800100 0x7f5927800116
+B+: 0x7f5927800145 0x7f592780014d
+B+: 0x7f592780014e 0x7f5927800157
+B+: 0x7f5927800160 0x7f5927800166
+B+: 0x7f59278001c0 0x7f59278001d1
+B+: 0x7f59278001e8 0x7f59278001ef
+B+: 0x7f5927800248 0x7f592780025b
+B+: 0x7f592780025c 0x7f5927800271
+B+: 0x7f59278007d0 0x7f59278007ff
+B+: 0x7f592780080f 0x7f5927800812
+B+: 0x7f5927800813 0x7f592780081c
+B+: 0x7f592780081d 0x7f5927800820
+B+: 0x7f5927800821 0x7f592780082f
+B+: 0x7f5927800830 0x7f592780083a
+B+: 0x7f592780084f 0x7f592780085a
+B+: 0x7f592780085f 0x7f5927800862
+B+: 0x7f5927800870 0x7f5927800877
+B+: 0x7f5927800878 0x7f592780088d
+B+: 0x7f5927801440 0x7f5927801464
+B+: 0x7f592780161e 0x7f5927801627
+B+: 0x7f5927801628 0x7f5927801631
+B+: 0x7f5927801632 0x7f5927801659
+B+: 0x7f59278016af 0x7f59278016bc
+B+: 0x7f59278016c0 0x7f59278016cb
+B+: 0x7f5927801730 0x7f592780173b
+B+: 0x7f5927801740 0x7f592780175e
+B+: 0x7f592780175f 0x7f5927801767
+B+: 0x7f59278017d2 0x7f59278017e3
+B+: 0x7f59278018a0 0x7f59278018a7
+B+: 0x7f5927802260 0x7f59278022a5
+B+: 0x7f59278022b5 0x7f59278022be
+B+: 0x7f59278022bf 0x7f59278022d2
+B+: 0x7f59278022d3 0x7f59278022fc
+B+: 0x7f59278022fd 0x7f5927802310
+B+: 0x7f5927802324 0x7f5927802328
+B+: 0x7f5927802336 0x7f592780233f
+B+: 0x7f5927802340 0x7f5927802344
+B+: 0x7f5927802370 0x7f5927802386
+B+: 0x7f5927802387 0x7f5927802398
+B+: 0x7f59278023a0 0x7f59278023b6
+B+: 0x7f59278023b7 0x7f59278023d7
+B+: 0x7f59278023dd 0x7f59278023ec
+B+: 0x7f5927802850 0x7f5927802886
+B+: 0x7f5927802887 0x7f592780289a
+B+: 0x7f592780289b 0x7f59278028ad
+B+: 0x7f59278028ae 0x7f59278028c4
+B+: 0x7f59278028c5 0x7f59278028d7
+B+: 0x7f59278028d8 0x7f59278028e7
+B+: 0x7f59278028e8 0x7f592780290c
+B+: 0x7f592780290d 0x7f5927802915
+B+: 0x7f5927802924 0x7f5927802933
+B+: 0x7f5927802934 0x7f5927802947
+B+: 0x7f5927802948 0x7f5927802954
+B+: 0x7f5927802955 0x7f592780295f
+B+: 0x7f5927802960 0x7f5927802964
+B+: 0x7f5927802a6a 0x7f5927802a7c
+B+: 0x7f5927802a7d 0x7f5927802a9c
+B+: 0x7f5927802ba0 0x7f5927802bad
+B+: 0x7f5927802bae 0x7f5927802be1
+B+: 0x7f5927802bf0 0x7f5927802bfb
+B+: 0x7f5927802db0 0x7f5927802dbd
+B+: 0x7f5927802dbe 0x7f5927802dca
+B+: 0x7f5927802dcb 0x7f5927802de3
+B+: 0x7f5927802de8 0x7f5927802df4
+B+: 0x7f5927802df8 0x7f5927802e04
+B+: 0x7f5927802e05 0x7f5927802e12
+B+: 0x7f5927802e13 0x7f5927802e1d
+B+: 0x7f5927802eb4 0x7f5927802ec1
+B+: 0x7f5927803160 0x7f5927803174
+B+: 0x7f5927803175 0x7f5927803187
+B+: 0x7f5927803188 0x7f59278031a2
+B+: 0x7f59278031a3 0x7f59278031ac
+B+: 0x7f59278031ad 0x7f59278031b3
+B+: 0x7f59278031d0 0x7f59278031e5
+B+: 0x7f59278031eb 0x7f59278031f3
+B+: 0x7f5927803205 0x7f592780320b
+B+: 0x7f592780320c 0x7f592780321d
+B+: 0x7f592780321e 0x7f5927803226
+B+: 0x7f5927803227 0x7f5927803230
+B+: 0x7f5927803231 0x7f5927803232
+B+: 0x7f5927803240 0x7f5927803248
+B+: 0x7f5927803260 0x7f5927803260
+B+: 0x7f5927803520 0x7f5927803534
+B+: 0x7f5927803572 0x7f5927803578
+B+: 0x7f5927803580 0x7f5927803583
+B+: 0x7f5927803610 0x7f5927803656
+B+: 0x7f592780365b 0x7f5927803686
+B+: 0x7f5927803687 0x7f592780369d
+B+: 0x7f59278036fc 0x7f5927803708
+B+: 0x7f5927803709 0x7f5927803711
+B+: 0x7f5927803712 0x7f592780372a
+B+: 0x7f592780372b 0x7f592780373c
+B+: 0x7f5927803740 0x7f5927803747
+B+: 0x7f5927803748 0x7f592780375f
+B+: 0x7f5927803760 0x7f5927803766
+B+: 0x7f5927803767 0x7f5927803780
+B+: 0x7f5927803790 0x7f5927803793
+B+: 0x7f5927803794 0x7f5927803798
+B+: 0x7f59278037a2 0x7f59278037aa
+B+: 0x7f59278037ab 0x7f59278037ae
+B+: 0x7f59278037af 0x7f59278037bd
+B+: 0x7f59278037cb 0x7f59278037d3
+B+: 0x7f5927803825 0x7f5927803841
+B+: 0x7f5927803842 0x7f592780384d
+B+: 0x7f592780387e 0x7f592780388e
+B+: 0x7f592780388f 0x7f59278038a0
+B+: 0x7f59278038a1 0x7f59278038ad
+B+: 0x7f5927803c10 0x7f5927803c30
+B+: 0x7f5927803c31 0x7f5927803c58
+B+: 0x7f5927803c5e 0x7f5927803c66
+B+: 0x7f5927803c67 0x7f5927803c6f
+B+: 0x7f5927803c78 0x7f5927803c87
+B+: 0x7f5927803c88 0x7f5927803c89
+B+: 0x7f5927803ca0 0x7f5927803caf
+B+: 0x7f5927803cba 0x7f5927803cc4
+B+: 0x7f5927803ce0 0x7f5927803ce8
+B+: 0x7f5927804360 0x7f592780436b
+B+: 0x7f5927804480 0x7f5927804480
+B+: 0x7f59278049c0 0x7f59278049db
+B+: 0x7f5927804a16 0x7f5927804a32
+B+: 0x7f5927804a33 0x7f5927804a52
+B+: 0x7f5927804a63 0x7f5927804a6a
+B+: 0x7f5927804a90 0x7f5927804aa6
+B+: 0x7f5927804aa7 0x7f5927804aae
+B+: 0x7f5927804aaf 0x7f5927804ab6
+B+: 0x7f5927804af6 0x7f5927804b01
+B+: 0x7f5927804b0c 0x7f5927804b34
+B+: 0x7f5927804b40 0x7f5927804b57
+B+: 0x7f5927804b58 0x7f5927804b5f
+B+: 0x7f5927804b60 0x7f5927804b67
+B+: 0x7f5927804b68 0x7f5927804b70
+B+: 0x7f5927804b71 0x7f5927804b7a
+B+: 0x7f5927804b7b 0x7f5927804b80
+B+: 0x7f5927804b97 0x7f5927804b9c
+B+: 0x7f5927804c0a 0x7f5927804c3d
+B+: 0x7f5927804c47 0x7f5927804c53
+B+: 0x7f5927804ed0 0x7f5927804ede
+B+: 0x7f5927804edf 0x7f5927804ee7
+B+: 0x7f5927804ee8 0x7f5927804efc
+B+: 0x7f5927804efd 0x7f5927804f02
+B+: 0x7f5927804f03 0x7f5927804f1b
+B+: 0x7f5927804f1c 0x7f5927804f21
+B+: 0x7f5927804f22 0x7f5927804f2b
+B+: 0x7f5927804fc0 0x7f5927804fc7
+B+: 0x7f5927804fc8 0x7f5927804fd0
+B+: 0x7f5927805760 0x7f5927805768
+B+: 0x7f5927805769 0x7f592780576d
+B+: 0x7f592780576e 0x7f5927805772
+B+: 0x7f5927805780 0x7f5927805788
+B+: 0x7f5927805789 0x7f592780578d
+B+: 0x7f592780578e 0x7f5927805792
+B+: 0x7f59278057c0 0x7f59278057d9
+B+: 0x7f59278057da 0x7f59278057e6
+B+: 0x7f59278057f7 0x7f5927805802
+B+: 0x7f5927805803 0x7f592780580b
+B+: 0x7f592780580c 0x7f5927805841
+B+: 0x7f5927805842 0x7f592780584b
+B+: 0x7f592780584c 0x7f5927805852
+B+: 0x7f5927805853 0x7f5927805875
+B+: 0x7f5927805880 0x7f592780588e
+B+: 0x7f59278058b0 0x7f59278058c8
+B+: 0x7f5927805900 0x7f5927805941
+B+: 0x7f5927805950 0x7f5927805966
+B+: 0x7f5927805967 0x7f592780597e
+B+: 0x7f592780597f 0x7f592780598a
+B+: 0x7f592780598b 0x7f59278059b3
+B+: 0x7f59278059b4 0x7f59278059bd
+B+: 0x7f59278059be 0x7f59278059bf
+B+: 0x7f59278059d0 0x7f59278059e8
+B+: 0x7f59278059e9 0x7f5927805a14
+B+: 0x7f5927805a1e 0x7f5927805a25
+B+: 0x7f5927805a26 0x7f5927805a33
+B+: 0x7f5927805a34 0x7f5927805a46
+B+: 0x7f5927805ae0 0x7f5927805afe
+B+: 0x7f5927805aff 0x7f5927805b0c
+B+: 0x7f5927805b0d 0x7f5927805b1b
+B+: 0x7f5927805b1c 0x7f5927805b2c
+B+: 0x7f5927805b40 0x7f5927805b62
+B+: 0x7f5927805b98 0x7f5927805ba9
+B+: 0x7f59278066d0 0x7f59278066f4
+B+: 0x7f59278066f5 0x7f592780670d
+B+: 0x7f592780670e 0x7f5927806712
+B+: 0x7f5927806713 0x7f592780671e
+B+: 0x7f592780671f 0x7f5927806723
+B+: 0x7f5927806724 0x7f5927806728
+B+: 0x7f5927806729 0x7f5927806730
+B+: 0x7f592780673c 0x7f5927806749
+B+: 0x7f592780674a 0x7f592780674d
+B+: 0x7f592780674e 0x7f5927806760
+B+: 0x7f5927806761 0x7f592780676b
+B+: 0x7f5927806790 0x7f592780679d
+B+: 0x7f592780679e 0x7f59278067a5
+B+: 0x7f59278067a6 0x7f59278067a7
+B+: 0x7f5927806890 0x7f592780689d
+B+: 0x7f592780689e 0x7f59278068a9
+B+: 0x7f59278068aa 0x7f59278068bd
+B+: 0x7f59278068c0 0x7f59278068ca
+B+: 0x7f59278068d0 0x7f59278068ef
+B+: 0x7f59278068f0 0x7f59278068f4
+B+: 0x7f59278068f5 0x7f592780690c
+B+: 0x7f592780690d 0x7f5927806910
+B+: 0x7f5927806911 0x7f5927806912
+B+: 0x7f5927806913 0x7f592780691b
+B+: 0x7f592780691c 0x7f5927806930
+B+: 0x7f5927806938 0x7f592780693c
+B+: 0x7f5927806980 0x7f592780698f
+B+: 0x7f5927806990 0x7f592780699b
+B+: 0x7f592780699c 0x7f59278069ab
+B+: 0x7f5927806a80 0x7f5927806a93
+B+: 0x7f5927806a94 0x7f5927806aac
+B+: 0x7f5927806aad 0x7f5927806abf
+B+: 0x7f5927806ac0 0x7f5927806ada
+B+: 0x7f5927806adb 0x7f5927806ae3
+B+: 0x7f5927806aec 0x7f5927806af8
+B+: 0x7f5927806af9 0x7f5927806b02
+B+: 0x7f5927806b03 0x7f5927806b06
+B+: 0x7f5927806b07 0x7f5927806b1a
+B+: 0x7f5927806c49 0x7f5927806c55
+B+: 0x7f5927806c56 0x7f5927806c67
+B+: 0x7f5927806c82 0x7f5927806c93
+B+: 0x7f5927806d77 0x7f5927806d82
+B+: 0x7f5927806da0 0x7f5927806db2
+B+: 0x7f5927806db3 0x7f5927806ddf
+B+: 0x7f5927806de0 0x7f5927806deb
+B+: 0x7f5927806dec 0x7f5927806dfc
+B+: 0x7f5927806dfd 0x7f5927806e18
+B+: 0x7f5927806e19 0x7f5927806e25
+B+: 0x7f5927806e26 0x7f5927806e2e
+B+: 0x7f5927806e2f 0x7f5927806e3f
+B+: 0x7f5927806e40 0x7f5927806e44
+B+: 0x7f5927806e45 0x7f5927806e50
+B+: 0x7f5927806e51 0x7f5927806e5d
+B+: 0x7f5927806e5e 0x7f5927806e77
+B+: 0x7f5927806ece 0x7f5927806ed2
+B+: 0x7f5927806ed3 0x7f5927806ede
+B+: 0x7f5927806ee0 0x7f5927806eec
+B+: 0x7f5927806f60 0x7f5927806f7c
+B+: 0x7f5927807120 0x7f5927807128
+B+: 0x7f5927807129 0x7f5927807147
+B+: 0x7f5927807750 0x7f592780775e
+B+: 0x7f592780775f 0x7f5927807763
+B+: 0x7f5927807764 0x7f5927807770
+B+: 0x7f5927807771 0x7f5927807777
+B+: 0x7f5927807778 0x7f5927807783
+B+: 0x7f5927807784 0x7f5927807788
+B+: 0x7f5927807789 0x7f592780778d
+B+: 0x7f592780778e 0x7f5927807796
+B+: 0x7f5927807797 0x7f592780779e
+B+: 0x7f5927807890 0x7f5927807892
+B+: 0x7f59278078a7 0x7f59278078ab
+B+: 0x7f59278078ac 0x7f59278078b2
+B+: 0x7f59278078b3 0x7f59278078b6
+B+: 0x7f59278078d0 0x7f59278078e1
+B+: 0x7f59278078e2 0x7f59278078e6
+B+: 0x7f59278078e7 0x7f59278078eb
+B+: 0x7f59278078ec 0x7f59278078f1
+B+: 0x7f59278078f2 0x7f59278078fa
+B+: 0x7f59278078fb 0x7f59278078fc
+B+: 0x7f5927807940 0x7f5927807948
+B+: 0x7f5927807949 0x7f5927807951
+B+: 0x7f5927807980 0x7f5927807988
+B+: 0x7f5927807989 0x7f592780798a
+B+: 0x7f592780798b 0x7f5927807991
+B+: 0x7f5927807992 0x7f59278079a2
+B+: 0x7f59278079a8 0x7f59278079ac
+B+: 0x7f59278079eb 0x7f5927807a00
+B+: 0x7f5927807a08 0x7f5927807a10
+B+: 0x7f5927807af0 0x7f5927807b11
+B+: 0x7f5927807b12 0x7f5927807b16
+B+: 0x7f5927807b17 0x7f5927807b1d
+B+: 0x7f5927807b1e 0x7f5927807b26
+B+: 0x7f5927807b27 0x7f5927807b34
+B+: 0x7f5927807b35 0x7f5927807b3c
+B+: 0x7f5927807b3d 0x7f5927807b49
+B+: 0x7f5927807b4a 0x7f5927807b5a
+B+: 0x7f5927807b5b 0x7f5927807b63
+B+: 0x7f5927807b7f 0x7f5927807b93
+B+: 0x7f5927807b94 0x7f5927807b9c
+B+: 0x7f5927807be0 0x7f5927807bf7
+B+: 0x7f5927807bf8 0x7f5927807c00
+B+: 0x7f5927807c1b 0x7f5927807c2b
+B+: 0x7f5927807d40 0x7f5927807d5e
+B+: 0x7f5927807d5f 0x7f5927807d6d
+B+: 0x7f5927807d6e 0x7f5927807d72
+B+: 0x7f5927807d7d 0x7f5927807d90
+B+: 0x7f5927807d91 0x7f5927807d95
+B+: 0x7f5927807d96 0x7f5927807d9a
+B+: 0x7f5927807da0 0x7f5927807da4
+B+: 0x7f5927807dd5 0x7f5927807dd9
+B+: 0x7f5927807dda 0x7f5927807dde
+B+: 0x7f5927807df0 0x7f5927807dfb
+B+: 0x7f5927807dfc 0x7f5927807e07
+B+: 0x7f5927807e08 0x7f5927807e10
+B+: 0x7f5927807e2c 0x7f5927807e30
+B+: 0x7f5927807e31 0x7f5927807e36
+B+: 0x7f5927807e41 0x7f5927807e45
+B+: 0x7f5927807e46 0x7f5927807e54
+B+: 0x7f5927807e55 0x7f5927807e5d
+B+: 0x7f5927807e5e 0x7f5927807e62
+B+: 0x7f5927807e63 0x7f5927807e74
+B+: 0x7f5927807e78 0x7f5927807e84
+B+: 0x7f5927807ea0 0x7f5927807ea4
+B+: 0x7f5927807ef0 0x7f5927807f03
+B+: 0x7f5927807f40 0x7f5927807f76
+B+: 0x7f5927807f77 0x7f5927807f82
+B+: 0x7f5927807f83 0x7f5927807f92
+B+: 0x7f592780801b 0x7f5927808031
+B+: 0x7f5927808032 0x7f5927808040
+B+: 0x7f5927808075 0x7f59278080b8
+B+: 0x7f59278080b9 0x7f59278080c3
+B+: 0x7f59278080c4 0x7f59278080cc
+B+: 0x7f59278080cd 0x7f59278080d5
+B+: 0x7f59278080d6 0x7f59278080de
+B+: 0x7f59278080df 0x7f5927808106
+B+: 0x7f5927808107 0x7f5927808133
+B+: 0x7f5927808578 0x7f5927808581
+B+: 0x7f5927808582 0x7f59278085a8
+B+: 0x7f59278085a9 0x7f59278085b6
+B+: 0x7f59278085d0 0x7f59278085e0
+B+: 0x7f59278085e1 0x7f59278085ee
+B+: 0x7f59278085ef 0x7f59278085f3
+B+: 0x7f5927808670 0x7f592780867e
+B+: 0x7f592780867f 0x7f5927808683
+B+: 0x7f5927808684 0x7f5927808692
+B+: 0x7f5927808693 0x7f592780869a
+B+: 0x7f592780869b 0x7f59278086a2
+B+: 0x7f59278086a3 0x7f59278086b7
+B+: 0x7f5927808790 0x7f59278087bc
+B+: 0x7f59278087bd 0x7f59278087d4
+B+: 0x7f59278087e0 0x7f592780883a
+B+: 0x7f592780883b 0x7f5927808875
+B+: 0x7f5927808876 0x7f5927808893
+B+: 0x7f5927808894 0x7f59278088a3
+B+: 0x7f59278088a4 0x7f59278088b0
+B+: 0x7f59278089b4 0x7f59278089b8
+B+: 0x7f59278089b9 0x7f59278089cf
+B+: 0x7f59278089d0 0x7f59278089dc
+B+: 0x7f59278089dd 0x7f59278089ef
+B+: 0x7f59278089f0 0x7f59278089f7
+B+: 0x7f5927808a01 0x7f5927808a16
+B+: 0x7f5927808a28 0x7f5927808a3d
+B+: 0x7f5927808a3e 0x7f5927808a4d
+B+: 0x7f5927808a79 0x7f5927808a97
+B+: 0x7f5927808a98 0x7f5927808ac0
+B+: 0x7f5927808ac1 0x7f5927808acf
+B+: 0x7f5927809148 0x7f5927809154
+B+: 0x7f5927809155 0x7f5927809174
+B+: 0x7f5927809175 0x7f592780917f
+B+: 0x7f59278091ac 0x7f59278091b0
+B+: 0x7f59278091b1 0x7f59278091b5
+B+: 0x7f5927809a40 0x7f5927809a64
+B+: 0x7f5927809b10 0x7f5927809b1a
+B+: 0x7f5927809b40 0x7f5927809b47
+B+: 0x7f5927809b48 0x7f5927809b51
+B+: 0x7f5927809b58 0x7f5927809b60
+B+: 0x7f5927809b61 0x7f5927809b6a
+B+: 0x7f5927809b88 0x7f5927809b8c
+B+: 0x7f5927809b8d 0x7f5927809b94
+B+: 0x7f5927809ba0 0x7f5927809ba4
+B+: 0x7f5927809d00 0x7f5927809d30
+B+: 0x7f5927809e3f 0x7f5927809e55
+B+: 0x7f5927809e56 0x7f5927809e67
+B+: 0x7f592780a1e0 0x7f592780a222
+B+: 0x7f592780a223 0x7f592780a228
+B+: 0x7f592780a24c 0x7f592780a260
+B+: 0x7f592780a261 0x7f592780a269
+B+: 0x7f592780a270 0x7f592780a279
+B+: 0x7f592780a288 0x7f592780a2a0
+B+: 0x7f592780a2a1 0x7f592780a2ba
+B+: 0x7f592780a2bb 0x7f592780a2bc
+B+: 0x7f592780a2d0 0x7f592780a2d8
+B+: 0x7f592780a2f8 0x7f592780a2f8
+B+: 0x7f592780a300 0x7f592780a30c
+B+: 0x7f592780a33f 0x7f592780a343
+B+: 0x7f592780a380 0x7f592780a384
+B+: 0x7f592780a3d0 0x7f592780a3e3
+B+: 0x7f592780a400 0x7f592780a400
+B+: 0x7f592780a420 0x7f592780a45b
+B+: 0x7f592780a467 0x7f592780a471
+B+: 0x7f592780a472 0x7f592780a489
+B+: 0x7f592780a48a 0x7f592780a48d
+B+: 0x7f592780a48e 0x7f592780a494
+B+: 0x7f592780a495 0x7f592780a49d
+B+: 0x7f592780a49e 0x7f592780a4a9
+B+: 0x7f592780a4aa 0x7f592780a4c2
+B+: 0x7f592780a4c3 0x7f592780a4ce
+B+: 0x7f592780a4cf 0x7f592780a4e5
+B+: 0x7f592780a4e6 0x7f592780a4f5
+B+: 0x7f592780a500 0x7f592780a50e
+B+: 0x7f592780a50f 0x7f592780a513
+B+: 0x7f592780a514 0x7f592780a51e
+B+: 0x7f592780a540 0x7f592780a549
+B+: 0x7f592780a54a 0x7f592780a54e
+B+: 0x7f592780a54f 0x7f592780a560
+B+: 0x7f592780a568 0x7f592780a577
+B+: 0x7f592780a580 0x7f592780a589
+B+: 0x7f592780a5a8 0x7f592780a5bb
+B+: 0x7f592780a5c0 0x7f592780a5ce
+B+: 0x7f592780a5cf 0x7f592780a5dc
+B+: 0x7f592780a6f0 0x7f592780a6fd
+B+: 0x7f592780a7a0 0x7f592780a7a0
+B+: 0x7f592780a7b0 0x7f592780a7ba
+B+: 0x7f592780a7bb 0x7f592780a7ce
+B+: 0x7f592780a7cf 0x7f592780a7d8
+B+: 0x7f592780a7d9 0x7f592780a7e6
+B+: 0x7f592780a800 0x7f592780a82d
+B+: 0x7f592780a82e 0x7f592780a831
+B+: 0x7f592780a832 0x7f592780a847
+B+: 0x7f592780a864 0x7f592780a86b
+B+: 0x7f592780a86c 0x7f592780a86f
+B+: 0x7f592780a870 0x7f592780a876
+B+: 0x7f592780a877 0x7f592780a87b
+B+: 0x7f592780a87c 0x7f592780a886
+B+: 0x7f592780aae0 0x7f592780ab01
+B+: 0x7f592780ab02 0x7f592780ab0a
+B+: 0x7f592780ab0b 0x7f592780ab14
+B+: 0x7f592780ab15 0x7f592780ab19
+B+: 0x7f592780ac00 0x7f592780ac19
+B+: 0x7f592780ac51 0x7f592780ac8e
+B+: 0x7f592780ac8f 0x7f592780ac9e
+B+: 0x7f592780ac9f 0x7f592780aca6
+B+: 0x7f592780adf0 0x7f592780adfb
+B+: 0x7f592780ae20 0x7f592780ae20
+B+: 0x7f592780ae30 0x7f592780ae38
+B+: 0x7f592780c940 0x7f592780c94b
+B+: 0x7f592780c94c 0x7f592780c957
+B+: 0x7f592780c958 0x7f592780c964
+B+: 0x7f592780c965 0x7f592780c969
+B+: 0x7f592780c96a 0x7f592780c96f
+B+: 0x7f592780c970 0x7f592780c976
+B+: 0x7f592780c980 0x7f592780c987
+B+: 0x7f592780c988 0x7f592780c98c
+B+: 0x7f592780c98d 0x7f592780c99b
+B+: 0x7f592780c99c 0x7f592780c9a0
+B+: 0x7f592780c9a1 0x7f592780c9a8
+B+: 0x7f592780c9a9 0x7f592780c9ad
+B+: 0x7f592780c9ae 0x7f592780c9b8
+B+: 0x7f592780c9b9 0x7f592780c9b9
+B+: 0x7f592780c9c0 0x7f592780c9c5
+B+: 0x7f592780c9c6 0x7f592780c9c9
+B+: 0x7f592780c9d0 0x7f592780c9d0
+B+: 0x7f592780c9d1 0x7f592780c9d5
+B+: 0x7f592780c9d6 0x7f592780c9d9
+B+: 0x7f592780c9e0 0x7f592780c9ff
+B+: 0x7f592780ca00 0x7f592780ca11
+B+: 0x7f592780ca12 0x7f592780ca16
+B+: 0x7f592780ca20 0x7f592780ca22
+B+: 0x7f592780ca23 0x7f592780ca2f
+B+: 0x7f592780ca30 0x7f592780ca33
+B+: 0x7f592780ca34 0x7f592780ca5d
+B+: 0x7f592780ca5e 0x7f592780ca62
+B+: 0x7f592780ca63 0x7f592780ca82
+B+: 0x7f592780cac0 0x7f592780cade
+B+: 0x7f592780cadf 0x7f592780cae3
+B+: 0x7f592780cae4 0x7f592780cae8
+B+: 0x7f592780caf0 0x7f592780caf2
+B+: 0x7f592780caf3 0x7f592780caff
+B+: 0x7f592780cb00 0x7f592780cb03
+B+: 0x7f592780cb04 0x7f592780cb3e
+B+: 0x7f592780cb3f 0x7f592780cb49
+B+: 0x7f592780cb4a 0x7f592780cb57
+B+: 0x7f592780cb58 0x7f592780cb5d
+B+: 0x7f592780cb5e 0x7f592780cb66
+B+: 0x7f592780cb67 0x7f592780cb70
+B+: 0x7f592780cb71 0x7f592780cb7a
+B+: 0x7f592780cb7b 0x7f592780cb9a
+B+: 0x7f592780cb9b 0x7f592780cba3
+B+: 0x7f592780cba4 0x7f592780cbbd
+B+: 0x7f592780cbc0 0x7f592780cbc5
+B+: 0x7f592780cbc6 0x7f592780cbcf
+B+: 0x7f592780cbd0 0x7f592780cbd9
+B+: 0x7f592780cbda 0x7f592780cbf7
+B+: 0x7f592780cc08 0x7f592780cc14
+B+: 0x7f592780cc15 0x7f592780cc1b
+B+: 0x7f592780cc1c 0x7f592780cc29
+B+: 0x7f592780ccb0 0x7f592780ccca
+B+: 0x7f592780cccb 0x7f592780ccda
+B+: 0x7f592780ccdb 0x7f592780cce6
+B+: 0x7f592780cce7 0x7f592780ccef
+B+: 0x7f592780ccf0 0x7f592780ccf4
+B+: 0x7f592780ccf5 0x7f592780ccfc
+B+: 0x7f592780ccfd 0x7f592780cd10
+B+: 0x7f592780cd11 0x7f592780cd21
+B+: 0x7f592780cd22 0x7f592780cd26
+B+: 0x7f592780cd27 0x7f592780cd38
+B+: 0x7f592780cd39 0x7f592780cd4b
+B+: 0x7f592780cd4c 0x7f592780cd54
+B+: 0x7f592780cd55 0x7f592780cd5e
+B+: 0x7f592780cd5f 0x7f592780cd6d
+B+: 0x7f592780cea0 0x7f592780ceb6
+B+: 0x7f592780ceb7 0x7f592780cebb
+B+: 0x7f592780cebc 0x7f592780cec0
+B+: 0x7f592780cec8 0x7f592780cecb
+B+: 0x7f592780cecc 0x7f592780ced9
+B+: 0x7f592780ceda 0x7f592780cedd
+B+: 0x7f592780cede 0x7f592780cf06
+B+: 0x7f592780cf07 0x7f592780cf10
+B+: 0x7f592780cf11 0x7f592780cf16
+B+: 0x7f592780cf17 0x7f592780cf24
+B+: 0x7f592780cf25 0x7f592780cf2d
+B+: 0x7f592780d440 0x7f592780d46b
+B+: 0x7f592780d46c 0x7f592780d470
+B+: 0x7f592780d471 0x7f592780d475
+B+: 0x7f592780d536 0x7f592780d53e
+B+: 0x7f592780d53f 0x7f592780d548
+B+: 0x7f592780d549 0x7f592780d551
+B+: 0x7f592780d5d0 0x7f592780d5e4
+B+: 0x7f592780d5e5 0x7f592780d606
+B+: 0x7f592780d607 0x7f592780d610
+B+: 0x7f592780d611 0x7f592780d618
+B+: 0x7f592780d640 0x7f592780d648
+B+: 0x7f592780d649 0x7f592780d656
+B+: 0x7f592780d657 0x7f592780d65f
+B+: 0x7f592780d660 0x7f592780d661
+B+: 0x7f592780d760 0x7f592780d7aa
+B+: 0x7f592780d7ab 0x7f592780d7af
+B+: 0x7f592780d7b0 0x7f592780d7be
+B+: 0x7f592780d7c8 0x7f592780d7d3
+B+: 0x7f592780d7d4 0x7f592780d7d8
+B+: 0x7f592780d7d9 0x7f592780d7e0
+B+: 0x7f592780d7e1 0x7f592780d7e5
+B+: 0x7f592780d7e6 0x7f592780d7f3
+B+: 0x7f592780d7f4 0x7f592780d7fb
+B+: 0x7f592780d800 0x7f592780d810
+B+: 0x7f592780d811 0x7f592780d815
+B+: 0x7f592780d816 0x7f592780d832
+B+: 0x7f592780d833 0x7f592780d843
+B+: 0x7f592780d844 0x7f592780d84f
+B+: 0x7f592780d850 0x7f592780d857
+B+: 0x7f592780d858 0x7f592780d85c
+B+: 0x7f592780d85d 0x7f592780d868
+B+: 0x7f592780d869 0x7f592780d87b
+B+: 0x7f592780d87c 0x7f592780d884
+B+: 0x7f592780d888 0x7f592780d897
+B+: 0x7f592780d898 0x7f592780d89b
+B+: 0x7f592780d89c 0x7f592780d8b4
+B+: 0x7f592780d8b5 0x7f592780d8b8
+B+: 0x7f592780d8b9 0x7f592780d8c6
+B+: 0x7f592780d8c7 0x7f592780d8d5
+B+: 0x7f592780ddc0 0x7f592780ddec
+B+: 0x7f592780dded 0x7f592780ddf2
+B+: 0x7f592780ddf3 0x7f592780de04
+B+: 0x7f592780de05 0x7f592780de0d
+B+: 0x7f592780de0e 0x7f592780de1c
+CND+ 0x7f59277fc00e: taken
+CND+ 0x7f59277fc5ea: not taken
+CND+ 0x7f59277fc626: not taken
+CND+ 0x7f59277fc63b: taken
+CND+ 0x7f59277fc673: not taken
+CND+ 0x7f59277fc687: not taken
+CND+ 0x7f59277fc695: not taken
+CND+ 0x7f59277fc7e2: taken
+CND+ 0x7f59277fc862: not taken
+CND+ 0x7f59277fc87c: both
+CND+ 0x7f59277fc8a9: not taken
+CND+ 0x7f59277fca5d: not taken
+CND+ 0x7f59277fca62: taken
+CND+ 0x7f59277fd6e6: not taken
+CND+ 0x7f59277fd704: taken
+CND+ 0x7f59277fd71a: not taken
+CND+ 0x7f59277fd71f: taken
+CND+ 0x7f59277fd72f: taken
+CND+ 0x7f59277fd74c: not taken
+CND+ 0x7f59277fd756: not taken
+CND+ 0x7f59277fd78f: not taken
+CND+ 0x7f59277fd79b: taken
+CND+ 0x7f59277fe079: taken
+CND+ 0x7f59277fe11b: not taken
+CND+ 0x7f59277fe149: not taken
+CND+ 0x7f59277fe158: not taken
+CND+ 0x7f59277fe190: not taken
+CND+ 0x7f59277fe1ce: taken
+CND+ 0x7f59277fec20: not taken
+CND+ 0x7f59277fec2d: taken
+CND+ 0x7f59277fec48: not taken
+CND+ 0x7f59277fec5f: both
+CND+ 0x7f59277fec88: not taken
+CND+ 0x7f59277feed2: taken
+CND+ 0x7f59277fef55: not taken
+CND+ 0x7f59277fef7e: not taken
+CND+ 0x7f59277fef8a: not taken
+CND+ 0x7f59277fef93: both
+CND+ 0x7f59277fefc4: not taken
+CND+ 0x7f59277fefe2: both
+CND+ 0x7f59277feffb: taken
+CND+ 0x7f59277ff05a: taken
+CND+ 0x7f59277ff0af: not taken
+CND+ 0x7f59277ff0b8: taken
+CND+ 0x7f59277ff0e0: taken
+CND+ 0x7f59277ff116: not taken
+CND+ 0x7f59277ff15a: not taken
+CND+ 0x7f59277ff163: taken
+CND+ 0x7f59277ff21b: taken
+CND+ 0x7f59277ff24a: taken
+CND+ 0x7f59277ff27c: not taken
+CND+ 0x7f59277ff36a: taken
+CND+ 0x7f59277ff520: not taken
+CND+ 0x7f59277ff529: not taken
+CND+ 0x7f59277ff532: taken
+CND+ 0x7f59277ff8eb: not taken
+CND+ 0x7f59277ff906: both
+CND+ 0x7f59277ff93d: not taken
+CND+ 0x7f59277ff985: both
+CND+ 0x7f59277ff9f6: taken
+CND+ 0x7f59277ffa20: both
+CND+ 0x7f59277ffa29: not taken
+CND+ 0x7f59277ffa33: not taken
+CND+ 0x7f59277ffae4: not taken
+CND+ 0x7f59277ffafb: taken
+CND+ 0x7f59277ffb2a: both
+CND+ 0x7f59277ffb30: both
+CND+ 0x7f59277ffb40: taken
+CND+ 0x7f59277ffb60: not taken
+CND+ 0x7f59277ffb96: not taken
+CND+ 0x7f59277ffbe5: taken
+CND+ 0x7f59277ffda0: not taken
+CND+ 0x7f59277ffda9: not taken
+CND+ 0x7f59277ffdc8: both
+CND+ 0x7f59277ffdd0: both
+CND+ 0x7f59277ffe2e: taken
+CND+ 0x7f59277ffe57: not taken
+CND+ 0x7f59277ffeac: taken
+CND+ 0x7f59277ffed8: taken
+CND+ 0x7f59277fffa3: not taken
+CND+ 0x7f59277fffc0: taken
+CND+ 0x7f5927800019: not taken
+CND+ 0x7f5927800065: not taken
+CND+ 0x7f592780006f: not taken
+CND+ 0x7f5927800089: both
+CND+ 0x7f592780009d: not taken
+CND+ 0x7f59278000ab: taken
+CND+ 0x7f592780014c: not taken
+CND+ 0x7f5927800156: taken
+CND+ 0x7f59278001cc: taken
+CND+ 0x7f59278001ee: taken
+CND+ 0x7f5927800811: both
+CND+ 0x7f592780081b: not taken
+CND+ 0x7f592780081f: not taken
+CND+ 0x7f5927800839: taken
+CND+ 0x7f5927800859: taken
+CND+ 0x7f5927800861: taken
+CND+ 0x7f592780145f: taken
+CND+ 0x7f5927801626: not taken
+CND+ 0x7f59278016ca: taken
+CND+ 0x7f5927801762: taken
+CND+ 0x7f59278022a4: taken
+CND+ 0x7f59278022bd: not taken
+CND+ 0x7f59278022cd: not taken
+CND+ 0x7f592780230f: taken
+CND+ 0x7f5927802327: taken
+CND+ 0x7f592780233a: not taken
+CND+ 0x7f5927802343: taken
+CND+ 0x7f5927802381: not taken
+CND+ 0x7f59278023d6: taken
+CND+ 0x7f59278023e7: taken
+CND+ 0x7f5927802895: not taken
+CND+ 0x7f59278028a8: not taken
+CND+ 0x7f59278028d2: not taken
+CND+ 0x7f5927802907: not taken
+CND+ 0x7f5927802942: taken
+CND+ 0x7f5927802953: not taken
+CND+ 0x7f5927802963: taken
+CND+ 0x7f5927802a7b: not taken
+CND+ 0x7f5927802dbc: both
+CND+ 0x7f5927802dc9: both
+CND+ 0x7f5927802e03: not taken
+CND+ 0x7f5927802e0d: not taken
+CND+ 0x7f5927802e18: taken
+CND+ 0x7f59278031a1: not taken
+CND+ 0x7f59278031ab: not taken
+CND+ 0x7f59278031e4: taken
+CND+ 0x7f59278031f2: taken
+CND+ 0x7f592780320a: not taken
+CND+ 0x7f5927803225: not taken
+CND+ 0x7f592780322f: not taken
+CND+ 0x7f5927803247: taken
+CND+ 0x7f5927803533: taken
+CND+ 0x7f5927803582: taken
+CND+ 0x7f5927803655: taken
+CND+ 0x7f5927803698: taken
+CND+ 0x7f5927803703: not taken
+CND+ 0x7f592780370c: taken
+CND+ 0x7f5927803725: not taken
+CND+ 0x7f5927803742: not taken
+CND+ 0x7f592780375a: not taken
+CND+ 0x7f5927803765: not taken
+CND+ 0x7f5927803792: not taken
+CND+ 0x7f5927803797: taken
+CND+ 0x7f59278037a9: taken
+CND+ 0x7f59278037ad: not taken
+CND+ 0x7f59278037bc: taken
+CND+ 0x7f59278037ce: taken
+CND+ 0x7f5927803848: taken
+CND+ 0x7f5927803889: not taken
+CND+ 0x7f592780389b: not taken
+CND+ 0x7f59278038a8: taken
+CND+ 0x7f5927803c2f: not taken
+CND+ 0x7f5927803c57: taken
+CND+ 0x7f5927803c65: not taken
+CND+ 0x7f5927803c6e: taken
+CND+ 0x7f5927803c86: not taken
+CND+ 0x7f5927803cae: taken
+CND+ 0x7f5927804366: taken
+CND+ 0x7f59278049d6: taken
+CND+ 0x7f5927804a31: not taken
+CND+ 0x7f5927804a51: taken
+CND+ 0x7f5927804aad: not taken
+CND+ 0x7f5927804ab5: taken
+CND+ 0x7f5927804b00: taken
+CND+ 0x7f5927804b5a: not taken
+CND+ 0x7f5927804b62: not taken
+CND+ 0x7f5927804b6b: not taken
+CND+ 0x7f5927804b75: not taken
+CND+ 0x7f5927804b7f: taken
+CND+ 0x7f5927804b9b: taken
+CND+ 0x7f5927804c3c: taken
+CND+ 0x7f5927804ed9: not taken
+CND+ 0x7f5927804ee6: not taken
+CND+ 0x7f5927804f01: not taken
+CND+ 0x7f5927804f1a: not taken
+CND+ 0x7f5927804f20: not taken
+CND+ 0x7f5927804f26: taken
+CND+ 0x7f592780576c: not taken
+CND+ 0x7f592780578c: not taken
+CND+ 0x7f59278057d8: both
+CND+ 0x7f59278057e1: taken
+CND+ 0x7f5927805806: not taken
+CND+ 0x7f5927805840: not taken
+CND+ 0x7f592780584a: not taken
+CND+ 0x7f5927805965: both
+CND+ 0x7f5927805989: not taken
+CND+ 0x7f59278059b2: not taken
+CND+ 0x7f59278059bc: not taken
+CND+ 0x7f59278059e3: not taken
+CND+ 0x7f5927805a13: taken
+CND+ 0x7f5927805afd: not taken
+CND+ 0x7f5927805b1a: not taken
+CND+ 0x7f5927805b61: taken
+CND+ 0x7f5927806711: not taken
+CND+ 0x7f592780671d: not taken
+CND+ 0x7f5927806722: not taken
+CND+ 0x7f5927806748: not taken
+CND+ 0x7f592780674c: not taken
+CND+ 0x7f592780675f: not taken
+CND+ 0x7f59278067a4: not taken
+CND+ 0x7f59278068f3: both
+CND+ 0x7f592780690f: both
+CND+ 0x7f5927806911: not taken
+CND+ 0x7f592780691a: taken
+CND+ 0x7f5927806a92: not taken
+CND+ 0x7f5927806aba: not taken
+CND+ 0x7f5927806ad5: both
+CND+ 0x7f5927806ade: taken
+CND+ 0x7f5927806af7: not taken
+CND+ 0x7f5927806b01: not taken
+CND+ 0x7f5927806b05: not taken
+CND+ 0x7f5927806b19: taken
+CND+ 0x7f5927806c50: not taken
+CND+ 0x7f5927806c62: taken
+CND+ 0x7f5927806db1: not taken
+CND+ 0x7f5927806dea: both
+CND+ 0x7f5927806e13: not taken
+CND+ 0x7f5927806e20: taken
+CND+ 0x7f5927806e2d: not taken
+CND+ 0x7f5927806e43: not taken
+CND+ 0x7f5927806e4f: both
+CND+ 0x7f5927806e58: not taken
+CND+ 0x7f5927806e72: taken
+CND+ 0x7f5927806ee7: taken
+CND+ 0x7f592780775d: both
+CND+ 0x7f592780776f: not taken
+CND+ 0x7f5927807782: both
+CND+ 0x7f5927807787: both
+CND+ 0x7f5927807795: both
+CND+ 0x7f59278078b1: not taken
+CND+ 0x7f59278078dc: not taken
+CND+ 0x7f59278078ea: not taken
+CND+ 0x7f59278078ec: both
+CND+ 0x7f59278078f5: not taken
+CND+ 0x7f59278078fb: taken
+CND+ 0x7f5927807943: not taken
+CND+ 0x7f592780794c: taken
+CND+ 0x7f5927807983: not taken
+CND+ 0x7f5927807989: both
+CND+ 0x7f5927807990: not taken
+CND+ 0x7f59278079ab: taken
+CND+ 0x7f5927807a0b: taken
+CND+ 0x7f5927807b10: both
+CND+ 0x7f5927807b1c: not taken
+CND+ 0x7f5927807b21: both
+CND+ 0x7f5927807b2f: not taken
+CND+ 0x7f5927807b37: both
+CND+ 0x7f5927807b44: both
+CND+ 0x7f5927807b5e: taken
+CND+ 0x7f5927807b92: both
+CND+ 0x7f5927807b9b: taken
+CND+ 0x7f5927807bfb: taken
+CND+ 0x7f5927807d68: both
+CND+ 0x7f5927807d71: taken
+CND+ 0x7f5927807d8b: not taken
+CND+ 0x7f5927807da3: taken
+CND+ 0x7f5927807ddd: taken
+CND+ 0x7f5927807e02: not taken
+CND+ 0x7f5927807e0b: taken
+CND+ 0x7f5927807e2f: not taken
+CND+ 0x7f5927807e35: taken
+CND+ 0x7f5927807e4f: not taken
+CND+ 0x7f5927807e58: both
+CND+ 0x7f5927807f7d: not taken
+CND+ 0x7f592780802c: not taken
+CND+ 0x7f59278080c7: not taken
+CND+ 0x7f59278080d0: both
+CND+ 0x7f59278080d9: not taken
+CND+ 0x7f59278085a7: both
+CND+ 0x7f59278085ed: not taken
+CND+ 0x7f59278085f2: taken
+CND+ 0x7f5927808682: not taken
+CND+ 0x7f59278086a1: not taken
+CND+ 0x7f59278087bb: not taken
+CND+ 0x7f5927808835: not taken
+CND+ 0x7f5927808870: not taken
+CND+ 0x7f592780888e: not taken
+CND+ 0x7f592780889e: not taken
+CND+ 0x7f59278089ca: both
+CND+ 0x7f59278089ea: taken
+CND+ 0x7f59278089f6: taken
+CND+ 0x7f5927808a15: taken
+CND+ 0x7f5927808a38: not taken
+CND+ 0x7f5927808a48: taken
+CND+ 0x7f5927808abb: not taken
+CND+ 0x7f592780914f: not taken
+CND+ 0x7f592780916f: not taken
+CND+ 0x7f592780917e: taken
+CND+ 0x7f5927809a5f: taken
+CND+ 0x7f5927809b46: not taken
+CND+ 0x7f5927809b50: taken
+CND+ 0x7f5927809b69: taken
+CND+ 0x7f5927809b93: taken
+CND+ 0x7f5927809d2b: taken
+CND+ 0x7f5927809e50: not taken
+CND+ 0x7f592780a227: taken
+CND+ 0x7f592780a25f: not taken
+CND+ 0x7f592780a278: taken
+CND+ 0x7f592780a2b9: not taken
+CND+ 0x7f592780a2d7: taken
+CND+ 0x7f592780a30b: taken
+CND+ 0x7f592780a383: taken
+CND+ 0x7f592780a3e2: taken
+CND+ 0x7f592780a456: taken
+CND+ 0x7f592780a488: both
+CND+ 0x7f592780a48c: not taken
+CND+ 0x7f592780a493: not taken
+CND+ 0x7f592780a498: both
+CND+ 0x7f592780a4e0: not taken
+CND+ 0x7f592780a512: not taken
+CND+ 0x7f592780a519: taken
+CND+ 0x7f592780a548: not taken
+CND+ 0x7f592780a54d: not taken
+CND+ 0x7f592780a5c9: not taken
+CND+ 0x7f592780a5d7: taken
+CND+ 0x7f592780a6f8: taken
+CND+ 0x7f592780a7b9: not taken
+CND+ 0x7f592780a830: not taken
+CND+ 0x7f592780a846: taken
+CND+ 0x7f592780a86e: not taken
+CND+ 0x7f592780ab09: not taken
+CND+ 0x7f592780ab13: not taken
+CND+ 0x7f592780ac18: taken
+CND+ 0x7f592780ac9d: not taken
+CND+ 0x7f592780adfa: taken
+CND+ 0x7f592780c946: both
+CND+ 0x7f592780c963: both
+CND+ 0x7f592780c968: not taken
+CND+ 0x7f592780c96e: not taken
+CND+ 0x7f592780c986: not taken
+CND+ 0x7f592780c98b: both
+CND+ 0x7f592780c99a: both
+CND+ 0x7f592780c99f: both
+CND+ 0x7f592780c9ac: both
+CND+ 0x7f592780c9b7: both
+CND+ 0x7f592780c9c4: not taken
+CND+ 0x7f592780ca10: not taken
+CND+ 0x7f592780ca15: taken
+CND+ 0x7f592780ca2e: both
+CND+ 0x7f592780ca32: both
+CND+ 0x7f592780ca5c: both
+CND+ 0x7f592780cadd: not taken
+CND+ 0x7f592780cae2: not taken
+CND+ 0x7f592780cafe: not taken
+CND+ 0x7f592780cb02: both
+CND+ 0x7f592780cb48: both
+CND+ 0x7f592780cb52: not taken
+CND+ 0x7f592780cb5c: not taken
+CND+ 0x7f592780cb65: both
+CND+ 0x7f592780cb6b: taken
+CND+ 0x7f592780cb75: not taken
+CND+ 0x7f592780cb95: not taken
+CND+ 0x7f592780cba2: not taken
+CND+ 0x7f592780cbc4: not taken
+CND+ 0x7f592780cbce: not taken
+CND+ 0x7f592780cbf6: taken
+CND+ 0x7f592780cc24: taken
+CND+ 0x7f592780cce1: not taken
+CND+ 0x7f592780ccea: not taken
+CND+ 0x7f592780ccf3: not taken
+CND+ 0x7f592780cd25: not taken
+CND+ 0x7f592780cd53: not taken
+CND+ 0x7f592780cd5d: not taken
+CND+ 0x7f592780ceb5: not taken
+CND+ 0x7f592780ceba: not taken
+CND+ 0x7f592780ced8: both
+CND+ 0x7f592780cedc: taken
+CND+ 0x7f592780cf0f: not taken
+CND+ 0x7f592780cf15: not taken
+CND+ 0x7f592780d46f: not taken
+CND+ 0x7f592780d53d: not taken
+CND+ 0x7f592780d547: not taken
+CND+ 0x7f592780d605: not taken
+CND+ 0x7f592780d60f: not taken
+CND+ 0x7f592780d647: not taken
+CND+ 0x7f592780d65e: not taken
+CND+ 0x7f592780d7bd: taken
+CND+ 0x7f592780d7d2: taken
+CND+ 0x7f592780d7df: not taken
+CND+ 0x7f592780d7e4: both
+CND+ 0x7f592780d7fa: taken
+CND+ 0x7f592780d856: not taken
+CND+ 0x7f592780d85b: taken
+CND+ 0x7f592780d87a: not taken
+CND+ 0x7f592780d89a: not taken
+CND+ 0x7f592780d8b7: not taken
+CND+ 0x7f592780d8c5: not taken
+CND+ 0x7f592780d8d4: taken
+CND+ 0x7f592780ddf1: not taken
+CND+ 0x7f592780de0c: not taken
@0x7f59278088af to 0x7f5927808a01 180
@0x7f59278088af to 0x7f59278089f0 10
@0x7f59278088af to 0x7f5927808a28 1
@0x7f592780cc19 to 0x7f59278007d0 1
@0x7f592780cc19 to 0x7f5927807120 1
@0x7f59277fc050 to 0x7f592b335a30 4
@0x7f59277fc080 to 0x7f592b2d5330 2
@0x7f59277fc090 to 0x7f592b377710 1
@0x7f59277fc0a0 to 0x7f592b34de70 5
@0x7f59277fc0d0 to 0x7f592b2e8a20 7
@0x7f59277fc0f0 to 0x7f592b40c800 4
@0x7f59277fc130 to 0x7f592b3781e0 1
@0x7f59277fc140 to 0x7f592b2ecc10 1
@0x7f59277fc150 to 0x7f592b39a800 4
@0x7f59277fc160 to 0x7f592b377230 1
@0x7f59277fc190 to 0x7f592b40cbc0 8
@0x7f59277fc1c0 to 0x7f592b378200 1
@0x7f59277fc1e0 to 0x7f592b40c5d0 1
@0x7f59277fc220 to 0x7f592b378210 2
@0x7f59277fc230 to 0x7f592b39bb10 1
@0x7f59277fe16e to 0x7f59277fe1c0 1
@0x7f59277fc280 to 0x7f592b407d10 11
@0x7f59277fc2a0 to 0x7f592b2e8450 4
@0x7f59277fe1ac to 0x7f59277fee90 1
@0x7f59277fc2d0 to 0x7f592b408100 9
@0x7f59277fc320 to 0x7f592b2e90f0 4
@0x7f59277fc330 to 0x7f592b40d100 6
@0x7f59277fc350 to 0x7f592b378220 1
@0x7f59277fc370 to 0x7f592b39a800 2
@0x7f59277fc390 to 0x7f592b3353e0 23
@0x7f59277fc3b0 to 0x7f592b378230 1
@0x7f59277fc3c0 to 0x7f592b407e90 22
@0x7f59277fc3e0 to 0x7f592b3b8ba0 1
@0x7f59277fc410 to 0x7f592b335c80 1
@0x7f59277fc460 to 0x7f592b40d0e0 13
@0x7f59277fc510 to 0x7f592b3781f0 1
@0x7f59277fc560 to 0x7f592b3774e0 1
@0x7f59277fc570 to 0x7f592b2e1580 191
@0x7f5927807f91 to 0x7f5927808075 1
@0x7f59277fc784 to 0x7f592b2d4fb0 1
@0x7f592780de01 to 0x7f59277fc840 1
@0x7f592780a55f to 0x7f592780a580 1
@0x7f592780a55f to 0x7f592780a5c0 1
@0x7f592780a55f to 0x7f592780a5a8 2
