MODULE_NAME: /usr/bin/gs
MODULE_START: 0x7ffb47bdc000
+B+: 0x7ffb47bdd000 0x7ffb47bdd00f
+B+: 0x7ffb47bdd012 0x7ffb47bdd016
+B+: 0x7ffb47bdd020 0x7ffb47bdd02b
+B+: 0x7ffb47bdd030 0x7ffb47bdd035
+B+: 0x7ffb47bdd036 0x7ffb47bdd03f
+B+: 0x7ffb47bdd040 0x7ffb47bdd045
+B+: 0x7ffb47bdd046 0x7ffb47bdd04f
+B+: 0x7ffb47bdd050 0x7ffb47bdd055
+B+: 0x7ffb47bdd056 0x7ffb47bdd05f
+B+: 0x7ffb47bdd090 0x7ffb47bdd095
+B+: 0x7ffb47bdd096 0x7ffb47bdd09f
+B+: 0x7ffb47bdd0b0 0x7ffb47bdd0b5
+B+: 0x7ffb47bdd0b6 0x7ffb47bdd0bf
+B+: 0x7ffb47bdd0c0 0x7ffb47bdd0c5
+B+: 0x7ffb47bdd0c6 0x7ffb47bdd0cf
+B+: 0x7ffb47bdd0d0 0x7ffb47bdd0d5
+B+: 0x7ffb47bdd0d6 0x7ffb47bdd0df
+B+: 0x7ffb47bdd0e0 0x7ffb47bdd0e5
+B+: 0x7ffb47bdd0f0 0x7ffb47bdd121
+B+: 0x7ffb47bdd122 0x7ffb47bdd127
+B+: 0x7ffb47bdd128 0x7ffb47bdd130
+B+: 0x7ffb47bdd131 0x7ffb47bdd132
+B+: 0x7ffb47bdd133 0x7ffb47bdd137
+B+: 0x7ffb47bdd138 0x7ffb47bdd152
+B+: 0x7ffb47bdd153 0x7ffb47bdd15b
+B+: 0x7ffb47bdd184 0x7ffb47bdd1a2
+B+: 0x7ffb47bdd1a3 0x7ffb47bdd1b1
+B+: 0x7ffb47bdd1b2 0x7ffb47bdd1b7
+B+: 0x7ffb47bdd1b8 0x7ffb47bdd1c1
+B+: 0x7ffb47bdd1c2 0x7ffb47bdd1c5
+B+: 0x7ffb47bdd1c6 0x7ffb47bdd1ca
+B+: 0x7ffb47bdd1cb 0x7ffb47bdd1d6
+B+: 0x7ffb47bdd1d7 0x7ffb47bdd1db
+B+: 0x7ffb47bdd220 0x7ffb47bdd249
+B+: 0x7ffb47bdd250 0x7ffb47bdd262
+B+: 0x7ffb47bdd278 0x7ffb47bdd278
+B+: 0x7ffb47bdd280 0x7ffb47bdd2a3
+B+: 0x7ffb47bdd2b8 0x7ffb47bdd2b8
+B+: 0x7ffb47bdd2c0 0x7ffb47bdd2c8
+B+: 0x7ffb47bdd2c9 0x7ffb47bdd2d6
+B+: 0x7ffb47bdd2d7 0x7ffb47bdd2e2
+B+: 0x7ffb47bdd2e3 0x7ffb47bdd2e7
+B+: 0x7ffb47bdd2e8 0x7ffb47bdd2f0
+B+: 0x7ffb47bdd300 0x7ffb47bdd304
+B+: 0x7ffb47bdd350 0x7ffb47bdd373
+B+: 0x7ffb47bdd374 0x7ffb47bdd37c
+B+: 0x7ffb47bdd37d 0x7ffb47bdd385
+B+: 0x7ffb47bdd3c0 0x7ffb47bdd3ec
+B+: 0x7ffb47bdd3ed 0x7ffb47bdd3f2
+B+: 0x7ffb47bdd3f3 0x7ffb47bdd404
+B+: 0x7ffb47bdd405 0x7ffb47bdd40d
+B+: 0x7ffb47bdd40e 0x7ffb47bdd41c
+B+: 0x7ffb47bdd424 0x7ffb47bdd42c
+CND+ 0x7ffb47bdd00e: taken
+CND+ 0x7ffb47bdd126: taken
+CND+ 0x7ffb47bdd12b: not taken
+CND+ 0x7ffb47bdd131: not taken
+CND+ 0x7ffb47bdd136: not taken
+CND+ 0x7ffb47bdd14d: not taken
+CND+ 0x7ffb47bdd1b6: not taken
+CND+ 0x7ffb47bdd1c4: not taken
+CND+ 0x7ffb47bdd1c9: not taken
+CND+ 0x7ffb47bdd261: taken
+CND+ 0x7ffb47bdd2a2: taken
+CND+ 0x7ffb47bdd2c7: not taken
+CND+ 0x7ffb47bdd2d5: not taken
+CND+ 0x7ffb47bdd3f1: not taken
+CND+ 0x7ffb47bdd40c: not taken
@0x7ffb47bdd026 to 0x7ffb4bbcc500 7
@0x7ffb47bdd030 to 0x7ffb47bdd036 1
@0x7ffb47bdd040 to 0x7ffb47bdd046 1
@0x7ffb47bdd050 to 0x7ffb47bdd056 1
@0x7ffb47bdd090 to 0x7ffb47bdd096 1
@0x7ffb47bdd0b0 to 0x7ffb47bdd0b6 1
@0x7ffb47bdd0c0 to 0x7ffb47bdd0c6 1
@0x7ffb47bdd0d0 to 0x7ffb47bdd0d6 1
@0x7ffb47bdd0e0 to 0x7ffb4a7321c0 1
@0x7ffb47bdd244 to 0x7ffb4a71bfb0 1
@0x7ffb47bdd401 to 0x7ffb47bdd300 1
