MODULE_NAME: /usr/bin/gs
MODULE_START: 0x7fe775eca000
+B+: 0x7fe775ecb000 0x7fe775ecb00f
+B+: 0x7fe775ecb012 0x7fe775ecb016
+B+: 0x7fe775ecb020 0x7fe775ecb02b
+B+: 0x7fe775ecb030 0x7fe775ecb035
+B+: 0x7fe775ecb036 0x7fe775ecb03f
+B+: 0x7fe775ecb040 0x7fe775ecb045
+B+: 0x7fe775ecb046 0x7fe775ecb04f
+B+: 0x7fe775ecb050 0x7fe775ecb055
+B+: 0x7fe775ecb056 0x7fe775ecb05f
+B+: 0x7fe775ecb090 0x7fe775ecb095
+B+: 0x7fe775ecb096 0x7fe775ecb09f
+B+: 0x7fe775ecb0b0 0x7fe775ecb0b5
+B+: 0x7fe775ecb0b6 0x7fe775ecb0bf
+B+: 0x7fe775ecb0c0 0x7fe775ecb0c5
+B+: 0x7fe775ecb0c6 0x7fe775ecb0cf
+B+: 0x7fe775ecb0d0 0x7fe775ecb0d5
+B+: 0x7fe775ecb0d6 0x7fe775ecb0df
+B+: 0x7fe775ecb0e0 0x7fe775ecb0e5
+B+: 0x7fe775ecb0f0 0x7fe775ecb121
+B+: 0x7fe775ecb122 0x7fe775ecb127
+B+: 0x7fe775ecb128 0x7fe775ecb130
+B+: 0x7fe775ecb131 0x7fe775ecb132
+B+: 0x7fe775ecb133 0x7fe775ecb137
+B+: 0x7fe775ecb138 0x7fe775ecb152
+B+: 0x7fe775ecb153 0x7fe775ecb15b
+B+: 0x7fe775ecb184 0x7fe775ecb1a2
+B+: 0x7fe775ecb1a3 0x7fe775ecb1b1
+B+: 0x7fe775ecb1b2 0x7fe775ecb1b7
+B+: 0x7fe775ecb1b8 0x7fe775ecb1c1
+B+: 0x7fe775ecb1c2 0x7fe775ecb1c5
+B+: 0x7fe775ecb1c6 0x7fe775ecb1ca
+B+: 0x7fe775ecb1cb 0x7fe775ecb1d6
+B+: 0x7fe775ecb1d7 0x7fe775ecb1db
+B+: 0x7fe775ecb220 0x7fe775ecb249
+B+: 0x7fe775ecb250 0x7fe775ecb262
+B+: 0x7fe775ecb278 0x7fe775ecb278
+B+: 0x7fe775ecb280 0x7fe775ecb2a3
+B+: 0x7fe775ecb2b8 0x7fe775ecb2b8
+B+: 0x7fe775ecb2c0 0x7fe775ecb2c8
+B+: 0x7fe775ecb2c9 0x7fe775ecb2d6
+B+: 0x7fe775ecb2d7 0x7fe775ecb2e2
+B+: 0x7fe775ecb2e3 0x7fe775ecb2e7
+B+: 0x7fe775ecb2e8 0x7fe775ecb2f0
+B+: 0x7fe775ecb300 0x7fe775ecb304
+B+: 0x7fe775ecb350 0x7fe775ecb373
+B+: 0x7fe775ecb374 0x7fe775ecb37c
+B+: 0x7fe775ecb37d 0x7fe775ecb385
+B+: 0x7fe775ecb3c0 0x7fe775ecb3ec
+B+: 0x7fe775ecb3ed 0x7fe775ecb3f2
+B+: 0x7fe775ecb3f3 0x7fe775ecb404
+B+: 0x7fe775ecb405 0x7fe775ecb40d
+B+: 0x7fe775ecb40e 0x7fe775ecb41c
+B+: 0x7fe775ecb424 0x7fe775ecb42c
+CND+ 0x7fe775ecb00e: taken
+CND+ 0x7fe775ecb126: taken
+CND+ 0x7fe775ecb12b: not taken
+CND+ 0x7fe775ecb131: not taken
+CND+ 0x7fe775ecb136: not taken
+CND+ 0x7fe775ecb14d: not taken
+CND+ 0x7fe775ecb1b6: not taken
+CND+ 0x7fe775ecb1c4: not taken
+CND+ 0x7fe775ecb1c9: not taken
+CND+ 0x7fe775ecb261: taken
+CND+ 0x7fe775ecb2a2: taken
+CND+ 0x7fe775ecb2c7: not taken
+CND+ 0x7fe775ecb2d5: not taken
+CND+ 0x7fe775ecb3f1: not taken
+CND+ 0x7fe775ecb40c: not taken
@0x7fe775ecb026 to 0x7fe779eba500 7
@0x7fe775ecb030 to 0x7fe775ecb036 1
@0x7fe775ecb040 to 0x7fe775ecb046 1
@0x7fe775ecb050 to 0x7fe775ecb056 1
@0x7fe775ecb090 to 0x7fe775ecb096 1
@0x7fe775ecb0b0 to 0x7fe775ecb0b6 1
@0x7fe775ecb0c0 to 0x7fe775ecb0c6 1
@0x7fe775ecb0d0 to 0x7fe775ecb0d6 1
@0x7fe775ecb0e0 to 0x7fe778a201c0 1
@0x7fe775ecb244 to 0x7fe778a09fb0 1
@0x7fe775ecb401 to 0x7fe775ecb300 1
