MODULE_NAME: /usr/bin/gs
MODULE_START: 0x7f17be1a8000
+B+: 0x7f17be1a9000 0x7f17be1a900f
+B+: 0x7f17be1a9012 0x7f17be1a9016
+B+: 0x7f17be1a9020 0x7f17be1a902b
+B+: 0x7f17be1a9030 0x7f17be1a9035
+B+: 0x7f17be1a9036 0x7f17be1a903f
+B+: 0x7f17be1a9040 0x7f17be1a9045
+B+: 0x7f17be1a9046 0x7f17be1a904f
+B+: 0x7f17be1a9050 0x7f17be1a9055
+B+: 0x7f17be1a9056 0x7f17be1a905f
+B+: 0x7f17be1a9090 0x7f17be1a9095
+B+: 0x7f17be1a9096 0x7f17be1a909f
+B+: 0x7f17be1a90b0 0x7f17be1a90b5
+B+: 0x7f17be1a90b6 0x7f17be1a90bf
+B+: 0x7f17be1a90c0 0x7f17be1a90c5
+B+: 0x7f17be1a90c6 0x7f17be1a90cf
+B+: 0x7f17be1a90d0 0x7f17be1a90d5
+B+: 0x7f17be1a90d6 0x7f17be1a90df
+B+: 0x7f17be1a90e0 0x7f17be1a90e5
+B+: 0x7f17be1a90f0 0x7f17be1a9121
+B+: 0x7f17be1a9122 0x7f17be1a9127
+B+: 0x7f17be1a9128 0x7f17be1a9130
+B+: 0x7f17be1a9131 0x7f17be1a9132
+B+: 0x7f17be1a9133 0x7f17be1a9137
+B+: 0x7f17be1a9138 0x7f17be1a9152
+B+: 0x7f17be1a9153 0x7f17be1a915b
+B+: 0x7f17be1a9184 0x7f17be1a91a2
+B+: 0x7f17be1a91a3 0x7f17be1a91b1
+B+: 0x7f17be1a91b2 0x7f17be1a91b7
+B+: 0x7f17be1a91b8 0x7f17be1a91c1
+B+: 0x7f17be1a91c2 0x7f17be1a91c5
+B+: 0x7f17be1a91c6 0x7f17be1a91ca
+B+: 0x7f17be1a91cb 0x7f17be1a91d6
+B+: 0x7f17be1a91d7 0x7f17be1a91db
+B+: 0x7f17be1a9220 0x7f17be1a9249
+B+: 0x7f17be1a9250 0x7f17be1a9262
+B+: 0x7f17be1a9278 0x7f17be1a9278
+B+: 0x7f17be1a9280 0x7f17be1a92a3
+B+: 0x7f17be1a92b8 0x7f17be1a92b8
+B+: 0x7f17be1a92c0 0x7f17be1a92c8
+B+: 0x7f17be1a92c9 0x7f17be1a92d6
+B+: 0x7f17be1a92d7 0x7f17be1a92e2
+B+: 0x7f17be1a92e3 0x7f17be1a92e7
+B+: 0x7f17be1a92e8 0x7f17be1a92f0
+B+: 0x7f17be1a9300 0x7f17be1a9304
+B+: 0x7f17be1a9350 0x7f17be1a9373
+B+: 0x7f17be1a9374 0x7f17be1a937c
+B+: 0x7f17be1a937d 0x7f17be1a9385
+B+: 0x7f17be1a93c0 0x7f17be1a93ec
+B+: 0x7f17be1a93ed 0x7f17be1a93f2
+B+: 0x7f17be1a93f3 0x7f17be1a9404
+B+: 0x7f17be1a9405 0x7f17be1a940d
+B+: 0x7f17be1a940e 0x7f17be1a941c
+B+: 0x7f17be1a9424 0x7f17be1a942c
+CND+ 0x7f17be1a900e: taken
+CND+ 0x7f17be1a9126: taken
+CND+ 0x7f17be1a912b: not taken
+CND+ 0x7f17be1a9131: not taken
+CND+ 0x7f17be1a9136: not taken
+CND+ 0x7f17be1a914d: not taken
+CND+ 0x7f17be1a91b6: not taken
+CND+ 0x7f17be1a91c4: not taken
+CND+ 0x7f17be1a91c9: not taken
+CND+ 0x7f17be1a9261: taken
+CND+ 0x7f17be1a92a2: taken
+CND+ 0x7f17be1a92c7: not taken
+CND+ 0x7f17be1a92d5: not taken
+CND+ 0x7f17be1a93f1: not taken
+CND+ 0x7f17be1a940c: not taken
@0x7f17be1a9026 to 0x7f17c2198500 7
@0x7f17be1a9030 to 0x7f17be1a9036 1
@0x7f17be1a9040 to 0x7f17be1a9046 1
@0x7f17be1a9050 to 0x7f17be1a9056 1
@0x7f17be1a9090 to 0x7f17be1a9096 1
@0x7f17be1a90b0 to 0x7f17be1a90b6 1
@0x7f17be1a90c0 to 0x7f17be1a90c6 1
@0x7f17be1a90d0 to 0x7f17be1a90d6 1
@0x7f17be1a90e0 to 0x7f17c0cfe1c0 1
@0x7f17be1a9244 to 0x7f17c0ce7fb0 1
@0x7f17be1a9401 to 0x7f17be1a9300 1
