MODULE_NAME: /usr/bin/gs
MODULE_START: 0x7fd6a6ccd000
+B+: 0x7fd6a6cce000 0x7fd6a6cce00f
+B+: 0x7fd6a6cce012 0x7fd6a6cce016
+B+: 0x7fd6a6cce020 0x7fd6a6cce02b
+B+: 0x7fd6a6cce030 0x7fd6a6cce035
+B+: 0x7fd6a6cce036 0x7fd6a6cce03f
+B+: 0x7fd6a6cce040 0x7fd6a6cce045
+B+: 0x7fd6a6cce046 0x7fd6a6cce04f
+B+: 0x7fd6a6cce050 0x7fd6a6cce055
+B+: 0x7fd6a6cce056 0x7fd6a6cce05f
+B+: 0x7fd6a6cce090 0x7fd6a6cce095
+B+: 0x7fd6a6cce096 0x7fd6a6cce09f
+B+: 0x7fd6a6cce0b0 0x7fd6a6cce0b5
+B+: 0x7fd6a6cce0b6 0x7fd6a6cce0bf
+B+: 0x7fd6a6cce0c0 0x7fd6a6cce0c5
+B+: 0x7fd6a6cce0c6 0x7fd6a6cce0cf
+B+: 0x7fd6a6cce0d0 0x7fd6a6cce0d5
+B+: 0x7fd6a6cce0d6 0x7fd6a6cce0df
+B+: 0x7fd6a6cce0e0 0x7fd6a6cce0e5
+B+: 0x7fd6a6cce0f0 0x7fd6a6cce121
+B+: 0x7fd6a6cce122 0x7fd6a6cce127
+B+: 0x7fd6a6cce128 0x7fd6a6cce130
+B+: 0x7fd6a6cce131 0x7fd6a6cce132
+B+: 0x7fd6a6cce133 0x7fd6a6cce137
+B+: 0x7fd6a6cce138 0x7fd6a6cce152
+B+: 0x7fd6a6cce153 0x7fd6a6cce15b
+B+: 0x7fd6a6cce184 0x7fd6a6cce1a2
+B+: 0x7fd6a6cce1a3 0x7fd6a6cce1b1
+B+: 0x7fd6a6cce1b2 0x7fd6a6cce1b7
+B+: 0x7fd6a6cce1b8 0x7fd6a6cce1c1
+B+: 0x7fd6a6cce1c2 0x7fd6a6cce1c5
+B+: 0x7fd6a6cce1c6 0x7fd6a6cce1ca
+B+: 0x7fd6a6cce1cb 0x7fd6a6cce1d6
+B+: 0x7fd6a6cce1d7 0x7fd6a6cce1db
+B+: 0x7fd6a6cce220 0x7fd6a6cce249
+B+: 0x7fd6a6cce250 0x7fd6a6cce262
+B+: 0x7fd6a6cce278 0x7fd6a6cce278
+B+: 0x7fd6a6cce280 0x7fd6a6cce2a3
+B+: 0x7fd6a6cce2b8 0x7fd6a6cce2b8
+B+: 0x7fd6a6cce2c0 0x7fd6a6cce2c8
+B+: 0x7fd6a6cce2c9 0x7fd6a6cce2d6
+B+: 0x7fd6a6cce2d7 0x7fd6a6cce2e2
+B+: 0x7fd6a6cce2e3 0x7fd6a6cce2e7
+B+: 0x7fd6a6cce2e8 0x7fd6a6cce2f0
+B+: 0x7fd6a6cce300 0x7fd6a6cce304
+B+: 0x7fd6a6cce350 0x7fd6a6cce373
+B+: 0x7fd6a6cce374 0x7fd6a6cce37c
+B+: 0x7fd6a6cce37d 0x7fd6a6cce385
+B+: 0x7fd6a6cce3c0 0x7fd6a6cce3ec
+B+: 0x7fd6a6cce3ed 0x7fd6a6cce3f2
+B+: 0x7fd6a6cce3f3 0x7fd6a6cce404
+B+: 0x7fd6a6cce405 0x7fd6a6cce40d
+B+: 0x7fd6a6cce40e 0x7fd6a6cce41c
+B+: 0x7fd6a6cce424 0x7fd6a6cce42c
+CND+ 0x7fd6a6cce00e: taken
+CND+ 0x7fd6a6cce126: taken
+CND+ 0x7fd6a6cce12b: not taken
+CND+ 0x7fd6a6cce131: not taken
+CND+ 0x7fd6a6cce136: not taken
+CND+ 0x7fd6a6cce14d: not taken
+CND+ 0x7fd6a6cce1b6: not taken
+CND+ 0x7fd6a6cce1c4: not taken
+CND+ 0x7fd6a6cce1c9: not taken
+CND+ 0x7fd6a6cce261: taken
+CND+ 0x7fd6a6cce2a2: taken
+CND+ 0x7fd6a6cce2c7: not taken
+CND+ 0x7fd6a6cce2d5: not taken
+CND+ 0x7fd6a6cce3f1: not taken
+CND+ 0x7fd6a6cce40c: not taken
@0x7fd6a6cce026 to 0x7fd6aacbd500 7
@0x7fd6a6cce030 to 0x7fd6a6cce036 1
@0x7fd6a6cce040 to 0x7fd6a6cce046 1
@0x7fd6a6cce050 to 0x7fd6a6cce056 1
@0x7fd6a6cce090 to 0x7fd6a6cce096 1
@0x7fd6a6cce0b0 to 0x7fd6a6cce0b6 1
@0x7fd6a6cce0c0 to 0x7fd6a6cce0c6 1
@0x7fd6a6cce0d0 to 0x7fd6a6cce0d6 1
@0x7fd6a6cce0e0 to 0x7fd6a98231c0 1
@0x7fd6a6cce244 to 0x7fd6a980cfb0 1
@0x7fd6a6cce401 to 0x7fd6a6cce300 1
