MODULE_NAME: /usr/bin/gs
MODULE_START: 0x7f739d433000
+B+: 0x7f739d434000 0x7f739d43400f
+B+: 0x7f739d434012 0x7f739d434016
+B+: 0x7f739d434020 0x7f739d43402b
+B+: 0x7f739d434030 0x7f739d434035
+B+: 0x7f739d434036 0x7f739d43403f
+B+: 0x7f739d434040 0x7f739d434045
+B+: 0x7f739d434046 0x7f739d43404f
+B+: 0x7f739d434050 0x7f739d434055
+B+: 0x7f739d434056 0x7f739d43405f
+B+: 0x7f739d434090 0x7f739d434095
+B+: 0x7f739d434096 0x7f739d43409f
+B+: 0x7f739d4340b0 0x7f739d4340b5
+B+: 0x7f739d4340b6 0x7f739d4340bf
+B+: 0x7f739d4340c0 0x7f739d4340c5
+B+: 0x7f739d4340c6 0x7f739d4340cf
+B+: 0x7f739d4340d0 0x7f739d4340d5
+B+: 0x7f739d4340d6 0x7f739d4340df
+B+: 0x7f739d4340e0 0x7f739d4340e5
+B+: 0x7f739d4340f0 0x7f739d434121
+B+: 0x7f739d434122 0x7f739d434127
+B+: 0x7f739d434128 0x7f739d434130
+B+: 0x7f739d434131 0x7f739d434132
+B+: 0x7f739d434133 0x7f739d434137
+B+: 0x7f739d434138 0x7f739d434152
+B+: 0x7f739d434153 0x7f739d43415b
+B+: 0x7f739d434184 0x7f739d4341a2
+B+: 0x7f739d4341a3 0x7f739d4341b1
+B+: 0x7f739d4341b2 0x7f739d4341b7
+B+: 0x7f739d4341b8 0x7f739d4341c1
+B+: 0x7f739d4341c2 0x7f739d4341c5
+B+: 0x7f739d4341c6 0x7f739d4341ca
+B+: 0x7f739d4341cb 0x7f739d4341d6
+B+: 0x7f739d4341d7 0x7f739d4341db
+B+: 0x7f739d434220 0x7f739d434249
+B+: 0x7f739d434250 0x7f739d434262
+B+: 0x7f739d434278 0x7f739d434278
+B+: 0x7f739d434280 0x7f739d4342a3
+B+: 0x7f739d4342b8 0x7f739d4342b8
+B+: 0x7f739d4342c0 0x7f739d4342c8
+B+: 0x7f739d4342c9 0x7f739d4342d6
+B+: 0x7f739d4342d7 0x7f739d4342e2
+B+: 0x7f739d4342e3 0x7f739d4342e7
+B+: 0x7f739d4342e8 0x7f739d4342f0
+B+: 0x7f739d434300 0x7f739d434304
+B+: 0x7f739d434350 0x7f739d434373
+B+: 0x7f739d434374 0x7f739d43437c
+B+: 0x7f739d43437d 0x7f739d434385
+B+: 0x7f739d4343c0 0x7f739d4343ec
+B+: 0x7f739d4343ed 0x7f739d4343f2
+B+: 0x7f739d4343f3 0x7f739d434404
+B+: 0x7f739d434405 0x7f739d43440d
+B+: 0x7f739d43440e 0x7f739d43441c
+B+: 0x7f739d434424 0x7f739d43442c
+CND+ 0x7f739d43400e: taken
+CND+ 0x7f739d434126: taken
+CND+ 0x7f739d43412b: not taken
+CND+ 0x7f739d434131: not taken
+CND+ 0x7f739d434136: not taken
+CND+ 0x7f739d43414d: not taken
+CND+ 0x7f739d4341b6: not taken
+CND+ 0x7f739d4341c4: not taken
+CND+ 0x7f739d4341c9: not taken
+CND+ 0x7f739d434261: taken
+CND+ 0x7f739d4342a2: taken
+CND+ 0x7f739d4342c7: not taken
+CND+ 0x7f739d4342d5: not taken
+CND+ 0x7f739d4343f1: not taken
+CND+ 0x7f739d43440c: not taken
@0x7f739d434026 to 0x7f73a1423500 7
@0x7f739d434030 to 0x7f739d434036 1
@0x7f739d434040 to 0x7f739d434046 1
@0x7f739d434050 to 0x7f739d434056 1
@0x7f739d434090 to 0x7f739d434096 1
@0x7f739d4340b0 to 0x7f739d4340b6 1
@0x7f739d4340c0 to 0x7f739d4340c6 1
@0x7f739d4340d0 to 0x7f739d4340d6 1
@0x7f739d4340e0 to 0x7f739ff891c0 1
@0x7f739d434244 to 0x7f739ff72fb0 1
@0x7f739d434401 to 0x7f739d434300 1
