MODULE_NAME: /usr/bin/gs
MODULE_START: 0x7f33f09be000
+B+: 0x7f33f09bf000 0x7f33f09bf00f
+B+: 0x7f33f09bf012 0x7f33f09bf016
+B+: 0x7f33f09bf020 0x7f33f09bf02b
+B+: 0x7f33f09bf030 0x7f33f09bf035
+B+: 0x7f33f09bf036 0x7f33f09bf03f
+B+: 0x7f33f09bf040 0x7f33f09bf045
+B+: 0x7f33f09bf046 0x7f33f09bf04f
+B+: 0x7f33f09bf050 0x7f33f09bf055
+B+: 0x7f33f09bf056 0x7f33f09bf05f
+B+: 0x7f33f09bf090 0x7f33f09bf095
+B+: 0x7f33f09bf096 0x7f33f09bf09f
+B+: 0x7f33f09bf0b0 0x7f33f09bf0b5
+B+: 0x7f33f09bf0b6 0x7f33f09bf0bf
+B+: 0x7f33f09bf0c0 0x7f33f09bf0c5
+B+: 0x7f33f09bf0c6 0x7f33f09bf0cf
+B+: 0x7f33f09bf0d0 0x7f33f09bf0d5
+B+: 0x7f33f09bf0d6 0x7f33f09bf0df
+B+: 0x7f33f09bf0e0 0x7f33f09bf0e5
+B+: 0x7f33f09bf0f0 0x7f33f09bf121
+B+: 0x7f33f09bf122 0x7f33f09bf127
+B+: 0x7f33f09bf128 0x7f33f09bf130
+B+: 0x7f33f09bf131 0x7f33f09bf132
+B+: 0x7f33f09bf133 0x7f33f09bf137
+B+: 0x7f33f09bf138 0x7f33f09bf152
+B+: 0x7f33f09bf153 0x7f33f09bf15b
+B+: 0x7f33f09bf184 0x7f33f09bf1a2
+B+: 0x7f33f09bf1a3 0x7f33f09bf1b1
+B+: 0x7f33f09bf1b2 0x7f33f09bf1b7
+B+: 0x7f33f09bf1b8 0x7f33f09bf1c1
+B+: 0x7f33f09bf1c2 0x7f33f09bf1c5
+B+: 0x7f33f09bf1c6 0x7f33f09bf1ca
+B+: 0x7f33f09bf1cb 0x7f33f09bf1d6
+B+: 0x7f33f09bf1d7 0x7f33f09bf1db
+B+: 0x7f33f09bf220 0x7f33f09bf249
+B+: 0x7f33f09bf250 0x7f33f09bf262
+B+: 0x7f33f09bf278 0x7f33f09bf278
+B+: 0x7f33f09bf280 0x7f33f09bf2a3
+B+: 0x7f33f09bf2b8 0x7f33f09bf2b8
+B+: 0x7f33f09bf2c0 0x7f33f09bf2c8
+B+: 0x7f33f09bf2c9 0x7f33f09bf2d6
+B+: 0x7f33f09bf2d7 0x7f33f09bf2e2
+B+: 0x7f33f09bf2e3 0x7f33f09bf2e7
+B+: 0x7f33f09bf2e8 0x7f33f09bf2f0
+B+: 0x7f33f09bf300 0x7f33f09bf304
+B+: 0x7f33f09bf350 0x7f33f09bf373
+B+: 0x7f33f09bf374 0x7f33f09bf37c
+B+: 0x7f33f09bf37d 0x7f33f09bf385
+B+: 0x7f33f09bf3c0 0x7f33f09bf3ec
+B+: 0x7f33f09bf3ed 0x7f33f09bf3f2
+B+: 0x7f33f09bf3f3 0x7f33f09bf404
+B+: 0x7f33f09bf405 0x7f33f09bf40d
+B+: 0x7f33f09bf40e 0x7f33f09bf41c
+B+: 0x7f33f09bf424 0x7f33f09bf42c
+CND+ 0x7f33f09bf00e: taken
+CND+ 0x7f33f09bf126: taken
+CND+ 0x7f33f09bf12b: not taken
+CND+ 0x7f33f09bf131: not taken
+CND+ 0x7f33f09bf136: not taken
+CND+ 0x7f33f09bf14d: not taken
+CND+ 0x7f33f09bf1b6: not taken
+CND+ 0x7f33f09bf1c4: not taken
+CND+ 0x7f33f09bf1c9: not taken
+CND+ 0x7f33f09bf261: taken
+CND+ 0x7f33f09bf2a2: taken
+CND+ 0x7f33f09bf2c7: not taken
+CND+ 0x7f33f09bf2d5: not taken
+CND+ 0x7f33f09bf3f1: not taken
+CND+ 0x7f33f09bf40c: not taken
@0x7f33f09bf026 to 0x7f33f49ae500 7
@0x7f33f09bf030 to 0x7f33f09bf036 1
@0x7f33f09bf040 to 0x7f33f09bf046 1
@0x7f33f09bf050 to 0x7f33f09bf056 1
@0x7f33f09bf090 to 0x7f33f09bf096 1
@0x7f33f09bf0b0 to 0x7f33f09bf0b6 1
@0x7f33f09bf0c0 to 0x7f33f09bf0c6 1
@0x7f33f09bf0d0 to 0x7f33f09bf0d6 1
@0x7f33f09bf0e0 to 0x7f33f35141c0 1
@0x7f33f09bf244 to 0x7f33f34fdfb0 1
@0x7f33f09bf401 to 0x7f33f09bf300 1
