MODULE_NAME: /usr/bin/gs
MODULE_START: 0x7fd4695e2000
+B+: 0x7fd4695e3000 0x7fd4695e300f
+B+: 0x7fd4695e3012 0x7fd4695e3016
+B+: 0x7fd4695e3020 0x7fd4695e302b
+B+: 0x7fd4695e3030 0x7fd4695e3035
+B+: 0x7fd4695e3036 0x7fd4695e303f
+B+: 0x7fd4695e3040 0x7fd4695e3045
+B+: 0x7fd4695e3046 0x7fd4695e304f
+B+: 0x7fd4695e3050 0x7fd4695e3055
+B+: 0x7fd4695e3056 0x7fd4695e305f
+B+: 0x7fd4695e3090 0x7fd4695e3095
+B+: 0x7fd4695e3096 0x7fd4695e309f
+B+: 0x7fd4695e30b0 0x7fd4695e30b5
+B+: 0x7fd4695e30b6 0x7fd4695e30bf
+B+: 0x7fd4695e30c0 0x7fd4695e30c5
+B+: 0x7fd4695e30c6 0x7fd4695e30cf
+B+: 0x7fd4695e30d0 0x7fd4695e30d5
+B+: 0x7fd4695e30d6 0x7fd4695e30df
+B+: 0x7fd4695e30e0 0x7fd4695e30e5
+B+: 0x7fd4695e30f0 0x7fd4695e3121
+B+: 0x7fd4695e3122 0x7fd4695e3127
+B+: 0x7fd4695e3128 0x7fd4695e3130
+B+: 0x7fd4695e3131 0x7fd4695e3132
+B+: 0x7fd4695e3133 0x7fd4695e3137
+B+: 0x7fd4695e3138 0x7fd4695e3152
+B+: 0x7fd4695e3153 0x7fd4695e315b
+B+: 0x7fd4695e3184 0x7fd4695e31a2
+B+: 0x7fd4695e31a3 0x7fd4695e31b1
+B+: 0x7fd4695e31b2 0x7fd4695e31b7
+B+: 0x7fd4695e31b8 0x7fd4695e31c1
+B+: 0x7fd4695e31c2 0x7fd4695e31c5
+B+: 0x7fd4695e31c6 0x7fd4695e31ca
+B+: 0x7fd4695e31cb 0x7fd4695e31d6
+B+: 0x7fd4695e31d7 0x7fd4695e31db
+B+: 0x7fd4695e3220 0x7fd4695e3249
+B+: 0x7fd4695e3250 0x7fd4695e3262
+B+: 0x7fd4695e3278 0x7fd4695e3278
+B+: 0x7fd4695e3280 0x7fd4695e32a3
+B+: 0x7fd4695e32b8 0x7fd4695e32b8
+B+: 0x7fd4695e32c0 0x7fd4695e32c8
+B+: 0x7fd4695e32c9 0x7fd4695e32d6
+B+: 0x7fd4695e32d7 0x7fd4695e32e2
+B+: 0x7fd4695e32e3 0x7fd4695e32e7
+B+: 0x7fd4695e32e8 0x7fd4695e32f0
+B+: 0x7fd4695e3300 0x7fd4695e3304
+B+: 0x7fd4695e3350 0x7fd4695e3373
+B+: 0x7fd4695e3374 0x7fd4695e337c
+B+: 0x7fd4695e337d 0x7fd4695e3385
+B+: 0x7fd4695e33c0 0x7fd4695e33ec
+B+: 0x7fd4695e33ed 0x7fd4695e33f2
+B+: 0x7fd4695e33f3 0x7fd4695e3404
+B+: 0x7fd4695e3405 0x7fd4695e340d
+B+: 0x7fd4695e340e 0x7fd4695e341c
+B+: 0x7fd4695e3424 0x7fd4695e342c
+CND+ 0x7fd4695e300e: taken
+CND+ 0x7fd4695e3126: taken
+CND+ 0x7fd4695e312b: not taken
+CND+ 0x7fd4695e3131: not taken
+CND+ 0x7fd4695e3136: not taken
+CND+ 0x7fd4695e314d: not taken
+CND+ 0x7fd4695e31b6: not taken
+CND+ 0x7fd4695e31c4: not taken
+CND+ 0x7fd4695e31c9: not taken
+CND+ 0x7fd4695e3261: taken
+CND+ 0x7fd4695e32a2: taken
+CND+ 0x7fd4695e32c7: not taken
+CND+ 0x7fd4695e32d5: not taken
+CND+ 0x7fd4695e33f1: not taken
+CND+ 0x7fd4695e340c: not taken
@0x7fd4695e3026 to 0x7fd46d5d2500 7
@0x7fd4695e3030 to 0x7fd4695e3036 1
@0x7fd4695e3040 to 0x7fd4695e3046 1
@0x7fd4695e3050 to 0x7fd4695e3056 1
@0x7fd4695e3090 to 0x7fd4695e3096 1
@0x7fd4695e30b0 to 0x7fd4695e30b6 1
@0x7fd4695e30c0 to 0x7fd4695e30c6 1
@0x7fd4695e30d0 to 0x7fd4695e30d6 1
@0x7fd4695e30e0 to 0x7fd46c1381c0 1
@0x7fd4695e3244 to 0x7fd46c121fb0 1
@0x7fd4695e3401 to 0x7fd4695e3300 1
