MODULE_NAME: /bin/dash
MODULE_START: 0x7f7b20c7b000
+B+: 0x7f7b20c7f000 0x7f7b20c7f00f
+B+: 0x7f7b20c7f012 0x7f7b20c7f016
+B+: 0x7f7b20c7f050 0x7f7b20c7f055
+B+: 0x7f7b20c7f080 0x7f7b20c7f085
+B+: 0x7f7b20c7f090 0x7f7b20c7f095
+B+: 0x7f7b20c7f0a0 0x7f7b20c7f0a5
+B+: 0x7f7b20c7f0d0 0x7f7b20c7f0d5
+B+: 0x7f7b20c7f0f0 0x7f7b20c7f0f5
+B+: 0x7f7b20c7f130 0x7f7b20c7f135
+B+: 0x7f7b20c7f140 0x7f7b20c7f145
+B+: 0x7f7b20c7f150 0x7f7b20c7f155
+B+: 0x7f7b20c7f160 0x7f7b20c7f165
+B+: 0x7f7b20c7f190 0x7f7b20c7f195
+B+: 0x7f7b20c7f1c0 0x7f7b20c7f1c5
+B+: 0x7f7b20c7f1e0 0x7f7b20c7f1e5
+B+: 0x7f7b20c7f220 0x7f7b20c7f225
+B+: 0x7f7b20c7f230 0x7f7b20c7f235
+B+: 0x7f7b20c7f280 0x7f7b20c7f285
+B+: 0x7f7b20c7f2a0 0x7f7b20c7f2a5
+B+: 0x7f7b20c7f2d0 0x7f7b20c7f2d5
+B+: 0x7f7b20c7f320 0x7f7b20c7f325
+B+: 0x7f7b20c7f330 0x7f7b20c7f335
+B+: 0x7f7b20c7f350 0x7f7b20c7f355
+B+: 0x7f7b20c7f370 0x7f7b20c7f375
+B+: 0x7f7b20c7f390 0x7f7b20c7f395
+B+: 0x7f7b20c7f3b0 0x7f7b20c7f3b5
+B+: 0x7f7b20c7f3c0 0x7f7b20c7f3c5
+B+: 0x7f7b20c7f3e0 0x7f7b20c7f3e5
+B+: 0x7f7b20c7f410 0x7f7b20c7f415
+B+: 0x7f7b20c7f460 0x7f7b20c7f465
+B+: 0x7f7b20c7f510 0x7f7b20c7f515
+B+: 0x7f7b20c7f560 0x7f7b20c7f565
+B+: 0x7f7b20c7f570 0x7f7b20c7f575
+B+: 0x7f7b20c7f590 0x7f7b20c7f5b8
+B+: 0x7f7b20c7f5b9 0x7f7b20c7f5c4
+B+: 0x7f7b20c7f5c5 0x7f7b20c7f5cf
+B+: 0x7f7b20c7f5d0 0x7f7b20c7f5e7
+B+: 0x7f7b20c7f5e8 0x7f7b20c7f5ef
+B+: 0x7f7b20c7f5f0 0x7f7b20c7f600
+B+: 0x7f7b20c7f601 0x7f7b20c7f60b
+B+: 0x7f7b20c7f60c 0x7f7b20c7f615
+B+: 0x7f7b20c7f616 0x7f7b20c7f623
+B+: 0x7f7b20c7f624 0x7f7b20c7f62b
+B+: 0x7f7b20c7f62c 0x7f7b20c7f63c
+B+: 0x7f7b20c7f657 0x7f7b20c7f660
+B+: 0x7f7b20c7f661 0x7f7b20c7f678
+B+: 0x7f7b20c7f679 0x7f7b20c7f67f
+B+: 0x7f7b20c7f680 0x7f7b20c7f68c
+B+: 0x7f7b20c7f68d 0x7f7b20c7f696
+B+: 0x7f7b20c7f697 0x7f7b20c7f69b
+B+: 0x7f7b20c7f760 0x7f7b20c7f789
+B+: 0x7f7b20c7f7c0 0x7f7b20c7f7e3
+B+: 0x7f7b20c7f7f8 0x7f7b20c7f7f8
+B+: 0x7f7b20c7f840 0x7f7b20c7f844
+B+: 0x7f7b20c7f850 0x7f7b20c7f863
+B+: 0x7f7b20c7f864 0x7f7b20c7f86f
+B+: 0x7f7b20c7f870 0x7f7b20c7f87d
+B+: 0x7f7b20c7f87e 0x7f7b20c7f8aa
+B+: 0x7f7b20c7f8ab 0x7f7b20c7f8ac
+B+: 0x7f7b20c7f8cb 0x7f7b20c7f8d2
+B+: 0x7f7b20c7fa50 0x7f7b20c7fa57
+B+: 0x7f7b20c7fa58 0x7f7b20c7fa5e
+B+: 0x7f7b20c7fa5f 0x7f7b20c7fa63
+B+: 0x7f7b20c7fa71 0x7f7b20c7fa72
+B+: 0x7f7b20c806d0 0x7f7b20c806eb
+B+: 0x7f7b20c806ec 0x7f7b20c80705
+B+: 0x7f7b20c80717 0x7f7b20c8071b
+B+: 0x7f7b20c8071c 0x7f7b20c80720
+B+: 0x7f7b20c8072c 0x7f7b20c80730
+B+: 0x7f7b20c8073e 0x7f7b20c8074d
+B+: 0x7f7b20c8074e 0x7f7b20c80757
+B+: 0x7f7b20c80758 0x7f7b20c80775
+B+: 0x7f7b20c80780 0x7f7b20c80788
+B+: 0x7f7b20c80789 0x7f7b20c80790
+B+: 0x7f7b20c80791 0x7f7b20c8079c
+B+: 0x7f7b20c81060 0x7f7b20c8107e
+B+: 0x7f7b20c8110d 0x7f7b20c8111c
+B+: 0x7f7b20c8111d 0x7f7b20c81123
+B+: 0x7f7b20c81140 0x7f7b20c8114a
+B+: 0x7f7b20c8114b 0x7f7b20c81152
+B+: 0x7f7b20c81153 0x7f7b20c8115d
+B+: 0x7f7b20c8115e 0x7f7b20c8116f
+B+: 0x7f7b20c81188 0x7f7b20c8118c
+B+: 0x7f7b20c8118d 0x7f7b20c81191
+B+: 0x7f7b20c81192 0x7f7b20c8119c
+B+: 0x7f7b20c811a7 0x7f7b20c811ad
+B+: 0x7f7b20c811ae 0x7f7b20c811b5
+B+: 0x7f7b20c811c0 0x7f7b20c811cf
+B+: 0x7f7b20c81bc0 0x7f7b20c81bfa
+B+: 0x7f7b20c81bfb 0x7f7b20c81c07
+B+: 0x7f7b20c81c08 0x7f7b20c81c0f
+B+: 0x7f7b20c81c10 0x7f7b20c81c11
+B+: 0x7f7b20c81c18 0x7f7b20c81c21
+B+: 0x7f7b20c81c22 0x7f7b20c81c2e
+B+: 0x7f7b20c81c32 0x7f7b20c81c39
+B+: 0x7f7b20c81c3a 0x7f7b20c81c49
+B+: 0x7f7b20c81c4a 0x7f7b20c81c51
+B+: 0x7f7b20c81c52 0x7f7b20c81c58
+B+: 0x7f7b20c81c59 0x7f7b20c81c60
+B+: 0x7f7b20c81c61 0x7f7b20c81c68
+B+: 0x7f7b20c81c69 0x7f7b20c81c6d
+B+: 0x7f7b20c81c6e 0x7f7b20c81c77
+B+: 0x7f7b20c81c78 0x7f7b20c81c89
+B+: 0x7f7b20c81c8a 0x7f7b20c81c98
+B+: 0x7f7b20c81e90 0x7f7b20c81ed3
+B+: 0x7f7b20c81edf 0x7f7b20c81ef5
+B+: 0x7f7b20c81ef6 0x7f7b20c81efa
+B+: 0x7f7b20c81efb 0x7f7b20c81f5a
+B+: 0x7f7b20c81f5b 0x7f7b20c81f67
+B+: 0x7f7b20c81f68 0x7f7b20c81f77
+B+: 0x7f7b20c81f78 0x7f7b20c81f7f
+B+: 0x7f7b20c81f80 0x7f7b20c81f8b
+B+: 0x7f7b20c81f8c 0x7f7b20c81f94
+B+: 0x7f7b20c81f95 0x7f7b20c81f9b
+B+: 0x7f7b20c81fa0 0x7f7b20c81faf
+B+: 0x7f7b20c81fb0 0x7f7b20c81fc5
+B+: 0x7f7b20c81fc6 0x7f7b20c81fcf
+B+: 0x7f7b20c81fd0 0x7f7b20c81fe3
+B+: 0x7f7b20c81fe4 0x7f7b20c81ffc
+B+: 0x7f7b20c82019 0x7f7b20c8202b
+B+: 0x7f7b20c8202c 0x7f7b20c82034
+B+: 0x7f7b20c82035 0x7f7b20c82047
+B+: 0x7f7b20c82048 0x7f7b20c8205b
+B+: 0x7f7b20c820a8 0x7f7b20c820b4
+B+: 0x7f7b20c820b5 0x7f7b20c820b9
+B+: 0x7f7b20c820db 0x7f7b20c820e1
+B+: 0x7f7b20c820f0 0x7f7b20c82103
+B+: 0x7f7b20c82104 0x7f7b20c82113
+B+: 0x7f7b20c82114 0x7f7b20c8211b
+B+: 0x7f7b20c8211c 0x7f7b20c82122
+B+: 0x7f7b20c82123 0x7f7b20c82152
+B+: 0x7f7b20c82153 0x7f7b20c8215f
+B+: 0x7f7b20c82160 0x7f7b20c82168
+B+: 0x7f7b20c82216 0x7f7b20c8221c
+B+: 0x7f7b20c82224 0x7f7b20c8222d
+B+: 0x7f7b20c8222e 0x7f7b20c82237
+B+: 0x7f7b20c82238 0x7f7b20c82241
+B+: 0x7f7b20c82242 0x7f7b20c8224b
+B+: 0x7f7b20c8225d 0x7f7b20c82266
+B+: 0x7f7b20c82267 0x7f7b20c82281
+B+: 0x7f7b20c82282 0x7f7b20c82293
+B+: 0x7f7b20c8234c 0x7f7b20c82353
+B+: 0x7f7b20c82354 0x7f7b20c8236f
+B+: 0x7f7b20c8251b 0x7f7b20c82525
+B+: 0x7f7b20c82526 0x7f7b20c8252e
+B+: 0x7f7b20c8252f 0x7f7b20c82537
+B+: 0x7f7b20c828d0 0x7f7b20c828ec
+B+: 0x7f7b20c828ed 0x7f7b20c828f1
+B+: 0x7f7b20c828f8 0x7f7b20c828fa
+B+: 0x7f7b20c828fb 0x7f7b20c82907
+B+: 0x7f7b20c82908 0x7f7b20c8293e
+B+: 0x7f7b20c8293f 0x7f7b20c82940
+B+: 0x7f7b20c82963 0x7f7b20c82977
+B+: 0x7f7b20c82980 0x7f7b20c82986
+B+: 0x7f7b20c82987 0x7f7b20c8298e
+B+: 0x7f7b20c8298f 0x7f7b20c82997
+B+: 0x7f7b20c82998 0x7f7b20c829ba
+B+: 0x7f7b20c829bb 0x7f7b20c829bc
+B+: 0x7f7b20c829c0 0x7f7b20c829e7
+B+: 0x7f7b20c829e8 0x7f7b20c829f7
+B+: 0x7f7b20c82a19 0x7f7b20c82a21
+B+: 0x7f7b20c82a22 0x7f7b20c82a2a
+B+: 0x7f7b20c82a2b 0x7f7b20c82a34
+B+: 0x7f7b20c82a35 0x7f7b20c82a3f
+B+: 0x7f7b20c82ad0 0x7f7b20c82ae9
+B+: 0x7f7b20c82aea 0x7f7b20c82b00
+B+: 0x7f7b20c82b10 0x7f7b20c82b1f
+B+: 0x7f7b20c82b20 0x7f7b20c82b2b
+B+: 0x7f7b20c82b2c 0x7f7b20c82b31
+B+: 0x7f7b20c82b32 0x7f7b20c82b41
+B+: 0x7f7b20c82b56 0x7f7b20c82b61
+B+: 0x7f7b20c82b62 0x7f7b20c82b6f
+B+: 0x7f7b20c82b70 0x7f7b20c82b85
+B+: 0x7f7b20c82b86 0x7f7b20c82b97
+B+: 0x7f7b20c82b98 0x7f7b20c82bc0
+B+: 0x7f7b20c82bc8 0x7f7b20c82bcc
+B+: 0x7f7b20c82bcd 0x7f7b20c82bea
+B+: 0x7f7b20c82d70 0x7f7b20c82d98
+B+: 0x7f7b20c82da0 0x7f7b20c82da1
+B+: 0x7f7b20c82da2 0x7f7b20c82daa
+B+: 0x7f7b20c82dab 0x7f7b20c82dc5
+B+: 0x7f7b20c82dc6 0x7f7b20c82dc9
+B+: 0x7f7b20c82dca 0x7f7b20c82dd1
+B+: 0x7f7b20c82dd2 0x7f7b20c82de6
+B+: 0x7f7b20c82df0 0x7f7b20c82e2a
+B+: 0x7f7b20c82e2b 0x7f7b20c82e2f
+B+: 0x7f7b20c82e46 0x7f7b20c82e5c
+B+: 0x7f7b20c82e5d 0x7f7b20c82e6e
+B+: 0x7f7b20c82e90 0x7f7b20c82ead
+B+: 0x7f7b20c82ec8 0x7f7b20c82ed1
+B+: 0x7f7b20c82ed2 0x7f7b20c82edd
+B+: 0x7f7b20c82f6c 0x7f7b20c82f8f
+B+: 0x7f7b20c82f90 0x7f7b20c82f9c
+B+: 0x7f7b20c82f9d 0x7f7b20c82fa8
+B+: 0x7f7b20c82fa9 0x7f7b20c82fb0
+B+: 0x7f7b20c82fb1 0x7f7b20c82fc5
+B+: 0x7f7b20c83008 0x7f7b20c83012
+B+: 0x7f7b20c83013 0x7f7b20c8301e
+B+: 0x7f7b20c8301f 0x7f7b20c8302e
+B+: 0x7f7b20c83060 0x7f7b20c83066
+B+: 0x7f7b20c83067 0x7f7b20c83074
+B+: 0x7f7b20c83075 0x7f7b20c83086
+B+: 0x7f7b20c83087 0x7f7b20c8308e
+B+: 0x7f7b20c8308f 0x7f7b20c830a2
+B+: 0x7f7b20c830a3 0x7f7b20c830b0
+B+: 0x7f7b20c83100 0x7f7b20c83116
+B+: 0x7f7b20c83145 0x7f7b20c8314d
+B+: 0x7f7b20c8314e 0x7f7b20c83157
+B+: 0x7f7b20c83160 0x7f7b20c83166
+B+: 0x7f7b20c831c0 0x7f7b20c831d1
+B+: 0x7f7b20c831e8 0x7f7b20c831ef
+B+: 0x7f7b20c83248 0x7f7b20c8325b
+B+: 0x7f7b20c8325c 0x7f7b20c83271
+B+: 0x7f7b20c837d0 0x7f7b20c837ff
+B+: 0x7f7b20c8380f 0x7f7b20c83812
+B+: 0x7f7b20c83813 0x7f7b20c8381c
+B+: 0x7f7b20c8381d 0x7f7b20c83820
+B+: 0x7f7b20c83821 0x7f7b20c8382f
+B+: 0x7f7b20c83830 0x7f7b20c8383a
+B+: 0x7f7b20c8384f 0x7f7b20c8385a
+B+: 0x7f7b20c8385f 0x7f7b20c83862
+B+: 0x7f7b20c83870 0x7f7b20c83877
+B+: 0x7f7b20c83878 0x7f7b20c8388d
+B+: 0x7f7b20c84440 0x7f7b20c84464
+B+: 0x7f7b20c8461e 0x7f7b20c84627
+B+: 0x7f7b20c84628 0x7f7b20c84631
+B+: 0x7f7b20c84632 0x7f7b20c84659
+B+: 0x7f7b20c846af 0x7f7b20c846bc
+B+: 0x7f7b20c846c0 0x7f7b20c846cb
+B+: 0x7f7b20c84730 0x7f7b20c8473b
+B+: 0x7f7b20c84740 0x7f7b20c8475e
+B+: 0x7f7b20c8475f 0x7f7b20c84767
+B+: 0x7f7b20c847d2 0x7f7b20c847e3
+B+: 0x7f7b20c848a0 0x7f7b20c848a7
+B+: 0x7f7b20c85260 0x7f7b20c852a5
+B+: 0x7f7b20c852b5 0x7f7b20c852be
+B+: 0x7f7b20c852bf 0x7f7b20c852d2
+B+: 0x7f7b20c852d3 0x7f7b20c852fc
+B+: 0x7f7b20c852fd 0x7f7b20c85310
+B+: 0x7f7b20c85324 0x7f7b20c85328
+B+: 0x7f7b20c85336 0x7f7b20c8533f
+B+: 0x7f7b20c85340 0x7f7b20c85344
+B+: 0x7f7b20c85370 0x7f7b20c85386
+B+: 0x7f7b20c85387 0x7f7b20c85398
+B+: 0x7f7b20c853a0 0x7f7b20c853b6
+B+: 0x7f7b20c853b7 0x7f7b20c853d7
+B+: 0x7f7b20c853dd 0x7f7b20c853ec
+B+: 0x7f7b20c85850 0x7f7b20c85886
+B+: 0x7f7b20c85887 0x7f7b20c8589a
+B+: 0x7f7b20c8589b 0x7f7b20c858ad
+B+: 0x7f7b20c858ae 0x7f7b20c858c4
+B+: 0x7f7b20c858c5 0x7f7b20c858d7
+B+: 0x7f7b20c858d8 0x7f7b20c858e7
+B+: 0x7f7b20c858e8 0x7f7b20c8590c
+B+: 0x7f7b20c8590d 0x7f7b20c85915
+B+: 0x7f7b20c85924 0x7f7b20c85933
+B+: 0x7f7b20c85934 0x7f7b20c85947
+B+: 0x7f7b20c85948 0x7f7b20c85954
+B+: 0x7f7b20c85955 0x7f7b20c8595f
+B+: 0x7f7b20c85960 0x7f7b20c85964
+B+: 0x7f7b20c85a6a 0x7f7b20c85a7c
+B+: 0x7f7b20c85a7d 0x7f7b20c85a9c
+B+: 0x7f7b20c85ba0 0x7f7b20c85bad
+B+: 0x7f7b20c85bae 0x7f7b20c85be1
+B+: 0x7f7b20c85bf0 0x7f7b20c85bfb
+B+: 0x7f7b20c85db0 0x7f7b20c85dbd
+B+: 0x7f7b20c85dbe 0x7f7b20c85dca
+B+: 0x7f7b20c85dcb 0x7f7b20c85de3
+B+: 0x7f7b20c85de8 0x7f7b20c85df4
+B+: 0x7f7b20c85df8 0x7f7b20c85e04
+B+: 0x7f7b20c85e05 0x7f7b20c85e12
+B+: 0x7f7b20c85e13 0x7f7b20c85e1d
+B+: 0x7f7b20c85eb4 0x7f7b20c85ec1
+B+: 0x7f7b20c86160 0x7f7b20c86174
+B+: 0x7f7b20c86175 0x7f7b20c86187
+B+: 0x7f7b20c86188 0x7f7b20c861a2
+B+: 0x7f7b20c861a3 0x7f7b20c861ac
+B+: 0x7f7b20c861ad 0x7f7b20c861b3
+B+: 0x7f7b20c861d0 0x7f7b20c861e5
+B+: 0x7f7b20c861eb 0x7f7b20c861f3
+B+: 0x7f7b20c86205 0x7f7b20c8620b
+B+: 0x7f7b20c8620c 0x7f7b20c8621d
+B+: 0x7f7b20c8621e 0x7f7b20c86226
+B+: 0x7f7b20c86227 0x7f7b20c86230
+B+: 0x7f7b20c86231 0x7f7b20c86232
+B+: 0x7f7b20c86240 0x7f7b20c86248
+B+: 0x7f7b20c86260 0x7f7b20c86260
+B+: 0x7f7b20c86520 0x7f7b20c86534
+B+: 0x7f7b20c86572 0x7f7b20c86578
+B+: 0x7f7b20c86580 0x7f7b20c86583
+B+: 0x7f7b20c86610 0x7f7b20c86656
+B+: 0x7f7b20c8665b 0x7f7b20c86686
+B+: 0x7f7b20c86687 0x7f7b20c8669d
+B+: 0x7f7b20c866fc 0x7f7b20c86708
+B+: 0x7f7b20c86709 0x7f7b20c86711
+B+: 0x7f7b20c86712 0x7f7b20c8672a
+B+: 0x7f7b20c8672b 0x7f7b20c8673c
+B+: 0x7f7b20c86740 0x7f7b20c86747
+B+: 0x7f7b20c86748 0x7f7b20c8675f
+B+: 0x7f7b20c86760 0x7f7b20c86766
+B+: 0x7f7b20c86767 0x7f7b20c86780
+B+: 0x7f7b20c86790 0x7f7b20c86793
+B+: 0x7f7b20c86794 0x7f7b20c86798
+B+: 0x7f7b20c867a2 0x7f7b20c867aa
+B+: 0x7f7b20c867ab 0x7f7b20c867ae
+B+: 0x7f7b20c867af 0x7f7b20c867bd
+B+: 0x7f7b20c867cb 0x7f7b20c867d3
+B+: 0x7f7b20c86825 0x7f7b20c86841
+B+: 0x7f7b20c86842 0x7f7b20c8684d
+B+: 0x7f7b20c8687e 0x7f7b20c8688e
+B+: 0x7f7b20c8688f 0x7f7b20c868a0
+B+: 0x7f7b20c868a1 0x7f7b20c868ad
+B+: 0x7f7b20c86c10 0x7f7b20c86c30
+B+: 0x7f7b20c86c31 0x7f7b20c86c58
+B+: 0x7f7b20c86c5e 0x7f7b20c86c66
+B+: 0x7f7b20c86c67 0x7f7b20c86c6f
+B+: 0x7f7b20c86c78 0x7f7b20c86c87
+B+: 0x7f7b20c86c88 0x7f7b20c86c89
+B+: 0x7f7b20c86ca0 0x7f7b20c86caf
+B+: 0x7f7b20c86cba 0x7f7b20c86cc4
+B+: 0x7f7b20c86ce0 0x7f7b20c86ce8
+B+: 0x7f7b20c87360 0x7f7b20c8736b
+B+: 0x7f7b20c87480 0x7f7b20c87480
+B+: 0x7f7b20c879c0 0x7f7b20c879db
+B+: 0x7f7b20c87a16 0x7f7b20c87a32
+B+: 0x7f7b20c87a33 0x7f7b20c87a52
+B+: 0x7f7b20c87a63 0x7f7b20c87a6a
+B+: 0x7f7b20c87a90 0x7f7b20c87aa6
+B+: 0x7f7b20c87aa7 0x7f7b20c87aae
+B+: 0x7f7b20c87aaf 0x7f7b20c87ab6
+B+: 0x7f7b20c87af6 0x7f7b20c87b01
+B+: 0x7f7b20c87b0c 0x7f7b20c87b34
+B+: 0x7f7b20c87b40 0x7f7b20c87b57
+B+: 0x7f7b20c87b58 0x7f7b20c87b5f
+B+: 0x7f7b20c87b60 0x7f7b20c87b67
+B+: 0x7f7b20c87b68 0x7f7b20c87b70
+B+: 0x7f7b20c87b71 0x7f7b20c87b7a
+B+: 0x7f7b20c87b7b 0x7f7b20c87b80
+B+: 0x7f7b20c87b97 0x7f7b20c87b9c
+B+: 0x7f7b20c87c0a 0x7f7b20c87c3d
+B+: 0x7f7b20c87c47 0x7f7b20c87c53
+B+: 0x7f7b20c87ed0 0x7f7b20c87ede
+B+: 0x7f7b20c87edf 0x7f7b20c87ee7
+B+: 0x7f7b20c87ee8 0x7f7b20c87efc
+B+: 0x7f7b20c87efd 0x7f7b20c87f02
+B+: 0x7f7b20c87f03 0x7f7b20c87f1b
+B+: 0x7f7b20c87f1c 0x7f7b20c87f21
+B+: 0x7f7b20c87f22 0x7f7b20c87f2b
+B+: 0x7f7b20c87fc0 0x7f7b20c87fc7
+B+: 0x7f7b20c87fc8 0x7f7b20c87fd0
+B+: 0x7f7b20c88760 0x7f7b20c88768
+B+: 0x7f7b20c88769 0x7f7b20c8876d
+B+: 0x7f7b20c8876e 0x7f7b20c88772
+B+: 0x7f7b20c88780 0x7f7b20c88788
+B+: 0x7f7b20c88789 0x7f7b20c8878d
+B+: 0x7f7b20c8878e 0x7f7b20c88792
+B+: 0x7f7b20c887c0 0x7f7b20c887d9
+B+: 0x7f7b20c887da 0x7f7b20c887e6
+B+: 0x7f7b20c887f7 0x7f7b20c88802
+B+: 0x7f7b20c88803 0x7f7b20c8880b
+B+: 0x7f7b20c8880c 0x7f7b20c88841
+B+: 0x7f7b20c88842 0x7f7b20c8884b
+B+: 0x7f7b20c8884c 0x7f7b20c88852
+B+: 0x7f7b20c88853 0x7f7b20c88875
+B+: 0x7f7b20c88880 0x7f7b20c8888e
+B+: 0x7f7b20c888b0 0x7f7b20c888c8
+B+: 0x7f7b20c88900 0x7f7b20c88941
+B+: 0x7f7b20c88950 0x7f7b20c88966
+B+: 0x7f7b20c88967 0x7f7b20c8897e
+B+: 0x7f7b20c8897f 0x7f7b20c8898a
+B+: 0x7f7b20c8898b 0x7f7b20c889b3
+B+: 0x7f7b20c889b4 0x7f7b20c889bd
+B+: 0x7f7b20c889be 0x7f7b20c889bf
+B+: 0x7f7b20c889d0 0x7f7b20c889e8
+B+: 0x7f7b20c889e9 0x7f7b20c88a14
+B+: 0x7f7b20c88a1e 0x7f7b20c88a25
+B+: 0x7f7b20c88a26 0x7f7b20c88a33
+B+: 0x7f7b20c88a34 0x7f7b20c88a46
+B+: 0x7f7b20c88ae0 0x7f7b20c88afe
+B+: 0x7f7b20c88aff 0x7f7b20c88b0c
+B+: 0x7f7b20c88b0d 0x7f7b20c88b1b
+B+: 0x7f7b20c88b1c 0x7f7b20c88b2c
+B+: 0x7f7b20c88b40 0x7f7b20c88b62
+B+: 0x7f7b20c88b98 0x7f7b20c88ba9
+B+: 0x7f7b20c896d0 0x7f7b20c896f4
+B+: 0x7f7b20c896f5 0x7f7b20c8970d
+B+: 0x7f7b20c8970e 0x7f7b20c89712
+B+: 0x7f7b20c89713 0x7f7b20c8971e
+B+: 0x7f7b20c8971f 0x7f7b20c89723
+B+: 0x7f7b20c89724 0x7f7b20c89728
+B+: 0x7f7b20c89729 0x7f7b20c89730
+B+: 0x7f7b20c8973c 0x7f7b20c89749
+B+: 0x7f7b20c8974a 0x7f7b20c8974d
+B+: 0x7f7b20c8974e 0x7f7b20c89760
+B+: 0x7f7b20c89761 0x7f7b20c8976b
+B+: 0x7f7b20c89790 0x7f7b20c8979d
+B+: 0x7f7b20c8979e 0x7f7b20c897a5
+B+: 0x7f7b20c897a6 0x7f7b20c897a7
+B+: 0x7f7b20c89890 0x7f7b20c8989d
+B+: 0x7f7b20c8989e 0x7f7b20c898a9
+B+: 0x7f7b20c898aa 0x7f7b20c898bd
+B+: 0x7f7b20c898c0 0x7f7b20c898ca
+B+: 0x7f7b20c898d0 0x7f7b20c898ef
+B+: 0x7f7b20c898f0 0x7f7b20c898f4
+B+: 0x7f7b20c898f5 0x7f7b20c8990c
+B+: 0x7f7b20c8990d 0x7f7b20c89910
+B+: 0x7f7b20c89911 0x7f7b20c89912
+B+: 0x7f7b20c89913 0x7f7b20c8991b
+B+: 0x7f7b20c8991c 0x7f7b20c89930
+B+: 0x7f7b20c89938 0x7f7b20c8993c
+B+: 0x7f7b20c89980 0x7f7b20c8998f
+B+: 0x7f7b20c89990 0x7f7b20c8999b
+B+: 0x7f7b20c8999c 0x7f7b20c899ab
+B+: 0x7f7b20c89a80 0x7f7b20c89a93
+B+: 0x7f7b20c89a94 0x7f7b20c89aac
+B+: 0x7f7b20c89aad 0x7f7b20c89abf
+B+: 0x7f7b20c89ac0 0x7f7b20c89ada
+B+: 0x7f7b20c89adb 0x7f7b20c89ae3
+B+: 0x7f7b20c89aec 0x7f7b20c89af8
+B+: 0x7f7b20c89af9 0x7f7b20c89b02
+B+: 0x7f7b20c89b03 0x7f7b20c89b06
+B+: 0x7f7b20c89b07 0x7f7b20c89b1a
+B+: 0x7f7b20c89c49 0x7f7b20c89c55
+B+: 0x7f7b20c89c56 0x7f7b20c89c67
+B+: 0x7f7b20c89c82 0x7f7b20c89c93
+B+: 0x7f7b20c89d77 0x7f7b20c89d82
+B+: 0x7f7b20c89da0 0x7f7b20c89db2
+B+: 0x7f7b20c89db3 0x7f7b20c89ddf
+B+: 0x7f7b20c89de0 0x7f7b20c89deb
+B+: 0x7f7b20c89dec 0x7f7b20c89dfc
+B+: 0x7f7b20c89dfd 0x7f7b20c89e18
+B+: 0x7f7b20c89e19 0x7f7b20c89e25
+B+: 0x7f7b20c89e26 0x7f7b20c89e2e
+B+: 0x7f7b20c89e2f 0x7f7b20c89e3f
+B+: 0x7f7b20c89e40 0x7f7b20c89e44
+B+: 0x7f7b20c89e45 0x7f7b20c89e50
+B+: 0x7f7b20c89e51 0x7f7b20c89e5d
+B+: 0x7f7b20c89e5e 0x7f7b20c89e77
+B+: 0x7f7b20c89ece 0x7f7b20c89ed2
+B+: 0x7f7b20c89ed3 0x7f7b20c89ede
+B+: 0x7f7b20c89ee0 0x7f7b20c89eec
+B+: 0x7f7b20c89f60 0x7f7b20c89f7c
+B+: 0x7f7b20c8a120 0x7f7b20c8a128
+B+: 0x7f7b20c8a129 0x7f7b20c8a147
+B+: 0x7f7b20c8a750 0x7f7b20c8a75e
+B+: 0x7f7b20c8a75f 0x7f7b20c8a763
+B+: 0x7f7b20c8a764 0x7f7b20c8a770
+B+: 0x7f7b20c8a771 0x7f7b20c8a777
+B+: 0x7f7b20c8a778 0x7f7b20c8a783
+B+: 0x7f7b20c8a784 0x7f7b20c8a788
+B+: 0x7f7b20c8a789 0x7f7b20c8a78d
+B+: 0x7f7b20c8a78e 0x7f7b20c8a796
+B+: 0x7f7b20c8a797 0x7f7b20c8a79e
+B+: 0x7f7b20c8a890 0x7f7b20c8a892
+B+: 0x7f7b20c8a8a7 0x7f7b20c8a8ab
+B+: 0x7f7b20c8a8ac 0x7f7b20c8a8b2
+B+: 0x7f7b20c8a8b3 0x7f7b20c8a8b6
+B+: 0x7f7b20c8a8d0 0x7f7b20c8a8e1
+B+: 0x7f7b20c8a8e2 0x7f7b20c8a8e6
+B+: 0x7f7b20c8a8e7 0x7f7b20c8a8eb
+B+: 0x7f7b20c8a8ec 0x7f7b20c8a8f1
+B+: 0x7f7b20c8a8f2 0x7f7b20c8a8fa
+B+: 0x7f7b20c8a8fb 0x7f7b20c8a8fc
+B+: 0x7f7b20c8a940 0x7f7b20c8a948
+B+: 0x7f7b20c8a949 0x7f7b20c8a951
+B+: 0x7f7b20c8a980 0x7f7b20c8a988
+B+: 0x7f7b20c8a989 0x7f7b20c8a98a
+B+: 0x7f7b20c8a98b 0x7f7b20c8a991
+B+: 0x7f7b20c8a992 0x7f7b20c8a9a2
+B+: 0x7f7b20c8a9a8 0x7f7b20c8a9ac
+B+: 0x7f7b20c8a9eb 0x7f7b20c8aa00
+B+: 0x7f7b20c8aa08 0x7f7b20c8aa10
+B+: 0x7f7b20c8aaf0 0x7f7b20c8ab11
+B+: 0x7f7b20c8ab12 0x7f7b20c8ab16
+B+: 0x7f7b20c8ab17 0x7f7b20c8ab1d
+B+: 0x7f7b20c8ab1e 0x7f7b20c8ab26
+B+: 0x7f7b20c8ab27 0x7f7b20c8ab34
+B+: 0x7f7b20c8ab35 0x7f7b20c8ab3c
+B+: 0x7f7b20c8ab3d 0x7f7b20c8ab49
+B+: 0x7f7b20c8ab4a 0x7f7b20c8ab5a
+B+: 0x7f7b20c8ab5b 0x7f7b20c8ab63
+B+: 0x7f7b20c8ab7f 0x7f7b20c8ab93
+B+: 0x7f7b20c8ab94 0x7f7b20c8ab9c
+B+: 0x7f7b20c8abe0 0x7f7b20c8abf7
+B+: 0x7f7b20c8abf8 0x7f7b20c8ac00
+B+: 0x7f7b20c8ac1b 0x7f7b20c8ac2b
+B+: 0x7f7b20c8ad40 0x7f7b20c8ad5e
+B+: 0x7f7b20c8ad5f 0x7f7b20c8ad6d
+B+: 0x7f7b20c8ad6e 0x7f7b20c8ad72
+B+: 0x7f7b20c8ad7d 0x7f7b20c8ad90
+B+: 0x7f7b20c8ad91 0x7f7b20c8ad95
+B+: 0x7f7b20c8ad96 0x7f7b20c8ad9a
+B+: 0x7f7b20c8ada0 0x7f7b20c8ada4
+B+: 0x7f7b20c8add5 0x7f7b20c8add9
+B+: 0x7f7b20c8adda 0x7f7b20c8adde
+B+: 0x7f7b20c8adf0 0x7f7b20c8adfb
+B+: 0x7f7b20c8adfc 0x7f7b20c8ae07
+B+: 0x7f7b20c8ae08 0x7f7b20c8ae10
+B+: 0x7f7b20c8ae2c 0x7f7b20c8ae30
+B+: 0x7f7b20c8ae31 0x7f7b20c8ae36
+B+: 0x7f7b20c8ae41 0x7f7b20c8ae45
+B+: 0x7f7b20c8ae46 0x7f7b20c8ae54
+B+: 0x7f7b20c8ae55 0x7f7b20c8ae5d
+B+: 0x7f7b20c8ae5e 0x7f7b20c8ae62
+B+: 0x7f7b20c8ae63 0x7f7b20c8ae74
+B+: 0x7f7b20c8ae78 0x7f7b20c8ae84
+B+: 0x7f7b20c8aea0 0x7f7b20c8aea4
+B+: 0x7f7b20c8aef0 0x7f7b20c8af03
+B+: 0x7f7b20c8af40 0x7f7b20c8af76
+B+: 0x7f7b20c8af77 0x7f7b20c8af82
+B+: 0x7f7b20c8af83 0x7f7b20c8af92
+B+: 0x7f7b20c8b01b 0x7f7b20c8b031
+B+: 0x7f7b20c8b032 0x7f7b20c8b040
+B+: 0x7f7b20c8b075 0x7f7b20c8b0b8
+B+: 0x7f7b20c8b0b9 0x7f7b20c8b0c3
+B+: 0x7f7b20c8b0c4 0x7f7b20c8b0cc
+B+: 0x7f7b20c8b0cd 0x7f7b20c8b0d5
+B+: 0x7f7b20c8b0d6 0x7f7b20c8b0de
+B+: 0x7f7b20c8b0df 0x7f7b20c8b106
+B+: 0x7f7b20c8b107 0x7f7b20c8b133
+B+: 0x7f7b20c8b578 0x7f7b20c8b581
+B+: 0x7f7b20c8b582 0x7f7b20c8b5a8
+B+: 0x7f7b20c8b5a9 0x7f7b20c8b5b6
+B+: 0x7f7b20c8b5d0 0x7f7b20c8b5e0
+B+: 0x7f7b20c8b5e1 0x7f7b20c8b5ee
+B+: 0x7f7b20c8b5ef 0x7f7b20c8b5f3
+B+: 0x7f7b20c8b670 0x7f7b20c8b67e
+B+: 0x7f7b20c8b67f 0x7f7b20c8b683
+B+: 0x7f7b20c8b684 0x7f7b20c8b692
+B+: 0x7f7b20c8b693 0x7f7b20c8b69a
+B+: 0x7f7b20c8b69b 0x7f7b20c8b6a2
+B+: 0x7f7b20c8b6a3 0x7f7b20c8b6b7
+B+: 0x7f7b20c8b790 0x7f7b20c8b7bc
+B+: 0x7f7b20c8b7bd 0x7f7b20c8b7d4
+B+: 0x7f7b20c8b7e0 0x7f7b20c8b83a
+B+: 0x7f7b20c8b83b 0x7f7b20c8b875
+B+: 0x7f7b20c8b876 0x7f7b20c8b893
+B+: 0x7f7b20c8b894 0x7f7b20c8b8a3
+B+: 0x7f7b20c8b8a4 0x7f7b20c8b8b0
+B+: 0x7f7b20c8b9b4 0x7f7b20c8b9b8
+B+: 0x7f7b20c8b9b9 0x7f7b20c8b9cf
+B+: 0x7f7b20c8b9d0 0x7f7b20c8b9dc
+B+: 0x7f7b20c8b9dd 0x7f7b20c8b9ef
+B+: 0x7f7b20c8b9f0 0x7f7b20c8b9f7
+B+: 0x7f7b20c8ba01 0x7f7b20c8ba16
+B+: 0x7f7b20c8ba28 0x7f7b20c8ba3d
+B+: 0x7f7b20c8ba3e 0x7f7b20c8ba4d
+B+: 0x7f7b20c8ba79 0x7f7b20c8ba97
+B+: 0x7f7b20c8ba98 0x7f7b20c8bac0
+B+: 0x7f7b20c8bac1 0x7f7b20c8bacf
+B+: 0x7f7b20c8c148 0x7f7b20c8c154
+B+: 0x7f7b20c8c155 0x7f7b20c8c174
+B+: 0x7f7b20c8c175 0x7f7b20c8c17f
+B+: 0x7f7b20c8c1ac 0x7f7b20c8c1b0
+B+: 0x7f7b20c8c1b1 0x7f7b20c8c1b5
+B+: 0x7f7b20c8ca40 0x7f7b20c8ca64
+B+: 0x7f7b20c8cb10 0x7f7b20c8cb1a
+B+: 0x7f7b20c8cb40 0x7f7b20c8cb47
+B+: 0x7f7b20c8cb48 0x7f7b20c8cb51
+B+: 0x7f7b20c8cb58 0x7f7b20c8cb60
+B+: 0x7f7b20c8cb61 0x7f7b20c8cb6a
+B+: 0x7f7b20c8cb88 0x7f7b20c8cb8c
+B+: 0x7f7b20c8cb8d 0x7f7b20c8cb94
+B+: 0x7f7b20c8cba0 0x7f7b20c8cba4
+B+: 0x7f7b20c8cd00 0x7f7b20c8cd30
+B+: 0x7f7b20c8ce3f 0x7f7b20c8ce55
+B+: 0x7f7b20c8ce56 0x7f7b20c8ce67
+B+: 0x7f7b20c8d1e0 0x7f7b20c8d222
+B+: 0x7f7b20c8d223 0x7f7b20c8d228
+B+: 0x7f7b20c8d24c 0x7f7b20c8d260
+B+: 0x7f7b20c8d261 0x7f7b20c8d269
+B+: 0x7f7b20c8d270 0x7f7b20c8d279
+B+: 0x7f7b20c8d288 0x7f7b20c8d2a0
+B+: 0x7f7b20c8d2a1 0x7f7b20c8d2ba
+B+: 0x7f7b20c8d2bb 0x7f7b20c8d2bc
+B+: 0x7f7b20c8d2d0 0x7f7b20c8d2d8
+B+: 0x7f7b20c8d2f8 0x7f7b20c8d2f8
+B+: 0x7f7b20c8d300 0x7f7b20c8d30c
+B+: 0x7f7b20c8d33f 0x7f7b20c8d343
+B+: 0x7f7b20c8d380 0x7f7b20c8d384
+B+: 0x7f7b20c8d3d0 0x7f7b20c8d3e3
+B+: 0x7f7b20c8d400 0x7f7b20c8d400
+B+: 0x7f7b20c8d420 0x7f7b20c8d45b
+B+: 0x7f7b20c8d467 0x7f7b20c8d471
+B+: 0x7f7b20c8d472 0x7f7b20c8d489
+B+: 0x7f7b20c8d48a 0x7f7b20c8d48d
+B+: 0x7f7b20c8d48e 0x7f7b20c8d494
+B+: 0x7f7b20c8d495 0x7f7b20c8d49d
+B+: 0x7f7b20c8d49e 0x7f7b20c8d4a9
+B+: 0x7f7b20c8d4aa 0x7f7b20c8d4c2
+B+: 0x7f7b20c8d4c3 0x7f7b20c8d4ce
+B+: 0x7f7b20c8d4cf 0x7f7b20c8d4e5
+B+: 0x7f7b20c8d4e6 0x7f7b20c8d4f5
+B+: 0x7f7b20c8d500 0x7f7b20c8d50e
+B+: 0x7f7b20c8d50f 0x7f7b20c8d513
+B+: 0x7f7b20c8d514 0x7f7b20c8d51e
+B+: 0x7f7b20c8d540 0x7f7b20c8d549
+B+: 0x7f7b20c8d54a 0x7f7b20c8d54e
+B+: 0x7f7b20c8d54f 0x7f7b20c8d560
+B+: 0x7f7b20c8d568 0x7f7b20c8d577
+B+: 0x7f7b20c8d580 0x7f7b20c8d589
+B+: 0x7f7b20c8d5a8 0x7f7b20c8d5bb
+B+: 0x7f7b20c8d5c0 0x7f7b20c8d5ce
+B+: 0x7f7b20c8d5cf 0x7f7b20c8d5dc
+B+: 0x7f7b20c8d6f0 0x7f7b20c8d6fd
+B+: 0x7f7b20c8d7a0 0x7f7b20c8d7a0
+B+: 0x7f7b20c8d7b0 0x7f7b20c8d7ba
+B+: 0x7f7b20c8d7bb 0x7f7b20c8d7ce
+B+: 0x7f7b20c8d7cf 0x7f7b20c8d7d8
+B+: 0x7f7b20c8d7d9 0x7f7b20c8d7e6
+B+: 0x7f7b20c8d800 0x7f7b20c8d82d
+B+: 0x7f7b20c8d82e 0x7f7b20c8d831
+B+: 0x7f7b20c8d832 0x7f7b20c8d847
+B+: 0x7f7b20c8d864 0x7f7b20c8d86b
+B+: 0x7f7b20c8d86c 0x7f7b20c8d86f
+B+: 0x7f7b20c8d870 0x7f7b20c8d876
+B+: 0x7f7b20c8d877 0x7f7b20c8d87b
+B+: 0x7f7b20c8d87c 0x7f7b20c8d886
+B+: 0x7f7b20c8dae0 0x7f7b20c8db01
+B+: 0x7f7b20c8db02 0x7f7b20c8db0a
+B+: 0x7f7b20c8db0b 0x7f7b20c8db14
+B+: 0x7f7b20c8db15 0x7f7b20c8db19
+B+: 0x7f7b20c8dc00 0x7f7b20c8dc19
+B+: 0x7f7b20c8dc51 0x7f7b20c8dc8e
+B+: 0x7f7b20c8dc8f 0x7f7b20c8dc9e
+B+: 0x7f7b20c8dc9f 0x7f7b20c8dca6
+B+: 0x7f7b20c8ddf0 0x7f7b20c8ddfb
+B+: 0x7f7b20c8de20 0x7f7b20c8de20
+B+: 0x7f7b20c8de30 0x7f7b20c8de38
+B+: 0x7f7b20c8f940 0x7f7b20c8f94b
+B+: 0x7f7b20c8f94c 0x7f7b20c8f957
+B+: 0x7f7b20c8f958 0x7f7b20c8f964
+B+: 0x7f7b20c8f965 0x7f7b20c8f969
+B+: 0x7f7b20c8f96a 0x7f7b20c8f96f
+B+: 0x7f7b20c8f970 0x7f7b20c8f976
+B+: 0x7f7b20c8f980 0x7f7b20c8f987
+B+: 0x7f7b20c8f988 0x7f7b20c8f98c
+B+: 0x7f7b20c8f98d 0x7f7b20c8f99b
+B+: 0x7f7b20c8f99c 0x7f7b20c8f9a0
+B+: 0x7f7b20c8f9a1 0x7f7b20c8f9a8
+B+: 0x7f7b20c8f9a9 0x7f7b20c8f9ad
+B+: 0x7f7b20c8f9ae 0x7f7b20c8f9b8
+B+: 0x7f7b20c8f9b9 0x7f7b20c8f9b9
+B+: 0x7f7b20c8f9c0 0x7f7b20c8f9c5
+B+: 0x7f7b20c8f9c6 0x7f7b20c8f9c9
+B+: 0x7f7b20c8f9d0 0x7f7b20c8f9d0
+B+: 0x7f7b20c8f9d1 0x7f7b20c8f9d5
+B+: 0x7f7b20c8f9d6 0x7f7b20c8f9d9
+B+: 0x7f7b20c8f9e0 0x7f7b20c8f9ff
+B+: 0x7f7b20c8fa00 0x7f7b20c8fa11
+B+: 0x7f7b20c8fa12 0x7f7b20c8fa16
+B+: 0x7f7b20c8fa20 0x7f7b20c8fa22
+B+: 0x7f7b20c8fa23 0x7f7b20c8fa2f
+B+: 0x7f7b20c8fa30 0x7f7b20c8fa33
+B+: 0x7f7b20c8fa34 0x7f7b20c8fa5d
+B+: 0x7f7b20c8fa5e 0x7f7b20c8fa62
+B+: 0x7f7b20c8fa63 0x7f7b20c8fa82
+B+: 0x7f7b20c8fac0 0x7f7b20c8fade
+B+: 0x7f7b20c8fadf 0x7f7b20c8fae3
+B+: 0x7f7b20c8fae4 0x7f7b20c8fae8
+B+: 0x7f7b20c8faf0 0x7f7b20c8faf2
+B+: 0x7f7b20c8faf3 0x7f7b20c8faff
+B+: 0x7f7b20c8fb00 0x7f7b20c8fb03
+B+: 0x7f7b20c8fb04 0x7f7b20c8fb3e
+B+: 0x7f7b20c8fb3f 0x7f7b20c8fb49
+B+: 0x7f7b20c8fb4a 0x7f7b20c8fb57
+B+: 0x7f7b20c8fb58 0x7f7b20c8fb5d
+B+: 0x7f7b20c8fb5e 0x7f7b20c8fb66
+B+: 0x7f7b20c8fb67 0x7f7b20c8fb70
+B+: 0x7f7b20c8fb71 0x7f7b20c8fb7a
+B+: 0x7f7b20c8fb7b 0x7f7b20c8fb9a
+B+: 0x7f7b20c8fb9b 0x7f7b20c8fba3
+B+: 0x7f7b20c8fba4 0x7f7b20c8fbbd
+B+: 0x7f7b20c8fbc0 0x7f7b20c8fbc5
+B+: 0x7f7b20c8fbc6 0x7f7b20c8fbcf
+B+: 0x7f7b20c8fbd0 0x7f7b20c8fbd9
+B+: 0x7f7b20c8fbda 0x7f7b20c8fbf7
+B+: 0x7f7b20c8fc08 0x7f7b20c8fc14
+B+: 0x7f7b20c8fc15 0x7f7b20c8fc1b
+B+: 0x7f7b20c8fc1c 0x7f7b20c8fc29
+B+: 0x7f7b20c8fcb0 0x7f7b20c8fcca
+B+: 0x7f7b20c8fccb 0x7f7b20c8fcda
+B+: 0x7f7b20c8fcdb 0x7f7b20c8fce6
+B+: 0x7f7b20c8fce7 0x7f7b20c8fcef
+B+: 0x7f7b20c8fcf0 0x7f7b20c8fcf4
+B+: 0x7f7b20c8fcf5 0x7f7b20c8fcfc
+B+: 0x7f7b20c8fcfd 0x7f7b20c8fd10
+B+: 0x7f7b20c8fd11 0x7f7b20c8fd21
+B+: 0x7f7b20c8fd22 0x7f7b20c8fd26
+B+: 0x7f7b20c8fd27 0x7f7b20c8fd38
+B+: 0x7f7b20c8fd39 0x7f7b20c8fd4b
+B+: 0x7f7b20c8fd4c 0x7f7b20c8fd54
+B+: 0x7f7b20c8fd55 0x7f7b20c8fd5e
+B+: 0x7f7b20c8fd5f 0x7f7b20c8fd6d
+B+: 0x7f7b20c8fea0 0x7f7b20c8feb6
+B+: 0x7f7b20c8feb7 0x7f7b20c8febb
+B+: 0x7f7b20c8febc 0x7f7b20c8fec0
+B+: 0x7f7b20c8fec8 0x7f7b20c8fecb
+B+: 0x7f7b20c8fecc 0x7f7b20c8fed9
+B+: 0x7f7b20c8feda 0x7f7b20c8fedd
+B+: 0x7f7b20c8fede 0x7f7b20c8ff06
+B+: 0x7f7b20c8ff07 0x7f7b20c8ff10
+B+: 0x7f7b20c8ff11 0x7f7b20c8ff16
+B+: 0x7f7b20c8ff17 0x7f7b20c8ff24
+B+: 0x7f7b20c8ff25 0x7f7b20c8ff2d
+B+: 0x7f7b20c90440 0x7f7b20c9046b
+B+: 0x7f7b20c9046c 0x7f7b20c90470
+B+: 0x7f7b20c90471 0x7f7b20c90475
+B+: 0x7f7b20c90536 0x7f7b20c9053e
+B+: 0x7f7b20c9053f 0x7f7b20c90548
+B+: 0x7f7b20c90549 0x7f7b20c90551
+B+: 0x7f7b20c905d0 0x7f7b20c905e4
+B+: 0x7f7b20c905e5 0x7f7b20c90606
+B+: 0x7f7b20c90607 0x7f7b20c90610
+B+: 0x7f7b20c90611 0x7f7b20c90618
+B+: 0x7f7b20c90640 0x7f7b20c90648
+B+: 0x7f7b20c90649 0x7f7b20c90656
+B+: 0x7f7b20c90657 0x7f7b20c9065f
+B+: 0x7f7b20c90660 0x7f7b20c90661
+B+: 0x7f7b20c90760 0x7f7b20c907aa
+B+: 0x7f7b20c907ab 0x7f7b20c907af
+B+: 0x7f7b20c907b0 0x7f7b20c907be
+B+: 0x7f7b20c907c8 0x7f7b20c907d3
+B+: 0x7f7b20c907d4 0x7f7b20c907d8
+B+: 0x7f7b20c907d9 0x7f7b20c907e0
+B+: 0x7f7b20c907e1 0x7f7b20c907e5
+B+: 0x7f7b20c907e6 0x7f7b20c907f3
+B+: 0x7f7b20c907f4 0x7f7b20c907fb
+B+: 0x7f7b20c90800 0x7f7b20c90810
+B+: 0x7f7b20c90811 0x7f7b20c90815
+B+: 0x7f7b20c90816 0x7f7b20c90832
+B+: 0x7f7b20c90833 0x7f7b20c90843
+B+: 0x7f7b20c90844 0x7f7b20c9084f
+B+: 0x7f7b20c90850 0x7f7b20c90857
+B+: 0x7f7b20c90858 0x7f7b20c9085c
+B+: 0x7f7b20c9085d 0x7f7b20c90868
+B+: 0x7f7b20c90869 0x7f7b20c9087b
+B+: 0x7f7b20c9087c 0x7f7b20c90884
+B+: 0x7f7b20c90888 0x7f7b20c90897
+B+: 0x7f7b20c90898 0x7f7b20c9089b
+B+: 0x7f7b20c9089c 0x7f7b20c908b4
+B+: 0x7f7b20c908b5 0x7f7b20c908b8
+B+: 0x7f7b20c908b9 0x7f7b20c908c6
+B+: 0x7f7b20c908c7 0x7f7b20c908d5
+B+: 0x7f7b20c90dc0 0x7f7b20c90dec
+B+: 0x7f7b20c90ded 0x7f7b20c90df2
+B+: 0x7f7b20c90df3 0x7f7b20c90e04
+B+: 0x7f7b20c90e05 0x7f7b20c90e0d
+B+: 0x7f7b20c90e0e 0x7f7b20c90e1c
+CND+ 0x7f7b20c7f00e: taken
+CND+ 0x7f7b20c7f5ea: not taken
+CND+ 0x7f7b20c7f626: not taken
+CND+ 0x7f7b20c7f63b: taken
+CND+ 0x7f7b20c7f673: not taken
+CND+ 0x7f7b20c7f687: not taken
+CND+ 0x7f7b20c7f695: not taken
+CND+ 0x7f7b20c7f7e2: taken
+CND+ 0x7f7b20c7f862: not taken
+CND+ 0x7f7b20c7f87c: both
+CND+ 0x7f7b20c7f8a9: not taken
+CND+ 0x7f7b20c7fa5d: not taken
+CND+ 0x7f7b20c7fa62: taken
+CND+ 0x7f7b20c806e6: not taken
+CND+ 0x7f7b20c80704: taken
+CND+ 0x7f7b20c8071a: not taken
+CND+ 0x7f7b20c8071f: taken
+CND+ 0x7f7b20c8072f: taken
+CND+ 0x7f7b20c8074c: not taken
+CND+ 0x7f7b20c80756: not taken
+CND+ 0x7f7b20c8078f: not taken
+CND+ 0x7f7b20c8079b: taken
+CND+ 0x7f7b20c81079: taken
+CND+ 0x7f7b20c8111b: not taken
+CND+ 0x7f7b20c81149: not taken
+CND+ 0x7f7b20c81158: not taken
+CND+ 0x7f7b20c81190: not taken
+CND+ 0x7f7b20c811ce: taken
+CND+ 0x7f7b20c81c20: not taken
+CND+ 0x7f7b20c81c2d: taken
+CND+ 0x7f7b20c81c48: not taken
+CND+ 0x7f7b20c81c5f: both
+CND+ 0x7f7b20c81c88: not taken
+CND+ 0x7f7b20c81ed2: taken
+CND+ 0x7f7b20c81f55: not taken
+CND+ 0x7f7b20c81f7e: not taken
+CND+ 0x7f7b20c81f8a: not taken
+CND+ 0x7f7b20c81f93: both
+CND+ 0x7f7b20c81fc4: not taken
+CND+ 0x7f7b20c81fe2: both
+CND+ 0x7f7b20c81ffb: taken
+CND+ 0x7f7b20c8205a: taken
+CND+ 0x7f7b20c820af: not taken
+CND+ 0x7f7b20c820b8: taken
+CND+ 0x7f7b20c820e0: taken
+CND+ 0x7f7b20c82116: not taken
+CND+ 0x7f7b20c8215a: not taken
+CND+ 0x7f7b20c82163: taken
+CND+ 0x7f7b20c8221b: taken
+CND+ 0x7f7b20c8224a: taken
+CND+ 0x7f7b20c8227c: not taken
+CND+ 0x7f7b20c8236a: taken
+CND+ 0x7f7b20c82520: not taken
+CND+ 0x7f7b20c82529: not taken
+CND+ 0x7f7b20c82532: taken
+CND+ 0x7f7b20c828eb: not taken
+CND+ 0x7f7b20c82906: both
+CND+ 0x7f7b20c8293d: not taken
+CND+ 0x7f7b20c82985: both
+CND+ 0x7f7b20c829f6: taken
+CND+ 0x7f7b20c82a20: both
+CND+ 0x7f7b20c82a29: not taken
+CND+ 0x7f7b20c82a33: not taken
+CND+ 0x7f7b20c82ae4: not taken
+CND+ 0x7f7b20c82afb: taken
+CND+ 0x7f7b20c82b2a: both
+CND+ 0x7f7b20c82b30: both
+CND+ 0x7f7b20c82b40: taken
+CND+ 0x7f7b20c82b60: not taken
+CND+ 0x7f7b20c82b96: not taken
+CND+ 0x7f7b20c82be5: taken
+CND+ 0x7f7b20c82da0: not taken
+CND+ 0x7f7b20c82da9: not taken
+CND+ 0x7f7b20c82dc8: both
+CND+ 0x7f7b20c82dd0: both
+CND+ 0x7f7b20c82e2e: taken
+CND+ 0x7f7b20c82e57: not taken
+CND+ 0x7f7b20c82eac: taken
+CND+ 0x7f7b20c82ed8: taken
+CND+ 0x7f7b20c82fa3: not taken
+CND+ 0x7f7b20c82fc0: taken
+CND+ 0x7f7b20c83019: not taken
+CND+ 0x7f7b20c83065: not taken
+CND+ 0x7f7b20c8306f: not taken
+CND+ 0x7f7b20c83089: both
+CND+ 0x7f7b20c8309d: not taken
+CND+ 0x7f7b20c830ab: taken
+CND+ 0x7f7b20c8314c: not taken
+CND+ 0x7f7b20c83156: taken
+CND+ 0x7f7b20c831cc: taken
+CND+ 0x7f7b20c831ee: taken
+CND+ 0x7f7b20c83811: both
+CND+ 0x7f7b20c8381b: not taken
+CND+ 0x7f7b20c8381f: not taken
+CND+ 0x7f7b20c83839: taken
+CND+ 0x7f7b20c83859: taken
+CND+ 0x7f7b20c83861: taken
+CND+ 0x7f7b20c8445f: taken
+CND+ 0x7f7b20c84626: not taken
+CND+ 0x7f7b20c846ca: taken
+CND+ 0x7f7b20c84762: taken
+CND+ 0x7f7b20c852a4: taken
+CND+ 0x7f7b20c852bd: not taken
+CND+ 0x7f7b20c852cd: not taken
+CND+ 0x7f7b20c8530f: taken
+CND+ 0x7f7b20c85327: taken
+CND+ 0x7f7b20c8533a: not taken
+CND+ 0x7f7b20c85343: taken
+CND+ 0x7f7b20c85381: not taken
+CND+ 0x7f7b20c853d6: taken
+CND+ 0x7f7b20c853e7: taken
+CND+ 0x7f7b20c85895: not taken
+CND+ 0x7f7b20c858a8: not taken
+CND+ 0x7f7b20c858d2: not taken
+CND+ 0x7f7b20c85907: not taken
+CND+ 0x7f7b20c85942: taken
+CND+ 0x7f7b20c85953: not taken
+CND+ 0x7f7b20c85963: taken
+CND+ 0x7f7b20c85a7b: not taken
+CND+ 0x7f7b20c85dbc: both
+CND+ 0x7f7b20c85dc9: both
+CND+ 0x7f7b20c85e03: not taken
+CND+ 0x7f7b20c85e0d: not taken
+CND+ 0x7f7b20c85e18: taken
+CND+ 0x7f7b20c861a1: not taken
+CND+ 0x7f7b20c861ab: not taken
+CND+ 0x7f7b20c861e4: taken
+CND+ 0x7f7b20c861f2: taken
+CND+ 0x7f7b20c8620a: not taken
+CND+ 0x7f7b20c86225: not taken
+CND+ 0x7f7b20c8622f: not taken
+CND+ 0x7f7b20c86247: taken
+CND+ 0x7f7b20c86533: taken
+CND+ 0x7f7b20c86582: taken
+CND+ 0x7f7b20c86655: taken
+CND+ 0x7f7b20c86698: taken
+CND+ 0x7f7b20c86703: not taken
+CND+ 0x7f7b20c8670c: taken
+CND+ 0x7f7b20c86725: not taken
+CND+ 0x7f7b20c86742: not taken
+CND+ 0x7f7b20c8675a: not taken
+CND+ 0x7f7b20c86765: not taken
+CND+ 0x7f7b20c86792: not taken
+CND+ 0x7f7b20c86797: taken
+CND+ 0x7f7b20c867a9: taken
+CND+ 0x7f7b20c867ad: not taken
+CND+ 0x7f7b20c867bc: taken
+CND+ 0x7f7b20c867ce: taken
+CND+ 0x7f7b20c86848: taken
+CND+ 0x7f7b20c86889: not taken
+CND+ 0x7f7b20c8689b: not taken
+CND+ 0x7f7b20c868a8: taken
+CND+ 0x7f7b20c86c2f: not taken
+CND+ 0x7f7b20c86c57: taken
+CND+ 0x7f7b20c86c65: not taken
+CND+ 0x7f7b20c86c6e: taken
+CND+ 0x7f7b20c86c86: not taken
+CND+ 0x7f7b20c86cae: taken
+CND+ 0x7f7b20c87366: taken
+CND+ 0x7f7b20c879d6: taken
+CND+ 0x7f7b20c87a31: not taken
+CND+ 0x7f7b20c87a51: taken
+CND+ 0x7f7b20c87aad: not taken
+CND+ 0x7f7b20c87ab5: taken
+CND+ 0x7f7b20c87b00: taken
+CND+ 0x7f7b20c87b5a: not taken
+CND+ 0x7f7b20c87b62: not taken
+CND+ 0x7f7b20c87b6b: not taken
+CND+ 0x7f7b20c87b75: not taken
+CND+ 0x7f7b20c87b7f: taken
+CND+ 0x7f7b20c87b9b: taken
+CND+ 0x7f7b20c87c3c: taken
+CND+ 0x7f7b20c87ed9: not taken
+CND+ 0x7f7b20c87ee6: not taken
+CND+ 0x7f7b20c87f01: not taken
+CND+ 0x7f7b20c87f1a: not taken
+CND+ 0x7f7b20c87f20: not taken
+CND+ 0x7f7b20c87f26: taken
+CND+ 0x7f7b20c8876c: not taken
+CND+ 0x7f7b20c8878c: not taken
+CND+ 0x7f7b20c887d8: both
+CND+ 0x7f7b20c887e1: taken
+CND+ 0x7f7b20c88806: not taken
+CND+ 0x7f7b20c88840: not taken
+CND+ 0x7f7b20c8884a: not taken
+CND+ 0x7f7b20c88965: both
+CND+ 0x7f7b20c88989: not taken
+CND+ 0x7f7b20c889b2: not taken
+CND+ 0x7f7b20c889bc: not taken
+CND+ 0x7f7b20c889e3: not taken
+CND+ 0x7f7b20c88a13: taken
+CND+ 0x7f7b20c88afd: not taken
+CND+ 0x7f7b20c88b1a: not taken
+CND+ 0x7f7b20c88b61: taken
+CND+ 0x7f7b20c89711: not taken
+CND+ 0x7f7b20c8971d: not taken
+CND+ 0x7f7b20c89722: not taken
+CND+ 0x7f7b20c89748: not taken
+CND+ 0x7f7b20c8974c: not taken
+CND+ 0x7f7b20c8975f: not taken
+CND+ 0x7f7b20c897a4: not taken
+CND+ 0x7f7b20c898f3: both
+CND+ 0x7f7b20c8990f: both
+CND+ 0x7f7b20c89911: not taken
+CND+ 0x7f7b20c8991a: taken
+CND+ 0x7f7b20c89a92: not taken
+CND+ 0x7f7b20c89aba: not taken
+CND+ 0x7f7b20c89ad5: both
+CND+ 0x7f7b20c89ade: taken
+CND+ 0x7f7b20c89af7: not taken
+CND+ 0x7f7b20c89b01: not taken
+CND+ 0x7f7b20c89b05: not taken
+CND+ 0x7f7b20c89b19: taken
+CND+ 0x7f7b20c89c50: not taken
+CND+ 0x7f7b20c89c62: taken
+CND+ 0x7f7b20c89db1: not taken
+CND+ 0x7f7b20c89dea: both
+CND+ 0x7f7b20c89e13: not taken
+CND+ 0x7f7b20c89e20: taken
+CND+ 0x7f7b20c89e2d: not taken
+CND+ 0x7f7b20c89e43: not taken
+CND+ 0x7f7b20c89e4f: both
+CND+ 0x7f7b20c89e58: not taken
+CND+ 0x7f7b20c89e72: taken
+CND+ 0x7f7b20c89ee7: taken
+CND+ 0x7f7b20c8a75d: both
+CND+ 0x7f7b20c8a76f: not taken
+CND+ 0x7f7b20c8a782: both
+CND+ 0x7f7b20c8a787: both
+CND+ 0x7f7b20c8a795: both
+CND+ 0x7f7b20c8a8b1: not taken
+CND+ 0x7f7b20c8a8dc: not taken
+CND+ 0x7f7b20c8a8ea: not taken
+CND+ 0x7f7b20c8a8ec: both
+CND+ 0x7f7b20c8a8f5: not taken
+CND+ 0x7f7b20c8a8fb: taken
+CND+ 0x7f7b20c8a943: not taken
+CND+ 0x7f7b20c8a94c: taken
+CND+ 0x7f7b20c8a983: not taken
+CND+ 0x7f7b20c8a989: both
+CND+ 0x7f7b20c8a990: not taken
+CND+ 0x7f7b20c8a9ab: taken
+CND+ 0x7f7b20c8aa0b: taken
+CND+ 0x7f7b20c8ab10: both
+CND+ 0x7f7b20c8ab1c: not taken
+CND+ 0x7f7b20c8ab21: both
+CND+ 0x7f7b20c8ab2f: not taken
+CND+ 0x7f7b20c8ab37: both
+CND+ 0x7f7b20c8ab44: both
+CND+ 0x7f7b20c8ab5e: taken
+CND+ 0x7f7b20c8ab92: both
+CND+ 0x7f7b20c8ab9b: taken
+CND+ 0x7f7b20c8abfb: taken
+CND+ 0x7f7b20c8ad68: both
+CND+ 0x7f7b20c8ad71: taken
+CND+ 0x7f7b20c8ad8b: not taken
+CND+ 0x7f7b20c8ada3: taken
+CND+ 0x7f7b20c8addd: taken
+CND+ 0x7f7b20c8ae02: not taken
+CND+ 0x7f7b20c8ae0b: taken
+CND+ 0x7f7b20c8ae2f: not taken
+CND+ 0x7f7b20c8ae35: taken
+CND+ 0x7f7b20c8ae4f: not taken
+CND+ 0x7f7b20c8ae58: both
+CND+ 0x7f7b20c8af7d: not taken
+CND+ 0x7f7b20c8b02c: not taken
+CND+ 0x7f7b20c8b0c7: not taken
+CND+ 0x7f7b20c8b0d0: both
+CND+ 0x7f7b20c8b0d9: not taken
+CND+ 0x7f7b20c8b5a7: both
+CND+ 0x7f7b20c8b5ed: not taken
+CND+ 0x7f7b20c8b5f2: taken
+CND+ 0x7f7b20c8b682: not taken
+CND+ 0x7f7b20c8b6a1: not taken
+CND+ 0x7f7b20c8b7bb: not taken
+CND+ 0x7f7b20c8b835: not taken
+CND+ 0x7f7b20c8b870: not taken
+CND+ 0x7f7b20c8b88e: not taken
+CND+ 0x7f7b20c8b89e: not taken
+CND+ 0x7f7b20c8b9ca: both
+CND+ 0x7f7b20c8b9ea: taken
+CND+ 0x7f7b20c8b9f6: taken
+CND+ 0x7f7b20c8ba15: taken
+CND+ 0x7f7b20c8ba38: not taken
+CND+ 0x7f7b20c8ba48: taken
+CND+ 0x7f7b20c8babb: not taken
+CND+ 0x7f7b20c8c14f: not taken
+CND+ 0x7f7b20c8c16f: not taken
+CND+ 0x7f7b20c8c17e: taken
+CND+ 0x7f7b20c8ca5f: taken
+CND+ 0x7f7b20c8cb46: not taken
+CND+ 0x7f7b20c8cb50: taken
+CND+ 0x7f7b20c8cb69: taken
+CND+ 0x7f7b20c8cb93: taken
+CND+ 0x7f7b20c8cd2b: taken
+CND+ 0x7f7b20c8ce50: not taken
+CND+ 0x7f7b20c8d227: taken
+CND+ 0x7f7b20c8d25f: not taken
+CND+ 0x7f7b20c8d278: taken
+CND+ 0x7f7b20c8d2b9: not taken
+CND+ 0x7f7b20c8d2d7: taken
+CND+ 0x7f7b20c8d30b: taken
+CND+ 0x7f7b20c8d383: taken
+CND+ 0x7f7b20c8d3e2: taken
+CND+ 0x7f7b20c8d456: taken
+CND+ 0x7f7b20c8d488: both
+CND+ 0x7f7b20c8d48c: not taken
+CND+ 0x7f7b20c8d493: not taken
+CND+ 0x7f7b20c8d498: both
+CND+ 0x7f7b20c8d4e0: not taken
+CND+ 0x7f7b20c8d512: not taken
+CND+ 0x7f7b20c8d519: taken
+CND+ 0x7f7b20c8d548: not taken
+CND+ 0x7f7b20c8d54d: not taken
+CND+ 0x7f7b20c8d5c9: not taken
+CND+ 0x7f7b20c8d5d7: taken
+CND+ 0x7f7b20c8d6f8: taken
+CND+ 0x7f7b20c8d7b9: not taken
+CND+ 0x7f7b20c8d830: not taken
+CND+ 0x7f7b20c8d846: taken
+CND+ 0x7f7b20c8d86e: not taken
+CND+ 0x7f7b20c8db09: not taken
+CND+ 0x7f7b20c8db13: not taken
+CND+ 0x7f7b20c8dc18: taken
+CND+ 0x7f7b20c8dc9d: not taken
+CND+ 0x7f7b20c8ddfa: taken
+CND+ 0x7f7b20c8f946: both
+CND+ 0x7f7b20c8f963: both
+CND+ 0x7f7b20c8f968: not taken
+CND+ 0x7f7b20c8f96e: not taken
+CND+ 0x7f7b20c8f986: not taken
+CND+ 0x7f7b20c8f98b: both
+CND+ 0x7f7b20c8f99a: both
+CND+ 0x7f7b20c8f99f: both
+CND+ 0x7f7b20c8f9ac: both
+CND+ 0x7f7b20c8f9b7: both
+CND+ 0x7f7b20c8f9c4: not taken
+CND+ 0x7f7b20c8fa10: not taken
+CND+ 0x7f7b20c8fa15: taken
+CND+ 0x7f7b20c8fa2e: both
+CND+ 0x7f7b20c8fa32: both
+CND+ 0x7f7b20c8fa5c: both
+CND+ 0x7f7b20c8fadd: not taken
+CND+ 0x7f7b20c8fae2: not taken
+CND+ 0x7f7b20c8fafe: not taken
+CND+ 0x7f7b20c8fb02: both
+CND+ 0x7f7b20c8fb48: both
+CND+ 0x7f7b20c8fb52: not taken
+CND+ 0x7f7b20c8fb5c: not taken
+CND+ 0x7f7b20c8fb65: both
+CND+ 0x7f7b20c8fb6b: taken
+CND+ 0x7f7b20c8fb75: not taken
+CND+ 0x7f7b20c8fb95: not taken
+CND+ 0x7f7b20c8fba2: not taken
+CND+ 0x7f7b20c8fbc4: not taken
+CND+ 0x7f7b20c8fbce: not taken
+CND+ 0x7f7b20c8fbf6: taken
+CND+ 0x7f7b20c8fc24: taken
+CND+ 0x7f7b20c8fce1: not taken
+CND+ 0x7f7b20c8fcea: not taken
+CND+ 0x7f7b20c8fcf3: not taken
+CND+ 0x7f7b20c8fd25: not taken
+CND+ 0x7f7b20c8fd53: not taken
+CND+ 0x7f7b20c8fd5d: not taken
+CND+ 0x7f7b20c8feb5: not taken
+CND+ 0x7f7b20c8feba: not taken
+CND+ 0x7f7b20c8fed8: both
+CND+ 0x7f7b20c8fedc: taken
+CND+ 0x7f7b20c8ff0f: not taken
+CND+ 0x7f7b20c8ff15: not taken
+CND+ 0x7f7b20c9046f: not taken
+CND+ 0x7f7b20c9053d: not taken
+CND+ 0x7f7b20c90547: not taken
+CND+ 0x7f7b20c90605: not taken
+CND+ 0x7f7b20c9060f: not taken
+CND+ 0x7f7b20c90647: not taken
+CND+ 0x7f7b20c9065e: not taken
+CND+ 0x7f7b20c907bd: taken
+CND+ 0x7f7b20c907d2: taken
+CND+ 0x7f7b20c907df: not taken
+CND+ 0x7f7b20c907e4: both
+CND+ 0x7f7b20c907fa: taken
+CND+ 0x7f7b20c90856: not taken
+CND+ 0x7f7b20c9085b: taken
+CND+ 0x7f7b20c9087a: not taken
+CND+ 0x7f7b20c9089a: not taken
+CND+ 0x7f7b20c908b7: not taken
+CND+ 0x7f7b20c908c5: not taken
+CND+ 0x7f7b20c908d4: taken
+CND+ 0x7f7b20c90df1: not taken
+CND+ 0x7f7b20c90e0c: not taken
@0x7f7b20c7f0d0 to 0x7f7b2476ba20 7
@0x7f7b20c7f0f0 to 0x7f7b2488f800 4
@0x7f7b20c7f130 to 0x7f7b247fb1e0 1
@0x7f7b20c7f140 to 0x7f7b2476fc10 1
@0x7f7b20c7f150 to 0x7f7b2481d800 4
@0x7f7b20c7f160 to 0x7f7b247fa230 1
@0x7f7b20c7f190 to 0x7f7b2488fbc0 8
@0x7f7b20c7f1c0 to 0x7f7b247fb200 1
@0x7f7b20c7f1e0 to 0x7f7b2488f5d0 1
@0x7f7b20c7f220 to 0x7f7b247fb210 2
@0x7f7b20c7f230 to 0x7f7b2481eb10 1
@0x7f7b20c8116e to 0x7f7b20c811c0 1
@0x7f7b20c7f280 to 0x7f7b2488ad10 11
@0x7f7b20c7f2a0 to 0x7f7b2476b450 4
@0x7f7b20c811ac to 0x7f7b20c81e90 1
@0x7f7b20c7f2d0 to 0x7f7b2488b100 9
@0x7f7b20c7f320 to 0x7f7b2476c0f0 4
@0x7f7b20c7f330 to 0x7f7b24890100 6
@0x7f7b20c7f350 to 0x7f7b247fb220 1
@0x7f7b20c7f370 to 0x7f7b2481d800 2
@0x7f7b20c7f390 to 0x7f7b247b83e0 23
@0x7f7b20c7f3b0 to 0x7f7b247fb230 1
@0x7f7b20c7f3c0 to 0x7f7b2488ae90 22
@0x7f7b20c7f3e0 to 0x7f7b2483bba0 1
@0x7f7b20c7f410 to 0x7f7b247b8c80 1
@0x7f7b20c7f460 to 0x7f7b248900e0 13
@0x7f7b20c7f510 to 0x7f7b247fb1f0 1
@0x7f7b20c7f560 to 0x7f7b247fa4e0 1
@0x7f7b20c7f570 to 0x7f7b24764580 191
@0x7f7b20c8af91 to 0x7f7b20c8b075 1
@0x7f7b20c7f784 to 0x7f7b24757fb0 1
@0x7f7b20c90e01 to 0x7f7b20c7f840 1
@0x7f7b20c8d55f to 0x7f7b20c8d580 1
@0x7f7b20c8d55f to 0x7f7b20c8d5c0 1
@0x7f7b20c8d55f to 0x7f7b20c8d5a8 2
@0x7f7b20c8b8af to 0x7f7b20c8ba01 180
@0x7f7b20c8b8af to 0x7f7b20c8b9f0 10
@0x7f7b20c8b8af to 0x7f7b20c8ba28 1
@0x7f7b20c8fc19 to 0x7f7b20c837d0 1
@0x7f7b20c8fc19 to 0x7f7b20c8a120 1
@0x7f7b20c7f050 to 0x7f7b247b8a30 4
@0x7f7b20c7f080 to 0x7f7b24758330 2
@0x7f7b20c7f090 to 0x7f7b247fa710 1
@0x7f7b20c7f0a0 to 0x7f7b247d0e70 5
